<?xml version="1.0" encoding="UTF-8"?>
<testsuite xmlns:xsi="http://www.w3.org/2001/XMLSchema-instance" xsi:noNamespaceSchemaLocation="https://maven.apache.org/surefire/maven-surefire-plugin/xsd/surefire-test-report-3.0.xsd" version="3.0" name="org.apache.hadoop.fs.ozone.TestRootedOzoneFileSystem" time="413.044" tests="165" errors="0" skipped="14" failures="1">
  <properties>
    <property name="awt.toolkit" value="sun.awt.X11.XToolkit"/>
    <property name="file.encoding.pkg" value="sun.io"/>
    <property name="java.specification.version" value="1.8"/>
    <property name="sun.cpu.isalist" value=""/>
    <property name="sun.jnu.encoding" value="UTF-8"/>
    <property name="java.class.path" value="/home/runner/work/ozone/ozone/hadoop-ozone/integration-test/target/test-classes:/home/runner/work/ozone/ozone/hadoop-ozone/integration-test/target/classes:/home/runner/.m2/repository/org/apache/ozone/ozone-common/1.3.0-SNAPSHOT/ozone-common-1.3.0-SNAPSHOT.jar:/home/runner/.m2/repository/io/grpc/grpc-netty/1.44.0/grpc-netty-1.44.0.jar:/home/runner/.m2/repository/io/grpc/grpc-core/1.44.0/grpc-core-1.44.0.jar:/home/runner/.m2/repository/com/google/android/annotations/4.1.1.4/annotations-4.1.1.4.jar:/home/runner/.m2/repository/org/codehaus/mojo/animal-sniffer-annotations/1.19/animal-sniffer-annotations-1.19.jar:/home/runner/.m2/repository/com/google/errorprone/error_prone_annotations/2.2.0/error_prone_annotations-2.2.0.jar:/home/runner/.m2/repository/io/perfmark/perfmark-api/0.23.0/perfmark-api-0.23.0.jar:/home/runner/.m2/repository/io/netty/netty-codec-http2/4.1.74.Final/netty-codec-http2-4.1.74.Final.jar:/home/runner/.m2/repository/io/netty/netty-common/4.1.74.Final/netty-common-4.1.74.Final.jar:/home/runner/.m2/repository/io/netty/netty-buffer/4.1.74.Final/netty-buffer-4.1.74.Final.jar:/home/runner/.m2/repository/io/netty/netty-codec-http/4.1.74.Final/netty-codec-http-4.1.74.Final.jar:/home/runner/.m2/repository/io/netty/netty-handler-proxy/4.1.74.Final/netty-handler-proxy-4.1.74.Final.jar:/home/runner/.m2/repository/io/netty/netty-codec-socks/4.1.74.Final/netty-codec-socks-4.1.74.Final.jar:/home/runner/.m2/repository/io/netty/netty-tcnative-boringssl-static/2.0.48.Final/netty-tcnative-boringssl-static-2.0.48.Final.jar:/home/runner/.m2/repository/io/netty/netty-tcnative-classes/2.0.48.Final/netty-tcnative-classes-2.0.48.Final.jar:/home/runner/.m2/repository/io/netty/netty-tcnative/2.0.48.Final/netty-tcnative-2.0.48.Final.jar:/home/runner/.m2/repository/org/apache/commons/commons-compress/1.21/commons-compress-1.21.jar:/home/runner/.m2/repository/org/apache/ozone/hdds-common/1.3.0-SNAPSHOT/hdds-common-1.3.0-SNAPSHOT.jar:/home/runner/.m2/repository/org/apache/ozone/hdds-client/1.3.0-SNAPSHOT/hdds-client-1.3.0-SNAPSHOT.jar:/home/runner/.m2/repository/org/apache/ozone/ozone-interface-client/1.3.0-SNAPSHOT/ozone-interface-client-1.3.0-SNAPSHOT.jar:/home/runner/.m2/repository/org/apache/ozone/hdds-test-utils/1.3.0-SNAPSHOT/hdds-test-utils-1.3.0-SNAPSHOT.jar:/home/runner/.m2/repository/com/google/guava/guava/31.1-jre/guava-31.1-jre.jar:/home/runner/.m2/repository/com/google/guava/failureaccess/1.0.1/failureaccess-1.0.1.jar:/home/runner/.m2/repository/com/google/guava/listenablefuture/9999.0-empty-to-avoid-conflict-with-guava/listenablefuture-9999.0-empty-to-avoid-conflict-with-guava.jar:/home/runner/.m2/repository/com/google/code/findbugs/jsr305/3.0.0/jsr305-3.0.0.jar:/home/runner/.m2/repository/org/checkerframework/checker-qual/3.12.0/checker-qual-3.12.0.jar:/home/runner/.m2/repository/com/google/j2objc/j2objc-annotations/1.3/j2objc-annotations-1.3.jar:/home/runner/.m2/repository/commons-io/commons-io/2.11.0/commons-io-2.11.0.jar:/home/runner/.m2/repository/commons-logging/commons-logging/1.2/commons-logging-1.2.jar:/home/runner/.m2/repository/log4j/log4j/1.2.17/log4j-1.2.17.jar:/home/runner/.m2/repository/org/slf4j/slf4j-api/1.7.30/slf4j-api-1.7.30.jar:/home/runner/.m2/repository/org/apache/ozone/hdds-server-scm/1.3.0-SNAPSHOT/hdds-server-scm-1.3.0-SNAPSHOT.jar:/home/runner/.m2/repository/org/apache/ozone/hdds-container-service/1.3.0-SNAPSHOT/hdds-container-service-1.3.0-SNAPSHOT.jar:/home/runner/.m2/repository/org/apache/ozone/hdds-hadoop-dependency-server/1.3.0-SNAPSHOT/hdds-hadoop-dependency-server-1.3.0-SNAPSHOT.jar:/home/runner/.m2/repository/org/apache/hadoop/hadoop-hdfs/3.3.1/hadoop-hdfs-3.3.1.jar:/home/runner/.m2/repository/org/apache/ozone/hdds-server-framework/1.3.0-SNAPSHOT/hdds-server-framework-1.3.0-SNAPSHOT.jar:/home/runner/.m2/repository/org/apache/ozone/hdds-interface-server/1.3.0-SNAPSHOT/hdds-interface-server-1.3.0-SNAPSHOT.jar:/home/runner/.m2/repository/org/apache/logging/log4j/log4j-core/2.17.1/log4j-core-2.17.1.jar:/home/runner/.m2/repository/com/lmax/disruptor/3.4.2/disruptor-3.4.2.jar:/home/runner/.m2/repository/org/eclipse/jetty/jetty-servlet/9.4.43.v20210629/jetty-servlet-9.4.43.v20210629.jar:/home/runner/.m2/repository/org/eclipse/jetty/jetty-security/9.4.43.v20210629/jetty-security-9.4.43.v20210629.jar:/home/runner/.m2/repository/org/rocksdb/rocksdbjni/6.29.5/rocksdbjni-6.29.5.jar:/home/runner/.m2/repository/io/prometheus/simpleclient_dropwizard/0.7.0/simpleclient_dropwizard-0.7.0.jar:/home/runner/.m2/repository/io/prometheus/simpleclient/0.7.0/simpleclient-0.7.0.jar:/home/runner/.m2/repository/io/prometheus/simpleclient_common/0.7.0/simpleclient_common-0.7.0.jar:/home/runner/.m2/repository/io/dropwizard/metrics/metrics-core/3.2.4/metrics-core-3.2.4.jar:/home/runner/.m2/repository/org/apache/hadoop/hadoop-hdfs-client/3.3.1/hadoop-hdfs-client-3.3.1.jar:/home/runner/.m2/repository/org/bouncycastle/bcprov-jdk15on/1.67/bcprov-jdk15on-1.67.jar:/home/runner/.m2/repository/com/google/protobuf/protobuf-java/2.5.0/protobuf-java-2.5.0.jar:/home/runner/.m2/repository/org/apache/ozone/ozone-manager/1.3.0-SNAPSHOT/ozone-manager-1.3.0-SNAPSHOT.jar:/home/runner/.m2/repository/org/aspectj/aspectjrt/1.9.7/aspectjrt-1.9.7.jar:/home/runner/.m2/repository/org/aspectj/aspectjweaver/1.9.7/aspectjweaver-1.9.7.jar:/home/runner/.m2/repository/org/apache/ozone/hdds-interface-client/1.3.0-SNAPSHOT/hdds-interface-client-1.3.0-SNAPSHOT.jar:/home/runner/.m2/repository/org/apache/hadoop/thirdparty/hadoop-shaded-protobuf_3_7/1.1.1/hadoop-shaded-protobuf_3_7-1.1.1.jar:/home/runner/.m2/repository/org/apache/ozone/ozone-interface-storage/1.3.0-SNAPSHOT/ozone-interface-storage-1.3.0-SNAPSHOT.jar:/home/runner/.m2/repository/org/reflections/reflections/0.9.11/reflections-0.9.11.jar:/home/runner/.m2/repository/com/sun/jersey/jersey-client/1.19/jersey-client-1.19.jar:/home/runner/.m2/repository/org/apache/ranger/ranger-intg/3.0.0-SNAPSHOT/ranger-intg-3.0.0-SNAPSHOT.jar:/home/runner/.m2/repository/org/apache/ranger/ranger-plugins-common/3.0.0-SNAPSHOT/ranger-plugins-common-3.0.0-SNAPSHOT.jar:/home/runner/.m2/repository/commons-lang/commons-lang/2.6/commons-lang-2.6.jar:/home/runner/.m2/repository/org/codehaus/jackson/jackson-jaxrs/1.9.13/jackson-jaxrs-1.9.13.jar:/home/runner/.m2/repository/org/apache/ranger/ranger-plugins-cred/3.0.0-SNAPSHOT/ranger-plugins-cred-3.0.0-SNAPSHOT.jar:/home/runner/.m2/repository/org/apache/ranger/ranger-plugins-audit/3.0.0-SNAPSHOT/ranger-plugins-audit-3.0.0-SNAPSHOT.jar:/home/runner/.m2/repository/org/apache/kafka/kafka-clients/2.8.1/kafka-clients-2.8.1.jar:/home/runner/.m2/repository/com/github/luben/zstd-jni/1.4.9-1/zstd-jni-1.4.9-1.jar:/home/runner/.m2/repository/org/apache/solr/solr-solrj/8.6.3/solr-solrj-8.6.3.jar:/home/runner/.m2/repository/org/eclipse/jetty/jetty-client/9.4.44.v20210927/jetty-client-9.4.44.v20210927.jar:/home/runner/.m2/repository/org/apache/httpcomponents/httpmime/4.5.13/httpmime-4.5.13.jar:/home/runner/.m2/repository/org/apache/httpcomponents/httpcore-nio/4.4.14/httpcore-nio-4.4.14.jar:/home/runner/.m2/repository/org/apache/httpcomponents/httpasyncclient/4.1.4/httpasyncclient-4.1.4.jar:/home/runner/.m2/repository/com/carrotsearch/hppc/0.8.0/hppc-0.8.0.jar:/home/runner/.m2/repository/org/apache/hive/hive-storage-api/2.7.2/hive-storage-api-2.7.2.jar:/home/runner/.m2/repository/org/apache/orc/orc-core/1.5.8/orc-core-1.5.8.jar:/home/runner/.m2/repository/com/amazonaws/aws-java-sdk-bundle/1.12.125/aws-java-sdk-bundle-1.12.125.jar:/home/runner/.m2/repository/net/java/dev/jna/jna/5.2.0/jna-5.2.0.jar:/home/runner/.m2/repository/net/java/dev/jna/jna-platform/5.2.0/jna-platform-5.2.0.jar:/home/runner/.m2/repository/com/kstruct/gethostname4j/0.0.2/gethostname4j-0.0.2.jar:/home/runner/.m2/repository/org/apache/ranger/ranger-plugin-classloader/3.0.0-SNAPSHOT/ranger-plugin-classloader-3.0.0-SNAPSHOT.jar:/home/runner/.m2/repository/org/apache/hadoop/hadoop-minikdc/3.3.1/hadoop-minikdc-3.3.1.jar:/home/runner/.m2/repository/org/apache/kerby/kerb-simplekdc/1.0.1/kerb-simplekdc-1.0.1.jar:/home/runner/.m2/repository/org/apache/kerby/kerb-client/1.0.1/kerb-client-1.0.1.jar:/home/runner/.m2/repository/org/apache/kerby/kerby-config/1.0.1/kerby-config-1.0.1.jar:/home/runner/.m2/repository/org/apache/kerby/kerb-common/1.0.1/kerb-common-1.0.1.jar:/home/runner/.m2/repository/org/apache/kerby/kerb-crypto/1.0.1/kerb-crypto-1.0.1.jar:/home/runner/.m2/repository/org/apache/kerby/kerb-util/1.0.1/kerb-util-1.0.1.jar:/home/runner/.m2/repository/org/apache/kerby/token-provider/1.0.1/token-provider-1.0.1.jar:/home/runner/.m2/repository/org/apache/kerby/kerb-admin/1.0.1/kerb-admin-1.0.1.jar:/home/runner/.m2/repository/org/apache/kerby/kerb-server/1.0.1/kerb-server-1.0.1.jar:/home/runner/.m2/repository/org/apache/kerby/kerb-identity/1.0.1/kerb-identity-1.0.1.jar:/home/runner/.m2/repository/org/apache/kerby/kerby-xdr/1.0.1/kerby-xdr-1.0.1.jar:/home/runner/.m2/repository/org/slf4j/slf4j-log4j12/1.7.30/slf4j-log4j12-1.7.30.jar:/home/runner/.m2/repository/org/apache/ozone/ozone-s3gateway/1.3.0-SNAPSHOT/ozone-s3gateway-1.3.0-SNAPSHOT.jar:/home/runner/.m2/repository/org/javassist/javassist/3.21.0-GA/javassist-3.21.0-GA.jar:/home/runner/.m2/repository/org/jboss/weld/servlet/weld-servlet/2.4.7.Final/weld-servlet-2.4.7.Final.jar:/home/runner/.m2/repository/org/glassfish/jersey/containers/jersey-container-servlet-core/2.33/jersey-container-servlet-core-2.33.jar:/home/runner/.m2/repository/org/glassfish/hk2/external/jakarta.inject/2.6.1/jakarta.inject-2.6.1.jar:/home/runner/.m2/repository/org/glassfish/jersey/core/jersey-common/2.33/jersey-common-2.33.jar:/home/runner/.m2/repository/jakarta/ws/rs/jakarta.ws.rs-api/2.1.6/jakarta.ws.rs-api-2.1.6.jar:/home/runner/.m2/repository/org/glassfish/jersey/ext/cdi/jersey-cdi1x/2.33/jersey-cdi1x-2.33.jar:/home/runner/.m2/repository/org/glassfish/jersey/inject/jersey-hk2/2.33/jersey-hk2-2.33.jar:/home/runner/.m2/repository/org/glassfish/hk2/hk2-locator/2.6.1/hk2-locator-2.6.1.jar:/home/runner/.m2/repository/org/glassfish/jersey/media/jersey-media-jaxb/2.33/jersey-media-jaxb-2.33.jar:/home/runner/.m2/repository/org/glassfish/hk2/osgi-resource-locator/1.0.3/osgi-resource-locator-1.0.3.jar:/home/runner/.m2/repository/org/glassfish/hk2/hk2-api/2.5.0/hk2-api-2.5.0.jar:/home/runner/.m2/repository/org/glassfish/hk2/hk2-utils/2.5.0/hk2-utils-2.5.0.jar:/home/runner/.m2/repository/org/glassfish/hk2/external/aopalliance-repackaged/2.5.0/aopalliance-repackaged-2.5.0.jar:/home/runner/.m2/repository/com/fasterxml/jackson/dataformat/jackson-dataformat-xml/2.13.2/jackson-dataformat-xml-2.13.2.jar:/home/runner/.m2/repository/com/fasterxml/jackson/core/jackson-core/2.13.2/jackson-core-2.13.2.jar:/home/runner/.m2/repository/org/codehaus/woodstox/stax2-api/3.1.4/stax2-api-3.1.4.jar:/home/runner/.m2/repository/com/fasterxml/woodstox/woodstox-core/5.0.3/woodstox-core-5.0.3.jar:/home/runner/.m2/repository/com/fasterxml/jackson/module/jackson-module-jaxb-annotations/2.13.2/jackson-module-jaxb-annotations-2.13.2.jar:/home/runner/.m2/repository/jakarta/xml/bind/jakarta.xml.bind-api/2.3.3/jakarta.xml.bind-api-2.3.3.jar:/home/runner/.m2/repository/jakarta/activation/jakarta.activation-api/1.2.1/jakarta.activation-api-1.2.1.jar:/home/runner/.m2/repository/javax/enterprise/cdi-api/1.2/cdi-api-1.2.jar:/home/runner/.m2/repository/javax/el/javax.el-api/3.0.0/javax.el-api-3.0.0.jar:/home/runner/.m2/repository/javax/interceptor/javax.interceptor-api/1.2/javax.interceptor-api-1.2.jar:/home/runner/.m2/repository/javax/inject/javax.inject/1/javax.inject-1.jar:/home/runner/.m2/repository/javax/xml/bind/jaxb-api/2.3.0/jaxb-api-2.3.0.jar:/home/runner/.m2/repository/org/glassfish/jaxb/jaxb-runtime/2.3.0.1/jaxb-runtime-2.3.0.1.jar:/home/runner/.m2/repository/org/glassfish/jaxb/jaxb-core/2.3.0.1/jaxb-core-2.3.0.1.jar:/home/runner/.m2/repository/org/glassfish/jaxb/txw2/2.3.0.1/txw2-2.3.0.1.jar:/home/runner/.m2/repository/com/sun/istack/istack-commons-runtime/3.0.5/istack-commons-runtime-3.0.5.jar:/home/runner/.m2/repository/org/jvnet/staxex/stax-ex/1.7.8/stax-ex-1.7.8.jar:/home/runner/.m2/repository/com/sun/xml/fastinfoset/FastInfoset/1.2.13/FastInfoset-1.2.13.jar:/home/runner/.m2/repository/javax/activation/activation/1.1.1/activation-1.1.1.jar:/home/runner/.m2/repository/io/grpc/grpc-protobuf/1.44.0/grpc-protobuf-1.44.0.jar:/home/runner/.m2/repository/io/grpc/grpc-api/1.44.0/grpc-api-1.44.0.jar:/home/runner/.m2/repository/io/grpc/grpc-context/1.44.0/grpc-context-1.44.0.jar:/home/runner/.m2/repository/com/google/api/grpc/proto-google-common-protos/2.0.1/proto-google-common-protos-2.0.1.jar:/home/runner/.m2/repository/io/grpc/grpc-protobuf-lite/1.44.0/grpc-protobuf-lite-1.44.0.jar:/home/runner/.m2/repository/io/grpc/grpc-stub/1.44.0/grpc-stub-1.44.0.jar:/home/runner/.m2/repository/io/netty/netty-transport/4.1.74.Final/netty-transport-4.1.74.Final.jar:/home/runner/.m2/repository/io/netty/netty-resolver/4.1.74.Final/netty-resolver-4.1.74.Final.jar:/home/runner/.m2/repository/org/apache/ozone/ozone-csi/1.3.0-SNAPSHOT/ozone-csi-1.3.0-SNAPSHOT.jar:/home/runner/.m2/repository/com/google/protobuf/protobuf-java-util/3.19.2/protobuf-java-util-3.19.2.jar:/home/runner/.m2/repository/com/google/code/gson/gson/2.8.9/gson-2.8.9.jar:/home/runner/.m2/repository/org/apache/ozone/hdds-config/1.3.0-SNAPSHOT/hdds-config-1.3.0-SNAPSHOT.jar:/home/runner/.m2/repository/io/netty/netty-transport-native-epoll/4.1.74.Final/netty-transport-native-epoll-4.1.74.Final-linux-x86_64.jar:/home/runner/.m2/repository/io/netty/netty-transport-classes-epoll/4.1.74.Final/netty-transport-classes-epoll-4.1.74.Final.jar:/home/runner/.m2/repository/io/netty/netty-transport-native-unix-common/4.1.74.Final/netty-transport-native-unix-common-4.1.74.Final.jar:/home/runner/.m2/repository/org/apache/ozone/ozone-recon/1.3.0-SNAPSHOT/ozone-recon-1.3.0-SNAPSHOT.jar:/home/runner/.m2/repository/org/apache/ozone/ozone-reconcodegen/1.3.0-SNAPSHOT/ozone-reconcodegen-1.3.0-SNAPSHOT.jar:/home/runner/.m2/repository/com/google/inject/extensions/guice-multibindings/4.0/guice-multibindings-4.0.jar:/home/runner/.m2/repository/com/google/inject/guice/4.0/guice-4.0.jar:/home/runner/.m2/repository/aopalliance/aopalliance/1.0/aopalliance-1.0.jar:/home/runner/.m2/repository/com/google/inject/extensions/guice-assistedinject/4.0/guice-assistedinject-4.0.jar:/home/runner/.m2/repository/com/google/inject/extensions/guice-servlet/4.0/guice-servlet-4.0.jar:/home/runner/.m2/repository/org/glassfish/jersey/containers/jersey-container-servlet/2.33/jersey-container-servlet-2.33.jar:/home/runner/.m2/repository/org/glassfish/hk2/guice-bridge/2.5.0/guice-bridge-2.5.0.jar:/home/runner/.m2/repository/org/glassfish/jersey/core/jersey-server/2.33/jersey-server-2.33.jar:/home/runner/.m2/repository/org/glassfish/jersey/core/jersey-client/2.33/jersey-client-2.33.jar:/home/runner/.m2/repository/jakarta/annotation/jakarta.annotation-api/1.3.5/jakarta.annotation-api-1.3.5.jar:/home/runner/.m2/repository/jakarta/validation/jakarta.validation-api/2.0.2/jakarta.validation-api-2.0.2.jar:/home/runner/.m2/repository/org/glassfish/jersey/media/jersey-media-json-jackson/2.33/jersey-media-json-jackson-2.33.jar:/home/runner/.m2/repository/org/glassfish/jersey/ext/jersey-entity-filtering/2.33/jersey-entity-filtering-2.33.jar:/home/runner/.m2/repository/org/jooq/jooq/3.11.10/jooq-3.11.10.jar:/home/runner/.m2/repository/org/jooq/jooq-meta/3.11.10/jooq-meta-3.11.10.jar:/home/runner/.m2/repository/org/jooq/jooq-codegen/3.11.10/jooq-codegen-3.11.10.jar:/home/runner/.m2/repository/com/jolbox/bonecp/0.8.0.RELEASE/bonecp-0.8.0.RELEASE.jar:/home/runner/.m2/repository/org/apache/derby/derby/10.14.2.0/derby-10.14.2.0.jar:/home/runner/.m2/repository/org/xerial/sqlite-jdbc/3.25.2/sqlite-jdbc-3.25.2.jar:/home/runner/.m2/repository/org/springframework/spring-jdbc/5.2.20.RELEASE/spring-jdbc-5.2.20.RELEASE.jar:/home/runner/.m2/repository/org/springframework/spring-beans/5.2.20.RELEASE/spring-beans-5.2.20.RELEASE.jar:/home/runner/.m2/repository/org/springframework/spring-core/5.2.20.RELEASE/spring-core-5.2.20.RELEASE.jar:/home/runner/.m2/repository/org/springframework/spring-jcl/5.2.20.RELEASE/spring-jcl-5.2.20.RELEASE.jar:/home/runner/.m2/repository/org/springframework/spring-tx/5.2.20.RELEASE/spring-tx-5.2.20.RELEASE.jar:/home/runner/.m2/repository/org/apache/ozone/ozone-client/1.3.0-SNAPSHOT/ozone-client-1.3.0-SNAPSHOT.jar:/home/runner/.m2/repository/org/apache/ozone/hdds-erasurecode/1.3.0-SNAPSHOT/hdds-erasurecode-1.3.0-SNAPSHOT.jar:/home/runner/.m2/repository/com/github/spotbugs/spotbugs-annotations/3.1.12/spotbugs-annotations-3.1.12.jar:/home/runner/.m2/repository/org/apache/ozone/ozone-filesystem/1.3.0-SNAPSHOT/ozone-filesystem-1.3.0-SNAPSHOT.jar:/home/runner/.m2/repository/org/apache/ozone/ozone-filesystem-common/1.3.0-SNAPSHOT/ozone-filesystem-common-1.3.0-SNAPSHOT.jar:/home/runner/.m2/repository/org/apache/ozone/ozone-tools/1.3.0-SNAPSHOT/ozone-tools-1.3.0-SNAPSHOT.jar:/home/runner/.m2/repository/org/apache/ratis/ratis-tools/2.3.0/ratis-tools-2.3.0.jar:/home/runner/.m2/repository/com/amazonaws/aws-java-sdk-core/1.12.124/aws-java-sdk-core-1.12.124.jar:/home/runner/.m2/repository/org/apache/httpcomponents/httpclient/4.5.13/httpclient-4.5.13.jar:/home/runner/.m2/repository/org/apache/httpcomponents/httpcore/4.4.13/httpcore-4.4.13.jar:/home/runner/.m2/repository/software/amazon/ion/ion-java/1.0.2/ion-java-1.0.2.jar:/home/runner/.m2/repository/com/fasterxml/jackson/dataformat/jackson-dataformat-cbor/2.13.2/jackson-dataformat-cbor-2.13.2.jar:/home/runner/.m2/repository/joda-time/joda-time/2.8.1/joda-time-2.8.1.jar:/home/runner/.m2/repository/com/amazonaws/aws-java-sdk-s3/1.12.124/aws-java-sdk-s3-1.12.124.jar:/home/runner/.m2/repository/com/amazonaws/aws-java-sdk-kms/1.12.124/aws-java-sdk-kms-1.12.124.jar:/home/runner/.m2/repository/com/amazonaws/jmespath-java/1.12.124/jmespath-java-1.12.124.jar:/home/runner/.m2/repository/org/kohsuke/metainf-services/metainf-services/1.8/metainf-services-1.8.jar:/home/runner/.m2/repository/org/apache/ozone/hdds-tools/1.3.0-SNAPSHOT/hdds-tools-1.3.0-SNAPSHOT.jar:/home/runner/.m2/repository/commons-cli/commons-cli/1.2/commons-cli-1.2.jar:/home/runner/.m2/repository/org/apache/commons/commons-lang3/3.7/commons-lang3-3.7.jar:/home/runner/.m2/repository/org/apache/ozone/ozone-manager/1.3.0-SNAPSHOT/ozone-manager-1.3.0-SNAPSHOT-tests.jar:/home/runner/.m2/repository/org/apache/ozone/hdds-common/1.3.0-SNAPSHOT/hdds-common-1.3.0-SNAPSHOT-tests.jar:/home/runner/.m2/repository/org/apache/ozone/hdds-hadoop-dependency-client/1.3.0-SNAPSHOT/hdds-hadoop-dependency-client-1.3.0-SNAPSHOT.jar:/home/runner/.m2/repository/info/picocli/picocli/4.6.1/picocli-4.6.1.jar:/home/runner/.m2/repository/com/fasterxml/jackson/core/jackson-annotations/2.13.2/jackson-annotations-2.13.2.jar:/home/runner/.m2/repository/com/fasterxml/jackson/datatype/jackson-datatype-jsr310/2.13.2/jackson-datatype-jsr310-2.13.2.jar:/home/runner/.m2/repository/javax/annotation/javax.annotation-api/1.2/javax.annotation-api-1.2.jar:/home/runner/.m2/repository/org/apache/ratis/ratis-server/2.3.0/ratis-server-2.3.0.jar:/home/runner/.m2/repository/org/apache/ratis/ratis-client/2.3.0/ratis-client-2.3.0.jar:/home/runner/.m2/repository/org/apache/ratis/ratis-server-api/2.3.0/ratis-server-api-2.3.0.jar:/home/runner/.m2/repository/org/apache/ratis/ratis-metrics/2.3.0/ratis-metrics-2.3.0.jar:/home/runner/.m2/repository/org/apache/ratis/ratis-netty/2.3.0/ratis-netty-2.3.0.jar:/home/runner/.m2/repository/org/apache/ratis/ratis-grpc/2.3.0/ratis-grpc-2.3.0.jar:/home/runner/.m2/repository/org/apache/logging/log4j/log4j-api/2.17.1/log4j-api-2.17.1.jar:/home/runner/.m2/repository/org/apache/commons/commons-pool2/2.6.0/commons-pool2-2.6.0.jar:/home/runner/.m2/repository/org/bouncycastle/bcpkix-jdk15on/1.67/bcpkix-jdk15on-1.67.jar:/home/runner/.m2/repository/commons-validator/commons-validator/1.6/commons-validator-1.6.jar:/home/runner/.m2/repository/commons-beanutils/commons-beanutils/1.9.4/commons-beanutils-1.9.4.jar:/home/runner/.m2/repository/commons-digester/commons-digester/1.8.1/commons-digester-1.8.1.jar:/home/runner/.m2/repository/commons-collections/commons-collections/3.2.2/commons-collections-3.2.2.jar:/home/runner/.m2/repository/io/jaegertracing/jaeger-client/1.6.0/jaeger-client-1.6.0.jar:/home/runner/.m2/repository/io/jaegertracing/jaeger-thrift/1.6.0/jaeger-thrift-1.6.0.jar:/home/runner/.m2/repository/org/apache/thrift/libthrift/0.14.1/libthrift-0.14.1.jar:/home/runner/.m2/repository/com/squareup/okhttp3/okhttp/4.9.0/okhttp-4.9.0.jar:/home/runner/.m2/repository/com/squareup/okio/okio/2.8.0/okio-2.8.0.jar:/home/runner/.m2/repository/io/jaegertracing/jaeger-core/1.6.0/jaeger-core-1.6.0.jar:/home/runner/.m2/repository/io/jaegertracing/jaeger-tracerresolver/1.6.0/jaeger-tracerresolver-1.6.0.jar:/home/runner/.m2/repository/io/opentracing/contrib/opentracing-tracerresolver/0.1.8/opentracing-tracerresolver-0.1.8.jar:/home/runner/.m2/repository/org/jetbrains/kotlin/kotlin-stdlib/1.6.21/kotlin-stdlib-1.6.21.jar:/home/runner/.m2/repository/org/jetbrains/kotlin/kotlin-stdlib-common/1.6.21/kotlin-stdlib-common-1.6.21.jar:/home/runner/.m2/repository/org/jetbrains/annotations/13.0/annotations-13.0.jar:/home/runner/.m2/repository/io/opentracing/opentracing-util/0.33.0/opentracing-util-0.33.0.jar:/home/runner/.m2/repository/io/opentracing/opentracing-api/0.33.0/opentracing-api-0.33.0.jar:/home/runner/.m2/repository/io/opentracing/opentracing-noop/0.33.0/opentracing-noop-0.33.0.jar:/home/runner/.m2/repository/org/yaml/snakeyaml/1.26/snakeyaml-1.26.jar:/home/runner/.m2/repository/org/apache/ozone/hdds-interface-admin/1.3.0-SNAPSHOT/hdds-interface-admin-1.3.0-SNAPSHOT.jar:/home/runner/.m2/repository/junit/junit/4.13.1/junit-4.13.1.jar:/home/runner/.m2/repository/org/hamcrest/hamcrest-core/1.3/hamcrest-core-1.3.jar:/home/runner/.m2/repository/org/junit/jupiter/junit-jupiter-api/5.8.2/junit-jupiter-api-5.8.2.jar:/home/runner/.m2/repository/org/opentest4j/opentest4j/1.2.0/opentest4j-1.2.0.jar:/home/runner/.m2/repository/org/junit/platform/junit-platform-commons/1.8.2/junit-platform-commons-1.8.2.jar:/home/runner/.m2/repository/org/apiguardian/apiguardian-api/1.1.2/apiguardian-api-1.1.2.jar:/home/runner/.m2/repository/org/junit/jupiter/junit-jupiter-params/5.8.2/junit-jupiter-params-5.8.2.jar:/home/runner/.m2/repository/org/junit/jupiter/junit-jupiter-migrationsupport/5.8.2/junit-jupiter-migrationsupport-5.8.2.jar:/home/runner/.m2/repository/org/junit/jupiter/junit-jupiter-engine/5.8.2/junit-jupiter-engine-5.8.2.jar:/home/runner/.m2/repository/org/junit/platform/junit-platform-engine/1.8.2/junit-platform-engine-1.8.2.jar:/home/runner/.m2/repository/org/junit/vintage/junit-vintage-engine/5.8.2/junit-vintage-engine-5.8.2.jar:/home/runner/.m2/repository/org/junit/platform/junit-platform-launcher/1.8.2/junit-platform-launcher-1.8.2.jar:/home/runner/.m2/repository/org/mockito/mockito-core/2.28.2/mockito-core-2.28.2.jar:/home/runner/.m2/repository/net/bytebuddy/byte-buddy/1.9.10/byte-buddy-1.9.10.jar:/home/runner/.m2/repository/net/bytebuddy/byte-buddy-agent/1.9.10/byte-buddy-agent-1.9.10.jar:/home/runner/.m2/repository/org/objenesis/objenesis/1.0/objenesis-1.0.jar:/home/runner/.m2/repository/org/apache/hadoop/hadoop-kms/3.3.1/hadoop-kms-3.3.1.jar:/home/runner/.m2/repository/org/apache/hadoop/hadoop-auth/3.3.1/hadoop-auth-3.3.1.jar:/home/runner/.m2/repository/com/nimbusds/nimbus-jose-jwt/7.9/nimbus-jose-jwt-7.9.jar:/home/runner/.m2/repository/com/github/stephenc/jcip/jcip-annotations/1.0-1/jcip-annotations-1.0-1.jar:/home/runner/.m2/repository/net/minidev/json-smart/2.4.7/json-smart-2.4.7.jar:/home/runner/.m2/repository/net/minidev/accessors-smart/2.4.7/accessors-smart-2.4.7.jar:/home/runner/.m2/repository/org/ow2/asm/asm/5.0.4/asm-5.0.4.jar:/home/runner/.m2/repository/org/apache/zookeeper/zookeeper/3.5.6/zookeeper-3.5.6.jar:/home/runner/.m2/repository/org/apache/zookeeper/zookeeper-jute/3.5.6/zookeeper-jute-3.5.6.jar:/home/runner/.m2/repository/org/apache/yetus/audience-annotations/0.5.0/audience-annotations-0.5.0.jar:/home/runner/.m2/repository/org/apache/curator/curator-framework/4.2.0/curator-framework-4.2.0.jar:/home/runner/.m2/repository/org/apache/hadoop/thirdparty/hadoop-shaded-guava/1.1.1/hadoop-shaded-guava-1.1.1.jar:/home/runner/.m2/repository/com/sun/jersey/jersey-core/1.19/jersey-core-1.19.jar:/home/runner/.m2/repository/javax/ws/rs/jsr311-api/1.1.1/jsr311-api-1.1.1.jar:/home/runner/.m2/repository/com/sun/jersey/jersey-server/1.19/jersey-server-1.19.jar:/home/runner/.m2/repository/javax/servlet/javax.servlet-api/3.1.0/javax.servlet-api-3.1.0.jar:/home/runner/.m2/repository/org/eclipse/jetty/jetty-server/9.4.43.v20210629/jetty-server-9.4.43.v20210629.jar:/home/runner/.m2/repository/org/eclipse/jetty/jetty-http/9.4.43.v20210629/jetty-http-9.4.43.v20210629.jar:/home/runner/.m2/repository/org/eclipse/jetty/jetty-io/9.4.43.v20210629/jetty-io-9.4.43.v20210629.jar:/home/runner/.m2/repository/org/eclipse/jetty/jetty-webapp/9.4.43.v20210629/jetty-webapp-9.4.43.v20210629.jar:/home/runner/.m2/repository/org/eclipse/jetty/jetty-xml/9.4.43.v20210629/jetty-xml-9.4.43.v20210629.jar:/home/runner/.m2/repository/org/apache/hadoop/hadoop-common/3.3.1/hadoop-common-3.3.1.jar:/home/runner/.m2/repository/org/apache/commons/commons-math3/3.1.1/commons-math3-3.1.1.jar:/home/runner/.m2/repository/commons-net/commons-net/3.6/commons-net-3.6.jar:/home/runner/.m2/repository/com/sun/jersey/jersey-servlet/1.19/jersey-servlet-1.19.jar:/home/runner/.m2/repository/com/sun/jersey/jersey-json/1.19/jersey-json-1.19.jar:/home/runner/.m2/repository/org/codehaus/jettison/jettison/1.1/jettison-1.1.jar:/home/runner/.m2/repository/com/sun/xml/bind/jaxb-impl/2.2.3-1/jaxb-impl-2.2.3-1.jar:/home/runner/.m2/repository/org/codehaus/jackson/jackson-xc/1.9.2/jackson-xc-1.9.2.jar:/home/runner/.m2/repository/org/apache/commons/commons-configuration2/2.1.1/commons-configuration2-2.1.1.jar:/home/runner/.m2/repository/org/apache/commons/commons-text/1.4/commons-text-1.4.jar:/home/runner/.m2/repository/com/google/re2j/re2j/1.1/re2j-1.1.jar:/home/runner/.m2/repository/com/jcraft/jsch/0.1.54/jsch-0.1.54.jar:/home/runner/.m2/repository/org/apache/curator/curator-client/4.2.0/curator-client-4.2.0.jar:/home/runner/.m2/repository/org/apache/curator/curator-recipes/4.2.0/curator-recipes-4.2.0.jar:/home/runner/.m2/repository/org/apache/kerby/kerb-core/1.0.1/kerb-core-1.0.1.jar:/home/runner/.m2/repository/org/apache/kerby/kerby-pkix/1.0.1/kerby-pkix-1.0.1.jar:/home/runner/.m2/repository/org/apache/kerby/kerby-asn1/1.0.1/kerby-asn1-1.0.1.jar:/home/runner/.m2/repository/org/apache/kerby/kerby-util/1.0.1/kerby-util-1.0.1.jar:/home/runner/.m2/repository/dnsjava/dnsjava/2.1.7/dnsjava-2.1.7.jar:/home/runner/.m2/repository/org/xerial/snappy/snappy-java/1.1.8.2/snappy-java-1.1.8.2.jar:/home/runner/.m2/repository/org/slf4j/jul-to-slf4j/1.7.30/jul-to-slf4j-1.7.30.jar:/home/runner/.m2/repository/org/eclipse/jetty/jetty-util/9.4.43.v20210629/jetty-util-9.4.43.v20210629.jar:/home/runner/.m2/repository/com/fasterxml/jackson/core/jackson-databind/2.13.2.2/jackson-databind-2.13.2.2.jar:/home/runner/.m2/repository/org/apache/hadoop/hadoop-kms/3.3.1/hadoop-kms-3.3.1-tests.jar:/home/runner/.m2/repository/org/apache/ozone/hdds-server-scm/1.3.0-SNAPSHOT/hdds-server-scm-1.3.0-SNAPSHOT-tests.jar:/home/runner/.m2/repository/org/apache/ozone/hdds-container-service/1.3.0-SNAPSHOT/hdds-container-service-1.3.0-SNAPSHOT-tests.jar:/home/runner/.m2/repository/commons-codec/commons-codec/1.11/commons-codec-1.11.jar:/home/runner/.m2/repository/io/netty/netty-codec/4.1.74.Final/netty-codec-4.1.74.Final.jar:/home/runner/.m2/repository/io/netty/netty-handler/4.1.74.Final/netty-handler-4.1.74.Final.jar:/home/runner/.m2/repository/org/apache/ozone/hdds-hadoop-dependency-test/1.3.0-SNAPSHOT/hdds-hadoop-dependency-test-1.3.0-SNAPSHOT.jar:/home/runner/.m2/repository/org/apache/hadoop/hadoop-common/3.3.1/hadoop-common-3.3.1-tests.jar:/home/runner/.m2/repository/org/assertj/assertj-core/3.12.2/assertj-core-3.12.2.jar:/home/runner/.m2/repository/org/apache/hadoop/hadoop-hdfs/3.3.1/hadoop-hdfs-3.3.1-tests.jar:/home/runner/.m2/repository/org/eclipse/jetty/jetty-util-ajax/9.4.43.v20210629/jetty-util-ajax-9.4.43.v20210629.jar:/home/runner/.m2/repository/commons-daemon/commons-daemon/1.0.13/commons-daemon-1.0.13.jar:/home/runner/.m2/repository/io/netty/netty/3.10.6.Final/netty-3.10.6.Final.jar:/home/runner/.m2/repository/io/netty/netty-all/4.1.74.Final/netty-all-4.1.74.Final.jar:/home/runner/.m2/repository/io/netty/netty-codec-dns/4.1.74.Final/netty-codec-dns-4.1.74.Final.jar:/home/runner/.m2/repository/io/netty/netty-codec-haproxy/4.1.74.Final/netty-codec-haproxy-4.1.74.Final.jar:/home/runner/.m2/repository/io/netty/netty-codec-memcache/4.1.74.Final/netty-codec-memcache-4.1.74.Final.jar:/home/runner/.m2/repository/io/netty/netty-codec-mqtt/4.1.74.Final/netty-codec-mqtt-4.1.74.Final.jar:/home/runner/.m2/repository/io/netty/netty-codec-redis/4.1.74.Final/netty-codec-redis-4.1.74.Final.jar:/home/runner/.m2/repository/io/netty/netty-codec-smtp/4.1.74.Final/netty-codec-smtp-4.1.74.Final.jar:/home/runner/.m2/repository/io/netty/netty-codec-stomp/4.1.74.Final/netty-codec-stomp-4.1.74.Final.jar:/home/runner/.m2/repository/io/netty/netty-codec-xml/4.1.74.Final/netty-codec-xml-4.1.74.Final.jar:/home/runner/.m2/repository/io/netty/netty-resolver-dns/4.1.74.Final/netty-resolver-dns-4.1.74.Final.jar:/home/runner/.m2/repository/io/netty/netty-transport-rxtx/4.1.74.Final/netty-transport-rxtx-4.1.74.Final.jar:/home/runner/.m2/repository/io/netty/netty-transport-sctp/4.1.74.Final/netty-transport-sctp-4.1.74.Final.jar:/home/runner/.m2/repository/io/netty/netty-transport-udt/4.1.74.Final/netty-transport-udt-4.1.74.Final.jar:/home/runner/.m2/repository/io/netty/netty-transport-classes-kqueue/4.1.74.Final/netty-transport-classes-kqueue-4.1.74.Final.jar:/home/runner/.m2/repository/io/netty/netty-resolver-dns-classes-macos/4.1.74.Final/netty-resolver-dns-classes-macos-4.1.74.Final.jar:/home/runner/.m2/repository/io/netty/netty-transport-native-epoll/4.1.74.Final/netty-transport-native-epoll-4.1.74.Final-linux-aarch_64.jar:/home/runner/.m2/repository/io/netty/netty-transport-native-kqueue/4.1.74.Final/netty-transport-native-kqueue-4.1.74.Final-osx-x86_64.jar:/home/runner/.m2/repository/io/netty/netty-transport-native-kqueue/4.1.74.Final/netty-transport-native-kqueue-4.1.74.Final-osx-aarch_64.jar:/home/runner/.m2/repository/io/netty/netty-resolver-dns-native-macos/4.1.74.Final/netty-resolver-dns-native-macos-4.1.74.Final-osx-x86_64.jar:/home/runner/.m2/repository/io/netty/netty-resolver-dns-native-macos/4.1.74.Final/netty-resolver-dns-native-macos-4.1.74.Final-osx-aarch_64.jar:/home/runner/.m2/repository/org/apache/htrace/htrace-core4/4.1.0-incubating/htrace-core4-4.1.0-incubating.jar:/home/runner/.m2/repository/org/fusesource/leveldbjni/leveldbjni-all/1.8/leveldbjni-all-1.8.jar:/home/runner/.m2/repository/org/apache/hadoop/hadoop-distcp/3.3.1/hadoop-distcp-3.3.1.jar:/home/runner/.m2/repository/org/apache/hadoop/hadoop-mapreduce-client-jobclient/3.3.1/hadoop-mapreduce-client-jobclient-3.3.1.jar:/home/runner/.m2/repository/org/apache/hadoop/hadoop-mapreduce-client-common/3.3.1/hadoop-mapreduce-client-common-3.3.1.jar:/home/runner/.m2/repository/org/apache/hadoop/hadoop-yarn-common/3.3.1/hadoop-yarn-common-3.3.1.jar:/home/runner/.m2/repository/org/apache/hadoop/hadoop-yarn-api/3.3.1/hadoop-yarn-api-3.3.1.jar:/home/runner/.m2/repository/com/sun/jersey/contribs/jersey-guice/1.19/jersey-guice-1.19.jar:/home/runner/.m2/repository/com/fasterxml/jackson/jaxrs/jackson-jaxrs-json-provider/2.13.2/jackson-jaxrs-json-provider-2.13.2.jar:/home/runner/.m2/repository/com/fasterxml/jackson/jaxrs/jackson-jaxrs-base/2.13.2/jackson-jaxrs-base-2.13.2.jar:/home/runner/.m2/repository/org/apache/hadoop/hadoop-yarn-client/3.3.1/hadoop-yarn-client-3.3.1.jar:/home/runner/.m2/repository/org/eclipse/jetty/websocket/websocket-client/9.4.40.v20210413/websocket-client-9.4.40.v20210413.jar:/home/runner/.m2/repository/org/eclipse/jetty/websocket/websocket-common/9.4.40.v20210413/websocket-common-9.4.40.v20210413.jar:/home/runner/.m2/repository/org/eclipse/jetty/websocket/websocket-api/9.4.40.v20210413/websocket-api-9.4.40.v20210413.jar:/home/runner/.m2/repository/org/jline/jline/3.9.0/jline-3.9.0.jar:/home/runner/.m2/repository/org/apache/hadoop/hadoop-mapreduce-client-core/3.3.1/hadoop-mapreduce-client-core-3.3.1.jar:/home/runner/.m2/repository/org/apache/avro/avro/1.7.7/avro-1.7.7.jar:/home/runner/.m2/repository/org/codehaus/jackson/jackson-core-asl/1.9.13/jackson-core-asl-1.9.13.jar:/home/runner/.m2/repository/org/codehaus/jackson/jackson-mapper-asl/1.9.13/jackson-mapper-asl-1.9.13.jar:/home/runner/.m2/repository/com/thoughtworks/paranamer/paranamer/2.3/paranamer-2.3.jar:/home/runner/.m2/repository/org/apache/hadoop/hadoop-annotations/3.3.1/hadoop-annotations-3.3.1.jar:/usr/lib/jvm/temurin-8-jdk-amd64/jre/../lib/tools.jar:/home/runner/.m2/repository/org/apache/hadoop/hadoop-distcp/3.3.1/hadoop-distcp-3.3.1-tests.jar:/home/runner/.m2/repository/org/apache/ratis/ratis-common/2.3.0/ratis-common-2.3.0.jar:/home/runner/.m2/repository/org/apache/ratis/ratis-thirdparty-misc/1.0.0/ratis-thirdparty-misc-1.0.0.jar:/home/runner/.m2/repository/org/apache/ratis/ratis-proto/2.3.0/ratis-proto-2.3.0.jar:/home/runner/.m2/repository/org/apache/ozone/ozone-annotation-processing/1.3.0-SNAPSHOT/ozone-annotation-processing-1.3.0-SNAPSHOT.jar:"/>
    <property name="java.vm.vendor" value="Temurin"/>
    <property name="sun.arch.data.model" value="64"/>
    <property name="test.build.dir" value="/home/runner/work/ozone/ozone/hadoop-ozone/integration-test/target/test-dir"/>
    <property name="test.cache.data" value=""/>
    <property name="java.vendor.url" value="https://adoptium.net/"/>
    <property name="user.timezone" value="Etc/UTC"/>
    <property name="java.vm.specification.version" value="1.8"/>
    <property name="os.name" value="Linux"/>
    <property name="test.build.data" value="/home/runner/work/ozone/ozone/hadoop-ozone/integration-test/target/test-dir"/>
    <property name="sun.java.launcher" value="SUN_STANDARD"/>
    <property name="sun.boot.library.path" value="/usr/lib/jvm/temurin-8-jdk-amd64/jre/lib/amd64"/>
    <property name="sun.java.command" value="/home/runner/work/ozone/ozone/hadoop-ozone/integration-test/target/surefire/surefirebooter69715693651893259.jar /home/runner/work/ozone/ozone/hadoop-ozone/integration-test/target/surefire 2022-06-16T16-17-07_968-jvmRun1 surefire3477928193328857082tmp surefire_16914448634364914558tmp"/>
    <property name="surefire.test.class.path" value="/home/runner/work/ozone/ozone/hadoop-ozone/integration-test/target/test-classes:/home/runner/work/ozone/ozone/hadoop-ozone/integration-test/target/classes:/home/runner/.m2/repository/org/apache/ozone/ozone-common/1.3.0-SNAPSHOT/ozone-common-1.3.0-SNAPSHOT.jar:/home/runner/.m2/repository/io/grpc/grpc-netty/1.44.0/grpc-netty-1.44.0.jar:/home/runner/.m2/repository/io/grpc/grpc-core/1.44.0/grpc-core-1.44.0.jar:/home/runner/.m2/repository/com/google/android/annotations/4.1.1.4/annotations-4.1.1.4.jar:/home/runner/.m2/repository/org/codehaus/mojo/animal-sniffer-annotations/1.19/animal-sniffer-annotations-1.19.jar:/home/runner/.m2/repository/com/google/errorprone/error_prone_annotations/2.2.0/error_prone_annotations-2.2.0.jar:/home/runner/.m2/repository/io/perfmark/perfmark-api/0.23.0/perfmark-api-0.23.0.jar:/home/runner/.m2/repository/io/netty/netty-codec-http2/4.1.74.Final/netty-codec-http2-4.1.74.Final.jar:/home/runner/.m2/repository/io/netty/netty-common/4.1.74.Final/netty-common-4.1.74.Final.jar:/home/runner/.m2/repository/io/netty/netty-buffer/4.1.74.Final/netty-buffer-4.1.74.Final.jar:/home/runner/.m2/repository/io/netty/netty-codec-http/4.1.74.Final/netty-codec-http-4.1.74.Final.jar:/home/runner/.m2/repository/io/netty/netty-handler-proxy/4.1.74.Final/netty-handler-proxy-4.1.74.Final.jar:/home/runner/.m2/repository/io/netty/netty-codec-socks/4.1.74.Final/netty-codec-socks-4.1.74.Final.jar:/home/runner/.m2/repository/io/netty/netty-tcnative-boringssl-static/2.0.48.Final/netty-tcnative-boringssl-static-2.0.48.Final.jar:/home/runner/.m2/repository/io/netty/netty-tcnative-classes/2.0.48.Final/netty-tcnative-classes-2.0.48.Final.jar:/home/runner/.m2/repository/io/netty/netty-tcnative/2.0.48.Final/netty-tcnative-2.0.48.Final.jar:/home/runner/.m2/repository/org/apache/commons/commons-compress/1.21/commons-compress-1.21.jar:/home/runner/.m2/repository/org/apache/ozone/hdds-common/1.3.0-SNAPSHOT/hdds-common-1.3.0-SNAPSHOT.jar:/home/runner/.m2/repository/org/apache/ozone/hdds-client/1.3.0-SNAPSHOT/hdds-client-1.3.0-SNAPSHOT.jar:/home/runner/.m2/repository/org/apache/ozone/ozone-interface-client/1.3.0-SNAPSHOT/ozone-interface-client-1.3.0-SNAPSHOT.jar:/home/runner/.m2/repository/org/apache/ozone/hdds-test-utils/1.3.0-SNAPSHOT/hdds-test-utils-1.3.0-SNAPSHOT.jar:/home/runner/.m2/repository/com/google/guava/guava/31.1-jre/guava-31.1-jre.jar:/home/runner/.m2/repository/com/google/guava/failureaccess/1.0.1/failureaccess-1.0.1.jar:/home/runner/.m2/repository/com/google/guava/listenablefuture/9999.0-empty-to-avoid-conflict-with-guava/listenablefuture-9999.0-empty-to-avoid-conflict-with-guava.jar:/home/runner/.m2/repository/com/google/code/findbugs/jsr305/3.0.0/jsr305-3.0.0.jar:/home/runner/.m2/repository/org/checkerframework/checker-qual/3.12.0/checker-qual-3.12.0.jar:/home/runner/.m2/repository/com/google/j2objc/j2objc-annotations/1.3/j2objc-annotations-1.3.jar:/home/runner/.m2/repository/commons-io/commons-io/2.11.0/commons-io-2.11.0.jar:/home/runner/.m2/repository/commons-logging/commons-logging/1.2/commons-logging-1.2.jar:/home/runner/.m2/repository/log4j/log4j/1.2.17/log4j-1.2.17.jar:/home/runner/.m2/repository/org/slf4j/slf4j-api/1.7.30/slf4j-api-1.7.30.jar:/home/runner/.m2/repository/org/apache/ozone/hdds-server-scm/1.3.0-SNAPSHOT/hdds-server-scm-1.3.0-SNAPSHOT.jar:/home/runner/.m2/repository/org/apache/ozone/hdds-container-service/1.3.0-SNAPSHOT/hdds-container-service-1.3.0-SNAPSHOT.jar:/home/runner/.m2/repository/org/apache/ozone/hdds-hadoop-dependency-server/1.3.0-SNAPSHOT/hdds-hadoop-dependency-server-1.3.0-SNAPSHOT.jar:/home/runner/.m2/repository/org/apache/hadoop/hadoop-hdfs/3.3.1/hadoop-hdfs-3.3.1.jar:/home/runner/.m2/repository/org/apache/ozone/hdds-server-framework/1.3.0-SNAPSHOT/hdds-server-framework-1.3.0-SNAPSHOT.jar:/home/runner/.m2/repository/org/apache/ozone/hdds-interface-server/1.3.0-SNAPSHOT/hdds-interface-server-1.3.0-SNAPSHOT.jar:/home/runner/.m2/repository/org/apache/logging/log4j/log4j-core/2.17.1/log4j-core-2.17.1.jar:/home/runner/.m2/repository/com/lmax/disruptor/3.4.2/disruptor-3.4.2.jar:/home/runner/.m2/repository/org/eclipse/jetty/jetty-servlet/9.4.43.v20210629/jetty-servlet-9.4.43.v20210629.jar:/home/runner/.m2/repository/org/eclipse/jetty/jetty-security/9.4.43.v20210629/jetty-security-9.4.43.v20210629.jar:/home/runner/.m2/repository/org/rocksdb/rocksdbjni/6.29.5/rocksdbjni-6.29.5.jar:/home/runner/.m2/repository/io/prometheus/simpleclient_dropwizard/0.7.0/simpleclient_dropwizard-0.7.0.jar:/home/runner/.m2/repository/io/prometheus/simpleclient/0.7.0/simpleclient-0.7.0.jar:/home/runner/.m2/repository/io/prometheus/simpleclient_common/0.7.0/simpleclient_common-0.7.0.jar:/home/runner/.m2/repository/io/dropwizard/metrics/metrics-core/3.2.4/metrics-core-3.2.4.jar:/home/runner/.m2/repository/org/apache/hadoop/hadoop-hdfs-client/3.3.1/hadoop-hdfs-client-3.3.1.jar:/home/runner/.m2/repository/org/bouncycastle/bcprov-jdk15on/1.67/bcprov-jdk15on-1.67.jar:/home/runner/.m2/repository/com/google/protobuf/protobuf-java/2.5.0/protobuf-java-2.5.0.jar:/home/runner/.m2/repository/org/apache/ozone/ozone-manager/1.3.0-SNAPSHOT/ozone-manager-1.3.0-SNAPSHOT.jar:/home/runner/.m2/repository/org/aspectj/aspectjrt/1.9.7/aspectjrt-1.9.7.jar:/home/runner/.m2/repository/org/aspectj/aspectjweaver/1.9.7/aspectjweaver-1.9.7.jar:/home/runner/.m2/repository/org/apache/ozone/hdds-interface-client/1.3.0-SNAPSHOT/hdds-interface-client-1.3.0-SNAPSHOT.jar:/home/runner/.m2/repository/org/apache/hadoop/thirdparty/hadoop-shaded-protobuf_3_7/1.1.1/hadoop-shaded-protobuf_3_7-1.1.1.jar:/home/runner/.m2/repository/org/apache/ozone/ozone-interface-storage/1.3.0-SNAPSHOT/ozone-interface-storage-1.3.0-SNAPSHOT.jar:/home/runner/.m2/repository/org/reflections/reflections/0.9.11/reflections-0.9.11.jar:/home/runner/.m2/repository/com/sun/jersey/jersey-client/1.19/jersey-client-1.19.jar:/home/runner/.m2/repository/org/apache/ranger/ranger-intg/3.0.0-SNAPSHOT/ranger-intg-3.0.0-SNAPSHOT.jar:/home/runner/.m2/repository/org/apache/ranger/ranger-plugins-common/3.0.0-SNAPSHOT/ranger-plugins-common-3.0.0-SNAPSHOT.jar:/home/runner/.m2/repository/commons-lang/commons-lang/2.6/commons-lang-2.6.jar:/home/runner/.m2/repository/org/codehaus/jackson/jackson-jaxrs/1.9.13/jackson-jaxrs-1.9.13.jar:/home/runner/.m2/repository/org/apache/ranger/ranger-plugins-cred/3.0.0-SNAPSHOT/ranger-plugins-cred-3.0.0-SNAPSHOT.jar:/home/runner/.m2/repository/org/apache/ranger/ranger-plugins-audit/3.0.0-SNAPSHOT/ranger-plugins-audit-3.0.0-SNAPSHOT.jar:/home/runner/.m2/repository/org/apache/kafka/kafka-clients/2.8.1/kafka-clients-2.8.1.jar:/home/runner/.m2/repository/com/github/luben/zstd-jni/1.4.9-1/zstd-jni-1.4.9-1.jar:/home/runner/.m2/repository/org/apache/solr/solr-solrj/8.6.3/solr-solrj-8.6.3.jar:/home/runner/.m2/repository/org/eclipse/jetty/jetty-client/9.4.44.v20210927/jetty-client-9.4.44.v20210927.jar:/home/runner/.m2/repository/org/apache/httpcomponents/httpmime/4.5.13/httpmime-4.5.13.jar:/home/runner/.m2/repository/org/apache/httpcomponents/httpcore-nio/4.4.14/httpcore-nio-4.4.14.jar:/home/runner/.m2/repository/org/apache/httpcomponents/httpasyncclient/4.1.4/httpasyncclient-4.1.4.jar:/home/runner/.m2/repository/com/carrotsearch/hppc/0.8.0/hppc-0.8.0.jar:/home/runner/.m2/repository/org/apache/hive/hive-storage-api/2.7.2/hive-storage-api-2.7.2.jar:/home/runner/.m2/repository/org/apache/orc/orc-core/1.5.8/orc-core-1.5.8.jar:/home/runner/.m2/repository/com/amazonaws/aws-java-sdk-bundle/1.12.125/aws-java-sdk-bundle-1.12.125.jar:/home/runner/.m2/repository/net/java/dev/jna/jna/5.2.0/jna-5.2.0.jar:/home/runner/.m2/repository/net/java/dev/jna/jna-platform/5.2.0/jna-platform-5.2.0.jar:/home/runner/.m2/repository/com/kstruct/gethostname4j/0.0.2/gethostname4j-0.0.2.jar:/home/runner/.m2/repository/org/apache/ranger/ranger-plugin-classloader/3.0.0-SNAPSHOT/ranger-plugin-classloader-3.0.0-SNAPSHOT.jar:/home/runner/.m2/repository/org/apache/hadoop/hadoop-minikdc/3.3.1/hadoop-minikdc-3.3.1.jar:/home/runner/.m2/repository/org/apache/kerby/kerb-simplekdc/1.0.1/kerb-simplekdc-1.0.1.jar:/home/runner/.m2/repository/org/apache/kerby/kerb-client/1.0.1/kerb-client-1.0.1.jar:/home/runner/.m2/repository/org/apache/kerby/kerby-config/1.0.1/kerby-config-1.0.1.jar:/home/runner/.m2/repository/org/apache/kerby/kerb-common/1.0.1/kerb-common-1.0.1.jar:/home/runner/.m2/repository/org/apache/kerby/kerb-crypto/1.0.1/kerb-crypto-1.0.1.jar:/home/runner/.m2/repository/org/apache/kerby/kerb-util/1.0.1/kerb-util-1.0.1.jar:/home/runner/.m2/repository/org/apache/kerby/token-provider/1.0.1/token-provider-1.0.1.jar:/home/runner/.m2/repository/org/apache/kerby/kerb-admin/1.0.1/kerb-admin-1.0.1.jar:/home/runner/.m2/repository/org/apache/kerby/kerb-server/1.0.1/kerb-server-1.0.1.jar:/home/runner/.m2/repository/org/apache/kerby/kerb-identity/1.0.1/kerb-identity-1.0.1.jar:/home/runner/.m2/repository/org/apache/kerby/kerby-xdr/1.0.1/kerby-xdr-1.0.1.jar:/home/runner/.m2/repository/org/slf4j/slf4j-log4j12/1.7.30/slf4j-log4j12-1.7.30.jar:/home/runner/.m2/repository/org/apache/ozone/ozone-s3gateway/1.3.0-SNAPSHOT/ozone-s3gateway-1.3.0-SNAPSHOT.jar:/home/runner/.m2/repository/org/javassist/javassist/3.21.0-GA/javassist-3.21.0-GA.jar:/home/runner/.m2/repository/org/jboss/weld/servlet/weld-servlet/2.4.7.Final/weld-servlet-2.4.7.Final.jar:/home/runner/.m2/repository/org/glassfish/jersey/containers/jersey-container-servlet-core/2.33/jersey-container-servlet-core-2.33.jar:/home/runner/.m2/repository/org/glassfish/hk2/external/jakarta.inject/2.6.1/jakarta.inject-2.6.1.jar:/home/runner/.m2/repository/org/glassfish/jersey/core/jersey-common/2.33/jersey-common-2.33.jar:/home/runner/.m2/repository/jakarta/ws/rs/jakarta.ws.rs-api/2.1.6/jakarta.ws.rs-api-2.1.6.jar:/home/runner/.m2/repository/org/glassfish/jersey/ext/cdi/jersey-cdi1x/2.33/jersey-cdi1x-2.33.jar:/home/runner/.m2/repository/org/glassfish/jersey/inject/jersey-hk2/2.33/jersey-hk2-2.33.jar:/home/runner/.m2/repository/org/glassfish/hk2/hk2-locator/2.6.1/hk2-locator-2.6.1.jar:/home/runner/.m2/repository/org/glassfish/jersey/media/jersey-media-jaxb/2.33/jersey-media-jaxb-2.33.jar:/home/runner/.m2/repository/org/glassfish/hk2/osgi-resource-locator/1.0.3/osgi-resource-locator-1.0.3.jar:/home/runner/.m2/repository/org/glassfish/hk2/hk2-api/2.5.0/hk2-api-2.5.0.jar:/home/runner/.m2/repository/org/glassfish/hk2/hk2-utils/2.5.0/hk2-utils-2.5.0.jar:/home/runner/.m2/repository/org/glassfish/hk2/external/aopalliance-repackaged/2.5.0/aopalliance-repackaged-2.5.0.jar:/home/runner/.m2/repository/com/fasterxml/jackson/dataformat/jackson-dataformat-xml/2.13.2/jackson-dataformat-xml-2.13.2.jar:/home/runner/.m2/repository/com/fasterxml/jackson/core/jackson-core/2.13.2/jackson-core-2.13.2.jar:/home/runner/.m2/repository/org/codehaus/woodstox/stax2-api/3.1.4/stax2-api-3.1.4.jar:/home/runner/.m2/repository/com/fasterxml/woodstox/woodstox-core/5.0.3/woodstox-core-5.0.3.jar:/home/runner/.m2/repository/com/fasterxml/jackson/module/jackson-module-jaxb-annotations/2.13.2/jackson-module-jaxb-annotations-2.13.2.jar:/home/runner/.m2/repository/jakarta/xml/bind/jakarta.xml.bind-api/2.3.3/jakarta.xml.bind-api-2.3.3.jar:/home/runner/.m2/repository/jakarta/activation/jakarta.activation-api/1.2.1/jakarta.activation-api-1.2.1.jar:/home/runner/.m2/repository/javax/enterprise/cdi-api/1.2/cdi-api-1.2.jar:/home/runner/.m2/repository/javax/el/javax.el-api/3.0.0/javax.el-api-3.0.0.jar:/home/runner/.m2/repository/javax/interceptor/javax.interceptor-api/1.2/javax.interceptor-api-1.2.jar:/home/runner/.m2/repository/javax/inject/javax.inject/1/javax.inject-1.jar:/home/runner/.m2/repository/javax/xml/bind/jaxb-api/2.3.0/jaxb-api-2.3.0.jar:/home/runner/.m2/repository/org/glassfish/jaxb/jaxb-runtime/2.3.0.1/jaxb-runtime-2.3.0.1.jar:/home/runner/.m2/repository/org/glassfish/jaxb/jaxb-core/2.3.0.1/jaxb-core-2.3.0.1.jar:/home/runner/.m2/repository/org/glassfish/jaxb/txw2/2.3.0.1/txw2-2.3.0.1.jar:/home/runner/.m2/repository/com/sun/istack/istack-commons-runtime/3.0.5/istack-commons-runtime-3.0.5.jar:/home/runner/.m2/repository/org/jvnet/staxex/stax-ex/1.7.8/stax-ex-1.7.8.jar:/home/runner/.m2/repository/com/sun/xml/fastinfoset/FastInfoset/1.2.13/FastInfoset-1.2.13.jar:/home/runner/.m2/repository/javax/activation/activation/1.1.1/activation-1.1.1.jar:/home/runner/.m2/repository/io/grpc/grpc-protobuf/1.44.0/grpc-protobuf-1.44.0.jar:/home/runner/.m2/repository/io/grpc/grpc-api/1.44.0/grpc-api-1.44.0.jar:/home/runner/.m2/repository/io/grpc/grpc-context/1.44.0/grpc-context-1.44.0.jar:/home/runner/.m2/repository/com/google/api/grpc/proto-google-common-protos/2.0.1/proto-google-common-protos-2.0.1.jar:/home/runner/.m2/repository/io/grpc/grpc-protobuf-lite/1.44.0/grpc-protobuf-lite-1.44.0.jar:/home/runner/.m2/repository/io/grpc/grpc-stub/1.44.0/grpc-stub-1.44.0.jar:/home/runner/.m2/repository/io/netty/netty-transport/4.1.74.Final/netty-transport-4.1.74.Final.jar:/home/runner/.m2/repository/io/netty/netty-resolver/4.1.74.Final/netty-resolver-4.1.74.Final.jar:/home/runner/.m2/repository/org/apache/ozone/ozone-csi/1.3.0-SNAPSHOT/ozone-csi-1.3.0-SNAPSHOT.jar:/home/runner/.m2/repository/com/google/protobuf/protobuf-java-util/3.19.2/protobuf-java-util-3.19.2.jar:/home/runner/.m2/repository/com/google/code/gson/gson/2.8.9/gson-2.8.9.jar:/home/runner/.m2/repository/org/apache/ozone/hdds-config/1.3.0-SNAPSHOT/hdds-config-1.3.0-SNAPSHOT.jar:/home/runner/.m2/repository/io/netty/netty-transport-native-epoll/4.1.74.Final/netty-transport-native-epoll-4.1.74.Final-linux-x86_64.jar:/home/runner/.m2/repository/io/netty/netty-transport-classes-epoll/4.1.74.Final/netty-transport-classes-epoll-4.1.74.Final.jar:/home/runner/.m2/repository/io/netty/netty-transport-native-unix-common/4.1.74.Final/netty-transport-native-unix-common-4.1.74.Final.jar:/home/runner/.m2/repository/org/apache/ozone/ozone-recon/1.3.0-SNAPSHOT/ozone-recon-1.3.0-SNAPSHOT.jar:/home/runner/.m2/repository/org/apache/ozone/ozone-reconcodegen/1.3.0-SNAPSHOT/ozone-reconcodegen-1.3.0-SNAPSHOT.jar:/home/runner/.m2/repository/com/google/inject/extensions/guice-multibindings/4.0/guice-multibindings-4.0.jar:/home/runner/.m2/repository/com/google/inject/guice/4.0/guice-4.0.jar:/home/runner/.m2/repository/aopalliance/aopalliance/1.0/aopalliance-1.0.jar:/home/runner/.m2/repository/com/google/inject/extensions/guice-assistedinject/4.0/guice-assistedinject-4.0.jar:/home/runner/.m2/repository/com/google/inject/extensions/guice-servlet/4.0/guice-servlet-4.0.jar:/home/runner/.m2/repository/org/glassfish/jersey/containers/jersey-container-servlet/2.33/jersey-container-servlet-2.33.jar:/home/runner/.m2/repository/org/glassfish/hk2/guice-bridge/2.5.0/guice-bridge-2.5.0.jar:/home/runner/.m2/repository/org/glassfish/jersey/core/jersey-server/2.33/jersey-server-2.33.jar:/home/runner/.m2/repository/org/glassfish/jersey/core/jersey-client/2.33/jersey-client-2.33.jar:/home/runner/.m2/repository/jakarta/annotation/jakarta.annotation-api/1.3.5/jakarta.annotation-api-1.3.5.jar:/home/runner/.m2/repository/jakarta/validation/jakarta.validation-api/2.0.2/jakarta.validation-api-2.0.2.jar:/home/runner/.m2/repository/org/glassfish/jersey/media/jersey-media-json-jackson/2.33/jersey-media-json-jackson-2.33.jar:/home/runner/.m2/repository/org/glassfish/jersey/ext/jersey-entity-filtering/2.33/jersey-entity-filtering-2.33.jar:/home/runner/.m2/repository/org/jooq/jooq/3.11.10/jooq-3.11.10.jar:/home/runner/.m2/repository/org/jooq/jooq-meta/3.11.10/jooq-meta-3.11.10.jar:/home/runner/.m2/repository/org/jooq/jooq-codegen/3.11.10/jooq-codegen-3.11.10.jar:/home/runner/.m2/repository/com/jolbox/bonecp/0.8.0.RELEASE/bonecp-0.8.0.RELEASE.jar:/home/runner/.m2/repository/org/apache/derby/derby/10.14.2.0/derby-10.14.2.0.jar:/home/runner/.m2/repository/org/xerial/sqlite-jdbc/3.25.2/sqlite-jdbc-3.25.2.jar:/home/runner/.m2/repository/org/springframework/spring-jdbc/5.2.20.RELEASE/spring-jdbc-5.2.20.RELEASE.jar:/home/runner/.m2/repository/org/springframework/spring-beans/5.2.20.RELEASE/spring-beans-5.2.20.RELEASE.jar:/home/runner/.m2/repository/org/springframework/spring-core/5.2.20.RELEASE/spring-core-5.2.20.RELEASE.jar:/home/runner/.m2/repository/org/springframework/spring-jcl/5.2.20.RELEASE/spring-jcl-5.2.20.RELEASE.jar:/home/runner/.m2/repository/org/springframework/spring-tx/5.2.20.RELEASE/spring-tx-5.2.20.RELEASE.jar:/home/runner/.m2/repository/org/apache/ozone/ozone-client/1.3.0-SNAPSHOT/ozone-client-1.3.0-SNAPSHOT.jar:/home/runner/.m2/repository/org/apache/ozone/hdds-erasurecode/1.3.0-SNAPSHOT/hdds-erasurecode-1.3.0-SNAPSHOT.jar:/home/runner/.m2/repository/com/github/spotbugs/spotbugs-annotations/3.1.12/spotbugs-annotations-3.1.12.jar:/home/runner/.m2/repository/org/apache/ozone/ozone-filesystem/1.3.0-SNAPSHOT/ozone-filesystem-1.3.0-SNAPSHOT.jar:/home/runner/.m2/repository/org/apache/ozone/ozone-filesystem-common/1.3.0-SNAPSHOT/ozone-filesystem-common-1.3.0-SNAPSHOT.jar:/home/runner/.m2/repository/org/apache/ozone/ozone-tools/1.3.0-SNAPSHOT/ozone-tools-1.3.0-SNAPSHOT.jar:/home/runner/.m2/repository/org/apache/ratis/ratis-tools/2.3.0/ratis-tools-2.3.0.jar:/home/runner/.m2/repository/com/amazonaws/aws-java-sdk-core/1.12.124/aws-java-sdk-core-1.12.124.jar:/home/runner/.m2/repository/org/apache/httpcomponents/httpclient/4.5.13/httpclient-4.5.13.jar:/home/runner/.m2/repository/org/apache/httpcomponents/httpcore/4.4.13/httpcore-4.4.13.jar:/home/runner/.m2/repository/software/amazon/ion/ion-java/1.0.2/ion-java-1.0.2.jar:/home/runner/.m2/repository/com/fasterxml/jackson/dataformat/jackson-dataformat-cbor/2.13.2/jackson-dataformat-cbor-2.13.2.jar:/home/runner/.m2/repository/joda-time/joda-time/2.8.1/joda-time-2.8.1.jar:/home/runner/.m2/repository/com/amazonaws/aws-java-sdk-s3/1.12.124/aws-java-sdk-s3-1.12.124.jar:/home/runner/.m2/repository/com/amazonaws/aws-java-sdk-kms/1.12.124/aws-java-sdk-kms-1.12.124.jar:/home/runner/.m2/repository/com/amazonaws/jmespath-java/1.12.124/jmespath-java-1.12.124.jar:/home/runner/.m2/repository/org/kohsuke/metainf-services/metainf-services/1.8/metainf-services-1.8.jar:/home/runner/.m2/repository/org/apache/ozone/hdds-tools/1.3.0-SNAPSHOT/hdds-tools-1.3.0-SNAPSHOT.jar:/home/runner/.m2/repository/commons-cli/commons-cli/1.2/commons-cli-1.2.jar:/home/runner/.m2/repository/org/apache/commons/commons-lang3/3.7/commons-lang3-3.7.jar:/home/runner/.m2/repository/org/apache/ozone/ozone-manager/1.3.0-SNAPSHOT/ozone-manager-1.3.0-SNAPSHOT-tests.jar:/home/runner/.m2/repository/org/apache/ozone/hdds-common/1.3.0-SNAPSHOT/hdds-common-1.3.0-SNAPSHOT-tests.jar:/home/runner/.m2/repository/org/apache/ozone/hdds-hadoop-dependency-client/1.3.0-SNAPSHOT/hdds-hadoop-dependency-client-1.3.0-SNAPSHOT.jar:/home/runner/.m2/repository/info/picocli/picocli/4.6.1/picocli-4.6.1.jar:/home/runner/.m2/repository/com/fasterxml/jackson/core/jackson-annotations/2.13.2/jackson-annotations-2.13.2.jar:/home/runner/.m2/repository/com/fasterxml/jackson/datatype/jackson-datatype-jsr310/2.13.2/jackson-datatype-jsr310-2.13.2.jar:/home/runner/.m2/repository/javax/annotation/javax.annotation-api/1.2/javax.annotation-api-1.2.jar:/home/runner/.m2/repository/org/apache/ratis/ratis-server/2.3.0/ratis-server-2.3.0.jar:/home/runner/.m2/repository/org/apache/ratis/ratis-client/2.3.0/ratis-client-2.3.0.jar:/home/runner/.m2/repository/org/apache/ratis/ratis-server-api/2.3.0/ratis-server-api-2.3.0.jar:/home/runner/.m2/repository/org/apache/ratis/ratis-metrics/2.3.0/ratis-metrics-2.3.0.jar:/home/runner/.m2/repository/org/apache/ratis/ratis-netty/2.3.0/ratis-netty-2.3.0.jar:/home/runner/.m2/repository/org/apache/ratis/ratis-grpc/2.3.0/ratis-grpc-2.3.0.jar:/home/runner/.m2/repository/org/apache/logging/log4j/log4j-api/2.17.1/log4j-api-2.17.1.jar:/home/runner/.m2/repository/org/apache/commons/commons-pool2/2.6.0/commons-pool2-2.6.0.jar:/home/runner/.m2/repository/org/bouncycastle/bcpkix-jdk15on/1.67/bcpkix-jdk15on-1.67.jar:/home/runner/.m2/repository/commons-validator/commons-validator/1.6/commons-validator-1.6.jar:/home/runner/.m2/repository/commons-beanutils/commons-beanutils/1.9.4/commons-beanutils-1.9.4.jar:/home/runner/.m2/repository/commons-digester/commons-digester/1.8.1/commons-digester-1.8.1.jar:/home/runner/.m2/repository/commons-collections/commons-collections/3.2.2/commons-collections-3.2.2.jar:/home/runner/.m2/repository/io/jaegertracing/jaeger-client/1.6.0/jaeger-client-1.6.0.jar:/home/runner/.m2/repository/io/jaegertracing/jaeger-thrift/1.6.0/jaeger-thrift-1.6.0.jar:/home/runner/.m2/repository/org/apache/thrift/libthrift/0.14.1/libthrift-0.14.1.jar:/home/runner/.m2/repository/com/squareup/okhttp3/okhttp/4.9.0/okhttp-4.9.0.jar:/home/runner/.m2/repository/com/squareup/okio/okio/2.8.0/okio-2.8.0.jar:/home/runner/.m2/repository/io/jaegertracing/jaeger-core/1.6.0/jaeger-core-1.6.0.jar:/home/runner/.m2/repository/io/jaegertracing/jaeger-tracerresolver/1.6.0/jaeger-tracerresolver-1.6.0.jar:/home/runner/.m2/repository/io/opentracing/contrib/opentracing-tracerresolver/0.1.8/opentracing-tracerresolver-0.1.8.jar:/home/runner/.m2/repository/org/jetbrains/kotlin/kotlin-stdlib/1.6.21/kotlin-stdlib-1.6.21.jar:/home/runner/.m2/repository/org/jetbrains/kotlin/kotlin-stdlib-common/1.6.21/kotlin-stdlib-common-1.6.21.jar:/home/runner/.m2/repository/org/jetbrains/annotations/13.0/annotations-13.0.jar:/home/runner/.m2/repository/io/opentracing/opentracing-util/0.33.0/opentracing-util-0.33.0.jar:/home/runner/.m2/repository/io/opentracing/opentracing-api/0.33.0/opentracing-api-0.33.0.jar:/home/runner/.m2/repository/io/opentracing/opentracing-noop/0.33.0/opentracing-noop-0.33.0.jar:/home/runner/.m2/repository/org/yaml/snakeyaml/1.26/snakeyaml-1.26.jar:/home/runner/.m2/repository/org/apache/ozone/hdds-interface-admin/1.3.0-SNAPSHOT/hdds-interface-admin-1.3.0-SNAPSHOT.jar:/home/runner/.m2/repository/junit/junit/4.13.1/junit-4.13.1.jar:/home/runner/.m2/repository/org/hamcrest/hamcrest-core/1.3/hamcrest-core-1.3.jar:/home/runner/.m2/repository/org/junit/jupiter/junit-jupiter-api/5.8.2/junit-jupiter-api-5.8.2.jar:/home/runner/.m2/repository/org/opentest4j/opentest4j/1.2.0/opentest4j-1.2.0.jar:/home/runner/.m2/repository/org/junit/platform/junit-platform-commons/1.8.2/junit-platform-commons-1.8.2.jar:/home/runner/.m2/repository/org/apiguardian/apiguardian-api/1.1.2/apiguardian-api-1.1.2.jar:/home/runner/.m2/repository/org/junit/jupiter/junit-jupiter-params/5.8.2/junit-jupiter-params-5.8.2.jar:/home/runner/.m2/repository/org/junit/jupiter/junit-jupiter-migrationsupport/5.8.2/junit-jupiter-migrationsupport-5.8.2.jar:/home/runner/.m2/repository/org/junit/jupiter/junit-jupiter-engine/5.8.2/junit-jupiter-engine-5.8.2.jar:/home/runner/.m2/repository/org/junit/platform/junit-platform-engine/1.8.2/junit-platform-engine-1.8.2.jar:/home/runner/.m2/repository/org/junit/vintage/junit-vintage-engine/5.8.2/junit-vintage-engine-5.8.2.jar:/home/runner/.m2/repository/org/junit/platform/junit-platform-launcher/1.8.2/junit-platform-launcher-1.8.2.jar:/home/runner/.m2/repository/org/mockito/mockito-core/2.28.2/mockito-core-2.28.2.jar:/home/runner/.m2/repository/net/bytebuddy/byte-buddy/1.9.10/byte-buddy-1.9.10.jar:/home/runner/.m2/repository/net/bytebuddy/byte-buddy-agent/1.9.10/byte-buddy-agent-1.9.10.jar:/home/runner/.m2/repository/org/objenesis/objenesis/1.0/objenesis-1.0.jar:/home/runner/.m2/repository/org/apache/hadoop/hadoop-kms/3.3.1/hadoop-kms-3.3.1.jar:/home/runner/.m2/repository/org/apache/hadoop/hadoop-auth/3.3.1/hadoop-auth-3.3.1.jar:/home/runner/.m2/repository/com/nimbusds/nimbus-jose-jwt/7.9/nimbus-jose-jwt-7.9.jar:/home/runner/.m2/repository/com/github/stephenc/jcip/jcip-annotations/1.0-1/jcip-annotations-1.0-1.jar:/home/runner/.m2/repository/net/minidev/json-smart/2.4.7/json-smart-2.4.7.jar:/home/runner/.m2/repository/net/minidev/accessors-smart/2.4.7/accessors-smart-2.4.7.jar:/home/runner/.m2/repository/org/ow2/asm/asm/5.0.4/asm-5.0.4.jar:/home/runner/.m2/repository/org/apache/zookeeper/zookeeper/3.5.6/zookeeper-3.5.6.jar:/home/runner/.m2/repository/org/apache/zookeeper/zookeeper-jute/3.5.6/zookeeper-jute-3.5.6.jar:/home/runner/.m2/repository/org/apache/yetus/audience-annotations/0.5.0/audience-annotations-0.5.0.jar:/home/runner/.m2/repository/org/apache/curator/curator-framework/4.2.0/curator-framework-4.2.0.jar:/home/runner/.m2/repository/org/apache/hadoop/thirdparty/hadoop-shaded-guava/1.1.1/hadoop-shaded-guava-1.1.1.jar:/home/runner/.m2/repository/com/sun/jersey/jersey-core/1.19/jersey-core-1.19.jar:/home/runner/.m2/repository/javax/ws/rs/jsr311-api/1.1.1/jsr311-api-1.1.1.jar:/home/runner/.m2/repository/com/sun/jersey/jersey-server/1.19/jersey-server-1.19.jar:/home/runner/.m2/repository/javax/servlet/javax.servlet-api/3.1.0/javax.servlet-api-3.1.0.jar:/home/runner/.m2/repository/org/eclipse/jetty/jetty-server/9.4.43.v20210629/jetty-server-9.4.43.v20210629.jar:/home/runner/.m2/repository/org/eclipse/jetty/jetty-http/9.4.43.v20210629/jetty-http-9.4.43.v20210629.jar:/home/runner/.m2/repository/org/eclipse/jetty/jetty-io/9.4.43.v20210629/jetty-io-9.4.43.v20210629.jar:/home/runner/.m2/repository/org/eclipse/jetty/jetty-webapp/9.4.43.v20210629/jetty-webapp-9.4.43.v20210629.jar:/home/runner/.m2/repository/org/eclipse/jetty/jetty-xml/9.4.43.v20210629/jetty-xml-9.4.43.v20210629.jar:/home/runner/.m2/repository/org/apache/hadoop/hadoop-common/3.3.1/hadoop-common-3.3.1.jar:/home/runner/.m2/repository/org/apache/commons/commons-math3/3.1.1/commons-math3-3.1.1.jar:/home/runner/.m2/repository/commons-net/commons-net/3.6/commons-net-3.6.jar:/home/runner/.m2/repository/com/sun/jersey/jersey-servlet/1.19/jersey-servlet-1.19.jar:/home/runner/.m2/repository/com/sun/jersey/jersey-json/1.19/jersey-json-1.19.jar:/home/runner/.m2/repository/org/codehaus/jettison/jettison/1.1/jettison-1.1.jar:/home/runner/.m2/repository/com/sun/xml/bind/jaxb-impl/2.2.3-1/jaxb-impl-2.2.3-1.jar:/home/runner/.m2/repository/org/codehaus/jackson/jackson-xc/1.9.2/jackson-xc-1.9.2.jar:/home/runner/.m2/repository/org/apache/commons/commons-configuration2/2.1.1/commons-configuration2-2.1.1.jar:/home/runner/.m2/repository/org/apache/commons/commons-text/1.4/commons-text-1.4.jar:/home/runner/.m2/repository/com/google/re2j/re2j/1.1/re2j-1.1.jar:/home/runner/.m2/repository/com/jcraft/jsch/0.1.54/jsch-0.1.54.jar:/home/runner/.m2/repository/org/apache/curator/curator-client/4.2.0/curator-client-4.2.0.jar:/home/runner/.m2/repository/org/apache/curator/curator-recipes/4.2.0/curator-recipes-4.2.0.jar:/home/runner/.m2/repository/org/apache/kerby/kerb-core/1.0.1/kerb-core-1.0.1.jar:/home/runner/.m2/repository/org/apache/kerby/kerby-pkix/1.0.1/kerby-pkix-1.0.1.jar:/home/runner/.m2/repository/org/apache/kerby/kerby-asn1/1.0.1/kerby-asn1-1.0.1.jar:/home/runner/.m2/repository/org/apache/kerby/kerby-util/1.0.1/kerby-util-1.0.1.jar:/home/runner/.m2/repository/dnsjava/dnsjava/2.1.7/dnsjava-2.1.7.jar:/home/runner/.m2/repository/org/xerial/snappy/snappy-java/1.1.8.2/snappy-java-1.1.8.2.jar:/home/runner/.m2/repository/org/slf4j/jul-to-slf4j/1.7.30/jul-to-slf4j-1.7.30.jar:/home/runner/.m2/repository/org/eclipse/jetty/jetty-util/9.4.43.v20210629/jetty-util-9.4.43.v20210629.jar:/home/runner/.m2/repository/com/fasterxml/jackson/core/jackson-databind/2.13.2.2/jackson-databind-2.13.2.2.jar:/home/runner/.m2/repository/org/apache/hadoop/hadoop-kms/3.3.1/hadoop-kms-3.3.1-tests.jar:/home/runner/.m2/repository/org/apache/ozone/hdds-server-scm/1.3.0-SNAPSHOT/hdds-server-scm-1.3.0-SNAPSHOT-tests.jar:/home/runner/.m2/repository/org/apache/ozone/hdds-container-service/1.3.0-SNAPSHOT/hdds-container-service-1.3.0-SNAPSHOT-tests.jar:/home/runner/.m2/repository/commons-codec/commons-codec/1.11/commons-codec-1.11.jar:/home/runner/.m2/repository/io/netty/netty-codec/4.1.74.Final/netty-codec-4.1.74.Final.jar:/home/runner/.m2/repository/io/netty/netty-handler/4.1.74.Final/netty-handler-4.1.74.Final.jar:/home/runner/.m2/repository/org/apache/ozone/hdds-hadoop-dependency-test/1.3.0-SNAPSHOT/hdds-hadoop-dependency-test-1.3.0-SNAPSHOT.jar:/home/runner/.m2/repository/org/apache/hadoop/hadoop-common/3.3.1/hadoop-common-3.3.1-tests.jar:/home/runner/.m2/repository/org/assertj/assertj-core/3.12.2/assertj-core-3.12.2.jar:/home/runner/.m2/repository/org/apache/hadoop/hadoop-hdfs/3.3.1/hadoop-hdfs-3.3.1-tests.jar:/home/runner/.m2/repository/org/eclipse/jetty/jetty-util-ajax/9.4.43.v20210629/jetty-util-ajax-9.4.43.v20210629.jar:/home/runner/.m2/repository/commons-daemon/commons-daemon/1.0.13/commons-daemon-1.0.13.jar:/home/runner/.m2/repository/io/netty/netty/3.10.6.Final/netty-3.10.6.Final.jar:/home/runner/.m2/repository/io/netty/netty-all/4.1.74.Final/netty-all-4.1.74.Final.jar:/home/runner/.m2/repository/io/netty/netty-codec-dns/4.1.74.Final/netty-codec-dns-4.1.74.Final.jar:/home/runner/.m2/repository/io/netty/netty-codec-haproxy/4.1.74.Final/netty-codec-haproxy-4.1.74.Final.jar:/home/runner/.m2/repository/io/netty/netty-codec-memcache/4.1.74.Final/netty-codec-memcache-4.1.74.Final.jar:/home/runner/.m2/repository/io/netty/netty-codec-mqtt/4.1.74.Final/netty-codec-mqtt-4.1.74.Final.jar:/home/runner/.m2/repository/io/netty/netty-codec-redis/4.1.74.Final/netty-codec-redis-4.1.74.Final.jar:/home/runner/.m2/repository/io/netty/netty-codec-smtp/4.1.74.Final/netty-codec-smtp-4.1.74.Final.jar:/home/runner/.m2/repository/io/netty/netty-codec-stomp/4.1.74.Final/netty-codec-stomp-4.1.74.Final.jar:/home/runner/.m2/repository/io/netty/netty-codec-xml/4.1.74.Final/netty-codec-xml-4.1.74.Final.jar:/home/runner/.m2/repository/io/netty/netty-resolver-dns/4.1.74.Final/netty-resolver-dns-4.1.74.Final.jar:/home/runner/.m2/repository/io/netty/netty-transport-rxtx/4.1.74.Final/netty-transport-rxtx-4.1.74.Final.jar:/home/runner/.m2/repository/io/netty/netty-transport-sctp/4.1.74.Final/netty-transport-sctp-4.1.74.Final.jar:/home/runner/.m2/repository/io/netty/netty-transport-udt/4.1.74.Final/netty-transport-udt-4.1.74.Final.jar:/home/runner/.m2/repository/io/netty/netty-transport-classes-kqueue/4.1.74.Final/netty-transport-classes-kqueue-4.1.74.Final.jar:/home/runner/.m2/repository/io/netty/netty-resolver-dns-classes-macos/4.1.74.Final/netty-resolver-dns-classes-macos-4.1.74.Final.jar:/home/runner/.m2/repository/io/netty/netty-transport-native-epoll/4.1.74.Final/netty-transport-native-epoll-4.1.74.Final-linux-aarch_64.jar:/home/runner/.m2/repository/io/netty/netty-transport-native-kqueue/4.1.74.Final/netty-transport-native-kqueue-4.1.74.Final-osx-x86_64.jar:/home/runner/.m2/repository/io/netty/netty-transport-native-kqueue/4.1.74.Final/netty-transport-native-kqueue-4.1.74.Final-osx-aarch_64.jar:/home/runner/.m2/repository/io/netty/netty-resolver-dns-native-macos/4.1.74.Final/netty-resolver-dns-native-macos-4.1.74.Final-osx-x86_64.jar:/home/runner/.m2/repository/io/netty/netty-resolver-dns-native-macos/4.1.74.Final/netty-resolver-dns-native-macos-4.1.74.Final-osx-aarch_64.jar:/home/runner/.m2/repository/org/apache/htrace/htrace-core4/4.1.0-incubating/htrace-core4-4.1.0-incubating.jar:/home/runner/.m2/repository/org/fusesource/leveldbjni/leveldbjni-all/1.8/leveldbjni-all-1.8.jar:/home/runner/.m2/repository/org/apache/hadoop/hadoop-distcp/3.3.1/hadoop-distcp-3.3.1.jar:/home/runner/.m2/repository/org/apache/hadoop/hadoop-mapreduce-client-jobclient/3.3.1/hadoop-mapreduce-client-jobclient-3.3.1.jar:/home/runner/.m2/repository/org/apache/hadoop/hadoop-mapreduce-client-common/3.3.1/hadoop-mapreduce-client-common-3.3.1.jar:/home/runner/.m2/repository/org/apache/hadoop/hadoop-yarn-common/3.3.1/hadoop-yarn-common-3.3.1.jar:/home/runner/.m2/repository/org/apache/hadoop/hadoop-yarn-api/3.3.1/hadoop-yarn-api-3.3.1.jar:/home/runner/.m2/repository/com/sun/jersey/contribs/jersey-guice/1.19/jersey-guice-1.19.jar:/home/runner/.m2/repository/com/fasterxml/jackson/jaxrs/jackson-jaxrs-json-provider/2.13.2/jackson-jaxrs-json-provider-2.13.2.jar:/home/runner/.m2/repository/com/fasterxml/jackson/jaxrs/jackson-jaxrs-base/2.13.2/jackson-jaxrs-base-2.13.2.jar:/home/runner/.m2/repository/org/apache/hadoop/hadoop-yarn-client/3.3.1/hadoop-yarn-client-3.3.1.jar:/home/runner/.m2/repository/org/eclipse/jetty/websocket/websocket-client/9.4.40.v20210413/websocket-client-9.4.40.v20210413.jar:/home/runner/.m2/repository/org/eclipse/jetty/websocket/websocket-common/9.4.40.v20210413/websocket-common-9.4.40.v20210413.jar:/home/runner/.m2/repository/org/eclipse/jetty/websocket/websocket-api/9.4.40.v20210413/websocket-api-9.4.40.v20210413.jar:/home/runner/.m2/repository/org/jline/jline/3.9.0/jline-3.9.0.jar:/home/runner/.m2/repository/org/apache/hadoop/hadoop-mapreduce-client-core/3.3.1/hadoop-mapreduce-client-core-3.3.1.jar:/home/runner/.m2/repository/org/apache/avro/avro/1.7.7/avro-1.7.7.jar:/home/runner/.m2/repository/org/codehaus/jackson/jackson-core-asl/1.9.13/jackson-core-asl-1.9.13.jar:/home/runner/.m2/repository/org/codehaus/jackson/jackson-mapper-asl/1.9.13/jackson-mapper-asl-1.9.13.jar:/home/runner/.m2/repository/com/thoughtworks/paranamer/paranamer/2.3/paranamer-2.3.jar:/home/runner/.m2/repository/org/apache/hadoop/hadoop-annotations/3.3.1/hadoop-annotations-3.3.1.jar:/usr/lib/jvm/temurin-8-jdk-amd64/jre/../lib/tools.jar:/home/runner/.m2/repository/org/apache/hadoop/hadoop-distcp/3.3.1/hadoop-distcp-3.3.1-tests.jar:/home/runner/.m2/repository/org/apache/ratis/ratis-common/2.3.0/ratis-common-2.3.0.jar:/home/runner/.m2/repository/org/apache/ratis/ratis-thirdparty-misc/1.0.0/ratis-thirdparty-misc-1.0.0.jar:/home/runner/.m2/repository/org/apache/ratis/ratis-proto/2.3.0/ratis-proto-2.3.0.jar:/home/runner/.m2/repository/org/apache/ozone/ozone-annotation-processing/1.3.0-SNAPSHOT/ozone-annotation-processing-1.3.0-SNAPSHOT.jar:"/>
    <property name="sun.cpu.endian" value="little"/>
    <property name="user.home" value="/home/runner"/>
    <property name="user.language" value="en"/>
    <property name="java.specification.vendor" value="Oracle Corporation"/>
    <property name="java.home" value="/usr/lib/jvm/temurin-8-jdk-amd64/jre"/>
    <property name="java.security.krb5.conf" value="/home/runner/work/ozone/ozone/hadoop-ozone/integration-test/target/test-classes/krb5.conf"/>
    <property name="basedir" value="/home/runner/work/ozone/ozone/hadoop-ozone/integration-test"/>
    <property name="file.separator" value="/"/>
    <property name="line.separator" value="&#10;"/>
    <property name="java.vm.specification.vendor" value="Oracle Corporation"/>
    <property name="java.specification.name" value="Java Platform API Specification"/>
    <property name="java.awt.graphicsenv" value="sun.awt.X11GraphicsEnvironment"/>
    <property name="skip.installnpx" value="true"/>
    <property name="surefire.real.class.path" value="/home/runner/work/ozone/ozone/hadoop-ozone/integration-test/target/surefire/surefirebooter69715693651893259.jar:/home/runner/.m2/repository/org/jacoco/org.jacoco.agent/0.8.5/org.jacoco.agent-0.8.5-runtime.jar"/>
    <property name="hadoop.log.dir" value="/home/runner/work/ozone/ozone/hadoop-ozone/integration-test/target/log"/>
    <property name="sun.boot.class.path" value="/usr/lib/jvm/temurin-8-jdk-amd64/jre/lib/resources.jar:/usr/lib/jvm/temurin-8-jdk-amd64/jre/lib/rt.jar:/usr/lib/jvm/temurin-8-jdk-amd64/jre/lib/sunrsasign.jar:/usr/lib/jvm/temurin-8-jdk-amd64/jre/lib/jsse.jar:/usr/lib/jvm/temurin-8-jdk-amd64/jre/lib/jce.jar:/usr/lib/jvm/temurin-8-jdk-amd64/jre/lib/charsets.jar:/usr/lib/jvm/temurin-8-jdk-amd64/jre/lib/jfr.jar:/usr/lib/jvm/temurin-8-jdk-amd64/jre/classes"/>
    <property name="sun.management.compiler" value="HotSpot 64-Bit Tiered Compilers"/>
    <property name="skip.npx" value="true"/>
    <property name="java.runtime.version" value="1.8.0_332-b09"/>
    <property name="java.net.preferIPv4Stack" value="true"/>
    <property name="user.name" value="runner"/>
    <property name="path.separator" value=":"/>
    <property name="java.security.egd" value="file:///dev/urandom"/>
    <property name="os.version" value="5.4.0-1083-azure"/>
    <property name="java.endorsed.dirs" value="/usr/lib/jvm/temurin-8-jdk-amd64/jre/lib/endorsed"/>
    <property name="java.runtime.name" value="OpenJDK Runtime Environment"/>
    <property name="file.encoding" value="UTF-8"/>
    <property name="java.vm.name" value="OpenJDK 64-Bit Server VM"/>
    <property name="test.build.webapps" value=""/>
    <property name="localRepository" value="/home/runner/.m2/repository"/>
    <property name="jetty.git.hash" value="526006ecfa3af7f1a27ef3a288e2bef7ea9dd7e8"/>
    <property name="java.vendor.url.bug" value="https://github.com/adoptium/adoptium-support/issues"/>
    <property name="java.io.tmpdir" value="/tmp"/>
    <property name="require.test.libhadoop" value=""/>
    <property name="java.version" value="1.8.0_332"/>
    <property name="user.dir" value="/home/runner/work/ozone/ozone/hadoop-ozone/integration-test"/>
    <property name="os.arch" value="amd64"/>
    <property name="java.vm.specification.name" value="Java Virtual Machine Specification"/>
    <property name="test.build.classes" value="/home/runner/work/ozone/ozone/hadoop-ozone/integration-test/target/test-classes"/>
    <property name="java.awt.printerjob" value="sun.print.PSPrinterJob"/>
    <property name="sun.os.patch.level" value="unknown"/>
    <property name="hadoop.tmp.dir" value="/home/runner/work/ozone/ozone/hadoop-ozone/integration-test/target/tmp"/>
    <property name="java.library.path" value="/usr/java/packages/lib/amd64:/usr/lib64:/lib64:/lib:/usr/lib"/>
    <property name="java.vm.info" value="mixed mode"/>
    <property name="java.vendor" value="Temurin"/>
    <property name="java.vm.version" value="25.332-b09"/>
    <property name="java.ext.dirs" value="/usr/lib/jvm/temurin-8-jdk-amd64/jre/lib/ext:/usr/java/packages/lib/ext"/>
    <property name="sun.io.unicode.encoding" value="UnicodeLittle"/>
    <property name="java.class.version" value="52.0"/>
  </properties>
  <testcase name="testRenameFile" classname="TestRootedOzoneFileSystem" time="0.455">
    <system-out><![CDATA[2022-06-16 16:17:58,924 [main] WARN  server.ServerUtils (ServerUtils.java:getScmDbDir(148)) - ozone.scm.db.dirs is not configured. We recommend adding this setting. Falling back to ozone.metadata.dirs instead.
2022-06-16 16:17:59,017 [main] INFO  ha.SCMHANodeDetails (SCMHANodeDetails.java:loadSCMHAConfig(160)) - ServiceID for StorageContainerManager is null
2022-06-16 16:17:59,017 [main] INFO  ha.SCMHANodeDetails (SCMHANodeDetails.java:loadSCMHAConfig(165)) - ozone.scm.default.service.id is not defined, falling back to ozone.scm.service.ids to find serviceID for StorageContainerManager if it is HA enabled cluster
2022-06-16 16:17:59,075 [main] WARN  server.ServerUtils (ServerUtils.java:getScmDbDir(148)) - ozone.scm.db.dirs is not configured. We recommend adding this setting. Falling back to ozone.metadata.dirs instead.
2022-06-16 16:17:59,480 [main] WARN  utils.HAUtils (HAUtils.java:getMetaDir(342)) - ozone.scm.db.dirs is not configured. We recommend adding this setting. Falling back to ozone.metadata.dirs instead.
2022-06-16 16:17:59,667 [main] WARN  db.DBStoreBuilder (DBStoreBuilder.java:applyDBDefinition(145)) - ozone.scm.db.dirs is not configured. We recommend adding this setting. Falling back to ozone.metadata.dirs instead.
2022-06-16 16:17:59,863 [main] INFO  net.NodeSchemaLoader (NodeSchemaLoader.java:loadSchemaFromFile(129)) - Loading schema from [jar:file:/home/runner/.m2/repository/org/apache/ozone/hdds-common/1.3.0-SNAPSHOT/hdds-common-1.3.0-SNAPSHOT.jar!/network-topology-default.xml]
2022-06-16 16:17:59,864 [main] INFO  net.NodeSchemaLoader (NodeSchemaLoader.java:loadSchema(176)) - Loading network topology layer schema file
2022-06-16 16:17:59,915 [main] INFO  metrics.MetricRegistries (MetricRegistriesLoader.java:load(64)) - Loaded MetricRegistries class org.apache.ratis.metrics.impl.MetricRegistriesImpl
2022-06-16 16:17:59,922 [main] INFO  upgrade.AbstractLayoutVersionManager (AbstractLayoutVersionManager.java:init(82)) - Initializing Layout version manager with metadata layout = DATANODE_SCHEMA_V3 (version = 4), software layout = DATANODE_SCHEMA_V3 (version = 4)
2022-06-16 16:18:00,117 [main] INFO  reflections.Reflections (Reflections.java:scan(232)) - Reflections took 107 ms to scan 7 urls, producing 131 keys and 311 values 
2022-06-16 16:18:00,198 [main] INFO  ha.SequenceIdGenerator (SequenceIdGenerator.java:upgradeToSequenceId(347)) - upgrade localId to 109611004723200000
2022-06-16 16:18:00,198 [main] INFO  ha.SequenceIdGenerator (SequenceIdGenerator.java:upgradeToSequenceId(357)) - upgrade delTxnId to 0
2022-06-16 16:18:00,201 [main] INFO  ha.SequenceIdGenerator (SequenceIdGenerator.java:upgradeToSequenceId(374)) - upgrade containerId to 0
2022-06-16 16:18:00,203 [main] INFO  ha.SequenceIdGenerator (SequenceIdGenerator.java:<init>(218)) - Init the HA SequenceIdGenerator.
2022-06-16 16:18:00,238 [main] WARN  server.ServerUtils (ServerUtils.java:sanitizeUserArgs(73)) - ozone.scm.stale.node.interval value = 300000 is larger than max = 100000 based on the key value of ozone.scm.heartbeat.thread.interval, reset to the max value 100000.
2022-06-16 16:18:00,239 [main] WARN  server.ServerUtils (ServerUtils.java:sanitizeUserArgs(73)) - ozone.scm.stale.node.interval value = 300000 is larger than max = 100000 based on the key value of ozone.scm.heartbeat.thread.interval, reset to the max value 100000.
2022-06-16 16:18:00,245 [main] INFO  node.SCMNodeManager (SCMNodeManager.java:<init>(149)) - Entering startup safe mode.
2022-06-16 16:18:00,256 [main] INFO  algorithms.ContainerPlacementPolicyFactory (ContainerPlacementPolicyFactory.java:getPolicyInternal(86)) - Create container placement policy of type org.apache.hadoop.hdds.scm.container.placement.algorithms.SCMContainerPlacementRandom
2022-06-16 16:18:00,265 [main] INFO  pipeline.PipelineStateManagerImpl (PipelineStateManagerImpl.java:initialize(78)) - No pipeline exists in current db
2022-06-16 16:18:00,295 [main] INFO  algorithms.LeaderChoosePolicyFactory (LeaderChoosePolicyFactory.java:getPolicy(57)) - Create leader choose policy of type org.apache.hadoop.hdds.scm.pipeline.leader.choose.algorithms.MinLeaderCountChoosePolicy
2022-06-16 16:18:00,296 [main] INFO  algorithms.ContainerPlacementPolicyFactory (ContainerPlacementPolicyFactory.java:getPolicyInternal(86)) - Create container placement policy of type org.apache.hadoop.hdds.scm.container.placement.algorithms.SCMContainerPlacementRackScatter
2022-06-16 16:18:00,301 [main] INFO  pipeline.BackgroundPipelineCreator (BackgroundPipelineCreator.java:start(125)) - Starting RatisPipelineUtilsThread.
2022-06-16 16:18:00,305 [main] INFO  BackgroundPipelineScrubber (BackgroundSCMService.java:start(68)) - Starting BackgroundPipelineScrubber Service.
2022-06-16 16:18:00,306 [main] INFO  ha.SCMServiceManager (SCMServiceManager.java:register(42)) - Registering service BackgroundPipelineCreator.
2022-06-16 16:18:00,306 [main] INFO  ha.SCMServiceManager (SCMServiceManager.java:register(42)) - Registering service BackgroundPipelineScrubber.
2022-06-16 16:18:00,312 [main] INFO  ExpiredContainerReplicaOpScrubber (BackgroundSCMService.java:start(68)) - Starting ExpiredContainerReplicaOpScrubber Service.
2022-06-16 16:18:00,318 [main] INFO  ha.SCMServiceManager (SCMServiceManager.java:register(42)) - Registering service ExpiredContainerReplicaOpScrubber.
2022-06-16 16:18:00,350 [main] INFO  algorithms.PipelineChoosePolicyFactory (PipelineChoosePolicyFactory.java:createPipelineChoosePolicyFromClass(73)) - Create pipeline choose policy of type org.apache.hadoop.hdds.scm.pipeline.choose.algorithms.RandomPipelineChoosePolicy
2022-06-16 16:18:00,366 [main] INFO  ha.SCMServiceManager (SCMServiceManager.java:register(42)) - Registering service SCMBlockDeletingService.
2022-06-16 16:18:00,389 [main] INFO  ha.SCMServiceManager (SCMServiceManager.java:register(42)) - Registering service ReplicationManager.
2022-06-16 16:18:00,389 [main] INFO  replication.ReplicationManager (ReplicationManager.java:start(179)) - Starting Replication Monitor Thread.
2022-06-16 16:18:00,399 [ReplicationMonitor] INFO  replication.ReplicationManager (ReplicationManager.java:processAll(228)) - Replication Manager is not ready to run until 3000ms after safemode exit
2022-06-16 16:18:00,409 [main] INFO  safemode.ContainerSafeModeRule (ContainerSafeModeRule.java:<init>(89)) - containers with one replica threshold count 0
2022-06-16 16:18:00,413 [main] INFO  safemode.HealthyPipelineSafeModeRule (HealthyPipelineSafeModeRule.java:initializeRule(156)) - Total pipeline count is 0, healthy pipeline threshold count is 1
2022-06-16 16:18:00,416 [main] INFO  safemode.OneReplicaPipelineSafeModeRule (OneReplicaPipelineSafeModeRule.java:initializeRule(180)) - Total pipeline count is 0, pipeline's with at least one datanode reported threshold count is 0
2022-06-16 16:18:00,678 [main] INFO  audit.AuditLogger (AuditLogger.java:refreshDebugCmdSet(120)) - Refresh DebugCmdSet for SCMAudit to [].
2022-06-16 16:18:00,707 [main] INFO  ipc.CallQueueManager (CallQueueManager.java:<init>(90)) - Using callQueue: class java.util.concurrent.LinkedBlockingQueue, queueCapacity: 2000, scheduler: class org.apache.hadoop.ipc.DefaultRpcScheduler, ipcBackoff: false.
2022-06-16 16:18:00,742 [Socket Reader #1 for port 0] INFO  ipc.Server (Server.java:run(1265)) - Starting Socket Reader #1 for port 0
2022-06-16 16:18:00,801 [Listener at 0.0.0.0/43131] INFO  audit.AuditLogger (AuditLogger.java:refreshDebugCmdSet(120)) - Refresh DebugCmdSet for SCMAudit to [].
2022-06-16 16:18:00,806 [Listener at 0.0.0.0/43131] INFO  ipc.CallQueueManager (CallQueueManager.java:<init>(90)) - Using callQueue: class java.util.concurrent.LinkedBlockingQueue, queueCapacity: 2000, scheduler: class org.apache.hadoop.ipc.DefaultRpcScheduler, ipcBackoff: false.
2022-06-16 16:18:00,807 [Socket Reader #1 for port 0] INFO  ipc.Server (Server.java:run(1265)) - Starting Socket Reader #1 for port 0
2022-06-16 16:18:00,831 [Listener at 0.0.0.0/36515] INFO  audit.AuditLogger (AuditLogger.java:refreshDebugCmdSet(120)) - Refresh DebugCmdSet for SCMAudit to [].
2022-06-16 16:18:00,841 [Listener at 0.0.0.0/36515] INFO  ipc.CallQueueManager (CallQueueManager.java:<init>(90)) - Using callQueue: class java.util.concurrent.LinkedBlockingQueue, queueCapacity: 2000, scheduler: class org.apache.hadoop.ipc.DefaultRpcScheduler, ipcBackoff: false.
2022-06-16 16:18:00,843 [Socket Reader #1 for port 0] INFO  ipc.Server (Server.java:run(1265)) - Starting Socket Reader #1 for port 0
2022-06-16 16:18:00,893 [Listener at 0.0.0.0/39891] INFO  ha.SCMServiceManager (SCMServiceManager.java:register(42)) - Registering service ContainerBalancer.
2022-06-16 16:18:00,895 [Listener at 0.0.0.0/39891] INFO  server.StorageContainerManager (StorageContainerManager.java:<init>(398)) - 
Container Balancer status:
Key                            Value
Running                        false
Container Balancer Configuration values:
Key                                                Value
Threshold                                          10
Max Datanodes to Involve per Iteration(percent)    20
Max Size to Move per Iteration                     500GB
Max Size Entering Target per Iteration             26GB
Max Size Leaving Source per Iteration              26GB

2022-06-16 16:18:00,896 [Listener at 0.0.0.0/39891] WARN  events.EventQueue (EventQueue.java:fireEvent(194)) - No event handler registered for event TypedEvent{payloadType=SafeModeStatus, name='Safe mode status'}
2022-06-16 16:18:00,896 [Listener at 0.0.0.0/39891] INFO  ha.SCMContext (SCMContext.java:updateSafeModeStatus(228)) - Update SafeModeStatus from SafeModeStatus{safeModeStatus=true, preCheckPassed=false} to SafeModeStatus{safeModeStatus=true, preCheckPassed=false}.
2022-06-16 16:18:00,899 [Listener at 0.0.0.0/39891] INFO  server.StorageContainerManager (StorageContainerManager.java:start(1409)) - StorageContainerLocationProtocol RPC server is listening at /0.0.0.0:39891
2022-06-16 16:18:00,970 [Listener at 0.0.0.0/39891] WARN  impl.MetricsConfig (MetricsConfig.java:loadFirst(136)) - Cannot locate configuration: tried hadoop-metrics2-storagecontainermanager.properties,hadoop-metrics2.properties
2022-06-16 16:18:00,985 [Listener at 0.0.0.0/39891] INFO  impl.MetricsSystemImpl (MetricsSystemImpl.java:startTimer(378)) - Scheduled Metric snapshot period at 10 second(s).
2022-06-16 16:18:00,985 [Listener at 0.0.0.0/39891] INFO  impl.MetricsSystemImpl (MetricsSystemImpl.java:start(191)) - StorageContainerManager metrics system started
2022-06-16 16:18:01,289 [Listener at 0.0.0.0/39891] INFO  server.SCMClientProtocolServer (SCMClientProtocolServer.java:start(169)) - RPC server for Client  is listening at /0.0.0.0:39891
2022-06-16 16:18:01,292 [IPC Server listener on 0] INFO  ipc.Server (Server.java:run(1344)) - IPC Server listener on 0: starting
2022-06-16 16:18:01,294 [IPC Server Responder] INFO  ipc.Server (Server.java:run(1507)) - IPC Server Responder: starting
2022-06-16 16:18:01,298 [Listener at 0.0.0.0/39891] INFO  server.StorageContainerManager (StorageContainerManager.java:start(1424)) - ScmBlockLocationProtocol RPC server is listening at /0.0.0.0:36515
2022-06-16 16:18:01,299 [Listener at 0.0.0.0/39891] INFO  server.SCMBlockProtocolServer (SCMBlockProtocolServer.java:start(151)) - RPC server for Block Protocol is listening at /0.0.0.0:36515
2022-06-16 16:18:01,299 [IPC Server Responder] INFO  ipc.Server (Server.java:run(1507)) - IPC Server Responder: starting
2022-06-16 16:18:01,299 [IPC Server listener on 0] INFO  ipc.Server (Server.java:run(1344)) - IPC Server listener on 0: starting
2022-06-16 16:18:01,302 [Listener at 0.0.0.0/39891] INFO  server.SCMDatanodeProtocolServer (SCMDatanodeProtocolServer.java:start(183)) - ScmDatanodeProtocol RPC server for DataNodes is listening at /0.0.0.0:43131
2022-06-16 16:18:01,303 [IPC Server Responder] INFO  ipc.Server (Server.java:run(1507)) - IPC Server Responder: starting
2022-06-16 16:18:01,303 [IPC Server listener on 0] INFO  ipc.Server (Server.java:run(1344)) - IPC Server listener on 0: starting
2022-06-16 16:18:01,320 [org.apache.hadoop.util.JvmPauseMonitor$Monitor@53f94afe] INFO  util.JvmPauseMonitor (JvmPauseMonitor.java:run(188)) - Starting JVM pause monitor
2022-06-16 16:18:01,333 [Listener at 0.0.0.0/39891] INFO  http.BaseHttpServer (BaseHttpServer.java:newHttpServer2BuilderForOzone(209)) - Starting Web-server for scm at: http://0.0.0.0:0
2022-06-16 16:18:01,333 [Listener at 0.0.0.0/39891] INFO  http.BaseHttpServer (BaseHttpServer.java:<init>(107)) - Hadoop Security Enabled: false Ozone Security Enabled: false Ozone HTTP Security Enabled: false 
2022-06-16 16:18:01,357 [Listener at 0.0.0.0/39891] INFO  util.log (Log.java:initialized(170)) - Logging initialized @3992ms to org.eclipse.jetty.util.log.Slf4jLog
2022-06-16 16:18:01,458 [Listener at 0.0.0.0/39891] INFO  server.AuthenticationFilter (AuthenticationFilter.java:constructSecretProvider(240)) - Unable to initialize FileSignerSecretProvider, falling back to use random secrets.
2022-06-16 16:18:01,466 [Listener at 0.0.0.0/39891] WARN  http.HttpRequestLog (HttpRequestLog.java:getRequestLog(103)) - Jetty request log can only be enabled using Log4j
2022-06-16 16:18:01,473 [Listener at 0.0.0.0/39891] INFO  http.HttpServer2 (HttpServer2.java:addGlobalFilter(1029)) - Added global filter 'safety' (class=org.apache.hadoop.hdds.server.http.HttpServer2$QuotingInputFilter)
2022-06-16 16:18:01,475 [Listener at 0.0.0.0/39891] INFO  http.HttpServer2 (HttpServer2.java:addFilter(1005)) - Added filter static_user_filter (class=org.apache.hadoop.http.lib.StaticUserWebFilter$StaticUserFilter) to context scm
2022-06-16 16:18:01,475 [Listener at 0.0.0.0/39891] INFO  http.HttpServer2 (HttpServer2.java:addFilter(1013)) - Added filter static_user_filter (class=org.apache.hadoop.http.lib.StaticUserWebFilter$StaticUserFilter) to context logs
2022-06-16 16:18:01,476 [Listener at 0.0.0.0/39891] INFO  http.HttpServer2 (HttpServer2.java:addFilter(1013)) - Added filter static_user_filter (class=org.apache.hadoop.http.lib.StaticUserWebFilter$StaticUserFilter) to context static
2022-06-16 16:18:01,516 [Listener at 0.0.0.0/39891] INFO  http.HttpServer2 (HttpServer2.java:bindListener(1248)) - Jetty bound to port 40687
2022-06-16 16:18:01,518 [Listener at 0.0.0.0/39891] INFO  server.Server (Server.java:doStart(375)) - jetty-9.4.43.v20210629; built: 2021-06-30T11:07:22.254Z; git: 526006ecfa3af7f1a27ef3a288e2bef7ea9dd7e8; jvm 1.8.0_332-b09
2022-06-16 16:18:01,550 [Listener at 0.0.0.0/39891] INFO  server.session (DefaultSessionIdManager.java:doStart(334)) - DefaultSessionIdManager workerName=node0
2022-06-16 16:18:01,550 [Listener at 0.0.0.0/39891] INFO  server.session (DefaultSessionIdManager.java:doStart(339)) - No SessionScavenger set, using defaults
2022-06-16 16:18:01,552 [Listener at 0.0.0.0/39891] INFO  server.session (HouseKeeper.java:startScavenging(132)) - node0 Scavenging every 600000ms
2022-06-16 16:18:01,566 [Listener at 0.0.0.0/39891] INFO  handler.ContextHandler (ContextHandler.java:doStart(915)) - Started o.e.j.s.ServletContextHandler@1f370472{logs,/logs,file:///home/runner/work/ozone/ozone/hadoop-ozone/integration-test/target/log,AVAILABLE}
2022-06-16 16:18:01,566 [Listener at 0.0.0.0/39891] INFO  handler.ContextHandler (ContextHandler.java:doStart(915)) - Started o.e.j.s.ServletContextHandler@24bdd996{static,/static,file:///home/runner/work/ozone/ozone/hadoop-ozone/integration-test/target/test-classes/webapps/static,AVAILABLE}
2022-06-16 16:18:01,615 [Listener at 0.0.0.0/39891] INFO  handler.ContextHandler (ContextHandler.java:doStart(915)) - Started o.e.j.w.WebAppContext@3d9cba2{scm,/,file:///home/runner/work/ozone/ozone/hadoop-ozone/integration-test/target/test-classes/webapps/scm/,AVAILABLE}{file:/home/runner/work/ozone/ozone/hadoop-ozone/integration-test/target/test-classes/webapps/scm}
2022-06-16 16:18:01,625 [Listener at 0.0.0.0/39891] INFO  server.AbstractConnector (AbstractConnector.java:doStart(331)) - Started ServerConnector@6e54bef6{HTTP/1.1, (http/1.1)}{0.0.0.0:40687}
2022-06-16 16:18:01,625 [Listener at 0.0.0.0/39891] INFO  server.Server (Server.java:doStart(415)) - Started @4261ms
2022-06-16 16:18:01,628 [Listener at 0.0.0.0/39891] INFO  impl.MetricsSinkAdapter (MetricsSinkAdapter.java:start(204)) - Sink prometheus started
2022-06-16 16:18:01,628 [Listener at 0.0.0.0/39891] INFO  impl.MetricsSystemImpl (MetricsSystemImpl.java:registerSink(305)) - Registered sink prometheus
2022-06-16 16:18:01,629 [Listener at 0.0.0.0/39891] INFO  http.BaseHttpServer (BaseHttpServer.java:updateConnectorAddress(329)) - HTTP server of scm listening at http://0.0.0.0:40687
2022-06-16 16:18:01,630 [Listener at 0.0.0.0/39891] WARN  server.ServerUtils (ServerUtils.java:getDBPath(225)) - ozone.om.db.dirs is not configured. We recommend adding this setting. Falling back to ozone.metadata.dirs instead.
2022-06-16 16:18:01,680 [Listener at 0.0.0.0/39891] INFO  audit.AuditLogger (AuditLogger.java:refreshDebugCmdSet(120)) - Refresh DebugCmdSet for OMAudit to [].
2022-06-16 16:18:01,770 [Listener at 0.0.0.0/39891] INFO  ha.OMHANodeDetails (OMHANodeDetails.java:loadOMHAConfig(115)) - ozone.om.internal.service.id is not defined, falling back to ozone.om.service.ids to find serviceID for OzoneManager if it is HA enabled cluster
2022-06-16 16:18:01,773 [Listener at 0.0.0.0/39891] INFO  ha.OMHANodeDetails (OMHANodeDetails.java:loadOMHAConfig(226)) - Configuration does not have ozone.om.address set. Falling back to the default OM address /127.0.0.1:0
2022-06-16 16:18:01,773 [Listener at 0.0.0.0/39891] INFO  ha.OMHANodeDetails (OMHANodeDetails.java:getOMNodeDetailsForNonHA(254)) - OM Service ID is not set. Setting it to the default ID: omServiceIdDefault
2022-06-16 16:18:01,773 [Listener at 0.0.0.0/39891] INFO  ha.OMHANodeDetails (OMHANodeDetails.java:getOMNodeDetailsForNonHA(261)) - OM Node ID is not set. Setting it to the default ID: om1
2022-06-16 16:18:01,777 [Listener at 0.0.0.0/39891] WARN  server.ServerUtils (ServerUtils.java:getDBPath(225)) - ozone.om.db.dirs is not configured. We recommend adding this setting. Falling back to ozone.metadata.dirs instead.
2022-06-16 16:18:01,779 [Listener at 0.0.0.0/39891] INFO  upgrade.AbstractLayoutVersionManager (AbstractLayoutVersionManager.java:init(82)) - Initializing Layout version manager with metadata layout = MULTITENANCY_SCHEMA (version = 3), software layout = MULTITENANCY_SCHEMA (version = 3)
2022-06-16 16:18:01,865 [Listener at 0.0.0.0/39891] INFO  reflections.Reflections (Reflections.java:scan(232)) - Reflections took 82 ms to scan 2 urls, producing 153 keys and 431 values [using 2 cores]
2022-06-16 16:18:01,870 [Listener at 0.0.0.0/39891] INFO  upgrade.OMLayoutVersionManager (OMLayoutVersionManager.java:lambda$0(115)) - Skipping Upgrade Action MockOmUpgradeAction since it has been finalized.
2022-06-16 16:18:01,871 [Listener at 0.0.0.0/39891] WARN  server.ServerUtils (ServerUtils.java:getDBPath(225)) - ozone.om.db.dirs is not configured. We recommend adding this setting. Falling back to ozone.metadata.dirs instead.
2022-06-16 16:18:02,024 [Listener at 0.0.0.0/39891] INFO  proxy.SCMBlockLocationFailoverProxyProvider (SCMBlockLocationFailoverProxyProvider.java:<init>(114)) - Created block location fail-over proxy with 1 nodes: [nodeId=scmNodeId,nodeAddress=/0.0.0.0:36515]
2022-06-16 16:18:02,048 [Listener at 0.0.0.0/39891] INFO  proxy.SCMBlockLocationFailoverProxyProvider (SCMBlockLocationFailoverProxyProvider.java:<init>(114)) - Created block location fail-over proxy with 1 nodes: [nodeId=scmNodeId,nodeAddress=/0.0.0.0:36515]
2022-06-16 16:18:02,240 [Listener at 0.0.0.0/39891] WARN  server.ServerUtils (ServerUtils.java:getDBPath(225)) - ozone.om.db.dirs is not configured. We recommend adding this setting. Falling back to ozone.metadata.dirs instead.
2022-06-16 16:18:02,246 [Listener at 0.0.0.0/39891] INFO  codec.OmKeyInfoCodec (OmKeyInfoCodec.java:<init>(49)) - OmKeyInfoCodec ignorePipeline = true
2022-06-16 16:18:02,247 [Listener at 0.0.0.0/39891] INFO  codec.RepeatedOmKeyInfoCodec (RepeatedOmKeyInfoCodec.java:<init>(41)) - RepeatedOmKeyInfoCodec ignorePipeline = true
2022-06-16 16:18:02,412 [Listener at 0.0.0.0/39891] INFO  om.OzoneManager (OzoneManager.java:instantiateServices(692)) - S3 Multi-Tenancy is disabled
2022-06-16 16:18:02,488 [Listener at 0.0.0.0/39891] INFO  om.OzoneManager (OzoneManager.java:addS3GVolumeToDB(4259)) - Created Volume s3v With Owner runner required for S3Gateway operations.
2022-06-16 16:18:02,568 [Listener at 0.0.0.0/39891] WARN  server.ServerUtils (ServerUtils.java:getDefaultRatisDirectory(237)) - Storage directory for Ratis is not configured. It is a good idea to map this to an SSD disk. Falling back to ozone.metadata.dirs
2022-06-16 16:18:02,570 [Listener at 0.0.0.0/39891] WARN  utils.OzoneManagerRatisUtils (OzoneManagerRatisUtils.java:getOMRatisSnapshotDirectory(423)) - ozone.om.ratis.snapshot.dir is not configured. Falling back to ozone.metadata.dirs config
2022-06-16 16:18:02,590 [Listener at 0.0.0.0/39891] WARN  server.ServerUtils (ServerUtils.java:getDefaultRatisDirectory(237)) - Storage directory for Ratis is not configured. It is a good idea to map this to an SSD disk. Falling back to ozone.metadata.dirs
2022-06-16 16:18:02,622 [Listener at 0.0.0.0/39891] INFO  ratis.OzoneManagerRatisServer (OzoneManagerRatisServer.java:<init>(159)) - Instantiating OM Ratis server with groupID: omServiceIdDefault and peers: localhost:9872
2022-06-16 16:18:02,632 [Listener at 0.0.0.0/39891] INFO  ratis.OzoneManagerStateMachine (OzoneManagerStateMachine.java:loadSnapshotInfoFromDB(632)) - LastAppliedIndex is set from TransactionInfo from OM DB as (t:0, i:~)
2022-06-16 16:18:02,681 [Listener at 0.0.0.0/39891] INFO  server.RaftServer (ConfUtils.java:logGet(46)) - raft.rpc.type = GRPC (default)
2022-06-16 16:18:02,757 [Listener at 0.0.0.0/39891] INFO  grpc.GrpcFactory (GrpcFactory.java:checkPooledByteBufAllocatorUseCacheForAllThreads(48)) - PERFORMANCE WARNING: useCacheForAllThreads is true that may cause Netty to create a lot garbage objects and, as a result, trigger GC.
	It is recommended to disable useCacheForAllThreads by setting -Dorg.apache.ratis.thirdparty.io.netty.allocator.useCacheForAllThreads=false in command line.
2022-06-16 16:18:02,760 [Listener at 0.0.0.0/39891] INFO  grpc.GrpcConfigKeys (ConfUtils.java:logGet(46)) - raft.grpc.admin.port = -1 (default)
2022-06-16 16:18:02,761 [Listener at 0.0.0.0/39891] INFO  grpc.GrpcConfigKeys (ConfUtils.java:logGet(46)) - raft.grpc.server.port = 9872 (custom)
2022-06-16 16:18:02,761 [Listener at 0.0.0.0/39891] INFO  grpc.GrpcConfigKeys (ConfUtils.java:logGet(46)) - raft.grpc.client.port = -1 (default)
2022-06-16 16:18:02,761 [Listener at 0.0.0.0/39891] INFO  grpc.GrpcConfigKeys (ConfUtils.java:logGet(46)) - raft.grpc.server.port = 9872 (custom)
2022-06-16 16:18:02,762 [Listener at 0.0.0.0/39891] INFO  grpc.GrpcConfigKeys (ConfUtils.java:logGet(46)) - raft.grpc.server.port = 9872 (custom)
2022-06-16 16:18:02,762 [Listener at 0.0.0.0/39891] INFO  server.GrpcService (ConfUtils.java:logGet(46)) - raft.grpc.message.size.max = 33554432 (custom)
2022-06-16 16:18:02,763 [Listener at 0.0.0.0/39891] INFO  server.RaftServerConfigKeys (ConfUtils.java:logGet(46)) - raft.server.log.appender.buffer.byte-limit = 33554432 (custom)
2022-06-16 16:18:02,764 [Listener at 0.0.0.0/39891] INFO  server.GrpcService (ConfUtils.java:logGet(46)) - raft.grpc.flow.control.window = 1MB (=1048576) (default)
2022-06-16 16:18:02,764 [Listener at 0.0.0.0/39891] INFO  server.RaftServerConfigKeys (ConfUtils.java:logGet(46)) - raft.server.rpc.request.timeout = 3000ms (default)
2022-06-16 16:18:02,780 [Listener at 0.0.0.0/39891] INFO  grpc.GrpcConfigKeys (ConfUtils.java:logGet(46)) - raft.grpc.server.async.request.thread.pool.cached = true (default)
2022-06-16 16:18:02,780 [Listener at 0.0.0.0/39891] INFO  grpc.GrpcConfigKeys (ConfUtils.java:logGet(46)) - raft.grpc.server.async.request.thread.pool.size = 32 (default)
2022-06-16 16:18:03,048 [Listener at 0.0.0.0/39891] INFO  impl.DataStreamServerImpl (ConfUtils.java:logGet(46)) - raft.datastream.type = DISABLED (default)
2022-06-16 16:18:03,050 [Listener at 0.0.0.0/39891] INFO  server.RaftServerConfigKeys (ConfUtils.java:logGet(46)) - raft.server.threadpool.proxy.cached = true (default)
2022-06-16 16:18:03,051 [Listener at 0.0.0.0/39891] INFO  server.RaftServerConfigKeys (ConfUtils.java:logGet(46)) - raft.server.threadpool.proxy.size = 0 (default)
2022-06-16 16:18:03,051 [Listener at 0.0.0.0/39891] INFO  server.RaftServerConfigKeys (ConfUtils.java:logGet(46)) - raft.server.rpc.slowness.timeout = 120s (custom)
2022-06-16 16:18:03,051 [Listener at 0.0.0.0/39891] INFO  server.RaftServerConfigKeys (ConfUtils.java:logGet(46)) - raft.server.leaderelection.leader.step-down.wait-time = 10s (default)
2022-06-16 16:18:03,054 [Listener at 0.0.0.0/39891] INFO  server.RaftServerConfigKeys (ConfUtils.java:logGet(46)) - raft.server.storage.dir = [/home/runner/work/ozone/ozone/hadoop-ozone/integration-test/target/test-dir/MiniOzoneClusterImpl-56990420-bd6f-4635-88fd-a0a02cb22c91/ozone-meta/ratis] (custom)
2022-06-16 16:18:03,064 [Listener at 0.0.0.0/39891] INFO  server.RaftServer (RaftServerProxy.java:addNew(96)) - om1: addNew group-C5BA1605619E:[om1|rpc:localhost:9872|priority:0] returns group-C5BA1605619E:java.util.concurrent.CompletableFuture@7e6c990f[Not completed]
2022-06-16 16:18:03,064 [Listener at 0.0.0.0/39891] INFO  om.OzoneManager (OzoneManager.java:initializeRatisServer(1961)) - OzoneManager Ratis server initialized at port 9872
2022-06-16 16:18:03,078 [Listener at 0.0.0.0/39891] INFO  om.OzoneManager (OzoneManager.java:getRpcServer(1081)) - Creating RPC Server
2022-06-16 16:18:03,118 [pool-55-thread-1] INFO  server.RaftServer$Division (RaftServerImpl.java:<init>(190)) - om1: new RaftServerImpl for group-C5BA1605619E:[om1|rpc:localhost:9872|priority:0] with OzoneManagerStateMachine:uninitialized
2022-06-16 16:18:03,122 [pool-55-thread-1] INFO  server.RaftServerConfigKeys (ConfUtils.java:logGet(46)) - raft.server.rpc.timeout.min = 1s (custom)
2022-06-16 16:18:03,126 [pool-55-thread-1] INFO  server.RaftServerConfigKeys (ConfUtils.java:logGet(46)) - raft.server.rpc.timeout.max = 1200ms (custom)
2022-06-16 16:18:03,126 [pool-55-thread-1] INFO  server.RaftServerConfigKeys (ConfUtils.java:logGet(46)) - raft.server.rpc.sleep.time = 25ms (default)
2022-06-16 16:18:03,126 [pool-55-thread-1] INFO  server.RaftServerConfigKeys (ConfUtils.java:logGet(46)) - raft.server.rpc.slowness.timeout = 120s (custom)
2022-06-16 16:18:03,126 [pool-55-thread-1] INFO  server.RaftServerConfigKeys (ConfUtils.java:logGet(46)) - raft.server.leaderelection.leader.step-down.wait-time = 10s (default)
2022-06-16 16:18:03,126 [pool-55-thread-1] INFO  server.RaftServerConfigKeys (ConfUtils.java:logGet(46)) - raft.server.sleep.deviation.threshold = 300ms (default)
2022-06-16 16:18:03,135 [pool-55-thread-1] INFO  server.RaftServer$Division (ServerState.java:<init>(107)) - om1@group-C5BA1605619E: ConfigurationManager, init=-1: [om1|rpc:localhost:9872|priority:0], old=null, confs=<EMPTY_MAP>
2022-06-16 16:18:03,135 [pool-55-thread-1] INFO  server.RaftServerConfigKeys (ConfUtils.java:logGet(46)) - raft.server.storage.dir = [/home/runner/work/ozone/ozone/hadoop-ozone/integration-test/target/test-dir/MiniOzoneClusterImpl-56990420-bd6f-4635-88fd-a0a02cb22c91/ozone-meta/ratis] (custom)
2022-06-16 16:18:03,139 [pool-55-thread-1] INFO  server.RaftServerConfigKeys (ConfUtils.java:logGet(46)) - raft.server.log.corruption.policy = EXCEPTION (default)
2022-06-16 16:18:03,139 [pool-55-thread-1] INFO  server.RaftServerConfigKeys (ConfUtils.java:logGet(46)) - raft.server.storage.free-space.min = 0MB (=0) (default)
2022-06-16 16:18:03,141 [pool-55-thread-1] INFO  storage.RaftStorageDirectory (RaftStorageDirectoryImpl.java:analyzeStorage(135)) - The storage directory /home/runner/work/ozone/ozone/hadoop-ozone/integration-test/target/test-dir/MiniOzoneClusterImpl-56990420-bd6f-4635-88fd-a0a02cb22c91/ozone-meta/ratis/bf265839-605b-3f16-9796-c5ba1605619e does not exist. Creating ...
2022-06-16 16:18:03,152 [pool-55-thread-1] INFO  storage.RaftStorageDirectory (RaftStorageDirectoryImpl.java:tryLock(230)) - Lock on /home/runner/work/ozone/ozone/hadoop-ozone/integration-test/target/test-dir/MiniOzoneClusterImpl-56990420-bd6f-4635-88fd-a0a02cb22c91/ozone-meta/ratis/bf265839-605b-3f16-9796-c5ba1605619e/in_use.lock acquired by nodename 3861@fv-az37-268
2022-06-16 16:18:03,166 [pool-55-thread-1] INFO  storage.RaftStorage (RaftStorageImpl.java:format(89)) - Storage directory /home/runner/work/ozone/ozone/hadoop-ozone/integration-test/target/test-dir/MiniOzoneClusterImpl-56990420-bd6f-4635-88fd-a0a02cb22c91/ozone-meta/ratis/bf265839-605b-3f16-9796-c5ba1605619e has been successfully formatted.
2022-06-16 16:18:03,169 [pool-55-thread-1] INFO  server.RaftServerConfigKeys (ConfUtils.java:logGet(46)) - raft.server.notification.no-leader.timeout = 120s (custom)
2022-06-16 16:18:03,186 [pool-55-thread-1] INFO  server.RaftServerConfigKeys (ConfUtils.java:logGet(46)) - raft.server.log.use.memory = false (default)
2022-06-16 16:18:03,193 [pool-55-thread-1] INFO  server.RaftServerConfigKeys (ConfUtils.java:logGet(46)) - raft.server.log.purge.gap = 1000000 (custom)
2022-06-16 16:18:03,193 [pool-55-thread-1] INFO  server.RaftServerConfigKeys (ConfUtils.java:logGet(46)) - raft.server.log.appender.buffer.byte-limit = 33554432 (custom)
2022-06-16 16:18:03,211 [pool-55-thread-1] INFO  server.RaftServerConfigKeys (ConfUtils.java:logGet(46)) - raft.server.log.statemachine.data.read.timeout = 1000ms (default)
2022-06-16 16:18:03,238 [pool-55-thread-1] INFO  server.RaftServerConfigKeys (ConfUtils.java:logGet(46)) - raft.server.log.segment.size.max = 4194304 (custom)
2022-06-16 16:18:03,246 [pool-55-thread-1] INFO  server.RaftServerConfigKeys (ConfUtils.java:logGet(46)) - raft.server.log.segment.cache.num.max = 2 (custom)
2022-06-16 16:18:03,247 [pool-55-thread-1] INFO  server.RaftServerConfigKeys (ConfUtils.java:logGet(46)) - raft.server.log.segment.cache.size.max = 200MB (=209715200) (default)
2022-06-16 16:18:03,301 [pool-55-thread-1] INFO  segmented.SegmentedRaftLogWorker (SegmentedRaftLogWorker.java:<init>(187)) - new om1@group-C5BA1605619E-SegmentedRaftLogWorker for RaftStorageImpl:Storage Directory /home/runner/work/ozone/ozone/hadoop-ozone/integration-test/target/test-dir/MiniOzoneClusterImpl-56990420-bd6f-4635-88fd-a0a02cb22c91/ozone-meta/ratis/bf265839-605b-3f16-9796-c5ba1605619e
2022-06-16 16:18:03,302 [pool-55-thread-1] INFO  server.RaftServerConfigKeys (ConfUtils.java:logGet(46)) - raft.server.log.queue.byte-limit = 64MB (=67108864) (default)
2022-06-16 16:18:03,303 [pool-55-thread-1] INFO  server.RaftServerConfigKeys (ConfUtils.java:logGet(46)) - raft.server.log.queue.element-limit = 4096 (default)
2022-06-16 16:18:03,329 [pool-55-thread-1] INFO  server.RaftServerConfigKeys (ConfUtils.java:logGet(46)) - raft.server.log.segment.size.max = 4194304 (custom)
2022-06-16 16:18:03,329 [pool-55-thread-1] INFO  server.RaftServerConfigKeys (ConfUtils.java:logGet(46)) - raft.server.log.preallocated.size = 4194304 (custom)
2022-06-16 16:18:03,330 [pool-55-thread-1] INFO  server.RaftServerConfigKeys (ConfUtils.java:logGet(46)) - raft.server.log.force.sync.num = 128 (default)
2022-06-16 16:18:03,331 [pool-55-thread-1] INFO  server.RaftServerConfigKeys (ConfUtils.java:logGet(46)) - raft.server.log.statemachine.data.sync = true (default)
2022-06-16 16:18:03,331 [pool-55-thread-1] INFO  server.RaftServerConfigKeys (ConfUtils.java:logGet(46)) - raft.server.log.statemachine.data.sync.timeout = 10s (default)
2022-06-16 16:18:03,332 [pool-55-thread-1] INFO  server.RaftServerConfigKeys (ConfUtils.java:logGet(46)) - raft.server.log.statemachine.data.sync.timeout.retry = -1 (default)
2022-06-16 16:18:03,352 [pool-55-thread-1] INFO  server.RaftServerConfigKeys (ConfUtils.java:logGet(46)) - raft.server.log.write.buffer.size = 64KB (=65536) (default)
2022-06-16 16:18:03,352 [pool-55-thread-1] INFO  server.RaftServerConfigKeys (ConfUtils.java:logGet(46)) - raft.server.log.unsafe-flush.enabled = false (default)
2022-06-16 16:18:03,352 [pool-55-thread-1] INFO  server.RaftServerConfigKeys (ConfUtils.java:logGet(46)) - raft.server.log.statemachine.data.caching.enabled = false (default)
2022-06-16 16:18:03,386 [pool-55-thread-1] INFO  segmented.SegmentedRaftLogWorker (SegmentedRaftLogWorker.java:lambda$new$0(135)) - om1@group-C5BA1605619E-SegmentedRaftLogWorker: flushIndex: setUnconditionally 0 -> -1
2022-06-16 16:18:03,386 [pool-55-thread-1] INFO  segmented.SegmentedRaftLogWorker (SegmentedRaftLogWorker.java:lambda$new$0(135)) - om1@group-C5BA1605619E-SegmentedRaftLogWorker: safeCacheEvictIndex: setUnconditionally 0 -> -1
2022-06-16 16:18:03,398 [pool-55-thread-1] INFO  server.RaftServerConfigKeys (ConfUtils.java:logGet(46)) - raft.server.snapshot.auto.trigger.enabled = true (custom)
2022-06-16 16:18:03,401 [pool-55-thread-1] INFO  server.RaftServerConfigKeys (ConfUtils.java:logGet(46)) - raft.server.snapshot.auto.trigger.threshold = 400000 (default)
2022-06-16 16:18:03,401 [pool-55-thread-1] INFO  server.RaftServerConfigKeys (ConfUtils.java:logGet(46)) - raft.server.snapshot.retention.file.num = -1 (default)
2022-06-16 16:18:03,407 [pool-55-thread-1] INFO  server.RaftServerConfigKeys (ConfUtils.java:logGet(46)) - raft.server.log.purge.upto.snapshot.index = true (custom)
2022-06-16 16:18:03,409 [pool-55-thread-1] INFO  server.RaftServerConfigKeys (ConfUtils.java:logGet(46)) - raft.server.retrycache.expirytime = 300s (custom)
2022-06-16 16:18:03,409 [pool-55-thread-1] INFO  server.RaftServerConfigKeys (ConfUtils.java:logGet(46)) - raft.server.retrycache.statistics.expirytime = 100μs (default)
2022-06-16 16:18:03,535 [pool-55-thread-1] INFO  server.RaftServerConfigKeys (ConfUtils.java:logGet(46)) - raft.server.log.appender.install.snapshot.enabled = false (custom)
2022-06-16 16:18:03,535 [pool-55-thread-1] INFO  server.RaftServerConfigKeys (ConfUtils.java:logGet(46)) - raft.server.threadpool.server.cached = true (default)
2022-06-16 16:18:03,535 [pool-55-thread-1] INFO  server.RaftServerConfigKeys (ConfUtils.java:logGet(46)) - raft.server.threadpool.server.size = 0 (default)
2022-06-16 16:18:03,536 [pool-55-thread-1] INFO  server.RaftServerConfigKeys (ConfUtils.java:logGet(46)) - raft.server.threadpool.client.cached = true (default)
2022-06-16 16:18:03,536 [pool-55-thread-1] INFO  server.RaftServerConfigKeys (ConfUtils.java:logGet(46)) - raft.server.threadpool.client.size = 0 (default)
2022-06-16 16:18:03,806 [Listener at 0.0.0.0/39891] INFO  reflections.Reflections (Reflections.java:scan(232)) - Reflections took 679 ms to scan 19 urls, producing 66 keys and 4010 values [using 2 cores]
2022-06-16 16:18:03,964 [Listener at 0.0.0.0/39891] INFO  ipc.CallQueueManager (CallQueueManager.java:<init>(90)) - Using callQueue: class java.util.concurrent.LinkedBlockingQueue, queueCapacity: 2000, scheduler: class org.apache.hadoop.ipc.DefaultRpcScheduler, ipcBackoff: false.
2022-06-16 16:18:03,966 [Socket Reader #1 for port 0] INFO  ipc.Server (Server.java:run(1265)) - Starting Socket Reader #1 for port 0
2022-06-16 16:18:04,003 [Listener at 127.0.0.1/37419] INFO  impl.MetricsSystemImpl (MetricsSystemImpl.java:init(158)) - OzoneManager metrics system started (again)
2022-06-16 16:18:04,014 [Listener at 127.0.0.1/37419] INFO  om.OzoneManager (OzoneManager.java:start(1465)) - OzoneManager RPC server is listening at localhost/127.0.0.1:37419
2022-06-16 16:18:04,015 [Listener at 127.0.0.1/37419] INFO  ratis.OzoneManagerRatisServer (OzoneManagerRatisServer.java:start(554)) - Starting OzoneManagerRatisServer om1 at port 9872
2022-06-16 16:18:04,017 [om1-impl-thread1] INFO  server.RaftServer$Division (RaftServerImpl.java:start(310)) - om1@group-C5BA1605619E: start as a follower, conf=-1: [om1|rpc:localhost:9872|priority:0], old=null
2022-06-16 16:18:04,017 [om1-impl-thread1] INFO  server.RaftServer$Division (RaftServerImpl.java:setRole(299)) - om1@group-C5BA1605619E: changes role from      null to FOLLOWER at term 0 for startAsFollower
2022-06-16 16:18:04,018 [om1-impl-thread1] INFO  impl.RoleInfo (RoleInfo.java:updateAndGet(139)) - om1: start om1@group-C5BA1605619E-FollowerState
2022-06-16 16:18:04,019 [om1-impl-thread1] INFO  util.JmxRegister (JmxRegister.java:tryRegister(44)) - Successfully registered JMX Bean with object name Ratis:service=RaftServer,group=group-C5BA1605619E,id=om1
2022-06-16 16:18:04,023 [Listener at 127.0.0.1/37419] INFO  server.RaftServer (RaftServerProxy.java:lambda$start$6(382)) - om1: start RPC server
2022-06-16 16:18:04,185 [Listener at 127.0.0.1/37419] INFO  server.GrpcService (GrpcService.java:startImpl(260)) - om1: GrpcService started, listening on 9872
2022-06-16 16:18:04,186 [Listener at 127.0.0.1/37419] INFO  om.OzoneManager (OzoneManager.java:start(1481)) - Version File has different layout version (3) than OM DB (null). That is expected if this OM has never been finalized to a newer layout version.
2022-06-16 16:18:04,188 [org.apache.ratis.util.JvmPauseMonitor$$Lambda$611/1702991963@791930f8] INFO  util.JvmPauseMonitor (JvmPauseMonitor.java:run(103)) - JvmPauseMonitor-om1: Started
2022-06-16 16:18:04,203 [Listener at 127.0.0.1/37419] INFO  http.BaseHttpServer (BaseHttpServer.java:newHttpServer2BuilderForOzone(209)) - Starting Web-server for ozoneManager at: http://0.0.0.0:0
2022-06-16 16:18:04,203 [Listener at 127.0.0.1/37419] INFO  http.BaseHttpServer (BaseHttpServer.java:<init>(107)) - Hadoop Security Enabled: false Ozone Security Enabled: false Ozone HTTP Security Enabled: false 
2022-06-16 16:18:04,206 [Listener at 127.0.0.1/37419] INFO  server.AuthenticationFilter (AuthenticationFilter.java:constructSecretProvider(240)) - Unable to initialize FileSignerSecretProvider, falling back to use random secrets.
2022-06-16 16:18:04,207 [Listener at 127.0.0.1/37419] WARN  http.HttpRequestLog (HttpRequestLog.java:getRequestLog(103)) - Jetty request log can only be enabled using Log4j
2022-06-16 16:18:04,209 [Listener at 127.0.0.1/37419] INFO  http.HttpServer2 (HttpServer2.java:addGlobalFilter(1029)) - Added global filter 'safety' (class=org.apache.hadoop.hdds.server.http.HttpServer2$QuotingInputFilter)
2022-06-16 16:18:04,210 [Listener at 127.0.0.1/37419] INFO  http.HttpServer2 (HttpServer2.java:addFilter(1005)) - Added filter static_user_filter (class=org.apache.hadoop.http.lib.StaticUserWebFilter$StaticUserFilter) to context ozoneManager
2022-06-16 16:18:04,210 [Listener at 127.0.0.1/37419] INFO  http.HttpServer2 (HttpServer2.java:addFilter(1013)) - Added filter static_user_filter (class=org.apache.hadoop.http.lib.StaticUserWebFilter$StaticUserFilter) to context logs
2022-06-16 16:18:04,210 [Listener at 127.0.0.1/37419] INFO  http.HttpServer2 (HttpServer2.java:addFilter(1013)) - Added filter static_user_filter (class=org.apache.hadoop.http.lib.StaticUserWebFilter$StaticUserFilter) to context static
2022-06-16 16:18:04,212 [Listener at 127.0.0.1/37419] INFO  http.HttpServer2 (HttpServer2.java:bindListener(1248)) - Jetty bound to port 35005
2022-06-16 16:18:04,212 [Listener at 127.0.0.1/37419] INFO  server.Server (Server.java:doStart(375)) - jetty-9.4.43.v20210629; built: 2021-06-30T11:07:22.254Z; git: 526006ecfa3af7f1a27ef3a288e2bef7ea9dd7e8; jvm 1.8.0_332-b09
2022-06-16 16:18:04,215 [Listener at 127.0.0.1/37419] INFO  server.session (DefaultSessionIdManager.java:doStart(334)) - DefaultSessionIdManager workerName=node0
2022-06-16 16:18:04,215 [Listener at 127.0.0.1/37419] INFO  server.session (DefaultSessionIdManager.java:doStart(339)) - No SessionScavenger set, using defaults
2022-06-16 16:18:04,215 [Listener at 127.0.0.1/37419] INFO  server.session (HouseKeeper.java:startScavenging(132)) - node0 Scavenging every 600000ms
2022-06-16 16:18:04,216 [Listener at 127.0.0.1/37419] INFO  handler.ContextHandler (ContextHandler.java:doStart(915)) - Started o.e.j.s.ServletContextHandler@1bfca85c{logs,/logs,file:///home/runner/work/ozone/ozone/hadoop-ozone/integration-test/target/log,AVAILABLE}
2022-06-16 16:18:04,216 [Listener at 127.0.0.1/37419] INFO  handler.ContextHandler (ContextHandler.java:doStart(915)) - Started o.e.j.s.ServletContextHandler@43eb053e{static,/static,file:///home/runner/work/ozone/ozone/hadoop-ozone/integration-test/target/test-classes/webapps/static,AVAILABLE}
2022-06-16 16:18:04,219 [Listener at 127.0.0.1/37419] INFO  handler.ContextHandler (ContextHandler.java:doStart(915)) - Started o.e.j.w.WebAppContext@722479ba{ozoneManager,/,file:///home/runner/work/ozone/ozone/hadoop-ozone/integration-test/target/test-classes/webapps/ozoneManager/,AVAILABLE}{file:/home/runner/work/ozone/ozone/hadoop-ozone/integration-test/target/test-classes/webapps/ozoneManager}
2022-06-16 16:18:04,230 [Listener at 127.0.0.1/37419] INFO  server.AbstractConnector (AbstractConnector.java:doStart(331)) - Started ServerConnector@45b4135{HTTP/1.1, (http/1.1)}{0.0.0.0:35005}
2022-06-16 16:18:04,230 [Listener at 127.0.0.1/37419] INFO  server.Server (Server.java:doStart(415)) - Started @6866ms
2022-06-16 16:18:04,230 [Listener at 127.0.0.1/37419] WARN  impl.MetricsSystemImpl (MetricsSystemImpl.java:register(279)) - Sink prometheus already exists!
2022-06-16 16:18:04,231 [Listener at 127.0.0.1/37419] INFO  http.BaseHttpServer (BaseHttpServer.java:updateConnectorAddress(329)) - HTTP server of ozoneManager listening at http://0.0.0.0:35005
2022-06-16 16:18:04,235 [IPC Server Responder] INFO  ipc.Server (Server.java:run(1507)) - IPC Server Responder: starting
2022-06-16 16:18:04,236 [IPC Server listener on 0] INFO  ipc.Server (Server.java:run(1344)) - IPC Server listener on 0: starting
2022-06-16 16:18:04,276 [Listener at 127.0.0.1/37419] INFO  om.TrashPolicyOzone (TrashPolicyOzone.java:<init>(178)) - Ozone Manager trash configuration: Deletion interval = 0 minutes, Emptier interval = 0 minutes.
2022-06-16 16:18:04,294 [org.apache.hadoop.util.JvmPauseMonitor$Monitor@3ecfc685] INFO  util.JvmPauseMonitor (JvmPauseMonitor.java:run(188)) - Starting JVM pause monitor
2022-06-16 16:18:04,413 [Listener at 127.0.0.1/37419] WARN  impl.MetricRegistriesImpl (MetricRegistriesImpl.java:addReporterRegistration(111)) - New reporters are added after registries were created. Some metrics will be missing from the reporter. Please add reporter before adding any new registry.
2022-06-16 16:18:04,413 [Listener at 127.0.0.1/37419] WARN  impl.MetricRegistriesImpl (MetricRegistriesImpl.java:addReporterRegistration(111)) - New reporters are added after registries were created. Some metrics will be missing from the reporter. Please add reporter before adding any new registry.
2022-06-16 16:18:04,413 [Listener at 127.0.0.1/37419] INFO  impl.MetricsSystemImpl (MetricsSystemImpl.java:init(158)) - HddsDatanode metrics system started (again)
2022-06-16 16:18:04,427 [Listener at 127.0.0.1/37419] INFO  ozone.HddsDatanodeService (HddsDatanodeService.java:start(236)) - HddsDatanodeService host:fv-az37-268.zqe2tmcsx5vuvjs3sdc4q2yfud.gx.internal.cloudapp.net ip:10.1.0.16
2022-06-16 16:18:04,459 [Listener at 127.0.0.1/37419] INFO  upgrade.AbstractLayoutVersionManager (AbstractLayoutVersionManager.java:init(82)) - Initializing Layout version manager with metadata layout = DATANODE_SCHEMA_V3 (version = 4), software layout = DATANODE_SCHEMA_V3 (version = 4)
2022-06-16 16:18:04,499 [Listener at 127.0.0.1/37419] INFO  reflections.Reflections (Reflections.java:scan(232)) - Reflections took 39 ms to scan 7 urls, producing 131 keys and 311 values 
2022-06-16 16:18:04,502 [Listener at 127.0.0.1/37419] INFO  statemachine.DatanodeStateMachine (DatanodeStateMachine.java:getEndPointTaskThreadPoolSize(233)) - Datanode State Machine Task Thread Pool size 2
2022-06-16 16:18:04,550 [Listener at 127.0.0.1/37419] INFO  volume.HddsVolume (HddsVolume.java:<init>(116)) - Creating HddsVolume: /home/runner/work/ozone/ozone/hadoop-ozone/integration-test/target/test-dir/MiniOzoneClusterImpl-56990420-bd6f-4635-88fd-a0a02cb22c91/datanode-0/data-0/containers/hdds of storage type : DISK capacity : 9223372036854775807
2022-06-16 16:18:04,552 [Listener at 127.0.0.1/37419] INFO  volume.MutableVolumeSet (MutableVolumeSet.java:initializeVolumeSet(174)) - Added Volume : /home/runner/work/ozone/ozone/hadoop-ozone/integration-test/target/test-dir/MiniOzoneClusterImpl-56990420-bd6f-4635-88fd-a0a02cb22c91/datanode-0/data-0/containers/hdds to VolumeSet
2022-06-16 16:18:04,553 [Listener at 127.0.0.1/37419] INFO  volume.ThrottledAsyncChecker (ThrottledAsyncChecker.java:schedule(141)) - Scheduling a check for /home/runner/work/ozone/ozone/hadoop-ozone/integration-test/target/test-dir/MiniOzoneClusterImpl-56990420-bd6f-4635-88fd-a0a02cb22c91/datanode-0/data-0/containers/hdds
2022-06-16 16:18:04,574 [Listener at 127.0.0.1/37419] INFO  volume.StorageVolumeChecker (StorageVolumeChecker.java:checkAllVolumes(202)) - Scheduled health check for volume /home/runner/work/ozone/ozone/hadoop-ozone/integration-test/target/test-dir/MiniOzoneClusterImpl-56990420-bd6f-4635-88fd-a0a02cb22c91/datanode-0/data-0/containers/hdds
2022-06-16 16:18:04,589 [Listener at 127.0.0.1/37419] INFO  volume.MutableVolumeSet (MutableVolumeSet.java:initializeVolumeSet(174)) - Added Volume : /home/runner/work/ozone/ozone/hadoop-ozone/integration-test/target/test-dir/MiniOzoneClusterImpl-56990420-bd6f-4635-88fd-a0a02cb22c91/datanode-0/data/ratis to VolumeSet
2022-06-16 16:18:04,589 [Listener at 127.0.0.1/37419] INFO  volume.ThrottledAsyncChecker (ThrottledAsyncChecker.java:schedule(141)) - Scheduling a check for /home/runner/work/ozone/ozone/hadoop-ozone/integration-test/target/test-dir/MiniOzoneClusterImpl-56990420-bd6f-4635-88fd-a0a02cb22c91/datanode-0/data/ratis
2022-06-16 16:18:04,589 [Listener at 127.0.0.1/37419] INFO  volume.StorageVolumeChecker (StorageVolumeChecker.java:checkAllVolumes(202)) - Scheduled health check for volume /home/runner/work/ozone/ozone/hadoop-ozone/integration-test/target/test-dir/MiniOzoneClusterImpl-56990420-bd6f-4635-88fd-a0a02cb22c91/datanode-0/data/ratis
2022-06-16 16:18:04,609 [Thread-133] INFO  ozoneimpl.ContainerReader (ContainerReader.java:readVolume(172)) - Finish verifying containers on volume /home/runner/work/ozone/ozone/hadoop-ozone/integration-test/target/test-dir/MiniOzoneClusterImpl-56990420-bd6f-4635-88fd-a0a02cb22c91/datanode-0/data-0/containers/hdds
2022-06-16 16:18:04,609 [Listener at 127.0.0.1/37419] INFO  ozoneimpl.OzoneContainer (OzoneContainer.java:buildContainerSet(266)) - Build ContainerSet costs 0s
2022-06-16 16:18:04,659 [Listener at 127.0.0.1/37419] INFO  audit.AuditLogger (AuditLogger.java:refreshDebugCmdSet(120)) - Refresh DebugCmdSet for DNAudit to [].
2022-06-16 16:18:04,685 [Listener at 127.0.0.1/37419] INFO  server.RaftServer (ConfUtils.java:logGet(46)) - raft.rpc.type = GRPC (default)
2022-06-16 16:18:04,685 [Listener at 127.0.0.1/37419] INFO  grpc.GrpcFactory (GrpcFactory.java:checkPooledByteBufAllocatorUseCacheForAllThreads(48)) - PERFORMANCE WARNING: useCacheForAllThreads is true that may cause Netty to create a lot garbage objects and, as a result, trigger GC.
	It is recommended to disable useCacheForAllThreads by setting -Dorg.apache.ratis.thirdparty.io.netty.allocator.useCacheForAllThreads=false in command line.
2022-06-16 16:18:04,685 [Listener at 127.0.0.1/37419] INFO  grpc.GrpcConfigKeys (ConfUtils.java:logGet(46)) - raft.grpc.admin.port = 0 (custom)
2022-06-16 16:18:04,685 [Listener at 127.0.0.1/37419] INFO  grpc.GrpcConfigKeys (ConfUtils.java:logGet(46)) - raft.grpc.client.port = 0 (custom)
2022-06-16 16:18:04,686 [Listener at 127.0.0.1/37419] INFO  grpc.GrpcConfigKeys (ConfUtils.java:logGet(46)) - raft.grpc.server.port = 0 (default)
2022-06-16 16:18:04,686 [Listener at 127.0.0.1/37419] INFO  server.GrpcService (ConfUtils.java:logGet(46)) - raft.grpc.message.size.max = 32MB (=33554432) (custom)
2022-06-16 16:18:04,686 [Listener at 127.0.0.1/37419] INFO  server.RaftServerConfigKeys (ConfUtils.java:logGet(46)) - raft.server.log.appender.buffer.byte-limit = 33554432 (custom)
2022-06-16 16:18:04,687 [Listener at 127.0.0.1/37419] INFO  server.GrpcService (ConfUtils.java:logGet(46)) - raft.grpc.flow.control.window = 5MB (=5242880) (custom)
2022-06-16 16:18:04,687 [Listener at 127.0.0.1/37419] INFO  server.RaftServerConfigKeys (ConfUtils.java:logGet(46)) - raft.server.rpc.request.timeout = 60s (custom)
2022-06-16 16:18:04,687 [Listener at 127.0.0.1/37419] INFO  grpc.GrpcConfigKeys (ConfUtils.java:logGet(46)) - raft.grpc.server.async.request.thread.pool.cached = true (default)
2022-06-16 16:18:04,688 [Listener at 127.0.0.1/37419] INFO  grpc.GrpcConfigKeys (ConfUtils.java:logGet(46)) - raft.grpc.server.async.request.thread.pool.size = 32 (default)
2022-06-16 16:18:04,692 [Listener at 127.0.0.1/37419] INFO  impl.DataStreamServerImpl (ConfUtils.java:logGet(46)) - raft.datastream.type = DISABLED (default)
2022-06-16 16:18:04,692 [Listener at 127.0.0.1/37419] INFO  server.RaftServerConfigKeys (ConfUtils.java:logGet(46)) - raft.server.threadpool.proxy.cached = true (default)
2022-06-16 16:18:04,692 [Listener at 127.0.0.1/37419] INFO  server.RaftServerConfigKeys (ConfUtils.java:logGet(46)) - raft.server.threadpool.proxy.size = 0 (default)
2022-06-16 16:18:04,693 [Listener at 127.0.0.1/37419] INFO  server.RaftServerConfigKeys (ConfUtils.java:logGet(46)) - raft.server.rpc.slowness.timeout = 300s (custom)
2022-06-16 16:18:04,693 [Listener at 127.0.0.1/37419] INFO  server.RaftServerConfigKeys (ConfUtils.java:logGet(46)) - raft.server.leaderelection.leader.step-down.wait-time = 10s (default)
2022-06-16 16:18:04,693 [Listener at 127.0.0.1/37419] INFO  server.RaftServerConfigKeys (ConfUtils.java:logGet(46)) - raft.server.storage.dir = [/home/runner/work/ozone/ozone/hadoop-ozone/integration-test/target/test-dir/MiniOzoneClusterImpl-56990420-bd6f-4635-88fd-a0a02cb22c91/datanode-0/data/ratis] (custom)
2022-06-16 16:18:04,710 [Listener at 127.0.0.1/37419] INFO  server.XceiverServerGrpc (XceiverServerGrpc.java:<init>(132)) - GrpcServer channel type EpollServerSocketChannel
2022-06-16 16:18:04,752 [Listener at 127.0.0.1/37419] INFO  http.BaseHttpServer (BaseHttpServer.java:newHttpServer2BuilderForOzone(209)) - Starting Web-server for hddsDatanode at: http://0.0.0.0:0
2022-06-16 16:18:04,753 [Listener at 127.0.0.1/37419] INFO  http.BaseHttpServer (BaseHttpServer.java:<init>(107)) - Hadoop Security Enabled: false Ozone Security Enabled: false Ozone HTTP Security Enabled: false 
2022-06-16 16:18:04,754 [Listener at 127.0.0.1/37419] INFO  server.AuthenticationFilter (AuthenticationFilter.java:constructSecretProvider(240)) - Unable to initialize FileSignerSecretProvider, falling back to use random secrets.
2022-06-16 16:18:04,755 [Listener at 127.0.0.1/37419] WARN  http.HttpRequestLog (HttpRequestLog.java:getRequestLog(103)) - Jetty request log can only be enabled using Log4j
2022-06-16 16:18:04,756 [Listener at 127.0.0.1/37419] INFO  http.HttpServer2 (HttpServer2.java:addGlobalFilter(1029)) - Added global filter 'safety' (class=org.apache.hadoop.hdds.server.http.HttpServer2$QuotingInputFilter)
2022-06-16 16:18:04,757 [Listener at 127.0.0.1/37419] INFO  http.HttpServer2 (HttpServer2.java:addFilter(1005)) - Added filter static_user_filter (class=org.apache.hadoop.http.lib.StaticUserWebFilter$StaticUserFilter) to context hddsDatanode
2022-06-16 16:18:04,757 [Listener at 127.0.0.1/37419] INFO  http.HttpServer2 (HttpServer2.java:addFilter(1013)) - Added filter static_user_filter (class=org.apache.hadoop.http.lib.StaticUserWebFilter$StaticUserFilter) to context logs
2022-06-16 16:18:04,757 [Listener at 127.0.0.1/37419] INFO  http.HttpServer2 (HttpServer2.java:addFilter(1013)) - Added filter static_user_filter (class=org.apache.hadoop.http.lib.StaticUserWebFilter$StaticUserFilter) to context static
2022-06-16 16:18:04,758 [Listener at 127.0.0.1/37419] INFO  http.HttpServer2 (HttpServer2.java:bindListener(1248)) - Jetty bound to port 34375
2022-06-16 16:18:04,759 [Listener at 127.0.0.1/37419] INFO  server.Server (Server.java:doStart(375)) - jetty-9.4.43.v20210629; built: 2021-06-30T11:07:22.254Z; git: 526006ecfa3af7f1a27ef3a288e2bef7ea9dd7e8; jvm 1.8.0_332-b09
2022-06-16 16:18:04,761 [Listener at 127.0.0.1/37419] INFO  server.session (DefaultSessionIdManager.java:doStart(334)) - DefaultSessionIdManager workerName=node0
2022-06-16 16:18:04,761 [Listener at 127.0.0.1/37419] INFO  server.session (DefaultSessionIdManager.java:doStart(339)) - No SessionScavenger set, using defaults
2022-06-16 16:18:04,761 [Listener at 127.0.0.1/37419] INFO  server.session (HouseKeeper.java:startScavenging(132)) - node0 Scavenging every 600000ms
2022-06-16 16:18:04,770 [Listener at 127.0.0.1/37419] INFO  handler.ContextHandler (ContextHandler.java:doStart(915)) - Started o.e.j.s.ServletContextHandler@4f45e1a4{logs,/logs,file:///home/runner/work/ozone/ozone/hadoop-ozone/integration-test/target/log,AVAILABLE}
2022-06-16 16:18:04,771 [Listener at 127.0.0.1/37419] INFO  handler.ContextHandler (ContextHandler.java:doStart(915)) - Started o.e.j.s.ServletContextHandler@536b669{static,/static,jar:file:/home/runner/.m2/repository/org/apache/ozone/hdds-container-service/1.3.0-SNAPSHOT/hdds-container-service-1.3.0-SNAPSHOT.jar!/webapps/static,AVAILABLE}
2022-06-16 16:18:04,959 [Listener at 127.0.0.1/37419] INFO  handler.ContextHandler (ContextHandler.java:doStart(915)) - Started o.e.j.w.WebAppContext@4b0d7cb5{hddsDatanode,/,file:///tmp/jetty-0_0_0_0-34375-hdds-container-service-1_3_0-SNAPSHOT_jar-_-any-2381688307099534796/webapp/,AVAILABLE}{jar:file:/home/runner/.m2/repository/org/apache/ozone/hdds-container-service/1.3.0-SNAPSHOT/hdds-container-service-1.3.0-SNAPSHOT.jar!/webapps/hddsDatanode}
2022-06-16 16:18:04,960 [Listener at 127.0.0.1/37419] INFO  server.AbstractConnector (AbstractConnector.java:doStart(331)) - Started ServerConnector@2966695e{HTTP/1.1, (http/1.1)}{0.0.0.0:34375}
2022-06-16 16:18:04,961 [Listener at 127.0.0.1/37419] INFO  server.Server (Server.java:doStart(415)) - Started @7596ms
2022-06-16 16:18:04,961 [Listener at 127.0.0.1/37419] WARN  impl.MetricsSystemImpl (MetricsSystemImpl.java:register(279)) - Sink prometheus already exists!
2022-06-16 16:18:04,961 [Listener at 127.0.0.1/37419] INFO  http.BaseHttpServer (BaseHttpServer.java:updateConnectorAddress(329)) - HTTP server of hddsDatanode listening at http://0.0.0.0:34375
2022-06-16 16:18:04,965 [Listener at 127.0.0.1/37419] WARN  impl.MetricRegistriesImpl (MetricRegistriesImpl.java:addReporterRegistration(111)) - New reporters are added after registries were created. Some metrics will be missing from the reporter. Please add reporter before adding any new registry.
2022-06-16 16:18:04,965 [Listener at 127.0.0.1/37419] WARN  impl.MetricRegistriesImpl (MetricRegistriesImpl.java:addReporterRegistration(111)) - New reporters are added after registries were created. Some metrics will be missing from the reporter. Please add reporter before adding any new registry.
2022-06-16 16:18:04,965 [Listener at 127.0.0.1/37419] INFO  impl.MetricsSystemImpl (MetricsSystemImpl.java:init(158)) - HddsDatanode metrics system started (again)
2022-06-16 16:18:04,966 [Datanode State Machine Daemon Thread] INFO  statemachine.DatanodeStateMachine (DatanodeStateMachine.java:lambda$startDaemon$0(484)) - Ozone container server started.
2022-06-16 16:18:04,976 [Listener at 127.0.0.1/37419] INFO  ozone.HddsDatanodeService (HddsDatanodeService.java:start(236)) - HddsDatanodeService host:fv-az37-268.zqe2tmcsx5vuvjs3sdc4q2yfud.gx.internal.cloudapp.net ip:10.1.0.16
2022-06-16 16:18:04,977 [org.apache.hadoop.util.JvmPauseMonitor$Monitor@29d387ed] INFO  util.JvmPauseMonitor (JvmPauseMonitor.java:run(188)) - Starting JVM pause monitor
2022-06-16 16:18:04,998 [Listener at 127.0.0.1/37419] INFO  upgrade.AbstractLayoutVersionManager (AbstractLayoutVersionManager.java:init(82)) - Initializing Layout version manager with metadata layout = DATANODE_SCHEMA_V3 (version = 4), software layout = DATANODE_SCHEMA_V3 (version = 4)
2022-06-16 16:18:05,039 [Listener at 127.0.0.1/37419] INFO  reflections.Reflections (Reflections.java:scan(232)) - Reflections took 40 ms to scan 7 urls, producing 131 keys and 311 values 
2022-06-16 16:18:05,043 [Listener at 127.0.0.1/37419] INFO  statemachine.DatanodeStateMachine (DatanodeStateMachine.java:getEndPointTaskThreadPoolSize(233)) - Datanode State Machine Task Thread Pool size 2
2022-06-16 16:18:05,051 [Listener at 127.0.0.1/37419] INFO  volume.HddsVolume (HddsVolume.java:<init>(116)) - Creating HddsVolume: /home/runner/work/ozone/ozone/hadoop-ozone/integration-test/target/test-dir/MiniOzoneClusterImpl-56990420-bd6f-4635-88fd-a0a02cb22c91/datanode-1/data-0/containers/hdds of storage type : DISK capacity : 9223372036854775807
2022-06-16 16:18:05,051 [Listener at 127.0.0.1/37419] INFO  volume.MutableVolumeSet (MutableVolumeSet.java:initializeVolumeSet(174)) - Added Volume : /home/runner/work/ozone/ozone/hadoop-ozone/integration-test/target/test-dir/MiniOzoneClusterImpl-56990420-bd6f-4635-88fd-a0a02cb22c91/datanode-1/data-0/containers/hdds to VolumeSet
2022-06-16 16:18:05,051 [Listener at 127.0.0.1/37419] INFO  volume.ThrottledAsyncChecker (ThrottledAsyncChecker.java:schedule(141)) - Scheduling a check for /home/runner/work/ozone/ozone/hadoop-ozone/integration-test/target/test-dir/MiniOzoneClusterImpl-56990420-bd6f-4635-88fd-a0a02cb22c91/datanode-1/data-0/containers/hdds
2022-06-16 16:18:05,054 [om1@group-C5BA1605619E-FollowerState] INFO  impl.FollowerState (FollowerState.java:run(143)) - om1@group-C5BA1605619E-FollowerState: change to CANDIDATE, lastRpcElapsedTime:1035828086ns, electionTimeout:1021ms
2022-06-16 16:18:05,066 [Listener at 127.0.0.1/37419] INFO  volume.StorageVolumeChecker (StorageVolumeChecker.java:checkAllVolumes(202)) - Scheduled health check for volume /home/runner/work/ozone/ozone/hadoop-ozone/integration-test/target/test-dir/MiniOzoneClusterImpl-56990420-bd6f-4635-88fd-a0a02cb22c91/datanode-1/data-0/containers/hdds
2022-06-16 16:18:05,055 [om1@group-C5BA1605619E-FollowerState] INFO  impl.RoleInfo (RoleInfo.java:shutdownFollowerState(110)) - om1: shutdown om1@group-C5BA1605619E-FollowerState
2022-06-16 16:18:05,071 [om1@group-C5BA1605619E-FollowerState] INFO  server.RaftServer$Division (RaftServerImpl.java:setRole(299)) - om1@group-C5BA1605619E: changes role from  FOLLOWER to CANDIDATE at term 0 for changeToCandidate
2022-06-16 16:18:05,073 [om1@group-C5BA1605619E-FollowerState] INFO  server.RaftServerConfigKeys (ConfUtils.java:logGet(46)) - raft.server.leaderelection.pre-vote = false (custom)
2022-06-16 16:18:05,073 [om1@group-C5BA1605619E-FollowerState] INFO  impl.RoleInfo (RoleInfo.java:updateAndGet(139)) - om1: start om1@group-C5BA1605619E-LeaderElection1
2022-06-16 16:18:05,094 [om1@group-C5BA1605619E-LeaderElection1] INFO  impl.LeaderElection (LeaderElection.java:askForVotes(310)) - om1@group-C5BA1605619E-LeaderElection1 ELECTION round 0: submit vote requests at term 1 for -1: [om1|rpc:localhost:9872|priority:0], old=null
2022-06-16 16:18:05,095 [om1@group-C5BA1605619E-LeaderElection1] INFO  impl.LeaderElection (LeaderElection.java:askForVotes(312)) - om1@group-C5BA1605619E-LeaderElection1 ELECTION round 0: result PASSED (term=1)
2022-06-16 16:18:05,102 [Listener at 127.0.0.1/37419] INFO  volume.MutableVolumeSet (MutableVolumeSet.java:initializeVolumeSet(174)) - Added Volume : /home/runner/work/ozone/ozone/hadoop-ozone/integration-test/target/test-dir/MiniOzoneClusterImpl-56990420-bd6f-4635-88fd-a0a02cb22c91/datanode-1/data/ratis to VolumeSet
2022-06-16 16:18:05,102 [Listener at 127.0.0.1/37419] INFO  volume.ThrottledAsyncChecker (ThrottledAsyncChecker.java:schedule(141)) - Scheduling a check for /home/runner/work/ozone/ozone/hadoop-ozone/integration-test/target/test-dir/MiniOzoneClusterImpl-56990420-bd6f-4635-88fd-a0a02cb22c91/datanode-1/data/ratis
2022-06-16 16:18:05,102 [Listener at 127.0.0.1/37419] INFO  volume.StorageVolumeChecker (StorageVolumeChecker.java:checkAllVolumes(202)) - Scheduled health check for volume /home/runner/work/ozone/ozone/hadoop-ozone/integration-test/target/test-dir/MiniOzoneClusterImpl-56990420-bd6f-4635-88fd-a0a02cb22c91/datanode-1/data/ratis
2022-06-16 16:18:05,106 [om1@group-C5BA1605619E-LeaderElection1] INFO  impl.RoleInfo (RoleInfo.java:shutdownLeaderElection(130)) - om1: shutdown om1@group-C5BA1605619E-LeaderElection1
2022-06-16 16:18:05,114 [om1@group-C5BA1605619E-LeaderElection1] INFO  server.RaftServer$Division (RaftServerImpl.java:setRole(299)) - om1@group-C5BA1605619E: changes role from CANDIDATE to LEADER at term 1 for changeToLeader
2022-06-16 16:18:05,114 [om1@group-C5BA1605619E-LeaderElection1] INFO  server.RaftServer$Division (ServerState.java:setLeader(287)) - om1@group-C5BA1605619E: change Leader from null to om1 at term 1 for becomeLeader, leader elected after 1945ms
2022-06-16 16:18:05,120 [om1@group-C5BA1605619E-LeaderElection1] INFO  server.RaftServerConfigKeys (ConfUtils.java:logGet(46)) - raft.server.staging.catchup.gap = 1000 (default)
2022-06-16 16:18:05,133 [om1@group-C5BA1605619E-LeaderElection1] INFO  server.RaftServerConfigKeys (ConfUtils.java:logGet(46)) - raft.server.write.element-limit = 4096 (default)
2022-06-16 16:18:05,134 [om1@group-C5BA1605619E-LeaderElection1] INFO  server.RaftServerConfigKeys (ConfUtils.java:logGet(46)) - raft.server.write.byte-limit = 64MB (=67108864) (default)
2022-06-16 16:18:05,136 [Thread-148] INFO  ozoneimpl.ContainerReader (ContainerReader.java:readVolume(172)) - Finish verifying containers on volume /home/runner/work/ozone/ozone/hadoop-ozone/integration-test/target/test-dir/MiniOzoneClusterImpl-56990420-bd6f-4635-88fd-a0a02cb22c91/datanode-1/data-0/containers/hdds
2022-06-16 16:18:05,138 [Listener at 127.0.0.1/37419] INFO  ozoneimpl.OzoneContainer (OzoneContainer.java:buildContainerSet(266)) - Build ContainerSet costs 0s
2022-06-16 16:18:05,140 [om1@group-C5BA1605619E-LeaderElection1] INFO  server.RaftServerConfigKeys (ConfUtils.java:logGet(46)) - raft.server.watch.timeout = 10s (default)
2022-06-16 16:18:05,140 [om1@group-C5BA1605619E-LeaderElection1] INFO  server.RaftServerConfigKeys (ConfUtils.java:logGet(46)) - raft.server.watch.timeout.denomination = 1s (default)
2022-06-16 16:18:05,140 [om1@group-C5BA1605619E-LeaderElection1] INFO  server.RaftServerConfigKeys (ConfUtils.java:logGet(46)) - raft.server.watch.element-limit = 65536 (default)
2022-06-16 16:18:05,141 [Listener at 127.0.0.1/37419] INFO  server.RaftServer (ConfUtils.java:logGet(46)) - raft.rpc.type = GRPC (default)
2022-06-16 16:18:05,141 [Listener at 127.0.0.1/37419] INFO  grpc.GrpcFactory (GrpcFactory.java:checkPooledByteBufAllocatorUseCacheForAllThreads(48)) - PERFORMANCE WARNING: useCacheForAllThreads is true that may cause Netty to create a lot garbage objects and, as a result, trigger GC.
	It is recommended to disable useCacheForAllThreads by setting -Dorg.apache.ratis.thirdparty.io.netty.allocator.useCacheForAllThreads=false in command line.
2022-06-16 16:18:05,141 [Listener at 127.0.0.1/37419] INFO  grpc.GrpcConfigKeys (ConfUtils.java:logGet(46)) - raft.grpc.admin.port = 0 (custom)
2022-06-16 16:18:05,141 [Listener at 127.0.0.1/37419] INFO  grpc.GrpcConfigKeys (ConfUtils.java:logGet(46)) - raft.grpc.client.port = 0 (custom)
2022-06-16 16:18:05,142 [Listener at 127.0.0.1/37419] INFO  grpc.GrpcConfigKeys (ConfUtils.java:logGet(46)) - raft.grpc.server.port = 0 (default)
2022-06-16 16:18:05,142 [Listener at 127.0.0.1/37419] INFO  server.GrpcService (ConfUtils.java:logGet(46)) - raft.grpc.message.size.max = 32MB (=33554432) (custom)
2022-06-16 16:18:05,142 [Listener at 127.0.0.1/37419] INFO  server.RaftServerConfigKeys (ConfUtils.java:logGet(46)) - raft.server.log.appender.buffer.byte-limit = 33554432 (custom)
2022-06-16 16:18:05,142 [Listener at 127.0.0.1/37419] INFO  server.GrpcService (ConfUtils.java:logGet(46)) - raft.grpc.flow.control.window = 5MB (=5242880) (custom)
2022-06-16 16:18:05,142 [Listener at 127.0.0.1/37419] INFO  server.RaftServerConfigKeys (ConfUtils.java:logGet(46)) - raft.server.rpc.request.timeout = 60s (custom)
2022-06-16 16:18:05,142 [Listener at 127.0.0.1/37419] INFO  grpc.GrpcConfigKeys (ConfUtils.java:logGet(46)) - raft.grpc.server.async.request.thread.pool.cached = true (default)
2022-06-16 16:18:05,142 [Listener at 127.0.0.1/37419] INFO  grpc.GrpcConfigKeys (ConfUtils.java:logGet(46)) - raft.grpc.server.async.request.thread.pool.size = 32 (default)
2022-06-16 16:18:05,143 [Listener at 127.0.0.1/37419] INFO  impl.DataStreamServerImpl (ConfUtils.java:logGet(46)) - raft.datastream.type = DISABLED (default)
2022-06-16 16:18:05,143 [Listener at 127.0.0.1/37419] INFO  server.RaftServerConfigKeys (ConfUtils.java:logGet(46)) - raft.server.threadpool.proxy.cached = true (default)
2022-06-16 16:18:05,143 [Listener at 127.0.0.1/37419] INFO  server.RaftServerConfigKeys (ConfUtils.java:logGet(46)) - raft.server.threadpool.proxy.size = 0 (default)
2022-06-16 16:18:05,144 [Listener at 127.0.0.1/37419] INFO  server.RaftServerConfigKeys (ConfUtils.java:logGet(46)) - raft.server.rpc.slowness.timeout = 300s (custom)
2022-06-16 16:18:05,144 [Listener at 127.0.0.1/37419] INFO  server.RaftServerConfigKeys (ConfUtils.java:logGet(46)) - raft.server.leaderelection.leader.step-down.wait-time = 10s (default)
2022-06-16 16:18:05,144 [Listener at 127.0.0.1/37419] INFO  server.RaftServerConfigKeys (ConfUtils.java:logGet(46)) - raft.server.storage.dir = [/home/runner/work/ozone/ozone/hadoop-ozone/integration-test/target/test-dir/MiniOzoneClusterImpl-56990420-bd6f-4635-88fd-a0a02cb22c91/datanode-1/data/ratis] (custom)
2022-06-16 16:18:05,150 [om1@group-C5BA1605619E-LeaderElection1] INFO  server.RaftServerConfigKeys (ConfUtils.java:logGet(46)) - raft.server.write.element-limit = 4096 (default)
2022-06-16 16:18:05,152 [om1@group-C5BA1605619E-LeaderElection1] INFO  server.RaftServerConfigKeys (ConfUtils.java:logGet(46)) - raft.server.write.follower.gap.ratio.max = -1.0 (default)
2022-06-16 16:18:05,155 [Datanode State Machine Task Thread - 0] INFO  datanode.InitDatanodeState (InitDatanodeState.java:persistContainerDatanodeDetails(138)) - DatanodeDetails is persisted to /home/runner/work/ozone/ozone/hadoop-ozone/integration-test/target/test-dir/MiniOzoneClusterImpl-56990420-bd6f-4635-88fd-a0a02cb22c91/datanode-0/meta/datanode.id
2022-06-16 16:18:05,158 [Listener at 127.0.0.1/37419] INFO  server.XceiverServerGrpc (XceiverServerGrpc.java:<init>(132)) - GrpcServer channel type EpollServerSocketChannel
2022-06-16 16:18:05,160 [Listener at 127.0.0.1/37419] INFO  http.BaseHttpServer (BaseHttpServer.java:newHttpServer2BuilderForOzone(209)) - Starting Web-server for hddsDatanode at: http://0.0.0.0:0
2022-06-16 16:18:05,160 [Listener at 127.0.0.1/37419] INFO  http.BaseHttpServer (BaseHttpServer.java:<init>(107)) - Hadoop Security Enabled: false Ozone Security Enabled: false Ozone HTTP Security Enabled: false 
2022-06-16 16:18:05,162 [Listener at 127.0.0.1/37419] INFO  server.AuthenticationFilter (AuthenticationFilter.java:constructSecretProvider(240)) - Unable to initialize FileSignerSecretProvider, falling back to use random secrets.
2022-06-16 16:18:05,162 [Listener at 127.0.0.1/37419] WARN  http.HttpRequestLog (HttpRequestLog.java:getRequestLog(103)) - Jetty request log can only be enabled using Log4j
2022-06-16 16:18:05,162 [om1@group-C5BA1605619E-LeaderElection1] INFO  impl.RoleInfo (RoleInfo.java:updateAndGet(139)) - om1: start om1@group-C5BA1605619E-LeaderStateImpl
2022-06-16 16:18:05,163 [Listener at 127.0.0.1/37419] INFO  http.HttpServer2 (HttpServer2.java:addGlobalFilter(1029)) - Added global filter 'safety' (class=org.apache.hadoop.hdds.server.http.HttpServer2$QuotingInputFilter)
2022-06-16 16:18:05,164 [Listener at 127.0.0.1/37419] INFO  http.HttpServer2 (HttpServer2.java:addFilter(1005)) - Added filter static_user_filter (class=org.apache.hadoop.http.lib.StaticUserWebFilter$StaticUserFilter) to context hddsDatanode
2022-06-16 16:18:05,164 [Listener at 127.0.0.1/37419] INFO  http.HttpServer2 (HttpServer2.java:addFilter(1013)) - Added filter static_user_filter (class=org.apache.hadoop.http.lib.StaticUserWebFilter$StaticUserFilter) to context logs
2022-06-16 16:18:05,164 [Listener at 127.0.0.1/37419] INFO  http.HttpServer2 (HttpServer2.java:addFilter(1013)) - Added filter static_user_filter (class=org.apache.hadoop.http.lib.StaticUserWebFilter$StaticUserFilter) to context static
2022-06-16 16:18:05,165 [Listener at 127.0.0.1/37419] INFO  http.HttpServer2 (HttpServer2.java:bindListener(1248)) - Jetty bound to port 36869
2022-06-16 16:18:05,165 [Listener at 127.0.0.1/37419] INFO  server.Server (Server.java:doStart(375)) - jetty-9.4.43.v20210629; built: 2021-06-30T11:07:22.254Z; git: 526006ecfa3af7f1a27ef3a288e2bef7ea9dd7e8; jvm 1.8.0_332-b09
2022-06-16 16:18:05,190 [Listener at 127.0.0.1/37419] INFO  server.session (DefaultSessionIdManager.java:doStart(334)) - DefaultSessionIdManager workerName=node0
2022-06-16 16:18:05,190 [Listener at 127.0.0.1/37419] INFO  server.session (DefaultSessionIdManager.java:doStart(339)) - No SessionScavenger set, using defaults
2022-06-16 16:18:05,190 [Listener at 127.0.0.1/37419] INFO  server.session (HouseKeeper.java:startScavenging(132)) - node0 Scavenging every 660000ms
2022-06-16 16:18:05,191 [Listener at 127.0.0.1/37419] INFO  handler.ContextHandler (ContextHandler.java:doStart(915)) - Started o.e.j.s.ServletContextHandler@798828e9{logs,/logs,file:///home/runner/work/ozone/ozone/hadoop-ozone/integration-test/target/log,AVAILABLE}
2022-06-16 16:18:05,191 [Listener at 127.0.0.1/37419] INFO  handler.ContextHandler (ContextHandler.java:doStart(915)) - Started o.e.j.s.ServletContextHandler@a0b8fe6{static,/static,jar:file:/home/runner/.m2/repository/org/apache/ozone/hdds-container-service/1.3.0-SNAPSHOT/hdds-container-service-1.3.0-SNAPSHOT.jar!/webapps/static,AVAILABLE}
2022-06-16 16:18:05,203 [om1@group-C5BA1605619E-LeaderElection1] INFO  segmented.SegmentedRaftLogWorker (SegmentedRaftLogWorker.java:startLogSegment(425)) - om1@group-C5BA1605619E-SegmentedRaftLogWorker: Starting segment from index:0
2022-06-16 16:18:05,271 [om1@group-C5BA1605619E-LeaderElection1] INFO  server.RaftServer$Division (ServerState.java:setRaftConf(393)) - om1@group-C5BA1605619E: set configuration 0: [om1|rpc:localhost:9872|admin:|client:|dataStream:|priority:0], old=null
2022-06-16 16:18:05,326 [om1@group-C5BA1605619E-SegmentedRaftLogWorker] INFO  segmented.SegmentedRaftLogWorker (SegmentedRaftLogWorker.java:execute(629)) - om1@group-C5BA1605619E-SegmentedRaftLogWorker: created new log segment /home/runner/work/ozone/ozone/hadoop-ozone/integration-test/target/test-dir/MiniOzoneClusterImpl-56990420-bd6f-4635-88fd-a0a02cb22c91/ozone-meta/ratis/bf265839-605b-3f16-9796-c5ba1605619e/current/log_inprogress_0
2022-06-16 16:18:05,402 [om1@group-C5BA1605619E-StateMachineUpdater] INFO  ratis.OzoneManagerStateMachine (OzoneManagerStateMachine.java:notifyConfigurationChanged(192)) - Received Configuration change notification from Ratis. New Peer list:
[id: "om1"
address: "localhost:9872"
]
2022-06-16 16:18:05,457 [Listener at 127.0.0.1/37419] INFO  handler.ContextHandler (ContextHandler.java:doStart(915)) - Started o.e.j.w.WebAppContext@5c7744f0{hddsDatanode,/,file:///tmp/jetty-0_0_0_0-36869-hdds-container-service-1_3_0-SNAPSHOT_jar-_-any-4980862123338830977/webapp/,AVAILABLE}{jar:file:/home/runner/.m2/repository/org/apache/ozone/hdds-container-service/1.3.0-SNAPSHOT/hdds-container-service-1.3.0-SNAPSHOT.jar!/webapps/hddsDatanode}
2022-06-16 16:18:05,458 [Listener at 127.0.0.1/37419] INFO  server.AbstractConnector (AbstractConnector.java:doStart(331)) - Started ServerConnector@41971628{HTTP/1.1, (http/1.1)}{0.0.0.0:36869}
2022-06-16 16:18:05,458 [Listener at 127.0.0.1/37419] INFO  server.Server (Server.java:doStart(415)) - Started @8094ms
2022-06-16 16:18:05,459 [Listener at 127.0.0.1/37419] WARN  impl.MetricsSystemImpl (MetricsSystemImpl.java:register(279)) - Sink prometheus already exists!
2022-06-16 16:18:05,459 [Listener at 127.0.0.1/37419] INFO  http.BaseHttpServer (BaseHttpServer.java:updateConnectorAddress(329)) - HTTP server of hddsDatanode listening at http://0.0.0.0:36869
2022-06-16 16:18:05,462 [Listener at 127.0.0.1/37419] WARN  impl.MetricRegistriesImpl (MetricRegistriesImpl.java:addReporterRegistration(111)) - New reporters are added after registries were created. Some metrics will be missing from the reporter. Please add reporter before adding any new registry.
2022-06-16 16:18:05,462 [Listener at 127.0.0.1/37419] WARN  impl.MetricRegistriesImpl (MetricRegistriesImpl.java:addReporterRegistration(111)) - New reporters are added after registries were created. Some metrics will be missing from the reporter. Please add reporter before adding any new registry.
2022-06-16 16:18:05,462 [Listener at 127.0.0.1/37419] INFO  impl.MetricsSystemImpl (MetricsSystemImpl.java:init(158)) - HddsDatanode metrics system started (again)
2022-06-16 16:18:05,471 [Datanode State Machine Daemon Thread] INFO  statemachine.DatanodeStateMachine (DatanodeStateMachine.java:lambda$startDaemon$0(484)) - Ozone container server started.
2022-06-16 16:18:05,480 [Listener at 127.0.0.1/37419] INFO  ozone.HddsDatanodeService (HddsDatanodeService.java:start(236)) - HddsDatanodeService host:fv-az37-268.zqe2tmcsx5vuvjs3sdc4q2yfud.gx.internal.cloudapp.net ip:10.1.0.16
2022-06-16 16:18:05,493 [org.apache.hadoop.util.JvmPauseMonitor$Monitor@3fd6e333] INFO  util.JvmPauseMonitor (JvmPauseMonitor.java:run(188)) - Starting JVM pause monitor
2022-06-16 16:18:05,503 [Datanode State Machine Task Thread - 0] INFO  datanode.InitDatanodeState (InitDatanodeState.java:persistContainerDatanodeDetails(138)) - DatanodeDetails is persisted to /home/runner/work/ozone/ozone/hadoop-ozone/integration-test/target/test-dir/MiniOzoneClusterImpl-56990420-bd6f-4635-88fd-a0a02cb22c91/datanode-1/meta/datanode.id
2022-06-16 16:18:05,507 [Listener at 127.0.0.1/37419] INFO  upgrade.AbstractLayoutVersionManager (AbstractLayoutVersionManager.java:init(82)) - Initializing Layout version manager with metadata layout = DATANODE_SCHEMA_V3 (version = 4), software layout = DATANODE_SCHEMA_V3 (version = 4)
2022-06-16 16:18:05,548 [Listener at 127.0.0.1/37419] INFO  reflections.Reflections (Reflections.java:scan(232)) - Reflections took 40 ms to scan 7 urls, producing 131 keys and 311 values 
2022-06-16 16:18:05,549 [Listener at 127.0.0.1/37419] INFO  statemachine.DatanodeStateMachine (DatanodeStateMachine.java:getEndPointTaskThreadPoolSize(233)) - Datanode State Machine Task Thread Pool size 2
2022-06-16 16:18:05,551 [Listener at 127.0.0.1/37419] INFO  volume.HddsVolume (HddsVolume.java:<init>(116)) - Creating HddsVolume: /home/runner/work/ozone/ozone/hadoop-ozone/integration-test/target/test-dir/MiniOzoneClusterImpl-56990420-bd6f-4635-88fd-a0a02cb22c91/datanode-2/data-0/containers/hdds of storage type : DISK capacity : 9223372036854775807
2022-06-16 16:18:05,552 [Listener at 127.0.0.1/37419] INFO  volume.MutableVolumeSet (MutableVolumeSet.java:initializeVolumeSet(174)) - Added Volume : /home/runner/work/ozone/ozone/hadoop-ozone/integration-test/target/test-dir/MiniOzoneClusterImpl-56990420-bd6f-4635-88fd-a0a02cb22c91/datanode-2/data-0/containers/hdds to VolumeSet
2022-06-16 16:18:05,552 [Listener at 127.0.0.1/37419] INFO  volume.ThrottledAsyncChecker (ThrottledAsyncChecker.java:schedule(141)) - Scheduling a check for /home/runner/work/ozone/ozone/hadoop-ozone/integration-test/target/test-dir/MiniOzoneClusterImpl-56990420-bd6f-4635-88fd-a0a02cb22c91/datanode-2/data-0/containers/hdds
2022-06-16 16:18:05,553 [Listener at 127.0.0.1/37419] INFO  volume.StorageVolumeChecker (StorageVolumeChecker.java:checkAllVolumes(202)) - Scheduled health check for volume /home/runner/work/ozone/ozone/hadoop-ozone/integration-test/target/test-dir/MiniOzoneClusterImpl-56990420-bd6f-4635-88fd-a0a02cb22c91/datanode-2/data-0/containers/hdds
2022-06-16 16:18:05,563 [Listener at 127.0.0.1/37419] INFO  volume.MutableVolumeSet (MutableVolumeSet.java:initializeVolumeSet(174)) - Added Volume : /home/runner/work/ozone/ozone/hadoop-ozone/integration-test/target/test-dir/MiniOzoneClusterImpl-56990420-bd6f-4635-88fd-a0a02cb22c91/datanode-2/data/ratis to VolumeSet
2022-06-16 16:18:05,563 [Listener at 127.0.0.1/37419] INFO  volume.ThrottledAsyncChecker (ThrottledAsyncChecker.java:schedule(141)) - Scheduling a check for /home/runner/work/ozone/ozone/hadoop-ozone/integration-test/target/test-dir/MiniOzoneClusterImpl-56990420-bd6f-4635-88fd-a0a02cb22c91/datanode-2/data/ratis
2022-06-16 16:18:05,564 [Listener at 127.0.0.1/37419] INFO  volume.StorageVolumeChecker (StorageVolumeChecker.java:checkAllVolumes(202)) - Scheduled health check for volume /home/runner/work/ozone/ozone/hadoop-ozone/integration-test/target/test-dir/MiniOzoneClusterImpl-56990420-bd6f-4635-88fd-a0a02cb22c91/datanode-2/data/ratis
2022-06-16 16:18:05,574 [Thread-161] INFO  ozoneimpl.ContainerReader (ContainerReader.java:readVolume(172)) - Finish verifying containers on volume /home/runner/work/ozone/ozone/hadoop-ozone/integration-test/target/test-dir/MiniOzoneClusterImpl-56990420-bd6f-4635-88fd-a0a02cb22c91/datanode-2/data-0/containers/hdds
2022-06-16 16:18:05,574 [Listener at 127.0.0.1/37419] INFO  ozoneimpl.OzoneContainer (OzoneContainer.java:buildContainerSet(266)) - Build ContainerSet costs 0s
2022-06-16 16:18:05,577 [Listener at 127.0.0.1/37419] INFO  server.RaftServer (ConfUtils.java:logGet(46)) - raft.rpc.type = GRPC (default)
2022-06-16 16:18:05,577 [Listener at 127.0.0.1/37419] INFO  grpc.GrpcFactory (GrpcFactory.java:checkPooledByteBufAllocatorUseCacheForAllThreads(48)) - PERFORMANCE WARNING: useCacheForAllThreads is true that may cause Netty to create a lot garbage objects and, as a result, trigger GC.
	It is recommended to disable useCacheForAllThreads by setting -Dorg.apache.ratis.thirdparty.io.netty.allocator.useCacheForAllThreads=false in command line.
2022-06-16 16:18:05,577 [Listener at 127.0.0.1/37419] INFO  grpc.GrpcConfigKeys (ConfUtils.java:logGet(46)) - raft.grpc.admin.port = 0 (custom)
2022-06-16 16:18:05,577 [Listener at 127.0.0.1/37419] INFO  grpc.GrpcConfigKeys (ConfUtils.java:logGet(46)) - raft.grpc.client.port = 0 (custom)
2022-06-16 16:18:05,577 [Listener at 127.0.0.1/37419] INFO  grpc.GrpcConfigKeys (ConfUtils.java:logGet(46)) - raft.grpc.server.port = 0 (default)
2022-06-16 16:18:05,577 [Listener at 127.0.0.1/37419] INFO  server.GrpcService (ConfUtils.java:logGet(46)) - raft.grpc.message.size.max = 32MB (=33554432) (custom)
2022-06-16 16:18:05,577 [Listener at 127.0.0.1/37419] INFO  server.RaftServerConfigKeys (ConfUtils.java:logGet(46)) - raft.server.log.appender.buffer.byte-limit = 33554432 (custom)
2022-06-16 16:18:05,578 [Listener at 127.0.0.1/37419] INFO  server.GrpcService (ConfUtils.java:logGet(46)) - raft.grpc.flow.control.window = 5MB (=5242880) (custom)
2022-06-16 16:18:05,578 [Listener at 127.0.0.1/37419] INFO  server.RaftServerConfigKeys (ConfUtils.java:logGet(46)) - raft.server.rpc.request.timeout = 60s (custom)
2022-06-16 16:18:05,578 [Listener at 127.0.0.1/37419] INFO  grpc.GrpcConfigKeys (ConfUtils.java:logGet(46)) - raft.grpc.server.async.request.thread.pool.cached = true (default)
2022-06-16 16:18:05,578 [Listener at 127.0.0.1/37419] INFO  grpc.GrpcConfigKeys (ConfUtils.java:logGet(46)) - raft.grpc.server.async.request.thread.pool.size = 32 (default)
2022-06-16 16:18:05,579 [Listener at 127.0.0.1/37419] INFO  impl.DataStreamServerImpl (ConfUtils.java:logGet(46)) - raft.datastream.type = DISABLED (default)
2022-06-16 16:18:05,579 [Listener at 127.0.0.1/37419] INFO  server.RaftServerConfigKeys (ConfUtils.java:logGet(46)) - raft.server.threadpool.proxy.cached = true (default)
2022-06-16 16:18:05,579 [Listener at 127.0.0.1/37419] INFO  server.RaftServerConfigKeys (ConfUtils.java:logGet(46)) - raft.server.threadpool.proxy.size = 0 (default)
2022-06-16 16:18:05,579 [Listener at 127.0.0.1/37419] INFO  server.RaftServerConfigKeys (ConfUtils.java:logGet(46)) - raft.server.rpc.slowness.timeout = 300s (custom)
2022-06-16 16:18:05,579 [Listener at 127.0.0.1/37419] INFO  server.RaftServerConfigKeys (ConfUtils.java:logGet(46)) - raft.server.leaderelection.leader.step-down.wait-time = 10s (default)
2022-06-16 16:18:05,580 [Listener at 127.0.0.1/37419] INFO  server.RaftServerConfigKeys (ConfUtils.java:logGet(46)) - raft.server.storage.dir = [/home/runner/work/ozone/ozone/hadoop-ozone/integration-test/target/test-dir/MiniOzoneClusterImpl-56990420-bd6f-4635-88fd-a0a02cb22c91/datanode-2/data/ratis] (custom)
2022-06-16 16:18:05,586 [Listener at 127.0.0.1/37419] INFO  server.XceiverServerGrpc (XceiverServerGrpc.java:<init>(132)) - GrpcServer channel type EpollServerSocketChannel
2022-06-16 16:18:05,591 [Listener at 127.0.0.1/37419] INFO  http.BaseHttpServer (BaseHttpServer.java:newHttpServer2BuilderForOzone(209)) - Starting Web-server for hddsDatanode at: http://0.0.0.0:0
2022-06-16 16:18:05,591 [Listener at 127.0.0.1/37419] INFO  http.BaseHttpServer (BaseHttpServer.java:<init>(107)) - Hadoop Security Enabled: false Ozone Security Enabled: false Ozone HTTP Security Enabled: false 
2022-06-16 16:18:05,592 [Listener at 127.0.0.1/37419] INFO  server.AuthenticationFilter (AuthenticationFilter.java:constructSecretProvider(240)) - Unable to initialize FileSignerSecretProvider, falling back to use random secrets.
2022-06-16 16:18:05,593 [Listener at 127.0.0.1/37419] WARN  http.HttpRequestLog (HttpRequestLog.java:getRequestLog(103)) - Jetty request log can only be enabled using Log4j
2022-06-16 16:18:05,594 [Listener at 127.0.0.1/37419] INFO  http.HttpServer2 (HttpServer2.java:addGlobalFilter(1029)) - Added global filter 'safety' (class=org.apache.hadoop.hdds.server.http.HttpServer2$QuotingInputFilter)
2022-06-16 16:18:05,601 [Listener at 127.0.0.1/37419] INFO  http.HttpServer2 (HttpServer2.java:addFilter(1005)) - Added filter static_user_filter (class=org.apache.hadoop.http.lib.StaticUserWebFilter$StaticUserFilter) to context hddsDatanode
2022-06-16 16:18:05,601 [Listener at 127.0.0.1/37419] INFO  http.HttpServer2 (HttpServer2.java:addFilter(1013)) - Added filter static_user_filter (class=org.apache.hadoop.http.lib.StaticUserWebFilter$StaticUserFilter) to context logs
2022-06-16 16:18:05,601 [Listener at 127.0.0.1/37419] INFO  http.HttpServer2 (HttpServer2.java:addFilter(1013)) - Added filter static_user_filter (class=org.apache.hadoop.http.lib.StaticUserWebFilter$StaticUserFilter) to context static
2022-06-16 16:18:05,602 [Listener at 127.0.0.1/37419] INFO  http.HttpServer2 (HttpServer2.java:bindListener(1248)) - Jetty bound to port 33869
2022-06-16 16:18:05,602 [Listener at 127.0.0.1/37419] INFO  server.Server (Server.java:doStart(375)) - jetty-9.4.43.v20210629; built: 2021-06-30T11:07:22.254Z; git: 526006ecfa3af7f1a27ef3a288e2bef7ea9dd7e8; jvm 1.8.0_332-b09
2022-06-16 16:18:05,615 [Listener at 127.0.0.1/37419] INFO  server.session (DefaultSessionIdManager.java:doStart(334)) - DefaultSessionIdManager workerName=node0
2022-06-16 16:18:05,615 [Listener at 127.0.0.1/37419] INFO  server.session (DefaultSessionIdManager.java:doStart(339)) - No SessionScavenger set, using defaults
2022-06-16 16:18:05,615 [Listener at 127.0.0.1/37419] INFO  server.session (HouseKeeper.java:startScavenging(132)) - node0 Scavenging every 600000ms
2022-06-16 16:18:05,616 [Listener at 127.0.0.1/37419] INFO  handler.ContextHandler (ContextHandler.java:doStart(915)) - Started o.e.j.s.ServletContextHandler@7ab63914{logs,/logs,file:///home/runner/work/ozone/ozone/hadoop-ozone/integration-test/target/log,AVAILABLE}
2022-06-16 16:18:05,616 [Listener at 127.0.0.1/37419] INFO  handler.ContextHandler (ContextHandler.java:doStart(915)) - Started o.e.j.s.ServletContextHandler@658100fd{static,/static,jar:file:/home/runner/.m2/repository/org/apache/ozone/hdds-container-service/1.3.0-SNAPSHOT/hdds-container-service-1.3.0-SNAPSHOT.jar!/webapps/static,AVAILABLE}
2022-06-16 16:18:05,819 [Listener at 127.0.0.1/37419] INFO  handler.ContextHandler (ContextHandler.java:doStart(915)) - Started o.e.j.w.WebAppContext@5cbe7bb8{hddsDatanode,/,file:///tmp/jetty-0_0_0_0-33869-hdds-container-service-1_3_0-SNAPSHOT_jar-_-any-3791051593789024941/webapp/,AVAILABLE}{jar:file:/home/runner/.m2/repository/org/apache/ozone/hdds-container-service/1.3.0-SNAPSHOT/hdds-container-service-1.3.0-SNAPSHOT.jar!/webapps/hddsDatanode}
2022-06-16 16:18:05,820 [Listener at 127.0.0.1/37419] INFO  server.AbstractConnector (AbstractConnector.java:doStart(331)) - Started ServerConnector@4360d359{HTTP/1.1, (http/1.1)}{0.0.0.0:33869}
2022-06-16 16:18:05,820 [Listener at 127.0.0.1/37419] INFO  server.Server (Server.java:doStart(415)) - Started @8455ms
2022-06-16 16:18:05,820 [Listener at 127.0.0.1/37419] WARN  impl.MetricsSystemImpl (MetricsSystemImpl.java:register(279)) - Sink prometheus already exists!
2022-06-16 16:18:05,821 [Listener at 127.0.0.1/37419] INFO  http.BaseHttpServer (BaseHttpServer.java:updateConnectorAddress(329)) - HTTP server of hddsDatanode listening at http://0.0.0.0:33869
2022-06-16 16:18:05,821 [Listener at 127.0.0.1/37419] WARN  impl.MetricRegistriesImpl (MetricRegistriesImpl.java:addReporterRegistration(111)) - New reporters are added after registries were created. Some metrics will be missing from the reporter. Please add reporter before adding any new registry.
2022-06-16 16:18:05,821 [Listener at 127.0.0.1/37419] WARN  impl.MetricRegistriesImpl (MetricRegistriesImpl.java:addReporterRegistration(111)) - New reporters are added after registries were created. Some metrics will be missing from the reporter. Please add reporter before adding any new registry.
2022-06-16 16:18:05,821 [Listener at 127.0.0.1/37419] INFO  impl.MetricsSystemImpl (MetricsSystemImpl.java:init(158)) - HddsDatanode metrics system started (again)
2022-06-16 16:18:05,832 [Listener at 127.0.0.1/37419] INFO  ozone.HddsDatanodeService (HddsDatanodeService.java:start(236)) - HddsDatanodeService host:fv-az37-268.zqe2tmcsx5vuvjs3sdc4q2yfud.gx.internal.cloudapp.net ip:10.1.0.16
2022-06-16 16:18:05,833 [Datanode State Machine Daemon Thread] INFO  statemachine.DatanodeStateMachine (DatanodeStateMachine.java:lambda$startDaemon$0(484)) - Ozone container server started.
2022-06-16 16:18:05,847 [org.apache.hadoop.util.JvmPauseMonitor$Monitor@51563067] INFO  util.JvmPauseMonitor (JvmPauseMonitor.java:run(188)) - Starting JVM pause monitor
2022-06-16 16:18:05,854 [Listener at 127.0.0.1/37419] INFO  upgrade.AbstractLayoutVersionManager (AbstractLayoutVersionManager.java:init(82)) - Initializing Layout version manager with metadata layout = DATANODE_SCHEMA_V3 (version = 4), software layout = DATANODE_SCHEMA_V3 (version = 4)
2022-06-16 16:18:05,854 [Datanode State Machine Task Thread - 0] INFO  datanode.InitDatanodeState (InitDatanodeState.java:persistContainerDatanodeDetails(138)) - DatanodeDetails is persisted to /home/runner/work/ozone/ozone/hadoop-ozone/integration-test/target/test-dir/MiniOzoneClusterImpl-56990420-bd6f-4635-88fd-a0a02cb22c91/datanode-2/meta/datanode.id
2022-06-16 16:18:05,898 [Listener at 127.0.0.1/37419] INFO  reflections.Reflections (Reflections.java:scan(232)) - Reflections took 40 ms to scan 7 urls, producing 131 keys and 311 values 
2022-06-16 16:18:05,899 [Listener at 127.0.0.1/37419] INFO  statemachine.DatanodeStateMachine (DatanodeStateMachine.java:getEndPointTaskThreadPoolSize(233)) - Datanode State Machine Task Thread Pool size 2
2022-06-16 16:18:05,903 [Listener at 127.0.0.1/37419] INFO  volume.HddsVolume (HddsVolume.java:<init>(116)) - Creating HddsVolume: /home/runner/work/ozone/ozone/hadoop-ozone/integration-test/target/test-dir/MiniOzoneClusterImpl-56990420-bd6f-4635-88fd-a0a02cb22c91/datanode-3/data-0/containers/hdds of storage type : DISK capacity : 9223372036854775807
2022-06-16 16:18:05,903 [Listener at 127.0.0.1/37419] INFO  volume.MutableVolumeSet (MutableVolumeSet.java:initializeVolumeSet(174)) - Added Volume : /home/runner/work/ozone/ozone/hadoop-ozone/integration-test/target/test-dir/MiniOzoneClusterImpl-56990420-bd6f-4635-88fd-a0a02cb22c91/datanode-3/data-0/containers/hdds to VolumeSet
2022-06-16 16:18:05,904 [Listener at 127.0.0.1/37419] INFO  volume.ThrottledAsyncChecker (ThrottledAsyncChecker.java:schedule(141)) - Scheduling a check for /home/runner/work/ozone/ozone/hadoop-ozone/integration-test/target/test-dir/MiniOzoneClusterImpl-56990420-bd6f-4635-88fd-a0a02cb22c91/datanode-3/data-0/containers/hdds
2022-06-16 16:18:05,907 [Listener at 127.0.0.1/37419] INFO  volume.StorageVolumeChecker (StorageVolumeChecker.java:checkAllVolumes(202)) - Scheduled health check for volume /home/runner/work/ozone/ozone/hadoop-ozone/integration-test/target/test-dir/MiniOzoneClusterImpl-56990420-bd6f-4635-88fd-a0a02cb22c91/datanode-3/data-0/containers/hdds
2022-06-16 16:18:05,917 [Listener at 127.0.0.1/37419] INFO  volume.MutableVolumeSet (MutableVolumeSet.java:initializeVolumeSet(174)) - Added Volume : /home/runner/work/ozone/ozone/hadoop-ozone/integration-test/target/test-dir/MiniOzoneClusterImpl-56990420-bd6f-4635-88fd-a0a02cb22c91/datanode-3/data/ratis to VolumeSet
2022-06-16 16:18:05,918 [Listener at 127.0.0.1/37419] INFO  volume.ThrottledAsyncChecker (ThrottledAsyncChecker.java:schedule(141)) - Scheduling a check for /home/runner/work/ozone/ozone/hadoop-ozone/integration-test/target/test-dir/MiniOzoneClusterImpl-56990420-bd6f-4635-88fd-a0a02cb22c91/datanode-3/data/ratis
2022-06-16 16:18:05,918 [Listener at 127.0.0.1/37419] INFO  volume.StorageVolumeChecker (StorageVolumeChecker.java:checkAllVolumes(202)) - Scheduled health check for volume /home/runner/work/ozone/ozone/hadoop-ozone/integration-test/target/test-dir/MiniOzoneClusterImpl-56990420-bd6f-4635-88fd-a0a02cb22c91/datanode-3/data/ratis
2022-06-16 16:18:05,929 [Thread-174] INFO  ozoneimpl.ContainerReader (ContainerReader.java:readVolume(172)) - Finish verifying containers on volume /home/runner/work/ozone/ozone/hadoop-ozone/integration-test/target/test-dir/MiniOzoneClusterImpl-56990420-bd6f-4635-88fd-a0a02cb22c91/datanode-3/data-0/containers/hdds
2022-06-16 16:18:05,929 [Listener at 127.0.0.1/37419] INFO  ozoneimpl.OzoneContainer (OzoneContainer.java:buildContainerSet(266)) - Build ContainerSet costs 0s
2022-06-16 16:18:05,931 [Listener at 127.0.0.1/37419] INFO  server.RaftServer (ConfUtils.java:logGet(46)) - raft.rpc.type = GRPC (default)
2022-06-16 16:18:05,932 [Listener at 127.0.0.1/37419] INFO  grpc.GrpcFactory (GrpcFactory.java:checkPooledByteBufAllocatorUseCacheForAllThreads(48)) - PERFORMANCE WARNING: useCacheForAllThreads is true that may cause Netty to create a lot garbage objects and, as a result, trigger GC.
	It is recommended to disable useCacheForAllThreads by setting -Dorg.apache.ratis.thirdparty.io.netty.allocator.useCacheForAllThreads=false in command line.
2022-06-16 16:18:05,932 [Listener at 127.0.0.1/37419] INFO  grpc.GrpcConfigKeys (ConfUtils.java:logGet(46)) - raft.grpc.admin.port = 0 (custom)
2022-06-16 16:18:05,932 [Listener at 127.0.0.1/37419] INFO  grpc.GrpcConfigKeys (ConfUtils.java:logGet(46)) - raft.grpc.client.port = 0 (custom)
2022-06-16 16:18:05,932 [Listener at 127.0.0.1/37419] INFO  grpc.GrpcConfigKeys (ConfUtils.java:logGet(46)) - raft.grpc.server.port = 0 (default)
2022-06-16 16:18:05,932 [Listener at 127.0.0.1/37419] INFO  server.GrpcService (ConfUtils.java:logGet(46)) - raft.grpc.message.size.max = 32MB (=33554432) (custom)
2022-06-16 16:18:05,932 [Listener at 127.0.0.1/37419] INFO  server.RaftServerConfigKeys (ConfUtils.java:logGet(46)) - raft.server.log.appender.buffer.byte-limit = 33554432 (custom)
2022-06-16 16:18:05,932 [Listener at 127.0.0.1/37419] INFO  server.GrpcService (ConfUtils.java:logGet(46)) - raft.grpc.flow.control.window = 5MB (=5242880) (custom)
2022-06-16 16:18:05,932 [Listener at 127.0.0.1/37419] INFO  server.RaftServerConfigKeys (ConfUtils.java:logGet(46)) - raft.server.rpc.request.timeout = 60s (custom)
2022-06-16 16:18:05,933 [Listener at 127.0.0.1/37419] INFO  grpc.GrpcConfigKeys (ConfUtils.java:logGet(46)) - raft.grpc.server.async.request.thread.pool.cached = true (default)
2022-06-16 16:18:05,933 [Listener at 127.0.0.1/37419] INFO  grpc.GrpcConfigKeys (ConfUtils.java:logGet(46)) - raft.grpc.server.async.request.thread.pool.size = 32 (default)
2022-06-16 16:18:05,934 [Listener at 127.0.0.1/37419] INFO  impl.DataStreamServerImpl (ConfUtils.java:logGet(46)) - raft.datastream.type = DISABLED (default)
2022-06-16 16:18:05,934 [Listener at 127.0.0.1/37419] INFO  server.RaftServerConfigKeys (ConfUtils.java:logGet(46)) - raft.server.threadpool.proxy.cached = true (default)
2022-06-16 16:18:05,934 [Listener at 127.0.0.1/37419] INFO  server.RaftServerConfigKeys (ConfUtils.java:logGet(46)) - raft.server.threadpool.proxy.size = 0 (default)
2022-06-16 16:18:05,934 [Listener at 127.0.0.1/37419] INFO  server.RaftServerConfigKeys (ConfUtils.java:logGet(46)) - raft.server.rpc.slowness.timeout = 300s (custom)
2022-06-16 16:18:05,934 [Listener at 127.0.0.1/37419] INFO  server.RaftServerConfigKeys (ConfUtils.java:logGet(46)) - raft.server.leaderelection.leader.step-down.wait-time = 10s (default)
2022-06-16 16:18:05,934 [Listener at 127.0.0.1/37419] INFO  server.RaftServerConfigKeys (ConfUtils.java:logGet(46)) - raft.server.storage.dir = [/home/runner/work/ozone/ozone/hadoop-ozone/integration-test/target/test-dir/MiniOzoneClusterImpl-56990420-bd6f-4635-88fd-a0a02cb22c91/datanode-3/data/ratis] (custom)
2022-06-16 16:18:05,936 [Listener at 127.0.0.1/37419] INFO  server.XceiverServerGrpc (XceiverServerGrpc.java:<init>(132)) - GrpcServer channel type EpollServerSocketChannel
2022-06-16 16:18:05,939 [Listener at 127.0.0.1/37419] INFO  http.BaseHttpServer (BaseHttpServer.java:newHttpServer2BuilderForOzone(209)) - Starting Web-server for hddsDatanode at: http://0.0.0.0:0
2022-06-16 16:18:05,939 [Listener at 127.0.0.1/37419] INFO  http.BaseHttpServer (BaseHttpServer.java:<init>(107)) - Hadoop Security Enabled: false Ozone Security Enabled: false Ozone HTTP Security Enabled: false 
2022-06-16 16:18:05,940 [Listener at 127.0.0.1/37419] INFO  server.AuthenticationFilter (AuthenticationFilter.java:constructSecretProvider(240)) - Unable to initialize FileSignerSecretProvider, falling back to use random secrets.
2022-06-16 16:18:05,941 [Listener at 127.0.0.1/37419] WARN  http.HttpRequestLog (HttpRequestLog.java:getRequestLog(103)) - Jetty request log can only be enabled using Log4j
2022-06-16 16:18:05,942 [Listener at 127.0.0.1/37419] INFO  http.HttpServer2 (HttpServer2.java:addGlobalFilter(1029)) - Added global filter 'safety' (class=org.apache.hadoop.hdds.server.http.HttpServer2$QuotingInputFilter)
2022-06-16 16:18:05,943 [Listener at 127.0.0.1/37419] INFO  http.HttpServer2 (HttpServer2.java:addFilter(1005)) - Added filter static_user_filter (class=org.apache.hadoop.http.lib.StaticUserWebFilter$StaticUserFilter) to context hddsDatanode
2022-06-16 16:18:05,943 [Listener at 127.0.0.1/37419] INFO  http.HttpServer2 (HttpServer2.java:addFilter(1013)) - Added filter static_user_filter (class=org.apache.hadoop.http.lib.StaticUserWebFilter$StaticUserFilter) to context static
2022-06-16 16:18:05,943 [Listener at 127.0.0.1/37419] INFO  http.HttpServer2 (HttpServer2.java:addFilter(1013)) - Added filter static_user_filter (class=org.apache.hadoop.http.lib.StaticUserWebFilter$StaticUserFilter) to context logs
2022-06-16 16:18:05,943 [Listener at 127.0.0.1/37419] INFO  http.HttpServer2 (HttpServer2.java:bindListener(1248)) - Jetty bound to port 45115
2022-06-16 16:18:05,943 [Listener at 127.0.0.1/37419] INFO  server.Server (Server.java:doStart(375)) - jetty-9.4.43.v20210629; built: 2021-06-30T11:07:22.254Z; git: 526006ecfa3af7f1a27ef3a288e2bef7ea9dd7e8; jvm 1.8.0_332-b09
2022-06-16 16:18:05,947 [Listener at 127.0.0.1/37419] INFO  server.session (DefaultSessionIdManager.java:doStart(334)) - DefaultSessionIdManager workerName=node0
2022-06-16 16:18:05,947 [Listener at 127.0.0.1/37419] INFO  server.session (DefaultSessionIdManager.java:doStart(339)) - No SessionScavenger set, using defaults
2022-06-16 16:18:05,947 [Listener at 127.0.0.1/37419] INFO  server.session (HouseKeeper.java:startScavenging(132)) - node0 Scavenging every 600000ms
2022-06-16 16:18:05,949 [Listener at 127.0.0.1/37419] INFO  handler.ContextHandler (ContextHandler.java:doStart(915)) - Started o.e.j.s.ServletContextHandler@33deeb18{logs,/logs,file:///home/runner/work/ozone/ozone/hadoop-ozone/integration-test/target/log,AVAILABLE}
2022-06-16 16:18:05,949 [Listener at 127.0.0.1/37419] INFO  handler.ContextHandler (ContextHandler.java:doStart(915)) - Started o.e.j.s.ServletContextHandler@264f5eda{static,/static,jar:file:/home/runner/.m2/repository/org/apache/ozone/hdds-container-service/1.3.0-SNAPSHOT/hdds-container-service-1.3.0-SNAPSHOT.jar!/webapps/static,AVAILABLE}
2022-06-16 16:18:06,116 [Listener at 127.0.0.1/37419] INFO  handler.ContextHandler (ContextHandler.java:doStart(915)) - Started o.e.j.w.WebAppContext@7543fe74{hddsDatanode,/,file:///tmp/jetty-0_0_0_0-45115-hdds-container-service-1_3_0-SNAPSHOT_jar-_-any-1597424953406181981/webapp/,AVAILABLE}{jar:file:/home/runner/.m2/repository/org/apache/ozone/hdds-container-service/1.3.0-SNAPSHOT/hdds-container-service-1.3.0-SNAPSHOT.jar!/webapps/hddsDatanode}
2022-06-16 16:18:06,117 [Listener at 127.0.0.1/37419] INFO  server.AbstractConnector (AbstractConnector.java:doStart(331)) - Started ServerConnector@6434c4c9{HTTP/1.1, (http/1.1)}{0.0.0.0:45115}
2022-06-16 16:18:06,117 [Listener at 127.0.0.1/37419] INFO  server.Server (Server.java:doStart(415)) - Started @8753ms
2022-06-16 16:18:06,117 [Listener at 127.0.0.1/37419] WARN  impl.MetricsSystemImpl (MetricsSystemImpl.java:register(279)) - Sink prometheus already exists!
2022-06-16 16:18:06,118 [Listener at 127.0.0.1/37419] INFO  http.BaseHttpServer (BaseHttpServer.java:updateConnectorAddress(329)) - HTTP server of hddsDatanode listening at http://0.0.0.0:45115
2022-06-16 16:18:06,118 [Listener at 127.0.0.1/37419] WARN  impl.MetricRegistriesImpl (MetricRegistriesImpl.java:addReporterRegistration(111)) - New reporters are added after registries were created. Some metrics will be missing from the reporter. Please add reporter before adding any new registry.
2022-06-16 16:18:06,118 [Listener at 127.0.0.1/37419] WARN  impl.MetricRegistriesImpl (MetricRegistriesImpl.java:addReporterRegistration(111)) - New reporters are added after registries were created. Some metrics will be missing from the reporter. Please add reporter before adding any new registry.
2022-06-16 16:18:06,118 [Listener at 127.0.0.1/37419] INFO  impl.MetricsSystemImpl (MetricsSystemImpl.java:init(158)) - HddsDatanode metrics system started (again)
2022-06-16 16:18:06,122 [Datanode State Machine Daemon Thread] INFO  statemachine.DatanodeStateMachine (DatanodeStateMachine.java:lambda$startDaemon$0(484)) - Ozone container server started.
2022-06-16 16:18:06,130 [Listener at 127.0.0.1/37419] INFO  ozone.HddsDatanodeService (HddsDatanodeService.java:start(236)) - HddsDatanodeService host:fv-az37-268.zqe2tmcsx5vuvjs3sdc4q2yfud.gx.internal.cloudapp.net ip:10.1.0.16
2022-06-16 16:18:06,130 [org.apache.hadoop.util.JvmPauseMonitor$Monitor@4f86e2e] INFO  util.JvmPauseMonitor (JvmPauseMonitor.java:run(188)) - Starting JVM pause monitor
2022-06-16 16:18:06,139 [Datanode State Machine Task Thread - 0] INFO  datanode.InitDatanodeState (InitDatanodeState.java:persistContainerDatanodeDetails(138)) - DatanodeDetails is persisted to /home/runner/work/ozone/ozone/hadoop-ozone/integration-test/target/test-dir/MiniOzoneClusterImpl-56990420-bd6f-4635-88fd-a0a02cb22c91/datanode-3/meta/datanode.id
2022-06-16 16:18:06,153 [Listener at 127.0.0.1/37419] INFO  upgrade.AbstractLayoutVersionManager (AbstractLayoutVersionManager.java:init(82)) - Initializing Layout version manager with metadata layout = DATANODE_SCHEMA_V3 (version = 4), software layout = DATANODE_SCHEMA_V3 (version = 4)
2022-06-16 16:18:06,193 [Listener at 127.0.0.1/37419] INFO  reflections.Reflections (Reflections.java:scan(232)) - Reflections took 39 ms to scan 7 urls, producing 131 keys and 311 values 
2022-06-16 16:18:06,194 [Listener at 127.0.0.1/37419] INFO  statemachine.DatanodeStateMachine (DatanodeStateMachine.java:getEndPointTaskThreadPoolSize(233)) - Datanode State Machine Task Thread Pool size 2
2022-06-16 16:18:06,205 [Listener at 127.0.0.1/37419] INFO  volume.HddsVolume (HddsVolume.java:<init>(116)) - Creating HddsVolume: /home/runner/work/ozone/ozone/hadoop-ozone/integration-test/target/test-dir/MiniOzoneClusterImpl-56990420-bd6f-4635-88fd-a0a02cb22c91/datanode-4/data-0/containers/hdds of storage type : DISK capacity : 9223372036854775807
2022-06-16 16:18:06,205 [Listener at 127.0.0.1/37419] INFO  volume.MutableVolumeSet (MutableVolumeSet.java:initializeVolumeSet(174)) - Added Volume : /home/runner/work/ozone/ozone/hadoop-ozone/integration-test/target/test-dir/MiniOzoneClusterImpl-56990420-bd6f-4635-88fd-a0a02cb22c91/datanode-4/data-0/containers/hdds to VolumeSet
2022-06-16 16:18:06,206 [Listener at 127.0.0.1/37419] INFO  volume.ThrottledAsyncChecker (ThrottledAsyncChecker.java:schedule(141)) - Scheduling a check for /home/runner/work/ozone/ozone/hadoop-ozone/integration-test/target/test-dir/MiniOzoneClusterImpl-56990420-bd6f-4635-88fd-a0a02cb22c91/datanode-4/data-0/containers/hdds
2022-06-16 16:18:06,207 [Listener at 127.0.0.1/37419] INFO  volume.StorageVolumeChecker (StorageVolumeChecker.java:checkAllVolumes(202)) - Scheduled health check for volume /home/runner/work/ozone/ozone/hadoop-ozone/integration-test/target/test-dir/MiniOzoneClusterImpl-56990420-bd6f-4635-88fd-a0a02cb22c91/datanode-4/data-0/containers/hdds
2022-06-16 16:18:06,219 [Listener at 127.0.0.1/37419] INFO  volume.MutableVolumeSet (MutableVolumeSet.java:initializeVolumeSet(174)) - Added Volume : /home/runner/work/ozone/ozone/hadoop-ozone/integration-test/target/test-dir/MiniOzoneClusterImpl-56990420-bd6f-4635-88fd-a0a02cb22c91/datanode-4/data/ratis to VolumeSet
2022-06-16 16:18:06,219 [Listener at 127.0.0.1/37419] INFO  volume.ThrottledAsyncChecker (ThrottledAsyncChecker.java:schedule(141)) - Scheduling a check for /home/runner/work/ozone/ozone/hadoop-ozone/integration-test/target/test-dir/MiniOzoneClusterImpl-56990420-bd6f-4635-88fd-a0a02cb22c91/datanode-4/data/ratis
2022-06-16 16:18:06,219 [Listener at 127.0.0.1/37419] INFO  volume.StorageVolumeChecker (StorageVolumeChecker.java:checkAllVolumes(202)) - Scheduled health check for volume /home/runner/work/ozone/ozone/hadoop-ozone/integration-test/target/test-dir/MiniOzoneClusterImpl-56990420-bd6f-4635-88fd-a0a02cb22c91/datanode-4/data/ratis
2022-06-16 16:18:06,229 [Thread-187] INFO  ozoneimpl.ContainerReader (ContainerReader.java:readVolume(172)) - Finish verifying containers on volume /home/runner/work/ozone/ozone/hadoop-ozone/integration-test/target/test-dir/MiniOzoneClusterImpl-56990420-bd6f-4635-88fd-a0a02cb22c91/datanode-4/data-0/containers/hdds
2022-06-16 16:18:06,229 [Listener at 127.0.0.1/37419] INFO  ozoneimpl.OzoneContainer (OzoneContainer.java:buildContainerSet(266)) - Build ContainerSet costs 0s
2022-06-16 16:18:06,234 [Listener at 127.0.0.1/37419] INFO  server.RaftServer (ConfUtils.java:logGet(46)) - raft.rpc.type = GRPC (default)
2022-06-16 16:18:06,234 [Listener at 127.0.0.1/37419] INFO  grpc.GrpcFactory (GrpcFactory.java:checkPooledByteBufAllocatorUseCacheForAllThreads(48)) - PERFORMANCE WARNING: useCacheForAllThreads is true that may cause Netty to create a lot garbage objects and, as a result, trigger GC.
	It is recommended to disable useCacheForAllThreads by setting -Dorg.apache.ratis.thirdparty.io.netty.allocator.useCacheForAllThreads=false in command line.
2022-06-16 16:18:06,234 [Listener at 127.0.0.1/37419] INFO  grpc.GrpcConfigKeys (ConfUtils.java:logGet(46)) - raft.grpc.admin.port = 0 (custom)
2022-06-16 16:18:06,234 [Listener at 127.0.0.1/37419] INFO  grpc.GrpcConfigKeys (ConfUtils.java:logGet(46)) - raft.grpc.client.port = 0 (custom)
2022-06-16 16:18:06,234 [Listener at 127.0.0.1/37419] INFO  grpc.GrpcConfigKeys (ConfUtils.java:logGet(46)) - raft.grpc.server.port = 0 (default)
2022-06-16 16:18:06,234 [Listener at 127.0.0.1/37419] INFO  server.GrpcService (ConfUtils.java:logGet(46)) - raft.grpc.message.size.max = 32MB (=33554432) (custom)
2022-06-16 16:18:06,234 [Listener at 127.0.0.1/37419] INFO  server.RaftServerConfigKeys (ConfUtils.java:logGet(46)) - raft.server.log.appender.buffer.byte-limit = 33554432 (custom)
2022-06-16 16:18:06,234 [Listener at 127.0.0.1/37419] INFO  server.GrpcService (ConfUtils.java:logGet(46)) - raft.grpc.flow.control.window = 5MB (=5242880) (custom)
2022-06-16 16:18:06,235 [Listener at 127.0.0.1/37419] INFO  server.RaftServerConfigKeys (ConfUtils.java:logGet(46)) - raft.server.rpc.request.timeout = 60s (custom)
2022-06-16 16:18:06,235 [Listener at 127.0.0.1/37419] INFO  grpc.GrpcConfigKeys (ConfUtils.java:logGet(46)) - raft.grpc.server.async.request.thread.pool.cached = true (default)
2022-06-16 16:18:06,235 [Listener at 127.0.0.1/37419] INFO  grpc.GrpcConfigKeys (ConfUtils.java:logGet(46)) - raft.grpc.server.async.request.thread.pool.size = 32 (default)
2022-06-16 16:18:06,236 [Listener at 127.0.0.1/37419] INFO  impl.DataStreamServerImpl (ConfUtils.java:logGet(46)) - raft.datastream.type = DISABLED (default)
2022-06-16 16:18:06,236 [Listener at 127.0.0.1/37419] INFO  server.RaftServerConfigKeys (ConfUtils.java:logGet(46)) - raft.server.threadpool.proxy.cached = true (default)
2022-06-16 16:18:06,236 [Listener at 127.0.0.1/37419] INFO  server.RaftServerConfigKeys (ConfUtils.java:logGet(46)) - raft.server.threadpool.proxy.size = 0 (default)
2022-06-16 16:18:06,236 [Listener at 127.0.0.1/37419] INFO  server.RaftServerConfigKeys (ConfUtils.java:logGet(46)) - raft.server.rpc.slowness.timeout = 300s (custom)
2022-06-16 16:18:06,236 [Listener at 127.0.0.1/37419] INFO  server.RaftServerConfigKeys (ConfUtils.java:logGet(46)) - raft.server.leaderelection.leader.step-down.wait-time = 10s (default)
2022-06-16 16:18:06,236 [Listener at 127.0.0.1/37419] INFO  server.RaftServerConfigKeys (ConfUtils.java:logGet(46)) - raft.server.storage.dir = [/home/runner/work/ozone/ozone/hadoop-ozone/integration-test/target/test-dir/MiniOzoneClusterImpl-56990420-bd6f-4635-88fd-a0a02cb22c91/datanode-4/data/ratis] (custom)
2022-06-16 16:18:06,238 [Listener at 127.0.0.1/37419] INFO  server.XceiverServerGrpc (XceiverServerGrpc.java:<init>(132)) - GrpcServer channel type EpollServerSocketChannel
2022-06-16 16:18:06,240 [Listener at 127.0.0.1/37419] INFO  http.BaseHttpServer (BaseHttpServer.java:newHttpServer2BuilderForOzone(209)) - Starting Web-server for hddsDatanode at: http://0.0.0.0:0
2022-06-16 16:18:06,240 [Listener at 127.0.0.1/37419] INFO  http.BaseHttpServer (BaseHttpServer.java:<init>(107)) - Hadoop Security Enabled: false Ozone Security Enabled: false Ozone HTTP Security Enabled: false 
2022-06-16 16:18:06,241 [Listener at 127.0.0.1/37419] INFO  server.AuthenticationFilter (AuthenticationFilter.java:constructSecretProvider(240)) - Unable to initialize FileSignerSecretProvider, falling back to use random secrets.
2022-06-16 16:18:06,245 [Listener at 127.0.0.1/37419] WARN  http.HttpRequestLog (HttpRequestLog.java:getRequestLog(103)) - Jetty request log can only be enabled using Log4j
2022-06-16 16:18:06,246 [Listener at 127.0.0.1/37419] INFO  http.HttpServer2 (HttpServer2.java:addGlobalFilter(1029)) - Added global filter 'safety' (class=org.apache.hadoop.hdds.server.http.HttpServer2$QuotingInputFilter)
2022-06-16 16:18:06,247 [Listener at 127.0.0.1/37419] INFO  http.HttpServer2 (HttpServer2.java:addFilter(1005)) - Added filter static_user_filter (class=org.apache.hadoop.http.lib.StaticUserWebFilter$StaticUserFilter) to context hddsDatanode
2022-06-16 16:18:06,247 [Listener at 127.0.0.1/37419] INFO  http.HttpServer2 (HttpServer2.java:addFilter(1013)) - Added filter static_user_filter (class=org.apache.hadoop.http.lib.StaticUserWebFilter$StaticUserFilter) to context static
2022-06-16 16:18:06,247 [Listener at 127.0.0.1/37419] INFO  http.HttpServer2 (HttpServer2.java:addFilter(1013)) - Added filter static_user_filter (class=org.apache.hadoop.http.lib.StaticUserWebFilter$StaticUserFilter) to context logs
2022-06-16 16:18:06,248 [Listener at 127.0.0.1/37419] INFO  http.HttpServer2 (HttpServer2.java:bindListener(1248)) - Jetty bound to port 37141
2022-06-16 16:18:06,248 [Listener at 127.0.0.1/37419] INFO  server.Server (Server.java:doStart(375)) - jetty-9.4.43.v20210629; built: 2021-06-30T11:07:22.254Z; git: 526006ecfa3af7f1a27ef3a288e2bef7ea9dd7e8; jvm 1.8.0_332-b09
2022-06-16 16:18:06,249 [Listener at 127.0.0.1/37419] INFO  server.session (DefaultSessionIdManager.java:doStart(334)) - DefaultSessionIdManager workerName=node0
2022-06-16 16:18:06,250 [Listener at 127.0.0.1/37419] INFO  server.session (DefaultSessionIdManager.java:doStart(339)) - No SessionScavenger set, using defaults
2022-06-16 16:18:06,250 [Listener at 127.0.0.1/37419] INFO  server.session (HouseKeeper.java:startScavenging(132)) - node0 Scavenging every 660000ms
2022-06-16 16:18:06,250 [Listener at 127.0.0.1/37419] INFO  handler.ContextHandler (ContextHandler.java:doStart(915)) - Started o.e.j.s.ServletContextHandler@4c8ad614{logs,/logs,file:///home/runner/work/ozone/ozone/hadoop-ozone/integration-test/target/log,AVAILABLE}
2022-06-16 16:18:06,251 [Listener at 127.0.0.1/37419] INFO  handler.ContextHandler (ContextHandler.java:doStart(915)) - Started o.e.j.s.ServletContextHandler@237c65fc{static,/static,jar:file:/home/runner/.m2/repository/org/apache/ozone/hdds-container-service/1.3.0-SNAPSHOT/hdds-container-service-1.3.0-SNAPSHOT.jar!/webapps/static,AVAILABLE}
2022-06-16 16:18:06,418 [Listener at 127.0.0.1/37419] INFO  handler.ContextHandler (ContextHandler.java:doStart(915)) - Started o.e.j.w.WebAppContext@2ae1e7e0{hddsDatanode,/,file:///tmp/jetty-0_0_0_0-37141-hdds-container-service-1_3_0-SNAPSHOT_jar-_-any-521048425959229499/webapp/,AVAILABLE}{jar:file:/home/runner/.m2/repository/org/apache/ozone/hdds-container-service/1.3.0-SNAPSHOT/hdds-container-service-1.3.0-SNAPSHOT.jar!/webapps/hddsDatanode}
2022-06-16 16:18:06,419 [Listener at 127.0.0.1/37419] INFO  server.AbstractConnector (AbstractConnector.java:doStart(331)) - Started ServerConnector@7c77f8a9{HTTP/1.1, (http/1.1)}{0.0.0.0:37141}
2022-06-16 16:18:06,419 [Listener at 127.0.0.1/37419] INFO  server.Server (Server.java:doStart(415)) - Started @9055ms
2022-06-16 16:18:06,420 [Listener at 127.0.0.1/37419] WARN  impl.MetricsSystemImpl (MetricsSystemImpl.java:register(279)) - Sink prometheus already exists!
2022-06-16 16:18:06,420 [Listener at 127.0.0.1/37419] INFO  http.BaseHttpServer (BaseHttpServer.java:updateConnectorAddress(329)) - HTTP server of hddsDatanode listening at http://0.0.0.0:37141
2022-06-16 16:18:06,420 [Datanode State Machine Daemon Thread] INFO  statemachine.DatanodeStateMachine (DatanodeStateMachine.java:lambda$startDaemon$0(484)) - Ozone container server started.
2022-06-16 16:18:06,422 [Listener at 127.0.0.1/37419] INFO  ozone.MiniOzoneClusterImpl (MiniOzoneClusterImpl.java:lambda$waitForClusterToBeReady$0(221)) - Waiting for nodes to be ready. Got 0 of 5 DN Heartbeats.
2022-06-16 16:18:06,422 [Listener at 127.0.0.1/37419] INFO  ozone.MiniOzoneClusterImpl (MiniOzoneClusterImpl.java:lambda$waitForClusterToBeReady$0(224)) - Waiting for cluster to exit safe mode
2022-06-16 16:18:06,422 [Listener at 127.0.0.1/37419] INFO  ozone.MiniOzoneClusterImpl (MiniOzoneClusterImpl.java:lambda$waitForClusterToBeReady$0(226)) - SCM became leader
2022-06-16 16:18:06,436 [org.apache.hadoop.util.JvmPauseMonitor$Monitor@57b739b0] INFO  util.JvmPauseMonitor (JvmPauseMonitor.java:run(188)) - Starting JVM pause monitor
2022-06-16 16:18:06,438 [Datanode State Machine Task Thread - 0] INFO  datanode.InitDatanodeState (InitDatanodeState.java:persistContainerDatanodeDetails(138)) - DatanodeDetails is persisted to /home/runner/work/ozone/ozone/hadoop-ozone/integration-test/target/test-dir/MiniOzoneClusterImpl-56990420-bd6f-4635-88fd-a0a02cb22c91/datanode-4/meta/datanode.id
2022-06-16 16:18:07,079 [EndpointStateMachine task thread for /0.0.0.0:43131 - 0 ] INFO  volume.HddsVolume (HddsVolume.java:createDbStore(309)) - SchemaV3 db is created and loaded at /home/runner/work/ozone/ozone/hadoop-ozone/integration-test/target/test-dir/MiniOzoneClusterImpl-56990420-bd6f-4635-88fd-a0a02cb22c91/datanode-0/data-0/containers/hdds/56990420-bd6f-4635-88fd-a0a02cb22c91/DS-253f7a84-37b6-4d7d-ba2d-ce98f4b0cf97/container.db for volume DS-253f7a84-37b6-4d7d-ba2d-ce98f4b0cf97
2022-06-16 16:18:07,083 [EndpointStateMachine task thread for /0.0.0.0:43131 - 0 ] INFO  volume.HddsVolume (HddsVolume.java:closeDbStore(340)) - SchemaV3 db is stopped at /home/runner/work/ozone/ozone/hadoop-ozone/integration-test/target/test-dir/MiniOzoneClusterImpl-56990420-bd6f-4635-88fd-a0a02cb22c91/datanode-0/data-0/containers/hdds/56990420-bd6f-4635-88fd-a0a02cb22c91/DS-253f7a84-37b6-4d7d-ba2d-ce98f4b0cf97/container.db for volume DS-253f7a84-37b6-4d7d-ba2d-ce98f4b0cf97
2022-06-16 16:18:07,083 [EndpointStateMachine task thread for /0.0.0.0:43131 - 0 ] INFO  ozoneimpl.OzoneContainer (OzoneContainer.java:start(344)) - Attempting to start container services.
2022-06-16 16:18:07,084 [EndpointStateMachine task thread for /0.0.0.0:43131 - 0 ] INFO  ozoneimpl.OzoneContainer (OzoneContainer.java:startContainerScrub(279)) - Background container scanner has been disabled.
2022-06-16 16:18:07,086 [EndpointStateMachine task thread for /0.0.0.0:43131 - 0 ] INFO  replication.ReplicationServer (ReplicationServer.java:start(111)) - ReplicationServer is started using port 39447
2022-06-16 16:18:07,088 [EndpointStateMachine task thread for /0.0.0.0:43131 - 0 ] INFO  ratis.XceiverServerRatis (XceiverServerRatis.java:start(481)) - Starting XceiverServerRatis e2d98f8b-d69d-477c-98dc-59bbefea49c2
2022-06-16 16:18:07,098 [EndpointStateMachine task thread for /0.0.0.0:43131 - 0 ] INFO  server.RaftServer (RaftServerProxy.java:lambda$start$6(382)) - e2d98f8b-d69d-477c-98dc-59bbefea49c2: start RPC server
2022-06-16 16:18:07,104 [EndpointStateMachine task thread for /0.0.0.0:43131 - 0 ] INFO  server.GrpcService (GrpcService.java:startImpl(260)) - e2d98f8b-d69d-477c-98dc-59bbefea49c2: GrpcService started, listening on 34489
2022-06-16 16:18:07,105 [EndpointStateMachine task thread for /0.0.0.0:43131 - 0 ] INFO  ratis.XceiverServerRatis (XceiverServerRatis.java:getRealPort(502)) - XceiverServerRatis e2d98f8b-d69d-477c-98dc-59bbefea49c2 is started using port 34489 for RATIS
2022-06-16 16:18:07,105 [EndpointStateMachine task thread for /0.0.0.0:43131 - 0 ] INFO  ratis.XceiverServerRatis (XceiverServerRatis.java:getRealPort(502)) - XceiverServerRatis e2d98f8b-d69d-477c-98dc-59bbefea49c2 is started using port 34489 for RATIS_ADMIN
2022-06-16 16:18:07,105 [EndpointStateMachine task thread for /0.0.0.0:43131 - 0 ] INFO  ratis.XceiverServerRatis (XceiverServerRatis.java:getRealPort(502)) - XceiverServerRatis e2d98f8b-d69d-477c-98dc-59bbefea49c2 is started using port 34489 for RATIS_SERVER
2022-06-16 16:18:07,105 [org.apache.ratis.util.JvmPauseMonitor$$Lambda$611/1702991963@67e7f800] INFO  util.JvmPauseMonitor (JvmPauseMonitor.java:run(103)) - JvmPauseMonitor-e2d98f8b-d69d-477c-98dc-59bbefea49c2: Started
2022-06-16 16:18:07,112 [EndpointStateMachine task thread for /0.0.0.0:43131 - 0 ] INFO  server.XceiverServerGrpc (XceiverServerGrpc.java:start(180)) - XceiverServerGrpc e2d98f8b-d69d-477c-98dc-59bbefea49c2 is started using port 35461
2022-06-16 16:18:07,423 [Listener at 127.0.0.1/37419] INFO  ozone.MiniOzoneClusterImpl (MiniOzoneClusterImpl.java:lambda$waitForClusterToBeReady$0(221)) - Waiting for nodes to be ready. Got 0 of 5 DN Heartbeats.
2022-06-16 16:18:07,423 [Listener at 127.0.0.1/37419] INFO  ozone.MiniOzoneClusterImpl (MiniOzoneClusterImpl.java:lambda$waitForClusterToBeReady$0(224)) - Waiting for cluster to exit safe mode
2022-06-16 16:18:07,423 [Listener at 127.0.0.1/37419] INFO  ozone.MiniOzoneClusterImpl (MiniOzoneClusterImpl.java:lambda$waitForClusterToBeReady$0(226)) - SCM became leader
2022-06-16 16:18:07,526 [EndpointStateMachine task thread for /0.0.0.0:43131 - 0 ] INFO  volume.HddsVolume (HddsVolume.java:createDbStore(309)) - SchemaV3 db is created and loaded at /home/runner/work/ozone/ozone/hadoop-ozone/integration-test/target/test-dir/MiniOzoneClusterImpl-56990420-bd6f-4635-88fd-a0a02cb22c91/datanode-1/data-0/containers/hdds/56990420-bd6f-4635-88fd-a0a02cb22c91/DS-ab281da8-d3df-4883-8f61-2eab4ee8873a/container.db for volume DS-ab281da8-d3df-4883-8f61-2eab4ee8873a
2022-06-16 16:18:07,527 [EndpointStateMachine task thread for /0.0.0.0:43131 - 0 ] INFO  volume.HddsVolume (HddsVolume.java:closeDbStore(340)) - SchemaV3 db is stopped at /home/runner/work/ozone/ozone/hadoop-ozone/integration-test/target/test-dir/MiniOzoneClusterImpl-56990420-bd6f-4635-88fd-a0a02cb22c91/datanode-1/data-0/containers/hdds/56990420-bd6f-4635-88fd-a0a02cb22c91/DS-ab281da8-d3df-4883-8f61-2eab4ee8873a/container.db for volume DS-ab281da8-d3df-4883-8f61-2eab4ee8873a
2022-06-16 16:18:07,527 [EndpointStateMachine task thread for /0.0.0.0:43131 - 0 ] INFO  ozoneimpl.OzoneContainer (OzoneContainer.java:start(344)) - Attempting to start container services.
2022-06-16 16:18:07,527 [EndpointStateMachine task thread for /0.0.0.0:43131 - 0 ] INFO  ozoneimpl.OzoneContainer (OzoneContainer.java:startContainerScrub(279)) - Background container scanner has been disabled.
2022-06-16 16:18:07,528 [EndpointStateMachine task thread for /0.0.0.0:43131 - 0 ] INFO  replication.ReplicationServer (ReplicationServer.java:start(111)) - ReplicationServer is started using port 42509
2022-06-16 16:18:07,529 [EndpointStateMachine task thread for /0.0.0.0:43131 - 0 ] INFO  ratis.XceiverServerRatis (XceiverServerRatis.java:start(481)) - Starting XceiverServerRatis 283ec67f-837e-4418-8153-936cf3dda048
2022-06-16 16:18:07,529 [EndpointStateMachine task thread for /0.0.0.0:43131 - 0 ] INFO  server.RaftServer (RaftServerProxy.java:lambda$start$6(382)) - 283ec67f-837e-4418-8153-936cf3dda048: start RPC server
2022-06-16 16:18:07,531 [EndpointStateMachine task thread for /0.0.0.0:43131 - 0 ] INFO  server.GrpcService (GrpcService.java:startImpl(260)) - 283ec67f-837e-4418-8153-936cf3dda048: GrpcService started, listening on 35425
2022-06-16 16:18:07,531 [EndpointStateMachine task thread for /0.0.0.0:43131 - 0 ] INFO  ratis.XceiverServerRatis (XceiverServerRatis.java:getRealPort(502)) - XceiverServerRatis 283ec67f-837e-4418-8153-936cf3dda048 is started using port 35425 for RATIS
2022-06-16 16:18:07,531 [org.apache.ratis.util.JvmPauseMonitor$$Lambda$611/1702991963@3138c9cc] INFO  util.JvmPauseMonitor (JvmPauseMonitor.java:run(103)) - JvmPauseMonitor-283ec67f-837e-4418-8153-936cf3dda048: Started
2022-06-16 16:18:07,531 [EndpointStateMachine task thread for /0.0.0.0:43131 - 0 ] INFO  ratis.XceiverServerRatis (XceiverServerRatis.java:getRealPort(502)) - XceiverServerRatis 283ec67f-837e-4418-8153-936cf3dda048 is started using port 35425 for RATIS_ADMIN
2022-06-16 16:18:07,531 [EndpointStateMachine task thread for /0.0.0.0:43131 - 0 ] INFO  ratis.XceiverServerRatis (XceiverServerRatis.java:getRealPort(502)) - XceiverServerRatis 283ec67f-837e-4418-8153-936cf3dda048 is started using port 35425 for RATIS_SERVER
2022-06-16 16:18:07,532 [EndpointStateMachine task thread for /0.0.0.0:43131 - 0 ] INFO  server.XceiverServerGrpc (XceiverServerGrpc.java:start(180)) - XceiverServerGrpc 283ec67f-837e-4418-8153-936cf3dda048 is started using port 39637
2022-06-16 16:18:07,876 [EndpointStateMachine task thread for /0.0.0.0:43131 - 0 ] INFO  volume.HddsVolume (HddsVolume.java:createDbStore(309)) - SchemaV3 db is created and loaded at /home/runner/work/ozone/ozone/hadoop-ozone/integration-test/target/test-dir/MiniOzoneClusterImpl-56990420-bd6f-4635-88fd-a0a02cb22c91/datanode-2/data-0/containers/hdds/56990420-bd6f-4635-88fd-a0a02cb22c91/DS-da03c893-abd0-4cbd-9d5f-1fd22a167b52/container.db for volume DS-da03c893-abd0-4cbd-9d5f-1fd22a167b52
2022-06-16 16:18:07,877 [EndpointStateMachine task thread for /0.0.0.0:43131 - 0 ] INFO  volume.HddsVolume (HddsVolume.java:closeDbStore(340)) - SchemaV3 db is stopped at /home/runner/work/ozone/ozone/hadoop-ozone/integration-test/target/test-dir/MiniOzoneClusterImpl-56990420-bd6f-4635-88fd-a0a02cb22c91/datanode-2/data-0/containers/hdds/56990420-bd6f-4635-88fd-a0a02cb22c91/DS-da03c893-abd0-4cbd-9d5f-1fd22a167b52/container.db for volume DS-da03c893-abd0-4cbd-9d5f-1fd22a167b52
2022-06-16 16:18:07,877 [EndpointStateMachine task thread for /0.0.0.0:43131 - 0 ] INFO  ozoneimpl.OzoneContainer (OzoneContainer.java:start(344)) - Attempting to start container services.
2022-06-16 16:18:07,877 [EndpointStateMachine task thread for /0.0.0.0:43131 - 0 ] INFO  ozoneimpl.OzoneContainer (OzoneContainer.java:startContainerScrub(279)) - Background container scanner has been disabled.
2022-06-16 16:18:07,879 [EndpointStateMachine task thread for /0.0.0.0:43131 - 0 ] INFO  replication.ReplicationServer (ReplicationServer.java:start(111)) - ReplicationServer is started using port 33669
2022-06-16 16:18:07,879 [EndpointStateMachine task thread for /0.0.0.0:43131 - 0 ] INFO  ratis.XceiverServerRatis (XceiverServerRatis.java:start(481)) - Starting XceiverServerRatis 7e231c89-b42f-4528-a87d-3801d80fe42a
2022-06-16 16:18:07,880 [EndpointStateMachine task thread for /0.0.0.0:43131 - 0 ] INFO  server.RaftServer (RaftServerProxy.java:lambda$start$6(382)) - 7e231c89-b42f-4528-a87d-3801d80fe42a: start RPC server
2022-06-16 16:18:07,881 [EndpointStateMachine task thread for /0.0.0.0:43131 - 0 ] INFO  server.GrpcService (GrpcService.java:startImpl(260)) - 7e231c89-b42f-4528-a87d-3801d80fe42a: GrpcService started, listening on 41481
2022-06-16 16:18:07,881 [EndpointStateMachine task thread for /0.0.0.0:43131 - 0 ] INFO  ratis.XceiverServerRatis (XceiverServerRatis.java:getRealPort(502)) - XceiverServerRatis 7e231c89-b42f-4528-a87d-3801d80fe42a is started using port 41481 for RATIS
2022-06-16 16:18:07,881 [EndpointStateMachine task thread for /0.0.0.0:43131 - 0 ] INFO  ratis.XceiverServerRatis (XceiverServerRatis.java:getRealPort(502)) - XceiverServerRatis 7e231c89-b42f-4528-a87d-3801d80fe42a is started using port 41481 for RATIS_ADMIN
2022-06-16 16:18:07,881 [EndpointStateMachine task thread for /0.0.0.0:43131 - 0 ] INFO  ratis.XceiverServerRatis (XceiverServerRatis.java:getRealPort(502)) - XceiverServerRatis 7e231c89-b42f-4528-a87d-3801d80fe42a is started using port 41481 for RATIS_SERVER
2022-06-16 16:18:07,881 [org.apache.ratis.util.JvmPauseMonitor$$Lambda$611/1702991963@10ac837] INFO  util.JvmPauseMonitor (JvmPauseMonitor.java:run(103)) - JvmPauseMonitor-7e231c89-b42f-4528-a87d-3801d80fe42a: Started
2022-06-16 16:18:07,883 [EndpointStateMachine task thread for /0.0.0.0:43131 - 0 ] INFO  server.XceiverServerGrpc (XceiverServerGrpc.java:start(180)) - XceiverServerGrpc 7e231c89-b42f-4528-a87d-3801d80fe42a is started using port 36283
2022-06-16 16:18:08,171 [EndpointStateMachine task thread for /0.0.0.0:43131 - 0 ] INFO  volume.HddsVolume (HddsVolume.java:createDbStore(309)) - SchemaV3 db is created and loaded at /home/runner/work/ozone/ozone/hadoop-ozone/integration-test/target/test-dir/MiniOzoneClusterImpl-56990420-bd6f-4635-88fd-a0a02cb22c91/datanode-3/data-0/containers/hdds/56990420-bd6f-4635-88fd-a0a02cb22c91/DS-115a7351-8179-4bb1-8088-323fe3913156/container.db for volume DS-115a7351-8179-4bb1-8088-323fe3913156
2022-06-16 16:18:08,171 [EndpointStateMachine task thread for /0.0.0.0:43131 - 0 ] INFO  volume.HddsVolume (HddsVolume.java:closeDbStore(340)) - SchemaV3 db is stopped at /home/runner/work/ozone/ozone/hadoop-ozone/integration-test/target/test-dir/MiniOzoneClusterImpl-56990420-bd6f-4635-88fd-a0a02cb22c91/datanode-3/data-0/containers/hdds/56990420-bd6f-4635-88fd-a0a02cb22c91/DS-115a7351-8179-4bb1-8088-323fe3913156/container.db for volume DS-115a7351-8179-4bb1-8088-323fe3913156
2022-06-16 16:18:08,171 [EndpointStateMachine task thread for /0.0.0.0:43131 - 0 ] INFO  ozoneimpl.OzoneContainer (OzoneContainer.java:start(344)) - Attempting to start container services.
2022-06-16 16:18:08,172 [EndpointStateMachine task thread for /0.0.0.0:43131 - 0 ] INFO  ozoneimpl.OzoneContainer (OzoneContainer.java:startContainerScrub(279)) - Background container scanner has been disabled.
2022-06-16 16:18:08,173 [EndpointStateMachine task thread for /0.0.0.0:43131 - 0 ] INFO  replication.ReplicationServer (ReplicationServer.java:start(111)) - ReplicationServer is started using port 40051
2022-06-16 16:18:08,173 [EndpointStateMachine task thread for /0.0.0.0:43131 - 0 ] INFO  ratis.XceiverServerRatis (XceiverServerRatis.java:start(481)) - Starting XceiverServerRatis b9c7e550-1e67-440a-bf61-dc5bd635558b
2022-06-16 16:18:08,174 [EndpointStateMachine task thread for /0.0.0.0:43131 - 0 ] INFO  server.RaftServer (RaftServerProxy.java:lambda$start$6(382)) - b9c7e550-1e67-440a-bf61-dc5bd635558b: start RPC server
2022-06-16 16:18:08,175 [EndpointStateMachine task thread for /0.0.0.0:43131 - 0 ] INFO  server.GrpcService (GrpcService.java:startImpl(260)) - b9c7e550-1e67-440a-bf61-dc5bd635558b: GrpcService started, listening on 40443
2022-06-16 16:18:08,175 [EndpointStateMachine task thread for /0.0.0.0:43131 - 0 ] INFO  ratis.XceiverServerRatis (XceiverServerRatis.java:getRealPort(502)) - XceiverServerRatis b9c7e550-1e67-440a-bf61-dc5bd635558b is started using port 40443 for RATIS
2022-06-16 16:18:08,175 [EndpointStateMachine task thread for /0.0.0.0:43131 - 0 ] INFO  ratis.XceiverServerRatis (XceiverServerRatis.java:getRealPort(502)) - XceiverServerRatis b9c7e550-1e67-440a-bf61-dc5bd635558b is started using port 40443 for RATIS_ADMIN
2022-06-16 16:18:08,175 [EndpointStateMachine task thread for /0.0.0.0:43131 - 0 ] INFO  ratis.XceiverServerRatis (XceiverServerRatis.java:getRealPort(502)) - XceiverServerRatis b9c7e550-1e67-440a-bf61-dc5bd635558b is started using port 40443 for RATIS_SERVER
2022-06-16 16:18:08,175 [org.apache.ratis.util.JvmPauseMonitor$$Lambda$611/1702991963@2d23b49d] INFO  util.JvmPauseMonitor (JvmPauseMonitor.java:run(103)) - JvmPauseMonitor-b9c7e550-1e67-440a-bf61-dc5bd635558b: Started
2022-06-16 16:18:08,177 [EndpointStateMachine task thread for /0.0.0.0:43131 - 0 ] INFO  server.XceiverServerGrpc (XceiverServerGrpc.java:start(180)) - XceiverServerGrpc b9c7e550-1e67-440a-bf61-dc5bd635558b is started using port 39871
2022-06-16 16:18:08,423 [Listener at 127.0.0.1/37419] INFO  ozone.MiniOzoneClusterImpl (MiniOzoneClusterImpl.java:lambda$waitForClusterToBeReady$0(221)) - Waiting for nodes to be ready. Got 0 of 5 DN Heartbeats.
2022-06-16 16:18:08,423 [Listener at 127.0.0.1/37419] INFO  ozone.MiniOzoneClusterImpl (MiniOzoneClusterImpl.java:lambda$waitForClusterToBeReady$0(224)) - Waiting for cluster to exit safe mode
2022-06-16 16:18:08,423 [Listener at 127.0.0.1/37419] INFO  ozone.MiniOzoneClusterImpl (MiniOzoneClusterImpl.java:lambda$waitForClusterToBeReady$0(226)) - SCM became leader
2022-06-16 16:18:08,468 [EndpointStateMachine task thread for /0.0.0.0:43131 - 0 ] INFO  volume.HddsVolume (HddsVolume.java:createDbStore(309)) - SchemaV3 db is created and loaded at /home/runner/work/ozone/ozone/hadoop-ozone/integration-test/target/test-dir/MiniOzoneClusterImpl-56990420-bd6f-4635-88fd-a0a02cb22c91/datanode-4/data-0/containers/hdds/56990420-bd6f-4635-88fd-a0a02cb22c91/DS-288bb5f9-8791-466d-ad7d-4e3d3507e905/container.db for volume DS-288bb5f9-8791-466d-ad7d-4e3d3507e905
2022-06-16 16:18:08,469 [EndpointStateMachine task thread for /0.0.0.0:43131 - 0 ] INFO  volume.HddsVolume (HddsVolume.java:closeDbStore(340)) - SchemaV3 db is stopped at /home/runner/work/ozone/ozone/hadoop-ozone/integration-test/target/test-dir/MiniOzoneClusterImpl-56990420-bd6f-4635-88fd-a0a02cb22c91/datanode-4/data-0/containers/hdds/56990420-bd6f-4635-88fd-a0a02cb22c91/DS-288bb5f9-8791-466d-ad7d-4e3d3507e905/container.db for volume DS-288bb5f9-8791-466d-ad7d-4e3d3507e905
2022-06-16 16:18:08,469 [EndpointStateMachine task thread for /0.0.0.0:43131 - 0 ] INFO  ozoneimpl.OzoneContainer (OzoneContainer.java:start(344)) - Attempting to start container services.
2022-06-16 16:18:08,469 [EndpointStateMachine task thread for /0.0.0.0:43131 - 0 ] INFO  ozoneimpl.OzoneContainer (OzoneContainer.java:startContainerScrub(279)) - Background container scanner has been disabled.
2022-06-16 16:18:08,471 [EndpointStateMachine task thread for /0.0.0.0:43131 - 0 ] INFO  replication.ReplicationServer (ReplicationServer.java:start(111)) - ReplicationServer is started using port 44569
2022-06-16 16:18:08,471 [EndpointStateMachine task thread for /0.0.0.0:43131 - 0 ] INFO  ratis.XceiverServerRatis (XceiverServerRatis.java:start(481)) - Starting XceiverServerRatis f726d3bf-0416-4b86-8b23-12e086774417
2022-06-16 16:18:08,472 [EndpointStateMachine task thread for /0.0.0.0:43131 - 0 ] INFO  server.RaftServer (RaftServerProxy.java:lambda$start$6(382)) - f726d3bf-0416-4b86-8b23-12e086774417: start RPC server
2022-06-16 16:18:08,474 [EndpointStateMachine task thread for /0.0.0.0:43131 - 0 ] INFO  server.GrpcService (GrpcService.java:startImpl(260)) - f726d3bf-0416-4b86-8b23-12e086774417: GrpcService started, listening on 43791
2022-06-16 16:18:08,474 [EndpointStateMachine task thread for /0.0.0.0:43131 - 0 ] INFO  ratis.XceiverServerRatis (XceiverServerRatis.java:getRealPort(502)) - XceiverServerRatis f726d3bf-0416-4b86-8b23-12e086774417 is started using port 43791 for RATIS
2022-06-16 16:18:08,474 [EndpointStateMachine task thread for /0.0.0.0:43131 - 0 ] INFO  ratis.XceiverServerRatis (XceiverServerRatis.java:getRealPort(502)) - XceiverServerRatis f726d3bf-0416-4b86-8b23-12e086774417 is started using port 43791 for RATIS_ADMIN
2022-06-16 16:18:08,474 [org.apache.ratis.util.JvmPauseMonitor$$Lambda$611/1702991963@181e1f08] INFO  util.JvmPauseMonitor (JvmPauseMonitor.java:run(103)) - JvmPauseMonitor-f726d3bf-0416-4b86-8b23-12e086774417: Started
2022-06-16 16:18:08,474 [EndpointStateMachine task thread for /0.0.0.0:43131 - 0 ] INFO  ratis.XceiverServerRatis (XceiverServerRatis.java:getRealPort(502)) - XceiverServerRatis f726d3bf-0416-4b86-8b23-12e086774417 is started using port 43791 for RATIS_SERVER
2022-06-16 16:18:08,478 [EndpointStateMachine task thread for /0.0.0.0:43131 - 0 ] INFO  server.XceiverServerGrpc (XceiverServerGrpc.java:start(180)) - XceiverServerGrpc f726d3bf-0416-4b86-8b23-12e086774417 is started using port 45317
2022-06-16 16:18:09,007 [IPC Server handler 2 on default port 43131] INFO  net.NetworkTopologyImpl (NetworkTopologyImpl.java:add(112)) - Added a new node: /default-rack/e2d98f8b-d69d-477c-98dc-59bbefea49c2
2022-06-16 16:18:09,009 [IPC Server handler 2 on default port 43131] INFO  node.SCMNodeManager (SCMNodeManager.java:register(394)) - Registered Data node : e2d98f8b-d69d-477c-98dc-59bbefea49c2{ip: 10.1.0.16, host: fv-az37-268.zqe2tmcsx5vuvjs3sdc4q2yfud.gx.internal.cloudapp.net, ports: [REPLICATION=39447, RATIS=34489, RATIS_ADMIN=34489, RATIS_SERVER=34489, STANDALONE=35461], networkLocation: /default-rack, certSerialId: null, persistedOpState: null, persistedOpStateExpiryEpochSec: 0}
2022-06-16 16:18:09,013 [EventQueue-NodeRegistrationContainerReportForContainerSafeModeRule] INFO  safemode.SCMSafeModeManager (SCMSafeModeManager.java:validateSafeModeExitRules(204)) - ContainerSafeModeRule rule is successfully validated
2022-06-16 16:18:09,013 [EventQueue-NodeRegistrationContainerReportForDataNodeSafeModeRule] INFO  safemode.SCMSafeModeManager (DataNodeSafeModeRule.java:process(71)) - SCM in safe mode. 1 DataNodes registered, 3 required.
2022-06-16 16:18:09,014 [EventQueue-PipelineReportForOneReplicaPipelineSafeModeRule] INFO  safemode.SCMSafeModeManager (SCMSafeModeManager.java:validateSafeModeExitRules(204)) - AtleastOneDatanodeReportedRule rule is successfully validated
2022-06-16 16:18:09,014 [EventQueue-NewNodeForNewNodeHandler] INFO  pipeline.BackgroundPipelineCreator (BackgroundPipelineCreator.java:notifyEventTriggered(272)) - trigger a one-shot run on RatisPipelineUtilsThread.
2022-06-16 16:18:09,026 [RatisPipelineUtilsThread - 0] INFO  pipeline.RatisPipelineProvider (RatisPipelineProvider.java:lambda$create$0(195)) - Sending CreatePipelineCommand for pipeline:PipelineID=2126fcdc-d21b-4192-b4f3-8541245eb11c to datanode:e2d98f8b-d69d-477c-98dc-59bbefea49c2
2022-06-16 16:18:09,034 [RatisPipelineUtilsThread - 0] INFO  pipeline.PipelineStateManagerImpl (PipelineStateManagerImpl.java:addPipeline(101)) - Created pipeline Pipeline[ Id: 2126fcdc-d21b-4192-b4f3-8541245eb11c, Nodes: e2d98f8b-d69d-477c-98dc-59bbefea49c2{ip: 10.1.0.16, host: fv-az37-268.zqe2tmcsx5vuvjs3sdc4q2yfud.gx.internal.cloudapp.net, ports: [REPLICATION=39447, RATIS=34489, RATIS_ADMIN=34489, RATIS_SERVER=34489, STANDALONE=35461], networkLocation: /default-rack, certSerialId: null, persistedOpState: IN_SERVICE, persistedOpStateExpiryEpochSec: 0}, ReplicationConfig: RATIS/ONE, State:ALLOCATED, leaderId:, CreationTimestamp2022-06-16T16:18:09.023Z[Etc/UTC]].
2022-06-16 16:18:09,424 [Listener at 127.0.0.1/37419] INFO  ozone.MiniOzoneClusterImpl (MiniOzoneClusterImpl.java:lambda$waitForClusterToBeReady$0(221)) - Waiting for nodes to be ready. Got 1 of 5 DN Heartbeats.
2022-06-16 16:18:09,424 [Listener at 127.0.0.1/37419] INFO  ozone.MiniOzoneClusterImpl (MiniOzoneClusterImpl.java:lambda$waitForClusterToBeReady$0(224)) - Waiting for cluster to exit safe mode
2022-06-16 16:18:09,424 [Listener at 127.0.0.1/37419] INFO  ozone.MiniOzoneClusterImpl (MiniOzoneClusterImpl.java:lambda$waitForClusterToBeReady$0(226)) - SCM became leader
2022-06-16 16:18:09,496 [IPC Server handler 1 on default port 43131] INFO  net.NetworkTopologyImpl (NetworkTopologyImpl.java:add(112)) - Added a new node: /default-rack/283ec67f-837e-4418-8153-936cf3dda048
2022-06-16 16:18:09,497 [IPC Server handler 1 on default port 43131] INFO  node.SCMNodeManager (SCMNodeManager.java:register(394)) - Registered Data node : 283ec67f-837e-4418-8153-936cf3dda048{ip: 10.1.0.16, host: fv-az37-268.zqe2tmcsx5vuvjs3sdc4q2yfud.gx.internal.cloudapp.net, ports: [REPLICATION=42509, RATIS=35425, RATIS_ADMIN=35425, RATIS_SERVER=35425, STANDALONE=39637], networkLocation: /default-rack, certSerialId: null, persistedOpState: null, persistedOpStateExpiryEpochSec: 0}
2022-06-16 16:18:09,497 [EventQueue-NewNodeForNewNodeHandler] INFO  pipeline.BackgroundPipelineCreator (BackgroundPipelineCreator.java:notifyEventTriggered(272)) - trigger a one-shot run on RatisPipelineUtilsThread.
2022-06-16 16:18:09,498 [EventQueue-NodeRegistrationContainerReportForDataNodeSafeModeRule] INFO  safemode.SCMSafeModeManager (DataNodeSafeModeRule.java:process(71)) - SCM in safe mode. 2 DataNodes registered, 3 required.
2022-06-16 16:18:09,499 [RatisPipelineUtilsThread - 0] INFO  pipeline.RatisPipelineProvider (RatisPipelineProvider.java:lambda$create$0(195)) - Sending CreatePipelineCommand for pipeline:PipelineID=57835314-be8d-45cc-b7f5-6d7abdbdb760 to datanode:283ec67f-837e-4418-8153-936cf3dda048
2022-06-16 16:18:09,500 [RatisPipelineUtilsThread - 0] INFO  pipeline.PipelineStateManagerImpl (PipelineStateManagerImpl.java:addPipeline(101)) - Created pipeline Pipeline[ Id: 57835314-be8d-45cc-b7f5-6d7abdbdb760, Nodes: 283ec67f-837e-4418-8153-936cf3dda048{ip: 10.1.0.16, host: fv-az37-268.zqe2tmcsx5vuvjs3sdc4q2yfud.gx.internal.cloudapp.net, ports: [REPLICATION=42509, RATIS=35425, RATIS_ADMIN=35425, RATIS_SERVER=35425, STANDALONE=39637], networkLocation: /default-rack, certSerialId: null, persistedOpState: IN_SERVICE, persistedOpStateExpiryEpochSec: 0}, ReplicationConfig: RATIS/ONE, State:ALLOCATED, leaderId:, CreationTimestamp2022-06-16T16:18:09.499Z[Etc/UTC]].
2022-06-16 16:18:09,848 [IPC Server handler 2 on default port 43131] INFO  net.NetworkTopologyImpl (NetworkTopologyImpl.java:add(112)) - Added a new node: /default-rack/7e231c89-b42f-4528-a87d-3801d80fe42a
2022-06-16 16:18:09,849 [IPC Server handler 2 on default port 43131] INFO  node.SCMNodeManager (SCMNodeManager.java:register(394)) - Registered Data node : 7e231c89-b42f-4528-a87d-3801d80fe42a{ip: 10.1.0.16, host: fv-az37-268.zqe2tmcsx5vuvjs3sdc4q2yfud.gx.internal.cloudapp.net, ports: [REPLICATION=33669, RATIS=41481, RATIS_ADMIN=41481, RATIS_SERVER=41481, STANDALONE=36283], networkLocation: /default-rack, certSerialId: null, persistedOpState: null, persistedOpStateExpiryEpochSec: 0}
2022-06-16 16:18:09,849 [EventQueue-NewNodeForNewNodeHandler] INFO  pipeline.BackgroundPipelineCreator (BackgroundPipelineCreator.java:notifyEventTriggered(272)) - trigger a one-shot run on RatisPipelineUtilsThread.
2022-06-16 16:18:09,850 [RatisPipelineUtilsThread - 0] INFO  pipeline.RatisPipelineProvider (RatisPipelineProvider.java:lambda$create$0(195)) - Sending CreatePipelineCommand for pipeline:PipelineID=f339d521-0028-4168-bf17-7df6974b43e8 to datanode:7e231c89-b42f-4528-a87d-3801d80fe42a
2022-06-16 16:18:09,850 [EventQueue-NodeRegistrationContainerReportForDataNodeSafeModeRule] INFO  safemode.SCMSafeModeManager (DataNodeSafeModeRule.java:process(71)) - SCM in safe mode. 3 DataNodes registered, 3 required.
2022-06-16 16:18:09,850 [EventQueue-NodeRegistrationContainerReportForDataNodeSafeModeRule] INFO  safemode.SCMSafeModeManager (SCMSafeModeManager.java:validateSafeModeExitRules(204)) - DataNodeSafeModeRule rule is successfully validated
2022-06-16 16:18:09,850 [EventQueue-NodeRegistrationContainerReportForDataNodeSafeModeRule] INFO  safemode.SCMSafeModeManager (SCMSafeModeManager.java:completePreCheck(233)) - All SCM safe mode pre check rules have passed
2022-06-16 16:18:09,850 [EventQueue-NodeRegistrationContainerReportForDataNodeSafeModeRule] WARN  events.EventQueue (EventQueue.java:fireEvent(194)) - No event handler registered for event TypedEvent{payloadType=SafeModeStatus, name='Safe mode status'}
2022-06-16 16:18:09,850 [EventQueue-NodeRegistrationContainerReportForDataNodeSafeModeRule] INFO  ha.SCMContext (SCMContext.java:updateSafeModeStatus(228)) - Update SafeModeStatus from SafeModeStatus{safeModeStatus=true, preCheckPassed=false} to SafeModeStatus{safeModeStatus=true, preCheckPassed=true}.
2022-06-16 16:18:09,850 [EventQueue-NodeRegistrationContainerReportForDataNodeSafeModeRule] INFO  pipeline.BackgroundPipelineCreator (BackgroundPipelineCreator.java:notifyEventTriggered(272)) - trigger a one-shot run on RatisPipelineUtilsThread.
2022-06-16 16:18:09,850 [RatisPipelineUtilsThread - 0] INFO  pipeline.PipelineStateManagerImpl (PipelineStateManagerImpl.java:addPipeline(101)) - Created pipeline Pipeline[ Id: f339d521-0028-4168-bf17-7df6974b43e8, Nodes: 7e231c89-b42f-4528-a87d-3801d80fe42a{ip: 10.1.0.16, host: fv-az37-268.zqe2tmcsx5vuvjs3sdc4q2yfud.gx.internal.cloudapp.net, ports: [REPLICATION=33669, RATIS=41481, RATIS_ADMIN=41481, RATIS_SERVER=41481, STANDALONE=36283], networkLocation: /default-rack, certSerialId: null, persistedOpState: IN_SERVICE, persistedOpStateExpiryEpochSec: 0}, ReplicationConfig: RATIS/ONE, State:ALLOCATED, leaderId:, CreationTimestamp2022-06-16T16:18:09.850Z[Etc/UTC]].
2022-06-16 16:18:09,853 [RatisPipelineUtilsThread - 0] INFO  pipeline.RatisPipelineProvider (RatisPipelineProvider.java:lambda$create$0(195)) - Sending CreatePipelineCommand for pipeline:PipelineID=193d5ef9-d0dd-4d6c-9e57-afe12df18333 to datanode:283ec67f-837e-4418-8153-936cf3dda048
2022-06-16 16:18:09,853 [RatisPipelineUtilsThread - 0] INFO  pipeline.RatisPipelineProvider (RatisPipelineProvider.java:lambda$create$0(195)) - Sending CreatePipelineCommand for pipeline:PipelineID=193d5ef9-d0dd-4d6c-9e57-afe12df18333 to datanode:e2d98f8b-d69d-477c-98dc-59bbefea49c2
2022-06-16 16:18:09,853 [RatisPipelineUtilsThread - 0] INFO  pipeline.RatisPipelineProvider (RatisPipelineProvider.java:lambda$create$0(195)) - Sending CreatePipelineCommand for pipeline:PipelineID=193d5ef9-d0dd-4d6c-9e57-afe12df18333 to datanode:7e231c89-b42f-4528-a87d-3801d80fe42a
2022-06-16 16:18:09,854 [RatisPipelineUtilsThread - 0] INFO  pipeline.PipelineStateManagerImpl (PipelineStateManagerImpl.java:addPipeline(101)) - Created pipeline Pipeline[ Id: 193d5ef9-d0dd-4d6c-9e57-afe12df18333, Nodes: 283ec67f-837e-4418-8153-936cf3dda048{ip: 10.1.0.16, host: fv-az37-268.zqe2tmcsx5vuvjs3sdc4q2yfud.gx.internal.cloudapp.net, ports: [REPLICATION=42509, RATIS=35425, RATIS_ADMIN=35425, RATIS_SERVER=35425, STANDALONE=39637], networkLocation: /default-rack, certSerialId: null, persistedOpState: IN_SERVICE, persistedOpStateExpiryEpochSec: 0}e2d98f8b-d69d-477c-98dc-59bbefea49c2{ip: 10.1.0.16, host: fv-az37-268.zqe2tmcsx5vuvjs3sdc4q2yfud.gx.internal.cloudapp.net, ports: [REPLICATION=39447, RATIS=34489, RATIS_ADMIN=34489, RATIS_SERVER=34489, STANDALONE=35461], networkLocation: /default-rack, certSerialId: null, persistedOpState: IN_SERVICE, persistedOpStateExpiryEpochSec: 0}7e231c89-b42f-4528-a87d-3801d80fe42a{ip: 10.1.0.16, host: fv-az37-268.zqe2tmcsx5vuvjs3sdc4q2yfud.gx.internal.cloudapp.net, ports: [REPLICATION=33669, RATIS=41481, RATIS_ADMIN=41481, RATIS_SERVER=41481, STANDALONE=36283], networkLocation: /default-rack, certSerialId: null, persistedOpState: IN_SERVICE, persistedOpStateExpiryEpochSec: 0}, ReplicationConfig: RATIS/THREE, State:ALLOCATED, leaderId:, CreationTimestamp2022-06-16T16:18:09.853Z[Etc/UTC]].
2022-06-16 16:18:09,855 [RatisPipelineUtilsThread - 0] INFO  pipeline.RatisPipelineProvider (RatisPipelineProvider.java:lambda$create$0(195)) - Sending CreatePipelineCommand for pipeline:PipelineID=239be42f-daa7-4391-89a9-d3004ab1faff to datanode:e2d98f8b-d69d-477c-98dc-59bbefea49c2
2022-06-16 16:18:09,855 [RatisPipelineUtilsThread - 0] INFO  pipeline.RatisPipelineProvider (RatisPipelineProvider.java:lambda$create$0(195)) - Sending CreatePipelineCommand for pipeline:PipelineID=239be42f-daa7-4391-89a9-d3004ab1faff to datanode:283ec67f-837e-4418-8153-936cf3dda048
2022-06-16 16:18:09,855 [RatisPipelineUtilsThread - 0] INFO  pipeline.RatisPipelineProvider (RatisPipelineProvider.java:lambda$create$0(195)) - Sending CreatePipelineCommand for pipeline:PipelineID=239be42f-daa7-4391-89a9-d3004ab1faff to datanode:7e231c89-b42f-4528-a87d-3801d80fe42a
2022-06-16 16:18:09,856 [RatisPipelineUtilsThread - 0] INFO  pipeline.PipelineStateManagerImpl (PipelineStateManagerImpl.java:addPipeline(101)) - Created pipeline Pipeline[ Id: 239be42f-daa7-4391-89a9-d3004ab1faff, Nodes: e2d98f8b-d69d-477c-98dc-59bbefea49c2{ip: 10.1.0.16, host: fv-az37-268.zqe2tmcsx5vuvjs3sdc4q2yfud.gx.internal.cloudapp.net, ports: [REPLICATION=39447, RATIS=34489, RATIS_ADMIN=34489, RATIS_SERVER=34489, STANDALONE=35461], networkLocation: /default-rack, certSerialId: null, persistedOpState: IN_SERVICE, persistedOpStateExpiryEpochSec: 0}283ec67f-837e-4418-8153-936cf3dda048{ip: 10.1.0.16, host: fv-az37-268.zqe2tmcsx5vuvjs3sdc4q2yfud.gx.internal.cloudapp.net, ports: [REPLICATION=42509, RATIS=35425, RATIS_ADMIN=35425, RATIS_SERVER=35425, STANDALONE=39637], networkLocation: /default-rack, certSerialId: null, persistedOpState: IN_SERVICE, persistedOpStateExpiryEpochSec: 0}7e231c89-b42f-4528-a87d-3801d80fe42a{ip: 10.1.0.16, host: fv-az37-268.zqe2tmcsx5vuvjs3sdc4q2yfud.gx.internal.cloudapp.net, ports: [REPLICATION=33669, RATIS=41481, RATIS_ADMIN=41481, RATIS_SERVER=41481, STANDALONE=36283], networkLocation: /default-rack, certSerialId: null, persistedOpState: IN_SERVICE, persistedOpStateExpiryEpochSec: 0}, ReplicationConfig: RATIS/THREE, State:ALLOCATED, leaderId:, CreationTimestamp2022-06-16T16:18:09.855Z[Etc/UTC]].
2022-06-16 16:18:09,856 [RatisPipelineUtilsThread - 0] INFO  pipeline.PipelineManagerImpl (PipelineManagerImpl.java:recordMetricsForPipeline(715)) - Pipeline: PipelineID=239be42f-daa7-4391-89a9-d3004ab1faff contains same datanodes as previous pipelines: PipelineID=193d5ef9-d0dd-4d6c-9e57-afe12df18333 nodeIds: e2d98f8b-d69d-477c-98dc-59bbefea49c2, 283ec67f-837e-4418-8153-936cf3dda048, 7e231c89-b42f-4528-a87d-3801d80fe42a
2022-06-16 16:18:10,132 [IPC Server handler 3 on default port 43131] INFO  net.NetworkTopologyImpl (NetworkTopologyImpl.java:add(112)) - Added a new node: /default-rack/b9c7e550-1e67-440a-bf61-dc5bd635558b
2022-06-16 16:18:10,133 [IPC Server handler 3 on default port 43131] INFO  node.SCMNodeManager (SCMNodeManager.java:register(394)) - Registered Data node : b9c7e550-1e67-440a-bf61-dc5bd635558b{ip: 10.1.0.16, host: fv-az37-268.zqe2tmcsx5vuvjs3sdc4q2yfud.gx.internal.cloudapp.net, ports: [REPLICATION=40051, RATIS=40443, RATIS_ADMIN=40443, RATIS_SERVER=40443, STANDALONE=39871], networkLocation: /default-rack, certSerialId: null, persistedOpState: null, persistedOpStateExpiryEpochSec: 0}
2022-06-16 16:18:10,133 [EventQueue-NewNodeForNewNodeHandler] INFO  pipeline.BackgroundPipelineCreator (BackgroundPipelineCreator.java:notifyEventTriggered(272)) - trigger a one-shot run on RatisPipelineUtilsThread.
2022-06-16 16:18:10,133 [RatisPipelineUtilsThread - 0] INFO  pipeline.RatisPipelineProvider (RatisPipelineProvider.java:lambda$create$0(195)) - Sending CreatePipelineCommand for pipeline:PipelineID=f8bd5373-e916-4042-9347-026cab4a1f5f to datanode:b9c7e550-1e67-440a-bf61-dc5bd635558b
2022-06-16 16:18:10,134 [RatisPipelineUtilsThread - 0] INFO  pipeline.PipelineStateManagerImpl (PipelineStateManagerImpl.java:addPipeline(101)) - Created pipeline Pipeline[ Id: f8bd5373-e916-4042-9347-026cab4a1f5f, Nodes: b9c7e550-1e67-440a-bf61-dc5bd635558b{ip: 10.1.0.16, host: fv-az37-268.zqe2tmcsx5vuvjs3sdc4q2yfud.gx.internal.cloudapp.net, ports: [REPLICATION=40051, RATIS=40443, RATIS_ADMIN=40443, RATIS_SERVER=40443, STANDALONE=39871], networkLocation: /default-rack, certSerialId: null, persistedOpState: IN_SERVICE, persistedOpStateExpiryEpochSec: 0}, ReplicationConfig: RATIS/ONE, State:ALLOCATED, leaderId:, CreationTimestamp2022-06-16T16:18:10.133Z[Etc/UTC]].
2022-06-16 16:18:10,424 [Listener at 127.0.0.1/37419] INFO  ozone.MiniOzoneClusterImpl (MiniOzoneClusterImpl.java:lambda$waitForClusterToBeReady$0(221)) - Waiting for nodes to be ready. Got 4 of 5 DN Heartbeats.
2022-06-16 16:18:10,424 [Listener at 127.0.0.1/37419] INFO  ozone.MiniOzoneClusterImpl (MiniOzoneClusterImpl.java:lambda$waitForClusterToBeReady$0(224)) - Waiting for cluster to exit safe mode
2022-06-16 16:18:10,425 [Listener at 127.0.0.1/37419] INFO  ozone.MiniOzoneClusterImpl (MiniOzoneClusterImpl.java:lambda$waitForClusterToBeReady$0(226)) - SCM became leader
2022-06-16 16:18:10,438 [IPC Server handler 0 on default port 43131] INFO  net.NetworkTopologyImpl (NetworkTopologyImpl.java:add(112)) - Added a new node: /default-rack/f726d3bf-0416-4b86-8b23-12e086774417
2022-06-16 16:18:10,439 [IPC Server handler 0 on default port 43131] INFO  node.SCMNodeManager (SCMNodeManager.java:register(394)) - Registered Data node : f726d3bf-0416-4b86-8b23-12e086774417{ip: 10.1.0.16, host: fv-az37-268.zqe2tmcsx5vuvjs3sdc4q2yfud.gx.internal.cloudapp.net, ports: [REPLICATION=44569, RATIS=43791, RATIS_ADMIN=43791, RATIS_SERVER=43791, STANDALONE=45317], networkLocation: /default-rack, certSerialId: null, persistedOpState: null, persistedOpStateExpiryEpochSec: 0}
2022-06-16 16:18:10,439 [EventQueue-NewNodeForNewNodeHandler] INFO  pipeline.BackgroundPipelineCreator (BackgroundPipelineCreator.java:notifyEventTriggered(272)) - trigger a one-shot run on RatisPipelineUtilsThread.
2022-06-16 16:18:10,440 [RatisPipelineUtilsThread - 0] INFO  pipeline.RatisPipelineProvider (RatisPipelineProvider.java:lambda$create$0(195)) - Sending CreatePipelineCommand for pipeline:PipelineID=7c3df0ea-6b58-4159-b63c-1a868973c587 to datanode:f726d3bf-0416-4b86-8b23-12e086774417
2022-06-16 16:18:10,440 [RatisPipelineUtilsThread - 0] INFO  pipeline.PipelineStateManagerImpl (PipelineStateManagerImpl.java:addPipeline(101)) - Created pipeline Pipeline[ Id: 7c3df0ea-6b58-4159-b63c-1a868973c587, Nodes: f726d3bf-0416-4b86-8b23-12e086774417{ip: 10.1.0.16, host: fv-az37-268.zqe2tmcsx5vuvjs3sdc4q2yfud.gx.internal.cloudapp.net, ports: [REPLICATION=44569, RATIS=43791, RATIS_ADMIN=43791, RATIS_SERVER=43791, STANDALONE=45317], networkLocation: /default-rack, certSerialId: null, persistedOpState: IN_SERVICE, persistedOpStateExpiryEpochSec: 0}, ReplicationConfig: RATIS/ONE, State:ALLOCATED, leaderId:, CreationTimestamp2022-06-16T16:18:10.440Z[Etc/UTC]].
2022-06-16 16:18:11,425 [Listener at 127.0.0.1/37419] INFO  ozone.MiniOzoneClusterImpl (MiniOzoneClusterImpl.java:lambda$waitForClusterToBeReady$0(221)) - Nodes are ready. Got 5 of 5 DN Heartbeats.
2022-06-16 16:18:11,425 [Listener at 127.0.0.1/37419] INFO  ozone.MiniOzoneClusterImpl (MiniOzoneClusterImpl.java:lambda$waitForClusterToBeReady$0(224)) - Waiting for cluster to exit safe mode
2022-06-16 16:18:11,425 [Listener at 127.0.0.1/37419] INFO  ozone.MiniOzoneClusterImpl (MiniOzoneClusterImpl.java:lambda$waitForClusterToBeReady$0(226)) - SCM became leader
2022-06-16 16:18:11,991 [Command processor thread] INFO  server.RaftServer (RaftServerProxy.java:addNew(96)) - e2d98f8b-d69d-477c-98dc-59bbefea49c2: addNew group-8541245EB11C:[e2d98f8b-d69d-477c-98dc-59bbefea49c2|rpc:10.1.0.16:34489|priority:1] returns group-8541245EB11C:java.util.concurrent.CompletableFuture@7fa377fb[Not completed]
2022-06-16 16:18:12,000 [pool-73-thread-1] INFO  server.RaftServer$Division (RaftServerImpl.java:<init>(190)) - e2d98f8b-d69d-477c-98dc-59bbefea49c2: new RaftServerImpl for group-8541245EB11C:[e2d98f8b-d69d-477c-98dc-59bbefea49c2|rpc:10.1.0.16:34489|priority:1] with ContainerStateMachine:uninitialized
2022-06-16 16:18:12,000 [pool-73-thread-1] INFO  server.RaftServerConfigKeys (ConfUtils.java:logGet(46)) - raft.server.rpc.timeout.min = 5s (custom)
2022-06-16 16:18:12,000 [pool-73-thread-1] INFO  server.RaftServerConfigKeys (ConfUtils.java:logGet(46)) - raft.server.rpc.timeout.max = 5200ms (custom)
2022-06-16 16:18:12,000 [pool-73-thread-1] INFO  server.RaftServerConfigKeys (ConfUtils.java:logGet(46)) - raft.server.rpc.sleep.time = 25ms (default)
2022-06-16 16:18:12,000 [pool-73-thread-1] INFO  server.RaftServerConfigKeys (ConfUtils.java:logGet(46)) - raft.server.rpc.slowness.timeout = 300s (custom)
2022-06-16 16:18:12,000 [pool-73-thread-1] INFO  server.RaftServerConfigKeys (ConfUtils.java:logGet(46)) - raft.server.leaderelection.leader.step-down.wait-time = 10s (default)
2022-06-16 16:18:12,000 [pool-73-thread-1] INFO  server.RaftServerConfigKeys (ConfUtils.java:logGet(46)) - raft.server.sleep.deviation.threshold = 300ms (default)
2022-06-16 16:18:12,000 [pool-73-thread-1] INFO  server.RaftServer$Division (ServerState.java:<init>(107)) - e2d98f8b-d69d-477c-98dc-59bbefea49c2@group-8541245EB11C: ConfigurationManager, init=-1: [e2d98f8b-d69d-477c-98dc-59bbefea49c2|rpc:10.1.0.16:34489|priority:1], old=null, confs=<EMPTY_MAP>
2022-06-16 16:18:12,000 [pool-73-thread-1] INFO  server.RaftServerConfigKeys (ConfUtils.java:logGet(46)) - raft.server.storage.dir = [/home/runner/work/ozone/ozone/hadoop-ozone/integration-test/target/test-dir/MiniOzoneClusterImpl-56990420-bd6f-4635-88fd-a0a02cb22c91/datanode-0/data/ratis] (custom)
2022-06-16 16:18:12,000 [pool-73-thread-1] INFO  server.RaftServerConfigKeys (ConfUtils.java:logGet(46)) - raft.server.log.corruption.policy = EXCEPTION (default)
2022-06-16 16:18:12,000 [pool-73-thread-1] INFO  server.RaftServerConfigKeys (ConfUtils.java:logGet(46)) - raft.server.storage.free-space.min = 0MB (=0) (default)
2022-06-16 16:18:12,000 [pool-73-thread-1] INFO  storage.RaftStorageDirectory (RaftStorageDirectoryImpl.java:analyzeStorage(135)) - The storage directory /home/runner/work/ozone/ozone/hadoop-ozone/integration-test/target/test-dir/MiniOzoneClusterImpl-56990420-bd6f-4635-88fd-a0a02cb22c91/datanode-0/data/ratis/2126fcdc-d21b-4192-b4f3-8541245eb11c does not exist. Creating ...
2022-06-16 16:18:12,002 [pool-73-thread-1] INFO  storage.RaftStorageDirectory (RaftStorageDirectoryImpl.java:tryLock(230)) - Lock on /home/runner/work/ozone/ozone/hadoop-ozone/integration-test/target/test-dir/MiniOzoneClusterImpl-56990420-bd6f-4635-88fd-a0a02cb22c91/datanode-0/data/ratis/2126fcdc-d21b-4192-b4f3-8541245eb11c/in_use.lock acquired by nodename 3861@fv-az37-268
2022-06-16 16:18:12,003 [pool-73-thread-1] INFO  storage.RaftStorage (RaftStorageImpl.java:format(89)) - Storage directory /home/runner/work/ozone/ozone/hadoop-ozone/integration-test/target/test-dir/MiniOzoneClusterImpl-56990420-bd6f-4635-88fd-a0a02cb22c91/datanode-0/data/ratis/2126fcdc-d21b-4192-b4f3-8541245eb11c has been successfully formatted.
2022-06-16 16:18:12,007 [pool-73-thread-1] INFO  ratis.ContainerStateMachine (ContainerStateMachine.java:loadSnapshot(236)) - group-8541245EB11C: The snapshot info is null. Setting the last applied indexto:(t:0, i:~)
2022-06-16 16:18:12,008 [pool-73-thread-1] INFO  server.RaftServerConfigKeys (ConfUtils.java:logGet(46)) - raft.server.notification.no-leader.timeout = 300s (custom)
2022-06-16 16:18:12,008 [pool-73-thread-1] INFO  server.RaftServerConfigKeys (ConfUtils.java:logGet(46)) - raft.server.log.use.memory = false (default)
2022-06-16 16:18:12,008 [pool-73-thread-1] INFO  server.RaftServerConfigKeys (ConfUtils.java:logGet(46)) - raft.server.log.purge.gap = 1000000 (custom)
2022-06-16 16:18:12,008 [pool-73-thread-1] INFO  server.RaftServerConfigKeys (ConfUtils.java:logGet(46)) - raft.server.log.appender.buffer.byte-limit = 33554432 (custom)
2022-06-16 16:18:12,008 [pool-73-thread-1] INFO  server.RaftServerConfigKeys (ConfUtils.java:logGet(46)) - raft.server.log.statemachine.data.read.timeout = 1000ms (default)
2022-06-16 16:18:12,015 [pool-73-thread-1] INFO  server.RaftServerConfigKeys (ConfUtils.java:logGet(46)) - raft.server.log.segment.size.max = 1048576 (custom)
2022-06-16 16:18:12,015 [pool-73-thread-1] INFO  server.RaftServerConfigKeys (ConfUtils.java:logGet(46)) - raft.server.log.segment.cache.num.max = 2 (custom)
2022-06-16 16:18:12,016 [pool-73-thread-1] INFO  server.RaftServerConfigKeys (ConfUtils.java:logGet(46)) - raft.server.log.segment.cache.size.max = 200MB (=209715200) (default)
2022-06-16 16:18:12,016 [pool-73-thread-1] INFO  segmented.SegmentedRaftLogWorker (SegmentedRaftLogWorker.java:<init>(187)) - new e2d98f8b-d69d-477c-98dc-59bbefea49c2@group-8541245EB11C-SegmentedRaftLogWorker for RaftStorageImpl:Storage Directory /home/runner/work/ozone/ozone/hadoop-ozone/integration-test/target/test-dir/MiniOzoneClusterImpl-56990420-bd6f-4635-88fd-a0a02cb22c91/datanode-0/data/ratis/2126fcdc-d21b-4192-b4f3-8541245eb11c
2022-06-16 16:18:12,016 [pool-73-thread-1] INFO  server.RaftServerConfigKeys (ConfUtils.java:logGet(46)) - raft.server.log.queue.byte-limit = 4294967296 (custom)
2022-06-16 16:18:12,016 [pool-73-thread-1] INFO  server.RaftServerConfigKeys (ConfUtils.java:logGet(46)) - raft.server.log.queue.element-limit = 1024 (custom)
2022-06-16 16:18:12,016 [pool-73-thread-1] INFO  server.RaftServerConfigKeys (ConfUtils.java:logGet(46)) - raft.server.log.segment.size.max = 1048576 (custom)
2022-06-16 16:18:12,016 [pool-73-thread-1] INFO  server.RaftServerConfigKeys (ConfUtils.java:logGet(46)) - raft.server.log.preallocated.size = 16384 (custom)
2022-06-16 16:18:12,016 [pool-73-thread-1] INFO  server.RaftServerConfigKeys (ConfUtils.java:logGet(46)) - raft.server.log.force.sync.num = 128 (default)
2022-06-16 16:18:12,016 [pool-73-thread-1] INFO  server.RaftServerConfigKeys (ConfUtils.java:logGet(46)) - raft.server.log.statemachine.data.sync = true (default)
2022-06-16 16:18:12,016 [pool-73-thread-1] INFO  server.RaftServerConfigKeys (ConfUtils.java:logGet(46)) - raft.server.log.statemachine.data.sync.timeout = 10s (default)
2022-06-16 16:18:12,016 [pool-73-thread-1] INFO  server.RaftServerConfigKeys (ConfUtils.java:logGet(46)) - raft.server.log.statemachine.data.sync.timeout.retry = -1 (default)
2022-06-16 16:18:12,018 [pool-73-thread-1] INFO  server.RaftServerConfigKeys (ConfUtils.java:logGet(46)) - raft.server.log.write.buffer.size = 1048576 (custom)
2022-06-16 16:18:12,018 [pool-73-thread-1] INFO  server.RaftServerConfigKeys (ConfUtils.java:logGet(46)) - raft.server.log.unsafe-flush.enabled = false (default)
2022-06-16 16:18:12,018 [pool-73-thread-1] INFO  server.RaftServerConfigKeys (ConfUtils.java:logGet(46)) - raft.server.log.statemachine.data.caching.enabled = true (custom)
2022-06-16 16:18:12,018 [pool-73-thread-1] INFO  segmented.SegmentedRaftLogWorker (SegmentedRaftLogWorker.java:lambda$new$0(135)) - e2d98f8b-d69d-477c-98dc-59bbefea49c2@group-8541245EB11C-SegmentedRaftLogWorker: flushIndex: setUnconditionally 0 -> -1
2022-06-16 16:18:12,018 [pool-73-thread-1] INFO  segmented.SegmentedRaftLogWorker (SegmentedRaftLogWorker.java:lambda$new$0(135)) - e2d98f8b-d69d-477c-98dc-59bbefea49c2@group-8541245EB11C-SegmentedRaftLogWorker: safeCacheEvictIndex: setUnconditionally 0 -> -1
2022-06-16 16:18:12,020 [pool-73-thread-1] INFO  server.RaftServerConfigKeys (ConfUtils.java:logGet(46)) - raft.server.snapshot.auto.trigger.enabled = true (custom)
2022-06-16 16:18:12,020 [pool-73-thread-1] INFO  server.RaftServerConfigKeys (ConfUtils.java:logGet(46)) - raft.server.snapshot.auto.trigger.threshold = 10000 (custom)
2022-06-16 16:18:12,020 [pool-73-thread-1] INFO  server.RaftServerConfigKeys (ConfUtils.java:logGet(46)) - raft.server.snapshot.retention.file.num = 5 (custom)
2022-06-16 16:18:12,020 [pool-73-thread-1] INFO  server.RaftServerConfigKeys (ConfUtils.java:logGet(46)) - raft.server.log.purge.upto.snapshot.index = false (default)
2022-06-16 16:18:12,020 [pool-73-thread-1] INFO  server.RaftServerConfigKeys (ConfUtils.java:logGet(46)) - raft.server.retrycache.expirytime = 600000ms (custom)
2022-06-16 16:18:12,020 [pool-73-thread-1] INFO  server.RaftServerConfigKeys (ConfUtils.java:logGet(46)) - raft.server.retrycache.statistics.expirytime = 100μs (default)
2022-06-16 16:18:12,026 [pool-73-thread-1] INFO  server.RaftServerConfigKeys (ConfUtils.java:logGet(46)) - raft.server.log.appender.install.snapshot.enabled = false (custom)
2022-06-16 16:18:12,026 [pool-73-thread-1] INFO  server.RaftServerConfigKeys (ConfUtils.java:logGet(46)) - raft.server.threadpool.server.cached = true (default)
2022-06-16 16:18:12,026 [pool-73-thread-1] INFO  server.RaftServerConfigKeys (ConfUtils.java:logGet(46)) - raft.server.threadpool.server.size = 0 (default)
2022-06-16 16:18:12,026 [pool-73-thread-1] INFO  server.RaftServerConfigKeys (ConfUtils.java:logGet(46)) - raft.server.threadpool.client.cached = true (default)
2022-06-16 16:18:12,026 [pool-73-thread-1] INFO  server.RaftServerConfigKeys (ConfUtils.java:logGet(46)) - raft.server.threadpool.client.size = 0 (default)
2022-06-16 16:18:12,026 [pool-73-thread-1] INFO  server.RaftServer$Division (RaftServerImpl.java:start(310)) - e2d98f8b-d69d-477c-98dc-59bbefea49c2@group-8541245EB11C: start as a follower, conf=-1: [e2d98f8b-d69d-477c-98dc-59bbefea49c2|rpc:10.1.0.16:34489|priority:1], old=null
2022-06-16 16:18:12,026 [pool-73-thread-1] INFO  server.RaftServer$Division (RaftServerImpl.java:setRole(299)) - e2d98f8b-d69d-477c-98dc-59bbefea49c2@group-8541245EB11C: changes role from      null to FOLLOWER at term 0 for startAsFollower
2022-06-16 16:18:12,026 [pool-73-thread-1] INFO  impl.RoleInfo (RoleInfo.java:updateAndGet(139)) - e2d98f8b-d69d-477c-98dc-59bbefea49c2: start e2d98f8b-d69d-477c-98dc-59bbefea49c2@group-8541245EB11C-FollowerState
2022-06-16 16:18:12,040 [EventQueue-PipelineReportForPipelineReportHandler] INFO  pipeline.PipelineManagerImpl (PipelineManagerImpl.java:openPipeline(356)) - Pipeline Pipeline[ Id: 2126fcdc-d21b-4192-b4f3-8541245eb11c, Nodes: e2d98f8b-d69d-477c-98dc-59bbefea49c2{ip: 10.1.0.16, host: fv-az37-268.zqe2tmcsx5vuvjs3sdc4q2yfud.gx.internal.cloudapp.net, ports: [REPLICATION=39447, RATIS=34489, RATIS_ADMIN=34489, RATIS_SERVER=34489, STANDALONE=35461], networkLocation: /default-rack, certSerialId: null, persistedOpState: IN_SERVICE, persistedOpStateExpiryEpochSec: 0}, ReplicationConfig: RATIS/ONE, State:ALLOCATED, leaderId:e2d98f8b-d69d-477c-98dc-59bbefea49c2, CreationTimestamp2022-06-16T16:18:09.023Z[Etc/UTC]] moved to OPEN state
2022-06-16 16:18:12,040 [pool-73-thread-1] INFO  util.JmxRegister (JmxRegister.java:tryRegister(44)) - Successfully registered JMX Bean with object name Ratis:service=RaftServer,group=group-8541245EB11C,id=e2d98f8b-d69d-477c-98dc-59bbefea49c2
2022-06-16 16:18:12,050 [EventQueue-OpenPipelineForHealthyPipelineSafeModeRule] INFO  safemode.SCMSafeModeManager (HealthyPipelineSafeModeRule.java:process(124)) - SCM in safe mode. Healthy pipelines reported count is 0, required healthy pipeline reported count is 1
2022-06-16 16:18:12,052 [Command processor thread] INFO  ratis.XceiverServerRatis (XceiverServerRatis.java:addGroup(765)) - Created group PipelineID=2126fcdc-d21b-4192-b4f3-8541245eb11c
2022-06-16 16:18:12,052 [Command processor thread] INFO  commandhandler.CreatePipelineCommandHandler (CreatePipelineCommandHandler.java:handle(113)) - Created Pipeline RATIS ONE PipelineID=2126fcdc-d21b-4192-b4f3-8541245eb11c.
2022-06-16 16:18:12,053 [Command processor thread] INFO  server.RaftServer (RaftServerProxy.java:addNew(96)) - e2d98f8b-d69d-477c-98dc-59bbefea49c2: addNew group-AFE12DF18333:[7e231c89-b42f-4528-a87d-3801d80fe42a|rpc:10.1.0.16:41481|priority:1, e2d98f8b-d69d-477c-98dc-59bbefea49c2|rpc:10.1.0.16:34489|priority:0, 283ec67f-837e-4418-8153-936cf3dda048|rpc:10.1.0.16:35425|priority:0] returns group-AFE12DF18333:java.util.concurrent.CompletableFuture@31fde2d1[Not completed]
2022-06-16 16:18:12,058 [pool-73-thread-1] INFO  server.RaftServer$Division (RaftServerImpl.java:<init>(190)) - e2d98f8b-d69d-477c-98dc-59bbefea49c2: new RaftServerImpl for group-AFE12DF18333:[7e231c89-b42f-4528-a87d-3801d80fe42a|rpc:10.1.0.16:41481|priority:1, e2d98f8b-d69d-477c-98dc-59bbefea49c2|rpc:10.1.0.16:34489|priority:0, 283ec67f-837e-4418-8153-936cf3dda048|rpc:10.1.0.16:35425|priority:0] with ContainerStateMachine:uninitialized
2022-06-16 16:18:12,058 [pool-73-thread-1] INFO  server.RaftServerConfigKeys (ConfUtils.java:logGet(46)) - raft.server.rpc.timeout.min = 5s (custom)
2022-06-16 16:18:12,058 [pool-73-thread-1] INFO  server.RaftServerConfigKeys (ConfUtils.java:logGet(46)) - raft.server.rpc.timeout.max = 5200ms (custom)
2022-06-16 16:18:12,058 [pool-73-thread-1] INFO  server.RaftServerConfigKeys (ConfUtils.java:logGet(46)) - raft.server.rpc.sleep.time = 25ms (default)
2022-06-16 16:18:12,058 [pool-73-thread-1] INFO  server.RaftServerConfigKeys (ConfUtils.java:logGet(46)) - raft.server.rpc.slowness.timeout = 300s (custom)
2022-06-16 16:18:12,058 [pool-73-thread-1] INFO  server.RaftServerConfigKeys (ConfUtils.java:logGet(46)) - raft.server.leaderelection.leader.step-down.wait-time = 10s (default)
2022-06-16 16:18:12,058 [pool-73-thread-1] INFO  server.RaftServerConfigKeys (ConfUtils.java:logGet(46)) - raft.server.sleep.deviation.threshold = 300ms (default)
2022-06-16 16:18:12,058 [pool-73-thread-1] INFO  server.RaftServer$Division (ServerState.java:<init>(107)) - e2d98f8b-d69d-477c-98dc-59bbefea49c2@group-AFE12DF18333: ConfigurationManager, init=-1: [7e231c89-b42f-4528-a87d-3801d80fe42a|rpc:10.1.0.16:41481|priority:1, e2d98f8b-d69d-477c-98dc-59bbefea49c2|rpc:10.1.0.16:34489|priority:0, 283ec67f-837e-4418-8153-936cf3dda048|rpc:10.1.0.16:35425|priority:0], old=null, confs=<EMPTY_MAP>
2022-06-16 16:18:12,058 [pool-73-thread-1] INFO  server.RaftServerConfigKeys (ConfUtils.java:logGet(46)) - raft.server.storage.dir = [/home/runner/work/ozone/ozone/hadoop-ozone/integration-test/target/test-dir/MiniOzoneClusterImpl-56990420-bd6f-4635-88fd-a0a02cb22c91/datanode-0/data/ratis] (custom)
2022-06-16 16:18:12,058 [pool-73-thread-1] INFO  server.RaftServerConfigKeys (ConfUtils.java:logGet(46)) - raft.server.log.corruption.policy = EXCEPTION (default)
2022-06-16 16:18:12,058 [pool-73-thread-1] INFO  server.RaftServerConfigKeys (ConfUtils.java:logGet(46)) - raft.server.storage.free-space.min = 0MB (=0) (default)
2022-06-16 16:18:12,058 [pool-73-thread-1] INFO  storage.RaftStorageDirectory (RaftStorageDirectoryImpl.java:analyzeStorage(135)) - The storage directory /home/runner/work/ozone/ozone/hadoop-ozone/integration-test/target/test-dir/MiniOzoneClusterImpl-56990420-bd6f-4635-88fd-a0a02cb22c91/datanode-0/data/ratis/193d5ef9-d0dd-4d6c-9e57-afe12df18333 does not exist. Creating ...
2022-06-16 16:18:12,064 [pool-73-thread-1] INFO  storage.RaftStorageDirectory (RaftStorageDirectoryImpl.java:tryLock(230)) - Lock on /home/runner/work/ozone/ozone/hadoop-ozone/integration-test/target/test-dir/MiniOzoneClusterImpl-56990420-bd6f-4635-88fd-a0a02cb22c91/datanode-0/data/ratis/193d5ef9-d0dd-4d6c-9e57-afe12df18333/in_use.lock acquired by nodename 3861@fv-az37-268
2022-06-16 16:18:12,066 [pool-73-thread-1] INFO  storage.RaftStorage (RaftStorageImpl.java:format(89)) - Storage directory /home/runner/work/ozone/ozone/hadoop-ozone/integration-test/target/test-dir/MiniOzoneClusterImpl-56990420-bd6f-4635-88fd-a0a02cb22c91/datanode-0/data/ratis/193d5ef9-d0dd-4d6c-9e57-afe12df18333 has been successfully formatted.
2022-06-16 16:18:12,066 [pool-73-thread-1] INFO  ratis.ContainerStateMachine (ContainerStateMachine.java:loadSnapshot(236)) - group-AFE12DF18333: The snapshot info is null. Setting the last applied indexto:(t:0, i:~)
2022-06-16 16:18:12,069 [EventQueue-OpenPipelineForHealthyPipelineSafeModeRule] INFO  safemode.SCMSafeModeManager (HealthyPipelineSafeModeRule.java:process(124)) - SCM in safe mode. Healthy pipelines reported count is 0, required healthy pipeline reported count is 1
2022-06-16 16:18:12,069 [pool-73-thread-1] INFO  server.RaftServerConfigKeys (ConfUtils.java:logGet(46)) - raft.server.notification.no-leader.timeout = 300s (custom)
2022-06-16 16:18:12,069 [pool-73-thread-1] INFO  server.RaftServerConfigKeys (ConfUtils.java:logGet(46)) - raft.server.log.use.memory = false (default)
2022-06-16 16:18:12,069 [pool-73-thread-1] INFO  server.RaftServerConfigKeys (ConfUtils.java:logGet(46)) - raft.server.log.purge.gap = 1000000 (custom)
2022-06-16 16:18:12,070 [pool-73-thread-1] INFO  server.RaftServerConfigKeys (ConfUtils.java:logGet(46)) - raft.server.log.appender.buffer.byte-limit = 33554432 (custom)
2022-06-16 16:18:12,070 [pool-73-thread-1] INFO  server.RaftServerConfigKeys (ConfUtils.java:logGet(46)) - raft.server.log.statemachine.data.read.timeout = 1000ms (default)
2022-06-16 16:18:12,070 [pool-73-thread-1] INFO  server.RaftServerConfigKeys (ConfUtils.java:logGet(46)) - raft.server.log.segment.size.max = 1048576 (custom)
2022-06-16 16:18:12,070 [pool-73-thread-1] INFO  server.RaftServerConfigKeys (ConfUtils.java:logGet(46)) - raft.server.log.segment.cache.num.max = 2 (custom)
2022-06-16 16:18:12,071 [pool-73-thread-1] INFO  server.RaftServerConfigKeys (ConfUtils.java:logGet(46)) - raft.server.log.segment.cache.size.max = 200MB (=209715200) (default)
2022-06-16 16:18:12,071 [pool-73-thread-1] INFO  segmented.SegmentedRaftLogWorker (SegmentedRaftLogWorker.java:<init>(187)) - new e2d98f8b-d69d-477c-98dc-59bbefea49c2@group-AFE12DF18333-SegmentedRaftLogWorker for RaftStorageImpl:Storage Directory /home/runner/work/ozone/ozone/hadoop-ozone/integration-test/target/test-dir/MiniOzoneClusterImpl-56990420-bd6f-4635-88fd-a0a02cb22c91/datanode-0/data/ratis/193d5ef9-d0dd-4d6c-9e57-afe12df18333
2022-06-16 16:18:12,071 [pool-73-thread-1] INFO  server.RaftServerConfigKeys (ConfUtils.java:logGet(46)) - raft.server.log.queue.byte-limit = 4294967296 (custom)
2022-06-16 16:18:12,071 [pool-73-thread-1] INFO  server.RaftServerConfigKeys (ConfUtils.java:logGet(46)) - raft.server.log.queue.element-limit = 1024 (custom)
2022-06-16 16:18:12,071 [pool-73-thread-1] INFO  server.RaftServerConfigKeys (ConfUtils.java:logGet(46)) - raft.server.log.segment.size.max = 1048576 (custom)
2022-06-16 16:18:12,071 [pool-73-thread-1] INFO  server.RaftServerConfigKeys (ConfUtils.java:logGet(46)) - raft.server.log.preallocated.size = 16384 (custom)
2022-06-16 16:18:12,071 [pool-73-thread-1] INFO  server.RaftServerConfigKeys (ConfUtils.java:logGet(46)) - raft.server.log.force.sync.num = 128 (default)
2022-06-16 16:18:12,071 [pool-73-thread-1] INFO  server.RaftServerConfigKeys (ConfUtils.java:logGet(46)) - raft.server.log.statemachine.data.sync = true (default)
2022-06-16 16:18:12,071 [pool-73-thread-1] INFO  server.RaftServerConfigKeys (ConfUtils.java:logGet(46)) - raft.server.log.statemachine.data.sync.timeout = 10s (default)
2022-06-16 16:18:12,071 [pool-73-thread-1] INFO  server.RaftServerConfigKeys (ConfUtils.java:logGet(46)) - raft.server.log.statemachine.data.sync.timeout.retry = -1 (default)
2022-06-16 16:18:12,073 [pool-73-thread-1] INFO  server.RaftServerConfigKeys (ConfUtils.java:logGet(46)) - raft.server.log.write.buffer.size = 1048576 (custom)
2022-06-16 16:18:12,073 [pool-73-thread-1] INFO  server.RaftServerConfigKeys (ConfUtils.java:logGet(46)) - raft.server.log.unsafe-flush.enabled = false (default)
2022-06-16 16:18:12,073 [pool-73-thread-1] INFO  server.RaftServerConfigKeys (ConfUtils.java:logGet(46)) - raft.server.log.statemachine.data.caching.enabled = true (custom)
2022-06-16 16:18:12,073 [pool-73-thread-1] INFO  segmented.SegmentedRaftLogWorker (SegmentedRaftLogWorker.java:lambda$new$0(135)) - e2d98f8b-d69d-477c-98dc-59bbefea49c2@group-AFE12DF18333-SegmentedRaftLogWorker: flushIndex: setUnconditionally 0 -> -1
2022-06-16 16:18:12,074 [pool-73-thread-1] INFO  segmented.SegmentedRaftLogWorker (SegmentedRaftLogWorker.java:lambda$new$0(135)) - e2d98f8b-d69d-477c-98dc-59bbefea49c2@group-AFE12DF18333-SegmentedRaftLogWorker: safeCacheEvictIndex: setUnconditionally 0 -> -1
2022-06-16 16:18:12,074 [pool-73-thread-1] INFO  server.RaftServerConfigKeys (ConfUtils.java:logGet(46)) - raft.server.snapshot.auto.trigger.enabled = true (custom)
2022-06-16 16:18:12,074 [pool-73-thread-1] INFO  server.RaftServerConfigKeys (ConfUtils.java:logGet(46)) - raft.server.snapshot.auto.trigger.threshold = 10000 (custom)
2022-06-16 16:18:12,074 [pool-73-thread-1] INFO  server.RaftServerConfigKeys (ConfUtils.java:logGet(46)) - raft.server.snapshot.retention.file.num = 5 (custom)
2022-06-16 16:18:12,074 [pool-73-thread-1] INFO  server.RaftServerConfigKeys (ConfUtils.java:logGet(46)) - raft.server.log.purge.upto.snapshot.index = false (default)
2022-06-16 16:18:12,074 [pool-73-thread-1] INFO  server.RaftServerConfigKeys (ConfUtils.java:logGet(46)) - raft.server.retrycache.expirytime = 600000ms (custom)
2022-06-16 16:18:12,074 [pool-73-thread-1] INFO  server.RaftServerConfigKeys (ConfUtils.java:logGet(46)) - raft.server.retrycache.statistics.expirytime = 100μs (default)
2022-06-16 16:18:12,076 [pool-73-thread-1] INFO  server.RaftServerConfigKeys (ConfUtils.java:logGet(46)) - raft.server.log.appender.install.snapshot.enabled = false (custom)
2022-06-16 16:18:12,076 [pool-73-thread-1] INFO  server.RaftServerConfigKeys (ConfUtils.java:logGet(46)) - raft.server.threadpool.server.cached = true (default)
2022-06-16 16:18:12,076 [pool-73-thread-1] INFO  server.RaftServerConfigKeys (ConfUtils.java:logGet(46)) - raft.server.threadpool.server.size = 0 (default)
2022-06-16 16:18:12,076 [pool-73-thread-1] INFO  server.RaftServerConfigKeys (ConfUtils.java:logGet(46)) - raft.server.threadpool.client.cached = true (default)
2022-06-16 16:18:12,076 [pool-73-thread-1] INFO  server.RaftServerConfigKeys (ConfUtils.java:logGet(46)) - raft.server.threadpool.client.size = 0 (default)
2022-06-16 16:18:12,076 [pool-73-thread-1] INFO  server.RaftServer$Division (RaftServerImpl.java:start(310)) - e2d98f8b-d69d-477c-98dc-59bbefea49c2@group-AFE12DF18333: start as a follower, conf=-1: [7e231c89-b42f-4528-a87d-3801d80fe42a|rpc:10.1.0.16:41481|priority:1, e2d98f8b-d69d-477c-98dc-59bbefea49c2|rpc:10.1.0.16:34489|priority:0, 283ec67f-837e-4418-8153-936cf3dda048|rpc:10.1.0.16:35425|priority:0], old=null
2022-06-16 16:18:12,076 [pool-73-thread-1] INFO  server.RaftServer$Division (RaftServerImpl.java:setRole(299)) - e2d98f8b-d69d-477c-98dc-59bbefea49c2@group-AFE12DF18333: changes role from      null to FOLLOWER at term 0 for startAsFollower
2022-06-16 16:18:12,076 [pool-73-thread-1] INFO  impl.RoleInfo (RoleInfo.java:updateAndGet(139)) - e2d98f8b-d69d-477c-98dc-59bbefea49c2: start e2d98f8b-d69d-477c-98dc-59bbefea49c2@group-AFE12DF18333-FollowerState
2022-06-16 16:18:12,077 [pool-73-thread-1] INFO  util.JmxRegister (JmxRegister.java:tryRegister(44)) - Successfully registered JMX Bean with object name Ratis:service=RaftServer,group=group-AFE12DF18333,id=e2d98f8b-d69d-477c-98dc-59bbefea49c2
2022-06-16 16:18:12,078 [Command processor thread] INFO  ratis.XceiverServerRatis (XceiverServerRatis.java:addGroup(765)) - Created group PipelineID=193d5ef9-d0dd-4d6c-9e57-afe12df18333
2022-06-16 16:18:12,425 [Listener at 127.0.0.1/37419] INFO  ozone.MiniOzoneClusterImpl (MiniOzoneClusterImpl.java:lambda$waitForClusterToBeReady$0(221)) - Nodes are ready. Got 5 of 5 DN Heartbeats.
2022-06-16 16:18:12,425 [Listener at 127.0.0.1/37419] INFO  ozone.MiniOzoneClusterImpl (MiniOzoneClusterImpl.java:lambda$waitForClusterToBeReady$0(224)) - Waiting for cluster to exit safe mode
2022-06-16 16:18:12,426 [Listener at 127.0.0.1/37419] INFO  ozone.MiniOzoneClusterImpl (MiniOzoneClusterImpl.java:lambda$waitForClusterToBeReady$0(226)) - SCM became leader
2022-06-16 16:18:12,495 [Command processor thread] INFO  server.RaftServer (RaftServerProxy.java:addNew(96)) - 283ec67f-837e-4418-8153-936cf3dda048: addNew group-6D7ABDBDB760:[283ec67f-837e-4418-8153-936cf3dda048|rpc:10.1.0.16:35425|priority:1] returns group-6D7ABDBDB760:java.util.concurrent.CompletableFuture@ded4bb7[Not completed]
2022-06-16 16:18:12,505 [pool-95-thread-1] INFO  server.RaftServer$Division (RaftServerImpl.java:<init>(190)) - 283ec67f-837e-4418-8153-936cf3dda048: new RaftServerImpl for group-6D7ABDBDB760:[283ec67f-837e-4418-8153-936cf3dda048|rpc:10.1.0.16:35425|priority:1] with ContainerStateMachine:uninitialized
2022-06-16 16:18:12,505 [pool-95-thread-1] INFO  server.RaftServerConfigKeys (ConfUtils.java:logGet(46)) - raft.server.rpc.timeout.min = 5s (custom)
2022-06-16 16:18:12,505 [pool-95-thread-1] INFO  server.RaftServerConfigKeys (ConfUtils.java:logGet(46)) - raft.server.rpc.timeout.max = 5200ms (custom)
2022-06-16 16:18:12,505 [pool-95-thread-1] INFO  server.RaftServerConfigKeys (ConfUtils.java:logGet(46)) - raft.server.rpc.sleep.time = 25ms (default)
2022-06-16 16:18:12,505 [pool-95-thread-1] INFO  server.RaftServerConfigKeys (ConfUtils.java:logGet(46)) - raft.server.rpc.slowness.timeout = 300s (custom)
2022-06-16 16:18:12,505 [pool-95-thread-1] INFO  server.RaftServerConfigKeys (ConfUtils.java:logGet(46)) - raft.server.leaderelection.leader.step-down.wait-time = 10s (default)
2022-06-16 16:18:12,505 [pool-95-thread-1] INFO  server.RaftServerConfigKeys (ConfUtils.java:logGet(46)) - raft.server.sleep.deviation.threshold = 300ms (default)
2022-06-16 16:18:12,505 [pool-95-thread-1] INFO  server.RaftServer$Division (ServerState.java:<init>(107)) - 283ec67f-837e-4418-8153-936cf3dda048@group-6D7ABDBDB760: ConfigurationManager, init=-1: [283ec67f-837e-4418-8153-936cf3dda048|rpc:10.1.0.16:35425|priority:1], old=null, confs=<EMPTY_MAP>
2022-06-16 16:18:12,505 [pool-95-thread-1] INFO  server.RaftServerConfigKeys (ConfUtils.java:logGet(46)) - raft.server.storage.dir = [/home/runner/work/ozone/ozone/hadoop-ozone/integration-test/target/test-dir/MiniOzoneClusterImpl-56990420-bd6f-4635-88fd-a0a02cb22c91/datanode-1/data/ratis] (custom)
2022-06-16 16:18:12,505 [pool-95-thread-1] INFO  server.RaftServerConfigKeys (ConfUtils.java:logGet(46)) - raft.server.log.corruption.policy = EXCEPTION (default)
2022-06-16 16:18:12,505 [pool-95-thread-1] INFO  server.RaftServerConfigKeys (ConfUtils.java:logGet(46)) - raft.server.storage.free-space.min = 0MB (=0) (default)
2022-06-16 16:18:12,505 [pool-95-thread-1] INFO  storage.RaftStorageDirectory (RaftStorageDirectoryImpl.java:analyzeStorage(135)) - The storage directory /home/runner/work/ozone/ozone/hadoop-ozone/integration-test/target/test-dir/MiniOzoneClusterImpl-56990420-bd6f-4635-88fd-a0a02cb22c91/datanode-1/data/ratis/57835314-be8d-45cc-b7f5-6d7abdbdb760 does not exist. Creating ...
2022-06-16 16:18:12,509 [pool-95-thread-1] INFO  storage.RaftStorageDirectory (RaftStorageDirectoryImpl.java:tryLock(230)) - Lock on /home/runner/work/ozone/ozone/hadoop-ozone/integration-test/target/test-dir/MiniOzoneClusterImpl-56990420-bd6f-4635-88fd-a0a02cb22c91/datanode-1/data/ratis/57835314-be8d-45cc-b7f5-6d7abdbdb760/in_use.lock acquired by nodename 3861@fv-az37-268
2022-06-16 16:18:12,510 [pool-95-thread-1] INFO  storage.RaftStorage (RaftStorageImpl.java:format(89)) - Storage directory /home/runner/work/ozone/ozone/hadoop-ozone/integration-test/target/test-dir/MiniOzoneClusterImpl-56990420-bd6f-4635-88fd-a0a02cb22c91/datanode-1/data/ratis/57835314-be8d-45cc-b7f5-6d7abdbdb760 has been successfully formatted.
2022-06-16 16:18:12,510 [pool-95-thread-1] INFO  ratis.ContainerStateMachine (ContainerStateMachine.java:loadSnapshot(236)) - group-6D7ABDBDB760: The snapshot info is null. Setting the last applied indexto:(t:0, i:~)
2022-06-16 16:18:12,511 [pool-95-thread-1] INFO  server.RaftServerConfigKeys (ConfUtils.java:logGet(46)) - raft.server.notification.no-leader.timeout = 300s (custom)
2022-06-16 16:18:12,511 [pool-95-thread-1] INFO  server.RaftServerConfigKeys (ConfUtils.java:logGet(46)) - raft.server.log.use.memory = false (default)
2022-06-16 16:18:12,515 [EventQueue-PipelineReportForPipelineReportHandler] INFO  pipeline.PipelineManagerImpl (PipelineManagerImpl.java:openPipeline(356)) - Pipeline Pipeline[ Id: 57835314-be8d-45cc-b7f5-6d7abdbdb760, Nodes: 283ec67f-837e-4418-8153-936cf3dda048{ip: 10.1.0.16, host: fv-az37-268.zqe2tmcsx5vuvjs3sdc4q2yfud.gx.internal.cloudapp.net, ports: [REPLICATION=42509, RATIS=35425, RATIS_ADMIN=35425, RATIS_SERVER=35425, STANDALONE=39637], networkLocation: /default-rack, certSerialId: null, persistedOpState: IN_SERVICE, persistedOpStateExpiryEpochSec: 0}, ReplicationConfig: RATIS/ONE, State:ALLOCATED, leaderId:283ec67f-837e-4418-8153-936cf3dda048, CreationTimestamp2022-06-16T16:18:09.499Z[Etc/UTC]] moved to OPEN state
2022-06-16 16:18:12,516 [EventQueue-OpenPipelineForHealthyPipelineSafeModeRule] INFO  safemode.SCMSafeModeManager (HealthyPipelineSafeModeRule.java:process(124)) - SCM in safe mode. Healthy pipelines reported count is 0, required healthy pipeline reported count is 1
2022-06-16 16:18:12,517 [pool-95-thread-1] INFO  server.RaftServerConfigKeys (ConfUtils.java:logGet(46)) - raft.server.log.purge.gap = 1000000 (custom)
2022-06-16 16:18:12,518 [pool-95-thread-1] INFO  server.RaftServerConfigKeys (ConfUtils.java:logGet(46)) - raft.server.log.appender.buffer.byte-limit = 33554432 (custom)
2022-06-16 16:18:12,518 [pool-95-thread-1] INFO  server.RaftServerConfigKeys (ConfUtils.java:logGet(46)) - raft.server.log.statemachine.data.read.timeout = 1000ms (default)
2022-06-16 16:18:12,518 [pool-95-thread-1] INFO  server.RaftServerConfigKeys (ConfUtils.java:logGet(46)) - raft.server.log.segment.size.max = 1048576 (custom)
2022-06-16 16:18:12,521 [pool-95-thread-1] INFO  server.RaftServerConfigKeys (ConfUtils.java:logGet(46)) - raft.server.log.segment.cache.num.max = 2 (custom)
2022-06-16 16:18:12,521 [pool-95-thread-1] INFO  server.RaftServerConfigKeys (ConfUtils.java:logGet(46)) - raft.server.log.segment.cache.size.max = 200MB (=209715200) (default)
2022-06-16 16:18:12,521 [pool-95-thread-1] INFO  segmented.SegmentedRaftLogWorker (SegmentedRaftLogWorker.java:<init>(187)) - new 283ec67f-837e-4418-8153-936cf3dda048@group-6D7ABDBDB760-SegmentedRaftLogWorker for RaftStorageImpl:Storage Directory /home/runner/work/ozone/ozone/hadoop-ozone/integration-test/target/test-dir/MiniOzoneClusterImpl-56990420-bd6f-4635-88fd-a0a02cb22c91/datanode-1/data/ratis/57835314-be8d-45cc-b7f5-6d7abdbdb760
2022-06-16 16:18:12,521 [pool-95-thread-1] INFO  server.RaftServerConfigKeys (ConfUtils.java:logGet(46)) - raft.server.log.queue.byte-limit = 4294967296 (custom)
2022-06-16 16:18:12,521 [pool-95-thread-1] INFO  server.RaftServerConfigKeys (ConfUtils.java:logGet(46)) - raft.server.log.queue.element-limit = 1024 (custom)
2022-06-16 16:18:12,521 [pool-95-thread-1] INFO  server.RaftServerConfigKeys (ConfUtils.java:logGet(46)) - raft.server.log.segment.size.max = 1048576 (custom)
2022-06-16 16:18:12,521 [pool-95-thread-1] INFO  server.RaftServerConfigKeys (ConfUtils.java:logGet(46)) - raft.server.log.preallocated.size = 16384 (custom)
2022-06-16 16:18:12,521 [pool-95-thread-1] INFO  server.RaftServerConfigKeys (ConfUtils.java:logGet(46)) - raft.server.log.force.sync.num = 128 (default)
2022-06-16 16:18:12,521 [pool-95-thread-1] INFO  server.RaftServerConfigKeys (ConfUtils.java:logGet(46)) - raft.server.log.statemachine.data.sync = true (default)
2022-06-16 16:18:12,521 [pool-95-thread-1] INFO  server.RaftServerConfigKeys (ConfUtils.java:logGet(46)) - raft.server.log.statemachine.data.sync.timeout = 10s (default)
2022-06-16 16:18:12,521 [pool-95-thread-1] INFO  server.RaftServerConfigKeys (ConfUtils.java:logGet(46)) - raft.server.log.statemachine.data.sync.timeout.retry = -1 (default)
2022-06-16 16:18:12,523 [pool-95-thread-1] INFO  server.RaftServerConfigKeys (ConfUtils.java:logGet(46)) - raft.server.log.write.buffer.size = 1048576 (custom)
2022-06-16 16:18:12,523 [pool-95-thread-1] INFO  server.RaftServerConfigKeys (ConfUtils.java:logGet(46)) - raft.server.log.unsafe-flush.enabled = false (default)
2022-06-16 16:18:12,523 [pool-95-thread-1] INFO  server.RaftServerConfigKeys (ConfUtils.java:logGet(46)) - raft.server.log.statemachine.data.caching.enabled = true (custom)
2022-06-16 16:18:12,523 [pool-95-thread-1] INFO  segmented.SegmentedRaftLogWorker (SegmentedRaftLogWorker.java:lambda$new$0(135)) - 283ec67f-837e-4418-8153-936cf3dda048@group-6D7ABDBDB760-SegmentedRaftLogWorker: flushIndex: setUnconditionally 0 -> -1
2022-06-16 16:18:12,523 [pool-95-thread-1] INFO  segmented.SegmentedRaftLogWorker (SegmentedRaftLogWorker.java:lambda$new$0(135)) - 283ec67f-837e-4418-8153-936cf3dda048@group-6D7ABDBDB760-SegmentedRaftLogWorker: safeCacheEvictIndex: setUnconditionally 0 -> -1
2022-06-16 16:18:12,542 [pool-95-thread-1] INFO  server.RaftServerConfigKeys (ConfUtils.java:logGet(46)) - raft.server.snapshot.auto.trigger.enabled = true (custom)
2022-06-16 16:18:12,542 [pool-95-thread-1] INFO  server.RaftServerConfigKeys (ConfUtils.java:logGet(46)) - raft.server.snapshot.auto.trigger.threshold = 10000 (custom)
2022-06-16 16:18:12,542 [pool-95-thread-1] INFO  server.RaftServerConfigKeys (ConfUtils.java:logGet(46)) - raft.server.snapshot.retention.file.num = 5 (custom)
2022-06-16 16:18:12,542 [pool-95-thread-1] INFO  server.RaftServerConfigKeys (ConfUtils.java:logGet(46)) - raft.server.log.purge.upto.snapshot.index = false (default)
2022-06-16 16:18:12,542 [pool-95-thread-1] INFO  server.RaftServerConfigKeys (ConfUtils.java:logGet(46)) - raft.server.retrycache.expirytime = 600000ms (custom)
2022-06-16 16:18:12,542 [pool-95-thread-1] INFO  server.RaftServerConfigKeys (ConfUtils.java:logGet(46)) - raft.server.retrycache.statistics.expirytime = 100μs (default)
2022-06-16 16:18:12,544 [pool-95-thread-1] INFO  server.RaftServerConfigKeys (ConfUtils.java:logGet(46)) - raft.server.log.appender.install.snapshot.enabled = false (custom)
2022-06-16 16:18:12,544 [pool-95-thread-1] INFO  server.RaftServerConfigKeys (ConfUtils.java:logGet(46)) - raft.server.threadpool.server.cached = true (default)
2022-06-16 16:18:12,544 [pool-95-thread-1] INFO  server.RaftServerConfigKeys (ConfUtils.java:logGet(46)) - raft.server.threadpool.server.size = 0 (default)
2022-06-16 16:18:12,544 [pool-95-thread-1] INFO  server.RaftServerConfigKeys (ConfUtils.java:logGet(46)) - raft.server.threadpool.client.cached = true (default)
2022-06-16 16:18:12,544 [pool-95-thread-1] INFO  server.RaftServerConfigKeys (ConfUtils.java:logGet(46)) - raft.server.threadpool.client.size = 0 (default)
2022-06-16 16:18:12,544 [pool-95-thread-1] INFO  server.RaftServer$Division (RaftServerImpl.java:start(310)) - 283ec67f-837e-4418-8153-936cf3dda048@group-6D7ABDBDB760: start as a follower, conf=-1: [283ec67f-837e-4418-8153-936cf3dda048|rpc:10.1.0.16:35425|priority:1], old=null
2022-06-16 16:18:12,544 [pool-95-thread-1] INFO  server.RaftServer$Division (RaftServerImpl.java:setRole(299)) - 283ec67f-837e-4418-8153-936cf3dda048@group-6D7ABDBDB760: changes role from      null to FOLLOWER at term 0 for startAsFollower
2022-06-16 16:18:12,544 [pool-95-thread-1] INFO  impl.RoleInfo (RoleInfo.java:updateAndGet(139)) - 283ec67f-837e-4418-8153-936cf3dda048: start 283ec67f-837e-4418-8153-936cf3dda048@group-6D7ABDBDB760-FollowerState
2022-06-16 16:18:12,547 [pool-95-thread-1] INFO  util.JmxRegister (JmxRegister.java:tryRegister(44)) - Successfully registered JMX Bean with object name Ratis:service=RaftServer,group=group-6D7ABDBDB760,id=283ec67f-837e-4418-8153-936cf3dda048
2022-06-16 16:18:12,553 [Command processor thread] INFO  ratis.XceiverServerRatis (XceiverServerRatis.java:addGroup(765)) - Created group PipelineID=57835314-be8d-45cc-b7f5-6d7abdbdb760
2022-06-16 16:18:12,553 [Command processor thread] INFO  commandhandler.CreatePipelineCommandHandler (CreatePipelineCommandHandler.java:handle(113)) - Created Pipeline RATIS ONE PipelineID=57835314-be8d-45cc-b7f5-6d7abdbdb760.
2022-06-16 16:18:12,554 [Command processor thread] INFO  server.RaftServer (RaftServerProxy.java:addNew(96)) - 283ec67f-837e-4418-8153-936cf3dda048: addNew group-AFE12DF18333:[7e231c89-b42f-4528-a87d-3801d80fe42a|rpc:10.1.0.16:41481|priority:1, e2d98f8b-d69d-477c-98dc-59bbefea49c2|rpc:10.1.0.16:34489|priority:0, 283ec67f-837e-4418-8153-936cf3dda048|rpc:10.1.0.16:35425|priority:0] returns group-AFE12DF18333:java.util.concurrent.CompletableFuture@9d2ced2[Not completed]
2022-06-16 16:18:12,555 [pool-95-thread-1] INFO  server.RaftServer$Division (RaftServerImpl.java:<init>(190)) - 283ec67f-837e-4418-8153-936cf3dda048: new RaftServerImpl for group-AFE12DF18333:[7e231c89-b42f-4528-a87d-3801d80fe42a|rpc:10.1.0.16:41481|priority:1, e2d98f8b-d69d-477c-98dc-59bbefea49c2|rpc:10.1.0.16:34489|priority:0, 283ec67f-837e-4418-8153-936cf3dda048|rpc:10.1.0.16:35425|priority:0] with ContainerStateMachine:uninitialized
2022-06-16 16:18:12,555 [pool-95-thread-1] INFO  server.RaftServerConfigKeys (ConfUtils.java:logGet(46)) - raft.server.rpc.timeout.min = 5s (custom)
2022-06-16 16:18:12,555 [pool-95-thread-1] INFO  server.RaftServerConfigKeys (ConfUtils.java:logGet(46)) - raft.server.rpc.timeout.max = 5200ms (custom)
2022-06-16 16:18:12,555 [pool-95-thread-1] INFO  server.RaftServerConfigKeys (ConfUtils.java:logGet(46)) - raft.server.rpc.sleep.time = 25ms (default)
2022-06-16 16:18:12,555 [pool-95-thread-1] INFO  server.RaftServerConfigKeys (ConfUtils.java:logGet(46)) - raft.server.rpc.slowness.timeout = 300s (custom)
2022-06-16 16:18:12,555 [pool-95-thread-1] INFO  server.RaftServerConfigKeys (ConfUtils.java:logGet(46)) - raft.server.leaderelection.leader.step-down.wait-time = 10s (default)
2022-06-16 16:18:12,555 [pool-95-thread-1] INFO  server.RaftServerConfigKeys (ConfUtils.java:logGet(46)) - raft.server.sleep.deviation.threshold = 300ms (default)
2022-06-16 16:18:12,555 [pool-95-thread-1] INFO  server.RaftServer$Division (ServerState.java:<init>(107)) - 283ec67f-837e-4418-8153-936cf3dda048@group-AFE12DF18333: ConfigurationManager, init=-1: [7e231c89-b42f-4528-a87d-3801d80fe42a|rpc:10.1.0.16:41481|priority:1, e2d98f8b-d69d-477c-98dc-59bbefea49c2|rpc:10.1.0.16:34489|priority:0, 283ec67f-837e-4418-8153-936cf3dda048|rpc:10.1.0.16:35425|priority:0], old=null, confs=<EMPTY_MAP>
2022-06-16 16:18:12,555 [pool-95-thread-1] INFO  server.RaftServerConfigKeys (ConfUtils.java:logGet(46)) - raft.server.storage.dir = [/home/runner/work/ozone/ozone/hadoop-ozone/integration-test/target/test-dir/MiniOzoneClusterImpl-56990420-bd6f-4635-88fd-a0a02cb22c91/datanode-1/data/ratis] (custom)
2022-06-16 16:18:12,555 [pool-95-thread-1] INFO  server.RaftServerConfigKeys (ConfUtils.java:logGet(46)) - raft.server.log.corruption.policy = EXCEPTION (default)
2022-06-16 16:18:12,555 [pool-95-thread-1] INFO  server.RaftServerConfigKeys (ConfUtils.java:logGet(46)) - raft.server.storage.free-space.min = 0MB (=0) (default)
2022-06-16 16:18:12,555 [pool-95-thread-1] INFO  storage.RaftStorageDirectory (RaftStorageDirectoryImpl.java:analyzeStorage(135)) - The storage directory /home/runner/work/ozone/ozone/hadoop-ozone/integration-test/target/test-dir/MiniOzoneClusterImpl-56990420-bd6f-4635-88fd-a0a02cb22c91/datanode-1/data/ratis/193d5ef9-d0dd-4d6c-9e57-afe12df18333 does not exist. Creating ...
2022-06-16 16:18:12,557 [pool-95-thread-1] INFO  storage.RaftStorageDirectory (RaftStorageDirectoryImpl.java:tryLock(230)) - Lock on /home/runner/work/ozone/ozone/hadoop-ozone/integration-test/target/test-dir/MiniOzoneClusterImpl-56990420-bd6f-4635-88fd-a0a02cb22c91/datanode-1/data/ratis/193d5ef9-d0dd-4d6c-9e57-afe12df18333/in_use.lock acquired by nodename 3861@fv-az37-268
2022-06-16 16:18:12,559 [pool-95-thread-1] INFO  storage.RaftStorage (RaftStorageImpl.java:format(89)) - Storage directory /home/runner/work/ozone/ozone/hadoop-ozone/integration-test/target/test-dir/MiniOzoneClusterImpl-56990420-bd6f-4635-88fd-a0a02cb22c91/datanode-1/data/ratis/193d5ef9-d0dd-4d6c-9e57-afe12df18333 has been successfully formatted.
2022-06-16 16:18:12,561 [pool-95-thread-1] INFO  ratis.ContainerStateMachine (ContainerStateMachine.java:loadSnapshot(236)) - group-AFE12DF18333: The snapshot info is null. Setting the last applied indexto:(t:0, i:~)
2022-06-16 16:18:12,561 [pool-95-thread-1] INFO  server.RaftServerConfigKeys (ConfUtils.java:logGet(46)) - raft.server.notification.no-leader.timeout = 300s (custom)
2022-06-16 16:18:12,561 [pool-95-thread-1] INFO  server.RaftServerConfigKeys (ConfUtils.java:logGet(46)) - raft.server.log.use.memory = false (default)
2022-06-16 16:18:12,561 [pool-95-thread-1] INFO  server.RaftServerConfigKeys (ConfUtils.java:logGet(46)) - raft.server.log.purge.gap = 1000000 (custom)
2022-06-16 16:18:12,561 [EventQueue-OpenPipelineForHealthyPipelineSafeModeRule] INFO  safemode.SCMSafeModeManager (HealthyPipelineSafeModeRule.java:process(124)) - SCM in safe mode. Healthy pipelines reported count is 0, required healthy pipeline reported count is 1
2022-06-16 16:18:12,565 [pool-95-thread-1] INFO  server.RaftServerConfigKeys (ConfUtils.java:logGet(46)) - raft.server.log.appender.buffer.byte-limit = 33554432 (custom)
2022-06-16 16:18:12,565 [pool-95-thread-1] INFO  server.RaftServerConfigKeys (ConfUtils.java:logGet(46)) - raft.server.log.statemachine.data.read.timeout = 1000ms (default)
2022-06-16 16:18:12,566 [pool-95-thread-1] INFO  server.RaftServerConfigKeys (ConfUtils.java:logGet(46)) - raft.server.log.segment.size.max = 1048576 (custom)
2022-06-16 16:18:12,566 [pool-95-thread-1] INFO  server.RaftServerConfigKeys (ConfUtils.java:logGet(46)) - raft.server.log.segment.cache.num.max = 2 (custom)
2022-06-16 16:18:12,566 [pool-95-thread-1] INFO  server.RaftServerConfigKeys (ConfUtils.java:logGet(46)) - raft.server.log.segment.cache.size.max = 200MB (=209715200) (default)
2022-06-16 16:18:12,566 [pool-95-thread-1] INFO  segmented.SegmentedRaftLogWorker (SegmentedRaftLogWorker.java:<init>(187)) - new 283ec67f-837e-4418-8153-936cf3dda048@group-AFE12DF18333-SegmentedRaftLogWorker for RaftStorageImpl:Storage Directory /home/runner/work/ozone/ozone/hadoop-ozone/integration-test/target/test-dir/MiniOzoneClusterImpl-56990420-bd6f-4635-88fd-a0a02cb22c91/datanode-1/data/ratis/193d5ef9-d0dd-4d6c-9e57-afe12df18333
2022-06-16 16:18:12,566 [pool-95-thread-1] INFO  server.RaftServerConfigKeys (ConfUtils.java:logGet(46)) - raft.server.log.queue.byte-limit = 4294967296 (custom)
2022-06-16 16:18:12,566 [pool-95-thread-1] INFO  server.RaftServerConfigKeys (ConfUtils.java:logGet(46)) - raft.server.log.queue.element-limit = 1024 (custom)
2022-06-16 16:18:12,566 [pool-95-thread-1] INFO  server.RaftServerConfigKeys (ConfUtils.java:logGet(46)) - raft.server.log.segment.size.max = 1048576 (custom)
2022-06-16 16:18:12,566 [pool-95-thread-1] INFO  server.RaftServerConfigKeys (ConfUtils.java:logGet(46)) - raft.server.log.preallocated.size = 16384 (custom)
2022-06-16 16:18:12,566 [pool-95-thread-1] INFO  server.RaftServerConfigKeys (ConfUtils.java:logGet(46)) - raft.server.log.force.sync.num = 128 (default)
2022-06-16 16:18:12,566 [pool-95-thread-1] INFO  server.RaftServerConfigKeys (ConfUtils.java:logGet(46)) - raft.server.log.statemachine.data.sync = true (default)
2022-06-16 16:18:12,567 [pool-95-thread-1] INFO  server.RaftServerConfigKeys (ConfUtils.java:logGet(46)) - raft.server.log.statemachine.data.sync.timeout = 10s (default)
2022-06-16 16:18:12,567 [pool-95-thread-1] INFO  server.RaftServerConfigKeys (ConfUtils.java:logGet(46)) - raft.server.log.statemachine.data.sync.timeout.retry = -1 (default)
2022-06-16 16:18:12,567 [pool-95-thread-1] INFO  server.RaftServerConfigKeys (ConfUtils.java:logGet(46)) - raft.server.log.write.buffer.size = 1048576 (custom)
2022-06-16 16:18:12,568 [pool-95-thread-1] INFO  server.RaftServerConfigKeys (ConfUtils.java:logGet(46)) - raft.server.log.unsafe-flush.enabled = false (default)
2022-06-16 16:18:12,568 [pool-95-thread-1] INFO  server.RaftServerConfigKeys (ConfUtils.java:logGet(46)) - raft.server.log.statemachine.data.caching.enabled = true (custom)
2022-06-16 16:18:12,568 [pool-95-thread-1] INFO  segmented.SegmentedRaftLogWorker (SegmentedRaftLogWorker.java:lambda$new$0(135)) - 283ec67f-837e-4418-8153-936cf3dda048@group-AFE12DF18333-SegmentedRaftLogWorker: flushIndex: setUnconditionally 0 -> -1
2022-06-16 16:18:12,568 [pool-95-thread-1] INFO  segmented.SegmentedRaftLogWorker (SegmentedRaftLogWorker.java:lambda$new$0(135)) - 283ec67f-837e-4418-8153-936cf3dda048@group-AFE12DF18333-SegmentedRaftLogWorker: safeCacheEvictIndex: setUnconditionally 0 -> -1
2022-06-16 16:18:12,568 [pool-95-thread-1] INFO  server.RaftServerConfigKeys (ConfUtils.java:logGet(46)) - raft.server.snapshot.auto.trigger.enabled = true (custom)
2022-06-16 16:18:12,569 [pool-95-thread-1] INFO  server.RaftServerConfigKeys (ConfUtils.java:logGet(46)) - raft.server.snapshot.auto.trigger.threshold = 10000 (custom)
2022-06-16 16:18:12,569 [pool-95-thread-1] INFO  server.RaftServerConfigKeys (ConfUtils.java:logGet(46)) - raft.server.snapshot.retention.file.num = 5 (custom)
2022-06-16 16:18:12,569 [pool-95-thread-1] INFO  server.RaftServerConfigKeys (ConfUtils.java:logGet(46)) - raft.server.log.purge.upto.snapshot.index = false (default)
2022-06-16 16:18:12,569 [pool-95-thread-1] INFO  server.RaftServerConfigKeys (ConfUtils.java:logGet(46)) - raft.server.retrycache.expirytime = 600000ms (custom)
2022-06-16 16:18:12,569 [pool-95-thread-1] INFO  server.RaftServerConfigKeys (ConfUtils.java:logGet(46)) - raft.server.retrycache.statistics.expirytime = 100μs (default)
2022-06-16 16:18:12,570 [pool-95-thread-1] INFO  server.RaftServerConfigKeys (ConfUtils.java:logGet(46)) - raft.server.log.appender.install.snapshot.enabled = false (custom)
2022-06-16 16:18:12,570 [pool-95-thread-1] INFO  server.RaftServerConfigKeys (ConfUtils.java:logGet(46)) - raft.server.threadpool.server.cached = true (default)
2022-06-16 16:18:12,570 [pool-95-thread-1] INFO  server.RaftServerConfigKeys (ConfUtils.java:logGet(46)) - raft.server.threadpool.server.size = 0 (default)
2022-06-16 16:18:12,570 [pool-95-thread-1] INFO  server.RaftServerConfigKeys (ConfUtils.java:logGet(46)) - raft.server.threadpool.client.cached = true (default)
2022-06-16 16:18:12,570 [pool-95-thread-1] INFO  server.RaftServerConfigKeys (ConfUtils.java:logGet(46)) - raft.server.threadpool.client.size = 0 (default)
2022-06-16 16:18:12,570 [pool-95-thread-1] INFO  server.RaftServer$Division (RaftServerImpl.java:start(310)) - 283ec67f-837e-4418-8153-936cf3dda048@group-AFE12DF18333: start as a follower, conf=-1: [7e231c89-b42f-4528-a87d-3801d80fe42a|rpc:10.1.0.16:41481|priority:1, e2d98f8b-d69d-477c-98dc-59bbefea49c2|rpc:10.1.0.16:34489|priority:0, 283ec67f-837e-4418-8153-936cf3dda048|rpc:10.1.0.16:35425|priority:0], old=null
2022-06-16 16:18:12,570 [pool-95-thread-1] INFO  server.RaftServer$Division (RaftServerImpl.java:setRole(299)) - 283ec67f-837e-4418-8153-936cf3dda048@group-AFE12DF18333: changes role from      null to FOLLOWER at term 0 for startAsFollower
2022-06-16 16:18:12,570 [pool-95-thread-1] INFO  impl.RoleInfo (RoleInfo.java:updateAndGet(139)) - 283ec67f-837e-4418-8153-936cf3dda048: start 283ec67f-837e-4418-8153-936cf3dda048@group-AFE12DF18333-FollowerState
2022-06-16 16:18:12,570 [pool-95-thread-1] INFO  util.JmxRegister (JmxRegister.java:tryRegister(44)) - Successfully registered JMX Bean with object name Ratis:service=RaftServer,group=group-AFE12DF18333,id=283ec67f-837e-4418-8153-936cf3dda048
2022-06-16 16:18:12,571 [Command processor thread] INFO  ratis.XceiverServerRatis (XceiverServerRatis.java:addGroup(765)) - Created group PipelineID=193d5ef9-d0dd-4d6c-9e57-afe12df18333
2022-06-16 16:18:12,680 [grpc-default-executor-1] INFO  server.RaftServer (RaftServerProxy.java:addNew(96)) - 7e231c89-b42f-4528-a87d-3801d80fe42a: addNew group-AFE12DF18333:[7e231c89-b42f-4528-a87d-3801d80fe42a|rpc:10.1.0.16:41481|dataStream:|priority:1, e2d98f8b-d69d-477c-98dc-59bbefea49c2|rpc:10.1.0.16:34489|dataStream:|priority:0, 283ec67f-837e-4418-8153-936cf3dda048|rpc:10.1.0.16:35425|dataStream:|priority:0] returns group-AFE12DF18333:java.util.concurrent.CompletableFuture@30853a04[Not completed]
2022-06-16 16:18:12,687 [pool-117-thread-1] INFO  server.RaftServer$Division (RaftServerImpl.java:<init>(190)) - 7e231c89-b42f-4528-a87d-3801d80fe42a: new RaftServerImpl for group-AFE12DF18333:[7e231c89-b42f-4528-a87d-3801d80fe42a|rpc:10.1.0.16:41481|dataStream:|priority:1, e2d98f8b-d69d-477c-98dc-59bbefea49c2|rpc:10.1.0.16:34489|dataStream:|priority:0, 283ec67f-837e-4418-8153-936cf3dda048|rpc:10.1.0.16:35425|dataStream:|priority:0] with ContainerStateMachine:uninitialized
2022-06-16 16:18:12,687 [pool-117-thread-1] INFO  server.RaftServerConfigKeys (ConfUtils.java:logGet(46)) - raft.server.rpc.timeout.min = 5s (custom)
2022-06-16 16:18:12,687 [pool-117-thread-1] INFO  server.RaftServerConfigKeys (ConfUtils.java:logGet(46)) - raft.server.rpc.timeout.max = 5200ms (custom)
2022-06-16 16:18:12,687 [pool-117-thread-1] INFO  server.RaftServerConfigKeys (ConfUtils.java:logGet(46)) - raft.server.rpc.sleep.time = 25ms (default)
2022-06-16 16:18:12,687 [pool-117-thread-1] INFO  server.RaftServerConfigKeys (ConfUtils.java:logGet(46)) - raft.server.rpc.slowness.timeout = 300s (custom)
2022-06-16 16:18:12,687 [pool-117-thread-1] INFO  server.RaftServerConfigKeys (ConfUtils.java:logGet(46)) - raft.server.leaderelection.leader.step-down.wait-time = 10s (default)
2022-06-16 16:18:12,687 [pool-117-thread-1] INFO  server.RaftServerConfigKeys (ConfUtils.java:logGet(46)) - raft.server.sleep.deviation.threshold = 300ms (default)
2022-06-16 16:18:12,687 [pool-117-thread-1] INFO  server.RaftServer$Division (ServerState.java:<init>(107)) - 7e231c89-b42f-4528-a87d-3801d80fe42a@group-AFE12DF18333: ConfigurationManager, init=-1: [7e231c89-b42f-4528-a87d-3801d80fe42a|rpc:10.1.0.16:41481|dataStream:|priority:1, e2d98f8b-d69d-477c-98dc-59bbefea49c2|rpc:10.1.0.16:34489|dataStream:|priority:0, 283ec67f-837e-4418-8153-936cf3dda048|rpc:10.1.0.16:35425|dataStream:|priority:0], old=null, confs=<EMPTY_MAP>
2022-06-16 16:18:12,687 [pool-117-thread-1] INFO  server.RaftServerConfigKeys (ConfUtils.java:logGet(46)) - raft.server.storage.dir = [/home/runner/work/ozone/ozone/hadoop-ozone/integration-test/target/test-dir/MiniOzoneClusterImpl-56990420-bd6f-4635-88fd-a0a02cb22c91/datanode-2/data/ratis] (custom)
2022-06-16 16:18:12,687 [pool-117-thread-1] INFO  server.RaftServerConfigKeys (ConfUtils.java:logGet(46)) - raft.server.log.corruption.policy = EXCEPTION (default)
2022-06-16 16:18:12,688 [pool-117-thread-1] INFO  server.RaftServerConfigKeys (ConfUtils.java:logGet(46)) - raft.server.storage.free-space.min = 0MB (=0) (default)
2022-06-16 16:18:12,688 [pool-117-thread-1] INFO  storage.RaftStorageDirectory (RaftStorageDirectoryImpl.java:analyzeStorage(135)) - The storage directory /home/runner/work/ozone/ozone/hadoop-ozone/integration-test/target/test-dir/MiniOzoneClusterImpl-56990420-bd6f-4635-88fd-a0a02cb22c91/datanode-2/data/ratis/193d5ef9-d0dd-4d6c-9e57-afe12df18333 does not exist. Creating ...
2022-06-16 16:18:12,690 [pool-117-thread-1] INFO  storage.RaftStorageDirectory (RaftStorageDirectoryImpl.java:tryLock(230)) - Lock on /home/runner/work/ozone/ozone/hadoop-ozone/integration-test/target/test-dir/MiniOzoneClusterImpl-56990420-bd6f-4635-88fd-a0a02cb22c91/datanode-2/data/ratis/193d5ef9-d0dd-4d6c-9e57-afe12df18333/in_use.lock acquired by nodename 3861@fv-az37-268
2022-06-16 16:18:12,692 [pool-117-thread-1] INFO  storage.RaftStorage (RaftStorageImpl.java:format(89)) - Storage directory /home/runner/work/ozone/ozone/hadoop-ozone/integration-test/target/test-dir/MiniOzoneClusterImpl-56990420-bd6f-4635-88fd-a0a02cb22c91/datanode-2/data/ratis/193d5ef9-d0dd-4d6c-9e57-afe12df18333 has been successfully formatted.
2022-06-16 16:18:12,694 [pool-117-thread-1] INFO  ratis.ContainerStateMachine (ContainerStateMachine.java:loadSnapshot(236)) - group-AFE12DF18333: The snapshot info is null. Setting the last applied indexto:(t:0, i:~)
2022-06-16 16:18:12,696 [pool-117-thread-1] INFO  server.RaftServerConfigKeys (ConfUtils.java:logGet(46)) - raft.server.notification.no-leader.timeout = 300s (custom)
2022-06-16 16:18:12,696 [pool-117-thread-1] INFO  server.RaftServerConfigKeys (ConfUtils.java:logGet(46)) - raft.server.log.use.memory = false (default)
2022-06-16 16:18:12,696 [pool-117-thread-1] INFO  server.RaftServerConfigKeys (ConfUtils.java:logGet(46)) - raft.server.log.purge.gap = 1000000 (custom)
2022-06-16 16:18:12,696 [pool-117-thread-1] INFO  server.RaftServerConfigKeys (ConfUtils.java:logGet(46)) - raft.server.log.appender.buffer.byte-limit = 33554432 (custom)
2022-06-16 16:18:12,696 [pool-117-thread-1] INFO  server.RaftServerConfigKeys (ConfUtils.java:logGet(46)) - raft.server.log.statemachine.data.read.timeout = 1000ms (default)
2022-06-16 16:18:12,696 [pool-117-thread-1] INFO  server.RaftServerConfigKeys (ConfUtils.java:logGet(46)) - raft.server.log.segment.size.max = 1048576 (custom)
2022-06-16 16:18:12,697 [pool-117-thread-1] INFO  server.RaftServerConfigKeys (ConfUtils.java:logGet(46)) - raft.server.log.segment.cache.num.max = 2 (custom)
2022-06-16 16:18:12,697 [pool-117-thread-1] INFO  server.RaftServerConfigKeys (ConfUtils.java:logGet(46)) - raft.server.log.segment.cache.size.max = 200MB (=209715200) (default)
2022-06-16 16:18:12,697 [pool-117-thread-1] INFO  segmented.SegmentedRaftLogWorker (SegmentedRaftLogWorker.java:<init>(187)) - new 7e231c89-b42f-4528-a87d-3801d80fe42a@group-AFE12DF18333-SegmentedRaftLogWorker for RaftStorageImpl:Storage Directory /home/runner/work/ozone/ozone/hadoop-ozone/integration-test/target/test-dir/MiniOzoneClusterImpl-56990420-bd6f-4635-88fd-a0a02cb22c91/datanode-2/data/ratis/193d5ef9-d0dd-4d6c-9e57-afe12df18333
2022-06-16 16:18:12,697 [pool-117-thread-1] INFO  server.RaftServerConfigKeys (ConfUtils.java:logGet(46)) - raft.server.log.queue.byte-limit = 4294967296 (custom)
2022-06-16 16:18:12,697 [pool-117-thread-1] INFO  server.RaftServerConfigKeys (ConfUtils.java:logGet(46)) - raft.server.log.queue.element-limit = 1024 (custom)
2022-06-16 16:18:12,697 [pool-117-thread-1] INFO  server.RaftServerConfigKeys (ConfUtils.java:logGet(46)) - raft.server.log.segment.size.max = 1048576 (custom)
2022-06-16 16:18:12,697 [pool-117-thread-1] INFO  server.RaftServerConfigKeys (ConfUtils.java:logGet(46)) - raft.server.log.preallocated.size = 16384 (custom)
2022-06-16 16:18:12,697 [pool-117-thread-1] INFO  server.RaftServerConfigKeys (ConfUtils.java:logGet(46)) - raft.server.log.force.sync.num = 128 (default)
2022-06-16 16:18:12,697 [pool-117-thread-1] INFO  server.RaftServerConfigKeys (ConfUtils.java:logGet(46)) - raft.server.log.statemachine.data.sync = true (default)
2022-06-16 16:18:12,697 [pool-117-thread-1] INFO  server.RaftServerConfigKeys (ConfUtils.java:logGet(46)) - raft.server.log.statemachine.data.sync.timeout = 10s (default)
2022-06-16 16:18:12,697 [pool-117-thread-1] INFO  server.RaftServerConfigKeys (ConfUtils.java:logGet(46)) - raft.server.log.statemachine.data.sync.timeout.retry = -1 (default)
2022-06-16 16:18:12,698 [pool-117-thread-1] INFO  server.RaftServerConfigKeys (ConfUtils.java:logGet(46)) - raft.server.log.write.buffer.size = 1048576 (custom)
2022-06-16 16:18:12,698 [pool-117-thread-1] INFO  server.RaftServerConfigKeys (ConfUtils.java:logGet(46)) - raft.server.log.unsafe-flush.enabled = false (default)
2022-06-16 16:18:12,698 [pool-117-thread-1] INFO  server.RaftServerConfigKeys (ConfUtils.java:logGet(46)) - raft.server.log.statemachine.data.caching.enabled = true (custom)
2022-06-16 16:18:12,699 [pool-117-thread-1] INFO  segmented.SegmentedRaftLogWorker (SegmentedRaftLogWorker.java:lambda$new$0(135)) - 7e231c89-b42f-4528-a87d-3801d80fe42a@group-AFE12DF18333-SegmentedRaftLogWorker: flushIndex: setUnconditionally 0 -> -1
2022-06-16 16:18:12,699 [pool-117-thread-1] INFO  segmented.SegmentedRaftLogWorker (SegmentedRaftLogWorker.java:lambda$new$0(135)) - 7e231c89-b42f-4528-a87d-3801d80fe42a@group-AFE12DF18333-SegmentedRaftLogWorker: safeCacheEvictIndex: setUnconditionally 0 -> -1
2022-06-16 16:18:12,712 [pool-117-thread-1] INFO  server.RaftServerConfigKeys (ConfUtils.java:logGet(46)) - raft.server.snapshot.auto.trigger.enabled = true (custom)
2022-06-16 16:18:12,712 [pool-117-thread-1] INFO  server.RaftServerConfigKeys (ConfUtils.java:logGet(46)) - raft.server.snapshot.auto.trigger.threshold = 10000 (custom)
2022-06-16 16:18:12,712 [pool-117-thread-1] INFO  server.RaftServerConfigKeys (ConfUtils.java:logGet(46)) - raft.server.snapshot.retention.file.num = 5 (custom)
2022-06-16 16:18:12,712 [pool-117-thread-1] INFO  server.RaftServerConfigKeys (ConfUtils.java:logGet(46)) - raft.server.log.purge.upto.snapshot.index = false (default)
2022-06-16 16:18:12,712 [pool-117-thread-1] INFO  server.RaftServerConfigKeys (ConfUtils.java:logGet(46)) - raft.server.retrycache.expirytime = 600000ms (custom)
2022-06-16 16:18:12,712 [pool-117-thread-1] INFO  server.RaftServerConfigKeys (ConfUtils.java:logGet(46)) - raft.server.retrycache.statistics.expirytime = 100μs (default)
2022-06-16 16:18:12,713 [pool-117-thread-1] INFO  server.RaftServerConfigKeys (ConfUtils.java:logGet(46)) - raft.server.log.appender.install.snapshot.enabled = false (custom)
2022-06-16 16:18:12,713 [pool-117-thread-1] INFO  server.RaftServerConfigKeys (ConfUtils.java:logGet(46)) - raft.server.threadpool.server.cached = true (default)
2022-06-16 16:18:12,713 [pool-117-thread-1] INFO  server.RaftServerConfigKeys (ConfUtils.java:logGet(46)) - raft.server.threadpool.server.size = 0 (default)
2022-06-16 16:18:12,713 [pool-117-thread-1] INFO  server.RaftServerConfigKeys (ConfUtils.java:logGet(46)) - raft.server.threadpool.client.cached = true (default)
2022-06-16 16:18:12,713 [pool-117-thread-1] INFO  server.RaftServerConfigKeys (ConfUtils.java:logGet(46)) - raft.server.threadpool.client.size = 0 (default)
2022-06-16 16:18:12,713 [pool-117-thread-1] INFO  server.RaftServer$Division (RaftServerImpl.java:start(310)) - 7e231c89-b42f-4528-a87d-3801d80fe42a@group-AFE12DF18333: start as a follower, conf=-1: [7e231c89-b42f-4528-a87d-3801d80fe42a|rpc:10.1.0.16:41481|dataStream:|priority:1, e2d98f8b-d69d-477c-98dc-59bbefea49c2|rpc:10.1.0.16:34489|dataStream:|priority:0, 283ec67f-837e-4418-8153-936cf3dda048|rpc:10.1.0.16:35425|dataStream:|priority:0], old=null
2022-06-16 16:18:12,713 [pool-117-thread-1] INFO  server.RaftServer$Division (RaftServerImpl.java:setRole(299)) - 7e231c89-b42f-4528-a87d-3801d80fe42a@group-AFE12DF18333: changes role from      null to FOLLOWER at term 0 for startAsFollower
2022-06-16 16:18:12,713 [pool-117-thread-1] INFO  impl.RoleInfo (RoleInfo.java:updateAndGet(139)) - 7e231c89-b42f-4528-a87d-3801d80fe42a: start 7e231c89-b42f-4528-a87d-3801d80fe42a@group-AFE12DF18333-FollowerState
2022-06-16 16:18:12,715 [pool-117-thread-1] INFO  util.JmxRegister (JmxRegister.java:tryRegister(44)) - Successfully registered JMX Bean with object name Ratis:service=RaftServer,group=group-AFE12DF18333,id=7e231c89-b42f-4528-a87d-3801d80fe42a
2022-06-16 16:18:12,719 [Command processor thread] INFO  commandhandler.CreatePipelineCommandHandler (CreatePipelineCommandHandler.java:handle(113)) - Created Pipeline RATIS THREE PipelineID=193d5ef9-d0dd-4d6c-9e57-afe12df18333.
2022-06-16 16:18:12,719 [Command processor thread] INFO  server.RaftServer (RaftServerProxy.java:addNew(96)) - 283ec67f-837e-4418-8153-936cf3dda048: addNew group-D3004AB1FAFF:[7e231c89-b42f-4528-a87d-3801d80fe42a|rpc:10.1.0.16:41481|priority:0, e2d98f8b-d69d-477c-98dc-59bbefea49c2|rpc:10.1.0.16:34489|priority:1, 283ec67f-837e-4418-8153-936cf3dda048|rpc:10.1.0.16:35425|priority:0] returns group-D3004AB1FAFF:java.util.concurrent.CompletableFuture@58bd3925[Not completed]
2022-06-16 16:18:12,720 [pool-95-thread-1] INFO  server.RaftServer$Division (RaftServerImpl.java:<init>(190)) - 283ec67f-837e-4418-8153-936cf3dda048: new RaftServerImpl for group-D3004AB1FAFF:[7e231c89-b42f-4528-a87d-3801d80fe42a|rpc:10.1.0.16:41481|priority:0, e2d98f8b-d69d-477c-98dc-59bbefea49c2|rpc:10.1.0.16:34489|priority:1, 283ec67f-837e-4418-8153-936cf3dda048|rpc:10.1.0.16:35425|priority:0] with ContainerStateMachine:uninitialized
2022-06-16 16:18:12,720 [pool-95-thread-1] INFO  server.RaftServerConfigKeys (ConfUtils.java:logGet(46)) - raft.server.rpc.timeout.min = 5s (custom)
2022-06-16 16:18:12,720 [pool-95-thread-1] INFO  server.RaftServerConfigKeys (ConfUtils.java:logGet(46)) - raft.server.rpc.timeout.max = 5200ms (custom)
2022-06-16 16:18:12,720 [pool-95-thread-1] INFO  server.RaftServerConfigKeys (ConfUtils.java:logGet(46)) - raft.server.rpc.sleep.time = 25ms (default)
2022-06-16 16:18:12,720 [pool-95-thread-1] INFO  server.RaftServerConfigKeys (ConfUtils.java:logGet(46)) - raft.server.rpc.slowness.timeout = 300s (custom)
2022-06-16 16:18:12,720 [pool-95-thread-1] INFO  server.RaftServerConfigKeys (ConfUtils.java:logGet(46)) - raft.server.leaderelection.leader.step-down.wait-time = 10s (default)
2022-06-16 16:18:12,720 [pool-95-thread-1] INFO  server.RaftServerConfigKeys (ConfUtils.java:logGet(46)) - raft.server.sleep.deviation.threshold = 300ms (default)
2022-06-16 16:18:12,720 [pool-95-thread-1] INFO  server.RaftServer$Division (ServerState.java:<init>(107)) - 283ec67f-837e-4418-8153-936cf3dda048@group-D3004AB1FAFF: ConfigurationManager, init=-1: [7e231c89-b42f-4528-a87d-3801d80fe42a|rpc:10.1.0.16:41481|priority:0, e2d98f8b-d69d-477c-98dc-59bbefea49c2|rpc:10.1.0.16:34489|priority:1, 283ec67f-837e-4418-8153-936cf3dda048|rpc:10.1.0.16:35425|priority:0], old=null, confs=<EMPTY_MAP>
2022-06-16 16:18:12,720 [pool-95-thread-1] INFO  server.RaftServerConfigKeys (ConfUtils.java:logGet(46)) - raft.server.storage.dir = [/home/runner/work/ozone/ozone/hadoop-ozone/integration-test/target/test-dir/MiniOzoneClusterImpl-56990420-bd6f-4635-88fd-a0a02cb22c91/datanode-1/data/ratis] (custom)
2022-06-16 16:18:12,721 [pool-95-thread-1] INFO  server.RaftServerConfigKeys (ConfUtils.java:logGet(46)) - raft.server.log.corruption.policy = EXCEPTION (default)
2022-06-16 16:18:12,721 [pool-95-thread-1] INFO  server.RaftServerConfigKeys (ConfUtils.java:logGet(46)) - raft.server.storage.free-space.min = 0MB (=0) (default)
2022-06-16 16:18:12,721 [pool-95-thread-1] INFO  storage.RaftStorageDirectory (RaftStorageDirectoryImpl.java:analyzeStorage(135)) - The storage directory /home/runner/work/ozone/ozone/hadoop-ozone/integration-test/target/test-dir/MiniOzoneClusterImpl-56990420-bd6f-4635-88fd-a0a02cb22c91/datanode-1/data/ratis/239be42f-daa7-4391-89a9-d3004ab1faff does not exist. Creating ...
2022-06-16 16:18:12,723 [pool-95-thread-1] INFO  storage.RaftStorageDirectory (RaftStorageDirectoryImpl.java:tryLock(230)) - Lock on /home/runner/work/ozone/ozone/hadoop-ozone/integration-test/target/test-dir/MiniOzoneClusterImpl-56990420-bd6f-4635-88fd-a0a02cb22c91/datanode-1/data/ratis/239be42f-daa7-4391-89a9-d3004ab1faff/in_use.lock acquired by nodename 3861@fv-az37-268
2022-06-16 16:18:12,724 [pool-95-thread-1] INFO  storage.RaftStorage (RaftStorageImpl.java:format(89)) - Storage directory /home/runner/work/ozone/ozone/hadoop-ozone/integration-test/target/test-dir/MiniOzoneClusterImpl-56990420-bd6f-4635-88fd-a0a02cb22c91/datanode-1/data/ratis/239be42f-daa7-4391-89a9-d3004ab1faff has been successfully formatted.
2022-06-16 16:18:12,724 [pool-95-thread-1] INFO  ratis.ContainerStateMachine (ContainerStateMachine.java:loadSnapshot(236)) - group-D3004AB1FAFF: The snapshot info is null. Setting the last applied indexto:(t:0, i:~)
2022-06-16 16:18:12,724 [pool-95-thread-1] INFO  server.RaftServerConfigKeys (ConfUtils.java:logGet(46)) - raft.server.notification.no-leader.timeout = 300s (custom)
2022-06-16 16:18:12,724 [pool-95-thread-1] INFO  server.RaftServerConfigKeys (ConfUtils.java:logGet(46)) - raft.server.log.use.memory = false (default)
2022-06-16 16:18:12,724 [pool-95-thread-1] INFO  server.RaftServerConfigKeys (ConfUtils.java:logGet(46)) - raft.server.log.purge.gap = 1000000 (custom)
2022-06-16 16:18:12,724 [pool-95-thread-1] INFO  server.RaftServerConfigKeys (ConfUtils.java:logGet(46)) - raft.server.log.appender.buffer.byte-limit = 33554432 (custom)
2022-06-16 16:18:12,724 [pool-95-thread-1] INFO  server.RaftServerConfigKeys (ConfUtils.java:logGet(46)) - raft.server.log.statemachine.data.read.timeout = 1000ms (default)
2022-06-16 16:18:12,725 [pool-95-thread-1] INFO  server.RaftServerConfigKeys (ConfUtils.java:logGet(46)) - raft.server.log.segment.size.max = 1048576 (custom)
2022-06-16 16:18:12,725 [pool-95-thread-1] INFO  server.RaftServerConfigKeys (ConfUtils.java:logGet(46)) - raft.server.log.segment.cache.num.max = 2 (custom)
2022-06-16 16:18:12,725 [pool-95-thread-1] INFO  server.RaftServerConfigKeys (ConfUtils.java:logGet(46)) - raft.server.log.segment.cache.size.max = 200MB (=209715200) (default)
2022-06-16 16:18:12,725 [pool-95-thread-1] INFO  segmented.SegmentedRaftLogWorker (SegmentedRaftLogWorker.java:<init>(187)) - new 283ec67f-837e-4418-8153-936cf3dda048@group-D3004AB1FAFF-SegmentedRaftLogWorker for RaftStorageImpl:Storage Directory /home/runner/work/ozone/ozone/hadoop-ozone/integration-test/target/test-dir/MiniOzoneClusterImpl-56990420-bd6f-4635-88fd-a0a02cb22c91/datanode-1/data/ratis/239be42f-daa7-4391-89a9-d3004ab1faff
2022-06-16 16:18:12,725 [pool-95-thread-1] INFO  server.RaftServerConfigKeys (ConfUtils.java:logGet(46)) - raft.server.log.queue.byte-limit = 4294967296 (custom)
2022-06-16 16:18:12,725 [pool-95-thread-1] INFO  server.RaftServerConfigKeys (ConfUtils.java:logGet(46)) - raft.server.log.queue.element-limit = 1024 (custom)
2022-06-16 16:18:12,725 [pool-95-thread-1] INFO  server.RaftServerConfigKeys (ConfUtils.java:logGet(46)) - raft.server.log.segment.size.max = 1048576 (custom)
2022-06-16 16:18:12,725 [pool-95-thread-1] INFO  server.RaftServerConfigKeys (ConfUtils.java:logGet(46)) - raft.server.log.preallocated.size = 16384 (custom)
2022-06-16 16:18:12,725 [pool-95-thread-1] INFO  server.RaftServerConfigKeys (ConfUtils.java:logGet(46)) - raft.server.log.force.sync.num = 128 (default)
2022-06-16 16:18:12,725 [pool-95-thread-1] INFO  server.RaftServerConfigKeys (ConfUtils.java:logGet(46)) - raft.server.log.statemachine.data.sync = true (default)
2022-06-16 16:18:12,725 [pool-95-thread-1] INFO  server.RaftServerConfigKeys (ConfUtils.java:logGet(46)) - raft.server.log.statemachine.data.sync.timeout = 10s (default)
2022-06-16 16:18:12,725 [pool-95-thread-1] INFO  server.RaftServerConfigKeys (ConfUtils.java:logGet(46)) - raft.server.log.statemachine.data.sync.timeout.retry = -1 (default)
2022-06-16 16:18:12,728 [EventQueue-OpenPipelineForHealthyPipelineSafeModeRule] INFO  safemode.SCMSafeModeManager (HealthyPipelineSafeModeRule.java:process(124)) - SCM in safe mode. Healthy pipelines reported count is 0, required healthy pipeline reported count is 1
2022-06-16 16:18:12,729 [pool-95-thread-1] INFO  server.RaftServerConfigKeys (ConfUtils.java:logGet(46)) - raft.server.log.write.buffer.size = 1048576 (custom)
2022-06-16 16:18:12,730 [pool-95-thread-1] INFO  server.RaftServerConfigKeys (ConfUtils.java:logGet(46)) - raft.server.log.unsafe-flush.enabled = false (default)
2022-06-16 16:18:12,730 [pool-95-thread-1] INFO  server.RaftServerConfigKeys (ConfUtils.java:logGet(46)) - raft.server.log.statemachine.data.caching.enabled = true (custom)
2022-06-16 16:18:12,730 [pool-95-thread-1] INFO  segmented.SegmentedRaftLogWorker (SegmentedRaftLogWorker.java:lambda$new$0(135)) - 283ec67f-837e-4418-8153-936cf3dda048@group-D3004AB1FAFF-SegmentedRaftLogWorker: flushIndex: setUnconditionally 0 -> -1
2022-06-16 16:18:12,731 [pool-95-thread-1] INFO  segmented.SegmentedRaftLogWorker (SegmentedRaftLogWorker.java:lambda$new$0(135)) - 283ec67f-837e-4418-8153-936cf3dda048@group-D3004AB1FAFF-SegmentedRaftLogWorker: safeCacheEvictIndex: setUnconditionally 0 -> -1
2022-06-16 16:18:12,733 [pool-95-thread-1] INFO  server.RaftServerConfigKeys (ConfUtils.java:logGet(46)) - raft.server.snapshot.auto.trigger.enabled = true (custom)
2022-06-16 16:18:12,733 [pool-95-thread-1] INFO  server.RaftServerConfigKeys (ConfUtils.java:logGet(46)) - raft.server.snapshot.auto.trigger.threshold = 10000 (custom)
2022-06-16 16:18:12,733 [pool-95-thread-1] INFO  server.RaftServerConfigKeys (ConfUtils.java:logGet(46)) - raft.server.snapshot.retention.file.num = 5 (custom)
2022-06-16 16:18:12,733 [pool-95-thread-1] INFO  server.RaftServerConfigKeys (ConfUtils.java:logGet(46)) - raft.server.log.purge.upto.snapshot.index = false (default)
2022-06-16 16:18:12,733 [pool-95-thread-1] INFO  server.RaftServerConfigKeys (ConfUtils.java:logGet(46)) - raft.server.retrycache.expirytime = 600000ms (custom)
2022-06-16 16:18:12,733 [pool-95-thread-1] INFO  server.RaftServerConfigKeys (ConfUtils.java:logGet(46)) - raft.server.retrycache.statistics.expirytime = 100μs (default)
2022-06-16 16:18:12,734 [pool-95-thread-1] INFO  server.RaftServerConfigKeys (ConfUtils.java:logGet(46)) - raft.server.log.appender.install.snapshot.enabled = false (custom)
2022-06-16 16:18:12,734 [pool-95-thread-1] INFO  server.RaftServerConfigKeys (ConfUtils.java:logGet(46)) - raft.server.threadpool.server.cached = true (default)
2022-06-16 16:18:12,734 [pool-95-thread-1] INFO  server.RaftServerConfigKeys (ConfUtils.java:logGet(46)) - raft.server.threadpool.server.size = 0 (default)
2022-06-16 16:18:12,734 [pool-95-thread-1] INFO  server.RaftServerConfigKeys (ConfUtils.java:logGet(46)) - raft.server.threadpool.client.cached = true (default)
2022-06-16 16:18:12,734 [pool-95-thread-1] INFO  server.RaftServerConfigKeys (ConfUtils.java:logGet(46)) - raft.server.threadpool.client.size = 0 (default)
2022-06-16 16:18:12,734 [pool-95-thread-1] INFO  server.RaftServer$Division (RaftServerImpl.java:start(310)) - 283ec67f-837e-4418-8153-936cf3dda048@group-D3004AB1FAFF: start as a follower, conf=-1: [7e231c89-b42f-4528-a87d-3801d80fe42a|rpc:10.1.0.16:41481|priority:0, e2d98f8b-d69d-477c-98dc-59bbefea49c2|rpc:10.1.0.16:34489|priority:1, 283ec67f-837e-4418-8153-936cf3dda048|rpc:10.1.0.16:35425|priority:0], old=null
2022-06-16 16:18:12,734 [pool-95-thread-1] INFO  server.RaftServer$Division (RaftServerImpl.java:setRole(299)) - 283ec67f-837e-4418-8153-936cf3dda048@group-D3004AB1FAFF: changes role from      null to FOLLOWER at term 0 for startAsFollower
2022-06-16 16:18:12,734 [pool-95-thread-1] INFO  impl.RoleInfo (RoleInfo.java:updateAndGet(139)) - 283ec67f-837e-4418-8153-936cf3dda048: start 283ec67f-837e-4418-8153-936cf3dda048@group-D3004AB1FAFF-FollowerState
2022-06-16 16:18:12,735 [pool-95-thread-1] INFO  util.JmxRegister (JmxRegister.java:tryRegister(44)) - Successfully registered JMX Bean with object name Ratis:service=RaftServer,group=group-D3004AB1FAFF,id=283ec67f-837e-4418-8153-936cf3dda048
2022-06-16 16:18:12,750 [Command processor thread] INFO  ratis.XceiverServerRatis (XceiverServerRatis.java:addGroup(765)) - Created group PipelineID=239be42f-daa7-4391-89a9-d3004ab1faff
2022-06-16 16:18:12,771 [grpc-default-executor-1] INFO  server.RaftServer (RaftServerProxy.java:addNew(96)) - e2d98f8b-d69d-477c-98dc-59bbefea49c2: addNew group-D3004AB1FAFF:[7e231c89-b42f-4528-a87d-3801d80fe42a|rpc:10.1.0.16:41481|dataStream:|priority:0, e2d98f8b-d69d-477c-98dc-59bbefea49c2|rpc:10.1.0.16:34489|dataStream:|priority:1, 283ec67f-837e-4418-8153-936cf3dda048|rpc:10.1.0.16:35425|dataStream:|priority:0] returns group-D3004AB1FAFF:java.util.concurrent.CompletableFuture@7500018d[Not completed]
2022-06-16 16:18:12,773 [pool-73-thread-1] INFO  server.RaftServer$Division (RaftServerImpl.java:<init>(190)) - e2d98f8b-d69d-477c-98dc-59bbefea49c2: new RaftServerImpl for group-D3004AB1FAFF:[7e231c89-b42f-4528-a87d-3801d80fe42a|rpc:10.1.0.16:41481|dataStream:|priority:0, e2d98f8b-d69d-477c-98dc-59bbefea49c2|rpc:10.1.0.16:34489|dataStream:|priority:1, 283ec67f-837e-4418-8153-936cf3dda048|rpc:10.1.0.16:35425|dataStream:|priority:0] with ContainerStateMachine:uninitialized
2022-06-16 16:18:12,773 [pool-73-thread-1] INFO  server.RaftServerConfigKeys (ConfUtils.java:logGet(46)) - raft.server.rpc.timeout.min = 5s (custom)
2022-06-16 16:18:12,773 [pool-73-thread-1] INFO  server.RaftServerConfigKeys (ConfUtils.java:logGet(46)) - raft.server.rpc.timeout.max = 5200ms (custom)
2022-06-16 16:18:12,773 [pool-73-thread-1] INFO  server.RaftServerConfigKeys (ConfUtils.java:logGet(46)) - raft.server.rpc.sleep.time = 25ms (default)
2022-06-16 16:18:12,773 [pool-73-thread-1] INFO  server.RaftServerConfigKeys (ConfUtils.java:logGet(46)) - raft.server.rpc.slowness.timeout = 300s (custom)
2022-06-16 16:18:12,773 [pool-73-thread-1] INFO  server.RaftServerConfigKeys (ConfUtils.java:logGet(46)) - raft.server.leaderelection.leader.step-down.wait-time = 10s (default)
2022-06-16 16:18:12,773 [pool-73-thread-1] INFO  server.RaftServerConfigKeys (ConfUtils.java:logGet(46)) - raft.server.sleep.deviation.threshold = 300ms (default)
2022-06-16 16:18:12,773 [pool-73-thread-1] INFO  server.RaftServer$Division (ServerState.java:<init>(107)) - e2d98f8b-d69d-477c-98dc-59bbefea49c2@group-D3004AB1FAFF: ConfigurationManager, init=-1: [7e231c89-b42f-4528-a87d-3801d80fe42a|rpc:10.1.0.16:41481|dataStream:|priority:0, e2d98f8b-d69d-477c-98dc-59bbefea49c2|rpc:10.1.0.16:34489|dataStream:|priority:1, 283ec67f-837e-4418-8153-936cf3dda048|rpc:10.1.0.16:35425|dataStream:|priority:0], old=null, confs=<EMPTY_MAP>
2022-06-16 16:18:12,773 [pool-73-thread-1] INFO  server.RaftServerConfigKeys (ConfUtils.java:logGet(46)) - raft.server.storage.dir = [/home/runner/work/ozone/ozone/hadoop-ozone/integration-test/target/test-dir/MiniOzoneClusterImpl-56990420-bd6f-4635-88fd-a0a02cb22c91/datanode-0/data/ratis] (custom)
2022-06-16 16:18:12,773 [pool-73-thread-1] INFO  server.RaftServerConfigKeys (ConfUtils.java:logGet(46)) - raft.server.log.corruption.policy = EXCEPTION (default)
2022-06-16 16:18:12,773 [pool-73-thread-1] INFO  server.RaftServerConfigKeys (ConfUtils.java:logGet(46)) - raft.server.storage.free-space.min = 0MB (=0) (default)
2022-06-16 16:18:12,773 [pool-73-thread-1] INFO  storage.RaftStorageDirectory (RaftStorageDirectoryImpl.java:analyzeStorage(135)) - The storage directory /home/runner/work/ozone/ozone/hadoop-ozone/integration-test/target/test-dir/MiniOzoneClusterImpl-56990420-bd6f-4635-88fd-a0a02cb22c91/datanode-0/data/ratis/239be42f-daa7-4391-89a9-d3004ab1faff does not exist. Creating ...
2022-06-16 16:18:12,776 [pool-73-thread-1] INFO  storage.RaftStorageDirectory (RaftStorageDirectoryImpl.java:tryLock(230)) - Lock on /home/runner/work/ozone/ozone/hadoop-ozone/integration-test/target/test-dir/MiniOzoneClusterImpl-56990420-bd6f-4635-88fd-a0a02cb22c91/datanode-0/data/ratis/239be42f-daa7-4391-89a9-d3004ab1faff/in_use.lock acquired by nodename 3861@fv-az37-268
2022-06-16 16:18:12,778 [pool-73-thread-1] INFO  storage.RaftStorage (RaftStorageImpl.java:format(89)) - Storage directory /home/runner/work/ozone/ozone/hadoop-ozone/integration-test/target/test-dir/MiniOzoneClusterImpl-56990420-bd6f-4635-88fd-a0a02cb22c91/datanode-0/data/ratis/239be42f-daa7-4391-89a9-d3004ab1faff has been successfully formatted.
2022-06-16 16:18:12,779 [pool-73-thread-1] INFO  ratis.ContainerStateMachine (ContainerStateMachine.java:loadSnapshot(236)) - group-D3004AB1FAFF: The snapshot info is null. Setting the last applied indexto:(t:0, i:~)
2022-06-16 16:18:12,779 [pool-73-thread-1] INFO  server.RaftServerConfigKeys (ConfUtils.java:logGet(46)) - raft.server.notification.no-leader.timeout = 300s (custom)
2022-06-16 16:18:12,779 [pool-73-thread-1] INFO  server.RaftServerConfigKeys (ConfUtils.java:logGet(46)) - raft.server.log.use.memory = false (default)
2022-06-16 16:18:12,779 [pool-73-thread-1] INFO  server.RaftServerConfigKeys (ConfUtils.java:logGet(46)) - raft.server.log.purge.gap = 1000000 (custom)
2022-06-16 16:18:12,779 [pool-73-thread-1] INFO  server.RaftServerConfigKeys (ConfUtils.java:logGet(46)) - raft.server.log.appender.buffer.byte-limit = 33554432 (custom)
2022-06-16 16:18:12,779 [pool-73-thread-1] INFO  server.RaftServerConfigKeys (ConfUtils.java:logGet(46)) - raft.server.log.statemachine.data.read.timeout = 1000ms (default)
2022-06-16 16:18:12,779 [pool-73-thread-1] INFO  server.RaftServerConfigKeys (ConfUtils.java:logGet(46)) - raft.server.log.segment.size.max = 1048576 (custom)
2022-06-16 16:18:12,780 [pool-73-thread-1] INFO  server.RaftServerConfigKeys (ConfUtils.java:logGet(46)) - raft.server.log.segment.cache.num.max = 2 (custom)
2022-06-16 16:18:12,780 [pool-73-thread-1] INFO  server.RaftServerConfigKeys (ConfUtils.java:logGet(46)) - raft.server.log.segment.cache.size.max = 200MB (=209715200) (default)
2022-06-16 16:18:12,780 [pool-73-thread-1] INFO  segmented.SegmentedRaftLogWorker (SegmentedRaftLogWorker.java:<init>(187)) - new e2d98f8b-d69d-477c-98dc-59bbefea49c2@group-D3004AB1FAFF-SegmentedRaftLogWorker for RaftStorageImpl:Storage Directory /home/runner/work/ozone/ozone/hadoop-ozone/integration-test/target/test-dir/MiniOzoneClusterImpl-56990420-bd6f-4635-88fd-a0a02cb22c91/datanode-0/data/ratis/239be42f-daa7-4391-89a9-d3004ab1faff
2022-06-16 16:18:12,780 [pool-73-thread-1] INFO  server.RaftServerConfigKeys (ConfUtils.java:logGet(46)) - raft.server.log.queue.byte-limit = 4294967296 (custom)
2022-06-16 16:18:12,780 [pool-73-thread-1] INFO  server.RaftServerConfigKeys (ConfUtils.java:logGet(46)) - raft.server.log.queue.element-limit = 1024 (custom)
2022-06-16 16:18:12,780 [pool-73-thread-1] INFO  server.RaftServerConfigKeys (ConfUtils.java:logGet(46)) - raft.server.log.segment.size.max = 1048576 (custom)
2022-06-16 16:18:12,780 [pool-73-thread-1] INFO  server.RaftServerConfigKeys (ConfUtils.java:logGet(46)) - raft.server.log.preallocated.size = 16384 (custom)
2022-06-16 16:18:12,780 [pool-73-thread-1] INFO  server.RaftServerConfigKeys (ConfUtils.java:logGet(46)) - raft.server.log.force.sync.num = 128 (default)
2022-06-16 16:18:12,780 [pool-73-thread-1] INFO  server.RaftServerConfigKeys (ConfUtils.java:logGet(46)) - raft.server.log.statemachine.data.sync = true (default)
2022-06-16 16:18:12,780 [pool-73-thread-1] INFO  server.RaftServerConfigKeys (ConfUtils.java:logGet(46)) - raft.server.log.statemachine.data.sync.timeout = 10s (default)
2022-06-16 16:18:12,780 [pool-73-thread-1] INFO  server.RaftServerConfigKeys (ConfUtils.java:logGet(46)) - raft.server.log.statemachine.data.sync.timeout.retry = -1 (default)
2022-06-16 16:18:12,781 [pool-73-thread-1] INFO  server.RaftServerConfigKeys (ConfUtils.java:logGet(46)) - raft.server.log.write.buffer.size = 1048576 (custom)
2022-06-16 16:18:12,781 [pool-73-thread-1] INFO  server.RaftServerConfigKeys (ConfUtils.java:logGet(46)) - raft.server.log.unsafe-flush.enabled = false (default)
2022-06-16 16:18:12,781 [pool-73-thread-1] INFO  server.RaftServerConfigKeys (ConfUtils.java:logGet(46)) - raft.server.log.statemachine.data.caching.enabled = true (custom)
2022-06-16 16:18:12,781 [pool-73-thread-1] INFO  segmented.SegmentedRaftLogWorker (SegmentedRaftLogWorker.java:lambda$new$0(135)) - e2d98f8b-d69d-477c-98dc-59bbefea49c2@group-D3004AB1FAFF-SegmentedRaftLogWorker: flushIndex: setUnconditionally 0 -> -1
2022-06-16 16:18:12,781 [pool-73-thread-1] INFO  segmented.SegmentedRaftLogWorker (SegmentedRaftLogWorker.java:lambda$new$0(135)) - e2d98f8b-d69d-477c-98dc-59bbefea49c2@group-D3004AB1FAFF-SegmentedRaftLogWorker: safeCacheEvictIndex: setUnconditionally 0 -> -1
2022-06-16 16:18:12,778 [Command processor thread] INFO  commandhandler.CreatePipelineCommandHandler (CreatePipelineCommandHandler.java:handle(113)) - Created Pipeline RATIS THREE PipelineID=193d5ef9-d0dd-4d6c-9e57-afe12df18333.
2022-06-16 16:18:12,791 [pool-73-thread-1] INFO  server.RaftServerConfigKeys (ConfUtils.java:logGet(46)) - raft.server.snapshot.auto.trigger.enabled = true (custom)
2022-06-16 16:18:12,791 [pool-73-thread-1] INFO  server.RaftServerConfigKeys (ConfUtils.java:logGet(46)) - raft.server.snapshot.auto.trigger.threshold = 10000 (custom)
2022-06-16 16:18:12,791 [pool-73-thread-1] INFO  server.RaftServerConfigKeys (ConfUtils.java:logGet(46)) - raft.server.snapshot.retention.file.num = 5 (custom)
2022-06-16 16:18:12,791 [pool-73-thread-1] INFO  server.RaftServerConfigKeys (ConfUtils.java:logGet(46)) - raft.server.log.purge.upto.snapshot.index = false (default)
2022-06-16 16:18:12,791 [pool-73-thread-1] INFO  server.RaftServerConfigKeys (ConfUtils.java:logGet(46)) - raft.server.retrycache.expirytime = 600000ms (custom)
2022-06-16 16:18:12,791 [pool-73-thread-1] INFO  server.RaftServerConfigKeys (ConfUtils.java:logGet(46)) - raft.server.retrycache.statistics.expirytime = 100μs (default)
2022-06-16 16:18:12,791 [EventQueue-OpenPipelineForHealthyPipelineSafeModeRule] INFO  safemode.SCMSafeModeManager (HealthyPipelineSafeModeRule.java:process(124)) - SCM in safe mode. Healthy pipelines reported count is 0, required healthy pipeline reported count is 1
2022-06-16 16:18:12,792 [pool-73-thread-1] INFO  server.RaftServerConfigKeys (ConfUtils.java:logGet(46)) - raft.server.log.appender.install.snapshot.enabled = false (custom)
2022-06-16 16:18:12,792 [pool-73-thread-1] INFO  server.RaftServerConfigKeys (ConfUtils.java:logGet(46)) - raft.server.threadpool.server.cached = true (default)
2022-06-16 16:18:12,792 [pool-73-thread-1] INFO  server.RaftServerConfigKeys (ConfUtils.java:logGet(46)) - raft.server.threadpool.server.size = 0 (default)
2022-06-16 16:18:12,792 [pool-73-thread-1] INFO  server.RaftServerConfigKeys (ConfUtils.java:logGet(46)) - raft.server.threadpool.client.cached = true (default)
2022-06-16 16:18:12,792 [pool-73-thread-1] INFO  server.RaftServerConfigKeys (ConfUtils.java:logGet(46)) - raft.server.threadpool.client.size = 0 (default)
2022-06-16 16:18:12,792 [pool-73-thread-1] INFO  server.RaftServer$Division (RaftServerImpl.java:start(310)) - e2d98f8b-d69d-477c-98dc-59bbefea49c2@group-D3004AB1FAFF: start as a follower, conf=-1: [7e231c89-b42f-4528-a87d-3801d80fe42a|rpc:10.1.0.16:41481|dataStream:|priority:0, e2d98f8b-d69d-477c-98dc-59bbefea49c2|rpc:10.1.0.16:34489|dataStream:|priority:1, 283ec67f-837e-4418-8153-936cf3dda048|rpc:10.1.0.16:35425|dataStream:|priority:0], old=null
2022-06-16 16:18:12,792 [pool-73-thread-1] INFO  server.RaftServer$Division (RaftServerImpl.java:setRole(299)) - e2d98f8b-d69d-477c-98dc-59bbefea49c2@group-D3004AB1FAFF: changes role from      null to FOLLOWER at term 0 for startAsFollower
2022-06-16 16:18:12,792 [pool-73-thread-1] INFO  impl.RoleInfo (RoleInfo.java:updateAndGet(139)) - e2d98f8b-d69d-477c-98dc-59bbefea49c2: start e2d98f8b-d69d-477c-98dc-59bbefea49c2@group-D3004AB1FAFF-FollowerState
2022-06-16 16:18:12,792 [pool-73-thread-1] INFO  util.JmxRegister (JmxRegister.java:tryRegister(44)) - Successfully registered JMX Bean with object name Ratis:service=RaftServer,group=group-D3004AB1FAFF,id=e2d98f8b-d69d-477c-98dc-59bbefea49c2
2022-06-16 16:18:12,813 [grpc-default-executor-1] INFO  server.RaftServer (RaftServerProxy.java:addNew(96)) - 7e231c89-b42f-4528-a87d-3801d80fe42a: addNew group-D3004AB1FAFF:[7e231c89-b42f-4528-a87d-3801d80fe42a|rpc:10.1.0.16:41481|dataStream:|priority:0, e2d98f8b-d69d-477c-98dc-59bbefea49c2|rpc:10.1.0.16:34489|dataStream:|priority:1, 283ec67f-837e-4418-8153-936cf3dda048|rpc:10.1.0.16:35425|dataStream:|priority:0] returns group-D3004AB1FAFF:java.util.concurrent.CompletableFuture@5e62580a[Not completed]
2022-06-16 16:18:12,815 [pool-117-thread-1] INFO  server.RaftServer$Division (RaftServerImpl.java:<init>(190)) - 7e231c89-b42f-4528-a87d-3801d80fe42a: new RaftServerImpl for group-D3004AB1FAFF:[7e231c89-b42f-4528-a87d-3801d80fe42a|rpc:10.1.0.16:41481|dataStream:|priority:0, e2d98f8b-d69d-477c-98dc-59bbefea49c2|rpc:10.1.0.16:34489|dataStream:|priority:1, 283ec67f-837e-4418-8153-936cf3dda048|rpc:10.1.0.16:35425|dataStream:|priority:0] with ContainerStateMachine:uninitialized
2022-06-16 16:18:12,815 [pool-117-thread-1] INFO  server.RaftServerConfigKeys (ConfUtils.java:logGet(46)) - raft.server.rpc.timeout.min = 5s (custom)
2022-06-16 16:18:12,815 [pool-117-thread-1] INFO  server.RaftServerConfigKeys (ConfUtils.java:logGet(46)) - raft.server.rpc.timeout.max = 5200ms (custom)
2022-06-16 16:18:12,815 [pool-117-thread-1] INFO  server.RaftServerConfigKeys (ConfUtils.java:logGet(46)) - raft.server.rpc.sleep.time = 25ms (default)
2022-06-16 16:18:12,815 [pool-117-thread-1] INFO  server.RaftServerConfigKeys (ConfUtils.java:logGet(46)) - raft.server.rpc.slowness.timeout = 300s (custom)
2022-06-16 16:18:12,815 [pool-117-thread-1] INFO  server.RaftServerConfigKeys (ConfUtils.java:logGet(46)) - raft.server.leaderelection.leader.step-down.wait-time = 10s (default)
2022-06-16 16:18:12,815 [pool-117-thread-1] INFO  server.RaftServerConfigKeys (ConfUtils.java:logGet(46)) - raft.server.sleep.deviation.threshold = 300ms (default)
2022-06-16 16:18:12,815 [pool-117-thread-1] INFO  server.RaftServer$Division (ServerState.java:<init>(107)) - 7e231c89-b42f-4528-a87d-3801d80fe42a@group-D3004AB1FAFF: ConfigurationManager, init=-1: [7e231c89-b42f-4528-a87d-3801d80fe42a|rpc:10.1.0.16:41481|dataStream:|priority:0, e2d98f8b-d69d-477c-98dc-59bbefea49c2|rpc:10.1.0.16:34489|dataStream:|priority:1, 283ec67f-837e-4418-8153-936cf3dda048|rpc:10.1.0.16:35425|dataStream:|priority:0], old=null, confs=<EMPTY_MAP>
2022-06-16 16:18:12,815 [pool-117-thread-1] INFO  server.RaftServerConfigKeys (ConfUtils.java:logGet(46)) - raft.server.storage.dir = [/home/runner/work/ozone/ozone/hadoop-ozone/integration-test/target/test-dir/MiniOzoneClusterImpl-56990420-bd6f-4635-88fd-a0a02cb22c91/datanode-2/data/ratis] (custom)
2022-06-16 16:18:12,815 [pool-117-thread-1] INFO  server.RaftServerConfigKeys (ConfUtils.java:logGet(46)) - raft.server.log.corruption.policy = EXCEPTION (default)
2022-06-16 16:18:12,815 [pool-117-thread-1] INFO  server.RaftServerConfigKeys (ConfUtils.java:logGet(46)) - raft.server.storage.free-space.min = 0MB (=0) (default)
2022-06-16 16:18:12,815 [pool-117-thread-1] INFO  storage.RaftStorageDirectory (RaftStorageDirectoryImpl.java:analyzeStorage(135)) - The storage directory /home/runner/work/ozone/ozone/hadoop-ozone/integration-test/target/test-dir/MiniOzoneClusterImpl-56990420-bd6f-4635-88fd-a0a02cb22c91/datanode-2/data/ratis/239be42f-daa7-4391-89a9-d3004ab1faff does not exist. Creating ...
2022-06-16 16:18:12,816 [pool-117-thread-1] INFO  storage.RaftStorageDirectory (RaftStorageDirectoryImpl.java:tryLock(230)) - Lock on /home/runner/work/ozone/ozone/hadoop-ozone/integration-test/target/test-dir/MiniOzoneClusterImpl-56990420-bd6f-4635-88fd-a0a02cb22c91/datanode-2/data/ratis/239be42f-daa7-4391-89a9-d3004ab1faff/in_use.lock acquired by nodename 3861@fv-az37-268
2022-06-16 16:18:12,818 [pool-117-thread-1] INFO  storage.RaftStorage (RaftStorageImpl.java:format(89)) - Storage directory /home/runner/work/ozone/ozone/hadoop-ozone/integration-test/target/test-dir/MiniOzoneClusterImpl-56990420-bd6f-4635-88fd-a0a02cb22c91/datanode-2/data/ratis/239be42f-daa7-4391-89a9-d3004ab1faff has been successfully formatted.
2022-06-16 16:18:12,819 [pool-117-thread-1] INFO  ratis.ContainerStateMachine (ContainerStateMachine.java:loadSnapshot(236)) - group-D3004AB1FAFF: The snapshot info is null. Setting the last applied indexto:(t:0, i:~)
2022-06-16 16:18:12,819 [pool-117-thread-1] INFO  server.RaftServerConfigKeys (ConfUtils.java:logGet(46)) - raft.server.notification.no-leader.timeout = 300s (custom)
2022-06-16 16:18:12,819 [pool-117-thread-1] INFO  server.RaftServerConfigKeys (ConfUtils.java:logGet(46)) - raft.server.log.use.memory = false (default)
2022-06-16 16:18:12,819 [pool-117-thread-1] INFO  server.RaftServerConfigKeys (ConfUtils.java:logGet(46)) - raft.server.log.purge.gap = 1000000 (custom)
2022-06-16 16:18:12,819 [pool-117-thread-1] INFO  server.RaftServerConfigKeys (ConfUtils.java:logGet(46)) - raft.server.log.appender.buffer.byte-limit = 33554432 (custom)
2022-06-16 16:18:12,819 [pool-117-thread-1] INFO  server.RaftServerConfigKeys (ConfUtils.java:logGet(46)) - raft.server.log.statemachine.data.read.timeout = 1000ms (default)
2022-06-16 16:18:12,819 [pool-117-thread-1] INFO  server.RaftServerConfigKeys (ConfUtils.java:logGet(46)) - raft.server.log.segment.size.max = 1048576 (custom)
2022-06-16 16:18:12,819 [pool-117-thread-1] INFO  server.RaftServerConfigKeys (ConfUtils.java:logGet(46)) - raft.server.log.segment.cache.num.max = 2 (custom)
2022-06-16 16:18:12,819 [pool-117-thread-1] INFO  server.RaftServerConfigKeys (ConfUtils.java:logGet(46)) - raft.server.log.segment.cache.size.max = 200MB (=209715200) (default)
2022-06-16 16:18:12,819 [pool-117-thread-1] INFO  segmented.SegmentedRaftLogWorker (SegmentedRaftLogWorker.java:<init>(187)) - new 7e231c89-b42f-4528-a87d-3801d80fe42a@group-D3004AB1FAFF-SegmentedRaftLogWorker for RaftStorageImpl:Storage Directory /home/runner/work/ozone/ozone/hadoop-ozone/integration-test/target/test-dir/MiniOzoneClusterImpl-56990420-bd6f-4635-88fd-a0a02cb22c91/datanode-2/data/ratis/239be42f-daa7-4391-89a9-d3004ab1faff
2022-06-16 16:18:12,820 [pool-117-thread-1] INFO  server.RaftServerConfigKeys (ConfUtils.java:logGet(46)) - raft.server.log.queue.byte-limit = 4294967296 (custom)
2022-06-16 16:18:12,820 [pool-117-thread-1] INFO  server.RaftServerConfigKeys (ConfUtils.java:logGet(46)) - raft.server.log.queue.element-limit = 1024 (custom)
2022-06-16 16:18:12,820 [pool-117-thread-1] INFO  server.RaftServerConfigKeys (ConfUtils.java:logGet(46)) - raft.server.log.segment.size.max = 1048576 (custom)
2022-06-16 16:18:12,820 [pool-117-thread-1] INFO  server.RaftServerConfigKeys (ConfUtils.java:logGet(46)) - raft.server.log.preallocated.size = 16384 (custom)
2022-06-16 16:18:12,820 [pool-117-thread-1] INFO  server.RaftServerConfigKeys (ConfUtils.java:logGet(46)) - raft.server.log.force.sync.num = 128 (default)
2022-06-16 16:18:12,820 [pool-117-thread-1] INFO  server.RaftServerConfigKeys (ConfUtils.java:logGet(46)) - raft.server.log.statemachine.data.sync = true (default)
2022-06-16 16:18:12,820 [pool-117-thread-1] INFO  server.RaftServerConfigKeys (ConfUtils.java:logGet(46)) - raft.server.log.statemachine.data.sync.timeout = 10s (default)
2022-06-16 16:18:12,820 [pool-117-thread-1] INFO  server.RaftServerConfigKeys (ConfUtils.java:logGet(46)) - raft.server.log.statemachine.data.sync.timeout.retry = -1 (default)
2022-06-16 16:18:12,820 [pool-117-thread-1] INFO  server.RaftServerConfigKeys (ConfUtils.java:logGet(46)) - raft.server.log.write.buffer.size = 1048576 (custom)
2022-06-16 16:18:12,821 [pool-117-thread-1] INFO  server.RaftServerConfigKeys (ConfUtils.java:logGet(46)) - raft.server.log.unsafe-flush.enabled = false (default)
2022-06-16 16:18:12,821 [pool-117-thread-1] INFO  server.RaftServerConfigKeys (ConfUtils.java:logGet(46)) - raft.server.log.statemachine.data.caching.enabled = true (custom)
2022-06-16 16:18:12,821 [pool-117-thread-1] INFO  segmented.SegmentedRaftLogWorker (SegmentedRaftLogWorker.java:lambda$new$0(135)) - 7e231c89-b42f-4528-a87d-3801d80fe42a@group-D3004AB1FAFF-SegmentedRaftLogWorker: flushIndex: setUnconditionally 0 -> -1
2022-06-16 16:18:12,821 [pool-117-thread-1] INFO  segmented.SegmentedRaftLogWorker (SegmentedRaftLogWorker.java:lambda$new$0(135)) - 7e231c89-b42f-4528-a87d-3801d80fe42a@group-D3004AB1FAFF-SegmentedRaftLogWorker: safeCacheEvictIndex: setUnconditionally 0 -> -1
2022-06-16 16:18:12,822 [pool-117-thread-1] INFO  server.RaftServerConfigKeys (ConfUtils.java:logGet(46)) - raft.server.snapshot.auto.trigger.enabled = true (custom)
2022-06-16 16:18:12,822 [pool-117-thread-1] INFO  server.RaftServerConfigKeys (ConfUtils.java:logGet(46)) - raft.server.snapshot.auto.trigger.threshold = 10000 (custom)
2022-06-16 16:18:12,822 [pool-117-thread-1] INFO  server.RaftServerConfigKeys (ConfUtils.java:logGet(46)) - raft.server.snapshot.retention.file.num = 5 (custom)
2022-06-16 16:18:12,822 [pool-117-thread-1] INFO  server.RaftServerConfigKeys (ConfUtils.java:logGet(46)) - raft.server.log.purge.upto.snapshot.index = false (default)
2022-06-16 16:18:12,822 [pool-117-thread-1] INFO  server.RaftServerConfigKeys (ConfUtils.java:logGet(46)) - raft.server.retrycache.expirytime = 600000ms (custom)
2022-06-16 16:18:12,822 [pool-117-thread-1] INFO  server.RaftServerConfigKeys (ConfUtils.java:logGet(46)) - raft.server.retrycache.statistics.expirytime = 100μs (default)
2022-06-16 16:18:12,823 [pool-117-thread-1] INFO  server.RaftServerConfigKeys (ConfUtils.java:logGet(46)) - raft.server.log.appender.install.snapshot.enabled = false (custom)
2022-06-16 16:18:12,823 [pool-117-thread-1] INFO  server.RaftServerConfigKeys (ConfUtils.java:logGet(46)) - raft.server.threadpool.server.cached = true (default)
2022-06-16 16:18:12,823 [pool-117-thread-1] INFO  server.RaftServerConfigKeys (ConfUtils.java:logGet(46)) - raft.server.threadpool.server.size = 0 (default)
2022-06-16 16:18:12,823 [pool-117-thread-1] INFO  server.RaftServerConfigKeys (ConfUtils.java:logGet(46)) - raft.server.threadpool.client.cached = true (default)
2022-06-16 16:18:12,823 [pool-117-thread-1] INFO  server.RaftServerConfigKeys (ConfUtils.java:logGet(46)) - raft.server.threadpool.client.size = 0 (default)
2022-06-16 16:18:12,824 [pool-117-thread-1] INFO  server.RaftServer$Division (RaftServerImpl.java:start(310)) - 7e231c89-b42f-4528-a87d-3801d80fe42a@group-D3004AB1FAFF: start as a follower, conf=-1: [7e231c89-b42f-4528-a87d-3801d80fe42a|rpc:10.1.0.16:41481|dataStream:|priority:0, e2d98f8b-d69d-477c-98dc-59bbefea49c2|rpc:10.1.0.16:34489|dataStream:|priority:1, 283ec67f-837e-4418-8153-936cf3dda048|rpc:10.1.0.16:35425|dataStream:|priority:0], old=null
2022-06-16 16:18:12,824 [pool-117-thread-1] INFO  server.RaftServer$Division (RaftServerImpl.java:setRole(299)) - 7e231c89-b42f-4528-a87d-3801d80fe42a@group-D3004AB1FAFF: changes role from      null to FOLLOWER at term 0 for startAsFollower
2022-06-16 16:18:12,824 [pool-117-thread-1] INFO  impl.RoleInfo (RoleInfo.java:updateAndGet(139)) - 7e231c89-b42f-4528-a87d-3801d80fe42a: start 7e231c89-b42f-4528-a87d-3801d80fe42a@group-D3004AB1FAFF-FollowerState
2022-06-16 16:18:12,824 [pool-117-thread-1] INFO  util.JmxRegister (JmxRegister.java:tryRegister(44)) - Successfully registered JMX Bean with object name Ratis:service=RaftServer,group=group-D3004AB1FAFF,id=7e231c89-b42f-4528-a87d-3801d80fe42a
2022-06-16 16:18:12,830 [Command processor thread] INFO  commandhandler.CreatePipelineCommandHandler (CreatePipelineCommandHandler.java:handle(113)) - Created Pipeline RATIS THREE PipelineID=239be42f-daa7-4391-89a9-d3004ab1faff.
2022-06-16 16:18:12,847 [Command processor thread] INFO  server.RaftServer (RaftServerProxy.java:addNew(96)) - 7e231c89-b42f-4528-a87d-3801d80fe42a: addNew group-7DF6974B43E8:[7e231c89-b42f-4528-a87d-3801d80fe42a|rpc:10.1.0.16:41481|priority:1] returns group-7DF6974B43E8:java.util.concurrent.CompletableFuture@71f6d654[Not completed]
2022-06-16 16:18:12,848 [pool-117-thread-1] INFO  server.RaftServer$Division (RaftServerImpl.java:<init>(190)) - 7e231c89-b42f-4528-a87d-3801d80fe42a: new RaftServerImpl for group-7DF6974B43E8:[7e231c89-b42f-4528-a87d-3801d80fe42a|rpc:10.1.0.16:41481|priority:1] with ContainerStateMachine:uninitialized
2022-06-16 16:18:12,848 [pool-117-thread-1] INFO  server.RaftServerConfigKeys (ConfUtils.java:logGet(46)) - raft.server.rpc.timeout.min = 5s (custom)
2022-06-16 16:18:12,848 [pool-117-thread-1] INFO  server.RaftServerConfigKeys (ConfUtils.java:logGet(46)) - raft.server.rpc.timeout.max = 5200ms (custom)
2022-06-16 16:18:12,848 [pool-117-thread-1] INFO  server.RaftServerConfigKeys (ConfUtils.java:logGet(46)) - raft.server.rpc.sleep.time = 25ms (default)
2022-06-16 16:18:12,848 [pool-117-thread-1] INFO  server.RaftServerConfigKeys (ConfUtils.java:logGet(46)) - raft.server.rpc.slowness.timeout = 300s (custom)
2022-06-16 16:18:12,848 [pool-117-thread-1] INFO  server.RaftServerConfigKeys (ConfUtils.java:logGet(46)) - raft.server.leaderelection.leader.step-down.wait-time = 10s (default)
2022-06-16 16:18:12,848 [pool-117-thread-1] INFO  server.RaftServerConfigKeys (ConfUtils.java:logGet(46)) - raft.server.sleep.deviation.threshold = 300ms (default)
2022-06-16 16:18:12,848 [pool-117-thread-1] INFO  server.RaftServer$Division (ServerState.java:<init>(107)) - 7e231c89-b42f-4528-a87d-3801d80fe42a@group-7DF6974B43E8: ConfigurationManager, init=-1: [7e231c89-b42f-4528-a87d-3801d80fe42a|rpc:10.1.0.16:41481|priority:1], old=null, confs=<EMPTY_MAP>
2022-06-16 16:18:12,848 [pool-117-thread-1] INFO  server.RaftServerConfigKeys (ConfUtils.java:logGet(46)) - raft.server.storage.dir = [/home/runner/work/ozone/ozone/hadoop-ozone/integration-test/target/test-dir/MiniOzoneClusterImpl-56990420-bd6f-4635-88fd-a0a02cb22c91/datanode-2/data/ratis] (custom)
2022-06-16 16:18:12,848 [pool-117-thread-1] INFO  server.RaftServerConfigKeys (ConfUtils.java:logGet(46)) - raft.server.log.corruption.policy = EXCEPTION (default)
2022-06-16 16:18:12,848 [pool-117-thread-1] INFO  server.RaftServerConfigKeys (ConfUtils.java:logGet(46)) - raft.server.storage.free-space.min = 0MB (=0) (default)
2022-06-16 16:18:12,848 [pool-117-thread-1] INFO  storage.RaftStorageDirectory (RaftStorageDirectoryImpl.java:analyzeStorage(135)) - The storage directory /home/runner/work/ozone/ozone/hadoop-ozone/integration-test/target/test-dir/MiniOzoneClusterImpl-56990420-bd6f-4635-88fd-a0a02cb22c91/datanode-2/data/ratis/f339d521-0028-4168-bf17-7df6974b43e8 does not exist. Creating ...
2022-06-16 16:18:12,850 [pool-117-thread-1] INFO  storage.RaftStorageDirectory (RaftStorageDirectoryImpl.java:tryLock(230)) - Lock on /home/runner/work/ozone/ozone/hadoop-ozone/integration-test/target/test-dir/MiniOzoneClusterImpl-56990420-bd6f-4635-88fd-a0a02cb22c91/datanode-2/data/ratis/f339d521-0028-4168-bf17-7df6974b43e8/in_use.lock acquired by nodename 3861@fv-az37-268
2022-06-16 16:18:12,853 [pool-117-thread-1] INFO  storage.RaftStorage (RaftStorageImpl.java:format(89)) - Storage directory /home/runner/work/ozone/ozone/hadoop-ozone/integration-test/target/test-dir/MiniOzoneClusterImpl-56990420-bd6f-4635-88fd-a0a02cb22c91/datanode-2/data/ratis/f339d521-0028-4168-bf17-7df6974b43e8 has been successfully formatted.
2022-06-16 16:18:12,853 [pool-117-thread-1] INFO  ratis.ContainerStateMachine (ContainerStateMachine.java:loadSnapshot(236)) - group-7DF6974B43E8: The snapshot info is null. Setting the last applied indexto:(t:0, i:~)
2022-06-16 16:18:12,853 [pool-117-thread-1] INFO  server.RaftServerConfigKeys (ConfUtils.java:logGet(46)) - raft.server.notification.no-leader.timeout = 300s (custom)
2022-06-16 16:18:12,853 [pool-117-thread-1] INFO  server.RaftServerConfigKeys (ConfUtils.java:logGet(46)) - raft.server.log.use.memory = false (default)
2022-06-16 16:18:12,853 [pool-117-thread-1] INFO  server.RaftServerConfigKeys (ConfUtils.java:logGet(46)) - raft.server.log.purge.gap = 1000000 (custom)
2022-06-16 16:18:12,853 [pool-117-thread-1] INFO  server.RaftServerConfigKeys (ConfUtils.java:logGet(46)) - raft.server.log.appender.buffer.byte-limit = 33554432 (custom)
2022-06-16 16:18:12,853 [pool-117-thread-1] INFO  server.RaftServerConfigKeys (ConfUtils.java:logGet(46)) - raft.server.log.statemachine.data.read.timeout = 1000ms (default)
2022-06-16 16:18:12,856 [EventQueue-PipelineReportForPipelineReportHandler] INFO  pipeline.PipelineManagerImpl (PipelineManagerImpl.java:openPipeline(356)) - Pipeline Pipeline[ Id: f339d521-0028-4168-bf17-7df6974b43e8, Nodes: 7e231c89-b42f-4528-a87d-3801d80fe42a{ip: 10.1.0.16, host: fv-az37-268.zqe2tmcsx5vuvjs3sdc4q2yfud.gx.internal.cloudapp.net, ports: [REPLICATION=33669, RATIS=41481, RATIS_ADMIN=41481, RATIS_SERVER=41481, STANDALONE=36283], networkLocation: /default-rack, certSerialId: null, persistedOpState: IN_SERVICE, persistedOpStateExpiryEpochSec: 0}, ReplicationConfig: RATIS/ONE, State:ALLOCATED, leaderId:7e231c89-b42f-4528-a87d-3801d80fe42a, CreationTimestamp2022-06-16T16:18:09.850Z[Etc/UTC]] moved to OPEN state
2022-06-16 16:18:12,856 [EventQueue-OpenPipelineForHealthyPipelineSafeModeRule] INFO  safemode.SCMSafeModeManager (HealthyPipelineSafeModeRule.java:process(124)) - SCM in safe mode. Healthy pipelines reported count is 0, required healthy pipeline reported count is 1
2022-06-16 16:18:12,856 [pool-117-thread-1] INFO  server.RaftServerConfigKeys (ConfUtils.java:logGet(46)) - raft.server.log.segment.size.max = 1048576 (custom)
2022-06-16 16:18:12,857 [pool-117-thread-1] INFO  server.RaftServerConfigKeys (ConfUtils.java:logGet(46)) - raft.server.log.segment.cache.num.max = 2 (custom)
2022-06-16 16:18:12,857 [pool-117-thread-1] INFO  server.RaftServerConfigKeys (ConfUtils.java:logGet(46)) - raft.server.log.segment.cache.size.max = 200MB (=209715200) (default)
2022-06-16 16:18:12,857 [pool-117-thread-1] INFO  segmented.SegmentedRaftLogWorker (SegmentedRaftLogWorker.java:<init>(187)) - new 7e231c89-b42f-4528-a87d-3801d80fe42a@group-7DF6974B43E8-SegmentedRaftLogWorker for RaftStorageImpl:Storage Directory /home/runner/work/ozone/ozone/hadoop-ozone/integration-test/target/test-dir/MiniOzoneClusterImpl-56990420-bd6f-4635-88fd-a0a02cb22c91/datanode-2/data/ratis/f339d521-0028-4168-bf17-7df6974b43e8
2022-06-16 16:18:12,857 [pool-117-thread-1] INFO  server.RaftServerConfigKeys (ConfUtils.java:logGet(46)) - raft.server.log.queue.byte-limit = 4294967296 (custom)
2022-06-16 16:18:12,857 [pool-117-thread-1] INFO  server.RaftServerConfigKeys (ConfUtils.java:logGet(46)) - raft.server.log.queue.element-limit = 1024 (custom)
2022-06-16 16:18:12,857 [pool-117-thread-1] INFO  server.RaftServerConfigKeys (ConfUtils.java:logGet(46)) - raft.server.log.segment.size.max = 1048576 (custom)
2022-06-16 16:18:12,857 [pool-117-thread-1] INFO  server.RaftServerConfigKeys (ConfUtils.java:logGet(46)) - raft.server.log.preallocated.size = 16384 (custom)
2022-06-16 16:18:12,857 [pool-117-thread-1] INFO  server.RaftServerConfigKeys (ConfUtils.java:logGet(46)) - raft.server.log.force.sync.num = 128 (default)
2022-06-16 16:18:12,857 [pool-117-thread-1] INFO  server.RaftServerConfigKeys (ConfUtils.java:logGet(46)) - raft.server.log.statemachine.data.sync = true (default)
2022-06-16 16:18:12,857 [pool-117-thread-1] INFO  server.RaftServerConfigKeys (ConfUtils.java:logGet(46)) - raft.server.log.statemachine.data.sync.timeout = 10s (default)
2022-06-16 16:18:12,857 [pool-117-thread-1] INFO  server.RaftServerConfigKeys (ConfUtils.java:logGet(46)) - raft.server.log.statemachine.data.sync.timeout.retry = -1 (default)
2022-06-16 16:18:12,858 [pool-117-thread-1] INFO  server.RaftServerConfigKeys (ConfUtils.java:logGet(46)) - raft.server.log.write.buffer.size = 1048576 (custom)
2022-06-16 16:18:12,859 [pool-117-thread-1] INFO  server.RaftServerConfigKeys (ConfUtils.java:logGet(46)) - raft.server.log.unsafe-flush.enabled = false (default)
2022-06-16 16:18:12,859 [pool-117-thread-1] INFO  server.RaftServerConfigKeys (ConfUtils.java:logGet(46)) - raft.server.log.statemachine.data.caching.enabled = true (custom)
2022-06-16 16:18:12,859 [pool-117-thread-1] INFO  segmented.SegmentedRaftLogWorker (SegmentedRaftLogWorker.java:lambda$new$0(135)) - 7e231c89-b42f-4528-a87d-3801d80fe42a@group-7DF6974B43E8-SegmentedRaftLogWorker: flushIndex: setUnconditionally 0 -> -1
2022-06-16 16:18:12,859 [pool-117-thread-1] INFO  segmented.SegmentedRaftLogWorker (SegmentedRaftLogWorker.java:lambda$new$0(135)) - 7e231c89-b42f-4528-a87d-3801d80fe42a@group-7DF6974B43E8-SegmentedRaftLogWorker: safeCacheEvictIndex: setUnconditionally 0 -> -1
2022-06-16 16:18:12,860 [pool-117-thread-1] INFO  server.RaftServerConfigKeys (ConfUtils.java:logGet(46)) - raft.server.snapshot.auto.trigger.enabled = true (custom)
2022-06-16 16:18:12,860 [pool-117-thread-1] INFO  server.RaftServerConfigKeys (ConfUtils.java:logGet(46)) - raft.server.snapshot.auto.trigger.threshold = 10000 (custom)
2022-06-16 16:18:12,860 [pool-117-thread-1] INFO  server.RaftServerConfigKeys (ConfUtils.java:logGet(46)) - raft.server.snapshot.retention.file.num = 5 (custom)
2022-06-16 16:18:12,860 [pool-117-thread-1] INFO  server.RaftServerConfigKeys (ConfUtils.java:logGet(46)) - raft.server.log.purge.upto.snapshot.index = false (default)
2022-06-16 16:18:12,860 [pool-117-thread-1] INFO  server.RaftServerConfigKeys (ConfUtils.java:logGet(46)) - raft.server.retrycache.expirytime = 600000ms (custom)
2022-06-16 16:18:12,860 [pool-117-thread-1] INFO  server.RaftServerConfigKeys (ConfUtils.java:logGet(46)) - raft.server.retrycache.statistics.expirytime = 100μs (default)
2022-06-16 16:18:12,861 [pool-117-thread-1] INFO  server.RaftServerConfigKeys (ConfUtils.java:logGet(46)) - raft.server.log.appender.install.snapshot.enabled = false (custom)
2022-06-16 16:18:12,861 [pool-117-thread-1] INFO  server.RaftServerConfigKeys (ConfUtils.java:logGet(46)) - raft.server.threadpool.server.cached = true (default)
2022-06-16 16:18:12,861 [pool-117-thread-1] INFO  server.RaftServerConfigKeys (ConfUtils.java:logGet(46)) - raft.server.threadpool.server.size = 0 (default)
2022-06-16 16:18:12,861 [pool-117-thread-1] INFO  server.RaftServerConfigKeys (ConfUtils.java:logGet(46)) - raft.server.threadpool.client.cached = true (default)
2022-06-16 16:18:12,861 [pool-117-thread-1] INFO  server.RaftServerConfigKeys (ConfUtils.java:logGet(46)) - raft.server.threadpool.client.size = 0 (default)
2022-06-16 16:18:12,861 [pool-117-thread-1] INFO  server.RaftServer$Division (RaftServerImpl.java:start(310)) - 7e231c89-b42f-4528-a87d-3801d80fe42a@group-7DF6974B43E8: start as a follower, conf=-1: [7e231c89-b42f-4528-a87d-3801d80fe42a|rpc:10.1.0.16:41481|priority:1], old=null
2022-06-16 16:18:12,861 [pool-117-thread-1] INFO  server.RaftServer$Division (RaftServerImpl.java:setRole(299)) - 7e231c89-b42f-4528-a87d-3801d80fe42a@group-7DF6974B43E8: changes role from      null to FOLLOWER at term 0 for startAsFollower
2022-06-16 16:18:12,861 [pool-117-thread-1] INFO  impl.RoleInfo (RoleInfo.java:updateAndGet(139)) - 7e231c89-b42f-4528-a87d-3801d80fe42a: start 7e231c89-b42f-4528-a87d-3801d80fe42a@group-7DF6974B43E8-FollowerState
2022-06-16 16:18:12,862 [pool-117-thread-1] INFO  util.JmxRegister (JmxRegister.java:tryRegister(44)) - Successfully registered JMX Bean with object name Ratis:service=RaftServer,group=group-7DF6974B43E8,id=7e231c89-b42f-4528-a87d-3801d80fe42a
2022-06-16 16:18:12,862 [Command processor thread] INFO  ratis.XceiverServerRatis (XceiverServerRatis.java:addGroup(765)) - Created group PipelineID=f339d521-0028-4168-bf17-7df6974b43e8
2022-06-16 16:18:12,862 [Command processor thread] INFO  commandhandler.CreatePipelineCommandHandler (CreatePipelineCommandHandler.java:handle(113)) - Created Pipeline RATIS ONE PipelineID=f339d521-0028-4168-bf17-7df6974b43e8.
2022-06-16 16:18:13,132 [Command processor thread] INFO  server.RaftServer (RaftServerProxy.java:addNew(96)) - b9c7e550-1e67-440a-bf61-dc5bd635558b: addNew group-026CAB4A1F5F:[b9c7e550-1e67-440a-bf61-dc5bd635558b|rpc:10.1.0.16:40443|priority:1] returns group-026CAB4A1F5F:java.util.concurrent.CompletableFuture@1f61e7ed[Not completed]
2022-06-16 16:18:13,133 [pool-139-thread-1] INFO  server.RaftServer$Division (RaftServerImpl.java:<init>(190)) - b9c7e550-1e67-440a-bf61-dc5bd635558b: new RaftServerImpl for group-026CAB4A1F5F:[b9c7e550-1e67-440a-bf61-dc5bd635558b|rpc:10.1.0.16:40443|priority:1] with ContainerStateMachine:uninitialized
2022-06-16 16:18:13,133 [pool-139-thread-1] INFO  server.RaftServerConfigKeys (ConfUtils.java:logGet(46)) - raft.server.rpc.timeout.min = 5s (custom)
2022-06-16 16:18:13,133 [pool-139-thread-1] INFO  server.RaftServerConfigKeys (ConfUtils.java:logGet(46)) - raft.server.rpc.timeout.max = 5200ms (custom)
2022-06-16 16:18:13,134 [pool-139-thread-1] INFO  server.RaftServerConfigKeys (ConfUtils.java:logGet(46)) - raft.server.rpc.sleep.time = 25ms (default)
2022-06-16 16:18:13,134 [pool-139-thread-1] INFO  server.RaftServerConfigKeys (ConfUtils.java:logGet(46)) - raft.server.rpc.slowness.timeout = 300s (custom)
2022-06-16 16:18:13,134 [pool-139-thread-1] INFO  server.RaftServerConfigKeys (ConfUtils.java:logGet(46)) - raft.server.leaderelection.leader.step-down.wait-time = 10s (default)
2022-06-16 16:18:13,134 [pool-139-thread-1] INFO  server.RaftServerConfigKeys (ConfUtils.java:logGet(46)) - raft.server.sleep.deviation.threshold = 300ms (default)
2022-06-16 16:18:13,134 [pool-139-thread-1] INFO  server.RaftServer$Division (ServerState.java:<init>(107)) - b9c7e550-1e67-440a-bf61-dc5bd635558b@group-026CAB4A1F5F: ConfigurationManager, init=-1: [b9c7e550-1e67-440a-bf61-dc5bd635558b|rpc:10.1.0.16:40443|priority:1], old=null, confs=<EMPTY_MAP>
2022-06-16 16:18:13,134 [pool-139-thread-1] INFO  server.RaftServerConfigKeys (ConfUtils.java:logGet(46)) - raft.server.storage.dir = [/home/runner/work/ozone/ozone/hadoop-ozone/integration-test/target/test-dir/MiniOzoneClusterImpl-56990420-bd6f-4635-88fd-a0a02cb22c91/datanode-3/data/ratis] (custom)
2022-06-16 16:18:13,134 [pool-139-thread-1] INFO  server.RaftServerConfigKeys (ConfUtils.java:logGet(46)) - raft.server.log.corruption.policy = EXCEPTION (default)
2022-06-16 16:18:13,134 [pool-139-thread-1] INFO  server.RaftServerConfigKeys (ConfUtils.java:logGet(46)) - raft.server.storage.free-space.min = 0MB (=0) (default)
2022-06-16 16:18:13,134 [pool-139-thread-1] INFO  storage.RaftStorageDirectory (RaftStorageDirectoryImpl.java:analyzeStorage(135)) - The storage directory /home/runner/work/ozone/ozone/hadoop-ozone/integration-test/target/test-dir/MiniOzoneClusterImpl-56990420-bd6f-4635-88fd-a0a02cb22c91/datanode-3/data/ratis/f8bd5373-e916-4042-9347-026cab4a1f5f does not exist. Creating ...
2022-06-16 16:18:13,136 [pool-139-thread-1] INFO  storage.RaftStorageDirectory (RaftStorageDirectoryImpl.java:tryLock(230)) - Lock on /home/runner/work/ozone/ozone/hadoop-ozone/integration-test/target/test-dir/MiniOzoneClusterImpl-56990420-bd6f-4635-88fd-a0a02cb22c91/datanode-3/data/ratis/f8bd5373-e916-4042-9347-026cab4a1f5f/in_use.lock acquired by nodename 3861@fv-az37-268
2022-06-16 16:18:13,137 [pool-139-thread-1] INFO  storage.RaftStorage (RaftStorageImpl.java:format(89)) - Storage directory /home/runner/work/ozone/ozone/hadoop-ozone/integration-test/target/test-dir/MiniOzoneClusterImpl-56990420-bd6f-4635-88fd-a0a02cb22c91/datanode-3/data/ratis/f8bd5373-e916-4042-9347-026cab4a1f5f has been successfully formatted.
2022-06-16 16:18:13,137 [pool-139-thread-1] INFO  ratis.ContainerStateMachine (ContainerStateMachine.java:loadSnapshot(236)) - group-026CAB4A1F5F: The snapshot info is null. Setting the last applied indexto:(t:0, i:~)
2022-06-16 16:18:13,137 [pool-139-thread-1] INFO  server.RaftServerConfigKeys (ConfUtils.java:logGet(46)) - raft.server.notification.no-leader.timeout = 300s (custom)
2022-06-16 16:18:13,138 [pool-139-thread-1] INFO  server.RaftServerConfigKeys (ConfUtils.java:logGet(46)) - raft.server.log.use.memory = false (default)
2022-06-16 16:18:13,138 [pool-139-thread-1] INFO  server.RaftServerConfigKeys (ConfUtils.java:logGet(46)) - raft.server.log.purge.gap = 1000000 (custom)
2022-06-16 16:18:13,138 [pool-139-thread-1] INFO  server.RaftServerConfigKeys (ConfUtils.java:logGet(46)) - raft.server.log.appender.buffer.byte-limit = 33554432 (custom)
2022-06-16 16:18:13,138 [pool-139-thread-1] INFO  server.RaftServerConfigKeys (ConfUtils.java:logGet(46)) - raft.server.log.statemachine.data.read.timeout = 1000ms (default)
2022-06-16 16:18:13,138 [pool-139-thread-1] INFO  server.RaftServerConfigKeys (ConfUtils.java:logGet(46)) - raft.server.log.segment.size.max = 1048576 (custom)
2022-06-16 16:18:13,138 [pool-139-thread-1] INFO  server.RaftServerConfigKeys (ConfUtils.java:logGet(46)) - raft.server.log.segment.cache.num.max = 2 (custom)
2022-06-16 16:18:13,139 [pool-139-thread-1] INFO  server.RaftServerConfigKeys (ConfUtils.java:logGet(46)) - raft.server.log.segment.cache.size.max = 200MB (=209715200) (default)
2022-06-16 16:18:13,139 [pool-139-thread-1] INFO  segmented.SegmentedRaftLogWorker (SegmentedRaftLogWorker.java:<init>(187)) - new b9c7e550-1e67-440a-bf61-dc5bd635558b@group-026CAB4A1F5F-SegmentedRaftLogWorker for RaftStorageImpl:Storage Directory /home/runner/work/ozone/ozone/hadoop-ozone/integration-test/target/test-dir/MiniOzoneClusterImpl-56990420-bd6f-4635-88fd-a0a02cb22c91/datanode-3/data/ratis/f8bd5373-e916-4042-9347-026cab4a1f5f
2022-06-16 16:18:13,139 [pool-139-thread-1] INFO  server.RaftServerConfigKeys (ConfUtils.java:logGet(46)) - raft.server.log.queue.byte-limit = 4294967296 (custom)
2022-06-16 16:18:13,139 [pool-139-thread-1] INFO  server.RaftServerConfigKeys (ConfUtils.java:logGet(46)) - raft.server.log.queue.element-limit = 1024 (custom)
2022-06-16 16:18:13,139 [pool-139-thread-1] INFO  server.RaftServerConfigKeys (ConfUtils.java:logGet(46)) - raft.server.log.segment.size.max = 1048576 (custom)
2022-06-16 16:18:13,139 [pool-139-thread-1] INFO  server.RaftServerConfigKeys (ConfUtils.java:logGet(46)) - raft.server.log.preallocated.size = 16384 (custom)
2022-06-16 16:18:13,139 [pool-139-thread-1] INFO  server.RaftServerConfigKeys (ConfUtils.java:logGet(46)) - raft.server.log.force.sync.num = 128 (default)
2022-06-16 16:18:13,139 [pool-139-thread-1] INFO  server.RaftServerConfigKeys (ConfUtils.java:logGet(46)) - raft.server.log.statemachine.data.sync = true (default)
2022-06-16 16:18:13,139 [pool-139-thread-1] INFO  server.RaftServerConfigKeys (ConfUtils.java:logGet(46)) - raft.server.log.statemachine.data.sync.timeout = 10s (default)
2022-06-16 16:18:13,139 [pool-139-thread-1] INFO  server.RaftServerConfigKeys (ConfUtils.java:logGet(46)) - raft.server.log.statemachine.data.sync.timeout.retry = -1 (default)
2022-06-16 16:18:13,139 [EventQueue-PipelineReportForPipelineReportHandler] INFO  pipeline.PipelineManagerImpl (PipelineManagerImpl.java:openPipeline(356)) - Pipeline Pipeline[ Id: f8bd5373-e916-4042-9347-026cab4a1f5f, Nodes: b9c7e550-1e67-440a-bf61-dc5bd635558b{ip: 10.1.0.16, host: fv-az37-268.zqe2tmcsx5vuvjs3sdc4q2yfud.gx.internal.cloudapp.net, ports: [REPLICATION=40051, RATIS=40443, RATIS_ADMIN=40443, RATIS_SERVER=40443, STANDALONE=39871], networkLocation: /default-rack, certSerialId: null, persistedOpState: IN_SERVICE, persistedOpStateExpiryEpochSec: 0}, ReplicationConfig: RATIS/ONE, State:ALLOCATED, leaderId:b9c7e550-1e67-440a-bf61-dc5bd635558b, CreationTimestamp2022-06-16T16:18:10.133Z[Etc/UTC]] moved to OPEN state
2022-06-16 16:18:13,139 [EventQueue-OpenPipelineForHealthyPipelineSafeModeRule] INFO  safemode.SCMSafeModeManager (HealthyPipelineSafeModeRule.java:process(124)) - SCM in safe mode. Healthy pipelines reported count is 0, required healthy pipeline reported count is 1
2022-06-16 16:18:13,140 [pool-139-thread-1] INFO  server.RaftServerConfigKeys (ConfUtils.java:logGet(46)) - raft.server.log.write.buffer.size = 1048576 (custom)
2022-06-16 16:18:13,141 [pool-139-thread-1] INFO  server.RaftServerConfigKeys (ConfUtils.java:logGet(46)) - raft.server.log.unsafe-flush.enabled = false (default)
2022-06-16 16:18:13,141 [pool-139-thread-1] INFO  server.RaftServerConfigKeys (ConfUtils.java:logGet(46)) - raft.server.log.statemachine.data.caching.enabled = true (custom)
2022-06-16 16:18:13,141 [pool-139-thread-1] INFO  segmented.SegmentedRaftLogWorker (SegmentedRaftLogWorker.java:lambda$new$0(135)) - b9c7e550-1e67-440a-bf61-dc5bd635558b@group-026CAB4A1F5F-SegmentedRaftLogWorker: flushIndex: setUnconditionally 0 -> -1
2022-06-16 16:18:13,141 [pool-139-thread-1] INFO  segmented.SegmentedRaftLogWorker (SegmentedRaftLogWorker.java:lambda$new$0(135)) - b9c7e550-1e67-440a-bf61-dc5bd635558b@group-026CAB4A1F5F-SegmentedRaftLogWorker: safeCacheEvictIndex: setUnconditionally 0 -> -1
2022-06-16 16:18:13,142 [pool-139-thread-1] INFO  server.RaftServerConfigKeys (ConfUtils.java:logGet(46)) - raft.server.snapshot.auto.trigger.enabled = true (custom)
2022-06-16 16:18:13,142 [pool-139-thread-1] INFO  server.RaftServerConfigKeys (ConfUtils.java:logGet(46)) - raft.server.snapshot.auto.trigger.threshold = 10000 (custom)
2022-06-16 16:18:13,142 [pool-139-thread-1] INFO  server.RaftServerConfigKeys (ConfUtils.java:logGet(46)) - raft.server.snapshot.retention.file.num = 5 (custom)
2022-06-16 16:18:13,142 [pool-139-thread-1] INFO  server.RaftServerConfigKeys (ConfUtils.java:logGet(46)) - raft.server.log.purge.upto.snapshot.index = false (default)
2022-06-16 16:18:13,142 [pool-139-thread-1] INFO  server.RaftServerConfigKeys (ConfUtils.java:logGet(46)) - raft.server.retrycache.expirytime = 600000ms (custom)
2022-06-16 16:18:13,142 [pool-139-thread-1] INFO  server.RaftServerConfigKeys (ConfUtils.java:logGet(46)) - raft.server.retrycache.statistics.expirytime = 100μs (default)
2022-06-16 16:18:13,143 [pool-139-thread-1] INFO  server.RaftServerConfigKeys (ConfUtils.java:logGet(46)) - raft.server.log.appender.install.snapshot.enabled = false (custom)
2022-06-16 16:18:13,143 [pool-139-thread-1] INFO  server.RaftServerConfigKeys (ConfUtils.java:logGet(46)) - raft.server.threadpool.server.cached = true (default)
2022-06-16 16:18:13,143 [pool-139-thread-1] INFO  server.RaftServerConfigKeys (ConfUtils.java:logGet(46)) - raft.server.threadpool.server.size = 0 (default)
2022-06-16 16:18:13,143 [pool-139-thread-1] INFO  server.RaftServerConfigKeys (ConfUtils.java:logGet(46)) - raft.server.threadpool.client.cached = true (default)
2022-06-16 16:18:13,143 [pool-139-thread-1] INFO  server.RaftServerConfigKeys (ConfUtils.java:logGet(46)) - raft.server.threadpool.client.size = 0 (default)
2022-06-16 16:18:13,143 [pool-139-thread-1] INFO  server.RaftServer$Division (RaftServerImpl.java:start(310)) - b9c7e550-1e67-440a-bf61-dc5bd635558b@group-026CAB4A1F5F: start as a follower, conf=-1: [b9c7e550-1e67-440a-bf61-dc5bd635558b|rpc:10.1.0.16:40443|priority:1], old=null
2022-06-16 16:18:13,143 [pool-139-thread-1] INFO  server.RaftServer$Division (RaftServerImpl.java:setRole(299)) - b9c7e550-1e67-440a-bf61-dc5bd635558b@group-026CAB4A1F5F: changes role from      null to FOLLOWER at term 0 for startAsFollower
2022-06-16 16:18:13,143 [pool-139-thread-1] INFO  impl.RoleInfo (RoleInfo.java:updateAndGet(139)) - b9c7e550-1e67-440a-bf61-dc5bd635558b: start b9c7e550-1e67-440a-bf61-dc5bd635558b@group-026CAB4A1F5F-FollowerState
2022-06-16 16:18:13,150 [pool-139-thread-1] INFO  util.JmxRegister (JmxRegister.java:tryRegister(44)) - Successfully registered JMX Bean with object name Ratis:service=RaftServer,group=group-026CAB4A1F5F,id=b9c7e550-1e67-440a-bf61-dc5bd635558b
2022-06-16 16:18:13,151 [Command processor thread] INFO  ratis.XceiverServerRatis (XceiverServerRatis.java:addGroup(765)) - Created group PipelineID=f8bd5373-e916-4042-9347-026cab4a1f5f
2022-06-16 16:18:13,151 [Command processor thread] INFO  commandhandler.CreatePipelineCommandHandler (CreatePipelineCommandHandler.java:handle(113)) - Created Pipeline RATIS ONE PipelineID=f8bd5373-e916-4042-9347-026cab4a1f5f.
2022-06-16 16:18:13,426 [Listener at 127.0.0.1/37419] INFO  ozone.MiniOzoneClusterImpl (MiniOzoneClusterImpl.java:lambda$waitForClusterToBeReady$0(221)) - Nodes are ready. Got 5 of 5 DN Heartbeats.
2022-06-16 16:18:13,426 [Listener at 127.0.0.1/37419] INFO  ozone.MiniOzoneClusterImpl (MiniOzoneClusterImpl.java:lambda$waitForClusterToBeReady$0(224)) - Waiting for cluster to exit safe mode
2022-06-16 16:18:13,426 [Listener at 127.0.0.1/37419] INFO  ozone.MiniOzoneClusterImpl (MiniOzoneClusterImpl.java:lambda$waitForClusterToBeReady$0(226)) - SCM became leader
2022-06-16 16:18:13,437 [Command processor thread] INFO  server.RaftServer (RaftServerProxy.java:addNew(96)) - f726d3bf-0416-4b86-8b23-12e086774417: addNew group-1A868973C587:[f726d3bf-0416-4b86-8b23-12e086774417|rpc:10.1.0.16:43791|priority:1] returns group-1A868973C587:java.util.concurrent.CompletableFuture@274fc287[Not completed]
2022-06-16 16:18:13,439 [pool-161-thread-1] INFO  server.RaftServer$Division (RaftServerImpl.java:<init>(190)) - f726d3bf-0416-4b86-8b23-12e086774417: new RaftServerImpl for group-1A868973C587:[f726d3bf-0416-4b86-8b23-12e086774417|rpc:10.1.0.16:43791|priority:1] with ContainerStateMachine:uninitialized
2022-06-16 16:18:13,439 [pool-161-thread-1] INFO  server.RaftServerConfigKeys (ConfUtils.java:logGet(46)) - raft.server.rpc.timeout.min = 5s (custom)
2022-06-16 16:18:13,439 [pool-161-thread-1] INFO  server.RaftServerConfigKeys (ConfUtils.java:logGet(46)) - raft.server.rpc.timeout.max = 5200ms (custom)
2022-06-16 16:18:13,439 [pool-161-thread-1] INFO  server.RaftServerConfigKeys (ConfUtils.java:logGet(46)) - raft.server.rpc.sleep.time = 25ms (default)
2022-06-16 16:18:13,439 [pool-161-thread-1] INFO  server.RaftServerConfigKeys (ConfUtils.java:logGet(46)) - raft.server.rpc.slowness.timeout = 300s (custom)
2022-06-16 16:18:13,439 [pool-161-thread-1] INFO  server.RaftServerConfigKeys (ConfUtils.java:logGet(46)) - raft.server.leaderelection.leader.step-down.wait-time = 10s (default)
2022-06-16 16:18:13,440 [pool-161-thread-1] INFO  server.RaftServerConfigKeys (ConfUtils.java:logGet(46)) - raft.server.sleep.deviation.threshold = 300ms (default)
2022-06-16 16:18:13,440 [pool-161-thread-1] INFO  server.RaftServer$Division (ServerState.java:<init>(107)) - f726d3bf-0416-4b86-8b23-12e086774417@group-1A868973C587: ConfigurationManager, init=-1: [f726d3bf-0416-4b86-8b23-12e086774417|rpc:10.1.0.16:43791|priority:1], old=null, confs=<EMPTY_MAP>
2022-06-16 16:18:13,440 [pool-161-thread-1] INFO  server.RaftServerConfigKeys (ConfUtils.java:logGet(46)) - raft.server.storage.dir = [/home/runner/work/ozone/ozone/hadoop-ozone/integration-test/target/test-dir/MiniOzoneClusterImpl-56990420-bd6f-4635-88fd-a0a02cb22c91/datanode-4/data/ratis] (custom)
2022-06-16 16:18:13,440 [pool-161-thread-1] INFO  server.RaftServerConfigKeys (ConfUtils.java:logGet(46)) - raft.server.log.corruption.policy = EXCEPTION (default)
2022-06-16 16:18:13,440 [pool-161-thread-1] INFO  server.RaftServerConfigKeys (ConfUtils.java:logGet(46)) - raft.server.storage.free-space.min = 0MB (=0) (default)
2022-06-16 16:18:13,440 [pool-161-thread-1] INFO  storage.RaftStorageDirectory (RaftStorageDirectoryImpl.java:analyzeStorage(135)) - The storage directory /home/runner/work/ozone/ozone/hadoop-ozone/integration-test/target/test-dir/MiniOzoneClusterImpl-56990420-bd6f-4635-88fd-a0a02cb22c91/datanode-4/data/ratis/7c3df0ea-6b58-4159-b63c-1a868973c587 does not exist. Creating ...
2022-06-16 16:18:13,441 [pool-161-thread-1] INFO  storage.RaftStorageDirectory (RaftStorageDirectoryImpl.java:tryLock(230)) - Lock on /home/runner/work/ozone/ozone/hadoop-ozone/integration-test/target/test-dir/MiniOzoneClusterImpl-56990420-bd6f-4635-88fd-a0a02cb22c91/datanode-4/data/ratis/7c3df0ea-6b58-4159-b63c-1a868973c587/in_use.lock acquired by nodename 3861@fv-az37-268
2022-06-16 16:18:13,442 [pool-161-thread-1] INFO  storage.RaftStorage (RaftStorageImpl.java:format(89)) - Storage directory /home/runner/work/ozone/ozone/hadoop-ozone/integration-test/target/test-dir/MiniOzoneClusterImpl-56990420-bd6f-4635-88fd-a0a02cb22c91/datanode-4/data/ratis/7c3df0ea-6b58-4159-b63c-1a868973c587 has been successfully formatted.
2022-06-16 16:18:13,443 [pool-161-thread-1] INFO  ratis.ContainerStateMachine (ContainerStateMachine.java:loadSnapshot(236)) - group-1A868973C587: The snapshot info is null. Setting the last applied indexto:(t:0, i:~)
2022-06-16 16:18:13,443 [pool-161-thread-1] INFO  server.RaftServerConfigKeys (ConfUtils.java:logGet(46)) - raft.server.notification.no-leader.timeout = 300s (custom)
2022-06-16 16:18:13,443 [pool-161-thread-1] INFO  server.RaftServerConfigKeys (ConfUtils.java:logGet(46)) - raft.server.log.use.memory = false (default)
2022-06-16 16:18:13,443 [pool-161-thread-1] INFO  server.RaftServerConfigKeys (ConfUtils.java:logGet(46)) - raft.server.log.purge.gap = 1000000 (custom)
2022-06-16 16:18:13,443 [pool-161-thread-1] INFO  server.RaftServerConfigKeys (ConfUtils.java:logGet(46)) - raft.server.log.appender.buffer.byte-limit = 33554432 (custom)
2022-06-16 16:18:13,443 [pool-161-thread-1] INFO  server.RaftServerConfigKeys (ConfUtils.java:logGet(46)) - raft.server.log.statemachine.data.read.timeout = 1000ms (default)
2022-06-16 16:18:13,443 [pool-161-thread-1] INFO  server.RaftServerConfigKeys (ConfUtils.java:logGet(46)) - raft.server.log.segment.size.max = 1048576 (custom)
2022-06-16 16:18:13,444 [pool-161-thread-1] INFO  server.RaftServerConfigKeys (ConfUtils.java:logGet(46)) - raft.server.log.segment.cache.num.max = 2 (custom)
2022-06-16 16:18:13,444 [pool-161-thread-1] INFO  server.RaftServerConfigKeys (ConfUtils.java:logGet(46)) - raft.server.log.segment.cache.size.max = 200MB (=209715200) (default)
2022-06-16 16:18:13,444 [pool-161-thread-1] INFO  segmented.SegmentedRaftLogWorker (SegmentedRaftLogWorker.java:<init>(187)) - new f726d3bf-0416-4b86-8b23-12e086774417@group-1A868973C587-SegmentedRaftLogWorker for RaftStorageImpl:Storage Directory /home/runner/work/ozone/ozone/hadoop-ozone/integration-test/target/test-dir/MiniOzoneClusterImpl-56990420-bd6f-4635-88fd-a0a02cb22c91/datanode-4/data/ratis/7c3df0ea-6b58-4159-b63c-1a868973c587
2022-06-16 16:18:13,444 [pool-161-thread-1] INFO  server.RaftServerConfigKeys (ConfUtils.java:logGet(46)) - raft.server.log.queue.byte-limit = 4294967296 (custom)
2022-06-16 16:18:13,444 [pool-161-thread-1] INFO  server.RaftServerConfigKeys (ConfUtils.java:logGet(46)) - raft.server.log.queue.element-limit = 1024 (custom)
2022-06-16 16:18:13,444 [pool-161-thread-1] INFO  server.RaftServerConfigKeys (ConfUtils.java:logGet(46)) - raft.server.log.segment.size.max = 1048576 (custom)
2022-06-16 16:18:13,444 [EventQueue-PipelineReportForPipelineReportHandler] INFO  pipeline.PipelineManagerImpl (PipelineManagerImpl.java:openPipeline(356)) - Pipeline Pipeline[ Id: 7c3df0ea-6b58-4159-b63c-1a868973c587, Nodes: f726d3bf-0416-4b86-8b23-12e086774417{ip: 10.1.0.16, host: fv-az37-268.zqe2tmcsx5vuvjs3sdc4q2yfud.gx.internal.cloudapp.net, ports: [REPLICATION=44569, RATIS=43791, RATIS_ADMIN=43791, RATIS_SERVER=43791, STANDALONE=45317], networkLocation: /default-rack, certSerialId: null, persistedOpState: IN_SERVICE, persistedOpStateExpiryEpochSec: 0}, ReplicationConfig: RATIS/ONE, State:ALLOCATED, leaderId:f726d3bf-0416-4b86-8b23-12e086774417, CreationTimestamp2022-06-16T16:18:10.440Z[Etc/UTC]] moved to OPEN state
2022-06-16 16:18:13,444 [pool-161-thread-1] INFO  server.RaftServerConfigKeys (ConfUtils.java:logGet(46)) - raft.server.log.preallocated.size = 16384 (custom)
2022-06-16 16:18:13,444 [pool-161-thread-1] INFO  server.RaftServerConfigKeys (ConfUtils.java:logGet(46)) - raft.server.log.force.sync.num = 128 (default)
2022-06-16 16:18:13,445 [pool-161-thread-1] INFO  server.RaftServerConfigKeys (ConfUtils.java:logGet(46)) - raft.server.log.statemachine.data.sync = true (default)
2022-06-16 16:18:13,445 [pool-161-thread-1] INFO  server.RaftServerConfigKeys (ConfUtils.java:logGet(46)) - raft.server.log.statemachine.data.sync.timeout = 10s (default)
2022-06-16 16:18:13,445 [pool-161-thread-1] INFO  server.RaftServerConfigKeys (ConfUtils.java:logGet(46)) - raft.server.log.statemachine.data.sync.timeout.retry = -1 (default)
2022-06-16 16:18:13,445 [EventQueue-OpenPipelineForHealthyPipelineSafeModeRule] INFO  safemode.SCMSafeModeManager (HealthyPipelineSafeModeRule.java:process(124)) - SCM in safe mode. Healthy pipelines reported count is 0, required healthy pipeline reported count is 1
2022-06-16 16:18:13,448 [pool-161-thread-1] INFO  server.RaftServerConfigKeys (ConfUtils.java:logGet(46)) - raft.server.log.write.buffer.size = 1048576 (custom)
2022-06-16 16:18:13,448 [pool-161-thread-1] INFO  server.RaftServerConfigKeys (ConfUtils.java:logGet(46)) - raft.server.log.unsafe-flush.enabled = false (default)
2022-06-16 16:18:13,448 [pool-161-thread-1] INFO  server.RaftServerConfigKeys (ConfUtils.java:logGet(46)) - raft.server.log.statemachine.data.caching.enabled = true (custom)
2022-06-16 16:18:13,448 [pool-161-thread-1] INFO  segmented.SegmentedRaftLogWorker (SegmentedRaftLogWorker.java:lambda$new$0(135)) - f726d3bf-0416-4b86-8b23-12e086774417@group-1A868973C587-SegmentedRaftLogWorker: flushIndex: setUnconditionally 0 -> -1
2022-06-16 16:18:13,449 [pool-161-thread-1] INFO  segmented.SegmentedRaftLogWorker (SegmentedRaftLogWorker.java:lambda$new$0(135)) - f726d3bf-0416-4b86-8b23-12e086774417@group-1A868973C587-SegmentedRaftLogWorker: safeCacheEvictIndex: setUnconditionally 0 -> -1
2022-06-16 16:18:13,449 [pool-161-thread-1] INFO  server.RaftServerConfigKeys (ConfUtils.java:logGet(46)) - raft.server.snapshot.auto.trigger.enabled = true (custom)
2022-06-16 16:18:13,449 [pool-161-thread-1] INFO  server.RaftServerConfigKeys (ConfUtils.java:logGet(46)) - raft.server.snapshot.auto.trigger.threshold = 10000 (custom)
2022-06-16 16:18:13,449 [pool-161-thread-1] INFO  server.RaftServerConfigKeys (ConfUtils.java:logGet(46)) - raft.server.snapshot.retention.file.num = 5 (custom)
2022-06-16 16:18:13,449 [pool-161-thread-1] INFO  server.RaftServerConfigKeys (ConfUtils.java:logGet(46)) - raft.server.log.purge.upto.snapshot.index = false (default)
2022-06-16 16:18:13,449 [pool-161-thread-1] INFO  server.RaftServerConfigKeys (ConfUtils.java:logGet(46)) - raft.server.retrycache.expirytime = 600000ms (custom)
2022-06-16 16:18:13,449 [pool-161-thread-1] INFO  server.RaftServerConfigKeys (ConfUtils.java:logGet(46)) - raft.server.retrycache.statistics.expirytime = 100μs (default)
2022-06-16 16:18:13,450 [pool-161-thread-1] INFO  server.RaftServerConfigKeys (ConfUtils.java:logGet(46)) - raft.server.log.appender.install.snapshot.enabled = false (custom)
2022-06-16 16:18:13,450 [pool-161-thread-1] INFO  server.RaftServerConfigKeys (ConfUtils.java:logGet(46)) - raft.server.threadpool.server.cached = true (default)
2022-06-16 16:18:13,450 [pool-161-thread-1] INFO  server.RaftServerConfigKeys (ConfUtils.java:logGet(46)) - raft.server.threadpool.server.size = 0 (default)
2022-06-16 16:18:13,450 [pool-161-thread-1] INFO  server.RaftServerConfigKeys (ConfUtils.java:logGet(46)) - raft.server.threadpool.client.cached = true (default)
2022-06-16 16:18:13,450 [pool-161-thread-1] INFO  server.RaftServerConfigKeys (ConfUtils.java:logGet(46)) - raft.server.threadpool.client.size = 0 (default)
2022-06-16 16:18:13,450 [pool-161-thread-1] INFO  server.RaftServer$Division (RaftServerImpl.java:start(310)) - f726d3bf-0416-4b86-8b23-12e086774417@group-1A868973C587: start as a follower, conf=-1: [f726d3bf-0416-4b86-8b23-12e086774417|rpc:10.1.0.16:43791|priority:1], old=null
2022-06-16 16:18:13,450 [pool-161-thread-1] INFO  server.RaftServer$Division (RaftServerImpl.java:setRole(299)) - f726d3bf-0416-4b86-8b23-12e086774417@group-1A868973C587: changes role from      null to FOLLOWER at term 0 for startAsFollower
2022-06-16 16:18:13,450 [pool-161-thread-1] INFO  impl.RoleInfo (RoleInfo.java:updateAndGet(139)) - f726d3bf-0416-4b86-8b23-12e086774417: start f726d3bf-0416-4b86-8b23-12e086774417@group-1A868973C587-FollowerState
2022-06-16 16:18:13,450 [pool-161-thread-1] INFO  util.JmxRegister (JmxRegister.java:tryRegister(44)) - Successfully registered JMX Bean with object name Ratis:service=RaftServer,group=group-1A868973C587,id=f726d3bf-0416-4b86-8b23-12e086774417
2022-06-16 16:18:13,451 [Command processor thread] INFO  ratis.XceiverServerRatis (XceiverServerRatis.java:addGroup(765)) - Created group PipelineID=7c3df0ea-6b58-4159-b63c-1a868973c587
2022-06-16 16:18:13,451 [Command processor thread] INFO  commandhandler.CreatePipelineCommandHandler (CreatePipelineCommandHandler.java:handle(113)) - Created Pipeline RATIS ONE PipelineID=7c3df0ea-6b58-4159-b63c-1a868973c587.
2022-06-16 16:18:14,426 [Listener at 127.0.0.1/37419] INFO  ozone.MiniOzoneClusterImpl (MiniOzoneClusterImpl.java:lambda$waitForClusterToBeReady$0(221)) - Nodes are ready. Got 5 of 5 DN Heartbeats.
2022-06-16 16:18:14,426 [Listener at 127.0.0.1/37419] INFO  ozone.MiniOzoneClusterImpl (MiniOzoneClusterImpl.java:lambda$waitForClusterToBeReady$0(224)) - Waiting for cluster to exit safe mode
2022-06-16 16:18:14,427 [Listener at 127.0.0.1/37419] INFO  ozone.MiniOzoneClusterImpl (MiniOzoneClusterImpl.java:lambda$waitForClusterToBeReady$0(226)) - SCM became leader
2022-06-16 16:18:15,427 [Listener at 127.0.0.1/37419] INFO  ozone.MiniOzoneClusterImpl (MiniOzoneClusterImpl.java:lambda$waitForClusterToBeReady$0(221)) - Nodes are ready. Got 5 of 5 DN Heartbeats.
2022-06-16 16:18:15,427 [Listener at 127.0.0.1/37419] INFO  ozone.MiniOzoneClusterImpl (MiniOzoneClusterImpl.java:lambda$waitForClusterToBeReady$0(224)) - Waiting for cluster to exit safe mode
2022-06-16 16:18:15,427 [Listener at 127.0.0.1/37419] INFO  ozone.MiniOzoneClusterImpl (MiniOzoneClusterImpl.java:lambda$waitForClusterToBeReady$0(226)) - SCM became leader
2022-06-16 16:18:16,427 [Listener at 127.0.0.1/37419] INFO  ozone.MiniOzoneClusterImpl (MiniOzoneClusterImpl.java:lambda$waitForClusterToBeReady$0(221)) - Nodes are ready. Got 5 of 5 DN Heartbeats.
2022-06-16 16:18:16,427 [Listener at 127.0.0.1/37419] INFO  ozone.MiniOzoneClusterImpl (MiniOzoneClusterImpl.java:lambda$waitForClusterToBeReady$0(224)) - Waiting for cluster to exit safe mode
2022-06-16 16:18:16,428 [Listener at 127.0.0.1/37419] INFO  ozone.MiniOzoneClusterImpl (MiniOzoneClusterImpl.java:lambda$waitForClusterToBeReady$0(226)) - SCM became leader
2022-06-16 16:18:17,135 [e2d98f8b-d69d-477c-98dc-59bbefea49c2@group-8541245EB11C-FollowerState] INFO  impl.FollowerState (FollowerState.java:run(143)) - e2d98f8b-d69d-477c-98dc-59bbefea49c2@group-8541245EB11C-FollowerState: change to CANDIDATE, lastRpcElapsedTime:5109394182ns, electionTimeout:5097ms
2022-06-16 16:18:17,136 [e2d98f8b-d69d-477c-98dc-59bbefea49c2@group-8541245EB11C-FollowerState] INFO  impl.RoleInfo (RoleInfo.java:shutdownFollowerState(110)) - e2d98f8b-d69d-477c-98dc-59bbefea49c2: shutdown e2d98f8b-d69d-477c-98dc-59bbefea49c2@group-8541245EB11C-FollowerState
2022-06-16 16:18:17,136 [e2d98f8b-d69d-477c-98dc-59bbefea49c2@group-8541245EB11C-FollowerState] INFO  server.RaftServer$Division (RaftServerImpl.java:setRole(299)) - e2d98f8b-d69d-477c-98dc-59bbefea49c2@group-8541245EB11C: changes role from  FOLLOWER to CANDIDATE at term 0 for changeToCandidate
2022-06-16 16:18:17,136 [e2d98f8b-d69d-477c-98dc-59bbefea49c2@group-8541245EB11C-FollowerState] INFO  server.RaftServerConfigKeys (ConfUtils.java:logGet(46)) - raft.server.leaderelection.pre-vote = false (custom)
2022-06-16 16:18:17,136 [e2d98f8b-d69d-477c-98dc-59bbefea49c2@group-8541245EB11C-FollowerState] INFO  impl.RoleInfo (RoleInfo.java:updateAndGet(139)) - e2d98f8b-d69d-477c-98dc-59bbefea49c2: start e2d98f8b-d69d-477c-98dc-59bbefea49c2@group-8541245EB11C-LeaderElection2
2022-06-16 16:18:17,139 [e2d98f8b-d69d-477c-98dc-59bbefea49c2@group-AFE12DF18333-FollowerState] INFO  impl.FollowerState (FollowerState.java:run(143)) - e2d98f8b-d69d-477c-98dc-59bbefea49c2@group-AFE12DF18333-FollowerState: change to CANDIDATE, lastRpcElapsedTime:5062599122ns, electionTimeout:5061ms
2022-06-16 16:18:17,140 [e2d98f8b-d69d-477c-98dc-59bbefea49c2@group-AFE12DF18333-FollowerState] INFO  impl.RoleInfo (RoleInfo.java:shutdownFollowerState(110)) - e2d98f8b-d69d-477c-98dc-59bbefea49c2: shutdown e2d98f8b-d69d-477c-98dc-59bbefea49c2@group-AFE12DF18333-FollowerState
2022-06-16 16:18:17,140 [e2d98f8b-d69d-477c-98dc-59bbefea49c2@group-8541245EB11C-LeaderElection2] INFO  impl.LeaderElection (LeaderElection.java:askForVotes(310)) - e2d98f8b-d69d-477c-98dc-59bbefea49c2@group-8541245EB11C-LeaderElection2 ELECTION round 0: submit vote requests at term 1 for -1: [e2d98f8b-d69d-477c-98dc-59bbefea49c2|rpc:10.1.0.16:34489|priority:1], old=null
2022-06-16 16:18:17,140 [e2d98f8b-d69d-477c-98dc-59bbefea49c2@group-AFE12DF18333-FollowerState] INFO  server.RaftServer$Division (RaftServerImpl.java:setRole(299)) - e2d98f8b-d69d-477c-98dc-59bbefea49c2@group-AFE12DF18333: changes role from  FOLLOWER to CANDIDATE at term 0 for changeToCandidate
2022-06-16 16:18:17,140 [e2d98f8b-d69d-477c-98dc-59bbefea49c2@group-8541245EB11C-LeaderElection2] INFO  impl.LeaderElection (LeaderElection.java:askForVotes(312)) - e2d98f8b-d69d-477c-98dc-59bbefea49c2@group-8541245EB11C-LeaderElection2 ELECTION round 0: result PASSED (term=1)
2022-06-16 16:18:17,140 [e2d98f8b-d69d-477c-98dc-59bbefea49c2@group-8541245EB11C-LeaderElection2] INFO  impl.RoleInfo (RoleInfo.java:shutdownLeaderElection(130)) - e2d98f8b-d69d-477c-98dc-59bbefea49c2: shutdown e2d98f8b-d69d-477c-98dc-59bbefea49c2@group-8541245EB11C-LeaderElection2
2022-06-16 16:18:17,140 [e2d98f8b-d69d-477c-98dc-59bbefea49c2@group-AFE12DF18333-FollowerState] INFO  server.RaftServerConfigKeys (ConfUtils.java:logGet(46)) - raft.server.leaderelection.pre-vote = false (custom)
2022-06-16 16:18:17,140 [e2d98f8b-d69d-477c-98dc-59bbefea49c2@group-8541245EB11C-LeaderElection2] INFO  server.RaftServer$Division (RaftServerImpl.java:setRole(299)) - e2d98f8b-d69d-477c-98dc-59bbefea49c2@group-8541245EB11C: changes role from CANDIDATE to LEADER at term 1 for changeToLeader
2022-06-16 16:18:17,140 [e2d98f8b-d69d-477c-98dc-59bbefea49c2@group-AFE12DF18333-FollowerState] INFO  impl.RoleInfo (RoleInfo.java:updateAndGet(139)) - e2d98f8b-d69d-477c-98dc-59bbefea49c2: start e2d98f8b-d69d-477c-98dc-59bbefea49c2@group-AFE12DF18333-LeaderElection3
2022-06-16 16:18:17,140 [e2d98f8b-d69d-477c-98dc-59bbefea49c2@group-8541245EB11C-LeaderElection2] INFO  ratis.XceiverServerRatis (XceiverServerRatis.java:handleLeaderChangedNotification(863)) - Leader change notification received for group: group-8541245EB11C with new leaderId: e2d98f8b-d69d-477c-98dc-59bbefea49c2
2022-06-16 16:18:17,141 [e2d98f8b-d69d-477c-98dc-59bbefea49c2@group-8541245EB11C-LeaderElection2] INFO  server.RaftServer$Division (ServerState.java:setLeader(287)) - e2d98f8b-d69d-477c-98dc-59bbefea49c2@group-8541245EB11C: change Leader from null to e2d98f8b-d69d-477c-98dc-59bbefea49c2 at term 1 for becomeLeader, leader elected after 5132ms
2022-06-16 16:18:17,141 [e2d98f8b-d69d-477c-98dc-59bbefea49c2@group-8541245EB11C-LeaderElection2] INFO  server.RaftServerConfigKeys (ConfUtils.java:logGet(46)) - raft.server.staging.catchup.gap = 1000 (default)
2022-06-16 16:18:17,141 [e2d98f8b-d69d-477c-98dc-59bbefea49c2@group-8541245EB11C-LeaderElection2] INFO  server.RaftServerConfigKeys (ConfUtils.java:logGet(46)) - raft.server.write.element-limit = 1024 (custom)
2022-06-16 16:18:17,141 [e2d98f8b-d69d-477c-98dc-59bbefea49c2@group-8541245EB11C-LeaderElection2] INFO  server.RaftServerConfigKeys (ConfUtils.java:logGet(46)) - raft.server.write.byte-limit = 1024 M (=1073741824) (custom)
2022-06-16 16:18:17,142 [e2d98f8b-d69d-477c-98dc-59bbefea49c2@group-8541245EB11C-LeaderElection2] INFO  server.RaftServerConfigKeys (ConfUtils.java:logGet(46)) - raft.server.watch.timeout = 180s (custom)
2022-06-16 16:18:17,142 [e2d98f8b-d69d-477c-98dc-59bbefea49c2@group-8541245EB11C-LeaderElection2] INFO  server.RaftServerConfigKeys (ConfUtils.java:logGet(46)) - raft.server.watch.timeout.denomination = 1s (default)
2022-06-16 16:18:17,142 [e2d98f8b-d69d-477c-98dc-59bbefea49c2@group-8541245EB11C-LeaderElection2] INFO  server.RaftServerConfigKeys (ConfUtils.java:logGet(46)) - raft.server.watch.element-limit = 65536 (default)
2022-06-16 16:18:17,142 [e2d98f8b-d69d-477c-98dc-59bbefea49c2@group-8541245EB11C-LeaderElection2] INFO  server.RaftServerConfigKeys (ConfUtils.java:logGet(46)) - raft.server.write.element-limit = 1024 (custom)
2022-06-16 16:18:17,142 [e2d98f8b-d69d-477c-98dc-59bbefea49c2@group-8541245EB11C-LeaderElection2] INFO  server.RaftServerConfigKeys (ConfUtils.java:logGet(46)) - raft.server.write.follower.gap.ratio.max = -1.0 (default)
2022-06-16 16:18:17,142 [e2d98f8b-d69d-477c-98dc-59bbefea49c2@group-8541245EB11C-LeaderElection2] INFO  impl.RoleInfo (RoleInfo.java:updateAndGet(139)) - e2d98f8b-d69d-477c-98dc-59bbefea49c2: start e2d98f8b-d69d-477c-98dc-59bbefea49c2@group-8541245EB11C-LeaderStateImpl
2022-06-16 16:18:17,142 [e2d98f8b-d69d-477c-98dc-59bbefea49c2@group-8541245EB11C-LeaderElection2] INFO  segmented.SegmentedRaftLogWorker (SegmentedRaftLogWorker.java:startLogSegment(425)) - e2d98f8b-d69d-477c-98dc-59bbefea49c2@group-8541245EB11C-SegmentedRaftLogWorker: Starting segment from index:0
2022-06-16 16:18:17,144 [e2d98f8b-d69d-477c-98dc-59bbefea49c2@group-8541245EB11C-SegmentedRaftLogWorker] INFO  segmented.SegmentedRaftLogWorker (SegmentedRaftLogWorker.java:execute(629)) - e2d98f8b-d69d-477c-98dc-59bbefea49c2@group-8541245EB11C-SegmentedRaftLogWorker: created new log segment /home/runner/work/ozone/ozone/hadoop-ozone/integration-test/target/test-dir/MiniOzoneClusterImpl-56990420-bd6f-4635-88fd-a0a02cb22c91/datanode-0/data/ratis/2126fcdc-d21b-4192-b4f3-8541245eb11c/current/log_inprogress_0
2022-06-16 16:18:17,154 [EventQueue-OpenPipelineForHealthyPipelineSafeModeRule] INFO  safemode.SCMSafeModeManager (HealthyPipelineSafeModeRule.java:process(124)) - SCM in safe mode. Healthy pipelines reported count is 0, required healthy pipeline reported count is 1
2022-06-16 16:18:17,156 [e2d98f8b-d69d-477c-98dc-59bbefea49c2@group-8541245EB11C-LeaderElection2] INFO  server.RaftServer$Division (ServerState.java:setRaftConf(393)) - e2d98f8b-d69d-477c-98dc-59bbefea49c2@group-8541245EB11C: set configuration 0: [e2d98f8b-d69d-477c-98dc-59bbefea49c2|rpc:10.1.0.16:34489|dataStream:|priority:1], old=null
2022-06-16 16:18:17,157 [e2d98f8b-d69d-477c-98dc-59bbefea49c2@group-AFE12DF18333-LeaderElection3] INFO  impl.LeaderElection (LeaderElection.java:askForVotes(310)) - e2d98f8b-d69d-477c-98dc-59bbefea49c2@group-AFE12DF18333-LeaderElection3 ELECTION round 0: submit vote requests at term 1 for -1: [7e231c89-b42f-4528-a87d-3801d80fe42a|rpc:10.1.0.16:41481|priority:1, e2d98f8b-d69d-477c-98dc-59bbefea49c2|rpc:10.1.0.16:34489|priority:0, 283ec67f-837e-4418-8153-936cf3dda048|rpc:10.1.0.16:35425|priority:0], old=null
2022-06-16 16:18:17,186 [grpc-default-executor-1] INFO  server.RaftServer$Division (RaftServerImpl.java:requestVote(1152)) - 283ec67f-837e-4418-8153-936cf3dda048@group-AFE12DF18333: receive requestVote(ELECTION, e2d98f8b-d69d-477c-98dc-59bbefea49c2, group-AFE12DF18333, 1, (t:0, i:0))
2022-06-16 16:18:17,187 [grpc-default-executor-1] INFO  impl.VoteContext (VoteContext.java:log(48)) - 283ec67f-837e-4418-8153-936cf3dda048@group-AFE12DF18333-FOLLOWER: accept ELECTION from e2d98f8b-d69d-477c-98dc-59bbefea49c2: our priority 0 <= candidate's priority 0
2022-06-16 16:18:17,188 [grpc-default-executor-1] INFO  server.RaftServer$Division (RaftServerImpl.java:setRole(299)) - 283ec67f-837e-4418-8153-936cf3dda048@group-AFE12DF18333: changes role from  FOLLOWER to FOLLOWER at term 1 for candidate:e2d98f8b-d69d-477c-98dc-59bbefea49c2
2022-06-16 16:18:17,188 [grpc-default-executor-1] INFO  impl.RoleInfo (RoleInfo.java:shutdownFollowerState(110)) - 283ec67f-837e-4418-8153-936cf3dda048: shutdown 283ec67f-837e-4418-8153-936cf3dda048@group-AFE12DF18333-FollowerState
2022-06-16 16:18:17,188 [grpc-default-executor-1] INFO  impl.RoleInfo (RoleInfo.java:updateAndGet(139)) - 283ec67f-837e-4418-8153-936cf3dda048: start 283ec67f-837e-4418-8153-936cf3dda048@group-AFE12DF18333-FollowerState
2022-06-16 16:18:17,188 [283ec67f-837e-4418-8153-936cf3dda048@group-AFE12DF18333-FollowerState] INFO  impl.FollowerState (FollowerState.java:run(152)) - 283ec67f-837e-4418-8153-936cf3dda048@group-AFE12DF18333-FollowerState was interrupted
2022-06-16 16:18:17,188 [grpc-default-executor-0] INFO  server.RaftServer$Division (RaftServerImpl.java:requestVote(1152)) - 7e231c89-b42f-4528-a87d-3801d80fe42a@group-AFE12DF18333: receive requestVote(ELECTION, e2d98f8b-d69d-477c-98dc-59bbefea49c2, group-AFE12DF18333, 1, (t:0, i:0))
2022-06-16 16:18:17,188 [grpc-default-executor-0] INFO  impl.VoteContext (VoteContext.java:log(48)) - 7e231c89-b42f-4528-a87d-3801d80fe42a@group-AFE12DF18333-FOLLOWER: reject ELECTION from e2d98f8b-d69d-477c-98dc-59bbefea49c2: our priority 1 > candidate's priority 0
2022-06-16 16:18:17,189 [grpc-default-executor-0] INFO  server.RaftServer$Division (RaftServerImpl.java:setRole(299)) - 7e231c89-b42f-4528-a87d-3801d80fe42a@group-AFE12DF18333: changes role from  FOLLOWER to FOLLOWER at term 1 for candidate:e2d98f8b-d69d-477c-98dc-59bbefea49c2
2022-06-16 16:18:17,189 [grpc-default-executor-0] INFO  impl.RoleInfo (RoleInfo.java:shutdownFollowerState(110)) - 7e231c89-b42f-4528-a87d-3801d80fe42a: shutdown 7e231c89-b42f-4528-a87d-3801d80fe42a@group-AFE12DF18333-FollowerState
2022-06-16 16:18:17,189 [grpc-default-executor-0] INFO  impl.RoleInfo (RoleInfo.java:updateAndGet(139)) - 7e231c89-b42f-4528-a87d-3801d80fe42a: start 7e231c89-b42f-4528-a87d-3801d80fe42a@group-AFE12DF18333-FollowerState
2022-06-16 16:18:17,189 [7e231c89-b42f-4528-a87d-3801d80fe42a@group-AFE12DF18333-FollowerState] INFO  impl.FollowerState (FollowerState.java:run(152)) - 7e231c89-b42f-4528-a87d-3801d80fe42a@group-AFE12DF18333-FollowerState was interrupted
2022-06-16 16:18:17,197 [grpc-default-executor-1] INFO  server.RaftServer$Division (RaftServerImpl.java:requestVote(1184)) - 283ec67f-837e-4418-8153-936cf3dda048@group-AFE12DF18333 replies to ELECTION vote request: e2d98f8b-d69d-477c-98dc-59bbefea49c2<-283ec67f-837e-4418-8153-936cf3dda048#0:OK-t1. Peer's state: 283ec67f-837e-4418-8153-936cf3dda048@group-AFE12DF18333:t1, leader=null, voted=e2d98f8b-d69d-477c-98dc-59bbefea49c2, raftlog=283ec67f-837e-4418-8153-936cf3dda048@group-AFE12DF18333-SegmentedRaftLog:OPENED:c-1, conf=-1: [7e231c89-b42f-4528-a87d-3801d80fe42a|rpc:10.1.0.16:41481|priority:1, e2d98f8b-d69d-477c-98dc-59bbefea49c2|rpc:10.1.0.16:34489|priority:0, 283ec67f-837e-4418-8153-936cf3dda048|rpc:10.1.0.16:35425|priority:0], old=null
2022-06-16 16:18:17,197 [grpc-default-executor-0] INFO  server.RaftServer$Division (RaftServerImpl.java:requestVote(1184)) - 7e231c89-b42f-4528-a87d-3801d80fe42a@group-AFE12DF18333 replies to ELECTION vote request: e2d98f8b-d69d-477c-98dc-59bbefea49c2<-7e231c89-b42f-4528-a87d-3801d80fe42a#0:FAIL-t1. Peer's state: 7e231c89-b42f-4528-a87d-3801d80fe42a@group-AFE12DF18333:t1, leader=null, voted=null, raftlog=7e231c89-b42f-4528-a87d-3801d80fe42a@group-AFE12DF18333-SegmentedRaftLog:OPENED:c-1, conf=-1: [7e231c89-b42f-4528-a87d-3801d80fe42a|rpc:10.1.0.16:41481|dataStream:|priority:1, e2d98f8b-d69d-477c-98dc-59bbefea49c2|rpc:10.1.0.16:34489|dataStream:|priority:0, 283ec67f-837e-4418-8153-936cf3dda048|rpc:10.1.0.16:35425|dataStream:|priority:0], old=null
2022-06-16 16:18:17,203 [e2d98f8b-d69d-477c-98dc-59bbefea49c2@group-AFE12DF18333-LeaderElection3] INFO  impl.LeaderElection (LeaderElection.java:logAndReturn(90)) - e2d98f8b-d69d-477c-98dc-59bbefea49c2@group-AFE12DF18333-LeaderElection3: ELECTION REJECTED received 1 response(s) and 0 exception(s):
2022-06-16 16:18:17,203 [e2d98f8b-d69d-477c-98dc-59bbefea49c2@group-AFE12DF18333-LeaderElection3] INFO  impl.LeaderElection (LeaderElection.java:logAndReturn(94)) -   Response 0: e2d98f8b-d69d-477c-98dc-59bbefea49c2<-7e231c89-b42f-4528-a87d-3801d80fe42a#0:FAIL-t1
2022-06-16 16:18:17,203 [e2d98f8b-d69d-477c-98dc-59bbefea49c2@group-AFE12DF18333-LeaderElection3] INFO  impl.LeaderElection (LeaderElection.java:askForVotes(312)) - e2d98f8b-d69d-477c-98dc-59bbefea49c2@group-AFE12DF18333-LeaderElection3 ELECTION round 0: result REJECTED
2022-06-16 16:18:17,203 [e2d98f8b-d69d-477c-98dc-59bbefea49c2@group-AFE12DF18333-LeaderElection3] INFO  server.RaftServer$Division (RaftServerImpl.java:setRole(299)) - e2d98f8b-d69d-477c-98dc-59bbefea49c2@group-AFE12DF18333: changes role from CANDIDATE to FOLLOWER at term 1 for REJECTED
2022-06-16 16:18:17,204 [e2d98f8b-d69d-477c-98dc-59bbefea49c2@group-AFE12DF18333-LeaderElection3] INFO  impl.RoleInfo (RoleInfo.java:shutdownLeaderElection(130)) - e2d98f8b-d69d-477c-98dc-59bbefea49c2: shutdown e2d98f8b-d69d-477c-98dc-59bbefea49c2@group-AFE12DF18333-LeaderElection3
2022-06-16 16:18:17,204 [e2d98f8b-d69d-477c-98dc-59bbefea49c2@group-AFE12DF18333-LeaderElection3] INFO  impl.RoleInfo (RoleInfo.java:updateAndGet(139)) - e2d98f8b-d69d-477c-98dc-59bbefea49c2: start e2d98f8b-d69d-477c-98dc-59bbefea49c2@group-AFE12DF18333-FollowerState
2022-06-16 16:18:17,428 [Listener at 127.0.0.1/37419] INFO  ozone.MiniOzoneClusterImpl (MiniOzoneClusterImpl.java:lambda$waitForClusterToBeReady$0(221)) - Nodes are ready. Got 5 of 5 DN Heartbeats.
2022-06-16 16:18:17,429 [Listener at 127.0.0.1/37419] INFO  ozone.MiniOzoneClusterImpl (MiniOzoneClusterImpl.java:lambda$waitForClusterToBeReady$0(224)) - Waiting for cluster to exit safe mode
2022-06-16 16:18:17,429 [Listener at 127.0.0.1/37419] INFO  ozone.MiniOzoneClusterImpl (MiniOzoneClusterImpl.java:lambda$waitForClusterToBeReady$0(226)) - SCM became leader
2022-06-16 16:18:17,626 [283ec67f-837e-4418-8153-936cf3dda048@group-6D7ABDBDB760-FollowerState] INFO  impl.FollowerState (FollowerState.java:run(143)) - 283ec67f-837e-4418-8153-936cf3dda048@group-6D7ABDBDB760-FollowerState: change to CANDIDATE, lastRpcElapsedTime:5081451052ns, electionTimeout:5069ms
2022-06-16 16:18:17,626 [283ec67f-837e-4418-8153-936cf3dda048@group-6D7ABDBDB760-FollowerState] INFO  impl.RoleInfo (RoleInfo.java:shutdownFollowerState(110)) - 283ec67f-837e-4418-8153-936cf3dda048: shutdown 283ec67f-837e-4418-8153-936cf3dda048@group-6D7ABDBDB760-FollowerState
2022-06-16 16:18:17,626 [283ec67f-837e-4418-8153-936cf3dda048@group-6D7ABDBDB760-FollowerState] INFO  server.RaftServer$Division (RaftServerImpl.java:setRole(299)) - 283ec67f-837e-4418-8153-936cf3dda048@group-6D7ABDBDB760: changes role from  FOLLOWER to CANDIDATE at term 0 for changeToCandidate
2022-06-16 16:18:17,626 [283ec67f-837e-4418-8153-936cf3dda048@group-6D7ABDBDB760-FollowerState] INFO  server.RaftServerConfigKeys (ConfUtils.java:logGet(46)) - raft.server.leaderelection.pre-vote = false (custom)
2022-06-16 16:18:17,626 [283ec67f-837e-4418-8153-936cf3dda048@group-6D7ABDBDB760-FollowerState] INFO  impl.RoleInfo (RoleInfo.java:updateAndGet(139)) - 283ec67f-837e-4418-8153-936cf3dda048: start 283ec67f-837e-4418-8153-936cf3dda048@group-6D7ABDBDB760-LeaderElection4
2022-06-16 16:18:17,629 [283ec67f-837e-4418-8153-936cf3dda048@group-6D7ABDBDB760-LeaderElection4] INFO  impl.LeaderElection (LeaderElection.java:askForVotes(310)) - 283ec67f-837e-4418-8153-936cf3dda048@group-6D7ABDBDB760-LeaderElection4 ELECTION round 0: submit vote requests at term 1 for -1: [283ec67f-837e-4418-8153-936cf3dda048|rpc:10.1.0.16:35425|priority:1], old=null
2022-06-16 16:18:17,629 [283ec67f-837e-4418-8153-936cf3dda048@group-6D7ABDBDB760-LeaderElection4] INFO  impl.LeaderElection (LeaderElection.java:askForVotes(312)) - 283ec67f-837e-4418-8153-936cf3dda048@group-6D7ABDBDB760-LeaderElection4 ELECTION round 0: result PASSED (term=1)
2022-06-16 16:18:17,629 [283ec67f-837e-4418-8153-936cf3dda048@group-6D7ABDBDB760-LeaderElection4] INFO  impl.RoleInfo (RoleInfo.java:shutdownLeaderElection(130)) - 283ec67f-837e-4418-8153-936cf3dda048: shutdown 283ec67f-837e-4418-8153-936cf3dda048@group-6D7ABDBDB760-LeaderElection4
2022-06-16 16:18:17,629 [283ec67f-837e-4418-8153-936cf3dda048@group-6D7ABDBDB760-LeaderElection4] INFO  server.RaftServer$Division (RaftServerImpl.java:setRole(299)) - 283ec67f-837e-4418-8153-936cf3dda048@group-6D7ABDBDB760: changes role from CANDIDATE to LEADER at term 1 for changeToLeader
2022-06-16 16:18:17,629 [283ec67f-837e-4418-8153-936cf3dda048@group-6D7ABDBDB760-LeaderElection4] INFO  ratis.XceiverServerRatis (XceiverServerRatis.java:handleLeaderChangedNotification(863)) - Leader change notification received for group: group-6D7ABDBDB760 with new leaderId: 283ec67f-837e-4418-8153-936cf3dda048
2022-06-16 16:18:17,629 [283ec67f-837e-4418-8153-936cf3dda048@group-6D7ABDBDB760-LeaderElection4] INFO  server.RaftServer$Division (ServerState.java:setLeader(287)) - 283ec67f-837e-4418-8153-936cf3dda048@group-6D7ABDBDB760: change Leader from null to 283ec67f-837e-4418-8153-936cf3dda048 at term 1 for becomeLeader, leader elected after 5117ms
2022-06-16 16:18:17,629 [283ec67f-837e-4418-8153-936cf3dda048@group-6D7ABDBDB760-LeaderElection4] INFO  server.RaftServerConfigKeys (ConfUtils.java:logGet(46)) - raft.server.staging.catchup.gap = 1000 (default)
2022-06-16 16:18:17,630 [283ec67f-837e-4418-8153-936cf3dda048@group-6D7ABDBDB760-LeaderElection4] INFO  server.RaftServerConfigKeys (ConfUtils.java:logGet(46)) - raft.server.write.element-limit = 1024 (custom)
2022-06-16 16:18:17,630 [283ec67f-837e-4418-8153-936cf3dda048@group-6D7ABDBDB760-LeaderElection4] INFO  server.RaftServerConfigKeys (ConfUtils.java:logGet(46)) - raft.server.write.byte-limit = 1024 M (=1073741824) (custom)
2022-06-16 16:18:17,631 [EventQueue-OpenPipelineForHealthyPipelineSafeModeRule] INFO  safemode.SCMSafeModeManager (HealthyPipelineSafeModeRule.java:process(124)) - SCM in safe mode. Healthy pipelines reported count is 0, required healthy pipeline reported count is 1
2022-06-16 16:18:17,631 [283ec67f-837e-4418-8153-936cf3dda048@group-6D7ABDBDB760-LeaderElection4] INFO  server.RaftServerConfigKeys (ConfUtils.java:logGet(46)) - raft.server.watch.timeout = 180s (custom)
2022-06-16 16:18:17,632 [283ec67f-837e-4418-8153-936cf3dda048@group-6D7ABDBDB760-LeaderElection4] INFO  server.RaftServerConfigKeys (ConfUtils.java:logGet(46)) - raft.server.watch.timeout.denomination = 1s (default)
2022-06-16 16:18:17,632 [283ec67f-837e-4418-8153-936cf3dda048@group-6D7ABDBDB760-LeaderElection4] INFO  server.RaftServerConfigKeys (ConfUtils.java:logGet(46)) - raft.server.watch.element-limit = 65536 (default)
2022-06-16 16:18:17,632 [283ec67f-837e-4418-8153-936cf3dda048@group-6D7ABDBDB760-LeaderElection4] INFO  server.RaftServerConfigKeys (ConfUtils.java:logGet(46)) - raft.server.write.element-limit = 1024 (custom)
2022-06-16 16:18:17,632 [283ec67f-837e-4418-8153-936cf3dda048@group-6D7ABDBDB760-LeaderElection4] INFO  server.RaftServerConfigKeys (ConfUtils.java:logGet(46)) - raft.server.write.follower.gap.ratio.max = -1.0 (default)
2022-06-16 16:18:17,632 [283ec67f-837e-4418-8153-936cf3dda048@group-6D7ABDBDB760-LeaderElection4] INFO  impl.RoleInfo (RoleInfo.java:updateAndGet(139)) - 283ec67f-837e-4418-8153-936cf3dda048: start 283ec67f-837e-4418-8153-936cf3dda048@group-6D7ABDBDB760-LeaderStateImpl
2022-06-16 16:18:17,632 [283ec67f-837e-4418-8153-936cf3dda048@group-6D7ABDBDB760-LeaderElection4] INFO  segmented.SegmentedRaftLogWorker (SegmentedRaftLogWorker.java:startLogSegment(425)) - 283ec67f-837e-4418-8153-936cf3dda048@group-6D7ABDBDB760-SegmentedRaftLogWorker: Starting segment from index:0
2022-06-16 16:18:17,634 [283ec67f-837e-4418-8153-936cf3dda048@group-6D7ABDBDB760-SegmentedRaftLogWorker] INFO  segmented.SegmentedRaftLogWorker (SegmentedRaftLogWorker.java:execute(629)) - 283ec67f-837e-4418-8153-936cf3dda048@group-6D7ABDBDB760-SegmentedRaftLogWorker: created new log segment /home/runner/work/ozone/ozone/hadoop-ozone/integration-test/target/test-dir/MiniOzoneClusterImpl-56990420-bd6f-4635-88fd-a0a02cb22c91/datanode-1/data/ratis/57835314-be8d-45cc-b7f5-6d7abdbdb760/current/log_inprogress_0
2022-06-16 16:18:17,636 [283ec67f-837e-4418-8153-936cf3dda048@group-6D7ABDBDB760-LeaderElection4] INFO  server.RaftServer$Division (ServerState.java:setRaftConf(393)) - 283ec67f-837e-4418-8153-936cf3dda048@group-6D7ABDBDB760: set configuration 0: [283ec67f-837e-4418-8153-936cf3dda048|rpc:10.1.0.16:35425|dataStream:|priority:1], old=null
2022-06-16 16:18:17,861 [283ec67f-837e-4418-8153-936cf3dda048@group-D3004AB1FAFF-FollowerState] INFO  impl.FollowerState (FollowerState.java:run(143)) - 283ec67f-837e-4418-8153-936cf3dda048@group-D3004AB1FAFF-FollowerState: change to CANDIDATE, lastRpcElapsedTime:5126723113ns, electionTimeout:5119ms
2022-06-16 16:18:17,861 [283ec67f-837e-4418-8153-936cf3dda048@group-D3004AB1FAFF-FollowerState] INFO  impl.RoleInfo (RoleInfo.java:shutdownFollowerState(110)) - 283ec67f-837e-4418-8153-936cf3dda048: shutdown 283ec67f-837e-4418-8153-936cf3dda048@group-D3004AB1FAFF-FollowerState
2022-06-16 16:18:17,861 [283ec67f-837e-4418-8153-936cf3dda048@group-D3004AB1FAFF-FollowerState] INFO  server.RaftServer$Division (RaftServerImpl.java:setRole(299)) - 283ec67f-837e-4418-8153-936cf3dda048@group-D3004AB1FAFF: changes role from  FOLLOWER to CANDIDATE at term 0 for changeToCandidate
2022-06-16 16:18:17,861 [283ec67f-837e-4418-8153-936cf3dda048@group-D3004AB1FAFF-FollowerState] INFO  server.RaftServerConfigKeys (ConfUtils.java:logGet(46)) - raft.server.leaderelection.pre-vote = false (custom)
2022-06-16 16:18:17,861 [283ec67f-837e-4418-8153-936cf3dda048@group-D3004AB1FAFF-FollowerState] INFO  impl.RoleInfo (RoleInfo.java:updateAndGet(139)) - 283ec67f-837e-4418-8153-936cf3dda048: start 283ec67f-837e-4418-8153-936cf3dda048@group-D3004AB1FAFF-LeaderElection5
2022-06-16 16:18:17,864 [283ec67f-837e-4418-8153-936cf3dda048@group-D3004AB1FAFF-LeaderElection5] INFO  impl.LeaderElection (LeaderElection.java:askForVotes(310)) - 283ec67f-837e-4418-8153-936cf3dda048@group-D3004AB1FAFF-LeaderElection5 ELECTION round 0: submit vote requests at term 1 for -1: [7e231c89-b42f-4528-a87d-3801d80fe42a|rpc:10.1.0.16:41481|priority:0, e2d98f8b-d69d-477c-98dc-59bbefea49c2|rpc:10.1.0.16:34489|priority:1, 283ec67f-837e-4418-8153-936cf3dda048|rpc:10.1.0.16:35425|priority:0], old=null
2022-06-16 16:18:17,882 [grpc-default-executor-0] INFO  server.RaftServer$Division (RaftServerImpl.java:requestVote(1152)) - 7e231c89-b42f-4528-a87d-3801d80fe42a@group-D3004AB1FAFF: receive requestVote(ELECTION, 283ec67f-837e-4418-8153-936cf3dda048, group-D3004AB1FAFF, 1, (t:0, i:0))
2022-06-16 16:18:17,882 [grpc-default-executor-0] INFO  impl.VoteContext (VoteContext.java:log(48)) - 7e231c89-b42f-4528-a87d-3801d80fe42a@group-D3004AB1FAFF-FOLLOWER: accept ELECTION from 283ec67f-837e-4418-8153-936cf3dda048: our priority 0 <= candidate's priority 0
2022-06-16 16:18:17,882 [grpc-default-executor-0] INFO  server.RaftServer$Division (RaftServerImpl.java:setRole(299)) - 7e231c89-b42f-4528-a87d-3801d80fe42a@group-D3004AB1FAFF: changes role from  FOLLOWER to FOLLOWER at term 1 for candidate:283ec67f-837e-4418-8153-936cf3dda048
2022-06-16 16:18:17,882 [grpc-default-executor-0] INFO  impl.RoleInfo (RoleInfo.java:shutdownFollowerState(110)) - 7e231c89-b42f-4528-a87d-3801d80fe42a: shutdown 7e231c89-b42f-4528-a87d-3801d80fe42a@group-D3004AB1FAFF-FollowerState
2022-06-16 16:18:17,882 [grpc-default-executor-0] INFO  impl.RoleInfo (RoleInfo.java:updateAndGet(139)) - 7e231c89-b42f-4528-a87d-3801d80fe42a: start 7e231c89-b42f-4528-a87d-3801d80fe42a@group-D3004AB1FAFF-FollowerState
2022-06-16 16:18:17,883 [7e231c89-b42f-4528-a87d-3801d80fe42a@group-D3004AB1FAFF-FollowerState] INFO  impl.FollowerState (FollowerState.java:run(152)) - 7e231c89-b42f-4528-a87d-3801d80fe42a@group-D3004AB1FAFF-FollowerState was interrupted
2022-06-16 16:18:17,883 [7e231c89-b42f-4528-a87d-3801d80fe42a@group-7DF6974B43E8-FollowerState] INFO  impl.FollowerState (FollowerState.java:run(143)) - 7e231c89-b42f-4528-a87d-3801d80fe42a@group-7DF6974B43E8-FollowerState: change to CANDIDATE, lastRpcElapsedTime:5021811881ns, electionTimeout:5021ms
2022-06-16 16:18:17,883 [7e231c89-b42f-4528-a87d-3801d80fe42a@group-7DF6974B43E8-FollowerState] INFO  impl.RoleInfo (RoleInfo.java:shutdownFollowerState(110)) - 7e231c89-b42f-4528-a87d-3801d80fe42a: shutdown 7e231c89-b42f-4528-a87d-3801d80fe42a@group-7DF6974B43E8-FollowerState
2022-06-16 16:18:17,884 [7e231c89-b42f-4528-a87d-3801d80fe42a@group-7DF6974B43E8-FollowerState] INFO  server.RaftServer$Division (RaftServerImpl.java:setRole(299)) - 7e231c89-b42f-4528-a87d-3801d80fe42a@group-7DF6974B43E8: changes role from  FOLLOWER to CANDIDATE at term 0 for changeToCandidate
2022-06-16 16:18:17,884 [7e231c89-b42f-4528-a87d-3801d80fe42a@group-7DF6974B43E8-FollowerState] INFO  server.RaftServerConfigKeys (ConfUtils.java:logGet(46)) - raft.server.leaderelection.pre-vote = false (custom)
2022-06-16 16:18:17,884 [7e231c89-b42f-4528-a87d-3801d80fe42a@group-7DF6974B43E8-FollowerState] INFO  impl.RoleInfo (RoleInfo.java:updateAndGet(139)) - 7e231c89-b42f-4528-a87d-3801d80fe42a: start 7e231c89-b42f-4528-a87d-3801d80fe42a@group-7DF6974B43E8-LeaderElection6
2022-06-16 16:18:17,888 [grpc-default-executor-0] INFO  server.RaftServer$Division (RaftServerImpl.java:requestVote(1184)) - 7e231c89-b42f-4528-a87d-3801d80fe42a@group-D3004AB1FAFF replies to ELECTION vote request: 283ec67f-837e-4418-8153-936cf3dda048<-7e231c89-b42f-4528-a87d-3801d80fe42a#0:OK-t1. Peer's state: 7e231c89-b42f-4528-a87d-3801d80fe42a@group-D3004AB1FAFF:t1, leader=null, voted=283ec67f-837e-4418-8153-936cf3dda048, raftlog=7e231c89-b42f-4528-a87d-3801d80fe42a@group-D3004AB1FAFF-SegmentedRaftLog:OPENED:c-1, conf=-1: [7e231c89-b42f-4528-a87d-3801d80fe42a|rpc:10.1.0.16:41481|dataStream:|priority:0, e2d98f8b-d69d-477c-98dc-59bbefea49c2|rpc:10.1.0.16:34489|dataStream:|priority:1, 283ec67f-837e-4418-8153-936cf3dda048|rpc:10.1.0.16:35425|dataStream:|priority:0], old=null
2022-06-16 16:18:17,891 [7e231c89-b42f-4528-a87d-3801d80fe42a@group-7DF6974B43E8-LeaderElection6] INFO  impl.LeaderElection (LeaderElection.java:askForVotes(310)) - 7e231c89-b42f-4528-a87d-3801d80fe42a@group-7DF6974B43E8-LeaderElection6 ELECTION round 0: submit vote requests at term 1 for -1: [7e231c89-b42f-4528-a87d-3801d80fe42a|rpc:10.1.0.16:41481|priority:1], old=null
2022-06-16 16:18:17,892 [7e231c89-b42f-4528-a87d-3801d80fe42a@group-7DF6974B43E8-LeaderElection6] INFO  impl.LeaderElection (LeaderElection.java:askForVotes(312)) - 7e231c89-b42f-4528-a87d-3801d80fe42a@group-7DF6974B43E8-LeaderElection6 ELECTION round 0: result PASSED (term=1)
2022-06-16 16:18:17,892 [7e231c89-b42f-4528-a87d-3801d80fe42a@group-7DF6974B43E8-LeaderElection6] INFO  impl.RoleInfo (RoleInfo.java:shutdownLeaderElection(130)) - 7e231c89-b42f-4528-a87d-3801d80fe42a: shutdown 7e231c89-b42f-4528-a87d-3801d80fe42a@group-7DF6974B43E8-LeaderElection6
2022-06-16 16:18:17,892 [7e231c89-b42f-4528-a87d-3801d80fe42a@group-7DF6974B43E8-LeaderElection6] INFO  server.RaftServer$Division (RaftServerImpl.java:setRole(299)) - 7e231c89-b42f-4528-a87d-3801d80fe42a@group-7DF6974B43E8: changes role from CANDIDATE to LEADER at term 1 for changeToLeader
2022-06-16 16:18:17,892 [7e231c89-b42f-4528-a87d-3801d80fe42a@group-7DF6974B43E8-LeaderElection6] INFO  ratis.XceiverServerRatis (XceiverServerRatis.java:handleLeaderChangedNotification(863)) - Leader change notification received for group: group-7DF6974B43E8 with new leaderId: 7e231c89-b42f-4528-a87d-3801d80fe42a
2022-06-16 16:18:17,892 [7e231c89-b42f-4528-a87d-3801d80fe42a@group-7DF6974B43E8-LeaderElection6] INFO  server.RaftServer$Division (ServerState.java:setLeader(287)) - 7e231c89-b42f-4528-a87d-3801d80fe42a@group-7DF6974B43E8: change Leader from null to 7e231c89-b42f-4528-a87d-3801d80fe42a at term 1 for becomeLeader, leader elected after 5038ms
2022-06-16 16:18:17,892 [7e231c89-b42f-4528-a87d-3801d80fe42a@group-7DF6974B43E8-LeaderElection6] INFO  server.RaftServerConfigKeys (ConfUtils.java:logGet(46)) - raft.server.staging.catchup.gap = 1000 (default)
2022-06-16 16:18:17,892 [7e231c89-b42f-4528-a87d-3801d80fe42a@group-7DF6974B43E8-LeaderElection6] INFO  server.RaftServerConfigKeys (ConfUtils.java:logGet(46)) - raft.server.write.element-limit = 1024 (custom)
2022-06-16 16:18:17,892 [7e231c89-b42f-4528-a87d-3801d80fe42a@group-7DF6974B43E8-LeaderElection6] INFO  server.RaftServerConfigKeys (ConfUtils.java:logGet(46)) - raft.server.write.byte-limit = 1024 M (=1073741824) (custom)
2022-06-16 16:18:17,892 [7e231c89-b42f-4528-a87d-3801d80fe42a@group-7DF6974B43E8-LeaderElection6] INFO  server.RaftServerConfigKeys (ConfUtils.java:logGet(46)) - raft.server.watch.timeout = 180s (custom)
2022-06-16 16:18:17,892 [7e231c89-b42f-4528-a87d-3801d80fe42a@group-7DF6974B43E8-LeaderElection6] INFO  server.RaftServerConfigKeys (ConfUtils.java:logGet(46)) - raft.server.watch.timeout.denomination = 1s (default)
2022-06-16 16:18:17,892 [7e231c89-b42f-4528-a87d-3801d80fe42a@group-7DF6974B43E8-LeaderElection6] INFO  server.RaftServerConfigKeys (ConfUtils.java:logGet(46)) - raft.server.watch.element-limit = 65536 (default)
2022-06-16 16:18:17,892 [7e231c89-b42f-4528-a87d-3801d80fe42a@group-7DF6974B43E8-LeaderElection6] INFO  server.RaftServerConfigKeys (ConfUtils.java:logGet(46)) - raft.server.write.element-limit = 1024 (custom)
2022-06-16 16:18:17,893 [7e231c89-b42f-4528-a87d-3801d80fe42a@group-7DF6974B43E8-LeaderElection6] INFO  server.RaftServerConfigKeys (ConfUtils.java:logGet(46)) - raft.server.write.follower.gap.ratio.max = -1.0 (default)
2022-06-16 16:18:17,893 [7e231c89-b42f-4528-a87d-3801d80fe42a@group-7DF6974B43E8-LeaderElection6] INFO  impl.RoleInfo (RoleInfo.java:updateAndGet(139)) - 7e231c89-b42f-4528-a87d-3801d80fe42a: start 7e231c89-b42f-4528-a87d-3801d80fe42a@group-7DF6974B43E8-LeaderStateImpl
2022-06-16 16:18:17,893 [7e231c89-b42f-4528-a87d-3801d80fe42a@group-7DF6974B43E8-LeaderElection6] INFO  segmented.SegmentedRaftLogWorker (SegmentedRaftLogWorker.java:startLogSegment(425)) - 7e231c89-b42f-4528-a87d-3801d80fe42a@group-7DF6974B43E8-SegmentedRaftLogWorker: Starting segment from index:0
2022-06-16 16:18:17,894 [EventQueue-OpenPipelineForHealthyPipelineSafeModeRule] INFO  safemode.SCMSafeModeManager (HealthyPipelineSafeModeRule.java:process(124)) - SCM in safe mode. Healthy pipelines reported count is 0, required healthy pipeline reported count is 1
2022-06-16 16:18:17,894 [7e231c89-b42f-4528-a87d-3801d80fe42a@group-7DF6974B43E8-SegmentedRaftLogWorker] INFO  segmented.SegmentedRaftLogWorker (SegmentedRaftLogWorker.java:execute(629)) - 7e231c89-b42f-4528-a87d-3801d80fe42a@group-7DF6974B43E8-SegmentedRaftLogWorker: created new log segment /home/runner/work/ozone/ozone/hadoop-ozone/integration-test/target/test-dir/MiniOzoneClusterImpl-56990420-bd6f-4635-88fd-a0a02cb22c91/datanode-2/data/ratis/f339d521-0028-4168-bf17-7df6974b43e8/current/log_inprogress_0
2022-06-16 16:18:17,903 [7e231c89-b42f-4528-a87d-3801d80fe42a@group-7DF6974B43E8-LeaderElection6] INFO  server.RaftServer$Division (ServerState.java:setRaftConf(393)) - 7e231c89-b42f-4528-a87d-3801d80fe42a@group-7DF6974B43E8: set configuration 0: [7e231c89-b42f-4528-a87d-3801d80fe42a|rpc:10.1.0.16:41481|dataStream:|priority:1], old=null
2022-06-16 16:18:17,906 [grpc-default-executor-0] INFO  server.RaftServer$Division (RaftServerImpl.java:requestVote(1152)) - e2d98f8b-d69d-477c-98dc-59bbefea49c2@group-D3004AB1FAFF: receive requestVote(ELECTION, 283ec67f-837e-4418-8153-936cf3dda048, group-D3004AB1FAFF, 1, (t:0, i:0))
2022-06-16 16:18:17,906 [grpc-default-executor-0] INFO  impl.VoteContext (VoteContext.java:log(48)) - e2d98f8b-d69d-477c-98dc-59bbefea49c2@group-D3004AB1FAFF-FOLLOWER: reject ELECTION from 283ec67f-837e-4418-8153-936cf3dda048: our priority 1 > candidate's priority 0
2022-06-16 16:18:17,906 [grpc-default-executor-0] INFO  server.RaftServer$Division (RaftServerImpl.java:setRole(299)) - e2d98f8b-d69d-477c-98dc-59bbefea49c2@group-D3004AB1FAFF: changes role from  FOLLOWER to FOLLOWER at term 1 for candidate:283ec67f-837e-4418-8153-936cf3dda048
2022-06-16 16:18:17,906 [grpc-default-executor-0] INFO  impl.RoleInfo (RoleInfo.java:shutdownFollowerState(110)) - e2d98f8b-d69d-477c-98dc-59bbefea49c2: shutdown e2d98f8b-d69d-477c-98dc-59bbefea49c2@group-D3004AB1FAFF-FollowerState
2022-06-16 16:18:17,907 [grpc-default-executor-0] INFO  impl.RoleInfo (RoleInfo.java:updateAndGet(139)) - e2d98f8b-d69d-477c-98dc-59bbefea49c2: start e2d98f8b-d69d-477c-98dc-59bbefea49c2@group-D3004AB1FAFF-FollowerState
2022-06-16 16:18:17,907 [e2d98f8b-d69d-477c-98dc-59bbefea49c2@group-D3004AB1FAFF-FollowerState] INFO  impl.FollowerState (FollowerState.java:run(152)) - e2d98f8b-d69d-477c-98dc-59bbefea49c2@group-D3004AB1FAFF-FollowerState was interrupted
2022-06-16 16:18:17,910 [grpc-default-executor-0] INFO  server.RaftServer$Division (RaftServerImpl.java:requestVote(1184)) - e2d98f8b-d69d-477c-98dc-59bbefea49c2@group-D3004AB1FAFF replies to ELECTION vote request: 283ec67f-837e-4418-8153-936cf3dda048<-e2d98f8b-d69d-477c-98dc-59bbefea49c2#0:FAIL-t1. Peer's state: e2d98f8b-d69d-477c-98dc-59bbefea49c2@group-D3004AB1FAFF:t1, leader=null, voted=null, raftlog=e2d98f8b-d69d-477c-98dc-59bbefea49c2@group-D3004AB1FAFF-SegmentedRaftLog:OPENED:c-1, conf=-1: [7e231c89-b42f-4528-a87d-3801d80fe42a|rpc:10.1.0.16:41481|dataStream:|priority:0, e2d98f8b-d69d-477c-98dc-59bbefea49c2|rpc:10.1.0.16:34489|dataStream:|priority:1, 283ec67f-837e-4418-8153-936cf3dda048|rpc:10.1.0.16:35425|dataStream:|priority:0], old=null
2022-06-16 16:18:17,913 [283ec67f-837e-4418-8153-936cf3dda048@group-D3004AB1FAFF-LeaderElection5] INFO  impl.LeaderElection (LeaderElection.java:logAndReturn(90)) - 283ec67f-837e-4418-8153-936cf3dda048@group-D3004AB1FAFF-LeaderElection5: ELECTION REJECTED received 2 response(s) and 0 exception(s):
2022-06-16 16:18:17,913 [283ec67f-837e-4418-8153-936cf3dda048@group-D3004AB1FAFF-LeaderElection5] INFO  impl.LeaderElection (LeaderElection.java:logAndReturn(94)) -   Response 0: 283ec67f-837e-4418-8153-936cf3dda048<-7e231c89-b42f-4528-a87d-3801d80fe42a#0:OK-t1
2022-06-16 16:18:17,913 [283ec67f-837e-4418-8153-936cf3dda048@group-D3004AB1FAFF-LeaderElection5] INFO  impl.LeaderElection (LeaderElection.java:logAndReturn(94)) -   Response 1: 283ec67f-837e-4418-8153-936cf3dda048<-e2d98f8b-d69d-477c-98dc-59bbefea49c2#0:FAIL-t1
2022-06-16 16:18:17,913 [283ec67f-837e-4418-8153-936cf3dda048@group-D3004AB1FAFF-LeaderElection5] INFO  impl.LeaderElection (LeaderElection.java:askForVotes(312)) - 283ec67f-837e-4418-8153-936cf3dda048@group-D3004AB1FAFF-LeaderElection5 ELECTION round 0: result REJECTED
2022-06-16 16:18:17,913 [283ec67f-837e-4418-8153-936cf3dda048@group-D3004AB1FAFF-LeaderElection5] INFO  server.RaftServer$Division (RaftServerImpl.java:setRole(299)) - 283ec67f-837e-4418-8153-936cf3dda048@group-D3004AB1FAFF: changes role from CANDIDATE to FOLLOWER at term 1 for REJECTED
2022-06-16 16:18:17,913 [283ec67f-837e-4418-8153-936cf3dda048@group-D3004AB1FAFF-LeaderElection5] INFO  impl.RoleInfo (RoleInfo.java:shutdownLeaderElection(130)) - 283ec67f-837e-4418-8153-936cf3dda048: shutdown 283ec67f-837e-4418-8153-936cf3dda048@group-D3004AB1FAFF-LeaderElection5
2022-06-16 16:18:17,913 [283ec67f-837e-4418-8153-936cf3dda048@group-D3004AB1FAFF-LeaderElection5] INFO  impl.RoleInfo (RoleInfo.java:updateAndGet(139)) - 283ec67f-837e-4418-8153-936cf3dda048: start 283ec67f-837e-4418-8153-936cf3dda048@group-D3004AB1FAFF-FollowerState
2022-06-16 16:18:18,203 [b9c7e550-1e67-440a-bf61-dc5bd635558b@group-026CAB4A1F5F-FollowerState] INFO  impl.FollowerState (FollowerState.java:run(143)) - b9c7e550-1e67-440a-bf61-dc5bd635558b@group-026CAB4A1F5F-FollowerState: change to CANDIDATE, lastRpcElapsedTime:5060030133ns, electionTimeout:5052ms
2022-06-16 16:18:18,204 [b9c7e550-1e67-440a-bf61-dc5bd635558b@group-026CAB4A1F5F-FollowerState] INFO  impl.RoleInfo (RoleInfo.java:shutdownFollowerState(110)) - b9c7e550-1e67-440a-bf61-dc5bd635558b: shutdown b9c7e550-1e67-440a-bf61-dc5bd635558b@group-026CAB4A1F5F-FollowerState
2022-06-16 16:18:18,204 [b9c7e550-1e67-440a-bf61-dc5bd635558b@group-026CAB4A1F5F-FollowerState] INFO  server.RaftServer$Division (RaftServerImpl.java:setRole(299)) - b9c7e550-1e67-440a-bf61-dc5bd635558b@group-026CAB4A1F5F: changes role from  FOLLOWER to CANDIDATE at term 0 for changeToCandidate
2022-06-16 16:18:18,205 [b9c7e550-1e67-440a-bf61-dc5bd635558b@group-026CAB4A1F5F-FollowerState] INFO  server.RaftServerConfigKeys (ConfUtils.java:logGet(46)) - raft.server.leaderelection.pre-vote = false (custom)
2022-06-16 16:18:18,205 [b9c7e550-1e67-440a-bf61-dc5bd635558b@group-026CAB4A1F5F-FollowerState] INFO  impl.RoleInfo (RoleInfo.java:updateAndGet(139)) - b9c7e550-1e67-440a-bf61-dc5bd635558b: start b9c7e550-1e67-440a-bf61-dc5bd635558b@group-026CAB4A1F5F-LeaderElection7
2022-06-16 16:18:18,207 [b9c7e550-1e67-440a-bf61-dc5bd635558b@group-026CAB4A1F5F-LeaderElection7] INFO  impl.LeaderElection (LeaderElection.java:askForVotes(310)) - b9c7e550-1e67-440a-bf61-dc5bd635558b@group-026CAB4A1F5F-LeaderElection7 ELECTION round 0: submit vote requests at term 1 for -1: [b9c7e550-1e67-440a-bf61-dc5bd635558b|rpc:10.1.0.16:40443|priority:1], old=null
2022-06-16 16:18:18,207 [b9c7e550-1e67-440a-bf61-dc5bd635558b@group-026CAB4A1F5F-LeaderElection7] INFO  impl.LeaderElection (LeaderElection.java:askForVotes(312)) - b9c7e550-1e67-440a-bf61-dc5bd635558b@group-026CAB4A1F5F-LeaderElection7 ELECTION round 0: result PASSED (term=1)
2022-06-16 16:18:18,207 [b9c7e550-1e67-440a-bf61-dc5bd635558b@group-026CAB4A1F5F-LeaderElection7] INFO  impl.RoleInfo (RoleInfo.java:shutdownLeaderElection(130)) - b9c7e550-1e67-440a-bf61-dc5bd635558b: shutdown b9c7e550-1e67-440a-bf61-dc5bd635558b@group-026CAB4A1F5F-LeaderElection7
2022-06-16 16:18:18,207 [b9c7e550-1e67-440a-bf61-dc5bd635558b@group-026CAB4A1F5F-LeaderElection7] INFO  server.RaftServer$Division (RaftServerImpl.java:setRole(299)) - b9c7e550-1e67-440a-bf61-dc5bd635558b@group-026CAB4A1F5F: changes role from CANDIDATE to LEADER at term 1 for changeToLeader
2022-06-16 16:18:18,207 [b9c7e550-1e67-440a-bf61-dc5bd635558b@group-026CAB4A1F5F-LeaderElection7] INFO  ratis.XceiverServerRatis (XceiverServerRatis.java:handleLeaderChangedNotification(863)) - Leader change notification received for group: group-026CAB4A1F5F with new leaderId: b9c7e550-1e67-440a-bf61-dc5bd635558b
2022-06-16 16:18:18,207 [b9c7e550-1e67-440a-bf61-dc5bd635558b@group-026CAB4A1F5F-LeaderElection7] INFO  server.RaftServer$Division (ServerState.java:setLeader(287)) - b9c7e550-1e67-440a-bf61-dc5bd635558b@group-026CAB4A1F5F: change Leader from null to b9c7e550-1e67-440a-bf61-dc5bd635558b at term 1 for becomeLeader, leader elected after 5069ms
2022-06-16 16:18:18,207 [b9c7e550-1e67-440a-bf61-dc5bd635558b@group-026CAB4A1F5F-LeaderElection7] INFO  server.RaftServerConfigKeys (ConfUtils.java:logGet(46)) - raft.server.staging.catchup.gap = 1000 (default)
2022-06-16 16:18:18,208 [b9c7e550-1e67-440a-bf61-dc5bd635558b@group-026CAB4A1F5F-LeaderElection7] INFO  server.RaftServerConfigKeys (ConfUtils.java:logGet(46)) - raft.server.write.element-limit = 1024 (custom)
2022-06-16 16:18:18,208 [b9c7e550-1e67-440a-bf61-dc5bd635558b@group-026CAB4A1F5F-LeaderElection7] INFO  server.RaftServerConfigKeys (ConfUtils.java:logGet(46)) - raft.server.write.byte-limit = 1024 M (=1073741824) (custom)
2022-06-16 16:18:18,208 [b9c7e550-1e67-440a-bf61-dc5bd635558b@group-026CAB4A1F5F-LeaderElection7] INFO  server.RaftServerConfigKeys (ConfUtils.java:logGet(46)) - raft.server.watch.timeout = 180s (custom)
2022-06-16 16:18:18,208 [b9c7e550-1e67-440a-bf61-dc5bd635558b@group-026CAB4A1F5F-LeaderElection7] INFO  server.RaftServerConfigKeys (ConfUtils.java:logGet(46)) - raft.server.watch.timeout.denomination = 1s (default)
2022-06-16 16:18:18,208 [b9c7e550-1e67-440a-bf61-dc5bd635558b@group-026CAB4A1F5F-LeaderElection7] INFO  server.RaftServerConfigKeys (ConfUtils.java:logGet(46)) - raft.server.watch.element-limit = 65536 (default)
2022-06-16 16:18:18,208 [b9c7e550-1e67-440a-bf61-dc5bd635558b@group-026CAB4A1F5F-LeaderElection7] INFO  server.RaftServerConfigKeys (ConfUtils.java:logGet(46)) - raft.server.write.element-limit = 1024 (custom)
2022-06-16 16:18:18,208 [b9c7e550-1e67-440a-bf61-dc5bd635558b@group-026CAB4A1F5F-LeaderElection7] INFO  server.RaftServerConfigKeys (ConfUtils.java:logGet(46)) - raft.server.write.follower.gap.ratio.max = -1.0 (default)
2022-06-16 16:18:18,208 [b9c7e550-1e67-440a-bf61-dc5bd635558b@group-026CAB4A1F5F-LeaderElection7] INFO  impl.RoleInfo (RoleInfo.java:updateAndGet(139)) - b9c7e550-1e67-440a-bf61-dc5bd635558b: start b9c7e550-1e67-440a-bf61-dc5bd635558b@group-026CAB4A1F5F-LeaderStateImpl
2022-06-16 16:18:18,209 [b9c7e550-1e67-440a-bf61-dc5bd635558b@group-026CAB4A1F5F-LeaderElection7] INFO  segmented.SegmentedRaftLogWorker (SegmentedRaftLogWorker.java:startLogSegment(425)) - b9c7e550-1e67-440a-bf61-dc5bd635558b@group-026CAB4A1F5F-SegmentedRaftLogWorker: Starting segment from index:0
2022-06-16 16:18:18,209 [EventQueue-OpenPipelineForHealthyPipelineSafeModeRule] INFO  safemode.SCMSafeModeManager (HealthyPipelineSafeModeRule.java:process(124)) - SCM in safe mode. Healthy pipelines reported count is 0, required healthy pipeline reported count is 1
2022-06-16 16:18:18,210 [b9c7e550-1e67-440a-bf61-dc5bd635558b@group-026CAB4A1F5F-LeaderElection7] INFO  server.RaftServer$Division (ServerState.java:setRaftConf(393)) - b9c7e550-1e67-440a-bf61-dc5bd635558b@group-026CAB4A1F5F: set configuration 0: [b9c7e550-1e67-440a-bf61-dc5bd635558b|rpc:10.1.0.16:40443|dataStream:|priority:1], old=null
2022-06-16 16:18:18,210 [b9c7e550-1e67-440a-bf61-dc5bd635558b@group-026CAB4A1F5F-SegmentedRaftLogWorker] INFO  segmented.SegmentedRaftLogWorker (SegmentedRaftLogWorker.java:execute(629)) - b9c7e550-1e67-440a-bf61-dc5bd635558b@group-026CAB4A1F5F-SegmentedRaftLogWorker: created new log segment /home/runner/work/ozone/ozone/hadoop-ozone/integration-test/target/test-dir/MiniOzoneClusterImpl-56990420-bd6f-4635-88fd-a0a02cb22c91/datanode-3/data/ratis/f8bd5373-e916-4042-9347-026cab4a1f5f/current/log_inprogress_0
2022-06-16 16:18:18,429 [Listener at 127.0.0.1/37419] INFO  ozone.MiniOzoneClusterImpl (MiniOzoneClusterImpl.java:lambda$waitForClusterToBeReady$0(221)) - Nodes are ready. Got 5 of 5 DN Heartbeats.
2022-06-16 16:18:18,429 [Listener at 127.0.0.1/37419] INFO  ozone.MiniOzoneClusterImpl (MiniOzoneClusterImpl.java:lambda$waitForClusterToBeReady$0(224)) - Waiting for cluster to exit safe mode
2022-06-16 16:18:18,429 [Listener at 127.0.0.1/37419] INFO  ozone.MiniOzoneClusterImpl (MiniOzoneClusterImpl.java:lambda$waitForClusterToBeReady$0(226)) - SCM became leader
2022-06-16 16:18:18,510 [f726d3bf-0416-4b86-8b23-12e086774417@group-1A868973C587-FollowerState] INFO  impl.FollowerState (FollowerState.java:run(143)) - f726d3bf-0416-4b86-8b23-12e086774417@group-1A868973C587-FollowerState: change to CANDIDATE, lastRpcElapsedTime:5060313738ns, electionTimeout:5060ms
2022-06-16 16:18:18,511 [f726d3bf-0416-4b86-8b23-12e086774417@group-1A868973C587-FollowerState] INFO  impl.RoleInfo (RoleInfo.java:shutdownFollowerState(110)) - f726d3bf-0416-4b86-8b23-12e086774417: shutdown f726d3bf-0416-4b86-8b23-12e086774417@group-1A868973C587-FollowerState
2022-06-16 16:18:18,511 [f726d3bf-0416-4b86-8b23-12e086774417@group-1A868973C587-FollowerState] INFO  server.RaftServer$Division (RaftServerImpl.java:setRole(299)) - f726d3bf-0416-4b86-8b23-12e086774417@group-1A868973C587: changes role from  FOLLOWER to CANDIDATE at term 0 for changeToCandidate
2022-06-16 16:18:18,511 [f726d3bf-0416-4b86-8b23-12e086774417@group-1A868973C587-FollowerState] INFO  server.RaftServerConfigKeys (ConfUtils.java:logGet(46)) - raft.server.leaderelection.pre-vote = false (custom)
2022-06-16 16:18:18,511 [f726d3bf-0416-4b86-8b23-12e086774417@group-1A868973C587-FollowerState] INFO  impl.RoleInfo (RoleInfo.java:updateAndGet(139)) - f726d3bf-0416-4b86-8b23-12e086774417: start f726d3bf-0416-4b86-8b23-12e086774417@group-1A868973C587-LeaderElection8
2022-06-16 16:18:18,514 [f726d3bf-0416-4b86-8b23-12e086774417@group-1A868973C587-LeaderElection8] INFO  impl.LeaderElection (LeaderElection.java:askForVotes(310)) - f726d3bf-0416-4b86-8b23-12e086774417@group-1A868973C587-LeaderElection8 ELECTION round 0: submit vote requests at term 1 for -1: [f726d3bf-0416-4b86-8b23-12e086774417|rpc:10.1.0.16:43791|priority:1], old=null
2022-06-16 16:18:18,514 [f726d3bf-0416-4b86-8b23-12e086774417@group-1A868973C587-LeaderElection8] INFO  impl.LeaderElection (LeaderElection.java:askForVotes(312)) - f726d3bf-0416-4b86-8b23-12e086774417@group-1A868973C587-LeaderElection8 ELECTION round 0: result PASSED (term=1)
2022-06-16 16:18:18,514 [f726d3bf-0416-4b86-8b23-12e086774417@group-1A868973C587-LeaderElection8] INFO  impl.RoleInfo (RoleInfo.java:shutdownLeaderElection(130)) - f726d3bf-0416-4b86-8b23-12e086774417: shutdown f726d3bf-0416-4b86-8b23-12e086774417@group-1A868973C587-LeaderElection8
2022-06-16 16:18:18,514 [f726d3bf-0416-4b86-8b23-12e086774417@group-1A868973C587-LeaderElection8] INFO  server.RaftServer$Division (RaftServerImpl.java:setRole(299)) - f726d3bf-0416-4b86-8b23-12e086774417@group-1A868973C587: changes role from CANDIDATE to LEADER at term 1 for changeToLeader
2022-06-16 16:18:18,514 [f726d3bf-0416-4b86-8b23-12e086774417@group-1A868973C587-LeaderElection8] INFO  ratis.XceiverServerRatis (XceiverServerRatis.java:handleLeaderChangedNotification(863)) - Leader change notification received for group: group-1A868973C587 with new leaderId: f726d3bf-0416-4b86-8b23-12e086774417
2022-06-16 16:18:18,514 [f726d3bf-0416-4b86-8b23-12e086774417@group-1A868973C587-LeaderElection8] INFO  server.RaftServer$Division (ServerState.java:setLeader(287)) - f726d3bf-0416-4b86-8b23-12e086774417@group-1A868973C587: change Leader from null to f726d3bf-0416-4b86-8b23-12e086774417 at term 1 for becomeLeader, leader elected after 5071ms
2022-06-16 16:18:18,514 [f726d3bf-0416-4b86-8b23-12e086774417@group-1A868973C587-LeaderElection8] INFO  server.RaftServerConfigKeys (ConfUtils.java:logGet(46)) - raft.server.staging.catchup.gap = 1000 (default)
2022-06-16 16:18:18,514 [f726d3bf-0416-4b86-8b23-12e086774417@group-1A868973C587-LeaderElection8] INFO  server.RaftServerConfigKeys (ConfUtils.java:logGet(46)) - raft.server.write.element-limit = 1024 (custom)
2022-06-16 16:18:18,514 [f726d3bf-0416-4b86-8b23-12e086774417@group-1A868973C587-LeaderElection8] INFO  server.RaftServerConfigKeys (ConfUtils.java:logGet(46)) - raft.server.write.byte-limit = 1024 M (=1073741824) (custom)
2022-06-16 16:18:18,516 [f726d3bf-0416-4b86-8b23-12e086774417@group-1A868973C587-LeaderElection8] INFO  server.RaftServerConfigKeys (ConfUtils.java:logGet(46)) - raft.server.watch.timeout = 180s (custom)
2022-06-16 16:18:18,516 [f726d3bf-0416-4b86-8b23-12e086774417@group-1A868973C587-LeaderElection8] INFO  server.RaftServerConfigKeys (ConfUtils.java:logGet(46)) - raft.server.watch.timeout.denomination = 1s (default)
2022-06-16 16:18:18,517 [f726d3bf-0416-4b86-8b23-12e086774417@group-1A868973C587-LeaderElection8] INFO  server.RaftServerConfigKeys (ConfUtils.java:logGet(46)) - raft.server.watch.element-limit = 65536 (default)
2022-06-16 16:18:18,517 [f726d3bf-0416-4b86-8b23-12e086774417@group-1A868973C587-LeaderElection8] INFO  server.RaftServerConfigKeys (ConfUtils.java:logGet(46)) - raft.server.write.element-limit = 1024 (custom)
2022-06-16 16:18:18,517 [f726d3bf-0416-4b86-8b23-12e086774417@group-1A868973C587-LeaderElection8] INFO  server.RaftServerConfigKeys (ConfUtils.java:logGet(46)) - raft.server.write.follower.gap.ratio.max = -1.0 (default)
2022-06-16 16:18:18,517 [f726d3bf-0416-4b86-8b23-12e086774417@group-1A868973C587-LeaderElection8] INFO  impl.RoleInfo (RoleInfo.java:updateAndGet(139)) - f726d3bf-0416-4b86-8b23-12e086774417: start f726d3bf-0416-4b86-8b23-12e086774417@group-1A868973C587-LeaderStateImpl
2022-06-16 16:18:18,517 [f726d3bf-0416-4b86-8b23-12e086774417@group-1A868973C587-LeaderElection8] INFO  segmented.SegmentedRaftLogWorker (SegmentedRaftLogWorker.java:startLogSegment(425)) - f726d3bf-0416-4b86-8b23-12e086774417@group-1A868973C587-SegmentedRaftLogWorker: Starting segment from index:0
2022-06-16 16:18:18,518 [EventQueue-OpenPipelineForHealthyPipelineSafeModeRule] INFO  safemode.SCMSafeModeManager (HealthyPipelineSafeModeRule.java:process(124)) - SCM in safe mode. Healthy pipelines reported count is 0, required healthy pipeline reported count is 1
2022-06-16 16:18:18,519 [f726d3bf-0416-4b86-8b23-12e086774417@group-1A868973C587-SegmentedRaftLogWorker] INFO  segmented.SegmentedRaftLogWorker (SegmentedRaftLogWorker.java:execute(629)) - f726d3bf-0416-4b86-8b23-12e086774417@group-1A868973C587-SegmentedRaftLogWorker: created new log segment /home/runner/work/ozone/ozone/hadoop-ozone/integration-test/target/test-dir/MiniOzoneClusterImpl-56990420-bd6f-4635-88fd-a0a02cb22c91/datanode-4/data/ratis/7c3df0ea-6b58-4159-b63c-1a868973c587/current/log_inprogress_0
2022-06-16 16:18:18,522 [f726d3bf-0416-4b86-8b23-12e086774417@group-1A868973C587-LeaderElection8] INFO  server.RaftServer$Division (ServerState.java:setRaftConf(393)) - f726d3bf-0416-4b86-8b23-12e086774417@group-1A868973C587: set configuration 0: [f726d3bf-0416-4b86-8b23-12e086774417|rpc:10.1.0.16:43791|dataStream:|priority:1], old=null
2022-06-16 16:18:19,429 [Listener at 127.0.0.1/37419] INFO  ozone.MiniOzoneClusterImpl (MiniOzoneClusterImpl.java:lambda$waitForClusterToBeReady$0(221)) - Nodes are ready. Got 5 of 5 DN Heartbeats.
2022-06-16 16:18:19,430 [Listener at 127.0.0.1/37419] INFO  ozone.MiniOzoneClusterImpl (MiniOzoneClusterImpl.java:lambda$waitForClusterToBeReady$0(224)) - Waiting for cluster to exit safe mode
2022-06-16 16:18:19,430 [Listener at 127.0.0.1/37419] INFO  ozone.MiniOzoneClusterImpl (MiniOzoneClusterImpl.java:lambda$waitForClusterToBeReady$0(226)) - SCM became leader
2022-06-16 16:18:20,430 [Listener at 127.0.0.1/37419] INFO  ozone.MiniOzoneClusterImpl (MiniOzoneClusterImpl.java:lambda$waitForClusterToBeReady$0(221)) - Nodes are ready. Got 5 of 5 DN Heartbeats.
2022-06-16 16:18:20,430 [Listener at 127.0.0.1/37419] INFO  ozone.MiniOzoneClusterImpl (MiniOzoneClusterImpl.java:lambda$waitForClusterToBeReady$0(224)) - Waiting for cluster to exit safe mode
2022-06-16 16:18:20,430 [Listener at 127.0.0.1/37419] INFO  ozone.MiniOzoneClusterImpl (MiniOzoneClusterImpl.java:lambda$waitForClusterToBeReady$0(226)) - SCM became leader
2022-06-16 16:18:21,430 [Listener at 127.0.0.1/37419] INFO  ozone.MiniOzoneClusterImpl (MiniOzoneClusterImpl.java:lambda$waitForClusterToBeReady$0(221)) - Nodes are ready. Got 5 of 5 DN Heartbeats.
2022-06-16 16:18:21,431 [Listener at 127.0.0.1/37419] INFO  ozone.MiniOzoneClusterImpl (MiniOzoneClusterImpl.java:lambda$waitForClusterToBeReady$0(224)) - Waiting for cluster to exit safe mode
2022-06-16 16:18:21,431 [Listener at 127.0.0.1/37419] INFO  ozone.MiniOzoneClusterImpl (MiniOzoneClusterImpl.java:lambda$waitForClusterToBeReady$0(226)) - SCM became leader
2022-06-16 16:18:22,283 [e2d98f8b-d69d-477c-98dc-59bbefea49c2@group-AFE12DF18333-FollowerState] INFO  impl.FollowerState (FollowerState.java:run(143)) - e2d98f8b-d69d-477c-98dc-59bbefea49c2@group-AFE12DF18333-FollowerState: change to CANDIDATE, lastRpcElapsedTime:5079251510ns, electionTimeout:5079ms
2022-06-16 16:18:22,283 [e2d98f8b-d69d-477c-98dc-59bbefea49c2@group-AFE12DF18333-FollowerState] INFO  impl.RoleInfo (RoleInfo.java:shutdownFollowerState(110)) - e2d98f8b-d69d-477c-98dc-59bbefea49c2: shutdown e2d98f8b-d69d-477c-98dc-59bbefea49c2@group-AFE12DF18333-FollowerState
2022-06-16 16:18:22,283 [e2d98f8b-d69d-477c-98dc-59bbefea49c2@group-AFE12DF18333-FollowerState] INFO  server.RaftServer$Division (RaftServerImpl.java:setRole(299)) - e2d98f8b-d69d-477c-98dc-59bbefea49c2@group-AFE12DF18333: changes role from  FOLLOWER to CANDIDATE at term 1 for changeToCandidate
2022-06-16 16:18:22,283 [e2d98f8b-d69d-477c-98dc-59bbefea49c2@group-AFE12DF18333-FollowerState] INFO  server.RaftServerConfigKeys (ConfUtils.java:logGet(46)) - raft.server.leaderelection.pre-vote = false (custom)
2022-06-16 16:18:22,283 [e2d98f8b-d69d-477c-98dc-59bbefea49c2@group-AFE12DF18333-FollowerState] INFO  impl.RoleInfo (RoleInfo.java:updateAndGet(139)) - e2d98f8b-d69d-477c-98dc-59bbefea49c2: start e2d98f8b-d69d-477c-98dc-59bbefea49c2@group-AFE12DF18333-LeaderElection9
2022-06-16 16:18:22,286 [e2d98f8b-d69d-477c-98dc-59bbefea49c2@group-AFE12DF18333-LeaderElection9] INFO  impl.LeaderElection (LeaderElection.java:askForVotes(310)) - e2d98f8b-d69d-477c-98dc-59bbefea49c2@group-AFE12DF18333-LeaderElection9 ELECTION round 0: submit vote requests at term 2 for -1: [7e231c89-b42f-4528-a87d-3801d80fe42a|rpc:10.1.0.16:41481|priority:1, e2d98f8b-d69d-477c-98dc-59bbefea49c2|rpc:10.1.0.16:34489|priority:0, 283ec67f-837e-4418-8153-936cf3dda048|rpc:10.1.0.16:35425|priority:0], old=null
2022-06-16 16:18:22,294 [grpc-default-executor-1] INFO  server.RaftServer$Division (RaftServerImpl.java:requestVote(1152)) - 283ec67f-837e-4418-8153-936cf3dda048@group-AFE12DF18333: receive requestVote(ELECTION, e2d98f8b-d69d-477c-98dc-59bbefea49c2, group-AFE12DF18333, 2, (t:0, i:0))
2022-06-16 16:18:22,294 [grpc-default-executor-0] INFO  server.RaftServer$Division (RaftServerImpl.java:requestVote(1152)) - 7e231c89-b42f-4528-a87d-3801d80fe42a@group-AFE12DF18333: receive requestVote(ELECTION, e2d98f8b-d69d-477c-98dc-59bbefea49c2, group-AFE12DF18333, 2, (t:0, i:0))
2022-06-16 16:18:22,295 [grpc-default-executor-1] INFO  impl.VoteContext (VoteContext.java:log(48)) - 283ec67f-837e-4418-8153-936cf3dda048@group-AFE12DF18333-FOLLOWER: accept ELECTION from e2d98f8b-d69d-477c-98dc-59bbefea49c2: our priority 0 <= candidate's priority 0
2022-06-16 16:18:22,295 [grpc-default-executor-0] INFO  impl.VoteContext (VoteContext.java:log(48)) - 7e231c89-b42f-4528-a87d-3801d80fe42a@group-AFE12DF18333-FOLLOWER: reject ELECTION from e2d98f8b-d69d-477c-98dc-59bbefea49c2: our priority 1 > candidate's priority 0
2022-06-16 16:18:22,295 [grpc-default-executor-1] INFO  server.RaftServer$Division (RaftServerImpl.java:setRole(299)) - 283ec67f-837e-4418-8153-936cf3dda048@group-AFE12DF18333: changes role from  FOLLOWER to FOLLOWER at term 2 for candidate:e2d98f8b-d69d-477c-98dc-59bbefea49c2
2022-06-16 16:18:22,295 [grpc-default-executor-0] INFO  server.RaftServer$Division (RaftServerImpl.java:setRole(299)) - 7e231c89-b42f-4528-a87d-3801d80fe42a@group-AFE12DF18333: changes role from  FOLLOWER to FOLLOWER at term 2 for candidate:e2d98f8b-d69d-477c-98dc-59bbefea49c2
2022-06-16 16:18:22,295 [grpc-default-executor-1] INFO  impl.RoleInfo (RoleInfo.java:shutdownFollowerState(110)) - 283ec67f-837e-4418-8153-936cf3dda048: shutdown 283ec67f-837e-4418-8153-936cf3dda048@group-AFE12DF18333-FollowerState
2022-06-16 16:18:22,295 [grpc-default-executor-0] INFO  impl.RoleInfo (RoleInfo.java:shutdownFollowerState(110)) - 7e231c89-b42f-4528-a87d-3801d80fe42a: shutdown 7e231c89-b42f-4528-a87d-3801d80fe42a@group-AFE12DF18333-FollowerState
2022-06-16 16:18:22,295 [grpc-default-executor-1] INFO  impl.RoleInfo (RoleInfo.java:updateAndGet(139)) - 283ec67f-837e-4418-8153-936cf3dda048: start 283ec67f-837e-4418-8153-936cf3dda048@group-AFE12DF18333-FollowerState
2022-06-16 16:18:22,295 [grpc-default-executor-0] INFO  impl.RoleInfo (RoleInfo.java:updateAndGet(139)) - 7e231c89-b42f-4528-a87d-3801d80fe42a: start 7e231c89-b42f-4528-a87d-3801d80fe42a@group-AFE12DF18333-FollowerState
2022-06-16 16:18:22,295 [283ec67f-837e-4418-8153-936cf3dda048@group-AFE12DF18333-FollowerState] INFO  impl.FollowerState (FollowerState.java:run(152)) - 283ec67f-837e-4418-8153-936cf3dda048@group-AFE12DF18333-FollowerState was interrupted
2022-06-16 16:18:22,295 [7e231c89-b42f-4528-a87d-3801d80fe42a@group-AFE12DF18333-FollowerState] INFO  impl.FollowerState (FollowerState.java:run(152)) - 7e231c89-b42f-4528-a87d-3801d80fe42a@group-AFE12DF18333-FollowerState was interrupted
2022-06-16 16:18:22,303 [grpc-default-executor-1] INFO  server.RaftServer$Division (RaftServerImpl.java:requestVote(1184)) - 283ec67f-837e-4418-8153-936cf3dda048@group-AFE12DF18333 replies to ELECTION vote request: e2d98f8b-d69d-477c-98dc-59bbefea49c2<-283ec67f-837e-4418-8153-936cf3dda048#0:OK-t2. Peer's state: 283ec67f-837e-4418-8153-936cf3dda048@group-AFE12DF18333:t2, leader=null, voted=e2d98f8b-d69d-477c-98dc-59bbefea49c2, raftlog=283ec67f-837e-4418-8153-936cf3dda048@group-AFE12DF18333-SegmentedRaftLog:OPENED:c-1, conf=-1: [7e231c89-b42f-4528-a87d-3801d80fe42a|rpc:10.1.0.16:41481|priority:1, e2d98f8b-d69d-477c-98dc-59bbefea49c2|rpc:10.1.0.16:34489|priority:0, 283ec67f-837e-4418-8153-936cf3dda048|rpc:10.1.0.16:35425|priority:0], old=null
2022-06-16 16:18:22,304 [grpc-default-executor-0] INFO  server.RaftServer$Division (RaftServerImpl.java:requestVote(1184)) - 7e231c89-b42f-4528-a87d-3801d80fe42a@group-AFE12DF18333 replies to ELECTION vote request: e2d98f8b-d69d-477c-98dc-59bbefea49c2<-7e231c89-b42f-4528-a87d-3801d80fe42a#0:FAIL-t2. Peer's state: 7e231c89-b42f-4528-a87d-3801d80fe42a@group-AFE12DF18333:t2, leader=null, voted=null, raftlog=7e231c89-b42f-4528-a87d-3801d80fe42a@group-AFE12DF18333-SegmentedRaftLog:OPENED:c-1, conf=-1: [7e231c89-b42f-4528-a87d-3801d80fe42a|rpc:10.1.0.16:41481|dataStream:|priority:1, e2d98f8b-d69d-477c-98dc-59bbefea49c2|rpc:10.1.0.16:34489|dataStream:|priority:0, 283ec67f-837e-4418-8153-936cf3dda048|rpc:10.1.0.16:35425|dataStream:|priority:0], old=null
2022-06-16 16:18:22,307 [e2d98f8b-d69d-477c-98dc-59bbefea49c2@group-AFE12DF18333-LeaderElection9] INFO  impl.LeaderElection (LeaderElection.java:logAndReturn(90)) - e2d98f8b-d69d-477c-98dc-59bbefea49c2@group-AFE12DF18333-LeaderElection9: ELECTION REJECTED received 2 response(s) and 0 exception(s):
2022-06-16 16:18:22,307 [e2d98f8b-d69d-477c-98dc-59bbefea49c2@group-AFE12DF18333-LeaderElection9] INFO  impl.LeaderElection (LeaderElection.java:logAndReturn(94)) -   Response 0: e2d98f8b-d69d-477c-98dc-59bbefea49c2<-7e231c89-b42f-4528-a87d-3801d80fe42a#0:FAIL-t2
2022-06-16 16:18:22,307 [e2d98f8b-d69d-477c-98dc-59bbefea49c2@group-AFE12DF18333-LeaderElection9] INFO  impl.LeaderElection (LeaderElection.java:logAndReturn(94)) -   Response 1: e2d98f8b-d69d-477c-98dc-59bbefea49c2<-283ec67f-837e-4418-8153-936cf3dda048#0:OK-t2
2022-06-16 16:18:22,307 [e2d98f8b-d69d-477c-98dc-59bbefea49c2@group-AFE12DF18333-LeaderElection9] INFO  impl.LeaderElection (LeaderElection.java:askForVotes(312)) - e2d98f8b-d69d-477c-98dc-59bbefea49c2@group-AFE12DF18333-LeaderElection9 ELECTION round 0: result REJECTED
2022-06-16 16:18:22,307 [e2d98f8b-d69d-477c-98dc-59bbefea49c2@group-AFE12DF18333-LeaderElection9] INFO  server.RaftServer$Division (RaftServerImpl.java:setRole(299)) - e2d98f8b-d69d-477c-98dc-59bbefea49c2@group-AFE12DF18333: changes role from CANDIDATE to FOLLOWER at term 2 for REJECTED
2022-06-16 16:18:22,307 [e2d98f8b-d69d-477c-98dc-59bbefea49c2@group-AFE12DF18333-LeaderElection9] INFO  impl.RoleInfo (RoleInfo.java:shutdownLeaderElection(130)) - e2d98f8b-d69d-477c-98dc-59bbefea49c2: shutdown e2d98f8b-d69d-477c-98dc-59bbefea49c2@group-AFE12DF18333-LeaderElection9
2022-06-16 16:18:22,308 [e2d98f8b-d69d-477c-98dc-59bbefea49c2@group-AFE12DF18333-LeaderElection9] INFO  impl.RoleInfo (RoleInfo.java:updateAndGet(139)) - e2d98f8b-d69d-477c-98dc-59bbefea49c2: start e2d98f8b-d69d-477c-98dc-59bbefea49c2@group-AFE12DF18333-FollowerState
2022-06-16 16:18:22,431 [Listener at 127.0.0.1/37419] INFO  ozone.MiniOzoneClusterImpl (MiniOzoneClusterImpl.java:lambda$waitForClusterToBeReady$0(221)) - Nodes are ready. Got 5 of 5 DN Heartbeats.
2022-06-16 16:18:22,432 [Listener at 127.0.0.1/37419] INFO  ozone.MiniOzoneClusterImpl (MiniOzoneClusterImpl.java:lambda$waitForClusterToBeReady$0(224)) - Waiting for cluster to exit safe mode
2022-06-16 16:18:22,432 [Listener at 127.0.0.1/37419] INFO  ozone.MiniOzoneClusterImpl (MiniOzoneClusterImpl.java:lambda$waitForClusterToBeReady$0(226)) - SCM became leader
2022-06-16 16:18:23,022 [e2d98f8b-d69d-477c-98dc-59bbefea49c2@group-D3004AB1FAFF-FollowerState] INFO  impl.FollowerState (FollowerState.java:run(143)) - e2d98f8b-d69d-477c-98dc-59bbefea49c2@group-D3004AB1FAFF-FollowerState: change to CANDIDATE, lastRpcElapsedTime:5115542365ns, electionTimeout:5109ms
2022-06-16 16:18:23,022 [e2d98f8b-d69d-477c-98dc-59bbefea49c2@group-D3004AB1FAFF-FollowerState] INFO  impl.RoleInfo (RoleInfo.java:shutdownFollowerState(110)) - e2d98f8b-d69d-477c-98dc-59bbefea49c2: shutdown e2d98f8b-d69d-477c-98dc-59bbefea49c2@group-D3004AB1FAFF-FollowerState
2022-06-16 16:18:23,022 [e2d98f8b-d69d-477c-98dc-59bbefea49c2@group-D3004AB1FAFF-FollowerState] INFO  server.RaftServer$Division (RaftServerImpl.java:setRole(299)) - e2d98f8b-d69d-477c-98dc-59bbefea49c2@group-D3004AB1FAFF: changes role from  FOLLOWER to CANDIDATE at term 1 for changeToCandidate
2022-06-16 16:18:23,023 [e2d98f8b-d69d-477c-98dc-59bbefea49c2@group-D3004AB1FAFF-FollowerState] INFO  server.RaftServerConfigKeys (ConfUtils.java:logGet(46)) - raft.server.leaderelection.pre-vote = false (custom)
2022-06-16 16:18:23,023 [e2d98f8b-d69d-477c-98dc-59bbefea49c2@group-D3004AB1FAFF-FollowerState] INFO  impl.RoleInfo (RoleInfo.java:updateAndGet(139)) - e2d98f8b-d69d-477c-98dc-59bbefea49c2: start e2d98f8b-d69d-477c-98dc-59bbefea49c2@group-D3004AB1FAFF-LeaderElection10
2022-06-16 16:18:23,025 [e2d98f8b-d69d-477c-98dc-59bbefea49c2@group-D3004AB1FAFF-LeaderElection10] INFO  impl.LeaderElection (LeaderElection.java:askForVotes(310)) - e2d98f8b-d69d-477c-98dc-59bbefea49c2@group-D3004AB1FAFF-LeaderElection10 ELECTION round 0: submit vote requests at term 2 for -1: [7e231c89-b42f-4528-a87d-3801d80fe42a|rpc:10.1.0.16:41481|dataStream:|priority:0, e2d98f8b-d69d-477c-98dc-59bbefea49c2|rpc:10.1.0.16:34489|dataStream:|priority:1, 283ec67f-837e-4418-8153-936cf3dda048|rpc:10.1.0.16:35425|dataStream:|priority:0], old=null
2022-06-16 16:18:23,028 [grpc-default-executor-1] INFO  server.RaftServer$Division (RaftServerImpl.java:requestVote(1152)) - 7e231c89-b42f-4528-a87d-3801d80fe42a@group-D3004AB1FAFF: receive requestVote(ELECTION, e2d98f8b-d69d-477c-98dc-59bbefea49c2, group-D3004AB1FAFF, 2, (t:0, i:0))
2022-06-16 16:18:23,029 [grpc-default-executor-1] INFO  impl.VoteContext (VoteContext.java:log(48)) - 7e231c89-b42f-4528-a87d-3801d80fe42a@group-D3004AB1FAFF-FOLLOWER: accept ELECTION from e2d98f8b-d69d-477c-98dc-59bbefea49c2: our priority 0 <= candidate's priority 1
2022-06-16 16:18:23,029 [grpc-default-executor-1] INFO  server.RaftServer$Division (RaftServerImpl.java:setRole(299)) - 7e231c89-b42f-4528-a87d-3801d80fe42a@group-D3004AB1FAFF: changes role from  FOLLOWER to FOLLOWER at term 2 for candidate:e2d98f8b-d69d-477c-98dc-59bbefea49c2
2022-06-16 16:18:23,029 [grpc-default-executor-1] INFO  impl.RoleInfo (RoleInfo.java:shutdownFollowerState(110)) - 7e231c89-b42f-4528-a87d-3801d80fe42a: shutdown 7e231c89-b42f-4528-a87d-3801d80fe42a@group-D3004AB1FAFF-FollowerState
2022-06-16 16:18:23,029 [grpc-default-executor-1] INFO  impl.RoleInfo (RoleInfo.java:updateAndGet(139)) - 7e231c89-b42f-4528-a87d-3801d80fe42a: start 7e231c89-b42f-4528-a87d-3801d80fe42a@group-D3004AB1FAFF-FollowerState
2022-06-16 16:18:23,029 [7e231c89-b42f-4528-a87d-3801d80fe42a@group-D3004AB1FAFF-FollowerState] INFO  impl.FollowerState (FollowerState.java:run(152)) - 7e231c89-b42f-4528-a87d-3801d80fe42a@group-D3004AB1FAFF-FollowerState was interrupted
2022-06-16 16:18:23,035 [grpc-default-executor-1] INFO  server.RaftServer$Division (RaftServerImpl.java:requestVote(1184)) - 7e231c89-b42f-4528-a87d-3801d80fe42a@group-D3004AB1FAFF replies to ELECTION vote request: e2d98f8b-d69d-477c-98dc-59bbefea49c2<-7e231c89-b42f-4528-a87d-3801d80fe42a#0:OK-t2. Peer's state: 7e231c89-b42f-4528-a87d-3801d80fe42a@group-D3004AB1FAFF:t2, leader=null, voted=e2d98f8b-d69d-477c-98dc-59bbefea49c2, raftlog=7e231c89-b42f-4528-a87d-3801d80fe42a@group-D3004AB1FAFF-SegmentedRaftLog:OPENED:c-1, conf=-1: [7e231c89-b42f-4528-a87d-3801d80fe42a|rpc:10.1.0.16:41481|dataStream:|priority:0, e2d98f8b-d69d-477c-98dc-59bbefea49c2|rpc:10.1.0.16:34489|dataStream:|priority:1, 283ec67f-837e-4418-8153-936cf3dda048|rpc:10.1.0.16:35425|dataStream:|priority:0], old=null
2022-06-16 16:18:23,037 [e2d98f8b-d69d-477c-98dc-59bbefea49c2@group-D3004AB1FAFF-LeaderElection10] INFO  impl.LeaderElection (LeaderElection.java:logAndReturn(90)) - e2d98f8b-d69d-477c-98dc-59bbefea49c2@group-D3004AB1FAFF-LeaderElection10: ELECTION PASSED received 1 response(s) and 0 exception(s):
2022-06-16 16:18:23,037 [e2d98f8b-d69d-477c-98dc-59bbefea49c2@group-D3004AB1FAFF-LeaderElection10] INFO  impl.LeaderElection (LeaderElection.java:logAndReturn(94)) -   Response 0: e2d98f8b-d69d-477c-98dc-59bbefea49c2<-7e231c89-b42f-4528-a87d-3801d80fe42a#0:OK-t2
2022-06-16 16:18:23,037 [e2d98f8b-d69d-477c-98dc-59bbefea49c2@group-D3004AB1FAFF-LeaderElection10] INFO  impl.LeaderElection (LeaderElection.java:askForVotes(312)) - e2d98f8b-d69d-477c-98dc-59bbefea49c2@group-D3004AB1FAFF-LeaderElection10 ELECTION round 0: result PASSED
2022-06-16 16:18:23,037 [e2d98f8b-d69d-477c-98dc-59bbefea49c2@group-D3004AB1FAFF-LeaderElection10] INFO  impl.RoleInfo (RoleInfo.java:shutdownLeaderElection(130)) - e2d98f8b-d69d-477c-98dc-59bbefea49c2: shutdown e2d98f8b-d69d-477c-98dc-59bbefea49c2@group-D3004AB1FAFF-LeaderElection10
2022-06-16 16:18:23,037 [e2d98f8b-d69d-477c-98dc-59bbefea49c2@group-D3004AB1FAFF-LeaderElection10] INFO  server.RaftServer$Division (RaftServerImpl.java:setRole(299)) - e2d98f8b-d69d-477c-98dc-59bbefea49c2@group-D3004AB1FAFF: changes role from CANDIDATE to LEADER at term 2 for changeToLeader
2022-06-16 16:18:23,037 [e2d98f8b-d69d-477c-98dc-59bbefea49c2@group-D3004AB1FAFF-LeaderElection10] INFO  ratis.XceiverServerRatis (XceiverServerRatis.java:handleLeaderChangedNotification(863)) - Leader change notification received for group: group-D3004AB1FAFF with new leaderId: e2d98f8b-d69d-477c-98dc-59bbefea49c2
2022-06-16 16:18:23,038 [e2d98f8b-d69d-477c-98dc-59bbefea49c2@group-D3004AB1FAFF-LeaderElection10] INFO  server.RaftServer$Division (ServerState.java:setLeader(287)) - e2d98f8b-d69d-477c-98dc-59bbefea49c2@group-D3004AB1FAFF: change Leader from null to e2d98f8b-d69d-477c-98dc-59bbefea49c2 at term 2 for becomeLeader, leader elected after 10258ms
2022-06-16 16:18:23,038 [e2d98f8b-d69d-477c-98dc-59bbefea49c2@group-D3004AB1FAFF-LeaderElection10] INFO  server.RaftServerConfigKeys (ConfUtils.java:logGet(46)) - raft.server.staging.catchup.gap = 1000 (default)
2022-06-16 16:18:23,038 [e2d98f8b-d69d-477c-98dc-59bbefea49c2@group-D3004AB1FAFF-LeaderElection10] INFO  server.RaftServerConfigKeys (ConfUtils.java:logGet(46)) - raft.server.write.element-limit = 1024 (custom)
2022-06-16 16:18:23,038 [e2d98f8b-d69d-477c-98dc-59bbefea49c2@group-D3004AB1FAFF-LeaderElection10] INFO  server.RaftServerConfigKeys (ConfUtils.java:logGet(46)) - raft.server.write.byte-limit = 1024 M (=1073741824) (custom)
2022-06-16 16:18:23,038 [e2d98f8b-d69d-477c-98dc-59bbefea49c2@group-D3004AB1FAFF-LeaderElection10] INFO  server.RaftServerConfigKeys (ConfUtils.java:logGet(46)) - raft.server.watch.timeout = 180s (custom)
2022-06-16 16:18:23,038 [e2d98f8b-d69d-477c-98dc-59bbefea49c2@group-D3004AB1FAFF-LeaderElection10] INFO  server.RaftServerConfigKeys (ConfUtils.java:logGet(46)) - raft.server.watch.timeout.denomination = 1s (default)
2022-06-16 16:18:23,038 [e2d98f8b-d69d-477c-98dc-59bbefea49c2@group-D3004AB1FAFF-LeaderElection10] INFO  server.RaftServerConfigKeys (ConfUtils.java:logGet(46)) - raft.server.watch.element-limit = 65536 (default)
2022-06-16 16:18:23,038 [e2d98f8b-d69d-477c-98dc-59bbefea49c2@group-D3004AB1FAFF-LeaderElection10] INFO  server.RaftServerConfigKeys (ConfUtils.java:logGet(46)) - raft.server.write.element-limit = 1024 (custom)
2022-06-16 16:18:23,038 [e2d98f8b-d69d-477c-98dc-59bbefea49c2@group-D3004AB1FAFF-LeaderElection10] INFO  server.RaftServerConfigKeys (ConfUtils.java:logGet(46)) - raft.server.write.follower.gap.ratio.max = -1.0 (default)
2022-06-16 16:18:23,041 [EventQueue-PipelineReportForPipelineReportHandler] INFO  pipeline.PipelineManagerImpl (PipelineManagerImpl.java:openPipeline(356)) - Pipeline Pipeline[ Id: 239be42f-daa7-4391-89a9-d3004ab1faff, Nodes: e2d98f8b-d69d-477c-98dc-59bbefea49c2{ip: 10.1.0.16, host: fv-az37-268.zqe2tmcsx5vuvjs3sdc4q2yfud.gx.internal.cloudapp.net, ports: [REPLICATION=39447, RATIS=34489, RATIS_ADMIN=34489, RATIS_SERVER=34489, STANDALONE=35461], networkLocation: /default-rack, certSerialId: null, persistedOpState: IN_SERVICE, persistedOpStateExpiryEpochSec: 0}283ec67f-837e-4418-8153-936cf3dda048{ip: 10.1.0.16, host: fv-az37-268.zqe2tmcsx5vuvjs3sdc4q2yfud.gx.internal.cloudapp.net, ports: [REPLICATION=42509, RATIS=35425, RATIS_ADMIN=35425, RATIS_SERVER=35425, STANDALONE=39637], networkLocation: /default-rack, certSerialId: null, persistedOpState: IN_SERVICE, persistedOpStateExpiryEpochSec: 0}7e231c89-b42f-4528-a87d-3801d80fe42a{ip: 10.1.0.16, host: fv-az37-268.zqe2tmcsx5vuvjs3sdc4q2yfud.gx.internal.cloudapp.net, ports: [REPLICATION=33669, RATIS=41481, RATIS_ADMIN=41481, RATIS_SERVER=41481, STANDALONE=36283], networkLocation: /default-rack, certSerialId: null, persistedOpState: IN_SERVICE, persistedOpStateExpiryEpochSec: 0}, ReplicationConfig: RATIS/THREE, State:ALLOCATED, leaderId:e2d98f8b-d69d-477c-98dc-59bbefea49c2, CreationTimestamp2022-06-16T16:18:09.855Z[Etc/UTC]] moved to OPEN state
2022-06-16 16:18:23,041 [EventQueue-OpenPipelineForHealthyPipelineSafeModeRule] INFO  safemode.SCMSafeModeManager (HealthyPipelineSafeModeRule.java:process(124)) - SCM in safe mode. Healthy pipelines reported count is 0, required healthy pipeline reported count is 1
2022-06-16 16:18:23,042 [EventQueue-OpenPipelineForHealthyPipelineSafeModeRule] INFO  safemode.SCMSafeModeManager (HealthyPipelineSafeModeRule.java:process(124)) - SCM in safe mode. Healthy pipelines reported count is 1, required healthy pipeline reported count is 1
2022-06-16 16:18:23,042 [EventQueue-OpenPipelineForHealthyPipelineSafeModeRule] INFO  safemode.SCMSafeModeManager (SCMSafeModeManager.java:validateSafeModeExitRules(204)) - HealthyPipelineSafeModeRule rule is successfully validated
2022-06-16 16:18:23,042 [EventQueue-OpenPipelineForHealthyPipelineSafeModeRule] INFO  safemode.SCMSafeModeManager (SCMSafeModeManager.java:validateSafeModeExitRules(219)) - ScmSafeModeManager, all rules are successfully validated
2022-06-16 16:18:23,042 [EventQueue-OpenPipelineForHealthyPipelineSafeModeRule] INFO  safemode.SCMSafeModeManager (SCMSafeModeManager.java:exitSafeMode(248)) - SCM exiting safe mode.
2022-06-16 16:18:23,042 [EventQueue-OpenPipelineForHealthyPipelineSafeModeRule] WARN  events.EventQueue (EventQueue.java:fireEvent(194)) - No event handler registered for event TypedEvent{payloadType=SafeModeStatus, name='Safe mode status'}
2022-06-16 16:18:23,042 [EventQueue-OpenPipelineForHealthyPipelineSafeModeRule] INFO  ha.SCMContext (SCMContext.java:updateSafeModeStatus(228)) - Update SafeModeStatus from SafeModeStatus{safeModeStatus=true, preCheckPassed=true} to SafeModeStatus{safeModeStatus=false, preCheckPassed=true}.
2022-06-16 16:18:23,042 [EventQueue-OpenPipelineForHealthyPipelineSafeModeRule] INFO  pipeline.BackgroundPipelineCreator (BackgroundPipelineCreator.java:notifyStatusChanged(251)) - Service BackgroundPipelineCreator transitions to RUNNING.
2022-06-16 16:18:23,043 [EventQueue-OpenPipelineForHealthyPipelineSafeModeRule] INFO  BackgroundPipelineScrubber (BackgroundSCMService.java:notifyStatusChanged(82)) - Service BackgroundPipelineScrubber transitions to RUNNING.
2022-06-16 16:18:23,043 [EventQueue-OpenPipelineForHealthyPipelineSafeModeRule] INFO  ExpiredContainerReplicaOpScrubber (BackgroundSCMService.java:notifyStatusChanged(82)) - Service ExpiredContainerReplicaOpScrubber transitions to RUNNING.
2022-06-16 16:18:23,043 [EventQueue-OpenPipelineForHealthyPipelineSafeModeRule] INFO  replication.ReplicationManager (ReplicationManager.java:notifyStatusChanged(372)) - Service ReplicationManager transitions to RUNNING.
2022-06-16 16:18:23,043 [EventQueue-OpenPipelineForHealthyPipelineSafeModeRule] WARN  balancer.ContainerBalancer (ContainerBalancer.java:shouldRun(875)) - Could not find persisted configuration for ContainerBalancer when checking if ContainerBalancer should run. ContainerBalancer should not run now.
2022-06-16 16:18:23,042 [grpc-default-executor-1] INFO  server.RaftServer$Division (RaftServerImpl.java:requestVote(1152)) - 283ec67f-837e-4418-8153-936cf3dda048@group-D3004AB1FAFF: receive requestVote(ELECTION, e2d98f8b-d69d-477c-98dc-59bbefea49c2, group-D3004AB1FAFF, 2, (t:0, i:0))
2022-06-16 16:18:23,049 [grpc-default-executor-1] INFO  impl.VoteContext (VoteContext.java:log(48)) - 283ec67f-837e-4418-8153-936cf3dda048@group-D3004AB1FAFF-FOLLOWER: accept ELECTION from e2d98f8b-d69d-477c-98dc-59bbefea49c2: our priority 0 <= candidate's priority 1
2022-06-16 16:18:23,049 [grpc-default-executor-1] INFO  server.RaftServer$Division (RaftServerImpl.java:setRole(299)) - 283ec67f-837e-4418-8153-936cf3dda048@group-D3004AB1FAFF: changes role from  FOLLOWER to FOLLOWER at term 2 for candidate:e2d98f8b-d69d-477c-98dc-59bbefea49c2
2022-06-16 16:18:23,049 [grpc-default-executor-1] INFO  impl.RoleInfo (RoleInfo.java:shutdownFollowerState(110)) - 283ec67f-837e-4418-8153-936cf3dda048: shutdown 283ec67f-837e-4418-8153-936cf3dda048@group-D3004AB1FAFF-FollowerState
2022-06-16 16:18:23,049 [e2d98f8b-d69d-477c-98dc-59bbefea49c2@group-D3004AB1FAFF-LeaderElection10] INFO  server.RaftServerConfigKeys (ConfUtils.java:logGet(46)) - raft.server.log.appender.snapshot.chunk.size.max = 16MB (=16777216) (default)
2022-06-16 16:18:23,049 [283ec67f-837e-4418-8153-936cf3dda048@group-D3004AB1FAFF-FollowerState] INFO  impl.FollowerState (FollowerState.java:run(152)) - 283ec67f-837e-4418-8153-936cf3dda048@group-D3004AB1FAFF-FollowerState was interrupted
2022-06-16 16:18:23,049 [grpc-default-executor-1] INFO  impl.RoleInfo (RoleInfo.java:updateAndGet(139)) - 283ec67f-837e-4418-8153-936cf3dda048: start 283ec67f-837e-4418-8153-936cf3dda048@group-D3004AB1FAFF-FollowerState
2022-06-16 16:18:23,055 [e2d98f8b-d69d-477c-98dc-59bbefea49c2@group-D3004AB1FAFF-LeaderElection10] INFO  server.RaftServerConfigKeys (ConfUtils.java:logGet(46)) - raft.server.log.appender.buffer.byte-limit = 33554432 (custom)
2022-06-16 16:18:23,055 [e2d98f8b-d69d-477c-98dc-59bbefea49c2@group-D3004AB1FAFF-LeaderElection10] INFO  server.RaftServerConfigKeys (ConfUtils.java:logGet(46)) - raft.server.log.appender.buffer.element-limit = 1 (custom)
2022-06-16 16:18:23,056 [grpc-default-executor-1] INFO  server.RaftServer$Division (RaftServerImpl.java:requestVote(1184)) - 283ec67f-837e-4418-8153-936cf3dda048@group-D3004AB1FAFF replies to ELECTION vote request: e2d98f8b-d69d-477c-98dc-59bbefea49c2<-283ec67f-837e-4418-8153-936cf3dda048#0:OK-t2. Peer's state: 283ec67f-837e-4418-8153-936cf3dda048@group-D3004AB1FAFF:t2, leader=null, voted=e2d98f8b-d69d-477c-98dc-59bbefea49c2, raftlog=283ec67f-837e-4418-8153-936cf3dda048@group-D3004AB1FAFF-SegmentedRaftLog:OPENED:c-1, conf=-1: [7e231c89-b42f-4528-a87d-3801d80fe42a|rpc:10.1.0.16:41481|priority:0, e2d98f8b-d69d-477c-98dc-59bbefea49c2|rpc:10.1.0.16:34489|priority:1, 283ec67f-837e-4418-8153-936cf3dda048|rpc:10.1.0.16:35425|priority:0], old=null
2022-06-16 16:18:23,059 [e2d98f8b-d69d-477c-98dc-59bbefea49c2@group-D3004AB1FAFF-LeaderElection10] INFO  grpc.GrpcConfigKeys (ConfUtils.java:logGet(46)) - raft.grpc.server.leader.outstanding.appends.max = 128 (default)
2022-06-16 16:18:23,059 [e2d98f8b-d69d-477c-98dc-59bbefea49c2@group-D3004AB1FAFF-LeaderElection10] INFO  server.RaftServerConfigKeys (ConfUtils.java:logGet(46)) - raft.server.rpc.request.timeout = 60s (custom)
2022-06-16 16:18:23,059 [e2d98f8b-d69d-477c-98dc-59bbefea49c2@group-D3004AB1FAFF-LeaderElection10] INFO  server.RaftServerConfigKeys (ConfUtils.java:logGet(46)) - raft.server.log.appender.install.snapshot.enabled = false (custom)
2022-06-16 16:18:23,061 [e2d98f8b-d69d-477c-98dc-59bbefea49c2@group-D3004AB1FAFF-LeaderElection10] INFO  server.RaftServerConfigKeys (ConfUtils.java:logGet(46)) - raft.server.log.appender.snapshot.chunk.size.max = 16MB (=16777216) (default)
2022-06-16 16:18:23,061 [e2d98f8b-d69d-477c-98dc-59bbefea49c2@group-D3004AB1FAFF-LeaderElection10] INFO  server.RaftServerConfigKeys (ConfUtils.java:logGet(46)) - raft.server.log.appender.buffer.byte-limit = 33554432 (custom)
2022-06-16 16:18:23,061 [e2d98f8b-d69d-477c-98dc-59bbefea49c2@group-D3004AB1FAFF-LeaderElection10] INFO  server.RaftServerConfigKeys (ConfUtils.java:logGet(46)) - raft.server.log.appender.buffer.element-limit = 1 (custom)
2022-06-16 16:18:23,061 [e2d98f8b-d69d-477c-98dc-59bbefea49c2@group-D3004AB1FAFF-LeaderElection10] INFO  grpc.GrpcConfigKeys (ConfUtils.java:logGet(46)) - raft.grpc.server.leader.outstanding.appends.max = 128 (default)
2022-06-16 16:18:23,061 [e2d98f8b-d69d-477c-98dc-59bbefea49c2@group-D3004AB1FAFF-LeaderElection10] INFO  server.RaftServerConfigKeys (ConfUtils.java:logGet(46)) - raft.server.rpc.request.timeout = 60s (custom)
2022-06-16 16:18:23,061 [e2d98f8b-d69d-477c-98dc-59bbefea49c2@group-D3004AB1FAFF-LeaderElection10] INFO  server.RaftServerConfigKeys (ConfUtils.java:logGet(46)) - raft.server.log.appender.install.snapshot.enabled = false (custom)
2022-06-16 16:18:23,062 [e2d98f8b-d69d-477c-98dc-59bbefea49c2@group-D3004AB1FAFF-LeaderElection10] INFO  impl.RoleInfo (RoleInfo.java:updateAndGet(139)) - e2d98f8b-d69d-477c-98dc-59bbefea49c2: start e2d98f8b-d69d-477c-98dc-59bbefea49c2@group-D3004AB1FAFF-LeaderStateImpl
2022-06-16 16:18:23,063 [e2d98f8b-d69d-477c-98dc-59bbefea49c2@group-D3004AB1FAFF-LeaderElection10] INFO  segmented.SegmentedRaftLogWorker (SegmentedRaftLogWorker.java:startLogSegment(425)) - e2d98f8b-d69d-477c-98dc-59bbefea49c2@group-D3004AB1FAFF-SegmentedRaftLogWorker: Starting segment from index:0
2022-06-16 16:18:23,064 [e2d98f8b-d69d-477c-98dc-59bbefea49c2@group-D3004AB1FAFF-SegmentedRaftLogWorker] INFO  segmented.SegmentedRaftLogWorker (SegmentedRaftLogWorker.java:execute(629)) - e2d98f8b-d69d-477c-98dc-59bbefea49c2@group-D3004AB1FAFF-SegmentedRaftLogWorker: created new log segment /home/runner/work/ozone/ozone/hadoop-ozone/integration-test/target/test-dir/MiniOzoneClusterImpl-56990420-bd6f-4635-88fd-a0a02cb22c91/datanode-0/data/ratis/239be42f-daa7-4391-89a9-d3004ab1faff/current/log_inprogress_0
2022-06-16 16:18:23,071 [e2d98f8b-d69d-477c-98dc-59bbefea49c2@group-D3004AB1FAFF-LeaderElection10] INFO  server.RaftServer$Division (ServerState.java:setRaftConf(393)) - e2d98f8b-d69d-477c-98dc-59bbefea49c2@group-D3004AB1FAFF: set configuration 0: [7e231c89-b42f-4528-a87d-3801d80fe42a|rpc:10.1.0.16:41481|dataStream:|priority:0, e2d98f8b-d69d-477c-98dc-59bbefea49c2|rpc:10.1.0.16:34489|dataStream:|priority:1, 283ec67f-837e-4418-8153-936cf3dda048|rpc:10.1.0.16:35425|dataStream:|priority:0], old=null
2022-06-16 16:18:23,086 [7e231c89-b42f-4528-a87d-3801d80fe42a-server-thread1] INFO  ratis.XceiverServerRatis (XceiverServerRatis.java:handleLeaderChangedNotification(863)) - Leader change notification received for group: group-D3004AB1FAFF with new leaderId: e2d98f8b-d69d-477c-98dc-59bbefea49c2
2022-06-16 16:18:23,086 [7e231c89-b42f-4528-a87d-3801d80fe42a-server-thread1] INFO  server.RaftServer$Division (ServerState.java:setLeader(287)) - 7e231c89-b42f-4528-a87d-3801d80fe42a@group-D3004AB1FAFF: change Leader from null to e2d98f8b-d69d-477c-98dc-59bbefea49c2 at term 2 for appendEntries, leader elected after 10267ms
2022-06-16 16:18:23,095 [283ec67f-837e-4418-8153-936cf3dda048-server-thread1] INFO  ratis.XceiverServerRatis (XceiverServerRatis.java:handleLeaderChangedNotification(863)) - Leader change notification received for group: group-D3004AB1FAFF with new leaderId: e2d98f8b-d69d-477c-98dc-59bbefea49c2
2022-06-16 16:18:23,095 [283ec67f-837e-4418-8153-936cf3dda048-server-thread1] INFO  server.RaftServer$Division (ServerState.java:setLeader(287)) - 283ec67f-837e-4418-8153-936cf3dda048@group-D3004AB1FAFF: change Leader from null to e2d98f8b-d69d-477c-98dc-59bbefea49c2 at term 2 for appendEntries, leader elected after 10371ms
2022-06-16 16:18:23,102 [7e231c89-b42f-4528-a87d-3801d80fe42a-server-thread1] INFO  server.RaftServer$Division (ServerState.java:setRaftConf(393)) - 7e231c89-b42f-4528-a87d-3801d80fe42a@group-D3004AB1FAFF: set configuration 0: [7e231c89-b42f-4528-a87d-3801d80fe42a|rpc:10.1.0.16:41481|dataStream:|priority:0, e2d98f8b-d69d-477c-98dc-59bbefea49c2|rpc:10.1.0.16:34489|dataStream:|priority:1, 283ec67f-837e-4418-8153-936cf3dda048|rpc:10.1.0.16:35425|dataStream:|priority:0], old=null
2022-06-16 16:18:23,102 [7e231c89-b42f-4528-a87d-3801d80fe42a-server-thread1] INFO  segmented.SegmentedRaftLogWorker (SegmentedRaftLogWorker.java:startLogSegment(425)) - 7e231c89-b42f-4528-a87d-3801d80fe42a@group-D3004AB1FAFF-SegmentedRaftLogWorker: Starting segment from index:0
2022-06-16 16:18:23,104 [7e231c89-b42f-4528-a87d-3801d80fe42a@group-D3004AB1FAFF-SegmentedRaftLogWorker] INFO  segmented.SegmentedRaftLogWorker (SegmentedRaftLogWorker.java:execute(629)) - 7e231c89-b42f-4528-a87d-3801d80fe42a@group-D3004AB1FAFF-SegmentedRaftLogWorker: created new log segment /home/runner/work/ozone/ozone/hadoop-ozone/integration-test/target/test-dir/MiniOzoneClusterImpl-56990420-bd6f-4635-88fd-a0a02cb22c91/datanode-2/data/ratis/239be42f-daa7-4391-89a9-d3004ab1faff/current/log_inprogress_0
2022-06-16 16:18:23,106 [283ec67f-837e-4418-8153-936cf3dda048-server-thread1] INFO  server.RaftServer$Division (ServerState.java:setRaftConf(393)) - 283ec67f-837e-4418-8153-936cf3dda048@group-D3004AB1FAFF: set configuration 0: [7e231c89-b42f-4528-a87d-3801d80fe42a|rpc:10.1.0.16:41481|dataStream:|priority:0, e2d98f8b-d69d-477c-98dc-59bbefea49c2|rpc:10.1.0.16:34489|dataStream:|priority:1, 283ec67f-837e-4418-8153-936cf3dda048|rpc:10.1.0.16:35425|dataStream:|priority:0], old=null
2022-06-16 16:18:23,106 [283ec67f-837e-4418-8153-936cf3dda048-server-thread1] INFO  segmented.SegmentedRaftLogWorker (SegmentedRaftLogWorker.java:startLogSegment(425)) - 283ec67f-837e-4418-8153-936cf3dda048@group-D3004AB1FAFF-SegmentedRaftLogWorker: Starting segment from index:0
2022-06-16 16:18:23,109 [283ec67f-837e-4418-8153-936cf3dda048@group-D3004AB1FAFF-SegmentedRaftLogWorker] INFO  segmented.SegmentedRaftLogWorker (SegmentedRaftLogWorker.java:execute(629)) - 283ec67f-837e-4418-8153-936cf3dda048@group-D3004AB1FAFF-SegmentedRaftLogWorker: created new log segment /home/runner/work/ozone/ozone/hadoop-ozone/integration-test/target/test-dir/MiniOzoneClusterImpl-56990420-bd6f-4635-88fd-a0a02cb22c91/datanode-1/data/ratis/239be42f-daa7-4391-89a9-d3004ab1faff/current/log_inprogress_0
2022-06-16 16:18:23,432 [Listener at 127.0.0.1/37419] INFO  ozone.MiniOzoneClusterImpl (MiniOzoneClusterImpl.java:lambda$waitForClusterToBeReady$0(221)) - Nodes are ready. Got 5 of 5 DN Heartbeats.
2022-06-16 16:18:23,432 [Listener at 127.0.0.1/37419] INFO  ozone.MiniOzoneClusterImpl (MiniOzoneClusterImpl.java:lambda$waitForClusterToBeReady$0(224)) - Cluster exits safe mode
2022-06-16 16:18:23,432 [Listener at 127.0.0.1/37419] INFO  ozone.MiniOzoneClusterImpl (MiniOzoneClusterImpl.java:lambda$waitForClusterToBeReady$0(226)) - SCM became leader
2022-06-16 16:18:24,061 [Time-limited test] INFO  rpc.RpcClient (RpcClient.java:createVolume(466)) - Creating Volume: volume94779, with user58059 as owner and space quota set to -1 bytes, counts quota set to -1
2022-06-16 16:18:24,101 [OM StateMachine ApplyTransaction Thread - 0] INFO  volume.OMVolumeCreateRequest (OMVolumeCreateRequest.java:validateAndUpdateCache(195)) - created volume:volume94779 for user:user58059
2022-06-16 16:18:24,116 [Time-limited test] INFO  rpc.RpcClient (RpcClient.java:createBucket(666)) - Creating Bucket: volume94779/bucket39049, with the Bucket Layout LEGACY, runner as owner, Versioning false, Storage Type set to DISK and Encryption set to false 
2022-06-16 16:18:24,137 [OM StateMachine ApplyTransaction Thread - 0] INFO  bucket.OMBucketCreateRequest (OMBucketCreateRequest.java:validateAndUpdateCache(260)) - created bucket: bucket39049 of layout LEGACY in volume: volume94779
2022-06-16 16:18:24,251 [IPC Server handler 8 on default port 36515] INFO  ha.SequenceIdGenerator (SequenceIdGenerator.java:getNextId(127)) - Allocate a batch for containerId, change lastId from 0 to 1000.
2022-06-16 16:18:24,265 [IPC Server handler 8 on default port 36515] WARN  ha.SequenceIdGenerator (SequenceIdGenerator.java:allocateBatch(235)) - Failed to allocate a batch for localId, expected lastId is 0, actual lastId is 109611004723200000.
2022-06-16 16:18:24,266 [IPC Server handler 8 on default port 36515] INFO  ha.SequenceIdGenerator (SequenceIdGenerator.java:getNextId(127)) - Allocate a batch for localId, change lastId from 109611004723200000 to 109611004723201000.
16:18:24.336 [IPC Server handler 4 on default port 37419] ERROR OMAudit - user=runner | ip=127.0.0.1 | op=GET_FILE_STATUS {volume=volume94779, bucket=bucket39049, key=dir859/file1, dataSize=0, replicationConfig=null} | ret=FAILURE
org.apache.hadoop.ozone.om.exceptions.OMException: Unable to get file status: volume: volume94779 bucket: bucket39049 key: dir859/file1
	at org.apache.hadoop.ozone.om.KeyManagerImpl.getOzoneFileStatus(KeyManagerImpl.java:1283) ~[ozone-manager-1.3.0-SNAPSHOT.jar:?]
	at org.apache.hadoop.ozone.om.KeyManagerImpl.getFileStatus(KeyManagerImpl.java:1213) ~[ozone-manager-1.3.0-SNAPSHOT.jar:?]
	at org.apache.hadoop.ozone.om.OzoneManager.getFileStatus(OzoneManager.java:3419) ~[ozone-manager-1.3.0-SNAPSHOT.jar:?]
	at org.apache.hadoop.ozone.protocolPB.OzoneManagerRequestHandler.getOzoneFileStatus(OzoneManagerRequestHandler.java:871) ~[ozone-manager-1.3.0-SNAPSHOT.jar:?]
	at org.apache.hadoop.ozone.protocolPB.OzoneManagerRequestHandler.handleReadRequest(OzoneManagerRequestHandler.java:217) ~[ozone-manager-1.3.0-SNAPSHOT.jar:?]
	at org.apache.hadoop.ozone.protocolPB.OzoneManagerProtocolServerSideTranslatorPB.submitReadRequestToOM(OzoneManagerProtocolServerSideTranslatorPB.java:225) ~[ozone-manager-1.3.0-SNAPSHOT.jar:?]
	at org.apache.hadoop.ozone.protocolPB.OzoneManagerProtocolServerSideTranslatorPB.processRequest(OzoneManagerProtocolServerSideTranslatorPB.java:175) ~[ozone-manager-1.3.0-SNAPSHOT.jar:?]
	at org.apache.hadoop.hdds.server.OzoneProtocolMessageDispatcher.processRequest(OzoneProtocolMessageDispatcher.java:87) [hdds-server-framework-1.3.0-SNAPSHOT.jar:?]
	at org.apache.hadoop.ozone.protocolPB.OzoneManagerProtocolServerSideTranslatorPB.submitRequest(OzoneManagerProtocolServerSideTranslatorPB.java:147) [ozone-manager-1.3.0-SNAPSHOT.jar:?]
	at org.apache.hadoop.ozone.protocol.proto.OzoneManagerProtocolProtos$OzoneManagerService$2.callBlockingMethod(OzoneManagerProtocolProtos.java) [ozone-interface-client-1.3.0-SNAPSHOT.jar:?]
	at org.apache.hadoop.ipc.ProtobufRpcEngine$Server.processCall(ProtobufRpcEngine.java:466) [hadoop-common-3.3.1.jar:?]
	at org.apache.hadoop.ipc.ProtobufRpcEngine2$Server$ProtoBufRpcInvoker.call(ProtobufRpcEngine2.java:574) [hadoop-common-3.3.1.jar:?]
	at org.apache.hadoop.ipc.ProtobufRpcEngine2$Server$ProtoBufRpcInvoker.call(ProtobufRpcEngine2.java:552) [hadoop-common-3.3.1.jar:?]
	at org.apache.hadoop.ipc.RPC$Server.call(RPC.java:1093) [hadoop-common-3.3.1.jar:?]
	at org.apache.hadoop.ipc.Server$RpcCall.run(Server.java:1035) [hadoop-common-3.3.1.jar:?]
	at org.apache.hadoop.ipc.Server$RpcCall.run(Server.java:963) [hadoop-common-3.3.1.jar:?]
	at java.security.AccessController.doPrivileged(Native Method) ~[?:1.8.0_332]
	at javax.security.auth.Subject.doAs(Subject.java:422) [?:1.8.0_332]
	at org.apache.hadoop.security.UserGroupInformation.doAs(UserGroupInformation.java:1878) [hadoop-common-3.3.1.jar:?]
	at org.apache.hadoop.ipc.Server$Handler.run(Server.java:2966) [hadoop-common-3.3.1.jar:?]
]]></system-out>
  </testcase>
  <testcase name="testRenameFile" classname="TestRootedOzoneFileSystem" time="0.361">
    <system-out><![CDATA[2022-06-16 16:18:40,514 [Listener at 127.0.0.1/37419] INFO  ozone.MiniOzoneClusterImpl (MiniOzoneClusterImpl.java:shutdown(456)) - Shutting down the Mini Ozone Cluster
2022-06-16 16:18:40,515 [Listener at 127.0.0.1/37419] INFO  ozone.MiniOzoneClusterImpl (MiniOzoneClusterImpl.java:stop(471)) - Stopping the Mini Ozone Cluster
2022-06-16 16:18:40,515 [Listener at 127.0.0.1/37419] INFO  ozone.MiniOzoneClusterImpl (MiniOzoneClusterImpl.java:stopOM(553)) - Stopping the OzoneManager
2022-06-16 16:18:40,515 [Listener at 127.0.0.1/37419] INFO  om.OzoneManager (OzoneManager.java:stop(2020)) - om1[localhost:0]: Stopping Ozone Manager
2022-06-16 16:18:40,515 [Listener at 127.0.0.1/37419] INFO  ipc.Server (Server.java:stop(3414)) - Stopping server on 37419
2022-06-16 16:18:40,519 [IPC Server Responder] INFO  ipc.Server (Server.java:run(1512)) - Stopping IPC Server Responder
2022-06-16 16:18:40,520 [IPC Server listener on 0] INFO  ipc.Server (Server.java:run(1376)) - Stopping IPC Server listener on 0
2022-06-16 16:18:40,521 [Listener at 127.0.0.1/37419] INFO  server.RaftServer (RaftServerProxy.java:lambda$close$7(398)) - om1: close
2022-06-16 16:18:40,522 [Listener at 127.0.0.1/37419] INFO  server.RaftServer$Division (RaftServerImpl.java:lambda$close$4(434)) - om1@group-C5BA1605619E: shutdown
2022-06-16 16:18:40,522 [Listener at 127.0.0.1/37419] INFO  util.JmxRegister (JmxRegister.java:unregister(73)) - Successfully un-registered JMX Bean with object name Ratis:service=RaftServer,group=group-C5BA1605619E,id=om1
2022-06-16 16:18:40,522 [Listener at 127.0.0.1/37419] INFO  impl.RoleInfo (RoleInfo.java:shutdownLeaderState(93)) - om1: shutdown om1@group-C5BA1605619E-LeaderStateImpl
2022-06-16 16:18:40,523 [Listener at 127.0.0.1/37419] INFO  impl.PendingRequests (PendingRequests.java:sendNotLeaderResponses(282)) - om1@group-C5BA1605619E-PendingRequests: sendNotLeaderResponses
2022-06-16 16:18:40,525 [Listener at 127.0.0.1/37419] INFO  impl.StateMachineUpdater (StateMachineUpdater.java:stopAndJoin(153)) - om1@group-C5BA1605619E-StateMachineUpdater: set stopIndex = 6816
2022-06-16 16:18:40,525 [om1@group-C5BA1605619E-StateMachineUpdater] INFO  ratis.OzoneManagerStateMachine (OzoneManagerStateMachine.java:takeSnapshot(441)) - Current Snapshot Index (t:1, i:6816)
2022-06-16 16:18:40,526 [om1@group-C5BA1605619E-StateMachineUpdater] INFO  impl.StateMachineUpdater (StateMachineUpdater.java:takeSnapshot(287)) - om1@group-C5BA1605619E-StateMachineUpdater: Took a snapshot at index 6816
2022-06-16 16:18:40,527 [om1@group-C5BA1605619E-StateMachineUpdater] INFO  impl.StateMachineUpdater (StateMachineUpdater.java:lambda$new$0(92)) - om1@group-C5BA1605619E-StateMachineUpdater: snapshotIndex: updateIncreasingly -1 -> 6816
2022-06-16 16:18:40,527 [om1@group-C5BA1605619E-StateMachineUpdater] INFO  ratis.OzoneManagerStateMachine (OzoneManagerStateMachine.java:close(495)) - StateMachine has shutdown. Shutdown OzoneManager if not already shutdown.
2022-06-16 16:18:40,527 [om1@group-C5BA1605619E-StateMachineUpdater] INFO  ratis.OzoneManagerDoubleBuffer (OzoneManagerDoubleBuffer.java:stop(465)) - Stopping OMDoubleBuffer flush thread
2022-06-16 16:18:40,527 [OMDoubleBufferFlushThread] INFO  ratis.OzoneManagerDoubleBuffer (OzoneManagerDoubleBuffer.java:flushTransactions(385)) - OMDoubleBuffer flush thread OMDoubleBufferFlushThread is interrupted and will exit.
2022-06-16 16:18:40,528 [Listener at 127.0.0.1/37419] INFO  server.RaftServer$Division (ServerState.java:close(429)) - om1@group-C5BA1605619E: closes. applyIndex: 6816
2022-06-16 16:18:40,531 [om1@group-C5BA1605619E-SegmentedRaftLogWorker] INFO  segmented.SegmentedRaftLogWorker (SegmentedRaftLogWorker.java:run(336)) - om1@group-C5BA1605619E-SegmentedRaftLogWorker was interrupted, exiting. There are 0 tasks remaining in the queue.
2022-06-16 16:18:40,533 [Listener at 127.0.0.1/37419] INFO  segmented.SegmentedRaftLogWorker (SegmentedRaftLogWorker.java:close(246)) - om1@group-C5BA1605619E-SegmentedRaftLogWorker close()
2022-06-16 16:18:40,534 [Listener at 127.0.0.1/37419] INFO  server.GrpcService (GrpcService.java:closeImpl(269)) - om1: shutdown server with port 9872 now
2022-06-16 16:18:40,540 [Listener at 127.0.0.1/37419] INFO  server.GrpcService (GrpcService.java:closeImpl(278)) - om1: shutdown server with port 9872 successfully
2022-06-16 16:18:40,541 [org.apache.ratis.util.JvmPauseMonitor$$Lambda$611/1702991963@791930f8] INFO  util.JvmPauseMonitor (JvmPauseMonitor.java:run(109)) - JvmPauseMonitor-om1: Stopped
2022-06-16 16:18:40,541 [Listener at 127.0.0.1/37419] INFO  ratis.OzoneManagerStateMachine (OzoneManagerStateMachine.java:close(495)) - StateMachine has shutdown. Shutdown OzoneManager if not already shutdown.
2022-06-16 16:18:40,541 [Listener at 127.0.0.1/37419] INFO  ratis.OzoneManagerDoubleBuffer (OzoneManagerDoubleBuffer.java:stop(477)) - OMDoubleBuffer flush thread is not running.
2022-06-16 16:18:40,541 [Listener at 127.0.0.1/37419] INFO  utils.BackgroundService (BackgroundService.java:shutdown(132)) - Shutting down service KeyDeletingService
2022-06-16 16:18:40,541 [Listener at 127.0.0.1/37419] INFO  utils.BackgroundService (BackgroundService.java:shutdown(132)) - Shutting down service DirectoryDeletingService
2022-06-16 16:18:40,543 [Listener at 127.0.0.1/37419] INFO  handler.ContextHandler (ContextHandler.java:doStop(1153)) - Stopped o.e.j.w.WebAppContext@722479ba{ozoneManager,/,null,STOPPED}{file:/home/runner/work/ozone/ozone/hadoop-ozone/integration-test/target/test-classes/webapps/ozoneManager}
2022-06-16 16:18:40,546 [Listener at 127.0.0.1/37419] INFO  server.AbstractConnector (AbstractConnector.java:doStop(381)) - Stopped ServerConnector@45b4135{HTTP/1.1, (http/1.1)}{0.0.0.0:0}
2022-06-16 16:18:40,547 [Listener at 127.0.0.1/37419] INFO  server.session (HouseKeeper.java:stopScavenging(149)) - node0 Stopped scavenging
2022-06-16 16:18:40,547 [Listener at 127.0.0.1/37419] INFO  handler.ContextHandler (ContextHandler.java:doStop(1153)) - Stopped o.e.j.s.ServletContextHandler@43eb053e{static,/static,file:///home/runner/work/ozone/ozone/hadoop-ozone/integration-test/target/test-classes/webapps/static,STOPPED}
2022-06-16 16:18:40,547 [Listener at 127.0.0.1/37419] INFO  handler.ContextHandler (ContextHandler.java:doStop(1153)) - Stopped o.e.j.s.ServletContextHandler@1bfca85c{logs,/logs,file:///home/runner/work/ozone/ozone/hadoop-ozone/integration-test/target/log,STOPPED}
2022-06-16 16:18:40,548 [Trash Emptier] ERROR util.ExitUtils (ExitUtils.java:terminate(133)) - Terminating with exit status -1: Thread[Trash Emptier,5,main] has thrown an uncaught exception
java.lang.UnsupportedOperationException: fs.getUri() not implemented in TrashOzoneFileSystem
	at org.apache.hadoop.ozone.om.TrashOzoneFileSystem.getUri(TrashOzoneFileSystem.java:125)
	at org.apache.hadoop.fs.FileSystem.close(FileSystem.java:2592)
	at org.apache.hadoop.ozone.om.TrashPolicyOzone$Emptier.run(TrashPolicyOzone.java:243)
	at java.lang.Thread.run(Thread.java:750)
2022-06-16 16:18:40,551 [Listener at 127.0.0.1/37419] INFO  ozone.MiniOzoneClusterImpl (MiniOzoneClusterImpl.java:stopDatanodes(530)) - Stopping the HddsDatanodes
2022-06-16 16:18:45,553 [Listener at 127.0.0.1/37419] INFO  ozoneimpl.OzoneContainer (OzoneContainer.java:stop(365)) - Attempting to stop container services.
2022-06-16 16:18:45,554 [ForkJoinPool.commonPool-worker-0] INFO  ozoneimpl.OzoneContainer (OzoneContainer.java:stop(365)) - Attempting to stop container services.
2022-06-16 16:18:45,557 [Listener at 127.0.0.1/37419] INFO  server.RaftServer (RaftServerProxy.java:lambda$close$7(398)) - 7e231c89-b42f-4528-a87d-3801d80fe42a: close
2022-06-16 16:18:45,557 [ForkJoinPool.commonPool-worker-0] INFO  server.RaftServer (RaftServerProxy.java:lambda$close$7(398)) - 283ec67f-837e-4418-8153-936cf3dda048: close
2022-06-16 16:18:45,557 [Listener at 127.0.0.1/37419] INFO  server.RaftServer$Division (RaftServerImpl.java:lambda$close$4(434)) - 7e231c89-b42f-4528-a87d-3801d80fe42a@group-AFE12DF18333: shutdown
2022-06-16 16:18:45,557 [ForkJoinPool.commonPool-worker-0] INFO  server.RaftServer$Division (RaftServerImpl.java:lambda$close$4(434)) - 283ec67f-837e-4418-8153-936cf3dda048@group-AFE12DF18333: shutdown
2022-06-16 16:18:45,557 [Listener at 127.0.0.1/37419] INFO  util.JmxRegister (JmxRegister.java:unregister(73)) - Successfully un-registered JMX Bean with object name Ratis:service=RaftServer,group=group-AFE12DF18333,id=7e231c89-b42f-4528-a87d-3801d80fe42a
2022-06-16 16:18:45,557 [ForkJoinPool.commonPool-worker-0] INFO  util.JmxRegister (JmxRegister.java:unregister(73)) - Successfully un-registered JMX Bean with object name Ratis:service=RaftServer,group=group-AFE12DF18333,id=283ec67f-837e-4418-8153-936cf3dda048
2022-06-16 16:18:45,557 [ForkJoinPool.commonPool-worker-0] INFO  impl.RoleInfo (RoleInfo.java:shutdownFollowerState(110)) - 283ec67f-837e-4418-8153-936cf3dda048: shutdown 283ec67f-837e-4418-8153-936cf3dda048@group-AFE12DF18333-FollowerState
2022-06-16 16:18:45,557 [Listener at 127.0.0.1/37419] INFO  impl.RoleInfo (RoleInfo.java:shutdownLeaderState(93)) - 7e231c89-b42f-4528-a87d-3801d80fe42a: shutdown 7e231c89-b42f-4528-a87d-3801d80fe42a@group-AFE12DF18333-LeaderStateImpl
2022-06-16 16:18:45,558 [283ec67f-837e-4418-8153-936cf3dda048@group-AFE12DF18333-StateMachineUpdater] INFO  ratis.ContainerStateMachine (ContainerStateMachine.java:takeSnapshot(304)) - group-AFE12DF18333: Taking a snapshot at:(t:5, i:0) file /home/runner/work/ozone/ozone/hadoop-ozone/integration-test/target/test-dir/MiniOzoneClusterImpl-56990420-bd6f-4635-88fd-a0a02cb22c91/datanode-1/data/ratis/193d5ef9-d0dd-4d6c-9e57-afe12df18333/sm/snapshot.5_0
2022-06-16 16:18:45,558 [283ec67f-837e-4418-8153-936cf3dda048@group-AFE12DF18333-FollowerState] INFO  impl.FollowerState (FollowerState.java:run(152)) - 283ec67f-837e-4418-8153-936cf3dda048@group-AFE12DF18333-FollowerState was interrupted
2022-06-16 16:18:45,558 [ForkJoinPool.commonPool-worker-0] INFO  impl.StateMachineUpdater (StateMachineUpdater.java:stopAndJoin(153)) - 283ec67f-837e-4418-8153-936cf3dda048@group-AFE12DF18333-StateMachineUpdater: set stopIndex = 0
2022-06-16 16:18:45,562 [7e231c89-b42f-4528-a87d-3801d80fe42a@group-AFE12DF18333->e2d98f8b-d69d-477c-98dc-59bbefea49c2-GrpcLogAppender-LogAppenderDaemon] WARN  server.GrpcLogAppender (GrpcLogAppender.java:mayWait(171)) - 7e231c89-b42f-4528-a87d-3801d80fe42a@group-AFE12DF18333->e2d98f8b-d69d-477c-98dc-59bbefea49c2-GrpcLogAppender: Wait interrupted by java.lang.InterruptedException
2022-06-16 16:18:45,564 [grpc-default-executor-2] INFO  server.GrpcServerProtocolService (GrpcServerProtocolService.java:onCompleted(140)) - e2d98f8b-d69d-477c-98dc-59bbefea49c2: Completed APPEND_ENTRIES, lastRequest: 7e231c89-b42f-4528-a87d-3801d80fe42a->e2d98f8b-d69d-477c-98dc-59bbefea49c2#1-t5,previous=(t:0, i:0),leaderCommit=0,initializing? true,entries: size=1, first=(t:5, i:0), CONFIGURATIONENTRY
2022-06-16 16:18:45,564 [grpc-default-executor-1] INFO  server.GrpcLogAppender (GrpcLogAppender.java:onCompleted(339)) - 7e231c89-b42f-4528-a87d-3801d80fe42a@group-AFE12DF18333->e2d98f8b-d69d-477c-98dc-59bbefea49c2-AppendLogResponseHandler: follower responses appendEntries COMPLETED
2022-06-16 16:18:45,566 [Listener at 127.0.0.1/37419] INFO  impl.PendingRequests (PendingRequests.java:sendNotLeaderResponses(282)) - 7e231c89-b42f-4528-a87d-3801d80fe42a@group-AFE12DF18333-PendingRequests: sendNotLeaderResponses
2022-06-16 16:18:45,567 [7e231c89-b42f-4528-a87d-3801d80fe42a@group-AFE12DF18333-StateMachineUpdater] INFO  ratis.ContainerStateMachine (ContainerStateMachine.java:takeSnapshot(304)) - group-AFE12DF18333: Taking a snapshot at:(t:5, i:0) file /home/runner/work/ozone/ozone/hadoop-ozone/integration-test/target/test-dir/MiniOzoneClusterImpl-56990420-bd6f-4635-88fd-a0a02cb22c91/datanode-2/data/ratis/193d5ef9-d0dd-4d6c-9e57-afe12df18333/sm/snapshot.5_0
2022-06-16 16:18:45,567 [Listener at 127.0.0.1/37419] INFO  impl.StateMachineUpdater (StateMachineUpdater.java:stopAndJoin(153)) - 7e231c89-b42f-4528-a87d-3801d80fe42a@group-AFE12DF18333-StateMachineUpdater: set stopIndex = 0
2022-06-16 16:18:45,567 [7e231c89-b42f-4528-a87d-3801d80fe42a@group-AFE12DF18333->283ec67f-837e-4418-8153-936cf3dda048-GrpcLogAppender-LogAppenderDaemon] WARN  server.GrpcLogAppender (GrpcLogAppender.java:mayWait(171)) - 7e231c89-b42f-4528-a87d-3801d80fe42a@group-AFE12DF18333->283ec67f-837e-4418-8153-936cf3dda048-GrpcLogAppender: Wait interrupted by java.lang.InterruptedException
2022-06-16 16:18:45,567 [grpc-default-executor-2] INFO  server.GrpcServerProtocolService (GrpcServerProtocolService.java:onCompleted(140)) - 283ec67f-837e-4418-8153-936cf3dda048: Completed APPEND_ENTRIES, lastRequest: 7e231c89-b42f-4528-a87d-3801d80fe42a->283ec67f-837e-4418-8153-936cf3dda048#1-t5,previous=(t:0, i:0),leaderCommit=0,initializing? true,entries: size=1, first=(t:5, i:0), CONFIGURATIONENTRY
2022-06-16 16:18:45,568 [grpc-default-executor-1] INFO  leader.FollowerInfo (FollowerInfoImpl.java:lambda$new$0(48)) - 7e231c89-b42f-4528-a87d-3801d80fe42a@group-AFE12DF18333->e2d98f8b-d69d-477c-98dc-59bbefea49c2: nextIndex: updateUnconditionally 1 -> 0
2022-06-16 16:18:45,568 [grpc-default-executor-1] INFO  server.GrpcLogAppender (GrpcLogAppender.java:onCompleted(339)) - 7e231c89-b42f-4528-a87d-3801d80fe42a@group-AFE12DF18333->283ec67f-837e-4418-8153-936cf3dda048-AppendLogResponseHandler: follower responses appendEntries COMPLETED
2022-06-16 16:18:45,569 [grpc-default-executor-1] INFO  leader.FollowerInfo (FollowerInfoImpl.java:lambda$new$0(48)) - 7e231c89-b42f-4528-a87d-3801d80fe42a@group-AFE12DF18333->283ec67f-837e-4418-8153-936cf3dda048: nextIndex: updateUnconditionally 1 -> 0
2022-06-16 16:18:45,590 [7e231c89-b42f-4528-a87d-3801d80fe42a@group-AFE12DF18333-StateMachineUpdater] INFO  ratis.ContainerStateMachine (ContainerStateMachine.java:takeSnapshot(315)) - group-AFE12DF18333: Finished taking a snapshot at:(t:5, i:0) file:/home/runner/work/ozone/ozone/hadoop-ozone/integration-test/target/test-dir/MiniOzoneClusterImpl-56990420-bd6f-4635-88fd-a0a02cb22c91/datanode-2/data/ratis/193d5ef9-d0dd-4d6c-9e57-afe12df18333/sm/snapshot.5_0 took: 23 ms
2022-06-16 16:18:45,592 [7e231c89-b42f-4528-a87d-3801d80fe42a@group-AFE12DF18333-StateMachineUpdater] INFO  impl.StateMachineUpdater (StateMachineUpdater.java:takeSnapshot(287)) - 7e231c89-b42f-4528-a87d-3801d80fe42a@group-AFE12DF18333-StateMachineUpdater: Took a snapshot at index 0
2022-06-16 16:18:45,592 [7e231c89-b42f-4528-a87d-3801d80fe42a@group-AFE12DF18333-StateMachineUpdater] INFO  impl.StateMachineUpdater (StateMachineUpdater.java:lambda$new$0(92)) - 7e231c89-b42f-4528-a87d-3801d80fe42a@group-AFE12DF18333-StateMachineUpdater: snapshotIndex: updateIncreasingly -1 -> 0
2022-06-16 16:18:45,594 [283ec67f-837e-4418-8153-936cf3dda048@group-AFE12DF18333-StateMachineUpdater] INFO  ratis.ContainerStateMachine (ContainerStateMachine.java:takeSnapshot(315)) - group-AFE12DF18333: Finished taking a snapshot at:(t:5, i:0) file:/home/runner/work/ozone/ozone/hadoop-ozone/integration-test/target/test-dir/MiniOzoneClusterImpl-56990420-bd6f-4635-88fd-a0a02cb22c91/datanode-1/data/ratis/193d5ef9-d0dd-4d6c-9e57-afe12df18333/sm/snapshot.5_0 took: 36 ms
2022-06-16 16:18:45,594 [283ec67f-837e-4418-8153-936cf3dda048@group-AFE12DF18333-StateMachineUpdater] INFO  impl.StateMachineUpdater (StateMachineUpdater.java:takeSnapshot(287)) - 283ec67f-837e-4418-8153-936cf3dda048@group-AFE12DF18333-StateMachineUpdater: Took a snapshot at index 0
2022-06-16 16:18:45,594 [283ec67f-837e-4418-8153-936cf3dda048@group-AFE12DF18333-StateMachineUpdater] INFO  impl.StateMachineUpdater (StateMachineUpdater.java:lambda$new$0(92)) - 283ec67f-837e-4418-8153-936cf3dda048@group-AFE12DF18333-StateMachineUpdater: snapshotIndex: updateIncreasingly -1 -> 0
2022-06-16 16:18:45,596 [ForkJoinPool.commonPool-worker-0] INFO  server.RaftServer$Division (ServerState.java:close(429)) - 283ec67f-837e-4418-8153-936cf3dda048@group-AFE12DF18333: closes. applyIndex: 0
2022-06-16 16:18:45,596 [Listener at 127.0.0.1/37419] INFO  server.RaftServer$Division (ServerState.java:close(429)) - 7e231c89-b42f-4528-a87d-3801d80fe42a@group-AFE12DF18333: closes. applyIndex: 0
2022-06-16 16:18:45,596 [283ec67f-837e-4418-8153-936cf3dda048@group-AFE12DF18333-SegmentedRaftLogWorker] INFO  segmented.SegmentedRaftLogWorker (SegmentedRaftLogWorker.java:run(336)) - 283ec67f-837e-4418-8153-936cf3dda048@group-AFE12DF18333-SegmentedRaftLogWorker was interrupted, exiting. There are 0 tasks remaining in the queue.
2022-06-16 16:18:45,596 [7e231c89-b42f-4528-a87d-3801d80fe42a@group-AFE12DF18333-SegmentedRaftLogWorker] INFO  segmented.SegmentedRaftLogWorker (SegmentedRaftLogWorker.java:run(336)) - 7e231c89-b42f-4528-a87d-3801d80fe42a@group-AFE12DF18333-SegmentedRaftLogWorker was interrupted, exiting. There are 0 tasks remaining in the queue.
2022-06-16 16:18:45,597 [Listener at 127.0.0.1/37419] INFO  segmented.SegmentedRaftLogWorker (SegmentedRaftLogWorker.java:close(246)) - 7e231c89-b42f-4528-a87d-3801d80fe42a@group-AFE12DF18333-SegmentedRaftLogWorker close()
2022-06-16 16:18:45,597 [ForkJoinPool.commonPool-worker-0] INFO  segmented.SegmentedRaftLogWorker (SegmentedRaftLogWorker.java:close(246)) - 283ec67f-837e-4418-8153-936cf3dda048@group-AFE12DF18333-SegmentedRaftLogWorker close()
2022-06-16 16:18:45,597 [Listener at 127.0.0.1/37419] INFO  server.RaftServer$Division (RaftServerImpl.java:lambda$close$4(434)) - 7e231c89-b42f-4528-a87d-3801d80fe42a@group-D3004AB1FAFF: shutdown
2022-06-16 16:18:45,597 [Listener at 127.0.0.1/37419] INFO  util.JmxRegister (JmxRegister.java:unregister(73)) - Successfully un-registered JMX Bean with object name Ratis:service=RaftServer,group=group-D3004AB1FAFF,id=7e231c89-b42f-4528-a87d-3801d80fe42a
2022-06-16 16:18:45,597 [Listener at 127.0.0.1/37419] INFO  impl.RoleInfo (RoleInfo.java:shutdownFollowerState(110)) - 7e231c89-b42f-4528-a87d-3801d80fe42a: shutdown 7e231c89-b42f-4528-a87d-3801d80fe42a@group-D3004AB1FAFF-FollowerState
2022-06-16 16:18:45,598 [Listener at 127.0.0.1/37419] INFO  impl.StateMachineUpdater (StateMachineUpdater.java:stopAndJoin(153)) - 7e231c89-b42f-4528-a87d-3801d80fe42a@group-D3004AB1FAFF-StateMachineUpdater: set stopIndex = 32
2022-06-16 16:18:45,598 [7e231c89-b42f-4528-a87d-3801d80fe42a@group-D3004AB1FAFF-FollowerState] INFO  impl.FollowerState (FollowerState.java:run(152)) - 7e231c89-b42f-4528-a87d-3801d80fe42a@group-D3004AB1FAFF-FollowerState was interrupted
2022-06-16 16:18:45,598 [7e231c89-b42f-4528-a87d-3801d80fe42a@group-D3004AB1FAFF-StateMachineUpdater] INFO  ratis.ContainerStateMachine (ContainerStateMachine.java:takeSnapshot(304)) - group-D3004AB1FAFF: Taking a snapshot at:(t:2, i:32) file /home/runner/work/ozone/ozone/hadoop-ozone/integration-test/target/test-dir/MiniOzoneClusterImpl-56990420-bd6f-4635-88fd-a0a02cb22c91/datanode-2/data/ratis/239be42f-daa7-4391-89a9-d3004ab1faff/sm/snapshot.2_32
2022-06-16 16:18:45,601 [ForkJoinPool.commonPool-worker-0] INFO  server.RaftServer$Division (RaftServerImpl.java:lambda$close$4(434)) - 283ec67f-837e-4418-8153-936cf3dda048@group-6D7ABDBDB760: shutdown
2022-06-16 16:18:45,601 [ForkJoinPool.commonPool-worker-0] INFO  util.JmxRegister (JmxRegister.java:unregister(73)) - Successfully un-registered JMX Bean with object name Ratis:service=RaftServer,group=group-6D7ABDBDB760,id=283ec67f-837e-4418-8153-936cf3dda048
2022-06-16 16:18:45,601 [ForkJoinPool.commonPool-worker-0] INFO  impl.RoleInfo (RoleInfo.java:shutdownLeaderState(93)) - 283ec67f-837e-4418-8153-936cf3dda048: shutdown 283ec67f-837e-4418-8153-936cf3dda048@group-6D7ABDBDB760-LeaderStateImpl
2022-06-16 16:18:45,601 [ForkJoinPool.commonPool-worker-0] INFO  impl.PendingRequests (PendingRequests.java:sendNotLeaderResponses(282)) - 283ec67f-837e-4418-8153-936cf3dda048@group-6D7ABDBDB760-PendingRequests: sendNotLeaderResponses
2022-06-16 16:18:45,602 [ForkJoinPool.commonPool-worker-0] INFO  impl.StateMachineUpdater (StateMachineUpdater.java:stopAndJoin(153)) - 283ec67f-837e-4418-8153-936cf3dda048@group-6D7ABDBDB760-StateMachineUpdater: set stopIndex = 0
2022-06-16 16:18:45,602 [7e231c89-b42f-4528-a87d-3801d80fe42a@group-D3004AB1FAFF-StateMachineUpdater] INFO  ratis.ContainerStateMachine (ContainerStateMachine.java:takeSnapshot(315)) - group-D3004AB1FAFF: Finished taking a snapshot at:(t:2, i:32) file:/home/runner/work/ozone/ozone/hadoop-ozone/integration-test/target/test-dir/MiniOzoneClusterImpl-56990420-bd6f-4635-88fd-a0a02cb22c91/datanode-2/data/ratis/239be42f-daa7-4391-89a9-d3004ab1faff/sm/snapshot.2_32 took: 4 ms
2022-06-16 16:18:45,602 [283ec67f-837e-4418-8153-936cf3dda048@group-6D7ABDBDB760-StateMachineUpdater] INFO  ratis.ContainerStateMachine (ContainerStateMachine.java:takeSnapshot(304)) - group-6D7ABDBDB760: Taking a snapshot at:(t:1, i:0) file /home/runner/work/ozone/ozone/hadoop-ozone/integration-test/target/test-dir/MiniOzoneClusterImpl-56990420-bd6f-4635-88fd-a0a02cb22c91/datanode-1/data/ratis/57835314-be8d-45cc-b7f5-6d7abdbdb760/sm/snapshot.1_0
2022-06-16 16:18:45,602 [7e231c89-b42f-4528-a87d-3801d80fe42a@group-D3004AB1FAFF-StateMachineUpdater] INFO  impl.StateMachineUpdater (StateMachineUpdater.java:takeSnapshot(287)) - 7e231c89-b42f-4528-a87d-3801d80fe42a@group-D3004AB1FAFF-StateMachineUpdater: Took a snapshot at index 32
2022-06-16 16:18:45,603 [7e231c89-b42f-4528-a87d-3801d80fe42a@group-D3004AB1FAFF-StateMachineUpdater] INFO  impl.StateMachineUpdater (StateMachineUpdater.java:lambda$new$0(92)) - 7e231c89-b42f-4528-a87d-3801d80fe42a@group-D3004AB1FAFF-StateMachineUpdater: snapshotIndex: updateIncreasingly -1 -> 32
2022-06-16 16:18:45,603 [283ec67f-837e-4418-8153-936cf3dda048@group-6D7ABDBDB760-StateMachineUpdater] INFO  ratis.ContainerStateMachine (ContainerStateMachine.java:takeSnapshot(315)) - group-6D7ABDBDB760: Finished taking a snapshot at:(t:1, i:0) file:/home/runner/work/ozone/ozone/hadoop-ozone/integration-test/target/test-dir/MiniOzoneClusterImpl-56990420-bd6f-4635-88fd-a0a02cb22c91/datanode-1/data/ratis/57835314-be8d-45cc-b7f5-6d7abdbdb760/sm/snapshot.1_0 took: 1 ms
2022-06-16 16:18:45,603 [283ec67f-837e-4418-8153-936cf3dda048@group-6D7ABDBDB760-StateMachineUpdater] INFO  impl.StateMachineUpdater (StateMachineUpdater.java:takeSnapshot(287)) - 283ec67f-837e-4418-8153-936cf3dda048@group-6D7ABDBDB760-StateMachineUpdater: Took a snapshot at index 0
2022-06-16 16:18:45,603 [283ec67f-837e-4418-8153-936cf3dda048@group-6D7ABDBDB760-StateMachineUpdater] INFO  impl.StateMachineUpdater (StateMachineUpdater.java:lambda$new$0(92)) - 283ec67f-837e-4418-8153-936cf3dda048@group-6D7ABDBDB760-StateMachineUpdater: snapshotIndex: updateIncreasingly -1 -> 0
2022-06-16 16:18:45,603 [ForkJoinPool.commonPool-worker-0] INFO  server.RaftServer$Division (ServerState.java:close(429)) - 283ec67f-837e-4418-8153-936cf3dda048@group-6D7ABDBDB760: closes. applyIndex: 0
2022-06-16 16:18:45,604 [283ec67f-837e-4418-8153-936cf3dda048@group-6D7ABDBDB760-SegmentedRaftLogWorker] INFO  segmented.SegmentedRaftLogWorker (SegmentedRaftLogWorker.java:run(336)) - 283ec67f-837e-4418-8153-936cf3dda048@group-6D7ABDBDB760-SegmentedRaftLogWorker was interrupted, exiting. There are 0 tasks remaining in the queue.
2022-06-16 16:18:45,604 [ForkJoinPool.commonPool-worker-0] INFO  segmented.SegmentedRaftLogWorker (SegmentedRaftLogWorker.java:close(246)) - 283ec67f-837e-4418-8153-936cf3dda048@group-6D7ABDBDB760-SegmentedRaftLogWorker close()
2022-06-16 16:18:45,604 [ForkJoinPool.commonPool-worker-0] INFO  server.RaftServer$Division (RaftServerImpl.java:lambda$close$4(434)) - 283ec67f-837e-4418-8153-936cf3dda048@group-D3004AB1FAFF: shutdown
2022-06-16 16:18:45,604 [ForkJoinPool.commonPool-worker-0] INFO  util.JmxRegister (JmxRegister.java:unregister(73)) - Successfully un-registered JMX Bean with object name Ratis:service=RaftServer,group=group-D3004AB1FAFF,id=283ec67f-837e-4418-8153-936cf3dda048
2022-06-16 16:18:45,605 [ForkJoinPool.commonPool-worker-0] INFO  impl.RoleInfo (RoleInfo.java:shutdownFollowerState(110)) - 283ec67f-837e-4418-8153-936cf3dda048: shutdown 283ec67f-837e-4418-8153-936cf3dda048@group-D3004AB1FAFF-FollowerState
2022-06-16 16:18:45,605 [ForkJoinPool.commonPool-worker-0] INFO  impl.StateMachineUpdater (StateMachineUpdater.java:stopAndJoin(153)) - 283ec67f-837e-4418-8153-936cf3dda048@group-D3004AB1FAFF-StateMachineUpdater: set stopIndex = 32
2022-06-16 16:18:45,605 [283ec67f-837e-4418-8153-936cf3dda048@group-D3004AB1FAFF-FollowerState] INFO  impl.FollowerState (FollowerState.java:run(152)) - 283ec67f-837e-4418-8153-936cf3dda048@group-D3004AB1FAFF-FollowerState was interrupted
2022-06-16 16:18:45,605 [283ec67f-837e-4418-8153-936cf3dda048@group-D3004AB1FAFF-StateMachineUpdater] INFO  ratis.ContainerStateMachine (ContainerStateMachine.java:takeSnapshot(304)) - group-D3004AB1FAFF: Taking a snapshot at:(t:2, i:32) file /home/runner/work/ozone/ozone/hadoop-ozone/integration-test/target/test-dir/MiniOzoneClusterImpl-56990420-bd6f-4635-88fd-a0a02cb22c91/datanode-1/data/ratis/239be42f-daa7-4391-89a9-d3004ab1faff/sm/snapshot.2_32
2022-06-16 16:18:45,605 [Listener at 127.0.0.1/37419] INFO  server.RaftServer$Division (ServerState.java:close(429)) - 7e231c89-b42f-4528-a87d-3801d80fe42a@group-D3004AB1FAFF: closes. applyIndex: 32
2022-06-16 16:18:45,605 [7e231c89-b42f-4528-a87d-3801d80fe42a@group-D3004AB1FAFF-SegmentedRaftLogWorker] INFO  segmented.SegmentedRaftLogWorker (SegmentedRaftLogWorker.java:run(336)) - 7e231c89-b42f-4528-a87d-3801d80fe42a@group-D3004AB1FAFF-SegmentedRaftLogWorker was interrupted, exiting. There are 0 tasks remaining in the queue.
2022-06-16 16:18:45,606 [Listener at 127.0.0.1/37419] INFO  segmented.SegmentedRaftLogWorker (SegmentedRaftLogWorker.java:close(246)) - 7e231c89-b42f-4528-a87d-3801d80fe42a@group-D3004AB1FAFF-SegmentedRaftLogWorker close()
2022-06-16 16:18:45,607 [Listener at 127.0.0.1/37419] INFO  server.RaftServer$Division (RaftServerImpl.java:lambda$close$4(434)) - 7e231c89-b42f-4528-a87d-3801d80fe42a@group-7DF6974B43E8: shutdown
2022-06-16 16:18:45,607 [Listener at 127.0.0.1/37419] INFO  util.JmxRegister (JmxRegister.java:unregister(73)) - Successfully un-registered JMX Bean with object name Ratis:service=RaftServer,group=group-7DF6974B43E8,id=7e231c89-b42f-4528-a87d-3801d80fe42a
2022-06-16 16:18:45,607 [Listener at 127.0.0.1/37419] INFO  impl.RoleInfo (RoleInfo.java:shutdownLeaderState(93)) - 7e231c89-b42f-4528-a87d-3801d80fe42a: shutdown 7e231c89-b42f-4528-a87d-3801d80fe42a@group-7DF6974B43E8-LeaderStateImpl
2022-06-16 16:18:45,607 [Listener at 127.0.0.1/37419] INFO  impl.PendingRequests (PendingRequests.java:sendNotLeaderResponses(282)) - 7e231c89-b42f-4528-a87d-3801d80fe42a@group-7DF6974B43E8-PendingRequests: sendNotLeaderResponses
2022-06-16 16:18:45,608 [283ec67f-837e-4418-8153-936cf3dda048@group-D3004AB1FAFF-StateMachineUpdater] INFO  ratis.ContainerStateMachine (ContainerStateMachine.java:takeSnapshot(315)) - group-D3004AB1FAFF: Finished taking a snapshot at:(t:2, i:32) file:/home/runner/work/ozone/ozone/hadoop-ozone/integration-test/target/test-dir/MiniOzoneClusterImpl-56990420-bd6f-4635-88fd-a0a02cb22c91/datanode-1/data/ratis/239be42f-daa7-4391-89a9-d3004ab1faff/sm/snapshot.2_32 took: 3 ms
2022-06-16 16:18:45,608 [283ec67f-837e-4418-8153-936cf3dda048@group-D3004AB1FAFF-StateMachineUpdater] INFO  impl.StateMachineUpdater (StateMachineUpdater.java:takeSnapshot(287)) - 283ec67f-837e-4418-8153-936cf3dda048@group-D3004AB1FAFF-StateMachineUpdater: Took a snapshot at index 32
2022-06-16 16:18:45,608 [283ec67f-837e-4418-8153-936cf3dda048@group-D3004AB1FAFF-StateMachineUpdater] INFO  impl.StateMachineUpdater (StateMachineUpdater.java:lambda$new$0(92)) - 283ec67f-837e-4418-8153-936cf3dda048@group-D3004AB1FAFF-StateMachineUpdater: snapshotIndex: updateIncreasingly -1 -> 32
2022-06-16 16:18:45,608 [7e231c89-b42f-4528-a87d-3801d80fe42a@group-7DF6974B43E8-StateMachineUpdater] INFO  ratis.ContainerStateMachine (ContainerStateMachine.java:takeSnapshot(304)) - group-7DF6974B43E8: Taking a snapshot at:(t:1, i:0) file /home/runner/work/ozone/ozone/hadoop-ozone/integration-test/target/test-dir/MiniOzoneClusterImpl-56990420-bd6f-4635-88fd-a0a02cb22c91/datanode-2/data/ratis/f339d521-0028-4168-bf17-7df6974b43e8/sm/snapshot.1_0
2022-06-16 16:18:45,609 [Listener at 127.0.0.1/37419] INFO  impl.StateMachineUpdater (StateMachineUpdater.java:stopAndJoin(153)) - 7e231c89-b42f-4528-a87d-3801d80fe42a@group-7DF6974B43E8-StateMachineUpdater: set stopIndex = 0
2022-06-16 16:18:45,610 [7e231c89-b42f-4528-a87d-3801d80fe42a@group-7DF6974B43E8-StateMachineUpdater] INFO  ratis.ContainerStateMachine (ContainerStateMachine.java:takeSnapshot(315)) - group-7DF6974B43E8: Finished taking a snapshot at:(t:1, i:0) file:/home/runner/work/ozone/ozone/hadoop-ozone/integration-test/target/test-dir/MiniOzoneClusterImpl-56990420-bd6f-4635-88fd-a0a02cb22c91/datanode-2/data/ratis/f339d521-0028-4168-bf17-7df6974b43e8/sm/snapshot.1_0 took: 2 ms
2022-06-16 16:18:45,610 [7e231c89-b42f-4528-a87d-3801d80fe42a@group-7DF6974B43E8-StateMachineUpdater] INFO  impl.StateMachineUpdater (StateMachineUpdater.java:takeSnapshot(287)) - 7e231c89-b42f-4528-a87d-3801d80fe42a@group-7DF6974B43E8-StateMachineUpdater: Took a snapshot at index 0
2022-06-16 16:18:45,610 [7e231c89-b42f-4528-a87d-3801d80fe42a@group-7DF6974B43E8-StateMachineUpdater] INFO  impl.StateMachineUpdater (StateMachineUpdater.java:lambda$new$0(92)) - 7e231c89-b42f-4528-a87d-3801d80fe42a@group-7DF6974B43E8-StateMachineUpdater: snapshotIndex: updateIncreasingly -1 -> 0
2022-06-16 16:18:45,610 [ForkJoinPool.commonPool-worker-0] INFO  server.RaftServer$Division (ServerState.java:close(429)) - 283ec67f-837e-4418-8153-936cf3dda048@group-D3004AB1FAFF: closes. applyIndex: 32
2022-06-16 16:18:45,611 [283ec67f-837e-4418-8153-936cf3dda048@group-D3004AB1FAFF-SegmentedRaftLogWorker] INFO  segmented.SegmentedRaftLogWorker (SegmentedRaftLogWorker.java:run(336)) - 283ec67f-837e-4418-8153-936cf3dda048@group-D3004AB1FAFF-SegmentedRaftLogWorker was interrupted, exiting. There are 0 tasks remaining in the queue.
2022-06-16 16:18:45,611 [Listener at 127.0.0.1/37419] INFO  server.RaftServer$Division (ServerState.java:close(429)) - 7e231c89-b42f-4528-a87d-3801d80fe42a@group-7DF6974B43E8: closes. applyIndex: 0
2022-06-16 16:18:45,611 [7e231c89-b42f-4528-a87d-3801d80fe42a@group-7DF6974B43E8-SegmentedRaftLogWorker] INFO  segmented.SegmentedRaftLogWorker (SegmentedRaftLogWorker.java:run(336)) - 7e231c89-b42f-4528-a87d-3801d80fe42a@group-7DF6974B43E8-SegmentedRaftLogWorker was interrupted, exiting. There are 0 tasks remaining in the queue.
2022-06-16 16:18:45,611 [Listener at 127.0.0.1/37419] INFO  segmented.SegmentedRaftLogWorker (SegmentedRaftLogWorker.java:close(246)) - 7e231c89-b42f-4528-a87d-3801d80fe42a@group-7DF6974B43E8-SegmentedRaftLogWorker close()
2022-06-16 16:18:45,612 [ForkJoinPool.commonPool-worker-0] INFO  segmented.SegmentedRaftLogWorker (SegmentedRaftLogWorker.java:close(246)) - 283ec67f-837e-4418-8153-936cf3dda048@group-D3004AB1FAFF-SegmentedRaftLogWorker close()
2022-06-16 16:18:45,612 [Listener at 127.0.0.1/37419] INFO  server.GrpcService (GrpcService.java:closeImpl(269)) - 7e231c89-b42f-4528-a87d-3801d80fe42a: shutdown server with port 41481 now
2022-06-16 16:18:45,618 [ForkJoinPool.commonPool-worker-0] INFO  server.GrpcService (GrpcService.java:closeImpl(269)) - 283ec67f-837e-4418-8153-936cf3dda048: shutdown server with port 35425 now
2022-06-16 16:18:45,627 [grpc-default-executor-2] WARN  server.GrpcServerProtocolService (LogUtils.java:warn(122)) - 7e231c89-b42f-4528-a87d-3801d80fe42a: installSnapshot onError, lastRequest: e2d98f8b-d69d-477c-98dc-59bbefea49c2->7e231c89-b42f-4528-a87d-3801d80fe42a#391-t2,previous=(t:2, i:31),leaderCommit=30,initializing? true,entries: size=1, first=(t:2, i:32), METADATAENTRY(c:30): org.apache.ratis.thirdparty.io.grpc.StatusRuntimeException: CANCELLED: client cancelled
2022-06-16 16:18:45,630 [grpc-default-executor-2] WARN  server.GrpcServerProtocolService (LogUtils.java:warn(122)) - 283ec67f-837e-4418-8153-936cf3dda048: installSnapshot onError, lastRequest: e2d98f8b-d69d-477c-98dc-59bbefea49c2->283ec67f-837e-4418-8153-936cf3dda048#400-t2,previous=(t:2, i:31),leaderCommit=30,initializing? true,entries: size=1, first=(t:2, i:32), METADATAENTRY(c:30): org.apache.ratis.thirdparty.io.grpc.StatusRuntimeException: CANCELLED: client cancelled
2022-06-16 16:18:45,631 [grpc-default-executor-2] WARN  server.GrpcLogAppender (LogUtils.java:warn(122)) - e2d98f8b-d69d-477c-98dc-59bbefea49c2@group-D3004AB1FAFF->283ec67f-837e-4418-8153-936cf3dda048-AppendLogResponseHandler: Failed appendEntries: org.apache.ratis.thirdparty.io.grpc.StatusRuntimeException: CANCELLED: RST_STREAM closed stream. HTTP/2 error code: CANCEL
2022-06-16 16:18:45,631 [grpc-default-executor-2] INFO  leader.FollowerInfo (FollowerInfoImpl.java:lambda$new$0(48)) - e2d98f8b-d69d-477c-98dc-59bbefea49c2@group-D3004AB1FAFF->283ec67f-837e-4418-8153-936cf3dda048: nextIndex: updateUnconditionally 33 -> 32
2022-06-16 16:18:45,632 [Listener at 127.0.0.1/37419] INFO  server.GrpcService (GrpcService.java:closeImpl(278)) - 7e231c89-b42f-4528-a87d-3801d80fe42a: shutdown server with port 41481 successfully
2022-06-16 16:18:45,633 [ForkJoinPool.commonPool-worker-0] INFO  server.GrpcService (GrpcService.java:closeImpl(278)) - 283ec67f-837e-4418-8153-936cf3dda048: shutdown server with port 35425 successfully
2022-06-16 16:18:45,633 [grpc-default-executor-2] WARN  server.GrpcLogAppender (LogUtils.java:warn(122)) - e2d98f8b-d69d-477c-98dc-59bbefea49c2@group-D3004AB1FAFF->7e231c89-b42f-4528-a87d-3801d80fe42a-AppendLogResponseHandler: Failed appendEntries: org.apache.ratis.thirdparty.io.grpc.StatusRuntimeException: CANCELLED: RST_STREAM closed stream. HTTP/2 error code: CANCEL
2022-06-16 16:18:45,634 [grpc-default-executor-2] INFO  leader.FollowerInfo (FollowerInfoImpl.java:lambda$new$0(48)) - e2d98f8b-d69d-477c-98dc-59bbefea49c2@group-D3004AB1FAFF->7e231c89-b42f-4528-a87d-3801d80fe42a: nextIndex: updateUnconditionally 33 -> 32
2022-06-16 16:18:45,634 [org.apache.ratis.util.JvmPauseMonitor$$Lambda$611/1702991963@3138c9cc] INFO  util.JvmPauseMonitor (JvmPauseMonitor.java:run(109)) - JvmPauseMonitor-283ec67f-837e-4418-8153-936cf3dda048: Stopped
2022-06-16 16:18:45,634 [org.apache.ratis.util.JvmPauseMonitor$$Lambda$611/1702991963@10ac837] INFO  util.JvmPauseMonitor (JvmPauseMonitor.java:run(109)) - JvmPauseMonitor-7e231c89-b42f-4528-a87d-3801d80fe42a: Stopped
2022-06-16 16:18:45,650 [grpc-default-executor-1] WARN  server.GrpcLogAppender (LogUtils.java:warn(122)) - e2d98f8b-d69d-477c-98dc-59bbefea49c2@group-D3004AB1FAFF->283ec67f-837e-4418-8153-936cf3dda048-AppendLogResponseHandler: Failed appendEntries: org.apache.ratis.thirdparty.io.grpc.StatusRuntimeException: UNAVAILABLE: io exception
2022-06-16 16:18:45,650 [grpc-default-executor-1] INFO  leader.FollowerInfo (FollowerInfoImpl.java:lambda$new$0(48)) - e2d98f8b-d69d-477c-98dc-59bbefea49c2@group-D3004AB1FAFF->283ec67f-837e-4418-8153-936cf3dda048: nextIndex: updateUnconditionally 33 -> 32
2022-06-16 16:18:45,652 [grpc-default-executor-2] WARN  server.GrpcLogAppender (LogUtils.java:warn(122)) - e2d98f8b-d69d-477c-98dc-59bbefea49c2@group-D3004AB1FAFF->7e231c89-b42f-4528-a87d-3801d80fe42a-AppendLogResponseHandler: Failed appendEntries: org.apache.ratis.thirdparty.io.grpc.StatusRuntimeException: UNAVAILABLE: io exception
2022-06-16 16:18:45,653 [grpc-default-executor-2] INFO  leader.FollowerInfo (FollowerInfoImpl.java:lambda$new$0(48)) - e2d98f8b-d69d-477c-98dc-59bbefea49c2@group-D3004AB1FAFF->7e231c89-b42f-4528-a87d-3801d80fe42a: nextIndex: updateUnconditionally 33 -> 32
2022-06-16 16:18:45,891 [grpc-default-executor-2] WARN  server.GrpcLogAppender (LogUtils.java:warn(122)) - e2d98f8b-d69d-477c-98dc-59bbefea49c2@group-D3004AB1FAFF->283ec67f-837e-4418-8153-936cf3dda048-AppendLogResponseHandler: Failed appendEntries: org.apache.ratis.thirdparty.io.grpc.StatusRuntimeException: UNAVAILABLE: io exception
2022-06-16 16:18:45,892 [grpc-default-executor-2] INFO  leader.FollowerInfo (FollowerInfoImpl.java:lambda$new$0(48)) - e2d98f8b-d69d-477c-98dc-59bbefea49c2@group-D3004AB1FAFF->283ec67f-837e-4418-8153-936cf3dda048: nextIndex: updateUnconditionally 33 -> 32
2022-06-16 16:18:45,916 [grpc-default-executor-2] WARN  server.GrpcLogAppender (LogUtils.java:warn(122)) - e2d98f8b-d69d-477c-98dc-59bbefea49c2@group-D3004AB1FAFF->7e231c89-b42f-4528-a87d-3801d80fe42a-AppendLogResponseHandler: Failed appendEntries: org.apache.ratis.thirdparty.io.grpc.StatusRuntimeException: UNAVAILABLE: io exception
2022-06-16 16:18:45,916 [grpc-default-executor-2] INFO  leader.FollowerInfo (FollowerInfoImpl.java:lambda$new$0(48)) - e2d98f8b-d69d-477c-98dc-59bbefea49c2@group-D3004AB1FAFF->7e231c89-b42f-4528-a87d-3801d80fe42a: nextIndex: updateUnconditionally 33 -> 32
2022-06-16 16:18:47,142 [grpc-default-executor-2] WARN  server.GrpcLogAppender (LogUtils.java:warn(122)) - e2d98f8b-d69d-477c-98dc-59bbefea49c2@group-D3004AB1FAFF->283ec67f-837e-4418-8153-936cf3dda048-AppendLogResponseHandler: Failed appendEntries: org.apache.ratis.thirdparty.io.grpc.StatusRuntimeException: UNAVAILABLE: io exception
2022-06-16 16:18:47,142 [grpc-default-executor-2] INFO  leader.FollowerInfo (FollowerInfoImpl.java:lambda$new$0(48)) - e2d98f8b-d69d-477c-98dc-59bbefea49c2@group-D3004AB1FAFF->283ec67f-837e-4418-8153-936cf3dda048: nextIndex: updateUnconditionally 33 -> 32
2022-06-16 16:18:47,167 [grpc-default-executor-2] WARN  server.GrpcLogAppender (LogUtils.java:warn(122)) - e2d98f8b-d69d-477c-98dc-59bbefea49c2@group-D3004AB1FAFF->7e231c89-b42f-4528-a87d-3801d80fe42a-AppendLogResponseHandler: Failed appendEntries: org.apache.ratis.thirdparty.io.grpc.StatusRuntimeException: UNAVAILABLE: io exception
2022-06-16 16:18:47,167 [grpc-default-executor-2] INFO  leader.FollowerInfo (FollowerInfoImpl.java:lambda$new$0(48)) - e2d98f8b-d69d-477c-98dc-59bbefea49c2@group-D3004AB1FAFF->7e231c89-b42f-4528-a87d-3801d80fe42a: nextIndex: updateUnconditionally 33 -> 32
2022-06-16 16:18:47,653 [Listener at 127.0.0.1/37419] INFO  utils.BackgroundService (BackgroundService.java:shutdown(132)) - Shutting down service BlockDeletingService
2022-06-16 16:18:47,656 [ForkJoinPool.commonPool-worker-0] INFO  utils.BackgroundService (BackgroundService.java:shutdown(132)) - Shutting down service BlockDeletingService
2022-06-16 16:18:48,392 [grpc-default-executor-2] WARN  server.GrpcLogAppender (LogUtils.java:warn(122)) - e2d98f8b-d69d-477c-98dc-59bbefea49c2@group-D3004AB1FAFF->283ec67f-837e-4418-8153-936cf3dda048-AppendLogResponseHandler: Failed appendEntries: org.apache.ratis.thirdparty.io.grpc.StatusRuntimeException: UNAVAILABLE: io exception
2022-06-16 16:18:48,395 [grpc-default-executor-2] INFO  leader.FollowerInfo (FollowerInfoImpl.java:lambda$new$0(48)) - e2d98f8b-d69d-477c-98dc-59bbefea49c2@group-D3004AB1FAFF->283ec67f-837e-4418-8153-936cf3dda048: nextIndex: updateUnconditionally 33 -> 32
2022-06-16 16:18:48,417 [grpc-default-executor-2] WARN  server.GrpcLogAppender (LogUtils.java:warn(122)) - e2d98f8b-d69d-477c-98dc-59bbefea49c2@group-D3004AB1FAFF->7e231c89-b42f-4528-a87d-3801d80fe42a-AppendLogResponseHandler: Failed appendEntries: org.apache.ratis.thirdparty.io.grpc.StatusRuntimeException: UNAVAILABLE: io exception
2022-06-16 16:18:48,419 [grpc-default-executor-2] INFO  leader.FollowerInfo (FollowerInfoImpl.java:lambda$new$0(48)) - e2d98f8b-d69d-477c-98dc-59bbefea49c2@group-D3004AB1FAFF->7e231c89-b42f-4528-a87d-3801d80fe42a: nextIndex: updateUnconditionally 33 -> 32
2022-06-16 16:18:49,181 [e2d98f8b-d69d-477c-98dc-59bbefea49c2@group-D3004AB1FAFF-LeaderStateImpl] WARN  server.RaftServer$Division (LeaderStateImpl.java:checkLeadership(1018)) - e2d98f8b-d69d-477c-98dc-59bbefea49c2@group-D3004AB1FAFF-LeaderStateImpl: Lost leadership on term: 2. Election timeout: 5200ms. In charge for: 26143ms. Conf: 0: [7e231c89-b42f-4528-a87d-3801d80fe42a|rpc:10.1.0.16:41481|dataStream:|priority:0, e2d98f8b-d69d-477c-98dc-59bbefea49c2|rpc:10.1.0.16:34489|dataStream:|priority:1, 283ec67f-837e-4418-8153-936cf3dda048|rpc:10.1.0.16:35425|dataStream:|priority:0], old=null
2022-06-16 16:18:49,181 [e2d98f8b-d69d-477c-98dc-59bbefea49c2@group-D3004AB1FAFF-LeaderStateImpl] WARN  server.RaftServer$Division (LeaderStateImpl.java:lambda$checkLeadership$17(1022)) - Follower e2d98f8b-d69d-477c-98dc-59bbefea49c2@group-D3004AB1FAFF->7e231c89-b42f-4528-a87d-3801d80fe42a(c32,m32,n32, attendVote=true, lastRpcSendTime=764, lastRpcResponseTime=5766)
2022-06-16 16:18:49,181 [e2d98f8b-d69d-477c-98dc-59bbefea49c2@group-D3004AB1FAFF-LeaderStateImpl] WARN  server.RaftServer$Division (LeaderStateImpl.java:lambda$checkLeadership$17(1022)) - Follower e2d98f8b-d69d-477c-98dc-59bbefea49c2@group-D3004AB1FAFF->283ec67f-837e-4418-8153-936cf3dda048(c32,m32,n32, attendVote=true, lastRpcSendTime=789, lastRpcResponseTime=5791)
2022-06-16 16:18:49,182 [e2d98f8b-d69d-477c-98dc-59bbefea49c2@group-D3004AB1FAFF-LeaderStateImpl] INFO  server.RaftServer$Division (RaftServerImpl.java:setRole(299)) - e2d98f8b-d69d-477c-98dc-59bbefea49c2@group-D3004AB1FAFF: changes role from    LEADER to FOLLOWER at term 2 for StepDownReason:LOST_MAJORITY_HEARTBEATS
2022-06-16 16:18:49,182 [e2d98f8b-d69d-477c-98dc-59bbefea49c2@group-D3004AB1FAFF-LeaderStateImpl] INFO  impl.RoleInfo (RoleInfo.java:shutdownLeaderState(93)) - e2d98f8b-d69d-477c-98dc-59bbefea49c2: shutdown e2d98f8b-d69d-477c-98dc-59bbefea49c2@group-D3004AB1FAFF-LeaderStateImpl
2022-06-16 16:18:49,182 [e2d98f8b-d69d-477c-98dc-59bbefea49c2@group-D3004AB1FAFF->7e231c89-b42f-4528-a87d-3801d80fe42a-GrpcLogAppender-LogAppenderDaemon] WARN  server.GrpcLogAppender (GrpcLogAppender.java:mayWait(171)) - e2d98f8b-d69d-477c-98dc-59bbefea49c2@group-D3004AB1FAFF->7e231c89-b42f-4528-a87d-3801d80fe42a-GrpcLogAppender: Wait interrupted by java.lang.InterruptedException
2022-06-16 16:18:49,182 [e2d98f8b-d69d-477c-98dc-59bbefea49c2@group-D3004AB1FAFF-LeaderStateImpl] INFO  impl.PendingRequests (PendingRequests.java:sendNotLeaderResponses(282)) - e2d98f8b-d69d-477c-98dc-59bbefea49c2@group-D3004AB1FAFF-PendingRequests: sendNotLeaderResponses
2022-06-16 16:18:49,182 [e2d98f8b-d69d-477c-98dc-59bbefea49c2@group-D3004AB1FAFF-LeaderStateImpl] INFO  impl.RoleInfo (RoleInfo.java:updateAndGet(139)) - e2d98f8b-d69d-477c-98dc-59bbefea49c2: start e2d98f8b-d69d-477c-98dc-59bbefea49c2@group-D3004AB1FAFF-FollowerState
2022-06-16 16:18:49,183 [e2d98f8b-d69d-477c-98dc-59bbefea49c2@group-D3004AB1FAFF->283ec67f-837e-4418-8153-936cf3dda048-GrpcLogAppender-LogAppenderDaemon] WARN  server.GrpcLogAppender (GrpcLogAppender.java:mayWait(171)) - e2d98f8b-d69d-477c-98dc-59bbefea49c2@group-D3004AB1FAFF->283ec67f-837e-4418-8153-936cf3dda048-GrpcLogAppender: Wait interrupted by java.lang.InterruptedException
2022-06-16 16:18:50,664 [Listener at 127.0.0.1/37419] INFO  statemachine.DatanodeStateMachine (DatanodeStateMachine.java:stopDaemon(572)) - Ozone container server stopped.
2022-06-16 16:18:50,664 [ForkJoinPool.commonPool-worker-0] INFO  statemachine.DatanodeStateMachine (DatanodeStateMachine.java:stopDaemon(572)) - Ozone container server stopped.
2022-06-16 16:18:50,682 [ForkJoinPool.commonPool-worker-0] INFO  handler.ContextHandler (ContextHandler.java:doStop(1153)) - Stopped o.e.j.w.WebAppContext@5c7744f0{hddsDatanode,/,null,STOPPED}{jar:file:/home/runner/.m2/repository/org/apache/ozone/hdds-container-service/1.3.0-SNAPSHOT/hdds-container-service-1.3.0-SNAPSHOT.jar!/webapps/hddsDatanode}
2022-06-16 16:18:50,682 [ForkJoinPool.commonPool-worker-0] INFO  server.AbstractConnector (AbstractConnector.java:doStop(381)) - Stopped ServerConnector@41971628{HTTP/1.1, (http/1.1)}{0.0.0.0:0}
2022-06-16 16:18:50,682 [ForkJoinPool.commonPool-worker-0] INFO  server.session (HouseKeeper.java:stopScavenging(149)) - node0 Stopped scavenging
2022-06-16 16:18:50,690 [Listener at 127.0.0.1/37419] INFO  handler.ContextHandler (ContextHandler.java:doStop(1153)) - Stopped o.e.j.w.WebAppContext@5cbe7bb8{hddsDatanode,/,null,STOPPED}{jar:file:/home/runner/.m2/repository/org/apache/ozone/hdds-container-service/1.3.0-SNAPSHOT/hdds-container-service-1.3.0-SNAPSHOT.jar!/webapps/hddsDatanode}
2022-06-16 16:18:50,691 [Listener at 127.0.0.1/37419] INFO  server.AbstractConnector (AbstractConnector.java:doStop(381)) - Stopped ServerConnector@4360d359{HTTP/1.1, (http/1.1)}{0.0.0.0:0}
2022-06-16 16:18:50,691 [Listener at 127.0.0.1/37419] INFO  server.session (HouseKeeper.java:stopScavenging(149)) - node0 Stopped scavenging
2022-06-16 16:18:50,691 [Listener at 127.0.0.1/37419] INFO  handler.ContextHandler (ContextHandler.java:doStop(1153)) - Stopped o.e.j.s.ServletContextHandler@658100fd{static,/static,jar:file:/home/runner/.m2/repository/org/apache/ozone/hdds-container-service/1.3.0-SNAPSHOT/hdds-container-service-1.3.0-SNAPSHOT.jar!/webapps/static,STOPPED}
2022-06-16 16:18:50,691 [Listener at 127.0.0.1/37419] INFO  handler.ContextHandler (ContextHandler.java:doStop(1153)) - Stopped o.e.j.s.ServletContextHandler@7ab63914{logs,/logs,file:///home/runner/work/ozone/ozone/hadoop-ozone/integration-test/target/log,STOPPED}
2022-06-16 16:18:50,692 [ForkJoinPool.commonPool-worker-0] INFO  handler.ContextHandler (ContextHandler.java:doStop(1153)) - Stopped o.e.j.s.ServletContextHandler@a0b8fe6{static,/static,jar:file:/home/runner/.m2/repository/org/apache/ozone/hdds-container-service/1.3.0-SNAPSHOT/hdds-container-service-1.3.0-SNAPSHOT.jar!/webapps/static,STOPPED}
2022-06-16 16:18:50,692 [ForkJoinPool.commonPool-worker-0] INFO  handler.ContextHandler (ContextHandler.java:doStop(1153)) - Stopped o.e.j.s.ServletContextHandler@798828e9{logs,/logs,file:///home/runner/work/ozone/ozone/hadoop-ozone/integration-test/target/log,STOPPED}
2022-06-16 16:18:53,080 [e2d98f8b-d69d-477c-98dc-59bbefea49c2@group-AFE12DF18333-FollowerState] INFO  impl.FollowerState (FollowerState.java:run(143)) - e2d98f8b-d69d-477c-98dc-59bbefea49c2@group-AFE12DF18333-FollowerState: change to CANDIDATE, lastRpcElapsedTime:7765205956ns, electionTimeout:5180ms
2022-06-16 16:18:53,080 [e2d98f8b-d69d-477c-98dc-59bbefea49c2@group-AFE12DF18333-FollowerState] INFO  impl.RoleInfo (RoleInfo.java:shutdownFollowerState(110)) - e2d98f8b-d69d-477c-98dc-59bbefea49c2: shutdown e2d98f8b-d69d-477c-98dc-59bbefea49c2@group-AFE12DF18333-FollowerState
2022-06-16 16:18:53,080 [e2d98f8b-d69d-477c-98dc-59bbefea49c2@group-AFE12DF18333-FollowerState] INFO  server.RaftServer$Division (RaftServerImpl.java:setRole(299)) - e2d98f8b-d69d-477c-98dc-59bbefea49c2@group-AFE12DF18333: changes role from  FOLLOWER to CANDIDATE at term 5 for changeToCandidate
2022-06-16 16:18:53,080 [e2d98f8b-d69d-477c-98dc-59bbefea49c2@group-AFE12DF18333-FollowerState] INFO  server.RaftServerConfigKeys (ConfUtils.java:logGet(46)) - raft.server.leaderelection.pre-vote = false (custom)
2022-06-16 16:18:53,080 [e2d98f8b-d69d-477c-98dc-59bbefea49c2@group-AFE12DF18333-FollowerState] INFO  impl.RoleInfo (RoleInfo.java:updateAndGet(139)) - e2d98f8b-d69d-477c-98dc-59bbefea49c2: start e2d98f8b-d69d-477c-98dc-59bbefea49c2@group-AFE12DF18333-LeaderElection16
2022-06-16 16:18:53,088 [e2d98f8b-d69d-477c-98dc-59bbefea49c2@group-AFE12DF18333-LeaderElection16] INFO  server.RaftServer$Division (ServerState.java:setLeader(287)) - e2d98f8b-d69d-477c-98dc-59bbefea49c2@group-AFE12DF18333: change Leader from 7e231c89-b42f-4528-a87d-3801d80fe42a to null at term 5 for ELECTION
2022-06-16 16:18:53,092 [e2d98f8b-d69d-477c-98dc-59bbefea49c2@group-AFE12DF18333-LeaderElection16] INFO  impl.LeaderElection (LeaderElection.java:askForVotes(310)) - e2d98f8b-d69d-477c-98dc-59bbefea49c2@group-AFE12DF18333-LeaderElection16 ELECTION round 0: submit vote requests at term 6 for 0: [7e231c89-b42f-4528-a87d-3801d80fe42a|rpc:10.1.0.16:41481|dataStream:|priority:1, e2d98f8b-d69d-477c-98dc-59bbefea49c2|rpc:10.1.0.16:34489|dataStream:|priority:0, 283ec67f-837e-4418-8153-936cf3dda048|rpc:10.1.0.16:35425|dataStream:|priority:0], old=null
2022-06-16 16:18:53,107 [e2d98f8b-d69d-477c-98dc-59bbefea49c2@group-AFE12DF18333-LeaderElection16] INFO  impl.LeaderElection (LogUtils.java:infoOrTrace(137)) - e2d98f8b-d69d-477c-98dc-59bbefea49c2@group-AFE12DF18333-LeaderElection16 got exception when requesting votes: java.util.concurrent.ExecutionException: org.apache.ratis.thirdparty.io.grpc.StatusRuntimeException: UNAVAILABLE: io exception
2022-06-16 16:18:53,107 [e2d98f8b-d69d-477c-98dc-59bbefea49c2@group-AFE12DF18333-LeaderElection16] INFO  impl.LeaderElection (LogUtils.java:infoOrTrace(137)) - e2d98f8b-d69d-477c-98dc-59bbefea49c2@group-AFE12DF18333-LeaderElection16 got exception when requesting votes: java.util.concurrent.ExecutionException: org.apache.ratis.thirdparty.io.grpc.StatusRuntimeException: UNAVAILABLE: io exception
2022-06-16 16:18:53,108 [e2d98f8b-d69d-477c-98dc-59bbefea49c2@group-AFE12DF18333-LeaderElection16] INFO  impl.LeaderElection (LeaderElection.java:logAndReturn(90)) - e2d98f8b-d69d-477c-98dc-59bbefea49c2@group-AFE12DF18333-LeaderElection16: ELECTION REJECTED received 0 response(s) and 2 exception(s):
2022-06-16 16:18:53,108 [e2d98f8b-d69d-477c-98dc-59bbefea49c2@group-AFE12DF18333-LeaderElection16] INFO  impl.LeaderElection (LogUtils.java:infoOrTrace(137)) -   Exception 0: java.util.concurrent.ExecutionException: org.apache.ratis.thirdparty.io.grpc.StatusRuntimeException: UNAVAILABLE: io exception
2022-06-16 16:18:53,108 [e2d98f8b-d69d-477c-98dc-59bbefea49c2@group-AFE12DF18333-LeaderElection16] INFO  impl.LeaderElection (LogUtils.java:infoOrTrace(137)) -   Exception 1: java.util.concurrent.ExecutionException: org.apache.ratis.thirdparty.io.grpc.StatusRuntimeException: UNAVAILABLE: io exception
2022-06-16 16:18:53,108 [e2d98f8b-d69d-477c-98dc-59bbefea49c2@group-AFE12DF18333-LeaderElection16] INFO  impl.LeaderElection (LeaderElection.java:askForVotes(312)) - e2d98f8b-d69d-477c-98dc-59bbefea49c2@group-AFE12DF18333-LeaderElection16 ELECTION round 0: result REJECTED
2022-06-16 16:18:53,108 [e2d98f8b-d69d-477c-98dc-59bbefea49c2@group-AFE12DF18333-LeaderElection16] INFO  server.RaftServer$Division (RaftServerImpl.java:setRole(299)) - e2d98f8b-d69d-477c-98dc-59bbefea49c2@group-AFE12DF18333: changes role from CANDIDATE to FOLLOWER at term 6 for REJECTED
2022-06-16 16:18:53,108 [e2d98f8b-d69d-477c-98dc-59bbefea49c2@group-AFE12DF18333-LeaderElection16] INFO  impl.RoleInfo (RoleInfo.java:shutdownLeaderElection(130)) - e2d98f8b-d69d-477c-98dc-59bbefea49c2: shutdown e2d98f8b-d69d-477c-98dc-59bbefea49c2@group-AFE12DF18333-LeaderElection16
2022-06-16 16:18:53,108 [e2d98f8b-d69d-477c-98dc-59bbefea49c2@group-AFE12DF18333-LeaderElection16] INFO  impl.RoleInfo (RoleInfo.java:updateAndGet(139)) - e2d98f8b-d69d-477c-98dc-59bbefea49c2: start e2d98f8b-d69d-477c-98dc-59bbefea49c2@group-AFE12DF18333-FollowerState
2022-06-16 16:18:54,330 [e2d98f8b-d69d-477c-98dc-59bbefea49c2@group-D3004AB1FAFF-FollowerState] INFO  impl.FollowerState (FollowerState.java:lostMajorityHeartbeatsRecently(108)) - e2d98f8b-d69d-477c-98dc-59bbefea49c2@group-D3004AB1FAFF-FollowerState: Skipping leader election since it stepped down recently (elapsed = 5147ms < waitTime = 10s)
2022-06-16 16:18:55,695 [Listener at 127.0.0.1/37419] INFO  ozoneimpl.OzoneContainer (OzoneContainer.java:stop(365)) - Attempting to stop container services.
2022-06-16 16:18:55,695 [ForkJoinPool.commonPool-worker-0] INFO  ozoneimpl.OzoneContainer (OzoneContainer.java:stop(365)) - Attempting to stop container services.
2022-06-16 16:18:55,696 [ForkJoinPool.commonPool-worker-0] INFO  server.RaftServer (RaftServerProxy.java:lambda$close$7(398)) - e2d98f8b-d69d-477c-98dc-59bbefea49c2: close
2022-06-16 16:18:55,697 [ForkJoinPool.commonPool-worker-0] INFO  server.RaftServer$Division (RaftServerImpl.java:lambda$close$4(434)) - e2d98f8b-d69d-477c-98dc-59bbefea49c2@group-AFE12DF18333: shutdown
2022-06-16 16:18:55,697 [ForkJoinPool.commonPool-worker-0] INFO  util.JmxRegister (JmxRegister.java:unregister(73)) - Successfully un-registered JMX Bean with object name Ratis:service=RaftServer,group=group-AFE12DF18333,id=e2d98f8b-d69d-477c-98dc-59bbefea49c2
2022-06-16 16:18:55,697 [ForkJoinPool.commonPool-worker-0] INFO  impl.RoleInfo (RoleInfo.java:shutdownFollowerState(110)) - e2d98f8b-d69d-477c-98dc-59bbefea49c2: shutdown e2d98f8b-d69d-477c-98dc-59bbefea49c2@group-AFE12DF18333-FollowerState
2022-06-16 16:18:55,697 [ForkJoinPool.commonPool-worker-0] INFO  impl.StateMachineUpdater (StateMachineUpdater.java:stopAndJoin(153)) - e2d98f8b-d69d-477c-98dc-59bbefea49c2@group-AFE12DF18333-StateMachineUpdater: set stopIndex = 0
2022-06-16 16:18:55,697 [e2d98f8b-d69d-477c-98dc-59bbefea49c2@group-AFE12DF18333-FollowerState] INFO  impl.FollowerState (FollowerState.java:run(152)) - e2d98f8b-d69d-477c-98dc-59bbefea49c2@group-AFE12DF18333-FollowerState was interrupted
2022-06-16 16:18:55,697 [e2d98f8b-d69d-477c-98dc-59bbefea49c2@group-AFE12DF18333-StateMachineUpdater] INFO  ratis.ContainerStateMachine (ContainerStateMachine.java:takeSnapshot(304)) - group-AFE12DF18333: Taking a snapshot at:(t:5, i:0) file /home/runner/work/ozone/ozone/hadoop-ozone/integration-test/target/test-dir/MiniOzoneClusterImpl-56990420-bd6f-4635-88fd-a0a02cb22c91/datanode-0/data/ratis/193d5ef9-d0dd-4d6c-9e57-afe12df18333/sm/snapshot.5_0
2022-06-16 16:18:55,698 [e2d98f8b-d69d-477c-98dc-59bbefea49c2@group-AFE12DF18333-StateMachineUpdater] INFO  ratis.ContainerStateMachine (ContainerStateMachine.java:takeSnapshot(315)) - group-AFE12DF18333: Finished taking a snapshot at:(t:5, i:0) file:/home/runner/work/ozone/ozone/hadoop-ozone/integration-test/target/test-dir/MiniOzoneClusterImpl-56990420-bd6f-4635-88fd-a0a02cb22c91/datanode-0/data/ratis/193d5ef9-d0dd-4d6c-9e57-afe12df18333/sm/snapshot.5_0 took: 1 ms
2022-06-16 16:18:55,698 [e2d98f8b-d69d-477c-98dc-59bbefea49c2@group-AFE12DF18333-StateMachineUpdater] INFO  impl.StateMachineUpdater (StateMachineUpdater.java:takeSnapshot(287)) - e2d98f8b-d69d-477c-98dc-59bbefea49c2@group-AFE12DF18333-StateMachineUpdater: Took a snapshot at index 0
2022-06-16 16:18:55,698 [e2d98f8b-d69d-477c-98dc-59bbefea49c2@group-AFE12DF18333-StateMachineUpdater] INFO  impl.StateMachineUpdater (StateMachineUpdater.java:lambda$new$0(92)) - e2d98f8b-d69d-477c-98dc-59bbefea49c2@group-AFE12DF18333-StateMachineUpdater: snapshotIndex: updateIncreasingly -1 -> 0
2022-06-16 16:18:55,699 [ForkJoinPool.commonPool-worker-0] INFO  server.RaftServer$Division (ServerState.java:close(429)) - e2d98f8b-d69d-477c-98dc-59bbefea49c2@group-AFE12DF18333: closes. applyIndex: 0
2022-06-16 16:18:55,699 [Listener at 127.0.0.1/37419] INFO  server.RaftServer (RaftServerProxy.java:lambda$close$7(398)) - f726d3bf-0416-4b86-8b23-12e086774417: close
2022-06-16 16:18:55,699 [e2d98f8b-d69d-477c-98dc-59bbefea49c2@group-AFE12DF18333-SegmentedRaftLogWorker] INFO  segmented.SegmentedRaftLogWorker (SegmentedRaftLogWorker.java:run(336)) - e2d98f8b-d69d-477c-98dc-59bbefea49c2@group-AFE12DF18333-SegmentedRaftLogWorker was interrupted, exiting. There are 0 tasks remaining in the queue.
2022-06-16 16:18:55,699 [ForkJoinPool.commonPool-worker-0] INFO  segmented.SegmentedRaftLogWorker (SegmentedRaftLogWorker.java:close(246)) - e2d98f8b-d69d-477c-98dc-59bbefea49c2@group-AFE12DF18333-SegmentedRaftLogWorker close()
2022-06-16 16:18:55,702 [Listener at 127.0.0.1/37419] INFO  server.RaftServer$Division (RaftServerImpl.java:lambda$close$4(434)) - f726d3bf-0416-4b86-8b23-12e086774417@group-1A868973C587: shutdown
2022-06-16 16:18:55,702 [Listener at 127.0.0.1/37419] INFO  util.JmxRegister (JmxRegister.java:unregister(73)) - Successfully un-registered JMX Bean with object name Ratis:service=RaftServer,group=group-1A868973C587,id=f726d3bf-0416-4b86-8b23-12e086774417
2022-06-16 16:18:55,702 [Listener at 127.0.0.1/37419] INFO  impl.RoleInfo (RoleInfo.java:shutdownLeaderState(93)) - f726d3bf-0416-4b86-8b23-12e086774417: shutdown f726d3bf-0416-4b86-8b23-12e086774417@group-1A868973C587-LeaderStateImpl
2022-06-16 16:18:55,702 [Listener at 127.0.0.1/37419] INFO  impl.PendingRequests (PendingRequests.java:sendNotLeaderResponses(282)) - f726d3bf-0416-4b86-8b23-12e086774417@group-1A868973C587-PendingRequests: sendNotLeaderResponses
2022-06-16 16:18:55,703 [Listener at 127.0.0.1/37419] INFO  impl.StateMachineUpdater (StateMachineUpdater.java:stopAndJoin(153)) - f726d3bf-0416-4b86-8b23-12e086774417@group-1A868973C587-StateMachineUpdater: set stopIndex = 0
2022-06-16 16:18:55,703 [ForkJoinPool.commonPool-worker-0] INFO  server.RaftServer$Division (RaftServerImpl.java:lambda$close$4(434)) - e2d98f8b-d69d-477c-98dc-59bbefea49c2@group-8541245EB11C: shutdown
2022-06-16 16:18:55,703 [f726d3bf-0416-4b86-8b23-12e086774417@group-1A868973C587-StateMachineUpdater] INFO  ratis.ContainerStateMachine (ContainerStateMachine.java:takeSnapshot(304)) - group-1A868973C587: Taking a snapshot at:(t:1, i:0) file /home/runner/work/ozone/ozone/hadoop-ozone/integration-test/target/test-dir/MiniOzoneClusterImpl-56990420-bd6f-4635-88fd-a0a02cb22c91/datanode-4/data/ratis/7c3df0ea-6b58-4159-b63c-1a868973c587/sm/snapshot.1_0
2022-06-16 16:18:55,703 [ForkJoinPool.commonPool-worker-0] INFO  util.JmxRegister (JmxRegister.java:unregister(73)) - Successfully un-registered JMX Bean with object name Ratis:service=RaftServer,group=group-8541245EB11C,id=e2d98f8b-d69d-477c-98dc-59bbefea49c2
2022-06-16 16:18:55,703 [ForkJoinPool.commonPool-worker-0] INFO  impl.RoleInfo (RoleInfo.java:shutdownLeaderState(93)) - e2d98f8b-d69d-477c-98dc-59bbefea49c2: shutdown e2d98f8b-d69d-477c-98dc-59bbefea49c2@group-8541245EB11C-LeaderStateImpl
2022-06-16 16:18:55,703 [ForkJoinPool.commonPool-worker-0] INFO  impl.PendingRequests (PendingRequests.java:sendNotLeaderResponses(282)) - e2d98f8b-d69d-477c-98dc-59bbefea49c2@group-8541245EB11C-PendingRequests: sendNotLeaderResponses
2022-06-16 16:18:55,704 [ForkJoinPool.commonPool-worker-0] INFO  impl.StateMachineUpdater (StateMachineUpdater.java:stopAndJoin(153)) - e2d98f8b-d69d-477c-98dc-59bbefea49c2@group-8541245EB11C-StateMachineUpdater: set stopIndex = 0
2022-06-16 16:18:55,704 [e2d98f8b-d69d-477c-98dc-59bbefea49c2@group-8541245EB11C-StateMachineUpdater] INFO  ratis.ContainerStateMachine (ContainerStateMachine.java:takeSnapshot(304)) - group-8541245EB11C: Taking a snapshot at:(t:1, i:0) file /home/runner/work/ozone/ozone/hadoop-ozone/integration-test/target/test-dir/MiniOzoneClusterImpl-56990420-bd6f-4635-88fd-a0a02cb22c91/datanode-0/data/ratis/2126fcdc-d21b-4192-b4f3-8541245eb11c/sm/snapshot.1_0
2022-06-16 16:18:55,704 [f726d3bf-0416-4b86-8b23-12e086774417@group-1A868973C587-StateMachineUpdater] INFO  ratis.ContainerStateMachine (ContainerStateMachine.java:takeSnapshot(315)) - group-1A868973C587: Finished taking a snapshot at:(t:1, i:0) file:/home/runner/work/ozone/ozone/hadoop-ozone/integration-test/target/test-dir/MiniOzoneClusterImpl-56990420-bd6f-4635-88fd-a0a02cb22c91/datanode-4/data/ratis/7c3df0ea-6b58-4159-b63c-1a868973c587/sm/snapshot.1_0 took: 1 ms
2022-06-16 16:18:55,704 [e2d98f8b-d69d-477c-98dc-59bbefea49c2@group-8541245EB11C-StateMachineUpdater] INFO  ratis.ContainerStateMachine (ContainerStateMachine.java:takeSnapshot(315)) - group-8541245EB11C: Finished taking a snapshot at:(t:1, i:0) file:/home/runner/work/ozone/ozone/hadoop-ozone/integration-test/target/test-dir/MiniOzoneClusterImpl-56990420-bd6f-4635-88fd-a0a02cb22c91/datanode-0/data/ratis/2126fcdc-d21b-4192-b4f3-8541245eb11c/sm/snapshot.1_0 took: 0 ms
2022-06-16 16:18:55,704 [e2d98f8b-d69d-477c-98dc-59bbefea49c2@group-8541245EB11C-StateMachineUpdater] INFO  impl.StateMachineUpdater (StateMachineUpdater.java:takeSnapshot(287)) - e2d98f8b-d69d-477c-98dc-59bbefea49c2@group-8541245EB11C-StateMachineUpdater: Took a snapshot at index 0
2022-06-16 16:18:55,704 [e2d98f8b-d69d-477c-98dc-59bbefea49c2@group-8541245EB11C-StateMachineUpdater] INFO  impl.StateMachineUpdater (StateMachineUpdater.java:lambda$new$0(92)) - e2d98f8b-d69d-477c-98dc-59bbefea49c2@group-8541245EB11C-StateMachineUpdater: snapshotIndex: updateIncreasingly -1 -> 0
2022-06-16 16:18:55,704 [ForkJoinPool.commonPool-worker-0] INFO  server.RaftServer$Division (ServerState.java:close(429)) - e2d98f8b-d69d-477c-98dc-59bbefea49c2@group-8541245EB11C: closes. applyIndex: 0
2022-06-16 16:18:55,704 [f726d3bf-0416-4b86-8b23-12e086774417@group-1A868973C587-StateMachineUpdater] INFO  impl.StateMachineUpdater (StateMachineUpdater.java:takeSnapshot(287)) - f726d3bf-0416-4b86-8b23-12e086774417@group-1A868973C587-StateMachineUpdater: Took a snapshot at index 0
2022-06-16 16:18:55,704 [e2d98f8b-d69d-477c-98dc-59bbefea49c2@group-8541245EB11C-SegmentedRaftLogWorker] INFO  segmented.SegmentedRaftLogWorker (SegmentedRaftLogWorker.java:run(336)) - e2d98f8b-d69d-477c-98dc-59bbefea49c2@group-8541245EB11C-SegmentedRaftLogWorker was interrupted, exiting. There are 0 tasks remaining in the queue.
2022-06-16 16:18:55,705 [ForkJoinPool.commonPool-worker-0] INFO  segmented.SegmentedRaftLogWorker (SegmentedRaftLogWorker.java:close(246)) - e2d98f8b-d69d-477c-98dc-59bbefea49c2@group-8541245EB11C-SegmentedRaftLogWorker close()
2022-06-16 16:18:55,704 [f726d3bf-0416-4b86-8b23-12e086774417@group-1A868973C587-StateMachineUpdater] INFO  impl.StateMachineUpdater (StateMachineUpdater.java:lambda$new$0(92)) - f726d3bf-0416-4b86-8b23-12e086774417@group-1A868973C587-StateMachineUpdater: snapshotIndex: updateIncreasingly -1 -> 0
2022-06-16 16:18:55,705 [ForkJoinPool.commonPool-worker-0] INFO  server.RaftServer$Division (RaftServerImpl.java:lambda$close$4(434)) - e2d98f8b-d69d-477c-98dc-59bbefea49c2@group-D3004AB1FAFF: shutdown
2022-06-16 16:18:55,718 [ForkJoinPool.commonPool-worker-0] INFO  util.JmxRegister (JmxRegister.java:unregister(73)) - Successfully un-registered JMX Bean with object name Ratis:service=RaftServer,group=group-D3004AB1FAFF,id=e2d98f8b-d69d-477c-98dc-59bbefea49c2
2022-06-16 16:18:55,718 [ForkJoinPool.commonPool-worker-0] INFO  impl.RoleInfo (RoleInfo.java:shutdownFollowerState(110)) - e2d98f8b-d69d-477c-98dc-59bbefea49c2: shutdown e2d98f8b-d69d-477c-98dc-59bbefea49c2@group-D3004AB1FAFF-FollowerState
2022-06-16 16:18:55,718 [ForkJoinPool.commonPool-worker-0] INFO  impl.StateMachineUpdater (StateMachineUpdater.java:stopAndJoin(153)) - e2d98f8b-d69d-477c-98dc-59bbefea49c2@group-D3004AB1FAFF-StateMachineUpdater: set stopIndex = 32
2022-06-16 16:18:55,718 [Listener at 127.0.0.1/37419] INFO  server.RaftServer$Division (ServerState.java:close(429)) - f726d3bf-0416-4b86-8b23-12e086774417@group-1A868973C587: closes. applyIndex: 0
2022-06-16 16:18:55,718 [e2d98f8b-d69d-477c-98dc-59bbefea49c2@group-D3004AB1FAFF-StateMachineUpdater] INFO  ratis.ContainerStateMachine (ContainerStateMachine.java:takeSnapshot(304)) - group-D3004AB1FAFF: Taking a snapshot at:(t:2, i:32) file /home/runner/work/ozone/ozone/hadoop-ozone/integration-test/target/test-dir/MiniOzoneClusterImpl-56990420-bd6f-4635-88fd-a0a02cb22c91/datanode-0/data/ratis/239be42f-daa7-4391-89a9-d3004ab1faff/sm/snapshot.2_32
2022-06-16 16:18:55,718 [e2d98f8b-d69d-477c-98dc-59bbefea49c2@group-D3004AB1FAFF-FollowerState] INFO  impl.FollowerState (FollowerState.java:run(152)) - e2d98f8b-d69d-477c-98dc-59bbefea49c2@group-D3004AB1FAFF-FollowerState was interrupted
2022-06-16 16:18:55,718 [f726d3bf-0416-4b86-8b23-12e086774417@group-1A868973C587-SegmentedRaftLogWorker] INFO  segmented.SegmentedRaftLogWorker (SegmentedRaftLogWorker.java:run(336)) - f726d3bf-0416-4b86-8b23-12e086774417@group-1A868973C587-SegmentedRaftLogWorker was interrupted, exiting. There are 0 tasks remaining in the queue.
2022-06-16 16:18:55,719 [Listener at 127.0.0.1/37419] INFO  segmented.SegmentedRaftLogWorker (SegmentedRaftLogWorker.java:close(246)) - f726d3bf-0416-4b86-8b23-12e086774417@group-1A868973C587-SegmentedRaftLogWorker close()
2022-06-16 16:18:55,720 [e2d98f8b-d69d-477c-98dc-59bbefea49c2@group-D3004AB1FAFF-StateMachineUpdater] INFO  ratis.ContainerStateMachine (ContainerStateMachine.java:takeSnapshot(315)) - group-D3004AB1FAFF: Finished taking a snapshot at:(t:2, i:32) file:/home/runner/work/ozone/ozone/hadoop-ozone/integration-test/target/test-dir/MiniOzoneClusterImpl-56990420-bd6f-4635-88fd-a0a02cb22c91/datanode-0/data/ratis/239be42f-daa7-4391-89a9-d3004ab1faff/sm/snapshot.2_32 took: 2 ms
2022-06-16 16:18:55,720 [e2d98f8b-d69d-477c-98dc-59bbefea49c2@group-D3004AB1FAFF-StateMachineUpdater] INFO  impl.StateMachineUpdater (StateMachineUpdater.java:takeSnapshot(287)) - e2d98f8b-d69d-477c-98dc-59bbefea49c2@group-D3004AB1FAFF-StateMachineUpdater: Took a snapshot at index 32
2022-06-16 16:18:55,720 [e2d98f8b-d69d-477c-98dc-59bbefea49c2@group-D3004AB1FAFF-StateMachineUpdater] INFO  impl.StateMachineUpdater (StateMachineUpdater.java:lambda$new$0(92)) - e2d98f8b-d69d-477c-98dc-59bbefea49c2@group-D3004AB1FAFF-StateMachineUpdater: snapshotIndex: updateIncreasingly -1 -> 32
2022-06-16 16:18:55,720 [Listener at 127.0.0.1/37419] INFO  server.GrpcService (GrpcService.java:closeImpl(269)) - f726d3bf-0416-4b86-8b23-12e086774417: shutdown server with port 43791 now
2022-06-16 16:18:55,721 [ForkJoinPool.commonPool-worker-0] INFO  server.RaftServer$Division (ServerState.java:close(429)) - e2d98f8b-d69d-477c-98dc-59bbefea49c2@group-D3004AB1FAFF: closes. applyIndex: 32
2022-06-16 16:18:55,721 [Listener at 127.0.0.1/37419] INFO  server.GrpcService (GrpcService.java:closeImpl(278)) - f726d3bf-0416-4b86-8b23-12e086774417: shutdown server with port 43791 successfully
2022-06-16 16:18:55,726 [e2d98f8b-d69d-477c-98dc-59bbefea49c2@group-D3004AB1FAFF-SegmentedRaftLogWorker] INFO  segmented.SegmentedRaftLogWorker (SegmentedRaftLogWorker.java:run(336)) - e2d98f8b-d69d-477c-98dc-59bbefea49c2@group-D3004AB1FAFF-SegmentedRaftLogWorker was interrupted, exiting. There are 0 tasks remaining in the queue.
2022-06-16 16:18:55,726 [ForkJoinPool.commonPool-worker-0] INFO  segmented.SegmentedRaftLogWorker (SegmentedRaftLogWorker.java:close(246)) - e2d98f8b-d69d-477c-98dc-59bbefea49c2@group-D3004AB1FAFF-SegmentedRaftLogWorker close()
2022-06-16 16:18:55,727 [ForkJoinPool.commonPool-worker-0] INFO  server.GrpcService (GrpcService.java:closeImpl(269)) - e2d98f8b-d69d-477c-98dc-59bbefea49c2: shutdown server with port 34489 now
2022-06-16 16:18:55,728 [org.apache.ratis.util.JvmPauseMonitor$$Lambda$611/1702991963@181e1f08] INFO  util.JvmPauseMonitor (JvmPauseMonitor.java:run(109)) - JvmPauseMonitor-f726d3bf-0416-4b86-8b23-12e086774417: Stopped
2022-06-16 16:18:55,728 [ForkJoinPool.commonPool-worker-0] INFO  server.GrpcService (GrpcService.java:closeImpl(278)) - e2d98f8b-d69d-477c-98dc-59bbefea49c2: shutdown server with port 34489 successfully
2022-06-16 16:18:55,730 [org.apache.ratis.util.JvmPauseMonitor$$Lambda$611/1702991963@67e7f800] INFO  util.JvmPauseMonitor (JvmPauseMonitor.java:run(109)) - JvmPauseMonitor-e2d98f8b-d69d-477c-98dc-59bbefea49c2: Stopped
2022-06-16 16:18:57,744 [Listener at 127.0.0.1/37419] INFO  utils.BackgroundService (BackgroundService.java:shutdown(132)) - Shutting down service BlockDeletingService
2022-06-16 16:18:57,759 [ForkJoinPool.commonPool-worker-0] INFO  utils.BackgroundService (BackgroundService.java:shutdown(132)) - Shutting down service BlockDeletingService
2022-06-16 16:19:00,750 [Listener at 127.0.0.1/37419] INFO  statemachine.DatanodeStateMachine (DatanodeStateMachine.java:stopDaemon(572)) - Ozone container server stopped.
2022-06-16 16:19:00,757 [Listener at 127.0.0.1/37419] INFO  handler.ContextHandler (ContextHandler.java:doStop(1153)) - Stopped o.e.j.w.WebAppContext@2ae1e7e0{hddsDatanode,/,null,STOPPED}{jar:file:/home/runner/.m2/repository/org/apache/ozone/hdds-container-service/1.3.0-SNAPSHOT/hdds-container-service-1.3.0-SNAPSHOT.jar!/webapps/hddsDatanode}
2022-06-16 16:19:00,761 [ForkJoinPool.commonPool-worker-0] INFO  statemachine.DatanodeStateMachine (DatanodeStateMachine.java:stopDaemon(572)) - Ozone container server stopped.
2022-06-16 16:19:00,764 [Listener at 127.0.0.1/37419] INFO  server.AbstractConnector (AbstractConnector.java:doStop(381)) - Stopped ServerConnector@7c77f8a9{HTTP/1.1, (http/1.1)}{0.0.0.0:0}
2022-06-16 16:19:00,765 [Listener at 127.0.0.1/37419] INFO  server.session (HouseKeeper.java:stopScavenging(149)) - node0 Stopped scavenging
2022-06-16 16:19:00,771 [Listener at 127.0.0.1/37419] INFO  handler.ContextHandler (ContextHandler.java:doStop(1153)) - Stopped o.e.j.s.ServletContextHandler@237c65fc{static,/static,jar:file:/home/runner/.m2/repository/org/apache/ozone/hdds-container-service/1.3.0-SNAPSHOT/hdds-container-service-1.3.0-SNAPSHOT.jar!/webapps/static,STOPPED}
2022-06-16 16:19:00,771 [Listener at 127.0.0.1/37419] INFO  handler.ContextHandler (ContextHandler.java:doStop(1153)) - Stopped o.e.j.s.ServletContextHandler@4c8ad614{logs,/logs,file:///home/runner/work/ozone/ozone/hadoop-ozone/integration-test/target/log,STOPPED}
2022-06-16 16:19:00,782 [ForkJoinPool.commonPool-worker-0] INFO  handler.ContextHandler (ContextHandler.java:doStop(1153)) - Stopped o.e.j.w.WebAppContext@4b0d7cb5{hddsDatanode,/,null,STOPPED}{jar:file:/home/runner/.m2/repository/org/apache/ozone/hdds-container-service/1.3.0-SNAPSHOT/hdds-container-service-1.3.0-SNAPSHOT.jar!/webapps/hddsDatanode}
2022-06-16 16:19:00,782 [ForkJoinPool.commonPool-worker-0] INFO  server.AbstractConnector (AbstractConnector.java:doStop(381)) - Stopped ServerConnector@2966695e{HTTP/1.1, (http/1.1)}{0.0.0.0:0}
2022-06-16 16:19:00,782 [ForkJoinPool.commonPool-worker-0] INFO  server.session (HouseKeeper.java:stopScavenging(149)) - node0 Stopped scavenging
2022-06-16 16:19:00,791 [ForkJoinPool.commonPool-worker-0] INFO  handler.ContextHandler (ContextHandler.java:doStop(1153)) - Stopped o.e.j.s.ServletContextHandler@536b669{static,/static,jar:file:/home/runner/.m2/repository/org/apache/ozone/hdds-container-service/1.3.0-SNAPSHOT/hdds-container-service-1.3.0-SNAPSHOT.jar!/webapps/static,STOPPED}
2022-06-16 16:19:00,791 [ForkJoinPool.commonPool-worker-0] INFO  handler.ContextHandler (ContextHandler.java:doStop(1153)) - Stopped o.e.j.s.ServletContextHandler@4f45e1a4{logs,/logs,file:///home/runner/work/ozone/ozone/hadoop-ozone/integration-test/target/log,STOPPED}
2022-06-16 16:19:05,791 [Listener at 127.0.0.1/37419] INFO  ozoneimpl.OzoneContainer (OzoneContainer.java:stop(365)) - Attempting to stop container services.
2022-06-16 16:19:05,791 [Listener at 127.0.0.1/37419] INFO  server.RaftServer (RaftServerProxy.java:lambda$close$7(398)) - b9c7e550-1e67-440a-bf61-dc5bd635558b: close
2022-06-16 16:19:05,791 [Listener at 127.0.0.1/37419] INFO  server.RaftServer$Division (RaftServerImpl.java:lambda$close$4(434)) - b9c7e550-1e67-440a-bf61-dc5bd635558b@group-026CAB4A1F5F: shutdown
2022-06-16 16:19:05,792 [Listener at 127.0.0.1/37419] INFO  util.JmxRegister (JmxRegister.java:unregister(73)) - Successfully un-registered JMX Bean with object name Ratis:service=RaftServer,group=group-026CAB4A1F5F,id=b9c7e550-1e67-440a-bf61-dc5bd635558b
2022-06-16 16:19:05,792 [Listener at 127.0.0.1/37419] INFO  impl.RoleInfo (RoleInfo.java:shutdownLeaderState(93)) - b9c7e550-1e67-440a-bf61-dc5bd635558b: shutdown b9c7e550-1e67-440a-bf61-dc5bd635558b@group-026CAB4A1F5F-LeaderStateImpl
2022-06-16 16:19:05,792 [Listener at 127.0.0.1/37419] INFO  impl.PendingRequests (PendingRequests.java:sendNotLeaderResponses(282)) - b9c7e550-1e67-440a-bf61-dc5bd635558b@group-026CAB4A1F5F-PendingRequests: sendNotLeaderResponses
2022-06-16 16:19:05,792 [Listener at 127.0.0.1/37419] INFO  impl.StateMachineUpdater (StateMachineUpdater.java:stopAndJoin(153)) - b9c7e550-1e67-440a-bf61-dc5bd635558b@group-026CAB4A1F5F-StateMachineUpdater: set stopIndex = 0
2022-06-16 16:19:05,792 [b9c7e550-1e67-440a-bf61-dc5bd635558b@group-026CAB4A1F5F-StateMachineUpdater] INFO  ratis.ContainerStateMachine (ContainerStateMachine.java:takeSnapshot(304)) - group-026CAB4A1F5F: Taking a snapshot at:(t:1, i:0) file /home/runner/work/ozone/ozone/hadoop-ozone/integration-test/target/test-dir/MiniOzoneClusterImpl-56990420-bd6f-4635-88fd-a0a02cb22c91/datanode-3/data/ratis/f8bd5373-e916-4042-9347-026cab4a1f5f/sm/snapshot.1_0
2022-06-16 16:19:05,796 [b9c7e550-1e67-440a-bf61-dc5bd635558b@group-026CAB4A1F5F-StateMachineUpdater] INFO  ratis.ContainerStateMachine (ContainerStateMachine.java:takeSnapshot(315)) - group-026CAB4A1F5F: Finished taking a snapshot at:(t:1, i:0) file:/home/runner/work/ozone/ozone/hadoop-ozone/integration-test/target/test-dir/MiniOzoneClusterImpl-56990420-bd6f-4635-88fd-a0a02cb22c91/datanode-3/data/ratis/f8bd5373-e916-4042-9347-026cab4a1f5f/sm/snapshot.1_0 took: 4 ms
2022-06-16 16:19:05,796 [b9c7e550-1e67-440a-bf61-dc5bd635558b@group-026CAB4A1F5F-StateMachineUpdater] INFO  impl.StateMachineUpdater (StateMachineUpdater.java:takeSnapshot(287)) - b9c7e550-1e67-440a-bf61-dc5bd635558b@group-026CAB4A1F5F-StateMachineUpdater: Took a snapshot at index 0
2022-06-16 16:19:05,796 [b9c7e550-1e67-440a-bf61-dc5bd635558b@group-026CAB4A1F5F-StateMachineUpdater] INFO  impl.StateMachineUpdater (StateMachineUpdater.java:lambda$new$0(92)) - b9c7e550-1e67-440a-bf61-dc5bd635558b@group-026CAB4A1F5F-StateMachineUpdater: snapshotIndex: updateIncreasingly -1 -> 0
2022-06-16 16:19:05,796 [Listener at 127.0.0.1/37419] INFO  server.RaftServer$Division (ServerState.java:close(429)) - b9c7e550-1e67-440a-bf61-dc5bd635558b@group-026CAB4A1F5F: closes. applyIndex: 0
2022-06-16 16:19:05,798 [b9c7e550-1e67-440a-bf61-dc5bd635558b@group-026CAB4A1F5F-SegmentedRaftLogWorker] INFO  segmented.SegmentedRaftLogWorker (SegmentedRaftLogWorker.java:run(336)) - b9c7e550-1e67-440a-bf61-dc5bd635558b@group-026CAB4A1F5F-SegmentedRaftLogWorker was interrupted, exiting. There are 0 tasks remaining in the queue.
2022-06-16 16:19:05,798 [Listener at 127.0.0.1/37419] INFO  segmented.SegmentedRaftLogWorker (SegmentedRaftLogWorker.java:close(246)) - b9c7e550-1e67-440a-bf61-dc5bd635558b@group-026CAB4A1F5F-SegmentedRaftLogWorker close()
2022-06-16 16:19:05,798 [Listener at 127.0.0.1/37419] INFO  server.GrpcService (GrpcService.java:closeImpl(269)) - b9c7e550-1e67-440a-bf61-dc5bd635558b: shutdown server with port 40443 now
2022-06-16 16:19:05,800 [Listener at 127.0.0.1/37419] INFO  server.GrpcService (GrpcService.java:closeImpl(278)) - b9c7e550-1e67-440a-bf61-dc5bd635558b: shutdown server with port 40443 successfully
2022-06-16 16:19:05,800 [org.apache.ratis.util.JvmPauseMonitor$$Lambda$611/1702991963@2d23b49d] INFO  util.JvmPauseMonitor (JvmPauseMonitor.java:run(109)) - JvmPauseMonitor-b9c7e550-1e67-440a-bf61-dc5bd635558b: Stopped
2022-06-16 16:19:07,822 [Listener at 127.0.0.1/37419] INFO  utils.BackgroundService (BackgroundService.java:shutdown(132)) - Shutting down service BlockDeletingService
2022-06-16 16:19:10,824 [Listener at 127.0.0.1/37419] INFO  statemachine.DatanodeStateMachine (DatanodeStateMachine.java:stopDaemon(572)) - Ozone container server stopped.
2022-06-16 16:19:10,832 [Listener at 127.0.0.1/37419] INFO  handler.ContextHandler (ContextHandler.java:doStop(1153)) - Stopped o.e.j.w.WebAppContext@7543fe74{hddsDatanode,/,null,STOPPED}{jar:file:/home/runner/.m2/repository/org/apache/ozone/hdds-container-service/1.3.0-SNAPSHOT/hdds-container-service-1.3.0-SNAPSHOT.jar!/webapps/hddsDatanode}
2022-06-16 16:19:10,838 [Listener at 127.0.0.1/37419] INFO  server.AbstractConnector (AbstractConnector.java:doStop(381)) - Stopped ServerConnector@6434c4c9{HTTP/1.1, (http/1.1)}{0.0.0.0:0}
2022-06-16 16:19:10,838 [Listener at 127.0.0.1/37419] INFO  server.session (HouseKeeper.java:stopScavenging(149)) - node0 Stopped scavenging
2022-06-16 16:19:10,838 [Listener at 127.0.0.1/37419] INFO  handler.ContextHandler (ContextHandler.java:doStop(1153)) - Stopped o.e.j.s.ServletContextHandler@264f5eda{static,/static,jar:file:/home/runner/.m2/repository/org/apache/ozone/hdds-container-service/1.3.0-SNAPSHOT/hdds-container-service-1.3.0-SNAPSHOT.jar!/webapps/static,STOPPED}
2022-06-16 16:19:10,839 [Listener at 127.0.0.1/37419] INFO  handler.ContextHandler (ContextHandler.java:doStop(1153)) - Stopped o.e.j.s.ServletContextHandler@33deeb18{logs,/logs,file:///home/runner/work/ozone/ozone/hadoop-ozone/integration-test/target/log,STOPPED}
2022-06-16 16:19:10,842 [Listener at 127.0.0.1/37419] INFO  ozone.MiniOzoneClusterImpl (MiniOzoneClusterImpl.java:stopSCM(545)) - Stopping the StorageContainerManager
2022-06-16 16:19:10,843 [Listener at 127.0.0.1/37419] INFO  server.StorageContainerManager (StorageContainerManager.java:stop(1501)) - Container Balancer is not running.
2022-06-16 16:19:10,843 [Listener at 127.0.0.1/37419] INFO  server.StorageContainerManager (StorageContainerManager.java:stop(1508)) - Stopping Replication Manager Service.
2022-06-16 16:19:10,843 [Listener at 127.0.0.1/37419] INFO  replication.ReplicationManager (ReplicationManager.java:stop(212)) - Stopping Replication Monitor Thread.
2022-06-16 16:19:10,843 [Listener at 127.0.0.1/37419] INFO  server.StorageContainerManager (StorageContainerManager.java:stop(1515)) - Stopping the Datanode Admin Monitor.
2022-06-16 16:19:10,843 [ReplicationMonitor] INFO  replication.ReplicationManager (ReplicationManager.java:run(270)) - Replication Monitor Thread is stopped
2022-06-16 16:19:10,843 [Listener at 127.0.0.1/37419] INFO  server.StorageContainerManager (StorageContainerManager.java:stop(1522)) - Stopping Lease Manager of the command watchers
2022-06-16 16:19:10,843 [Listener at 127.0.0.1/37419] INFO  server.StorageContainerManager (StorageContainerManager.java:stop(1529)) - Stopping datanode service RPC server
2022-06-16 16:19:10,843 [Listener at 127.0.0.1/37419] INFO  server.SCMDatanodeProtocolServer (SCMDatanodeProtocolServer.java:stop(400)) - Stopping the RPC server for DataNodes
2022-06-16 16:19:10,843 [Listener at 127.0.0.1/37419] INFO  ipc.Server (Server.java:stop(3414)) - Stopping server on 43131
2022-06-16 16:19:10,849 [IPC Server listener on 0] INFO  ipc.Server (Server.java:run(1376)) - Stopping IPC Server listener on 0
2022-06-16 16:19:10,854 [IPC Server Responder] INFO  ipc.Server (Server.java:run(1512)) - Stopping IPC Server Responder
2022-06-16 16:19:10,938 [SCM Heartbeat Processing Thread - 0] WARN  node.NodeStateManager (NodeStateManager.java:scheduleNextHealthCheck(848)) - Current Thread is interrupted, shutting down HB processing thread for Node Manager.
2022-06-16 16:19:10,938 [Listener at 127.0.0.1/37419] INFO  server.StorageContainerManager (StorageContainerManager.java:stop(1537)) - Stopping block service RPC server
2022-06-16 16:19:10,939 [Listener at 127.0.0.1/37419] INFO  server.SCMBlockProtocolServer (SCMBlockProtocolServer.java:stop(160)) - Stopping the RPC server for Block Protocol
2022-06-16 16:19:10,939 [Listener at 127.0.0.1/37419] INFO  ipc.Server (Server.java:stop(3414)) - Stopping server on 36515
2022-06-16 16:19:10,946 [Listener at 127.0.0.1/37419] INFO  server.StorageContainerManager (StorageContainerManager.java:stop(1544)) - Stopping the StorageContainerLocationProtocol RPC server
2022-06-16 16:19:10,947 [Listener at 127.0.0.1/37419] INFO  server.SCMClientProtocolServer (SCMClientProtocolServer.java:stop(178)) - Stopping the RPC server for Client Protocol
2022-06-16 16:19:10,947 [Listener at 127.0.0.1/37419] INFO  ipc.Server (Server.java:stop(3414)) - Stopping server on 39891
2022-06-16 16:19:10,947 [IPC Server Responder] INFO  ipc.Server (Server.java:run(1512)) - Stopping IPC Server Responder
2022-06-16 16:19:10,948 [IPC Server listener on 0] INFO  ipc.Server (Server.java:run(1376)) - Stopping IPC Server listener on 0
2022-06-16 16:19:10,949 [Listener at 127.0.0.1/37419] INFO  server.StorageContainerManager (StorageContainerManager.java:stop(1551)) - Stopping Storage Container Manager HTTP server.
2022-06-16 16:19:10,950 [Listener at 127.0.0.1/37419] INFO  handler.ContextHandler (ContextHandler.java:doStop(1153)) - Stopped o.e.j.w.WebAppContext@3d9cba2{scm,/,null,STOPPED}{file:/home/runner/work/ozone/ozone/hadoop-ozone/integration-test/target/test-classes/webapps/scm}
2022-06-16 16:19:10,950 [IPC Server Responder] INFO  ipc.Server (Server.java:run(1512)) - Stopping IPC Server Responder
2022-06-16 16:19:10,950 [IPC Server listener on 0] INFO  ipc.Server (Server.java:run(1376)) - Stopping IPC Server listener on 0
2022-06-16 16:19:10,951 [Listener at 127.0.0.1/37419] INFO  server.AbstractConnector (AbstractConnector.java:doStop(381)) - Stopped ServerConnector@6e54bef6{HTTP/1.1, (http/1.1)}{0.0.0.0:0}
2022-06-16 16:19:10,951 [Listener at 127.0.0.1/37419] INFO  server.session (HouseKeeper.java:stopScavenging(149)) - node0 Stopped scavenging
2022-06-16 16:19:10,951 [Listener at 127.0.0.1/37419] INFO  handler.ContextHandler (ContextHandler.java:doStop(1153)) - Stopped o.e.j.s.ServletContextHandler@24bdd996{static,/static,file:///home/runner/work/ozone/ozone/hadoop-ozone/integration-test/target/test-classes/webapps/static,STOPPED}
2022-06-16 16:19:10,951 [Listener at 127.0.0.1/37419] INFO  handler.ContextHandler (ContextHandler.java:doStop(1153)) - Stopped o.e.j.s.ServletContextHandler@1f370472{logs,/logs,file:///home/runner/work/ozone/ozone/hadoop-ozone/integration-test/target/log,STOPPED}
2022-06-16 16:19:10,966 [Listener at 127.0.0.1/37419] INFO  server.StorageContainerManager (StorageContainerManager.java:stop(1562)) - Stopping Block Manager Service.
2022-06-16 16:19:10,966 [Listener at 127.0.0.1/37419] INFO  utils.BackgroundService (BackgroundService.java:shutdown(132)) - Shutting down service SCMBlockDeletingService
2022-06-16 16:19:10,966 [Listener at 127.0.0.1/37419] INFO  utils.BackgroundService (BackgroundService.java:shutdown(132)) - Shutting down service SCMBlockDeletingService
2022-06-16 16:19:10,967 [Listener at 127.0.0.1/37419] INFO  server.StorageContainerManager (StorageContainerManager.java:stop(1589)) - Stopping SCM Event Queue.
2022-06-16 16:19:10,968 [Listener at 127.0.0.1/37419] INFO  server.StorageContainerManager (StorageContainerManager.java:stop(1600)) - Stopping SCM HA services.
2022-06-16 16:19:10,968 [Listener at 127.0.0.1/37419] INFO  pipeline.BackgroundPipelineCreator (BackgroundPipelineCreator.java:stop(150)) - Stopping RatisPipelineUtilsThread.
2022-06-16 16:19:10,968 [RatisPipelineUtilsThread - 0] WARN  pipeline.BackgroundPipelineCreator (BackgroundPipelineCreator.java:run(177)) - RatisPipelineUtilsThread is interrupted.
2022-06-16 16:19:10,970 [BackgroundPipelineScrubberThread] WARN  BackgroundPipelineScrubber (BackgroundSCMService.java:run(110)) - BackgroundPipelineScrubber is interrupted, exit
2022-06-16 16:19:10,970 [Listener at 127.0.0.1/37419] INFO  BackgroundPipelineScrubber (BackgroundSCMService.java:stop(126)) - Stopping BackgroundPipelineScrubber Service.
2022-06-16 16:19:10,970 [Listener at 127.0.0.1/37419] INFO  server.StorageContainerManager (StorageContainerManager.java:stop(1610)) - Stopping SCM MetadataStore.
2022-06-16 16:19:10,972 [Listener at 127.0.0.1/37419] INFO  impl.MetricsSystemImpl (MetricsSystemImpl.java:stop(210)) - Stopping XceiverClientMetrics metrics system...
2022-06-16 16:19:10,981 [prometheus] INFO  impl.MetricsSinkAdapter (MetricsSinkAdapter.java:publishMetricsFromQueue(141)) - prometheus thread interrupted.
2022-06-16 16:19:10,981 [Listener at 127.0.0.1/37419] INFO  impl.MetricsSystemImpl (MetricsSystemImpl.java:stop(216)) - XceiverClientMetrics metrics system stopped.
2022-06-16 16:19:11,158 [Listener at 127.0.0.1/37419] WARN  server.ServerUtils (ServerUtils.java:getScmDbDir(148)) - ozone.scm.db.dirs is not configured. We recommend adding this setting. Falling back to ozone.metadata.dirs instead.
2022-06-16 16:19:11,165 [Listener at 127.0.0.1/37419] INFO  ha.SCMHANodeDetails (SCMHANodeDetails.java:loadSCMHAConfig(160)) - ServiceID for StorageContainerManager is null
2022-06-16 16:19:11,165 [Listener at 127.0.0.1/37419] INFO  ha.SCMHANodeDetails (SCMHANodeDetails.java:loadSCMHAConfig(165)) - ozone.scm.default.service.id is not defined, falling back to ozone.scm.service.ids to find serviceID for StorageContainerManager if it is HA enabled cluster
2022-06-16 16:19:11,166 [Listener at 127.0.0.1/37419] WARN  server.ServerUtils (ServerUtils.java:getScmDbDir(148)) - ozone.scm.db.dirs is not configured. We recommend adding this setting. Falling back to ozone.metadata.dirs instead.
2022-06-16 16:19:11,166 [Listener at 127.0.0.1/37419] WARN  utils.HAUtils (HAUtils.java:getMetaDir(342)) - ozone.scm.db.dirs is not configured. We recommend adding this setting. Falling back to ozone.metadata.dirs instead.
2022-06-16 16:19:11,167 [Listener at 127.0.0.1/37419] WARN  db.DBStoreBuilder (DBStoreBuilder.java:applyDBDefinition(145)) - ozone.scm.db.dirs is not configured. We recommend adding this setting. Falling back to ozone.metadata.dirs instead.
2022-06-16 16:19:11,367 [Listener at 127.0.0.1/37419] INFO  net.NodeSchemaLoader (NodeSchemaLoader.java:loadSchemaFromFile(129)) - Loading schema from [jar:file:/home/runner/.m2/repository/org/apache/ozone/hdds-common/1.3.0-SNAPSHOT/hdds-common-1.3.0-SNAPSHOT.jar!/network-topology-default.xml]
2022-06-16 16:19:11,367 [Listener at 127.0.0.1/37419] INFO  net.NodeSchemaLoader (NodeSchemaLoader.java:loadSchema(176)) - Loading network topology layer schema file
2022-06-16 16:19:11,370 [Listener at 127.0.0.1/37419] INFO  upgrade.AbstractLayoutVersionManager (AbstractLayoutVersionManager.java:init(82)) - Initializing Layout version manager with metadata layout = DATANODE_SCHEMA_V3 (version = 4), software layout = DATANODE_SCHEMA_V3 (version = 4)
2022-06-16 16:19:11,487 [Listener at 127.0.0.1/37419] INFO  reflections.Reflections (Reflections.java:scan(232)) - Reflections took 116 ms to scan 7 urls, producing 131 keys and 311 values 
2022-06-16 16:19:11,498 [Listener at 127.0.0.1/37419] INFO  ha.SequenceIdGenerator (SequenceIdGenerator.java:upgradeToSequenceId(347)) - upgrade localId to 109611004723200000
2022-06-16 16:19:11,498 [Listener at 127.0.0.1/37419] INFO  ha.SequenceIdGenerator (SequenceIdGenerator.java:upgradeToSequenceId(357)) - upgrade delTxnId to 0
2022-06-16 16:19:11,498 [Listener at 127.0.0.1/37419] INFO  ha.SequenceIdGenerator (SequenceIdGenerator.java:upgradeToSequenceId(374)) - upgrade containerId to 0
2022-06-16 16:19:11,498 [Listener at 127.0.0.1/37419] INFO  ha.SequenceIdGenerator (SequenceIdGenerator.java:<init>(218)) - Init the HA SequenceIdGenerator.
2022-06-16 16:19:11,499 [Listener at 127.0.0.1/37419] WARN  server.ServerUtils (ServerUtils.java:sanitizeUserArgs(73)) - ozone.scm.stale.node.interval value = 300000 is larger than max = 100000 based on the key value of ozone.scm.heartbeat.thread.interval, reset to the max value 100000.
2022-06-16 16:19:11,499 [Listener at 127.0.0.1/37419] WARN  server.ServerUtils (ServerUtils.java:sanitizeUserArgs(73)) - ozone.scm.stale.node.interval value = 300000 is larger than max = 100000 based on the key value of ozone.scm.heartbeat.thread.interval, reset to the max value 100000.
2022-06-16 16:19:11,506 [Listener at 127.0.0.1/37419] INFO  node.SCMNodeManager (SCMNodeManager.java:<init>(149)) - Entering startup safe mode.
2022-06-16 16:19:11,506 [Listener at 127.0.0.1/37419] INFO  algorithms.ContainerPlacementPolicyFactory (ContainerPlacementPolicyFactory.java:getPolicyInternal(86)) - Create container placement policy of type org.apache.hadoop.hdds.scm.container.placement.algorithms.SCMContainerPlacementRandom
2022-06-16 16:19:11,507 [Listener at 127.0.0.1/37419] INFO  pipeline.PipelineStateManagerImpl (PipelineStateManagerImpl.java:initialize(78)) - No pipeline exists in current db
2022-06-16 16:19:11,507 [Listener at 127.0.0.1/37419] INFO  algorithms.LeaderChoosePolicyFactory (LeaderChoosePolicyFactory.java:getPolicy(57)) - Create leader choose policy of type org.apache.hadoop.hdds.scm.pipeline.leader.choose.algorithms.MinLeaderCountChoosePolicy
2022-06-16 16:19:11,507 [Listener at 127.0.0.1/37419] INFO  algorithms.ContainerPlacementPolicyFactory (ContainerPlacementPolicyFactory.java:getPolicyInternal(86)) - Create container placement policy of type org.apache.hadoop.hdds.scm.container.placement.algorithms.SCMContainerPlacementRackScatter
2022-06-16 16:19:11,507 [Listener at 127.0.0.1/37419] INFO  pipeline.BackgroundPipelineCreator (BackgroundPipelineCreator.java:start(125)) - Starting RatisPipelineUtilsThread.
2022-06-16 16:19:11,534 [Listener at 127.0.0.1/37419] INFO  BackgroundPipelineScrubber (BackgroundSCMService.java:start(68)) - Starting BackgroundPipelineScrubber Service.
2022-06-16 16:19:11,542 [Listener at 127.0.0.1/37419] INFO  ha.SCMServiceManager (SCMServiceManager.java:register(42)) - Registering service BackgroundPipelineCreator.
2022-06-16 16:19:11,542 [Listener at 127.0.0.1/37419] INFO  ha.SCMServiceManager (SCMServiceManager.java:register(42)) - Registering service BackgroundPipelineScrubber.
2022-06-16 16:19:11,542 [Listener at 127.0.0.1/37419] INFO  ExpiredContainerReplicaOpScrubber (BackgroundSCMService.java:start(68)) - Starting ExpiredContainerReplicaOpScrubber Service.
2022-06-16 16:19:11,550 [Listener at 127.0.0.1/37419] INFO  ha.SCMServiceManager (SCMServiceManager.java:register(42)) - Registering service ExpiredContainerReplicaOpScrubber.
2022-06-16 16:19:11,550 [Listener at 127.0.0.1/37419] INFO  algorithms.PipelineChoosePolicyFactory (PipelineChoosePolicyFactory.java:createPipelineChoosePolicyFromClass(73)) - Create pipeline choose policy of type org.apache.hadoop.hdds.scm.pipeline.choose.algorithms.RandomPipelineChoosePolicy
2022-06-16 16:19:11,551 [Listener at 127.0.0.1/37419] INFO  ha.SCMServiceManager (SCMServiceManager.java:register(42)) - Registering service SCMBlockDeletingService.
2022-06-16 16:19:11,551 [Listener at 127.0.0.1/37419] INFO  ha.SCMServiceManager (SCMServiceManager.java:register(42)) - Registering service ReplicationManager.
2022-06-16 16:19:11,551 [Listener at 127.0.0.1/37419] INFO  replication.ReplicationManager (ReplicationManager.java:start(179)) - Starting Replication Monitor Thread.
2022-06-16 16:19:11,556 [Listener at 127.0.0.1/37419] INFO  safemode.ContainerSafeModeRule (ContainerSafeModeRule.java:<init>(89)) - containers with one replica threshold count 0
2022-06-16 16:19:11,556 [Listener at 127.0.0.1/37419] INFO  safemode.HealthyPipelineSafeModeRule (HealthyPipelineSafeModeRule.java:initializeRule(156)) - Total pipeline count is 0, healthy pipeline threshold count is 1
2022-06-16 16:19:11,556 [Listener at 127.0.0.1/37419] INFO  safemode.OneReplicaPipelineSafeModeRule (OneReplicaPipelineSafeModeRule.java:initializeRule(180)) - Total pipeline count is 0, pipeline's with at least one datanode reported threshold count is 0
2022-06-16 16:19:11,564 [ReplicationMonitor] INFO  replication.ReplicationManager (ReplicationManager.java:processAll(228)) - Replication Manager is not ready to run until 3000ms after safemode exit
2022-06-16 16:19:11,564 [Listener at 127.0.0.1/37419] INFO  ipc.CallQueueManager (CallQueueManager.java:<init>(90)) - Using callQueue: class java.util.concurrent.LinkedBlockingQueue, queueCapacity: 2000, scheduler: class org.apache.hadoop.ipc.DefaultRpcScheduler, ipcBackoff: false.
2022-06-16 16:19:11,565 [Socket Reader #1 for port 0] INFO  ipc.Server (Server.java:run(1265)) - Starting Socket Reader #1 for port 0
2022-06-16 16:19:11,566 [Listener at 0.0.0.0/45905] INFO  ipc.CallQueueManager (CallQueueManager.java:<init>(90)) - Using callQueue: class java.util.concurrent.LinkedBlockingQueue, queueCapacity: 2000, scheduler: class org.apache.hadoop.ipc.DefaultRpcScheduler, ipcBackoff: false.
2022-06-16 16:19:11,570 [Socket Reader #1 for port 0] INFO  ipc.Server (Server.java:run(1265)) - Starting Socket Reader #1 for port 0
2022-06-16 16:19:11,571 [Listener at 0.0.0.0/40363] INFO  ipc.CallQueueManager (CallQueueManager.java:<init>(90)) - Using callQueue: class java.util.concurrent.LinkedBlockingQueue, queueCapacity: 2000, scheduler: class org.apache.hadoop.ipc.DefaultRpcScheduler, ipcBackoff: false.
2022-06-16 16:19:11,571 [Socket Reader #1 for port 0] INFO  ipc.Server (Server.java:run(1265)) - Starting Socket Reader #1 for port 0
2022-06-16 16:19:11,628 [Listener at 0.0.0.0/41589] INFO  ha.SCMServiceManager (SCMServiceManager.java:register(42)) - Registering service ContainerBalancer.
2022-06-16 16:19:11,628 [Listener at 0.0.0.0/41589] INFO  server.StorageContainerManager (StorageContainerManager.java:<init>(398)) - 
Container Balancer status:
Key                            Value
Running                        false
Container Balancer Configuration values:
Key                                                Value
Threshold                                          10
Max Datanodes to Involve per Iteration(percent)    20
Max Size to Move per Iteration                     500GB
Max Size Entering Target per Iteration             26GB
Max Size Leaving Source per Iteration              26GB

2022-06-16 16:19:11,628 [Listener at 0.0.0.0/41589] WARN  events.EventQueue (EventQueue.java:fireEvent(194)) - No event handler registered for event TypedEvent{payloadType=SafeModeStatus, name='Safe mode status'}
2022-06-16 16:19:11,629 [Listener at 0.0.0.0/41589] INFO  ha.SCMContext (SCMContext.java:updateSafeModeStatus(228)) - Update SafeModeStatus from SafeModeStatus{safeModeStatus=true, preCheckPassed=false} to SafeModeStatus{safeModeStatus=true, preCheckPassed=false}.
2022-06-16 16:19:11,629 [Listener at 0.0.0.0/41589] INFO  server.StorageContainerManager (StorageContainerManager.java:start(1409)) - StorageContainerLocationProtocol RPC server is listening at /0.0.0.0:41589
2022-06-16 16:19:11,635 [Listener at 0.0.0.0/41589] WARN  impl.MetricsConfig (MetricsConfig.java:loadFirst(136)) - Cannot locate configuration: tried hadoop-metrics2-storagecontainermanager.properties,hadoop-metrics2.properties
2022-06-16 16:19:11,650 [Listener at 0.0.0.0/41589] INFO  impl.MetricsSystemImpl (MetricsSystemImpl.java:startTimer(378)) - Scheduled Metric snapshot period at 10 second(s).
2022-06-16 16:19:11,650 [Listener at 0.0.0.0/41589] INFO  impl.MetricsSystemImpl (MetricsSystemImpl.java:start(191)) - StorageContainerManager metrics system started
2022-06-16 16:19:11,714 [Listener at 0.0.0.0/41589] INFO  impl.MetricsSinkAdapter (MetricsSinkAdapter.java:start(204)) - Sink prometheus started
2022-06-16 16:19:11,714 [Listener at 0.0.0.0/41589] INFO  impl.MetricsSystemImpl (MetricsSystemImpl.java:registerSink(305)) - Registered sink prometheus
2022-06-16 16:19:11,763 [Listener at 0.0.0.0/41589] INFO  server.SCMClientProtocolServer (SCMClientProtocolServer.java:start(169)) - RPC server for Client  is listening at /0.0.0.0:41589
2022-06-16 16:19:11,773 [IPC Server listener on 0] INFO  ipc.Server (Server.java:run(1344)) - IPC Server listener on 0: starting
2022-06-16 16:19:11,774 [IPC Server Responder] INFO  ipc.Server (Server.java:run(1507)) - IPC Server Responder: starting
2022-06-16 16:19:11,946 [Listener at 0.0.0.0/41589] INFO  server.StorageContainerManager (StorageContainerManager.java:start(1424)) - ScmBlockLocationProtocol RPC server is listening at /0.0.0.0:40363
2022-06-16 16:19:11,946 [Listener at 0.0.0.0/41589] INFO  server.SCMBlockProtocolServer (SCMBlockProtocolServer.java:start(151)) - RPC server for Block Protocol is listening at /0.0.0.0:40363
2022-06-16 16:19:11,966 [IPC Server Responder] INFO  ipc.Server (Server.java:run(1507)) - IPC Server Responder: starting
2022-06-16 16:19:11,974 [IPC Server listener on 0] INFO  ipc.Server (Server.java:run(1344)) - IPC Server listener on 0: starting
2022-06-16 16:19:11,977 [Listener at 0.0.0.0/41589] INFO  server.SCMDatanodeProtocolServer (SCMDatanodeProtocolServer.java:start(183)) - ScmDatanodeProtocol RPC server for DataNodes is listening at /0.0.0.0:45905
2022-06-16 16:19:11,977 [IPC Server Responder] INFO  ipc.Server (Server.java:run(1507)) - IPC Server Responder: starting
2022-06-16 16:19:11,977 [IPC Server listener on 0] INFO  ipc.Server (Server.java:run(1344)) - IPC Server listener on 0: starting
2022-06-16 16:19:12,066 [Listener at 0.0.0.0/41589] INFO  http.BaseHttpServer (BaseHttpServer.java:newHttpServer2BuilderForOzone(209)) - Starting Web-server for scm at: http://0.0.0.0:0
2022-06-16 16:19:12,066 [Listener at 0.0.0.0/41589] INFO  http.BaseHttpServer (BaseHttpServer.java:<init>(107)) - Hadoop Security Enabled: false Ozone Security Enabled: false Ozone HTTP Security Enabled: false 
2022-06-16 16:19:12,068 [Listener at 0.0.0.0/41589] INFO  server.AuthenticationFilter (AuthenticationFilter.java:constructSecretProvider(240)) - Unable to initialize FileSignerSecretProvider, falling back to use random secrets.
2022-06-16 16:19:12,075 [org.apache.hadoop.util.JvmPauseMonitor$Monitor@5d632fe9] INFO  util.JvmPauseMonitor (JvmPauseMonitor.java:run(188)) - Starting JVM pause monitor
2022-06-16 16:19:12,082 [Listener at 0.0.0.0/41589] WARN  http.HttpRequestLog (HttpRequestLog.java:getRequestLog(103)) - Jetty request log can only be enabled using Log4j
2022-06-16 16:19:12,083 [Listener at 0.0.0.0/41589] INFO  http.HttpServer2 (HttpServer2.java:addGlobalFilter(1029)) - Added global filter 'safety' (class=org.apache.hadoop.hdds.server.http.HttpServer2$QuotingInputFilter)
2022-06-16 16:19:12,084 [Listener at 0.0.0.0/41589] INFO  http.HttpServer2 (HttpServer2.java:addFilter(1005)) - Added filter static_user_filter (class=org.apache.hadoop.http.lib.StaticUserWebFilter$StaticUserFilter) to context scm
2022-06-16 16:19:12,084 [Listener at 0.0.0.0/41589] INFO  http.HttpServer2 (HttpServer2.java:addFilter(1013)) - Added filter static_user_filter (class=org.apache.hadoop.http.lib.StaticUserWebFilter$StaticUserFilter) to context static
2022-06-16 16:19:12,084 [Listener at 0.0.0.0/41589] INFO  http.HttpServer2 (HttpServer2.java:addFilter(1013)) - Added filter static_user_filter (class=org.apache.hadoop.http.lib.StaticUserWebFilter$StaticUserFilter) to context logs
2022-06-16 16:19:12,085 [Listener at 0.0.0.0/41589] INFO  http.HttpServer2 (HttpServer2.java:bindListener(1248)) - Jetty bound to port 42341
2022-06-16 16:19:12,085 [Listener at 0.0.0.0/41589] INFO  server.Server (Server.java:doStart(375)) - jetty-9.4.43.v20210629; built: 2021-06-30T11:07:22.254Z; git: 526006ecfa3af7f1a27ef3a288e2bef7ea9dd7e8; jvm 1.8.0_332-b09
2022-06-16 16:19:12,138 [Listener at 0.0.0.0/41589] INFO  server.session (DefaultSessionIdManager.java:doStart(334)) - DefaultSessionIdManager workerName=node0
2022-06-16 16:19:12,138 [Listener at 0.0.0.0/41589] INFO  server.session (DefaultSessionIdManager.java:doStart(339)) - No SessionScavenger set, using defaults
2022-06-16 16:19:12,138 [Listener at 0.0.0.0/41589] INFO  server.session (HouseKeeper.java:startScavenging(132)) - node0 Scavenging every 660000ms
2022-06-16 16:19:12,146 [Listener at 0.0.0.0/41589] INFO  handler.ContextHandler (ContextHandler.java:doStart(915)) - Started o.e.j.s.ServletContextHandler@3b1e96c2{logs,/logs,file:///home/runner/work/ozone/ozone/hadoop-ozone/integration-test/target/log,AVAILABLE}
2022-06-16 16:19:12,147 [Listener at 0.0.0.0/41589] INFO  handler.ContextHandler (ContextHandler.java:doStart(915)) - Started o.e.j.s.ServletContextHandler@4c1fd225{static,/static,file:///home/runner/work/ozone/ozone/hadoop-ozone/integration-test/target/test-classes/webapps/static,AVAILABLE}
2022-06-16 16:19:12,150 [Listener at 0.0.0.0/41589] INFO  handler.ContextHandler (ContextHandler.java:doStart(915)) - Started o.e.j.w.WebAppContext@6b32c686{scm,/,file:///home/runner/work/ozone/ozone/hadoop-ozone/integration-test/target/test-classes/webapps/scm/,AVAILABLE}{file:/home/runner/work/ozone/ozone/hadoop-ozone/integration-test/target/test-classes/webapps/scm}
2022-06-16 16:19:12,178 [Listener at 0.0.0.0/41589] INFO  server.AbstractConnector (AbstractConnector.java:doStart(331)) - Started ServerConnector@3e94ff8a{HTTP/1.1, (http/1.1)}{0.0.0.0:42341}
2022-06-16 16:19:12,179 [Listener at 0.0.0.0/41589] INFO  server.Server (Server.java:doStart(415)) - Started @74814ms
2022-06-16 16:19:12,179 [Listener at 0.0.0.0/41589] WARN  impl.MetricsSystemImpl (MetricsSystemImpl.java:register(279)) - Sink prometheus already exists!
2022-06-16 16:19:12,179 [Listener at 0.0.0.0/41589] INFO  http.BaseHttpServer (BaseHttpServer.java:updateConnectorAddress(329)) - HTTP server of scm listening at http://0.0.0.0:42341
2022-06-16 16:19:12,180 [Listener at 0.0.0.0/41589] WARN  server.ServerUtils (ServerUtils.java:getDBPath(225)) - ozone.om.db.dirs is not configured. We recommend adding this setting. Falling back to ozone.metadata.dirs instead.
2022-06-16 16:19:12,181 [Listener at 0.0.0.0/41589] INFO  ha.OMHANodeDetails (OMHANodeDetails.java:loadOMHAConfig(115)) - ozone.om.internal.service.id is not defined, falling back to ozone.om.service.ids to find serviceID for OzoneManager if it is HA enabled cluster
2022-06-16 16:19:12,181 [Listener at 0.0.0.0/41589] INFO  ha.OMHANodeDetails (OMHANodeDetails.java:loadOMHAConfig(226)) - Configuration does not have ozone.om.address set. Falling back to the default OM address /127.0.0.1:0
2022-06-16 16:19:12,181 [Listener at 0.0.0.0/41589] INFO  ha.OMHANodeDetails (OMHANodeDetails.java:getOMNodeDetailsForNonHA(254)) - OM Service ID is not set. Setting it to the default ID: omServiceIdDefault
2022-06-16 16:19:12,182 [Listener at 0.0.0.0/41589] INFO  ha.OMHANodeDetails (OMHANodeDetails.java:getOMNodeDetailsForNonHA(261)) - OM Node ID is not set. Setting it to the default ID: om1
2022-06-16 16:19:12,182 [Listener at 0.0.0.0/41589] WARN  server.ServerUtils (ServerUtils.java:getDBPath(225)) - ozone.om.db.dirs is not configured. We recommend adding this setting. Falling back to ozone.metadata.dirs instead.
2022-06-16 16:19:12,182 [Listener at 0.0.0.0/41589] INFO  upgrade.AbstractLayoutVersionManager (AbstractLayoutVersionManager.java:init(82)) - Initializing Layout version manager with metadata layout = MULTITENANCY_SCHEMA (version = 3), software layout = MULTITENANCY_SCHEMA (version = 3)
2022-06-16 16:19:12,394 [Listener at 0.0.0.0/41589] INFO  reflections.Reflections (Reflections.java:scan(232)) - Reflections took 211 ms to scan 2 urls, producing 153 keys and 431 values [using 2 cores]
2022-06-16 16:19:12,395 [Listener at 0.0.0.0/41589] INFO  upgrade.OMLayoutVersionManager (OMLayoutVersionManager.java:lambda$0(115)) - Skipping Upgrade Action MockOmUpgradeAction since it has been finalized.
2022-06-16 16:19:12,395 [Listener at 0.0.0.0/41589] WARN  server.ServerUtils (ServerUtils.java:getDBPath(225)) - ozone.om.db.dirs is not configured. We recommend adding this setting. Falling back to ozone.metadata.dirs instead.
2022-06-16 16:19:12,395 [Listener at 0.0.0.0/41589] INFO  proxy.SCMBlockLocationFailoverProxyProvider (SCMBlockLocationFailoverProxyProvider.java:<init>(114)) - Created block location fail-over proxy with 1 nodes: [nodeId=scmNodeId,nodeAddress=/0.0.0.0:40363]
2022-06-16 16:19:12,396 [Listener at 0.0.0.0/41589] INFO  proxy.SCMBlockLocationFailoverProxyProvider (SCMBlockLocationFailoverProxyProvider.java:<init>(114)) - Created block location fail-over proxy with 1 nodes: [nodeId=scmNodeId,nodeAddress=/0.0.0.0:40363]
2022-06-16 16:19:12,415 [Listener at 0.0.0.0/41589] WARN  server.ServerUtils (ServerUtils.java:getDBPath(225)) - ozone.om.db.dirs is not configured. We recommend adding this setting. Falling back to ozone.metadata.dirs instead.
2022-06-16 16:19:12,415 [Listener at 0.0.0.0/41589] INFO  codec.OmKeyInfoCodec (OmKeyInfoCodec.java:<init>(49)) - OmKeyInfoCodec ignorePipeline = true
2022-06-16 16:19:12,415 [Listener at 0.0.0.0/41589] INFO  codec.RepeatedOmKeyInfoCodec (RepeatedOmKeyInfoCodec.java:<init>(41)) - RepeatedOmKeyInfoCodec ignorePipeline = true
2022-06-16 16:19:12,722 [Listener at 0.0.0.0/41589] INFO  om.OzoneManager (OzoneManager.java:instantiateServices(692)) - S3 Multi-Tenancy is disabled
2022-06-16 16:19:12,724 [Listener at 0.0.0.0/41589] INFO  om.OzoneManager (OzoneManager.java:addS3GVolumeToDB(4259)) - Created Volume s3v With Owner runner required for S3Gateway operations.
2022-06-16 16:19:12,724 [Listener at 0.0.0.0/41589] WARN  server.ServerUtils (ServerUtils.java:getDefaultRatisDirectory(237)) - Storage directory for Ratis is not configured. It is a good idea to map this to an SSD disk. Falling back to ozone.metadata.dirs
2022-06-16 16:19:12,725 [Listener at 0.0.0.0/41589] WARN  utils.OzoneManagerRatisUtils (OzoneManagerRatisUtils.java:getOMRatisSnapshotDirectory(423)) - ozone.om.ratis.snapshot.dir is not configured. Falling back to ozone.metadata.dirs config
2022-06-16 16:19:12,725 [Listener at 0.0.0.0/41589] WARN  server.ServerUtils (ServerUtils.java:getDefaultRatisDirectory(237)) - Storage directory for Ratis is not configured. It is a good idea to map this to an SSD disk. Falling back to ozone.metadata.dirs
2022-06-16 16:19:12,726 [Listener at 0.0.0.0/41589] INFO  ratis.OzoneManagerRatisServer (OzoneManagerRatisServer.java:<init>(159)) - Instantiating OM Ratis server with groupID: omServiceIdDefault and peers: localhost:9872
2022-06-16 16:19:12,726 [Listener at 0.0.0.0/41589] INFO  ratis.OzoneManagerStateMachine (OzoneManagerStateMachine.java:loadSnapshotInfoFromDB(632)) - LastAppliedIndex is set from TransactionInfo from OM DB as (t:0, i:~)
2022-06-16 16:19:12,734 [Listener at 0.0.0.0/41589] INFO  server.RaftServer (ConfUtils.java:logGet(46)) - raft.rpc.type = GRPC (default)
2022-06-16 16:19:12,734 [Listener at 0.0.0.0/41589] INFO  grpc.GrpcFactory (GrpcFactory.java:checkPooledByteBufAllocatorUseCacheForAllThreads(48)) - PERFORMANCE WARNING: useCacheForAllThreads is true that may cause Netty to create a lot garbage objects and, as a result, trigger GC.
	It is recommended to disable useCacheForAllThreads by setting -Dorg.apache.ratis.thirdparty.io.netty.allocator.useCacheForAllThreads=false in command line.
2022-06-16 16:19:12,734 [Listener at 0.0.0.0/41589] INFO  grpc.GrpcConfigKeys (ConfUtils.java:logGet(46)) - raft.grpc.admin.port = -1 (default)
2022-06-16 16:19:12,734 [Listener at 0.0.0.0/41589] INFO  grpc.GrpcConfigKeys (ConfUtils.java:logGet(46)) - raft.grpc.server.port = 9872 (custom)
2022-06-16 16:19:12,734 [Listener at 0.0.0.0/41589] INFO  grpc.GrpcConfigKeys (ConfUtils.java:logGet(46)) - raft.grpc.client.port = -1 (default)
2022-06-16 16:19:12,734 [Listener at 0.0.0.0/41589] INFO  grpc.GrpcConfigKeys (ConfUtils.java:logGet(46)) - raft.grpc.server.port = 9872 (custom)
2022-06-16 16:19:12,735 [Listener at 0.0.0.0/41589] INFO  grpc.GrpcConfigKeys (ConfUtils.java:logGet(46)) - raft.grpc.server.port = 9872 (custom)
2022-06-16 16:19:12,735 [Listener at 0.0.0.0/41589] INFO  server.GrpcService (ConfUtils.java:logGet(46)) - raft.grpc.message.size.max = 33554432 (custom)
2022-06-16 16:19:12,735 [Listener at 0.0.0.0/41589] INFO  server.RaftServerConfigKeys (ConfUtils.java:logGet(46)) - raft.server.log.appender.buffer.byte-limit = 33554432 (custom)
2022-06-16 16:19:12,735 [Listener at 0.0.0.0/41589] INFO  server.GrpcService (ConfUtils.java:logGet(46)) - raft.grpc.flow.control.window = 1MB (=1048576) (default)
2022-06-16 16:19:12,735 [Listener at 0.0.0.0/41589] INFO  server.RaftServerConfigKeys (ConfUtils.java:logGet(46)) - raft.server.rpc.request.timeout = 3000ms (default)
2022-06-16 16:19:12,735 [Listener at 0.0.0.0/41589] INFO  grpc.GrpcConfigKeys (ConfUtils.java:logGet(46)) - raft.grpc.server.async.request.thread.pool.cached = true (default)
2022-06-16 16:19:12,735 [Listener at 0.0.0.0/41589] INFO  grpc.GrpcConfigKeys (ConfUtils.java:logGet(46)) - raft.grpc.server.async.request.thread.pool.size = 32 (default)
2022-06-16 16:19:12,737 [Listener at 0.0.0.0/41589] INFO  impl.DataStreamServerImpl (ConfUtils.java:logGet(46)) - raft.datastream.type = DISABLED (default)
2022-06-16 16:19:12,737 [Listener at 0.0.0.0/41589] INFO  server.RaftServerConfigKeys (ConfUtils.java:logGet(46)) - raft.server.threadpool.proxy.cached = true (default)
2022-06-16 16:19:12,737 [Listener at 0.0.0.0/41589] INFO  server.RaftServerConfigKeys (ConfUtils.java:logGet(46)) - raft.server.threadpool.proxy.size = 0 (default)
2022-06-16 16:19:12,742 [Listener at 0.0.0.0/41589] INFO  server.RaftServerConfigKeys (ConfUtils.java:logGet(46)) - raft.server.rpc.slowness.timeout = 120s (custom)
2022-06-16 16:19:12,742 [Listener at 0.0.0.0/41589] INFO  server.RaftServerConfigKeys (ConfUtils.java:logGet(46)) - raft.server.leaderelection.leader.step-down.wait-time = 10s (default)
2022-06-16 16:19:12,742 [Listener at 0.0.0.0/41589] INFO  server.RaftServerConfigKeys (ConfUtils.java:logGet(46)) - raft.server.storage.dir = [/home/runner/work/ozone/ozone/hadoop-ozone/integration-test/target/test-dir/MiniOzoneClusterImpl-3714a898-0fe0-42e2-9307-bd15e6fadcd3/ozone-meta/ratis] (custom)
2022-06-16 16:19:12,770 [Listener at 0.0.0.0/41589] INFO  server.RaftServer (RaftServerProxy.java:addNew(96)) - om1: addNew group-C5BA1605619E:[om1|rpc:localhost:9872|priority:0] returns group-C5BA1605619E:java.util.concurrent.CompletableFuture@3a1b07d[Not completed]
2022-06-16 16:19:12,770 [Listener at 0.0.0.0/41589] INFO  om.OzoneManager (OzoneManager.java:initializeRatisServer(1961)) - OzoneManager Ratis server initialized at port 9872
2022-06-16 16:19:12,771 [Listener at 0.0.0.0/41589] INFO  om.OzoneManager (OzoneManager.java:getRpcServer(1081)) - Creating RPC Server
2022-06-16 16:19:12,782 [pool-302-thread-1] INFO  server.RaftServer$Division (RaftServerImpl.java:<init>(190)) - om1: new RaftServerImpl for group-C5BA1605619E:[om1|rpc:localhost:9872|priority:0] with OzoneManagerStateMachine:uninitialized
2022-06-16 16:19:12,782 [pool-302-thread-1] INFO  server.RaftServerConfigKeys (ConfUtils.java:logGet(46)) - raft.server.rpc.timeout.min = 1s (custom)
2022-06-16 16:19:12,782 [pool-302-thread-1] INFO  server.RaftServerConfigKeys (ConfUtils.java:logGet(46)) - raft.server.rpc.timeout.max = 1200ms (custom)
2022-06-16 16:19:12,783 [pool-302-thread-1] INFO  server.RaftServerConfigKeys (ConfUtils.java:logGet(46)) - raft.server.rpc.sleep.time = 25ms (default)
2022-06-16 16:19:12,783 [pool-302-thread-1] INFO  server.RaftServerConfigKeys (ConfUtils.java:logGet(46)) - raft.server.rpc.slowness.timeout = 120s (custom)
2022-06-16 16:19:12,783 [pool-302-thread-1] INFO  server.RaftServerConfigKeys (ConfUtils.java:logGet(46)) - raft.server.leaderelection.leader.step-down.wait-time = 10s (default)
2022-06-16 16:19:12,783 [pool-302-thread-1] INFO  server.RaftServerConfigKeys (ConfUtils.java:logGet(46)) - raft.server.sleep.deviation.threshold = 300ms (default)
2022-06-16 16:19:12,783 [pool-302-thread-1] INFO  server.RaftServer$Division (ServerState.java:<init>(107)) - om1@group-C5BA1605619E: ConfigurationManager, init=-1: [om1|rpc:localhost:9872|priority:0], old=null, confs=<EMPTY_MAP>
2022-06-16 16:19:12,783 [pool-302-thread-1] INFO  server.RaftServerConfigKeys (ConfUtils.java:logGet(46)) - raft.server.storage.dir = [/home/runner/work/ozone/ozone/hadoop-ozone/integration-test/target/test-dir/MiniOzoneClusterImpl-3714a898-0fe0-42e2-9307-bd15e6fadcd3/ozone-meta/ratis] (custom)
2022-06-16 16:19:12,783 [pool-302-thread-1] INFO  server.RaftServerConfigKeys (ConfUtils.java:logGet(46)) - raft.server.log.corruption.policy = EXCEPTION (default)
2022-06-16 16:19:12,783 [pool-302-thread-1] INFO  server.RaftServerConfigKeys (ConfUtils.java:logGet(46)) - raft.server.storage.free-space.min = 0MB (=0) (default)
2022-06-16 16:19:12,783 [pool-302-thread-1] INFO  storage.RaftStorageDirectory (RaftStorageDirectoryImpl.java:analyzeStorage(135)) - The storage directory /home/runner/work/ozone/ozone/hadoop-ozone/integration-test/target/test-dir/MiniOzoneClusterImpl-3714a898-0fe0-42e2-9307-bd15e6fadcd3/ozone-meta/ratis/bf265839-605b-3f16-9796-c5ba1605619e does not exist. Creating ...
2022-06-16 16:19:12,786 [pool-302-thread-1] INFO  storage.RaftStorageDirectory (RaftStorageDirectoryImpl.java:tryLock(230)) - Lock on /home/runner/work/ozone/ozone/hadoop-ozone/integration-test/target/test-dir/MiniOzoneClusterImpl-3714a898-0fe0-42e2-9307-bd15e6fadcd3/ozone-meta/ratis/bf265839-605b-3f16-9796-c5ba1605619e/in_use.lock acquired by nodename 3861@fv-az37-268
2022-06-16 16:19:12,791 [pool-302-thread-1] INFO  storage.RaftStorage (RaftStorageImpl.java:format(89)) - Storage directory /home/runner/work/ozone/ozone/hadoop-ozone/integration-test/target/test-dir/MiniOzoneClusterImpl-3714a898-0fe0-42e2-9307-bd15e6fadcd3/ozone-meta/ratis/bf265839-605b-3f16-9796-c5ba1605619e has been successfully formatted.
2022-06-16 16:19:12,792 [pool-302-thread-1] INFO  server.RaftServerConfigKeys (ConfUtils.java:logGet(46)) - raft.server.notification.no-leader.timeout = 120s (custom)
2022-06-16 16:19:12,792 [pool-302-thread-1] INFO  server.RaftServerConfigKeys (ConfUtils.java:logGet(46)) - raft.server.log.use.memory = false (default)
2022-06-16 16:19:12,792 [pool-302-thread-1] INFO  server.RaftServerConfigKeys (ConfUtils.java:logGet(46)) - raft.server.log.purge.gap = 1000000 (custom)
2022-06-16 16:19:12,792 [pool-302-thread-1] INFO  server.RaftServerConfigKeys (ConfUtils.java:logGet(46)) - raft.server.log.appender.buffer.byte-limit = 33554432 (custom)
2022-06-16 16:19:12,792 [pool-302-thread-1] INFO  server.RaftServerConfigKeys (ConfUtils.java:logGet(46)) - raft.server.log.statemachine.data.read.timeout = 1000ms (default)
2022-06-16 16:19:12,798 [pool-302-thread-1] INFO  server.RaftServerConfigKeys (ConfUtils.java:logGet(46)) - raft.server.log.segment.size.max = 4194304 (custom)
2022-06-16 16:19:12,799 [pool-302-thread-1] INFO  server.RaftServerConfigKeys (ConfUtils.java:logGet(46)) - raft.server.log.segment.cache.num.max = 2 (custom)
2022-06-16 16:19:12,799 [pool-302-thread-1] INFO  server.RaftServerConfigKeys (ConfUtils.java:logGet(46)) - raft.server.log.segment.cache.size.max = 200MB (=209715200) (default)
2022-06-16 16:19:12,799 [pool-302-thread-1] INFO  segmented.SegmentedRaftLogWorker (SegmentedRaftLogWorker.java:<init>(187)) - new om1@group-C5BA1605619E-SegmentedRaftLogWorker for RaftStorageImpl:Storage Directory /home/runner/work/ozone/ozone/hadoop-ozone/integration-test/target/test-dir/MiniOzoneClusterImpl-3714a898-0fe0-42e2-9307-bd15e6fadcd3/ozone-meta/ratis/bf265839-605b-3f16-9796-c5ba1605619e
2022-06-16 16:19:12,799 [pool-302-thread-1] INFO  server.RaftServerConfigKeys (ConfUtils.java:logGet(46)) - raft.server.log.queue.byte-limit = 64MB (=67108864) (default)
2022-06-16 16:19:12,799 [pool-302-thread-1] INFO  server.RaftServerConfigKeys (ConfUtils.java:logGet(46)) - raft.server.log.queue.element-limit = 4096 (default)
2022-06-16 16:19:12,799 [pool-302-thread-1] INFO  server.RaftServerConfigKeys (ConfUtils.java:logGet(46)) - raft.server.log.segment.size.max = 4194304 (custom)
2022-06-16 16:19:12,799 [pool-302-thread-1] INFO  server.RaftServerConfigKeys (ConfUtils.java:logGet(46)) - raft.server.log.preallocated.size = 4194304 (custom)
2022-06-16 16:19:12,799 [pool-302-thread-1] INFO  server.RaftServerConfigKeys (ConfUtils.java:logGet(46)) - raft.server.log.force.sync.num = 128 (default)
2022-06-16 16:19:12,799 [pool-302-thread-1] INFO  server.RaftServerConfigKeys (ConfUtils.java:logGet(46)) - raft.server.log.statemachine.data.sync = true (default)
2022-06-16 16:19:12,799 [pool-302-thread-1] INFO  server.RaftServerConfigKeys (ConfUtils.java:logGet(46)) - raft.server.log.statemachine.data.sync.timeout = 10s (default)
2022-06-16 16:19:12,799 [pool-302-thread-1] INFO  server.RaftServerConfigKeys (ConfUtils.java:logGet(46)) - raft.server.log.statemachine.data.sync.timeout.retry = -1 (default)
2022-06-16 16:19:12,807 [pool-302-thread-1] INFO  server.RaftServerConfigKeys (ConfUtils.java:logGet(46)) - raft.server.log.write.buffer.size = 64KB (=65536) (default)
2022-06-16 16:19:12,807 [pool-302-thread-1] INFO  server.RaftServerConfigKeys (ConfUtils.java:logGet(46)) - raft.server.log.unsafe-flush.enabled = false (default)
2022-06-16 16:19:12,807 [pool-302-thread-1] INFO  server.RaftServerConfigKeys (ConfUtils.java:logGet(46)) - raft.server.log.statemachine.data.caching.enabled = false (default)
2022-06-16 16:19:12,807 [pool-302-thread-1] INFO  segmented.SegmentedRaftLogWorker (SegmentedRaftLogWorker.java:lambda$new$0(135)) - om1@group-C5BA1605619E-SegmentedRaftLogWorker: flushIndex: setUnconditionally 0 -> -1
2022-06-16 16:19:12,807 [pool-302-thread-1] INFO  segmented.SegmentedRaftLogWorker (SegmentedRaftLogWorker.java:lambda$new$0(135)) - om1@group-C5BA1605619E-SegmentedRaftLogWorker: safeCacheEvictIndex: setUnconditionally 0 -> -1
2022-06-16 16:19:12,828 [pool-302-thread-1] INFO  server.RaftServerConfigKeys (ConfUtils.java:logGet(46)) - raft.server.snapshot.auto.trigger.enabled = true (custom)
2022-06-16 16:19:12,828 [pool-302-thread-1] INFO  server.RaftServerConfigKeys (ConfUtils.java:logGet(46)) - raft.server.snapshot.auto.trigger.threshold = 400000 (default)
2022-06-16 16:19:12,828 [pool-302-thread-1] INFO  server.RaftServerConfigKeys (ConfUtils.java:logGet(46)) - raft.server.snapshot.retention.file.num = -1 (default)
2022-06-16 16:19:12,828 [pool-302-thread-1] INFO  server.RaftServerConfigKeys (ConfUtils.java:logGet(46)) - raft.server.log.purge.upto.snapshot.index = true (custom)
2022-06-16 16:19:12,828 [pool-302-thread-1] INFO  server.RaftServerConfigKeys (ConfUtils.java:logGet(46)) - raft.server.retrycache.expirytime = 300s (custom)
2022-06-16 16:19:12,828 [pool-302-thread-1] INFO  server.RaftServerConfigKeys (ConfUtils.java:logGet(46)) - raft.server.retrycache.statistics.expirytime = 100μs (default)
2022-06-16 16:19:12,831 [pool-302-thread-1] INFO  server.RaftServerConfigKeys (ConfUtils.java:logGet(46)) - raft.server.log.appender.install.snapshot.enabled = false (custom)
2022-06-16 16:19:12,831 [pool-302-thread-1] INFO  server.RaftServerConfigKeys (ConfUtils.java:logGet(46)) - raft.server.threadpool.server.cached = true (default)
2022-06-16 16:19:12,831 [pool-302-thread-1] INFO  server.RaftServerConfigKeys (ConfUtils.java:logGet(46)) - raft.server.threadpool.server.size = 0 (default)
2022-06-16 16:19:12,831 [pool-302-thread-1] INFO  server.RaftServerConfigKeys (ConfUtils.java:logGet(46)) - raft.server.threadpool.client.cached = true (default)
2022-06-16 16:19:12,831 [pool-302-thread-1] INFO  server.RaftServerConfigKeys (ConfUtils.java:logGet(46)) - raft.server.threadpool.client.size = 0 (default)
2022-06-16 16:19:13,800 [Listener at 0.0.0.0/41589] INFO  reflections.Reflections (Reflections.java:scan(232)) - Reflections took 1027 ms to scan 19 urls, producing 66 keys and 4010 values [using 2 cores]
2022-06-16 16:19:13,801 [Listener at 0.0.0.0/41589] INFO  ipc.CallQueueManager (CallQueueManager.java:<init>(90)) - Using callQueue: class java.util.concurrent.LinkedBlockingQueue, queueCapacity: 2000, scheduler: class org.apache.hadoop.ipc.DefaultRpcScheduler, ipcBackoff: false.
2022-06-16 16:19:13,801 [Socket Reader #1 for port 0] INFO  ipc.Server (Server.java:run(1265)) - Starting Socket Reader #1 for port 0
2022-06-16 16:19:13,863 [Listener at 127.0.0.1/34065] INFO  impl.MetricsSystemImpl (MetricsSystemImpl.java:init(158)) - OzoneManager metrics system started (again)
2022-06-16 16:19:13,937 [Listener at 127.0.0.1/34065] INFO  om.OzoneManager (OzoneManager.java:start(1465)) - OzoneManager RPC server is listening at localhost/127.0.0.1:34065
2022-06-16 16:19:13,937 [Listener at 127.0.0.1/34065] INFO  ratis.OzoneManagerRatisServer (OzoneManagerRatisServer.java:start(554)) - Starting OzoneManagerRatisServer om1 at port 9872
2022-06-16 16:19:13,942 [om1-impl-thread1] INFO  server.RaftServer$Division (RaftServerImpl.java:start(310)) - om1@group-C5BA1605619E: start as a follower, conf=-1: [om1|rpc:localhost:9872|priority:0], old=null
2022-06-16 16:19:13,942 [om1-impl-thread1] INFO  server.RaftServer$Division (RaftServerImpl.java:setRole(299)) - om1@group-C5BA1605619E: changes role from      null to FOLLOWER at term 0 for startAsFollower
2022-06-16 16:19:13,942 [om1-impl-thread1] INFO  impl.RoleInfo (RoleInfo.java:updateAndGet(139)) - om1: start om1@group-C5BA1605619E-FollowerState
2022-06-16 16:19:13,943 [om1-impl-thread1] INFO  util.JmxRegister (JmxRegister.java:tryRegister(44)) - Successfully registered JMX Bean with object name Ratis:service=RaftServer,group=group-C5BA1605619E,id=om1
2022-06-16 16:19:13,954 [Listener at 127.0.0.1/34065] INFO  server.RaftServer (RaftServerProxy.java:lambda$start$6(382)) - om1: start RPC server
2022-06-16 16:19:13,977 [Listener at 127.0.0.1/34065] INFO  server.GrpcService (GrpcService.java:startImpl(260)) - om1: GrpcService started, listening on 9872
2022-06-16 16:19:13,981 [Listener at 127.0.0.1/34065] INFO  om.OzoneManager (OzoneManager.java:start(1481)) - Version File has different layout version (3) than OM DB (null). That is expected if this OM has never been finalized to a newer layout version.
2022-06-16 16:19:13,981 [org.apache.ratis.util.JvmPauseMonitor$$Lambda$611/1702991963@39e3aada] INFO  util.JvmPauseMonitor (JvmPauseMonitor.java:run(103)) - JvmPauseMonitor-om1: Started
2022-06-16 16:19:13,991 [Listener at 127.0.0.1/34065] INFO  http.BaseHttpServer (BaseHttpServer.java:newHttpServer2BuilderForOzone(209)) - Starting Web-server for ozoneManager at: http://0.0.0.0:0
2022-06-16 16:19:13,991 [Listener at 127.0.0.1/34065] INFO  http.BaseHttpServer (BaseHttpServer.java:<init>(107)) - Hadoop Security Enabled: false Ozone Security Enabled: false Ozone HTTP Security Enabled: false 
2022-06-16 16:19:13,992 [Listener at 127.0.0.1/34065] INFO  server.AuthenticationFilter (AuthenticationFilter.java:constructSecretProvider(240)) - Unable to initialize FileSignerSecretProvider, falling back to use random secrets.
2022-06-16 16:19:14,030 [Listener at 127.0.0.1/34065] WARN  http.HttpRequestLog (HttpRequestLog.java:getRequestLog(103)) - Jetty request log can only be enabled using Log4j
2022-06-16 16:19:14,031 [Listener at 127.0.0.1/34065] INFO  http.HttpServer2 (HttpServer2.java:addGlobalFilter(1029)) - Added global filter 'safety' (class=org.apache.hadoop.hdds.server.http.HttpServer2$QuotingInputFilter)
2022-06-16 16:19:14,032 [Listener at 127.0.0.1/34065] INFO  http.HttpServer2 (HttpServer2.java:addFilter(1005)) - Added filter static_user_filter (class=org.apache.hadoop.http.lib.StaticUserWebFilter$StaticUserFilter) to context ozoneManager
2022-06-16 16:19:14,032 [Listener at 127.0.0.1/34065] INFO  http.HttpServer2 (HttpServer2.java:addFilter(1013)) - Added filter static_user_filter (class=org.apache.hadoop.http.lib.StaticUserWebFilter$StaticUserFilter) to context static
2022-06-16 16:19:14,032 [Listener at 127.0.0.1/34065] INFO  http.HttpServer2 (HttpServer2.java:addFilter(1013)) - Added filter static_user_filter (class=org.apache.hadoop.http.lib.StaticUserWebFilter$StaticUserFilter) to context logs
2022-06-16 16:19:14,033 [Listener at 127.0.0.1/34065] INFO  http.HttpServer2 (HttpServer2.java:bindListener(1248)) - Jetty bound to port 44619
2022-06-16 16:19:14,033 [Listener at 127.0.0.1/34065] INFO  server.Server (Server.java:doStart(375)) - jetty-9.4.43.v20210629; built: 2021-06-30T11:07:22.254Z; git: 526006ecfa3af7f1a27ef3a288e2bef7ea9dd7e8; jvm 1.8.0_332-b09
2022-06-16 16:19:14,102 [Listener at 127.0.0.1/34065] INFO  server.session (DefaultSessionIdManager.java:doStart(334)) - DefaultSessionIdManager workerName=node0
2022-06-16 16:19:14,102 [Listener at 127.0.0.1/34065] INFO  server.session (DefaultSessionIdManager.java:doStart(339)) - No SessionScavenger set, using defaults
2022-06-16 16:19:14,102 [Listener at 127.0.0.1/34065] INFO  server.session (HouseKeeper.java:startScavenging(132)) - node0 Scavenging every 660000ms
2022-06-16 16:19:14,118 [Listener at 127.0.0.1/34065] INFO  handler.ContextHandler (ContextHandler.java:doStart(915)) - Started o.e.j.s.ServletContextHandler@7dddd011{logs,/logs,file:///home/runner/work/ozone/ozone/hadoop-ozone/integration-test/target/log,AVAILABLE}
2022-06-16 16:19:14,119 [Listener at 127.0.0.1/34065] INFO  handler.ContextHandler (ContextHandler.java:doStart(915)) - Started o.e.j.s.ServletContextHandler@399eb2ed{static,/static,file:///home/runner/work/ozone/ozone/hadoop-ozone/integration-test/target/test-classes/webapps/static,AVAILABLE}
2022-06-16 16:19:14,121 [Listener at 127.0.0.1/34065] INFO  handler.ContextHandler (ContextHandler.java:doStart(915)) - Started o.e.j.w.WebAppContext@498cbc8c{ozoneManager,/,file:///home/runner/work/ozone/ozone/hadoop-ozone/integration-test/target/test-classes/webapps/ozoneManager/,AVAILABLE}{file:/home/runner/work/ozone/ozone/hadoop-ozone/integration-test/target/test-classes/webapps/ozoneManager}
2022-06-16 16:19:14,134 [Listener at 127.0.0.1/34065] INFO  server.AbstractConnector (AbstractConnector.java:doStart(331)) - Started ServerConnector@72e9940f{HTTP/1.1, (http/1.1)}{0.0.0.0:44619}
2022-06-16 16:19:14,134 [Listener at 127.0.0.1/34065] INFO  server.Server (Server.java:doStart(415)) - Started @76770ms
2022-06-16 16:19:14,134 [Listener at 127.0.0.1/34065] WARN  impl.MetricsSystemImpl (MetricsSystemImpl.java:register(279)) - Sink prometheus already exists!
2022-06-16 16:19:14,138 [Listener at 127.0.0.1/34065] INFO  http.BaseHttpServer (BaseHttpServer.java:updateConnectorAddress(329)) - HTTP server of ozoneManager listening at http://0.0.0.0:44619
2022-06-16 16:19:14,154 [IPC Server Responder] INFO  ipc.Server (Server.java:run(1507)) - IPC Server Responder: starting
2022-06-16 16:19:14,154 [IPC Server listener on 0] INFO  ipc.Server (Server.java:run(1344)) - IPC Server listener on 0: starting
2022-06-16 16:19:14,171 [Listener at 127.0.0.1/34065] INFO  om.TrashPolicyOzone (TrashPolicyOzone.java:<init>(178)) - Ozone Manager trash configuration: Deletion interval = 0 minutes, Emptier interval = 0 minutes.
2022-06-16 16:19:14,191 [org.apache.hadoop.util.JvmPauseMonitor$Monitor@43b7963a] INFO  util.JvmPauseMonitor (JvmPauseMonitor.java:run(188)) - Starting JVM pause monitor
2022-06-16 16:19:14,214 [Listener at 127.0.0.1/34065] WARN  impl.MetricRegistriesImpl (MetricRegistriesImpl.java:addReporterRegistration(111)) - New reporters are added after registries were created. Some metrics will be missing from the reporter. Please add reporter before adding any new registry.
2022-06-16 16:19:14,214 [Listener at 127.0.0.1/34065] WARN  impl.MetricRegistriesImpl (MetricRegistriesImpl.java:addReporterRegistration(111)) - New reporters are added after registries were created. Some metrics will be missing from the reporter. Please add reporter before adding any new registry.
2022-06-16 16:19:14,215 [Listener at 127.0.0.1/34065] INFO  impl.MetricsSystemImpl (MetricsSystemImpl.java:init(158)) - HddsDatanode metrics system started (again)
2022-06-16 16:19:14,251 [Listener at 127.0.0.1/34065] INFO  ozone.HddsDatanodeService (HddsDatanodeService.java:start(236)) - HddsDatanodeService host:fv-az37-268.zqe2tmcsx5vuvjs3sdc4q2yfud.gx.internal.cloudapp.net ip:10.1.0.16
2022-06-16 16:19:14,287 [Listener at 127.0.0.1/34065] INFO  upgrade.AbstractLayoutVersionManager (AbstractLayoutVersionManager.java:init(82)) - Initializing Layout version manager with metadata layout = DATANODE_SCHEMA_V3 (version = 4), software layout = DATANODE_SCHEMA_V3 (version = 4)
2022-06-16 16:19:14,365 [Listener at 127.0.0.1/34065] INFO  reflections.Reflections (Reflections.java:scan(232)) - Reflections took 76 ms to scan 7 urls, producing 131 keys and 311 values 
2022-06-16 16:19:14,374 [Listener at 127.0.0.1/34065] INFO  statemachine.DatanodeStateMachine (DatanodeStateMachine.java:getEndPointTaskThreadPoolSize(233)) - Datanode State Machine Task Thread Pool size 2
2022-06-16 16:19:14,388 [Listener at 127.0.0.1/34065] INFO  volume.HddsVolume (HddsVolume.java:<init>(116)) - Creating HddsVolume: /home/runner/work/ozone/ozone/hadoop-ozone/integration-test/target/test-dir/MiniOzoneClusterImpl-3714a898-0fe0-42e2-9307-bd15e6fadcd3/datanode-0/data-0/containers/hdds of storage type : DISK capacity : 9223372036854775807
2022-06-16 16:19:14,388 [Listener at 127.0.0.1/34065] INFO  volume.MutableVolumeSet (MutableVolumeSet.java:initializeVolumeSet(174)) - Added Volume : /home/runner/work/ozone/ozone/hadoop-ozone/integration-test/target/test-dir/MiniOzoneClusterImpl-3714a898-0fe0-42e2-9307-bd15e6fadcd3/datanode-0/data-0/containers/hdds to VolumeSet
2022-06-16 16:19:14,388 [Listener at 127.0.0.1/34065] INFO  volume.ThrottledAsyncChecker (ThrottledAsyncChecker.java:schedule(141)) - Scheduling a check for /home/runner/work/ozone/ozone/hadoop-ozone/integration-test/target/test-dir/MiniOzoneClusterImpl-3714a898-0fe0-42e2-9307-bd15e6fadcd3/datanode-0/data-0/containers/hdds
2022-06-16 16:19:14,410 [Listener at 127.0.0.1/34065] INFO  volume.StorageVolumeChecker (StorageVolumeChecker.java:checkAllVolumes(202)) - Scheduled health check for volume /home/runner/work/ozone/ozone/hadoop-ozone/integration-test/target/test-dir/MiniOzoneClusterImpl-3714a898-0fe0-42e2-9307-bd15e6fadcd3/datanode-0/data-0/containers/hdds
2022-06-16 16:19:14,434 [Listener at 127.0.0.1/34065] INFO  volume.MutableVolumeSet (MutableVolumeSet.java:initializeVolumeSet(174)) - Added Volume : /home/runner/work/ozone/ozone/hadoop-ozone/integration-test/target/test-dir/MiniOzoneClusterImpl-3714a898-0fe0-42e2-9307-bd15e6fadcd3/datanode-0/data/ratis to VolumeSet
2022-06-16 16:19:14,434 [Listener at 127.0.0.1/34065] INFO  volume.ThrottledAsyncChecker (ThrottledAsyncChecker.java:schedule(141)) - Scheduling a check for /home/runner/work/ozone/ozone/hadoop-ozone/integration-test/target/test-dir/MiniOzoneClusterImpl-3714a898-0fe0-42e2-9307-bd15e6fadcd3/datanode-0/data/ratis
2022-06-16 16:19:14,435 [Listener at 127.0.0.1/34065] INFO  volume.StorageVolumeChecker (StorageVolumeChecker.java:checkAllVolumes(202)) - Scheduled health check for volume /home/runner/work/ozone/ozone/hadoop-ozone/integration-test/target/test-dir/MiniOzoneClusterImpl-3714a898-0fe0-42e2-9307-bd15e6fadcd3/datanode-0/data/ratis
2022-06-16 16:19:14,471 [Thread-632] INFO  ozoneimpl.ContainerReader (ContainerReader.java:readVolume(172)) - Finish verifying containers on volume /home/runner/work/ozone/ozone/hadoop-ozone/integration-test/target/test-dir/MiniOzoneClusterImpl-3714a898-0fe0-42e2-9307-bd15e6fadcd3/datanode-0/data-0/containers/hdds
2022-06-16 16:19:14,471 [Listener at 127.0.0.1/34065] INFO  ozoneimpl.OzoneContainer (OzoneContainer.java:buildContainerSet(266)) - Build ContainerSet costs 0s
2022-06-16 16:19:14,503 [Listener at 127.0.0.1/34065] INFO  server.RaftServer (ConfUtils.java:logGet(46)) - raft.rpc.type = GRPC (default)
2022-06-16 16:19:14,504 [Listener at 127.0.0.1/34065] INFO  grpc.GrpcFactory (GrpcFactory.java:checkPooledByteBufAllocatorUseCacheForAllThreads(48)) - PERFORMANCE WARNING: useCacheForAllThreads is true that may cause Netty to create a lot garbage objects and, as a result, trigger GC.
	It is recommended to disable useCacheForAllThreads by setting -Dorg.apache.ratis.thirdparty.io.netty.allocator.useCacheForAllThreads=false in command line.
2022-06-16 16:19:14,504 [Listener at 127.0.0.1/34065] INFO  grpc.GrpcConfigKeys (ConfUtils.java:logGet(46)) - raft.grpc.admin.port = 0 (custom)
2022-06-16 16:19:14,504 [Listener at 127.0.0.1/34065] INFO  grpc.GrpcConfigKeys (ConfUtils.java:logGet(46)) - raft.grpc.client.port = 0 (custom)
2022-06-16 16:19:14,504 [Listener at 127.0.0.1/34065] INFO  grpc.GrpcConfigKeys (ConfUtils.java:logGet(46)) - raft.grpc.server.port = 0 (default)
2022-06-16 16:19:14,504 [Listener at 127.0.0.1/34065] INFO  server.GrpcService (ConfUtils.java:logGet(46)) - raft.grpc.message.size.max = 32MB (=33554432) (custom)
2022-06-16 16:19:14,504 [Listener at 127.0.0.1/34065] INFO  server.RaftServerConfigKeys (ConfUtils.java:logGet(46)) - raft.server.log.appender.buffer.byte-limit = 33554432 (custom)
2022-06-16 16:19:14,504 [Listener at 127.0.0.1/34065] INFO  server.GrpcService (ConfUtils.java:logGet(46)) - raft.grpc.flow.control.window = 5MB (=5242880) (custom)
2022-06-16 16:19:14,504 [Listener at 127.0.0.1/34065] INFO  server.RaftServerConfigKeys (ConfUtils.java:logGet(46)) - raft.server.rpc.request.timeout = 60s (custom)
2022-06-16 16:19:14,504 [Listener at 127.0.0.1/34065] INFO  grpc.GrpcConfigKeys (ConfUtils.java:logGet(46)) - raft.grpc.server.async.request.thread.pool.cached = true (default)
2022-06-16 16:19:14,504 [Listener at 127.0.0.1/34065] INFO  grpc.GrpcConfigKeys (ConfUtils.java:logGet(46)) - raft.grpc.server.async.request.thread.pool.size = 32 (default)
2022-06-16 16:19:14,505 [Listener at 127.0.0.1/34065] INFO  impl.DataStreamServerImpl (ConfUtils.java:logGet(46)) - raft.datastream.type = DISABLED (default)
2022-06-16 16:19:14,505 [Listener at 127.0.0.1/34065] INFO  server.RaftServerConfigKeys (ConfUtils.java:logGet(46)) - raft.server.threadpool.proxy.cached = true (default)
2022-06-16 16:19:14,505 [Listener at 127.0.0.1/34065] INFO  server.RaftServerConfigKeys (ConfUtils.java:logGet(46)) - raft.server.threadpool.proxy.size = 0 (default)
2022-06-16 16:19:14,506 [Listener at 127.0.0.1/34065] INFO  server.RaftServerConfigKeys (ConfUtils.java:logGet(46)) - raft.server.rpc.slowness.timeout = 300s (custom)
2022-06-16 16:19:14,506 [Listener at 127.0.0.1/34065] INFO  server.RaftServerConfigKeys (ConfUtils.java:logGet(46)) - raft.server.leaderelection.leader.step-down.wait-time = 10s (default)
2022-06-16 16:19:14,506 [Listener at 127.0.0.1/34065] INFO  server.RaftServerConfigKeys (ConfUtils.java:logGet(46)) - raft.server.storage.dir = [/home/runner/work/ozone/ozone/hadoop-ozone/integration-test/target/test-dir/MiniOzoneClusterImpl-3714a898-0fe0-42e2-9307-bd15e6fadcd3/datanode-0/data/ratis] (custom)
2022-06-16 16:19:14,509 [Listener at 127.0.0.1/34065] INFO  server.XceiverServerGrpc (XceiverServerGrpc.java:<init>(132)) - GrpcServer channel type EpollServerSocketChannel
2022-06-16 16:19:14,511 [Listener at 127.0.0.1/34065] INFO  http.BaseHttpServer (BaseHttpServer.java:newHttpServer2BuilderForOzone(209)) - Starting Web-server for hddsDatanode at: http://0.0.0.0:0
2022-06-16 16:19:14,511 [Listener at 127.0.0.1/34065] INFO  http.BaseHttpServer (BaseHttpServer.java:<init>(107)) - Hadoop Security Enabled: false Ozone Security Enabled: false Ozone HTTP Security Enabled: false 
2022-06-16 16:19:14,512 [Listener at 127.0.0.1/34065] INFO  server.AuthenticationFilter (AuthenticationFilter.java:constructSecretProvider(240)) - Unable to initialize FileSignerSecretProvider, falling back to use random secrets.
2022-06-16 16:19:14,526 [Listener at 127.0.0.1/34065] WARN  http.HttpRequestLog (HttpRequestLog.java:getRequestLog(103)) - Jetty request log can only be enabled using Log4j
2022-06-16 16:19:14,527 [Listener at 127.0.0.1/34065] INFO  http.HttpServer2 (HttpServer2.java:addGlobalFilter(1029)) - Added global filter 'safety' (class=org.apache.hadoop.hdds.server.http.HttpServer2$QuotingInputFilter)
2022-06-16 16:19:14,542 [Listener at 127.0.0.1/34065] INFO  http.HttpServer2 (HttpServer2.java:addFilter(1005)) - Added filter static_user_filter (class=org.apache.hadoop.http.lib.StaticUserWebFilter$StaticUserFilter) to context hddsDatanode
2022-06-16 16:19:14,542 [Listener at 127.0.0.1/34065] INFO  http.HttpServer2 (HttpServer2.java:addFilter(1013)) - Added filter static_user_filter (class=org.apache.hadoop.http.lib.StaticUserWebFilter$StaticUserFilter) to context logs
2022-06-16 16:19:14,543 [Listener at 127.0.0.1/34065] INFO  http.HttpServer2 (HttpServer2.java:addFilter(1013)) - Added filter static_user_filter (class=org.apache.hadoop.http.lib.StaticUserWebFilter$StaticUserFilter) to context static
2022-06-16 16:19:14,543 [Listener at 127.0.0.1/34065] INFO  http.HttpServer2 (HttpServer2.java:bindListener(1248)) - Jetty bound to port 34809
2022-06-16 16:19:14,543 [Listener at 127.0.0.1/34065] INFO  server.Server (Server.java:doStart(375)) - jetty-9.4.43.v20210629; built: 2021-06-30T11:07:22.254Z; git: 526006ecfa3af7f1a27ef3a288e2bef7ea9dd7e8; jvm 1.8.0_332-b09
2022-06-16 16:19:14,564 [Listener at 127.0.0.1/34065] INFO  server.session (DefaultSessionIdManager.java:doStart(334)) - DefaultSessionIdManager workerName=node0
2022-06-16 16:19:14,564 [Listener at 127.0.0.1/34065] INFO  server.session (DefaultSessionIdManager.java:doStart(339)) - No SessionScavenger set, using defaults
2022-06-16 16:19:14,564 [Listener at 127.0.0.1/34065] INFO  server.session (HouseKeeper.java:startScavenging(132)) - node0 Scavenging every 660000ms
2022-06-16 16:19:14,565 [Listener at 127.0.0.1/34065] INFO  handler.ContextHandler (ContextHandler.java:doStart(915)) - Started o.e.j.s.ServletContextHandler@200ca1fe{logs,/logs,file:///home/runner/work/ozone/ozone/hadoop-ozone/integration-test/target/log,AVAILABLE}
2022-06-16 16:19:14,565 [Listener at 127.0.0.1/34065] INFO  handler.ContextHandler (ContextHandler.java:doStart(915)) - Started o.e.j.s.ServletContextHandler@74394ad4{static,/static,jar:file:/home/runner/.m2/repository/org/apache/ozone/hdds-container-service/1.3.0-SNAPSHOT/hdds-container-service-1.3.0-SNAPSHOT.jar!/webapps/static,AVAILABLE}
2022-06-16 16:19:14,827 [Listener at 127.0.0.1/34065] INFO  handler.ContextHandler (ContextHandler.java:doStart(915)) - Started o.e.j.w.WebAppContext@2612fc5c{hddsDatanode,/,file:///tmp/jetty-0_0_0_0-34809-hdds-container-service-1_3_0-SNAPSHOT_jar-_-any-6792762761953433243/webapp/,AVAILABLE}{jar:file:/home/runner/.m2/repository/org/apache/ozone/hdds-container-service/1.3.0-SNAPSHOT/hdds-container-service-1.3.0-SNAPSHOT.jar!/webapps/hddsDatanode}
2022-06-16 16:19:14,838 [Listener at 127.0.0.1/34065] INFO  server.AbstractConnector (AbstractConnector.java:doStart(331)) - Started ServerConnector@474bf34e{HTTP/1.1, (http/1.1)}{0.0.0.0:34809}
2022-06-16 16:19:14,844 [Listener at 127.0.0.1/34065] INFO  server.Server (Server.java:doStart(415)) - Started @77479ms
2022-06-16 16:19:14,844 [Listener at 127.0.0.1/34065] WARN  impl.MetricsSystemImpl (MetricsSystemImpl.java:register(279)) - Sink prometheus already exists!
2022-06-16 16:19:14,850 [Listener at 127.0.0.1/34065] INFO  http.BaseHttpServer (BaseHttpServer.java:updateConnectorAddress(329)) - HTTP server of hddsDatanode listening at http://0.0.0.0:34809
2022-06-16 16:19:14,858 [Listener at 127.0.0.1/34065] WARN  impl.MetricRegistriesImpl (MetricRegistriesImpl.java:addReporterRegistration(111)) - New reporters are added after registries were created. Some metrics will be missing from the reporter. Please add reporter before adding any new registry.
2022-06-16 16:19:14,858 [Listener at 127.0.0.1/34065] WARN  impl.MetricRegistriesImpl (MetricRegistriesImpl.java:addReporterRegistration(111)) - New reporters are added after registries were created. Some metrics will be missing from the reporter. Please add reporter before adding any new registry.
2022-06-16 16:19:14,858 [Listener at 127.0.0.1/34065] INFO  impl.MetricsSystemImpl (MetricsSystemImpl.java:init(158)) - HddsDatanode metrics system started (again)
2022-06-16 16:19:14,858 [Datanode State Machine Daemon Thread] INFO  statemachine.DatanodeStateMachine (DatanodeStateMachine.java:lambda$startDaemon$0(484)) - Ozone container server started.
2022-06-16 16:19:14,874 [Listener at 127.0.0.1/34065] INFO  ozone.HddsDatanodeService (HddsDatanodeService.java:start(236)) - HddsDatanodeService host:fv-az37-268.zqe2tmcsx5vuvjs3sdc4q2yfud.gx.internal.cloudapp.net ip:10.1.0.16
2022-06-16 16:19:14,899 [org.apache.hadoop.util.JvmPauseMonitor$Monitor@39aa58be] INFO  util.JvmPauseMonitor (JvmPauseMonitor.java:run(188)) - Starting JVM pause monitor
2022-06-16 16:19:14,909 [Datanode State Machine Task Thread - 0] INFO  datanode.InitDatanodeState (InitDatanodeState.java:persistContainerDatanodeDetails(138)) - DatanodeDetails is persisted to /home/runner/work/ozone/ozone/hadoop-ozone/integration-test/target/test-dir/MiniOzoneClusterImpl-3714a898-0fe0-42e2-9307-bd15e6fadcd3/datanode-0/meta/datanode.id
2022-06-16 16:19:14,924 [Listener at 127.0.0.1/34065] INFO  upgrade.AbstractLayoutVersionManager (AbstractLayoutVersionManager.java:init(82)) - Initializing Layout version manager with metadata layout = DATANODE_SCHEMA_V3 (version = 4), software layout = DATANODE_SCHEMA_V3 (version = 4)
2022-06-16 16:19:14,991 [om1@group-C5BA1605619E-FollowerState] INFO  impl.FollowerState (FollowerState.java:run(143)) - om1@group-C5BA1605619E-FollowerState: change to CANDIDATE, lastRpcElapsedTime:1048404759ns, electionTimeout:1047ms
2022-06-16 16:19:14,991 [om1@group-C5BA1605619E-FollowerState] INFO  impl.RoleInfo (RoleInfo.java:shutdownFollowerState(110)) - om1: shutdown om1@group-C5BA1605619E-FollowerState
2022-06-16 16:19:14,991 [om1@group-C5BA1605619E-FollowerState] INFO  server.RaftServer$Division (RaftServerImpl.java:setRole(299)) - om1@group-C5BA1605619E: changes role from  FOLLOWER to CANDIDATE at term 0 for changeToCandidate
2022-06-16 16:19:14,991 [om1@group-C5BA1605619E-FollowerState] INFO  server.RaftServerConfigKeys (ConfUtils.java:logGet(46)) - raft.server.leaderelection.pre-vote = false (custom)
2022-06-16 16:19:14,991 [om1@group-C5BA1605619E-FollowerState] INFO  impl.RoleInfo (RoleInfo.java:updateAndGet(139)) - om1: start om1@group-C5BA1605619E-LeaderElection17
2022-06-16 16:19:15,006 [om1@group-C5BA1605619E-LeaderElection17] INFO  impl.LeaderElection (LeaderElection.java:askForVotes(310)) - om1@group-C5BA1605619E-LeaderElection17 ELECTION round 0: submit vote requests at term 1 for -1: [om1|rpc:localhost:9872|priority:0], old=null
2022-06-16 16:19:15,006 [om1@group-C5BA1605619E-LeaderElection17] INFO  impl.LeaderElection (LeaderElection.java:askForVotes(312)) - om1@group-C5BA1605619E-LeaderElection17 ELECTION round 0: result PASSED (term=1)
2022-06-16 16:19:15,006 [om1@group-C5BA1605619E-LeaderElection17] INFO  impl.RoleInfo (RoleInfo.java:shutdownLeaderElection(130)) - om1: shutdown om1@group-C5BA1605619E-LeaderElection17
2022-06-16 16:19:15,006 [om1@group-C5BA1605619E-LeaderElection17] INFO  server.RaftServer$Division (RaftServerImpl.java:setRole(299)) - om1@group-C5BA1605619E: changes role from CANDIDATE to LEADER at term 1 for changeToLeader
2022-06-16 16:19:15,006 [om1@group-C5BA1605619E-LeaderElection17] INFO  server.RaftServer$Division (ServerState.java:setLeader(287)) - om1@group-C5BA1605619E: change Leader from null to om1 at term 1 for becomeLeader, leader elected after 2214ms
2022-06-16 16:19:15,006 [om1@group-C5BA1605619E-LeaderElection17] INFO  server.RaftServerConfigKeys (ConfUtils.java:logGet(46)) - raft.server.staging.catchup.gap = 1000 (default)
2022-06-16 16:19:15,006 [om1@group-C5BA1605619E-LeaderElection17] INFO  server.RaftServerConfigKeys (ConfUtils.java:logGet(46)) - raft.server.write.element-limit = 4096 (default)
2022-06-16 16:19:15,006 [om1@group-C5BA1605619E-LeaderElection17] INFO  server.RaftServerConfigKeys (ConfUtils.java:logGet(46)) - raft.server.write.byte-limit = 64MB (=67108864) (default)
2022-06-16 16:19:15,007 [om1@group-C5BA1605619E-LeaderElection17] INFO  server.RaftServerConfigKeys (ConfUtils.java:logGet(46)) - raft.server.watch.timeout = 10s (default)
2022-06-16 16:19:15,007 [om1@group-C5BA1605619E-LeaderElection17] INFO  server.RaftServerConfigKeys (ConfUtils.java:logGet(46)) - raft.server.watch.timeout.denomination = 1s (default)
2022-06-16 16:19:15,007 [om1@group-C5BA1605619E-LeaderElection17] INFO  server.RaftServerConfigKeys (ConfUtils.java:logGet(46)) - raft.server.watch.element-limit = 65536 (default)
2022-06-16 16:19:15,007 [om1@group-C5BA1605619E-LeaderElection17] INFO  server.RaftServerConfigKeys (ConfUtils.java:logGet(46)) - raft.server.write.element-limit = 4096 (default)
2022-06-16 16:19:15,007 [om1@group-C5BA1605619E-LeaderElection17] INFO  server.RaftServerConfigKeys (ConfUtils.java:logGet(46)) - raft.server.write.follower.gap.ratio.max = -1.0 (default)
2022-06-16 16:19:15,007 [om1@group-C5BA1605619E-LeaderElection17] INFO  impl.RoleInfo (RoleInfo.java:updateAndGet(139)) - om1: start om1@group-C5BA1605619E-LeaderStateImpl
2022-06-16 16:19:15,007 [om1@group-C5BA1605619E-LeaderElection17] INFO  segmented.SegmentedRaftLogWorker (SegmentedRaftLogWorker.java:startLogSegment(425)) - om1@group-C5BA1605619E-SegmentedRaftLogWorker: Starting segment from index:0
2022-06-16 16:19:15,022 [om1@group-C5BA1605619E-SegmentedRaftLogWorker] INFO  segmented.SegmentedRaftLogWorker (SegmentedRaftLogWorker.java:execute(629)) - om1@group-C5BA1605619E-SegmentedRaftLogWorker: created new log segment /home/runner/work/ozone/ozone/hadoop-ozone/integration-test/target/test-dir/MiniOzoneClusterImpl-3714a898-0fe0-42e2-9307-bd15e6fadcd3/ozone-meta/ratis/bf265839-605b-3f16-9796-c5ba1605619e/current/log_inprogress_0
2022-06-16 16:19:15,022 [om1@group-C5BA1605619E-LeaderElection17] INFO  server.RaftServer$Division (ServerState.java:setRaftConf(393)) - om1@group-C5BA1605619E: set configuration 0: [om1|rpc:localhost:9872|admin:|client:|dataStream:|priority:0], old=null
2022-06-16 16:19:15,034 [om1@group-C5BA1605619E-StateMachineUpdater] INFO  ratis.OzoneManagerStateMachine (OzoneManagerStateMachine.java:notifyConfigurationChanged(192)) - Received Configuration change notification from Ratis. New Peer list:
[id: "om1"
address: "localhost:9872"
]
2022-06-16 16:19:15,043 [Listener at 127.0.0.1/34065] INFO  reflections.Reflections (Reflections.java:scan(232)) - Reflections took 118 ms to scan 7 urls, producing 131 keys and 311 values 
2022-06-16 16:19:15,044 [Listener at 127.0.0.1/34065] INFO  statemachine.DatanodeStateMachine (DatanodeStateMachine.java:getEndPointTaskThreadPoolSize(233)) - Datanode State Machine Task Thread Pool size 2
2022-06-16 16:19:15,045 [Listener at 127.0.0.1/34065] INFO  volume.HddsVolume (HddsVolume.java:<init>(116)) - Creating HddsVolume: /home/runner/work/ozone/ozone/hadoop-ozone/integration-test/target/test-dir/MiniOzoneClusterImpl-3714a898-0fe0-42e2-9307-bd15e6fadcd3/datanode-1/data-0/containers/hdds of storage type : DISK capacity : 9223372036854775807
2022-06-16 16:19:15,045 [Listener at 127.0.0.1/34065] INFO  volume.MutableVolumeSet (MutableVolumeSet.java:initializeVolumeSet(174)) - Added Volume : /home/runner/work/ozone/ozone/hadoop-ozone/integration-test/target/test-dir/MiniOzoneClusterImpl-3714a898-0fe0-42e2-9307-bd15e6fadcd3/datanode-1/data-0/containers/hdds to VolumeSet
2022-06-16 16:19:15,046 [Listener at 127.0.0.1/34065] INFO  volume.ThrottledAsyncChecker (ThrottledAsyncChecker.java:schedule(141)) - Scheduling a check for /home/runner/work/ozone/ozone/hadoop-ozone/integration-test/target/test-dir/MiniOzoneClusterImpl-3714a898-0fe0-42e2-9307-bd15e6fadcd3/datanode-1/data-0/containers/hdds
2022-06-16 16:19:15,046 [Listener at 127.0.0.1/34065] INFO  volume.StorageVolumeChecker (StorageVolumeChecker.java:checkAllVolumes(202)) - Scheduled health check for volume /home/runner/work/ozone/ozone/hadoop-ozone/integration-test/target/test-dir/MiniOzoneClusterImpl-3714a898-0fe0-42e2-9307-bd15e6fadcd3/datanode-1/data-0/containers/hdds
2022-06-16 16:19:15,076 [Listener at 127.0.0.1/34065] INFO  volume.MutableVolumeSet (MutableVolumeSet.java:initializeVolumeSet(174)) - Added Volume : /home/runner/work/ozone/ozone/hadoop-ozone/integration-test/target/test-dir/MiniOzoneClusterImpl-3714a898-0fe0-42e2-9307-bd15e6fadcd3/datanode-1/data/ratis to VolumeSet
2022-06-16 16:19:15,076 [Listener at 127.0.0.1/34065] INFO  volume.ThrottledAsyncChecker (ThrottledAsyncChecker.java:schedule(141)) - Scheduling a check for /home/runner/work/ozone/ozone/hadoop-ozone/integration-test/target/test-dir/MiniOzoneClusterImpl-3714a898-0fe0-42e2-9307-bd15e6fadcd3/datanode-1/data/ratis
2022-06-16 16:19:15,076 [Listener at 127.0.0.1/34065] INFO  volume.StorageVolumeChecker (StorageVolumeChecker.java:checkAllVolumes(202)) - Scheduled health check for volume /home/runner/work/ozone/ozone/hadoop-ozone/integration-test/target/test-dir/MiniOzoneClusterImpl-3714a898-0fe0-42e2-9307-bd15e6fadcd3/datanode-1/data/ratis
2022-06-16 16:19:15,134 [Thread-647] INFO  ozoneimpl.ContainerReader (ContainerReader.java:readVolume(172)) - Finish verifying containers on volume /home/runner/work/ozone/ozone/hadoop-ozone/integration-test/target/test-dir/MiniOzoneClusterImpl-3714a898-0fe0-42e2-9307-bd15e6fadcd3/datanode-1/data-0/containers/hdds
2022-06-16 16:19:15,134 [Listener at 127.0.0.1/34065] INFO  ozoneimpl.OzoneContainer (OzoneContainer.java:buildContainerSet(266)) - Build ContainerSet costs 0s
2022-06-16 16:19:15,137 [Listener at 127.0.0.1/34065] INFO  server.RaftServer (ConfUtils.java:logGet(46)) - raft.rpc.type = GRPC (default)
2022-06-16 16:19:15,138 [Listener at 127.0.0.1/34065] INFO  grpc.GrpcFactory (GrpcFactory.java:checkPooledByteBufAllocatorUseCacheForAllThreads(48)) - PERFORMANCE WARNING: useCacheForAllThreads is true that may cause Netty to create a lot garbage objects and, as a result, trigger GC.
	It is recommended to disable useCacheForAllThreads by setting -Dorg.apache.ratis.thirdparty.io.netty.allocator.useCacheForAllThreads=false in command line.
2022-06-16 16:19:15,138 [Listener at 127.0.0.1/34065] INFO  grpc.GrpcConfigKeys (ConfUtils.java:logGet(46)) - raft.grpc.admin.port = 0 (custom)
2022-06-16 16:19:15,138 [Listener at 127.0.0.1/34065] INFO  grpc.GrpcConfigKeys (ConfUtils.java:logGet(46)) - raft.grpc.client.port = 0 (custom)
2022-06-16 16:19:15,138 [Listener at 127.0.0.1/34065] INFO  grpc.GrpcConfigKeys (ConfUtils.java:logGet(46)) - raft.grpc.server.port = 0 (default)
2022-06-16 16:19:15,138 [Listener at 127.0.0.1/34065] INFO  server.GrpcService (ConfUtils.java:logGet(46)) - raft.grpc.message.size.max = 32MB (=33554432) (custom)
2022-06-16 16:19:15,138 [Listener at 127.0.0.1/34065] INFO  server.RaftServerConfigKeys (ConfUtils.java:logGet(46)) - raft.server.log.appender.buffer.byte-limit = 33554432 (custom)
2022-06-16 16:19:15,138 [Listener at 127.0.0.1/34065] INFO  server.GrpcService (ConfUtils.java:logGet(46)) - raft.grpc.flow.control.window = 5MB (=5242880) (custom)
2022-06-16 16:19:15,139 [Listener at 127.0.0.1/34065] INFO  server.RaftServerConfigKeys (ConfUtils.java:logGet(46)) - raft.server.rpc.request.timeout = 60s (custom)
2022-06-16 16:19:15,139 [Listener at 127.0.0.1/34065] INFO  grpc.GrpcConfigKeys (ConfUtils.java:logGet(46)) - raft.grpc.server.async.request.thread.pool.cached = true (default)
2022-06-16 16:19:15,139 [Listener at 127.0.0.1/34065] INFO  grpc.GrpcConfigKeys (ConfUtils.java:logGet(46)) - raft.grpc.server.async.request.thread.pool.size = 32 (default)
2022-06-16 16:19:15,141 [Listener at 127.0.0.1/34065] INFO  impl.DataStreamServerImpl (ConfUtils.java:logGet(46)) - raft.datastream.type = DISABLED (default)
2022-06-16 16:19:15,141 [Listener at 127.0.0.1/34065] INFO  server.RaftServerConfigKeys (ConfUtils.java:logGet(46)) - raft.server.threadpool.proxy.cached = true (default)
2022-06-16 16:19:15,141 [Listener at 127.0.0.1/34065] INFO  server.RaftServerConfigKeys (ConfUtils.java:logGet(46)) - raft.server.threadpool.proxy.size = 0 (default)
2022-06-16 16:19:15,141 [Listener at 127.0.0.1/34065] INFO  server.RaftServerConfigKeys (ConfUtils.java:logGet(46)) - raft.server.rpc.slowness.timeout = 300s (custom)
2022-06-16 16:19:15,141 [Listener at 127.0.0.1/34065] INFO  server.RaftServerConfigKeys (ConfUtils.java:logGet(46)) - raft.server.leaderelection.leader.step-down.wait-time = 10s (default)
2022-06-16 16:19:15,142 [Listener at 127.0.0.1/34065] INFO  server.RaftServerConfigKeys (ConfUtils.java:logGet(46)) - raft.server.storage.dir = [/home/runner/work/ozone/ozone/hadoop-ozone/integration-test/target/test-dir/MiniOzoneClusterImpl-3714a898-0fe0-42e2-9307-bd15e6fadcd3/datanode-1/data/ratis] (custom)
2022-06-16 16:19:15,143 [Listener at 127.0.0.1/34065] INFO  server.XceiverServerGrpc (XceiverServerGrpc.java:<init>(132)) - GrpcServer channel type EpollServerSocketChannel
2022-06-16 16:19:15,170 [Listener at 127.0.0.1/34065] INFO  http.BaseHttpServer (BaseHttpServer.java:newHttpServer2BuilderForOzone(209)) - Starting Web-server for hddsDatanode at: http://0.0.0.0:0
2022-06-16 16:19:15,170 [Listener at 127.0.0.1/34065] INFO  http.BaseHttpServer (BaseHttpServer.java:<init>(107)) - Hadoop Security Enabled: false Ozone Security Enabled: false Ozone HTTP Security Enabled: false 
2022-06-16 16:19:15,171 [Listener at 127.0.0.1/34065] INFO  server.AuthenticationFilter (AuthenticationFilter.java:constructSecretProvider(240)) - Unable to initialize FileSignerSecretProvider, falling back to use random secrets.
2022-06-16 16:19:15,174 [Listener at 127.0.0.1/34065] WARN  http.HttpRequestLog (HttpRequestLog.java:getRequestLog(103)) - Jetty request log can only be enabled using Log4j
2022-06-16 16:19:15,175 [Listener at 127.0.0.1/34065] INFO  http.HttpServer2 (HttpServer2.java:addGlobalFilter(1029)) - Added global filter 'safety' (class=org.apache.hadoop.hdds.server.http.HttpServer2$QuotingInputFilter)
2022-06-16 16:19:15,176 [Listener at 127.0.0.1/34065] INFO  http.HttpServer2 (HttpServer2.java:addFilter(1005)) - Added filter static_user_filter (class=org.apache.hadoop.http.lib.StaticUserWebFilter$StaticUserFilter) to context hddsDatanode
2022-06-16 16:19:15,176 [Listener at 127.0.0.1/34065] INFO  http.HttpServer2 (HttpServer2.java:addFilter(1013)) - Added filter static_user_filter (class=org.apache.hadoop.http.lib.StaticUserWebFilter$StaticUserFilter) to context static
2022-06-16 16:19:15,176 [Listener at 127.0.0.1/34065] INFO  http.HttpServer2 (HttpServer2.java:addFilter(1013)) - Added filter static_user_filter (class=org.apache.hadoop.http.lib.StaticUserWebFilter$StaticUserFilter) to context logs
2022-06-16 16:19:15,176 [Listener at 127.0.0.1/34065] INFO  http.HttpServer2 (HttpServer2.java:bindListener(1248)) - Jetty bound to port 41241
2022-06-16 16:19:15,176 [Listener at 127.0.0.1/34065] INFO  server.Server (Server.java:doStart(375)) - jetty-9.4.43.v20210629; built: 2021-06-30T11:07:22.254Z; git: 526006ecfa3af7f1a27ef3a288e2bef7ea9dd7e8; jvm 1.8.0_332-b09
2022-06-16 16:19:15,237 [Listener at 127.0.0.1/34065] INFO  server.session (DefaultSessionIdManager.java:doStart(334)) - DefaultSessionIdManager workerName=node0
2022-06-16 16:19:15,237 [Listener at 127.0.0.1/34065] INFO  server.session (DefaultSessionIdManager.java:doStart(339)) - No SessionScavenger set, using defaults
2022-06-16 16:19:15,237 [Listener at 127.0.0.1/34065] INFO  server.session (HouseKeeper.java:startScavenging(132)) - node0 Scavenging every 600000ms
2022-06-16 16:19:15,250 [Listener at 127.0.0.1/34065] INFO  handler.ContextHandler (ContextHandler.java:doStart(915)) - Started o.e.j.s.ServletContextHandler@7bd3fafa{logs,/logs,file:///home/runner/work/ozone/ozone/hadoop-ozone/integration-test/target/log,AVAILABLE}
2022-06-16 16:19:15,251 [Listener at 127.0.0.1/34065] INFO  handler.ContextHandler (ContextHandler.java:doStart(915)) - Started o.e.j.s.ServletContextHandler@5307be53{static,/static,jar:file:/home/runner/.m2/repository/org/apache/ozone/hdds-container-service/1.3.0-SNAPSHOT/hdds-container-service-1.3.0-SNAPSHOT.jar!/webapps/static,AVAILABLE}
2022-06-16 16:19:15,569 [Listener at 127.0.0.1/34065] INFO  handler.ContextHandler (ContextHandler.java:doStart(915)) - Started o.e.j.w.WebAppContext@2ef1df73{hddsDatanode,/,file:///tmp/jetty-0_0_0_0-41241-hdds-container-service-1_3_0-SNAPSHOT_jar-_-any-8253806782331412417/webapp/,AVAILABLE}{jar:file:/home/runner/.m2/repository/org/apache/ozone/hdds-container-service/1.3.0-SNAPSHOT/hdds-container-service-1.3.0-SNAPSHOT.jar!/webapps/hddsDatanode}
2022-06-16 16:19:15,582 [Listener at 127.0.0.1/34065] INFO  server.AbstractConnector (AbstractConnector.java:doStart(331)) - Started ServerConnector@66ac212{HTTP/1.1, (http/1.1)}{0.0.0.0:41241}
2022-06-16 16:19:15,582 [Listener at 127.0.0.1/34065] INFO  server.Server (Server.java:doStart(415)) - Started @78218ms
2022-06-16 16:19:15,582 [Listener at 127.0.0.1/34065] WARN  impl.MetricsSystemImpl (MetricsSystemImpl.java:register(279)) - Sink prometheus already exists!
2022-06-16 16:19:15,586 [Listener at 127.0.0.1/34065] INFO  http.BaseHttpServer (BaseHttpServer.java:updateConnectorAddress(329)) - HTTP server of hddsDatanode listening at http://0.0.0.0:41241
2022-06-16 16:19:15,598 [Listener at 127.0.0.1/34065] WARN  impl.MetricRegistriesImpl (MetricRegistriesImpl.java:addReporterRegistration(111)) - New reporters are added after registries were created. Some metrics will be missing from the reporter. Please add reporter before adding any new registry.
2022-06-16 16:19:15,598 [Listener at 127.0.0.1/34065] WARN  impl.MetricRegistriesImpl (MetricRegistriesImpl.java:addReporterRegistration(111)) - New reporters are added after registries were created. Some metrics will be missing from the reporter. Please add reporter before adding any new registry.
2022-06-16 16:19:15,598 [Listener at 127.0.0.1/34065] INFO  impl.MetricsSystemImpl (MetricsSystemImpl.java:init(158)) - HddsDatanode metrics system started (again)
2022-06-16 16:19:15,602 [Datanode State Machine Daemon Thread] INFO  statemachine.DatanodeStateMachine (DatanodeStateMachine.java:lambda$startDaemon$0(484)) - Ozone container server started.
2022-06-16 16:19:15,632 [Listener at 127.0.0.1/34065] INFO  ozone.HddsDatanodeService (HddsDatanodeService.java:start(236)) - HddsDatanodeService host:fv-az37-268.zqe2tmcsx5vuvjs3sdc4q2yfud.gx.internal.cloudapp.net ip:10.1.0.16
2022-06-16 16:19:15,671 [Listener at 127.0.0.1/34065] INFO  upgrade.AbstractLayoutVersionManager (AbstractLayoutVersionManager.java:init(82)) - Initializing Layout version manager with metadata layout = DATANODE_SCHEMA_V3 (version = 4), software layout = DATANODE_SCHEMA_V3 (version = 4)
2022-06-16 16:19:15,691 [org.apache.hadoop.util.JvmPauseMonitor$Monitor@467f6d7e] INFO  util.JvmPauseMonitor (JvmPauseMonitor.java:run(188)) - Starting JVM pause monitor
2022-06-16 16:19:15,707 [Datanode State Machine Task Thread - 0] INFO  datanode.InitDatanodeState (InitDatanodeState.java:persistContainerDatanodeDetails(138)) - DatanodeDetails is persisted to /home/runner/work/ozone/ozone/hadoop-ozone/integration-test/target/test-dir/MiniOzoneClusterImpl-3714a898-0fe0-42e2-9307-bd15e6fadcd3/datanode-1/meta/datanode.id
2022-06-16 16:19:15,812 [Listener at 127.0.0.1/34065] INFO  reflections.Reflections (Reflections.java:scan(232)) - Reflections took 140 ms to scan 7 urls, producing 131 keys and 311 values 
2022-06-16 16:19:15,825 [Listener at 127.0.0.1/34065] INFO  statemachine.DatanodeStateMachine (DatanodeStateMachine.java:getEndPointTaskThreadPoolSize(233)) - Datanode State Machine Task Thread Pool size 2
2022-06-16 16:19:15,834 [Listener at 127.0.0.1/34065] INFO  volume.HddsVolume (HddsVolume.java:<init>(116)) - Creating HddsVolume: /home/runner/work/ozone/ozone/hadoop-ozone/integration-test/target/test-dir/MiniOzoneClusterImpl-3714a898-0fe0-42e2-9307-bd15e6fadcd3/datanode-2/data-0/containers/hdds of storage type : DISK capacity : 9223372036854775807
2022-06-16 16:19:15,835 [Listener at 127.0.0.1/34065] INFO  volume.MutableVolumeSet (MutableVolumeSet.java:initializeVolumeSet(174)) - Added Volume : /home/runner/work/ozone/ozone/hadoop-ozone/integration-test/target/test-dir/MiniOzoneClusterImpl-3714a898-0fe0-42e2-9307-bd15e6fadcd3/datanode-2/data-0/containers/hdds to VolumeSet
2022-06-16 16:19:15,835 [Listener at 127.0.0.1/34065] INFO  volume.ThrottledAsyncChecker (ThrottledAsyncChecker.java:schedule(141)) - Scheduling a check for /home/runner/work/ozone/ozone/hadoop-ozone/integration-test/target/test-dir/MiniOzoneClusterImpl-3714a898-0fe0-42e2-9307-bd15e6fadcd3/datanode-2/data-0/containers/hdds
2022-06-16 16:19:15,846 [Listener at 127.0.0.1/34065] INFO  volume.StorageVolumeChecker (StorageVolumeChecker.java:checkAllVolumes(202)) - Scheduled health check for volume /home/runner/work/ozone/ozone/hadoop-ozone/integration-test/target/test-dir/MiniOzoneClusterImpl-3714a898-0fe0-42e2-9307-bd15e6fadcd3/datanode-2/data-0/containers/hdds
2022-06-16 16:19:15,867 [Listener at 127.0.0.1/34065] INFO  volume.MutableVolumeSet (MutableVolumeSet.java:initializeVolumeSet(174)) - Added Volume : /home/runner/work/ozone/ozone/hadoop-ozone/integration-test/target/test-dir/MiniOzoneClusterImpl-3714a898-0fe0-42e2-9307-bd15e6fadcd3/datanode-2/data/ratis to VolumeSet
2022-06-16 16:19:15,867 [Listener at 127.0.0.1/34065] INFO  volume.ThrottledAsyncChecker (ThrottledAsyncChecker.java:schedule(141)) - Scheduling a check for /home/runner/work/ozone/ozone/hadoop-ozone/integration-test/target/test-dir/MiniOzoneClusterImpl-3714a898-0fe0-42e2-9307-bd15e6fadcd3/datanode-2/data/ratis
2022-06-16 16:19:15,867 [Listener at 127.0.0.1/34065] INFO  volume.StorageVolumeChecker (StorageVolumeChecker.java:checkAllVolumes(202)) - Scheduled health check for volume /home/runner/work/ozone/ozone/hadoop-ozone/integration-test/target/test-dir/MiniOzoneClusterImpl-3714a898-0fe0-42e2-9307-bd15e6fadcd3/datanode-2/data/ratis
2022-06-16 16:19:15,918 [Thread-660] INFO  ozoneimpl.ContainerReader (ContainerReader.java:readVolume(172)) - Finish verifying containers on volume /home/runner/work/ozone/ozone/hadoop-ozone/integration-test/target/test-dir/MiniOzoneClusterImpl-3714a898-0fe0-42e2-9307-bd15e6fadcd3/datanode-2/data-0/containers/hdds
2022-06-16 16:19:15,918 [Listener at 127.0.0.1/34065] INFO  ozoneimpl.OzoneContainer (OzoneContainer.java:buildContainerSet(266)) - Build ContainerSet costs 0s
2022-06-16 16:19:15,925 [Listener at 127.0.0.1/34065] INFO  server.RaftServer (ConfUtils.java:logGet(46)) - raft.rpc.type = GRPC (default)
2022-06-16 16:19:15,925 [Listener at 127.0.0.1/34065] INFO  grpc.GrpcFactory (GrpcFactory.java:checkPooledByteBufAllocatorUseCacheForAllThreads(48)) - PERFORMANCE WARNING: useCacheForAllThreads is true that may cause Netty to create a lot garbage objects and, as a result, trigger GC.
	It is recommended to disable useCacheForAllThreads by setting -Dorg.apache.ratis.thirdparty.io.netty.allocator.useCacheForAllThreads=false in command line.
2022-06-16 16:19:15,925 [Listener at 127.0.0.1/34065] INFO  grpc.GrpcConfigKeys (ConfUtils.java:logGet(46)) - raft.grpc.admin.port = 0 (custom)
2022-06-16 16:19:15,925 [Listener at 127.0.0.1/34065] INFO  grpc.GrpcConfigKeys (ConfUtils.java:logGet(46)) - raft.grpc.client.port = 0 (custom)
2022-06-16 16:19:15,925 [Listener at 127.0.0.1/34065] INFO  grpc.GrpcConfigKeys (ConfUtils.java:logGet(46)) - raft.grpc.server.port = 0 (default)
2022-06-16 16:19:15,925 [Listener at 127.0.0.1/34065] INFO  server.GrpcService (ConfUtils.java:logGet(46)) - raft.grpc.message.size.max = 32MB (=33554432) (custom)
2022-06-16 16:19:15,925 [Listener at 127.0.0.1/34065] INFO  server.RaftServerConfigKeys (ConfUtils.java:logGet(46)) - raft.server.log.appender.buffer.byte-limit = 33554432 (custom)
2022-06-16 16:19:15,925 [Listener at 127.0.0.1/34065] INFO  server.GrpcService (ConfUtils.java:logGet(46)) - raft.grpc.flow.control.window = 5MB (=5242880) (custom)
2022-06-16 16:19:15,926 [Listener at 127.0.0.1/34065] INFO  server.RaftServerConfigKeys (ConfUtils.java:logGet(46)) - raft.server.rpc.request.timeout = 60s (custom)
2022-06-16 16:19:15,926 [Listener at 127.0.0.1/34065] INFO  grpc.GrpcConfigKeys (ConfUtils.java:logGet(46)) - raft.grpc.server.async.request.thread.pool.cached = true (default)
2022-06-16 16:19:15,926 [Listener at 127.0.0.1/34065] INFO  grpc.GrpcConfigKeys (ConfUtils.java:logGet(46)) - raft.grpc.server.async.request.thread.pool.size = 32 (default)
2022-06-16 16:19:15,927 [Listener at 127.0.0.1/34065] INFO  impl.DataStreamServerImpl (ConfUtils.java:logGet(46)) - raft.datastream.type = DISABLED (default)
2022-06-16 16:19:15,927 [Listener at 127.0.0.1/34065] INFO  server.RaftServerConfigKeys (ConfUtils.java:logGet(46)) - raft.server.threadpool.proxy.cached = true (default)
2022-06-16 16:19:15,927 [Listener at 127.0.0.1/34065] INFO  server.RaftServerConfigKeys (ConfUtils.java:logGet(46)) - raft.server.threadpool.proxy.size = 0 (default)
2022-06-16 16:19:15,927 [Listener at 127.0.0.1/34065] INFO  server.RaftServerConfigKeys (ConfUtils.java:logGet(46)) - raft.server.rpc.slowness.timeout = 300s (custom)
2022-06-16 16:19:15,927 [Listener at 127.0.0.1/34065] INFO  server.RaftServerConfigKeys (ConfUtils.java:logGet(46)) - raft.server.leaderelection.leader.step-down.wait-time = 10s (default)
2022-06-16 16:19:15,927 [Listener at 127.0.0.1/34065] INFO  server.RaftServerConfigKeys (ConfUtils.java:logGet(46)) - raft.server.storage.dir = [/home/runner/work/ozone/ozone/hadoop-ozone/integration-test/target/test-dir/MiniOzoneClusterImpl-3714a898-0fe0-42e2-9307-bd15e6fadcd3/datanode-2/data/ratis] (custom)
2022-06-16 16:19:15,943 [Listener at 127.0.0.1/34065] INFO  server.XceiverServerGrpc (XceiverServerGrpc.java:<init>(132)) - GrpcServer channel type EpollServerSocketChannel
2022-06-16 16:19:15,947 [Listener at 127.0.0.1/34065] INFO  http.BaseHttpServer (BaseHttpServer.java:newHttpServer2BuilderForOzone(209)) - Starting Web-server for hddsDatanode at: http://0.0.0.0:0
2022-06-16 16:19:15,947 [Listener at 127.0.0.1/34065] INFO  http.BaseHttpServer (BaseHttpServer.java:<init>(107)) - Hadoop Security Enabled: false Ozone Security Enabled: false Ozone HTTP Security Enabled: false 
2022-06-16 16:19:15,948 [Listener at 127.0.0.1/34065] INFO  server.AuthenticationFilter (AuthenticationFilter.java:constructSecretProvider(240)) - Unable to initialize FileSignerSecretProvider, falling back to use random secrets.
2022-06-16 16:19:15,954 [Listener at 127.0.0.1/34065] WARN  http.HttpRequestLog (HttpRequestLog.java:getRequestLog(103)) - Jetty request log can only be enabled using Log4j
2022-06-16 16:19:15,955 [Listener at 127.0.0.1/34065] INFO  http.HttpServer2 (HttpServer2.java:addGlobalFilter(1029)) - Added global filter 'safety' (class=org.apache.hadoop.hdds.server.http.HttpServer2$QuotingInputFilter)
2022-06-16 16:19:15,955 [Listener at 127.0.0.1/34065] INFO  http.HttpServer2 (HttpServer2.java:addFilter(1005)) - Added filter static_user_filter (class=org.apache.hadoop.http.lib.StaticUserWebFilter$StaticUserFilter) to context hddsDatanode
2022-06-16 16:19:15,955 [Listener at 127.0.0.1/34065] INFO  http.HttpServer2 (HttpServer2.java:addFilter(1013)) - Added filter static_user_filter (class=org.apache.hadoop.http.lib.StaticUserWebFilter$StaticUserFilter) to context logs
2022-06-16 16:19:15,955 [Listener at 127.0.0.1/34065] INFO  http.HttpServer2 (HttpServer2.java:addFilter(1013)) - Added filter static_user_filter (class=org.apache.hadoop.http.lib.StaticUserWebFilter$StaticUserFilter) to context static
2022-06-16 16:19:15,957 [Listener at 127.0.0.1/34065] INFO  http.HttpServer2 (HttpServer2.java:bindListener(1248)) - Jetty bound to port 40733
2022-06-16 16:19:15,958 [Listener at 127.0.0.1/34065] INFO  server.Server (Server.java:doStart(375)) - jetty-9.4.43.v20210629; built: 2021-06-30T11:07:22.254Z; git: 526006ecfa3af7f1a27ef3a288e2bef7ea9dd7e8; jvm 1.8.0_332-b09
2022-06-16 16:19:15,968 [Listener at 127.0.0.1/34065] INFO  server.session (DefaultSessionIdManager.java:doStart(334)) - DefaultSessionIdManager workerName=node0
2022-06-16 16:19:15,968 [Listener at 127.0.0.1/34065] INFO  server.session (DefaultSessionIdManager.java:doStart(339)) - No SessionScavenger set, using defaults
2022-06-16 16:19:15,968 [Listener at 127.0.0.1/34065] INFO  server.session (HouseKeeper.java:startScavenging(132)) - node0 Scavenging every 660000ms
2022-06-16 16:19:15,969 [Listener at 127.0.0.1/34065] INFO  handler.ContextHandler (ContextHandler.java:doStart(915)) - Started o.e.j.s.ServletContextHandler@5c81bb16{logs,/logs,file:///home/runner/work/ozone/ozone/hadoop-ozone/integration-test/target/log,AVAILABLE}
2022-06-16 16:19:15,969 [Listener at 127.0.0.1/34065] INFO  handler.ContextHandler (ContextHandler.java:doStart(915)) - Started o.e.j.s.ServletContextHandler@188df7c7{static,/static,jar:file:/home/runner/.m2/repository/org/apache/ozone/hdds-container-service/1.3.0-SNAPSHOT/hdds-container-service-1.3.0-SNAPSHOT.jar!/webapps/static,AVAILABLE}
2022-06-16 16:19:16,409 [Listener at 127.0.0.1/34065] INFO  handler.ContextHandler (ContextHandler.java:doStart(915)) - Started o.e.j.w.WebAppContext@320f451{hddsDatanode,/,file:///tmp/jetty-0_0_0_0-40733-hdds-container-service-1_3_0-SNAPSHOT_jar-_-any-1557264383025099918/webapp/,AVAILABLE}{jar:file:/home/runner/.m2/repository/org/apache/ozone/hdds-container-service/1.3.0-SNAPSHOT/hdds-container-service-1.3.0-SNAPSHOT.jar!/webapps/hddsDatanode}
2022-06-16 16:19:16,434 [Listener at 127.0.0.1/34065] INFO  server.AbstractConnector (AbstractConnector.java:doStart(331)) - Started ServerConnector@61fe8807{HTTP/1.1, (http/1.1)}{0.0.0.0:40733}
2022-06-16 16:19:16,434 [Listener at 127.0.0.1/34065] INFO  server.Server (Server.java:doStart(415)) - Started @79070ms
2022-06-16 16:19:16,434 [Listener at 127.0.0.1/34065] WARN  impl.MetricsSystemImpl (MetricsSystemImpl.java:register(279)) - Sink prometheus already exists!
2022-06-16 16:19:16,446 [Listener at 127.0.0.1/34065] INFO  http.BaseHttpServer (BaseHttpServer.java:updateConnectorAddress(329)) - HTTP server of hddsDatanode listening at http://0.0.0.0:40733
2022-06-16 16:19:16,450 [Listener at 127.0.0.1/34065] WARN  impl.MetricRegistriesImpl (MetricRegistriesImpl.java:addReporterRegistration(111)) - New reporters are added after registries were created. Some metrics will be missing from the reporter. Please add reporter before adding any new registry.
2022-06-16 16:19:16,450 [Listener at 127.0.0.1/34065] WARN  impl.MetricRegistriesImpl (MetricRegistriesImpl.java:addReporterRegistration(111)) - New reporters are added after registries were created. Some metrics will be missing from the reporter. Please add reporter before adding any new registry.
2022-06-16 16:19:16,450 [Listener at 127.0.0.1/34065] INFO  impl.MetricsSystemImpl (MetricsSystemImpl.java:init(158)) - HddsDatanode metrics system started (again)
2022-06-16 16:19:16,454 [Datanode State Machine Daemon Thread] INFO  statemachine.DatanodeStateMachine (DatanodeStateMachine.java:lambda$startDaemon$0(484)) - Ozone container server started.
2022-06-16 16:19:16,487 [Datanode State Machine Task Thread - 0] INFO  datanode.InitDatanodeState (InitDatanodeState.java:persistContainerDatanodeDetails(138)) - DatanodeDetails is persisted to /home/runner/work/ozone/ozone/hadoop-ozone/integration-test/target/test-dir/MiniOzoneClusterImpl-3714a898-0fe0-42e2-9307-bd15e6fadcd3/datanode-2/meta/datanode.id
2022-06-16 16:19:16,490 [Listener at 127.0.0.1/34065] INFO  ozone.HddsDatanodeService (HddsDatanodeService.java:start(236)) - HddsDatanodeService host:fv-az37-268.zqe2tmcsx5vuvjs3sdc4q2yfud.gx.internal.cloudapp.net ip:10.1.0.16
2022-06-16 16:19:16,491 [org.apache.hadoop.util.JvmPauseMonitor$Monitor@671f1de8] INFO  util.JvmPauseMonitor (JvmPauseMonitor.java:run(188)) - Starting JVM pause monitor
2022-06-16 16:19:16,531 [Listener at 127.0.0.1/34065] INFO  upgrade.AbstractLayoutVersionManager (AbstractLayoutVersionManager.java:init(82)) - Initializing Layout version manager with metadata layout = DATANODE_SCHEMA_V3 (version = 4), software layout = DATANODE_SCHEMA_V3 (version = 4)
2022-06-16 16:19:16,676 [Listener at 127.0.0.1/34065] INFO  reflections.Reflections (Reflections.java:scan(232)) - Reflections took 144 ms to scan 7 urls, producing 131 keys and 311 values 
2022-06-16 16:19:16,677 [Listener at 127.0.0.1/34065] INFO  statemachine.DatanodeStateMachine (DatanodeStateMachine.java:getEndPointTaskThreadPoolSize(233)) - Datanode State Machine Task Thread Pool size 2
2022-06-16 16:19:16,695 [Listener at 127.0.0.1/34065] INFO  volume.HddsVolume (HddsVolume.java:<init>(116)) - Creating HddsVolume: /home/runner/work/ozone/ozone/hadoop-ozone/integration-test/target/test-dir/MiniOzoneClusterImpl-3714a898-0fe0-42e2-9307-bd15e6fadcd3/datanode-3/data-0/containers/hdds of storage type : DISK capacity : 9223372036854775807
2022-06-16 16:19:16,695 [Listener at 127.0.0.1/34065] INFO  volume.MutableVolumeSet (MutableVolumeSet.java:initializeVolumeSet(174)) - Added Volume : /home/runner/work/ozone/ozone/hadoop-ozone/integration-test/target/test-dir/MiniOzoneClusterImpl-3714a898-0fe0-42e2-9307-bd15e6fadcd3/datanode-3/data-0/containers/hdds to VolumeSet
2022-06-16 16:19:16,695 [Listener at 127.0.0.1/34065] INFO  volume.ThrottledAsyncChecker (ThrottledAsyncChecker.java:schedule(141)) - Scheduling a check for /home/runner/work/ozone/ozone/hadoop-ozone/integration-test/target/test-dir/MiniOzoneClusterImpl-3714a898-0fe0-42e2-9307-bd15e6fadcd3/datanode-3/data-0/containers/hdds
2022-06-16 16:19:16,718 [Listener at 127.0.0.1/34065] INFO  volume.StorageVolumeChecker (StorageVolumeChecker.java:checkAllVolumes(202)) - Scheduled health check for volume /home/runner/work/ozone/ozone/hadoop-ozone/integration-test/target/test-dir/MiniOzoneClusterImpl-3714a898-0fe0-42e2-9307-bd15e6fadcd3/datanode-3/data-0/containers/hdds
2022-06-16 16:19:16,757 [Listener at 127.0.0.1/34065] INFO  volume.MutableVolumeSet (MutableVolumeSet.java:initializeVolumeSet(174)) - Added Volume : /home/runner/work/ozone/ozone/hadoop-ozone/integration-test/target/test-dir/MiniOzoneClusterImpl-3714a898-0fe0-42e2-9307-bd15e6fadcd3/datanode-3/data/ratis to VolumeSet
2022-06-16 16:19:16,758 [Listener at 127.0.0.1/34065] INFO  volume.ThrottledAsyncChecker (ThrottledAsyncChecker.java:schedule(141)) - Scheduling a check for /home/runner/work/ozone/ozone/hadoop-ozone/integration-test/target/test-dir/MiniOzoneClusterImpl-3714a898-0fe0-42e2-9307-bd15e6fadcd3/datanode-3/data/ratis
2022-06-16 16:19:16,758 [Listener at 127.0.0.1/34065] INFO  volume.StorageVolumeChecker (StorageVolumeChecker.java:checkAllVolumes(202)) - Scheduled health check for volume /home/runner/work/ozone/ozone/hadoop-ozone/integration-test/target/test-dir/MiniOzoneClusterImpl-3714a898-0fe0-42e2-9307-bd15e6fadcd3/datanode-3/data/ratis
2022-06-16 16:19:16,794 [Thread-673] INFO  ozoneimpl.ContainerReader (ContainerReader.java:readVolume(172)) - Finish verifying containers on volume /home/runner/work/ozone/ozone/hadoop-ozone/integration-test/target/test-dir/MiniOzoneClusterImpl-3714a898-0fe0-42e2-9307-bd15e6fadcd3/datanode-3/data-0/containers/hdds
2022-06-16 16:19:16,794 [Listener at 127.0.0.1/34065] INFO  ozoneimpl.OzoneContainer (OzoneContainer.java:buildContainerSet(266)) - Build ContainerSet costs 0s
2022-06-16 16:19:16,796 [Listener at 127.0.0.1/34065] INFO  server.RaftServer (ConfUtils.java:logGet(46)) - raft.rpc.type = GRPC (default)
2022-06-16 16:19:16,796 [Listener at 127.0.0.1/34065] INFO  grpc.GrpcFactory (GrpcFactory.java:checkPooledByteBufAllocatorUseCacheForAllThreads(48)) - PERFORMANCE WARNING: useCacheForAllThreads is true that may cause Netty to create a lot garbage objects and, as a result, trigger GC.
	It is recommended to disable useCacheForAllThreads by setting -Dorg.apache.ratis.thirdparty.io.netty.allocator.useCacheForAllThreads=false in command line.
2022-06-16 16:19:16,797 [Listener at 127.0.0.1/34065] INFO  grpc.GrpcConfigKeys (ConfUtils.java:logGet(46)) - raft.grpc.admin.port = 0 (custom)
2022-06-16 16:19:16,797 [Listener at 127.0.0.1/34065] INFO  grpc.GrpcConfigKeys (ConfUtils.java:logGet(46)) - raft.grpc.client.port = 0 (custom)
2022-06-16 16:19:16,797 [Listener at 127.0.0.1/34065] INFO  grpc.GrpcConfigKeys (ConfUtils.java:logGet(46)) - raft.grpc.server.port = 0 (default)
2022-06-16 16:19:16,797 [Listener at 127.0.0.1/34065] INFO  server.GrpcService (ConfUtils.java:logGet(46)) - raft.grpc.message.size.max = 32MB (=33554432) (custom)
2022-06-16 16:19:16,797 [Listener at 127.0.0.1/34065] INFO  server.RaftServerConfigKeys (ConfUtils.java:logGet(46)) - raft.server.log.appender.buffer.byte-limit = 33554432 (custom)
2022-06-16 16:19:16,797 [Listener at 127.0.0.1/34065] INFO  server.GrpcService (ConfUtils.java:logGet(46)) - raft.grpc.flow.control.window = 5MB (=5242880) (custom)
2022-06-16 16:19:16,797 [Listener at 127.0.0.1/34065] INFO  server.RaftServerConfigKeys (ConfUtils.java:logGet(46)) - raft.server.rpc.request.timeout = 60s (custom)
2022-06-16 16:19:16,797 [Listener at 127.0.0.1/34065] INFO  grpc.GrpcConfigKeys (ConfUtils.java:logGet(46)) - raft.grpc.server.async.request.thread.pool.cached = true (default)
2022-06-16 16:19:16,797 [Listener at 127.0.0.1/34065] INFO  grpc.GrpcConfigKeys (ConfUtils.java:logGet(46)) - raft.grpc.server.async.request.thread.pool.size = 32 (default)
2022-06-16 16:19:16,798 [Listener at 127.0.0.1/34065] INFO  impl.DataStreamServerImpl (ConfUtils.java:logGet(46)) - raft.datastream.type = DISABLED (default)
2022-06-16 16:19:16,799 [Listener at 127.0.0.1/34065] INFO  server.RaftServerConfigKeys (ConfUtils.java:logGet(46)) - raft.server.threadpool.proxy.cached = true (default)
2022-06-16 16:19:16,799 [Listener at 127.0.0.1/34065] INFO  server.RaftServerConfigKeys (ConfUtils.java:logGet(46)) - raft.server.threadpool.proxy.size = 0 (default)
2022-06-16 16:19:16,799 [Listener at 127.0.0.1/34065] INFO  server.RaftServerConfigKeys (ConfUtils.java:logGet(46)) - raft.server.rpc.slowness.timeout = 300s (custom)
2022-06-16 16:19:16,799 [Listener at 127.0.0.1/34065] INFO  server.RaftServerConfigKeys (ConfUtils.java:logGet(46)) - raft.server.leaderelection.leader.step-down.wait-time = 10s (default)
2022-06-16 16:19:16,799 [Listener at 127.0.0.1/34065] INFO  server.RaftServerConfigKeys (ConfUtils.java:logGet(46)) - raft.server.storage.dir = [/home/runner/work/ozone/ozone/hadoop-ozone/integration-test/target/test-dir/MiniOzoneClusterImpl-3714a898-0fe0-42e2-9307-bd15e6fadcd3/datanode-3/data/ratis] (custom)
2022-06-16 16:19:16,811 [Listener at 127.0.0.1/34065] INFO  server.XceiverServerGrpc (XceiverServerGrpc.java:<init>(132)) - GrpcServer channel type EpollServerSocketChannel
2022-06-16 16:19:16,819 [Listener at 127.0.0.1/34065] INFO  http.BaseHttpServer (BaseHttpServer.java:newHttpServer2BuilderForOzone(209)) - Starting Web-server for hddsDatanode at: http://0.0.0.0:0
2022-06-16 16:19:16,819 [Listener at 127.0.0.1/34065] INFO  http.BaseHttpServer (BaseHttpServer.java:<init>(107)) - Hadoop Security Enabled: false Ozone Security Enabled: false Ozone HTTP Security Enabled: false 
2022-06-16 16:19:16,820 [Listener at 127.0.0.1/34065] INFO  server.AuthenticationFilter (AuthenticationFilter.java:constructSecretProvider(240)) - Unable to initialize FileSignerSecretProvider, falling back to use random secrets.
2022-06-16 16:19:16,824 [Listener at 127.0.0.1/34065] WARN  http.HttpRequestLog (HttpRequestLog.java:getRequestLog(103)) - Jetty request log can only be enabled using Log4j
2022-06-16 16:19:16,825 [Listener at 127.0.0.1/34065] INFO  http.HttpServer2 (HttpServer2.java:addGlobalFilter(1029)) - Added global filter 'safety' (class=org.apache.hadoop.hdds.server.http.HttpServer2$QuotingInputFilter)
2022-06-16 16:19:16,826 [Listener at 127.0.0.1/34065] INFO  http.HttpServer2 (HttpServer2.java:addFilter(1005)) - Added filter static_user_filter (class=org.apache.hadoop.http.lib.StaticUserWebFilter$StaticUserFilter) to context hddsDatanode
2022-06-16 16:19:16,826 [Listener at 127.0.0.1/34065] INFO  http.HttpServer2 (HttpServer2.java:addFilter(1013)) - Added filter static_user_filter (class=org.apache.hadoop.http.lib.StaticUserWebFilter$StaticUserFilter) to context logs
2022-06-16 16:19:16,826 [Listener at 127.0.0.1/34065] INFO  http.HttpServer2 (HttpServer2.java:addFilter(1013)) - Added filter static_user_filter (class=org.apache.hadoop.http.lib.StaticUserWebFilter$StaticUserFilter) to context static
2022-06-16 16:19:16,827 [Listener at 127.0.0.1/34065] INFO  http.HttpServer2 (HttpServer2.java:bindListener(1248)) - Jetty bound to port 45575
2022-06-16 16:19:16,827 [Listener at 127.0.0.1/34065] INFO  server.Server (Server.java:doStart(375)) - jetty-9.4.43.v20210629; built: 2021-06-30T11:07:22.254Z; git: 526006ecfa3af7f1a27ef3a288e2bef7ea9dd7e8; jvm 1.8.0_332-b09
2022-06-16 16:19:16,874 [Listener at 127.0.0.1/34065] INFO  server.session (DefaultSessionIdManager.java:doStart(334)) - DefaultSessionIdManager workerName=node0
2022-06-16 16:19:16,875 [Listener at 127.0.0.1/34065] INFO  server.session (DefaultSessionIdManager.java:doStart(339)) - No SessionScavenger set, using defaults
2022-06-16 16:19:16,875 [Listener at 127.0.0.1/34065] INFO  server.session (HouseKeeper.java:startScavenging(132)) - node0 Scavenging every 600000ms
2022-06-16 16:19:16,886 [Listener at 127.0.0.1/34065] INFO  handler.ContextHandler (ContextHandler.java:doStart(915)) - Started o.e.j.s.ServletContextHandler@ed24620{logs,/logs,file:///home/runner/work/ozone/ozone/hadoop-ozone/integration-test/target/log,AVAILABLE}
2022-06-16 16:19:16,887 [Listener at 127.0.0.1/34065] INFO  handler.ContextHandler (ContextHandler.java:doStart(915)) - Started o.e.j.s.ServletContextHandler@3e406969{static,/static,jar:file:/home/runner/.m2/repository/org/apache/ozone/hdds-container-service/1.3.0-SNAPSHOT/hdds-container-service-1.3.0-SNAPSHOT.jar!/webapps/static,AVAILABLE}
2022-06-16 16:19:17,022 [EndpointStateMachine task thread for /0.0.0.0:45905 - 0 ] INFO  volume.HddsVolume (HddsVolume.java:createDbStore(309)) - SchemaV3 db is created and loaded at /home/runner/work/ozone/ozone/hadoop-ozone/integration-test/target/test-dir/MiniOzoneClusterImpl-3714a898-0fe0-42e2-9307-bd15e6fadcd3/datanode-0/data-0/containers/hdds/3714a898-0fe0-42e2-9307-bd15e6fadcd3/DS-c0cff578-f333-4c1b-b518-9619d251a621/container.db for volume DS-c0cff578-f333-4c1b-b518-9619d251a621
2022-06-16 16:19:17,034 [EndpointStateMachine task thread for /0.0.0.0:45905 - 0 ] INFO  volume.HddsVolume (HddsVolume.java:closeDbStore(340)) - SchemaV3 db is stopped at /home/runner/work/ozone/ozone/hadoop-ozone/integration-test/target/test-dir/MiniOzoneClusterImpl-3714a898-0fe0-42e2-9307-bd15e6fadcd3/datanode-0/data-0/containers/hdds/3714a898-0fe0-42e2-9307-bd15e6fadcd3/DS-c0cff578-f333-4c1b-b518-9619d251a621/container.db for volume DS-c0cff578-f333-4c1b-b518-9619d251a621
2022-06-16 16:19:17,034 [EndpointStateMachine task thread for /0.0.0.0:45905 - 0 ] INFO  ozoneimpl.OzoneContainer (OzoneContainer.java:start(344)) - Attempting to start container services.
2022-06-16 16:19:17,034 [EndpointStateMachine task thread for /0.0.0.0:45905 - 0 ] INFO  ozoneimpl.OzoneContainer (OzoneContainer.java:startContainerScrub(279)) - Background container scanner has been disabled.
2022-06-16 16:19:17,038 [EndpointStateMachine task thread for /0.0.0.0:45905 - 0 ] INFO  replication.ReplicationServer (ReplicationServer.java:start(111)) - ReplicationServer is started using port 41109
2022-06-16 16:19:17,042 [EndpointStateMachine task thread for /0.0.0.0:45905 - 0 ] INFO  ratis.XceiverServerRatis (XceiverServerRatis.java:start(481)) - Starting XceiverServerRatis f18629d0-4209-4076-ad9d-a135d0d60f56
2022-06-16 16:19:17,074 [EndpointStateMachine task thread for /0.0.0.0:45905 - 0 ] INFO  server.RaftServer (RaftServerProxy.java:lambda$start$6(382)) - f18629d0-4209-4076-ad9d-a135d0d60f56: start RPC server
2022-06-16 16:19:17,082 [EndpointStateMachine task thread for /0.0.0.0:45905 - 0 ] INFO  server.GrpcService (GrpcService.java:startImpl(260)) - f18629d0-4209-4076-ad9d-a135d0d60f56: GrpcService started, listening on 43341
2022-06-16 16:19:17,083 [EndpointStateMachine task thread for /0.0.0.0:45905 - 0 ] INFO  ratis.XceiverServerRatis (XceiverServerRatis.java:getRealPort(502)) - XceiverServerRatis f18629d0-4209-4076-ad9d-a135d0d60f56 is started using port 43341 for RATIS
2022-06-16 16:19:17,083 [EndpointStateMachine task thread for /0.0.0.0:45905 - 0 ] INFO  ratis.XceiverServerRatis (XceiverServerRatis.java:getRealPort(502)) - XceiverServerRatis f18629d0-4209-4076-ad9d-a135d0d60f56 is started using port 43341 for RATIS_ADMIN
2022-06-16 16:19:17,083 [EndpointStateMachine task thread for /0.0.0.0:45905 - 0 ] INFO  ratis.XceiverServerRatis (XceiverServerRatis.java:getRealPort(502)) - XceiverServerRatis f18629d0-4209-4076-ad9d-a135d0d60f56 is started using port 43341 for RATIS_SERVER
2022-06-16 16:19:17,086 [org.apache.ratis.util.JvmPauseMonitor$$Lambda$611/1702991963@70a9a6e6] INFO  util.JvmPauseMonitor (JvmPauseMonitor.java:run(103)) - JvmPauseMonitor-f18629d0-4209-4076-ad9d-a135d0d60f56: Started
2022-06-16 16:19:17,108 [EndpointStateMachine task thread for /0.0.0.0:45905 - 0 ] INFO  server.XceiverServerGrpc (XceiverServerGrpc.java:start(180)) - XceiverServerGrpc f18629d0-4209-4076-ad9d-a135d0d60f56 is started using port 38595
2022-06-16 16:19:17,424 [Listener at 127.0.0.1/34065] INFO  handler.ContextHandler (ContextHandler.java:doStart(915)) - Started o.e.j.w.WebAppContext@3089312a{hddsDatanode,/,file:///tmp/jetty-0_0_0_0-45575-hdds-container-service-1_3_0-SNAPSHOT_jar-_-any-1367636148993466305/webapp/,AVAILABLE}{jar:file:/home/runner/.m2/repository/org/apache/ozone/hdds-container-service/1.3.0-SNAPSHOT/hdds-container-service-1.3.0-SNAPSHOT.jar!/webapps/hddsDatanode}
2022-06-16 16:19:17,425 [Listener at 127.0.0.1/34065] INFO  server.AbstractConnector (AbstractConnector.java:doStart(331)) - Started ServerConnector@4568db0e{HTTP/1.1, (http/1.1)}{0.0.0.0:45575}
2022-06-16 16:19:17,425 [Listener at 127.0.0.1/34065] INFO  server.Server (Server.java:doStart(415)) - Started @80061ms
2022-06-16 16:19:17,426 [Listener at 127.0.0.1/34065] WARN  impl.MetricsSystemImpl (MetricsSystemImpl.java:register(279)) - Sink prometheus already exists!
2022-06-16 16:19:17,427 [Listener at 127.0.0.1/34065] INFO  http.BaseHttpServer (BaseHttpServer.java:updateConnectorAddress(329)) - HTTP server of hddsDatanode listening at http://0.0.0.0:45575
2022-06-16 16:19:17,427 [Listener at 127.0.0.1/34065] WARN  impl.MetricRegistriesImpl (MetricRegistriesImpl.java:addReporterRegistration(111)) - New reporters are added after registries were created. Some metrics will be missing from the reporter. Please add reporter before adding any new registry.
2022-06-16 16:19:17,427 [Listener at 127.0.0.1/34065] WARN  impl.MetricRegistriesImpl (MetricRegistriesImpl.java:addReporterRegistration(111)) - New reporters are added after registries were created. Some metrics will be missing from the reporter. Please add reporter before adding any new registry.
2022-06-16 16:19:17,427 [Listener at 127.0.0.1/34065] INFO  impl.MetricsSystemImpl (MetricsSystemImpl.java:init(158)) - HddsDatanode metrics system started (again)
2022-06-16 16:19:17,437 [Datanode State Machine Daemon Thread] INFO  statemachine.DatanodeStateMachine (DatanodeStateMachine.java:lambda$startDaemon$0(484)) - Ozone container server started.
2022-06-16 16:19:17,439 [Listener at 127.0.0.1/34065] INFO  ozone.HddsDatanodeService (HddsDatanodeService.java:start(236)) - HddsDatanodeService host:fv-az37-268.zqe2tmcsx5vuvjs3sdc4q2yfud.gx.internal.cloudapp.net ip:10.1.0.16
2022-06-16 16:19:17,458 [org.apache.hadoop.util.JvmPauseMonitor$Monitor@6cbc83d8] INFO  util.JvmPauseMonitor (JvmPauseMonitor.java:run(188)) - Starting JVM pause monitor
2022-06-16 16:19:17,460 [Datanode State Machine Task Thread - 0] INFO  datanode.InitDatanodeState (InitDatanodeState.java:persistContainerDatanodeDetails(138)) - DatanodeDetails is persisted to /home/runner/work/ozone/ozone/hadoop-ozone/integration-test/target/test-dir/MiniOzoneClusterImpl-3714a898-0fe0-42e2-9307-bd15e6fadcd3/datanode-3/meta/datanode.id
2022-06-16 16:19:17,491 [Listener at 127.0.0.1/34065] INFO  upgrade.AbstractLayoutVersionManager (AbstractLayoutVersionManager.java:init(82)) - Initializing Layout version manager with metadata layout = DATANODE_SCHEMA_V3 (version = 4), software layout = DATANODE_SCHEMA_V3 (version = 4)
2022-06-16 16:19:17,551 [Listener at 127.0.0.1/34065] INFO  reflections.Reflections (Reflections.java:scan(232)) - Reflections took 58 ms to scan 7 urls, producing 131 keys and 311 values 
2022-06-16 16:19:17,552 [Listener at 127.0.0.1/34065] INFO  statemachine.DatanodeStateMachine (DatanodeStateMachine.java:getEndPointTaskThreadPoolSize(233)) - Datanode State Machine Task Thread Pool size 2
2022-06-16 16:19:17,553 [Listener at 127.0.0.1/34065] INFO  volume.HddsVolume (HddsVolume.java:<init>(116)) - Creating HddsVolume: /home/runner/work/ozone/ozone/hadoop-ozone/integration-test/target/test-dir/MiniOzoneClusterImpl-3714a898-0fe0-42e2-9307-bd15e6fadcd3/datanode-4/data-0/containers/hdds of storage type : DISK capacity : 9223372036854775807
2022-06-16 16:19:17,554 [Listener at 127.0.0.1/34065] INFO  volume.MutableVolumeSet (MutableVolumeSet.java:initializeVolumeSet(174)) - Added Volume : /home/runner/work/ozone/ozone/hadoop-ozone/integration-test/target/test-dir/MiniOzoneClusterImpl-3714a898-0fe0-42e2-9307-bd15e6fadcd3/datanode-4/data-0/containers/hdds to VolumeSet
2022-06-16 16:19:17,554 [Listener at 127.0.0.1/34065] INFO  volume.ThrottledAsyncChecker (ThrottledAsyncChecker.java:schedule(141)) - Scheduling a check for /home/runner/work/ozone/ozone/hadoop-ozone/integration-test/target/test-dir/MiniOzoneClusterImpl-3714a898-0fe0-42e2-9307-bd15e6fadcd3/datanode-4/data-0/containers/hdds
2022-06-16 16:19:17,554 [Listener at 127.0.0.1/34065] INFO  volume.StorageVolumeChecker (StorageVolumeChecker.java:checkAllVolumes(202)) - Scheduled health check for volume /home/runner/work/ozone/ozone/hadoop-ozone/integration-test/target/test-dir/MiniOzoneClusterImpl-3714a898-0fe0-42e2-9307-bd15e6fadcd3/datanode-4/data-0/containers/hdds
2022-06-16 16:19:17,579 [Listener at 127.0.0.1/34065] INFO  volume.MutableVolumeSet (MutableVolumeSet.java:initializeVolumeSet(174)) - Added Volume : /home/runner/work/ozone/ozone/hadoop-ozone/integration-test/target/test-dir/MiniOzoneClusterImpl-3714a898-0fe0-42e2-9307-bd15e6fadcd3/datanode-4/data/ratis to VolumeSet
2022-06-16 16:19:17,579 [Listener at 127.0.0.1/34065] INFO  volume.ThrottledAsyncChecker (ThrottledAsyncChecker.java:schedule(141)) - Scheduling a check for /home/runner/work/ozone/ozone/hadoop-ozone/integration-test/target/test-dir/MiniOzoneClusterImpl-3714a898-0fe0-42e2-9307-bd15e6fadcd3/datanode-4/data/ratis
2022-06-16 16:19:17,579 [Listener at 127.0.0.1/34065] INFO  volume.StorageVolumeChecker (StorageVolumeChecker.java:checkAllVolumes(202)) - Scheduled health check for volume /home/runner/work/ozone/ozone/hadoop-ozone/integration-test/target/test-dir/MiniOzoneClusterImpl-3714a898-0fe0-42e2-9307-bd15e6fadcd3/datanode-4/data/ratis
2022-06-16 16:19:17,626 [Thread-690] INFO  ozoneimpl.ContainerReader (ContainerReader.java:readVolume(172)) - Finish verifying containers on volume /home/runner/work/ozone/ozone/hadoop-ozone/integration-test/target/test-dir/MiniOzoneClusterImpl-3714a898-0fe0-42e2-9307-bd15e6fadcd3/datanode-4/data-0/containers/hdds
2022-06-16 16:19:17,626 [Listener at 127.0.0.1/34065] INFO  ozoneimpl.OzoneContainer (OzoneContainer.java:buildContainerSet(266)) - Build ContainerSet costs 0s
2022-06-16 16:19:17,628 [Listener at 127.0.0.1/34065] INFO  server.RaftServer (ConfUtils.java:logGet(46)) - raft.rpc.type = GRPC (default)
2022-06-16 16:19:17,628 [Listener at 127.0.0.1/34065] INFO  grpc.GrpcFactory (GrpcFactory.java:checkPooledByteBufAllocatorUseCacheForAllThreads(48)) - PERFORMANCE WARNING: useCacheForAllThreads is true that may cause Netty to create a lot garbage objects and, as a result, trigger GC.
	It is recommended to disable useCacheForAllThreads by setting -Dorg.apache.ratis.thirdparty.io.netty.allocator.useCacheForAllThreads=false in command line.
2022-06-16 16:19:17,628 [Listener at 127.0.0.1/34065] INFO  grpc.GrpcConfigKeys (ConfUtils.java:logGet(46)) - raft.grpc.admin.port = 0 (custom)
2022-06-16 16:19:17,628 [Listener at 127.0.0.1/34065] INFO  grpc.GrpcConfigKeys (ConfUtils.java:logGet(46)) - raft.grpc.client.port = 0 (custom)
2022-06-16 16:19:17,629 [Listener at 127.0.0.1/34065] INFO  grpc.GrpcConfigKeys (ConfUtils.java:logGet(46)) - raft.grpc.server.port = 0 (default)
2022-06-16 16:19:17,629 [Listener at 127.0.0.1/34065] INFO  server.GrpcService (ConfUtils.java:logGet(46)) - raft.grpc.message.size.max = 32MB (=33554432) (custom)
2022-06-16 16:19:17,629 [Listener at 127.0.0.1/34065] INFO  server.RaftServerConfigKeys (ConfUtils.java:logGet(46)) - raft.server.log.appender.buffer.byte-limit = 33554432 (custom)
2022-06-16 16:19:17,629 [Listener at 127.0.0.1/34065] INFO  server.GrpcService (ConfUtils.java:logGet(46)) - raft.grpc.flow.control.window = 5MB (=5242880) (custom)
2022-06-16 16:19:17,629 [Listener at 127.0.0.1/34065] INFO  server.RaftServerConfigKeys (ConfUtils.java:logGet(46)) - raft.server.rpc.request.timeout = 60s (custom)
2022-06-16 16:19:17,629 [Listener at 127.0.0.1/34065] INFO  grpc.GrpcConfigKeys (ConfUtils.java:logGet(46)) - raft.grpc.server.async.request.thread.pool.cached = true (default)
2022-06-16 16:19:17,629 [Listener at 127.0.0.1/34065] INFO  grpc.GrpcConfigKeys (ConfUtils.java:logGet(46)) - raft.grpc.server.async.request.thread.pool.size = 32 (default)
2022-06-16 16:19:17,630 [Listener at 127.0.0.1/34065] INFO  impl.DataStreamServerImpl (ConfUtils.java:logGet(46)) - raft.datastream.type = DISABLED (default)
2022-06-16 16:19:17,630 [Listener at 127.0.0.1/34065] INFO  server.RaftServerConfigKeys (ConfUtils.java:logGet(46)) - raft.server.threadpool.proxy.cached = true (default)
2022-06-16 16:19:17,630 [Listener at 127.0.0.1/34065] INFO  server.RaftServerConfigKeys (ConfUtils.java:logGet(46)) - raft.server.threadpool.proxy.size = 0 (default)
2022-06-16 16:19:17,630 [Listener at 127.0.0.1/34065] INFO  server.RaftServerConfigKeys (ConfUtils.java:logGet(46)) - raft.server.rpc.slowness.timeout = 300s (custom)
2022-06-16 16:19:17,630 [Listener at 127.0.0.1/34065] INFO  server.RaftServerConfigKeys (ConfUtils.java:logGet(46)) - raft.server.leaderelection.leader.step-down.wait-time = 10s (default)
2022-06-16 16:19:17,630 [Listener at 127.0.0.1/34065] INFO  server.RaftServerConfigKeys (ConfUtils.java:logGet(46)) - raft.server.storage.dir = [/home/runner/work/ozone/ozone/hadoop-ozone/integration-test/target/test-dir/MiniOzoneClusterImpl-3714a898-0fe0-42e2-9307-bd15e6fadcd3/datanode-4/data/ratis] (custom)
2022-06-16 16:19:17,647 [Listener at 127.0.0.1/34065] INFO  server.XceiverServerGrpc (XceiverServerGrpc.java:<init>(132)) - GrpcServer channel type EpollServerSocketChannel
2022-06-16 16:19:17,667 [Listener at 127.0.0.1/34065] INFO  http.BaseHttpServer (BaseHttpServer.java:newHttpServer2BuilderForOzone(209)) - Starting Web-server for hddsDatanode at: http://0.0.0.0:0
2022-06-16 16:19:17,667 [Listener at 127.0.0.1/34065] INFO  http.BaseHttpServer (BaseHttpServer.java:<init>(107)) - Hadoop Security Enabled: false Ozone Security Enabled: false Ozone HTTP Security Enabled: false 
2022-06-16 16:19:17,668 [Listener at 127.0.0.1/34065] INFO  server.AuthenticationFilter (AuthenticationFilter.java:constructSecretProvider(240)) - Unable to initialize FileSignerSecretProvider, falling back to use random secrets.
2022-06-16 16:19:17,675 [Listener at 127.0.0.1/34065] WARN  http.HttpRequestLog (HttpRequestLog.java:getRequestLog(103)) - Jetty request log can only be enabled using Log4j
2022-06-16 16:19:17,676 [Listener at 127.0.0.1/34065] INFO  http.HttpServer2 (HttpServer2.java:addGlobalFilter(1029)) - Added global filter 'safety' (class=org.apache.hadoop.hdds.server.http.HttpServer2$QuotingInputFilter)
2022-06-16 16:19:17,676 [Listener at 127.0.0.1/34065] INFO  http.HttpServer2 (HttpServer2.java:addFilter(1005)) - Added filter static_user_filter (class=org.apache.hadoop.http.lib.StaticUserWebFilter$StaticUserFilter) to context hddsDatanode
2022-06-16 16:19:17,677 [Listener at 127.0.0.1/34065] INFO  http.HttpServer2 (HttpServer2.java:addFilter(1013)) - Added filter static_user_filter (class=org.apache.hadoop.http.lib.StaticUserWebFilter$StaticUserFilter) to context static
2022-06-16 16:19:17,677 [Listener at 127.0.0.1/34065] INFO  http.HttpServer2 (HttpServer2.java:addFilter(1013)) - Added filter static_user_filter (class=org.apache.hadoop.http.lib.StaticUserWebFilter$StaticUserFilter) to context logs
2022-06-16 16:19:17,677 [Listener at 127.0.0.1/34065] INFO  http.HttpServer2 (HttpServer2.java:bindListener(1248)) - Jetty bound to port 45407
2022-06-16 16:19:17,677 [Listener at 127.0.0.1/34065] INFO  server.Server (Server.java:doStart(375)) - jetty-9.4.43.v20210629; built: 2021-06-30T11:07:22.254Z; git: 526006ecfa3af7f1a27ef3a288e2bef7ea9dd7e8; jvm 1.8.0_332-b09
2022-06-16 16:19:17,726 [Listener at 127.0.0.1/34065] INFO  server.session (DefaultSessionIdManager.java:doStart(334)) - DefaultSessionIdManager workerName=node0
2022-06-16 16:19:17,726 [Listener at 127.0.0.1/34065] INFO  server.session (DefaultSessionIdManager.java:doStart(339)) - No SessionScavenger set, using defaults
2022-06-16 16:19:17,726 [Listener at 127.0.0.1/34065] INFO  server.session (HouseKeeper.java:startScavenging(132)) - node0 Scavenging every 660000ms
2022-06-16 16:19:17,738 [Listener at 127.0.0.1/34065] INFO  handler.ContextHandler (ContextHandler.java:doStart(915)) - Started o.e.j.s.ServletContextHandler@6609a1a1{logs,/logs,file:///home/runner/work/ozone/ozone/hadoop-ozone/integration-test/target/log,AVAILABLE}
2022-06-16 16:19:17,739 [Listener at 127.0.0.1/34065] INFO  handler.ContextHandler (ContextHandler.java:doStart(915)) - Started o.e.j.s.ServletContextHandler@7ed05995{static,/static,jar:file:/home/runner/.m2/repository/org/apache/ozone/hdds-container-service/1.3.0-SNAPSHOT/hdds-container-service-1.3.0-SNAPSHOT.jar!/webapps/static,AVAILABLE}
2022-06-16 16:19:17,817 [EndpointStateMachine task thread for /0.0.0.0:45905 - 0 ] INFO  volume.HddsVolume (HddsVolume.java:createDbStore(309)) - SchemaV3 db is created and loaded at /home/runner/work/ozone/ozone/hadoop-ozone/integration-test/target/test-dir/MiniOzoneClusterImpl-3714a898-0fe0-42e2-9307-bd15e6fadcd3/datanode-1/data-0/containers/hdds/3714a898-0fe0-42e2-9307-bd15e6fadcd3/DS-0fb637a1-971d-49ef-8541-3ee8fa88bcc3/container.db for volume DS-0fb637a1-971d-49ef-8541-3ee8fa88bcc3
2022-06-16 16:19:17,838 [EndpointStateMachine task thread for /0.0.0.0:45905 - 0 ] INFO  volume.HddsVolume (HddsVolume.java:closeDbStore(340)) - SchemaV3 db is stopped at /home/runner/work/ozone/ozone/hadoop-ozone/integration-test/target/test-dir/MiniOzoneClusterImpl-3714a898-0fe0-42e2-9307-bd15e6fadcd3/datanode-1/data-0/containers/hdds/3714a898-0fe0-42e2-9307-bd15e6fadcd3/DS-0fb637a1-971d-49ef-8541-3ee8fa88bcc3/container.db for volume DS-0fb637a1-971d-49ef-8541-3ee8fa88bcc3
2022-06-16 16:19:17,838 [EndpointStateMachine task thread for /0.0.0.0:45905 - 0 ] INFO  ozoneimpl.OzoneContainer (OzoneContainer.java:start(344)) - Attempting to start container services.
2022-06-16 16:19:17,838 [EndpointStateMachine task thread for /0.0.0.0:45905 - 0 ] INFO  ozoneimpl.OzoneContainer (OzoneContainer.java:startContainerScrub(279)) - Background container scanner has been disabled.
2022-06-16 16:19:17,847 [EndpointStateMachine task thread for /0.0.0.0:45905 - 0 ] INFO  replication.ReplicationServer (ReplicationServer.java:start(111)) - ReplicationServer is started using port 36981
2022-06-16 16:19:17,848 [EndpointStateMachine task thread for /0.0.0.0:45905 - 0 ] INFO  ratis.XceiverServerRatis (XceiverServerRatis.java:start(481)) - Starting XceiverServerRatis e92161bb-36da-4024-83fa-f02433e9e8b4
2022-06-16 16:19:17,848 [EndpointStateMachine task thread for /0.0.0.0:45905 - 0 ] INFO  server.RaftServer (RaftServerProxy.java:lambda$start$6(382)) - e92161bb-36da-4024-83fa-f02433e9e8b4: start RPC server
2022-06-16 16:19:17,855 [EndpointStateMachine task thread for /0.0.0.0:45905 - 0 ] INFO  server.GrpcService (GrpcService.java:startImpl(260)) - e92161bb-36da-4024-83fa-f02433e9e8b4: GrpcService started, listening on 37825
2022-06-16 16:19:17,855 [EndpointStateMachine task thread for /0.0.0.0:45905 - 0 ] INFO  ratis.XceiverServerRatis (XceiverServerRatis.java:getRealPort(502)) - XceiverServerRatis e92161bb-36da-4024-83fa-f02433e9e8b4 is started using port 37825 for RATIS
2022-06-16 16:19:17,855 [EndpointStateMachine task thread for /0.0.0.0:45905 - 0 ] INFO  ratis.XceiverServerRatis (XceiverServerRatis.java:getRealPort(502)) - XceiverServerRatis e92161bb-36da-4024-83fa-f02433e9e8b4 is started using port 37825 for RATIS_ADMIN
2022-06-16 16:19:17,855 [EndpointStateMachine task thread for /0.0.0.0:45905 - 0 ] INFO  ratis.XceiverServerRatis (XceiverServerRatis.java:getRealPort(502)) - XceiverServerRatis e92161bb-36da-4024-83fa-f02433e9e8b4 is started using port 37825 for RATIS_SERVER
2022-06-16 16:19:17,855 [org.apache.ratis.util.JvmPauseMonitor$$Lambda$611/1702991963@ff1800a] INFO  util.JvmPauseMonitor (JvmPauseMonitor.java:run(103)) - JvmPauseMonitor-e92161bb-36da-4024-83fa-f02433e9e8b4: Started
2022-06-16 16:19:17,874 [EndpointStateMachine task thread for /0.0.0.0:45905 - 0 ] INFO  server.XceiverServerGrpc (XceiverServerGrpc.java:start(180)) - XceiverServerGrpc e92161bb-36da-4024-83fa-f02433e9e8b4 is started using port 35063
2022-06-16 16:19:18,144 [Listener at 127.0.0.1/34065] INFO  handler.ContextHandler (ContextHandler.java:doStart(915)) - Started o.e.j.w.WebAppContext@69fd854d{hddsDatanode,/,file:///tmp/jetty-0_0_0_0-45407-hdds-container-service-1_3_0-SNAPSHOT_jar-_-any-5324491480907515149/webapp/,AVAILABLE}{jar:file:/home/runner/.m2/repository/org/apache/ozone/hdds-container-service/1.3.0-SNAPSHOT/hdds-container-service-1.3.0-SNAPSHOT.jar!/webapps/hddsDatanode}
2022-06-16 16:19:18,150 [Listener at 127.0.0.1/34065] INFO  server.AbstractConnector (AbstractConnector.java:doStart(331)) - Started ServerConnector@7919d904{HTTP/1.1, (http/1.1)}{0.0.0.0:45407}
2022-06-16 16:19:18,150 [Listener at 127.0.0.1/34065] INFO  server.Server (Server.java:doStart(415)) - Started @80786ms
2022-06-16 16:19:18,150 [Listener at 127.0.0.1/34065] WARN  impl.MetricsSystemImpl (MetricsSystemImpl.java:register(279)) - Sink prometheus already exists!
2022-06-16 16:19:18,151 [Listener at 127.0.0.1/34065] INFO  http.BaseHttpServer (BaseHttpServer.java:updateConnectorAddress(329)) - HTTP server of hddsDatanode listening at http://0.0.0.0:45407
2022-06-16 16:19:18,158 [Listener at 127.0.0.1/34065] INFO  ozone.MiniOzoneClusterImpl (MiniOzoneClusterImpl.java:lambda$waitForClusterToBeReady$0(221)) - Waiting for nodes to be ready. Got 0 of 5 DN Heartbeats.
2022-06-16 16:19:18,158 [Listener at 127.0.0.1/34065] INFO  ozone.MiniOzoneClusterImpl (MiniOzoneClusterImpl.java:lambda$waitForClusterToBeReady$0(224)) - Waiting for cluster to exit safe mode
2022-06-16 16:19:18,158 [Listener at 127.0.0.1/34065] INFO  ozone.MiniOzoneClusterImpl (MiniOzoneClusterImpl.java:lambda$waitForClusterToBeReady$0(226)) - SCM became leader
2022-06-16 16:19:18,166 [Datanode State Machine Daemon Thread] INFO  statemachine.DatanodeStateMachine (DatanodeStateMachine.java:lambda$startDaemon$0(484)) - Ozone container server started.
2022-06-16 16:19:18,224 [org.apache.hadoop.util.JvmPauseMonitor$Monitor@3a0858dc] INFO  util.JvmPauseMonitor (JvmPauseMonitor.java:run(188)) - Starting JVM pause monitor
2022-06-16 16:19:18,235 [Datanode State Machine Task Thread - 0] INFO  datanode.InitDatanodeState (InitDatanodeState.java:persistContainerDatanodeDetails(138)) - DatanodeDetails is persisted to /home/runner/work/ozone/ozone/hadoop-ozone/integration-test/target/test-dir/MiniOzoneClusterImpl-3714a898-0fe0-42e2-9307-bd15e6fadcd3/datanode-4/meta/datanode.id
2022-06-16 16:19:18,522 [EndpointStateMachine task thread for /0.0.0.0:45905 - 0 ] INFO  volume.HddsVolume (HddsVolume.java:createDbStore(309)) - SchemaV3 db is created and loaded at /home/runner/work/ozone/ozone/hadoop-ozone/integration-test/target/test-dir/MiniOzoneClusterImpl-3714a898-0fe0-42e2-9307-bd15e6fadcd3/datanode-2/data-0/containers/hdds/3714a898-0fe0-42e2-9307-bd15e6fadcd3/DS-487676d9-c7cd-4367-8057-340b79b8d8c6/container.db for volume DS-487676d9-c7cd-4367-8057-340b79b8d8c6
2022-06-16 16:19:18,523 [EndpointStateMachine task thread for /0.0.0.0:45905 - 0 ] INFO  volume.HddsVolume (HddsVolume.java:closeDbStore(340)) - SchemaV3 db is stopped at /home/runner/work/ozone/ozone/hadoop-ozone/integration-test/target/test-dir/MiniOzoneClusterImpl-3714a898-0fe0-42e2-9307-bd15e6fadcd3/datanode-2/data-0/containers/hdds/3714a898-0fe0-42e2-9307-bd15e6fadcd3/DS-487676d9-c7cd-4367-8057-340b79b8d8c6/container.db for volume DS-487676d9-c7cd-4367-8057-340b79b8d8c6
2022-06-16 16:19:18,523 [EndpointStateMachine task thread for /0.0.0.0:45905 - 0 ] INFO  ozoneimpl.OzoneContainer (OzoneContainer.java:start(344)) - Attempting to start container services.
2022-06-16 16:19:18,523 [EndpointStateMachine task thread for /0.0.0.0:45905 - 0 ] INFO  ozoneimpl.OzoneContainer (OzoneContainer.java:startContainerScrub(279)) - Background container scanner has been disabled.
2022-06-16 16:19:18,534 [EndpointStateMachine task thread for /0.0.0.0:45905 - 0 ] INFO  replication.ReplicationServer (ReplicationServer.java:start(111)) - ReplicationServer is started using port 45579
2022-06-16 16:19:18,546 [EndpointStateMachine task thread for /0.0.0.0:45905 - 0 ] INFO  ratis.XceiverServerRatis (XceiverServerRatis.java:start(481)) - Starting XceiverServerRatis 5b838663-213a-4fbf-828e-9dfe1e385535
2022-06-16 16:19:18,566 [EndpointStateMachine task thread for /0.0.0.0:45905 - 0 ] INFO  server.RaftServer (RaftServerProxy.java:lambda$start$6(382)) - 5b838663-213a-4fbf-828e-9dfe1e385535: start RPC server
2022-06-16 16:19:18,578 [EndpointStateMachine task thread for /0.0.0.0:45905 - 0 ] INFO  server.GrpcService (GrpcService.java:startImpl(260)) - 5b838663-213a-4fbf-828e-9dfe1e385535: GrpcService started, listening on 33841
2022-06-16 16:19:18,580 [EndpointStateMachine task thread for /0.0.0.0:45905 - 0 ] INFO  ratis.XceiverServerRatis (XceiverServerRatis.java:getRealPort(502)) - XceiverServerRatis 5b838663-213a-4fbf-828e-9dfe1e385535 is started using port 33841 for RATIS
2022-06-16 16:19:18,580 [EndpointStateMachine task thread for /0.0.0.0:45905 - 0 ] INFO  ratis.XceiverServerRatis (XceiverServerRatis.java:getRealPort(502)) - XceiverServerRatis 5b838663-213a-4fbf-828e-9dfe1e385535 is started using port 33841 for RATIS_ADMIN
2022-06-16 16:19:18,580 [EndpointStateMachine task thread for /0.0.0.0:45905 - 0 ] INFO  ratis.XceiverServerRatis (XceiverServerRatis.java:getRealPort(502)) - XceiverServerRatis 5b838663-213a-4fbf-828e-9dfe1e385535 is started using port 33841 for RATIS_SERVER
2022-06-16 16:19:18,582 [org.apache.ratis.util.JvmPauseMonitor$$Lambda$611/1702991963@345ead9c] INFO  util.JvmPauseMonitor (JvmPauseMonitor.java:run(103)) - JvmPauseMonitor-5b838663-213a-4fbf-828e-9dfe1e385535: Started
2022-06-16 16:19:18,614 [EndpointStateMachine task thread for /0.0.0.0:45905 - 0 ] INFO  server.XceiverServerGrpc (XceiverServerGrpc.java:start(180)) - XceiverServerGrpc 5b838663-213a-4fbf-828e-9dfe1e385535 is started using port 35121
2022-06-16 16:19:18,902 [IPC Server handler 1 on default port 45905] INFO  net.NetworkTopologyImpl (NetworkTopologyImpl.java:add(112)) - Added a new node: /default-rack/f18629d0-4209-4076-ad9d-a135d0d60f56
2022-06-16 16:19:18,902 [IPC Server handler 1 on default port 45905] INFO  node.SCMNodeManager (SCMNodeManager.java:register(394)) - Registered Data node : f18629d0-4209-4076-ad9d-a135d0d60f56{ip: 10.1.0.16, host: fv-az37-268.zqe2tmcsx5vuvjs3sdc4q2yfud.gx.internal.cloudapp.net, ports: [REPLICATION=41109, RATIS=43341, RATIS_ADMIN=43341, RATIS_SERVER=43341, STANDALONE=38595], networkLocation: /default-rack, certSerialId: null, persistedOpState: null, persistedOpStateExpiryEpochSec: 0}
2022-06-16 16:19:18,914 [EventQueue-NewNodeForNewNodeHandler] INFO  pipeline.BackgroundPipelineCreator (BackgroundPipelineCreator.java:notifyEventTriggered(272)) - trigger a one-shot run on RatisPipelineUtilsThread.
2022-06-16 16:19:18,915 [RatisPipelineUtilsThread - 0] INFO  pipeline.RatisPipelineProvider (RatisPipelineProvider.java:lambda$create$0(195)) - Sending CreatePipelineCommand for pipeline:PipelineID=6a3426eb-9662-4aec-80d7-52f9f5b6fb9e to datanode:f18629d0-4209-4076-ad9d-a135d0d60f56
2022-06-16 16:19:18,934 [EventQueue-NodeRegistrationContainerReportForContainerSafeModeRule] INFO  safemode.SCMSafeModeManager (SCMSafeModeManager.java:validateSafeModeExitRules(204)) - ContainerSafeModeRule rule is successfully validated
2022-06-16 16:19:18,936 [EventQueue-NodeRegistrationContainerReportForDataNodeSafeModeRule] INFO  safemode.SCMSafeModeManager (DataNodeSafeModeRule.java:process(71)) - SCM in safe mode. 1 DataNodes registered, 3 required.
2022-06-16 16:19:18,946 [RatisPipelineUtilsThread - 0] INFO  pipeline.PipelineStateManagerImpl (PipelineStateManagerImpl.java:addPipeline(101)) - Created pipeline Pipeline[ Id: 6a3426eb-9662-4aec-80d7-52f9f5b6fb9e, Nodes: f18629d0-4209-4076-ad9d-a135d0d60f56{ip: 10.1.0.16, host: fv-az37-268.zqe2tmcsx5vuvjs3sdc4q2yfud.gx.internal.cloudapp.net, ports: [REPLICATION=41109, RATIS=43341, RATIS_ADMIN=43341, RATIS_SERVER=43341, STANDALONE=38595], networkLocation: /default-rack, certSerialId: null, persistedOpState: IN_SERVICE, persistedOpStateExpiryEpochSec: 0}, ReplicationConfig: RATIS/ONE, State:ALLOCATED, leaderId:, CreationTimestamp2022-06-16T16:19:18.915Z[Etc/UTC]].
2022-06-16 16:19:18,954 [EventQueue-PipelineReportForOneReplicaPipelineSafeModeRule] INFO  safemode.SCMSafeModeManager (SCMSafeModeManager.java:validateSafeModeExitRules(204)) - AtleastOneDatanodeReportedRule rule is successfully validated
2022-06-16 16:19:19,158 [Listener at 127.0.0.1/34065] INFO  ozone.MiniOzoneClusterImpl (MiniOzoneClusterImpl.java:lambda$waitForClusterToBeReady$0(221)) - Waiting for nodes to be ready. Got 1 of 5 DN Heartbeats.
2022-06-16 16:19:19,159 [Listener at 127.0.0.1/34065] INFO  ozone.MiniOzoneClusterImpl (MiniOzoneClusterImpl.java:lambda$waitForClusterToBeReady$0(224)) - Waiting for cluster to exit safe mode
2022-06-16 16:19:19,159 [Listener at 127.0.0.1/34065] INFO  ozone.MiniOzoneClusterImpl (MiniOzoneClusterImpl.java:lambda$waitForClusterToBeReady$0(226)) - SCM became leader
2022-06-16 16:19:19,525 [EndpointStateMachine task thread for /0.0.0.0:45905 - 0 ] INFO  volume.HddsVolume (HddsVolume.java:createDbStore(309)) - SchemaV3 db is created and loaded at /home/runner/work/ozone/ozone/hadoop-ozone/integration-test/target/test-dir/MiniOzoneClusterImpl-3714a898-0fe0-42e2-9307-bd15e6fadcd3/datanode-3/data-0/containers/hdds/3714a898-0fe0-42e2-9307-bd15e6fadcd3/DS-14004efa-1049-43ba-ab09-0bd4a480d9bb/container.db for volume DS-14004efa-1049-43ba-ab09-0bd4a480d9bb
2022-06-16 16:19:19,526 [EndpointStateMachine task thread for /0.0.0.0:45905 - 0 ] INFO  volume.HddsVolume (HddsVolume.java:closeDbStore(340)) - SchemaV3 db is stopped at /home/runner/work/ozone/ozone/hadoop-ozone/integration-test/target/test-dir/MiniOzoneClusterImpl-3714a898-0fe0-42e2-9307-bd15e6fadcd3/datanode-3/data-0/containers/hdds/3714a898-0fe0-42e2-9307-bd15e6fadcd3/DS-14004efa-1049-43ba-ab09-0bd4a480d9bb/container.db for volume DS-14004efa-1049-43ba-ab09-0bd4a480d9bb
2022-06-16 16:19:19,526 [EndpointStateMachine task thread for /0.0.0.0:45905 - 0 ] INFO  ozoneimpl.OzoneContainer (OzoneContainer.java:start(344)) - Attempting to start container services.
2022-06-16 16:19:19,526 [EndpointStateMachine task thread for /0.0.0.0:45905 - 0 ] INFO  ozoneimpl.OzoneContainer (OzoneContainer.java:startContainerScrub(279)) - Background container scanner has been disabled.
2022-06-16 16:19:19,534 [EndpointStateMachine task thread for /0.0.0.0:45905 - 0 ] INFO  replication.ReplicationServer (ReplicationServer.java:start(111)) - ReplicationServer is started using port 37811
2022-06-16 16:19:19,534 [EndpointStateMachine task thread for /0.0.0.0:45905 - 0 ] INFO  ratis.XceiverServerRatis (XceiverServerRatis.java:start(481)) - Starting XceiverServerRatis e511119d-2be0-4415-86a7-45a9e0c842d1
2022-06-16 16:19:19,535 [EndpointStateMachine task thread for /0.0.0.0:45905 - 0 ] INFO  server.RaftServer (RaftServerProxy.java:lambda$start$6(382)) - e511119d-2be0-4415-86a7-45a9e0c842d1: start RPC server
2022-06-16 16:19:19,543 [EndpointStateMachine task thread for /0.0.0.0:45905 - 0 ] INFO  server.GrpcService (GrpcService.java:startImpl(260)) - e511119d-2be0-4415-86a7-45a9e0c842d1: GrpcService started, listening on 33805
2022-06-16 16:19:19,550 [EndpointStateMachine task thread for /0.0.0.0:45905 - 0 ] INFO  ratis.XceiverServerRatis (XceiverServerRatis.java:getRealPort(502)) - XceiverServerRatis e511119d-2be0-4415-86a7-45a9e0c842d1 is started using port 33805 for RATIS
2022-06-16 16:19:19,550 [EndpointStateMachine task thread for /0.0.0.0:45905 - 0 ] INFO  ratis.XceiverServerRatis (XceiverServerRatis.java:getRealPort(502)) - XceiverServerRatis e511119d-2be0-4415-86a7-45a9e0c842d1 is started using port 33805 for RATIS_ADMIN
2022-06-16 16:19:19,550 [EndpointStateMachine task thread for /0.0.0.0:45905 - 0 ] INFO  ratis.XceiverServerRatis (XceiverServerRatis.java:getRealPort(502)) - XceiverServerRatis e511119d-2be0-4415-86a7-45a9e0c842d1 is started using port 33805 for RATIS_SERVER
2022-06-16 16:19:19,553 [org.apache.ratis.util.JvmPauseMonitor$$Lambda$611/1702991963@347bdf0d] INFO  util.JvmPauseMonitor (JvmPauseMonitor.java:run(103)) - JvmPauseMonitor-e511119d-2be0-4415-86a7-45a9e0c842d1: Started
2022-06-16 16:19:19,586 [EndpointStateMachine task thread for /0.0.0.0:45905 - 0 ] INFO  server.XceiverServerGrpc (XceiverServerGrpc.java:start(180)) - XceiverServerGrpc e511119d-2be0-4415-86a7-45a9e0c842d1 is started using port 39819
2022-06-16 16:19:19,683 [IPC Server handler 1 on default port 45905] INFO  net.NetworkTopologyImpl (NetworkTopologyImpl.java:add(112)) - Added a new node: /default-rack/e92161bb-36da-4024-83fa-f02433e9e8b4
2022-06-16 16:19:19,683 [IPC Server handler 1 on default port 45905] INFO  node.SCMNodeManager (SCMNodeManager.java:register(394)) - Registered Data node : e92161bb-36da-4024-83fa-f02433e9e8b4{ip: 10.1.0.16, host: fv-az37-268.zqe2tmcsx5vuvjs3sdc4q2yfud.gx.internal.cloudapp.net, ports: [REPLICATION=36981, RATIS=37825, RATIS_ADMIN=37825, RATIS_SERVER=37825, STANDALONE=35063], networkLocation: /default-rack, certSerialId: null, persistedOpState: null, persistedOpStateExpiryEpochSec: 0}
2022-06-16 16:19:19,683 [EventQueue-NewNodeForNewNodeHandler] INFO  pipeline.BackgroundPipelineCreator (BackgroundPipelineCreator.java:notifyEventTriggered(272)) - trigger a one-shot run on RatisPipelineUtilsThread.
2022-06-16 16:19:19,692 [EventQueue-NodeRegistrationContainerReportForDataNodeSafeModeRule] INFO  safemode.SCMSafeModeManager (DataNodeSafeModeRule.java:process(71)) - SCM in safe mode. 2 DataNodes registered, 3 required.
2022-06-16 16:19:19,718 [RatisPipelineUtilsThread - 0] INFO  pipeline.RatisPipelineProvider (RatisPipelineProvider.java:lambda$create$0(195)) - Sending CreatePipelineCommand for pipeline:PipelineID=a68e8910-e7af-4cf9-bc49-d9406c3f92fa to datanode:e92161bb-36da-4024-83fa-f02433e9e8b4
2022-06-16 16:19:19,718 [RatisPipelineUtilsThread - 0] INFO  pipeline.PipelineStateManagerImpl (PipelineStateManagerImpl.java:addPipeline(101)) - Created pipeline Pipeline[ Id: a68e8910-e7af-4cf9-bc49-d9406c3f92fa, Nodes: e92161bb-36da-4024-83fa-f02433e9e8b4{ip: 10.1.0.16, host: fv-az37-268.zqe2tmcsx5vuvjs3sdc4q2yfud.gx.internal.cloudapp.net, ports: [REPLICATION=36981, RATIS=37825, RATIS_ADMIN=37825, RATIS_SERVER=37825, STANDALONE=35063], networkLocation: /default-rack, certSerialId: null, persistedOpState: IN_SERVICE, persistedOpStateExpiryEpochSec: 0}, ReplicationConfig: RATIS/ONE, State:ALLOCATED, leaderId:, CreationTimestamp2022-06-16T16:19:19.718Z[Etc/UTC]].
2022-06-16 16:19:20,159 [Listener at 127.0.0.1/34065] INFO  ozone.MiniOzoneClusterImpl (MiniOzoneClusterImpl.java:lambda$waitForClusterToBeReady$0(221)) - Waiting for nodes to be ready. Got 2 of 5 DN Heartbeats.
2022-06-16 16:19:20,159 [Listener at 127.0.0.1/34065] INFO  ozone.MiniOzoneClusterImpl (MiniOzoneClusterImpl.java:lambda$waitForClusterToBeReady$0(224)) - Waiting for cluster to exit safe mode
2022-06-16 16:19:20,159 [Listener at 127.0.0.1/34065] INFO  ozone.MiniOzoneClusterImpl (MiniOzoneClusterImpl.java:lambda$waitForClusterToBeReady$0(226)) - SCM became leader
2022-06-16 16:19:20,260 [EndpointStateMachine task thread for /0.0.0.0:45905 - 0 ] INFO  volume.HddsVolume (HddsVolume.java:createDbStore(309)) - SchemaV3 db is created and loaded at /home/runner/work/ozone/ozone/hadoop-ozone/integration-test/target/test-dir/MiniOzoneClusterImpl-3714a898-0fe0-42e2-9307-bd15e6fadcd3/datanode-4/data-0/containers/hdds/3714a898-0fe0-42e2-9307-bd15e6fadcd3/DS-2b934ce0-c5d3-4f80-96d5-845b45ddf6a0/container.db for volume DS-2b934ce0-c5d3-4f80-96d5-845b45ddf6a0
2022-06-16 16:19:20,260 [EndpointStateMachine task thread for /0.0.0.0:45905 - 0 ] INFO  volume.HddsVolume (HddsVolume.java:closeDbStore(340)) - SchemaV3 db is stopped at /home/runner/work/ozone/ozone/hadoop-ozone/integration-test/target/test-dir/MiniOzoneClusterImpl-3714a898-0fe0-42e2-9307-bd15e6fadcd3/datanode-4/data-0/containers/hdds/3714a898-0fe0-42e2-9307-bd15e6fadcd3/DS-2b934ce0-c5d3-4f80-96d5-845b45ddf6a0/container.db for volume DS-2b934ce0-c5d3-4f80-96d5-845b45ddf6a0
2022-06-16 16:19:20,261 [EndpointStateMachine task thread for /0.0.0.0:45905 - 0 ] INFO  ozoneimpl.OzoneContainer (OzoneContainer.java:start(344)) - Attempting to start container services.
2022-06-16 16:19:20,261 [EndpointStateMachine task thread for /0.0.0.0:45905 - 0 ] INFO  ozoneimpl.OzoneContainer (OzoneContainer.java:startContainerScrub(279)) - Background container scanner has been disabled.
2022-06-16 16:19:20,293 [EndpointStateMachine task thread for /0.0.0.0:45905 - 0 ] INFO  replication.ReplicationServer (ReplicationServer.java:start(111)) - ReplicationServer is started using port 40161
2022-06-16 16:19:20,302 [EndpointStateMachine task thread for /0.0.0.0:45905 - 0 ] INFO  ratis.XceiverServerRatis (XceiverServerRatis.java:start(481)) - Starting XceiverServerRatis 91193349-063e-4e8d-a3d9-971f40f5522b
2022-06-16 16:19:20,334 [EndpointStateMachine task thread for /0.0.0.0:45905 - 0 ] INFO  server.RaftServer (RaftServerProxy.java:lambda$start$6(382)) - 91193349-063e-4e8d-a3d9-971f40f5522b: start RPC server
2022-06-16 16:19:20,336 [EndpointStateMachine task thread for /0.0.0.0:45905 - 0 ] INFO  server.GrpcService (GrpcService.java:startImpl(260)) - 91193349-063e-4e8d-a3d9-971f40f5522b: GrpcService started, listening on 41297
2022-06-16 16:19:20,338 [EndpointStateMachine task thread for /0.0.0.0:45905 - 0 ] INFO  ratis.XceiverServerRatis (XceiverServerRatis.java:getRealPort(502)) - XceiverServerRatis 91193349-063e-4e8d-a3d9-971f40f5522b is started using port 41297 for RATIS
2022-06-16 16:19:20,338 [EndpointStateMachine task thread for /0.0.0.0:45905 - 0 ] INFO  ratis.XceiverServerRatis (XceiverServerRatis.java:getRealPort(502)) - XceiverServerRatis 91193349-063e-4e8d-a3d9-971f40f5522b is started using port 41297 for RATIS_ADMIN
2022-06-16 16:19:20,338 [EndpointStateMachine task thread for /0.0.0.0:45905 - 0 ] INFO  ratis.XceiverServerRatis (XceiverServerRatis.java:getRealPort(502)) - XceiverServerRatis 91193349-063e-4e8d-a3d9-971f40f5522b is started using port 41297 for RATIS_SERVER
2022-06-16 16:19:20,338 [org.apache.ratis.util.JvmPauseMonitor$$Lambda$611/1702991963@19b7b14d] INFO  util.JvmPauseMonitor (JvmPauseMonitor.java:run(103)) - JvmPauseMonitor-91193349-063e-4e8d-a3d9-971f40f5522b: Started
2022-06-16 16:19:20,381 [EndpointStateMachine task thread for /0.0.0.0:45905 - 0 ] INFO  server.XceiverServerGrpc (XceiverServerGrpc.java:start(180)) - XceiverServerGrpc 91193349-063e-4e8d-a3d9-971f40f5522b is started using port 45327
2022-06-16 16:19:20,463 [IPC Server handler 1 on default port 45905] INFO  net.NetworkTopologyImpl (NetworkTopologyImpl.java:add(112)) - Added a new node: /default-rack/5b838663-213a-4fbf-828e-9dfe1e385535
2022-06-16 16:19:20,463 [IPC Server handler 1 on default port 45905] INFO  node.SCMNodeManager (SCMNodeManager.java:register(394)) - Registered Data node : 5b838663-213a-4fbf-828e-9dfe1e385535{ip: 10.1.0.16, host: fv-az37-268.zqe2tmcsx5vuvjs3sdc4q2yfud.gx.internal.cloudapp.net, ports: [REPLICATION=45579, RATIS=33841, RATIS_ADMIN=33841, RATIS_SERVER=33841, STANDALONE=35121], networkLocation: /default-rack, certSerialId: null, persistedOpState: null, persistedOpStateExpiryEpochSec: 0}
2022-06-16 16:19:20,464 [EventQueue-NewNodeForNewNodeHandler] INFO  pipeline.BackgroundPipelineCreator (BackgroundPipelineCreator.java:notifyEventTriggered(272)) - trigger a one-shot run on RatisPipelineUtilsThread.
2022-06-16 16:19:20,464 [EventQueue-NodeRegistrationContainerReportForDataNodeSafeModeRule] INFO  safemode.SCMSafeModeManager (DataNodeSafeModeRule.java:process(71)) - SCM in safe mode. 3 DataNodes registered, 3 required.
2022-06-16 16:19:20,464 [EventQueue-NodeRegistrationContainerReportForDataNodeSafeModeRule] INFO  safemode.SCMSafeModeManager (SCMSafeModeManager.java:validateSafeModeExitRules(204)) - DataNodeSafeModeRule rule is successfully validated
2022-06-16 16:19:20,464 [EventQueue-NodeRegistrationContainerReportForDataNodeSafeModeRule] INFO  safemode.SCMSafeModeManager (SCMSafeModeManager.java:completePreCheck(233)) - All SCM safe mode pre check rules have passed
2022-06-16 16:19:20,464 [EventQueue-NodeRegistrationContainerReportForDataNodeSafeModeRule] WARN  events.EventQueue (EventQueue.java:fireEvent(194)) - No event handler registered for event TypedEvent{payloadType=SafeModeStatus, name='Safe mode status'}
2022-06-16 16:19:20,464 [EventQueue-NodeRegistrationContainerReportForDataNodeSafeModeRule] INFO  ha.SCMContext (SCMContext.java:updateSafeModeStatus(228)) - Update SafeModeStatus from SafeModeStatus{safeModeStatus=true, preCheckPassed=false} to SafeModeStatus{safeModeStatus=true, preCheckPassed=true}.
2022-06-16 16:19:20,464 [EventQueue-NodeRegistrationContainerReportForDataNodeSafeModeRule] INFO  pipeline.BackgroundPipelineCreator (BackgroundPipelineCreator.java:notifyEventTriggered(272)) - trigger a one-shot run on RatisPipelineUtilsThread.
2022-06-16 16:19:20,464 [RatisPipelineUtilsThread - 0] INFO  pipeline.RatisPipelineProvider (RatisPipelineProvider.java:lambda$create$0(195)) - Sending CreatePipelineCommand for pipeline:PipelineID=7696c223-00c6-42a6-9c26-8c76644ea4af to datanode:5b838663-213a-4fbf-828e-9dfe1e385535
2022-06-16 16:19:20,465 [RatisPipelineUtilsThread - 0] INFO  pipeline.PipelineStateManagerImpl (PipelineStateManagerImpl.java:addPipeline(101)) - Created pipeline Pipeline[ Id: 7696c223-00c6-42a6-9c26-8c76644ea4af, Nodes: 5b838663-213a-4fbf-828e-9dfe1e385535{ip: 10.1.0.16, host: fv-az37-268.zqe2tmcsx5vuvjs3sdc4q2yfud.gx.internal.cloudapp.net, ports: [REPLICATION=45579, RATIS=33841, RATIS_ADMIN=33841, RATIS_SERVER=33841, STANDALONE=35121], networkLocation: /default-rack, certSerialId: null, persistedOpState: IN_SERVICE, persistedOpStateExpiryEpochSec: 0}, ReplicationConfig: RATIS/ONE, State:ALLOCATED, leaderId:, CreationTimestamp2022-06-16T16:19:20.464Z[Etc/UTC]].
2022-06-16 16:19:20,465 [RatisPipelineUtilsThread - 0] INFO  pipeline.RatisPipelineProvider (RatisPipelineProvider.java:lambda$create$0(195)) - Sending CreatePipelineCommand for pipeline:PipelineID=76fa6611-d988-42bf-a47e-0d178ac3226e to datanode:f18629d0-4209-4076-ad9d-a135d0d60f56
2022-06-16 16:19:20,465 [RatisPipelineUtilsThread - 0] INFO  pipeline.RatisPipelineProvider (RatisPipelineProvider.java:lambda$create$0(195)) - Sending CreatePipelineCommand for pipeline:PipelineID=76fa6611-d988-42bf-a47e-0d178ac3226e to datanode:5b838663-213a-4fbf-828e-9dfe1e385535
2022-06-16 16:19:20,465 [RatisPipelineUtilsThread - 0] INFO  pipeline.RatisPipelineProvider (RatisPipelineProvider.java:lambda$create$0(195)) - Sending CreatePipelineCommand for pipeline:PipelineID=76fa6611-d988-42bf-a47e-0d178ac3226e to datanode:e92161bb-36da-4024-83fa-f02433e9e8b4
2022-06-16 16:19:20,465 [RatisPipelineUtilsThread - 0] INFO  pipeline.PipelineStateManagerImpl (PipelineStateManagerImpl.java:addPipeline(101)) - Created pipeline Pipeline[ Id: 76fa6611-d988-42bf-a47e-0d178ac3226e, Nodes: f18629d0-4209-4076-ad9d-a135d0d60f56{ip: 10.1.0.16, host: fv-az37-268.zqe2tmcsx5vuvjs3sdc4q2yfud.gx.internal.cloudapp.net, ports: [REPLICATION=41109, RATIS=43341, RATIS_ADMIN=43341, RATIS_SERVER=43341, STANDALONE=38595], networkLocation: /default-rack, certSerialId: null, persistedOpState: IN_SERVICE, persistedOpStateExpiryEpochSec: 0}5b838663-213a-4fbf-828e-9dfe1e385535{ip: 10.1.0.16, host: fv-az37-268.zqe2tmcsx5vuvjs3sdc4q2yfud.gx.internal.cloudapp.net, ports: [REPLICATION=45579, RATIS=33841, RATIS_ADMIN=33841, RATIS_SERVER=33841, STANDALONE=35121], networkLocation: /default-rack, certSerialId: null, persistedOpState: IN_SERVICE, persistedOpStateExpiryEpochSec: 0}e92161bb-36da-4024-83fa-f02433e9e8b4{ip: 10.1.0.16, host: fv-az37-268.zqe2tmcsx5vuvjs3sdc4q2yfud.gx.internal.cloudapp.net, ports: [REPLICATION=36981, RATIS=37825, RATIS_ADMIN=37825, RATIS_SERVER=37825, STANDALONE=35063], networkLocation: /default-rack, certSerialId: null, persistedOpState: IN_SERVICE, persistedOpStateExpiryEpochSec: 0}, ReplicationConfig: RATIS/THREE, State:ALLOCATED, leaderId:, CreationTimestamp2022-06-16T16:19:20.465Z[Etc/UTC]].
2022-06-16 16:19:20,466 [RatisPipelineUtilsThread - 0] INFO  pipeline.RatisPipelineProvider (RatisPipelineProvider.java:lambda$create$0(195)) - Sending CreatePipelineCommand for pipeline:PipelineID=d5f21dce-580b-4b61-8401-d1498762b26e to datanode:5b838663-213a-4fbf-828e-9dfe1e385535
2022-06-16 16:19:20,466 [RatisPipelineUtilsThread - 0] INFO  pipeline.RatisPipelineProvider (RatisPipelineProvider.java:lambda$create$0(195)) - Sending CreatePipelineCommand for pipeline:PipelineID=d5f21dce-580b-4b61-8401-d1498762b26e to datanode:e92161bb-36da-4024-83fa-f02433e9e8b4
2022-06-16 16:19:20,466 [RatisPipelineUtilsThread - 0] INFO  pipeline.RatisPipelineProvider (RatisPipelineProvider.java:lambda$create$0(195)) - Sending CreatePipelineCommand for pipeline:PipelineID=d5f21dce-580b-4b61-8401-d1498762b26e to datanode:f18629d0-4209-4076-ad9d-a135d0d60f56
2022-06-16 16:19:20,466 [RatisPipelineUtilsThread - 0] INFO  pipeline.PipelineStateManagerImpl (PipelineStateManagerImpl.java:addPipeline(101)) - Created pipeline Pipeline[ Id: d5f21dce-580b-4b61-8401-d1498762b26e, Nodes: 5b838663-213a-4fbf-828e-9dfe1e385535{ip: 10.1.0.16, host: fv-az37-268.zqe2tmcsx5vuvjs3sdc4q2yfud.gx.internal.cloudapp.net, ports: [REPLICATION=45579, RATIS=33841, RATIS_ADMIN=33841, RATIS_SERVER=33841, STANDALONE=35121], networkLocation: /default-rack, certSerialId: null, persistedOpState: IN_SERVICE, persistedOpStateExpiryEpochSec: 0}e92161bb-36da-4024-83fa-f02433e9e8b4{ip: 10.1.0.16, host: fv-az37-268.zqe2tmcsx5vuvjs3sdc4q2yfud.gx.internal.cloudapp.net, ports: [REPLICATION=36981, RATIS=37825, RATIS_ADMIN=37825, RATIS_SERVER=37825, STANDALONE=35063], networkLocation: /default-rack, certSerialId: null, persistedOpState: IN_SERVICE, persistedOpStateExpiryEpochSec: 0}f18629d0-4209-4076-ad9d-a135d0d60f56{ip: 10.1.0.16, host: fv-az37-268.zqe2tmcsx5vuvjs3sdc4q2yfud.gx.internal.cloudapp.net, ports: [REPLICATION=41109, RATIS=43341, RATIS_ADMIN=43341, RATIS_SERVER=43341, STANDALONE=38595], networkLocation: /default-rack, certSerialId: null, persistedOpState: IN_SERVICE, persistedOpStateExpiryEpochSec: 0}, ReplicationConfig: RATIS/THREE, State:ALLOCATED, leaderId:, CreationTimestamp2022-06-16T16:19:20.466Z[Etc/UTC]].
2022-06-16 16:19:20,467 [RatisPipelineUtilsThread - 0] INFO  pipeline.PipelineManagerImpl (PipelineManagerImpl.java:recordMetricsForPipeline(715)) - Pipeline: PipelineID=d5f21dce-580b-4b61-8401-d1498762b26e contains same datanodes as previous pipelines: PipelineID=76fa6611-d988-42bf-a47e-0d178ac3226e nodeIds: 5b838663-213a-4fbf-828e-9dfe1e385535, e92161bb-36da-4024-83fa-f02433e9e8b4, f18629d0-4209-4076-ad9d-a135d0d60f56
2022-06-16 16:19:21,159 [Listener at 127.0.0.1/34065] INFO  ozone.MiniOzoneClusterImpl (MiniOzoneClusterImpl.java:lambda$waitForClusterToBeReady$0(221)) - Waiting for nodes to be ready. Got 3 of 5 DN Heartbeats.
2022-06-16 16:19:21,160 [Listener at 127.0.0.1/34065] INFO  ozone.MiniOzoneClusterImpl (MiniOzoneClusterImpl.java:lambda$waitForClusterToBeReady$0(224)) - Waiting for cluster to exit safe mode
2022-06-16 16:19:21,160 [Listener at 127.0.0.1/34065] INFO  ozone.MiniOzoneClusterImpl (MiniOzoneClusterImpl.java:lambda$waitForClusterToBeReady$0(226)) - SCM became leader
2022-06-16 16:19:21,459 [IPC Server handler 1 on default port 45905] INFO  net.NetworkTopologyImpl (NetworkTopologyImpl.java:add(112)) - Added a new node: /default-rack/e511119d-2be0-4415-86a7-45a9e0c842d1
2022-06-16 16:19:21,459 [IPC Server handler 1 on default port 45905] INFO  node.SCMNodeManager (SCMNodeManager.java:register(394)) - Registered Data node : e511119d-2be0-4415-86a7-45a9e0c842d1{ip: 10.1.0.16, host: fv-az37-268.zqe2tmcsx5vuvjs3sdc4q2yfud.gx.internal.cloudapp.net, ports: [REPLICATION=37811, RATIS=33805, RATIS_ADMIN=33805, RATIS_SERVER=33805, STANDALONE=39819], networkLocation: /default-rack, certSerialId: null, persistedOpState: null, persistedOpStateExpiryEpochSec: 0}
2022-06-16 16:19:21,460 [EventQueue-NewNodeForNewNodeHandler] INFO  pipeline.BackgroundPipelineCreator (BackgroundPipelineCreator.java:notifyEventTriggered(272)) - trigger a one-shot run on RatisPipelineUtilsThread.
2022-06-16 16:19:21,460 [RatisPipelineUtilsThread - 0] INFO  pipeline.RatisPipelineProvider (RatisPipelineProvider.java:lambda$create$0(195)) - Sending CreatePipelineCommand for pipeline:PipelineID=5d606b1c-0428-4655-921f-eb886bdf6bd0 to datanode:e511119d-2be0-4415-86a7-45a9e0c842d1
2022-06-16 16:19:21,460 [RatisPipelineUtilsThread - 0] INFO  pipeline.PipelineStateManagerImpl (PipelineStateManagerImpl.java:addPipeline(101)) - Created pipeline Pipeline[ Id: 5d606b1c-0428-4655-921f-eb886bdf6bd0, Nodes: e511119d-2be0-4415-86a7-45a9e0c842d1{ip: 10.1.0.16, host: fv-az37-268.zqe2tmcsx5vuvjs3sdc4q2yfud.gx.internal.cloudapp.net, ports: [REPLICATION=37811, RATIS=33805, RATIS_ADMIN=33805, RATIS_SERVER=33805, STANDALONE=39819], networkLocation: /default-rack, certSerialId: null, persistedOpState: IN_SERVICE, persistedOpStateExpiryEpochSec: 0}, ReplicationConfig: RATIS/ONE, State:ALLOCATED, leaderId:, CreationTimestamp2022-06-16T16:19:21.460Z[Etc/UTC]].
2022-06-16 16:19:21,912 [Command processor thread] INFO  server.RaftServer (RaftServerProxy.java:addNew(96)) - f18629d0-4209-4076-ad9d-a135d0d60f56: addNew group-52F9F5B6FB9E:[f18629d0-4209-4076-ad9d-a135d0d60f56|rpc:10.1.0.16:43341|priority:1] returns group-52F9F5B6FB9E:java.util.concurrent.CompletableFuture@686f073e[Not completed]
2022-06-16 16:19:21,942 [pool-318-thread-1] INFO  server.RaftServer$Division (RaftServerImpl.java:<init>(190)) - f18629d0-4209-4076-ad9d-a135d0d60f56: new RaftServerImpl for group-52F9F5B6FB9E:[f18629d0-4209-4076-ad9d-a135d0d60f56|rpc:10.1.0.16:43341|priority:1] with ContainerStateMachine:uninitialized
2022-06-16 16:19:21,942 [pool-318-thread-1] INFO  server.RaftServerConfigKeys (ConfUtils.java:logGet(46)) - raft.server.rpc.timeout.min = 5s (custom)
2022-06-16 16:19:21,942 [pool-318-thread-1] INFO  server.RaftServerConfigKeys (ConfUtils.java:logGet(46)) - raft.server.rpc.timeout.max = 5200ms (custom)
2022-06-16 16:19:21,942 [pool-318-thread-1] INFO  server.RaftServerConfigKeys (ConfUtils.java:logGet(46)) - raft.server.rpc.sleep.time = 25ms (default)
2022-06-16 16:19:21,942 [pool-318-thread-1] INFO  server.RaftServerConfigKeys (ConfUtils.java:logGet(46)) - raft.server.rpc.slowness.timeout = 300s (custom)
2022-06-16 16:19:21,942 [pool-318-thread-1] INFO  server.RaftServerConfigKeys (ConfUtils.java:logGet(46)) - raft.server.leaderelection.leader.step-down.wait-time = 10s (default)
2022-06-16 16:19:21,942 [pool-318-thread-1] INFO  server.RaftServerConfigKeys (ConfUtils.java:logGet(46)) - raft.server.sleep.deviation.threshold = 300ms (default)
2022-06-16 16:19:21,942 [pool-318-thread-1] INFO  server.RaftServer$Division (ServerState.java:<init>(107)) - f18629d0-4209-4076-ad9d-a135d0d60f56@group-52F9F5B6FB9E: ConfigurationManager, init=-1: [f18629d0-4209-4076-ad9d-a135d0d60f56|rpc:10.1.0.16:43341|priority:1], old=null, confs=<EMPTY_MAP>
2022-06-16 16:19:21,942 [pool-318-thread-1] INFO  server.RaftServerConfigKeys (ConfUtils.java:logGet(46)) - raft.server.storage.dir = [/home/runner/work/ozone/ozone/hadoop-ozone/integration-test/target/test-dir/MiniOzoneClusterImpl-3714a898-0fe0-42e2-9307-bd15e6fadcd3/datanode-0/data/ratis] (custom)
2022-06-16 16:19:21,942 [pool-318-thread-1] INFO  server.RaftServerConfigKeys (ConfUtils.java:logGet(46)) - raft.server.log.corruption.policy = EXCEPTION (default)
2022-06-16 16:19:21,942 [pool-318-thread-1] INFO  server.RaftServerConfigKeys (ConfUtils.java:logGet(46)) - raft.server.storage.free-space.min = 0MB (=0) (default)
2022-06-16 16:19:21,943 [pool-318-thread-1] INFO  storage.RaftStorageDirectory (RaftStorageDirectoryImpl.java:analyzeStorage(135)) - The storage directory /home/runner/work/ozone/ozone/hadoop-ozone/integration-test/target/test-dir/MiniOzoneClusterImpl-3714a898-0fe0-42e2-9307-bd15e6fadcd3/datanode-0/data/ratis/6a3426eb-9662-4aec-80d7-52f9f5b6fb9e does not exist. Creating ...
2022-06-16 16:19:21,944 [pool-318-thread-1] INFO  storage.RaftStorageDirectory (RaftStorageDirectoryImpl.java:tryLock(230)) - Lock on /home/runner/work/ozone/ozone/hadoop-ozone/integration-test/target/test-dir/MiniOzoneClusterImpl-3714a898-0fe0-42e2-9307-bd15e6fadcd3/datanode-0/data/ratis/6a3426eb-9662-4aec-80d7-52f9f5b6fb9e/in_use.lock acquired by nodename 3861@fv-az37-268
2022-06-16 16:19:21,945 [pool-318-thread-1] INFO  storage.RaftStorage (RaftStorageImpl.java:format(89)) - Storage directory /home/runner/work/ozone/ozone/hadoop-ozone/integration-test/target/test-dir/MiniOzoneClusterImpl-3714a898-0fe0-42e2-9307-bd15e6fadcd3/datanode-0/data/ratis/6a3426eb-9662-4aec-80d7-52f9f5b6fb9e has been successfully formatted.
2022-06-16 16:19:21,946 [pool-318-thread-1] INFO  ratis.ContainerStateMachine (ContainerStateMachine.java:loadSnapshot(236)) - group-52F9F5B6FB9E: The snapshot info is null. Setting the last applied indexto:(t:0, i:~)
2022-06-16 16:19:21,946 [pool-318-thread-1] INFO  server.RaftServerConfigKeys (ConfUtils.java:logGet(46)) - raft.server.notification.no-leader.timeout = 300s (custom)
2022-06-16 16:19:21,946 [pool-318-thread-1] INFO  server.RaftServerConfigKeys (ConfUtils.java:logGet(46)) - raft.server.log.use.memory = false (default)
2022-06-16 16:19:21,946 [pool-318-thread-1] INFO  server.RaftServerConfigKeys (ConfUtils.java:logGet(46)) - raft.server.log.purge.gap = 1000000 (custom)
2022-06-16 16:19:21,946 [pool-318-thread-1] INFO  server.RaftServerConfigKeys (ConfUtils.java:logGet(46)) - raft.server.log.appender.buffer.byte-limit = 33554432 (custom)
2022-06-16 16:19:21,947 [pool-318-thread-1] INFO  server.RaftServerConfigKeys (ConfUtils.java:logGet(46)) - raft.server.log.statemachine.data.read.timeout = 1000ms (default)
2022-06-16 16:19:21,947 [pool-318-thread-1] INFO  server.RaftServerConfigKeys (ConfUtils.java:logGet(46)) - raft.server.log.segment.size.max = 1048576 (custom)
2022-06-16 16:19:21,947 [pool-318-thread-1] INFO  server.RaftServerConfigKeys (ConfUtils.java:logGet(46)) - raft.server.log.segment.cache.num.max = 2 (custom)
2022-06-16 16:19:21,947 [pool-318-thread-1] INFO  server.RaftServerConfigKeys (ConfUtils.java:logGet(46)) - raft.server.log.segment.cache.size.max = 200MB (=209715200) (default)
2022-06-16 16:19:21,947 [pool-318-thread-1] INFO  segmented.SegmentedRaftLogWorker (SegmentedRaftLogWorker.java:<init>(187)) - new f18629d0-4209-4076-ad9d-a135d0d60f56@group-52F9F5B6FB9E-SegmentedRaftLogWorker for RaftStorageImpl:Storage Directory /home/runner/work/ozone/ozone/hadoop-ozone/integration-test/target/test-dir/MiniOzoneClusterImpl-3714a898-0fe0-42e2-9307-bd15e6fadcd3/datanode-0/data/ratis/6a3426eb-9662-4aec-80d7-52f9f5b6fb9e
2022-06-16 16:19:21,947 [pool-318-thread-1] INFO  server.RaftServerConfigKeys (ConfUtils.java:logGet(46)) - raft.server.log.queue.byte-limit = 4294967296 (custom)
2022-06-16 16:19:21,947 [pool-318-thread-1] INFO  server.RaftServerConfigKeys (ConfUtils.java:logGet(46)) - raft.server.log.queue.element-limit = 1024 (custom)
2022-06-16 16:19:21,947 [pool-318-thread-1] INFO  server.RaftServerConfigKeys (ConfUtils.java:logGet(46)) - raft.server.log.segment.size.max = 1048576 (custom)
2022-06-16 16:19:21,947 [pool-318-thread-1] INFO  server.RaftServerConfigKeys (ConfUtils.java:logGet(46)) - raft.server.log.preallocated.size = 16384 (custom)
2022-06-16 16:19:21,947 [pool-318-thread-1] INFO  server.RaftServerConfigKeys (ConfUtils.java:logGet(46)) - raft.server.log.force.sync.num = 128 (default)
2022-06-16 16:19:21,948 [pool-318-thread-1] INFO  server.RaftServerConfigKeys (ConfUtils.java:logGet(46)) - raft.server.log.statemachine.data.sync = true (default)
2022-06-16 16:19:21,948 [pool-318-thread-1] INFO  server.RaftServerConfigKeys (ConfUtils.java:logGet(46)) - raft.server.log.statemachine.data.sync.timeout = 10s (default)
2022-06-16 16:19:21,948 [pool-318-thread-1] INFO  server.RaftServerConfigKeys (ConfUtils.java:logGet(46)) - raft.server.log.statemachine.data.sync.timeout.retry = -1 (default)
2022-06-16 16:19:21,948 [pool-318-thread-1] INFO  server.RaftServerConfigKeys (ConfUtils.java:logGet(46)) - raft.server.log.write.buffer.size = 1048576 (custom)
2022-06-16 16:19:21,949 [pool-318-thread-1] INFO  server.RaftServerConfigKeys (ConfUtils.java:logGet(46)) - raft.server.log.unsafe-flush.enabled = false (default)
2022-06-16 16:19:21,949 [pool-318-thread-1] INFO  server.RaftServerConfigKeys (ConfUtils.java:logGet(46)) - raft.server.log.statemachine.data.caching.enabled = true (custom)
2022-06-16 16:19:21,949 [pool-318-thread-1] INFO  segmented.SegmentedRaftLogWorker (SegmentedRaftLogWorker.java:lambda$new$0(135)) - f18629d0-4209-4076-ad9d-a135d0d60f56@group-52F9F5B6FB9E-SegmentedRaftLogWorker: flushIndex: setUnconditionally 0 -> -1
2022-06-16 16:19:21,949 [pool-318-thread-1] INFO  segmented.SegmentedRaftLogWorker (SegmentedRaftLogWorker.java:lambda$new$0(135)) - f18629d0-4209-4076-ad9d-a135d0d60f56@group-52F9F5B6FB9E-SegmentedRaftLogWorker: safeCacheEvictIndex: setUnconditionally 0 -> -1
2022-06-16 16:19:21,954 [pool-318-thread-1] INFO  server.RaftServerConfigKeys (ConfUtils.java:logGet(46)) - raft.server.snapshot.auto.trigger.enabled = true (custom)
2022-06-16 16:19:21,954 [pool-318-thread-1] INFO  server.RaftServerConfigKeys (ConfUtils.java:logGet(46)) - raft.server.snapshot.auto.trigger.threshold = 10000 (custom)
2022-06-16 16:19:21,954 [pool-318-thread-1] INFO  server.RaftServerConfigKeys (ConfUtils.java:logGet(46)) - raft.server.snapshot.retention.file.num = 5 (custom)
2022-06-16 16:19:21,954 [pool-318-thread-1] INFO  server.RaftServerConfigKeys (ConfUtils.java:logGet(46)) - raft.server.log.purge.upto.snapshot.index = false (default)
2022-06-16 16:19:21,954 [pool-318-thread-1] INFO  server.RaftServerConfigKeys (ConfUtils.java:logGet(46)) - raft.server.retrycache.expirytime = 600000ms (custom)
2022-06-16 16:19:21,954 [pool-318-thread-1] INFO  server.RaftServerConfigKeys (ConfUtils.java:logGet(46)) - raft.server.retrycache.statistics.expirytime = 100μs (default)
2022-06-16 16:19:21,966 [EventQueue-PipelineReportForPipelineReportHandler] INFO  pipeline.PipelineManagerImpl (PipelineManagerImpl.java:openPipeline(356)) - Pipeline Pipeline[ Id: 6a3426eb-9662-4aec-80d7-52f9f5b6fb9e, Nodes: f18629d0-4209-4076-ad9d-a135d0d60f56{ip: 10.1.0.16, host: fv-az37-268.zqe2tmcsx5vuvjs3sdc4q2yfud.gx.internal.cloudapp.net, ports: [REPLICATION=41109, RATIS=43341, RATIS_ADMIN=43341, RATIS_SERVER=43341, STANDALONE=38595], networkLocation: /default-rack, certSerialId: null, persistedOpState: IN_SERVICE, persistedOpStateExpiryEpochSec: 0}, ReplicationConfig: RATIS/ONE, State:ALLOCATED, leaderId:f18629d0-4209-4076-ad9d-a135d0d60f56, CreationTimestamp2022-06-16T16:19:18.915Z[Etc/UTC]] moved to OPEN state
2022-06-16 16:19:21,971 [pool-318-thread-1] INFO  server.RaftServerConfigKeys (ConfUtils.java:logGet(46)) - raft.server.log.appender.install.snapshot.enabled = false (custom)
2022-06-16 16:19:21,971 [pool-318-thread-1] INFO  server.RaftServerConfigKeys (ConfUtils.java:logGet(46)) - raft.server.threadpool.server.cached = true (default)
2022-06-16 16:19:21,971 [pool-318-thread-1] INFO  server.RaftServerConfigKeys (ConfUtils.java:logGet(46)) - raft.server.threadpool.server.size = 0 (default)
2022-06-16 16:19:21,971 [pool-318-thread-1] INFO  server.RaftServerConfigKeys (ConfUtils.java:logGet(46)) - raft.server.threadpool.client.cached = true (default)
2022-06-16 16:19:21,972 [pool-318-thread-1] INFO  server.RaftServerConfigKeys (ConfUtils.java:logGet(46)) - raft.server.threadpool.client.size = 0 (default)
2022-06-16 16:19:21,972 [pool-318-thread-1] INFO  server.RaftServer$Division (RaftServerImpl.java:start(310)) - f18629d0-4209-4076-ad9d-a135d0d60f56@group-52F9F5B6FB9E: start as a follower, conf=-1: [f18629d0-4209-4076-ad9d-a135d0d60f56|rpc:10.1.0.16:43341|priority:1], old=null
2022-06-16 16:19:21,972 [pool-318-thread-1] INFO  server.RaftServer$Division (RaftServerImpl.java:setRole(299)) - f18629d0-4209-4076-ad9d-a135d0d60f56@group-52F9F5B6FB9E: changes role from      null to FOLLOWER at term 0 for startAsFollower
2022-06-16 16:19:21,972 [pool-318-thread-1] INFO  impl.RoleInfo (RoleInfo.java:updateAndGet(139)) - f18629d0-4209-4076-ad9d-a135d0d60f56: start f18629d0-4209-4076-ad9d-a135d0d60f56@group-52F9F5B6FB9E-FollowerState
2022-06-16 16:19:21,972 [pool-318-thread-1] INFO  util.JmxRegister (JmxRegister.java:tryRegister(44)) - Successfully registered JMX Bean with object name Ratis:service=RaftServer,group=group-52F9F5B6FB9E,id=f18629d0-4209-4076-ad9d-a135d0d60f56
2022-06-16 16:19:21,972 [Command processor thread] INFO  ratis.XceiverServerRatis (XceiverServerRatis.java:addGroup(765)) - Created group PipelineID=6a3426eb-9662-4aec-80d7-52f9f5b6fb9e
2022-06-16 16:19:21,973 [Command processor thread] INFO  commandhandler.CreatePipelineCommandHandler (CreatePipelineCommandHandler.java:handle(113)) - Created Pipeline RATIS ONE PipelineID=6a3426eb-9662-4aec-80d7-52f9f5b6fb9e.
2022-06-16 16:19:21,973 [Command processor thread] INFO  server.RaftServer (RaftServerProxy.java:addNew(96)) - f18629d0-4209-4076-ad9d-a135d0d60f56: addNew group-0D178AC3226E:[e92161bb-36da-4024-83fa-f02433e9e8b4|rpc:10.1.0.16:37825|priority:0, f18629d0-4209-4076-ad9d-a135d0d60f56|rpc:10.1.0.16:43341|priority:1, 5b838663-213a-4fbf-828e-9dfe1e385535|rpc:10.1.0.16:33841|priority:0] returns group-0D178AC3226E:java.util.concurrent.CompletableFuture@6c509eeb[Not completed]
2022-06-16 16:19:21,975 [pool-318-thread-1] INFO  server.RaftServer$Division (RaftServerImpl.java:<init>(190)) - f18629d0-4209-4076-ad9d-a135d0d60f56: new RaftServerImpl for group-0D178AC3226E:[e92161bb-36da-4024-83fa-f02433e9e8b4|rpc:10.1.0.16:37825|priority:0, f18629d0-4209-4076-ad9d-a135d0d60f56|rpc:10.1.0.16:43341|priority:1, 5b838663-213a-4fbf-828e-9dfe1e385535|rpc:10.1.0.16:33841|priority:0] with ContainerStateMachine:uninitialized
2022-06-16 16:19:21,975 [pool-318-thread-1] INFO  server.RaftServerConfigKeys (ConfUtils.java:logGet(46)) - raft.server.rpc.timeout.min = 5s (custom)
2022-06-16 16:19:21,975 [pool-318-thread-1] INFO  server.RaftServerConfigKeys (ConfUtils.java:logGet(46)) - raft.server.rpc.timeout.max = 5200ms (custom)
2022-06-16 16:19:21,975 [pool-318-thread-1] INFO  server.RaftServerConfigKeys (ConfUtils.java:logGet(46)) - raft.server.rpc.sleep.time = 25ms (default)
2022-06-16 16:19:21,975 [pool-318-thread-1] INFO  server.RaftServerConfigKeys (ConfUtils.java:logGet(46)) - raft.server.rpc.slowness.timeout = 300s (custom)
2022-06-16 16:19:21,975 [pool-318-thread-1] INFO  server.RaftServerConfigKeys (ConfUtils.java:logGet(46)) - raft.server.leaderelection.leader.step-down.wait-time = 10s (default)
2022-06-16 16:19:21,975 [pool-318-thread-1] INFO  server.RaftServerConfigKeys (ConfUtils.java:logGet(46)) - raft.server.sleep.deviation.threshold = 300ms (default)
2022-06-16 16:19:21,975 [pool-318-thread-1] INFO  server.RaftServer$Division (ServerState.java:<init>(107)) - f18629d0-4209-4076-ad9d-a135d0d60f56@group-0D178AC3226E: ConfigurationManager, init=-1: [e92161bb-36da-4024-83fa-f02433e9e8b4|rpc:10.1.0.16:37825|priority:0, f18629d0-4209-4076-ad9d-a135d0d60f56|rpc:10.1.0.16:43341|priority:1, 5b838663-213a-4fbf-828e-9dfe1e385535|rpc:10.1.0.16:33841|priority:0], old=null, confs=<EMPTY_MAP>
2022-06-16 16:19:21,975 [pool-318-thread-1] INFO  server.RaftServerConfigKeys (ConfUtils.java:logGet(46)) - raft.server.storage.dir = [/home/runner/work/ozone/ozone/hadoop-ozone/integration-test/target/test-dir/MiniOzoneClusterImpl-3714a898-0fe0-42e2-9307-bd15e6fadcd3/datanode-0/data/ratis] (custom)
2022-06-16 16:19:21,975 [pool-318-thread-1] INFO  server.RaftServerConfigKeys (ConfUtils.java:logGet(46)) - raft.server.log.corruption.policy = EXCEPTION (default)
2022-06-16 16:19:21,975 [pool-318-thread-1] INFO  server.RaftServerConfigKeys (ConfUtils.java:logGet(46)) - raft.server.storage.free-space.min = 0MB (=0) (default)
2022-06-16 16:19:21,975 [pool-318-thread-1] INFO  storage.RaftStorageDirectory (RaftStorageDirectoryImpl.java:analyzeStorage(135)) - The storage directory /home/runner/work/ozone/ozone/hadoop-ozone/integration-test/target/test-dir/MiniOzoneClusterImpl-3714a898-0fe0-42e2-9307-bd15e6fadcd3/datanode-0/data/ratis/76fa6611-d988-42bf-a47e-0d178ac3226e does not exist. Creating ...
2022-06-16 16:19:21,977 [pool-318-thread-1] INFO  storage.RaftStorageDirectory (RaftStorageDirectoryImpl.java:tryLock(230)) - Lock on /home/runner/work/ozone/ozone/hadoop-ozone/integration-test/target/test-dir/MiniOzoneClusterImpl-3714a898-0fe0-42e2-9307-bd15e6fadcd3/datanode-0/data/ratis/76fa6611-d988-42bf-a47e-0d178ac3226e/in_use.lock acquired by nodename 3861@fv-az37-268
2022-06-16 16:19:21,978 [pool-318-thread-1] INFO  storage.RaftStorage (RaftStorageImpl.java:format(89)) - Storage directory /home/runner/work/ozone/ozone/hadoop-ozone/integration-test/target/test-dir/MiniOzoneClusterImpl-3714a898-0fe0-42e2-9307-bd15e6fadcd3/datanode-0/data/ratis/76fa6611-d988-42bf-a47e-0d178ac3226e has been successfully formatted.
2022-06-16 16:19:21,978 [pool-318-thread-1] INFO  ratis.ContainerStateMachine (ContainerStateMachine.java:loadSnapshot(236)) - group-0D178AC3226E: The snapshot info is null. Setting the last applied indexto:(t:0, i:~)
2022-06-16 16:19:21,978 [pool-318-thread-1] INFO  server.RaftServerConfigKeys (ConfUtils.java:logGet(46)) - raft.server.notification.no-leader.timeout = 300s (custom)
2022-06-16 16:19:21,978 [pool-318-thread-1] INFO  server.RaftServerConfigKeys (ConfUtils.java:logGet(46)) - raft.server.log.use.memory = false (default)
2022-06-16 16:19:21,979 [pool-318-thread-1] INFO  server.RaftServerConfigKeys (ConfUtils.java:logGet(46)) - raft.server.log.purge.gap = 1000000 (custom)
2022-06-16 16:19:21,979 [pool-318-thread-1] INFO  server.RaftServerConfigKeys (ConfUtils.java:logGet(46)) - raft.server.log.appender.buffer.byte-limit = 33554432 (custom)
2022-06-16 16:19:21,979 [pool-318-thread-1] INFO  server.RaftServerConfigKeys (ConfUtils.java:logGet(46)) - raft.server.log.statemachine.data.read.timeout = 1000ms (default)
2022-06-16 16:19:21,979 [pool-318-thread-1] INFO  server.RaftServerConfigKeys (ConfUtils.java:logGet(46)) - raft.server.log.segment.size.max = 1048576 (custom)
2022-06-16 16:19:21,980 [pool-318-thread-1] INFO  server.RaftServerConfigKeys (ConfUtils.java:logGet(46)) - raft.server.log.segment.cache.num.max = 2 (custom)
2022-06-16 16:19:21,980 [pool-318-thread-1] INFO  server.RaftServerConfigKeys (ConfUtils.java:logGet(46)) - raft.server.log.segment.cache.size.max = 200MB (=209715200) (default)
2022-06-16 16:19:21,980 [pool-318-thread-1] INFO  segmented.SegmentedRaftLogWorker (SegmentedRaftLogWorker.java:<init>(187)) - new f18629d0-4209-4076-ad9d-a135d0d60f56@group-0D178AC3226E-SegmentedRaftLogWorker for RaftStorageImpl:Storage Directory /home/runner/work/ozone/ozone/hadoop-ozone/integration-test/target/test-dir/MiniOzoneClusterImpl-3714a898-0fe0-42e2-9307-bd15e6fadcd3/datanode-0/data/ratis/76fa6611-d988-42bf-a47e-0d178ac3226e
2022-06-16 16:19:21,980 [pool-318-thread-1] INFO  server.RaftServerConfigKeys (ConfUtils.java:logGet(46)) - raft.server.log.queue.byte-limit = 4294967296 (custom)
2022-06-16 16:19:21,980 [pool-318-thread-1] INFO  server.RaftServerConfigKeys (ConfUtils.java:logGet(46)) - raft.server.log.queue.element-limit = 1024 (custom)
2022-06-16 16:19:21,980 [pool-318-thread-1] INFO  server.RaftServerConfigKeys (ConfUtils.java:logGet(46)) - raft.server.log.segment.size.max = 1048576 (custom)
2022-06-16 16:19:21,980 [pool-318-thread-1] INFO  server.RaftServerConfigKeys (ConfUtils.java:logGet(46)) - raft.server.log.preallocated.size = 16384 (custom)
2022-06-16 16:19:21,980 [pool-318-thread-1] INFO  server.RaftServerConfigKeys (ConfUtils.java:logGet(46)) - raft.server.log.force.sync.num = 128 (default)
2022-06-16 16:19:21,980 [pool-318-thread-1] INFO  server.RaftServerConfigKeys (ConfUtils.java:logGet(46)) - raft.server.log.statemachine.data.sync = true (default)
2022-06-16 16:19:21,980 [pool-318-thread-1] INFO  server.RaftServerConfigKeys (ConfUtils.java:logGet(46)) - raft.server.log.statemachine.data.sync.timeout = 10s (default)
2022-06-16 16:19:21,980 [pool-318-thread-1] INFO  server.RaftServerConfigKeys (ConfUtils.java:logGet(46)) - raft.server.log.statemachine.data.sync.timeout.retry = -1 (default)
2022-06-16 16:19:21,983 [pool-318-thread-1] INFO  server.RaftServerConfigKeys (ConfUtils.java:logGet(46)) - raft.server.log.write.buffer.size = 1048576 (custom)
2022-06-16 16:19:21,983 [pool-318-thread-1] INFO  server.RaftServerConfigKeys (ConfUtils.java:logGet(46)) - raft.server.log.unsafe-flush.enabled = false (default)
2022-06-16 16:19:21,983 [pool-318-thread-1] INFO  server.RaftServerConfigKeys (ConfUtils.java:logGet(46)) - raft.server.log.statemachine.data.caching.enabled = true (custom)
2022-06-16 16:19:21,983 [pool-318-thread-1] INFO  segmented.SegmentedRaftLogWorker (SegmentedRaftLogWorker.java:lambda$new$0(135)) - f18629d0-4209-4076-ad9d-a135d0d60f56@group-0D178AC3226E-SegmentedRaftLogWorker: flushIndex: setUnconditionally 0 -> -1
2022-06-16 16:19:21,983 [pool-318-thread-1] INFO  segmented.SegmentedRaftLogWorker (SegmentedRaftLogWorker.java:lambda$new$0(135)) - f18629d0-4209-4076-ad9d-a135d0d60f56@group-0D178AC3226E-SegmentedRaftLogWorker: safeCacheEvictIndex: setUnconditionally 0 -> -1
2022-06-16 16:19:21,992 [pool-318-thread-1] INFO  server.RaftServerConfigKeys (ConfUtils.java:logGet(46)) - raft.server.snapshot.auto.trigger.enabled = true (custom)
2022-06-16 16:19:21,992 [pool-318-thread-1] INFO  server.RaftServerConfigKeys (ConfUtils.java:logGet(46)) - raft.server.snapshot.auto.trigger.threshold = 10000 (custom)
2022-06-16 16:19:21,992 [pool-318-thread-1] INFO  server.RaftServerConfigKeys (ConfUtils.java:logGet(46)) - raft.server.snapshot.retention.file.num = 5 (custom)
2022-06-16 16:19:21,992 [pool-318-thread-1] INFO  server.RaftServerConfigKeys (ConfUtils.java:logGet(46)) - raft.server.log.purge.upto.snapshot.index = false (default)
2022-06-16 16:19:21,992 [pool-318-thread-1] INFO  server.RaftServerConfigKeys (ConfUtils.java:logGet(46)) - raft.server.retrycache.expirytime = 600000ms (custom)
2022-06-16 16:19:21,992 [pool-318-thread-1] INFO  server.RaftServerConfigKeys (ConfUtils.java:logGet(46)) - raft.server.retrycache.statistics.expirytime = 100μs (default)
2022-06-16 16:19:21,993 [pool-318-thread-1] INFO  server.RaftServerConfigKeys (ConfUtils.java:logGet(46)) - raft.server.log.appender.install.snapshot.enabled = false (custom)
2022-06-16 16:19:21,993 [pool-318-thread-1] INFO  server.RaftServerConfigKeys (ConfUtils.java:logGet(46)) - raft.server.threadpool.server.cached = true (default)
2022-06-16 16:19:21,993 [pool-318-thread-1] INFO  server.RaftServerConfigKeys (ConfUtils.java:logGet(46)) - raft.server.threadpool.server.size = 0 (default)
2022-06-16 16:19:21,993 [pool-318-thread-1] INFO  server.RaftServerConfigKeys (ConfUtils.java:logGet(46)) - raft.server.threadpool.client.cached = true (default)
2022-06-16 16:19:21,994 [pool-318-thread-1] INFO  server.RaftServerConfigKeys (ConfUtils.java:logGet(46)) - raft.server.threadpool.client.size = 0 (default)
2022-06-16 16:19:21,994 [pool-318-thread-1] INFO  server.RaftServer$Division (RaftServerImpl.java:start(310)) - f18629d0-4209-4076-ad9d-a135d0d60f56@group-0D178AC3226E: start as a follower, conf=-1: [e92161bb-36da-4024-83fa-f02433e9e8b4|rpc:10.1.0.16:37825|priority:0, f18629d0-4209-4076-ad9d-a135d0d60f56|rpc:10.1.0.16:43341|priority:1, 5b838663-213a-4fbf-828e-9dfe1e385535|rpc:10.1.0.16:33841|priority:0], old=null
2022-06-16 16:19:21,994 [pool-318-thread-1] INFO  server.RaftServer$Division (RaftServerImpl.java:setRole(299)) - f18629d0-4209-4076-ad9d-a135d0d60f56@group-0D178AC3226E: changes role from      null to FOLLOWER at term 0 for startAsFollower
2022-06-16 16:19:21,994 [pool-318-thread-1] INFO  impl.RoleInfo (RoleInfo.java:updateAndGet(139)) - f18629d0-4209-4076-ad9d-a135d0d60f56: start f18629d0-4209-4076-ad9d-a135d0d60f56@group-0D178AC3226E-FollowerState
2022-06-16 16:19:22,010 [pool-318-thread-1] INFO  util.JmxRegister (JmxRegister.java:tryRegister(44)) - Successfully registered JMX Bean with object name Ratis:service=RaftServer,group=group-0D178AC3226E,id=f18629d0-4209-4076-ad9d-a135d0d60f56
2022-06-16 16:19:22,010 [EventQueue-OpenPipelineForHealthyPipelineSafeModeRule] INFO  safemode.SCMSafeModeManager (HealthyPipelineSafeModeRule.java:process(124)) - SCM in safe mode. Healthy pipelines reported count is 0, required healthy pipeline reported count is 1
2022-06-16 16:19:22,011 [EventQueue-OpenPipelineForHealthyPipelineSafeModeRule] INFO  safemode.SCMSafeModeManager (HealthyPipelineSafeModeRule.java:process(124)) - SCM in safe mode. Healthy pipelines reported count is 0, required healthy pipeline reported count is 1
2022-06-16 16:19:22,026 [Command processor thread] INFO  ratis.XceiverServerRatis (XceiverServerRatis.java:addGroup(765)) - Created group PipelineID=76fa6611-d988-42bf-a47e-0d178ac3226e
2022-06-16 16:19:22,091 [grpc-default-executor-0] INFO  server.RaftServer (RaftServerProxy.java:addNew(96)) - 5b838663-213a-4fbf-828e-9dfe1e385535: addNew group-0D178AC3226E:[e92161bb-36da-4024-83fa-f02433e9e8b4|rpc:10.1.0.16:37825|dataStream:|priority:0, f18629d0-4209-4076-ad9d-a135d0d60f56|rpc:10.1.0.16:43341|dataStream:|priority:1, 5b838663-213a-4fbf-828e-9dfe1e385535|rpc:10.1.0.16:33841|dataStream:|priority:0] returns group-0D178AC3226E:java.util.concurrent.CompletableFuture@14d9dd3e[Not completed]
2022-06-16 16:19:22,115 [pool-362-thread-1] INFO  server.RaftServer$Division (RaftServerImpl.java:<init>(190)) - 5b838663-213a-4fbf-828e-9dfe1e385535: new RaftServerImpl for group-0D178AC3226E:[e92161bb-36da-4024-83fa-f02433e9e8b4|rpc:10.1.0.16:37825|dataStream:|priority:0, f18629d0-4209-4076-ad9d-a135d0d60f56|rpc:10.1.0.16:43341|dataStream:|priority:1, 5b838663-213a-4fbf-828e-9dfe1e385535|rpc:10.1.0.16:33841|dataStream:|priority:0] with ContainerStateMachine:uninitialized
2022-06-16 16:19:22,115 [pool-362-thread-1] INFO  server.RaftServerConfigKeys (ConfUtils.java:logGet(46)) - raft.server.rpc.timeout.min = 5s (custom)
2022-06-16 16:19:22,115 [pool-362-thread-1] INFO  server.RaftServerConfigKeys (ConfUtils.java:logGet(46)) - raft.server.rpc.timeout.max = 5200ms (custom)
2022-06-16 16:19:22,115 [pool-362-thread-1] INFO  server.RaftServerConfigKeys (ConfUtils.java:logGet(46)) - raft.server.rpc.sleep.time = 25ms (default)
2022-06-16 16:19:22,115 [pool-362-thread-1] INFO  server.RaftServerConfigKeys (ConfUtils.java:logGet(46)) - raft.server.rpc.slowness.timeout = 300s (custom)
2022-06-16 16:19:22,115 [pool-362-thread-1] INFO  server.RaftServerConfigKeys (ConfUtils.java:logGet(46)) - raft.server.leaderelection.leader.step-down.wait-time = 10s (default)
2022-06-16 16:19:22,115 [pool-362-thread-1] INFO  server.RaftServerConfigKeys (ConfUtils.java:logGet(46)) - raft.server.sleep.deviation.threshold = 300ms (default)
2022-06-16 16:19:22,115 [pool-362-thread-1] INFO  server.RaftServer$Division (ServerState.java:<init>(107)) - 5b838663-213a-4fbf-828e-9dfe1e385535@group-0D178AC3226E: ConfigurationManager, init=-1: [e92161bb-36da-4024-83fa-f02433e9e8b4|rpc:10.1.0.16:37825|dataStream:|priority:0, f18629d0-4209-4076-ad9d-a135d0d60f56|rpc:10.1.0.16:43341|dataStream:|priority:1, 5b838663-213a-4fbf-828e-9dfe1e385535|rpc:10.1.0.16:33841|dataStream:|priority:0], old=null, confs=<EMPTY_MAP>
2022-06-16 16:19:22,115 [pool-362-thread-1] INFO  server.RaftServerConfigKeys (ConfUtils.java:logGet(46)) - raft.server.storage.dir = [/home/runner/work/ozone/ozone/hadoop-ozone/integration-test/target/test-dir/MiniOzoneClusterImpl-3714a898-0fe0-42e2-9307-bd15e6fadcd3/datanode-2/data/ratis] (custom)
2022-06-16 16:19:22,115 [pool-362-thread-1] INFO  server.RaftServerConfigKeys (ConfUtils.java:logGet(46)) - raft.server.log.corruption.policy = EXCEPTION (default)
2022-06-16 16:19:22,115 [pool-362-thread-1] INFO  server.RaftServerConfigKeys (ConfUtils.java:logGet(46)) - raft.server.storage.free-space.min = 0MB (=0) (default)
2022-06-16 16:19:22,115 [pool-362-thread-1] INFO  storage.RaftStorageDirectory (RaftStorageDirectoryImpl.java:analyzeStorage(135)) - The storage directory /home/runner/work/ozone/ozone/hadoop-ozone/integration-test/target/test-dir/MiniOzoneClusterImpl-3714a898-0fe0-42e2-9307-bd15e6fadcd3/datanode-2/data/ratis/76fa6611-d988-42bf-a47e-0d178ac3226e does not exist. Creating ...
2022-06-16 16:19:22,117 [pool-362-thread-1] INFO  storage.RaftStorageDirectory (RaftStorageDirectoryImpl.java:tryLock(230)) - Lock on /home/runner/work/ozone/ozone/hadoop-ozone/integration-test/target/test-dir/MiniOzoneClusterImpl-3714a898-0fe0-42e2-9307-bd15e6fadcd3/datanode-2/data/ratis/76fa6611-d988-42bf-a47e-0d178ac3226e/in_use.lock acquired by nodename 3861@fv-az37-268
2022-06-16 16:19:22,127 [pool-362-thread-1] INFO  storage.RaftStorage (RaftStorageImpl.java:format(89)) - Storage directory /home/runner/work/ozone/ozone/hadoop-ozone/integration-test/target/test-dir/MiniOzoneClusterImpl-3714a898-0fe0-42e2-9307-bd15e6fadcd3/datanode-2/data/ratis/76fa6611-d988-42bf-a47e-0d178ac3226e has been successfully formatted.
2022-06-16 16:19:22,130 [pool-362-thread-1] INFO  ratis.ContainerStateMachine (ContainerStateMachine.java:loadSnapshot(236)) - group-0D178AC3226E: The snapshot info is null. Setting the last applied indexto:(t:0, i:~)
2022-06-16 16:19:22,158 [pool-362-thread-1] INFO  server.RaftServerConfigKeys (ConfUtils.java:logGet(46)) - raft.server.notification.no-leader.timeout = 300s (custom)
2022-06-16 16:19:22,158 [pool-362-thread-1] INFO  server.RaftServerConfigKeys (ConfUtils.java:logGet(46)) - raft.server.log.use.memory = false (default)
2022-06-16 16:19:22,158 [pool-362-thread-1] INFO  server.RaftServerConfigKeys (ConfUtils.java:logGet(46)) - raft.server.log.purge.gap = 1000000 (custom)
2022-06-16 16:19:22,158 [pool-362-thread-1] INFO  server.RaftServerConfigKeys (ConfUtils.java:logGet(46)) - raft.server.log.appender.buffer.byte-limit = 33554432 (custom)
2022-06-16 16:19:22,158 [pool-362-thread-1] INFO  server.RaftServerConfigKeys (ConfUtils.java:logGet(46)) - raft.server.log.statemachine.data.read.timeout = 1000ms (default)
2022-06-16 16:19:22,158 [pool-362-thread-1] INFO  server.RaftServerConfigKeys (ConfUtils.java:logGet(46)) - raft.server.log.segment.size.max = 1048576 (custom)
2022-06-16 16:19:22,159 [pool-362-thread-1] INFO  server.RaftServerConfigKeys (ConfUtils.java:logGet(46)) - raft.server.log.segment.cache.num.max = 2 (custom)
2022-06-16 16:19:22,159 [pool-362-thread-1] INFO  server.RaftServerConfigKeys (ConfUtils.java:logGet(46)) - raft.server.log.segment.cache.size.max = 200MB (=209715200) (default)
2022-06-16 16:19:22,159 [pool-362-thread-1] INFO  segmented.SegmentedRaftLogWorker (SegmentedRaftLogWorker.java:<init>(187)) - new 5b838663-213a-4fbf-828e-9dfe1e385535@group-0D178AC3226E-SegmentedRaftLogWorker for RaftStorageImpl:Storage Directory /home/runner/work/ozone/ozone/hadoop-ozone/integration-test/target/test-dir/MiniOzoneClusterImpl-3714a898-0fe0-42e2-9307-bd15e6fadcd3/datanode-2/data/ratis/76fa6611-d988-42bf-a47e-0d178ac3226e
2022-06-16 16:19:22,159 [pool-362-thread-1] INFO  server.RaftServerConfigKeys (ConfUtils.java:logGet(46)) - raft.server.log.queue.byte-limit = 4294967296 (custom)
2022-06-16 16:19:22,159 [pool-362-thread-1] INFO  server.RaftServerConfigKeys (ConfUtils.java:logGet(46)) - raft.server.log.queue.element-limit = 1024 (custom)
2022-06-16 16:19:22,159 [pool-362-thread-1] INFO  server.RaftServerConfigKeys (ConfUtils.java:logGet(46)) - raft.server.log.segment.size.max = 1048576 (custom)
2022-06-16 16:19:22,159 [pool-362-thread-1] INFO  server.RaftServerConfigKeys (ConfUtils.java:logGet(46)) - raft.server.log.preallocated.size = 16384 (custom)
2022-06-16 16:19:22,159 [pool-362-thread-1] INFO  server.RaftServerConfigKeys (ConfUtils.java:logGet(46)) - raft.server.log.force.sync.num = 128 (default)
2022-06-16 16:19:22,159 [pool-362-thread-1] INFO  server.RaftServerConfigKeys (ConfUtils.java:logGet(46)) - raft.server.log.statemachine.data.sync = true (default)
2022-06-16 16:19:22,159 [pool-362-thread-1] INFO  server.RaftServerConfigKeys (ConfUtils.java:logGet(46)) - raft.server.log.statemachine.data.sync.timeout = 10s (default)
2022-06-16 16:19:22,159 [pool-362-thread-1] INFO  server.RaftServerConfigKeys (ConfUtils.java:logGet(46)) - raft.server.log.statemachine.data.sync.timeout.retry = -1 (default)
2022-06-16 16:19:22,160 [Listener at 127.0.0.1/34065] INFO  ozone.MiniOzoneClusterImpl (MiniOzoneClusterImpl.java:lambda$waitForClusterToBeReady$0(221)) - Waiting for nodes to be ready. Got 4 of 5 DN Heartbeats.
2022-06-16 16:19:22,160 [Listener at 127.0.0.1/34065] INFO  ozone.MiniOzoneClusterImpl (MiniOzoneClusterImpl.java:lambda$waitForClusterToBeReady$0(224)) - Waiting for cluster to exit safe mode
2022-06-16 16:19:22,160 [Listener at 127.0.0.1/34065] INFO  ozone.MiniOzoneClusterImpl (MiniOzoneClusterImpl.java:lambda$waitForClusterToBeReady$0(226)) - SCM became leader
2022-06-16 16:19:22,160 [pool-362-thread-1] INFO  server.RaftServerConfigKeys (ConfUtils.java:logGet(46)) - raft.server.log.write.buffer.size = 1048576 (custom)
2022-06-16 16:19:22,161 [pool-362-thread-1] INFO  server.RaftServerConfigKeys (ConfUtils.java:logGet(46)) - raft.server.log.unsafe-flush.enabled = false (default)
2022-06-16 16:19:22,161 [pool-362-thread-1] INFO  server.RaftServerConfigKeys (ConfUtils.java:logGet(46)) - raft.server.log.statemachine.data.caching.enabled = true (custom)
2022-06-16 16:19:22,161 [pool-362-thread-1] INFO  segmented.SegmentedRaftLogWorker (SegmentedRaftLogWorker.java:lambda$new$0(135)) - 5b838663-213a-4fbf-828e-9dfe1e385535@group-0D178AC3226E-SegmentedRaftLogWorker: flushIndex: setUnconditionally 0 -> -1
2022-06-16 16:19:22,161 [pool-362-thread-1] INFO  segmented.SegmentedRaftLogWorker (SegmentedRaftLogWorker.java:lambda$new$0(135)) - 5b838663-213a-4fbf-828e-9dfe1e385535@group-0D178AC3226E-SegmentedRaftLogWorker: safeCacheEvictIndex: setUnconditionally 0 -> -1
2022-06-16 16:19:22,166 [pool-362-thread-1] INFO  server.RaftServerConfigKeys (ConfUtils.java:logGet(46)) - raft.server.snapshot.auto.trigger.enabled = true (custom)
2022-06-16 16:19:22,166 [pool-362-thread-1] INFO  server.RaftServerConfigKeys (ConfUtils.java:logGet(46)) - raft.server.snapshot.auto.trigger.threshold = 10000 (custom)
2022-06-16 16:19:22,166 [pool-362-thread-1] INFO  server.RaftServerConfigKeys (ConfUtils.java:logGet(46)) - raft.server.snapshot.retention.file.num = 5 (custom)
2022-06-16 16:19:22,166 [pool-362-thread-1] INFO  server.RaftServerConfigKeys (ConfUtils.java:logGet(46)) - raft.server.log.purge.upto.snapshot.index = false (default)
2022-06-16 16:19:22,166 [pool-362-thread-1] INFO  server.RaftServerConfigKeys (ConfUtils.java:logGet(46)) - raft.server.retrycache.expirytime = 600000ms (custom)
2022-06-16 16:19:22,166 [pool-362-thread-1] INFO  server.RaftServerConfigKeys (ConfUtils.java:logGet(46)) - raft.server.retrycache.statistics.expirytime = 100μs (default)
2022-06-16 16:19:22,167 [pool-362-thread-1] INFO  server.RaftServerConfigKeys (ConfUtils.java:logGet(46)) - raft.server.log.appender.install.snapshot.enabled = false (custom)
2022-06-16 16:19:22,167 [pool-362-thread-1] INFO  server.RaftServerConfigKeys (ConfUtils.java:logGet(46)) - raft.server.threadpool.server.cached = true (default)
2022-06-16 16:19:22,167 [pool-362-thread-1] INFO  server.RaftServerConfigKeys (ConfUtils.java:logGet(46)) - raft.server.threadpool.server.size = 0 (default)
2022-06-16 16:19:22,167 [pool-362-thread-1] INFO  server.RaftServerConfigKeys (ConfUtils.java:logGet(46)) - raft.server.threadpool.client.cached = true (default)
2022-06-16 16:19:22,167 [pool-362-thread-1] INFO  server.RaftServerConfigKeys (ConfUtils.java:logGet(46)) - raft.server.threadpool.client.size = 0 (default)
2022-06-16 16:19:22,167 [pool-362-thread-1] INFO  server.RaftServer$Division (RaftServerImpl.java:start(310)) - 5b838663-213a-4fbf-828e-9dfe1e385535@group-0D178AC3226E: start as a follower, conf=-1: [e92161bb-36da-4024-83fa-f02433e9e8b4|rpc:10.1.0.16:37825|dataStream:|priority:0, f18629d0-4209-4076-ad9d-a135d0d60f56|rpc:10.1.0.16:43341|dataStream:|priority:1, 5b838663-213a-4fbf-828e-9dfe1e385535|rpc:10.1.0.16:33841|dataStream:|priority:0], old=null
2022-06-16 16:19:22,167 [pool-362-thread-1] INFO  server.RaftServer$Division (RaftServerImpl.java:setRole(299)) - 5b838663-213a-4fbf-828e-9dfe1e385535@group-0D178AC3226E: changes role from      null to FOLLOWER at term 0 for startAsFollower
2022-06-16 16:19:22,167 [pool-362-thread-1] INFO  impl.RoleInfo (RoleInfo.java:updateAndGet(139)) - 5b838663-213a-4fbf-828e-9dfe1e385535: start 5b838663-213a-4fbf-828e-9dfe1e385535@group-0D178AC3226E-FollowerState
2022-06-16 16:19:22,179 [pool-362-thread-1] INFO  util.JmxRegister (JmxRegister.java:tryRegister(44)) - Successfully registered JMX Bean with object name Ratis:service=RaftServer,group=group-0D178AC3226E,id=5b838663-213a-4fbf-828e-9dfe1e385535
2022-06-16 16:19:22,223 [IPC Server handler 1 on default port 45905] INFO  net.NetworkTopologyImpl (NetworkTopologyImpl.java:add(112)) - Added a new node: /default-rack/91193349-063e-4e8d-a3d9-971f40f5522b
2022-06-16 16:19:22,223 [IPC Server handler 1 on default port 45905] INFO  node.SCMNodeManager (SCMNodeManager.java:register(394)) - Registered Data node : 91193349-063e-4e8d-a3d9-971f40f5522b{ip: 10.1.0.16, host: fv-az37-268.zqe2tmcsx5vuvjs3sdc4q2yfud.gx.internal.cloudapp.net, ports: [REPLICATION=40161, RATIS=41297, RATIS_ADMIN=41297, RATIS_SERVER=41297, STANDALONE=45327], networkLocation: /default-rack, certSerialId: null, persistedOpState: null, persistedOpStateExpiryEpochSec: 0}
2022-06-16 16:19:22,223 [EventQueue-NewNodeForNewNodeHandler] INFO  pipeline.BackgroundPipelineCreator (BackgroundPipelineCreator.java:notifyEventTriggered(272)) - trigger a one-shot run on RatisPipelineUtilsThread.
2022-06-16 16:19:22,224 [RatisPipelineUtilsThread - 0] INFO  pipeline.RatisPipelineProvider (RatisPipelineProvider.java:lambda$create$0(195)) - Sending CreatePipelineCommand for pipeline:PipelineID=902126e9-86e8-48a3-b630-d1b771c95d98 to datanode:91193349-063e-4e8d-a3d9-971f40f5522b
2022-06-16 16:19:22,224 [RatisPipelineUtilsThread - 0] INFO  pipeline.PipelineStateManagerImpl (PipelineStateManagerImpl.java:addPipeline(101)) - Created pipeline Pipeline[ Id: 902126e9-86e8-48a3-b630-d1b771c95d98, Nodes: 91193349-063e-4e8d-a3d9-971f40f5522b{ip: 10.1.0.16, host: fv-az37-268.zqe2tmcsx5vuvjs3sdc4q2yfud.gx.internal.cloudapp.net, ports: [REPLICATION=40161, RATIS=41297, RATIS_ADMIN=41297, RATIS_SERVER=41297, STANDALONE=45327], networkLocation: /default-rack, certSerialId: null, persistedOpState: IN_SERVICE, persistedOpStateExpiryEpochSec: 0}, ReplicationConfig: RATIS/ONE, State:ALLOCATED, leaderId:, CreationTimestamp2022-06-16T16:19:22.224Z[Etc/UTC]].
2022-06-16 16:19:22,251 [grpc-default-executor-0] INFO  server.RaftServer (RaftServerProxy.java:addNew(96)) - e92161bb-36da-4024-83fa-f02433e9e8b4: addNew group-0D178AC3226E:[e92161bb-36da-4024-83fa-f02433e9e8b4|rpc:10.1.0.16:37825|dataStream:|priority:0, f18629d0-4209-4076-ad9d-a135d0d60f56|rpc:10.1.0.16:43341|dataStream:|priority:1, 5b838663-213a-4fbf-828e-9dfe1e385535|rpc:10.1.0.16:33841|dataStream:|priority:0] returns group-0D178AC3226E:java.util.concurrent.CompletableFuture@1033616c[Not completed]
2022-06-16 16:19:22,275 [pool-340-thread-1] INFO  server.RaftServer$Division (RaftServerImpl.java:<init>(190)) - e92161bb-36da-4024-83fa-f02433e9e8b4: new RaftServerImpl for group-0D178AC3226E:[e92161bb-36da-4024-83fa-f02433e9e8b4|rpc:10.1.0.16:37825|dataStream:|priority:0, f18629d0-4209-4076-ad9d-a135d0d60f56|rpc:10.1.0.16:43341|dataStream:|priority:1, 5b838663-213a-4fbf-828e-9dfe1e385535|rpc:10.1.0.16:33841|dataStream:|priority:0] with ContainerStateMachine:uninitialized
2022-06-16 16:19:22,275 [pool-340-thread-1] INFO  server.RaftServerConfigKeys (ConfUtils.java:logGet(46)) - raft.server.rpc.timeout.min = 5s (custom)
2022-06-16 16:19:22,275 [pool-340-thread-1] INFO  server.RaftServerConfigKeys (ConfUtils.java:logGet(46)) - raft.server.rpc.timeout.max = 5200ms (custom)
2022-06-16 16:19:22,275 [pool-340-thread-1] INFO  server.RaftServerConfigKeys (ConfUtils.java:logGet(46)) - raft.server.rpc.sleep.time = 25ms (default)
2022-06-16 16:19:22,275 [pool-340-thread-1] INFO  server.RaftServerConfigKeys (ConfUtils.java:logGet(46)) - raft.server.rpc.slowness.timeout = 300s (custom)
2022-06-16 16:19:22,275 [pool-340-thread-1] INFO  server.RaftServerConfigKeys (ConfUtils.java:logGet(46)) - raft.server.leaderelection.leader.step-down.wait-time = 10s (default)
2022-06-16 16:19:22,275 [pool-340-thread-1] INFO  server.RaftServerConfigKeys (ConfUtils.java:logGet(46)) - raft.server.sleep.deviation.threshold = 300ms (default)
2022-06-16 16:19:22,275 [pool-340-thread-1] INFO  server.RaftServer$Division (ServerState.java:<init>(107)) - e92161bb-36da-4024-83fa-f02433e9e8b4@group-0D178AC3226E: ConfigurationManager, init=-1: [e92161bb-36da-4024-83fa-f02433e9e8b4|rpc:10.1.0.16:37825|dataStream:|priority:0, f18629d0-4209-4076-ad9d-a135d0d60f56|rpc:10.1.0.16:43341|dataStream:|priority:1, 5b838663-213a-4fbf-828e-9dfe1e385535|rpc:10.1.0.16:33841|dataStream:|priority:0], old=null, confs=<EMPTY_MAP>
2022-06-16 16:19:22,275 [pool-340-thread-1] INFO  server.RaftServerConfigKeys (ConfUtils.java:logGet(46)) - raft.server.storage.dir = [/home/runner/work/ozone/ozone/hadoop-ozone/integration-test/target/test-dir/MiniOzoneClusterImpl-3714a898-0fe0-42e2-9307-bd15e6fadcd3/datanode-1/data/ratis] (custom)
2022-06-16 16:19:22,275 [pool-340-thread-1] INFO  server.RaftServerConfigKeys (ConfUtils.java:logGet(46)) - raft.server.log.corruption.policy = EXCEPTION (default)
2022-06-16 16:19:22,275 [pool-340-thread-1] INFO  server.RaftServerConfigKeys (ConfUtils.java:logGet(46)) - raft.server.storage.free-space.min = 0MB (=0) (default)
2022-06-16 16:19:22,275 [pool-340-thread-1] INFO  storage.RaftStorageDirectory (RaftStorageDirectoryImpl.java:analyzeStorage(135)) - The storage directory /home/runner/work/ozone/ozone/hadoop-ozone/integration-test/target/test-dir/MiniOzoneClusterImpl-3714a898-0fe0-42e2-9307-bd15e6fadcd3/datanode-1/data/ratis/76fa6611-d988-42bf-a47e-0d178ac3226e does not exist. Creating ...
2022-06-16 16:19:22,278 [pool-340-thread-1] INFO  storage.RaftStorageDirectory (RaftStorageDirectoryImpl.java:tryLock(230)) - Lock on /home/runner/work/ozone/ozone/hadoop-ozone/integration-test/target/test-dir/MiniOzoneClusterImpl-3714a898-0fe0-42e2-9307-bd15e6fadcd3/datanode-1/data/ratis/76fa6611-d988-42bf-a47e-0d178ac3226e/in_use.lock acquired by nodename 3861@fv-az37-268
2022-06-16 16:19:22,281 [pool-340-thread-1] INFO  storage.RaftStorage (RaftStorageImpl.java:format(89)) - Storage directory /home/runner/work/ozone/ozone/hadoop-ozone/integration-test/target/test-dir/MiniOzoneClusterImpl-3714a898-0fe0-42e2-9307-bd15e6fadcd3/datanode-1/data/ratis/76fa6611-d988-42bf-a47e-0d178ac3226e has been successfully formatted.
2022-06-16 16:19:22,286 [pool-340-thread-1] INFO  ratis.ContainerStateMachine (ContainerStateMachine.java:loadSnapshot(236)) - group-0D178AC3226E: The snapshot info is null. Setting the last applied indexto:(t:0, i:~)
2022-06-16 16:19:22,286 [pool-340-thread-1] INFO  server.RaftServerConfigKeys (ConfUtils.java:logGet(46)) - raft.server.notification.no-leader.timeout = 300s (custom)
2022-06-16 16:19:22,286 [pool-340-thread-1] INFO  server.RaftServerConfigKeys (ConfUtils.java:logGet(46)) - raft.server.log.use.memory = false (default)
2022-06-16 16:19:22,286 [pool-340-thread-1] INFO  server.RaftServerConfigKeys (ConfUtils.java:logGet(46)) - raft.server.log.purge.gap = 1000000 (custom)
2022-06-16 16:19:22,286 [pool-340-thread-1] INFO  server.RaftServerConfigKeys (ConfUtils.java:logGet(46)) - raft.server.log.appender.buffer.byte-limit = 33554432 (custom)
2022-06-16 16:19:22,287 [pool-340-thread-1] INFO  server.RaftServerConfigKeys (ConfUtils.java:logGet(46)) - raft.server.log.statemachine.data.read.timeout = 1000ms (default)
2022-06-16 16:19:22,287 [pool-340-thread-1] INFO  server.RaftServerConfigKeys (ConfUtils.java:logGet(46)) - raft.server.log.segment.size.max = 1048576 (custom)
2022-06-16 16:19:22,287 [pool-340-thread-1] INFO  server.RaftServerConfigKeys (ConfUtils.java:logGet(46)) - raft.server.log.segment.cache.num.max = 2 (custom)
2022-06-16 16:19:22,287 [pool-340-thread-1] INFO  server.RaftServerConfigKeys (ConfUtils.java:logGet(46)) - raft.server.log.segment.cache.size.max = 200MB (=209715200) (default)
2022-06-16 16:19:22,287 [pool-340-thread-1] INFO  segmented.SegmentedRaftLogWorker (SegmentedRaftLogWorker.java:<init>(187)) - new e92161bb-36da-4024-83fa-f02433e9e8b4@group-0D178AC3226E-SegmentedRaftLogWorker for RaftStorageImpl:Storage Directory /home/runner/work/ozone/ozone/hadoop-ozone/integration-test/target/test-dir/MiniOzoneClusterImpl-3714a898-0fe0-42e2-9307-bd15e6fadcd3/datanode-1/data/ratis/76fa6611-d988-42bf-a47e-0d178ac3226e
2022-06-16 16:19:22,287 [pool-340-thread-1] INFO  server.RaftServerConfigKeys (ConfUtils.java:logGet(46)) - raft.server.log.queue.byte-limit = 4294967296 (custom)
2022-06-16 16:19:22,287 [pool-340-thread-1] INFO  server.RaftServerConfigKeys (ConfUtils.java:logGet(46)) - raft.server.log.queue.element-limit = 1024 (custom)
2022-06-16 16:19:22,287 [pool-340-thread-1] INFO  server.RaftServerConfigKeys (ConfUtils.java:logGet(46)) - raft.server.log.segment.size.max = 1048576 (custom)
2022-06-16 16:19:22,287 [pool-340-thread-1] INFO  server.RaftServerConfigKeys (ConfUtils.java:logGet(46)) - raft.server.log.preallocated.size = 16384 (custom)
2022-06-16 16:19:22,287 [pool-340-thread-1] INFO  server.RaftServerConfigKeys (ConfUtils.java:logGet(46)) - raft.server.log.force.sync.num = 128 (default)
2022-06-16 16:19:22,287 [pool-340-thread-1] INFO  server.RaftServerConfigKeys (ConfUtils.java:logGet(46)) - raft.server.log.statemachine.data.sync = true (default)
2022-06-16 16:19:22,287 [pool-340-thread-1] INFO  server.RaftServerConfigKeys (ConfUtils.java:logGet(46)) - raft.server.log.statemachine.data.sync.timeout = 10s (default)
2022-06-16 16:19:22,287 [pool-340-thread-1] INFO  server.RaftServerConfigKeys (ConfUtils.java:logGet(46)) - raft.server.log.statemachine.data.sync.timeout.retry = -1 (default)
2022-06-16 16:19:22,288 [pool-340-thread-1] INFO  server.RaftServerConfigKeys (ConfUtils.java:logGet(46)) - raft.server.log.write.buffer.size = 1048576 (custom)
2022-06-16 16:19:22,289 [pool-340-thread-1] INFO  server.RaftServerConfigKeys (ConfUtils.java:logGet(46)) - raft.server.log.unsafe-flush.enabled = false (default)
2022-06-16 16:19:22,289 [pool-340-thread-1] INFO  server.RaftServerConfigKeys (ConfUtils.java:logGet(46)) - raft.server.log.statemachine.data.caching.enabled = true (custom)
2022-06-16 16:19:22,289 [pool-340-thread-1] INFO  segmented.SegmentedRaftLogWorker (SegmentedRaftLogWorker.java:lambda$new$0(135)) - e92161bb-36da-4024-83fa-f02433e9e8b4@group-0D178AC3226E-SegmentedRaftLogWorker: flushIndex: setUnconditionally 0 -> -1
2022-06-16 16:19:22,289 [pool-340-thread-1] INFO  segmented.SegmentedRaftLogWorker (SegmentedRaftLogWorker.java:lambda$new$0(135)) - e92161bb-36da-4024-83fa-f02433e9e8b4@group-0D178AC3226E-SegmentedRaftLogWorker: safeCacheEvictIndex: setUnconditionally 0 -> -1
2022-06-16 16:19:22,289 [pool-340-thread-1] INFO  server.RaftServerConfigKeys (ConfUtils.java:logGet(46)) - raft.server.snapshot.auto.trigger.enabled = true (custom)
2022-06-16 16:19:22,289 [pool-340-thread-1] INFO  server.RaftServerConfigKeys (ConfUtils.java:logGet(46)) - raft.server.snapshot.auto.trigger.threshold = 10000 (custom)
2022-06-16 16:19:22,289 [pool-340-thread-1] INFO  server.RaftServerConfigKeys (ConfUtils.java:logGet(46)) - raft.server.snapshot.retention.file.num = 5 (custom)
2022-06-16 16:19:22,289 [pool-340-thread-1] INFO  server.RaftServerConfigKeys (ConfUtils.java:logGet(46)) - raft.server.log.purge.upto.snapshot.index = false (default)
2022-06-16 16:19:22,289 [pool-340-thread-1] INFO  server.RaftServerConfigKeys (ConfUtils.java:logGet(46)) - raft.server.retrycache.expirytime = 600000ms (custom)
2022-06-16 16:19:22,289 [pool-340-thread-1] INFO  server.RaftServerConfigKeys (ConfUtils.java:logGet(46)) - raft.server.retrycache.statistics.expirytime = 100μs (default)
2022-06-16 16:19:22,290 [pool-340-thread-1] INFO  server.RaftServerConfigKeys (ConfUtils.java:logGet(46)) - raft.server.log.appender.install.snapshot.enabled = false (custom)
2022-06-16 16:19:22,290 [pool-340-thread-1] INFO  server.RaftServerConfigKeys (ConfUtils.java:logGet(46)) - raft.server.threadpool.server.cached = true (default)
2022-06-16 16:19:22,290 [pool-340-thread-1] INFO  server.RaftServerConfigKeys (ConfUtils.java:logGet(46)) - raft.server.threadpool.server.size = 0 (default)
2022-06-16 16:19:22,291 [pool-340-thread-1] INFO  server.RaftServerConfigKeys (ConfUtils.java:logGet(46)) - raft.server.threadpool.client.cached = true (default)
2022-06-16 16:19:22,291 [pool-340-thread-1] INFO  server.RaftServerConfigKeys (ConfUtils.java:logGet(46)) - raft.server.threadpool.client.size = 0 (default)
2022-06-16 16:19:22,291 [pool-340-thread-1] INFO  server.RaftServer$Division (RaftServerImpl.java:start(310)) - e92161bb-36da-4024-83fa-f02433e9e8b4@group-0D178AC3226E: start as a follower, conf=-1: [e92161bb-36da-4024-83fa-f02433e9e8b4|rpc:10.1.0.16:37825|dataStream:|priority:0, f18629d0-4209-4076-ad9d-a135d0d60f56|rpc:10.1.0.16:43341|dataStream:|priority:1, 5b838663-213a-4fbf-828e-9dfe1e385535|rpc:10.1.0.16:33841|dataStream:|priority:0], old=null
2022-06-16 16:19:22,291 [pool-340-thread-1] INFO  server.RaftServer$Division (RaftServerImpl.java:setRole(299)) - e92161bb-36da-4024-83fa-f02433e9e8b4@group-0D178AC3226E: changes role from      null to FOLLOWER at term 0 for startAsFollower
2022-06-16 16:19:22,291 [pool-340-thread-1] INFO  impl.RoleInfo (RoleInfo.java:updateAndGet(139)) - e92161bb-36da-4024-83fa-f02433e9e8b4: start e92161bb-36da-4024-83fa-f02433e9e8b4@group-0D178AC3226E-FollowerState
2022-06-16 16:19:22,291 [pool-340-thread-1] INFO  util.JmxRegister (JmxRegister.java:tryRegister(44)) - Successfully registered JMX Bean with object name Ratis:service=RaftServer,group=group-0D178AC3226E,id=e92161bb-36da-4024-83fa-f02433e9e8b4
2022-06-16 16:19:22,314 [Command processor thread] INFO  commandhandler.CreatePipelineCommandHandler (CreatePipelineCommandHandler.java:handle(113)) - Created Pipeline RATIS THREE PipelineID=76fa6611-d988-42bf-a47e-0d178ac3226e.
2022-06-16 16:19:22,314 [Command processor thread] INFO  server.RaftServer (RaftServerProxy.java:addNew(96)) - f18629d0-4209-4076-ad9d-a135d0d60f56: addNew group-D1498762B26E:[e92161bb-36da-4024-83fa-f02433e9e8b4|rpc:10.1.0.16:37825|priority:1, f18629d0-4209-4076-ad9d-a135d0d60f56|rpc:10.1.0.16:43341|priority:0, 5b838663-213a-4fbf-828e-9dfe1e385535|rpc:10.1.0.16:33841|priority:0] returns group-D1498762B26E:java.util.concurrent.CompletableFuture@62420034[Not completed]
2022-06-16 16:19:22,315 [pool-318-thread-1] INFO  server.RaftServer$Division (RaftServerImpl.java:<init>(190)) - f18629d0-4209-4076-ad9d-a135d0d60f56: new RaftServerImpl for group-D1498762B26E:[e92161bb-36da-4024-83fa-f02433e9e8b4|rpc:10.1.0.16:37825|priority:1, f18629d0-4209-4076-ad9d-a135d0d60f56|rpc:10.1.0.16:43341|priority:0, 5b838663-213a-4fbf-828e-9dfe1e385535|rpc:10.1.0.16:33841|priority:0] with ContainerStateMachine:uninitialized
2022-06-16 16:19:22,315 [pool-318-thread-1] INFO  server.RaftServerConfigKeys (ConfUtils.java:logGet(46)) - raft.server.rpc.timeout.min = 5s (custom)
2022-06-16 16:19:22,315 [pool-318-thread-1] INFO  server.RaftServerConfigKeys (ConfUtils.java:logGet(46)) - raft.server.rpc.timeout.max = 5200ms (custom)
2022-06-16 16:19:22,315 [pool-318-thread-1] INFO  server.RaftServerConfigKeys (ConfUtils.java:logGet(46)) - raft.server.rpc.sleep.time = 25ms (default)
2022-06-16 16:19:22,315 [pool-318-thread-1] INFO  server.RaftServerConfigKeys (ConfUtils.java:logGet(46)) - raft.server.rpc.slowness.timeout = 300s (custom)
2022-06-16 16:19:22,327 [pool-318-thread-1] INFO  server.RaftServerConfigKeys (ConfUtils.java:logGet(46)) - raft.server.leaderelection.leader.step-down.wait-time = 10s (default)
2022-06-16 16:19:22,327 [pool-318-thread-1] INFO  server.RaftServerConfigKeys (ConfUtils.java:logGet(46)) - raft.server.sleep.deviation.threshold = 300ms (default)
2022-06-16 16:19:22,327 [pool-318-thread-1] INFO  server.RaftServer$Division (ServerState.java:<init>(107)) - f18629d0-4209-4076-ad9d-a135d0d60f56@group-D1498762B26E: ConfigurationManager, init=-1: [e92161bb-36da-4024-83fa-f02433e9e8b4|rpc:10.1.0.16:37825|priority:1, f18629d0-4209-4076-ad9d-a135d0d60f56|rpc:10.1.0.16:43341|priority:0, 5b838663-213a-4fbf-828e-9dfe1e385535|rpc:10.1.0.16:33841|priority:0], old=null, confs=<EMPTY_MAP>
2022-06-16 16:19:22,327 [pool-318-thread-1] INFO  server.RaftServerConfigKeys (ConfUtils.java:logGet(46)) - raft.server.storage.dir = [/home/runner/work/ozone/ozone/hadoop-ozone/integration-test/target/test-dir/MiniOzoneClusterImpl-3714a898-0fe0-42e2-9307-bd15e6fadcd3/datanode-0/data/ratis] (custom)
2022-06-16 16:19:22,327 [pool-318-thread-1] INFO  server.RaftServerConfigKeys (ConfUtils.java:logGet(46)) - raft.server.log.corruption.policy = EXCEPTION (default)
2022-06-16 16:19:22,327 [pool-318-thread-1] INFO  server.RaftServerConfigKeys (ConfUtils.java:logGet(46)) - raft.server.storage.free-space.min = 0MB (=0) (default)
2022-06-16 16:19:22,327 [pool-318-thread-1] INFO  storage.RaftStorageDirectory (RaftStorageDirectoryImpl.java:analyzeStorage(135)) - The storage directory /home/runner/work/ozone/ozone/hadoop-ozone/integration-test/target/test-dir/MiniOzoneClusterImpl-3714a898-0fe0-42e2-9307-bd15e6fadcd3/datanode-0/data/ratis/d5f21dce-580b-4b61-8401-d1498762b26e does not exist. Creating ...
2022-06-16 16:19:22,329 [pool-318-thread-1] INFO  storage.RaftStorageDirectory (RaftStorageDirectoryImpl.java:tryLock(230)) - Lock on /home/runner/work/ozone/ozone/hadoop-ozone/integration-test/target/test-dir/MiniOzoneClusterImpl-3714a898-0fe0-42e2-9307-bd15e6fadcd3/datanode-0/data/ratis/d5f21dce-580b-4b61-8401-d1498762b26e/in_use.lock acquired by nodename 3861@fv-az37-268
2022-06-16 16:19:22,331 [pool-318-thread-1] INFO  storage.RaftStorage (RaftStorageImpl.java:format(89)) - Storage directory /home/runner/work/ozone/ozone/hadoop-ozone/integration-test/target/test-dir/MiniOzoneClusterImpl-3714a898-0fe0-42e2-9307-bd15e6fadcd3/datanode-0/data/ratis/d5f21dce-580b-4b61-8401-d1498762b26e has been successfully formatted.
2022-06-16 16:19:22,331 [pool-318-thread-1] INFO  ratis.ContainerStateMachine (ContainerStateMachine.java:loadSnapshot(236)) - group-D1498762B26E: The snapshot info is null. Setting the last applied indexto:(t:0, i:~)
2022-06-16 16:19:22,331 [pool-318-thread-1] INFO  server.RaftServerConfigKeys (ConfUtils.java:logGet(46)) - raft.server.notification.no-leader.timeout = 300s (custom)
2022-06-16 16:19:22,331 [pool-318-thread-1] INFO  server.RaftServerConfigKeys (ConfUtils.java:logGet(46)) - raft.server.log.use.memory = false (default)
2022-06-16 16:19:22,331 [pool-318-thread-1] INFO  server.RaftServerConfigKeys (ConfUtils.java:logGet(46)) - raft.server.log.purge.gap = 1000000 (custom)
2022-06-16 16:19:22,331 [pool-318-thread-1] INFO  server.RaftServerConfigKeys (ConfUtils.java:logGet(46)) - raft.server.log.appender.buffer.byte-limit = 33554432 (custom)
2022-06-16 16:19:22,331 [pool-318-thread-1] INFO  server.RaftServerConfigKeys (ConfUtils.java:logGet(46)) - raft.server.log.statemachine.data.read.timeout = 1000ms (default)
2022-06-16 16:19:22,331 [pool-318-thread-1] INFO  server.RaftServerConfigKeys (ConfUtils.java:logGet(46)) - raft.server.log.segment.size.max = 1048576 (custom)
2022-06-16 16:19:22,332 [pool-318-thread-1] INFO  server.RaftServerConfigKeys (ConfUtils.java:logGet(46)) - raft.server.log.segment.cache.num.max = 2 (custom)
2022-06-16 16:19:22,332 [pool-318-thread-1] INFO  server.RaftServerConfigKeys (ConfUtils.java:logGet(46)) - raft.server.log.segment.cache.size.max = 200MB (=209715200) (default)
2022-06-16 16:19:22,332 [pool-318-thread-1] INFO  segmented.SegmentedRaftLogWorker (SegmentedRaftLogWorker.java:<init>(187)) - new f18629d0-4209-4076-ad9d-a135d0d60f56@group-D1498762B26E-SegmentedRaftLogWorker for RaftStorageImpl:Storage Directory /home/runner/work/ozone/ozone/hadoop-ozone/integration-test/target/test-dir/MiniOzoneClusterImpl-3714a898-0fe0-42e2-9307-bd15e6fadcd3/datanode-0/data/ratis/d5f21dce-580b-4b61-8401-d1498762b26e
2022-06-16 16:19:22,332 [pool-318-thread-1] INFO  server.RaftServerConfigKeys (ConfUtils.java:logGet(46)) - raft.server.log.queue.byte-limit = 4294967296 (custom)
2022-06-16 16:19:22,332 [pool-318-thread-1] INFO  server.RaftServerConfigKeys (ConfUtils.java:logGet(46)) - raft.server.log.queue.element-limit = 1024 (custom)
2022-06-16 16:19:22,332 [pool-318-thread-1] INFO  server.RaftServerConfigKeys (ConfUtils.java:logGet(46)) - raft.server.log.segment.size.max = 1048576 (custom)
2022-06-16 16:19:22,332 [pool-318-thread-1] INFO  server.RaftServerConfigKeys (ConfUtils.java:logGet(46)) - raft.server.log.preallocated.size = 16384 (custom)
2022-06-16 16:19:22,332 [pool-318-thread-1] INFO  server.RaftServerConfigKeys (ConfUtils.java:logGet(46)) - raft.server.log.force.sync.num = 128 (default)
2022-06-16 16:19:22,332 [pool-318-thread-1] INFO  server.RaftServerConfigKeys (ConfUtils.java:logGet(46)) - raft.server.log.statemachine.data.sync = true (default)
2022-06-16 16:19:22,332 [pool-318-thread-1] INFO  server.RaftServerConfigKeys (ConfUtils.java:logGet(46)) - raft.server.log.statemachine.data.sync.timeout = 10s (default)
2022-06-16 16:19:22,332 [pool-318-thread-1] INFO  server.RaftServerConfigKeys (ConfUtils.java:logGet(46)) - raft.server.log.statemachine.data.sync.timeout.retry = -1 (default)
2022-06-16 16:19:22,333 [pool-318-thread-1] INFO  server.RaftServerConfigKeys (ConfUtils.java:logGet(46)) - raft.server.log.write.buffer.size = 1048576 (custom)
2022-06-16 16:19:22,333 [pool-318-thread-1] INFO  server.RaftServerConfigKeys (ConfUtils.java:logGet(46)) - raft.server.log.unsafe-flush.enabled = false (default)
2022-06-16 16:19:22,333 [pool-318-thread-1] INFO  server.RaftServerConfigKeys (ConfUtils.java:logGet(46)) - raft.server.log.statemachine.data.caching.enabled = true (custom)
2022-06-16 16:19:22,333 [pool-318-thread-1] INFO  segmented.SegmentedRaftLogWorker (SegmentedRaftLogWorker.java:lambda$new$0(135)) - f18629d0-4209-4076-ad9d-a135d0d60f56@group-D1498762B26E-SegmentedRaftLogWorker: flushIndex: setUnconditionally 0 -> -1
2022-06-16 16:19:22,333 [pool-318-thread-1] INFO  segmented.SegmentedRaftLogWorker (SegmentedRaftLogWorker.java:lambda$new$0(135)) - f18629d0-4209-4076-ad9d-a135d0d60f56@group-D1498762B26E-SegmentedRaftLogWorker: safeCacheEvictIndex: setUnconditionally 0 -> -1
2022-06-16 16:19:22,349 [pool-318-thread-1] INFO  server.RaftServerConfigKeys (ConfUtils.java:logGet(46)) - raft.server.snapshot.auto.trigger.enabled = true (custom)
2022-06-16 16:19:22,349 [pool-318-thread-1] INFO  server.RaftServerConfigKeys (ConfUtils.java:logGet(46)) - raft.server.snapshot.auto.trigger.threshold = 10000 (custom)
2022-06-16 16:19:22,349 [pool-318-thread-1] INFO  server.RaftServerConfigKeys (ConfUtils.java:logGet(46)) - raft.server.snapshot.retention.file.num = 5 (custom)
2022-06-16 16:19:22,349 [pool-318-thread-1] INFO  server.RaftServerConfigKeys (ConfUtils.java:logGet(46)) - raft.server.log.purge.upto.snapshot.index = false (default)
2022-06-16 16:19:22,349 [pool-318-thread-1] INFO  server.RaftServerConfigKeys (ConfUtils.java:logGet(46)) - raft.server.retrycache.expirytime = 600000ms (custom)
2022-06-16 16:19:22,349 [pool-318-thread-1] INFO  server.RaftServerConfigKeys (ConfUtils.java:logGet(46)) - raft.server.retrycache.statistics.expirytime = 100μs (default)
2022-06-16 16:19:22,350 [pool-318-thread-1] INFO  server.RaftServerConfigKeys (ConfUtils.java:logGet(46)) - raft.server.log.appender.install.snapshot.enabled = false (custom)
2022-06-16 16:19:22,350 [pool-318-thread-1] INFO  server.RaftServerConfigKeys (ConfUtils.java:logGet(46)) - raft.server.threadpool.server.cached = true (default)
2022-06-16 16:19:22,350 [pool-318-thread-1] INFO  server.RaftServerConfigKeys (ConfUtils.java:logGet(46)) - raft.server.threadpool.server.size = 0 (default)
2022-06-16 16:19:22,350 [pool-318-thread-1] INFO  server.RaftServerConfigKeys (ConfUtils.java:logGet(46)) - raft.server.threadpool.client.cached = true (default)
2022-06-16 16:19:22,350 [pool-318-thread-1] INFO  server.RaftServerConfigKeys (ConfUtils.java:logGet(46)) - raft.server.threadpool.client.size = 0 (default)
2022-06-16 16:19:22,350 [pool-318-thread-1] INFO  server.RaftServer$Division (RaftServerImpl.java:start(310)) - f18629d0-4209-4076-ad9d-a135d0d60f56@group-D1498762B26E: start as a follower, conf=-1: [e92161bb-36da-4024-83fa-f02433e9e8b4|rpc:10.1.0.16:37825|priority:1, f18629d0-4209-4076-ad9d-a135d0d60f56|rpc:10.1.0.16:43341|priority:0, 5b838663-213a-4fbf-828e-9dfe1e385535|rpc:10.1.0.16:33841|priority:0], old=null
2022-06-16 16:19:22,351 [pool-318-thread-1] INFO  server.RaftServer$Division (RaftServerImpl.java:setRole(299)) - f18629d0-4209-4076-ad9d-a135d0d60f56@group-D1498762B26E: changes role from      null to FOLLOWER at term 0 for startAsFollower
2022-06-16 16:19:22,351 [pool-318-thread-1] INFO  impl.RoleInfo (RoleInfo.java:updateAndGet(139)) - f18629d0-4209-4076-ad9d-a135d0d60f56: start f18629d0-4209-4076-ad9d-a135d0d60f56@group-D1498762B26E-FollowerState
2022-06-16 16:19:22,354 [pool-318-thread-1] INFO  util.JmxRegister (JmxRegister.java:tryRegister(44)) - Successfully registered JMX Bean with object name Ratis:service=RaftServer,group=group-D1498762B26E,id=f18629d0-4209-4076-ad9d-a135d0d60f56
2022-06-16 16:19:22,362 [Command processor thread] INFO  ratis.XceiverServerRatis (XceiverServerRatis.java:addGroup(765)) - Created group PipelineID=d5f21dce-580b-4b61-8401-d1498762b26e
2022-06-16 16:19:22,364 [EventQueue-OpenPipelineForHealthyPipelineSafeModeRule] INFO  safemode.SCMSafeModeManager (HealthyPipelineSafeModeRule.java:process(124)) - SCM in safe mode. Healthy pipelines reported count is 0, required healthy pipeline reported count is 1
2022-06-16 16:19:22,390 [grpc-default-executor-0] INFO  server.RaftServer (RaftServerProxy.java:addNew(96)) - 5b838663-213a-4fbf-828e-9dfe1e385535: addNew group-D1498762B26E:[e92161bb-36da-4024-83fa-f02433e9e8b4|rpc:10.1.0.16:37825|dataStream:|priority:1, f18629d0-4209-4076-ad9d-a135d0d60f56|rpc:10.1.0.16:43341|dataStream:|priority:0, 5b838663-213a-4fbf-828e-9dfe1e385535|rpc:10.1.0.16:33841|dataStream:|priority:0] returns group-D1498762B26E:java.util.concurrent.CompletableFuture@67f56549[Not completed]
2022-06-16 16:19:22,391 [pool-362-thread-1] INFO  server.RaftServer$Division (RaftServerImpl.java:<init>(190)) - 5b838663-213a-4fbf-828e-9dfe1e385535: new RaftServerImpl for group-D1498762B26E:[e92161bb-36da-4024-83fa-f02433e9e8b4|rpc:10.1.0.16:37825|dataStream:|priority:1, f18629d0-4209-4076-ad9d-a135d0d60f56|rpc:10.1.0.16:43341|dataStream:|priority:0, 5b838663-213a-4fbf-828e-9dfe1e385535|rpc:10.1.0.16:33841|dataStream:|priority:0] with ContainerStateMachine:uninitialized
2022-06-16 16:19:22,391 [pool-362-thread-1] INFO  server.RaftServerConfigKeys (ConfUtils.java:logGet(46)) - raft.server.rpc.timeout.min = 5s (custom)
2022-06-16 16:19:22,391 [pool-362-thread-1] INFO  server.RaftServerConfigKeys (ConfUtils.java:logGet(46)) - raft.server.rpc.timeout.max = 5200ms (custom)
2022-06-16 16:19:22,391 [pool-362-thread-1] INFO  server.RaftServerConfigKeys (ConfUtils.java:logGet(46)) - raft.server.rpc.sleep.time = 25ms (default)
2022-06-16 16:19:22,391 [pool-362-thread-1] INFO  server.RaftServerConfigKeys (ConfUtils.java:logGet(46)) - raft.server.rpc.slowness.timeout = 300s (custom)
2022-06-16 16:19:22,391 [pool-362-thread-1] INFO  server.RaftServerConfigKeys (ConfUtils.java:logGet(46)) - raft.server.leaderelection.leader.step-down.wait-time = 10s (default)
2022-06-16 16:19:22,391 [pool-362-thread-1] INFO  server.RaftServerConfigKeys (ConfUtils.java:logGet(46)) - raft.server.sleep.deviation.threshold = 300ms (default)
2022-06-16 16:19:22,391 [pool-362-thread-1] INFO  server.RaftServer$Division (ServerState.java:<init>(107)) - 5b838663-213a-4fbf-828e-9dfe1e385535@group-D1498762B26E: ConfigurationManager, init=-1: [e92161bb-36da-4024-83fa-f02433e9e8b4|rpc:10.1.0.16:37825|dataStream:|priority:1, f18629d0-4209-4076-ad9d-a135d0d60f56|rpc:10.1.0.16:43341|dataStream:|priority:0, 5b838663-213a-4fbf-828e-9dfe1e385535|rpc:10.1.0.16:33841|dataStream:|priority:0], old=null, confs=<EMPTY_MAP>
2022-06-16 16:19:22,391 [pool-362-thread-1] INFO  server.RaftServerConfigKeys (ConfUtils.java:logGet(46)) - raft.server.storage.dir = [/home/runner/work/ozone/ozone/hadoop-ozone/integration-test/target/test-dir/MiniOzoneClusterImpl-3714a898-0fe0-42e2-9307-bd15e6fadcd3/datanode-2/data/ratis] (custom)
2022-06-16 16:19:22,391 [pool-362-thread-1] INFO  server.RaftServerConfigKeys (ConfUtils.java:logGet(46)) - raft.server.log.corruption.policy = EXCEPTION (default)
2022-06-16 16:19:22,391 [pool-362-thread-1] INFO  server.RaftServerConfigKeys (ConfUtils.java:logGet(46)) - raft.server.storage.free-space.min = 0MB (=0) (default)
2022-06-16 16:19:22,391 [pool-362-thread-1] INFO  storage.RaftStorageDirectory (RaftStorageDirectoryImpl.java:analyzeStorage(135)) - The storage directory /home/runner/work/ozone/ozone/hadoop-ozone/integration-test/target/test-dir/MiniOzoneClusterImpl-3714a898-0fe0-42e2-9307-bd15e6fadcd3/datanode-2/data/ratis/d5f21dce-580b-4b61-8401-d1498762b26e does not exist. Creating ...
2022-06-16 16:19:22,396 [pool-362-thread-1] INFO  storage.RaftStorageDirectory (RaftStorageDirectoryImpl.java:tryLock(230)) - Lock on /home/runner/work/ozone/ozone/hadoop-ozone/integration-test/target/test-dir/MiniOzoneClusterImpl-3714a898-0fe0-42e2-9307-bd15e6fadcd3/datanode-2/data/ratis/d5f21dce-580b-4b61-8401-d1498762b26e/in_use.lock acquired by nodename 3861@fv-az37-268
2022-06-16 16:19:22,399 [pool-362-thread-1] INFO  storage.RaftStorage (RaftStorageImpl.java:format(89)) - Storage directory /home/runner/work/ozone/ozone/hadoop-ozone/integration-test/target/test-dir/MiniOzoneClusterImpl-3714a898-0fe0-42e2-9307-bd15e6fadcd3/datanode-2/data/ratis/d5f21dce-580b-4b61-8401-d1498762b26e has been successfully formatted.
2022-06-16 16:19:22,400 [pool-362-thread-1] INFO  ratis.ContainerStateMachine (ContainerStateMachine.java:loadSnapshot(236)) - group-D1498762B26E: The snapshot info is null. Setting the last applied indexto:(t:0, i:~)
2022-06-16 16:19:22,400 [pool-362-thread-1] INFO  server.RaftServerConfigKeys (ConfUtils.java:logGet(46)) - raft.server.notification.no-leader.timeout = 300s (custom)
2022-06-16 16:19:22,400 [pool-362-thread-1] INFO  server.RaftServerConfigKeys (ConfUtils.java:logGet(46)) - raft.server.log.use.memory = false (default)
2022-06-16 16:19:22,400 [pool-362-thread-1] INFO  server.RaftServerConfigKeys (ConfUtils.java:logGet(46)) - raft.server.log.purge.gap = 1000000 (custom)
2022-06-16 16:19:22,400 [pool-362-thread-1] INFO  server.RaftServerConfigKeys (ConfUtils.java:logGet(46)) - raft.server.log.appender.buffer.byte-limit = 33554432 (custom)
2022-06-16 16:19:22,400 [pool-362-thread-1] INFO  server.RaftServerConfigKeys (ConfUtils.java:logGet(46)) - raft.server.log.statemachine.data.read.timeout = 1000ms (default)
2022-06-16 16:19:22,400 [pool-362-thread-1] INFO  server.RaftServerConfigKeys (ConfUtils.java:logGet(46)) - raft.server.log.segment.size.max = 1048576 (custom)
2022-06-16 16:19:22,401 [pool-362-thread-1] INFO  server.RaftServerConfigKeys (ConfUtils.java:logGet(46)) - raft.server.log.segment.cache.num.max = 2 (custom)
2022-06-16 16:19:22,401 [pool-362-thread-1] INFO  server.RaftServerConfigKeys (ConfUtils.java:logGet(46)) - raft.server.log.segment.cache.size.max = 200MB (=209715200) (default)
2022-06-16 16:19:22,401 [pool-362-thread-1] INFO  segmented.SegmentedRaftLogWorker (SegmentedRaftLogWorker.java:<init>(187)) - new 5b838663-213a-4fbf-828e-9dfe1e385535@group-D1498762B26E-SegmentedRaftLogWorker for RaftStorageImpl:Storage Directory /home/runner/work/ozone/ozone/hadoop-ozone/integration-test/target/test-dir/MiniOzoneClusterImpl-3714a898-0fe0-42e2-9307-bd15e6fadcd3/datanode-2/data/ratis/d5f21dce-580b-4b61-8401-d1498762b26e
2022-06-16 16:19:22,401 [pool-362-thread-1] INFO  server.RaftServerConfigKeys (ConfUtils.java:logGet(46)) - raft.server.log.queue.byte-limit = 4294967296 (custom)
2022-06-16 16:19:22,401 [pool-362-thread-1] INFO  server.RaftServerConfigKeys (ConfUtils.java:logGet(46)) - raft.server.log.queue.element-limit = 1024 (custom)
2022-06-16 16:19:22,401 [pool-362-thread-1] INFO  server.RaftServerConfigKeys (ConfUtils.java:logGet(46)) - raft.server.log.segment.size.max = 1048576 (custom)
2022-06-16 16:19:22,401 [pool-362-thread-1] INFO  server.RaftServerConfigKeys (ConfUtils.java:logGet(46)) - raft.server.log.preallocated.size = 16384 (custom)
2022-06-16 16:19:22,401 [pool-362-thread-1] INFO  server.RaftServerConfigKeys (ConfUtils.java:logGet(46)) - raft.server.log.force.sync.num = 128 (default)
2022-06-16 16:19:22,401 [pool-362-thread-1] INFO  server.RaftServerConfigKeys (ConfUtils.java:logGet(46)) - raft.server.log.statemachine.data.sync = true (default)
2022-06-16 16:19:22,401 [pool-362-thread-1] INFO  server.RaftServerConfigKeys (ConfUtils.java:logGet(46)) - raft.server.log.statemachine.data.sync.timeout = 10s (default)
2022-06-16 16:19:22,401 [pool-362-thread-1] INFO  server.RaftServerConfigKeys (ConfUtils.java:logGet(46)) - raft.server.log.statemachine.data.sync.timeout.retry = -1 (default)
2022-06-16 16:19:22,402 [pool-362-thread-1] INFO  server.RaftServerConfigKeys (ConfUtils.java:logGet(46)) - raft.server.log.write.buffer.size = 1048576 (custom)
2022-06-16 16:19:22,403 [pool-362-thread-1] INFO  server.RaftServerConfigKeys (ConfUtils.java:logGet(46)) - raft.server.log.unsafe-flush.enabled = false (default)
2022-06-16 16:19:22,403 [pool-362-thread-1] INFO  server.RaftServerConfigKeys (ConfUtils.java:logGet(46)) - raft.server.log.statemachine.data.caching.enabled = true (custom)
2022-06-16 16:19:22,409 [pool-362-thread-1] INFO  segmented.SegmentedRaftLogWorker (SegmentedRaftLogWorker.java:lambda$new$0(135)) - 5b838663-213a-4fbf-828e-9dfe1e385535@group-D1498762B26E-SegmentedRaftLogWorker: flushIndex: setUnconditionally 0 -> -1
2022-06-16 16:19:22,409 [pool-362-thread-1] INFO  segmented.SegmentedRaftLogWorker (SegmentedRaftLogWorker.java:lambda$new$0(135)) - 5b838663-213a-4fbf-828e-9dfe1e385535@group-D1498762B26E-SegmentedRaftLogWorker: safeCacheEvictIndex: setUnconditionally 0 -> -1
2022-06-16 16:19:22,426 [pool-362-thread-1] INFO  server.RaftServerConfigKeys (ConfUtils.java:logGet(46)) - raft.server.snapshot.auto.trigger.enabled = true (custom)
2022-06-16 16:19:22,426 [pool-362-thread-1] INFO  server.RaftServerConfigKeys (ConfUtils.java:logGet(46)) - raft.server.snapshot.auto.trigger.threshold = 10000 (custom)
2022-06-16 16:19:22,426 [pool-362-thread-1] INFO  server.RaftServerConfigKeys (ConfUtils.java:logGet(46)) - raft.server.snapshot.retention.file.num = 5 (custom)
2022-06-16 16:19:22,426 [pool-362-thread-1] INFO  server.RaftServerConfigKeys (ConfUtils.java:logGet(46)) - raft.server.log.purge.upto.snapshot.index = false (default)
2022-06-16 16:19:22,426 [pool-362-thread-1] INFO  server.RaftServerConfigKeys (ConfUtils.java:logGet(46)) - raft.server.retrycache.expirytime = 600000ms (custom)
2022-06-16 16:19:22,426 [pool-362-thread-1] INFO  server.RaftServerConfigKeys (ConfUtils.java:logGet(46)) - raft.server.retrycache.statistics.expirytime = 100μs (default)
2022-06-16 16:19:22,427 [pool-362-thread-1] INFO  server.RaftServerConfigKeys (ConfUtils.java:logGet(46)) - raft.server.log.appender.install.snapshot.enabled = false (custom)
2022-06-16 16:19:22,427 [pool-362-thread-1] INFO  server.RaftServerConfigKeys (ConfUtils.java:logGet(46)) - raft.server.threadpool.server.cached = true (default)
2022-06-16 16:19:22,427 [pool-362-thread-1] INFO  server.RaftServerConfigKeys (ConfUtils.java:logGet(46)) - raft.server.threadpool.server.size = 0 (default)
2022-06-16 16:19:22,427 [pool-362-thread-1] INFO  server.RaftServerConfigKeys (ConfUtils.java:logGet(46)) - raft.server.threadpool.client.cached = true (default)
2022-06-16 16:19:22,428 [pool-362-thread-1] INFO  server.RaftServerConfigKeys (ConfUtils.java:logGet(46)) - raft.server.threadpool.client.size = 0 (default)
2022-06-16 16:19:22,428 [pool-362-thread-1] INFO  server.RaftServer$Division (RaftServerImpl.java:start(310)) - 5b838663-213a-4fbf-828e-9dfe1e385535@group-D1498762B26E: start as a follower, conf=-1: [e92161bb-36da-4024-83fa-f02433e9e8b4|rpc:10.1.0.16:37825|dataStream:|priority:1, f18629d0-4209-4076-ad9d-a135d0d60f56|rpc:10.1.0.16:43341|dataStream:|priority:0, 5b838663-213a-4fbf-828e-9dfe1e385535|rpc:10.1.0.16:33841|dataStream:|priority:0], old=null
2022-06-16 16:19:22,428 [pool-362-thread-1] INFO  server.RaftServer$Division (RaftServerImpl.java:setRole(299)) - 5b838663-213a-4fbf-828e-9dfe1e385535@group-D1498762B26E: changes role from      null to FOLLOWER at term 0 for startAsFollower
2022-06-16 16:19:22,428 [pool-362-thread-1] INFO  impl.RoleInfo (RoleInfo.java:updateAndGet(139)) - 5b838663-213a-4fbf-828e-9dfe1e385535: start 5b838663-213a-4fbf-828e-9dfe1e385535@group-D1498762B26E-FollowerState
2022-06-16 16:19:22,428 [pool-362-thread-1] INFO  util.JmxRegister (JmxRegister.java:tryRegister(44)) - Successfully registered JMX Bean with object name Ratis:service=RaftServer,group=group-D1498762B26E,id=5b838663-213a-4fbf-828e-9dfe1e385535
2022-06-16 16:19:22,482 [grpc-default-executor-0] INFO  server.RaftServer (RaftServerProxy.java:addNew(96)) - e92161bb-36da-4024-83fa-f02433e9e8b4: addNew group-D1498762B26E:[e92161bb-36da-4024-83fa-f02433e9e8b4|rpc:10.1.0.16:37825|dataStream:|priority:1, f18629d0-4209-4076-ad9d-a135d0d60f56|rpc:10.1.0.16:43341|dataStream:|priority:0, 5b838663-213a-4fbf-828e-9dfe1e385535|rpc:10.1.0.16:33841|dataStream:|priority:0] returns group-D1498762B26E:java.util.concurrent.CompletableFuture@3b93e569[Not completed]
2022-06-16 16:19:22,483 [pool-340-thread-1] INFO  server.RaftServer$Division (RaftServerImpl.java:<init>(190)) - e92161bb-36da-4024-83fa-f02433e9e8b4: new RaftServerImpl for group-D1498762B26E:[e92161bb-36da-4024-83fa-f02433e9e8b4|rpc:10.1.0.16:37825|dataStream:|priority:1, f18629d0-4209-4076-ad9d-a135d0d60f56|rpc:10.1.0.16:43341|dataStream:|priority:0, 5b838663-213a-4fbf-828e-9dfe1e385535|rpc:10.1.0.16:33841|dataStream:|priority:0] with ContainerStateMachine:uninitialized
2022-06-16 16:19:22,483 [pool-340-thread-1] INFO  server.RaftServerConfigKeys (ConfUtils.java:logGet(46)) - raft.server.rpc.timeout.min = 5s (custom)
2022-06-16 16:19:22,483 [pool-340-thread-1] INFO  server.RaftServerConfigKeys (ConfUtils.java:logGet(46)) - raft.server.rpc.timeout.max = 5200ms (custom)
2022-06-16 16:19:22,483 [pool-340-thread-1] INFO  server.RaftServerConfigKeys (ConfUtils.java:logGet(46)) - raft.server.rpc.sleep.time = 25ms (default)
2022-06-16 16:19:22,483 [pool-340-thread-1] INFO  server.RaftServerConfigKeys (ConfUtils.java:logGet(46)) - raft.server.rpc.slowness.timeout = 300s (custom)
2022-06-16 16:19:22,483 [pool-340-thread-1] INFO  server.RaftServerConfigKeys (ConfUtils.java:logGet(46)) - raft.server.leaderelection.leader.step-down.wait-time = 10s (default)
2022-06-16 16:19:22,483 [pool-340-thread-1] INFO  server.RaftServerConfigKeys (ConfUtils.java:logGet(46)) - raft.server.sleep.deviation.threshold = 300ms (default)
2022-06-16 16:19:22,483 [pool-340-thread-1] INFO  server.RaftServer$Division (ServerState.java:<init>(107)) - e92161bb-36da-4024-83fa-f02433e9e8b4@group-D1498762B26E: ConfigurationManager, init=-1: [e92161bb-36da-4024-83fa-f02433e9e8b4|rpc:10.1.0.16:37825|dataStream:|priority:1, f18629d0-4209-4076-ad9d-a135d0d60f56|rpc:10.1.0.16:43341|dataStream:|priority:0, 5b838663-213a-4fbf-828e-9dfe1e385535|rpc:10.1.0.16:33841|dataStream:|priority:0], old=null, confs=<EMPTY_MAP>
2022-06-16 16:19:22,484 [pool-340-thread-1] INFO  server.RaftServerConfigKeys (ConfUtils.java:logGet(46)) - raft.server.storage.dir = [/home/runner/work/ozone/ozone/hadoop-ozone/integration-test/target/test-dir/MiniOzoneClusterImpl-3714a898-0fe0-42e2-9307-bd15e6fadcd3/datanode-1/data/ratis] (custom)
2022-06-16 16:19:22,484 [pool-340-thread-1] INFO  server.RaftServerConfigKeys (ConfUtils.java:logGet(46)) - raft.server.log.corruption.policy = EXCEPTION (default)
2022-06-16 16:19:22,484 [pool-340-thread-1] INFO  server.RaftServerConfigKeys (ConfUtils.java:logGet(46)) - raft.server.storage.free-space.min = 0MB (=0) (default)
2022-06-16 16:19:22,484 [pool-340-thread-1] INFO  storage.RaftStorageDirectory (RaftStorageDirectoryImpl.java:analyzeStorage(135)) - The storage directory /home/runner/work/ozone/ozone/hadoop-ozone/integration-test/target/test-dir/MiniOzoneClusterImpl-3714a898-0fe0-42e2-9307-bd15e6fadcd3/datanode-1/data/ratis/d5f21dce-580b-4b61-8401-d1498762b26e does not exist. Creating ...
2022-06-16 16:19:22,485 [pool-340-thread-1] INFO  storage.RaftStorageDirectory (RaftStorageDirectoryImpl.java:tryLock(230)) - Lock on /home/runner/work/ozone/ozone/hadoop-ozone/integration-test/target/test-dir/MiniOzoneClusterImpl-3714a898-0fe0-42e2-9307-bd15e6fadcd3/datanode-1/data/ratis/d5f21dce-580b-4b61-8401-d1498762b26e/in_use.lock acquired by nodename 3861@fv-az37-268
2022-06-16 16:19:22,486 [pool-340-thread-1] INFO  storage.RaftStorage (RaftStorageImpl.java:format(89)) - Storage directory /home/runner/work/ozone/ozone/hadoop-ozone/integration-test/target/test-dir/MiniOzoneClusterImpl-3714a898-0fe0-42e2-9307-bd15e6fadcd3/datanode-1/data/ratis/d5f21dce-580b-4b61-8401-d1498762b26e has been successfully formatted.
2022-06-16 16:19:22,486 [pool-340-thread-1] INFO  ratis.ContainerStateMachine (ContainerStateMachine.java:loadSnapshot(236)) - group-D1498762B26E: The snapshot info is null. Setting the last applied indexto:(t:0, i:~)
2022-06-16 16:19:22,486 [pool-340-thread-1] INFO  server.RaftServerConfigKeys (ConfUtils.java:logGet(46)) - raft.server.notification.no-leader.timeout = 300s (custom)
2022-06-16 16:19:22,486 [pool-340-thread-1] INFO  server.RaftServerConfigKeys (ConfUtils.java:logGet(46)) - raft.server.log.use.memory = false (default)
2022-06-16 16:19:22,486 [pool-340-thread-1] INFO  server.RaftServerConfigKeys (ConfUtils.java:logGet(46)) - raft.server.log.purge.gap = 1000000 (custom)
2022-06-16 16:19:22,486 [pool-340-thread-1] INFO  server.RaftServerConfigKeys (ConfUtils.java:logGet(46)) - raft.server.log.appender.buffer.byte-limit = 33554432 (custom)
2022-06-16 16:19:22,487 [pool-340-thread-1] INFO  server.RaftServerConfigKeys (ConfUtils.java:logGet(46)) - raft.server.log.statemachine.data.read.timeout = 1000ms (default)
2022-06-16 16:19:22,487 [pool-340-thread-1] INFO  server.RaftServerConfigKeys (ConfUtils.java:logGet(46)) - raft.server.log.segment.size.max = 1048576 (custom)
2022-06-16 16:19:22,487 [pool-340-thread-1] INFO  server.RaftServerConfigKeys (ConfUtils.java:logGet(46)) - raft.server.log.segment.cache.num.max = 2 (custom)
2022-06-16 16:19:22,487 [pool-340-thread-1] INFO  server.RaftServerConfigKeys (ConfUtils.java:logGet(46)) - raft.server.log.segment.cache.size.max = 200MB (=209715200) (default)
2022-06-16 16:19:22,487 [pool-340-thread-1] INFO  segmented.SegmentedRaftLogWorker (SegmentedRaftLogWorker.java:<init>(187)) - new e92161bb-36da-4024-83fa-f02433e9e8b4@group-D1498762B26E-SegmentedRaftLogWorker for RaftStorageImpl:Storage Directory /home/runner/work/ozone/ozone/hadoop-ozone/integration-test/target/test-dir/MiniOzoneClusterImpl-3714a898-0fe0-42e2-9307-bd15e6fadcd3/datanode-1/data/ratis/d5f21dce-580b-4b61-8401-d1498762b26e
2022-06-16 16:19:22,487 [pool-340-thread-1] INFO  server.RaftServerConfigKeys (ConfUtils.java:logGet(46)) - raft.server.log.queue.byte-limit = 4294967296 (custom)
2022-06-16 16:19:22,487 [pool-340-thread-1] INFO  server.RaftServerConfigKeys (ConfUtils.java:logGet(46)) - raft.server.log.queue.element-limit = 1024 (custom)
2022-06-16 16:19:22,487 [pool-340-thread-1] INFO  server.RaftServerConfigKeys (ConfUtils.java:logGet(46)) - raft.server.log.segment.size.max = 1048576 (custom)
2022-06-16 16:19:22,487 [pool-340-thread-1] INFO  server.RaftServerConfigKeys (ConfUtils.java:logGet(46)) - raft.server.log.preallocated.size = 16384 (custom)
2022-06-16 16:19:22,487 [pool-340-thread-1] INFO  server.RaftServerConfigKeys (ConfUtils.java:logGet(46)) - raft.server.log.force.sync.num = 128 (default)
2022-06-16 16:19:22,487 [pool-340-thread-1] INFO  server.RaftServerConfigKeys (ConfUtils.java:logGet(46)) - raft.server.log.statemachine.data.sync = true (default)
2022-06-16 16:19:22,487 [pool-340-thread-1] INFO  server.RaftServerConfigKeys (ConfUtils.java:logGet(46)) - raft.server.log.statemachine.data.sync.timeout = 10s (default)
2022-06-16 16:19:22,487 [pool-340-thread-1] INFO  server.RaftServerConfigKeys (ConfUtils.java:logGet(46)) - raft.server.log.statemachine.data.sync.timeout.retry = -1 (default)
2022-06-16 16:19:22,488 [pool-340-thread-1] INFO  server.RaftServerConfigKeys (ConfUtils.java:logGet(46)) - raft.server.log.write.buffer.size = 1048576 (custom)
2022-06-16 16:19:22,489 [pool-340-thread-1] INFO  server.RaftServerConfigKeys (ConfUtils.java:logGet(46)) - raft.server.log.unsafe-flush.enabled = false (default)
2022-06-16 16:19:22,489 [pool-340-thread-1] INFO  server.RaftServerConfigKeys (ConfUtils.java:logGet(46)) - raft.server.log.statemachine.data.caching.enabled = true (custom)
2022-06-16 16:19:22,489 [pool-340-thread-1] INFO  segmented.SegmentedRaftLogWorker (SegmentedRaftLogWorker.java:lambda$new$0(135)) - e92161bb-36da-4024-83fa-f02433e9e8b4@group-D1498762B26E-SegmentedRaftLogWorker: flushIndex: setUnconditionally 0 -> -1
2022-06-16 16:19:22,489 [pool-340-thread-1] INFO  segmented.SegmentedRaftLogWorker (SegmentedRaftLogWorker.java:lambda$new$0(135)) - e92161bb-36da-4024-83fa-f02433e9e8b4@group-D1498762B26E-SegmentedRaftLogWorker: safeCacheEvictIndex: setUnconditionally 0 -> -1
2022-06-16 16:19:22,502 [pool-340-thread-1] INFO  server.RaftServerConfigKeys (ConfUtils.java:logGet(46)) - raft.server.snapshot.auto.trigger.enabled = true (custom)
2022-06-16 16:19:22,502 [pool-340-thread-1] INFO  server.RaftServerConfigKeys (ConfUtils.java:logGet(46)) - raft.server.snapshot.auto.trigger.threshold = 10000 (custom)
2022-06-16 16:19:22,502 [pool-340-thread-1] INFO  server.RaftServerConfigKeys (ConfUtils.java:logGet(46)) - raft.server.snapshot.retention.file.num = 5 (custom)
2022-06-16 16:19:22,502 [pool-340-thread-1] INFO  server.RaftServerConfigKeys (ConfUtils.java:logGet(46)) - raft.server.log.purge.upto.snapshot.index = false (default)
2022-06-16 16:19:22,502 [pool-340-thread-1] INFO  server.RaftServerConfigKeys (ConfUtils.java:logGet(46)) - raft.server.retrycache.expirytime = 600000ms (custom)
2022-06-16 16:19:22,502 [pool-340-thread-1] INFO  server.RaftServerConfigKeys (ConfUtils.java:logGet(46)) - raft.server.retrycache.statistics.expirytime = 100μs (default)
2022-06-16 16:19:22,503 [pool-340-thread-1] INFO  server.RaftServerConfigKeys (ConfUtils.java:logGet(46)) - raft.server.log.appender.install.snapshot.enabled = false (custom)
2022-06-16 16:19:22,503 [pool-340-thread-1] INFO  server.RaftServerConfigKeys (ConfUtils.java:logGet(46)) - raft.server.threadpool.server.cached = true (default)
2022-06-16 16:19:22,503 [pool-340-thread-1] INFO  server.RaftServerConfigKeys (ConfUtils.java:logGet(46)) - raft.server.threadpool.server.size = 0 (default)
2022-06-16 16:19:22,503 [pool-340-thread-1] INFO  server.RaftServerConfigKeys (ConfUtils.java:logGet(46)) - raft.server.threadpool.client.cached = true (default)
2022-06-16 16:19:22,503 [pool-340-thread-1] INFO  server.RaftServerConfigKeys (ConfUtils.java:logGet(46)) - raft.server.threadpool.client.size = 0 (default)
2022-06-16 16:19:22,503 [pool-340-thread-1] INFO  server.RaftServer$Division (RaftServerImpl.java:start(310)) - e92161bb-36da-4024-83fa-f02433e9e8b4@group-D1498762B26E: start as a follower, conf=-1: [e92161bb-36da-4024-83fa-f02433e9e8b4|rpc:10.1.0.16:37825|dataStream:|priority:1, f18629d0-4209-4076-ad9d-a135d0d60f56|rpc:10.1.0.16:43341|dataStream:|priority:0, 5b838663-213a-4fbf-828e-9dfe1e385535|rpc:10.1.0.16:33841|dataStream:|priority:0], old=null
2022-06-16 16:19:22,503 [pool-340-thread-1] INFO  server.RaftServer$Division (RaftServerImpl.java:setRole(299)) - e92161bb-36da-4024-83fa-f02433e9e8b4@group-D1498762B26E: changes role from      null to FOLLOWER at term 0 for startAsFollower
2022-06-16 16:19:22,504 [pool-340-thread-1] INFO  impl.RoleInfo (RoleInfo.java:updateAndGet(139)) - e92161bb-36da-4024-83fa-f02433e9e8b4: start e92161bb-36da-4024-83fa-f02433e9e8b4@group-D1498762B26E-FollowerState
2022-06-16 16:19:22,526 [pool-340-thread-1] INFO  util.JmxRegister (JmxRegister.java:tryRegister(44)) - Successfully registered JMX Bean with object name Ratis:service=RaftServer,group=group-D1498762B26E,id=e92161bb-36da-4024-83fa-f02433e9e8b4
2022-06-16 16:19:22,559 [Command processor thread] INFO  commandhandler.CreatePipelineCommandHandler (CreatePipelineCommandHandler.java:handle(113)) - Created Pipeline RATIS THREE PipelineID=d5f21dce-580b-4b61-8401-d1498762b26e.
2022-06-16 16:19:22,682 [Command processor thread] INFO  server.RaftServer (RaftServerProxy.java:addNew(96)) - e92161bb-36da-4024-83fa-f02433e9e8b4: addNew group-D9406C3F92FA:[e92161bb-36da-4024-83fa-f02433e9e8b4|rpc:10.1.0.16:37825|priority:1] returns group-D9406C3F92FA:java.util.concurrent.CompletableFuture@59ecf075[Not completed]
2022-06-16 16:19:22,683 [pool-340-thread-1] INFO  server.RaftServer$Division (RaftServerImpl.java:<init>(190)) - e92161bb-36da-4024-83fa-f02433e9e8b4: new RaftServerImpl for group-D9406C3F92FA:[e92161bb-36da-4024-83fa-f02433e9e8b4|rpc:10.1.0.16:37825|priority:1] with ContainerStateMachine:uninitialized
2022-06-16 16:19:22,683 [pool-340-thread-1] INFO  server.RaftServerConfigKeys (ConfUtils.java:logGet(46)) - raft.server.rpc.timeout.min = 5s (custom)
2022-06-16 16:19:22,683 [pool-340-thread-1] INFO  server.RaftServerConfigKeys (ConfUtils.java:logGet(46)) - raft.server.rpc.timeout.max = 5200ms (custom)
2022-06-16 16:19:22,683 [pool-340-thread-1] INFO  server.RaftServerConfigKeys (ConfUtils.java:logGet(46)) - raft.server.rpc.sleep.time = 25ms (default)
2022-06-16 16:19:22,683 [pool-340-thread-1] INFO  server.RaftServerConfigKeys (ConfUtils.java:logGet(46)) - raft.server.rpc.slowness.timeout = 300s (custom)
2022-06-16 16:19:22,683 [pool-340-thread-1] INFO  server.RaftServerConfigKeys (ConfUtils.java:logGet(46)) - raft.server.leaderelection.leader.step-down.wait-time = 10s (default)
2022-06-16 16:19:22,683 [pool-340-thread-1] INFO  server.RaftServerConfigKeys (ConfUtils.java:logGet(46)) - raft.server.sleep.deviation.threshold = 300ms (default)
2022-06-16 16:19:22,684 [pool-340-thread-1] INFO  server.RaftServer$Division (ServerState.java:<init>(107)) - e92161bb-36da-4024-83fa-f02433e9e8b4@group-D9406C3F92FA: ConfigurationManager, init=-1: [e92161bb-36da-4024-83fa-f02433e9e8b4|rpc:10.1.0.16:37825|priority:1], old=null, confs=<EMPTY_MAP>
2022-06-16 16:19:22,684 [pool-340-thread-1] INFO  server.RaftServerConfigKeys (ConfUtils.java:logGet(46)) - raft.server.storage.dir = [/home/runner/work/ozone/ozone/hadoop-ozone/integration-test/target/test-dir/MiniOzoneClusterImpl-3714a898-0fe0-42e2-9307-bd15e6fadcd3/datanode-1/data/ratis] (custom)
2022-06-16 16:19:22,684 [pool-340-thread-1] INFO  server.RaftServerConfigKeys (ConfUtils.java:logGet(46)) - raft.server.log.corruption.policy = EXCEPTION (default)
2022-06-16 16:19:22,684 [pool-340-thread-1] INFO  server.RaftServerConfigKeys (ConfUtils.java:logGet(46)) - raft.server.storage.free-space.min = 0MB (=0) (default)
2022-06-16 16:19:22,684 [pool-340-thread-1] INFO  storage.RaftStorageDirectory (RaftStorageDirectoryImpl.java:analyzeStorage(135)) - The storage directory /home/runner/work/ozone/ozone/hadoop-ozone/integration-test/target/test-dir/MiniOzoneClusterImpl-3714a898-0fe0-42e2-9307-bd15e6fadcd3/datanode-1/data/ratis/a68e8910-e7af-4cf9-bc49-d9406c3f92fa does not exist. Creating ...
2022-06-16 16:19:22,686 [pool-340-thread-1] INFO  storage.RaftStorageDirectory (RaftStorageDirectoryImpl.java:tryLock(230)) - Lock on /home/runner/work/ozone/ozone/hadoop-ozone/integration-test/target/test-dir/MiniOzoneClusterImpl-3714a898-0fe0-42e2-9307-bd15e6fadcd3/datanode-1/data/ratis/a68e8910-e7af-4cf9-bc49-d9406c3f92fa/in_use.lock acquired by nodename 3861@fv-az37-268
2022-06-16 16:19:22,687 [pool-340-thread-1] INFO  storage.RaftStorage (RaftStorageImpl.java:format(89)) - Storage directory /home/runner/work/ozone/ozone/hadoop-ozone/integration-test/target/test-dir/MiniOzoneClusterImpl-3714a898-0fe0-42e2-9307-bd15e6fadcd3/datanode-1/data/ratis/a68e8910-e7af-4cf9-bc49-d9406c3f92fa has been successfully formatted.
2022-06-16 16:19:22,687 [pool-340-thread-1] INFO  ratis.ContainerStateMachine (ContainerStateMachine.java:loadSnapshot(236)) - group-D9406C3F92FA: The snapshot info is null. Setting the last applied indexto:(t:0, i:~)
2022-06-16 16:19:22,687 [pool-340-thread-1] INFO  server.RaftServerConfigKeys (ConfUtils.java:logGet(46)) - raft.server.notification.no-leader.timeout = 300s (custom)
2022-06-16 16:19:22,687 [pool-340-thread-1] INFO  server.RaftServerConfigKeys (ConfUtils.java:logGet(46)) - raft.server.log.use.memory = false (default)
2022-06-16 16:19:22,687 [pool-340-thread-1] INFO  server.RaftServerConfigKeys (ConfUtils.java:logGet(46)) - raft.server.log.purge.gap = 1000000 (custom)
2022-06-16 16:19:22,687 [pool-340-thread-1] INFO  server.RaftServerConfigKeys (ConfUtils.java:logGet(46)) - raft.server.log.appender.buffer.byte-limit = 33554432 (custom)
2022-06-16 16:19:22,687 [pool-340-thread-1] INFO  server.RaftServerConfigKeys (ConfUtils.java:logGet(46)) - raft.server.log.statemachine.data.read.timeout = 1000ms (default)
2022-06-16 16:19:22,688 [pool-340-thread-1] INFO  server.RaftServerConfigKeys (ConfUtils.java:logGet(46)) - raft.server.log.segment.size.max = 1048576 (custom)
2022-06-16 16:19:22,688 [pool-340-thread-1] INFO  server.RaftServerConfigKeys (ConfUtils.java:logGet(46)) - raft.server.log.segment.cache.num.max = 2 (custom)
2022-06-16 16:19:22,688 [pool-340-thread-1] INFO  server.RaftServerConfigKeys (ConfUtils.java:logGet(46)) - raft.server.log.segment.cache.size.max = 200MB (=209715200) (default)
2022-06-16 16:19:22,688 [pool-340-thread-1] INFO  segmented.SegmentedRaftLogWorker (SegmentedRaftLogWorker.java:<init>(187)) - new e92161bb-36da-4024-83fa-f02433e9e8b4@group-D9406C3F92FA-SegmentedRaftLogWorker for RaftStorageImpl:Storage Directory /home/runner/work/ozone/ozone/hadoop-ozone/integration-test/target/test-dir/MiniOzoneClusterImpl-3714a898-0fe0-42e2-9307-bd15e6fadcd3/datanode-1/data/ratis/a68e8910-e7af-4cf9-bc49-d9406c3f92fa
2022-06-16 16:19:22,688 [pool-340-thread-1] INFO  server.RaftServerConfigKeys (ConfUtils.java:logGet(46)) - raft.server.log.queue.byte-limit = 4294967296 (custom)
2022-06-16 16:19:22,688 [pool-340-thread-1] INFO  server.RaftServerConfigKeys (ConfUtils.java:logGet(46)) - raft.server.log.queue.element-limit = 1024 (custom)
2022-06-16 16:19:22,688 [pool-340-thread-1] INFO  server.RaftServerConfigKeys (ConfUtils.java:logGet(46)) - raft.server.log.segment.size.max = 1048576 (custom)
2022-06-16 16:19:22,688 [pool-340-thread-1] INFO  server.RaftServerConfigKeys (ConfUtils.java:logGet(46)) - raft.server.log.preallocated.size = 16384 (custom)
2022-06-16 16:19:22,688 [pool-340-thread-1] INFO  server.RaftServerConfigKeys (ConfUtils.java:logGet(46)) - raft.server.log.force.sync.num = 128 (default)
2022-06-16 16:19:22,688 [pool-340-thread-1] INFO  server.RaftServerConfigKeys (ConfUtils.java:logGet(46)) - raft.server.log.statemachine.data.sync = true (default)
2022-06-16 16:19:22,688 [pool-340-thread-1] INFO  server.RaftServerConfigKeys (ConfUtils.java:logGet(46)) - raft.server.log.statemachine.data.sync.timeout = 10s (default)
2022-06-16 16:19:22,688 [pool-340-thread-1] INFO  server.RaftServerConfigKeys (ConfUtils.java:logGet(46)) - raft.server.log.statemachine.data.sync.timeout.retry = -1 (default)
2022-06-16 16:19:22,689 [EventQueue-PipelineReportForPipelineReportHandler] INFO  pipeline.PipelineManagerImpl (PipelineManagerImpl.java:openPipeline(356)) - Pipeline Pipeline[ Id: a68e8910-e7af-4cf9-bc49-d9406c3f92fa, Nodes: e92161bb-36da-4024-83fa-f02433e9e8b4{ip: 10.1.0.16, host: fv-az37-268.zqe2tmcsx5vuvjs3sdc4q2yfud.gx.internal.cloudapp.net, ports: [REPLICATION=36981, RATIS=37825, RATIS_ADMIN=37825, RATIS_SERVER=37825, STANDALONE=35063], networkLocation: /default-rack, certSerialId: null, persistedOpState: IN_SERVICE, persistedOpStateExpiryEpochSec: 0}, ReplicationConfig: RATIS/ONE, State:ALLOCATED, leaderId:e92161bb-36da-4024-83fa-f02433e9e8b4, CreationTimestamp2022-06-16T16:19:19.718Z[Etc/UTC]] moved to OPEN state
2022-06-16 16:19:22,689 [pool-340-thread-1] INFO  server.RaftServerConfigKeys (ConfUtils.java:logGet(46)) - raft.server.log.write.buffer.size = 1048576 (custom)
2022-06-16 16:19:22,689 [EventQueue-OpenPipelineForHealthyPipelineSafeModeRule] INFO  safemode.SCMSafeModeManager (HealthyPipelineSafeModeRule.java:process(124)) - SCM in safe mode. Healthy pipelines reported count is 0, required healthy pipeline reported count is 1
2022-06-16 16:19:22,690 [pool-340-thread-1] INFO  server.RaftServerConfigKeys (ConfUtils.java:logGet(46)) - raft.server.log.unsafe-flush.enabled = false (default)
2022-06-16 16:19:22,690 [pool-340-thread-1] INFO  server.RaftServerConfigKeys (ConfUtils.java:logGet(46)) - raft.server.log.statemachine.data.caching.enabled = true (custom)
2022-06-16 16:19:22,690 [pool-340-thread-1] INFO  segmented.SegmentedRaftLogWorker (SegmentedRaftLogWorker.java:lambda$new$0(135)) - e92161bb-36da-4024-83fa-f02433e9e8b4@group-D9406C3F92FA-SegmentedRaftLogWorker: flushIndex: setUnconditionally 0 -> -1
2022-06-16 16:19:22,690 [pool-340-thread-1] INFO  segmented.SegmentedRaftLogWorker (SegmentedRaftLogWorker.java:lambda$new$0(135)) - e92161bb-36da-4024-83fa-f02433e9e8b4@group-D9406C3F92FA-SegmentedRaftLogWorker: safeCacheEvictIndex: setUnconditionally 0 -> -1
2022-06-16 16:19:22,706 [pool-340-thread-1] INFO  server.RaftServerConfigKeys (ConfUtils.java:logGet(46)) - raft.server.snapshot.auto.trigger.enabled = true (custom)
2022-06-16 16:19:22,706 [pool-340-thread-1] INFO  server.RaftServerConfigKeys (ConfUtils.java:logGet(46)) - raft.server.snapshot.auto.trigger.threshold = 10000 (custom)
2022-06-16 16:19:22,706 [pool-340-thread-1] INFO  server.RaftServerConfigKeys (ConfUtils.java:logGet(46)) - raft.server.snapshot.retention.file.num = 5 (custom)
2022-06-16 16:19:22,706 [pool-340-thread-1] INFO  server.RaftServerConfigKeys (ConfUtils.java:logGet(46)) - raft.server.log.purge.upto.snapshot.index = false (default)
2022-06-16 16:19:22,706 [pool-340-thread-1] INFO  server.RaftServerConfigKeys (ConfUtils.java:logGet(46)) - raft.server.retrycache.expirytime = 600000ms (custom)
2022-06-16 16:19:22,706 [pool-340-thread-1] INFO  server.RaftServerConfigKeys (ConfUtils.java:logGet(46)) - raft.server.retrycache.statistics.expirytime = 100μs (default)
2022-06-16 16:19:22,707 [pool-340-thread-1] INFO  server.RaftServerConfigKeys (ConfUtils.java:logGet(46)) - raft.server.log.appender.install.snapshot.enabled = false (custom)
2022-06-16 16:19:22,707 [pool-340-thread-1] INFO  server.RaftServerConfigKeys (ConfUtils.java:logGet(46)) - raft.server.threadpool.server.cached = true (default)
2022-06-16 16:19:22,707 [pool-340-thread-1] INFO  server.RaftServerConfigKeys (ConfUtils.java:logGet(46)) - raft.server.threadpool.server.size = 0 (default)
2022-06-16 16:19:22,707 [pool-340-thread-1] INFO  server.RaftServerConfigKeys (ConfUtils.java:logGet(46)) - raft.server.threadpool.client.cached = true (default)
2022-06-16 16:19:22,707 [pool-340-thread-1] INFO  server.RaftServerConfigKeys (ConfUtils.java:logGet(46)) - raft.server.threadpool.client.size = 0 (default)
2022-06-16 16:19:22,707 [pool-340-thread-1] INFO  server.RaftServer$Division (RaftServerImpl.java:start(310)) - e92161bb-36da-4024-83fa-f02433e9e8b4@group-D9406C3F92FA: start as a follower, conf=-1: [e92161bb-36da-4024-83fa-f02433e9e8b4|rpc:10.1.0.16:37825|priority:1], old=null
2022-06-16 16:19:22,707 [pool-340-thread-1] INFO  server.RaftServer$Division (RaftServerImpl.java:setRole(299)) - e92161bb-36da-4024-83fa-f02433e9e8b4@group-D9406C3F92FA: changes role from      null to FOLLOWER at term 0 for startAsFollower
2022-06-16 16:19:22,707 [pool-340-thread-1] INFO  impl.RoleInfo (RoleInfo.java:updateAndGet(139)) - e92161bb-36da-4024-83fa-f02433e9e8b4: start e92161bb-36da-4024-83fa-f02433e9e8b4@group-D9406C3F92FA-FollowerState
2022-06-16 16:19:22,714 [pool-340-thread-1] INFO  util.JmxRegister (JmxRegister.java:tryRegister(44)) - Successfully registered JMX Bean with object name Ratis:service=RaftServer,group=group-D9406C3F92FA,id=e92161bb-36da-4024-83fa-f02433e9e8b4
2022-06-16 16:19:22,722 [Command processor thread] INFO  ratis.XceiverServerRatis (XceiverServerRatis.java:addGroup(765)) - Created group PipelineID=a68e8910-e7af-4cf9-bc49-d9406c3f92fa
2022-06-16 16:19:22,722 [Command processor thread] INFO  commandhandler.CreatePipelineCommandHandler (CreatePipelineCommandHandler.java:handle(113)) - Created Pipeline RATIS ONE PipelineID=a68e8910-e7af-4cf9-bc49-d9406c3f92fa.
2022-06-16 16:19:23,160 [Listener at 127.0.0.1/34065] INFO  ozone.MiniOzoneClusterImpl (MiniOzoneClusterImpl.java:lambda$waitForClusterToBeReady$0(221)) - Nodes are ready. Got 5 of 5 DN Heartbeats.
2022-06-16 16:19:23,160 [Listener at 127.0.0.1/34065] INFO  ozone.MiniOzoneClusterImpl (MiniOzoneClusterImpl.java:lambda$waitForClusterToBeReady$0(224)) - Waiting for cluster to exit safe mode
2022-06-16 16:19:23,160 [Listener at 127.0.0.1/34065] INFO  ozone.MiniOzoneClusterImpl (MiniOzoneClusterImpl.java:lambda$waitForClusterToBeReady$0(226)) - SCM became leader
2022-06-16 16:19:23,463 [Command processor thread] INFO  server.RaftServer (RaftServerProxy.java:addNew(96)) - 5b838663-213a-4fbf-828e-9dfe1e385535: addNew group-8C76644EA4AF:[5b838663-213a-4fbf-828e-9dfe1e385535|rpc:10.1.0.16:33841|priority:1] returns group-8C76644EA4AF:java.util.concurrent.CompletableFuture@4b6408f9[Not completed]
2022-06-16 16:19:23,463 [pool-362-thread-1] INFO  server.RaftServer$Division (RaftServerImpl.java:<init>(190)) - 5b838663-213a-4fbf-828e-9dfe1e385535: new RaftServerImpl for group-8C76644EA4AF:[5b838663-213a-4fbf-828e-9dfe1e385535|rpc:10.1.0.16:33841|priority:1] with ContainerStateMachine:uninitialized
2022-06-16 16:19:23,464 [pool-362-thread-1] INFO  server.RaftServerConfigKeys (ConfUtils.java:logGet(46)) - raft.server.rpc.timeout.min = 5s (custom)
2022-06-16 16:19:23,464 [pool-362-thread-1] INFO  server.RaftServerConfigKeys (ConfUtils.java:logGet(46)) - raft.server.rpc.timeout.max = 5200ms (custom)
2022-06-16 16:19:23,464 [pool-362-thread-1] INFO  server.RaftServerConfigKeys (ConfUtils.java:logGet(46)) - raft.server.rpc.sleep.time = 25ms (default)
2022-06-16 16:19:23,464 [pool-362-thread-1] INFO  server.RaftServerConfigKeys (ConfUtils.java:logGet(46)) - raft.server.rpc.slowness.timeout = 300s (custom)
2022-06-16 16:19:23,464 [pool-362-thread-1] INFO  server.RaftServerConfigKeys (ConfUtils.java:logGet(46)) - raft.server.leaderelection.leader.step-down.wait-time = 10s (default)
2022-06-16 16:19:23,464 [pool-362-thread-1] INFO  server.RaftServerConfigKeys (ConfUtils.java:logGet(46)) - raft.server.sleep.deviation.threshold = 300ms (default)
2022-06-16 16:19:23,464 [pool-362-thread-1] INFO  server.RaftServer$Division (ServerState.java:<init>(107)) - 5b838663-213a-4fbf-828e-9dfe1e385535@group-8C76644EA4AF: ConfigurationManager, init=-1: [5b838663-213a-4fbf-828e-9dfe1e385535|rpc:10.1.0.16:33841|priority:1], old=null, confs=<EMPTY_MAP>
2022-06-16 16:19:23,464 [pool-362-thread-1] INFO  server.RaftServerConfigKeys (ConfUtils.java:logGet(46)) - raft.server.storage.dir = [/home/runner/work/ozone/ozone/hadoop-ozone/integration-test/target/test-dir/MiniOzoneClusterImpl-3714a898-0fe0-42e2-9307-bd15e6fadcd3/datanode-2/data/ratis] (custom)
2022-06-16 16:19:23,464 [pool-362-thread-1] INFO  server.RaftServerConfigKeys (ConfUtils.java:logGet(46)) - raft.server.log.corruption.policy = EXCEPTION (default)
2022-06-16 16:19:23,464 [pool-362-thread-1] INFO  server.RaftServerConfigKeys (ConfUtils.java:logGet(46)) - raft.server.storage.free-space.min = 0MB (=0) (default)
2022-06-16 16:19:23,464 [pool-362-thread-1] INFO  storage.RaftStorageDirectory (RaftStorageDirectoryImpl.java:analyzeStorage(135)) - The storage directory /home/runner/work/ozone/ozone/hadoop-ozone/integration-test/target/test-dir/MiniOzoneClusterImpl-3714a898-0fe0-42e2-9307-bd15e6fadcd3/datanode-2/data/ratis/7696c223-00c6-42a6-9c26-8c76644ea4af does not exist. Creating ...
2022-06-16 16:19:23,468 [pool-362-thread-1] INFO  storage.RaftStorageDirectory (RaftStorageDirectoryImpl.java:tryLock(230)) - Lock on /home/runner/work/ozone/ozone/hadoop-ozone/integration-test/target/test-dir/MiniOzoneClusterImpl-3714a898-0fe0-42e2-9307-bd15e6fadcd3/datanode-2/data/ratis/7696c223-00c6-42a6-9c26-8c76644ea4af/in_use.lock acquired by nodename 3861@fv-az37-268
2022-06-16 16:19:23,469 [pool-362-thread-1] INFO  storage.RaftStorage (RaftStorageImpl.java:format(89)) - Storage directory /home/runner/work/ozone/ozone/hadoop-ozone/integration-test/target/test-dir/MiniOzoneClusterImpl-3714a898-0fe0-42e2-9307-bd15e6fadcd3/datanode-2/data/ratis/7696c223-00c6-42a6-9c26-8c76644ea4af has been successfully formatted.
2022-06-16 16:19:23,469 [pool-362-thread-1] INFO  ratis.ContainerStateMachine (ContainerStateMachine.java:loadSnapshot(236)) - group-8C76644EA4AF: The snapshot info is null. Setting the last applied indexto:(t:0, i:~)
2022-06-16 16:19:23,470 [pool-362-thread-1] INFO  server.RaftServerConfigKeys (ConfUtils.java:logGet(46)) - raft.server.notification.no-leader.timeout = 300s (custom)
2022-06-16 16:19:23,470 [pool-362-thread-1] INFO  server.RaftServerConfigKeys (ConfUtils.java:logGet(46)) - raft.server.log.use.memory = false (default)
2022-06-16 16:19:23,470 [pool-362-thread-1] INFO  server.RaftServerConfigKeys (ConfUtils.java:logGet(46)) - raft.server.log.purge.gap = 1000000 (custom)
2022-06-16 16:19:23,470 [pool-362-thread-1] INFO  server.RaftServerConfigKeys (ConfUtils.java:logGet(46)) - raft.server.log.appender.buffer.byte-limit = 33554432 (custom)
2022-06-16 16:19:23,470 [pool-362-thread-1] INFO  server.RaftServerConfigKeys (ConfUtils.java:logGet(46)) - raft.server.log.statemachine.data.read.timeout = 1000ms (default)
2022-06-16 16:19:23,471 [EventQueue-PipelineReportForPipelineReportHandler] INFO  pipeline.PipelineManagerImpl (PipelineManagerImpl.java:openPipeline(356)) - Pipeline Pipeline[ Id: 7696c223-00c6-42a6-9c26-8c76644ea4af, Nodes: 5b838663-213a-4fbf-828e-9dfe1e385535{ip: 10.1.0.16, host: fv-az37-268.zqe2tmcsx5vuvjs3sdc4q2yfud.gx.internal.cloudapp.net, ports: [REPLICATION=45579, RATIS=33841, RATIS_ADMIN=33841, RATIS_SERVER=33841, STANDALONE=35121], networkLocation: /default-rack, certSerialId: null, persistedOpState: IN_SERVICE, persistedOpStateExpiryEpochSec: 0}, ReplicationConfig: RATIS/ONE, State:ALLOCATED, leaderId:5b838663-213a-4fbf-828e-9dfe1e385535, CreationTimestamp2022-06-16T16:19:20.464Z[Etc/UTC]] moved to OPEN state
2022-06-16 16:19:23,471 [EventQueue-OpenPipelineForHealthyPipelineSafeModeRule] INFO  safemode.SCMSafeModeManager (HealthyPipelineSafeModeRule.java:process(124)) - SCM in safe mode. Healthy pipelines reported count is 0, required healthy pipeline reported count is 1
2022-06-16 16:19:23,474 [pool-362-thread-1] INFO  server.RaftServerConfigKeys (ConfUtils.java:logGet(46)) - raft.server.log.segment.size.max = 1048576 (custom)
2022-06-16 16:19:23,474 [pool-362-thread-1] INFO  server.RaftServerConfigKeys (ConfUtils.java:logGet(46)) - raft.server.log.segment.cache.num.max = 2 (custom)
2022-06-16 16:19:23,474 [pool-362-thread-1] INFO  server.RaftServerConfigKeys (ConfUtils.java:logGet(46)) - raft.server.log.segment.cache.size.max = 200MB (=209715200) (default)
2022-06-16 16:19:23,474 [pool-362-thread-1] INFO  segmented.SegmentedRaftLogWorker (SegmentedRaftLogWorker.java:<init>(187)) - new 5b838663-213a-4fbf-828e-9dfe1e385535@group-8C76644EA4AF-SegmentedRaftLogWorker for RaftStorageImpl:Storage Directory /home/runner/work/ozone/ozone/hadoop-ozone/integration-test/target/test-dir/MiniOzoneClusterImpl-3714a898-0fe0-42e2-9307-bd15e6fadcd3/datanode-2/data/ratis/7696c223-00c6-42a6-9c26-8c76644ea4af
2022-06-16 16:19:23,474 [pool-362-thread-1] INFO  server.RaftServerConfigKeys (ConfUtils.java:logGet(46)) - raft.server.log.queue.byte-limit = 4294967296 (custom)
2022-06-16 16:19:23,475 [pool-362-thread-1] INFO  server.RaftServerConfigKeys (ConfUtils.java:logGet(46)) - raft.server.log.queue.element-limit = 1024 (custom)
2022-06-16 16:19:23,475 [pool-362-thread-1] INFO  server.RaftServerConfigKeys (ConfUtils.java:logGet(46)) - raft.server.log.segment.size.max = 1048576 (custom)
2022-06-16 16:19:23,475 [pool-362-thread-1] INFO  server.RaftServerConfigKeys (ConfUtils.java:logGet(46)) - raft.server.log.preallocated.size = 16384 (custom)
2022-06-16 16:19:23,475 [pool-362-thread-1] INFO  server.RaftServerConfigKeys (ConfUtils.java:logGet(46)) - raft.server.log.force.sync.num = 128 (default)
2022-06-16 16:19:23,475 [pool-362-thread-1] INFO  server.RaftServerConfigKeys (ConfUtils.java:logGet(46)) - raft.server.log.statemachine.data.sync = true (default)
2022-06-16 16:19:23,475 [pool-362-thread-1] INFO  server.RaftServerConfigKeys (ConfUtils.java:logGet(46)) - raft.server.log.statemachine.data.sync.timeout = 10s (default)
2022-06-16 16:19:23,475 [pool-362-thread-1] INFO  server.RaftServerConfigKeys (ConfUtils.java:logGet(46)) - raft.server.log.statemachine.data.sync.timeout.retry = -1 (default)
2022-06-16 16:19:23,476 [pool-362-thread-1] INFO  server.RaftServerConfigKeys (ConfUtils.java:logGet(46)) - raft.server.log.write.buffer.size = 1048576 (custom)
2022-06-16 16:19:23,476 [pool-362-thread-1] INFO  server.RaftServerConfigKeys (ConfUtils.java:logGet(46)) - raft.server.log.unsafe-flush.enabled = false (default)
2022-06-16 16:19:23,476 [pool-362-thread-1] INFO  server.RaftServerConfigKeys (ConfUtils.java:logGet(46)) - raft.server.log.statemachine.data.caching.enabled = true (custom)
2022-06-16 16:19:23,476 [pool-362-thread-1] INFO  segmented.SegmentedRaftLogWorker (SegmentedRaftLogWorker.java:lambda$new$0(135)) - 5b838663-213a-4fbf-828e-9dfe1e385535@group-8C76644EA4AF-SegmentedRaftLogWorker: flushIndex: setUnconditionally 0 -> -1
2022-06-16 16:19:23,476 [pool-362-thread-1] INFO  segmented.SegmentedRaftLogWorker (SegmentedRaftLogWorker.java:lambda$new$0(135)) - 5b838663-213a-4fbf-828e-9dfe1e385535@group-8C76644EA4AF-SegmentedRaftLogWorker: safeCacheEvictIndex: setUnconditionally 0 -> -1
2022-06-16 16:19:23,486 [pool-362-thread-1] INFO  server.RaftServerConfigKeys (ConfUtils.java:logGet(46)) - raft.server.snapshot.auto.trigger.enabled = true (custom)
2022-06-16 16:19:23,486 [pool-362-thread-1] INFO  server.RaftServerConfigKeys (ConfUtils.java:logGet(46)) - raft.server.snapshot.auto.trigger.threshold = 10000 (custom)
2022-06-16 16:19:23,486 [pool-362-thread-1] INFO  server.RaftServerConfigKeys (ConfUtils.java:logGet(46)) - raft.server.snapshot.retention.file.num = 5 (custom)
2022-06-16 16:19:23,486 [pool-362-thread-1] INFO  server.RaftServerConfigKeys (ConfUtils.java:logGet(46)) - raft.server.log.purge.upto.snapshot.index = false (default)
2022-06-16 16:19:23,486 [pool-362-thread-1] INFO  server.RaftServerConfigKeys (ConfUtils.java:logGet(46)) - raft.server.retrycache.expirytime = 600000ms (custom)
2022-06-16 16:19:23,486 [pool-362-thread-1] INFO  server.RaftServerConfigKeys (ConfUtils.java:logGet(46)) - raft.server.retrycache.statistics.expirytime = 100μs (default)
2022-06-16 16:19:23,487 [pool-362-thread-1] INFO  server.RaftServerConfigKeys (ConfUtils.java:logGet(46)) - raft.server.log.appender.install.snapshot.enabled = false (custom)
2022-06-16 16:19:23,488 [pool-362-thread-1] INFO  server.RaftServerConfigKeys (ConfUtils.java:logGet(46)) - raft.server.threadpool.server.cached = true (default)
2022-06-16 16:19:23,488 [pool-362-thread-1] INFO  server.RaftServerConfigKeys (ConfUtils.java:logGet(46)) - raft.server.threadpool.server.size = 0 (default)
2022-06-16 16:19:23,488 [pool-362-thread-1] INFO  server.RaftServerConfigKeys (ConfUtils.java:logGet(46)) - raft.server.threadpool.client.cached = true (default)
2022-06-16 16:19:23,488 [pool-362-thread-1] INFO  server.RaftServerConfigKeys (ConfUtils.java:logGet(46)) - raft.server.threadpool.client.size = 0 (default)
2022-06-16 16:19:23,488 [pool-362-thread-1] INFO  server.RaftServer$Division (RaftServerImpl.java:start(310)) - 5b838663-213a-4fbf-828e-9dfe1e385535@group-8C76644EA4AF: start as a follower, conf=-1: [5b838663-213a-4fbf-828e-9dfe1e385535|rpc:10.1.0.16:33841|priority:1], old=null
2022-06-16 16:19:23,488 [pool-362-thread-1] INFO  server.RaftServer$Division (RaftServerImpl.java:setRole(299)) - 5b838663-213a-4fbf-828e-9dfe1e385535@group-8C76644EA4AF: changes role from      null to FOLLOWER at term 0 for startAsFollower
2022-06-16 16:19:23,488 [pool-362-thread-1] INFO  impl.RoleInfo (RoleInfo.java:updateAndGet(139)) - 5b838663-213a-4fbf-828e-9dfe1e385535: start 5b838663-213a-4fbf-828e-9dfe1e385535@group-8C76644EA4AF-FollowerState
2022-06-16 16:19:23,498 [pool-362-thread-1] INFO  util.JmxRegister (JmxRegister.java:tryRegister(44)) - Successfully registered JMX Bean with object name Ratis:service=RaftServer,group=group-8C76644EA4AF,id=5b838663-213a-4fbf-828e-9dfe1e385535
2022-06-16 16:19:23,503 [Command processor thread] INFO  ratis.XceiverServerRatis (XceiverServerRatis.java:addGroup(765)) - Created group PipelineID=7696c223-00c6-42a6-9c26-8c76644ea4af
2022-06-16 16:19:23,503 [Command processor thread] INFO  commandhandler.CreatePipelineCommandHandler (CreatePipelineCommandHandler.java:handle(113)) - Created Pipeline RATIS ONE PipelineID=7696c223-00c6-42a6-9c26-8c76644ea4af.
2022-06-16 16:19:24,161 [Listener at 127.0.0.1/34065] INFO  ozone.MiniOzoneClusterImpl (MiniOzoneClusterImpl.java:lambda$waitForClusterToBeReady$0(221)) - Nodes are ready. Got 5 of 5 DN Heartbeats.
2022-06-16 16:19:24,161 [Listener at 127.0.0.1/34065] INFO  ozone.MiniOzoneClusterImpl (MiniOzoneClusterImpl.java:lambda$waitForClusterToBeReady$0(224)) - Waiting for cluster to exit safe mode
2022-06-16 16:19:24,161 [Listener at 127.0.0.1/34065] INFO  ozone.MiniOzoneClusterImpl (MiniOzoneClusterImpl.java:lambda$waitForClusterToBeReady$0(226)) - SCM became leader
2022-06-16 16:19:24,459 [Command processor thread] INFO  server.RaftServer (RaftServerProxy.java:addNew(96)) - e511119d-2be0-4415-86a7-45a9e0c842d1: addNew group-EB886BDF6BD0:[e511119d-2be0-4415-86a7-45a9e0c842d1|rpc:10.1.0.16:33805|priority:1] returns group-EB886BDF6BD0:java.util.concurrent.CompletableFuture@42921d36[Not completed]
2022-06-16 16:19:24,460 [pool-384-thread-1] INFO  server.RaftServer$Division (RaftServerImpl.java:<init>(190)) - e511119d-2be0-4415-86a7-45a9e0c842d1: new RaftServerImpl for group-EB886BDF6BD0:[e511119d-2be0-4415-86a7-45a9e0c842d1|rpc:10.1.0.16:33805|priority:1] with ContainerStateMachine:uninitialized
2022-06-16 16:19:24,460 [pool-384-thread-1] INFO  server.RaftServerConfigKeys (ConfUtils.java:logGet(46)) - raft.server.rpc.timeout.min = 5s (custom)
2022-06-16 16:19:24,460 [pool-384-thread-1] INFO  server.RaftServerConfigKeys (ConfUtils.java:logGet(46)) - raft.server.rpc.timeout.max = 5200ms (custom)
2022-06-16 16:19:24,460 [pool-384-thread-1] INFO  server.RaftServerConfigKeys (ConfUtils.java:logGet(46)) - raft.server.rpc.sleep.time = 25ms (default)
2022-06-16 16:19:24,460 [pool-384-thread-1] INFO  server.RaftServerConfigKeys (ConfUtils.java:logGet(46)) - raft.server.rpc.slowness.timeout = 300s (custom)
2022-06-16 16:19:24,460 [pool-384-thread-1] INFO  server.RaftServerConfigKeys (ConfUtils.java:logGet(46)) - raft.server.leaderelection.leader.step-down.wait-time = 10s (default)
2022-06-16 16:19:24,460 [pool-384-thread-1] INFO  server.RaftServerConfigKeys (ConfUtils.java:logGet(46)) - raft.server.sleep.deviation.threshold = 300ms (default)
2022-06-16 16:19:24,460 [pool-384-thread-1] INFO  server.RaftServer$Division (ServerState.java:<init>(107)) - e511119d-2be0-4415-86a7-45a9e0c842d1@group-EB886BDF6BD0: ConfigurationManager, init=-1: [e511119d-2be0-4415-86a7-45a9e0c842d1|rpc:10.1.0.16:33805|priority:1], old=null, confs=<EMPTY_MAP>
2022-06-16 16:19:24,460 [pool-384-thread-1] INFO  server.RaftServerConfigKeys (ConfUtils.java:logGet(46)) - raft.server.storage.dir = [/home/runner/work/ozone/ozone/hadoop-ozone/integration-test/target/test-dir/MiniOzoneClusterImpl-3714a898-0fe0-42e2-9307-bd15e6fadcd3/datanode-3/data/ratis] (custom)
2022-06-16 16:19:24,461 [pool-384-thread-1] INFO  server.RaftServerConfigKeys (ConfUtils.java:logGet(46)) - raft.server.log.corruption.policy = EXCEPTION (default)
2022-06-16 16:19:24,461 [pool-384-thread-1] INFO  server.RaftServerConfigKeys (ConfUtils.java:logGet(46)) - raft.server.storage.free-space.min = 0MB (=0) (default)
2022-06-16 16:19:24,461 [pool-384-thread-1] INFO  storage.RaftStorageDirectory (RaftStorageDirectoryImpl.java:analyzeStorage(135)) - The storage directory /home/runner/work/ozone/ozone/hadoop-ozone/integration-test/target/test-dir/MiniOzoneClusterImpl-3714a898-0fe0-42e2-9307-bd15e6fadcd3/datanode-3/data/ratis/5d606b1c-0428-4655-921f-eb886bdf6bd0 does not exist. Creating ...
2022-06-16 16:19:24,474 [pool-384-thread-1] INFO  storage.RaftStorageDirectory (RaftStorageDirectoryImpl.java:tryLock(230)) - Lock on /home/runner/work/ozone/ozone/hadoop-ozone/integration-test/target/test-dir/MiniOzoneClusterImpl-3714a898-0fe0-42e2-9307-bd15e6fadcd3/datanode-3/data/ratis/5d606b1c-0428-4655-921f-eb886bdf6bd0/in_use.lock acquired by nodename 3861@fv-az37-268
2022-06-16 16:19:24,478 [pool-384-thread-1] INFO  storage.RaftStorage (RaftStorageImpl.java:format(89)) - Storage directory /home/runner/work/ozone/ozone/hadoop-ozone/integration-test/target/test-dir/MiniOzoneClusterImpl-3714a898-0fe0-42e2-9307-bd15e6fadcd3/datanode-3/data/ratis/5d606b1c-0428-4655-921f-eb886bdf6bd0 has been successfully formatted.
2022-06-16 16:19:24,490 [pool-384-thread-1] INFO  ratis.ContainerStateMachine (ContainerStateMachine.java:loadSnapshot(236)) - group-EB886BDF6BD0: The snapshot info is null. Setting the last applied indexto:(t:0, i:~)
2022-06-16 16:19:24,490 [pool-384-thread-1] INFO  server.RaftServerConfigKeys (ConfUtils.java:logGet(46)) - raft.server.notification.no-leader.timeout = 300s (custom)
2022-06-16 16:19:24,490 [pool-384-thread-1] INFO  server.RaftServerConfigKeys (ConfUtils.java:logGet(46)) - raft.server.log.use.memory = false (default)
2022-06-16 16:19:24,490 [pool-384-thread-1] INFO  server.RaftServerConfigKeys (ConfUtils.java:logGet(46)) - raft.server.log.purge.gap = 1000000 (custom)
2022-06-16 16:19:24,490 [pool-384-thread-1] INFO  server.RaftServerConfigKeys (ConfUtils.java:logGet(46)) - raft.server.log.appender.buffer.byte-limit = 33554432 (custom)
2022-06-16 16:19:24,490 [pool-384-thread-1] INFO  server.RaftServerConfigKeys (ConfUtils.java:logGet(46)) - raft.server.log.statemachine.data.read.timeout = 1000ms (default)
2022-06-16 16:19:24,490 [pool-384-thread-1] INFO  server.RaftServerConfigKeys (ConfUtils.java:logGet(46)) - raft.server.log.segment.size.max = 1048576 (custom)
2022-06-16 16:19:24,491 [pool-384-thread-1] INFO  server.RaftServerConfigKeys (ConfUtils.java:logGet(46)) - raft.server.log.segment.cache.num.max = 2 (custom)
2022-06-16 16:19:24,491 [pool-384-thread-1] INFO  server.RaftServerConfigKeys (ConfUtils.java:logGet(46)) - raft.server.log.segment.cache.size.max = 200MB (=209715200) (default)
2022-06-16 16:19:24,491 [pool-384-thread-1] INFO  segmented.SegmentedRaftLogWorker (SegmentedRaftLogWorker.java:<init>(187)) - new e511119d-2be0-4415-86a7-45a9e0c842d1@group-EB886BDF6BD0-SegmentedRaftLogWorker for RaftStorageImpl:Storage Directory /home/runner/work/ozone/ozone/hadoop-ozone/integration-test/target/test-dir/MiniOzoneClusterImpl-3714a898-0fe0-42e2-9307-bd15e6fadcd3/datanode-3/data/ratis/5d606b1c-0428-4655-921f-eb886bdf6bd0
2022-06-16 16:19:24,491 [pool-384-thread-1] INFO  server.RaftServerConfigKeys (ConfUtils.java:logGet(46)) - raft.server.log.queue.byte-limit = 4294967296 (custom)
2022-06-16 16:19:24,491 [pool-384-thread-1] INFO  server.RaftServerConfigKeys (ConfUtils.java:logGet(46)) - raft.server.log.queue.element-limit = 1024 (custom)
2022-06-16 16:19:24,491 [pool-384-thread-1] INFO  server.RaftServerConfigKeys (ConfUtils.java:logGet(46)) - raft.server.log.segment.size.max = 1048576 (custom)
2022-06-16 16:19:24,491 [pool-384-thread-1] INFO  server.RaftServerConfigKeys (ConfUtils.java:logGet(46)) - raft.server.log.preallocated.size = 16384 (custom)
2022-06-16 16:19:24,491 [pool-384-thread-1] INFO  server.RaftServerConfigKeys (ConfUtils.java:logGet(46)) - raft.server.log.force.sync.num = 128 (default)
2022-06-16 16:19:24,491 [pool-384-thread-1] INFO  server.RaftServerConfigKeys (ConfUtils.java:logGet(46)) - raft.server.log.statemachine.data.sync = true (default)
2022-06-16 16:19:24,491 [pool-384-thread-1] INFO  server.RaftServerConfigKeys (ConfUtils.java:logGet(46)) - raft.server.log.statemachine.data.sync.timeout = 10s (default)
2022-06-16 16:19:24,491 [pool-384-thread-1] INFO  server.RaftServerConfigKeys (ConfUtils.java:logGet(46)) - raft.server.log.statemachine.data.sync.timeout.retry = -1 (default)
2022-06-16 16:19:24,492 [pool-384-thread-1] INFO  server.RaftServerConfigKeys (ConfUtils.java:logGet(46)) - raft.server.log.write.buffer.size = 1048576 (custom)
2022-06-16 16:19:24,492 [pool-384-thread-1] INFO  server.RaftServerConfigKeys (ConfUtils.java:logGet(46)) - raft.server.log.unsafe-flush.enabled = false (default)
2022-06-16 16:19:24,492 [pool-384-thread-1] INFO  server.RaftServerConfigKeys (ConfUtils.java:logGet(46)) - raft.server.log.statemachine.data.caching.enabled = true (custom)
2022-06-16 16:19:24,492 [pool-384-thread-1] INFO  segmented.SegmentedRaftLogWorker (SegmentedRaftLogWorker.java:lambda$new$0(135)) - e511119d-2be0-4415-86a7-45a9e0c842d1@group-EB886BDF6BD0-SegmentedRaftLogWorker: flushIndex: setUnconditionally 0 -> -1
2022-06-16 16:19:24,492 [pool-384-thread-1] INFO  segmented.SegmentedRaftLogWorker (SegmentedRaftLogWorker.java:lambda$new$0(135)) - e511119d-2be0-4415-86a7-45a9e0c842d1@group-EB886BDF6BD0-SegmentedRaftLogWorker: safeCacheEvictIndex: setUnconditionally 0 -> -1
2022-06-16 16:19:24,504 [pool-384-thread-1] INFO  server.RaftServerConfigKeys (ConfUtils.java:logGet(46)) - raft.server.snapshot.auto.trigger.enabled = true (custom)
2022-06-16 16:19:24,504 [pool-384-thread-1] INFO  server.RaftServerConfigKeys (ConfUtils.java:logGet(46)) - raft.server.snapshot.auto.trigger.threshold = 10000 (custom)
2022-06-16 16:19:24,504 [pool-384-thread-1] INFO  server.RaftServerConfigKeys (ConfUtils.java:logGet(46)) - raft.server.snapshot.retention.file.num = 5 (custom)
2022-06-16 16:19:24,504 [pool-384-thread-1] INFO  server.RaftServerConfigKeys (ConfUtils.java:logGet(46)) - raft.server.log.purge.upto.snapshot.index = false (default)
2022-06-16 16:19:24,504 [pool-384-thread-1] INFO  server.RaftServerConfigKeys (ConfUtils.java:logGet(46)) - raft.server.retrycache.expirytime = 600000ms (custom)
2022-06-16 16:19:24,504 [pool-384-thread-1] INFO  server.RaftServerConfigKeys (ConfUtils.java:logGet(46)) - raft.server.retrycache.statistics.expirytime = 100μs (default)
2022-06-16 16:19:24,504 [EventQueue-PipelineReportForPipelineReportHandler] INFO  pipeline.PipelineManagerImpl (PipelineManagerImpl.java:openPipeline(356)) - Pipeline Pipeline[ Id: 5d606b1c-0428-4655-921f-eb886bdf6bd0, Nodes: e511119d-2be0-4415-86a7-45a9e0c842d1{ip: 10.1.0.16, host: fv-az37-268.zqe2tmcsx5vuvjs3sdc4q2yfud.gx.internal.cloudapp.net, ports: [REPLICATION=37811, RATIS=33805, RATIS_ADMIN=33805, RATIS_SERVER=33805, STANDALONE=39819], networkLocation: /default-rack, certSerialId: null, persistedOpState: IN_SERVICE, persistedOpStateExpiryEpochSec: 0}, ReplicationConfig: RATIS/ONE, State:ALLOCATED, leaderId:e511119d-2be0-4415-86a7-45a9e0c842d1, CreationTimestamp2022-06-16T16:19:21.460Z[Etc/UTC]] moved to OPEN state
2022-06-16 16:19:24,505 [pool-384-thread-1] INFO  server.RaftServerConfigKeys (ConfUtils.java:logGet(46)) - raft.server.log.appender.install.snapshot.enabled = false (custom)
2022-06-16 16:19:24,505 [pool-384-thread-1] INFO  server.RaftServerConfigKeys (ConfUtils.java:logGet(46)) - raft.server.threadpool.server.cached = true (default)
2022-06-16 16:19:24,505 [pool-384-thread-1] INFO  server.RaftServerConfigKeys (ConfUtils.java:logGet(46)) - raft.server.threadpool.server.size = 0 (default)
2022-06-16 16:19:24,505 [pool-384-thread-1] INFO  server.RaftServerConfigKeys (ConfUtils.java:logGet(46)) - raft.server.threadpool.client.cached = true (default)
2022-06-16 16:19:24,505 [pool-384-thread-1] INFO  server.RaftServerConfigKeys (ConfUtils.java:logGet(46)) - raft.server.threadpool.client.size = 0 (default)
2022-06-16 16:19:24,505 [pool-384-thread-1] INFO  server.RaftServer$Division (RaftServerImpl.java:start(310)) - e511119d-2be0-4415-86a7-45a9e0c842d1@group-EB886BDF6BD0: start as a follower, conf=-1: [e511119d-2be0-4415-86a7-45a9e0c842d1|rpc:10.1.0.16:33805|priority:1], old=null
2022-06-16 16:19:24,505 [pool-384-thread-1] INFO  server.RaftServer$Division (RaftServerImpl.java:setRole(299)) - e511119d-2be0-4415-86a7-45a9e0c842d1@group-EB886BDF6BD0: changes role from      null to FOLLOWER at term 0 for startAsFollower
2022-06-16 16:19:24,505 [pool-384-thread-1] INFO  impl.RoleInfo (RoleInfo.java:updateAndGet(139)) - e511119d-2be0-4415-86a7-45a9e0c842d1: start e511119d-2be0-4415-86a7-45a9e0c842d1@group-EB886BDF6BD0-FollowerState
2022-06-16 16:19:24,506 [EventQueue-OpenPipelineForHealthyPipelineSafeModeRule] INFO  safemode.SCMSafeModeManager (HealthyPipelineSafeModeRule.java:process(124)) - SCM in safe mode. Healthy pipelines reported count is 0, required healthy pipeline reported count is 1
2022-06-16 16:19:24,514 [pool-384-thread-1] INFO  util.JmxRegister (JmxRegister.java:tryRegister(44)) - Successfully registered JMX Bean with object name Ratis:service=RaftServer,group=group-EB886BDF6BD0,id=e511119d-2be0-4415-86a7-45a9e0c842d1
2022-06-16 16:19:24,522 [Command processor thread] INFO  ratis.XceiverServerRatis (XceiverServerRatis.java:addGroup(765)) - Created group PipelineID=5d606b1c-0428-4655-921f-eb886bdf6bd0
2022-06-16 16:19:24,522 [Command processor thread] INFO  commandhandler.CreatePipelineCommandHandler (CreatePipelineCommandHandler.java:handle(113)) - Created Pipeline RATIS ONE PipelineID=5d606b1c-0428-4655-921f-eb886bdf6bd0.
2022-06-16 16:19:25,161 [Listener at 127.0.0.1/34065] INFO  ozone.MiniOzoneClusterImpl (MiniOzoneClusterImpl.java:lambda$waitForClusterToBeReady$0(221)) - Nodes are ready. Got 5 of 5 DN Heartbeats.
2022-06-16 16:19:25,161 [Listener at 127.0.0.1/34065] INFO  ozone.MiniOzoneClusterImpl (MiniOzoneClusterImpl.java:lambda$waitForClusterToBeReady$0(224)) - Waiting for cluster to exit safe mode
2022-06-16 16:19:25,161 [Listener at 127.0.0.1/34065] INFO  ozone.MiniOzoneClusterImpl (MiniOzoneClusterImpl.java:lambda$waitForClusterToBeReady$0(226)) - SCM became leader
2022-06-16 16:19:25,223 [Command processor thread] INFO  server.RaftServer (RaftServerProxy.java:addNew(96)) - 91193349-063e-4e8d-a3d9-971f40f5522b: addNew group-D1B771C95D98:[91193349-063e-4e8d-a3d9-971f40f5522b|rpc:10.1.0.16:41297|priority:1] returns group-D1B771C95D98:java.util.concurrent.CompletableFuture@5ea511f1[Not completed]
2022-06-16 16:19:25,247 [pool-410-thread-1] INFO  server.RaftServer$Division (RaftServerImpl.java:<init>(190)) - 91193349-063e-4e8d-a3d9-971f40f5522b: new RaftServerImpl for group-D1B771C95D98:[91193349-063e-4e8d-a3d9-971f40f5522b|rpc:10.1.0.16:41297|priority:1] with ContainerStateMachine:uninitialized
2022-06-16 16:19:25,247 [pool-410-thread-1] INFO  server.RaftServerConfigKeys (ConfUtils.java:logGet(46)) - raft.server.rpc.timeout.min = 5s (custom)
2022-06-16 16:19:25,247 [pool-410-thread-1] INFO  server.RaftServerConfigKeys (ConfUtils.java:logGet(46)) - raft.server.rpc.timeout.max = 5200ms (custom)
2022-06-16 16:19:25,247 [pool-410-thread-1] INFO  server.RaftServerConfigKeys (ConfUtils.java:logGet(46)) - raft.server.rpc.sleep.time = 25ms (default)
2022-06-16 16:19:25,247 [pool-410-thread-1] INFO  server.RaftServerConfigKeys (ConfUtils.java:logGet(46)) - raft.server.rpc.slowness.timeout = 300s (custom)
2022-06-16 16:19:25,247 [pool-410-thread-1] INFO  server.RaftServerConfigKeys (ConfUtils.java:logGet(46)) - raft.server.leaderelection.leader.step-down.wait-time = 10s (default)
2022-06-16 16:19:25,247 [pool-410-thread-1] INFO  server.RaftServerConfigKeys (ConfUtils.java:logGet(46)) - raft.server.sleep.deviation.threshold = 300ms (default)
2022-06-16 16:19:25,248 [pool-410-thread-1] INFO  server.RaftServer$Division (ServerState.java:<init>(107)) - 91193349-063e-4e8d-a3d9-971f40f5522b@group-D1B771C95D98: ConfigurationManager, init=-1: [91193349-063e-4e8d-a3d9-971f40f5522b|rpc:10.1.0.16:41297|priority:1], old=null, confs=<EMPTY_MAP>
2022-06-16 16:19:25,248 [pool-410-thread-1] INFO  server.RaftServerConfigKeys (ConfUtils.java:logGet(46)) - raft.server.storage.dir = [/home/runner/work/ozone/ozone/hadoop-ozone/integration-test/target/test-dir/MiniOzoneClusterImpl-3714a898-0fe0-42e2-9307-bd15e6fadcd3/datanode-4/data/ratis] (custom)
2022-06-16 16:19:25,248 [pool-410-thread-1] INFO  server.RaftServerConfigKeys (ConfUtils.java:logGet(46)) - raft.server.log.corruption.policy = EXCEPTION (default)
2022-06-16 16:19:25,248 [pool-410-thread-1] INFO  server.RaftServerConfigKeys (ConfUtils.java:logGet(46)) - raft.server.storage.free-space.min = 0MB (=0) (default)
2022-06-16 16:19:25,248 [pool-410-thread-1] INFO  storage.RaftStorageDirectory (RaftStorageDirectoryImpl.java:analyzeStorage(135)) - The storage directory /home/runner/work/ozone/ozone/hadoop-ozone/integration-test/target/test-dir/MiniOzoneClusterImpl-3714a898-0fe0-42e2-9307-bd15e6fadcd3/datanode-4/data/ratis/902126e9-86e8-48a3-b630-d1b771c95d98 does not exist. Creating ...
2022-06-16 16:19:25,249 [pool-410-thread-1] INFO  storage.RaftStorageDirectory (RaftStorageDirectoryImpl.java:tryLock(230)) - Lock on /home/runner/work/ozone/ozone/hadoop-ozone/integration-test/target/test-dir/MiniOzoneClusterImpl-3714a898-0fe0-42e2-9307-bd15e6fadcd3/datanode-4/data/ratis/902126e9-86e8-48a3-b630-d1b771c95d98/in_use.lock acquired by nodename 3861@fv-az37-268
2022-06-16 16:19:25,250 [pool-410-thread-1] INFO  storage.RaftStorage (RaftStorageImpl.java:format(89)) - Storage directory /home/runner/work/ozone/ozone/hadoop-ozone/integration-test/target/test-dir/MiniOzoneClusterImpl-3714a898-0fe0-42e2-9307-bd15e6fadcd3/datanode-4/data/ratis/902126e9-86e8-48a3-b630-d1b771c95d98 has been successfully formatted.
2022-06-16 16:19:25,274 [pool-410-thread-1] INFO  ratis.ContainerStateMachine (ContainerStateMachine.java:loadSnapshot(236)) - group-D1B771C95D98: The snapshot info is null. Setting the last applied indexto:(t:0, i:~)
2022-06-16 16:19:25,274 [pool-410-thread-1] INFO  server.RaftServerConfigKeys (ConfUtils.java:logGet(46)) - raft.server.notification.no-leader.timeout = 300s (custom)
2022-06-16 16:19:25,275 [pool-410-thread-1] INFO  server.RaftServerConfigKeys (ConfUtils.java:logGet(46)) - raft.server.log.use.memory = false (default)
2022-06-16 16:19:25,275 [pool-410-thread-1] INFO  server.RaftServerConfigKeys (ConfUtils.java:logGet(46)) - raft.server.log.purge.gap = 1000000 (custom)
2022-06-16 16:19:25,275 [pool-410-thread-1] INFO  server.RaftServerConfigKeys (ConfUtils.java:logGet(46)) - raft.server.log.appender.buffer.byte-limit = 33554432 (custom)
2022-06-16 16:19:25,275 [pool-410-thread-1] INFO  server.RaftServerConfigKeys (ConfUtils.java:logGet(46)) - raft.server.log.statemachine.data.read.timeout = 1000ms (default)
2022-06-16 16:19:25,275 [EventQueue-PipelineReportForPipelineReportHandler] INFO  pipeline.PipelineManagerImpl (PipelineManagerImpl.java:openPipeline(356)) - Pipeline Pipeline[ Id: 902126e9-86e8-48a3-b630-d1b771c95d98, Nodes: 91193349-063e-4e8d-a3d9-971f40f5522b{ip: 10.1.0.16, host: fv-az37-268.zqe2tmcsx5vuvjs3sdc4q2yfud.gx.internal.cloudapp.net, ports: [REPLICATION=40161, RATIS=41297, RATIS_ADMIN=41297, RATIS_SERVER=41297, STANDALONE=45327], networkLocation: /default-rack, certSerialId: null, persistedOpState: IN_SERVICE, persistedOpStateExpiryEpochSec: 0}, ReplicationConfig: RATIS/ONE, State:ALLOCATED, leaderId:91193349-063e-4e8d-a3d9-971f40f5522b, CreationTimestamp2022-06-16T16:19:22.224Z[Etc/UTC]] moved to OPEN state
2022-06-16 16:19:25,275 [pool-410-thread-1] INFO  server.RaftServerConfigKeys (ConfUtils.java:logGet(46)) - raft.server.log.segment.size.max = 1048576 (custom)
2022-06-16 16:19:25,275 [EventQueue-OpenPipelineForHealthyPipelineSafeModeRule] INFO  safemode.SCMSafeModeManager (HealthyPipelineSafeModeRule.java:process(124)) - SCM in safe mode. Healthy pipelines reported count is 0, required healthy pipeline reported count is 1
2022-06-16 16:19:25,275 [pool-410-thread-1] INFO  server.RaftServerConfigKeys (ConfUtils.java:logGet(46)) - raft.server.log.segment.cache.num.max = 2 (custom)
2022-06-16 16:19:25,275 [pool-410-thread-1] INFO  server.RaftServerConfigKeys (ConfUtils.java:logGet(46)) - raft.server.log.segment.cache.size.max = 200MB (=209715200) (default)
2022-06-16 16:19:25,276 [pool-410-thread-1] INFO  segmented.SegmentedRaftLogWorker (SegmentedRaftLogWorker.java:<init>(187)) - new 91193349-063e-4e8d-a3d9-971f40f5522b@group-D1B771C95D98-SegmentedRaftLogWorker for RaftStorageImpl:Storage Directory /home/runner/work/ozone/ozone/hadoop-ozone/integration-test/target/test-dir/MiniOzoneClusterImpl-3714a898-0fe0-42e2-9307-bd15e6fadcd3/datanode-4/data/ratis/902126e9-86e8-48a3-b630-d1b771c95d98
2022-06-16 16:19:25,276 [pool-410-thread-1] INFO  server.RaftServerConfigKeys (ConfUtils.java:logGet(46)) - raft.server.log.queue.byte-limit = 4294967296 (custom)
2022-06-16 16:19:25,276 [pool-410-thread-1] INFO  server.RaftServerConfigKeys (ConfUtils.java:logGet(46)) - raft.server.log.queue.element-limit = 1024 (custom)
2022-06-16 16:19:25,276 [pool-410-thread-1] INFO  server.RaftServerConfigKeys (ConfUtils.java:logGet(46)) - raft.server.log.segment.size.max = 1048576 (custom)
2022-06-16 16:19:25,276 [pool-410-thread-1] INFO  server.RaftServerConfigKeys (ConfUtils.java:logGet(46)) - raft.server.log.preallocated.size = 16384 (custom)
2022-06-16 16:19:25,276 [pool-410-thread-1] INFO  server.RaftServerConfigKeys (ConfUtils.java:logGet(46)) - raft.server.log.force.sync.num = 128 (default)
2022-06-16 16:19:25,276 [pool-410-thread-1] INFO  server.RaftServerConfigKeys (ConfUtils.java:logGet(46)) - raft.server.log.statemachine.data.sync = true (default)
2022-06-16 16:19:25,276 [pool-410-thread-1] INFO  server.RaftServerConfigKeys (ConfUtils.java:logGet(46)) - raft.server.log.statemachine.data.sync.timeout = 10s (default)
2022-06-16 16:19:25,276 [pool-410-thread-1] INFO  server.RaftServerConfigKeys (ConfUtils.java:logGet(46)) - raft.server.log.statemachine.data.sync.timeout.retry = -1 (default)
2022-06-16 16:19:25,277 [pool-410-thread-1] INFO  server.RaftServerConfigKeys (ConfUtils.java:logGet(46)) - raft.server.log.write.buffer.size = 1048576 (custom)
2022-06-16 16:19:25,277 [pool-410-thread-1] INFO  server.RaftServerConfigKeys (ConfUtils.java:logGet(46)) - raft.server.log.unsafe-flush.enabled = false (default)
2022-06-16 16:19:25,277 [pool-410-thread-1] INFO  server.RaftServerConfigKeys (ConfUtils.java:logGet(46)) - raft.server.log.statemachine.data.caching.enabled = true (custom)
2022-06-16 16:19:25,277 [pool-410-thread-1] INFO  segmented.SegmentedRaftLogWorker (SegmentedRaftLogWorker.java:lambda$new$0(135)) - 91193349-063e-4e8d-a3d9-971f40f5522b@group-D1B771C95D98-SegmentedRaftLogWorker: flushIndex: setUnconditionally 0 -> -1
2022-06-16 16:19:25,277 [pool-410-thread-1] INFO  segmented.SegmentedRaftLogWorker (SegmentedRaftLogWorker.java:lambda$new$0(135)) - 91193349-063e-4e8d-a3d9-971f40f5522b@group-D1B771C95D98-SegmentedRaftLogWorker: safeCacheEvictIndex: setUnconditionally 0 -> -1
2022-06-16 16:19:25,298 [pool-410-thread-1] INFO  server.RaftServerConfigKeys (ConfUtils.java:logGet(46)) - raft.server.snapshot.auto.trigger.enabled = true (custom)
2022-06-16 16:19:25,298 [pool-410-thread-1] INFO  server.RaftServerConfigKeys (ConfUtils.java:logGet(46)) - raft.server.snapshot.auto.trigger.threshold = 10000 (custom)
2022-06-16 16:19:25,298 [pool-410-thread-1] INFO  server.RaftServerConfigKeys (ConfUtils.java:logGet(46)) - raft.server.snapshot.retention.file.num = 5 (custom)
2022-06-16 16:19:25,298 [pool-410-thread-1] INFO  server.RaftServerConfigKeys (ConfUtils.java:logGet(46)) - raft.server.log.purge.upto.snapshot.index = false (default)
2022-06-16 16:19:25,298 [pool-410-thread-1] INFO  server.RaftServerConfigKeys (ConfUtils.java:logGet(46)) - raft.server.retrycache.expirytime = 600000ms (custom)
2022-06-16 16:19:25,298 [pool-410-thread-1] INFO  server.RaftServerConfigKeys (ConfUtils.java:logGet(46)) - raft.server.retrycache.statistics.expirytime = 100μs (default)
2022-06-16 16:19:25,299 [pool-410-thread-1] INFO  server.RaftServerConfigKeys (ConfUtils.java:logGet(46)) - raft.server.log.appender.install.snapshot.enabled = false (custom)
2022-06-16 16:19:25,299 [pool-410-thread-1] INFO  server.RaftServerConfigKeys (ConfUtils.java:logGet(46)) - raft.server.threadpool.server.cached = true (default)
2022-06-16 16:19:25,299 [pool-410-thread-1] INFO  server.RaftServerConfigKeys (ConfUtils.java:logGet(46)) - raft.server.threadpool.server.size = 0 (default)
2022-06-16 16:19:25,299 [pool-410-thread-1] INFO  server.RaftServerConfigKeys (ConfUtils.java:logGet(46)) - raft.server.threadpool.client.cached = true (default)
2022-06-16 16:19:25,299 [pool-410-thread-1] INFO  server.RaftServerConfigKeys (ConfUtils.java:logGet(46)) - raft.server.threadpool.client.size = 0 (default)
2022-06-16 16:19:25,299 [pool-410-thread-1] INFO  server.RaftServer$Division (RaftServerImpl.java:start(310)) - 91193349-063e-4e8d-a3d9-971f40f5522b@group-D1B771C95D98: start as a follower, conf=-1: [91193349-063e-4e8d-a3d9-971f40f5522b|rpc:10.1.0.16:41297|priority:1], old=null
2022-06-16 16:19:25,299 [pool-410-thread-1] INFO  server.RaftServer$Division (RaftServerImpl.java:setRole(299)) - 91193349-063e-4e8d-a3d9-971f40f5522b@group-D1B771C95D98: changes role from      null to FOLLOWER at term 0 for startAsFollower
2022-06-16 16:19:25,299 [pool-410-thread-1] INFO  impl.RoleInfo (RoleInfo.java:updateAndGet(139)) - 91193349-063e-4e8d-a3d9-971f40f5522b: start 91193349-063e-4e8d-a3d9-971f40f5522b@group-D1B771C95D98-FollowerState
2022-06-16 16:19:25,304 [pool-410-thread-1] INFO  util.JmxRegister (JmxRegister.java:tryRegister(44)) - Successfully registered JMX Bean with object name Ratis:service=RaftServer,group=group-D1B771C95D98,id=91193349-063e-4e8d-a3d9-971f40f5522b
2022-06-16 16:19:25,331 [Command processor thread] INFO  ratis.XceiverServerRatis (XceiverServerRatis.java:addGroup(765)) - Created group PipelineID=902126e9-86e8-48a3-b630-d1b771c95d98
2022-06-16 16:19:25,331 [Command processor thread] INFO  commandhandler.CreatePipelineCommandHandler (CreatePipelineCommandHandler.java:handle(113)) - Created Pipeline RATIS ONE PipelineID=902126e9-86e8-48a3-b630-d1b771c95d98.
2022-06-16 16:19:26,170 [Listener at 127.0.0.1/34065] INFO  ozone.MiniOzoneClusterImpl (MiniOzoneClusterImpl.java:lambda$waitForClusterToBeReady$0(221)) - Nodes are ready. Got 5 of 5 DN Heartbeats.
2022-06-16 16:19:26,170 [Listener at 127.0.0.1/34065] INFO  ozone.MiniOzoneClusterImpl (MiniOzoneClusterImpl.java:lambda$waitForClusterToBeReady$0(224)) - Waiting for cluster to exit safe mode
2022-06-16 16:19:26,170 [Listener at 127.0.0.1/34065] INFO  ozone.MiniOzoneClusterImpl (MiniOzoneClusterImpl.java:lambda$waitForClusterToBeReady$0(226)) - SCM became leader
2022-06-16 16:19:27,015 [f18629d0-4209-4076-ad9d-a135d0d60f56@group-0D178AC3226E-FollowerState] INFO  impl.FollowerState (FollowerState.java:run(143)) - f18629d0-4209-4076-ad9d-a135d0d60f56@group-0D178AC3226E-FollowerState: change to CANDIDATE, lastRpcElapsedTime:5020458964ns, electionTimeout:5004ms
2022-06-16 16:19:27,015 [f18629d0-4209-4076-ad9d-a135d0d60f56@group-0D178AC3226E-FollowerState] INFO  impl.RoleInfo (RoleInfo.java:shutdownFollowerState(110)) - f18629d0-4209-4076-ad9d-a135d0d60f56: shutdown f18629d0-4209-4076-ad9d-a135d0d60f56@group-0D178AC3226E-FollowerState
2022-06-16 16:19:27,015 [f18629d0-4209-4076-ad9d-a135d0d60f56@group-0D178AC3226E-FollowerState] INFO  server.RaftServer$Division (RaftServerImpl.java:setRole(299)) - f18629d0-4209-4076-ad9d-a135d0d60f56@group-0D178AC3226E: changes role from  FOLLOWER to CANDIDATE at term 0 for changeToCandidate
2022-06-16 16:19:27,015 [f18629d0-4209-4076-ad9d-a135d0d60f56@group-0D178AC3226E-FollowerState] INFO  server.RaftServerConfigKeys (ConfUtils.java:logGet(46)) - raft.server.leaderelection.pre-vote = false (custom)
2022-06-16 16:19:27,015 [f18629d0-4209-4076-ad9d-a135d0d60f56@group-0D178AC3226E-FollowerState] INFO  impl.RoleInfo (RoleInfo.java:updateAndGet(139)) - f18629d0-4209-4076-ad9d-a135d0d60f56: start f18629d0-4209-4076-ad9d-a135d0d60f56@group-0D178AC3226E-LeaderElection18
2022-06-16 16:19:27,038 [f18629d0-4209-4076-ad9d-a135d0d60f56@group-0D178AC3226E-LeaderElection18] INFO  impl.LeaderElection (LeaderElection.java:askForVotes(310)) - f18629d0-4209-4076-ad9d-a135d0d60f56@group-0D178AC3226E-LeaderElection18 ELECTION round 0: submit vote requests at term 1 for -1: [e92161bb-36da-4024-83fa-f02433e9e8b4|rpc:10.1.0.16:37825|priority:0, f18629d0-4209-4076-ad9d-a135d0d60f56|rpc:10.1.0.16:43341|priority:1, 5b838663-213a-4fbf-828e-9dfe1e385535|rpc:10.1.0.16:33841|priority:0], old=null
2022-06-16 16:19:27,074 [grpc-default-executor-0] INFO  server.RaftServer$Division (RaftServerImpl.java:requestVote(1152)) - e92161bb-36da-4024-83fa-f02433e9e8b4@group-0D178AC3226E: receive requestVote(ELECTION, f18629d0-4209-4076-ad9d-a135d0d60f56, group-0D178AC3226E, 1, (t:0, i:0))
2022-06-16 16:19:27,074 [grpc-default-executor-0] INFO  impl.VoteContext (VoteContext.java:log(48)) - e92161bb-36da-4024-83fa-f02433e9e8b4@group-0D178AC3226E-FOLLOWER: accept ELECTION from f18629d0-4209-4076-ad9d-a135d0d60f56: our priority 0 <= candidate's priority 1
2022-06-16 16:19:27,074 [grpc-default-executor-0] INFO  server.RaftServer$Division (RaftServerImpl.java:setRole(299)) - e92161bb-36da-4024-83fa-f02433e9e8b4@group-0D178AC3226E: changes role from  FOLLOWER to FOLLOWER at term 1 for candidate:f18629d0-4209-4076-ad9d-a135d0d60f56
2022-06-16 16:19:27,074 [grpc-default-executor-0] INFO  impl.RoleInfo (RoleInfo.java:shutdownFollowerState(110)) - e92161bb-36da-4024-83fa-f02433e9e8b4: shutdown e92161bb-36da-4024-83fa-f02433e9e8b4@group-0D178AC3226E-FollowerState
2022-06-16 16:19:27,075 [grpc-default-executor-0] INFO  impl.RoleInfo (RoleInfo.java:updateAndGet(139)) - e92161bb-36da-4024-83fa-f02433e9e8b4: start e92161bb-36da-4024-83fa-f02433e9e8b4@group-0D178AC3226E-FollowerState
2022-06-16 16:19:27,075 [e92161bb-36da-4024-83fa-f02433e9e8b4@group-0D178AC3226E-FollowerState] INFO  impl.FollowerState (FollowerState.java:run(152)) - e92161bb-36da-4024-83fa-f02433e9e8b4@group-0D178AC3226E-FollowerState was interrupted
2022-06-16 16:19:27,076 [grpc-default-executor-0] INFO  server.RaftServer$Division (RaftServerImpl.java:requestVote(1184)) - e92161bb-36da-4024-83fa-f02433e9e8b4@group-0D178AC3226E replies to ELECTION vote request: f18629d0-4209-4076-ad9d-a135d0d60f56<-e92161bb-36da-4024-83fa-f02433e9e8b4#0:OK-t1. Peer's state: e92161bb-36da-4024-83fa-f02433e9e8b4@group-0D178AC3226E:t1, leader=null, voted=f18629d0-4209-4076-ad9d-a135d0d60f56, raftlog=e92161bb-36da-4024-83fa-f02433e9e8b4@group-0D178AC3226E-SegmentedRaftLog:OPENED:c-1, conf=-1: [e92161bb-36da-4024-83fa-f02433e9e8b4|rpc:10.1.0.16:37825|dataStream:|priority:0, f18629d0-4209-4076-ad9d-a135d0d60f56|rpc:10.1.0.16:43341|dataStream:|priority:1, 5b838663-213a-4fbf-828e-9dfe1e385535|rpc:10.1.0.16:33841|dataStream:|priority:0], old=null
2022-06-16 16:19:27,095 [f18629d0-4209-4076-ad9d-a135d0d60f56@group-0D178AC3226E-LeaderElection18] INFO  impl.LeaderElection (LeaderElection.java:logAndReturn(90)) - f18629d0-4209-4076-ad9d-a135d0d60f56@group-0D178AC3226E-LeaderElection18: ELECTION PASSED received 1 response(s) and 0 exception(s):
2022-06-16 16:19:27,095 [f18629d0-4209-4076-ad9d-a135d0d60f56@group-0D178AC3226E-LeaderElection18] INFO  impl.LeaderElection (LeaderElection.java:logAndReturn(94)) -   Response 0: f18629d0-4209-4076-ad9d-a135d0d60f56<-e92161bb-36da-4024-83fa-f02433e9e8b4#0:OK-t1
2022-06-16 16:19:27,095 [f18629d0-4209-4076-ad9d-a135d0d60f56@group-0D178AC3226E-LeaderElection18] INFO  impl.LeaderElection (LeaderElection.java:askForVotes(312)) - f18629d0-4209-4076-ad9d-a135d0d60f56@group-0D178AC3226E-LeaderElection18 ELECTION round 0: result PASSED
2022-06-16 16:19:27,095 [f18629d0-4209-4076-ad9d-a135d0d60f56@group-0D178AC3226E-LeaderElection18] INFO  impl.RoleInfo (RoleInfo.java:shutdownLeaderElection(130)) - f18629d0-4209-4076-ad9d-a135d0d60f56: shutdown f18629d0-4209-4076-ad9d-a135d0d60f56@group-0D178AC3226E-LeaderElection18
2022-06-16 16:19:27,095 [f18629d0-4209-4076-ad9d-a135d0d60f56@group-0D178AC3226E-LeaderElection18] INFO  server.RaftServer$Division (RaftServerImpl.java:setRole(299)) - f18629d0-4209-4076-ad9d-a135d0d60f56@group-0D178AC3226E: changes role from CANDIDATE to LEADER at term 1 for changeToLeader
2022-06-16 16:19:27,095 [f18629d0-4209-4076-ad9d-a135d0d60f56@group-0D178AC3226E-LeaderElection18] INFO  ratis.XceiverServerRatis (XceiverServerRatis.java:handleLeaderChangedNotification(863)) - Leader change notification received for group: group-0D178AC3226E with new leaderId: f18629d0-4209-4076-ad9d-a135d0d60f56
2022-06-16 16:19:27,095 [f18629d0-4209-4076-ad9d-a135d0d60f56@group-0D178AC3226E-LeaderElection18] INFO  server.RaftServer$Division (ServerState.java:setLeader(287)) - f18629d0-4209-4076-ad9d-a135d0d60f56@group-0D178AC3226E: change Leader from null to f18629d0-4209-4076-ad9d-a135d0d60f56 at term 1 for becomeLeader, leader elected after 5117ms
2022-06-16 16:19:27,095 [f18629d0-4209-4076-ad9d-a135d0d60f56@group-0D178AC3226E-LeaderElection18] INFO  server.RaftServerConfigKeys (ConfUtils.java:logGet(46)) - raft.server.staging.catchup.gap = 1000 (default)
2022-06-16 16:19:27,096 [f18629d0-4209-4076-ad9d-a135d0d60f56@group-0D178AC3226E-LeaderElection18] INFO  server.RaftServerConfigKeys (ConfUtils.java:logGet(46)) - raft.server.write.element-limit = 1024 (custom)
2022-06-16 16:19:27,096 [f18629d0-4209-4076-ad9d-a135d0d60f56@group-0D178AC3226E-LeaderElection18] INFO  server.RaftServerConfigKeys (ConfUtils.java:logGet(46)) - raft.server.write.byte-limit = 1024 M (=1073741824) (custom)
2022-06-16 16:19:27,096 [f18629d0-4209-4076-ad9d-a135d0d60f56@group-0D178AC3226E-LeaderElection18] INFO  server.RaftServerConfigKeys (ConfUtils.java:logGet(46)) - raft.server.watch.timeout = 180s (custom)
2022-06-16 16:19:27,096 [f18629d0-4209-4076-ad9d-a135d0d60f56@group-0D178AC3226E-LeaderElection18] INFO  server.RaftServerConfigKeys (ConfUtils.java:logGet(46)) - raft.server.watch.timeout.denomination = 1s (default)
2022-06-16 16:19:27,096 [f18629d0-4209-4076-ad9d-a135d0d60f56@group-0D178AC3226E-LeaderElection18] INFO  server.RaftServerConfigKeys (ConfUtils.java:logGet(46)) - raft.server.watch.element-limit = 65536 (default)
2022-06-16 16:19:27,096 [f18629d0-4209-4076-ad9d-a135d0d60f56@group-0D178AC3226E-LeaderElection18] INFO  server.RaftServerConfigKeys (ConfUtils.java:logGet(46)) - raft.server.write.element-limit = 1024 (custom)
2022-06-16 16:19:27,096 [f18629d0-4209-4076-ad9d-a135d0d60f56@group-0D178AC3226E-LeaderElection18] INFO  server.RaftServerConfigKeys (ConfUtils.java:logGet(46)) - raft.server.write.follower.gap.ratio.max = -1.0 (default)
2022-06-16 16:19:27,103 [EventQueue-PipelineReportForPipelineReportHandler] INFO  pipeline.PipelineManagerImpl (PipelineManagerImpl.java:openPipeline(356)) - Pipeline Pipeline[ Id: 76fa6611-d988-42bf-a47e-0d178ac3226e, Nodes: f18629d0-4209-4076-ad9d-a135d0d60f56{ip: 10.1.0.16, host: fv-az37-268.zqe2tmcsx5vuvjs3sdc4q2yfud.gx.internal.cloudapp.net, ports: [REPLICATION=41109, RATIS=43341, RATIS_ADMIN=43341, RATIS_SERVER=43341, STANDALONE=38595], networkLocation: /default-rack, certSerialId: null, persistedOpState: IN_SERVICE, persistedOpStateExpiryEpochSec: 0}5b838663-213a-4fbf-828e-9dfe1e385535{ip: 10.1.0.16, host: fv-az37-268.zqe2tmcsx5vuvjs3sdc4q2yfud.gx.internal.cloudapp.net, ports: [REPLICATION=45579, RATIS=33841, RATIS_ADMIN=33841, RATIS_SERVER=33841, STANDALONE=35121], networkLocation: /default-rack, certSerialId: null, persistedOpState: IN_SERVICE, persistedOpStateExpiryEpochSec: 0}e92161bb-36da-4024-83fa-f02433e9e8b4{ip: 10.1.0.16, host: fv-az37-268.zqe2tmcsx5vuvjs3sdc4q2yfud.gx.internal.cloudapp.net, ports: [REPLICATION=36981, RATIS=37825, RATIS_ADMIN=37825, RATIS_SERVER=37825, STANDALONE=35063], networkLocation: /default-rack, certSerialId: null, persistedOpState: IN_SERVICE, persistedOpStateExpiryEpochSec: 0}, ReplicationConfig: RATIS/THREE, State:ALLOCATED, leaderId:f18629d0-4209-4076-ad9d-a135d0d60f56, CreationTimestamp2022-06-16T16:19:20.465Z[Etc/UTC]] moved to OPEN state
2022-06-16 16:19:27,103 [EventQueue-OpenPipelineForHealthyPipelineSafeModeRule] INFO  safemode.SCMSafeModeManager (HealthyPipelineSafeModeRule.java:process(124)) - SCM in safe mode. Healthy pipelines reported count is 0, required healthy pipeline reported count is 1
2022-06-16 16:19:27,103 [EventQueue-OpenPipelineForHealthyPipelineSafeModeRule] INFO  safemode.SCMSafeModeManager (HealthyPipelineSafeModeRule.java:process(124)) - SCM in safe mode. Healthy pipelines reported count is 1, required healthy pipeline reported count is 1
2022-06-16 16:19:27,103 [EventQueue-OpenPipelineForHealthyPipelineSafeModeRule] INFO  safemode.SCMSafeModeManager (SCMSafeModeManager.java:validateSafeModeExitRules(204)) - HealthyPipelineSafeModeRule rule is successfully validated
2022-06-16 16:19:27,103 [EventQueue-OpenPipelineForHealthyPipelineSafeModeRule] INFO  safemode.SCMSafeModeManager (SCMSafeModeManager.java:validateSafeModeExitRules(219)) - ScmSafeModeManager, all rules are successfully validated
2022-06-16 16:19:27,103 [EventQueue-OpenPipelineForHealthyPipelineSafeModeRule] INFO  safemode.SCMSafeModeManager (SCMSafeModeManager.java:exitSafeMode(248)) - SCM exiting safe mode.
2022-06-16 16:19:27,103 [EventQueue-OpenPipelineForHealthyPipelineSafeModeRule] WARN  events.EventQueue (EventQueue.java:fireEvent(194)) - No event handler registered for event TypedEvent{payloadType=SafeModeStatus, name='Safe mode status'}
2022-06-16 16:19:27,103 [EventQueue-OpenPipelineForHealthyPipelineSafeModeRule] INFO  ha.SCMContext (SCMContext.java:updateSafeModeStatus(228)) - Update SafeModeStatus from SafeModeStatus{safeModeStatus=true, preCheckPassed=true} to SafeModeStatus{safeModeStatus=false, preCheckPassed=true}.
2022-06-16 16:19:27,103 [EventQueue-OpenPipelineForHealthyPipelineSafeModeRule] INFO  pipeline.BackgroundPipelineCreator (BackgroundPipelineCreator.java:notifyStatusChanged(251)) - Service BackgroundPipelineCreator transitions to RUNNING.
2022-06-16 16:19:27,103 [EventQueue-OpenPipelineForHealthyPipelineSafeModeRule] INFO  BackgroundPipelineScrubber (BackgroundSCMService.java:notifyStatusChanged(82)) - Service BackgroundPipelineScrubber transitions to RUNNING.
2022-06-16 16:19:27,103 [EventQueue-OpenPipelineForHealthyPipelineSafeModeRule] INFO  ExpiredContainerReplicaOpScrubber (BackgroundSCMService.java:notifyStatusChanged(82)) - Service ExpiredContainerReplicaOpScrubber transitions to RUNNING.
2022-06-16 16:19:27,103 [EventQueue-OpenPipelineForHealthyPipelineSafeModeRule] INFO  replication.ReplicationManager (ReplicationManager.java:notifyStatusChanged(372)) - Service ReplicationManager transitions to RUNNING.
2022-06-16 16:19:27,103 [EventQueue-OpenPipelineForHealthyPipelineSafeModeRule] WARN  balancer.ContainerBalancer (ContainerBalancer.java:shouldRun(875)) - Could not find persisted configuration for ContainerBalancer when checking if ContainerBalancer should run. ContainerBalancer should not run now.
2022-06-16 16:19:27,106 [f18629d0-4209-4076-ad9d-a135d0d60f56@group-0D178AC3226E-LeaderElection18] INFO  server.RaftServerConfigKeys (ConfUtils.java:logGet(46)) - raft.server.log.appender.snapshot.chunk.size.max = 16MB (=16777216) (default)
2022-06-16 16:19:27,106 [f18629d0-4209-4076-ad9d-a135d0d60f56@group-0D178AC3226E-LeaderElection18] INFO  server.RaftServerConfigKeys (ConfUtils.java:logGet(46)) - raft.server.log.appender.buffer.byte-limit = 33554432 (custom)
2022-06-16 16:19:27,106 [f18629d0-4209-4076-ad9d-a135d0d60f56@group-0D178AC3226E-LeaderElection18] INFO  server.RaftServerConfigKeys (ConfUtils.java:logGet(46)) - raft.server.log.appender.buffer.element-limit = 1 (custom)
2022-06-16 16:19:27,107 [f18629d0-4209-4076-ad9d-a135d0d60f56@group-0D178AC3226E-LeaderElection18] INFO  grpc.GrpcConfigKeys (ConfUtils.java:logGet(46)) - raft.grpc.server.leader.outstanding.appends.max = 128 (default)
2022-06-16 16:19:27,107 [f18629d0-4209-4076-ad9d-a135d0d60f56@group-0D178AC3226E-LeaderElection18] INFO  server.RaftServerConfigKeys (ConfUtils.java:logGet(46)) - raft.server.rpc.request.timeout = 60s (custom)
2022-06-16 16:19:27,107 [f18629d0-4209-4076-ad9d-a135d0d60f56@group-0D178AC3226E-LeaderElection18] INFO  server.RaftServerConfigKeys (ConfUtils.java:logGet(46)) - raft.server.log.appender.install.snapshot.enabled = false (custom)
2022-06-16 16:19:27,107 [f18629d0-4209-4076-ad9d-a135d0d60f56@group-0D178AC3226E-LeaderElection18] INFO  server.RaftServerConfigKeys (ConfUtils.java:logGet(46)) - raft.server.log.appender.snapshot.chunk.size.max = 16MB (=16777216) (default)
2022-06-16 16:19:27,107 [f18629d0-4209-4076-ad9d-a135d0d60f56@group-0D178AC3226E-LeaderElection18] INFO  server.RaftServerConfigKeys (ConfUtils.java:logGet(46)) - raft.server.log.appender.buffer.byte-limit = 33554432 (custom)
2022-06-16 16:19:27,108 [f18629d0-4209-4076-ad9d-a135d0d60f56@group-0D178AC3226E-LeaderElection18] INFO  server.RaftServerConfigKeys (ConfUtils.java:logGet(46)) - raft.server.log.appender.buffer.element-limit = 1 (custom)
2022-06-16 16:19:27,108 [f18629d0-4209-4076-ad9d-a135d0d60f56@group-0D178AC3226E-LeaderElection18] INFO  grpc.GrpcConfigKeys (ConfUtils.java:logGet(46)) - raft.grpc.server.leader.outstanding.appends.max = 128 (default)
2022-06-16 16:19:27,108 [f18629d0-4209-4076-ad9d-a135d0d60f56@group-0D178AC3226E-LeaderElection18] INFO  server.RaftServerConfigKeys (ConfUtils.java:logGet(46)) - raft.server.rpc.request.timeout = 60s (custom)
2022-06-16 16:19:27,108 [f18629d0-4209-4076-ad9d-a135d0d60f56@group-0D178AC3226E-LeaderElection18] INFO  server.RaftServerConfigKeys (ConfUtils.java:logGet(46)) - raft.server.log.appender.install.snapshot.enabled = false (custom)
2022-06-16 16:19:27,108 [f18629d0-4209-4076-ad9d-a135d0d60f56@group-0D178AC3226E-LeaderElection18] INFO  impl.RoleInfo (RoleInfo.java:updateAndGet(139)) - f18629d0-4209-4076-ad9d-a135d0d60f56: start f18629d0-4209-4076-ad9d-a135d0d60f56@group-0D178AC3226E-LeaderStateImpl
2022-06-16 16:19:27,108 [f18629d0-4209-4076-ad9d-a135d0d60f56@group-0D178AC3226E-LeaderElection18] INFO  segmented.SegmentedRaftLogWorker (SegmentedRaftLogWorker.java:startLogSegment(425)) - f18629d0-4209-4076-ad9d-a135d0d60f56@group-0D178AC3226E-SegmentedRaftLogWorker: Starting segment from index:0
2022-06-16 16:19:27,114 [grpc-default-executor-0] INFO  server.RaftServer$Division (RaftServerImpl.java:requestVote(1152)) - 5b838663-213a-4fbf-828e-9dfe1e385535@group-0D178AC3226E: receive requestVote(ELECTION, f18629d0-4209-4076-ad9d-a135d0d60f56, group-0D178AC3226E, 1, (t:0, i:0))
2022-06-16 16:19:27,114 [grpc-default-executor-0] INFO  impl.VoteContext (VoteContext.java:log(48)) - 5b838663-213a-4fbf-828e-9dfe1e385535@group-0D178AC3226E-FOLLOWER: accept ELECTION from f18629d0-4209-4076-ad9d-a135d0d60f56: our priority 0 <= candidate's priority 1
2022-06-16 16:19:27,114 [grpc-default-executor-0] INFO  server.RaftServer$Division (RaftServerImpl.java:setRole(299)) - 5b838663-213a-4fbf-828e-9dfe1e385535@group-0D178AC3226E: changes role from  FOLLOWER to FOLLOWER at term 1 for candidate:f18629d0-4209-4076-ad9d-a135d0d60f56
2022-06-16 16:19:27,115 [grpc-default-executor-0] INFO  impl.RoleInfo (RoleInfo.java:shutdownFollowerState(110)) - 5b838663-213a-4fbf-828e-9dfe1e385535: shutdown 5b838663-213a-4fbf-828e-9dfe1e385535@group-0D178AC3226E-FollowerState
2022-06-16 16:19:27,115 [grpc-default-executor-0] INFO  impl.RoleInfo (RoleInfo.java:updateAndGet(139)) - 5b838663-213a-4fbf-828e-9dfe1e385535: start 5b838663-213a-4fbf-828e-9dfe1e385535@group-0D178AC3226E-FollowerState
2022-06-16 16:19:27,115 [5b838663-213a-4fbf-828e-9dfe1e385535@group-0D178AC3226E-FollowerState] INFO  impl.FollowerState (FollowerState.java:run(152)) - 5b838663-213a-4fbf-828e-9dfe1e385535@group-0D178AC3226E-FollowerState was interrupted
2022-06-16 16:19:27,129 [f18629d0-4209-4076-ad9d-a135d0d60f56@group-0D178AC3226E-SegmentedRaftLogWorker] INFO  segmented.SegmentedRaftLogWorker (SegmentedRaftLogWorker.java:execute(629)) - f18629d0-4209-4076-ad9d-a135d0d60f56@group-0D178AC3226E-SegmentedRaftLogWorker: created new log segment /home/runner/work/ozone/ozone/hadoop-ozone/integration-test/target/test-dir/MiniOzoneClusterImpl-3714a898-0fe0-42e2-9307-bd15e6fadcd3/datanode-0/data/ratis/76fa6611-d988-42bf-a47e-0d178ac3226e/current/log_inprogress_0
2022-06-16 16:19:27,145 [f18629d0-4209-4076-ad9d-a135d0d60f56@group-52F9F5B6FB9E-FollowerState] INFO  impl.FollowerState (FollowerState.java:run(143)) - f18629d0-4209-4076-ad9d-a135d0d60f56@group-52F9F5B6FB9E-FollowerState: change to CANDIDATE, lastRpcElapsedTime:5173793780ns, electionTimeout:5173ms
2022-06-16 16:19:27,146 [f18629d0-4209-4076-ad9d-a135d0d60f56@group-52F9F5B6FB9E-FollowerState] INFO  impl.RoleInfo (RoleInfo.java:shutdownFollowerState(110)) - f18629d0-4209-4076-ad9d-a135d0d60f56: shutdown f18629d0-4209-4076-ad9d-a135d0d60f56@group-52F9F5B6FB9E-FollowerState
2022-06-16 16:19:27,146 [f18629d0-4209-4076-ad9d-a135d0d60f56@group-52F9F5B6FB9E-FollowerState] INFO  server.RaftServer$Division (RaftServerImpl.java:setRole(299)) - f18629d0-4209-4076-ad9d-a135d0d60f56@group-52F9F5B6FB9E: changes role from  FOLLOWER to CANDIDATE at term 0 for changeToCandidate
2022-06-16 16:19:27,154 [grpc-default-executor-0] INFO  server.RaftServer$Division (RaftServerImpl.java:requestVote(1184)) - 5b838663-213a-4fbf-828e-9dfe1e385535@group-0D178AC3226E replies to ELECTION vote request: f18629d0-4209-4076-ad9d-a135d0d60f56<-5b838663-213a-4fbf-828e-9dfe1e385535#0:OK-t1. Peer's state: 5b838663-213a-4fbf-828e-9dfe1e385535@group-0D178AC3226E:t1, leader=null, voted=f18629d0-4209-4076-ad9d-a135d0d60f56, raftlog=5b838663-213a-4fbf-828e-9dfe1e385535@group-0D178AC3226E-SegmentedRaftLog:OPENED:c-1, conf=-1: [e92161bb-36da-4024-83fa-f02433e9e8b4|rpc:10.1.0.16:37825|dataStream:|priority:0, f18629d0-4209-4076-ad9d-a135d0d60f56|rpc:10.1.0.16:43341|dataStream:|priority:1, 5b838663-213a-4fbf-828e-9dfe1e385535|rpc:10.1.0.16:33841|dataStream:|priority:0], old=null
2022-06-16 16:19:27,155 [f18629d0-4209-4076-ad9d-a135d0d60f56@group-52F9F5B6FB9E-FollowerState] INFO  server.RaftServerConfigKeys (ConfUtils.java:logGet(46)) - raft.server.leaderelection.pre-vote = false (custom)
2022-06-16 16:19:27,155 [f18629d0-4209-4076-ad9d-a135d0d60f56@group-52F9F5B6FB9E-FollowerState] INFO  impl.RoleInfo (RoleInfo.java:updateAndGet(139)) - f18629d0-4209-4076-ad9d-a135d0d60f56: start f18629d0-4209-4076-ad9d-a135d0d60f56@group-52F9F5B6FB9E-LeaderElection19
2022-06-16 16:19:27,179 [f18629d0-4209-4076-ad9d-a135d0d60f56@group-0D178AC3226E-LeaderElection18] INFO  server.RaftServer$Division (ServerState.java:setRaftConf(393)) - f18629d0-4209-4076-ad9d-a135d0d60f56@group-0D178AC3226E: set configuration 0: [e92161bb-36da-4024-83fa-f02433e9e8b4|rpc:10.1.0.16:37825|dataStream:|priority:0, f18629d0-4209-4076-ad9d-a135d0d60f56|rpc:10.1.0.16:43341|dataStream:|priority:1, 5b838663-213a-4fbf-828e-9dfe1e385535|rpc:10.1.0.16:33841|dataStream:|priority:0], old=null
2022-06-16 16:19:27,181 [f18629d0-4209-4076-ad9d-a135d0d60f56@group-52F9F5B6FB9E-LeaderElection19] INFO  impl.LeaderElection (LeaderElection.java:askForVotes(310)) - f18629d0-4209-4076-ad9d-a135d0d60f56@group-52F9F5B6FB9E-LeaderElection19 ELECTION round 0: submit vote requests at term 1 for -1: [f18629d0-4209-4076-ad9d-a135d0d60f56|rpc:10.1.0.16:43341|priority:1], old=null
2022-06-16 16:19:27,181 [f18629d0-4209-4076-ad9d-a135d0d60f56@group-52F9F5B6FB9E-LeaderElection19] INFO  impl.LeaderElection (LeaderElection.java:askForVotes(312)) - f18629d0-4209-4076-ad9d-a135d0d60f56@group-52F9F5B6FB9E-LeaderElection19 ELECTION round 0: result PASSED (term=1)
2022-06-16 16:19:27,181 [f18629d0-4209-4076-ad9d-a135d0d60f56@group-52F9F5B6FB9E-LeaderElection19] INFO  impl.RoleInfo (RoleInfo.java:shutdownLeaderElection(130)) - f18629d0-4209-4076-ad9d-a135d0d60f56: shutdown f18629d0-4209-4076-ad9d-a135d0d60f56@group-52F9F5B6FB9E-LeaderElection19
2022-06-16 16:19:27,181 [f18629d0-4209-4076-ad9d-a135d0d60f56@group-52F9F5B6FB9E-LeaderElection19] INFO  server.RaftServer$Division (RaftServerImpl.java:setRole(299)) - f18629d0-4209-4076-ad9d-a135d0d60f56@group-52F9F5B6FB9E: changes role from CANDIDATE to LEADER at term 1 for changeToLeader
2022-06-16 16:19:27,181 [f18629d0-4209-4076-ad9d-a135d0d60f56@group-52F9F5B6FB9E-LeaderElection19] INFO  ratis.XceiverServerRatis (XceiverServerRatis.java:handleLeaderChangedNotification(863)) - Leader change notification received for group: group-52F9F5B6FB9E with new leaderId: f18629d0-4209-4076-ad9d-a135d0d60f56
2022-06-16 16:19:27,182 [f18629d0-4209-4076-ad9d-a135d0d60f56@group-52F9F5B6FB9E-LeaderElection19] INFO  server.RaftServer$Division (ServerState.java:setLeader(287)) - f18629d0-4209-4076-ad9d-a135d0d60f56@group-52F9F5B6FB9E: change Leader from null to f18629d0-4209-4076-ad9d-a135d0d60f56 at term 1 for becomeLeader, leader elected after 5234ms
2022-06-16 16:19:27,182 [f18629d0-4209-4076-ad9d-a135d0d60f56@group-52F9F5B6FB9E-LeaderElection19] INFO  server.RaftServerConfigKeys (ConfUtils.java:logGet(46)) - raft.server.staging.catchup.gap = 1000 (default)
2022-06-16 16:19:27,182 [f18629d0-4209-4076-ad9d-a135d0d60f56@group-52F9F5B6FB9E-LeaderElection19] INFO  server.RaftServerConfigKeys (ConfUtils.java:logGet(46)) - raft.server.write.element-limit = 1024 (custom)
2022-06-16 16:19:27,182 [f18629d0-4209-4076-ad9d-a135d0d60f56@group-52F9F5B6FB9E-LeaderElection19] INFO  server.RaftServerConfigKeys (ConfUtils.java:logGet(46)) - raft.server.write.byte-limit = 1024 M (=1073741824) (custom)
2022-06-16 16:19:27,207 [Listener at 127.0.0.1/34065] INFO  ozone.MiniOzoneClusterImpl (MiniOzoneClusterImpl.java:lambda$waitForClusterToBeReady$0(221)) - Nodes are ready. Got 5 of 5 DN Heartbeats.
2022-06-16 16:19:27,207 [Listener at 127.0.0.1/34065] INFO  ozone.MiniOzoneClusterImpl (MiniOzoneClusterImpl.java:lambda$waitForClusterToBeReady$0(224)) - Cluster exits safe mode
2022-06-16 16:19:27,207 [Listener at 127.0.0.1/34065] INFO  ozone.MiniOzoneClusterImpl (MiniOzoneClusterImpl.java:lambda$waitForClusterToBeReady$0(226)) - SCM became leader
2022-06-16 16:19:27,215 [f18629d0-4209-4076-ad9d-a135d0d60f56@group-52F9F5B6FB9E-LeaderElection19] INFO  server.RaftServerConfigKeys (ConfUtils.java:logGet(46)) - raft.server.watch.timeout = 180s (custom)
2022-06-16 16:19:27,215 [f18629d0-4209-4076-ad9d-a135d0d60f56@group-52F9F5B6FB9E-LeaderElection19] INFO  server.RaftServerConfigKeys (ConfUtils.java:logGet(46)) - raft.server.watch.timeout.denomination = 1s (default)
2022-06-16 16:19:27,215 [f18629d0-4209-4076-ad9d-a135d0d60f56@group-52F9F5B6FB9E-LeaderElection19] INFO  server.RaftServerConfigKeys (ConfUtils.java:logGet(46)) - raft.server.watch.element-limit = 65536 (default)
2022-06-16 16:19:27,215 [f18629d0-4209-4076-ad9d-a135d0d60f56@group-52F9F5B6FB9E-LeaderElection19] INFO  server.RaftServerConfigKeys (ConfUtils.java:logGet(46)) - raft.server.write.element-limit = 1024 (custom)
2022-06-16 16:19:27,215 [f18629d0-4209-4076-ad9d-a135d0d60f56@group-52F9F5B6FB9E-LeaderElection19] INFO  server.RaftServerConfigKeys (ConfUtils.java:logGet(46)) - raft.server.write.follower.gap.ratio.max = -1.0 (default)
2022-06-16 16:19:27,215 [f18629d0-4209-4076-ad9d-a135d0d60f56@group-52F9F5B6FB9E-LeaderElection19] INFO  impl.RoleInfo (RoleInfo.java:updateAndGet(139)) - f18629d0-4209-4076-ad9d-a135d0d60f56: start f18629d0-4209-4076-ad9d-a135d0d60f56@group-52F9F5B6FB9E-LeaderStateImpl
2022-06-16 16:19:27,216 [f18629d0-4209-4076-ad9d-a135d0d60f56@group-52F9F5B6FB9E-LeaderElection19] INFO  segmented.SegmentedRaftLogWorker (SegmentedRaftLogWorker.java:startLogSegment(425)) - f18629d0-4209-4076-ad9d-a135d0d60f56@group-52F9F5B6FB9E-SegmentedRaftLogWorker: Starting segment from index:0
2022-06-16 16:19:27,220 [f18629d0-4209-4076-ad9d-a135d0d60f56@group-52F9F5B6FB9E-SegmentedRaftLogWorker] INFO  segmented.SegmentedRaftLogWorker (SegmentedRaftLogWorker.java:execute(629)) - f18629d0-4209-4076-ad9d-a135d0d60f56@group-52F9F5B6FB9E-SegmentedRaftLogWorker: created new log segment /home/runner/work/ozone/ozone/hadoop-ozone/integration-test/target/test-dir/MiniOzoneClusterImpl-3714a898-0fe0-42e2-9307-bd15e6fadcd3/datanode-0/data/ratis/6a3426eb-9662-4aec-80d7-52f9f5b6fb9e/current/log_inprogress_0
2022-06-16 16:19:27,247 [5b838663-213a-4fbf-828e-9dfe1e385535-server-thread1] INFO  ratis.XceiverServerRatis (XceiverServerRatis.java:handleLeaderChangedNotification(863)) - Leader change notification received for group: group-0D178AC3226E with new leaderId: f18629d0-4209-4076-ad9d-a135d0d60f56
2022-06-16 16:19:27,247 [5b838663-213a-4fbf-828e-9dfe1e385535-server-thread1] INFO  server.RaftServer$Division (ServerState.java:setLeader(287)) - 5b838663-213a-4fbf-828e-9dfe1e385535@group-0D178AC3226E: change Leader from null to f18629d0-4209-4076-ad9d-a135d0d60f56 at term 1 for appendEntries, leader elected after 5088ms
2022-06-16 16:19:27,247 [e92161bb-36da-4024-83fa-f02433e9e8b4-server-thread1] INFO  ratis.XceiverServerRatis (XceiverServerRatis.java:handleLeaderChangedNotification(863)) - Leader change notification received for group: group-0D178AC3226E with new leaderId: f18629d0-4209-4076-ad9d-a135d0d60f56
2022-06-16 16:19:27,247 [e92161bb-36da-4024-83fa-f02433e9e8b4-server-thread1] INFO  server.RaftServer$Division (ServerState.java:setLeader(287)) - e92161bb-36da-4024-83fa-f02433e9e8b4@group-0D178AC3226E: change Leader from null to f18629d0-4209-4076-ad9d-a135d0d60f56 at term 1 for appendEntries, leader elected after 4960ms
2022-06-16 16:19:27,247 [f18629d0-4209-4076-ad9d-a135d0d60f56@group-52F9F5B6FB9E-LeaderElection19] INFO  server.RaftServer$Division (ServerState.java:setRaftConf(393)) - f18629d0-4209-4076-ad9d-a135d0d60f56@group-52F9F5B6FB9E: set configuration 0: [f18629d0-4209-4076-ad9d-a135d0d60f56|rpc:10.1.0.16:43341|dataStream:|priority:1], old=null
2022-06-16 16:19:27,266 [5b838663-213a-4fbf-828e-9dfe1e385535-server-thread1] INFO  server.RaftServer$Division (ServerState.java:setRaftConf(393)) - 5b838663-213a-4fbf-828e-9dfe1e385535@group-0D178AC3226E: set configuration 0: [e92161bb-36da-4024-83fa-f02433e9e8b4|rpc:10.1.0.16:37825|dataStream:|priority:0, f18629d0-4209-4076-ad9d-a135d0d60f56|rpc:10.1.0.16:43341|dataStream:|priority:1, 5b838663-213a-4fbf-828e-9dfe1e385535|rpc:10.1.0.16:33841|dataStream:|priority:0], old=null
2022-06-16 16:19:27,267 [5b838663-213a-4fbf-828e-9dfe1e385535-server-thread1] INFO  segmented.SegmentedRaftLogWorker (SegmentedRaftLogWorker.java:startLogSegment(425)) - 5b838663-213a-4fbf-828e-9dfe1e385535@group-0D178AC3226E-SegmentedRaftLogWorker: Starting segment from index:0
2022-06-16 16:19:27,274 [5b838663-213a-4fbf-828e-9dfe1e385535@group-0D178AC3226E-SegmentedRaftLogWorker] INFO  segmented.SegmentedRaftLogWorker (SegmentedRaftLogWorker.java:execute(629)) - 5b838663-213a-4fbf-828e-9dfe1e385535@group-0D178AC3226E-SegmentedRaftLogWorker: created new log segment /home/runner/work/ozone/ozone/hadoop-ozone/integration-test/target/test-dir/MiniOzoneClusterImpl-3714a898-0fe0-42e2-9307-bd15e6fadcd3/datanode-2/data/ratis/76fa6611-d988-42bf-a47e-0d178ac3226e/current/log_inprogress_0
2022-06-16 16:19:27,319 [e92161bb-36da-4024-83fa-f02433e9e8b4-server-thread1] INFO  server.RaftServer$Division (ServerState.java:setRaftConf(393)) - e92161bb-36da-4024-83fa-f02433e9e8b4@group-0D178AC3226E: set configuration 0: [e92161bb-36da-4024-83fa-f02433e9e8b4|rpc:10.1.0.16:37825|dataStream:|priority:0, f18629d0-4209-4076-ad9d-a135d0d60f56|rpc:10.1.0.16:43341|dataStream:|priority:1, 5b838663-213a-4fbf-828e-9dfe1e385535|rpc:10.1.0.16:33841|dataStream:|priority:0], old=null
2022-06-16 16:19:27,335 [e92161bb-36da-4024-83fa-f02433e9e8b4-server-thread1] INFO  segmented.SegmentedRaftLogWorker (SegmentedRaftLogWorker.java:startLogSegment(425)) - e92161bb-36da-4024-83fa-f02433e9e8b4@group-0D178AC3226E-SegmentedRaftLogWorker: Starting segment from index:0
2022-06-16 16:19:27,336 [e92161bb-36da-4024-83fa-f02433e9e8b4@group-0D178AC3226E-SegmentedRaftLogWorker] INFO  segmented.SegmentedRaftLogWorker (SegmentedRaftLogWorker.java:execute(629)) - e92161bb-36da-4024-83fa-f02433e9e8b4@group-0D178AC3226E-SegmentedRaftLogWorker: created new log segment /home/runner/work/ozone/ozone/hadoop-ozone/integration-test/target/test-dir/MiniOzoneClusterImpl-3714a898-0fe0-42e2-9307-bd15e6fadcd3/datanode-1/data/ratis/76fa6611-d988-42bf-a47e-0d178ac3226e/current/log_inprogress_0
2022-06-16 16:19:27,435 [Time-limited test] INFO  rpc.RpcClient (RpcClient.java:createVolume(466)) - Creating Volume: volume31865, with user08584 as owner and space quota set to -1 bytes, counts quota set to -1
2022-06-16 16:19:27,439 [f18629d0-4209-4076-ad9d-a135d0d60f56@group-D1498762B26E-FollowerState] INFO  impl.FollowerState (FollowerState.java:run(143)) - f18629d0-4209-4076-ad9d-a135d0d60f56@group-D1498762B26E-FollowerState: change to CANDIDATE, lastRpcElapsedTime:5088933063ns, electionTimeout:5085ms
2022-06-16 16:19:27,440 [f18629d0-4209-4076-ad9d-a135d0d60f56@group-D1498762B26E-FollowerState] INFO  impl.RoleInfo (RoleInfo.java:shutdownFollowerState(110)) - f18629d0-4209-4076-ad9d-a135d0d60f56: shutdown f18629d0-4209-4076-ad9d-a135d0d60f56@group-D1498762B26E-FollowerState
2022-06-16 16:19:27,440 [f18629d0-4209-4076-ad9d-a135d0d60f56@group-D1498762B26E-FollowerState] INFO  server.RaftServer$Division (RaftServerImpl.java:setRole(299)) - f18629d0-4209-4076-ad9d-a135d0d60f56@group-D1498762B26E: changes role from  FOLLOWER to CANDIDATE at term 0 for changeToCandidate
2022-06-16 16:19:27,440 [f18629d0-4209-4076-ad9d-a135d0d60f56@group-D1498762B26E-FollowerState] INFO  server.RaftServerConfigKeys (ConfUtils.java:logGet(46)) - raft.server.leaderelection.pre-vote = false (custom)
2022-06-16 16:19:27,440 [f18629d0-4209-4076-ad9d-a135d0d60f56@group-D1498762B26E-FollowerState] INFO  impl.RoleInfo (RoleInfo.java:updateAndGet(139)) - f18629d0-4209-4076-ad9d-a135d0d60f56: start f18629d0-4209-4076-ad9d-a135d0d60f56@group-D1498762B26E-LeaderElection20
2022-06-16 16:19:27,488 [OM StateMachine ApplyTransaction Thread - 0] INFO  volume.OMVolumeCreateRequest (OMVolumeCreateRequest.java:validateAndUpdateCache(195)) - created volume:volume31865 for user:user08584
2022-06-16 16:19:27,509 [Time-limited test] INFO  rpc.RpcClient (RpcClient.java:createBucket(666)) - Creating Bucket: volume31865/bucket48712, with the Bucket Layout LEGACY, runner as owner, Versioning false, Storage Type set to DISK and Encryption set to false 
2022-06-16 16:19:27,510 [f18629d0-4209-4076-ad9d-a135d0d60f56@group-D1498762B26E-LeaderElection20] INFO  impl.LeaderElection (LeaderElection.java:askForVotes(310)) - f18629d0-4209-4076-ad9d-a135d0d60f56@group-D1498762B26E-LeaderElection20 ELECTION round 0: submit vote requests at term 1 for -1: [e92161bb-36da-4024-83fa-f02433e9e8b4|rpc:10.1.0.16:37825|priority:1, f18629d0-4209-4076-ad9d-a135d0d60f56|rpc:10.1.0.16:43341|priority:0, 5b838663-213a-4fbf-828e-9dfe1e385535|rpc:10.1.0.16:33841|priority:0], old=null
2022-06-16 16:19:27,537 [grpc-default-executor-1] INFO  server.RaftServer$Division (RaftServerImpl.java:requestVote(1152)) - e92161bb-36da-4024-83fa-f02433e9e8b4@group-D1498762B26E: receive requestVote(ELECTION, f18629d0-4209-4076-ad9d-a135d0d60f56, group-D1498762B26E, 1, (t:0, i:0))
2022-06-16 16:19:27,538 [grpc-default-executor-1] INFO  impl.VoteContext (VoteContext.java:log(48)) - e92161bb-36da-4024-83fa-f02433e9e8b4@group-D1498762B26E-FOLLOWER: reject ELECTION from f18629d0-4209-4076-ad9d-a135d0d60f56: our priority 1 > candidate's priority 0
2022-06-16 16:19:27,538 [grpc-default-executor-1] INFO  server.RaftServer$Division (RaftServerImpl.java:setRole(299)) - e92161bb-36da-4024-83fa-f02433e9e8b4@group-D1498762B26E: changes role from  FOLLOWER to FOLLOWER at term 1 for candidate:f18629d0-4209-4076-ad9d-a135d0d60f56
2022-06-16 16:19:27,538 [grpc-default-executor-1] INFO  impl.RoleInfo (RoleInfo.java:shutdownFollowerState(110)) - e92161bb-36da-4024-83fa-f02433e9e8b4: shutdown e92161bb-36da-4024-83fa-f02433e9e8b4@group-D1498762B26E-FollowerState
2022-06-16 16:19:27,538 [grpc-default-executor-1] INFO  impl.RoleInfo (RoleInfo.java:updateAndGet(139)) - e92161bb-36da-4024-83fa-f02433e9e8b4: start e92161bb-36da-4024-83fa-f02433e9e8b4@group-D1498762B26E-FollowerState
2022-06-16 16:19:27,538 [e92161bb-36da-4024-83fa-f02433e9e8b4@group-D1498762B26E-FollowerState] INFO  impl.FollowerState (FollowerState.java:run(152)) - e92161bb-36da-4024-83fa-f02433e9e8b4@group-D1498762B26E-FollowerState was interrupted
2022-06-16 16:19:27,551 [grpc-default-executor-2] INFO  server.RaftServer$Division (RaftServerImpl.java:requestVote(1152)) - 5b838663-213a-4fbf-828e-9dfe1e385535@group-D1498762B26E: receive requestVote(ELECTION, f18629d0-4209-4076-ad9d-a135d0d60f56, group-D1498762B26E, 1, (t:0, i:0))
2022-06-16 16:19:27,551 [grpc-default-executor-2] INFO  impl.VoteContext (VoteContext.java:log(48)) - 5b838663-213a-4fbf-828e-9dfe1e385535@group-D1498762B26E-FOLLOWER: accept ELECTION from f18629d0-4209-4076-ad9d-a135d0d60f56: our priority 0 <= candidate's priority 0
2022-06-16 16:19:27,552 [grpc-default-executor-2] INFO  server.RaftServer$Division (RaftServerImpl.java:setRole(299)) - 5b838663-213a-4fbf-828e-9dfe1e385535@group-D1498762B26E: changes role from  FOLLOWER to FOLLOWER at term 1 for candidate:f18629d0-4209-4076-ad9d-a135d0d60f56
2022-06-16 16:19:27,552 [grpc-default-executor-2] INFO  impl.RoleInfo (RoleInfo.java:shutdownFollowerState(110)) - 5b838663-213a-4fbf-828e-9dfe1e385535: shutdown 5b838663-213a-4fbf-828e-9dfe1e385535@group-D1498762B26E-FollowerState
2022-06-16 16:19:27,552 [grpc-default-executor-2] INFO  impl.RoleInfo (RoleInfo.java:updateAndGet(139)) - 5b838663-213a-4fbf-828e-9dfe1e385535: start 5b838663-213a-4fbf-828e-9dfe1e385535@group-D1498762B26E-FollowerState
2022-06-16 16:19:27,552 [5b838663-213a-4fbf-828e-9dfe1e385535@group-D1498762B26E-FollowerState] INFO  impl.FollowerState (FollowerState.java:run(152)) - 5b838663-213a-4fbf-828e-9dfe1e385535@group-D1498762B26E-FollowerState was interrupted
2022-06-16 16:19:27,566 [OM StateMachine ApplyTransaction Thread - 0] INFO  bucket.OMBucketCreateRequest (OMBucketCreateRequest.java:validateAndUpdateCache(260)) - created bucket: bucket48712 of layout LEGACY in volume: volume31865
2022-06-16 16:19:27,572 [grpc-default-executor-2] INFO  server.RaftServer$Division (RaftServerImpl.java:requestVote(1184)) - 5b838663-213a-4fbf-828e-9dfe1e385535@group-D1498762B26E replies to ELECTION vote request: f18629d0-4209-4076-ad9d-a135d0d60f56<-5b838663-213a-4fbf-828e-9dfe1e385535#0:OK-t1. Peer's state: 5b838663-213a-4fbf-828e-9dfe1e385535@group-D1498762B26E:t1, leader=null, voted=f18629d0-4209-4076-ad9d-a135d0d60f56, raftlog=5b838663-213a-4fbf-828e-9dfe1e385535@group-D1498762B26E-SegmentedRaftLog:OPENED:c-1, conf=-1: [e92161bb-36da-4024-83fa-f02433e9e8b4|rpc:10.1.0.16:37825|dataStream:|priority:1, f18629d0-4209-4076-ad9d-a135d0d60f56|rpc:10.1.0.16:43341|dataStream:|priority:0, 5b838663-213a-4fbf-828e-9dfe1e385535|rpc:10.1.0.16:33841|dataStream:|priority:0], old=null
2022-06-16 16:19:27,573 [grpc-default-executor-1] INFO  server.RaftServer$Division (RaftServerImpl.java:requestVote(1184)) - e92161bb-36da-4024-83fa-f02433e9e8b4@group-D1498762B26E replies to ELECTION vote request: f18629d0-4209-4076-ad9d-a135d0d60f56<-e92161bb-36da-4024-83fa-f02433e9e8b4#0:FAIL-t1. Peer's state: e92161bb-36da-4024-83fa-f02433e9e8b4@group-D1498762B26E:t1, leader=null, voted=null, raftlog=e92161bb-36da-4024-83fa-f02433e9e8b4@group-D1498762B26E-SegmentedRaftLog:OPENED:c-1, conf=-1: [e92161bb-36da-4024-83fa-f02433e9e8b4|rpc:10.1.0.16:37825|dataStream:|priority:1, f18629d0-4209-4076-ad9d-a135d0d60f56|rpc:10.1.0.16:43341|dataStream:|priority:0, 5b838663-213a-4fbf-828e-9dfe1e385535|rpc:10.1.0.16:33841|dataStream:|priority:0], old=null
2022-06-16 16:19:27,574 [f18629d0-4209-4076-ad9d-a135d0d60f56@group-D1498762B26E-LeaderElection20] INFO  impl.LeaderElection (LeaderElection.java:logAndReturn(90)) - f18629d0-4209-4076-ad9d-a135d0d60f56@group-D1498762B26E-LeaderElection20: ELECTION REJECTED received 2 response(s) and 0 exception(s):
2022-06-16 16:19:27,574 [f18629d0-4209-4076-ad9d-a135d0d60f56@group-D1498762B26E-LeaderElection20] INFO  impl.LeaderElection (LeaderElection.java:logAndReturn(94)) -   Response 0: f18629d0-4209-4076-ad9d-a135d0d60f56<-e92161bb-36da-4024-83fa-f02433e9e8b4#0:FAIL-t1
2022-06-16 16:19:27,574 [f18629d0-4209-4076-ad9d-a135d0d60f56@group-D1498762B26E-LeaderElection20] INFO  impl.LeaderElection (LeaderElection.java:logAndReturn(94)) -   Response 1: f18629d0-4209-4076-ad9d-a135d0d60f56<-5b838663-213a-4fbf-828e-9dfe1e385535#0:OK-t1
2022-06-16 16:19:27,574 [f18629d0-4209-4076-ad9d-a135d0d60f56@group-D1498762B26E-LeaderElection20] INFO  impl.LeaderElection (LeaderElection.java:askForVotes(312)) - f18629d0-4209-4076-ad9d-a135d0d60f56@group-D1498762B26E-LeaderElection20 ELECTION round 0: result REJECTED
2022-06-16 16:19:27,574 [f18629d0-4209-4076-ad9d-a135d0d60f56@group-D1498762B26E-LeaderElection20] INFO  server.RaftServer$Division (RaftServerImpl.java:setRole(299)) - f18629d0-4209-4076-ad9d-a135d0d60f56@group-D1498762B26E: changes role from CANDIDATE to FOLLOWER at term 1 for REJECTED
2022-06-16 16:19:27,574 [f18629d0-4209-4076-ad9d-a135d0d60f56@group-D1498762B26E-LeaderElection20] INFO  impl.RoleInfo (RoleInfo.java:shutdownLeaderElection(130)) - f18629d0-4209-4076-ad9d-a135d0d60f56: shutdown f18629d0-4209-4076-ad9d-a135d0d60f56@group-D1498762B26E-LeaderElection20
2022-06-16 16:19:27,574 [f18629d0-4209-4076-ad9d-a135d0d60f56@group-D1498762B26E-LeaderElection20] INFO  impl.RoleInfo (RoleInfo.java:updateAndGet(139)) - f18629d0-4209-4076-ad9d-a135d0d60f56: start f18629d0-4209-4076-ad9d-a135d0d60f56@group-D1498762B26E-FollowerState
2022-06-16 16:19:27,630 [IPC Server handler 1 on default port 40363] INFO  ha.SequenceIdGenerator (SequenceIdGenerator.java:getNextId(127)) - Allocate a batch for containerId, change lastId from 0 to 1000.
2022-06-16 16:19:27,631 [IPC Server handler 1 on default port 40363] WARN  ha.SequenceIdGenerator (SequenceIdGenerator.java:allocateBatch(235)) - Failed to allocate a batch for localId, expected lastId is 0, actual lastId is 109611004723200000.
2022-06-16 16:19:27,631 [IPC Server handler 1 on default port 40363] INFO  ha.SequenceIdGenerator (SequenceIdGenerator.java:getNextId(127)) - Allocate a batch for localId, change lastId from 109611004723200000 to 109611004723201000.
16:19:27.659 [IPC Server handler 0 on default port 34065] ERROR OMAudit - user=runner | ip=127.0.0.1 | op=GET_FILE_STATUS {volume=volume31865, bucket=bucket48712, key=dir451/file1, dataSize=0, replicationConfig=null} | ret=FAILURE
org.apache.hadoop.ozone.om.exceptions.OMException: Unable to get file status: volume: volume31865 bucket: bucket48712 key: dir451/file1
	at org.apache.hadoop.ozone.om.KeyManagerImpl.getOzoneFileStatus(KeyManagerImpl.java:1283) ~[ozone-manager-1.3.0-SNAPSHOT.jar:?]
	at org.apache.hadoop.ozone.om.KeyManagerImpl.getFileStatus(KeyManagerImpl.java:1213) ~[ozone-manager-1.3.0-SNAPSHOT.jar:?]
	at org.apache.hadoop.ozone.om.OzoneManager.getFileStatus(OzoneManager.java:3419) ~[ozone-manager-1.3.0-SNAPSHOT.jar:?]
	at org.apache.hadoop.ozone.protocolPB.OzoneManagerRequestHandler.getOzoneFileStatus(OzoneManagerRequestHandler.java:871) ~[ozone-manager-1.3.0-SNAPSHOT.jar:?]
	at org.apache.hadoop.ozone.protocolPB.OzoneManagerRequestHandler.handleReadRequest(OzoneManagerRequestHandler.java:217) ~[ozone-manager-1.3.0-SNAPSHOT.jar:?]
	at org.apache.hadoop.ozone.protocolPB.OzoneManagerProtocolServerSideTranslatorPB.submitReadRequestToOM(OzoneManagerProtocolServerSideTranslatorPB.java:225) ~[ozone-manager-1.3.0-SNAPSHOT.jar:?]
	at org.apache.hadoop.ozone.protocolPB.OzoneManagerProtocolServerSideTranslatorPB.processRequest(OzoneManagerProtocolServerSideTranslatorPB.java:175) ~[ozone-manager-1.3.0-SNAPSHOT.jar:?]
	at org.apache.hadoop.hdds.server.OzoneProtocolMessageDispatcher.processRequest(OzoneProtocolMessageDispatcher.java:87) [hdds-server-framework-1.3.0-SNAPSHOT.jar:?]
	at org.apache.hadoop.ozone.protocolPB.OzoneManagerProtocolServerSideTranslatorPB.submitRequest(OzoneManagerProtocolServerSideTranslatorPB.java:147) [ozone-manager-1.3.0-SNAPSHOT.jar:?]
	at org.apache.hadoop.ozone.protocol.proto.OzoneManagerProtocolProtos$OzoneManagerService$2.callBlockingMethod(OzoneManagerProtocolProtos.java) [ozone-interface-client-1.3.0-SNAPSHOT.jar:?]
	at org.apache.hadoop.ipc.ProtobufRpcEngine$Server.processCall(ProtobufRpcEngine.java:466) [hadoop-common-3.3.1.jar:?]
	at org.apache.hadoop.ipc.ProtobufRpcEngine2$Server$ProtoBufRpcInvoker.call(ProtobufRpcEngine2.java:574) [hadoop-common-3.3.1.jar:?]
	at org.apache.hadoop.ipc.ProtobufRpcEngine2$Server$ProtoBufRpcInvoker.call(ProtobufRpcEngine2.java:552) [hadoop-common-3.3.1.jar:?]
	at org.apache.hadoop.ipc.RPC$Server.call(RPC.java:1093) [hadoop-common-3.3.1.jar:?]
	at org.apache.hadoop.ipc.Server$RpcCall.run(Server.java:1035) [hadoop-common-3.3.1.jar:?]
	at org.apache.hadoop.ipc.Server$RpcCall.run(Server.java:963) [hadoop-common-3.3.1.jar:?]
	at java.security.AccessController.doPrivileged(Native Method) ~[?:1.8.0_332]
	at javax.security.auth.Subject.doAs(Subject.java:422) [?:1.8.0_332]
	at org.apache.hadoop.security.UserGroupInformation.doAs(UserGroupInformation.java:1878) [hadoop-common-3.3.1.jar:?]
	at org.apache.hadoop.ipc.Server$Handler.run(Server.java:2966) [hadoop-common-3.3.1.jar:?]
]]></system-out>
  </testcase>
  <testcase name="testRenameFile" classname="TestRootedOzoneFileSystem" time="0.339">
    <system-out><![CDATA[2022-06-16 16:19:43,854 [Listener at 127.0.0.1/34065] INFO  ozone.MiniOzoneClusterImpl (MiniOzoneClusterImpl.java:shutdown(456)) - Shutting down the Mini Ozone Cluster
2022-06-16 16:19:43,854 [Listener at 127.0.0.1/34065] INFO  ozone.MiniOzoneClusterImpl (MiniOzoneClusterImpl.java:stop(471)) - Stopping the Mini Ozone Cluster
2022-06-16 16:19:43,854 [Listener at 127.0.0.1/34065] INFO  ozone.MiniOzoneClusterImpl (MiniOzoneClusterImpl.java:stopOM(553)) - Stopping the OzoneManager
2022-06-16 16:19:43,854 [Listener at 127.0.0.1/34065] INFO  om.OzoneManager (OzoneManager.java:stop(2020)) - om1[localhost:0]: Stopping Ozone Manager
2022-06-16 16:19:43,854 [Listener at 127.0.0.1/34065] INFO  ipc.Server (Server.java:stop(3414)) - Stopping server on 34065
2022-06-16 16:19:43,864 [IPC Server listener on 0] INFO  ipc.Server (Server.java:run(1376)) - Stopping IPC Server listener on 0
2022-06-16 16:19:43,864 [IPC Server Responder] INFO  ipc.Server (Server.java:run(1512)) - Stopping IPC Server Responder
2022-06-16 16:19:43,864 [Listener at 127.0.0.1/34065] INFO  server.RaftServer (RaftServerProxy.java:lambda$close$7(398)) - om1: close
2022-06-16 16:19:43,865 [Listener at 127.0.0.1/34065] INFO  server.RaftServer$Division (RaftServerImpl.java:lambda$close$4(434)) - om1@group-C5BA1605619E: shutdown
2022-06-16 16:19:43,865 [Listener at 127.0.0.1/34065] INFO  util.JmxRegister (JmxRegister.java:unregister(73)) - Successfully un-registered JMX Bean with object name Ratis:service=RaftServer,group=group-C5BA1605619E,id=om1
2022-06-16 16:19:43,865 [Listener at 127.0.0.1/34065] INFO  impl.RoleInfo (RoleInfo.java:shutdownLeaderState(93)) - om1: shutdown om1@group-C5BA1605619E-LeaderStateImpl
2022-06-16 16:19:43,866 [Listener at 127.0.0.1/34065] INFO  impl.PendingRequests (PendingRequests.java:sendNotLeaderResponses(282)) - om1@group-C5BA1605619E-PendingRequests: sendNotLeaderResponses
2022-06-16 16:19:43,871 [Listener at 127.0.0.1/34065] INFO  impl.StateMachineUpdater (StateMachineUpdater.java:stopAndJoin(153)) - om1@group-C5BA1605619E-StateMachineUpdater: set stopIndex = 6824
2022-06-16 16:19:43,871 [om1@group-C5BA1605619E-StateMachineUpdater] INFO  ratis.OzoneManagerStateMachine (OzoneManagerStateMachine.java:takeSnapshot(441)) - Current Snapshot Index (t:1, i:6824)
2022-06-16 16:19:43,871 [om1@group-C5BA1605619E-StateMachineUpdater] INFO  impl.StateMachineUpdater (StateMachineUpdater.java:takeSnapshot(287)) - om1@group-C5BA1605619E-StateMachineUpdater: Took a snapshot at index 6824
2022-06-16 16:19:43,871 [om1@group-C5BA1605619E-StateMachineUpdater] INFO  impl.StateMachineUpdater (StateMachineUpdater.java:lambda$new$0(92)) - om1@group-C5BA1605619E-StateMachineUpdater: snapshotIndex: updateIncreasingly -1 -> 6824
2022-06-16 16:19:43,871 [om1@group-C5BA1605619E-StateMachineUpdater] INFO  ratis.OzoneManagerStateMachine (OzoneManagerStateMachine.java:close(495)) - StateMachine has shutdown. Shutdown OzoneManager if not already shutdown.
2022-06-16 16:19:43,871 [om1@group-C5BA1605619E-StateMachineUpdater] INFO  ratis.OzoneManagerDoubleBuffer (OzoneManagerDoubleBuffer.java:stop(465)) - Stopping OMDoubleBuffer flush thread
2022-06-16 16:19:43,882 [OMDoubleBufferFlushThread] INFO  ratis.OzoneManagerDoubleBuffer (OzoneManagerDoubleBuffer.java:flushTransactions(385)) - OMDoubleBuffer flush thread OMDoubleBufferFlushThread is interrupted and will exit.
2022-06-16 16:19:43,884 [Listener at 127.0.0.1/34065] INFO  server.RaftServer$Division (ServerState.java:close(429)) - om1@group-C5BA1605619E: closes. applyIndex: 6824
2022-06-16 16:19:43,885 [om1@group-C5BA1605619E-SegmentedRaftLogWorker] INFO  segmented.SegmentedRaftLogWorker (SegmentedRaftLogWorker.java:run(336)) - om1@group-C5BA1605619E-SegmentedRaftLogWorker was interrupted, exiting. There are 0 tasks remaining in the queue.
2022-06-16 16:19:43,886 [Listener at 127.0.0.1/34065] INFO  segmented.SegmentedRaftLogWorker (SegmentedRaftLogWorker.java:close(246)) - om1@group-C5BA1605619E-SegmentedRaftLogWorker close()
2022-06-16 16:19:43,887 [Listener at 127.0.0.1/34065] INFO  server.GrpcService (GrpcService.java:closeImpl(269)) - om1: shutdown server with port 9872 now
2022-06-16 16:19:43,887 [Listener at 127.0.0.1/34065] INFO  server.GrpcService (GrpcService.java:closeImpl(278)) - om1: shutdown server with port 9872 successfully
2022-06-16 16:19:43,887 [org.apache.ratis.util.JvmPauseMonitor$$Lambda$611/1702991963@39e3aada] INFO  util.JvmPauseMonitor (JvmPauseMonitor.java:run(109)) - JvmPauseMonitor-om1: Stopped
2022-06-16 16:19:43,890 [Listener at 127.0.0.1/34065] INFO  ratis.OzoneManagerStateMachine (OzoneManagerStateMachine.java:close(495)) - StateMachine has shutdown. Shutdown OzoneManager if not already shutdown.
2022-06-16 16:19:43,890 [Listener at 127.0.0.1/34065] INFO  ratis.OzoneManagerDoubleBuffer (OzoneManagerDoubleBuffer.java:stop(477)) - OMDoubleBuffer flush thread is not running.
2022-06-16 16:19:43,890 [Listener at 127.0.0.1/34065] INFO  utils.BackgroundService (BackgroundService.java:shutdown(132)) - Shutting down service KeyDeletingService
2022-06-16 16:19:43,890 [Listener at 127.0.0.1/34065] INFO  utils.BackgroundService (BackgroundService.java:shutdown(132)) - Shutting down service DirectoryDeletingService
2022-06-16 16:19:43,890 [Listener at 127.0.0.1/34065] INFO  handler.ContextHandler (ContextHandler.java:doStop(1153)) - Stopped o.e.j.w.WebAppContext@498cbc8c{ozoneManager,/,null,STOPPED}{file:/home/runner/work/ozone/ozone/hadoop-ozone/integration-test/target/test-classes/webapps/ozoneManager}
2022-06-16 16:19:43,894 [Listener at 127.0.0.1/34065] INFO  server.AbstractConnector (AbstractConnector.java:doStop(381)) - Stopped ServerConnector@72e9940f{HTTP/1.1, (http/1.1)}{0.0.0.0:0}
2022-06-16 16:19:43,894 [Listener at 127.0.0.1/34065] INFO  server.session (HouseKeeper.java:stopScavenging(149)) - node0 Stopped scavenging
2022-06-16 16:19:43,894 [Listener at 127.0.0.1/34065] INFO  handler.ContextHandler (ContextHandler.java:doStop(1153)) - Stopped o.e.j.s.ServletContextHandler@399eb2ed{static,/static,file:///home/runner/work/ozone/ozone/hadoop-ozone/integration-test/target/test-classes/webapps/static,STOPPED}
2022-06-16 16:19:43,894 [Listener at 127.0.0.1/34065] INFO  handler.ContextHandler (ContextHandler.java:doStop(1153)) - Stopped o.e.j.s.ServletContextHandler@7dddd011{logs,/logs,file:///home/runner/work/ozone/ozone/hadoop-ozone/integration-test/target/log,STOPPED}
2022-06-16 16:19:43,898 [Trash Emptier] ERROR om.TrashPolicyOzone (TrashPolicyOzone.java:run(251)) - Error attempting to shutdown
java.lang.InterruptedException
	at java.util.concurrent.locks.AbstractQueuedSynchronizer$ConditionObject.awaitNanos(AbstractQueuedSynchronizer.java:2067)
	at java.util.concurrent.ThreadPoolExecutor.awaitTermination(ThreadPoolExecutor.java:1475)
	at org.apache.hadoop.ozone.om.TrashPolicyOzone$Emptier.run(TrashPolicyOzone.java:249)
	at java.lang.Thread.run(Thread.java:750)
2022-06-16 16:19:43,899 [Trash Emptier] ERROR util.ExitUtils (ExitUtils.java:terminate(133)) - Terminating with exit status -1: Thread[Trash Emptier,5,main] has thrown an uncaught exception
java.lang.UnsupportedOperationException: fs.getUri() not implemented in TrashOzoneFileSystem
	at org.apache.hadoop.ozone.om.TrashOzoneFileSystem.getUri(TrashOzoneFileSystem.java:125)
	at org.apache.hadoop.fs.FileSystem.close(FileSystem.java:2592)
	at org.apache.hadoop.ozone.om.TrashPolicyOzone$Emptier.run(TrashPolicyOzone.java:243)
	at java.lang.Thread.run(Thread.java:750)
2022-06-16 16:19:43,914 [Listener at 127.0.0.1/34065] INFO  ozone.MiniOzoneClusterImpl (MiniOzoneClusterImpl.java:stopDatanodes(530)) - Stopping the HddsDatanodes
2022-06-16 16:19:48,915 [Listener at 127.0.0.1/34065] INFO  ozoneimpl.OzoneContainer (OzoneContainer.java:stop(365)) - Attempting to stop container services.
2022-06-16 16:19:48,915 [ForkJoinPool.commonPool-worker-1] INFO  ozoneimpl.OzoneContainer (OzoneContainer.java:stop(365)) - Attempting to stop container services.
2022-06-16 16:19:48,916 [ForkJoinPool.commonPool-worker-1] INFO  server.RaftServer (RaftServerProxy.java:lambda$close$7(398)) - e92161bb-36da-4024-83fa-f02433e9e8b4: close
2022-06-16 16:19:48,916 [ForkJoinPool.commonPool-worker-1] INFO  server.RaftServer$Division (RaftServerImpl.java:lambda$close$4(434)) - e92161bb-36da-4024-83fa-f02433e9e8b4@group-D1498762B26E: shutdown
2022-06-16 16:19:48,916 [ForkJoinPool.commonPool-worker-1] INFO  util.JmxRegister (JmxRegister.java:unregister(73)) - Successfully un-registered JMX Bean with object name Ratis:service=RaftServer,group=group-D1498762B26E,id=e92161bb-36da-4024-83fa-f02433e9e8b4
2022-06-16 16:19:48,916 [ForkJoinPool.commonPool-worker-1] INFO  impl.RoleInfo (RoleInfo.java:shutdownLeaderState(93)) - e92161bb-36da-4024-83fa-f02433e9e8b4: shutdown e92161bb-36da-4024-83fa-f02433e9e8b4@group-D1498762B26E-LeaderStateImpl
2022-06-16 16:19:48,916 [ForkJoinPool.commonPool-worker-1] INFO  impl.PendingRequests (PendingRequests.java:sendNotLeaderResponses(282)) - e92161bb-36da-4024-83fa-f02433e9e8b4@group-D1498762B26E-PendingRequests: sendNotLeaderResponses
2022-06-16 16:19:48,916 [e92161bb-36da-4024-83fa-f02433e9e8b4@group-D1498762B26E->5b838663-213a-4fbf-828e-9dfe1e385535-GrpcLogAppender-LogAppenderDaemon] WARN  server.GrpcLogAppender (GrpcLogAppender.java:mayWait(171)) - e92161bb-36da-4024-83fa-f02433e9e8b4@group-D1498762B26E->5b838663-213a-4fbf-828e-9dfe1e385535-GrpcLogAppender: Wait interrupted by java.lang.InterruptedException
2022-06-16 16:19:48,917 [ForkJoinPool.commonPool-worker-1] INFO  impl.StateMachineUpdater (StateMachineUpdater.java:stopAndJoin(153)) - e92161bb-36da-4024-83fa-f02433e9e8b4@group-D1498762B26E-StateMachineUpdater: set stopIndex = 0
2022-06-16 16:19:48,917 [e92161bb-36da-4024-83fa-f02433e9e8b4@group-D1498762B26E-StateMachineUpdater] INFO  ratis.ContainerStateMachine (ContainerStateMachine.java:takeSnapshot(304)) - group-D1498762B26E: Taking a snapshot at:(t:4, i:0) file /home/runner/work/ozone/ozone/hadoop-ozone/integration-test/target/test-dir/MiniOzoneClusterImpl-3714a898-0fe0-42e2-9307-bd15e6fadcd3/datanode-1/data/ratis/d5f21dce-580b-4b61-8401-d1498762b26e/sm/snapshot.4_0
2022-06-16 16:19:48,917 [grpc-default-executor-3] INFO  server.GrpcServerProtocolService (GrpcServerProtocolService.java:onCompleted(140)) - 5b838663-213a-4fbf-828e-9dfe1e385535: Completed APPEND_ENTRIES, lastRequest: e92161bb-36da-4024-83fa-f02433e9e8b4->5b838663-213a-4fbf-828e-9dfe1e385535#1-t4,previous=(t:0, i:0),leaderCommit=0,initializing? true,entries: size=1, first=(t:4, i:0), CONFIGURATIONENTRY
2022-06-16 16:19:48,918 [e92161bb-36da-4024-83fa-f02433e9e8b4@group-D1498762B26E-StateMachineUpdater] INFO  ratis.ContainerStateMachine (ContainerStateMachine.java:takeSnapshot(315)) - group-D1498762B26E: Finished taking a snapshot at:(t:4, i:0) file:/home/runner/work/ozone/ozone/hadoop-ozone/integration-test/target/test-dir/MiniOzoneClusterImpl-3714a898-0fe0-42e2-9307-bd15e6fadcd3/datanode-1/data/ratis/d5f21dce-580b-4b61-8401-d1498762b26e/sm/snapshot.4_0 took: 1 ms
2022-06-16 16:19:48,919 [e92161bb-36da-4024-83fa-f02433e9e8b4@group-D1498762B26E-StateMachineUpdater] INFO  impl.StateMachineUpdater (StateMachineUpdater.java:takeSnapshot(287)) - e92161bb-36da-4024-83fa-f02433e9e8b4@group-D1498762B26E-StateMachineUpdater: Took a snapshot at index 0
2022-06-16 16:19:48,919 [e92161bb-36da-4024-83fa-f02433e9e8b4@group-D1498762B26E-StateMachineUpdater] INFO  impl.StateMachineUpdater (StateMachineUpdater.java:lambda$new$0(92)) - e92161bb-36da-4024-83fa-f02433e9e8b4@group-D1498762B26E-StateMachineUpdater: snapshotIndex: updateIncreasingly -1 -> 0
2022-06-16 16:19:48,919 [ForkJoinPool.commonPool-worker-1] INFO  server.RaftServer$Division (ServerState.java:close(429)) - e92161bb-36da-4024-83fa-f02433e9e8b4@group-D1498762B26E: closes. applyIndex: 0
2022-06-16 16:19:48,919 [Listener at 127.0.0.1/34065] INFO  server.RaftServer (RaftServerProxy.java:lambda$close$7(398)) - 5b838663-213a-4fbf-828e-9dfe1e385535: close
2022-06-16 16:19:48,919 [Listener at 127.0.0.1/34065] INFO  server.RaftServer$Division (RaftServerImpl.java:lambda$close$4(434)) - 5b838663-213a-4fbf-828e-9dfe1e385535@group-D1498762B26E: shutdown
2022-06-16 16:19:48,919 [Listener at 127.0.0.1/34065] INFO  util.JmxRegister (JmxRegister.java:unregister(73)) - Successfully un-registered JMX Bean with object name Ratis:service=RaftServer,group=group-D1498762B26E,id=5b838663-213a-4fbf-828e-9dfe1e385535
2022-06-16 16:19:48,919 [Listener at 127.0.0.1/34065] INFO  impl.RoleInfo (RoleInfo.java:shutdownFollowerState(110)) - 5b838663-213a-4fbf-828e-9dfe1e385535: shutdown 5b838663-213a-4fbf-828e-9dfe1e385535@group-D1498762B26E-FollowerState
2022-06-16 16:19:48,919 [Listener at 127.0.0.1/34065] INFO  impl.StateMachineUpdater (StateMachineUpdater.java:stopAndJoin(153)) - 5b838663-213a-4fbf-828e-9dfe1e385535@group-D1498762B26E-StateMachineUpdater: set stopIndex = 0
2022-06-16 16:19:48,920 [e92161bb-36da-4024-83fa-f02433e9e8b4@group-D1498762B26E-SegmentedRaftLogWorker] INFO  segmented.SegmentedRaftLogWorker (SegmentedRaftLogWorker.java:run(336)) - e92161bb-36da-4024-83fa-f02433e9e8b4@group-D1498762B26E-SegmentedRaftLogWorker was interrupted, exiting. There are 0 tasks remaining in the queue.
2022-06-16 16:19:48,920 [5b838663-213a-4fbf-828e-9dfe1e385535@group-D1498762B26E-StateMachineUpdater] INFO  ratis.ContainerStateMachine (ContainerStateMachine.java:takeSnapshot(304)) - group-D1498762B26E: Taking a snapshot at:(t:4, i:0) file /home/runner/work/ozone/ozone/hadoop-ozone/integration-test/target/test-dir/MiniOzoneClusterImpl-3714a898-0fe0-42e2-9307-bd15e6fadcd3/datanode-2/data/ratis/d5f21dce-580b-4b61-8401-d1498762b26e/sm/snapshot.4_0
2022-06-16 16:19:48,919 [5b838663-213a-4fbf-828e-9dfe1e385535@group-D1498762B26E-FollowerState] INFO  impl.FollowerState (FollowerState.java:run(152)) - 5b838663-213a-4fbf-828e-9dfe1e385535@group-D1498762B26E-FollowerState was interrupted
2022-06-16 16:19:48,921 [5b838663-213a-4fbf-828e-9dfe1e385535@group-D1498762B26E-StateMachineUpdater] INFO  ratis.ContainerStateMachine (ContainerStateMachine.java:takeSnapshot(315)) - group-D1498762B26E: Finished taking a snapshot at:(t:4, i:0) file:/home/runner/work/ozone/ozone/hadoop-ozone/integration-test/target/test-dir/MiniOzoneClusterImpl-3714a898-0fe0-42e2-9307-bd15e6fadcd3/datanode-2/data/ratis/d5f21dce-580b-4b61-8401-d1498762b26e/sm/snapshot.4_0 took: 1 ms
2022-06-16 16:19:48,921 [5b838663-213a-4fbf-828e-9dfe1e385535@group-D1498762B26E-StateMachineUpdater] INFO  impl.StateMachineUpdater (StateMachineUpdater.java:takeSnapshot(287)) - 5b838663-213a-4fbf-828e-9dfe1e385535@group-D1498762B26E-StateMachineUpdater: Took a snapshot at index 0
2022-06-16 16:19:48,921 [5b838663-213a-4fbf-828e-9dfe1e385535@group-D1498762B26E-StateMachineUpdater] INFO  impl.StateMachineUpdater (StateMachineUpdater.java:lambda$new$0(92)) - 5b838663-213a-4fbf-828e-9dfe1e385535@group-D1498762B26E-StateMachineUpdater: snapshotIndex: updateIncreasingly -1 -> 0
2022-06-16 16:19:48,921 [Listener at 127.0.0.1/34065] INFO  server.RaftServer$Division (ServerState.java:close(429)) - 5b838663-213a-4fbf-828e-9dfe1e385535@group-D1498762B26E: closes. applyIndex: 0
2022-06-16 16:19:48,921 [5b838663-213a-4fbf-828e-9dfe1e385535@group-D1498762B26E-SegmentedRaftLogWorker] INFO  segmented.SegmentedRaftLogWorker (SegmentedRaftLogWorker.java:run(336)) - 5b838663-213a-4fbf-828e-9dfe1e385535@group-D1498762B26E-SegmentedRaftLogWorker was interrupted, exiting. There are 0 tasks remaining in the queue.
2022-06-16 16:19:48,921 [e92161bb-36da-4024-83fa-f02433e9e8b4@group-D1498762B26E->f18629d0-4209-4076-ad9d-a135d0d60f56-GrpcLogAppender-LogAppenderDaemon] WARN  server.GrpcLogAppender (GrpcLogAppender.java:mayWait(171)) - e92161bb-36da-4024-83fa-f02433e9e8b4@group-D1498762B26E->f18629d0-4209-4076-ad9d-a135d0d60f56-GrpcLogAppender: Wait interrupted by java.lang.InterruptedException
2022-06-16 16:19:48,922 [grpc-default-executor-1] INFO  server.GrpcServerProtocolService (GrpcServerProtocolService.java:onCompleted(140)) - f18629d0-4209-4076-ad9d-a135d0d60f56: Completed APPEND_ENTRIES, lastRequest: e92161bb-36da-4024-83fa-f02433e9e8b4->f18629d0-4209-4076-ad9d-a135d0d60f56#1-t4,previous=(t:0, i:0),leaderCommit=0,initializing? true,entries: size=1, first=(t:4, i:0), CONFIGURATIONENTRY
2022-06-16 16:19:48,922 [grpc-default-executor-2] INFO  server.GrpcLogAppender (GrpcLogAppender.java:onCompleted(339)) - e92161bb-36da-4024-83fa-f02433e9e8b4@group-D1498762B26E->5b838663-213a-4fbf-828e-9dfe1e385535-AppendLogResponseHandler: follower responses appendEntries COMPLETED
2022-06-16 16:19:48,922 [grpc-default-executor-2] INFO  leader.FollowerInfo (FollowerInfoImpl.java:lambda$new$0(48)) - e92161bb-36da-4024-83fa-f02433e9e8b4@group-D1498762B26E->5b838663-213a-4fbf-828e-9dfe1e385535: nextIndex: updateUnconditionally 1 -> 0
2022-06-16 16:19:48,923 [grpc-default-executor-1] INFO  server.GrpcLogAppender (GrpcLogAppender.java:onCompleted(339)) - e92161bb-36da-4024-83fa-f02433e9e8b4@group-D1498762B26E->f18629d0-4209-4076-ad9d-a135d0d60f56-AppendLogResponseHandler: follower responses appendEntries COMPLETED
2022-06-16 16:19:48,923 [grpc-default-executor-1] INFO  leader.FollowerInfo (FollowerInfoImpl.java:lambda$new$0(48)) - e92161bb-36da-4024-83fa-f02433e9e8b4@group-D1498762B26E->f18629d0-4209-4076-ad9d-a135d0d60f56: nextIndex: updateUnconditionally 1 -> 0
2022-06-16 16:19:48,926 [ForkJoinPool.commonPool-worker-1] INFO  segmented.SegmentedRaftLogWorker (SegmentedRaftLogWorker.java:close(246)) - e92161bb-36da-4024-83fa-f02433e9e8b4@group-D1498762B26E-SegmentedRaftLogWorker close()
2022-06-16 16:19:48,927 [ForkJoinPool.commonPool-worker-1] INFO  server.RaftServer$Division (RaftServerImpl.java:lambda$close$4(434)) - e92161bb-36da-4024-83fa-f02433e9e8b4@group-D9406C3F92FA: shutdown
2022-06-16 16:19:48,927 [ForkJoinPool.commonPool-worker-1] INFO  util.JmxRegister (JmxRegister.java:unregister(73)) - Successfully un-registered JMX Bean with object name Ratis:service=RaftServer,group=group-D9406C3F92FA,id=e92161bb-36da-4024-83fa-f02433e9e8b4
2022-06-16 16:19:48,927 [ForkJoinPool.commonPool-worker-1] INFO  impl.RoleInfo (RoleInfo.java:shutdownLeaderState(93)) - e92161bb-36da-4024-83fa-f02433e9e8b4: shutdown e92161bb-36da-4024-83fa-f02433e9e8b4@group-D9406C3F92FA-LeaderStateImpl
2022-06-16 16:19:48,927 [ForkJoinPool.commonPool-worker-1] INFO  impl.PendingRequests (PendingRequests.java:sendNotLeaderResponses(282)) - e92161bb-36da-4024-83fa-f02433e9e8b4@group-D9406C3F92FA-PendingRequests: sendNotLeaderResponses
2022-06-16 16:19:48,928 [ForkJoinPool.commonPool-worker-1] INFO  impl.StateMachineUpdater (StateMachineUpdater.java:stopAndJoin(153)) - e92161bb-36da-4024-83fa-f02433e9e8b4@group-D9406C3F92FA-StateMachineUpdater: set stopIndex = 0
2022-06-16 16:19:48,928 [e92161bb-36da-4024-83fa-f02433e9e8b4@group-D9406C3F92FA-StateMachineUpdater] INFO  ratis.ContainerStateMachine (ContainerStateMachine.java:takeSnapshot(304)) - group-D9406C3F92FA: Taking a snapshot at:(t:1, i:0) file /home/runner/work/ozone/ozone/hadoop-ozone/integration-test/target/test-dir/MiniOzoneClusterImpl-3714a898-0fe0-42e2-9307-bd15e6fadcd3/datanode-1/data/ratis/a68e8910-e7af-4cf9-bc49-d9406c3f92fa/sm/snapshot.1_0
2022-06-16 16:19:48,929 [e92161bb-36da-4024-83fa-f02433e9e8b4@group-D9406C3F92FA-StateMachineUpdater] INFO  ratis.ContainerStateMachine (ContainerStateMachine.java:takeSnapshot(315)) - group-D9406C3F92FA: Finished taking a snapshot at:(t:1, i:0) file:/home/runner/work/ozone/ozone/hadoop-ozone/integration-test/target/test-dir/MiniOzoneClusterImpl-3714a898-0fe0-42e2-9307-bd15e6fadcd3/datanode-1/data/ratis/a68e8910-e7af-4cf9-bc49-d9406c3f92fa/sm/snapshot.1_0 took: 1 ms
2022-06-16 16:19:48,929 [e92161bb-36da-4024-83fa-f02433e9e8b4@group-D9406C3F92FA-StateMachineUpdater] INFO  impl.StateMachineUpdater (StateMachineUpdater.java:takeSnapshot(287)) - e92161bb-36da-4024-83fa-f02433e9e8b4@group-D9406C3F92FA-StateMachineUpdater: Took a snapshot at index 0
2022-06-16 16:19:48,929 [e92161bb-36da-4024-83fa-f02433e9e8b4@group-D9406C3F92FA-StateMachineUpdater] INFO  impl.StateMachineUpdater (StateMachineUpdater.java:lambda$new$0(92)) - e92161bb-36da-4024-83fa-f02433e9e8b4@group-D9406C3F92FA-StateMachineUpdater: snapshotIndex: updateIncreasingly -1 -> 0
2022-06-16 16:19:48,929 [ForkJoinPool.commonPool-worker-1] INFO  server.RaftServer$Division (ServerState.java:close(429)) - e92161bb-36da-4024-83fa-f02433e9e8b4@group-D9406C3F92FA: closes. applyIndex: 0
2022-06-16 16:19:48,929 [e92161bb-36da-4024-83fa-f02433e9e8b4@group-D9406C3F92FA-SegmentedRaftLogWorker] INFO  segmented.SegmentedRaftLogWorker (SegmentedRaftLogWorker.java:run(336)) - e92161bb-36da-4024-83fa-f02433e9e8b4@group-D9406C3F92FA-SegmentedRaftLogWorker was interrupted, exiting. There are 0 tasks remaining in the queue.
2022-06-16 16:19:48,930 [ForkJoinPool.commonPool-worker-1] INFO  segmented.SegmentedRaftLogWorker (SegmentedRaftLogWorker.java:close(246)) - e92161bb-36da-4024-83fa-f02433e9e8b4@group-D9406C3F92FA-SegmentedRaftLogWorker close()
2022-06-16 16:19:48,943 [Listener at 127.0.0.1/34065] INFO  segmented.SegmentedRaftLogWorker (SegmentedRaftLogWorker.java:close(246)) - 5b838663-213a-4fbf-828e-9dfe1e385535@group-D1498762B26E-SegmentedRaftLogWorker close()
2022-06-16 16:19:48,950 [ForkJoinPool.commonPool-worker-1] INFO  server.RaftServer$Division (RaftServerImpl.java:lambda$close$4(434)) - e92161bb-36da-4024-83fa-f02433e9e8b4@group-0D178AC3226E: shutdown
2022-06-16 16:19:48,950 [ForkJoinPool.commonPool-worker-1] INFO  util.JmxRegister (JmxRegister.java:unregister(73)) - Successfully un-registered JMX Bean with object name Ratis:service=RaftServer,group=group-0D178AC3226E,id=e92161bb-36da-4024-83fa-f02433e9e8b4
2022-06-16 16:19:48,950 [ForkJoinPool.commonPool-worker-1] INFO  impl.RoleInfo (RoleInfo.java:shutdownFollowerState(110)) - e92161bb-36da-4024-83fa-f02433e9e8b4: shutdown e92161bb-36da-4024-83fa-f02433e9e8b4@group-0D178AC3226E-FollowerState
2022-06-16 16:19:48,950 [ForkJoinPool.commonPool-worker-1] INFO  impl.StateMachineUpdater (StateMachineUpdater.java:stopAndJoin(153)) - e92161bb-36da-4024-83fa-f02433e9e8b4@group-0D178AC3226E-StateMachineUpdater: set stopIndex = 31
2022-06-16 16:19:48,951 [e92161bb-36da-4024-83fa-f02433e9e8b4@group-0D178AC3226E-StateMachineUpdater] INFO  ratis.ContainerStateMachine (ContainerStateMachine.java:takeSnapshot(304)) - group-0D178AC3226E: Taking a snapshot at:(t:1, i:31) file /home/runner/work/ozone/ozone/hadoop-ozone/integration-test/target/test-dir/MiniOzoneClusterImpl-3714a898-0fe0-42e2-9307-bd15e6fadcd3/datanode-1/data/ratis/76fa6611-d988-42bf-a47e-0d178ac3226e/sm/snapshot.1_31
2022-06-16 16:19:48,950 [e92161bb-36da-4024-83fa-f02433e9e8b4@group-0D178AC3226E-FollowerState] INFO  impl.FollowerState (FollowerState.java:run(152)) - e92161bb-36da-4024-83fa-f02433e9e8b4@group-0D178AC3226E-FollowerState was interrupted
2022-06-16 16:19:48,952 [Listener at 127.0.0.1/34065] INFO  server.RaftServer$Division (RaftServerImpl.java:lambda$close$4(434)) - 5b838663-213a-4fbf-828e-9dfe1e385535@group-8C76644EA4AF: shutdown
2022-06-16 16:19:48,952 [Listener at 127.0.0.1/34065] INFO  util.JmxRegister (JmxRegister.java:unregister(73)) - Successfully un-registered JMX Bean with object name Ratis:service=RaftServer,group=group-8C76644EA4AF,id=5b838663-213a-4fbf-828e-9dfe1e385535
2022-06-16 16:19:48,952 [Listener at 127.0.0.1/34065] INFO  impl.RoleInfo (RoleInfo.java:shutdownLeaderState(93)) - 5b838663-213a-4fbf-828e-9dfe1e385535: shutdown 5b838663-213a-4fbf-828e-9dfe1e385535@group-8C76644EA4AF-LeaderStateImpl
2022-06-16 16:19:48,952 [Listener at 127.0.0.1/34065] INFO  impl.PendingRequests (PendingRequests.java:sendNotLeaderResponses(282)) - 5b838663-213a-4fbf-828e-9dfe1e385535@group-8C76644EA4AF-PendingRequests: sendNotLeaderResponses
2022-06-16 16:19:48,953 [Listener at 127.0.0.1/34065] INFO  impl.StateMachineUpdater (StateMachineUpdater.java:stopAndJoin(153)) - 5b838663-213a-4fbf-828e-9dfe1e385535@group-8C76644EA4AF-StateMachineUpdater: set stopIndex = 0
2022-06-16 16:19:48,953 [5b838663-213a-4fbf-828e-9dfe1e385535@group-8C76644EA4AF-StateMachineUpdater] INFO  ratis.ContainerStateMachine (ContainerStateMachine.java:takeSnapshot(304)) - group-8C76644EA4AF: Taking a snapshot at:(t:1, i:0) file /home/runner/work/ozone/ozone/hadoop-ozone/integration-test/target/test-dir/MiniOzoneClusterImpl-3714a898-0fe0-42e2-9307-bd15e6fadcd3/datanode-2/data/ratis/7696c223-00c6-42a6-9c26-8c76644ea4af/sm/snapshot.1_0
2022-06-16 16:19:48,953 [e92161bb-36da-4024-83fa-f02433e9e8b4@group-0D178AC3226E-StateMachineUpdater] INFO  ratis.ContainerStateMachine (ContainerStateMachine.java:takeSnapshot(315)) - group-0D178AC3226E: Finished taking a snapshot at:(t:1, i:31) file:/home/runner/work/ozone/ozone/hadoop-ozone/integration-test/target/test-dir/MiniOzoneClusterImpl-3714a898-0fe0-42e2-9307-bd15e6fadcd3/datanode-1/data/ratis/76fa6611-d988-42bf-a47e-0d178ac3226e/sm/snapshot.1_31 took: 2 ms
2022-06-16 16:19:48,953 [e92161bb-36da-4024-83fa-f02433e9e8b4@group-0D178AC3226E-StateMachineUpdater] INFO  impl.StateMachineUpdater (StateMachineUpdater.java:takeSnapshot(287)) - e92161bb-36da-4024-83fa-f02433e9e8b4@group-0D178AC3226E-StateMachineUpdater: Took a snapshot at index 31
2022-06-16 16:19:48,954 [e92161bb-36da-4024-83fa-f02433e9e8b4@group-0D178AC3226E-StateMachineUpdater] INFO  impl.StateMachineUpdater (StateMachineUpdater.java:lambda$new$0(92)) - e92161bb-36da-4024-83fa-f02433e9e8b4@group-0D178AC3226E-StateMachineUpdater: snapshotIndex: updateIncreasingly -1 -> 31
2022-06-16 16:19:48,954 [5b838663-213a-4fbf-828e-9dfe1e385535@group-8C76644EA4AF-StateMachineUpdater] INFO  ratis.ContainerStateMachine (ContainerStateMachine.java:takeSnapshot(315)) - group-8C76644EA4AF: Finished taking a snapshot at:(t:1, i:0) file:/home/runner/work/ozone/ozone/hadoop-ozone/integration-test/target/test-dir/MiniOzoneClusterImpl-3714a898-0fe0-42e2-9307-bd15e6fadcd3/datanode-2/data/ratis/7696c223-00c6-42a6-9c26-8c76644ea4af/sm/snapshot.1_0 took: 1 ms
2022-06-16 16:19:48,954 [5b838663-213a-4fbf-828e-9dfe1e385535@group-8C76644EA4AF-StateMachineUpdater] INFO  impl.StateMachineUpdater (StateMachineUpdater.java:takeSnapshot(287)) - 5b838663-213a-4fbf-828e-9dfe1e385535@group-8C76644EA4AF-StateMachineUpdater: Took a snapshot at index 0
2022-06-16 16:19:48,954 [5b838663-213a-4fbf-828e-9dfe1e385535@group-8C76644EA4AF-StateMachineUpdater] INFO  impl.StateMachineUpdater (StateMachineUpdater.java:lambda$new$0(92)) - 5b838663-213a-4fbf-828e-9dfe1e385535@group-8C76644EA4AF-StateMachineUpdater: snapshotIndex: updateIncreasingly -1 -> 0
2022-06-16 16:19:48,954 [Listener at 127.0.0.1/34065] INFO  server.RaftServer$Division (ServerState.java:close(429)) - 5b838663-213a-4fbf-828e-9dfe1e385535@group-8C76644EA4AF: closes. applyIndex: 0
2022-06-16 16:19:48,954 [5b838663-213a-4fbf-828e-9dfe1e385535@group-8C76644EA4AF-SegmentedRaftLogWorker] INFO  segmented.SegmentedRaftLogWorker (SegmentedRaftLogWorker.java:run(336)) - 5b838663-213a-4fbf-828e-9dfe1e385535@group-8C76644EA4AF-SegmentedRaftLogWorker was interrupted, exiting. There are 0 tasks remaining in the queue.
2022-06-16 16:19:48,955 [ForkJoinPool.commonPool-worker-1] INFO  server.RaftServer$Division (ServerState.java:close(429)) - e92161bb-36da-4024-83fa-f02433e9e8b4@group-0D178AC3226E: closes. applyIndex: 31
2022-06-16 16:19:48,955 [e92161bb-36da-4024-83fa-f02433e9e8b4@group-0D178AC3226E-SegmentedRaftLogWorker] INFO  segmented.SegmentedRaftLogWorker (SegmentedRaftLogWorker.java:run(336)) - e92161bb-36da-4024-83fa-f02433e9e8b4@group-0D178AC3226E-SegmentedRaftLogWorker was interrupted, exiting. There are 0 tasks remaining in the queue.
2022-06-16 16:19:48,955 [Listener at 127.0.0.1/34065] INFO  segmented.SegmentedRaftLogWorker (SegmentedRaftLogWorker.java:close(246)) - 5b838663-213a-4fbf-828e-9dfe1e385535@group-8C76644EA4AF-SegmentedRaftLogWorker close()
2022-06-16 16:19:48,956 [ForkJoinPool.commonPool-worker-1] INFO  segmented.SegmentedRaftLogWorker (SegmentedRaftLogWorker.java:close(246)) - e92161bb-36da-4024-83fa-f02433e9e8b4@group-0D178AC3226E-SegmentedRaftLogWorker close()
2022-06-16 16:19:48,957 [ForkJoinPool.commonPool-worker-1] INFO  server.GrpcService (GrpcService.java:closeImpl(269)) - e92161bb-36da-4024-83fa-f02433e9e8b4: shutdown server with port 37825 now
2022-06-16 16:19:48,963 [grpc-default-executor-1] WARN  server.GrpcServerProtocolService (LogUtils.java:warn(122)) - e92161bb-36da-4024-83fa-f02433e9e8b4: installSnapshot onError, lastRequest: f18629d0-4209-4076-ad9d-a135d0d60f56->e92161bb-36da-4024-83fa-f02433e9e8b4#470-t1,previous=(t:1, i:30),leaderCommit=29,initializing? true,entries: size=1, first=(t:1, i:31), METADATAENTRY(c:29): org.apache.ratis.thirdparty.io.grpc.StatusRuntimeException: CANCELLED: client cancelled
2022-06-16 16:19:48,964 [Listener at 127.0.0.1/34065] INFO  server.RaftServer$Division (RaftServerImpl.java:lambda$close$4(434)) - 5b838663-213a-4fbf-828e-9dfe1e385535@group-0D178AC3226E: shutdown
2022-06-16 16:19:48,965 [Listener at 127.0.0.1/34065] INFO  util.JmxRegister (JmxRegister.java:unregister(73)) - Successfully un-registered JMX Bean with object name Ratis:service=RaftServer,group=group-0D178AC3226E,id=5b838663-213a-4fbf-828e-9dfe1e385535
2022-06-16 16:19:48,965 [Listener at 127.0.0.1/34065] INFO  impl.RoleInfo (RoleInfo.java:shutdownFollowerState(110)) - 5b838663-213a-4fbf-828e-9dfe1e385535: shutdown 5b838663-213a-4fbf-828e-9dfe1e385535@group-0D178AC3226E-FollowerState
2022-06-16 16:19:48,965 [Listener at 127.0.0.1/34065] INFO  impl.StateMachineUpdater (StateMachineUpdater.java:stopAndJoin(153)) - 5b838663-213a-4fbf-828e-9dfe1e385535@group-0D178AC3226E-StateMachineUpdater: set stopIndex = 31
2022-06-16 16:19:48,965 [5b838663-213a-4fbf-828e-9dfe1e385535@group-0D178AC3226E-StateMachineUpdater] INFO  ratis.ContainerStateMachine (ContainerStateMachine.java:takeSnapshot(304)) - group-0D178AC3226E: Taking a snapshot at:(t:1, i:31) file /home/runner/work/ozone/ozone/hadoop-ozone/integration-test/target/test-dir/MiniOzoneClusterImpl-3714a898-0fe0-42e2-9307-bd15e6fadcd3/datanode-2/data/ratis/76fa6611-d988-42bf-a47e-0d178ac3226e/sm/snapshot.1_31
2022-06-16 16:19:48,965 [5b838663-213a-4fbf-828e-9dfe1e385535@group-0D178AC3226E-FollowerState] INFO  impl.FollowerState (FollowerState.java:run(152)) - 5b838663-213a-4fbf-828e-9dfe1e385535@group-0D178AC3226E-FollowerState was interrupted
2022-06-16 16:19:48,966 [5b838663-213a-4fbf-828e-9dfe1e385535@group-0D178AC3226E-StateMachineUpdater] INFO  ratis.ContainerStateMachine (ContainerStateMachine.java:takeSnapshot(315)) - group-0D178AC3226E: Finished taking a snapshot at:(t:1, i:31) file:/home/runner/work/ozone/ozone/hadoop-ozone/integration-test/target/test-dir/MiniOzoneClusterImpl-3714a898-0fe0-42e2-9307-bd15e6fadcd3/datanode-2/data/ratis/76fa6611-d988-42bf-a47e-0d178ac3226e/sm/snapshot.1_31 took: 1 ms
2022-06-16 16:19:48,966 [5b838663-213a-4fbf-828e-9dfe1e385535@group-0D178AC3226E-StateMachineUpdater] INFO  impl.StateMachineUpdater (StateMachineUpdater.java:takeSnapshot(287)) - 5b838663-213a-4fbf-828e-9dfe1e385535@group-0D178AC3226E-StateMachineUpdater: Took a snapshot at index 31
2022-06-16 16:19:48,966 [5b838663-213a-4fbf-828e-9dfe1e385535@group-0D178AC3226E-StateMachineUpdater] INFO  impl.StateMachineUpdater (StateMachineUpdater.java:lambda$new$0(92)) - 5b838663-213a-4fbf-828e-9dfe1e385535@group-0D178AC3226E-StateMachineUpdater: snapshotIndex: updateIncreasingly -1 -> 31
2022-06-16 16:19:48,970 [Listener at 127.0.0.1/34065] INFO  server.RaftServer$Division (ServerState.java:close(429)) - 5b838663-213a-4fbf-828e-9dfe1e385535@group-0D178AC3226E: closes. applyIndex: 31
2022-06-16 16:19:48,970 [5b838663-213a-4fbf-828e-9dfe1e385535@group-0D178AC3226E-SegmentedRaftLogWorker] INFO  segmented.SegmentedRaftLogWorker (SegmentedRaftLogWorker.java:run(336)) - 5b838663-213a-4fbf-828e-9dfe1e385535@group-0D178AC3226E-SegmentedRaftLogWorker was interrupted, exiting. There are 0 tasks remaining in the queue.
2022-06-16 16:19:48,983 [grpc-default-executor-3] WARN  server.GrpcLogAppender (LogUtils.java:warn(122)) - f18629d0-4209-4076-ad9d-a135d0d60f56@group-0D178AC3226E->e92161bb-36da-4024-83fa-f02433e9e8b4-AppendLogResponseHandler: Failed appendEntries: org.apache.ratis.thirdparty.io.grpc.StatusRuntimeException: CANCELLED: RST_STREAM closed stream. HTTP/2 error code: CANCEL
2022-06-16 16:19:48,984 [grpc-default-executor-3] INFO  leader.FollowerInfo (FollowerInfoImpl.java:lambda$new$0(48)) - f18629d0-4209-4076-ad9d-a135d0d60f56@group-0D178AC3226E->e92161bb-36da-4024-83fa-f02433e9e8b4: nextIndex: updateUnconditionally 32 -> 31
2022-06-16 16:19:48,984 [Listener at 127.0.0.1/34065] INFO  segmented.SegmentedRaftLogWorker (SegmentedRaftLogWorker.java:close(246)) - 5b838663-213a-4fbf-828e-9dfe1e385535@group-0D178AC3226E-SegmentedRaftLogWorker close()
2022-06-16 16:19:48,987 [ForkJoinPool.commonPool-worker-1] INFO  server.GrpcService (GrpcService.java:closeImpl(278)) - e92161bb-36da-4024-83fa-f02433e9e8b4: shutdown server with port 37825 successfully
2022-06-16 16:19:48,987 [org.apache.ratis.util.JvmPauseMonitor$$Lambda$611/1702991963@ff1800a] INFO  util.JvmPauseMonitor (JvmPauseMonitor.java:run(109)) - JvmPauseMonitor-e92161bb-36da-4024-83fa-f02433e9e8b4: Stopped
2022-06-16 16:19:48,991 [grpc-default-executor-1] WARN  server.GrpcLogAppender (LogUtils.java:warn(122)) - f18629d0-4209-4076-ad9d-a135d0d60f56@group-0D178AC3226E->e92161bb-36da-4024-83fa-f02433e9e8b4-AppendLogResponseHandler: Failed appendEntries: org.apache.ratis.thirdparty.io.grpc.StatusRuntimeException: UNAVAILABLE: io exception
2022-06-16 16:19:48,992 [grpc-default-executor-1] INFO  leader.FollowerInfo (FollowerInfoImpl.java:lambda$new$0(48)) - f18629d0-4209-4076-ad9d-a135d0d60f56@group-0D178AC3226E->e92161bb-36da-4024-83fa-f02433e9e8b4: nextIndex: updateUnconditionally 32 -> 31
2022-06-16 16:19:48,992 [Listener at 127.0.0.1/34065] INFO  server.GrpcService (GrpcService.java:closeImpl(269)) - 5b838663-213a-4fbf-828e-9dfe1e385535: shutdown server with port 33841 now
2022-06-16 16:19:49,000 [grpc-default-executor-3] WARN  server.GrpcServerProtocolService (LogUtils.java:warn(122)) - 5b838663-213a-4fbf-828e-9dfe1e385535: installSnapshot onError, lastRequest: f18629d0-4209-4076-ad9d-a135d0d60f56->5b838663-213a-4fbf-828e-9dfe1e385535#477-t1,previous=(t:1, i:30),leaderCommit=29,initializing? true,entries: size=1, first=(t:1, i:31), METADATAENTRY(c:29): org.apache.ratis.thirdparty.io.grpc.StatusRuntimeException: CANCELLED: client cancelled
2022-06-16 16:19:49,019 [Listener at 127.0.0.1/34065] INFO  server.GrpcService (GrpcService.java:closeImpl(278)) - 5b838663-213a-4fbf-828e-9dfe1e385535: shutdown server with port 33841 successfully
2022-06-16 16:19:49,019 [org.apache.ratis.util.JvmPauseMonitor$$Lambda$611/1702991963@345ead9c] INFO  util.JvmPauseMonitor (JvmPauseMonitor.java:run(109)) - JvmPauseMonitor-5b838663-213a-4fbf-828e-9dfe1e385535: Stopped
2022-06-16 16:19:49,019 [grpc-default-executor-1] WARN  server.GrpcLogAppender (LogUtils.java:warn(122)) - f18629d0-4209-4076-ad9d-a135d0d60f56@group-0D178AC3226E->5b838663-213a-4fbf-828e-9dfe1e385535-AppendLogResponseHandler: Failed appendEntries: org.apache.ratis.thirdparty.io.grpc.StatusRuntimeException: CANCELLED: RST_STREAM closed stream. HTTP/2 error code: CANCEL
2022-06-16 16:19:49,023 [grpc-default-executor-1] INFO  leader.FollowerInfo (FollowerInfoImpl.java:lambda$new$0(48)) - f18629d0-4209-4076-ad9d-a135d0d60f56@group-0D178AC3226E->5b838663-213a-4fbf-828e-9dfe1e385535: nextIndex: updateUnconditionally 32 -> 31
2022-06-16 16:19:49,033 [grpc-default-executor-3] WARN  server.GrpcLogAppender (LogUtils.java:warn(122)) - f18629d0-4209-4076-ad9d-a135d0d60f56@group-0D178AC3226E->5b838663-213a-4fbf-828e-9dfe1e385535-AppendLogResponseHandler: Failed appendEntries: org.apache.ratis.thirdparty.io.grpc.StatusRuntimeException: UNAVAILABLE: io exception
2022-06-16 16:19:49,033 [grpc-default-executor-3] INFO  leader.FollowerInfo (FollowerInfoImpl.java:lambda$new$0(48)) - f18629d0-4209-4076-ad9d-a135d0d60f56@group-0D178AC3226E->5b838663-213a-4fbf-828e-9dfe1e385535: nextIndex: updateUnconditionally 32 -> 31
2022-06-16 16:19:50,390 [grpc-default-executor-3] WARN  server.GrpcLogAppender (LogUtils.java:warn(122)) - f18629d0-4209-4076-ad9d-a135d0d60f56@group-0D178AC3226E->5b838663-213a-4fbf-828e-9dfe1e385535-AppendLogResponseHandler: Failed appendEntries: org.apache.ratis.thirdparty.io.grpc.StatusRuntimeException: UNAVAILABLE: io exception
2022-06-16 16:19:50,391 [grpc-default-executor-3] INFO  leader.FollowerInfo (FollowerInfoImpl.java:lambda$new$0(48)) - f18629d0-4209-4076-ad9d-a135d0d60f56@group-0D178AC3226E->5b838663-213a-4fbf-828e-9dfe1e385535: nextIndex: updateUnconditionally 32 -> 31
2022-06-16 16:19:50,495 [grpc-default-executor-3] WARN  server.GrpcLogAppender (LogUtils.java:warn(122)) - f18629d0-4209-4076-ad9d-a135d0d60f56@group-0D178AC3226E->e92161bb-36da-4024-83fa-f02433e9e8b4-AppendLogResponseHandler: Failed appendEntries: org.apache.ratis.thirdparty.io.grpc.StatusRuntimeException: UNAVAILABLE: io exception
2022-06-16 16:19:50,495 [grpc-default-executor-3] INFO  leader.FollowerInfo (FollowerInfoImpl.java:lambda$new$0(48)) - f18629d0-4209-4076-ad9d-a135d0d60f56@group-0D178AC3226E->e92161bb-36da-4024-83fa-f02433e9e8b4: nextIndex: updateUnconditionally 32 -> 31
2022-06-16 16:19:51,054 [Listener at 127.0.0.1/34065] INFO  utils.BackgroundService (BackgroundService.java:shutdown(132)) - Shutting down service BlockDeletingService
2022-06-16 16:19:51,057 [ForkJoinPool.commonPool-worker-1] INFO  utils.BackgroundService (BackgroundService.java:shutdown(132)) - Shutting down service BlockDeletingService
2022-06-16 16:19:51,640 [grpc-default-executor-3] WARN  server.GrpcLogAppender (LogUtils.java:warn(122)) - f18629d0-4209-4076-ad9d-a135d0d60f56@group-0D178AC3226E->5b838663-213a-4fbf-828e-9dfe1e385535-AppendLogResponseHandler: Failed appendEntries: org.apache.ratis.thirdparty.io.grpc.StatusRuntimeException: UNAVAILABLE: io exception
2022-06-16 16:19:51,641 [grpc-default-executor-3] INFO  leader.FollowerInfo (FollowerInfoImpl.java:lambda$new$0(48)) - f18629d0-4209-4076-ad9d-a135d0d60f56@group-0D178AC3226E->5b838663-213a-4fbf-828e-9dfe1e385535: nextIndex: updateUnconditionally 32 -> 31
2022-06-16 16:19:51,745 [grpc-default-executor-3] WARN  server.GrpcLogAppender (LogUtils.java:warn(122)) - f18629d0-4209-4076-ad9d-a135d0d60f56@group-0D178AC3226E->e92161bb-36da-4024-83fa-f02433e9e8b4-AppendLogResponseHandler: Failed appendEntries: org.apache.ratis.thirdparty.io.grpc.StatusRuntimeException: UNAVAILABLE: io exception
2022-06-16 16:19:51,746 [grpc-default-executor-3] INFO  leader.FollowerInfo (FollowerInfoImpl.java:lambda$new$0(48)) - f18629d0-4209-4076-ad9d-a135d0d60f56@group-0D178AC3226E->e92161bb-36da-4024-83fa-f02433e9e8b4: nextIndex: updateUnconditionally 32 -> 31
2022-06-16 16:19:52,891 [grpc-default-executor-3] WARN  server.GrpcLogAppender (LogUtils.java:warn(122)) - f18629d0-4209-4076-ad9d-a135d0d60f56@group-0D178AC3226E->5b838663-213a-4fbf-828e-9dfe1e385535-AppendLogResponseHandler: Failed appendEntries: org.apache.ratis.thirdparty.io.grpc.StatusRuntimeException: UNAVAILABLE: io exception
2022-06-16 16:19:52,892 [grpc-default-executor-3] INFO  leader.FollowerInfo (FollowerInfoImpl.java:lambda$new$0(48)) - f18629d0-4209-4076-ad9d-a135d0d60f56@group-0D178AC3226E->5b838663-213a-4fbf-828e-9dfe1e385535: nextIndex: updateUnconditionally 32 -> 31
2022-06-16 16:19:52,996 [grpc-default-executor-3] WARN  server.GrpcLogAppender (LogUtils.java:warn(122)) - f18629d0-4209-4076-ad9d-a135d0d60f56@group-0D178AC3226E->e92161bb-36da-4024-83fa-f02433e9e8b4-AppendLogResponseHandler: Failed appendEntries: org.apache.ratis.thirdparty.io.grpc.StatusRuntimeException: UNAVAILABLE: io exception
2022-06-16 16:19:52,996 [grpc-default-executor-3] INFO  leader.FollowerInfo (FollowerInfoImpl.java:lambda$new$0(48)) - f18629d0-4209-4076-ad9d-a135d0d60f56@group-0D178AC3226E->e92161bb-36da-4024-83fa-f02433e9e8b4: nextIndex: updateUnconditionally 32 -> 31
2022-06-16 16:19:53,678 [f18629d0-4209-4076-ad9d-a135d0d60f56@group-0D178AC3226E-LeaderStateImpl] WARN  server.RaftServer$Division (LeaderStateImpl.java:checkLeadership(1018)) - f18629d0-4209-4076-ad9d-a135d0d60f56@group-0D178AC3226E-LeaderStateImpl: Lost leadership on term: 1. Election timeout: 5200ms. In charge for: 26583ms. Conf: 0: [e92161bb-36da-4024-83fa-f02433e9e8b4|rpc:10.1.0.16:37825|dataStream:|priority:0, f18629d0-4209-4076-ad9d-a135d0d60f56|rpc:10.1.0.16:43341|dataStream:|priority:1, 5b838663-213a-4fbf-828e-9dfe1e385535|rpc:10.1.0.16:33841|dataStream:|priority:0], old=null
2022-06-16 16:19:53,679 [f18629d0-4209-4076-ad9d-a135d0d60f56@group-0D178AC3226E-LeaderStateImpl] WARN  server.RaftServer$Division (LeaderStateImpl.java:lambda$checkLeadership$17(1022)) - Follower f18629d0-4209-4076-ad9d-a135d0d60f56@group-0D178AC3226E->e92161bb-36da-4024-83fa-f02433e9e8b4(c31,m31,n31, attendVote=true, lastRpcSendTime=682, lastRpcResponseTime=5692)
2022-06-16 16:19:53,679 [f18629d0-4209-4076-ad9d-a135d0d60f56@group-0D178AC3226E-LeaderStateImpl] WARN  server.RaftServer$Division (LeaderStateImpl.java:lambda$checkLeadership$17(1022)) - Follower f18629d0-4209-4076-ad9d-a135d0d60f56@group-0D178AC3226E->5b838663-213a-4fbf-828e-9dfe1e385535(c31,m31,n31, attendVote=true, lastRpcSendTime=787, lastRpcResponseTime=5790)
2022-06-16 16:19:53,679 [f18629d0-4209-4076-ad9d-a135d0d60f56@group-0D178AC3226E-LeaderStateImpl] INFO  server.RaftServer$Division (RaftServerImpl.java:setRole(299)) - f18629d0-4209-4076-ad9d-a135d0d60f56@group-0D178AC3226E: changes role from    LEADER to FOLLOWER at term 1 for StepDownReason:LOST_MAJORITY_HEARTBEATS
2022-06-16 16:19:53,679 [f18629d0-4209-4076-ad9d-a135d0d60f56@group-0D178AC3226E-LeaderStateImpl] INFO  impl.RoleInfo (RoleInfo.java:shutdownLeaderState(93)) - f18629d0-4209-4076-ad9d-a135d0d60f56: shutdown f18629d0-4209-4076-ad9d-a135d0d60f56@group-0D178AC3226E-LeaderStateImpl
2022-06-16 16:19:53,679 [f18629d0-4209-4076-ad9d-a135d0d60f56@group-0D178AC3226E-LeaderStateImpl] INFO  impl.PendingRequests (PendingRequests.java:sendNotLeaderResponses(282)) - f18629d0-4209-4076-ad9d-a135d0d60f56@group-0D178AC3226E-PendingRequests: sendNotLeaderResponses
2022-06-16 16:19:53,680 [f18629d0-4209-4076-ad9d-a135d0d60f56@group-0D178AC3226E-LeaderStateImpl] INFO  impl.RoleInfo (RoleInfo.java:updateAndGet(139)) - f18629d0-4209-4076-ad9d-a135d0d60f56: start f18629d0-4209-4076-ad9d-a135d0d60f56@group-0D178AC3226E-FollowerState
2022-06-16 16:19:53,695 [f18629d0-4209-4076-ad9d-a135d0d60f56@group-0D178AC3226E->5b838663-213a-4fbf-828e-9dfe1e385535-GrpcLogAppender-LogAppenderDaemon] WARN  server.GrpcLogAppender (GrpcLogAppender.java:mayWait(171)) - f18629d0-4209-4076-ad9d-a135d0d60f56@group-0D178AC3226E->5b838663-213a-4fbf-828e-9dfe1e385535-GrpcLogAppender: Wait interrupted by java.lang.InterruptedException
2022-06-16 16:19:53,695 [f18629d0-4209-4076-ad9d-a135d0d60f56@group-0D178AC3226E->e92161bb-36da-4024-83fa-f02433e9e8b4-GrpcLogAppender-LogAppenderDaemon] WARN  server.GrpcLogAppender (GrpcLogAppender.java:mayWait(171)) - f18629d0-4209-4076-ad9d-a135d0d60f56@group-0D178AC3226E->e92161bb-36da-4024-83fa-f02433e9e8b4-GrpcLogAppender: Wait interrupted by java.lang.InterruptedException
2022-06-16 16:19:54,073 [Listener at 127.0.0.1/34065] INFO  statemachine.DatanodeStateMachine (DatanodeStateMachine.java:stopDaemon(572)) - Ozone container server stopped.
2022-06-16 16:19:54,081 [Listener at 127.0.0.1/34065] INFO  handler.ContextHandler (ContextHandler.java:doStop(1153)) - Stopped o.e.j.w.WebAppContext@320f451{hddsDatanode,/,null,STOPPED}{jar:file:/home/runner/.m2/repository/org/apache/ozone/hdds-container-service/1.3.0-SNAPSHOT/hdds-container-service-1.3.0-SNAPSHOT.jar!/webapps/hddsDatanode}
2022-06-16 16:19:54,091 [Listener at 127.0.0.1/34065] INFO  server.AbstractConnector (AbstractConnector.java:doStop(381)) - Stopped ServerConnector@61fe8807{HTTP/1.1, (http/1.1)}{0.0.0.0:0}
2022-06-16 16:19:54,091 [Listener at 127.0.0.1/34065] INFO  server.session (HouseKeeper.java:stopScavenging(149)) - node0 Stopped scavenging
2022-06-16 16:19:54,091 [Listener at 127.0.0.1/34065] INFO  handler.ContextHandler (ContextHandler.java:doStop(1153)) - Stopped o.e.j.s.ServletContextHandler@188df7c7{static,/static,jar:file:/home/runner/.m2/repository/org/apache/ozone/hdds-container-service/1.3.0-SNAPSHOT/hdds-container-service-1.3.0-SNAPSHOT.jar!/webapps/static,STOPPED}
2022-06-16 16:19:54,092 [Listener at 127.0.0.1/34065] INFO  handler.ContextHandler (ContextHandler.java:doStop(1153)) - Stopped o.e.j.s.ServletContextHandler@5c81bb16{logs,/logs,file:///home/runner/work/ozone/ozone/hadoop-ozone/integration-test/target/log,STOPPED}
2022-06-16 16:19:54,098 [ForkJoinPool.commonPool-worker-1] INFO  statemachine.DatanodeStateMachine (DatanodeStateMachine.java:stopDaemon(572)) - Ozone container server stopped.
2022-06-16 16:19:54,134 [ForkJoinPool.commonPool-worker-1] INFO  handler.ContextHandler (ContextHandler.java:doStop(1153)) - Stopped o.e.j.w.WebAppContext@2ef1df73{hddsDatanode,/,null,STOPPED}{jar:file:/home/runner/.m2/repository/org/apache/ozone/hdds-container-service/1.3.0-SNAPSHOT/hdds-container-service-1.3.0-SNAPSHOT.jar!/webapps/hddsDatanode}
2022-06-16 16:19:54,135 [ForkJoinPool.commonPool-worker-1] INFO  server.AbstractConnector (AbstractConnector.java:doStop(381)) - Stopped ServerConnector@66ac212{HTTP/1.1, (http/1.1)}{0.0.0.0:0}
2022-06-16 16:19:54,136 [ForkJoinPool.commonPool-worker-1] INFO  server.session (HouseKeeper.java:stopScavenging(149)) - node0 Stopped scavenging
2022-06-16 16:19:54,145 [ForkJoinPool.commonPool-worker-1] INFO  handler.ContextHandler (ContextHandler.java:doStop(1153)) - Stopped o.e.j.s.ServletContextHandler@5307be53{static,/static,jar:file:/home/runner/.m2/repository/org/apache/ozone/hdds-container-service/1.3.0-SNAPSHOT/hdds-container-service-1.3.0-SNAPSHOT.jar!/webapps/static,STOPPED}
2022-06-16 16:19:54,155 [ForkJoinPool.commonPool-worker-1] INFO  handler.ContextHandler (ContextHandler.java:doStop(1153)) - Stopped o.e.j.s.ServletContextHandler@7bd3fafa{logs,/logs,file:///home/runner/work/ozone/ozone/hadoop-ozone/integration-test/target/log,STOPPED}
2022-06-16 16:19:58,577 [f18629d0-4209-4076-ad9d-a135d0d60f56@group-D1498762B26E-FollowerState] INFO  impl.FollowerState (FollowerState.java:run(143)) - f18629d0-4209-4076-ad9d-a135d0d60f56@group-D1498762B26E-FollowerState: change to CANDIDATE, lastRpcElapsedTime:10108839314ns, electionTimeout:5023ms
2022-06-16 16:19:58,577 [f18629d0-4209-4076-ad9d-a135d0d60f56@group-D1498762B26E-FollowerState] INFO  impl.RoleInfo (RoleInfo.java:shutdownFollowerState(110)) - f18629d0-4209-4076-ad9d-a135d0d60f56: shutdown f18629d0-4209-4076-ad9d-a135d0d60f56@group-D1498762B26E-FollowerState
2022-06-16 16:19:58,578 [f18629d0-4209-4076-ad9d-a135d0d60f56@group-D1498762B26E-FollowerState] INFO  server.RaftServer$Division (RaftServerImpl.java:setRole(299)) - f18629d0-4209-4076-ad9d-a135d0d60f56@group-D1498762B26E: changes role from  FOLLOWER to CANDIDATE at term 4 for changeToCandidate
2022-06-16 16:19:58,578 [f18629d0-4209-4076-ad9d-a135d0d60f56@group-D1498762B26E-FollowerState] INFO  server.RaftServerConfigKeys (ConfUtils.java:logGet(46)) - raft.server.leaderelection.pre-vote = false (custom)
2022-06-16 16:19:58,578 [f18629d0-4209-4076-ad9d-a135d0d60f56@group-D1498762B26E-FollowerState] INFO  impl.RoleInfo (RoleInfo.java:updateAndGet(139)) - f18629d0-4209-4076-ad9d-a135d0d60f56: start f18629d0-4209-4076-ad9d-a135d0d60f56@group-D1498762B26E-LeaderElection31
2022-06-16 16:19:58,598 [f18629d0-4209-4076-ad9d-a135d0d60f56@group-D1498762B26E-LeaderElection31] INFO  server.RaftServer$Division (ServerState.java:setLeader(287)) - f18629d0-4209-4076-ad9d-a135d0d60f56@group-D1498762B26E: change Leader from e92161bb-36da-4024-83fa-f02433e9e8b4 to null at term 4 for ELECTION
2022-06-16 16:19:58,606 [f18629d0-4209-4076-ad9d-a135d0d60f56@group-D1498762B26E-LeaderElection31] INFO  impl.LeaderElection (LeaderElection.java:askForVotes(310)) - f18629d0-4209-4076-ad9d-a135d0d60f56@group-D1498762B26E-LeaderElection31 ELECTION round 0: submit vote requests at term 5 for 0: [e92161bb-36da-4024-83fa-f02433e9e8b4|rpc:10.1.0.16:37825|dataStream:|priority:1, f18629d0-4209-4076-ad9d-a135d0d60f56|rpc:10.1.0.16:43341|dataStream:|priority:0, 5b838663-213a-4fbf-828e-9dfe1e385535|rpc:10.1.0.16:33841|dataStream:|priority:0], old=null
2022-06-16 16:19:58,618 [f18629d0-4209-4076-ad9d-a135d0d60f56@group-D1498762B26E-LeaderElection31] INFO  impl.LeaderElection (LogUtils.java:infoOrTrace(137)) - f18629d0-4209-4076-ad9d-a135d0d60f56@group-D1498762B26E-LeaderElection31 got exception when requesting votes: java.util.concurrent.ExecutionException: org.apache.ratis.thirdparty.io.grpc.StatusRuntimeException: UNAVAILABLE: io exception
2022-06-16 16:19:58,618 [f18629d0-4209-4076-ad9d-a135d0d60f56@group-D1498762B26E-LeaderElection31] INFO  impl.LeaderElection (LogUtils.java:infoOrTrace(137)) - f18629d0-4209-4076-ad9d-a135d0d60f56@group-D1498762B26E-LeaderElection31 got exception when requesting votes: java.util.concurrent.ExecutionException: org.apache.ratis.thirdparty.io.grpc.StatusRuntimeException: UNAVAILABLE: io exception
2022-06-16 16:19:58,618 [f18629d0-4209-4076-ad9d-a135d0d60f56@group-D1498762B26E-LeaderElection31] INFO  impl.LeaderElection (LeaderElection.java:logAndReturn(90)) - f18629d0-4209-4076-ad9d-a135d0d60f56@group-D1498762B26E-LeaderElection31: ELECTION REJECTED received 0 response(s) and 2 exception(s):
2022-06-16 16:19:58,618 [f18629d0-4209-4076-ad9d-a135d0d60f56@group-D1498762B26E-LeaderElection31] INFO  impl.LeaderElection (LogUtils.java:infoOrTrace(137)) -   Exception 0: java.util.concurrent.ExecutionException: org.apache.ratis.thirdparty.io.grpc.StatusRuntimeException: UNAVAILABLE: io exception
2022-06-16 16:19:58,618 [f18629d0-4209-4076-ad9d-a135d0d60f56@group-D1498762B26E-LeaderElection31] INFO  impl.LeaderElection (LogUtils.java:infoOrTrace(137)) -   Exception 1: java.util.concurrent.ExecutionException: org.apache.ratis.thirdparty.io.grpc.StatusRuntimeException: UNAVAILABLE: io exception
2022-06-16 16:19:58,618 [f18629d0-4209-4076-ad9d-a135d0d60f56@group-D1498762B26E-LeaderElection31] INFO  impl.LeaderElection (LeaderElection.java:askForVotes(312)) - f18629d0-4209-4076-ad9d-a135d0d60f56@group-D1498762B26E-LeaderElection31 ELECTION round 0: result REJECTED
2022-06-16 16:19:58,618 [f18629d0-4209-4076-ad9d-a135d0d60f56@group-D1498762B26E-LeaderElection31] INFO  server.RaftServer$Division (RaftServerImpl.java:setRole(299)) - f18629d0-4209-4076-ad9d-a135d0d60f56@group-D1498762B26E: changes role from CANDIDATE to FOLLOWER at term 5 for REJECTED
2022-06-16 16:19:58,618 [f18629d0-4209-4076-ad9d-a135d0d60f56@group-D1498762B26E-LeaderElection31] INFO  impl.RoleInfo (RoleInfo.java:shutdownLeaderElection(130)) - f18629d0-4209-4076-ad9d-a135d0d60f56: shutdown f18629d0-4209-4076-ad9d-a135d0d60f56@group-D1498762B26E-LeaderElection31
2022-06-16 16:19:58,619 [f18629d0-4209-4076-ad9d-a135d0d60f56@group-D1498762B26E-LeaderElection31] INFO  impl.RoleInfo (RoleInfo.java:updateAndGet(139)) - f18629d0-4209-4076-ad9d-a135d0d60f56: start f18629d0-4209-4076-ad9d-a135d0d60f56@group-D1498762B26E-FollowerState
2022-06-16 16:19:58,703 [f18629d0-4209-4076-ad9d-a135d0d60f56@group-0D178AC3226E-FollowerState] INFO  impl.FollowerState (FollowerState.java:lostMajorityHeartbeatsRecently(108)) - f18629d0-4209-4076-ad9d-a135d0d60f56@group-0D178AC3226E-FollowerState: Skipping leader election since it stepped down recently (elapsed = 5023ms < waitTime = 10s)
2022-06-16 16:19:59,097 [Listener at 127.0.0.1/34065] INFO  ozoneimpl.OzoneContainer (OzoneContainer.java:stop(365)) - Attempting to stop container services.
2022-06-16 16:19:59,102 [Listener at 127.0.0.1/34065] INFO  server.RaftServer (RaftServerProxy.java:lambda$close$7(398)) - 91193349-063e-4e8d-a3d9-971f40f5522b: close
2022-06-16 16:19:59,102 [Listener at 127.0.0.1/34065] INFO  server.RaftServer$Division (RaftServerImpl.java:lambda$close$4(434)) - 91193349-063e-4e8d-a3d9-971f40f5522b@group-D1B771C95D98: shutdown
2022-06-16 16:19:59,102 [Listener at 127.0.0.1/34065] INFO  util.JmxRegister (JmxRegister.java:unregister(73)) - Successfully un-registered JMX Bean with object name Ratis:service=RaftServer,group=group-D1B771C95D98,id=91193349-063e-4e8d-a3d9-971f40f5522b
2022-06-16 16:19:59,102 [Listener at 127.0.0.1/34065] INFO  impl.RoleInfo (RoleInfo.java:shutdownLeaderState(93)) - 91193349-063e-4e8d-a3d9-971f40f5522b: shutdown 91193349-063e-4e8d-a3d9-971f40f5522b@group-D1B771C95D98-LeaderStateImpl
2022-06-16 16:19:59,103 [Listener at 127.0.0.1/34065] INFO  impl.PendingRequests (PendingRequests.java:sendNotLeaderResponses(282)) - 91193349-063e-4e8d-a3d9-971f40f5522b@group-D1B771C95D98-PendingRequests: sendNotLeaderResponses
2022-06-16 16:19:59,103 [Listener at 127.0.0.1/34065] INFO  impl.StateMachineUpdater (StateMachineUpdater.java:stopAndJoin(153)) - 91193349-063e-4e8d-a3d9-971f40f5522b@group-D1B771C95D98-StateMachineUpdater: set stopIndex = 0
2022-06-16 16:19:59,103 [91193349-063e-4e8d-a3d9-971f40f5522b@group-D1B771C95D98-StateMachineUpdater] INFO  ratis.ContainerStateMachine (ContainerStateMachine.java:takeSnapshot(304)) - group-D1B771C95D98: Taking a snapshot at:(t:1, i:0) file /home/runner/work/ozone/ozone/hadoop-ozone/integration-test/target/test-dir/MiniOzoneClusterImpl-3714a898-0fe0-42e2-9307-bd15e6fadcd3/datanode-4/data/ratis/902126e9-86e8-48a3-b630-d1b771c95d98/sm/snapshot.1_0
2022-06-16 16:19:59,104 [91193349-063e-4e8d-a3d9-971f40f5522b@group-D1B771C95D98-StateMachineUpdater] INFO  ratis.ContainerStateMachine (ContainerStateMachine.java:takeSnapshot(315)) - group-D1B771C95D98: Finished taking a snapshot at:(t:1, i:0) file:/home/runner/work/ozone/ozone/hadoop-ozone/integration-test/target/test-dir/MiniOzoneClusterImpl-3714a898-0fe0-42e2-9307-bd15e6fadcd3/datanode-4/data/ratis/902126e9-86e8-48a3-b630-d1b771c95d98/sm/snapshot.1_0 took: 1 ms
2022-06-16 16:19:59,104 [91193349-063e-4e8d-a3d9-971f40f5522b@group-D1B771C95D98-StateMachineUpdater] INFO  impl.StateMachineUpdater (StateMachineUpdater.java:takeSnapshot(287)) - 91193349-063e-4e8d-a3d9-971f40f5522b@group-D1B771C95D98-StateMachineUpdater: Took a snapshot at index 0
2022-06-16 16:19:59,104 [91193349-063e-4e8d-a3d9-971f40f5522b@group-D1B771C95D98-StateMachineUpdater] INFO  impl.StateMachineUpdater (StateMachineUpdater.java:lambda$new$0(92)) - 91193349-063e-4e8d-a3d9-971f40f5522b@group-D1B771C95D98-StateMachineUpdater: snapshotIndex: updateIncreasingly -1 -> 0
2022-06-16 16:19:59,114 [Listener at 127.0.0.1/34065] INFO  server.RaftServer$Division (ServerState.java:close(429)) - 91193349-063e-4e8d-a3d9-971f40f5522b@group-D1B771C95D98: closes. applyIndex: 0
2022-06-16 16:19:59,114 [91193349-063e-4e8d-a3d9-971f40f5522b@group-D1B771C95D98-SegmentedRaftLogWorker] INFO  segmented.SegmentedRaftLogWorker (SegmentedRaftLogWorker.java:run(336)) - 91193349-063e-4e8d-a3d9-971f40f5522b@group-D1B771C95D98-SegmentedRaftLogWorker was interrupted, exiting. There are 0 tasks remaining in the queue.
2022-06-16 16:19:59,115 [Listener at 127.0.0.1/34065] INFO  segmented.SegmentedRaftLogWorker (SegmentedRaftLogWorker.java:close(246)) - 91193349-063e-4e8d-a3d9-971f40f5522b@group-D1B771C95D98-SegmentedRaftLogWorker close()
2022-06-16 16:19:59,117 [Listener at 127.0.0.1/34065] INFO  server.GrpcService (GrpcService.java:closeImpl(269)) - 91193349-063e-4e8d-a3d9-971f40f5522b: shutdown server with port 41297 now
2022-06-16 16:19:59,118 [Listener at 127.0.0.1/34065] INFO  server.GrpcService (GrpcService.java:closeImpl(278)) - 91193349-063e-4e8d-a3d9-971f40f5522b: shutdown server with port 41297 successfully
2022-06-16 16:19:59,118 [org.apache.ratis.util.JvmPauseMonitor$$Lambda$611/1702991963@19b7b14d] INFO  util.JvmPauseMonitor (JvmPauseMonitor.java:run(109)) - JvmPauseMonitor-91193349-063e-4e8d-a3d9-971f40f5522b: Stopped
2022-06-16 16:19:59,162 [ForkJoinPool.commonPool-worker-1] INFO  ozoneimpl.OzoneContainer (OzoneContainer.java:stop(365)) - Attempting to stop container services.
2022-06-16 16:19:59,163 [ForkJoinPool.commonPool-worker-1] INFO  server.RaftServer (RaftServerProxy.java:lambda$close$7(398)) - f18629d0-4209-4076-ad9d-a135d0d60f56: close
2022-06-16 16:19:59,163 [ForkJoinPool.commonPool-worker-1] INFO  server.RaftServer$Division (RaftServerImpl.java:lambda$close$4(434)) - f18629d0-4209-4076-ad9d-a135d0d60f56@group-D1498762B26E: shutdown
2022-06-16 16:19:59,163 [ForkJoinPool.commonPool-worker-1] INFO  util.JmxRegister (JmxRegister.java:unregister(73)) - Successfully un-registered JMX Bean with object name Ratis:service=RaftServer,group=group-D1498762B26E,id=f18629d0-4209-4076-ad9d-a135d0d60f56
2022-06-16 16:19:59,163 [ForkJoinPool.commonPool-worker-1] INFO  impl.RoleInfo (RoleInfo.java:shutdownFollowerState(110)) - f18629d0-4209-4076-ad9d-a135d0d60f56: shutdown f18629d0-4209-4076-ad9d-a135d0d60f56@group-D1498762B26E-FollowerState
2022-06-16 16:19:59,163 [ForkJoinPool.commonPool-worker-1] INFO  impl.StateMachineUpdater (StateMachineUpdater.java:stopAndJoin(153)) - f18629d0-4209-4076-ad9d-a135d0d60f56@group-D1498762B26E-StateMachineUpdater: set stopIndex = 0
2022-06-16 16:19:59,163 [f18629d0-4209-4076-ad9d-a135d0d60f56@group-D1498762B26E-StateMachineUpdater] INFO  ratis.ContainerStateMachine (ContainerStateMachine.java:takeSnapshot(304)) - group-D1498762B26E: Taking a snapshot at:(t:4, i:0) file /home/runner/work/ozone/ozone/hadoop-ozone/integration-test/target/test-dir/MiniOzoneClusterImpl-3714a898-0fe0-42e2-9307-bd15e6fadcd3/datanode-0/data/ratis/d5f21dce-580b-4b61-8401-d1498762b26e/sm/snapshot.4_0
2022-06-16 16:19:59,164 [f18629d0-4209-4076-ad9d-a135d0d60f56@group-D1498762B26E-FollowerState] INFO  impl.FollowerState (FollowerState.java:run(152)) - f18629d0-4209-4076-ad9d-a135d0d60f56@group-D1498762B26E-FollowerState was interrupted
2022-06-16 16:19:59,174 [f18629d0-4209-4076-ad9d-a135d0d60f56@group-D1498762B26E-StateMachineUpdater] INFO  ratis.ContainerStateMachine (ContainerStateMachine.java:takeSnapshot(315)) - group-D1498762B26E: Finished taking a snapshot at:(t:4, i:0) file:/home/runner/work/ozone/ozone/hadoop-ozone/integration-test/target/test-dir/MiniOzoneClusterImpl-3714a898-0fe0-42e2-9307-bd15e6fadcd3/datanode-0/data/ratis/d5f21dce-580b-4b61-8401-d1498762b26e/sm/snapshot.4_0 took: 11 ms
2022-06-16 16:19:59,174 [f18629d0-4209-4076-ad9d-a135d0d60f56@group-D1498762B26E-StateMachineUpdater] INFO  impl.StateMachineUpdater (StateMachineUpdater.java:takeSnapshot(287)) - f18629d0-4209-4076-ad9d-a135d0d60f56@group-D1498762B26E-StateMachineUpdater: Took a snapshot at index 0
2022-06-16 16:19:59,174 [f18629d0-4209-4076-ad9d-a135d0d60f56@group-D1498762B26E-StateMachineUpdater] INFO  impl.StateMachineUpdater (StateMachineUpdater.java:lambda$new$0(92)) - f18629d0-4209-4076-ad9d-a135d0d60f56@group-D1498762B26E-StateMachineUpdater: snapshotIndex: updateIncreasingly -1 -> 0
2022-06-16 16:19:59,174 [ForkJoinPool.commonPool-worker-1] INFO  server.RaftServer$Division (ServerState.java:close(429)) - f18629d0-4209-4076-ad9d-a135d0d60f56@group-D1498762B26E: closes. applyIndex: 0
2022-06-16 16:19:59,175 [f18629d0-4209-4076-ad9d-a135d0d60f56@group-D1498762B26E-SegmentedRaftLogWorker] INFO  segmented.SegmentedRaftLogWorker (SegmentedRaftLogWorker.java:run(336)) - f18629d0-4209-4076-ad9d-a135d0d60f56@group-D1498762B26E-SegmentedRaftLogWorker was interrupted, exiting. There are 0 tasks remaining in the queue.
2022-06-16 16:19:59,176 [ForkJoinPool.commonPool-worker-1] INFO  segmented.SegmentedRaftLogWorker (SegmentedRaftLogWorker.java:close(246)) - f18629d0-4209-4076-ad9d-a135d0d60f56@group-D1498762B26E-SegmentedRaftLogWorker close()
2022-06-16 16:19:59,177 [ForkJoinPool.commonPool-worker-1] INFO  server.RaftServer$Division (RaftServerImpl.java:lambda$close$4(434)) - f18629d0-4209-4076-ad9d-a135d0d60f56@group-52F9F5B6FB9E: shutdown
2022-06-16 16:19:59,177 [ForkJoinPool.commonPool-worker-1] INFO  util.JmxRegister (JmxRegister.java:unregister(73)) - Successfully un-registered JMX Bean with object name Ratis:service=RaftServer,group=group-52F9F5B6FB9E,id=f18629d0-4209-4076-ad9d-a135d0d60f56
2022-06-16 16:19:59,177 [ForkJoinPool.commonPool-worker-1] INFO  impl.RoleInfo (RoleInfo.java:shutdownLeaderState(93)) - f18629d0-4209-4076-ad9d-a135d0d60f56: shutdown f18629d0-4209-4076-ad9d-a135d0d60f56@group-52F9F5B6FB9E-LeaderStateImpl
2022-06-16 16:19:59,177 [ForkJoinPool.commonPool-worker-1] INFO  impl.PendingRequests (PendingRequests.java:sendNotLeaderResponses(282)) - f18629d0-4209-4076-ad9d-a135d0d60f56@group-52F9F5B6FB9E-PendingRequests: sendNotLeaderResponses
2022-06-16 16:19:59,177 [ForkJoinPool.commonPool-worker-1] INFO  impl.StateMachineUpdater (StateMachineUpdater.java:stopAndJoin(153)) - f18629d0-4209-4076-ad9d-a135d0d60f56@group-52F9F5B6FB9E-StateMachineUpdater: set stopIndex = 0
2022-06-16 16:19:59,177 [f18629d0-4209-4076-ad9d-a135d0d60f56@group-52F9F5B6FB9E-StateMachineUpdater] INFO  ratis.ContainerStateMachine (ContainerStateMachine.java:takeSnapshot(304)) - group-52F9F5B6FB9E: Taking a snapshot at:(t:1, i:0) file /home/runner/work/ozone/ozone/hadoop-ozone/integration-test/target/test-dir/MiniOzoneClusterImpl-3714a898-0fe0-42e2-9307-bd15e6fadcd3/datanode-0/data/ratis/6a3426eb-9662-4aec-80d7-52f9f5b6fb9e/sm/snapshot.1_0
2022-06-16 16:19:59,178 [f18629d0-4209-4076-ad9d-a135d0d60f56@group-52F9F5B6FB9E-StateMachineUpdater] INFO  ratis.ContainerStateMachine (ContainerStateMachine.java:takeSnapshot(315)) - group-52F9F5B6FB9E: Finished taking a snapshot at:(t:1, i:0) file:/home/runner/work/ozone/ozone/hadoop-ozone/integration-test/target/test-dir/MiniOzoneClusterImpl-3714a898-0fe0-42e2-9307-bd15e6fadcd3/datanode-0/data/ratis/6a3426eb-9662-4aec-80d7-52f9f5b6fb9e/sm/snapshot.1_0 took: 1 ms
2022-06-16 16:19:59,179 [f18629d0-4209-4076-ad9d-a135d0d60f56@group-52F9F5B6FB9E-StateMachineUpdater] INFO  impl.StateMachineUpdater (StateMachineUpdater.java:takeSnapshot(287)) - f18629d0-4209-4076-ad9d-a135d0d60f56@group-52F9F5B6FB9E-StateMachineUpdater: Took a snapshot at index 0
2022-06-16 16:19:59,179 [f18629d0-4209-4076-ad9d-a135d0d60f56@group-52F9F5B6FB9E-StateMachineUpdater] INFO  impl.StateMachineUpdater (StateMachineUpdater.java:lambda$new$0(92)) - f18629d0-4209-4076-ad9d-a135d0d60f56@group-52F9F5B6FB9E-StateMachineUpdater: snapshotIndex: updateIncreasingly -1 -> 0
2022-06-16 16:19:59,180 [ForkJoinPool.commonPool-worker-1] INFO  server.RaftServer$Division (ServerState.java:close(429)) - f18629d0-4209-4076-ad9d-a135d0d60f56@group-52F9F5B6FB9E: closes. applyIndex: 0
2022-06-16 16:19:59,180 [f18629d0-4209-4076-ad9d-a135d0d60f56@group-52F9F5B6FB9E-SegmentedRaftLogWorker] INFO  segmented.SegmentedRaftLogWorker (SegmentedRaftLogWorker.java:run(336)) - f18629d0-4209-4076-ad9d-a135d0d60f56@group-52F9F5B6FB9E-SegmentedRaftLogWorker was interrupted, exiting. There are 0 tasks remaining in the queue.
2022-06-16 16:19:59,181 [ForkJoinPool.commonPool-worker-1] INFO  segmented.SegmentedRaftLogWorker (SegmentedRaftLogWorker.java:close(246)) - f18629d0-4209-4076-ad9d-a135d0d60f56@group-52F9F5B6FB9E-SegmentedRaftLogWorker close()
2022-06-16 16:19:59,181 [ForkJoinPool.commonPool-worker-1] INFO  server.RaftServer$Division (RaftServerImpl.java:lambda$close$4(434)) - f18629d0-4209-4076-ad9d-a135d0d60f56@group-0D178AC3226E: shutdown
2022-06-16 16:19:59,181 [ForkJoinPool.commonPool-worker-1] INFO  util.JmxRegister (JmxRegister.java:unregister(73)) - Successfully un-registered JMX Bean with object name Ratis:service=RaftServer,group=group-0D178AC3226E,id=f18629d0-4209-4076-ad9d-a135d0d60f56
2022-06-16 16:19:59,181 [ForkJoinPool.commonPool-worker-1] INFO  impl.RoleInfo (RoleInfo.java:shutdownFollowerState(110)) - f18629d0-4209-4076-ad9d-a135d0d60f56: shutdown f18629d0-4209-4076-ad9d-a135d0d60f56@group-0D178AC3226E-FollowerState
2022-06-16 16:19:59,181 [ForkJoinPool.commonPool-worker-1] INFO  impl.StateMachineUpdater (StateMachineUpdater.java:stopAndJoin(153)) - f18629d0-4209-4076-ad9d-a135d0d60f56@group-0D178AC3226E-StateMachineUpdater: set stopIndex = 31
2022-06-16 16:19:59,181 [f18629d0-4209-4076-ad9d-a135d0d60f56@group-0D178AC3226E-FollowerState] INFO  impl.FollowerState (FollowerState.java:run(152)) - f18629d0-4209-4076-ad9d-a135d0d60f56@group-0D178AC3226E-FollowerState was interrupted
2022-06-16 16:19:59,190 [f18629d0-4209-4076-ad9d-a135d0d60f56@group-0D178AC3226E-StateMachineUpdater] INFO  ratis.ContainerStateMachine (ContainerStateMachine.java:takeSnapshot(304)) - group-0D178AC3226E: Taking a snapshot at:(t:1, i:31) file /home/runner/work/ozone/ozone/hadoop-ozone/integration-test/target/test-dir/MiniOzoneClusterImpl-3714a898-0fe0-42e2-9307-bd15e6fadcd3/datanode-0/data/ratis/76fa6611-d988-42bf-a47e-0d178ac3226e/sm/snapshot.1_31
2022-06-16 16:19:59,191 [f18629d0-4209-4076-ad9d-a135d0d60f56@group-0D178AC3226E-StateMachineUpdater] INFO  ratis.ContainerStateMachine (ContainerStateMachine.java:takeSnapshot(315)) - group-0D178AC3226E: Finished taking a snapshot at:(t:1, i:31) file:/home/runner/work/ozone/ozone/hadoop-ozone/integration-test/target/test-dir/MiniOzoneClusterImpl-3714a898-0fe0-42e2-9307-bd15e6fadcd3/datanode-0/data/ratis/76fa6611-d988-42bf-a47e-0d178ac3226e/sm/snapshot.1_31 took: 10 ms
2022-06-16 16:19:59,191 [f18629d0-4209-4076-ad9d-a135d0d60f56@group-0D178AC3226E-StateMachineUpdater] INFO  impl.StateMachineUpdater (StateMachineUpdater.java:takeSnapshot(287)) - f18629d0-4209-4076-ad9d-a135d0d60f56@group-0D178AC3226E-StateMachineUpdater: Took a snapshot at index 31
2022-06-16 16:19:59,191 [f18629d0-4209-4076-ad9d-a135d0d60f56@group-0D178AC3226E-StateMachineUpdater] INFO  impl.StateMachineUpdater (StateMachineUpdater.java:lambda$new$0(92)) - f18629d0-4209-4076-ad9d-a135d0d60f56@group-0D178AC3226E-StateMachineUpdater: snapshotIndex: updateIncreasingly -1 -> 31
2022-06-16 16:19:59,192 [ForkJoinPool.commonPool-worker-1] INFO  server.RaftServer$Division (ServerState.java:close(429)) - f18629d0-4209-4076-ad9d-a135d0d60f56@group-0D178AC3226E: closes. applyIndex: 31
2022-06-16 16:19:59,192 [f18629d0-4209-4076-ad9d-a135d0d60f56@group-0D178AC3226E-SegmentedRaftLogWorker] INFO  segmented.SegmentedRaftLogWorker (SegmentedRaftLogWorker.java:run(336)) - f18629d0-4209-4076-ad9d-a135d0d60f56@group-0D178AC3226E-SegmentedRaftLogWorker was interrupted, exiting. There are 0 tasks remaining in the queue.
2022-06-16 16:19:59,194 [ForkJoinPool.commonPool-worker-1] INFO  segmented.SegmentedRaftLogWorker (SegmentedRaftLogWorker.java:close(246)) - f18629d0-4209-4076-ad9d-a135d0d60f56@group-0D178AC3226E-SegmentedRaftLogWorker close()
2022-06-16 16:19:59,195 [ForkJoinPool.commonPool-worker-1] INFO  server.GrpcService (GrpcService.java:closeImpl(269)) - f18629d0-4209-4076-ad9d-a135d0d60f56: shutdown server with port 43341 now
2022-06-16 16:19:59,206 [ForkJoinPool.commonPool-worker-1] INFO  server.GrpcService (GrpcService.java:closeImpl(278)) - f18629d0-4209-4076-ad9d-a135d0d60f56: shutdown server with port 43341 successfully
2022-06-16 16:19:59,210 [org.apache.ratis.util.JvmPauseMonitor$$Lambda$611/1702991963@70a9a6e6] INFO  util.JvmPauseMonitor (JvmPauseMonitor.java:run(109)) - JvmPauseMonitor-f18629d0-4209-4076-ad9d-a135d0d60f56: Stopped
2022-06-16 16:20:01,178 [Listener at 127.0.0.1/34065] INFO  utils.BackgroundService (BackgroundService.java:shutdown(132)) - Shutting down service BlockDeletingService
2022-06-16 16:20:01,270 [ForkJoinPool.commonPool-worker-1] INFO  utils.BackgroundService (BackgroundService.java:shutdown(132)) - Shutting down service BlockDeletingService
2022-06-16 16:20:04,187 [Listener at 127.0.0.1/34065] INFO  statemachine.DatanodeStateMachine (DatanodeStateMachine.java:stopDaemon(572)) - Ozone container server stopped.
2022-06-16 16:20:04,200 [Listener at 127.0.0.1/34065] INFO  handler.ContextHandler (ContextHandler.java:doStop(1153)) - Stopped o.e.j.w.WebAppContext@69fd854d{hddsDatanode,/,null,STOPPED}{jar:file:/home/runner/.m2/repository/org/apache/ozone/hdds-container-service/1.3.0-SNAPSHOT/hdds-container-service-1.3.0-SNAPSHOT.jar!/webapps/hddsDatanode}
2022-06-16 16:20:04,206 [Listener at 127.0.0.1/34065] INFO  server.AbstractConnector (AbstractConnector.java:doStop(381)) - Stopped ServerConnector@7919d904{HTTP/1.1, (http/1.1)}{0.0.0.0:0}
2022-06-16 16:20:04,206 [Listener at 127.0.0.1/34065] INFO  server.session (HouseKeeper.java:stopScavenging(149)) - node0 Stopped scavenging
2022-06-16 16:20:04,239 [Listener at 127.0.0.1/34065] INFO  handler.ContextHandler (ContextHandler.java:doStop(1153)) - Stopped o.e.j.s.ServletContextHandler@7ed05995{static,/static,jar:file:/home/runner/.m2/repository/org/apache/ozone/hdds-container-service/1.3.0-SNAPSHOT/hdds-container-service-1.3.0-SNAPSHOT.jar!/webapps/static,STOPPED}
2022-06-16 16:20:04,239 [Listener at 127.0.0.1/34065] INFO  handler.ContextHandler (ContextHandler.java:doStop(1153)) - Stopped o.e.j.s.ServletContextHandler@6609a1a1{logs,/logs,file:///home/runner/work/ozone/ozone/hadoop-ozone/integration-test/target/log,STOPPED}
2022-06-16 16:20:04,275 [ForkJoinPool.commonPool-worker-1] INFO  statemachine.DatanodeStateMachine (DatanodeStateMachine.java:stopDaemon(572)) - Ozone container server stopped.
2022-06-16 16:20:04,295 [ForkJoinPool.commonPool-worker-1] INFO  handler.ContextHandler (ContextHandler.java:doStop(1153)) - Stopped o.e.j.w.WebAppContext@2612fc5c{hddsDatanode,/,null,STOPPED}{jar:file:/home/runner/.m2/repository/org/apache/ozone/hdds-container-service/1.3.0-SNAPSHOT/hdds-container-service-1.3.0-SNAPSHOT.jar!/webapps/hddsDatanode}
2022-06-16 16:20:04,295 [ForkJoinPool.commonPool-worker-1] INFO  server.AbstractConnector (AbstractConnector.java:doStop(381)) - Stopped ServerConnector@474bf34e{HTTP/1.1, (http/1.1)}{0.0.0.0:0}
2022-06-16 16:20:04,295 [ForkJoinPool.commonPool-worker-1] INFO  server.session (HouseKeeper.java:stopScavenging(149)) - node0 Stopped scavenging
2022-06-16 16:20:04,308 [ForkJoinPool.commonPool-worker-1] INFO  handler.ContextHandler (ContextHandler.java:doStop(1153)) - Stopped o.e.j.s.ServletContextHandler@74394ad4{static,/static,jar:file:/home/runner/.m2/repository/org/apache/ozone/hdds-container-service/1.3.0-SNAPSHOT/hdds-container-service-1.3.0-SNAPSHOT.jar!/webapps/static,STOPPED}
2022-06-16 16:20:04,330 [ForkJoinPool.commonPool-worker-1] INFO  handler.ContextHandler (ContextHandler.java:doStop(1153)) - Stopped o.e.j.s.ServletContextHandler@200ca1fe{logs,/logs,file:///home/runner/work/ozone/ozone/hadoop-ozone/integration-test/target/log,STOPPED}
2022-06-16 16:20:09,258 [Listener at 127.0.0.1/34065] INFO  ozoneimpl.OzoneContainer (OzoneContainer.java:stop(365)) - Attempting to stop container services.
2022-06-16 16:20:09,260 [Listener at 127.0.0.1/34065] INFO  server.RaftServer (RaftServerProxy.java:lambda$close$7(398)) - e511119d-2be0-4415-86a7-45a9e0c842d1: close
2022-06-16 16:20:09,260 [Listener at 127.0.0.1/34065] INFO  server.RaftServer$Division (RaftServerImpl.java:lambda$close$4(434)) - e511119d-2be0-4415-86a7-45a9e0c842d1@group-EB886BDF6BD0: shutdown
2022-06-16 16:20:09,260 [Listener at 127.0.0.1/34065] INFO  util.JmxRegister (JmxRegister.java:unregister(73)) - Successfully un-registered JMX Bean with object name Ratis:service=RaftServer,group=group-EB886BDF6BD0,id=e511119d-2be0-4415-86a7-45a9e0c842d1
2022-06-16 16:20:09,260 [Listener at 127.0.0.1/34065] INFO  impl.RoleInfo (RoleInfo.java:shutdownLeaderState(93)) - e511119d-2be0-4415-86a7-45a9e0c842d1: shutdown e511119d-2be0-4415-86a7-45a9e0c842d1@group-EB886BDF6BD0-LeaderStateImpl
2022-06-16 16:20:09,260 [Listener at 127.0.0.1/34065] INFO  impl.PendingRequests (PendingRequests.java:sendNotLeaderResponses(282)) - e511119d-2be0-4415-86a7-45a9e0c842d1@group-EB886BDF6BD0-PendingRequests: sendNotLeaderResponses
2022-06-16 16:20:09,261 [Listener at 127.0.0.1/34065] INFO  impl.StateMachineUpdater (StateMachineUpdater.java:stopAndJoin(153)) - e511119d-2be0-4415-86a7-45a9e0c842d1@group-EB886BDF6BD0-StateMachineUpdater: set stopIndex = 0
2022-06-16 16:20:09,261 [e511119d-2be0-4415-86a7-45a9e0c842d1@group-EB886BDF6BD0-StateMachineUpdater] INFO  ratis.ContainerStateMachine (ContainerStateMachine.java:takeSnapshot(304)) - group-EB886BDF6BD0: Taking a snapshot at:(t:1, i:0) file /home/runner/work/ozone/ozone/hadoop-ozone/integration-test/target/test-dir/MiniOzoneClusterImpl-3714a898-0fe0-42e2-9307-bd15e6fadcd3/datanode-3/data/ratis/5d606b1c-0428-4655-921f-eb886bdf6bd0/sm/snapshot.1_0
2022-06-16 16:20:09,267 [e511119d-2be0-4415-86a7-45a9e0c842d1@group-EB886BDF6BD0-StateMachineUpdater] INFO  ratis.ContainerStateMachine (ContainerStateMachine.java:takeSnapshot(315)) - group-EB886BDF6BD0: Finished taking a snapshot at:(t:1, i:0) file:/home/runner/work/ozone/ozone/hadoop-ozone/integration-test/target/test-dir/MiniOzoneClusterImpl-3714a898-0fe0-42e2-9307-bd15e6fadcd3/datanode-3/data/ratis/5d606b1c-0428-4655-921f-eb886bdf6bd0/sm/snapshot.1_0 took: 6 ms
2022-06-16 16:20:09,267 [e511119d-2be0-4415-86a7-45a9e0c842d1@group-EB886BDF6BD0-StateMachineUpdater] INFO  impl.StateMachineUpdater (StateMachineUpdater.java:takeSnapshot(287)) - e511119d-2be0-4415-86a7-45a9e0c842d1@group-EB886BDF6BD0-StateMachineUpdater: Took a snapshot at index 0
2022-06-16 16:20:09,268 [e511119d-2be0-4415-86a7-45a9e0c842d1@group-EB886BDF6BD0-StateMachineUpdater] INFO  impl.StateMachineUpdater (StateMachineUpdater.java:lambda$new$0(92)) - e511119d-2be0-4415-86a7-45a9e0c842d1@group-EB886BDF6BD0-StateMachineUpdater: snapshotIndex: updateIncreasingly -1 -> 0
2022-06-16 16:20:09,268 [Listener at 127.0.0.1/34065] INFO  server.RaftServer$Division (ServerState.java:close(429)) - e511119d-2be0-4415-86a7-45a9e0c842d1@group-EB886BDF6BD0: closes. applyIndex: 0
2022-06-16 16:20:09,268 [e511119d-2be0-4415-86a7-45a9e0c842d1@group-EB886BDF6BD0-SegmentedRaftLogWorker] INFO  segmented.SegmentedRaftLogWorker (SegmentedRaftLogWorker.java:run(336)) - e511119d-2be0-4415-86a7-45a9e0c842d1@group-EB886BDF6BD0-SegmentedRaftLogWorker was interrupted, exiting. There are 0 tasks remaining in the queue.
2022-06-16 16:20:09,268 [Listener at 127.0.0.1/34065] INFO  segmented.SegmentedRaftLogWorker (SegmentedRaftLogWorker.java:close(246)) - e511119d-2be0-4415-86a7-45a9e0c842d1@group-EB886BDF6BD0-SegmentedRaftLogWorker close()
2022-06-16 16:20:09,268 [Listener at 127.0.0.1/34065] INFO  server.GrpcService (GrpcService.java:closeImpl(269)) - e511119d-2be0-4415-86a7-45a9e0c842d1: shutdown server with port 33805 now
2022-06-16 16:20:09,282 [Listener at 127.0.0.1/34065] INFO  server.GrpcService (GrpcService.java:closeImpl(278)) - e511119d-2be0-4415-86a7-45a9e0c842d1: shutdown server with port 33805 successfully
2022-06-16 16:20:09,282 [org.apache.ratis.util.JvmPauseMonitor$$Lambda$611/1702991963@347bdf0d] INFO  util.JvmPauseMonitor (JvmPauseMonitor.java:run(109)) - JvmPauseMonitor-e511119d-2be0-4415-86a7-45a9e0c842d1: Stopped
2022-06-16 16:20:11,365 [Listener at 127.0.0.1/34065] INFO  utils.BackgroundService (BackgroundService.java:shutdown(132)) - Shutting down service BlockDeletingService
2022-06-16 16:20:14,382 [Listener at 127.0.0.1/34065] INFO  statemachine.DatanodeStateMachine (DatanodeStateMachine.java:stopDaemon(572)) - Ozone container server stopped.
2022-06-16 16:20:14,389 [Listener at 127.0.0.1/34065] INFO  handler.ContextHandler (ContextHandler.java:doStop(1153)) - Stopped o.e.j.w.WebAppContext@3089312a{hddsDatanode,/,null,STOPPED}{jar:file:/home/runner/.m2/repository/org/apache/ozone/hdds-container-service/1.3.0-SNAPSHOT/hdds-container-service-1.3.0-SNAPSHOT.jar!/webapps/hddsDatanode}
2022-06-16 16:20:14,401 [Listener at 127.0.0.1/34065] INFO  server.AbstractConnector (AbstractConnector.java:doStop(381)) - Stopped ServerConnector@4568db0e{HTTP/1.1, (http/1.1)}{0.0.0.0:0}
2022-06-16 16:20:14,401 [Listener at 127.0.0.1/34065] INFO  server.session (HouseKeeper.java:stopScavenging(149)) - node0 Stopped scavenging
2022-06-16 16:20:14,406 [Listener at 127.0.0.1/34065] INFO  handler.ContextHandler (ContextHandler.java:doStop(1153)) - Stopped o.e.j.s.ServletContextHandler@3e406969{static,/static,jar:file:/home/runner/.m2/repository/org/apache/ozone/hdds-container-service/1.3.0-SNAPSHOT/hdds-container-service-1.3.0-SNAPSHOT.jar!/webapps/static,STOPPED}
2022-06-16 16:20:14,406 [Listener at 127.0.0.1/34065] INFO  handler.ContextHandler (ContextHandler.java:doStop(1153)) - Stopped o.e.j.s.ServletContextHandler@ed24620{logs,/logs,file:///home/runner/work/ozone/ozone/hadoop-ozone/integration-test/target/log,STOPPED}
2022-06-16 16:20:14,414 [Listener at 127.0.0.1/34065] INFO  ozone.MiniOzoneClusterImpl (MiniOzoneClusterImpl.java:stopSCM(545)) - Stopping the StorageContainerManager
2022-06-16 16:20:14,414 [Listener at 127.0.0.1/34065] INFO  server.StorageContainerManager (StorageContainerManager.java:stop(1501)) - Container Balancer is not running.
2022-06-16 16:20:14,414 [Listener at 127.0.0.1/34065] INFO  server.StorageContainerManager (StorageContainerManager.java:stop(1508)) - Stopping Replication Manager Service.
2022-06-16 16:20:14,414 [Listener at 127.0.0.1/34065] INFO  replication.ReplicationManager (ReplicationManager.java:stop(212)) - Stopping Replication Monitor Thread.
2022-06-16 16:20:14,415 [Listener at 127.0.0.1/34065] INFO  server.StorageContainerManager (StorageContainerManager.java:stop(1515)) - Stopping the Datanode Admin Monitor.
2022-06-16 16:20:14,415 [Listener at 127.0.0.1/34065] INFO  server.StorageContainerManager (StorageContainerManager.java:stop(1522)) - Stopping Lease Manager of the command watchers
2022-06-16 16:20:14,415 [Listener at 127.0.0.1/34065] INFO  server.StorageContainerManager (StorageContainerManager.java:stop(1529)) - Stopping datanode service RPC server
2022-06-16 16:20:14,415 [Listener at 127.0.0.1/34065] INFO  server.SCMDatanodeProtocolServer (SCMDatanodeProtocolServer.java:stop(400)) - Stopping the RPC server for DataNodes
2022-06-16 16:20:14,415 [Listener at 127.0.0.1/34065] INFO  ipc.Server (Server.java:stop(3414)) - Stopping server on 45905
2022-06-16 16:20:14,436 [ReplicationMonitor] INFO  replication.ReplicationManager (ReplicationManager.java:run(270)) - Replication Monitor Thread is stopped
2022-06-16 16:20:14,439 [IPC Server listener on 0] INFO  ipc.Server (Server.java:run(1376)) - Stopping IPC Server listener on 0
2022-06-16 16:20:14,442 [IPC Server Responder] INFO  ipc.Server (Server.java:run(1512)) - Stopping IPC Server Responder
2022-06-16 16:20:14,482 [SCM Heartbeat Processing Thread - 0] WARN  node.NodeStateManager (NodeStateManager.java:scheduleNextHealthCheck(848)) - Current Thread is interrupted, shutting down HB processing thread for Node Manager.
2022-06-16 16:20:14,482 [Listener at 127.0.0.1/34065] INFO  server.StorageContainerManager (StorageContainerManager.java:stop(1537)) - Stopping block service RPC server
2022-06-16 16:20:14,482 [Listener at 127.0.0.1/34065] INFO  server.SCMBlockProtocolServer (SCMBlockProtocolServer.java:stop(160)) - Stopping the RPC server for Block Protocol
2022-06-16 16:20:14,482 [Listener at 127.0.0.1/34065] INFO  ipc.Server (Server.java:stop(3414)) - Stopping server on 40363
2022-06-16 16:20:14,486 [Listener at 127.0.0.1/34065] INFO  server.StorageContainerManager (StorageContainerManager.java:stop(1544)) - Stopping the StorageContainerLocationProtocol RPC server
2022-06-16 16:20:14,486 [Listener at 127.0.0.1/34065] INFO  server.SCMClientProtocolServer (SCMClientProtocolServer.java:stop(178)) - Stopping the RPC server for Client Protocol
2022-06-16 16:20:14,486 [Listener at 127.0.0.1/34065] INFO  ipc.Server (Server.java:stop(3414)) - Stopping server on 41589
2022-06-16 16:20:14,487 [IPC Server listener on 0] INFO  ipc.Server (Server.java:run(1376)) - Stopping IPC Server listener on 0
2022-06-16 16:20:14,487 [IPC Server Responder] INFO  ipc.Server (Server.java:run(1512)) - Stopping IPC Server Responder
2022-06-16 16:20:14,490 [IPC Server Responder] INFO  ipc.Server (Server.java:run(1512)) - Stopping IPC Server Responder
2022-06-16 16:20:14,490 [Listener at 127.0.0.1/34065] INFO  server.StorageContainerManager (StorageContainerManager.java:stop(1551)) - Stopping Storage Container Manager HTTP server.
2022-06-16 16:20:14,491 [Listener at 127.0.0.1/34065] INFO  handler.ContextHandler (ContextHandler.java:doStop(1153)) - Stopped o.e.j.w.WebAppContext@6b32c686{scm,/,null,STOPPED}{file:/home/runner/work/ozone/ozone/hadoop-ozone/integration-test/target/test-classes/webapps/scm}
2022-06-16 16:20:14,491 [IPC Server listener on 0] INFO  ipc.Server (Server.java:run(1376)) - Stopping IPC Server listener on 0
2022-06-16 16:20:14,504 [Listener at 127.0.0.1/34065] INFO  server.AbstractConnector (AbstractConnector.java:doStop(381)) - Stopped ServerConnector@3e94ff8a{HTTP/1.1, (http/1.1)}{0.0.0.0:0}
2022-06-16 16:20:14,504 [Listener at 127.0.0.1/34065] INFO  server.session (HouseKeeper.java:stopScavenging(149)) - node0 Stopped scavenging
2022-06-16 16:20:14,504 [Listener at 127.0.0.1/34065] INFO  handler.ContextHandler (ContextHandler.java:doStop(1153)) - Stopped o.e.j.s.ServletContextHandler@4c1fd225{static,/static,file:///home/runner/work/ozone/ozone/hadoop-ozone/integration-test/target/test-classes/webapps/static,STOPPED}
2022-06-16 16:20:14,504 [Listener at 127.0.0.1/34065] INFO  handler.ContextHandler (ContextHandler.java:doStop(1153)) - Stopped o.e.j.s.ServletContextHandler@3b1e96c2{logs,/logs,file:///home/runner/work/ozone/ozone/hadoop-ozone/integration-test/target/log,STOPPED}
2022-06-16 16:20:14,514 [Listener at 127.0.0.1/34065] INFO  server.StorageContainerManager (StorageContainerManager.java:stop(1562)) - Stopping Block Manager Service.
2022-06-16 16:20:14,514 [Listener at 127.0.0.1/34065] INFO  utils.BackgroundService (BackgroundService.java:shutdown(132)) - Shutting down service SCMBlockDeletingService
2022-06-16 16:20:14,514 [Listener at 127.0.0.1/34065] INFO  utils.BackgroundService (BackgroundService.java:shutdown(132)) - Shutting down service SCMBlockDeletingService
2022-06-16 16:20:14,514 [Listener at 127.0.0.1/34065] INFO  server.StorageContainerManager (StorageContainerManager.java:stop(1589)) - Stopping SCM Event Queue.
2022-06-16 16:20:14,516 [Listener at 127.0.0.1/34065] INFO  server.StorageContainerManager (StorageContainerManager.java:stop(1600)) - Stopping SCM HA services.
2022-06-16 16:20:14,516 [Listener at 127.0.0.1/34065] INFO  pipeline.BackgroundPipelineCreator (BackgroundPipelineCreator.java:stop(150)) - Stopping RatisPipelineUtilsThread.
2022-06-16 16:20:14,516 [RatisPipelineUtilsThread - 0] WARN  pipeline.BackgroundPipelineCreator (BackgroundPipelineCreator.java:run(177)) - RatisPipelineUtilsThread is interrupted.
2022-06-16 16:20:14,516 [BackgroundPipelineScrubberThread] WARN  BackgroundPipelineScrubber (BackgroundSCMService.java:run(110)) - BackgroundPipelineScrubber is interrupted, exit
2022-06-16 16:20:14,516 [Listener at 127.0.0.1/34065] INFO  BackgroundPipelineScrubber (BackgroundSCMService.java:stop(126)) - Stopping BackgroundPipelineScrubber Service.
2022-06-16 16:20:14,517 [Listener at 127.0.0.1/34065] INFO  server.StorageContainerManager (StorageContainerManager.java:stop(1610)) - Stopping SCM MetadataStore.
2022-06-16 16:20:14,518 [Listener at 127.0.0.1/34065] INFO  impl.MetricsSystemImpl (MetricsSystemImpl.java:stop(210)) - Stopping HddsDatanode metrics system...
2022-06-16 16:20:14,552 [prometheus] INFO  impl.MetricsSinkAdapter (MetricsSinkAdapter.java:publishMetricsFromQueue(141)) - prometheus thread interrupted.
2022-06-16 16:20:14,552 [Listener at 127.0.0.1/34065] INFO  impl.MetricsSystemImpl (MetricsSystemImpl.java:stop(216)) - HddsDatanode metrics system stopped.
2022-06-16 16:20:14,765 [Listener at 127.0.0.1/34065] WARN  server.ServerUtils (ServerUtils.java:getScmDbDir(148)) - ozone.scm.db.dirs is not configured. We recommend adding this setting. Falling back to ozone.metadata.dirs instead.
2022-06-16 16:20:14,778 [Listener at 127.0.0.1/34065] INFO  ha.SCMHANodeDetails (SCMHANodeDetails.java:loadSCMHAConfig(160)) - ServiceID for StorageContainerManager is null
2022-06-16 16:20:14,778 [Listener at 127.0.0.1/34065] INFO  ha.SCMHANodeDetails (SCMHANodeDetails.java:loadSCMHAConfig(165)) - ozone.scm.default.service.id is not defined, falling back to ozone.scm.service.ids to find serviceID for StorageContainerManager if it is HA enabled cluster
2022-06-16 16:20:14,779 [Listener at 127.0.0.1/34065] WARN  server.ServerUtils (ServerUtils.java:getScmDbDir(148)) - ozone.scm.db.dirs is not configured. We recommend adding this setting. Falling back to ozone.metadata.dirs instead.
2022-06-16 16:20:14,779 [Listener at 127.0.0.1/34065] WARN  utils.HAUtils (HAUtils.java:getMetaDir(342)) - ozone.scm.db.dirs is not configured. We recommend adding this setting. Falling back to ozone.metadata.dirs instead.
2022-06-16 16:20:14,790 [Listener at 127.0.0.1/34065] WARN  db.DBStoreBuilder (DBStoreBuilder.java:applyDBDefinition(145)) - ozone.scm.db.dirs is not configured. We recommend adding this setting. Falling back to ozone.metadata.dirs instead.
2022-06-16 16:20:15,107 [Listener at 127.0.0.1/34065] INFO  net.NodeSchemaLoader (NodeSchemaLoader.java:loadSchemaFromFile(129)) - Loading schema from [jar:file:/home/runner/.m2/repository/org/apache/ozone/hdds-common/1.3.0-SNAPSHOT/hdds-common-1.3.0-SNAPSHOT.jar!/network-topology-default.xml]
2022-06-16 16:20:15,107 [Listener at 127.0.0.1/34065] INFO  net.NodeSchemaLoader (NodeSchemaLoader.java:loadSchema(176)) - Loading network topology layer schema file
2022-06-16 16:20:15,110 [Listener at 127.0.0.1/34065] INFO  upgrade.AbstractLayoutVersionManager (AbstractLayoutVersionManager.java:init(82)) - Initializing Layout version manager with metadata layout = DATANODE_SCHEMA_V3 (version = 4), software layout = DATANODE_SCHEMA_V3 (version = 4)
2022-06-16 16:20:15,240 [Listener at 127.0.0.1/34065] INFO  reflections.Reflections (Reflections.java:scan(232)) - Reflections took 122 ms to scan 7 urls, producing 131 keys and 311 values 
2022-06-16 16:20:15,255 [Listener at 127.0.0.1/34065] INFO  ha.SequenceIdGenerator (SequenceIdGenerator.java:upgradeToSequenceId(347)) - upgrade localId to 109611004723200000
2022-06-16 16:20:15,255 [Listener at 127.0.0.1/34065] INFO  ha.SequenceIdGenerator (SequenceIdGenerator.java:upgradeToSequenceId(357)) - upgrade delTxnId to 0
2022-06-16 16:20:15,255 [Listener at 127.0.0.1/34065] INFO  ha.SequenceIdGenerator (SequenceIdGenerator.java:upgradeToSequenceId(374)) - upgrade containerId to 0
2022-06-16 16:20:15,255 [Listener at 127.0.0.1/34065] INFO  ha.SequenceIdGenerator (SequenceIdGenerator.java:<init>(218)) - Init the HA SequenceIdGenerator.
2022-06-16 16:20:15,256 [Listener at 127.0.0.1/34065] WARN  server.ServerUtils (ServerUtils.java:sanitizeUserArgs(73)) - ozone.scm.stale.node.interval value = 300000 is larger than max = 100000 based on the key value of ozone.scm.heartbeat.thread.interval, reset to the max value 100000.
2022-06-16 16:20:15,256 [Listener at 127.0.0.1/34065] WARN  server.ServerUtils (ServerUtils.java:sanitizeUserArgs(73)) - ozone.scm.stale.node.interval value = 300000 is larger than max = 100000 based on the key value of ozone.scm.heartbeat.thread.interval, reset to the max value 100000.
2022-06-16 16:20:15,279 [Listener at 127.0.0.1/34065] INFO  node.SCMNodeManager (SCMNodeManager.java:<init>(149)) - Entering startup safe mode.
2022-06-16 16:20:15,279 [Listener at 127.0.0.1/34065] INFO  algorithms.ContainerPlacementPolicyFactory (ContainerPlacementPolicyFactory.java:getPolicyInternal(86)) - Create container placement policy of type org.apache.hadoop.hdds.scm.container.placement.algorithms.SCMContainerPlacementRandom
2022-06-16 16:20:15,279 [Listener at 127.0.0.1/34065] INFO  pipeline.PipelineStateManagerImpl (PipelineStateManagerImpl.java:initialize(78)) - No pipeline exists in current db
2022-06-16 16:20:15,280 [Listener at 127.0.0.1/34065] INFO  algorithms.LeaderChoosePolicyFactory (LeaderChoosePolicyFactory.java:getPolicy(57)) - Create leader choose policy of type org.apache.hadoop.hdds.scm.pipeline.leader.choose.algorithms.MinLeaderCountChoosePolicy
2022-06-16 16:20:15,280 [Listener at 127.0.0.1/34065] INFO  algorithms.ContainerPlacementPolicyFactory (ContainerPlacementPolicyFactory.java:getPolicyInternal(86)) - Create container placement policy of type org.apache.hadoop.hdds.scm.container.placement.algorithms.SCMContainerPlacementRackScatter
2022-06-16 16:20:15,280 [Listener at 127.0.0.1/34065] INFO  pipeline.BackgroundPipelineCreator (BackgroundPipelineCreator.java:start(125)) - Starting RatisPipelineUtilsThread.
2022-06-16 16:20:15,286 [Listener at 127.0.0.1/34065] INFO  BackgroundPipelineScrubber (BackgroundSCMService.java:start(68)) - Starting BackgroundPipelineScrubber Service.
2022-06-16 16:20:15,286 [Listener at 127.0.0.1/34065] INFO  ha.SCMServiceManager (SCMServiceManager.java:register(42)) - Registering service BackgroundPipelineCreator.
2022-06-16 16:20:15,286 [Listener at 127.0.0.1/34065] INFO  ha.SCMServiceManager (SCMServiceManager.java:register(42)) - Registering service BackgroundPipelineScrubber.
2022-06-16 16:20:15,286 [Listener at 127.0.0.1/34065] INFO  ExpiredContainerReplicaOpScrubber (BackgroundSCMService.java:start(68)) - Starting ExpiredContainerReplicaOpScrubber Service.
2022-06-16 16:20:15,286 [Listener at 127.0.0.1/34065] INFO  ha.SCMServiceManager (SCMServiceManager.java:register(42)) - Registering service ExpiredContainerReplicaOpScrubber.
2022-06-16 16:20:15,287 [Listener at 127.0.0.1/34065] INFO  algorithms.PipelineChoosePolicyFactory (PipelineChoosePolicyFactory.java:createPipelineChoosePolicyFromClass(73)) - Create pipeline choose policy of type org.apache.hadoop.hdds.scm.pipeline.choose.algorithms.RandomPipelineChoosePolicy
2022-06-16 16:20:15,287 [Listener at 127.0.0.1/34065] INFO  ha.SCMServiceManager (SCMServiceManager.java:register(42)) - Registering service SCMBlockDeletingService.
2022-06-16 16:20:15,287 [Listener at 127.0.0.1/34065] INFO  ha.SCMServiceManager (SCMServiceManager.java:register(42)) - Registering service ReplicationManager.
2022-06-16 16:20:15,287 [Listener at 127.0.0.1/34065] INFO  replication.ReplicationManager (ReplicationManager.java:start(179)) - Starting Replication Monitor Thread.
2022-06-16 16:20:15,288 [Listener at 127.0.0.1/34065] INFO  safemode.ContainerSafeModeRule (ContainerSafeModeRule.java:<init>(89)) - containers with one replica threshold count 0
2022-06-16 16:20:15,288 [Listener at 127.0.0.1/34065] INFO  safemode.HealthyPipelineSafeModeRule (HealthyPipelineSafeModeRule.java:initializeRule(156)) - Total pipeline count is 0, healthy pipeline threshold count is 1
2022-06-16 16:20:15,289 [Listener at 127.0.0.1/34065] INFO  safemode.OneReplicaPipelineSafeModeRule (OneReplicaPipelineSafeModeRule.java:initializeRule(180)) - Total pipeline count is 0, pipeline's with at least one datanode reported threshold count is 0
2022-06-16 16:20:15,289 [Listener at 127.0.0.1/34065] INFO  ipc.CallQueueManager (CallQueueManager.java:<init>(90)) - Using callQueue: class java.util.concurrent.LinkedBlockingQueue, queueCapacity: 2000, scheduler: class org.apache.hadoop.ipc.DefaultRpcScheduler, ipcBackoff: false.
2022-06-16 16:20:15,289 [Socket Reader #1 for port 0] INFO  ipc.Server (Server.java:run(1265)) - Starting Socket Reader #1 for port 0
2022-06-16 16:20:15,290 [Listener at 0.0.0.0/33779] INFO  ipc.CallQueueManager (CallQueueManager.java:<init>(90)) - Using callQueue: class java.util.concurrent.LinkedBlockingQueue, queueCapacity: 2000, scheduler: class org.apache.hadoop.ipc.DefaultRpcScheduler, ipcBackoff: false.
2022-06-16 16:20:15,291 [Socket Reader #1 for port 0] INFO  ipc.Server (Server.java:run(1265)) - Starting Socket Reader #1 for port 0
2022-06-16 16:20:15,291 [Listener at 0.0.0.0/34253] INFO  ipc.CallQueueManager (CallQueueManager.java:<init>(90)) - Using callQueue: class java.util.concurrent.LinkedBlockingQueue, queueCapacity: 2000, scheduler: class org.apache.hadoop.ipc.DefaultRpcScheduler, ipcBackoff: false.
2022-06-16 16:20:15,291 [Socket Reader #1 for port 0] INFO  ipc.Server (Server.java:run(1265)) - Starting Socket Reader #1 for port 0
2022-06-16 16:20:15,303 [ReplicationMonitor] INFO  replication.ReplicationManager (ReplicationManager.java:processAll(228)) - Replication Manager is not ready to run until 3000ms after safemode exit
2022-06-16 16:20:15,419 [Listener at 0.0.0.0/46489] INFO  ha.SCMServiceManager (SCMServiceManager.java:register(42)) - Registering service ContainerBalancer.
2022-06-16 16:20:15,421 [Listener at 0.0.0.0/46489] INFO  server.StorageContainerManager (StorageContainerManager.java:<init>(398)) - 
Container Balancer status:
Key                            Value
Running                        false
Container Balancer Configuration values:
Key                                                Value
Threshold                                          10
Max Datanodes to Involve per Iteration(percent)    20
Max Size to Move per Iteration                     500GB
Max Size Entering Target per Iteration             26GB
Max Size Leaving Source per Iteration              26GB

2022-06-16 16:20:15,421 [Listener at 0.0.0.0/46489] WARN  events.EventQueue (EventQueue.java:fireEvent(194)) - No event handler registered for event TypedEvent{payloadType=SafeModeStatus, name='Safe mode status'}
2022-06-16 16:20:15,421 [Listener at 0.0.0.0/46489] INFO  ha.SCMContext (SCMContext.java:updateSafeModeStatus(228)) - Update SafeModeStatus from SafeModeStatus{safeModeStatus=true, preCheckPassed=false} to SafeModeStatus{safeModeStatus=true, preCheckPassed=false}.
2022-06-16 16:20:15,421 [Listener at 0.0.0.0/46489] INFO  server.StorageContainerManager (StorageContainerManager.java:start(1409)) - StorageContainerLocationProtocol RPC server is listening at /0.0.0.0:46489
2022-06-16 16:20:15,422 [Listener at 0.0.0.0/46489] WARN  impl.MetricsConfig (MetricsConfig.java:loadFirst(136)) - Cannot locate configuration: tried hadoop-metrics2-storagecontainermanager.properties,hadoop-metrics2.properties
2022-06-16 16:20:15,426 [Listener at 0.0.0.0/46489] INFO  impl.MetricsSystemImpl (MetricsSystemImpl.java:startTimer(378)) - Scheduled Metric snapshot period at 10 second(s).
2022-06-16 16:20:15,426 [Listener at 0.0.0.0/46489] INFO  impl.MetricsSystemImpl (MetricsSystemImpl.java:start(191)) - StorageContainerManager metrics system started
2022-06-16 16:20:15,490 [Listener at 0.0.0.0/46489] INFO  impl.MetricsSinkAdapter (MetricsSinkAdapter.java:start(204)) - Sink prometheus started
2022-06-16 16:20:15,490 [Listener at 0.0.0.0/46489] INFO  impl.MetricsSystemImpl (MetricsSystemImpl.java:registerSink(305)) - Registered sink prometheus
2022-06-16 16:20:15,517 [Listener at 0.0.0.0/46489] INFO  server.SCMClientProtocolServer (SCMClientProtocolServer.java:start(169)) - RPC server for Client  is listening at /0.0.0.0:46489
2022-06-16 16:20:15,534 [IPC Server Responder] INFO  ipc.Server (Server.java:run(1507)) - IPC Server Responder: starting
2022-06-16 16:20:15,534 [IPC Server listener on 0] INFO  ipc.Server (Server.java:run(1344)) - IPC Server listener on 0: starting
2022-06-16 16:20:15,535 [Listener at 0.0.0.0/46489] INFO  server.StorageContainerManager (StorageContainerManager.java:start(1424)) - ScmBlockLocationProtocol RPC server is listening at /0.0.0.0:34253
2022-06-16 16:20:15,536 [Listener at 0.0.0.0/46489] INFO  server.SCMBlockProtocolServer (SCMBlockProtocolServer.java:start(151)) - RPC server for Block Protocol is listening at /0.0.0.0:34253
2022-06-16 16:20:15,536 [IPC Server Responder] INFO  ipc.Server (Server.java:run(1507)) - IPC Server Responder: starting
2022-06-16 16:20:15,536 [IPC Server listener on 0] INFO  ipc.Server (Server.java:run(1344)) - IPC Server listener on 0: starting
2022-06-16 16:20:15,537 [Listener at 0.0.0.0/46489] INFO  server.SCMDatanodeProtocolServer (SCMDatanodeProtocolServer.java:start(183)) - ScmDatanodeProtocol RPC server for DataNodes is listening at /0.0.0.0:33779
2022-06-16 16:20:15,540 [IPC Server Responder] INFO  ipc.Server (Server.java:run(1507)) - IPC Server Responder: starting
2022-06-16 16:20:15,606 [IPC Server listener on 0] INFO  ipc.Server (Server.java:run(1344)) - IPC Server listener on 0: starting
2022-06-16 16:20:15,926 [Listener at 0.0.0.0/46489] INFO  http.BaseHttpServer (BaseHttpServer.java:newHttpServer2BuilderForOzone(209)) - Starting Web-server for scm at: http://0.0.0.0:0
2022-06-16 16:20:15,926 [Listener at 0.0.0.0/46489] INFO  http.BaseHttpServer (BaseHttpServer.java:<init>(107)) - Hadoop Security Enabled: false Ozone Security Enabled: false Ozone HTTP Security Enabled: false 
2022-06-16 16:20:15,927 [Listener at 0.0.0.0/46489] INFO  server.AuthenticationFilter (AuthenticationFilter.java:constructSecretProvider(240)) - Unable to initialize FileSignerSecretProvider, falling back to use random secrets.
2022-06-16 16:20:15,946 [Listener at 0.0.0.0/46489] WARN  http.HttpRequestLog (HttpRequestLog.java:getRequestLog(103)) - Jetty request log can only be enabled using Log4j
2022-06-16 16:20:15,947 [Listener at 0.0.0.0/46489] INFO  http.HttpServer2 (HttpServer2.java:addGlobalFilter(1029)) - Added global filter 'safety' (class=org.apache.hadoop.hdds.server.http.HttpServer2$QuotingInputFilter)
2022-06-16 16:20:15,948 [Listener at 0.0.0.0/46489] INFO  http.HttpServer2 (HttpServer2.java:addFilter(1005)) - Added filter static_user_filter (class=org.apache.hadoop.http.lib.StaticUserWebFilter$StaticUserFilter) to context scm
2022-06-16 16:20:15,948 [Listener at 0.0.0.0/46489] INFO  http.HttpServer2 (HttpServer2.java:addFilter(1013)) - Added filter static_user_filter (class=org.apache.hadoop.http.lib.StaticUserWebFilter$StaticUserFilter) to context logs
2022-06-16 16:20:15,948 [Listener at 0.0.0.0/46489] INFO  http.HttpServer2 (HttpServer2.java:addFilter(1013)) - Added filter static_user_filter (class=org.apache.hadoop.http.lib.StaticUserWebFilter$StaticUserFilter) to context static
2022-06-16 16:20:15,948 [Listener at 0.0.0.0/46489] INFO  http.HttpServer2 (HttpServer2.java:bindListener(1248)) - Jetty bound to port 44871
2022-06-16 16:20:15,949 [Listener at 0.0.0.0/46489] INFO  server.Server (Server.java:doStart(375)) - jetty-9.4.43.v20210629; built: 2021-06-30T11:07:22.254Z; git: 526006ecfa3af7f1a27ef3a288e2bef7ea9dd7e8; jvm 1.8.0_332-b09
2022-06-16 16:20:16,010 [Listener at 0.0.0.0/46489] INFO  server.session (DefaultSessionIdManager.java:doStart(334)) - DefaultSessionIdManager workerName=node0
2022-06-16 16:20:16,010 [Listener at 0.0.0.0/46489] INFO  server.session (DefaultSessionIdManager.java:doStart(339)) - No SessionScavenger set, using defaults
2022-06-16 16:20:16,011 [Listener at 0.0.0.0/46489] INFO  server.session (HouseKeeper.java:startScavenging(132)) - node0 Scavenging every 660000ms
2022-06-16 16:20:16,011 [Listener at 0.0.0.0/46489] INFO  handler.ContextHandler (ContextHandler.java:doStart(915)) - Started o.e.j.s.ServletContextHandler@56b362d5{logs,/logs,file:///home/runner/work/ozone/ozone/hadoop-ozone/integration-test/target/log,AVAILABLE}
2022-06-16 16:20:16,012 [Listener at 0.0.0.0/46489] INFO  handler.ContextHandler (ContextHandler.java:doStart(915)) - Started o.e.j.s.ServletContextHandler@4e509886{static,/static,file:///home/runner/work/ozone/ozone/hadoop-ozone/integration-test/target/test-classes/webapps/static,AVAILABLE}
2022-06-16 16:20:16,014 [org.apache.hadoop.util.JvmPauseMonitor$Monitor@619d4f87] INFO  util.JvmPauseMonitor (JvmPauseMonitor.java:run(188)) - Starting JVM pause monitor
2022-06-16 16:20:16,027 [Listener at 0.0.0.0/46489] INFO  handler.ContextHandler (ContextHandler.java:doStart(915)) - Started o.e.j.w.WebAppContext@37841334{scm,/,file:///home/runner/work/ozone/ozone/hadoop-ozone/integration-test/target/test-classes/webapps/scm/,AVAILABLE}{file:/home/runner/work/ozone/ozone/hadoop-ozone/integration-test/target/test-classes/webapps/scm}
2022-06-16 16:20:16,050 [Listener at 0.0.0.0/46489] INFO  server.AbstractConnector (AbstractConnector.java:doStart(331)) - Started ServerConnector@2275c82e{HTTP/1.1, (http/1.1)}{0.0.0.0:44871}
2022-06-16 16:20:16,050 [Listener at 0.0.0.0/46489] INFO  server.Server (Server.java:doStart(415)) - Started @138686ms
2022-06-16 16:20:16,050 [Listener at 0.0.0.0/46489] WARN  impl.MetricsSystemImpl (MetricsSystemImpl.java:register(279)) - Sink prometheus already exists!
2022-06-16 16:20:16,051 [Listener at 0.0.0.0/46489] INFO  http.BaseHttpServer (BaseHttpServer.java:updateConnectorAddress(329)) - HTTP server of scm listening at http://0.0.0.0:44871
2022-06-16 16:20:16,051 [Listener at 0.0.0.0/46489] WARN  server.ServerUtils (ServerUtils.java:getDBPath(225)) - ozone.om.db.dirs is not configured. We recommend adding this setting. Falling back to ozone.metadata.dirs instead.
2022-06-16 16:20:16,053 [Listener at 0.0.0.0/46489] INFO  ha.OMHANodeDetails (OMHANodeDetails.java:loadOMHAConfig(115)) - ozone.om.internal.service.id is not defined, falling back to ozone.om.service.ids to find serviceID for OzoneManager if it is HA enabled cluster
2022-06-16 16:20:16,053 [Listener at 0.0.0.0/46489] INFO  ha.OMHANodeDetails (OMHANodeDetails.java:loadOMHAConfig(226)) - Configuration does not have ozone.om.address set. Falling back to the default OM address /127.0.0.1:0
2022-06-16 16:20:16,053 [Listener at 0.0.0.0/46489] INFO  ha.OMHANodeDetails (OMHANodeDetails.java:getOMNodeDetailsForNonHA(254)) - OM Service ID is not set. Setting it to the default ID: omServiceIdDefault
2022-06-16 16:20:16,053 [Listener at 0.0.0.0/46489] INFO  ha.OMHANodeDetails (OMHANodeDetails.java:getOMNodeDetailsForNonHA(261)) - OM Node ID is not set. Setting it to the default ID: om1
2022-06-16 16:20:16,054 [Listener at 0.0.0.0/46489] WARN  server.ServerUtils (ServerUtils.java:getDBPath(225)) - ozone.om.db.dirs is not configured. We recommend adding this setting. Falling back to ozone.metadata.dirs instead.
2022-06-16 16:20:16,054 [Listener at 0.0.0.0/46489] INFO  upgrade.AbstractLayoutVersionManager (AbstractLayoutVersionManager.java:init(82)) - Initializing Layout version manager with metadata layout = MULTITENANCY_SCHEMA (version = 3), software layout = MULTITENANCY_SCHEMA (version = 3)
2022-06-16 16:20:16,287 [Listener at 0.0.0.0/46489] INFO  reflections.Reflections (Reflections.java:scan(232)) - Reflections took 232 ms to scan 2 urls, producing 153 keys and 431 values [using 2 cores]
2022-06-16 16:20:16,287 [Listener at 0.0.0.0/46489] INFO  upgrade.OMLayoutVersionManager (OMLayoutVersionManager.java:lambda$0(115)) - Skipping Upgrade Action MockOmUpgradeAction since it has been finalized.
2022-06-16 16:20:16,287 [Listener at 0.0.0.0/46489] WARN  server.ServerUtils (ServerUtils.java:getDBPath(225)) - ozone.om.db.dirs is not configured. We recommend adding this setting. Falling back to ozone.metadata.dirs instead.
2022-06-16 16:20:16,288 [Listener at 0.0.0.0/46489] INFO  proxy.SCMBlockLocationFailoverProxyProvider (SCMBlockLocationFailoverProxyProvider.java:<init>(114)) - Created block location fail-over proxy with 1 nodes: [nodeId=scmNodeId,nodeAddress=/0.0.0.0:34253]
2022-06-16 16:20:16,289 [Listener at 0.0.0.0/46489] INFO  proxy.SCMBlockLocationFailoverProxyProvider (SCMBlockLocationFailoverProxyProvider.java:<init>(114)) - Created block location fail-over proxy with 1 nodes: [nodeId=scmNodeId,nodeAddress=/0.0.0.0:34253]
2022-06-16 16:20:16,315 [Listener at 0.0.0.0/46489] WARN  server.ServerUtils (ServerUtils.java:getDBPath(225)) - ozone.om.db.dirs is not configured. We recommend adding this setting. Falling back to ozone.metadata.dirs instead.
2022-06-16 16:20:16,315 [Listener at 0.0.0.0/46489] INFO  codec.OmKeyInfoCodec (OmKeyInfoCodec.java:<init>(49)) - OmKeyInfoCodec ignorePipeline = true
2022-06-16 16:20:16,316 [Listener at 0.0.0.0/46489] INFO  codec.RepeatedOmKeyInfoCodec (RepeatedOmKeyInfoCodec.java:<init>(41)) - RepeatedOmKeyInfoCodec ignorePipeline = true
2022-06-16 16:20:16,869 [Listener at 0.0.0.0/46489] INFO  om.OzoneManager (OzoneManager.java:instantiateServices(692)) - S3 Multi-Tenancy is disabled
2022-06-16 16:20:16,898 [Listener at 0.0.0.0/46489] INFO  om.OzoneManager (OzoneManager.java:addS3GVolumeToDB(4259)) - Created Volume s3v With Owner runner required for S3Gateway operations.
2022-06-16 16:20:16,899 [Listener at 0.0.0.0/46489] INFO  om.OzoneManager (OzoneManager.java:getRpcServer(1081)) - Creating RPC Server
2022-06-16 16:20:18,122 [Listener at 0.0.0.0/46489] INFO  reflections.Reflections (Reflections.java:scan(232)) - Reflections took 1220 ms to scan 19 urls, producing 66 keys and 4010 values [using 2 cores]
2022-06-16 16:20:18,123 [Listener at 0.0.0.0/46489] INFO  ipc.CallQueueManager (CallQueueManager.java:<init>(90)) - Using callQueue: class java.util.concurrent.LinkedBlockingQueue, queueCapacity: 2000, scheduler: class org.apache.hadoop.ipc.DefaultRpcScheduler, ipcBackoff: false.
2022-06-16 16:20:18,383 [Socket Reader #1 for port 0] INFO  ipc.Server (Server.java:run(1265)) - Starting Socket Reader #1 for port 0
2022-06-16 16:20:18,494 [Listener at 127.0.0.1/42069] INFO  impl.MetricsSystemImpl (MetricsSystemImpl.java:init(158)) - OzoneManager metrics system started (again)
2022-06-16 16:20:18,525 [Listener at 127.0.0.1/42069] INFO  om.OzoneManager (OzoneManager.java:start(1465)) - OzoneManager RPC server is listening at localhost/127.0.0.1:42069
2022-06-16 16:20:18,532 [Listener at 127.0.0.1/42069] INFO  om.OzoneManager (OzoneManager.java:start(1481)) - Version File has different layout version (3) than OM DB (null). That is expected if this OM has never been finalized to a newer layout version.
2022-06-16 16:20:18,591 [Listener at 127.0.0.1/42069] INFO  http.BaseHttpServer (BaseHttpServer.java:newHttpServer2BuilderForOzone(209)) - Starting Web-server for ozoneManager at: http://0.0.0.0:0
2022-06-16 16:20:18,591 [Listener at 127.0.0.1/42069] INFO  http.BaseHttpServer (BaseHttpServer.java:<init>(107)) - Hadoop Security Enabled: false Ozone Security Enabled: false Ozone HTTP Security Enabled: false 
2022-06-16 16:20:18,592 [Listener at 127.0.0.1/42069] INFO  server.AuthenticationFilter (AuthenticationFilter.java:constructSecretProvider(240)) - Unable to initialize FileSignerSecretProvider, falling back to use random secrets.
2022-06-16 16:20:18,614 [Listener at 127.0.0.1/42069] WARN  http.HttpRequestLog (HttpRequestLog.java:getRequestLog(103)) - Jetty request log can only be enabled using Log4j
2022-06-16 16:20:18,615 [Listener at 127.0.0.1/42069] INFO  http.HttpServer2 (HttpServer2.java:addGlobalFilter(1029)) - Added global filter 'safety' (class=org.apache.hadoop.hdds.server.http.HttpServer2$QuotingInputFilter)
2022-06-16 16:20:18,616 [Listener at 127.0.0.1/42069] INFO  http.HttpServer2 (HttpServer2.java:addFilter(1005)) - Added filter static_user_filter (class=org.apache.hadoop.http.lib.StaticUserWebFilter$StaticUserFilter) to context ozoneManager
2022-06-16 16:20:18,617 [Listener at 127.0.0.1/42069] INFO  http.HttpServer2 (HttpServer2.java:addFilter(1013)) - Added filter static_user_filter (class=org.apache.hadoop.http.lib.StaticUserWebFilter$StaticUserFilter) to context logs
2022-06-16 16:20:18,617 [Listener at 127.0.0.1/42069] INFO  http.HttpServer2 (HttpServer2.java:addFilter(1013)) - Added filter static_user_filter (class=org.apache.hadoop.http.lib.StaticUserWebFilter$StaticUserFilter) to context static
2022-06-16 16:20:18,617 [Listener at 127.0.0.1/42069] INFO  http.HttpServer2 (HttpServer2.java:bindListener(1248)) - Jetty bound to port 36069
2022-06-16 16:20:18,617 [Listener at 127.0.0.1/42069] INFO  server.Server (Server.java:doStart(375)) - jetty-9.4.43.v20210629; built: 2021-06-30T11:07:22.254Z; git: 526006ecfa3af7f1a27ef3a288e2bef7ea9dd7e8; jvm 1.8.0_332-b09
2022-06-16 16:20:18,744 [Listener at 127.0.0.1/42069] INFO  server.session (DefaultSessionIdManager.java:doStart(334)) - DefaultSessionIdManager workerName=node0
2022-06-16 16:20:18,745 [Listener at 127.0.0.1/42069] INFO  server.session (DefaultSessionIdManager.java:doStart(339)) - No SessionScavenger set, using defaults
2022-06-16 16:20:18,745 [Listener at 127.0.0.1/42069] INFO  server.session (HouseKeeper.java:startScavenging(132)) - node0 Scavenging every 600000ms
2022-06-16 16:20:18,774 [Listener at 127.0.0.1/42069] INFO  handler.ContextHandler (ContextHandler.java:doStart(915)) - Started o.e.j.s.ServletContextHandler@7c8f7a3d{logs,/logs,file:///home/runner/work/ozone/ozone/hadoop-ozone/integration-test/target/log,AVAILABLE}
2022-06-16 16:20:18,775 [Listener at 127.0.0.1/42069] INFO  handler.ContextHandler (ContextHandler.java:doStart(915)) - Started o.e.j.s.ServletContextHandler@432d9a3e{static,/static,file:///home/runner/work/ozone/ozone/hadoop-ozone/integration-test/target/test-classes/webapps/static,AVAILABLE}
2022-06-16 16:20:18,785 [Listener at 127.0.0.1/42069] INFO  handler.ContextHandler (ContextHandler.java:doStart(915)) - Started o.e.j.w.WebAppContext@5e8c64e{ozoneManager,/,file:///home/runner/work/ozone/ozone/hadoop-ozone/integration-test/target/test-classes/webapps/ozoneManager/,AVAILABLE}{file:/home/runner/work/ozone/ozone/hadoop-ozone/integration-test/target/test-classes/webapps/ozoneManager}
2022-06-16 16:20:18,818 [Listener at 127.0.0.1/42069] INFO  server.AbstractConnector (AbstractConnector.java:doStart(331)) - Started ServerConnector@2dc572fd{HTTP/1.1, (http/1.1)}{0.0.0.0:36069}
2022-06-16 16:20:18,818 [Listener at 127.0.0.1/42069] INFO  server.Server (Server.java:doStart(415)) - Started @141454ms
2022-06-16 16:20:18,818 [Listener at 127.0.0.1/42069] WARN  impl.MetricsSystemImpl (MetricsSystemImpl.java:register(279)) - Sink prometheus already exists!
2022-06-16 16:20:18,830 [Listener at 127.0.0.1/42069] INFO  http.BaseHttpServer (BaseHttpServer.java:updateConnectorAddress(329)) - HTTP server of ozoneManager listening at http://0.0.0.0:36069
2022-06-16 16:20:18,838 [IPC Server Responder] INFO  ipc.Server (Server.java:run(1507)) - IPC Server Responder: starting
2022-06-16 16:20:18,874 [IPC Server listener on 0] INFO  ipc.Server (Server.java:run(1344)) - IPC Server listener on 0: starting
2022-06-16 16:20:19,066 [Listener at 127.0.0.1/42069] INFO  om.TrashPolicyOzone (TrashPolicyOzone.java:<init>(178)) - Ozone Manager trash configuration: Deletion interval = 0 minutes, Emptier interval = 0 minutes.
2022-06-16 16:20:19,082 [org.apache.hadoop.util.JvmPauseMonitor$Monitor@21557e98] INFO  util.JvmPauseMonitor (JvmPauseMonitor.java:run(188)) - Starting JVM pause monitor
2022-06-16 16:20:19,113 [Listener at 127.0.0.1/42069] INFO  impl.MetricsSystemImpl (MetricsSystemImpl.java:init(158)) - HddsDatanode metrics system started (again)
2022-06-16 16:20:19,140 [Listener at 127.0.0.1/42069] INFO  ozone.HddsDatanodeService (HddsDatanodeService.java:start(236)) - HddsDatanodeService host:fv-az37-268.zqe2tmcsx5vuvjs3sdc4q2yfud.gx.internal.cloudapp.net ip:10.1.0.16
2022-06-16 16:20:19,206 [Listener at 127.0.0.1/42069] INFO  upgrade.AbstractLayoutVersionManager (AbstractLayoutVersionManager.java:init(82)) - Initializing Layout version manager with metadata layout = DATANODE_SCHEMA_V3 (version = 4), software layout = DATANODE_SCHEMA_V3 (version = 4)
2022-06-16 16:20:19,345 [Listener at 127.0.0.1/42069] INFO  reflections.Reflections (Reflections.java:scan(232)) - Reflections took 138 ms to scan 7 urls, producing 131 keys and 311 values 
2022-06-16 16:20:19,351 [Listener at 127.0.0.1/42069] INFO  statemachine.DatanodeStateMachine (DatanodeStateMachine.java:getEndPointTaskThreadPoolSize(233)) - Datanode State Machine Task Thread Pool size 2
2022-06-16 16:20:19,399 [Listener at 127.0.0.1/42069] INFO  volume.HddsVolume (HddsVolume.java:<init>(116)) - Creating HddsVolume: /home/runner/work/ozone/ozone/hadoop-ozone/integration-test/target/test-dir/MiniOzoneClusterImpl-98dd81b9-deed-4f2d-abd5-65bd0f491ac9/datanode-0/data-0/containers/hdds of storage type : DISK capacity : 9223372036854775807
2022-06-16 16:20:19,399 [Listener at 127.0.0.1/42069] INFO  volume.MutableVolumeSet (MutableVolumeSet.java:initializeVolumeSet(174)) - Added Volume : /home/runner/work/ozone/ozone/hadoop-ozone/integration-test/target/test-dir/MiniOzoneClusterImpl-98dd81b9-deed-4f2d-abd5-65bd0f491ac9/datanode-0/data-0/containers/hdds to VolumeSet
2022-06-16 16:20:19,399 [Listener at 127.0.0.1/42069] INFO  volume.ThrottledAsyncChecker (ThrottledAsyncChecker.java:schedule(141)) - Scheduling a check for /home/runner/work/ozone/ozone/hadoop-ozone/integration-test/target/test-dir/MiniOzoneClusterImpl-98dd81b9-deed-4f2d-abd5-65bd0f491ac9/datanode-0/data-0/containers/hdds
2022-06-16 16:20:19,418 [Listener at 127.0.0.1/42069] INFO  volume.StorageVolumeChecker (StorageVolumeChecker.java:checkAllVolumes(202)) - Scheduled health check for volume /home/runner/work/ozone/ozone/hadoop-ozone/integration-test/target/test-dir/MiniOzoneClusterImpl-98dd81b9-deed-4f2d-abd5-65bd0f491ac9/datanode-0/data-0/containers/hdds
2022-06-16 16:20:19,433 [Listener at 127.0.0.1/42069] INFO  volume.MutableVolumeSet (MutableVolumeSet.java:initializeVolumeSet(174)) - Added Volume : /home/runner/work/ozone/ozone/hadoop-ozone/integration-test/target/test-dir/MiniOzoneClusterImpl-98dd81b9-deed-4f2d-abd5-65bd0f491ac9/datanode-0/data/ratis to VolumeSet
2022-06-16 16:20:19,433 [Listener at 127.0.0.1/42069] INFO  volume.ThrottledAsyncChecker (ThrottledAsyncChecker.java:schedule(141)) - Scheduling a check for /home/runner/work/ozone/ozone/hadoop-ozone/integration-test/target/test-dir/MiniOzoneClusterImpl-98dd81b9-deed-4f2d-abd5-65bd0f491ac9/datanode-0/data/ratis
2022-06-16 16:20:19,443 [Listener at 127.0.0.1/42069] INFO  volume.StorageVolumeChecker (StorageVolumeChecker.java:checkAllVolumes(202)) - Scheduled health check for volume /home/runner/work/ozone/ozone/hadoop-ozone/integration-test/target/test-dir/MiniOzoneClusterImpl-98dd81b9-deed-4f2d-abd5-65bd0f491ac9/datanode-0/data/ratis
2022-06-16 16:20:19,522 [Thread-1108] INFO  ozoneimpl.ContainerReader (ContainerReader.java:readVolume(172)) - Finish verifying containers on volume /home/runner/work/ozone/ozone/hadoop-ozone/integration-test/target/test-dir/MiniOzoneClusterImpl-98dd81b9-deed-4f2d-abd5-65bd0f491ac9/datanode-0/data-0/containers/hdds
2022-06-16 16:20:19,522 [Listener at 127.0.0.1/42069] INFO  ozoneimpl.OzoneContainer (OzoneContainer.java:buildContainerSet(266)) - Build ContainerSet costs 0s
2022-06-16 16:20:19,533 [Listener at 127.0.0.1/42069] INFO  server.RaftServer (ConfUtils.java:logGet(46)) - raft.rpc.type = GRPC (default)
2022-06-16 16:20:19,533 [Listener at 127.0.0.1/42069] INFO  grpc.GrpcFactory (GrpcFactory.java:checkPooledByteBufAllocatorUseCacheForAllThreads(48)) - PERFORMANCE WARNING: useCacheForAllThreads is true that may cause Netty to create a lot garbage objects and, as a result, trigger GC.
	It is recommended to disable useCacheForAllThreads by setting -Dorg.apache.ratis.thirdparty.io.netty.allocator.useCacheForAllThreads=false in command line.
2022-06-16 16:20:19,533 [Listener at 127.0.0.1/42069] INFO  grpc.GrpcConfigKeys (ConfUtils.java:logGet(46)) - raft.grpc.admin.port = 0 (custom)
2022-06-16 16:20:19,534 [Listener at 127.0.0.1/42069] INFO  grpc.GrpcConfigKeys (ConfUtils.java:logGet(46)) - raft.grpc.client.port = 0 (custom)
2022-06-16 16:20:19,534 [Listener at 127.0.0.1/42069] INFO  grpc.GrpcConfigKeys (ConfUtils.java:logGet(46)) - raft.grpc.server.port = 0 (default)
2022-06-16 16:20:19,534 [Listener at 127.0.0.1/42069] INFO  server.GrpcService (ConfUtils.java:logGet(46)) - raft.grpc.message.size.max = 32MB (=33554432) (custom)
2022-06-16 16:20:19,534 [Listener at 127.0.0.1/42069] INFO  server.RaftServerConfigKeys (ConfUtils.java:logGet(46)) - raft.server.log.appender.buffer.byte-limit = 33554432 (custom)
2022-06-16 16:20:19,534 [Listener at 127.0.0.1/42069] INFO  server.GrpcService (ConfUtils.java:logGet(46)) - raft.grpc.flow.control.window = 5MB (=5242880) (custom)
2022-06-16 16:20:19,534 [Listener at 127.0.0.1/42069] INFO  server.RaftServerConfigKeys (ConfUtils.java:logGet(46)) - raft.server.rpc.request.timeout = 60s (custom)
2022-06-16 16:20:19,534 [Listener at 127.0.0.1/42069] INFO  grpc.GrpcConfigKeys (ConfUtils.java:logGet(46)) - raft.grpc.server.async.request.thread.pool.cached = true (default)
2022-06-16 16:20:19,534 [Listener at 127.0.0.1/42069] INFO  grpc.GrpcConfigKeys (ConfUtils.java:logGet(46)) - raft.grpc.server.async.request.thread.pool.size = 32 (default)
2022-06-16 16:20:19,535 [Listener at 127.0.0.1/42069] INFO  impl.DataStreamServerImpl (ConfUtils.java:logGet(46)) - raft.datastream.type = DISABLED (default)
2022-06-16 16:20:19,536 [Listener at 127.0.0.1/42069] INFO  server.RaftServerConfigKeys (ConfUtils.java:logGet(46)) - raft.server.threadpool.proxy.cached = true (default)
2022-06-16 16:20:19,536 [Listener at 127.0.0.1/42069] INFO  server.RaftServerConfigKeys (ConfUtils.java:logGet(46)) - raft.server.threadpool.proxy.size = 0 (default)
2022-06-16 16:20:19,536 [Listener at 127.0.0.1/42069] INFO  server.RaftServerConfigKeys (ConfUtils.java:logGet(46)) - raft.server.rpc.slowness.timeout = 300s (custom)
2022-06-16 16:20:19,536 [Listener at 127.0.0.1/42069] INFO  server.RaftServerConfigKeys (ConfUtils.java:logGet(46)) - raft.server.leaderelection.leader.step-down.wait-time = 10s (default)
2022-06-16 16:20:19,536 [Listener at 127.0.0.1/42069] INFO  server.RaftServerConfigKeys (ConfUtils.java:logGet(46)) - raft.server.storage.dir = [/home/runner/work/ozone/ozone/hadoop-ozone/integration-test/target/test-dir/MiniOzoneClusterImpl-98dd81b9-deed-4f2d-abd5-65bd0f491ac9/datanode-0/data/ratis] (custom)
2022-06-16 16:20:19,571 [Listener at 127.0.0.1/42069] INFO  server.XceiverServerGrpc (XceiverServerGrpc.java:<init>(132)) - GrpcServer channel type EpollServerSocketChannel
2022-06-16 16:20:19,573 [Listener at 127.0.0.1/42069] INFO  http.BaseHttpServer (BaseHttpServer.java:newHttpServer2BuilderForOzone(209)) - Starting Web-server for hddsDatanode at: http://0.0.0.0:0
2022-06-16 16:20:19,573 [Listener at 127.0.0.1/42069] INFO  http.BaseHttpServer (BaseHttpServer.java:<init>(107)) - Hadoop Security Enabled: false Ozone Security Enabled: false Ozone HTTP Security Enabled: false 
2022-06-16 16:20:19,574 [Listener at 127.0.0.1/42069] INFO  server.AuthenticationFilter (AuthenticationFilter.java:constructSecretProvider(240)) - Unable to initialize FileSignerSecretProvider, falling back to use random secrets.
2022-06-16 16:20:19,583 [Listener at 127.0.0.1/42069] WARN  http.HttpRequestLog (HttpRequestLog.java:getRequestLog(103)) - Jetty request log can only be enabled using Log4j
2022-06-16 16:20:19,584 [Listener at 127.0.0.1/42069] INFO  http.HttpServer2 (HttpServer2.java:addGlobalFilter(1029)) - Added global filter 'safety' (class=org.apache.hadoop.hdds.server.http.HttpServer2$QuotingInputFilter)
2022-06-16 16:20:19,584 [Listener at 127.0.0.1/42069] INFO  http.HttpServer2 (HttpServer2.java:addFilter(1005)) - Added filter static_user_filter (class=org.apache.hadoop.http.lib.StaticUserWebFilter$StaticUserFilter) to context hddsDatanode
2022-06-16 16:20:19,584 [Listener at 127.0.0.1/42069] INFO  http.HttpServer2 (HttpServer2.java:addFilter(1013)) - Added filter static_user_filter (class=org.apache.hadoop.http.lib.StaticUserWebFilter$StaticUserFilter) to context static
2022-06-16 16:20:19,584 [Listener at 127.0.0.1/42069] INFO  http.HttpServer2 (HttpServer2.java:addFilter(1013)) - Added filter static_user_filter (class=org.apache.hadoop.http.lib.StaticUserWebFilter$StaticUserFilter) to context logs
2022-06-16 16:20:19,585 [Listener at 127.0.0.1/42069] INFO  http.HttpServer2 (HttpServer2.java:bindListener(1248)) - Jetty bound to port 44839
2022-06-16 16:20:19,585 [Listener at 127.0.0.1/42069] INFO  server.Server (Server.java:doStart(375)) - jetty-9.4.43.v20210629; built: 2021-06-30T11:07:22.254Z; git: 526006ecfa3af7f1a27ef3a288e2bef7ea9dd7e8; jvm 1.8.0_332-b09
2022-06-16 16:20:19,586 [Listener at 127.0.0.1/42069] INFO  server.session (DefaultSessionIdManager.java:doStart(334)) - DefaultSessionIdManager workerName=node0
2022-06-16 16:20:19,586 [Listener at 127.0.0.1/42069] INFO  server.session (DefaultSessionIdManager.java:doStart(339)) - No SessionScavenger set, using defaults
2022-06-16 16:20:19,586 [Listener at 127.0.0.1/42069] INFO  server.session (HouseKeeper.java:startScavenging(132)) - node0 Scavenging every 660000ms
2022-06-16 16:20:19,587 [Listener at 127.0.0.1/42069] INFO  handler.ContextHandler (ContextHandler.java:doStart(915)) - Started o.e.j.s.ServletContextHandler@6085db7f{logs,/logs,file:///home/runner/work/ozone/ozone/hadoop-ozone/integration-test/target/log,AVAILABLE}
2022-06-16 16:20:19,587 [Listener at 127.0.0.1/42069] INFO  handler.ContextHandler (ContextHandler.java:doStart(915)) - Started o.e.j.s.ServletContextHandler@751ac48{static,/static,jar:file:/home/runner/.m2/repository/org/apache/ozone/hdds-container-service/1.3.0-SNAPSHOT/hdds-container-service-1.3.0-SNAPSHOT.jar!/webapps/static,AVAILABLE}
2022-06-16 16:20:19,901 [Listener at 127.0.0.1/42069] INFO  handler.ContextHandler (ContextHandler.java:doStart(915)) - Started o.e.j.w.WebAppContext@3e2bd4a9{hddsDatanode,/,file:///tmp/jetty-0_0_0_0-44839-hdds-container-service-1_3_0-SNAPSHOT_jar-_-any-6220669730770018622/webapp/,AVAILABLE}{jar:file:/home/runner/.m2/repository/org/apache/ozone/hdds-container-service/1.3.0-SNAPSHOT/hdds-container-service-1.3.0-SNAPSHOT.jar!/webapps/hddsDatanode}
2022-06-16 16:20:19,922 [Listener at 127.0.0.1/42069] INFO  server.AbstractConnector (AbstractConnector.java:doStart(331)) - Started ServerConnector@35fc6138{HTTP/1.1, (http/1.1)}{0.0.0.0:44839}
2022-06-16 16:20:19,922 [Listener at 127.0.0.1/42069] INFO  server.Server (Server.java:doStart(415)) - Started @142558ms
2022-06-16 16:20:19,922 [Listener at 127.0.0.1/42069] WARN  impl.MetricsSystemImpl (MetricsSystemImpl.java:register(279)) - Sink prometheus already exists!
2022-06-16 16:20:19,941 [Listener at 127.0.0.1/42069] INFO  http.BaseHttpServer (BaseHttpServer.java:updateConnectorAddress(329)) - HTTP server of hddsDatanode listening at http://0.0.0.0:44839
2022-06-16 16:20:19,994 [Listener at 127.0.0.1/42069] INFO  impl.MetricsSystemImpl (MetricsSystemImpl.java:init(158)) - HddsDatanode metrics system started (again)
2022-06-16 16:20:20,002 [Datanode State Machine Daemon Thread] INFO  statemachine.DatanodeStateMachine (DatanodeStateMachine.java:lambda$startDaemon$0(484)) - Ozone container server started.
2022-06-16 16:20:20,045 [Listener at 127.0.0.1/42069] INFO  ozone.HddsDatanodeService (HddsDatanodeService.java:start(236)) - HddsDatanodeService host:fv-az37-268.zqe2tmcsx5vuvjs3sdc4q2yfud.gx.internal.cloudapp.net ip:10.1.0.16
2022-06-16 16:20:20,052 [org.apache.hadoop.util.JvmPauseMonitor$Monitor@5a8e92ab] INFO  util.JvmPauseMonitor (JvmPauseMonitor.java:run(188)) - Starting JVM pause monitor
2022-06-16 16:20:20,079 [Datanode State Machine Task Thread - 0] INFO  datanode.InitDatanodeState (InitDatanodeState.java:persistContainerDatanodeDetails(138)) - DatanodeDetails is persisted to /home/runner/work/ozone/ozone/hadoop-ozone/integration-test/target/test-dir/MiniOzoneClusterImpl-98dd81b9-deed-4f2d-abd5-65bd0f491ac9/datanode-0/meta/datanode.id
2022-06-16 16:20:20,130 [Listener at 127.0.0.1/42069] INFO  upgrade.AbstractLayoutVersionManager (AbstractLayoutVersionManager.java:init(82)) - Initializing Layout version manager with metadata layout = DATANODE_SCHEMA_V3 (version = 4), software layout = DATANODE_SCHEMA_V3 (version = 4)
2022-06-16 16:20:20,309 [Listener at 127.0.0.1/42069] INFO  reflections.Reflections (Reflections.java:scan(232)) - Reflections took 178 ms to scan 7 urls, producing 131 keys and 311 values 
2022-06-16 16:20:20,322 [Listener at 127.0.0.1/42069] INFO  statemachine.DatanodeStateMachine (DatanodeStateMachine.java:getEndPointTaskThreadPoolSize(233)) - Datanode State Machine Task Thread Pool size 2
2022-06-16 16:20:20,334 [Listener at 127.0.0.1/42069] INFO  volume.HddsVolume (HddsVolume.java:<init>(116)) - Creating HddsVolume: /home/runner/work/ozone/ozone/hadoop-ozone/integration-test/target/test-dir/MiniOzoneClusterImpl-98dd81b9-deed-4f2d-abd5-65bd0f491ac9/datanode-1/data-0/containers/hdds of storage type : DISK capacity : 9223372036854775807
2022-06-16 16:20:20,335 [Listener at 127.0.0.1/42069] INFO  volume.MutableVolumeSet (MutableVolumeSet.java:initializeVolumeSet(174)) - Added Volume : /home/runner/work/ozone/ozone/hadoop-ozone/integration-test/target/test-dir/MiniOzoneClusterImpl-98dd81b9-deed-4f2d-abd5-65bd0f491ac9/datanode-1/data-0/containers/hdds to VolumeSet
2022-06-16 16:20:20,342 [Listener at 127.0.0.1/42069] INFO  volume.ThrottledAsyncChecker (ThrottledAsyncChecker.java:schedule(141)) - Scheduling a check for /home/runner/work/ozone/ozone/hadoop-ozone/integration-test/target/test-dir/MiniOzoneClusterImpl-98dd81b9-deed-4f2d-abd5-65bd0f491ac9/datanode-1/data-0/containers/hdds
2022-06-16 16:20:20,350 [Listener at 127.0.0.1/42069] INFO  volume.StorageVolumeChecker (StorageVolumeChecker.java:checkAllVolumes(202)) - Scheduled health check for volume /home/runner/work/ozone/ozone/hadoop-ozone/integration-test/target/test-dir/MiniOzoneClusterImpl-98dd81b9-deed-4f2d-abd5-65bd0f491ac9/datanode-1/data-0/containers/hdds
2022-06-16 16:20:20,413 [Listener at 127.0.0.1/42069] INFO  volume.MutableVolumeSet (MutableVolumeSet.java:initializeVolumeSet(174)) - Added Volume : /home/runner/work/ozone/ozone/hadoop-ozone/integration-test/target/test-dir/MiniOzoneClusterImpl-98dd81b9-deed-4f2d-abd5-65bd0f491ac9/datanode-1/data/ratis to VolumeSet
2022-06-16 16:20:20,414 [Listener at 127.0.0.1/42069] INFO  volume.ThrottledAsyncChecker (ThrottledAsyncChecker.java:schedule(141)) - Scheduling a check for /home/runner/work/ozone/ozone/hadoop-ozone/integration-test/target/test-dir/MiniOzoneClusterImpl-98dd81b9-deed-4f2d-abd5-65bd0f491ac9/datanode-1/data/ratis
2022-06-16 16:20:20,434 [Listener at 127.0.0.1/42069] INFO  volume.StorageVolumeChecker (StorageVolumeChecker.java:checkAllVolumes(202)) - Scheduled health check for volume /home/runner/work/ozone/ozone/hadoop-ozone/integration-test/target/test-dir/MiniOzoneClusterImpl-98dd81b9-deed-4f2d-abd5-65bd0f491ac9/datanode-1/data/ratis
2022-06-16 16:20:20,498 [Thread-1121] INFO  ozoneimpl.ContainerReader (ContainerReader.java:readVolume(172)) - Finish verifying containers on volume /home/runner/work/ozone/ozone/hadoop-ozone/integration-test/target/test-dir/MiniOzoneClusterImpl-98dd81b9-deed-4f2d-abd5-65bd0f491ac9/datanode-1/data-0/containers/hdds
2022-06-16 16:20:20,498 [Listener at 127.0.0.1/42069] INFO  ozoneimpl.OzoneContainer (OzoneContainer.java:buildContainerSet(266)) - Build ContainerSet costs 0s
2022-06-16 16:20:20,501 [Listener at 127.0.0.1/42069] INFO  server.RaftServer (ConfUtils.java:logGet(46)) - raft.rpc.type = GRPC (default)
2022-06-16 16:20:20,502 [Listener at 127.0.0.1/42069] INFO  grpc.GrpcFactory (GrpcFactory.java:checkPooledByteBufAllocatorUseCacheForAllThreads(48)) - PERFORMANCE WARNING: useCacheForAllThreads is true that may cause Netty to create a lot garbage objects and, as a result, trigger GC.
	It is recommended to disable useCacheForAllThreads by setting -Dorg.apache.ratis.thirdparty.io.netty.allocator.useCacheForAllThreads=false in command line.
2022-06-16 16:20:20,502 [Listener at 127.0.0.1/42069] INFO  grpc.GrpcConfigKeys (ConfUtils.java:logGet(46)) - raft.grpc.admin.port = 0 (custom)
2022-06-16 16:20:20,502 [Listener at 127.0.0.1/42069] INFO  grpc.GrpcConfigKeys (ConfUtils.java:logGet(46)) - raft.grpc.client.port = 0 (custom)
2022-06-16 16:20:20,502 [Listener at 127.0.0.1/42069] INFO  grpc.GrpcConfigKeys (ConfUtils.java:logGet(46)) - raft.grpc.server.port = 0 (default)
2022-06-16 16:20:20,502 [Listener at 127.0.0.1/42069] INFO  server.GrpcService (ConfUtils.java:logGet(46)) - raft.grpc.message.size.max = 32MB (=33554432) (custom)
2022-06-16 16:20:20,502 [Listener at 127.0.0.1/42069] INFO  server.RaftServerConfigKeys (ConfUtils.java:logGet(46)) - raft.server.log.appender.buffer.byte-limit = 33554432 (custom)
2022-06-16 16:20:20,502 [Listener at 127.0.0.1/42069] INFO  server.GrpcService (ConfUtils.java:logGet(46)) - raft.grpc.flow.control.window = 5MB (=5242880) (custom)
2022-06-16 16:20:20,502 [Listener at 127.0.0.1/42069] INFO  server.RaftServerConfigKeys (ConfUtils.java:logGet(46)) - raft.server.rpc.request.timeout = 60s (custom)
2022-06-16 16:20:20,502 [Listener at 127.0.0.1/42069] INFO  grpc.GrpcConfigKeys (ConfUtils.java:logGet(46)) - raft.grpc.server.async.request.thread.pool.cached = true (default)
2022-06-16 16:20:20,502 [Listener at 127.0.0.1/42069] INFO  grpc.GrpcConfigKeys (ConfUtils.java:logGet(46)) - raft.grpc.server.async.request.thread.pool.size = 32 (default)
2022-06-16 16:20:20,503 [Listener at 127.0.0.1/42069] INFO  impl.DataStreamServerImpl (ConfUtils.java:logGet(46)) - raft.datastream.type = DISABLED (default)
2022-06-16 16:20:20,504 [Listener at 127.0.0.1/42069] INFO  server.RaftServerConfigKeys (ConfUtils.java:logGet(46)) - raft.server.threadpool.proxy.cached = true (default)
2022-06-16 16:20:20,504 [Listener at 127.0.0.1/42069] INFO  server.RaftServerConfigKeys (ConfUtils.java:logGet(46)) - raft.server.threadpool.proxy.size = 0 (default)
2022-06-16 16:20:20,504 [Listener at 127.0.0.1/42069] INFO  server.RaftServerConfigKeys (ConfUtils.java:logGet(46)) - raft.server.rpc.slowness.timeout = 300s (custom)
2022-06-16 16:20:20,504 [Listener at 127.0.0.1/42069] INFO  server.RaftServerConfigKeys (ConfUtils.java:logGet(46)) - raft.server.leaderelection.leader.step-down.wait-time = 10s (default)
2022-06-16 16:20:20,504 [Listener at 127.0.0.1/42069] INFO  server.RaftServerConfigKeys (ConfUtils.java:logGet(46)) - raft.server.storage.dir = [/home/runner/work/ozone/ozone/hadoop-ozone/integration-test/target/test-dir/MiniOzoneClusterImpl-98dd81b9-deed-4f2d-abd5-65bd0f491ac9/datanode-1/data/ratis] (custom)
2022-06-16 16:20:20,507 [Listener at 127.0.0.1/42069] INFO  server.XceiverServerGrpc (XceiverServerGrpc.java:<init>(132)) - GrpcServer channel type EpollServerSocketChannel
2022-06-16 16:20:20,509 [Listener at 127.0.0.1/42069] INFO  http.BaseHttpServer (BaseHttpServer.java:newHttpServer2BuilderForOzone(209)) - Starting Web-server for hddsDatanode at: http://0.0.0.0:0
2022-06-16 16:20:20,509 [Listener at 127.0.0.1/42069] INFO  http.BaseHttpServer (BaseHttpServer.java:<init>(107)) - Hadoop Security Enabled: false Ozone Security Enabled: false Ozone HTTP Security Enabled: false 
2022-06-16 16:20:20,510 [Listener at 127.0.0.1/42069] INFO  server.AuthenticationFilter (AuthenticationFilter.java:constructSecretProvider(240)) - Unable to initialize FileSignerSecretProvider, falling back to use random secrets.
2022-06-16 16:20:20,546 [Listener at 127.0.0.1/42069] WARN  http.HttpRequestLog (HttpRequestLog.java:getRequestLog(103)) - Jetty request log can only be enabled using Log4j
2022-06-16 16:20:20,547 [Listener at 127.0.0.1/42069] INFO  http.HttpServer2 (HttpServer2.java:addGlobalFilter(1029)) - Added global filter 'safety' (class=org.apache.hadoop.hdds.server.http.HttpServer2$QuotingInputFilter)
2022-06-16 16:20:20,548 [Listener at 127.0.0.1/42069] INFO  http.HttpServer2 (HttpServer2.java:addFilter(1005)) - Added filter static_user_filter (class=org.apache.hadoop.http.lib.StaticUserWebFilter$StaticUserFilter) to context hddsDatanode
2022-06-16 16:20:20,548 [Listener at 127.0.0.1/42069] INFO  http.HttpServer2 (HttpServer2.java:addFilter(1013)) - Added filter static_user_filter (class=org.apache.hadoop.http.lib.StaticUserWebFilter$StaticUserFilter) to context static
2022-06-16 16:20:20,548 [Listener at 127.0.0.1/42069] INFO  http.HttpServer2 (HttpServer2.java:addFilter(1013)) - Added filter static_user_filter (class=org.apache.hadoop.http.lib.StaticUserWebFilter$StaticUserFilter) to context logs
2022-06-16 16:20:20,548 [Listener at 127.0.0.1/42069] INFO  http.HttpServer2 (HttpServer2.java:bindListener(1248)) - Jetty bound to port 35599
2022-06-16 16:20:20,548 [Listener at 127.0.0.1/42069] INFO  server.Server (Server.java:doStart(375)) - jetty-9.4.43.v20210629; built: 2021-06-30T11:07:22.254Z; git: 526006ecfa3af7f1a27ef3a288e2bef7ea9dd7e8; jvm 1.8.0_332-b09
2022-06-16 16:20:20,560 [Listener at 127.0.0.1/42069] INFO  server.session (DefaultSessionIdManager.java:doStart(334)) - DefaultSessionIdManager workerName=node0
2022-06-16 16:20:20,560 [Listener at 127.0.0.1/42069] INFO  server.session (DefaultSessionIdManager.java:doStart(339)) - No SessionScavenger set, using defaults
2022-06-16 16:20:20,560 [Listener at 127.0.0.1/42069] INFO  server.session (HouseKeeper.java:startScavenging(132)) - node0 Scavenging every 660000ms
2022-06-16 16:20:20,561 [Listener at 127.0.0.1/42069] INFO  handler.ContextHandler (ContextHandler.java:doStart(915)) - Started o.e.j.s.ServletContextHandler@7f7cd001{logs,/logs,file:///home/runner/work/ozone/ozone/hadoop-ozone/integration-test/target/log,AVAILABLE}
2022-06-16 16:20:20,561 [Listener at 127.0.0.1/42069] INFO  handler.ContextHandler (ContextHandler.java:doStart(915)) - Started o.e.j.s.ServletContextHandler@499b6ed{static,/static,jar:file:/home/runner/.m2/repository/org/apache/ozone/hdds-container-service/1.3.0-SNAPSHOT/hdds-container-service-1.3.0-SNAPSHOT.jar!/webapps/static,AVAILABLE}
2022-06-16 16:20:21,077 [Listener at 127.0.0.1/42069] INFO  handler.ContextHandler (ContextHandler.java:doStart(915)) - Started o.e.j.w.WebAppContext@46c791e6{hddsDatanode,/,file:///tmp/jetty-0_0_0_0-35599-hdds-container-service-1_3_0-SNAPSHOT_jar-_-any-3819033505521490768/webapp/,AVAILABLE}{jar:file:/home/runner/.m2/repository/org/apache/ozone/hdds-container-service/1.3.0-SNAPSHOT/hdds-container-service-1.3.0-SNAPSHOT.jar!/webapps/hddsDatanode}
2022-06-16 16:20:21,078 [Listener at 127.0.0.1/42069] INFO  server.AbstractConnector (AbstractConnector.java:doStart(331)) - Started ServerConnector@7a2628d2{HTTP/1.1, (http/1.1)}{0.0.0.0:35599}
2022-06-16 16:20:21,078 [Listener at 127.0.0.1/42069] INFO  server.Server (Server.java:doStart(415)) - Started @143714ms
2022-06-16 16:20:21,078 [Listener at 127.0.0.1/42069] WARN  impl.MetricsSystemImpl (MetricsSystemImpl.java:register(279)) - Sink prometheus already exists!
2022-06-16 16:20:21,079 [Listener at 127.0.0.1/42069] INFO  http.BaseHttpServer (BaseHttpServer.java:updateConnectorAddress(329)) - HTTP server of hddsDatanode listening at http://0.0.0.0:35599
2022-06-16 16:20:21,082 [Listener at 127.0.0.1/42069] INFO  impl.MetricsSystemImpl (MetricsSystemImpl.java:init(158)) - HddsDatanode metrics system started (again)
2022-06-16 16:20:21,102 [Datanode State Machine Daemon Thread] INFO  statemachine.DatanodeStateMachine (DatanodeStateMachine.java:lambda$startDaemon$0(484)) - Ozone container server started.
2022-06-16 16:20:21,131 [Listener at 127.0.0.1/42069] INFO  ozone.HddsDatanodeService (HddsDatanodeService.java:start(236)) - HddsDatanodeService host:fv-az37-268.zqe2tmcsx5vuvjs3sdc4q2yfud.gx.internal.cloudapp.net ip:10.1.0.16
2022-06-16 16:20:21,138 [org.apache.hadoop.util.JvmPauseMonitor$Monitor@7021437c] INFO  util.JvmPauseMonitor (JvmPauseMonitor.java:run(188)) - Starting JVM pause monitor
2022-06-16 16:20:21,175 [Datanode State Machine Task Thread - 0] INFO  datanode.InitDatanodeState (InitDatanodeState.java:persistContainerDatanodeDetails(138)) - DatanodeDetails is persisted to /home/runner/work/ozone/ozone/hadoop-ozone/integration-test/target/test-dir/MiniOzoneClusterImpl-98dd81b9-deed-4f2d-abd5-65bd0f491ac9/datanode-1/meta/datanode.id
2022-06-16 16:20:21,187 [Listener at 127.0.0.1/42069] INFO  upgrade.AbstractLayoutVersionManager (AbstractLayoutVersionManager.java:init(82)) - Initializing Layout version manager with metadata layout = DATANODE_SCHEMA_V3 (version = 4), software layout = DATANODE_SCHEMA_V3 (version = 4)
2022-06-16 16:20:21,373 [Listener at 127.0.0.1/42069] INFO  reflections.Reflections (Reflections.java:scan(232)) - Reflections took 185 ms to scan 7 urls, producing 131 keys and 311 values 
2022-06-16 16:20:21,383 [Listener at 127.0.0.1/42069] INFO  statemachine.DatanodeStateMachine (DatanodeStateMachine.java:getEndPointTaskThreadPoolSize(233)) - Datanode State Machine Task Thread Pool size 2
2022-06-16 16:20:21,398 [Listener at 127.0.0.1/42069] INFO  volume.HddsVolume (HddsVolume.java:<init>(116)) - Creating HddsVolume: /home/runner/work/ozone/ozone/hadoop-ozone/integration-test/target/test-dir/MiniOzoneClusterImpl-98dd81b9-deed-4f2d-abd5-65bd0f491ac9/datanode-2/data-0/containers/hdds of storage type : DISK capacity : 9223372036854775807
2022-06-16 16:20:21,398 [Listener at 127.0.0.1/42069] INFO  volume.MutableVolumeSet (MutableVolumeSet.java:initializeVolumeSet(174)) - Added Volume : /home/runner/work/ozone/ozone/hadoop-ozone/integration-test/target/test-dir/MiniOzoneClusterImpl-98dd81b9-deed-4f2d-abd5-65bd0f491ac9/datanode-2/data-0/containers/hdds to VolumeSet
2022-06-16 16:20:21,398 [Listener at 127.0.0.1/42069] INFO  volume.ThrottledAsyncChecker (ThrottledAsyncChecker.java:schedule(141)) - Scheduling a check for /home/runner/work/ozone/ozone/hadoop-ozone/integration-test/target/test-dir/MiniOzoneClusterImpl-98dd81b9-deed-4f2d-abd5-65bd0f491ac9/datanode-2/data-0/containers/hdds
2022-06-16 16:20:21,466 [Listener at 127.0.0.1/42069] INFO  volume.StorageVolumeChecker (StorageVolumeChecker.java:checkAllVolumes(202)) - Scheduled health check for volume /home/runner/work/ozone/ozone/hadoop-ozone/integration-test/target/test-dir/MiniOzoneClusterImpl-98dd81b9-deed-4f2d-abd5-65bd0f491ac9/datanode-2/data-0/containers/hdds
2022-06-16 16:20:21,518 [Listener at 127.0.0.1/42069] INFO  volume.MutableVolumeSet (MutableVolumeSet.java:initializeVolumeSet(174)) - Added Volume : /home/runner/work/ozone/ozone/hadoop-ozone/integration-test/target/test-dir/MiniOzoneClusterImpl-98dd81b9-deed-4f2d-abd5-65bd0f491ac9/datanode-2/data/ratis to VolumeSet
2022-06-16 16:20:21,518 [Listener at 127.0.0.1/42069] INFO  volume.ThrottledAsyncChecker (ThrottledAsyncChecker.java:schedule(141)) - Scheduling a check for /home/runner/work/ozone/ozone/hadoop-ozone/integration-test/target/test-dir/MiniOzoneClusterImpl-98dd81b9-deed-4f2d-abd5-65bd0f491ac9/datanode-2/data/ratis
2022-06-16 16:20:21,518 [Listener at 127.0.0.1/42069] INFO  volume.StorageVolumeChecker (StorageVolumeChecker.java:checkAllVolumes(202)) - Scheduled health check for volume /home/runner/work/ozone/ozone/hadoop-ozone/integration-test/target/test-dir/MiniOzoneClusterImpl-98dd81b9-deed-4f2d-abd5-65bd0f491ac9/datanode-2/data/ratis
2022-06-16 16:20:21,576 [Thread-1134] INFO  ozoneimpl.ContainerReader (ContainerReader.java:readVolume(172)) - Finish verifying containers on volume /home/runner/work/ozone/ozone/hadoop-ozone/integration-test/target/test-dir/MiniOzoneClusterImpl-98dd81b9-deed-4f2d-abd5-65bd0f491ac9/datanode-2/data-0/containers/hdds
2022-06-16 16:20:21,576 [Listener at 127.0.0.1/42069] INFO  ozoneimpl.OzoneContainer (OzoneContainer.java:buildContainerSet(266)) - Build ContainerSet costs 0s
2022-06-16 16:20:21,577 [Listener at 127.0.0.1/42069] INFO  server.RaftServer (ConfUtils.java:logGet(46)) - raft.rpc.type = GRPC (default)
2022-06-16 16:20:21,578 [Listener at 127.0.0.1/42069] INFO  grpc.GrpcFactory (GrpcFactory.java:checkPooledByteBufAllocatorUseCacheForAllThreads(48)) - PERFORMANCE WARNING: useCacheForAllThreads is true that may cause Netty to create a lot garbage objects and, as a result, trigger GC.
	It is recommended to disable useCacheForAllThreads by setting -Dorg.apache.ratis.thirdparty.io.netty.allocator.useCacheForAllThreads=false in command line.
2022-06-16 16:20:21,578 [Listener at 127.0.0.1/42069] INFO  grpc.GrpcConfigKeys (ConfUtils.java:logGet(46)) - raft.grpc.admin.port = 0 (custom)
2022-06-16 16:20:21,578 [Listener at 127.0.0.1/42069] INFO  grpc.GrpcConfigKeys (ConfUtils.java:logGet(46)) - raft.grpc.client.port = 0 (custom)
2022-06-16 16:20:21,578 [Listener at 127.0.0.1/42069] INFO  grpc.GrpcConfigKeys (ConfUtils.java:logGet(46)) - raft.grpc.server.port = 0 (default)
2022-06-16 16:20:21,578 [Listener at 127.0.0.1/42069] INFO  server.GrpcService (ConfUtils.java:logGet(46)) - raft.grpc.message.size.max = 32MB (=33554432) (custom)
2022-06-16 16:20:21,578 [Listener at 127.0.0.1/42069] INFO  server.RaftServerConfigKeys (ConfUtils.java:logGet(46)) - raft.server.log.appender.buffer.byte-limit = 33554432 (custom)
2022-06-16 16:20:21,578 [Listener at 127.0.0.1/42069] INFO  server.GrpcService (ConfUtils.java:logGet(46)) - raft.grpc.flow.control.window = 5MB (=5242880) (custom)
2022-06-16 16:20:21,578 [Listener at 127.0.0.1/42069] INFO  server.RaftServerConfigKeys (ConfUtils.java:logGet(46)) - raft.server.rpc.request.timeout = 60s (custom)
2022-06-16 16:20:21,578 [Listener at 127.0.0.1/42069] INFO  grpc.GrpcConfigKeys (ConfUtils.java:logGet(46)) - raft.grpc.server.async.request.thread.pool.cached = true (default)
2022-06-16 16:20:21,578 [Listener at 127.0.0.1/42069] INFO  grpc.GrpcConfigKeys (ConfUtils.java:logGet(46)) - raft.grpc.server.async.request.thread.pool.size = 32 (default)
2022-06-16 16:20:21,579 [Listener at 127.0.0.1/42069] INFO  impl.DataStreamServerImpl (ConfUtils.java:logGet(46)) - raft.datastream.type = DISABLED (default)
2022-06-16 16:20:21,579 [Listener at 127.0.0.1/42069] INFO  server.RaftServerConfigKeys (ConfUtils.java:logGet(46)) - raft.server.threadpool.proxy.cached = true (default)
2022-06-16 16:20:21,580 [Listener at 127.0.0.1/42069] INFO  server.RaftServerConfigKeys (ConfUtils.java:logGet(46)) - raft.server.threadpool.proxy.size = 0 (default)
2022-06-16 16:20:21,580 [Listener at 127.0.0.1/42069] INFO  server.RaftServerConfigKeys (ConfUtils.java:logGet(46)) - raft.server.rpc.slowness.timeout = 300s (custom)
2022-06-16 16:20:21,580 [Listener at 127.0.0.1/42069] INFO  server.RaftServerConfigKeys (ConfUtils.java:logGet(46)) - raft.server.leaderelection.leader.step-down.wait-time = 10s (default)
2022-06-16 16:20:21,580 [Listener at 127.0.0.1/42069] INFO  server.RaftServerConfigKeys (ConfUtils.java:logGet(46)) - raft.server.storage.dir = [/home/runner/work/ozone/ozone/hadoop-ozone/integration-test/target/test-dir/MiniOzoneClusterImpl-98dd81b9-deed-4f2d-abd5-65bd0f491ac9/datanode-2/data/ratis] (custom)
2022-06-16 16:20:21,628 [Listener at 127.0.0.1/42069] INFO  server.XceiverServerGrpc (XceiverServerGrpc.java:<init>(132)) - GrpcServer channel type EpollServerSocketChannel
2022-06-16 16:20:21,639 [Listener at 127.0.0.1/42069] INFO  http.BaseHttpServer (BaseHttpServer.java:newHttpServer2BuilderForOzone(209)) - Starting Web-server for hddsDatanode at: http://0.0.0.0:0
2022-06-16 16:20:21,639 [Listener at 127.0.0.1/42069] INFO  http.BaseHttpServer (BaseHttpServer.java:<init>(107)) - Hadoop Security Enabled: false Ozone Security Enabled: false Ozone HTTP Security Enabled: false 
2022-06-16 16:20:21,639 [Listener at 127.0.0.1/42069] INFO  server.AuthenticationFilter (AuthenticationFilter.java:constructSecretProvider(240)) - Unable to initialize FileSignerSecretProvider, falling back to use random secrets.
2022-06-16 16:20:21,640 [Listener at 127.0.0.1/42069] WARN  http.HttpRequestLog (HttpRequestLog.java:getRequestLog(103)) - Jetty request log can only be enabled using Log4j
2022-06-16 16:20:21,641 [Listener at 127.0.0.1/42069] INFO  http.HttpServer2 (HttpServer2.java:addGlobalFilter(1029)) - Added global filter 'safety' (class=org.apache.hadoop.hdds.server.http.HttpServer2$QuotingInputFilter)
2022-06-16 16:20:21,650 [Listener at 127.0.0.1/42069] INFO  http.HttpServer2 (HttpServer2.java:addFilter(1005)) - Added filter static_user_filter (class=org.apache.hadoop.http.lib.StaticUserWebFilter$StaticUserFilter) to context hddsDatanode
2022-06-16 16:20:21,650 [Listener at 127.0.0.1/42069] INFO  http.HttpServer2 (HttpServer2.java:addFilter(1013)) - Added filter static_user_filter (class=org.apache.hadoop.http.lib.StaticUserWebFilter$StaticUserFilter) to context static
2022-06-16 16:20:21,650 [Listener at 127.0.0.1/42069] INFO  http.HttpServer2 (HttpServer2.java:addFilter(1013)) - Added filter static_user_filter (class=org.apache.hadoop.http.lib.StaticUserWebFilter$StaticUserFilter) to context logs
2022-06-16 16:20:21,651 [Listener at 127.0.0.1/42069] INFO  http.HttpServer2 (HttpServer2.java:bindListener(1248)) - Jetty bound to port 41009
2022-06-16 16:20:21,651 [Listener at 127.0.0.1/42069] INFO  server.Server (Server.java:doStart(375)) - jetty-9.4.43.v20210629; built: 2021-06-30T11:07:22.254Z; git: 526006ecfa3af7f1a27ef3a288e2bef7ea9dd7e8; jvm 1.8.0_332-b09
2022-06-16 16:20:21,663 [Listener at 127.0.0.1/42069] INFO  server.session (DefaultSessionIdManager.java:doStart(334)) - DefaultSessionIdManager workerName=node0
2022-06-16 16:20:21,663 [Listener at 127.0.0.1/42069] INFO  server.session (DefaultSessionIdManager.java:doStart(339)) - No SessionScavenger set, using defaults
2022-06-16 16:20:21,663 [Listener at 127.0.0.1/42069] INFO  server.session (HouseKeeper.java:startScavenging(132)) - node0 Scavenging every 600000ms
2022-06-16 16:20:21,664 [Listener at 127.0.0.1/42069] INFO  handler.ContextHandler (ContextHandler.java:doStart(915)) - Started o.e.j.s.ServletContextHandler@3468192e{logs,/logs,file:///home/runner/work/ozone/ozone/hadoop-ozone/integration-test/target/log,AVAILABLE}
2022-06-16 16:20:21,664 [Listener at 127.0.0.1/42069] INFO  handler.ContextHandler (ContextHandler.java:doStart(915)) - Started o.e.j.s.ServletContextHandler@189df3b9{static,/static,jar:file:/home/runner/.m2/repository/org/apache/ozone/hdds-container-service/1.3.0-SNAPSHOT/hdds-container-service-1.3.0-SNAPSHOT.jar!/webapps/static,AVAILABLE}
2022-06-16 16:20:22,169 [Listener at 127.0.0.1/42069] INFO  handler.ContextHandler (ContextHandler.java:doStart(915)) - Started o.e.j.w.WebAppContext@73439017{hddsDatanode,/,file:///tmp/jetty-0_0_0_0-41009-hdds-container-service-1_3_0-SNAPSHOT_jar-_-any-1470911933295558288/webapp/,AVAILABLE}{jar:file:/home/runner/.m2/repository/org/apache/ozone/hdds-container-service/1.3.0-SNAPSHOT/hdds-container-service-1.3.0-SNAPSHOT.jar!/webapps/hddsDatanode}
2022-06-16 16:20:22,178 [Listener at 127.0.0.1/42069] INFO  server.AbstractConnector (AbstractConnector.java:doStart(331)) - Started ServerConnector@2f5d7ed6{HTTP/1.1, (http/1.1)}{0.0.0.0:41009}
2022-06-16 16:20:22,178 [Listener at 127.0.0.1/42069] INFO  server.Server (Server.java:doStart(415)) - Started @144814ms
2022-06-16 16:20:22,178 [Listener at 127.0.0.1/42069] WARN  impl.MetricsSystemImpl (MetricsSystemImpl.java:register(279)) - Sink prometheus already exists!
2022-06-16 16:20:22,179 [Listener at 127.0.0.1/42069] INFO  http.BaseHttpServer (BaseHttpServer.java:updateConnectorAddress(329)) - HTTP server of hddsDatanode listening at http://0.0.0.0:41009
2022-06-16 16:20:22,194 [EndpointStateMachine task thread for /0.0.0.0:33779 - 0 ] INFO  volume.HddsVolume (HddsVolume.java:createDbStore(309)) - SchemaV3 db is created and loaded at /home/runner/work/ozone/ozone/hadoop-ozone/integration-test/target/test-dir/MiniOzoneClusterImpl-98dd81b9-deed-4f2d-abd5-65bd0f491ac9/datanode-0/data-0/containers/hdds/98dd81b9-deed-4f2d-abd5-65bd0f491ac9/DS-32a463d4-1dee-4197-a962-ea4cfdeb79dd/container.db for volume DS-32a463d4-1dee-4197-a962-ea4cfdeb79dd
2022-06-16 16:20:22,202 [Datanode State Machine Daemon Thread] INFO  statemachine.DatanodeStateMachine (DatanodeStateMachine.java:lambda$startDaemon$0(484)) - Ozone container server started.
2022-06-16 16:20:22,213 [Listener at 127.0.0.1/42069] INFO  impl.MetricsSystemImpl (MetricsSystemImpl.java:init(158)) - HddsDatanode metrics system started (again)
2022-06-16 16:20:22,213 [EndpointStateMachine task thread for /0.0.0.0:33779 - 0 ] INFO  volume.HddsVolume (HddsVolume.java:closeDbStore(340)) - SchemaV3 db is stopped at /home/runner/work/ozone/ozone/hadoop-ozone/integration-test/target/test-dir/MiniOzoneClusterImpl-98dd81b9-deed-4f2d-abd5-65bd0f491ac9/datanode-0/data-0/containers/hdds/98dd81b9-deed-4f2d-abd5-65bd0f491ac9/DS-32a463d4-1dee-4197-a962-ea4cfdeb79dd/container.db for volume DS-32a463d4-1dee-4197-a962-ea4cfdeb79dd
2022-06-16 16:20:22,213 [EndpointStateMachine task thread for /0.0.0.0:33779 - 0 ] INFO  ozoneimpl.OzoneContainer (OzoneContainer.java:start(344)) - Attempting to start container services.
2022-06-16 16:20:22,213 [EndpointStateMachine task thread for /0.0.0.0:33779 - 0 ] INFO  ozoneimpl.OzoneContainer (OzoneContainer.java:startContainerScrub(279)) - Background container scanner has been disabled.
2022-06-16 16:20:22,228 [Listener at 127.0.0.1/42069] INFO  ozone.HddsDatanodeService (HddsDatanodeService.java:start(236)) - HddsDatanodeService host:fv-az37-268.zqe2tmcsx5vuvjs3sdc4q2yfud.gx.internal.cloudapp.net ip:10.1.0.16
2022-06-16 16:20:22,247 [EndpointStateMachine task thread for /0.0.0.0:33779 - 0 ] INFO  replication.ReplicationServer (ReplicationServer.java:start(111)) - ReplicationServer is started using port 33173
2022-06-16 16:20:22,255 [EndpointStateMachine task thread for /0.0.0.0:33779 - 0 ] INFO  ratis.XceiverServerRatis (XceiverServerRatis.java:start(481)) - Starting XceiverServerRatis dd1ed5e2-20b8-410c-8deb-f61f3310736b
2022-06-16 16:20:22,290 [Listener at 127.0.0.1/42069] INFO  upgrade.AbstractLayoutVersionManager (AbstractLayoutVersionManager.java:init(82)) - Initializing Layout version manager with metadata layout = DATANODE_SCHEMA_V3 (version = 4), software layout = DATANODE_SCHEMA_V3 (version = 4)
2022-06-16 16:20:22,306 [EndpointStateMachine task thread for /0.0.0.0:33779 - 0 ] INFO  server.RaftServer (RaftServerProxy.java:lambda$start$6(382)) - dd1ed5e2-20b8-410c-8deb-f61f3310736b: start RPC server
2022-06-16 16:20:22,330 [EndpointStateMachine task thread for /0.0.0.0:33779 - 0 ] INFO  server.GrpcService (GrpcService.java:startImpl(260)) - dd1ed5e2-20b8-410c-8deb-f61f3310736b: GrpcService started, listening on 35117
2022-06-16 16:20:22,331 [EndpointStateMachine task thread for /0.0.0.0:33779 - 0 ] INFO  ratis.XceiverServerRatis (XceiverServerRatis.java:getRealPort(502)) - XceiverServerRatis dd1ed5e2-20b8-410c-8deb-f61f3310736b is started using port 35117 for RATIS
2022-06-16 16:20:22,331 [EndpointStateMachine task thread for /0.0.0.0:33779 - 0 ] INFO  ratis.XceiverServerRatis (XceiverServerRatis.java:getRealPort(502)) - XceiverServerRatis dd1ed5e2-20b8-410c-8deb-f61f3310736b is started using port 35117 for RATIS_ADMIN
2022-06-16 16:20:22,331 [EndpointStateMachine task thread for /0.0.0.0:33779 - 0 ] INFO  ratis.XceiverServerRatis (XceiverServerRatis.java:getRealPort(502)) - XceiverServerRatis dd1ed5e2-20b8-410c-8deb-f61f3310736b is started using port 35117 for RATIS_SERVER
2022-06-16 16:20:22,346 [org.apache.ratis.util.JvmPauseMonitor$$Lambda$611/1702991963@785bd95f] INFO  util.JvmPauseMonitor (JvmPauseMonitor.java:run(103)) - JvmPauseMonitor-dd1ed5e2-20b8-410c-8deb-f61f3310736b: Started
2022-06-16 16:20:22,394 [EndpointStateMachine task thread for /0.0.0.0:33779 - 0 ] INFO  server.XceiverServerGrpc (XceiverServerGrpc.java:start(180)) - XceiverServerGrpc dd1ed5e2-20b8-410c-8deb-f61f3310736b is started using port 42643
2022-06-16 16:20:22,474 [org.apache.hadoop.util.JvmPauseMonitor$Monitor@48f0d31c] INFO  util.JvmPauseMonitor (JvmPauseMonitor.java:run(188)) - Starting JVM pause monitor
2022-06-16 16:20:22,483 [Datanode State Machine Task Thread - 0] INFO  datanode.InitDatanodeState (InitDatanodeState.java:persistContainerDatanodeDetails(138)) - DatanodeDetails is persisted to /home/runner/work/ozone/ozone/hadoop-ozone/integration-test/target/test-dir/MiniOzoneClusterImpl-98dd81b9-deed-4f2d-abd5-65bd0f491ac9/datanode-2/meta/datanode.id
2022-06-16 16:20:22,519 [Listener at 127.0.0.1/42069] INFO  reflections.Reflections (Reflections.java:scan(232)) - Reflections took 226 ms to scan 7 urls, producing 131 keys and 311 values 
2022-06-16 16:20:22,520 [Listener at 127.0.0.1/42069] INFO  statemachine.DatanodeStateMachine (DatanodeStateMachine.java:getEndPointTaskThreadPoolSize(233)) - Datanode State Machine Task Thread Pool size 2
2022-06-16 16:20:22,554 [Listener at 127.0.0.1/42069] INFO  volume.HddsVolume (HddsVolume.java:<init>(116)) - Creating HddsVolume: /home/runner/work/ozone/ozone/hadoop-ozone/integration-test/target/test-dir/MiniOzoneClusterImpl-98dd81b9-deed-4f2d-abd5-65bd0f491ac9/datanode-3/data-0/containers/hdds of storage type : DISK capacity : 9223372036854775807
2022-06-16 16:20:22,555 [Listener at 127.0.0.1/42069] INFO  volume.MutableVolumeSet (MutableVolumeSet.java:initializeVolumeSet(174)) - Added Volume : /home/runner/work/ozone/ozone/hadoop-ozone/integration-test/target/test-dir/MiniOzoneClusterImpl-98dd81b9-deed-4f2d-abd5-65bd0f491ac9/datanode-3/data-0/containers/hdds to VolumeSet
2022-06-16 16:20:22,555 [Listener at 127.0.0.1/42069] INFO  volume.ThrottledAsyncChecker (ThrottledAsyncChecker.java:schedule(141)) - Scheduling a check for /home/runner/work/ozone/ozone/hadoop-ozone/integration-test/target/test-dir/MiniOzoneClusterImpl-98dd81b9-deed-4f2d-abd5-65bd0f491ac9/datanode-3/data-0/containers/hdds
2022-06-16 16:20:22,566 [Listener at 127.0.0.1/42069] INFO  volume.StorageVolumeChecker (StorageVolumeChecker.java:checkAllVolumes(202)) - Scheduled health check for volume /home/runner/work/ozone/ozone/hadoop-ozone/integration-test/target/test-dir/MiniOzoneClusterImpl-98dd81b9-deed-4f2d-abd5-65bd0f491ac9/datanode-3/data-0/containers/hdds
2022-06-16 16:20:22,576 [Listener at 127.0.0.1/42069] INFO  volume.MutableVolumeSet (MutableVolumeSet.java:initializeVolumeSet(174)) - Added Volume : /home/runner/work/ozone/ozone/hadoop-ozone/integration-test/target/test-dir/MiniOzoneClusterImpl-98dd81b9-deed-4f2d-abd5-65bd0f491ac9/datanode-3/data/ratis to VolumeSet
2022-06-16 16:20:22,576 [Listener at 127.0.0.1/42069] INFO  volume.ThrottledAsyncChecker (ThrottledAsyncChecker.java:schedule(141)) - Scheduling a check for /home/runner/work/ozone/ozone/hadoop-ozone/integration-test/target/test-dir/MiniOzoneClusterImpl-98dd81b9-deed-4f2d-abd5-65bd0f491ac9/datanode-3/data/ratis
2022-06-16 16:20:22,577 [Listener at 127.0.0.1/42069] INFO  volume.StorageVolumeChecker (StorageVolumeChecker.java:checkAllVolumes(202)) - Scheduled health check for volume /home/runner/work/ozone/ozone/hadoop-ozone/integration-test/target/test-dir/MiniOzoneClusterImpl-98dd81b9-deed-4f2d-abd5-65bd0f491ac9/datanode-3/data/ratis
2022-06-16 16:20:22,642 [Thread-1151] INFO  ozoneimpl.ContainerReader (ContainerReader.java:readVolume(172)) - Finish verifying containers on volume /home/runner/work/ozone/ozone/hadoop-ozone/integration-test/target/test-dir/MiniOzoneClusterImpl-98dd81b9-deed-4f2d-abd5-65bd0f491ac9/datanode-3/data-0/containers/hdds
2022-06-16 16:20:22,642 [Listener at 127.0.0.1/42069] INFO  ozoneimpl.OzoneContainer (OzoneContainer.java:buildContainerSet(266)) - Build ContainerSet costs 0s
2022-06-16 16:20:22,644 [Listener at 127.0.0.1/42069] INFO  server.RaftServer (ConfUtils.java:logGet(46)) - raft.rpc.type = GRPC (default)
2022-06-16 16:20:22,644 [Listener at 127.0.0.1/42069] INFO  grpc.GrpcFactory (GrpcFactory.java:checkPooledByteBufAllocatorUseCacheForAllThreads(48)) - PERFORMANCE WARNING: useCacheForAllThreads is true that may cause Netty to create a lot garbage objects and, as a result, trigger GC.
	It is recommended to disable useCacheForAllThreads by setting -Dorg.apache.ratis.thirdparty.io.netty.allocator.useCacheForAllThreads=false in command line.
2022-06-16 16:20:22,644 [Listener at 127.0.0.1/42069] INFO  grpc.GrpcConfigKeys (ConfUtils.java:logGet(46)) - raft.grpc.admin.port = 0 (custom)
2022-06-16 16:20:22,644 [Listener at 127.0.0.1/42069] INFO  grpc.GrpcConfigKeys (ConfUtils.java:logGet(46)) - raft.grpc.client.port = 0 (custom)
2022-06-16 16:20:22,644 [Listener at 127.0.0.1/42069] INFO  grpc.GrpcConfigKeys (ConfUtils.java:logGet(46)) - raft.grpc.server.port = 0 (default)
2022-06-16 16:20:22,644 [Listener at 127.0.0.1/42069] INFO  server.GrpcService (ConfUtils.java:logGet(46)) - raft.grpc.message.size.max = 32MB (=33554432) (custom)
2022-06-16 16:20:22,645 [Listener at 127.0.0.1/42069] INFO  server.RaftServerConfigKeys (ConfUtils.java:logGet(46)) - raft.server.log.appender.buffer.byte-limit = 33554432 (custom)
2022-06-16 16:20:22,645 [Listener at 127.0.0.1/42069] INFO  server.GrpcService (ConfUtils.java:logGet(46)) - raft.grpc.flow.control.window = 5MB (=5242880) (custom)
2022-06-16 16:20:22,645 [Listener at 127.0.0.1/42069] INFO  server.RaftServerConfigKeys (ConfUtils.java:logGet(46)) - raft.server.rpc.request.timeout = 60s (custom)
2022-06-16 16:20:22,645 [Listener at 127.0.0.1/42069] INFO  grpc.GrpcConfigKeys (ConfUtils.java:logGet(46)) - raft.grpc.server.async.request.thread.pool.cached = true (default)
2022-06-16 16:20:22,645 [Listener at 127.0.0.1/42069] INFO  grpc.GrpcConfigKeys (ConfUtils.java:logGet(46)) - raft.grpc.server.async.request.thread.pool.size = 32 (default)
2022-06-16 16:20:22,646 [Listener at 127.0.0.1/42069] INFO  impl.DataStreamServerImpl (ConfUtils.java:logGet(46)) - raft.datastream.type = DISABLED (default)
2022-06-16 16:20:22,666 [Listener at 127.0.0.1/42069] INFO  server.RaftServerConfigKeys (ConfUtils.java:logGet(46)) - raft.server.threadpool.proxy.cached = true (default)
2022-06-16 16:20:22,666 [Listener at 127.0.0.1/42069] INFO  server.RaftServerConfigKeys (ConfUtils.java:logGet(46)) - raft.server.threadpool.proxy.size = 0 (default)
2022-06-16 16:20:22,666 [Listener at 127.0.0.1/42069] INFO  server.RaftServerConfigKeys (ConfUtils.java:logGet(46)) - raft.server.rpc.slowness.timeout = 300s (custom)
2022-06-16 16:20:22,666 [Listener at 127.0.0.1/42069] INFO  server.RaftServerConfigKeys (ConfUtils.java:logGet(46)) - raft.server.leaderelection.leader.step-down.wait-time = 10s (default)
2022-06-16 16:20:22,667 [Listener at 127.0.0.1/42069] INFO  server.RaftServerConfigKeys (ConfUtils.java:logGet(46)) - raft.server.storage.dir = [/home/runner/work/ozone/ozone/hadoop-ozone/integration-test/target/test-dir/MiniOzoneClusterImpl-98dd81b9-deed-4f2d-abd5-65bd0f491ac9/datanode-3/data/ratis] (custom)
2022-06-16 16:20:22,683 [Listener at 127.0.0.1/42069] INFO  server.XceiverServerGrpc (XceiverServerGrpc.java:<init>(132)) - GrpcServer channel type EpollServerSocketChannel
2022-06-16 16:20:22,702 [Listener at 127.0.0.1/42069] INFO  http.BaseHttpServer (BaseHttpServer.java:newHttpServer2BuilderForOzone(209)) - Starting Web-server for hddsDatanode at: http://0.0.0.0:0
2022-06-16 16:20:22,703 [Listener at 127.0.0.1/42069] INFO  http.BaseHttpServer (BaseHttpServer.java:<init>(107)) - Hadoop Security Enabled: false Ozone Security Enabled: false Ozone HTTP Security Enabled: false 
2022-06-16 16:20:22,703 [Listener at 127.0.0.1/42069] INFO  server.AuthenticationFilter (AuthenticationFilter.java:constructSecretProvider(240)) - Unable to initialize FileSignerSecretProvider, falling back to use random secrets.
2022-06-16 16:20:22,706 [Listener at 127.0.0.1/42069] WARN  http.HttpRequestLog (HttpRequestLog.java:getRequestLog(103)) - Jetty request log can only be enabled using Log4j
2022-06-16 16:20:22,707 [Listener at 127.0.0.1/42069] INFO  http.HttpServer2 (HttpServer2.java:addGlobalFilter(1029)) - Added global filter 'safety' (class=org.apache.hadoop.hdds.server.http.HttpServer2$QuotingInputFilter)
2022-06-16 16:20:22,707 [Listener at 127.0.0.1/42069] INFO  http.HttpServer2 (HttpServer2.java:addFilter(1005)) - Added filter static_user_filter (class=org.apache.hadoop.http.lib.StaticUserWebFilter$StaticUserFilter) to context hddsDatanode
2022-06-16 16:20:22,707 [Listener at 127.0.0.1/42069] INFO  http.HttpServer2 (HttpServer2.java:addFilter(1013)) - Added filter static_user_filter (class=org.apache.hadoop.http.lib.StaticUserWebFilter$StaticUserFilter) to context logs
2022-06-16 16:20:22,707 [Listener at 127.0.0.1/42069] INFO  http.HttpServer2 (HttpServer2.java:addFilter(1013)) - Added filter static_user_filter (class=org.apache.hadoop.http.lib.StaticUserWebFilter$StaticUserFilter) to context static
2022-06-16 16:20:22,708 [Listener at 127.0.0.1/42069] INFO  http.HttpServer2 (HttpServer2.java:bindListener(1248)) - Jetty bound to port 41163
2022-06-16 16:20:22,708 [Listener at 127.0.0.1/42069] INFO  server.Server (Server.java:doStart(375)) - jetty-9.4.43.v20210629; built: 2021-06-30T11:07:22.254Z; git: 526006ecfa3af7f1a27ef3a288e2bef7ea9dd7e8; jvm 1.8.0_332-b09
2022-06-16 16:20:22,719 [Listener at 127.0.0.1/42069] INFO  server.session (DefaultSessionIdManager.java:doStart(334)) - DefaultSessionIdManager workerName=node0
2022-06-16 16:20:22,719 [Listener at 127.0.0.1/42069] INFO  server.session (DefaultSessionIdManager.java:doStart(339)) - No SessionScavenger set, using defaults
2022-06-16 16:20:22,719 [Listener at 127.0.0.1/42069] INFO  server.session (HouseKeeper.java:startScavenging(132)) - node0 Scavenging every 600000ms
2022-06-16 16:20:22,719 [Listener at 127.0.0.1/42069] INFO  handler.ContextHandler (ContextHandler.java:doStart(915)) - Started o.e.j.s.ServletContextHandler@2e7ea527{logs,/logs,file:///home/runner/work/ozone/ozone/hadoop-ozone/integration-test/target/log,AVAILABLE}
2022-06-16 16:20:22,720 [Listener at 127.0.0.1/42069] INFO  handler.ContextHandler (ContextHandler.java:doStart(915)) - Started o.e.j.s.ServletContextHandler@f7fa6b6{static,/static,jar:file:/home/runner/.m2/repository/org/apache/ozone/hdds-container-service/1.3.0-SNAPSHOT/hdds-container-service-1.3.0-SNAPSHOT.jar!/webapps/static,AVAILABLE}
2022-06-16 16:20:23,242 [EndpointStateMachine task thread for /0.0.0.0:33779 - 0 ] INFO  volume.HddsVolume (HddsVolume.java:createDbStore(309)) - SchemaV3 db is created and loaded at /home/runner/work/ozone/ozone/hadoop-ozone/integration-test/target/test-dir/MiniOzoneClusterImpl-98dd81b9-deed-4f2d-abd5-65bd0f491ac9/datanode-1/data-0/containers/hdds/98dd81b9-deed-4f2d-abd5-65bd0f491ac9/DS-7effa675-2ab7-4979-87b4-cad4822eac65/container.db for volume DS-7effa675-2ab7-4979-87b4-cad4822eac65
2022-06-16 16:20:23,266 [EndpointStateMachine task thread for /0.0.0.0:33779 - 0 ] INFO  volume.HddsVolume (HddsVolume.java:closeDbStore(340)) - SchemaV3 db is stopped at /home/runner/work/ozone/ozone/hadoop-ozone/integration-test/target/test-dir/MiniOzoneClusterImpl-98dd81b9-deed-4f2d-abd5-65bd0f491ac9/datanode-1/data-0/containers/hdds/98dd81b9-deed-4f2d-abd5-65bd0f491ac9/DS-7effa675-2ab7-4979-87b4-cad4822eac65/container.db for volume DS-7effa675-2ab7-4979-87b4-cad4822eac65
2022-06-16 16:20:23,266 [EndpointStateMachine task thread for /0.0.0.0:33779 - 0 ] INFO  ozoneimpl.OzoneContainer (OzoneContainer.java:start(344)) - Attempting to start container services.
2022-06-16 16:20:23,266 [EndpointStateMachine task thread for /0.0.0.0:33779 - 0 ] INFO  ozoneimpl.OzoneContainer (OzoneContainer.java:startContainerScrub(279)) - Background container scanner has been disabled.
2022-06-16 16:20:23,268 [EndpointStateMachine task thread for /0.0.0.0:33779 - 0 ] INFO  replication.ReplicationServer (ReplicationServer.java:start(111)) - ReplicationServer is started using port 44937
2022-06-16 16:20:23,269 [EndpointStateMachine task thread for /0.0.0.0:33779 - 0 ] INFO  ratis.XceiverServerRatis (XceiverServerRatis.java:start(481)) - Starting XceiverServerRatis 6087f466-757b-41fa-a219-681e056adf4c
2022-06-16 16:20:23,269 [EndpointStateMachine task thread for /0.0.0.0:33779 - 0 ] INFO  server.RaftServer (RaftServerProxy.java:lambda$start$6(382)) - 6087f466-757b-41fa-a219-681e056adf4c: start RPC server
2022-06-16 16:20:23,280 [EndpointStateMachine task thread for /0.0.0.0:33779 - 0 ] INFO  server.GrpcService (GrpcService.java:startImpl(260)) - 6087f466-757b-41fa-a219-681e056adf4c: GrpcService started, listening on 40815
2022-06-16 16:20:23,280 [EndpointStateMachine task thread for /0.0.0.0:33779 - 0 ] INFO  ratis.XceiverServerRatis (XceiverServerRatis.java:getRealPort(502)) - XceiverServerRatis 6087f466-757b-41fa-a219-681e056adf4c is started using port 40815 for RATIS
2022-06-16 16:20:23,280 [EndpointStateMachine task thread for /0.0.0.0:33779 - 0 ] INFO  ratis.XceiverServerRatis (XceiverServerRatis.java:getRealPort(502)) - XceiverServerRatis 6087f466-757b-41fa-a219-681e056adf4c is started using port 40815 for RATIS_ADMIN
2022-06-16 16:20:23,280 [EndpointStateMachine task thread for /0.0.0.0:33779 - 0 ] INFO  ratis.XceiverServerRatis (XceiverServerRatis.java:getRealPort(502)) - XceiverServerRatis 6087f466-757b-41fa-a219-681e056adf4c is started using port 40815 for RATIS_SERVER
2022-06-16 16:20:23,281 [org.apache.ratis.util.JvmPauseMonitor$$Lambda$611/1702991963@576ff405] INFO  util.JvmPauseMonitor (JvmPauseMonitor.java:run(103)) - JvmPauseMonitor-6087f466-757b-41fa-a219-681e056adf4c: Started
2022-06-16 16:20:23,298 [EndpointStateMachine task thread for /0.0.0.0:33779 - 0 ] INFO  server.XceiverServerGrpc (XceiverServerGrpc.java:start(180)) - XceiverServerGrpc 6087f466-757b-41fa-a219-681e056adf4c is started using port 42019
2022-06-16 16:20:23,353 [Listener at 127.0.0.1/42069] INFO  handler.ContextHandler (ContextHandler.java:doStart(915)) - Started o.e.j.w.WebAppContext@442d9790{hddsDatanode,/,file:///tmp/jetty-0_0_0_0-41163-hdds-container-service-1_3_0-SNAPSHOT_jar-_-any-1490561109293034303/webapp/,AVAILABLE}{jar:file:/home/runner/.m2/repository/org/apache/ozone/hdds-container-service/1.3.0-SNAPSHOT/hdds-container-service-1.3.0-SNAPSHOT.jar!/webapps/hddsDatanode}
2022-06-16 16:20:23,370 [Listener at 127.0.0.1/42069] INFO  server.AbstractConnector (AbstractConnector.java:doStart(331)) - Started ServerConnector@7c554fe8{HTTP/1.1, (http/1.1)}{0.0.0.0:41163}
2022-06-16 16:20:23,370 [Listener at 127.0.0.1/42069] INFO  server.Server (Server.java:doStart(415)) - Started @146006ms
2022-06-16 16:20:23,370 [Listener at 127.0.0.1/42069] WARN  impl.MetricsSystemImpl (MetricsSystemImpl.java:register(279)) - Sink prometheus already exists!
2022-06-16 16:20:23,371 [Listener at 127.0.0.1/42069] INFO  http.BaseHttpServer (BaseHttpServer.java:updateConnectorAddress(329)) - HTTP server of hddsDatanode listening at http://0.0.0.0:41163
2022-06-16 16:20:23,408 [Datanode State Machine Daemon Thread] INFO  statemachine.DatanodeStateMachine (DatanodeStateMachine.java:lambda$startDaemon$0(484)) - Ozone container server started.
2022-06-16 16:20:23,408 [Listener at 127.0.0.1/42069] INFO  impl.MetricsSystemImpl (MetricsSystemImpl.java:init(158)) - HddsDatanode metrics system started (again)
2022-06-16 16:20:23,482 [org.apache.hadoop.util.JvmPauseMonitor$Monitor@1025c5cb] INFO  util.JvmPauseMonitor (JvmPauseMonitor.java:run(188)) - Starting JVM pause monitor
2022-06-16 16:20:23,536 [Datanode State Machine Task Thread - 0] INFO  datanode.InitDatanodeState (InitDatanodeState.java:persistContainerDatanodeDetails(138)) - DatanodeDetails is persisted to /home/runner/work/ozone/ozone/hadoop-ozone/integration-test/target/test-dir/MiniOzoneClusterImpl-98dd81b9-deed-4f2d-abd5-65bd0f491ac9/datanode-3/meta/datanode.id
2022-06-16 16:20:23,546 [Listener at 127.0.0.1/42069] INFO  ozone.HddsDatanodeService (HddsDatanodeService.java:start(236)) - HddsDatanodeService host:fv-az37-268.zqe2tmcsx5vuvjs3sdc4q2yfud.gx.internal.cloudapp.net ip:10.1.0.16
2022-06-16 16:20:23,617 [Listener at 127.0.0.1/42069] INFO  upgrade.AbstractLayoutVersionManager (AbstractLayoutVersionManager.java:init(82)) - Initializing Layout version manager with metadata layout = DATANODE_SCHEMA_V3 (version = 4), software layout = DATANODE_SCHEMA_V3 (version = 4)
2022-06-16 16:20:23,745 [Listener at 127.0.0.1/42069] INFO  reflections.Reflections (Reflections.java:scan(232)) - Reflections took 127 ms to scan 7 urls, producing 131 keys and 311 values 
2022-06-16 16:20:23,746 [Listener at 127.0.0.1/42069] INFO  statemachine.DatanodeStateMachine (DatanodeStateMachine.java:getEndPointTaskThreadPoolSize(233)) - Datanode State Machine Task Thread Pool size 2
2022-06-16 16:20:23,765 [Listener at 127.0.0.1/42069] INFO  volume.HddsVolume (HddsVolume.java:<init>(116)) - Creating HddsVolume: /home/runner/work/ozone/ozone/hadoop-ozone/integration-test/target/test-dir/MiniOzoneClusterImpl-98dd81b9-deed-4f2d-abd5-65bd0f491ac9/datanode-4/data-0/containers/hdds of storage type : DISK capacity : 9223372036854775807
2022-06-16 16:20:23,765 [Listener at 127.0.0.1/42069] INFO  volume.MutableVolumeSet (MutableVolumeSet.java:initializeVolumeSet(174)) - Added Volume : /home/runner/work/ozone/ozone/hadoop-ozone/integration-test/target/test-dir/MiniOzoneClusterImpl-98dd81b9-deed-4f2d-abd5-65bd0f491ac9/datanode-4/data-0/containers/hdds to VolumeSet
2022-06-16 16:20:23,765 [Listener at 127.0.0.1/42069] INFO  volume.ThrottledAsyncChecker (ThrottledAsyncChecker.java:schedule(141)) - Scheduling a check for /home/runner/work/ozone/ozone/hadoop-ozone/integration-test/target/test-dir/MiniOzoneClusterImpl-98dd81b9-deed-4f2d-abd5-65bd0f491ac9/datanode-4/data-0/containers/hdds
2022-06-16 16:20:23,765 [Listener at 127.0.0.1/42069] INFO  volume.StorageVolumeChecker (StorageVolumeChecker.java:checkAllVolumes(202)) - Scheduled health check for volume /home/runner/work/ozone/ozone/hadoop-ozone/integration-test/target/test-dir/MiniOzoneClusterImpl-98dd81b9-deed-4f2d-abd5-65bd0f491ac9/datanode-4/data-0/containers/hdds
2022-06-16 16:20:23,780 [Listener at 127.0.0.1/42069] INFO  volume.MutableVolumeSet (MutableVolumeSet.java:initializeVolumeSet(174)) - Added Volume : /home/runner/work/ozone/ozone/hadoop-ozone/integration-test/target/test-dir/MiniOzoneClusterImpl-98dd81b9-deed-4f2d-abd5-65bd0f491ac9/datanode-4/data/ratis to VolumeSet
2022-06-16 16:20:23,780 [Listener at 127.0.0.1/42069] INFO  volume.ThrottledAsyncChecker (ThrottledAsyncChecker.java:schedule(141)) - Scheduling a check for /home/runner/work/ozone/ozone/hadoop-ozone/integration-test/target/test-dir/MiniOzoneClusterImpl-98dd81b9-deed-4f2d-abd5-65bd0f491ac9/datanode-4/data/ratis
2022-06-16 16:20:23,780 [Listener at 127.0.0.1/42069] INFO  volume.StorageVolumeChecker (StorageVolumeChecker.java:checkAllVolumes(202)) - Scheduled health check for volume /home/runner/work/ozone/ozone/hadoop-ozone/integration-test/target/test-dir/MiniOzoneClusterImpl-98dd81b9-deed-4f2d-abd5-65bd0f491ac9/datanode-4/data/ratis
2022-06-16 16:20:23,791 [Thread-1167] INFO  ozoneimpl.ContainerReader (ContainerReader.java:readVolume(172)) - Finish verifying containers on volume /home/runner/work/ozone/ozone/hadoop-ozone/integration-test/target/test-dir/MiniOzoneClusterImpl-98dd81b9-deed-4f2d-abd5-65bd0f491ac9/datanode-4/data-0/containers/hdds
2022-06-16 16:20:23,791 [Listener at 127.0.0.1/42069] INFO  ozoneimpl.OzoneContainer (OzoneContainer.java:buildContainerSet(266)) - Build ContainerSet costs 0s
2022-06-16 16:20:23,799 [Listener at 127.0.0.1/42069] INFO  server.RaftServer (ConfUtils.java:logGet(46)) - raft.rpc.type = GRPC (default)
2022-06-16 16:20:23,800 [Listener at 127.0.0.1/42069] INFO  grpc.GrpcFactory (GrpcFactory.java:checkPooledByteBufAllocatorUseCacheForAllThreads(48)) - PERFORMANCE WARNING: useCacheForAllThreads is true that may cause Netty to create a lot garbage objects and, as a result, trigger GC.
	It is recommended to disable useCacheForAllThreads by setting -Dorg.apache.ratis.thirdparty.io.netty.allocator.useCacheForAllThreads=false in command line.
2022-06-16 16:20:23,800 [Listener at 127.0.0.1/42069] INFO  grpc.GrpcConfigKeys (ConfUtils.java:logGet(46)) - raft.grpc.admin.port = 0 (custom)
2022-06-16 16:20:23,800 [Listener at 127.0.0.1/42069] INFO  grpc.GrpcConfigKeys (ConfUtils.java:logGet(46)) - raft.grpc.client.port = 0 (custom)
2022-06-16 16:20:23,800 [Listener at 127.0.0.1/42069] INFO  grpc.GrpcConfigKeys (ConfUtils.java:logGet(46)) - raft.grpc.server.port = 0 (default)
2022-06-16 16:20:23,800 [Listener at 127.0.0.1/42069] INFO  server.GrpcService (ConfUtils.java:logGet(46)) - raft.grpc.message.size.max = 32MB (=33554432) (custom)
2022-06-16 16:20:23,801 [Listener at 127.0.0.1/42069] INFO  server.RaftServerConfigKeys (ConfUtils.java:logGet(46)) - raft.server.log.appender.buffer.byte-limit = 33554432 (custom)
2022-06-16 16:20:23,801 [Listener at 127.0.0.1/42069] INFO  server.GrpcService (ConfUtils.java:logGet(46)) - raft.grpc.flow.control.window = 5MB (=5242880) (custom)
2022-06-16 16:20:23,801 [Listener at 127.0.0.1/42069] INFO  server.RaftServerConfigKeys (ConfUtils.java:logGet(46)) - raft.server.rpc.request.timeout = 60s (custom)
2022-06-16 16:20:23,801 [Listener at 127.0.0.1/42069] INFO  grpc.GrpcConfigKeys (ConfUtils.java:logGet(46)) - raft.grpc.server.async.request.thread.pool.cached = true (default)
2022-06-16 16:20:23,801 [Listener at 127.0.0.1/42069] INFO  grpc.GrpcConfigKeys (ConfUtils.java:logGet(46)) - raft.grpc.server.async.request.thread.pool.size = 32 (default)
2022-06-16 16:20:23,803 [Listener at 127.0.0.1/42069] INFO  impl.DataStreamServerImpl (ConfUtils.java:logGet(46)) - raft.datastream.type = DISABLED (default)
2022-06-16 16:20:23,803 [Listener at 127.0.0.1/42069] INFO  server.RaftServerConfigKeys (ConfUtils.java:logGet(46)) - raft.server.threadpool.proxy.cached = true (default)
2022-06-16 16:20:23,804 [Listener at 127.0.0.1/42069] INFO  server.RaftServerConfigKeys (ConfUtils.java:logGet(46)) - raft.server.threadpool.proxy.size = 0 (default)
2022-06-16 16:20:23,804 [Listener at 127.0.0.1/42069] INFO  server.RaftServerConfigKeys (ConfUtils.java:logGet(46)) - raft.server.rpc.slowness.timeout = 300s (custom)
2022-06-16 16:20:23,810 [Listener at 127.0.0.1/42069] INFO  server.RaftServerConfigKeys (ConfUtils.java:logGet(46)) - raft.server.leaderelection.leader.step-down.wait-time = 10s (default)
2022-06-16 16:20:23,810 [Listener at 127.0.0.1/42069] INFO  server.RaftServerConfigKeys (ConfUtils.java:logGet(46)) - raft.server.storage.dir = [/home/runner/work/ozone/ozone/hadoop-ozone/integration-test/target/test-dir/MiniOzoneClusterImpl-98dd81b9-deed-4f2d-abd5-65bd0f491ac9/datanode-4/data/ratis] (custom)
2022-06-16 16:20:23,820 [Listener at 127.0.0.1/42069] INFO  server.XceiverServerGrpc (XceiverServerGrpc.java:<init>(132)) - GrpcServer channel type EpollServerSocketChannel
2022-06-16 16:20:23,846 [Listener at 127.0.0.1/42069] INFO  http.BaseHttpServer (BaseHttpServer.java:newHttpServer2BuilderForOzone(209)) - Starting Web-server for hddsDatanode at: http://0.0.0.0:0
2022-06-16 16:20:23,846 [Listener at 127.0.0.1/42069] INFO  http.BaseHttpServer (BaseHttpServer.java:<init>(107)) - Hadoop Security Enabled: false Ozone Security Enabled: false Ozone HTTP Security Enabled: false 
2022-06-16 16:20:23,848 [Listener at 127.0.0.1/42069] INFO  server.AuthenticationFilter (AuthenticationFilter.java:constructSecretProvider(240)) - Unable to initialize FileSignerSecretProvider, falling back to use random secrets.
2022-06-16 16:20:23,849 [Listener at 127.0.0.1/42069] WARN  http.HttpRequestLog (HttpRequestLog.java:getRequestLog(103)) - Jetty request log can only be enabled using Log4j
2022-06-16 16:20:23,850 [Listener at 127.0.0.1/42069] INFO  http.HttpServer2 (HttpServer2.java:addGlobalFilter(1029)) - Added global filter 'safety' (class=org.apache.hadoop.hdds.server.http.HttpServer2$QuotingInputFilter)
2022-06-16 16:20:23,850 [Listener at 127.0.0.1/42069] INFO  http.HttpServer2 (HttpServer2.java:addFilter(1005)) - Added filter static_user_filter (class=org.apache.hadoop.http.lib.StaticUserWebFilter$StaticUserFilter) to context hddsDatanode
2022-06-16 16:20:23,850 [Listener at 127.0.0.1/42069] INFO  http.HttpServer2 (HttpServer2.java:addFilter(1013)) - Added filter static_user_filter (class=org.apache.hadoop.http.lib.StaticUserWebFilter$StaticUserFilter) to context logs
2022-06-16 16:20:23,850 [Listener at 127.0.0.1/42069] INFO  http.HttpServer2 (HttpServer2.java:addFilter(1013)) - Added filter static_user_filter (class=org.apache.hadoop.http.lib.StaticUserWebFilter$StaticUserFilter) to context static
2022-06-16 16:20:23,851 [Listener at 127.0.0.1/42069] INFO  http.HttpServer2 (HttpServer2.java:bindListener(1248)) - Jetty bound to port 34279
2022-06-16 16:20:23,851 [Listener at 127.0.0.1/42069] INFO  server.Server (Server.java:doStart(375)) - jetty-9.4.43.v20210629; built: 2021-06-30T11:07:22.254Z; git: 526006ecfa3af7f1a27ef3a288e2bef7ea9dd7e8; jvm 1.8.0_332-b09
2022-06-16 16:20:23,852 [Listener at 127.0.0.1/42069] INFO  server.session (DefaultSessionIdManager.java:doStart(334)) - DefaultSessionIdManager workerName=node0
2022-06-16 16:20:23,852 [Listener at 127.0.0.1/42069] INFO  server.session (DefaultSessionIdManager.java:doStart(339)) - No SessionScavenger set, using defaults
2022-06-16 16:20:23,863 [Listener at 127.0.0.1/42069] INFO  server.session (HouseKeeper.java:startScavenging(132)) - node0 Scavenging every 660000ms
2022-06-16 16:20:23,883 [Listener at 127.0.0.1/42069] INFO  handler.ContextHandler (ContextHandler.java:doStart(915)) - Started o.e.j.s.ServletContextHandler@2d178024{logs,/logs,file:///home/runner/work/ozone/ozone/hadoop-ozone/integration-test/target/log,AVAILABLE}
2022-06-16 16:20:23,883 [Listener at 127.0.0.1/42069] INFO  handler.ContextHandler (ContextHandler.java:doStart(915)) - Started o.e.j.s.ServletContextHandler@425fa2ea{static,/static,jar:file:/home/runner/.m2/repository/org/apache/ozone/hdds-container-service/1.3.0-SNAPSHOT/hdds-container-service-1.3.0-SNAPSHOT.jar!/webapps/static,AVAILABLE}
2022-06-16 16:20:24,053 [IPC Server handler 0 on default port 33779] INFO  net.NetworkTopologyImpl (NetworkTopologyImpl.java:add(112)) - Added a new node: /default-rack/dd1ed5e2-20b8-410c-8deb-f61f3310736b
2022-06-16 16:20:24,054 [IPC Server handler 0 on default port 33779] INFO  node.SCMNodeManager (SCMNodeManager.java:register(394)) - Registered Data node : dd1ed5e2-20b8-410c-8deb-f61f3310736b{ip: 10.1.0.16, host: fv-az37-268.zqe2tmcsx5vuvjs3sdc4q2yfud.gx.internal.cloudapp.net, ports: [REPLICATION=33173, RATIS=35117, RATIS_ADMIN=35117, RATIS_SERVER=35117, STANDALONE=42643], networkLocation: /default-rack, certSerialId: null, persistedOpState: null, persistedOpStateExpiryEpochSec: 0}
2022-06-16 16:20:24,070 [EventQueue-NodeRegistrationContainerReportForContainerSafeModeRule] INFO  safemode.SCMSafeModeManager (SCMSafeModeManager.java:validateSafeModeExitRules(204)) - ContainerSafeModeRule rule is successfully validated
2022-06-16 16:20:24,070 [EventQueue-NodeRegistrationContainerReportForDataNodeSafeModeRule] INFO  safemode.SCMSafeModeManager (DataNodeSafeModeRule.java:process(71)) - SCM in safe mode. 1 DataNodes registered, 3 required.
2022-06-16 16:20:24,095 [EventQueue-NewNodeForNewNodeHandler] INFO  pipeline.BackgroundPipelineCreator (BackgroundPipelineCreator.java:notifyEventTriggered(272)) - trigger a one-shot run on RatisPipelineUtilsThread.
2022-06-16 16:20:24,095 [EventQueue-PipelineReportForOneReplicaPipelineSafeModeRule] INFO  safemode.SCMSafeModeManager (SCMSafeModeManager.java:validateSafeModeExitRules(204)) - AtleastOneDatanodeReportedRule rule is successfully validated
2022-06-16 16:20:24,095 [RatisPipelineUtilsThread - 0] INFO  pipeline.RatisPipelineProvider (RatisPipelineProvider.java:lambda$create$0(195)) - Sending CreatePipelineCommand for pipeline:PipelineID=178f83f9-63c6-4f99-93eb-c28a9427546f to datanode:dd1ed5e2-20b8-410c-8deb-f61f3310736b
2022-06-16 16:20:24,106 [RatisPipelineUtilsThread - 0] INFO  pipeline.PipelineStateManagerImpl (PipelineStateManagerImpl.java:addPipeline(101)) - Created pipeline Pipeline[ Id: 178f83f9-63c6-4f99-93eb-c28a9427546f, Nodes: dd1ed5e2-20b8-410c-8deb-f61f3310736b{ip: 10.1.0.16, host: fv-az37-268.zqe2tmcsx5vuvjs3sdc4q2yfud.gx.internal.cloudapp.net, ports: [REPLICATION=33173, RATIS=35117, RATIS_ADMIN=35117, RATIS_SERVER=35117, STANDALONE=42643], networkLocation: /default-rack, certSerialId: null, persistedOpState: IN_SERVICE, persistedOpStateExpiryEpochSec: 0}, ReplicationConfig: RATIS/ONE, State:ALLOCATED, leaderId:, CreationTimestamp2022-06-16T16:20:24.095Z[Etc/UTC]].
2022-06-16 16:20:24,359 [Listener at 127.0.0.1/42069] INFO  handler.ContextHandler (ContextHandler.java:doStart(915)) - Started o.e.j.w.WebAppContext@1aaea328{hddsDatanode,/,file:///tmp/jetty-0_0_0_0-34279-hdds-container-service-1_3_0-SNAPSHOT_jar-_-any-546567132453216303/webapp/,AVAILABLE}{jar:file:/home/runner/.m2/repository/org/apache/ozone/hdds-container-service/1.3.0-SNAPSHOT/hdds-container-service-1.3.0-SNAPSHOT.jar!/webapps/hddsDatanode}
2022-06-16 16:20:24,364 [Listener at 127.0.0.1/42069] INFO  server.AbstractConnector (AbstractConnector.java:doStart(331)) - Started ServerConnector@746ff0b8{HTTP/1.1, (http/1.1)}{0.0.0.0:34279}
2022-06-16 16:20:24,364 [Listener at 127.0.0.1/42069] INFO  server.Server (Server.java:doStart(415)) - Started @147000ms
2022-06-16 16:20:24,364 [Listener at 127.0.0.1/42069] WARN  impl.MetricsSystemImpl (MetricsSystemImpl.java:register(279)) - Sink prometheus already exists!
2022-06-16 16:20:24,378 [Listener at 127.0.0.1/42069] INFO  http.BaseHttpServer (BaseHttpServer.java:updateConnectorAddress(329)) - HTTP server of hddsDatanode listening at http://0.0.0.0:34279
2022-06-16 16:20:24,378 [Listener at 127.0.0.1/42069] INFO  ozone.MiniOzoneClusterImpl (MiniOzoneClusterImpl.java:lambda$waitForClusterToBeReady$0(221)) - Waiting for nodes to be ready. Got 1 of 5 DN Heartbeats.
2022-06-16 16:20:24,379 [Listener at 127.0.0.1/42069] INFO  ozone.MiniOzoneClusterImpl (MiniOzoneClusterImpl.java:lambda$waitForClusterToBeReady$0(224)) - Waiting for cluster to exit safe mode
2022-06-16 16:20:24,379 [Listener at 127.0.0.1/42069] INFO  ozone.MiniOzoneClusterImpl (MiniOzoneClusterImpl.java:lambda$waitForClusterToBeReady$0(226)) - SCM became leader
2022-06-16 16:20:24,379 [Datanode State Machine Daemon Thread] INFO  statemachine.DatanodeStateMachine (DatanodeStateMachine.java:lambda$startDaemon$0(484)) - Ozone container server started.
2022-06-16 16:20:24,518 [org.apache.hadoop.util.JvmPauseMonitor$Monitor@720f5671] INFO  util.JvmPauseMonitor (JvmPauseMonitor.java:run(188)) - Starting JVM pause monitor
2022-06-16 16:20:24,575 [Datanode State Machine Task Thread - 0] INFO  datanode.InitDatanodeState (InitDatanodeState.java:persistContainerDatanodeDetails(138)) - DatanodeDetails is persisted to /home/runner/work/ozone/ozone/hadoop-ozone/integration-test/target/test-dir/MiniOzoneClusterImpl-98dd81b9-deed-4f2d-abd5-65bd0f491ac9/datanode-4/meta/datanode.id
2022-06-16 16:20:24,656 [EndpointStateMachine task thread for /0.0.0.0:33779 - 0 ] INFO  volume.HddsVolume (HddsVolume.java:createDbStore(309)) - SchemaV3 db is created and loaded at /home/runner/work/ozone/ozone/hadoop-ozone/integration-test/target/test-dir/MiniOzoneClusterImpl-98dd81b9-deed-4f2d-abd5-65bd0f491ac9/datanode-2/data-0/containers/hdds/98dd81b9-deed-4f2d-abd5-65bd0f491ac9/DS-9531f8dc-766e-4371-afef-e1ba1268af28/container.db for volume DS-9531f8dc-766e-4371-afef-e1ba1268af28
2022-06-16 16:20:24,682 [EndpointStateMachine task thread for /0.0.0.0:33779 - 0 ] INFO  volume.HddsVolume (HddsVolume.java:closeDbStore(340)) - SchemaV3 db is stopped at /home/runner/work/ozone/ozone/hadoop-ozone/integration-test/target/test-dir/MiniOzoneClusterImpl-98dd81b9-deed-4f2d-abd5-65bd0f491ac9/datanode-2/data-0/containers/hdds/98dd81b9-deed-4f2d-abd5-65bd0f491ac9/DS-9531f8dc-766e-4371-afef-e1ba1268af28/container.db for volume DS-9531f8dc-766e-4371-afef-e1ba1268af28
2022-06-16 16:20:24,682 [EndpointStateMachine task thread for /0.0.0.0:33779 - 0 ] INFO  ozoneimpl.OzoneContainer (OzoneContainer.java:start(344)) - Attempting to start container services.
2022-06-16 16:20:24,682 [EndpointStateMachine task thread for /0.0.0.0:33779 - 0 ] INFO  ozoneimpl.OzoneContainer (OzoneContainer.java:startContainerScrub(279)) - Background container scanner has been disabled.
2022-06-16 16:20:24,687 [EndpointStateMachine task thread for /0.0.0.0:33779 - 0 ] INFO  replication.ReplicationServer (ReplicationServer.java:start(111)) - ReplicationServer is started using port 46857
2022-06-16 16:20:24,694 [EndpointStateMachine task thread for /0.0.0.0:33779 - 0 ] INFO  ratis.XceiverServerRatis (XceiverServerRatis.java:start(481)) - Starting XceiverServerRatis 835188e7-dd17-483f-9194-07b8bd68eba8
2022-06-16 16:20:24,719 [EndpointStateMachine task thread for /0.0.0.0:33779 - 0 ] INFO  server.RaftServer (RaftServerProxy.java:lambda$start$6(382)) - 835188e7-dd17-483f-9194-07b8bd68eba8: start RPC server
2022-06-16 16:20:24,758 [EndpointStateMachine task thread for /0.0.0.0:33779 - 0 ] INFO  server.GrpcService (GrpcService.java:startImpl(260)) - 835188e7-dd17-483f-9194-07b8bd68eba8: GrpcService started, listening on 32931
2022-06-16 16:20:24,762 [EndpointStateMachine task thread for /0.0.0.0:33779 - 0 ] INFO  ratis.XceiverServerRatis (XceiverServerRatis.java:getRealPort(502)) - XceiverServerRatis 835188e7-dd17-483f-9194-07b8bd68eba8 is started using port 32931 for RATIS
2022-06-16 16:20:24,762 [EndpointStateMachine task thread for /0.0.0.0:33779 - 0 ] INFO  ratis.XceiverServerRatis (XceiverServerRatis.java:getRealPort(502)) - XceiverServerRatis 835188e7-dd17-483f-9194-07b8bd68eba8 is started using port 32931 for RATIS_ADMIN
2022-06-16 16:20:24,762 [EndpointStateMachine task thread for /0.0.0.0:33779 - 0 ] INFO  ratis.XceiverServerRatis (XceiverServerRatis.java:getRealPort(502)) - XceiverServerRatis 835188e7-dd17-483f-9194-07b8bd68eba8 is started using port 32931 for RATIS_SERVER
2022-06-16 16:20:24,762 [org.apache.ratis.util.JvmPauseMonitor$$Lambda$611/1702991963@1df1d1bc] INFO  util.JvmPauseMonitor (JvmPauseMonitor.java:run(103)) - JvmPauseMonitor-835188e7-dd17-483f-9194-07b8bd68eba8: Started
2022-06-16 16:20:24,803 [EndpointStateMachine task thread for /0.0.0.0:33779 - 0 ] INFO  server.XceiverServerGrpc (XceiverServerGrpc.java:start(180)) - XceiverServerGrpc 835188e7-dd17-483f-9194-07b8bd68eba8 is started using port 33217
2022-06-16 16:20:25,139 [IPC Server handler 1 on default port 33779] INFO  net.NetworkTopologyImpl (NetworkTopologyImpl.java:add(112)) - Added a new node: /default-rack/6087f466-757b-41fa-a219-681e056adf4c
2022-06-16 16:20:25,139 [IPC Server handler 1 on default port 33779] INFO  node.SCMNodeManager (SCMNodeManager.java:register(394)) - Registered Data node : 6087f466-757b-41fa-a219-681e056adf4c{ip: 10.1.0.16, host: fv-az37-268.zqe2tmcsx5vuvjs3sdc4q2yfud.gx.internal.cloudapp.net, ports: [REPLICATION=44937, RATIS=40815, RATIS_ADMIN=40815, RATIS_SERVER=40815, STANDALONE=42019], networkLocation: /default-rack, certSerialId: null, persistedOpState: null, persistedOpStateExpiryEpochSec: 0}
2022-06-16 16:20:25,139 [EventQueue-NewNodeForNewNodeHandler] INFO  pipeline.BackgroundPipelineCreator (BackgroundPipelineCreator.java:notifyEventTriggered(272)) - trigger a one-shot run on RatisPipelineUtilsThread.
2022-06-16 16:20:25,139 [EventQueue-NodeRegistrationContainerReportForDataNodeSafeModeRule] INFO  safemode.SCMSafeModeManager (DataNodeSafeModeRule.java:process(71)) - SCM in safe mode. 2 DataNodes registered, 3 required.
2022-06-16 16:20:25,174 [RatisPipelineUtilsThread - 0] INFO  pipeline.RatisPipelineProvider (RatisPipelineProvider.java:lambda$create$0(195)) - Sending CreatePipelineCommand for pipeline:PipelineID=88cd46c2-5c8b-4ed3-a173-2f479eb56004 to datanode:6087f466-757b-41fa-a219-681e056adf4c
2022-06-16 16:20:25,174 [RatisPipelineUtilsThread - 0] INFO  pipeline.PipelineStateManagerImpl (PipelineStateManagerImpl.java:addPipeline(101)) - Created pipeline Pipeline[ Id: 88cd46c2-5c8b-4ed3-a173-2f479eb56004, Nodes: 6087f466-757b-41fa-a219-681e056adf4c{ip: 10.1.0.16, host: fv-az37-268.zqe2tmcsx5vuvjs3sdc4q2yfud.gx.internal.cloudapp.net, ports: [REPLICATION=44937, RATIS=40815, RATIS_ADMIN=40815, RATIS_SERVER=40815, STANDALONE=42019], networkLocation: /default-rack, certSerialId: null, persistedOpState: IN_SERVICE, persistedOpStateExpiryEpochSec: 0}, ReplicationConfig: RATIS/ONE, State:ALLOCATED, leaderId:, CreationTimestamp2022-06-16T16:20:25.174Z[Etc/UTC]].
2022-06-16 16:20:25,379 [Listener at 127.0.0.1/42069] INFO  ozone.MiniOzoneClusterImpl (MiniOzoneClusterImpl.java:lambda$waitForClusterToBeReady$0(221)) - Waiting for nodes to be ready. Got 2 of 5 DN Heartbeats.
2022-06-16 16:20:25,379 [Listener at 127.0.0.1/42069] INFO  ozone.MiniOzoneClusterImpl (MiniOzoneClusterImpl.java:lambda$waitForClusterToBeReady$0(224)) - Waiting for cluster to exit safe mode
2022-06-16 16:20:25,379 [Listener at 127.0.0.1/42069] INFO  ozone.MiniOzoneClusterImpl (MiniOzoneClusterImpl.java:lambda$waitForClusterToBeReady$0(226)) - SCM became leader
2022-06-16 16:20:25,667 [EndpointStateMachine task thread for /0.0.0.0:33779 - 0 ] INFO  volume.HddsVolume (HddsVolume.java:createDbStore(309)) - SchemaV3 db is created and loaded at /home/runner/work/ozone/ozone/hadoop-ozone/integration-test/target/test-dir/MiniOzoneClusterImpl-98dd81b9-deed-4f2d-abd5-65bd0f491ac9/datanode-3/data-0/containers/hdds/98dd81b9-deed-4f2d-abd5-65bd0f491ac9/DS-44396c1f-0202-4fdb-8ef3-f285ce05ee2e/container.db for volume DS-44396c1f-0202-4fdb-8ef3-f285ce05ee2e
2022-06-16 16:20:25,668 [EndpointStateMachine task thread for /0.0.0.0:33779 - 0 ] INFO  volume.HddsVolume (HddsVolume.java:closeDbStore(340)) - SchemaV3 db is stopped at /home/runner/work/ozone/ozone/hadoop-ozone/integration-test/target/test-dir/MiniOzoneClusterImpl-98dd81b9-deed-4f2d-abd5-65bd0f491ac9/datanode-3/data-0/containers/hdds/98dd81b9-deed-4f2d-abd5-65bd0f491ac9/DS-44396c1f-0202-4fdb-8ef3-f285ce05ee2e/container.db for volume DS-44396c1f-0202-4fdb-8ef3-f285ce05ee2e
2022-06-16 16:20:25,668 [EndpointStateMachine task thread for /0.0.0.0:33779 - 0 ] INFO  ozoneimpl.OzoneContainer (OzoneContainer.java:start(344)) - Attempting to start container services.
2022-06-16 16:20:25,668 [EndpointStateMachine task thread for /0.0.0.0:33779 - 0 ] INFO  ozoneimpl.OzoneContainer (OzoneContainer.java:startContainerScrub(279)) - Background container scanner has been disabled.
2022-06-16 16:20:25,743 [EndpointStateMachine task thread for /0.0.0.0:33779 - 0 ] INFO  replication.ReplicationServer (ReplicationServer.java:start(111)) - ReplicationServer is started using port 42537
2022-06-16 16:20:25,744 [EndpointStateMachine task thread for /0.0.0.0:33779 - 0 ] INFO  ratis.XceiverServerRatis (XceiverServerRatis.java:start(481)) - Starting XceiverServerRatis 7e8c5af0-b72c-4b69-b53a-c0afe3ac69de
2022-06-16 16:20:25,744 [EndpointStateMachine task thread for /0.0.0.0:33779 - 0 ] INFO  server.RaftServer (RaftServerProxy.java:lambda$start$6(382)) - 7e8c5af0-b72c-4b69-b53a-c0afe3ac69de: start RPC server
2022-06-16 16:20:25,764 [EndpointStateMachine task thread for /0.0.0.0:33779 - 0 ] INFO  server.GrpcService (GrpcService.java:startImpl(260)) - 7e8c5af0-b72c-4b69-b53a-c0afe3ac69de: GrpcService started, listening on 33427
2022-06-16 16:20:25,766 [EndpointStateMachine task thread for /0.0.0.0:33779 - 0 ] INFO  ratis.XceiverServerRatis (XceiverServerRatis.java:getRealPort(502)) - XceiverServerRatis 7e8c5af0-b72c-4b69-b53a-c0afe3ac69de is started using port 33427 for RATIS
2022-06-16 16:20:25,766 [EndpointStateMachine task thread for /0.0.0.0:33779 - 0 ] INFO  ratis.XceiverServerRatis (XceiverServerRatis.java:getRealPort(502)) - XceiverServerRatis 7e8c5af0-b72c-4b69-b53a-c0afe3ac69de is started using port 33427 for RATIS_ADMIN
2022-06-16 16:20:25,766 [EndpointStateMachine task thread for /0.0.0.0:33779 - 0 ] INFO  ratis.XceiverServerRatis (XceiverServerRatis.java:getRealPort(502)) - XceiverServerRatis 7e8c5af0-b72c-4b69-b53a-c0afe3ac69de is started using port 33427 for RATIS_SERVER
2022-06-16 16:20:25,766 [org.apache.ratis.util.JvmPauseMonitor$$Lambda$611/1702991963@1ded327b] INFO  util.JvmPauseMonitor (JvmPauseMonitor.java:run(103)) - JvmPauseMonitor-7e8c5af0-b72c-4b69-b53a-c0afe3ac69de: Started
2022-06-16 16:20:25,815 [EndpointStateMachine task thread for /0.0.0.0:33779 - 0 ] INFO  server.XceiverServerGrpc (XceiverServerGrpc.java:start(180)) - XceiverServerGrpc 7e8c5af0-b72c-4b69-b53a-c0afe3ac69de is started using port 34613
2022-06-16 16:20:26,382 [Listener at 127.0.0.1/42069] INFO  ozone.MiniOzoneClusterImpl (MiniOzoneClusterImpl.java:lambda$waitForClusterToBeReady$0(221)) - Waiting for nodes to be ready. Got 2 of 5 DN Heartbeats.
2022-06-16 16:20:26,382 [Listener at 127.0.0.1/42069] INFO  ozone.MiniOzoneClusterImpl (MiniOzoneClusterImpl.java:lambda$waitForClusterToBeReady$0(224)) - Waiting for cluster to exit safe mode
2022-06-16 16:20:26,382 [Listener at 127.0.0.1/42069] INFO  ozone.MiniOzoneClusterImpl (MiniOzoneClusterImpl.java:lambda$waitForClusterToBeReady$0(226)) - SCM became leader
2022-06-16 16:20:26,475 [IPC Server handler 2 on default port 33779] INFO  net.NetworkTopologyImpl (NetworkTopologyImpl.java:add(112)) - Added a new node: /default-rack/835188e7-dd17-483f-9194-07b8bd68eba8
2022-06-16 16:20:26,475 [IPC Server handler 2 on default port 33779] INFO  node.SCMNodeManager (SCMNodeManager.java:register(394)) - Registered Data node : 835188e7-dd17-483f-9194-07b8bd68eba8{ip: 10.1.0.16, host: fv-az37-268.zqe2tmcsx5vuvjs3sdc4q2yfud.gx.internal.cloudapp.net, ports: [REPLICATION=46857, RATIS=32931, RATIS_ADMIN=32931, RATIS_SERVER=32931, STANDALONE=33217], networkLocation: /default-rack, certSerialId: null, persistedOpState: null, persistedOpStateExpiryEpochSec: 0}
2022-06-16 16:20:26,475 [EventQueue-NewNodeForNewNodeHandler] INFO  pipeline.BackgroundPipelineCreator (BackgroundPipelineCreator.java:notifyEventTriggered(272)) - trigger a one-shot run on RatisPipelineUtilsThread.
2022-06-16 16:20:26,475 [EventQueue-NodeRegistrationContainerReportForDataNodeSafeModeRule] INFO  safemode.SCMSafeModeManager (DataNodeSafeModeRule.java:process(71)) - SCM in safe mode. 3 DataNodes registered, 3 required.
2022-06-16 16:20:26,475 [EventQueue-NodeRegistrationContainerReportForDataNodeSafeModeRule] INFO  safemode.SCMSafeModeManager (SCMSafeModeManager.java:validateSafeModeExitRules(204)) - DataNodeSafeModeRule rule is successfully validated
2022-06-16 16:20:26,475 [EventQueue-NodeRegistrationContainerReportForDataNodeSafeModeRule] INFO  safemode.SCMSafeModeManager (SCMSafeModeManager.java:completePreCheck(233)) - All SCM safe mode pre check rules have passed
2022-06-16 16:20:26,475 [EventQueue-NodeRegistrationContainerReportForDataNodeSafeModeRule] WARN  events.EventQueue (EventQueue.java:fireEvent(194)) - No event handler registered for event TypedEvent{payloadType=SafeModeStatus, name='Safe mode status'}
2022-06-16 16:20:26,475 [EventQueue-NodeRegistrationContainerReportForDataNodeSafeModeRule] INFO  ha.SCMContext (SCMContext.java:updateSafeModeStatus(228)) - Update SafeModeStatus from SafeModeStatus{safeModeStatus=true, preCheckPassed=false} to SafeModeStatus{safeModeStatus=true, preCheckPassed=true}.
2022-06-16 16:20:26,475 [EventQueue-NodeRegistrationContainerReportForDataNodeSafeModeRule] INFO  pipeline.BackgroundPipelineCreator (BackgroundPipelineCreator.java:notifyEventTriggered(272)) - trigger a one-shot run on RatisPipelineUtilsThread.
2022-06-16 16:20:26,476 [RatisPipelineUtilsThread - 0] INFO  pipeline.RatisPipelineProvider (RatisPipelineProvider.java:lambda$create$0(195)) - Sending CreatePipelineCommand for pipeline:PipelineID=750ed808-97b4-4a71-919c-4dbca3e0c6ad to datanode:835188e7-dd17-483f-9194-07b8bd68eba8
2022-06-16 16:20:26,476 [RatisPipelineUtilsThread - 0] INFO  pipeline.PipelineStateManagerImpl (PipelineStateManagerImpl.java:addPipeline(101)) - Created pipeline Pipeline[ Id: 750ed808-97b4-4a71-919c-4dbca3e0c6ad, Nodes: 835188e7-dd17-483f-9194-07b8bd68eba8{ip: 10.1.0.16, host: fv-az37-268.zqe2tmcsx5vuvjs3sdc4q2yfud.gx.internal.cloudapp.net, ports: [REPLICATION=46857, RATIS=32931, RATIS_ADMIN=32931, RATIS_SERVER=32931, STANDALONE=33217], networkLocation: /default-rack, certSerialId: null, persistedOpState: IN_SERVICE, persistedOpStateExpiryEpochSec: 0}, ReplicationConfig: RATIS/ONE, State:ALLOCATED, leaderId:, CreationTimestamp2022-06-16T16:20:26.476Z[Etc/UTC]].
2022-06-16 16:20:26,476 [RatisPipelineUtilsThread - 0] INFO  pipeline.RatisPipelineProvider (RatisPipelineProvider.java:lambda$create$0(195)) - Sending CreatePipelineCommand for pipeline:PipelineID=fbef6c51-3433-4c29-b302-dcaa11744dda to datanode:6087f466-757b-41fa-a219-681e056adf4c
2022-06-16 16:20:26,476 [RatisPipelineUtilsThread - 0] INFO  pipeline.RatisPipelineProvider (RatisPipelineProvider.java:lambda$create$0(195)) - Sending CreatePipelineCommand for pipeline:PipelineID=fbef6c51-3433-4c29-b302-dcaa11744dda to datanode:835188e7-dd17-483f-9194-07b8bd68eba8
2022-06-16 16:20:26,476 [RatisPipelineUtilsThread - 0] INFO  pipeline.RatisPipelineProvider (RatisPipelineProvider.java:lambda$create$0(195)) - Sending CreatePipelineCommand for pipeline:PipelineID=fbef6c51-3433-4c29-b302-dcaa11744dda to datanode:dd1ed5e2-20b8-410c-8deb-f61f3310736b
2022-06-16 16:20:26,477 [RatisPipelineUtilsThread - 0] INFO  pipeline.PipelineStateManagerImpl (PipelineStateManagerImpl.java:addPipeline(101)) - Created pipeline Pipeline[ Id: fbef6c51-3433-4c29-b302-dcaa11744dda, Nodes: 6087f466-757b-41fa-a219-681e056adf4c{ip: 10.1.0.16, host: fv-az37-268.zqe2tmcsx5vuvjs3sdc4q2yfud.gx.internal.cloudapp.net, ports: [REPLICATION=44937, RATIS=40815, RATIS_ADMIN=40815, RATIS_SERVER=40815, STANDALONE=42019], networkLocation: /default-rack, certSerialId: null, persistedOpState: IN_SERVICE, persistedOpStateExpiryEpochSec: 0}835188e7-dd17-483f-9194-07b8bd68eba8{ip: 10.1.0.16, host: fv-az37-268.zqe2tmcsx5vuvjs3sdc4q2yfud.gx.internal.cloudapp.net, ports: [REPLICATION=46857, RATIS=32931, RATIS_ADMIN=32931, RATIS_SERVER=32931, STANDALONE=33217], networkLocation: /default-rack, certSerialId: null, persistedOpState: IN_SERVICE, persistedOpStateExpiryEpochSec: 0}dd1ed5e2-20b8-410c-8deb-f61f3310736b{ip: 10.1.0.16, host: fv-az37-268.zqe2tmcsx5vuvjs3sdc4q2yfud.gx.internal.cloudapp.net, ports: [REPLICATION=33173, RATIS=35117, RATIS_ADMIN=35117, RATIS_SERVER=35117, STANDALONE=42643], networkLocation: /default-rack, certSerialId: null, persistedOpState: IN_SERVICE, persistedOpStateExpiryEpochSec: 0}, ReplicationConfig: RATIS/THREE, State:ALLOCATED, leaderId:, CreationTimestamp2022-06-16T16:20:26.476Z[Etc/UTC]].
2022-06-16 16:20:26,477 [RatisPipelineUtilsThread - 0] INFO  pipeline.RatisPipelineProvider (RatisPipelineProvider.java:lambda$create$0(195)) - Sending CreatePipelineCommand for pipeline:PipelineID=cfabed13-019d-4b2c-b9ff-e38c3f955305 to datanode:dd1ed5e2-20b8-410c-8deb-f61f3310736b
2022-06-16 16:20:26,477 [RatisPipelineUtilsThread - 0] INFO  pipeline.RatisPipelineProvider (RatisPipelineProvider.java:lambda$create$0(195)) - Sending CreatePipelineCommand for pipeline:PipelineID=cfabed13-019d-4b2c-b9ff-e38c3f955305 to datanode:6087f466-757b-41fa-a219-681e056adf4c
2022-06-16 16:20:26,477 [RatisPipelineUtilsThread - 0] INFO  pipeline.RatisPipelineProvider (RatisPipelineProvider.java:lambda$create$0(195)) - Sending CreatePipelineCommand for pipeline:PipelineID=cfabed13-019d-4b2c-b9ff-e38c3f955305 to datanode:835188e7-dd17-483f-9194-07b8bd68eba8
2022-06-16 16:20:26,477 [RatisPipelineUtilsThread - 0] INFO  pipeline.PipelineStateManagerImpl (PipelineStateManagerImpl.java:addPipeline(101)) - Created pipeline Pipeline[ Id: cfabed13-019d-4b2c-b9ff-e38c3f955305, Nodes: dd1ed5e2-20b8-410c-8deb-f61f3310736b{ip: 10.1.0.16, host: fv-az37-268.zqe2tmcsx5vuvjs3sdc4q2yfud.gx.internal.cloudapp.net, ports: [REPLICATION=33173, RATIS=35117, RATIS_ADMIN=35117, RATIS_SERVER=35117, STANDALONE=42643], networkLocation: /default-rack, certSerialId: null, persistedOpState: IN_SERVICE, persistedOpStateExpiryEpochSec: 0}6087f466-757b-41fa-a219-681e056adf4c{ip: 10.1.0.16, host: fv-az37-268.zqe2tmcsx5vuvjs3sdc4q2yfud.gx.internal.cloudapp.net, ports: [REPLICATION=44937, RATIS=40815, RATIS_ADMIN=40815, RATIS_SERVER=40815, STANDALONE=42019], networkLocation: /default-rack, certSerialId: null, persistedOpState: IN_SERVICE, persistedOpStateExpiryEpochSec: 0}835188e7-dd17-483f-9194-07b8bd68eba8{ip: 10.1.0.16, host: fv-az37-268.zqe2tmcsx5vuvjs3sdc4q2yfud.gx.internal.cloudapp.net, ports: [REPLICATION=46857, RATIS=32931, RATIS_ADMIN=32931, RATIS_SERVER=32931, STANDALONE=33217], networkLocation: /default-rack, certSerialId: null, persistedOpState: IN_SERVICE, persistedOpStateExpiryEpochSec: 0}, ReplicationConfig: RATIS/THREE, State:ALLOCATED, leaderId:, CreationTimestamp2022-06-16T16:20:26.477Z[Etc/UTC]].
2022-06-16 16:20:26,477 [RatisPipelineUtilsThread - 0] INFO  pipeline.PipelineManagerImpl (PipelineManagerImpl.java:recordMetricsForPipeline(715)) - Pipeline: PipelineID=cfabed13-019d-4b2c-b9ff-e38c3f955305 contains same datanodes as previous pipelines: PipelineID=fbef6c51-3433-4c29-b302-dcaa11744dda nodeIds: dd1ed5e2-20b8-410c-8deb-f61f3310736b, 6087f466-757b-41fa-a219-681e056adf4c, 835188e7-dd17-483f-9194-07b8bd68eba8
2022-06-16 16:20:26,625 [EndpointStateMachine task thread for /0.0.0.0:33779 - 0 ] INFO  volume.HddsVolume (HddsVolume.java:createDbStore(309)) - SchemaV3 db is created and loaded at /home/runner/work/ozone/ozone/hadoop-ozone/integration-test/target/test-dir/MiniOzoneClusterImpl-98dd81b9-deed-4f2d-abd5-65bd0f491ac9/datanode-4/data-0/containers/hdds/98dd81b9-deed-4f2d-abd5-65bd0f491ac9/DS-d77d3176-ae67-41f9-b37e-dbd942002fe7/container.db for volume DS-d77d3176-ae67-41f9-b37e-dbd942002fe7
2022-06-16 16:20:26,626 [EndpointStateMachine task thread for /0.0.0.0:33779 - 0 ] INFO  volume.HddsVolume (HddsVolume.java:closeDbStore(340)) - SchemaV3 db is stopped at /home/runner/work/ozone/ozone/hadoop-ozone/integration-test/target/test-dir/MiniOzoneClusterImpl-98dd81b9-deed-4f2d-abd5-65bd0f491ac9/datanode-4/data-0/containers/hdds/98dd81b9-deed-4f2d-abd5-65bd0f491ac9/DS-d77d3176-ae67-41f9-b37e-dbd942002fe7/container.db for volume DS-d77d3176-ae67-41f9-b37e-dbd942002fe7
2022-06-16 16:20:26,626 [EndpointStateMachine task thread for /0.0.0.0:33779 - 0 ] INFO  ozoneimpl.OzoneContainer (OzoneContainer.java:start(344)) - Attempting to start container services.
2022-06-16 16:20:26,626 [EndpointStateMachine task thread for /0.0.0.0:33779 - 0 ] INFO  ozoneimpl.OzoneContainer (OzoneContainer.java:startContainerScrub(279)) - Background container scanner has been disabled.
2022-06-16 16:20:26,637 [EndpointStateMachine task thread for /0.0.0.0:33779 - 0 ] INFO  replication.ReplicationServer (ReplicationServer.java:start(111)) - ReplicationServer is started using port 35307
2022-06-16 16:20:26,638 [EndpointStateMachine task thread for /0.0.0.0:33779 - 0 ] INFO  ratis.XceiverServerRatis (XceiverServerRatis.java:start(481)) - Starting XceiverServerRatis 30012c60-01cb-4fb6-b713-b802941d6cc3
2022-06-16 16:20:26,642 [EndpointStateMachine task thread for /0.0.0.0:33779 - 0 ] INFO  server.RaftServer (RaftServerProxy.java:lambda$start$6(382)) - 30012c60-01cb-4fb6-b713-b802941d6cc3: start RPC server
2022-06-16 16:20:26,674 [EndpointStateMachine task thread for /0.0.0.0:33779 - 0 ] INFO  server.GrpcService (GrpcService.java:startImpl(260)) - 30012c60-01cb-4fb6-b713-b802941d6cc3: GrpcService started, listening on 41553
2022-06-16 16:20:26,674 [EndpointStateMachine task thread for /0.0.0.0:33779 - 0 ] INFO  ratis.XceiverServerRatis (XceiverServerRatis.java:getRealPort(502)) - XceiverServerRatis 30012c60-01cb-4fb6-b713-b802941d6cc3 is started using port 41553 for RATIS
2022-06-16 16:20:26,674 [EndpointStateMachine task thread for /0.0.0.0:33779 - 0 ] INFO  ratis.XceiverServerRatis (XceiverServerRatis.java:getRealPort(502)) - XceiverServerRatis 30012c60-01cb-4fb6-b713-b802941d6cc3 is started using port 41553 for RATIS_ADMIN
2022-06-16 16:20:26,674 [EndpointStateMachine task thread for /0.0.0.0:33779 - 0 ] INFO  ratis.XceiverServerRatis (XceiverServerRatis.java:getRealPort(502)) - XceiverServerRatis 30012c60-01cb-4fb6-b713-b802941d6cc3 is started using port 41553 for RATIS_SERVER
2022-06-16 16:20:26,674 [org.apache.ratis.util.JvmPauseMonitor$$Lambda$611/1702991963@b81d3e9] INFO  util.JvmPauseMonitor (JvmPauseMonitor.java:run(103)) - JvmPauseMonitor-30012c60-01cb-4fb6-b713-b802941d6cc3: Started
2022-06-16 16:20:26,703 [EndpointStateMachine task thread for /0.0.0.0:33779 - 0 ] INFO  server.XceiverServerGrpc (XceiverServerGrpc.java:start(180)) - XceiverServerGrpc 30012c60-01cb-4fb6-b713-b802941d6cc3 is started using port 45329
2022-06-16 16:20:27,056 [Command processor thread] INFO  server.RaftServer (RaftServerProxy.java:addNew(96)) - dd1ed5e2-20b8-410c-8deb-f61f3310736b: addNew group-C28A9427546F:[dd1ed5e2-20b8-410c-8deb-f61f3310736b|rpc:10.1.0.16:35117|priority:1] returns group-C28A9427546F:java.util.concurrent.CompletableFuture@5d797b5a[Not completed]
2022-06-16 16:20:27,088 [pool-559-thread-1] INFO  server.RaftServer$Division (RaftServerImpl.java:<init>(190)) - dd1ed5e2-20b8-410c-8deb-f61f3310736b: new RaftServerImpl for group-C28A9427546F:[dd1ed5e2-20b8-410c-8deb-f61f3310736b|rpc:10.1.0.16:35117|priority:1] with ContainerStateMachine:uninitialized
2022-06-16 16:20:27,088 [pool-559-thread-1] INFO  server.RaftServerConfigKeys (ConfUtils.java:logGet(46)) - raft.server.rpc.timeout.min = 5s (custom)
2022-06-16 16:20:27,088 [pool-559-thread-1] INFO  server.RaftServerConfigKeys (ConfUtils.java:logGet(46)) - raft.server.rpc.timeout.max = 5200ms (custom)
2022-06-16 16:20:27,088 [pool-559-thread-1] INFO  server.RaftServerConfigKeys (ConfUtils.java:logGet(46)) - raft.server.rpc.sleep.time = 25ms (default)
2022-06-16 16:20:27,088 [pool-559-thread-1] INFO  server.RaftServerConfigKeys (ConfUtils.java:logGet(46)) - raft.server.rpc.slowness.timeout = 300s (custom)
2022-06-16 16:20:27,088 [pool-559-thread-1] INFO  server.RaftServerConfigKeys (ConfUtils.java:logGet(46)) - raft.server.leaderelection.leader.step-down.wait-time = 10s (default)
2022-06-16 16:20:27,088 [pool-559-thread-1] INFO  server.RaftServerConfigKeys (ConfUtils.java:logGet(46)) - raft.server.sleep.deviation.threshold = 300ms (default)
2022-06-16 16:20:27,088 [pool-559-thread-1] INFO  server.RaftServer$Division (ServerState.java:<init>(107)) - dd1ed5e2-20b8-410c-8deb-f61f3310736b@group-C28A9427546F: ConfigurationManager, init=-1: [dd1ed5e2-20b8-410c-8deb-f61f3310736b|rpc:10.1.0.16:35117|priority:1], old=null, confs=<EMPTY_MAP>
2022-06-16 16:20:27,088 [pool-559-thread-1] INFO  server.RaftServerConfigKeys (ConfUtils.java:logGet(46)) - raft.server.storage.dir = [/home/runner/work/ozone/ozone/hadoop-ozone/integration-test/target/test-dir/MiniOzoneClusterImpl-98dd81b9-deed-4f2d-abd5-65bd0f491ac9/datanode-0/data/ratis] (custom)
2022-06-16 16:20:27,088 [pool-559-thread-1] INFO  server.RaftServerConfigKeys (ConfUtils.java:logGet(46)) - raft.server.log.corruption.policy = EXCEPTION (default)
2022-06-16 16:20:27,088 [pool-559-thread-1] INFO  server.RaftServerConfigKeys (ConfUtils.java:logGet(46)) - raft.server.storage.free-space.min = 0MB (=0) (default)
2022-06-16 16:20:27,089 [pool-559-thread-1] INFO  storage.RaftStorageDirectory (RaftStorageDirectoryImpl.java:analyzeStorage(135)) - The storage directory /home/runner/work/ozone/ozone/hadoop-ozone/integration-test/target/test-dir/MiniOzoneClusterImpl-98dd81b9-deed-4f2d-abd5-65bd0f491ac9/datanode-0/data/ratis/178f83f9-63c6-4f99-93eb-c28a9427546f does not exist. Creating ...
2022-06-16 16:20:27,098 [pool-559-thread-1] INFO  storage.RaftStorageDirectory (RaftStorageDirectoryImpl.java:tryLock(230)) - Lock on /home/runner/work/ozone/ozone/hadoop-ozone/integration-test/target/test-dir/MiniOzoneClusterImpl-98dd81b9-deed-4f2d-abd5-65bd0f491ac9/datanode-0/data/ratis/178f83f9-63c6-4f99-93eb-c28a9427546f/in_use.lock acquired by nodename 3861@fv-az37-268
2022-06-16 16:20:27,131 [pool-559-thread-1] INFO  storage.RaftStorage (RaftStorageImpl.java:format(89)) - Storage directory /home/runner/work/ozone/ozone/hadoop-ozone/integration-test/target/test-dir/MiniOzoneClusterImpl-98dd81b9-deed-4f2d-abd5-65bd0f491ac9/datanode-0/data/ratis/178f83f9-63c6-4f99-93eb-c28a9427546f has been successfully formatted.
2022-06-16 16:20:27,134 [pool-559-thread-1] INFO  ratis.ContainerStateMachine (ContainerStateMachine.java:loadSnapshot(236)) - group-C28A9427546F: The snapshot info is null. Setting the last applied indexto:(t:0, i:~)
2022-06-16 16:20:27,134 [pool-559-thread-1] INFO  server.RaftServerConfigKeys (ConfUtils.java:logGet(46)) - raft.server.notification.no-leader.timeout = 300s (custom)
2022-06-16 16:20:27,134 [pool-559-thread-1] INFO  server.RaftServerConfigKeys (ConfUtils.java:logGet(46)) - raft.server.log.use.memory = false (default)
2022-06-16 16:20:27,134 [pool-559-thread-1] INFO  server.RaftServerConfigKeys (ConfUtils.java:logGet(46)) - raft.server.log.purge.gap = 1000000 (custom)
2022-06-16 16:20:27,134 [pool-559-thread-1] INFO  server.RaftServerConfigKeys (ConfUtils.java:logGet(46)) - raft.server.log.appender.buffer.byte-limit = 33554432 (custom)
2022-06-16 16:20:27,134 [pool-559-thread-1] INFO  server.RaftServerConfigKeys (ConfUtils.java:logGet(46)) - raft.server.log.statemachine.data.read.timeout = 1000ms (default)
2022-06-16 16:20:27,134 [pool-559-thread-1] INFO  server.RaftServerConfigKeys (ConfUtils.java:logGet(46)) - raft.server.log.segment.size.max = 1048576 (custom)
2022-06-16 16:20:27,135 [pool-559-thread-1] INFO  server.RaftServerConfigKeys (ConfUtils.java:logGet(46)) - raft.server.log.segment.cache.num.max = 2 (custom)
2022-06-16 16:20:27,135 [pool-559-thread-1] INFO  server.RaftServerConfigKeys (ConfUtils.java:logGet(46)) - raft.server.log.segment.cache.size.max = 200MB (=209715200) (default)
2022-06-16 16:20:27,135 [pool-559-thread-1] INFO  segmented.SegmentedRaftLogWorker (SegmentedRaftLogWorker.java:<init>(187)) - new dd1ed5e2-20b8-410c-8deb-f61f3310736b@group-C28A9427546F-SegmentedRaftLogWorker for RaftStorageImpl:Storage Directory /home/runner/work/ozone/ozone/hadoop-ozone/integration-test/target/test-dir/MiniOzoneClusterImpl-98dd81b9-deed-4f2d-abd5-65bd0f491ac9/datanode-0/data/ratis/178f83f9-63c6-4f99-93eb-c28a9427546f
2022-06-16 16:20:27,135 [pool-559-thread-1] INFO  server.RaftServerConfigKeys (ConfUtils.java:logGet(46)) - raft.server.log.queue.byte-limit = 4294967296 (custom)
2022-06-16 16:20:27,135 [pool-559-thread-1] INFO  server.RaftServerConfigKeys (ConfUtils.java:logGet(46)) - raft.server.log.queue.element-limit = 1024 (custom)
2022-06-16 16:20:27,135 [pool-559-thread-1] INFO  server.RaftServerConfigKeys (ConfUtils.java:logGet(46)) - raft.server.log.segment.size.max = 1048576 (custom)
2022-06-16 16:20:27,135 [pool-559-thread-1] INFO  server.RaftServerConfigKeys (ConfUtils.java:logGet(46)) - raft.server.log.preallocated.size = 16384 (custom)
2022-06-16 16:20:27,135 [pool-559-thread-1] INFO  server.RaftServerConfigKeys (ConfUtils.java:logGet(46)) - raft.server.log.force.sync.num = 128 (default)
2022-06-16 16:20:27,135 [pool-559-thread-1] INFO  server.RaftServerConfigKeys (ConfUtils.java:logGet(46)) - raft.server.log.statemachine.data.sync = true (default)
2022-06-16 16:20:27,135 [pool-559-thread-1] INFO  server.RaftServerConfigKeys (ConfUtils.java:logGet(46)) - raft.server.log.statemachine.data.sync.timeout = 10s (default)
2022-06-16 16:20:27,135 [pool-559-thread-1] INFO  server.RaftServerConfigKeys (ConfUtils.java:logGet(46)) - raft.server.log.statemachine.data.sync.timeout.retry = -1 (default)
2022-06-16 16:20:27,136 [pool-559-thread-1] INFO  server.RaftServerConfigKeys (ConfUtils.java:logGet(46)) - raft.server.log.write.buffer.size = 1048576 (custom)
2022-06-16 16:20:27,136 [pool-559-thread-1] INFO  server.RaftServerConfigKeys (ConfUtils.java:logGet(46)) - raft.server.log.unsafe-flush.enabled = false (default)
2022-06-16 16:20:27,136 [pool-559-thread-1] INFO  server.RaftServerConfigKeys (ConfUtils.java:logGet(46)) - raft.server.log.statemachine.data.caching.enabled = true (custom)
2022-06-16 16:20:27,136 [pool-559-thread-1] INFO  segmented.SegmentedRaftLogWorker (SegmentedRaftLogWorker.java:lambda$new$0(135)) - dd1ed5e2-20b8-410c-8deb-f61f3310736b@group-C28A9427546F-SegmentedRaftLogWorker: flushIndex: setUnconditionally 0 -> -1
2022-06-16 16:20:27,136 [pool-559-thread-1] INFO  segmented.SegmentedRaftLogWorker (SegmentedRaftLogWorker.java:lambda$new$0(135)) - dd1ed5e2-20b8-410c-8deb-f61f3310736b@group-C28A9427546F-SegmentedRaftLogWorker: safeCacheEvictIndex: setUnconditionally 0 -> -1
2022-06-16 16:20:27,143 [EventQueue-PipelineReportForPipelineReportHandler] INFO  pipeline.PipelineManagerImpl (PipelineManagerImpl.java:openPipeline(356)) - Pipeline Pipeline[ Id: 178f83f9-63c6-4f99-93eb-c28a9427546f, Nodes: dd1ed5e2-20b8-410c-8deb-f61f3310736b{ip: 10.1.0.16, host: fv-az37-268.zqe2tmcsx5vuvjs3sdc4q2yfud.gx.internal.cloudapp.net, ports: [REPLICATION=33173, RATIS=35117, RATIS_ADMIN=35117, RATIS_SERVER=35117, STANDALONE=42643], networkLocation: /default-rack, certSerialId: null, persistedOpState: IN_SERVICE, persistedOpStateExpiryEpochSec: 0}, ReplicationConfig: RATIS/ONE, State:ALLOCATED, leaderId:dd1ed5e2-20b8-410c-8deb-f61f3310736b, CreationTimestamp2022-06-16T16:20:24.095Z[Etc/UTC]] moved to OPEN state
2022-06-16 16:20:27,153 [pool-559-thread-1] INFO  server.RaftServerConfigKeys (ConfUtils.java:logGet(46)) - raft.server.snapshot.auto.trigger.enabled = true (custom)
2022-06-16 16:20:27,153 [pool-559-thread-1] INFO  server.RaftServerConfigKeys (ConfUtils.java:logGet(46)) - raft.server.snapshot.auto.trigger.threshold = 10000 (custom)
2022-06-16 16:20:27,153 [pool-559-thread-1] INFO  server.RaftServerConfigKeys (ConfUtils.java:logGet(46)) - raft.server.snapshot.retention.file.num = 5 (custom)
2022-06-16 16:20:27,153 [pool-559-thread-1] INFO  server.RaftServerConfigKeys (ConfUtils.java:logGet(46)) - raft.server.log.purge.upto.snapshot.index = false (default)
2022-06-16 16:20:27,154 [pool-559-thread-1] INFO  server.RaftServerConfigKeys (ConfUtils.java:logGet(46)) - raft.server.retrycache.expirytime = 600000ms (custom)
2022-06-16 16:20:27,154 [pool-559-thread-1] INFO  server.RaftServerConfigKeys (ConfUtils.java:logGet(46)) - raft.server.retrycache.statistics.expirytime = 100μs (default)
2022-06-16 16:20:27,155 [pool-559-thread-1] INFO  server.RaftServerConfigKeys (ConfUtils.java:logGet(46)) - raft.server.log.appender.install.snapshot.enabled = false (custom)
2022-06-16 16:20:27,155 [pool-559-thread-1] INFO  server.RaftServerConfigKeys (ConfUtils.java:logGet(46)) - raft.server.threadpool.server.cached = true (default)
2022-06-16 16:20:27,155 [pool-559-thread-1] INFO  server.RaftServerConfigKeys (ConfUtils.java:logGet(46)) - raft.server.threadpool.server.size = 0 (default)
2022-06-16 16:20:27,155 [pool-559-thread-1] INFO  server.RaftServerConfigKeys (ConfUtils.java:logGet(46)) - raft.server.threadpool.client.cached = true (default)
2022-06-16 16:20:27,155 [pool-559-thread-1] INFO  server.RaftServerConfigKeys (ConfUtils.java:logGet(46)) - raft.server.threadpool.client.size = 0 (default)
2022-06-16 16:20:27,155 [pool-559-thread-1] INFO  server.RaftServer$Division (RaftServerImpl.java:start(310)) - dd1ed5e2-20b8-410c-8deb-f61f3310736b@group-C28A9427546F: start as a follower, conf=-1: [dd1ed5e2-20b8-410c-8deb-f61f3310736b|rpc:10.1.0.16:35117|priority:1], old=null
2022-06-16 16:20:27,155 [pool-559-thread-1] INFO  server.RaftServer$Division (RaftServerImpl.java:setRole(299)) - dd1ed5e2-20b8-410c-8deb-f61f3310736b@group-C28A9427546F: changes role from      null to FOLLOWER at term 0 for startAsFollower
2022-06-16 16:20:27,155 [pool-559-thread-1] INFO  impl.RoleInfo (RoleInfo.java:updateAndGet(139)) - dd1ed5e2-20b8-410c-8deb-f61f3310736b: start dd1ed5e2-20b8-410c-8deb-f61f3310736b@group-C28A9427546F-FollowerState
2022-06-16 16:20:27,158 [pool-559-thread-1] INFO  util.JmxRegister (JmxRegister.java:tryRegister(44)) - Successfully registered JMX Bean with object name Ratis:service=RaftServer,group=group-C28A9427546F,id=dd1ed5e2-20b8-410c-8deb-f61f3310736b
2022-06-16 16:20:27,170 [Command processor thread] INFO  ratis.XceiverServerRatis (XceiverServerRatis.java:addGroup(765)) - Created group PipelineID=178f83f9-63c6-4f99-93eb-c28a9427546f
2022-06-16 16:20:27,170 [Command processor thread] INFO  commandhandler.CreatePipelineCommandHandler (CreatePipelineCommandHandler.java:handle(113)) - Created Pipeline RATIS ONE PipelineID=178f83f9-63c6-4f99-93eb-c28a9427546f.
2022-06-16 16:20:27,170 [Command processor thread] INFO  server.RaftServer (RaftServerProxy.java:addNew(96)) - dd1ed5e2-20b8-410c-8deb-f61f3310736b: addNew group-DCAA11744DDA:[6087f466-757b-41fa-a219-681e056adf4c|rpc:10.1.0.16:40815|priority:1, dd1ed5e2-20b8-410c-8deb-f61f3310736b|rpc:10.1.0.16:35117|priority:0, 835188e7-dd17-483f-9194-07b8bd68eba8|rpc:10.1.0.16:32931|priority:0] returns group-DCAA11744DDA:java.util.concurrent.CompletableFuture@5946e42d[Not completed]
2022-06-16 16:20:27,171 [pool-559-thread-1] INFO  server.RaftServer$Division (RaftServerImpl.java:<init>(190)) - dd1ed5e2-20b8-410c-8deb-f61f3310736b: new RaftServerImpl for group-DCAA11744DDA:[6087f466-757b-41fa-a219-681e056adf4c|rpc:10.1.0.16:40815|priority:1, dd1ed5e2-20b8-410c-8deb-f61f3310736b|rpc:10.1.0.16:35117|priority:0, 835188e7-dd17-483f-9194-07b8bd68eba8|rpc:10.1.0.16:32931|priority:0] with ContainerStateMachine:uninitialized
2022-06-16 16:20:27,171 [pool-559-thread-1] INFO  server.RaftServerConfigKeys (ConfUtils.java:logGet(46)) - raft.server.rpc.timeout.min = 5s (custom)
2022-06-16 16:20:27,171 [pool-559-thread-1] INFO  server.RaftServerConfigKeys (ConfUtils.java:logGet(46)) - raft.server.rpc.timeout.max = 5200ms (custom)
2022-06-16 16:20:27,171 [pool-559-thread-1] INFO  server.RaftServerConfigKeys (ConfUtils.java:logGet(46)) - raft.server.rpc.sleep.time = 25ms (default)
2022-06-16 16:20:27,171 [pool-559-thread-1] INFO  server.RaftServerConfigKeys (ConfUtils.java:logGet(46)) - raft.server.rpc.slowness.timeout = 300s (custom)
2022-06-16 16:20:27,171 [pool-559-thread-1] INFO  server.RaftServerConfigKeys (ConfUtils.java:logGet(46)) - raft.server.leaderelection.leader.step-down.wait-time = 10s (default)
2022-06-16 16:20:27,171 [pool-559-thread-1] INFO  server.RaftServerConfigKeys (ConfUtils.java:logGet(46)) - raft.server.sleep.deviation.threshold = 300ms (default)
2022-06-16 16:20:27,171 [pool-559-thread-1] INFO  server.RaftServer$Division (ServerState.java:<init>(107)) - dd1ed5e2-20b8-410c-8deb-f61f3310736b@group-DCAA11744DDA: ConfigurationManager, init=-1: [6087f466-757b-41fa-a219-681e056adf4c|rpc:10.1.0.16:40815|priority:1, dd1ed5e2-20b8-410c-8deb-f61f3310736b|rpc:10.1.0.16:35117|priority:0, 835188e7-dd17-483f-9194-07b8bd68eba8|rpc:10.1.0.16:32931|priority:0], old=null, confs=<EMPTY_MAP>
2022-06-16 16:20:27,171 [pool-559-thread-1] INFO  server.RaftServerConfigKeys (ConfUtils.java:logGet(46)) - raft.server.storage.dir = [/home/runner/work/ozone/ozone/hadoop-ozone/integration-test/target/test-dir/MiniOzoneClusterImpl-98dd81b9-deed-4f2d-abd5-65bd0f491ac9/datanode-0/data/ratis] (custom)
2022-06-16 16:20:27,171 [pool-559-thread-1] INFO  server.RaftServerConfigKeys (ConfUtils.java:logGet(46)) - raft.server.log.corruption.policy = EXCEPTION (default)
2022-06-16 16:20:27,171 [pool-559-thread-1] INFO  server.RaftServerConfigKeys (ConfUtils.java:logGet(46)) - raft.server.storage.free-space.min = 0MB (=0) (default)
2022-06-16 16:20:27,171 [pool-559-thread-1] INFO  storage.RaftStorageDirectory (RaftStorageDirectoryImpl.java:analyzeStorage(135)) - The storage directory /home/runner/work/ozone/ozone/hadoop-ozone/integration-test/target/test-dir/MiniOzoneClusterImpl-98dd81b9-deed-4f2d-abd5-65bd0f491ac9/datanode-0/data/ratis/fbef6c51-3433-4c29-b302-dcaa11744dda does not exist. Creating ...
2022-06-16 16:20:27,185 [pool-559-thread-1] INFO  storage.RaftStorageDirectory (RaftStorageDirectoryImpl.java:tryLock(230)) - Lock on /home/runner/work/ozone/ozone/hadoop-ozone/integration-test/target/test-dir/MiniOzoneClusterImpl-98dd81b9-deed-4f2d-abd5-65bd0f491ac9/datanode-0/data/ratis/fbef6c51-3433-4c29-b302-dcaa11744dda/in_use.lock acquired by nodename 3861@fv-az37-268
2022-06-16 16:20:27,186 [pool-559-thread-1] INFO  storage.RaftStorage (RaftStorageImpl.java:format(89)) - Storage directory /home/runner/work/ozone/ozone/hadoop-ozone/integration-test/target/test-dir/MiniOzoneClusterImpl-98dd81b9-deed-4f2d-abd5-65bd0f491ac9/datanode-0/data/ratis/fbef6c51-3433-4c29-b302-dcaa11744dda has been successfully formatted.
2022-06-16 16:20:27,234 [pool-559-thread-1] INFO  ratis.ContainerStateMachine (ContainerStateMachine.java:loadSnapshot(236)) - group-DCAA11744DDA: The snapshot info is null. Setting the last applied indexto:(t:0, i:~)
2022-06-16 16:20:27,234 [EventQueue-OpenPipelineForHealthyPipelineSafeModeRule] INFO  safemode.SCMSafeModeManager (HealthyPipelineSafeModeRule.java:process(124)) - SCM in safe mode. Healthy pipelines reported count is 0, required healthy pipeline reported count is 1
2022-06-16 16:20:27,242 [pool-559-thread-1] INFO  server.RaftServerConfigKeys (ConfUtils.java:logGet(46)) - raft.server.notification.no-leader.timeout = 300s (custom)
2022-06-16 16:20:27,242 [pool-559-thread-1] INFO  server.RaftServerConfigKeys (ConfUtils.java:logGet(46)) - raft.server.log.use.memory = false (default)
2022-06-16 16:20:27,242 [pool-559-thread-1] INFO  server.RaftServerConfigKeys (ConfUtils.java:logGet(46)) - raft.server.log.purge.gap = 1000000 (custom)
2022-06-16 16:20:27,242 [pool-559-thread-1] INFO  server.RaftServerConfigKeys (ConfUtils.java:logGet(46)) - raft.server.log.appender.buffer.byte-limit = 33554432 (custom)
2022-06-16 16:20:27,242 [pool-559-thread-1] INFO  server.RaftServerConfigKeys (ConfUtils.java:logGet(46)) - raft.server.log.statemachine.data.read.timeout = 1000ms (default)
2022-06-16 16:20:27,242 [pool-559-thread-1] INFO  server.RaftServerConfigKeys (ConfUtils.java:logGet(46)) - raft.server.log.segment.size.max = 1048576 (custom)
2022-06-16 16:20:27,242 [pool-559-thread-1] INFO  server.RaftServerConfigKeys (ConfUtils.java:logGet(46)) - raft.server.log.segment.cache.num.max = 2 (custom)
2022-06-16 16:20:27,243 [pool-559-thread-1] INFO  server.RaftServerConfigKeys (ConfUtils.java:logGet(46)) - raft.server.log.segment.cache.size.max = 200MB (=209715200) (default)
2022-06-16 16:20:27,243 [pool-559-thread-1] INFO  segmented.SegmentedRaftLogWorker (SegmentedRaftLogWorker.java:<init>(187)) - new dd1ed5e2-20b8-410c-8deb-f61f3310736b@group-DCAA11744DDA-SegmentedRaftLogWorker for RaftStorageImpl:Storage Directory /home/runner/work/ozone/ozone/hadoop-ozone/integration-test/target/test-dir/MiniOzoneClusterImpl-98dd81b9-deed-4f2d-abd5-65bd0f491ac9/datanode-0/data/ratis/fbef6c51-3433-4c29-b302-dcaa11744dda
2022-06-16 16:20:27,243 [pool-559-thread-1] INFO  server.RaftServerConfigKeys (ConfUtils.java:logGet(46)) - raft.server.log.queue.byte-limit = 4294967296 (custom)
2022-06-16 16:20:27,243 [pool-559-thread-1] INFO  server.RaftServerConfigKeys (ConfUtils.java:logGet(46)) - raft.server.log.queue.element-limit = 1024 (custom)
2022-06-16 16:20:27,243 [pool-559-thread-1] INFO  server.RaftServerConfigKeys (ConfUtils.java:logGet(46)) - raft.server.log.segment.size.max = 1048576 (custom)
2022-06-16 16:20:27,243 [pool-559-thread-1] INFO  server.RaftServerConfigKeys (ConfUtils.java:logGet(46)) - raft.server.log.preallocated.size = 16384 (custom)
2022-06-16 16:20:27,243 [pool-559-thread-1] INFO  server.RaftServerConfigKeys (ConfUtils.java:logGet(46)) - raft.server.log.force.sync.num = 128 (default)
2022-06-16 16:20:27,243 [pool-559-thread-1] INFO  server.RaftServerConfigKeys (ConfUtils.java:logGet(46)) - raft.server.log.statemachine.data.sync = true (default)
2022-06-16 16:20:27,243 [pool-559-thread-1] INFO  server.RaftServerConfigKeys (ConfUtils.java:logGet(46)) - raft.server.log.statemachine.data.sync.timeout = 10s (default)
2022-06-16 16:20:27,243 [pool-559-thread-1] INFO  server.RaftServerConfigKeys (ConfUtils.java:logGet(46)) - raft.server.log.statemachine.data.sync.timeout.retry = -1 (default)
2022-06-16 16:20:27,244 [pool-559-thread-1] INFO  server.RaftServerConfigKeys (ConfUtils.java:logGet(46)) - raft.server.log.write.buffer.size = 1048576 (custom)
2022-06-16 16:20:27,244 [pool-559-thread-1] INFO  server.RaftServerConfigKeys (ConfUtils.java:logGet(46)) - raft.server.log.unsafe-flush.enabled = false (default)
2022-06-16 16:20:27,244 [pool-559-thread-1] INFO  server.RaftServerConfigKeys (ConfUtils.java:logGet(46)) - raft.server.log.statemachine.data.caching.enabled = true (custom)
2022-06-16 16:20:27,244 [pool-559-thread-1] INFO  segmented.SegmentedRaftLogWorker (SegmentedRaftLogWorker.java:lambda$new$0(135)) - dd1ed5e2-20b8-410c-8deb-f61f3310736b@group-DCAA11744DDA-SegmentedRaftLogWorker: flushIndex: setUnconditionally 0 -> -1
2022-06-16 16:20:27,244 [pool-559-thread-1] INFO  segmented.SegmentedRaftLogWorker (SegmentedRaftLogWorker.java:lambda$new$0(135)) - dd1ed5e2-20b8-410c-8deb-f61f3310736b@group-DCAA11744DDA-SegmentedRaftLogWorker: safeCacheEvictIndex: setUnconditionally 0 -> -1
2022-06-16 16:20:27,286 [pool-559-thread-1] INFO  server.RaftServerConfigKeys (ConfUtils.java:logGet(46)) - raft.server.snapshot.auto.trigger.enabled = true (custom)
2022-06-16 16:20:27,286 [pool-559-thread-1] INFO  server.RaftServerConfigKeys (ConfUtils.java:logGet(46)) - raft.server.snapshot.auto.trigger.threshold = 10000 (custom)
2022-06-16 16:20:27,286 [pool-559-thread-1] INFO  server.RaftServerConfigKeys (ConfUtils.java:logGet(46)) - raft.server.snapshot.retention.file.num = 5 (custom)
2022-06-16 16:20:27,286 [pool-559-thread-1] INFO  server.RaftServerConfigKeys (ConfUtils.java:logGet(46)) - raft.server.log.purge.upto.snapshot.index = false (default)
2022-06-16 16:20:27,286 [pool-559-thread-1] INFO  server.RaftServerConfigKeys (ConfUtils.java:logGet(46)) - raft.server.retrycache.expirytime = 600000ms (custom)
2022-06-16 16:20:27,286 [pool-559-thread-1] INFO  server.RaftServerConfigKeys (ConfUtils.java:logGet(46)) - raft.server.retrycache.statistics.expirytime = 100μs (default)
2022-06-16 16:20:27,287 [pool-559-thread-1] INFO  server.RaftServerConfigKeys (ConfUtils.java:logGet(46)) - raft.server.log.appender.install.snapshot.enabled = false (custom)
2022-06-16 16:20:27,287 [pool-559-thread-1] INFO  server.RaftServerConfigKeys (ConfUtils.java:logGet(46)) - raft.server.threadpool.server.cached = true (default)
2022-06-16 16:20:27,287 [pool-559-thread-1] INFO  server.RaftServerConfigKeys (ConfUtils.java:logGet(46)) - raft.server.threadpool.server.size = 0 (default)
2022-06-16 16:20:27,287 [pool-559-thread-1] INFO  server.RaftServerConfigKeys (ConfUtils.java:logGet(46)) - raft.server.threadpool.client.cached = true (default)
2022-06-16 16:20:27,287 [pool-559-thread-1] INFO  server.RaftServerConfigKeys (ConfUtils.java:logGet(46)) - raft.server.threadpool.client.size = 0 (default)
2022-06-16 16:20:27,287 [pool-559-thread-1] INFO  server.RaftServer$Division (RaftServerImpl.java:start(310)) - dd1ed5e2-20b8-410c-8deb-f61f3310736b@group-DCAA11744DDA: start as a follower, conf=-1: [6087f466-757b-41fa-a219-681e056adf4c|rpc:10.1.0.16:40815|priority:1, dd1ed5e2-20b8-410c-8deb-f61f3310736b|rpc:10.1.0.16:35117|priority:0, 835188e7-dd17-483f-9194-07b8bd68eba8|rpc:10.1.0.16:32931|priority:0], old=null
2022-06-16 16:20:27,287 [pool-559-thread-1] INFO  server.RaftServer$Division (RaftServerImpl.java:setRole(299)) - dd1ed5e2-20b8-410c-8deb-f61f3310736b@group-DCAA11744DDA: changes role from      null to FOLLOWER at term 0 for startAsFollower
2022-06-16 16:20:27,287 [pool-559-thread-1] INFO  impl.RoleInfo (RoleInfo.java:updateAndGet(139)) - dd1ed5e2-20b8-410c-8deb-f61f3310736b: start dd1ed5e2-20b8-410c-8deb-f61f3310736b@group-DCAA11744DDA-FollowerState
2022-06-16 16:20:27,310 [pool-559-thread-1] INFO  util.JmxRegister (JmxRegister.java:tryRegister(44)) - Successfully registered JMX Bean with object name Ratis:service=RaftServer,group=group-DCAA11744DDA,id=dd1ed5e2-20b8-410c-8deb-f61f3310736b
2022-06-16 16:20:27,314 [Command processor thread] INFO  ratis.XceiverServerRatis (XceiverServerRatis.java:addGroup(765)) - Created group PipelineID=fbef6c51-3433-4c29-b302-dcaa11744dda
2022-06-16 16:20:27,317 [EventQueue-OpenPipelineForHealthyPipelineSafeModeRule] INFO  safemode.SCMSafeModeManager (HealthyPipelineSafeModeRule.java:process(124)) - SCM in safe mode. Healthy pipelines reported count is 0, required healthy pipeline reported count is 1
2022-06-16 16:20:27,386 [Listener at 127.0.0.1/42069] INFO  ozone.MiniOzoneClusterImpl (MiniOzoneClusterImpl.java:lambda$waitForClusterToBeReady$0(221)) - Waiting for nodes to be ready. Got 3 of 5 DN Heartbeats.
2022-06-16 16:20:27,386 [grpc-default-executor-1] INFO  server.RaftServer (RaftServerProxy.java:addNew(96)) - 6087f466-757b-41fa-a219-681e056adf4c: addNew group-DCAA11744DDA:[6087f466-757b-41fa-a219-681e056adf4c|rpc:10.1.0.16:40815|dataStream:|priority:1, dd1ed5e2-20b8-410c-8deb-f61f3310736b|rpc:10.1.0.16:35117|dataStream:|priority:0, 835188e7-dd17-483f-9194-07b8bd68eba8|rpc:10.1.0.16:32931|dataStream:|priority:0] returns group-DCAA11744DDA:java.util.concurrent.CompletableFuture@9beaa52[Not completed]
2022-06-16 16:20:27,386 [Listener at 127.0.0.1/42069] INFO  ozone.MiniOzoneClusterImpl (MiniOzoneClusterImpl.java:lambda$waitForClusterToBeReady$0(224)) - Waiting for cluster to exit safe mode
2022-06-16 16:20:27,386 [Listener at 127.0.0.1/42069] INFO  ozone.MiniOzoneClusterImpl (MiniOzoneClusterImpl.java:lambda$waitForClusterToBeReady$0(226)) - SCM became leader
2022-06-16 16:20:27,387 [pool-581-thread-1] INFO  server.RaftServer$Division (RaftServerImpl.java:<init>(190)) - 6087f466-757b-41fa-a219-681e056adf4c: new RaftServerImpl for group-DCAA11744DDA:[6087f466-757b-41fa-a219-681e056adf4c|rpc:10.1.0.16:40815|dataStream:|priority:1, dd1ed5e2-20b8-410c-8deb-f61f3310736b|rpc:10.1.0.16:35117|dataStream:|priority:0, 835188e7-dd17-483f-9194-07b8bd68eba8|rpc:10.1.0.16:32931|dataStream:|priority:0] with ContainerStateMachine:uninitialized
2022-06-16 16:20:27,387 [pool-581-thread-1] INFO  server.RaftServerConfigKeys (ConfUtils.java:logGet(46)) - raft.server.rpc.timeout.min = 5s (custom)
2022-06-16 16:20:27,387 [pool-581-thread-1] INFO  server.RaftServerConfigKeys (ConfUtils.java:logGet(46)) - raft.server.rpc.timeout.max = 5200ms (custom)
2022-06-16 16:20:27,387 [pool-581-thread-1] INFO  server.RaftServerConfigKeys (ConfUtils.java:logGet(46)) - raft.server.rpc.sleep.time = 25ms (default)
2022-06-16 16:20:27,387 [pool-581-thread-1] INFO  server.RaftServerConfigKeys (ConfUtils.java:logGet(46)) - raft.server.rpc.slowness.timeout = 300s (custom)
2022-06-16 16:20:27,387 [pool-581-thread-1] INFO  server.RaftServerConfigKeys (ConfUtils.java:logGet(46)) - raft.server.leaderelection.leader.step-down.wait-time = 10s (default)
2022-06-16 16:20:27,387 [pool-581-thread-1] INFO  server.RaftServerConfigKeys (ConfUtils.java:logGet(46)) - raft.server.sleep.deviation.threshold = 300ms (default)
2022-06-16 16:20:27,387 [pool-581-thread-1] INFO  server.RaftServer$Division (ServerState.java:<init>(107)) - 6087f466-757b-41fa-a219-681e056adf4c@group-DCAA11744DDA: ConfigurationManager, init=-1: [6087f466-757b-41fa-a219-681e056adf4c|rpc:10.1.0.16:40815|dataStream:|priority:1, dd1ed5e2-20b8-410c-8deb-f61f3310736b|rpc:10.1.0.16:35117|dataStream:|priority:0, 835188e7-dd17-483f-9194-07b8bd68eba8|rpc:10.1.0.16:32931|dataStream:|priority:0], old=null, confs=<EMPTY_MAP>
2022-06-16 16:20:27,387 [pool-581-thread-1] INFO  server.RaftServerConfigKeys (ConfUtils.java:logGet(46)) - raft.server.storage.dir = [/home/runner/work/ozone/ozone/hadoop-ozone/integration-test/target/test-dir/MiniOzoneClusterImpl-98dd81b9-deed-4f2d-abd5-65bd0f491ac9/datanode-1/data/ratis] (custom)
2022-06-16 16:20:27,387 [pool-581-thread-1] INFO  server.RaftServerConfigKeys (ConfUtils.java:logGet(46)) - raft.server.log.corruption.policy = EXCEPTION (default)
2022-06-16 16:20:27,387 [pool-581-thread-1] INFO  server.RaftServerConfigKeys (ConfUtils.java:logGet(46)) - raft.server.storage.free-space.min = 0MB (=0) (default)
2022-06-16 16:20:27,388 [pool-581-thread-1] INFO  storage.RaftStorageDirectory (RaftStorageDirectoryImpl.java:analyzeStorage(135)) - The storage directory /home/runner/work/ozone/ozone/hadoop-ozone/integration-test/target/test-dir/MiniOzoneClusterImpl-98dd81b9-deed-4f2d-abd5-65bd0f491ac9/datanode-1/data/ratis/fbef6c51-3433-4c29-b302-dcaa11744dda does not exist. Creating ...
2022-06-16 16:20:27,389 [pool-581-thread-1] INFO  storage.RaftStorageDirectory (RaftStorageDirectoryImpl.java:tryLock(230)) - Lock on /home/runner/work/ozone/ozone/hadoop-ozone/integration-test/target/test-dir/MiniOzoneClusterImpl-98dd81b9-deed-4f2d-abd5-65bd0f491ac9/datanode-1/data/ratis/fbef6c51-3433-4c29-b302-dcaa11744dda/in_use.lock acquired by nodename 3861@fv-az37-268
2022-06-16 16:20:27,407 [pool-581-thread-1] INFO  storage.RaftStorage (RaftStorageImpl.java:format(89)) - Storage directory /home/runner/work/ozone/ozone/hadoop-ozone/integration-test/target/test-dir/MiniOzoneClusterImpl-98dd81b9-deed-4f2d-abd5-65bd0f491ac9/datanode-1/data/ratis/fbef6c51-3433-4c29-b302-dcaa11744dda has been successfully formatted.
2022-06-16 16:20:27,408 [pool-581-thread-1] INFO  ratis.ContainerStateMachine (ContainerStateMachine.java:loadSnapshot(236)) - group-DCAA11744DDA: The snapshot info is null. Setting the last applied indexto:(t:0, i:~)
2022-06-16 16:20:27,408 [pool-581-thread-1] INFO  server.RaftServerConfigKeys (ConfUtils.java:logGet(46)) - raft.server.notification.no-leader.timeout = 300s (custom)
2022-06-16 16:20:27,408 [pool-581-thread-1] INFO  server.RaftServerConfigKeys (ConfUtils.java:logGet(46)) - raft.server.log.use.memory = false (default)
2022-06-16 16:20:27,408 [pool-581-thread-1] INFO  server.RaftServerConfigKeys (ConfUtils.java:logGet(46)) - raft.server.log.purge.gap = 1000000 (custom)
2022-06-16 16:20:27,408 [pool-581-thread-1] INFO  server.RaftServerConfigKeys (ConfUtils.java:logGet(46)) - raft.server.log.appender.buffer.byte-limit = 33554432 (custom)
2022-06-16 16:20:27,408 [pool-581-thread-1] INFO  server.RaftServerConfigKeys (ConfUtils.java:logGet(46)) - raft.server.log.statemachine.data.read.timeout = 1000ms (default)
2022-06-16 16:20:27,409 [pool-581-thread-1] INFO  server.RaftServerConfigKeys (ConfUtils.java:logGet(46)) - raft.server.log.segment.size.max = 1048576 (custom)
2022-06-16 16:20:27,409 [pool-581-thread-1] INFO  server.RaftServerConfigKeys (ConfUtils.java:logGet(46)) - raft.server.log.segment.cache.num.max = 2 (custom)
2022-06-16 16:20:27,409 [pool-581-thread-1] INFO  server.RaftServerConfigKeys (ConfUtils.java:logGet(46)) - raft.server.log.segment.cache.size.max = 200MB (=209715200) (default)
2022-06-16 16:20:27,409 [pool-581-thread-1] INFO  segmented.SegmentedRaftLogWorker (SegmentedRaftLogWorker.java:<init>(187)) - new 6087f466-757b-41fa-a219-681e056adf4c@group-DCAA11744DDA-SegmentedRaftLogWorker for RaftStorageImpl:Storage Directory /home/runner/work/ozone/ozone/hadoop-ozone/integration-test/target/test-dir/MiniOzoneClusterImpl-98dd81b9-deed-4f2d-abd5-65bd0f491ac9/datanode-1/data/ratis/fbef6c51-3433-4c29-b302-dcaa11744dda
2022-06-16 16:20:27,409 [pool-581-thread-1] INFO  server.RaftServerConfigKeys (ConfUtils.java:logGet(46)) - raft.server.log.queue.byte-limit = 4294967296 (custom)
2022-06-16 16:20:27,409 [pool-581-thread-1] INFO  server.RaftServerConfigKeys (ConfUtils.java:logGet(46)) - raft.server.log.queue.element-limit = 1024 (custom)
2022-06-16 16:20:27,409 [pool-581-thread-1] INFO  server.RaftServerConfigKeys (ConfUtils.java:logGet(46)) - raft.server.log.segment.size.max = 1048576 (custom)
2022-06-16 16:20:27,409 [pool-581-thread-1] INFO  server.RaftServerConfigKeys (ConfUtils.java:logGet(46)) - raft.server.log.preallocated.size = 16384 (custom)
2022-06-16 16:20:27,409 [pool-581-thread-1] INFO  server.RaftServerConfigKeys (ConfUtils.java:logGet(46)) - raft.server.log.force.sync.num = 128 (default)
2022-06-16 16:20:27,409 [pool-581-thread-1] INFO  server.RaftServerConfigKeys (ConfUtils.java:logGet(46)) - raft.server.log.statemachine.data.sync = true (default)
2022-06-16 16:20:27,409 [pool-581-thread-1] INFO  server.RaftServerConfigKeys (ConfUtils.java:logGet(46)) - raft.server.log.statemachine.data.sync.timeout = 10s (default)
2022-06-16 16:20:27,409 [pool-581-thread-1] INFO  server.RaftServerConfigKeys (ConfUtils.java:logGet(46)) - raft.server.log.statemachine.data.sync.timeout.retry = -1 (default)
2022-06-16 16:20:27,410 [pool-581-thread-1] INFO  server.RaftServerConfigKeys (ConfUtils.java:logGet(46)) - raft.server.log.write.buffer.size = 1048576 (custom)
2022-06-16 16:20:27,411 [pool-581-thread-1] INFO  server.RaftServerConfigKeys (ConfUtils.java:logGet(46)) - raft.server.log.unsafe-flush.enabled = false (default)
2022-06-16 16:20:27,411 [pool-581-thread-1] INFO  server.RaftServerConfigKeys (ConfUtils.java:logGet(46)) - raft.server.log.statemachine.data.caching.enabled = true (custom)
2022-06-16 16:20:27,411 [pool-581-thread-1] INFO  segmented.SegmentedRaftLogWorker (SegmentedRaftLogWorker.java:lambda$new$0(135)) - 6087f466-757b-41fa-a219-681e056adf4c@group-DCAA11744DDA-SegmentedRaftLogWorker: flushIndex: setUnconditionally 0 -> -1
2022-06-16 16:20:27,412 [pool-581-thread-1] INFO  segmented.SegmentedRaftLogWorker (SegmentedRaftLogWorker.java:lambda$new$0(135)) - 6087f466-757b-41fa-a219-681e056adf4c@group-DCAA11744DDA-SegmentedRaftLogWorker: safeCacheEvictIndex: setUnconditionally 0 -> -1
2022-06-16 16:20:27,416 [pool-581-thread-1] INFO  server.RaftServerConfigKeys (ConfUtils.java:logGet(46)) - raft.server.snapshot.auto.trigger.enabled = true (custom)
2022-06-16 16:20:27,416 [pool-581-thread-1] INFO  server.RaftServerConfigKeys (ConfUtils.java:logGet(46)) - raft.server.snapshot.auto.trigger.threshold = 10000 (custom)
2022-06-16 16:20:27,416 [pool-581-thread-1] INFO  server.RaftServerConfigKeys (ConfUtils.java:logGet(46)) - raft.server.snapshot.retention.file.num = 5 (custom)
2022-06-16 16:20:27,416 [pool-581-thread-1] INFO  server.RaftServerConfigKeys (ConfUtils.java:logGet(46)) - raft.server.log.purge.upto.snapshot.index = false (default)
2022-06-16 16:20:27,416 [pool-581-thread-1] INFO  server.RaftServerConfigKeys (ConfUtils.java:logGet(46)) - raft.server.retrycache.expirytime = 600000ms (custom)
2022-06-16 16:20:27,416 [pool-581-thread-1] INFO  server.RaftServerConfigKeys (ConfUtils.java:logGet(46)) - raft.server.retrycache.statistics.expirytime = 100μs (default)
2022-06-16 16:20:27,417 [pool-581-thread-1] INFO  server.RaftServerConfigKeys (ConfUtils.java:logGet(46)) - raft.server.log.appender.install.snapshot.enabled = false (custom)
2022-06-16 16:20:27,417 [pool-581-thread-1] INFO  server.RaftServerConfigKeys (ConfUtils.java:logGet(46)) - raft.server.threadpool.server.cached = true (default)
2022-06-16 16:20:27,417 [pool-581-thread-1] INFO  server.RaftServerConfigKeys (ConfUtils.java:logGet(46)) - raft.server.threadpool.server.size = 0 (default)
2022-06-16 16:20:27,417 [pool-581-thread-1] INFO  server.RaftServerConfigKeys (ConfUtils.java:logGet(46)) - raft.server.threadpool.client.cached = true (default)
2022-06-16 16:20:27,417 [pool-581-thread-1] INFO  server.RaftServerConfigKeys (ConfUtils.java:logGet(46)) - raft.server.threadpool.client.size = 0 (default)
2022-06-16 16:20:27,417 [pool-581-thread-1] INFO  server.RaftServer$Division (RaftServerImpl.java:start(310)) - 6087f466-757b-41fa-a219-681e056adf4c@group-DCAA11744DDA: start as a follower, conf=-1: [6087f466-757b-41fa-a219-681e056adf4c|rpc:10.1.0.16:40815|dataStream:|priority:1, dd1ed5e2-20b8-410c-8deb-f61f3310736b|rpc:10.1.0.16:35117|dataStream:|priority:0, 835188e7-dd17-483f-9194-07b8bd68eba8|rpc:10.1.0.16:32931|dataStream:|priority:0], old=null
2022-06-16 16:20:27,417 [pool-581-thread-1] INFO  server.RaftServer$Division (RaftServerImpl.java:setRole(299)) - 6087f466-757b-41fa-a219-681e056adf4c@group-DCAA11744DDA: changes role from      null to FOLLOWER at term 0 for startAsFollower
2022-06-16 16:20:27,418 [pool-581-thread-1] INFO  impl.RoleInfo (RoleInfo.java:updateAndGet(139)) - 6087f466-757b-41fa-a219-681e056adf4c: start 6087f466-757b-41fa-a219-681e056adf4c@group-DCAA11744DDA-FollowerState
2022-06-16 16:20:27,422 [pool-581-thread-1] INFO  util.JmxRegister (JmxRegister.java:tryRegister(44)) - Successfully registered JMX Bean with object name Ratis:service=RaftServer,group=group-DCAA11744DDA,id=6087f466-757b-41fa-a219-681e056adf4c
2022-06-16 16:20:27,487 [IPC Server handler 6 on default port 33779] INFO  net.NetworkTopologyImpl (NetworkTopologyImpl.java:add(112)) - Added a new node: /default-rack/7e8c5af0-b72c-4b69-b53a-c0afe3ac69de
2022-06-16 16:20:27,487 [IPC Server handler 6 on default port 33779] INFO  node.SCMNodeManager (SCMNodeManager.java:register(394)) - Registered Data node : 7e8c5af0-b72c-4b69-b53a-c0afe3ac69de{ip: 10.1.0.16, host: fv-az37-268.zqe2tmcsx5vuvjs3sdc4q2yfud.gx.internal.cloudapp.net, ports: [REPLICATION=42537, RATIS=33427, RATIS_ADMIN=33427, RATIS_SERVER=33427, STANDALONE=34613], networkLocation: /default-rack, certSerialId: null, persistedOpState: null, persistedOpStateExpiryEpochSec: 0}
2022-06-16 16:20:27,506 [EventQueue-NewNodeForNewNodeHandler] INFO  pipeline.BackgroundPipelineCreator (BackgroundPipelineCreator.java:notifyEventTriggered(272)) - trigger a one-shot run on RatisPipelineUtilsThread.
2022-06-16 16:20:27,506 [RatisPipelineUtilsThread - 0] INFO  pipeline.RatisPipelineProvider (RatisPipelineProvider.java:lambda$create$0(195)) - Sending CreatePipelineCommand for pipeline:PipelineID=6342190e-b7c6-46a6-af73-98c1b10a653b to datanode:7e8c5af0-b72c-4b69-b53a-c0afe3ac69de
2022-06-16 16:20:27,507 [RatisPipelineUtilsThread - 0] INFO  pipeline.PipelineStateManagerImpl (PipelineStateManagerImpl.java:addPipeline(101)) - Created pipeline Pipeline[ Id: 6342190e-b7c6-46a6-af73-98c1b10a653b, Nodes: 7e8c5af0-b72c-4b69-b53a-c0afe3ac69de{ip: 10.1.0.16, host: fv-az37-268.zqe2tmcsx5vuvjs3sdc4q2yfud.gx.internal.cloudapp.net, ports: [REPLICATION=42537, RATIS=33427, RATIS_ADMIN=33427, RATIS_SERVER=33427, STANDALONE=34613], networkLocation: /default-rack, certSerialId: null, persistedOpState: IN_SERVICE, persistedOpStateExpiryEpochSec: 0}, ReplicationConfig: RATIS/ONE, State:ALLOCATED, leaderId:, CreationTimestamp2022-06-16T16:20:27.506Z[Etc/UTC]].
2022-06-16 16:20:27,519 [grpc-default-executor-1] INFO  server.RaftServer (RaftServerProxy.java:addNew(96)) - 835188e7-dd17-483f-9194-07b8bd68eba8: addNew group-DCAA11744DDA:[6087f466-757b-41fa-a219-681e056adf4c|rpc:10.1.0.16:40815|dataStream:|priority:1, dd1ed5e2-20b8-410c-8deb-f61f3310736b|rpc:10.1.0.16:35117|dataStream:|priority:0, 835188e7-dd17-483f-9194-07b8bd68eba8|rpc:10.1.0.16:32931|dataStream:|priority:0] returns group-DCAA11744DDA:java.util.concurrent.CompletableFuture@171a4e38[Not completed]
2022-06-16 16:20:27,538 [pool-603-thread-1] INFO  server.RaftServer$Division (RaftServerImpl.java:<init>(190)) - 835188e7-dd17-483f-9194-07b8bd68eba8: new RaftServerImpl for group-DCAA11744DDA:[6087f466-757b-41fa-a219-681e056adf4c|rpc:10.1.0.16:40815|dataStream:|priority:1, dd1ed5e2-20b8-410c-8deb-f61f3310736b|rpc:10.1.0.16:35117|dataStream:|priority:0, 835188e7-dd17-483f-9194-07b8bd68eba8|rpc:10.1.0.16:32931|dataStream:|priority:0] with ContainerStateMachine:uninitialized
2022-06-16 16:20:27,538 [pool-603-thread-1] INFO  server.RaftServerConfigKeys (ConfUtils.java:logGet(46)) - raft.server.rpc.timeout.min = 5s (custom)
2022-06-16 16:20:27,538 [pool-603-thread-1] INFO  server.RaftServerConfigKeys (ConfUtils.java:logGet(46)) - raft.server.rpc.timeout.max = 5200ms (custom)
2022-06-16 16:20:27,538 [pool-603-thread-1] INFO  server.RaftServerConfigKeys (ConfUtils.java:logGet(46)) - raft.server.rpc.sleep.time = 25ms (default)
2022-06-16 16:20:27,538 [pool-603-thread-1] INFO  server.RaftServerConfigKeys (ConfUtils.java:logGet(46)) - raft.server.rpc.slowness.timeout = 300s (custom)
2022-06-16 16:20:27,538 [pool-603-thread-1] INFO  server.RaftServerConfigKeys (ConfUtils.java:logGet(46)) - raft.server.leaderelection.leader.step-down.wait-time = 10s (default)
2022-06-16 16:20:27,538 [pool-603-thread-1] INFO  server.RaftServerConfigKeys (ConfUtils.java:logGet(46)) - raft.server.sleep.deviation.threshold = 300ms (default)
2022-06-16 16:20:27,538 [pool-603-thread-1] INFO  server.RaftServer$Division (ServerState.java:<init>(107)) - 835188e7-dd17-483f-9194-07b8bd68eba8@group-DCAA11744DDA: ConfigurationManager, init=-1: [6087f466-757b-41fa-a219-681e056adf4c|rpc:10.1.0.16:40815|dataStream:|priority:1, dd1ed5e2-20b8-410c-8deb-f61f3310736b|rpc:10.1.0.16:35117|dataStream:|priority:0, 835188e7-dd17-483f-9194-07b8bd68eba8|rpc:10.1.0.16:32931|dataStream:|priority:0], old=null, confs=<EMPTY_MAP>
2022-06-16 16:20:27,538 [pool-603-thread-1] INFO  server.RaftServerConfigKeys (ConfUtils.java:logGet(46)) - raft.server.storage.dir = [/home/runner/work/ozone/ozone/hadoop-ozone/integration-test/target/test-dir/MiniOzoneClusterImpl-98dd81b9-deed-4f2d-abd5-65bd0f491ac9/datanode-2/data/ratis] (custom)
2022-06-16 16:20:27,538 [pool-603-thread-1] INFO  server.RaftServerConfigKeys (ConfUtils.java:logGet(46)) - raft.server.log.corruption.policy = EXCEPTION (default)
2022-06-16 16:20:27,539 [pool-603-thread-1] INFO  server.RaftServerConfigKeys (ConfUtils.java:logGet(46)) - raft.server.storage.free-space.min = 0MB (=0) (default)
2022-06-16 16:20:27,539 [pool-603-thread-1] INFO  storage.RaftStorageDirectory (RaftStorageDirectoryImpl.java:analyzeStorage(135)) - The storage directory /home/runner/work/ozone/ozone/hadoop-ozone/integration-test/target/test-dir/MiniOzoneClusterImpl-98dd81b9-deed-4f2d-abd5-65bd0f491ac9/datanode-2/data/ratis/fbef6c51-3433-4c29-b302-dcaa11744dda does not exist. Creating ...
2022-06-16 16:20:27,543 [pool-603-thread-1] INFO  storage.RaftStorageDirectory (RaftStorageDirectoryImpl.java:tryLock(230)) - Lock on /home/runner/work/ozone/ozone/hadoop-ozone/integration-test/target/test-dir/MiniOzoneClusterImpl-98dd81b9-deed-4f2d-abd5-65bd0f491ac9/datanode-2/data/ratis/fbef6c51-3433-4c29-b302-dcaa11744dda/in_use.lock acquired by nodename 3861@fv-az37-268
2022-06-16 16:20:27,546 [pool-603-thread-1] INFO  storage.RaftStorage (RaftStorageImpl.java:format(89)) - Storage directory /home/runner/work/ozone/ozone/hadoop-ozone/integration-test/target/test-dir/MiniOzoneClusterImpl-98dd81b9-deed-4f2d-abd5-65bd0f491ac9/datanode-2/data/ratis/fbef6c51-3433-4c29-b302-dcaa11744dda has been successfully formatted.
2022-06-16 16:20:27,562 [pool-603-thread-1] INFO  ratis.ContainerStateMachine (ContainerStateMachine.java:loadSnapshot(236)) - group-DCAA11744DDA: The snapshot info is null. Setting the last applied indexto:(t:0, i:~)
2022-06-16 16:20:27,562 [pool-603-thread-1] INFO  server.RaftServerConfigKeys (ConfUtils.java:logGet(46)) - raft.server.notification.no-leader.timeout = 300s (custom)
2022-06-16 16:20:27,562 [pool-603-thread-1] INFO  server.RaftServerConfigKeys (ConfUtils.java:logGet(46)) - raft.server.log.use.memory = false (default)
2022-06-16 16:20:27,562 [pool-603-thread-1] INFO  server.RaftServerConfigKeys (ConfUtils.java:logGet(46)) - raft.server.log.purge.gap = 1000000 (custom)
2022-06-16 16:20:27,562 [pool-603-thread-1] INFO  server.RaftServerConfigKeys (ConfUtils.java:logGet(46)) - raft.server.log.appender.buffer.byte-limit = 33554432 (custom)
2022-06-16 16:20:27,562 [pool-603-thread-1] INFO  server.RaftServerConfigKeys (ConfUtils.java:logGet(46)) - raft.server.log.statemachine.data.read.timeout = 1000ms (default)
2022-06-16 16:20:27,562 [pool-603-thread-1] INFO  server.RaftServerConfigKeys (ConfUtils.java:logGet(46)) - raft.server.log.segment.size.max = 1048576 (custom)
2022-06-16 16:20:27,563 [pool-603-thread-1] INFO  server.RaftServerConfigKeys (ConfUtils.java:logGet(46)) - raft.server.log.segment.cache.num.max = 2 (custom)
2022-06-16 16:20:27,563 [pool-603-thread-1] INFO  server.RaftServerConfigKeys (ConfUtils.java:logGet(46)) - raft.server.log.segment.cache.size.max = 200MB (=209715200) (default)
2022-06-16 16:20:27,563 [pool-603-thread-1] INFO  segmented.SegmentedRaftLogWorker (SegmentedRaftLogWorker.java:<init>(187)) - new 835188e7-dd17-483f-9194-07b8bd68eba8@group-DCAA11744DDA-SegmentedRaftLogWorker for RaftStorageImpl:Storage Directory /home/runner/work/ozone/ozone/hadoop-ozone/integration-test/target/test-dir/MiniOzoneClusterImpl-98dd81b9-deed-4f2d-abd5-65bd0f491ac9/datanode-2/data/ratis/fbef6c51-3433-4c29-b302-dcaa11744dda
2022-06-16 16:20:27,563 [pool-603-thread-1] INFO  server.RaftServerConfigKeys (ConfUtils.java:logGet(46)) - raft.server.log.queue.byte-limit = 4294967296 (custom)
2022-06-16 16:20:27,563 [pool-603-thread-1] INFO  server.RaftServerConfigKeys (ConfUtils.java:logGet(46)) - raft.server.log.queue.element-limit = 1024 (custom)
2022-06-16 16:20:27,563 [pool-603-thread-1] INFO  server.RaftServerConfigKeys (ConfUtils.java:logGet(46)) - raft.server.log.segment.size.max = 1048576 (custom)
2022-06-16 16:20:27,563 [pool-603-thread-1] INFO  server.RaftServerConfigKeys (ConfUtils.java:logGet(46)) - raft.server.log.preallocated.size = 16384 (custom)
2022-06-16 16:20:27,563 [pool-603-thread-1] INFO  server.RaftServerConfigKeys (ConfUtils.java:logGet(46)) - raft.server.log.force.sync.num = 128 (default)
2022-06-16 16:20:27,563 [pool-603-thread-1] INFO  server.RaftServerConfigKeys (ConfUtils.java:logGet(46)) - raft.server.log.statemachine.data.sync = true (default)
2022-06-16 16:20:27,563 [pool-603-thread-1] INFO  server.RaftServerConfigKeys (ConfUtils.java:logGet(46)) - raft.server.log.statemachine.data.sync.timeout = 10s (default)
2022-06-16 16:20:27,563 [pool-603-thread-1] INFO  server.RaftServerConfigKeys (ConfUtils.java:logGet(46)) - raft.server.log.statemachine.data.sync.timeout.retry = -1 (default)
2022-06-16 16:20:27,564 [pool-603-thread-1] INFO  server.RaftServerConfigKeys (ConfUtils.java:logGet(46)) - raft.server.log.write.buffer.size = 1048576 (custom)
2022-06-16 16:20:27,564 [pool-603-thread-1] INFO  server.RaftServerConfigKeys (ConfUtils.java:logGet(46)) - raft.server.log.unsafe-flush.enabled = false (default)
2022-06-16 16:20:27,564 [pool-603-thread-1] INFO  server.RaftServerConfigKeys (ConfUtils.java:logGet(46)) - raft.server.log.statemachine.data.caching.enabled = true (custom)
2022-06-16 16:20:27,564 [pool-603-thread-1] INFO  segmented.SegmentedRaftLogWorker (SegmentedRaftLogWorker.java:lambda$new$0(135)) - 835188e7-dd17-483f-9194-07b8bd68eba8@group-DCAA11744DDA-SegmentedRaftLogWorker: flushIndex: setUnconditionally 0 -> -1
2022-06-16 16:20:27,566 [pool-603-thread-1] INFO  segmented.SegmentedRaftLogWorker (SegmentedRaftLogWorker.java:lambda$new$0(135)) - 835188e7-dd17-483f-9194-07b8bd68eba8@group-DCAA11744DDA-SegmentedRaftLogWorker: safeCacheEvictIndex: setUnconditionally 0 -> -1
2022-06-16 16:20:27,571 [pool-603-thread-1] INFO  server.RaftServerConfigKeys (ConfUtils.java:logGet(46)) - raft.server.snapshot.auto.trigger.enabled = true (custom)
2022-06-16 16:20:27,571 [pool-603-thread-1] INFO  server.RaftServerConfigKeys (ConfUtils.java:logGet(46)) - raft.server.snapshot.auto.trigger.threshold = 10000 (custom)
2022-06-16 16:20:27,571 [pool-603-thread-1] INFO  server.RaftServerConfigKeys (ConfUtils.java:logGet(46)) - raft.server.snapshot.retention.file.num = 5 (custom)
2022-06-16 16:20:27,571 [pool-603-thread-1] INFO  server.RaftServerConfigKeys (ConfUtils.java:logGet(46)) - raft.server.log.purge.upto.snapshot.index = false (default)
2022-06-16 16:20:27,571 [pool-603-thread-1] INFO  server.RaftServerConfigKeys (ConfUtils.java:logGet(46)) - raft.server.retrycache.expirytime = 600000ms (custom)
2022-06-16 16:20:27,571 [pool-603-thread-1] INFO  server.RaftServerConfigKeys (ConfUtils.java:logGet(46)) - raft.server.retrycache.statistics.expirytime = 100μs (default)
2022-06-16 16:20:27,572 [pool-603-thread-1] INFO  server.RaftServerConfigKeys (ConfUtils.java:logGet(46)) - raft.server.log.appender.install.snapshot.enabled = false (custom)
2022-06-16 16:20:27,572 [pool-603-thread-1] INFO  server.RaftServerConfigKeys (ConfUtils.java:logGet(46)) - raft.server.threadpool.server.cached = true (default)
2022-06-16 16:20:27,572 [pool-603-thread-1] INFO  server.RaftServerConfigKeys (ConfUtils.java:logGet(46)) - raft.server.threadpool.server.size = 0 (default)
2022-06-16 16:20:27,572 [pool-603-thread-1] INFO  server.RaftServerConfigKeys (ConfUtils.java:logGet(46)) - raft.server.threadpool.client.cached = true (default)
2022-06-16 16:20:27,572 [pool-603-thread-1] INFO  server.RaftServerConfigKeys (ConfUtils.java:logGet(46)) - raft.server.threadpool.client.size = 0 (default)
2022-06-16 16:20:27,572 [pool-603-thread-1] INFO  server.RaftServer$Division (RaftServerImpl.java:start(310)) - 835188e7-dd17-483f-9194-07b8bd68eba8@group-DCAA11744DDA: start as a follower, conf=-1: [6087f466-757b-41fa-a219-681e056adf4c|rpc:10.1.0.16:40815|dataStream:|priority:1, dd1ed5e2-20b8-410c-8deb-f61f3310736b|rpc:10.1.0.16:35117|dataStream:|priority:0, 835188e7-dd17-483f-9194-07b8bd68eba8|rpc:10.1.0.16:32931|dataStream:|priority:0], old=null
2022-06-16 16:20:27,572 [pool-603-thread-1] INFO  server.RaftServer$Division (RaftServerImpl.java:setRole(299)) - 835188e7-dd17-483f-9194-07b8bd68eba8@group-DCAA11744DDA: changes role from      null to FOLLOWER at term 0 for startAsFollower
2022-06-16 16:20:27,572 [pool-603-thread-1] INFO  impl.RoleInfo (RoleInfo.java:updateAndGet(139)) - 835188e7-dd17-483f-9194-07b8bd68eba8: start 835188e7-dd17-483f-9194-07b8bd68eba8@group-DCAA11744DDA-FollowerState
2022-06-16 16:20:27,586 [pool-603-thread-1] INFO  util.JmxRegister (JmxRegister.java:tryRegister(44)) - Successfully registered JMX Bean with object name Ratis:service=RaftServer,group=group-DCAA11744DDA,id=835188e7-dd17-483f-9194-07b8bd68eba8
2022-06-16 16:20:27,619 [Command processor thread] INFO  commandhandler.CreatePipelineCommandHandler (CreatePipelineCommandHandler.java:handle(113)) - Created Pipeline RATIS THREE PipelineID=fbef6c51-3433-4c29-b302-dcaa11744dda.
2022-06-16 16:20:27,619 [Command processor thread] INFO  server.RaftServer (RaftServerProxy.java:addNew(96)) - dd1ed5e2-20b8-410c-8deb-f61f3310736b: addNew group-E38C3F955305:[6087f466-757b-41fa-a219-681e056adf4c|rpc:10.1.0.16:40815|priority:0, dd1ed5e2-20b8-410c-8deb-f61f3310736b|rpc:10.1.0.16:35117|priority:0, 835188e7-dd17-483f-9194-07b8bd68eba8|rpc:10.1.0.16:32931|priority:1] returns group-E38C3F955305:java.util.concurrent.CompletableFuture@2ccb5637[Not completed]
2022-06-16 16:20:27,620 [pool-559-thread-1] INFO  server.RaftServer$Division (RaftServerImpl.java:<init>(190)) - dd1ed5e2-20b8-410c-8deb-f61f3310736b: new RaftServerImpl for group-E38C3F955305:[6087f466-757b-41fa-a219-681e056adf4c|rpc:10.1.0.16:40815|priority:0, dd1ed5e2-20b8-410c-8deb-f61f3310736b|rpc:10.1.0.16:35117|priority:0, 835188e7-dd17-483f-9194-07b8bd68eba8|rpc:10.1.0.16:32931|priority:1] with ContainerStateMachine:uninitialized
2022-06-16 16:20:27,620 [pool-559-thread-1] INFO  server.RaftServerConfigKeys (ConfUtils.java:logGet(46)) - raft.server.rpc.timeout.min = 5s (custom)
2022-06-16 16:20:27,620 [pool-559-thread-1] INFO  server.RaftServerConfigKeys (ConfUtils.java:logGet(46)) - raft.server.rpc.timeout.max = 5200ms (custom)
2022-06-16 16:20:27,620 [pool-559-thread-1] INFO  server.RaftServerConfigKeys (ConfUtils.java:logGet(46)) - raft.server.rpc.sleep.time = 25ms (default)
2022-06-16 16:20:27,620 [pool-559-thread-1] INFO  server.RaftServerConfigKeys (ConfUtils.java:logGet(46)) - raft.server.rpc.slowness.timeout = 300s (custom)
2022-06-16 16:20:27,620 [pool-559-thread-1] INFO  server.RaftServerConfigKeys (ConfUtils.java:logGet(46)) - raft.server.leaderelection.leader.step-down.wait-time = 10s (default)
2022-06-16 16:20:27,620 [pool-559-thread-1] INFO  server.RaftServerConfigKeys (ConfUtils.java:logGet(46)) - raft.server.sleep.deviation.threshold = 300ms (default)
2022-06-16 16:20:27,620 [pool-559-thread-1] INFO  server.RaftServer$Division (ServerState.java:<init>(107)) - dd1ed5e2-20b8-410c-8deb-f61f3310736b@group-E38C3F955305: ConfigurationManager, init=-1: [6087f466-757b-41fa-a219-681e056adf4c|rpc:10.1.0.16:40815|priority:0, dd1ed5e2-20b8-410c-8deb-f61f3310736b|rpc:10.1.0.16:35117|priority:0, 835188e7-dd17-483f-9194-07b8bd68eba8|rpc:10.1.0.16:32931|priority:1], old=null, confs=<EMPTY_MAP>
2022-06-16 16:20:27,620 [pool-559-thread-1] INFO  server.RaftServerConfigKeys (ConfUtils.java:logGet(46)) - raft.server.storage.dir = [/home/runner/work/ozone/ozone/hadoop-ozone/integration-test/target/test-dir/MiniOzoneClusterImpl-98dd81b9-deed-4f2d-abd5-65bd0f491ac9/datanode-0/data/ratis] (custom)
2022-06-16 16:20:27,620 [pool-559-thread-1] INFO  server.RaftServerConfigKeys (ConfUtils.java:logGet(46)) - raft.server.log.corruption.policy = EXCEPTION (default)
2022-06-16 16:20:27,620 [pool-559-thread-1] INFO  server.RaftServerConfigKeys (ConfUtils.java:logGet(46)) - raft.server.storage.free-space.min = 0MB (=0) (default)
2022-06-16 16:20:27,620 [pool-559-thread-1] INFO  storage.RaftStorageDirectory (RaftStorageDirectoryImpl.java:analyzeStorage(135)) - The storage directory /home/runner/work/ozone/ozone/hadoop-ozone/integration-test/target/test-dir/MiniOzoneClusterImpl-98dd81b9-deed-4f2d-abd5-65bd0f491ac9/datanode-0/data/ratis/cfabed13-019d-4b2c-b9ff-e38c3f955305 does not exist. Creating ...
2022-06-16 16:20:27,622 [pool-559-thread-1] INFO  storage.RaftStorageDirectory (RaftStorageDirectoryImpl.java:tryLock(230)) - Lock on /home/runner/work/ozone/ozone/hadoop-ozone/integration-test/target/test-dir/MiniOzoneClusterImpl-98dd81b9-deed-4f2d-abd5-65bd0f491ac9/datanode-0/data/ratis/cfabed13-019d-4b2c-b9ff-e38c3f955305/in_use.lock acquired by nodename 3861@fv-az37-268
2022-06-16 16:20:27,623 [pool-559-thread-1] INFO  storage.RaftStorage (RaftStorageImpl.java:format(89)) - Storage directory /home/runner/work/ozone/ozone/hadoop-ozone/integration-test/target/test-dir/MiniOzoneClusterImpl-98dd81b9-deed-4f2d-abd5-65bd0f491ac9/datanode-0/data/ratis/cfabed13-019d-4b2c-b9ff-e38c3f955305 has been successfully formatted.
2022-06-16 16:20:27,624 [pool-559-thread-1] INFO  ratis.ContainerStateMachine (ContainerStateMachine.java:loadSnapshot(236)) - group-E38C3F955305: The snapshot info is null. Setting the last applied indexto:(t:0, i:~)
2022-06-16 16:20:27,624 [pool-559-thread-1] INFO  server.RaftServerConfigKeys (ConfUtils.java:logGet(46)) - raft.server.notification.no-leader.timeout = 300s (custom)
2022-06-16 16:20:27,624 [pool-559-thread-1] INFO  server.RaftServerConfigKeys (ConfUtils.java:logGet(46)) - raft.server.log.use.memory = false (default)
2022-06-16 16:20:27,624 [pool-559-thread-1] INFO  server.RaftServerConfigKeys (ConfUtils.java:logGet(46)) - raft.server.log.purge.gap = 1000000 (custom)
2022-06-16 16:20:27,624 [pool-559-thread-1] INFO  server.RaftServerConfigKeys (ConfUtils.java:logGet(46)) - raft.server.log.appender.buffer.byte-limit = 33554432 (custom)
2022-06-16 16:20:27,624 [pool-559-thread-1] INFO  server.RaftServerConfigKeys (ConfUtils.java:logGet(46)) - raft.server.log.statemachine.data.read.timeout = 1000ms (default)
2022-06-16 16:20:27,624 [pool-559-thread-1] INFO  server.RaftServerConfigKeys (ConfUtils.java:logGet(46)) - raft.server.log.segment.size.max = 1048576 (custom)
2022-06-16 16:20:27,625 [pool-559-thread-1] INFO  server.RaftServerConfigKeys (ConfUtils.java:logGet(46)) - raft.server.log.segment.cache.num.max = 2 (custom)
2022-06-16 16:20:27,625 [pool-559-thread-1] INFO  server.RaftServerConfigKeys (ConfUtils.java:logGet(46)) - raft.server.log.segment.cache.size.max = 200MB (=209715200) (default)
2022-06-16 16:20:27,625 [pool-559-thread-1] INFO  segmented.SegmentedRaftLogWorker (SegmentedRaftLogWorker.java:<init>(187)) - new dd1ed5e2-20b8-410c-8deb-f61f3310736b@group-E38C3F955305-SegmentedRaftLogWorker for RaftStorageImpl:Storage Directory /home/runner/work/ozone/ozone/hadoop-ozone/integration-test/target/test-dir/MiniOzoneClusterImpl-98dd81b9-deed-4f2d-abd5-65bd0f491ac9/datanode-0/data/ratis/cfabed13-019d-4b2c-b9ff-e38c3f955305
2022-06-16 16:20:27,625 [pool-559-thread-1] INFO  server.RaftServerConfigKeys (ConfUtils.java:logGet(46)) - raft.server.log.queue.byte-limit = 4294967296 (custom)
2022-06-16 16:20:27,625 [pool-559-thread-1] INFO  server.RaftServerConfigKeys (ConfUtils.java:logGet(46)) - raft.server.log.queue.element-limit = 1024 (custom)
2022-06-16 16:20:27,625 [pool-559-thread-1] INFO  server.RaftServerConfigKeys (ConfUtils.java:logGet(46)) - raft.server.log.segment.size.max = 1048576 (custom)
2022-06-16 16:20:27,625 [pool-559-thread-1] INFO  server.RaftServerConfigKeys (ConfUtils.java:logGet(46)) - raft.server.log.preallocated.size = 16384 (custom)
2022-06-16 16:20:27,625 [pool-559-thread-1] INFO  server.RaftServerConfigKeys (ConfUtils.java:logGet(46)) - raft.server.log.force.sync.num = 128 (default)
2022-06-16 16:20:27,625 [pool-559-thread-1] INFO  server.RaftServerConfigKeys (ConfUtils.java:logGet(46)) - raft.server.log.statemachine.data.sync = true (default)
2022-06-16 16:20:27,625 [pool-559-thread-1] INFO  server.RaftServerConfigKeys (ConfUtils.java:logGet(46)) - raft.server.log.statemachine.data.sync.timeout = 10s (default)
2022-06-16 16:20:27,625 [pool-559-thread-1] INFO  server.RaftServerConfigKeys (ConfUtils.java:logGet(46)) - raft.server.log.statemachine.data.sync.timeout.retry = -1 (default)
2022-06-16 16:20:27,626 [pool-559-thread-1] INFO  server.RaftServerConfigKeys (ConfUtils.java:logGet(46)) - raft.server.log.write.buffer.size = 1048576 (custom)
2022-06-16 16:20:27,626 [EventQueue-OpenPipelineForHealthyPipelineSafeModeRule] INFO  safemode.SCMSafeModeManager (HealthyPipelineSafeModeRule.java:process(124)) - SCM in safe mode. Healthy pipelines reported count is 0, required healthy pipeline reported count is 1
2022-06-16 16:20:27,627 [pool-559-thread-1] INFO  server.RaftServerConfigKeys (ConfUtils.java:logGet(46)) - raft.server.log.unsafe-flush.enabled = false (default)
2022-06-16 16:20:27,627 [pool-559-thread-1] INFO  server.RaftServerConfigKeys (ConfUtils.java:logGet(46)) - raft.server.log.statemachine.data.caching.enabled = true (custom)
2022-06-16 16:20:27,627 [pool-559-thread-1] INFO  segmented.SegmentedRaftLogWorker (SegmentedRaftLogWorker.java:lambda$new$0(135)) - dd1ed5e2-20b8-410c-8deb-f61f3310736b@group-E38C3F955305-SegmentedRaftLogWorker: flushIndex: setUnconditionally 0 -> -1
2022-06-16 16:20:27,627 [pool-559-thread-1] INFO  segmented.SegmentedRaftLogWorker (SegmentedRaftLogWorker.java:lambda$new$0(135)) - dd1ed5e2-20b8-410c-8deb-f61f3310736b@group-E38C3F955305-SegmentedRaftLogWorker: safeCacheEvictIndex: setUnconditionally 0 -> -1
2022-06-16 16:20:27,640 [pool-559-thread-1] INFO  server.RaftServerConfigKeys (ConfUtils.java:logGet(46)) - raft.server.snapshot.auto.trigger.enabled = true (custom)
2022-06-16 16:20:27,640 [pool-559-thread-1] INFO  server.RaftServerConfigKeys (ConfUtils.java:logGet(46)) - raft.server.snapshot.auto.trigger.threshold = 10000 (custom)
2022-06-16 16:20:27,640 [pool-559-thread-1] INFO  server.RaftServerConfigKeys (ConfUtils.java:logGet(46)) - raft.server.snapshot.retention.file.num = 5 (custom)
2022-06-16 16:20:27,640 [pool-559-thread-1] INFO  server.RaftServerConfigKeys (ConfUtils.java:logGet(46)) - raft.server.log.purge.upto.snapshot.index = false (default)
2022-06-16 16:20:27,640 [pool-559-thread-1] INFO  server.RaftServerConfigKeys (ConfUtils.java:logGet(46)) - raft.server.retrycache.expirytime = 600000ms (custom)
2022-06-16 16:20:27,640 [pool-559-thread-1] INFO  server.RaftServerConfigKeys (ConfUtils.java:logGet(46)) - raft.server.retrycache.statistics.expirytime = 100μs (default)
2022-06-16 16:20:27,641 [pool-559-thread-1] INFO  server.RaftServerConfigKeys (ConfUtils.java:logGet(46)) - raft.server.log.appender.install.snapshot.enabled = false (custom)
2022-06-16 16:20:27,641 [pool-559-thread-1] INFO  server.RaftServerConfigKeys (ConfUtils.java:logGet(46)) - raft.server.threadpool.server.cached = true (default)
2022-06-16 16:20:27,641 [pool-559-thread-1] INFO  server.RaftServerConfigKeys (ConfUtils.java:logGet(46)) - raft.server.threadpool.server.size = 0 (default)
2022-06-16 16:20:27,641 [pool-559-thread-1] INFO  server.RaftServerConfigKeys (ConfUtils.java:logGet(46)) - raft.server.threadpool.client.cached = true (default)
2022-06-16 16:20:27,641 [pool-559-thread-1] INFO  server.RaftServerConfigKeys (ConfUtils.java:logGet(46)) - raft.server.threadpool.client.size = 0 (default)
2022-06-16 16:20:27,641 [pool-559-thread-1] INFO  server.RaftServer$Division (RaftServerImpl.java:start(310)) - dd1ed5e2-20b8-410c-8deb-f61f3310736b@group-E38C3F955305: start as a follower, conf=-1: [6087f466-757b-41fa-a219-681e056adf4c|rpc:10.1.0.16:40815|priority:0, dd1ed5e2-20b8-410c-8deb-f61f3310736b|rpc:10.1.0.16:35117|priority:0, 835188e7-dd17-483f-9194-07b8bd68eba8|rpc:10.1.0.16:32931|priority:1], old=null
2022-06-16 16:20:27,641 [pool-559-thread-1] INFO  server.RaftServer$Division (RaftServerImpl.java:setRole(299)) - dd1ed5e2-20b8-410c-8deb-f61f3310736b@group-E38C3F955305: changes role from      null to FOLLOWER at term 0 for startAsFollower
2022-06-16 16:20:27,641 [pool-559-thread-1] INFO  impl.RoleInfo (RoleInfo.java:updateAndGet(139)) - dd1ed5e2-20b8-410c-8deb-f61f3310736b: start dd1ed5e2-20b8-410c-8deb-f61f3310736b@group-E38C3F955305-FollowerState
2022-06-16 16:20:27,654 [pool-559-thread-1] INFO  util.JmxRegister (JmxRegister.java:tryRegister(44)) - Successfully registered JMX Bean with object name Ratis:service=RaftServer,group=group-E38C3F955305,id=dd1ed5e2-20b8-410c-8deb-f61f3310736b
2022-06-16 16:20:27,670 [Command processor thread] INFO  ratis.XceiverServerRatis (XceiverServerRatis.java:addGroup(765)) - Created group PipelineID=cfabed13-019d-4b2c-b9ff-e38c3f955305
2022-06-16 16:20:27,700 [grpc-default-executor-1] INFO  server.RaftServer (RaftServerProxy.java:addNew(96)) - 6087f466-757b-41fa-a219-681e056adf4c: addNew group-E38C3F955305:[6087f466-757b-41fa-a219-681e056adf4c|rpc:10.1.0.16:40815|dataStream:|priority:0, dd1ed5e2-20b8-410c-8deb-f61f3310736b|rpc:10.1.0.16:35117|dataStream:|priority:0, 835188e7-dd17-483f-9194-07b8bd68eba8|rpc:10.1.0.16:32931|dataStream:|priority:1] returns group-E38C3F955305:java.util.concurrent.CompletableFuture@51660128[Not completed]
2022-06-16 16:20:27,701 [pool-581-thread-1] INFO  server.RaftServer$Division (RaftServerImpl.java:<init>(190)) - 6087f466-757b-41fa-a219-681e056adf4c: new RaftServerImpl for group-E38C3F955305:[6087f466-757b-41fa-a219-681e056adf4c|rpc:10.1.0.16:40815|dataStream:|priority:0, dd1ed5e2-20b8-410c-8deb-f61f3310736b|rpc:10.1.0.16:35117|dataStream:|priority:0, 835188e7-dd17-483f-9194-07b8bd68eba8|rpc:10.1.0.16:32931|dataStream:|priority:1] with ContainerStateMachine:uninitialized
2022-06-16 16:20:27,701 [pool-581-thread-1] INFO  server.RaftServerConfigKeys (ConfUtils.java:logGet(46)) - raft.server.rpc.timeout.min = 5s (custom)
2022-06-16 16:20:27,701 [pool-581-thread-1] INFO  server.RaftServerConfigKeys (ConfUtils.java:logGet(46)) - raft.server.rpc.timeout.max = 5200ms (custom)
2022-06-16 16:20:27,701 [pool-581-thread-1] INFO  server.RaftServerConfigKeys (ConfUtils.java:logGet(46)) - raft.server.rpc.sleep.time = 25ms (default)
2022-06-16 16:20:27,701 [pool-581-thread-1] INFO  server.RaftServerConfigKeys (ConfUtils.java:logGet(46)) - raft.server.rpc.slowness.timeout = 300s (custom)
2022-06-16 16:20:27,701 [pool-581-thread-1] INFO  server.RaftServerConfigKeys (ConfUtils.java:logGet(46)) - raft.server.leaderelection.leader.step-down.wait-time = 10s (default)
2022-06-16 16:20:27,701 [pool-581-thread-1] INFO  server.RaftServerConfigKeys (ConfUtils.java:logGet(46)) - raft.server.sleep.deviation.threshold = 300ms (default)
2022-06-16 16:20:27,701 [pool-581-thread-1] INFO  server.RaftServer$Division (ServerState.java:<init>(107)) - 6087f466-757b-41fa-a219-681e056adf4c@group-E38C3F955305: ConfigurationManager, init=-1: [6087f466-757b-41fa-a219-681e056adf4c|rpc:10.1.0.16:40815|dataStream:|priority:0, dd1ed5e2-20b8-410c-8deb-f61f3310736b|rpc:10.1.0.16:35117|dataStream:|priority:0, 835188e7-dd17-483f-9194-07b8bd68eba8|rpc:10.1.0.16:32931|dataStream:|priority:1], old=null, confs=<EMPTY_MAP>
2022-06-16 16:20:27,701 [pool-581-thread-1] INFO  server.RaftServerConfigKeys (ConfUtils.java:logGet(46)) - raft.server.storage.dir = [/home/runner/work/ozone/ozone/hadoop-ozone/integration-test/target/test-dir/MiniOzoneClusterImpl-98dd81b9-deed-4f2d-abd5-65bd0f491ac9/datanode-1/data/ratis] (custom)
2022-06-16 16:20:27,702 [pool-581-thread-1] INFO  server.RaftServerConfigKeys (ConfUtils.java:logGet(46)) - raft.server.log.corruption.policy = EXCEPTION (default)
2022-06-16 16:20:27,702 [pool-581-thread-1] INFO  server.RaftServerConfigKeys (ConfUtils.java:logGet(46)) - raft.server.storage.free-space.min = 0MB (=0) (default)
2022-06-16 16:20:27,702 [pool-581-thread-1] INFO  storage.RaftStorageDirectory (RaftStorageDirectoryImpl.java:analyzeStorage(135)) - The storage directory /home/runner/work/ozone/ozone/hadoop-ozone/integration-test/target/test-dir/MiniOzoneClusterImpl-98dd81b9-deed-4f2d-abd5-65bd0f491ac9/datanode-1/data/ratis/cfabed13-019d-4b2c-b9ff-e38c3f955305 does not exist. Creating ...
2022-06-16 16:20:27,702 [pool-581-thread-1] INFO  storage.RaftStorageDirectory (RaftStorageDirectoryImpl.java:tryLock(230)) - Lock on /home/runner/work/ozone/ozone/hadoop-ozone/integration-test/target/test-dir/MiniOzoneClusterImpl-98dd81b9-deed-4f2d-abd5-65bd0f491ac9/datanode-1/data/ratis/cfabed13-019d-4b2c-b9ff-e38c3f955305/in_use.lock acquired by nodename 3861@fv-az37-268
2022-06-16 16:20:27,707 [pool-581-thread-1] INFO  storage.RaftStorage (RaftStorageImpl.java:format(89)) - Storage directory /home/runner/work/ozone/ozone/hadoop-ozone/integration-test/target/test-dir/MiniOzoneClusterImpl-98dd81b9-deed-4f2d-abd5-65bd0f491ac9/datanode-1/data/ratis/cfabed13-019d-4b2c-b9ff-e38c3f955305 has been successfully formatted.
2022-06-16 16:20:27,708 [pool-581-thread-1] INFO  ratis.ContainerStateMachine (ContainerStateMachine.java:loadSnapshot(236)) - group-E38C3F955305: The snapshot info is null. Setting the last applied indexto:(t:0, i:~)
2022-06-16 16:20:27,708 [pool-581-thread-1] INFO  server.RaftServerConfigKeys (ConfUtils.java:logGet(46)) - raft.server.notification.no-leader.timeout = 300s (custom)
2022-06-16 16:20:27,708 [pool-581-thread-1] INFO  server.RaftServerConfigKeys (ConfUtils.java:logGet(46)) - raft.server.log.use.memory = false (default)
2022-06-16 16:20:27,708 [pool-581-thread-1] INFO  server.RaftServerConfigKeys (ConfUtils.java:logGet(46)) - raft.server.log.purge.gap = 1000000 (custom)
2022-06-16 16:20:27,708 [pool-581-thread-1] INFO  server.RaftServerConfigKeys (ConfUtils.java:logGet(46)) - raft.server.log.appender.buffer.byte-limit = 33554432 (custom)
2022-06-16 16:20:27,708 [pool-581-thread-1] INFO  server.RaftServerConfigKeys (ConfUtils.java:logGet(46)) - raft.server.log.statemachine.data.read.timeout = 1000ms (default)
2022-06-16 16:20:27,708 [pool-581-thread-1] INFO  server.RaftServerConfigKeys (ConfUtils.java:logGet(46)) - raft.server.log.segment.size.max = 1048576 (custom)
2022-06-16 16:20:27,708 [pool-581-thread-1] INFO  server.RaftServerConfigKeys (ConfUtils.java:logGet(46)) - raft.server.log.segment.cache.num.max = 2 (custom)
2022-06-16 16:20:27,708 [pool-581-thread-1] INFO  server.RaftServerConfigKeys (ConfUtils.java:logGet(46)) - raft.server.log.segment.cache.size.max = 200MB (=209715200) (default)
2022-06-16 16:20:27,709 [pool-581-thread-1] INFO  segmented.SegmentedRaftLogWorker (SegmentedRaftLogWorker.java:<init>(187)) - new 6087f466-757b-41fa-a219-681e056adf4c@group-E38C3F955305-SegmentedRaftLogWorker for RaftStorageImpl:Storage Directory /home/runner/work/ozone/ozone/hadoop-ozone/integration-test/target/test-dir/MiniOzoneClusterImpl-98dd81b9-deed-4f2d-abd5-65bd0f491ac9/datanode-1/data/ratis/cfabed13-019d-4b2c-b9ff-e38c3f955305
2022-06-16 16:20:27,709 [pool-581-thread-1] INFO  server.RaftServerConfigKeys (ConfUtils.java:logGet(46)) - raft.server.log.queue.byte-limit = 4294967296 (custom)
2022-06-16 16:20:27,709 [pool-581-thread-1] INFO  server.RaftServerConfigKeys (ConfUtils.java:logGet(46)) - raft.server.log.queue.element-limit = 1024 (custom)
2022-06-16 16:20:27,709 [pool-581-thread-1] INFO  server.RaftServerConfigKeys (ConfUtils.java:logGet(46)) - raft.server.log.segment.size.max = 1048576 (custom)
2022-06-16 16:20:27,709 [pool-581-thread-1] INFO  server.RaftServerConfigKeys (ConfUtils.java:logGet(46)) - raft.server.log.preallocated.size = 16384 (custom)
2022-06-16 16:20:27,709 [pool-581-thread-1] INFO  server.RaftServerConfigKeys (ConfUtils.java:logGet(46)) - raft.server.log.force.sync.num = 128 (default)
2022-06-16 16:20:27,709 [pool-581-thread-1] INFO  server.RaftServerConfigKeys (ConfUtils.java:logGet(46)) - raft.server.log.statemachine.data.sync = true (default)
2022-06-16 16:20:27,709 [pool-581-thread-1] INFO  server.RaftServerConfigKeys (ConfUtils.java:logGet(46)) - raft.server.log.statemachine.data.sync.timeout = 10s (default)
2022-06-16 16:20:27,709 [pool-581-thread-1] INFO  server.RaftServerConfigKeys (ConfUtils.java:logGet(46)) - raft.server.log.statemachine.data.sync.timeout.retry = -1 (default)
2022-06-16 16:20:27,709 [pool-581-thread-1] INFO  server.RaftServerConfigKeys (ConfUtils.java:logGet(46)) - raft.server.log.write.buffer.size = 1048576 (custom)
2022-06-16 16:20:27,722 [pool-581-thread-1] INFO  server.RaftServerConfigKeys (ConfUtils.java:logGet(46)) - raft.server.log.unsafe-flush.enabled = false (default)
2022-06-16 16:20:27,722 [pool-581-thread-1] INFO  server.RaftServerConfigKeys (ConfUtils.java:logGet(46)) - raft.server.log.statemachine.data.caching.enabled = true (custom)
2022-06-16 16:20:27,723 [pool-581-thread-1] INFO  segmented.SegmentedRaftLogWorker (SegmentedRaftLogWorker.java:lambda$new$0(135)) - 6087f466-757b-41fa-a219-681e056adf4c@group-E38C3F955305-SegmentedRaftLogWorker: flushIndex: setUnconditionally 0 -> -1
2022-06-16 16:20:27,723 [pool-581-thread-1] INFO  segmented.SegmentedRaftLogWorker (SegmentedRaftLogWorker.java:lambda$new$0(135)) - 6087f466-757b-41fa-a219-681e056adf4c@group-E38C3F955305-SegmentedRaftLogWorker: safeCacheEvictIndex: setUnconditionally 0 -> -1
2022-06-16 16:20:27,738 [pool-581-thread-1] INFO  server.RaftServerConfigKeys (ConfUtils.java:logGet(46)) - raft.server.snapshot.auto.trigger.enabled = true (custom)
2022-06-16 16:20:27,738 [pool-581-thread-1] INFO  server.RaftServerConfigKeys (ConfUtils.java:logGet(46)) - raft.server.snapshot.auto.trigger.threshold = 10000 (custom)
2022-06-16 16:20:27,738 [pool-581-thread-1] INFO  server.RaftServerConfigKeys (ConfUtils.java:logGet(46)) - raft.server.snapshot.retention.file.num = 5 (custom)
2022-06-16 16:20:27,738 [pool-581-thread-1] INFO  server.RaftServerConfigKeys (ConfUtils.java:logGet(46)) - raft.server.log.purge.upto.snapshot.index = false (default)
2022-06-16 16:20:27,738 [pool-581-thread-1] INFO  server.RaftServerConfigKeys (ConfUtils.java:logGet(46)) - raft.server.retrycache.expirytime = 600000ms (custom)
2022-06-16 16:20:27,738 [pool-581-thread-1] INFO  server.RaftServerConfigKeys (ConfUtils.java:logGet(46)) - raft.server.retrycache.statistics.expirytime = 100μs (default)
2022-06-16 16:20:27,739 [pool-581-thread-1] INFO  server.RaftServerConfigKeys (ConfUtils.java:logGet(46)) - raft.server.log.appender.install.snapshot.enabled = false (custom)
2022-06-16 16:20:27,739 [pool-581-thread-1] INFO  server.RaftServerConfigKeys (ConfUtils.java:logGet(46)) - raft.server.threadpool.server.cached = true (default)
2022-06-16 16:20:27,739 [pool-581-thread-1] INFO  server.RaftServerConfigKeys (ConfUtils.java:logGet(46)) - raft.server.threadpool.server.size = 0 (default)
2022-06-16 16:20:27,739 [pool-581-thread-1] INFO  server.RaftServerConfigKeys (ConfUtils.java:logGet(46)) - raft.server.threadpool.client.cached = true (default)
2022-06-16 16:20:27,739 [pool-581-thread-1] INFO  server.RaftServerConfigKeys (ConfUtils.java:logGet(46)) - raft.server.threadpool.client.size = 0 (default)
2022-06-16 16:20:27,739 [pool-581-thread-1] INFO  server.RaftServer$Division (RaftServerImpl.java:start(310)) - 6087f466-757b-41fa-a219-681e056adf4c@group-E38C3F955305: start as a follower, conf=-1: [6087f466-757b-41fa-a219-681e056adf4c|rpc:10.1.0.16:40815|dataStream:|priority:0, dd1ed5e2-20b8-410c-8deb-f61f3310736b|rpc:10.1.0.16:35117|dataStream:|priority:0, 835188e7-dd17-483f-9194-07b8bd68eba8|rpc:10.1.0.16:32931|dataStream:|priority:1], old=null
2022-06-16 16:20:27,739 [pool-581-thread-1] INFO  server.RaftServer$Division (RaftServerImpl.java:setRole(299)) - 6087f466-757b-41fa-a219-681e056adf4c@group-E38C3F955305: changes role from      null to FOLLOWER at term 0 for startAsFollower
2022-06-16 16:20:27,739 [pool-581-thread-1] INFO  impl.RoleInfo (RoleInfo.java:updateAndGet(139)) - 6087f466-757b-41fa-a219-681e056adf4c: start 6087f466-757b-41fa-a219-681e056adf4c@group-E38C3F955305-FollowerState
2022-06-16 16:20:27,742 [pool-581-thread-1] INFO  util.JmxRegister (JmxRegister.java:tryRegister(44)) - Successfully registered JMX Bean with object name Ratis:service=RaftServer,group=group-E38C3F955305,id=6087f466-757b-41fa-a219-681e056adf4c
2022-06-16 16:20:27,854 [grpc-default-executor-1] INFO  server.RaftServer (RaftServerProxy.java:addNew(96)) - 835188e7-dd17-483f-9194-07b8bd68eba8: addNew group-E38C3F955305:[6087f466-757b-41fa-a219-681e056adf4c|rpc:10.1.0.16:40815|dataStream:|priority:0, dd1ed5e2-20b8-410c-8deb-f61f3310736b|rpc:10.1.0.16:35117|dataStream:|priority:0, 835188e7-dd17-483f-9194-07b8bd68eba8|rpc:10.1.0.16:32931|dataStream:|priority:1] returns group-E38C3F955305:java.util.concurrent.CompletableFuture@1448feb2[Not completed]
2022-06-16 16:20:27,855 [pool-603-thread-1] INFO  server.RaftServer$Division (RaftServerImpl.java:<init>(190)) - 835188e7-dd17-483f-9194-07b8bd68eba8: new RaftServerImpl for group-E38C3F955305:[6087f466-757b-41fa-a219-681e056adf4c|rpc:10.1.0.16:40815|dataStream:|priority:0, dd1ed5e2-20b8-410c-8deb-f61f3310736b|rpc:10.1.0.16:35117|dataStream:|priority:0, 835188e7-dd17-483f-9194-07b8bd68eba8|rpc:10.1.0.16:32931|dataStream:|priority:1] with ContainerStateMachine:uninitialized
2022-06-16 16:20:27,855 [pool-603-thread-1] INFO  server.RaftServerConfigKeys (ConfUtils.java:logGet(46)) - raft.server.rpc.timeout.min = 5s (custom)
2022-06-16 16:20:27,855 [pool-603-thread-1] INFO  server.RaftServerConfigKeys (ConfUtils.java:logGet(46)) - raft.server.rpc.timeout.max = 5200ms (custom)
2022-06-16 16:20:27,855 [pool-603-thread-1] INFO  server.RaftServerConfigKeys (ConfUtils.java:logGet(46)) - raft.server.rpc.sleep.time = 25ms (default)
2022-06-16 16:20:27,855 [pool-603-thread-1] INFO  server.RaftServerConfigKeys (ConfUtils.java:logGet(46)) - raft.server.rpc.slowness.timeout = 300s (custom)
2022-06-16 16:20:27,855 [pool-603-thread-1] INFO  server.RaftServerConfigKeys (ConfUtils.java:logGet(46)) - raft.server.leaderelection.leader.step-down.wait-time = 10s (default)
2022-06-16 16:20:27,855 [pool-603-thread-1] INFO  server.RaftServerConfigKeys (ConfUtils.java:logGet(46)) - raft.server.sleep.deviation.threshold = 300ms (default)
2022-06-16 16:20:27,855 [pool-603-thread-1] INFO  server.RaftServer$Division (ServerState.java:<init>(107)) - 835188e7-dd17-483f-9194-07b8bd68eba8@group-E38C3F955305: ConfigurationManager, init=-1: [6087f466-757b-41fa-a219-681e056adf4c|rpc:10.1.0.16:40815|dataStream:|priority:0, dd1ed5e2-20b8-410c-8deb-f61f3310736b|rpc:10.1.0.16:35117|dataStream:|priority:0, 835188e7-dd17-483f-9194-07b8bd68eba8|rpc:10.1.0.16:32931|dataStream:|priority:1], old=null, confs=<EMPTY_MAP>
2022-06-16 16:20:27,855 [pool-603-thread-1] INFO  server.RaftServerConfigKeys (ConfUtils.java:logGet(46)) - raft.server.storage.dir = [/home/runner/work/ozone/ozone/hadoop-ozone/integration-test/target/test-dir/MiniOzoneClusterImpl-98dd81b9-deed-4f2d-abd5-65bd0f491ac9/datanode-2/data/ratis] (custom)
2022-06-16 16:20:27,855 [pool-603-thread-1] INFO  server.RaftServerConfigKeys (ConfUtils.java:logGet(46)) - raft.server.log.corruption.policy = EXCEPTION (default)
2022-06-16 16:20:27,855 [pool-603-thread-1] INFO  server.RaftServerConfigKeys (ConfUtils.java:logGet(46)) - raft.server.storage.free-space.min = 0MB (=0) (default)
2022-06-16 16:20:27,855 [pool-603-thread-1] INFO  storage.RaftStorageDirectory (RaftStorageDirectoryImpl.java:analyzeStorage(135)) - The storage directory /home/runner/work/ozone/ozone/hadoop-ozone/integration-test/target/test-dir/MiniOzoneClusterImpl-98dd81b9-deed-4f2d-abd5-65bd0f491ac9/datanode-2/data/ratis/cfabed13-019d-4b2c-b9ff-e38c3f955305 does not exist. Creating ...
2022-06-16 16:20:27,858 [pool-603-thread-1] INFO  storage.RaftStorageDirectory (RaftStorageDirectoryImpl.java:tryLock(230)) - Lock on /home/runner/work/ozone/ozone/hadoop-ozone/integration-test/target/test-dir/MiniOzoneClusterImpl-98dd81b9-deed-4f2d-abd5-65bd0f491ac9/datanode-2/data/ratis/cfabed13-019d-4b2c-b9ff-e38c3f955305/in_use.lock acquired by nodename 3861@fv-az37-268
2022-06-16 16:20:27,863 [pool-603-thread-1] INFO  storage.RaftStorage (RaftStorageImpl.java:format(89)) - Storage directory /home/runner/work/ozone/ozone/hadoop-ozone/integration-test/target/test-dir/MiniOzoneClusterImpl-98dd81b9-deed-4f2d-abd5-65bd0f491ac9/datanode-2/data/ratis/cfabed13-019d-4b2c-b9ff-e38c3f955305 has been successfully formatted.
2022-06-16 16:20:27,864 [pool-603-thread-1] INFO  ratis.ContainerStateMachine (ContainerStateMachine.java:loadSnapshot(236)) - group-E38C3F955305: The snapshot info is null. Setting the last applied indexto:(t:0, i:~)
2022-06-16 16:20:27,877 [pool-603-thread-1] INFO  server.RaftServerConfigKeys (ConfUtils.java:logGet(46)) - raft.server.notification.no-leader.timeout = 300s (custom)
2022-06-16 16:20:27,877 [pool-603-thread-1] INFO  server.RaftServerConfigKeys (ConfUtils.java:logGet(46)) - raft.server.log.use.memory = false (default)
2022-06-16 16:20:27,877 [pool-603-thread-1] INFO  server.RaftServerConfigKeys (ConfUtils.java:logGet(46)) - raft.server.log.purge.gap = 1000000 (custom)
2022-06-16 16:20:27,877 [pool-603-thread-1] INFO  server.RaftServerConfigKeys (ConfUtils.java:logGet(46)) - raft.server.log.appender.buffer.byte-limit = 33554432 (custom)
2022-06-16 16:20:27,877 [pool-603-thread-1] INFO  server.RaftServerConfigKeys (ConfUtils.java:logGet(46)) - raft.server.log.statemachine.data.read.timeout = 1000ms (default)
2022-06-16 16:20:27,877 [pool-603-thread-1] INFO  server.RaftServerConfigKeys (ConfUtils.java:logGet(46)) - raft.server.log.segment.size.max = 1048576 (custom)
2022-06-16 16:20:27,878 [pool-603-thread-1] INFO  server.RaftServerConfigKeys (ConfUtils.java:logGet(46)) - raft.server.log.segment.cache.num.max = 2 (custom)
2022-06-16 16:20:27,878 [pool-603-thread-1] INFO  server.RaftServerConfigKeys (ConfUtils.java:logGet(46)) - raft.server.log.segment.cache.size.max = 200MB (=209715200) (default)
2022-06-16 16:20:27,878 [pool-603-thread-1] INFO  segmented.SegmentedRaftLogWorker (SegmentedRaftLogWorker.java:<init>(187)) - new 835188e7-dd17-483f-9194-07b8bd68eba8@group-E38C3F955305-SegmentedRaftLogWorker for RaftStorageImpl:Storage Directory /home/runner/work/ozone/ozone/hadoop-ozone/integration-test/target/test-dir/MiniOzoneClusterImpl-98dd81b9-deed-4f2d-abd5-65bd0f491ac9/datanode-2/data/ratis/cfabed13-019d-4b2c-b9ff-e38c3f955305
2022-06-16 16:20:27,878 [pool-603-thread-1] INFO  server.RaftServerConfigKeys (ConfUtils.java:logGet(46)) - raft.server.log.queue.byte-limit = 4294967296 (custom)
2022-06-16 16:20:27,878 [pool-603-thread-1] INFO  server.RaftServerConfigKeys (ConfUtils.java:logGet(46)) - raft.server.log.queue.element-limit = 1024 (custom)
2022-06-16 16:20:27,878 [pool-603-thread-1] INFO  server.RaftServerConfigKeys (ConfUtils.java:logGet(46)) - raft.server.log.segment.size.max = 1048576 (custom)
2022-06-16 16:20:27,878 [pool-603-thread-1] INFO  server.RaftServerConfigKeys (ConfUtils.java:logGet(46)) - raft.server.log.preallocated.size = 16384 (custom)
2022-06-16 16:20:27,878 [pool-603-thread-1] INFO  server.RaftServerConfigKeys (ConfUtils.java:logGet(46)) - raft.server.log.force.sync.num = 128 (default)
2022-06-16 16:20:27,878 [pool-603-thread-1] INFO  server.RaftServerConfigKeys (ConfUtils.java:logGet(46)) - raft.server.log.statemachine.data.sync = true (default)
2022-06-16 16:20:27,878 [pool-603-thread-1] INFO  server.RaftServerConfigKeys (ConfUtils.java:logGet(46)) - raft.server.log.statemachine.data.sync.timeout = 10s (default)
2022-06-16 16:20:27,878 [pool-603-thread-1] INFO  server.RaftServerConfigKeys (ConfUtils.java:logGet(46)) - raft.server.log.statemachine.data.sync.timeout.retry = -1 (default)
2022-06-16 16:20:27,879 [pool-603-thread-1] INFO  server.RaftServerConfigKeys (ConfUtils.java:logGet(46)) - raft.server.log.write.buffer.size = 1048576 (custom)
2022-06-16 16:20:27,879 [pool-603-thread-1] INFO  server.RaftServerConfigKeys (ConfUtils.java:logGet(46)) - raft.server.log.unsafe-flush.enabled = false (default)
2022-06-16 16:20:27,879 [pool-603-thread-1] INFO  server.RaftServerConfigKeys (ConfUtils.java:logGet(46)) - raft.server.log.statemachine.data.caching.enabled = true (custom)
2022-06-16 16:20:27,879 [pool-603-thread-1] INFO  segmented.SegmentedRaftLogWorker (SegmentedRaftLogWorker.java:lambda$new$0(135)) - 835188e7-dd17-483f-9194-07b8bd68eba8@group-E38C3F955305-SegmentedRaftLogWorker: flushIndex: setUnconditionally 0 -> -1
2022-06-16 16:20:27,879 [pool-603-thread-1] INFO  segmented.SegmentedRaftLogWorker (SegmentedRaftLogWorker.java:lambda$new$0(135)) - 835188e7-dd17-483f-9194-07b8bd68eba8@group-E38C3F955305-SegmentedRaftLogWorker: safeCacheEvictIndex: setUnconditionally 0 -> -1
2022-06-16 16:20:27,883 [pool-603-thread-1] INFO  server.RaftServerConfigKeys (ConfUtils.java:logGet(46)) - raft.server.snapshot.auto.trigger.enabled = true (custom)
2022-06-16 16:20:27,883 [pool-603-thread-1] INFO  server.RaftServerConfigKeys (ConfUtils.java:logGet(46)) - raft.server.snapshot.auto.trigger.threshold = 10000 (custom)
2022-06-16 16:20:27,883 [pool-603-thread-1] INFO  server.RaftServerConfigKeys (ConfUtils.java:logGet(46)) - raft.server.snapshot.retention.file.num = 5 (custom)
2022-06-16 16:20:27,883 [pool-603-thread-1] INFO  server.RaftServerConfigKeys (ConfUtils.java:logGet(46)) - raft.server.log.purge.upto.snapshot.index = false (default)
2022-06-16 16:20:27,883 [pool-603-thread-1] INFO  server.RaftServerConfigKeys (ConfUtils.java:logGet(46)) - raft.server.retrycache.expirytime = 600000ms (custom)
2022-06-16 16:20:27,883 [pool-603-thread-1] INFO  server.RaftServerConfigKeys (ConfUtils.java:logGet(46)) - raft.server.retrycache.statistics.expirytime = 100μs (default)
2022-06-16 16:20:27,884 [pool-603-thread-1] INFO  server.RaftServerConfigKeys (ConfUtils.java:logGet(46)) - raft.server.log.appender.install.snapshot.enabled = false (custom)
2022-06-16 16:20:27,884 [pool-603-thread-1] INFO  server.RaftServerConfigKeys (ConfUtils.java:logGet(46)) - raft.server.threadpool.server.cached = true (default)
2022-06-16 16:20:27,884 [pool-603-thread-1] INFO  server.RaftServerConfigKeys (ConfUtils.java:logGet(46)) - raft.server.threadpool.server.size = 0 (default)
2022-06-16 16:20:27,884 [pool-603-thread-1] INFO  server.RaftServerConfigKeys (ConfUtils.java:logGet(46)) - raft.server.threadpool.client.cached = true (default)
2022-06-16 16:20:27,884 [pool-603-thread-1] INFO  server.RaftServerConfigKeys (ConfUtils.java:logGet(46)) - raft.server.threadpool.client.size = 0 (default)
2022-06-16 16:20:27,885 [pool-603-thread-1] INFO  server.RaftServer$Division (RaftServerImpl.java:start(310)) - 835188e7-dd17-483f-9194-07b8bd68eba8@group-E38C3F955305: start as a follower, conf=-1: [6087f466-757b-41fa-a219-681e056adf4c|rpc:10.1.0.16:40815|dataStream:|priority:0, dd1ed5e2-20b8-410c-8deb-f61f3310736b|rpc:10.1.0.16:35117|dataStream:|priority:0, 835188e7-dd17-483f-9194-07b8bd68eba8|rpc:10.1.0.16:32931|dataStream:|priority:1], old=null
2022-06-16 16:20:27,885 [pool-603-thread-1] INFO  server.RaftServer$Division (RaftServerImpl.java:setRole(299)) - 835188e7-dd17-483f-9194-07b8bd68eba8@group-E38C3F955305: changes role from      null to FOLLOWER at term 0 for startAsFollower
2022-06-16 16:20:27,885 [pool-603-thread-1] INFO  impl.RoleInfo (RoleInfo.java:updateAndGet(139)) - 835188e7-dd17-483f-9194-07b8bd68eba8: start 835188e7-dd17-483f-9194-07b8bd68eba8@group-E38C3F955305-FollowerState
2022-06-16 16:20:27,914 [pool-603-thread-1] INFO  util.JmxRegister (JmxRegister.java:tryRegister(44)) - Successfully registered JMX Bean with object name Ratis:service=RaftServer,group=group-E38C3F955305,id=835188e7-dd17-483f-9194-07b8bd68eba8
2022-06-16 16:20:27,921 [Command processor thread] INFO  commandhandler.CreatePipelineCommandHandler (CreatePipelineCommandHandler.java:handle(113)) - Created Pipeline RATIS THREE PipelineID=cfabed13-019d-4b2c-b9ff-e38c3f955305.
2022-06-16 16:20:28,139 [Command processor thread] INFO  server.RaftServer (RaftServerProxy.java:addNew(96)) - 6087f466-757b-41fa-a219-681e056adf4c: addNew group-2F479EB56004:[6087f466-757b-41fa-a219-681e056adf4c|rpc:10.1.0.16:40815|priority:1] returns group-2F479EB56004:java.util.concurrent.CompletableFuture@35842747[Not completed]
2022-06-16 16:20:28,139 [pool-581-thread-1] INFO  server.RaftServer$Division (RaftServerImpl.java:<init>(190)) - 6087f466-757b-41fa-a219-681e056adf4c: new RaftServerImpl for group-2F479EB56004:[6087f466-757b-41fa-a219-681e056adf4c|rpc:10.1.0.16:40815|priority:1] with ContainerStateMachine:uninitialized
2022-06-16 16:20:28,139 [pool-581-thread-1] INFO  server.RaftServerConfigKeys (ConfUtils.java:logGet(46)) - raft.server.rpc.timeout.min = 5s (custom)
2022-06-16 16:20:28,140 [pool-581-thread-1] INFO  server.RaftServerConfigKeys (ConfUtils.java:logGet(46)) - raft.server.rpc.timeout.max = 5200ms (custom)
2022-06-16 16:20:28,140 [pool-581-thread-1] INFO  server.RaftServerConfigKeys (ConfUtils.java:logGet(46)) - raft.server.rpc.sleep.time = 25ms (default)
2022-06-16 16:20:28,140 [pool-581-thread-1] INFO  server.RaftServerConfigKeys (ConfUtils.java:logGet(46)) - raft.server.rpc.slowness.timeout = 300s (custom)
2022-06-16 16:20:28,140 [pool-581-thread-1] INFO  server.RaftServerConfigKeys (ConfUtils.java:logGet(46)) - raft.server.leaderelection.leader.step-down.wait-time = 10s (default)
2022-06-16 16:20:28,140 [pool-581-thread-1] INFO  server.RaftServerConfigKeys (ConfUtils.java:logGet(46)) - raft.server.sleep.deviation.threshold = 300ms (default)
2022-06-16 16:20:28,140 [pool-581-thread-1] INFO  server.RaftServer$Division (ServerState.java:<init>(107)) - 6087f466-757b-41fa-a219-681e056adf4c@group-2F479EB56004: ConfigurationManager, init=-1: [6087f466-757b-41fa-a219-681e056adf4c|rpc:10.1.0.16:40815|priority:1], old=null, confs=<EMPTY_MAP>
2022-06-16 16:20:28,140 [pool-581-thread-1] INFO  server.RaftServerConfigKeys (ConfUtils.java:logGet(46)) - raft.server.storage.dir = [/home/runner/work/ozone/ozone/hadoop-ozone/integration-test/target/test-dir/MiniOzoneClusterImpl-98dd81b9-deed-4f2d-abd5-65bd0f491ac9/datanode-1/data/ratis] (custom)
2022-06-16 16:20:28,140 [pool-581-thread-1] INFO  server.RaftServerConfigKeys (ConfUtils.java:logGet(46)) - raft.server.log.corruption.policy = EXCEPTION (default)
2022-06-16 16:20:28,140 [pool-581-thread-1] INFO  server.RaftServerConfigKeys (ConfUtils.java:logGet(46)) - raft.server.storage.free-space.min = 0MB (=0) (default)
2022-06-16 16:20:28,140 [pool-581-thread-1] INFO  storage.RaftStorageDirectory (RaftStorageDirectoryImpl.java:analyzeStorage(135)) - The storage directory /home/runner/work/ozone/ozone/hadoop-ozone/integration-test/target/test-dir/MiniOzoneClusterImpl-98dd81b9-deed-4f2d-abd5-65bd0f491ac9/datanode-1/data/ratis/88cd46c2-5c8b-4ed3-a173-2f479eb56004 does not exist. Creating ...
2022-06-16 16:20:28,143 [pool-581-thread-1] INFO  storage.RaftStorageDirectory (RaftStorageDirectoryImpl.java:tryLock(230)) - Lock on /home/runner/work/ozone/ozone/hadoop-ozone/integration-test/target/test-dir/MiniOzoneClusterImpl-98dd81b9-deed-4f2d-abd5-65bd0f491ac9/datanode-1/data/ratis/88cd46c2-5c8b-4ed3-a173-2f479eb56004/in_use.lock acquired by nodename 3861@fv-az37-268
2022-06-16 16:20:28,144 [pool-581-thread-1] INFO  storage.RaftStorage (RaftStorageImpl.java:format(89)) - Storage directory /home/runner/work/ozone/ozone/hadoop-ozone/integration-test/target/test-dir/MiniOzoneClusterImpl-98dd81b9-deed-4f2d-abd5-65bd0f491ac9/datanode-1/data/ratis/88cd46c2-5c8b-4ed3-a173-2f479eb56004 has been successfully formatted.
2022-06-16 16:20:28,145 [pool-581-thread-1] INFO  ratis.ContainerStateMachine (ContainerStateMachine.java:loadSnapshot(236)) - group-2F479EB56004: The snapshot info is null. Setting the last applied indexto:(t:0, i:~)
2022-06-16 16:20:28,145 [pool-581-thread-1] INFO  server.RaftServerConfigKeys (ConfUtils.java:logGet(46)) - raft.server.notification.no-leader.timeout = 300s (custom)
2022-06-16 16:20:28,145 [pool-581-thread-1] INFO  server.RaftServerConfigKeys (ConfUtils.java:logGet(46)) - raft.server.log.use.memory = false (default)
2022-06-16 16:20:28,145 [pool-581-thread-1] INFO  server.RaftServerConfigKeys (ConfUtils.java:logGet(46)) - raft.server.log.purge.gap = 1000000 (custom)
2022-06-16 16:20:28,145 [pool-581-thread-1] INFO  server.RaftServerConfigKeys (ConfUtils.java:logGet(46)) - raft.server.log.appender.buffer.byte-limit = 33554432 (custom)
2022-06-16 16:20:28,145 [pool-581-thread-1] INFO  server.RaftServerConfigKeys (ConfUtils.java:logGet(46)) - raft.server.log.statemachine.data.read.timeout = 1000ms (default)
2022-06-16 16:20:28,145 [pool-581-thread-1] INFO  server.RaftServerConfigKeys (ConfUtils.java:logGet(46)) - raft.server.log.segment.size.max = 1048576 (custom)
2022-06-16 16:20:28,145 [pool-581-thread-1] INFO  server.RaftServerConfigKeys (ConfUtils.java:logGet(46)) - raft.server.log.segment.cache.num.max = 2 (custom)
2022-06-16 16:20:28,146 [pool-581-thread-1] INFO  server.RaftServerConfigKeys (ConfUtils.java:logGet(46)) - raft.server.log.segment.cache.size.max = 200MB (=209715200) (default)
2022-06-16 16:20:28,146 [pool-581-thread-1] INFO  segmented.SegmentedRaftLogWorker (SegmentedRaftLogWorker.java:<init>(187)) - new 6087f466-757b-41fa-a219-681e056adf4c@group-2F479EB56004-SegmentedRaftLogWorker for RaftStorageImpl:Storage Directory /home/runner/work/ozone/ozone/hadoop-ozone/integration-test/target/test-dir/MiniOzoneClusterImpl-98dd81b9-deed-4f2d-abd5-65bd0f491ac9/datanode-1/data/ratis/88cd46c2-5c8b-4ed3-a173-2f479eb56004
2022-06-16 16:20:28,146 [pool-581-thread-1] INFO  server.RaftServerConfigKeys (ConfUtils.java:logGet(46)) - raft.server.log.queue.byte-limit = 4294967296 (custom)
2022-06-16 16:20:28,146 [pool-581-thread-1] INFO  server.RaftServerConfigKeys (ConfUtils.java:logGet(46)) - raft.server.log.queue.element-limit = 1024 (custom)
2022-06-16 16:20:28,146 [pool-581-thread-1] INFO  server.RaftServerConfigKeys (ConfUtils.java:logGet(46)) - raft.server.log.segment.size.max = 1048576 (custom)
2022-06-16 16:20:28,146 [pool-581-thread-1] INFO  server.RaftServerConfigKeys (ConfUtils.java:logGet(46)) - raft.server.log.preallocated.size = 16384 (custom)
2022-06-16 16:20:28,146 [pool-581-thread-1] INFO  server.RaftServerConfigKeys (ConfUtils.java:logGet(46)) - raft.server.log.force.sync.num = 128 (default)
2022-06-16 16:20:28,146 [pool-581-thread-1] INFO  server.RaftServerConfigKeys (ConfUtils.java:logGet(46)) - raft.server.log.statemachine.data.sync = true (default)
2022-06-16 16:20:28,146 [pool-581-thread-1] INFO  server.RaftServerConfigKeys (ConfUtils.java:logGet(46)) - raft.server.log.statemachine.data.sync.timeout = 10s (default)
2022-06-16 16:20:28,146 [pool-581-thread-1] INFO  server.RaftServerConfigKeys (ConfUtils.java:logGet(46)) - raft.server.log.statemachine.data.sync.timeout.retry = -1 (default)
2022-06-16 16:20:28,147 [pool-581-thread-1] INFO  server.RaftServerConfigKeys (ConfUtils.java:logGet(46)) - raft.server.log.write.buffer.size = 1048576 (custom)
2022-06-16 16:20:28,147 [pool-581-thread-1] INFO  server.RaftServerConfigKeys (ConfUtils.java:logGet(46)) - raft.server.log.unsafe-flush.enabled = false (default)
2022-06-16 16:20:28,147 [pool-581-thread-1] INFO  server.RaftServerConfigKeys (ConfUtils.java:logGet(46)) - raft.server.log.statemachine.data.caching.enabled = true (custom)
2022-06-16 16:20:28,147 [pool-581-thread-1] INFO  segmented.SegmentedRaftLogWorker (SegmentedRaftLogWorker.java:lambda$new$0(135)) - 6087f466-757b-41fa-a219-681e056adf4c@group-2F479EB56004-SegmentedRaftLogWorker: flushIndex: setUnconditionally 0 -> -1
2022-06-16 16:20:28,147 [pool-581-thread-1] INFO  segmented.SegmentedRaftLogWorker (SegmentedRaftLogWorker.java:lambda$new$0(135)) - 6087f466-757b-41fa-a219-681e056adf4c@group-2F479EB56004-SegmentedRaftLogWorker: safeCacheEvictIndex: setUnconditionally 0 -> -1
2022-06-16 16:20:28,148 [EventQueue-PipelineReportForPipelineReportHandler] INFO  pipeline.PipelineManagerImpl (PipelineManagerImpl.java:openPipeline(356)) - Pipeline Pipeline[ Id: 88cd46c2-5c8b-4ed3-a173-2f479eb56004, Nodes: 6087f466-757b-41fa-a219-681e056adf4c{ip: 10.1.0.16, host: fv-az37-268.zqe2tmcsx5vuvjs3sdc4q2yfud.gx.internal.cloudapp.net, ports: [REPLICATION=44937, RATIS=40815, RATIS_ADMIN=40815, RATIS_SERVER=40815, STANDALONE=42019], networkLocation: /default-rack, certSerialId: null, persistedOpState: IN_SERVICE, persistedOpStateExpiryEpochSec: 0}, ReplicationConfig: RATIS/ONE, State:ALLOCATED, leaderId:6087f466-757b-41fa-a219-681e056adf4c, CreationTimestamp2022-06-16T16:20:25.174Z[Etc/UTC]] moved to OPEN state
2022-06-16 16:20:28,149 [EventQueue-OpenPipelineForHealthyPipelineSafeModeRule] INFO  safemode.SCMSafeModeManager (HealthyPipelineSafeModeRule.java:process(124)) - SCM in safe mode. Healthy pipelines reported count is 0, required healthy pipeline reported count is 1
2022-06-16 16:20:28,161 [pool-581-thread-1] INFO  server.RaftServerConfigKeys (ConfUtils.java:logGet(46)) - raft.server.snapshot.auto.trigger.enabled = true (custom)
2022-06-16 16:20:28,161 [pool-581-thread-1] INFO  server.RaftServerConfigKeys (ConfUtils.java:logGet(46)) - raft.server.snapshot.auto.trigger.threshold = 10000 (custom)
2022-06-16 16:20:28,161 [pool-581-thread-1] INFO  server.RaftServerConfigKeys (ConfUtils.java:logGet(46)) - raft.server.snapshot.retention.file.num = 5 (custom)
2022-06-16 16:20:28,162 [pool-581-thread-1] INFO  server.RaftServerConfigKeys (ConfUtils.java:logGet(46)) - raft.server.log.purge.upto.snapshot.index = false (default)
2022-06-16 16:20:28,162 [pool-581-thread-1] INFO  server.RaftServerConfigKeys (ConfUtils.java:logGet(46)) - raft.server.retrycache.expirytime = 600000ms (custom)
2022-06-16 16:20:28,162 [pool-581-thread-1] INFO  server.RaftServerConfigKeys (ConfUtils.java:logGet(46)) - raft.server.retrycache.statistics.expirytime = 100μs (default)
2022-06-16 16:20:28,163 [pool-581-thread-1] INFO  server.RaftServerConfigKeys (ConfUtils.java:logGet(46)) - raft.server.log.appender.install.snapshot.enabled = false (custom)
2022-06-16 16:20:28,163 [pool-581-thread-1] INFO  server.RaftServerConfigKeys (ConfUtils.java:logGet(46)) - raft.server.threadpool.server.cached = true (default)
2022-06-16 16:20:28,163 [pool-581-thread-1] INFO  server.RaftServerConfigKeys (ConfUtils.java:logGet(46)) - raft.server.threadpool.server.size = 0 (default)
2022-06-16 16:20:28,163 [pool-581-thread-1] INFO  server.RaftServerConfigKeys (ConfUtils.java:logGet(46)) - raft.server.threadpool.client.cached = true (default)
2022-06-16 16:20:28,163 [pool-581-thread-1] INFO  server.RaftServerConfigKeys (ConfUtils.java:logGet(46)) - raft.server.threadpool.client.size = 0 (default)
2022-06-16 16:20:28,163 [pool-581-thread-1] INFO  server.RaftServer$Division (RaftServerImpl.java:start(310)) - 6087f466-757b-41fa-a219-681e056adf4c@group-2F479EB56004: start as a follower, conf=-1: [6087f466-757b-41fa-a219-681e056adf4c|rpc:10.1.0.16:40815|priority:1], old=null
2022-06-16 16:20:28,163 [pool-581-thread-1] INFO  server.RaftServer$Division (RaftServerImpl.java:setRole(299)) - 6087f466-757b-41fa-a219-681e056adf4c@group-2F479EB56004: changes role from      null to FOLLOWER at term 0 for startAsFollower
2022-06-16 16:20:28,163 [pool-581-thread-1] INFO  impl.RoleInfo (RoleInfo.java:updateAndGet(139)) - 6087f466-757b-41fa-a219-681e056adf4c: start 6087f466-757b-41fa-a219-681e056adf4c@group-2F479EB56004-FollowerState
2022-06-16 16:20:28,170 [pool-581-thread-1] INFO  util.JmxRegister (JmxRegister.java:tryRegister(44)) - Successfully registered JMX Bean with object name Ratis:service=RaftServer,group=group-2F479EB56004,id=6087f466-757b-41fa-a219-681e056adf4c
2022-06-16 16:20:28,206 [Command processor thread] INFO  ratis.XceiverServerRatis (XceiverServerRatis.java:addGroup(765)) - Created group PipelineID=88cd46c2-5c8b-4ed3-a173-2f479eb56004
2022-06-16 16:20:28,206 [Command processor thread] INFO  commandhandler.CreatePipelineCommandHandler (CreatePipelineCommandHandler.java:handle(113)) - Created Pipeline RATIS ONE PipelineID=88cd46c2-5c8b-4ed3-a173-2f479eb56004.
2022-06-16 16:20:28,386 [Listener at 127.0.0.1/42069] INFO  ozone.MiniOzoneClusterImpl (MiniOzoneClusterImpl.java:lambda$waitForClusterToBeReady$0(221)) - Waiting for nodes to be ready. Got 4 of 5 DN Heartbeats.
2022-06-16 16:20:28,387 [Listener at 127.0.0.1/42069] INFO  ozone.MiniOzoneClusterImpl (MiniOzoneClusterImpl.java:lambda$waitForClusterToBeReady$0(224)) - Waiting for cluster to exit safe mode
2022-06-16 16:20:28,387 [Listener at 127.0.0.1/42069] INFO  ozone.MiniOzoneClusterImpl (MiniOzoneClusterImpl.java:lambda$waitForClusterToBeReady$0(226)) - SCM became leader
2022-06-16 16:20:28,493 [IPC Server handler 3 on default port 33779] INFO  net.NetworkTopologyImpl (NetworkTopologyImpl.java:add(112)) - Added a new node: /default-rack/30012c60-01cb-4fb6-b713-b802941d6cc3
2022-06-16 16:20:28,493 [IPC Server handler 3 on default port 33779] INFO  node.SCMNodeManager (SCMNodeManager.java:register(394)) - Registered Data node : 30012c60-01cb-4fb6-b713-b802941d6cc3{ip: 10.1.0.16, host: fv-az37-268.zqe2tmcsx5vuvjs3sdc4q2yfud.gx.internal.cloudapp.net, ports: [REPLICATION=35307, RATIS=41553, RATIS_ADMIN=41553, RATIS_SERVER=41553, STANDALONE=45329], networkLocation: /default-rack, certSerialId: null, persistedOpState: null, persistedOpStateExpiryEpochSec: 0}
2022-06-16 16:20:28,493 [EventQueue-NewNodeForNewNodeHandler] INFO  pipeline.BackgroundPipelineCreator (BackgroundPipelineCreator.java:notifyEventTriggered(272)) - trigger a one-shot run on RatisPipelineUtilsThread.
2022-06-16 16:20:28,493 [RatisPipelineUtilsThread - 0] INFO  pipeline.RatisPipelineProvider (RatisPipelineProvider.java:lambda$create$0(195)) - Sending CreatePipelineCommand for pipeline:PipelineID=400276d7-f8e0-406d-971e-1ffe4c32436d to datanode:30012c60-01cb-4fb6-b713-b802941d6cc3
2022-06-16 16:20:28,494 [RatisPipelineUtilsThread - 0] INFO  pipeline.PipelineStateManagerImpl (PipelineStateManagerImpl.java:addPipeline(101)) - Created pipeline Pipeline[ Id: 400276d7-f8e0-406d-971e-1ffe4c32436d, Nodes: 30012c60-01cb-4fb6-b713-b802941d6cc3{ip: 10.1.0.16, host: fv-az37-268.zqe2tmcsx5vuvjs3sdc4q2yfud.gx.internal.cloudapp.net, ports: [REPLICATION=35307, RATIS=41553, RATIS_ADMIN=41553, RATIS_SERVER=41553, STANDALONE=45329], networkLocation: /default-rack, certSerialId: null, persistedOpState: IN_SERVICE, persistedOpStateExpiryEpochSec: 0}, ReplicationConfig: RATIS/ONE, State:ALLOCATED, leaderId:, CreationTimestamp2022-06-16T16:20:28.493Z[Etc/UTC]].
2022-06-16 16:20:29,387 [Listener at 127.0.0.1/42069] INFO  ozone.MiniOzoneClusterImpl (MiniOzoneClusterImpl.java:lambda$waitForClusterToBeReady$0(221)) - Nodes are ready. Got 5 of 5 DN Heartbeats.
2022-06-16 16:20:29,387 [Listener at 127.0.0.1/42069] INFO  ozone.MiniOzoneClusterImpl (MiniOzoneClusterImpl.java:lambda$waitForClusterToBeReady$0(224)) - Waiting for cluster to exit safe mode
2022-06-16 16:20:29,387 [Listener at 127.0.0.1/42069] INFO  ozone.MiniOzoneClusterImpl (MiniOzoneClusterImpl.java:lambda$waitForClusterToBeReady$0(226)) - SCM became leader
2022-06-16 16:20:29,474 [Command processor thread] INFO  server.RaftServer (RaftServerProxy.java:addNew(96)) - 835188e7-dd17-483f-9194-07b8bd68eba8: addNew group-4DBCA3E0C6AD:[835188e7-dd17-483f-9194-07b8bd68eba8|rpc:10.1.0.16:32931|priority:1] returns group-4DBCA3E0C6AD:java.util.concurrent.CompletableFuture@b35db77[Not completed]
2022-06-16 16:20:29,475 [pool-603-thread-1] INFO  server.RaftServer$Division (RaftServerImpl.java:<init>(190)) - 835188e7-dd17-483f-9194-07b8bd68eba8: new RaftServerImpl for group-4DBCA3E0C6AD:[835188e7-dd17-483f-9194-07b8bd68eba8|rpc:10.1.0.16:32931|priority:1] with ContainerStateMachine:uninitialized
2022-06-16 16:20:29,475 [pool-603-thread-1] INFO  server.RaftServerConfigKeys (ConfUtils.java:logGet(46)) - raft.server.rpc.timeout.min = 5s (custom)
2022-06-16 16:20:29,475 [pool-603-thread-1] INFO  server.RaftServerConfigKeys (ConfUtils.java:logGet(46)) - raft.server.rpc.timeout.max = 5200ms (custom)
2022-06-16 16:20:29,475 [pool-603-thread-1] INFO  server.RaftServerConfigKeys (ConfUtils.java:logGet(46)) - raft.server.rpc.sleep.time = 25ms (default)
2022-06-16 16:20:29,475 [pool-603-thread-1] INFO  server.RaftServerConfigKeys (ConfUtils.java:logGet(46)) - raft.server.rpc.slowness.timeout = 300s (custom)
2022-06-16 16:20:29,475 [pool-603-thread-1] INFO  server.RaftServerConfigKeys (ConfUtils.java:logGet(46)) - raft.server.leaderelection.leader.step-down.wait-time = 10s (default)
2022-06-16 16:20:29,475 [pool-603-thread-1] INFO  server.RaftServerConfigKeys (ConfUtils.java:logGet(46)) - raft.server.sleep.deviation.threshold = 300ms (default)
2022-06-16 16:20:29,475 [pool-603-thread-1] INFO  server.RaftServer$Division (ServerState.java:<init>(107)) - 835188e7-dd17-483f-9194-07b8bd68eba8@group-4DBCA3E0C6AD: ConfigurationManager, init=-1: [835188e7-dd17-483f-9194-07b8bd68eba8|rpc:10.1.0.16:32931|priority:1], old=null, confs=<EMPTY_MAP>
2022-06-16 16:20:29,475 [pool-603-thread-1] INFO  server.RaftServerConfigKeys (ConfUtils.java:logGet(46)) - raft.server.storage.dir = [/home/runner/work/ozone/ozone/hadoop-ozone/integration-test/target/test-dir/MiniOzoneClusterImpl-98dd81b9-deed-4f2d-abd5-65bd0f491ac9/datanode-2/data/ratis] (custom)
2022-06-16 16:20:29,475 [pool-603-thread-1] INFO  server.RaftServerConfigKeys (ConfUtils.java:logGet(46)) - raft.server.log.corruption.policy = EXCEPTION (default)
2022-06-16 16:20:29,475 [pool-603-thread-1] INFO  server.RaftServerConfigKeys (ConfUtils.java:logGet(46)) - raft.server.storage.free-space.min = 0MB (=0) (default)
2022-06-16 16:20:29,475 [pool-603-thread-1] INFO  storage.RaftStorageDirectory (RaftStorageDirectoryImpl.java:analyzeStorage(135)) - The storage directory /home/runner/work/ozone/ozone/hadoop-ozone/integration-test/target/test-dir/MiniOzoneClusterImpl-98dd81b9-deed-4f2d-abd5-65bd0f491ac9/datanode-2/data/ratis/750ed808-97b4-4a71-919c-4dbca3e0c6ad does not exist. Creating ...
2022-06-16 16:20:29,476 [pool-603-thread-1] INFO  storage.RaftStorageDirectory (RaftStorageDirectoryImpl.java:tryLock(230)) - Lock on /home/runner/work/ozone/ozone/hadoop-ozone/integration-test/target/test-dir/MiniOzoneClusterImpl-98dd81b9-deed-4f2d-abd5-65bd0f491ac9/datanode-2/data/ratis/750ed808-97b4-4a71-919c-4dbca3e0c6ad/in_use.lock acquired by nodename 3861@fv-az37-268
2022-06-16 16:20:29,477 [pool-603-thread-1] INFO  storage.RaftStorage (RaftStorageImpl.java:format(89)) - Storage directory /home/runner/work/ozone/ozone/hadoop-ozone/integration-test/target/test-dir/MiniOzoneClusterImpl-98dd81b9-deed-4f2d-abd5-65bd0f491ac9/datanode-2/data/ratis/750ed808-97b4-4a71-919c-4dbca3e0c6ad has been successfully formatted.
2022-06-16 16:20:29,478 [pool-603-thread-1] INFO  ratis.ContainerStateMachine (ContainerStateMachine.java:loadSnapshot(236)) - group-4DBCA3E0C6AD: The snapshot info is null. Setting the last applied indexto:(t:0, i:~)
2022-06-16 16:20:29,478 [pool-603-thread-1] INFO  server.RaftServerConfigKeys (ConfUtils.java:logGet(46)) - raft.server.notification.no-leader.timeout = 300s (custom)
2022-06-16 16:20:29,478 [pool-603-thread-1] INFO  server.RaftServerConfigKeys (ConfUtils.java:logGet(46)) - raft.server.log.use.memory = false (default)
2022-06-16 16:20:29,478 [pool-603-thread-1] INFO  server.RaftServerConfigKeys (ConfUtils.java:logGet(46)) - raft.server.log.purge.gap = 1000000 (custom)
2022-06-16 16:20:29,478 [pool-603-thread-1] INFO  server.RaftServerConfigKeys (ConfUtils.java:logGet(46)) - raft.server.log.appender.buffer.byte-limit = 33554432 (custom)
2022-06-16 16:20:29,478 [pool-603-thread-1] INFO  server.RaftServerConfigKeys (ConfUtils.java:logGet(46)) - raft.server.log.statemachine.data.read.timeout = 1000ms (default)
2022-06-16 16:20:29,478 [pool-603-thread-1] INFO  server.RaftServerConfigKeys (ConfUtils.java:logGet(46)) - raft.server.log.segment.size.max = 1048576 (custom)
2022-06-16 16:20:29,479 [pool-603-thread-1] INFO  server.RaftServerConfigKeys (ConfUtils.java:logGet(46)) - raft.server.log.segment.cache.num.max = 2 (custom)
2022-06-16 16:20:29,479 [pool-603-thread-1] INFO  server.RaftServerConfigKeys (ConfUtils.java:logGet(46)) - raft.server.log.segment.cache.size.max = 200MB (=209715200) (default)
2022-06-16 16:20:29,479 [pool-603-thread-1] INFO  segmented.SegmentedRaftLogWorker (SegmentedRaftLogWorker.java:<init>(187)) - new 835188e7-dd17-483f-9194-07b8bd68eba8@group-4DBCA3E0C6AD-SegmentedRaftLogWorker for RaftStorageImpl:Storage Directory /home/runner/work/ozone/ozone/hadoop-ozone/integration-test/target/test-dir/MiniOzoneClusterImpl-98dd81b9-deed-4f2d-abd5-65bd0f491ac9/datanode-2/data/ratis/750ed808-97b4-4a71-919c-4dbca3e0c6ad
2022-06-16 16:20:29,479 [pool-603-thread-1] INFO  server.RaftServerConfigKeys (ConfUtils.java:logGet(46)) - raft.server.log.queue.byte-limit = 4294967296 (custom)
2022-06-16 16:20:29,479 [pool-603-thread-1] INFO  server.RaftServerConfigKeys (ConfUtils.java:logGet(46)) - raft.server.log.queue.element-limit = 1024 (custom)
2022-06-16 16:20:29,479 [pool-603-thread-1] INFO  server.RaftServerConfigKeys (ConfUtils.java:logGet(46)) - raft.server.log.segment.size.max = 1048576 (custom)
2022-06-16 16:20:29,479 [pool-603-thread-1] INFO  server.RaftServerConfigKeys (ConfUtils.java:logGet(46)) - raft.server.log.preallocated.size = 16384 (custom)
2022-06-16 16:20:29,479 [pool-603-thread-1] INFO  server.RaftServerConfigKeys (ConfUtils.java:logGet(46)) - raft.server.log.force.sync.num = 128 (default)
2022-06-16 16:20:29,479 [pool-603-thread-1] INFO  server.RaftServerConfigKeys (ConfUtils.java:logGet(46)) - raft.server.log.statemachine.data.sync = true (default)
2022-06-16 16:20:29,479 [pool-603-thread-1] INFO  server.RaftServerConfigKeys (ConfUtils.java:logGet(46)) - raft.server.log.statemachine.data.sync.timeout = 10s (default)
2022-06-16 16:20:29,479 [pool-603-thread-1] INFO  server.RaftServerConfigKeys (ConfUtils.java:logGet(46)) - raft.server.log.statemachine.data.sync.timeout.retry = -1 (default)
2022-06-16 16:20:29,480 [pool-603-thread-1] INFO  server.RaftServerConfigKeys (ConfUtils.java:logGet(46)) - raft.server.log.write.buffer.size = 1048576 (custom)
2022-06-16 16:20:29,480 [pool-603-thread-1] INFO  server.RaftServerConfigKeys (ConfUtils.java:logGet(46)) - raft.server.log.unsafe-flush.enabled = false (default)
2022-06-16 16:20:29,480 [pool-603-thread-1] INFO  server.RaftServerConfigKeys (ConfUtils.java:logGet(46)) - raft.server.log.statemachine.data.caching.enabled = true (custom)
2022-06-16 16:20:29,480 [pool-603-thread-1] INFO  segmented.SegmentedRaftLogWorker (SegmentedRaftLogWorker.java:lambda$new$0(135)) - 835188e7-dd17-483f-9194-07b8bd68eba8@group-4DBCA3E0C6AD-SegmentedRaftLogWorker: flushIndex: setUnconditionally 0 -> -1
2022-06-16 16:20:29,480 [pool-603-thread-1] INFO  segmented.SegmentedRaftLogWorker (SegmentedRaftLogWorker.java:lambda$new$0(135)) - 835188e7-dd17-483f-9194-07b8bd68eba8@group-4DBCA3E0C6AD-SegmentedRaftLogWorker: safeCacheEvictIndex: setUnconditionally 0 -> -1
2022-06-16 16:20:29,482 [EventQueue-PipelineReportForPipelineReportHandler] INFO  pipeline.PipelineManagerImpl (PipelineManagerImpl.java:openPipeline(356)) - Pipeline Pipeline[ Id: 750ed808-97b4-4a71-919c-4dbca3e0c6ad, Nodes: 835188e7-dd17-483f-9194-07b8bd68eba8{ip: 10.1.0.16, host: fv-az37-268.zqe2tmcsx5vuvjs3sdc4q2yfud.gx.internal.cloudapp.net, ports: [REPLICATION=46857, RATIS=32931, RATIS_ADMIN=32931, RATIS_SERVER=32931, STANDALONE=33217], networkLocation: /default-rack, certSerialId: null, persistedOpState: IN_SERVICE, persistedOpStateExpiryEpochSec: 0}, ReplicationConfig: RATIS/ONE, State:ALLOCATED, leaderId:835188e7-dd17-483f-9194-07b8bd68eba8, CreationTimestamp2022-06-16T16:20:26.476Z[Etc/UTC]] moved to OPEN state
2022-06-16 16:20:29,483 [EventQueue-OpenPipelineForHealthyPipelineSafeModeRule] INFO  safemode.SCMSafeModeManager (HealthyPipelineSafeModeRule.java:process(124)) - SCM in safe mode. Healthy pipelines reported count is 0, required healthy pipeline reported count is 1
2022-06-16 16:20:29,486 [pool-603-thread-1] INFO  server.RaftServerConfigKeys (ConfUtils.java:logGet(46)) - raft.server.snapshot.auto.trigger.enabled = true (custom)
2022-06-16 16:20:29,486 [pool-603-thread-1] INFO  server.RaftServerConfigKeys (ConfUtils.java:logGet(46)) - raft.server.snapshot.auto.trigger.threshold = 10000 (custom)
2022-06-16 16:20:29,486 [pool-603-thread-1] INFO  server.RaftServerConfigKeys (ConfUtils.java:logGet(46)) - raft.server.snapshot.retention.file.num = 5 (custom)
2022-06-16 16:20:29,486 [pool-603-thread-1] INFO  server.RaftServerConfigKeys (ConfUtils.java:logGet(46)) - raft.server.log.purge.upto.snapshot.index = false (default)
2022-06-16 16:20:29,486 [pool-603-thread-1] INFO  server.RaftServerConfigKeys (ConfUtils.java:logGet(46)) - raft.server.retrycache.expirytime = 600000ms (custom)
2022-06-16 16:20:29,486 [pool-603-thread-1] INFO  server.RaftServerConfigKeys (ConfUtils.java:logGet(46)) - raft.server.retrycache.statistics.expirytime = 100μs (default)
2022-06-16 16:20:29,487 [pool-603-thread-1] INFO  server.RaftServerConfigKeys (ConfUtils.java:logGet(46)) - raft.server.log.appender.install.snapshot.enabled = false (custom)
2022-06-16 16:20:29,487 [pool-603-thread-1] INFO  server.RaftServerConfigKeys (ConfUtils.java:logGet(46)) - raft.server.threadpool.server.cached = true (default)
2022-06-16 16:20:29,488 [pool-603-thread-1] INFO  server.RaftServerConfigKeys (ConfUtils.java:logGet(46)) - raft.server.threadpool.server.size = 0 (default)
2022-06-16 16:20:29,488 [pool-603-thread-1] INFO  server.RaftServerConfigKeys (ConfUtils.java:logGet(46)) - raft.server.threadpool.client.cached = true (default)
2022-06-16 16:20:29,488 [pool-603-thread-1] INFO  server.RaftServerConfigKeys (ConfUtils.java:logGet(46)) - raft.server.threadpool.client.size = 0 (default)
2022-06-16 16:20:29,488 [pool-603-thread-1] INFO  server.RaftServer$Division (RaftServerImpl.java:start(310)) - 835188e7-dd17-483f-9194-07b8bd68eba8@group-4DBCA3E0C6AD: start as a follower, conf=-1: [835188e7-dd17-483f-9194-07b8bd68eba8|rpc:10.1.0.16:32931|priority:1], old=null
2022-06-16 16:20:29,488 [pool-603-thread-1] INFO  server.RaftServer$Division (RaftServerImpl.java:setRole(299)) - 835188e7-dd17-483f-9194-07b8bd68eba8@group-4DBCA3E0C6AD: changes role from      null to FOLLOWER at term 0 for startAsFollower
2022-06-16 16:20:29,488 [pool-603-thread-1] INFO  impl.RoleInfo (RoleInfo.java:updateAndGet(139)) - 835188e7-dd17-483f-9194-07b8bd68eba8: start 835188e7-dd17-483f-9194-07b8bd68eba8@group-4DBCA3E0C6AD-FollowerState
2022-06-16 16:20:29,492 [pool-603-thread-1] INFO  util.JmxRegister (JmxRegister.java:tryRegister(44)) - Successfully registered JMX Bean with object name Ratis:service=RaftServer,group=group-4DBCA3E0C6AD,id=835188e7-dd17-483f-9194-07b8bd68eba8
2022-06-16 16:20:29,493 [Command processor thread] INFO  ratis.XceiverServerRatis (XceiverServerRatis.java:addGroup(765)) - Created group PipelineID=750ed808-97b4-4a71-919c-4dbca3e0c6ad
2022-06-16 16:20:29,493 [Command processor thread] INFO  commandhandler.CreatePipelineCommandHandler (CreatePipelineCommandHandler.java:handle(113)) - Created Pipeline RATIS ONE PipelineID=750ed808-97b4-4a71-919c-4dbca3e0c6ad.
2022-06-16 16:20:30,387 [Listener at 127.0.0.1/42069] INFO  ozone.MiniOzoneClusterImpl (MiniOzoneClusterImpl.java:lambda$waitForClusterToBeReady$0(221)) - Nodes are ready. Got 5 of 5 DN Heartbeats.
2022-06-16 16:20:30,388 [Listener at 127.0.0.1/42069] INFO  ozone.MiniOzoneClusterImpl (MiniOzoneClusterImpl.java:lambda$waitForClusterToBeReady$0(224)) - Waiting for cluster to exit safe mode
2022-06-16 16:20:30,388 [Listener at 127.0.0.1/42069] INFO  ozone.MiniOzoneClusterImpl (MiniOzoneClusterImpl.java:lambda$waitForClusterToBeReady$0(226)) - SCM became leader
2022-06-16 16:20:30,487 [Command processor thread] INFO  server.RaftServer (RaftServerProxy.java:addNew(96)) - 7e8c5af0-b72c-4b69-b53a-c0afe3ac69de: addNew group-98C1B10A653B:[7e8c5af0-b72c-4b69-b53a-c0afe3ac69de|rpc:10.1.0.16:33427|priority:1] returns group-98C1B10A653B:java.util.concurrent.CompletableFuture@6f9345cd[Not completed]
2022-06-16 16:20:30,527 [pool-630-thread-1] INFO  server.RaftServer$Division (RaftServerImpl.java:<init>(190)) - 7e8c5af0-b72c-4b69-b53a-c0afe3ac69de: new RaftServerImpl for group-98C1B10A653B:[7e8c5af0-b72c-4b69-b53a-c0afe3ac69de|rpc:10.1.0.16:33427|priority:1] with ContainerStateMachine:uninitialized
2022-06-16 16:20:30,527 [pool-630-thread-1] INFO  server.RaftServerConfigKeys (ConfUtils.java:logGet(46)) - raft.server.rpc.timeout.min = 5s (custom)
2022-06-16 16:20:30,527 [pool-630-thread-1] INFO  server.RaftServerConfigKeys (ConfUtils.java:logGet(46)) - raft.server.rpc.timeout.max = 5200ms (custom)
2022-06-16 16:20:30,527 [pool-630-thread-1] INFO  server.RaftServerConfigKeys (ConfUtils.java:logGet(46)) - raft.server.rpc.sleep.time = 25ms (default)
2022-06-16 16:20:30,527 [pool-630-thread-1] INFO  server.RaftServerConfigKeys (ConfUtils.java:logGet(46)) - raft.server.rpc.slowness.timeout = 300s (custom)
2022-06-16 16:20:30,527 [pool-630-thread-1] INFO  server.RaftServerConfigKeys (ConfUtils.java:logGet(46)) - raft.server.leaderelection.leader.step-down.wait-time = 10s (default)
2022-06-16 16:20:30,527 [pool-630-thread-1] INFO  server.RaftServerConfigKeys (ConfUtils.java:logGet(46)) - raft.server.sleep.deviation.threshold = 300ms (default)
2022-06-16 16:20:30,527 [pool-630-thread-1] INFO  server.RaftServer$Division (ServerState.java:<init>(107)) - 7e8c5af0-b72c-4b69-b53a-c0afe3ac69de@group-98C1B10A653B: ConfigurationManager, init=-1: [7e8c5af0-b72c-4b69-b53a-c0afe3ac69de|rpc:10.1.0.16:33427|priority:1], old=null, confs=<EMPTY_MAP>
2022-06-16 16:20:30,527 [pool-630-thread-1] INFO  server.RaftServerConfigKeys (ConfUtils.java:logGet(46)) - raft.server.storage.dir = [/home/runner/work/ozone/ozone/hadoop-ozone/integration-test/target/test-dir/MiniOzoneClusterImpl-98dd81b9-deed-4f2d-abd5-65bd0f491ac9/datanode-3/data/ratis] (custom)
2022-06-16 16:20:30,527 [pool-630-thread-1] INFO  server.RaftServerConfigKeys (ConfUtils.java:logGet(46)) - raft.server.log.corruption.policy = EXCEPTION (default)
2022-06-16 16:20:30,527 [pool-630-thread-1] INFO  server.RaftServerConfigKeys (ConfUtils.java:logGet(46)) - raft.server.storage.free-space.min = 0MB (=0) (default)
2022-06-16 16:20:30,527 [pool-630-thread-1] INFO  storage.RaftStorageDirectory (RaftStorageDirectoryImpl.java:analyzeStorage(135)) - The storage directory /home/runner/work/ozone/ozone/hadoop-ozone/integration-test/target/test-dir/MiniOzoneClusterImpl-98dd81b9-deed-4f2d-abd5-65bd0f491ac9/datanode-3/data/ratis/6342190e-b7c6-46a6-af73-98c1b10a653b does not exist. Creating ...
2022-06-16 16:20:30,530 [pool-630-thread-1] INFO  storage.RaftStorageDirectory (RaftStorageDirectoryImpl.java:tryLock(230)) - Lock on /home/runner/work/ozone/ozone/hadoop-ozone/integration-test/target/test-dir/MiniOzoneClusterImpl-98dd81b9-deed-4f2d-abd5-65bd0f491ac9/datanode-3/data/ratis/6342190e-b7c6-46a6-af73-98c1b10a653b/in_use.lock acquired by nodename 3861@fv-az37-268
2022-06-16 16:20:30,531 [pool-630-thread-1] INFO  storage.RaftStorage (RaftStorageImpl.java:format(89)) - Storage directory /home/runner/work/ozone/ozone/hadoop-ozone/integration-test/target/test-dir/MiniOzoneClusterImpl-98dd81b9-deed-4f2d-abd5-65bd0f491ac9/datanode-3/data/ratis/6342190e-b7c6-46a6-af73-98c1b10a653b has been successfully formatted.
2022-06-16 16:20:30,550 [pool-630-thread-1] INFO  ratis.ContainerStateMachine (ContainerStateMachine.java:loadSnapshot(236)) - group-98C1B10A653B: The snapshot info is null. Setting the last applied indexto:(t:0, i:~)
2022-06-16 16:20:30,550 [pool-630-thread-1] INFO  server.RaftServerConfigKeys (ConfUtils.java:logGet(46)) - raft.server.notification.no-leader.timeout = 300s (custom)
2022-06-16 16:20:30,550 [pool-630-thread-1] INFO  server.RaftServerConfigKeys (ConfUtils.java:logGet(46)) - raft.server.log.use.memory = false (default)
2022-06-16 16:20:30,550 [pool-630-thread-1] INFO  server.RaftServerConfigKeys (ConfUtils.java:logGet(46)) - raft.server.log.purge.gap = 1000000 (custom)
2022-06-16 16:20:30,550 [pool-630-thread-1] INFO  server.RaftServerConfigKeys (ConfUtils.java:logGet(46)) - raft.server.log.appender.buffer.byte-limit = 33554432 (custom)
2022-06-16 16:20:30,550 [pool-630-thread-1] INFO  server.RaftServerConfigKeys (ConfUtils.java:logGet(46)) - raft.server.log.statemachine.data.read.timeout = 1000ms (default)
2022-06-16 16:20:30,551 [EventQueue-PipelineReportForPipelineReportHandler] INFO  pipeline.PipelineManagerImpl (PipelineManagerImpl.java:openPipeline(356)) - Pipeline Pipeline[ Id: 6342190e-b7c6-46a6-af73-98c1b10a653b, Nodes: 7e8c5af0-b72c-4b69-b53a-c0afe3ac69de{ip: 10.1.0.16, host: fv-az37-268.zqe2tmcsx5vuvjs3sdc4q2yfud.gx.internal.cloudapp.net, ports: [REPLICATION=42537, RATIS=33427, RATIS_ADMIN=33427, RATIS_SERVER=33427, STANDALONE=34613], networkLocation: /default-rack, certSerialId: null, persistedOpState: IN_SERVICE, persistedOpStateExpiryEpochSec: 0}, ReplicationConfig: RATIS/ONE, State:ALLOCATED, leaderId:7e8c5af0-b72c-4b69-b53a-c0afe3ac69de, CreationTimestamp2022-06-16T16:20:27.506Z[Etc/UTC]] moved to OPEN state
2022-06-16 16:20:30,551 [pool-630-thread-1] INFO  server.RaftServerConfigKeys (ConfUtils.java:logGet(46)) - raft.server.log.segment.size.max = 1048576 (custom)
2022-06-16 16:20:30,551 [EventQueue-OpenPipelineForHealthyPipelineSafeModeRule] INFO  safemode.SCMSafeModeManager (HealthyPipelineSafeModeRule.java:process(124)) - SCM in safe mode. Healthy pipelines reported count is 0, required healthy pipeline reported count is 1
2022-06-16 16:20:30,556 [pool-630-thread-1] INFO  server.RaftServerConfigKeys (ConfUtils.java:logGet(46)) - raft.server.log.segment.cache.num.max = 2 (custom)
2022-06-16 16:20:30,556 [pool-630-thread-1] INFO  server.RaftServerConfigKeys (ConfUtils.java:logGet(46)) - raft.server.log.segment.cache.size.max = 200MB (=209715200) (default)
2022-06-16 16:20:30,556 [pool-630-thread-1] INFO  segmented.SegmentedRaftLogWorker (SegmentedRaftLogWorker.java:<init>(187)) - new 7e8c5af0-b72c-4b69-b53a-c0afe3ac69de@group-98C1B10A653B-SegmentedRaftLogWorker for RaftStorageImpl:Storage Directory /home/runner/work/ozone/ozone/hadoop-ozone/integration-test/target/test-dir/MiniOzoneClusterImpl-98dd81b9-deed-4f2d-abd5-65bd0f491ac9/datanode-3/data/ratis/6342190e-b7c6-46a6-af73-98c1b10a653b
2022-06-16 16:20:30,556 [pool-630-thread-1] INFO  server.RaftServerConfigKeys (ConfUtils.java:logGet(46)) - raft.server.log.queue.byte-limit = 4294967296 (custom)
2022-06-16 16:20:30,556 [pool-630-thread-1] INFO  server.RaftServerConfigKeys (ConfUtils.java:logGet(46)) - raft.server.log.queue.element-limit = 1024 (custom)
2022-06-16 16:20:30,556 [pool-630-thread-1] INFO  server.RaftServerConfigKeys (ConfUtils.java:logGet(46)) - raft.server.log.segment.size.max = 1048576 (custom)
2022-06-16 16:20:30,557 [pool-630-thread-1] INFO  server.RaftServerConfigKeys (ConfUtils.java:logGet(46)) - raft.server.log.preallocated.size = 16384 (custom)
2022-06-16 16:20:30,557 [pool-630-thread-1] INFO  server.RaftServerConfigKeys (ConfUtils.java:logGet(46)) - raft.server.log.force.sync.num = 128 (default)
2022-06-16 16:20:30,557 [pool-630-thread-1] INFO  server.RaftServerConfigKeys (ConfUtils.java:logGet(46)) - raft.server.log.statemachine.data.sync = true (default)
2022-06-16 16:20:30,557 [pool-630-thread-1] INFO  server.RaftServerConfigKeys (ConfUtils.java:logGet(46)) - raft.server.log.statemachine.data.sync.timeout = 10s (default)
2022-06-16 16:20:30,557 [pool-630-thread-1] INFO  server.RaftServerConfigKeys (ConfUtils.java:logGet(46)) - raft.server.log.statemachine.data.sync.timeout.retry = -1 (default)
2022-06-16 16:20:30,557 [pool-630-thread-1] INFO  server.RaftServerConfigKeys (ConfUtils.java:logGet(46)) - raft.server.log.write.buffer.size = 1048576 (custom)
2022-06-16 16:20:30,558 [pool-630-thread-1] INFO  server.RaftServerConfigKeys (ConfUtils.java:logGet(46)) - raft.server.log.unsafe-flush.enabled = false (default)
2022-06-16 16:20:30,558 [pool-630-thread-1] INFO  server.RaftServerConfigKeys (ConfUtils.java:logGet(46)) - raft.server.log.statemachine.data.caching.enabled = true (custom)
2022-06-16 16:20:30,558 [pool-630-thread-1] INFO  segmented.SegmentedRaftLogWorker (SegmentedRaftLogWorker.java:lambda$new$0(135)) - 7e8c5af0-b72c-4b69-b53a-c0afe3ac69de@group-98C1B10A653B-SegmentedRaftLogWorker: flushIndex: setUnconditionally 0 -> -1
2022-06-16 16:20:30,558 [pool-630-thread-1] INFO  segmented.SegmentedRaftLogWorker (SegmentedRaftLogWorker.java:lambda$new$0(135)) - 7e8c5af0-b72c-4b69-b53a-c0afe3ac69de@group-98C1B10A653B-SegmentedRaftLogWorker: safeCacheEvictIndex: setUnconditionally 0 -> -1
2022-06-16 16:20:30,562 [pool-630-thread-1] INFO  server.RaftServerConfigKeys (ConfUtils.java:logGet(46)) - raft.server.snapshot.auto.trigger.enabled = true (custom)
2022-06-16 16:20:30,562 [pool-630-thread-1] INFO  server.RaftServerConfigKeys (ConfUtils.java:logGet(46)) - raft.server.snapshot.auto.trigger.threshold = 10000 (custom)
2022-06-16 16:20:30,562 [pool-630-thread-1] INFO  server.RaftServerConfigKeys (ConfUtils.java:logGet(46)) - raft.server.snapshot.retention.file.num = 5 (custom)
2022-06-16 16:20:30,562 [pool-630-thread-1] INFO  server.RaftServerConfigKeys (ConfUtils.java:logGet(46)) - raft.server.log.purge.upto.snapshot.index = false (default)
2022-06-16 16:20:30,562 [pool-630-thread-1] INFO  server.RaftServerConfigKeys (ConfUtils.java:logGet(46)) - raft.server.retrycache.expirytime = 600000ms (custom)
2022-06-16 16:20:30,562 [pool-630-thread-1] INFO  server.RaftServerConfigKeys (ConfUtils.java:logGet(46)) - raft.server.retrycache.statistics.expirytime = 100μs (default)
2022-06-16 16:20:30,563 [pool-630-thread-1] INFO  server.RaftServerConfigKeys (ConfUtils.java:logGet(46)) - raft.server.log.appender.install.snapshot.enabled = false (custom)
2022-06-16 16:20:30,563 [pool-630-thread-1] INFO  server.RaftServerConfigKeys (ConfUtils.java:logGet(46)) - raft.server.threadpool.server.cached = true (default)
2022-06-16 16:20:30,563 [pool-630-thread-1] INFO  server.RaftServerConfigKeys (ConfUtils.java:logGet(46)) - raft.server.threadpool.server.size = 0 (default)
2022-06-16 16:20:30,563 [pool-630-thread-1] INFO  server.RaftServerConfigKeys (ConfUtils.java:logGet(46)) - raft.server.threadpool.client.cached = true (default)
2022-06-16 16:20:30,563 [pool-630-thread-1] INFO  server.RaftServerConfigKeys (ConfUtils.java:logGet(46)) - raft.server.threadpool.client.size = 0 (default)
2022-06-16 16:20:30,563 [pool-630-thread-1] INFO  server.RaftServer$Division (RaftServerImpl.java:start(310)) - 7e8c5af0-b72c-4b69-b53a-c0afe3ac69de@group-98C1B10A653B: start as a follower, conf=-1: [7e8c5af0-b72c-4b69-b53a-c0afe3ac69de|rpc:10.1.0.16:33427|priority:1], old=null
2022-06-16 16:20:30,563 [pool-630-thread-1] INFO  server.RaftServer$Division (RaftServerImpl.java:setRole(299)) - 7e8c5af0-b72c-4b69-b53a-c0afe3ac69de@group-98C1B10A653B: changes role from      null to FOLLOWER at term 0 for startAsFollower
2022-06-16 16:20:30,564 [pool-630-thread-1] INFO  impl.RoleInfo (RoleInfo.java:updateAndGet(139)) - 7e8c5af0-b72c-4b69-b53a-c0afe3ac69de: start 7e8c5af0-b72c-4b69-b53a-c0afe3ac69de@group-98C1B10A653B-FollowerState
2022-06-16 16:20:30,570 [pool-630-thread-1] INFO  util.JmxRegister (JmxRegister.java:tryRegister(44)) - Successfully registered JMX Bean with object name Ratis:service=RaftServer,group=group-98C1B10A653B,id=7e8c5af0-b72c-4b69-b53a-c0afe3ac69de
2022-06-16 16:20:30,570 [Command processor thread] INFO  ratis.XceiverServerRatis (XceiverServerRatis.java:addGroup(765)) - Created group PipelineID=6342190e-b7c6-46a6-af73-98c1b10a653b
2022-06-16 16:20:30,570 [Command processor thread] INFO  commandhandler.CreatePipelineCommandHandler (CreatePipelineCommandHandler.java:handle(113)) - Created Pipeline RATIS ONE PipelineID=6342190e-b7c6-46a6-af73-98c1b10a653b.
2022-06-16 16:20:31,388 [Listener at 127.0.0.1/42069] INFO  ozone.MiniOzoneClusterImpl (MiniOzoneClusterImpl.java:lambda$waitForClusterToBeReady$0(221)) - Nodes are ready. Got 5 of 5 DN Heartbeats.
2022-06-16 16:20:31,388 [Listener at 127.0.0.1/42069] INFO  ozone.MiniOzoneClusterImpl (MiniOzoneClusterImpl.java:lambda$waitForClusterToBeReady$0(224)) - Waiting for cluster to exit safe mode
2022-06-16 16:20:31,388 [Listener at 127.0.0.1/42069] INFO  ozone.MiniOzoneClusterImpl (MiniOzoneClusterImpl.java:lambda$waitForClusterToBeReady$0(226)) - SCM became leader
2022-06-16 16:20:31,530 [Command processor thread] INFO  server.RaftServer (RaftServerProxy.java:addNew(96)) - 30012c60-01cb-4fb6-b713-b802941d6cc3: addNew group-1FFE4C32436D:[30012c60-01cb-4fb6-b713-b802941d6cc3|rpc:10.1.0.16:41553|priority:1] returns group-1FFE4C32436D:java.util.concurrent.CompletableFuture@5e3a4ee6[Not completed]
2022-06-16 16:20:31,531 [pool-656-thread-1] INFO  server.RaftServer$Division (RaftServerImpl.java:<init>(190)) - 30012c60-01cb-4fb6-b713-b802941d6cc3: new RaftServerImpl for group-1FFE4C32436D:[30012c60-01cb-4fb6-b713-b802941d6cc3|rpc:10.1.0.16:41553|priority:1] with ContainerStateMachine:uninitialized
2022-06-16 16:20:31,531 [pool-656-thread-1] INFO  server.RaftServerConfigKeys (ConfUtils.java:logGet(46)) - raft.server.rpc.timeout.min = 5s (custom)
2022-06-16 16:20:31,531 [pool-656-thread-1] INFO  server.RaftServerConfigKeys (ConfUtils.java:logGet(46)) - raft.server.rpc.timeout.max = 5200ms (custom)
2022-06-16 16:20:31,532 [pool-656-thread-1] INFO  server.RaftServerConfigKeys (ConfUtils.java:logGet(46)) - raft.server.rpc.sleep.time = 25ms (default)
2022-06-16 16:20:31,532 [pool-656-thread-1] INFO  server.RaftServerConfigKeys (ConfUtils.java:logGet(46)) - raft.server.rpc.slowness.timeout = 300s (custom)
2022-06-16 16:20:31,532 [pool-656-thread-1] INFO  server.RaftServerConfigKeys (ConfUtils.java:logGet(46)) - raft.server.leaderelection.leader.step-down.wait-time = 10s (default)
2022-06-16 16:20:31,532 [pool-656-thread-1] INFO  server.RaftServerConfigKeys (ConfUtils.java:logGet(46)) - raft.server.sleep.deviation.threshold = 300ms (default)
2022-06-16 16:20:31,532 [pool-656-thread-1] INFO  server.RaftServer$Division (ServerState.java:<init>(107)) - 30012c60-01cb-4fb6-b713-b802941d6cc3@group-1FFE4C32436D: ConfigurationManager, init=-1: [30012c60-01cb-4fb6-b713-b802941d6cc3|rpc:10.1.0.16:41553|priority:1], old=null, confs=<EMPTY_MAP>
2022-06-16 16:20:31,532 [pool-656-thread-1] INFO  server.RaftServerConfigKeys (ConfUtils.java:logGet(46)) - raft.server.storage.dir = [/home/runner/work/ozone/ozone/hadoop-ozone/integration-test/target/test-dir/MiniOzoneClusterImpl-98dd81b9-deed-4f2d-abd5-65bd0f491ac9/datanode-4/data/ratis] (custom)
2022-06-16 16:20:31,532 [pool-656-thread-1] INFO  server.RaftServerConfigKeys (ConfUtils.java:logGet(46)) - raft.server.log.corruption.policy = EXCEPTION (default)
2022-06-16 16:20:31,532 [pool-656-thread-1] INFO  server.RaftServerConfigKeys (ConfUtils.java:logGet(46)) - raft.server.storage.free-space.min = 0MB (=0) (default)
2022-06-16 16:20:31,532 [pool-656-thread-1] INFO  storage.RaftStorageDirectory (RaftStorageDirectoryImpl.java:analyzeStorage(135)) - The storage directory /home/runner/work/ozone/ozone/hadoop-ozone/integration-test/target/test-dir/MiniOzoneClusterImpl-98dd81b9-deed-4f2d-abd5-65bd0f491ac9/datanode-4/data/ratis/400276d7-f8e0-406d-971e-1ffe4c32436d does not exist. Creating ...
2022-06-16 16:20:31,537 [pool-656-thread-1] INFO  storage.RaftStorageDirectory (RaftStorageDirectoryImpl.java:tryLock(230)) - Lock on /home/runner/work/ozone/ozone/hadoop-ozone/integration-test/target/test-dir/MiniOzoneClusterImpl-98dd81b9-deed-4f2d-abd5-65bd0f491ac9/datanode-4/data/ratis/400276d7-f8e0-406d-971e-1ffe4c32436d/in_use.lock acquired by nodename 3861@fv-az37-268
2022-06-16 16:20:31,544 [pool-656-thread-1] INFO  storage.RaftStorage (RaftStorageImpl.java:format(89)) - Storage directory /home/runner/work/ozone/ozone/hadoop-ozone/integration-test/target/test-dir/MiniOzoneClusterImpl-98dd81b9-deed-4f2d-abd5-65bd0f491ac9/datanode-4/data/ratis/400276d7-f8e0-406d-971e-1ffe4c32436d has been successfully formatted.
2022-06-16 16:20:31,561 [pool-656-thread-1] INFO  ratis.ContainerStateMachine (ContainerStateMachine.java:loadSnapshot(236)) - group-1FFE4C32436D: The snapshot info is null. Setting the last applied indexto:(t:0, i:~)
2022-06-16 16:20:31,561 [pool-656-thread-1] INFO  server.RaftServerConfigKeys (ConfUtils.java:logGet(46)) - raft.server.notification.no-leader.timeout = 300s (custom)
2022-06-16 16:20:31,561 [pool-656-thread-1] INFO  server.RaftServerConfigKeys (ConfUtils.java:logGet(46)) - raft.server.log.use.memory = false (default)
2022-06-16 16:20:31,561 [pool-656-thread-1] INFO  server.RaftServerConfigKeys (ConfUtils.java:logGet(46)) - raft.server.log.purge.gap = 1000000 (custom)
2022-06-16 16:20:31,561 [pool-656-thread-1] INFO  server.RaftServerConfigKeys (ConfUtils.java:logGet(46)) - raft.server.log.appender.buffer.byte-limit = 33554432 (custom)
2022-06-16 16:20:31,561 [pool-656-thread-1] INFO  server.RaftServerConfigKeys (ConfUtils.java:logGet(46)) - raft.server.log.statemachine.data.read.timeout = 1000ms (default)
2022-06-16 16:20:31,561 [pool-656-thread-1] INFO  server.RaftServerConfigKeys (ConfUtils.java:logGet(46)) - raft.server.log.segment.size.max = 1048576 (custom)
2022-06-16 16:20:31,561 [pool-656-thread-1] INFO  server.RaftServerConfigKeys (ConfUtils.java:logGet(46)) - raft.server.log.segment.cache.num.max = 2 (custom)
2022-06-16 16:20:31,562 [pool-656-thread-1] INFO  server.RaftServerConfigKeys (ConfUtils.java:logGet(46)) - raft.server.log.segment.cache.size.max = 200MB (=209715200) (default)
2022-06-16 16:20:31,562 [pool-656-thread-1] INFO  segmented.SegmentedRaftLogWorker (SegmentedRaftLogWorker.java:<init>(187)) - new 30012c60-01cb-4fb6-b713-b802941d6cc3@group-1FFE4C32436D-SegmentedRaftLogWorker for RaftStorageImpl:Storage Directory /home/runner/work/ozone/ozone/hadoop-ozone/integration-test/target/test-dir/MiniOzoneClusterImpl-98dd81b9-deed-4f2d-abd5-65bd0f491ac9/datanode-4/data/ratis/400276d7-f8e0-406d-971e-1ffe4c32436d
2022-06-16 16:20:31,562 [pool-656-thread-1] INFO  server.RaftServerConfigKeys (ConfUtils.java:logGet(46)) - raft.server.log.queue.byte-limit = 4294967296 (custom)
2022-06-16 16:20:31,562 [pool-656-thread-1] INFO  server.RaftServerConfigKeys (ConfUtils.java:logGet(46)) - raft.server.log.queue.element-limit = 1024 (custom)
2022-06-16 16:20:31,562 [pool-656-thread-1] INFO  server.RaftServerConfigKeys (ConfUtils.java:logGet(46)) - raft.server.log.segment.size.max = 1048576 (custom)
2022-06-16 16:20:31,562 [pool-656-thread-1] INFO  server.RaftServerConfigKeys (ConfUtils.java:logGet(46)) - raft.server.log.preallocated.size = 16384 (custom)
2022-06-16 16:20:31,562 [pool-656-thread-1] INFO  server.RaftServerConfigKeys (ConfUtils.java:logGet(46)) - raft.server.log.force.sync.num = 128 (default)
2022-06-16 16:20:31,562 [pool-656-thread-1] INFO  server.RaftServerConfigKeys (ConfUtils.java:logGet(46)) - raft.server.log.statemachine.data.sync = true (default)
2022-06-16 16:20:31,562 [pool-656-thread-1] INFO  server.RaftServerConfigKeys (ConfUtils.java:logGet(46)) - raft.server.log.statemachine.data.sync.timeout = 10s (default)
2022-06-16 16:20:31,562 [pool-656-thread-1] INFO  server.RaftServerConfigKeys (ConfUtils.java:logGet(46)) - raft.server.log.statemachine.data.sync.timeout.retry = -1 (default)
2022-06-16 16:20:31,564 [pool-656-thread-1] INFO  server.RaftServerConfigKeys (ConfUtils.java:logGet(46)) - raft.server.log.write.buffer.size = 1048576 (custom)
2022-06-16 16:20:31,564 [pool-656-thread-1] INFO  server.RaftServerConfigKeys (ConfUtils.java:logGet(46)) - raft.server.log.unsafe-flush.enabled = false (default)
2022-06-16 16:20:31,564 [pool-656-thread-1] INFO  server.RaftServerConfigKeys (ConfUtils.java:logGet(46)) - raft.server.log.statemachine.data.caching.enabled = true (custom)
2022-06-16 16:20:31,564 [pool-656-thread-1] INFO  segmented.SegmentedRaftLogWorker (SegmentedRaftLogWorker.java:lambda$new$0(135)) - 30012c60-01cb-4fb6-b713-b802941d6cc3@group-1FFE4C32436D-SegmentedRaftLogWorker: flushIndex: setUnconditionally 0 -> -1
2022-06-16 16:20:31,564 [pool-656-thread-1] INFO  segmented.SegmentedRaftLogWorker (SegmentedRaftLogWorker.java:lambda$new$0(135)) - 30012c60-01cb-4fb6-b713-b802941d6cc3@group-1FFE4C32436D-SegmentedRaftLogWorker: safeCacheEvictIndex: setUnconditionally 0 -> -1
2022-06-16 16:20:31,565 [EventQueue-PipelineReportForPipelineReportHandler] INFO  pipeline.PipelineManagerImpl (PipelineManagerImpl.java:openPipeline(356)) - Pipeline Pipeline[ Id: 400276d7-f8e0-406d-971e-1ffe4c32436d, Nodes: 30012c60-01cb-4fb6-b713-b802941d6cc3{ip: 10.1.0.16, host: fv-az37-268.zqe2tmcsx5vuvjs3sdc4q2yfud.gx.internal.cloudapp.net, ports: [REPLICATION=35307, RATIS=41553, RATIS_ADMIN=41553, RATIS_SERVER=41553, STANDALONE=45329], networkLocation: /default-rack, certSerialId: null, persistedOpState: IN_SERVICE, persistedOpStateExpiryEpochSec: 0}, ReplicationConfig: RATIS/ONE, State:ALLOCATED, leaderId:30012c60-01cb-4fb6-b713-b802941d6cc3, CreationTimestamp2022-06-16T16:20:28.493Z[Etc/UTC]] moved to OPEN state
2022-06-16 16:20:31,565 [EventQueue-OpenPipelineForHealthyPipelineSafeModeRule] INFO  safemode.SCMSafeModeManager (HealthyPipelineSafeModeRule.java:process(124)) - SCM in safe mode. Healthy pipelines reported count is 0, required healthy pipeline reported count is 1
2022-06-16 16:20:31,588 [pool-656-thread-1] INFO  server.RaftServerConfigKeys (ConfUtils.java:logGet(46)) - raft.server.snapshot.auto.trigger.enabled = true (custom)
2022-06-16 16:20:31,588 [pool-656-thread-1] INFO  server.RaftServerConfigKeys (ConfUtils.java:logGet(46)) - raft.server.snapshot.auto.trigger.threshold = 10000 (custom)
2022-06-16 16:20:31,588 [pool-656-thread-1] INFO  server.RaftServerConfigKeys (ConfUtils.java:logGet(46)) - raft.server.snapshot.retention.file.num = 5 (custom)
2022-06-16 16:20:31,588 [pool-656-thread-1] INFO  server.RaftServerConfigKeys (ConfUtils.java:logGet(46)) - raft.server.log.purge.upto.snapshot.index = false (default)
2022-06-16 16:20:31,588 [pool-656-thread-1] INFO  server.RaftServerConfigKeys (ConfUtils.java:logGet(46)) - raft.server.retrycache.expirytime = 600000ms (custom)
2022-06-16 16:20:31,588 [pool-656-thread-1] INFO  server.RaftServerConfigKeys (ConfUtils.java:logGet(46)) - raft.server.retrycache.statistics.expirytime = 100μs (default)
2022-06-16 16:20:31,589 [pool-656-thread-1] INFO  server.RaftServerConfigKeys (ConfUtils.java:logGet(46)) - raft.server.log.appender.install.snapshot.enabled = false (custom)
2022-06-16 16:20:31,589 [pool-656-thread-1] INFO  server.RaftServerConfigKeys (ConfUtils.java:logGet(46)) - raft.server.threadpool.server.cached = true (default)
2022-06-16 16:20:31,589 [pool-656-thread-1] INFO  server.RaftServerConfigKeys (ConfUtils.java:logGet(46)) - raft.server.threadpool.server.size = 0 (default)
2022-06-16 16:20:31,590 [pool-656-thread-1] INFO  server.RaftServerConfigKeys (ConfUtils.java:logGet(46)) - raft.server.threadpool.client.cached = true (default)
2022-06-16 16:20:31,590 [pool-656-thread-1] INFO  server.RaftServerConfigKeys (ConfUtils.java:logGet(46)) - raft.server.threadpool.client.size = 0 (default)
2022-06-16 16:20:31,590 [pool-656-thread-1] INFO  server.RaftServer$Division (RaftServerImpl.java:start(310)) - 30012c60-01cb-4fb6-b713-b802941d6cc3@group-1FFE4C32436D: start as a follower, conf=-1: [30012c60-01cb-4fb6-b713-b802941d6cc3|rpc:10.1.0.16:41553|priority:1], old=null
2022-06-16 16:20:31,590 [pool-656-thread-1] INFO  server.RaftServer$Division (RaftServerImpl.java:setRole(299)) - 30012c60-01cb-4fb6-b713-b802941d6cc3@group-1FFE4C32436D: changes role from      null to FOLLOWER at term 0 for startAsFollower
2022-06-16 16:20:31,590 [pool-656-thread-1] INFO  impl.RoleInfo (RoleInfo.java:updateAndGet(139)) - 30012c60-01cb-4fb6-b713-b802941d6cc3: start 30012c60-01cb-4fb6-b713-b802941d6cc3@group-1FFE4C32436D-FollowerState
2022-06-16 16:20:31,594 [pool-656-thread-1] INFO  util.JmxRegister (JmxRegister.java:tryRegister(44)) - Successfully registered JMX Bean with object name Ratis:service=RaftServer,group=group-1FFE4C32436D,id=30012c60-01cb-4fb6-b713-b802941d6cc3
2022-06-16 16:20:31,606 [Command processor thread] INFO  ratis.XceiverServerRatis (XceiverServerRatis.java:addGroup(765)) - Created group PipelineID=400276d7-f8e0-406d-971e-1ffe4c32436d
2022-06-16 16:20:31,606 [Command processor thread] INFO  commandhandler.CreatePipelineCommandHandler (CreatePipelineCommandHandler.java:handle(113)) - Created Pipeline RATIS ONE PipelineID=400276d7-f8e0-406d-971e-1ffe4c32436d.
2022-06-16 16:20:32,224 [dd1ed5e2-20b8-410c-8deb-f61f3310736b@group-C28A9427546F-FollowerState] INFO  impl.FollowerState (FollowerState.java:run(143)) - dd1ed5e2-20b8-410c-8deb-f61f3310736b@group-C28A9427546F-FollowerState: change to CANDIDATE, lastRpcElapsedTime:5068961917ns, electionTimeout:5065ms
2022-06-16 16:20:32,224 [dd1ed5e2-20b8-410c-8deb-f61f3310736b@group-C28A9427546F-FollowerState] INFO  impl.RoleInfo (RoleInfo.java:shutdownFollowerState(110)) - dd1ed5e2-20b8-410c-8deb-f61f3310736b: shutdown dd1ed5e2-20b8-410c-8deb-f61f3310736b@group-C28A9427546F-FollowerState
2022-06-16 16:20:32,224 [dd1ed5e2-20b8-410c-8deb-f61f3310736b@group-C28A9427546F-FollowerState] INFO  server.RaftServer$Division (RaftServerImpl.java:setRole(299)) - dd1ed5e2-20b8-410c-8deb-f61f3310736b@group-C28A9427546F: changes role from  FOLLOWER to CANDIDATE at term 0 for changeToCandidate
2022-06-16 16:20:32,224 [dd1ed5e2-20b8-410c-8deb-f61f3310736b@group-C28A9427546F-FollowerState] INFO  server.RaftServerConfigKeys (ConfUtils.java:logGet(46)) - raft.server.leaderelection.pre-vote = false (custom)
2022-06-16 16:20:32,224 [dd1ed5e2-20b8-410c-8deb-f61f3310736b@group-C28A9427546F-FollowerState] INFO  impl.RoleInfo (RoleInfo.java:updateAndGet(139)) - dd1ed5e2-20b8-410c-8deb-f61f3310736b: start dd1ed5e2-20b8-410c-8deb-f61f3310736b@group-C28A9427546F-LeaderElection32
2022-06-16 16:20:32,291 [dd1ed5e2-20b8-410c-8deb-f61f3310736b@group-C28A9427546F-LeaderElection32] INFO  impl.LeaderElection (LeaderElection.java:askForVotes(310)) - dd1ed5e2-20b8-410c-8deb-f61f3310736b@group-C28A9427546F-LeaderElection32 ELECTION round 0: submit vote requests at term 1 for -1: [dd1ed5e2-20b8-410c-8deb-f61f3310736b|rpc:10.1.0.16:35117|priority:1], old=null
2022-06-16 16:20:32,291 [dd1ed5e2-20b8-410c-8deb-f61f3310736b@group-C28A9427546F-LeaderElection32] INFO  impl.LeaderElection (LeaderElection.java:askForVotes(312)) - dd1ed5e2-20b8-410c-8deb-f61f3310736b@group-C28A9427546F-LeaderElection32 ELECTION round 0: result PASSED (term=1)
2022-06-16 16:20:32,291 [dd1ed5e2-20b8-410c-8deb-f61f3310736b@group-C28A9427546F-LeaderElection32] INFO  impl.RoleInfo (RoleInfo.java:shutdownLeaderElection(130)) - dd1ed5e2-20b8-410c-8deb-f61f3310736b: shutdown dd1ed5e2-20b8-410c-8deb-f61f3310736b@group-C28A9427546F-LeaderElection32
2022-06-16 16:20:32,291 [dd1ed5e2-20b8-410c-8deb-f61f3310736b@group-C28A9427546F-LeaderElection32] INFO  server.RaftServer$Division (RaftServerImpl.java:setRole(299)) - dd1ed5e2-20b8-410c-8deb-f61f3310736b@group-C28A9427546F: changes role from CANDIDATE to LEADER at term 1 for changeToLeader
2022-06-16 16:20:32,291 [dd1ed5e2-20b8-410c-8deb-f61f3310736b@group-C28A9427546F-LeaderElection32] INFO  ratis.XceiverServerRatis (XceiverServerRatis.java:handleLeaderChangedNotification(863)) - Leader change notification received for group: group-C28A9427546F with new leaderId: dd1ed5e2-20b8-410c-8deb-f61f3310736b
2022-06-16 16:20:32,292 [dd1ed5e2-20b8-410c-8deb-f61f3310736b@group-C28A9427546F-LeaderElection32] INFO  server.RaftServer$Division (ServerState.java:setLeader(287)) - dd1ed5e2-20b8-410c-8deb-f61f3310736b@group-C28A9427546F: change Leader from null to dd1ed5e2-20b8-410c-8deb-f61f3310736b at term 1 for becomeLeader, leader elected after 5157ms
2022-06-16 16:20:32,292 [dd1ed5e2-20b8-410c-8deb-f61f3310736b@group-C28A9427546F-LeaderElection32] INFO  server.RaftServerConfigKeys (ConfUtils.java:logGet(46)) - raft.server.staging.catchup.gap = 1000 (default)
2022-06-16 16:20:32,292 [dd1ed5e2-20b8-410c-8deb-f61f3310736b@group-C28A9427546F-LeaderElection32] INFO  server.RaftServerConfigKeys (ConfUtils.java:logGet(46)) - raft.server.write.element-limit = 1024 (custom)
2022-06-16 16:20:32,292 [dd1ed5e2-20b8-410c-8deb-f61f3310736b@group-C28A9427546F-LeaderElection32] INFO  server.RaftServerConfigKeys (ConfUtils.java:logGet(46)) - raft.server.write.byte-limit = 1024 M (=1073741824) (custom)
2022-06-16 16:20:32,292 [dd1ed5e2-20b8-410c-8deb-f61f3310736b@group-C28A9427546F-LeaderElection32] INFO  server.RaftServerConfigKeys (ConfUtils.java:logGet(46)) - raft.server.watch.timeout = 180s (custom)
2022-06-16 16:20:32,292 [dd1ed5e2-20b8-410c-8deb-f61f3310736b@group-C28A9427546F-LeaderElection32] INFO  server.RaftServerConfigKeys (ConfUtils.java:logGet(46)) - raft.server.watch.timeout.denomination = 1s (default)
2022-06-16 16:20:32,292 [dd1ed5e2-20b8-410c-8deb-f61f3310736b@group-C28A9427546F-LeaderElection32] INFO  server.RaftServerConfigKeys (ConfUtils.java:logGet(46)) - raft.server.watch.element-limit = 65536 (default)
2022-06-16 16:20:32,292 [dd1ed5e2-20b8-410c-8deb-f61f3310736b@group-C28A9427546F-LeaderElection32] INFO  server.RaftServerConfigKeys (ConfUtils.java:logGet(46)) - raft.server.write.element-limit = 1024 (custom)
2022-06-16 16:20:32,292 [dd1ed5e2-20b8-410c-8deb-f61f3310736b@group-C28A9427546F-LeaderElection32] INFO  server.RaftServerConfigKeys (ConfUtils.java:logGet(46)) - raft.server.write.follower.gap.ratio.max = -1.0 (default)
2022-06-16 16:20:32,292 [dd1ed5e2-20b8-410c-8deb-f61f3310736b@group-C28A9427546F-LeaderElection32] INFO  impl.RoleInfo (RoleInfo.java:updateAndGet(139)) - dd1ed5e2-20b8-410c-8deb-f61f3310736b: start dd1ed5e2-20b8-410c-8deb-f61f3310736b@group-C28A9427546F-LeaderStateImpl
2022-06-16 16:20:32,293 [dd1ed5e2-20b8-410c-8deb-f61f3310736b@group-C28A9427546F-LeaderElection32] INFO  segmented.SegmentedRaftLogWorker (SegmentedRaftLogWorker.java:startLogSegment(425)) - dd1ed5e2-20b8-410c-8deb-f61f3310736b@group-C28A9427546F-SegmentedRaftLogWorker: Starting segment from index:0
2022-06-16 16:20:32,294 [EventQueue-OpenPipelineForHealthyPipelineSafeModeRule] INFO  safemode.SCMSafeModeManager (HealthyPipelineSafeModeRule.java:process(124)) - SCM in safe mode. Healthy pipelines reported count is 0, required healthy pipeline reported count is 1
2022-06-16 16:20:32,296 [dd1ed5e2-20b8-410c-8deb-f61f3310736b@group-C28A9427546F-SegmentedRaftLogWorker] INFO  segmented.SegmentedRaftLogWorker (SegmentedRaftLogWorker.java:execute(629)) - dd1ed5e2-20b8-410c-8deb-f61f3310736b@group-C28A9427546F-SegmentedRaftLogWorker: created new log segment /home/runner/work/ozone/ozone/hadoop-ozone/integration-test/target/test-dir/MiniOzoneClusterImpl-98dd81b9-deed-4f2d-abd5-65bd0f491ac9/datanode-0/data/ratis/178f83f9-63c6-4f99-93eb-c28a9427546f/current/log_inprogress_0
2022-06-16 16:20:32,314 [dd1ed5e2-20b8-410c-8deb-f61f3310736b@group-C28A9427546F-LeaderElection32] INFO  server.RaftServer$Division (ServerState.java:setRaftConf(393)) - dd1ed5e2-20b8-410c-8deb-f61f3310736b@group-C28A9427546F: set configuration 0: [dd1ed5e2-20b8-410c-8deb-f61f3310736b|rpc:10.1.0.16:35117|dataStream:|priority:1], old=null
2022-06-16 16:20:32,353 [dd1ed5e2-20b8-410c-8deb-f61f3310736b@group-DCAA11744DDA-FollowerState] INFO  impl.FollowerState (FollowerState.java:run(143)) - dd1ed5e2-20b8-410c-8deb-f61f3310736b@group-DCAA11744DDA-FollowerState: change to CANDIDATE, lastRpcElapsedTime:5065103012ns, electionTimeout:5042ms
2022-06-16 16:20:32,353 [dd1ed5e2-20b8-410c-8deb-f61f3310736b@group-DCAA11744DDA-FollowerState] INFO  impl.RoleInfo (RoleInfo.java:shutdownFollowerState(110)) - dd1ed5e2-20b8-410c-8deb-f61f3310736b: shutdown dd1ed5e2-20b8-410c-8deb-f61f3310736b@group-DCAA11744DDA-FollowerState
2022-06-16 16:20:32,353 [dd1ed5e2-20b8-410c-8deb-f61f3310736b@group-DCAA11744DDA-FollowerState] INFO  server.RaftServer$Division (RaftServerImpl.java:setRole(299)) - dd1ed5e2-20b8-410c-8deb-f61f3310736b@group-DCAA11744DDA: changes role from  FOLLOWER to CANDIDATE at term 0 for changeToCandidate
2022-06-16 16:20:32,353 [dd1ed5e2-20b8-410c-8deb-f61f3310736b@group-DCAA11744DDA-FollowerState] INFO  server.RaftServerConfigKeys (ConfUtils.java:logGet(46)) - raft.server.leaderelection.pre-vote = false (custom)
2022-06-16 16:20:32,353 [dd1ed5e2-20b8-410c-8deb-f61f3310736b@group-DCAA11744DDA-FollowerState] INFO  impl.RoleInfo (RoleInfo.java:updateAndGet(139)) - dd1ed5e2-20b8-410c-8deb-f61f3310736b: start dd1ed5e2-20b8-410c-8deb-f61f3310736b@group-DCAA11744DDA-LeaderElection33
2022-06-16 16:20:32,388 [Listener at 127.0.0.1/42069] INFO  ozone.MiniOzoneClusterImpl (MiniOzoneClusterImpl.java:lambda$waitForClusterToBeReady$0(221)) - Nodes are ready. Got 5 of 5 DN Heartbeats.
2022-06-16 16:20:32,389 [Listener at 127.0.0.1/42069] INFO  ozone.MiniOzoneClusterImpl (MiniOzoneClusterImpl.java:lambda$waitForClusterToBeReady$0(224)) - Waiting for cluster to exit safe mode
2022-06-16 16:20:32,389 [Listener at 127.0.0.1/42069] INFO  ozone.MiniOzoneClusterImpl (MiniOzoneClusterImpl.java:lambda$waitForClusterToBeReady$0(226)) - SCM became leader
2022-06-16 16:20:32,410 [dd1ed5e2-20b8-410c-8deb-f61f3310736b@group-DCAA11744DDA-LeaderElection33] INFO  impl.LeaderElection (LeaderElection.java:askForVotes(310)) - dd1ed5e2-20b8-410c-8deb-f61f3310736b@group-DCAA11744DDA-LeaderElection33 ELECTION round 0: submit vote requests at term 1 for -1: [6087f466-757b-41fa-a219-681e056adf4c|rpc:10.1.0.16:40815|priority:1, dd1ed5e2-20b8-410c-8deb-f61f3310736b|rpc:10.1.0.16:35117|priority:0, 835188e7-dd17-483f-9194-07b8bd68eba8|rpc:10.1.0.16:32931|priority:0], old=null
2022-06-16 16:20:32,438 [6087f466-757b-41fa-a219-681e056adf4c@group-DCAA11744DDA-FollowerState] INFO  impl.FollowerState (FollowerState.java:run(143)) - 6087f466-757b-41fa-a219-681e056adf4c@group-DCAA11744DDA-FollowerState: change to CANDIDATE, lastRpcElapsedTime:5020441047ns, electionTimeout:5012ms
2022-06-16 16:20:32,438 [6087f466-757b-41fa-a219-681e056adf4c@group-DCAA11744DDA-FollowerState] INFO  impl.RoleInfo (RoleInfo.java:shutdownFollowerState(110)) - 6087f466-757b-41fa-a219-681e056adf4c: shutdown 6087f466-757b-41fa-a219-681e056adf4c@group-DCAA11744DDA-FollowerState
2022-06-16 16:20:32,438 [6087f466-757b-41fa-a219-681e056adf4c@group-DCAA11744DDA-FollowerState] INFO  server.RaftServer$Division (RaftServerImpl.java:setRole(299)) - 6087f466-757b-41fa-a219-681e056adf4c@group-DCAA11744DDA: changes role from  FOLLOWER to CANDIDATE at term 0 for changeToCandidate
2022-06-16 16:20:32,448 [6087f466-757b-41fa-a219-681e056adf4c@group-DCAA11744DDA-FollowerState] INFO  server.RaftServerConfigKeys (ConfUtils.java:logGet(46)) - raft.server.leaderelection.pre-vote = false (custom)
2022-06-16 16:20:32,448 [6087f466-757b-41fa-a219-681e056adf4c@group-DCAA11744DDA-FollowerState] INFO  impl.RoleInfo (RoleInfo.java:updateAndGet(139)) - 6087f466-757b-41fa-a219-681e056adf4c: start 6087f466-757b-41fa-a219-681e056adf4c@group-DCAA11744DDA-LeaderElection34
2022-06-16 16:20:32,457 [grpc-default-executor-1] INFO  server.RaftServer$Division (RaftServerImpl.java:requestVote(1152)) - 835188e7-dd17-483f-9194-07b8bd68eba8@group-DCAA11744DDA: receive requestVote(ELECTION, dd1ed5e2-20b8-410c-8deb-f61f3310736b, group-DCAA11744DDA, 1, (t:0, i:0))
2022-06-16 16:20:32,457 [grpc-default-executor-1] INFO  impl.VoteContext (VoteContext.java:log(48)) - 835188e7-dd17-483f-9194-07b8bd68eba8@group-DCAA11744DDA-FOLLOWER: accept ELECTION from dd1ed5e2-20b8-410c-8deb-f61f3310736b: our priority 0 <= candidate's priority 0
2022-06-16 16:20:32,457 [grpc-default-executor-1] INFO  server.RaftServer$Division (RaftServerImpl.java:setRole(299)) - 835188e7-dd17-483f-9194-07b8bd68eba8@group-DCAA11744DDA: changes role from  FOLLOWER to FOLLOWER at term 1 for candidate:dd1ed5e2-20b8-410c-8deb-f61f3310736b
2022-06-16 16:20:32,457 [grpc-default-executor-1] INFO  impl.RoleInfo (RoleInfo.java:shutdownFollowerState(110)) - 835188e7-dd17-483f-9194-07b8bd68eba8: shutdown 835188e7-dd17-483f-9194-07b8bd68eba8@group-DCAA11744DDA-FollowerState
2022-06-16 16:20:32,457 [grpc-default-executor-1] INFO  impl.RoleInfo (RoleInfo.java:updateAndGet(139)) - 835188e7-dd17-483f-9194-07b8bd68eba8: start 835188e7-dd17-483f-9194-07b8bd68eba8@group-DCAA11744DDA-FollowerState
2022-06-16 16:20:32,457 [835188e7-dd17-483f-9194-07b8bd68eba8@group-DCAA11744DDA-FollowerState] INFO  impl.FollowerState (FollowerState.java:run(152)) - 835188e7-dd17-483f-9194-07b8bd68eba8@group-DCAA11744DDA-FollowerState was interrupted
2022-06-16 16:20:32,463 [grpc-default-executor-1] INFO  server.RaftServer$Division (RaftServerImpl.java:requestVote(1184)) - 835188e7-dd17-483f-9194-07b8bd68eba8@group-DCAA11744DDA replies to ELECTION vote request: dd1ed5e2-20b8-410c-8deb-f61f3310736b<-835188e7-dd17-483f-9194-07b8bd68eba8#0:OK-t1. Peer's state: 835188e7-dd17-483f-9194-07b8bd68eba8@group-DCAA11744DDA:t1, leader=null, voted=dd1ed5e2-20b8-410c-8deb-f61f3310736b, raftlog=835188e7-dd17-483f-9194-07b8bd68eba8@group-DCAA11744DDA-SegmentedRaftLog:OPENED:c-1, conf=-1: [6087f466-757b-41fa-a219-681e056adf4c|rpc:10.1.0.16:40815|dataStream:|priority:1, dd1ed5e2-20b8-410c-8deb-f61f3310736b|rpc:10.1.0.16:35117|dataStream:|priority:0, 835188e7-dd17-483f-9194-07b8bd68eba8|rpc:10.1.0.16:32931|dataStream:|priority:0], old=null
2022-06-16 16:20:32,487 [6087f466-757b-41fa-a219-681e056adf4c@group-DCAA11744DDA-LeaderElection34] INFO  impl.LeaderElection (LeaderElection.java:askForVotes(310)) - 6087f466-757b-41fa-a219-681e056adf4c@group-DCAA11744DDA-LeaderElection34 ELECTION round 0: submit vote requests at term 1 for -1: [6087f466-757b-41fa-a219-681e056adf4c|rpc:10.1.0.16:40815|dataStream:|priority:1, dd1ed5e2-20b8-410c-8deb-f61f3310736b|rpc:10.1.0.16:35117|dataStream:|priority:0, 835188e7-dd17-483f-9194-07b8bd68eba8|rpc:10.1.0.16:32931|dataStream:|priority:0], old=null
2022-06-16 16:20:32,562 [grpc-default-executor-1] INFO  server.RaftServer$Division (RaftServerImpl.java:requestVote(1152)) - 6087f466-757b-41fa-a219-681e056adf4c@group-DCAA11744DDA: receive requestVote(ELECTION, dd1ed5e2-20b8-410c-8deb-f61f3310736b, group-DCAA11744DDA, 1, (t:0, i:0))
2022-06-16 16:20:32,562 [grpc-default-executor-1] INFO  impl.VoteContext (VoteContext.java:log(48)) - 6087f466-757b-41fa-a219-681e056adf4c@group-DCAA11744DDA-CANDIDATE: reject ELECTION from dd1ed5e2-20b8-410c-8deb-f61f3310736b: already has voted for 6087f466-757b-41fa-a219-681e056adf4c at current term 1
2022-06-16 16:20:32,562 [grpc-default-executor-1] INFO  server.RaftServer$Division (RaftServerImpl.java:requestVote(1184)) - 6087f466-757b-41fa-a219-681e056adf4c@group-DCAA11744DDA replies to ELECTION vote request: dd1ed5e2-20b8-410c-8deb-f61f3310736b<-6087f466-757b-41fa-a219-681e056adf4c#0:FAIL-t1. Peer's state: 6087f466-757b-41fa-a219-681e056adf4c@group-DCAA11744DDA:t1, leader=null, voted=6087f466-757b-41fa-a219-681e056adf4c, raftlog=6087f466-757b-41fa-a219-681e056adf4c@group-DCAA11744DDA-SegmentedRaftLog:OPENED:c-1, conf=-1: [6087f466-757b-41fa-a219-681e056adf4c|rpc:10.1.0.16:40815|dataStream:|priority:1, dd1ed5e2-20b8-410c-8deb-f61f3310736b|rpc:10.1.0.16:35117|dataStream:|priority:0, 835188e7-dd17-483f-9194-07b8bd68eba8|rpc:10.1.0.16:32931|dataStream:|priority:0], old=null
2022-06-16 16:20:32,562 [grpc-default-executor-1] INFO  server.RaftServer$Division (RaftServerImpl.java:requestVote(1152)) - dd1ed5e2-20b8-410c-8deb-f61f3310736b@group-DCAA11744DDA: receive requestVote(ELECTION, 6087f466-757b-41fa-a219-681e056adf4c, group-DCAA11744DDA, 1, (t:0, i:0))
2022-06-16 16:20:32,590 [grpc-default-executor-1] INFO  impl.VoteContext (VoteContext.java:log(48)) - dd1ed5e2-20b8-410c-8deb-f61f3310736b@group-DCAA11744DDA-CANDIDATE: reject ELECTION from 6087f466-757b-41fa-a219-681e056adf4c: already has voted for dd1ed5e2-20b8-410c-8deb-f61f3310736b at current term 1
2022-06-16 16:20:32,590 [grpc-default-executor-1] INFO  server.RaftServer$Division (RaftServerImpl.java:requestVote(1184)) - dd1ed5e2-20b8-410c-8deb-f61f3310736b@group-DCAA11744DDA replies to ELECTION vote request: 6087f466-757b-41fa-a219-681e056adf4c<-dd1ed5e2-20b8-410c-8deb-f61f3310736b#0:FAIL-t1. Peer's state: dd1ed5e2-20b8-410c-8deb-f61f3310736b@group-DCAA11744DDA:t1, leader=null, voted=dd1ed5e2-20b8-410c-8deb-f61f3310736b, raftlog=dd1ed5e2-20b8-410c-8deb-f61f3310736b@group-DCAA11744DDA-SegmentedRaftLog:OPENED:c-1, conf=-1: [6087f466-757b-41fa-a219-681e056adf4c|rpc:10.1.0.16:40815|priority:1, dd1ed5e2-20b8-410c-8deb-f61f3310736b|rpc:10.1.0.16:35117|priority:0, 835188e7-dd17-483f-9194-07b8bd68eba8|rpc:10.1.0.16:32931|priority:0], old=null
2022-06-16 16:20:32,566 [dd1ed5e2-20b8-410c-8deb-f61f3310736b@group-DCAA11744DDA-LeaderElection33] INFO  impl.LeaderElection (LeaderElection.java:logAndReturn(90)) - dd1ed5e2-20b8-410c-8deb-f61f3310736b@group-DCAA11744DDA-LeaderElection33: ELECTION REJECTED received 2 response(s) and 0 exception(s):
2022-06-16 16:20:32,591 [dd1ed5e2-20b8-410c-8deb-f61f3310736b@group-DCAA11744DDA-LeaderElection33] INFO  impl.LeaderElection (LeaderElection.java:logAndReturn(94)) -   Response 0: dd1ed5e2-20b8-410c-8deb-f61f3310736b<-6087f466-757b-41fa-a219-681e056adf4c#0:FAIL-t1
2022-06-16 16:20:32,591 [dd1ed5e2-20b8-410c-8deb-f61f3310736b@group-DCAA11744DDA-LeaderElection33] INFO  impl.LeaderElection (LeaderElection.java:logAndReturn(94)) -   Response 1: dd1ed5e2-20b8-410c-8deb-f61f3310736b<-835188e7-dd17-483f-9194-07b8bd68eba8#0:OK-t1
2022-06-16 16:20:32,591 [dd1ed5e2-20b8-410c-8deb-f61f3310736b@group-DCAA11744DDA-LeaderElection33] INFO  impl.LeaderElection (LeaderElection.java:askForVotes(312)) - dd1ed5e2-20b8-410c-8deb-f61f3310736b@group-DCAA11744DDA-LeaderElection33 ELECTION round 0: result REJECTED
2022-06-16 16:20:32,591 [dd1ed5e2-20b8-410c-8deb-f61f3310736b@group-DCAA11744DDA-LeaderElection33] INFO  server.RaftServer$Division (RaftServerImpl.java:setRole(299)) - dd1ed5e2-20b8-410c-8deb-f61f3310736b@group-DCAA11744DDA: changes role from CANDIDATE to FOLLOWER at term 1 for REJECTED
2022-06-16 16:20:32,591 [dd1ed5e2-20b8-410c-8deb-f61f3310736b@group-DCAA11744DDA-LeaderElection33] INFO  impl.RoleInfo (RoleInfo.java:shutdownLeaderElection(130)) - dd1ed5e2-20b8-410c-8deb-f61f3310736b: shutdown dd1ed5e2-20b8-410c-8deb-f61f3310736b@group-DCAA11744DDA-LeaderElection33
2022-06-16 16:20:32,591 [dd1ed5e2-20b8-410c-8deb-f61f3310736b@group-DCAA11744DDA-LeaderElection33] INFO  impl.RoleInfo (RoleInfo.java:updateAndGet(139)) - dd1ed5e2-20b8-410c-8deb-f61f3310736b: start dd1ed5e2-20b8-410c-8deb-f61f3310736b@group-DCAA11744DDA-FollowerState
2022-06-16 16:20:32,638 [grpc-default-executor-1] INFO  server.RaftServer$Division (RaftServerImpl.java:requestVote(1152)) - 835188e7-dd17-483f-9194-07b8bd68eba8@group-DCAA11744DDA: receive requestVote(ELECTION, 6087f466-757b-41fa-a219-681e056adf4c, group-DCAA11744DDA, 1, (t:0, i:0))
2022-06-16 16:20:32,638 [grpc-default-executor-1] INFO  impl.VoteContext (VoteContext.java:log(48)) - 835188e7-dd17-483f-9194-07b8bd68eba8@group-DCAA11744DDA-FOLLOWER: reject ELECTION from 6087f466-757b-41fa-a219-681e056adf4c: already has voted for dd1ed5e2-20b8-410c-8deb-f61f3310736b at current term 1
2022-06-16 16:20:32,638 [grpc-default-executor-1] INFO  server.RaftServer$Division (RaftServerImpl.java:requestVote(1184)) - 835188e7-dd17-483f-9194-07b8bd68eba8@group-DCAA11744DDA replies to ELECTION vote request: 6087f466-757b-41fa-a219-681e056adf4c<-835188e7-dd17-483f-9194-07b8bd68eba8#0:FAIL-t1. Peer's state: 835188e7-dd17-483f-9194-07b8bd68eba8@group-DCAA11744DDA:t1, leader=null, voted=dd1ed5e2-20b8-410c-8deb-f61f3310736b, raftlog=835188e7-dd17-483f-9194-07b8bd68eba8@group-DCAA11744DDA-SegmentedRaftLog:OPENED:c-1, conf=-1: [6087f466-757b-41fa-a219-681e056adf4c|rpc:10.1.0.16:40815|dataStream:|priority:1, dd1ed5e2-20b8-410c-8deb-f61f3310736b|rpc:10.1.0.16:35117|dataStream:|priority:0, 835188e7-dd17-483f-9194-07b8bd68eba8|rpc:10.1.0.16:32931|dataStream:|priority:0], old=null
2022-06-16 16:20:32,649 [6087f466-757b-41fa-a219-681e056adf4c@group-DCAA11744DDA-LeaderElection34] INFO  impl.LeaderElection (LeaderElection.java:logAndReturn(90)) - 6087f466-757b-41fa-a219-681e056adf4c@group-DCAA11744DDA-LeaderElection34: ELECTION REJECTED received 2 response(s) and 0 exception(s):
2022-06-16 16:20:32,649 [6087f466-757b-41fa-a219-681e056adf4c@group-DCAA11744DDA-LeaderElection34] INFO  impl.LeaderElection (LeaderElection.java:logAndReturn(94)) -   Response 0: 6087f466-757b-41fa-a219-681e056adf4c<-dd1ed5e2-20b8-410c-8deb-f61f3310736b#0:FAIL-t1
2022-06-16 16:20:32,649 [6087f466-757b-41fa-a219-681e056adf4c@group-DCAA11744DDA-LeaderElection34] INFO  impl.LeaderElection (LeaderElection.java:logAndReturn(94)) -   Response 1: 6087f466-757b-41fa-a219-681e056adf4c<-835188e7-dd17-483f-9194-07b8bd68eba8#0:FAIL-t1
2022-06-16 16:20:32,649 [6087f466-757b-41fa-a219-681e056adf4c@group-DCAA11744DDA-LeaderElection34] INFO  impl.LeaderElection (LeaderElection.java:askForVotes(312)) - 6087f466-757b-41fa-a219-681e056adf4c@group-DCAA11744DDA-LeaderElection34 ELECTION round 0: result REJECTED
2022-06-16 16:20:32,649 [6087f466-757b-41fa-a219-681e056adf4c@group-DCAA11744DDA-LeaderElection34] INFO  server.RaftServer$Division (RaftServerImpl.java:setRole(299)) - 6087f466-757b-41fa-a219-681e056adf4c@group-DCAA11744DDA: changes role from CANDIDATE to FOLLOWER at term 1 for REJECTED
2022-06-16 16:20:32,649 [6087f466-757b-41fa-a219-681e056adf4c@group-DCAA11744DDA-LeaderElection34] INFO  impl.RoleInfo (RoleInfo.java:shutdownLeaderElection(130)) - 6087f466-757b-41fa-a219-681e056adf4c: shutdown 6087f466-757b-41fa-a219-681e056adf4c@group-DCAA11744DDA-LeaderElection34
2022-06-16 16:20:32,649 [6087f466-757b-41fa-a219-681e056adf4c@group-DCAA11744DDA-LeaderElection34] INFO  impl.RoleInfo (RoleInfo.java:updateAndGet(139)) - 6087f466-757b-41fa-a219-681e056adf4c: start 6087f466-757b-41fa-a219-681e056adf4c@group-DCAA11744DDA-FollowerState
2022-06-16 16:20:32,757 [6087f466-757b-41fa-a219-681e056adf4c@group-E38C3F955305-FollowerState] INFO  impl.FollowerState (FollowerState.java:run(143)) - 6087f466-757b-41fa-a219-681e056adf4c@group-E38C3F955305-FollowerState: change to CANDIDATE, lastRpcElapsedTime:5018153545ns, electionTimeout:5015ms
2022-06-16 16:20:32,758 [6087f466-757b-41fa-a219-681e056adf4c@group-E38C3F955305-FollowerState] INFO  impl.RoleInfo (RoleInfo.java:shutdownFollowerState(110)) - 6087f466-757b-41fa-a219-681e056adf4c: shutdown 6087f466-757b-41fa-a219-681e056adf4c@group-E38C3F955305-FollowerState
2022-06-16 16:20:32,758 [6087f466-757b-41fa-a219-681e056adf4c@group-E38C3F955305-FollowerState] INFO  server.RaftServer$Division (RaftServerImpl.java:setRole(299)) - 6087f466-757b-41fa-a219-681e056adf4c@group-E38C3F955305: changes role from  FOLLOWER to CANDIDATE at term 0 for changeToCandidate
2022-06-16 16:20:32,758 [6087f466-757b-41fa-a219-681e056adf4c@group-E38C3F955305-FollowerState] INFO  server.RaftServerConfigKeys (ConfUtils.java:logGet(46)) - raft.server.leaderelection.pre-vote = false (custom)
2022-06-16 16:20:32,758 [6087f466-757b-41fa-a219-681e056adf4c@group-E38C3F955305-FollowerState] INFO  impl.RoleInfo (RoleInfo.java:updateAndGet(139)) - 6087f466-757b-41fa-a219-681e056adf4c: start 6087f466-757b-41fa-a219-681e056adf4c@group-E38C3F955305-LeaderElection35
2022-06-16 16:20:32,766 [dd1ed5e2-20b8-410c-8deb-f61f3310736b@group-E38C3F955305-FollowerState] INFO  impl.FollowerState (FollowerState.java:run(143)) - dd1ed5e2-20b8-410c-8deb-f61f3310736b@group-E38C3F955305-FollowerState: change to CANDIDATE, lastRpcElapsedTime:5124578502ns, electionTimeout:5108ms
2022-06-16 16:20:32,766 [dd1ed5e2-20b8-410c-8deb-f61f3310736b@group-E38C3F955305-FollowerState] INFO  impl.RoleInfo (RoleInfo.java:shutdownFollowerState(110)) - dd1ed5e2-20b8-410c-8deb-f61f3310736b: shutdown dd1ed5e2-20b8-410c-8deb-f61f3310736b@group-E38C3F955305-FollowerState
2022-06-16 16:20:32,766 [dd1ed5e2-20b8-410c-8deb-f61f3310736b@group-E38C3F955305-FollowerState] INFO  server.RaftServer$Division (RaftServerImpl.java:setRole(299)) - dd1ed5e2-20b8-410c-8deb-f61f3310736b@group-E38C3F955305: changes role from  FOLLOWER to CANDIDATE at term 0 for changeToCandidate
2022-06-16 16:20:32,791 [dd1ed5e2-20b8-410c-8deb-f61f3310736b@group-E38C3F955305-FollowerState] INFO  server.RaftServerConfigKeys (ConfUtils.java:logGet(46)) - raft.server.leaderelection.pre-vote = false (custom)
2022-06-16 16:20:32,791 [dd1ed5e2-20b8-410c-8deb-f61f3310736b@group-E38C3F955305-FollowerState] INFO  impl.RoleInfo (RoleInfo.java:updateAndGet(139)) - dd1ed5e2-20b8-410c-8deb-f61f3310736b: start dd1ed5e2-20b8-410c-8deb-f61f3310736b@group-E38C3F955305-LeaderElection36
2022-06-16 16:20:32,814 [6087f466-757b-41fa-a219-681e056adf4c@group-E38C3F955305-LeaderElection35] INFO  impl.LeaderElection (LeaderElection.java:askForVotes(310)) - 6087f466-757b-41fa-a219-681e056adf4c@group-E38C3F955305-LeaderElection35 ELECTION round 0: submit vote requests at term 1 for -1: [6087f466-757b-41fa-a219-681e056adf4c|rpc:10.1.0.16:40815|dataStream:|priority:0, dd1ed5e2-20b8-410c-8deb-f61f3310736b|rpc:10.1.0.16:35117|dataStream:|priority:0, 835188e7-dd17-483f-9194-07b8bd68eba8|rpc:10.1.0.16:32931|dataStream:|priority:1], old=null
2022-06-16 16:20:32,835 [grpc-default-executor-1] INFO  server.RaftServer$Division (RaftServerImpl.java:requestVote(1152)) - dd1ed5e2-20b8-410c-8deb-f61f3310736b@group-E38C3F955305: receive requestVote(ELECTION, 6087f466-757b-41fa-a219-681e056adf4c, group-E38C3F955305, 1, (t:0, i:0))
2022-06-16 16:20:32,835 [grpc-default-executor-0] INFO  server.RaftServer$Division (RaftServerImpl.java:requestVote(1152)) - 835188e7-dd17-483f-9194-07b8bd68eba8@group-E38C3F955305: receive requestVote(ELECTION, 6087f466-757b-41fa-a219-681e056adf4c, group-E38C3F955305, 1, (t:0, i:0))
2022-06-16 16:20:32,835 [grpc-default-executor-1] INFO  impl.VoteContext (VoteContext.java:log(48)) - dd1ed5e2-20b8-410c-8deb-f61f3310736b@group-E38C3F955305-CANDIDATE: accept ELECTION from 6087f466-757b-41fa-a219-681e056adf4c: our priority 0 <= candidate's priority 0
2022-06-16 16:20:32,835 [grpc-default-executor-0] INFO  impl.VoteContext (VoteContext.java:log(48)) - 835188e7-dd17-483f-9194-07b8bd68eba8@group-E38C3F955305-FOLLOWER: reject ELECTION from 6087f466-757b-41fa-a219-681e056adf4c: our priority 1 > candidate's priority 0
2022-06-16 16:20:32,835 [grpc-default-executor-1] INFO  server.RaftServer$Division (RaftServerImpl.java:setRole(299)) - dd1ed5e2-20b8-410c-8deb-f61f3310736b@group-E38C3F955305: changes role from CANDIDATE to FOLLOWER at term 1 for candidate:6087f466-757b-41fa-a219-681e056adf4c
2022-06-16 16:20:32,835 [grpc-default-executor-0] INFO  server.RaftServer$Division (RaftServerImpl.java:setRole(299)) - 835188e7-dd17-483f-9194-07b8bd68eba8@group-E38C3F955305: changes role from  FOLLOWER to FOLLOWER at term 1 for candidate:6087f466-757b-41fa-a219-681e056adf4c
2022-06-16 16:20:32,835 [grpc-default-executor-1] INFO  impl.RoleInfo (RoleInfo.java:shutdownLeaderElection(130)) - dd1ed5e2-20b8-410c-8deb-f61f3310736b: shutdown dd1ed5e2-20b8-410c-8deb-f61f3310736b@group-E38C3F955305-LeaderElection36
2022-06-16 16:20:32,835 [grpc-default-executor-1] INFO  impl.RoleInfo (RoleInfo.java:updateAndGet(139)) - dd1ed5e2-20b8-410c-8deb-f61f3310736b: start dd1ed5e2-20b8-410c-8deb-f61f3310736b@group-E38C3F955305-FollowerState
2022-06-16 16:20:32,835 [grpc-default-executor-0] INFO  impl.RoleInfo (RoleInfo.java:shutdownFollowerState(110)) - 835188e7-dd17-483f-9194-07b8bd68eba8: shutdown 835188e7-dd17-483f-9194-07b8bd68eba8@group-E38C3F955305-FollowerState
2022-06-16 16:20:32,837 [grpc-default-executor-1] INFO  server.RaftServer$Division (RaftServerImpl.java:requestVote(1184)) - dd1ed5e2-20b8-410c-8deb-f61f3310736b@group-E38C3F955305 replies to ELECTION vote request: 6087f466-757b-41fa-a219-681e056adf4c<-dd1ed5e2-20b8-410c-8deb-f61f3310736b#0:OK-t1. Peer's state: dd1ed5e2-20b8-410c-8deb-f61f3310736b@group-E38C3F955305:t1, leader=null, voted=6087f466-757b-41fa-a219-681e056adf4c, raftlog=dd1ed5e2-20b8-410c-8deb-f61f3310736b@group-E38C3F955305-SegmentedRaftLog:OPENED:c-1, conf=-1: [6087f466-757b-41fa-a219-681e056adf4c|rpc:10.1.0.16:40815|priority:0, dd1ed5e2-20b8-410c-8deb-f61f3310736b|rpc:10.1.0.16:35117|priority:0, 835188e7-dd17-483f-9194-07b8bd68eba8|rpc:10.1.0.16:32931|priority:1], old=null
2022-06-16 16:20:32,858 [grpc-default-executor-0] INFO  impl.RoleInfo (RoleInfo.java:updateAndGet(139)) - 835188e7-dd17-483f-9194-07b8bd68eba8: start 835188e7-dd17-483f-9194-07b8bd68eba8@group-E38C3F955305-FollowerState
2022-06-16 16:20:32,858 [835188e7-dd17-483f-9194-07b8bd68eba8@group-E38C3F955305-FollowerState] INFO  impl.FollowerState (FollowerState.java:run(152)) - 835188e7-dd17-483f-9194-07b8bd68eba8@group-E38C3F955305-FollowerState was interrupted
2022-06-16 16:20:32,915 [grpc-default-executor-0] INFO  server.RaftServer$Division (RaftServerImpl.java:requestVote(1184)) - 835188e7-dd17-483f-9194-07b8bd68eba8@group-E38C3F955305 replies to ELECTION vote request: 6087f466-757b-41fa-a219-681e056adf4c<-835188e7-dd17-483f-9194-07b8bd68eba8#0:FAIL-t1. Peer's state: 835188e7-dd17-483f-9194-07b8bd68eba8@group-E38C3F955305:t1, leader=null, voted=null, raftlog=835188e7-dd17-483f-9194-07b8bd68eba8@group-E38C3F955305-SegmentedRaftLog:OPENED:c-1, conf=-1: [6087f466-757b-41fa-a219-681e056adf4c|rpc:10.1.0.16:40815|dataStream:|priority:0, dd1ed5e2-20b8-410c-8deb-f61f3310736b|rpc:10.1.0.16:35117|dataStream:|priority:0, 835188e7-dd17-483f-9194-07b8bd68eba8|rpc:10.1.0.16:32931|dataStream:|priority:1], old=null
2022-06-16 16:20:32,917 [6087f466-757b-41fa-a219-681e056adf4c@group-E38C3F955305-LeaderElection35] INFO  impl.LeaderElection (LeaderElection.java:logAndReturn(90)) - 6087f466-757b-41fa-a219-681e056adf4c@group-E38C3F955305-LeaderElection35: ELECTION REJECTED received 2 response(s) and 0 exception(s):
2022-06-16 16:20:32,917 [6087f466-757b-41fa-a219-681e056adf4c@group-E38C3F955305-LeaderElection35] INFO  impl.LeaderElection (LeaderElection.java:logAndReturn(94)) -   Response 0: 6087f466-757b-41fa-a219-681e056adf4c<-dd1ed5e2-20b8-410c-8deb-f61f3310736b#0:OK-t1
2022-06-16 16:20:32,917 [6087f466-757b-41fa-a219-681e056adf4c@group-E38C3F955305-LeaderElection35] INFO  impl.LeaderElection (LeaderElection.java:logAndReturn(94)) -   Response 1: 6087f466-757b-41fa-a219-681e056adf4c<-835188e7-dd17-483f-9194-07b8bd68eba8#0:FAIL-t1
2022-06-16 16:20:32,917 [6087f466-757b-41fa-a219-681e056adf4c@group-E38C3F955305-LeaderElection35] INFO  impl.LeaderElection (LeaderElection.java:askForVotes(312)) - 6087f466-757b-41fa-a219-681e056adf4c@group-E38C3F955305-LeaderElection35 ELECTION round 0: result REJECTED
2022-06-16 16:20:32,917 [6087f466-757b-41fa-a219-681e056adf4c@group-E38C3F955305-LeaderElection35] INFO  server.RaftServer$Division (RaftServerImpl.java:setRole(299)) - 6087f466-757b-41fa-a219-681e056adf4c@group-E38C3F955305: changes role from CANDIDATE to FOLLOWER at term 1 for REJECTED
2022-06-16 16:20:32,917 [6087f466-757b-41fa-a219-681e056adf4c@group-E38C3F955305-LeaderElection35] INFO  impl.RoleInfo (RoleInfo.java:shutdownLeaderElection(130)) - 6087f466-757b-41fa-a219-681e056adf4c: shutdown 6087f466-757b-41fa-a219-681e056adf4c@group-E38C3F955305-LeaderElection35
2022-06-16 16:20:32,917 [6087f466-757b-41fa-a219-681e056adf4c@group-E38C3F955305-LeaderElection35] INFO  impl.RoleInfo (RoleInfo.java:updateAndGet(139)) - 6087f466-757b-41fa-a219-681e056adf4c: start 6087f466-757b-41fa-a219-681e056adf4c@group-E38C3F955305-FollowerState
2022-06-16 16:20:33,185 [6087f466-757b-41fa-a219-681e056adf4c@group-2F479EB56004-FollowerState] INFO  impl.FollowerState (FollowerState.java:run(143)) - 6087f466-757b-41fa-a219-681e056adf4c@group-2F479EB56004-FollowerState: change to CANDIDATE, lastRpcElapsedTime:5022096553ns, electionTimeout:5015ms
2022-06-16 16:20:33,185 [6087f466-757b-41fa-a219-681e056adf4c@group-2F479EB56004-FollowerState] INFO  impl.RoleInfo (RoleInfo.java:shutdownFollowerState(110)) - 6087f466-757b-41fa-a219-681e056adf4c: shutdown 6087f466-757b-41fa-a219-681e056adf4c@group-2F479EB56004-FollowerState
2022-06-16 16:20:33,185 [6087f466-757b-41fa-a219-681e056adf4c@group-2F479EB56004-FollowerState] INFO  server.RaftServer$Division (RaftServerImpl.java:setRole(299)) - 6087f466-757b-41fa-a219-681e056adf4c@group-2F479EB56004: changes role from  FOLLOWER to CANDIDATE at term 0 for changeToCandidate
2022-06-16 16:20:33,185 [6087f466-757b-41fa-a219-681e056adf4c@group-2F479EB56004-FollowerState] INFO  server.RaftServerConfigKeys (ConfUtils.java:logGet(46)) - raft.server.leaderelection.pre-vote = false (custom)
2022-06-16 16:20:33,185 [6087f466-757b-41fa-a219-681e056adf4c@group-2F479EB56004-FollowerState] INFO  impl.RoleInfo (RoleInfo.java:updateAndGet(139)) - 6087f466-757b-41fa-a219-681e056adf4c: start 6087f466-757b-41fa-a219-681e056adf4c@group-2F479EB56004-LeaderElection37
2022-06-16 16:20:33,230 [6087f466-757b-41fa-a219-681e056adf4c@group-2F479EB56004-LeaderElection37] INFO  impl.LeaderElection (LeaderElection.java:askForVotes(310)) - 6087f466-757b-41fa-a219-681e056adf4c@group-2F479EB56004-LeaderElection37 ELECTION round 0: submit vote requests at term 1 for -1: [6087f466-757b-41fa-a219-681e056adf4c|rpc:10.1.0.16:40815|priority:1], old=null
2022-06-16 16:20:33,230 [6087f466-757b-41fa-a219-681e056adf4c@group-2F479EB56004-LeaderElection37] INFO  impl.LeaderElection (LeaderElection.java:askForVotes(312)) - 6087f466-757b-41fa-a219-681e056adf4c@group-2F479EB56004-LeaderElection37 ELECTION round 0: result PASSED (term=1)
2022-06-16 16:20:33,230 [6087f466-757b-41fa-a219-681e056adf4c@group-2F479EB56004-LeaderElection37] INFO  impl.RoleInfo (RoleInfo.java:shutdownLeaderElection(130)) - 6087f466-757b-41fa-a219-681e056adf4c: shutdown 6087f466-757b-41fa-a219-681e056adf4c@group-2F479EB56004-LeaderElection37
2022-06-16 16:20:33,230 [6087f466-757b-41fa-a219-681e056adf4c@group-2F479EB56004-LeaderElection37] INFO  server.RaftServer$Division (RaftServerImpl.java:setRole(299)) - 6087f466-757b-41fa-a219-681e056adf4c@group-2F479EB56004: changes role from CANDIDATE to LEADER at term 1 for changeToLeader
2022-06-16 16:20:33,231 [6087f466-757b-41fa-a219-681e056adf4c@group-2F479EB56004-LeaderElection37] INFO  ratis.XceiverServerRatis (XceiverServerRatis.java:handleLeaderChangedNotification(863)) - Leader change notification received for group: group-2F479EB56004 with new leaderId: 6087f466-757b-41fa-a219-681e056adf4c
2022-06-16 16:20:33,231 [6087f466-757b-41fa-a219-681e056adf4c@group-2F479EB56004-LeaderElection37] INFO  server.RaftServer$Division (ServerState.java:setLeader(287)) - 6087f466-757b-41fa-a219-681e056adf4c@group-2F479EB56004: change Leader from null to 6087f466-757b-41fa-a219-681e056adf4c at term 1 for becomeLeader, leader elected after 5085ms
2022-06-16 16:20:33,231 [6087f466-757b-41fa-a219-681e056adf4c@group-2F479EB56004-LeaderElection37] INFO  server.RaftServerConfigKeys (ConfUtils.java:logGet(46)) - raft.server.staging.catchup.gap = 1000 (default)
2022-06-16 16:20:33,231 [6087f466-757b-41fa-a219-681e056adf4c@group-2F479EB56004-LeaderElection37] INFO  server.RaftServerConfigKeys (ConfUtils.java:logGet(46)) - raft.server.write.element-limit = 1024 (custom)
2022-06-16 16:20:33,231 [6087f466-757b-41fa-a219-681e056adf4c@group-2F479EB56004-LeaderElection37] INFO  server.RaftServerConfigKeys (ConfUtils.java:logGet(46)) - raft.server.write.byte-limit = 1024 M (=1073741824) (custom)
2022-06-16 16:20:33,231 [6087f466-757b-41fa-a219-681e056adf4c@group-2F479EB56004-LeaderElection37] INFO  server.RaftServerConfigKeys (ConfUtils.java:logGet(46)) - raft.server.watch.timeout = 180s (custom)
2022-06-16 16:20:33,231 [6087f466-757b-41fa-a219-681e056adf4c@group-2F479EB56004-LeaderElection37] INFO  server.RaftServerConfigKeys (ConfUtils.java:logGet(46)) - raft.server.watch.timeout.denomination = 1s (default)
2022-06-16 16:20:33,231 [6087f466-757b-41fa-a219-681e056adf4c@group-2F479EB56004-LeaderElection37] INFO  server.RaftServerConfigKeys (ConfUtils.java:logGet(46)) - raft.server.watch.element-limit = 65536 (default)
2022-06-16 16:20:33,231 [6087f466-757b-41fa-a219-681e056adf4c@group-2F479EB56004-LeaderElection37] INFO  server.RaftServerConfigKeys (ConfUtils.java:logGet(46)) - raft.server.write.element-limit = 1024 (custom)
2022-06-16 16:20:33,231 [6087f466-757b-41fa-a219-681e056adf4c@group-2F479EB56004-LeaderElection37] INFO  server.RaftServerConfigKeys (ConfUtils.java:logGet(46)) - raft.server.write.follower.gap.ratio.max = -1.0 (default)
2022-06-16 16:20:33,231 [6087f466-757b-41fa-a219-681e056adf4c@group-2F479EB56004-LeaderElection37] INFO  impl.RoleInfo (RoleInfo.java:updateAndGet(139)) - 6087f466-757b-41fa-a219-681e056adf4c: start 6087f466-757b-41fa-a219-681e056adf4c@group-2F479EB56004-LeaderStateImpl
2022-06-16 16:20:33,232 [6087f466-757b-41fa-a219-681e056adf4c@group-2F479EB56004-LeaderElection37] INFO  segmented.SegmentedRaftLogWorker (SegmentedRaftLogWorker.java:startLogSegment(425)) - 6087f466-757b-41fa-a219-681e056adf4c@group-2F479EB56004-SegmentedRaftLogWorker: Starting segment from index:0
2022-06-16 16:20:33,234 [EventQueue-OpenPipelineForHealthyPipelineSafeModeRule] INFO  safemode.SCMSafeModeManager (HealthyPipelineSafeModeRule.java:process(124)) - SCM in safe mode. Healthy pipelines reported count is 0, required healthy pipeline reported count is 1
2022-06-16 16:20:33,235 [6087f466-757b-41fa-a219-681e056adf4c@group-2F479EB56004-SegmentedRaftLogWorker] INFO  segmented.SegmentedRaftLogWorker (SegmentedRaftLogWorker.java:execute(629)) - 6087f466-757b-41fa-a219-681e056adf4c@group-2F479EB56004-SegmentedRaftLogWorker: created new log segment /home/runner/work/ozone/ozone/hadoop-ozone/integration-test/target/test-dir/MiniOzoneClusterImpl-98dd81b9-deed-4f2d-abd5-65bd0f491ac9/datanode-1/data/ratis/88cd46c2-5c8b-4ed3-a173-2f479eb56004/current/log_inprogress_0
2022-06-16 16:20:33,239 [6087f466-757b-41fa-a219-681e056adf4c@group-2F479EB56004-LeaderElection37] INFO  server.RaftServer$Division (ServerState.java:setRaftConf(393)) - 6087f466-757b-41fa-a219-681e056adf4c@group-2F479EB56004: set configuration 0: [6087f466-757b-41fa-a219-681e056adf4c|rpc:10.1.0.16:40815|dataStream:|priority:1], old=null
2022-06-16 16:20:33,389 [Listener at 127.0.0.1/42069] INFO  ozone.MiniOzoneClusterImpl (MiniOzoneClusterImpl.java:lambda$waitForClusterToBeReady$0(221)) - Nodes are ready. Got 5 of 5 DN Heartbeats.
2022-06-16 16:20:33,389 [Listener at 127.0.0.1/42069] INFO  ozone.MiniOzoneClusterImpl (MiniOzoneClusterImpl.java:lambda$waitForClusterToBeReady$0(224)) - Waiting for cluster to exit safe mode
2022-06-16 16:20:33,389 [Listener at 127.0.0.1/42069] INFO  ozone.MiniOzoneClusterImpl (MiniOzoneClusterImpl.java:lambda$waitForClusterToBeReady$0(226)) - SCM became leader
2022-06-16 16:20:34,389 [Listener at 127.0.0.1/42069] INFO  ozone.MiniOzoneClusterImpl (MiniOzoneClusterImpl.java:lambda$waitForClusterToBeReady$0(221)) - Nodes are ready. Got 5 of 5 DN Heartbeats.
2022-06-16 16:20:34,389 [Listener at 127.0.0.1/42069] INFO  ozone.MiniOzoneClusterImpl (MiniOzoneClusterImpl.java:lambda$waitForClusterToBeReady$0(224)) - Waiting for cluster to exit safe mode
2022-06-16 16:20:34,389 [Listener at 127.0.0.1/42069] INFO  ozone.MiniOzoneClusterImpl (MiniOzoneClusterImpl.java:lambda$waitForClusterToBeReady$0(226)) - SCM became leader
2022-06-16 16:20:34,688 [835188e7-dd17-483f-9194-07b8bd68eba8@group-4DBCA3E0C6AD-FollowerState] INFO  impl.FollowerState (FollowerState.java:run(143)) - 835188e7-dd17-483f-9194-07b8bd68eba8@group-4DBCA3E0C6AD-FollowerState: change to CANDIDATE, lastRpcElapsedTime:5199216322ns, electionTimeout:5195ms
2022-06-16 16:20:34,688 [835188e7-dd17-483f-9194-07b8bd68eba8@group-4DBCA3E0C6AD-FollowerState] INFO  impl.RoleInfo (RoleInfo.java:shutdownFollowerState(110)) - 835188e7-dd17-483f-9194-07b8bd68eba8: shutdown 835188e7-dd17-483f-9194-07b8bd68eba8@group-4DBCA3E0C6AD-FollowerState
2022-06-16 16:20:34,688 [835188e7-dd17-483f-9194-07b8bd68eba8@group-4DBCA3E0C6AD-FollowerState] INFO  server.RaftServer$Division (RaftServerImpl.java:setRole(299)) - 835188e7-dd17-483f-9194-07b8bd68eba8@group-4DBCA3E0C6AD: changes role from  FOLLOWER to CANDIDATE at term 0 for changeToCandidate
2022-06-16 16:20:34,688 [835188e7-dd17-483f-9194-07b8bd68eba8@group-4DBCA3E0C6AD-FollowerState] INFO  server.RaftServerConfigKeys (ConfUtils.java:logGet(46)) - raft.server.leaderelection.pre-vote = false (custom)
2022-06-16 16:20:34,688 [835188e7-dd17-483f-9194-07b8bd68eba8@group-4DBCA3E0C6AD-FollowerState] INFO  impl.RoleInfo (RoleInfo.java:updateAndGet(139)) - 835188e7-dd17-483f-9194-07b8bd68eba8: start 835188e7-dd17-483f-9194-07b8bd68eba8@group-4DBCA3E0C6AD-LeaderElection38
2022-06-16 16:20:34,748 [835188e7-dd17-483f-9194-07b8bd68eba8@group-4DBCA3E0C6AD-LeaderElection38] INFO  impl.LeaderElection (LeaderElection.java:askForVotes(310)) - 835188e7-dd17-483f-9194-07b8bd68eba8@group-4DBCA3E0C6AD-LeaderElection38 ELECTION round 0: submit vote requests at term 1 for -1: [835188e7-dd17-483f-9194-07b8bd68eba8|rpc:10.1.0.16:32931|priority:1], old=null
2022-06-16 16:20:34,748 [835188e7-dd17-483f-9194-07b8bd68eba8@group-4DBCA3E0C6AD-LeaderElection38] INFO  impl.LeaderElection (LeaderElection.java:askForVotes(312)) - 835188e7-dd17-483f-9194-07b8bd68eba8@group-4DBCA3E0C6AD-LeaderElection38 ELECTION round 0: result PASSED (term=1)
2022-06-16 16:20:34,748 [835188e7-dd17-483f-9194-07b8bd68eba8@group-4DBCA3E0C6AD-LeaderElection38] INFO  impl.RoleInfo (RoleInfo.java:shutdownLeaderElection(130)) - 835188e7-dd17-483f-9194-07b8bd68eba8: shutdown 835188e7-dd17-483f-9194-07b8bd68eba8@group-4DBCA3E0C6AD-LeaderElection38
2022-06-16 16:20:34,748 [835188e7-dd17-483f-9194-07b8bd68eba8@group-4DBCA3E0C6AD-LeaderElection38] INFO  server.RaftServer$Division (RaftServerImpl.java:setRole(299)) - 835188e7-dd17-483f-9194-07b8bd68eba8@group-4DBCA3E0C6AD: changes role from CANDIDATE to LEADER at term 1 for changeToLeader
2022-06-16 16:20:34,748 [835188e7-dd17-483f-9194-07b8bd68eba8@group-4DBCA3E0C6AD-LeaderElection38] INFO  ratis.XceiverServerRatis (XceiverServerRatis.java:handleLeaderChangedNotification(863)) - Leader change notification received for group: group-4DBCA3E0C6AD with new leaderId: 835188e7-dd17-483f-9194-07b8bd68eba8
2022-06-16 16:20:34,748 [835188e7-dd17-483f-9194-07b8bd68eba8@group-4DBCA3E0C6AD-LeaderElection38] INFO  server.RaftServer$Division (ServerState.java:setLeader(287)) - 835188e7-dd17-483f-9194-07b8bd68eba8@group-4DBCA3E0C6AD: change Leader from null to 835188e7-dd17-483f-9194-07b8bd68eba8 at term 1 for becomeLeader, leader elected after 5269ms
2022-06-16 16:20:34,748 [835188e7-dd17-483f-9194-07b8bd68eba8@group-4DBCA3E0C6AD-LeaderElection38] INFO  server.RaftServerConfigKeys (ConfUtils.java:logGet(46)) - raft.server.staging.catchup.gap = 1000 (default)
2022-06-16 16:20:34,748 [835188e7-dd17-483f-9194-07b8bd68eba8@group-4DBCA3E0C6AD-LeaderElection38] INFO  server.RaftServerConfigKeys (ConfUtils.java:logGet(46)) - raft.server.write.element-limit = 1024 (custom)
2022-06-16 16:20:34,748 [835188e7-dd17-483f-9194-07b8bd68eba8@group-4DBCA3E0C6AD-LeaderElection38] INFO  server.RaftServerConfigKeys (ConfUtils.java:logGet(46)) - raft.server.write.byte-limit = 1024 M (=1073741824) (custom)
2022-06-16 16:20:34,748 [835188e7-dd17-483f-9194-07b8bd68eba8@group-4DBCA3E0C6AD-LeaderElection38] INFO  server.RaftServerConfigKeys (ConfUtils.java:logGet(46)) - raft.server.watch.timeout = 180s (custom)
2022-06-16 16:20:34,748 [835188e7-dd17-483f-9194-07b8bd68eba8@group-4DBCA3E0C6AD-LeaderElection38] INFO  server.RaftServerConfigKeys (ConfUtils.java:logGet(46)) - raft.server.watch.timeout.denomination = 1s (default)
2022-06-16 16:20:34,748 [835188e7-dd17-483f-9194-07b8bd68eba8@group-4DBCA3E0C6AD-LeaderElection38] INFO  server.RaftServerConfigKeys (ConfUtils.java:logGet(46)) - raft.server.watch.element-limit = 65536 (default)
2022-06-16 16:20:34,749 [835188e7-dd17-483f-9194-07b8bd68eba8@group-4DBCA3E0C6AD-LeaderElection38] INFO  server.RaftServerConfigKeys (ConfUtils.java:logGet(46)) - raft.server.write.element-limit = 1024 (custom)
2022-06-16 16:20:34,749 [835188e7-dd17-483f-9194-07b8bd68eba8@group-4DBCA3E0C6AD-LeaderElection38] INFO  server.RaftServerConfigKeys (ConfUtils.java:logGet(46)) - raft.server.write.follower.gap.ratio.max = -1.0 (default)
2022-06-16 16:20:34,749 [835188e7-dd17-483f-9194-07b8bd68eba8@group-4DBCA3E0C6AD-LeaderElection38] INFO  impl.RoleInfo (RoleInfo.java:updateAndGet(139)) - 835188e7-dd17-483f-9194-07b8bd68eba8: start 835188e7-dd17-483f-9194-07b8bd68eba8@group-4DBCA3E0C6AD-LeaderStateImpl
2022-06-16 16:20:34,749 [835188e7-dd17-483f-9194-07b8bd68eba8@group-4DBCA3E0C6AD-LeaderElection38] INFO  segmented.SegmentedRaftLogWorker (SegmentedRaftLogWorker.java:startLogSegment(425)) - 835188e7-dd17-483f-9194-07b8bd68eba8@group-4DBCA3E0C6AD-SegmentedRaftLogWorker: Starting segment from index:0
2022-06-16 16:20:34,750 [EventQueue-OpenPipelineForHealthyPipelineSafeModeRule] INFO  safemode.SCMSafeModeManager (HealthyPipelineSafeModeRule.java:process(124)) - SCM in safe mode. Healthy pipelines reported count is 0, required healthy pipeline reported count is 1
2022-06-16 16:20:34,751 [835188e7-dd17-483f-9194-07b8bd68eba8@group-4DBCA3E0C6AD-SegmentedRaftLogWorker] INFO  segmented.SegmentedRaftLogWorker (SegmentedRaftLogWorker.java:execute(629)) - 835188e7-dd17-483f-9194-07b8bd68eba8@group-4DBCA3E0C6AD-SegmentedRaftLogWorker: created new log segment /home/runner/work/ozone/ozone/hadoop-ozone/integration-test/target/test-dir/MiniOzoneClusterImpl-98dd81b9-deed-4f2d-abd5-65bd0f491ac9/datanode-2/data/ratis/750ed808-97b4-4a71-919c-4dbca3e0c6ad/current/log_inprogress_0
2022-06-16 16:20:34,763 [835188e7-dd17-483f-9194-07b8bd68eba8@group-4DBCA3E0C6AD-LeaderElection38] INFO  server.RaftServer$Division (ServerState.java:setRaftConf(393)) - 835188e7-dd17-483f-9194-07b8bd68eba8@group-4DBCA3E0C6AD: set configuration 0: [835188e7-dd17-483f-9194-07b8bd68eba8|rpc:10.1.0.16:32931|dataStream:|priority:1], old=null
2022-06-16 16:20:35,390 [Listener at 127.0.0.1/42069] INFO  ozone.MiniOzoneClusterImpl (MiniOzoneClusterImpl.java:lambda$waitForClusterToBeReady$0(221)) - Nodes are ready. Got 5 of 5 DN Heartbeats.
2022-06-16 16:20:35,390 [Listener at 127.0.0.1/42069] INFO  ozone.MiniOzoneClusterImpl (MiniOzoneClusterImpl.java:lambda$waitForClusterToBeReady$0(224)) - Waiting for cluster to exit safe mode
2022-06-16 16:20:35,390 [Listener at 127.0.0.1/42069] INFO  ozone.MiniOzoneClusterImpl (MiniOzoneClusterImpl.java:lambda$waitForClusterToBeReady$0(226)) - SCM became leader
2022-06-16 16:20:35,751 [7e8c5af0-b72c-4b69-b53a-c0afe3ac69de@group-98C1B10A653B-FollowerState] INFO  impl.FollowerState (FollowerState.java:run(143)) - 7e8c5af0-b72c-4b69-b53a-c0afe3ac69de@group-98C1B10A653B-FollowerState: change to CANDIDATE, lastRpcElapsedTime:5187580109ns, electionTimeout:5181ms
2022-06-16 16:20:35,751 [7e8c5af0-b72c-4b69-b53a-c0afe3ac69de@group-98C1B10A653B-FollowerState] INFO  impl.RoleInfo (RoleInfo.java:shutdownFollowerState(110)) - 7e8c5af0-b72c-4b69-b53a-c0afe3ac69de: shutdown 7e8c5af0-b72c-4b69-b53a-c0afe3ac69de@group-98C1B10A653B-FollowerState
2022-06-16 16:20:35,751 [7e8c5af0-b72c-4b69-b53a-c0afe3ac69de@group-98C1B10A653B-FollowerState] INFO  server.RaftServer$Division (RaftServerImpl.java:setRole(299)) - 7e8c5af0-b72c-4b69-b53a-c0afe3ac69de@group-98C1B10A653B: changes role from  FOLLOWER to CANDIDATE at term 0 for changeToCandidate
2022-06-16 16:20:35,751 [7e8c5af0-b72c-4b69-b53a-c0afe3ac69de@group-98C1B10A653B-FollowerState] INFO  server.RaftServerConfigKeys (ConfUtils.java:logGet(46)) - raft.server.leaderelection.pre-vote = false (custom)
2022-06-16 16:20:35,751 [7e8c5af0-b72c-4b69-b53a-c0afe3ac69de@group-98C1B10A653B-FollowerState] INFO  impl.RoleInfo (RoleInfo.java:updateAndGet(139)) - 7e8c5af0-b72c-4b69-b53a-c0afe3ac69de: start 7e8c5af0-b72c-4b69-b53a-c0afe3ac69de@group-98C1B10A653B-LeaderElection39
2022-06-16 16:20:35,791 [7e8c5af0-b72c-4b69-b53a-c0afe3ac69de@group-98C1B10A653B-LeaderElection39] INFO  impl.LeaderElection (LeaderElection.java:askForVotes(310)) - 7e8c5af0-b72c-4b69-b53a-c0afe3ac69de@group-98C1B10A653B-LeaderElection39 ELECTION round 0: submit vote requests at term 1 for -1: [7e8c5af0-b72c-4b69-b53a-c0afe3ac69de|rpc:10.1.0.16:33427|priority:1], old=null
2022-06-16 16:20:35,791 [7e8c5af0-b72c-4b69-b53a-c0afe3ac69de@group-98C1B10A653B-LeaderElection39] INFO  impl.LeaderElection (LeaderElection.java:askForVotes(312)) - 7e8c5af0-b72c-4b69-b53a-c0afe3ac69de@group-98C1B10A653B-LeaderElection39 ELECTION round 0: result PASSED (term=1)
2022-06-16 16:20:35,791 [7e8c5af0-b72c-4b69-b53a-c0afe3ac69de@group-98C1B10A653B-LeaderElection39] INFO  impl.RoleInfo (RoleInfo.java:shutdownLeaderElection(130)) - 7e8c5af0-b72c-4b69-b53a-c0afe3ac69de: shutdown 7e8c5af0-b72c-4b69-b53a-c0afe3ac69de@group-98C1B10A653B-LeaderElection39
2022-06-16 16:20:35,791 [7e8c5af0-b72c-4b69-b53a-c0afe3ac69de@group-98C1B10A653B-LeaderElection39] INFO  server.RaftServer$Division (RaftServerImpl.java:setRole(299)) - 7e8c5af0-b72c-4b69-b53a-c0afe3ac69de@group-98C1B10A653B: changes role from CANDIDATE to LEADER at term 1 for changeToLeader
2022-06-16 16:20:35,791 [7e8c5af0-b72c-4b69-b53a-c0afe3ac69de@group-98C1B10A653B-LeaderElection39] INFO  ratis.XceiverServerRatis (XceiverServerRatis.java:handleLeaderChangedNotification(863)) - Leader change notification received for group: group-98C1B10A653B with new leaderId: 7e8c5af0-b72c-4b69-b53a-c0afe3ac69de
2022-06-16 16:20:35,791 [7e8c5af0-b72c-4b69-b53a-c0afe3ac69de@group-98C1B10A653B-LeaderElection39] INFO  server.RaftServer$Division (ServerState.java:setLeader(287)) - 7e8c5af0-b72c-4b69-b53a-c0afe3ac69de@group-98C1B10A653B: change Leader from null to 7e8c5af0-b72c-4b69-b53a-c0afe3ac69de at term 1 for becomeLeader, leader elected after 5241ms
2022-06-16 16:20:35,791 [7e8c5af0-b72c-4b69-b53a-c0afe3ac69de@group-98C1B10A653B-LeaderElection39] INFO  server.RaftServerConfigKeys (ConfUtils.java:logGet(46)) - raft.server.staging.catchup.gap = 1000 (default)
2022-06-16 16:20:35,792 [7e8c5af0-b72c-4b69-b53a-c0afe3ac69de@group-98C1B10A653B-LeaderElection39] INFO  server.RaftServerConfigKeys (ConfUtils.java:logGet(46)) - raft.server.write.element-limit = 1024 (custom)
2022-06-16 16:20:35,792 [7e8c5af0-b72c-4b69-b53a-c0afe3ac69de@group-98C1B10A653B-LeaderElection39] INFO  server.RaftServerConfigKeys (ConfUtils.java:logGet(46)) - raft.server.write.byte-limit = 1024 M (=1073741824) (custom)
2022-06-16 16:20:35,792 [7e8c5af0-b72c-4b69-b53a-c0afe3ac69de@group-98C1B10A653B-LeaderElection39] INFO  server.RaftServerConfigKeys (ConfUtils.java:logGet(46)) - raft.server.watch.timeout = 180s (custom)
2022-06-16 16:20:35,792 [7e8c5af0-b72c-4b69-b53a-c0afe3ac69de@group-98C1B10A653B-LeaderElection39] INFO  server.RaftServerConfigKeys (ConfUtils.java:logGet(46)) - raft.server.watch.timeout.denomination = 1s (default)
2022-06-16 16:20:35,792 [7e8c5af0-b72c-4b69-b53a-c0afe3ac69de@group-98C1B10A653B-LeaderElection39] INFO  server.RaftServerConfigKeys (ConfUtils.java:logGet(46)) - raft.server.watch.element-limit = 65536 (default)
2022-06-16 16:20:35,792 [7e8c5af0-b72c-4b69-b53a-c0afe3ac69de@group-98C1B10A653B-LeaderElection39] INFO  server.RaftServerConfigKeys (ConfUtils.java:logGet(46)) - raft.server.write.element-limit = 1024 (custom)
2022-06-16 16:20:35,792 [7e8c5af0-b72c-4b69-b53a-c0afe3ac69de@group-98C1B10A653B-LeaderElection39] INFO  server.RaftServerConfigKeys (ConfUtils.java:logGet(46)) - raft.server.write.follower.gap.ratio.max = -1.0 (default)
2022-06-16 16:20:35,792 [7e8c5af0-b72c-4b69-b53a-c0afe3ac69de@group-98C1B10A653B-LeaderElection39] INFO  impl.RoleInfo (RoleInfo.java:updateAndGet(139)) - 7e8c5af0-b72c-4b69-b53a-c0afe3ac69de: start 7e8c5af0-b72c-4b69-b53a-c0afe3ac69de@group-98C1B10A653B-LeaderStateImpl
2022-06-16 16:20:35,792 [7e8c5af0-b72c-4b69-b53a-c0afe3ac69de@group-98C1B10A653B-LeaderElection39] INFO  segmented.SegmentedRaftLogWorker (SegmentedRaftLogWorker.java:startLogSegment(425)) - 7e8c5af0-b72c-4b69-b53a-c0afe3ac69de@group-98C1B10A653B-SegmentedRaftLogWorker: Starting segment from index:0
2022-06-16 16:20:35,794 [7e8c5af0-b72c-4b69-b53a-c0afe3ac69de@group-98C1B10A653B-SegmentedRaftLogWorker] INFO  segmented.SegmentedRaftLogWorker (SegmentedRaftLogWorker.java:execute(629)) - 7e8c5af0-b72c-4b69-b53a-c0afe3ac69de@group-98C1B10A653B-SegmentedRaftLogWorker: created new log segment /home/runner/work/ozone/ozone/hadoop-ozone/integration-test/target/test-dir/MiniOzoneClusterImpl-98dd81b9-deed-4f2d-abd5-65bd0f491ac9/datanode-3/data/ratis/6342190e-b7c6-46a6-af73-98c1b10a653b/current/log_inprogress_0
2022-06-16 16:20:35,811 [7e8c5af0-b72c-4b69-b53a-c0afe3ac69de@group-98C1B10A653B-LeaderElection39] INFO  server.RaftServer$Division (ServerState.java:setRaftConf(393)) - 7e8c5af0-b72c-4b69-b53a-c0afe3ac69de@group-98C1B10A653B: set configuration 0: [7e8c5af0-b72c-4b69-b53a-c0afe3ac69de|rpc:10.1.0.16:33427|dataStream:|priority:1], old=null
2022-06-16 16:20:35,847 [EventQueue-OpenPipelineForHealthyPipelineSafeModeRule] INFO  safemode.SCMSafeModeManager (HealthyPipelineSafeModeRule.java:process(124)) - SCM in safe mode. Healthy pipelines reported count is 0, required healthy pipeline reported count is 1
2022-06-16 16:20:36,390 [Listener at 127.0.0.1/42069] INFO  ozone.MiniOzoneClusterImpl (MiniOzoneClusterImpl.java:lambda$waitForClusterToBeReady$0(221)) - Nodes are ready. Got 5 of 5 DN Heartbeats.
2022-06-16 16:20:36,390 [Listener at 127.0.0.1/42069] INFO  ozone.MiniOzoneClusterImpl (MiniOzoneClusterImpl.java:lambda$waitForClusterToBeReady$0(224)) - Waiting for cluster to exit safe mode
2022-06-16 16:20:36,390 [Listener at 127.0.0.1/42069] INFO  ozone.MiniOzoneClusterImpl (MiniOzoneClusterImpl.java:lambda$waitForClusterToBeReady$0(226)) - SCM became leader
2022-06-16 16:20:36,664 [30012c60-01cb-4fb6-b713-b802941d6cc3@group-1FFE4C32436D-FollowerState] INFO  impl.FollowerState (FollowerState.java:run(143)) - 30012c60-01cb-4fb6-b713-b802941d6cc3@group-1FFE4C32436D-FollowerState: change to CANDIDATE, lastRpcElapsedTime:5073891644ns, electionTimeout:5069ms
2022-06-16 16:20:36,664 [30012c60-01cb-4fb6-b713-b802941d6cc3@group-1FFE4C32436D-FollowerState] INFO  impl.RoleInfo (RoleInfo.java:shutdownFollowerState(110)) - 30012c60-01cb-4fb6-b713-b802941d6cc3: shutdown 30012c60-01cb-4fb6-b713-b802941d6cc3@group-1FFE4C32436D-FollowerState
2022-06-16 16:20:36,664 [30012c60-01cb-4fb6-b713-b802941d6cc3@group-1FFE4C32436D-FollowerState] INFO  server.RaftServer$Division (RaftServerImpl.java:setRole(299)) - 30012c60-01cb-4fb6-b713-b802941d6cc3@group-1FFE4C32436D: changes role from  FOLLOWER to CANDIDATE at term 0 for changeToCandidate
2022-06-16 16:20:36,664 [30012c60-01cb-4fb6-b713-b802941d6cc3@group-1FFE4C32436D-FollowerState] INFO  server.RaftServerConfigKeys (ConfUtils.java:logGet(46)) - raft.server.leaderelection.pre-vote = false (custom)
2022-06-16 16:20:36,664 [30012c60-01cb-4fb6-b713-b802941d6cc3@group-1FFE4C32436D-FollowerState] INFO  impl.RoleInfo (RoleInfo.java:updateAndGet(139)) - 30012c60-01cb-4fb6-b713-b802941d6cc3: start 30012c60-01cb-4fb6-b713-b802941d6cc3@group-1FFE4C32436D-LeaderElection40
2022-06-16 16:20:36,712 [30012c60-01cb-4fb6-b713-b802941d6cc3@group-1FFE4C32436D-LeaderElection40] INFO  impl.LeaderElection (LeaderElection.java:askForVotes(310)) - 30012c60-01cb-4fb6-b713-b802941d6cc3@group-1FFE4C32436D-LeaderElection40 ELECTION round 0: submit vote requests at term 1 for -1: [30012c60-01cb-4fb6-b713-b802941d6cc3|rpc:10.1.0.16:41553|priority:1], old=null
2022-06-16 16:20:36,712 [30012c60-01cb-4fb6-b713-b802941d6cc3@group-1FFE4C32436D-LeaderElection40] INFO  impl.LeaderElection (LeaderElection.java:askForVotes(312)) - 30012c60-01cb-4fb6-b713-b802941d6cc3@group-1FFE4C32436D-LeaderElection40 ELECTION round 0: result PASSED (term=1)
2022-06-16 16:20:36,712 [30012c60-01cb-4fb6-b713-b802941d6cc3@group-1FFE4C32436D-LeaderElection40] INFO  impl.RoleInfo (RoleInfo.java:shutdownLeaderElection(130)) - 30012c60-01cb-4fb6-b713-b802941d6cc3: shutdown 30012c60-01cb-4fb6-b713-b802941d6cc3@group-1FFE4C32436D-LeaderElection40
2022-06-16 16:20:36,712 [30012c60-01cb-4fb6-b713-b802941d6cc3@group-1FFE4C32436D-LeaderElection40] INFO  server.RaftServer$Division (RaftServerImpl.java:setRole(299)) - 30012c60-01cb-4fb6-b713-b802941d6cc3@group-1FFE4C32436D: changes role from CANDIDATE to LEADER at term 1 for changeToLeader
2022-06-16 16:20:36,713 [30012c60-01cb-4fb6-b713-b802941d6cc3@group-1FFE4C32436D-LeaderElection40] INFO  ratis.XceiverServerRatis (XceiverServerRatis.java:handleLeaderChangedNotification(863)) - Leader change notification received for group: group-1FFE4C32436D with new leaderId: 30012c60-01cb-4fb6-b713-b802941d6cc3
2022-06-16 16:20:36,713 [30012c60-01cb-4fb6-b713-b802941d6cc3@group-1FFE4C32436D-LeaderElection40] INFO  server.RaftServer$Division (ServerState.java:setLeader(287)) - 30012c60-01cb-4fb6-b713-b802941d6cc3@group-1FFE4C32436D: change Leader from null to 30012c60-01cb-4fb6-b713-b802941d6cc3 at term 1 for becomeLeader, leader elected after 5151ms
2022-06-16 16:20:36,713 [30012c60-01cb-4fb6-b713-b802941d6cc3@group-1FFE4C32436D-LeaderElection40] INFO  server.RaftServerConfigKeys (ConfUtils.java:logGet(46)) - raft.server.staging.catchup.gap = 1000 (default)
2022-06-16 16:20:36,713 [30012c60-01cb-4fb6-b713-b802941d6cc3@group-1FFE4C32436D-LeaderElection40] INFO  server.RaftServerConfigKeys (ConfUtils.java:logGet(46)) - raft.server.write.element-limit = 1024 (custom)
2022-06-16 16:20:36,713 [30012c60-01cb-4fb6-b713-b802941d6cc3@group-1FFE4C32436D-LeaderElection40] INFO  server.RaftServerConfigKeys (ConfUtils.java:logGet(46)) - raft.server.write.byte-limit = 1024 M (=1073741824) (custom)
2022-06-16 16:20:36,713 [30012c60-01cb-4fb6-b713-b802941d6cc3@group-1FFE4C32436D-LeaderElection40] INFO  server.RaftServerConfigKeys (ConfUtils.java:logGet(46)) - raft.server.watch.timeout = 180s (custom)
2022-06-16 16:20:36,713 [30012c60-01cb-4fb6-b713-b802941d6cc3@group-1FFE4C32436D-LeaderElection40] INFO  server.RaftServerConfigKeys (ConfUtils.java:logGet(46)) - raft.server.watch.timeout.denomination = 1s (default)
2022-06-16 16:20:36,713 [30012c60-01cb-4fb6-b713-b802941d6cc3@group-1FFE4C32436D-LeaderElection40] INFO  server.RaftServerConfigKeys (ConfUtils.java:logGet(46)) - raft.server.watch.element-limit = 65536 (default)
2022-06-16 16:20:36,713 [30012c60-01cb-4fb6-b713-b802941d6cc3@group-1FFE4C32436D-LeaderElection40] INFO  server.RaftServerConfigKeys (ConfUtils.java:logGet(46)) - raft.server.write.element-limit = 1024 (custom)
2022-06-16 16:20:36,713 [30012c60-01cb-4fb6-b713-b802941d6cc3@group-1FFE4C32436D-LeaderElection40] INFO  server.RaftServerConfigKeys (ConfUtils.java:logGet(46)) - raft.server.write.follower.gap.ratio.max = -1.0 (default)
2022-06-16 16:20:36,713 [30012c60-01cb-4fb6-b713-b802941d6cc3@group-1FFE4C32436D-LeaderElection40] INFO  impl.RoleInfo (RoleInfo.java:updateAndGet(139)) - 30012c60-01cb-4fb6-b713-b802941d6cc3: start 30012c60-01cb-4fb6-b713-b802941d6cc3@group-1FFE4C32436D-LeaderStateImpl
2022-06-16 16:20:36,714 [30012c60-01cb-4fb6-b713-b802941d6cc3@group-1FFE4C32436D-LeaderElection40] INFO  segmented.SegmentedRaftLogWorker (SegmentedRaftLogWorker.java:startLogSegment(425)) - 30012c60-01cb-4fb6-b713-b802941d6cc3@group-1FFE4C32436D-SegmentedRaftLogWorker: Starting segment from index:0
2022-06-16 16:20:36,715 [EventQueue-OpenPipelineForHealthyPipelineSafeModeRule] INFO  safemode.SCMSafeModeManager (HealthyPipelineSafeModeRule.java:process(124)) - SCM in safe mode. Healthy pipelines reported count is 0, required healthy pipeline reported count is 1
2022-06-16 16:20:36,715 [30012c60-01cb-4fb6-b713-b802941d6cc3@group-1FFE4C32436D-SegmentedRaftLogWorker] INFO  segmented.SegmentedRaftLogWorker (SegmentedRaftLogWorker.java:execute(629)) - 30012c60-01cb-4fb6-b713-b802941d6cc3@group-1FFE4C32436D-SegmentedRaftLogWorker: created new log segment /home/runner/work/ozone/ozone/hadoop-ozone/integration-test/target/test-dir/MiniOzoneClusterImpl-98dd81b9-deed-4f2d-abd5-65bd0f491ac9/datanode-4/data/ratis/400276d7-f8e0-406d-971e-1ffe4c32436d/current/log_inprogress_0
2022-06-16 16:20:36,739 [30012c60-01cb-4fb6-b713-b802941d6cc3@group-1FFE4C32436D-LeaderElection40] INFO  server.RaftServer$Division (ServerState.java:setRaftConf(393)) - 30012c60-01cb-4fb6-b713-b802941d6cc3@group-1FFE4C32436D: set configuration 0: [30012c60-01cb-4fb6-b713-b802941d6cc3|rpc:10.1.0.16:41553|dataStream:|priority:1], old=null
2022-06-16 16:20:37,398 [Listener at 127.0.0.1/42069] INFO  ozone.MiniOzoneClusterImpl (MiniOzoneClusterImpl.java:lambda$waitForClusterToBeReady$0(221)) - Nodes are ready. Got 5 of 5 DN Heartbeats.
2022-06-16 16:20:37,398 [Listener at 127.0.0.1/42069] INFO  ozone.MiniOzoneClusterImpl (MiniOzoneClusterImpl.java:lambda$waitForClusterToBeReady$0(224)) - Waiting for cluster to exit safe mode
2022-06-16 16:20:37,398 [Listener at 127.0.0.1/42069] INFO  ozone.MiniOzoneClusterImpl (MiniOzoneClusterImpl.java:lambda$waitForClusterToBeReady$0(226)) - SCM became leader
2022-06-16 16:20:37,601 [835188e7-dd17-483f-9194-07b8bd68eba8@group-DCAA11744DDA-FollowerState] INFO  impl.FollowerState (FollowerState.java:run(143)) - 835188e7-dd17-483f-9194-07b8bd68eba8@group-DCAA11744DDA-FollowerState: change to CANDIDATE, lastRpcElapsedTime:5137978243ns, electionTimeout:5074ms
2022-06-16 16:20:37,601 [835188e7-dd17-483f-9194-07b8bd68eba8@group-DCAA11744DDA-FollowerState] INFO  impl.RoleInfo (RoleInfo.java:shutdownFollowerState(110)) - 835188e7-dd17-483f-9194-07b8bd68eba8: shutdown 835188e7-dd17-483f-9194-07b8bd68eba8@group-DCAA11744DDA-FollowerState
2022-06-16 16:20:37,601 [835188e7-dd17-483f-9194-07b8bd68eba8@group-DCAA11744DDA-FollowerState] INFO  server.RaftServer$Division (RaftServerImpl.java:setRole(299)) - 835188e7-dd17-483f-9194-07b8bd68eba8@group-DCAA11744DDA: changes role from  FOLLOWER to CANDIDATE at term 1 for changeToCandidate
2022-06-16 16:20:37,601 [835188e7-dd17-483f-9194-07b8bd68eba8@group-DCAA11744DDA-FollowerState] INFO  server.RaftServerConfigKeys (ConfUtils.java:logGet(46)) - raft.server.leaderelection.pre-vote = false (custom)
2022-06-16 16:20:37,601 [835188e7-dd17-483f-9194-07b8bd68eba8@group-DCAA11744DDA-FollowerState] INFO  impl.RoleInfo (RoleInfo.java:updateAndGet(139)) - 835188e7-dd17-483f-9194-07b8bd68eba8: start 835188e7-dd17-483f-9194-07b8bd68eba8@group-DCAA11744DDA-LeaderElection41
2022-06-16 16:20:37,645 [835188e7-dd17-483f-9194-07b8bd68eba8@group-DCAA11744DDA-LeaderElection41] INFO  impl.LeaderElection (LeaderElection.java:askForVotes(310)) - 835188e7-dd17-483f-9194-07b8bd68eba8@group-DCAA11744DDA-LeaderElection41 ELECTION round 0: submit vote requests at term 2 for -1: [6087f466-757b-41fa-a219-681e056adf4c|rpc:10.1.0.16:40815|dataStream:|priority:1, dd1ed5e2-20b8-410c-8deb-f61f3310736b|rpc:10.1.0.16:35117|dataStream:|priority:0, 835188e7-dd17-483f-9194-07b8bd68eba8|rpc:10.1.0.16:32931|dataStream:|priority:0], old=null
2022-06-16 16:20:37,715 [grpc-default-executor-0] INFO  server.RaftServer$Division (RaftServerImpl.java:requestVote(1152)) - 6087f466-757b-41fa-a219-681e056adf4c@group-DCAA11744DDA: receive requestVote(ELECTION, 835188e7-dd17-483f-9194-07b8bd68eba8, group-DCAA11744DDA, 2, (t:0, i:0))
2022-06-16 16:20:37,715 [grpc-default-executor-0] INFO  impl.VoteContext (VoteContext.java:log(48)) - 6087f466-757b-41fa-a219-681e056adf4c@group-DCAA11744DDA-FOLLOWER: reject ELECTION from 835188e7-dd17-483f-9194-07b8bd68eba8: our priority 1 > candidate's priority 0
2022-06-16 16:20:37,715 [grpc-default-executor-0] INFO  server.RaftServer$Division (RaftServerImpl.java:setRole(299)) - 6087f466-757b-41fa-a219-681e056adf4c@group-DCAA11744DDA: changes role from  FOLLOWER to FOLLOWER at term 2 for candidate:835188e7-dd17-483f-9194-07b8bd68eba8
2022-06-16 16:20:37,715 [grpc-default-executor-0] INFO  impl.RoleInfo (RoleInfo.java:shutdownFollowerState(110)) - 6087f466-757b-41fa-a219-681e056adf4c: shutdown 6087f466-757b-41fa-a219-681e056adf4c@group-DCAA11744DDA-FollowerState
2022-06-16 16:20:37,715 [grpc-default-executor-0] INFO  impl.RoleInfo (RoleInfo.java:updateAndGet(139)) - 6087f466-757b-41fa-a219-681e056adf4c: start 6087f466-757b-41fa-a219-681e056adf4c@group-DCAA11744DDA-FollowerState
2022-06-16 16:20:37,716 [6087f466-757b-41fa-a219-681e056adf4c@group-DCAA11744DDA-FollowerState] INFO  impl.FollowerState (FollowerState.java:run(152)) - 6087f466-757b-41fa-a219-681e056adf4c@group-DCAA11744DDA-FollowerState was interrupted
2022-06-16 16:20:37,719 [dd1ed5e2-20b8-410c-8deb-f61f3310736b@group-DCAA11744DDA-FollowerState] INFO  impl.FollowerState (FollowerState.java:run(143)) - dd1ed5e2-20b8-410c-8deb-f61f3310736b@group-DCAA11744DDA-FollowerState: change to CANDIDATE, lastRpcElapsedTime:5128163429ns, electionTimeout:5081ms
2022-06-16 16:20:37,719 [dd1ed5e2-20b8-410c-8deb-f61f3310736b@group-DCAA11744DDA-FollowerState] INFO  impl.RoleInfo (RoleInfo.java:shutdownFollowerState(110)) - dd1ed5e2-20b8-410c-8deb-f61f3310736b: shutdown dd1ed5e2-20b8-410c-8deb-f61f3310736b@group-DCAA11744DDA-FollowerState
2022-06-16 16:20:37,719 [dd1ed5e2-20b8-410c-8deb-f61f3310736b@group-DCAA11744DDA-FollowerState] INFO  server.RaftServer$Division (RaftServerImpl.java:setRole(299)) - dd1ed5e2-20b8-410c-8deb-f61f3310736b@group-DCAA11744DDA: changes role from  FOLLOWER to CANDIDATE at term 1 for changeToCandidate
2022-06-16 16:20:37,726 [grpc-default-executor-0] INFO  server.RaftServer$Division (RaftServerImpl.java:requestVote(1184)) - 6087f466-757b-41fa-a219-681e056adf4c@group-DCAA11744DDA replies to ELECTION vote request: 835188e7-dd17-483f-9194-07b8bd68eba8<-6087f466-757b-41fa-a219-681e056adf4c#0:FAIL-t2. Peer's state: 6087f466-757b-41fa-a219-681e056adf4c@group-DCAA11744DDA:t2, leader=null, voted=null, raftlog=6087f466-757b-41fa-a219-681e056adf4c@group-DCAA11744DDA-SegmentedRaftLog:OPENED:c-1, conf=-1: [6087f466-757b-41fa-a219-681e056adf4c|rpc:10.1.0.16:40815|dataStream:|priority:1, dd1ed5e2-20b8-410c-8deb-f61f3310736b|rpc:10.1.0.16:35117|dataStream:|priority:0, 835188e7-dd17-483f-9194-07b8bd68eba8|rpc:10.1.0.16:32931|dataStream:|priority:0], old=null
2022-06-16 16:20:37,743 [835188e7-dd17-483f-9194-07b8bd68eba8@group-DCAA11744DDA-LeaderElection41] INFO  impl.LeaderElection (LeaderElection.java:logAndReturn(90)) - 835188e7-dd17-483f-9194-07b8bd68eba8@group-DCAA11744DDA-LeaderElection41: ELECTION REJECTED received 1 response(s) and 0 exception(s):
2022-06-16 16:20:37,743 [835188e7-dd17-483f-9194-07b8bd68eba8@group-DCAA11744DDA-LeaderElection41] INFO  impl.LeaderElection (LeaderElection.java:logAndReturn(94)) -   Response 0: 835188e7-dd17-483f-9194-07b8bd68eba8<-6087f466-757b-41fa-a219-681e056adf4c#0:FAIL-t2
2022-06-16 16:20:37,743 [835188e7-dd17-483f-9194-07b8bd68eba8@group-DCAA11744DDA-LeaderElection41] INFO  impl.LeaderElection (LeaderElection.java:askForVotes(312)) - 835188e7-dd17-483f-9194-07b8bd68eba8@group-DCAA11744DDA-LeaderElection41 ELECTION round 0: result REJECTED
2022-06-16 16:20:37,743 [835188e7-dd17-483f-9194-07b8bd68eba8@group-DCAA11744DDA-LeaderElection41] INFO  server.RaftServer$Division (RaftServerImpl.java:setRole(299)) - 835188e7-dd17-483f-9194-07b8bd68eba8@group-DCAA11744DDA: changes role from CANDIDATE to FOLLOWER at term 2 for REJECTED
2022-06-16 16:20:37,743 [835188e7-dd17-483f-9194-07b8bd68eba8@group-DCAA11744DDA-LeaderElection41] INFO  impl.RoleInfo (RoleInfo.java:shutdownLeaderElection(130)) - 835188e7-dd17-483f-9194-07b8bd68eba8: shutdown 835188e7-dd17-483f-9194-07b8bd68eba8@group-DCAA11744DDA-LeaderElection41
2022-06-16 16:20:37,743 [835188e7-dd17-483f-9194-07b8bd68eba8@group-DCAA11744DDA-LeaderElection41] INFO  impl.RoleInfo (RoleInfo.java:updateAndGet(139)) - 835188e7-dd17-483f-9194-07b8bd68eba8: start 835188e7-dd17-483f-9194-07b8bd68eba8@group-DCAA11744DDA-FollowerState
2022-06-16 16:20:37,752 [dd1ed5e2-20b8-410c-8deb-f61f3310736b@group-DCAA11744DDA-FollowerState] INFO  server.RaftServerConfigKeys (ConfUtils.java:logGet(46)) - raft.server.leaderelection.pre-vote = false (custom)
2022-06-16 16:20:37,752 [dd1ed5e2-20b8-410c-8deb-f61f3310736b@group-DCAA11744DDA-FollowerState] INFO  impl.RoleInfo (RoleInfo.java:updateAndGet(139)) - dd1ed5e2-20b8-410c-8deb-f61f3310736b: start dd1ed5e2-20b8-410c-8deb-f61f3310736b@group-DCAA11744DDA-LeaderElection42
2022-06-16 16:20:37,762 [grpc-default-executor-0] INFO  server.RaftServer$Division (RaftServerImpl.java:requestVote(1152)) - dd1ed5e2-20b8-410c-8deb-f61f3310736b@group-DCAA11744DDA: receive requestVote(ELECTION, 835188e7-dd17-483f-9194-07b8bd68eba8, group-DCAA11744DDA, 2, (t:0, i:0))
2022-06-16 16:20:37,762 [grpc-default-executor-0] INFO  impl.VoteContext (VoteContext.java:log(48)) - dd1ed5e2-20b8-410c-8deb-f61f3310736b@group-DCAA11744DDA-CANDIDATE: accept ELECTION from 835188e7-dd17-483f-9194-07b8bd68eba8: our priority 0 <= candidate's priority 0
2022-06-16 16:20:37,762 [grpc-default-executor-0] INFO  server.RaftServer$Division (RaftServerImpl.java:setRole(299)) - dd1ed5e2-20b8-410c-8deb-f61f3310736b@group-DCAA11744DDA: changes role from CANDIDATE to FOLLOWER at term 2 for candidate:835188e7-dd17-483f-9194-07b8bd68eba8
2022-06-16 16:20:37,762 [grpc-default-executor-0] INFO  impl.RoleInfo (RoleInfo.java:shutdownLeaderElection(130)) - dd1ed5e2-20b8-410c-8deb-f61f3310736b: shutdown dd1ed5e2-20b8-410c-8deb-f61f3310736b@group-DCAA11744DDA-LeaderElection42
2022-06-16 16:20:37,762 [grpc-default-executor-0] INFO  impl.RoleInfo (RoleInfo.java:updateAndGet(139)) - dd1ed5e2-20b8-410c-8deb-f61f3310736b: start dd1ed5e2-20b8-410c-8deb-f61f3310736b@group-DCAA11744DDA-FollowerState
2022-06-16 16:20:37,769 [grpc-default-executor-0] INFO  server.RaftServer$Division (RaftServerImpl.java:requestVote(1184)) - dd1ed5e2-20b8-410c-8deb-f61f3310736b@group-DCAA11744DDA replies to ELECTION vote request: 835188e7-dd17-483f-9194-07b8bd68eba8<-dd1ed5e2-20b8-410c-8deb-f61f3310736b#0:OK-t2. Peer's state: dd1ed5e2-20b8-410c-8deb-f61f3310736b@group-DCAA11744DDA:t2, leader=null, voted=835188e7-dd17-483f-9194-07b8bd68eba8, raftlog=dd1ed5e2-20b8-410c-8deb-f61f3310736b@group-DCAA11744DDA-SegmentedRaftLog:OPENED:c-1, conf=-1: [6087f466-757b-41fa-a219-681e056adf4c|rpc:10.1.0.16:40815|priority:1, dd1ed5e2-20b8-410c-8deb-f61f3310736b|rpc:10.1.0.16:35117|priority:0, 835188e7-dd17-483f-9194-07b8bd68eba8|rpc:10.1.0.16:32931|priority:0], old=null
2022-06-16 16:20:37,785 [dd1ed5e2-20b8-410c-8deb-f61f3310736b@group-DCAA11744DDA-LeaderElection42] INFO  impl.LeaderElection (LeaderElection.java:run(231)) - dd1ed5e2-20b8-410c-8deb-f61f3310736b@group-DCAA11744DDA-LeaderElection42: skip running since this is already CLOSING
2022-06-16 16:20:37,936 [835188e7-dd17-483f-9194-07b8bd68eba8@group-E38C3F955305-FollowerState] INFO  impl.FollowerState (FollowerState.java:run(143)) - 835188e7-dd17-483f-9194-07b8bd68eba8@group-E38C3F955305-FollowerState: change to CANDIDATE, lastRpcElapsedTime:5077591655ns, electionTimeout:5020ms
2022-06-16 16:20:37,936 [835188e7-dd17-483f-9194-07b8bd68eba8@group-E38C3F955305-FollowerState] INFO  impl.RoleInfo (RoleInfo.java:shutdownFollowerState(110)) - 835188e7-dd17-483f-9194-07b8bd68eba8: shutdown 835188e7-dd17-483f-9194-07b8bd68eba8@group-E38C3F955305-FollowerState
2022-06-16 16:20:37,936 [835188e7-dd17-483f-9194-07b8bd68eba8@group-E38C3F955305-FollowerState] INFO  server.RaftServer$Division (RaftServerImpl.java:setRole(299)) - 835188e7-dd17-483f-9194-07b8bd68eba8@group-E38C3F955305: changes role from  FOLLOWER to CANDIDATE at term 1 for changeToCandidate
2022-06-16 16:20:37,936 [835188e7-dd17-483f-9194-07b8bd68eba8@group-E38C3F955305-FollowerState] INFO  server.RaftServerConfigKeys (ConfUtils.java:logGet(46)) - raft.server.leaderelection.pre-vote = false (custom)
2022-06-16 16:20:37,936 [835188e7-dd17-483f-9194-07b8bd68eba8@group-E38C3F955305-FollowerState] INFO  impl.RoleInfo (RoleInfo.java:updateAndGet(139)) - 835188e7-dd17-483f-9194-07b8bd68eba8: start 835188e7-dd17-483f-9194-07b8bd68eba8@group-E38C3F955305-LeaderElection43
2022-06-16 16:20:37,975 [835188e7-dd17-483f-9194-07b8bd68eba8@group-E38C3F955305-LeaderElection43] INFO  impl.LeaderElection (LeaderElection.java:askForVotes(310)) - 835188e7-dd17-483f-9194-07b8bd68eba8@group-E38C3F955305-LeaderElection43 ELECTION round 0: submit vote requests at term 2 for -1: [6087f466-757b-41fa-a219-681e056adf4c|rpc:10.1.0.16:40815|dataStream:|priority:0, dd1ed5e2-20b8-410c-8deb-f61f3310736b|rpc:10.1.0.16:35117|dataStream:|priority:0, 835188e7-dd17-483f-9194-07b8bd68eba8|rpc:10.1.0.16:32931|dataStream:|priority:1], old=null
2022-06-16 16:20:37,999 [grpc-default-executor-0] INFO  server.RaftServer$Division (RaftServerImpl.java:requestVote(1152)) - 6087f466-757b-41fa-a219-681e056adf4c@group-E38C3F955305: receive requestVote(ELECTION, 835188e7-dd17-483f-9194-07b8bd68eba8, group-E38C3F955305, 2, (t:0, i:0))
2022-06-16 16:20:37,999 [grpc-default-executor-0] INFO  impl.VoteContext (VoteContext.java:log(48)) - 6087f466-757b-41fa-a219-681e056adf4c@group-E38C3F955305-FOLLOWER: accept ELECTION from 835188e7-dd17-483f-9194-07b8bd68eba8: our priority 0 <= candidate's priority 1
2022-06-16 16:20:37,999 [grpc-default-executor-0] INFO  server.RaftServer$Division (RaftServerImpl.java:setRole(299)) - 6087f466-757b-41fa-a219-681e056adf4c@group-E38C3F955305: changes role from  FOLLOWER to FOLLOWER at term 2 for candidate:835188e7-dd17-483f-9194-07b8bd68eba8
2022-06-16 16:20:37,999 [grpc-default-executor-0] INFO  impl.RoleInfo (RoleInfo.java:shutdownFollowerState(110)) - 6087f466-757b-41fa-a219-681e056adf4c: shutdown 6087f466-757b-41fa-a219-681e056adf4c@group-E38C3F955305-FollowerState
2022-06-16 16:20:37,999 [grpc-default-executor-0] INFO  impl.RoleInfo (RoleInfo.java:updateAndGet(139)) - 6087f466-757b-41fa-a219-681e056adf4c: start 6087f466-757b-41fa-a219-681e056adf4c@group-E38C3F955305-FollowerState
2022-06-16 16:20:37,999 [6087f466-757b-41fa-a219-681e056adf4c@group-E38C3F955305-FollowerState] INFO  impl.FollowerState (FollowerState.java:run(152)) - 6087f466-757b-41fa-a219-681e056adf4c@group-E38C3F955305-FollowerState was interrupted
2022-06-16 16:20:38,030 [grpc-default-executor-1] INFO  server.RaftServer$Division (RaftServerImpl.java:requestVote(1152)) - dd1ed5e2-20b8-410c-8deb-f61f3310736b@group-E38C3F955305: receive requestVote(ELECTION, 835188e7-dd17-483f-9194-07b8bd68eba8, group-E38C3F955305, 2, (t:0, i:0))
2022-06-16 16:20:38,030 [grpc-default-executor-1] INFO  impl.VoteContext (VoteContext.java:log(48)) - dd1ed5e2-20b8-410c-8deb-f61f3310736b@group-E38C3F955305-FOLLOWER: accept ELECTION from 835188e7-dd17-483f-9194-07b8bd68eba8: our priority 0 <= candidate's priority 1
2022-06-16 16:20:38,030 [grpc-default-executor-1] INFO  server.RaftServer$Division (RaftServerImpl.java:setRole(299)) - dd1ed5e2-20b8-410c-8deb-f61f3310736b@group-E38C3F955305: changes role from  FOLLOWER to FOLLOWER at term 2 for candidate:835188e7-dd17-483f-9194-07b8bd68eba8
2022-06-16 16:20:38,030 [grpc-default-executor-1] INFO  impl.RoleInfo (RoleInfo.java:shutdownFollowerState(110)) - dd1ed5e2-20b8-410c-8deb-f61f3310736b: shutdown dd1ed5e2-20b8-410c-8deb-f61f3310736b@group-E38C3F955305-FollowerState
2022-06-16 16:20:38,030 [grpc-default-executor-1] INFO  impl.RoleInfo (RoleInfo.java:updateAndGet(139)) - dd1ed5e2-20b8-410c-8deb-f61f3310736b: start dd1ed5e2-20b8-410c-8deb-f61f3310736b@group-E38C3F955305-FollowerState
2022-06-16 16:20:38,030 [dd1ed5e2-20b8-410c-8deb-f61f3310736b@group-E38C3F955305-FollowerState] INFO  impl.FollowerState (FollowerState.java:run(152)) - dd1ed5e2-20b8-410c-8deb-f61f3310736b@group-E38C3F955305-FollowerState was interrupted
2022-06-16 16:20:38,046 [grpc-default-executor-0] INFO  server.RaftServer$Division (RaftServerImpl.java:requestVote(1184)) - 6087f466-757b-41fa-a219-681e056adf4c@group-E38C3F955305 replies to ELECTION vote request: 835188e7-dd17-483f-9194-07b8bd68eba8<-6087f466-757b-41fa-a219-681e056adf4c#0:OK-t2. Peer's state: 6087f466-757b-41fa-a219-681e056adf4c@group-E38C3F955305:t2, leader=null, voted=835188e7-dd17-483f-9194-07b8bd68eba8, raftlog=6087f466-757b-41fa-a219-681e056adf4c@group-E38C3F955305-SegmentedRaftLog:OPENED:c-1, conf=-1: [6087f466-757b-41fa-a219-681e056adf4c|rpc:10.1.0.16:40815|dataStream:|priority:0, dd1ed5e2-20b8-410c-8deb-f61f3310736b|rpc:10.1.0.16:35117|dataStream:|priority:0, 835188e7-dd17-483f-9194-07b8bd68eba8|rpc:10.1.0.16:32931|dataStream:|priority:1], old=null
2022-06-16 16:20:38,087 [835188e7-dd17-483f-9194-07b8bd68eba8@group-E38C3F955305-LeaderElection43] INFO  impl.LeaderElection (LeaderElection.java:logAndReturn(90)) - 835188e7-dd17-483f-9194-07b8bd68eba8@group-E38C3F955305-LeaderElection43: ELECTION PASSED received 1 response(s) and 0 exception(s):
2022-06-16 16:20:38,087 [835188e7-dd17-483f-9194-07b8bd68eba8@group-E38C3F955305-LeaderElection43] INFO  impl.LeaderElection (LeaderElection.java:logAndReturn(94)) -   Response 0: 835188e7-dd17-483f-9194-07b8bd68eba8<-6087f466-757b-41fa-a219-681e056adf4c#0:OK-t2
2022-06-16 16:20:38,087 [835188e7-dd17-483f-9194-07b8bd68eba8@group-E38C3F955305-LeaderElection43] INFO  impl.LeaderElection (LeaderElection.java:askForVotes(312)) - 835188e7-dd17-483f-9194-07b8bd68eba8@group-E38C3F955305-LeaderElection43 ELECTION round 0: result PASSED
2022-06-16 16:20:38,087 [835188e7-dd17-483f-9194-07b8bd68eba8@group-E38C3F955305-LeaderElection43] INFO  impl.RoleInfo (RoleInfo.java:shutdownLeaderElection(130)) - 835188e7-dd17-483f-9194-07b8bd68eba8: shutdown 835188e7-dd17-483f-9194-07b8bd68eba8@group-E38C3F955305-LeaderElection43
2022-06-16 16:20:38,087 [grpc-default-executor-1] INFO  server.RaftServer$Division (RaftServerImpl.java:requestVote(1184)) - dd1ed5e2-20b8-410c-8deb-f61f3310736b@group-E38C3F955305 replies to ELECTION vote request: 835188e7-dd17-483f-9194-07b8bd68eba8<-dd1ed5e2-20b8-410c-8deb-f61f3310736b#0:OK-t2. Peer's state: dd1ed5e2-20b8-410c-8deb-f61f3310736b@group-E38C3F955305:t2, leader=null, voted=835188e7-dd17-483f-9194-07b8bd68eba8, raftlog=dd1ed5e2-20b8-410c-8deb-f61f3310736b@group-E38C3F955305-SegmentedRaftLog:OPENED:c-1, conf=-1: [6087f466-757b-41fa-a219-681e056adf4c|rpc:10.1.0.16:40815|priority:0, dd1ed5e2-20b8-410c-8deb-f61f3310736b|rpc:10.1.0.16:35117|priority:0, 835188e7-dd17-483f-9194-07b8bd68eba8|rpc:10.1.0.16:32931|priority:1], old=null
2022-06-16 16:20:38,093 [835188e7-dd17-483f-9194-07b8bd68eba8@group-E38C3F955305-LeaderElection43] INFO  server.RaftServer$Division (RaftServerImpl.java:setRole(299)) - 835188e7-dd17-483f-9194-07b8bd68eba8@group-E38C3F955305: changes role from CANDIDATE to LEADER at term 2 for changeToLeader
2022-06-16 16:20:38,093 [835188e7-dd17-483f-9194-07b8bd68eba8@group-E38C3F955305-LeaderElection43] INFO  ratis.XceiverServerRatis (XceiverServerRatis.java:handleLeaderChangedNotification(863)) - Leader change notification received for group: group-E38C3F955305 with new leaderId: 835188e7-dd17-483f-9194-07b8bd68eba8
2022-06-16 16:20:38,093 [835188e7-dd17-483f-9194-07b8bd68eba8@group-E38C3F955305-LeaderElection43] INFO  server.RaftServer$Division (ServerState.java:setLeader(287)) - 835188e7-dd17-483f-9194-07b8bd68eba8@group-E38C3F955305: change Leader from null to 835188e7-dd17-483f-9194-07b8bd68eba8 at term 2 for becomeLeader, leader elected after 10216ms
2022-06-16 16:20:38,093 [835188e7-dd17-483f-9194-07b8bd68eba8@group-E38C3F955305-LeaderElection43] INFO  server.RaftServerConfigKeys (ConfUtils.java:logGet(46)) - raft.server.staging.catchup.gap = 1000 (default)
2022-06-16 16:20:38,093 [835188e7-dd17-483f-9194-07b8bd68eba8@group-E38C3F955305-LeaderElection43] INFO  server.RaftServerConfigKeys (ConfUtils.java:logGet(46)) - raft.server.write.element-limit = 1024 (custom)
2022-06-16 16:20:38,094 [835188e7-dd17-483f-9194-07b8bd68eba8@group-E38C3F955305-LeaderElection43] INFO  server.RaftServerConfigKeys (ConfUtils.java:logGet(46)) - raft.server.write.byte-limit = 1024 M (=1073741824) (custom)
2022-06-16 16:20:38,094 [835188e7-dd17-483f-9194-07b8bd68eba8@group-E38C3F955305-LeaderElection43] INFO  server.RaftServerConfigKeys (ConfUtils.java:logGet(46)) - raft.server.watch.timeout = 180s (custom)
2022-06-16 16:20:38,094 [835188e7-dd17-483f-9194-07b8bd68eba8@group-E38C3F955305-LeaderElection43] INFO  server.RaftServerConfigKeys (ConfUtils.java:logGet(46)) - raft.server.watch.timeout.denomination = 1s (default)
2022-06-16 16:20:38,094 [835188e7-dd17-483f-9194-07b8bd68eba8@group-E38C3F955305-LeaderElection43] INFO  server.RaftServerConfigKeys (ConfUtils.java:logGet(46)) - raft.server.watch.element-limit = 65536 (default)
2022-06-16 16:20:38,094 [835188e7-dd17-483f-9194-07b8bd68eba8@group-E38C3F955305-LeaderElection43] INFO  server.RaftServerConfigKeys (ConfUtils.java:logGet(46)) - raft.server.write.element-limit = 1024 (custom)
2022-06-16 16:20:38,094 [835188e7-dd17-483f-9194-07b8bd68eba8@group-E38C3F955305-LeaderElection43] INFO  server.RaftServerConfigKeys (ConfUtils.java:logGet(46)) - raft.server.write.follower.gap.ratio.max = -1.0 (default)
2022-06-16 16:20:38,095 [835188e7-dd17-483f-9194-07b8bd68eba8@group-E38C3F955305-LeaderElection43] INFO  server.RaftServerConfigKeys (ConfUtils.java:logGet(46)) - raft.server.log.appender.snapshot.chunk.size.max = 16MB (=16777216) (default)
2022-06-16 16:20:38,095 [835188e7-dd17-483f-9194-07b8bd68eba8@group-E38C3F955305-LeaderElection43] INFO  server.RaftServerConfigKeys (ConfUtils.java:logGet(46)) - raft.server.log.appender.buffer.byte-limit = 33554432 (custom)
2022-06-16 16:20:38,095 [835188e7-dd17-483f-9194-07b8bd68eba8@group-E38C3F955305-LeaderElection43] INFO  server.RaftServerConfigKeys (ConfUtils.java:logGet(46)) - raft.server.log.appender.buffer.element-limit = 1 (custom)
2022-06-16 16:20:38,095 [835188e7-dd17-483f-9194-07b8bd68eba8@group-E38C3F955305-LeaderElection43] INFO  grpc.GrpcConfigKeys (ConfUtils.java:logGet(46)) - raft.grpc.server.leader.outstanding.appends.max = 128 (default)
2022-06-16 16:20:38,095 [835188e7-dd17-483f-9194-07b8bd68eba8@group-E38C3F955305-LeaderElection43] INFO  server.RaftServerConfigKeys (ConfUtils.java:logGet(46)) - raft.server.rpc.request.timeout = 60s (custom)
2022-06-16 16:20:38,095 [835188e7-dd17-483f-9194-07b8bd68eba8@group-E38C3F955305-LeaderElection43] INFO  server.RaftServerConfigKeys (ConfUtils.java:logGet(46)) - raft.server.log.appender.install.snapshot.enabled = false (custom)
2022-06-16 16:20:38,096 [835188e7-dd17-483f-9194-07b8bd68eba8@group-E38C3F955305-LeaderElection43] INFO  server.RaftServerConfigKeys (ConfUtils.java:logGet(46)) - raft.server.log.appender.snapshot.chunk.size.max = 16MB (=16777216) (default)
2022-06-16 16:20:38,096 [835188e7-dd17-483f-9194-07b8bd68eba8@group-E38C3F955305-LeaderElection43] INFO  server.RaftServerConfigKeys (ConfUtils.java:logGet(46)) - raft.server.log.appender.buffer.byte-limit = 33554432 (custom)
2022-06-16 16:20:38,097 [835188e7-dd17-483f-9194-07b8bd68eba8@group-E38C3F955305-LeaderElection43] INFO  server.RaftServerConfigKeys (ConfUtils.java:logGet(46)) - raft.server.log.appender.buffer.element-limit = 1 (custom)
2022-06-16 16:20:38,097 [EventQueue-PipelineReportForPipelineReportHandler] INFO  pipeline.PipelineManagerImpl (PipelineManagerImpl.java:openPipeline(356)) - Pipeline Pipeline[ Id: cfabed13-019d-4b2c-b9ff-e38c3f955305, Nodes: dd1ed5e2-20b8-410c-8deb-f61f3310736b{ip: 10.1.0.16, host: fv-az37-268.zqe2tmcsx5vuvjs3sdc4q2yfud.gx.internal.cloudapp.net, ports: [REPLICATION=33173, RATIS=35117, RATIS_ADMIN=35117, RATIS_SERVER=35117, STANDALONE=42643], networkLocation: /default-rack, certSerialId: null, persistedOpState: IN_SERVICE, persistedOpStateExpiryEpochSec: 0}6087f466-757b-41fa-a219-681e056adf4c{ip: 10.1.0.16, host: fv-az37-268.zqe2tmcsx5vuvjs3sdc4q2yfud.gx.internal.cloudapp.net, ports: [REPLICATION=44937, RATIS=40815, RATIS_ADMIN=40815, RATIS_SERVER=40815, STANDALONE=42019], networkLocation: /default-rack, certSerialId: null, persistedOpState: IN_SERVICE, persistedOpStateExpiryEpochSec: 0}835188e7-dd17-483f-9194-07b8bd68eba8{ip: 10.1.0.16, host: fv-az37-268.zqe2tmcsx5vuvjs3sdc4q2yfud.gx.internal.cloudapp.net, ports: [REPLICATION=46857, RATIS=32931, RATIS_ADMIN=32931, RATIS_SERVER=32931, STANDALONE=33217], networkLocation: /default-rack, certSerialId: null, persistedOpState: IN_SERVICE, persistedOpStateExpiryEpochSec: 0}, ReplicationConfig: RATIS/THREE, State:ALLOCATED, leaderId:835188e7-dd17-483f-9194-07b8bd68eba8, CreationTimestamp2022-06-16T16:20:26.477Z[Etc/UTC]] moved to OPEN state
2022-06-16 16:20:38,097 [835188e7-dd17-483f-9194-07b8bd68eba8@group-E38C3F955305-LeaderElection43] INFO  grpc.GrpcConfigKeys (ConfUtils.java:logGet(46)) - raft.grpc.server.leader.outstanding.appends.max = 128 (default)
2022-06-16 16:20:38,097 [835188e7-dd17-483f-9194-07b8bd68eba8@group-E38C3F955305-LeaderElection43] INFO  server.RaftServerConfigKeys (ConfUtils.java:logGet(46)) - raft.server.rpc.request.timeout = 60s (custom)
2022-06-16 16:20:38,097 [835188e7-dd17-483f-9194-07b8bd68eba8@group-E38C3F955305-LeaderElection43] INFO  server.RaftServerConfigKeys (ConfUtils.java:logGet(46)) - raft.server.log.appender.install.snapshot.enabled = false (custom)
2022-06-16 16:20:38,097 [835188e7-dd17-483f-9194-07b8bd68eba8@group-E38C3F955305-LeaderElection43] INFO  impl.RoleInfo (RoleInfo.java:updateAndGet(139)) - 835188e7-dd17-483f-9194-07b8bd68eba8: start 835188e7-dd17-483f-9194-07b8bd68eba8@group-E38C3F955305-LeaderStateImpl
2022-06-16 16:20:38,097 [EventQueue-OpenPipelineForHealthyPipelineSafeModeRule] INFO  safemode.SCMSafeModeManager (HealthyPipelineSafeModeRule.java:process(124)) - SCM in safe mode. Healthy pipelines reported count is 1, required healthy pipeline reported count is 1
2022-06-16 16:20:38,097 [EventQueue-OpenPipelineForHealthyPipelineSafeModeRule] INFO  safemode.SCMSafeModeManager (SCMSafeModeManager.java:validateSafeModeExitRules(204)) - HealthyPipelineSafeModeRule rule is successfully validated
2022-06-16 16:20:38,097 [EventQueue-OpenPipelineForHealthyPipelineSafeModeRule] INFO  safemode.SCMSafeModeManager (SCMSafeModeManager.java:validateSafeModeExitRules(219)) - ScmSafeModeManager, all rules are successfully validated
2022-06-16 16:20:38,097 [EventQueue-OpenPipelineForHealthyPipelineSafeModeRule] INFO  safemode.SCMSafeModeManager (SCMSafeModeManager.java:exitSafeMode(248)) - SCM exiting safe mode.
2022-06-16 16:20:38,097 [EventQueue-OpenPipelineForHealthyPipelineSafeModeRule] WARN  events.EventQueue (EventQueue.java:fireEvent(194)) - No event handler registered for event TypedEvent{payloadType=SafeModeStatus, name='Safe mode status'}
2022-06-16 16:20:38,097 [EventQueue-OpenPipelineForHealthyPipelineSafeModeRule] INFO  ha.SCMContext (SCMContext.java:updateSafeModeStatus(228)) - Update SafeModeStatus from SafeModeStatus{safeModeStatus=true, preCheckPassed=true} to SafeModeStatus{safeModeStatus=false, preCheckPassed=true}.
2022-06-16 16:20:38,097 [835188e7-dd17-483f-9194-07b8bd68eba8@group-E38C3F955305-LeaderElection43] INFO  segmented.SegmentedRaftLogWorker (SegmentedRaftLogWorker.java:startLogSegment(425)) - 835188e7-dd17-483f-9194-07b8bd68eba8@group-E38C3F955305-SegmentedRaftLogWorker: Starting segment from index:0
2022-06-16 16:20:38,097 [EventQueue-OpenPipelineForHealthyPipelineSafeModeRule] INFO  pipeline.BackgroundPipelineCreator (BackgroundPipelineCreator.java:notifyStatusChanged(251)) - Service BackgroundPipelineCreator transitions to RUNNING.
2022-06-16 16:20:38,097 [EventQueue-OpenPipelineForHealthyPipelineSafeModeRule] INFO  BackgroundPipelineScrubber (BackgroundSCMService.java:notifyStatusChanged(82)) - Service BackgroundPipelineScrubber transitions to RUNNING.
2022-06-16 16:20:38,097 [EventQueue-OpenPipelineForHealthyPipelineSafeModeRule] INFO  ExpiredContainerReplicaOpScrubber (BackgroundSCMService.java:notifyStatusChanged(82)) - Service ExpiredContainerReplicaOpScrubber transitions to RUNNING.
2022-06-16 16:20:38,097 [EventQueue-OpenPipelineForHealthyPipelineSafeModeRule] INFO  replication.ReplicationManager (ReplicationManager.java:notifyStatusChanged(372)) - Service ReplicationManager transitions to RUNNING.
2022-06-16 16:20:38,097 [EventQueue-OpenPipelineForHealthyPipelineSafeModeRule] WARN  balancer.ContainerBalancer (ContainerBalancer.java:shouldRun(875)) - Could not find persisted configuration for ContainerBalancer when checking if ContainerBalancer should run. ContainerBalancer should not run now.
2022-06-16 16:20:38,099 [835188e7-dd17-483f-9194-07b8bd68eba8@group-E38C3F955305-SegmentedRaftLogWorker] INFO  segmented.SegmentedRaftLogWorker (SegmentedRaftLogWorker.java:execute(629)) - 835188e7-dd17-483f-9194-07b8bd68eba8@group-E38C3F955305-SegmentedRaftLogWorker: created new log segment /home/runner/work/ozone/ozone/hadoop-ozone/integration-test/target/test-dir/MiniOzoneClusterImpl-98dd81b9-deed-4f2d-abd5-65bd0f491ac9/datanode-2/data/ratis/cfabed13-019d-4b2c-b9ff-e38c3f955305/current/log_inprogress_0
2022-06-16 16:20:38,142 [6087f466-757b-41fa-a219-681e056adf4c-server-thread1] INFO  ratis.XceiverServerRatis (XceiverServerRatis.java:handleLeaderChangedNotification(863)) - Leader change notification received for group: group-E38C3F955305 with new leaderId: 835188e7-dd17-483f-9194-07b8bd68eba8
2022-06-16 16:20:38,142 [6087f466-757b-41fa-a219-681e056adf4c-server-thread1] INFO  server.RaftServer$Division (ServerState.java:setLeader(287)) - 6087f466-757b-41fa-a219-681e056adf4c@group-E38C3F955305: change Leader from null to 835188e7-dd17-483f-9194-07b8bd68eba8 at term 2 for appendEntries, leader elected after 10434ms
2022-06-16 16:20:38,179 [835188e7-dd17-483f-9194-07b8bd68eba8@group-E38C3F955305-LeaderElection43] INFO  server.RaftServer$Division (ServerState.java:setRaftConf(393)) - 835188e7-dd17-483f-9194-07b8bd68eba8@group-E38C3F955305: set configuration 0: [6087f466-757b-41fa-a219-681e056adf4c|rpc:10.1.0.16:40815|dataStream:|priority:0, dd1ed5e2-20b8-410c-8deb-f61f3310736b|rpc:10.1.0.16:35117|dataStream:|priority:0, 835188e7-dd17-483f-9194-07b8bd68eba8|rpc:10.1.0.16:32931|dataStream:|priority:1], old=null
2022-06-16 16:20:38,219 [6087f466-757b-41fa-a219-681e056adf4c-server-thread1] INFO  server.RaftServer$Division (ServerState.java:setRaftConf(393)) - 6087f466-757b-41fa-a219-681e056adf4c@group-E38C3F955305: set configuration 0: [6087f466-757b-41fa-a219-681e056adf4c|rpc:10.1.0.16:40815|dataStream:|priority:0, dd1ed5e2-20b8-410c-8deb-f61f3310736b|rpc:10.1.0.16:35117|dataStream:|priority:0, 835188e7-dd17-483f-9194-07b8bd68eba8|rpc:10.1.0.16:32931|dataStream:|priority:1], old=null
2022-06-16 16:20:38,219 [6087f466-757b-41fa-a219-681e056adf4c-server-thread1] INFO  segmented.SegmentedRaftLogWorker (SegmentedRaftLogWorker.java:startLogSegment(425)) - 6087f466-757b-41fa-a219-681e056adf4c@group-E38C3F955305-SegmentedRaftLogWorker: Starting segment from index:0
2022-06-16 16:20:38,223 [6087f466-757b-41fa-a219-681e056adf4c@group-E38C3F955305-SegmentedRaftLogWorker] INFO  segmented.SegmentedRaftLogWorker (SegmentedRaftLogWorker.java:execute(629)) - 6087f466-757b-41fa-a219-681e056adf4c@group-E38C3F955305-SegmentedRaftLogWorker: created new log segment /home/runner/work/ozone/ozone/hadoop-ozone/integration-test/target/test-dir/MiniOzoneClusterImpl-98dd81b9-deed-4f2d-abd5-65bd0f491ac9/datanode-1/data/ratis/cfabed13-019d-4b2c-b9ff-e38c3f955305/current/log_inprogress_0
2022-06-16 16:20:38,250 [dd1ed5e2-20b8-410c-8deb-f61f3310736b-server-thread1] INFO  ratis.XceiverServerRatis (XceiverServerRatis.java:handleLeaderChangedNotification(863)) - Leader change notification received for group: group-E38C3F955305 with new leaderId: 835188e7-dd17-483f-9194-07b8bd68eba8
2022-06-16 16:20:38,250 [dd1ed5e2-20b8-410c-8deb-f61f3310736b-server-thread1] INFO  server.RaftServer$Division (ServerState.java:setLeader(287)) - dd1ed5e2-20b8-410c-8deb-f61f3310736b@group-E38C3F955305: change Leader from null to 835188e7-dd17-483f-9194-07b8bd68eba8 at term 2 for appendEntries, leader elected after 10626ms
2022-06-16 16:20:38,266 [dd1ed5e2-20b8-410c-8deb-f61f3310736b-server-thread1] INFO  server.RaftServer$Division (ServerState.java:setRaftConf(393)) - dd1ed5e2-20b8-410c-8deb-f61f3310736b@group-E38C3F955305: set configuration 0: [6087f466-757b-41fa-a219-681e056adf4c|rpc:10.1.0.16:40815|dataStream:|priority:0, dd1ed5e2-20b8-410c-8deb-f61f3310736b|rpc:10.1.0.16:35117|dataStream:|priority:0, 835188e7-dd17-483f-9194-07b8bd68eba8|rpc:10.1.0.16:32931|dataStream:|priority:1], old=null
2022-06-16 16:20:38,266 [dd1ed5e2-20b8-410c-8deb-f61f3310736b-server-thread1] INFO  segmented.SegmentedRaftLogWorker (SegmentedRaftLogWorker.java:startLogSegment(425)) - dd1ed5e2-20b8-410c-8deb-f61f3310736b@group-E38C3F955305-SegmentedRaftLogWorker: Starting segment from index:0
2022-06-16 16:20:38,271 [dd1ed5e2-20b8-410c-8deb-f61f3310736b@group-E38C3F955305-SegmentedRaftLogWorker] INFO  segmented.SegmentedRaftLogWorker (SegmentedRaftLogWorker.java:execute(629)) - dd1ed5e2-20b8-410c-8deb-f61f3310736b@group-E38C3F955305-SegmentedRaftLogWorker: created new log segment /home/runner/work/ozone/ozone/hadoop-ozone/integration-test/target/test-dir/MiniOzoneClusterImpl-98dd81b9-deed-4f2d-abd5-65bd0f491ac9/datanode-0/data/ratis/cfabed13-019d-4b2c-b9ff-e38c3f955305/current/log_inprogress_0
2022-06-16 16:20:38,402 [Listener at 127.0.0.1/42069] INFO  ozone.MiniOzoneClusterImpl (MiniOzoneClusterImpl.java:lambda$waitForClusterToBeReady$0(221)) - Nodes are ready. Got 5 of 5 DN Heartbeats.
2022-06-16 16:20:38,402 [Listener at 127.0.0.1/42069] INFO  ozone.MiniOzoneClusterImpl (MiniOzoneClusterImpl.java:lambda$waitForClusterToBeReady$0(224)) - Cluster exits safe mode
2022-06-16 16:20:38,402 [Listener at 127.0.0.1/42069] INFO  ozone.MiniOzoneClusterImpl (MiniOzoneClusterImpl.java:lambda$waitForClusterToBeReady$0(226)) - SCM became leader
2022-06-16 16:20:38,619 [Time-limited test] INFO  rpc.RpcClient (RpcClient.java:createVolume(466)) - Creating Volume: volume15188, with user75073 as owner and space quota set to -1 bytes, counts quota set to -1
2022-06-16 16:20:38,620 [IPC Server handler 4 on default port 42069] INFO  volume.OMVolumeCreateRequest (OMVolumeCreateRequest.java:validateAndUpdateCache(195)) - created volume:volume15188 for user:user75073
2022-06-16 16:20:38,642 [Time-limited test] INFO  rpc.RpcClient (RpcClient.java:createBucket(666)) - Creating Bucket: volume15188/bucket49916, with the Bucket Layout LEGACY, runner as owner, Versioning false, Storage Type set to DISK and Encryption set to false 
2022-06-16 16:20:38,647 [IPC Server handler 6 on default port 42069] INFO  bucket.OMBucketCreateRequest (OMBucketCreateRequest.java:validateAndUpdateCache(260)) - created bucket: bucket49916 of layout LEGACY in volume: volume15188
2022-06-16 16:20:38,708 [IPC Server handler 0 on default port 34253] INFO  ha.SequenceIdGenerator (SequenceIdGenerator.java:getNextId(127)) - Allocate a batch for containerId, change lastId from 0 to 1000.
2022-06-16 16:20:38,708 [IPC Server handler 0 on default port 34253] WARN  ha.SequenceIdGenerator (SequenceIdGenerator.java:allocateBatch(235)) - Failed to allocate a batch for localId, expected lastId is 0, actual lastId is 109611004723200000.
2022-06-16 16:20:38,708 [IPC Server handler 0 on default port 34253] INFO  ha.SequenceIdGenerator (SequenceIdGenerator.java:getNextId(127)) - Allocate a batch for localId, change lastId from 109611004723200000 to 109611004723201000.
16:20:38.764 [IPC Server handler 14 on default port 42069] ERROR OMAudit - user=runner | ip=127.0.0.1 | op=GET_FILE_STATUS {volume=volume15188, bucket=bucket49916, key=dir858/file1, dataSize=0, replicationConfig=null} | ret=FAILURE
org.apache.hadoop.ozone.om.exceptions.OMException: Unable to get file status: volume: volume15188 bucket: bucket49916 key: dir858/file1
	at org.apache.hadoop.ozone.om.KeyManagerImpl.getOzoneFileStatus(KeyManagerImpl.java:1283) ~[ozone-manager-1.3.0-SNAPSHOT.jar:?]
	at org.apache.hadoop.ozone.om.KeyManagerImpl.getFileStatus(KeyManagerImpl.java:1213) ~[ozone-manager-1.3.0-SNAPSHOT.jar:?]
	at org.apache.hadoop.ozone.om.OzoneManager.getFileStatus(OzoneManager.java:3419) ~[ozone-manager-1.3.0-SNAPSHOT.jar:?]
	at org.apache.hadoop.ozone.protocolPB.OzoneManagerRequestHandler.getOzoneFileStatus(OzoneManagerRequestHandler.java:871) ~[ozone-manager-1.3.0-SNAPSHOT.jar:?]
	at org.apache.hadoop.ozone.protocolPB.OzoneManagerRequestHandler.handleReadRequest(OzoneManagerRequestHandler.java:217) ~[ozone-manager-1.3.0-SNAPSHOT.jar:?]
	at org.apache.hadoop.ozone.protocolPB.OzoneManagerProtocolServerSideTranslatorPB.submitRequestDirectlyToOM(OzoneManagerProtocolServerSideTranslatorPB.java:284) ~[ozone-manager-1.3.0-SNAPSHOT.jar:?]
	at org.apache.hadoop.ozone.protocolPB.OzoneManagerProtocolServerSideTranslatorPB.processRequest(OzoneManagerProtocolServerSideTranslatorPB.java:207) ~[ozone-manager-1.3.0-SNAPSHOT.jar:?]
	at org.apache.hadoop.hdds.server.OzoneProtocolMessageDispatcher.processRequest(OzoneProtocolMessageDispatcher.java:87) [hdds-server-framework-1.3.0-SNAPSHOT.jar:?]
	at org.apache.hadoop.ozone.protocolPB.OzoneManagerProtocolServerSideTranslatorPB.submitRequest(OzoneManagerProtocolServerSideTranslatorPB.java:147) [ozone-manager-1.3.0-SNAPSHOT.jar:?]
	at org.apache.hadoop.ozone.protocol.proto.OzoneManagerProtocolProtos$OzoneManagerService$2.callBlockingMethod(OzoneManagerProtocolProtos.java) [ozone-interface-client-1.3.0-SNAPSHOT.jar:?]
	at org.apache.hadoop.ipc.ProtobufRpcEngine$Server.processCall(ProtobufRpcEngine.java:466) [hadoop-common-3.3.1.jar:?]
	at org.apache.hadoop.ipc.ProtobufRpcEngine2$Server$ProtoBufRpcInvoker.call(ProtobufRpcEngine2.java:574) [hadoop-common-3.3.1.jar:?]
	at org.apache.hadoop.ipc.ProtobufRpcEngine2$Server$ProtoBufRpcInvoker.call(ProtobufRpcEngine2.java:552) [hadoop-common-3.3.1.jar:?]
	at org.apache.hadoop.ipc.RPC$Server.call(RPC.java:1093) [hadoop-common-3.3.1.jar:?]
	at org.apache.hadoop.ipc.Server$RpcCall.run(Server.java:1035) [hadoop-common-3.3.1.jar:?]
	at org.apache.hadoop.ipc.Server$RpcCall.run(Server.java:963) [hadoop-common-3.3.1.jar:?]
	at java.security.AccessController.doPrivileged(Native Method) ~[?:1.8.0_332]
	at javax.security.auth.Subject.doAs(Subject.java:422) [?:1.8.0_332]
	at org.apache.hadoop.security.UserGroupInformation.doAs(UserGroupInformation.java:1878) [hadoop-common-3.3.1.jar:?]
	at org.apache.hadoop.ipc.Server$Handler.run(Server.java:2966) [hadoop-common-3.3.1.jar:?]
]]></system-out>
  </testcase>
  <testcase name="testRenameFile" classname="TestRootedOzoneFileSystem" time="0.517">
    <system-out><![CDATA[2022-06-16 16:20:58,292 [Listener at 127.0.0.1/42069] INFO  ozone.MiniOzoneClusterImpl (MiniOzoneClusterImpl.java:shutdown(456)) - Shutting down the Mini Ozone Cluster
2022-06-16 16:20:58,293 [Listener at 127.0.0.1/42069] INFO  ozone.MiniOzoneClusterImpl (MiniOzoneClusterImpl.java:stop(471)) - Stopping the Mini Ozone Cluster
2022-06-16 16:20:58,293 [Listener at 127.0.0.1/42069] INFO  ozone.MiniOzoneClusterImpl (MiniOzoneClusterImpl.java:stopOM(553)) - Stopping the OzoneManager
2022-06-16 16:20:58,293 [Listener at 127.0.0.1/42069] INFO  om.OzoneManager (OzoneManager.java:stop(2020)) - om1[localhost:0]: Stopping Ozone Manager
2022-06-16 16:20:58,293 [Listener at 127.0.0.1/42069] INFO  ipc.Server (Server.java:stop(3414)) - Stopping server on 42069
2022-06-16 16:20:58,322 [IPC Server Responder] INFO  ipc.Server (Server.java:run(1512)) - Stopping IPC Server Responder
2022-06-16 16:20:58,322 [Listener at 127.0.0.1/42069] INFO  ratis.OzoneManagerDoubleBuffer (OzoneManagerDoubleBuffer.java:stop(465)) - Stopping OMDoubleBuffer flush thread
2022-06-16 16:20:58,322 [OMDoubleBufferFlushThread] INFO  ratis.OzoneManagerDoubleBuffer (OzoneManagerDoubleBuffer.java:flushTransactions(385)) - OMDoubleBuffer flush thread OMDoubleBufferFlushThread is interrupted and will exit.
2022-06-16 16:20:58,322 [IPC Server listener on 0] INFO  ipc.Server (Server.java:run(1376)) - Stopping IPC Server listener on 0
2022-06-16 16:20:58,326 [Listener at 127.0.0.1/42069] INFO  utils.BackgroundService (BackgroundService.java:shutdown(132)) - Shutting down service KeyDeletingService
2022-06-16 16:20:58,346 [Listener at 127.0.0.1/42069] INFO  utils.BackgroundService (BackgroundService.java:shutdown(132)) - Shutting down service DirectoryDeletingService
2022-06-16 16:20:58,348 [Listener at 127.0.0.1/42069] INFO  handler.ContextHandler (ContextHandler.java:doStop(1153)) - Stopped o.e.j.w.WebAppContext@5e8c64e{ozoneManager,/,null,STOPPED}{file:/home/runner/work/ozone/ozone/hadoop-ozone/integration-test/target/test-classes/webapps/ozoneManager}
2022-06-16 16:20:58,349 [Listener at 127.0.0.1/42069] INFO  server.AbstractConnector (AbstractConnector.java:doStop(381)) - Stopped ServerConnector@2dc572fd{HTTP/1.1, (http/1.1)}{0.0.0.0:0}
2022-06-16 16:20:58,349 [Listener at 127.0.0.1/42069] INFO  server.session (HouseKeeper.java:stopScavenging(149)) - node0 Stopped scavenging
2022-06-16 16:20:58,349 [Listener at 127.0.0.1/42069] INFO  handler.ContextHandler (ContextHandler.java:doStop(1153)) - Stopped o.e.j.s.ServletContextHandler@432d9a3e{static,/static,file:///home/runner/work/ozone/ozone/hadoop-ozone/integration-test/target/test-classes/webapps/static,STOPPED}
2022-06-16 16:20:58,349 [Listener at 127.0.0.1/42069] INFO  handler.ContextHandler (ContextHandler.java:doStop(1153)) - Stopped o.e.j.s.ServletContextHandler@7c8f7a3d{logs,/logs,file:///home/runner/work/ozone/ozone/hadoop-ozone/integration-test/target/log,STOPPED}
2022-06-16 16:20:58,350 [Trash Emptier] ERROR util.ExitUtils (ExitUtils.java:terminate(133)) - Terminating with exit status -1: Thread[Trash Emptier,5,main] has thrown an uncaught exception
java.lang.UnsupportedOperationException: fs.getUri() not implemented in TrashOzoneFileSystem
	at org.apache.hadoop.ozone.om.TrashOzoneFileSystem.getUri(TrashOzoneFileSystem.java:125)
	at org.apache.hadoop.fs.FileSystem.close(FileSystem.java:2592)
	at org.apache.hadoop.ozone.om.TrashPolicyOzone$Emptier.run(TrashPolicyOzone.java:243)
	at java.lang.Thread.run(Thread.java:750)
2022-06-16 16:20:58,358 [Listener at 127.0.0.1/42069] INFO  ozone.MiniOzoneClusterImpl (MiniOzoneClusterImpl.java:stopDatanodes(530)) - Stopping the HddsDatanodes
2022-06-16 16:21:03,360 [ForkJoinPool.commonPool-worker-1] INFO  ozoneimpl.OzoneContainer (OzoneContainer.java:stop(365)) - Attempting to stop container services.
2022-06-16 16:21:03,362 [ForkJoinPool.commonPool-worker-1] INFO  server.RaftServer (RaftServerProxy.java:lambda$close$7(398)) - 6087f466-757b-41fa-a219-681e056adf4c: close
2022-06-16 16:21:03,362 [ForkJoinPool.commonPool-worker-1] INFO  server.RaftServer$Division (RaftServerImpl.java:lambda$close$4(434)) - 6087f466-757b-41fa-a219-681e056adf4c@group-DCAA11744DDA: shutdown
2022-06-16 16:21:03,362 [ForkJoinPool.commonPool-worker-1] INFO  util.JmxRegister (JmxRegister.java:unregister(73)) - Successfully un-registered JMX Bean with object name Ratis:service=RaftServer,group=group-DCAA11744DDA,id=6087f466-757b-41fa-a219-681e056adf4c
2022-06-16 16:21:03,362 [ForkJoinPool.commonPool-worker-1] INFO  impl.RoleInfo (RoleInfo.java:shutdownLeaderState(93)) - 6087f466-757b-41fa-a219-681e056adf4c: shutdown 6087f466-757b-41fa-a219-681e056adf4c@group-DCAA11744DDA-LeaderStateImpl
2022-06-16 16:21:03,362 [ForkJoinPool.commonPool-worker-1] INFO  impl.PendingRequests (PendingRequests.java:sendNotLeaderResponses(282)) - 6087f466-757b-41fa-a219-681e056adf4c@group-DCAA11744DDA-PendingRequests: sendNotLeaderResponses
2022-06-16 16:21:03,362 [6087f466-757b-41fa-a219-681e056adf4c@group-DCAA11744DDA->dd1ed5e2-20b8-410c-8deb-f61f3310736b-GrpcLogAppender-LogAppenderDaemon] WARN  server.GrpcLogAppender (GrpcLogAppender.java:mayWait(171)) - 6087f466-757b-41fa-a219-681e056adf4c@group-DCAA11744DDA->dd1ed5e2-20b8-410c-8deb-f61f3310736b-GrpcLogAppender: Wait interrupted by java.lang.InterruptedException
2022-06-16 16:21:03,386 [6087f466-757b-41fa-a219-681e056adf4c@group-DCAA11744DDA->835188e7-dd17-483f-9194-07b8bd68eba8-GrpcLogAppender-LogAppenderDaemon] WARN  server.GrpcLogAppender (GrpcLogAppender.java:mayWait(171)) - 6087f466-757b-41fa-a219-681e056adf4c@group-DCAA11744DDA->835188e7-dd17-483f-9194-07b8bd68eba8-GrpcLogAppender: Wait interrupted by java.lang.InterruptedException
2022-06-16 16:21:03,369 [6087f466-757b-41fa-a219-681e056adf4c@group-DCAA11744DDA-StateMachineUpdater] INFO  ratis.ContainerStateMachine (ContainerStateMachine.java:takeSnapshot(304)) - group-DCAA11744DDA: Taking a snapshot at:(t:3, i:4) file /home/runner/work/ozone/ozone/hadoop-ozone/integration-test/target/test-dir/MiniOzoneClusterImpl-98dd81b9-deed-4f2d-abd5-65bd0f491ac9/datanode-1/data/ratis/fbef6c51-3433-4c29-b302-dcaa11744dda/sm/snapshot.3_4
2022-06-16 16:21:03,386 [grpc-default-executor-3] INFO  server.GrpcServerProtocolService (GrpcServerProtocolService.java:onCompleted(140)) - dd1ed5e2-20b8-410c-8deb-f61f3310736b: Completed APPEND_ENTRIES, lastRequest: 6087f466-757b-41fa-a219-681e056adf4c->dd1ed5e2-20b8-410c-8deb-f61f3310736b#12-t3,previous=(t:3, i:3),leaderCommit=2,initializing? true,entries: size=1, first=(t:3, i:4), METADATAENTRY(c:2)
2022-06-16 16:21:03,369 [ForkJoinPool.commonPool-worker-1] INFO  impl.StateMachineUpdater (StateMachineUpdater.java:stopAndJoin(153)) - 6087f466-757b-41fa-a219-681e056adf4c@group-DCAA11744DDA-StateMachineUpdater: set stopIndex = 4
2022-06-16 16:21:03,388 [6087f466-757b-41fa-a219-681e056adf4c@group-DCAA11744DDA-StateMachineUpdater] INFO  ratis.ContainerStateMachine (ContainerStateMachine.java:takeSnapshot(315)) - group-DCAA11744DDA: Finished taking a snapshot at:(t:3, i:4) file:/home/runner/work/ozone/ozone/hadoop-ozone/integration-test/target/test-dir/MiniOzoneClusterImpl-98dd81b9-deed-4f2d-abd5-65bd0f491ac9/datanode-1/data/ratis/fbef6c51-3433-4c29-b302-dcaa11744dda/sm/snapshot.3_4 took: 19 ms
2022-06-16 16:21:03,388 [6087f466-757b-41fa-a219-681e056adf4c@group-DCAA11744DDA-StateMachineUpdater] INFO  impl.StateMachineUpdater (StateMachineUpdater.java:takeSnapshot(287)) - 6087f466-757b-41fa-a219-681e056adf4c@group-DCAA11744DDA-StateMachineUpdater: Took a snapshot at index 4
2022-06-16 16:21:03,388 [6087f466-757b-41fa-a219-681e056adf4c@group-DCAA11744DDA-StateMachineUpdater] INFO  impl.StateMachineUpdater (StateMachineUpdater.java:lambda$new$0(92)) - 6087f466-757b-41fa-a219-681e056adf4c@group-DCAA11744DDA-StateMachineUpdater: snapshotIndex: updateIncreasingly -1 -> 4
2022-06-16 16:21:03,388 [ForkJoinPool.commonPool-worker-1] INFO  server.RaftServer$Division (ServerState.java:close(429)) - 6087f466-757b-41fa-a219-681e056adf4c@group-DCAA11744DDA: closes. applyIndex: 4
2022-06-16 16:21:03,390 [grpc-default-executor-0] INFO  server.GrpcServerProtocolService (GrpcServerProtocolService.java:onCompleted(140)) - 835188e7-dd17-483f-9194-07b8bd68eba8: Completed APPEND_ENTRIES, lastRequest: 6087f466-757b-41fa-a219-681e056adf4c->835188e7-dd17-483f-9194-07b8bd68eba8#16-t3,previous=(t:3, i:3),leaderCommit=2,initializing? true,entries: size=1, first=(t:3, i:4), METADATAENTRY(c:2)
2022-06-16 16:21:03,394 [6087f466-757b-41fa-a219-681e056adf4c@group-DCAA11744DDA-SegmentedRaftLogWorker] INFO  segmented.SegmentedRaftLogWorker (SegmentedRaftLogWorker.java:run(336)) - 6087f466-757b-41fa-a219-681e056adf4c@group-DCAA11744DDA-SegmentedRaftLogWorker was interrupted, exiting. There are 0 tasks remaining in the queue.
2022-06-16 16:21:03,398 [ForkJoinPool.commonPool-worker-1] INFO  segmented.SegmentedRaftLogWorker (SegmentedRaftLogWorker.java:close(246)) - 6087f466-757b-41fa-a219-681e056adf4c@group-DCAA11744DDA-SegmentedRaftLogWorker close()
2022-06-16 16:21:03,399 [Listener at 127.0.0.1/42069] INFO  ozoneimpl.OzoneContainer (OzoneContainer.java:stop(365)) - Attempting to stop container services.
2022-06-16 16:21:03,399 [Listener at 127.0.0.1/42069] INFO  server.RaftServer (RaftServerProxy.java:lambda$close$7(398)) - 835188e7-dd17-483f-9194-07b8bd68eba8: close
2022-06-16 16:21:03,399 [Listener at 127.0.0.1/42069] INFO  server.RaftServer$Division (RaftServerImpl.java:lambda$close$4(434)) - 835188e7-dd17-483f-9194-07b8bd68eba8@group-DCAA11744DDA: shutdown
2022-06-16 16:21:03,399 [Listener at 127.0.0.1/42069] INFO  util.JmxRegister (JmxRegister.java:unregister(73)) - Successfully un-registered JMX Bean with object name Ratis:service=RaftServer,group=group-DCAA11744DDA,id=835188e7-dd17-483f-9194-07b8bd68eba8
2022-06-16 16:21:03,399 [Listener at 127.0.0.1/42069] INFO  impl.RoleInfo (RoleInfo.java:shutdownFollowerState(110)) - 835188e7-dd17-483f-9194-07b8bd68eba8: shutdown 835188e7-dd17-483f-9194-07b8bd68eba8@group-DCAA11744DDA-FollowerState
2022-06-16 16:21:03,399 [Listener at 127.0.0.1/42069] INFO  impl.StateMachineUpdater (StateMachineUpdater.java:stopAndJoin(153)) - 835188e7-dd17-483f-9194-07b8bd68eba8@group-DCAA11744DDA-StateMachineUpdater: set stopIndex = 4
2022-06-16 16:21:03,400 [835188e7-dd17-483f-9194-07b8bd68eba8@group-DCAA11744DDA-FollowerState] INFO  impl.FollowerState (FollowerState.java:run(152)) - 835188e7-dd17-483f-9194-07b8bd68eba8@group-DCAA11744DDA-FollowerState was interrupted
2022-06-16 16:21:03,406 [ForkJoinPool.commonPool-worker-1] INFO  server.RaftServer$Division (RaftServerImpl.java:lambda$close$4(434)) - 6087f466-757b-41fa-a219-681e056adf4c@group-2F479EB56004: shutdown
2022-06-16 16:21:03,406 [ForkJoinPool.commonPool-worker-1] INFO  util.JmxRegister (JmxRegister.java:unregister(73)) - Successfully un-registered JMX Bean with object name Ratis:service=RaftServer,group=group-2F479EB56004,id=6087f466-757b-41fa-a219-681e056adf4c
2022-06-16 16:21:03,406 [ForkJoinPool.commonPool-worker-1] INFO  impl.RoleInfo (RoleInfo.java:shutdownLeaderState(93)) - 6087f466-757b-41fa-a219-681e056adf4c: shutdown 6087f466-757b-41fa-a219-681e056adf4c@group-2F479EB56004-LeaderStateImpl
2022-06-16 16:21:03,406 [ForkJoinPool.commonPool-worker-1] INFO  impl.PendingRequests (PendingRequests.java:sendNotLeaderResponses(282)) - 6087f466-757b-41fa-a219-681e056adf4c@group-2F479EB56004-PendingRequests: sendNotLeaderResponses
2022-06-16 16:21:03,407 [ForkJoinPool.commonPool-worker-1] INFO  impl.StateMachineUpdater (StateMachineUpdater.java:stopAndJoin(153)) - 6087f466-757b-41fa-a219-681e056adf4c@group-2F479EB56004-StateMachineUpdater: set stopIndex = 0
2022-06-16 16:21:03,407 [6087f466-757b-41fa-a219-681e056adf4c@group-2F479EB56004-StateMachineUpdater] INFO  ratis.ContainerStateMachine (ContainerStateMachine.java:takeSnapshot(304)) - group-2F479EB56004: Taking a snapshot at:(t:1, i:0) file /home/runner/work/ozone/ozone/hadoop-ozone/integration-test/target/test-dir/MiniOzoneClusterImpl-98dd81b9-deed-4f2d-abd5-65bd0f491ac9/datanode-1/data/ratis/88cd46c2-5c8b-4ed3-a173-2f479eb56004/sm/snapshot.1_0
2022-06-16 16:21:03,407 [6087f466-757b-41fa-a219-681e056adf4c@group-2F479EB56004-StateMachineUpdater] INFO  ratis.ContainerStateMachine (ContainerStateMachine.java:takeSnapshot(315)) - group-2F479EB56004: Finished taking a snapshot at:(t:1, i:0) file:/home/runner/work/ozone/ozone/hadoop-ozone/integration-test/target/test-dir/MiniOzoneClusterImpl-98dd81b9-deed-4f2d-abd5-65bd0f491ac9/datanode-1/data/ratis/88cd46c2-5c8b-4ed3-a173-2f479eb56004/sm/snapshot.1_0 took: 0 ms
2022-06-16 16:21:03,408 [6087f466-757b-41fa-a219-681e056adf4c@group-2F479EB56004-StateMachineUpdater] INFO  impl.StateMachineUpdater (StateMachineUpdater.java:takeSnapshot(287)) - 6087f466-757b-41fa-a219-681e056adf4c@group-2F479EB56004-StateMachineUpdater: Took a snapshot at index 0
2022-06-16 16:21:03,408 [6087f466-757b-41fa-a219-681e056adf4c@group-2F479EB56004-StateMachineUpdater] INFO  impl.StateMachineUpdater (StateMachineUpdater.java:lambda$new$0(92)) - 6087f466-757b-41fa-a219-681e056adf4c@group-2F479EB56004-StateMachineUpdater: snapshotIndex: updateIncreasingly -1 -> 0
2022-06-16 16:21:03,408 [ForkJoinPool.commonPool-worker-1] INFO  server.RaftServer$Division (ServerState.java:close(429)) - 6087f466-757b-41fa-a219-681e056adf4c@group-2F479EB56004: closes. applyIndex: 0
2022-06-16 16:21:03,408 [6087f466-757b-41fa-a219-681e056adf4c@group-2F479EB56004-SegmentedRaftLogWorker] INFO  segmented.SegmentedRaftLogWorker (SegmentedRaftLogWorker.java:run(336)) - 6087f466-757b-41fa-a219-681e056adf4c@group-2F479EB56004-SegmentedRaftLogWorker was interrupted, exiting. There are 0 tasks remaining in the queue.
2022-06-16 16:21:03,408 [ForkJoinPool.commonPool-worker-1] INFO  segmented.SegmentedRaftLogWorker (SegmentedRaftLogWorker.java:close(246)) - 6087f466-757b-41fa-a219-681e056adf4c@group-2F479EB56004-SegmentedRaftLogWorker close()
2022-06-16 16:21:03,410 [grpc-default-executor-3] INFO  server.GrpcLogAppender (GrpcLogAppender.java:onCompleted(339)) - 6087f466-757b-41fa-a219-681e056adf4c@group-DCAA11744DDA->dd1ed5e2-20b8-410c-8deb-f61f3310736b-AppendLogResponseHandler: follower responses appendEntries COMPLETED
2022-06-16 16:21:03,410 [grpc-default-executor-3] INFO  leader.FollowerInfo (FollowerInfoImpl.java:lambda$new$0(48)) - 6087f466-757b-41fa-a219-681e056adf4c@group-DCAA11744DDA->dd1ed5e2-20b8-410c-8deb-f61f3310736b: nextIndex: updateUnconditionally 5 -> 4
2022-06-16 16:21:03,410 [grpc-default-executor-2] INFO  server.GrpcLogAppender (GrpcLogAppender.java:onCompleted(339)) - 6087f466-757b-41fa-a219-681e056adf4c@group-DCAA11744DDA->835188e7-dd17-483f-9194-07b8bd68eba8-AppendLogResponseHandler: follower responses appendEntries COMPLETED
2022-06-16 16:21:03,410 [grpc-default-executor-2] INFO  leader.FollowerInfo (FollowerInfoImpl.java:lambda$new$0(48)) - 6087f466-757b-41fa-a219-681e056adf4c@group-DCAA11744DDA->835188e7-dd17-483f-9194-07b8bd68eba8: nextIndex: updateUnconditionally 5 -> 4
2022-06-16 16:21:03,417 [835188e7-dd17-483f-9194-07b8bd68eba8@group-DCAA11744DDA-StateMachineUpdater] INFO  ratis.ContainerStateMachine (ContainerStateMachine.java:takeSnapshot(304)) - group-DCAA11744DDA: Taking a snapshot at:(t:3, i:4) file /home/runner/work/ozone/ozone/hadoop-ozone/integration-test/target/test-dir/MiniOzoneClusterImpl-98dd81b9-deed-4f2d-abd5-65bd0f491ac9/datanode-2/data/ratis/fbef6c51-3433-4c29-b302-dcaa11744dda/sm/snapshot.3_4
2022-06-16 16:21:03,417 [ForkJoinPool.commonPool-worker-1] INFO  server.RaftServer$Division (RaftServerImpl.java:lambda$close$4(434)) - 6087f466-757b-41fa-a219-681e056adf4c@group-E38C3F955305: shutdown
2022-06-16 16:21:03,417 [ForkJoinPool.commonPool-worker-1] INFO  util.JmxRegister (JmxRegister.java:unregister(73)) - Successfully un-registered JMX Bean with object name Ratis:service=RaftServer,group=group-E38C3F955305,id=6087f466-757b-41fa-a219-681e056adf4c
2022-06-16 16:21:03,417 [ForkJoinPool.commonPool-worker-1] INFO  impl.RoleInfo (RoleInfo.java:shutdownFollowerState(110)) - 6087f466-757b-41fa-a219-681e056adf4c: shutdown 6087f466-757b-41fa-a219-681e056adf4c@group-E38C3F955305-FollowerState
2022-06-16 16:21:03,417 [ForkJoinPool.commonPool-worker-1] INFO  impl.StateMachineUpdater (StateMachineUpdater.java:stopAndJoin(153)) - 6087f466-757b-41fa-a219-681e056adf4c@group-E38C3F955305-StateMachineUpdater: set stopIndex = 28
2022-06-16 16:21:03,417 [6087f466-757b-41fa-a219-681e056adf4c@group-E38C3F955305-FollowerState] INFO  impl.FollowerState (FollowerState.java:run(152)) - 6087f466-757b-41fa-a219-681e056adf4c@group-E38C3F955305-FollowerState was interrupted
2022-06-16 16:21:03,417 [6087f466-757b-41fa-a219-681e056adf4c@group-E38C3F955305-StateMachineUpdater] INFO  ratis.ContainerStateMachine (ContainerStateMachine.java:takeSnapshot(304)) - group-E38C3F955305: Taking a snapshot at:(t:2, i:28) file /home/runner/work/ozone/ozone/hadoop-ozone/integration-test/target/test-dir/MiniOzoneClusterImpl-98dd81b9-deed-4f2d-abd5-65bd0f491ac9/datanode-1/data/ratis/cfabed13-019d-4b2c-b9ff-e38c3f955305/sm/snapshot.2_28
2022-06-16 16:21:03,418 [835188e7-dd17-483f-9194-07b8bd68eba8@group-DCAA11744DDA-StateMachineUpdater] INFO  ratis.ContainerStateMachine (ContainerStateMachine.java:takeSnapshot(315)) - group-DCAA11744DDA: Finished taking a snapshot at:(t:3, i:4) file:/home/runner/work/ozone/ozone/hadoop-ozone/integration-test/target/test-dir/MiniOzoneClusterImpl-98dd81b9-deed-4f2d-abd5-65bd0f491ac9/datanode-2/data/ratis/fbef6c51-3433-4c29-b302-dcaa11744dda/sm/snapshot.3_4 took: 1 ms
2022-06-16 16:21:03,418 [835188e7-dd17-483f-9194-07b8bd68eba8@group-DCAA11744DDA-StateMachineUpdater] INFO  impl.StateMachineUpdater (StateMachineUpdater.java:takeSnapshot(287)) - 835188e7-dd17-483f-9194-07b8bd68eba8@group-DCAA11744DDA-StateMachineUpdater: Took a snapshot at index 4
2022-06-16 16:21:03,418 [835188e7-dd17-483f-9194-07b8bd68eba8@group-DCAA11744DDA-StateMachineUpdater] INFO  impl.StateMachineUpdater (StateMachineUpdater.java:lambda$new$0(92)) - 835188e7-dd17-483f-9194-07b8bd68eba8@group-DCAA11744DDA-StateMachineUpdater: snapshotIndex: updateIncreasingly -1 -> 4
2022-06-16 16:21:03,418 [Listener at 127.0.0.1/42069] INFO  server.RaftServer$Division (ServerState.java:close(429)) - 835188e7-dd17-483f-9194-07b8bd68eba8@group-DCAA11744DDA: closes. applyIndex: 4
2022-06-16 16:21:03,418 [835188e7-dd17-483f-9194-07b8bd68eba8@group-DCAA11744DDA-SegmentedRaftLogWorker] INFO  segmented.SegmentedRaftLogWorker (SegmentedRaftLogWorker.java:run(336)) - 835188e7-dd17-483f-9194-07b8bd68eba8@group-DCAA11744DDA-SegmentedRaftLogWorker was interrupted, exiting. There are 0 tasks remaining in the queue.
2022-06-16 16:21:03,419 [Listener at 127.0.0.1/42069] INFO  segmented.SegmentedRaftLogWorker (SegmentedRaftLogWorker.java:close(246)) - 835188e7-dd17-483f-9194-07b8bd68eba8@group-DCAA11744DDA-SegmentedRaftLogWorker close()
2022-06-16 16:21:03,420 [Listener at 127.0.0.1/42069] INFO  server.RaftServer$Division (RaftServerImpl.java:lambda$close$4(434)) - 835188e7-dd17-483f-9194-07b8bd68eba8@group-E38C3F955305: shutdown
2022-06-16 16:21:03,420 [Listener at 127.0.0.1/42069] INFO  util.JmxRegister (JmxRegister.java:unregister(73)) - Successfully un-registered JMX Bean with object name Ratis:service=RaftServer,group=group-E38C3F955305,id=835188e7-dd17-483f-9194-07b8bd68eba8
2022-06-16 16:21:03,420 [Listener at 127.0.0.1/42069] INFO  impl.RoleInfo (RoleInfo.java:shutdownLeaderState(93)) - 835188e7-dd17-483f-9194-07b8bd68eba8: shutdown 835188e7-dd17-483f-9194-07b8bd68eba8@group-E38C3F955305-LeaderStateImpl
2022-06-16 16:21:03,420 [835188e7-dd17-483f-9194-07b8bd68eba8@group-E38C3F955305->6087f466-757b-41fa-a219-681e056adf4c-GrpcLogAppender-LogAppenderDaemon] WARN  server.GrpcLogAppender (GrpcLogAppender.java:mayWait(171)) - 835188e7-dd17-483f-9194-07b8bd68eba8@group-E38C3F955305->6087f466-757b-41fa-a219-681e056adf4c-GrpcLogAppender: Wait interrupted by java.lang.InterruptedException
2022-06-16 16:21:03,420 [Listener at 127.0.0.1/42069] INFO  impl.PendingRequests (PendingRequests.java:sendNotLeaderResponses(282)) - 835188e7-dd17-483f-9194-07b8bd68eba8@group-E38C3F955305-PendingRequests: sendNotLeaderResponses
2022-06-16 16:21:03,420 [835188e7-dd17-483f-9194-07b8bd68eba8@group-E38C3F955305->dd1ed5e2-20b8-410c-8deb-f61f3310736b-GrpcLogAppender-LogAppenderDaemon] WARN  server.GrpcLogAppender (GrpcLogAppender.java:mayWait(171)) - 835188e7-dd17-483f-9194-07b8bd68eba8@group-E38C3F955305->dd1ed5e2-20b8-410c-8deb-f61f3310736b-GrpcLogAppender: Wait interrupted by java.lang.InterruptedException
2022-06-16 16:21:03,423 [835188e7-dd17-483f-9194-07b8bd68eba8@group-E38C3F955305-StateMachineUpdater] INFO  ratis.ContainerStateMachine (ContainerStateMachine.java:takeSnapshot(304)) - group-E38C3F955305: Taking a snapshot at:(t:2, i:28) file /home/runner/work/ozone/ozone/hadoop-ozone/integration-test/target/test-dir/MiniOzoneClusterImpl-98dd81b9-deed-4f2d-abd5-65bd0f491ac9/datanode-2/data/ratis/cfabed13-019d-4b2c-b9ff-e38c3f955305/sm/snapshot.2_28
2022-06-16 16:21:03,423 [Listener at 127.0.0.1/42069] INFO  impl.StateMachineUpdater (StateMachineUpdater.java:stopAndJoin(153)) - 835188e7-dd17-483f-9194-07b8bd68eba8@group-E38C3F955305-StateMachineUpdater: set stopIndex = 28
2022-06-16 16:21:03,427 [grpc-default-executor-0] INFO  server.GrpcServerProtocolService (GrpcServerProtocolService.java:onCompleted(140)) - dd1ed5e2-20b8-410c-8deb-f61f3310736b: Completed APPEND_ENTRIES, lastRequest: 835188e7-dd17-483f-9194-07b8bd68eba8->dd1ed5e2-20b8-410c-8deb-f61f3310736b#450-t2,previous=(t:2, i:27),leaderCommit=26,initializing? true,entries: size=1, first=(t:2, i:28), METADATAENTRY(c:26)
2022-06-16 16:21:03,427 [grpc-default-executor-2] INFO  server.GrpcServerProtocolService (GrpcServerProtocolService.java:onCompleted(140)) - 6087f466-757b-41fa-a219-681e056adf4c: Completed APPEND_ENTRIES, lastRequest: 835188e7-dd17-483f-9194-07b8bd68eba8->6087f466-757b-41fa-a219-681e056adf4c#263-t2,previous=(t:2, i:27),leaderCommit=26,initializing? true,entries: size=1, first=(t:2, i:28), METADATAENTRY(c:26)
2022-06-16 16:21:03,428 [grpc-default-executor-3] INFO  server.GrpcLogAppender (GrpcLogAppender.java:onCompleted(339)) - 835188e7-dd17-483f-9194-07b8bd68eba8@group-E38C3F955305->6087f466-757b-41fa-a219-681e056adf4c-AppendLogResponseHandler: follower responses appendEntries COMPLETED
2022-06-16 16:21:03,428 [grpc-default-executor-3] INFO  leader.FollowerInfo (FollowerInfoImpl.java:lambda$new$0(48)) - 835188e7-dd17-483f-9194-07b8bd68eba8@group-E38C3F955305->6087f466-757b-41fa-a219-681e056adf4c: nextIndex: updateUnconditionally 29 -> 28
2022-06-16 16:21:03,428 [835188e7-dd17-483f-9194-07b8bd68eba8@group-E38C3F955305-StateMachineUpdater] INFO  ratis.ContainerStateMachine (ContainerStateMachine.java:takeSnapshot(315)) - group-E38C3F955305: Finished taking a snapshot at:(t:2, i:28) file:/home/runner/work/ozone/ozone/hadoop-ozone/integration-test/target/test-dir/MiniOzoneClusterImpl-98dd81b9-deed-4f2d-abd5-65bd0f491ac9/datanode-2/data/ratis/cfabed13-019d-4b2c-b9ff-e38c3f955305/sm/snapshot.2_28 took: 5 ms
2022-06-16 16:21:03,428 [grpc-default-executor-0] INFO  server.GrpcLogAppender (GrpcLogAppender.java:onCompleted(339)) - 835188e7-dd17-483f-9194-07b8bd68eba8@group-E38C3F955305->dd1ed5e2-20b8-410c-8deb-f61f3310736b-AppendLogResponseHandler: follower responses appendEntries COMPLETED
2022-06-16 16:21:03,428 [grpc-default-executor-0] INFO  leader.FollowerInfo (FollowerInfoImpl.java:lambda$new$0(48)) - 835188e7-dd17-483f-9194-07b8bd68eba8@group-E38C3F955305->dd1ed5e2-20b8-410c-8deb-f61f3310736b: nextIndex: updateUnconditionally 29 -> 28
2022-06-16 16:21:03,428 [835188e7-dd17-483f-9194-07b8bd68eba8@group-E38C3F955305-StateMachineUpdater] INFO  impl.StateMachineUpdater (StateMachineUpdater.java:takeSnapshot(287)) - 835188e7-dd17-483f-9194-07b8bd68eba8@group-E38C3F955305-StateMachineUpdater: Took a snapshot at index 28
2022-06-16 16:21:03,428 [835188e7-dd17-483f-9194-07b8bd68eba8@group-E38C3F955305-StateMachineUpdater] INFO  impl.StateMachineUpdater (StateMachineUpdater.java:lambda$new$0(92)) - 835188e7-dd17-483f-9194-07b8bd68eba8@group-E38C3F955305-StateMachineUpdater: snapshotIndex: updateIncreasingly -1 -> 28
2022-06-16 16:21:03,429 [Listener at 127.0.0.1/42069] INFO  server.RaftServer$Division (ServerState.java:close(429)) - 835188e7-dd17-483f-9194-07b8bd68eba8@group-E38C3F955305: closes. applyIndex: 28
2022-06-16 16:21:03,429 [835188e7-dd17-483f-9194-07b8bd68eba8@group-E38C3F955305-SegmentedRaftLogWorker] INFO  segmented.SegmentedRaftLogWorker (SegmentedRaftLogWorker.java:run(336)) - 835188e7-dd17-483f-9194-07b8bd68eba8@group-E38C3F955305-SegmentedRaftLogWorker was interrupted, exiting. There are 0 tasks remaining in the queue.
2022-06-16 16:21:03,434 [Listener at 127.0.0.1/42069] INFO  segmented.SegmentedRaftLogWorker (SegmentedRaftLogWorker.java:close(246)) - 835188e7-dd17-483f-9194-07b8bd68eba8@group-E38C3F955305-SegmentedRaftLogWorker close()
2022-06-16 16:21:03,439 [Listener at 127.0.0.1/42069] INFO  server.RaftServer$Division (RaftServerImpl.java:lambda$close$4(434)) - 835188e7-dd17-483f-9194-07b8bd68eba8@group-4DBCA3E0C6AD: shutdown
2022-06-16 16:21:03,439 [6087f466-757b-41fa-a219-681e056adf4c@group-E38C3F955305-StateMachineUpdater] INFO  ratis.ContainerStateMachine (ContainerStateMachine.java:takeSnapshot(315)) - group-E38C3F955305: Finished taking a snapshot at:(t:2, i:28) file:/home/runner/work/ozone/ozone/hadoop-ozone/integration-test/target/test-dir/MiniOzoneClusterImpl-98dd81b9-deed-4f2d-abd5-65bd0f491ac9/datanode-1/data/ratis/cfabed13-019d-4b2c-b9ff-e38c3f955305/sm/snapshot.2_28 took: 22 ms
2022-06-16 16:21:03,439 [Listener at 127.0.0.1/42069] INFO  util.JmxRegister (JmxRegister.java:unregister(73)) - Successfully un-registered JMX Bean with object name Ratis:service=RaftServer,group=group-4DBCA3E0C6AD,id=835188e7-dd17-483f-9194-07b8bd68eba8
2022-06-16 16:21:03,439 [6087f466-757b-41fa-a219-681e056adf4c@group-E38C3F955305-StateMachineUpdater] INFO  impl.StateMachineUpdater (StateMachineUpdater.java:takeSnapshot(287)) - 6087f466-757b-41fa-a219-681e056adf4c@group-E38C3F955305-StateMachineUpdater: Took a snapshot at index 28
2022-06-16 16:21:03,439 [Listener at 127.0.0.1/42069] INFO  impl.RoleInfo (RoleInfo.java:shutdownLeaderState(93)) - 835188e7-dd17-483f-9194-07b8bd68eba8: shutdown 835188e7-dd17-483f-9194-07b8bd68eba8@group-4DBCA3E0C6AD-LeaderStateImpl
2022-06-16 16:21:03,439 [Listener at 127.0.0.1/42069] INFO  impl.PendingRequests (PendingRequests.java:sendNotLeaderResponses(282)) - 835188e7-dd17-483f-9194-07b8bd68eba8@group-4DBCA3E0C6AD-PendingRequests: sendNotLeaderResponses
2022-06-16 16:21:03,440 [Listener at 127.0.0.1/42069] INFO  impl.StateMachineUpdater (StateMachineUpdater.java:stopAndJoin(153)) - 835188e7-dd17-483f-9194-07b8bd68eba8@group-4DBCA3E0C6AD-StateMachineUpdater: set stopIndex = 0
2022-06-16 16:21:03,440 [835188e7-dd17-483f-9194-07b8bd68eba8@group-4DBCA3E0C6AD-StateMachineUpdater] INFO  ratis.ContainerStateMachine (ContainerStateMachine.java:takeSnapshot(304)) - group-4DBCA3E0C6AD: Taking a snapshot at:(t:1, i:0) file /home/runner/work/ozone/ozone/hadoop-ozone/integration-test/target/test-dir/MiniOzoneClusterImpl-98dd81b9-deed-4f2d-abd5-65bd0f491ac9/datanode-2/data/ratis/750ed808-97b4-4a71-919c-4dbca3e0c6ad/sm/snapshot.1_0
2022-06-16 16:21:03,439 [6087f466-757b-41fa-a219-681e056adf4c@group-E38C3F955305-StateMachineUpdater] INFO  impl.StateMachineUpdater (StateMachineUpdater.java:lambda$new$0(92)) - 6087f466-757b-41fa-a219-681e056adf4c@group-E38C3F955305-StateMachineUpdater: snapshotIndex: updateIncreasingly -1 -> 28
2022-06-16 16:21:03,442 [835188e7-dd17-483f-9194-07b8bd68eba8@group-4DBCA3E0C6AD-StateMachineUpdater] INFO  ratis.ContainerStateMachine (ContainerStateMachine.java:takeSnapshot(315)) - group-4DBCA3E0C6AD: Finished taking a snapshot at:(t:1, i:0) file:/home/runner/work/ozone/ozone/hadoop-ozone/integration-test/target/test-dir/MiniOzoneClusterImpl-98dd81b9-deed-4f2d-abd5-65bd0f491ac9/datanode-2/data/ratis/750ed808-97b4-4a71-919c-4dbca3e0c6ad/sm/snapshot.1_0 took: 2 ms
2022-06-16 16:21:03,442 [835188e7-dd17-483f-9194-07b8bd68eba8@group-4DBCA3E0C6AD-StateMachineUpdater] INFO  impl.StateMachineUpdater (StateMachineUpdater.java:takeSnapshot(287)) - 835188e7-dd17-483f-9194-07b8bd68eba8@group-4DBCA3E0C6AD-StateMachineUpdater: Took a snapshot at index 0
2022-06-16 16:21:03,442 [835188e7-dd17-483f-9194-07b8bd68eba8@group-4DBCA3E0C6AD-StateMachineUpdater] INFO  impl.StateMachineUpdater (StateMachineUpdater.java:lambda$new$0(92)) - 835188e7-dd17-483f-9194-07b8bd68eba8@group-4DBCA3E0C6AD-StateMachineUpdater: snapshotIndex: updateIncreasingly -1 -> 0
2022-06-16 16:21:03,442 [ForkJoinPool.commonPool-worker-1] INFO  server.RaftServer$Division (ServerState.java:close(429)) - 6087f466-757b-41fa-a219-681e056adf4c@group-E38C3F955305: closes. applyIndex: 28
2022-06-16 16:21:03,442 [6087f466-757b-41fa-a219-681e056adf4c@group-E38C3F955305-SegmentedRaftLogWorker] INFO  segmented.SegmentedRaftLogWorker (SegmentedRaftLogWorker.java:run(336)) - 6087f466-757b-41fa-a219-681e056adf4c@group-E38C3F955305-SegmentedRaftLogWorker was interrupted, exiting. There are 0 tasks remaining in the queue.
2022-06-16 16:21:03,443 [Listener at 127.0.0.1/42069] INFO  server.RaftServer$Division (ServerState.java:close(429)) - 835188e7-dd17-483f-9194-07b8bd68eba8@group-4DBCA3E0C6AD: closes. applyIndex: 0
2022-06-16 16:21:03,443 [835188e7-dd17-483f-9194-07b8bd68eba8@group-4DBCA3E0C6AD-SegmentedRaftLogWorker] INFO  segmented.SegmentedRaftLogWorker (SegmentedRaftLogWorker.java:run(336)) - 835188e7-dd17-483f-9194-07b8bd68eba8@group-4DBCA3E0C6AD-SegmentedRaftLogWorker was interrupted, exiting. There are 0 tasks remaining in the queue.
2022-06-16 16:21:03,444 [Listener at 127.0.0.1/42069] INFO  segmented.SegmentedRaftLogWorker (SegmentedRaftLogWorker.java:close(246)) - 835188e7-dd17-483f-9194-07b8bd68eba8@group-4DBCA3E0C6AD-SegmentedRaftLogWorker close()
2022-06-16 16:21:03,454 [ForkJoinPool.commonPool-worker-1] INFO  segmented.SegmentedRaftLogWorker (SegmentedRaftLogWorker.java:close(246)) - 6087f466-757b-41fa-a219-681e056adf4c@group-E38C3F955305-SegmentedRaftLogWorker close()
2022-06-16 16:21:03,455 [ForkJoinPool.commonPool-worker-1] INFO  server.GrpcService (GrpcService.java:closeImpl(269)) - 6087f466-757b-41fa-a219-681e056adf4c: shutdown server with port 40815 now
2022-06-16 16:21:03,455 [Listener at 127.0.0.1/42069] INFO  server.GrpcService (GrpcService.java:closeImpl(269)) - 835188e7-dd17-483f-9194-07b8bd68eba8: shutdown server with port 32931 now
2022-06-16 16:21:03,534 [Listener at 127.0.0.1/42069] INFO  server.GrpcService (GrpcService.java:closeImpl(278)) - 835188e7-dd17-483f-9194-07b8bd68eba8: shutdown server with port 32931 successfully
2022-06-16 16:21:03,535 [org.apache.ratis.util.JvmPauseMonitor$$Lambda$611/1702991963@1df1d1bc] INFO  util.JvmPauseMonitor (JvmPauseMonitor.java:run(109)) - JvmPauseMonitor-835188e7-dd17-483f-9194-07b8bd68eba8: Stopped
2022-06-16 16:21:03,539 [ForkJoinPool.commonPool-worker-1] INFO  server.GrpcService (GrpcService.java:closeImpl(278)) - 6087f466-757b-41fa-a219-681e056adf4c: shutdown server with port 40815 successfully
2022-06-16 16:21:03,540 [org.apache.ratis.util.JvmPauseMonitor$$Lambda$611/1702991963@576ff405] INFO  util.JvmPauseMonitor (JvmPauseMonitor.java:run(109)) - JvmPauseMonitor-6087f466-757b-41fa-a219-681e056adf4c: Stopped
2022-06-16 16:21:05,654 [Listener at 127.0.0.1/42069] INFO  utils.BackgroundService (BackgroundService.java:shutdown(132)) - Shutting down service BlockDeletingService
2022-06-16 16:21:05,665 [ForkJoinPool.commonPool-worker-1] INFO  utils.BackgroundService (BackgroundService.java:shutdown(132)) - Shutting down service BlockDeletingService
2022-06-16 16:21:08,371 [dd1ed5e2-20b8-410c-8deb-f61f3310736b@group-DCAA11744DDA-FollowerState] INFO  impl.FollowerState (FollowerState.java:run(143)) - dd1ed5e2-20b8-410c-8deb-f61f3310736b@group-DCAA11744DDA-FollowerState: change to CANDIDATE, lastRpcElapsedTime:7422830311ns, electionTimeout:5116ms
2022-06-16 16:21:08,371 [dd1ed5e2-20b8-410c-8deb-f61f3310736b@group-DCAA11744DDA-FollowerState] INFO  impl.RoleInfo (RoleInfo.java:shutdownFollowerState(110)) - dd1ed5e2-20b8-410c-8deb-f61f3310736b: shutdown dd1ed5e2-20b8-410c-8deb-f61f3310736b@group-DCAA11744DDA-FollowerState
2022-06-16 16:21:08,371 [dd1ed5e2-20b8-410c-8deb-f61f3310736b@group-DCAA11744DDA-FollowerState] INFO  server.RaftServer$Division (RaftServerImpl.java:setRole(299)) - dd1ed5e2-20b8-410c-8deb-f61f3310736b@group-DCAA11744DDA: changes role from  FOLLOWER to CANDIDATE at term 3 for changeToCandidate
2022-06-16 16:21:08,372 [dd1ed5e2-20b8-410c-8deb-f61f3310736b@group-DCAA11744DDA-FollowerState] INFO  server.RaftServerConfigKeys (ConfUtils.java:logGet(46)) - raft.server.leaderelection.pre-vote = false (custom)
2022-06-16 16:21:08,372 [dd1ed5e2-20b8-410c-8deb-f61f3310736b@group-DCAA11744DDA-FollowerState] INFO  impl.RoleInfo (RoleInfo.java:updateAndGet(139)) - dd1ed5e2-20b8-410c-8deb-f61f3310736b: start dd1ed5e2-20b8-410c-8deb-f61f3310736b@group-DCAA11744DDA-LeaderElection46
2022-06-16 16:21:08,382 [dd1ed5e2-20b8-410c-8deb-f61f3310736b@group-DCAA11744DDA-LeaderElection46] INFO  server.RaftServer$Division (ServerState.java:setLeader(287)) - dd1ed5e2-20b8-410c-8deb-f61f3310736b@group-DCAA11744DDA: change Leader from 6087f466-757b-41fa-a219-681e056adf4c to null at term 3 for ELECTION
2022-06-16 16:21:08,385 [dd1ed5e2-20b8-410c-8deb-f61f3310736b@group-DCAA11744DDA-LeaderElection46] INFO  impl.LeaderElection (LeaderElection.java:askForVotes(310)) - dd1ed5e2-20b8-410c-8deb-f61f3310736b@group-DCAA11744DDA-LeaderElection46 ELECTION round 0: submit vote requests at term 4 for 0: [6087f466-757b-41fa-a219-681e056adf4c|rpc:10.1.0.16:40815|dataStream:|priority:1, dd1ed5e2-20b8-410c-8deb-f61f3310736b|rpc:10.1.0.16:35117|dataStream:|priority:0, 835188e7-dd17-483f-9194-07b8bd68eba8|rpc:10.1.0.16:32931|dataStream:|priority:0], old=null
2022-06-16 16:21:08,474 [dd1ed5e2-20b8-410c-8deb-f61f3310736b@group-DCAA11744DDA-LeaderElection46] INFO  impl.LeaderElection (LogUtils.java:infoOrTrace(137)) - dd1ed5e2-20b8-410c-8deb-f61f3310736b@group-DCAA11744DDA-LeaderElection46 got exception when requesting votes: java.util.concurrent.ExecutionException: org.apache.ratis.thirdparty.io.grpc.StatusRuntimeException: UNAVAILABLE: io exception
2022-06-16 16:21:08,486 [dd1ed5e2-20b8-410c-8deb-f61f3310736b@group-DCAA11744DDA-LeaderElection46] INFO  impl.LeaderElection (LogUtils.java:infoOrTrace(137)) - dd1ed5e2-20b8-410c-8deb-f61f3310736b@group-DCAA11744DDA-LeaderElection46 got exception when requesting votes: java.util.concurrent.ExecutionException: org.apache.ratis.thirdparty.io.grpc.StatusRuntimeException: UNAVAILABLE: io exception
2022-06-16 16:21:08,487 [dd1ed5e2-20b8-410c-8deb-f61f3310736b@group-DCAA11744DDA-LeaderElection46] INFO  impl.LeaderElection (LeaderElection.java:logAndReturn(90)) - dd1ed5e2-20b8-410c-8deb-f61f3310736b@group-DCAA11744DDA-LeaderElection46: ELECTION REJECTED received 0 response(s) and 2 exception(s):
2022-06-16 16:21:08,487 [dd1ed5e2-20b8-410c-8deb-f61f3310736b@group-DCAA11744DDA-LeaderElection46] INFO  impl.LeaderElection (LogUtils.java:infoOrTrace(137)) -   Exception 0: java.util.concurrent.ExecutionException: org.apache.ratis.thirdparty.io.grpc.StatusRuntimeException: UNAVAILABLE: io exception
2022-06-16 16:21:08,487 [dd1ed5e2-20b8-410c-8deb-f61f3310736b@group-DCAA11744DDA-LeaderElection46] INFO  impl.LeaderElection (LogUtils.java:infoOrTrace(137)) -   Exception 1: java.util.concurrent.ExecutionException: org.apache.ratis.thirdparty.io.grpc.StatusRuntimeException: UNAVAILABLE: io exception
2022-06-16 16:21:08,487 [dd1ed5e2-20b8-410c-8deb-f61f3310736b@group-DCAA11744DDA-LeaderElection46] INFO  impl.LeaderElection (LeaderElection.java:askForVotes(312)) - dd1ed5e2-20b8-410c-8deb-f61f3310736b@group-DCAA11744DDA-LeaderElection46 ELECTION round 0: result REJECTED
2022-06-16 16:21:08,487 [dd1ed5e2-20b8-410c-8deb-f61f3310736b@group-DCAA11744DDA-LeaderElection46] INFO  server.RaftServer$Division (RaftServerImpl.java:setRole(299)) - dd1ed5e2-20b8-410c-8deb-f61f3310736b@group-DCAA11744DDA: changes role from CANDIDATE to FOLLOWER at term 4 for REJECTED
2022-06-16 16:21:08,487 [dd1ed5e2-20b8-410c-8deb-f61f3310736b@group-DCAA11744DDA-LeaderElection46] INFO  impl.RoleInfo (RoleInfo.java:shutdownLeaderElection(130)) - dd1ed5e2-20b8-410c-8deb-f61f3310736b: shutdown dd1ed5e2-20b8-410c-8deb-f61f3310736b@group-DCAA11744DDA-LeaderElection46
2022-06-16 16:21:08,487 [dd1ed5e2-20b8-410c-8deb-f61f3310736b@group-DCAA11744DDA-LeaderElection46] INFO  impl.RoleInfo (RoleInfo.java:updateAndGet(139)) - dd1ed5e2-20b8-410c-8deb-f61f3310736b: start dd1ed5e2-20b8-410c-8deb-f61f3310736b@group-DCAA11744DDA-FollowerState
2022-06-16 16:21:08,674 [ForkJoinPool.commonPool-worker-1] INFO  statemachine.DatanodeStateMachine (DatanodeStateMachine.java:stopDaemon(572)) - Ozone container server stopped.
2022-06-16 16:21:08,678 [Listener at 127.0.0.1/42069] INFO  statemachine.DatanodeStateMachine (DatanodeStateMachine.java:stopDaemon(572)) - Ozone container server stopped.
2022-06-16 16:21:08,702 [ForkJoinPool.commonPool-worker-1] INFO  handler.ContextHandler (ContextHandler.java:doStop(1153)) - Stopped o.e.j.w.WebAppContext@46c791e6{hddsDatanode,/,null,STOPPED}{jar:file:/home/runner/.m2/repository/org/apache/ozone/hdds-container-service/1.3.0-SNAPSHOT/hdds-container-service-1.3.0-SNAPSHOT.jar!/webapps/hddsDatanode}
2022-06-16 16:21:08,702 [ForkJoinPool.commonPool-worker-1] INFO  server.AbstractConnector (AbstractConnector.java:doStop(381)) - Stopped ServerConnector@7a2628d2{HTTP/1.1, (http/1.1)}{0.0.0.0:0}
2022-06-16 16:21:08,702 [ForkJoinPool.commonPool-worker-1] INFO  server.session (HouseKeeper.java:stopScavenging(149)) - node0 Stopped scavenging
2022-06-16 16:21:08,712 [Listener at 127.0.0.1/42069] INFO  handler.ContextHandler (ContextHandler.java:doStop(1153)) - Stopped o.e.j.w.WebAppContext@73439017{hddsDatanode,/,null,STOPPED}{jar:file:/home/runner/.m2/repository/org/apache/ozone/hdds-container-service/1.3.0-SNAPSHOT/hdds-container-service-1.3.0-SNAPSHOT.jar!/webapps/hddsDatanode}
2022-06-16 16:21:08,726 [Listener at 127.0.0.1/42069] INFO  server.AbstractConnector (AbstractConnector.java:doStop(381)) - Stopped ServerConnector@2f5d7ed6{HTTP/1.1, (http/1.1)}{0.0.0.0:0}
2022-06-16 16:21:08,726 [Listener at 127.0.0.1/42069] INFO  server.session (HouseKeeper.java:stopScavenging(149)) - node0 Stopped scavenging
2022-06-16 16:21:08,726 [Listener at 127.0.0.1/42069] INFO  handler.ContextHandler (ContextHandler.java:doStop(1153)) - Stopped o.e.j.s.ServletContextHandler@189df3b9{static,/static,jar:file:/home/runner/.m2/repository/org/apache/ozone/hdds-container-service/1.3.0-SNAPSHOT/hdds-container-service-1.3.0-SNAPSHOT.jar!/webapps/static,STOPPED}
2022-06-16 16:21:08,726 [Listener at 127.0.0.1/42069] INFO  handler.ContextHandler (ContextHandler.java:doStop(1153)) - Stopped o.e.j.s.ServletContextHandler@3468192e{logs,/logs,file:///home/runner/work/ozone/ozone/hadoop-ozone/integration-test/target/log,STOPPED}
2022-06-16 16:21:08,734 [ForkJoinPool.commonPool-worker-1] INFO  handler.ContextHandler (ContextHandler.java:doStop(1153)) - Stopped o.e.j.s.ServletContextHandler@499b6ed{static,/static,jar:file:/home/runner/.m2/repository/org/apache/ozone/hdds-container-service/1.3.0-SNAPSHOT/hdds-container-service-1.3.0-SNAPSHOT.jar!/webapps/static,STOPPED}
2022-06-16 16:21:08,738 [ForkJoinPool.commonPool-worker-1] INFO  handler.ContextHandler (ContextHandler.java:doStop(1153)) - Stopped o.e.j.s.ServletContextHandler@7f7cd001{logs,/logs,file:///home/runner/work/ozone/ozone/hadoop-ozone/integration-test/target/log,STOPPED}
2022-06-16 16:21:08,785 [dd1ed5e2-20b8-410c-8deb-f61f3310736b@group-E38C3F955305-FollowerState] INFO  impl.FollowerState (FollowerState.java:run(143)) - dd1ed5e2-20b8-410c-8deb-f61f3310736b@group-E38C3F955305-FollowerState: change to CANDIDATE, lastRpcElapsedTime:7197024773ns, electionTimeout:5178ms
2022-06-16 16:21:08,785 [dd1ed5e2-20b8-410c-8deb-f61f3310736b@group-E38C3F955305-FollowerState] INFO  impl.RoleInfo (RoleInfo.java:shutdownFollowerState(110)) - dd1ed5e2-20b8-410c-8deb-f61f3310736b: shutdown dd1ed5e2-20b8-410c-8deb-f61f3310736b@group-E38C3F955305-FollowerState
2022-06-16 16:21:08,785 [dd1ed5e2-20b8-410c-8deb-f61f3310736b@group-E38C3F955305-FollowerState] INFO  server.RaftServer$Division (RaftServerImpl.java:setRole(299)) - dd1ed5e2-20b8-410c-8deb-f61f3310736b@group-E38C3F955305: changes role from  FOLLOWER to CANDIDATE at term 2 for changeToCandidate
2022-06-16 16:21:08,785 [dd1ed5e2-20b8-410c-8deb-f61f3310736b@group-E38C3F955305-FollowerState] INFO  server.RaftServerConfigKeys (ConfUtils.java:logGet(46)) - raft.server.leaderelection.pre-vote = false (custom)
2022-06-16 16:21:08,785 [dd1ed5e2-20b8-410c-8deb-f61f3310736b@group-E38C3F955305-FollowerState] INFO  impl.RoleInfo (RoleInfo.java:updateAndGet(139)) - dd1ed5e2-20b8-410c-8deb-f61f3310736b: start dd1ed5e2-20b8-410c-8deb-f61f3310736b@group-E38C3F955305-LeaderElection47
2022-06-16 16:21:08,798 [dd1ed5e2-20b8-410c-8deb-f61f3310736b@group-E38C3F955305-LeaderElection47] INFO  server.RaftServer$Division (ServerState.java:setLeader(287)) - dd1ed5e2-20b8-410c-8deb-f61f3310736b@group-E38C3F955305: change Leader from 835188e7-dd17-483f-9194-07b8bd68eba8 to null at term 2 for ELECTION
2022-06-16 16:21:08,804 [dd1ed5e2-20b8-410c-8deb-f61f3310736b@group-E38C3F955305-LeaderElection47] INFO  impl.LeaderElection (LeaderElection.java:askForVotes(310)) - dd1ed5e2-20b8-410c-8deb-f61f3310736b@group-E38C3F955305-LeaderElection47 ELECTION round 0: submit vote requests at term 3 for 0: [6087f466-757b-41fa-a219-681e056adf4c|rpc:10.1.0.16:40815|dataStream:|priority:0, dd1ed5e2-20b8-410c-8deb-f61f3310736b|rpc:10.1.0.16:35117|dataStream:|priority:0, 835188e7-dd17-483f-9194-07b8bd68eba8|rpc:10.1.0.16:32931|dataStream:|priority:1], old=null
2022-06-16 16:21:08,804 [dd1ed5e2-20b8-410c-8deb-f61f3310736b@group-E38C3F955305-LeaderElection47] INFO  impl.LeaderElection (LogUtils.java:infoOrTrace(137)) - dd1ed5e2-20b8-410c-8deb-f61f3310736b@group-E38C3F955305-LeaderElection47 got exception when requesting votes: java.util.concurrent.ExecutionException: org.apache.ratis.thirdparty.io.grpc.StatusRuntimeException: UNAVAILABLE: io exception
2022-06-16 16:21:08,804 [dd1ed5e2-20b8-410c-8deb-f61f3310736b@group-E38C3F955305-LeaderElection47] INFO  impl.LeaderElection (LogUtils.java:infoOrTrace(137)) - dd1ed5e2-20b8-410c-8deb-f61f3310736b@group-E38C3F955305-LeaderElection47 got exception when requesting votes: java.util.concurrent.ExecutionException: org.apache.ratis.thirdparty.io.grpc.StatusRuntimeException: UNAVAILABLE: io exception
2022-06-16 16:21:08,805 [dd1ed5e2-20b8-410c-8deb-f61f3310736b@group-E38C3F955305-LeaderElection47] INFO  impl.LeaderElection (LeaderElection.java:logAndReturn(90)) - dd1ed5e2-20b8-410c-8deb-f61f3310736b@group-E38C3F955305-LeaderElection47: ELECTION REJECTED received 0 response(s) and 2 exception(s):
2022-06-16 16:21:08,805 [dd1ed5e2-20b8-410c-8deb-f61f3310736b@group-E38C3F955305-LeaderElection47] INFO  impl.LeaderElection (LogUtils.java:infoOrTrace(137)) -   Exception 0: java.util.concurrent.ExecutionException: org.apache.ratis.thirdparty.io.grpc.StatusRuntimeException: UNAVAILABLE: io exception
2022-06-16 16:21:08,805 [dd1ed5e2-20b8-410c-8deb-f61f3310736b@group-E38C3F955305-LeaderElection47] INFO  impl.LeaderElection (LogUtils.java:infoOrTrace(137)) -   Exception 1: java.util.concurrent.ExecutionException: org.apache.ratis.thirdparty.io.grpc.StatusRuntimeException: UNAVAILABLE: io exception
2022-06-16 16:21:08,805 [dd1ed5e2-20b8-410c-8deb-f61f3310736b@group-E38C3F955305-LeaderElection47] INFO  impl.LeaderElection (LeaderElection.java:askForVotes(312)) - dd1ed5e2-20b8-410c-8deb-f61f3310736b@group-E38C3F955305-LeaderElection47 ELECTION round 0: result REJECTED
2022-06-16 16:21:08,805 [dd1ed5e2-20b8-410c-8deb-f61f3310736b@group-E38C3F955305-LeaderElection47] INFO  server.RaftServer$Division (RaftServerImpl.java:setRole(299)) - dd1ed5e2-20b8-410c-8deb-f61f3310736b@group-E38C3F955305: changes role from CANDIDATE to FOLLOWER at term 3 for REJECTED
2022-06-16 16:21:08,805 [dd1ed5e2-20b8-410c-8deb-f61f3310736b@group-E38C3F955305-LeaderElection47] INFO  impl.RoleInfo (RoleInfo.java:shutdownLeaderElection(130)) - dd1ed5e2-20b8-410c-8deb-f61f3310736b: shutdown dd1ed5e2-20b8-410c-8deb-f61f3310736b@group-E38C3F955305-LeaderElection47
2022-06-16 16:21:08,805 [dd1ed5e2-20b8-410c-8deb-f61f3310736b@group-E38C3F955305-LeaderElection47] INFO  impl.RoleInfo (RoleInfo.java:updateAndGet(139)) - dd1ed5e2-20b8-410c-8deb-f61f3310736b: start dd1ed5e2-20b8-410c-8deb-f61f3310736b@group-E38C3F955305-FollowerState
2022-06-16 16:21:13,566 [dd1ed5e2-20b8-410c-8deb-f61f3310736b@group-DCAA11744DDA-FollowerState] INFO  impl.FollowerState (FollowerState.java:run(143)) - dd1ed5e2-20b8-410c-8deb-f61f3310736b@group-DCAA11744DDA-FollowerState: change to CANDIDATE, lastRpcElapsedTime:5079014892ns, electionTimeout:5064ms
2022-06-16 16:21:13,566 [dd1ed5e2-20b8-410c-8deb-f61f3310736b@group-DCAA11744DDA-FollowerState] INFO  impl.RoleInfo (RoleInfo.java:shutdownFollowerState(110)) - dd1ed5e2-20b8-410c-8deb-f61f3310736b: shutdown dd1ed5e2-20b8-410c-8deb-f61f3310736b@group-DCAA11744DDA-FollowerState
2022-06-16 16:21:13,566 [dd1ed5e2-20b8-410c-8deb-f61f3310736b@group-DCAA11744DDA-FollowerState] INFO  server.RaftServer$Division (RaftServerImpl.java:setRole(299)) - dd1ed5e2-20b8-410c-8deb-f61f3310736b@group-DCAA11744DDA: changes role from  FOLLOWER to CANDIDATE at term 4 for changeToCandidate
2022-06-16 16:21:13,566 [dd1ed5e2-20b8-410c-8deb-f61f3310736b@group-DCAA11744DDA-FollowerState] INFO  server.RaftServerConfigKeys (ConfUtils.java:logGet(46)) - raft.server.leaderelection.pre-vote = false (custom)
2022-06-16 16:21:13,566 [dd1ed5e2-20b8-410c-8deb-f61f3310736b@group-DCAA11744DDA-FollowerState] INFO  impl.RoleInfo (RoleInfo.java:updateAndGet(139)) - dd1ed5e2-20b8-410c-8deb-f61f3310736b: start dd1ed5e2-20b8-410c-8deb-f61f3310736b@group-DCAA11744DDA-LeaderElection48
2022-06-16 16:21:13,612 [dd1ed5e2-20b8-410c-8deb-f61f3310736b@group-DCAA11744DDA-LeaderElection48] INFO  impl.LeaderElection (LeaderElection.java:askForVotes(310)) - dd1ed5e2-20b8-410c-8deb-f61f3310736b@group-DCAA11744DDA-LeaderElection48 ELECTION round 0: submit vote requests at term 5 for 0: [6087f466-757b-41fa-a219-681e056adf4c|rpc:10.1.0.16:40815|dataStream:|priority:1, dd1ed5e2-20b8-410c-8deb-f61f3310736b|rpc:10.1.0.16:35117|dataStream:|priority:0, 835188e7-dd17-483f-9194-07b8bd68eba8|rpc:10.1.0.16:32931|dataStream:|priority:0], old=null
2022-06-16 16:21:13,629 [dd1ed5e2-20b8-410c-8deb-f61f3310736b@group-DCAA11744DDA-LeaderElection48] INFO  impl.LeaderElection (LogUtils.java:infoOrTrace(137)) - dd1ed5e2-20b8-410c-8deb-f61f3310736b@group-DCAA11744DDA-LeaderElection48 got exception when requesting votes: java.util.concurrent.ExecutionException: org.apache.ratis.thirdparty.io.grpc.StatusRuntimeException: UNAVAILABLE: io exception
2022-06-16 16:21:13,629 [dd1ed5e2-20b8-410c-8deb-f61f3310736b@group-DCAA11744DDA-LeaderElection48] INFO  impl.LeaderElection (LogUtils.java:infoOrTrace(137)) - dd1ed5e2-20b8-410c-8deb-f61f3310736b@group-DCAA11744DDA-LeaderElection48 got exception when requesting votes: java.util.concurrent.ExecutionException: org.apache.ratis.thirdparty.io.grpc.StatusRuntimeException: UNAVAILABLE: io exception
2022-06-16 16:21:13,629 [dd1ed5e2-20b8-410c-8deb-f61f3310736b@group-DCAA11744DDA-LeaderElection48] INFO  impl.LeaderElection (LeaderElection.java:logAndReturn(90)) - dd1ed5e2-20b8-410c-8deb-f61f3310736b@group-DCAA11744DDA-LeaderElection48: ELECTION REJECTED received 0 response(s) and 2 exception(s):
2022-06-16 16:21:13,629 [dd1ed5e2-20b8-410c-8deb-f61f3310736b@group-DCAA11744DDA-LeaderElection48] INFO  impl.LeaderElection (LogUtils.java:infoOrTrace(137)) -   Exception 0: java.util.concurrent.ExecutionException: org.apache.ratis.thirdparty.io.grpc.StatusRuntimeException: UNAVAILABLE: io exception
2022-06-16 16:21:13,629 [dd1ed5e2-20b8-410c-8deb-f61f3310736b@group-DCAA11744DDA-LeaderElection48] INFO  impl.LeaderElection (LogUtils.java:infoOrTrace(137)) -   Exception 1: java.util.concurrent.ExecutionException: org.apache.ratis.thirdparty.io.grpc.StatusRuntimeException: UNAVAILABLE: io exception
2022-06-16 16:21:13,629 [dd1ed5e2-20b8-410c-8deb-f61f3310736b@group-DCAA11744DDA-LeaderElection48] INFO  impl.LeaderElection (LeaderElection.java:askForVotes(312)) - dd1ed5e2-20b8-410c-8deb-f61f3310736b@group-DCAA11744DDA-LeaderElection48 ELECTION round 0: result REJECTED
2022-06-16 16:21:13,630 [dd1ed5e2-20b8-410c-8deb-f61f3310736b@group-DCAA11744DDA-LeaderElection48] INFO  server.RaftServer$Division (RaftServerImpl.java:setRole(299)) - dd1ed5e2-20b8-410c-8deb-f61f3310736b@group-DCAA11744DDA: changes role from CANDIDATE to FOLLOWER at term 5 for REJECTED
2022-06-16 16:21:13,630 [dd1ed5e2-20b8-410c-8deb-f61f3310736b@group-DCAA11744DDA-LeaderElection48] INFO  impl.RoleInfo (RoleInfo.java:shutdownLeaderElection(130)) - dd1ed5e2-20b8-410c-8deb-f61f3310736b: shutdown dd1ed5e2-20b8-410c-8deb-f61f3310736b@group-DCAA11744DDA-LeaderElection48
2022-06-16 16:21:13,630 [dd1ed5e2-20b8-410c-8deb-f61f3310736b@group-DCAA11744DDA-LeaderElection48] INFO  impl.RoleInfo (RoleInfo.java:updateAndGet(139)) - dd1ed5e2-20b8-410c-8deb-f61f3310736b: start dd1ed5e2-20b8-410c-8deb-f61f3310736b@group-DCAA11744DDA-FollowerState
2022-06-16 16:21:13,739 [ForkJoinPool.commonPool-worker-1] INFO  ozoneimpl.OzoneContainer (OzoneContainer.java:stop(365)) - Attempting to stop container services.
2022-06-16 16:21:13,740 [ForkJoinPool.commonPool-worker-1] INFO  server.RaftServer (RaftServerProxy.java:lambda$close$7(398)) - dd1ed5e2-20b8-410c-8deb-f61f3310736b: close
2022-06-16 16:21:13,740 [ForkJoinPool.commonPool-worker-1] INFO  server.RaftServer$Division (RaftServerImpl.java:lambda$close$4(434)) - dd1ed5e2-20b8-410c-8deb-f61f3310736b@group-C28A9427546F: shutdown
2022-06-16 16:21:13,740 [ForkJoinPool.commonPool-worker-1] INFO  util.JmxRegister (JmxRegister.java:unregister(73)) - Successfully un-registered JMX Bean with object name Ratis:service=RaftServer,group=group-C28A9427546F,id=dd1ed5e2-20b8-410c-8deb-f61f3310736b
2022-06-16 16:21:13,740 [ForkJoinPool.commonPool-worker-1] INFO  impl.RoleInfo (RoleInfo.java:shutdownLeaderState(93)) - dd1ed5e2-20b8-410c-8deb-f61f3310736b: shutdown dd1ed5e2-20b8-410c-8deb-f61f3310736b@group-C28A9427546F-LeaderStateImpl
2022-06-16 16:21:13,740 [ForkJoinPool.commonPool-worker-1] INFO  impl.PendingRequests (PendingRequests.java:sendNotLeaderResponses(282)) - dd1ed5e2-20b8-410c-8deb-f61f3310736b@group-C28A9427546F-PendingRequests: sendNotLeaderResponses
2022-06-16 16:21:13,741 [ForkJoinPool.commonPool-worker-1] INFO  impl.StateMachineUpdater (StateMachineUpdater.java:stopAndJoin(153)) - dd1ed5e2-20b8-410c-8deb-f61f3310736b@group-C28A9427546F-StateMachineUpdater: set stopIndex = 0
2022-06-16 16:21:13,741 [dd1ed5e2-20b8-410c-8deb-f61f3310736b@group-C28A9427546F-StateMachineUpdater] INFO  ratis.ContainerStateMachine (ContainerStateMachine.java:takeSnapshot(304)) - group-C28A9427546F: Taking a snapshot at:(t:1, i:0) file /home/runner/work/ozone/ozone/hadoop-ozone/integration-test/target/test-dir/MiniOzoneClusterImpl-98dd81b9-deed-4f2d-abd5-65bd0f491ac9/datanode-0/data/ratis/178f83f9-63c6-4f99-93eb-c28a9427546f/sm/snapshot.1_0
2022-06-16 16:21:13,742 [dd1ed5e2-20b8-410c-8deb-f61f3310736b@group-C28A9427546F-StateMachineUpdater] INFO  ratis.ContainerStateMachine (ContainerStateMachine.java:takeSnapshot(315)) - group-C28A9427546F: Finished taking a snapshot at:(t:1, i:0) file:/home/runner/work/ozone/ozone/hadoop-ozone/integration-test/target/test-dir/MiniOzoneClusterImpl-98dd81b9-deed-4f2d-abd5-65bd0f491ac9/datanode-0/data/ratis/178f83f9-63c6-4f99-93eb-c28a9427546f/sm/snapshot.1_0 took: 1 ms
2022-06-16 16:21:13,742 [dd1ed5e2-20b8-410c-8deb-f61f3310736b@group-C28A9427546F-StateMachineUpdater] INFO  impl.StateMachineUpdater (StateMachineUpdater.java:takeSnapshot(287)) - dd1ed5e2-20b8-410c-8deb-f61f3310736b@group-C28A9427546F-StateMachineUpdater: Took a snapshot at index 0
2022-06-16 16:21:13,742 [dd1ed5e2-20b8-410c-8deb-f61f3310736b@group-C28A9427546F-StateMachineUpdater] INFO  impl.StateMachineUpdater (StateMachineUpdater.java:lambda$new$0(92)) - dd1ed5e2-20b8-410c-8deb-f61f3310736b@group-C28A9427546F-StateMachineUpdater: snapshotIndex: updateIncreasingly -1 -> 0
2022-06-16 16:21:13,742 [ForkJoinPool.commonPool-worker-1] INFO  server.RaftServer$Division (ServerState.java:close(429)) - dd1ed5e2-20b8-410c-8deb-f61f3310736b@group-C28A9427546F: closes. applyIndex: 0
2022-06-16 16:21:13,742 [dd1ed5e2-20b8-410c-8deb-f61f3310736b@group-C28A9427546F-SegmentedRaftLogWorker] INFO  segmented.SegmentedRaftLogWorker (SegmentedRaftLogWorker.java:run(336)) - dd1ed5e2-20b8-410c-8deb-f61f3310736b@group-C28A9427546F-SegmentedRaftLogWorker was interrupted, exiting. There are 0 tasks remaining in the queue.
2022-06-16 16:21:13,743 [ForkJoinPool.commonPool-worker-1] INFO  segmented.SegmentedRaftLogWorker (SegmentedRaftLogWorker.java:close(246)) - dd1ed5e2-20b8-410c-8deb-f61f3310736b@group-C28A9427546F-SegmentedRaftLogWorker close()
2022-06-16 16:21:13,743 [ForkJoinPool.commonPool-worker-1] INFO  server.RaftServer$Division (RaftServerImpl.java:lambda$close$4(434)) - dd1ed5e2-20b8-410c-8deb-f61f3310736b@group-DCAA11744DDA: shutdown
2022-06-16 16:21:13,743 [ForkJoinPool.commonPool-worker-1] INFO  util.JmxRegister (JmxRegister.java:unregister(73)) - Successfully un-registered JMX Bean with object name Ratis:service=RaftServer,group=group-DCAA11744DDA,id=dd1ed5e2-20b8-410c-8deb-f61f3310736b
2022-06-16 16:21:13,744 [ForkJoinPool.commonPool-worker-1] INFO  impl.RoleInfo (RoleInfo.java:shutdownFollowerState(110)) - dd1ed5e2-20b8-410c-8deb-f61f3310736b: shutdown dd1ed5e2-20b8-410c-8deb-f61f3310736b@group-DCAA11744DDA-FollowerState
2022-06-16 16:21:13,744 [ForkJoinPool.commonPool-worker-1] INFO  impl.StateMachineUpdater (StateMachineUpdater.java:stopAndJoin(153)) - dd1ed5e2-20b8-410c-8deb-f61f3310736b@group-DCAA11744DDA-StateMachineUpdater: set stopIndex = 4
2022-06-16 16:21:13,744 [dd1ed5e2-20b8-410c-8deb-f61f3310736b@group-DCAA11744DDA-FollowerState] INFO  impl.FollowerState (FollowerState.java:run(152)) - dd1ed5e2-20b8-410c-8deb-f61f3310736b@group-DCAA11744DDA-FollowerState was interrupted
2022-06-16 16:21:13,744 [dd1ed5e2-20b8-410c-8deb-f61f3310736b@group-DCAA11744DDA-StateMachineUpdater] INFO  ratis.ContainerStateMachine (ContainerStateMachine.java:takeSnapshot(304)) - group-DCAA11744DDA: Taking a snapshot at:(t:3, i:4) file /home/runner/work/ozone/ozone/hadoop-ozone/integration-test/target/test-dir/MiniOzoneClusterImpl-98dd81b9-deed-4f2d-abd5-65bd0f491ac9/datanode-0/data/ratis/fbef6c51-3433-4c29-b302-dcaa11744dda/sm/snapshot.3_4
2022-06-16 16:21:13,763 [Listener at 127.0.0.1/42069] INFO  ozoneimpl.OzoneContainer (OzoneContainer.java:stop(365)) - Attempting to stop container services.
2022-06-16 16:21:13,764 [Listener at 127.0.0.1/42069] INFO  server.RaftServer (RaftServerProxy.java:lambda$close$7(398)) - 30012c60-01cb-4fb6-b713-b802941d6cc3: close
2022-06-16 16:21:13,764 [Listener at 127.0.0.1/42069] INFO  server.RaftServer$Division (RaftServerImpl.java:lambda$close$4(434)) - 30012c60-01cb-4fb6-b713-b802941d6cc3@group-1FFE4C32436D: shutdown
2022-06-16 16:21:13,764 [Listener at 127.0.0.1/42069] INFO  util.JmxRegister (JmxRegister.java:unregister(73)) - Successfully un-registered JMX Bean with object name Ratis:service=RaftServer,group=group-1FFE4C32436D,id=30012c60-01cb-4fb6-b713-b802941d6cc3
2022-06-16 16:21:13,764 [Listener at 127.0.0.1/42069] INFO  impl.RoleInfo (RoleInfo.java:shutdownLeaderState(93)) - 30012c60-01cb-4fb6-b713-b802941d6cc3: shutdown 30012c60-01cb-4fb6-b713-b802941d6cc3@group-1FFE4C32436D-LeaderStateImpl
2022-06-16 16:21:13,764 [Listener at 127.0.0.1/42069] INFO  impl.PendingRequests (PendingRequests.java:sendNotLeaderResponses(282)) - 30012c60-01cb-4fb6-b713-b802941d6cc3@group-1FFE4C32436D-PendingRequests: sendNotLeaderResponses
2022-06-16 16:21:13,765 [Listener at 127.0.0.1/42069] INFO  impl.StateMachineUpdater (StateMachineUpdater.java:stopAndJoin(153)) - 30012c60-01cb-4fb6-b713-b802941d6cc3@group-1FFE4C32436D-StateMachineUpdater: set stopIndex = 0
2022-06-16 16:21:13,766 [dd1ed5e2-20b8-410c-8deb-f61f3310736b@group-DCAA11744DDA-StateMachineUpdater] INFO  ratis.ContainerStateMachine (ContainerStateMachine.java:takeSnapshot(315)) - group-DCAA11744DDA: Finished taking a snapshot at:(t:3, i:4) file:/home/runner/work/ozone/ozone/hadoop-ozone/integration-test/target/test-dir/MiniOzoneClusterImpl-98dd81b9-deed-4f2d-abd5-65bd0f491ac9/datanode-0/data/ratis/fbef6c51-3433-4c29-b302-dcaa11744dda/sm/snapshot.3_4 took: 22 ms
2022-06-16 16:21:13,766 [dd1ed5e2-20b8-410c-8deb-f61f3310736b@group-DCAA11744DDA-StateMachineUpdater] INFO  impl.StateMachineUpdater (StateMachineUpdater.java:takeSnapshot(287)) - dd1ed5e2-20b8-410c-8deb-f61f3310736b@group-DCAA11744DDA-StateMachineUpdater: Took a snapshot at index 4
2022-06-16 16:21:13,766 [dd1ed5e2-20b8-410c-8deb-f61f3310736b@group-DCAA11744DDA-StateMachineUpdater] INFO  impl.StateMachineUpdater (StateMachineUpdater.java:lambda$new$0(92)) - dd1ed5e2-20b8-410c-8deb-f61f3310736b@group-DCAA11744DDA-StateMachineUpdater: snapshotIndex: updateIncreasingly -1 -> 4
2022-06-16 16:21:13,766 [30012c60-01cb-4fb6-b713-b802941d6cc3@group-1FFE4C32436D-StateMachineUpdater] INFO  ratis.ContainerStateMachine (ContainerStateMachine.java:takeSnapshot(304)) - group-1FFE4C32436D: Taking a snapshot at:(t:1, i:0) file /home/runner/work/ozone/ozone/hadoop-ozone/integration-test/target/test-dir/MiniOzoneClusterImpl-98dd81b9-deed-4f2d-abd5-65bd0f491ac9/datanode-4/data/ratis/400276d7-f8e0-406d-971e-1ffe4c32436d/sm/snapshot.1_0
2022-06-16 16:21:13,771 [30012c60-01cb-4fb6-b713-b802941d6cc3@group-1FFE4C32436D-StateMachineUpdater] INFO  ratis.ContainerStateMachine (ContainerStateMachine.java:takeSnapshot(315)) - group-1FFE4C32436D: Finished taking a snapshot at:(t:1, i:0) file:/home/runner/work/ozone/ozone/hadoop-ozone/integration-test/target/test-dir/MiniOzoneClusterImpl-98dd81b9-deed-4f2d-abd5-65bd0f491ac9/datanode-4/data/ratis/400276d7-f8e0-406d-971e-1ffe4c32436d/sm/snapshot.1_0 took: 5 ms
2022-06-16 16:21:13,771 [30012c60-01cb-4fb6-b713-b802941d6cc3@group-1FFE4C32436D-StateMachineUpdater] INFO  impl.StateMachineUpdater (StateMachineUpdater.java:takeSnapshot(287)) - 30012c60-01cb-4fb6-b713-b802941d6cc3@group-1FFE4C32436D-StateMachineUpdater: Took a snapshot at index 0
2022-06-16 16:21:13,771 [30012c60-01cb-4fb6-b713-b802941d6cc3@group-1FFE4C32436D-StateMachineUpdater] INFO  impl.StateMachineUpdater (StateMachineUpdater.java:lambda$new$0(92)) - 30012c60-01cb-4fb6-b713-b802941d6cc3@group-1FFE4C32436D-StateMachineUpdater: snapshotIndex: updateIncreasingly -1 -> 0
2022-06-16 16:21:13,771 [Listener at 127.0.0.1/42069] INFO  server.RaftServer$Division (ServerState.java:close(429)) - 30012c60-01cb-4fb6-b713-b802941d6cc3@group-1FFE4C32436D: closes. applyIndex: 0
2022-06-16 16:21:13,771 [30012c60-01cb-4fb6-b713-b802941d6cc3@group-1FFE4C32436D-SegmentedRaftLogWorker] INFO  segmented.SegmentedRaftLogWorker (SegmentedRaftLogWorker.java:run(336)) - 30012c60-01cb-4fb6-b713-b802941d6cc3@group-1FFE4C32436D-SegmentedRaftLogWorker was interrupted, exiting. There are 0 tasks remaining in the queue.
2022-06-16 16:21:13,771 [Listener at 127.0.0.1/42069] INFO  segmented.SegmentedRaftLogWorker (SegmentedRaftLogWorker.java:close(246)) - 30012c60-01cb-4fb6-b713-b802941d6cc3@group-1FFE4C32436D-SegmentedRaftLogWorker close()
2022-06-16 16:21:13,806 [Listener at 127.0.0.1/42069] INFO  server.GrpcService (GrpcService.java:closeImpl(269)) - 30012c60-01cb-4fb6-b713-b802941d6cc3: shutdown server with port 41553 now
2022-06-16 16:21:13,813 [ForkJoinPool.commonPool-worker-1] INFO  server.RaftServer$Division (ServerState.java:close(429)) - dd1ed5e2-20b8-410c-8deb-f61f3310736b@group-DCAA11744DDA: closes. applyIndex: 4
2022-06-16 16:21:13,813 [dd1ed5e2-20b8-410c-8deb-f61f3310736b@group-DCAA11744DDA-SegmentedRaftLogWorker] INFO  segmented.SegmentedRaftLogWorker (SegmentedRaftLogWorker.java:run(336)) - dd1ed5e2-20b8-410c-8deb-f61f3310736b@group-DCAA11744DDA-SegmentedRaftLogWorker was interrupted, exiting. There are 0 tasks remaining in the queue.
2022-06-16 16:21:13,814 [ForkJoinPool.commonPool-worker-1] INFO  segmented.SegmentedRaftLogWorker (SegmentedRaftLogWorker.java:close(246)) - dd1ed5e2-20b8-410c-8deb-f61f3310736b@group-DCAA11744DDA-SegmentedRaftLogWorker close()
2022-06-16 16:21:13,815 [ForkJoinPool.commonPool-worker-1] INFO  server.RaftServer$Division (RaftServerImpl.java:lambda$close$4(434)) - dd1ed5e2-20b8-410c-8deb-f61f3310736b@group-E38C3F955305: shutdown
2022-06-16 16:21:13,815 [ForkJoinPool.commonPool-worker-1] INFO  util.JmxRegister (JmxRegister.java:unregister(73)) - Successfully un-registered JMX Bean with object name Ratis:service=RaftServer,group=group-E38C3F955305,id=dd1ed5e2-20b8-410c-8deb-f61f3310736b
2022-06-16 16:21:13,815 [ForkJoinPool.commonPool-worker-1] INFO  impl.RoleInfo (RoleInfo.java:shutdownFollowerState(110)) - dd1ed5e2-20b8-410c-8deb-f61f3310736b: shutdown dd1ed5e2-20b8-410c-8deb-f61f3310736b@group-E38C3F955305-FollowerState
2022-06-16 16:21:13,815 [dd1ed5e2-20b8-410c-8deb-f61f3310736b@group-E38C3F955305-FollowerState] INFO  impl.FollowerState (FollowerState.java:run(152)) - dd1ed5e2-20b8-410c-8deb-f61f3310736b@group-E38C3F955305-FollowerState was interrupted
2022-06-16 16:21:13,842 [Listener at 127.0.0.1/42069] INFO  server.GrpcService (GrpcService.java:closeImpl(278)) - 30012c60-01cb-4fb6-b713-b802941d6cc3: shutdown server with port 41553 successfully
2022-06-16 16:21:13,845 [ForkJoinPool.commonPool-worker-1] INFO  impl.StateMachineUpdater (StateMachineUpdater.java:stopAndJoin(153)) - dd1ed5e2-20b8-410c-8deb-f61f3310736b@group-E38C3F955305-StateMachineUpdater: set stopIndex = 28
2022-06-16 16:21:13,845 [org.apache.ratis.util.JvmPauseMonitor$$Lambda$611/1702991963@b81d3e9] INFO  util.JvmPauseMonitor (JvmPauseMonitor.java:run(109)) - JvmPauseMonitor-30012c60-01cb-4fb6-b713-b802941d6cc3: Stopped
2022-06-16 16:21:13,846 [dd1ed5e2-20b8-410c-8deb-f61f3310736b@group-E38C3F955305-StateMachineUpdater] INFO  ratis.ContainerStateMachine (ContainerStateMachine.java:takeSnapshot(304)) - group-E38C3F955305: Taking a snapshot at:(t:2, i:28) file /home/runner/work/ozone/ozone/hadoop-ozone/integration-test/target/test-dir/MiniOzoneClusterImpl-98dd81b9-deed-4f2d-abd5-65bd0f491ac9/datanode-0/data/ratis/cfabed13-019d-4b2c-b9ff-e38c3f955305/sm/snapshot.2_28
2022-06-16 16:21:13,855 [dd1ed5e2-20b8-410c-8deb-f61f3310736b@group-E38C3F955305-StateMachineUpdater] INFO  ratis.ContainerStateMachine (ContainerStateMachine.java:takeSnapshot(315)) - group-E38C3F955305: Finished taking a snapshot at:(t:2, i:28) file:/home/runner/work/ozone/ozone/hadoop-ozone/integration-test/target/test-dir/MiniOzoneClusterImpl-98dd81b9-deed-4f2d-abd5-65bd0f491ac9/datanode-0/data/ratis/cfabed13-019d-4b2c-b9ff-e38c3f955305/sm/snapshot.2_28 took: 9 ms
2022-06-16 16:21:13,855 [dd1ed5e2-20b8-410c-8deb-f61f3310736b@group-E38C3F955305-StateMachineUpdater] INFO  impl.StateMachineUpdater (StateMachineUpdater.java:takeSnapshot(287)) - dd1ed5e2-20b8-410c-8deb-f61f3310736b@group-E38C3F955305-StateMachineUpdater: Took a snapshot at index 28
2022-06-16 16:21:13,855 [dd1ed5e2-20b8-410c-8deb-f61f3310736b@group-E38C3F955305-StateMachineUpdater] INFO  impl.StateMachineUpdater (StateMachineUpdater.java:lambda$new$0(92)) - dd1ed5e2-20b8-410c-8deb-f61f3310736b@group-E38C3F955305-StateMachineUpdater: snapshotIndex: updateIncreasingly -1 -> 28
2022-06-16 16:21:13,855 [ForkJoinPool.commonPool-worker-1] INFO  server.RaftServer$Division (ServerState.java:close(429)) - dd1ed5e2-20b8-410c-8deb-f61f3310736b@group-E38C3F955305: closes. applyIndex: 28
2022-06-16 16:21:13,855 [dd1ed5e2-20b8-410c-8deb-f61f3310736b@group-E38C3F955305-SegmentedRaftLogWorker] INFO  segmented.SegmentedRaftLogWorker (SegmentedRaftLogWorker.java:run(336)) - dd1ed5e2-20b8-410c-8deb-f61f3310736b@group-E38C3F955305-SegmentedRaftLogWorker was interrupted, exiting. There are 0 tasks remaining in the queue.
2022-06-16 16:21:13,858 [ForkJoinPool.commonPool-worker-1] INFO  segmented.SegmentedRaftLogWorker (SegmentedRaftLogWorker.java:close(246)) - dd1ed5e2-20b8-410c-8deb-f61f3310736b@group-E38C3F955305-SegmentedRaftLogWorker close()
2022-06-16 16:21:13,860 [ForkJoinPool.commonPool-worker-1] INFO  server.GrpcService (GrpcService.java:closeImpl(269)) - dd1ed5e2-20b8-410c-8deb-f61f3310736b: shutdown server with port 35117 now
2022-06-16 16:21:13,886 [ForkJoinPool.commonPool-worker-1] INFO  server.GrpcService (GrpcService.java:closeImpl(278)) - dd1ed5e2-20b8-410c-8deb-f61f3310736b: shutdown server with port 35117 successfully
2022-06-16 16:21:13,886 [org.apache.ratis.util.JvmPauseMonitor$$Lambda$611/1702991963@785bd95f] INFO  util.JvmPauseMonitor (JvmPauseMonitor.java:run(109)) - JvmPauseMonitor-dd1ed5e2-20b8-410c-8deb-f61f3310736b: Stopped
2022-06-16 16:21:15,923 [Listener at 127.0.0.1/42069] INFO  utils.BackgroundService (BackgroundService.java:shutdown(132)) - Shutting down service BlockDeletingService
2022-06-16 16:21:15,924 [ForkJoinPool.commonPool-worker-1] INFO  utils.BackgroundService (BackgroundService.java:shutdown(132)) - Shutting down service BlockDeletingService
2022-06-16 16:21:18,963 [ForkJoinPool.commonPool-worker-1] INFO  statemachine.DatanodeStateMachine (DatanodeStateMachine.java:stopDaemon(572)) - Ozone container server stopped.
2022-06-16 16:21:18,968 [Listener at 127.0.0.1/42069] INFO  statemachine.DatanodeStateMachine (DatanodeStateMachine.java:stopDaemon(572)) - Ozone container server stopped.
2022-06-16 16:21:18,994 [ForkJoinPool.commonPool-worker-1] INFO  handler.ContextHandler (ContextHandler.java:doStop(1153)) - Stopped o.e.j.w.WebAppContext@3e2bd4a9{hddsDatanode,/,null,STOPPED}{jar:file:/home/runner/.m2/repository/org/apache/ozone/hdds-container-service/1.3.0-SNAPSHOT/hdds-container-service-1.3.0-SNAPSHOT.jar!/webapps/hddsDatanode}
2022-06-16 16:21:18,995 [Listener at 127.0.0.1/42069] INFO  handler.ContextHandler (ContextHandler.java:doStop(1153)) - Stopped o.e.j.w.WebAppContext@1aaea328{hddsDatanode,/,null,STOPPED}{jar:file:/home/runner/.m2/repository/org/apache/ozone/hdds-container-service/1.3.0-SNAPSHOT/hdds-container-service-1.3.0-SNAPSHOT.jar!/webapps/hddsDatanode}
2022-06-16 16:21:18,998 [Listener at 127.0.0.1/42069] INFO  server.AbstractConnector (AbstractConnector.java:doStop(381)) - Stopped ServerConnector@746ff0b8{HTTP/1.1, (http/1.1)}{0.0.0.0:0}
2022-06-16 16:21:19,006 [Listener at 127.0.0.1/42069] INFO  server.session (HouseKeeper.java:stopScavenging(149)) - node0 Stopped scavenging
2022-06-16 16:21:19,007 [Listener at 127.0.0.1/42069] INFO  handler.ContextHandler (ContextHandler.java:doStop(1153)) - Stopped o.e.j.s.ServletContextHandler@425fa2ea{static,/static,jar:file:/home/runner/.m2/repository/org/apache/ozone/hdds-container-service/1.3.0-SNAPSHOT/hdds-container-service-1.3.0-SNAPSHOT.jar!/webapps/static,STOPPED}
2022-06-16 16:21:19,007 [Listener at 127.0.0.1/42069] INFO  handler.ContextHandler (ContextHandler.java:doStop(1153)) - Stopped o.e.j.s.ServletContextHandler@2d178024{logs,/logs,file:///home/runner/work/ozone/ozone/hadoop-ozone/integration-test/target/log,STOPPED}
2022-06-16 16:21:19,031 [ForkJoinPool.commonPool-worker-1] INFO  server.AbstractConnector (AbstractConnector.java:doStop(381)) - Stopped ServerConnector@35fc6138{HTTP/1.1, (http/1.1)}{0.0.0.0:0}
2022-06-16 16:21:19,031 [ForkJoinPool.commonPool-worker-1] INFO  server.session (HouseKeeper.java:stopScavenging(149)) - node0 Stopped scavenging
2022-06-16 16:21:19,054 [ForkJoinPool.commonPool-worker-1] INFO  handler.ContextHandler (ContextHandler.java:doStop(1153)) - Stopped o.e.j.s.ServletContextHandler@751ac48{static,/static,jar:file:/home/runner/.m2/repository/org/apache/ozone/hdds-container-service/1.3.0-SNAPSHOT/hdds-container-service-1.3.0-SNAPSHOT.jar!/webapps/static,STOPPED}
2022-06-16 16:21:19,054 [ForkJoinPool.commonPool-worker-1] INFO  handler.ContextHandler (ContextHandler.java:doStop(1153)) - Stopped o.e.j.s.ServletContextHandler@6085db7f{logs,/logs,file:///home/runner/work/ozone/ozone/hadoop-ozone/integration-test/target/log,STOPPED}
2022-06-16 16:21:24,062 [ForkJoinPool.commonPool-worker-1] INFO  ozoneimpl.OzoneContainer (OzoneContainer.java:stop(365)) - Attempting to stop container services.
2022-06-16 16:21:24,066 [ForkJoinPool.commonPool-worker-1] INFO  server.RaftServer (RaftServerProxy.java:lambda$close$7(398)) - 7e8c5af0-b72c-4b69-b53a-c0afe3ac69de: close
2022-06-16 16:21:24,066 [ForkJoinPool.commonPool-worker-1] INFO  server.RaftServer$Division (RaftServerImpl.java:lambda$close$4(434)) - 7e8c5af0-b72c-4b69-b53a-c0afe3ac69de@group-98C1B10A653B: shutdown
2022-06-16 16:21:24,066 [ForkJoinPool.commonPool-worker-1] INFO  util.JmxRegister (JmxRegister.java:unregister(73)) - Successfully un-registered JMX Bean with object name Ratis:service=RaftServer,group=group-98C1B10A653B,id=7e8c5af0-b72c-4b69-b53a-c0afe3ac69de
2022-06-16 16:21:24,066 [ForkJoinPool.commonPool-worker-1] INFO  impl.RoleInfo (RoleInfo.java:shutdownLeaderState(93)) - 7e8c5af0-b72c-4b69-b53a-c0afe3ac69de: shutdown 7e8c5af0-b72c-4b69-b53a-c0afe3ac69de@group-98C1B10A653B-LeaderStateImpl
2022-06-16 16:21:24,066 [ForkJoinPool.commonPool-worker-1] INFO  impl.PendingRequests (PendingRequests.java:sendNotLeaderResponses(282)) - 7e8c5af0-b72c-4b69-b53a-c0afe3ac69de@group-98C1B10A653B-PendingRequests: sendNotLeaderResponses
2022-06-16 16:21:24,067 [ForkJoinPool.commonPool-worker-1] INFO  impl.StateMachineUpdater (StateMachineUpdater.java:stopAndJoin(153)) - 7e8c5af0-b72c-4b69-b53a-c0afe3ac69de@group-98C1B10A653B-StateMachineUpdater: set stopIndex = 0
2022-06-16 16:21:24,070 [7e8c5af0-b72c-4b69-b53a-c0afe3ac69de@group-98C1B10A653B-StateMachineUpdater] INFO  ratis.ContainerStateMachine (ContainerStateMachine.java:takeSnapshot(304)) - group-98C1B10A653B: Taking a snapshot at:(t:1, i:0) file /home/runner/work/ozone/ozone/hadoop-ozone/integration-test/target/test-dir/MiniOzoneClusterImpl-98dd81b9-deed-4f2d-abd5-65bd0f491ac9/datanode-3/data/ratis/6342190e-b7c6-46a6-af73-98c1b10a653b/sm/snapshot.1_0
2022-06-16 16:21:24,074 [7e8c5af0-b72c-4b69-b53a-c0afe3ac69de@group-98C1B10A653B-StateMachineUpdater] INFO  ratis.ContainerStateMachine (ContainerStateMachine.java:takeSnapshot(315)) - group-98C1B10A653B: Finished taking a snapshot at:(t:1, i:0) file:/home/runner/work/ozone/ozone/hadoop-ozone/integration-test/target/test-dir/MiniOzoneClusterImpl-98dd81b9-deed-4f2d-abd5-65bd0f491ac9/datanode-3/data/ratis/6342190e-b7c6-46a6-af73-98c1b10a653b/sm/snapshot.1_0 took: 4 ms
2022-06-16 16:21:24,074 [7e8c5af0-b72c-4b69-b53a-c0afe3ac69de@group-98C1B10A653B-StateMachineUpdater] INFO  impl.StateMachineUpdater (StateMachineUpdater.java:takeSnapshot(287)) - 7e8c5af0-b72c-4b69-b53a-c0afe3ac69de@group-98C1B10A653B-StateMachineUpdater: Took a snapshot at index 0
2022-06-16 16:21:24,074 [7e8c5af0-b72c-4b69-b53a-c0afe3ac69de@group-98C1B10A653B-StateMachineUpdater] INFO  impl.StateMachineUpdater (StateMachineUpdater.java:lambda$new$0(92)) - 7e8c5af0-b72c-4b69-b53a-c0afe3ac69de@group-98C1B10A653B-StateMachineUpdater: snapshotIndex: updateIncreasingly -1 -> 0
2022-06-16 16:21:24,074 [ForkJoinPool.commonPool-worker-1] INFO  server.RaftServer$Division (ServerState.java:close(429)) - 7e8c5af0-b72c-4b69-b53a-c0afe3ac69de@group-98C1B10A653B: closes. applyIndex: 0
2022-06-16 16:21:24,074 [7e8c5af0-b72c-4b69-b53a-c0afe3ac69de@group-98C1B10A653B-SegmentedRaftLogWorker] INFO  segmented.SegmentedRaftLogWorker (SegmentedRaftLogWorker.java:run(336)) - 7e8c5af0-b72c-4b69-b53a-c0afe3ac69de@group-98C1B10A653B-SegmentedRaftLogWorker was interrupted, exiting. There are 0 tasks remaining in the queue.
2022-06-16 16:21:24,074 [ForkJoinPool.commonPool-worker-1] INFO  segmented.SegmentedRaftLogWorker (SegmentedRaftLogWorker.java:close(246)) - 7e8c5af0-b72c-4b69-b53a-c0afe3ac69de@group-98C1B10A653B-SegmentedRaftLogWorker close()
2022-06-16 16:21:24,075 [ForkJoinPool.commonPool-worker-1] INFO  server.GrpcService (GrpcService.java:closeImpl(269)) - 7e8c5af0-b72c-4b69-b53a-c0afe3ac69de: shutdown server with port 33427 now
2022-06-16 16:21:24,078 [ForkJoinPool.commonPool-worker-1] INFO  server.GrpcService (GrpcService.java:closeImpl(278)) - 7e8c5af0-b72c-4b69-b53a-c0afe3ac69de: shutdown server with port 33427 successfully
2022-06-16 16:21:24,078 [org.apache.ratis.util.JvmPauseMonitor$$Lambda$611/1702991963@1ded327b] INFO  util.JvmPauseMonitor (JvmPauseMonitor.java:run(109)) - JvmPauseMonitor-7e8c5af0-b72c-4b69-b53a-c0afe3ac69de: Stopped
2022-06-16 16:21:26,151 [ForkJoinPool.commonPool-worker-1] INFO  utils.BackgroundService (BackgroundService.java:shutdown(132)) - Shutting down service BlockDeletingService
2022-06-16 16:21:29,167 [ForkJoinPool.commonPool-worker-1] INFO  statemachine.DatanodeStateMachine (DatanodeStateMachine.java:stopDaemon(572)) - Ozone container server stopped.
2022-06-16 16:21:29,222 [ForkJoinPool.commonPool-worker-1] INFO  handler.ContextHandler (ContextHandler.java:doStop(1153)) - Stopped o.e.j.w.WebAppContext@442d9790{hddsDatanode,/,null,STOPPED}{jar:file:/home/runner/.m2/repository/org/apache/ozone/hdds-container-service/1.3.0-SNAPSHOT/hdds-container-service-1.3.0-SNAPSHOT.jar!/webapps/hddsDatanode}
2022-06-16 16:21:29,230 [ForkJoinPool.commonPool-worker-1] INFO  server.AbstractConnector (AbstractConnector.java:doStop(381)) - Stopped ServerConnector@7c554fe8{HTTP/1.1, (http/1.1)}{0.0.0.0:0}
2022-06-16 16:21:29,230 [ForkJoinPool.commonPool-worker-1] INFO  server.session (HouseKeeper.java:stopScavenging(149)) - node0 Stopped scavenging
2022-06-16 16:21:29,250 [ForkJoinPool.commonPool-worker-1] INFO  handler.ContextHandler (ContextHandler.java:doStop(1153)) - Stopped o.e.j.s.ServletContextHandler@f7fa6b6{static,/static,jar:file:/home/runner/.m2/repository/org/apache/ozone/hdds-container-service/1.3.0-SNAPSHOT/hdds-container-service-1.3.0-SNAPSHOT.jar!/webapps/static,STOPPED}
2022-06-16 16:21:29,250 [ForkJoinPool.commonPool-worker-1] INFO  handler.ContextHandler (ContextHandler.java:doStop(1153)) - Stopped o.e.j.s.ServletContextHandler@2e7ea527{logs,/logs,file:///home/runner/work/ozone/ozone/hadoop-ozone/integration-test/target/log,STOPPED}
2022-06-16 16:21:29,258 [Listener at 127.0.0.1/42069] INFO  ozone.MiniOzoneClusterImpl (MiniOzoneClusterImpl.java:stopSCM(545)) - Stopping the StorageContainerManager
2022-06-16 16:21:29,258 [Listener at 127.0.0.1/42069] INFO  server.StorageContainerManager (StorageContainerManager.java:stop(1501)) - Container Balancer is not running.
2022-06-16 16:21:29,259 [Listener at 127.0.0.1/42069] INFO  server.StorageContainerManager (StorageContainerManager.java:stop(1508)) - Stopping Replication Manager Service.
2022-06-16 16:21:29,259 [Listener at 127.0.0.1/42069] INFO  replication.ReplicationManager (ReplicationManager.java:stop(212)) - Stopping Replication Monitor Thread.
2022-06-16 16:21:29,259 [Listener at 127.0.0.1/42069] INFO  server.StorageContainerManager (StorageContainerManager.java:stop(1515)) - Stopping the Datanode Admin Monitor.
2022-06-16 16:21:29,259 [ReplicationMonitor] INFO  replication.ReplicationManager (ReplicationManager.java:run(270)) - Replication Monitor Thread is stopped
2022-06-16 16:21:29,259 [Listener at 127.0.0.1/42069] INFO  server.StorageContainerManager (StorageContainerManager.java:stop(1522)) - Stopping Lease Manager of the command watchers
2022-06-16 16:21:29,259 [Listener at 127.0.0.1/42069] INFO  server.StorageContainerManager (StorageContainerManager.java:stop(1529)) - Stopping datanode service RPC server
2022-06-16 16:21:29,259 [Listener at 127.0.0.1/42069] INFO  server.SCMDatanodeProtocolServer (SCMDatanodeProtocolServer.java:stop(400)) - Stopping the RPC server for DataNodes
2022-06-16 16:21:29,259 [Listener at 127.0.0.1/42069] INFO  ipc.Server (Server.java:stop(3414)) - Stopping server on 33779
2022-06-16 16:21:29,267 [IPC Server Responder] INFO  ipc.Server (Server.java:run(1512)) - Stopping IPC Server Responder
2022-06-16 16:21:29,267 [IPC Server listener on 0] INFO  ipc.Server (Server.java:run(1376)) - Stopping IPC Server listener on 0
2022-06-16 16:21:29,297 [SCM Heartbeat Processing Thread - 0] WARN  node.NodeStateManager (NodeStateManager.java:scheduleNextHealthCheck(848)) - Current Thread is interrupted, shutting down HB processing thread for Node Manager.
2022-06-16 16:21:29,298 [Listener at 127.0.0.1/42069] INFO  server.StorageContainerManager (StorageContainerManager.java:stop(1537)) - Stopping block service RPC server
2022-06-16 16:21:29,298 [Listener at 127.0.0.1/42069] INFO  server.SCMBlockProtocolServer (SCMBlockProtocolServer.java:stop(160)) - Stopping the RPC server for Block Protocol
2022-06-16 16:21:29,298 [Listener at 127.0.0.1/42069] INFO  ipc.Server (Server.java:stop(3414)) - Stopping server on 34253
2022-06-16 16:21:29,314 [IPC Server listener on 0] INFO  ipc.Server (Server.java:run(1376)) - Stopping IPC Server listener on 0
2022-06-16 16:21:29,358 [Listener at 127.0.0.1/42069] INFO  server.StorageContainerManager (StorageContainerManager.java:stop(1544)) - Stopping the StorageContainerLocationProtocol RPC server
2022-06-16 16:21:29,358 [Listener at 127.0.0.1/42069] INFO  server.SCMClientProtocolServer (SCMClientProtocolServer.java:stop(178)) - Stopping the RPC server for Client Protocol
2022-06-16 16:21:29,358 [Listener at 127.0.0.1/42069] INFO  ipc.Server (Server.java:stop(3414)) - Stopping server on 46489
2022-06-16 16:21:29,358 [IPC Server Responder] INFO  ipc.Server (Server.java:run(1512)) - Stopping IPC Server Responder
2022-06-16 16:21:29,374 [Listener at 127.0.0.1/42069] INFO  server.StorageContainerManager (StorageContainerManager.java:stop(1551)) - Stopping Storage Container Manager HTTP server.
2022-06-16 16:21:29,374 [IPC Server Responder] INFO  ipc.Server (Server.java:run(1512)) - Stopping IPC Server Responder
2022-06-16 16:21:29,375 [Listener at 127.0.0.1/42069] INFO  handler.ContextHandler (ContextHandler.java:doStop(1153)) - Stopped o.e.j.w.WebAppContext@37841334{scm,/,null,STOPPED}{file:/home/runner/work/ozone/ozone/hadoop-ozone/integration-test/target/test-classes/webapps/scm}
2022-06-16 16:21:29,377 [IPC Server listener on 0] INFO  ipc.Server (Server.java:run(1376)) - Stopping IPC Server listener on 0
2022-06-16 16:21:29,378 [Listener at 127.0.0.1/42069] INFO  server.AbstractConnector (AbstractConnector.java:doStop(381)) - Stopped ServerConnector@2275c82e{HTTP/1.1, (http/1.1)}{0.0.0.0:0}
2022-06-16 16:21:29,378 [Listener at 127.0.0.1/42069] INFO  server.session (HouseKeeper.java:stopScavenging(149)) - node0 Stopped scavenging
2022-06-16 16:21:29,378 [Listener at 127.0.0.1/42069] INFO  handler.ContextHandler (ContextHandler.java:doStop(1153)) - Stopped o.e.j.s.ServletContextHandler@4e509886{static,/static,file:///home/runner/work/ozone/ozone/hadoop-ozone/integration-test/target/test-classes/webapps/static,STOPPED}
2022-06-16 16:21:29,378 [Listener at 127.0.0.1/42069] INFO  handler.ContextHandler (ContextHandler.java:doStop(1153)) - Stopped o.e.j.s.ServletContextHandler@56b362d5{logs,/logs,file:///home/runner/work/ozone/ozone/hadoop-ozone/integration-test/target/log,STOPPED}
2022-06-16 16:21:29,390 [Listener at 127.0.0.1/42069] INFO  server.StorageContainerManager (StorageContainerManager.java:stop(1562)) - Stopping Block Manager Service.
2022-06-16 16:21:29,430 [Listener at 127.0.0.1/42069] INFO  utils.BackgroundService (BackgroundService.java:shutdown(132)) - Shutting down service SCMBlockDeletingService
2022-06-16 16:21:29,430 [Listener at 127.0.0.1/42069] INFO  utils.BackgroundService (BackgroundService.java:shutdown(132)) - Shutting down service SCMBlockDeletingService
2022-06-16 16:21:29,430 [Listener at 127.0.0.1/42069] INFO  server.StorageContainerManager (StorageContainerManager.java:stop(1589)) - Stopping SCM Event Queue.
2022-06-16 16:21:29,432 [Listener at 127.0.0.1/42069] INFO  server.StorageContainerManager (StorageContainerManager.java:stop(1600)) - Stopping SCM HA services.
2022-06-16 16:21:29,432 [Listener at 127.0.0.1/42069] INFO  pipeline.BackgroundPipelineCreator (BackgroundPipelineCreator.java:stop(150)) - Stopping RatisPipelineUtilsThread.
2022-06-16 16:21:29,432 [RatisPipelineUtilsThread - 0] WARN  pipeline.BackgroundPipelineCreator (BackgroundPipelineCreator.java:run(177)) - RatisPipelineUtilsThread is interrupted.
2022-06-16 16:21:29,432 [Listener at 127.0.0.1/42069] INFO  BackgroundPipelineScrubber (BackgroundSCMService.java:stop(126)) - Stopping BackgroundPipelineScrubber Service.
2022-06-16 16:21:29,432 [Listener at 127.0.0.1/42069] INFO  server.StorageContainerManager (StorageContainerManager.java:stop(1610)) - Stopping SCM MetadataStore.
2022-06-16 16:21:29,432 [BackgroundPipelineScrubberThread] WARN  BackgroundPipelineScrubber (BackgroundSCMService.java:run(110)) - BackgroundPipelineScrubber is interrupted, exit
2022-06-16 16:21:29,433 [Listener at 127.0.0.1/42069] INFO  impl.MetricsSystemImpl (MetricsSystemImpl.java:stop(210)) - Stopping HddsDatanode metrics system...
2022-06-16 16:21:29,477 [prometheus] INFO  impl.MetricsSinkAdapter (MetricsSinkAdapter.java:publishMetricsFromQueue(141)) - prometheus thread interrupted.
2022-06-16 16:21:29,477 [Listener at 127.0.0.1/42069] INFO  impl.MetricsSystemImpl (MetricsSystemImpl.java:stop(216)) - HddsDatanode metrics system stopped.
2022-06-16 16:21:29,794 [Listener at 127.0.0.1/42069] WARN  server.ServerUtils (ServerUtils.java:getScmDbDir(148)) - ozone.scm.db.dirs is not configured. We recommend adding this setting. Falling back to ozone.metadata.dirs instead.
2022-06-16 16:21:29,822 [Listener at 127.0.0.1/42069] INFO  ha.SCMHANodeDetails (SCMHANodeDetails.java:loadSCMHAConfig(160)) - ServiceID for StorageContainerManager is null
2022-06-16 16:21:29,822 [Listener at 127.0.0.1/42069] INFO  ha.SCMHANodeDetails (SCMHANodeDetails.java:loadSCMHAConfig(165)) - ozone.scm.default.service.id is not defined, falling back to ozone.scm.service.ids to find serviceID for StorageContainerManager if it is HA enabled cluster
2022-06-16 16:21:29,822 [Listener at 127.0.0.1/42069] WARN  server.ServerUtils (ServerUtils.java:getScmDbDir(148)) - ozone.scm.db.dirs is not configured. We recommend adding this setting. Falling back to ozone.metadata.dirs instead.
2022-06-16 16:21:29,823 [Listener at 127.0.0.1/42069] WARN  utils.HAUtils (HAUtils.java:getMetaDir(342)) - ozone.scm.db.dirs is not configured. We recommend adding this setting. Falling back to ozone.metadata.dirs instead.
2022-06-16 16:21:29,823 [Listener at 127.0.0.1/42069] WARN  db.DBStoreBuilder (DBStoreBuilder.java:applyDBDefinition(145)) - ozone.scm.db.dirs is not configured. We recommend adding this setting. Falling back to ozone.metadata.dirs instead.
2022-06-16 16:21:30,216 [Listener at 127.0.0.1/42069] INFO  net.NodeSchemaLoader (NodeSchemaLoader.java:loadSchemaFromFile(129)) - Loading schema from [jar:file:/home/runner/.m2/repository/org/apache/ozone/hdds-common/1.3.0-SNAPSHOT/hdds-common-1.3.0-SNAPSHOT.jar!/network-topology-default.xml]
2022-06-16 16:21:30,216 [Listener at 127.0.0.1/42069] INFO  net.NodeSchemaLoader (NodeSchemaLoader.java:loadSchema(176)) - Loading network topology layer schema file
2022-06-16 16:21:30,222 [Listener at 127.0.0.1/42069] INFO  upgrade.AbstractLayoutVersionManager (AbstractLayoutVersionManager.java:init(82)) - Initializing Layout version manager with metadata layout = DATANODE_SCHEMA_V3 (version = 4), software layout = DATANODE_SCHEMA_V3 (version = 4)
2022-06-16 16:21:30,260 [Listener at 127.0.0.1/42069] INFO  reflections.Reflections (Reflections.java:scan(232)) - Reflections took 37 ms to scan 7 urls, producing 131 keys and 311 values 
2022-06-16 16:21:30,261 [Listener at 127.0.0.1/42069] INFO  ha.SequenceIdGenerator (SequenceIdGenerator.java:upgradeToSequenceId(347)) - upgrade localId to 109611004723200000
2022-06-16 16:21:30,261 [Listener at 127.0.0.1/42069] INFO  ha.SequenceIdGenerator (SequenceIdGenerator.java:upgradeToSequenceId(357)) - upgrade delTxnId to 0
2022-06-16 16:21:30,263 [Listener at 127.0.0.1/42069] INFO  ha.SequenceIdGenerator (SequenceIdGenerator.java:upgradeToSequenceId(374)) - upgrade containerId to 0
2022-06-16 16:21:30,263 [Listener at 127.0.0.1/42069] INFO  ha.SequenceIdGenerator (SequenceIdGenerator.java:<init>(218)) - Init the HA SequenceIdGenerator.
2022-06-16 16:21:30,263 [Listener at 127.0.0.1/42069] WARN  server.ServerUtils (ServerUtils.java:sanitizeUserArgs(73)) - ozone.scm.stale.node.interval value = 300000 is larger than max = 100000 based on the key value of ozone.scm.heartbeat.thread.interval, reset to the max value 100000.
2022-06-16 16:21:30,264 [Listener at 127.0.0.1/42069] WARN  server.ServerUtils (ServerUtils.java:sanitizeUserArgs(73)) - ozone.scm.stale.node.interval value = 300000 is larger than max = 100000 based on the key value of ozone.scm.heartbeat.thread.interval, reset to the max value 100000.
2022-06-16 16:21:30,264 [Listener at 127.0.0.1/42069] INFO  node.SCMNodeManager (SCMNodeManager.java:<init>(149)) - Entering startup safe mode.
2022-06-16 16:21:30,264 [Listener at 127.0.0.1/42069] INFO  algorithms.ContainerPlacementPolicyFactory (ContainerPlacementPolicyFactory.java:getPolicyInternal(86)) - Create container placement policy of type org.apache.hadoop.hdds.scm.container.placement.algorithms.SCMContainerPlacementRandom
2022-06-16 16:21:30,264 [Listener at 127.0.0.1/42069] INFO  pipeline.PipelineStateManagerImpl (PipelineStateManagerImpl.java:initialize(78)) - No pipeline exists in current db
2022-06-16 16:21:30,264 [Listener at 127.0.0.1/42069] INFO  algorithms.LeaderChoosePolicyFactory (LeaderChoosePolicyFactory.java:getPolicy(57)) - Create leader choose policy of type org.apache.hadoop.hdds.scm.pipeline.leader.choose.algorithms.MinLeaderCountChoosePolicy
2022-06-16 16:21:30,264 [Listener at 127.0.0.1/42069] INFO  algorithms.ContainerPlacementPolicyFactory (ContainerPlacementPolicyFactory.java:getPolicyInternal(86)) - Create container placement policy of type org.apache.hadoop.hdds.scm.container.placement.algorithms.SCMContainerPlacementRackScatter
2022-06-16 16:21:30,265 [Listener at 127.0.0.1/42069] INFO  pipeline.BackgroundPipelineCreator (BackgroundPipelineCreator.java:start(125)) - Starting RatisPipelineUtilsThread.
2022-06-16 16:21:30,265 [Listener at 127.0.0.1/42069] INFO  BackgroundPipelineScrubber (BackgroundSCMService.java:start(68)) - Starting BackgroundPipelineScrubber Service.
2022-06-16 16:21:30,265 [Listener at 127.0.0.1/42069] INFO  ha.SCMServiceManager (SCMServiceManager.java:register(42)) - Registering service BackgroundPipelineCreator.
2022-06-16 16:21:30,265 [Listener at 127.0.0.1/42069] INFO  ha.SCMServiceManager (SCMServiceManager.java:register(42)) - Registering service BackgroundPipelineScrubber.
2022-06-16 16:21:30,265 [Listener at 127.0.0.1/42069] INFO  ExpiredContainerReplicaOpScrubber (BackgroundSCMService.java:start(68)) - Starting ExpiredContainerReplicaOpScrubber Service.
2022-06-16 16:21:30,265 [Listener at 127.0.0.1/42069] INFO  ha.SCMServiceManager (SCMServiceManager.java:register(42)) - Registering service ExpiredContainerReplicaOpScrubber.
2022-06-16 16:21:30,266 [Listener at 127.0.0.1/42069] INFO  algorithms.PipelineChoosePolicyFactory (PipelineChoosePolicyFactory.java:createPipelineChoosePolicyFromClass(73)) - Create pipeline choose policy of type org.apache.hadoop.hdds.scm.pipeline.choose.algorithms.RandomPipelineChoosePolicy
2022-06-16 16:21:30,266 [Listener at 127.0.0.1/42069] INFO  ha.SCMServiceManager (SCMServiceManager.java:register(42)) - Registering service SCMBlockDeletingService.
2022-06-16 16:21:30,266 [Listener at 127.0.0.1/42069] INFO  ha.SCMServiceManager (SCMServiceManager.java:register(42)) - Registering service ReplicationManager.
2022-06-16 16:21:30,266 [Listener at 127.0.0.1/42069] INFO  replication.ReplicationManager (ReplicationManager.java:start(179)) - Starting Replication Monitor Thread.
2022-06-16 16:21:30,267 [Listener at 127.0.0.1/42069] INFO  safemode.ContainerSafeModeRule (ContainerSafeModeRule.java:<init>(89)) - containers with one replica threshold count 0
2022-06-16 16:21:30,267 [Listener at 127.0.0.1/42069] INFO  safemode.HealthyPipelineSafeModeRule (HealthyPipelineSafeModeRule.java:initializeRule(156)) - Total pipeline count is 0, healthy pipeline threshold count is 1
2022-06-16 16:21:30,267 [Listener at 127.0.0.1/42069] INFO  safemode.OneReplicaPipelineSafeModeRule (OneReplicaPipelineSafeModeRule.java:initializeRule(180)) - Total pipeline count is 0, pipeline's with at least one datanode reported threshold count is 0
2022-06-16 16:21:30,268 [ReplicationMonitor] INFO  replication.ReplicationManager (ReplicationManager.java:processAll(228)) - Replication Manager is not ready to run until 3000ms after safemode exit
2022-06-16 16:21:30,310 [Listener at 127.0.0.1/42069] INFO  ipc.CallQueueManager (CallQueueManager.java:<init>(90)) - Using callQueue: class java.util.concurrent.LinkedBlockingQueue, queueCapacity: 2000, scheduler: class org.apache.hadoop.ipc.DefaultRpcScheduler, ipcBackoff: false.
2022-06-16 16:21:30,318 [Socket Reader #1 for port 0] INFO  ipc.Server (Server.java:run(1265)) - Starting Socket Reader #1 for port 0
2022-06-16 16:21:30,319 [Listener at 0.0.0.0/42437] INFO  ipc.CallQueueManager (CallQueueManager.java:<init>(90)) - Using callQueue: class java.util.concurrent.LinkedBlockingQueue, queueCapacity: 2000, scheduler: class org.apache.hadoop.ipc.DefaultRpcScheduler, ipcBackoff: false.
2022-06-16 16:21:30,319 [Socket Reader #1 for port 0] INFO  ipc.Server (Server.java:run(1265)) - Starting Socket Reader #1 for port 0
2022-06-16 16:21:30,320 [Listener at 0.0.0.0/45321] INFO  ipc.CallQueueManager (CallQueueManager.java:<init>(90)) - Using callQueue: class java.util.concurrent.LinkedBlockingQueue, queueCapacity: 2000, scheduler: class org.apache.hadoop.ipc.DefaultRpcScheduler, ipcBackoff: false.
2022-06-16 16:21:30,320 [Socket Reader #1 for port 0] INFO  ipc.Server (Server.java:run(1265)) - Starting Socket Reader #1 for port 0
2022-06-16 16:21:30,396 [Listener at 0.0.0.0/33627] INFO  ha.SCMServiceManager (SCMServiceManager.java:register(42)) - Registering service ContainerBalancer.
2022-06-16 16:21:30,396 [Listener at 0.0.0.0/33627] INFO  server.StorageContainerManager (StorageContainerManager.java:<init>(398)) - 
Container Balancer status:
Key                            Value
Running                        false
Container Balancer Configuration values:
Key                                                Value
Threshold                                          10
Max Datanodes to Involve per Iteration(percent)    20
Max Size to Move per Iteration                     500GB
Max Size Entering Target per Iteration             26GB
Max Size Leaving Source per Iteration              26GB

2022-06-16 16:21:30,397 [Listener at 0.0.0.0/33627] WARN  events.EventQueue (EventQueue.java:fireEvent(194)) - No event handler registered for event TypedEvent{payloadType=SafeModeStatus, name='Safe mode status'}
2022-06-16 16:21:30,397 [Listener at 0.0.0.0/33627] INFO  ha.SCMContext (SCMContext.java:updateSafeModeStatus(228)) - Update SafeModeStatus from SafeModeStatus{safeModeStatus=true, preCheckPassed=false} to SafeModeStatus{safeModeStatus=true, preCheckPassed=false}.
2022-06-16 16:21:30,410 [Listener at 0.0.0.0/33627] INFO  server.StorageContainerManager (StorageContainerManager.java:start(1409)) - StorageContainerLocationProtocol RPC server is listening at /0.0.0.0:33627
2022-06-16 16:21:30,411 [Listener at 0.0.0.0/33627] WARN  impl.MetricsConfig (MetricsConfig.java:loadFirst(136)) - Cannot locate configuration: tried hadoop-metrics2-storagecontainermanager.properties,hadoop-metrics2.properties
2022-06-16 16:21:30,412 [Listener at 0.0.0.0/33627] INFO  impl.MetricsSystemImpl (MetricsSystemImpl.java:startTimer(378)) - Scheduled Metric snapshot period at 10 second(s).
2022-06-16 16:21:30,412 [Listener at 0.0.0.0/33627] INFO  impl.MetricsSystemImpl (MetricsSystemImpl.java:start(191)) - StorageContainerManager metrics system started
2022-06-16 16:21:30,454 [Listener at 0.0.0.0/33627] INFO  impl.MetricsSinkAdapter (MetricsSinkAdapter.java:start(204)) - Sink prometheus started
2022-06-16 16:21:30,454 [Listener at 0.0.0.0/33627] INFO  impl.MetricsSystemImpl (MetricsSystemImpl.java:registerSink(305)) - Registered sink prometheus
2022-06-16 16:21:30,574 [Listener at 0.0.0.0/33627] INFO  server.SCMClientProtocolServer (SCMClientProtocolServer.java:start(169)) - RPC server for Client  is listening at /0.0.0.0:33627
2022-06-16 16:21:30,575 [IPC Server Responder] INFO  ipc.Server (Server.java:run(1507)) - IPC Server Responder: starting
2022-06-16 16:21:30,575 [IPC Server listener on 0] INFO  ipc.Server (Server.java:run(1344)) - IPC Server listener on 0: starting
2022-06-16 16:21:30,576 [Listener at 0.0.0.0/33627] INFO  server.StorageContainerManager (StorageContainerManager.java:start(1424)) - ScmBlockLocationProtocol RPC server is listening at /0.0.0.0:45321
2022-06-16 16:21:30,576 [Listener at 0.0.0.0/33627] INFO  server.SCMBlockProtocolServer (SCMBlockProtocolServer.java:start(151)) - RPC server for Block Protocol is listening at /0.0.0.0:45321
2022-06-16 16:21:30,577 [IPC Server Responder] INFO  ipc.Server (Server.java:run(1507)) - IPC Server Responder: starting
2022-06-16 16:21:30,577 [IPC Server listener on 0] INFO  ipc.Server (Server.java:run(1344)) - IPC Server listener on 0: starting
2022-06-16 16:21:30,590 [Listener at 0.0.0.0/33627] INFO  server.SCMDatanodeProtocolServer (SCMDatanodeProtocolServer.java:start(183)) - ScmDatanodeProtocol RPC server for DataNodes is listening at /0.0.0.0:42437
2022-06-16 16:21:30,590 [IPC Server Responder] INFO  ipc.Server (Server.java:run(1507)) - IPC Server Responder: starting
2022-06-16 16:21:30,590 [IPC Server listener on 0] INFO  ipc.Server (Server.java:run(1344)) - IPC Server listener on 0: starting
2022-06-16 16:21:30,614 [Listener at 0.0.0.0/33627] INFO  http.BaseHttpServer (BaseHttpServer.java:newHttpServer2BuilderForOzone(209)) - Starting Web-server for scm at: http://0.0.0.0:0
2022-06-16 16:21:30,615 [Listener at 0.0.0.0/33627] INFO  http.BaseHttpServer (BaseHttpServer.java:<init>(107)) - Hadoop Security Enabled: false Ozone Security Enabled: false Ozone HTTP Security Enabled: false 
2022-06-16 16:21:30,615 [Listener at 0.0.0.0/33627] INFO  server.AuthenticationFilter (AuthenticationFilter.java:constructSecretProvider(240)) - Unable to initialize FileSignerSecretProvider, falling back to use random secrets.
2022-06-16 16:21:30,618 [org.apache.hadoop.util.JvmPauseMonitor$Monitor@7fc7ba14] INFO  util.JvmPauseMonitor (JvmPauseMonitor.java:run(188)) - Starting JVM pause monitor
2022-06-16 16:21:30,618 [Listener at 0.0.0.0/33627] WARN  http.HttpRequestLog (HttpRequestLog.java:getRequestLog(103)) - Jetty request log can only be enabled using Log4j
2022-06-16 16:21:30,619 [Listener at 0.0.0.0/33627] INFO  http.HttpServer2 (HttpServer2.java:addGlobalFilter(1029)) - Added global filter 'safety' (class=org.apache.hadoop.hdds.server.http.HttpServer2$QuotingInputFilter)
2022-06-16 16:21:30,620 [Listener at 0.0.0.0/33627] INFO  http.HttpServer2 (HttpServer2.java:addFilter(1005)) - Added filter static_user_filter (class=org.apache.hadoop.http.lib.StaticUserWebFilter$StaticUserFilter) to context scm
2022-06-16 16:21:30,620 [Listener at 0.0.0.0/33627] INFO  http.HttpServer2 (HttpServer2.java:addFilter(1013)) - Added filter static_user_filter (class=org.apache.hadoop.http.lib.StaticUserWebFilter$StaticUserFilter) to context static
2022-06-16 16:21:30,620 [Listener at 0.0.0.0/33627] INFO  http.HttpServer2 (HttpServer2.java:addFilter(1013)) - Added filter static_user_filter (class=org.apache.hadoop.http.lib.StaticUserWebFilter$StaticUserFilter) to context logs
2022-06-16 16:21:30,620 [Listener at 0.0.0.0/33627] INFO  http.HttpServer2 (HttpServer2.java:bindListener(1248)) - Jetty bound to port 42157
2022-06-16 16:21:30,620 [Listener at 0.0.0.0/33627] INFO  server.Server (Server.java:doStart(375)) - jetty-9.4.43.v20210629; built: 2021-06-30T11:07:22.254Z; git: 526006ecfa3af7f1a27ef3a288e2bef7ea9dd7e8; jvm 1.8.0_332-b09
2022-06-16 16:21:30,622 [Listener at 0.0.0.0/33627] INFO  server.session (DefaultSessionIdManager.java:doStart(334)) - DefaultSessionIdManager workerName=node0
2022-06-16 16:21:30,622 [Listener at 0.0.0.0/33627] INFO  server.session (DefaultSessionIdManager.java:doStart(339)) - No SessionScavenger set, using defaults
2022-06-16 16:21:30,622 [Listener at 0.0.0.0/33627] INFO  server.session (HouseKeeper.java:startScavenging(132)) - node0 Scavenging every 660000ms
2022-06-16 16:21:30,634 [Listener at 0.0.0.0/33627] INFO  handler.ContextHandler (ContextHandler.java:doStart(915)) - Started o.e.j.s.ServletContextHandler@7e72ba8{logs,/logs,file:///home/runner/work/ozone/ozone/hadoop-ozone/integration-test/target/log,AVAILABLE}
2022-06-16 16:21:30,634 [Listener at 0.0.0.0/33627] INFO  handler.ContextHandler (ContextHandler.java:doStart(915)) - Started o.e.j.s.ServletContextHandler@496e9377{static,/static,file:///home/runner/work/ozone/ozone/hadoop-ozone/integration-test/target/test-classes/webapps/static,AVAILABLE}
2022-06-16 16:21:30,637 [Listener at 0.0.0.0/33627] INFO  handler.ContextHandler (ContextHandler.java:doStart(915)) - Started o.e.j.w.WebAppContext@2fea23c0{scm,/,file:///home/runner/work/ozone/ozone/hadoop-ozone/integration-test/target/test-classes/webapps/scm/,AVAILABLE}{file:/home/runner/work/ozone/ozone/hadoop-ozone/integration-test/target/test-classes/webapps/scm}
2022-06-16 16:21:30,703 [Listener at 0.0.0.0/33627] INFO  server.AbstractConnector (AbstractConnector.java:doStart(331)) - Started ServerConnector@47893d43{HTTP/1.1, (http/1.1)}{0.0.0.0:42157}
2022-06-16 16:21:30,703 [Listener at 0.0.0.0/33627] INFO  server.Server (Server.java:doStart(415)) - Started @213339ms
2022-06-16 16:21:30,703 [Listener at 0.0.0.0/33627] WARN  impl.MetricsSystemImpl (MetricsSystemImpl.java:register(279)) - Sink prometheus already exists!
2022-06-16 16:21:30,707 [Listener at 0.0.0.0/33627] INFO  http.BaseHttpServer (BaseHttpServer.java:updateConnectorAddress(329)) - HTTP server of scm listening at http://0.0.0.0:42157
2022-06-16 16:21:30,707 [Listener at 0.0.0.0/33627] WARN  server.ServerUtils (ServerUtils.java:getDBPath(225)) - ozone.om.db.dirs is not configured. We recommend adding this setting. Falling back to ozone.metadata.dirs instead.
2022-06-16 16:21:30,709 [Listener at 0.0.0.0/33627] INFO  ha.OMHANodeDetails (OMHANodeDetails.java:loadOMHAConfig(115)) - ozone.om.internal.service.id is not defined, falling back to ozone.om.service.ids to find serviceID for OzoneManager if it is HA enabled cluster
2022-06-16 16:21:30,709 [Listener at 0.0.0.0/33627] INFO  ha.OMHANodeDetails (OMHANodeDetails.java:loadOMHAConfig(226)) - Configuration does not have ozone.om.address set. Falling back to the default OM address /127.0.0.1:0
2022-06-16 16:21:30,709 [Listener at 0.0.0.0/33627] INFO  ha.OMHANodeDetails (OMHANodeDetails.java:getOMNodeDetailsForNonHA(254)) - OM Service ID is not set. Setting it to the default ID: omServiceIdDefault
2022-06-16 16:21:30,709 [Listener at 0.0.0.0/33627] INFO  ha.OMHANodeDetails (OMHANodeDetails.java:getOMNodeDetailsForNonHA(261)) - OM Node ID is not set. Setting it to the default ID: om1
2022-06-16 16:21:30,709 [Listener at 0.0.0.0/33627] WARN  server.ServerUtils (ServerUtils.java:getDBPath(225)) - ozone.om.db.dirs is not configured. We recommend adding this setting. Falling back to ozone.metadata.dirs instead.
2022-06-16 16:21:30,709 [Listener at 0.0.0.0/33627] INFO  upgrade.AbstractLayoutVersionManager (AbstractLayoutVersionManager.java:init(82)) - Initializing Layout version manager with metadata layout = MULTITENANCY_SCHEMA (version = 3), software layout = MULTITENANCY_SCHEMA (version = 3)
2022-06-16 16:21:31,167 [Listener at 0.0.0.0/33627] INFO  reflections.Reflections (Reflections.java:scan(232)) - Reflections took 457 ms to scan 2 urls, producing 153 keys and 431 values [using 2 cores]
2022-06-16 16:21:31,168 [Listener at 0.0.0.0/33627] INFO  upgrade.OMLayoutVersionManager (OMLayoutVersionManager.java:lambda$0(115)) - Skipping Upgrade Action MockOmUpgradeAction since it has been finalized.
2022-06-16 16:21:31,168 [Listener at 0.0.0.0/33627] WARN  server.ServerUtils (ServerUtils.java:getDBPath(225)) - ozone.om.db.dirs is not configured. We recommend adding this setting. Falling back to ozone.metadata.dirs instead.
2022-06-16 16:21:31,168 [Listener at 0.0.0.0/33627] INFO  proxy.SCMBlockLocationFailoverProxyProvider (SCMBlockLocationFailoverProxyProvider.java:<init>(114)) - Created block location fail-over proxy with 1 nodes: [nodeId=scmNodeId,nodeAddress=/0.0.0.0:45321]
2022-06-16 16:21:31,169 [Listener at 0.0.0.0/33627] INFO  proxy.SCMBlockLocationFailoverProxyProvider (SCMBlockLocationFailoverProxyProvider.java:<init>(114)) - Created block location fail-over proxy with 1 nodes: [nodeId=scmNodeId,nodeAddress=/0.0.0.0:45321]
2022-06-16 16:21:31,192 [Listener at 0.0.0.0/33627] WARN  server.ServerUtils (ServerUtils.java:getDBPath(225)) - ozone.om.db.dirs is not configured. We recommend adding this setting. Falling back to ozone.metadata.dirs instead.
2022-06-16 16:21:31,193 [Listener at 0.0.0.0/33627] INFO  codec.OmKeyInfoCodec (OmKeyInfoCodec.java:<init>(49)) - OmKeyInfoCodec ignorePipeline = true
2022-06-16 16:21:31,193 [Listener at 0.0.0.0/33627] INFO  codec.RepeatedOmKeyInfoCodec (RepeatedOmKeyInfoCodec.java:<init>(41)) - RepeatedOmKeyInfoCodec ignorePipeline = true
2022-06-16 16:21:31,873 [Listener at 0.0.0.0/33627] INFO  om.OzoneManager (OzoneManager.java:instantiateServices(692)) - S3 Multi-Tenancy is disabled
2022-06-16 16:21:31,879 [Listener at 0.0.0.0/33627] INFO  om.OzoneManager (OzoneManager.java:addS3GVolumeToDB(4259)) - Created Volume s3v With Owner runner required for S3Gateway operations.
2022-06-16 16:21:31,879 [Listener at 0.0.0.0/33627] WARN  server.ServerUtils (ServerUtils.java:getDefaultRatisDirectory(237)) - Storage directory for Ratis is not configured. It is a good idea to map this to an SSD disk. Falling back to ozone.metadata.dirs
2022-06-16 16:21:31,879 [Listener at 0.0.0.0/33627] WARN  utils.OzoneManagerRatisUtils (OzoneManagerRatisUtils.java:getOMRatisSnapshotDirectory(423)) - ozone.om.ratis.snapshot.dir is not configured. Falling back to ozone.metadata.dirs config
2022-06-16 16:21:31,879 [Listener at 0.0.0.0/33627] WARN  server.ServerUtils (ServerUtils.java:getDefaultRatisDirectory(237)) - Storage directory for Ratis is not configured. It is a good idea to map this to an SSD disk. Falling back to ozone.metadata.dirs
2022-06-16 16:21:31,891 [Listener at 0.0.0.0/33627] INFO  ratis.OzoneManagerRatisServer (OzoneManagerRatisServer.java:<init>(159)) - Instantiating OM Ratis server with groupID: omServiceIdDefault and peers: localhost:9872
2022-06-16 16:21:31,892 [Listener at 0.0.0.0/33627] INFO  ratis.OzoneManagerStateMachine (OzoneManagerStateMachine.java:loadSnapshotInfoFromDB(632)) - LastAppliedIndex is set from TransactionInfo from OM DB as (t:0, i:~)
2022-06-16 16:21:31,894 [Listener at 0.0.0.0/33627] INFO  server.RaftServer (ConfUtils.java:logGet(46)) - raft.rpc.type = GRPC (default)
2022-06-16 16:21:31,894 [Listener at 0.0.0.0/33627] INFO  grpc.GrpcFactory (GrpcFactory.java:checkPooledByteBufAllocatorUseCacheForAllThreads(48)) - PERFORMANCE WARNING: useCacheForAllThreads is true that may cause Netty to create a lot garbage objects and, as a result, trigger GC.
	It is recommended to disable useCacheForAllThreads by setting -Dorg.apache.ratis.thirdparty.io.netty.allocator.useCacheForAllThreads=false in command line.
2022-06-16 16:21:31,894 [Listener at 0.0.0.0/33627] INFO  grpc.GrpcConfigKeys (ConfUtils.java:logGet(46)) - raft.grpc.admin.port = -1 (default)
2022-06-16 16:21:31,894 [Listener at 0.0.0.0/33627] INFO  grpc.GrpcConfigKeys (ConfUtils.java:logGet(46)) - raft.grpc.server.port = 9872 (custom)
2022-06-16 16:21:31,894 [Listener at 0.0.0.0/33627] INFO  grpc.GrpcConfigKeys (ConfUtils.java:logGet(46)) - raft.grpc.client.port = -1 (default)
2022-06-16 16:21:31,894 [Listener at 0.0.0.0/33627] INFO  grpc.GrpcConfigKeys (ConfUtils.java:logGet(46)) - raft.grpc.server.port = 9872 (custom)
2022-06-16 16:21:31,894 [Listener at 0.0.0.0/33627] INFO  grpc.GrpcConfigKeys (ConfUtils.java:logGet(46)) - raft.grpc.server.port = 9872 (custom)
2022-06-16 16:21:31,895 [Listener at 0.0.0.0/33627] INFO  server.GrpcService (ConfUtils.java:logGet(46)) - raft.grpc.message.size.max = 33554432 (custom)
2022-06-16 16:21:31,895 [Listener at 0.0.0.0/33627] INFO  server.RaftServerConfigKeys (ConfUtils.java:logGet(46)) - raft.server.log.appender.buffer.byte-limit = 33554432 (custom)
2022-06-16 16:21:31,895 [Listener at 0.0.0.0/33627] INFO  server.GrpcService (ConfUtils.java:logGet(46)) - raft.grpc.flow.control.window = 1MB (=1048576) (default)
2022-06-16 16:21:31,895 [Listener at 0.0.0.0/33627] INFO  server.RaftServerConfigKeys (ConfUtils.java:logGet(46)) - raft.server.rpc.request.timeout = 3000ms (default)
2022-06-16 16:21:31,895 [Listener at 0.0.0.0/33627] INFO  grpc.GrpcConfigKeys (ConfUtils.java:logGet(46)) - raft.grpc.server.async.request.thread.pool.cached = true (default)
2022-06-16 16:21:31,895 [Listener at 0.0.0.0/33627] INFO  grpc.GrpcConfigKeys (ConfUtils.java:logGet(46)) - raft.grpc.server.async.request.thread.pool.size = 32 (default)
2022-06-16 16:21:31,898 [Listener at 0.0.0.0/33627] INFO  impl.DataStreamServerImpl (ConfUtils.java:logGet(46)) - raft.datastream.type = DISABLED (default)
2022-06-16 16:21:31,898 [Listener at 0.0.0.0/33627] INFO  server.RaftServerConfigKeys (ConfUtils.java:logGet(46)) - raft.server.threadpool.proxy.cached = true (default)
2022-06-16 16:21:31,898 [Listener at 0.0.0.0/33627] INFO  server.RaftServerConfigKeys (ConfUtils.java:logGet(46)) - raft.server.threadpool.proxy.size = 0 (default)
2022-06-16 16:21:31,898 [Listener at 0.0.0.0/33627] INFO  server.RaftServerConfigKeys (ConfUtils.java:logGet(46)) - raft.server.rpc.slowness.timeout = 120s (custom)
2022-06-16 16:21:31,898 [Listener at 0.0.0.0/33627] INFO  server.RaftServerConfigKeys (ConfUtils.java:logGet(46)) - raft.server.leaderelection.leader.step-down.wait-time = 10s (default)
2022-06-16 16:21:31,898 [Listener at 0.0.0.0/33627] INFO  server.RaftServerConfigKeys (ConfUtils.java:logGet(46)) - raft.server.storage.dir = [/home/runner/work/ozone/ozone/hadoop-ozone/integration-test/target/test-dir/MiniOzoneClusterImpl-41de4505-4fce-475e-a877-0dc0879048ec/ozone-meta/ratis] (custom)
2022-06-16 16:21:31,906 [Listener at 0.0.0.0/33627] INFO  server.RaftServer (RaftServerProxy.java:addNew(96)) - om1: addNew group-C5BA1605619E:[om1|rpc:localhost:9872|priority:0] returns group-C5BA1605619E:java.util.concurrent.CompletableFuture@71685f48[Not completed]
2022-06-16 16:21:31,906 [Listener at 0.0.0.0/33627] INFO  om.OzoneManager (OzoneManager.java:initializeRatisServer(1961)) - OzoneManager Ratis server initialized at port 9872
2022-06-16 16:21:31,907 [Listener at 0.0.0.0/33627] INFO  om.OzoneManager (OzoneManager.java:getRpcServer(1081)) - Creating RPC Server
2022-06-16 16:21:31,908 [pool-801-thread-1] INFO  server.RaftServer$Division (RaftServerImpl.java:<init>(190)) - om1: new RaftServerImpl for group-C5BA1605619E:[om1|rpc:localhost:9872|priority:0] with OzoneManagerStateMachine:uninitialized
2022-06-16 16:21:31,909 [pool-801-thread-1] INFO  server.RaftServerConfigKeys (ConfUtils.java:logGet(46)) - raft.server.rpc.timeout.min = 1s (custom)
2022-06-16 16:21:31,909 [pool-801-thread-1] INFO  server.RaftServerConfigKeys (ConfUtils.java:logGet(46)) - raft.server.rpc.timeout.max = 1200ms (custom)
2022-06-16 16:21:31,909 [pool-801-thread-1] INFO  server.RaftServerConfigKeys (ConfUtils.java:logGet(46)) - raft.server.rpc.sleep.time = 25ms (default)
2022-06-16 16:21:31,909 [pool-801-thread-1] INFO  server.RaftServerConfigKeys (ConfUtils.java:logGet(46)) - raft.server.rpc.slowness.timeout = 120s (custom)
2022-06-16 16:21:31,909 [pool-801-thread-1] INFO  server.RaftServerConfigKeys (ConfUtils.java:logGet(46)) - raft.server.leaderelection.leader.step-down.wait-time = 10s (default)
2022-06-16 16:21:31,909 [pool-801-thread-1] INFO  server.RaftServerConfigKeys (ConfUtils.java:logGet(46)) - raft.server.sleep.deviation.threshold = 300ms (default)
2022-06-16 16:21:31,909 [pool-801-thread-1] INFO  server.RaftServer$Division (ServerState.java:<init>(107)) - om1@group-C5BA1605619E: ConfigurationManager, init=-1: [om1|rpc:localhost:9872|priority:0], old=null, confs=<EMPTY_MAP>
2022-06-16 16:21:31,909 [pool-801-thread-1] INFO  server.RaftServerConfigKeys (ConfUtils.java:logGet(46)) - raft.server.storage.dir = [/home/runner/work/ozone/ozone/hadoop-ozone/integration-test/target/test-dir/MiniOzoneClusterImpl-41de4505-4fce-475e-a877-0dc0879048ec/ozone-meta/ratis] (custom)
2022-06-16 16:21:31,909 [pool-801-thread-1] INFO  server.RaftServerConfigKeys (ConfUtils.java:logGet(46)) - raft.server.log.corruption.policy = EXCEPTION (default)
2022-06-16 16:21:31,909 [pool-801-thread-1] INFO  server.RaftServerConfigKeys (ConfUtils.java:logGet(46)) - raft.server.storage.free-space.min = 0MB (=0) (default)
2022-06-16 16:21:31,909 [pool-801-thread-1] INFO  storage.RaftStorageDirectory (RaftStorageDirectoryImpl.java:analyzeStorage(135)) - The storage directory /home/runner/work/ozone/ozone/hadoop-ozone/integration-test/target/test-dir/MiniOzoneClusterImpl-41de4505-4fce-475e-a877-0dc0879048ec/ozone-meta/ratis/bf265839-605b-3f16-9796-c5ba1605619e does not exist. Creating ...
2022-06-16 16:21:31,927 [pool-801-thread-1] INFO  storage.RaftStorageDirectory (RaftStorageDirectoryImpl.java:tryLock(230)) - Lock on /home/runner/work/ozone/ozone/hadoop-ozone/integration-test/target/test-dir/MiniOzoneClusterImpl-41de4505-4fce-475e-a877-0dc0879048ec/ozone-meta/ratis/bf265839-605b-3f16-9796-c5ba1605619e/in_use.lock acquired by nodename 3861@fv-az37-268
2022-06-16 16:21:31,930 [pool-801-thread-1] INFO  storage.RaftStorage (RaftStorageImpl.java:format(89)) - Storage directory /home/runner/work/ozone/ozone/hadoop-ozone/integration-test/target/test-dir/MiniOzoneClusterImpl-41de4505-4fce-475e-a877-0dc0879048ec/ozone-meta/ratis/bf265839-605b-3f16-9796-c5ba1605619e has been successfully formatted.
2022-06-16 16:21:31,930 [pool-801-thread-1] INFO  server.RaftServerConfigKeys (ConfUtils.java:logGet(46)) - raft.server.notification.no-leader.timeout = 120s (custom)
2022-06-16 16:21:31,930 [pool-801-thread-1] INFO  server.RaftServerConfigKeys (ConfUtils.java:logGet(46)) - raft.server.log.use.memory = false (default)
2022-06-16 16:21:31,931 [pool-801-thread-1] INFO  server.RaftServerConfigKeys (ConfUtils.java:logGet(46)) - raft.server.log.purge.gap = 1000000 (custom)
2022-06-16 16:21:31,931 [pool-801-thread-1] INFO  server.RaftServerConfigKeys (ConfUtils.java:logGet(46)) - raft.server.log.appender.buffer.byte-limit = 33554432 (custom)
2022-06-16 16:21:31,931 [pool-801-thread-1] INFO  server.RaftServerConfigKeys (ConfUtils.java:logGet(46)) - raft.server.log.statemachine.data.read.timeout = 1000ms (default)
2022-06-16 16:21:31,931 [pool-801-thread-1] INFO  server.RaftServerConfigKeys (ConfUtils.java:logGet(46)) - raft.server.log.segment.size.max = 4194304 (custom)
2022-06-16 16:21:31,931 [pool-801-thread-1] INFO  server.RaftServerConfigKeys (ConfUtils.java:logGet(46)) - raft.server.log.segment.cache.num.max = 2 (custom)
2022-06-16 16:21:31,931 [pool-801-thread-1] INFO  server.RaftServerConfigKeys (ConfUtils.java:logGet(46)) - raft.server.log.segment.cache.size.max = 200MB (=209715200) (default)
2022-06-16 16:21:31,931 [pool-801-thread-1] INFO  segmented.SegmentedRaftLogWorker (SegmentedRaftLogWorker.java:<init>(187)) - new om1@group-C5BA1605619E-SegmentedRaftLogWorker for RaftStorageImpl:Storage Directory /home/runner/work/ozone/ozone/hadoop-ozone/integration-test/target/test-dir/MiniOzoneClusterImpl-41de4505-4fce-475e-a877-0dc0879048ec/ozone-meta/ratis/bf265839-605b-3f16-9796-c5ba1605619e
2022-06-16 16:21:31,931 [pool-801-thread-1] INFO  server.RaftServerConfigKeys (ConfUtils.java:logGet(46)) - raft.server.log.queue.byte-limit = 64MB (=67108864) (default)
2022-06-16 16:21:31,931 [pool-801-thread-1] INFO  server.RaftServerConfigKeys (ConfUtils.java:logGet(46)) - raft.server.log.queue.element-limit = 4096 (default)
2022-06-16 16:21:31,931 [pool-801-thread-1] INFO  server.RaftServerConfigKeys (ConfUtils.java:logGet(46)) - raft.server.log.segment.size.max = 4194304 (custom)
2022-06-16 16:21:31,931 [pool-801-thread-1] INFO  server.RaftServerConfigKeys (ConfUtils.java:logGet(46)) - raft.server.log.preallocated.size = 4194304 (custom)
2022-06-16 16:21:31,931 [pool-801-thread-1] INFO  server.RaftServerConfigKeys (ConfUtils.java:logGet(46)) - raft.server.log.force.sync.num = 128 (default)
2022-06-16 16:21:31,931 [pool-801-thread-1] INFO  server.RaftServerConfigKeys (ConfUtils.java:logGet(46)) - raft.server.log.statemachine.data.sync = true (default)
2022-06-16 16:21:31,931 [pool-801-thread-1] INFO  server.RaftServerConfigKeys (ConfUtils.java:logGet(46)) - raft.server.log.statemachine.data.sync.timeout = 10s (default)
2022-06-16 16:21:31,931 [pool-801-thread-1] INFO  server.RaftServerConfigKeys (ConfUtils.java:logGet(46)) - raft.server.log.statemachine.data.sync.timeout.retry = -1 (default)
2022-06-16 16:21:31,946 [pool-801-thread-1] INFO  server.RaftServerConfigKeys (ConfUtils.java:logGet(46)) - raft.server.log.write.buffer.size = 64KB (=65536) (default)
2022-06-16 16:21:31,946 [pool-801-thread-1] INFO  server.RaftServerConfigKeys (ConfUtils.java:logGet(46)) - raft.server.log.unsafe-flush.enabled = false (default)
2022-06-16 16:21:31,946 [pool-801-thread-1] INFO  server.RaftServerConfigKeys (ConfUtils.java:logGet(46)) - raft.server.log.statemachine.data.caching.enabled = false (default)
2022-06-16 16:21:31,946 [pool-801-thread-1] INFO  segmented.SegmentedRaftLogWorker (SegmentedRaftLogWorker.java:lambda$new$0(135)) - om1@group-C5BA1605619E-SegmentedRaftLogWorker: flushIndex: setUnconditionally 0 -> -1
2022-06-16 16:21:31,946 [pool-801-thread-1] INFO  segmented.SegmentedRaftLogWorker (SegmentedRaftLogWorker.java:lambda$new$0(135)) - om1@group-C5BA1605619E-SegmentedRaftLogWorker: safeCacheEvictIndex: setUnconditionally 0 -> -1
2022-06-16 16:21:31,982 [pool-801-thread-1] INFO  server.RaftServerConfigKeys (ConfUtils.java:logGet(46)) - raft.server.snapshot.auto.trigger.enabled = true (custom)
2022-06-16 16:21:31,982 [pool-801-thread-1] INFO  server.RaftServerConfigKeys (ConfUtils.java:logGet(46)) - raft.server.snapshot.auto.trigger.threshold = 400000 (default)
2022-06-16 16:21:31,982 [pool-801-thread-1] INFO  server.RaftServerConfigKeys (ConfUtils.java:logGet(46)) - raft.server.snapshot.retention.file.num = -1 (default)
2022-06-16 16:21:31,982 [pool-801-thread-1] INFO  server.RaftServerConfigKeys (ConfUtils.java:logGet(46)) - raft.server.log.purge.upto.snapshot.index = true (custom)
2022-06-16 16:21:31,982 [pool-801-thread-1] INFO  server.RaftServerConfigKeys (ConfUtils.java:logGet(46)) - raft.server.retrycache.expirytime = 300s (custom)
2022-06-16 16:21:31,982 [pool-801-thread-1] INFO  server.RaftServerConfigKeys (ConfUtils.java:logGet(46)) - raft.server.retrycache.statistics.expirytime = 100μs (default)
2022-06-16 16:21:31,983 [pool-801-thread-1] INFO  server.RaftServerConfigKeys (ConfUtils.java:logGet(46)) - raft.server.log.appender.install.snapshot.enabled = false (custom)
2022-06-16 16:21:31,983 [pool-801-thread-1] INFO  server.RaftServerConfigKeys (ConfUtils.java:logGet(46)) - raft.server.threadpool.server.cached = true (default)
2022-06-16 16:21:31,983 [pool-801-thread-1] INFO  server.RaftServerConfigKeys (ConfUtils.java:logGet(46)) - raft.server.threadpool.server.size = 0 (default)
2022-06-16 16:21:31,983 [pool-801-thread-1] INFO  server.RaftServerConfigKeys (ConfUtils.java:logGet(46)) - raft.server.threadpool.client.cached = true (default)
2022-06-16 16:21:31,983 [pool-801-thread-1] INFO  server.RaftServerConfigKeys (ConfUtils.java:logGet(46)) - raft.server.threadpool.client.size = 0 (default)
2022-06-16 16:21:33,888 [Listener at 0.0.0.0/33627] INFO  reflections.Reflections (Reflections.java:scan(232)) - Reflections took 1981 ms to scan 19 urls, producing 66 keys and 4010 values [using 2 cores]
2022-06-16 16:21:33,890 [Listener at 0.0.0.0/33627] INFO  ipc.CallQueueManager (CallQueueManager.java:<init>(90)) - Using callQueue: class java.util.concurrent.LinkedBlockingQueue, queueCapacity: 2000, scheduler: class org.apache.hadoop.ipc.DefaultRpcScheduler, ipcBackoff: false.
2022-06-16 16:21:33,938 [Socket Reader #1 for port 0] INFO  ipc.Server (Server.java:run(1265)) - Starting Socket Reader #1 for port 0
2022-06-16 16:21:34,022 [Listener at 127.0.0.1/33505] INFO  impl.MetricsSystemImpl (MetricsSystemImpl.java:init(158)) - OzoneManager metrics system started (again)
2022-06-16 16:21:34,097 [Listener at 127.0.0.1/33505] INFO  om.OzoneManager (OzoneManager.java:start(1465)) - OzoneManager RPC server is listening at localhost/127.0.0.1:33505
2022-06-16 16:21:34,102 [Listener at 127.0.0.1/33505] INFO  ratis.OzoneManagerRatisServer (OzoneManagerRatisServer.java:start(554)) - Starting OzoneManagerRatisServer om1 at port 9872
2022-06-16 16:21:34,102 [om1-impl-thread1] INFO  server.RaftServer$Division (RaftServerImpl.java:start(310)) - om1@group-C5BA1605619E: start as a follower, conf=-1: [om1|rpc:localhost:9872|priority:0], old=null
2022-06-16 16:21:34,102 [om1-impl-thread1] INFO  server.RaftServer$Division (RaftServerImpl.java:setRole(299)) - om1@group-C5BA1605619E: changes role from      null to FOLLOWER at term 0 for startAsFollower
2022-06-16 16:21:34,102 [om1-impl-thread1] INFO  impl.RoleInfo (RoleInfo.java:updateAndGet(139)) - om1: start om1@group-C5BA1605619E-FollowerState
2022-06-16 16:21:34,138 [om1-impl-thread1] INFO  util.JmxRegister (JmxRegister.java:tryRegister(44)) - Successfully registered JMX Bean with object name Ratis:service=RaftServer,group=group-C5BA1605619E,id=om1
2022-06-16 16:21:34,142 [Listener at 127.0.0.1/33505] INFO  server.RaftServer (RaftServerProxy.java:lambda$start$6(382)) - om1: start RPC server
2022-06-16 16:21:34,182 [Listener at 127.0.0.1/33505] INFO  server.GrpcService (GrpcService.java:startImpl(260)) - om1: GrpcService started, listening on 9872
2022-06-16 16:21:34,182 [Listener at 127.0.0.1/33505] INFO  om.OzoneManager (OzoneManager.java:start(1481)) - Version File has different layout version (3) than OM DB (null). That is expected if this OM has never been finalized to a newer layout version.
2022-06-16 16:21:34,183 [org.apache.ratis.util.JvmPauseMonitor$$Lambda$611/1702991963@6a58b145] INFO  util.JvmPauseMonitor (JvmPauseMonitor.java:run(103)) - JvmPauseMonitor-om1: Started
2022-06-16 16:21:34,194 [Listener at 127.0.0.1/33505] INFO  http.BaseHttpServer (BaseHttpServer.java:newHttpServer2BuilderForOzone(209)) - Starting Web-server for ozoneManager at: http://0.0.0.0:0
2022-06-16 16:21:34,194 [Listener at 127.0.0.1/33505] INFO  http.BaseHttpServer (BaseHttpServer.java:<init>(107)) - Hadoop Security Enabled: false Ozone Security Enabled: false Ozone HTTP Security Enabled: false 
2022-06-16 16:21:34,194 [Listener at 127.0.0.1/33505] INFO  server.AuthenticationFilter (AuthenticationFilter.java:constructSecretProvider(240)) - Unable to initialize FileSignerSecretProvider, falling back to use random secrets.
2022-06-16 16:21:34,195 [Listener at 127.0.0.1/33505] WARN  http.HttpRequestLog (HttpRequestLog.java:getRequestLog(103)) - Jetty request log can only be enabled using Log4j
2022-06-16 16:21:34,196 [Listener at 127.0.0.1/33505] INFO  http.HttpServer2 (HttpServer2.java:addGlobalFilter(1029)) - Added global filter 'safety' (class=org.apache.hadoop.hdds.server.http.HttpServer2$QuotingInputFilter)
2022-06-16 16:21:34,196 [Listener at 127.0.0.1/33505] INFO  http.HttpServer2 (HttpServer2.java:addFilter(1005)) - Added filter static_user_filter (class=org.apache.hadoop.http.lib.StaticUserWebFilter$StaticUserFilter) to context ozoneManager
2022-06-16 16:21:34,196 [Listener at 127.0.0.1/33505] INFO  http.HttpServer2 (HttpServer2.java:addFilter(1013)) - Added filter static_user_filter (class=org.apache.hadoop.http.lib.StaticUserWebFilter$StaticUserFilter) to context logs
2022-06-16 16:21:34,196 [Listener at 127.0.0.1/33505] INFO  http.HttpServer2 (HttpServer2.java:addFilter(1013)) - Added filter static_user_filter (class=org.apache.hadoop.http.lib.StaticUserWebFilter$StaticUserFilter) to context static
2022-06-16 16:21:34,197 [Listener at 127.0.0.1/33505] INFO  http.HttpServer2 (HttpServer2.java:bindListener(1248)) - Jetty bound to port 36773
2022-06-16 16:21:34,197 [Listener at 127.0.0.1/33505] INFO  server.Server (Server.java:doStart(375)) - jetty-9.4.43.v20210629; built: 2021-06-30T11:07:22.254Z; git: 526006ecfa3af7f1a27ef3a288e2bef7ea9dd7e8; jvm 1.8.0_332-b09
2022-06-16 16:21:34,199 [Listener at 127.0.0.1/33505] INFO  server.session (DefaultSessionIdManager.java:doStart(334)) - DefaultSessionIdManager workerName=node0
2022-06-16 16:21:34,199 [Listener at 127.0.0.1/33505] INFO  server.session (DefaultSessionIdManager.java:doStart(339)) - No SessionScavenger set, using defaults
2022-06-16 16:21:34,199 [Listener at 127.0.0.1/33505] INFO  server.session (HouseKeeper.java:startScavenging(132)) - node0 Scavenging every 600000ms
2022-06-16 16:21:34,205 [Listener at 127.0.0.1/33505] INFO  handler.ContextHandler (ContextHandler.java:doStart(915)) - Started o.e.j.s.ServletContextHandler@52039841{logs,/logs,file:///home/runner/work/ozone/ozone/hadoop-ozone/integration-test/target/log,AVAILABLE}
2022-06-16 16:21:34,205 [Listener at 127.0.0.1/33505] INFO  handler.ContextHandler (ContextHandler.java:doStart(915)) - Started o.e.j.s.ServletContextHandler@307ee504{static,/static,file:///home/runner/work/ozone/ozone/hadoop-ozone/integration-test/target/test-classes/webapps/static,AVAILABLE}
2022-06-16 16:21:34,207 [Listener at 127.0.0.1/33505] INFO  handler.ContextHandler (ContextHandler.java:doStart(915)) - Started o.e.j.w.WebAppContext@3d4d0260{ozoneManager,/,file:///home/runner/work/ozone/ozone/hadoop-ozone/integration-test/target/test-classes/webapps/ozoneManager/,AVAILABLE}{file:/home/runner/work/ozone/ozone/hadoop-ozone/integration-test/target/test-classes/webapps/ozoneManager}
2022-06-16 16:21:34,258 [Listener at 127.0.0.1/33505] INFO  server.AbstractConnector (AbstractConnector.java:doStart(331)) - Started ServerConnector@1edf7722{HTTP/1.1, (http/1.1)}{0.0.0.0:36773}
2022-06-16 16:21:34,258 [Listener at 127.0.0.1/33505] INFO  server.Server (Server.java:doStart(415)) - Started @216894ms
2022-06-16 16:21:34,258 [Listener at 127.0.0.1/33505] WARN  impl.MetricsSystemImpl (MetricsSystemImpl.java:register(279)) - Sink prometheus already exists!
2022-06-16 16:21:34,262 [Listener at 127.0.0.1/33505] INFO  http.BaseHttpServer (BaseHttpServer.java:updateConnectorAddress(329)) - HTTP server of ozoneManager listening at http://0.0.0.0:36773
2022-06-16 16:21:34,278 [IPC Server Responder] INFO  ipc.Server (Server.java:run(1507)) - IPC Server Responder: starting
2022-06-16 16:21:34,283 [IPC Server listener on 0] INFO  ipc.Server (Server.java:run(1344)) - IPC Server listener on 0: starting
2022-06-16 16:21:34,579 [Listener at 127.0.0.1/33505] INFO  om.TrashPolicyOzone (TrashPolicyOzone.java:<init>(178)) - Ozone Manager trash configuration: Deletion interval = 0 minutes, Emptier interval = 0 minutes.
2022-06-16 16:21:34,612 [org.apache.hadoop.util.JvmPauseMonitor$Monitor@26e0a411] INFO  util.JvmPauseMonitor (JvmPauseMonitor.java:run(188)) - Starting JVM pause monitor
2022-06-16 16:21:34,642 [Listener at 127.0.0.1/33505] WARN  impl.MetricRegistriesImpl (MetricRegistriesImpl.java:addReporterRegistration(111)) - New reporters are added after registries were created. Some metrics will be missing from the reporter. Please add reporter before adding any new registry.
2022-06-16 16:21:34,642 [Listener at 127.0.0.1/33505] WARN  impl.MetricRegistriesImpl (MetricRegistriesImpl.java:addReporterRegistration(111)) - New reporters are added after registries were created. Some metrics will be missing from the reporter. Please add reporter before adding any new registry.
2022-06-16 16:21:34,642 [Listener at 127.0.0.1/33505] INFO  impl.MetricsSystemImpl (MetricsSystemImpl.java:init(158)) - HddsDatanode metrics system started (again)
2022-06-16 16:21:34,726 [Listener at 127.0.0.1/33505] INFO  ozone.HddsDatanodeService (HddsDatanodeService.java:start(236)) - HddsDatanodeService host:fv-az37-268.zqe2tmcsx5vuvjs3sdc4q2yfud.gx.internal.cloudapp.net ip:10.1.0.16
2022-06-16 16:21:34,807 [Listener at 127.0.0.1/33505] INFO  upgrade.AbstractLayoutVersionManager (AbstractLayoutVersionManager.java:init(82)) - Initializing Layout version manager with metadata layout = DATANODE_SCHEMA_V3 (version = 4), software layout = DATANODE_SCHEMA_V3 (version = 4)
2022-06-16 16:21:34,915 [Listener at 127.0.0.1/33505] INFO  reflections.Reflections (Reflections.java:scan(232)) - Reflections took 106 ms to scan 7 urls, producing 131 keys and 311 values 
2022-06-16 16:21:34,916 [Listener at 127.0.0.1/33505] INFO  statemachine.DatanodeStateMachine (DatanodeStateMachine.java:getEndPointTaskThreadPoolSize(233)) - Datanode State Machine Task Thread Pool size 2
2022-06-16 16:21:34,934 [Listener at 127.0.0.1/33505] INFO  volume.HddsVolume (HddsVolume.java:<init>(116)) - Creating HddsVolume: /home/runner/work/ozone/ozone/hadoop-ozone/integration-test/target/test-dir/MiniOzoneClusterImpl-41de4505-4fce-475e-a877-0dc0879048ec/datanode-0/data-0/containers/hdds of storage type : DISK capacity : 9223372036854775807
2022-06-16 16:21:34,935 [Listener at 127.0.0.1/33505] INFO  volume.MutableVolumeSet (MutableVolumeSet.java:initializeVolumeSet(174)) - Added Volume : /home/runner/work/ozone/ozone/hadoop-ozone/integration-test/target/test-dir/MiniOzoneClusterImpl-41de4505-4fce-475e-a877-0dc0879048ec/datanode-0/data-0/containers/hdds to VolumeSet
2022-06-16 16:21:34,935 [Listener at 127.0.0.1/33505] INFO  volume.ThrottledAsyncChecker (ThrottledAsyncChecker.java:schedule(141)) - Scheduling a check for /home/runner/work/ozone/ozone/hadoop-ozone/integration-test/target/test-dir/MiniOzoneClusterImpl-41de4505-4fce-475e-a877-0dc0879048ec/datanode-0/data-0/containers/hdds
2022-06-16 16:21:34,938 [Listener at 127.0.0.1/33505] INFO  volume.StorageVolumeChecker (StorageVolumeChecker.java:checkAllVolumes(202)) - Scheduled health check for volume /home/runner/work/ozone/ozone/hadoop-ozone/integration-test/target/test-dir/MiniOzoneClusterImpl-41de4505-4fce-475e-a877-0dc0879048ec/datanode-0/data-0/containers/hdds
2022-06-16 16:21:34,957 [Listener at 127.0.0.1/33505] INFO  volume.MutableVolumeSet (MutableVolumeSet.java:initializeVolumeSet(174)) - Added Volume : /home/runner/work/ozone/ozone/hadoop-ozone/integration-test/target/test-dir/MiniOzoneClusterImpl-41de4505-4fce-475e-a877-0dc0879048ec/datanode-0/data/ratis to VolumeSet
2022-06-16 16:21:34,957 [Listener at 127.0.0.1/33505] INFO  volume.ThrottledAsyncChecker (ThrottledAsyncChecker.java:schedule(141)) - Scheduling a check for /home/runner/work/ozone/ozone/hadoop-ozone/integration-test/target/test-dir/MiniOzoneClusterImpl-41de4505-4fce-475e-a877-0dc0879048ec/datanode-0/data/ratis
2022-06-16 16:21:34,966 [Listener at 127.0.0.1/33505] INFO  volume.StorageVolumeChecker (StorageVolumeChecker.java:checkAllVolumes(202)) - Scheduled health check for volume /home/runner/work/ozone/ozone/hadoop-ozone/integration-test/target/test-dir/MiniOzoneClusterImpl-41de4505-4fce-475e-a877-0dc0879048ec/datanode-0/data/ratis
2022-06-16 16:21:34,976 [Thread-1609] INFO  ozoneimpl.ContainerReader (ContainerReader.java:readVolume(172)) - Finish verifying containers on volume /home/runner/work/ozone/ozone/hadoop-ozone/integration-test/target/test-dir/MiniOzoneClusterImpl-41de4505-4fce-475e-a877-0dc0879048ec/datanode-0/data-0/containers/hdds
2022-06-16 16:21:34,976 [Listener at 127.0.0.1/33505] INFO  ozoneimpl.OzoneContainer (OzoneContainer.java:buildContainerSet(266)) - Build ContainerSet costs 0s
2022-06-16 16:21:34,978 [Listener at 127.0.0.1/33505] INFO  server.RaftServer (ConfUtils.java:logGet(46)) - raft.rpc.type = GRPC (default)
2022-06-16 16:21:34,978 [Listener at 127.0.0.1/33505] INFO  grpc.GrpcFactory (GrpcFactory.java:checkPooledByteBufAllocatorUseCacheForAllThreads(48)) - PERFORMANCE WARNING: useCacheForAllThreads is true that may cause Netty to create a lot garbage objects and, as a result, trigger GC.
	It is recommended to disable useCacheForAllThreads by setting -Dorg.apache.ratis.thirdparty.io.netty.allocator.useCacheForAllThreads=false in command line.
2022-06-16 16:21:34,978 [Listener at 127.0.0.1/33505] INFO  grpc.GrpcConfigKeys (ConfUtils.java:logGet(46)) - raft.grpc.admin.port = 0 (custom)
2022-06-16 16:21:34,978 [Listener at 127.0.0.1/33505] INFO  grpc.GrpcConfigKeys (ConfUtils.java:logGet(46)) - raft.grpc.client.port = 0 (custom)
2022-06-16 16:21:34,978 [Listener at 127.0.0.1/33505] INFO  grpc.GrpcConfigKeys (ConfUtils.java:logGet(46)) - raft.grpc.server.port = 0 (default)
2022-06-16 16:21:34,978 [Listener at 127.0.0.1/33505] INFO  server.GrpcService (ConfUtils.java:logGet(46)) - raft.grpc.message.size.max = 32MB (=33554432) (custom)
2022-06-16 16:21:34,979 [Listener at 127.0.0.1/33505] INFO  server.RaftServerConfigKeys (ConfUtils.java:logGet(46)) - raft.server.log.appender.buffer.byte-limit = 33554432 (custom)
2022-06-16 16:21:34,979 [Listener at 127.0.0.1/33505] INFO  server.GrpcService (ConfUtils.java:logGet(46)) - raft.grpc.flow.control.window = 5MB (=5242880) (custom)
2022-06-16 16:21:34,979 [Listener at 127.0.0.1/33505] INFO  server.RaftServerConfigKeys (ConfUtils.java:logGet(46)) - raft.server.rpc.request.timeout = 60s (custom)
2022-06-16 16:21:34,979 [Listener at 127.0.0.1/33505] INFO  grpc.GrpcConfigKeys (ConfUtils.java:logGet(46)) - raft.grpc.server.async.request.thread.pool.cached = true (default)
2022-06-16 16:21:34,979 [Listener at 127.0.0.1/33505] INFO  grpc.GrpcConfigKeys (ConfUtils.java:logGet(46)) - raft.grpc.server.async.request.thread.pool.size = 32 (default)
2022-06-16 16:21:34,980 [Listener at 127.0.0.1/33505] INFO  impl.DataStreamServerImpl (ConfUtils.java:logGet(46)) - raft.datastream.type = DISABLED (default)
2022-06-16 16:21:34,980 [Listener at 127.0.0.1/33505] INFO  server.RaftServerConfigKeys (ConfUtils.java:logGet(46)) - raft.server.threadpool.proxy.cached = true (default)
2022-06-16 16:21:34,980 [Listener at 127.0.0.1/33505] INFO  server.RaftServerConfigKeys (ConfUtils.java:logGet(46)) - raft.server.threadpool.proxy.size = 0 (default)
2022-06-16 16:21:34,980 [Listener at 127.0.0.1/33505] INFO  server.RaftServerConfigKeys (ConfUtils.java:logGet(46)) - raft.server.rpc.slowness.timeout = 300s (custom)
2022-06-16 16:21:34,980 [Listener at 127.0.0.1/33505] INFO  server.RaftServerConfigKeys (ConfUtils.java:logGet(46)) - raft.server.leaderelection.leader.step-down.wait-time = 10s (default)
2022-06-16 16:21:34,980 [Listener at 127.0.0.1/33505] INFO  server.RaftServerConfigKeys (ConfUtils.java:logGet(46)) - raft.server.storage.dir = [/home/runner/work/ozone/ozone/hadoop-ozone/integration-test/target/test-dir/MiniOzoneClusterImpl-41de4505-4fce-475e-a877-0dc0879048ec/datanode-0/data/ratis] (custom)
2022-06-16 16:21:34,991 [Listener at 127.0.0.1/33505] INFO  server.XceiverServerGrpc (XceiverServerGrpc.java:<init>(132)) - GrpcServer channel type EpollServerSocketChannel
2022-06-16 16:21:35,031 [Listener at 127.0.0.1/33505] INFO  http.BaseHttpServer (BaseHttpServer.java:newHttpServer2BuilderForOzone(209)) - Starting Web-server for hddsDatanode at: http://0.0.0.0:0
2022-06-16 16:21:35,032 [Listener at 127.0.0.1/33505] INFO  http.BaseHttpServer (BaseHttpServer.java:<init>(107)) - Hadoop Security Enabled: false Ozone Security Enabled: false Ozone HTTP Security Enabled: false 
2022-06-16 16:21:35,032 [Listener at 127.0.0.1/33505] INFO  server.AuthenticationFilter (AuthenticationFilter.java:constructSecretProvider(240)) - Unable to initialize FileSignerSecretProvider, falling back to use random secrets.
2022-06-16 16:21:35,062 [Listener at 127.0.0.1/33505] WARN  http.HttpRequestLog (HttpRequestLog.java:getRequestLog(103)) - Jetty request log can only be enabled using Log4j
2022-06-16 16:21:35,091 [Listener at 127.0.0.1/33505] INFO  http.HttpServer2 (HttpServer2.java:addGlobalFilter(1029)) - Added global filter 'safety' (class=org.apache.hadoop.hdds.server.http.HttpServer2$QuotingInputFilter)
2022-06-16 16:21:35,091 [Listener at 127.0.0.1/33505] INFO  http.HttpServer2 (HttpServer2.java:addFilter(1005)) - Added filter static_user_filter (class=org.apache.hadoop.http.lib.StaticUserWebFilter$StaticUserFilter) to context hddsDatanode
2022-06-16 16:21:35,091 [Listener at 127.0.0.1/33505] INFO  http.HttpServer2 (HttpServer2.java:addFilter(1013)) - Added filter static_user_filter (class=org.apache.hadoop.http.lib.StaticUserWebFilter$StaticUserFilter) to context logs
2022-06-16 16:21:35,091 [Listener at 127.0.0.1/33505] INFO  http.HttpServer2 (HttpServer2.java:addFilter(1013)) - Added filter static_user_filter (class=org.apache.hadoop.http.lib.StaticUserWebFilter$StaticUserFilter) to context static
2022-06-16 16:21:35,092 [Listener at 127.0.0.1/33505] INFO  http.HttpServer2 (HttpServer2.java:bindListener(1248)) - Jetty bound to port 43651
2022-06-16 16:21:35,092 [Listener at 127.0.0.1/33505] INFO  server.Server (Server.java:doStart(375)) - jetty-9.4.43.v20210629; built: 2021-06-30T11:07:22.254Z; git: 526006ecfa3af7f1a27ef3a288e2bef7ea9dd7e8; jvm 1.8.0_332-b09
2022-06-16 16:21:35,122 [Listener at 127.0.0.1/33505] INFO  server.session (DefaultSessionIdManager.java:doStart(334)) - DefaultSessionIdManager workerName=node0
2022-06-16 16:21:35,122 [Listener at 127.0.0.1/33505] INFO  server.session (DefaultSessionIdManager.java:doStart(339)) - No SessionScavenger set, using defaults
2022-06-16 16:21:35,122 [Listener at 127.0.0.1/33505] INFO  server.session (HouseKeeper.java:startScavenging(132)) - node0 Scavenging every 660000ms
2022-06-16 16:21:35,129 [Listener at 127.0.0.1/33505] INFO  handler.ContextHandler (ContextHandler.java:doStart(915)) - Started o.e.j.s.ServletContextHandler@7e5e61da{logs,/logs,file:///home/runner/work/ozone/ozone/hadoop-ozone/integration-test/target/log,AVAILABLE}
2022-06-16 16:21:35,129 [Listener at 127.0.0.1/33505] INFO  handler.ContextHandler (ContextHandler.java:doStart(915)) - Started o.e.j.s.ServletContextHandler@4cf71e62{static,/static,jar:file:/home/runner/.m2/repository/org/apache/ozone/hdds-container-service/1.3.0-SNAPSHOT/hdds-container-service-1.3.0-SNAPSHOT.jar!/webapps/static,AVAILABLE}
2022-06-16 16:21:35,169 [om1@group-C5BA1605619E-FollowerState] INFO  impl.FollowerState (FollowerState.java:run(143)) - om1@group-C5BA1605619E-FollowerState: change to CANDIDATE, lastRpcElapsedTime:1066824931ns, electionTimeout:1027ms
2022-06-16 16:21:35,169 [om1@group-C5BA1605619E-FollowerState] INFO  impl.RoleInfo (RoleInfo.java:shutdownFollowerState(110)) - om1: shutdown om1@group-C5BA1605619E-FollowerState
2022-06-16 16:21:35,169 [om1@group-C5BA1605619E-FollowerState] INFO  server.RaftServer$Division (RaftServerImpl.java:setRole(299)) - om1@group-C5BA1605619E: changes role from  FOLLOWER to CANDIDATE at term 0 for changeToCandidate
2022-06-16 16:21:35,169 [om1@group-C5BA1605619E-FollowerState] INFO  server.RaftServerConfigKeys (ConfUtils.java:logGet(46)) - raft.server.leaderelection.pre-vote = false (custom)
2022-06-16 16:21:35,169 [om1@group-C5BA1605619E-FollowerState] INFO  impl.RoleInfo (RoleInfo.java:updateAndGet(139)) - om1: start om1@group-C5BA1605619E-LeaderElection49
2022-06-16 16:21:35,268 [om1@group-C5BA1605619E-LeaderElection49] INFO  impl.LeaderElection (LeaderElection.java:askForVotes(310)) - om1@group-C5BA1605619E-LeaderElection49 ELECTION round 0: submit vote requests at term 1 for -1: [om1|rpc:localhost:9872|priority:0], old=null
2022-06-16 16:21:35,268 [om1@group-C5BA1605619E-LeaderElection49] INFO  impl.LeaderElection (LeaderElection.java:askForVotes(312)) - om1@group-C5BA1605619E-LeaderElection49 ELECTION round 0: result PASSED (term=1)
2022-06-16 16:21:35,268 [om1@group-C5BA1605619E-LeaderElection49] INFO  impl.RoleInfo (RoleInfo.java:shutdownLeaderElection(130)) - om1: shutdown om1@group-C5BA1605619E-LeaderElection49
2022-06-16 16:21:35,268 [om1@group-C5BA1605619E-LeaderElection49] INFO  server.RaftServer$Division (RaftServerImpl.java:setRole(299)) - om1@group-C5BA1605619E: changes role from CANDIDATE to LEADER at term 1 for changeToLeader
2022-06-16 16:21:35,268 [om1@group-C5BA1605619E-LeaderElection49] INFO  server.RaftServer$Division (ServerState.java:setLeader(287)) - om1@group-C5BA1605619E: change Leader from null to om1 at term 1 for becomeLeader, leader elected after 3337ms
2022-06-16 16:21:35,268 [om1@group-C5BA1605619E-LeaderElection49] INFO  server.RaftServerConfigKeys (ConfUtils.java:logGet(46)) - raft.server.staging.catchup.gap = 1000 (default)
2022-06-16 16:21:35,268 [om1@group-C5BA1605619E-LeaderElection49] INFO  server.RaftServerConfigKeys (ConfUtils.java:logGet(46)) - raft.server.write.element-limit = 4096 (default)
2022-06-16 16:21:35,268 [om1@group-C5BA1605619E-LeaderElection49] INFO  server.RaftServerConfigKeys (ConfUtils.java:logGet(46)) - raft.server.write.byte-limit = 64MB (=67108864) (default)
2022-06-16 16:21:35,268 [om1@group-C5BA1605619E-LeaderElection49] INFO  server.RaftServerConfigKeys (ConfUtils.java:logGet(46)) - raft.server.watch.timeout = 10s (default)
2022-06-16 16:21:35,268 [om1@group-C5BA1605619E-LeaderElection49] INFO  server.RaftServerConfigKeys (ConfUtils.java:logGet(46)) - raft.server.watch.timeout.denomination = 1s (default)
2022-06-16 16:21:35,268 [om1@group-C5BA1605619E-LeaderElection49] INFO  server.RaftServerConfigKeys (ConfUtils.java:logGet(46)) - raft.server.watch.element-limit = 65536 (default)
2022-06-16 16:21:35,269 [om1@group-C5BA1605619E-LeaderElection49] INFO  server.RaftServerConfigKeys (ConfUtils.java:logGet(46)) - raft.server.write.element-limit = 4096 (default)
2022-06-16 16:21:35,269 [om1@group-C5BA1605619E-LeaderElection49] INFO  server.RaftServerConfigKeys (ConfUtils.java:logGet(46)) - raft.server.write.follower.gap.ratio.max = -1.0 (default)
2022-06-16 16:21:35,269 [om1@group-C5BA1605619E-LeaderElection49] INFO  impl.RoleInfo (RoleInfo.java:updateAndGet(139)) - om1: start om1@group-C5BA1605619E-LeaderStateImpl
2022-06-16 16:21:35,269 [om1@group-C5BA1605619E-LeaderElection49] INFO  segmented.SegmentedRaftLogWorker (SegmentedRaftLogWorker.java:startLogSegment(425)) - om1@group-C5BA1605619E-SegmentedRaftLogWorker: Starting segment from index:0
2022-06-16 16:21:35,277 [om1@group-C5BA1605619E-SegmentedRaftLogWorker] INFO  segmented.SegmentedRaftLogWorker (SegmentedRaftLogWorker.java:execute(629)) - om1@group-C5BA1605619E-SegmentedRaftLogWorker: created new log segment /home/runner/work/ozone/ozone/hadoop-ozone/integration-test/target/test-dir/MiniOzoneClusterImpl-41de4505-4fce-475e-a877-0dc0879048ec/ozone-meta/ratis/bf265839-605b-3f16-9796-c5ba1605619e/current/log_inprogress_0
2022-06-16 16:21:35,322 [om1@group-C5BA1605619E-LeaderElection49] INFO  server.RaftServer$Division (ServerState.java:setRaftConf(393)) - om1@group-C5BA1605619E: set configuration 0: [om1|rpc:localhost:9872|admin:|client:|dataStream:|priority:0], old=null
2022-06-16 16:21:35,342 [om1@group-C5BA1605619E-StateMachineUpdater] INFO  ratis.OzoneManagerStateMachine (OzoneManagerStateMachine.java:notifyConfigurationChanged(192)) - Received Configuration change notification from Ratis. New Peer list:
[id: "om1"
address: "localhost:9872"
]
2022-06-16 16:21:35,715 [Listener at 127.0.0.1/33505] INFO  handler.ContextHandler (ContextHandler.java:doStart(915)) - Started o.e.j.w.WebAppContext@e8e5cfe{hddsDatanode,/,file:///tmp/jetty-0_0_0_0-43651-hdds-container-service-1_3_0-SNAPSHOT_jar-_-any-2351339222282433292/webapp/,AVAILABLE}{jar:file:/home/runner/.m2/repository/org/apache/ozone/hdds-container-service/1.3.0-SNAPSHOT/hdds-container-service-1.3.0-SNAPSHOT.jar!/webapps/hddsDatanode}
2022-06-16 16:21:35,752 [Listener at 127.0.0.1/33505] INFO  server.AbstractConnector (AbstractConnector.java:doStart(331)) - Started ServerConnector@323e5db4{HTTP/1.1, (http/1.1)}{0.0.0.0:43651}
2022-06-16 16:21:35,752 [Listener at 127.0.0.1/33505] INFO  server.Server (Server.java:doStart(415)) - Started @218388ms
2022-06-16 16:21:35,753 [Listener at 127.0.0.1/33505] WARN  impl.MetricsSystemImpl (MetricsSystemImpl.java:register(279)) - Sink prometheus already exists!
2022-06-16 16:21:35,754 [Listener at 127.0.0.1/33505] INFO  http.BaseHttpServer (BaseHttpServer.java:updateConnectorAddress(329)) - HTTP server of hddsDatanode listening at http://0.0.0.0:43651
2022-06-16 16:21:35,762 [Listener at 127.0.0.1/33505] WARN  impl.MetricRegistriesImpl (MetricRegistriesImpl.java:addReporterRegistration(111)) - New reporters are added after registries were created. Some metrics will be missing from the reporter. Please add reporter before adding any new registry.
2022-06-16 16:21:35,762 [Listener at 127.0.0.1/33505] WARN  impl.MetricRegistriesImpl (MetricRegistriesImpl.java:addReporterRegistration(111)) - New reporters are added after registries were created. Some metrics will be missing from the reporter. Please add reporter before adding any new registry.
2022-06-16 16:21:35,762 [Listener at 127.0.0.1/33505] INFO  impl.MetricsSystemImpl (MetricsSystemImpl.java:init(158)) - HddsDatanode metrics system started (again)
2022-06-16 16:21:35,786 [Datanode State Machine Daemon Thread] INFO  statemachine.DatanodeStateMachine (DatanodeStateMachine.java:lambda$startDaemon$0(484)) - Ozone container server started.
2022-06-16 16:21:35,806 [org.apache.hadoop.util.JvmPauseMonitor$Monitor@7883cbbd] INFO  util.JvmPauseMonitor (JvmPauseMonitor.java:run(188)) - Starting JVM pause monitor
2022-06-16 16:21:35,833 [Listener at 127.0.0.1/33505] INFO  ozone.HddsDatanodeService (HddsDatanodeService.java:start(236)) - HddsDatanodeService host:fv-az37-268.zqe2tmcsx5vuvjs3sdc4q2yfud.gx.internal.cloudapp.net ip:10.1.0.16
2022-06-16 16:21:35,837 [Datanode State Machine Task Thread - 0] INFO  datanode.InitDatanodeState (InitDatanodeState.java:persistContainerDatanodeDetails(138)) - DatanodeDetails is persisted to /home/runner/work/ozone/ozone/hadoop-ozone/integration-test/target/test-dir/MiniOzoneClusterImpl-41de4505-4fce-475e-a877-0dc0879048ec/datanode-0/meta/datanode.id
2022-06-16 16:21:35,894 [Listener at 127.0.0.1/33505] INFO  upgrade.AbstractLayoutVersionManager (AbstractLayoutVersionManager.java:init(82)) - Initializing Layout version manager with metadata layout = DATANODE_SCHEMA_V3 (version = 4), software layout = DATANODE_SCHEMA_V3 (version = 4)
2022-06-16 16:21:36,185 [Listener at 127.0.0.1/33505] INFO  reflections.Reflections (Reflections.java:scan(232)) - Reflections took 291 ms to scan 7 urls, producing 131 keys and 311 values 
2022-06-16 16:21:36,186 [Listener at 127.0.0.1/33505] INFO  statemachine.DatanodeStateMachine (DatanodeStateMachine.java:getEndPointTaskThreadPoolSize(233)) - Datanode State Machine Task Thread Pool size 2
2022-06-16 16:21:36,219 [Listener at 127.0.0.1/33505] INFO  volume.HddsVolume (HddsVolume.java:<init>(116)) - Creating HddsVolume: /home/runner/work/ozone/ozone/hadoop-ozone/integration-test/target/test-dir/MiniOzoneClusterImpl-41de4505-4fce-475e-a877-0dc0879048ec/datanode-1/data-0/containers/hdds of storage type : DISK capacity : 9223372036854775807
2022-06-16 16:21:36,219 [Listener at 127.0.0.1/33505] INFO  volume.MutableVolumeSet (MutableVolumeSet.java:initializeVolumeSet(174)) - Added Volume : /home/runner/work/ozone/ozone/hadoop-ozone/integration-test/target/test-dir/MiniOzoneClusterImpl-41de4505-4fce-475e-a877-0dc0879048ec/datanode-1/data-0/containers/hdds to VolumeSet
2022-06-16 16:21:36,219 [Listener at 127.0.0.1/33505] INFO  volume.ThrottledAsyncChecker (ThrottledAsyncChecker.java:schedule(141)) - Scheduling a check for /home/runner/work/ozone/ozone/hadoop-ozone/integration-test/target/test-dir/MiniOzoneClusterImpl-41de4505-4fce-475e-a877-0dc0879048ec/datanode-1/data-0/containers/hdds
2022-06-16 16:21:36,254 [Listener at 127.0.0.1/33505] INFO  volume.StorageVolumeChecker (StorageVolumeChecker.java:checkAllVolumes(202)) - Scheduled health check for volume /home/runner/work/ozone/ozone/hadoop-ozone/integration-test/target/test-dir/MiniOzoneClusterImpl-41de4505-4fce-475e-a877-0dc0879048ec/datanode-1/data-0/containers/hdds
2022-06-16 16:21:36,275 [Listener at 127.0.0.1/33505] INFO  volume.MutableVolumeSet (MutableVolumeSet.java:initializeVolumeSet(174)) - Added Volume : /home/runner/work/ozone/ozone/hadoop-ozone/integration-test/target/test-dir/MiniOzoneClusterImpl-41de4505-4fce-475e-a877-0dc0879048ec/datanode-1/data/ratis to VolumeSet
2022-06-16 16:21:36,276 [Listener at 127.0.0.1/33505] INFO  volume.ThrottledAsyncChecker (ThrottledAsyncChecker.java:schedule(141)) - Scheduling a check for /home/runner/work/ozone/ozone/hadoop-ozone/integration-test/target/test-dir/MiniOzoneClusterImpl-41de4505-4fce-475e-a877-0dc0879048ec/datanode-1/data/ratis
2022-06-16 16:21:36,306 [Listener at 127.0.0.1/33505] INFO  volume.StorageVolumeChecker (StorageVolumeChecker.java:checkAllVolumes(202)) - Scheduled health check for volume /home/runner/work/ozone/ozone/hadoop-ozone/integration-test/target/test-dir/MiniOzoneClusterImpl-41de4505-4fce-475e-a877-0dc0879048ec/datanode-1/data/ratis
2022-06-16 16:21:36,378 [Thread-1624] INFO  ozoneimpl.ContainerReader (ContainerReader.java:readVolume(172)) - Finish verifying containers on volume /home/runner/work/ozone/ozone/hadoop-ozone/integration-test/target/test-dir/MiniOzoneClusterImpl-41de4505-4fce-475e-a877-0dc0879048ec/datanode-1/data-0/containers/hdds
2022-06-16 16:21:36,378 [Listener at 127.0.0.1/33505] INFO  ozoneimpl.OzoneContainer (OzoneContainer.java:buildContainerSet(266)) - Build ContainerSet costs 0s
2022-06-16 16:21:36,380 [Listener at 127.0.0.1/33505] INFO  server.RaftServer (ConfUtils.java:logGet(46)) - raft.rpc.type = GRPC (default)
2022-06-16 16:21:36,380 [Listener at 127.0.0.1/33505] INFO  grpc.GrpcFactory (GrpcFactory.java:checkPooledByteBufAllocatorUseCacheForAllThreads(48)) - PERFORMANCE WARNING: useCacheForAllThreads is true that may cause Netty to create a lot garbage objects and, as a result, trigger GC.
	It is recommended to disable useCacheForAllThreads by setting -Dorg.apache.ratis.thirdparty.io.netty.allocator.useCacheForAllThreads=false in command line.
2022-06-16 16:21:36,380 [Listener at 127.0.0.1/33505] INFO  grpc.GrpcConfigKeys (ConfUtils.java:logGet(46)) - raft.grpc.admin.port = 0 (custom)
2022-06-16 16:21:36,380 [Listener at 127.0.0.1/33505] INFO  grpc.GrpcConfigKeys (ConfUtils.java:logGet(46)) - raft.grpc.client.port = 0 (custom)
2022-06-16 16:21:36,380 [Listener at 127.0.0.1/33505] INFO  grpc.GrpcConfigKeys (ConfUtils.java:logGet(46)) - raft.grpc.server.port = 0 (default)
2022-06-16 16:21:36,380 [Listener at 127.0.0.1/33505] INFO  server.GrpcService (ConfUtils.java:logGet(46)) - raft.grpc.message.size.max = 32MB (=33554432) (custom)
2022-06-16 16:21:36,380 [Listener at 127.0.0.1/33505] INFO  server.RaftServerConfigKeys (ConfUtils.java:logGet(46)) - raft.server.log.appender.buffer.byte-limit = 33554432 (custom)
2022-06-16 16:21:36,380 [Listener at 127.0.0.1/33505] INFO  server.GrpcService (ConfUtils.java:logGet(46)) - raft.grpc.flow.control.window = 5MB (=5242880) (custom)
2022-06-16 16:21:36,380 [Listener at 127.0.0.1/33505] INFO  server.RaftServerConfigKeys (ConfUtils.java:logGet(46)) - raft.server.rpc.request.timeout = 60s (custom)
2022-06-16 16:21:36,381 [Listener at 127.0.0.1/33505] INFO  grpc.GrpcConfigKeys (ConfUtils.java:logGet(46)) - raft.grpc.server.async.request.thread.pool.cached = true (default)
2022-06-16 16:21:36,381 [Listener at 127.0.0.1/33505] INFO  grpc.GrpcConfigKeys (ConfUtils.java:logGet(46)) - raft.grpc.server.async.request.thread.pool.size = 32 (default)
2022-06-16 16:21:36,382 [Listener at 127.0.0.1/33505] INFO  impl.DataStreamServerImpl (ConfUtils.java:logGet(46)) - raft.datastream.type = DISABLED (default)
2022-06-16 16:21:36,382 [Listener at 127.0.0.1/33505] INFO  server.RaftServerConfigKeys (ConfUtils.java:logGet(46)) - raft.server.threadpool.proxy.cached = true (default)
2022-06-16 16:21:36,382 [Listener at 127.0.0.1/33505] INFO  server.RaftServerConfigKeys (ConfUtils.java:logGet(46)) - raft.server.threadpool.proxy.size = 0 (default)
2022-06-16 16:21:36,383 [Listener at 127.0.0.1/33505] INFO  server.RaftServerConfigKeys (ConfUtils.java:logGet(46)) - raft.server.rpc.slowness.timeout = 300s (custom)
2022-06-16 16:21:36,383 [Listener at 127.0.0.1/33505] INFO  server.RaftServerConfigKeys (ConfUtils.java:logGet(46)) - raft.server.leaderelection.leader.step-down.wait-time = 10s (default)
2022-06-16 16:21:36,383 [Listener at 127.0.0.1/33505] INFO  server.RaftServerConfigKeys (ConfUtils.java:logGet(46)) - raft.server.storage.dir = [/home/runner/work/ozone/ozone/hadoop-ozone/integration-test/target/test-dir/MiniOzoneClusterImpl-41de4505-4fce-475e-a877-0dc0879048ec/datanode-1/data/ratis] (custom)
2022-06-16 16:21:36,411 [Listener at 127.0.0.1/33505] INFO  server.XceiverServerGrpc (XceiverServerGrpc.java:<init>(132)) - GrpcServer channel type EpollServerSocketChannel
2022-06-16 16:21:36,443 [Listener at 127.0.0.1/33505] INFO  http.BaseHttpServer (BaseHttpServer.java:newHttpServer2BuilderForOzone(209)) - Starting Web-server for hddsDatanode at: http://0.0.0.0:0
2022-06-16 16:21:36,443 [Listener at 127.0.0.1/33505] INFO  http.BaseHttpServer (BaseHttpServer.java:<init>(107)) - Hadoop Security Enabled: false Ozone Security Enabled: false Ozone HTTP Security Enabled: false 
2022-06-16 16:21:36,444 [Listener at 127.0.0.1/33505] INFO  server.AuthenticationFilter (AuthenticationFilter.java:constructSecretProvider(240)) - Unable to initialize FileSignerSecretProvider, falling back to use random secrets.
2022-06-16 16:21:36,456 [Listener at 127.0.0.1/33505] WARN  http.HttpRequestLog (HttpRequestLog.java:getRequestLog(103)) - Jetty request log can only be enabled using Log4j
2022-06-16 16:21:36,457 [Listener at 127.0.0.1/33505] INFO  http.HttpServer2 (HttpServer2.java:addGlobalFilter(1029)) - Added global filter 'safety' (class=org.apache.hadoop.hdds.server.http.HttpServer2$QuotingInputFilter)
2022-06-16 16:21:36,458 [Listener at 127.0.0.1/33505] INFO  http.HttpServer2 (HttpServer2.java:addFilter(1005)) - Added filter static_user_filter (class=org.apache.hadoop.http.lib.StaticUserWebFilter$StaticUserFilter) to context hddsDatanode
2022-06-16 16:21:36,458 [Listener at 127.0.0.1/33505] INFO  http.HttpServer2 (HttpServer2.java:addFilter(1013)) - Added filter static_user_filter (class=org.apache.hadoop.http.lib.StaticUserWebFilter$StaticUserFilter) to context logs
2022-06-16 16:21:36,458 [Listener at 127.0.0.1/33505] INFO  http.HttpServer2 (HttpServer2.java:addFilter(1013)) - Added filter static_user_filter (class=org.apache.hadoop.http.lib.StaticUserWebFilter$StaticUserFilter) to context static
2022-06-16 16:21:36,458 [Listener at 127.0.0.1/33505] INFO  http.HttpServer2 (HttpServer2.java:bindListener(1248)) - Jetty bound to port 34907
2022-06-16 16:21:36,458 [Listener at 127.0.0.1/33505] INFO  server.Server (Server.java:doStart(375)) - jetty-9.4.43.v20210629; built: 2021-06-30T11:07:22.254Z; git: 526006ecfa3af7f1a27ef3a288e2bef7ea9dd7e8; jvm 1.8.0_332-b09
2022-06-16 16:21:36,473 [Listener at 127.0.0.1/33505] INFO  server.session (DefaultSessionIdManager.java:doStart(334)) - DefaultSessionIdManager workerName=node0
2022-06-16 16:21:36,473 [Listener at 127.0.0.1/33505] INFO  server.session (DefaultSessionIdManager.java:doStart(339)) - No SessionScavenger set, using defaults
2022-06-16 16:21:36,473 [Listener at 127.0.0.1/33505] INFO  server.session (HouseKeeper.java:startScavenging(132)) - node0 Scavenging every 600000ms
2022-06-16 16:21:36,473 [Listener at 127.0.0.1/33505] INFO  handler.ContextHandler (ContextHandler.java:doStart(915)) - Started o.e.j.s.ServletContextHandler@6fa9ed21{logs,/logs,file:///home/runner/work/ozone/ozone/hadoop-ozone/integration-test/target/log,AVAILABLE}
2022-06-16 16:21:36,474 [Listener at 127.0.0.1/33505] INFO  handler.ContextHandler (ContextHandler.java:doStart(915)) - Started o.e.j.s.ServletContextHandler@7b3ebc30{static,/static,jar:file:/home/runner/.m2/repository/org/apache/ozone/hdds-container-service/1.3.0-SNAPSHOT/hdds-container-service-1.3.0-SNAPSHOT.jar!/webapps/static,AVAILABLE}
2022-06-16 16:21:37,318 [Listener at 127.0.0.1/33505] INFO  handler.ContextHandler (ContextHandler.java:doStart(915)) - Started o.e.j.w.WebAppContext@4eeae57d{hddsDatanode,/,file:///tmp/jetty-0_0_0_0-34907-hdds-container-service-1_3_0-SNAPSHOT_jar-_-any-5772924685057621650/webapp/,AVAILABLE}{jar:file:/home/runner/.m2/repository/org/apache/ozone/hdds-container-service/1.3.0-SNAPSHOT/hdds-container-service-1.3.0-SNAPSHOT.jar!/webapps/hddsDatanode}
2022-06-16 16:21:37,338 [Listener at 127.0.0.1/33505] INFO  server.AbstractConnector (AbstractConnector.java:doStart(331)) - Started ServerConnector@7bdaec1d{HTTP/1.1, (http/1.1)}{0.0.0.0:34907}
2022-06-16 16:21:37,338 [Listener at 127.0.0.1/33505] INFO  server.Server (Server.java:doStart(415)) - Started @219974ms
2022-06-16 16:21:37,338 [Listener at 127.0.0.1/33505] WARN  impl.MetricsSystemImpl (MetricsSystemImpl.java:register(279)) - Sink prometheus already exists!
2022-06-16 16:21:37,339 [Listener at 127.0.0.1/33505] INFO  http.BaseHttpServer (BaseHttpServer.java:updateConnectorAddress(329)) - HTTP server of hddsDatanode listening at http://0.0.0.0:34907
2022-06-16 16:21:37,344 [Listener at 127.0.0.1/33505] WARN  impl.MetricRegistriesImpl (MetricRegistriesImpl.java:addReporterRegistration(111)) - New reporters are added after registries were created. Some metrics will be missing from the reporter. Please add reporter before adding any new registry.
2022-06-16 16:21:37,344 [Listener at 127.0.0.1/33505] WARN  impl.MetricRegistriesImpl (MetricRegistriesImpl.java:addReporterRegistration(111)) - New reporters are added after registries were created. Some metrics will be missing from the reporter. Please add reporter before adding any new registry.
2022-06-16 16:21:37,344 [Listener at 127.0.0.1/33505] INFO  impl.MetricsSystemImpl (MetricsSystemImpl.java:init(158)) - HddsDatanode metrics system started (again)
2022-06-16 16:21:37,370 [Datanode State Machine Daemon Thread] INFO  statemachine.DatanodeStateMachine (DatanodeStateMachine.java:lambda$startDaemon$0(484)) - Ozone container server started.
2022-06-16 16:21:37,451 [Listener at 127.0.0.1/33505] INFO  ozone.HddsDatanodeService (HddsDatanodeService.java:start(236)) - HddsDatanodeService host:fv-az37-268.zqe2tmcsx5vuvjs3sdc4q2yfud.gx.internal.cloudapp.net ip:10.1.0.16
2022-06-16 16:21:37,473 [org.apache.hadoop.util.JvmPauseMonitor$Monitor@5c0c3b3d] INFO  util.JvmPauseMonitor (JvmPauseMonitor.java:run(188)) - Starting JVM pause monitor
2022-06-16 16:21:37,505 [Datanode State Machine Task Thread - 0] INFO  datanode.InitDatanodeState (InitDatanodeState.java:persistContainerDatanodeDetails(138)) - DatanodeDetails is persisted to /home/runner/work/ozone/ozone/hadoop-ozone/integration-test/target/test-dir/MiniOzoneClusterImpl-41de4505-4fce-475e-a877-0dc0879048ec/datanode-1/meta/datanode.id
2022-06-16 16:21:37,511 [Listener at 127.0.0.1/33505] INFO  upgrade.AbstractLayoutVersionManager (AbstractLayoutVersionManager.java:init(82)) - Initializing Layout version manager with metadata layout = DATANODE_SCHEMA_V3 (version = 4), software layout = DATANODE_SCHEMA_V3 (version = 4)
2022-06-16 16:21:37,654 [Listener at 127.0.0.1/33505] INFO  reflections.Reflections (Reflections.java:scan(232)) - Reflections took 142 ms to scan 7 urls, producing 131 keys and 311 values 
2022-06-16 16:21:37,658 [Listener at 127.0.0.1/33505] INFO  statemachine.DatanodeStateMachine (DatanodeStateMachine.java:getEndPointTaskThreadPoolSize(233)) - Datanode State Machine Task Thread Pool size 2
2022-06-16 16:21:37,659 [Listener at 127.0.0.1/33505] INFO  volume.HddsVolume (HddsVolume.java:<init>(116)) - Creating HddsVolume: /home/runner/work/ozone/ozone/hadoop-ozone/integration-test/target/test-dir/MiniOzoneClusterImpl-41de4505-4fce-475e-a877-0dc0879048ec/datanode-2/data-0/containers/hdds of storage type : DISK capacity : 9223372036854775807
2022-06-16 16:21:37,660 [Listener at 127.0.0.1/33505] INFO  volume.MutableVolumeSet (MutableVolumeSet.java:initializeVolumeSet(174)) - Added Volume : /home/runner/work/ozone/ozone/hadoop-ozone/integration-test/target/test-dir/MiniOzoneClusterImpl-41de4505-4fce-475e-a877-0dc0879048ec/datanode-2/data-0/containers/hdds to VolumeSet
2022-06-16 16:21:37,660 [Listener at 127.0.0.1/33505] INFO  volume.ThrottledAsyncChecker (ThrottledAsyncChecker.java:schedule(141)) - Scheduling a check for /home/runner/work/ozone/ozone/hadoop-ozone/integration-test/target/test-dir/MiniOzoneClusterImpl-41de4505-4fce-475e-a877-0dc0879048ec/datanode-2/data-0/containers/hdds
2022-06-16 16:21:37,660 [Listener at 127.0.0.1/33505] INFO  volume.StorageVolumeChecker (StorageVolumeChecker.java:checkAllVolumes(202)) - Scheduled health check for volume /home/runner/work/ozone/ozone/hadoop-ozone/integration-test/target/test-dir/MiniOzoneClusterImpl-41de4505-4fce-475e-a877-0dc0879048ec/datanode-2/data-0/containers/hdds
2022-06-16 16:21:37,730 [Listener at 127.0.0.1/33505] INFO  volume.MutableVolumeSet (MutableVolumeSet.java:initializeVolumeSet(174)) - Added Volume : /home/runner/work/ozone/ozone/hadoop-ozone/integration-test/target/test-dir/MiniOzoneClusterImpl-41de4505-4fce-475e-a877-0dc0879048ec/datanode-2/data/ratis to VolumeSet
2022-06-16 16:21:37,730 [Listener at 127.0.0.1/33505] INFO  volume.ThrottledAsyncChecker (ThrottledAsyncChecker.java:schedule(141)) - Scheduling a check for /home/runner/work/ozone/ozone/hadoop-ozone/integration-test/target/test-dir/MiniOzoneClusterImpl-41de4505-4fce-475e-a877-0dc0879048ec/datanode-2/data/ratis
2022-06-16 16:21:37,730 [Listener at 127.0.0.1/33505] INFO  volume.StorageVolumeChecker (StorageVolumeChecker.java:checkAllVolumes(202)) - Scheduled health check for volume /home/runner/work/ozone/ozone/hadoop-ozone/integration-test/target/test-dir/MiniOzoneClusterImpl-41de4505-4fce-475e-a877-0dc0879048ec/datanode-2/data/ratis
2022-06-16 16:21:37,784 [Thread-1637] INFO  ozoneimpl.ContainerReader (ContainerReader.java:readVolume(172)) - Finish verifying containers on volume /home/runner/work/ozone/ozone/hadoop-ozone/integration-test/target/test-dir/MiniOzoneClusterImpl-41de4505-4fce-475e-a877-0dc0879048ec/datanode-2/data-0/containers/hdds
2022-06-16 16:21:37,784 [Listener at 127.0.0.1/33505] INFO  ozoneimpl.OzoneContainer (OzoneContainer.java:buildContainerSet(266)) - Build ContainerSet costs 0s
2022-06-16 16:21:37,787 [Listener at 127.0.0.1/33505] INFO  server.RaftServer (ConfUtils.java:logGet(46)) - raft.rpc.type = GRPC (default)
2022-06-16 16:21:37,787 [Listener at 127.0.0.1/33505] INFO  grpc.GrpcFactory (GrpcFactory.java:checkPooledByteBufAllocatorUseCacheForAllThreads(48)) - PERFORMANCE WARNING: useCacheForAllThreads is true that may cause Netty to create a lot garbage objects and, as a result, trigger GC.
	It is recommended to disable useCacheForAllThreads by setting -Dorg.apache.ratis.thirdparty.io.netty.allocator.useCacheForAllThreads=false in command line.
2022-06-16 16:21:37,787 [Listener at 127.0.0.1/33505] INFO  grpc.GrpcConfigKeys (ConfUtils.java:logGet(46)) - raft.grpc.admin.port = 0 (custom)
2022-06-16 16:21:37,787 [Listener at 127.0.0.1/33505] INFO  grpc.GrpcConfigKeys (ConfUtils.java:logGet(46)) - raft.grpc.client.port = 0 (custom)
2022-06-16 16:21:37,787 [Listener at 127.0.0.1/33505] INFO  grpc.GrpcConfigKeys (ConfUtils.java:logGet(46)) - raft.grpc.server.port = 0 (default)
2022-06-16 16:21:37,787 [Listener at 127.0.0.1/33505] INFO  server.GrpcService (ConfUtils.java:logGet(46)) - raft.grpc.message.size.max = 32MB (=33554432) (custom)
2022-06-16 16:21:37,788 [Listener at 127.0.0.1/33505] INFO  server.RaftServerConfigKeys (ConfUtils.java:logGet(46)) - raft.server.log.appender.buffer.byte-limit = 33554432 (custom)
2022-06-16 16:21:37,788 [Listener at 127.0.0.1/33505] INFO  server.GrpcService (ConfUtils.java:logGet(46)) - raft.grpc.flow.control.window = 5MB (=5242880) (custom)
2022-06-16 16:21:37,788 [Listener at 127.0.0.1/33505] INFO  server.RaftServerConfigKeys (ConfUtils.java:logGet(46)) - raft.server.rpc.request.timeout = 60s (custom)
2022-06-16 16:21:37,788 [Listener at 127.0.0.1/33505] INFO  grpc.GrpcConfigKeys (ConfUtils.java:logGet(46)) - raft.grpc.server.async.request.thread.pool.cached = true (default)
2022-06-16 16:21:37,788 [Listener at 127.0.0.1/33505] INFO  grpc.GrpcConfigKeys (ConfUtils.java:logGet(46)) - raft.grpc.server.async.request.thread.pool.size = 32 (default)
2022-06-16 16:21:37,789 [Listener at 127.0.0.1/33505] INFO  impl.DataStreamServerImpl (ConfUtils.java:logGet(46)) - raft.datastream.type = DISABLED (default)
2022-06-16 16:21:37,789 [Listener at 127.0.0.1/33505] INFO  server.RaftServerConfigKeys (ConfUtils.java:logGet(46)) - raft.server.threadpool.proxy.cached = true (default)
2022-06-16 16:21:37,789 [Listener at 127.0.0.1/33505] INFO  server.RaftServerConfigKeys (ConfUtils.java:logGet(46)) - raft.server.threadpool.proxy.size = 0 (default)
2022-06-16 16:21:37,789 [Listener at 127.0.0.1/33505] INFO  server.RaftServerConfigKeys (ConfUtils.java:logGet(46)) - raft.server.rpc.slowness.timeout = 300s (custom)
2022-06-16 16:21:37,789 [Listener at 127.0.0.1/33505] INFO  server.RaftServerConfigKeys (ConfUtils.java:logGet(46)) - raft.server.leaderelection.leader.step-down.wait-time = 10s (default)
2022-06-16 16:21:37,789 [Listener at 127.0.0.1/33505] INFO  server.RaftServerConfigKeys (ConfUtils.java:logGet(46)) - raft.server.storage.dir = [/home/runner/work/ozone/ozone/hadoop-ozone/integration-test/target/test-dir/MiniOzoneClusterImpl-41de4505-4fce-475e-a877-0dc0879048ec/datanode-2/data/ratis] (custom)
2022-06-16 16:21:37,799 [Listener at 127.0.0.1/33505] INFO  server.XceiverServerGrpc (XceiverServerGrpc.java:<init>(132)) - GrpcServer channel type EpollServerSocketChannel
2022-06-16 16:21:37,827 [Listener at 127.0.0.1/33505] INFO  http.BaseHttpServer (BaseHttpServer.java:newHttpServer2BuilderForOzone(209)) - Starting Web-server for hddsDatanode at: http://0.0.0.0:0
2022-06-16 16:21:37,827 [Listener at 127.0.0.1/33505] INFO  http.BaseHttpServer (BaseHttpServer.java:<init>(107)) - Hadoop Security Enabled: false Ozone Security Enabled: false Ozone HTTP Security Enabled: false 
2022-06-16 16:21:37,828 [Listener at 127.0.0.1/33505] INFO  server.AuthenticationFilter (AuthenticationFilter.java:constructSecretProvider(240)) - Unable to initialize FileSignerSecretProvider, falling back to use random secrets.
2022-06-16 16:21:37,910 [Listener at 127.0.0.1/33505] WARN  http.HttpRequestLog (HttpRequestLog.java:getRequestLog(103)) - Jetty request log can only be enabled using Log4j
2022-06-16 16:21:37,911 [Listener at 127.0.0.1/33505] INFO  http.HttpServer2 (HttpServer2.java:addGlobalFilter(1029)) - Added global filter 'safety' (class=org.apache.hadoop.hdds.server.http.HttpServer2$QuotingInputFilter)
2022-06-16 16:21:37,912 [Listener at 127.0.0.1/33505] INFO  http.HttpServer2 (HttpServer2.java:addFilter(1005)) - Added filter static_user_filter (class=org.apache.hadoop.http.lib.StaticUserWebFilter$StaticUserFilter) to context hddsDatanode
2022-06-16 16:21:37,912 [Listener at 127.0.0.1/33505] INFO  http.HttpServer2 (HttpServer2.java:addFilter(1013)) - Added filter static_user_filter (class=org.apache.hadoop.http.lib.StaticUserWebFilter$StaticUserFilter) to context static
2022-06-16 16:21:37,912 [Listener at 127.0.0.1/33505] INFO  http.HttpServer2 (HttpServer2.java:addFilter(1013)) - Added filter static_user_filter (class=org.apache.hadoop.http.lib.StaticUserWebFilter$StaticUserFilter) to context logs
2022-06-16 16:21:37,915 [Listener at 127.0.0.1/33505] INFO  http.HttpServer2 (HttpServer2.java:bindListener(1248)) - Jetty bound to port 43525
2022-06-16 16:21:37,916 [Listener at 127.0.0.1/33505] INFO  server.Server (Server.java:doStart(375)) - jetty-9.4.43.v20210629; built: 2021-06-30T11:07:22.254Z; git: 526006ecfa3af7f1a27ef3a288e2bef7ea9dd7e8; jvm 1.8.0_332-b09
2022-06-16 16:21:38,022 [EndpointStateMachine task thread for /0.0.0.0:42437 - 0 ] INFO  volume.HddsVolume (HddsVolume.java:createDbStore(309)) - SchemaV3 db is created and loaded at /home/runner/work/ozone/ozone/hadoop-ozone/integration-test/target/test-dir/MiniOzoneClusterImpl-41de4505-4fce-475e-a877-0dc0879048ec/datanode-0/data-0/containers/hdds/41de4505-4fce-475e-a877-0dc0879048ec/DS-e9097cd0-5eee-444c-9c9d-77e4929d3332/container.db for volume DS-e9097cd0-5eee-444c-9c9d-77e4929d3332
2022-06-16 16:21:38,039 [EndpointStateMachine task thread for /0.0.0.0:42437 - 0 ] INFO  volume.HddsVolume (HddsVolume.java:closeDbStore(340)) - SchemaV3 db is stopped at /home/runner/work/ozone/ozone/hadoop-ozone/integration-test/target/test-dir/MiniOzoneClusterImpl-41de4505-4fce-475e-a877-0dc0879048ec/datanode-0/data-0/containers/hdds/41de4505-4fce-475e-a877-0dc0879048ec/DS-e9097cd0-5eee-444c-9c9d-77e4929d3332/container.db for volume DS-e9097cd0-5eee-444c-9c9d-77e4929d3332
2022-06-16 16:21:38,039 [EndpointStateMachine task thread for /0.0.0.0:42437 - 0 ] INFO  ozoneimpl.OzoneContainer (OzoneContainer.java:start(344)) - Attempting to start container services.
2022-06-16 16:21:38,040 [EndpointStateMachine task thread for /0.0.0.0:42437 - 0 ] INFO  ozoneimpl.OzoneContainer (OzoneContainer.java:startContainerScrub(279)) - Background container scanner has been disabled.
2022-06-16 16:21:38,042 [EndpointStateMachine task thread for /0.0.0.0:42437 - 0 ] INFO  replication.ReplicationServer (ReplicationServer.java:start(111)) - ReplicationServer is started using port 45157
2022-06-16 16:21:38,042 [EndpointStateMachine task thread for /0.0.0.0:42437 - 0 ] INFO  ratis.XceiverServerRatis (XceiverServerRatis.java:start(481)) - Starting XceiverServerRatis cbc12831-31a5-4f31-a046-b81d852f61de
2022-06-16 16:21:38,046 [EndpointStateMachine task thread for /0.0.0.0:42437 - 0 ] INFO  server.RaftServer (RaftServerProxy.java:lambda$start$6(382)) - cbc12831-31a5-4f31-a046-b81d852f61de: start RPC server
2022-06-16 16:21:38,078 [EndpointStateMachine task thread for /0.0.0.0:42437 - 0 ] INFO  server.GrpcService (GrpcService.java:startImpl(260)) - cbc12831-31a5-4f31-a046-b81d852f61de: GrpcService started, listening on 42913
2022-06-16 16:21:38,085 [Listener at 127.0.0.1/33505] INFO  server.session (DefaultSessionIdManager.java:doStart(334)) - DefaultSessionIdManager workerName=node0
2022-06-16 16:21:38,085 [Listener at 127.0.0.1/33505] INFO  server.session (DefaultSessionIdManager.java:doStart(339)) - No SessionScavenger set, using defaults
2022-06-16 16:21:38,085 [Listener at 127.0.0.1/33505] INFO  server.session (HouseKeeper.java:startScavenging(132)) - node0 Scavenging every 600000ms
2022-06-16 16:21:38,093 [Listener at 127.0.0.1/33505] INFO  handler.ContextHandler (ContextHandler.java:doStart(915)) - Started o.e.j.s.ServletContextHandler@72d7c7d9{logs,/logs,file:///home/runner/work/ozone/ozone/hadoop-ozone/integration-test/target/log,AVAILABLE}
2022-06-16 16:21:38,093 [Listener at 127.0.0.1/33505] INFO  handler.ContextHandler (ContextHandler.java:doStart(915)) - Started o.e.j.s.ServletContextHandler@3fc966c2{static,/static,jar:file:/home/runner/.m2/repository/org/apache/ozone/hdds-container-service/1.3.0-SNAPSHOT/hdds-container-service-1.3.0-SNAPSHOT.jar!/webapps/static,AVAILABLE}
2022-06-16 16:21:38,106 [EndpointStateMachine task thread for /0.0.0.0:42437 - 0 ] INFO  ratis.XceiverServerRatis (XceiverServerRatis.java:getRealPort(502)) - XceiverServerRatis cbc12831-31a5-4f31-a046-b81d852f61de is started using port 42913 for RATIS
2022-06-16 16:21:38,106 [EndpointStateMachine task thread for /0.0.0.0:42437 - 0 ] INFO  ratis.XceiverServerRatis (XceiverServerRatis.java:getRealPort(502)) - XceiverServerRatis cbc12831-31a5-4f31-a046-b81d852f61de is started using port 42913 for RATIS_ADMIN
2022-06-16 16:21:38,106 [EndpointStateMachine task thread for /0.0.0.0:42437 - 0 ] INFO  ratis.XceiverServerRatis (XceiverServerRatis.java:getRealPort(502)) - XceiverServerRatis cbc12831-31a5-4f31-a046-b81d852f61de is started using port 42913 for RATIS_SERVER
2022-06-16 16:21:38,106 [org.apache.ratis.util.JvmPauseMonitor$$Lambda$611/1702991963@6586dd64] INFO  util.JvmPauseMonitor (JvmPauseMonitor.java:run(103)) - JvmPauseMonitor-cbc12831-31a5-4f31-a046-b81d852f61de: Started
2022-06-16 16:21:38,146 [EndpointStateMachine task thread for /0.0.0.0:42437 - 0 ] INFO  server.XceiverServerGrpc (XceiverServerGrpc.java:start(180)) - XceiverServerGrpc cbc12831-31a5-4f31-a046-b81d852f61de is started using port 40547
2022-06-16 16:21:38,951 [Listener at 127.0.0.1/33505] INFO  handler.ContextHandler (ContextHandler.java:doStart(915)) - Started o.e.j.w.WebAppContext@74d33ed9{hddsDatanode,/,file:///tmp/jetty-0_0_0_0-43525-hdds-container-service-1_3_0-SNAPSHOT_jar-_-any-4807400201982293658/webapp/,AVAILABLE}{jar:file:/home/runner/.m2/repository/org/apache/ozone/hdds-container-service/1.3.0-SNAPSHOT/hdds-container-service-1.3.0-SNAPSHOT.jar!/webapps/hddsDatanode}
2022-06-16 16:21:38,966 [Listener at 127.0.0.1/33505] INFO  server.AbstractConnector (AbstractConnector.java:doStart(331)) - Started ServerConnector@7acf95fb{HTTP/1.1, (http/1.1)}{0.0.0.0:43525}
2022-06-16 16:21:38,966 [Listener at 127.0.0.1/33505] INFO  server.Server (Server.java:doStart(415)) - Started @221602ms
2022-06-16 16:21:38,966 [Listener at 127.0.0.1/33505] WARN  impl.MetricsSystemImpl (MetricsSystemImpl.java:register(279)) - Sink prometheus already exists!
2022-06-16 16:21:38,967 [Listener at 127.0.0.1/33505] INFO  http.BaseHttpServer (BaseHttpServer.java:updateConnectorAddress(329)) - HTTP server of hddsDatanode listening at http://0.0.0.0:43525
2022-06-16 16:21:38,982 [Datanode State Machine Daemon Thread] INFO  statemachine.DatanodeStateMachine (DatanodeStateMachine.java:lambda$startDaemon$0(484)) - Ozone container server started.
2022-06-16 16:21:38,982 [Listener at 127.0.0.1/33505] WARN  impl.MetricRegistriesImpl (MetricRegistriesImpl.java:addReporterRegistration(111)) - New reporters are added after registries were created. Some metrics will be missing from the reporter. Please add reporter before adding any new registry.
2022-06-16 16:21:39,010 [Listener at 127.0.0.1/33505] WARN  impl.MetricRegistriesImpl (MetricRegistriesImpl.java:addReporterRegistration(111)) - New reporters are added after registries were created. Some metrics will be missing from the reporter. Please add reporter before adding any new registry.
2022-06-16 16:21:39,010 [Listener at 127.0.0.1/33505] INFO  impl.MetricsSystemImpl (MetricsSystemImpl.java:init(158)) - HddsDatanode metrics system started (again)
2022-06-16 16:21:39,106 [org.apache.hadoop.util.JvmPauseMonitor$Monitor@70e93a9a] INFO  util.JvmPauseMonitor (JvmPauseMonitor.java:run(188)) - Starting JVM pause monitor
2022-06-16 16:21:39,110 [Listener at 127.0.0.1/33505] INFO  ozone.HddsDatanodeService (HddsDatanodeService.java:start(236)) - HddsDatanodeService host:fv-az37-268.zqe2tmcsx5vuvjs3sdc4q2yfud.gx.internal.cloudapp.net ip:10.1.0.16
2022-06-16 16:21:39,130 [Datanode State Machine Task Thread - 0] INFO  datanode.InitDatanodeState (InitDatanodeState.java:persistContainerDatanodeDetails(138)) - DatanodeDetails is persisted to /home/runner/work/ozone/ozone/hadoop-ozone/integration-test/target/test-dir/MiniOzoneClusterImpl-41de4505-4fce-475e-a877-0dc0879048ec/datanode-2/meta/datanode.id
2022-06-16 16:21:39,211 [Listener at 127.0.0.1/33505] INFO  upgrade.AbstractLayoutVersionManager (AbstractLayoutVersionManager.java:init(82)) - Initializing Layout version manager with metadata layout = DATANODE_SCHEMA_V3 (version = 4), software layout = DATANODE_SCHEMA_V3 (version = 4)
2022-06-16 16:21:39,526 [Listener at 127.0.0.1/33505] INFO  reflections.Reflections (Reflections.java:scan(232)) - Reflections took 314 ms to scan 7 urls, producing 131 keys and 311 values 
2022-06-16 16:21:39,528 [Listener at 127.0.0.1/33505] INFO  statemachine.DatanodeStateMachine (DatanodeStateMachine.java:getEndPointTaskThreadPoolSize(233)) - Datanode State Machine Task Thread Pool size 2
2022-06-16 16:21:39,542 [Listener at 127.0.0.1/33505] INFO  volume.HddsVolume (HddsVolume.java:<init>(116)) - Creating HddsVolume: /home/runner/work/ozone/ozone/hadoop-ozone/integration-test/target/test-dir/MiniOzoneClusterImpl-41de4505-4fce-475e-a877-0dc0879048ec/datanode-3/data-0/containers/hdds of storage type : DISK capacity : 9223372036854775807
2022-06-16 16:21:39,543 [Listener at 127.0.0.1/33505] INFO  volume.MutableVolumeSet (MutableVolumeSet.java:initializeVolumeSet(174)) - Added Volume : /home/runner/work/ozone/ozone/hadoop-ozone/integration-test/target/test-dir/MiniOzoneClusterImpl-41de4505-4fce-475e-a877-0dc0879048ec/datanode-3/data-0/containers/hdds to VolumeSet
2022-06-16 16:21:39,543 [Listener at 127.0.0.1/33505] INFO  volume.ThrottledAsyncChecker (ThrottledAsyncChecker.java:schedule(141)) - Scheduling a check for /home/runner/work/ozone/ozone/hadoop-ozone/integration-test/target/test-dir/MiniOzoneClusterImpl-41de4505-4fce-475e-a877-0dc0879048ec/datanode-3/data-0/containers/hdds
2022-06-16 16:21:39,558 [Listener at 127.0.0.1/33505] INFO  volume.StorageVolumeChecker (StorageVolumeChecker.java:checkAllVolumes(202)) - Scheduled health check for volume /home/runner/work/ozone/ozone/hadoop-ozone/integration-test/target/test-dir/MiniOzoneClusterImpl-41de4505-4fce-475e-a877-0dc0879048ec/datanode-3/data-0/containers/hdds
2022-06-16 16:21:39,622 [EndpointStateMachine task thread for /0.0.0.0:42437 - 0 ] INFO  volume.HddsVolume (HddsVolume.java:createDbStore(309)) - SchemaV3 db is created and loaded at /home/runner/work/ozone/ozone/hadoop-ozone/integration-test/target/test-dir/MiniOzoneClusterImpl-41de4505-4fce-475e-a877-0dc0879048ec/datanode-1/data-0/containers/hdds/41de4505-4fce-475e-a877-0dc0879048ec/DS-fa11791c-d049-478c-8266-3087a589268e/container.db for volume DS-fa11791c-d049-478c-8266-3087a589268e
2022-06-16 16:21:39,663 [EndpointStateMachine task thread for /0.0.0.0:42437 - 0 ] INFO  volume.HddsVolume (HddsVolume.java:closeDbStore(340)) - SchemaV3 db is stopped at /home/runner/work/ozone/ozone/hadoop-ozone/integration-test/target/test-dir/MiniOzoneClusterImpl-41de4505-4fce-475e-a877-0dc0879048ec/datanode-1/data-0/containers/hdds/41de4505-4fce-475e-a877-0dc0879048ec/DS-fa11791c-d049-478c-8266-3087a589268e/container.db for volume DS-fa11791c-d049-478c-8266-3087a589268e
2022-06-16 16:21:39,663 [EndpointStateMachine task thread for /0.0.0.0:42437 - 0 ] INFO  ozoneimpl.OzoneContainer (OzoneContainer.java:start(344)) - Attempting to start container services.
2022-06-16 16:21:39,663 [EndpointStateMachine task thread for /0.0.0.0:42437 - 0 ] INFO  ozoneimpl.OzoneContainer (OzoneContainer.java:startContainerScrub(279)) - Background container scanner has been disabled.
2022-06-16 16:21:39,710 [Listener at 127.0.0.1/33505] INFO  volume.MutableVolumeSet (MutableVolumeSet.java:initializeVolumeSet(174)) - Added Volume : /home/runner/work/ozone/ozone/hadoop-ozone/integration-test/target/test-dir/MiniOzoneClusterImpl-41de4505-4fce-475e-a877-0dc0879048ec/datanode-3/data/ratis to VolumeSet
2022-06-16 16:21:39,710 [Listener at 127.0.0.1/33505] INFO  volume.ThrottledAsyncChecker (ThrottledAsyncChecker.java:schedule(141)) - Scheduling a check for /home/runner/work/ozone/ozone/hadoop-ozone/integration-test/target/test-dir/MiniOzoneClusterImpl-41de4505-4fce-475e-a877-0dc0879048ec/datanode-3/data/ratis
2022-06-16 16:21:39,711 [Listener at 127.0.0.1/33505] INFO  volume.StorageVolumeChecker (StorageVolumeChecker.java:checkAllVolumes(202)) - Scheduled health check for volume /home/runner/work/ozone/ozone/hadoop-ozone/integration-test/target/test-dir/MiniOzoneClusterImpl-41de4505-4fce-475e-a877-0dc0879048ec/datanode-3/data/ratis
2022-06-16 16:21:39,711 [EndpointStateMachine task thread for /0.0.0.0:42437 - 0 ] INFO  replication.ReplicationServer (ReplicationServer.java:start(111)) - ReplicationServer is started using port 45633
2022-06-16 16:21:39,712 [EndpointStateMachine task thread for /0.0.0.0:42437 - 0 ] INFO  ratis.XceiverServerRatis (XceiverServerRatis.java:start(481)) - Starting XceiverServerRatis 6c743a47-4ce0-4970-944e-624fd1e2ad3d
2022-06-16 16:21:39,723 [EndpointStateMachine task thread for /0.0.0.0:42437 - 0 ] INFO  server.RaftServer (RaftServerProxy.java:lambda$start$6(382)) - 6c743a47-4ce0-4970-944e-624fd1e2ad3d: start RPC server
2022-06-16 16:21:39,773 [Thread-1654] INFO  ozoneimpl.ContainerReader (ContainerReader.java:readVolume(172)) - Finish verifying containers on volume /home/runner/work/ozone/ozone/hadoop-ozone/integration-test/target/test-dir/MiniOzoneClusterImpl-41de4505-4fce-475e-a877-0dc0879048ec/datanode-3/data-0/containers/hdds
2022-06-16 16:21:39,773 [Listener at 127.0.0.1/33505] INFO  ozoneimpl.OzoneContainer (OzoneContainer.java:buildContainerSet(266)) - Build ContainerSet costs 0s
2022-06-16 16:21:39,775 [Listener at 127.0.0.1/33505] INFO  server.RaftServer (ConfUtils.java:logGet(46)) - raft.rpc.type = GRPC (default)
2022-06-16 16:21:39,775 [Listener at 127.0.0.1/33505] INFO  grpc.GrpcFactory (GrpcFactory.java:checkPooledByteBufAllocatorUseCacheForAllThreads(48)) - PERFORMANCE WARNING: useCacheForAllThreads is true that may cause Netty to create a lot garbage objects and, as a result, trigger GC.
	It is recommended to disable useCacheForAllThreads by setting -Dorg.apache.ratis.thirdparty.io.netty.allocator.useCacheForAllThreads=false in command line.
2022-06-16 16:21:39,775 [Listener at 127.0.0.1/33505] INFO  grpc.GrpcConfigKeys (ConfUtils.java:logGet(46)) - raft.grpc.admin.port = 0 (custom)
2022-06-16 16:21:39,775 [Listener at 127.0.0.1/33505] INFO  grpc.GrpcConfigKeys (ConfUtils.java:logGet(46)) - raft.grpc.client.port = 0 (custom)
2022-06-16 16:21:39,775 [Listener at 127.0.0.1/33505] INFO  grpc.GrpcConfigKeys (ConfUtils.java:logGet(46)) - raft.grpc.server.port = 0 (default)
2022-06-16 16:21:39,775 [Listener at 127.0.0.1/33505] INFO  server.GrpcService (ConfUtils.java:logGet(46)) - raft.grpc.message.size.max = 32MB (=33554432) (custom)
2022-06-16 16:21:39,775 [Listener at 127.0.0.1/33505] INFO  server.RaftServerConfigKeys (ConfUtils.java:logGet(46)) - raft.server.log.appender.buffer.byte-limit = 33554432 (custom)
2022-06-16 16:21:39,776 [Listener at 127.0.0.1/33505] INFO  server.GrpcService (ConfUtils.java:logGet(46)) - raft.grpc.flow.control.window = 5MB (=5242880) (custom)
2022-06-16 16:21:39,776 [Listener at 127.0.0.1/33505] INFO  server.RaftServerConfigKeys (ConfUtils.java:logGet(46)) - raft.server.rpc.request.timeout = 60s (custom)
2022-06-16 16:21:39,776 [Listener at 127.0.0.1/33505] INFO  grpc.GrpcConfigKeys (ConfUtils.java:logGet(46)) - raft.grpc.server.async.request.thread.pool.cached = true (default)
2022-06-16 16:21:39,776 [Listener at 127.0.0.1/33505] INFO  grpc.GrpcConfigKeys (ConfUtils.java:logGet(46)) - raft.grpc.server.async.request.thread.pool.size = 32 (default)
2022-06-16 16:21:39,777 [Listener at 127.0.0.1/33505] INFO  impl.DataStreamServerImpl (ConfUtils.java:logGet(46)) - raft.datastream.type = DISABLED (default)
2022-06-16 16:21:39,777 [Listener at 127.0.0.1/33505] INFO  server.RaftServerConfigKeys (ConfUtils.java:logGet(46)) - raft.server.threadpool.proxy.cached = true (default)
2022-06-16 16:21:39,777 [Listener at 127.0.0.1/33505] INFO  server.RaftServerConfigKeys (ConfUtils.java:logGet(46)) - raft.server.threadpool.proxy.size = 0 (default)
2022-06-16 16:21:39,777 [Listener at 127.0.0.1/33505] INFO  server.RaftServerConfigKeys (ConfUtils.java:logGet(46)) - raft.server.rpc.slowness.timeout = 300s (custom)
2022-06-16 16:21:39,777 [Listener at 127.0.0.1/33505] INFO  server.RaftServerConfigKeys (ConfUtils.java:logGet(46)) - raft.server.leaderelection.leader.step-down.wait-time = 10s (default)
2022-06-16 16:21:39,777 [Listener at 127.0.0.1/33505] INFO  server.RaftServerConfigKeys (ConfUtils.java:logGet(46)) - raft.server.storage.dir = [/home/runner/work/ozone/ozone/hadoop-ozone/integration-test/target/test-dir/MiniOzoneClusterImpl-41de4505-4fce-475e-a877-0dc0879048ec/datanode-3/data/ratis] (custom)
2022-06-16 16:21:39,807 [IPC Server handler 0 on default port 42437] INFO  net.NetworkTopologyImpl (NetworkTopologyImpl.java:add(112)) - Added a new node: /default-rack/cbc12831-31a5-4f31-a046-b81d852f61de
2022-06-16 16:21:39,807 [Listener at 127.0.0.1/33505] INFO  server.XceiverServerGrpc (XceiverServerGrpc.java:<init>(132)) - GrpcServer channel type EpollServerSocketChannel
2022-06-16 16:21:39,807 [IPC Server handler 0 on default port 42437] INFO  node.SCMNodeManager (SCMNodeManager.java:register(394)) - Registered Data node : cbc12831-31a5-4f31-a046-b81d852f61de{ip: 10.1.0.16, host: fv-az37-268.zqe2tmcsx5vuvjs3sdc4q2yfud.gx.internal.cloudapp.net, ports: [REPLICATION=45157, RATIS=42913, RATIS_ADMIN=42913, RATIS_SERVER=42913, STANDALONE=40547], networkLocation: /default-rack, certSerialId: null, persistedOpState: null, persistedOpStateExpiryEpochSec: 0}
2022-06-16 16:21:39,850 [EndpointStateMachine task thread for /0.0.0.0:42437 - 0 ] INFO  server.GrpcService (GrpcService.java:startImpl(260)) - 6c743a47-4ce0-4970-944e-624fd1e2ad3d: GrpcService started, listening on 44833
2022-06-16 16:21:39,850 [EndpointStateMachine task thread for /0.0.0.0:42437 - 0 ] INFO  ratis.XceiverServerRatis (XceiverServerRatis.java:getRealPort(502)) - XceiverServerRatis 6c743a47-4ce0-4970-944e-624fd1e2ad3d is started using port 44833 for RATIS
2022-06-16 16:21:39,850 [EndpointStateMachine task thread for /0.0.0.0:42437 - 0 ] INFO  ratis.XceiverServerRatis (XceiverServerRatis.java:getRealPort(502)) - XceiverServerRatis 6c743a47-4ce0-4970-944e-624fd1e2ad3d is started using port 44833 for RATIS_ADMIN
2022-06-16 16:21:39,850 [EndpointStateMachine task thread for /0.0.0.0:42437 - 0 ] INFO  ratis.XceiverServerRatis (XceiverServerRatis.java:getRealPort(502)) - XceiverServerRatis 6c743a47-4ce0-4970-944e-624fd1e2ad3d is started using port 44833 for RATIS_SERVER
2022-06-16 16:21:39,851 [org.apache.ratis.util.JvmPauseMonitor$$Lambda$611/1702991963@13a639bf] INFO  util.JvmPauseMonitor (JvmPauseMonitor.java:run(103)) - JvmPauseMonitor-6c743a47-4ce0-4970-944e-624fd1e2ad3d: Started
2022-06-16 16:21:39,875 [EventQueue-NodeRegistrationContainerReportForDataNodeSafeModeRule] INFO  safemode.SCMSafeModeManager (DataNodeSafeModeRule.java:process(71)) - SCM in safe mode. 1 DataNodes registered, 3 required.
2022-06-16 16:21:39,875 [EventQueue-NodeRegistrationContainerReportForContainerSafeModeRule] INFO  safemode.SCMSafeModeManager (SCMSafeModeManager.java:validateSafeModeExitRules(204)) - ContainerSafeModeRule rule is successfully validated
2022-06-16 16:21:39,879 [EventQueue-NewNodeForNewNodeHandler] INFO  pipeline.BackgroundPipelineCreator (BackgroundPipelineCreator.java:notifyEventTriggered(272)) - trigger a one-shot run on RatisPipelineUtilsThread.
2022-06-16 16:21:39,879 [RatisPipelineUtilsThread - 0] INFO  pipeline.RatisPipelineProvider (RatisPipelineProvider.java:lambda$create$0(195)) - Sending CreatePipelineCommand for pipeline:PipelineID=63e4fd0f-f42c-4a53-ad53-77edb190dbaf to datanode:cbc12831-31a5-4f31-a046-b81d852f61de
2022-06-16 16:21:39,879 [RatisPipelineUtilsThread - 0] INFO  pipeline.PipelineStateManagerImpl (PipelineStateManagerImpl.java:addPipeline(101)) - Created pipeline Pipeline[ Id: 63e4fd0f-f42c-4a53-ad53-77edb190dbaf, Nodes: cbc12831-31a5-4f31-a046-b81d852f61de{ip: 10.1.0.16, host: fv-az37-268.zqe2tmcsx5vuvjs3sdc4q2yfud.gx.internal.cloudapp.net, ports: [REPLICATION=45157, RATIS=42913, RATIS_ADMIN=42913, RATIS_SERVER=42913, STANDALONE=40547], networkLocation: /default-rack, certSerialId: null, persistedOpState: IN_SERVICE, persistedOpStateExpiryEpochSec: 0}, ReplicationConfig: RATIS/ONE, State:ALLOCATED, leaderId:, CreationTimestamp2022-06-16T16:21:39.879Z[Etc/UTC]].
2022-06-16 16:21:39,886 [Listener at 127.0.0.1/33505] INFO  http.BaseHttpServer (BaseHttpServer.java:newHttpServer2BuilderForOzone(209)) - Starting Web-server for hddsDatanode at: http://0.0.0.0:0
2022-06-16 16:21:39,886 [Listener at 127.0.0.1/33505] INFO  http.BaseHttpServer (BaseHttpServer.java:<init>(107)) - Hadoop Security Enabled: false Ozone Security Enabled: false Ozone HTTP Security Enabled: false 
2022-06-16 16:21:39,887 [Listener at 127.0.0.1/33505] INFO  server.AuthenticationFilter (AuthenticationFilter.java:constructSecretProvider(240)) - Unable to initialize FileSignerSecretProvider, falling back to use random secrets.
2022-06-16 16:21:39,914 [Listener at 127.0.0.1/33505] WARN  http.HttpRequestLog (HttpRequestLog.java:getRequestLog(103)) - Jetty request log can only be enabled using Log4j
2022-06-16 16:21:39,915 [Listener at 127.0.0.1/33505] INFO  http.HttpServer2 (HttpServer2.java:addGlobalFilter(1029)) - Added global filter 'safety' (class=org.apache.hadoop.hdds.server.http.HttpServer2$QuotingInputFilter)
2022-06-16 16:21:39,916 [Listener at 127.0.0.1/33505] INFO  http.HttpServer2 (HttpServer2.java:addFilter(1005)) - Added filter static_user_filter (class=org.apache.hadoop.http.lib.StaticUserWebFilter$StaticUserFilter) to context hddsDatanode
2022-06-16 16:21:39,916 [Listener at 127.0.0.1/33505] INFO  http.HttpServer2 (HttpServer2.java:addFilter(1013)) - Added filter static_user_filter (class=org.apache.hadoop.http.lib.StaticUserWebFilter$StaticUserFilter) to context static
2022-06-16 16:21:39,916 [Listener at 127.0.0.1/33505] INFO  http.HttpServer2 (HttpServer2.java:addFilter(1013)) - Added filter static_user_filter (class=org.apache.hadoop.http.lib.StaticUserWebFilter$StaticUserFilter) to context logs
2022-06-16 16:21:39,916 [Listener at 127.0.0.1/33505] INFO  http.HttpServer2 (HttpServer2.java:bindListener(1248)) - Jetty bound to port 43483
2022-06-16 16:21:39,916 [Listener at 127.0.0.1/33505] INFO  server.Server (Server.java:doStart(375)) - jetty-9.4.43.v20210629; built: 2021-06-30T11:07:22.254Z; git: 526006ecfa3af7f1a27ef3a288e2bef7ea9dd7e8; jvm 1.8.0_332-b09
2022-06-16 16:21:39,938 [EndpointStateMachine task thread for /0.0.0.0:42437 - 0 ] INFO  server.XceiverServerGrpc (XceiverServerGrpc.java:start(180)) - XceiverServerGrpc 6c743a47-4ce0-4970-944e-624fd1e2ad3d is started using port 41629
2022-06-16 16:21:39,938 [EventQueue-PipelineReportForOneReplicaPipelineSafeModeRule] INFO  safemode.SCMSafeModeManager (SCMSafeModeManager.java:validateSafeModeExitRules(204)) - AtleastOneDatanodeReportedRule rule is successfully validated
2022-06-16 16:21:40,008 [Listener at 127.0.0.1/33505] INFO  server.session (DefaultSessionIdManager.java:doStart(334)) - DefaultSessionIdManager workerName=node0
2022-06-16 16:21:40,008 [Listener at 127.0.0.1/33505] INFO  server.session (DefaultSessionIdManager.java:doStart(339)) - No SessionScavenger set, using defaults
2022-06-16 16:21:40,009 [Listener at 127.0.0.1/33505] INFO  server.session (HouseKeeper.java:startScavenging(132)) - node0 Scavenging every 600000ms
2022-06-16 16:21:40,009 [Listener at 127.0.0.1/33505] INFO  handler.ContextHandler (ContextHandler.java:doStart(915)) - Started o.e.j.s.ServletContextHandler@31a3471e{logs,/logs,file:///home/runner/work/ozone/ozone/hadoop-ozone/integration-test/target/log,AVAILABLE}
2022-06-16 16:21:40,009 [Listener at 127.0.0.1/33505] INFO  handler.ContextHandler (ContextHandler.java:doStart(915)) - Started o.e.j.s.ServletContextHandler@1f850e6c{static,/static,jar:file:/home/runner/.m2/repository/org/apache/ozone/hdds-container-service/1.3.0-SNAPSHOT/hdds-container-service-1.3.0-SNAPSHOT.jar!/webapps/static,AVAILABLE}
2022-06-16 16:21:40,626 [Listener at 127.0.0.1/33505] INFO  handler.ContextHandler (ContextHandler.java:doStart(915)) - Started o.e.j.w.WebAppContext@793130fc{hddsDatanode,/,file:///tmp/jetty-0_0_0_0-43483-hdds-container-service-1_3_0-SNAPSHOT_jar-_-any-354363779431761368/webapp/,AVAILABLE}{jar:file:/home/runner/.m2/repository/org/apache/ozone/hdds-container-service/1.3.0-SNAPSHOT/hdds-container-service-1.3.0-SNAPSHOT.jar!/webapps/hddsDatanode}
2022-06-16 16:21:40,685 [Listener at 127.0.0.1/33505] INFO  server.AbstractConnector (AbstractConnector.java:doStart(331)) - Started ServerConnector@57bb23a{HTTP/1.1, (http/1.1)}{0.0.0.0:43483}
2022-06-16 16:21:40,685 [Listener at 127.0.0.1/33505] INFO  server.Server (Server.java:doStart(415)) - Started @223320ms
2022-06-16 16:21:40,685 [Listener at 127.0.0.1/33505] WARN  impl.MetricsSystemImpl (MetricsSystemImpl.java:register(279)) - Sink prometheus already exists!
2022-06-16 16:21:40,685 [Listener at 127.0.0.1/33505] INFO  http.BaseHttpServer (BaseHttpServer.java:updateConnectorAddress(329)) - HTTP server of hddsDatanode listening at http://0.0.0.0:43483
2022-06-16 16:21:40,690 [Listener at 127.0.0.1/33505] WARN  impl.MetricRegistriesImpl (MetricRegistriesImpl.java:addReporterRegistration(111)) - New reporters are added after registries were created. Some metrics will be missing from the reporter. Please add reporter before adding any new registry.
2022-06-16 16:21:40,690 [Listener at 127.0.0.1/33505] WARN  impl.MetricRegistriesImpl (MetricRegistriesImpl.java:addReporterRegistration(111)) - New reporters are added after registries were created. Some metrics will be missing from the reporter. Please add reporter before adding any new registry.
2022-06-16 16:21:40,690 [Listener at 127.0.0.1/33505] INFO  impl.MetricsSystemImpl (MetricsSystemImpl.java:init(158)) - HddsDatanode metrics system started (again)
2022-06-16 16:21:40,698 [Datanode State Machine Daemon Thread] INFO  statemachine.DatanodeStateMachine (DatanodeStateMachine.java:lambda$startDaemon$0(484)) - Ozone container server started.
2022-06-16 16:21:40,790 [org.apache.hadoop.util.JvmPauseMonitor$Monitor@6bdb8c5a] INFO  util.JvmPauseMonitor (JvmPauseMonitor.java:run(188)) - Starting JVM pause monitor
2022-06-16 16:21:40,796 [Datanode State Machine Task Thread - 0] INFO  datanode.InitDatanodeState (InitDatanodeState.java:persistContainerDatanodeDetails(138)) - DatanodeDetails is persisted to /home/runner/work/ozone/ozone/hadoop-ozone/integration-test/target/test-dir/MiniOzoneClusterImpl-41de4505-4fce-475e-a877-0dc0879048ec/datanode-3/meta/datanode.id
2022-06-16 16:21:40,817 [Listener at 127.0.0.1/33505] INFO  ozone.HddsDatanodeService (HddsDatanodeService.java:start(236)) - HddsDatanodeService host:fv-az37-268.zqe2tmcsx5vuvjs3sdc4q2yfud.gx.internal.cloudapp.net ip:10.1.0.16
2022-06-16 16:21:40,903 [Listener at 127.0.0.1/33505] INFO  upgrade.AbstractLayoutVersionManager (AbstractLayoutVersionManager.java:init(82)) - Initializing Layout version manager with metadata layout = DATANODE_SCHEMA_V3 (version = 4), software layout = DATANODE_SCHEMA_V3 (version = 4)
2022-06-16 16:21:41,019 [Listener at 127.0.0.1/33505] INFO  reflections.Reflections (Reflections.java:scan(232)) - Reflections took 115 ms to scan 7 urls, producing 131 keys and 311 values 
2022-06-16 16:21:41,021 [Listener at 127.0.0.1/33505] INFO  statemachine.DatanodeStateMachine (DatanodeStateMachine.java:getEndPointTaskThreadPoolSize(233)) - Datanode State Machine Task Thread Pool size 2
2022-06-16 16:21:41,040 [Listener at 127.0.0.1/33505] INFO  volume.HddsVolume (HddsVolume.java:<init>(116)) - Creating HddsVolume: /home/runner/work/ozone/ozone/hadoop-ozone/integration-test/target/test-dir/MiniOzoneClusterImpl-41de4505-4fce-475e-a877-0dc0879048ec/datanode-4/data-0/containers/hdds of storage type : DISK capacity : 9223372036854775807
2022-06-16 16:21:41,040 [Listener at 127.0.0.1/33505] INFO  volume.MutableVolumeSet (MutableVolumeSet.java:initializeVolumeSet(174)) - Added Volume : /home/runner/work/ozone/ozone/hadoop-ozone/integration-test/target/test-dir/MiniOzoneClusterImpl-41de4505-4fce-475e-a877-0dc0879048ec/datanode-4/data-0/containers/hdds to VolumeSet
2022-06-16 16:21:41,040 [Listener at 127.0.0.1/33505] INFO  volume.ThrottledAsyncChecker (ThrottledAsyncChecker.java:schedule(141)) - Scheduling a check for /home/runner/work/ozone/ozone/hadoop-ozone/integration-test/target/test-dir/MiniOzoneClusterImpl-41de4505-4fce-475e-a877-0dc0879048ec/datanode-4/data-0/containers/hdds
2022-06-16 16:21:41,046 [Listener at 127.0.0.1/33505] INFO  volume.StorageVolumeChecker (StorageVolumeChecker.java:checkAllVolumes(202)) - Scheduled health check for volume /home/runner/work/ozone/ozone/hadoop-ozone/integration-test/target/test-dir/MiniOzoneClusterImpl-41de4505-4fce-475e-a877-0dc0879048ec/datanode-4/data-0/containers/hdds
2022-06-16 16:21:41,087 [Listener at 127.0.0.1/33505] INFO  volume.MutableVolumeSet (MutableVolumeSet.java:initializeVolumeSet(174)) - Added Volume : /home/runner/work/ozone/ozone/hadoop-ozone/integration-test/target/test-dir/MiniOzoneClusterImpl-41de4505-4fce-475e-a877-0dc0879048ec/datanode-4/data/ratis to VolumeSet
2022-06-16 16:21:41,087 [Listener at 127.0.0.1/33505] INFO  volume.ThrottledAsyncChecker (ThrottledAsyncChecker.java:schedule(141)) - Scheduling a check for /home/runner/work/ozone/ozone/hadoop-ozone/integration-test/target/test-dir/MiniOzoneClusterImpl-41de4505-4fce-475e-a877-0dc0879048ec/datanode-4/data/ratis
2022-06-16 16:21:41,087 [Listener at 127.0.0.1/33505] INFO  volume.StorageVolumeChecker (StorageVolumeChecker.java:checkAllVolumes(202)) - Scheduled health check for volume /home/runner/work/ozone/ozone/hadoop-ozone/integration-test/target/test-dir/MiniOzoneClusterImpl-41de4505-4fce-475e-a877-0dc0879048ec/datanode-4/data/ratis
2022-06-16 16:21:41,154 [Thread-1676] INFO  ozoneimpl.ContainerReader (ContainerReader.java:readVolume(172)) - Finish verifying containers on volume /home/runner/work/ozone/ozone/hadoop-ozone/integration-test/target/test-dir/MiniOzoneClusterImpl-41de4505-4fce-475e-a877-0dc0879048ec/datanode-4/data-0/containers/hdds
2022-06-16 16:21:41,154 [Listener at 127.0.0.1/33505] INFO  ozoneimpl.OzoneContainer (OzoneContainer.java:buildContainerSet(266)) - Build ContainerSet costs 0s
2022-06-16 16:21:41,155 [Listener at 127.0.0.1/33505] INFO  server.RaftServer (ConfUtils.java:logGet(46)) - raft.rpc.type = GRPC (default)
2022-06-16 16:21:41,155 [Listener at 127.0.0.1/33505] INFO  grpc.GrpcFactory (GrpcFactory.java:checkPooledByteBufAllocatorUseCacheForAllThreads(48)) - PERFORMANCE WARNING: useCacheForAllThreads is true that may cause Netty to create a lot garbage objects and, as a result, trigger GC.
	It is recommended to disable useCacheForAllThreads by setting -Dorg.apache.ratis.thirdparty.io.netty.allocator.useCacheForAllThreads=false in command line.
2022-06-16 16:21:41,156 [Listener at 127.0.0.1/33505] INFO  grpc.GrpcConfigKeys (ConfUtils.java:logGet(46)) - raft.grpc.admin.port = 0 (custom)
2022-06-16 16:21:41,156 [Listener at 127.0.0.1/33505] INFO  grpc.GrpcConfigKeys (ConfUtils.java:logGet(46)) - raft.grpc.client.port = 0 (custom)
2022-06-16 16:21:41,156 [Listener at 127.0.0.1/33505] INFO  grpc.GrpcConfigKeys (ConfUtils.java:logGet(46)) - raft.grpc.server.port = 0 (default)
2022-06-16 16:21:41,156 [Listener at 127.0.0.1/33505] INFO  server.GrpcService (ConfUtils.java:logGet(46)) - raft.grpc.message.size.max = 32MB (=33554432) (custom)
2022-06-16 16:21:41,156 [Listener at 127.0.0.1/33505] INFO  server.RaftServerConfigKeys (ConfUtils.java:logGet(46)) - raft.server.log.appender.buffer.byte-limit = 33554432 (custom)
2022-06-16 16:21:41,156 [Listener at 127.0.0.1/33505] INFO  server.GrpcService (ConfUtils.java:logGet(46)) - raft.grpc.flow.control.window = 5MB (=5242880) (custom)
2022-06-16 16:21:41,156 [Listener at 127.0.0.1/33505] INFO  server.RaftServerConfigKeys (ConfUtils.java:logGet(46)) - raft.server.rpc.request.timeout = 60s (custom)
2022-06-16 16:21:41,156 [Listener at 127.0.0.1/33505] INFO  grpc.GrpcConfigKeys (ConfUtils.java:logGet(46)) - raft.grpc.server.async.request.thread.pool.cached = true (default)
2022-06-16 16:21:41,156 [Listener at 127.0.0.1/33505] INFO  grpc.GrpcConfigKeys (ConfUtils.java:logGet(46)) - raft.grpc.server.async.request.thread.pool.size = 32 (default)
2022-06-16 16:21:41,157 [Listener at 127.0.0.1/33505] INFO  impl.DataStreamServerImpl (ConfUtils.java:logGet(46)) - raft.datastream.type = DISABLED (default)
2022-06-16 16:21:41,157 [Listener at 127.0.0.1/33505] INFO  server.RaftServerConfigKeys (ConfUtils.java:logGet(46)) - raft.server.threadpool.proxy.cached = true (default)
2022-06-16 16:21:41,157 [Listener at 127.0.0.1/33505] INFO  server.RaftServerConfigKeys (ConfUtils.java:logGet(46)) - raft.server.threadpool.proxy.size = 0 (default)
2022-06-16 16:21:41,166 [Listener at 127.0.0.1/33505] INFO  server.RaftServerConfigKeys (ConfUtils.java:logGet(46)) - raft.server.rpc.slowness.timeout = 300s (custom)
2022-06-16 16:21:41,166 [Listener at 127.0.0.1/33505] INFO  server.RaftServerConfigKeys (ConfUtils.java:logGet(46)) - raft.server.leaderelection.leader.step-down.wait-time = 10s (default)
2022-06-16 16:21:41,166 [Listener at 127.0.0.1/33505] INFO  server.RaftServerConfigKeys (ConfUtils.java:logGet(46)) - raft.server.storage.dir = [/home/runner/work/ozone/ozone/hadoop-ozone/integration-test/target/test-dir/MiniOzoneClusterImpl-41de4505-4fce-475e-a877-0dc0879048ec/datanode-4/data/ratis] (custom)
2022-06-16 16:21:41,171 [Listener at 127.0.0.1/33505] INFO  server.XceiverServerGrpc (XceiverServerGrpc.java:<init>(132)) - GrpcServer channel type EpollServerSocketChannel
2022-06-16 16:21:41,173 [Listener at 127.0.0.1/33505] INFO  http.BaseHttpServer (BaseHttpServer.java:newHttpServer2BuilderForOzone(209)) - Starting Web-server for hddsDatanode at: http://0.0.0.0:0
2022-06-16 16:21:41,173 [Listener at 127.0.0.1/33505] INFO  http.BaseHttpServer (BaseHttpServer.java:<init>(107)) - Hadoop Security Enabled: false Ozone Security Enabled: false Ozone HTTP Security Enabled: false 
2022-06-16 16:21:41,173 [Listener at 127.0.0.1/33505] INFO  server.AuthenticationFilter (AuthenticationFilter.java:constructSecretProvider(240)) - Unable to initialize FileSignerSecretProvider, falling back to use random secrets.
2022-06-16 16:21:41,174 [Listener at 127.0.0.1/33505] WARN  http.HttpRequestLog (HttpRequestLog.java:getRequestLog(103)) - Jetty request log can only be enabled using Log4j
2022-06-16 16:21:41,175 [Listener at 127.0.0.1/33505] INFO  http.HttpServer2 (HttpServer2.java:addGlobalFilter(1029)) - Added global filter 'safety' (class=org.apache.hadoop.hdds.server.http.HttpServer2$QuotingInputFilter)
2022-06-16 16:21:41,175 [Listener at 127.0.0.1/33505] INFO  http.HttpServer2 (HttpServer2.java:addFilter(1005)) - Added filter static_user_filter (class=org.apache.hadoop.http.lib.StaticUserWebFilter$StaticUserFilter) to context hddsDatanode
2022-06-16 16:21:41,175 [Listener at 127.0.0.1/33505] INFO  http.HttpServer2 (HttpServer2.java:addFilter(1013)) - Added filter static_user_filter (class=org.apache.hadoop.http.lib.StaticUserWebFilter$StaticUserFilter) to context logs
2022-06-16 16:21:41,175 [Listener at 127.0.0.1/33505] INFO  http.HttpServer2 (HttpServer2.java:addFilter(1013)) - Added filter static_user_filter (class=org.apache.hadoop.http.lib.StaticUserWebFilter$StaticUserFilter) to context static
2022-06-16 16:21:41,176 [Listener at 127.0.0.1/33505] INFO  http.HttpServer2 (HttpServer2.java:bindListener(1248)) - Jetty bound to port 35531
2022-06-16 16:21:41,176 [Listener at 127.0.0.1/33505] INFO  server.Server (Server.java:doStart(375)) - jetty-9.4.43.v20210629; built: 2021-06-30T11:07:22.254Z; git: 526006ecfa3af7f1a27ef3a288e2bef7ea9dd7e8; jvm 1.8.0_332-b09
2022-06-16 16:21:41,177 [Listener at 127.0.0.1/33505] INFO  server.session (DefaultSessionIdManager.java:doStart(334)) - DefaultSessionIdManager workerName=node0
2022-06-16 16:21:41,177 [Listener at 127.0.0.1/33505] INFO  server.session (DefaultSessionIdManager.java:doStart(339)) - No SessionScavenger set, using defaults
2022-06-16 16:21:41,177 [Listener at 127.0.0.1/33505] INFO  server.session (HouseKeeper.java:startScavenging(132)) - node0 Scavenging every 600000ms
2022-06-16 16:21:41,177 [Listener at 127.0.0.1/33505] INFO  handler.ContextHandler (ContextHandler.java:doStart(915)) - Started o.e.j.s.ServletContextHandler@7bed22c9{logs,/logs,file:///home/runner/work/ozone/ozone/hadoop-ozone/integration-test/target/log,AVAILABLE}
2022-06-16 16:21:41,178 [Listener at 127.0.0.1/33505] INFO  handler.ContextHandler (ContextHandler.java:doStart(915)) - Started o.e.j.s.ServletContextHandler@18f51450{static,/static,jar:file:/home/runner/.m2/repository/org/apache/ozone/hdds-container-service/1.3.0-SNAPSHOT/hdds-container-service-1.3.0-SNAPSHOT.jar!/webapps/static,AVAILABLE}
2022-06-16 16:21:41,350 [EndpointStateMachine task thread for /0.0.0.0:42437 - 0 ] INFO  volume.HddsVolume (HddsVolume.java:createDbStore(309)) - SchemaV3 db is created and loaded at /home/runner/work/ozone/ozone/hadoop-ozone/integration-test/target/test-dir/MiniOzoneClusterImpl-41de4505-4fce-475e-a877-0dc0879048ec/datanode-2/data-0/containers/hdds/41de4505-4fce-475e-a877-0dc0879048ec/DS-6c9dc22a-54f5-4261-bf2a-508bde913d51/container.db for volume DS-6c9dc22a-54f5-4261-bf2a-508bde913d51
2022-06-16 16:21:41,382 [EndpointStateMachine task thread for /0.0.0.0:42437 - 0 ] INFO  volume.HddsVolume (HddsVolume.java:closeDbStore(340)) - SchemaV3 db is stopped at /home/runner/work/ozone/ozone/hadoop-ozone/integration-test/target/test-dir/MiniOzoneClusterImpl-41de4505-4fce-475e-a877-0dc0879048ec/datanode-2/data-0/containers/hdds/41de4505-4fce-475e-a877-0dc0879048ec/DS-6c9dc22a-54f5-4261-bf2a-508bde913d51/container.db for volume DS-6c9dc22a-54f5-4261-bf2a-508bde913d51
2022-06-16 16:21:41,382 [EndpointStateMachine task thread for /0.0.0.0:42437 - 0 ] INFO  ozoneimpl.OzoneContainer (OzoneContainer.java:start(344)) - Attempting to start container services.
2022-06-16 16:21:41,382 [EndpointStateMachine task thread for /0.0.0.0:42437 - 0 ] INFO  ozoneimpl.OzoneContainer (OzoneContainer.java:startContainerScrub(279)) - Background container scanner has been disabled.
2022-06-16 16:21:41,406 [EndpointStateMachine task thread for /0.0.0.0:42437 - 0 ] INFO  replication.ReplicationServer (ReplicationServer.java:start(111)) - ReplicationServer is started using port 33241
2022-06-16 16:21:41,407 [EndpointStateMachine task thread for /0.0.0.0:42437 - 0 ] INFO  ratis.XceiverServerRatis (XceiverServerRatis.java:start(481)) - Starting XceiverServerRatis 995fc94b-3f8e-410c-9bb6-8c0a727652de
2022-06-16 16:21:41,410 [EndpointStateMachine task thread for /0.0.0.0:42437 - 0 ] INFO  server.RaftServer (RaftServerProxy.java:lambda$start$6(382)) - 995fc94b-3f8e-410c-9bb6-8c0a727652de: start RPC server
2022-06-16 16:21:41,415 [EndpointStateMachine task thread for /0.0.0.0:42437 - 0 ] INFO  server.GrpcService (GrpcService.java:startImpl(260)) - 995fc94b-3f8e-410c-9bb6-8c0a727652de: GrpcService started, listening on 43709
2022-06-16 16:21:41,418 [EndpointStateMachine task thread for /0.0.0.0:42437 - 0 ] INFO  ratis.XceiverServerRatis (XceiverServerRatis.java:getRealPort(502)) - XceiverServerRatis 995fc94b-3f8e-410c-9bb6-8c0a727652de is started using port 43709 for RATIS
2022-06-16 16:21:41,418 [EndpointStateMachine task thread for /0.0.0.0:42437 - 0 ] INFO  ratis.XceiverServerRatis (XceiverServerRatis.java:getRealPort(502)) - XceiverServerRatis 995fc94b-3f8e-410c-9bb6-8c0a727652de is started using port 43709 for RATIS_ADMIN
2022-06-16 16:21:41,418 [EndpointStateMachine task thread for /0.0.0.0:42437 - 0 ] INFO  ratis.XceiverServerRatis (XceiverServerRatis.java:getRealPort(502)) - XceiverServerRatis 995fc94b-3f8e-410c-9bb6-8c0a727652de is started using port 43709 for RATIS_SERVER
2022-06-16 16:21:41,418 [org.apache.ratis.util.JvmPauseMonitor$$Lambda$611/1702991963@52e1e6ce] INFO  util.JvmPauseMonitor (JvmPauseMonitor.java:run(103)) - JvmPauseMonitor-995fc94b-3f8e-410c-9bb6-8c0a727652de: Started
2022-06-16 16:21:41,474 [IPC Server handler 5 on default port 42437] INFO  net.NetworkTopologyImpl (NetworkTopologyImpl.java:add(112)) - Added a new node: /default-rack/6c743a47-4ce0-4970-944e-624fd1e2ad3d
2022-06-16 16:21:41,474 [IPC Server handler 5 on default port 42437] INFO  node.SCMNodeManager (SCMNodeManager.java:register(394)) - Registered Data node : 6c743a47-4ce0-4970-944e-624fd1e2ad3d{ip: 10.1.0.16, host: fv-az37-268.zqe2tmcsx5vuvjs3sdc4q2yfud.gx.internal.cloudapp.net, ports: [REPLICATION=45633, RATIS=44833, RATIS_ADMIN=44833, RATIS_SERVER=44833, STANDALONE=41629], networkLocation: /default-rack, certSerialId: null, persistedOpState: null, persistedOpStateExpiryEpochSec: 0}
2022-06-16 16:21:41,475 [EventQueue-NewNodeForNewNodeHandler] INFO  pipeline.BackgroundPipelineCreator (BackgroundPipelineCreator.java:notifyEventTriggered(272)) - trigger a one-shot run on RatisPipelineUtilsThread.
2022-06-16 16:21:41,475 [EventQueue-NodeRegistrationContainerReportForDataNodeSafeModeRule] INFO  safemode.SCMSafeModeManager (DataNodeSafeModeRule.java:process(71)) - SCM in safe mode. 2 DataNodes registered, 3 required.
2022-06-16 16:21:41,494 [RatisPipelineUtilsThread - 0] INFO  pipeline.RatisPipelineProvider (RatisPipelineProvider.java:lambda$create$0(195)) - Sending CreatePipelineCommand for pipeline:PipelineID=cff2593e-e25b-4dda-b4dd-7f5d31a11a2c to datanode:6c743a47-4ce0-4970-944e-624fd1e2ad3d
2022-06-16 16:21:41,494 [RatisPipelineUtilsThread - 0] INFO  pipeline.PipelineStateManagerImpl (PipelineStateManagerImpl.java:addPipeline(101)) - Created pipeline Pipeline[ Id: cff2593e-e25b-4dda-b4dd-7f5d31a11a2c, Nodes: 6c743a47-4ce0-4970-944e-624fd1e2ad3d{ip: 10.1.0.16, host: fv-az37-268.zqe2tmcsx5vuvjs3sdc4q2yfud.gx.internal.cloudapp.net, ports: [REPLICATION=45633, RATIS=44833, RATIS_ADMIN=44833, RATIS_SERVER=44833, STANDALONE=41629], networkLocation: /default-rack, certSerialId: null, persistedOpState: IN_SERVICE, persistedOpStateExpiryEpochSec: 0}, ReplicationConfig: RATIS/ONE, State:ALLOCATED, leaderId:, CreationTimestamp2022-06-16T16:21:41.494Z[Etc/UTC]].
2022-06-16 16:21:41,510 [EndpointStateMachine task thread for /0.0.0.0:42437 - 0 ] INFO  server.XceiverServerGrpc (XceiverServerGrpc.java:start(180)) - XceiverServerGrpc 995fc94b-3f8e-410c-9bb6-8c0a727652de is started using port 37239
2022-06-16 16:21:42,255 [Listener at 127.0.0.1/33505] INFO  handler.ContextHandler (ContextHandler.java:doStart(915)) - Started o.e.j.w.WebAppContext@3ca27a2e{hddsDatanode,/,file:///tmp/jetty-0_0_0_0-35531-hdds-container-service-1_3_0-SNAPSHOT_jar-_-any-1017084529555344493/webapp/,AVAILABLE}{jar:file:/home/runner/.m2/repository/org/apache/ozone/hdds-container-service/1.3.0-SNAPSHOT/hdds-container-service-1.3.0-SNAPSHOT.jar!/webapps/hddsDatanode}
2022-06-16 16:21:42,274 [Listener at 127.0.0.1/33505] INFO  server.AbstractConnector (AbstractConnector.java:doStart(331)) - Started ServerConnector@2e243043{HTTP/1.1, (http/1.1)}{0.0.0.0:35531}
2022-06-16 16:21:42,274 [Listener at 127.0.0.1/33505] INFO  server.Server (Server.java:doStart(415)) - Started @224910ms
2022-06-16 16:21:42,274 [Listener at 127.0.0.1/33505] WARN  impl.MetricsSystemImpl (MetricsSystemImpl.java:register(279)) - Sink prometheus already exists!
2022-06-16 16:21:42,306 [Listener at 127.0.0.1/33505] INFO  http.BaseHttpServer (BaseHttpServer.java:updateConnectorAddress(329)) - HTTP server of hddsDatanode listening at http://0.0.0.0:35531
2022-06-16 16:21:42,338 [Listener at 127.0.0.1/33505] INFO  ozone.MiniOzoneClusterImpl (MiniOzoneClusterImpl.java:lambda$waitForClusterToBeReady$0(221)) - Waiting for nodes to be ready. Got 2 of 5 DN Heartbeats.
2022-06-16 16:21:42,338 [Listener at 127.0.0.1/33505] INFO  ozone.MiniOzoneClusterImpl (MiniOzoneClusterImpl.java:lambda$waitForClusterToBeReady$0(224)) - Waiting for cluster to exit safe mode
2022-06-16 16:21:42,338 [Listener at 127.0.0.1/33505] INFO  ozone.MiniOzoneClusterImpl (MiniOzoneClusterImpl.java:lambda$waitForClusterToBeReady$0(226)) - SCM became leader
2022-06-16 16:21:42,338 [Datanode State Machine Daemon Thread] INFO  statemachine.DatanodeStateMachine (DatanodeStateMachine.java:lambda$startDaemon$0(484)) - Ozone container server started.
2022-06-16 16:21:42,402 [org.apache.hadoop.util.JvmPauseMonitor$Monitor@12d7b5de] INFO  util.JvmPauseMonitor (JvmPauseMonitor.java:run(188)) - Starting JVM pause monitor
2022-06-16 16:21:42,450 [Datanode State Machine Task Thread - 0] INFO  datanode.InitDatanodeState (InitDatanodeState.java:persistContainerDatanodeDetails(138)) - DatanodeDetails is persisted to /home/runner/work/ozone/ozone/hadoop-ozone/integration-test/target/test-dir/MiniOzoneClusterImpl-41de4505-4fce-475e-a877-0dc0879048ec/datanode-4/meta/datanode.id
2022-06-16 16:21:42,830 [Command processor thread] INFO  server.RaftServer (RaftServerProxy.java:addNew(96)) - cbc12831-31a5-4f31-a046-b81d852f61de: addNew group-77EDB190DBAF:[cbc12831-31a5-4f31-a046-b81d852f61de|rpc:10.1.0.16:42913|priority:1] returns group-77EDB190DBAF:java.util.concurrent.CompletableFuture@51ce7327[Not completed]
2022-06-16 16:21:42,867 [pool-817-thread-1] INFO  server.RaftServer$Division (RaftServerImpl.java:<init>(190)) - cbc12831-31a5-4f31-a046-b81d852f61de: new RaftServerImpl for group-77EDB190DBAF:[cbc12831-31a5-4f31-a046-b81d852f61de|rpc:10.1.0.16:42913|priority:1] with ContainerStateMachine:uninitialized
2022-06-16 16:21:42,867 [pool-817-thread-1] INFO  server.RaftServerConfigKeys (ConfUtils.java:logGet(46)) - raft.server.rpc.timeout.min = 5s (custom)
2022-06-16 16:21:42,867 [pool-817-thread-1] INFO  server.RaftServerConfigKeys (ConfUtils.java:logGet(46)) - raft.server.rpc.timeout.max = 5200ms (custom)
2022-06-16 16:21:42,867 [pool-817-thread-1] INFO  server.RaftServerConfigKeys (ConfUtils.java:logGet(46)) - raft.server.rpc.sleep.time = 25ms (default)
2022-06-16 16:21:42,867 [pool-817-thread-1] INFO  server.RaftServerConfigKeys (ConfUtils.java:logGet(46)) - raft.server.rpc.slowness.timeout = 300s (custom)
2022-06-16 16:21:42,867 [pool-817-thread-1] INFO  server.RaftServerConfigKeys (ConfUtils.java:logGet(46)) - raft.server.leaderelection.leader.step-down.wait-time = 10s (default)
2022-06-16 16:21:42,867 [pool-817-thread-1] INFO  server.RaftServerConfigKeys (ConfUtils.java:logGet(46)) - raft.server.sleep.deviation.threshold = 300ms (default)
2022-06-16 16:21:42,867 [pool-817-thread-1] INFO  server.RaftServer$Division (ServerState.java:<init>(107)) - cbc12831-31a5-4f31-a046-b81d852f61de@group-77EDB190DBAF: ConfigurationManager, init=-1: [cbc12831-31a5-4f31-a046-b81d852f61de|rpc:10.1.0.16:42913|priority:1], old=null, confs=<EMPTY_MAP>
2022-06-16 16:21:42,867 [pool-817-thread-1] INFO  server.RaftServerConfigKeys (ConfUtils.java:logGet(46)) - raft.server.storage.dir = [/home/runner/work/ozone/ozone/hadoop-ozone/integration-test/target/test-dir/MiniOzoneClusterImpl-41de4505-4fce-475e-a877-0dc0879048ec/datanode-0/data/ratis] (custom)
2022-06-16 16:21:42,867 [pool-817-thread-1] INFO  server.RaftServerConfigKeys (ConfUtils.java:logGet(46)) - raft.server.log.corruption.policy = EXCEPTION (default)
2022-06-16 16:21:42,867 [pool-817-thread-1] INFO  server.RaftServerConfigKeys (ConfUtils.java:logGet(46)) - raft.server.storage.free-space.min = 0MB (=0) (default)
2022-06-16 16:21:42,867 [pool-817-thread-1] INFO  storage.RaftStorageDirectory (RaftStorageDirectoryImpl.java:analyzeStorage(135)) - The storage directory /home/runner/work/ozone/ozone/hadoop-ozone/integration-test/target/test-dir/MiniOzoneClusterImpl-41de4505-4fce-475e-a877-0dc0879048ec/datanode-0/data/ratis/63e4fd0f-f42c-4a53-ad53-77edb190dbaf does not exist. Creating ...
2022-06-16 16:21:42,869 [pool-817-thread-1] INFO  storage.RaftStorageDirectory (RaftStorageDirectoryImpl.java:tryLock(230)) - Lock on /home/runner/work/ozone/ozone/hadoop-ozone/integration-test/target/test-dir/MiniOzoneClusterImpl-41de4505-4fce-475e-a877-0dc0879048ec/datanode-0/data/ratis/63e4fd0f-f42c-4a53-ad53-77edb190dbaf/in_use.lock acquired by nodename 3861@fv-az37-268
2022-06-16 16:21:42,873 [pool-817-thread-1] INFO  storage.RaftStorage (RaftStorageImpl.java:format(89)) - Storage directory /home/runner/work/ozone/ozone/hadoop-ozone/integration-test/target/test-dir/MiniOzoneClusterImpl-41de4505-4fce-475e-a877-0dc0879048ec/datanode-0/data/ratis/63e4fd0f-f42c-4a53-ad53-77edb190dbaf has been successfully formatted.
2022-06-16 16:21:42,882 [EventQueue-PipelineReportForPipelineReportHandler] INFO  pipeline.PipelineManagerImpl (PipelineManagerImpl.java:openPipeline(356)) - Pipeline Pipeline[ Id: 63e4fd0f-f42c-4a53-ad53-77edb190dbaf, Nodes: cbc12831-31a5-4f31-a046-b81d852f61de{ip: 10.1.0.16, host: fv-az37-268.zqe2tmcsx5vuvjs3sdc4q2yfud.gx.internal.cloudapp.net, ports: [REPLICATION=45157, RATIS=42913, RATIS_ADMIN=42913, RATIS_SERVER=42913, STANDALONE=40547], networkLocation: /default-rack, certSerialId: null, persistedOpState: IN_SERVICE, persistedOpStateExpiryEpochSec: 0}, ReplicationConfig: RATIS/ONE, State:ALLOCATED, leaderId:cbc12831-31a5-4f31-a046-b81d852f61de, CreationTimestamp2022-06-16T16:21:39.879Z[Etc/UTC]] moved to OPEN state
2022-06-16 16:21:42,894 [EventQueue-OpenPipelineForHealthyPipelineSafeModeRule] INFO  safemode.SCMSafeModeManager (HealthyPipelineSafeModeRule.java:process(124)) - SCM in safe mode. Healthy pipelines reported count is 0, required healthy pipeline reported count is 1
2022-06-16 16:21:42,926 [pool-817-thread-1] INFO  ratis.ContainerStateMachine (ContainerStateMachine.java:loadSnapshot(236)) - group-77EDB190DBAF: The snapshot info is null. Setting the last applied indexto:(t:0, i:~)
2022-06-16 16:21:42,928 [pool-817-thread-1] INFO  server.RaftServerConfigKeys (ConfUtils.java:logGet(46)) - raft.server.notification.no-leader.timeout = 300s (custom)
2022-06-16 16:21:42,929 [pool-817-thread-1] INFO  server.RaftServerConfigKeys (ConfUtils.java:logGet(46)) - raft.server.log.use.memory = false (default)
2022-06-16 16:21:42,929 [pool-817-thread-1] INFO  server.RaftServerConfigKeys (ConfUtils.java:logGet(46)) - raft.server.log.purge.gap = 1000000 (custom)
2022-06-16 16:21:42,929 [pool-817-thread-1] INFO  server.RaftServerConfigKeys (ConfUtils.java:logGet(46)) - raft.server.log.appender.buffer.byte-limit = 33554432 (custom)
2022-06-16 16:21:42,929 [pool-817-thread-1] INFO  server.RaftServerConfigKeys (ConfUtils.java:logGet(46)) - raft.server.log.statemachine.data.read.timeout = 1000ms (default)
2022-06-16 16:21:42,929 [pool-817-thread-1] INFO  server.RaftServerConfigKeys (ConfUtils.java:logGet(46)) - raft.server.log.segment.size.max = 1048576 (custom)
2022-06-16 16:21:42,929 [pool-817-thread-1] INFO  server.RaftServerConfigKeys (ConfUtils.java:logGet(46)) - raft.server.log.segment.cache.num.max = 2 (custom)
2022-06-16 16:21:42,929 [pool-817-thread-1] INFO  server.RaftServerConfigKeys (ConfUtils.java:logGet(46)) - raft.server.log.segment.cache.size.max = 200MB (=209715200) (default)
2022-06-16 16:21:42,929 [pool-817-thread-1] INFO  segmented.SegmentedRaftLogWorker (SegmentedRaftLogWorker.java:<init>(187)) - new cbc12831-31a5-4f31-a046-b81d852f61de@group-77EDB190DBAF-SegmentedRaftLogWorker for RaftStorageImpl:Storage Directory /home/runner/work/ozone/ozone/hadoop-ozone/integration-test/target/test-dir/MiniOzoneClusterImpl-41de4505-4fce-475e-a877-0dc0879048ec/datanode-0/data/ratis/63e4fd0f-f42c-4a53-ad53-77edb190dbaf
2022-06-16 16:21:42,929 [pool-817-thread-1] INFO  server.RaftServerConfigKeys (ConfUtils.java:logGet(46)) - raft.server.log.queue.byte-limit = 4294967296 (custom)
2022-06-16 16:21:42,929 [pool-817-thread-1] INFO  server.RaftServerConfigKeys (ConfUtils.java:logGet(46)) - raft.server.log.queue.element-limit = 1024 (custom)
2022-06-16 16:21:42,929 [pool-817-thread-1] INFO  server.RaftServerConfigKeys (ConfUtils.java:logGet(46)) - raft.server.log.segment.size.max = 1048576 (custom)
2022-06-16 16:21:42,930 [pool-817-thread-1] INFO  server.RaftServerConfigKeys (ConfUtils.java:logGet(46)) - raft.server.log.preallocated.size = 16384 (custom)
2022-06-16 16:21:42,930 [pool-817-thread-1] INFO  server.RaftServerConfigKeys (ConfUtils.java:logGet(46)) - raft.server.log.force.sync.num = 128 (default)
2022-06-16 16:21:42,930 [pool-817-thread-1] INFO  server.RaftServerConfigKeys (ConfUtils.java:logGet(46)) - raft.server.log.statemachine.data.sync = true (default)
2022-06-16 16:21:42,930 [pool-817-thread-1] INFO  server.RaftServerConfigKeys (ConfUtils.java:logGet(46)) - raft.server.log.statemachine.data.sync.timeout = 10s (default)
2022-06-16 16:21:42,930 [pool-817-thread-1] INFO  server.RaftServerConfigKeys (ConfUtils.java:logGet(46)) - raft.server.log.statemachine.data.sync.timeout.retry = -1 (default)
2022-06-16 16:21:42,931 [pool-817-thread-1] INFO  server.RaftServerConfigKeys (ConfUtils.java:logGet(46)) - raft.server.log.write.buffer.size = 1048576 (custom)
2022-06-16 16:21:42,931 [pool-817-thread-1] INFO  server.RaftServerConfigKeys (ConfUtils.java:logGet(46)) - raft.server.log.unsafe-flush.enabled = false (default)
2022-06-16 16:21:42,931 [pool-817-thread-1] INFO  server.RaftServerConfigKeys (ConfUtils.java:logGet(46)) - raft.server.log.statemachine.data.caching.enabled = true (custom)
2022-06-16 16:21:42,931 [pool-817-thread-1] INFO  segmented.SegmentedRaftLogWorker (SegmentedRaftLogWorker.java:lambda$new$0(135)) - cbc12831-31a5-4f31-a046-b81d852f61de@group-77EDB190DBAF-SegmentedRaftLogWorker: flushIndex: setUnconditionally 0 -> -1
2022-06-16 16:21:42,931 [pool-817-thread-1] INFO  segmented.SegmentedRaftLogWorker (SegmentedRaftLogWorker.java:lambda$new$0(135)) - cbc12831-31a5-4f31-a046-b81d852f61de@group-77EDB190DBAF-SegmentedRaftLogWorker: safeCacheEvictIndex: setUnconditionally 0 -> -1
2022-06-16 16:21:42,989 [pool-817-thread-1] INFO  server.RaftServerConfigKeys (ConfUtils.java:logGet(46)) - raft.server.snapshot.auto.trigger.enabled = true (custom)
2022-06-16 16:21:42,989 [pool-817-thread-1] INFO  server.RaftServerConfigKeys (ConfUtils.java:logGet(46)) - raft.server.snapshot.auto.trigger.threshold = 10000 (custom)
2022-06-16 16:21:42,989 [pool-817-thread-1] INFO  server.RaftServerConfigKeys (ConfUtils.java:logGet(46)) - raft.server.snapshot.retention.file.num = 5 (custom)
2022-06-16 16:21:42,989 [pool-817-thread-1] INFO  server.RaftServerConfigKeys (ConfUtils.java:logGet(46)) - raft.server.log.purge.upto.snapshot.index = false (default)
2022-06-16 16:21:42,989 [pool-817-thread-1] INFO  server.RaftServerConfigKeys (ConfUtils.java:logGet(46)) - raft.server.retrycache.expirytime = 600000ms (custom)
2022-06-16 16:21:42,989 [pool-817-thread-1] INFO  server.RaftServerConfigKeys (ConfUtils.java:logGet(46)) - raft.server.retrycache.statistics.expirytime = 100μs (default)
2022-06-16 16:21:42,995 [pool-817-thread-1] INFO  server.RaftServerConfigKeys (ConfUtils.java:logGet(46)) - raft.server.log.appender.install.snapshot.enabled = false (custom)
2022-06-16 16:21:42,996 [pool-817-thread-1] INFO  server.RaftServerConfigKeys (ConfUtils.java:logGet(46)) - raft.server.threadpool.server.cached = true (default)
2022-06-16 16:21:42,996 [pool-817-thread-1] INFO  server.RaftServerConfigKeys (ConfUtils.java:logGet(46)) - raft.server.threadpool.server.size = 0 (default)
2022-06-16 16:21:42,996 [pool-817-thread-1] INFO  server.RaftServerConfigKeys (ConfUtils.java:logGet(46)) - raft.server.threadpool.client.cached = true (default)
2022-06-16 16:21:42,996 [pool-817-thread-1] INFO  server.RaftServerConfigKeys (ConfUtils.java:logGet(46)) - raft.server.threadpool.client.size = 0 (default)
2022-06-16 16:21:42,996 [pool-817-thread-1] INFO  server.RaftServer$Division (RaftServerImpl.java:start(310)) - cbc12831-31a5-4f31-a046-b81d852f61de@group-77EDB190DBAF: start as a follower, conf=-1: [cbc12831-31a5-4f31-a046-b81d852f61de|rpc:10.1.0.16:42913|priority:1], old=null
2022-06-16 16:21:42,996 [pool-817-thread-1] INFO  server.RaftServer$Division (RaftServerImpl.java:setRole(299)) - cbc12831-31a5-4f31-a046-b81d852f61de@group-77EDB190DBAF: changes role from      null to FOLLOWER at term 0 for startAsFollower
2022-06-16 16:21:42,996 [pool-817-thread-1] INFO  impl.RoleInfo (RoleInfo.java:updateAndGet(139)) - cbc12831-31a5-4f31-a046-b81d852f61de: start cbc12831-31a5-4f31-a046-b81d852f61de@group-77EDB190DBAF-FollowerState
2022-06-16 16:21:43,017 [EndpointStateMachine task thread for /0.0.0.0:42437 - 0 ] INFO  volume.HddsVolume (HddsVolume.java:createDbStore(309)) - SchemaV3 db is created and loaded at /home/runner/work/ozone/ozone/hadoop-ozone/integration-test/target/test-dir/MiniOzoneClusterImpl-41de4505-4fce-475e-a877-0dc0879048ec/datanode-3/data-0/containers/hdds/41de4505-4fce-475e-a877-0dc0879048ec/DS-82148f55-1a28-412f-9180-6d150226f295/container.db for volume DS-82148f55-1a28-412f-9180-6d150226f295
2022-06-16 16:21:43,018 [EndpointStateMachine task thread for /0.0.0.0:42437 - 0 ] INFO  volume.HddsVolume (HddsVolume.java:closeDbStore(340)) - SchemaV3 db is stopped at /home/runner/work/ozone/ozone/hadoop-ozone/integration-test/target/test-dir/MiniOzoneClusterImpl-41de4505-4fce-475e-a877-0dc0879048ec/datanode-3/data-0/containers/hdds/41de4505-4fce-475e-a877-0dc0879048ec/DS-82148f55-1a28-412f-9180-6d150226f295/container.db for volume DS-82148f55-1a28-412f-9180-6d150226f295
2022-06-16 16:21:43,018 [EndpointStateMachine task thread for /0.0.0.0:42437 - 0 ] INFO  ozoneimpl.OzoneContainer (OzoneContainer.java:start(344)) - Attempting to start container services.
2022-06-16 16:21:43,018 [EndpointStateMachine task thread for /0.0.0.0:42437 - 0 ] INFO  ozoneimpl.OzoneContainer (OzoneContainer.java:startContainerScrub(279)) - Background container scanner has been disabled.
2022-06-16 16:21:43,022 [pool-817-thread-1] INFO  util.JmxRegister (JmxRegister.java:tryRegister(44)) - Successfully registered JMX Bean with object name Ratis:service=RaftServer,group=group-77EDB190DBAF,id=cbc12831-31a5-4f31-a046-b81d852f61de
2022-06-16 16:21:43,106 [Command processor thread] INFO  ratis.XceiverServerRatis (XceiverServerRatis.java:addGroup(765)) - Created group PipelineID=63e4fd0f-f42c-4a53-ad53-77edb190dbaf
2022-06-16 16:21:43,106 [Command processor thread] INFO  commandhandler.CreatePipelineCommandHandler (CreatePipelineCommandHandler.java:handle(113)) - Created Pipeline RATIS ONE PipelineID=63e4fd0f-f42c-4a53-ad53-77edb190dbaf.
2022-06-16 16:21:43,130 [EndpointStateMachine task thread for /0.0.0.0:42437 - 0 ] INFO  replication.ReplicationServer (ReplicationServer.java:start(111)) - ReplicationServer is started using port 40329
2022-06-16 16:21:43,131 [EndpointStateMachine task thread for /0.0.0.0:42437 - 0 ] INFO  ratis.XceiverServerRatis (XceiverServerRatis.java:start(481)) - Starting XceiverServerRatis 3ccaab51-594b-45d9-a95d-6a5841fc2e70
2022-06-16 16:21:43,138 [EndpointStateMachine task thread for /0.0.0.0:42437 - 0 ] INFO  server.RaftServer (RaftServerProxy.java:lambda$start$6(382)) - 3ccaab51-594b-45d9-a95d-6a5841fc2e70: start RPC server
2022-06-16 16:21:43,166 [IPC Server handler 4 on default port 42437] INFO  net.NetworkTopologyImpl (NetworkTopologyImpl.java:add(112)) - Added a new node: /default-rack/995fc94b-3f8e-410c-9bb6-8c0a727652de
2022-06-16 16:21:43,166 [IPC Server handler 4 on default port 42437] INFO  node.SCMNodeManager (SCMNodeManager.java:register(394)) - Registered Data node : 995fc94b-3f8e-410c-9bb6-8c0a727652de{ip: 10.1.0.16, host: fv-az37-268.zqe2tmcsx5vuvjs3sdc4q2yfud.gx.internal.cloudapp.net, ports: [REPLICATION=33241, RATIS=43709, RATIS_ADMIN=43709, RATIS_SERVER=43709, STANDALONE=37239], networkLocation: /default-rack, certSerialId: null, persistedOpState: null, persistedOpStateExpiryEpochSec: 0}
2022-06-16 16:21:43,166 [EventQueue-NodeRegistrationContainerReportForDataNodeSafeModeRule] INFO  safemode.SCMSafeModeManager (DataNodeSafeModeRule.java:process(71)) - SCM in safe mode. 3 DataNodes registered, 3 required.
2022-06-16 16:21:43,166 [EventQueue-NodeRegistrationContainerReportForDataNodeSafeModeRule] INFO  safemode.SCMSafeModeManager (SCMSafeModeManager.java:validateSafeModeExitRules(204)) - DataNodeSafeModeRule rule is successfully validated
2022-06-16 16:21:43,166 [EventQueue-NodeRegistrationContainerReportForDataNodeSafeModeRule] INFO  safemode.SCMSafeModeManager (SCMSafeModeManager.java:completePreCheck(233)) - All SCM safe mode pre check rules have passed
2022-06-16 16:21:43,166 [EventQueue-NodeRegistrationContainerReportForDataNodeSafeModeRule] WARN  events.EventQueue (EventQueue.java:fireEvent(194)) - No event handler registered for event TypedEvent{payloadType=SafeModeStatus, name='Safe mode status'}
2022-06-16 16:21:43,166 [EventQueue-NodeRegistrationContainerReportForDataNodeSafeModeRule] INFO  ha.SCMContext (SCMContext.java:updateSafeModeStatus(228)) - Update SafeModeStatus from SafeModeStatus{safeModeStatus=true, preCheckPassed=false} to SafeModeStatus{safeModeStatus=true, preCheckPassed=true}.
2022-06-16 16:21:43,166 [EventQueue-NodeRegistrationContainerReportForDataNodeSafeModeRule] INFO  pipeline.BackgroundPipelineCreator (BackgroundPipelineCreator.java:notifyEventTriggered(272)) - trigger a one-shot run on RatisPipelineUtilsThread.
2022-06-16 16:21:43,167 [RatisPipelineUtilsThread - 0] INFO  pipeline.RatisPipelineProvider (RatisPipelineProvider.java:lambda$create$0(195)) - Sending CreatePipelineCommand for pipeline:PipelineID=6ac938a8-7edb-409c-a415-e34f8108ffbf to datanode:995fc94b-3f8e-410c-9bb6-8c0a727652de
2022-06-16 16:21:43,167 [RatisPipelineUtilsThread - 0] INFO  pipeline.PipelineStateManagerImpl (PipelineStateManagerImpl.java:addPipeline(101)) - Created pipeline Pipeline[ Id: 6ac938a8-7edb-409c-a415-e34f8108ffbf, Nodes: 995fc94b-3f8e-410c-9bb6-8c0a727652de{ip: 10.1.0.16, host: fv-az37-268.zqe2tmcsx5vuvjs3sdc4q2yfud.gx.internal.cloudapp.net, ports: [REPLICATION=33241, RATIS=43709, RATIS_ADMIN=43709, RATIS_SERVER=43709, STANDALONE=37239], networkLocation: /default-rack, certSerialId: null, persistedOpState: IN_SERVICE, persistedOpStateExpiryEpochSec: 0}, ReplicationConfig: RATIS/ONE, State:ALLOCATED, leaderId:, CreationTimestamp2022-06-16T16:21:43.167Z[Etc/UTC]].
2022-06-16 16:21:43,167 [RatisPipelineUtilsThread - 0] INFO  pipeline.RatisPipelineProvider (RatisPipelineProvider.java:lambda$create$0(195)) - Sending CreatePipelineCommand for pipeline:PipelineID=c3dacbae-8d80-4417-b43c-d5dcd881b8ea to datanode:995fc94b-3f8e-410c-9bb6-8c0a727652de
2022-06-16 16:21:43,167 [RatisPipelineUtilsThread - 0] INFO  pipeline.RatisPipelineProvider (RatisPipelineProvider.java:lambda$create$0(195)) - Sending CreatePipelineCommand for pipeline:PipelineID=c3dacbae-8d80-4417-b43c-d5dcd881b8ea to datanode:6c743a47-4ce0-4970-944e-624fd1e2ad3d
2022-06-16 16:21:43,167 [RatisPipelineUtilsThread - 0] INFO  pipeline.RatisPipelineProvider (RatisPipelineProvider.java:lambda$create$0(195)) - Sending CreatePipelineCommand for pipeline:PipelineID=c3dacbae-8d80-4417-b43c-d5dcd881b8ea to datanode:cbc12831-31a5-4f31-a046-b81d852f61de
2022-06-16 16:21:43,167 [RatisPipelineUtilsThread - 0] INFO  pipeline.PipelineStateManagerImpl (PipelineStateManagerImpl.java:addPipeline(101)) - Created pipeline Pipeline[ Id: c3dacbae-8d80-4417-b43c-d5dcd881b8ea, Nodes: 995fc94b-3f8e-410c-9bb6-8c0a727652de{ip: 10.1.0.16, host: fv-az37-268.zqe2tmcsx5vuvjs3sdc4q2yfud.gx.internal.cloudapp.net, ports: [REPLICATION=33241, RATIS=43709, RATIS_ADMIN=43709, RATIS_SERVER=43709, STANDALONE=37239], networkLocation: /default-rack, certSerialId: null, persistedOpState: IN_SERVICE, persistedOpStateExpiryEpochSec: 0}6c743a47-4ce0-4970-944e-624fd1e2ad3d{ip: 10.1.0.16, host: fv-az37-268.zqe2tmcsx5vuvjs3sdc4q2yfud.gx.internal.cloudapp.net, ports: [REPLICATION=45633, RATIS=44833, RATIS_ADMIN=44833, RATIS_SERVER=44833, STANDALONE=41629], networkLocation: /default-rack, certSerialId: null, persistedOpState: IN_SERVICE, persistedOpStateExpiryEpochSec: 0}cbc12831-31a5-4f31-a046-b81d852f61de{ip: 10.1.0.16, host: fv-az37-268.zqe2tmcsx5vuvjs3sdc4q2yfud.gx.internal.cloudapp.net, ports: [REPLICATION=45157, RATIS=42913, RATIS_ADMIN=42913, RATIS_SERVER=42913, STANDALONE=40547], networkLocation: /default-rack, certSerialId: null, persistedOpState: IN_SERVICE, persistedOpStateExpiryEpochSec: 0}, ReplicationConfig: RATIS/THREE, State:ALLOCATED, leaderId:, CreationTimestamp2022-06-16T16:21:43.167Z[Etc/UTC]].
2022-06-16 16:21:43,168 [RatisPipelineUtilsThread - 0] INFO  pipeline.RatisPipelineProvider (RatisPipelineProvider.java:lambda$create$0(195)) - Sending CreatePipelineCommand for pipeline:PipelineID=c99e7ff5-5da8-4011-b0c7-fd2032a2fa14 to datanode:6c743a47-4ce0-4970-944e-624fd1e2ad3d
2022-06-16 16:21:43,168 [RatisPipelineUtilsThread - 0] INFO  pipeline.RatisPipelineProvider (RatisPipelineProvider.java:lambda$create$0(195)) - Sending CreatePipelineCommand for pipeline:PipelineID=c99e7ff5-5da8-4011-b0c7-fd2032a2fa14 to datanode:995fc94b-3f8e-410c-9bb6-8c0a727652de
2022-06-16 16:21:43,168 [RatisPipelineUtilsThread - 0] INFO  pipeline.RatisPipelineProvider (RatisPipelineProvider.java:lambda$create$0(195)) - Sending CreatePipelineCommand for pipeline:PipelineID=c99e7ff5-5da8-4011-b0c7-fd2032a2fa14 to datanode:cbc12831-31a5-4f31-a046-b81d852f61de
2022-06-16 16:21:43,168 [RatisPipelineUtilsThread - 0] INFO  pipeline.PipelineStateManagerImpl (PipelineStateManagerImpl.java:addPipeline(101)) - Created pipeline Pipeline[ Id: c99e7ff5-5da8-4011-b0c7-fd2032a2fa14, Nodes: 6c743a47-4ce0-4970-944e-624fd1e2ad3d{ip: 10.1.0.16, host: fv-az37-268.zqe2tmcsx5vuvjs3sdc4q2yfud.gx.internal.cloudapp.net, ports: [REPLICATION=45633, RATIS=44833, RATIS_ADMIN=44833, RATIS_SERVER=44833, STANDALONE=41629], networkLocation: /default-rack, certSerialId: null, persistedOpState: IN_SERVICE, persistedOpStateExpiryEpochSec: 0}995fc94b-3f8e-410c-9bb6-8c0a727652de{ip: 10.1.0.16, host: fv-az37-268.zqe2tmcsx5vuvjs3sdc4q2yfud.gx.internal.cloudapp.net, ports: [REPLICATION=33241, RATIS=43709, RATIS_ADMIN=43709, RATIS_SERVER=43709, STANDALONE=37239], networkLocation: /default-rack, certSerialId: null, persistedOpState: IN_SERVICE, persistedOpStateExpiryEpochSec: 0}cbc12831-31a5-4f31-a046-b81d852f61de{ip: 10.1.0.16, host: fv-az37-268.zqe2tmcsx5vuvjs3sdc4q2yfud.gx.internal.cloudapp.net, ports: [REPLICATION=45157, RATIS=42913, RATIS_ADMIN=42913, RATIS_SERVER=42913, STANDALONE=40547], networkLocation: /default-rack, certSerialId: null, persistedOpState: IN_SERVICE, persistedOpStateExpiryEpochSec: 0}, ReplicationConfig: RATIS/THREE, State:ALLOCATED, leaderId:, CreationTimestamp2022-06-16T16:21:43.168Z[Etc/UTC]].
2022-06-16 16:21:43,168 [RatisPipelineUtilsThread - 0] INFO  pipeline.PipelineManagerImpl (PipelineManagerImpl.java:recordMetricsForPipeline(715)) - Pipeline: PipelineID=c99e7ff5-5da8-4011-b0c7-fd2032a2fa14 contains same datanodes as previous pipelines: PipelineID=c3dacbae-8d80-4417-b43c-d5dcd881b8ea nodeIds: 6c743a47-4ce0-4970-944e-624fd1e2ad3d, 995fc94b-3f8e-410c-9bb6-8c0a727652de, cbc12831-31a5-4f31-a046-b81d852f61de
2022-06-16 16:21:43,170 [EventQueue-NewNodeForNewNodeHandler] INFO  pipeline.BackgroundPipelineCreator (BackgroundPipelineCreator.java:notifyEventTriggered(272)) - trigger a one-shot run on RatisPipelineUtilsThread.
2022-06-16 16:21:43,174 [EndpointStateMachine task thread for /0.0.0.0:42437 - 0 ] INFO  server.GrpcService (GrpcService.java:startImpl(260)) - 3ccaab51-594b-45d9-a95d-6a5841fc2e70: GrpcService started, listening on 42747
2022-06-16 16:21:43,174 [EndpointStateMachine task thread for /0.0.0.0:42437 - 0 ] INFO  ratis.XceiverServerRatis (XceiverServerRatis.java:getRealPort(502)) - XceiverServerRatis 3ccaab51-594b-45d9-a95d-6a5841fc2e70 is started using port 42747 for RATIS
2022-06-16 16:21:43,175 [EndpointStateMachine task thread for /0.0.0.0:42437 - 0 ] INFO  ratis.XceiverServerRatis (XceiverServerRatis.java:getRealPort(502)) - XceiverServerRatis 3ccaab51-594b-45d9-a95d-6a5841fc2e70 is started using port 42747 for RATIS_ADMIN
2022-06-16 16:21:43,175 [EndpointStateMachine task thread for /0.0.0.0:42437 - 0 ] INFO  ratis.XceiverServerRatis (XceiverServerRatis.java:getRealPort(502)) - XceiverServerRatis 3ccaab51-594b-45d9-a95d-6a5841fc2e70 is started using port 42747 for RATIS_SERVER
2022-06-16 16:21:43,175 [org.apache.ratis.util.JvmPauseMonitor$$Lambda$611/1702991963@f659f07] INFO  util.JvmPauseMonitor (JvmPauseMonitor.java:run(103)) - JvmPauseMonitor-3ccaab51-594b-45d9-a95d-6a5841fc2e70: Started
2022-06-16 16:21:43,251 [EndpointStateMachine task thread for /0.0.0.0:42437 - 0 ] INFO  server.XceiverServerGrpc (XceiverServerGrpc.java:start(180)) - XceiverServerGrpc 3ccaab51-594b-45d9-a95d-6a5841fc2e70 is started using port 42127
2022-06-16 16:21:43,346 [Listener at 127.0.0.1/33505] INFO  ozone.MiniOzoneClusterImpl (MiniOzoneClusterImpl.java:lambda$waitForClusterToBeReady$0(221)) - Waiting for nodes to be ready. Got 3 of 5 DN Heartbeats.
2022-06-16 16:21:43,346 [Listener at 127.0.0.1/33505] INFO  ozone.MiniOzoneClusterImpl (MiniOzoneClusterImpl.java:lambda$waitForClusterToBeReady$0(224)) - Waiting for cluster to exit safe mode
2022-06-16 16:21:43,346 [Listener at 127.0.0.1/33505] INFO  ozone.MiniOzoneClusterImpl (MiniOzoneClusterImpl.java:lambda$waitForClusterToBeReady$0(226)) - SCM became leader
2022-06-16 16:21:44,346 [Listener at 127.0.0.1/33505] INFO  ozone.MiniOzoneClusterImpl (MiniOzoneClusterImpl.java:lambda$waitForClusterToBeReady$0(221)) - Waiting for nodes to be ready. Got 3 of 5 DN Heartbeats.
2022-06-16 16:21:44,347 [Listener at 127.0.0.1/33505] INFO  ozone.MiniOzoneClusterImpl (MiniOzoneClusterImpl.java:lambda$waitForClusterToBeReady$0(224)) - Waiting for cluster to exit safe mode
2022-06-16 16:21:44,347 [Listener at 127.0.0.1/33505] INFO  ozone.MiniOzoneClusterImpl (MiniOzoneClusterImpl.java:lambda$waitForClusterToBeReady$0(226)) - SCM became leader
2022-06-16 16:21:44,506 [Command processor thread] INFO  server.RaftServer (RaftServerProxy.java:addNew(96)) - 6c743a47-4ce0-4970-944e-624fd1e2ad3d: addNew group-7F5D31A11A2C:[6c743a47-4ce0-4970-944e-624fd1e2ad3d|rpc:10.1.0.16:44833|priority:1] returns group-7F5D31A11A2C:java.util.concurrent.CompletableFuture@13c87bea[Not completed]
2022-06-16 16:21:44,542 [pool-839-thread-1] INFO  server.RaftServer$Division (RaftServerImpl.java:<init>(190)) - 6c743a47-4ce0-4970-944e-624fd1e2ad3d: new RaftServerImpl for group-7F5D31A11A2C:[6c743a47-4ce0-4970-944e-624fd1e2ad3d|rpc:10.1.0.16:44833|priority:1] with ContainerStateMachine:uninitialized
2022-06-16 16:21:44,543 [pool-839-thread-1] INFO  server.RaftServerConfigKeys (ConfUtils.java:logGet(46)) - raft.server.rpc.timeout.min = 5s (custom)
2022-06-16 16:21:44,543 [pool-839-thread-1] INFO  server.RaftServerConfigKeys (ConfUtils.java:logGet(46)) - raft.server.rpc.timeout.max = 5200ms (custom)
2022-06-16 16:21:44,543 [pool-839-thread-1] INFO  server.RaftServerConfigKeys (ConfUtils.java:logGet(46)) - raft.server.rpc.sleep.time = 25ms (default)
2022-06-16 16:21:44,543 [pool-839-thread-1] INFO  server.RaftServerConfigKeys (ConfUtils.java:logGet(46)) - raft.server.rpc.slowness.timeout = 300s (custom)
2022-06-16 16:21:44,543 [pool-839-thread-1] INFO  server.RaftServerConfigKeys (ConfUtils.java:logGet(46)) - raft.server.leaderelection.leader.step-down.wait-time = 10s (default)
2022-06-16 16:21:44,543 [pool-839-thread-1] INFO  server.RaftServerConfigKeys (ConfUtils.java:logGet(46)) - raft.server.sleep.deviation.threshold = 300ms (default)
2022-06-16 16:21:44,543 [pool-839-thread-1] INFO  server.RaftServer$Division (ServerState.java:<init>(107)) - 6c743a47-4ce0-4970-944e-624fd1e2ad3d@group-7F5D31A11A2C: ConfigurationManager, init=-1: [6c743a47-4ce0-4970-944e-624fd1e2ad3d|rpc:10.1.0.16:44833|priority:1], old=null, confs=<EMPTY_MAP>
2022-06-16 16:21:44,543 [pool-839-thread-1] INFO  server.RaftServerConfigKeys (ConfUtils.java:logGet(46)) - raft.server.storage.dir = [/home/runner/work/ozone/ozone/hadoop-ozone/integration-test/target/test-dir/MiniOzoneClusterImpl-41de4505-4fce-475e-a877-0dc0879048ec/datanode-1/data/ratis] (custom)
2022-06-16 16:21:44,543 [pool-839-thread-1] INFO  server.RaftServerConfigKeys (ConfUtils.java:logGet(46)) - raft.server.log.corruption.policy = EXCEPTION (default)
2022-06-16 16:21:44,543 [pool-839-thread-1] INFO  server.RaftServerConfigKeys (ConfUtils.java:logGet(46)) - raft.server.storage.free-space.min = 0MB (=0) (default)
2022-06-16 16:21:44,543 [pool-839-thread-1] INFO  storage.RaftStorageDirectory (RaftStorageDirectoryImpl.java:analyzeStorage(135)) - The storage directory /home/runner/work/ozone/ozone/hadoop-ozone/integration-test/target/test-dir/MiniOzoneClusterImpl-41de4505-4fce-475e-a877-0dc0879048ec/datanode-1/data/ratis/cff2593e-e25b-4dda-b4dd-7f5d31a11a2c does not exist. Creating ...
2022-06-16 16:21:44,547 [pool-839-thread-1] INFO  storage.RaftStorageDirectory (RaftStorageDirectoryImpl.java:tryLock(230)) - Lock on /home/runner/work/ozone/ozone/hadoop-ozone/integration-test/target/test-dir/MiniOzoneClusterImpl-41de4505-4fce-475e-a877-0dc0879048ec/datanode-1/data/ratis/cff2593e-e25b-4dda-b4dd-7f5d31a11a2c/in_use.lock acquired by nodename 3861@fv-az37-268
2022-06-16 16:21:44,549 [pool-839-thread-1] INFO  storage.RaftStorage (RaftStorageImpl.java:format(89)) - Storage directory /home/runner/work/ozone/ozone/hadoop-ozone/integration-test/target/test-dir/MiniOzoneClusterImpl-41de4505-4fce-475e-a877-0dc0879048ec/datanode-1/data/ratis/cff2593e-e25b-4dda-b4dd-7f5d31a11a2c has been successfully formatted.
2022-06-16 16:21:44,566 [pool-839-thread-1] INFO  ratis.ContainerStateMachine (ContainerStateMachine.java:loadSnapshot(236)) - group-7F5D31A11A2C: The snapshot info is null. Setting the last applied indexto:(t:0, i:~)
2022-06-16 16:21:44,566 [pool-839-thread-1] INFO  server.RaftServerConfigKeys (ConfUtils.java:logGet(46)) - raft.server.notification.no-leader.timeout = 300s (custom)
2022-06-16 16:21:44,566 [pool-839-thread-1] INFO  server.RaftServerConfigKeys (ConfUtils.java:logGet(46)) - raft.server.log.use.memory = false (default)
2022-06-16 16:21:44,566 [pool-839-thread-1] INFO  server.RaftServerConfigKeys (ConfUtils.java:logGet(46)) - raft.server.log.purge.gap = 1000000 (custom)
2022-06-16 16:21:44,566 [pool-839-thread-1] INFO  server.RaftServerConfigKeys (ConfUtils.java:logGet(46)) - raft.server.log.appender.buffer.byte-limit = 33554432 (custom)
2022-06-16 16:21:44,566 [pool-839-thread-1] INFO  server.RaftServerConfigKeys (ConfUtils.java:logGet(46)) - raft.server.log.statemachine.data.read.timeout = 1000ms (default)
2022-06-16 16:21:44,566 [pool-839-thread-1] INFO  server.RaftServerConfigKeys (ConfUtils.java:logGet(46)) - raft.server.log.segment.size.max = 1048576 (custom)
2022-06-16 16:21:44,567 [pool-839-thread-1] INFO  server.RaftServerConfigKeys (ConfUtils.java:logGet(46)) - raft.server.log.segment.cache.num.max = 2 (custom)
2022-06-16 16:21:44,567 [pool-839-thread-1] INFO  server.RaftServerConfigKeys (ConfUtils.java:logGet(46)) - raft.server.log.segment.cache.size.max = 200MB (=209715200) (default)
2022-06-16 16:21:44,567 [pool-839-thread-1] INFO  segmented.SegmentedRaftLogWorker (SegmentedRaftLogWorker.java:<init>(187)) - new 6c743a47-4ce0-4970-944e-624fd1e2ad3d@group-7F5D31A11A2C-SegmentedRaftLogWorker for RaftStorageImpl:Storage Directory /home/runner/work/ozone/ozone/hadoop-ozone/integration-test/target/test-dir/MiniOzoneClusterImpl-41de4505-4fce-475e-a877-0dc0879048ec/datanode-1/data/ratis/cff2593e-e25b-4dda-b4dd-7f5d31a11a2c
2022-06-16 16:21:44,567 [pool-839-thread-1] INFO  server.RaftServerConfigKeys (ConfUtils.java:logGet(46)) - raft.server.log.queue.byte-limit = 4294967296 (custom)
2022-06-16 16:21:44,567 [pool-839-thread-1] INFO  server.RaftServerConfigKeys (ConfUtils.java:logGet(46)) - raft.server.log.queue.element-limit = 1024 (custom)
2022-06-16 16:21:44,567 [pool-839-thread-1] INFO  server.RaftServerConfigKeys (ConfUtils.java:logGet(46)) - raft.server.log.segment.size.max = 1048576 (custom)
2022-06-16 16:21:44,567 [pool-839-thread-1] INFO  server.RaftServerConfigKeys (ConfUtils.java:logGet(46)) - raft.server.log.preallocated.size = 16384 (custom)
2022-06-16 16:21:44,567 [pool-839-thread-1] INFO  server.RaftServerConfigKeys (ConfUtils.java:logGet(46)) - raft.server.log.force.sync.num = 128 (default)
2022-06-16 16:21:44,567 [pool-839-thread-1] INFO  server.RaftServerConfigKeys (ConfUtils.java:logGet(46)) - raft.server.log.statemachine.data.sync = true (default)
2022-06-16 16:21:44,567 [pool-839-thread-1] INFO  server.RaftServerConfigKeys (ConfUtils.java:logGet(46)) - raft.server.log.statemachine.data.sync.timeout = 10s (default)
2022-06-16 16:21:44,567 [pool-839-thread-1] INFO  server.RaftServerConfigKeys (ConfUtils.java:logGet(46)) - raft.server.log.statemachine.data.sync.timeout.retry = -1 (default)
2022-06-16 16:21:44,568 [pool-839-thread-1] INFO  server.RaftServerConfigKeys (ConfUtils.java:logGet(46)) - raft.server.log.write.buffer.size = 1048576 (custom)
2022-06-16 16:21:44,569 [pool-839-thread-1] INFO  server.RaftServerConfigKeys (ConfUtils.java:logGet(46)) - raft.server.log.unsafe-flush.enabled = false (default)
2022-06-16 16:21:44,569 [pool-839-thread-1] INFO  server.RaftServerConfigKeys (ConfUtils.java:logGet(46)) - raft.server.log.statemachine.data.caching.enabled = true (custom)
2022-06-16 16:21:44,569 [pool-839-thread-1] INFO  segmented.SegmentedRaftLogWorker (SegmentedRaftLogWorker.java:lambda$new$0(135)) - 6c743a47-4ce0-4970-944e-624fd1e2ad3d@group-7F5D31A11A2C-SegmentedRaftLogWorker: flushIndex: setUnconditionally 0 -> -1
2022-06-16 16:21:44,569 [pool-839-thread-1] INFO  segmented.SegmentedRaftLogWorker (SegmentedRaftLogWorker.java:lambda$new$0(135)) - 6c743a47-4ce0-4970-944e-624fd1e2ad3d@group-7F5D31A11A2C-SegmentedRaftLogWorker: safeCacheEvictIndex: setUnconditionally 0 -> -1
2022-06-16 16:21:44,586 [pool-839-thread-1] INFO  server.RaftServerConfigKeys (ConfUtils.java:logGet(46)) - raft.server.snapshot.auto.trigger.enabled = true (custom)
2022-06-16 16:21:44,586 [pool-839-thread-1] INFO  server.RaftServerConfigKeys (ConfUtils.java:logGet(46)) - raft.server.snapshot.auto.trigger.threshold = 10000 (custom)
2022-06-16 16:21:44,586 [pool-839-thread-1] INFO  server.RaftServerConfigKeys (ConfUtils.java:logGet(46)) - raft.server.snapshot.retention.file.num = 5 (custom)
2022-06-16 16:21:44,586 [pool-839-thread-1] INFO  server.RaftServerConfigKeys (ConfUtils.java:logGet(46)) - raft.server.log.purge.upto.snapshot.index = false (default)
2022-06-16 16:21:44,586 [pool-839-thread-1] INFO  server.RaftServerConfigKeys (ConfUtils.java:logGet(46)) - raft.server.retrycache.expirytime = 600000ms (custom)
2022-06-16 16:21:44,586 [pool-839-thread-1] INFO  server.RaftServerConfigKeys (ConfUtils.java:logGet(46)) - raft.server.retrycache.statistics.expirytime = 100μs (default)
2022-06-16 16:21:44,587 [pool-839-thread-1] INFO  server.RaftServerConfigKeys (ConfUtils.java:logGet(46)) - raft.server.log.appender.install.snapshot.enabled = false (custom)
2022-06-16 16:21:44,587 [pool-839-thread-1] INFO  server.RaftServerConfigKeys (ConfUtils.java:logGet(46)) - raft.server.threadpool.server.cached = true (default)
2022-06-16 16:21:44,587 [pool-839-thread-1] INFO  server.RaftServerConfigKeys (ConfUtils.java:logGet(46)) - raft.server.threadpool.server.size = 0 (default)
2022-06-16 16:21:44,587 [pool-839-thread-1] INFO  server.RaftServerConfigKeys (ConfUtils.java:logGet(46)) - raft.server.threadpool.client.cached = true (default)
2022-06-16 16:21:44,587 [pool-839-thread-1] INFO  server.RaftServerConfigKeys (ConfUtils.java:logGet(46)) - raft.server.threadpool.client.size = 0 (default)
2022-06-16 16:21:44,587 [pool-839-thread-1] INFO  server.RaftServer$Division (RaftServerImpl.java:start(310)) - 6c743a47-4ce0-4970-944e-624fd1e2ad3d@group-7F5D31A11A2C: start as a follower, conf=-1: [6c743a47-4ce0-4970-944e-624fd1e2ad3d|rpc:10.1.0.16:44833|priority:1], old=null
2022-06-16 16:21:44,588 [pool-839-thread-1] INFO  server.RaftServer$Division (RaftServerImpl.java:setRole(299)) - 6c743a47-4ce0-4970-944e-624fd1e2ad3d@group-7F5D31A11A2C: changes role from      null to FOLLOWER at term 0 for startAsFollower
2022-06-16 16:21:44,588 [pool-839-thread-1] INFO  impl.RoleInfo (RoleInfo.java:updateAndGet(139)) - 6c743a47-4ce0-4970-944e-624fd1e2ad3d: start 6c743a47-4ce0-4970-944e-624fd1e2ad3d@group-7F5D31A11A2C-FollowerState
2022-06-16 16:21:44,588 [EventQueue-PipelineReportForPipelineReportHandler] INFO  pipeline.PipelineManagerImpl (PipelineManagerImpl.java:openPipeline(356)) - Pipeline Pipeline[ Id: cff2593e-e25b-4dda-b4dd-7f5d31a11a2c, Nodes: 6c743a47-4ce0-4970-944e-624fd1e2ad3d{ip: 10.1.0.16, host: fv-az37-268.zqe2tmcsx5vuvjs3sdc4q2yfud.gx.internal.cloudapp.net, ports: [REPLICATION=45633, RATIS=44833, RATIS_ADMIN=44833, RATIS_SERVER=44833, STANDALONE=41629], networkLocation: /default-rack, certSerialId: null, persistedOpState: IN_SERVICE, persistedOpStateExpiryEpochSec: 0}, ReplicationConfig: RATIS/ONE, State:ALLOCATED, leaderId:6c743a47-4ce0-4970-944e-624fd1e2ad3d, CreationTimestamp2022-06-16T16:21:41.494Z[Etc/UTC]] moved to OPEN state
2022-06-16 16:21:44,610 [pool-839-thread-1] INFO  util.JmxRegister (JmxRegister.java:tryRegister(44)) - Successfully registered JMX Bean with object name Ratis:service=RaftServer,group=group-7F5D31A11A2C,id=6c743a47-4ce0-4970-944e-624fd1e2ad3d
2022-06-16 16:21:44,638 [Command processor thread] INFO  ratis.XceiverServerRatis (XceiverServerRatis.java:addGroup(765)) - Created group PipelineID=cff2593e-e25b-4dda-b4dd-7f5d31a11a2c
2022-06-16 16:21:44,638 [Command processor thread] INFO  commandhandler.CreatePipelineCommandHandler (CreatePipelineCommandHandler.java:handle(113)) - Created Pipeline RATIS ONE PipelineID=cff2593e-e25b-4dda-b4dd-7f5d31a11a2c.
2022-06-16 16:21:44,638 [Command processor thread] INFO  server.RaftServer (RaftServerProxy.java:addNew(96)) - 6c743a47-4ce0-4970-944e-624fd1e2ad3d: addNew group-D5DCD881B8EA:[995fc94b-3f8e-410c-9bb6-8c0a727652de|rpc:10.1.0.16:43709|priority:1, cbc12831-31a5-4f31-a046-b81d852f61de|rpc:10.1.0.16:42913|priority:0, 6c743a47-4ce0-4970-944e-624fd1e2ad3d|rpc:10.1.0.16:44833|priority:0] returns group-D5DCD881B8EA:java.util.concurrent.CompletableFuture@17f7ed4b[Not completed]
2022-06-16 16:21:44,638 [EventQueue-OpenPipelineForHealthyPipelineSafeModeRule] INFO  safemode.SCMSafeModeManager (HealthyPipelineSafeModeRule.java:process(124)) - SCM in safe mode. Healthy pipelines reported count is 0, required healthy pipeline reported count is 1
2022-06-16 16:21:44,640 [pool-839-thread-1] INFO  server.RaftServer$Division (RaftServerImpl.java:<init>(190)) - 6c743a47-4ce0-4970-944e-624fd1e2ad3d: new RaftServerImpl for group-D5DCD881B8EA:[995fc94b-3f8e-410c-9bb6-8c0a727652de|rpc:10.1.0.16:43709|priority:1, cbc12831-31a5-4f31-a046-b81d852f61de|rpc:10.1.0.16:42913|priority:0, 6c743a47-4ce0-4970-944e-624fd1e2ad3d|rpc:10.1.0.16:44833|priority:0] with ContainerStateMachine:uninitialized
2022-06-16 16:21:44,640 [pool-839-thread-1] INFO  server.RaftServerConfigKeys (ConfUtils.java:logGet(46)) - raft.server.rpc.timeout.min = 5s (custom)
2022-06-16 16:21:44,640 [pool-839-thread-1] INFO  server.RaftServerConfigKeys (ConfUtils.java:logGet(46)) - raft.server.rpc.timeout.max = 5200ms (custom)
2022-06-16 16:21:44,640 [pool-839-thread-1] INFO  server.RaftServerConfigKeys (ConfUtils.java:logGet(46)) - raft.server.rpc.sleep.time = 25ms (default)
2022-06-16 16:21:44,640 [pool-839-thread-1] INFO  server.RaftServerConfigKeys (ConfUtils.java:logGet(46)) - raft.server.rpc.slowness.timeout = 300s (custom)
2022-06-16 16:21:44,640 [pool-839-thread-1] INFO  server.RaftServerConfigKeys (ConfUtils.java:logGet(46)) - raft.server.leaderelection.leader.step-down.wait-time = 10s (default)
2022-06-16 16:21:44,640 [pool-839-thread-1] INFO  server.RaftServerConfigKeys (ConfUtils.java:logGet(46)) - raft.server.sleep.deviation.threshold = 300ms (default)
2022-06-16 16:21:44,640 [pool-839-thread-1] INFO  server.RaftServer$Division (ServerState.java:<init>(107)) - 6c743a47-4ce0-4970-944e-624fd1e2ad3d@group-D5DCD881B8EA: ConfigurationManager, init=-1: [995fc94b-3f8e-410c-9bb6-8c0a727652de|rpc:10.1.0.16:43709|priority:1, cbc12831-31a5-4f31-a046-b81d852f61de|rpc:10.1.0.16:42913|priority:0, 6c743a47-4ce0-4970-944e-624fd1e2ad3d|rpc:10.1.0.16:44833|priority:0], old=null, confs=<EMPTY_MAP>
2022-06-16 16:21:44,640 [pool-839-thread-1] INFO  server.RaftServerConfigKeys (ConfUtils.java:logGet(46)) - raft.server.storage.dir = [/home/runner/work/ozone/ozone/hadoop-ozone/integration-test/target/test-dir/MiniOzoneClusterImpl-41de4505-4fce-475e-a877-0dc0879048ec/datanode-1/data/ratis] (custom)
2022-06-16 16:21:44,641 [pool-839-thread-1] INFO  server.RaftServerConfigKeys (ConfUtils.java:logGet(46)) - raft.server.log.corruption.policy = EXCEPTION (default)
2022-06-16 16:21:44,641 [pool-839-thread-1] INFO  server.RaftServerConfigKeys (ConfUtils.java:logGet(46)) - raft.server.storage.free-space.min = 0MB (=0) (default)
2022-06-16 16:21:44,641 [pool-839-thread-1] INFO  storage.RaftStorageDirectory (RaftStorageDirectoryImpl.java:analyzeStorage(135)) - The storage directory /home/runner/work/ozone/ozone/hadoop-ozone/integration-test/target/test-dir/MiniOzoneClusterImpl-41de4505-4fce-475e-a877-0dc0879048ec/datanode-1/data/ratis/c3dacbae-8d80-4417-b43c-d5dcd881b8ea does not exist. Creating ...
2022-06-16 16:21:44,650 [pool-839-thread-1] INFO  storage.RaftStorageDirectory (RaftStorageDirectoryImpl.java:tryLock(230)) - Lock on /home/runner/work/ozone/ozone/hadoop-ozone/integration-test/target/test-dir/MiniOzoneClusterImpl-41de4505-4fce-475e-a877-0dc0879048ec/datanode-1/data/ratis/c3dacbae-8d80-4417-b43c-d5dcd881b8ea/in_use.lock acquired by nodename 3861@fv-az37-268
2022-06-16 16:21:44,654 [pool-839-thread-1] INFO  storage.RaftStorage (RaftStorageImpl.java:format(89)) - Storage directory /home/runner/work/ozone/ozone/hadoop-ozone/integration-test/target/test-dir/MiniOzoneClusterImpl-41de4505-4fce-475e-a877-0dc0879048ec/datanode-1/data/ratis/c3dacbae-8d80-4417-b43c-d5dcd881b8ea has been successfully formatted.
2022-06-16 16:21:44,654 [pool-839-thread-1] INFO  ratis.ContainerStateMachine (ContainerStateMachine.java:loadSnapshot(236)) - group-D5DCD881B8EA: The snapshot info is null. Setting the last applied indexto:(t:0, i:~)
2022-06-16 16:21:44,654 [pool-839-thread-1] INFO  server.RaftServerConfigKeys (ConfUtils.java:logGet(46)) - raft.server.notification.no-leader.timeout = 300s (custom)
2022-06-16 16:21:44,654 [pool-839-thread-1] INFO  server.RaftServerConfigKeys (ConfUtils.java:logGet(46)) - raft.server.log.use.memory = false (default)
2022-06-16 16:21:44,654 [pool-839-thread-1] INFO  server.RaftServerConfigKeys (ConfUtils.java:logGet(46)) - raft.server.log.purge.gap = 1000000 (custom)
2022-06-16 16:21:44,654 [pool-839-thread-1] INFO  server.RaftServerConfigKeys (ConfUtils.java:logGet(46)) - raft.server.log.appender.buffer.byte-limit = 33554432 (custom)
2022-06-16 16:21:44,654 [pool-839-thread-1] INFO  server.RaftServerConfigKeys (ConfUtils.java:logGet(46)) - raft.server.log.statemachine.data.read.timeout = 1000ms (default)
2022-06-16 16:21:44,654 [pool-839-thread-1] INFO  server.RaftServerConfigKeys (ConfUtils.java:logGet(46)) - raft.server.log.segment.size.max = 1048576 (custom)
2022-06-16 16:21:44,655 [pool-839-thread-1] INFO  server.RaftServerConfigKeys (ConfUtils.java:logGet(46)) - raft.server.log.segment.cache.num.max = 2 (custom)
2022-06-16 16:21:44,655 [pool-839-thread-1] INFO  server.RaftServerConfigKeys (ConfUtils.java:logGet(46)) - raft.server.log.segment.cache.size.max = 200MB (=209715200) (default)
2022-06-16 16:21:44,655 [pool-839-thread-1] INFO  segmented.SegmentedRaftLogWorker (SegmentedRaftLogWorker.java:<init>(187)) - new 6c743a47-4ce0-4970-944e-624fd1e2ad3d@group-D5DCD881B8EA-SegmentedRaftLogWorker for RaftStorageImpl:Storage Directory /home/runner/work/ozone/ozone/hadoop-ozone/integration-test/target/test-dir/MiniOzoneClusterImpl-41de4505-4fce-475e-a877-0dc0879048ec/datanode-1/data/ratis/c3dacbae-8d80-4417-b43c-d5dcd881b8ea
2022-06-16 16:21:44,655 [pool-839-thread-1] INFO  server.RaftServerConfigKeys (ConfUtils.java:logGet(46)) - raft.server.log.queue.byte-limit = 4294967296 (custom)
2022-06-16 16:21:44,655 [pool-839-thread-1] INFO  server.RaftServerConfigKeys (ConfUtils.java:logGet(46)) - raft.server.log.queue.element-limit = 1024 (custom)
2022-06-16 16:21:44,655 [pool-839-thread-1] INFO  server.RaftServerConfigKeys (ConfUtils.java:logGet(46)) - raft.server.log.segment.size.max = 1048576 (custom)
2022-06-16 16:21:44,655 [pool-839-thread-1] INFO  server.RaftServerConfigKeys (ConfUtils.java:logGet(46)) - raft.server.log.preallocated.size = 16384 (custom)
2022-06-16 16:21:44,655 [pool-839-thread-1] INFO  server.RaftServerConfigKeys (ConfUtils.java:logGet(46)) - raft.server.log.force.sync.num = 128 (default)
2022-06-16 16:21:44,655 [pool-839-thread-1] INFO  server.RaftServerConfigKeys (ConfUtils.java:logGet(46)) - raft.server.log.statemachine.data.sync = true (default)
2022-06-16 16:21:44,655 [pool-839-thread-1] INFO  server.RaftServerConfigKeys (ConfUtils.java:logGet(46)) - raft.server.log.statemachine.data.sync.timeout = 10s (default)
2022-06-16 16:21:44,655 [pool-839-thread-1] INFO  server.RaftServerConfigKeys (ConfUtils.java:logGet(46)) - raft.server.log.statemachine.data.sync.timeout.retry = -1 (default)
2022-06-16 16:21:44,656 [pool-839-thread-1] INFO  server.RaftServerConfigKeys (ConfUtils.java:logGet(46)) - raft.server.log.write.buffer.size = 1048576 (custom)
2022-06-16 16:21:44,657 [pool-839-thread-1] INFO  server.RaftServerConfigKeys (ConfUtils.java:logGet(46)) - raft.server.log.unsafe-flush.enabled = false (default)
2022-06-16 16:21:44,657 [pool-839-thread-1] INFO  server.RaftServerConfigKeys (ConfUtils.java:logGet(46)) - raft.server.log.statemachine.data.caching.enabled = true (custom)
2022-06-16 16:21:44,657 [pool-839-thread-1] INFO  segmented.SegmentedRaftLogWorker (SegmentedRaftLogWorker.java:lambda$new$0(135)) - 6c743a47-4ce0-4970-944e-624fd1e2ad3d@group-D5DCD881B8EA-SegmentedRaftLogWorker: flushIndex: setUnconditionally 0 -> -1
2022-06-16 16:21:44,657 [pool-839-thread-1] INFO  segmented.SegmentedRaftLogWorker (SegmentedRaftLogWorker.java:lambda$new$0(135)) - 6c743a47-4ce0-4970-944e-624fd1e2ad3d@group-D5DCD881B8EA-SegmentedRaftLogWorker: safeCacheEvictIndex: setUnconditionally 0 -> -1
2022-06-16 16:21:44,658 [EventQueue-OpenPipelineForHealthyPipelineSafeModeRule] INFO  safemode.SCMSafeModeManager (HealthyPipelineSafeModeRule.java:process(124)) - SCM in safe mode. Healthy pipelines reported count is 0, required healthy pipeline reported count is 1
2022-06-16 16:21:44,684 [pool-839-thread-1] INFO  server.RaftServerConfigKeys (ConfUtils.java:logGet(46)) - raft.server.snapshot.auto.trigger.enabled = true (custom)
2022-06-16 16:21:44,684 [pool-839-thread-1] INFO  server.RaftServerConfigKeys (ConfUtils.java:logGet(46)) - raft.server.snapshot.auto.trigger.threshold = 10000 (custom)
2022-06-16 16:21:44,684 [pool-839-thread-1] INFO  server.RaftServerConfigKeys (ConfUtils.java:logGet(46)) - raft.server.snapshot.retention.file.num = 5 (custom)
2022-06-16 16:21:44,684 [pool-839-thread-1] INFO  server.RaftServerConfigKeys (ConfUtils.java:logGet(46)) - raft.server.log.purge.upto.snapshot.index = false (default)
2022-06-16 16:21:44,685 [pool-839-thread-1] INFO  server.RaftServerConfigKeys (ConfUtils.java:logGet(46)) - raft.server.retrycache.expirytime = 600000ms (custom)
2022-06-16 16:21:44,685 [pool-839-thread-1] INFO  server.RaftServerConfigKeys (ConfUtils.java:logGet(46)) - raft.server.retrycache.statistics.expirytime = 100μs (default)
2022-06-16 16:21:44,686 [pool-839-thread-1] INFO  server.RaftServerConfigKeys (ConfUtils.java:logGet(46)) - raft.server.log.appender.install.snapshot.enabled = false (custom)
2022-06-16 16:21:44,686 [pool-839-thread-1] INFO  server.RaftServerConfigKeys (ConfUtils.java:logGet(46)) - raft.server.threadpool.server.cached = true (default)
2022-06-16 16:21:44,686 [pool-839-thread-1] INFO  server.RaftServerConfigKeys (ConfUtils.java:logGet(46)) - raft.server.threadpool.server.size = 0 (default)
2022-06-16 16:21:44,686 [pool-839-thread-1] INFO  server.RaftServerConfigKeys (ConfUtils.java:logGet(46)) - raft.server.threadpool.client.cached = true (default)
2022-06-16 16:21:44,686 [pool-839-thread-1] INFO  server.RaftServerConfigKeys (ConfUtils.java:logGet(46)) - raft.server.threadpool.client.size = 0 (default)
2022-06-16 16:21:44,686 [pool-839-thread-1] INFO  server.RaftServer$Division (RaftServerImpl.java:start(310)) - 6c743a47-4ce0-4970-944e-624fd1e2ad3d@group-D5DCD881B8EA: start as a follower, conf=-1: [995fc94b-3f8e-410c-9bb6-8c0a727652de|rpc:10.1.0.16:43709|priority:1, cbc12831-31a5-4f31-a046-b81d852f61de|rpc:10.1.0.16:42913|priority:0, 6c743a47-4ce0-4970-944e-624fd1e2ad3d|rpc:10.1.0.16:44833|priority:0], old=null
2022-06-16 16:21:44,686 [pool-839-thread-1] INFO  server.RaftServer$Division (RaftServerImpl.java:setRole(299)) - 6c743a47-4ce0-4970-944e-624fd1e2ad3d@group-D5DCD881B8EA: changes role from      null to FOLLOWER at term 0 for startAsFollower
2022-06-16 16:21:44,686 [pool-839-thread-1] INFO  impl.RoleInfo (RoleInfo.java:updateAndGet(139)) - 6c743a47-4ce0-4970-944e-624fd1e2ad3d: start 6c743a47-4ce0-4970-944e-624fd1e2ad3d@group-D5DCD881B8EA-FollowerState
2022-06-16 16:21:44,686 [pool-839-thread-1] INFO  util.JmxRegister (JmxRegister.java:tryRegister(44)) - Successfully registered JMX Bean with object name Ratis:service=RaftServer,group=group-D5DCD881B8EA,id=6c743a47-4ce0-4970-944e-624fd1e2ad3d
2022-06-16 16:21:44,687 [Command processor thread] INFO  ratis.XceiverServerRatis (XceiverServerRatis.java:addGroup(765)) - Created group PipelineID=c3dacbae-8d80-4417-b43c-d5dcd881b8ea
2022-06-16 16:21:44,705 [EndpointStateMachine task thread for /0.0.0.0:42437 - 0 ] INFO  volume.HddsVolume (HddsVolume.java:createDbStore(309)) - SchemaV3 db is created and loaded at /home/runner/work/ozone/ozone/hadoop-ozone/integration-test/target/test-dir/MiniOzoneClusterImpl-41de4505-4fce-475e-a877-0dc0879048ec/datanode-4/data-0/containers/hdds/41de4505-4fce-475e-a877-0dc0879048ec/DS-bc30e610-e23e-4908-a9eb-d840198420d4/container.db for volume DS-bc30e610-e23e-4908-a9eb-d840198420d4
2022-06-16 16:21:44,706 [EndpointStateMachine task thread for /0.0.0.0:42437 - 0 ] INFO  volume.HddsVolume (HddsVolume.java:closeDbStore(340)) - SchemaV3 db is stopped at /home/runner/work/ozone/ozone/hadoop-ozone/integration-test/target/test-dir/MiniOzoneClusterImpl-41de4505-4fce-475e-a877-0dc0879048ec/datanode-4/data-0/containers/hdds/41de4505-4fce-475e-a877-0dc0879048ec/DS-bc30e610-e23e-4908-a9eb-d840198420d4/container.db for volume DS-bc30e610-e23e-4908-a9eb-d840198420d4
2022-06-16 16:21:44,706 [EndpointStateMachine task thread for /0.0.0.0:42437 - 0 ] INFO  ozoneimpl.OzoneContainer (OzoneContainer.java:start(344)) - Attempting to start container services.
2022-06-16 16:21:44,706 [EndpointStateMachine task thread for /0.0.0.0:42437 - 0 ] INFO  ozoneimpl.OzoneContainer (OzoneContainer.java:startContainerScrub(279)) - Background container scanner has been disabled.
2022-06-16 16:21:44,750 [EndpointStateMachine task thread for /0.0.0.0:42437 - 0 ] INFO  replication.ReplicationServer (ReplicationServer.java:start(111)) - ReplicationServer is started using port 35147
2022-06-16 16:21:44,752 [EndpointStateMachine task thread for /0.0.0.0:42437 - 0 ] INFO  ratis.XceiverServerRatis (XceiverServerRatis.java:start(481)) - Starting XceiverServerRatis 1c79e798-ce4e-4731-abab-8f755a4e096a
2022-06-16 16:21:44,770 [EndpointStateMachine task thread for /0.0.0.0:42437 - 0 ] INFO  server.RaftServer (RaftServerProxy.java:lambda$start$6(382)) - 1c79e798-ce4e-4731-abab-8f755a4e096a: start RPC server
2022-06-16 16:21:44,798 [IPC Server handler 6 on default port 42437] INFO  net.NetworkTopologyImpl (NetworkTopologyImpl.java:add(112)) - Added a new node: /default-rack/3ccaab51-594b-45d9-a95d-6a5841fc2e70
2022-06-16 16:21:44,799 [IPC Server handler 6 on default port 42437] INFO  node.SCMNodeManager (SCMNodeManager.java:register(394)) - Registered Data node : 3ccaab51-594b-45d9-a95d-6a5841fc2e70{ip: 10.1.0.16, host: fv-az37-268.zqe2tmcsx5vuvjs3sdc4q2yfud.gx.internal.cloudapp.net, ports: [REPLICATION=40329, RATIS=42747, RATIS_ADMIN=42747, RATIS_SERVER=42747, STANDALONE=42127], networkLocation: /default-rack, certSerialId: null, persistedOpState: null, persistedOpStateExpiryEpochSec: 0}
2022-06-16 16:21:44,802 [EventQueue-NewNodeForNewNodeHandler] INFO  pipeline.BackgroundPipelineCreator (BackgroundPipelineCreator.java:notifyEventTriggered(272)) - trigger a one-shot run on RatisPipelineUtilsThread.
2022-06-16 16:21:44,802 [RatisPipelineUtilsThread - 0] INFO  pipeline.RatisPipelineProvider (RatisPipelineProvider.java:lambda$create$0(195)) - Sending CreatePipelineCommand for pipeline:PipelineID=1e111de9-d6ff-45c4-9efc-eafa9f045b93 to datanode:3ccaab51-594b-45d9-a95d-6a5841fc2e70
2022-06-16 16:21:44,802 [RatisPipelineUtilsThread - 0] INFO  pipeline.PipelineStateManagerImpl (PipelineStateManagerImpl.java:addPipeline(101)) - Created pipeline Pipeline[ Id: 1e111de9-d6ff-45c4-9efc-eafa9f045b93, Nodes: 3ccaab51-594b-45d9-a95d-6a5841fc2e70{ip: 10.1.0.16, host: fv-az37-268.zqe2tmcsx5vuvjs3sdc4q2yfud.gx.internal.cloudapp.net, ports: [REPLICATION=40329, RATIS=42747, RATIS_ADMIN=42747, RATIS_SERVER=42747, STANDALONE=42127], networkLocation: /default-rack, certSerialId: null, persistedOpState: IN_SERVICE, persistedOpStateExpiryEpochSec: 0}, ReplicationConfig: RATIS/ONE, State:ALLOCATED, leaderId:, CreationTimestamp2022-06-16T16:21:44.802Z[Etc/UTC]].
2022-06-16 16:21:44,840 [EndpointStateMachine task thread for /0.0.0.0:42437 - 0 ] INFO  server.GrpcService (GrpcService.java:startImpl(260)) - 1c79e798-ce4e-4731-abab-8f755a4e096a: GrpcService started, listening on 40089
2022-06-16 16:21:44,840 [EndpointStateMachine task thread for /0.0.0.0:42437 - 0 ] INFO  ratis.XceiverServerRatis (XceiverServerRatis.java:getRealPort(502)) - XceiverServerRatis 1c79e798-ce4e-4731-abab-8f755a4e096a is started using port 40089 for RATIS
2022-06-16 16:21:44,840 [EndpointStateMachine task thread for /0.0.0.0:42437 - 0 ] INFO  ratis.XceiverServerRatis (XceiverServerRatis.java:getRealPort(502)) - XceiverServerRatis 1c79e798-ce4e-4731-abab-8f755a4e096a is started using port 40089 for RATIS_ADMIN
2022-06-16 16:21:44,840 [EndpointStateMachine task thread for /0.0.0.0:42437 - 0 ] INFO  ratis.XceiverServerRatis (XceiverServerRatis.java:getRealPort(502)) - XceiverServerRatis 1c79e798-ce4e-4731-abab-8f755a4e096a is started using port 40089 for RATIS_SERVER
2022-06-16 16:21:44,840 [org.apache.ratis.util.JvmPauseMonitor$$Lambda$611/1702991963@1f4efa57] INFO  util.JvmPauseMonitor (JvmPauseMonitor.java:run(103)) - JvmPauseMonitor-1c79e798-ce4e-4731-abab-8f755a4e096a: Started
2022-06-16 16:21:44,881 [Command processor thread] INFO  server.RaftServer (RaftServerProxy.java:addNew(96)) - cbc12831-31a5-4f31-a046-b81d852f61de: addNew group-D5DCD881B8EA:[995fc94b-3f8e-410c-9bb6-8c0a727652de|rpc:10.1.0.16:43709|priority:1, cbc12831-31a5-4f31-a046-b81d852f61de|rpc:10.1.0.16:42913|priority:0, 6c743a47-4ce0-4970-944e-624fd1e2ad3d|rpc:10.1.0.16:44833|priority:0] returns group-D5DCD881B8EA:java.util.concurrent.CompletableFuture@55f1edc6[Not completed]
2022-06-16 16:21:44,881 [pool-817-thread-1] INFO  server.RaftServer$Division (RaftServerImpl.java:<init>(190)) - cbc12831-31a5-4f31-a046-b81d852f61de: new RaftServerImpl for group-D5DCD881B8EA:[995fc94b-3f8e-410c-9bb6-8c0a727652de|rpc:10.1.0.16:43709|priority:1, cbc12831-31a5-4f31-a046-b81d852f61de|rpc:10.1.0.16:42913|priority:0, 6c743a47-4ce0-4970-944e-624fd1e2ad3d|rpc:10.1.0.16:44833|priority:0] with ContainerStateMachine:uninitialized
2022-06-16 16:21:44,881 [pool-817-thread-1] INFO  server.RaftServerConfigKeys (ConfUtils.java:logGet(46)) - raft.server.rpc.timeout.min = 5s (custom)
2022-06-16 16:21:44,881 [pool-817-thread-1] INFO  server.RaftServerConfigKeys (ConfUtils.java:logGet(46)) - raft.server.rpc.timeout.max = 5200ms (custom)
2022-06-16 16:21:44,881 [pool-817-thread-1] INFO  server.RaftServerConfigKeys (ConfUtils.java:logGet(46)) - raft.server.rpc.sleep.time = 25ms (default)
2022-06-16 16:21:44,882 [pool-817-thread-1] INFO  server.RaftServerConfigKeys (ConfUtils.java:logGet(46)) - raft.server.rpc.slowness.timeout = 300s (custom)
2022-06-16 16:21:44,882 [pool-817-thread-1] INFO  server.RaftServerConfigKeys (ConfUtils.java:logGet(46)) - raft.server.leaderelection.leader.step-down.wait-time = 10s (default)
2022-06-16 16:21:44,882 [pool-817-thread-1] INFO  server.RaftServerConfigKeys (ConfUtils.java:logGet(46)) - raft.server.sleep.deviation.threshold = 300ms (default)
2022-06-16 16:21:44,882 [pool-817-thread-1] INFO  server.RaftServer$Division (ServerState.java:<init>(107)) - cbc12831-31a5-4f31-a046-b81d852f61de@group-D5DCD881B8EA: ConfigurationManager, init=-1: [995fc94b-3f8e-410c-9bb6-8c0a727652de|rpc:10.1.0.16:43709|priority:1, cbc12831-31a5-4f31-a046-b81d852f61de|rpc:10.1.0.16:42913|priority:0, 6c743a47-4ce0-4970-944e-624fd1e2ad3d|rpc:10.1.0.16:44833|priority:0], old=null, confs=<EMPTY_MAP>
2022-06-16 16:21:44,882 [pool-817-thread-1] INFO  server.RaftServerConfigKeys (ConfUtils.java:logGet(46)) - raft.server.storage.dir = [/home/runner/work/ozone/ozone/hadoop-ozone/integration-test/target/test-dir/MiniOzoneClusterImpl-41de4505-4fce-475e-a877-0dc0879048ec/datanode-0/data/ratis] (custom)
2022-06-16 16:21:44,886 [pool-817-thread-1] INFO  server.RaftServerConfigKeys (ConfUtils.java:logGet(46)) - raft.server.log.corruption.policy = EXCEPTION (default)
2022-06-16 16:21:44,886 [pool-817-thread-1] INFO  server.RaftServerConfigKeys (ConfUtils.java:logGet(46)) - raft.server.storage.free-space.min = 0MB (=0) (default)
2022-06-16 16:21:44,886 [pool-817-thread-1] INFO  storage.RaftStorageDirectory (RaftStorageDirectoryImpl.java:analyzeStorage(135)) - The storage directory /home/runner/work/ozone/ozone/hadoop-ozone/integration-test/target/test-dir/MiniOzoneClusterImpl-41de4505-4fce-475e-a877-0dc0879048ec/datanode-0/data/ratis/c3dacbae-8d80-4417-b43c-d5dcd881b8ea does not exist. Creating ...
2022-06-16 16:21:44,888 [pool-817-thread-1] INFO  storage.RaftStorageDirectory (RaftStorageDirectoryImpl.java:tryLock(230)) - Lock on /home/runner/work/ozone/ozone/hadoop-ozone/integration-test/target/test-dir/MiniOzoneClusterImpl-41de4505-4fce-475e-a877-0dc0879048ec/datanode-0/data/ratis/c3dacbae-8d80-4417-b43c-d5dcd881b8ea/in_use.lock acquired by nodename 3861@fv-az37-268
2022-06-16 16:21:44,899 [pool-817-thread-1] INFO  storage.RaftStorage (RaftStorageImpl.java:format(89)) - Storage directory /home/runner/work/ozone/ozone/hadoop-ozone/integration-test/target/test-dir/MiniOzoneClusterImpl-41de4505-4fce-475e-a877-0dc0879048ec/datanode-0/data/ratis/c3dacbae-8d80-4417-b43c-d5dcd881b8ea has been successfully formatted.
2022-06-16 16:21:44,899 [pool-817-thread-1] INFO  ratis.ContainerStateMachine (ContainerStateMachine.java:loadSnapshot(236)) - group-D5DCD881B8EA: The snapshot info is null. Setting the last applied indexto:(t:0, i:~)
2022-06-16 16:21:44,899 [pool-817-thread-1] INFO  server.RaftServerConfigKeys (ConfUtils.java:logGet(46)) - raft.server.notification.no-leader.timeout = 300s (custom)
2022-06-16 16:21:44,899 [pool-817-thread-1] INFO  server.RaftServerConfigKeys (ConfUtils.java:logGet(46)) - raft.server.log.use.memory = false (default)
2022-06-16 16:21:44,899 [pool-817-thread-1] INFO  server.RaftServerConfigKeys (ConfUtils.java:logGet(46)) - raft.server.log.purge.gap = 1000000 (custom)
2022-06-16 16:21:44,899 [pool-817-thread-1] INFO  server.RaftServerConfigKeys (ConfUtils.java:logGet(46)) - raft.server.log.appender.buffer.byte-limit = 33554432 (custom)
2022-06-16 16:21:44,899 [pool-817-thread-1] INFO  server.RaftServerConfigKeys (ConfUtils.java:logGet(46)) - raft.server.log.statemachine.data.read.timeout = 1000ms (default)
2022-06-16 16:21:44,899 [pool-817-thread-1] INFO  server.RaftServerConfigKeys (ConfUtils.java:logGet(46)) - raft.server.log.segment.size.max = 1048576 (custom)
2022-06-16 16:21:44,900 [pool-817-thread-1] INFO  server.RaftServerConfigKeys (ConfUtils.java:logGet(46)) - raft.server.log.segment.cache.num.max = 2 (custom)
2022-06-16 16:21:44,900 [pool-817-thread-1] INFO  server.RaftServerConfigKeys (ConfUtils.java:logGet(46)) - raft.server.log.segment.cache.size.max = 200MB (=209715200) (default)
2022-06-16 16:21:44,900 [pool-817-thread-1] INFO  segmented.SegmentedRaftLogWorker (SegmentedRaftLogWorker.java:<init>(187)) - new cbc12831-31a5-4f31-a046-b81d852f61de@group-D5DCD881B8EA-SegmentedRaftLogWorker for RaftStorageImpl:Storage Directory /home/runner/work/ozone/ozone/hadoop-ozone/integration-test/target/test-dir/MiniOzoneClusterImpl-41de4505-4fce-475e-a877-0dc0879048ec/datanode-0/data/ratis/c3dacbae-8d80-4417-b43c-d5dcd881b8ea
2022-06-16 16:21:44,900 [pool-817-thread-1] INFO  server.RaftServerConfigKeys (ConfUtils.java:logGet(46)) - raft.server.log.queue.byte-limit = 4294967296 (custom)
2022-06-16 16:21:44,900 [pool-817-thread-1] INFO  server.RaftServerConfigKeys (ConfUtils.java:logGet(46)) - raft.server.log.queue.element-limit = 1024 (custom)
2022-06-16 16:21:44,900 [pool-817-thread-1] INFO  server.RaftServerConfigKeys (ConfUtils.java:logGet(46)) - raft.server.log.segment.size.max = 1048576 (custom)
2022-06-16 16:21:44,900 [pool-817-thread-1] INFO  server.RaftServerConfigKeys (ConfUtils.java:logGet(46)) - raft.server.log.preallocated.size = 16384 (custom)
2022-06-16 16:21:44,900 [pool-817-thread-1] INFO  server.RaftServerConfigKeys (ConfUtils.java:logGet(46)) - raft.server.log.force.sync.num = 128 (default)
2022-06-16 16:21:44,900 [pool-817-thread-1] INFO  server.RaftServerConfigKeys (ConfUtils.java:logGet(46)) - raft.server.log.statemachine.data.sync = true (default)
2022-06-16 16:21:44,900 [pool-817-thread-1] INFO  server.RaftServerConfigKeys (ConfUtils.java:logGet(46)) - raft.server.log.statemachine.data.sync.timeout = 10s (default)
2022-06-16 16:21:44,900 [pool-817-thread-1] INFO  server.RaftServerConfigKeys (ConfUtils.java:logGet(46)) - raft.server.log.statemachine.data.sync.timeout.retry = -1 (default)
2022-06-16 16:21:44,901 [pool-817-thread-1] INFO  server.RaftServerConfigKeys (ConfUtils.java:logGet(46)) - raft.server.log.write.buffer.size = 1048576 (custom)
2022-06-16 16:21:44,902 [pool-817-thread-1] INFO  server.RaftServerConfigKeys (ConfUtils.java:logGet(46)) - raft.server.log.unsafe-flush.enabled = false (default)
2022-06-16 16:21:44,902 [pool-817-thread-1] INFO  server.RaftServerConfigKeys (ConfUtils.java:logGet(46)) - raft.server.log.statemachine.data.caching.enabled = true (custom)
2022-06-16 16:21:44,902 [pool-817-thread-1] INFO  segmented.SegmentedRaftLogWorker (SegmentedRaftLogWorker.java:lambda$new$0(135)) - cbc12831-31a5-4f31-a046-b81d852f61de@group-D5DCD881B8EA-SegmentedRaftLogWorker: flushIndex: setUnconditionally 0 -> -1
2022-06-16 16:21:44,902 [pool-817-thread-1] INFO  segmented.SegmentedRaftLogWorker (SegmentedRaftLogWorker.java:lambda$new$0(135)) - cbc12831-31a5-4f31-a046-b81d852f61de@group-D5DCD881B8EA-SegmentedRaftLogWorker: safeCacheEvictIndex: setUnconditionally 0 -> -1
2022-06-16 16:21:44,902 [pool-817-thread-1] INFO  server.RaftServerConfigKeys (ConfUtils.java:logGet(46)) - raft.server.snapshot.auto.trigger.enabled = true (custom)
2022-06-16 16:21:44,902 [pool-817-thread-1] INFO  server.RaftServerConfigKeys (ConfUtils.java:logGet(46)) - raft.server.snapshot.auto.trigger.threshold = 10000 (custom)
2022-06-16 16:21:44,902 [pool-817-thread-1] INFO  server.RaftServerConfigKeys (ConfUtils.java:logGet(46)) - raft.server.snapshot.retention.file.num = 5 (custom)
2022-06-16 16:21:44,902 [pool-817-thread-1] INFO  server.RaftServerConfigKeys (ConfUtils.java:logGet(46)) - raft.server.log.purge.upto.snapshot.index = false (default)
2022-06-16 16:21:44,902 [pool-817-thread-1] INFO  server.RaftServerConfigKeys (ConfUtils.java:logGet(46)) - raft.server.retrycache.expirytime = 600000ms (custom)
2022-06-16 16:21:44,902 [pool-817-thread-1] INFO  server.RaftServerConfigKeys (ConfUtils.java:logGet(46)) - raft.server.retrycache.statistics.expirytime = 100μs (default)
2022-06-16 16:21:44,904 [pool-817-thread-1] INFO  server.RaftServerConfigKeys (ConfUtils.java:logGet(46)) - raft.server.log.appender.install.snapshot.enabled = false (custom)
2022-06-16 16:21:44,904 [pool-817-thread-1] INFO  server.RaftServerConfigKeys (ConfUtils.java:logGet(46)) - raft.server.threadpool.server.cached = true (default)
2022-06-16 16:21:44,904 [pool-817-thread-1] INFO  server.RaftServerConfigKeys (ConfUtils.java:logGet(46)) - raft.server.threadpool.server.size = 0 (default)
2022-06-16 16:21:44,904 [pool-817-thread-1] INFO  server.RaftServerConfigKeys (ConfUtils.java:logGet(46)) - raft.server.threadpool.client.cached = true (default)
2022-06-16 16:21:44,904 [pool-817-thread-1] INFO  server.RaftServerConfigKeys (ConfUtils.java:logGet(46)) - raft.server.threadpool.client.size = 0 (default)
2022-06-16 16:21:44,904 [pool-817-thread-1] INFO  server.RaftServer$Division (RaftServerImpl.java:start(310)) - cbc12831-31a5-4f31-a046-b81d852f61de@group-D5DCD881B8EA: start as a follower, conf=-1: [995fc94b-3f8e-410c-9bb6-8c0a727652de|rpc:10.1.0.16:43709|priority:1, cbc12831-31a5-4f31-a046-b81d852f61de|rpc:10.1.0.16:42913|priority:0, 6c743a47-4ce0-4970-944e-624fd1e2ad3d|rpc:10.1.0.16:44833|priority:0], old=null
2022-06-16 16:21:44,904 [pool-817-thread-1] INFO  server.RaftServer$Division (RaftServerImpl.java:setRole(299)) - cbc12831-31a5-4f31-a046-b81d852f61de@group-D5DCD881B8EA: changes role from      null to FOLLOWER at term 0 for startAsFollower
2022-06-16 16:21:44,904 [pool-817-thread-1] INFO  impl.RoleInfo (RoleInfo.java:updateAndGet(139)) - cbc12831-31a5-4f31-a046-b81d852f61de: start cbc12831-31a5-4f31-a046-b81d852f61de@group-D5DCD881B8EA-FollowerState
2022-06-16 16:21:44,904 [pool-817-thread-1] INFO  util.JmxRegister (JmxRegister.java:tryRegister(44)) - Successfully registered JMX Bean with object name Ratis:service=RaftServer,group=group-D5DCD881B8EA,id=cbc12831-31a5-4f31-a046-b81d852f61de
2022-06-16 16:21:44,906 [Command processor thread] INFO  ratis.XceiverServerRatis (XceiverServerRatis.java:addGroup(765)) - Created group PipelineID=c3dacbae-8d80-4417-b43c-d5dcd881b8ea
2022-06-16 16:21:44,906 [EventQueue-OpenPipelineForHealthyPipelineSafeModeRule] INFO  safemode.SCMSafeModeManager (HealthyPipelineSafeModeRule.java:process(124)) - SCM in safe mode. Healthy pipelines reported count is 0, required healthy pipeline reported count is 1
2022-06-16 16:21:44,918 [EndpointStateMachine task thread for /0.0.0.0:42437 - 0 ] INFO  server.XceiverServerGrpc (XceiverServerGrpc.java:start(180)) - XceiverServerGrpc 1c79e798-ce4e-4731-abab-8f755a4e096a is started using port 35333
2022-06-16 16:21:44,955 [grpc-default-executor-0] INFO  server.RaftServer (RaftServerProxy.java:addNew(96)) - 995fc94b-3f8e-410c-9bb6-8c0a727652de: addNew group-D5DCD881B8EA:[995fc94b-3f8e-410c-9bb6-8c0a727652de|rpc:10.1.0.16:43709|dataStream:|priority:1, cbc12831-31a5-4f31-a046-b81d852f61de|rpc:10.1.0.16:42913|dataStream:|priority:0, 6c743a47-4ce0-4970-944e-624fd1e2ad3d|rpc:10.1.0.16:44833|dataStream:|priority:0] returns group-D5DCD881B8EA:java.util.concurrent.CompletableFuture@caa8b7e[Not completed]
2022-06-16 16:21:44,956 [pool-861-thread-1] INFO  server.RaftServer$Division (RaftServerImpl.java:<init>(190)) - 995fc94b-3f8e-410c-9bb6-8c0a727652de: new RaftServerImpl for group-D5DCD881B8EA:[995fc94b-3f8e-410c-9bb6-8c0a727652de|rpc:10.1.0.16:43709|dataStream:|priority:1, cbc12831-31a5-4f31-a046-b81d852f61de|rpc:10.1.0.16:42913|dataStream:|priority:0, 6c743a47-4ce0-4970-944e-624fd1e2ad3d|rpc:10.1.0.16:44833|dataStream:|priority:0] with ContainerStateMachine:uninitialized
2022-06-16 16:21:44,956 [pool-861-thread-1] INFO  server.RaftServerConfigKeys (ConfUtils.java:logGet(46)) - raft.server.rpc.timeout.min = 5s (custom)
2022-06-16 16:21:44,956 [pool-861-thread-1] INFO  server.RaftServerConfigKeys (ConfUtils.java:logGet(46)) - raft.server.rpc.timeout.max = 5200ms (custom)
2022-06-16 16:21:44,956 [pool-861-thread-1] INFO  server.RaftServerConfigKeys (ConfUtils.java:logGet(46)) - raft.server.rpc.sleep.time = 25ms (default)
2022-06-16 16:21:44,956 [pool-861-thread-1] INFO  server.RaftServerConfigKeys (ConfUtils.java:logGet(46)) - raft.server.rpc.slowness.timeout = 300s (custom)
2022-06-16 16:21:44,956 [pool-861-thread-1] INFO  server.RaftServerConfigKeys (ConfUtils.java:logGet(46)) - raft.server.leaderelection.leader.step-down.wait-time = 10s (default)
2022-06-16 16:21:44,956 [pool-861-thread-1] INFO  server.RaftServerConfigKeys (ConfUtils.java:logGet(46)) - raft.server.sleep.deviation.threshold = 300ms (default)
2022-06-16 16:21:44,956 [pool-861-thread-1] INFO  server.RaftServer$Division (ServerState.java:<init>(107)) - 995fc94b-3f8e-410c-9bb6-8c0a727652de@group-D5DCD881B8EA: ConfigurationManager, init=-1: [995fc94b-3f8e-410c-9bb6-8c0a727652de|rpc:10.1.0.16:43709|dataStream:|priority:1, cbc12831-31a5-4f31-a046-b81d852f61de|rpc:10.1.0.16:42913|dataStream:|priority:0, 6c743a47-4ce0-4970-944e-624fd1e2ad3d|rpc:10.1.0.16:44833|dataStream:|priority:0], old=null, confs=<EMPTY_MAP>
2022-06-16 16:21:44,956 [pool-861-thread-1] INFO  server.RaftServerConfigKeys (ConfUtils.java:logGet(46)) - raft.server.storage.dir = [/home/runner/work/ozone/ozone/hadoop-ozone/integration-test/target/test-dir/MiniOzoneClusterImpl-41de4505-4fce-475e-a877-0dc0879048ec/datanode-2/data/ratis] (custom)
2022-06-16 16:21:44,957 [pool-861-thread-1] INFO  server.RaftServerConfigKeys (ConfUtils.java:logGet(46)) - raft.server.log.corruption.policy = EXCEPTION (default)
2022-06-16 16:21:44,957 [pool-861-thread-1] INFO  server.RaftServerConfigKeys (ConfUtils.java:logGet(46)) - raft.server.storage.free-space.min = 0MB (=0) (default)
2022-06-16 16:21:44,957 [pool-861-thread-1] INFO  storage.RaftStorageDirectory (RaftStorageDirectoryImpl.java:analyzeStorage(135)) - The storage directory /home/runner/work/ozone/ozone/hadoop-ozone/integration-test/target/test-dir/MiniOzoneClusterImpl-41de4505-4fce-475e-a877-0dc0879048ec/datanode-2/data/ratis/c3dacbae-8d80-4417-b43c-d5dcd881b8ea does not exist. Creating ...
2022-06-16 16:21:44,959 [pool-861-thread-1] INFO  storage.RaftStorageDirectory (RaftStorageDirectoryImpl.java:tryLock(230)) - Lock on /home/runner/work/ozone/ozone/hadoop-ozone/integration-test/target/test-dir/MiniOzoneClusterImpl-41de4505-4fce-475e-a877-0dc0879048ec/datanode-2/data/ratis/c3dacbae-8d80-4417-b43c-d5dcd881b8ea/in_use.lock acquired by nodename 3861@fv-az37-268
2022-06-16 16:21:44,974 [pool-861-thread-1] INFO  storage.RaftStorage (RaftStorageImpl.java:format(89)) - Storage directory /home/runner/work/ozone/ozone/hadoop-ozone/integration-test/target/test-dir/MiniOzoneClusterImpl-41de4505-4fce-475e-a877-0dc0879048ec/datanode-2/data/ratis/c3dacbae-8d80-4417-b43c-d5dcd881b8ea has been successfully formatted.
2022-06-16 16:21:44,997 [pool-861-thread-1] INFO  ratis.ContainerStateMachine (ContainerStateMachine.java:loadSnapshot(236)) - group-D5DCD881B8EA: The snapshot info is null. Setting the last applied indexto:(t:0, i:~)
2022-06-16 16:21:45,010 [pool-861-thread-1] INFO  server.RaftServerConfigKeys (ConfUtils.java:logGet(46)) - raft.server.notification.no-leader.timeout = 300s (custom)
2022-06-16 16:21:45,010 [pool-861-thread-1] INFO  server.RaftServerConfigKeys (ConfUtils.java:logGet(46)) - raft.server.log.use.memory = false (default)
2022-06-16 16:21:45,010 [pool-861-thread-1] INFO  server.RaftServerConfigKeys (ConfUtils.java:logGet(46)) - raft.server.log.purge.gap = 1000000 (custom)
2022-06-16 16:21:45,010 [pool-861-thread-1] INFO  server.RaftServerConfigKeys (ConfUtils.java:logGet(46)) - raft.server.log.appender.buffer.byte-limit = 33554432 (custom)
2022-06-16 16:21:45,010 [pool-861-thread-1] INFO  server.RaftServerConfigKeys (ConfUtils.java:logGet(46)) - raft.server.log.statemachine.data.read.timeout = 1000ms (default)
2022-06-16 16:21:45,010 [pool-861-thread-1] INFO  server.RaftServerConfigKeys (ConfUtils.java:logGet(46)) - raft.server.log.segment.size.max = 1048576 (custom)
2022-06-16 16:21:45,011 [pool-861-thread-1] INFO  server.RaftServerConfigKeys (ConfUtils.java:logGet(46)) - raft.server.log.segment.cache.num.max = 2 (custom)
2022-06-16 16:21:45,011 [pool-861-thread-1] INFO  server.RaftServerConfigKeys (ConfUtils.java:logGet(46)) - raft.server.log.segment.cache.size.max = 200MB (=209715200) (default)
2022-06-16 16:21:45,011 [pool-861-thread-1] INFO  segmented.SegmentedRaftLogWorker (SegmentedRaftLogWorker.java:<init>(187)) - new 995fc94b-3f8e-410c-9bb6-8c0a727652de@group-D5DCD881B8EA-SegmentedRaftLogWorker for RaftStorageImpl:Storage Directory /home/runner/work/ozone/ozone/hadoop-ozone/integration-test/target/test-dir/MiniOzoneClusterImpl-41de4505-4fce-475e-a877-0dc0879048ec/datanode-2/data/ratis/c3dacbae-8d80-4417-b43c-d5dcd881b8ea
2022-06-16 16:21:45,011 [pool-861-thread-1] INFO  server.RaftServerConfigKeys (ConfUtils.java:logGet(46)) - raft.server.log.queue.byte-limit = 4294967296 (custom)
2022-06-16 16:21:45,011 [pool-861-thread-1] INFO  server.RaftServerConfigKeys (ConfUtils.java:logGet(46)) - raft.server.log.queue.element-limit = 1024 (custom)
2022-06-16 16:21:45,011 [pool-861-thread-1] INFO  server.RaftServerConfigKeys (ConfUtils.java:logGet(46)) - raft.server.log.segment.size.max = 1048576 (custom)
2022-06-16 16:21:45,011 [pool-861-thread-1] INFO  server.RaftServerConfigKeys (ConfUtils.java:logGet(46)) - raft.server.log.preallocated.size = 16384 (custom)
2022-06-16 16:21:45,011 [pool-861-thread-1] INFO  server.RaftServerConfigKeys (ConfUtils.java:logGet(46)) - raft.server.log.force.sync.num = 128 (default)
2022-06-16 16:21:45,011 [pool-861-thread-1] INFO  server.RaftServerConfigKeys (ConfUtils.java:logGet(46)) - raft.server.log.statemachine.data.sync = true (default)
2022-06-16 16:21:45,034 [pool-861-thread-1] INFO  server.RaftServerConfigKeys (ConfUtils.java:logGet(46)) - raft.server.log.statemachine.data.sync.timeout = 10s (default)
2022-06-16 16:21:45,034 [pool-861-thread-1] INFO  server.RaftServerConfigKeys (ConfUtils.java:logGet(46)) - raft.server.log.statemachine.data.sync.timeout.retry = -1 (default)
2022-06-16 16:21:45,035 [pool-861-thread-1] INFO  server.RaftServerConfigKeys (ConfUtils.java:logGet(46)) - raft.server.log.write.buffer.size = 1048576 (custom)
2022-06-16 16:21:45,035 [pool-861-thread-1] INFO  server.RaftServerConfigKeys (ConfUtils.java:logGet(46)) - raft.server.log.unsafe-flush.enabled = false (default)
2022-06-16 16:21:45,035 [pool-861-thread-1] INFO  server.RaftServerConfigKeys (ConfUtils.java:logGet(46)) - raft.server.log.statemachine.data.caching.enabled = true (custom)
2022-06-16 16:21:45,035 [pool-861-thread-1] INFO  segmented.SegmentedRaftLogWorker (SegmentedRaftLogWorker.java:lambda$new$0(135)) - 995fc94b-3f8e-410c-9bb6-8c0a727652de@group-D5DCD881B8EA-SegmentedRaftLogWorker: flushIndex: setUnconditionally 0 -> -1
2022-06-16 16:21:45,035 [pool-861-thread-1] INFO  segmented.SegmentedRaftLogWorker (SegmentedRaftLogWorker.java:lambda$new$0(135)) - 995fc94b-3f8e-410c-9bb6-8c0a727652de@group-D5DCD881B8EA-SegmentedRaftLogWorker: safeCacheEvictIndex: setUnconditionally 0 -> -1
2022-06-16 16:21:45,046 [pool-861-thread-1] INFO  server.RaftServerConfigKeys (ConfUtils.java:logGet(46)) - raft.server.snapshot.auto.trigger.enabled = true (custom)
2022-06-16 16:21:45,046 [pool-861-thread-1] INFO  server.RaftServerConfigKeys (ConfUtils.java:logGet(46)) - raft.server.snapshot.auto.trigger.threshold = 10000 (custom)
2022-06-16 16:21:45,046 [pool-861-thread-1] INFO  server.RaftServerConfigKeys (ConfUtils.java:logGet(46)) - raft.server.snapshot.retention.file.num = 5 (custom)
2022-06-16 16:21:45,046 [pool-861-thread-1] INFO  server.RaftServerConfigKeys (ConfUtils.java:logGet(46)) - raft.server.log.purge.upto.snapshot.index = false (default)
2022-06-16 16:21:45,046 [pool-861-thread-1] INFO  server.RaftServerConfigKeys (ConfUtils.java:logGet(46)) - raft.server.retrycache.expirytime = 600000ms (custom)
2022-06-16 16:21:45,046 [pool-861-thread-1] INFO  server.RaftServerConfigKeys (ConfUtils.java:logGet(46)) - raft.server.retrycache.statistics.expirytime = 100μs (default)
2022-06-16 16:21:45,047 [pool-861-thread-1] INFO  server.RaftServerConfigKeys (ConfUtils.java:logGet(46)) - raft.server.log.appender.install.snapshot.enabled = false (custom)
2022-06-16 16:21:45,047 [pool-861-thread-1] INFO  server.RaftServerConfigKeys (ConfUtils.java:logGet(46)) - raft.server.threadpool.server.cached = true (default)
2022-06-16 16:21:45,047 [pool-861-thread-1] INFO  server.RaftServerConfigKeys (ConfUtils.java:logGet(46)) - raft.server.threadpool.server.size = 0 (default)
2022-06-16 16:21:45,047 [pool-861-thread-1] INFO  server.RaftServerConfigKeys (ConfUtils.java:logGet(46)) - raft.server.threadpool.client.cached = true (default)
2022-06-16 16:21:45,047 [pool-861-thread-1] INFO  server.RaftServerConfigKeys (ConfUtils.java:logGet(46)) - raft.server.threadpool.client.size = 0 (default)
2022-06-16 16:21:45,047 [pool-861-thread-1] INFO  server.RaftServer$Division (RaftServerImpl.java:start(310)) - 995fc94b-3f8e-410c-9bb6-8c0a727652de@group-D5DCD881B8EA: start as a follower, conf=-1: [995fc94b-3f8e-410c-9bb6-8c0a727652de|rpc:10.1.0.16:43709|dataStream:|priority:1, cbc12831-31a5-4f31-a046-b81d852f61de|rpc:10.1.0.16:42913|dataStream:|priority:0, 6c743a47-4ce0-4970-944e-624fd1e2ad3d|rpc:10.1.0.16:44833|dataStream:|priority:0], old=null
2022-06-16 16:21:45,048 [pool-861-thread-1] INFO  server.RaftServer$Division (RaftServerImpl.java:setRole(299)) - 995fc94b-3f8e-410c-9bb6-8c0a727652de@group-D5DCD881B8EA: changes role from      null to FOLLOWER at term 0 for startAsFollower
2022-06-16 16:21:45,048 [pool-861-thread-1] INFO  impl.RoleInfo (RoleInfo.java:updateAndGet(139)) - 995fc94b-3f8e-410c-9bb6-8c0a727652de: start 995fc94b-3f8e-410c-9bb6-8c0a727652de@group-D5DCD881B8EA-FollowerState
2022-06-16 16:21:45,048 [pool-861-thread-1] INFO  util.JmxRegister (JmxRegister.java:tryRegister(44)) - Successfully registered JMX Bean with object name Ratis:service=RaftServer,group=group-D5DCD881B8EA,id=995fc94b-3f8e-410c-9bb6-8c0a727652de
2022-06-16 16:21:45,179 [Command processor thread] INFO  commandhandler.CreatePipelineCommandHandler (CreatePipelineCommandHandler.java:handle(113)) - Created Pipeline RATIS THREE PipelineID=c3dacbae-8d80-4417-b43c-d5dcd881b8ea.
2022-06-16 16:21:45,179 [Command processor thread] INFO  server.RaftServer (RaftServerProxy.java:addNew(96)) - 6c743a47-4ce0-4970-944e-624fd1e2ad3d: addNew group-FD2032A2FA14:[995fc94b-3f8e-410c-9bb6-8c0a727652de|rpc:10.1.0.16:43709|priority:0, cbc12831-31a5-4f31-a046-b81d852f61de|rpc:10.1.0.16:42913|priority:0, 6c743a47-4ce0-4970-944e-624fd1e2ad3d|rpc:10.1.0.16:44833|priority:1] returns group-FD2032A2FA14:java.util.concurrent.CompletableFuture@7ed3f2a3[Not completed]
2022-06-16 16:21:45,180 [pool-839-thread-1] INFO  server.RaftServer$Division (RaftServerImpl.java:<init>(190)) - 6c743a47-4ce0-4970-944e-624fd1e2ad3d: new RaftServerImpl for group-FD2032A2FA14:[995fc94b-3f8e-410c-9bb6-8c0a727652de|rpc:10.1.0.16:43709|priority:0, cbc12831-31a5-4f31-a046-b81d852f61de|rpc:10.1.0.16:42913|priority:0, 6c743a47-4ce0-4970-944e-624fd1e2ad3d|rpc:10.1.0.16:44833|priority:1] with ContainerStateMachine:uninitialized
2022-06-16 16:21:45,180 [pool-839-thread-1] INFO  server.RaftServerConfigKeys (ConfUtils.java:logGet(46)) - raft.server.rpc.timeout.min = 5s (custom)
2022-06-16 16:21:45,180 [pool-839-thread-1] INFO  server.RaftServerConfigKeys (ConfUtils.java:logGet(46)) - raft.server.rpc.timeout.max = 5200ms (custom)
2022-06-16 16:21:45,180 [pool-839-thread-1] INFO  server.RaftServerConfigKeys (ConfUtils.java:logGet(46)) - raft.server.rpc.sleep.time = 25ms (default)
2022-06-16 16:21:45,180 [pool-839-thread-1] INFO  server.RaftServerConfigKeys (ConfUtils.java:logGet(46)) - raft.server.rpc.slowness.timeout = 300s (custom)
2022-06-16 16:21:45,180 [pool-839-thread-1] INFO  server.RaftServerConfigKeys (ConfUtils.java:logGet(46)) - raft.server.leaderelection.leader.step-down.wait-time = 10s (default)
2022-06-16 16:21:45,180 [pool-839-thread-1] INFO  server.RaftServerConfigKeys (ConfUtils.java:logGet(46)) - raft.server.sleep.deviation.threshold = 300ms (default)
2022-06-16 16:21:45,180 [pool-839-thread-1] INFO  server.RaftServer$Division (ServerState.java:<init>(107)) - 6c743a47-4ce0-4970-944e-624fd1e2ad3d@group-FD2032A2FA14: ConfigurationManager, init=-1: [995fc94b-3f8e-410c-9bb6-8c0a727652de|rpc:10.1.0.16:43709|priority:0, cbc12831-31a5-4f31-a046-b81d852f61de|rpc:10.1.0.16:42913|priority:0, 6c743a47-4ce0-4970-944e-624fd1e2ad3d|rpc:10.1.0.16:44833|priority:1], old=null, confs=<EMPTY_MAP>
2022-06-16 16:21:45,180 [pool-839-thread-1] INFO  server.RaftServerConfigKeys (ConfUtils.java:logGet(46)) - raft.server.storage.dir = [/home/runner/work/ozone/ozone/hadoop-ozone/integration-test/target/test-dir/MiniOzoneClusterImpl-41de4505-4fce-475e-a877-0dc0879048ec/datanode-1/data/ratis] (custom)
2022-06-16 16:21:45,180 [pool-839-thread-1] INFO  server.RaftServerConfigKeys (ConfUtils.java:logGet(46)) - raft.server.log.corruption.policy = EXCEPTION (default)
2022-06-16 16:21:45,180 [pool-839-thread-1] INFO  server.RaftServerConfigKeys (ConfUtils.java:logGet(46)) - raft.server.storage.free-space.min = 0MB (=0) (default)
2022-06-16 16:21:45,180 [pool-839-thread-1] INFO  storage.RaftStorageDirectory (RaftStorageDirectoryImpl.java:analyzeStorage(135)) - The storage directory /home/runner/work/ozone/ozone/hadoop-ozone/integration-test/target/test-dir/MiniOzoneClusterImpl-41de4505-4fce-475e-a877-0dc0879048ec/datanode-1/data/ratis/c99e7ff5-5da8-4011-b0c7-fd2032a2fa14 does not exist. Creating ...
2022-06-16 16:21:45,190 [pool-839-thread-1] INFO  storage.RaftStorageDirectory (RaftStorageDirectoryImpl.java:tryLock(230)) - Lock on /home/runner/work/ozone/ozone/hadoop-ozone/integration-test/target/test-dir/MiniOzoneClusterImpl-41de4505-4fce-475e-a877-0dc0879048ec/datanode-1/data/ratis/c99e7ff5-5da8-4011-b0c7-fd2032a2fa14/in_use.lock acquired by nodename 3861@fv-az37-268
2022-06-16 16:21:45,194 [pool-839-thread-1] INFO  storage.RaftStorage (RaftStorageImpl.java:format(89)) - Storage directory /home/runner/work/ozone/ozone/hadoop-ozone/integration-test/target/test-dir/MiniOzoneClusterImpl-41de4505-4fce-475e-a877-0dc0879048ec/datanode-1/data/ratis/c99e7ff5-5da8-4011-b0c7-fd2032a2fa14 has been successfully formatted.
2022-06-16 16:21:45,194 [pool-839-thread-1] INFO  ratis.ContainerStateMachine (ContainerStateMachine.java:loadSnapshot(236)) - group-FD2032A2FA14: The snapshot info is null. Setting the last applied indexto:(t:0, i:~)
2022-06-16 16:21:45,195 [pool-839-thread-1] INFO  server.RaftServerConfigKeys (ConfUtils.java:logGet(46)) - raft.server.notification.no-leader.timeout = 300s (custom)
2022-06-16 16:21:45,195 [pool-839-thread-1] INFO  server.RaftServerConfigKeys (ConfUtils.java:logGet(46)) - raft.server.log.use.memory = false (default)
2022-06-16 16:21:45,195 [pool-839-thread-1] INFO  server.RaftServerConfigKeys (ConfUtils.java:logGet(46)) - raft.server.log.purge.gap = 1000000 (custom)
2022-06-16 16:21:45,195 [pool-839-thread-1] INFO  server.RaftServerConfigKeys (ConfUtils.java:logGet(46)) - raft.server.log.appender.buffer.byte-limit = 33554432 (custom)
2022-06-16 16:21:45,195 [pool-839-thread-1] INFO  server.RaftServerConfigKeys (ConfUtils.java:logGet(46)) - raft.server.log.statemachine.data.read.timeout = 1000ms (default)
2022-06-16 16:21:45,195 [pool-839-thread-1] INFO  server.RaftServerConfigKeys (ConfUtils.java:logGet(46)) - raft.server.log.segment.size.max = 1048576 (custom)
2022-06-16 16:21:45,195 [pool-839-thread-1] INFO  server.RaftServerConfigKeys (ConfUtils.java:logGet(46)) - raft.server.log.segment.cache.num.max = 2 (custom)
2022-06-16 16:21:45,195 [pool-839-thread-1] INFO  server.RaftServerConfigKeys (ConfUtils.java:logGet(46)) - raft.server.log.segment.cache.size.max = 200MB (=209715200) (default)
2022-06-16 16:21:45,195 [pool-839-thread-1] INFO  segmented.SegmentedRaftLogWorker (SegmentedRaftLogWorker.java:<init>(187)) - new 6c743a47-4ce0-4970-944e-624fd1e2ad3d@group-FD2032A2FA14-SegmentedRaftLogWorker for RaftStorageImpl:Storage Directory /home/runner/work/ozone/ozone/hadoop-ozone/integration-test/target/test-dir/MiniOzoneClusterImpl-41de4505-4fce-475e-a877-0dc0879048ec/datanode-1/data/ratis/c99e7ff5-5da8-4011-b0c7-fd2032a2fa14
2022-06-16 16:21:45,195 [pool-839-thread-1] INFO  server.RaftServerConfigKeys (ConfUtils.java:logGet(46)) - raft.server.log.queue.byte-limit = 4294967296 (custom)
2022-06-16 16:21:45,195 [pool-839-thread-1] INFO  server.RaftServerConfigKeys (ConfUtils.java:logGet(46)) - raft.server.log.queue.element-limit = 1024 (custom)
2022-06-16 16:21:45,195 [pool-839-thread-1] INFO  server.RaftServerConfigKeys (ConfUtils.java:logGet(46)) - raft.server.log.segment.size.max = 1048576 (custom)
2022-06-16 16:21:45,195 [pool-839-thread-1] INFO  server.RaftServerConfigKeys (ConfUtils.java:logGet(46)) - raft.server.log.preallocated.size = 16384 (custom)
2022-06-16 16:21:45,196 [pool-839-thread-1] INFO  server.RaftServerConfigKeys (ConfUtils.java:logGet(46)) - raft.server.log.force.sync.num = 128 (default)
2022-06-16 16:21:45,196 [pool-839-thread-1] INFO  server.RaftServerConfigKeys (ConfUtils.java:logGet(46)) - raft.server.log.statemachine.data.sync = true (default)
2022-06-16 16:21:45,196 [pool-839-thread-1] INFO  server.RaftServerConfigKeys (ConfUtils.java:logGet(46)) - raft.server.log.statemachine.data.sync.timeout = 10s (default)
2022-06-16 16:21:45,196 [pool-839-thread-1] INFO  server.RaftServerConfigKeys (ConfUtils.java:logGet(46)) - raft.server.log.statemachine.data.sync.timeout.retry = -1 (default)
2022-06-16 16:21:45,196 [pool-839-thread-1] INFO  server.RaftServerConfigKeys (ConfUtils.java:logGet(46)) - raft.server.log.write.buffer.size = 1048576 (custom)
2022-06-16 16:21:45,200 [EventQueue-OpenPipelineForHealthyPipelineSafeModeRule] INFO  safemode.SCMSafeModeManager (HealthyPipelineSafeModeRule.java:process(124)) - SCM in safe mode. Healthy pipelines reported count is 0, required healthy pipeline reported count is 1
2022-06-16 16:21:45,213 [Command processor thread] INFO  commandhandler.CreatePipelineCommandHandler (CreatePipelineCommandHandler.java:handle(113)) - Created Pipeline RATIS THREE PipelineID=c3dacbae-8d80-4417-b43c-d5dcd881b8ea.
2022-06-16 16:21:45,213 [Command processor thread] INFO  server.RaftServer (RaftServerProxy.java:addNew(96)) - cbc12831-31a5-4f31-a046-b81d852f61de: addNew group-FD2032A2FA14:[995fc94b-3f8e-410c-9bb6-8c0a727652de|rpc:10.1.0.16:43709|priority:0, cbc12831-31a5-4f31-a046-b81d852f61de|rpc:10.1.0.16:42913|priority:0, 6c743a47-4ce0-4970-944e-624fd1e2ad3d|rpc:10.1.0.16:44833|priority:1] returns group-FD2032A2FA14:java.util.concurrent.CompletableFuture@7f746c9b[Not completed]
2022-06-16 16:21:45,214 [pool-817-thread-1] INFO  server.RaftServer$Division (RaftServerImpl.java:<init>(190)) - cbc12831-31a5-4f31-a046-b81d852f61de: new RaftServerImpl for group-FD2032A2FA14:[995fc94b-3f8e-410c-9bb6-8c0a727652de|rpc:10.1.0.16:43709|priority:0, cbc12831-31a5-4f31-a046-b81d852f61de|rpc:10.1.0.16:42913|priority:0, 6c743a47-4ce0-4970-944e-624fd1e2ad3d|rpc:10.1.0.16:44833|priority:1] with ContainerStateMachine:uninitialized
2022-06-16 16:21:45,214 [pool-817-thread-1] INFO  server.RaftServerConfigKeys (ConfUtils.java:logGet(46)) - raft.server.rpc.timeout.min = 5s (custom)
2022-06-16 16:21:45,214 [pool-817-thread-1] INFO  server.RaftServerConfigKeys (ConfUtils.java:logGet(46)) - raft.server.rpc.timeout.max = 5200ms (custom)
2022-06-16 16:21:45,214 [pool-817-thread-1] INFO  server.RaftServerConfigKeys (ConfUtils.java:logGet(46)) - raft.server.rpc.sleep.time = 25ms (default)
2022-06-16 16:21:45,214 [pool-817-thread-1] INFO  server.RaftServerConfigKeys (ConfUtils.java:logGet(46)) - raft.server.rpc.slowness.timeout = 300s (custom)
2022-06-16 16:21:45,214 [pool-817-thread-1] INFO  server.RaftServerConfigKeys (ConfUtils.java:logGet(46)) - raft.server.leaderelection.leader.step-down.wait-time = 10s (default)
2022-06-16 16:21:45,214 [pool-817-thread-1] INFO  server.RaftServerConfigKeys (ConfUtils.java:logGet(46)) - raft.server.sleep.deviation.threshold = 300ms (default)
2022-06-16 16:21:45,214 [pool-817-thread-1] INFO  server.RaftServer$Division (ServerState.java:<init>(107)) - cbc12831-31a5-4f31-a046-b81d852f61de@group-FD2032A2FA14: ConfigurationManager, init=-1: [995fc94b-3f8e-410c-9bb6-8c0a727652de|rpc:10.1.0.16:43709|priority:0, cbc12831-31a5-4f31-a046-b81d852f61de|rpc:10.1.0.16:42913|priority:0, 6c743a47-4ce0-4970-944e-624fd1e2ad3d|rpc:10.1.0.16:44833|priority:1], old=null, confs=<EMPTY_MAP>
2022-06-16 16:21:45,214 [pool-817-thread-1] INFO  server.RaftServerConfigKeys (ConfUtils.java:logGet(46)) - raft.server.storage.dir = [/home/runner/work/ozone/ozone/hadoop-ozone/integration-test/target/test-dir/MiniOzoneClusterImpl-41de4505-4fce-475e-a877-0dc0879048ec/datanode-0/data/ratis] (custom)
2022-06-16 16:21:45,214 [pool-817-thread-1] INFO  server.RaftServerConfigKeys (ConfUtils.java:logGet(46)) - raft.server.log.corruption.policy = EXCEPTION (default)
2022-06-16 16:21:45,214 [pool-817-thread-1] INFO  server.RaftServerConfigKeys (ConfUtils.java:logGet(46)) - raft.server.storage.free-space.min = 0MB (=0) (default)
2022-06-16 16:21:45,214 [pool-817-thread-1] INFO  storage.RaftStorageDirectory (RaftStorageDirectoryImpl.java:analyzeStorage(135)) - The storage directory /home/runner/work/ozone/ozone/hadoop-ozone/integration-test/target/test-dir/MiniOzoneClusterImpl-41de4505-4fce-475e-a877-0dc0879048ec/datanode-0/data/ratis/c99e7ff5-5da8-4011-b0c7-fd2032a2fa14 does not exist. Creating ...
2022-06-16 16:21:45,215 [pool-817-thread-1] INFO  storage.RaftStorageDirectory (RaftStorageDirectoryImpl.java:tryLock(230)) - Lock on /home/runner/work/ozone/ozone/hadoop-ozone/integration-test/target/test-dir/MiniOzoneClusterImpl-41de4505-4fce-475e-a877-0dc0879048ec/datanode-0/data/ratis/c99e7ff5-5da8-4011-b0c7-fd2032a2fa14/in_use.lock acquired by nodename 3861@fv-az37-268
2022-06-16 16:21:45,219 [pool-817-thread-1] INFO  storage.RaftStorage (RaftStorageImpl.java:format(89)) - Storage directory /home/runner/work/ozone/ozone/hadoop-ozone/integration-test/target/test-dir/MiniOzoneClusterImpl-41de4505-4fce-475e-a877-0dc0879048ec/datanode-0/data/ratis/c99e7ff5-5da8-4011-b0c7-fd2032a2fa14 has been successfully formatted.
2022-06-16 16:21:45,219 [pool-817-thread-1] INFO  ratis.ContainerStateMachine (ContainerStateMachine.java:loadSnapshot(236)) - group-FD2032A2FA14: The snapshot info is null. Setting the last applied indexto:(t:0, i:~)
2022-06-16 16:21:45,219 [pool-817-thread-1] INFO  server.RaftServerConfigKeys (ConfUtils.java:logGet(46)) - raft.server.notification.no-leader.timeout = 300s (custom)
2022-06-16 16:21:45,220 [pool-817-thread-1] INFO  server.RaftServerConfigKeys (ConfUtils.java:logGet(46)) - raft.server.log.use.memory = false (default)
2022-06-16 16:21:45,220 [pool-817-thread-1] INFO  server.RaftServerConfigKeys (ConfUtils.java:logGet(46)) - raft.server.log.purge.gap = 1000000 (custom)
2022-06-16 16:21:45,220 [pool-817-thread-1] INFO  server.RaftServerConfigKeys (ConfUtils.java:logGet(46)) - raft.server.log.appender.buffer.byte-limit = 33554432 (custom)
2022-06-16 16:21:45,220 [pool-817-thread-1] INFO  server.RaftServerConfigKeys (ConfUtils.java:logGet(46)) - raft.server.log.statemachine.data.read.timeout = 1000ms (default)
2022-06-16 16:21:45,220 [pool-817-thread-1] INFO  server.RaftServerConfigKeys (ConfUtils.java:logGet(46)) - raft.server.log.segment.size.max = 1048576 (custom)
2022-06-16 16:21:45,220 [pool-817-thread-1] INFO  server.RaftServerConfigKeys (ConfUtils.java:logGet(46)) - raft.server.log.segment.cache.num.max = 2 (custom)
2022-06-16 16:21:45,220 [pool-817-thread-1] INFO  server.RaftServerConfigKeys (ConfUtils.java:logGet(46)) - raft.server.log.segment.cache.size.max = 200MB (=209715200) (default)
2022-06-16 16:21:45,220 [pool-817-thread-1] INFO  segmented.SegmentedRaftLogWorker (SegmentedRaftLogWorker.java:<init>(187)) - new cbc12831-31a5-4f31-a046-b81d852f61de@group-FD2032A2FA14-SegmentedRaftLogWorker for RaftStorageImpl:Storage Directory /home/runner/work/ozone/ozone/hadoop-ozone/integration-test/target/test-dir/MiniOzoneClusterImpl-41de4505-4fce-475e-a877-0dc0879048ec/datanode-0/data/ratis/c99e7ff5-5da8-4011-b0c7-fd2032a2fa14
2022-06-16 16:21:45,220 [pool-817-thread-1] INFO  server.RaftServerConfigKeys (ConfUtils.java:logGet(46)) - raft.server.log.queue.byte-limit = 4294967296 (custom)
2022-06-16 16:21:45,220 [pool-817-thread-1] INFO  server.RaftServerConfigKeys (ConfUtils.java:logGet(46)) - raft.server.log.queue.element-limit = 1024 (custom)
2022-06-16 16:21:45,220 [pool-817-thread-1] INFO  server.RaftServerConfigKeys (ConfUtils.java:logGet(46)) - raft.server.log.segment.size.max = 1048576 (custom)
2022-06-16 16:21:45,220 [pool-817-thread-1] INFO  server.RaftServerConfigKeys (ConfUtils.java:logGet(46)) - raft.server.log.preallocated.size = 16384 (custom)
2022-06-16 16:21:45,220 [pool-817-thread-1] INFO  server.RaftServerConfigKeys (ConfUtils.java:logGet(46)) - raft.server.log.force.sync.num = 128 (default)
2022-06-16 16:21:45,220 [pool-817-thread-1] INFO  server.RaftServerConfigKeys (ConfUtils.java:logGet(46)) - raft.server.log.statemachine.data.sync = true (default)
2022-06-16 16:21:45,220 [pool-817-thread-1] INFO  server.RaftServerConfigKeys (ConfUtils.java:logGet(46)) - raft.server.log.statemachine.data.sync.timeout = 10s (default)
2022-06-16 16:21:45,220 [pool-817-thread-1] INFO  server.RaftServerConfigKeys (ConfUtils.java:logGet(46)) - raft.server.log.statemachine.data.sync.timeout.retry = -1 (default)
2022-06-16 16:21:45,221 [pool-817-thread-1] INFO  server.RaftServerConfigKeys (ConfUtils.java:logGet(46)) - raft.server.log.write.buffer.size = 1048576 (custom)
2022-06-16 16:21:45,222 [pool-817-thread-1] INFO  server.RaftServerConfigKeys (ConfUtils.java:logGet(46)) - raft.server.log.unsafe-flush.enabled = false (default)
2022-06-16 16:21:45,222 [pool-817-thread-1] INFO  server.RaftServerConfigKeys (ConfUtils.java:logGet(46)) - raft.server.log.statemachine.data.caching.enabled = true (custom)
2022-06-16 16:21:45,222 [pool-817-thread-1] INFO  segmented.SegmentedRaftLogWorker (SegmentedRaftLogWorker.java:lambda$new$0(135)) - cbc12831-31a5-4f31-a046-b81d852f61de@group-FD2032A2FA14-SegmentedRaftLogWorker: flushIndex: setUnconditionally 0 -> -1
2022-06-16 16:21:45,223 [EventQueue-OpenPipelineForHealthyPipelineSafeModeRule] INFO  safemode.SCMSafeModeManager (HealthyPipelineSafeModeRule.java:process(124)) - SCM in safe mode. Healthy pipelines reported count is 0, required healthy pipeline reported count is 1
2022-06-16 16:21:45,223 [pool-817-thread-1] INFO  segmented.SegmentedRaftLogWorker (SegmentedRaftLogWorker.java:lambda$new$0(135)) - cbc12831-31a5-4f31-a046-b81d852f61de@group-FD2032A2FA14-SegmentedRaftLogWorker: safeCacheEvictIndex: setUnconditionally 0 -> -1
2022-06-16 16:21:45,238 [pool-817-thread-1] INFO  server.RaftServerConfigKeys (ConfUtils.java:logGet(46)) - raft.server.snapshot.auto.trigger.enabled = true (custom)
2022-06-16 16:21:45,238 [pool-817-thread-1] INFO  server.RaftServerConfigKeys (ConfUtils.java:logGet(46)) - raft.server.snapshot.auto.trigger.threshold = 10000 (custom)
2022-06-16 16:21:45,238 [pool-817-thread-1] INFO  server.RaftServerConfigKeys (ConfUtils.java:logGet(46)) - raft.server.snapshot.retention.file.num = 5 (custom)
2022-06-16 16:21:45,238 [pool-817-thread-1] INFO  server.RaftServerConfigKeys (ConfUtils.java:logGet(46)) - raft.server.log.purge.upto.snapshot.index = false (default)
2022-06-16 16:21:45,238 [pool-817-thread-1] INFO  server.RaftServerConfigKeys (ConfUtils.java:logGet(46)) - raft.server.retrycache.expirytime = 600000ms (custom)
2022-06-16 16:21:45,238 [pool-817-thread-1] INFO  server.RaftServerConfigKeys (ConfUtils.java:logGet(46)) - raft.server.retrycache.statistics.expirytime = 100μs (default)
2022-06-16 16:21:45,239 [pool-817-thread-1] INFO  server.RaftServerConfigKeys (ConfUtils.java:logGet(46)) - raft.server.log.appender.install.snapshot.enabled = false (custom)
2022-06-16 16:21:45,240 [pool-817-thread-1] INFO  server.RaftServerConfigKeys (ConfUtils.java:logGet(46)) - raft.server.threadpool.server.cached = true (default)
2022-06-16 16:21:45,240 [pool-817-thread-1] INFO  server.RaftServerConfigKeys (ConfUtils.java:logGet(46)) - raft.server.threadpool.server.size = 0 (default)
2022-06-16 16:21:45,240 [pool-817-thread-1] INFO  server.RaftServerConfigKeys (ConfUtils.java:logGet(46)) - raft.server.threadpool.client.cached = true (default)
2022-06-16 16:21:45,240 [pool-817-thread-1] INFO  server.RaftServerConfigKeys (ConfUtils.java:logGet(46)) - raft.server.threadpool.client.size = 0 (default)
2022-06-16 16:21:45,240 [pool-817-thread-1] INFO  server.RaftServer$Division (RaftServerImpl.java:start(310)) - cbc12831-31a5-4f31-a046-b81d852f61de@group-FD2032A2FA14: start as a follower, conf=-1: [995fc94b-3f8e-410c-9bb6-8c0a727652de|rpc:10.1.0.16:43709|priority:0, cbc12831-31a5-4f31-a046-b81d852f61de|rpc:10.1.0.16:42913|priority:0, 6c743a47-4ce0-4970-944e-624fd1e2ad3d|rpc:10.1.0.16:44833|priority:1], old=null
2022-06-16 16:21:45,240 [pool-817-thread-1] INFO  server.RaftServer$Division (RaftServerImpl.java:setRole(299)) - cbc12831-31a5-4f31-a046-b81d852f61de@group-FD2032A2FA14: changes role from      null to FOLLOWER at term 0 for startAsFollower
2022-06-16 16:21:45,240 [pool-817-thread-1] INFO  impl.RoleInfo (RoleInfo.java:updateAndGet(139)) - cbc12831-31a5-4f31-a046-b81d852f61de: start cbc12831-31a5-4f31-a046-b81d852f61de@group-FD2032A2FA14-FollowerState
2022-06-16 16:21:45,240 [pool-817-thread-1] INFO  util.JmxRegister (JmxRegister.java:tryRegister(44)) - Successfully registered JMX Bean with object name Ratis:service=RaftServer,group=group-FD2032A2FA14,id=cbc12831-31a5-4f31-a046-b81d852f61de
2022-06-16 16:21:45,254 [pool-839-thread-1] INFO  server.RaftServerConfigKeys (ConfUtils.java:logGet(46)) - raft.server.log.unsafe-flush.enabled = false (default)
2022-06-16 16:21:45,254 [pool-839-thread-1] INFO  server.RaftServerConfigKeys (ConfUtils.java:logGet(46)) - raft.server.log.statemachine.data.caching.enabled = true (custom)
2022-06-16 16:21:45,254 [pool-839-thread-1] INFO  segmented.SegmentedRaftLogWorker (SegmentedRaftLogWorker.java:lambda$new$0(135)) - 6c743a47-4ce0-4970-944e-624fd1e2ad3d@group-FD2032A2FA14-SegmentedRaftLogWorker: flushIndex: setUnconditionally 0 -> -1
2022-06-16 16:21:45,254 [pool-839-thread-1] INFO  segmented.SegmentedRaftLogWorker (SegmentedRaftLogWorker.java:lambda$new$0(135)) - 6c743a47-4ce0-4970-944e-624fd1e2ad3d@group-FD2032A2FA14-SegmentedRaftLogWorker: safeCacheEvictIndex: setUnconditionally 0 -> -1
2022-06-16 16:21:45,278 [pool-839-thread-1] INFO  server.RaftServerConfigKeys (ConfUtils.java:logGet(46)) - raft.server.snapshot.auto.trigger.enabled = true (custom)
2022-06-16 16:21:45,278 [pool-839-thread-1] INFO  server.RaftServerConfigKeys (ConfUtils.java:logGet(46)) - raft.server.snapshot.auto.trigger.threshold = 10000 (custom)
2022-06-16 16:21:45,278 [pool-839-thread-1] INFO  server.RaftServerConfigKeys (ConfUtils.java:logGet(46)) - raft.server.snapshot.retention.file.num = 5 (custom)
2022-06-16 16:21:45,278 [pool-839-thread-1] INFO  server.RaftServerConfigKeys (ConfUtils.java:logGet(46)) - raft.server.log.purge.upto.snapshot.index = false (default)
2022-06-16 16:21:45,278 [pool-839-thread-1] INFO  server.RaftServerConfigKeys (ConfUtils.java:logGet(46)) - raft.server.retrycache.expirytime = 600000ms (custom)
2022-06-16 16:21:45,278 [pool-839-thread-1] INFO  server.RaftServerConfigKeys (ConfUtils.java:logGet(46)) - raft.server.retrycache.statistics.expirytime = 100μs (default)
2022-06-16 16:21:45,279 [pool-839-thread-1] INFO  server.RaftServerConfigKeys (ConfUtils.java:logGet(46)) - raft.server.log.appender.install.snapshot.enabled = false (custom)
2022-06-16 16:21:45,279 [pool-839-thread-1] INFO  server.RaftServerConfigKeys (ConfUtils.java:logGet(46)) - raft.server.threadpool.server.cached = true (default)
2022-06-16 16:21:45,279 [pool-839-thread-1] INFO  server.RaftServerConfigKeys (ConfUtils.java:logGet(46)) - raft.server.threadpool.server.size = 0 (default)
2022-06-16 16:21:45,279 [pool-839-thread-1] INFO  server.RaftServerConfigKeys (ConfUtils.java:logGet(46)) - raft.server.threadpool.client.cached = true (default)
2022-06-16 16:21:45,279 [pool-839-thread-1] INFO  server.RaftServerConfigKeys (ConfUtils.java:logGet(46)) - raft.server.threadpool.client.size = 0 (default)
2022-06-16 16:21:45,279 [pool-839-thread-1] INFO  server.RaftServer$Division (RaftServerImpl.java:start(310)) - 6c743a47-4ce0-4970-944e-624fd1e2ad3d@group-FD2032A2FA14: start as a follower, conf=-1: [995fc94b-3f8e-410c-9bb6-8c0a727652de|rpc:10.1.0.16:43709|priority:0, cbc12831-31a5-4f31-a046-b81d852f61de|rpc:10.1.0.16:42913|priority:0, 6c743a47-4ce0-4970-944e-624fd1e2ad3d|rpc:10.1.0.16:44833|priority:1], old=null
2022-06-16 16:21:45,279 [pool-839-thread-1] INFO  server.RaftServer$Division (RaftServerImpl.java:setRole(299)) - 6c743a47-4ce0-4970-944e-624fd1e2ad3d@group-FD2032A2FA14: changes role from      null to FOLLOWER at term 0 for startAsFollower
2022-06-16 16:21:45,280 [pool-839-thread-1] INFO  impl.RoleInfo (RoleInfo.java:updateAndGet(139)) - 6c743a47-4ce0-4970-944e-624fd1e2ad3d: start 6c743a47-4ce0-4970-944e-624fd1e2ad3d@group-FD2032A2FA14-FollowerState
2022-06-16 16:21:45,289 [pool-839-thread-1] INFO  util.JmxRegister (JmxRegister.java:tryRegister(44)) - Successfully registered JMX Bean with object name Ratis:service=RaftServer,group=group-FD2032A2FA14,id=6c743a47-4ce0-4970-944e-624fd1e2ad3d
2022-06-16 16:21:45,297 [Command processor thread] INFO  ratis.XceiverServerRatis (XceiverServerRatis.java:addGroup(765)) - Created group PipelineID=c99e7ff5-5da8-4011-b0c7-fd2032a2fa14
2022-06-16 16:21:45,301 [Command processor thread] INFO  ratis.XceiverServerRatis (XceiverServerRatis.java:addGroup(765)) - Created group PipelineID=c99e7ff5-5da8-4011-b0c7-fd2032a2fa14
2022-06-16 16:21:45,314 [grpc-default-executor-1] INFO  server.RaftServer (RaftServerProxy.java:addNew(96)) - 995fc94b-3f8e-410c-9bb6-8c0a727652de: addNew group-FD2032A2FA14:[995fc94b-3f8e-410c-9bb6-8c0a727652de|rpc:10.1.0.16:43709|dataStream:|priority:0, cbc12831-31a5-4f31-a046-b81d852f61de|rpc:10.1.0.16:42913|dataStream:|priority:0, 6c743a47-4ce0-4970-944e-624fd1e2ad3d|rpc:10.1.0.16:44833|dataStream:|priority:1] returns group-FD2032A2FA14:java.util.concurrent.CompletableFuture@6c0fd35d[Not completed]
2022-06-16 16:21:45,314 [pool-861-thread-1] INFO  server.RaftServer$Division (RaftServerImpl.java:<init>(190)) - 995fc94b-3f8e-410c-9bb6-8c0a727652de: new RaftServerImpl for group-FD2032A2FA14:[995fc94b-3f8e-410c-9bb6-8c0a727652de|rpc:10.1.0.16:43709|dataStream:|priority:0, cbc12831-31a5-4f31-a046-b81d852f61de|rpc:10.1.0.16:42913|dataStream:|priority:0, 6c743a47-4ce0-4970-944e-624fd1e2ad3d|rpc:10.1.0.16:44833|dataStream:|priority:1] with ContainerStateMachine:uninitialized
2022-06-16 16:21:45,314 [pool-861-thread-1] INFO  server.RaftServerConfigKeys (ConfUtils.java:logGet(46)) - raft.server.rpc.timeout.min = 5s (custom)
2022-06-16 16:21:45,314 [pool-861-thread-1] INFO  server.RaftServerConfigKeys (ConfUtils.java:logGet(46)) - raft.server.rpc.timeout.max = 5200ms (custom)
2022-06-16 16:21:45,314 [pool-861-thread-1] INFO  server.RaftServerConfigKeys (ConfUtils.java:logGet(46)) - raft.server.rpc.sleep.time = 25ms (default)
2022-06-16 16:21:45,314 [pool-861-thread-1] INFO  server.RaftServerConfigKeys (ConfUtils.java:logGet(46)) - raft.server.rpc.slowness.timeout = 300s (custom)
2022-06-16 16:21:45,314 [pool-861-thread-1] INFO  server.RaftServerConfigKeys (ConfUtils.java:logGet(46)) - raft.server.leaderelection.leader.step-down.wait-time = 10s (default)
2022-06-16 16:21:45,314 [pool-861-thread-1] INFO  server.RaftServerConfigKeys (ConfUtils.java:logGet(46)) - raft.server.sleep.deviation.threshold = 300ms (default)
2022-06-16 16:21:45,314 [pool-861-thread-1] INFO  server.RaftServer$Division (ServerState.java:<init>(107)) - 995fc94b-3f8e-410c-9bb6-8c0a727652de@group-FD2032A2FA14: ConfigurationManager, init=-1: [995fc94b-3f8e-410c-9bb6-8c0a727652de|rpc:10.1.0.16:43709|dataStream:|priority:0, cbc12831-31a5-4f31-a046-b81d852f61de|rpc:10.1.0.16:42913|dataStream:|priority:0, 6c743a47-4ce0-4970-944e-624fd1e2ad3d|rpc:10.1.0.16:44833|dataStream:|priority:1], old=null, confs=<EMPTY_MAP>
2022-06-16 16:21:45,314 [pool-861-thread-1] INFO  server.RaftServerConfigKeys (ConfUtils.java:logGet(46)) - raft.server.storage.dir = [/home/runner/work/ozone/ozone/hadoop-ozone/integration-test/target/test-dir/MiniOzoneClusterImpl-41de4505-4fce-475e-a877-0dc0879048ec/datanode-2/data/ratis] (custom)
2022-06-16 16:21:45,315 [pool-861-thread-1] INFO  server.RaftServerConfigKeys (ConfUtils.java:logGet(46)) - raft.server.log.corruption.policy = EXCEPTION (default)
2022-06-16 16:21:45,315 [pool-861-thread-1] INFO  server.RaftServerConfigKeys (ConfUtils.java:logGet(46)) - raft.server.storage.free-space.min = 0MB (=0) (default)
2022-06-16 16:21:45,315 [pool-861-thread-1] INFO  storage.RaftStorageDirectory (RaftStorageDirectoryImpl.java:analyzeStorage(135)) - The storage directory /home/runner/work/ozone/ozone/hadoop-ozone/integration-test/target/test-dir/MiniOzoneClusterImpl-41de4505-4fce-475e-a877-0dc0879048ec/datanode-2/data/ratis/c99e7ff5-5da8-4011-b0c7-fd2032a2fa14 does not exist. Creating ...
2022-06-16 16:21:45,326 [pool-861-thread-1] INFO  storage.RaftStorageDirectory (RaftStorageDirectoryImpl.java:tryLock(230)) - Lock on /home/runner/work/ozone/ozone/hadoop-ozone/integration-test/target/test-dir/MiniOzoneClusterImpl-41de4505-4fce-475e-a877-0dc0879048ec/datanode-2/data/ratis/c99e7ff5-5da8-4011-b0c7-fd2032a2fa14/in_use.lock acquired by nodename 3861@fv-az37-268
2022-06-16 16:21:45,347 [Listener at 127.0.0.1/33505] INFO  ozone.MiniOzoneClusterImpl (MiniOzoneClusterImpl.java:lambda$waitForClusterToBeReady$0(221)) - Waiting for nodes to be ready. Got 4 of 5 DN Heartbeats.
2022-06-16 16:21:45,347 [Listener at 127.0.0.1/33505] INFO  ozone.MiniOzoneClusterImpl (MiniOzoneClusterImpl.java:lambda$waitForClusterToBeReady$0(224)) - Waiting for cluster to exit safe mode
2022-06-16 16:21:45,347 [Listener at 127.0.0.1/33505] INFO  ozone.MiniOzoneClusterImpl (MiniOzoneClusterImpl.java:lambda$waitForClusterToBeReady$0(226)) - SCM became leader
2022-06-16 16:21:45,355 [pool-861-thread-1] INFO  storage.RaftStorage (RaftStorageImpl.java:format(89)) - Storage directory /home/runner/work/ozone/ozone/hadoop-ozone/integration-test/target/test-dir/MiniOzoneClusterImpl-41de4505-4fce-475e-a877-0dc0879048ec/datanode-2/data/ratis/c99e7ff5-5da8-4011-b0c7-fd2032a2fa14 has been successfully formatted.
2022-06-16 16:21:45,355 [pool-861-thread-1] INFO  ratis.ContainerStateMachine (ContainerStateMachine.java:loadSnapshot(236)) - group-FD2032A2FA14: The snapshot info is null. Setting the last applied indexto:(t:0, i:~)
2022-06-16 16:21:45,356 [pool-861-thread-1] INFO  server.RaftServerConfigKeys (ConfUtils.java:logGet(46)) - raft.server.notification.no-leader.timeout = 300s (custom)
2022-06-16 16:21:45,356 [pool-861-thread-1] INFO  server.RaftServerConfigKeys (ConfUtils.java:logGet(46)) - raft.server.log.use.memory = false (default)
2022-06-16 16:21:45,356 [pool-861-thread-1] INFO  server.RaftServerConfigKeys (ConfUtils.java:logGet(46)) - raft.server.log.purge.gap = 1000000 (custom)
2022-06-16 16:21:45,356 [pool-861-thread-1] INFO  server.RaftServerConfigKeys (ConfUtils.java:logGet(46)) - raft.server.log.appender.buffer.byte-limit = 33554432 (custom)
2022-06-16 16:21:45,356 [pool-861-thread-1] INFO  server.RaftServerConfigKeys (ConfUtils.java:logGet(46)) - raft.server.log.statemachine.data.read.timeout = 1000ms (default)
2022-06-16 16:21:45,356 [pool-861-thread-1] INFO  server.RaftServerConfigKeys (ConfUtils.java:logGet(46)) - raft.server.log.segment.size.max = 1048576 (custom)
2022-06-16 16:21:45,356 [pool-861-thread-1] INFO  server.RaftServerConfigKeys (ConfUtils.java:logGet(46)) - raft.server.log.segment.cache.num.max = 2 (custom)
2022-06-16 16:21:45,356 [pool-861-thread-1] INFO  server.RaftServerConfigKeys (ConfUtils.java:logGet(46)) - raft.server.log.segment.cache.size.max = 200MB (=209715200) (default)
2022-06-16 16:21:45,356 [pool-861-thread-1] INFO  segmented.SegmentedRaftLogWorker (SegmentedRaftLogWorker.java:<init>(187)) - new 995fc94b-3f8e-410c-9bb6-8c0a727652de@group-FD2032A2FA14-SegmentedRaftLogWorker for RaftStorageImpl:Storage Directory /home/runner/work/ozone/ozone/hadoop-ozone/integration-test/target/test-dir/MiniOzoneClusterImpl-41de4505-4fce-475e-a877-0dc0879048ec/datanode-2/data/ratis/c99e7ff5-5da8-4011-b0c7-fd2032a2fa14
2022-06-16 16:21:45,356 [pool-861-thread-1] INFO  server.RaftServerConfigKeys (ConfUtils.java:logGet(46)) - raft.server.log.queue.byte-limit = 4294967296 (custom)
2022-06-16 16:21:45,356 [pool-861-thread-1] INFO  server.RaftServerConfigKeys (ConfUtils.java:logGet(46)) - raft.server.log.queue.element-limit = 1024 (custom)
2022-06-16 16:21:45,356 [pool-861-thread-1] INFO  server.RaftServerConfigKeys (ConfUtils.java:logGet(46)) - raft.server.log.segment.size.max = 1048576 (custom)
2022-06-16 16:21:45,356 [pool-861-thread-1] INFO  server.RaftServerConfigKeys (ConfUtils.java:logGet(46)) - raft.server.log.preallocated.size = 16384 (custom)
2022-06-16 16:21:45,356 [pool-861-thread-1] INFO  server.RaftServerConfigKeys (ConfUtils.java:logGet(46)) - raft.server.log.force.sync.num = 128 (default)
2022-06-16 16:21:45,356 [pool-861-thread-1] INFO  server.RaftServerConfigKeys (ConfUtils.java:logGet(46)) - raft.server.log.statemachine.data.sync = true (default)
2022-06-16 16:21:45,357 [pool-861-thread-1] INFO  server.RaftServerConfigKeys (ConfUtils.java:logGet(46)) - raft.server.log.statemachine.data.sync.timeout = 10s (default)
2022-06-16 16:21:45,357 [pool-861-thread-1] INFO  server.RaftServerConfigKeys (ConfUtils.java:logGet(46)) - raft.server.log.statemachine.data.sync.timeout.retry = -1 (default)
2022-06-16 16:21:45,357 [pool-861-thread-1] INFO  server.RaftServerConfigKeys (ConfUtils.java:logGet(46)) - raft.server.log.write.buffer.size = 1048576 (custom)
2022-06-16 16:21:45,358 [pool-861-thread-1] INFO  server.RaftServerConfigKeys (ConfUtils.java:logGet(46)) - raft.server.log.unsafe-flush.enabled = false (default)
2022-06-16 16:21:45,358 [pool-861-thread-1] INFO  server.RaftServerConfigKeys (ConfUtils.java:logGet(46)) - raft.server.log.statemachine.data.caching.enabled = true (custom)
2022-06-16 16:21:45,358 [pool-861-thread-1] INFO  segmented.SegmentedRaftLogWorker (SegmentedRaftLogWorker.java:lambda$new$0(135)) - 995fc94b-3f8e-410c-9bb6-8c0a727652de@group-FD2032A2FA14-SegmentedRaftLogWorker: flushIndex: setUnconditionally 0 -> -1
2022-06-16 16:21:45,358 [pool-861-thread-1] INFO  segmented.SegmentedRaftLogWorker (SegmentedRaftLogWorker.java:lambda$new$0(135)) - 995fc94b-3f8e-410c-9bb6-8c0a727652de@group-FD2032A2FA14-SegmentedRaftLogWorker: safeCacheEvictIndex: setUnconditionally 0 -> -1
2022-06-16 16:21:45,394 [pool-861-thread-1] INFO  server.RaftServerConfigKeys (ConfUtils.java:logGet(46)) - raft.server.snapshot.auto.trigger.enabled = true (custom)
2022-06-16 16:21:45,394 [pool-861-thread-1] INFO  server.RaftServerConfigKeys (ConfUtils.java:logGet(46)) - raft.server.snapshot.auto.trigger.threshold = 10000 (custom)
2022-06-16 16:21:45,394 [pool-861-thread-1] INFO  server.RaftServerConfigKeys (ConfUtils.java:logGet(46)) - raft.server.snapshot.retention.file.num = 5 (custom)
2022-06-16 16:21:45,394 [pool-861-thread-1] INFO  server.RaftServerConfigKeys (ConfUtils.java:logGet(46)) - raft.server.log.purge.upto.snapshot.index = false (default)
2022-06-16 16:21:45,394 [pool-861-thread-1] INFO  server.RaftServerConfigKeys (ConfUtils.java:logGet(46)) - raft.server.retrycache.expirytime = 600000ms (custom)
2022-06-16 16:21:45,394 [pool-861-thread-1] INFO  server.RaftServerConfigKeys (ConfUtils.java:logGet(46)) - raft.server.retrycache.statistics.expirytime = 100μs (default)
2022-06-16 16:21:45,395 [pool-861-thread-1] INFO  server.RaftServerConfigKeys (ConfUtils.java:logGet(46)) - raft.server.log.appender.install.snapshot.enabled = false (custom)
2022-06-16 16:21:45,395 [pool-861-thread-1] INFO  server.RaftServerConfigKeys (ConfUtils.java:logGet(46)) - raft.server.threadpool.server.cached = true (default)
2022-06-16 16:21:45,395 [pool-861-thread-1] INFO  server.RaftServerConfigKeys (ConfUtils.java:logGet(46)) - raft.server.threadpool.server.size = 0 (default)
2022-06-16 16:21:45,395 [pool-861-thread-1] INFO  server.RaftServerConfigKeys (ConfUtils.java:logGet(46)) - raft.server.threadpool.client.cached = true (default)
2022-06-16 16:21:45,395 [pool-861-thread-1] INFO  server.RaftServerConfigKeys (ConfUtils.java:logGet(46)) - raft.server.threadpool.client.size = 0 (default)
2022-06-16 16:21:45,395 [pool-861-thread-1] INFO  server.RaftServer$Division (RaftServerImpl.java:start(310)) - 995fc94b-3f8e-410c-9bb6-8c0a727652de@group-FD2032A2FA14: start as a follower, conf=-1: [995fc94b-3f8e-410c-9bb6-8c0a727652de|rpc:10.1.0.16:43709|dataStream:|priority:0, cbc12831-31a5-4f31-a046-b81d852f61de|rpc:10.1.0.16:42913|dataStream:|priority:0, 6c743a47-4ce0-4970-944e-624fd1e2ad3d|rpc:10.1.0.16:44833|dataStream:|priority:1], old=null
2022-06-16 16:21:45,395 [pool-861-thread-1] INFO  server.RaftServer$Division (RaftServerImpl.java:setRole(299)) - 995fc94b-3f8e-410c-9bb6-8c0a727652de@group-FD2032A2FA14: changes role from      null to FOLLOWER at term 0 for startAsFollower
2022-06-16 16:21:45,396 [pool-861-thread-1] INFO  impl.RoleInfo (RoleInfo.java:updateAndGet(139)) - 995fc94b-3f8e-410c-9bb6-8c0a727652de: start 995fc94b-3f8e-410c-9bb6-8c0a727652de@group-FD2032A2FA14-FollowerState
2022-06-16 16:21:45,408 [pool-861-thread-1] INFO  util.JmxRegister (JmxRegister.java:tryRegister(44)) - Successfully registered JMX Bean with object name Ratis:service=RaftServer,group=group-FD2032A2FA14,id=995fc94b-3f8e-410c-9bb6-8c0a727652de
2022-06-16 16:21:45,740 [Command processor thread] INFO  commandhandler.CreatePipelineCommandHandler (CreatePipelineCommandHandler.java:handle(113)) - Created Pipeline RATIS THREE PipelineID=c99e7ff5-5da8-4011-b0c7-fd2032a2fa14.
2022-06-16 16:21:45,748 [Command processor thread] INFO  commandhandler.CreatePipelineCommandHandler (CreatePipelineCommandHandler.java:handle(113)) - Created Pipeline RATIS THREE PipelineID=c99e7ff5-5da8-4011-b0c7-fd2032a2fa14.
2022-06-16 16:21:46,106 [Command processor thread] INFO  server.RaftServer (RaftServerProxy.java:addNew(96)) - 995fc94b-3f8e-410c-9bb6-8c0a727652de: addNew group-E34F8108FFBF:[995fc94b-3f8e-410c-9bb6-8c0a727652de|rpc:10.1.0.16:43709|priority:1] returns group-E34F8108FFBF:java.util.concurrent.CompletableFuture@3bf936a3[Not completed]
2022-06-16 16:21:46,107 [pool-861-thread-1] INFO  server.RaftServer$Division (RaftServerImpl.java:<init>(190)) - 995fc94b-3f8e-410c-9bb6-8c0a727652de: new RaftServerImpl for group-E34F8108FFBF:[995fc94b-3f8e-410c-9bb6-8c0a727652de|rpc:10.1.0.16:43709|priority:1] with ContainerStateMachine:uninitialized
2022-06-16 16:21:46,107 [pool-861-thread-1] INFO  server.RaftServerConfigKeys (ConfUtils.java:logGet(46)) - raft.server.rpc.timeout.min = 5s (custom)
2022-06-16 16:21:46,107 [pool-861-thread-1] INFO  server.RaftServerConfigKeys (ConfUtils.java:logGet(46)) - raft.server.rpc.timeout.max = 5200ms (custom)
2022-06-16 16:21:46,107 [pool-861-thread-1] INFO  server.RaftServerConfigKeys (ConfUtils.java:logGet(46)) - raft.server.rpc.sleep.time = 25ms (default)
2022-06-16 16:21:46,107 [pool-861-thread-1] INFO  server.RaftServerConfigKeys (ConfUtils.java:logGet(46)) - raft.server.rpc.slowness.timeout = 300s (custom)
2022-06-16 16:21:46,107 [pool-861-thread-1] INFO  server.RaftServerConfigKeys (ConfUtils.java:logGet(46)) - raft.server.leaderelection.leader.step-down.wait-time = 10s (default)
2022-06-16 16:21:46,107 [pool-861-thread-1] INFO  server.RaftServerConfigKeys (ConfUtils.java:logGet(46)) - raft.server.sleep.deviation.threshold = 300ms (default)
2022-06-16 16:21:46,107 [pool-861-thread-1] INFO  server.RaftServer$Division (ServerState.java:<init>(107)) - 995fc94b-3f8e-410c-9bb6-8c0a727652de@group-E34F8108FFBF: ConfigurationManager, init=-1: [995fc94b-3f8e-410c-9bb6-8c0a727652de|rpc:10.1.0.16:43709|priority:1], old=null, confs=<EMPTY_MAP>
2022-06-16 16:21:46,107 [pool-861-thread-1] INFO  server.RaftServerConfigKeys (ConfUtils.java:logGet(46)) - raft.server.storage.dir = [/home/runner/work/ozone/ozone/hadoop-ozone/integration-test/target/test-dir/MiniOzoneClusterImpl-41de4505-4fce-475e-a877-0dc0879048ec/datanode-2/data/ratis] (custom)
2022-06-16 16:21:46,107 [pool-861-thread-1] INFO  server.RaftServerConfigKeys (ConfUtils.java:logGet(46)) - raft.server.log.corruption.policy = EXCEPTION (default)
2022-06-16 16:21:46,107 [pool-861-thread-1] INFO  server.RaftServerConfigKeys (ConfUtils.java:logGet(46)) - raft.server.storage.free-space.min = 0MB (=0) (default)
2022-06-16 16:21:46,107 [pool-861-thread-1] INFO  storage.RaftStorageDirectory (RaftStorageDirectoryImpl.java:analyzeStorage(135)) - The storage directory /home/runner/work/ozone/ozone/hadoop-ozone/integration-test/target/test-dir/MiniOzoneClusterImpl-41de4505-4fce-475e-a877-0dc0879048ec/datanode-2/data/ratis/6ac938a8-7edb-409c-a415-e34f8108ffbf does not exist. Creating ...
2022-06-16 16:21:46,108 [pool-861-thread-1] INFO  storage.RaftStorageDirectory (RaftStorageDirectoryImpl.java:tryLock(230)) - Lock on /home/runner/work/ozone/ozone/hadoop-ozone/integration-test/target/test-dir/MiniOzoneClusterImpl-41de4505-4fce-475e-a877-0dc0879048ec/datanode-2/data/ratis/6ac938a8-7edb-409c-a415-e34f8108ffbf/in_use.lock acquired by nodename 3861@fv-az37-268
2022-06-16 16:21:46,118 [pool-861-thread-1] INFO  storage.RaftStorage (RaftStorageImpl.java:format(89)) - Storage directory /home/runner/work/ozone/ozone/hadoop-ozone/integration-test/target/test-dir/MiniOzoneClusterImpl-41de4505-4fce-475e-a877-0dc0879048ec/datanode-2/data/ratis/6ac938a8-7edb-409c-a415-e34f8108ffbf has been successfully formatted.
2022-06-16 16:21:46,119 [pool-861-thread-1] INFO  ratis.ContainerStateMachine (ContainerStateMachine.java:loadSnapshot(236)) - group-E34F8108FFBF: The snapshot info is null. Setting the last applied indexto:(t:0, i:~)
2022-06-16 16:21:46,119 [pool-861-thread-1] INFO  server.RaftServerConfigKeys (ConfUtils.java:logGet(46)) - raft.server.notification.no-leader.timeout = 300s (custom)
2022-06-16 16:21:46,119 [pool-861-thread-1] INFO  server.RaftServerConfigKeys (ConfUtils.java:logGet(46)) - raft.server.log.use.memory = false (default)
2022-06-16 16:21:46,119 [pool-861-thread-1] INFO  server.RaftServerConfigKeys (ConfUtils.java:logGet(46)) - raft.server.log.purge.gap = 1000000 (custom)
2022-06-16 16:21:46,119 [pool-861-thread-1] INFO  server.RaftServerConfigKeys (ConfUtils.java:logGet(46)) - raft.server.log.appender.buffer.byte-limit = 33554432 (custom)
2022-06-16 16:21:46,120 [EventQueue-PipelineReportForPipelineReportHandler] INFO  pipeline.PipelineManagerImpl (PipelineManagerImpl.java:openPipeline(356)) - Pipeline Pipeline[ Id: 6ac938a8-7edb-409c-a415-e34f8108ffbf, Nodes: 995fc94b-3f8e-410c-9bb6-8c0a727652de{ip: 10.1.0.16, host: fv-az37-268.zqe2tmcsx5vuvjs3sdc4q2yfud.gx.internal.cloudapp.net, ports: [REPLICATION=33241, RATIS=43709, RATIS_ADMIN=43709, RATIS_SERVER=43709, STANDALONE=37239], networkLocation: /default-rack, certSerialId: null, persistedOpState: IN_SERVICE, persistedOpStateExpiryEpochSec: 0}, ReplicationConfig: RATIS/ONE, State:ALLOCATED, leaderId:995fc94b-3f8e-410c-9bb6-8c0a727652de, CreationTimestamp2022-06-16T16:21:43.167Z[Etc/UTC]] moved to OPEN state
2022-06-16 16:21:46,121 [EventQueue-OpenPipelineForHealthyPipelineSafeModeRule] INFO  safemode.SCMSafeModeManager (HealthyPipelineSafeModeRule.java:process(124)) - SCM in safe mode. Healthy pipelines reported count is 0, required healthy pipeline reported count is 1
2022-06-16 16:21:46,121 [pool-861-thread-1] INFO  server.RaftServerConfigKeys (ConfUtils.java:logGet(46)) - raft.server.log.statemachine.data.read.timeout = 1000ms (default)
2022-06-16 16:21:46,121 [pool-861-thread-1] INFO  server.RaftServerConfigKeys (ConfUtils.java:logGet(46)) - raft.server.log.segment.size.max = 1048576 (custom)
2022-06-16 16:21:46,121 [pool-861-thread-1] INFO  server.RaftServerConfigKeys (ConfUtils.java:logGet(46)) - raft.server.log.segment.cache.num.max = 2 (custom)
2022-06-16 16:21:46,121 [pool-861-thread-1] INFO  server.RaftServerConfigKeys (ConfUtils.java:logGet(46)) - raft.server.log.segment.cache.size.max = 200MB (=209715200) (default)
2022-06-16 16:21:46,121 [pool-861-thread-1] INFO  segmented.SegmentedRaftLogWorker (SegmentedRaftLogWorker.java:<init>(187)) - new 995fc94b-3f8e-410c-9bb6-8c0a727652de@group-E34F8108FFBF-SegmentedRaftLogWorker for RaftStorageImpl:Storage Directory /home/runner/work/ozone/ozone/hadoop-ozone/integration-test/target/test-dir/MiniOzoneClusterImpl-41de4505-4fce-475e-a877-0dc0879048ec/datanode-2/data/ratis/6ac938a8-7edb-409c-a415-e34f8108ffbf
2022-06-16 16:21:46,121 [pool-861-thread-1] INFO  server.RaftServerConfigKeys (ConfUtils.java:logGet(46)) - raft.server.log.queue.byte-limit = 4294967296 (custom)
2022-06-16 16:21:46,121 [pool-861-thread-1] INFO  server.RaftServerConfigKeys (ConfUtils.java:logGet(46)) - raft.server.log.queue.element-limit = 1024 (custom)
2022-06-16 16:21:46,122 [pool-861-thread-1] INFO  server.RaftServerConfigKeys (ConfUtils.java:logGet(46)) - raft.server.log.segment.size.max = 1048576 (custom)
2022-06-16 16:21:46,122 [pool-861-thread-1] INFO  server.RaftServerConfigKeys (ConfUtils.java:logGet(46)) - raft.server.log.preallocated.size = 16384 (custom)
2022-06-16 16:21:46,122 [pool-861-thread-1] INFO  server.RaftServerConfigKeys (ConfUtils.java:logGet(46)) - raft.server.log.force.sync.num = 128 (default)
2022-06-16 16:21:46,122 [pool-861-thread-1] INFO  server.RaftServerConfigKeys (ConfUtils.java:logGet(46)) - raft.server.log.statemachine.data.sync = true (default)
2022-06-16 16:21:46,122 [pool-861-thread-1] INFO  server.RaftServerConfigKeys (ConfUtils.java:logGet(46)) - raft.server.log.statemachine.data.sync.timeout = 10s (default)
2022-06-16 16:21:46,122 [pool-861-thread-1] INFO  server.RaftServerConfigKeys (ConfUtils.java:logGet(46)) - raft.server.log.statemachine.data.sync.timeout.retry = -1 (default)
2022-06-16 16:21:46,123 [pool-861-thread-1] INFO  server.RaftServerConfigKeys (ConfUtils.java:logGet(46)) - raft.server.log.write.buffer.size = 1048576 (custom)
2022-06-16 16:21:46,123 [pool-861-thread-1] INFO  server.RaftServerConfigKeys (ConfUtils.java:logGet(46)) - raft.server.log.unsafe-flush.enabled = false (default)
2022-06-16 16:21:46,123 [pool-861-thread-1] INFO  server.RaftServerConfigKeys (ConfUtils.java:logGet(46)) - raft.server.log.statemachine.data.caching.enabled = true (custom)
2022-06-16 16:21:46,123 [pool-861-thread-1] INFO  segmented.SegmentedRaftLogWorker (SegmentedRaftLogWorker.java:lambda$new$0(135)) - 995fc94b-3f8e-410c-9bb6-8c0a727652de@group-E34F8108FFBF-SegmentedRaftLogWorker: flushIndex: setUnconditionally 0 -> -1
2022-06-16 16:21:46,124 [pool-861-thread-1] INFO  segmented.SegmentedRaftLogWorker (SegmentedRaftLogWorker.java:lambda$new$0(135)) - 995fc94b-3f8e-410c-9bb6-8c0a727652de@group-E34F8108FFBF-SegmentedRaftLogWorker: safeCacheEvictIndex: setUnconditionally 0 -> -1
2022-06-16 16:21:46,130 [pool-861-thread-1] INFO  server.RaftServerConfigKeys (ConfUtils.java:logGet(46)) - raft.server.snapshot.auto.trigger.enabled = true (custom)
2022-06-16 16:21:46,130 [pool-861-thread-1] INFO  server.RaftServerConfigKeys (ConfUtils.java:logGet(46)) - raft.server.snapshot.auto.trigger.threshold = 10000 (custom)
2022-06-16 16:21:46,130 [pool-861-thread-1] INFO  server.RaftServerConfigKeys (ConfUtils.java:logGet(46)) - raft.server.snapshot.retention.file.num = 5 (custom)
2022-06-16 16:21:46,130 [pool-861-thread-1] INFO  server.RaftServerConfigKeys (ConfUtils.java:logGet(46)) - raft.server.log.purge.upto.snapshot.index = false (default)
2022-06-16 16:21:46,130 [pool-861-thread-1] INFO  server.RaftServerConfigKeys (ConfUtils.java:logGet(46)) - raft.server.retrycache.expirytime = 600000ms (custom)
2022-06-16 16:21:46,130 [pool-861-thread-1] INFO  server.RaftServerConfigKeys (ConfUtils.java:logGet(46)) - raft.server.retrycache.statistics.expirytime = 100μs (default)
2022-06-16 16:21:46,131 [pool-861-thread-1] INFO  server.RaftServerConfigKeys (ConfUtils.java:logGet(46)) - raft.server.log.appender.install.snapshot.enabled = false (custom)
2022-06-16 16:21:46,131 [pool-861-thread-1] INFO  server.RaftServerConfigKeys (ConfUtils.java:logGet(46)) - raft.server.threadpool.server.cached = true (default)
2022-06-16 16:21:46,131 [pool-861-thread-1] INFO  server.RaftServerConfigKeys (ConfUtils.java:logGet(46)) - raft.server.threadpool.server.size = 0 (default)
2022-06-16 16:21:46,131 [pool-861-thread-1] INFO  server.RaftServerConfigKeys (ConfUtils.java:logGet(46)) - raft.server.threadpool.client.cached = true (default)
2022-06-16 16:21:46,131 [pool-861-thread-1] INFO  server.RaftServerConfigKeys (ConfUtils.java:logGet(46)) - raft.server.threadpool.client.size = 0 (default)
2022-06-16 16:21:46,131 [pool-861-thread-1] INFO  server.RaftServer$Division (RaftServerImpl.java:start(310)) - 995fc94b-3f8e-410c-9bb6-8c0a727652de@group-E34F8108FFBF: start as a follower, conf=-1: [995fc94b-3f8e-410c-9bb6-8c0a727652de|rpc:10.1.0.16:43709|priority:1], old=null
2022-06-16 16:21:46,132 [pool-861-thread-1] INFO  server.RaftServer$Division (RaftServerImpl.java:setRole(299)) - 995fc94b-3f8e-410c-9bb6-8c0a727652de@group-E34F8108FFBF: changes role from      null to FOLLOWER at term 0 for startAsFollower
2022-06-16 16:21:46,132 [pool-861-thread-1] INFO  impl.RoleInfo (RoleInfo.java:updateAndGet(139)) - 995fc94b-3f8e-410c-9bb6-8c0a727652de: start 995fc94b-3f8e-410c-9bb6-8c0a727652de@group-E34F8108FFBF-FollowerState
2022-06-16 16:21:46,138 [pool-861-thread-1] INFO  util.JmxRegister (JmxRegister.java:tryRegister(44)) - Successfully registered JMX Bean with object name Ratis:service=RaftServer,group=group-E34F8108FFBF,id=995fc94b-3f8e-410c-9bb6-8c0a727652de
2022-06-16 16:21:46,142 [Command processor thread] INFO  ratis.XceiverServerRatis (XceiverServerRatis.java:addGroup(765)) - Created group PipelineID=6ac938a8-7edb-409c-a415-e34f8108ffbf
2022-06-16 16:21:46,142 [Command processor thread] INFO  commandhandler.CreatePipelineCommandHandler (CreatePipelineCommandHandler.java:handle(113)) - Created Pipeline RATIS ONE PipelineID=6ac938a8-7edb-409c-a415-e34f8108ffbf.
2022-06-16 16:21:46,347 [Listener at 127.0.0.1/33505] INFO  ozone.MiniOzoneClusterImpl (MiniOzoneClusterImpl.java:lambda$waitForClusterToBeReady$0(221)) - Waiting for nodes to be ready. Got 4 of 5 DN Heartbeats.
2022-06-16 16:21:46,347 [Listener at 127.0.0.1/33505] INFO  ozone.MiniOzoneClusterImpl (MiniOzoneClusterImpl.java:lambda$waitForClusterToBeReady$0(224)) - Waiting for cluster to exit safe mode
2022-06-16 16:21:46,347 [Listener at 127.0.0.1/33505] INFO  ozone.MiniOzoneClusterImpl (MiniOzoneClusterImpl.java:lambda$waitForClusterToBeReady$0(226)) - SCM became leader
2022-06-16 16:21:46,416 [IPC Server handler 8 on default port 42437] INFO  net.NetworkTopologyImpl (NetworkTopologyImpl.java:add(112)) - Added a new node: /default-rack/1c79e798-ce4e-4731-abab-8f755a4e096a
2022-06-16 16:21:46,417 [IPC Server handler 8 on default port 42437] INFO  node.SCMNodeManager (SCMNodeManager.java:register(394)) - Registered Data node : 1c79e798-ce4e-4731-abab-8f755a4e096a{ip: 10.1.0.16, host: fv-az37-268.zqe2tmcsx5vuvjs3sdc4q2yfud.gx.internal.cloudapp.net, ports: [REPLICATION=35147, RATIS=40089, RATIS_ADMIN=40089, RATIS_SERVER=40089, STANDALONE=35333], networkLocation: /default-rack, certSerialId: null, persistedOpState: null, persistedOpStateExpiryEpochSec: 0}
2022-06-16 16:21:46,417 [EventQueue-NewNodeForNewNodeHandler] INFO  pipeline.BackgroundPipelineCreator (BackgroundPipelineCreator.java:notifyEventTriggered(272)) - trigger a one-shot run on RatisPipelineUtilsThread.
2022-06-16 16:21:46,417 [RatisPipelineUtilsThread - 0] INFO  pipeline.RatisPipelineProvider (RatisPipelineProvider.java:lambda$create$0(195)) - Sending CreatePipelineCommand for pipeline:PipelineID=29bcd10d-d504-4178-8968-ff1a02073ee2 to datanode:1c79e798-ce4e-4731-abab-8f755a4e096a
2022-06-16 16:21:46,417 [RatisPipelineUtilsThread - 0] INFO  pipeline.PipelineStateManagerImpl (PipelineStateManagerImpl.java:addPipeline(101)) - Created pipeline Pipeline[ Id: 29bcd10d-d504-4178-8968-ff1a02073ee2, Nodes: 1c79e798-ce4e-4731-abab-8f755a4e096a{ip: 10.1.0.16, host: fv-az37-268.zqe2tmcsx5vuvjs3sdc4q2yfud.gx.internal.cloudapp.net, ports: [REPLICATION=35147, RATIS=40089, RATIS_ADMIN=40089, RATIS_SERVER=40089, STANDALONE=35333], networkLocation: /default-rack, certSerialId: null, persistedOpState: IN_SERVICE, persistedOpStateExpiryEpochSec: 0}, ReplicationConfig: RATIS/ONE, State:ALLOCATED, leaderId:, CreationTimestamp2022-06-16T16:21:46.417Z[Etc/UTC]].
2022-06-16 16:21:47,348 [Listener at 127.0.0.1/33505] INFO  ozone.MiniOzoneClusterImpl (MiniOzoneClusterImpl.java:lambda$waitForClusterToBeReady$0(221)) - Nodes are ready. Got 5 of 5 DN Heartbeats.
2022-06-16 16:21:47,348 [Listener at 127.0.0.1/33505] INFO  ozone.MiniOzoneClusterImpl (MiniOzoneClusterImpl.java:lambda$waitForClusterToBeReady$0(224)) - Waiting for cluster to exit safe mode
2022-06-16 16:21:47,348 [Listener at 127.0.0.1/33505] INFO  ozone.MiniOzoneClusterImpl (MiniOzoneClusterImpl.java:lambda$waitForClusterToBeReady$0(226)) - SCM became leader
2022-06-16 16:21:47,795 [Command processor thread] INFO  server.RaftServer (RaftServerProxy.java:addNew(96)) - 3ccaab51-594b-45d9-a95d-6a5841fc2e70: addNew group-EAFA9F045B93:[3ccaab51-594b-45d9-a95d-6a5841fc2e70|rpc:10.1.0.16:42747|priority:1] returns group-EAFA9F045B93:java.util.concurrent.CompletableFuture@17492586[Not completed]
2022-06-16 16:21:47,819 [pool-891-thread-1] INFO  server.RaftServer$Division (RaftServerImpl.java:<init>(190)) - 3ccaab51-594b-45d9-a95d-6a5841fc2e70: new RaftServerImpl for group-EAFA9F045B93:[3ccaab51-594b-45d9-a95d-6a5841fc2e70|rpc:10.1.0.16:42747|priority:1] with ContainerStateMachine:uninitialized
2022-06-16 16:21:47,819 [pool-891-thread-1] INFO  server.RaftServerConfigKeys (ConfUtils.java:logGet(46)) - raft.server.rpc.timeout.min = 5s (custom)
2022-06-16 16:21:47,819 [pool-891-thread-1] INFO  server.RaftServerConfigKeys (ConfUtils.java:logGet(46)) - raft.server.rpc.timeout.max = 5200ms (custom)
2022-06-16 16:21:47,819 [pool-891-thread-1] INFO  server.RaftServerConfigKeys (ConfUtils.java:logGet(46)) - raft.server.rpc.sleep.time = 25ms (default)
2022-06-16 16:21:47,819 [pool-891-thread-1] INFO  server.RaftServerConfigKeys (ConfUtils.java:logGet(46)) - raft.server.rpc.slowness.timeout = 300s (custom)
2022-06-16 16:21:47,819 [pool-891-thread-1] INFO  server.RaftServerConfigKeys (ConfUtils.java:logGet(46)) - raft.server.leaderelection.leader.step-down.wait-time = 10s (default)
2022-06-16 16:21:47,819 [pool-891-thread-1] INFO  server.RaftServerConfigKeys (ConfUtils.java:logGet(46)) - raft.server.sleep.deviation.threshold = 300ms (default)
2022-06-16 16:21:47,819 [pool-891-thread-1] INFO  server.RaftServer$Division (ServerState.java:<init>(107)) - 3ccaab51-594b-45d9-a95d-6a5841fc2e70@group-EAFA9F045B93: ConfigurationManager, init=-1: [3ccaab51-594b-45d9-a95d-6a5841fc2e70|rpc:10.1.0.16:42747|priority:1], old=null, confs=<EMPTY_MAP>
2022-06-16 16:21:47,819 [pool-891-thread-1] INFO  server.RaftServerConfigKeys (ConfUtils.java:logGet(46)) - raft.server.storage.dir = [/home/runner/work/ozone/ozone/hadoop-ozone/integration-test/target/test-dir/MiniOzoneClusterImpl-41de4505-4fce-475e-a877-0dc0879048ec/datanode-3/data/ratis] (custom)
2022-06-16 16:21:47,819 [pool-891-thread-1] INFO  server.RaftServerConfigKeys (ConfUtils.java:logGet(46)) - raft.server.log.corruption.policy = EXCEPTION (default)
2022-06-16 16:21:47,819 [pool-891-thread-1] INFO  server.RaftServerConfigKeys (ConfUtils.java:logGet(46)) - raft.server.storage.free-space.min = 0MB (=0) (default)
2022-06-16 16:21:47,819 [pool-891-thread-1] INFO  storage.RaftStorageDirectory (RaftStorageDirectoryImpl.java:analyzeStorage(135)) - The storage directory /home/runner/work/ozone/ozone/hadoop-ozone/integration-test/target/test-dir/MiniOzoneClusterImpl-41de4505-4fce-475e-a877-0dc0879048ec/datanode-3/data/ratis/1e111de9-d6ff-45c4-9efc-eafa9f045b93 does not exist. Creating ...
2022-06-16 16:21:47,858 [pool-891-thread-1] INFO  storage.RaftStorageDirectory (RaftStorageDirectoryImpl.java:tryLock(230)) - Lock on /home/runner/work/ozone/ozone/hadoop-ozone/integration-test/target/test-dir/MiniOzoneClusterImpl-41de4505-4fce-475e-a877-0dc0879048ec/datanode-3/data/ratis/1e111de9-d6ff-45c4-9efc-eafa9f045b93/in_use.lock acquired by nodename 3861@fv-az37-268
2022-06-16 16:21:47,860 [pool-891-thread-1] INFO  storage.RaftStorage (RaftStorageImpl.java:format(89)) - Storage directory /home/runner/work/ozone/ozone/hadoop-ozone/integration-test/target/test-dir/MiniOzoneClusterImpl-41de4505-4fce-475e-a877-0dc0879048ec/datanode-3/data/ratis/1e111de9-d6ff-45c4-9efc-eafa9f045b93 has been successfully formatted.
2022-06-16 16:21:47,886 [pool-891-thread-1] INFO  ratis.ContainerStateMachine (ContainerStateMachine.java:loadSnapshot(236)) - group-EAFA9F045B93: The snapshot info is null. Setting the last applied indexto:(t:0, i:~)
2022-06-16 16:21:47,886 [pool-891-thread-1] INFO  server.RaftServerConfigKeys (ConfUtils.java:logGet(46)) - raft.server.notification.no-leader.timeout = 300s (custom)
2022-06-16 16:21:47,886 [pool-891-thread-1] INFO  server.RaftServerConfigKeys (ConfUtils.java:logGet(46)) - raft.server.log.use.memory = false (default)
2022-06-16 16:21:47,886 [pool-891-thread-1] INFO  server.RaftServerConfigKeys (ConfUtils.java:logGet(46)) - raft.server.log.purge.gap = 1000000 (custom)
2022-06-16 16:21:47,886 [pool-891-thread-1] INFO  server.RaftServerConfigKeys (ConfUtils.java:logGet(46)) - raft.server.log.appender.buffer.byte-limit = 33554432 (custom)
2022-06-16 16:21:47,886 [pool-891-thread-1] INFO  server.RaftServerConfigKeys (ConfUtils.java:logGet(46)) - raft.server.log.statemachine.data.read.timeout = 1000ms (default)
2022-06-16 16:21:47,886 [pool-891-thread-1] INFO  server.RaftServerConfigKeys (ConfUtils.java:logGet(46)) - raft.server.log.segment.size.max = 1048576 (custom)
2022-06-16 16:21:47,887 [pool-891-thread-1] INFO  server.RaftServerConfigKeys (ConfUtils.java:logGet(46)) - raft.server.log.segment.cache.num.max = 2 (custom)
2022-06-16 16:21:47,887 [pool-891-thread-1] INFO  server.RaftServerConfigKeys (ConfUtils.java:logGet(46)) - raft.server.log.segment.cache.size.max = 200MB (=209715200) (default)
2022-06-16 16:21:47,887 [pool-891-thread-1] INFO  segmented.SegmentedRaftLogWorker (SegmentedRaftLogWorker.java:<init>(187)) - new 3ccaab51-594b-45d9-a95d-6a5841fc2e70@group-EAFA9F045B93-SegmentedRaftLogWorker for RaftStorageImpl:Storage Directory /home/runner/work/ozone/ozone/hadoop-ozone/integration-test/target/test-dir/MiniOzoneClusterImpl-41de4505-4fce-475e-a877-0dc0879048ec/datanode-3/data/ratis/1e111de9-d6ff-45c4-9efc-eafa9f045b93
2022-06-16 16:21:47,887 [pool-891-thread-1] INFO  server.RaftServerConfigKeys (ConfUtils.java:logGet(46)) - raft.server.log.queue.byte-limit = 4294967296 (custom)
2022-06-16 16:21:47,887 [pool-891-thread-1] INFO  server.RaftServerConfigKeys (ConfUtils.java:logGet(46)) - raft.server.log.queue.element-limit = 1024 (custom)
2022-06-16 16:21:47,887 [pool-891-thread-1] INFO  server.RaftServerConfigKeys (ConfUtils.java:logGet(46)) - raft.server.log.segment.size.max = 1048576 (custom)
2022-06-16 16:21:47,887 [pool-891-thread-1] INFO  server.RaftServerConfigKeys (ConfUtils.java:logGet(46)) - raft.server.log.preallocated.size = 16384 (custom)
2022-06-16 16:21:47,887 [pool-891-thread-1] INFO  server.RaftServerConfigKeys (ConfUtils.java:logGet(46)) - raft.server.log.force.sync.num = 128 (default)
2022-06-16 16:21:47,887 [pool-891-thread-1] INFO  server.RaftServerConfigKeys (ConfUtils.java:logGet(46)) - raft.server.log.statemachine.data.sync = true (default)
2022-06-16 16:21:47,887 [pool-891-thread-1] INFO  server.RaftServerConfigKeys (ConfUtils.java:logGet(46)) - raft.server.log.statemachine.data.sync.timeout = 10s (default)
2022-06-16 16:21:47,887 [pool-891-thread-1] INFO  server.RaftServerConfigKeys (ConfUtils.java:logGet(46)) - raft.server.log.statemachine.data.sync.timeout.retry = -1 (default)
2022-06-16 16:21:47,888 [pool-891-thread-1] INFO  server.RaftServerConfigKeys (ConfUtils.java:logGet(46)) - raft.server.log.write.buffer.size = 1048576 (custom)
2022-06-16 16:21:47,888 [pool-891-thread-1] INFO  server.RaftServerConfigKeys (ConfUtils.java:logGet(46)) - raft.server.log.unsafe-flush.enabled = false (default)
2022-06-16 16:21:47,888 [pool-891-thread-1] INFO  server.RaftServerConfigKeys (ConfUtils.java:logGet(46)) - raft.server.log.statemachine.data.caching.enabled = true (custom)
2022-06-16 16:21:47,888 [pool-891-thread-1] INFO  segmented.SegmentedRaftLogWorker (SegmentedRaftLogWorker.java:lambda$new$0(135)) - 3ccaab51-594b-45d9-a95d-6a5841fc2e70@group-EAFA9F045B93-SegmentedRaftLogWorker: flushIndex: setUnconditionally 0 -> -1
2022-06-16 16:21:47,888 [pool-891-thread-1] INFO  segmented.SegmentedRaftLogWorker (SegmentedRaftLogWorker.java:lambda$new$0(135)) - 3ccaab51-594b-45d9-a95d-6a5841fc2e70@group-EAFA9F045B93-SegmentedRaftLogWorker: safeCacheEvictIndex: setUnconditionally 0 -> -1
2022-06-16 16:21:47,889 [EventQueue-PipelineReportForPipelineReportHandler] INFO  pipeline.PipelineManagerImpl (PipelineManagerImpl.java:openPipeline(356)) - Pipeline Pipeline[ Id: 1e111de9-d6ff-45c4-9efc-eafa9f045b93, Nodes: 3ccaab51-594b-45d9-a95d-6a5841fc2e70{ip: 10.1.0.16, host: fv-az37-268.zqe2tmcsx5vuvjs3sdc4q2yfud.gx.internal.cloudapp.net, ports: [REPLICATION=40329, RATIS=42747, RATIS_ADMIN=42747, RATIS_SERVER=42747, STANDALONE=42127], networkLocation: /default-rack, certSerialId: null, persistedOpState: IN_SERVICE, persistedOpStateExpiryEpochSec: 0}, ReplicationConfig: RATIS/ONE, State:ALLOCATED, leaderId:3ccaab51-594b-45d9-a95d-6a5841fc2e70, CreationTimestamp2022-06-16T16:21:44.802Z[Etc/UTC]] moved to OPEN state
2022-06-16 16:21:47,889 [EventQueue-OpenPipelineForHealthyPipelineSafeModeRule] INFO  safemode.SCMSafeModeManager (HealthyPipelineSafeModeRule.java:process(124)) - SCM in safe mode. Healthy pipelines reported count is 0, required healthy pipeline reported count is 1
2022-06-16 16:21:47,904 [pool-891-thread-1] INFO  server.RaftServerConfigKeys (ConfUtils.java:logGet(46)) - raft.server.snapshot.auto.trigger.enabled = true (custom)
2022-06-16 16:21:47,904 [pool-891-thread-1] INFO  server.RaftServerConfigKeys (ConfUtils.java:logGet(46)) - raft.server.snapshot.auto.trigger.threshold = 10000 (custom)
2022-06-16 16:21:47,904 [pool-891-thread-1] INFO  server.RaftServerConfigKeys (ConfUtils.java:logGet(46)) - raft.server.snapshot.retention.file.num = 5 (custom)
2022-06-16 16:21:47,904 [pool-891-thread-1] INFO  server.RaftServerConfigKeys (ConfUtils.java:logGet(46)) - raft.server.log.purge.upto.snapshot.index = false (default)
2022-06-16 16:21:47,905 [pool-891-thread-1] INFO  server.RaftServerConfigKeys (ConfUtils.java:logGet(46)) - raft.server.retrycache.expirytime = 600000ms (custom)
2022-06-16 16:21:47,905 [pool-891-thread-1] INFO  server.RaftServerConfigKeys (ConfUtils.java:logGet(46)) - raft.server.retrycache.statistics.expirytime = 100μs (default)
2022-06-16 16:21:47,906 [pool-891-thread-1] INFO  server.RaftServerConfigKeys (ConfUtils.java:logGet(46)) - raft.server.log.appender.install.snapshot.enabled = false (custom)
2022-06-16 16:21:47,906 [pool-891-thread-1] INFO  server.RaftServerConfigKeys (ConfUtils.java:logGet(46)) - raft.server.threadpool.server.cached = true (default)
2022-06-16 16:21:47,910 [pool-891-thread-1] INFO  server.RaftServerConfigKeys (ConfUtils.java:logGet(46)) - raft.server.threadpool.server.size = 0 (default)
2022-06-16 16:21:47,910 [pool-891-thread-1] INFO  server.RaftServerConfigKeys (ConfUtils.java:logGet(46)) - raft.server.threadpool.client.cached = true (default)
2022-06-16 16:21:47,910 [pool-891-thread-1] INFO  server.RaftServerConfigKeys (ConfUtils.java:logGet(46)) - raft.server.threadpool.client.size = 0 (default)
2022-06-16 16:21:47,910 [pool-891-thread-1] INFO  server.RaftServer$Division (RaftServerImpl.java:start(310)) - 3ccaab51-594b-45d9-a95d-6a5841fc2e70@group-EAFA9F045B93: start as a follower, conf=-1: [3ccaab51-594b-45d9-a95d-6a5841fc2e70|rpc:10.1.0.16:42747|priority:1], old=null
2022-06-16 16:21:47,910 [pool-891-thread-1] INFO  server.RaftServer$Division (RaftServerImpl.java:setRole(299)) - 3ccaab51-594b-45d9-a95d-6a5841fc2e70@group-EAFA9F045B93: changes role from      null to FOLLOWER at term 0 for startAsFollower
2022-06-16 16:21:47,910 [pool-891-thread-1] INFO  impl.RoleInfo (RoleInfo.java:updateAndGet(139)) - 3ccaab51-594b-45d9-a95d-6a5841fc2e70: start 3ccaab51-594b-45d9-a95d-6a5841fc2e70@group-EAFA9F045B93-FollowerState
2022-06-16 16:21:47,942 [pool-891-thread-1] INFO  util.JmxRegister (JmxRegister.java:tryRegister(44)) - Successfully registered JMX Bean with object name Ratis:service=RaftServer,group=group-EAFA9F045B93,id=3ccaab51-594b-45d9-a95d-6a5841fc2e70
2022-06-16 16:21:47,946 [Command processor thread] INFO  ratis.XceiverServerRatis (XceiverServerRatis.java:addGroup(765)) - Created group PipelineID=1e111de9-d6ff-45c4-9efc-eafa9f045b93
2022-06-16 16:21:47,946 [Command processor thread] INFO  commandhandler.CreatePipelineCommandHandler (CreatePipelineCommandHandler.java:handle(113)) - Created Pipeline RATIS ONE PipelineID=1e111de9-d6ff-45c4-9efc-eafa9f045b93.
2022-06-16 16:21:48,222 [cbc12831-31a5-4f31-a046-b81d852f61de@group-77EDB190DBAF-FollowerState] INFO  impl.FollowerState (FollowerState.java:run(143)) - cbc12831-31a5-4f31-a046-b81d852f61de@group-77EDB190DBAF-FollowerState: change to CANDIDATE, lastRpcElapsedTime:5226155017ns, electionTimeout:5192ms
2022-06-16 16:21:48,222 [cbc12831-31a5-4f31-a046-b81d852f61de@group-77EDB190DBAF-FollowerState] INFO  impl.RoleInfo (RoleInfo.java:shutdownFollowerState(110)) - cbc12831-31a5-4f31-a046-b81d852f61de: shutdown cbc12831-31a5-4f31-a046-b81d852f61de@group-77EDB190DBAF-FollowerState
2022-06-16 16:21:48,222 [cbc12831-31a5-4f31-a046-b81d852f61de@group-77EDB190DBAF-FollowerState] INFO  server.RaftServer$Division (RaftServerImpl.java:setRole(299)) - cbc12831-31a5-4f31-a046-b81d852f61de@group-77EDB190DBAF: changes role from  FOLLOWER to CANDIDATE at term 0 for changeToCandidate
2022-06-16 16:21:48,222 [cbc12831-31a5-4f31-a046-b81d852f61de@group-77EDB190DBAF-FollowerState] INFO  server.RaftServerConfigKeys (ConfUtils.java:logGet(46)) - raft.server.leaderelection.pre-vote = false (custom)
2022-06-16 16:21:48,222 [cbc12831-31a5-4f31-a046-b81d852f61de@group-77EDB190DBAF-FollowerState] INFO  impl.RoleInfo (RoleInfo.java:updateAndGet(139)) - cbc12831-31a5-4f31-a046-b81d852f61de: start cbc12831-31a5-4f31-a046-b81d852f61de@group-77EDB190DBAF-LeaderElection50
2022-06-16 16:21:48,348 [Listener at 127.0.0.1/33505] INFO  ozone.MiniOzoneClusterImpl (MiniOzoneClusterImpl.java:lambda$waitForClusterToBeReady$0(221)) - Nodes are ready. Got 5 of 5 DN Heartbeats.
2022-06-16 16:21:48,348 [Listener at 127.0.0.1/33505] INFO  ozone.MiniOzoneClusterImpl (MiniOzoneClusterImpl.java:lambda$waitForClusterToBeReady$0(224)) - Waiting for cluster to exit safe mode
2022-06-16 16:21:48,348 [Listener at 127.0.0.1/33505] INFO  ozone.MiniOzoneClusterImpl (MiniOzoneClusterImpl.java:lambda$waitForClusterToBeReady$0(226)) - SCM became leader
2022-06-16 16:21:48,361 [cbc12831-31a5-4f31-a046-b81d852f61de@group-77EDB190DBAF-LeaderElection50] INFO  impl.LeaderElection (LeaderElection.java:askForVotes(310)) - cbc12831-31a5-4f31-a046-b81d852f61de@group-77EDB190DBAF-LeaderElection50 ELECTION round 0: submit vote requests at term 1 for -1: [cbc12831-31a5-4f31-a046-b81d852f61de|rpc:10.1.0.16:42913|priority:1], old=null
2022-06-16 16:21:48,361 [cbc12831-31a5-4f31-a046-b81d852f61de@group-77EDB190DBAF-LeaderElection50] INFO  impl.LeaderElection (LeaderElection.java:askForVotes(312)) - cbc12831-31a5-4f31-a046-b81d852f61de@group-77EDB190DBAF-LeaderElection50 ELECTION round 0: result PASSED (term=1)
2022-06-16 16:21:48,362 [cbc12831-31a5-4f31-a046-b81d852f61de@group-77EDB190DBAF-LeaderElection50] INFO  impl.RoleInfo (RoleInfo.java:shutdownLeaderElection(130)) - cbc12831-31a5-4f31-a046-b81d852f61de: shutdown cbc12831-31a5-4f31-a046-b81d852f61de@group-77EDB190DBAF-LeaderElection50
2022-06-16 16:21:48,362 [cbc12831-31a5-4f31-a046-b81d852f61de@group-77EDB190DBAF-LeaderElection50] INFO  server.RaftServer$Division (RaftServerImpl.java:setRole(299)) - cbc12831-31a5-4f31-a046-b81d852f61de@group-77EDB190DBAF: changes role from CANDIDATE to LEADER at term 1 for changeToLeader
2022-06-16 16:21:48,362 [cbc12831-31a5-4f31-a046-b81d852f61de@group-77EDB190DBAF-LeaderElection50] INFO  ratis.XceiverServerRatis (XceiverServerRatis.java:handleLeaderChangedNotification(863)) - Leader change notification received for group: group-77EDB190DBAF with new leaderId: cbc12831-31a5-4f31-a046-b81d852f61de
2022-06-16 16:21:48,362 [cbc12831-31a5-4f31-a046-b81d852f61de@group-77EDB190DBAF-LeaderElection50] INFO  server.RaftServer$Division (ServerState.java:setLeader(287)) - cbc12831-31a5-4f31-a046-b81d852f61de@group-77EDB190DBAF: change Leader from null to cbc12831-31a5-4f31-a046-b81d852f61de at term 1 for becomeLeader, leader elected after 5433ms
2022-06-16 16:21:48,362 [cbc12831-31a5-4f31-a046-b81d852f61de@group-77EDB190DBAF-LeaderElection50] INFO  server.RaftServerConfigKeys (ConfUtils.java:logGet(46)) - raft.server.staging.catchup.gap = 1000 (default)
2022-06-16 16:21:48,362 [cbc12831-31a5-4f31-a046-b81d852f61de@group-77EDB190DBAF-LeaderElection50] INFO  server.RaftServerConfigKeys (ConfUtils.java:logGet(46)) - raft.server.write.element-limit = 1024 (custom)
2022-06-16 16:21:48,362 [cbc12831-31a5-4f31-a046-b81d852f61de@group-77EDB190DBAF-LeaderElection50] INFO  server.RaftServerConfigKeys (ConfUtils.java:logGet(46)) - raft.server.write.byte-limit = 1024 M (=1073741824) (custom)
2022-06-16 16:21:48,362 [cbc12831-31a5-4f31-a046-b81d852f61de@group-77EDB190DBAF-LeaderElection50] INFO  server.RaftServerConfigKeys (ConfUtils.java:logGet(46)) - raft.server.watch.timeout = 180s (custom)
2022-06-16 16:21:48,362 [cbc12831-31a5-4f31-a046-b81d852f61de@group-77EDB190DBAF-LeaderElection50] INFO  server.RaftServerConfigKeys (ConfUtils.java:logGet(46)) - raft.server.watch.timeout.denomination = 1s (default)
2022-06-16 16:21:48,362 [cbc12831-31a5-4f31-a046-b81d852f61de@group-77EDB190DBAF-LeaderElection50] INFO  server.RaftServerConfigKeys (ConfUtils.java:logGet(46)) - raft.server.watch.element-limit = 65536 (default)
2022-06-16 16:21:48,363 [cbc12831-31a5-4f31-a046-b81d852f61de@group-77EDB190DBAF-LeaderElection50] INFO  server.RaftServerConfigKeys (ConfUtils.java:logGet(46)) - raft.server.write.element-limit = 1024 (custom)
2022-06-16 16:21:48,363 [cbc12831-31a5-4f31-a046-b81d852f61de@group-77EDB190DBAF-LeaderElection50] INFO  server.RaftServerConfigKeys (ConfUtils.java:logGet(46)) - raft.server.write.follower.gap.ratio.max = -1.0 (default)
2022-06-16 16:21:48,363 [cbc12831-31a5-4f31-a046-b81d852f61de@group-77EDB190DBAF-LeaderElection50] INFO  impl.RoleInfo (RoleInfo.java:updateAndGet(139)) - cbc12831-31a5-4f31-a046-b81d852f61de: start cbc12831-31a5-4f31-a046-b81d852f61de@group-77EDB190DBAF-LeaderStateImpl
2022-06-16 16:21:48,363 [cbc12831-31a5-4f31-a046-b81d852f61de@group-77EDB190DBAF-LeaderElection50] INFO  segmented.SegmentedRaftLogWorker (SegmentedRaftLogWorker.java:startLogSegment(425)) - cbc12831-31a5-4f31-a046-b81d852f61de@group-77EDB190DBAF-SegmentedRaftLogWorker: Starting segment from index:0
2022-06-16 16:21:48,365 [cbc12831-31a5-4f31-a046-b81d852f61de@group-77EDB190DBAF-SegmentedRaftLogWorker] INFO  segmented.SegmentedRaftLogWorker (SegmentedRaftLogWorker.java:execute(629)) - cbc12831-31a5-4f31-a046-b81d852f61de@group-77EDB190DBAF-SegmentedRaftLogWorker: created new log segment /home/runner/work/ozone/ozone/hadoop-ozone/integration-test/target/test-dir/MiniOzoneClusterImpl-41de4505-4fce-475e-a877-0dc0879048ec/datanode-0/data/ratis/63e4fd0f-f42c-4a53-ad53-77edb190dbaf/current/log_inprogress_0
2022-06-16 16:21:48,399 [cbc12831-31a5-4f31-a046-b81d852f61de@group-77EDB190DBAF-LeaderElection50] INFO  server.RaftServer$Division (ServerState.java:setRaftConf(393)) - cbc12831-31a5-4f31-a046-b81d852f61de@group-77EDB190DBAF: set configuration 0: [cbc12831-31a5-4f31-a046-b81d852f61de|rpc:10.1.0.16:42913|dataStream:|priority:1], old=null
2022-06-16 16:21:48,423 [EventQueue-OpenPipelineForHealthyPipelineSafeModeRule] INFO  safemode.SCMSafeModeManager (HealthyPipelineSafeModeRule.java:process(124)) - SCM in safe mode. Healthy pipelines reported count is 0, required healthy pipeline reported count is 1
2022-06-16 16:21:49,348 [Listener at 127.0.0.1/33505] INFO  ozone.MiniOzoneClusterImpl (MiniOzoneClusterImpl.java:lambda$waitForClusterToBeReady$0(221)) - Nodes are ready. Got 5 of 5 DN Heartbeats.
2022-06-16 16:21:49,349 [Listener at 127.0.0.1/33505] INFO  ozone.MiniOzoneClusterImpl (MiniOzoneClusterImpl.java:lambda$waitForClusterToBeReady$0(224)) - Waiting for cluster to exit safe mode
2022-06-16 16:21:49,349 [Listener at 127.0.0.1/33505] INFO  ozone.MiniOzoneClusterImpl (MiniOzoneClusterImpl.java:lambda$waitForClusterToBeReady$0(226)) - SCM became leader
2022-06-16 16:21:49,407 [Command processor thread] INFO  server.RaftServer (RaftServerProxy.java:addNew(96)) - 1c79e798-ce4e-4731-abab-8f755a4e096a: addNew group-FF1A02073EE2:[1c79e798-ce4e-4731-abab-8f755a4e096a|rpc:10.1.0.16:40089|priority:1] returns group-FF1A02073EE2:java.util.concurrent.CompletableFuture@3f5c7c1[Not completed]
2022-06-16 16:21:49,442 [pool-913-thread-1] INFO  server.RaftServer$Division (RaftServerImpl.java:<init>(190)) - 1c79e798-ce4e-4731-abab-8f755a4e096a: new RaftServerImpl for group-FF1A02073EE2:[1c79e798-ce4e-4731-abab-8f755a4e096a|rpc:10.1.0.16:40089|priority:1] with ContainerStateMachine:uninitialized
2022-06-16 16:21:49,442 [pool-913-thread-1] INFO  server.RaftServerConfigKeys (ConfUtils.java:logGet(46)) - raft.server.rpc.timeout.min = 5s (custom)
2022-06-16 16:21:49,442 [pool-913-thread-1] INFO  server.RaftServerConfigKeys (ConfUtils.java:logGet(46)) - raft.server.rpc.timeout.max = 5200ms (custom)
2022-06-16 16:21:49,442 [pool-913-thread-1] INFO  server.RaftServerConfigKeys (ConfUtils.java:logGet(46)) - raft.server.rpc.sleep.time = 25ms (default)
2022-06-16 16:21:49,442 [pool-913-thread-1] INFO  server.RaftServerConfigKeys (ConfUtils.java:logGet(46)) - raft.server.rpc.slowness.timeout = 300s (custom)
2022-06-16 16:21:49,442 [pool-913-thread-1] INFO  server.RaftServerConfigKeys (ConfUtils.java:logGet(46)) - raft.server.leaderelection.leader.step-down.wait-time = 10s (default)
2022-06-16 16:21:49,443 [pool-913-thread-1] INFO  server.RaftServerConfigKeys (ConfUtils.java:logGet(46)) - raft.server.sleep.deviation.threshold = 300ms (default)
2022-06-16 16:21:49,443 [pool-913-thread-1] INFO  server.RaftServer$Division (ServerState.java:<init>(107)) - 1c79e798-ce4e-4731-abab-8f755a4e096a@group-FF1A02073EE2: ConfigurationManager, init=-1: [1c79e798-ce4e-4731-abab-8f755a4e096a|rpc:10.1.0.16:40089|priority:1], old=null, confs=<EMPTY_MAP>
2022-06-16 16:21:49,443 [pool-913-thread-1] INFO  server.RaftServerConfigKeys (ConfUtils.java:logGet(46)) - raft.server.storage.dir = [/home/runner/work/ozone/ozone/hadoop-ozone/integration-test/target/test-dir/MiniOzoneClusterImpl-41de4505-4fce-475e-a877-0dc0879048ec/datanode-4/data/ratis] (custom)
2022-06-16 16:21:49,443 [pool-913-thread-1] INFO  server.RaftServerConfigKeys (ConfUtils.java:logGet(46)) - raft.server.log.corruption.policy = EXCEPTION (default)
2022-06-16 16:21:49,443 [pool-913-thread-1] INFO  server.RaftServerConfigKeys (ConfUtils.java:logGet(46)) - raft.server.storage.free-space.min = 0MB (=0) (default)
2022-06-16 16:21:49,443 [pool-913-thread-1] INFO  storage.RaftStorageDirectory (RaftStorageDirectoryImpl.java:analyzeStorage(135)) - The storage directory /home/runner/work/ozone/ozone/hadoop-ozone/integration-test/target/test-dir/MiniOzoneClusterImpl-41de4505-4fce-475e-a877-0dc0879048ec/datanode-4/data/ratis/29bcd10d-d504-4178-8968-ff1a02073ee2 does not exist. Creating ...
2022-06-16 16:21:49,454 [pool-913-thread-1] INFO  storage.RaftStorageDirectory (RaftStorageDirectoryImpl.java:tryLock(230)) - Lock on /home/runner/work/ozone/ozone/hadoop-ozone/integration-test/target/test-dir/MiniOzoneClusterImpl-41de4505-4fce-475e-a877-0dc0879048ec/datanode-4/data/ratis/29bcd10d-d504-4178-8968-ff1a02073ee2/in_use.lock acquired by nodename 3861@fv-az37-268
2022-06-16 16:21:49,455 [pool-913-thread-1] INFO  storage.RaftStorage (RaftStorageImpl.java:format(89)) - Storage directory /home/runner/work/ozone/ozone/hadoop-ozone/integration-test/target/test-dir/MiniOzoneClusterImpl-41de4505-4fce-475e-a877-0dc0879048ec/datanode-4/data/ratis/29bcd10d-d504-4178-8968-ff1a02073ee2 has been successfully formatted.
2022-06-16 16:21:49,478 [pool-913-thread-1] INFO  ratis.ContainerStateMachine (ContainerStateMachine.java:loadSnapshot(236)) - group-FF1A02073EE2: The snapshot info is null. Setting the last applied indexto:(t:0, i:~)
2022-06-16 16:21:49,478 [pool-913-thread-1] INFO  server.RaftServerConfigKeys (ConfUtils.java:logGet(46)) - raft.server.notification.no-leader.timeout = 300s (custom)
2022-06-16 16:21:49,478 [pool-913-thread-1] INFO  server.RaftServerConfigKeys (ConfUtils.java:logGet(46)) - raft.server.log.use.memory = false (default)
2022-06-16 16:21:49,478 [pool-913-thread-1] INFO  server.RaftServerConfigKeys (ConfUtils.java:logGet(46)) - raft.server.log.purge.gap = 1000000 (custom)
2022-06-16 16:21:49,478 [pool-913-thread-1] INFO  server.RaftServerConfigKeys (ConfUtils.java:logGet(46)) - raft.server.log.appender.buffer.byte-limit = 33554432 (custom)
2022-06-16 16:21:49,478 [pool-913-thread-1] INFO  server.RaftServerConfigKeys (ConfUtils.java:logGet(46)) - raft.server.log.statemachine.data.read.timeout = 1000ms (default)
2022-06-16 16:21:49,478 [pool-913-thread-1] INFO  server.RaftServerConfigKeys (ConfUtils.java:logGet(46)) - raft.server.log.segment.size.max = 1048576 (custom)
2022-06-16 16:21:49,479 [pool-913-thread-1] INFO  server.RaftServerConfigKeys (ConfUtils.java:logGet(46)) - raft.server.log.segment.cache.num.max = 2 (custom)
2022-06-16 16:21:49,479 [pool-913-thread-1] INFO  server.RaftServerConfigKeys (ConfUtils.java:logGet(46)) - raft.server.log.segment.cache.size.max = 200MB (=209715200) (default)
2022-06-16 16:21:49,479 [pool-913-thread-1] INFO  segmented.SegmentedRaftLogWorker (SegmentedRaftLogWorker.java:<init>(187)) - new 1c79e798-ce4e-4731-abab-8f755a4e096a@group-FF1A02073EE2-SegmentedRaftLogWorker for RaftStorageImpl:Storage Directory /home/runner/work/ozone/ozone/hadoop-ozone/integration-test/target/test-dir/MiniOzoneClusterImpl-41de4505-4fce-475e-a877-0dc0879048ec/datanode-4/data/ratis/29bcd10d-d504-4178-8968-ff1a02073ee2
2022-06-16 16:21:49,479 [pool-913-thread-1] INFO  server.RaftServerConfigKeys (ConfUtils.java:logGet(46)) - raft.server.log.queue.byte-limit = 4294967296 (custom)
2022-06-16 16:21:49,479 [pool-913-thread-1] INFO  server.RaftServerConfigKeys (ConfUtils.java:logGet(46)) - raft.server.log.queue.element-limit = 1024 (custom)
2022-06-16 16:21:49,490 [EventQueue-PipelineReportForPipelineReportHandler] INFO  pipeline.PipelineManagerImpl (PipelineManagerImpl.java:openPipeline(356)) - Pipeline Pipeline[ Id: 29bcd10d-d504-4178-8968-ff1a02073ee2, Nodes: 1c79e798-ce4e-4731-abab-8f755a4e096a{ip: 10.1.0.16, host: fv-az37-268.zqe2tmcsx5vuvjs3sdc4q2yfud.gx.internal.cloudapp.net, ports: [REPLICATION=35147, RATIS=40089, RATIS_ADMIN=40089, RATIS_SERVER=40089, STANDALONE=35333], networkLocation: /default-rack, certSerialId: null, persistedOpState: IN_SERVICE, persistedOpStateExpiryEpochSec: 0}, ReplicationConfig: RATIS/ONE, State:ALLOCATED, leaderId:1c79e798-ce4e-4731-abab-8f755a4e096a, CreationTimestamp2022-06-16T16:21:46.417Z[Etc/UTC]] moved to OPEN state
2022-06-16 16:21:49,490 [EventQueue-OpenPipelineForHealthyPipelineSafeModeRule] INFO  safemode.SCMSafeModeManager (HealthyPipelineSafeModeRule.java:process(124)) - SCM in safe mode. Healthy pipelines reported count is 0, required healthy pipeline reported count is 1
2022-06-16 16:21:49,500 [pool-913-thread-1] INFO  server.RaftServerConfigKeys (ConfUtils.java:logGet(46)) - raft.server.log.segment.size.max = 1048576 (custom)
2022-06-16 16:21:49,500 [pool-913-thread-1] INFO  server.RaftServerConfigKeys (ConfUtils.java:logGet(46)) - raft.server.log.preallocated.size = 16384 (custom)
2022-06-16 16:21:49,500 [pool-913-thread-1] INFO  server.RaftServerConfigKeys (ConfUtils.java:logGet(46)) - raft.server.log.force.sync.num = 128 (default)
2022-06-16 16:21:49,500 [pool-913-thread-1] INFO  server.RaftServerConfigKeys (ConfUtils.java:logGet(46)) - raft.server.log.statemachine.data.sync = true (default)
2022-06-16 16:21:49,501 [pool-913-thread-1] INFO  server.RaftServerConfigKeys (ConfUtils.java:logGet(46)) - raft.server.log.statemachine.data.sync.timeout = 10s (default)
2022-06-16 16:21:49,501 [pool-913-thread-1] INFO  server.RaftServerConfigKeys (ConfUtils.java:logGet(46)) - raft.server.log.statemachine.data.sync.timeout.retry = -1 (default)
2022-06-16 16:21:49,501 [pool-913-thread-1] INFO  server.RaftServerConfigKeys (ConfUtils.java:logGet(46)) - raft.server.log.write.buffer.size = 1048576 (custom)
2022-06-16 16:21:49,502 [pool-913-thread-1] INFO  server.RaftServerConfigKeys (ConfUtils.java:logGet(46)) - raft.server.log.unsafe-flush.enabled = false (default)
2022-06-16 16:21:49,502 [pool-913-thread-1] INFO  server.RaftServerConfigKeys (ConfUtils.java:logGet(46)) - raft.server.log.statemachine.data.caching.enabled = true (custom)
2022-06-16 16:21:49,502 [pool-913-thread-1] INFO  segmented.SegmentedRaftLogWorker (SegmentedRaftLogWorker.java:lambda$new$0(135)) - 1c79e798-ce4e-4731-abab-8f755a4e096a@group-FF1A02073EE2-SegmentedRaftLogWorker: flushIndex: setUnconditionally 0 -> -1
2022-06-16 16:21:49,502 [pool-913-thread-1] INFO  segmented.SegmentedRaftLogWorker (SegmentedRaftLogWorker.java:lambda$new$0(135)) - 1c79e798-ce4e-4731-abab-8f755a4e096a@group-FF1A02073EE2-SegmentedRaftLogWorker: safeCacheEvictIndex: setUnconditionally 0 -> -1
2022-06-16 16:21:49,510 [pool-913-thread-1] INFO  server.RaftServerConfigKeys (ConfUtils.java:logGet(46)) - raft.server.snapshot.auto.trigger.enabled = true (custom)
2022-06-16 16:21:49,510 [pool-913-thread-1] INFO  server.RaftServerConfigKeys (ConfUtils.java:logGet(46)) - raft.server.snapshot.auto.trigger.threshold = 10000 (custom)
2022-06-16 16:21:49,510 [pool-913-thread-1] INFO  server.RaftServerConfigKeys (ConfUtils.java:logGet(46)) - raft.server.snapshot.retention.file.num = 5 (custom)
2022-06-16 16:21:49,510 [pool-913-thread-1] INFO  server.RaftServerConfigKeys (ConfUtils.java:logGet(46)) - raft.server.log.purge.upto.snapshot.index = false (default)
2022-06-16 16:21:49,510 [pool-913-thread-1] INFO  server.RaftServerConfigKeys (ConfUtils.java:logGet(46)) - raft.server.retrycache.expirytime = 600000ms (custom)
2022-06-16 16:21:49,510 [pool-913-thread-1] INFO  server.RaftServerConfigKeys (ConfUtils.java:logGet(46)) - raft.server.retrycache.statistics.expirytime = 100μs (default)
2022-06-16 16:21:49,512 [pool-913-thread-1] INFO  server.RaftServerConfigKeys (ConfUtils.java:logGet(46)) - raft.server.log.appender.install.snapshot.enabled = false (custom)
2022-06-16 16:21:49,512 [pool-913-thread-1] INFO  server.RaftServerConfigKeys (ConfUtils.java:logGet(46)) - raft.server.threadpool.server.cached = true (default)
2022-06-16 16:21:49,512 [pool-913-thread-1] INFO  server.RaftServerConfigKeys (ConfUtils.java:logGet(46)) - raft.server.threadpool.server.size = 0 (default)
2022-06-16 16:21:49,513 [pool-913-thread-1] INFO  server.RaftServerConfigKeys (ConfUtils.java:logGet(46)) - raft.server.threadpool.client.cached = true (default)
2022-06-16 16:21:49,513 [pool-913-thread-1] INFO  server.RaftServerConfigKeys (ConfUtils.java:logGet(46)) - raft.server.threadpool.client.size = 0 (default)
2022-06-16 16:21:49,513 [pool-913-thread-1] INFO  server.RaftServer$Division (RaftServerImpl.java:start(310)) - 1c79e798-ce4e-4731-abab-8f755a4e096a@group-FF1A02073EE2: start as a follower, conf=-1: [1c79e798-ce4e-4731-abab-8f755a4e096a|rpc:10.1.0.16:40089|priority:1], old=null
2022-06-16 16:21:49,513 [pool-913-thread-1] INFO  server.RaftServer$Division (RaftServerImpl.java:setRole(299)) - 1c79e798-ce4e-4731-abab-8f755a4e096a@group-FF1A02073EE2: changes role from      null to FOLLOWER at term 0 for startAsFollower
2022-06-16 16:21:49,513 [pool-913-thread-1] INFO  impl.RoleInfo (RoleInfo.java:updateAndGet(139)) - 1c79e798-ce4e-4731-abab-8f755a4e096a: start 1c79e798-ce4e-4731-abab-8f755a4e096a@group-FF1A02073EE2-FollowerState
2022-06-16 16:21:49,526 [pool-913-thread-1] INFO  util.JmxRegister (JmxRegister.java:tryRegister(44)) - Successfully registered JMX Bean with object name Ratis:service=RaftServer,group=group-FF1A02073EE2,id=1c79e798-ce4e-4731-abab-8f755a4e096a
2022-06-16 16:21:49,532 [Command processor thread] INFO  ratis.XceiverServerRatis (XceiverServerRatis.java:addGroup(765)) - Created group PipelineID=29bcd10d-d504-4178-8968-ff1a02073ee2
2022-06-16 16:21:49,532 [Command processor thread] INFO  commandhandler.CreatePipelineCommandHandler (CreatePipelineCommandHandler.java:handle(113)) - Created Pipeline RATIS ONE PipelineID=29bcd10d-d504-4178-8968-ff1a02073ee2.
2022-06-16 16:21:49,681 [6c743a47-4ce0-4970-944e-624fd1e2ad3d@group-7F5D31A11A2C-FollowerState] INFO  impl.FollowerState (FollowerState.java:run(143)) - 6c743a47-4ce0-4970-944e-624fd1e2ad3d@group-7F5D31A11A2C-FollowerState: change to CANDIDATE, lastRpcElapsedTime:5093156717ns, electionTimeout:5049ms
2022-06-16 16:21:49,681 [6c743a47-4ce0-4970-944e-624fd1e2ad3d@group-7F5D31A11A2C-FollowerState] INFO  impl.RoleInfo (RoleInfo.java:shutdownFollowerState(110)) - 6c743a47-4ce0-4970-944e-624fd1e2ad3d: shutdown 6c743a47-4ce0-4970-944e-624fd1e2ad3d@group-7F5D31A11A2C-FollowerState
2022-06-16 16:21:49,681 [6c743a47-4ce0-4970-944e-624fd1e2ad3d@group-7F5D31A11A2C-FollowerState] INFO  server.RaftServer$Division (RaftServerImpl.java:setRole(299)) - 6c743a47-4ce0-4970-944e-624fd1e2ad3d@group-7F5D31A11A2C: changes role from  FOLLOWER to CANDIDATE at term 0 for changeToCandidate
2022-06-16 16:21:49,681 [6c743a47-4ce0-4970-944e-624fd1e2ad3d@group-7F5D31A11A2C-FollowerState] INFO  server.RaftServerConfigKeys (ConfUtils.java:logGet(46)) - raft.server.leaderelection.pre-vote = false (custom)
2022-06-16 16:21:49,681 [6c743a47-4ce0-4970-944e-624fd1e2ad3d@group-7F5D31A11A2C-FollowerState] INFO  impl.RoleInfo (RoleInfo.java:updateAndGet(139)) - 6c743a47-4ce0-4970-944e-624fd1e2ad3d: start 6c743a47-4ce0-4970-944e-624fd1e2ad3d@group-7F5D31A11A2C-LeaderElection51
2022-06-16 16:21:49,729 [6c743a47-4ce0-4970-944e-624fd1e2ad3d@group-7F5D31A11A2C-LeaderElection51] INFO  impl.LeaderElection (LeaderElection.java:askForVotes(310)) - 6c743a47-4ce0-4970-944e-624fd1e2ad3d@group-7F5D31A11A2C-LeaderElection51 ELECTION round 0: submit vote requests at term 1 for -1: [6c743a47-4ce0-4970-944e-624fd1e2ad3d|rpc:10.1.0.16:44833|priority:1], old=null
2022-06-16 16:21:49,730 [6c743a47-4ce0-4970-944e-624fd1e2ad3d@group-7F5D31A11A2C-LeaderElection51] INFO  impl.LeaderElection (LeaderElection.java:askForVotes(312)) - 6c743a47-4ce0-4970-944e-624fd1e2ad3d@group-7F5D31A11A2C-LeaderElection51 ELECTION round 0: result PASSED (term=1)
2022-06-16 16:21:49,730 [6c743a47-4ce0-4970-944e-624fd1e2ad3d@group-7F5D31A11A2C-LeaderElection51] INFO  impl.RoleInfo (RoleInfo.java:shutdownLeaderElection(130)) - 6c743a47-4ce0-4970-944e-624fd1e2ad3d: shutdown 6c743a47-4ce0-4970-944e-624fd1e2ad3d@group-7F5D31A11A2C-LeaderElection51
2022-06-16 16:21:49,730 [6c743a47-4ce0-4970-944e-624fd1e2ad3d@group-7F5D31A11A2C-LeaderElection51] INFO  server.RaftServer$Division (RaftServerImpl.java:setRole(299)) - 6c743a47-4ce0-4970-944e-624fd1e2ad3d@group-7F5D31A11A2C: changes role from CANDIDATE to LEADER at term 1 for changeToLeader
2022-06-16 16:21:49,742 [6c743a47-4ce0-4970-944e-624fd1e2ad3d@group-7F5D31A11A2C-LeaderElection51] INFO  ratis.XceiverServerRatis (XceiverServerRatis.java:handleLeaderChangedNotification(863)) - Leader change notification received for group: group-7F5D31A11A2C with new leaderId: 6c743a47-4ce0-4970-944e-624fd1e2ad3d
2022-06-16 16:21:49,742 [6c743a47-4ce0-4970-944e-624fd1e2ad3d@group-7F5D31A11A2C-LeaderElection51] INFO  server.RaftServer$Division (ServerState.java:setLeader(287)) - 6c743a47-4ce0-4970-944e-624fd1e2ad3d@group-7F5D31A11A2C: change Leader from null to 6c743a47-4ce0-4970-944e-624fd1e2ad3d at term 1 for becomeLeader, leader elected after 5175ms
2022-06-16 16:21:49,742 [6c743a47-4ce0-4970-944e-624fd1e2ad3d@group-7F5D31A11A2C-LeaderElection51] INFO  server.RaftServerConfigKeys (ConfUtils.java:logGet(46)) - raft.server.staging.catchup.gap = 1000 (default)
2022-06-16 16:21:49,742 [6c743a47-4ce0-4970-944e-624fd1e2ad3d@group-7F5D31A11A2C-LeaderElection51] INFO  server.RaftServerConfigKeys (ConfUtils.java:logGet(46)) - raft.server.write.element-limit = 1024 (custom)
2022-06-16 16:21:49,742 [6c743a47-4ce0-4970-944e-624fd1e2ad3d@group-7F5D31A11A2C-LeaderElection51] INFO  server.RaftServerConfigKeys (ConfUtils.java:logGet(46)) - raft.server.write.byte-limit = 1024 M (=1073741824) (custom)
2022-06-16 16:21:49,743 [6c743a47-4ce0-4970-944e-624fd1e2ad3d@group-7F5D31A11A2C-LeaderElection51] INFO  server.RaftServerConfigKeys (ConfUtils.java:logGet(46)) - raft.server.watch.timeout = 180s (custom)
2022-06-16 16:21:49,743 [6c743a47-4ce0-4970-944e-624fd1e2ad3d@group-7F5D31A11A2C-LeaderElection51] INFO  server.RaftServerConfigKeys (ConfUtils.java:logGet(46)) - raft.server.watch.timeout.denomination = 1s (default)
2022-06-16 16:21:49,743 [6c743a47-4ce0-4970-944e-624fd1e2ad3d@group-7F5D31A11A2C-LeaderElection51] INFO  server.RaftServerConfigKeys (ConfUtils.java:logGet(46)) - raft.server.watch.element-limit = 65536 (default)
2022-06-16 16:21:49,743 [6c743a47-4ce0-4970-944e-624fd1e2ad3d@group-7F5D31A11A2C-LeaderElection51] INFO  server.RaftServerConfigKeys (ConfUtils.java:logGet(46)) - raft.server.write.element-limit = 1024 (custom)
2022-06-16 16:21:49,743 [EventQueue-OpenPipelineForHealthyPipelineSafeModeRule] INFO  safemode.SCMSafeModeManager (HealthyPipelineSafeModeRule.java:process(124)) - SCM in safe mode. Healthy pipelines reported count is 0, required healthy pipeline reported count is 1
2022-06-16 16:21:49,743 [6c743a47-4ce0-4970-944e-624fd1e2ad3d@group-7F5D31A11A2C-LeaderElection51] INFO  server.RaftServerConfigKeys (ConfUtils.java:logGet(46)) - raft.server.write.follower.gap.ratio.max = -1.0 (default)
2022-06-16 16:21:49,743 [6c743a47-4ce0-4970-944e-624fd1e2ad3d@group-7F5D31A11A2C-LeaderElection51] INFO  impl.RoleInfo (RoleInfo.java:updateAndGet(139)) - 6c743a47-4ce0-4970-944e-624fd1e2ad3d: start 6c743a47-4ce0-4970-944e-624fd1e2ad3d@group-7F5D31A11A2C-LeaderStateImpl
2022-06-16 16:21:49,743 [6c743a47-4ce0-4970-944e-624fd1e2ad3d@group-7F5D31A11A2C-LeaderElection51] INFO  segmented.SegmentedRaftLogWorker (SegmentedRaftLogWorker.java:startLogSegment(425)) - 6c743a47-4ce0-4970-944e-624fd1e2ad3d@group-7F5D31A11A2C-SegmentedRaftLogWorker: Starting segment from index:0
2022-06-16 16:21:49,745 [6c743a47-4ce0-4970-944e-624fd1e2ad3d@group-7F5D31A11A2C-SegmentedRaftLogWorker] INFO  segmented.SegmentedRaftLogWorker (SegmentedRaftLogWorker.java:execute(629)) - 6c743a47-4ce0-4970-944e-624fd1e2ad3d@group-7F5D31A11A2C-SegmentedRaftLogWorker: created new log segment /home/runner/work/ozone/ozone/hadoop-ozone/integration-test/target/test-dir/MiniOzoneClusterImpl-41de4505-4fce-475e-a877-0dc0879048ec/datanode-1/data/ratis/cff2593e-e25b-4dda-b4dd-7f5d31a11a2c/current/log_inprogress_0
2022-06-16 16:21:49,794 [6c743a47-4ce0-4970-944e-624fd1e2ad3d@group-7F5D31A11A2C-LeaderElection51] INFO  server.RaftServer$Division (ServerState.java:setRaftConf(393)) - 6c743a47-4ce0-4970-944e-624fd1e2ad3d@group-7F5D31A11A2C: set configuration 0: [6c743a47-4ce0-4970-944e-624fd1e2ad3d|rpc:10.1.0.16:44833|dataStream:|priority:1], old=null
2022-06-16 16:21:49,820 [6c743a47-4ce0-4970-944e-624fd1e2ad3d@group-D5DCD881B8EA-FollowerState] INFO  impl.FollowerState (FollowerState.java:run(143)) - 6c743a47-4ce0-4970-944e-624fd1e2ad3d@group-D5DCD881B8EA-FollowerState: change to CANDIDATE, lastRpcElapsedTime:5133883280ns, electionTimeout:5133ms
2022-06-16 16:21:49,821 [6c743a47-4ce0-4970-944e-624fd1e2ad3d@group-D5DCD881B8EA-FollowerState] INFO  impl.RoleInfo (RoleInfo.java:shutdownFollowerState(110)) - 6c743a47-4ce0-4970-944e-624fd1e2ad3d: shutdown 6c743a47-4ce0-4970-944e-624fd1e2ad3d@group-D5DCD881B8EA-FollowerState
2022-06-16 16:21:49,821 [6c743a47-4ce0-4970-944e-624fd1e2ad3d@group-D5DCD881B8EA-FollowerState] INFO  server.RaftServer$Division (RaftServerImpl.java:setRole(299)) - 6c743a47-4ce0-4970-944e-624fd1e2ad3d@group-D5DCD881B8EA: changes role from  FOLLOWER to CANDIDATE at term 0 for changeToCandidate
2022-06-16 16:21:49,821 [6c743a47-4ce0-4970-944e-624fd1e2ad3d@group-D5DCD881B8EA-FollowerState] INFO  server.RaftServerConfigKeys (ConfUtils.java:logGet(46)) - raft.server.leaderelection.pre-vote = false (custom)
2022-06-16 16:21:49,821 [6c743a47-4ce0-4970-944e-624fd1e2ad3d@group-D5DCD881B8EA-FollowerState] INFO  impl.RoleInfo (RoleInfo.java:updateAndGet(139)) - 6c743a47-4ce0-4970-944e-624fd1e2ad3d: start 6c743a47-4ce0-4970-944e-624fd1e2ad3d@group-D5DCD881B8EA-LeaderElection52
2022-06-16 16:21:49,886 [6c743a47-4ce0-4970-944e-624fd1e2ad3d@group-D5DCD881B8EA-LeaderElection52] INFO  impl.LeaderElection (LeaderElection.java:askForVotes(310)) - 6c743a47-4ce0-4970-944e-624fd1e2ad3d@group-D5DCD881B8EA-LeaderElection52 ELECTION round 0: submit vote requests at term 1 for -1: [995fc94b-3f8e-410c-9bb6-8c0a727652de|rpc:10.1.0.16:43709|priority:1, cbc12831-31a5-4f31-a046-b81d852f61de|rpc:10.1.0.16:42913|priority:0, 6c743a47-4ce0-4970-944e-624fd1e2ad3d|rpc:10.1.0.16:44833|priority:0], old=null
2022-06-16 16:21:49,978 [grpc-default-executor-1] INFO  server.RaftServer$Division (RaftServerImpl.java:requestVote(1152)) - cbc12831-31a5-4f31-a046-b81d852f61de@group-D5DCD881B8EA: receive requestVote(ELECTION, 6c743a47-4ce0-4970-944e-624fd1e2ad3d, group-D5DCD881B8EA, 1, (t:0, i:0))
2022-06-16 16:21:49,979 [grpc-default-executor-1] INFO  impl.VoteContext (VoteContext.java:log(48)) - cbc12831-31a5-4f31-a046-b81d852f61de@group-D5DCD881B8EA-FOLLOWER: accept ELECTION from 6c743a47-4ce0-4970-944e-624fd1e2ad3d: our priority 0 <= candidate's priority 0
2022-06-16 16:21:49,979 [grpc-default-executor-1] INFO  server.RaftServer$Division (RaftServerImpl.java:setRole(299)) - cbc12831-31a5-4f31-a046-b81d852f61de@group-D5DCD881B8EA: changes role from  FOLLOWER to FOLLOWER at term 1 for candidate:6c743a47-4ce0-4970-944e-624fd1e2ad3d
2022-06-16 16:21:49,979 [grpc-default-executor-1] INFO  impl.RoleInfo (RoleInfo.java:shutdownFollowerState(110)) - cbc12831-31a5-4f31-a046-b81d852f61de: shutdown cbc12831-31a5-4f31-a046-b81d852f61de@group-D5DCD881B8EA-FollowerState
2022-06-16 16:21:49,979 [grpc-default-executor-1] INFO  impl.RoleInfo (RoleInfo.java:updateAndGet(139)) - cbc12831-31a5-4f31-a046-b81d852f61de: start cbc12831-31a5-4f31-a046-b81d852f61de@group-D5DCD881B8EA-FollowerState
2022-06-16 16:21:49,982 [grpc-default-executor-0] INFO  server.RaftServer$Division (RaftServerImpl.java:requestVote(1152)) - 995fc94b-3f8e-410c-9bb6-8c0a727652de@group-D5DCD881B8EA: receive requestVote(ELECTION, 6c743a47-4ce0-4970-944e-624fd1e2ad3d, group-D5DCD881B8EA, 1, (t:0, i:0))
2022-06-16 16:21:49,982 [grpc-default-executor-0] INFO  impl.VoteContext (VoteContext.java:log(48)) - 995fc94b-3f8e-410c-9bb6-8c0a727652de@group-D5DCD881B8EA-FOLLOWER: reject ELECTION from 6c743a47-4ce0-4970-944e-624fd1e2ad3d: our priority 1 > candidate's priority 0
2022-06-16 16:21:49,982 [grpc-default-executor-0] INFO  server.RaftServer$Division (RaftServerImpl.java:setRole(299)) - 995fc94b-3f8e-410c-9bb6-8c0a727652de@group-D5DCD881B8EA: changes role from  FOLLOWER to FOLLOWER at term 1 for candidate:6c743a47-4ce0-4970-944e-624fd1e2ad3d
2022-06-16 16:21:49,982 [grpc-default-executor-0] INFO  impl.RoleInfo (RoleInfo.java:shutdownFollowerState(110)) - 995fc94b-3f8e-410c-9bb6-8c0a727652de: shutdown 995fc94b-3f8e-410c-9bb6-8c0a727652de@group-D5DCD881B8EA-FollowerState
2022-06-16 16:21:49,982 [cbc12831-31a5-4f31-a046-b81d852f61de@group-D5DCD881B8EA-FollowerState] INFO  impl.FollowerState (FollowerState.java:run(152)) - cbc12831-31a5-4f31-a046-b81d852f61de@group-D5DCD881B8EA-FollowerState was interrupted
2022-06-16 16:21:50,003 [grpc-default-executor-0] INFO  impl.RoleInfo (RoleInfo.java:updateAndGet(139)) - 995fc94b-3f8e-410c-9bb6-8c0a727652de: start 995fc94b-3f8e-410c-9bb6-8c0a727652de@group-D5DCD881B8EA-FollowerState
2022-06-16 16:21:50,003 [995fc94b-3f8e-410c-9bb6-8c0a727652de@group-D5DCD881B8EA-FollowerState] INFO  impl.FollowerState (FollowerState.java:run(152)) - 995fc94b-3f8e-410c-9bb6-8c0a727652de@group-D5DCD881B8EA-FollowerState was interrupted
2022-06-16 16:21:50,003 [grpc-default-executor-1] INFO  server.RaftServer$Division (RaftServerImpl.java:requestVote(1184)) - cbc12831-31a5-4f31-a046-b81d852f61de@group-D5DCD881B8EA replies to ELECTION vote request: 6c743a47-4ce0-4970-944e-624fd1e2ad3d<-cbc12831-31a5-4f31-a046-b81d852f61de#0:OK-t1. Peer's state: cbc12831-31a5-4f31-a046-b81d852f61de@group-D5DCD881B8EA:t1, leader=null, voted=6c743a47-4ce0-4970-944e-624fd1e2ad3d, raftlog=cbc12831-31a5-4f31-a046-b81d852f61de@group-D5DCD881B8EA-SegmentedRaftLog:OPENED:c-1, conf=-1: [995fc94b-3f8e-410c-9bb6-8c0a727652de|rpc:10.1.0.16:43709|priority:1, cbc12831-31a5-4f31-a046-b81d852f61de|rpc:10.1.0.16:42913|priority:0, 6c743a47-4ce0-4970-944e-624fd1e2ad3d|rpc:10.1.0.16:44833|priority:0], old=null
2022-06-16 16:21:50,058 [grpc-default-executor-0] INFO  server.RaftServer$Division (RaftServerImpl.java:requestVote(1184)) - 995fc94b-3f8e-410c-9bb6-8c0a727652de@group-D5DCD881B8EA replies to ELECTION vote request: 6c743a47-4ce0-4970-944e-624fd1e2ad3d<-995fc94b-3f8e-410c-9bb6-8c0a727652de#0:FAIL-t1. Peer's state: 995fc94b-3f8e-410c-9bb6-8c0a727652de@group-D5DCD881B8EA:t1, leader=null, voted=null, raftlog=995fc94b-3f8e-410c-9bb6-8c0a727652de@group-D5DCD881B8EA-SegmentedRaftLog:OPENED:c-1, conf=-1: [995fc94b-3f8e-410c-9bb6-8c0a727652de|rpc:10.1.0.16:43709|dataStream:|priority:1, cbc12831-31a5-4f31-a046-b81d852f61de|rpc:10.1.0.16:42913|dataStream:|priority:0, 6c743a47-4ce0-4970-944e-624fd1e2ad3d|rpc:10.1.0.16:44833|dataStream:|priority:0], old=null
2022-06-16 16:21:50,059 [6c743a47-4ce0-4970-944e-624fd1e2ad3d@group-D5DCD881B8EA-LeaderElection52] INFO  impl.LeaderElection (LeaderElection.java:logAndReturn(90)) - 6c743a47-4ce0-4970-944e-624fd1e2ad3d@group-D5DCD881B8EA-LeaderElection52: ELECTION REJECTED received 2 response(s) and 0 exception(s):
2022-06-16 16:21:50,059 [6c743a47-4ce0-4970-944e-624fd1e2ad3d@group-D5DCD881B8EA-LeaderElection52] INFO  impl.LeaderElection (LeaderElection.java:logAndReturn(94)) -   Response 0: 6c743a47-4ce0-4970-944e-624fd1e2ad3d<-995fc94b-3f8e-410c-9bb6-8c0a727652de#0:FAIL-t1
2022-06-16 16:21:50,059 [6c743a47-4ce0-4970-944e-624fd1e2ad3d@group-D5DCD881B8EA-LeaderElection52] INFO  impl.LeaderElection (LeaderElection.java:logAndReturn(94)) -   Response 1: 6c743a47-4ce0-4970-944e-624fd1e2ad3d<-cbc12831-31a5-4f31-a046-b81d852f61de#0:OK-t1
2022-06-16 16:21:50,059 [6c743a47-4ce0-4970-944e-624fd1e2ad3d@group-D5DCD881B8EA-LeaderElection52] INFO  impl.LeaderElection (LeaderElection.java:askForVotes(312)) - 6c743a47-4ce0-4970-944e-624fd1e2ad3d@group-D5DCD881B8EA-LeaderElection52 ELECTION round 0: result REJECTED
2022-06-16 16:21:50,059 [6c743a47-4ce0-4970-944e-624fd1e2ad3d@group-D5DCD881B8EA-LeaderElection52] INFO  server.RaftServer$Division (RaftServerImpl.java:setRole(299)) - 6c743a47-4ce0-4970-944e-624fd1e2ad3d@group-D5DCD881B8EA: changes role from CANDIDATE to FOLLOWER at term 1 for REJECTED
2022-06-16 16:21:50,059 [6c743a47-4ce0-4970-944e-624fd1e2ad3d@group-D5DCD881B8EA-LeaderElection52] INFO  impl.RoleInfo (RoleInfo.java:shutdownLeaderElection(130)) - 6c743a47-4ce0-4970-944e-624fd1e2ad3d: shutdown 6c743a47-4ce0-4970-944e-624fd1e2ad3d@group-D5DCD881B8EA-LeaderElection52
2022-06-16 16:21:50,059 [6c743a47-4ce0-4970-944e-624fd1e2ad3d@group-D5DCD881B8EA-LeaderElection52] INFO  impl.RoleInfo (RoleInfo.java:updateAndGet(139)) - 6c743a47-4ce0-4970-944e-624fd1e2ad3d: start 6c743a47-4ce0-4970-944e-624fd1e2ad3d@group-D5DCD881B8EA-FollowerState
2022-06-16 16:21:50,290 [6c743a47-4ce0-4970-944e-624fd1e2ad3d@group-FD2032A2FA14-FollowerState] INFO  impl.FollowerState (FollowerState.java:run(143)) - 6c743a47-4ce0-4970-944e-624fd1e2ad3d@group-FD2032A2FA14-FollowerState: change to CANDIDATE, lastRpcElapsedTime:5010211091ns, electionTimeout:5000ms
2022-06-16 16:21:50,290 [6c743a47-4ce0-4970-944e-624fd1e2ad3d@group-FD2032A2FA14-FollowerState] INFO  impl.RoleInfo (RoleInfo.java:shutdownFollowerState(110)) - 6c743a47-4ce0-4970-944e-624fd1e2ad3d: shutdown 6c743a47-4ce0-4970-944e-624fd1e2ad3d@group-FD2032A2FA14-FollowerState
2022-06-16 16:21:50,290 [6c743a47-4ce0-4970-944e-624fd1e2ad3d@group-FD2032A2FA14-FollowerState] INFO  server.RaftServer$Division (RaftServerImpl.java:setRole(299)) - 6c743a47-4ce0-4970-944e-624fd1e2ad3d@group-FD2032A2FA14: changes role from  FOLLOWER to CANDIDATE at term 0 for changeToCandidate
2022-06-16 16:21:50,290 [6c743a47-4ce0-4970-944e-624fd1e2ad3d@group-FD2032A2FA14-FollowerState] INFO  server.RaftServerConfigKeys (ConfUtils.java:logGet(46)) - raft.server.leaderelection.pre-vote = false (custom)
2022-06-16 16:21:50,290 [6c743a47-4ce0-4970-944e-624fd1e2ad3d@group-FD2032A2FA14-FollowerState] INFO  impl.RoleInfo (RoleInfo.java:updateAndGet(139)) - 6c743a47-4ce0-4970-944e-624fd1e2ad3d: start 6c743a47-4ce0-4970-944e-624fd1e2ad3d@group-FD2032A2FA14-LeaderElection53
2022-06-16 16:21:50,301 [cbc12831-31a5-4f31-a046-b81d852f61de@group-FD2032A2FA14-FollowerState] INFO  impl.FollowerState (FollowerState.java:run(143)) - cbc12831-31a5-4f31-a046-b81d852f61de@group-FD2032A2FA14-FollowerState: change to CANDIDATE, lastRpcElapsedTime:5061210770ns, electionTimeout:5019ms
2022-06-16 16:21:50,303 [cbc12831-31a5-4f31-a046-b81d852f61de@group-FD2032A2FA14-FollowerState] INFO  impl.RoleInfo (RoleInfo.java:shutdownFollowerState(110)) - cbc12831-31a5-4f31-a046-b81d852f61de: shutdown cbc12831-31a5-4f31-a046-b81d852f61de@group-FD2032A2FA14-FollowerState
2022-06-16 16:21:50,303 [cbc12831-31a5-4f31-a046-b81d852f61de@group-FD2032A2FA14-FollowerState] INFO  server.RaftServer$Division (RaftServerImpl.java:setRole(299)) - cbc12831-31a5-4f31-a046-b81d852f61de@group-FD2032A2FA14: changes role from  FOLLOWER to CANDIDATE at term 0 for changeToCandidate
2022-06-16 16:21:50,303 [cbc12831-31a5-4f31-a046-b81d852f61de@group-FD2032A2FA14-FollowerState] INFO  server.RaftServerConfigKeys (ConfUtils.java:logGet(46)) - raft.server.leaderelection.pre-vote = false (custom)
2022-06-16 16:21:50,303 [cbc12831-31a5-4f31-a046-b81d852f61de@group-FD2032A2FA14-FollowerState] INFO  impl.RoleInfo (RoleInfo.java:updateAndGet(139)) - cbc12831-31a5-4f31-a046-b81d852f61de: start cbc12831-31a5-4f31-a046-b81d852f61de@group-FD2032A2FA14-LeaderElection54
2022-06-16 16:21:50,334 [cbc12831-31a5-4f31-a046-b81d852f61de@group-FD2032A2FA14-LeaderElection54] INFO  impl.LeaderElection (LeaderElection.java:askForVotes(310)) - cbc12831-31a5-4f31-a046-b81d852f61de@group-FD2032A2FA14-LeaderElection54 ELECTION round 0: submit vote requests at term 1 for -1: [995fc94b-3f8e-410c-9bb6-8c0a727652de|rpc:10.1.0.16:43709|priority:0, cbc12831-31a5-4f31-a046-b81d852f61de|rpc:10.1.0.16:42913|priority:0, 6c743a47-4ce0-4970-944e-624fd1e2ad3d|rpc:10.1.0.16:44833|priority:1], old=null
2022-06-16 16:21:50,335 [6c743a47-4ce0-4970-944e-624fd1e2ad3d@group-FD2032A2FA14-LeaderElection53] INFO  impl.LeaderElection (LeaderElection.java:askForVotes(310)) - 6c743a47-4ce0-4970-944e-624fd1e2ad3d@group-FD2032A2FA14-LeaderElection53 ELECTION round 0: submit vote requests at term 1 for -1: [995fc94b-3f8e-410c-9bb6-8c0a727652de|rpc:10.1.0.16:43709|priority:0, cbc12831-31a5-4f31-a046-b81d852f61de|rpc:10.1.0.16:42913|priority:0, 6c743a47-4ce0-4970-944e-624fd1e2ad3d|rpc:10.1.0.16:44833|priority:1], old=null
2022-06-16 16:21:50,349 [Listener at 127.0.0.1/33505] INFO  ozone.MiniOzoneClusterImpl (MiniOzoneClusterImpl.java:lambda$waitForClusterToBeReady$0(221)) - Nodes are ready. Got 5 of 5 DN Heartbeats.
2022-06-16 16:21:50,349 [Listener at 127.0.0.1/33505] INFO  ozone.MiniOzoneClusterImpl (MiniOzoneClusterImpl.java:lambda$waitForClusterToBeReady$0(224)) - Waiting for cluster to exit safe mode
2022-06-16 16:21:50,349 [Listener at 127.0.0.1/33505] INFO  ozone.MiniOzoneClusterImpl (MiniOzoneClusterImpl.java:lambda$waitForClusterToBeReady$0(226)) - SCM became leader
2022-06-16 16:21:50,384 [grpc-default-executor-0] INFO  server.RaftServer$Division (RaftServerImpl.java:requestVote(1152)) - 995fc94b-3f8e-410c-9bb6-8c0a727652de@group-FD2032A2FA14: receive requestVote(ELECTION, cbc12831-31a5-4f31-a046-b81d852f61de, group-FD2032A2FA14, 1, (t:0, i:0))
2022-06-16 16:21:50,384 [grpc-default-executor-0] INFO  impl.VoteContext (VoteContext.java:log(48)) - 995fc94b-3f8e-410c-9bb6-8c0a727652de@group-FD2032A2FA14-FOLLOWER: accept ELECTION from cbc12831-31a5-4f31-a046-b81d852f61de: our priority 0 <= candidate's priority 0
2022-06-16 16:21:50,385 [grpc-default-executor-0] INFO  server.RaftServer$Division (RaftServerImpl.java:setRole(299)) - 995fc94b-3f8e-410c-9bb6-8c0a727652de@group-FD2032A2FA14: changes role from  FOLLOWER to FOLLOWER at term 1 for candidate:cbc12831-31a5-4f31-a046-b81d852f61de
2022-06-16 16:21:50,385 [grpc-default-executor-0] INFO  impl.RoleInfo (RoleInfo.java:shutdownFollowerState(110)) - 995fc94b-3f8e-410c-9bb6-8c0a727652de: shutdown 995fc94b-3f8e-410c-9bb6-8c0a727652de@group-FD2032A2FA14-FollowerState
2022-06-16 16:21:50,387 [grpc-default-executor-1] INFO  server.RaftServer$Division (RaftServerImpl.java:requestVote(1152)) - 995fc94b-3f8e-410c-9bb6-8c0a727652de@group-FD2032A2FA14: receive requestVote(ELECTION, 6c743a47-4ce0-4970-944e-624fd1e2ad3d, group-FD2032A2FA14, 1, (t:0, i:0))
2022-06-16 16:21:50,450 [995fc94b-3f8e-410c-9bb6-8c0a727652de@group-FD2032A2FA14-FollowerState] INFO  impl.FollowerState (FollowerState.java:run(152)) - 995fc94b-3f8e-410c-9bb6-8c0a727652de@group-FD2032A2FA14-FollowerState was interrupted
2022-06-16 16:21:50,450 [grpc-default-executor-0] INFO  impl.RoleInfo (RoleInfo.java:updateAndGet(139)) - 995fc94b-3f8e-410c-9bb6-8c0a727652de: start 995fc94b-3f8e-410c-9bb6-8c0a727652de@group-FD2032A2FA14-FollowerState
2022-06-16 16:21:50,470 [grpc-default-executor-0] INFO  server.RaftServer$Division (RaftServerImpl.java:requestVote(1184)) - 995fc94b-3f8e-410c-9bb6-8c0a727652de@group-FD2032A2FA14 replies to ELECTION vote request: cbc12831-31a5-4f31-a046-b81d852f61de<-995fc94b-3f8e-410c-9bb6-8c0a727652de#0:OK-t1. Peer's state: 995fc94b-3f8e-410c-9bb6-8c0a727652de@group-FD2032A2FA14:t1, leader=null, voted=cbc12831-31a5-4f31-a046-b81d852f61de, raftlog=995fc94b-3f8e-410c-9bb6-8c0a727652de@group-FD2032A2FA14-SegmentedRaftLog:OPENED:c-1, conf=-1: [995fc94b-3f8e-410c-9bb6-8c0a727652de|rpc:10.1.0.16:43709|dataStream:|priority:0, cbc12831-31a5-4f31-a046-b81d852f61de|rpc:10.1.0.16:42913|dataStream:|priority:0, 6c743a47-4ce0-4970-944e-624fd1e2ad3d|rpc:10.1.0.16:44833|dataStream:|priority:1], old=null
2022-06-16 16:21:50,473 [grpc-default-executor-1] INFO  impl.VoteContext (VoteContext.java:log(48)) - 995fc94b-3f8e-410c-9bb6-8c0a727652de@group-FD2032A2FA14-FOLLOWER: reject ELECTION from 6c743a47-4ce0-4970-944e-624fd1e2ad3d: already has voted for cbc12831-31a5-4f31-a046-b81d852f61de at current term 1
2022-06-16 16:21:50,473 [grpc-default-executor-1] INFO  server.RaftServer$Division (RaftServerImpl.java:requestVote(1184)) - 995fc94b-3f8e-410c-9bb6-8c0a727652de@group-FD2032A2FA14 replies to ELECTION vote request: 6c743a47-4ce0-4970-944e-624fd1e2ad3d<-995fc94b-3f8e-410c-9bb6-8c0a727652de#0:FAIL-t1. Peer's state: 995fc94b-3f8e-410c-9bb6-8c0a727652de@group-FD2032A2FA14:t1, leader=null, voted=cbc12831-31a5-4f31-a046-b81d852f61de, raftlog=995fc94b-3f8e-410c-9bb6-8c0a727652de@group-FD2032A2FA14-SegmentedRaftLog:OPENED:c-1, conf=-1: [995fc94b-3f8e-410c-9bb6-8c0a727652de|rpc:10.1.0.16:43709|dataStream:|priority:0, cbc12831-31a5-4f31-a046-b81d852f61de|rpc:10.1.0.16:42913|dataStream:|priority:0, 6c743a47-4ce0-4970-944e-624fd1e2ad3d|rpc:10.1.0.16:44833|dataStream:|priority:1], old=null
2022-06-16 16:21:50,498 [grpc-default-executor-0] INFO  server.RaftServer$Division (RaftServerImpl.java:requestVote(1152)) - cbc12831-31a5-4f31-a046-b81d852f61de@group-FD2032A2FA14: receive requestVote(ELECTION, 6c743a47-4ce0-4970-944e-624fd1e2ad3d, group-FD2032A2FA14, 1, (t:0, i:0))
2022-06-16 16:21:50,498 [grpc-default-executor-0] INFO  impl.VoteContext (VoteContext.java:log(48)) - cbc12831-31a5-4f31-a046-b81d852f61de@group-FD2032A2FA14-CANDIDATE: reject ELECTION from 6c743a47-4ce0-4970-944e-624fd1e2ad3d: already has voted for cbc12831-31a5-4f31-a046-b81d852f61de at current term 1
2022-06-16 16:21:50,498 [grpc-default-executor-0] INFO  server.RaftServer$Division (RaftServerImpl.java:requestVote(1184)) - cbc12831-31a5-4f31-a046-b81d852f61de@group-FD2032A2FA14 replies to ELECTION vote request: 6c743a47-4ce0-4970-944e-624fd1e2ad3d<-cbc12831-31a5-4f31-a046-b81d852f61de#0:FAIL-t1. Peer's state: cbc12831-31a5-4f31-a046-b81d852f61de@group-FD2032A2FA14:t1, leader=null, voted=cbc12831-31a5-4f31-a046-b81d852f61de, raftlog=cbc12831-31a5-4f31-a046-b81d852f61de@group-FD2032A2FA14-SegmentedRaftLog:OPENED:c-1, conf=-1: [995fc94b-3f8e-410c-9bb6-8c0a727652de|rpc:10.1.0.16:43709|priority:0, cbc12831-31a5-4f31-a046-b81d852f61de|rpc:10.1.0.16:42913|priority:0, 6c743a47-4ce0-4970-944e-624fd1e2ad3d|rpc:10.1.0.16:44833|priority:1], old=null
2022-06-16 16:21:50,499 [6c743a47-4ce0-4970-944e-624fd1e2ad3d@group-FD2032A2FA14-LeaderElection53] INFO  impl.LeaderElection (LeaderElection.java:logAndReturn(90)) - 6c743a47-4ce0-4970-944e-624fd1e2ad3d@group-FD2032A2FA14-LeaderElection53: ELECTION REJECTED received 2 response(s) and 0 exception(s):
2022-06-16 16:21:50,499 [6c743a47-4ce0-4970-944e-624fd1e2ad3d@group-FD2032A2FA14-LeaderElection53] INFO  impl.LeaderElection (LeaderElection.java:logAndReturn(94)) -   Response 0: 6c743a47-4ce0-4970-944e-624fd1e2ad3d<-995fc94b-3f8e-410c-9bb6-8c0a727652de#0:FAIL-t1
2022-06-16 16:21:50,499 [6c743a47-4ce0-4970-944e-624fd1e2ad3d@group-FD2032A2FA14-LeaderElection53] INFO  impl.LeaderElection (LeaderElection.java:logAndReturn(94)) -   Response 1: 6c743a47-4ce0-4970-944e-624fd1e2ad3d<-cbc12831-31a5-4f31-a046-b81d852f61de#0:FAIL-t1
2022-06-16 16:21:50,499 [6c743a47-4ce0-4970-944e-624fd1e2ad3d@group-FD2032A2FA14-LeaderElection53] INFO  impl.LeaderElection (LeaderElection.java:askForVotes(312)) - 6c743a47-4ce0-4970-944e-624fd1e2ad3d@group-FD2032A2FA14-LeaderElection53 ELECTION round 0: result REJECTED
2022-06-16 16:21:50,499 [6c743a47-4ce0-4970-944e-624fd1e2ad3d@group-FD2032A2FA14-LeaderElection53] INFO  server.RaftServer$Division (RaftServerImpl.java:setRole(299)) - 6c743a47-4ce0-4970-944e-624fd1e2ad3d@group-FD2032A2FA14: changes role from CANDIDATE to FOLLOWER at term 1 for REJECTED
2022-06-16 16:21:50,499 [6c743a47-4ce0-4970-944e-624fd1e2ad3d@group-FD2032A2FA14-LeaderElection53] INFO  impl.RoleInfo (RoleInfo.java:shutdownLeaderElection(130)) - 6c743a47-4ce0-4970-944e-624fd1e2ad3d: shutdown 6c743a47-4ce0-4970-944e-624fd1e2ad3d@group-FD2032A2FA14-LeaderElection53
2022-06-16 16:21:50,499 [6c743a47-4ce0-4970-944e-624fd1e2ad3d@group-FD2032A2FA14-LeaderElection53] INFO  impl.RoleInfo (RoleInfo.java:updateAndGet(139)) - 6c743a47-4ce0-4970-944e-624fd1e2ad3d: start 6c743a47-4ce0-4970-944e-624fd1e2ad3d@group-FD2032A2FA14-FollowerState
2022-06-16 16:21:50,531 [grpc-default-executor-2] INFO  server.RaftServer$Division (RaftServerImpl.java:requestVote(1152)) - 6c743a47-4ce0-4970-944e-624fd1e2ad3d@group-FD2032A2FA14: receive requestVote(ELECTION, cbc12831-31a5-4f31-a046-b81d852f61de, group-FD2032A2FA14, 1, (t:0, i:0))
2022-06-16 16:21:50,531 [grpc-default-executor-2] INFO  impl.VoteContext (VoteContext.java:log(48)) - 6c743a47-4ce0-4970-944e-624fd1e2ad3d@group-FD2032A2FA14-FOLLOWER: reject ELECTION from cbc12831-31a5-4f31-a046-b81d852f61de: already has voted for 6c743a47-4ce0-4970-944e-624fd1e2ad3d at current term 1
2022-06-16 16:21:50,531 [grpc-default-executor-2] INFO  server.RaftServer$Division (RaftServerImpl.java:requestVote(1184)) - 6c743a47-4ce0-4970-944e-624fd1e2ad3d@group-FD2032A2FA14 replies to ELECTION vote request: cbc12831-31a5-4f31-a046-b81d852f61de<-6c743a47-4ce0-4970-944e-624fd1e2ad3d#0:FAIL-t1. Peer's state: 6c743a47-4ce0-4970-944e-624fd1e2ad3d@group-FD2032A2FA14:t1, leader=null, voted=6c743a47-4ce0-4970-944e-624fd1e2ad3d, raftlog=6c743a47-4ce0-4970-944e-624fd1e2ad3d@group-FD2032A2FA14-SegmentedRaftLog:OPENED:c-1, conf=-1: [995fc94b-3f8e-410c-9bb6-8c0a727652de|rpc:10.1.0.16:43709|priority:0, cbc12831-31a5-4f31-a046-b81d852f61de|rpc:10.1.0.16:42913|priority:0, 6c743a47-4ce0-4970-944e-624fd1e2ad3d|rpc:10.1.0.16:44833|priority:1], old=null
2022-06-16 16:21:50,532 [cbc12831-31a5-4f31-a046-b81d852f61de@group-FD2032A2FA14-LeaderElection54] INFO  impl.LeaderElection (LeaderElection.java:logAndReturn(90)) - cbc12831-31a5-4f31-a046-b81d852f61de@group-FD2032A2FA14-LeaderElection54: ELECTION REJECTED received 2 response(s) and 0 exception(s):
2022-06-16 16:21:50,578 [cbc12831-31a5-4f31-a046-b81d852f61de@group-FD2032A2FA14-LeaderElection54] INFO  impl.LeaderElection (LeaderElection.java:logAndReturn(94)) -   Response 0: cbc12831-31a5-4f31-a046-b81d852f61de<-995fc94b-3f8e-410c-9bb6-8c0a727652de#0:OK-t1
2022-06-16 16:21:50,578 [cbc12831-31a5-4f31-a046-b81d852f61de@group-FD2032A2FA14-LeaderElection54] INFO  impl.LeaderElection (LeaderElection.java:logAndReturn(94)) -   Response 1: cbc12831-31a5-4f31-a046-b81d852f61de<-6c743a47-4ce0-4970-944e-624fd1e2ad3d#0:FAIL-t1
2022-06-16 16:21:50,578 [cbc12831-31a5-4f31-a046-b81d852f61de@group-FD2032A2FA14-LeaderElection54] INFO  impl.LeaderElection (LeaderElection.java:askForVotes(312)) - cbc12831-31a5-4f31-a046-b81d852f61de@group-FD2032A2FA14-LeaderElection54 ELECTION round 0: result REJECTED
2022-06-16 16:21:50,578 [cbc12831-31a5-4f31-a046-b81d852f61de@group-FD2032A2FA14-LeaderElection54] INFO  server.RaftServer$Division (RaftServerImpl.java:setRole(299)) - cbc12831-31a5-4f31-a046-b81d852f61de@group-FD2032A2FA14: changes role from CANDIDATE to FOLLOWER at term 1 for REJECTED
2022-06-16 16:21:50,578 [cbc12831-31a5-4f31-a046-b81d852f61de@group-FD2032A2FA14-LeaderElection54] INFO  impl.RoleInfo (RoleInfo.java:shutdownLeaderElection(130)) - cbc12831-31a5-4f31-a046-b81d852f61de: shutdown cbc12831-31a5-4f31-a046-b81d852f61de@group-FD2032A2FA14-LeaderElection54
2022-06-16 16:21:50,578 [cbc12831-31a5-4f31-a046-b81d852f61de@group-FD2032A2FA14-LeaderElection54] INFO  impl.RoleInfo (RoleInfo.java:updateAndGet(139)) - cbc12831-31a5-4f31-a046-b81d852f61de: start cbc12831-31a5-4f31-a046-b81d852f61de@group-FD2032A2FA14-FollowerState
2022-06-16 16:21:51,327 [995fc94b-3f8e-410c-9bb6-8c0a727652de@group-E34F8108FFBF-FollowerState] INFO  impl.FollowerState (FollowerState.java:run(143)) - 995fc94b-3f8e-410c-9bb6-8c0a727652de@group-E34F8108FFBF-FollowerState: change to CANDIDATE, lastRpcElapsedTime:5195393778ns, electionTimeout:5177ms
2022-06-16 16:21:51,327 [995fc94b-3f8e-410c-9bb6-8c0a727652de@group-E34F8108FFBF-FollowerState] INFO  impl.RoleInfo (RoleInfo.java:shutdownFollowerState(110)) - 995fc94b-3f8e-410c-9bb6-8c0a727652de: shutdown 995fc94b-3f8e-410c-9bb6-8c0a727652de@group-E34F8108FFBF-FollowerState
2022-06-16 16:21:51,327 [995fc94b-3f8e-410c-9bb6-8c0a727652de@group-E34F8108FFBF-FollowerState] INFO  server.RaftServer$Division (RaftServerImpl.java:setRole(299)) - 995fc94b-3f8e-410c-9bb6-8c0a727652de@group-E34F8108FFBF: changes role from  FOLLOWER to CANDIDATE at term 0 for changeToCandidate
2022-06-16 16:21:51,327 [995fc94b-3f8e-410c-9bb6-8c0a727652de@group-E34F8108FFBF-FollowerState] INFO  server.RaftServerConfigKeys (ConfUtils.java:logGet(46)) - raft.server.leaderelection.pre-vote = false (custom)
2022-06-16 16:21:51,327 [995fc94b-3f8e-410c-9bb6-8c0a727652de@group-E34F8108FFBF-FollowerState] INFO  impl.RoleInfo (RoleInfo.java:updateAndGet(139)) - 995fc94b-3f8e-410c-9bb6-8c0a727652de: start 995fc94b-3f8e-410c-9bb6-8c0a727652de@group-E34F8108FFBF-LeaderElection55
2022-06-16 16:21:51,349 [Listener at 127.0.0.1/33505] INFO  ozone.MiniOzoneClusterImpl (MiniOzoneClusterImpl.java:lambda$waitForClusterToBeReady$0(221)) - Nodes are ready. Got 5 of 5 DN Heartbeats.
2022-06-16 16:21:51,349 [Listener at 127.0.0.1/33505] INFO  ozone.MiniOzoneClusterImpl (MiniOzoneClusterImpl.java:lambda$waitForClusterToBeReady$0(224)) - Waiting for cluster to exit safe mode
2022-06-16 16:21:51,349 [Listener at 127.0.0.1/33505] INFO  ozone.MiniOzoneClusterImpl (MiniOzoneClusterImpl.java:lambda$waitForClusterToBeReady$0(226)) - SCM became leader
2022-06-16 16:21:51,366 [995fc94b-3f8e-410c-9bb6-8c0a727652de@group-E34F8108FFBF-LeaderElection55] INFO  impl.LeaderElection (LeaderElection.java:askForVotes(310)) - 995fc94b-3f8e-410c-9bb6-8c0a727652de@group-E34F8108FFBF-LeaderElection55 ELECTION round 0: submit vote requests at term 1 for -1: [995fc94b-3f8e-410c-9bb6-8c0a727652de|rpc:10.1.0.16:43709|priority:1], old=null
2022-06-16 16:21:51,366 [995fc94b-3f8e-410c-9bb6-8c0a727652de@group-E34F8108FFBF-LeaderElection55] INFO  impl.LeaderElection (LeaderElection.java:askForVotes(312)) - 995fc94b-3f8e-410c-9bb6-8c0a727652de@group-E34F8108FFBF-LeaderElection55 ELECTION round 0: result PASSED (term=1)
2022-06-16 16:21:51,366 [995fc94b-3f8e-410c-9bb6-8c0a727652de@group-E34F8108FFBF-LeaderElection55] INFO  impl.RoleInfo (RoleInfo.java:shutdownLeaderElection(130)) - 995fc94b-3f8e-410c-9bb6-8c0a727652de: shutdown 995fc94b-3f8e-410c-9bb6-8c0a727652de@group-E34F8108FFBF-LeaderElection55
2022-06-16 16:21:51,366 [995fc94b-3f8e-410c-9bb6-8c0a727652de@group-E34F8108FFBF-LeaderElection55] INFO  server.RaftServer$Division (RaftServerImpl.java:setRole(299)) - 995fc94b-3f8e-410c-9bb6-8c0a727652de@group-E34F8108FFBF: changes role from CANDIDATE to LEADER at term 1 for changeToLeader
2022-06-16 16:21:51,366 [995fc94b-3f8e-410c-9bb6-8c0a727652de@group-E34F8108FFBF-LeaderElection55] INFO  ratis.XceiverServerRatis (XceiverServerRatis.java:handleLeaderChangedNotification(863)) - Leader change notification received for group: group-E34F8108FFBF with new leaderId: 995fc94b-3f8e-410c-9bb6-8c0a727652de
2022-06-16 16:21:51,367 [995fc94b-3f8e-410c-9bb6-8c0a727652de@group-E34F8108FFBF-LeaderElection55] INFO  server.RaftServer$Division (ServerState.java:setLeader(287)) - 995fc94b-3f8e-410c-9bb6-8c0a727652de@group-E34F8108FFBF: change Leader from null to 995fc94b-3f8e-410c-9bb6-8c0a727652de at term 1 for becomeLeader, leader elected after 5247ms
2022-06-16 16:21:51,367 [995fc94b-3f8e-410c-9bb6-8c0a727652de@group-E34F8108FFBF-LeaderElection55] INFO  server.RaftServerConfigKeys (ConfUtils.java:logGet(46)) - raft.server.staging.catchup.gap = 1000 (default)
2022-06-16 16:21:51,367 [995fc94b-3f8e-410c-9bb6-8c0a727652de@group-E34F8108FFBF-LeaderElection55] INFO  server.RaftServerConfigKeys (ConfUtils.java:logGet(46)) - raft.server.write.element-limit = 1024 (custom)
2022-06-16 16:21:51,367 [995fc94b-3f8e-410c-9bb6-8c0a727652de@group-E34F8108FFBF-LeaderElection55] INFO  server.RaftServerConfigKeys (ConfUtils.java:logGet(46)) - raft.server.write.byte-limit = 1024 M (=1073741824) (custom)
2022-06-16 16:21:51,367 [995fc94b-3f8e-410c-9bb6-8c0a727652de@group-E34F8108FFBF-LeaderElection55] INFO  server.RaftServerConfigKeys (ConfUtils.java:logGet(46)) - raft.server.watch.timeout = 180s (custom)
2022-06-16 16:21:51,367 [995fc94b-3f8e-410c-9bb6-8c0a727652de@group-E34F8108FFBF-LeaderElection55] INFO  server.RaftServerConfigKeys (ConfUtils.java:logGet(46)) - raft.server.watch.timeout.denomination = 1s (default)
2022-06-16 16:21:51,367 [995fc94b-3f8e-410c-9bb6-8c0a727652de@group-E34F8108FFBF-LeaderElection55] INFO  server.RaftServerConfigKeys (ConfUtils.java:logGet(46)) - raft.server.watch.element-limit = 65536 (default)
2022-06-16 16:21:51,367 [995fc94b-3f8e-410c-9bb6-8c0a727652de@group-E34F8108FFBF-LeaderElection55] INFO  server.RaftServerConfigKeys (ConfUtils.java:logGet(46)) - raft.server.write.element-limit = 1024 (custom)
2022-06-16 16:21:51,367 [995fc94b-3f8e-410c-9bb6-8c0a727652de@group-E34F8108FFBF-LeaderElection55] INFO  server.RaftServerConfigKeys (ConfUtils.java:logGet(46)) - raft.server.write.follower.gap.ratio.max = -1.0 (default)
2022-06-16 16:21:51,367 [995fc94b-3f8e-410c-9bb6-8c0a727652de@group-E34F8108FFBF-LeaderElection55] INFO  impl.RoleInfo (RoleInfo.java:updateAndGet(139)) - 995fc94b-3f8e-410c-9bb6-8c0a727652de: start 995fc94b-3f8e-410c-9bb6-8c0a727652de@group-E34F8108FFBF-LeaderStateImpl
2022-06-16 16:21:51,368 [995fc94b-3f8e-410c-9bb6-8c0a727652de@group-E34F8108FFBF-LeaderElection55] INFO  segmented.SegmentedRaftLogWorker (SegmentedRaftLogWorker.java:startLogSegment(425)) - 995fc94b-3f8e-410c-9bb6-8c0a727652de@group-E34F8108FFBF-SegmentedRaftLogWorker: Starting segment from index:0
2022-06-16 16:21:51,369 [EventQueue-OpenPipelineForHealthyPipelineSafeModeRule] INFO  safemode.SCMSafeModeManager (HealthyPipelineSafeModeRule.java:process(124)) - SCM in safe mode. Healthy pipelines reported count is 0, required healthy pipeline reported count is 1
2022-06-16 16:21:51,369 [995fc94b-3f8e-410c-9bb6-8c0a727652de@group-E34F8108FFBF-SegmentedRaftLogWorker] INFO  segmented.SegmentedRaftLogWorker (SegmentedRaftLogWorker.java:execute(629)) - 995fc94b-3f8e-410c-9bb6-8c0a727652de@group-E34F8108FFBF-SegmentedRaftLogWorker: created new log segment /home/runner/work/ozone/ozone/hadoop-ozone/integration-test/target/test-dir/MiniOzoneClusterImpl-41de4505-4fce-475e-a877-0dc0879048ec/datanode-2/data/ratis/6ac938a8-7edb-409c-a415-e34f8108ffbf/current/log_inprogress_0
2022-06-16 16:21:51,381 [995fc94b-3f8e-410c-9bb6-8c0a727652de@group-E34F8108FFBF-LeaderElection55] INFO  server.RaftServer$Division (ServerState.java:setRaftConf(393)) - 995fc94b-3f8e-410c-9bb6-8c0a727652de@group-E34F8108FFBF: set configuration 0: [995fc94b-3f8e-410c-9bb6-8c0a727652de|rpc:10.1.0.16:43709|dataStream:|priority:1], old=null
2022-06-16 16:21:52,350 [Listener at 127.0.0.1/33505] INFO  ozone.MiniOzoneClusterImpl (MiniOzoneClusterImpl.java:lambda$waitForClusterToBeReady$0(221)) - Nodes are ready. Got 5 of 5 DN Heartbeats.
2022-06-16 16:21:52,350 [Listener at 127.0.0.1/33505] INFO  ozone.MiniOzoneClusterImpl (MiniOzoneClusterImpl.java:lambda$waitForClusterToBeReady$0(224)) - Waiting for cluster to exit safe mode
2022-06-16 16:21:52,350 [Listener at 127.0.0.1/33505] INFO  ozone.MiniOzoneClusterImpl (MiniOzoneClusterImpl.java:lambda$waitForClusterToBeReady$0(226)) - SCM became leader
2022-06-16 16:21:53,026 [3ccaab51-594b-45d9-a95d-6a5841fc2e70@group-EAFA9F045B93-FollowerState] INFO  impl.FollowerState (FollowerState.java:run(143)) - 3ccaab51-594b-45d9-a95d-6a5841fc2e70@group-EAFA9F045B93-FollowerState: change to CANDIDATE, lastRpcElapsedTime:5115842560ns, electionTimeout:5080ms
2022-06-16 16:21:53,026 [3ccaab51-594b-45d9-a95d-6a5841fc2e70@group-EAFA9F045B93-FollowerState] INFO  impl.RoleInfo (RoleInfo.java:shutdownFollowerState(110)) - 3ccaab51-594b-45d9-a95d-6a5841fc2e70: shutdown 3ccaab51-594b-45d9-a95d-6a5841fc2e70@group-EAFA9F045B93-FollowerState
2022-06-16 16:21:53,026 [3ccaab51-594b-45d9-a95d-6a5841fc2e70@group-EAFA9F045B93-FollowerState] INFO  server.RaftServer$Division (RaftServerImpl.java:setRole(299)) - 3ccaab51-594b-45d9-a95d-6a5841fc2e70@group-EAFA9F045B93: changes role from  FOLLOWER to CANDIDATE at term 0 for changeToCandidate
2022-06-16 16:21:53,026 [3ccaab51-594b-45d9-a95d-6a5841fc2e70@group-EAFA9F045B93-FollowerState] INFO  server.RaftServerConfigKeys (ConfUtils.java:logGet(46)) - raft.server.leaderelection.pre-vote = false (custom)
2022-06-16 16:21:53,026 [3ccaab51-594b-45d9-a95d-6a5841fc2e70@group-EAFA9F045B93-FollowerState] INFO  impl.RoleInfo (RoleInfo.java:updateAndGet(139)) - 3ccaab51-594b-45d9-a95d-6a5841fc2e70: start 3ccaab51-594b-45d9-a95d-6a5841fc2e70@group-EAFA9F045B93-LeaderElection56
2022-06-16 16:21:53,083 [3ccaab51-594b-45d9-a95d-6a5841fc2e70@group-EAFA9F045B93-LeaderElection56] INFO  impl.LeaderElection (LeaderElection.java:askForVotes(310)) - 3ccaab51-594b-45d9-a95d-6a5841fc2e70@group-EAFA9F045B93-LeaderElection56 ELECTION round 0: submit vote requests at term 1 for -1: [3ccaab51-594b-45d9-a95d-6a5841fc2e70|rpc:10.1.0.16:42747|priority:1], old=null
2022-06-16 16:21:53,083 [3ccaab51-594b-45d9-a95d-6a5841fc2e70@group-EAFA9F045B93-LeaderElection56] INFO  impl.LeaderElection (LeaderElection.java:askForVotes(312)) - 3ccaab51-594b-45d9-a95d-6a5841fc2e70@group-EAFA9F045B93-LeaderElection56 ELECTION round 0: result PASSED (term=1)
2022-06-16 16:21:53,083 [3ccaab51-594b-45d9-a95d-6a5841fc2e70@group-EAFA9F045B93-LeaderElection56] INFO  impl.RoleInfo (RoleInfo.java:shutdownLeaderElection(130)) - 3ccaab51-594b-45d9-a95d-6a5841fc2e70: shutdown 3ccaab51-594b-45d9-a95d-6a5841fc2e70@group-EAFA9F045B93-LeaderElection56
2022-06-16 16:21:53,083 [3ccaab51-594b-45d9-a95d-6a5841fc2e70@group-EAFA9F045B93-LeaderElection56] INFO  server.RaftServer$Division (RaftServerImpl.java:setRole(299)) - 3ccaab51-594b-45d9-a95d-6a5841fc2e70@group-EAFA9F045B93: changes role from CANDIDATE to LEADER at term 1 for changeToLeader
2022-06-16 16:21:53,083 [3ccaab51-594b-45d9-a95d-6a5841fc2e70@group-EAFA9F045B93-LeaderElection56] INFO  ratis.XceiverServerRatis (XceiverServerRatis.java:handleLeaderChangedNotification(863)) - Leader change notification received for group: group-EAFA9F045B93 with new leaderId: 3ccaab51-594b-45d9-a95d-6a5841fc2e70
2022-06-16 16:21:53,083 [3ccaab51-594b-45d9-a95d-6a5841fc2e70@group-EAFA9F045B93-LeaderElection56] INFO  server.RaftServer$Division (ServerState.java:setLeader(287)) - 3ccaab51-594b-45d9-a95d-6a5841fc2e70@group-EAFA9F045B93: change Leader from null to 3ccaab51-594b-45d9-a95d-6a5841fc2e70 at term 1 for becomeLeader, leader elected after 5197ms
2022-06-16 16:21:53,083 [3ccaab51-594b-45d9-a95d-6a5841fc2e70@group-EAFA9F045B93-LeaderElection56] INFO  server.RaftServerConfigKeys (ConfUtils.java:logGet(46)) - raft.server.staging.catchup.gap = 1000 (default)
2022-06-16 16:21:53,084 [3ccaab51-594b-45d9-a95d-6a5841fc2e70@group-EAFA9F045B93-LeaderElection56] INFO  server.RaftServerConfigKeys (ConfUtils.java:logGet(46)) - raft.server.write.element-limit = 1024 (custom)
2022-06-16 16:21:53,084 [3ccaab51-594b-45d9-a95d-6a5841fc2e70@group-EAFA9F045B93-LeaderElection56] INFO  server.RaftServerConfigKeys (ConfUtils.java:logGet(46)) - raft.server.write.byte-limit = 1024 M (=1073741824) (custom)
2022-06-16 16:21:53,084 [3ccaab51-594b-45d9-a95d-6a5841fc2e70@group-EAFA9F045B93-LeaderElection56] INFO  server.RaftServerConfigKeys (ConfUtils.java:logGet(46)) - raft.server.watch.timeout = 180s (custom)
2022-06-16 16:21:53,084 [3ccaab51-594b-45d9-a95d-6a5841fc2e70@group-EAFA9F045B93-LeaderElection56] INFO  server.RaftServerConfigKeys (ConfUtils.java:logGet(46)) - raft.server.watch.timeout.denomination = 1s (default)
2022-06-16 16:21:53,084 [3ccaab51-594b-45d9-a95d-6a5841fc2e70@group-EAFA9F045B93-LeaderElection56] INFO  server.RaftServerConfigKeys (ConfUtils.java:logGet(46)) - raft.server.watch.element-limit = 65536 (default)
2022-06-16 16:21:53,084 [3ccaab51-594b-45d9-a95d-6a5841fc2e70@group-EAFA9F045B93-LeaderElection56] INFO  server.RaftServerConfigKeys (ConfUtils.java:logGet(46)) - raft.server.write.element-limit = 1024 (custom)
2022-06-16 16:21:53,084 [3ccaab51-594b-45d9-a95d-6a5841fc2e70@group-EAFA9F045B93-LeaderElection56] INFO  server.RaftServerConfigKeys (ConfUtils.java:logGet(46)) - raft.server.write.follower.gap.ratio.max = -1.0 (default)
2022-06-16 16:21:53,084 [3ccaab51-594b-45d9-a95d-6a5841fc2e70@group-EAFA9F045B93-LeaderElection56] INFO  impl.RoleInfo (RoleInfo.java:updateAndGet(139)) - 3ccaab51-594b-45d9-a95d-6a5841fc2e70: start 3ccaab51-594b-45d9-a95d-6a5841fc2e70@group-EAFA9F045B93-LeaderStateImpl
2022-06-16 16:21:53,084 [3ccaab51-594b-45d9-a95d-6a5841fc2e70@group-EAFA9F045B93-LeaderElection56] INFO  segmented.SegmentedRaftLogWorker (SegmentedRaftLogWorker.java:startLogSegment(425)) - 3ccaab51-594b-45d9-a95d-6a5841fc2e70@group-EAFA9F045B93-SegmentedRaftLogWorker: Starting segment from index:0
2022-06-16 16:21:53,086 [EventQueue-OpenPipelineForHealthyPipelineSafeModeRule] INFO  safemode.SCMSafeModeManager (HealthyPipelineSafeModeRule.java:process(124)) - SCM in safe mode. Healthy pipelines reported count is 0, required healthy pipeline reported count is 1
2022-06-16 16:21:53,087 [3ccaab51-594b-45d9-a95d-6a5841fc2e70@group-EAFA9F045B93-SegmentedRaftLogWorker] INFO  segmented.SegmentedRaftLogWorker (SegmentedRaftLogWorker.java:execute(629)) - 3ccaab51-594b-45d9-a95d-6a5841fc2e70@group-EAFA9F045B93-SegmentedRaftLogWorker: created new log segment /home/runner/work/ozone/ozone/hadoop-ozone/integration-test/target/test-dir/MiniOzoneClusterImpl-41de4505-4fce-475e-a877-0dc0879048ec/datanode-3/data/ratis/1e111de9-d6ff-45c4-9efc-eafa9f045b93/current/log_inprogress_0
2022-06-16 16:21:53,120 [3ccaab51-594b-45d9-a95d-6a5841fc2e70@group-EAFA9F045B93-LeaderElection56] INFO  server.RaftServer$Division (ServerState.java:setRaftConf(393)) - 3ccaab51-594b-45d9-a95d-6a5841fc2e70@group-EAFA9F045B93: set configuration 0: [3ccaab51-594b-45d9-a95d-6a5841fc2e70|rpc:10.1.0.16:42747|dataStream:|priority:1], old=null
2022-06-16 16:21:53,354 [Listener at 127.0.0.1/33505] INFO  ozone.MiniOzoneClusterImpl (MiniOzoneClusterImpl.java:lambda$waitForClusterToBeReady$0(221)) - Nodes are ready. Got 5 of 5 DN Heartbeats.
2022-06-16 16:21:53,354 [Listener at 127.0.0.1/33505] INFO  ozone.MiniOzoneClusterImpl (MiniOzoneClusterImpl.java:lambda$waitForClusterToBeReady$0(224)) - Waiting for cluster to exit safe mode
2022-06-16 16:21:53,354 [Listener at 127.0.0.1/33505] INFO  ozone.MiniOzoneClusterImpl (MiniOzoneClusterImpl.java:lambda$waitForClusterToBeReady$0(226)) - SCM became leader
2022-06-16 16:21:54,354 [Listener at 127.0.0.1/33505] INFO  ozone.MiniOzoneClusterImpl (MiniOzoneClusterImpl.java:lambda$waitForClusterToBeReady$0(221)) - Nodes are ready. Got 5 of 5 DN Heartbeats.
2022-06-16 16:21:54,354 [Listener at 127.0.0.1/33505] INFO  ozone.MiniOzoneClusterImpl (MiniOzoneClusterImpl.java:lambda$waitForClusterToBeReady$0(224)) - Waiting for cluster to exit safe mode
2022-06-16 16:21:54,354 [Listener at 127.0.0.1/33505] INFO  ozone.MiniOzoneClusterImpl (MiniOzoneClusterImpl.java:lambda$waitForClusterToBeReady$0(226)) - SCM became leader
2022-06-16 16:21:54,645 [1c79e798-ce4e-4731-abab-8f755a4e096a@group-FF1A02073EE2-FollowerState] INFO  impl.FollowerState (FollowerState.java:run(143)) - 1c79e798-ce4e-4731-abab-8f755a4e096a@group-FF1A02073EE2-FollowerState: change to CANDIDATE, lastRpcElapsedTime:5131986388ns, electionTimeout:5116ms
2022-06-16 16:21:54,645 [1c79e798-ce4e-4731-abab-8f755a4e096a@group-FF1A02073EE2-FollowerState] INFO  impl.RoleInfo (RoleInfo.java:shutdownFollowerState(110)) - 1c79e798-ce4e-4731-abab-8f755a4e096a: shutdown 1c79e798-ce4e-4731-abab-8f755a4e096a@group-FF1A02073EE2-FollowerState
2022-06-16 16:21:54,645 [1c79e798-ce4e-4731-abab-8f755a4e096a@group-FF1A02073EE2-FollowerState] INFO  server.RaftServer$Division (RaftServerImpl.java:setRole(299)) - 1c79e798-ce4e-4731-abab-8f755a4e096a@group-FF1A02073EE2: changes role from  FOLLOWER to CANDIDATE at term 0 for changeToCandidate
2022-06-16 16:21:54,645 [1c79e798-ce4e-4731-abab-8f755a4e096a@group-FF1A02073EE2-FollowerState] INFO  server.RaftServerConfigKeys (ConfUtils.java:logGet(46)) - raft.server.leaderelection.pre-vote = false (custom)
2022-06-16 16:21:54,645 [1c79e798-ce4e-4731-abab-8f755a4e096a@group-FF1A02073EE2-FollowerState] INFO  impl.RoleInfo (RoleInfo.java:updateAndGet(139)) - 1c79e798-ce4e-4731-abab-8f755a4e096a: start 1c79e798-ce4e-4731-abab-8f755a4e096a@group-FF1A02073EE2-LeaderElection57
2022-06-16 16:21:54,704 [1c79e798-ce4e-4731-abab-8f755a4e096a@group-FF1A02073EE2-LeaderElection57] INFO  impl.LeaderElection (LeaderElection.java:askForVotes(310)) - 1c79e798-ce4e-4731-abab-8f755a4e096a@group-FF1A02073EE2-LeaderElection57 ELECTION round 0: submit vote requests at term 1 for -1: [1c79e798-ce4e-4731-abab-8f755a4e096a|rpc:10.1.0.16:40089|priority:1], old=null
2022-06-16 16:21:54,704 [1c79e798-ce4e-4731-abab-8f755a4e096a@group-FF1A02073EE2-LeaderElection57] INFO  impl.LeaderElection (LeaderElection.java:askForVotes(312)) - 1c79e798-ce4e-4731-abab-8f755a4e096a@group-FF1A02073EE2-LeaderElection57 ELECTION round 0: result PASSED (term=1)
2022-06-16 16:21:54,704 [1c79e798-ce4e-4731-abab-8f755a4e096a@group-FF1A02073EE2-LeaderElection57] INFO  impl.RoleInfo (RoleInfo.java:shutdownLeaderElection(130)) - 1c79e798-ce4e-4731-abab-8f755a4e096a: shutdown 1c79e798-ce4e-4731-abab-8f755a4e096a@group-FF1A02073EE2-LeaderElection57
2022-06-16 16:21:54,704 [1c79e798-ce4e-4731-abab-8f755a4e096a@group-FF1A02073EE2-LeaderElection57] INFO  server.RaftServer$Division (RaftServerImpl.java:setRole(299)) - 1c79e798-ce4e-4731-abab-8f755a4e096a@group-FF1A02073EE2: changes role from CANDIDATE to LEADER at term 1 for changeToLeader
2022-06-16 16:21:54,704 [1c79e798-ce4e-4731-abab-8f755a4e096a@group-FF1A02073EE2-LeaderElection57] INFO  ratis.XceiverServerRatis (XceiverServerRatis.java:handleLeaderChangedNotification(863)) - Leader change notification received for group: group-FF1A02073EE2 with new leaderId: 1c79e798-ce4e-4731-abab-8f755a4e096a
2022-06-16 16:21:54,704 [1c79e798-ce4e-4731-abab-8f755a4e096a@group-FF1A02073EE2-LeaderElection57] INFO  server.RaftServer$Division (ServerState.java:setLeader(287)) - 1c79e798-ce4e-4731-abab-8f755a4e096a@group-FF1A02073EE2: change Leader from null to 1c79e798-ce4e-4731-abab-8f755a4e096a at term 1 for becomeLeader, leader elected after 5225ms
2022-06-16 16:21:54,704 [1c79e798-ce4e-4731-abab-8f755a4e096a@group-FF1A02073EE2-LeaderElection57] INFO  server.RaftServerConfigKeys (ConfUtils.java:logGet(46)) - raft.server.staging.catchup.gap = 1000 (default)
2022-06-16 16:21:54,704 [1c79e798-ce4e-4731-abab-8f755a4e096a@group-FF1A02073EE2-LeaderElection57] INFO  server.RaftServerConfigKeys (ConfUtils.java:logGet(46)) - raft.server.write.element-limit = 1024 (custom)
2022-06-16 16:21:54,704 [1c79e798-ce4e-4731-abab-8f755a4e096a@group-FF1A02073EE2-LeaderElection57] INFO  server.RaftServerConfigKeys (ConfUtils.java:logGet(46)) - raft.server.write.byte-limit = 1024 M (=1073741824) (custom)
2022-06-16 16:21:54,705 [1c79e798-ce4e-4731-abab-8f755a4e096a@group-FF1A02073EE2-LeaderElection57] INFO  server.RaftServerConfigKeys (ConfUtils.java:logGet(46)) - raft.server.watch.timeout = 180s (custom)
2022-06-16 16:21:54,705 [1c79e798-ce4e-4731-abab-8f755a4e096a@group-FF1A02073EE2-LeaderElection57] INFO  server.RaftServerConfigKeys (ConfUtils.java:logGet(46)) - raft.server.watch.timeout.denomination = 1s (default)
2022-06-16 16:21:54,705 [1c79e798-ce4e-4731-abab-8f755a4e096a@group-FF1A02073EE2-LeaderElection57] INFO  server.RaftServerConfigKeys (ConfUtils.java:logGet(46)) - raft.server.watch.element-limit = 65536 (default)
2022-06-16 16:21:54,705 [1c79e798-ce4e-4731-abab-8f755a4e096a@group-FF1A02073EE2-LeaderElection57] INFO  server.RaftServerConfigKeys (ConfUtils.java:logGet(46)) - raft.server.write.element-limit = 1024 (custom)
2022-06-16 16:21:54,705 [1c79e798-ce4e-4731-abab-8f755a4e096a@group-FF1A02073EE2-LeaderElection57] INFO  server.RaftServerConfigKeys (ConfUtils.java:logGet(46)) - raft.server.write.follower.gap.ratio.max = -1.0 (default)
2022-06-16 16:21:54,705 [1c79e798-ce4e-4731-abab-8f755a4e096a@group-FF1A02073EE2-LeaderElection57] INFO  impl.RoleInfo (RoleInfo.java:updateAndGet(139)) - 1c79e798-ce4e-4731-abab-8f755a4e096a: start 1c79e798-ce4e-4731-abab-8f755a4e096a@group-FF1A02073EE2-LeaderStateImpl
2022-06-16 16:21:54,705 [1c79e798-ce4e-4731-abab-8f755a4e096a@group-FF1A02073EE2-LeaderElection57] INFO  segmented.SegmentedRaftLogWorker (SegmentedRaftLogWorker.java:startLogSegment(425)) - 1c79e798-ce4e-4731-abab-8f755a4e096a@group-FF1A02073EE2-SegmentedRaftLogWorker: Starting segment from index:0
2022-06-16 16:21:54,710 [1c79e798-ce4e-4731-abab-8f755a4e096a@group-FF1A02073EE2-LeaderElection57] INFO  server.RaftServer$Division (ServerState.java:setRaftConf(393)) - 1c79e798-ce4e-4731-abab-8f755a4e096a@group-FF1A02073EE2: set configuration 0: [1c79e798-ce4e-4731-abab-8f755a4e096a|rpc:10.1.0.16:40089|dataStream:|priority:1], old=null
2022-06-16 16:21:54,738 [EventQueue-OpenPipelineForHealthyPipelineSafeModeRule] INFO  safemode.SCMSafeModeManager (HealthyPipelineSafeModeRule.java:process(124)) - SCM in safe mode. Healthy pipelines reported count is 0, required healthy pipeline reported count is 1
2022-06-16 16:21:54,750 [1c79e798-ce4e-4731-abab-8f755a4e096a@group-FF1A02073EE2-SegmentedRaftLogWorker] INFO  segmented.SegmentedRaftLogWorker (SegmentedRaftLogWorker.java:execute(629)) - 1c79e798-ce4e-4731-abab-8f755a4e096a@group-FF1A02073EE2-SegmentedRaftLogWorker: created new log segment /home/runner/work/ozone/ozone/hadoop-ozone/integration-test/target/test-dir/MiniOzoneClusterImpl-41de4505-4fce-475e-a877-0dc0879048ec/datanode-4/data/ratis/29bcd10d-d504-4178-8968-ff1a02073ee2/current/log_inprogress_0
2022-06-16 16:21:55,124 [cbc12831-31a5-4f31-a046-b81d852f61de@group-D5DCD881B8EA-FollowerState] INFO  impl.FollowerState (FollowerState.java:run(143)) - cbc12831-31a5-4f31-a046-b81d852f61de@group-D5DCD881B8EA-FollowerState: change to CANDIDATE, lastRpcElapsedTime:5120693573ns, electionTimeout:5078ms
2022-06-16 16:21:55,124 [cbc12831-31a5-4f31-a046-b81d852f61de@group-D5DCD881B8EA-FollowerState] INFO  impl.RoleInfo (RoleInfo.java:shutdownFollowerState(110)) - cbc12831-31a5-4f31-a046-b81d852f61de: shutdown cbc12831-31a5-4f31-a046-b81d852f61de@group-D5DCD881B8EA-FollowerState
2022-06-16 16:21:55,124 [cbc12831-31a5-4f31-a046-b81d852f61de@group-D5DCD881B8EA-FollowerState] INFO  server.RaftServer$Division (RaftServerImpl.java:setRole(299)) - cbc12831-31a5-4f31-a046-b81d852f61de@group-D5DCD881B8EA: changes role from  FOLLOWER to CANDIDATE at term 1 for changeToCandidate
2022-06-16 16:21:55,124 [cbc12831-31a5-4f31-a046-b81d852f61de@group-D5DCD881B8EA-FollowerState] INFO  server.RaftServerConfigKeys (ConfUtils.java:logGet(46)) - raft.server.leaderelection.pre-vote = false (custom)
2022-06-16 16:21:55,124 [cbc12831-31a5-4f31-a046-b81d852f61de@group-D5DCD881B8EA-FollowerState] INFO  impl.RoleInfo (RoleInfo.java:updateAndGet(139)) - cbc12831-31a5-4f31-a046-b81d852f61de: start cbc12831-31a5-4f31-a046-b81d852f61de@group-D5DCD881B8EA-LeaderElection58
2022-06-16 16:21:55,218 [995fc94b-3f8e-410c-9bb6-8c0a727652de@group-D5DCD881B8EA-FollowerState] INFO  impl.FollowerState (FollowerState.java:run(143)) - 995fc94b-3f8e-410c-9bb6-8c0a727652de@group-D5DCD881B8EA-FollowerState: change to CANDIDATE, lastRpcElapsedTime:5214924717ns, electionTimeout:5123ms
2022-06-16 16:21:55,218 [995fc94b-3f8e-410c-9bb6-8c0a727652de@group-D5DCD881B8EA-FollowerState] INFO  impl.RoleInfo (RoleInfo.java:shutdownFollowerState(110)) - 995fc94b-3f8e-410c-9bb6-8c0a727652de: shutdown 995fc94b-3f8e-410c-9bb6-8c0a727652de@group-D5DCD881B8EA-FollowerState
2022-06-16 16:21:55,218 [995fc94b-3f8e-410c-9bb6-8c0a727652de@group-D5DCD881B8EA-FollowerState] INFO  server.RaftServer$Division (RaftServerImpl.java:setRole(299)) - 995fc94b-3f8e-410c-9bb6-8c0a727652de@group-D5DCD881B8EA: changes role from  FOLLOWER to CANDIDATE at term 1 for changeToCandidate
2022-06-16 16:21:55,218 [995fc94b-3f8e-410c-9bb6-8c0a727652de@group-D5DCD881B8EA-FollowerState] INFO  server.RaftServerConfigKeys (ConfUtils.java:logGet(46)) - raft.server.leaderelection.pre-vote = false (custom)
2022-06-16 16:21:55,218 [995fc94b-3f8e-410c-9bb6-8c0a727652de@group-D5DCD881B8EA-FollowerState] INFO  impl.RoleInfo (RoleInfo.java:updateAndGet(139)) - 995fc94b-3f8e-410c-9bb6-8c0a727652de: start 995fc94b-3f8e-410c-9bb6-8c0a727652de@group-D5DCD881B8EA-LeaderElection59
2022-06-16 16:21:55,220 [6c743a47-4ce0-4970-944e-624fd1e2ad3d@group-D5DCD881B8EA-FollowerState] INFO  impl.FollowerState (FollowerState.java:run(143)) - 6c743a47-4ce0-4970-944e-624fd1e2ad3d@group-D5DCD881B8EA-FollowerState: change to CANDIDATE, lastRpcElapsedTime:5160741735ns, electionTimeout:5126ms
2022-06-16 16:21:55,220 [6c743a47-4ce0-4970-944e-624fd1e2ad3d@group-D5DCD881B8EA-FollowerState] INFO  impl.RoleInfo (RoleInfo.java:shutdownFollowerState(110)) - 6c743a47-4ce0-4970-944e-624fd1e2ad3d: shutdown 6c743a47-4ce0-4970-944e-624fd1e2ad3d@group-D5DCD881B8EA-FollowerState
2022-06-16 16:21:55,220 [6c743a47-4ce0-4970-944e-624fd1e2ad3d@group-D5DCD881B8EA-FollowerState] INFO  server.RaftServer$Division (RaftServerImpl.java:setRole(299)) - 6c743a47-4ce0-4970-944e-624fd1e2ad3d@group-D5DCD881B8EA: changes role from  FOLLOWER to CANDIDATE at term 1 for changeToCandidate
2022-06-16 16:21:55,239 [6c743a47-4ce0-4970-944e-624fd1e2ad3d@group-D5DCD881B8EA-FollowerState] INFO  server.RaftServerConfigKeys (ConfUtils.java:logGet(46)) - raft.server.leaderelection.pre-vote = false (custom)
2022-06-16 16:21:55,239 [6c743a47-4ce0-4970-944e-624fd1e2ad3d@group-D5DCD881B8EA-FollowerState] INFO  impl.RoleInfo (RoleInfo.java:updateAndGet(139)) - 6c743a47-4ce0-4970-944e-624fd1e2ad3d: start 6c743a47-4ce0-4970-944e-624fd1e2ad3d@group-D5DCD881B8EA-LeaderElection60
2022-06-16 16:21:55,274 [6c743a47-4ce0-4970-944e-624fd1e2ad3d@group-D5DCD881B8EA-LeaderElection60] INFO  impl.LeaderElection (LeaderElection.java:askForVotes(310)) - 6c743a47-4ce0-4970-944e-624fd1e2ad3d@group-D5DCD881B8EA-LeaderElection60 ELECTION round 0: submit vote requests at term 2 for -1: [995fc94b-3f8e-410c-9bb6-8c0a727652de|rpc:10.1.0.16:43709|priority:1, cbc12831-31a5-4f31-a046-b81d852f61de|rpc:10.1.0.16:42913|priority:0, 6c743a47-4ce0-4970-944e-624fd1e2ad3d|rpc:10.1.0.16:44833|priority:0], old=null
2022-06-16 16:21:55,275 [cbc12831-31a5-4f31-a046-b81d852f61de@group-D5DCD881B8EA-LeaderElection58] INFO  impl.LeaderElection (LeaderElection.java:askForVotes(310)) - cbc12831-31a5-4f31-a046-b81d852f61de@group-D5DCD881B8EA-LeaderElection58 ELECTION round 0: submit vote requests at term 2 for -1: [995fc94b-3f8e-410c-9bb6-8c0a727652de|rpc:10.1.0.16:43709|priority:1, cbc12831-31a5-4f31-a046-b81d852f61de|rpc:10.1.0.16:42913|priority:0, 6c743a47-4ce0-4970-944e-624fd1e2ad3d|rpc:10.1.0.16:44833|priority:0], old=null
2022-06-16 16:21:55,282 [995fc94b-3f8e-410c-9bb6-8c0a727652de@group-D5DCD881B8EA-LeaderElection59] INFO  impl.LeaderElection (LeaderElection.java:askForVotes(310)) - 995fc94b-3f8e-410c-9bb6-8c0a727652de@group-D5DCD881B8EA-LeaderElection59 ELECTION round 0: submit vote requests at term 2 for -1: [995fc94b-3f8e-410c-9bb6-8c0a727652de|rpc:10.1.0.16:43709|dataStream:|priority:1, cbc12831-31a5-4f31-a046-b81d852f61de|rpc:10.1.0.16:42913|dataStream:|priority:0, 6c743a47-4ce0-4970-944e-624fd1e2ad3d|rpc:10.1.0.16:44833|dataStream:|priority:0], old=null
2022-06-16 16:21:55,355 [Listener at 127.0.0.1/33505] INFO  ozone.MiniOzoneClusterImpl (MiniOzoneClusterImpl.java:lambda$waitForClusterToBeReady$0(221)) - Nodes are ready. Got 5 of 5 DN Heartbeats.
2022-06-16 16:21:55,355 [Listener at 127.0.0.1/33505] INFO  ozone.MiniOzoneClusterImpl (MiniOzoneClusterImpl.java:lambda$waitForClusterToBeReady$0(224)) - Waiting for cluster to exit safe mode
2022-06-16 16:21:55,355 [Listener at 127.0.0.1/33505] INFO  ozone.MiniOzoneClusterImpl (MiniOzoneClusterImpl.java:lambda$waitForClusterToBeReady$0(226)) - SCM became leader
2022-06-16 16:21:55,371 [grpc-default-executor-2] INFO  server.RaftServer$Division (RaftServerImpl.java:requestVote(1152)) - 995fc94b-3f8e-410c-9bb6-8c0a727652de@group-D5DCD881B8EA: receive requestVote(ELECTION, 6c743a47-4ce0-4970-944e-624fd1e2ad3d, group-D5DCD881B8EA, 2, (t:0, i:0))
2022-06-16 16:21:55,371 [grpc-default-executor-0] INFO  server.RaftServer$Division (RaftServerImpl.java:requestVote(1152)) - cbc12831-31a5-4f31-a046-b81d852f61de@group-D5DCD881B8EA: receive requestVote(ELECTION, 995fc94b-3f8e-410c-9bb6-8c0a727652de, group-D5DCD881B8EA, 2, (t:0, i:0))
2022-06-16 16:21:55,371 [grpc-default-executor-0] INFO  impl.VoteContext (VoteContext.java:log(48)) - cbc12831-31a5-4f31-a046-b81d852f61de@group-D5DCD881B8EA-CANDIDATE: reject ELECTION from 995fc94b-3f8e-410c-9bb6-8c0a727652de: already has voted for cbc12831-31a5-4f31-a046-b81d852f61de at current term 2
2022-06-16 16:21:55,371 [grpc-default-executor-2] INFO  impl.VoteContext (VoteContext.java:log(48)) - 995fc94b-3f8e-410c-9bb6-8c0a727652de@group-D5DCD881B8EA-CANDIDATE: reject ELECTION from 6c743a47-4ce0-4970-944e-624fd1e2ad3d: already has voted for 995fc94b-3f8e-410c-9bb6-8c0a727652de at current term 2
2022-06-16 16:21:55,371 [grpc-default-executor-0] INFO  server.RaftServer$Division (RaftServerImpl.java:requestVote(1184)) - cbc12831-31a5-4f31-a046-b81d852f61de@group-D5DCD881B8EA replies to ELECTION vote request: 995fc94b-3f8e-410c-9bb6-8c0a727652de<-cbc12831-31a5-4f31-a046-b81d852f61de#0:FAIL-t2. Peer's state: cbc12831-31a5-4f31-a046-b81d852f61de@group-D5DCD881B8EA:t2, leader=null, voted=cbc12831-31a5-4f31-a046-b81d852f61de, raftlog=cbc12831-31a5-4f31-a046-b81d852f61de@group-D5DCD881B8EA-SegmentedRaftLog:OPENED:c-1, conf=-1: [995fc94b-3f8e-410c-9bb6-8c0a727652de|rpc:10.1.0.16:43709|priority:1, cbc12831-31a5-4f31-a046-b81d852f61de|rpc:10.1.0.16:42913|priority:0, 6c743a47-4ce0-4970-944e-624fd1e2ad3d|rpc:10.1.0.16:44833|priority:0], old=null
2022-06-16 16:21:55,371 [grpc-default-executor-2] INFO  server.RaftServer$Division (RaftServerImpl.java:requestVote(1184)) - 995fc94b-3f8e-410c-9bb6-8c0a727652de@group-D5DCD881B8EA replies to ELECTION vote request: 6c743a47-4ce0-4970-944e-624fd1e2ad3d<-995fc94b-3f8e-410c-9bb6-8c0a727652de#0:FAIL-t2. Peer's state: 995fc94b-3f8e-410c-9bb6-8c0a727652de@group-D5DCD881B8EA:t2, leader=null, voted=995fc94b-3f8e-410c-9bb6-8c0a727652de, raftlog=995fc94b-3f8e-410c-9bb6-8c0a727652de@group-D5DCD881B8EA-SegmentedRaftLog:OPENED:c-1, conf=-1: [995fc94b-3f8e-410c-9bb6-8c0a727652de|rpc:10.1.0.16:43709|dataStream:|priority:1, cbc12831-31a5-4f31-a046-b81d852f61de|rpc:10.1.0.16:42913|dataStream:|priority:0, 6c743a47-4ce0-4970-944e-624fd1e2ad3d|rpc:10.1.0.16:44833|dataStream:|priority:0], old=null
2022-06-16 16:21:55,455 [6c743a47-4ce0-4970-944e-624fd1e2ad3d@group-D5DCD881B8EA-LeaderElection60] INFO  impl.LeaderElection (LeaderElection.java:logAndReturn(90)) - 6c743a47-4ce0-4970-944e-624fd1e2ad3d@group-D5DCD881B8EA-LeaderElection60: ELECTION REJECTED received 1 response(s) and 0 exception(s):
2022-06-16 16:21:55,455 [grpc-default-executor-0] INFO  server.RaftServer$Division (RaftServerImpl.java:requestVote(1152)) - cbc12831-31a5-4f31-a046-b81d852f61de@group-D5DCD881B8EA: receive requestVote(ELECTION, 6c743a47-4ce0-4970-944e-624fd1e2ad3d, group-D5DCD881B8EA, 2, (t:0, i:0))
2022-06-16 16:21:55,455 [grpc-default-executor-0] INFO  impl.VoteContext (VoteContext.java:log(48)) - cbc12831-31a5-4f31-a046-b81d852f61de@group-D5DCD881B8EA-CANDIDATE: reject ELECTION from 6c743a47-4ce0-4970-944e-624fd1e2ad3d: already has voted for cbc12831-31a5-4f31-a046-b81d852f61de at current term 2
2022-06-16 16:21:55,455 [grpc-default-executor-0] INFO  server.RaftServer$Division (RaftServerImpl.java:requestVote(1184)) - cbc12831-31a5-4f31-a046-b81d852f61de@group-D5DCD881B8EA replies to ELECTION vote request: 6c743a47-4ce0-4970-944e-624fd1e2ad3d<-cbc12831-31a5-4f31-a046-b81d852f61de#0:FAIL-t2. Peer's state: cbc12831-31a5-4f31-a046-b81d852f61de@group-D5DCD881B8EA:t2, leader=null, voted=cbc12831-31a5-4f31-a046-b81d852f61de, raftlog=cbc12831-31a5-4f31-a046-b81d852f61de@group-D5DCD881B8EA-SegmentedRaftLog:OPENED:c-1, conf=-1: [995fc94b-3f8e-410c-9bb6-8c0a727652de|rpc:10.1.0.16:43709|priority:1, cbc12831-31a5-4f31-a046-b81d852f61de|rpc:10.1.0.16:42913|priority:0, 6c743a47-4ce0-4970-944e-624fd1e2ad3d|rpc:10.1.0.16:44833|priority:0], old=null
2022-06-16 16:21:55,455 [grpc-default-executor-3] INFO  server.RaftServer$Division (RaftServerImpl.java:requestVote(1152)) - 995fc94b-3f8e-410c-9bb6-8c0a727652de@group-D5DCD881B8EA: receive requestVote(ELECTION, cbc12831-31a5-4f31-a046-b81d852f61de, group-D5DCD881B8EA, 2, (t:0, i:0))
2022-06-16 16:21:55,455 [grpc-default-executor-3] INFO  impl.VoteContext (VoteContext.java:log(48)) - 995fc94b-3f8e-410c-9bb6-8c0a727652de@group-D5DCD881B8EA-CANDIDATE: reject ELECTION from cbc12831-31a5-4f31-a046-b81d852f61de: already has voted for 995fc94b-3f8e-410c-9bb6-8c0a727652de at current term 2
2022-06-16 16:21:55,455 [grpc-default-executor-3] INFO  server.RaftServer$Division (RaftServerImpl.java:requestVote(1184)) - 995fc94b-3f8e-410c-9bb6-8c0a727652de@group-D5DCD881B8EA replies to ELECTION vote request: cbc12831-31a5-4f31-a046-b81d852f61de<-995fc94b-3f8e-410c-9bb6-8c0a727652de#0:FAIL-t2. Peer's state: 995fc94b-3f8e-410c-9bb6-8c0a727652de@group-D5DCD881B8EA:t2, leader=null, voted=995fc94b-3f8e-410c-9bb6-8c0a727652de, raftlog=995fc94b-3f8e-410c-9bb6-8c0a727652de@group-D5DCD881B8EA-SegmentedRaftLog:OPENED:c-1, conf=-1: [995fc94b-3f8e-410c-9bb6-8c0a727652de|rpc:10.1.0.16:43709|dataStream:|priority:1, cbc12831-31a5-4f31-a046-b81d852f61de|rpc:10.1.0.16:42913|dataStream:|priority:0, 6c743a47-4ce0-4970-944e-624fd1e2ad3d|rpc:10.1.0.16:44833|dataStream:|priority:0], old=null
2022-06-16 16:21:55,455 [6c743a47-4ce0-4970-944e-624fd1e2ad3d@group-D5DCD881B8EA-LeaderElection60] INFO  impl.LeaderElection (LeaderElection.java:logAndReturn(94)) -   Response 0: 6c743a47-4ce0-4970-944e-624fd1e2ad3d<-995fc94b-3f8e-410c-9bb6-8c0a727652de#0:FAIL-t2
2022-06-16 16:21:55,456 [6c743a47-4ce0-4970-944e-624fd1e2ad3d@group-D5DCD881B8EA-LeaderElection60] INFO  impl.LeaderElection (LeaderElection.java:askForVotes(312)) - 6c743a47-4ce0-4970-944e-624fd1e2ad3d@group-D5DCD881B8EA-LeaderElection60 ELECTION round 0: result REJECTED
2022-06-16 16:21:55,456 [6c743a47-4ce0-4970-944e-624fd1e2ad3d@group-D5DCD881B8EA-LeaderElection60] INFO  server.RaftServer$Division (RaftServerImpl.java:setRole(299)) - 6c743a47-4ce0-4970-944e-624fd1e2ad3d@group-D5DCD881B8EA: changes role from CANDIDATE to FOLLOWER at term 2 for REJECTED
2022-06-16 16:21:55,456 [6c743a47-4ce0-4970-944e-624fd1e2ad3d@group-D5DCD881B8EA-LeaderElection60] INFO  impl.RoleInfo (RoleInfo.java:shutdownLeaderElection(130)) - 6c743a47-4ce0-4970-944e-624fd1e2ad3d: shutdown 6c743a47-4ce0-4970-944e-624fd1e2ad3d@group-D5DCD881B8EA-LeaderElection60
2022-06-16 16:21:55,456 [6c743a47-4ce0-4970-944e-624fd1e2ad3d@group-D5DCD881B8EA-LeaderElection60] INFO  impl.RoleInfo (RoleInfo.java:updateAndGet(139)) - 6c743a47-4ce0-4970-944e-624fd1e2ad3d: start 6c743a47-4ce0-4970-944e-624fd1e2ad3d@group-D5DCD881B8EA-FollowerState
2022-06-16 16:21:55,530 [grpc-default-executor-2] INFO  server.RaftServer$Division (RaftServerImpl.java:requestVote(1152)) - 6c743a47-4ce0-4970-944e-624fd1e2ad3d@group-D5DCD881B8EA: receive requestVote(ELECTION, 995fc94b-3f8e-410c-9bb6-8c0a727652de, group-D5DCD881B8EA, 2, (t:0, i:0))
2022-06-16 16:21:55,530 [grpc-default-executor-2] INFO  impl.VoteContext (VoteContext.java:log(48)) - 6c743a47-4ce0-4970-944e-624fd1e2ad3d@group-D5DCD881B8EA-FOLLOWER: reject ELECTION from 995fc94b-3f8e-410c-9bb6-8c0a727652de: already has voted for 6c743a47-4ce0-4970-944e-624fd1e2ad3d at current term 2
2022-06-16 16:21:55,530 [grpc-default-executor-2] INFO  server.RaftServer$Division (RaftServerImpl.java:requestVote(1184)) - 6c743a47-4ce0-4970-944e-624fd1e2ad3d@group-D5DCD881B8EA replies to ELECTION vote request: 995fc94b-3f8e-410c-9bb6-8c0a727652de<-6c743a47-4ce0-4970-944e-624fd1e2ad3d#0:FAIL-t2. Peer's state: 6c743a47-4ce0-4970-944e-624fd1e2ad3d@group-D5DCD881B8EA:t2, leader=null, voted=6c743a47-4ce0-4970-944e-624fd1e2ad3d, raftlog=6c743a47-4ce0-4970-944e-624fd1e2ad3d@group-D5DCD881B8EA-SegmentedRaftLog:OPENED:c-1, conf=-1: [995fc94b-3f8e-410c-9bb6-8c0a727652de|rpc:10.1.0.16:43709|priority:1, cbc12831-31a5-4f31-a046-b81d852f61de|rpc:10.1.0.16:42913|priority:0, 6c743a47-4ce0-4970-944e-624fd1e2ad3d|rpc:10.1.0.16:44833|priority:0], old=null
2022-06-16 16:21:55,531 [grpc-default-executor-3] INFO  server.RaftServer$Division (RaftServerImpl.java:requestVote(1152)) - 6c743a47-4ce0-4970-944e-624fd1e2ad3d@group-D5DCD881B8EA: receive requestVote(ELECTION, cbc12831-31a5-4f31-a046-b81d852f61de, group-D5DCD881B8EA, 2, (t:0, i:0))
2022-06-16 16:21:55,531 [grpc-default-executor-3] INFO  impl.VoteContext (VoteContext.java:log(48)) - 6c743a47-4ce0-4970-944e-624fd1e2ad3d@group-D5DCD881B8EA-FOLLOWER: reject ELECTION from cbc12831-31a5-4f31-a046-b81d852f61de: already has voted for 6c743a47-4ce0-4970-944e-624fd1e2ad3d at current term 2
2022-06-16 16:21:55,531 [grpc-default-executor-3] INFO  server.RaftServer$Division (RaftServerImpl.java:requestVote(1184)) - 6c743a47-4ce0-4970-944e-624fd1e2ad3d@group-D5DCD881B8EA replies to ELECTION vote request: cbc12831-31a5-4f31-a046-b81d852f61de<-6c743a47-4ce0-4970-944e-624fd1e2ad3d#0:FAIL-t2. Peer's state: 6c743a47-4ce0-4970-944e-624fd1e2ad3d@group-D5DCD881B8EA:t2, leader=null, voted=6c743a47-4ce0-4970-944e-624fd1e2ad3d, raftlog=6c743a47-4ce0-4970-944e-624fd1e2ad3d@group-D5DCD881B8EA-SegmentedRaftLog:OPENED:c-1, conf=-1: [995fc94b-3f8e-410c-9bb6-8c0a727652de|rpc:10.1.0.16:43709|priority:1, cbc12831-31a5-4f31-a046-b81d852f61de|rpc:10.1.0.16:42913|priority:0, 6c743a47-4ce0-4970-944e-624fd1e2ad3d|rpc:10.1.0.16:44833|priority:0], old=null
2022-06-16 16:21:55,535 [995fc94b-3f8e-410c-9bb6-8c0a727652de@group-D5DCD881B8EA-LeaderElection59] INFO  impl.LeaderElection (LeaderElection.java:logAndReturn(90)) - 995fc94b-3f8e-410c-9bb6-8c0a727652de@group-D5DCD881B8EA-LeaderElection59: ELECTION REJECTED received 2 response(s) and 0 exception(s):
2022-06-16 16:21:55,535 [995fc94b-3f8e-410c-9bb6-8c0a727652de@group-D5DCD881B8EA-LeaderElection59] INFO  impl.LeaderElection (LeaderElection.java:logAndReturn(94)) -   Response 0: 995fc94b-3f8e-410c-9bb6-8c0a727652de<-cbc12831-31a5-4f31-a046-b81d852f61de#0:FAIL-t2
2022-06-16 16:21:55,535 [995fc94b-3f8e-410c-9bb6-8c0a727652de@group-D5DCD881B8EA-LeaderElection59] INFO  impl.LeaderElection (LeaderElection.java:logAndReturn(94)) -   Response 1: 995fc94b-3f8e-410c-9bb6-8c0a727652de<-6c743a47-4ce0-4970-944e-624fd1e2ad3d#0:FAIL-t2
2022-06-16 16:21:55,535 [995fc94b-3f8e-410c-9bb6-8c0a727652de@group-D5DCD881B8EA-LeaderElection59] INFO  impl.LeaderElection (LeaderElection.java:askForVotes(312)) - 995fc94b-3f8e-410c-9bb6-8c0a727652de@group-D5DCD881B8EA-LeaderElection59 ELECTION round 0: result REJECTED
2022-06-16 16:21:55,535 [995fc94b-3f8e-410c-9bb6-8c0a727652de@group-D5DCD881B8EA-LeaderElection59] INFO  server.RaftServer$Division (RaftServerImpl.java:setRole(299)) - 995fc94b-3f8e-410c-9bb6-8c0a727652de@group-D5DCD881B8EA: changes role from CANDIDATE to FOLLOWER at term 2 for REJECTED
2022-06-16 16:21:55,535 [995fc94b-3f8e-410c-9bb6-8c0a727652de@group-D5DCD881B8EA-LeaderElection59] INFO  impl.RoleInfo (RoleInfo.java:shutdownLeaderElection(130)) - 995fc94b-3f8e-410c-9bb6-8c0a727652de: shutdown 995fc94b-3f8e-410c-9bb6-8c0a727652de@group-D5DCD881B8EA-LeaderElection59
2022-06-16 16:21:55,535 [995fc94b-3f8e-410c-9bb6-8c0a727652de@group-D5DCD881B8EA-LeaderElection59] INFO  impl.RoleInfo (RoleInfo.java:updateAndGet(139)) - 995fc94b-3f8e-410c-9bb6-8c0a727652de: start 995fc94b-3f8e-410c-9bb6-8c0a727652de@group-D5DCD881B8EA-FollowerState
2022-06-16 16:21:55,561 [cbc12831-31a5-4f31-a046-b81d852f61de@group-D5DCD881B8EA-LeaderElection58] INFO  impl.LeaderElection (LeaderElection.java:logAndReturn(90)) - cbc12831-31a5-4f31-a046-b81d852f61de@group-D5DCD881B8EA-LeaderElection58: ELECTION REJECTED received 1 response(s) and 0 exception(s):
2022-06-16 16:21:55,561 [cbc12831-31a5-4f31-a046-b81d852f61de@group-D5DCD881B8EA-LeaderElection58] INFO  impl.LeaderElection (LeaderElection.java:logAndReturn(94)) -   Response 0: cbc12831-31a5-4f31-a046-b81d852f61de<-995fc94b-3f8e-410c-9bb6-8c0a727652de#0:FAIL-t2
2022-06-16 16:21:55,561 [cbc12831-31a5-4f31-a046-b81d852f61de@group-D5DCD881B8EA-LeaderElection58] INFO  impl.LeaderElection (LeaderElection.java:askForVotes(312)) - cbc12831-31a5-4f31-a046-b81d852f61de@group-D5DCD881B8EA-LeaderElection58 ELECTION round 0: result REJECTED
2022-06-16 16:21:55,561 [cbc12831-31a5-4f31-a046-b81d852f61de@group-D5DCD881B8EA-LeaderElection58] INFO  server.RaftServer$Division (RaftServerImpl.java:setRole(299)) - cbc12831-31a5-4f31-a046-b81d852f61de@group-D5DCD881B8EA: changes role from CANDIDATE to FOLLOWER at term 2 for REJECTED
2022-06-16 16:21:55,561 [cbc12831-31a5-4f31-a046-b81d852f61de@group-D5DCD881B8EA-LeaderElection58] INFO  impl.RoleInfo (RoleInfo.java:shutdownLeaderElection(130)) - cbc12831-31a5-4f31-a046-b81d852f61de: shutdown cbc12831-31a5-4f31-a046-b81d852f61de@group-D5DCD881B8EA-LeaderElection58
2022-06-16 16:21:55,561 [cbc12831-31a5-4f31-a046-b81d852f61de@group-D5DCD881B8EA-LeaderElection58] INFO  impl.RoleInfo (RoleInfo.java:updateAndGet(139)) - cbc12831-31a5-4f31-a046-b81d852f61de: start cbc12831-31a5-4f31-a046-b81d852f61de@group-D5DCD881B8EA-FollowerState
2022-06-16 16:21:55,577 [995fc94b-3f8e-410c-9bb6-8c0a727652de@group-FD2032A2FA14-FollowerState] INFO  impl.FollowerState (FollowerState.java:run(143)) - 995fc94b-3f8e-410c-9bb6-8c0a727652de@group-FD2032A2FA14-FollowerState: change to CANDIDATE, lastRpcElapsedTime:5107037353ns, electionTimeout:5047ms
2022-06-16 16:21:55,577 [995fc94b-3f8e-410c-9bb6-8c0a727652de@group-FD2032A2FA14-FollowerState] INFO  impl.RoleInfo (RoleInfo.java:shutdownFollowerState(110)) - 995fc94b-3f8e-410c-9bb6-8c0a727652de: shutdown 995fc94b-3f8e-410c-9bb6-8c0a727652de@group-FD2032A2FA14-FollowerState
2022-06-16 16:21:55,577 [995fc94b-3f8e-410c-9bb6-8c0a727652de@group-FD2032A2FA14-FollowerState] INFO  server.RaftServer$Division (RaftServerImpl.java:setRole(299)) - 995fc94b-3f8e-410c-9bb6-8c0a727652de@group-FD2032A2FA14: changes role from  FOLLOWER to CANDIDATE at term 1 for changeToCandidate
2022-06-16 16:21:55,577 [995fc94b-3f8e-410c-9bb6-8c0a727652de@group-FD2032A2FA14-FollowerState] INFO  server.RaftServerConfigKeys (ConfUtils.java:logGet(46)) - raft.server.leaderelection.pre-vote = false (custom)
2022-06-16 16:21:55,577 [995fc94b-3f8e-410c-9bb6-8c0a727652de@group-FD2032A2FA14-FollowerState] INFO  impl.RoleInfo (RoleInfo.java:updateAndGet(139)) - 995fc94b-3f8e-410c-9bb6-8c0a727652de: start 995fc94b-3f8e-410c-9bb6-8c0a727652de@group-FD2032A2FA14-LeaderElection61
2022-06-16 16:21:55,652 [995fc94b-3f8e-410c-9bb6-8c0a727652de@group-FD2032A2FA14-LeaderElection61] INFO  impl.LeaderElection (LeaderElection.java:askForVotes(310)) - 995fc94b-3f8e-410c-9bb6-8c0a727652de@group-FD2032A2FA14-LeaderElection61 ELECTION round 0: submit vote requests at term 2 for -1: [995fc94b-3f8e-410c-9bb6-8c0a727652de|rpc:10.1.0.16:43709|dataStream:|priority:0, cbc12831-31a5-4f31-a046-b81d852f61de|rpc:10.1.0.16:42913|dataStream:|priority:0, 6c743a47-4ce0-4970-944e-624fd1e2ad3d|rpc:10.1.0.16:44833|dataStream:|priority:1], old=null
2022-06-16 16:21:55,686 [6c743a47-4ce0-4970-944e-624fd1e2ad3d@group-FD2032A2FA14-FollowerState] INFO  impl.FollowerState (FollowerState.java:run(143)) - 6c743a47-4ce0-4970-944e-624fd1e2ad3d@group-FD2032A2FA14-FollowerState: change to CANDIDATE, lastRpcElapsedTime:5186647575ns, electionTimeout:5168ms
2022-06-16 16:21:55,686 [6c743a47-4ce0-4970-944e-624fd1e2ad3d@group-FD2032A2FA14-FollowerState] INFO  impl.RoleInfo (RoleInfo.java:shutdownFollowerState(110)) - 6c743a47-4ce0-4970-944e-624fd1e2ad3d: shutdown 6c743a47-4ce0-4970-944e-624fd1e2ad3d@group-FD2032A2FA14-FollowerState
2022-06-16 16:21:55,686 [6c743a47-4ce0-4970-944e-624fd1e2ad3d@group-FD2032A2FA14-FollowerState] INFO  server.RaftServer$Division (RaftServerImpl.java:setRole(299)) - 6c743a47-4ce0-4970-944e-624fd1e2ad3d@group-FD2032A2FA14: changes role from  FOLLOWER to CANDIDATE at term 1 for changeToCandidate
2022-06-16 16:21:55,686 [6c743a47-4ce0-4970-944e-624fd1e2ad3d@group-FD2032A2FA14-FollowerState] INFO  server.RaftServerConfigKeys (ConfUtils.java:logGet(46)) - raft.server.leaderelection.pre-vote = false (custom)
2022-06-16 16:21:55,686 [6c743a47-4ce0-4970-944e-624fd1e2ad3d@group-FD2032A2FA14-FollowerState] INFO  impl.RoleInfo (RoleInfo.java:updateAndGet(139)) - 6c743a47-4ce0-4970-944e-624fd1e2ad3d: start 6c743a47-4ce0-4970-944e-624fd1e2ad3d@group-FD2032A2FA14-LeaderElection62
2022-06-16 16:21:55,719 [grpc-default-executor-2] INFO  server.RaftServer$Division (RaftServerImpl.java:requestVote(1152)) - 6c743a47-4ce0-4970-944e-624fd1e2ad3d@group-FD2032A2FA14: receive requestVote(ELECTION, 995fc94b-3f8e-410c-9bb6-8c0a727652de, group-FD2032A2FA14, 2, (t:0, i:0))
2022-06-16 16:21:55,719 [grpc-default-executor-2] INFO  impl.VoteContext (VoteContext.java:log(48)) - 6c743a47-4ce0-4970-944e-624fd1e2ad3d@group-FD2032A2FA14-CANDIDATE: reject ELECTION from 995fc94b-3f8e-410c-9bb6-8c0a727652de: our priority 1 > candidate's priority 0
2022-06-16 16:21:55,719 [grpc-default-executor-2] INFO  server.RaftServer$Division (RaftServerImpl.java:setRole(299)) - 6c743a47-4ce0-4970-944e-624fd1e2ad3d@group-FD2032A2FA14: changes role from CANDIDATE to FOLLOWER at term 2 for candidate:995fc94b-3f8e-410c-9bb6-8c0a727652de
2022-06-16 16:21:55,719 [grpc-default-executor-2] INFO  impl.RoleInfo (RoleInfo.java:shutdownLeaderElection(130)) - 6c743a47-4ce0-4970-944e-624fd1e2ad3d: shutdown 6c743a47-4ce0-4970-944e-624fd1e2ad3d@group-FD2032A2FA14-LeaderElection62
2022-06-16 16:21:55,719 [grpc-default-executor-2] INFO  impl.RoleInfo (RoleInfo.java:updateAndGet(139)) - 6c743a47-4ce0-4970-944e-624fd1e2ad3d: start 6c743a47-4ce0-4970-944e-624fd1e2ad3d@group-FD2032A2FA14-FollowerState
2022-06-16 16:21:55,746 [6c743a47-4ce0-4970-944e-624fd1e2ad3d@group-FD2032A2FA14-LeaderElection62] INFO  impl.LeaderElection (LeaderElection.java:run(231)) - 6c743a47-4ce0-4970-944e-624fd1e2ad3d@group-FD2032A2FA14-LeaderElection62: skip running since this is already CLOSING
2022-06-16 16:21:55,747 [grpc-default-executor-4] INFO  server.RaftServer$Division (RaftServerImpl.java:requestVote(1152)) - cbc12831-31a5-4f31-a046-b81d852f61de@group-FD2032A2FA14: receive requestVote(ELECTION, 995fc94b-3f8e-410c-9bb6-8c0a727652de, group-FD2032A2FA14, 2, (t:0, i:0))
2022-06-16 16:21:55,747 [grpc-default-executor-4] INFO  impl.VoteContext (VoteContext.java:log(48)) - cbc12831-31a5-4f31-a046-b81d852f61de@group-FD2032A2FA14-FOLLOWER: accept ELECTION from 995fc94b-3f8e-410c-9bb6-8c0a727652de: our priority 0 <= candidate's priority 0
2022-06-16 16:21:55,747 [grpc-default-executor-4] INFO  server.RaftServer$Division (RaftServerImpl.java:setRole(299)) - cbc12831-31a5-4f31-a046-b81d852f61de@group-FD2032A2FA14: changes role from  FOLLOWER to FOLLOWER at term 2 for candidate:995fc94b-3f8e-410c-9bb6-8c0a727652de
2022-06-16 16:21:55,747 [grpc-default-executor-4] INFO  impl.RoleInfo (RoleInfo.java:shutdownFollowerState(110)) - cbc12831-31a5-4f31-a046-b81d852f61de: shutdown cbc12831-31a5-4f31-a046-b81d852f61de@group-FD2032A2FA14-FollowerState
2022-06-16 16:21:55,747 [grpc-default-executor-4] INFO  impl.RoleInfo (RoleInfo.java:updateAndGet(139)) - cbc12831-31a5-4f31-a046-b81d852f61de: start cbc12831-31a5-4f31-a046-b81d852f61de@group-FD2032A2FA14-FollowerState
2022-06-16 16:21:55,748 [cbc12831-31a5-4f31-a046-b81d852f61de@group-FD2032A2FA14-FollowerState] INFO  impl.FollowerState (FollowerState.java:run(152)) - cbc12831-31a5-4f31-a046-b81d852f61de@group-FD2032A2FA14-FollowerState was interrupted
2022-06-16 16:21:55,749 [grpc-default-executor-4] INFO  server.RaftServer$Division (RaftServerImpl.java:requestVote(1184)) - cbc12831-31a5-4f31-a046-b81d852f61de@group-FD2032A2FA14 replies to ELECTION vote request: 995fc94b-3f8e-410c-9bb6-8c0a727652de<-cbc12831-31a5-4f31-a046-b81d852f61de#0:OK-t2. Peer's state: cbc12831-31a5-4f31-a046-b81d852f61de@group-FD2032A2FA14:t2, leader=null, voted=995fc94b-3f8e-410c-9bb6-8c0a727652de, raftlog=cbc12831-31a5-4f31-a046-b81d852f61de@group-FD2032A2FA14-SegmentedRaftLog:OPENED:c-1, conf=-1: [995fc94b-3f8e-410c-9bb6-8c0a727652de|rpc:10.1.0.16:43709|priority:0, cbc12831-31a5-4f31-a046-b81d852f61de|rpc:10.1.0.16:42913|priority:0, 6c743a47-4ce0-4970-944e-624fd1e2ad3d|rpc:10.1.0.16:44833|priority:1], old=null
2022-06-16 16:21:55,750 [grpc-default-executor-2] INFO  server.RaftServer$Division (RaftServerImpl.java:requestVote(1184)) - 6c743a47-4ce0-4970-944e-624fd1e2ad3d@group-FD2032A2FA14 replies to ELECTION vote request: 995fc94b-3f8e-410c-9bb6-8c0a727652de<-6c743a47-4ce0-4970-944e-624fd1e2ad3d#0:FAIL-t2. Peer's state: 6c743a47-4ce0-4970-944e-624fd1e2ad3d@group-FD2032A2FA14:t2, leader=null, voted=null, raftlog=6c743a47-4ce0-4970-944e-624fd1e2ad3d@group-FD2032A2FA14-SegmentedRaftLog:OPENED:c-1, conf=-1: [995fc94b-3f8e-410c-9bb6-8c0a727652de|rpc:10.1.0.16:43709|priority:0, cbc12831-31a5-4f31-a046-b81d852f61de|rpc:10.1.0.16:42913|priority:0, 6c743a47-4ce0-4970-944e-624fd1e2ad3d|rpc:10.1.0.16:44833|priority:1], old=null
2022-06-16 16:21:55,758 [995fc94b-3f8e-410c-9bb6-8c0a727652de@group-FD2032A2FA14-LeaderElection61] INFO  impl.LeaderElection (LeaderElection.java:logAndReturn(90)) - 995fc94b-3f8e-410c-9bb6-8c0a727652de@group-FD2032A2FA14-LeaderElection61: ELECTION REJECTED received 2 response(s) and 0 exception(s):
2022-06-16 16:21:55,758 [995fc94b-3f8e-410c-9bb6-8c0a727652de@group-FD2032A2FA14-LeaderElection61] INFO  impl.LeaderElection (LeaderElection.java:logAndReturn(94)) -   Response 0: 995fc94b-3f8e-410c-9bb6-8c0a727652de<-cbc12831-31a5-4f31-a046-b81d852f61de#0:OK-t2
2022-06-16 16:21:55,758 [995fc94b-3f8e-410c-9bb6-8c0a727652de@group-FD2032A2FA14-LeaderElection61] INFO  impl.LeaderElection (LeaderElection.java:logAndReturn(94)) -   Response 1: 995fc94b-3f8e-410c-9bb6-8c0a727652de<-6c743a47-4ce0-4970-944e-624fd1e2ad3d#0:FAIL-t2
2022-06-16 16:21:55,758 [995fc94b-3f8e-410c-9bb6-8c0a727652de@group-FD2032A2FA14-LeaderElection61] INFO  impl.LeaderElection (LeaderElection.java:askForVotes(312)) - 995fc94b-3f8e-410c-9bb6-8c0a727652de@group-FD2032A2FA14-LeaderElection61 ELECTION round 0: result REJECTED
2022-06-16 16:21:55,758 [995fc94b-3f8e-410c-9bb6-8c0a727652de@group-FD2032A2FA14-LeaderElection61] INFO  server.RaftServer$Division (RaftServerImpl.java:setRole(299)) - 995fc94b-3f8e-410c-9bb6-8c0a727652de@group-FD2032A2FA14: changes role from CANDIDATE to FOLLOWER at term 2 for REJECTED
2022-06-16 16:21:55,758 [995fc94b-3f8e-410c-9bb6-8c0a727652de@group-FD2032A2FA14-LeaderElection61] INFO  impl.RoleInfo (RoleInfo.java:shutdownLeaderElection(130)) - 995fc94b-3f8e-410c-9bb6-8c0a727652de: shutdown 995fc94b-3f8e-410c-9bb6-8c0a727652de@group-FD2032A2FA14-LeaderElection61
2022-06-16 16:21:55,758 [995fc94b-3f8e-410c-9bb6-8c0a727652de@group-FD2032A2FA14-LeaderElection61] INFO  impl.RoleInfo (RoleInfo.java:updateAndGet(139)) - 995fc94b-3f8e-410c-9bb6-8c0a727652de: start 995fc94b-3f8e-410c-9bb6-8c0a727652de@group-FD2032A2FA14-FollowerState
2022-06-16 16:21:56,355 [Listener at 127.0.0.1/33505] INFO  ozone.MiniOzoneClusterImpl (MiniOzoneClusterImpl.java:lambda$waitForClusterToBeReady$0(221)) - Nodes are ready. Got 5 of 5 DN Heartbeats.
2022-06-16 16:21:56,355 [Listener at 127.0.0.1/33505] INFO  ozone.MiniOzoneClusterImpl (MiniOzoneClusterImpl.java:lambda$waitForClusterToBeReady$0(224)) - Waiting for cluster to exit safe mode
2022-06-16 16:21:56,355 [Listener at 127.0.0.1/33505] INFO  ozone.MiniOzoneClusterImpl (MiniOzoneClusterImpl.java:lambda$waitForClusterToBeReady$0(226)) - SCM became leader
2022-06-16 16:21:57,356 [Listener at 127.0.0.1/33505] INFO  ozone.MiniOzoneClusterImpl (MiniOzoneClusterImpl.java:lambda$waitForClusterToBeReady$0(221)) - Nodes are ready. Got 5 of 5 DN Heartbeats.
2022-06-16 16:21:57,356 [Listener at 127.0.0.1/33505] INFO  ozone.MiniOzoneClusterImpl (MiniOzoneClusterImpl.java:lambda$waitForClusterToBeReady$0(224)) - Waiting for cluster to exit safe mode
2022-06-16 16:21:57,356 [Listener at 127.0.0.1/33505] INFO  ozone.MiniOzoneClusterImpl (MiniOzoneClusterImpl.java:lambda$waitForClusterToBeReady$0(226)) - SCM became leader
2022-06-16 16:21:58,356 [Listener at 127.0.0.1/33505] INFO  ozone.MiniOzoneClusterImpl (MiniOzoneClusterImpl.java:lambda$waitForClusterToBeReady$0(221)) - Nodes are ready. Got 5 of 5 DN Heartbeats.
2022-06-16 16:21:58,356 [Listener at 127.0.0.1/33505] INFO  ozone.MiniOzoneClusterImpl (MiniOzoneClusterImpl.java:lambda$waitForClusterToBeReady$0(224)) - Waiting for cluster to exit safe mode
2022-06-16 16:21:58,356 [Listener at 127.0.0.1/33505] INFO  ozone.MiniOzoneClusterImpl (MiniOzoneClusterImpl.java:lambda$waitForClusterToBeReady$0(226)) - SCM became leader
2022-06-16 16:21:59,356 [Listener at 127.0.0.1/33505] INFO  ozone.MiniOzoneClusterImpl (MiniOzoneClusterImpl.java:lambda$waitForClusterToBeReady$0(221)) - Nodes are ready. Got 5 of 5 DN Heartbeats.
2022-06-16 16:21:59,357 [Listener at 127.0.0.1/33505] INFO  ozone.MiniOzoneClusterImpl (MiniOzoneClusterImpl.java:lambda$waitForClusterToBeReady$0(224)) - Waiting for cluster to exit safe mode
2022-06-16 16:21:59,357 [Listener at 127.0.0.1/33505] INFO  ozone.MiniOzoneClusterImpl (MiniOzoneClusterImpl.java:lambda$waitForClusterToBeReady$0(226)) - SCM became leader
2022-06-16 16:22:00,357 [Listener at 127.0.0.1/33505] INFO  ozone.MiniOzoneClusterImpl (MiniOzoneClusterImpl.java:lambda$waitForClusterToBeReady$0(221)) - Nodes are ready. Got 5 of 5 DN Heartbeats.
2022-06-16 16:22:00,357 [Listener at 127.0.0.1/33505] INFO  ozone.MiniOzoneClusterImpl (MiniOzoneClusterImpl.java:lambda$waitForClusterToBeReady$0(224)) - Waiting for cluster to exit safe mode
2022-06-16 16:22:00,357 [Listener at 127.0.0.1/33505] INFO  ozone.MiniOzoneClusterImpl (MiniOzoneClusterImpl.java:lambda$waitForClusterToBeReady$0(226)) - SCM became leader
2022-06-16 16:22:00,516 [6c743a47-4ce0-4970-944e-624fd1e2ad3d@group-D5DCD881B8EA-FollowerState] INFO  impl.FollowerState (FollowerState.java:run(143)) - 6c743a47-4ce0-4970-944e-624fd1e2ad3d@group-D5DCD881B8EA-FollowerState: change to CANDIDATE, lastRpcElapsedTime:5060123992ns, electionTimeout:5046ms
2022-06-16 16:22:00,516 [6c743a47-4ce0-4970-944e-624fd1e2ad3d@group-D5DCD881B8EA-FollowerState] INFO  impl.RoleInfo (RoleInfo.java:shutdownFollowerState(110)) - 6c743a47-4ce0-4970-944e-624fd1e2ad3d: shutdown 6c743a47-4ce0-4970-944e-624fd1e2ad3d@group-D5DCD881B8EA-FollowerState
2022-06-16 16:22:00,516 [6c743a47-4ce0-4970-944e-624fd1e2ad3d@group-D5DCD881B8EA-FollowerState] INFO  server.RaftServer$Division (RaftServerImpl.java:setRole(299)) - 6c743a47-4ce0-4970-944e-624fd1e2ad3d@group-D5DCD881B8EA: changes role from  FOLLOWER to CANDIDATE at term 2 for changeToCandidate
2022-06-16 16:22:00,516 [6c743a47-4ce0-4970-944e-624fd1e2ad3d@group-D5DCD881B8EA-FollowerState] INFO  server.RaftServerConfigKeys (ConfUtils.java:logGet(46)) - raft.server.leaderelection.pre-vote = false (custom)
2022-06-16 16:22:00,516 [6c743a47-4ce0-4970-944e-624fd1e2ad3d@group-D5DCD881B8EA-FollowerState] INFO  impl.RoleInfo (RoleInfo.java:updateAndGet(139)) - 6c743a47-4ce0-4970-944e-624fd1e2ad3d: start 6c743a47-4ce0-4970-944e-624fd1e2ad3d@group-D5DCD881B8EA-LeaderElection63
2022-06-16 16:22:00,533 [6c743a47-4ce0-4970-944e-624fd1e2ad3d@group-D5DCD881B8EA-LeaderElection63] INFO  impl.LeaderElection (LeaderElection.java:askForVotes(310)) - 6c743a47-4ce0-4970-944e-624fd1e2ad3d@group-D5DCD881B8EA-LeaderElection63 ELECTION round 0: submit vote requests at term 3 for -1: [995fc94b-3f8e-410c-9bb6-8c0a727652de|rpc:10.1.0.16:43709|priority:1, cbc12831-31a5-4f31-a046-b81d852f61de|rpc:10.1.0.16:42913|priority:0, 6c743a47-4ce0-4970-944e-624fd1e2ad3d|rpc:10.1.0.16:44833|priority:0], old=null
2022-06-16 16:22:00,564 [995fc94b-3f8e-410c-9bb6-8c0a727652de@group-D5DCD881B8EA-FollowerState] INFO  impl.FollowerState (FollowerState.java:run(143)) - 995fc94b-3f8e-410c-9bb6-8c0a727652de@group-D5DCD881B8EA-FollowerState: change to CANDIDATE, lastRpcElapsedTime:5028398643ns, electionTimeout:5007ms
2022-06-16 16:22:00,564 [995fc94b-3f8e-410c-9bb6-8c0a727652de@group-D5DCD881B8EA-FollowerState] INFO  impl.RoleInfo (RoleInfo.java:shutdownFollowerState(110)) - 995fc94b-3f8e-410c-9bb6-8c0a727652de: shutdown 995fc94b-3f8e-410c-9bb6-8c0a727652de@group-D5DCD881B8EA-FollowerState
2022-06-16 16:22:00,564 [995fc94b-3f8e-410c-9bb6-8c0a727652de@group-D5DCD881B8EA-FollowerState] INFO  server.RaftServer$Division (RaftServerImpl.java:setRole(299)) - 995fc94b-3f8e-410c-9bb6-8c0a727652de@group-D5DCD881B8EA: changes role from  FOLLOWER to CANDIDATE at term 2 for changeToCandidate
2022-06-16 16:22:00,564 [995fc94b-3f8e-410c-9bb6-8c0a727652de@group-D5DCD881B8EA-FollowerState] INFO  server.RaftServerConfigKeys (ConfUtils.java:logGet(46)) - raft.server.leaderelection.pre-vote = false (custom)
2022-06-16 16:22:00,564 [995fc94b-3f8e-410c-9bb6-8c0a727652de@group-D5DCD881B8EA-FollowerState] INFO  impl.RoleInfo (RoleInfo.java:updateAndGet(139)) - 995fc94b-3f8e-410c-9bb6-8c0a727652de: start 995fc94b-3f8e-410c-9bb6-8c0a727652de@group-D5DCD881B8EA-LeaderElection64
2022-06-16 16:22:00,598 [grpc-default-executor-4] INFO  server.RaftServer$Division (RaftServerImpl.java:requestVote(1152)) - cbc12831-31a5-4f31-a046-b81d852f61de@group-D5DCD881B8EA: receive requestVote(ELECTION, 6c743a47-4ce0-4970-944e-624fd1e2ad3d, group-D5DCD881B8EA, 3, (t:0, i:0))
2022-06-16 16:22:00,598 [grpc-default-executor-4] INFO  impl.VoteContext (VoteContext.java:log(48)) - cbc12831-31a5-4f31-a046-b81d852f61de@group-D5DCD881B8EA-FOLLOWER: accept ELECTION from 6c743a47-4ce0-4970-944e-624fd1e2ad3d: our priority 0 <= candidate's priority 0
2022-06-16 16:22:00,598 [grpc-default-executor-4] INFO  server.RaftServer$Division (RaftServerImpl.java:setRole(299)) - cbc12831-31a5-4f31-a046-b81d852f61de@group-D5DCD881B8EA: changes role from  FOLLOWER to FOLLOWER at term 3 for candidate:6c743a47-4ce0-4970-944e-624fd1e2ad3d
2022-06-16 16:22:00,649 [grpc-default-executor-4] INFO  impl.RoleInfo (RoleInfo.java:shutdownFollowerState(110)) - cbc12831-31a5-4f31-a046-b81d852f61de: shutdown cbc12831-31a5-4f31-a046-b81d852f61de@group-D5DCD881B8EA-FollowerState
2022-06-16 16:22:00,649 [grpc-default-executor-4] INFO  impl.RoleInfo (RoleInfo.java:updateAndGet(139)) - cbc12831-31a5-4f31-a046-b81d852f61de: start cbc12831-31a5-4f31-a046-b81d852f61de@group-D5DCD881B8EA-FollowerState
2022-06-16 16:22:00,649 [grpc-default-executor-2] INFO  server.RaftServer$Division (RaftServerImpl.java:requestVote(1152)) - 995fc94b-3f8e-410c-9bb6-8c0a727652de@group-D5DCD881B8EA: receive requestVote(ELECTION, 6c743a47-4ce0-4970-944e-624fd1e2ad3d, group-D5DCD881B8EA, 3, (t:0, i:0))
2022-06-16 16:22:00,650 [grpc-default-executor-2] INFO  impl.VoteContext (VoteContext.java:log(48)) - 995fc94b-3f8e-410c-9bb6-8c0a727652de@group-D5DCD881B8EA-CANDIDATE: reject ELECTION from 6c743a47-4ce0-4970-944e-624fd1e2ad3d: already has voted for 995fc94b-3f8e-410c-9bb6-8c0a727652de at current term 3
2022-06-16 16:22:00,650 [grpc-default-executor-2] INFO  server.RaftServer$Division (RaftServerImpl.java:requestVote(1184)) - 995fc94b-3f8e-410c-9bb6-8c0a727652de@group-D5DCD881B8EA replies to ELECTION vote request: 6c743a47-4ce0-4970-944e-624fd1e2ad3d<-995fc94b-3f8e-410c-9bb6-8c0a727652de#0:FAIL-t3. Peer's state: 995fc94b-3f8e-410c-9bb6-8c0a727652de@group-D5DCD881B8EA:t3, leader=null, voted=995fc94b-3f8e-410c-9bb6-8c0a727652de, raftlog=995fc94b-3f8e-410c-9bb6-8c0a727652de@group-D5DCD881B8EA-SegmentedRaftLog:OPENED:c-1, conf=-1: [995fc94b-3f8e-410c-9bb6-8c0a727652de|rpc:10.1.0.16:43709|dataStream:|priority:1, cbc12831-31a5-4f31-a046-b81d852f61de|rpc:10.1.0.16:42913|dataStream:|priority:0, 6c743a47-4ce0-4970-944e-624fd1e2ad3d|rpc:10.1.0.16:44833|dataStream:|priority:0], old=null
2022-06-16 16:22:00,649 [995fc94b-3f8e-410c-9bb6-8c0a727652de@group-D5DCD881B8EA-LeaderElection64] INFO  impl.LeaderElection (LeaderElection.java:askForVotes(310)) - 995fc94b-3f8e-410c-9bb6-8c0a727652de@group-D5DCD881B8EA-LeaderElection64 ELECTION round 0: submit vote requests at term 3 for -1: [995fc94b-3f8e-410c-9bb6-8c0a727652de|rpc:10.1.0.16:43709|dataStream:|priority:1, cbc12831-31a5-4f31-a046-b81d852f61de|rpc:10.1.0.16:42913|dataStream:|priority:0, 6c743a47-4ce0-4970-944e-624fd1e2ad3d|rpc:10.1.0.16:44833|dataStream:|priority:0], old=null
2022-06-16 16:22:00,666 [6c743a47-4ce0-4970-944e-624fd1e2ad3d@group-D5DCD881B8EA-LeaderElection63] INFO  impl.LeaderElection (LeaderElection.java:logAndReturn(90)) - 6c743a47-4ce0-4970-944e-624fd1e2ad3d@group-D5DCD881B8EA-LeaderElection63: ELECTION REJECTED received 1 response(s) and 0 exception(s):
2022-06-16 16:22:00,667 [6c743a47-4ce0-4970-944e-624fd1e2ad3d@group-D5DCD881B8EA-LeaderElection63] INFO  impl.LeaderElection (LeaderElection.java:logAndReturn(94)) -   Response 0: 6c743a47-4ce0-4970-944e-624fd1e2ad3d<-995fc94b-3f8e-410c-9bb6-8c0a727652de#0:FAIL-t3
2022-06-16 16:22:00,667 [6c743a47-4ce0-4970-944e-624fd1e2ad3d@group-D5DCD881B8EA-LeaderElection63] INFO  impl.LeaderElection (LeaderElection.java:askForVotes(312)) - 6c743a47-4ce0-4970-944e-624fd1e2ad3d@group-D5DCD881B8EA-LeaderElection63 ELECTION round 0: result REJECTED
2022-06-16 16:22:00,667 [6c743a47-4ce0-4970-944e-624fd1e2ad3d@group-D5DCD881B8EA-LeaderElection63] INFO  server.RaftServer$Division (RaftServerImpl.java:setRole(299)) - 6c743a47-4ce0-4970-944e-624fd1e2ad3d@group-D5DCD881B8EA: changes role from CANDIDATE to FOLLOWER at term 3 for REJECTED
2022-06-16 16:22:00,667 [6c743a47-4ce0-4970-944e-624fd1e2ad3d@group-D5DCD881B8EA-LeaderElection63] INFO  impl.RoleInfo (RoleInfo.java:shutdownLeaderElection(130)) - 6c743a47-4ce0-4970-944e-624fd1e2ad3d: shutdown 6c743a47-4ce0-4970-944e-624fd1e2ad3d@group-D5DCD881B8EA-LeaderElection63
2022-06-16 16:22:00,667 [6c743a47-4ce0-4970-944e-624fd1e2ad3d@group-D5DCD881B8EA-LeaderElection63] INFO  impl.RoleInfo (RoleInfo.java:updateAndGet(139)) - 6c743a47-4ce0-4970-944e-624fd1e2ad3d: start 6c743a47-4ce0-4970-944e-624fd1e2ad3d@group-D5DCD881B8EA-FollowerState
2022-06-16 16:22:00,667 [grpc-default-executor-4] INFO  server.RaftServer$Division (RaftServerImpl.java:requestVote(1184)) - cbc12831-31a5-4f31-a046-b81d852f61de@group-D5DCD881B8EA replies to ELECTION vote request: 6c743a47-4ce0-4970-944e-624fd1e2ad3d<-cbc12831-31a5-4f31-a046-b81d852f61de#0:OK-t3. Peer's state: cbc12831-31a5-4f31-a046-b81d852f61de@group-D5DCD881B8EA:t3, leader=null, voted=6c743a47-4ce0-4970-944e-624fd1e2ad3d, raftlog=cbc12831-31a5-4f31-a046-b81d852f61de@group-D5DCD881B8EA-SegmentedRaftLog:OPENED:c-1, conf=-1: [995fc94b-3f8e-410c-9bb6-8c0a727652de|rpc:10.1.0.16:43709|priority:1, cbc12831-31a5-4f31-a046-b81d852f61de|rpc:10.1.0.16:42913|priority:0, 6c743a47-4ce0-4970-944e-624fd1e2ad3d|rpc:10.1.0.16:44833|priority:0], old=null
2022-06-16 16:22:00,667 [cbc12831-31a5-4f31-a046-b81d852f61de@group-D5DCD881B8EA-FollowerState] INFO  impl.FollowerState (FollowerState.java:shouldRun(117)) - cbc12831-31a5-4f31-a046-b81d852f61de@group-D5DCD881B8EA-FollowerState: Stopping now (isRunning? false, role = FOLLOWER)
2022-06-16 16:22:00,741 [grpc-default-executor-4] INFO  server.RaftServer$Division (RaftServerImpl.java:requestVote(1152)) - cbc12831-31a5-4f31-a046-b81d852f61de@group-D5DCD881B8EA: receive requestVote(ELECTION, 995fc94b-3f8e-410c-9bb6-8c0a727652de, group-D5DCD881B8EA, 3, (t:0, i:0))
2022-06-16 16:22:00,741 [grpc-default-executor-4] INFO  impl.VoteContext (VoteContext.java:log(48)) - cbc12831-31a5-4f31-a046-b81d852f61de@group-D5DCD881B8EA-FOLLOWER: reject ELECTION from 995fc94b-3f8e-410c-9bb6-8c0a727652de: already has voted for 6c743a47-4ce0-4970-944e-624fd1e2ad3d at current term 3
2022-06-16 16:22:00,741 [grpc-default-executor-4] INFO  server.RaftServer$Division (RaftServerImpl.java:requestVote(1184)) - cbc12831-31a5-4f31-a046-b81d852f61de@group-D5DCD881B8EA replies to ELECTION vote request: 995fc94b-3f8e-410c-9bb6-8c0a727652de<-cbc12831-31a5-4f31-a046-b81d852f61de#0:FAIL-t3. Peer's state: cbc12831-31a5-4f31-a046-b81d852f61de@group-D5DCD881B8EA:t3, leader=null, voted=6c743a47-4ce0-4970-944e-624fd1e2ad3d, raftlog=cbc12831-31a5-4f31-a046-b81d852f61de@group-D5DCD881B8EA-SegmentedRaftLog:OPENED:c-1, conf=-1: [995fc94b-3f8e-410c-9bb6-8c0a727652de|rpc:10.1.0.16:43709|priority:1, cbc12831-31a5-4f31-a046-b81d852f61de|rpc:10.1.0.16:42913|priority:0, 6c743a47-4ce0-4970-944e-624fd1e2ad3d|rpc:10.1.0.16:44833|priority:0], old=null
2022-06-16 16:22:00,744 [grpc-default-executor-2] INFO  server.RaftServer$Division (RaftServerImpl.java:requestVote(1152)) - 6c743a47-4ce0-4970-944e-624fd1e2ad3d@group-D5DCD881B8EA: receive requestVote(ELECTION, 995fc94b-3f8e-410c-9bb6-8c0a727652de, group-D5DCD881B8EA, 3, (t:0, i:0))
2022-06-16 16:22:00,744 [grpc-default-executor-2] INFO  impl.VoteContext (VoteContext.java:log(48)) - 6c743a47-4ce0-4970-944e-624fd1e2ad3d@group-D5DCD881B8EA-FOLLOWER: reject ELECTION from 995fc94b-3f8e-410c-9bb6-8c0a727652de: already has voted for 6c743a47-4ce0-4970-944e-624fd1e2ad3d at current term 3
2022-06-16 16:22:00,744 [grpc-default-executor-2] INFO  server.RaftServer$Division (RaftServerImpl.java:requestVote(1184)) - 6c743a47-4ce0-4970-944e-624fd1e2ad3d@group-D5DCD881B8EA replies to ELECTION vote request: 995fc94b-3f8e-410c-9bb6-8c0a727652de<-6c743a47-4ce0-4970-944e-624fd1e2ad3d#0:FAIL-t3. Peer's state: 6c743a47-4ce0-4970-944e-624fd1e2ad3d@group-D5DCD881B8EA:t3, leader=null, voted=6c743a47-4ce0-4970-944e-624fd1e2ad3d, raftlog=6c743a47-4ce0-4970-944e-624fd1e2ad3d@group-D5DCD881B8EA-SegmentedRaftLog:OPENED:c-1, conf=-1: [995fc94b-3f8e-410c-9bb6-8c0a727652de|rpc:10.1.0.16:43709|priority:1, cbc12831-31a5-4f31-a046-b81d852f61de|rpc:10.1.0.16:42913|priority:0, 6c743a47-4ce0-4970-944e-624fd1e2ad3d|rpc:10.1.0.16:44833|priority:0], old=null
2022-06-16 16:22:00,745 [995fc94b-3f8e-410c-9bb6-8c0a727652de@group-D5DCD881B8EA-LeaderElection64] INFO  impl.LeaderElection (LeaderElection.java:logAndReturn(90)) - 995fc94b-3f8e-410c-9bb6-8c0a727652de@group-D5DCD881B8EA-LeaderElection64: ELECTION REJECTED received 2 response(s) and 0 exception(s):
2022-06-16 16:22:00,745 [995fc94b-3f8e-410c-9bb6-8c0a727652de@group-D5DCD881B8EA-LeaderElection64] INFO  impl.LeaderElection (LeaderElection.java:logAndReturn(94)) -   Response 0: 995fc94b-3f8e-410c-9bb6-8c0a727652de<-cbc12831-31a5-4f31-a046-b81d852f61de#0:FAIL-t3
2022-06-16 16:22:00,745 [995fc94b-3f8e-410c-9bb6-8c0a727652de@group-D5DCD881B8EA-LeaderElection64] INFO  impl.LeaderElection (LeaderElection.java:logAndReturn(94)) -   Response 1: 995fc94b-3f8e-410c-9bb6-8c0a727652de<-6c743a47-4ce0-4970-944e-624fd1e2ad3d#0:FAIL-t3
2022-06-16 16:22:00,745 [995fc94b-3f8e-410c-9bb6-8c0a727652de@group-D5DCD881B8EA-LeaderElection64] INFO  impl.LeaderElection (LeaderElection.java:askForVotes(312)) - 995fc94b-3f8e-410c-9bb6-8c0a727652de@group-D5DCD881B8EA-LeaderElection64 ELECTION round 0: result REJECTED
2022-06-16 16:22:00,745 [995fc94b-3f8e-410c-9bb6-8c0a727652de@group-D5DCD881B8EA-LeaderElection64] INFO  server.RaftServer$Division (RaftServerImpl.java:setRole(299)) - 995fc94b-3f8e-410c-9bb6-8c0a727652de@group-D5DCD881B8EA: changes role from CANDIDATE to FOLLOWER at term 3 for REJECTED
2022-06-16 16:22:00,745 [995fc94b-3f8e-410c-9bb6-8c0a727652de@group-D5DCD881B8EA-LeaderElection64] INFO  impl.RoleInfo (RoleInfo.java:shutdownLeaderElection(130)) - 995fc94b-3f8e-410c-9bb6-8c0a727652de: shutdown 995fc94b-3f8e-410c-9bb6-8c0a727652de@group-D5DCD881B8EA-LeaderElection64
2022-06-16 16:22:00,745 [995fc94b-3f8e-410c-9bb6-8c0a727652de@group-D5DCD881B8EA-LeaderElection64] INFO  impl.RoleInfo (RoleInfo.java:updateAndGet(139)) - 995fc94b-3f8e-410c-9bb6-8c0a727652de: start 995fc94b-3f8e-410c-9bb6-8c0a727652de@group-D5DCD881B8EA-FollowerState
2022-06-16 16:22:00,810 [6c743a47-4ce0-4970-944e-624fd1e2ad3d@group-FD2032A2FA14-FollowerState] INFO  impl.FollowerState (FollowerState.java:run(143)) - 6c743a47-4ce0-4970-944e-624fd1e2ad3d@group-FD2032A2FA14-FollowerState: change to CANDIDATE, lastRpcElapsedTime:5090332739ns, electionTimeout:5033ms
2022-06-16 16:22:00,810 [6c743a47-4ce0-4970-944e-624fd1e2ad3d@group-FD2032A2FA14-FollowerState] INFO  impl.RoleInfo (RoleInfo.java:shutdownFollowerState(110)) - 6c743a47-4ce0-4970-944e-624fd1e2ad3d: shutdown 6c743a47-4ce0-4970-944e-624fd1e2ad3d@group-FD2032A2FA14-FollowerState
2022-06-16 16:22:00,810 [6c743a47-4ce0-4970-944e-624fd1e2ad3d@group-FD2032A2FA14-FollowerState] INFO  server.RaftServer$Division (RaftServerImpl.java:setRole(299)) - 6c743a47-4ce0-4970-944e-624fd1e2ad3d@group-FD2032A2FA14: changes role from  FOLLOWER to CANDIDATE at term 2 for changeToCandidate
2022-06-16 16:22:00,810 [6c743a47-4ce0-4970-944e-624fd1e2ad3d@group-FD2032A2FA14-FollowerState] INFO  server.RaftServerConfigKeys (ConfUtils.java:logGet(46)) - raft.server.leaderelection.pre-vote = false (custom)
2022-06-16 16:22:00,810 [6c743a47-4ce0-4970-944e-624fd1e2ad3d@group-FD2032A2FA14-FollowerState] INFO  impl.RoleInfo (RoleInfo.java:updateAndGet(139)) - 6c743a47-4ce0-4970-944e-624fd1e2ad3d: start 6c743a47-4ce0-4970-944e-624fd1e2ad3d@group-FD2032A2FA14-LeaderElection65
2022-06-16 16:22:00,827 [995fc94b-3f8e-410c-9bb6-8c0a727652de@group-FD2032A2FA14-FollowerState] INFO  impl.FollowerState (FollowerState.java:run(143)) - 995fc94b-3f8e-410c-9bb6-8c0a727652de@group-FD2032A2FA14-FollowerState: change to CANDIDATE, lastRpcElapsedTime:5068701006ns, electionTimeout:5067ms
2022-06-16 16:22:00,827 [995fc94b-3f8e-410c-9bb6-8c0a727652de@group-FD2032A2FA14-FollowerState] INFO  impl.RoleInfo (RoleInfo.java:shutdownFollowerState(110)) - 995fc94b-3f8e-410c-9bb6-8c0a727652de: shutdown 995fc94b-3f8e-410c-9bb6-8c0a727652de@group-FD2032A2FA14-FollowerState
2022-06-16 16:22:00,827 [995fc94b-3f8e-410c-9bb6-8c0a727652de@group-FD2032A2FA14-FollowerState] INFO  server.RaftServer$Division (RaftServerImpl.java:setRole(299)) - 995fc94b-3f8e-410c-9bb6-8c0a727652de@group-FD2032A2FA14: changes role from  FOLLOWER to CANDIDATE at term 2 for changeToCandidate
2022-06-16 16:22:00,827 [995fc94b-3f8e-410c-9bb6-8c0a727652de@group-FD2032A2FA14-FollowerState] INFO  server.RaftServerConfigKeys (ConfUtils.java:logGet(46)) - raft.server.leaderelection.pre-vote = false (custom)
2022-06-16 16:22:00,827 [995fc94b-3f8e-410c-9bb6-8c0a727652de@group-FD2032A2FA14-FollowerState] INFO  impl.RoleInfo (RoleInfo.java:updateAndGet(139)) - 995fc94b-3f8e-410c-9bb6-8c0a727652de: start 995fc94b-3f8e-410c-9bb6-8c0a727652de@group-FD2032A2FA14-LeaderElection66
2022-06-16 16:22:00,866 [6c743a47-4ce0-4970-944e-624fd1e2ad3d@group-FD2032A2FA14-LeaderElection65] INFO  impl.LeaderElection (LeaderElection.java:askForVotes(310)) - 6c743a47-4ce0-4970-944e-624fd1e2ad3d@group-FD2032A2FA14-LeaderElection65 ELECTION round 0: submit vote requests at term 3 for -1: [995fc94b-3f8e-410c-9bb6-8c0a727652de|rpc:10.1.0.16:43709|priority:0, cbc12831-31a5-4f31-a046-b81d852f61de|rpc:10.1.0.16:42913|priority:0, 6c743a47-4ce0-4970-944e-624fd1e2ad3d|rpc:10.1.0.16:44833|priority:1], old=null
2022-06-16 16:22:00,903 [995fc94b-3f8e-410c-9bb6-8c0a727652de@group-FD2032A2FA14-LeaderElection66] INFO  impl.LeaderElection (LeaderElection.java:askForVotes(310)) - 995fc94b-3f8e-410c-9bb6-8c0a727652de@group-FD2032A2FA14-LeaderElection66 ELECTION round 0: submit vote requests at term 3 for -1: [995fc94b-3f8e-410c-9bb6-8c0a727652de|rpc:10.1.0.16:43709|dataStream:|priority:0, cbc12831-31a5-4f31-a046-b81d852f61de|rpc:10.1.0.16:42913|dataStream:|priority:0, 6c743a47-4ce0-4970-944e-624fd1e2ad3d|rpc:10.1.0.16:44833|dataStream:|priority:1], old=null
2022-06-16 16:22:00,903 [grpc-default-executor-2] INFO  server.RaftServer$Division (RaftServerImpl.java:requestVote(1152)) - 995fc94b-3f8e-410c-9bb6-8c0a727652de@group-FD2032A2FA14: receive requestVote(ELECTION, 6c743a47-4ce0-4970-944e-624fd1e2ad3d, group-FD2032A2FA14, 3, (t:0, i:0))
2022-06-16 16:22:00,903 [grpc-default-executor-2] INFO  impl.VoteContext (VoteContext.java:log(48)) - 995fc94b-3f8e-410c-9bb6-8c0a727652de@group-FD2032A2FA14-CANDIDATE: reject ELECTION from 6c743a47-4ce0-4970-944e-624fd1e2ad3d: already has voted for 995fc94b-3f8e-410c-9bb6-8c0a727652de at current term 3
2022-06-16 16:22:00,904 [grpc-default-executor-2] INFO  server.RaftServer$Division (RaftServerImpl.java:requestVote(1184)) - 995fc94b-3f8e-410c-9bb6-8c0a727652de@group-FD2032A2FA14 replies to ELECTION vote request: 6c743a47-4ce0-4970-944e-624fd1e2ad3d<-995fc94b-3f8e-410c-9bb6-8c0a727652de#0:FAIL-t3. Peer's state: 995fc94b-3f8e-410c-9bb6-8c0a727652de@group-FD2032A2FA14:t3, leader=null, voted=995fc94b-3f8e-410c-9bb6-8c0a727652de, raftlog=995fc94b-3f8e-410c-9bb6-8c0a727652de@group-FD2032A2FA14-SegmentedRaftLog:OPENED:c-1, conf=-1: [995fc94b-3f8e-410c-9bb6-8c0a727652de|rpc:10.1.0.16:43709|dataStream:|priority:0, cbc12831-31a5-4f31-a046-b81d852f61de|rpc:10.1.0.16:42913|dataStream:|priority:0, 6c743a47-4ce0-4970-944e-624fd1e2ad3d|rpc:10.1.0.16:44833|dataStream:|priority:1], old=null
2022-06-16 16:22:01,014 [grpc-default-executor-4] INFO  server.RaftServer$Division (RaftServerImpl.java:requestVote(1152)) - 6c743a47-4ce0-4970-944e-624fd1e2ad3d@group-FD2032A2FA14: receive requestVote(ELECTION, 995fc94b-3f8e-410c-9bb6-8c0a727652de, group-FD2032A2FA14, 3, (t:0, i:0))
2022-06-16 16:22:01,014 [grpc-default-executor-4] INFO  impl.VoteContext (VoteContext.java:log(48)) - 6c743a47-4ce0-4970-944e-624fd1e2ad3d@group-FD2032A2FA14-CANDIDATE: reject ELECTION from 995fc94b-3f8e-410c-9bb6-8c0a727652de: already has voted for 6c743a47-4ce0-4970-944e-624fd1e2ad3d at current term 3
2022-06-16 16:22:01,014 [grpc-default-executor-4] INFO  server.RaftServer$Division (RaftServerImpl.java:requestVote(1184)) - 6c743a47-4ce0-4970-944e-624fd1e2ad3d@group-FD2032A2FA14 replies to ELECTION vote request: 995fc94b-3f8e-410c-9bb6-8c0a727652de<-6c743a47-4ce0-4970-944e-624fd1e2ad3d#0:FAIL-t3. Peer's state: 6c743a47-4ce0-4970-944e-624fd1e2ad3d@group-FD2032A2FA14:t3, leader=null, voted=6c743a47-4ce0-4970-944e-624fd1e2ad3d, raftlog=6c743a47-4ce0-4970-944e-624fd1e2ad3d@group-FD2032A2FA14-SegmentedRaftLog:OPENED:c-1, conf=-1: [995fc94b-3f8e-410c-9bb6-8c0a727652de|rpc:10.1.0.16:43709|priority:0, cbc12831-31a5-4f31-a046-b81d852f61de|rpc:10.1.0.16:42913|priority:0, 6c743a47-4ce0-4970-944e-624fd1e2ad3d|rpc:10.1.0.16:44833|priority:1], old=null
2022-06-16 16:22:01,027 [grpc-default-executor-4] INFO  server.RaftServer$Division (RaftServerImpl.java:requestVote(1152)) - cbc12831-31a5-4f31-a046-b81d852f61de@group-FD2032A2FA14: receive requestVote(ELECTION, 995fc94b-3f8e-410c-9bb6-8c0a727652de, group-FD2032A2FA14, 3, (t:0, i:0))
2022-06-16 16:22:01,027 [grpc-default-executor-4] INFO  impl.VoteContext (VoteContext.java:log(48)) - cbc12831-31a5-4f31-a046-b81d852f61de@group-FD2032A2FA14-FOLLOWER: accept ELECTION from 995fc94b-3f8e-410c-9bb6-8c0a727652de: our priority 0 <= candidate's priority 0
2022-06-16 16:22:01,027 [grpc-default-executor-4] INFO  server.RaftServer$Division (RaftServerImpl.java:setRole(299)) - cbc12831-31a5-4f31-a046-b81d852f61de@group-FD2032A2FA14: changes role from  FOLLOWER to FOLLOWER at term 3 for candidate:995fc94b-3f8e-410c-9bb6-8c0a727652de
2022-06-16 16:22:01,027 [grpc-default-executor-4] INFO  impl.RoleInfo (RoleInfo.java:shutdownFollowerState(110)) - cbc12831-31a5-4f31-a046-b81d852f61de: shutdown cbc12831-31a5-4f31-a046-b81d852f61de@group-FD2032A2FA14-FollowerState
2022-06-16 16:22:01,027 [grpc-default-executor-4] INFO  impl.RoleInfo (RoleInfo.java:updateAndGet(139)) - cbc12831-31a5-4f31-a046-b81d852f61de: start cbc12831-31a5-4f31-a046-b81d852f61de@group-FD2032A2FA14-FollowerState
2022-06-16 16:22:01,027 [cbc12831-31a5-4f31-a046-b81d852f61de@group-FD2032A2FA14-FollowerState] INFO  impl.FollowerState (FollowerState.java:run(152)) - cbc12831-31a5-4f31-a046-b81d852f61de@group-FD2032A2FA14-FollowerState was interrupted
2022-06-16 16:22:01,034 [grpc-default-executor-4] INFO  server.RaftServer$Division (RaftServerImpl.java:requestVote(1184)) - cbc12831-31a5-4f31-a046-b81d852f61de@group-FD2032A2FA14 replies to ELECTION vote request: 995fc94b-3f8e-410c-9bb6-8c0a727652de<-cbc12831-31a5-4f31-a046-b81d852f61de#0:OK-t3. Peer's state: cbc12831-31a5-4f31-a046-b81d852f61de@group-FD2032A2FA14:t3, leader=null, voted=995fc94b-3f8e-410c-9bb6-8c0a727652de, raftlog=cbc12831-31a5-4f31-a046-b81d852f61de@group-FD2032A2FA14-SegmentedRaftLog:OPENED:c-1, conf=-1: [995fc94b-3f8e-410c-9bb6-8c0a727652de|rpc:10.1.0.16:43709|priority:0, cbc12831-31a5-4f31-a046-b81d852f61de|rpc:10.1.0.16:42913|priority:0, 6c743a47-4ce0-4970-944e-624fd1e2ad3d|rpc:10.1.0.16:44833|priority:1], old=null
2022-06-16 16:22:01,050 [995fc94b-3f8e-410c-9bb6-8c0a727652de@group-FD2032A2FA14-LeaderElection66] INFO  impl.LeaderElection (LeaderElection.java:logAndReturn(90)) - 995fc94b-3f8e-410c-9bb6-8c0a727652de@group-FD2032A2FA14-LeaderElection66: ELECTION REJECTED received 1 response(s) and 0 exception(s):
2022-06-16 16:22:01,051 [995fc94b-3f8e-410c-9bb6-8c0a727652de@group-FD2032A2FA14-LeaderElection66] INFO  impl.LeaderElection (LeaderElection.java:logAndReturn(94)) -   Response 0: 995fc94b-3f8e-410c-9bb6-8c0a727652de<-6c743a47-4ce0-4970-944e-624fd1e2ad3d#0:FAIL-t3
2022-06-16 16:22:01,051 [995fc94b-3f8e-410c-9bb6-8c0a727652de@group-FD2032A2FA14-LeaderElection66] INFO  impl.LeaderElection (LeaderElection.java:askForVotes(312)) - 995fc94b-3f8e-410c-9bb6-8c0a727652de@group-FD2032A2FA14-LeaderElection66 ELECTION round 0: result REJECTED
2022-06-16 16:22:01,051 [995fc94b-3f8e-410c-9bb6-8c0a727652de@group-FD2032A2FA14-LeaderElection66] INFO  server.RaftServer$Division (RaftServerImpl.java:setRole(299)) - 995fc94b-3f8e-410c-9bb6-8c0a727652de@group-FD2032A2FA14: changes role from CANDIDATE to FOLLOWER at term 3 for REJECTED
2022-06-16 16:22:01,051 [995fc94b-3f8e-410c-9bb6-8c0a727652de@group-FD2032A2FA14-LeaderElection66] INFO  impl.RoleInfo (RoleInfo.java:shutdownLeaderElection(130)) - 995fc94b-3f8e-410c-9bb6-8c0a727652de: shutdown 995fc94b-3f8e-410c-9bb6-8c0a727652de@group-FD2032A2FA14-LeaderElection66
2022-06-16 16:22:01,051 [995fc94b-3f8e-410c-9bb6-8c0a727652de@group-FD2032A2FA14-LeaderElection66] INFO  impl.RoleInfo (RoleInfo.java:updateAndGet(139)) - 995fc94b-3f8e-410c-9bb6-8c0a727652de: start 995fc94b-3f8e-410c-9bb6-8c0a727652de@group-FD2032A2FA14-FollowerState
2022-06-16 16:22:01,094 [grpc-default-executor-4] INFO  server.RaftServer$Division (RaftServerImpl.java:requestVote(1152)) - cbc12831-31a5-4f31-a046-b81d852f61de@group-FD2032A2FA14: receive requestVote(ELECTION, 6c743a47-4ce0-4970-944e-624fd1e2ad3d, group-FD2032A2FA14, 3, (t:0, i:0))
2022-06-16 16:22:01,094 [grpc-default-executor-4] INFO  impl.VoteContext (VoteContext.java:log(48)) - cbc12831-31a5-4f31-a046-b81d852f61de@group-FD2032A2FA14-FOLLOWER: reject ELECTION from 6c743a47-4ce0-4970-944e-624fd1e2ad3d: already has voted for 995fc94b-3f8e-410c-9bb6-8c0a727652de at current term 3
2022-06-16 16:22:01,094 [grpc-default-executor-4] INFO  server.RaftServer$Division (RaftServerImpl.java:requestVote(1184)) - cbc12831-31a5-4f31-a046-b81d852f61de@group-FD2032A2FA14 replies to ELECTION vote request: 6c743a47-4ce0-4970-944e-624fd1e2ad3d<-cbc12831-31a5-4f31-a046-b81d852f61de#0:FAIL-t3. Peer's state: cbc12831-31a5-4f31-a046-b81d852f61de@group-FD2032A2FA14:t3, leader=null, voted=995fc94b-3f8e-410c-9bb6-8c0a727652de, raftlog=cbc12831-31a5-4f31-a046-b81d852f61de@group-FD2032A2FA14-SegmentedRaftLog:OPENED:c-1, conf=-1: [995fc94b-3f8e-410c-9bb6-8c0a727652de|rpc:10.1.0.16:43709|priority:0, cbc12831-31a5-4f31-a046-b81d852f61de|rpc:10.1.0.16:42913|priority:0, 6c743a47-4ce0-4970-944e-624fd1e2ad3d|rpc:10.1.0.16:44833|priority:1], old=null
2022-06-16 16:22:01,097 [6c743a47-4ce0-4970-944e-624fd1e2ad3d@group-FD2032A2FA14-LeaderElection65] INFO  impl.LeaderElection (LeaderElection.java:logAndReturn(90)) - 6c743a47-4ce0-4970-944e-624fd1e2ad3d@group-FD2032A2FA14-LeaderElection65: ELECTION REJECTED received 2 response(s) and 0 exception(s):
2022-06-16 16:22:01,097 [6c743a47-4ce0-4970-944e-624fd1e2ad3d@group-FD2032A2FA14-LeaderElection65] INFO  impl.LeaderElection (LeaderElection.java:logAndReturn(94)) -   Response 0: 6c743a47-4ce0-4970-944e-624fd1e2ad3d<-995fc94b-3f8e-410c-9bb6-8c0a727652de#0:FAIL-t3
2022-06-16 16:22:01,097 [6c743a47-4ce0-4970-944e-624fd1e2ad3d@group-FD2032A2FA14-LeaderElection65] INFO  impl.LeaderElection (LeaderElection.java:logAndReturn(94)) -   Response 1: 6c743a47-4ce0-4970-944e-624fd1e2ad3d<-cbc12831-31a5-4f31-a046-b81d852f61de#0:FAIL-t3
2022-06-16 16:22:01,097 [6c743a47-4ce0-4970-944e-624fd1e2ad3d@group-FD2032A2FA14-LeaderElection65] INFO  impl.LeaderElection (LeaderElection.java:askForVotes(312)) - 6c743a47-4ce0-4970-944e-624fd1e2ad3d@group-FD2032A2FA14-LeaderElection65 ELECTION round 0: result REJECTED
2022-06-16 16:22:01,097 [6c743a47-4ce0-4970-944e-624fd1e2ad3d@group-FD2032A2FA14-LeaderElection65] INFO  server.RaftServer$Division (RaftServerImpl.java:setRole(299)) - 6c743a47-4ce0-4970-944e-624fd1e2ad3d@group-FD2032A2FA14: changes role from CANDIDATE to FOLLOWER at term 3 for REJECTED
2022-06-16 16:22:01,097 [6c743a47-4ce0-4970-944e-624fd1e2ad3d@group-FD2032A2FA14-LeaderElection65] INFO  impl.RoleInfo (RoleInfo.java:shutdownLeaderElection(130)) - 6c743a47-4ce0-4970-944e-624fd1e2ad3d: shutdown 6c743a47-4ce0-4970-944e-624fd1e2ad3d@group-FD2032A2FA14-LeaderElection65
2022-06-16 16:22:01,097 [6c743a47-4ce0-4970-944e-624fd1e2ad3d@group-FD2032A2FA14-LeaderElection65] INFO  impl.RoleInfo (RoleInfo.java:updateAndGet(139)) - 6c743a47-4ce0-4970-944e-624fd1e2ad3d: start 6c743a47-4ce0-4970-944e-624fd1e2ad3d@group-FD2032A2FA14-FollowerState
2022-06-16 16:22:01,357 [Listener at 127.0.0.1/33505] INFO  ozone.MiniOzoneClusterImpl (MiniOzoneClusterImpl.java:lambda$waitForClusterToBeReady$0(221)) - Nodes are ready. Got 5 of 5 DN Heartbeats.
2022-06-16 16:22:01,357 [Listener at 127.0.0.1/33505] INFO  ozone.MiniOzoneClusterImpl (MiniOzoneClusterImpl.java:lambda$waitForClusterToBeReady$0(224)) - Waiting for cluster to exit safe mode
2022-06-16 16:22:01,358 [Listener at 127.0.0.1/33505] INFO  ozone.MiniOzoneClusterImpl (MiniOzoneClusterImpl.java:lambda$waitForClusterToBeReady$0(226)) - SCM became leader
2022-06-16 16:22:02,358 [Listener at 127.0.0.1/33505] INFO  ozone.MiniOzoneClusterImpl (MiniOzoneClusterImpl.java:lambda$waitForClusterToBeReady$0(221)) - Nodes are ready. Got 5 of 5 DN Heartbeats.
2022-06-16 16:22:02,358 [Listener at 127.0.0.1/33505] INFO  ozone.MiniOzoneClusterImpl (MiniOzoneClusterImpl.java:lambda$waitForClusterToBeReady$0(224)) - Waiting for cluster to exit safe mode
2022-06-16 16:22:02,358 [Listener at 127.0.0.1/33505] INFO  ozone.MiniOzoneClusterImpl (MiniOzoneClusterImpl.java:lambda$waitForClusterToBeReady$0(226)) - SCM became leader
2022-06-16 16:22:03,362 [Listener at 127.0.0.1/33505] INFO  ozone.MiniOzoneClusterImpl (MiniOzoneClusterImpl.java:lambda$waitForClusterToBeReady$0(221)) - Nodes are ready. Got 5 of 5 DN Heartbeats.
2022-06-16 16:22:03,362 [Listener at 127.0.0.1/33505] INFO  ozone.MiniOzoneClusterImpl (MiniOzoneClusterImpl.java:lambda$waitForClusterToBeReady$0(224)) - Waiting for cluster to exit safe mode
2022-06-16 16:22:03,362 [Listener at 127.0.0.1/33505] INFO  ozone.MiniOzoneClusterImpl (MiniOzoneClusterImpl.java:lambda$waitForClusterToBeReady$0(226)) - SCM became leader
2022-06-16 16:22:04,362 [Listener at 127.0.0.1/33505] INFO  ozone.MiniOzoneClusterImpl (MiniOzoneClusterImpl.java:lambda$waitForClusterToBeReady$0(221)) - Nodes are ready. Got 5 of 5 DN Heartbeats.
2022-06-16 16:22:04,363 [Listener at 127.0.0.1/33505] INFO  ozone.MiniOzoneClusterImpl (MiniOzoneClusterImpl.java:lambda$waitForClusterToBeReady$0(224)) - Waiting for cluster to exit safe mode
2022-06-16 16:22:04,363 [Listener at 127.0.0.1/33505] INFO  ozone.MiniOzoneClusterImpl (MiniOzoneClusterImpl.java:lambda$waitForClusterToBeReady$0(226)) - SCM became leader
2022-06-16 16:22:05,363 [Listener at 127.0.0.1/33505] INFO  ozone.MiniOzoneClusterImpl (MiniOzoneClusterImpl.java:lambda$waitForClusterToBeReady$0(221)) - Nodes are ready. Got 5 of 5 DN Heartbeats.
2022-06-16 16:22:05,363 [Listener at 127.0.0.1/33505] INFO  ozone.MiniOzoneClusterImpl (MiniOzoneClusterImpl.java:lambda$waitForClusterToBeReady$0(224)) - Waiting for cluster to exit safe mode
2022-06-16 16:22:05,363 [Listener at 127.0.0.1/33505] INFO  ozone.MiniOzoneClusterImpl (MiniOzoneClusterImpl.java:lambda$waitForClusterToBeReady$0(226)) - SCM became leader
2022-06-16 16:22:05,873 [6c743a47-4ce0-4970-944e-624fd1e2ad3d@group-D5DCD881B8EA-FollowerState] INFO  impl.FollowerState (FollowerState.java:run(143)) - 6c743a47-4ce0-4970-944e-624fd1e2ad3d@group-D5DCD881B8EA-FollowerState: change to CANDIDATE, lastRpcElapsedTime:5206416929ns, electionTimeout:5199ms
2022-06-16 16:22:05,873 [6c743a47-4ce0-4970-944e-624fd1e2ad3d@group-D5DCD881B8EA-FollowerState] INFO  impl.RoleInfo (RoleInfo.java:shutdownFollowerState(110)) - 6c743a47-4ce0-4970-944e-624fd1e2ad3d: shutdown 6c743a47-4ce0-4970-944e-624fd1e2ad3d@group-D5DCD881B8EA-FollowerState
2022-06-16 16:22:05,873 [6c743a47-4ce0-4970-944e-624fd1e2ad3d@group-D5DCD881B8EA-FollowerState] INFO  server.RaftServer$Division (RaftServerImpl.java:setRole(299)) - 6c743a47-4ce0-4970-944e-624fd1e2ad3d@group-D5DCD881B8EA: changes role from  FOLLOWER to CANDIDATE at term 3 for changeToCandidate
2022-06-16 16:22:05,873 [6c743a47-4ce0-4970-944e-624fd1e2ad3d@group-D5DCD881B8EA-FollowerState] INFO  server.RaftServerConfigKeys (ConfUtils.java:logGet(46)) - raft.server.leaderelection.pre-vote = false (custom)
2022-06-16 16:22:05,873 [6c743a47-4ce0-4970-944e-624fd1e2ad3d@group-D5DCD881B8EA-FollowerState] INFO  impl.RoleInfo (RoleInfo.java:updateAndGet(139)) - 6c743a47-4ce0-4970-944e-624fd1e2ad3d: start 6c743a47-4ce0-4970-944e-624fd1e2ad3d@group-D5DCD881B8EA-LeaderElection67
2022-06-16 16:22:05,920 [6c743a47-4ce0-4970-944e-624fd1e2ad3d@group-D5DCD881B8EA-LeaderElection67] INFO  impl.LeaderElection (LeaderElection.java:askForVotes(310)) - 6c743a47-4ce0-4970-944e-624fd1e2ad3d@group-D5DCD881B8EA-LeaderElection67 ELECTION round 0: submit vote requests at term 4 for -1: [995fc94b-3f8e-410c-9bb6-8c0a727652de|rpc:10.1.0.16:43709|priority:1, cbc12831-31a5-4f31-a046-b81d852f61de|rpc:10.1.0.16:42913|priority:0, 6c743a47-4ce0-4970-944e-624fd1e2ad3d|rpc:10.1.0.16:44833|priority:0], old=null
2022-06-16 16:22:05,970 [995fc94b-3f8e-410c-9bb6-8c0a727652de@group-D5DCD881B8EA-FollowerState] INFO  impl.FollowerState (FollowerState.java:run(143)) - 995fc94b-3f8e-410c-9bb6-8c0a727652de@group-D5DCD881B8EA-FollowerState: change to CANDIDATE, lastRpcElapsedTime:5225500558ns, electionTimeout:5192ms
2022-06-16 16:22:05,970 [995fc94b-3f8e-410c-9bb6-8c0a727652de@group-D5DCD881B8EA-FollowerState] INFO  impl.RoleInfo (RoleInfo.java:shutdownFollowerState(110)) - 995fc94b-3f8e-410c-9bb6-8c0a727652de: shutdown 995fc94b-3f8e-410c-9bb6-8c0a727652de@group-D5DCD881B8EA-FollowerState
2022-06-16 16:22:05,970 [995fc94b-3f8e-410c-9bb6-8c0a727652de@group-D5DCD881B8EA-FollowerState] INFO  server.RaftServer$Division (RaftServerImpl.java:setRole(299)) - 995fc94b-3f8e-410c-9bb6-8c0a727652de@group-D5DCD881B8EA: changes role from  FOLLOWER to CANDIDATE at term 3 for changeToCandidate
2022-06-16 16:22:05,970 [995fc94b-3f8e-410c-9bb6-8c0a727652de@group-D5DCD881B8EA-FollowerState] INFO  server.RaftServerConfigKeys (ConfUtils.java:logGet(46)) - raft.server.leaderelection.pre-vote = false (custom)
2022-06-16 16:22:05,970 [995fc94b-3f8e-410c-9bb6-8c0a727652de@group-D5DCD881B8EA-FollowerState] INFO  impl.RoleInfo (RoleInfo.java:updateAndGet(139)) - 995fc94b-3f8e-410c-9bb6-8c0a727652de: start 995fc94b-3f8e-410c-9bb6-8c0a727652de@group-D5DCD881B8EA-LeaderElection68
2022-06-16 16:22:05,971 [grpc-default-executor-4] INFO  server.RaftServer$Division (RaftServerImpl.java:requestVote(1152)) - cbc12831-31a5-4f31-a046-b81d852f61de@group-D5DCD881B8EA: receive requestVote(ELECTION, 6c743a47-4ce0-4970-944e-624fd1e2ad3d, group-D5DCD881B8EA, 4, (t:0, i:0))
2022-06-16 16:22:05,971 [grpc-default-executor-4] INFO  impl.VoteContext (VoteContext.java:log(48)) - cbc12831-31a5-4f31-a046-b81d852f61de@group-D5DCD881B8EA-FOLLOWER: accept ELECTION from 6c743a47-4ce0-4970-944e-624fd1e2ad3d: our priority 0 <= candidate's priority 0
2022-06-16 16:22:05,971 [grpc-default-executor-4] INFO  server.RaftServer$Division (RaftServerImpl.java:setRole(299)) - cbc12831-31a5-4f31-a046-b81d852f61de@group-D5DCD881B8EA: changes role from  FOLLOWER to FOLLOWER at term 4 for candidate:6c743a47-4ce0-4970-944e-624fd1e2ad3d
2022-06-16 16:22:05,971 [grpc-default-executor-4] INFO  impl.RoleInfo (RoleInfo.java:shutdownFollowerState(110)) - cbc12831-31a5-4f31-a046-b81d852f61de: shutdown cbc12831-31a5-4f31-a046-b81d852f61de@group-D5DCD881B8EA-FollowerState
2022-06-16 16:22:05,992 [grpc-default-executor-2] INFO  server.RaftServer$Division (RaftServerImpl.java:requestVote(1152)) - 995fc94b-3f8e-410c-9bb6-8c0a727652de@group-D5DCD881B8EA: receive requestVote(ELECTION, 6c743a47-4ce0-4970-944e-624fd1e2ad3d, group-D5DCD881B8EA, 4, (t:0, i:0))
2022-06-16 16:22:05,992 [995fc94b-3f8e-410c-9bb6-8c0a727652de@group-D5DCD881B8EA-LeaderElection68] INFO  impl.LeaderElection (LeaderElection.java:askForVotes(310)) - 995fc94b-3f8e-410c-9bb6-8c0a727652de@group-D5DCD881B8EA-LeaderElection68 ELECTION round 0: submit vote requests at term 4 for -1: [995fc94b-3f8e-410c-9bb6-8c0a727652de|rpc:10.1.0.16:43709|dataStream:|priority:1, cbc12831-31a5-4f31-a046-b81d852f61de|rpc:10.1.0.16:42913|dataStream:|priority:0, 6c743a47-4ce0-4970-944e-624fd1e2ad3d|rpc:10.1.0.16:44833|dataStream:|priority:0], old=null
2022-06-16 16:22:05,992 [grpc-default-executor-2] INFO  impl.VoteContext (VoteContext.java:log(48)) - 995fc94b-3f8e-410c-9bb6-8c0a727652de@group-D5DCD881B8EA-CANDIDATE: reject ELECTION from 6c743a47-4ce0-4970-944e-624fd1e2ad3d: already has voted for 995fc94b-3f8e-410c-9bb6-8c0a727652de at current term 4
2022-06-16 16:22:05,993 [grpc-default-executor-2] INFO  server.RaftServer$Division (RaftServerImpl.java:requestVote(1184)) - 995fc94b-3f8e-410c-9bb6-8c0a727652de@group-D5DCD881B8EA replies to ELECTION vote request: 6c743a47-4ce0-4970-944e-624fd1e2ad3d<-995fc94b-3f8e-410c-9bb6-8c0a727652de#0:FAIL-t4. Peer's state: 995fc94b-3f8e-410c-9bb6-8c0a727652de@group-D5DCD881B8EA:t4, leader=null, voted=995fc94b-3f8e-410c-9bb6-8c0a727652de, raftlog=995fc94b-3f8e-410c-9bb6-8c0a727652de@group-D5DCD881B8EA-SegmentedRaftLog:OPENED:c-1, conf=-1: [995fc94b-3f8e-410c-9bb6-8c0a727652de|rpc:10.1.0.16:43709|dataStream:|priority:1, cbc12831-31a5-4f31-a046-b81d852f61de|rpc:10.1.0.16:42913|dataStream:|priority:0, 6c743a47-4ce0-4970-944e-624fd1e2ad3d|rpc:10.1.0.16:44833|dataStream:|priority:0], old=null
2022-06-16 16:22:06,029 [grpc-default-executor-4] INFO  impl.RoleInfo (RoleInfo.java:updateAndGet(139)) - cbc12831-31a5-4f31-a046-b81d852f61de: start cbc12831-31a5-4f31-a046-b81d852f61de@group-D5DCD881B8EA-FollowerState
2022-06-16 16:22:06,029 [cbc12831-31a5-4f31-a046-b81d852f61de@group-D5DCD881B8EA-FollowerState] INFO  impl.FollowerState (FollowerState.java:run(152)) - cbc12831-31a5-4f31-a046-b81d852f61de@group-D5DCD881B8EA-FollowerState was interrupted
2022-06-16 16:22:06,031 [grpc-default-executor-4] INFO  server.RaftServer$Division (RaftServerImpl.java:requestVote(1184)) - cbc12831-31a5-4f31-a046-b81d852f61de@group-D5DCD881B8EA replies to ELECTION vote request: 6c743a47-4ce0-4970-944e-624fd1e2ad3d<-cbc12831-31a5-4f31-a046-b81d852f61de#0:OK-t4. Peer's state: cbc12831-31a5-4f31-a046-b81d852f61de@group-D5DCD881B8EA:t4, leader=null, voted=6c743a47-4ce0-4970-944e-624fd1e2ad3d, raftlog=cbc12831-31a5-4f31-a046-b81d852f61de@group-D5DCD881B8EA-SegmentedRaftLog:OPENED:c-1, conf=-1: [995fc94b-3f8e-410c-9bb6-8c0a727652de|rpc:10.1.0.16:43709|priority:1, cbc12831-31a5-4f31-a046-b81d852f61de|rpc:10.1.0.16:42913|priority:0, 6c743a47-4ce0-4970-944e-624fd1e2ad3d|rpc:10.1.0.16:44833|priority:0], old=null
2022-06-16 16:22:06,078 [6c743a47-4ce0-4970-944e-624fd1e2ad3d@group-D5DCD881B8EA-LeaderElection67] INFO  impl.LeaderElection (LeaderElection.java:logAndReturn(90)) - 6c743a47-4ce0-4970-944e-624fd1e2ad3d@group-D5DCD881B8EA-LeaderElection67: ELECTION REJECTED received 1 response(s) and 0 exception(s):
2022-06-16 16:22:06,078 [6c743a47-4ce0-4970-944e-624fd1e2ad3d@group-D5DCD881B8EA-LeaderElection67] INFO  impl.LeaderElection (LeaderElection.java:logAndReturn(94)) -   Response 0: 6c743a47-4ce0-4970-944e-624fd1e2ad3d<-995fc94b-3f8e-410c-9bb6-8c0a727652de#0:FAIL-t4
2022-06-16 16:22:06,078 [6c743a47-4ce0-4970-944e-624fd1e2ad3d@group-D5DCD881B8EA-LeaderElection67] INFO  impl.LeaderElection (LeaderElection.java:askForVotes(312)) - 6c743a47-4ce0-4970-944e-624fd1e2ad3d@group-D5DCD881B8EA-LeaderElection67 ELECTION round 0: result REJECTED
2022-06-16 16:22:06,078 [6c743a47-4ce0-4970-944e-624fd1e2ad3d@group-D5DCD881B8EA-LeaderElection67] INFO  server.RaftServer$Division (RaftServerImpl.java:setRole(299)) - 6c743a47-4ce0-4970-944e-624fd1e2ad3d@group-D5DCD881B8EA: changes role from CANDIDATE to FOLLOWER at term 4 for REJECTED
2022-06-16 16:22:06,078 [6c743a47-4ce0-4970-944e-624fd1e2ad3d@group-D5DCD881B8EA-LeaderElection67] INFO  impl.RoleInfo (RoleInfo.java:shutdownLeaderElection(130)) - 6c743a47-4ce0-4970-944e-624fd1e2ad3d: shutdown 6c743a47-4ce0-4970-944e-624fd1e2ad3d@group-D5DCD881B8EA-LeaderElection67
2022-06-16 16:22:06,078 [6c743a47-4ce0-4970-944e-624fd1e2ad3d@group-D5DCD881B8EA-LeaderElection67] INFO  impl.RoleInfo (RoleInfo.java:updateAndGet(139)) - 6c743a47-4ce0-4970-944e-624fd1e2ad3d: start 6c743a47-4ce0-4970-944e-624fd1e2ad3d@group-D5DCD881B8EA-FollowerState
2022-06-16 16:22:06,083 [995fc94b-3f8e-410c-9bb6-8c0a727652de@group-FD2032A2FA14-FollowerState] INFO  impl.FollowerState (FollowerState.java:run(143)) - 995fc94b-3f8e-410c-9bb6-8c0a727652de@group-FD2032A2FA14-FollowerState: change to CANDIDATE, lastRpcElapsedTime:5032312061ns, electionTimeout:5032ms
2022-06-16 16:22:06,083 [995fc94b-3f8e-410c-9bb6-8c0a727652de@group-FD2032A2FA14-FollowerState] INFO  impl.RoleInfo (RoleInfo.java:shutdownFollowerState(110)) - 995fc94b-3f8e-410c-9bb6-8c0a727652de: shutdown 995fc94b-3f8e-410c-9bb6-8c0a727652de@group-FD2032A2FA14-FollowerState
2022-06-16 16:22:06,083 [995fc94b-3f8e-410c-9bb6-8c0a727652de@group-FD2032A2FA14-FollowerState] INFO  server.RaftServer$Division (RaftServerImpl.java:setRole(299)) - 995fc94b-3f8e-410c-9bb6-8c0a727652de@group-FD2032A2FA14: changes role from  FOLLOWER to CANDIDATE at term 3 for changeToCandidate
2022-06-16 16:22:06,110 [995fc94b-3f8e-410c-9bb6-8c0a727652de@group-FD2032A2FA14-FollowerState] INFO  server.RaftServerConfigKeys (ConfUtils.java:logGet(46)) - raft.server.leaderelection.pre-vote = false (custom)
2022-06-16 16:22:06,110 [995fc94b-3f8e-410c-9bb6-8c0a727652de@group-FD2032A2FA14-FollowerState] INFO  impl.RoleInfo (RoleInfo.java:updateAndGet(139)) - 995fc94b-3f8e-410c-9bb6-8c0a727652de: start 995fc94b-3f8e-410c-9bb6-8c0a727652de@group-FD2032A2FA14-LeaderElection69
2022-06-16 16:22:06,119 [grpc-default-executor-2] INFO  server.RaftServer$Division (RaftServerImpl.java:requestVote(1152)) - 6c743a47-4ce0-4970-944e-624fd1e2ad3d@group-D5DCD881B8EA: receive requestVote(ELECTION, 995fc94b-3f8e-410c-9bb6-8c0a727652de, group-D5DCD881B8EA, 4, (t:0, i:0))
2022-06-16 16:22:06,119 [grpc-default-executor-2] INFO  impl.VoteContext (VoteContext.java:log(48)) - 6c743a47-4ce0-4970-944e-624fd1e2ad3d@group-D5DCD881B8EA-FOLLOWER: reject ELECTION from 995fc94b-3f8e-410c-9bb6-8c0a727652de: already has voted for 6c743a47-4ce0-4970-944e-624fd1e2ad3d at current term 4
2022-06-16 16:22:06,119 [grpc-default-executor-2] INFO  server.RaftServer$Division (RaftServerImpl.java:requestVote(1184)) - 6c743a47-4ce0-4970-944e-624fd1e2ad3d@group-D5DCD881B8EA replies to ELECTION vote request: 995fc94b-3f8e-410c-9bb6-8c0a727652de<-6c743a47-4ce0-4970-944e-624fd1e2ad3d#0:FAIL-t4. Peer's state: 6c743a47-4ce0-4970-944e-624fd1e2ad3d@group-D5DCD881B8EA:t4, leader=null, voted=6c743a47-4ce0-4970-944e-624fd1e2ad3d, raftlog=6c743a47-4ce0-4970-944e-624fd1e2ad3d@group-D5DCD881B8EA-SegmentedRaftLog:OPENED:c-1, conf=-1: [995fc94b-3f8e-410c-9bb6-8c0a727652de|rpc:10.1.0.16:43709|priority:1, cbc12831-31a5-4f31-a046-b81d852f61de|rpc:10.1.0.16:42913|priority:0, 6c743a47-4ce0-4970-944e-624fd1e2ad3d|rpc:10.1.0.16:44833|priority:0], old=null
2022-06-16 16:22:06,119 [grpc-default-executor-3] INFO  server.RaftServer$Division (RaftServerImpl.java:requestVote(1152)) - cbc12831-31a5-4f31-a046-b81d852f61de@group-D5DCD881B8EA: receive requestVote(ELECTION, 995fc94b-3f8e-410c-9bb6-8c0a727652de, group-D5DCD881B8EA, 4, (t:0, i:0))
2022-06-16 16:22:06,119 [grpc-default-executor-3] INFO  impl.VoteContext (VoteContext.java:log(48)) - cbc12831-31a5-4f31-a046-b81d852f61de@group-D5DCD881B8EA-FOLLOWER: reject ELECTION from 995fc94b-3f8e-410c-9bb6-8c0a727652de: already has voted for 6c743a47-4ce0-4970-944e-624fd1e2ad3d at current term 4
2022-06-16 16:22:06,120 [grpc-default-executor-3] INFO  server.RaftServer$Division (RaftServerImpl.java:requestVote(1184)) - cbc12831-31a5-4f31-a046-b81d852f61de@group-D5DCD881B8EA replies to ELECTION vote request: 995fc94b-3f8e-410c-9bb6-8c0a727652de<-cbc12831-31a5-4f31-a046-b81d852f61de#0:FAIL-t4. Peer's state: cbc12831-31a5-4f31-a046-b81d852f61de@group-D5DCD881B8EA:t4, leader=null, voted=6c743a47-4ce0-4970-944e-624fd1e2ad3d, raftlog=cbc12831-31a5-4f31-a046-b81d852f61de@group-D5DCD881B8EA-SegmentedRaftLog:OPENED:c-1, conf=-1: [995fc94b-3f8e-410c-9bb6-8c0a727652de|rpc:10.1.0.16:43709|priority:1, cbc12831-31a5-4f31-a046-b81d852f61de|rpc:10.1.0.16:42913|priority:0, 6c743a47-4ce0-4970-944e-624fd1e2ad3d|rpc:10.1.0.16:44833|priority:0], old=null
2022-06-16 16:22:06,138 [cbc12831-31a5-4f31-a046-b81d852f61de@group-FD2032A2FA14-FollowerState] INFO  impl.FollowerState (FollowerState.java:run(143)) - cbc12831-31a5-4f31-a046-b81d852f61de@group-FD2032A2FA14-FollowerState: change to CANDIDATE, lastRpcElapsedTime:5103503471ns, electionTimeout:5088ms
2022-06-16 16:22:06,138 [cbc12831-31a5-4f31-a046-b81d852f61de@group-FD2032A2FA14-FollowerState] INFO  impl.RoleInfo (RoleInfo.java:shutdownFollowerState(110)) - cbc12831-31a5-4f31-a046-b81d852f61de: shutdown cbc12831-31a5-4f31-a046-b81d852f61de@group-FD2032A2FA14-FollowerState
2022-06-16 16:22:06,138 [cbc12831-31a5-4f31-a046-b81d852f61de@group-FD2032A2FA14-FollowerState] INFO  server.RaftServer$Division (RaftServerImpl.java:setRole(299)) - cbc12831-31a5-4f31-a046-b81d852f61de@group-FD2032A2FA14: changes role from  FOLLOWER to CANDIDATE at term 3 for changeToCandidate
2022-06-16 16:22:06,138 [cbc12831-31a5-4f31-a046-b81d852f61de@group-FD2032A2FA14-FollowerState] INFO  server.RaftServerConfigKeys (ConfUtils.java:logGet(46)) - raft.server.leaderelection.pre-vote = false (custom)
2022-06-16 16:22:06,138 [cbc12831-31a5-4f31-a046-b81d852f61de@group-FD2032A2FA14-FollowerState] INFO  impl.RoleInfo (RoleInfo.java:updateAndGet(139)) - cbc12831-31a5-4f31-a046-b81d852f61de: start cbc12831-31a5-4f31-a046-b81d852f61de@group-FD2032A2FA14-LeaderElection70
2022-06-16 16:22:06,192 [995fc94b-3f8e-410c-9bb6-8c0a727652de@group-FD2032A2FA14-LeaderElection69] INFO  impl.LeaderElection (LeaderElection.java:askForVotes(310)) - 995fc94b-3f8e-410c-9bb6-8c0a727652de@group-FD2032A2FA14-LeaderElection69 ELECTION round 0: submit vote requests at term 4 for -1: [995fc94b-3f8e-410c-9bb6-8c0a727652de|rpc:10.1.0.16:43709|dataStream:|priority:0, cbc12831-31a5-4f31-a046-b81d852f61de|rpc:10.1.0.16:42913|dataStream:|priority:0, 6c743a47-4ce0-4970-944e-624fd1e2ad3d|rpc:10.1.0.16:44833|dataStream:|priority:1], old=null
2022-06-16 16:22:06,223 [995fc94b-3f8e-410c-9bb6-8c0a727652de@group-D5DCD881B8EA-LeaderElection68] INFO  impl.LeaderElection (LeaderElection.java:logAndReturn(90)) - 995fc94b-3f8e-410c-9bb6-8c0a727652de@group-D5DCD881B8EA-LeaderElection68: ELECTION REJECTED received 2 response(s) and 0 exception(s):
2022-06-16 16:22:06,223 [995fc94b-3f8e-410c-9bb6-8c0a727652de@group-D5DCD881B8EA-LeaderElection68] INFO  impl.LeaderElection (LeaderElection.java:logAndReturn(94)) -   Response 0: 995fc94b-3f8e-410c-9bb6-8c0a727652de<-cbc12831-31a5-4f31-a046-b81d852f61de#0:FAIL-t4
2022-06-16 16:22:06,223 [995fc94b-3f8e-410c-9bb6-8c0a727652de@group-D5DCD881B8EA-LeaderElection68] INFO  impl.LeaderElection (LeaderElection.java:logAndReturn(94)) -   Response 1: 995fc94b-3f8e-410c-9bb6-8c0a727652de<-6c743a47-4ce0-4970-944e-624fd1e2ad3d#0:FAIL-t4
2022-06-16 16:22:06,224 [995fc94b-3f8e-410c-9bb6-8c0a727652de@group-D5DCD881B8EA-LeaderElection68] INFO  impl.LeaderElection (LeaderElection.java:askForVotes(312)) - 995fc94b-3f8e-410c-9bb6-8c0a727652de@group-D5DCD881B8EA-LeaderElection68 ELECTION round 0: result REJECTED
2022-06-16 16:22:06,224 [995fc94b-3f8e-410c-9bb6-8c0a727652de@group-D5DCD881B8EA-LeaderElection68] INFO  server.RaftServer$Division (RaftServerImpl.java:setRole(299)) - 995fc94b-3f8e-410c-9bb6-8c0a727652de@group-D5DCD881B8EA: changes role from CANDIDATE to FOLLOWER at term 4 for REJECTED
2022-06-16 16:22:06,224 [995fc94b-3f8e-410c-9bb6-8c0a727652de@group-D5DCD881B8EA-LeaderElection68] INFO  impl.RoleInfo (RoleInfo.java:shutdownLeaderElection(130)) - 995fc94b-3f8e-410c-9bb6-8c0a727652de: shutdown 995fc94b-3f8e-410c-9bb6-8c0a727652de@group-D5DCD881B8EA-LeaderElection68
2022-06-16 16:22:06,224 [995fc94b-3f8e-410c-9bb6-8c0a727652de@group-D5DCD881B8EA-LeaderElection68] INFO  impl.RoleInfo (RoleInfo.java:updateAndGet(139)) - 995fc94b-3f8e-410c-9bb6-8c0a727652de: start 995fc94b-3f8e-410c-9bb6-8c0a727652de@group-D5DCD881B8EA-FollowerState
2022-06-16 16:22:06,224 [cbc12831-31a5-4f31-a046-b81d852f61de@group-FD2032A2FA14-LeaderElection70] INFO  impl.LeaderElection (LeaderElection.java:askForVotes(310)) - cbc12831-31a5-4f31-a046-b81d852f61de@group-FD2032A2FA14-LeaderElection70 ELECTION round 0: submit vote requests at term 4 for -1: [995fc94b-3f8e-410c-9bb6-8c0a727652de|rpc:10.1.0.16:43709|priority:0, cbc12831-31a5-4f31-a046-b81d852f61de|rpc:10.1.0.16:42913|priority:0, 6c743a47-4ce0-4970-944e-624fd1e2ad3d|rpc:10.1.0.16:44833|priority:1], old=null
2022-06-16 16:22:06,257 [6c743a47-4ce0-4970-944e-624fd1e2ad3d@group-FD2032A2FA14-FollowerState] INFO  impl.FollowerState (FollowerState.java:run(143)) - 6c743a47-4ce0-4970-944e-624fd1e2ad3d@group-FD2032A2FA14-FollowerState: change to CANDIDATE, lastRpcElapsedTime:5159861558ns, electionTimeout:5139ms
2022-06-16 16:22:06,257 [6c743a47-4ce0-4970-944e-624fd1e2ad3d@group-FD2032A2FA14-FollowerState] INFO  impl.RoleInfo (RoleInfo.java:shutdownFollowerState(110)) - 6c743a47-4ce0-4970-944e-624fd1e2ad3d: shutdown 6c743a47-4ce0-4970-944e-624fd1e2ad3d@group-FD2032A2FA14-FollowerState
2022-06-16 16:22:06,257 [6c743a47-4ce0-4970-944e-624fd1e2ad3d@group-FD2032A2FA14-FollowerState] INFO  server.RaftServer$Division (RaftServerImpl.java:setRole(299)) - 6c743a47-4ce0-4970-944e-624fd1e2ad3d@group-FD2032A2FA14: changes role from  FOLLOWER to CANDIDATE at term 3 for changeToCandidate
2022-06-16 16:22:06,262 [6c743a47-4ce0-4970-944e-624fd1e2ad3d@group-FD2032A2FA14-FollowerState] INFO  server.RaftServerConfigKeys (ConfUtils.java:logGet(46)) - raft.server.leaderelection.pre-vote = false (custom)
2022-06-16 16:22:06,262 [6c743a47-4ce0-4970-944e-624fd1e2ad3d@group-FD2032A2FA14-FollowerState] INFO  impl.RoleInfo (RoleInfo.java:updateAndGet(139)) - 6c743a47-4ce0-4970-944e-624fd1e2ad3d: start 6c743a47-4ce0-4970-944e-624fd1e2ad3d@group-FD2032A2FA14-LeaderElection71
2022-06-16 16:22:06,271 [grpc-default-executor-3] INFO  server.RaftServer$Division (RaftServerImpl.java:requestVote(1152)) - cbc12831-31a5-4f31-a046-b81d852f61de@group-FD2032A2FA14: receive requestVote(ELECTION, 995fc94b-3f8e-410c-9bb6-8c0a727652de, group-FD2032A2FA14, 4, (t:0, i:0))
2022-06-16 16:22:06,271 [grpc-default-executor-3] INFO  impl.VoteContext (VoteContext.java:log(48)) - cbc12831-31a5-4f31-a046-b81d852f61de@group-FD2032A2FA14-CANDIDATE: reject ELECTION from 995fc94b-3f8e-410c-9bb6-8c0a727652de: already has voted for cbc12831-31a5-4f31-a046-b81d852f61de at current term 4
2022-06-16 16:22:06,271 [grpc-default-executor-3] INFO  server.RaftServer$Division (RaftServerImpl.java:requestVote(1184)) - cbc12831-31a5-4f31-a046-b81d852f61de@group-FD2032A2FA14 replies to ELECTION vote request: 995fc94b-3f8e-410c-9bb6-8c0a727652de<-cbc12831-31a5-4f31-a046-b81d852f61de#0:FAIL-t4. Peer's state: cbc12831-31a5-4f31-a046-b81d852f61de@group-FD2032A2FA14:t4, leader=null, voted=cbc12831-31a5-4f31-a046-b81d852f61de, raftlog=cbc12831-31a5-4f31-a046-b81d852f61de@group-FD2032A2FA14-SegmentedRaftLog:OPENED:c-1, conf=-1: [995fc94b-3f8e-410c-9bb6-8c0a727652de|rpc:10.1.0.16:43709|priority:0, cbc12831-31a5-4f31-a046-b81d852f61de|rpc:10.1.0.16:42913|priority:0, 6c743a47-4ce0-4970-944e-624fd1e2ad3d|rpc:10.1.0.16:44833|priority:1], old=null
2022-06-16 16:22:06,271 [grpc-default-executor-2] INFO  server.RaftServer$Division (RaftServerImpl.java:requestVote(1152)) - 6c743a47-4ce0-4970-944e-624fd1e2ad3d@group-FD2032A2FA14: receive requestVote(ELECTION, 995fc94b-3f8e-410c-9bb6-8c0a727652de, group-FD2032A2FA14, 4, (t:0, i:0))
2022-06-16 16:22:06,271 [grpc-default-executor-2] INFO  impl.VoteContext (VoteContext.java:log(48)) - 6c743a47-4ce0-4970-944e-624fd1e2ad3d@group-FD2032A2FA14-CANDIDATE: reject ELECTION from 995fc94b-3f8e-410c-9bb6-8c0a727652de: our priority 1 > candidate's priority 0
2022-06-16 16:22:06,271 [grpc-default-executor-2] INFO  server.RaftServer$Division (RaftServerImpl.java:setRole(299)) - 6c743a47-4ce0-4970-944e-624fd1e2ad3d@group-FD2032A2FA14: changes role from CANDIDATE to FOLLOWER at term 4 for candidate:995fc94b-3f8e-410c-9bb6-8c0a727652de
2022-06-16 16:22:06,271 [grpc-default-executor-2] INFO  impl.RoleInfo (RoleInfo.java:shutdownLeaderElection(130)) - 6c743a47-4ce0-4970-944e-624fd1e2ad3d: shutdown 6c743a47-4ce0-4970-944e-624fd1e2ad3d@group-FD2032A2FA14-LeaderElection71
2022-06-16 16:22:06,272 [grpc-default-executor-2] INFO  impl.RoleInfo (RoleInfo.java:updateAndGet(139)) - 6c743a47-4ce0-4970-944e-624fd1e2ad3d: start 6c743a47-4ce0-4970-944e-624fd1e2ad3d@group-FD2032A2FA14-FollowerState
2022-06-16 16:22:06,277 [grpc-default-executor-2] INFO  server.RaftServer$Division (RaftServerImpl.java:requestVote(1184)) - 6c743a47-4ce0-4970-944e-624fd1e2ad3d@group-FD2032A2FA14 replies to ELECTION vote request: 995fc94b-3f8e-410c-9bb6-8c0a727652de<-6c743a47-4ce0-4970-944e-624fd1e2ad3d#0:FAIL-t4. Peer's state: 6c743a47-4ce0-4970-944e-624fd1e2ad3d@group-FD2032A2FA14:t4, leader=null, voted=null, raftlog=6c743a47-4ce0-4970-944e-624fd1e2ad3d@group-FD2032A2FA14-SegmentedRaftLog:OPENED:c-1, conf=-1: [995fc94b-3f8e-410c-9bb6-8c0a727652de|rpc:10.1.0.16:43709|priority:0, cbc12831-31a5-4f31-a046-b81d852f61de|rpc:10.1.0.16:42913|priority:0, 6c743a47-4ce0-4970-944e-624fd1e2ad3d|rpc:10.1.0.16:44833|priority:1], old=null
2022-06-16 16:22:06,298 [6c743a47-4ce0-4970-944e-624fd1e2ad3d@group-FD2032A2FA14-LeaderElection71] INFO  impl.LeaderElection (LeaderElection.java:run(231)) - 6c743a47-4ce0-4970-944e-624fd1e2ad3d@group-FD2032A2FA14-LeaderElection71: skip running since this is already CLOSING
2022-06-16 16:22:06,311 [995fc94b-3f8e-410c-9bb6-8c0a727652de@group-FD2032A2FA14-LeaderElection69] INFO  impl.LeaderElection (LeaderElection.java:logAndReturn(90)) - 995fc94b-3f8e-410c-9bb6-8c0a727652de@group-FD2032A2FA14-LeaderElection69: ELECTION REJECTED received 2 response(s) and 0 exception(s):
2022-06-16 16:22:06,311 [grpc-default-executor-3] INFO  server.RaftServer$Division (RaftServerImpl.java:requestVote(1152)) - 995fc94b-3f8e-410c-9bb6-8c0a727652de@group-FD2032A2FA14: receive requestVote(ELECTION, cbc12831-31a5-4f31-a046-b81d852f61de, group-FD2032A2FA14, 4, (t:0, i:0))
2022-06-16 16:22:06,311 [grpc-default-executor-3] INFO  impl.VoteContext (VoteContext.java:log(48)) - 995fc94b-3f8e-410c-9bb6-8c0a727652de@group-FD2032A2FA14-CANDIDATE: reject ELECTION from cbc12831-31a5-4f31-a046-b81d852f61de: already has voted for 995fc94b-3f8e-410c-9bb6-8c0a727652de at current term 4
2022-06-16 16:22:06,311 [grpc-default-executor-3] INFO  server.RaftServer$Division (RaftServerImpl.java:requestVote(1184)) - 995fc94b-3f8e-410c-9bb6-8c0a727652de@group-FD2032A2FA14 replies to ELECTION vote request: cbc12831-31a5-4f31-a046-b81d852f61de<-995fc94b-3f8e-410c-9bb6-8c0a727652de#0:FAIL-t4. Peer's state: 995fc94b-3f8e-410c-9bb6-8c0a727652de@group-FD2032A2FA14:t4, leader=null, voted=995fc94b-3f8e-410c-9bb6-8c0a727652de, raftlog=995fc94b-3f8e-410c-9bb6-8c0a727652de@group-FD2032A2FA14-SegmentedRaftLog:OPENED:c-1, conf=-1: [995fc94b-3f8e-410c-9bb6-8c0a727652de|rpc:10.1.0.16:43709|dataStream:|priority:0, cbc12831-31a5-4f31-a046-b81d852f61de|rpc:10.1.0.16:42913|dataStream:|priority:0, 6c743a47-4ce0-4970-944e-624fd1e2ad3d|rpc:10.1.0.16:44833|dataStream:|priority:1], old=null
2022-06-16 16:22:06,311 [grpc-default-executor-4] INFO  server.RaftServer$Division (RaftServerImpl.java:requestVote(1152)) - 6c743a47-4ce0-4970-944e-624fd1e2ad3d@group-FD2032A2FA14: receive requestVote(ELECTION, cbc12831-31a5-4f31-a046-b81d852f61de, group-FD2032A2FA14, 4, (t:0, i:0))
2022-06-16 16:22:06,311 [grpc-default-executor-4] INFO  impl.VoteContext (VoteContext.java:log(48)) - 6c743a47-4ce0-4970-944e-624fd1e2ad3d@group-FD2032A2FA14-FOLLOWER: reject ELECTION from cbc12831-31a5-4f31-a046-b81d852f61de: our priority 1 > candidate's priority 0
2022-06-16 16:22:06,311 [grpc-default-executor-4] INFO  server.RaftServer$Division (RaftServerImpl.java:setRole(299)) - 6c743a47-4ce0-4970-944e-624fd1e2ad3d@group-FD2032A2FA14: changes role from  FOLLOWER to FOLLOWER at term 4 for candidate:cbc12831-31a5-4f31-a046-b81d852f61de
2022-06-16 16:22:06,311 [grpc-default-executor-4] INFO  impl.RoleInfo (RoleInfo.java:shutdownFollowerState(110)) - 6c743a47-4ce0-4970-944e-624fd1e2ad3d: shutdown 6c743a47-4ce0-4970-944e-624fd1e2ad3d@group-FD2032A2FA14-FollowerState
2022-06-16 16:22:06,312 [grpc-default-executor-4] INFO  impl.RoleInfo (RoleInfo.java:updateAndGet(139)) - 6c743a47-4ce0-4970-944e-624fd1e2ad3d: start 6c743a47-4ce0-4970-944e-624fd1e2ad3d@group-FD2032A2FA14-FollowerState
2022-06-16 16:22:06,311 [995fc94b-3f8e-410c-9bb6-8c0a727652de@group-FD2032A2FA14-LeaderElection69] INFO  impl.LeaderElection (LeaderElection.java:logAndReturn(94)) -   Response 0: 995fc94b-3f8e-410c-9bb6-8c0a727652de<-cbc12831-31a5-4f31-a046-b81d852f61de#0:FAIL-t4
2022-06-16 16:22:06,312 [995fc94b-3f8e-410c-9bb6-8c0a727652de@group-FD2032A2FA14-LeaderElection69] INFO  impl.LeaderElection (LeaderElection.java:logAndReturn(94)) -   Response 1: 995fc94b-3f8e-410c-9bb6-8c0a727652de<-6c743a47-4ce0-4970-944e-624fd1e2ad3d#0:FAIL-t4
2022-06-16 16:22:06,314 [6c743a47-4ce0-4970-944e-624fd1e2ad3d@group-FD2032A2FA14-FollowerState] INFO  impl.FollowerState (FollowerState.java:run(152)) - 6c743a47-4ce0-4970-944e-624fd1e2ad3d@group-FD2032A2FA14-FollowerState was interrupted
2022-06-16 16:22:06,314 [grpc-default-executor-4] INFO  server.RaftServer$Division (RaftServerImpl.java:requestVote(1184)) - 6c743a47-4ce0-4970-944e-624fd1e2ad3d@group-FD2032A2FA14 replies to ELECTION vote request: cbc12831-31a5-4f31-a046-b81d852f61de<-6c743a47-4ce0-4970-944e-624fd1e2ad3d#0:FAIL-t4. Peer's state: 6c743a47-4ce0-4970-944e-624fd1e2ad3d@group-FD2032A2FA14:t4, leader=null, voted=null, raftlog=6c743a47-4ce0-4970-944e-624fd1e2ad3d@group-FD2032A2FA14-SegmentedRaftLog:OPENED:c-1, conf=-1: [995fc94b-3f8e-410c-9bb6-8c0a727652de|rpc:10.1.0.16:43709|priority:0, cbc12831-31a5-4f31-a046-b81d852f61de|rpc:10.1.0.16:42913|priority:0, 6c743a47-4ce0-4970-944e-624fd1e2ad3d|rpc:10.1.0.16:44833|priority:1], old=null
2022-06-16 16:22:06,339 [995fc94b-3f8e-410c-9bb6-8c0a727652de@group-FD2032A2FA14-LeaderElection69] INFO  impl.LeaderElection (LeaderElection.java:askForVotes(312)) - 995fc94b-3f8e-410c-9bb6-8c0a727652de@group-FD2032A2FA14-LeaderElection69 ELECTION round 0: result REJECTED
2022-06-16 16:22:06,339 [995fc94b-3f8e-410c-9bb6-8c0a727652de@group-FD2032A2FA14-LeaderElection69] INFO  server.RaftServer$Division (RaftServerImpl.java:setRole(299)) - 995fc94b-3f8e-410c-9bb6-8c0a727652de@group-FD2032A2FA14: changes role from CANDIDATE to FOLLOWER at term 4 for REJECTED
2022-06-16 16:22:06,339 [995fc94b-3f8e-410c-9bb6-8c0a727652de@group-FD2032A2FA14-LeaderElection69] INFO  impl.RoleInfo (RoleInfo.java:shutdownLeaderElection(130)) - 995fc94b-3f8e-410c-9bb6-8c0a727652de: shutdown 995fc94b-3f8e-410c-9bb6-8c0a727652de@group-FD2032A2FA14-LeaderElection69
2022-06-16 16:22:06,339 [995fc94b-3f8e-410c-9bb6-8c0a727652de@group-FD2032A2FA14-LeaderElection69] INFO  impl.RoleInfo (RoleInfo.java:updateAndGet(139)) - 995fc94b-3f8e-410c-9bb6-8c0a727652de: start 995fc94b-3f8e-410c-9bb6-8c0a727652de@group-FD2032A2FA14-FollowerState
2022-06-16 16:22:06,340 [cbc12831-31a5-4f31-a046-b81d852f61de@group-FD2032A2FA14-LeaderElection70] INFO  impl.LeaderElection (LeaderElection.java:logAndReturn(90)) - cbc12831-31a5-4f31-a046-b81d852f61de@group-FD2032A2FA14-LeaderElection70: ELECTION REJECTED received 2 response(s) and 0 exception(s):
2022-06-16 16:22:06,340 [cbc12831-31a5-4f31-a046-b81d852f61de@group-FD2032A2FA14-LeaderElection70] INFO  impl.LeaderElection (LeaderElection.java:logAndReturn(94)) -   Response 0: cbc12831-31a5-4f31-a046-b81d852f61de<-995fc94b-3f8e-410c-9bb6-8c0a727652de#0:FAIL-t4
2022-06-16 16:22:06,340 [cbc12831-31a5-4f31-a046-b81d852f61de@group-FD2032A2FA14-LeaderElection70] INFO  impl.LeaderElection (LeaderElection.java:logAndReturn(94)) -   Response 1: cbc12831-31a5-4f31-a046-b81d852f61de<-6c743a47-4ce0-4970-944e-624fd1e2ad3d#0:FAIL-t4
2022-06-16 16:22:06,363 [Listener at 127.0.0.1/33505] INFO  ozone.MiniOzoneClusterImpl (MiniOzoneClusterImpl.java:lambda$waitForClusterToBeReady$0(221)) - Nodes are ready. Got 5 of 5 DN Heartbeats.
2022-06-16 16:22:06,363 [Listener at 127.0.0.1/33505] INFO  ozone.MiniOzoneClusterImpl (MiniOzoneClusterImpl.java:lambda$waitForClusterToBeReady$0(224)) - Waiting for cluster to exit safe mode
2022-06-16 16:22:06,363 [Listener at 127.0.0.1/33505] INFO  ozone.MiniOzoneClusterImpl (MiniOzoneClusterImpl.java:lambda$waitForClusterToBeReady$0(226)) - SCM became leader
2022-06-16 16:22:06,365 [cbc12831-31a5-4f31-a046-b81d852f61de@group-FD2032A2FA14-LeaderElection70] INFO  impl.LeaderElection (LeaderElection.java:askForVotes(312)) - cbc12831-31a5-4f31-a046-b81d852f61de@group-FD2032A2FA14-LeaderElection70 ELECTION round 0: result REJECTED
2022-06-16 16:22:06,365 [cbc12831-31a5-4f31-a046-b81d852f61de@group-FD2032A2FA14-LeaderElection70] INFO  server.RaftServer$Division (RaftServerImpl.java:setRole(299)) - cbc12831-31a5-4f31-a046-b81d852f61de@group-FD2032A2FA14: changes role from CANDIDATE to FOLLOWER at term 4 for REJECTED
2022-06-16 16:22:06,365 [cbc12831-31a5-4f31-a046-b81d852f61de@group-FD2032A2FA14-LeaderElection70] INFO  impl.RoleInfo (RoleInfo.java:shutdownLeaderElection(130)) - cbc12831-31a5-4f31-a046-b81d852f61de: shutdown cbc12831-31a5-4f31-a046-b81d852f61de@group-FD2032A2FA14-LeaderElection70
2022-06-16 16:22:06,365 [cbc12831-31a5-4f31-a046-b81d852f61de@group-FD2032A2FA14-LeaderElection70] INFO  impl.RoleInfo (RoleInfo.java:updateAndGet(139)) - cbc12831-31a5-4f31-a046-b81d852f61de: start cbc12831-31a5-4f31-a046-b81d852f61de@group-FD2032A2FA14-FollowerState
2022-06-16 16:22:07,364 [Listener at 127.0.0.1/33505] INFO  ozone.MiniOzoneClusterImpl (MiniOzoneClusterImpl.java:lambda$waitForClusterToBeReady$0(221)) - Nodes are ready. Got 5 of 5 DN Heartbeats.
2022-06-16 16:22:07,364 [Listener at 127.0.0.1/33505] INFO  ozone.MiniOzoneClusterImpl (MiniOzoneClusterImpl.java:lambda$waitForClusterToBeReady$0(224)) - Waiting for cluster to exit safe mode
2022-06-16 16:22:07,364 [Listener at 127.0.0.1/33505] INFO  ozone.MiniOzoneClusterImpl (MiniOzoneClusterImpl.java:lambda$waitForClusterToBeReady$0(226)) - SCM became leader
2022-06-16 16:22:08,364 [Listener at 127.0.0.1/33505] INFO  ozone.MiniOzoneClusterImpl (MiniOzoneClusterImpl.java:lambda$waitForClusterToBeReady$0(221)) - Nodes are ready. Got 5 of 5 DN Heartbeats.
2022-06-16 16:22:08,364 [Listener at 127.0.0.1/33505] INFO  ozone.MiniOzoneClusterImpl (MiniOzoneClusterImpl.java:lambda$waitForClusterToBeReady$0(224)) - Waiting for cluster to exit safe mode
2022-06-16 16:22:08,364 [Listener at 127.0.0.1/33505] INFO  ozone.MiniOzoneClusterImpl (MiniOzoneClusterImpl.java:lambda$waitForClusterToBeReady$0(226)) - SCM became leader
2022-06-16 16:22:09,364 [Listener at 127.0.0.1/33505] INFO  ozone.MiniOzoneClusterImpl (MiniOzoneClusterImpl.java:lambda$waitForClusterToBeReady$0(221)) - Nodes are ready. Got 5 of 5 DN Heartbeats.
2022-06-16 16:22:09,365 [Listener at 127.0.0.1/33505] INFO  ozone.MiniOzoneClusterImpl (MiniOzoneClusterImpl.java:lambda$waitForClusterToBeReady$0(224)) - Waiting for cluster to exit safe mode
2022-06-16 16:22:09,365 [Listener at 127.0.0.1/33505] INFO  ozone.MiniOzoneClusterImpl (MiniOzoneClusterImpl.java:lambda$waitForClusterToBeReady$0(226)) - SCM became leader
2022-06-16 16:22:10,365 [Listener at 127.0.0.1/33505] INFO  ozone.MiniOzoneClusterImpl (MiniOzoneClusterImpl.java:lambda$waitForClusterToBeReady$0(221)) - Nodes are ready. Got 5 of 5 DN Heartbeats.
2022-06-16 16:22:10,365 [Listener at 127.0.0.1/33505] INFO  ozone.MiniOzoneClusterImpl (MiniOzoneClusterImpl.java:lambda$waitForClusterToBeReady$0(224)) - Waiting for cluster to exit safe mode
2022-06-16 16:22:10,365 [Listener at 127.0.0.1/33505] INFO  ozone.MiniOzoneClusterImpl (MiniOzoneClusterImpl.java:lambda$waitForClusterToBeReady$0(226)) - SCM became leader
2022-06-16 16:22:11,213 [cbc12831-31a5-4f31-a046-b81d852f61de@group-D5DCD881B8EA-FollowerState] INFO  impl.FollowerState (FollowerState.java:run(143)) - cbc12831-31a5-4f31-a046-b81d852f61de@group-D5DCD881B8EA-FollowerState: change to CANDIDATE, lastRpcElapsedTime:5182510104ns, electionTimeout:5103ms
2022-06-16 16:22:11,213 [cbc12831-31a5-4f31-a046-b81d852f61de@group-D5DCD881B8EA-FollowerState] INFO  impl.RoleInfo (RoleInfo.java:shutdownFollowerState(110)) - cbc12831-31a5-4f31-a046-b81d852f61de: shutdown cbc12831-31a5-4f31-a046-b81d852f61de@group-D5DCD881B8EA-FollowerState
2022-06-16 16:22:11,213 [cbc12831-31a5-4f31-a046-b81d852f61de@group-D5DCD881B8EA-FollowerState] INFO  server.RaftServer$Division (RaftServerImpl.java:setRole(299)) - cbc12831-31a5-4f31-a046-b81d852f61de@group-D5DCD881B8EA: changes role from  FOLLOWER to CANDIDATE at term 4 for changeToCandidate
2022-06-16 16:22:11,213 [cbc12831-31a5-4f31-a046-b81d852f61de@group-D5DCD881B8EA-FollowerState] INFO  server.RaftServerConfigKeys (ConfUtils.java:logGet(46)) - raft.server.leaderelection.pre-vote = false (custom)
2022-06-16 16:22:11,213 [cbc12831-31a5-4f31-a046-b81d852f61de@group-D5DCD881B8EA-FollowerState] INFO  impl.RoleInfo (RoleInfo.java:updateAndGet(139)) - cbc12831-31a5-4f31-a046-b81d852f61de: start cbc12831-31a5-4f31-a046-b81d852f61de@group-D5DCD881B8EA-LeaderElection72
2022-06-16 16:22:11,264 [cbc12831-31a5-4f31-a046-b81d852f61de@group-D5DCD881B8EA-LeaderElection72] INFO  impl.LeaderElection (LeaderElection.java:askForVotes(310)) - cbc12831-31a5-4f31-a046-b81d852f61de@group-D5DCD881B8EA-LeaderElection72 ELECTION round 0: submit vote requests at term 5 for -1: [995fc94b-3f8e-410c-9bb6-8c0a727652de|rpc:10.1.0.16:43709|priority:1, cbc12831-31a5-4f31-a046-b81d852f61de|rpc:10.1.0.16:42913|priority:0, 6c743a47-4ce0-4970-944e-624fd1e2ad3d|rpc:10.1.0.16:44833|priority:0], old=null
2022-06-16 16:22:11,281 [6c743a47-4ce0-4970-944e-624fd1e2ad3d@group-D5DCD881B8EA-FollowerState] INFO  impl.FollowerState (FollowerState.java:run(143)) - 6c743a47-4ce0-4970-944e-624fd1e2ad3d@group-D5DCD881B8EA-FollowerState: change to CANDIDATE, lastRpcElapsedTime:5202338835ns, electionTimeout:5165ms
2022-06-16 16:22:11,281 [6c743a47-4ce0-4970-944e-624fd1e2ad3d@group-D5DCD881B8EA-FollowerState] INFO  impl.RoleInfo (RoleInfo.java:shutdownFollowerState(110)) - 6c743a47-4ce0-4970-944e-624fd1e2ad3d: shutdown 6c743a47-4ce0-4970-944e-624fd1e2ad3d@group-D5DCD881B8EA-FollowerState
2022-06-16 16:22:11,281 [6c743a47-4ce0-4970-944e-624fd1e2ad3d@group-D5DCD881B8EA-FollowerState] INFO  server.RaftServer$Division (RaftServerImpl.java:setRole(299)) - 6c743a47-4ce0-4970-944e-624fd1e2ad3d@group-D5DCD881B8EA: changes role from  FOLLOWER to CANDIDATE at term 4 for changeToCandidate
2022-06-16 16:22:11,281 [6c743a47-4ce0-4970-944e-624fd1e2ad3d@group-D5DCD881B8EA-FollowerState] INFO  server.RaftServerConfigKeys (ConfUtils.java:logGet(46)) - raft.server.leaderelection.pre-vote = false (custom)
2022-06-16 16:22:11,281 [6c743a47-4ce0-4970-944e-624fd1e2ad3d@group-D5DCD881B8EA-FollowerState] INFO  impl.RoleInfo (RoleInfo.java:updateAndGet(139)) - 6c743a47-4ce0-4970-944e-624fd1e2ad3d: start 6c743a47-4ce0-4970-944e-624fd1e2ad3d@group-D5DCD881B8EA-LeaderElection73
2022-06-16 16:22:11,288 [995fc94b-3f8e-410c-9bb6-8c0a727652de@group-D5DCD881B8EA-FollowerState] INFO  impl.FollowerState (FollowerState.java:run(143)) - 995fc94b-3f8e-410c-9bb6-8c0a727652de@group-D5DCD881B8EA-FollowerState: change to CANDIDATE, lastRpcElapsedTime:5064560822ns, electionTimeout:5026ms
2022-06-16 16:22:11,288 [995fc94b-3f8e-410c-9bb6-8c0a727652de@group-D5DCD881B8EA-FollowerState] INFO  impl.RoleInfo (RoleInfo.java:shutdownFollowerState(110)) - 995fc94b-3f8e-410c-9bb6-8c0a727652de: shutdown 995fc94b-3f8e-410c-9bb6-8c0a727652de@group-D5DCD881B8EA-FollowerState
2022-06-16 16:22:11,288 [995fc94b-3f8e-410c-9bb6-8c0a727652de@group-D5DCD881B8EA-FollowerState] INFO  server.RaftServer$Division (RaftServerImpl.java:setRole(299)) - 995fc94b-3f8e-410c-9bb6-8c0a727652de@group-D5DCD881B8EA: changes role from  FOLLOWER to CANDIDATE at term 4 for changeToCandidate
2022-06-16 16:22:11,334 [grpc-default-executor-4] INFO  server.RaftServer$Division (RaftServerImpl.java:requestVote(1152)) - 6c743a47-4ce0-4970-944e-624fd1e2ad3d@group-D5DCD881B8EA: receive requestVote(ELECTION, cbc12831-31a5-4f31-a046-b81d852f61de, group-D5DCD881B8EA, 5, (t:0, i:0))
2022-06-16 16:22:11,334 [grpc-default-executor-4] INFO  impl.VoteContext (VoteContext.java:log(48)) - 6c743a47-4ce0-4970-944e-624fd1e2ad3d@group-D5DCD881B8EA-CANDIDATE: accept ELECTION from cbc12831-31a5-4f31-a046-b81d852f61de: our priority 0 <= candidate's priority 0
2022-06-16 16:22:11,334 [grpc-default-executor-4] INFO  server.RaftServer$Division (RaftServerImpl.java:setRole(299)) - 6c743a47-4ce0-4970-944e-624fd1e2ad3d@group-D5DCD881B8EA: changes role from CANDIDATE to FOLLOWER at term 5 for candidate:cbc12831-31a5-4f31-a046-b81d852f61de
2022-06-16 16:22:11,334 [grpc-default-executor-4] INFO  impl.RoleInfo (RoleInfo.java:shutdownLeaderElection(130)) - 6c743a47-4ce0-4970-944e-624fd1e2ad3d: shutdown 6c743a47-4ce0-4970-944e-624fd1e2ad3d@group-D5DCD881B8EA-LeaderElection73
2022-06-16 16:22:11,334 [grpc-default-executor-4] INFO  impl.RoleInfo (RoleInfo.java:updateAndGet(139)) - 6c743a47-4ce0-4970-944e-624fd1e2ad3d: start 6c743a47-4ce0-4970-944e-624fd1e2ad3d@group-D5DCD881B8EA-FollowerState
2022-06-16 16:22:11,365 [Listener at 127.0.0.1/33505] INFO  ozone.MiniOzoneClusterImpl (MiniOzoneClusterImpl.java:lambda$waitForClusterToBeReady$0(221)) - Nodes are ready. Got 5 of 5 DN Heartbeats.
2022-06-16 16:22:11,365 [Listener at 127.0.0.1/33505] INFO  ozone.MiniOzoneClusterImpl (MiniOzoneClusterImpl.java:lambda$waitForClusterToBeReady$0(224)) - Waiting for cluster to exit safe mode
2022-06-16 16:22:11,366 [Listener at 127.0.0.1/33505] INFO  ozone.MiniOzoneClusterImpl (MiniOzoneClusterImpl.java:lambda$waitForClusterToBeReady$0(226)) - SCM became leader
2022-06-16 16:22:11,368 [grpc-default-executor-4] INFO  server.RaftServer$Division (RaftServerImpl.java:requestVote(1184)) - 6c743a47-4ce0-4970-944e-624fd1e2ad3d@group-D5DCD881B8EA replies to ELECTION vote request: cbc12831-31a5-4f31-a046-b81d852f61de<-6c743a47-4ce0-4970-944e-624fd1e2ad3d#0:OK-t5. Peer's state: 6c743a47-4ce0-4970-944e-624fd1e2ad3d@group-D5DCD881B8EA:t5, leader=null, voted=cbc12831-31a5-4f31-a046-b81d852f61de, raftlog=6c743a47-4ce0-4970-944e-624fd1e2ad3d@group-D5DCD881B8EA-SegmentedRaftLog:OPENED:c-1, conf=-1: [995fc94b-3f8e-410c-9bb6-8c0a727652de|rpc:10.1.0.16:43709|priority:1, cbc12831-31a5-4f31-a046-b81d852f61de|rpc:10.1.0.16:42913|priority:0, 6c743a47-4ce0-4970-944e-624fd1e2ad3d|rpc:10.1.0.16:44833|priority:0], old=null
2022-06-16 16:22:11,370 [6c743a47-4ce0-4970-944e-624fd1e2ad3d@group-D5DCD881B8EA-LeaderElection73] INFO  impl.LeaderElection (LeaderElection.java:run(231)) - 6c743a47-4ce0-4970-944e-624fd1e2ad3d@group-D5DCD881B8EA-LeaderElection73: skip running since this is already CLOSING
2022-06-16 16:22:11,372 [995fc94b-3f8e-410c-9bb6-8c0a727652de@group-D5DCD881B8EA-FollowerState] INFO  server.RaftServerConfigKeys (ConfUtils.java:logGet(46)) - raft.server.leaderelection.pre-vote = false (custom)
2022-06-16 16:22:11,373 [995fc94b-3f8e-410c-9bb6-8c0a727652de@group-D5DCD881B8EA-FollowerState] INFO  impl.RoleInfo (RoleInfo.java:updateAndGet(139)) - 995fc94b-3f8e-410c-9bb6-8c0a727652de: start 995fc94b-3f8e-410c-9bb6-8c0a727652de@group-D5DCD881B8EA-LeaderElection74
2022-06-16 16:22:11,406 [995fc94b-3f8e-410c-9bb6-8c0a727652de@group-FD2032A2FA14-FollowerState] INFO  impl.FollowerState (FollowerState.java:run(143)) - 995fc94b-3f8e-410c-9bb6-8c0a727652de@group-FD2032A2FA14-FollowerState: change to CANDIDATE, lastRpcElapsedTime:5066496525ns, electionTimeout:5066ms
2022-06-16 16:22:11,406 [995fc94b-3f8e-410c-9bb6-8c0a727652de@group-FD2032A2FA14-FollowerState] INFO  impl.RoleInfo (RoleInfo.java:shutdownFollowerState(110)) - 995fc94b-3f8e-410c-9bb6-8c0a727652de: shutdown 995fc94b-3f8e-410c-9bb6-8c0a727652de@group-FD2032A2FA14-FollowerState
2022-06-16 16:22:11,406 [995fc94b-3f8e-410c-9bb6-8c0a727652de@group-FD2032A2FA14-FollowerState] INFO  server.RaftServer$Division (RaftServerImpl.java:setRole(299)) - 995fc94b-3f8e-410c-9bb6-8c0a727652de@group-FD2032A2FA14: changes role from  FOLLOWER to CANDIDATE at term 4 for changeToCandidate
2022-06-16 16:22:11,406 [995fc94b-3f8e-410c-9bb6-8c0a727652de@group-FD2032A2FA14-FollowerState] INFO  server.RaftServerConfigKeys (ConfUtils.java:logGet(46)) - raft.server.leaderelection.pre-vote = false (custom)
2022-06-16 16:22:11,406 [995fc94b-3f8e-410c-9bb6-8c0a727652de@group-FD2032A2FA14-FollowerState] INFO  impl.RoleInfo (RoleInfo.java:updateAndGet(139)) - 995fc94b-3f8e-410c-9bb6-8c0a727652de: start 995fc94b-3f8e-410c-9bb6-8c0a727652de@group-FD2032A2FA14-LeaderElection75
2022-06-16 16:22:11,407 [6c743a47-4ce0-4970-944e-624fd1e2ad3d@group-FD2032A2FA14-FollowerState] INFO  impl.FollowerState (FollowerState.java:run(143)) - 6c743a47-4ce0-4970-944e-624fd1e2ad3d@group-FD2032A2FA14-FollowerState: change to CANDIDATE, lastRpcElapsedTime:5095931471ns, electionTimeout:5093ms
2022-06-16 16:22:11,407 [6c743a47-4ce0-4970-944e-624fd1e2ad3d@group-FD2032A2FA14-FollowerState] INFO  impl.RoleInfo (RoleInfo.java:shutdownFollowerState(110)) - 6c743a47-4ce0-4970-944e-624fd1e2ad3d: shutdown 6c743a47-4ce0-4970-944e-624fd1e2ad3d@group-FD2032A2FA14-FollowerState
2022-06-16 16:22:11,408 [6c743a47-4ce0-4970-944e-624fd1e2ad3d@group-FD2032A2FA14-FollowerState] INFO  server.RaftServer$Division (RaftServerImpl.java:setRole(299)) - 6c743a47-4ce0-4970-944e-624fd1e2ad3d@group-FD2032A2FA14: changes role from  FOLLOWER to CANDIDATE at term 4 for changeToCandidate
2022-06-16 16:22:11,426 [6c743a47-4ce0-4970-944e-624fd1e2ad3d@group-FD2032A2FA14-FollowerState] INFO  server.RaftServerConfigKeys (ConfUtils.java:logGet(46)) - raft.server.leaderelection.pre-vote = false (custom)
2022-06-16 16:22:11,426 [6c743a47-4ce0-4970-944e-624fd1e2ad3d@group-FD2032A2FA14-FollowerState] INFO  impl.RoleInfo (RoleInfo.java:updateAndGet(139)) - 6c743a47-4ce0-4970-944e-624fd1e2ad3d: start 6c743a47-4ce0-4970-944e-624fd1e2ad3d@group-FD2032A2FA14-LeaderElection76
2022-06-16 16:22:11,430 [995fc94b-3f8e-410c-9bb6-8c0a727652de@group-FD2032A2FA14-LeaderElection75] INFO  impl.LeaderElection (LeaderElection.java:askForVotes(310)) - 995fc94b-3f8e-410c-9bb6-8c0a727652de@group-FD2032A2FA14-LeaderElection75 ELECTION round 0: submit vote requests at term 5 for -1: [995fc94b-3f8e-410c-9bb6-8c0a727652de|rpc:10.1.0.16:43709|dataStream:|priority:0, cbc12831-31a5-4f31-a046-b81d852f61de|rpc:10.1.0.16:42913|dataStream:|priority:0, 6c743a47-4ce0-4970-944e-624fd1e2ad3d|rpc:10.1.0.16:44833|dataStream:|priority:1], old=null
2022-06-16 16:22:11,434 [grpc-default-executor-3] INFO  server.RaftServer$Division (RaftServerImpl.java:requestVote(1152)) - 995fc94b-3f8e-410c-9bb6-8c0a727652de@group-D5DCD881B8EA: receive requestVote(ELECTION, cbc12831-31a5-4f31-a046-b81d852f61de, group-D5DCD881B8EA, 5, (t:0, i:0))
2022-06-16 16:22:11,434 [grpc-default-executor-3] INFO  impl.VoteContext (VoteContext.java:log(48)) - 995fc94b-3f8e-410c-9bb6-8c0a727652de@group-D5DCD881B8EA-CANDIDATE: reject ELECTION from cbc12831-31a5-4f31-a046-b81d852f61de: our priority 1 > candidate's priority 0
2022-06-16 16:22:11,434 [grpc-default-executor-3] INFO  server.RaftServer$Division (RaftServerImpl.java:setRole(299)) - 995fc94b-3f8e-410c-9bb6-8c0a727652de@group-D5DCD881B8EA: changes role from CANDIDATE to FOLLOWER at term 5 for candidate:cbc12831-31a5-4f31-a046-b81d852f61de
2022-06-16 16:22:11,434 [grpc-default-executor-3] INFO  impl.RoleInfo (RoleInfo.java:shutdownLeaderElection(130)) - 995fc94b-3f8e-410c-9bb6-8c0a727652de: shutdown 995fc94b-3f8e-410c-9bb6-8c0a727652de@group-D5DCD881B8EA-LeaderElection74
2022-06-16 16:22:11,434 [995fc94b-3f8e-410c-9bb6-8c0a727652de@group-D5DCD881B8EA-LeaderElection74] INFO  impl.LeaderElection (LeaderElection.java:run(231)) - 995fc94b-3f8e-410c-9bb6-8c0a727652de@group-D5DCD881B8EA-LeaderElection74: skip running since this is already CLOSING
2022-06-16 16:22:11,443 [grpc-default-executor-3] INFO  impl.RoleInfo (RoleInfo.java:updateAndGet(139)) - 995fc94b-3f8e-410c-9bb6-8c0a727652de: start 995fc94b-3f8e-410c-9bb6-8c0a727652de@group-D5DCD881B8EA-FollowerState
2022-06-16 16:22:11,443 [grpc-default-executor-4] INFO  server.RaftServer$Division (RaftServerImpl.java:requestVote(1152)) - cbc12831-31a5-4f31-a046-b81d852f61de@group-FD2032A2FA14: receive requestVote(ELECTION, 995fc94b-3f8e-410c-9bb6-8c0a727652de, group-FD2032A2FA14, 5, (t:0, i:0))
2022-06-16 16:22:11,443 [grpc-default-executor-4] INFO  impl.VoteContext (VoteContext.java:log(48)) - cbc12831-31a5-4f31-a046-b81d852f61de@group-FD2032A2FA14-FOLLOWER: accept ELECTION from 995fc94b-3f8e-410c-9bb6-8c0a727652de: our priority 0 <= candidate's priority 0
2022-06-16 16:22:11,443 [grpc-default-executor-4] INFO  server.RaftServer$Division (RaftServerImpl.java:setRole(299)) - cbc12831-31a5-4f31-a046-b81d852f61de@group-FD2032A2FA14: changes role from  FOLLOWER to FOLLOWER at term 5 for candidate:995fc94b-3f8e-410c-9bb6-8c0a727652de
2022-06-16 16:22:11,443 [grpc-default-executor-4] INFO  impl.RoleInfo (RoleInfo.java:shutdownFollowerState(110)) - cbc12831-31a5-4f31-a046-b81d852f61de: shutdown cbc12831-31a5-4f31-a046-b81d852f61de@group-FD2032A2FA14-FollowerState
2022-06-16 16:22:11,443 [grpc-default-executor-4] INFO  impl.RoleInfo (RoleInfo.java:updateAndGet(139)) - cbc12831-31a5-4f31-a046-b81d852f61de: start cbc12831-31a5-4f31-a046-b81d852f61de@group-FD2032A2FA14-FollowerState
2022-06-16 16:22:11,443 [cbc12831-31a5-4f31-a046-b81d852f61de@group-FD2032A2FA14-FollowerState] INFO  impl.FollowerState (FollowerState.java:run(152)) - cbc12831-31a5-4f31-a046-b81d852f61de@group-FD2032A2FA14-FollowerState was interrupted
2022-06-16 16:22:11,466 [6c743a47-4ce0-4970-944e-624fd1e2ad3d@group-FD2032A2FA14-LeaderElection76] INFO  impl.LeaderElection (LeaderElection.java:askForVotes(310)) - 6c743a47-4ce0-4970-944e-624fd1e2ad3d@group-FD2032A2FA14-LeaderElection76 ELECTION round 0: submit vote requests at term 5 for -1: [995fc94b-3f8e-410c-9bb6-8c0a727652de|rpc:10.1.0.16:43709|priority:0, cbc12831-31a5-4f31-a046-b81d852f61de|rpc:10.1.0.16:42913|priority:0, 6c743a47-4ce0-4970-944e-624fd1e2ad3d|rpc:10.1.0.16:44833|priority:1], old=null
2022-06-16 16:22:11,467 [grpc-default-executor-2] INFO  server.RaftServer$Division (RaftServerImpl.java:requestVote(1152)) - 6c743a47-4ce0-4970-944e-624fd1e2ad3d@group-FD2032A2FA14: receive requestVote(ELECTION, 995fc94b-3f8e-410c-9bb6-8c0a727652de, group-FD2032A2FA14, 5, (t:0, i:0))
2022-06-16 16:22:11,467 [grpc-default-executor-2] INFO  impl.VoteContext (VoteContext.java:log(48)) - 6c743a47-4ce0-4970-944e-624fd1e2ad3d@group-FD2032A2FA14-CANDIDATE: reject ELECTION from 995fc94b-3f8e-410c-9bb6-8c0a727652de: already has voted for 6c743a47-4ce0-4970-944e-624fd1e2ad3d at current term 5
2022-06-16 16:22:11,467 [grpc-default-executor-2] INFO  server.RaftServer$Division (RaftServerImpl.java:requestVote(1184)) - 6c743a47-4ce0-4970-944e-624fd1e2ad3d@group-FD2032A2FA14 replies to ELECTION vote request: 995fc94b-3f8e-410c-9bb6-8c0a727652de<-6c743a47-4ce0-4970-944e-624fd1e2ad3d#0:FAIL-t5. Peer's state: 6c743a47-4ce0-4970-944e-624fd1e2ad3d@group-FD2032A2FA14:t5, leader=null, voted=6c743a47-4ce0-4970-944e-624fd1e2ad3d, raftlog=6c743a47-4ce0-4970-944e-624fd1e2ad3d@group-FD2032A2FA14-SegmentedRaftLog:OPENED:c-1, conf=-1: [995fc94b-3f8e-410c-9bb6-8c0a727652de|rpc:10.1.0.16:43709|priority:0, cbc12831-31a5-4f31-a046-b81d852f61de|rpc:10.1.0.16:42913|priority:0, 6c743a47-4ce0-4970-944e-624fd1e2ad3d|rpc:10.1.0.16:44833|priority:1], old=null
2022-06-16 16:22:11,506 [995fc94b-3f8e-410c-9bb6-8c0a727652de@group-FD2032A2FA14-LeaderElection75] INFO  impl.LeaderElection (LeaderElection.java:logAndReturn(90)) - 995fc94b-3f8e-410c-9bb6-8c0a727652de@group-FD2032A2FA14-LeaderElection75: ELECTION REJECTED received 1 response(s) and 0 exception(s):
2022-06-16 16:22:11,506 [995fc94b-3f8e-410c-9bb6-8c0a727652de@group-FD2032A2FA14-LeaderElection75] INFO  impl.LeaderElection (LeaderElection.java:logAndReturn(94)) -   Response 0: 995fc94b-3f8e-410c-9bb6-8c0a727652de<-6c743a47-4ce0-4970-944e-624fd1e2ad3d#0:FAIL-t5
2022-06-16 16:22:11,506 [995fc94b-3f8e-410c-9bb6-8c0a727652de@group-FD2032A2FA14-LeaderElection75] INFO  impl.LeaderElection (LeaderElection.java:askForVotes(312)) - 995fc94b-3f8e-410c-9bb6-8c0a727652de@group-FD2032A2FA14-LeaderElection75 ELECTION round 0: result REJECTED
2022-06-16 16:22:11,506 [995fc94b-3f8e-410c-9bb6-8c0a727652de@group-FD2032A2FA14-LeaderElection75] INFO  server.RaftServer$Division (RaftServerImpl.java:setRole(299)) - 995fc94b-3f8e-410c-9bb6-8c0a727652de@group-FD2032A2FA14: changes role from CANDIDATE to FOLLOWER at term 5 for REJECTED
2022-06-16 16:22:11,506 [995fc94b-3f8e-410c-9bb6-8c0a727652de@group-FD2032A2FA14-LeaderElection75] INFO  impl.RoleInfo (RoleInfo.java:shutdownLeaderElection(130)) - 995fc94b-3f8e-410c-9bb6-8c0a727652de: shutdown 995fc94b-3f8e-410c-9bb6-8c0a727652de@group-FD2032A2FA14-LeaderElection75
2022-06-16 16:22:11,506 [995fc94b-3f8e-410c-9bb6-8c0a727652de@group-FD2032A2FA14-LeaderElection75] INFO  impl.RoleInfo (RoleInfo.java:updateAndGet(139)) - 995fc94b-3f8e-410c-9bb6-8c0a727652de: start 995fc94b-3f8e-410c-9bb6-8c0a727652de@group-FD2032A2FA14-FollowerState
2022-06-16 16:22:11,507 [grpc-default-executor-0] INFO  server.RaftServer$Division (RaftServerImpl.java:requestVote(1152)) - 995fc94b-3f8e-410c-9bb6-8c0a727652de@group-FD2032A2FA14: receive requestVote(ELECTION, 6c743a47-4ce0-4970-944e-624fd1e2ad3d, group-FD2032A2FA14, 5, (t:0, i:0))
2022-06-16 16:22:11,507 [grpc-default-executor-2] INFO  server.RaftServer$Division (RaftServerImpl.java:requestVote(1152)) - cbc12831-31a5-4f31-a046-b81d852f61de@group-FD2032A2FA14: receive requestVote(ELECTION, 6c743a47-4ce0-4970-944e-624fd1e2ad3d, group-FD2032A2FA14, 5, (t:0, i:0))
2022-06-16 16:22:11,526 [grpc-default-executor-0] INFO  impl.VoteContext (VoteContext.java:log(48)) - 995fc94b-3f8e-410c-9bb6-8c0a727652de@group-FD2032A2FA14-FOLLOWER: reject ELECTION from 6c743a47-4ce0-4970-944e-624fd1e2ad3d: already has voted for 995fc94b-3f8e-410c-9bb6-8c0a727652de at current term 5
2022-06-16 16:22:11,526 [grpc-default-executor-0] INFO  server.RaftServer$Division (RaftServerImpl.java:requestVote(1184)) - 995fc94b-3f8e-410c-9bb6-8c0a727652de@group-FD2032A2FA14 replies to ELECTION vote request: 6c743a47-4ce0-4970-944e-624fd1e2ad3d<-995fc94b-3f8e-410c-9bb6-8c0a727652de#0:FAIL-t5. Peer's state: 995fc94b-3f8e-410c-9bb6-8c0a727652de@group-FD2032A2FA14:t5, leader=null, voted=995fc94b-3f8e-410c-9bb6-8c0a727652de, raftlog=995fc94b-3f8e-410c-9bb6-8c0a727652de@group-FD2032A2FA14-SegmentedRaftLog:OPENED:c-1, conf=-1: [995fc94b-3f8e-410c-9bb6-8c0a727652de|rpc:10.1.0.16:43709|dataStream:|priority:0, cbc12831-31a5-4f31-a046-b81d852f61de|rpc:10.1.0.16:42913|dataStream:|priority:0, 6c743a47-4ce0-4970-944e-624fd1e2ad3d|rpc:10.1.0.16:44833|dataStream:|priority:1], old=null
2022-06-16 16:22:11,534 [grpc-default-executor-3] INFO  server.RaftServer$Division (RaftServerImpl.java:requestVote(1184)) - 995fc94b-3f8e-410c-9bb6-8c0a727652de@group-D5DCD881B8EA replies to ELECTION vote request: cbc12831-31a5-4f31-a046-b81d852f61de<-995fc94b-3f8e-410c-9bb6-8c0a727652de#0:FAIL-t5. Peer's state: 995fc94b-3f8e-410c-9bb6-8c0a727652de@group-D5DCD881B8EA:t5, leader=null, voted=null, raftlog=995fc94b-3f8e-410c-9bb6-8c0a727652de@group-D5DCD881B8EA-SegmentedRaftLog:OPENED:c-1, conf=-1: [995fc94b-3f8e-410c-9bb6-8c0a727652de|rpc:10.1.0.16:43709|dataStream:|priority:1, cbc12831-31a5-4f31-a046-b81d852f61de|rpc:10.1.0.16:42913|dataStream:|priority:0, 6c743a47-4ce0-4970-944e-624fd1e2ad3d|rpc:10.1.0.16:44833|dataStream:|priority:0], old=null
2022-06-16 16:22:11,535 [cbc12831-31a5-4f31-a046-b81d852f61de@group-D5DCD881B8EA-LeaderElection72] INFO  impl.LeaderElection (LeaderElection.java:logAndReturn(90)) - cbc12831-31a5-4f31-a046-b81d852f61de@group-D5DCD881B8EA-LeaderElection72: ELECTION REJECTED received 2 response(s) and 0 exception(s):
2022-06-16 16:22:11,535 [cbc12831-31a5-4f31-a046-b81d852f61de@group-D5DCD881B8EA-LeaderElection72] INFO  impl.LeaderElection (LeaderElection.java:logAndReturn(94)) -   Response 0: cbc12831-31a5-4f31-a046-b81d852f61de<-995fc94b-3f8e-410c-9bb6-8c0a727652de#0:FAIL-t5
2022-06-16 16:22:11,535 [cbc12831-31a5-4f31-a046-b81d852f61de@group-D5DCD881B8EA-LeaderElection72] INFO  impl.LeaderElection (LeaderElection.java:logAndReturn(94)) -   Response 1: cbc12831-31a5-4f31-a046-b81d852f61de<-6c743a47-4ce0-4970-944e-624fd1e2ad3d#0:OK-t5
2022-06-16 16:22:11,535 [cbc12831-31a5-4f31-a046-b81d852f61de@group-D5DCD881B8EA-LeaderElection72] INFO  impl.LeaderElection (LeaderElection.java:askForVotes(312)) - cbc12831-31a5-4f31-a046-b81d852f61de@group-D5DCD881B8EA-LeaderElection72 ELECTION round 0: result REJECTED
2022-06-16 16:22:11,535 [cbc12831-31a5-4f31-a046-b81d852f61de@group-D5DCD881B8EA-LeaderElection72] INFO  server.RaftServer$Division (RaftServerImpl.java:setRole(299)) - cbc12831-31a5-4f31-a046-b81d852f61de@group-D5DCD881B8EA: changes role from CANDIDATE to FOLLOWER at term 5 for REJECTED
2022-06-16 16:22:11,535 [cbc12831-31a5-4f31-a046-b81d852f61de@group-D5DCD881B8EA-LeaderElection72] INFO  impl.RoleInfo (RoleInfo.java:shutdownLeaderElection(130)) - cbc12831-31a5-4f31-a046-b81d852f61de: shutdown cbc12831-31a5-4f31-a046-b81d852f61de@group-D5DCD881B8EA-LeaderElection72
2022-06-16 16:22:11,535 [cbc12831-31a5-4f31-a046-b81d852f61de@group-D5DCD881B8EA-LeaderElection72] INFO  impl.RoleInfo (RoleInfo.java:updateAndGet(139)) - cbc12831-31a5-4f31-a046-b81d852f61de: start cbc12831-31a5-4f31-a046-b81d852f61de@group-D5DCD881B8EA-FollowerState
2022-06-16 16:22:11,536 [grpc-default-executor-4] INFO  server.RaftServer$Division (RaftServerImpl.java:requestVote(1184)) - cbc12831-31a5-4f31-a046-b81d852f61de@group-FD2032A2FA14 replies to ELECTION vote request: 995fc94b-3f8e-410c-9bb6-8c0a727652de<-cbc12831-31a5-4f31-a046-b81d852f61de#0:OK-t5. Peer's state: cbc12831-31a5-4f31-a046-b81d852f61de@group-FD2032A2FA14:t5, leader=null, voted=995fc94b-3f8e-410c-9bb6-8c0a727652de, raftlog=cbc12831-31a5-4f31-a046-b81d852f61de@group-FD2032A2FA14-SegmentedRaftLog:OPENED:c-1, conf=-1: [995fc94b-3f8e-410c-9bb6-8c0a727652de|rpc:10.1.0.16:43709|priority:0, cbc12831-31a5-4f31-a046-b81d852f61de|rpc:10.1.0.16:42913|priority:0, 6c743a47-4ce0-4970-944e-624fd1e2ad3d|rpc:10.1.0.16:44833|priority:1], old=null
2022-06-16 16:22:11,536 [grpc-default-executor-2] INFO  impl.VoteContext (VoteContext.java:log(48)) - cbc12831-31a5-4f31-a046-b81d852f61de@group-FD2032A2FA14-FOLLOWER: reject ELECTION from 6c743a47-4ce0-4970-944e-624fd1e2ad3d: already has voted for 995fc94b-3f8e-410c-9bb6-8c0a727652de at current term 5
2022-06-16 16:22:11,536 [grpc-default-executor-2] INFO  server.RaftServer$Division (RaftServerImpl.java:requestVote(1184)) - cbc12831-31a5-4f31-a046-b81d852f61de@group-FD2032A2FA14 replies to ELECTION vote request: 6c743a47-4ce0-4970-944e-624fd1e2ad3d<-cbc12831-31a5-4f31-a046-b81d852f61de#0:FAIL-t5. Peer's state: cbc12831-31a5-4f31-a046-b81d852f61de@group-FD2032A2FA14:t5, leader=null, voted=995fc94b-3f8e-410c-9bb6-8c0a727652de, raftlog=cbc12831-31a5-4f31-a046-b81d852f61de@group-FD2032A2FA14-SegmentedRaftLog:OPENED:c-1, conf=-1: [995fc94b-3f8e-410c-9bb6-8c0a727652de|rpc:10.1.0.16:43709|priority:0, cbc12831-31a5-4f31-a046-b81d852f61de|rpc:10.1.0.16:42913|priority:0, 6c743a47-4ce0-4970-944e-624fd1e2ad3d|rpc:10.1.0.16:44833|priority:1], old=null
2022-06-16 16:22:11,537 [6c743a47-4ce0-4970-944e-624fd1e2ad3d@group-FD2032A2FA14-LeaderElection76] INFO  impl.LeaderElection (LeaderElection.java:logAndReturn(90)) - 6c743a47-4ce0-4970-944e-624fd1e2ad3d@group-FD2032A2FA14-LeaderElection76: ELECTION REJECTED received 2 response(s) and 0 exception(s):
2022-06-16 16:22:11,537 [6c743a47-4ce0-4970-944e-624fd1e2ad3d@group-FD2032A2FA14-LeaderElection76] INFO  impl.LeaderElection (LeaderElection.java:logAndReturn(94)) -   Response 0: 6c743a47-4ce0-4970-944e-624fd1e2ad3d<-995fc94b-3f8e-410c-9bb6-8c0a727652de#0:FAIL-t5
2022-06-16 16:22:11,537 [6c743a47-4ce0-4970-944e-624fd1e2ad3d@group-FD2032A2FA14-LeaderElection76] INFO  impl.LeaderElection (LeaderElection.java:logAndReturn(94)) -   Response 1: 6c743a47-4ce0-4970-944e-624fd1e2ad3d<-cbc12831-31a5-4f31-a046-b81d852f61de#0:FAIL-t5
2022-06-16 16:22:11,537 [6c743a47-4ce0-4970-944e-624fd1e2ad3d@group-FD2032A2FA14-LeaderElection76] INFO  impl.LeaderElection (LeaderElection.java:askForVotes(312)) - 6c743a47-4ce0-4970-944e-624fd1e2ad3d@group-FD2032A2FA14-LeaderElection76 ELECTION round 0: result REJECTED
2022-06-16 16:22:11,537 [6c743a47-4ce0-4970-944e-624fd1e2ad3d@group-FD2032A2FA14-LeaderElection76] INFO  server.RaftServer$Division (RaftServerImpl.java:setRole(299)) - 6c743a47-4ce0-4970-944e-624fd1e2ad3d@group-FD2032A2FA14: changes role from CANDIDATE to FOLLOWER at term 5 for REJECTED
2022-06-16 16:22:11,537 [6c743a47-4ce0-4970-944e-624fd1e2ad3d@group-FD2032A2FA14-LeaderElection76] INFO  impl.RoleInfo (RoleInfo.java:shutdownLeaderElection(130)) - 6c743a47-4ce0-4970-944e-624fd1e2ad3d: shutdown 6c743a47-4ce0-4970-944e-624fd1e2ad3d@group-FD2032A2FA14-LeaderElection76
2022-06-16 16:22:11,537 [6c743a47-4ce0-4970-944e-624fd1e2ad3d@group-FD2032A2FA14-LeaderElection76] INFO  impl.RoleInfo (RoleInfo.java:updateAndGet(139)) - 6c743a47-4ce0-4970-944e-624fd1e2ad3d: start 6c743a47-4ce0-4970-944e-624fd1e2ad3d@group-FD2032A2FA14-FollowerState
2022-06-16 16:22:12,366 [Listener at 127.0.0.1/33505] INFO  ozone.MiniOzoneClusterImpl (MiniOzoneClusterImpl.java:lambda$waitForClusterToBeReady$0(221)) - Nodes are ready. Got 5 of 5 DN Heartbeats.
2022-06-16 16:22:12,366 [Listener at 127.0.0.1/33505] INFO  ozone.MiniOzoneClusterImpl (MiniOzoneClusterImpl.java:lambda$waitForClusterToBeReady$0(224)) - Waiting for cluster to exit safe mode
2022-06-16 16:22:12,366 [Listener at 127.0.0.1/33505] INFO  ozone.MiniOzoneClusterImpl (MiniOzoneClusterImpl.java:lambda$waitForClusterToBeReady$0(226)) - SCM became leader
2022-06-16 16:22:13,366 [Listener at 127.0.0.1/33505] INFO  ozone.MiniOzoneClusterImpl (MiniOzoneClusterImpl.java:lambda$waitForClusterToBeReady$0(221)) - Nodes are ready. Got 5 of 5 DN Heartbeats.
2022-06-16 16:22:13,366 [Listener at 127.0.0.1/33505] INFO  ozone.MiniOzoneClusterImpl (MiniOzoneClusterImpl.java:lambda$waitForClusterToBeReady$0(224)) - Waiting for cluster to exit safe mode
2022-06-16 16:22:13,366 [Listener at 127.0.0.1/33505] INFO  ozone.MiniOzoneClusterImpl (MiniOzoneClusterImpl.java:lambda$waitForClusterToBeReady$0(226)) - SCM became leader
2022-06-16 16:22:14,367 [Listener at 127.0.0.1/33505] INFO  ozone.MiniOzoneClusterImpl (MiniOzoneClusterImpl.java:lambda$waitForClusterToBeReady$0(221)) - Nodes are ready. Got 5 of 5 DN Heartbeats.
2022-06-16 16:22:14,367 [Listener at 127.0.0.1/33505] INFO  ozone.MiniOzoneClusterImpl (MiniOzoneClusterImpl.java:lambda$waitForClusterToBeReady$0(224)) - Waiting for cluster to exit safe mode
2022-06-16 16:22:14,367 [Listener at 127.0.0.1/33505] INFO  ozone.MiniOzoneClusterImpl (MiniOzoneClusterImpl.java:lambda$waitForClusterToBeReady$0(226)) - SCM became leader
2022-06-16 16:22:15,370 [Listener at 127.0.0.1/33505] INFO  ozone.MiniOzoneClusterImpl (MiniOzoneClusterImpl.java:lambda$waitForClusterToBeReady$0(221)) - Nodes are ready. Got 5 of 5 DN Heartbeats.
2022-06-16 16:22:15,370 [Listener at 127.0.0.1/33505] INFO  ozone.MiniOzoneClusterImpl (MiniOzoneClusterImpl.java:lambda$waitForClusterToBeReady$0(224)) - Waiting for cluster to exit safe mode
2022-06-16 16:22:15,370 [Listener at 127.0.0.1/33505] INFO  ozone.MiniOzoneClusterImpl (MiniOzoneClusterImpl.java:lambda$waitForClusterToBeReady$0(226)) - SCM became leader
2022-06-16 16:22:16,370 [Listener at 127.0.0.1/33505] INFO  ozone.MiniOzoneClusterImpl (MiniOzoneClusterImpl.java:lambda$waitForClusterToBeReady$0(221)) - Nodes are ready. Got 5 of 5 DN Heartbeats.
2022-06-16 16:22:16,371 [Listener at 127.0.0.1/33505] INFO  ozone.MiniOzoneClusterImpl (MiniOzoneClusterImpl.java:lambda$waitForClusterToBeReady$0(224)) - Waiting for cluster to exit safe mode
2022-06-16 16:22:16,371 [Listener at 127.0.0.1/33505] INFO  ozone.MiniOzoneClusterImpl (MiniOzoneClusterImpl.java:lambda$waitForClusterToBeReady$0(226)) - SCM became leader
2022-06-16 16:22:16,528 [6c743a47-4ce0-4970-944e-624fd1e2ad3d@group-D5DCD881B8EA-FollowerState] INFO  impl.FollowerState (FollowerState.java:run(143)) - 6c743a47-4ce0-4970-944e-624fd1e2ad3d@group-D5DCD881B8EA-FollowerState: change to CANDIDATE, lastRpcElapsedTime:5160031380ns, electionTimeout:5159ms
2022-06-16 16:22:16,528 [6c743a47-4ce0-4970-944e-624fd1e2ad3d@group-D5DCD881B8EA-FollowerState] INFO  impl.RoleInfo (RoleInfo.java:shutdownFollowerState(110)) - 6c743a47-4ce0-4970-944e-624fd1e2ad3d: shutdown 6c743a47-4ce0-4970-944e-624fd1e2ad3d@group-D5DCD881B8EA-FollowerState
2022-06-16 16:22:16,528 [6c743a47-4ce0-4970-944e-624fd1e2ad3d@group-D5DCD881B8EA-FollowerState] INFO  server.RaftServer$Division (RaftServerImpl.java:setRole(299)) - 6c743a47-4ce0-4970-944e-624fd1e2ad3d@group-D5DCD881B8EA: changes role from  FOLLOWER to CANDIDATE at term 5 for changeToCandidate
2022-06-16 16:22:16,528 [6c743a47-4ce0-4970-944e-624fd1e2ad3d@group-D5DCD881B8EA-FollowerState] INFO  server.RaftServerConfigKeys (ConfUtils.java:logGet(46)) - raft.server.leaderelection.pre-vote = false (custom)
2022-06-16 16:22:16,528 [6c743a47-4ce0-4970-944e-624fd1e2ad3d@group-D5DCD881B8EA-FollowerState] INFO  impl.RoleInfo (RoleInfo.java:updateAndGet(139)) - 6c743a47-4ce0-4970-944e-624fd1e2ad3d: start 6c743a47-4ce0-4970-944e-624fd1e2ad3d@group-D5DCD881B8EA-LeaderElection77
2022-06-16 16:22:16,591 [995fc94b-3f8e-410c-9bb6-8c0a727652de@group-FD2032A2FA14-FollowerState] INFO  impl.FollowerState (FollowerState.java:run(143)) - 995fc94b-3f8e-410c-9bb6-8c0a727652de@group-FD2032A2FA14-FollowerState: change to CANDIDATE, lastRpcElapsedTime:5084703864ns, electionTimeout:5024ms
2022-06-16 16:22:16,591 [995fc94b-3f8e-410c-9bb6-8c0a727652de@group-FD2032A2FA14-FollowerState] INFO  impl.RoleInfo (RoleInfo.java:shutdownFollowerState(110)) - 995fc94b-3f8e-410c-9bb6-8c0a727652de: shutdown 995fc94b-3f8e-410c-9bb6-8c0a727652de@group-FD2032A2FA14-FollowerState
2022-06-16 16:22:16,591 [995fc94b-3f8e-410c-9bb6-8c0a727652de@group-FD2032A2FA14-FollowerState] INFO  server.RaftServer$Division (RaftServerImpl.java:setRole(299)) - 995fc94b-3f8e-410c-9bb6-8c0a727652de@group-FD2032A2FA14: changes role from  FOLLOWER to CANDIDATE at term 5 for changeToCandidate
2022-06-16 16:22:16,591 [995fc94b-3f8e-410c-9bb6-8c0a727652de@group-FD2032A2FA14-FollowerState] INFO  server.RaftServerConfigKeys (ConfUtils.java:logGet(46)) - raft.server.leaderelection.pre-vote = false (custom)
2022-06-16 16:22:16,591 [995fc94b-3f8e-410c-9bb6-8c0a727652de@group-FD2032A2FA14-FollowerState] INFO  impl.RoleInfo (RoleInfo.java:updateAndGet(139)) - 995fc94b-3f8e-410c-9bb6-8c0a727652de: start 995fc94b-3f8e-410c-9bb6-8c0a727652de@group-FD2032A2FA14-LeaderElection78
2022-06-16 16:22:16,597 [6c743a47-4ce0-4970-944e-624fd1e2ad3d@group-FD2032A2FA14-FollowerState] INFO  impl.FollowerState (FollowerState.java:run(143)) - 6c743a47-4ce0-4970-944e-624fd1e2ad3d@group-FD2032A2FA14-FollowerState: change to CANDIDATE, lastRpcElapsedTime:5059431924ns, electionTimeout:5059ms
2022-06-16 16:22:16,597 [6c743a47-4ce0-4970-944e-624fd1e2ad3d@group-FD2032A2FA14-FollowerState] INFO  impl.RoleInfo (RoleInfo.java:shutdownFollowerState(110)) - 6c743a47-4ce0-4970-944e-624fd1e2ad3d: shutdown 6c743a47-4ce0-4970-944e-624fd1e2ad3d@group-FD2032A2FA14-FollowerState
2022-06-16 16:22:16,597 [6c743a47-4ce0-4970-944e-624fd1e2ad3d@group-FD2032A2FA14-FollowerState] INFO  server.RaftServer$Division (RaftServerImpl.java:setRole(299)) - 6c743a47-4ce0-4970-944e-624fd1e2ad3d@group-FD2032A2FA14: changes role from  FOLLOWER to CANDIDATE at term 5 for changeToCandidate
2022-06-16 16:22:16,620 [6c743a47-4ce0-4970-944e-624fd1e2ad3d@group-D5DCD881B8EA-LeaderElection77] INFO  impl.LeaderElection (LeaderElection.java:askForVotes(310)) - 6c743a47-4ce0-4970-944e-624fd1e2ad3d@group-D5DCD881B8EA-LeaderElection77 ELECTION round 0: submit vote requests at term 6 for -1: [995fc94b-3f8e-410c-9bb6-8c0a727652de|rpc:10.1.0.16:43709|priority:1, cbc12831-31a5-4f31-a046-b81d852f61de|rpc:10.1.0.16:42913|priority:0, 6c743a47-4ce0-4970-944e-624fd1e2ad3d|rpc:10.1.0.16:44833|priority:0], old=null
2022-06-16 16:22:16,627 [grpc-default-executor-4] INFO  server.RaftServer$Division (RaftServerImpl.java:requestVote(1152)) - 995fc94b-3f8e-410c-9bb6-8c0a727652de@group-D5DCD881B8EA: receive requestVote(ELECTION, 6c743a47-4ce0-4970-944e-624fd1e2ad3d, group-D5DCD881B8EA, 6, (t:0, i:0))
2022-06-16 16:22:16,627 [grpc-default-executor-4] INFO  impl.VoteContext (VoteContext.java:log(48)) - 995fc94b-3f8e-410c-9bb6-8c0a727652de@group-D5DCD881B8EA-FOLLOWER: reject ELECTION from 6c743a47-4ce0-4970-944e-624fd1e2ad3d: our priority 1 > candidate's priority 0
2022-06-16 16:22:16,627 [grpc-default-executor-4] INFO  server.RaftServer$Division (RaftServerImpl.java:setRole(299)) - 995fc94b-3f8e-410c-9bb6-8c0a727652de@group-D5DCD881B8EA: changes role from  FOLLOWER to FOLLOWER at term 6 for candidate:6c743a47-4ce0-4970-944e-624fd1e2ad3d
2022-06-16 16:22:16,627 [grpc-default-executor-4] INFO  impl.RoleInfo (RoleInfo.java:shutdownFollowerState(110)) - 995fc94b-3f8e-410c-9bb6-8c0a727652de: shutdown 995fc94b-3f8e-410c-9bb6-8c0a727652de@group-D5DCD881B8EA-FollowerState
2022-06-16 16:22:16,641 [6c743a47-4ce0-4970-944e-624fd1e2ad3d@group-FD2032A2FA14-FollowerState] INFO  server.RaftServerConfigKeys (ConfUtils.java:logGet(46)) - raft.server.leaderelection.pre-vote = false (custom)
2022-06-16 16:22:16,641 [6c743a47-4ce0-4970-944e-624fd1e2ad3d@group-FD2032A2FA14-FollowerState] INFO  impl.RoleInfo (RoleInfo.java:updateAndGet(139)) - 6c743a47-4ce0-4970-944e-624fd1e2ad3d: start 6c743a47-4ce0-4970-944e-624fd1e2ad3d@group-FD2032A2FA14-LeaderElection79
2022-06-16 16:22:16,644 [cbc12831-31a5-4f31-a046-b81d852f61de@group-D5DCD881B8EA-FollowerState] INFO  impl.FollowerState (FollowerState.java:run(143)) - cbc12831-31a5-4f31-a046-b81d852f61de@group-D5DCD881B8EA-FollowerState: change to CANDIDATE, lastRpcElapsedTime:5108513501ns, electionTimeout:5108ms
2022-06-16 16:22:16,644 [cbc12831-31a5-4f31-a046-b81d852f61de@group-D5DCD881B8EA-FollowerState] INFO  impl.RoleInfo (RoleInfo.java:shutdownFollowerState(110)) - cbc12831-31a5-4f31-a046-b81d852f61de: shutdown cbc12831-31a5-4f31-a046-b81d852f61de@group-D5DCD881B8EA-FollowerState
2022-06-16 16:22:16,644 [cbc12831-31a5-4f31-a046-b81d852f61de@group-D5DCD881B8EA-FollowerState] INFO  server.RaftServer$Division (RaftServerImpl.java:setRole(299)) - cbc12831-31a5-4f31-a046-b81d852f61de@group-D5DCD881B8EA: changes role from  FOLLOWER to CANDIDATE at term 5 for changeToCandidate
2022-06-16 16:22:16,647 [995fc94b-3f8e-410c-9bb6-8c0a727652de@group-FD2032A2FA14-LeaderElection78] INFO  impl.LeaderElection (LeaderElection.java:askForVotes(310)) - 995fc94b-3f8e-410c-9bb6-8c0a727652de@group-FD2032A2FA14-LeaderElection78 ELECTION round 0: submit vote requests at term 6 for -1: [995fc94b-3f8e-410c-9bb6-8c0a727652de|rpc:10.1.0.16:43709|dataStream:|priority:0, cbc12831-31a5-4f31-a046-b81d852f61de|rpc:10.1.0.16:42913|dataStream:|priority:0, 6c743a47-4ce0-4970-944e-624fd1e2ad3d|rpc:10.1.0.16:44833|dataStream:|priority:1], old=null
2022-06-16 16:22:16,667 [grpc-default-executor-2] INFO  server.RaftServer$Division (RaftServerImpl.java:requestVote(1152)) - cbc12831-31a5-4f31-a046-b81d852f61de@group-D5DCD881B8EA: receive requestVote(ELECTION, 6c743a47-4ce0-4970-944e-624fd1e2ad3d, group-D5DCD881B8EA, 6, (t:0, i:0))
2022-06-16 16:22:16,683 [cbc12831-31a5-4f31-a046-b81d852f61de@group-D5DCD881B8EA-FollowerState] INFO  server.RaftServerConfigKeys (ConfUtils.java:logGet(46)) - raft.server.leaderelection.pre-vote = false (custom)
2022-06-16 16:22:16,683 [cbc12831-31a5-4f31-a046-b81d852f61de@group-D5DCD881B8EA-FollowerState] INFO  impl.RoleInfo (RoleInfo.java:updateAndGet(139)) - cbc12831-31a5-4f31-a046-b81d852f61de: start cbc12831-31a5-4f31-a046-b81d852f61de@group-D5DCD881B8EA-LeaderElection80
2022-06-16 16:22:16,690 [grpc-default-executor-3] INFO  server.RaftServer$Division (RaftServerImpl.java:requestVote(1152)) - cbc12831-31a5-4f31-a046-b81d852f61de@group-FD2032A2FA14: receive requestVote(ELECTION, 995fc94b-3f8e-410c-9bb6-8c0a727652de, group-FD2032A2FA14, 6, (t:0, i:0))
2022-06-16 16:22:16,690 [grpc-default-executor-3] INFO  impl.VoteContext (VoteContext.java:log(48)) - cbc12831-31a5-4f31-a046-b81d852f61de@group-FD2032A2FA14-FOLLOWER: accept ELECTION from 995fc94b-3f8e-410c-9bb6-8c0a727652de: our priority 0 <= candidate's priority 0
2022-06-16 16:22:16,690 [grpc-default-executor-3] INFO  server.RaftServer$Division (RaftServerImpl.java:setRole(299)) - cbc12831-31a5-4f31-a046-b81d852f61de@group-FD2032A2FA14: changes role from  FOLLOWER to FOLLOWER at term 6 for candidate:995fc94b-3f8e-410c-9bb6-8c0a727652de
2022-06-16 16:22:16,690 [grpc-default-executor-3] INFO  impl.RoleInfo (RoleInfo.java:shutdownFollowerState(110)) - cbc12831-31a5-4f31-a046-b81d852f61de: shutdown cbc12831-31a5-4f31-a046-b81d852f61de@group-FD2032A2FA14-FollowerState
2022-06-16 16:22:16,690 [grpc-default-executor-3] INFO  impl.RoleInfo (RoleInfo.java:updateAndGet(139)) - cbc12831-31a5-4f31-a046-b81d852f61de: start cbc12831-31a5-4f31-a046-b81d852f61de@group-FD2032A2FA14-FollowerState
2022-06-16 16:22:16,690 [cbc12831-31a5-4f31-a046-b81d852f61de@group-FD2032A2FA14-FollowerState] INFO  impl.FollowerState (FollowerState.java:run(152)) - cbc12831-31a5-4f31-a046-b81d852f61de@group-FD2032A2FA14-FollowerState was interrupted
2022-06-16 16:22:16,699 [grpc-default-executor-0] INFO  server.RaftServer$Division (RaftServerImpl.java:requestVote(1152)) - 6c743a47-4ce0-4970-944e-624fd1e2ad3d@group-FD2032A2FA14: receive requestVote(ELECTION, 995fc94b-3f8e-410c-9bb6-8c0a727652de, group-FD2032A2FA14, 6, (t:0, i:0))
2022-06-16 16:22:16,699 [grpc-default-executor-0] INFO  impl.VoteContext (VoteContext.java:log(48)) - 6c743a47-4ce0-4970-944e-624fd1e2ad3d@group-FD2032A2FA14-CANDIDATE: reject ELECTION from 995fc94b-3f8e-410c-9bb6-8c0a727652de: our priority 1 > candidate's priority 0
2022-06-16 16:22:16,699 [grpc-default-executor-0] INFO  server.RaftServer$Division (RaftServerImpl.java:setRole(299)) - 6c743a47-4ce0-4970-944e-624fd1e2ad3d@group-FD2032A2FA14: changes role from CANDIDATE to FOLLOWER at term 6 for candidate:995fc94b-3f8e-410c-9bb6-8c0a727652de
2022-06-16 16:22:16,699 [grpc-default-executor-0] INFO  impl.RoleInfo (RoleInfo.java:shutdownLeaderElection(130)) - 6c743a47-4ce0-4970-944e-624fd1e2ad3d: shutdown 6c743a47-4ce0-4970-944e-624fd1e2ad3d@group-FD2032A2FA14-LeaderElection79
2022-06-16 16:22:16,721 [grpc-default-executor-3] INFO  server.RaftServer$Division (RaftServerImpl.java:requestVote(1184)) - cbc12831-31a5-4f31-a046-b81d852f61de@group-FD2032A2FA14 replies to ELECTION vote request: 995fc94b-3f8e-410c-9bb6-8c0a727652de<-cbc12831-31a5-4f31-a046-b81d852f61de#0:OK-t6. Peer's state: cbc12831-31a5-4f31-a046-b81d852f61de@group-FD2032A2FA14:t6, leader=null, voted=995fc94b-3f8e-410c-9bb6-8c0a727652de, raftlog=cbc12831-31a5-4f31-a046-b81d852f61de@group-FD2032A2FA14-SegmentedRaftLog:OPENED:c-1, conf=-1: [995fc94b-3f8e-410c-9bb6-8c0a727652de|rpc:10.1.0.16:43709|priority:0, cbc12831-31a5-4f31-a046-b81d852f61de|rpc:10.1.0.16:42913|priority:0, 6c743a47-4ce0-4970-944e-624fd1e2ad3d|rpc:10.1.0.16:44833|priority:1], old=null
2022-06-16 16:22:16,734 [6c743a47-4ce0-4970-944e-624fd1e2ad3d@group-FD2032A2FA14-LeaderElection79] INFO  impl.LeaderElection (LeaderElection.java:run(231)) - 6c743a47-4ce0-4970-944e-624fd1e2ad3d@group-FD2032A2FA14-LeaderElection79: skip running since this is already CLOSING
2022-06-16 16:22:16,734 [grpc-default-executor-4] INFO  impl.RoleInfo (RoleInfo.java:updateAndGet(139)) - 995fc94b-3f8e-410c-9bb6-8c0a727652de: start 995fc94b-3f8e-410c-9bb6-8c0a727652de@group-D5DCD881B8EA-FollowerState
2022-06-16 16:22:16,734 [grpc-default-executor-0] INFO  impl.RoleInfo (RoleInfo.java:updateAndGet(139)) - 6c743a47-4ce0-4970-944e-624fd1e2ad3d: start 6c743a47-4ce0-4970-944e-624fd1e2ad3d@group-FD2032A2FA14-FollowerState
2022-06-16 16:22:16,735 [995fc94b-3f8e-410c-9bb6-8c0a727652de@group-D5DCD881B8EA-FollowerState] INFO  impl.FollowerState (FollowerState.java:run(152)) - 995fc94b-3f8e-410c-9bb6-8c0a727652de@group-D5DCD881B8EA-FollowerState was interrupted
2022-06-16 16:22:16,735 [grpc-default-executor-4] INFO  server.RaftServer$Division (RaftServerImpl.java:requestVote(1184)) - 995fc94b-3f8e-410c-9bb6-8c0a727652de@group-D5DCD881B8EA replies to ELECTION vote request: 6c743a47-4ce0-4970-944e-624fd1e2ad3d<-995fc94b-3f8e-410c-9bb6-8c0a727652de#0:FAIL-t6. Peer's state: 995fc94b-3f8e-410c-9bb6-8c0a727652de@group-D5DCD881B8EA:t6, leader=null, voted=null, raftlog=995fc94b-3f8e-410c-9bb6-8c0a727652de@group-D5DCD881B8EA-SegmentedRaftLog:OPENED:c-1, conf=-1: [995fc94b-3f8e-410c-9bb6-8c0a727652de|rpc:10.1.0.16:43709|dataStream:|priority:1, cbc12831-31a5-4f31-a046-b81d852f61de|rpc:10.1.0.16:42913|dataStream:|priority:0, 6c743a47-4ce0-4970-944e-624fd1e2ad3d|rpc:10.1.0.16:44833|dataStream:|priority:0], old=null
2022-06-16 16:22:16,801 [grpc-default-executor-2] INFO  impl.VoteContext (VoteContext.java:log(48)) - cbc12831-31a5-4f31-a046-b81d852f61de@group-D5DCD881B8EA-CANDIDATE: accept ELECTION from 6c743a47-4ce0-4970-944e-624fd1e2ad3d: our priority 0 <= candidate's priority 0
2022-06-16 16:22:16,802 [grpc-default-executor-2] INFO  server.RaftServer$Division (RaftServerImpl.java:setRole(299)) - cbc12831-31a5-4f31-a046-b81d852f61de@group-D5DCD881B8EA: changes role from CANDIDATE to FOLLOWER at term 6 for candidate:6c743a47-4ce0-4970-944e-624fd1e2ad3d
2022-06-16 16:22:16,802 [grpc-default-executor-2] INFO  impl.RoleInfo (RoleInfo.java:shutdownLeaderElection(130)) - cbc12831-31a5-4f31-a046-b81d852f61de: shutdown cbc12831-31a5-4f31-a046-b81d852f61de@group-D5DCD881B8EA-LeaderElection80
2022-06-16 16:22:16,802 [grpc-default-executor-2] INFO  impl.RoleInfo (RoleInfo.java:updateAndGet(139)) - cbc12831-31a5-4f31-a046-b81d852f61de: start cbc12831-31a5-4f31-a046-b81d852f61de@group-D5DCD881B8EA-FollowerState
2022-06-16 16:22:16,826 [grpc-default-executor-2] INFO  server.RaftServer$Division (RaftServerImpl.java:requestVote(1184)) - cbc12831-31a5-4f31-a046-b81d852f61de@group-D5DCD881B8EA replies to ELECTION vote request: 6c743a47-4ce0-4970-944e-624fd1e2ad3d<-cbc12831-31a5-4f31-a046-b81d852f61de#0:OK-t6. Peer's state: cbc12831-31a5-4f31-a046-b81d852f61de@group-D5DCD881B8EA:t6, leader=null, voted=6c743a47-4ce0-4970-944e-624fd1e2ad3d, raftlog=cbc12831-31a5-4f31-a046-b81d852f61de@group-D5DCD881B8EA-SegmentedRaftLog:OPENED:c-1, conf=-1: [995fc94b-3f8e-410c-9bb6-8c0a727652de|rpc:10.1.0.16:43709|priority:1, cbc12831-31a5-4f31-a046-b81d852f61de|rpc:10.1.0.16:42913|priority:0, 6c743a47-4ce0-4970-944e-624fd1e2ad3d|rpc:10.1.0.16:44833|priority:0], old=null
2022-06-16 16:22:16,832 [grpc-default-executor-0] INFO  server.RaftServer$Division (RaftServerImpl.java:requestVote(1184)) - 6c743a47-4ce0-4970-944e-624fd1e2ad3d@group-FD2032A2FA14 replies to ELECTION vote request: 995fc94b-3f8e-410c-9bb6-8c0a727652de<-6c743a47-4ce0-4970-944e-624fd1e2ad3d#0:FAIL-t6. Peer's state: 6c743a47-4ce0-4970-944e-624fd1e2ad3d@group-FD2032A2FA14:t6, leader=null, voted=null, raftlog=6c743a47-4ce0-4970-944e-624fd1e2ad3d@group-FD2032A2FA14-SegmentedRaftLog:OPENED:c-1, conf=-1: [995fc94b-3f8e-410c-9bb6-8c0a727652de|rpc:10.1.0.16:43709|priority:0, cbc12831-31a5-4f31-a046-b81d852f61de|rpc:10.1.0.16:42913|priority:0, 6c743a47-4ce0-4970-944e-624fd1e2ad3d|rpc:10.1.0.16:44833|priority:1], old=null
2022-06-16 16:22:16,834 [6c743a47-4ce0-4970-944e-624fd1e2ad3d@group-D5DCD881B8EA-LeaderElection77] INFO  impl.LeaderElection (LeaderElection.java:logAndReturn(90)) - 6c743a47-4ce0-4970-944e-624fd1e2ad3d@group-D5DCD881B8EA-LeaderElection77: ELECTION REJECTED received 1 response(s) and 0 exception(s):
2022-06-16 16:22:16,834 [6c743a47-4ce0-4970-944e-624fd1e2ad3d@group-D5DCD881B8EA-LeaderElection77] INFO  impl.LeaderElection (LeaderElection.java:logAndReturn(94)) -   Response 0: 6c743a47-4ce0-4970-944e-624fd1e2ad3d<-995fc94b-3f8e-410c-9bb6-8c0a727652de#0:FAIL-t6
2022-06-16 16:22:16,834 [6c743a47-4ce0-4970-944e-624fd1e2ad3d@group-D5DCD881B8EA-LeaderElection77] INFO  impl.LeaderElection (LeaderElection.java:askForVotes(312)) - 6c743a47-4ce0-4970-944e-624fd1e2ad3d@group-D5DCD881B8EA-LeaderElection77 ELECTION round 0: result REJECTED
2022-06-16 16:22:16,834 [6c743a47-4ce0-4970-944e-624fd1e2ad3d@group-D5DCD881B8EA-LeaderElection77] INFO  server.RaftServer$Division (RaftServerImpl.java:setRole(299)) - 6c743a47-4ce0-4970-944e-624fd1e2ad3d@group-D5DCD881B8EA: changes role from CANDIDATE to FOLLOWER at term 6 for REJECTED
2022-06-16 16:22:16,834 [6c743a47-4ce0-4970-944e-624fd1e2ad3d@group-D5DCD881B8EA-LeaderElection77] INFO  impl.RoleInfo (RoleInfo.java:shutdownLeaderElection(130)) - 6c743a47-4ce0-4970-944e-624fd1e2ad3d: shutdown 6c743a47-4ce0-4970-944e-624fd1e2ad3d@group-D5DCD881B8EA-LeaderElection77
2022-06-16 16:22:16,834 [6c743a47-4ce0-4970-944e-624fd1e2ad3d@group-D5DCD881B8EA-LeaderElection77] INFO  impl.RoleInfo (RoleInfo.java:updateAndGet(139)) - 6c743a47-4ce0-4970-944e-624fd1e2ad3d: start 6c743a47-4ce0-4970-944e-624fd1e2ad3d@group-D5DCD881B8EA-FollowerState
2022-06-16 16:22:16,858 [995fc94b-3f8e-410c-9bb6-8c0a727652de@group-FD2032A2FA14-LeaderElection78] INFO  impl.LeaderElection (LeaderElection.java:logAndReturn(90)) - 995fc94b-3f8e-410c-9bb6-8c0a727652de@group-FD2032A2FA14-LeaderElection78: ELECTION REJECTED received 2 response(s) and 0 exception(s):
2022-06-16 16:22:16,858 [995fc94b-3f8e-410c-9bb6-8c0a727652de@group-FD2032A2FA14-LeaderElection78] INFO  impl.LeaderElection (LeaderElection.java:logAndReturn(94)) -   Response 0: 995fc94b-3f8e-410c-9bb6-8c0a727652de<-cbc12831-31a5-4f31-a046-b81d852f61de#0:OK-t6
2022-06-16 16:22:16,858 [995fc94b-3f8e-410c-9bb6-8c0a727652de@group-FD2032A2FA14-LeaderElection78] INFO  impl.LeaderElection (LeaderElection.java:logAndReturn(94)) -   Response 1: 995fc94b-3f8e-410c-9bb6-8c0a727652de<-6c743a47-4ce0-4970-944e-624fd1e2ad3d#0:FAIL-t6
2022-06-16 16:22:16,858 [995fc94b-3f8e-410c-9bb6-8c0a727652de@group-FD2032A2FA14-LeaderElection78] INFO  impl.LeaderElection (LeaderElection.java:askForVotes(312)) - 995fc94b-3f8e-410c-9bb6-8c0a727652de@group-FD2032A2FA14-LeaderElection78 ELECTION round 0: result REJECTED
2022-06-16 16:22:16,858 [995fc94b-3f8e-410c-9bb6-8c0a727652de@group-FD2032A2FA14-LeaderElection78] INFO  server.RaftServer$Division (RaftServerImpl.java:setRole(299)) - 995fc94b-3f8e-410c-9bb6-8c0a727652de@group-FD2032A2FA14: changes role from CANDIDATE to FOLLOWER at term 6 for REJECTED
2022-06-16 16:22:16,859 [995fc94b-3f8e-410c-9bb6-8c0a727652de@group-FD2032A2FA14-LeaderElection78] INFO  impl.RoleInfo (RoleInfo.java:shutdownLeaderElection(130)) - 995fc94b-3f8e-410c-9bb6-8c0a727652de: shutdown 995fc94b-3f8e-410c-9bb6-8c0a727652de@group-FD2032A2FA14-LeaderElection78
2022-06-16 16:22:16,859 [995fc94b-3f8e-410c-9bb6-8c0a727652de@group-FD2032A2FA14-LeaderElection78] INFO  impl.RoleInfo (RoleInfo.java:updateAndGet(139)) - 995fc94b-3f8e-410c-9bb6-8c0a727652de: start 995fc94b-3f8e-410c-9bb6-8c0a727652de@group-FD2032A2FA14-FollowerState
2022-06-16 16:22:17,374 [Listener at 127.0.0.1/33505] INFO  ozone.MiniOzoneClusterImpl (MiniOzoneClusterImpl.java:lambda$waitForClusterToBeReady$0(221)) - Nodes are ready. Got 5 of 5 DN Heartbeats.
2022-06-16 16:22:17,374 [Listener at 127.0.0.1/33505] INFO  ozone.MiniOzoneClusterImpl (MiniOzoneClusterImpl.java:lambda$waitForClusterToBeReady$0(224)) - Waiting for cluster to exit safe mode
2022-06-16 16:22:17,374 [Listener at 127.0.0.1/33505] INFO  ozone.MiniOzoneClusterImpl (MiniOzoneClusterImpl.java:lambda$waitForClusterToBeReady$0(226)) - SCM became leader
2022-06-16 16:22:18,378 [Listener at 127.0.0.1/33505] INFO  ozone.MiniOzoneClusterImpl (MiniOzoneClusterImpl.java:lambda$waitForClusterToBeReady$0(221)) - Nodes are ready. Got 5 of 5 DN Heartbeats.
2022-06-16 16:22:18,378 [Listener at 127.0.0.1/33505] INFO  ozone.MiniOzoneClusterImpl (MiniOzoneClusterImpl.java:lambda$waitForClusterToBeReady$0(224)) - Waiting for cluster to exit safe mode
2022-06-16 16:22:18,378 [Listener at 127.0.0.1/33505] INFO  ozone.MiniOzoneClusterImpl (MiniOzoneClusterImpl.java:lambda$waitForClusterToBeReady$0(226)) - SCM became leader
2022-06-16 16:22:19,382 [Listener at 127.0.0.1/33505] INFO  ozone.MiniOzoneClusterImpl (MiniOzoneClusterImpl.java:lambda$waitForClusterToBeReady$0(221)) - Nodes are ready. Got 5 of 5 DN Heartbeats.
2022-06-16 16:22:19,382 [Listener at 127.0.0.1/33505] INFO  ozone.MiniOzoneClusterImpl (MiniOzoneClusterImpl.java:lambda$waitForClusterToBeReady$0(224)) - Waiting for cluster to exit safe mode
2022-06-16 16:22:19,382 [Listener at 127.0.0.1/33505] INFO  ozone.MiniOzoneClusterImpl (MiniOzoneClusterImpl.java:lambda$waitForClusterToBeReady$0(226)) - SCM became leader
2022-06-16 16:22:20,382 [Listener at 127.0.0.1/33505] INFO  ozone.MiniOzoneClusterImpl (MiniOzoneClusterImpl.java:lambda$waitForClusterToBeReady$0(221)) - Nodes are ready. Got 5 of 5 DN Heartbeats.
2022-06-16 16:22:20,383 [Listener at 127.0.0.1/33505] INFO  ozone.MiniOzoneClusterImpl (MiniOzoneClusterImpl.java:lambda$waitForClusterToBeReady$0(224)) - Waiting for cluster to exit safe mode
2022-06-16 16:22:20,383 [Listener at 127.0.0.1/33505] INFO  ozone.MiniOzoneClusterImpl (MiniOzoneClusterImpl.java:lambda$waitForClusterToBeReady$0(226)) - SCM became leader
2022-06-16 16:22:21,383 [Listener at 127.0.0.1/33505] INFO  ozone.MiniOzoneClusterImpl (MiniOzoneClusterImpl.java:lambda$waitForClusterToBeReady$0(221)) - Nodes are ready. Got 5 of 5 DN Heartbeats.
2022-06-16 16:22:21,383 [Listener at 127.0.0.1/33505] INFO  ozone.MiniOzoneClusterImpl (MiniOzoneClusterImpl.java:lambda$waitForClusterToBeReady$0(224)) - Waiting for cluster to exit safe mode
2022-06-16 16:22:21,383 [Listener at 127.0.0.1/33505] INFO  ozone.MiniOzoneClusterImpl (MiniOzoneClusterImpl.java:lambda$waitForClusterToBeReady$0(226)) - SCM became leader
2022-06-16 16:22:21,838 [cbc12831-31a5-4f31-a046-b81d852f61de@group-FD2032A2FA14-FollowerState] INFO  impl.FollowerState (FollowerState.java:run(143)) - cbc12831-31a5-4f31-a046-b81d852f61de@group-FD2032A2FA14-FollowerState: change to CANDIDATE, lastRpcElapsedTime:5117010424ns, electionTimeout:5092ms
2022-06-16 16:22:21,838 [cbc12831-31a5-4f31-a046-b81d852f61de@group-FD2032A2FA14-FollowerState] INFO  impl.RoleInfo (RoleInfo.java:shutdownFollowerState(110)) - cbc12831-31a5-4f31-a046-b81d852f61de: shutdown cbc12831-31a5-4f31-a046-b81d852f61de@group-FD2032A2FA14-FollowerState
2022-06-16 16:22:21,838 [cbc12831-31a5-4f31-a046-b81d852f61de@group-FD2032A2FA14-FollowerState] INFO  server.RaftServer$Division (RaftServerImpl.java:setRole(299)) - cbc12831-31a5-4f31-a046-b81d852f61de@group-FD2032A2FA14: changes role from  FOLLOWER to CANDIDATE at term 6 for changeToCandidate
2022-06-16 16:22:21,838 [cbc12831-31a5-4f31-a046-b81d852f61de@group-FD2032A2FA14-FollowerState] INFO  server.RaftServerConfigKeys (ConfUtils.java:logGet(46)) - raft.server.leaderelection.pre-vote = false (custom)
2022-06-16 16:22:21,838 [cbc12831-31a5-4f31-a046-b81d852f61de@group-FD2032A2FA14-FollowerState] INFO  impl.RoleInfo (RoleInfo.java:updateAndGet(139)) - cbc12831-31a5-4f31-a046-b81d852f61de: start cbc12831-31a5-4f31-a046-b81d852f61de@group-FD2032A2FA14-LeaderElection81
2022-06-16 16:22:21,852 [cbc12831-31a5-4f31-a046-b81d852f61de@group-FD2032A2FA14-LeaderElection81] INFO  impl.LeaderElection (LeaderElection.java:askForVotes(310)) - cbc12831-31a5-4f31-a046-b81d852f61de@group-FD2032A2FA14-LeaderElection81 ELECTION round 0: submit vote requests at term 7 for -1: [995fc94b-3f8e-410c-9bb6-8c0a727652de|rpc:10.1.0.16:43709|priority:0, cbc12831-31a5-4f31-a046-b81d852f61de|rpc:10.1.0.16:42913|priority:0, 6c743a47-4ce0-4970-944e-624fd1e2ad3d|rpc:10.1.0.16:44833|priority:1], old=null
2022-06-16 16:22:21,869 [995fc94b-3f8e-410c-9bb6-8c0a727652de@group-D5DCD881B8EA-FollowerState] INFO  impl.FollowerState (FollowerState.java:run(143)) - 995fc94b-3f8e-410c-9bb6-8c0a727652de@group-D5DCD881B8EA-FollowerState: change to CANDIDATE, lastRpcElapsedTime:5134778851ns, electionTimeout:5134ms
2022-06-16 16:22:21,869 [995fc94b-3f8e-410c-9bb6-8c0a727652de@group-D5DCD881B8EA-FollowerState] INFO  impl.RoleInfo (RoleInfo.java:shutdownFollowerState(110)) - 995fc94b-3f8e-410c-9bb6-8c0a727652de: shutdown 995fc94b-3f8e-410c-9bb6-8c0a727652de@group-D5DCD881B8EA-FollowerState
2022-06-16 16:22:21,869 [995fc94b-3f8e-410c-9bb6-8c0a727652de@group-D5DCD881B8EA-FollowerState] INFO  server.RaftServer$Division (RaftServerImpl.java:setRole(299)) - 995fc94b-3f8e-410c-9bb6-8c0a727652de@group-D5DCD881B8EA: changes role from  FOLLOWER to CANDIDATE at term 6 for changeToCandidate
2022-06-16 16:22:21,878 [995fc94b-3f8e-410c-9bb6-8c0a727652de@group-D5DCD881B8EA-FollowerState] INFO  server.RaftServerConfigKeys (ConfUtils.java:logGet(46)) - raft.server.leaderelection.pre-vote = false (custom)
2022-06-16 16:22:21,878 [995fc94b-3f8e-410c-9bb6-8c0a727652de@group-D5DCD881B8EA-FollowerState] INFO  impl.RoleInfo (RoleInfo.java:updateAndGet(139)) - 995fc94b-3f8e-410c-9bb6-8c0a727652de: start 995fc94b-3f8e-410c-9bb6-8c0a727652de@group-D5DCD881B8EA-LeaderElection82
2022-06-16 16:22:21,880 [grpc-default-executor-0] INFO  server.RaftServer$Division (RaftServerImpl.java:requestVote(1152)) - 995fc94b-3f8e-410c-9bb6-8c0a727652de@group-FD2032A2FA14: receive requestVote(ELECTION, cbc12831-31a5-4f31-a046-b81d852f61de, group-FD2032A2FA14, 7, (t:0, i:0))
2022-06-16 16:22:21,880 [grpc-default-executor-0] INFO  impl.VoteContext (VoteContext.java:log(48)) - 995fc94b-3f8e-410c-9bb6-8c0a727652de@group-FD2032A2FA14-FOLLOWER: accept ELECTION from cbc12831-31a5-4f31-a046-b81d852f61de: our priority 0 <= candidate's priority 0
2022-06-16 16:22:21,880 [grpc-default-executor-0] INFO  server.RaftServer$Division (RaftServerImpl.java:setRole(299)) - 995fc94b-3f8e-410c-9bb6-8c0a727652de@group-FD2032A2FA14: changes role from  FOLLOWER to FOLLOWER at term 7 for candidate:cbc12831-31a5-4f31-a046-b81d852f61de
2022-06-16 16:22:21,880 [grpc-default-executor-0] INFO  impl.RoleInfo (RoleInfo.java:shutdownFollowerState(110)) - 995fc94b-3f8e-410c-9bb6-8c0a727652de: shutdown 995fc94b-3f8e-410c-9bb6-8c0a727652de@group-FD2032A2FA14-FollowerState
2022-06-16 16:22:21,882 [grpc-default-executor-0] INFO  impl.RoleInfo (RoleInfo.java:updateAndGet(139)) - 995fc94b-3f8e-410c-9bb6-8c0a727652de: start 995fc94b-3f8e-410c-9bb6-8c0a727652de@group-FD2032A2FA14-FollowerState
2022-06-16 16:22:21,882 [995fc94b-3f8e-410c-9bb6-8c0a727652de@group-FD2032A2FA14-FollowerState] INFO  impl.FollowerState (FollowerState.java:run(152)) - 995fc94b-3f8e-410c-9bb6-8c0a727652de@group-FD2032A2FA14-FollowerState was interrupted
2022-06-16 16:22:21,899 [6c743a47-4ce0-4970-944e-624fd1e2ad3d@group-FD2032A2FA14-FollowerState] INFO  impl.FollowerState (FollowerState.java:run(143)) - 6c743a47-4ce0-4970-944e-624fd1e2ad3d@group-FD2032A2FA14-FollowerState: change to CANDIDATE, lastRpcElapsedTime:5164558898ns, electionTimeout:5067ms
2022-06-16 16:22:21,899 [6c743a47-4ce0-4970-944e-624fd1e2ad3d@group-FD2032A2FA14-FollowerState] INFO  impl.RoleInfo (RoleInfo.java:shutdownFollowerState(110)) - 6c743a47-4ce0-4970-944e-624fd1e2ad3d: shutdown 6c743a47-4ce0-4970-944e-624fd1e2ad3d@group-FD2032A2FA14-FollowerState
2022-06-16 16:22:21,899 [6c743a47-4ce0-4970-944e-624fd1e2ad3d@group-FD2032A2FA14-FollowerState] INFO  server.RaftServer$Division (RaftServerImpl.java:setRole(299)) - 6c743a47-4ce0-4970-944e-624fd1e2ad3d@group-FD2032A2FA14: changes role from  FOLLOWER to CANDIDATE at term 6 for changeToCandidate
2022-06-16 16:22:21,902 [995fc94b-3f8e-410c-9bb6-8c0a727652de@group-D5DCD881B8EA-LeaderElection82] INFO  impl.LeaderElection (LeaderElection.java:askForVotes(310)) - 995fc94b-3f8e-410c-9bb6-8c0a727652de@group-D5DCD881B8EA-LeaderElection82 ELECTION round 0: submit vote requests at term 7 for -1: [995fc94b-3f8e-410c-9bb6-8c0a727652de|rpc:10.1.0.16:43709|dataStream:|priority:1, cbc12831-31a5-4f31-a046-b81d852f61de|rpc:10.1.0.16:42913|dataStream:|priority:0, 6c743a47-4ce0-4970-944e-624fd1e2ad3d|rpc:10.1.0.16:44833|dataStream:|priority:0], old=null
2022-06-16 16:22:21,916 [grpc-default-executor-0] INFO  server.RaftServer$Division (RaftServerImpl.java:requestVote(1184)) - 995fc94b-3f8e-410c-9bb6-8c0a727652de@group-FD2032A2FA14 replies to ELECTION vote request: cbc12831-31a5-4f31-a046-b81d852f61de<-995fc94b-3f8e-410c-9bb6-8c0a727652de#0:OK-t7. Peer's state: 995fc94b-3f8e-410c-9bb6-8c0a727652de@group-FD2032A2FA14:t7, leader=null, voted=cbc12831-31a5-4f31-a046-b81d852f61de, raftlog=995fc94b-3f8e-410c-9bb6-8c0a727652de@group-FD2032A2FA14-SegmentedRaftLog:OPENED:c-1, conf=-1: [995fc94b-3f8e-410c-9bb6-8c0a727652de|rpc:10.1.0.16:43709|dataStream:|priority:0, cbc12831-31a5-4f31-a046-b81d852f61de|rpc:10.1.0.16:42913|dataStream:|priority:0, 6c743a47-4ce0-4970-944e-624fd1e2ad3d|rpc:10.1.0.16:44833|dataStream:|priority:1], old=null
2022-06-16 16:22:21,922 [cbc12831-31a5-4f31-a046-b81d852f61de@group-D5DCD881B8EA-FollowerState] INFO  impl.FollowerState (FollowerState.java:run(143)) - cbc12831-31a5-4f31-a046-b81d852f61de@group-D5DCD881B8EA-FollowerState: change to CANDIDATE, lastRpcElapsedTime:5096164092ns, electionTimeout:5060ms
2022-06-16 16:22:21,922 [cbc12831-31a5-4f31-a046-b81d852f61de@group-D5DCD881B8EA-FollowerState] INFO  impl.RoleInfo (RoleInfo.java:shutdownFollowerState(110)) - cbc12831-31a5-4f31-a046-b81d852f61de: shutdown cbc12831-31a5-4f31-a046-b81d852f61de@group-D5DCD881B8EA-FollowerState
2022-06-16 16:22:21,922 [cbc12831-31a5-4f31-a046-b81d852f61de@group-D5DCD881B8EA-FollowerState] INFO  server.RaftServer$Division (RaftServerImpl.java:setRole(299)) - cbc12831-31a5-4f31-a046-b81d852f61de@group-D5DCD881B8EA: changes role from  FOLLOWER to CANDIDATE at term 6 for changeToCandidate
2022-06-16 16:22:21,950 [6c743a47-4ce0-4970-944e-624fd1e2ad3d@group-FD2032A2FA14-FollowerState] INFO  server.RaftServerConfigKeys (ConfUtils.java:logGet(46)) - raft.server.leaderelection.pre-vote = false (custom)
2022-06-16 16:22:21,950 [6c743a47-4ce0-4970-944e-624fd1e2ad3d@group-FD2032A2FA14-FollowerState] INFO  impl.RoleInfo (RoleInfo.java:updateAndGet(139)) - 6c743a47-4ce0-4970-944e-624fd1e2ad3d: start 6c743a47-4ce0-4970-944e-624fd1e2ad3d@group-FD2032A2FA14-LeaderElection83
2022-06-16 16:22:21,953 [cbc12831-31a5-4f31-a046-b81d852f61de@group-D5DCD881B8EA-FollowerState] INFO  server.RaftServerConfigKeys (ConfUtils.java:logGet(46)) - raft.server.leaderelection.pre-vote = false (custom)
2022-06-16 16:22:21,953 [cbc12831-31a5-4f31-a046-b81d852f61de@group-D5DCD881B8EA-FollowerState] INFO  impl.RoleInfo (RoleInfo.java:updateAndGet(139)) - cbc12831-31a5-4f31-a046-b81d852f61de: start cbc12831-31a5-4f31-a046-b81d852f61de@group-D5DCD881B8EA-LeaderElection84
2022-06-16 16:22:21,954 [grpc-default-executor-4] INFO  server.RaftServer$Division (RaftServerImpl.java:requestVote(1152)) - cbc12831-31a5-4f31-a046-b81d852f61de@group-D5DCD881B8EA: receive requestVote(ELECTION, 995fc94b-3f8e-410c-9bb6-8c0a727652de, group-D5DCD881B8EA, 7, (t:0, i:0))
2022-06-16 16:22:21,955 [grpc-default-executor-2] INFO  server.RaftServer$Division (RaftServerImpl.java:requestVote(1152)) - 6c743a47-4ce0-4970-944e-624fd1e2ad3d@group-FD2032A2FA14: receive requestVote(ELECTION, cbc12831-31a5-4f31-a046-b81d852f61de, group-FD2032A2FA14, 7, (t:0, i:0))
2022-06-16 16:22:21,955 [grpc-default-executor-2] INFO  impl.VoteContext (VoteContext.java:log(48)) - 6c743a47-4ce0-4970-944e-624fd1e2ad3d@group-FD2032A2FA14-CANDIDATE: reject ELECTION from cbc12831-31a5-4f31-a046-b81d852f61de: our priority 1 > candidate's priority 0
2022-06-16 16:22:21,955 [grpc-default-executor-2] INFO  server.RaftServer$Division (RaftServerImpl.java:setRole(299)) - 6c743a47-4ce0-4970-944e-624fd1e2ad3d@group-FD2032A2FA14: changes role from CANDIDATE to FOLLOWER at term 7 for candidate:cbc12831-31a5-4f31-a046-b81d852f61de
2022-06-16 16:22:21,955 [grpc-default-executor-2] INFO  impl.RoleInfo (RoleInfo.java:shutdownLeaderElection(130)) - 6c743a47-4ce0-4970-944e-624fd1e2ad3d: shutdown 6c743a47-4ce0-4970-944e-624fd1e2ad3d@group-FD2032A2FA14-LeaderElection83
2022-06-16 16:22:21,955 [grpc-default-executor-0] INFO  server.RaftServer$Division (RaftServerImpl.java:requestVote(1152)) - 6c743a47-4ce0-4970-944e-624fd1e2ad3d@group-D5DCD881B8EA: receive requestVote(ELECTION, 995fc94b-3f8e-410c-9bb6-8c0a727652de, group-D5DCD881B8EA, 7, (t:0, i:0))
2022-06-16 16:22:21,955 [grpc-default-executor-0] INFO  impl.VoteContext (VoteContext.java:log(48)) - 6c743a47-4ce0-4970-944e-624fd1e2ad3d@group-D5DCD881B8EA-FOLLOWER: accept ELECTION from 995fc94b-3f8e-410c-9bb6-8c0a727652de: our priority 0 <= candidate's priority 1
2022-06-16 16:22:21,955 [grpc-default-executor-0] INFO  server.RaftServer$Division (RaftServerImpl.java:setRole(299)) - 6c743a47-4ce0-4970-944e-624fd1e2ad3d@group-D5DCD881B8EA: changes role from  FOLLOWER to FOLLOWER at term 7 for candidate:995fc94b-3f8e-410c-9bb6-8c0a727652de
2022-06-16 16:22:21,955 [grpc-default-executor-0] INFO  impl.RoleInfo (RoleInfo.java:shutdownFollowerState(110)) - 6c743a47-4ce0-4970-944e-624fd1e2ad3d: shutdown 6c743a47-4ce0-4970-944e-624fd1e2ad3d@group-D5DCD881B8EA-FollowerState
2022-06-16 16:22:21,955 [6c743a47-4ce0-4970-944e-624fd1e2ad3d@group-FD2032A2FA14-LeaderElection83] INFO  impl.LeaderElection (LeaderElection.java:run(231)) - 6c743a47-4ce0-4970-944e-624fd1e2ad3d@group-FD2032A2FA14-LeaderElection83: skip running since this is already CLOSING
2022-06-16 16:22:21,955 [grpc-default-executor-4] INFO  impl.VoteContext (VoteContext.java:log(48)) - cbc12831-31a5-4f31-a046-b81d852f61de@group-D5DCD881B8EA-CANDIDATE: accept ELECTION from 995fc94b-3f8e-410c-9bb6-8c0a727652de: our priority 0 <= candidate's priority 1
2022-06-16 16:22:21,955 [grpc-default-executor-4] INFO  server.RaftServer$Division (RaftServerImpl.java:setRole(299)) - cbc12831-31a5-4f31-a046-b81d852f61de@group-D5DCD881B8EA: changes role from CANDIDATE to FOLLOWER at term 7 for candidate:995fc94b-3f8e-410c-9bb6-8c0a727652de
2022-06-16 16:22:21,955 [grpc-default-executor-4] INFO  impl.RoleInfo (RoleInfo.java:shutdownLeaderElection(130)) - cbc12831-31a5-4f31-a046-b81d852f61de: shutdown cbc12831-31a5-4f31-a046-b81d852f61de@group-D5DCD881B8EA-LeaderElection84
2022-06-16 16:22:21,955 [grpc-default-executor-4] INFO  impl.RoleInfo (RoleInfo.java:updateAndGet(139)) - cbc12831-31a5-4f31-a046-b81d852f61de: start cbc12831-31a5-4f31-a046-b81d852f61de@group-D5DCD881B8EA-FollowerState
2022-06-16 16:22:21,955 [cbc12831-31a5-4f31-a046-b81d852f61de@group-D5DCD881B8EA-LeaderElection84] INFO  impl.LeaderElection (LeaderElection.java:run(231)) - cbc12831-31a5-4f31-a046-b81d852f61de@group-D5DCD881B8EA-LeaderElection84: skip running since this is already CLOSING
2022-06-16 16:22:21,956 [grpc-default-executor-0] INFO  impl.RoleInfo (RoleInfo.java:updateAndGet(139)) - 6c743a47-4ce0-4970-944e-624fd1e2ad3d: start 6c743a47-4ce0-4970-944e-624fd1e2ad3d@group-D5DCD881B8EA-FollowerState
2022-06-16 16:22:21,956 [6c743a47-4ce0-4970-944e-624fd1e2ad3d@group-D5DCD881B8EA-FollowerState] INFO  impl.FollowerState (FollowerState.java:run(152)) - 6c743a47-4ce0-4970-944e-624fd1e2ad3d@group-D5DCD881B8EA-FollowerState was interrupted
2022-06-16 16:22:21,956 [grpc-default-executor-2] INFO  impl.RoleInfo (RoleInfo.java:updateAndGet(139)) - 6c743a47-4ce0-4970-944e-624fd1e2ad3d: start 6c743a47-4ce0-4970-944e-624fd1e2ad3d@group-FD2032A2FA14-FollowerState
2022-06-16 16:22:21,957 [grpc-default-executor-4] INFO  server.RaftServer$Division (RaftServerImpl.java:requestVote(1184)) - cbc12831-31a5-4f31-a046-b81d852f61de@group-D5DCD881B8EA replies to ELECTION vote request: 995fc94b-3f8e-410c-9bb6-8c0a727652de<-cbc12831-31a5-4f31-a046-b81d852f61de#0:OK-t7. Peer's state: cbc12831-31a5-4f31-a046-b81d852f61de@group-D5DCD881B8EA:t7, leader=null, voted=995fc94b-3f8e-410c-9bb6-8c0a727652de, raftlog=cbc12831-31a5-4f31-a046-b81d852f61de@group-D5DCD881B8EA-SegmentedRaftLog:OPENED:c-1, conf=-1: [995fc94b-3f8e-410c-9bb6-8c0a727652de|rpc:10.1.0.16:43709|priority:1, cbc12831-31a5-4f31-a046-b81d852f61de|rpc:10.1.0.16:42913|priority:0, 6c743a47-4ce0-4970-944e-624fd1e2ad3d|rpc:10.1.0.16:44833|priority:0], old=null
2022-06-16 16:22:21,962 [grpc-default-executor-0] INFO  server.RaftServer$Division (RaftServerImpl.java:requestVote(1184)) - 6c743a47-4ce0-4970-944e-624fd1e2ad3d@group-D5DCD881B8EA replies to ELECTION vote request: 995fc94b-3f8e-410c-9bb6-8c0a727652de<-6c743a47-4ce0-4970-944e-624fd1e2ad3d#0:OK-t7. Peer's state: 6c743a47-4ce0-4970-944e-624fd1e2ad3d@group-D5DCD881B8EA:t7, leader=null, voted=995fc94b-3f8e-410c-9bb6-8c0a727652de, raftlog=6c743a47-4ce0-4970-944e-624fd1e2ad3d@group-D5DCD881B8EA-SegmentedRaftLog:OPENED:c-1, conf=-1: [995fc94b-3f8e-410c-9bb6-8c0a727652de|rpc:10.1.0.16:43709|priority:1, cbc12831-31a5-4f31-a046-b81d852f61de|rpc:10.1.0.16:42913|priority:0, 6c743a47-4ce0-4970-944e-624fd1e2ad3d|rpc:10.1.0.16:44833|priority:0], old=null
2022-06-16 16:22:21,981 [995fc94b-3f8e-410c-9bb6-8c0a727652de@group-D5DCD881B8EA-LeaderElection82] INFO  impl.LeaderElection (LeaderElection.java:logAndReturn(90)) - 995fc94b-3f8e-410c-9bb6-8c0a727652de@group-D5DCD881B8EA-LeaderElection82: ELECTION PASSED received 1 response(s) and 0 exception(s):
2022-06-16 16:22:21,981 [995fc94b-3f8e-410c-9bb6-8c0a727652de@group-D5DCD881B8EA-LeaderElection82] INFO  impl.LeaderElection (LeaderElection.java:logAndReturn(94)) -   Response 0: 995fc94b-3f8e-410c-9bb6-8c0a727652de<-6c743a47-4ce0-4970-944e-624fd1e2ad3d#0:OK-t7
2022-06-16 16:22:21,981 [995fc94b-3f8e-410c-9bb6-8c0a727652de@group-D5DCD881B8EA-LeaderElection82] INFO  impl.LeaderElection (LeaderElection.java:askForVotes(312)) - 995fc94b-3f8e-410c-9bb6-8c0a727652de@group-D5DCD881B8EA-LeaderElection82 ELECTION round 0: result PASSED
2022-06-16 16:22:21,981 [995fc94b-3f8e-410c-9bb6-8c0a727652de@group-D5DCD881B8EA-LeaderElection82] INFO  impl.RoleInfo (RoleInfo.java:shutdownLeaderElection(130)) - 995fc94b-3f8e-410c-9bb6-8c0a727652de: shutdown 995fc94b-3f8e-410c-9bb6-8c0a727652de@group-D5DCD881B8EA-LeaderElection82
2022-06-16 16:22:21,981 [995fc94b-3f8e-410c-9bb6-8c0a727652de@group-D5DCD881B8EA-LeaderElection82] INFO  server.RaftServer$Division (RaftServerImpl.java:setRole(299)) - 995fc94b-3f8e-410c-9bb6-8c0a727652de@group-D5DCD881B8EA: changes role from CANDIDATE to LEADER at term 7 for changeToLeader
2022-06-16 16:22:21,981 [995fc94b-3f8e-410c-9bb6-8c0a727652de@group-D5DCD881B8EA-LeaderElection82] INFO  ratis.XceiverServerRatis (XceiverServerRatis.java:handleLeaderChangedNotification(863)) - Leader change notification received for group: group-D5DCD881B8EA with new leaderId: 995fc94b-3f8e-410c-9bb6-8c0a727652de
2022-06-16 16:22:21,981 [995fc94b-3f8e-410c-9bb6-8c0a727652de@group-D5DCD881B8EA-LeaderElection82] INFO  server.RaftServer$Division (ServerState.java:setLeader(287)) - 995fc94b-3f8e-410c-9bb6-8c0a727652de@group-D5DCD881B8EA: change Leader from null to 995fc94b-3f8e-410c-9bb6-8c0a727652de at term 7 for becomeLeader, leader elected after 36970ms
2022-06-16 16:22:21,981 [995fc94b-3f8e-410c-9bb6-8c0a727652de@group-D5DCD881B8EA-LeaderElection82] INFO  server.RaftServerConfigKeys (ConfUtils.java:logGet(46)) - raft.server.staging.catchup.gap = 1000 (default)
2022-06-16 16:22:21,981 [995fc94b-3f8e-410c-9bb6-8c0a727652de@group-D5DCD881B8EA-LeaderElection82] INFO  server.RaftServerConfigKeys (ConfUtils.java:logGet(46)) - raft.server.write.element-limit = 1024 (custom)
2022-06-16 16:22:21,981 [995fc94b-3f8e-410c-9bb6-8c0a727652de@group-D5DCD881B8EA-LeaderElection82] INFO  server.RaftServerConfigKeys (ConfUtils.java:logGet(46)) - raft.server.write.byte-limit = 1024 M (=1073741824) (custom)
2022-06-16 16:22:21,981 [995fc94b-3f8e-410c-9bb6-8c0a727652de@group-D5DCD881B8EA-LeaderElection82] INFO  server.RaftServerConfigKeys (ConfUtils.java:logGet(46)) - raft.server.watch.timeout = 180s (custom)
2022-06-16 16:22:21,982 [995fc94b-3f8e-410c-9bb6-8c0a727652de@group-D5DCD881B8EA-LeaderElection82] INFO  server.RaftServerConfigKeys (ConfUtils.java:logGet(46)) - raft.server.watch.timeout.denomination = 1s (default)
2022-06-16 16:22:21,982 [995fc94b-3f8e-410c-9bb6-8c0a727652de@group-D5DCD881B8EA-LeaderElection82] INFO  server.RaftServerConfigKeys (ConfUtils.java:logGet(46)) - raft.server.watch.element-limit = 65536 (default)
2022-06-16 16:22:21,982 [995fc94b-3f8e-410c-9bb6-8c0a727652de@group-D5DCD881B8EA-LeaderElection82] INFO  server.RaftServerConfigKeys (ConfUtils.java:logGet(46)) - raft.server.write.element-limit = 1024 (custom)
2022-06-16 16:22:21,982 [995fc94b-3f8e-410c-9bb6-8c0a727652de@group-D5DCD881B8EA-LeaderElection82] INFO  server.RaftServerConfigKeys (ConfUtils.java:logGet(46)) - raft.server.write.follower.gap.ratio.max = -1.0 (default)
2022-06-16 16:22:21,982 [995fc94b-3f8e-410c-9bb6-8c0a727652de@group-D5DCD881B8EA-LeaderElection82] INFO  server.RaftServerConfigKeys (ConfUtils.java:logGet(46)) - raft.server.log.appender.snapshot.chunk.size.max = 16MB (=16777216) (default)
2022-06-16 16:22:21,982 [995fc94b-3f8e-410c-9bb6-8c0a727652de@group-D5DCD881B8EA-LeaderElection82] INFO  server.RaftServerConfigKeys (ConfUtils.java:logGet(46)) - raft.server.log.appender.buffer.byte-limit = 33554432 (custom)
2022-06-16 16:22:21,982 [995fc94b-3f8e-410c-9bb6-8c0a727652de@group-D5DCD881B8EA-LeaderElection82] INFO  server.RaftServerConfigKeys (ConfUtils.java:logGet(46)) - raft.server.log.appender.buffer.element-limit = 1 (custom)
2022-06-16 16:22:21,983 [995fc94b-3f8e-410c-9bb6-8c0a727652de@group-D5DCD881B8EA-LeaderElection82] INFO  grpc.GrpcConfigKeys (ConfUtils.java:logGet(46)) - raft.grpc.server.leader.outstanding.appends.max = 128 (default)
2022-06-16 16:22:21,983 [995fc94b-3f8e-410c-9bb6-8c0a727652de@group-D5DCD881B8EA-LeaderElection82] INFO  server.RaftServerConfigKeys (ConfUtils.java:logGet(46)) - raft.server.rpc.request.timeout = 60s (custom)
2022-06-16 16:22:21,983 [995fc94b-3f8e-410c-9bb6-8c0a727652de@group-D5DCD881B8EA-LeaderElection82] INFO  server.RaftServerConfigKeys (ConfUtils.java:logGet(46)) - raft.server.log.appender.install.snapshot.enabled = false (custom)
2022-06-16 16:22:21,984 [995fc94b-3f8e-410c-9bb6-8c0a727652de@group-D5DCD881B8EA-LeaderElection82] INFO  server.RaftServerConfigKeys (ConfUtils.java:logGet(46)) - raft.server.log.appender.snapshot.chunk.size.max = 16MB (=16777216) (default)
2022-06-16 16:22:21,984 [995fc94b-3f8e-410c-9bb6-8c0a727652de@group-D5DCD881B8EA-LeaderElection82] INFO  server.RaftServerConfigKeys (ConfUtils.java:logGet(46)) - raft.server.log.appender.buffer.byte-limit = 33554432 (custom)
2022-06-16 16:22:21,984 [995fc94b-3f8e-410c-9bb6-8c0a727652de@group-D5DCD881B8EA-LeaderElection82] INFO  server.RaftServerConfigKeys (ConfUtils.java:logGet(46)) - raft.server.log.appender.buffer.element-limit = 1 (custom)
2022-06-16 16:22:21,984 [995fc94b-3f8e-410c-9bb6-8c0a727652de@group-D5DCD881B8EA-LeaderElection82] INFO  grpc.GrpcConfigKeys (ConfUtils.java:logGet(46)) - raft.grpc.server.leader.outstanding.appends.max = 128 (default)
2022-06-16 16:22:21,984 [995fc94b-3f8e-410c-9bb6-8c0a727652de@group-D5DCD881B8EA-LeaderElection82] INFO  server.RaftServerConfigKeys (ConfUtils.java:logGet(46)) - raft.server.rpc.request.timeout = 60s (custom)
2022-06-16 16:22:21,984 [995fc94b-3f8e-410c-9bb6-8c0a727652de@group-D5DCD881B8EA-LeaderElection82] INFO  server.RaftServerConfigKeys (ConfUtils.java:logGet(46)) - raft.server.log.appender.install.snapshot.enabled = false (custom)
2022-06-16 16:22:21,984 [995fc94b-3f8e-410c-9bb6-8c0a727652de@group-D5DCD881B8EA-LeaderElection82] INFO  impl.RoleInfo (RoleInfo.java:updateAndGet(139)) - 995fc94b-3f8e-410c-9bb6-8c0a727652de: start 995fc94b-3f8e-410c-9bb6-8c0a727652de@group-D5DCD881B8EA-LeaderStateImpl
2022-06-16 16:22:21,984 [995fc94b-3f8e-410c-9bb6-8c0a727652de@group-D5DCD881B8EA-LeaderElection82] INFO  segmented.SegmentedRaftLogWorker (SegmentedRaftLogWorker.java:startLogSegment(425)) - 995fc94b-3f8e-410c-9bb6-8c0a727652de@group-D5DCD881B8EA-SegmentedRaftLogWorker: Starting segment from index:0
2022-06-16 16:22:21,986 [grpc-default-executor-2] INFO  server.RaftServer$Division (RaftServerImpl.java:requestVote(1184)) - 6c743a47-4ce0-4970-944e-624fd1e2ad3d@group-FD2032A2FA14 replies to ELECTION vote request: cbc12831-31a5-4f31-a046-b81d852f61de<-6c743a47-4ce0-4970-944e-624fd1e2ad3d#0:FAIL-t7. Peer's state: 6c743a47-4ce0-4970-944e-624fd1e2ad3d@group-FD2032A2FA14:t7, leader=null, voted=null, raftlog=6c743a47-4ce0-4970-944e-624fd1e2ad3d@group-FD2032A2FA14-SegmentedRaftLog:OPENED:c-1, conf=-1: [995fc94b-3f8e-410c-9bb6-8c0a727652de|rpc:10.1.0.16:43709|priority:0, cbc12831-31a5-4f31-a046-b81d852f61de|rpc:10.1.0.16:42913|priority:0, 6c743a47-4ce0-4970-944e-624fd1e2ad3d|rpc:10.1.0.16:44833|priority:1], old=null
2022-06-16 16:22:21,986 [cbc12831-31a5-4f31-a046-b81d852f61de@group-FD2032A2FA14-LeaderElection81] INFO  impl.LeaderElection (LeaderElection.java:logAndReturn(90)) - cbc12831-31a5-4f31-a046-b81d852f61de@group-FD2032A2FA14-LeaderElection81: ELECTION REJECTED received 2 response(s) and 0 exception(s):
2022-06-16 16:22:21,986 [cbc12831-31a5-4f31-a046-b81d852f61de@group-FD2032A2FA14-LeaderElection81] INFO  impl.LeaderElection (LeaderElection.java:logAndReturn(94)) -   Response 0: cbc12831-31a5-4f31-a046-b81d852f61de<-995fc94b-3f8e-410c-9bb6-8c0a727652de#0:OK-t7
2022-06-16 16:22:21,986 [cbc12831-31a5-4f31-a046-b81d852f61de@group-FD2032A2FA14-LeaderElection81] INFO  impl.LeaderElection (LeaderElection.java:logAndReturn(94)) -   Response 1: cbc12831-31a5-4f31-a046-b81d852f61de<-6c743a47-4ce0-4970-944e-624fd1e2ad3d#0:FAIL-t7
2022-06-16 16:22:21,986 [cbc12831-31a5-4f31-a046-b81d852f61de@group-FD2032A2FA14-LeaderElection81] INFO  impl.LeaderElection (LeaderElection.java:askForVotes(312)) - cbc12831-31a5-4f31-a046-b81d852f61de@group-FD2032A2FA14-LeaderElection81 ELECTION round 0: result REJECTED
2022-06-16 16:22:21,986 [cbc12831-31a5-4f31-a046-b81d852f61de@group-FD2032A2FA14-LeaderElection81] INFO  server.RaftServer$Division (RaftServerImpl.java:setRole(299)) - cbc12831-31a5-4f31-a046-b81d852f61de@group-FD2032A2FA14: changes role from CANDIDATE to FOLLOWER at term 7 for REJECTED
2022-06-16 16:22:21,986 [cbc12831-31a5-4f31-a046-b81d852f61de@group-FD2032A2FA14-LeaderElection81] INFO  impl.RoleInfo (RoleInfo.java:shutdownLeaderElection(130)) - cbc12831-31a5-4f31-a046-b81d852f61de: shutdown cbc12831-31a5-4f31-a046-b81d852f61de@group-FD2032A2FA14-LeaderElection81
2022-06-16 16:22:21,987 [cbc12831-31a5-4f31-a046-b81d852f61de@group-FD2032A2FA14-LeaderElection81] INFO  impl.RoleInfo (RoleInfo.java:updateAndGet(139)) - cbc12831-31a5-4f31-a046-b81d852f61de: start cbc12831-31a5-4f31-a046-b81d852f61de@group-FD2032A2FA14-FollowerState
2022-06-16 16:22:21,988 [995fc94b-3f8e-410c-9bb6-8c0a727652de@group-D5DCD881B8EA-SegmentedRaftLogWorker] INFO  segmented.SegmentedRaftLogWorker (SegmentedRaftLogWorker.java:execute(629)) - 995fc94b-3f8e-410c-9bb6-8c0a727652de@group-D5DCD881B8EA-SegmentedRaftLogWorker: created new log segment /home/runner/work/ozone/ozone/hadoop-ozone/integration-test/target/test-dir/MiniOzoneClusterImpl-41de4505-4fce-475e-a877-0dc0879048ec/datanode-2/data/ratis/c3dacbae-8d80-4417-b43c-d5dcd881b8ea/current/log_inprogress_0
2022-06-16 16:22:21,994 [EventQueue-PipelineReportForPipelineReportHandler] INFO  pipeline.PipelineManagerImpl (PipelineManagerImpl.java:openPipeline(356)) - Pipeline Pipeline[ Id: c3dacbae-8d80-4417-b43c-d5dcd881b8ea, Nodes: 995fc94b-3f8e-410c-9bb6-8c0a727652de{ip: 10.1.0.16, host: fv-az37-268.zqe2tmcsx5vuvjs3sdc4q2yfud.gx.internal.cloudapp.net, ports: [REPLICATION=33241, RATIS=43709, RATIS_ADMIN=43709, RATIS_SERVER=43709, STANDALONE=37239], networkLocation: /default-rack, certSerialId: null, persistedOpState: IN_SERVICE, persistedOpStateExpiryEpochSec: 0}6c743a47-4ce0-4970-944e-624fd1e2ad3d{ip: 10.1.0.16, host: fv-az37-268.zqe2tmcsx5vuvjs3sdc4q2yfud.gx.internal.cloudapp.net, ports: [REPLICATION=45633, RATIS=44833, RATIS_ADMIN=44833, RATIS_SERVER=44833, STANDALONE=41629], networkLocation: /default-rack, certSerialId: null, persistedOpState: IN_SERVICE, persistedOpStateExpiryEpochSec: 0}cbc12831-31a5-4f31-a046-b81d852f61de{ip: 10.1.0.16, host: fv-az37-268.zqe2tmcsx5vuvjs3sdc4q2yfud.gx.internal.cloudapp.net, ports: [REPLICATION=45157, RATIS=42913, RATIS_ADMIN=42913, RATIS_SERVER=42913, STANDALONE=40547], networkLocation: /default-rack, certSerialId: null, persistedOpState: IN_SERVICE, persistedOpStateExpiryEpochSec: 0}, ReplicationConfig: RATIS/THREE, State:ALLOCATED, leaderId:995fc94b-3f8e-410c-9bb6-8c0a727652de, CreationTimestamp2022-06-16T16:21:43.167Z[Etc/UTC]] moved to OPEN state
2022-06-16 16:22:21,995 [EventQueue-OpenPipelineForHealthyPipelineSafeModeRule] INFO  safemode.SCMSafeModeManager (HealthyPipelineSafeModeRule.java:process(124)) - SCM in safe mode. Healthy pipelines reported count is 1, required healthy pipeline reported count is 1
2022-06-16 16:22:21,995 [EventQueue-OpenPipelineForHealthyPipelineSafeModeRule] INFO  safemode.SCMSafeModeManager (SCMSafeModeManager.java:validateSafeModeExitRules(204)) - HealthyPipelineSafeModeRule rule is successfully validated
2022-06-16 16:22:21,995 [EventQueue-OpenPipelineForHealthyPipelineSafeModeRule] INFO  safemode.SCMSafeModeManager (SCMSafeModeManager.java:validateSafeModeExitRules(219)) - ScmSafeModeManager, all rules are successfully validated
2022-06-16 16:22:21,995 [EventQueue-OpenPipelineForHealthyPipelineSafeModeRule] INFO  safemode.SCMSafeModeManager (SCMSafeModeManager.java:exitSafeMode(248)) - SCM exiting safe mode.
2022-06-16 16:22:21,995 [EventQueue-OpenPipelineForHealthyPipelineSafeModeRule] WARN  events.EventQueue (EventQueue.java:fireEvent(194)) - No event handler registered for event TypedEvent{payloadType=SafeModeStatus, name='Safe mode status'}
2022-06-16 16:22:21,995 [EventQueue-OpenPipelineForHealthyPipelineSafeModeRule] INFO  ha.SCMContext (SCMContext.java:updateSafeModeStatus(228)) - Update SafeModeStatus from SafeModeStatus{safeModeStatus=true, preCheckPassed=true} to SafeModeStatus{safeModeStatus=false, preCheckPassed=true}.
2022-06-16 16:22:21,995 [EventQueue-OpenPipelineForHealthyPipelineSafeModeRule] INFO  pipeline.BackgroundPipelineCreator (BackgroundPipelineCreator.java:notifyStatusChanged(251)) - Service BackgroundPipelineCreator transitions to RUNNING.
2022-06-16 16:22:21,995 [EventQueue-OpenPipelineForHealthyPipelineSafeModeRule] INFO  BackgroundPipelineScrubber (BackgroundSCMService.java:notifyStatusChanged(82)) - Service BackgroundPipelineScrubber transitions to RUNNING.
2022-06-16 16:22:21,995 [EventQueue-OpenPipelineForHealthyPipelineSafeModeRule] INFO  ExpiredContainerReplicaOpScrubber (BackgroundSCMService.java:notifyStatusChanged(82)) - Service ExpiredContainerReplicaOpScrubber transitions to RUNNING.
2022-06-16 16:22:21,995 [EventQueue-OpenPipelineForHealthyPipelineSafeModeRule] INFO  replication.ReplicationManager (ReplicationManager.java:notifyStatusChanged(372)) - Service ReplicationManager transitions to RUNNING.
2022-06-16 16:22:21,995 [EventQueue-OpenPipelineForHealthyPipelineSafeModeRule] WARN  balancer.ContainerBalancer (ContainerBalancer.java:shouldRun(875)) - Could not find persisted configuration for ContainerBalancer when checking if ContainerBalancer should run. ContainerBalancer should not run now.
2022-06-16 16:22:22,011 [995fc94b-3f8e-410c-9bb6-8c0a727652de@group-D5DCD881B8EA-LeaderElection82] INFO  server.RaftServer$Division (ServerState.java:setRaftConf(393)) - 995fc94b-3f8e-410c-9bb6-8c0a727652de@group-D5DCD881B8EA: set configuration 0: [995fc94b-3f8e-410c-9bb6-8c0a727652de|rpc:10.1.0.16:43709|dataStream:|priority:1, cbc12831-31a5-4f31-a046-b81d852f61de|rpc:10.1.0.16:42913|dataStream:|priority:0, 6c743a47-4ce0-4970-944e-624fd1e2ad3d|rpc:10.1.0.16:44833|dataStream:|priority:0], old=null
2022-06-16 16:22:22,073 [cbc12831-31a5-4f31-a046-b81d852f61de-server-thread1] INFO  ratis.XceiverServerRatis (XceiverServerRatis.java:handleLeaderChangedNotification(863)) - Leader change notification received for group: group-D5DCD881B8EA with new leaderId: 995fc94b-3f8e-410c-9bb6-8c0a727652de
2022-06-16 16:22:22,073 [cbc12831-31a5-4f31-a046-b81d852f61de-server-thread1] INFO  server.RaftServer$Division (ServerState.java:setLeader(287)) - cbc12831-31a5-4f31-a046-b81d852f61de@group-D5DCD881B8EA: change Leader from null to 995fc94b-3f8e-410c-9bb6-8c0a727652de at term 7 for appendEntries, leader elected after 37174ms
2022-06-16 16:22:22,082 [6c743a47-4ce0-4970-944e-624fd1e2ad3d-server-thread1] INFO  ratis.XceiverServerRatis (XceiverServerRatis.java:handleLeaderChangedNotification(863)) - Leader change notification received for group: group-D5DCD881B8EA with new leaderId: 995fc94b-3f8e-410c-9bb6-8c0a727652de
2022-06-16 16:22:22,082 [6c743a47-4ce0-4970-944e-624fd1e2ad3d-server-thread1] INFO  server.RaftServer$Division (ServerState.java:setLeader(287)) - 6c743a47-4ce0-4970-944e-624fd1e2ad3d@group-D5DCD881B8EA: change Leader from null to 995fc94b-3f8e-410c-9bb6-8c0a727652de at term 7 for appendEntries, leader elected after 37427ms
2022-06-16 16:22:22,202 [cbc12831-31a5-4f31-a046-b81d852f61de-server-thread2] INFO  server.RaftServer$Division (ServerState.java:setRaftConf(393)) - cbc12831-31a5-4f31-a046-b81d852f61de@group-D5DCD881B8EA: set configuration 0: [995fc94b-3f8e-410c-9bb6-8c0a727652de|rpc:10.1.0.16:43709|dataStream:|priority:1, cbc12831-31a5-4f31-a046-b81d852f61de|rpc:10.1.0.16:42913|dataStream:|priority:0, 6c743a47-4ce0-4970-944e-624fd1e2ad3d|rpc:10.1.0.16:44833|dataStream:|priority:0], old=null
2022-06-16 16:22:22,202 [cbc12831-31a5-4f31-a046-b81d852f61de-server-thread2] INFO  segmented.SegmentedRaftLogWorker (SegmentedRaftLogWorker.java:startLogSegment(425)) - cbc12831-31a5-4f31-a046-b81d852f61de@group-D5DCD881B8EA-SegmentedRaftLogWorker: Starting segment from index:0
2022-06-16 16:22:22,202 [6c743a47-4ce0-4970-944e-624fd1e2ad3d-server-thread1] INFO  server.RaftServer$Division (ServerState.java:setRaftConf(393)) - 6c743a47-4ce0-4970-944e-624fd1e2ad3d@group-D5DCD881B8EA: set configuration 0: [995fc94b-3f8e-410c-9bb6-8c0a727652de|rpc:10.1.0.16:43709|dataStream:|priority:1, cbc12831-31a5-4f31-a046-b81d852f61de|rpc:10.1.0.16:42913|dataStream:|priority:0, 6c743a47-4ce0-4970-944e-624fd1e2ad3d|rpc:10.1.0.16:44833|dataStream:|priority:0], old=null
2022-06-16 16:22:22,203 [6c743a47-4ce0-4970-944e-624fd1e2ad3d-server-thread1] INFO  segmented.SegmentedRaftLogWorker (SegmentedRaftLogWorker.java:startLogSegment(425)) - 6c743a47-4ce0-4970-944e-624fd1e2ad3d@group-D5DCD881B8EA-SegmentedRaftLogWorker: Starting segment from index:0
2022-06-16 16:22:22,205 [cbc12831-31a5-4f31-a046-b81d852f61de@group-D5DCD881B8EA-SegmentedRaftLogWorker] INFO  segmented.SegmentedRaftLogWorker (SegmentedRaftLogWorker.java:execute(629)) - cbc12831-31a5-4f31-a046-b81d852f61de@group-D5DCD881B8EA-SegmentedRaftLogWorker: created new log segment /home/runner/work/ozone/ozone/hadoop-ozone/integration-test/target/test-dir/MiniOzoneClusterImpl-41de4505-4fce-475e-a877-0dc0879048ec/datanode-0/data/ratis/c3dacbae-8d80-4417-b43c-d5dcd881b8ea/current/log_inprogress_0
2022-06-16 16:22:22,206 [6c743a47-4ce0-4970-944e-624fd1e2ad3d@group-D5DCD881B8EA-SegmentedRaftLogWorker] INFO  segmented.SegmentedRaftLogWorker (SegmentedRaftLogWorker.java:execute(629)) - 6c743a47-4ce0-4970-944e-624fd1e2ad3d@group-D5DCD881B8EA-SegmentedRaftLogWorker: created new log segment /home/runner/work/ozone/ozone/hadoop-ozone/integration-test/target/test-dir/MiniOzoneClusterImpl-41de4505-4fce-475e-a877-0dc0879048ec/datanode-1/data/ratis/c3dacbae-8d80-4417-b43c-d5dcd881b8ea/current/log_inprogress_0
2022-06-16 16:22:22,384 [Listener at 127.0.0.1/33505] INFO  ozone.MiniOzoneClusterImpl (MiniOzoneClusterImpl.java:lambda$waitForClusterToBeReady$0(221)) - Nodes are ready. Got 5 of 5 DN Heartbeats.
2022-06-16 16:22:22,384 [Listener at 127.0.0.1/33505] INFO  ozone.MiniOzoneClusterImpl (MiniOzoneClusterImpl.java:lambda$waitForClusterToBeReady$0(224)) - Cluster exits safe mode
2022-06-16 16:22:22,384 [Listener at 127.0.0.1/33505] INFO  ozone.MiniOzoneClusterImpl (MiniOzoneClusterImpl.java:lambda$waitForClusterToBeReady$0(226)) - SCM became leader
2022-06-16 16:22:22,544 [Time-limited test] INFO  rpc.RpcClient (RpcClient.java:createVolume(466)) - Creating Volume: volume12830, with user50687 as owner and space quota set to -1 bytes, counts quota set to -1
2022-06-16 16:22:22,666 [OM StateMachine ApplyTransaction Thread - 0] INFO  volume.OMVolumeCreateRequest (OMVolumeCreateRequest.java:validateAndUpdateCache(195)) - created volume:volume12830 for user:user50687
2022-06-16 16:22:22,781 [Time-limited test] INFO  rpc.RpcClient (RpcClient.java:createBucket(666)) - Creating Bucket: volume12830/bucket22239, with the Bucket Layout LEGACY, runner as owner, Versioning false, Storage Type set to DISK and Encryption set to false 
2022-06-16 16:22:22,782 [OM StateMachine ApplyTransaction Thread - 0] INFO  bucket.OMBucketCreateRequest (OMBucketCreateRequest.java:validateAndUpdateCache(260)) - created bucket: bucket22239 of layout LEGACY in volume: volume12830
2022-06-16 16:22:22,884 [IPC Server handler 0 on default port 45321] INFO  ha.SequenceIdGenerator (SequenceIdGenerator.java:getNextId(127)) - Allocate a batch for containerId, change lastId from 0 to 1000.
2022-06-16 16:22:22,885 [IPC Server handler 0 on default port 45321] WARN  ha.SequenceIdGenerator (SequenceIdGenerator.java:allocateBatch(235)) - Failed to allocate a batch for localId, expected lastId is 0, actual lastId is 109611004723200000.
2022-06-16 16:22:22,885 [IPC Server handler 0 on default port 45321] INFO  ha.SequenceIdGenerator (SequenceIdGenerator.java:getNextId(127)) - Allocate a batch for localId, change lastId from 109611004723200000 to 109611004723201000.
16:22:22.943 [IPC Server handler 16 on default port 33505] ERROR OMAudit - user=runner | ip=127.0.0.1 | op=GET_FILE_STATUS {volume=volume12830, bucket=bucket22239, key=dir574/file1, dataSize=0, replicationConfig=null} | ret=FAILURE
org.apache.hadoop.ozone.om.exceptions.OMException: Unable to get file status: volume: volume12830 bucket: bucket22239 key: dir574/file1
	at org.apache.hadoop.ozone.om.KeyManagerImpl.getOzoneFileStatus(KeyManagerImpl.java:1283) ~[ozone-manager-1.3.0-SNAPSHOT.jar:?]
	at org.apache.hadoop.ozone.om.KeyManagerImpl.getFileStatus(KeyManagerImpl.java:1213) ~[ozone-manager-1.3.0-SNAPSHOT.jar:?]
	at org.apache.hadoop.ozone.om.OzoneManager.getFileStatus(OzoneManager.java:3419) ~[ozone-manager-1.3.0-SNAPSHOT.jar:?]
	at org.apache.hadoop.ozone.protocolPB.OzoneManagerRequestHandler.getOzoneFileStatus(OzoneManagerRequestHandler.java:871) ~[ozone-manager-1.3.0-SNAPSHOT.jar:?]
	at org.apache.hadoop.ozone.protocolPB.OzoneManagerRequestHandler.handleReadRequest(OzoneManagerRequestHandler.java:217) ~[ozone-manager-1.3.0-SNAPSHOT.jar:?]
	at org.apache.hadoop.ozone.protocolPB.OzoneManagerProtocolServerSideTranslatorPB.submitReadRequestToOM(OzoneManagerProtocolServerSideTranslatorPB.java:225) ~[ozone-manager-1.3.0-SNAPSHOT.jar:?]
	at org.apache.hadoop.ozone.protocolPB.OzoneManagerProtocolServerSideTranslatorPB.processRequest(OzoneManagerProtocolServerSideTranslatorPB.java:175) ~[ozone-manager-1.3.0-SNAPSHOT.jar:?]
	at org.apache.hadoop.hdds.server.OzoneProtocolMessageDispatcher.processRequest(OzoneProtocolMessageDispatcher.java:87) [hdds-server-framework-1.3.0-SNAPSHOT.jar:?]
	at org.apache.hadoop.ozone.protocolPB.OzoneManagerProtocolServerSideTranslatorPB.submitRequest(OzoneManagerProtocolServerSideTranslatorPB.java:147) [ozone-manager-1.3.0-SNAPSHOT.jar:?]
	at org.apache.hadoop.ozone.protocol.proto.OzoneManagerProtocolProtos$OzoneManagerService$2.callBlockingMethod(OzoneManagerProtocolProtos.java) [ozone-interface-client-1.3.0-SNAPSHOT.jar:?]
	at org.apache.hadoop.ipc.ProtobufRpcEngine$Server.processCall(ProtobufRpcEngine.java:466) [hadoop-common-3.3.1.jar:?]
	at org.apache.hadoop.ipc.ProtobufRpcEngine2$Server$ProtoBufRpcInvoker.call(ProtobufRpcEngine2.java:574) [hadoop-common-3.3.1.jar:?]
	at org.apache.hadoop.ipc.ProtobufRpcEngine2$Server$ProtoBufRpcInvoker.call(ProtobufRpcEngine2.java:552) [hadoop-common-3.3.1.jar:?]
	at org.apache.hadoop.ipc.RPC$Server.call(RPC.java:1093) [hadoop-common-3.3.1.jar:?]
	at org.apache.hadoop.ipc.Server$RpcCall.run(Server.java:1035) [hadoop-common-3.3.1.jar:?]
	at org.apache.hadoop.ipc.Server$RpcCall.run(Server.java:963) [hadoop-common-3.3.1.jar:?]
	at java.security.AccessController.doPrivileged(Native Method) ~[?:1.8.0_332]
	at javax.security.auth.Subject.doAs(Subject.java:422) [?:1.8.0_332]
	at org.apache.hadoop.security.UserGroupInformation.doAs(UserGroupInformation.java:1878) [hadoop-common-3.3.1.jar:?]
	at org.apache.hadoop.ipc.Server$Handler.run(Server.java:2966) [hadoop-common-3.3.1.jar:?]
]]></system-out>
  </testcase>
  <testcase name="testRenameFile" classname="TestRootedOzoneFileSystem" time="0.528">
    <system-out><![CDATA[2022-06-16 16:22:53,739 [Listener at 127.0.0.1/33505] INFO  ozone.MiniOzoneClusterImpl (MiniOzoneClusterImpl.java:shutdown(456)) - Shutting down the Mini Ozone Cluster
2022-06-16 16:22:53,739 [Listener at 127.0.0.1/33505] INFO  ozone.MiniOzoneClusterImpl (MiniOzoneClusterImpl.java:stop(471)) - Stopping the Mini Ozone Cluster
2022-06-16 16:22:53,739 [Listener at 127.0.0.1/33505] INFO  ozone.MiniOzoneClusterImpl (MiniOzoneClusterImpl.java:stopOM(553)) - Stopping the OzoneManager
2022-06-16 16:22:53,740 [Listener at 127.0.0.1/33505] INFO  om.OzoneManager (OzoneManager.java:stop(2020)) - om1[localhost:0]: Stopping Ozone Manager
2022-06-16 16:22:53,740 [Listener at 127.0.0.1/33505] INFO  ipc.Server (Server.java:stop(3414)) - Stopping server on 33505
2022-06-16 16:22:53,762 [IPC Server Responder] INFO  ipc.Server (Server.java:run(1512)) - Stopping IPC Server Responder
2022-06-16 16:22:53,762 [Listener at 127.0.0.1/33505] INFO  server.RaftServer (RaftServerProxy.java:lambda$close$7(398)) - om1: close
2022-06-16 16:22:53,762 [Listener at 127.0.0.1/33505] INFO  server.RaftServer$Division (RaftServerImpl.java:lambda$close$4(434)) - om1@group-C5BA1605619E: shutdown
2022-06-16 16:22:53,762 [Listener at 127.0.0.1/33505] INFO  util.JmxRegister (JmxRegister.java:unregister(73)) - Successfully un-registered JMX Bean with object name Ratis:service=RaftServer,group=group-C5BA1605619E,id=om1
2022-06-16 16:22:53,762 [Listener at 127.0.0.1/33505] INFO  impl.RoleInfo (RoleInfo.java:shutdownLeaderState(93)) - om1: shutdown om1@group-C5BA1605619E-LeaderStateImpl
2022-06-16 16:22:53,762 [Listener at 127.0.0.1/33505] INFO  impl.PendingRequests (PendingRequests.java:sendNotLeaderResponses(282)) - om1@group-C5BA1605619E-PendingRequests: sendNotLeaderResponses
2022-06-16 16:22:53,774 [IPC Server listener on 0] INFO  ipc.Server (Server.java:run(1376)) - Stopping IPC Server listener on 0
2022-06-16 16:22:53,794 [Listener at 127.0.0.1/33505] INFO  impl.StateMachineUpdater (StateMachineUpdater.java:stopAndJoin(153)) - om1@group-C5BA1605619E-StateMachineUpdater: set stopIndex = 6952
2022-06-16 16:22:53,794 [om1@group-C5BA1605619E-StateMachineUpdater] INFO  ratis.OzoneManagerStateMachine (OzoneManagerStateMachine.java:takeSnapshot(441)) - Current Snapshot Index (t:1, i:6952)
2022-06-16 16:22:53,795 [om1@group-C5BA1605619E-StateMachineUpdater] INFO  impl.StateMachineUpdater (StateMachineUpdater.java:takeSnapshot(287)) - om1@group-C5BA1605619E-StateMachineUpdater: Took a snapshot at index 6952
2022-06-16 16:22:53,795 [om1@group-C5BA1605619E-StateMachineUpdater] INFO  impl.StateMachineUpdater (StateMachineUpdater.java:lambda$new$0(92)) - om1@group-C5BA1605619E-StateMachineUpdater: snapshotIndex: updateIncreasingly -1 -> 6952
2022-06-16 16:22:53,795 [om1@group-C5BA1605619E-StateMachineUpdater] INFO  ratis.OzoneManagerStateMachine (OzoneManagerStateMachine.java:close(495)) - StateMachine has shutdown. Shutdown OzoneManager if not already shutdown.
2022-06-16 16:22:53,795 [om1@group-C5BA1605619E-StateMachineUpdater] INFO  ratis.OzoneManagerDoubleBuffer (OzoneManagerDoubleBuffer.java:stop(465)) - Stopping OMDoubleBuffer flush thread
2022-06-16 16:22:53,795 [OMDoubleBufferFlushThread] INFO  ratis.OzoneManagerDoubleBuffer (OzoneManagerDoubleBuffer.java:flushTransactions(385)) - OMDoubleBuffer flush thread OMDoubleBufferFlushThread is interrupted and will exit.
2022-06-16 16:22:53,810 [Listener at 127.0.0.1/33505] INFO  server.RaftServer$Division (ServerState.java:close(429)) - om1@group-C5BA1605619E: closes. applyIndex: 6952
2022-06-16 16:22:53,814 [om1@group-C5BA1605619E-SegmentedRaftLogWorker] INFO  segmented.SegmentedRaftLogWorker (SegmentedRaftLogWorker.java:run(336)) - om1@group-C5BA1605619E-SegmentedRaftLogWorker was interrupted, exiting. There are 0 tasks remaining in the queue.
2022-06-16 16:22:53,814 [Listener at 127.0.0.1/33505] INFO  segmented.SegmentedRaftLogWorker (SegmentedRaftLogWorker.java:close(246)) - om1@group-C5BA1605619E-SegmentedRaftLogWorker close()
2022-06-16 16:22:53,817 [Listener at 127.0.0.1/33505] INFO  server.GrpcService (GrpcService.java:closeImpl(269)) - om1: shutdown server with port 9872 now
2022-06-16 16:22:53,824 [Listener at 127.0.0.1/33505] INFO  server.GrpcService (GrpcService.java:closeImpl(278)) - om1: shutdown server with port 9872 successfully
2022-06-16 16:22:53,824 [org.apache.ratis.util.JvmPauseMonitor$$Lambda$611/1702991963@6a58b145] INFO  util.JvmPauseMonitor (JvmPauseMonitor.java:run(109)) - JvmPauseMonitor-om1: Stopped
2022-06-16 16:22:53,824 [Listener at 127.0.0.1/33505] INFO  ratis.OzoneManagerStateMachine (OzoneManagerStateMachine.java:close(495)) - StateMachine has shutdown. Shutdown OzoneManager if not already shutdown.
2022-06-16 16:22:53,824 [Listener at 127.0.0.1/33505] INFO  ratis.OzoneManagerDoubleBuffer (OzoneManagerDoubleBuffer.java:stop(477)) - OMDoubleBuffer flush thread is not running.
2022-06-16 16:22:53,824 [Listener at 127.0.0.1/33505] INFO  utils.BackgroundService (BackgroundService.java:shutdown(132)) - Shutting down service KeyDeletingService
2022-06-16 16:22:53,825 [Listener at 127.0.0.1/33505] INFO  utils.BackgroundService (BackgroundService.java:shutdown(132)) - Shutting down service DirectoryDeletingService
2022-06-16 16:22:53,866 [Listener at 127.0.0.1/33505] INFO  handler.ContextHandler (ContextHandler.java:doStop(1153)) - Stopped o.e.j.w.WebAppContext@3d4d0260{ozoneManager,/,null,STOPPED}{file:/home/runner/work/ozone/ozone/hadoop-ozone/integration-test/target/test-classes/webapps/ozoneManager}
2022-06-16 16:22:53,874 [Listener at 127.0.0.1/33505] INFO  server.AbstractConnector (AbstractConnector.java:doStop(381)) - Stopped ServerConnector@1edf7722{HTTP/1.1, (http/1.1)}{0.0.0.0:0}
2022-06-16 16:22:53,874 [Listener at 127.0.0.1/33505] INFO  server.session (HouseKeeper.java:stopScavenging(149)) - node0 Stopped scavenging
2022-06-16 16:22:53,874 [Listener at 127.0.0.1/33505] INFO  handler.ContextHandler (ContextHandler.java:doStop(1153)) - Stopped o.e.j.s.ServletContextHandler@307ee504{static,/static,file:///home/runner/work/ozone/ozone/hadoop-ozone/integration-test/target/test-classes/webapps/static,STOPPED}
2022-06-16 16:22:53,874 [Listener at 127.0.0.1/33505] INFO  handler.ContextHandler (ContextHandler.java:doStop(1153)) - Stopped o.e.j.s.ServletContextHandler@52039841{logs,/logs,file:///home/runner/work/ozone/ozone/hadoop-ozone/integration-test/target/log,STOPPED}
2022-06-16 16:22:53,880 [Listener at 127.0.0.1/33505] INFO  ozone.MiniOzoneClusterImpl (MiniOzoneClusterImpl.java:stopDatanodes(530)) - Stopping the HddsDatanodes
2022-06-16 16:22:53,898 [Trash Emptier] ERROR util.ExitUtils (ExitUtils.java:terminate(133)) - Terminating with exit status -1: Thread[Trash Emptier,5,main] has thrown an uncaught exception
java.lang.UnsupportedOperationException: fs.getUri() not implemented in TrashOzoneFileSystem
	at org.apache.hadoop.ozone.om.TrashOzoneFileSystem.getUri(TrashOzoneFileSystem.java:125)
	at org.apache.hadoop.fs.FileSystem.close(FileSystem.java:2592)
	at org.apache.hadoop.ozone.om.TrashPolicyOzone$Emptier.run(TrashPolicyOzone.java:243)
	at java.lang.Thread.run(Thread.java:750)
2022-06-16 16:22:58,881 [ForkJoinPool.commonPool-worker-0] INFO  ozoneimpl.OzoneContainer (OzoneContainer.java:stop(365)) - Attempting to stop container services.
2022-06-16 16:22:58,881 [Listener at 127.0.0.1/33505] INFO  ozoneimpl.OzoneContainer (OzoneContainer.java:stop(365)) - Attempting to stop container services.
2022-06-16 16:22:58,891 [Listener at 127.0.0.1/33505] INFO  server.RaftServer (RaftServerProxy.java:lambda$close$7(398)) - 995fc94b-3f8e-410c-9bb6-8c0a727652de: close
2022-06-16 16:22:58,891 [Listener at 127.0.0.1/33505] INFO  server.RaftServer$Division (RaftServerImpl.java:lambda$close$4(434)) - 995fc94b-3f8e-410c-9bb6-8c0a727652de@group-FD2032A2FA14: shutdown
2022-06-16 16:22:58,891 [Listener at 127.0.0.1/33505] INFO  util.JmxRegister (JmxRegister.java:unregister(73)) - Successfully un-registered JMX Bean with object name Ratis:service=RaftServer,group=group-FD2032A2FA14,id=995fc94b-3f8e-410c-9bb6-8c0a727652de
2022-06-16 16:22:58,891 [Listener at 127.0.0.1/33505] INFO  impl.RoleInfo (RoleInfo.java:shutdownFollowerState(110)) - 995fc94b-3f8e-410c-9bb6-8c0a727652de: shutdown 995fc94b-3f8e-410c-9bb6-8c0a727652de@group-FD2032A2FA14-FollowerState
2022-06-16 16:22:58,891 [Listener at 127.0.0.1/33505] INFO  impl.StateMachineUpdater (StateMachineUpdater.java:stopAndJoin(153)) - 995fc94b-3f8e-410c-9bb6-8c0a727652de@group-FD2032A2FA14-StateMachineUpdater: set stopIndex = 0
2022-06-16 16:22:58,898 [995fc94b-3f8e-410c-9bb6-8c0a727652de@group-FD2032A2FA14-FollowerState] INFO  impl.FollowerState (FollowerState.java:run(152)) - 995fc94b-3f8e-410c-9bb6-8c0a727652de@group-FD2032A2FA14-FollowerState was interrupted
2022-06-16 16:22:58,898 [995fc94b-3f8e-410c-9bb6-8c0a727652de@group-FD2032A2FA14-StateMachineUpdater] INFO  ratis.ContainerStateMachine (ContainerStateMachine.java:takeSnapshot(304)) - group-FD2032A2FA14: Taking a snapshot at:(t:12, i:0) file /home/runner/work/ozone/ozone/hadoop-ozone/integration-test/target/test-dir/MiniOzoneClusterImpl-41de4505-4fce-475e-a877-0dc0879048ec/datanode-2/data/ratis/c99e7ff5-5da8-4011-b0c7-fd2032a2fa14/sm/snapshot.12_0
2022-06-16 16:22:58,899 [995fc94b-3f8e-410c-9bb6-8c0a727652de@group-FD2032A2FA14-StateMachineUpdater] INFO  ratis.ContainerStateMachine (ContainerStateMachine.java:takeSnapshot(315)) - group-FD2032A2FA14: Finished taking a snapshot at:(t:12, i:0) file:/home/runner/work/ozone/ozone/hadoop-ozone/integration-test/target/test-dir/MiniOzoneClusterImpl-41de4505-4fce-475e-a877-0dc0879048ec/datanode-2/data/ratis/c99e7ff5-5da8-4011-b0c7-fd2032a2fa14/sm/snapshot.12_0 took: 1 ms
2022-06-16 16:22:58,899 [995fc94b-3f8e-410c-9bb6-8c0a727652de@group-FD2032A2FA14-StateMachineUpdater] INFO  impl.StateMachineUpdater (StateMachineUpdater.java:takeSnapshot(287)) - 995fc94b-3f8e-410c-9bb6-8c0a727652de@group-FD2032A2FA14-StateMachineUpdater: Took a snapshot at index 0
2022-06-16 16:22:58,899 [995fc94b-3f8e-410c-9bb6-8c0a727652de@group-FD2032A2FA14-StateMachineUpdater] INFO  impl.StateMachineUpdater (StateMachineUpdater.java:lambda$new$0(92)) - 995fc94b-3f8e-410c-9bb6-8c0a727652de@group-FD2032A2FA14-StateMachineUpdater: snapshotIndex: updateIncreasingly -1 -> 0
2022-06-16 16:22:58,906 [Listener at 127.0.0.1/33505] INFO  server.RaftServer$Division (ServerState.java:close(429)) - 995fc94b-3f8e-410c-9bb6-8c0a727652de@group-FD2032A2FA14: closes. applyIndex: 0
2022-06-16 16:22:58,906 [995fc94b-3f8e-410c-9bb6-8c0a727652de@group-FD2032A2FA14-SegmentedRaftLogWorker] INFO  segmented.SegmentedRaftLogWorker (SegmentedRaftLogWorker.java:run(336)) - 995fc94b-3f8e-410c-9bb6-8c0a727652de@group-FD2032A2FA14-SegmentedRaftLogWorker was interrupted, exiting. There are 0 tasks remaining in the queue.
2022-06-16 16:22:58,910 [Listener at 127.0.0.1/33505] INFO  segmented.SegmentedRaftLogWorker (SegmentedRaftLogWorker.java:close(246)) - 995fc94b-3f8e-410c-9bb6-8c0a727652de@group-FD2032A2FA14-SegmentedRaftLogWorker close()
2022-06-16 16:22:58,930 [Listener at 127.0.0.1/33505] INFO  server.RaftServer$Division (RaftServerImpl.java:lambda$close$4(434)) - 995fc94b-3f8e-410c-9bb6-8c0a727652de@group-D5DCD881B8EA: shutdown
2022-06-16 16:22:58,930 [Listener at 127.0.0.1/33505] INFO  util.JmxRegister (JmxRegister.java:unregister(73)) - Successfully un-registered JMX Bean with object name Ratis:service=RaftServer,group=group-D5DCD881B8EA,id=995fc94b-3f8e-410c-9bb6-8c0a727652de
2022-06-16 16:22:58,930 [Listener at 127.0.0.1/33505] INFO  impl.RoleInfo (RoleInfo.java:shutdownLeaderState(93)) - 995fc94b-3f8e-410c-9bb6-8c0a727652de: shutdown 995fc94b-3f8e-410c-9bb6-8c0a727652de@group-D5DCD881B8EA-LeaderStateImpl
2022-06-16 16:22:58,931 [Listener at 127.0.0.1/33505] INFO  impl.PendingRequests (PendingRequests.java:sendNotLeaderResponses(282)) - 995fc94b-3f8e-410c-9bb6-8c0a727652de@group-D5DCD881B8EA-PendingRequests: sendNotLeaderResponses
2022-06-16 16:22:58,934 [995fc94b-3f8e-410c-9bb6-8c0a727652de@group-D5DCD881B8EA->6c743a47-4ce0-4970-944e-624fd1e2ad3d-GrpcLogAppender-LogAppenderDaemon] WARN  server.GrpcLogAppender (GrpcLogAppender.java:mayWait(171)) - 995fc94b-3f8e-410c-9bb6-8c0a727652de@group-D5DCD881B8EA->6c743a47-4ce0-4970-944e-624fd1e2ad3d-GrpcLogAppender: Wait interrupted by java.lang.InterruptedException
2022-06-16 16:22:58,938 [ForkJoinPool.commonPool-worker-0] INFO  server.RaftServer (RaftServerProxy.java:lambda$close$7(398)) - 6c743a47-4ce0-4970-944e-624fd1e2ad3d: close
2022-06-16 16:22:58,938 [ForkJoinPool.commonPool-worker-0] INFO  server.RaftServer$Division (RaftServerImpl.java:lambda$close$4(434)) - 6c743a47-4ce0-4970-944e-624fd1e2ad3d@group-7F5D31A11A2C: shutdown
2022-06-16 16:22:58,938 [ForkJoinPool.commonPool-worker-0] INFO  util.JmxRegister (JmxRegister.java:unregister(73)) - Successfully un-registered JMX Bean with object name Ratis:service=RaftServer,group=group-7F5D31A11A2C,id=6c743a47-4ce0-4970-944e-624fd1e2ad3d
2022-06-16 16:22:58,939 [ForkJoinPool.commonPool-worker-0] INFO  impl.RoleInfo (RoleInfo.java:shutdownLeaderState(93)) - 6c743a47-4ce0-4970-944e-624fd1e2ad3d: shutdown 6c743a47-4ce0-4970-944e-624fd1e2ad3d@group-7F5D31A11A2C-LeaderStateImpl
2022-06-16 16:22:58,939 [ForkJoinPool.commonPool-worker-0] INFO  impl.PendingRequests (PendingRequests.java:sendNotLeaderResponses(282)) - 6c743a47-4ce0-4970-944e-624fd1e2ad3d@group-7F5D31A11A2C-PendingRequests: sendNotLeaderResponses
2022-06-16 16:22:58,939 [ForkJoinPool.commonPool-worker-0] INFO  impl.StateMachineUpdater (StateMachineUpdater.java:stopAndJoin(153)) - 6c743a47-4ce0-4970-944e-624fd1e2ad3d@group-7F5D31A11A2C-StateMachineUpdater: set stopIndex = 0
2022-06-16 16:22:58,938 [995fc94b-3f8e-410c-9bb6-8c0a727652de@group-D5DCD881B8EA-StateMachineUpdater] INFO  ratis.ContainerStateMachine (ContainerStateMachine.java:takeSnapshot(304)) - group-D5DCD881B8EA: Taking a snapshot at:(t:7, i:51) file /home/runner/work/ozone/ozone/hadoop-ozone/integration-test/target/test-dir/MiniOzoneClusterImpl-41de4505-4fce-475e-a877-0dc0879048ec/datanode-2/data/ratis/c3dacbae-8d80-4417-b43c-d5dcd881b8ea/sm/snapshot.7_51
2022-06-16 16:22:58,942 [6c743a47-4ce0-4970-944e-624fd1e2ad3d@group-7F5D31A11A2C-StateMachineUpdater] INFO  ratis.ContainerStateMachine (ContainerStateMachine.java:takeSnapshot(304)) - group-7F5D31A11A2C: Taking a snapshot at:(t:1, i:0) file /home/runner/work/ozone/ozone/hadoop-ozone/integration-test/target/test-dir/MiniOzoneClusterImpl-41de4505-4fce-475e-a877-0dc0879048ec/datanode-1/data/ratis/cff2593e-e25b-4dda-b4dd-7f5d31a11a2c/sm/snapshot.1_0
2022-06-16 16:22:58,937 [Listener at 127.0.0.1/33505] INFO  impl.StateMachineUpdater (StateMachineUpdater.java:stopAndJoin(153)) - 995fc94b-3f8e-410c-9bb6-8c0a727652de@group-D5DCD881B8EA-StateMachineUpdater: set stopIndex = 51
2022-06-16 16:22:58,935 [995fc94b-3f8e-410c-9bb6-8c0a727652de@group-D5DCD881B8EA->cbc12831-31a5-4f31-a046-b81d852f61de-GrpcLogAppender-LogAppenderDaemon] WARN  server.GrpcLogAppender (GrpcLogAppender.java:mayWait(171)) - 995fc94b-3f8e-410c-9bb6-8c0a727652de@group-D5DCD881B8EA->cbc12831-31a5-4f31-a046-b81d852f61de-GrpcLogAppender: Wait interrupted by java.lang.InterruptedException
2022-06-16 16:22:58,939 [grpc-default-executor-0] INFO  server.GrpcServerProtocolService (GrpcServerProtocolService.java:onCompleted(140)) - 6c743a47-4ce0-4970-944e-624fd1e2ad3d: Completed APPEND_ENTRIES, lastRequest: 995fc94b-3f8e-410c-9bb6-8c0a727652de->6c743a47-4ce0-4970-944e-624fd1e2ad3d#1106-t7,previous=(t:7, i:50),leaderCommit=49,initializing? true,entries: size=1, first=(t:7, i:51), METADATAENTRY(c:49)
2022-06-16 16:22:58,943 [grpc-default-executor-4] INFO  server.GrpcServerProtocolService (GrpcServerProtocolService.java:onCompleted(140)) - cbc12831-31a5-4f31-a046-b81d852f61de: Completed APPEND_ENTRIES, lastRequest: 995fc94b-3f8e-410c-9bb6-8c0a727652de->cbc12831-31a5-4f31-a046-b81d852f61de#1100-t7,previous=(t:7, i:50),leaderCommit=49,initializing? true,entries: size=1, first=(t:7, i:51), METADATAENTRY(c:49)
2022-06-16 16:22:58,944 [grpc-default-executor-3] INFO  server.GrpcLogAppender (GrpcLogAppender.java:onCompleted(339)) - 995fc94b-3f8e-410c-9bb6-8c0a727652de@group-D5DCD881B8EA->cbc12831-31a5-4f31-a046-b81d852f61de-AppendLogResponseHandler: follower responses appendEntries COMPLETED
2022-06-16 16:22:58,944 [grpc-default-executor-3] INFO  leader.FollowerInfo (FollowerInfoImpl.java:lambda$new$0(48)) - 995fc94b-3f8e-410c-9bb6-8c0a727652de@group-D5DCD881B8EA->cbc12831-31a5-4f31-a046-b81d852f61de: nextIndex: updateUnconditionally 52 -> 51
2022-06-16 16:22:58,944 [6c743a47-4ce0-4970-944e-624fd1e2ad3d@group-7F5D31A11A2C-StateMachineUpdater] INFO  ratis.ContainerStateMachine (ContainerStateMachine.java:takeSnapshot(315)) - group-7F5D31A11A2C: Finished taking a snapshot at:(t:1, i:0) file:/home/runner/work/ozone/ozone/hadoop-ozone/integration-test/target/test-dir/MiniOzoneClusterImpl-41de4505-4fce-475e-a877-0dc0879048ec/datanode-1/data/ratis/cff2593e-e25b-4dda-b4dd-7f5d31a11a2c/sm/snapshot.1_0 took: 2 ms
2022-06-16 16:22:58,944 [6c743a47-4ce0-4970-944e-624fd1e2ad3d@group-7F5D31A11A2C-StateMachineUpdater] INFO  impl.StateMachineUpdater (StateMachineUpdater.java:takeSnapshot(287)) - 6c743a47-4ce0-4970-944e-624fd1e2ad3d@group-7F5D31A11A2C-StateMachineUpdater: Took a snapshot at index 0
2022-06-16 16:22:58,945 [6c743a47-4ce0-4970-944e-624fd1e2ad3d@group-7F5D31A11A2C-StateMachineUpdater] INFO  impl.StateMachineUpdater (StateMachineUpdater.java:lambda$new$0(92)) - 6c743a47-4ce0-4970-944e-624fd1e2ad3d@group-7F5D31A11A2C-StateMachineUpdater: snapshotIndex: updateIncreasingly -1 -> 0
2022-06-16 16:22:58,945 [ForkJoinPool.commonPool-worker-0] INFO  server.RaftServer$Division (ServerState.java:close(429)) - 6c743a47-4ce0-4970-944e-624fd1e2ad3d@group-7F5D31A11A2C: closes. applyIndex: 0
2022-06-16 16:22:58,945 [995fc94b-3f8e-410c-9bb6-8c0a727652de@group-D5DCD881B8EA-StateMachineUpdater] INFO  ratis.ContainerStateMachine (ContainerStateMachine.java:takeSnapshot(315)) - group-D5DCD881B8EA: Finished taking a snapshot at:(t:7, i:51) file:/home/runner/work/ozone/ozone/hadoop-ozone/integration-test/target/test-dir/MiniOzoneClusterImpl-41de4505-4fce-475e-a877-0dc0879048ec/datanode-2/data/ratis/c3dacbae-8d80-4417-b43c-d5dcd881b8ea/sm/snapshot.7_51 took: 7 ms
2022-06-16 16:22:58,945 [6c743a47-4ce0-4970-944e-624fd1e2ad3d@group-7F5D31A11A2C-SegmentedRaftLogWorker] INFO  segmented.SegmentedRaftLogWorker (SegmentedRaftLogWorker.java:run(336)) - 6c743a47-4ce0-4970-944e-624fd1e2ad3d@group-7F5D31A11A2C-SegmentedRaftLogWorker was interrupted, exiting. There are 0 tasks remaining in the queue.
2022-06-16 16:22:58,945 [995fc94b-3f8e-410c-9bb6-8c0a727652de@group-D5DCD881B8EA-StateMachineUpdater] INFO  impl.StateMachineUpdater (StateMachineUpdater.java:takeSnapshot(287)) - 995fc94b-3f8e-410c-9bb6-8c0a727652de@group-D5DCD881B8EA-StateMachineUpdater: Took a snapshot at index 51
2022-06-16 16:22:58,945 [995fc94b-3f8e-410c-9bb6-8c0a727652de@group-D5DCD881B8EA-StateMachineUpdater] INFO  impl.StateMachineUpdater (StateMachineUpdater.java:lambda$new$0(92)) - 995fc94b-3f8e-410c-9bb6-8c0a727652de@group-D5DCD881B8EA-StateMachineUpdater: snapshotIndex: updateIncreasingly -1 -> 51
2022-06-16 16:22:58,946 [ForkJoinPool.commonPool-worker-0] INFO  segmented.SegmentedRaftLogWorker (SegmentedRaftLogWorker.java:close(246)) - 6c743a47-4ce0-4970-944e-624fd1e2ad3d@group-7F5D31A11A2C-SegmentedRaftLogWorker close()
2022-06-16 16:22:58,946 [grpc-default-executor-4] INFO  server.GrpcLogAppender (GrpcLogAppender.java:onCompleted(339)) - 995fc94b-3f8e-410c-9bb6-8c0a727652de@group-D5DCD881B8EA->6c743a47-4ce0-4970-944e-624fd1e2ad3d-AppendLogResponseHandler: follower responses appendEntries COMPLETED
2022-06-16 16:22:58,946 [Listener at 127.0.0.1/33505] INFO  server.RaftServer$Division (ServerState.java:close(429)) - 995fc94b-3f8e-410c-9bb6-8c0a727652de@group-D5DCD881B8EA: closes. applyIndex: 51
2022-06-16 16:22:58,946 [995fc94b-3f8e-410c-9bb6-8c0a727652de@group-D5DCD881B8EA-SegmentedRaftLogWorker] INFO  segmented.SegmentedRaftLogWorker (SegmentedRaftLogWorker.java:run(336)) - 995fc94b-3f8e-410c-9bb6-8c0a727652de@group-D5DCD881B8EA-SegmentedRaftLogWorker was interrupted, exiting. There are 0 tasks remaining in the queue.
2022-06-16 16:22:58,946 [Listener at 127.0.0.1/33505] INFO  segmented.SegmentedRaftLogWorker (SegmentedRaftLogWorker.java:close(246)) - 995fc94b-3f8e-410c-9bb6-8c0a727652de@group-D5DCD881B8EA-SegmentedRaftLogWorker close()
2022-06-16 16:22:58,946 [grpc-default-executor-4] INFO  leader.FollowerInfo (FollowerInfoImpl.java:lambda$new$0(48)) - 995fc94b-3f8e-410c-9bb6-8c0a727652de@group-D5DCD881B8EA->6c743a47-4ce0-4970-944e-624fd1e2ad3d: nextIndex: updateUnconditionally 52 -> 51
2022-06-16 16:22:58,951 [ForkJoinPool.commonPool-worker-0] INFO  server.RaftServer$Division (RaftServerImpl.java:lambda$close$4(434)) - 6c743a47-4ce0-4970-944e-624fd1e2ad3d@group-FD2032A2FA14: shutdown
2022-06-16 16:22:58,951 [ForkJoinPool.commonPool-worker-0] INFO  util.JmxRegister (JmxRegister.java:unregister(73)) - Successfully un-registered JMX Bean with object name Ratis:service=RaftServer,group=group-FD2032A2FA14,id=6c743a47-4ce0-4970-944e-624fd1e2ad3d
2022-06-16 16:22:58,951 [ForkJoinPool.commonPool-worker-0] INFO  impl.RoleInfo (RoleInfo.java:shutdownLeaderState(93)) - 6c743a47-4ce0-4970-944e-624fd1e2ad3d: shutdown 6c743a47-4ce0-4970-944e-624fd1e2ad3d@group-FD2032A2FA14-LeaderStateImpl
2022-06-16 16:22:58,951 [6c743a47-4ce0-4970-944e-624fd1e2ad3d@group-FD2032A2FA14->995fc94b-3f8e-410c-9bb6-8c0a727652de-GrpcLogAppender-LogAppenderDaemon] WARN  server.GrpcLogAppender (GrpcLogAppender.java:mayWait(171)) - 6c743a47-4ce0-4970-944e-624fd1e2ad3d@group-FD2032A2FA14->995fc94b-3f8e-410c-9bb6-8c0a727652de-GrpcLogAppender: Wait interrupted by java.lang.InterruptedException
2022-06-16 16:22:58,951 [ForkJoinPool.commonPool-worker-0] INFO  impl.PendingRequests (PendingRequests.java:sendNotLeaderResponses(282)) - 6c743a47-4ce0-4970-944e-624fd1e2ad3d@group-FD2032A2FA14-PendingRequests: sendNotLeaderResponses
2022-06-16 16:22:58,951 [6c743a47-4ce0-4970-944e-624fd1e2ad3d@group-FD2032A2FA14->cbc12831-31a5-4f31-a046-b81d852f61de-GrpcLogAppender-LogAppenderDaemon] WARN  server.GrpcLogAppender (GrpcLogAppender.java:mayWait(171)) - 6c743a47-4ce0-4970-944e-624fd1e2ad3d@group-FD2032A2FA14->cbc12831-31a5-4f31-a046-b81d852f61de-GrpcLogAppender: Wait interrupted by java.lang.InterruptedException
2022-06-16 16:22:58,951 [grpc-default-executor-0] INFO  server.GrpcServerProtocolService (GrpcServerProtocolService.java:onCompleted(140)) - cbc12831-31a5-4f31-a046-b81d852f61de: Completed APPEND_ENTRIES, lastRequest: 6c743a47-4ce0-4970-944e-624fd1e2ad3d->cbc12831-31a5-4f31-a046-b81d852f61de#1-t12,previous=(t:0, i:0),leaderCommit=0,initializing? true,entries: size=1, first=(t:12, i:0), CONFIGURATIONENTRY
2022-06-16 16:22:58,951 [Listener at 127.0.0.1/33505] INFO  server.RaftServer$Division (RaftServerImpl.java:lambda$close$4(434)) - 995fc94b-3f8e-410c-9bb6-8c0a727652de@group-E34F8108FFBF: shutdown
2022-06-16 16:22:58,952 [Listener at 127.0.0.1/33505] INFO  util.JmxRegister (JmxRegister.java:unregister(73)) - Successfully un-registered JMX Bean with object name Ratis:service=RaftServer,group=group-E34F8108FFBF,id=995fc94b-3f8e-410c-9bb6-8c0a727652de
2022-06-16 16:22:58,952 [Listener at 127.0.0.1/33505] INFO  impl.RoleInfo (RoleInfo.java:shutdownLeaderState(93)) - 995fc94b-3f8e-410c-9bb6-8c0a727652de: shutdown 995fc94b-3f8e-410c-9bb6-8c0a727652de@group-E34F8108FFBF-LeaderStateImpl
2022-06-16 16:22:58,952 [grpc-default-executor-0] INFO  server.GrpcLogAppender (GrpcLogAppender.java:onCompleted(339)) - 6c743a47-4ce0-4970-944e-624fd1e2ad3d@group-FD2032A2FA14->cbc12831-31a5-4f31-a046-b81d852f61de-AppendLogResponseHandler: follower responses appendEntries COMPLETED
2022-06-16 16:22:58,952 [Listener at 127.0.0.1/33505] INFO  impl.PendingRequests (PendingRequests.java:sendNotLeaderResponses(282)) - 995fc94b-3f8e-410c-9bb6-8c0a727652de@group-E34F8108FFBF-PendingRequests: sendNotLeaderResponses
2022-06-16 16:22:58,952 [grpc-default-executor-4] INFO  server.GrpcServerProtocolService (GrpcServerProtocolService.java:onCompleted(140)) - 995fc94b-3f8e-410c-9bb6-8c0a727652de: Completed APPEND_ENTRIES, lastRequest: 6c743a47-4ce0-4970-944e-624fd1e2ad3d->995fc94b-3f8e-410c-9bb6-8c0a727652de#1-t12,previous=(t:0, i:0),leaderCommit=-1,initializing? true,entries: size=1, first=(t:12, i:0), CONFIGURATIONENTRY
2022-06-16 16:22:58,952 [grpc-default-executor-0] INFO  leader.FollowerInfo (FollowerInfoImpl.java:lambda$new$0(48)) - 6c743a47-4ce0-4970-944e-624fd1e2ad3d@group-FD2032A2FA14->cbc12831-31a5-4f31-a046-b81d852f61de: nextIndex: updateUnconditionally 1 -> 0
2022-06-16 16:22:58,955 [grpc-default-executor-0] INFO  server.GrpcLogAppender (GrpcLogAppender.java:onCompleted(339)) - 6c743a47-4ce0-4970-944e-624fd1e2ad3d@group-FD2032A2FA14->995fc94b-3f8e-410c-9bb6-8c0a727652de-AppendLogResponseHandler: follower responses appendEntries COMPLETED
2022-06-16 16:22:58,955 [grpc-default-executor-0] INFO  leader.FollowerInfo (FollowerInfoImpl.java:lambda$new$0(48)) - 6c743a47-4ce0-4970-944e-624fd1e2ad3d@group-FD2032A2FA14->995fc94b-3f8e-410c-9bb6-8c0a727652de: nextIndex: updateUnconditionally 1 -> 0
2022-06-16 16:22:58,955 [Listener at 127.0.0.1/33505] INFO  impl.StateMachineUpdater (StateMachineUpdater.java:stopAndJoin(153)) - 995fc94b-3f8e-410c-9bb6-8c0a727652de@group-E34F8108FFBF-StateMachineUpdater: set stopIndex = 0
2022-06-16 16:22:58,955 [995fc94b-3f8e-410c-9bb6-8c0a727652de@group-E34F8108FFBF-StateMachineUpdater] INFO  ratis.ContainerStateMachine (ContainerStateMachine.java:takeSnapshot(304)) - group-E34F8108FFBF: Taking a snapshot at:(t:1, i:0) file /home/runner/work/ozone/ozone/hadoop-ozone/integration-test/target/test-dir/MiniOzoneClusterImpl-41de4505-4fce-475e-a877-0dc0879048ec/datanode-2/data/ratis/6ac938a8-7edb-409c-a415-e34f8108ffbf/sm/snapshot.1_0
2022-06-16 16:22:58,956 [995fc94b-3f8e-410c-9bb6-8c0a727652de@group-E34F8108FFBF-StateMachineUpdater] INFO  ratis.ContainerStateMachine (ContainerStateMachine.java:takeSnapshot(315)) - group-E34F8108FFBF: Finished taking a snapshot at:(t:1, i:0) file:/home/runner/work/ozone/ozone/hadoop-ozone/integration-test/target/test-dir/MiniOzoneClusterImpl-41de4505-4fce-475e-a877-0dc0879048ec/datanode-2/data/ratis/6ac938a8-7edb-409c-a415-e34f8108ffbf/sm/snapshot.1_0 took: 1 ms
2022-06-16 16:22:58,956 [995fc94b-3f8e-410c-9bb6-8c0a727652de@group-E34F8108FFBF-StateMachineUpdater] INFO  impl.StateMachineUpdater (StateMachineUpdater.java:takeSnapshot(287)) - 995fc94b-3f8e-410c-9bb6-8c0a727652de@group-E34F8108FFBF-StateMachineUpdater: Took a snapshot at index 0
2022-06-16 16:22:58,956 [995fc94b-3f8e-410c-9bb6-8c0a727652de@group-E34F8108FFBF-StateMachineUpdater] INFO  impl.StateMachineUpdater (StateMachineUpdater.java:lambda$new$0(92)) - 995fc94b-3f8e-410c-9bb6-8c0a727652de@group-E34F8108FFBF-StateMachineUpdater: snapshotIndex: updateIncreasingly -1 -> 0
2022-06-16 16:22:58,958 [Listener at 127.0.0.1/33505] INFO  server.RaftServer$Division (ServerState.java:close(429)) - 995fc94b-3f8e-410c-9bb6-8c0a727652de@group-E34F8108FFBF: closes. applyIndex: 0
2022-06-16 16:22:58,958 [995fc94b-3f8e-410c-9bb6-8c0a727652de@group-E34F8108FFBF-SegmentedRaftLogWorker] INFO  segmented.SegmentedRaftLogWorker (SegmentedRaftLogWorker.java:run(336)) - 995fc94b-3f8e-410c-9bb6-8c0a727652de@group-E34F8108FFBF-SegmentedRaftLogWorker was interrupted, exiting. There are 0 tasks remaining in the queue.
2022-06-16 16:22:58,962 [Listener at 127.0.0.1/33505] INFO  segmented.SegmentedRaftLogWorker (SegmentedRaftLogWorker.java:close(246)) - 995fc94b-3f8e-410c-9bb6-8c0a727652de@group-E34F8108FFBF-SegmentedRaftLogWorker close()
2022-06-16 16:22:58,977 [Listener at 127.0.0.1/33505] INFO  server.GrpcService (GrpcService.java:closeImpl(269)) - 995fc94b-3f8e-410c-9bb6-8c0a727652de: shutdown server with port 43709 now
2022-06-16 16:22:58,982 [ForkJoinPool.commonPool-worker-0] INFO  impl.StateMachineUpdater (StateMachineUpdater.java:stopAndJoin(153)) - 6c743a47-4ce0-4970-944e-624fd1e2ad3d@group-FD2032A2FA14-StateMachineUpdater: set stopIndex = 0
2022-06-16 16:22:58,984 [6c743a47-4ce0-4970-944e-624fd1e2ad3d@group-FD2032A2FA14-StateMachineUpdater] INFO  ratis.ContainerStateMachine (ContainerStateMachine.java:takeSnapshot(304)) - group-FD2032A2FA14: Taking a snapshot at:(t:12, i:0) file /home/runner/work/ozone/ozone/hadoop-ozone/integration-test/target/test-dir/MiniOzoneClusterImpl-41de4505-4fce-475e-a877-0dc0879048ec/datanode-1/data/ratis/c99e7ff5-5da8-4011-b0c7-fd2032a2fa14/sm/snapshot.12_0
2022-06-16 16:22:58,984 [6c743a47-4ce0-4970-944e-624fd1e2ad3d@group-FD2032A2FA14-StateMachineUpdater] INFO  ratis.ContainerStateMachine (ContainerStateMachine.java:takeSnapshot(315)) - group-FD2032A2FA14: Finished taking a snapshot at:(t:12, i:0) file:/home/runner/work/ozone/ozone/hadoop-ozone/integration-test/target/test-dir/MiniOzoneClusterImpl-41de4505-4fce-475e-a877-0dc0879048ec/datanode-1/data/ratis/c99e7ff5-5da8-4011-b0c7-fd2032a2fa14/sm/snapshot.12_0 took: 0 ms
2022-06-16 16:22:58,984 [6c743a47-4ce0-4970-944e-624fd1e2ad3d@group-FD2032A2FA14-StateMachineUpdater] INFO  impl.StateMachineUpdater (StateMachineUpdater.java:takeSnapshot(287)) - 6c743a47-4ce0-4970-944e-624fd1e2ad3d@group-FD2032A2FA14-StateMachineUpdater: Took a snapshot at index 0
2022-06-16 16:22:58,984 [6c743a47-4ce0-4970-944e-624fd1e2ad3d@group-FD2032A2FA14-StateMachineUpdater] INFO  impl.StateMachineUpdater (StateMachineUpdater.java:lambda$new$0(92)) - 6c743a47-4ce0-4970-944e-624fd1e2ad3d@group-FD2032A2FA14-StateMachineUpdater: snapshotIndex: updateIncreasingly -1 -> 0
2022-06-16 16:22:58,985 [ForkJoinPool.commonPool-worker-0] INFO  server.RaftServer$Division (ServerState.java:close(429)) - 6c743a47-4ce0-4970-944e-624fd1e2ad3d@group-FD2032A2FA14: closes. applyIndex: 0
2022-06-16 16:22:58,985 [6c743a47-4ce0-4970-944e-624fd1e2ad3d@group-FD2032A2FA14-SegmentedRaftLogWorker] INFO  segmented.SegmentedRaftLogWorker (SegmentedRaftLogWorker.java:run(336)) - 6c743a47-4ce0-4970-944e-624fd1e2ad3d@group-FD2032A2FA14-SegmentedRaftLogWorker was interrupted, exiting. There are 0 tasks remaining in the queue.
2022-06-16 16:22:58,985 [ForkJoinPool.commonPool-worker-0] INFO  segmented.SegmentedRaftLogWorker (SegmentedRaftLogWorker.java:close(246)) - 6c743a47-4ce0-4970-944e-624fd1e2ad3d@group-FD2032A2FA14-SegmentedRaftLogWorker close()
2022-06-16 16:22:58,995 [ForkJoinPool.commonPool-worker-0] INFO  server.RaftServer$Division (RaftServerImpl.java:lambda$close$4(434)) - 6c743a47-4ce0-4970-944e-624fd1e2ad3d@group-D5DCD881B8EA: shutdown
2022-06-16 16:22:58,995 [ForkJoinPool.commonPool-worker-0] INFO  util.JmxRegister (JmxRegister.java:unregister(73)) - Successfully un-registered JMX Bean with object name Ratis:service=RaftServer,group=group-D5DCD881B8EA,id=6c743a47-4ce0-4970-944e-624fd1e2ad3d
2022-06-16 16:22:58,995 [ForkJoinPool.commonPool-worker-0] INFO  impl.RoleInfo (RoleInfo.java:shutdownFollowerState(110)) - 6c743a47-4ce0-4970-944e-624fd1e2ad3d: shutdown 6c743a47-4ce0-4970-944e-624fd1e2ad3d@group-D5DCD881B8EA-FollowerState
2022-06-16 16:22:58,995 [ForkJoinPool.commonPool-worker-0] INFO  impl.StateMachineUpdater (StateMachineUpdater.java:stopAndJoin(153)) - 6c743a47-4ce0-4970-944e-624fd1e2ad3d@group-D5DCD881B8EA-StateMachineUpdater: set stopIndex = 51
2022-06-16 16:22:58,995 [6c743a47-4ce0-4970-944e-624fd1e2ad3d@group-D5DCD881B8EA-FollowerState] INFO  impl.FollowerState (FollowerState.java:run(152)) - 6c743a47-4ce0-4970-944e-624fd1e2ad3d@group-D5DCD881B8EA-FollowerState was interrupted
2022-06-16 16:22:58,995 [6c743a47-4ce0-4970-944e-624fd1e2ad3d@group-D5DCD881B8EA-StateMachineUpdater] INFO  ratis.ContainerStateMachine (ContainerStateMachine.java:takeSnapshot(304)) - group-D5DCD881B8EA: Taking a snapshot at:(t:7, i:51) file /home/runner/work/ozone/ozone/hadoop-ozone/integration-test/target/test-dir/MiniOzoneClusterImpl-41de4505-4fce-475e-a877-0dc0879048ec/datanode-1/data/ratis/c3dacbae-8d80-4417-b43c-d5dcd881b8ea/sm/snapshot.7_51
2022-06-16 16:22:58,996 [6c743a47-4ce0-4970-944e-624fd1e2ad3d@group-D5DCD881B8EA-StateMachineUpdater] INFO  ratis.ContainerStateMachine (ContainerStateMachine.java:takeSnapshot(315)) - group-D5DCD881B8EA: Finished taking a snapshot at:(t:7, i:51) file:/home/runner/work/ozone/ozone/hadoop-ozone/integration-test/target/test-dir/MiniOzoneClusterImpl-41de4505-4fce-475e-a877-0dc0879048ec/datanode-1/data/ratis/c3dacbae-8d80-4417-b43c-d5dcd881b8ea/sm/snapshot.7_51 took: 1 ms
2022-06-16 16:22:58,996 [6c743a47-4ce0-4970-944e-624fd1e2ad3d@group-D5DCD881B8EA-StateMachineUpdater] INFO  impl.StateMachineUpdater (StateMachineUpdater.java:takeSnapshot(287)) - 6c743a47-4ce0-4970-944e-624fd1e2ad3d@group-D5DCD881B8EA-StateMachineUpdater: Took a snapshot at index 51
2022-06-16 16:22:58,996 [6c743a47-4ce0-4970-944e-624fd1e2ad3d@group-D5DCD881B8EA-StateMachineUpdater] INFO  impl.StateMachineUpdater (StateMachineUpdater.java:lambda$new$0(92)) - 6c743a47-4ce0-4970-944e-624fd1e2ad3d@group-D5DCD881B8EA-StateMachineUpdater: snapshotIndex: updateIncreasingly -1 -> 51
2022-06-16 16:22:58,997 [ForkJoinPool.commonPool-worker-0] INFO  server.RaftServer$Division (ServerState.java:close(429)) - 6c743a47-4ce0-4970-944e-624fd1e2ad3d@group-D5DCD881B8EA: closes. applyIndex: 51
2022-06-16 16:22:58,997 [6c743a47-4ce0-4970-944e-624fd1e2ad3d@group-D5DCD881B8EA-SegmentedRaftLogWorker] INFO  segmented.SegmentedRaftLogWorker (SegmentedRaftLogWorker.java:run(336)) - 6c743a47-4ce0-4970-944e-624fd1e2ad3d@group-D5DCD881B8EA-SegmentedRaftLogWorker was interrupted, exiting. There are 0 tasks remaining in the queue.
2022-06-16 16:22:58,998 [ForkJoinPool.commonPool-worker-0] INFO  segmented.SegmentedRaftLogWorker (SegmentedRaftLogWorker.java:close(246)) - 6c743a47-4ce0-4970-944e-624fd1e2ad3d@group-D5DCD881B8EA-SegmentedRaftLogWorker close()
2022-06-16 16:22:59,002 [ForkJoinPool.commonPool-worker-0] INFO  server.GrpcService (GrpcService.java:closeImpl(269)) - 6c743a47-4ce0-4970-944e-624fd1e2ad3d: shutdown server with port 44833 now
2022-06-16 16:22:59,175 [ForkJoinPool.commonPool-worker-0] INFO  server.GrpcService (GrpcService.java:closeImpl(278)) - 6c743a47-4ce0-4970-944e-624fd1e2ad3d: shutdown server with port 44833 successfully
2022-06-16 16:22:59,176 [org.apache.ratis.util.JvmPauseMonitor$$Lambda$611/1702991963@13a639bf] INFO  util.JvmPauseMonitor (JvmPauseMonitor.java:run(109)) - JvmPauseMonitor-6c743a47-4ce0-4970-944e-624fd1e2ad3d: Stopped
2022-06-16 16:22:59,214 [Listener at 127.0.0.1/33505] INFO  server.GrpcService (GrpcService.java:closeImpl(278)) - 995fc94b-3f8e-410c-9bb6-8c0a727652de: shutdown server with port 43709 successfully
2022-06-16 16:22:59,217 [org.apache.ratis.util.JvmPauseMonitor$$Lambda$611/1702991963@52e1e6ce] INFO  util.JvmPauseMonitor (JvmPauseMonitor.java:run(109)) - JvmPauseMonitor-995fc94b-3f8e-410c-9bb6-8c0a727652de: Stopped
2022-06-16 16:23:01,321 [Listener at 127.0.0.1/33505] INFO  utils.BackgroundService (BackgroundService.java:shutdown(132)) - Shutting down service BlockDeletingService
2022-06-16 16:23:01,324 [ForkJoinPool.commonPool-worker-0] INFO  utils.BackgroundService (BackgroundService.java:shutdown(132)) - Shutting down service BlockDeletingService
2022-06-16 16:23:04,342 [ForkJoinPool.commonPool-worker-0] INFO  statemachine.DatanodeStateMachine (DatanodeStateMachine.java:stopDaemon(572)) - Ozone container server stopped.
2022-06-16 16:23:04,358 [ForkJoinPool.commonPool-worker-0] INFO  handler.ContextHandler (ContextHandler.java:doStop(1153)) - Stopped o.e.j.w.WebAppContext@4eeae57d{hddsDatanode,/,null,STOPPED}{jar:file:/home/runner/.m2/repository/org/apache/ozone/hdds-container-service/1.3.0-SNAPSHOT/hdds-container-service-1.3.0-SNAPSHOT.jar!/webapps/hddsDatanode}
2022-06-16 16:23:04,362 [ForkJoinPool.commonPool-worker-0] INFO  server.AbstractConnector (AbstractConnector.java:doStop(381)) - Stopped ServerConnector@7bdaec1d{HTTP/1.1, (http/1.1)}{0.0.0.0:0}
2022-06-16 16:23:04,362 [ForkJoinPool.commonPool-worker-0] INFO  server.session (HouseKeeper.java:stopScavenging(149)) - node0 Stopped scavenging
2022-06-16 16:23:04,374 [Listener at 127.0.0.1/33505] INFO  statemachine.DatanodeStateMachine (DatanodeStateMachine.java:stopDaemon(572)) - Ozone container server stopped.
2022-06-16 16:23:04,374 [ForkJoinPool.commonPool-worker-0] INFO  handler.ContextHandler (ContextHandler.java:doStop(1153)) - Stopped o.e.j.s.ServletContextHandler@7b3ebc30{static,/static,jar:file:/home/runner/.m2/repository/org/apache/ozone/hdds-container-service/1.3.0-SNAPSHOT/hdds-container-service-1.3.0-SNAPSHOT.jar!/webapps/static,STOPPED}
2022-06-16 16:23:04,379 [ForkJoinPool.commonPool-worker-0] INFO  handler.ContextHandler (ContextHandler.java:doStop(1153)) - Stopped o.e.j.s.ServletContextHandler@6fa9ed21{logs,/logs,file:///home/runner/work/ozone/ozone/hadoop-ozone/integration-test/target/log,STOPPED}
2022-06-16 16:23:04,433 [Listener at 127.0.0.1/33505] INFO  handler.ContextHandler (ContextHandler.java:doStop(1153)) - Stopped o.e.j.w.WebAppContext@74d33ed9{hddsDatanode,/,null,STOPPED}{jar:file:/home/runner/.m2/repository/org/apache/ozone/hdds-container-service/1.3.0-SNAPSHOT/hdds-container-service-1.3.0-SNAPSHOT.jar!/webapps/hddsDatanode}
2022-06-16 16:23:04,437 [Listener at 127.0.0.1/33505] INFO  server.AbstractConnector (AbstractConnector.java:doStop(381)) - Stopped ServerConnector@7acf95fb{HTTP/1.1, (http/1.1)}{0.0.0.0:0}
2022-06-16 16:23:04,437 [Listener at 127.0.0.1/33505] INFO  server.session (HouseKeeper.java:stopScavenging(149)) - node0 Stopped scavenging
2022-06-16 16:23:04,437 [Listener at 127.0.0.1/33505] INFO  handler.ContextHandler (ContextHandler.java:doStop(1153)) - Stopped o.e.j.s.ServletContextHandler@3fc966c2{static,/static,jar:file:/home/runner/.m2/repository/org/apache/ozone/hdds-container-service/1.3.0-SNAPSHOT/hdds-container-service-1.3.0-SNAPSHOT.jar!/webapps/static,STOPPED}
2022-06-16 16:23:04,437 [Listener at 127.0.0.1/33505] INFO  handler.ContextHandler (ContextHandler.java:doStop(1153)) - Stopped o.e.j.s.ServletContextHandler@72d7c7d9{logs,/logs,file:///home/runner/work/ozone/ozone/hadoop-ozone/integration-test/target/log,STOPPED}
2022-06-16 16:23:07,746 [cbc12831-31a5-4f31-a046-b81d852f61de@group-D5DCD881B8EA-FollowerState] INFO  impl.FollowerState (FollowerState.java:run(143)) - cbc12831-31a5-4f31-a046-b81d852f61de@group-D5DCD881B8EA-FollowerState: change to CANDIDATE, lastRpcElapsedTime:9428453986ns, electionTimeout:5014ms
2022-06-16 16:23:07,747 [cbc12831-31a5-4f31-a046-b81d852f61de@group-D5DCD881B8EA-FollowerState] INFO  impl.RoleInfo (RoleInfo.java:shutdownFollowerState(110)) - cbc12831-31a5-4f31-a046-b81d852f61de: shutdown cbc12831-31a5-4f31-a046-b81d852f61de@group-D5DCD881B8EA-FollowerState
2022-06-16 16:23:07,747 [cbc12831-31a5-4f31-a046-b81d852f61de@group-D5DCD881B8EA-FollowerState] INFO  server.RaftServer$Division (RaftServerImpl.java:setRole(299)) - cbc12831-31a5-4f31-a046-b81d852f61de@group-D5DCD881B8EA: changes role from  FOLLOWER to CANDIDATE at term 7 for changeToCandidate
2022-06-16 16:23:07,747 [cbc12831-31a5-4f31-a046-b81d852f61de@group-D5DCD881B8EA-FollowerState] INFO  server.RaftServerConfigKeys (ConfUtils.java:logGet(46)) - raft.server.leaderelection.pre-vote = false (custom)
2022-06-16 16:23:07,747 [cbc12831-31a5-4f31-a046-b81d852f61de@group-D5DCD881B8EA-FollowerState] INFO  impl.RoleInfo (RoleInfo.java:updateAndGet(139)) - cbc12831-31a5-4f31-a046-b81d852f61de: start cbc12831-31a5-4f31-a046-b81d852f61de@group-D5DCD881B8EA-LeaderElection94
2022-06-16 16:23:07,770 [cbc12831-31a5-4f31-a046-b81d852f61de@group-D5DCD881B8EA-LeaderElection94] INFO  server.RaftServer$Division (ServerState.java:setLeader(287)) - cbc12831-31a5-4f31-a046-b81d852f61de@group-D5DCD881B8EA: change Leader from 995fc94b-3f8e-410c-9bb6-8c0a727652de to null at term 7 for ELECTION
2022-06-16 16:23:07,794 [cbc12831-31a5-4f31-a046-b81d852f61de@group-D5DCD881B8EA-LeaderElection94] INFO  impl.LeaderElection (LeaderElection.java:askForVotes(310)) - cbc12831-31a5-4f31-a046-b81d852f61de@group-D5DCD881B8EA-LeaderElection94 ELECTION round 0: submit vote requests at term 8 for 0: [995fc94b-3f8e-410c-9bb6-8c0a727652de|rpc:10.1.0.16:43709|dataStream:|priority:1, cbc12831-31a5-4f31-a046-b81d852f61de|rpc:10.1.0.16:42913|dataStream:|priority:0, 6c743a47-4ce0-4970-944e-624fd1e2ad3d|rpc:10.1.0.16:44833|dataStream:|priority:0], old=null
2022-06-16 16:23:07,822 [cbc12831-31a5-4f31-a046-b81d852f61de@group-D5DCD881B8EA-LeaderElection94] INFO  impl.LeaderElection (LogUtils.java:infoOrTrace(137)) - cbc12831-31a5-4f31-a046-b81d852f61de@group-D5DCD881B8EA-LeaderElection94 got exception when requesting votes: java.util.concurrent.ExecutionException: org.apache.ratis.thirdparty.io.grpc.StatusRuntimeException: UNAVAILABLE: io exception
2022-06-16 16:23:07,839 [cbc12831-31a5-4f31-a046-b81d852f61de@group-D5DCD881B8EA-LeaderElection94] INFO  impl.LeaderElection (LogUtils.java:infoOrTrace(137)) - cbc12831-31a5-4f31-a046-b81d852f61de@group-D5DCD881B8EA-LeaderElection94 got exception when requesting votes: java.util.concurrent.ExecutionException: org.apache.ratis.thirdparty.io.grpc.StatusRuntimeException: UNAVAILABLE: io exception
2022-06-16 16:23:07,839 [cbc12831-31a5-4f31-a046-b81d852f61de@group-D5DCD881B8EA-LeaderElection94] INFO  impl.LeaderElection (LeaderElection.java:logAndReturn(90)) - cbc12831-31a5-4f31-a046-b81d852f61de@group-D5DCD881B8EA-LeaderElection94: ELECTION REJECTED received 0 response(s) and 2 exception(s):
2022-06-16 16:23:07,839 [cbc12831-31a5-4f31-a046-b81d852f61de@group-D5DCD881B8EA-LeaderElection94] INFO  impl.LeaderElection (LogUtils.java:infoOrTrace(137)) -   Exception 0: java.util.concurrent.ExecutionException: org.apache.ratis.thirdparty.io.grpc.StatusRuntimeException: UNAVAILABLE: io exception
2022-06-16 16:23:07,839 [cbc12831-31a5-4f31-a046-b81d852f61de@group-D5DCD881B8EA-LeaderElection94] INFO  impl.LeaderElection (LogUtils.java:infoOrTrace(137)) -   Exception 1: java.util.concurrent.ExecutionException: org.apache.ratis.thirdparty.io.grpc.StatusRuntimeException: UNAVAILABLE: io exception
2022-06-16 16:23:07,839 [cbc12831-31a5-4f31-a046-b81d852f61de@group-D5DCD881B8EA-LeaderElection94] INFO  impl.LeaderElection (LeaderElection.java:askForVotes(312)) - cbc12831-31a5-4f31-a046-b81d852f61de@group-D5DCD881B8EA-LeaderElection94 ELECTION round 0: result REJECTED
2022-06-16 16:23:07,839 [cbc12831-31a5-4f31-a046-b81d852f61de@group-D5DCD881B8EA-LeaderElection94] INFO  server.RaftServer$Division (RaftServerImpl.java:setRole(299)) - cbc12831-31a5-4f31-a046-b81d852f61de@group-D5DCD881B8EA: changes role from CANDIDATE to FOLLOWER at term 8 for REJECTED
2022-06-16 16:23:07,839 [cbc12831-31a5-4f31-a046-b81d852f61de@group-D5DCD881B8EA-LeaderElection94] INFO  impl.RoleInfo (RoleInfo.java:shutdownLeaderElection(130)) - cbc12831-31a5-4f31-a046-b81d852f61de: shutdown cbc12831-31a5-4f31-a046-b81d852f61de@group-D5DCD881B8EA-LeaderElection94
2022-06-16 16:23:07,840 [cbc12831-31a5-4f31-a046-b81d852f61de@group-D5DCD881B8EA-LeaderElection94] INFO  impl.RoleInfo (RoleInfo.java:updateAndGet(139)) - cbc12831-31a5-4f31-a046-b81d852f61de: start cbc12831-31a5-4f31-a046-b81d852f61de@group-D5DCD881B8EA-FollowerState
2022-06-16 16:23:08,406 [cbc12831-31a5-4f31-a046-b81d852f61de@group-FD2032A2FA14-FollowerState] INFO  impl.FollowerState (FollowerState.java:run(143)) - cbc12831-31a5-4f31-a046-b81d852f61de@group-FD2032A2FA14-FollowerState: change to CANDIDATE, lastRpcElapsedTime:10077532156ns, electionTimeout:5026ms
2022-06-16 16:23:08,406 [cbc12831-31a5-4f31-a046-b81d852f61de@group-FD2032A2FA14-FollowerState] INFO  impl.RoleInfo (RoleInfo.java:shutdownFollowerState(110)) - cbc12831-31a5-4f31-a046-b81d852f61de: shutdown cbc12831-31a5-4f31-a046-b81d852f61de@group-FD2032A2FA14-FollowerState
2022-06-16 16:23:08,406 [cbc12831-31a5-4f31-a046-b81d852f61de@group-FD2032A2FA14-FollowerState] INFO  server.RaftServer$Division (RaftServerImpl.java:setRole(299)) - cbc12831-31a5-4f31-a046-b81d852f61de@group-FD2032A2FA14: changes role from  FOLLOWER to CANDIDATE at term 12 for changeToCandidate
2022-06-16 16:23:08,406 [cbc12831-31a5-4f31-a046-b81d852f61de@group-FD2032A2FA14-FollowerState] INFO  server.RaftServerConfigKeys (ConfUtils.java:logGet(46)) - raft.server.leaderelection.pre-vote = false (custom)
2022-06-16 16:23:08,406 [cbc12831-31a5-4f31-a046-b81d852f61de@group-FD2032A2FA14-FollowerState] INFO  impl.RoleInfo (RoleInfo.java:updateAndGet(139)) - cbc12831-31a5-4f31-a046-b81d852f61de: start cbc12831-31a5-4f31-a046-b81d852f61de@group-FD2032A2FA14-LeaderElection95
2022-06-16 16:23:08,430 [cbc12831-31a5-4f31-a046-b81d852f61de@group-FD2032A2FA14-LeaderElection95] INFO  server.RaftServer$Division (ServerState.java:setLeader(287)) - cbc12831-31a5-4f31-a046-b81d852f61de@group-FD2032A2FA14: change Leader from 6c743a47-4ce0-4970-944e-624fd1e2ad3d to null at term 12 for ELECTION
2022-06-16 16:23:08,458 [cbc12831-31a5-4f31-a046-b81d852f61de@group-FD2032A2FA14-LeaderElection95] INFO  impl.LeaderElection (LeaderElection.java:askForVotes(310)) - cbc12831-31a5-4f31-a046-b81d852f61de@group-FD2032A2FA14-LeaderElection95 ELECTION round 0: submit vote requests at term 13 for 0: [995fc94b-3f8e-410c-9bb6-8c0a727652de|rpc:10.1.0.16:43709|dataStream:|priority:0, cbc12831-31a5-4f31-a046-b81d852f61de|rpc:10.1.0.16:42913|dataStream:|priority:0, 6c743a47-4ce0-4970-944e-624fd1e2ad3d|rpc:10.1.0.16:44833|dataStream:|priority:1], old=null
2022-06-16 16:23:08,504 [cbc12831-31a5-4f31-a046-b81d852f61de@group-FD2032A2FA14-LeaderElection95] INFO  impl.LeaderElection (LogUtils.java:infoOrTrace(137)) - cbc12831-31a5-4f31-a046-b81d852f61de@group-FD2032A2FA14-LeaderElection95 got exception when requesting votes: java.util.concurrent.ExecutionException: org.apache.ratis.thirdparty.io.grpc.StatusRuntimeException: UNAVAILABLE: io exception
2022-06-16 16:23:08,504 [cbc12831-31a5-4f31-a046-b81d852f61de@group-FD2032A2FA14-LeaderElection95] INFO  impl.LeaderElection (LogUtils.java:infoOrTrace(137)) - cbc12831-31a5-4f31-a046-b81d852f61de@group-FD2032A2FA14-LeaderElection95 got exception when requesting votes: java.util.concurrent.ExecutionException: org.apache.ratis.thirdparty.io.grpc.StatusRuntimeException: UNAVAILABLE: io exception
2022-06-16 16:23:08,504 [cbc12831-31a5-4f31-a046-b81d852f61de@group-FD2032A2FA14-LeaderElection95] INFO  impl.LeaderElection (LeaderElection.java:logAndReturn(90)) - cbc12831-31a5-4f31-a046-b81d852f61de@group-FD2032A2FA14-LeaderElection95: ELECTION REJECTED received 0 response(s) and 2 exception(s):
2022-06-16 16:23:08,504 [cbc12831-31a5-4f31-a046-b81d852f61de@group-FD2032A2FA14-LeaderElection95] INFO  impl.LeaderElection (LogUtils.java:infoOrTrace(137)) -   Exception 0: java.util.concurrent.ExecutionException: org.apache.ratis.thirdparty.io.grpc.StatusRuntimeException: UNAVAILABLE: io exception
2022-06-16 16:23:08,504 [cbc12831-31a5-4f31-a046-b81d852f61de@group-FD2032A2FA14-LeaderElection95] INFO  impl.LeaderElection (LogUtils.java:infoOrTrace(137)) -   Exception 1: java.util.concurrent.ExecutionException: org.apache.ratis.thirdparty.io.grpc.StatusRuntimeException: UNAVAILABLE: io exception
2022-06-16 16:23:08,504 [cbc12831-31a5-4f31-a046-b81d852f61de@group-FD2032A2FA14-LeaderElection95] INFO  impl.LeaderElection (LeaderElection.java:askForVotes(312)) - cbc12831-31a5-4f31-a046-b81d852f61de@group-FD2032A2FA14-LeaderElection95 ELECTION round 0: result REJECTED
2022-06-16 16:23:08,504 [cbc12831-31a5-4f31-a046-b81d852f61de@group-FD2032A2FA14-LeaderElection95] INFO  server.RaftServer$Division (RaftServerImpl.java:setRole(299)) - cbc12831-31a5-4f31-a046-b81d852f61de@group-FD2032A2FA14: changes role from CANDIDATE to FOLLOWER at term 13 for REJECTED
2022-06-16 16:23:08,504 [cbc12831-31a5-4f31-a046-b81d852f61de@group-FD2032A2FA14-LeaderElection95] INFO  impl.RoleInfo (RoleInfo.java:shutdownLeaderElection(130)) - cbc12831-31a5-4f31-a046-b81d852f61de: shutdown cbc12831-31a5-4f31-a046-b81d852f61de@group-FD2032A2FA14-LeaderElection95
2022-06-16 16:23:08,504 [cbc12831-31a5-4f31-a046-b81d852f61de@group-FD2032A2FA14-LeaderElection95] INFO  impl.RoleInfo (RoleInfo.java:updateAndGet(139)) - cbc12831-31a5-4f31-a046-b81d852f61de: start cbc12831-31a5-4f31-a046-b81d852f61de@group-FD2032A2FA14-FollowerState
2022-06-16 16:23:09,383 [ForkJoinPool.commonPool-worker-0] INFO  ozoneimpl.OzoneContainer (OzoneContainer.java:stop(365)) - Attempting to stop container services.
2022-06-16 16:23:09,384 [ForkJoinPool.commonPool-worker-0] INFO  server.RaftServer (RaftServerProxy.java:lambda$close$7(398)) - cbc12831-31a5-4f31-a046-b81d852f61de: close
2022-06-16 16:23:09,384 [ForkJoinPool.commonPool-worker-0] INFO  server.RaftServer$Division (RaftServerImpl.java:lambda$close$4(434)) - cbc12831-31a5-4f31-a046-b81d852f61de@group-FD2032A2FA14: shutdown
2022-06-16 16:23:09,384 [ForkJoinPool.commonPool-worker-0] INFO  util.JmxRegister (JmxRegister.java:unregister(73)) - Successfully un-registered JMX Bean with object name Ratis:service=RaftServer,group=group-FD2032A2FA14,id=cbc12831-31a5-4f31-a046-b81d852f61de
2022-06-16 16:23:09,384 [ForkJoinPool.commonPool-worker-0] INFO  impl.RoleInfo (RoleInfo.java:shutdownFollowerState(110)) - cbc12831-31a5-4f31-a046-b81d852f61de: shutdown cbc12831-31a5-4f31-a046-b81d852f61de@group-FD2032A2FA14-FollowerState
2022-06-16 16:23:09,384 [ForkJoinPool.commonPool-worker-0] INFO  impl.StateMachineUpdater (StateMachineUpdater.java:stopAndJoin(153)) - cbc12831-31a5-4f31-a046-b81d852f61de@group-FD2032A2FA14-StateMachineUpdater: set stopIndex = 0
2022-06-16 16:23:09,384 [cbc12831-31a5-4f31-a046-b81d852f61de@group-FD2032A2FA14-FollowerState] INFO  impl.FollowerState (FollowerState.java:run(152)) - cbc12831-31a5-4f31-a046-b81d852f61de@group-FD2032A2FA14-FollowerState was interrupted
2022-06-16 16:23:09,384 [cbc12831-31a5-4f31-a046-b81d852f61de@group-FD2032A2FA14-StateMachineUpdater] INFO  ratis.ContainerStateMachine (ContainerStateMachine.java:takeSnapshot(304)) - group-FD2032A2FA14: Taking a snapshot at:(t:12, i:0) file /home/runner/work/ozone/ozone/hadoop-ozone/integration-test/target/test-dir/MiniOzoneClusterImpl-41de4505-4fce-475e-a877-0dc0879048ec/datanode-0/data/ratis/c99e7ff5-5da8-4011-b0c7-fd2032a2fa14/sm/snapshot.12_0
2022-06-16 16:23:09,386 [cbc12831-31a5-4f31-a046-b81d852f61de@group-FD2032A2FA14-StateMachineUpdater] INFO  ratis.ContainerStateMachine (ContainerStateMachine.java:takeSnapshot(315)) - group-FD2032A2FA14: Finished taking a snapshot at:(t:12, i:0) file:/home/runner/work/ozone/ozone/hadoop-ozone/integration-test/target/test-dir/MiniOzoneClusterImpl-41de4505-4fce-475e-a877-0dc0879048ec/datanode-0/data/ratis/c99e7ff5-5da8-4011-b0c7-fd2032a2fa14/sm/snapshot.12_0 took: 2 ms
2022-06-16 16:23:09,386 [cbc12831-31a5-4f31-a046-b81d852f61de@group-FD2032A2FA14-StateMachineUpdater] INFO  impl.StateMachineUpdater (StateMachineUpdater.java:takeSnapshot(287)) - cbc12831-31a5-4f31-a046-b81d852f61de@group-FD2032A2FA14-StateMachineUpdater: Took a snapshot at index 0
2022-06-16 16:23:09,386 [cbc12831-31a5-4f31-a046-b81d852f61de@group-FD2032A2FA14-StateMachineUpdater] INFO  impl.StateMachineUpdater (StateMachineUpdater.java:lambda$new$0(92)) - cbc12831-31a5-4f31-a046-b81d852f61de@group-FD2032A2FA14-StateMachineUpdater: snapshotIndex: updateIncreasingly -1 -> 0
2022-06-16 16:23:09,386 [ForkJoinPool.commonPool-worker-0] INFO  server.RaftServer$Division (ServerState.java:close(429)) - cbc12831-31a5-4f31-a046-b81d852f61de@group-FD2032A2FA14: closes. applyIndex: 0
2022-06-16 16:23:09,386 [cbc12831-31a5-4f31-a046-b81d852f61de@group-FD2032A2FA14-SegmentedRaftLogWorker] INFO  segmented.SegmentedRaftLogWorker (SegmentedRaftLogWorker.java:run(336)) - cbc12831-31a5-4f31-a046-b81d852f61de@group-FD2032A2FA14-SegmentedRaftLogWorker was interrupted, exiting. There are 0 tasks remaining in the queue.
2022-06-16 16:23:09,386 [ForkJoinPool.commonPool-worker-0] INFO  segmented.SegmentedRaftLogWorker (SegmentedRaftLogWorker.java:close(246)) - cbc12831-31a5-4f31-a046-b81d852f61de@group-FD2032A2FA14-SegmentedRaftLogWorker close()
2022-06-16 16:23:09,393 [ForkJoinPool.commonPool-worker-0] INFO  server.RaftServer$Division (RaftServerImpl.java:lambda$close$4(434)) - cbc12831-31a5-4f31-a046-b81d852f61de@group-77EDB190DBAF: shutdown
2022-06-16 16:23:09,393 [ForkJoinPool.commonPool-worker-0] INFO  util.JmxRegister (JmxRegister.java:unregister(73)) - Successfully un-registered JMX Bean with object name Ratis:service=RaftServer,group=group-77EDB190DBAF,id=cbc12831-31a5-4f31-a046-b81d852f61de
2022-06-16 16:23:09,393 [ForkJoinPool.commonPool-worker-0] INFO  impl.RoleInfo (RoleInfo.java:shutdownLeaderState(93)) - cbc12831-31a5-4f31-a046-b81d852f61de: shutdown cbc12831-31a5-4f31-a046-b81d852f61de@group-77EDB190DBAF-LeaderStateImpl
2022-06-16 16:23:09,393 [ForkJoinPool.commonPool-worker-0] INFO  impl.PendingRequests (PendingRequests.java:sendNotLeaderResponses(282)) - cbc12831-31a5-4f31-a046-b81d852f61de@group-77EDB190DBAF-PendingRequests: sendNotLeaderResponses
2022-06-16 16:23:09,394 [ForkJoinPool.commonPool-worker-0] INFO  impl.StateMachineUpdater (StateMachineUpdater.java:stopAndJoin(153)) - cbc12831-31a5-4f31-a046-b81d852f61de@group-77EDB190DBAF-StateMachineUpdater: set stopIndex = 0
2022-06-16 16:23:09,394 [cbc12831-31a5-4f31-a046-b81d852f61de@group-77EDB190DBAF-StateMachineUpdater] INFO  ratis.ContainerStateMachine (ContainerStateMachine.java:takeSnapshot(304)) - group-77EDB190DBAF: Taking a snapshot at:(t:1, i:0) file /home/runner/work/ozone/ozone/hadoop-ozone/integration-test/target/test-dir/MiniOzoneClusterImpl-41de4505-4fce-475e-a877-0dc0879048ec/datanode-0/data/ratis/63e4fd0f-f42c-4a53-ad53-77edb190dbaf/sm/snapshot.1_0
2022-06-16 16:23:09,395 [cbc12831-31a5-4f31-a046-b81d852f61de@group-77EDB190DBAF-StateMachineUpdater] INFO  ratis.ContainerStateMachine (ContainerStateMachine.java:takeSnapshot(315)) - group-77EDB190DBAF: Finished taking a snapshot at:(t:1, i:0) file:/home/runner/work/ozone/ozone/hadoop-ozone/integration-test/target/test-dir/MiniOzoneClusterImpl-41de4505-4fce-475e-a877-0dc0879048ec/datanode-0/data/ratis/63e4fd0f-f42c-4a53-ad53-77edb190dbaf/sm/snapshot.1_0 took: 1 ms
2022-06-16 16:23:09,395 [cbc12831-31a5-4f31-a046-b81d852f61de@group-77EDB190DBAF-StateMachineUpdater] INFO  impl.StateMachineUpdater (StateMachineUpdater.java:takeSnapshot(287)) - cbc12831-31a5-4f31-a046-b81d852f61de@group-77EDB190DBAF-StateMachineUpdater: Took a snapshot at index 0
2022-06-16 16:23:09,395 [cbc12831-31a5-4f31-a046-b81d852f61de@group-77EDB190DBAF-StateMachineUpdater] INFO  impl.StateMachineUpdater (StateMachineUpdater.java:lambda$new$0(92)) - cbc12831-31a5-4f31-a046-b81d852f61de@group-77EDB190DBAF-StateMachineUpdater: snapshotIndex: updateIncreasingly -1 -> 0
2022-06-16 16:23:09,395 [ForkJoinPool.commonPool-worker-0] INFO  server.RaftServer$Division (ServerState.java:close(429)) - cbc12831-31a5-4f31-a046-b81d852f61de@group-77EDB190DBAF: closes. applyIndex: 0
2022-06-16 16:23:09,395 [cbc12831-31a5-4f31-a046-b81d852f61de@group-77EDB190DBAF-SegmentedRaftLogWorker] INFO  segmented.SegmentedRaftLogWorker (SegmentedRaftLogWorker.java:run(336)) - cbc12831-31a5-4f31-a046-b81d852f61de@group-77EDB190DBAF-SegmentedRaftLogWorker was interrupted, exiting. There are 0 tasks remaining in the queue.
2022-06-16 16:23:09,395 [ForkJoinPool.commonPool-worker-0] INFO  segmented.SegmentedRaftLogWorker (SegmentedRaftLogWorker.java:close(246)) - cbc12831-31a5-4f31-a046-b81d852f61de@group-77EDB190DBAF-SegmentedRaftLogWorker close()
2022-06-16 16:23:09,414 [ForkJoinPool.commonPool-worker-0] INFO  server.RaftServer$Division (RaftServerImpl.java:lambda$close$4(434)) - cbc12831-31a5-4f31-a046-b81d852f61de@group-D5DCD881B8EA: shutdown
2022-06-16 16:23:09,414 [ForkJoinPool.commonPool-worker-0] INFO  util.JmxRegister (JmxRegister.java:unregister(73)) - Successfully un-registered JMX Bean with object name Ratis:service=RaftServer,group=group-D5DCD881B8EA,id=cbc12831-31a5-4f31-a046-b81d852f61de
2022-06-16 16:23:09,414 [ForkJoinPool.commonPool-worker-0] INFO  impl.RoleInfo (RoleInfo.java:shutdownFollowerState(110)) - cbc12831-31a5-4f31-a046-b81d852f61de: shutdown cbc12831-31a5-4f31-a046-b81d852f61de@group-D5DCD881B8EA-FollowerState
2022-06-16 16:23:09,414 [ForkJoinPool.commonPool-worker-0] INFO  impl.StateMachineUpdater (StateMachineUpdater.java:stopAndJoin(153)) - cbc12831-31a5-4f31-a046-b81d852f61de@group-D5DCD881B8EA-StateMachineUpdater: set stopIndex = 51
2022-06-16 16:23:09,414 [cbc12831-31a5-4f31-a046-b81d852f61de@group-D5DCD881B8EA-FollowerState] INFO  impl.FollowerState (FollowerState.java:run(152)) - cbc12831-31a5-4f31-a046-b81d852f61de@group-D5DCD881B8EA-FollowerState was interrupted
2022-06-16 16:23:09,414 [cbc12831-31a5-4f31-a046-b81d852f61de@group-D5DCD881B8EA-StateMachineUpdater] INFO  ratis.ContainerStateMachine (ContainerStateMachine.java:takeSnapshot(304)) - group-D5DCD881B8EA: Taking a snapshot at:(t:7, i:51) file /home/runner/work/ozone/ozone/hadoop-ozone/integration-test/target/test-dir/MiniOzoneClusterImpl-41de4505-4fce-475e-a877-0dc0879048ec/datanode-0/data/ratis/c3dacbae-8d80-4417-b43c-d5dcd881b8ea/sm/snapshot.7_51
2022-06-16 16:23:09,417 [cbc12831-31a5-4f31-a046-b81d852f61de@group-D5DCD881B8EA-StateMachineUpdater] INFO  ratis.ContainerStateMachine (ContainerStateMachine.java:takeSnapshot(315)) - group-D5DCD881B8EA: Finished taking a snapshot at:(t:7, i:51) file:/home/runner/work/ozone/ozone/hadoop-ozone/integration-test/target/test-dir/MiniOzoneClusterImpl-41de4505-4fce-475e-a877-0dc0879048ec/datanode-0/data/ratis/c3dacbae-8d80-4417-b43c-d5dcd881b8ea/sm/snapshot.7_51 took: 3 ms
2022-06-16 16:23:09,417 [cbc12831-31a5-4f31-a046-b81d852f61de@group-D5DCD881B8EA-StateMachineUpdater] INFO  impl.StateMachineUpdater (StateMachineUpdater.java:takeSnapshot(287)) - cbc12831-31a5-4f31-a046-b81d852f61de@group-D5DCD881B8EA-StateMachineUpdater: Took a snapshot at index 51
2022-06-16 16:23:09,417 [cbc12831-31a5-4f31-a046-b81d852f61de@group-D5DCD881B8EA-StateMachineUpdater] INFO  impl.StateMachineUpdater (StateMachineUpdater.java:lambda$new$0(92)) - cbc12831-31a5-4f31-a046-b81d852f61de@group-D5DCD881B8EA-StateMachineUpdater: snapshotIndex: updateIncreasingly -1 -> 51
2022-06-16 16:23:09,420 [ForkJoinPool.commonPool-worker-0] INFO  server.RaftServer$Division (ServerState.java:close(429)) - cbc12831-31a5-4f31-a046-b81d852f61de@group-D5DCD881B8EA: closes. applyIndex: 51
2022-06-16 16:23:09,420 [cbc12831-31a5-4f31-a046-b81d852f61de@group-D5DCD881B8EA-SegmentedRaftLogWorker] INFO  segmented.SegmentedRaftLogWorker (SegmentedRaftLogWorker.java:run(336)) - cbc12831-31a5-4f31-a046-b81d852f61de@group-D5DCD881B8EA-SegmentedRaftLogWorker was interrupted, exiting. There are 0 tasks remaining in the queue.
2022-06-16 16:23:09,420 [ForkJoinPool.commonPool-worker-0] INFO  segmented.SegmentedRaftLogWorker (SegmentedRaftLogWorker.java:close(246)) - cbc12831-31a5-4f31-a046-b81d852f61de@group-D5DCD881B8EA-SegmentedRaftLogWorker close()
2022-06-16 16:23:09,421 [ForkJoinPool.commonPool-worker-0] INFO  server.GrpcService (GrpcService.java:closeImpl(269)) - cbc12831-31a5-4f31-a046-b81d852f61de: shutdown server with port 42913 now
2022-06-16 16:23:09,439 [Listener at 127.0.0.1/33505] INFO  ozoneimpl.OzoneContainer (OzoneContainer.java:stop(365)) - Attempting to stop container services.
2022-06-16 16:23:09,439 [Listener at 127.0.0.1/33505] INFO  server.RaftServer (RaftServerProxy.java:lambda$close$7(398)) - 1c79e798-ce4e-4731-abab-8f755a4e096a: close
2022-06-16 16:23:09,439 [Listener at 127.0.0.1/33505] INFO  server.RaftServer$Division (RaftServerImpl.java:lambda$close$4(434)) - 1c79e798-ce4e-4731-abab-8f755a4e096a@group-FF1A02073EE2: shutdown
2022-06-16 16:23:09,439 [Listener at 127.0.0.1/33505] INFO  util.JmxRegister (JmxRegister.java:unregister(73)) - Successfully un-registered JMX Bean with object name Ratis:service=RaftServer,group=group-FF1A02073EE2,id=1c79e798-ce4e-4731-abab-8f755a4e096a
2022-06-16 16:23:09,440 [Listener at 127.0.0.1/33505] INFO  impl.RoleInfo (RoleInfo.java:shutdownLeaderState(93)) - 1c79e798-ce4e-4731-abab-8f755a4e096a: shutdown 1c79e798-ce4e-4731-abab-8f755a4e096a@group-FF1A02073EE2-LeaderStateImpl
2022-06-16 16:23:09,440 [Listener at 127.0.0.1/33505] INFO  impl.PendingRequests (PendingRequests.java:sendNotLeaderResponses(282)) - 1c79e798-ce4e-4731-abab-8f755a4e096a@group-FF1A02073EE2-PendingRequests: sendNotLeaderResponses
2022-06-16 16:23:09,440 [Listener at 127.0.0.1/33505] INFO  impl.StateMachineUpdater (StateMachineUpdater.java:stopAndJoin(153)) - 1c79e798-ce4e-4731-abab-8f755a4e096a@group-FF1A02073EE2-StateMachineUpdater: set stopIndex = 0
2022-06-16 16:23:09,441 [1c79e798-ce4e-4731-abab-8f755a4e096a@group-FF1A02073EE2-StateMachineUpdater] INFO  ratis.ContainerStateMachine (ContainerStateMachine.java:takeSnapshot(304)) - group-FF1A02073EE2: Taking a snapshot at:(t:1, i:0) file /home/runner/work/ozone/ozone/hadoop-ozone/integration-test/target/test-dir/MiniOzoneClusterImpl-41de4505-4fce-475e-a877-0dc0879048ec/datanode-4/data/ratis/29bcd10d-d504-4178-8968-ff1a02073ee2/sm/snapshot.1_0
2022-06-16 16:23:09,442 [1c79e798-ce4e-4731-abab-8f755a4e096a@group-FF1A02073EE2-StateMachineUpdater] INFO  ratis.ContainerStateMachine (ContainerStateMachine.java:takeSnapshot(315)) - group-FF1A02073EE2: Finished taking a snapshot at:(t:1, i:0) file:/home/runner/work/ozone/ozone/hadoop-ozone/integration-test/target/test-dir/MiniOzoneClusterImpl-41de4505-4fce-475e-a877-0dc0879048ec/datanode-4/data/ratis/29bcd10d-d504-4178-8968-ff1a02073ee2/sm/snapshot.1_0 took: 1 ms
2022-06-16 16:23:09,442 [1c79e798-ce4e-4731-abab-8f755a4e096a@group-FF1A02073EE2-StateMachineUpdater] INFO  impl.StateMachineUpdater (StateMachineUpdater.java:takeSnapshot(287)) - 1c79e798-ce4e-4731-abab-8f755a4e096a@group-FF1A02073EE2-StateMachineUpdater: Took a snapshot at index 0
2022-06-16 16:23:09,442 [1c79e798-ce4e-4731-abab-8f755a4e096a@group-FF1A02073EE2-StateMachineUpdater] INFO  impl.StateMachineUpdater (StateMachineUpdater.java:lambda$new$0(92)) - 1c79e798-ce4e-4731-abab-8f755a4e096a@group-FF1A02073EE2-StateMachineUpdater: snapshotIndex: updateIncreasingly -1 -> 0
2022-06-16 16:23:09,445 [Listener at 127.0.0.1/33505] INFO  server.RaftServer$Division (ServerState.java:close(429)) - 1c79e798-ce4e-4731-abab-8f755a4e096a@group-FF1A02073EE2: closes. applyIndex: 0
2022-06-16 16:23:09,445 [1c79e798-ce4e-4731-abab-8f755a4e096a@group-FF1A02073EE2-SegmentedRaftLogWorker] INFO  segmented.SegmentedRaftLogWorker (SegmentedRaftLogWorker.java:run(336)) - 1c79e798-ce4e-4731-abab-8f755a4e096a@group-FF1A02073EE2-SegmentedRaftLogWorker was interrupted, exiting. There are 0 tasks remaining in the queue.
2022-06-16 16:23:09,445 [Listener at 127.0.0.1/33505] INFO  segmented.SegmentedRaftLogWorker (SegmentedRaftLogWorker.java:close(246)) - 1c79e798-ce4e-4731-abab-8f755a4e096a@group-FF1A02073EE2-SegmentedRaftLogWorker close()
2022-06-16 16:23:09,445 [Listener at 127.0.0.1/33505] INFO  server.GrpcService (GrpcService.java:closeImpl(269)) - 1c79e798-ce4e-4731-abab-8f755a4e096a: shutdown server with port 40089 now
2022-06-16 16:23:09,445 [Listener at 127.0.0.1/33505] INFO  server.GrpcService (GrpcService.java:closeImpl(278)) - 1c79e798-ce4e-4731-abab-8f755a4e096a: shutdown server with port 40089 successfully
2022-06-16 16:23:09,446 [org.apache.ratis.util.JvmPauseMonitor$$Lambda$611/1702991963@1f4efa57] INFO  util.JvmPauseMonitor (JvmPauseMonitor.java:run(109)) - JvmPauseMonitor-1c79e798-ce4e-4731-abab-8f755a4e096a: Stopped
2022-06-16 16:23:09,458 [ForkJoinPool.commonPool-worker-0] INFO  server.GrpcService (GrpcService.java:closeImpl(278)) - cbc12831-31a5-4f31-a046-b81d852f61de: shutdown server with port 42913 successfully
2022-06-16 16:23:09,458 [org.apache.ratis.util.JvmPauseMonitor$$Lambda$611/1702991963@6586dd64] INFO  util.JvmPauseMonitor (JvmPauseMonitor.java:run(109)) - JvmPauseMonitor-cbc12831-31a5-4f31-a046-b81d852f61de: Stopped
2022-06-16 16:23:11,495 [Listener at 127.0.0.1/33505] INFO  utils.BackgroundService (BackgroundService.java:shutdown(132)) - Shutting down service BlockDeletingService
2022-06-16 16:23:11,641 [ForkJoinPool.commonPool-worker-0] INFO  utils.BackgroundService (BackgroundService.java:shutdown(132)) - Shutting down service BlockDeletingService
2022-06-16 16:23:14,595 [Listener at 127.0.0.1/33505] INFO  statemachine.DatanodeStateMachine (DatanodeStateMachine.java:stopDaemon(572)) - Ozone container server stopped.
2022-06-16 16:23:14,605 [Listener at 127.0.0.1/33505] INFO  handler.ContextHandler (ContextHandler.java:doStop(1153)) - Stopped o.e.j.w.WebAppContext@3ca27a2e{hddsDatanode,/,null,STOPPED}{jar:file:/home/runner/.m2/repository/org/apache/ozone/hdds-container-service/1.3.0-SNAPSHOT/hdds-container-service-1.3.0-SNAPSHOT.jar!/webapps/hddsDatanode}
2022-06-16 16:23:14,630 [Listener at 127.0.0.1/33505] INFO  server.AbstractConnector (AbstractConnector.java:doStop(381)) - Stopped ServerConnector@2e243043{HTTP/1.1, (http/1.1)}{0.0.0.0:0}
2022-06-16 16:23:14,630 [Listener at 127.0.0.1/33505] INFO  server.session (HouseKeeper.java:stopScavenging(149)) - node0 Stopped scavenging
2022-06-16 16:23:14,634 [Listener at 127.0.0.1/33505] INFO  handler.ContextHandler (ContextHandler.java:doStop(1153)) - Stopped o.e.j.s.ServletContextHandler@18f51450{static,/static,jar:file:/home/runner/.m2/repository/org/apache/ozone/hdds-container-service/1.3.0-SNAPSHOT/hdds-container-service-1.3.0-SNAPSHOT.jar!/webapps/static,STOPPED}
2022-06-16 16:23:14,634 [Listener at 127.0.0.1/33505] INFO  handler.ContextHandler (ContextHandler.java:doStop(1153)) - Stopped o.e.j.s.ServletContextHandler@7bed22c9{logs,/logs,file:///home/runner/work/ozone/ozone/hadoop-ozone/integration-test/target/log,STOPPED}
2022-06-16 16:23:14,642 [ForkJoinPool.commonPool-worker-0] INFO  statemachine.DatanodeStateMachine (DatanodeStateMachine.java:stopDaemon(572)) - Ozone container server stopped.
2022-06-16 16:23:14,705 [ForkJoinPool.commonPool-worker-0] INFO  handler.ContextHandler (ContextHandler.java:doStop(1153)) - Stopped o.e.j.w.WebAppContext@e8e5cfe{hddsDatanode,/,null,STOPPED}{jar:file:/home/runner/.m2/repository/org/apache/ozone/hdds-container-service/1.3.0-SNAPSHOT/hdds-container-service-1.3.0-SNAPSHOT.jar!/webapps/hddsDatanode}
2022-06-16 16:23:14,716 [ForkJoinPool.commonPool-worker-0] INFO  server.AbstractConnector (AbstractConnector.java:doStop(381)) - Stopped ServerConnector@323e5db4{HTTP/1.1, (http/1.1)}{0.0.0.0:0}
2022-06-16 16:23:14,716 [ForkJoinPool.commonPool-worker-0] INFO  server.session (HouseKeeper.java:stopScavenging(149)) - node0 Stopped scavenging
2022-06-16 16:23:14,717 [ForkJoinPool.commonPool-worker-0] INFO  handler.ContextHandler (ContextHandler.java:doStop(1153)) - Stopped o.e.j.s.ServletContextHandler@4cf71e62{static,/static,jar:file:/home/runner/.m2/repository/org/apache/ozone/hdds-container-service/1.3.0-SNAPSHOT/hdds-container-service-1.3.0-SNAPSHOT.jar!/webapps/static,STOPPED}
2022-06-16 16:23:14,717 [ForkJoinPool.commonPool-worker-0] INFO  handler.ContextHandler (ContextHandler.java:doStop(1153)) - Stopped o.e.j.s.ServletContextHandler@7e5e61da{logs,/logs,file:///home/runner/work/ozone/ozone/hadoop-ozone/integration-test/target/log,STOPPED}
2022-06-16 16:23:19,636 [Listener at 127.0.0.1/33505] INFO  ozoneimpl.OzoneContainer (OzoneContainer.java:stop(365)) - Attempting to stop container services.
2022-06-16 16:23:19,636 [Listener at 127.0.0.1/33505] INFO  server.RaftServer (RaftServerProxy.java:lambda$close$7(398)) - 3ccaab51-594b-45d9-a95d-6a5841fc2e70: close
2022-06-16 16:23:19,637 [Listener at 127.0.0.1/33505] INFO  server.RaftServer$Division (RaftServerImpl.java:lambda$close$4(434)) - 3ccaab51-594b-45d9-a95d-6a5841fc2e70@group-EAFA9F045B93: shutdown
2022-06-16 16:23:19,637 [Listener at 127.0.0.1/33505] INFO  util.JmxRegister (JmxRegister.java:unregister(73)) - Successfully un-registered JMX Bean with object name Ratis:service=RaftServer,group=group-EAFA9F045B93,id=3ccaab51-594b-45d9-a95d-6a5841fc2e70
2022-06-16 16:23:19,637 [Listener at 127.0.0.1/33505] INFO  impl.RoleInfo (RoleInfo.java:shutdownLeaderState(93)) - 3ccaab51-594b-45d9-a95d-6a5841fc2e70: shutdown 3ccaab51-594b-45d9-a95d-6a5841fc2e70@group-EAFA9F045B93-LeaderStateImpl
2022-06-16 16:23:19,637 [Listener at 127.0.0.1/33505] INFO  impl.PendingRequests (PendingRequests.java:sendNotLeaderResponses(282)) - 3ccaab51-594b-45d9-a95d-6a5841fc2e70@group-EAFA9F045B93-PendingRequests: sendNotLeaderResponses
2022-06-16 16:23:19,638 [Listener at 127.0.0.1/33505] INFO  impl.StateMachineUpdater (StateMachineUpdater.java:stopAndJoin(153)) - 3ccaab51-594b-45d9-a95d-6a5841fc2e70@group-EAFA9F045B93-StateMachineUpdater: set stopIndex = 0
2022-06-16 16:23:19,638 [3ccaab51-594b-45d9-a95d-6a5841fc2e70@group-EAFA9F045B93-StateMachineUpdater] INFO  ratis.ContainerStateMachine (ContainerStateMachine.java:takeSnapshot(304)) - group-EAFA9F045B93: Taking a snapshot at:(t:1, i:0) file /home/runner/work/ozone/ozone/hadoop-ozone/integration-test/target/test-dir/MiniOzoneClusterImpl-41de4505-4fce-475e-a877-0dc0879048ec/datanode-3/data/ratis/1e111de9-d6ff-45c4-9efc-eafa9f045b93/sm/snapshot.1_0
2022-06-16 16:23:19,642 [3ccaab51-594b-45d9-a95d-6a5841fc2e70@group-EAFA9F045B93-StateMachineUpdater] INFO  ratis.ContainerStateMachine (ContainerStateMachine.java:takeSnapshot(315)) - group-EAFA9F045B93: Finished taking a snapshot at:(t:1, i:0) file:/home/runner/work/ozone/ozone/hadoop-ozone/integration-test/target/test-dir/MiniOzoneClusterImpl-41de4505-4fce-475e-a877-0dc0879048ec/datanode-3/data/ratis/1e111de9-d6ff-45c4-9efc-eafa9f045b93/sm/snapshot.1_0 took: 4 ms
2022-06-16 16:23:19,643 [3ccaab51-594b-45d9-a95d-6a5841fc2e70@group-EAFA9F045B93-StateMachineUpdater] INFO  impl.StateMachineUpdater (StateMachineUpdater.java:takeSnapshot(287)) - 3ccaab51-594b-45d9-a95d-6a5841fc2e70@group-EAFA9F045B93-StateMachineUpdater: Took a snapshot at index 0
2022-06-16 16:23:19,643 [3ccaab51-594b-45d9-a95d-6a5841fc2e70@group-EAFA9F045B93-StateMachineUpdater] INFO  impl.StateMachineUpdater (StateMachineUpdater.java:lambda$new$0(92)) - 3ccaab51-594b-45d9-a95d-6a5841fc2e70@group-EAFA9F045B93-StateMachineUpdater: snapshotIndex: updateIncreasingly -1 -> 0
2022-06-16 16:23:19,646 [Listener at 127.0.0.1/33505] INFO  server.RaftServer$Division (ServerState.java:close(429)) - 3ccaab51-594b-45d9-a95d-6a5841fc2e70@group-EAFA9F045B93: closes. applyIndex: 0
2022-06-16 16:23:19,646 [3ccaab51-594b-45d9-a95d-6a5841fc2e70@group-EAFA9F045B93-SegmentedRaftLogWorker] INFO  segmented.SegmentedRaftLogWorker (SegmentedRaftLogWorker.java:run(336)) - 3ccaab51-594b-45d9-a95d-6a5841fc2e70@group-EAFA9F045B93-SegmentedRaftLogWorker was interrupted, exiting. There are 0 tasks remaining in the queue.
2022-06-16 16:23:19,656 [Listener at 127.0.0.1/33505] INFO  segmented.SegmentedRaftLogWorker (SegmentedRaftLogWorker.java:close(246)) - 3ccaab51-594b-45d9-a95d-6a5841fc2e70@group-EAFA9F045B93-SegmentedRaftLogWorker close()
2022-06-16 16:23:19,656 [Listener at 127.0.0.1/33505] INFO  server.GrpcService (GrpcService.java:closeImpl(269)) - 3ccaab51-594b-45d9-a95d-6a5841fc2e70: shutdown server with port 42747 now
2022-06-16 16:23:19,674 [Listener at 127.0.0.1/33505] INFO  server.GrpcService (GrpcService.java:closeImpl(278)) - 3ccaab51-594b-45d9-a95d-6a5841fc2e70: shutdown server with port 42747 successfully
2022-06-16 16:23:19,674 [org.apache.ratis.util.JvmPauseMonitor$$Lambda$611/1702991963@f659f07] INFO  util.JvmPauseMonitor (JvmPauseMonitor.java:run(109)) - JvmPauseMonitor-3ccaab51-594b-45d9-a95d-6a5841fc2e70: Stopped
2022-06-16 16:23:21,818 [Listener at 127.0.0.1/33505] INFO  utils.BackgroundService (BackgroundService.java:shutdown(132)) - Shutting down service BlockDeletingService
2022-06-16 16:23:24,859 [Listener at 127.0.0.1/33505] INFO  statemachine.DatanodeStateMachine (DatanodeStateMachine.java:stopDaemon(572)) - Ozone container server stopped.
2022-06-16 16:23:24,898 [Listener at 127.0.0.1/33505] INFO  handler.ContextHandler (ContextHandler.java:doStop(1153)) - Stopped o.e.j.w.WebAppContext@793130fc{hddsDatanode,/,null,STOPPED}{jar:file:/home/runner/.m2/repository/org/apache/ozone/hdds-container-service/1.3.0-SNAPSHOT/hdds-container-service-1.3.0-SNAPSHOT.jar!/webapps/hddsDatanode}
2022-06-16 16:23:24,906 [Listener at 127.0.0.1/33505] INFO  server.AbstractConnector (AbstractConnector.java:doStop(381)) - Stopped ServerConnector@57bb23a{HTTP/1.1, (http/1.1)}{0.0.0.0:0}
2022-06-16 16:23:24,906 [Listener at 127.0.0.1/33505] INFO  server.session (HouseKeeper.java:stopScavenging(149)) - node0 Stopped scavenging
2022-06-16 16:23:24,906 [Listener at 127.0.0.1/33505] INFO  handler.ContextHandler (ContextHandler.java:doStop(1153)) - Stopped o.e.j.s.ServletContextHandler@1f850e6c{static,/static,jar:file:/home/runner/.m2/repository/org/apache/ozone/hdds-container-service/1.3.0-SNAPSHOT/hdds-container-service-1.3.0-SNAPSHOT.jar!/webapps/static,STOPPED}
2022-06-16 16:23:24,906 [Listener at 127.0.0.1/33505] INFO  handler.ContextHandler (ContextHandler.java:doStop(1153)) - Stopped o.e.j.s.ServletContextHandler@31a3471e{logs,/logs,file:///home/runner/work/ozone/ozone/hadoop-ozone/integration-test/target/log,STOPPED}
2022-06-16 16:23:24,909 [Listener at 127.0.0.1/33505] INFO  ozone.MiniOzoneClusterImpl (MiniOzoneClusterImpl.java:stopSCM(545)) - Stopping the StorageContainerManager
2022-06-16 16:23:24,909 [Listener at 127.0.0.1/33505] INFO  server.StorageContainerManager (StorageContainerManager.java:stop(1501)) - Container Balancer is not running.
2022-06-16 16:23:24,909 [Listener at 127.0.0.1/33505] INFO  server.StorageContainerManager (StorageContainerManager.java:stop(1508)) - Stopping Replication Manager Service.
2022-06-16 16:23:24,909 [Listener at 127.0.0.1/33505] INFO  replication.ReplicationManager (ReplicationManager.java:stop(212)) - Stopping Replication Monitor Thread.
2022-06-16 16:23:24,910 [ReplicationMonitor] INFO  replication.ReplicationManager (ReplicationManager.java:run(270)) - Replication Monitor Thread is stopped
2022-06-16 16:23:24,910 [Listener at 127.0.0.1/33505] INFO  server.StorageContainerManager (StorageContainerManager.java:stop(1515)) - Stopping the Datanode Admin Monitor.
2022-06-16 16:23:24,914 [Listener at 127.0.0.1/33505] INFO  server.StorageContainerManager (StorageContainerManager.java:stop(1522)) - Stopping Lease Manager of the command watchers
2022-06-16 16:23:24,914 [Listener at 127.0.0.1/33505] INFO  server.StorageContainerManager (StorageContainerManager.java:stop(1529)) - Stopping datanode service RPC server
2022-06-16 16:23:24,914 [Listener at 127.0.0.1/33505] INFO  server.SCMDatanodeProtocolServer (SCMDatanodeProtocolServer.java:stop(400)) - Stopping the RPC server for DataNodes
2022-06-16 16:23:24,914 [Listener at 127.0.0.1/33505] INFO  ipc.Server (Server.java:stop(3414)) - Stopping server on 42437
2022-06-16 16:23:24,922 [IPC Server listener on 0] INFO  ipc.Server (Server.java:run(1376)) - Stopping IPC Server listener on 0
2022-06-16 16:23:24,948 [IPC Server Responder] INFO  ipc.Server (Server.java:run(1512)) - Stopping IPC Server Responder
2022-06-16 16:23:25,016 [SCM Heartbeat Processing Thread - 0] WARN  node.NodeStateManager (NodeStateManager.java:scheduleNextHealthCheck(848)) - Current Thread is interrupted, shutting down HB processing thread for Node Manager.
2022-06-16 16:23:25,017 [Listener at 127.0.0.1/33505] INFO  server.StorageContainerManager (StorageContainerManager.java:stop(1537)) - Stopping block service RPC server
2022-06-16 16:23:25,017 [Listener at 127.0.0.1/33505] INFO  server.SCMBlockProtocolServer (SCMBlockProtocolServer.java:stop(160)) - Stopping the RPC server for Block Protocol
2022-06-16 16:23:25,017 [Listener at 127.0.0.1/33505] INFO  ipc.Server (Server.java:stop(3414)) - Stopping server on 45321
2022-06-16 16:23:25,022 [Listener at 127.0.0.1/33505] INFO  server.StorageContainerManager (StorageContainerManager.java:stop(1544)) - Stopping the StorageContainerLocationProtocol RPC server
2022-06-16 16:23:25,022 [Listener at 127.0.0.1/33505] INFO  server.SCMClientProtocolServer (SCMClientProtocolServer.java:stop(178)) - Stopping the RPC server for Client Protocol
2022-06-16 16:23:25,022 [Listener at 127.0.0.1/33505] INFO  ipc.Server (Server.java:stop(3414)) - Stopping server on 33627
2022-06-16 16:23:25,022 [IPC Server Responder] INFO  ipc.Server (Server.java:run(1512)) - Stopping IPC Server Responder
2022-06-16 16:23:25,023 [IPC Server listener on 0] INFO  ipc.Server (Server.java:run(1376)) - Stopping IPC Server listener on 0
2022-06-16 16:23:25,025 [IPC Server listener on 0] INFO  ipc.Server (Server.java:run(1376)) - Stopping IPC Server listener on 0
2022-06-16 16:23:25,025 [Listener at 127.0.0.1/33505] INFO  server.StorageContainerManager (StorageContainerManager.java:stop(1551)) - Stopping Storage Container Manager HTTP server.
2022-06-16 16:23:25,025 [Listener at 127.0.0.1/33505] INFO  handler.ContextHandler (ContextHandler.java:doStop(1153)) - Stopped o.e.j.w.WebAppContext@2fea23c0{scm,/,null,STOPPED}{file:/home/runner/work/ozone/ozone/hadoop-ozone/integration-test/target/test-classes/webapps/scm}
2022-06-16 16:23:25,025 [IPC Server Responder] INFO  ipc.Server (Server.java:run(1512)) - Stopping IPC Server Responder
2022-06-16 16:23:25,090 [Listener at 127.0.0.1/33505] INFO  server.AbstractConnector (AbstractConnector.java:doStop(381)) - Stopped ServerConnector@47893d43{HTTP/1.1, (http/1.1)}{0.0.0.0:0}
2022-06-16 16:23:25,090 [Listener at 127.0.0.1/33505] INFO  server.session (HouseKeeper.java:stopScavenging(149)) - node0 Stopped scavenging
2022-06-16 16:23:25,090 [Listener at 127.0.0.1/33505] INFO  handler.ContextHandler (ContextHandler.java:doStop(1153)) - Stopped o.e.j.s.ServletContextHandler@496e9377{static,/static,file:///home/runner/work/ozone/ozone/hadoop-ozone/integration-test/target/test-classes/webapps/static,STOPPED}
2022-06-16 16:23:25,091 [Listener at 127.0.0.1/33505] INFO  handler.ContextHandler (ContextHandler.java:doStop(1153)) - Stopped o.e.j.s.ServletContextHandler@7e72ba8{logs,/logs,file:///home/runner/work/ozone/ozone/hadoop-ozone/integration-test/target/log,STOPPED}
2022-06-16 16:23:25,091 [Listener at 127.0.0.1/33505] INFO  server.StorageContainerManager (StorageContainerManager.java:stop(1562)) - Stopping Block Manager Service.
2022-06-16 16:23:25,091 [Listener at 127.0.0.1/33505] INFO  utils.BackgroundService (BackgroundService.java:shutdown(132)) - Shutting down service SCMBlockDeletingService
2022-06-16 16:23:25,092 [Listener at 127.0.0.1/33505] INFO  utils.BackgroundService (BackgroundService.java:shutdown(132)) - Shutting down service SCMBlockDeletingService
2022-06-16 16:23:25,092 [Listener at 127.0.0.1/33505] INFO  server.StorageContainerManager (StorageContainerManager.java:stop(1589)) - Stopping SCM Event Queue.
2022-06-16 16:23:25,092 [Listener at 127.0.0.1/33505] INFO  server.StorageContainerManager (StorageContainerManager.java:stop(1600)) - Stopping SCM HA services.
2022-06-16 16:23:25,093 [Listener at 127.0.0.1/33505] INFO  pipeline.BackgroundPipelineCreator (BackgroundPipelineCreator.java:stop(150)) - Stopping RatisPipelineUtilsThread.
2022-06-16 16:23:25,093 [RatisPipelineUtilsThread - 0] WARN  pipeline.BackgroundPipelineCreator (BackgroundPipelineCreator.java:run(177)) - RatisPipelineUtilsThread is interrupted.
2022-06-16 16:23:25,093 [Listener at 127.0.0.1/33505] INFO  BackgroundPipelineScrubber (BackgroundSCMService.java:stop(126)) - Stopping BackgroundPipelineScrubber Service.
2022-06-16 16:23:25,093 [Listener at 127.0.0.1/33505] INFO  server.StorageContainerManager (StorageContainerManager.java:stop(1610)) - Stopping SCM MetadataStore.
2022-06-16 16:23:25,093 [BackgroundPipelineScrubberThread] WARN  BackgroundPipelineScrubber (BackgroundSCMService.java:run(110)) - BackgroundPipelineScrubber is interrupted, exit
2022-06-16 16:23:25,094 [Listener at 127.0.0.1/33505] INFO  impl.MetricsSystemImpl (MetricsSystemImpl.java:stop(210)) - Stopping HddsDatanode metrics system...
2022-06-16 16:23:25,248 [prometheus] INFO  impl.MetricsSinkAdapter (MetricsSinkAdapter.java:publishMetricsFromQueue(141)) - prometheus thread interrupted.
2022-06-16 16:23:25,266 [Listener at 127.0.0.1/33505] INFO  impl.MetricsSystemImpl (MetricsSystemImpl.java:stop(216)) - HddsDatanode metrics system stopped.
2022-06-16 16:23:25,688 [Listener at 127.0.0.1/33505] WARN  server.ServerUtils (ServerUtils.java:getScmDbDir(148)) - ozone.scm.db.dirs is not configured. We recommend adding this setting. Falling back to ozone.metadata.dirs instead.
2022-06-16 16:23:25,701 [Listener at 127.0.0.1/33505] INFO  ha.SCMHANodeDetails (SCMHANodeDetails.java:loadSCMHAConfig(160)) - ServiceID for StorageContainerManager is null
2022-06-16 16:23:25,701 [Listener at 127.0.0.1/33505] INFO  ha.SCMHANodeDetails (SCMHANodeDetails.java:loadSCMHAConfig(165)) - ozone.scm.default.service.id is not defined, falling back to ozone.scm.service.ids to find serviceID for StorageContainerManager if it is HA enabled cluster
2022-06-16 16:23:25,701 [Listener at 127.0.0.1/33505] WARN  server.ServerUtils (ServerUtils.java:getScmDbDir(148)) - ozone.scm.db.dirs is not configured. We recommend adding this setting. Falling back to ozone.metadata.dirs instead.
2022-06-16 16:23:25,701 [Listener at 127.0.0.1/33505] WARN  utils.HAUtils (HAUtils.java:getMetaDir(342)) - ozone.scm.db.dirs is not configured. We recommend adding this setting. Falling back to ozone.metadata.dirs instead.
2022-06-16 16:23:25,702 [Listener at 127.0.0.1/33505] WARN  db.DBStoreBuilder (DBStoreBuilder.java:applyDBDefinition(145)) - ozone.scm.db.dirs is not configured. We recommend adding this setting. Falling back to ozone.metadata.dirs instead.
2022-06-16 16:23:26,261 [Listener at 127.0.0.1/33505] INFO  net.NodeSchemaLoader (NodeSchemaLoader.java:loadSchemaFromFile(129)) - Loading schema from [jar:file:/home/runner/.m2/repository/org/apache/ozone/hdds-common/1.3.0-SNAPSHOT/hdds-common-1.3.0-SNAPSHOT.jar!/network-topology-default.xml]
2022-06-16 16:23:26,262 [Listener at 127.0.0.1/33505] INFO  net.NodeSchemaLoader (NodeSchemaLoader.java:loadSchema(176)) - Loading network topology layer schema file
2022-06-16 16:23:26,271 [Listener at 127.0.0.1/33505] INFO  upgrade.AbstractLayoutVersionManager (AbstractLayoutVersionManager.java:init(82)) - Initializing Layout version manager with metadata layout = DATANODE_SCHEMA_V3 (version = 4), software layout = DATANODE_SCHEMA_V3 (version = 4)
2022-06-16 16:23:26,402 [Listener at 127.0.0.1/33505] INFO  reflections.Reflections (Reflections.java:scan(232)) - Reflections took 130 ms to scan 7 urls, producing 131 keys and 311 values 
2022-06-16 16:23:26,454 [Listener at 127.0.0.1/33505] INFO  ha.SequenceIdGenerator (SequenceIdGenerator.java:upgradeToSequenceId(347)) - upgrade localId to 109611004723200000
2022-06-16 16:23:26,454 [Listener at 127.0.0.1/33505] INFO  ha.SequenceIdGenerator (SequenceIdGenerator.java:upgradeToSequenceId(357)) - upgrade delTxnId to 0
2022-06-16 16:23:26,454 [Listener at 127.0.0.1/33505] INFO  ha.SequenceIdGenerator (SequenceIdGenerator.java:upgradeToSequenceId(374)) - upgrade containerId to 0
2022-06-16 16:23:26,454 [Listener at 127.0.0.1/33505] INFO  ha.SequenceIdGenerator (SequenceIdGenerator.java:<init>(218)) - Init the HA SequenceIdGenerator.
2022-06-16 16:23:26,455 [Listener at 127.0.0.1/33505] WARN  server.ServerUtils (ServerUtils.java:sanitizeUserArgs(73)) - ozone.scm.stale.node.interval value = 300000 is larger than max = 100000 based on the key value of ozone.scm.heartbeat.thread.interval, reset to the max value 100000.
2022-06-16 16:23:26,455 [Listener at 127.0.0.1/33505] WARN  server.ServerUtils (ServerUtils.java:sanitizeUserArgs(73)) - ozone.scm.stale.node.interval value = 300000 is larger than max = 100000 based on the key value of ozone.scm.heartbeat.thread.interval, reset to the max value 100000.
2022-06-16 16:23:26,518 [Listener at 127.0.0.1/33505] INFO  node.SCMNodeManager (SCMNodeManager.java:<init>(149)) - Entering startup safe mode.
2022-06-16 16:23:26,582 [Listener at 127.0.0.1/33505] INFO  algorithms.ContainerPlacementPolicyFactory (ContainerPlacementPolicyFactory.java:getPolicyInternal(86)) - Create container placement policy of type org.apache.hadoop.hdds.scm.container.placement.algorithms.SCMContainerPlacementRandom
2022-06-16 16:23:26,582 [Listener at 127.0.0.1/33505] INFO  pipeline.PipelineStateManagerImpl (PipelineStateManagerImpl.java:initialize(78)) - No pipeline exists in current db
2022-06-16 16:23:26,583 [Listener at 127.0.0.1/33505] INFO  algorithms.LeaderChoosePolicyFactory (LeaderChoosePolicyFactory.java:getPolicy(57)) - Create leader choose policy of type org.apache.hadoop.hdds.scm.pipeline.leader.choose.algorithms.MinLeaderCountChoosePolicy
2022-06-16 16:23:26,583 [Listener at 127.0.0.1/33505] INFO  algorithms.ContainerPlacementPolicyFactory (ContainerPlacementPolicyFactory.java:getPolicyInternal(86)) - Create container placement policy of type org.apache.hadoop.hdds.scm.container.placement.algorithms.SCMContainerPlacementRackScatter
2022-06-16 16:23:26,583 [Listener at 127.0.0.1/33505] INFO  pipeline.BackgroundPipelineCreator (BackgroundPipelineCreator.java:start(125)) - Starting RatisPipelineUtilsThread.
2022-06-16 16:23:26,638 [Listener at 127.0.0.1/33505] INFO  BackgroundPipelineScrubber (BackgroundSCMService.java:start(68)) - Starting BackgroundPipelineScrubber Service.
2022-06-16 16:23:26,642 [Listener at 127.0.0.1/33505] INFO  ha.SCMServiceManager (SCMServiceManager.java:register(42)) - Registering service BackgroundPipelineCreator.
2022-06-16 16:23:26,642 [Listener at 127.0.0.1/33505] INFO  ha.SCMServiceManager (SCMServiceManager.java:register(42)) - Registering service BackgroundPipelineScrubber.
2022-06-16 16:23:26,642 [Listener at 127.0.0.1/33505] INFO  ExpiredContainerReplicaOpScrubber (BackgroundSCMService.java:start(68)) - Starting ExpiredContainerReplicaOpScrubber Service.
2022-06-16 16:23:26,650 [Listener at 127.0.0.1/33505] INFO  ha.SCMServiceManager (SCMServiceManager.java:register(42)) - Registering service ExpiredContainerReplicaOpScrubber.
2022-06-16 16:23:26,650 [Listener at 127.0.0.1/33505] INFO  algorithms.PipelineChoosePolicyFactory (PipelineChoosePolicyFactory.java:createPipelineChoosePolicyFromClass(73)) - Create pipeline choose policy of type org.apache.hadoop.hdds.scm.pipeline.choose.algorithms.RandomPipelineChoosePolicy
2022-06-16 16:23:26,651 [Listener at 127.0.0.1/33505] INFO  ha.SCMServiceManager (SCMServiceManager.java:register(42)) - Registering service SCMBlockDeletingService.
2022-06-16 16:23:26,651 [Listener at 127.0.0.1/33505] INFO  ha.SCMServiceManager (SCMServiceManager.java:register(42)) - Registering service ReplicationManager.
2022-06-16 16:23:26,651 [Listener at 127.0.0.1/33505] INFO  replication.ReplicationManager (ReplicationManager.java:start(179)) - Starting Replication Monitor Thread.
2022-06-16 16:23:26,658 [Listener at 127.0.0.1/33505] INFO  safemode.ContainerSafeModeRule (ContainerSafeModeRule.java:<init>(89)) - containers with one replica threshold count 0
2022-06-16 16:23:26,658 [Listener at 127.0.0.1/33505] INFO  safemode.HealthyPipelineSafeModeRule (HealthyPipelineSafeModeRule.java:initializeRule(156)) - Total pipeline count is 0, healthy pipeline threshold count is 1
2022-06-16 16:23:26,658 [Listener at 127.0.0.1/33505] INFO  safemode.OneReplicaPipelineSafeModeRule (OneReplicaPipelineSafeModeRule.java:initializeRule(180)) - Total pipeline count is 0, pipeline's with at least one datanode reported threshold count is 0
2022-06-16 16:23:26,694 [Listener at 127.0.0.1/33505] INFO  ipc.CallQueueManager (CallQueueManager.java:<init>(90)) - Using callQueue: class java.util.concurrent.LinkedBlockingQueue, queueCapacity: 2000, scheduler: class org.apache.hadoop.ipc.DefaultRpcScheduler, ipcBackoff: false.
2022-06-16 16:23:26,726 [ReplicationMonitor] INFO  replication.ReplicationManager (ReplicationManager.java:processAll(228)) - Replication Manager is not ready to run until 3000ms after safemode exit
2022-06-16 16:23:26,769 [Socket Reader #1 for port 0] INFO  ipc.Server (Server.java:run(1265)) - Starting Socket Reader #1 for port 0
2022-06-16 16:23:26,798 [Listener at 0.0.0.0/36471] INFO  ipc.CallQueueManager (CallQueueManager.java:<init>(90)) - Using callQueue: class java.util.concurrent.LinkedBlockingQueue, queueCapacity: 2000, scheduler: class org.apache.hadoop.ipc.DefaultRpcScheduler, ipcBackoff: false.
2022-06-16 16:23:26,806 [Socket Reader #1 for port 0] INFO  ipc.Server (Server.java:run(1265)) - Starting Socket Reader #1 for port 0
2022-06-16 16:23:26,810 [Listener at 0.0.0.0/40421] INFO  ipc.CallQueueManager (CallQueueManager.java:<init>(90)) - Using callQueue: class java.util.concurrent.LinkedBlockingQueue, queueCapacity: 2000, scheduler: class org.apache.hadoop.ipc.DefaultRpcScheduler, ipcBackoff: false.
2022-06-16 16:23:26,862 [Socket Reader #1 for port 0] INFO  ipc.Server (Server.java:run(1265)) - Starting Socket Reader #1 for port 0
2022-06-16 16:23:26,966 [Listener at 0.0.0.0/34977] INFO  ha.SCMServiceManager (SCMServiceManager.java:register(42)) - Registering service ContainerBalancer.
2022-06-16 16:23:26,966 [Listener at 0.0.0.0/34977] INFO  server.StorageContainerManager (StorageContainerManager.java:<init>(398)) - 
Container Balancer status:
Key                            Value
Running                        false
Container Balancer Configuration values:
Key                                                Value
Threshold                                          10
Max Datanodes to Involve per Iteration(percent)    20
Max Size to Move per Iteration                     500GB
Max Size Entering Target per Iteration             26GB
Max Size Leaving Source per Iteration              26GB

2022-06-16 16:23:26,966 [Listener at 0.0.0.0/34977] WARN  events.EventQueue (EventQueue.java:fireEvent(194)) - No event handler registered for event TypedEvent{payloadType=SafeModeStatus, name='Safe mode status'}
2022-06-16 16:23:26,967 [Listener at 0.0.0.0/34977] INFO  ha.SCMContext (SCMContext.java:updateSafeModeStatus(228)) - Update SafeModeStatus from SafeModeStatus{safeModeStatus=true, preCheckPassed=false} to SafeModeStatus{safeModeStatus=true, preCheckPassed=false}.
2022-06-16 16:23:26,967 [Listener at 0.0.0.0/34977] INFO  server.StorageContainerManager (StorageContainerManager.java:start(1409)) - StorageContainerLocationProtocol RPC server is listening at /0.0.0.0:34977
2022-06-16 16:23:26,968 [Listener at 0.0.0.0/34977] WARN  impl.MetricsConfig (MetricsConfig.java:loadFirst(136)) - Cannot locate configuration: tried hadoop-metrics2-storagecontainermanager.properties,hadoop-metrics2.properties
2022-06-16 16:23:26,989 [Listener at 0.0.0.0/34977] INFO  impl.MetricsSystemImpl (MetricsSystemImpl.java:startTimer(378)) - Scheduled Metric snapshot period at 10 second(s).
2022-06-16 16:23:26,989 [Listener at 0.0.0.0/34977] INFO  impl.MetricsSystemImpl (MetricsSystemImpl.java:start(191)) - StorageContainerManager metrics system started
2022-06-16 16:23:27,086 [Listener at 0.0.0.0/34977] INFO  impl.MetricsSinkAdapter (MetricsSinkAdapter.java:start(204)) - Sink prometheus started
2022-06-16 16:23:27,086 [Listener at 0.0.0.0/34977] INFO  impl.MetricsSystemImpl (MetricsSystemImpl.java:registerSink(305)) - Registered sink prometheus
2022-06-16 16:23:27,246 [Listener at 0.0.0.0/34977] INFO  server.SCMClientProtocolServer (SCMClientProtocolServer.java:start(169)) - RPC server for Client  is listening at /0.0.0.0:34977
2022-06-16 16:23:27,263 [IPC Server Responder] INFO  ipc.Server (Server.java:run(1507)) - IPC Server Responder: starting
2022-06-16 16:23:27,263 [IPC Server listener on 0] INFO  ipc.Server (Server.java:run(1344)) - IPC Server listener on 0: starting
2022-06-16 16:23:27,458 [Listener at 0.0.0.0/34977] INFO  server.StorageContainerManager (StorageContainerManager.java:start(1424)) - ScmBlockLocationProtocol RPC server is listening at /0.0.0.0:40421
2022-06-16 16:23:27,458 [Listener at 0.0.0.0/34977] INFO  server.SCMBlockProtocolServer (SCMBlockProtocolServer.java:start(151)) - RPC server for Block Protocol is listening at /0.0.0.0:40421
2022-06-16 16:23:27,474 [IPC Server Responder] INFO  ipc.Server (Server.java:run(1507)) - IPC Server Responder: starting
2022-06-16 16:23:27,506 [IPC Server listener on 0] INFO  ipc.Server (Server.java:run(1344)) - IPC Server listener on 0: starting
2022-06-16 16:23:27,541 [Listener at 0.0.0.0/34977] INFO  server.SCMDatanodeProtocolServer (SCMDatanodeProtocolServer.java:start(183)) - ScmDatanodeProtocol RPC server for DataNodes is listening at /0.0.0.0:36471
2022-06-16 16:23:27,541 [IPC Server Responder] INFO  ipc.Server (Server.java:run(1507)) - IPC Server Responder: starting
2022-06-16 16:23:27,541 [IPC Server listener on 0] INFO  ipc.Server (Server.java:run(1344)) - IPC Server listener on 0: starting
2022-06-16 16:23:27,838 [org.apache.hadoop.util.JvmPauseMonitor$Monitor@3d43a8f1] INFO  util.JvmPauseMonitor (JvmPauseMonitor.java:run(188)) - Starting JVM pause monitor
2022-06-16 16:23:27,870 [Listener at 0.0.0.0/34977] INFO  http.BaseHttpServer (BaseHttpServer.java:newHttpServer2BuilderForOzone(209)) - Starting Web-server for scm at: http://0.0.0.0:0
2022-06-16 16:23:27,870 [Listener at 0.0.0.0/34977] INFO  http.BaseHttpServer (BaseHttpServer.java:<init>(107)) - Hadoop Security Enabled: false Ozone Security Enabled: false Ozone HTTP Security Enabled: false 
2022-06-16 16:23:27,871 [Listener at 0.0.0.0/34977] INFO  server.AuthenticationFilter (AuthenticationFilter.java:constructSecretProvider(240)) - Unable to initialize FileSignerSecretProvider, falling back to use random secrets.
2022-06-16 16:23:27,894 [Listener at 0.0.0.0/34977] WARN  http.HttpRequestLog (HttpRequestLog.java:getRequestLog(103)) - Jetty request log can only be enabled using Log4j
2022-06-16 16:23:27,897 [Listener at 0.0.0.0/34977] INFO  http.HttpServer2 (HttpServer2.java:addGlobalFilter(1029)) - Added global filter 'safety' (class=org.apache.hadoop.hdds.server.http.HttpServer2$QuotingInputFilter)
2022-06-16 16:23:27,898 [Listener at 0.0.0.0/34977] INFO  http.HttpServer2 (HttpServer2.java:addFilter(1005)) - Added filter static_user_filter (class=org.apache.hadoop.http.lib.StaticUserWebFilter$StaticUserFilter) to context scm
2022-06-16 16:23:27,898 [Listener at 0.0.0.0/34977] INFO  http.HttpServer2 (HttpServer2.java:addFilter(1013)) - Added filter static_user_filter (class=org.apache.hadoop.http.lib.StaticUserWebFilter$StaticUserFilter) to context static
2022-06-16 16:23:27,898 [Listener at 0.0.0.0/34977] INFO  http.HttpServer2 (HttpServer2.java:addFilter(1013)) - Added filter static_user_filter (class=org.apache.hadoop.http.lib.StaticUserWebFilter$StaticUserFilter) to context logs
2022-06-16 16:23:27,898 [Listener at 0.0.0.0/34977] INFO  http.HttpServer2 (HttpServer2.java:bindListener(1248)) - Jetty bound to port 39977
2022-06-16 16:23:27,898 [Listener at 0.0.0.0/34977] INFO  server.Server (Server.java:doStart(375)) - jetty-9.4.43.v20210629; built: 2021-06-30T11:07:22.254Z; git: 526006ecfa3af7f1a27ef3a288e2bef7ea9dd7e8; jvm 1.8.0_332-b09
2022-06-16 16:23:27,900 [Listener at 0.0.0.0/34977] INFO  server.session (DefaultSessionIdManager.java:doStart(334)) - DefaultSessionIdManager workerName=node0
2022-06-16 16:23:27,900 [Listener at 0.0.0.0/34977] INFO  server.session (DefaultSessionIdManager.java:doStart(339)) - No SessionScavenger set, using defaults
2022-06-16 16:23:27,900 [Listener at 0.0.0.0/34977] INFO  server.session (HouseKeeper.java:startScavenging(132)) - node0 Scavenging every 660000ms
2022-06-16 16:23:27,900 [Listener at 0.0.0.0/34977] INFO  handler.ContextHandler (ContextHandler.java:doStart(915)) - Started o.e.j.s.ServletContextHandler@11a823b3{logs,/logs,file:///home/runner/work/ozone/ozone/hadoop-ozone/integration-test/target/log,AVAILABLE}
2022-06-16 16:23:27,901 [Listener at 0.0.0.0/34977] INFO  handler.ContextHandler (ContextHandler.java:doStart(915)) - Started o.e.j.s.ServletContextHandler@1f2d2d0{static,/static,file:///home/runner/work/ozone/ozone/hadoop-ozone/integration-test/target/test-classes/webapps/static,AVAILABLE}
2022-06-16 16:23:27,903 [Listener at 0.0.0.0/34977] INFO  handler.ContextHandler (ContextHandler.java:doStart(915)) - Started o.e.j.w.WebAppContext@2c8eba1f{scm,/,file:///home/runner/work/ozone/ozone/hadoop-ozone/integration-test/target/test-classes/webapps/scm/,AVAILABLE}{file:/home/runner/work/ozone/ozone/hadoop-ozone/integration-test/target/test-classes/webapps/scm}
2022-06-16 16:23:27,950 [Listener at 0.0.0.0/34977] INFO  server.AbstractConnector (AbstractConnector.java:doStart(331)) - Started ServerConnector@324332a{HTTP/1.1, (http/1.1)}{0.0.0.0:39977}
2022-06-16 16:23:27,950 [Listener at 0.0.0.0/34977] INFO  server.Server (Server.java:doStart(415)) - Started @330586ms
2022-06-16 16:23:27,950 [Listener at 0.0.0.0/34977] WARN  impl.MetricsSystemImpl (MetricsSystemImpl.java:register(279)) - Sink prometheus already exists!
2022-06-16 16:23:27,951 [Listener at 0.0.0.0/34977] INFO  http.BaseHttpServer (BaseHttpServer.java:updateConnectorAddress(329)) - HTTP server of scm listening at http://0.0.0.0:39977
2022-06-16 16:23:27,951 [Listener at 0.0.0.0/34977] WARN  server.ServerUtils (ServerUtils.java:getDBPath(225)) - ozone.om.db.dirs is not configured. We recommend adding this setting. Falling back to ozone.metadata.dirs instead.
2022-06-16 16:23:27,953 [Listener at 0.0.0.0/34977] INFO  ha.OMHANodeDetails (OMHANodeDetails.java:loadOMHAConfig(115)) - ozone.om.internal.service.id is not defined, falling back to ozone.om.service.ids to find serviceID for OzoneManager if it is HA enabled cluster
2022-06-16 16:23:27,953 [Listener at 0.0.0.0/34977] INFO  ha.OMHANodeDetails (OMHANodeDetails.java:loadOMHAConfig(226)) - Configuration does not have ozone.om.address set. Falling back to the default OM address /127.0.0.1:0
2022-06-16 16:23:27,953 [Listener at 0.0.0.0/34977] INFO  ha.OMHANodeDetails (OMHANodeDetails.java:getOMNodeDetailsForNonHA(254)) - OM Service ID is not set. Setting it to the default ID: omServiceIdDefault
2022-06-16 16:23:27,953 [Listener at 0.0.0.0/34977] INFO  ha.OMHANodeDetails (OMHANodeDetails.java:getOMNodeDetailsForNonHA(261)) - OM Node ID is not set. Setting it to the default ID: om1
2022-06-16 16:23:27,953 [Listener at 0.0.0.0/34977] WARN  server.ServerUtils (ServerUtils.java:getDBPath(225)) - ozone.om.db.dirs is not configured. We recommend adding this setting. Falling back to ozone.metadata.dirs instead.
2022-06-16 16:23:27,954 [Listener at 0.0.0.0/34977] INFO  upgrade.AbstractLayoutVersionManager (AbstractLayoutVersionManager.java:init(82)) - Initializing Layout version manager with metadata layout = MULTITENANCY_SCHEMA (version = 3), software layout = MULTITENANCY_SCHEMA (version = 3)
2022-06-16 16:23:28,399 [Listener at 0.0.0.0/34977] INFO  reflections.Reflections (Reflections.java:scan(232)) - Reflections took 445 ms to scan 2 urls, producing 153 keys and 431 values [using 2 cores]
2022-06-16 16:23:28,399 [Listener at 0.0.0.0/34977] INFO  upgrade.OMLayoutVersionManager (OMLayoutVersionManager.java:lambda$0(115)) - Skipping Upgrade Action MockOmUpgradeAction since it has been finalized.
2022-06-16 16:23:28,399 [Listener at 0.0.0.0/34977] WARN  server.ServerUtils (ServerUtils.java:getDBPath(225)) - ozone.om.db.dirs is not configured. We recommend adding this setting. Falling back to ozone.metadata.dirs instead.
2022-06-16 16:23:28,400 [Listener at 0.0.0.0/34977] INFO  proxy.SCMBlockLocationFailoverProxyProvider (SCMBlockLocationFailoverProxyProvider.java:<init>(114)) - Created block location fail-over proxy with 1 nodes: [nodeId=scmNodeId,nodeAddress=/0.0.0.0:40421]
2022-06-16 16:23:28,406 [Listener at 0.0.0.0/34977] INFO  proxy.SCMBlockLocationFailoverProxyProvider (SCMBlockLocationFailoverProxyProvider.java:<init>(114)) - Created block location fail-over proxy with 1 nodes: [nodeId=scmNodeId,nodeAddress=/0.0.0.0:40421]
2022-06-16 16:23:28,475 [Listener at 0.0.0.0/34977] WARN  server.ServerUtils (ServerUtils.java:getDBPath(225)) - ozone.om.db.dirs is not configured. We recommend adding this setting. Falling back to ozone.metadata.dirs instead.
2022-06-16 16:23:28,475 [Listener at 0.0.0.0/34977] INFO  codec.OmKeyInfoCodec (OmKeyInfoCodec.java:<init>(49)) - OmKeyInfoCodec ignorePipeline = true
2022-06-16 16:23:28,475 [Listener at 0.0.0.0/34977] INFO  codec.RepeatedOmKeyInfoCodec (RepeatedOmKeyInfoCodec.java:<init>(41)) - RepeatedOmKeyInfoCodec ignorePipeline = true
2022-06-16 16:23:29,395 [Listener at 0.0.0.0/34977] INFO  om.OzoneManager (OzoneManager.java:instantiateServices(692)) - S3 Multi-Tenancy is disabled
2022-06-16 16:23:29,674 [Listener at 0.0.0.0/34977] INFO  om.OzoneManager (OzoneManager.java:addS3GVolumeToDB(4259)) - Created Volume s3v With Owner runner required for S3Gateway operations.
2022-06-16 16:23:29,675 [Listener at 0.0.0.0/34977] INFO  om.OzoneManager (OzoneManager.java:getRpcServer(1081)) - Creating RPC Server
2022-06-16 16:23:31,674 [Listener at 0.0.0.0/34977] INFO  reflections.Reflections (Reflections.java:scan(232)) - Reflections took 1991 ms to scan 19 urls, producing 66 keys and 4010 values [using 2 cores]
2022-06-16 16:23:31,675 [Listener at 0.0.0.0/34977] INFO  ipc.CallQueueManager (CallQueueManager.java:<init>(90)) - Using callQueue: class java.util.concurrent.LinkedBlockingQueue, queueCapacity: 2000, scheduler: class org.apache.hadoop.ipc.DefaultRpcScheduler, ipcBackoff: false.
2022-06-16 16:23:31,676 [Socket Reader #1 for port 0] INFO  ipc.Server (Server.java:run(1265)) - Starting Socket Reader #1 for port 0
2022-06-16 16:23:31,796 [Listener at 127.0.0.1/44357] INFO  impl.MetricsSystemImpl (MetricsSystemImpl.java:init(158)) - OzoneManager metrics system started (again)
2022-06-16 16:23:31,821 [Listener at 127.0.0.1/44357] INFO  om.OzoneManager (OzoneManager.java:start(1465)) - OzoneManager RPC server is listening at localhost/127.0.0.1:44357
2022-06-16 16:23:31,821 [Listener at 127.0.0.1/44357] INFO  om.OzoneManager (OzoneManager.java:start(1481)) - Version File has different layout version (3) than OM DB (null). That is expected if this OM has never been finalized to a newer layout version.
2022-06-16 16:23:31,839 [Listener at 127.0.0.1/44357] INFO  http.BaseHttpServer (BaseHttpServer.java:newHttpServer2BuilderForOzone(209)) - Starting Web-server for ozoneManager at: http://0.0.0.0:0
2022-06-16 16:23:31,839 [Listener at 127.0.0.1/44357] INFO  http.BaseHttpServer (BaseHttpServer.java:<init>(107)) - Hadoop Security Enabled: false Ozone Security Enabled: false Ozone HTTP Security Enabled: false 
2022-06-16 16:23:31,840 [Listener at 127.0.0.1/44357] INFO  server.AuthenticationFilter (AuthenticationFilter.java:constructSecretProvider(240)) - Unable to initialize FileSignerSecretProvider, falling back to use random secrets.
2022-06-16 16:23:31,874 [Listener at 127.0.0.1/44357] WARN  http.HttpRequestLog (HttpRequestLog.java:getRequestLog(103)) - Jetty request log can only be enabled using Log4j
2022-06-16 16:23:31,875 [Listener at 127.0.0.1/44357] INFO  http.HttpServer2 (HttpServer2.java:addGlobalFilter(1029)) - Added global filter 'safety' (class=org.apache.hadoop.hdds.server.http.HttpServer2$QuotingInputFilter)
2022-06-16 16:23:31,876 [Listener at 127.0.0.1/44357] INFO  http.HttpServer2 (HttpServer2.java:addFilter(1005)) - Added filter static_user_filter (class=org.apache.hadoop.http.lib.StaticUserWebFilter$StaticUserFilter) to context ozoneManager
2022-06-16 16:23:31,876 [Listener at 127.0.0.1/44357] INFO  http.HttpServer2 (HttpServer2.java:addFilter(1013)) - Added filter static_user_filter (class=org.apache.hadoop.http.lib.StaticUserWebFilter$StaticUserFilter) to context logs
2022-06-16 16:23:31,876 [Listener at 127.0.0.1/44357] INFO  http.HttpServer2 (HttpServer2.java:addFilter(1013)) - Added filter static_user_filter (class=org.apache.hadoop.http.lib.StaticUserWebFilter$StaticUserFilter) to context static
2022-06-16 16:23:31,883 [Listener at 127.0.0.1/44357] INFO  http.HttpServer2 (HttpServer2.java:bindListener(1248)) - Jetty bound to port 42059
2022-06-16 16:23:31,883 [Listener at 127.0.0.1/44357] INFO  server.Server (Server.java:doStart(375)) - jetty-9.4.43.v20210629; built: 2021-06-30T11:07:22.254Z; git: 526006ecfa3af7f1a27ef3a288e2bef7ea9dd7e8; jvm 1.8.0_332-b09
2022-06-16 16:23:32,014 [Listener at 127.0.0.1/44357] INFO  server.session (DefaultSessionIdManager.java:doStart(334)) - DefaultSessionIdManager workerName=node0
2022-06-16 16:23:32,014 [Listener at 127.0.0.1/44357] INFO  server.session (DefaultSessionIdManager.java:doStart(339)) - No SessionScavenger set, using defaults
2022-06-16 16:23:32,015 [Listener at 127.0.0.1/44357] INFO  server.session (HouseKeeper.java:startScavenging(132)) - node0 Scavenging every 660000ms
2022-06-16 16:23:32,086 [Listener at 127.0.0.1/44357] INFO  handler.ContextHandler (ContextHandler.java:doStart(915)) - Started o.e.j.s.ServletContextHandler@5949c7f9{logs,/logs,file:///home/runner/work/ozone/ozone/hadoop-ozone/integration-test/target/log,AVAILABLE}
2022-06-16 16:23:32,087 [Listener at 127.0.0.1/44357] INFO  handler.ContextHandler (ContextHandler.java:doStart(915)) - Started o.e.j.s.ServletContextHandler@4b877b7b{static,/static,file:///home/runner/work/ozone/ozone/hadoop-ozone/integration-test/target/test-classes/webapps/static,AVAILABLE}
2022-06-16 16:23:32,089 [Listener at 127.0.0.1/44357] INFO  handler.ContextHandler (ContextHandler.java:doStart(915)) - Started o.e.j.w.WebAppContext@2e12c006{ozoneManager,/,file:///home/runner/work/ozone/ozone/hadoop-ozone/integration-test/target/test-classes/webapps/ozoneManager/,AVAILABLE}{file:/home/runner/work/ozone/ozone/hadoop-ozone/integration-test/target/test-classes/webapps/ozoneManager}
2022-06-16 16:23:32,128 [Listener at 127.0.0.1/44357] INFO  server.AbstractConnector (AbstractConnector.java:doStart(331)) - Started ServerConnector@65bff8ce{HTTP/1.1, (http/1.1)}{0.0.0.0:42059}
2022-06-16 16:23:32,128 [Listener at 127.0.0.1/44357] INFO  server.Server (Server.java:doStart(415)) - Started @334764ms
2022-06-16 16:23:32,128 [Listener at 127.0.0.1/44357] WARN  impl.MetricsSystemImpl (MetricsSystemImpl.java:register(279)) - Sink prometheus already exists!
2022-06-16 16:23:32,129 [Listener at 127.0.0.1/44357] INFO  http.BaseHttpServer (BaseHttpServer.java:updateConnectorAddress(329)) - HTTP server of ozoneManager listening at http://0.0.0.0:42059
2022-06-16 16:23:32,150 [IPC Server listener on 0] INFO  ipc.Server (Server.java:run(1344)) - IPC Server listener on 0: starting
2022-06-16 16:23:32,150 [IPC Server Responder] INFO  ipc.Server (Server.java:run(1507)) - IPC Server Responder: starting
2022-06-16 16:23:32,570 [Listener at 127.0.0.1/44357] INFO  om.TrashPolicyOzone (TrashPolicyOzone.java:<init>(178)) - Ozone Manager trash configuration: Deletion interval = 0 minutes, Emptier interval = 0 minutes.
2022-06-16 16:23:32,626 [org.apache.hadoop.util.JvmPauseMonitor$Monitor@4b368502] INFO  util.JvmPauseMonitor (JvmPauseMonitor.java:run(188)) - Starting JVM pause monitor
2022-06-16 16:23:32,705 [Listener at 127.0.0.1/44357] INFO  impl.MetricsSystemImpl (MetricsSystemImpl.java:init(158)) - HddsDatanode metrics system started (again)
2022-06-16 16:23:32,744 [Listener at 127.0.0.1/44357] INFO  ozone.HddsDatanodeService (HddsDatanodeService.java:start(236)) - HddsDatanodeService host:fv-az37-268.zqe2tmcsx5vuvjs3sdc4q2yfud.gx.internal.cloudapp.net ip:10.1.0.16
2022-06-16 16:23:32,886 [Listener at 127.0.0.1/44357] INFO  upgrade.AbstractLayoutVersionManager (AbstractLayoutVersionManager.java:init(82)) - Initializing Layout version manager with metadata layout = DATANODE_SCHEMA_V3 (version = 4), software layout = DATANODE_SCHEMA_V3 (version = 4)
2022-06-16 16:23:33,052 [Listener at 127.0.0.1/44357] INFO  reflections.Reflections (Reflections.java:scan(232)) - Reflections took 165 ms to scan 7 urls, producing 131 keys and 311 values 
2022-06-16 16:23:33,103 [Listener at 127.0.0.1/44357] INFO  statemachine.DatanodeStateMachine (DatanodeStateMachine.java:getEndPointTaskThreadPoolSize(233)) - Datanode State Machine Task Thread Pool size 2
2022-06-16 16:23:33,118 [Listener at 127.0.0.1/44357] INFO  volume.HddsVolume (HddsVolume.java:<init>(116)) - Creating HddsVolume: /home/runner/work/ozone/ozone/hadoop-ozone/integration-test/target/test-dir/MiniOzoneClusterImpl-013b413b-6c7c-488f-84aa-e92bb4d6b165/datanode-0/data-0/containers/hdds of storage type : DISK capacity : 9223372036854775807
2022-06-16 16:23:33,119 [Listener at 127.0.0.1/44357] INFO  volume.MutableVolumeSet (MutableVolumeSet.java:initializeVolumeSet(174)) - Added Volume : /home/runner/work/ozone/ozone/hadoop-ozone/integration-test/target/test-dir/MiniOzoneClusterImpl-013b413b-6c7c-488f-84aa-e92bb4d6b165/datanode-0/data-0/containers/hdds to VolumeSet
2022-06-16 16:23:33,119 [Listener at 127.0.0.1/44357] INFO  volume.ThrottledAsyncChecker (ThrottledAsyncChecker.java:schedule(141)) - Scheduling a check for /home/runner/work/ozone/ozone/hadoop-ozone/integration-test/target/test-dir/MiniOzoneClusterImpl-013b413b-6c7c-488f-84aa-e92bb4d6b165/datanode-0/data-0/containers/hdds
2022-06-16 16:23:33,154 [Listener at 127.0.0.1/44357] INFO  volume.StorageVolumeChecker (StorageVolumeChecker.java:checkAllVolumes(202)) - Scheduled health check for volume /home/runner/work/ozone/ozone/hadoop-ozone/integration-test/target/test-dir/MiniOzoneClusterImpl-013b413b-6c7c-488f-84aa-e92bb4d6b165/datanode-0/data-0/containers/hdds
2022-06-16 16:23:33,165 [Listener at 127.0.0.1/44357] INFO  volume.MutableVolumeSet (MutableVolumeSet.java:initializeVolumeSet(174)) - Added Volume : /home/runner/work/ozone/ozone/hadoop-ozone/integration-test/target/test-dir/MiniOzoneClusterImpl-013b413b-6c7c-488f-84aa-e92bb4d6b165/datanode-0/data/ratis to VolumeSet
2022-06-16 16:23:33,165 [Listener at 127.0.0.1/44357] INFO  volume.ThrottledAsyncChecker (ThrottledAsyncChecker.java:schedule(141)) - Scheduling a check for /home/runner/work/ozone/ozone/hadoop-ozone/integration-test/target/test-dir/MiniOzoneClusterImpl-013b413b-6c7c-488f-84aa-e92bb4d6b165/datanode-0/data/ratis
2022-06-16 16:23:33,206 [Listener at 127.0.0.1/44357] INFO  volume.StorageVolumeChecker (StorageVolumeChecker.java:checkAllVolumes(202)) - Scheduled health check for volume /home/runner/work/ozone/ozone/hadoop-ozone/integration-test/target/test-dir/MiniOzoneClusterImpl-013b413b-6c7c-488f-84aa-e92bb4d6b165/datanode-0/data/ratis
2022-06-16 16:23:33,234 [Thread-2276] INFO  ozoneimpl.ContainerReader (ContainerReader.java:readVolume(172)) - Finish verifying containers on volume /home/runner/work/ozone/ozone/hadoop-ozone/integration-test/target/test-dir/MiniOzoneClusterImpl-013b413b-6c7c-488f-84aa-e92bb4d6b165/datanode-0/data-0/containers/hdds
2022-06-16 16:23:33,234 [Listener at 127.0.0.1/44357] INFO  ozoneimpl.OzoneContainer (OzoneContainer.java:buildContainerSet(266)) - Build ContainerSet costs 0s
2022-06-16 16:23:33,236 [Listener at 127.0.0.1/44357] INFO  server.RaftServer (ConfUtils.java:logGet(46)) - raft.rpc.type = GRPC (default)
2022-06-16 16:23:33,236 [Listener at 127.0.0.1/44357] INFO  grpc.GrpcFactory (GrpcFactory.java:checkPooledByteBufAllocatorUseCacheForAllThreads(48)) - PERFORMANCE WARNING: useCacheForAllThreads is true that may cause Netty to create a lot garbage objects and, as a result, trigger GC.
	It is recommended to disable useCacheForAllThreads by setting -Dorg.apache.ratis.thirdparty.io.netty.allocator.useCacheForAllThreads=false in command line.
2022-06-16 16:23:33,236 [Listener at 127.0.0.1/44357] INFO  grpc.GrpcConfigKeys (ConfUtils.java:logGet(46)) - raft.grpc.admin.port = 0 (custom)
2022-06-16 16:23:33,236 [Listener at 127.0.0.1/44357] INFO  grpc.GrpcConfigKeys (ConfUtils.java:logGet(46)) - raft.grpc.client.port = 0 (custom)
2022-06-16 16:23:33,236 [Listener at 127.0.0.1/44357] INFO  grpc.GrpcConfigKeys (ConfUtils.java:logGet(46)) - raft.grpc.server.port = 0 (default)
2022-06-16 16:23:33,236 [Listener at 127.0.0.1/44357] INFO  server.GrpcService (ConfUtils.java:logGet(46)) - raft.grpc.message.size.max = 32MB (=33554432) (custom)
2022-06-16 16:23:33,236 [Listener at 127.0.0.1/44357] INFO  server.RaftServerConfigKeys (ConfUtils.java:logGet(46)) - raft.server.log.appender.buffer.byte-limit = 33554432 (custom)
2022-06-16 16:23:33,236 [Listener at 127.0.0.1/44357] INFO  server.GrpcService (ConfUtils.java:logGet(46)) - raft.grpc.flow.control.window = 5MB (=5242880) (custom)
2022-06-16 16:23:33,236 [Listener at 127.0.0.1/44357] INFO  server.RaftServerConfigKeys (ConfUtils.java:logGet(46)) - raft.server.rpc.request.timeout = 60s (custom)
2022-06-16 16:23:33,236 [Listener at 127.0.0.1/44357] INFO  grpc.GrpcConfigKeys (ConfUtils.java:logGet(46)) - raft.grpc.server.async.request.thread.pool.cached = true (default)
2022-06-16 16:23:33,237 [Listener at 127.0.0.1/44357] INFO  grpc.GrpcConfigKeys (ConfUtils.java:logGet(46)) - raft.grpc.server.async.request.thread.pool.size = 32 (default)
2022-06-16 16:23:33,238 [Listener at 127.0.0.1/44357] INFO  impl.DataStreamServerImpl (ConfUtils.java:logGet(46)) - raft.datastream.type = DISABLED (default)
2022-06-16 16:23:33,238 [Listener at 127.0.0.1/44357] INFO  server.RaftServerConfigKeys (ConfUtils.java:logGet(46)) - raft.server.threadpool.proxy.cached = true (default)
2022-06-16 16:23:33,238 [Listener at 127.0.0.1/44357] INFO  server.RaftServerConfigKeys (ConfUtils.java:logGet(46)) - raft.server.threadpool.proxy.size = 0 (default)
2022-06-16 16:23:33,238 [Listener at 127.0.0.1/44357] INFO  server.RaftServerConfigKeys (ConfUtils.java:logGet(46)) - raft.server.rpc.slowness.timeout = 300s (custom)
2022-06-16 16:23:33,238 [Listener at 127.0.0.1/44357] INFO  server.RaftServerConfigKeys (ConfUtils.java:logGet(46)) - raft.server.leaderelection.leader.step-down.wait-time = 10s (default)
2022-06-16 16:23:33,238 [Listener at 127.0.0.1/44357] INFO  server.RaftServerConfigKeys (ConfUtils.java:logGet(46)) - raft.server.storage.dir = [/home/runner/work/ozone/ozone/hadoop-ozone/integration-test/target/test-dir/MiniOzoneClusterImpl-013b413b-6c7c-488f-84aa-e92bb4d6b165/datanode-0/data/ratis] (custom)
2022-06-16 16:23:33,247 [Listener at 127.0.0.1/44357] INFO  server.XceiverServerGrpc (XceiverServerGrpc.java:<init>(132)) - GrpcServer channel type EpollServerSocketChannel
2022-06-16 16:23:33,249 [Listener at 127.0.0.1/44357] INFO  http.BaseHttpServer (BaseHttpServer.java:newHttpServer2BuilderForOzone(209)) - Starting Web-server for hddsDatanode at: http://0.0.0.0:0
2022-06-16 16:23:33,249 [Listener at 127.0.0.1/44357] INFO  http.BaseHttpServer (BaseHttpServer.java:<init>(107)) - Hadoop Security Enabled: false Ozone Security Enabled: false Ozone HTTP Security Enabled: false 
2022-06-16 16:23:33,250 [Listener at 127.0.0.1/44357] INFO  server.AuthenticationFilter (AuthenticationFilter.java:constructSecretProvider(240)) - Unable to initialize FileSignerSecretProvider, falling back to use random secrets.
2022-06-16 16:23:33,270 [Listener at 127.0.0.1/44357] WARN  http.HttpRequestLog (HttpRequestLog.java:getRequestLog(103)) - Jetty request log can only be enabled using Log4j
2022-06-16 16:23:33,271 [Listener at 127.0.0.1/44357] INFO  http.HttpServer2 (HttpServer2.java:addGlobalFilter(1029)) - Added global filter 'safety' (class=org.apache.hadoop.hdds.server.http.HttpServer2$QuotingInputFilter)
2022-06-16 16:23:33,272 [Listener at 127.0.0.1/44357] INFO  http.HttpServer2 (HttpServer2.java:addFilter(1005)) - Added filter static_user_filter (class=org.apache.hadoop.http.lib.StaticUserWebFilter$StaticUserFilter) to context hddsDatanode
2022-06-16 16:23:33,272 [Listener at 127.0.0.1/44357] INFO  http.HttpServer2 (HttpServer2.java:addFilter(1013)) - Added filter static_user_filter (class=org.apache.hadoop.http.lib.StaticUserWebFilter$StaticUserFilter) to context static
2022-06-16 16:23:33,272 [Listener at 127.0.0.1/44357] INFO  http.HttpServer2 (HttpServer2.java:addFilter(1013)) - Added filter static_user_filter (class=org.apache.hadoop.http.lib.StaticUserWebFilter$StaticUserFilter) to context logs
2022-06-16 16:23:33,272 [Listener at 127.0.0.1/44357] INFO  http.HttpServer2 (HttpServer2.java:bindListener(1248)) - Jetty bound to port 40543
2022-06-16 16:23:33,272 [Listener at 127.0.0.1/44357] INFO  server.Server (Server.java:doStart(375)) - jetty-9.4.43.v20210629; built: 2021-06-30T11:07:22.254Z; git: 526006ecfa3af7f1a27ef3a288e2bef7ea9dd7e8; jvm 1.8.0_332-b09
2022-06-16 16:23:33,327 [Listener at 127.0.0.1/44357] INFO  server.session (DefaultSessionIdManager.java:doStart(334)) - DefaultSessionIdManager workerName=node0
2022-06-16 16:23:33,327 [Listener at 127.0.0.1/44357] INFO  server.session (DefaultSessionIdManager.java:doStart(339)) - No SessionScavenger set, using defaults
2022-06-16 16:23:33,327 [Listener at 127.0.0.1/44357] INFO  server.session (HouseKeeper.java:startScavenging(132)) - node0 Scavenging every 600000ms
2022-06-16 16:23:33,328 [Listener at 127.0.0.1/44357] INFO  handler.ContextHandler (ContextHandler.java:doStart(915)) - Started o.e.j.s.ServletContextHandler@1dd4941a{logs,/logs,file:///home/runner/work/ozone/ozone/hadoop-ozone/integration-test/target/log,AVAILABLE}
2022-06-16 16:23:33,328 [Listener at 127.0.0.1/44357] INFO  handler.ContextHandler (ContextHandler.java:doStart(915)) - Started o.e.j.s.ServletContextHandler@53570ad{static,/static,jar:file:/home/runner/.m2/repository/org/apache/ozone/hdds-container-service/1.3.0-SNAPSHOT/hdds-container-service-1.3.0-SNAPSHOT.jar!/webapps/static,AVAILABLE}
2022-06-16 16:23:33,982 [Listener at 127.0.0.1/44357] INFO  handler.ContextHandler (ContextHandler.java:doStart(915)) - Started o.e.j.w.WebAppContext@7ed17d4c{hddsDatanode,/,file:///tmp/jetty-0_0_0_0-40543-hdds-container-service-1_3_0-SNAPSHOT_jar-_-any-381583435249704787/webapp/,AVAILABLE}{jar:file:/home/runner/.m2/repository/org/apache/ozone/hdds-container-service/1.3.0-SNAPSHOT/hdds-container-service-1.3.0-SNAPSHOT.jar!/webapps/hddsDatanode}
2022-06-16 16:23:33,994 [Listener at 127.0.0.1/44357] INFO  server.AbstractConnector (AbstractConnector.java:doStart(331)) - Started ServerConnector@6438a9e5{HTTP/1.1, (http/1.1)}{0.0.0.0:40543}
2022-06-16 16:23:33,994 [Listener at 127.0.0.1/44357] INFO  server.Server (Server.java:doStart(415)) - Started @336630ms
2022-06-16 16:23:33,994 [Listener at 127.0.0.1/44357] WARN  impl.MetricsSystemImpl (MetricsSystemImpl.java:register(279)) - Sink prometheus already exists!
2022-06-16 16:23:33,995 [Listener at 127.0.0.1/44357] INFO  http.BaseHttpServer (BaseHttpServer.java:updateConnectorAddress(329)) - HTTP server of hddsDatanode listening at http://0.0.0.0:40543
2022-06-16 16:23:34,002 [Datanode State Machine Daemon Thread] INFO  statemachine.DatanodeStateMachine (DatanodeStateMachine.java:lambda$startDaemon$0(484)) - Ozone container server started.
2022-06-16 16:23:34,002 [Listener at 127.0.0.1/44357] INFO  impl.MetricsSystemImpl (MetricsSystemImpl.java:init(158)) - HddsDatanode metrics system started (again)
2022-06-16 16:23:34,030 [org.apache.hadoop.util.JvmPauseMonitor$Monitor@224ecc1] INFO  util.JvmPauseMonitor (JvmPauseMonitor.java:run(188)) - Starting JVM pause monitor
2022-06-16 16:23:34,074 [Datanode State Machine Task Thread - 0] INFO  datanode.InitDatanodeState (InitDatanodeState.java:persistContainerDatanodeDetails(138)) - DatanodeDetails is persisted to /home/runner/work/ozone/ozone/hadoop-ozone/integration-test/target/test-dir/MiniOzoneClusterImpl-013b413b-6c7c-488f-84aa-e92bb4d6b165/datanode-0/meta/datanode.id
2022-06-16 16:23:34,084 [Listener at 127.0.0.1/44357] INFO  ozone.HddsDatanodeService (HddsDatanodeService.java:start(236)) - HddsDatanodeService host:fv-az37-268.zqe2tmcsx5vuvjs3sdc4q2yfud.gx.internal.cloudapp.net ip:10.1.0.16
2022-06-16 16:23:34,105 [Listener at 127.0.0.1/44357] INFO  upgrade.AbstractLayoutVersionManager (AbstractLayoutVersionManager.java:init(82)) - Initializing Layout version manager with metadata layout = DATANODE_SCHEMA_V3 (version = 4), software layout = DATANODE_SCHEMA_V3 (version = 4)
2022-06-16 16:23:34,201 [Listener at 127.0.0.1/44357] INFO  reflections.Reflections (Reflections.java:scan(232)) - Reflections took 95 ms to scan 7 urls, producing 131 keys and 311 values 
2022-06-16 16:23:34,218 [Listener at 127.0.0.1/44357] INFO  statemachine.DatanodeStateMachine (DatanodeStateMachine.java:getEndPointTaskThreadPoolSize(233)) - Datanode State Machine Task Thread Pool size 2
2022-06-16 16:23:34,222 [Listener at 127.0.0.1/44357] INFO  volume.HddsVolume (HddsVolume.java:<init>(116)) - Creating HddsVolume: /home/runner/work/ozone/ozone/hadoop-ozone/integration-test/target/test-dir/MiniOzoneClusterImpl-013b413b-6c7c-488f-84aa-e92bb4d6b165/datanode-1/data-0/containers/hdds of storage type : DISK capacity : 9223372036854775807
2022-06-16 16:23:34,222 [Listener at 127.0.0.1/44357] INFO  volume.MutableVolumeSet (MutableVolumeSet.java:initializeVolumeSet(174)) - Added Volume : /home/runner/work/ozone/ozone/hadoop-ozone/integration-test/target/test-dir/MiniOzoneClusterImpl-013b413b-6c7c-488f-84aa-e92bb4d6b165/datanode-1/data-0/containers/hdds to VolumeSet
2022-06-16 16:23:34,222 [Listener at 127.0.0.1/44357] INFO  volume.ThrottledAsyncChecker (ThrottledAsyncChecker.java:schedule(141)) - Scheduling a check for /home/runner/work/ozone/ozone/hadoop-ozone/integration-test/target/test-dir/MiniOzoneClusterImpl-013b413b-6c7c-488f-84aa-e92bb4d6b165/datanode-1/data-0/containers/hdds
2022-06-16 16:23:34,266 [Listener at 127.0.0.1/44357] INFO  volume.StorageVolumeChecker (StorageVolumeChecker.java:checkAllVolumes(202)) - Scheduled health check for volume /home/runner/work/ozone/ozone/hadoop-ozone/integration-test/target/test-dir/MiniOzoneClusterImpl-013b413b-6c7c-488f-84aa-e92bb4d6b165/datanode-1/data-0/containers/hdds
2022-06-16 16:23:34,296 [Listener at 127.0.0.1/44357] INFO  volume.MutableVolumeSet (MutableVolumeSet.java:initializeVolumeSet(174)) - Added Volume : /home/runner/work/ozone/ozone/hadoop-ozone/integration-test/target/test-dir/MiniOzoneClusterImpl-013b413b-6c7c-488f-84aa-e92bb4d6b165/datanode-1/data/ratis to VolumeSet
2022-06-16 16:23:34,296 [Listener at 127.0.0.1/44357] INFO  volume.ThrottledAsyncChecker (ThrottledAsyncChecker.java:schedule(141)) - Scheduling a check for /home/runner/work/ozone/ozone/hadoop-ozone/integration-test/target/test-dir/MiniOzoneClusterImpl-013b413b-6c7c-488f-84aa-e92bb4d6b165/datanode-1/data/ratis
2022-06-16 16:23:34,298 [Listener at 127.0.0.1/44357] INFO  volume.StorageVolumeChecker (StorageVolumeChecker.java:checkAllVolumes(202)) - Scheduled health check for volume /home/runner/work/ozone/ozone/hadoop-ozone/integration-test/target/test-dir/MiniOzoneClusterImpl-013b413b-6c7c-488f-84aa-e92bb4d6b165/datanode-1/data/ratis
2022-06-16 16:23:34,308 [Thread-2289] INFO  ozoneimpl.ContainerReader (ContainerReader.java:readVolume(172)) - Finish verifying containers on volume /home/runner/work/ozone/ozone/hadoop-ozone/integration-test/target/test-dir/MiniOzoneClusterImpl-013b413b-6c7c-488f-84aa-e92bb4d6b165/datanode-1/data-0/containers/hdds
2022-06-16 16:23:34,308 [Listener at 127.0.0.1/44357] INFO  ozoneimpl.OzoneContainer (OzoneContainer.java:buildContainerSet(266)) - Build ContainerSet costs 0s
2022-06-16 16:23:34,310 [Listener at 127.0.0.1/44357] INFO  server.RaftServer (ConfUtils.java:logGet(46)) - raft.rpc.type = GRPC (default)
2022-06-16 16:23:34,310 [Listener at 127.0.0.1/44357] INFO  grpc.GrpcFactory (GrpcFactory.java:checkPooledByteBufAllocatorUseCacheForAllThreads(48)) - PERFORMANCE WARNING: useCacheForAllThreads is true that may cause Netty to create a lot garbage objects and, as a result, trigger GC.
	It is recommended to disable useCacheForAllThreads by setting -Dorg.apache.ratis.thirdparty.io.netty.allocator.useCacheForAllThreads=false in command line.
2022-06-16 16:23:34,310 [Listener at 127.0.0.1/44357] INFO  grpc.GrpcConfigKeys (ConfUtils.java:logGet(46)) - raft.grpc.admin.port = 0 (custom)
2022-06-16 16:23:34,310 [Listener at 127.0.0.1/44357] INFO  grpc.GrpcConfigKeys (ConfUtils.java:logGet(46)) - raft.grpc.client.port = 0 (custom)
2022-06-16 16:23:34,310 [Listener at 127.0.0.1/44357] INFO  grpc.GrpcConfigKeys (ConfUtils.java:logGet(46)) - raft.grpc.server.port = 0 (default)
2022-06-16 16:23:34,310 [Listener at 127.0.0.1/44357] INFO  server.GrpcService (ConfUtils.java:logGet(46)) - raft.grpc.message.size.max = 32MB (=33554432) (custom)
2022-06-16 16:23:34,310 [Listener at 127.0.0.1/44357] INFO  server.RaftServerConfigKeys (ConfUtils.java:logGet(46)) - raft.server.log.appender.buffer.byte-limit = 33554432 (custom)
2022-06-16 16:23:34,310 [Listener at 127.0.0.1/44357] INFO  server.GrpcService (ConfUtils.java:logGet(46)) - raft.grpc.flow.control.window = 5MB (=5242880) (custom)
2022-06-16 16:23:34,310 [Listener at 127.0.0.1/44357] INFO  server.RaftServerConfigKeys (ConfUtils.java:logGet(46)) - raft.server.rpc.request.timeout = 60s (custom)
2022-06-16 16:23:34,312 [Listener at 127.0.0.1/44357] INFO  grpc.GrpcConfigKeys (ConfUtils.java:logGet(46)) - raft.grpc.server.async.request.thread.pool.cached = true (default)
2022-06-16 16:23:34,312 [Listener at 127.0.0.1/44357] INFO  grpc.GrpcConfigKeys (ConfUtils.java:logGet(46)) - raft.grpc.server.async.request.thread.pool.size = 32 (default)
2022-06-16 16:23:34,313 [Listener at 127.0.0.1/44357] INFO  impl.DataStreamServerImpl (ConfUtils.java:logGet(46)) - raft.datastream.type = DISABLED (default)
2022-06-16 16:23:34,313 [Listener at 127.0.0.1/44357] INFO  server.RaftServerConfigKeys (ConfUtils.java:logGet(46)) - raft.server.threadpool.proxy.cached = true (default)
2022-06-16 16:23:34,313 [Listener at 127.0.0.1/44357] INFO  server.RaftServerConfigKeys (ConfUtils.java:logGet(46)) - raft.server.threadpool.proxy.size = 0 (default)
2022-06-16 16:23:34,313 [Listener at 127.0.0.1/44357] INFO  server.RaftServerConfigKeys (ConfUtils.java:logGet(46)) - raft.server.rpc.slowness.timeout = 300s (custom)
2022-06-16 16:23:34,314 [Listener at 127.0.0.1/44357] INFO  server.RaftServerConfigKeys (ConfUtils.java:logGet(46)) - raft.server.leaderelection.leader.step-down.wait-time = 10s (default)
2022-06-16 16:23:34,314 [Listener at 127.0.0.1/44357] INFO  server.RaftServerConfigKeys (ConfUtils.java:logGet(46)) - raft.server.storage.dir = [/home/runner/work/ozone/ozone/hadoop-ozone/integration-test/target/test-dir/MiniOzoneClusterImpl-013b413b-6c7c-488f-84aa-e92bb4d6b165/datanode-1/data/ratis] (custom)
2022-06-16 16:23:34,315 [Listener at 127.0.0.1/44357] INFO  server.XceiverServerGrpc (XceiverServerGrpc.java:<init>(132)) - GrpcServer channel type EpollServerSocketChannel
2022-06-16 16:23:34,320 [Listener at 127.0.0.1/44357] INFO  http.BaseHttpServer (BaseHttpServer.java:newHttpServer2BuilderForOzone(209)) - Starting Web-server for hddsDatanode at: http://0.0.0.0:0
2022-06-16 16:23:34,320 [Listener at 127.0.0.1/44357] INFO  http.BaseHttpServer (BaseHttpServer.java:<init>(107)) - Hadoop Security Enabled: false Ozone Security Enabled: false Ozone HTTP Security Enabled: false 
2022-06-16 16:23:34,321 [Listener at 127.0.0.1/44357] INFO  server.AuthenticationFilter (AuthenticationFilter.java:constructSecretProvider(240)) - Unable to initialize FileSignerSecretProvider, falling back to use random secrets.
2022-06-16 16:23:34,321 [Listener at 127.0.0.1/44357] WARN  http.HttpRequestLog (HttpRequestLog.java:getRequestLog(103)) - Jetty request log can only be enabled using Log4j
2022-06-16 16:23:34,322 [Listener at 127.0.0.1/44357] INFO  http.HttpServer2 (HttpServer2.java:addGlobalFilter(1029)) - Added global filter 'safety' (class=org.apache.hadoop.hdds.server.http.HttpServer2$QuotingInputFilter)
2022-06-16 16:23:34,322 [Listener at 127.0.0.1/44357] INFO  http.HttpServer2 (HttpServer2.java:addFilter(1005)) - Added filter static_user_filter (class=org.apache.hadoop.http.lib.StaticUserWebFilter$StaticUserFilter) to context hddsDatanode
2022-06-16 16:23:34,322 [Listener at 127.0.0.1/44357] INFO  http.HttpServer2 (HttpServer2.java:addFilter(1013)) - Added filter static_user_filter (class=org.apache.hadoop.http.lib.StaticUserWebFilter$StaticUserFilter) to context logs
2022-06-16 16:23:34,322 [Listener at 127.0.0.1/44357] INFO  http.HttpServer2 (HttpServer2.java:addFilter(1013)) - Added filter static_user_filter (class=org.apache.hadoop.http.lib.StaticUserWebFilter$StaticUserFilter) to context static
2022-06-16 16:23:34,323 [Listener at 127.0.0.1/44357] INFO  http.HttpServer2 (HttpServer2.java:bindListener(1248)) - Jetty bound to port 35853
2022-06-16 16:23:34,323 [Listener at 127.0.0.1/44357] INFO  server.Server (Server.java:doStart(375)) - jetty-9.4.43.v20210629; built: 2021-06-30T11:07:22.254Z; git: 526006ecfa3af7f1a27ef3a288e2bef7ea9dd7e8; jvm 1.8.0_332-b09
2022-06-16 16:23:34,330 [Listener at 127.0.0.1/44357] INFO  server.session (DefaultSessionIdManager.java:doStart(334)) - DefaultSessionIdManager workerName=node0
2022-06-16 16:23:34,330 [Listener at 127.0.0.1/44357] INFO  server.session (DefaultSessionIdManager.java:doStart(339)) - No SessionScavenger set, using defaults
2022-06-16 16:23:34,330 [Listener at 127.0.0.1/44357] INFO  server.session (HouseKeeper.java:startScavenging(132)) - node0 Scavenging every 660000ms
2022-06-16 16:23:34,333 [Listener at 127.0.0.1/44357] INFO  handler.ContextHandler (ContextHandler.java:doStart(915)) - Started o.e.j.s.ServletContextHandler@1c2af03e{logs,/logs,file:///home/runner/work/ozone/ozone/hadoop-ozone/integration-test/target/log,AVAILABLE}
2022-06-16 16:23:34,334 [Listener at 127.0.0.1/44357] INFO  handler.ContextHandler (ContextHandler.java:doStart(915)) - Started o.e.j.s.ServletContextHandler@1b3a95c1{static,/static,jar:file:/home/runner/.m2/repository/org/apache/ozone/hdds-container-service/1.3.0-SNAPSHOT/hdds-container-service-1.3.0-SNAPSHOT.jar!/webapps/static,AVAILABLE}
2022-06-16 16:23:35,094 [Listener at 127.0.0.1/44357] INFO  handler.ContextHandler (ContextHandler.java:doStart(915)) - Started o.e.j.w.WebAppContext@28a5b510{hddsDatanode,/,file:///tmp/jetty-0_0_0_0-35853-hdds-container-service-1_3_0-SNAPSHOT_jar-_-any-7570565768844415917/webapp/,AVAILABLE}{jar:file:/home/runner/.m2/repository/org/apache/ozone/hdds-container-service/1.3.0-SNAPSHOT/hdds-container-service-1.3.0-SNAPSHOT.jar!/webapps/hddsDatanode}
2022-06-16 16:23:35,107 [Listener at 127.0.0.1/44357] INFO  server.AbstractConnector (AbstractConnector.java:doStart(331)) - Started ServerConnector@4ff9fa2b{HTTP/1.1, (http/1.1)}{0.0.0.0:35853}
2022-06-16 16:23:35,107 [Listener at 127.0.0.1/44357] INFO  server.Server (Server.java:doStart(415)) - Started @337743ms
2022-06-16 16:23:35,107 [Listener at 127.0.0.1/44357] WARN  impl.MetricsSystemImpl (MetricsSystemImpl.java:register(279)) - Sink prometheus already exists!
2022-06-16 16:23:35,108 [Listener at 127.0.0.1/44357] INFO  http.BaseHttpServer (BaseHttpServer.java:updateConnectorAddress(329)) - HTTP server of hddsDatanode listening at http://0.0.0.0:35853
2022-06-16 16:23:35,118 [Listener at 127.0.0.1/44357] INFO  impl.MetricsSystemImpl (MetricsSystemImpl.java:init(158)) - HddsDatanode metrics system started (again)
2022-06-16 16:23:35,126 [Datanode State Machine Daemon Thread] INFO  statemachine.DatanodeStateMachine (DatanodeStateMachine.java:lambda$startDaemon$0(484)) - Ozone container server started.
2022-06-16 16:23:35,188 [org.apache.hadoop.util.JvmPauseMonitor$Monitor@60f0f33] INFO  util.JvmPauseMonitor (JvmPauseMonitor.java:run(188)) - Starting JVM pause monitor
2022-06-16 16:23:35,199 [Listener at 127.0.0.1/44357] INFO  ozone.HddsDatanodeService (HddsDatanodeService.java:start(236)) - HddsDatanodeService host:fv-az37-268.zqe2tmcsx5vuvjs3sdc4q2yfud.gx.internal.cloudapp.net ip:10.1.0.16
2022-06-16 16:23:35,239 [Datanode State Machine Task Thread - 0] INFO  datanode.InitDatanodeState (InitDatanodeState.java:persistContainerDatanodeDetails(138)) - DatanodeDetails is persisted to /home/runner/work/ozone/ozone/hadoop-ozone/integration-test/target/test-dir/MiniOzoneClusterImpl-013b413b-6c7c-488f-84aa-e92bb4d6b165/datanode-1/meta/datanode.id
2022-06-16 16:23:35,302 [Listener at 127.0.0.1/44357] INFO  upgrade.AbstractLayoutVersionManager (AbstractLayoutVersionManager.java:init(82)) - Initializing Layout version manager with metadata layout = DATANODE_SCHEMA_V3 (version = 4), software layout = DATANODE_SCHEMA_V3 (version = 4)
2022-06-16 16:23:35,476 [Listener at 127.0.0.1/44357] INFO  reflections.Reflections (Reflections.java:scan(232)) - Reflections took 172 ms to scan 7 urls, producing 131 keys and 311 values 
2022-06-16 16:23:35,477 [Listener at 127.0.0.1/44357] INFO  statemachine.DatanodeStateMachine (DatanodeStateMachine.java:getEndPointTaskThreadPoolSize(233)) - Datanode State Machine Task Thread Pool size 2
2022-06-16 16:23:35,502 [Listener at 127.0.0.1/44357] INFO  volume.HddsVolume (HddsVolume.java:<init>(116)) - Creating HddsVolume: /home/runner/work/ozone/ozone/hadoop-ozone/integration-test/target/test-dir/MiniOzoneClusterImpl-013b413b-6c7c-488f-84aa-e92bb4d6b165/datanode-2/data-0/containers/hdds of storage type : DISK capacity : 9223372036854775807
2022-06-16 16:23:35,503 [Listener at 127.0.0.1/44357] INFO  volume.MutableVolumeSet (MutableVolumeSet.java:initializeVolumeSet(174)) - Added Volume : /home/runner/work/ozone/ozone/hadoop-ozone/integration-test/target/test-dir/MiniOzoneClusterImpl-013b413b-6c7c-488f-84aa-e92bb4d6b165/datanode-2/data-0/containers/hdds to VolumeSet
2022-06-16 16:23:35,503 [Listener at 127.0.0.1/44357] INFO  volume.ThrottledAsyncChecker (ThrottledAsyncChecker.java:schedule(141)) - Scheduling a check for /home/runner/work/ozone/ozone/hadoop-ozone/integration-test/target/test-dir/MiniOzoneClusterImpl-013b413b-6c7c-488f-84aa-e92bb4d6b165/datanode-2/data-0/containers/hdds
2022-06-16 16:23:35,522 [Listener at 127.0.0.1/44357] INFO  volume.StorageVolumeChecker (StorageVolumeChecker.java:checkAllVolumes(202)) - Scheduled health check for volume /home/runner/work/ozone/ozone/hadoop-ozone/integration-test/target/test-dir/MiniOzoneClusterImpl-013b413b-6c7c-488f-84aa-e92bb4d6b165/datanode-2/data-0/containers/hdds
2022-06-16 16:23:35,577 [Listener at 127.0.0.1/44357] INFO  volume.MutableVolumeSet (MutableVolumeSet.java:initializeVolumeSet(174)) - Added Volume : /home/runner/work/ozone/ozone/hadoop-ozone/integration-test/target/test-dir/MiniOzoneClusterImpl-013b413b-6c7c-488f-84aa-e92bb4d6b165/datanode-2/data/ratis to VolumeSet
2022-06-16 16:23:35,577 [Listener at 127.0.0.1/44357] INFO  volume.ThrottledAsyncChecker (ThrottledAsyncChecker.java:schedule(141)) - Scheduling a check for /home/runner/work/ozone/ozone/hadoop-ozone/integration-test/target/test-dir/MiniOzoneClusterImpl-013b413b-6c7c-488f-84aa-e92bb4d6b165/datanode-2/data/ratis
2022-06-16 16:23:35,610 [Listener at 127.0.0.1/44357] INFO  volume.StorageVolumeChecker (StorageVolumeChecker.java:checkAllVolumes(202)) - Scheduled health check for volume /home/runner/work/ozone/ozone/hadoop-ozone/integration-test/target/test-dir/MiniOzoneClusterImpl-013b413b-6c7c-488f-84aa-e92bb4d6b165/datanode-2/data/ratis
2022-06-16 16:23:35,699 [Thread-2302] INFO  ozoneimpl.ContainerReader (ContainerReader.java:readVolume(172)) - Finish verifying containers on volume /home/runner/work/ozone/ozone/hadoop-ozone/integration-test/target/test-dir/MiniOzoneClusterImpl-013b413b-6c7c-488f-84aa-e92bb4d6b165/datanode-2/data-0/containers/hdds
2022-06-16 16:23:35,699 [Listener at 127.0.0.1/44357] INFO  ozoneimpl.OzoneContainer (OzoneContainer.java:buildContainerSet(266)) - Build ContainerSet costs 0s
2022-06-16 16:23:35,700 [Listener at 127.0.0.1/44357] INFO  server.RaftServer (ConfUtils.java:logGet(46)) - raft.rpc.type = GRPC (default)
2022-06-16 16:23:35,700 [Listener at 127.0.0.1/44357] INFO  grpc.GrpcFactory (GrpcFactory.java:checkPooledByteBufAllocatorUseCacheForAllThreads(48)) - PERFORMANCE WARNING: useCacheForAllThreads is true that may cause Netty to create a lot garbage objects and, as a result, trigger GC.
	It is recommended to disable useCacheForAllThreads by setting -Dorg.apache.ratis.thirdparty.io.netty.allocator.useCacheForAllThreads=false in command line.
2022-06-16 16:23:35,700 [Listener at 127.0.0.1/44357] INFO  grpc.GrpcConfigKeys (ConfUtils.java:logGet(46)) - raft.grpc.admin.port = 0 (custom)
2022-06-16 16:23:35,701 [Listener at 127.0.0.1/44357] INFO  grpc.GrpcConfigKeys (ConfUtils.java:logGet(46)) - raft.grpc.client.port = 0 (custom)
2022-06-16 16:23:35,701 [Listener at 127.0.0.1/44357] INFO  grpc.GrpcConfigKeys (ConfUtils.java:logGet(46)) - raft.grpc.server.port = 0 (default)
2022-06-16 16:23:35,701 [Listener at 127.0.0.1/44357] INFO  server.GrpcService (ConfUtils.java:logGet(46)) - raft.grpc.message.size.max = 32MB (=33554432) (custom)
2022-06-16 16:23:35,701 [Listener at 127.0.0.1/44357] INFO  server.RaftServerConfigKeys (ConfUtils.java:logGet(46)) - raft.server.log.appender.buffer.byte-limit = 33554432 (custom)
2022-06-16 16:23:35,701 [Listener at 127.0.0.1/44357] INFO  server.GrpcService (ConfUtils.java:logGet(46)) - raft.grpc.flow.control.window = 5MB (=5242880) (custom)
2022-06-16 16:23:35,701 [Listener at 127.0.0.1/44357] INFO  server.RaftServerConfigKeys (ConfUtils.java:logGet(46)) - raft.server.rpc.request.timeout = 60s (custom)
2022-06-16 16:23:35,701 [Listener at 127.0.0.1/44357] INFO  grpc.GrpcConfigKeys (ConfUtils.java:logGet(46)) - raft.grpc.server.async.request.thread.pool.cached = true (default)
2022-06-16 16:23:35,701 [Listener at 127.0.0.1/44357] INFO  grpc.GrpcConfigKeys (ConfUtils.java:logGet(46)) - raft.grpc.server.async.request.thread.pool.size = 32 (default)
2022-06-16 16:23:35,702 [Listener at 127.0.0.1/44357] INFO  impl.DataStreamServerImpl (ConfUtils.java:logGet(46)) - raft.datastream.type = DISABLED (default)
2022-06-16 16:23:35,702 [Listener at 127.0.0.1/44357] INFO  server.RaftServerConfigKeys (ConfUtils.java:logGet(46)) - raft.server.threadpool.proxy.cached = true (default)
2022-06-16 16:23:35,702 [Listener at 127.0.0.1/44357] INFO  server.RaftServerConfigKeys (ConfUtils.java:logGet(46)) - raft.server.threadpool.proxy.size = 0 (default)
2022-06-16 16:23:35,702 [Listener at 127.0.0.1/44357] INFO  server.RaftServerConfigKeys (ConfUtils.java:logGet(46)) - raft.server.rpc.slowness.timeout = 300s (custom)
2022-06-16 16:23:35,703 [Listener at 127.0.0.1/44357] INFO  server.RaftServerConfigKeys (ConfUtils.java:logGet(46)) - raft.server.leaderelection.leader.step-down.wait-time = 10s (default)
2022-06-16 16:23:35,703 [Listener at 127.0.0.1/44357] INFO  server.RaftServerConfigKeys (ConfUtils.java:logGet(46)) - raft.server.storage.dir = [/home/runner/work/ozone/ozone/hadoop-ozone/integration-test/target/test-dir/MiniOzoneClusterImpl-013b413b-6c7c-488f-84aa-e92bb4d6b165/datanode-2/data/ratis] (custom)
2022-06-16 16:23:35,707 [Listener at 127.0.0.1/44357] INFO  server.XceiverServerGrpc (XceiverServerGrpc.java:<init>(132)) - GrpcServer channel type EpollServerSocketChannel
2022-06-16 16:23:35,754 [Listener at 127.0.0.1/44357] INFO  http.BaseHttpServer (BaseHttpServer.java:newHttpServer2BuilderForOzone(209)) - Starting Web-server for hddsDatanode at: http://0.0.0.0:0
2022-06-16 16:23:35,754 [Listener at 127.0.0.1/44357] INFO  http.BaseHttpServer (BaseHttpServer.java:<init>(107)) - Hadoop Security Enabled: false Ozone Security Enabled: false Ozone HTTP Security Enabled: false 
2022-06-16 16:23:35,755 [Listener at 127.0.0.1/44357] INFO  server.AuthenticationFilter (AuthenticationFilter.java:constructSecretProvider(240)) - Unable to initialize FileSignerSecretProvider, falling back to use random secrets.
2022-06-16 16:23:35,766 [Listener at 127.0.0.1/44357] WARN  http.HttpRequestLog (HttpRequestLog.java:getRequestLog(103)) - Jetty request log can only be enabled using Log4j
2022-06-16 16:23:35,767 [Listener at 127.0.0.1/44357] INFO  http.HttpServer2 (HttpServer2.java:addGlobalFilter(1029)) - Added global filter 'safety' (class=org.apache.hadoop.hdds.server.http.HttpServer2$QuotingInputFilter)
2022-06-16 16:23:35,768 [Listener at 127.0.0.1/44357] INFO  http.HttpServer2 (HttpServer2.java:addFilter(1005)) - Added filter static_user_filter (class=org.apache.hadoop.http.lib.StaticUserWebFilter$StaticUserFilter) to context hddsDatanode
2022-06-16 16:23:35,768 [Listener at 127.0.0.1/44357] INFO  http.HttpServer2 (HttpServer2.java:addFilter(1013)) - Added filter static_user_filter (class=org.apache.hadoop.http.lib.StaticUserWebFilter$StaticUserFilter) to context logs
2022-06-16 16:23:35,768 [Listener at 127.0.0.1/44357] INFO  http.HttpServer2 (HttpServer2.java:addFilter(1013)) - Added filter static_user_filter (class=org.apache.hadoop.http.lib.StaticUserWebFilter$StaticUserFilter) to context static
2022-06-16 16:23:35,768 [Listener at 127.0.0.1/44357] INFO  http.HttpServer2 (HttpServer2.java:bindListener(1248)) - Jetty bound to port 42651
2022-06-16 16:23:35,768 [Listener at 127.0.0.1/44357] INFO  server.Server (Server.java:doStart(375)) - jetty-9.4.43.v20210629; built: 2021-06-30T11:07:22.254Z; git: 526006ecfa3af7f1a27ef3a288e2bef7ea9dd7e8; jvm 1.8.0_332-b09
2022-06-16 16:23:35,898 [Listener at 127.0.0.1/44357] INFO  server.session (DefaultSessionIdManager.java:doStart(334)) - DefaultSessionIdManager workerName=node0
2022-06-16 16:23:35,898 [Listener at 127.0.0.1/44357] INFO  server.session (DefaultSessionIdManager.java:doStart(339)) - No SessionScavenger set, using defaults
2022-06-16 16:23:35,898 [Listener at 127.0.0.1/44357] INFO  server.session (HouseKeeper.java:startScavenging(132)) - node0 Scavenging every 660000ms
2022-06-16 16:23:35,911 [Listener at 127.0.0.1/44357] INFO  handler.ContextHandler (ContextHandler.java:doStart(915)) - Started o.e.j.s.ServletContextHandler@17355ea4{logs,/logs,file:///home/runner/work/ozone/ozone/hadoop-ozone/integration-test/target/log,AVAILABLE}
2022-06-16 16:23:35,911 [Listener at 127.0.0.1/44357] INFO  handler.ContextHandler (ContextHandler.java:doStart(915)) - Started o.e.j.s.ServletContextHandler@7ce9c69f{static,/static,jar:file:/home/runner/.m2/repository/org/apache/ozone/hdds-container-service/1.3.0-SNAPSHOT/hdds-container-service-1.3.0-SNAPSHOT.jar!/webapps/static,AVAILABLE}
2022-06-16 16:23:36,315 [EndpointStateMachine task thread for /0.0.0.0:36471 - 0 ] INFO  volume.HddsVolume (HddsVolume.java:createDbStore(309)) - SchemaV3 db is created and loaded at /home/runner/work/ozone/ozone/hadoop-ozone/integration-test/target/test-dir/MiniOzoneClusterImpl-013b413b-6c7c-488f-84aa-e92bb4d6b165/datanode-0/data-0/containers/hdds/013b413b-6c7c-488f-84aa-e92bb4d6b165/DS-9972a254-26ea-4e06-a355-9d6deba2baef/container.db for volume DS-9972a254-26ea-4e06-a355-9d6deba2baef
2022-06-16 16:23:36,321 [EndpointStateMachine task thread for /0.0.0.0:36471 - 0 ] INFO  volume.HddsVolume (HddsVolume.java:closeDbStore(340)) - SchemaV3 db is stopped at /home/runner/work/ozone/ozone/hadoop-ozone/integration-test/target/test-dir/MiniOzoneClusterImpl-013b413b-6c7c-488f-84aa-e92bb4d6b165/datanode-0/data-0/containers/hdds/013b413b-6c7c-488f-84aa-e92bb4d6b165/DS-9972a254-26ea-4e06-a355-9d6deba2baef/container.db for volume DS-9972a254-26ea-4e06-a355-9d6deba2baef
2022-06-16 16:23:36,321 [EndpointStateMachine task thread for /0.0.0.0:36471 - 0 ] INFO  ozoneimpl.OzoneContainer (OzoneContainer.java:start(344)) - Attempting to start container services.
2022-06-16 16:23:36,321 [EndpointStateMachine task thread for /0.0.0.0:36471 - 0 ] INFO  ozoneimpl.OzoneContainer (OzoneContainer.java:startContainerScrub(279)) - Background container scanner has been disabled.
2022-06-16 16:23:36,341 [EndpointStateMachine task thread for /0.0.0.0:36471 - 0 ] INFO  replication.ReplicationServer (ReplicationServer.java:start(111)) - ReplicationServer is started using port 35193
2022-06-16 16:23:36,342 [EndpointStateMachine task thread for /0.0.0.0:36471 - 0 ] INFO  ratis.XceiverServerRatis (XceiverServerRatis.java:start(481)) - Starting XceiverServerRatis bd7010b0-d724-4aae-b0ab-320b4ad428f6
2022-06-16 16:23:36,358 [EndpointStateMachine task thread for /0.0.0.0:36471 - 0 ] INFO  server.RaftServer (RaftServerProxy.java:lambda$start$6(382)) - bd7010b0-d724-4aae-b0ab-320b4ad428f6: start RPC server
2022-06-16 16:23:36,426 [EndpointStateMachine task thread for /0.0.0.0:36471 - 0 ] INFO  server.GrpcService (GrpcService.java:startImpl(260)) - bd7010b0-d724-4aae-b0ab-320b4ad428f6: GrpcService started, listening on 43957
2022-06-16 16:23:36,434 [EndpointStateMachine task thread for /0.0.0.0:36471 - 0 ] INFO  ratis.XceiverServerRatis (XceiverServerRatis.java:getRealPort(502)) - XceiverServerRatis bd7010b0-d724-4aae-b0ab-320b4ad428f6 is started using port 43957 for RATIS
2022-06-16 16:23:36,434 [EndpointStateMachine task thread for /0.0.0.0:36471 - 0 ] INFO  ratis.XceiverServerRatis (XceiverServerRatis.java:getRealPort(502)) - XceiverServerRatis bd7010b0-d724-4aae-b0ab-320b4ad428f6 is started using port 43957 for RATIS_ADMIN
2022-06-16 16:23:36,434 [EndpointStateMachine task thread for /0.0.0.0:36471 - 0 ] INFO  ratis.XceiverServerRatis (XceiverServerRatis.java:getRealPort(502)) - XceiverServerRatis bd7010b0-d724-4aae-b0ab-320b4ad428f6 is started using port 43957 for RATIS_SERVER
2022-06-16 16:23:36,434 [org.apache.ratis.util.JvmPauseMonitor$$Lambda$611/1702991963@1d242d76] INFO  util.JvmPauseMonitor (JvmPauseMonitor.java:run(103)) - JvmPauseMonitor-bd7010b0-d724-4aae-b0ab-320b4ad428f6: Started
2022-06-16 16:23:36,522 [EndpointStateMachine task thread for /0.0.0.0:36471 - 0 ] INFO  server.XceiverServerGrpc (XceiverServerGrpc.java:start(180)) - XceiverServerGrpc bd7010b0-d724-4aae-b0ab-320b4ad428f6 is started using port 34379
2022-06-16 16:23:37,250 [Listener at 127.0.0.1/44357] INFO  handler.ContextHandler (ContextHandler.java:doStart(915)) - Started o.e.j.w.WebAppContext@68832f1c{hddsDatanode,/,file:///tmp/jetty-0_0_0_0-42651-hdds-container-service-1_3_0-SNAPSHOT_jar-_-any-2440302647031762087/webapp/,AVAILABLE}{jar:file:/home/runner/.m2/repository/org/apache/ozone/hdds-container-service/1.3.0-SNAPSHOT/hdds-container-service-1.3.0-SNAPSHOT.jar!/webapps/hddsDatanode}
2022-06-16 16:23:37,270 [Listener at 127.0.0.1/44357] INFO  server.AbstractConnector (AbstractConnector.java:doStart(331)) - Started ServerConnector@5f610784{HTTP/1.1, (http/1.1)}{0.0.0.0:42651}
2022-06-16 16:23:37,270 [Listener at 127.0.0.1/44357] INFO  server.Server (Server.java:doStart(415)) - Started @339906ms
2022-06-16 16:23:37,270 [Listener at 127.0.0.1/44357] WARN  impl.MetricsSystemImpl (MetricsSystemImpl.java:register(279)) - Sink prometheus already exists!
2022-06-16 16:23:37,271 [Listener at 127.0.0.1/44357] INFO  http.BaseHttpServer (BaseHttpServer.java:updateConnectorAddress(329)) - HTTP server of hddsDatanode listening at http://0.0.0.0:42651
2022-06-16 16:23:37,277 [Listener at 127.0.0.1/44357] INFO  impl.MetricsSystemImpl (MetricsSystemImpl.java:init(158)) - HddsDatanode metrics system started (again)
2022-06-16 16:23:37,366 [Datanode State Machine Daemon Thread] INFO  statemachine.DatanodeStateMachine (DatanodeStateMachine.java:lambda$startDaemon$0(484)) - Ozone container server started.
2022-06-16 16:23:37,386 [org.apache.hadoop.util.JvmPauseMonitor$Monitor@3dad8226] INFO  util.JvmPauseMonitor (JvmPauseMonitor.java:run(188)) - Starting JVM pause monitor
2022-06-16 16:23:37,411 [Listener at 127.0.0.1/44357] INFO  ozone.HddsDatanodeService (HddsDatanodeService.java:start(236)) - HddsDatanodeService host:fv-az37-268.zqe2tmcsx5vuvjs3sdc4q2yfud.gx.internal.cloudapp.net ip:10.1.0.16
2022-06-16 16:23:37,418 [Datanode State Machine Task Thread - 0] INFO  datanode.InitDatanodeState (InitDatanodeState.java:persistContainerDatanodeDetails(138)) - DatanodeDetails is persisted to /home/runner/work/ozone/ozone/hadoop-ozone/integration-test/target/test-dir/MiniOzoneClusterImpl-013b413b-6c7c-488f-84aa-e92bb4d6b165/datanode-2/meta/datanode.id
2022-06-16 16:23:37,563 [Listener at 127.0.0.1/44357] INFO  upgrade.AbstractLayoutVersionManager (AbstractLayoutVersionManager.java:init(82)) - Initializing Layout version manager with metadata layout = DATANODE_SCHEMA_V3 (version = 4), software layout = DATANODE_SCHEMA_V3 (version = 4)
2022-06-16 16:23:37,614 [EndpointStateMachine task thread for /0.0.0.0:36471 - 0 ] INFO  volume.HddsVolume (HddsVolume.java:createDbStore(309)) - SchemaV3 db is created and loaded at /home/runner/work/ozone/ozone/hadoop-ozone/integration-test/target/test-dir/MiniOzoneClusterImpl-013b413b-6c7c-488f-84aa-e92bb4d6b165/datanode-1/data-0/containers/hdds/013b413b-6c7c-488f-84aa-e92bb4d6b165/DS-8f58e700-3b05-4daf-a6be-83ff97aeddcb/container.db for volume DS-8f58e700-3b05-4daf-a6be-83ff97aeddcb
2022-06-16 16:23:37,634 [EndpointStateMachine task thread for /0.0.0.0:36471 - 0 ] INFO  volume.HddsVolume (HddsVolume.java:closeDbStore(340)) - SchemaV3 db is stopped at /home/runner/work/ozone/ozone/hadoop-ozone/integration-test/target/test-dir/MiniOzoneClusterImpl-013b413b-6c7c-488f-84aa-e92bb4d6b165/datanode-1/data-0/containers/hdds/013b413b-6c7c-488f-84aa-e92bb4d6b165/DS-8f58e700-3b05-4daf-a6be-83ff97aeddcb/container.db for volume DS-8f58e700-3b05-4daf-a6be-83ff97aeddcb
2022-06-16 16:23:37,634 [EndpointStateMachine task thread for /0.0.0.0:36471 - 0 ] INFO  ozoneimpl.OzoneContainer (OzoneContainer.java:start(344)) - Attempting to start container services.
2022-06-16 16:23:37,634 [EndpointStateMachine task thread for /0.0.0.0:36471 - 0 ] INFO  ozoneimpl.OzoneContainer (OzoneContainer.java:startContainerScrub(279)) - Background container scanner has been disabled.
2022-06-16 16:23:37,651 [EndpointStateMachine task thread for /0.0.0.0:36471 - 0 ] INFO  replication.ReplicationServer (ReplicationServer.java:start(111)) - ReplicationServer is started using port 43049
2022-06-16 16:23:37,652 [EndpointStateMachine task thread for /0.0.0.0:36471 - 0 ] INFO  ratis.XceiverServerRatis (XceiverServerRatis.java:start(481)) - Starting XceiverServerRatis 7086d85c-5d6d-4b3d-a268-a825c95e3ca8
2022-06-16 16:23:37,654 [EndpointStateMachine task thread for /0.0.0.0:36471 - 0 ] INFO  server.RaftServer (RaftServerProxy.java:lambda$start$6(382)) - 7086d85c-5d6d-4b3d-a268-a825c95e3ca8: start RPC server
2022-06-16 16:23:37,659 [EndpointStateMachine task thread for /0.0.0.0:36471 - 0 ] INFO  server.GrpcService (GrpcService.java:startImpl(260)) - 7086d85c-5d6d-4b3d-a268-a825c95e3ca8: GrpcService started, listening on 45221
2022-06-16 16:23:37,662 [EndpointStateMachine task thread for /0.0.0.0:36471 - 0 ] INFO  ratis.XceiverServerRatis (XceiverServerRatis.java:getRealPort(502)) - XceiverServerRatis 7086d85c-5d6d-4b3d-a268-a825c95e3ca8 is started using port 45221 for RATIS
2022-06-16 16:23:37,662 [EndpointStateMachine task thread for /0.0.0.0:36471 - 0 ] INFO  ratis.XceiverServerRatis (XceiverServerRatis.java:getRealPort(502)) - XceiverServerRatis 7086d85c-5d6d-4b3d-a268-a825c95e3ca8 is started using port 45221 for RATIS_ADMIN
2022-06-16 16:23:37,662 [EndpointStateMachine task thread for /0.0.0.0:36471 - 0 ] INFO  ratis.XceiverServerRatis (XceiverServerRatis.java:getRealPort(502)) - XceiverServerRatis 7086d85c-5d6d-4b3d-a268-a825c95e3ca8 is started using port 45221 for RATIS_SERVER
2022-06-16 16:23:37,663 [org.apache.ratis.util.JvmPauseMonitor$$Lambda$611/1702991963@3f407d7a] INFO  util.JvmPauseMonitor (JvmPauseMonitor.java:run(103)) - JvmPauseMonitor-7086d85c-5d6d-4b3d-a268-a825c95e3ca8: Started
2022-06-16 16:23:37,787 [EndpointStateMachine task thread for /0.0.0.0:36471 - 0 ] INFO  server.XceiverServerGrpc (XceiverServerGrpc.java:start(180)) - XceiverServerGrpc 7086d85c-5d6d-4b3d-a268-a825c95e3ca8 is started using port 35367
2022-06-16 16:23:37,892 [Listener at 127.0.0.1/44357] INFO  reflections.Reflections (Reflections.java:scan(232)) - Reflections took 328 ms to scan 7 urls, producing 131 keys and 311 values 
2022-06-16 16:23:37,893 [Listener at 127.0.0.1/44357] INFO  statemachine.DatanodeStateMachine (DatanodeStateMachine.java:getEndPointTaskThreadPoolSize(233)) - Datanode State Machine Task Thread Pool size 2
2022-06-16 16:23:37,938 [Listener at 127.0.0.1/44357] INFO  volume.HddsVolume (HddsVolume.java:<init>(116)) - Creating HddsVolume: /home/runner/work/ozone/ozone/hadoop-ozone/integration-test/target/test-dir/MiniOzoneClusterImpl-013b413b-6c7c-488f-84aa-e92bb4d6b165/datanode-3/data-0/containers/hdds of storage type : DISK capacity : 9223372036854775807
2022-06-16 16:23:37,939 [Listener at 127.0.0.1/44357] INFO  volume.MutableVolumeSet (MutableVolumeSet.java:initializeVolumeSet(174)) - Added Volume : /home/runner/work/ozone/ozone/hadoop-ozone/integration-test/target/test-dir/MiniOzoneClusterImpl-013b413b-6c7c-488f-84aa-e92bb4d6b165/datanode-3/data-0/containers/hdds to VolumeSet
2022-06-16 16:23:37,939 [Listener at 127.0.0.1/44357] INFO  volume.ThrottledAsyncChecker (ThrottledAsyncChecker.java:schedule(141)) - Scheduling a check for /home/runner/work/ozone/ozone/hadoop-ozone/integration-test/target/test-dir/MiniOzoneClusterImpl-013b413b-6c7c-488f-84aa-e92bb4d6b165/datanode-3/data-0/containers/hdds
2022-06-16 16:23:37,998 [Listener at 127.0.0.1/44357] INFO  volume.StorageVolumeChecker (StorageVolumeChecker.java:checkAllVolumes(202)) - Scheduled health check for volume /home/runner/work/ozone/ozone/hadoop-ozone/integration-test/target/test-dir/MiniOzoneClusterImpl-013b413b-6c7c-488f-84aa-e92bb4d6b165/datanode-3/data-0/containers/hdds
2022-06-16 16:23:38,022 [Listener at 127.0.0.1/44357] INFO  volume.MutableVolumeSet (MutableVolumeSet.java:initializeVolumeSet(174)) - Added Volume : /home/runner/work/ozone/ozone/hadoop-ozone/integration-test/target/test-dir/MiniOzoneClusterImpl-013b413b-6c7c-488f-84aa-e92bb4d6b165/datanode-3/data/ratis to VolumeSet
2022-06-16 16:23:38,032 [IPC Server handler 0 on default port 36471] INFO  net.NetworkTopologyImpl (NetworkTopologyImpl.java:add(112)) - Added a new node: /default-rack/bd7010b0-d724-4aae-b0ab-320b4ad428f6
2022-06-16 16:23:38,058 [IPC Server handler 0 on default port 36471] INFO  node.SCMNodeManager (SCMNodeManager.java:register(394)) - Registered Data node : bd7010b0-d724-4aae-b0ab-320b4ad428f6{ip: 10.1.0.16, host: fv-az37-268.zqe2tmcsx5vuvjs3sdc4q2yfud.gx.internal.cloudapp.net, ports: [REPLICATION=35193, RATIS=43957, RATIS_ADMIN=43957, RATIS_SERVER=43957, STANDALONE=34379], networkLocation: /default-rack, certSerialId: null, persistedOpState: null, persistedOpStateExpiryEpochSec: 0}
2022-06-16 16:23:38,060 [EventQueue-NodeRegistrationContainerReportForDataNodeSafeModeRule] INFO  safemode.SCMSafeModeManager (DataNodeSafeModeRule.java:process(71)) - SCM in safe mode. 1 DataNodes registered, 3 required.
2022-06-16 16:23:38,062 [EventQueue-NodeRegistrationContainerReportForContainerSafeModeRule] INFO  safemode.SCMSafeModeManager (SCMSafeModeManager.java:validateSafeModeExitRules(204)) - ContainerSafeModeRule rule is successfully validated
2022-06-16 16:23:38,103 [EventQueue-PipelineReportForOneReplicaPipelineSafeModeRule] INFO  safemode.SCMSafeModeManager (SCMSafeModeManager.java:validateSafeModeExitRules(204)) - AtleastOneDatanodeReportedRule rule is successfully validated
2022-06-16 16:23:38,103 [Listener at 127.0.0.1/44357] INFO  volume.ThrottledAsyncChecker (ThrottledAsyncChecker.java:schedule(141)) - Scheduling a check for /home/runner/work/ozone/ozone/hadoop-ozone/integration-test/target/test-dir/MiniOzoneClusterImpl-013b413b-6c7c-488f-84aa-e92bb4d6b165/datanode-3/data/ratis
2022-06-16 16:23:38,104 [Listener at 127.0.0.1/44357] INFO  volume.StorageVolumeChecker (StorageVolumeChecker.java:checkAllVolumes(202)) - Scheduled health check for volume /home/runner/work/ozone/ozone/hadoop-ozone/integration-test/target/test-dir/MiniOzoneClusterImpl-013b413b-6c7c-488f-84aa-e92bb4d6b165/datanode-3/data/ratis
2022-06-16 16:23:38,172 [EventQueue-NewNodeForNewNodeHandler] INFO  pipeline.BackgroundPipelineCreator (BackgroundPipelineCreator.java:notifyEventTriggered(272)) - trigger a one-shot run on RatisPipelineUtilsThread.
2022-06-16 16:23:38,172 [RatisPipelineUtilsThread - 0] INFO  pipeline.RatisPipelineProvider (RatisPipelineProvider.java:lambda$create$0(195)) - Sending CreatePipelineCommand for pipeline:PipelineID=0f399fdc-7683-471d-ac03-0119a9106d55 to datanode:bd7010b0-d724-4aae-b0ab-320b4ad428f6
2022-06-16 16:23:38,186 [RatisPipelineUtilsThread - 0] INFO  pipeline.PipelineStateManagerImpl (PipelineStateManagerImpl.java:addPipeline(101)) - Created pipeline Pipeline[ Id: 0f399fdc-7683-471d-ac03-0119a9106d55, Nodes: bd7010b0-d724-4aae-b0ab-320b4ad428f6{ip: 10.1.0.16, host: fv-az37-268.zqe2tmcsx5vuvjs3sdc4q2yfud.gx.internal.cloudapp.net, ports: [REPLICATION=35193, RATIS=43957, RATIS_ADMIN=43957, RATIS_SERVER=43957, STANDALONE=34379], networkLocation: /default-rack, certSerialId: null, persistedOpState: IN_SERVICE, persistedOpStateExpiryEpochSec: 0}, ReplicationConfig: RATIS/ONE, State:ALLOCATED, leaderId:, CreationTimestamp2022-06-16T16:23:38.172Z[Etc/UTC]].
2022-06-16 16:23:38,207 [Thread-2328] INFO  ozoneimpl.ContainerReader (ContainerReader.java:readVolume(172)) - Finish verifying containers on volume /home/runner/work/ozone/ozone/hadoop-ozone/integration-test/target/test-dir/MiniOzoneClusterImpl-013b413b-6c7c-488f-84aa-e92bb4d6b165/datanode-3/data-0/containers/hdds
2022-06-16 16:23:38,207 [Listener at 127.0.0.1/44357] INFO  ozoneimpl.OzoneContainer (OzoneContainer.java:buildContainerSet(266)) - Build ContainerSet costs 0s
2022-06-16 16:23:38,210 [Listener at 127.0.0.1/44357] INFO  server.RaftServer (ConfUtils.java:logGet(46)) - raft.rpc.type = GRPC (default)
2022-06-16 16:23:38,210 [Listener at 127.0.0.1/44357] INFO  grpc.GrpcFactory (GrpcFactory.java:checkPooledByteBufAllocatorUseCacheForAllThreads(48)) - PERFORMANCE WARNING: useCacheForAllThreads is true that may cause Netty to create a lot garbage objects and, as a result, trigger GC.
	It is recommended to disable useCacheForAllThreads by setting -Dorg.apache.ratis.thirdparty.io.netty.allocator.useCacheForAllThreads=false in command line.
2022-06-16 16:23:38,210 [Listener at 127.0.0.1/44357] INFO  grpc.GrpcConfigKeys (ConfUtils.java:logGet(46)) - raft.grpc.admin.port = 0 (custom)
2022-06-16 16:23:38,210 [Listener at 127.0.0.1/44357] INFO  grpc.GrpcConfigKeys (ConfUtils.java:logGet(46)) - raft.grpc.client.port = 0 (custom)
2022-06-16 16:23:38,210 [Listener at 127.0.0.1/44357] INFO  grpc.GrpcConfigKeys (ConfUtils.java:logGet(46)) - raft.grpc.server.port = 0 (default)
2022-06-16 16:23:38,210 [Listener at 127.0.0.1/44357] INFO  server.GrpcService (ConfUtils.java:logGet(46)) - raft.grpc.message.size.max = 32MB (=33554432) (custom)
2022-06-16 16:23:38,210 [Listener at 127.0.0.1/44357] INFO  server.RaftServerConfigKeys (ConfUtils.java:logGet(46)) - raft.server.log.appender.buffer.byte-limit = 33554432 (custom)
2022-06-16 16:23:38,210 [Listener at 127.0.0.1/44357] INFO  server.GrpcService (ConfUtils.java:logGet(46)) - raft.grpc.flow.control.window = 5MB (=5242880) (custom)
2022-06-16 16:23:38,210 [Listener at 127.0.0.1/44357] INFO  server.RaftServerConfigKeys (ConfUtils.java:logGet(46)) - raft.server.rpc.request.timeout = 60s (custom)
2022-06-16 16:23:38,211 [Listener at 127.0.0.1/44357] INFO  grpc.GrpcConfigKeys (ConfUtils.java:logGet(46)) - raft.grpc.server.async.request.thread.pool.cached = true (default)
2022-06-16 16:23:38,211 [Listener at 127.0.0.1/44357] INFO  grpc.GrpcConfigKeys (ConfUtils.java:logGet(46)) - raft.grpc.server.async.request.thread.pool.size = 32 (default)
2022-06-16 16:23:38,211 [Listener at 127.0.0.1/44357] INFO  impl.DataStreamServerImpl (ConfUtils.java:logGet(46)) - raft.datastream.type = DISABLED (default)
2022-06-16 16:23:38,212 [Listener at 127.0.0.1/44357] INFO  server.RaftServerConfigKeys (ConfUtils.java:logGet(46)) - raft.server.threadpool.proxy.cached = true (default)
2022-06-16 16:23:38,212 [Listener at 127.0.0.1/44357] INFO  server.RaftServerConfigKeys (ConfUtils.java:logGet(46)) - raft.server.threadpool.proxy.size = 0 (default)
2022-06-16 16:23:38,212 [Listener at 127.0.0.1/44357] INFO  server.RaftServerConfigKeys (ConfUtils.java:logGet(46)) - raft.server.rpc.slowness.timeout = 300s (custom)
2022-06-16 16:23:38,212 [Listener at 127.0.0.1/44357] INFO  server.RaftServerConfigKeys (ConfUtils.java:logGet(46)) - raft.server.leaderelection.leader.step-down.wait-time = 10s (default)
2022-06-16 16:23:38,212 [Listener at 127.0.0.1/44357] INFO  server.RaftServerConfigKeys (ConfUtils.java:logGet(46)) - raft.server.storage.dir = [/home/runner/work/ozone/ozone/hadoop-ozone/integration-test/target/test-dir/MiniOzoneClusterImpl-013b413b-6c7c-488f-84aa-e92bb4d6b165/datanode-3/data/ratis] (custom)
2022-06-16 16:23:38,216 [Listener at 127.0.0.1/44357] INFO  server.XceiverServerGrpc (XceiverServerGrpc.java:<init>(132)) - GrpcServer channel type EpollServerSocketChannel
2022-06-16 16:23:38,218 [Listener at 127.0.0.1/44357] INFO  http.BaseHttpServer (BaseHttpServer.java:newHttpServer2BuilderForOzone(209)) - Starting Web-server for hddsDatanode at: http://0.0.0.0:0
2022-06-16 16:23:38,218 [Listener at 127.0.0.1/44357] INFO  http.BaseHttpServer (BaseHttpServer.java:<init>(107)) - Hadoop Security Enabled: false Ozone Security Enabled: false Ozone HTTP Security Enabled: false 
2022-06-16 16:23:38,219 [Listener at 127.0.0.1/44357] INFO  server.AuthenticationFilter (AuthenticationFilter.java:constructSecretProvider(240)) - Unable to initialize FileSignerSecretProvider, falling back to use random secrets.
2022-06-16 16:23:38,290 [Listener at 127.0.0.1/44357] WARN  http.HttpRequestLog (HttpRequestLog.java:getRequestLog(103)) - Jetty request log can only be enabled using Log4j
2022-06-16 16:23:38,291 [Listener at 127.0.0.1/44357] INFO  http.HttpServer2 (HttpServer2.java:addGlobalFilter(1029)) - Added global filter 'safety' (class=org.apache.hadoop.hdds.server.http.HttpServer2$QuotingInputFilter)
2022-06-16 16:23:38,291 [Listener at 127.0.0.1/44357] INFO  http.HttpServer2 (HttpServer2.java:addFilter(1005)) - Added filter static_user_filter (class=org.apache.hadoop.http.lib.StaticUserWebFilter$StaticUserFilter) to context hddsDatanode
2022-06-16 16:23:38,292 [Listener at 127.0.0.1/44357] INFO  http.HttpServer2 (HttpServer2.java:addFilter(1013)) - Added filter static_user_filter (class=org.apache.hadoop.http.lib.StaticUserWebFilter$StaticUserFilter) to context logs
2022-06-16 16:23:38,292 [Listener at 127.0.0.1/44357] INFO  http.HttpServer2 (HttpServer2.java:addFilter(1013)) - Added filter static_user_filter (class=org.apache.hadoop.http.lib.StaticUserWebFilter$StaticUserFilter) to context static
2022-06-16 16:23:38,293 [Listener at 127.0.0.1/44357] INFO  http.HttpServer2 (HttpServer2.java:bindListener(1248)) - Jetty bound to port 40481
2022-06-16 16:23:38,293 [Listener at 127.0.0.1/44357] INFO  server.Server (Server.java:doStart(375)) - jetty-9.4.43.v20210629; built: 2021-06-30T11:07:22.254Z; git: 526006ecfa3af7f1a27ef3a288e2bef7ea9dd7e8; jvm 1.8.0_332-b09
2022-06-16 16:23:38,394 [Listener at 127.0.0.1/44357] INFO  server.session (DefaultSessionIdManager.java:doStart(334)) - DefaultSessionIdManager workerName=node0
2022-06-16 16:23:38,394 [Listener at 127.0.0.1/44357] INFO  server.session (DefaultSessionIdManager.java:doStart(339)) - No SessionScavenger set, using defaults
2022-06-16 16:23:38,394 [Listener at 127.0.0.1/44357] INFO  server.session (HouseKeeper.java:startScavenging(132)) - node0 Scavenging every 660000ms
2022-06-16 16:23:38,395 [Listener at 127.0.0.1/44357] INFO  handler.ContextHandler (ContextHandler.java:doStart(915)) - Started o.e.j.s.ServletContextHandler@3a4e2acf{logs,/logs,file:///home/runner/work/ozone/ozone/hadoop-ozone/integration-test/target/log,AVAILABLE}
2022-06-16 16:23:38,395 [Listener at 127.0.0.1/44357] INFO  handler.ContextHandler (ContextHandler.java:doStart(915)) - Started o.e.j.s.ServletContextHandler@19727bf1{static,/static,jar:file:/home/runner/.m2/repository/org/apache/ozone/hdds-container-service/1.3.0-SNAPSHOT/hdds-container-service-1.3.0-SNAPSHOT.jar!/webapps/static,AVAILABLE}
2022-06-16 16:23:39,190 [IPC Server handler 1 on default port 36471] INFO  net.NetworkTopologyImpl (NetworkTopologyImpl.java:add(112)) - Added a new node: /default-rack/7086d85c-5d6d-4b3d-a268-a825c95e3ca8
2022-06-16 16:23:39,190 [IPC Server handler 1 on default port 36471] INFO  node.SCMNodeManager (SCMNodeManager.java:register(394)) - Registered Data node : 7086d85c-5d6d-4b3d-a268-a825c95e3ca8{ip: 10.1.0.16, host: fv-az37-268.zqe2tmcsx5vuvjs3sdc4q2yfud.gx.internal.cloudapp.net, ports: [REPLICATION=43049, RATIS=45221, RATIS_ADMIN=45221, RATIS_SERVER=45221, STANDALONE=35367], networkLocation: /default-rack, certSerialId: null, persistedOpState: null, persistedOpStateExpiryEpochSec: 0}
2022-06-16 16:23:39,190 [EventQueue-NewNodeForNewNodeHandler] INFO  pipeline.BackgroundPipelineCreator (BackgroundPipelineCreator.java:notifyEventTriggered(272)) - trigger a one-shot run on RatisPipelineUtilsThread.
2022-06-16 16:23:39,222 [EventQueue-NodeRegistrationContainerReportForDataNodeSafeModeRule] INFO  safemode.SCMSafeModeManager (DataNodeSafeModeRule.java:process(71)) - SCM in safe mode. 2 DataNodes registered, 3 required.
2022-06-16 16:23:39,238 [RatisPipelineUtilsThread - 0] INFO  pipeline.RatisPipelineProvider (RatisPipelineProvider.java:lambda$create$0(195)) - Sending CreatePipelineCommand for pipeline:PipelineID=bcfc995e-92de-48c1-9240-bfe29e616891 to datanode:7086d85c-5d6d-4b3d-a268-a825c95e3ca8
2022-06-16 16:23:39,238 [RatisPipelineUtilsThread - 0] INFO  pipeline.PipelineStateManagerImpl (PipelineStateManagerImpl.java:addPipeline(101)) - Created pipeline Pipeline[ Id: bcfc995e-92de-48c1-9240-bfe29e616891, Nodes: 7086d85c-5d6d-4b3d-a268-a825c95e3ca8{ip: 10.1.0.16, host: fv-az37-268.zqe2tmcsx5vuvjs3sdc4q2yfud.gx.internal.cloudapp.net, ports: [REPLICATION=43049, RATIS=45221, RATIS_ADMIN=45221, RATIS_SERVER=45221, STANDALONE=35367], networkLocation: /default-rack, certSerialId: null, persistedOpState: IN_SERVICE, persistedOpStateExpiryEpochSec: 0}, ReplicationConfig: RATIS/ONE, State:ALLOCATED, leaderId:, CreationTimestamp2022-06-16T16:23:39.238Z[Etc/UTC]].
2022-06-16 16:23:39,391 [Listener at 127.0.0.1/44357] INFO  handler.ContextHandler (ContextHandler.java:doStart(915)) - Started o.e.j.w.WebAppContext@2df76807{hddsDatanode,/,file:///tmp/jetty-0_0_0_0-40481-hdds-container-service-1_3_0-SNAPSHOT_jar-_-any-1625910219020342341/webapp/,AVAILABLE}{jar:file:/home/runner/.m2/repository/org/apache/ozone/hdds-container-service/1.3.0-SNAPSHOT/hdds-container-service-1.3.0-SNAPSHOT.jar!/webapps/hddsDatanode}
2022-06-16 16:23:39,466 [Listener at 127.0.0.1/44357] INFO  server.AbstractConnector (AbstractConnector.java:doStart(331)) - Started ServerConnector@4e8f752f{HTTP/1.1, (http/1.1)}{0.0.0.0:40481}
2022-06-16 16:23:39,473 [Listener at 127.0.0.1/44357] INFO  server.Server (Server.java:doStart(415)) - Started @342108ms
2022-06-16 16:23:39,473 [Listener at 127.0.0.1/44357] WARN  impl.MetricsSystemImpl (MetricsSystemImpl.java:register(279)) - Sink prometheus already exists!
2022-06-16 16:23:39,474 [Listener at 127.0.0.1/44357] INFO  http.BaseHttpServer (BaseHttpServer.java:updateConnectorAddress(329)) - HTTP server of hddsDatanode listening at http://0.0.0.0:40481
2022-06-16 16:23:39,474 [Listener at 127.0.0.1/44357] INFO  impl.MetricsSystemImpl (MetricsSystemImpl.java:init(158)) - HddsDatanode metrics system started (again)
2022-06-16 16:23:39,482 [Datanode State Machine Daemon Thread] INFO  statemachine.DatanodeStateMachine (DatanodeStateMachine.java:lambda$startDaemon$0(484)) - Ozone container server started.
2022-06-16 16:23:39,541 [EndpointStateMachine task thread for /0.0.0.0:36471 - 0 ] INFO  volume.HddsVolume (HddsVolume.java:createDbStore(309)) - SchemaV3 db is created and loaded at /home/runner/work/ozone/ozone/hadoop-ozone/integration-test/target/test-dir/MiniOzoneClusterImpl-013b413b-6c7c-488f-84aa-e92bb4d6b165/datanode-2/data-0/containers/hdds/013b413b-6c7c-488f-84aa-e92bb4d6b165/DS-2e473118-a37a-45f0-a842-2e8b545bfeb0/container.db for volume DS-2e473118-a37a-45f0-a842-2e8b545bfeb0
2022-06-16 16:23:39,541 [EndpointStateMachine task thread for /0.0.0.0:36471 - 0 ] INFO  volume.HddsVolume (HddsVolume.java:closeDbStore(340)) - SchemaV3 db is stopped at /home/runner/work/ozone/ozone/hadoop-ozone/integration-test/target/test-dir/MiniOzoneClusterImpl-013b413b-6c7c-488f-84aa-e92bb4d6b165/datanode-2/data-0/containers/hdds/013b413b-6c7c-488f-84aa-e92bb4d6b165/DS-2e473118-a37a-45f0-a842-2e8b545bfeb0/container.db for volume DS-2e473118-a37a-45f0-a842-2e8b545bfeb0
2022-06-16 16:23:39,541 [EndpointStateMachine task thread for /0.0.0.0:36471 - 0 ] INFO  ozoneimpl.OzoneContainer (OzoneContainer.java:start(344)) - Attempting to start container services.
2022-06-16 16:23:39,541 [EndpointStateMachine task thread for /0.0.0.0:36471 - 0 ] INFO  ozoneimpl.OzoneContainer (OzoneContainer.java:startContainerScrub(279)) - Background container scanner has been disabled.
2022-06-16 16:23:39,563 [Listener at 127.0.0.1/44357] INFO  ozone.HddsDatanodeService (HddsDatanodeService.java:start(236)) - HddsDatanodeService host:fv-az37-268.zqe2tmcsx5vuvjs3sdc4q2yfud.gx.internal.cloudapp.net ip:10.1.0.16
2022-06-16 16:23:39,598 [org.apache.hadoop.util.JvmPauseMonitor$Monitor@e539f13] INFO  util.JvmPauseMonitor (JvmPauseMonitor.java:run(188)) - Starting JVM pause monitor
2022-06-16 16:23:39,616 [EndpointStateMachine task thread for /0.0.0.0:36471 - 0 ] INFO  replication.ReplicationServer (ReplicationServer.java:start(111)) - ReplicationServer is started using port 40751
2022-06-16 16:23:39,627 [EndpointStateMachine task thread for /0.0.0.0:36471 - 0 ] INFO  ratis.XceiverServerRatis (XceiverServerRatis.java:start(481)) - Starting XceiverServerRatis bbd9c71d-1d51-4586-8dfe-839c345bb7aa
2022-06-16 16:23:39,636 [Listener at 127.0.0.1/44357] INFO  upgrade.AbstractLayoutVersionManager (AbstractLayoutVersionManager.java:init(82)) - Initializing Layout version manager with metadata layout = DATANODE_SCHEMA_V3 (version = 4), software layout = DATANODE_SCHEMA_V3 (version = 4)
2022-06-16 16:23:39,654 [EndpointStateMachine task thread for /0.0.0.0:36471 - 0 ] INFO  server.RaftServer (RaftServerProxy.java:lambda$start$6(382)) - bbd9c71d-1d51-4586-8dfe-839c345bb7aa: start RPC server
2022-06-16 16:23:39,703 [Datanode State Machine Task Thread - 0] INFO  datanode.InitDatanodeState (InitDatanodeState.java:persistContainerDatanodeDetails(138)) - DatanodeDetails is persisted to /home/runner/work/ozone/ozone/hadoop-ozone/integration-test/target/test-dir/MiniOzoneClusterImpl-013b413b-6c7c-488f-84aa-e92bb4d6b165/datanode-3/meta/datanode.id
2022-06-16 16:23:39,714 [EndpointStateMachine task thread for /0.0.0.0:36471 - 0 ] INFO  server.GrpcService (GrpcService.java:startImpl(260)) - bbd9c71d-1d51-4586-8dfe-839c345bb7aa: GrpcService started, listening on 39765
2022-06-16 16:23:39,730 [EndpointStateMachine task thread for /0.0.0.0:36471 - 0 ] INFO  ratis.XceiverServerRatis (XceiverServerRatis.java:getRealPort(502)) - XceiverServerRatis bbd9c71d-1d51-4586-8dfe-839c345bb7aa is started using port 39765 for RATIS
2022-06-16 16:23:39,730 [EndpointStateMachine task thread for /0.0.0.0:36471 - 0 ] INFO  ratis.XceiverServerRatis (XceiverServerRatis.java:getRealPort(502)) - XceiverServerRatis bbd9c71d-1d51-4586-8dfe-839c345bb7aa is started using port 39765 for RATIS_ADMIN
2022-06-16 16:23:39,730 [EndpointStateMachine task thread for /0.0.0.0:36471 - 0 ] INFO  ratis.XceiverServerRatis (XceiverServerRatis.java:getRealPort(502)) - XceiverServerRatis bbd9c71d-1d51-4586-8dfe-839c345bb7aa is started using port 39765 for RATIS_SERVER
2022-06-16 16:23:39,734 [org.apache.ratis.util.JvmPauseMonitor$$Lambda$611/1702991963@7a5dcd13] INFO  util.JvmPauseMonitor (JvmPauseMonitor.java:run(103)) - JvmPauseMonitor-bbd9c71d-1d51-4586-8dfe-839c345bb7aa: Started
2022-06-16 16:23:39,837 [EndpointStateMachine task thread for /0.0.0.0:36471 - 0 ] INFO  server.XceiverServerGrpc (XceiverServerGrpc.java:start(180)) - XceiverServerGrpc bbd9c71d-1d51-4586-8dfe-839c345bb7aa is started using port 46569
2022-06-16 16:23:39,964 [Listener at 127.0.0.1/44357] INFO  reflections.Reflections (Reflections.java:scan(232)) - Reflections took 261 ms to scan 7 urls, producing 131 keys and 311 values 
2022-06-16 16:23:39,965 [Listener at 127.0.0.1/44357] INFO  statemachine.DatanodeStateMachine (DatanodeStateMachine.java:getEndPointTaskThreadPoolSize(233)) - Datanode State Machine Task Thread Pool size 2
2022-06-16 16:23:39,966 [Listener at 127.0.0.1/44357] INFO  volume.HddsVolume (HddsVolume.java:<init>(116)) - Creating HddsVolume: /home/runner/work/ozone/ozone/hadoop-ozone/integration-test/target/test-dir/MiniOzoneClusterImpl-013b413b-6c7c-488f-84aa-e92bb4d6b165/datanode-4/data-0/containers/hdds of storage type : DISK capacity : 9223372036854775807
2022-06-16 16:23:39,966 [Listener at 127.0.0.1/44357] INFO  volume.MutableVolumeSet (MutableVolumeSet.java:initializeVolumeSet(174)) - Added Volume : /home/runner/work/ozone/ozone/hadoop-ozone/integration-test/target/test-dir/MiniOzoneClusterImpl-013b413b-6c7c-488f-84aa-e92bb4d6b165/datanode-4/data-0/containers/hdds to VolumeSet
2022-06-16 16:23:39,966 [Listener at 127.0.0.1/44357] INFO  volume.ThrottledAsyncChecker (ThrottledAsyncChecker.java:schedule(141)) - Scheduling a check for /home/runner/work/ozone/ozone/hadoop-ozone/integration-test/target/test-dir/MiniOzoneClusterImpl-013b413b-6c7c-488f-84aa-e92bb4d6b165/datanode-4/data-0/containers/hdds
2022-06-16 16:23:40,062 [Listener at 127.0.0.1/44357] INFO  volume.StorageVolumeChecker (StorageVolumeChecker.java:checkAllVolumes(202)) - Scheduled health check for volume /home/runner/work/ozone/ozone/hadoop-ozone/integration-test/target/test-dir/MiniOzoneClusterImpl-013b413b-6c7c-488f-84aa-e92bb4d6b165/datanode-4/data-0/containers/hdds
2022-06-16 16:23:40,088 [Listener at 127.0.0.1/44357] INFO  volume.MutableVolumeSet (MutableVolumeSet.java:initializeVolumeSet(174)) - Added Volume : /home/runner/work/ozone/ozone/hadoop-ozone/integration-test/target/test-dir/MiniOzoneClusterImpl-013b413b-6c7c-488f-84aa-e92bb4d6b165/datanode-4/data/ratis to VolumeSet
2022-06-16 16:23:40,088 [Listener at 127.0.0.1/44357] INFO  volume.ThrottledAsyncChecker (ThrottledAsyncChecker.java:schedule(141)) - Scheduling a check for /home/runner/work/ozone/ozone/hadoop-ozone/integration-test/target/test-dir/MiniOzoneClusterImpl-013b413b-6c7c-488f-84aa-e92bb4d6b165/datanode-4/data/ratis
2022-06-16 16:23:40,106 [Listener at 127.0.0.1/44357] INFO  volume.StorageVolumeChecker (StorageVolumeChecker.java:checkAllVolumes(202)) - Scheduled health check for volume /home/runner/work/ozone/ozone/hadoop-ozone/integration-test/target/test-dir/MiniOzoneClusterImpl-013b413b-6c7c-488f-84aa-e92bb4d6b165/datanode-4/data/ratis
2022-06-16 16:23:40,126 [Thread-2345] INFO  ozoneimpl.ContainerReader (ContainerReader.java:readVolume(172)) - Finish verifying containers on volume /home/runner/work/ozone/ozone/hadoop-ozone/integration-test/target/test-dir/MiniOzoneClusterImpl-013b413b-6c7c-488f-84aa-e92bb4d6b165/datanode-4/data-0/containers/hdds
2022-06-16 16:23:40,126 [Listener at 127.0.0.1/44357] INFO  ozoneimpl.OzoneContainer (OzoneContainer.java:buildContainerSet(266)) - Build ContainerSet costs 0s
2022-06-16 16:23:40,127 [Listener at 127.0.0.1/44357] INFO  server.RaftServer (ConfUtils.java:logGet(46)) - raft.rpc.type = GRPC (default)
2022-06-16 16:23:40,127 [Listener at 127.0.0.1/44357] INFO  grpc.GrpcFactory (GrpcFactory.java:checkPooledByteBufAllocatorUseCacheForAllThreads(48)) - PERFORMANCE WARNING: useCacheForAllThreads is true that may cause Netty to create a lot garbage objects and, as a result, trigger GC.
	It is recommended to disable useCacheForAllThreads by setting -Dorg.apache.ratis.thirdparty.io.netty.allocator.useCacheForAllThreads=false in command line.
2022-06-16 16:23:40,127 [Listener at 127.0.0.1/44357] INFO  grpc.GrpcConfigKeys (ConfUtils.java:logGet(46)) - raft.grpc.admin.port = 0 (custom)
2022-06-16 16:23:40,127 [Listener at 127.0.0.1/44357] INFO  grpc.GrpcConfigKeys (ConfUtils.java:logGet(46)) - raft.grpc.client.port = 0 (custom)
2022-06-16 16:23:40,128 [Listener at 127.0.0.1/44357] INFO  grpc.GrpcConfigKeys (ConfUtils.java:logGet(46)) - raft.grpc.server.port = 0 (default)
2022-06-16 16:23:40,128 [Listener at 127.0.0.1/44357] INFO  server.GrpcService (ConfUtils.java:logGet(46)) - raft.grpc.message.size.max = 32MB (=33554432) (custom)
2022-06-16 16:23:40,128 [Listener at 127.0.0.1/44357] INFO  server.RaftServerConfigKeys (ConfUtils.java:logGet(46)) - raft.server.log.appender.buffer.byte-limit = 33554432 (custom)
2022-06-16 16:23:40,128 [Listener at 127.0.0.1/44357] INFO  server.GrpcService (ConfUtils.java:logGet(46)) - raft.grpc.flow.control.window = 5MB (=5242880) (custom)
2022-06-16 16:23:40,128 [Listener at 127.0.0.1/44357] INFO  server.RaftServerConfigKeys (ConfUtils.java:logGet(46)) - raft.server.rpc.request.timeout = 60s (custom)
2022-06-16 16:23:40,128 [Listener at 127.0.0.1/44357] INFO  grpc.GrpcConfigKeys (ConfUtils.java:logGet(46)) - raft.grpc.server.async.request.thread.pool.cached = true (default)
2022-06-16 16:23:40,128 [Listener at 127.0.0.1/44357] INFO  grpc.GrpcConfigKeys (ConfUtils.java:logGet(46)) - raft.grpc.server.async.request.thread.pool.size = 32 (default)
2022-06-16 16:23:40,129 [Listener at 127.0.0.1/44357] INFO  impl.DataStreamServerImpl (ConfUtils.java:logGet(46)) - raft.datastream.type = DISABLED (default)
2022-06-16 16:23:40,129 [Listener at 127.0.0.1/44357] INFO  server.RaftServerConfigKeys (ConfUtils.java:logGet(46)) - raft.server.threadpool.proxy.cached = true (default)
2022-06-16 16:23:40,129 [Listener at 127.0.0.1/44357] INFO  server.RaftServerConfigKeys (ConfUtils.java:logGet(46)) - raft.server.threadpool.proxy.size = 0 (default)
2022-06-16 16:23:40,129 [Listener at 127.0.0.1/44357] INFO  server.RaftServerConfigKeys (ConfUtils.java:logGet(46)) - raft.server.rpc.slowness.timeout = 300s (custom)
2022-06-16 16:23:40,129 [Listener at 127.0.0.1/44357] INFO  server.RaftServerConfigKeys (ConfUtils.java:logGet(46)) - raft.server.leaderelection.leader.step-down.wait-time = 10s (default)
2022-06-16 16:23:40,129 [Listener at 127.0.0.1/44357] INFO  server.RaftServerConfigKeys (ConfUtils.java:logGet(46)) - raft.server.storage.dir = [/home/runner/work/ozone/ozone/hadoop-ozone/integration-test/target/test-dir/MiniOzoneClusterImpl-013b413b-6c7c-488f-84aa-e92bb4d6b165/datanode-4/data/ratis] (custom)
2022-06-16 16:23:40,247 [Listener at 127.0.0.1/44357] INFO  server.XceiverServerGrpc (XceiverServerGrpc.java:<init>(132)) - GrpcServer channel type EpollServerSocketChannel
2022-06-16 16:23:40,265 [Listener at 127.0.0.1/44357] INFO  http.BaseHttpServer (BaseHttpServer.java:newHttpServer2BuilderForOzone(209)) - Starting Web-server for hddsDatanode at: http://0.0.0.0:0
2022-06-16 16:23:40,265 [Listener at 127.0.0.1/44357] INFO  http.BaseHttpServer (BaseHttpServer.java:<init>(107)) - Hadoop Security Enabled: false Ozone Security Enabled: false Ozone HTTP Security Enabled: false 
2022-06-16 16:23:40,266 [Listener at 127.0.0.1/44357] INFO  server.AuthenticationFilter (AuthenticationFilter.java:constructSecretProvider(240)) - Unable to initialize FileSignerSecretProvider, falling back to use random secrets.
2022-06-16 16:23:40,286 [Listener at 127.0.0.1/44357] WARN  http.HttpRequestLog (HttpRequestLog.java:getRequestLog(103)) - Jetty request log can only be enabled using Log4j
2022-06-16 16:23:40,287 [Listener at 127.0.0.1/44357] INFO  http.HttpServer2 (HttpServer2.java:addGlobalFilter(1029)) - Added global filter 'safety' (class=org.apache.hadoop.hdds.server.http.HttpServer2$QuotingInputFilter)
2022-06-16 16:23:40,287 [Listener at 127.0.0.1/44357] INFO  http.HttpServer2 (HttpServer2.java:addFilter(1005)) - Added filter static_user_filter (class=org.apache.hadoop.http.lib.StaticUserWebFilter$StaticUserFilter) to context hddsDatanode
2022-06-16 16:23:40,287 [Listener at 127.0.0.1/44357] INFO  http.HttpServer2 (HttpServer2.java:addFilter(1013)) - Added filter static_user_filter (class=org.apache.hadoop.http.lib.StaticUserWebFilter$StaticUserFilter) to context logs
2022-06-16 16:23:40,287 [Listener at 127.0.0.1/44357] INFO  http.HttpServer2 (HttpServer2.java:addFilter(1013)) - Added filter static_user_filter (class=org.apache.hadoop.http.lib.StaticUserWebFilter$StaticUserFilter) to context static
2022-06-16 16:23:40,288 [Listener at 127.0.0.1/44357] INFO  http.HttpServer2 (HttpServer2.java:bindListener(1248)) - Jetty bound to port 36009
2022-06-16 16:23:40,288 [Listener at 127.0.0.1/44357] INFO  server.Server (Server.java:doStart(375)) - jetty-9.4.43.v20210629; built: 2021-06-30T11:07:22.254Z; git: 526006ecfa3af7f1a27ef3a288e2bef7ea9dd7e8; jvm 1.8.0_332-b09
2022-06-16 16:23:40,370 [Listener at 127.0.0.1/44357] INFO  server.session (DefaultSessionIdManager.java:doStart(334)) - DefaultSessionIdManager workerName=node0
2022-06-16 16:23:40,370 [Listener at 127.0.0.1/44357] INFO  server.session (DefaultSessionIdManager.java:doStart(339)) - No SessionScavenger set, using defaults
2022-06-16 16:23:40,370 [Listener at 127.0.0.1/44357] INFO  server.session (HouseKeeper.java:startScavenging(132)) - node0 Scavenging every 660000ms
2022-06-16 16:23:40,372 [Listener at 127.0.0.1/44357] INFO  handler.ContextHandler (ContextHandler.java:doStart(915)) - Started o.e.j.s.ServletContextHandler@24ce3dbd{logs,/logs,file:///home/runner/work/ozone/ozone/hadoop-ozone/integration-test/target/log,AVAILABLE}
2022-06-16 16:23:40,372 [Listener at 127.0.0.1/44357] INFO  handler.ContextHandler (ContextHandler.java:doStart(915)) - Started o.e.j.s.ServletContextHandler@5ffed2c0{static,/static,jar:file:/home/runner/.m2/repository/org/apache/ozone/hdds-container-service/1.3.0-SNAPSHOT/hdds-container-service-1.3.0-SNAPSHOT.jar!/webapps/static,AVAILABLE}
2022-06-16 16:23:41,037 [Command processor thread] INFO  server.RaftServer (RaftServerProxy.java:addNew(96)) - bd7010b0-d724-4aae-b0ab-320b4ad428f6: addNew group-0119A9106D55:[bd7010b0-d724-4aae-b0ab-320b4ad428f6|rpc:10.1.0.16:43957|priority:1] returns group-0119A9106D55:java.util.concurrent.CompletableFuture@665716b0[Not completed]
2022-06-16 16:23:41,038 [pool-1063-thread-1] INFO  server.RaftServer$Division (RaftServerImpl.java:<init>(190)) - bd7010b0-d724-4aae-b0ab-320b4ad428f6: new RaftServerImpl for group-0119A9106D55:[bd7010b0-d724-4aae-b0ab-320b4ad428f6|rpc:10.1.0.16:43957|priority:1] with ContainerStateMachine:uninitialized
2022-06-16 16:23:41,038 [pool-1063-thread-1] INFO  server.RaftServerConfigKeys (ConfUtils.java:logGet(46)) - raft.server.rpc.timeout.min = 5s (custom)
2022-06-16 16:23:41,038 [pool-1063-thread-1] INFO  server.RaftServerConfigKeys (ConfUtils.java:logGet(46)) - raft.server.rpc.timeout.max = 5200ms (custom)
2022-06-16 16:23:41,038 [pool-1063-thread-1] INFO  server.RaftServerConfigKeys (ConfUtils.java:logGet(46)) - raft.server.rpc.sleep.time = 25ms (default)
2022-06-16 16:23:41,038 [pool-1063-thread-1] INFO  server.RaftServerConfigKeys (ConfUtils.java:logGet(46)) - raft.server.rpc.slowness.timeout = 300s (custom)
2022-06-16 16:23:41,038 [pool-1063-thread-1] INFO  server.RaftServerConfigKeys (ConfUtils.java:logGet(46)) - raft.server.leaderelection.leader.step-down.wait-time = 10s (default)
2022-06-16 16:23:41,038 [pool-1063-thread-1] INFO  server.RaftServerConfigKeys (ConfUtils.java:logGet(46)) - raft.server.sleep.deviation.threshold = 300ms (default)
2022-06-16 16:23:41,038 [pool-1063-thread-1] INFO  server.RaftServer$Division (ServerState.java:<init>(107)) - bd7010b0-d724-4aae-b0ab-320b4ad428f6@group-0119A9106D55: ConfigurationManager, init=-1: [bd7010b0-d724-4aae-b0ab-320b4ad428f6|rpc:10.1.0.16:43957|priority:1], old=null, confs=<EMPTY_MAP>
2022-06-16 16:23:41,038 [pool-1063-thread-1] INFO  server.RaftServerConfigKeys (ConfUtils.java:logGet(46)) - raft.server.storage.dir = [/home/runner/work/ozone/ozone/hadoop-ozone/integration-test/target/test-dir/MiniOzoneClusterImpl-013b413b-6c7c-488f-84aa-e92bb4d6b165/datanode-0/data/ratis] (custom)
2022-06-16 16:23:41,038 [pool-1063-thread-1] INFO  server.RaftServerConfigKeys (ConfUtils.java:logGet(46)) - raft.server.log.corruption.policy = EXCEPTION (default)
2022-06-16 16:23:41,038 [pool-1063-thread-1] INFO  server.RaftServerConfigKeys (ConfUtils.java:logGet(46)) - raft.server.storage.free-space.min = 0MB (=0) (default)
2022-06-16 16:23:41,038 [pool-1063-thread-1] INFO  storage.RaftStorageDirectory (RaftStorageDirectoryImpl.java:analyzeStorage(135)) - The storage directory /home/runner/work/ozone/ozone/hadoop-ozone/integration-test/target/test-dir/MiniOzoneClusterImpl-013b413b-6c7c-488f-84aa-e92bb4d6b165/datanode-0/data/ratis/0f399fdc-7683-471d-ac03-0119a9106d55 does not exist. Creating ...
2022-06-16 16:23:41,094 [pool-1063-thread-1] INFO  storage.RaftStorageDirectory (RaftStorageDirectoryImpl.java:tryLock(230)) - Lock on /home/runner/work/ozone/ozone/hadoop-ozone/integration-test/target/test-dir/MiniOzoneClusterImpl-013b413b-6c7c-488f-84aa-e92bb4d6b165/datanode-0/data/ratis/0f399fdc-7683-471d-ac03-0119a9106d55/in_use.lock acquired by nodename 3861@fv-az37-268
2022-06-16 16:23:41,105 [pool-1063-thread-1] INFO  storage.RaftStorage (RaftStorageImpl.java:format(89)) - Storage directory /home/runner/work/ozone/ozone/hadoop-ozone/integration-test/target/test-dir/MiniOzoneClusterImpl-013b413b-6c7c-488f-84aa-e92bb4d6b165/datanode-0/data/ratis/0f399fdc-7683-471d-ac03-0119a9106d55 has been successfully formatted.
2022-06-16 16:23:41,106 [pool-1063-thread-1] INFO  ratis.ContainerStateMachine (ContainerStateMachine.java:loadSnapshot(236)) - group-0119A9106D55: The snapshot info is null. Setting the last applied indexto:(t:0, i:~)
2022-06-16 16:23:41,107 [pool-1063-thread-1] INFO  server.RaftServerConfigKeys (ConfUtils.java:logGet(46)) - raft.server.notification.no-leader.timeout = 300s (custom)
2022-06-16 16:23:41,107 [pool-1063-thread-1] INFO  server.RaftServerConfigKeys (ConfUtils.java:logGet(46)) - raft.server.log.use.memory = false (default)
2022-06-16 16:23:41,107 [pool-1063-thread-1] INFO  server.RaftServerConfigKeys (ConfUtils.java:logGet(46)) - raft.server.log.purge.gap = 1000000 (custom)
2022-06-16 16:23:41,107 [pool-1063-thread-1] INFO  server.RaftServerConfigKeys (ConfUtils.java:logGet(46)) - raft.server.log.appender.buffer.byte-limit = 33554432 (custom)
2022-06-16 16:23:41,107 [pool-1063-thread-1] INFO  server.RaftServerConfigKeys (ConfUtils.java:logGet(46)) - raft.server.log.statemachine.data.read.timeout = 1000ms (default)
2022-06-16 16:23:41,107 [pool-1063-thread-1] INFO  server.RaftServerConfigKeys (ConfUtils.java:logGet(46)) - raft.server.log.segment.size.max = 1048576 (custom)
2022-06-16 16:23:41,107 [pool-1063-thread-1] INFO  server.RaftServerConfigKeys (ConfUtils.java:logGet(46)) - raft.server.log.segment.cache.num.max = 2 (custom)
2022-06-16 16:23:41,107 [pool-1063-thread-1] INFO  server.RaftServerConfigKeys (ConfUtils.java:logGet(46)) - raft.server.log.segment.cache.size.max = 200MB (=209715200) (default)
2022-06-16 16:23:41,107 [pool-1063-thread-1] INFO  segmented.SegmentedRaftLogWorker (SegmentedRaftLogWorker.java:<init>(187)) - new bd7010b0-d724-4aae-b0ab-320b4ad428f6@group-0119A9106D55-SegmentedRaftLogWorker for RaftStorageImpl:Storage Directory /home/runner/work/ozone/ozone/hadoop-ozone/integration-test/target/test-dir/MiniOzoneClusterImpl-013b413b-6c7c-488f-84aa-e92bb4d6b165/datanode-0/data/ratis/0f399fdc-7683-471d-ac03-0119a9106d55
2022-06-16 16:23:41,107 [pool-1063-thread-1] INFO  server.RaftServerConfigKeys (ConfUtils.java:logGet(46)) - raft.server.log.queue.byte-limit = 4294967296 (custom)
2022-06-16 16:23:41,108 [pool-1063-thread-1] INFO  server.RaftServerConfigKeys (ConfUtils.java:logGet(46)) - raft.server.log.queue.element-limit = 1024 (custom)
2022-06-16 16:23:41,108 [pool-1063-thread-1] INFO  server.RaftServerConfigKeys (ConfUtils.java:logGet(46)) - raft.server.log.segment.size.max = 1048576 (custom)
2022-06-16 16:23:41,108 [pool-1063-thread-1] INFO  server.RaftServerConfigKeys (ConfUtils.java:logGet(46)) - raft.server.log.preallocated.size = 16384 (custom)
2022-06-16 16:23:41,108 [pool-1063-thread-1] INFO  server.RaftServerConfigKeys (ConfUtils.java:logGet(46)) - raft.server.log.force.sync.num = 128 (default)
2022-06-16 16:23:41,108 [pool-1063-thread-1] INFO  server.RaftServerConfigKeys (ConfUtils.java:logGet(46)) - raft.server.log.statemachine.data.sync = true (default)
2022-06-16 16:23:41,108 [pool-1063-thread-1] INFO  server.RaftServerConfigKeys (ConfUtils.java:logGet(46)) - raft.server.log.statemachine.data.sync.timeout = 10s (default)
2022-06-16 16:23:41,108 [pool-1063-thread-1] INFO  server.RaftServerConfigKeys (ConfUtils.java:logGet(46)) - raft.server.log.statemachine.data.sync.timeout.retry = -1 (default)
2022-06-16 16:23:41,109 [pool-1063-thread-1] INFO  server.RaftServerConfigKeys (ConfUtils.java:logGet(46)) - raft.server.log.write.buffer.size = 1048576 (custom)
2022-06-16 16:23:41,109 [pool-1063-thread-1] INFO  server.RaftServerConfigKeys (ConfUtils.java:logGet(46)) - raft.server.log.unsafe-flush.enabled = false (default)
2022-06-16 16:23:41,109 [pool-1063-thread-1] INFO  server.RaftServerConfigKeys (ConfUtils.java:logGet(46)) - raft.server.log.statemachine.data.caching.enabled = true (custom)
2022-06-16 16:23:41,109 [pool-1063-thread-1] INFO  segmented.SegmentedRaftLogWorker (SegmentedRaftLogWorker.java:lambda$new$0(135)) - bd7010b0-d724-4aae-b0ab-320b4ad428f6@group-0119A9106D55-SegmentedRaftLogWorker: flushIndex: setUnconditionally 0 -> -1
2022-06-16 16:23:41,110 [pool-1063-thread-1] INFO  segmented.SegmentedRaftLogWorker (SegmentedRaftLogWorker.java:lambda$new$0(135)) - bd7010b0-d724-4aae-b0ab-320b4ad428f6@group-0119A9106D55-SegmentedRaftLogWorker: safeCacheEvictIndex: setUnconditionally 0 -> -1
2022-06-16 16:23:41,110 [EventQueue-PipelineReportForPipelineReportHandler] INFO  pipeline.PipelineManagerImpl (PipelineManagerImpl.java:openPipeline(356)) - Pipeline Pipeline[ Id: 0f399fdc-7683-471d-ac03-0119a9106d55, Nodes: bd7010b0-d724-4aae-b0ab-320b4ad428f6{ip: 10.1.0.16, host: fv-az37-268.zqe2tmcsx5vuvjs3sdc4q2yfud.gx.internal.cloudapp.net, ports: [REPLICATION=35193, RATIS=43957, RATIS_ADMIN=43957, RATIS_SERVER=43957, STANDALONE=34379], networkLocation: /default-rack, certSerialId: null, persistedOpState: IN_SERVICE, persistedOpStateExpiryEpochSec: 0}, ReplicationConfig: RATIS/ONE, State:ALLOCATED, leaderId:bd7010b0-d724-4aae-b0ab-320b4ad428f6, CreationTimestamp2022-06-16T16:23:38.172Z[Etc/UTC]] moved to OPEN state
2022-06-16 16:23:41,114 [pool-1063-thread-1] INFO  server.RaftServerConfigKeys (ConfUtils.java:logGet(46)) - raft.server.snapshot.auto.trigger.enabled = true (custom)
2022-06-16 16:23:41,114 [pool-1063-thread-1] INFO  server.RaftServerConfigKeys (ConfUtils.java:logGet(46)) - raft.server.snapshot.auto.trigger.threshold = 10000 (custom)
2022-06-16 16:23:41,114 [pool-1063-thread-1] INFO  server.RaftServerConfigKeys (ConfUtils.java:logGet(46)) - raft.server.snapshot.retention.file.num = 5 (custom)
2022-06-16 16:23:41,114 [pool-1063-thread-1] INFO  server.RaftServerConfigKeys (ConfUtils.java:logGet(46)) - raft.server.log.purge.upto.snapshot.index = false (default)
2022-06-16 16:23:41,114 [pool-1063-thread-1] INFO  server.RaftServerConfigKeys (ConfUtils.java:logGet(46)) - raft.server.retrycache.expirytime = 600000ms (custom)
2022-06-16 16:23:41,114 [pool-1063-thread-1] INFO  server.RaftServerConfigKeys (ConfUtils.java:logGet(46)) - raft.server.retrycache.statistics.expirytime = 100μs (default)
2022-06-16 16:23:41,162 [pool-1063-thread-1] INFO  server.RaftServerConfigKeys (ConfUtils.java:logGet(46)) - raft.server.log.appender.install.snapshot.enabled = false (custom)
2022-06-16 16:23:41,162 [pool-1063-thread-1] INFO  server.RaftServerConfigKeys (ConfUtils.java:logGet(46)) - raft.server.threadpool.server.cached = true (default)
2022-06-16 16:23:41,162 [pool-1063-thread-1] INFO  server.RaftServerConfigKeys (ConfUtils.java:logGet(46)) - raft.server.threadpool.server.size = 0 (default)
2022-06-16 16:23:41,162 [pool-1063-thread-1] INFO  server.RaftServerConfigKeys (ConfUtils.java:logGet(46)) - raft.server.threadpool.client.cached = true (default)
2022-06-16 16:23:41,162 [pool-1063-thread-1] INFO  server.RaftServerConfigKeys (ConfUtils.java:logGet(46)) - raft.server.threadpool.client.size = 0 (default)
2022-06-16 16:23:41,162 [pool-1063-thread-1] INFO  server.RaftServer$Division (RaftServerImpl.java:start(310)) - bd7010b0-d724-4aae-b0ab-320b4ad428f6@group-0119A9106D55: start as a follower, conf=-1: [bd7010b0-d724-4aae-b0ab-320b4ad428f6|rpc:10.1.0.16:43957|priority:1], old=null
2022-06-16 16:23:41,162 [pool-1063-thread-1] INFO  server.RaftServer$Division (RaftServerImpl.java:setRole(299)) - bd7010b0-d724-4aae-b0ab-320b4ad428f6@group-0119A9106D55: changes role from      null to FOLLOWER at term 0 for startAsFollower
2022-06-16 16:23:41,211 [pool-1063-thread-1] INFO  impl.RoleInfo (RoleInfo.java:updateAndGet(139)) - bd7010b0-d724-4aae-b0ab-320b4ad428f6: start bd7010b0-d724-4aae-b0ab-320b4ad428f6@group-0119A9106D55-FollowerState
2022-06-16 16:23:41,218 [EventQueue-OpenPipelineForHealthyPipelineSafeModeRule] INFO  safemode.SCMSafeModeManager (HealthyPipelineSafeModeRule.java:process(124)) - SCM in safe mode. Healthy pipelines reported count is 0, required healthy pipeline reported count is 1
2022-06-16 16:23:41,221 [pool-1063-thread-1] INFO  util.JmxRegister (JmxRegister.java:tryRegister(44)) - Successfully registered JMX Bean with object name Ratis:service=RaftServer,group=group-0119A9106D55,id=bd7010b0-d724-4aae-b0ab-320b4ad428f6
2022-06-16 16:23:41,222 [Command processor thread] INFO  ratis.XceiverServerRatis (XceiverServerRatis.java:addGroup(765)) - Created group PipelineID=0f399fdc-7683-471d-ac03-0119a9106d55
2022-06-16 16:23:41,222 [Command processor thread] INFO  commandhandler.CreatePipelineCommandHandler (CreatePipelineCommandHandler.java:handle(113)) - Created Pipeline RATIS ONE PipelineID=0f399fdc-7683-471d-ac03-0119a9106d55.
2022-06-16 16:23:41,402 [IPC Server handler 6 on default port 36471] INFO  net.NetworkTopologyImpl (NetworkTopologyImpl.java:add(112)) - Added a new node: /default-rack/bbd9c71d-1d51-4586-8dfe-839c345bb7aa
2022-06-16 16:23:41,402 [IPC Server handler 6 on default port 36471] INFO  node.SCMNodeManager (SCMNodeManager.java:register(394)) - Registered Data node : bbd9c71d-1d51-4586-8dfe-839c345bb7aa{ip: 10.1.0.16, host: fv-az37-268.zqe2tmcsx5vuvjs3sdc4q2yfud.gx.internal.cloudapp.net, ports: [REPLICATION=40751, RATIS=39765, RATIS_ADMIN=39765, RATIS_SERVER=39765, STANDALONE=46569], networkLocation: /default-rack, certSerialId: null, persistedOpState: null, persistedOpStateExpiryEpochSec: 0}
2022-06-16 16:23:41,403 [EventQueue-NewNodeForNewNodeHandler] INFO  pipeline.BackgroundPipelineCreator (BackgroundPipelineCreator.java:notifyEventTriggered(272)) - trigger a one-shot run on RatisPipelineUtilsThread.
2022-06-16 16:23:41,437 [EventQueue-NodeRegistrationContainerReportForDataNodeSafeModeRule] INFO  safemode.SCMSafeModeManager (DataNodeSafeModeRule.java:process(71)) - SCM in safe mode. 3 DataNodes registered, 3 required.
2022-06-16 16:23:41,437 [EventQueue-NodeRegistrationContainerReportForDataNodeSafeModeRule] INFO  safemode.SCMSafeModeManager (SCMSafeModeManager.java:validateSafeModeExitRules(204)) - DataNodeSafeModeRule rule is successfully validated
2022-06-16 16:23:41,437 [EventQueue-NodeRegistrationContainerReportForDataNodeSafeModeRule] INFO  safemode.SCMSafeModeManager (SCMSafeModeManager.java:completePreCheck(233)) - All SCM safe mode pre check rules have passed
2022-06-16 16:23:41,437 [EventQueue-NodeRegistrationContainerReportForDataNodeSafeModeRule] WARN  events.EventQueue (EventQueue.java:fireEvent(194)) - No event handler registered for event TypedEvent{payloadType=SafeModeStatus, name='Safe mode status'}
2022-06-16 16:23:41,438 [EventQueue-NodeRegistrationContainerReportForDataNodeSafeModeRule] INFO  ha.SCMContext (SCMContext.java:updateSafeModeStatus(228)) - Update SafeModeStatus from SafeModeStatus{safeModeStatus=true, preCheckPassed=false} to SafeModeStatus{safeModeStatus=true, preCheckPassed=true}.
2022-06-16 16:23:41,438 [EventQueue-NodeRegistrationContainerReportForDataNodeSafeModeRule] INFO  pipeline.BackgroundPipelineCreator (BackgroundPipelineCreator.java:notifyEventTriggered(272)) - trigger a one-shot run on RatisPipelineUtilsThread.
2022-06-16 16:23:41,442 [RatisPipelineUtilsThread - 0] INFO  pipeline.RatisPipelineProvider (RatisPipelineProvider.java:lambda$create$0(195)) - Sending CreatePipelineCommand for pipeline:PipelineID=78862d5b-c410-4ce1-83a9-009a5abe3a2a to datanode:bbd9c71d-1d51-4586-8dfe-839c345bb7aa
2022-06-16 16:23:41,442 [RatisPipelineUtilsThread - 0] INFO  pipeline.PipelineStateManagerImpl (PipelineStateManagerImpl.java:addPipeline(101)) - Created pipeline Pipeline[ Id: 78862d5b-c410-4ce1-83a9-009a5abe3a2a, Nodes: bbd9c71d-1d51-4586-8dfe-839c345bb7aa{ip: 10.1.0.16, host: fv-az37-268.zqe2tmcsx5vuvjs3sdc4q2yfud.gx.internal.cloudapp.net, ports: [REPLICATION=40751, RATIS=39765, RATIS_ADMIN=39765, RATIS_SERVER=39765, STANDALONE=46569], networkLocation: /default-rack, certSerialId: null, persistedOpState: IN_SERVICE, persistedOpStateExpiryEpochSec: 0}, ReplicationConfig: RATIS/ONE, State:ALLOCATED, leaderId:, CreationTimestamp2022-06-16T16:23:41.442Z[Etc/UTC]].
2022-06-16 16:23:41,443 [RatisPipelineUtilsThread - 0] INFO  pipeline.RatisPipelineProvider (RatisPipelineProvider.java:lambda$create$0(195)) - Sending CreatePipelineCommand for pipeline:PipelineID=b80d7d66-a62a-4dfa-abb9-0983f9970ab4 to datanode:7086d85c-5d6d-4b3d-a268-a825c95e3ca8
2022-06-16 16:23:41,443 [RatisPipelineUtilsThread - 0] INFO  pipeline.RatisPipelineProvider (RatisPipelineProvider.java:lambda$create$0(195)) - Sending CreatePipelineCommand for pipeline:PipelineID=b80d7d66-a62a-4dfa-abb9-0983f9970ab4 to datanode:bd7010b0-d724-4aae-b0ab-320b4ad428f6
2022-06-16 16:23:41,443 [RatisPipelineUtilsThread - 0] INFO  pipeline.RatisPipelineProvider (RatisPipelineProvider.java:lambda$create$0(195)) - Sending CreatePipelineCommand for pipeline:PipelineID=b80d7d66-a62a-4dfa-abb9-0983f9970ab4 to datanode:bbd9c71d-1d51-4586-8dfe-839c345bb7aa
2022-06-16 16:23:41,443 [RatisPipelineUtilsThread - 0] INFO  pipeline.PipelineStateManagerImpl (PipelineStateManagerImpl.java:addPipeline(101)) - Created pipeline Pipeline[ Id: b80d7d66-a62a-4dfa-abb9-0983f9970ab4, Nodes: 7086d85c-5d6d-4b3d-a268-a825c95e3ca8{ip: 10.1.0.16, host: fv-az37-268.zqe2tmcsx5vuvjs3sdc4q2yfud.gx.internal.cloudapp.net, ports: [REPLICATION=43049, RATIS=45221, RATIS_ADMIN=45221, RATIS_SERVER=45221, STANDALONE=35367], networkLocation: /default-rack, certSerialId: null, persistedOpState: IN_SERVICE, persistedOpStateExpiryEpochSec: 0}bd7010b0-d724-4aae-b0ab-320b4ad428f6{ip: 10.1.0.16, host: fv-az37-268.zqe2tmcsx5vuvjs3sdc4q2yfud.gx.internal.cloudapp.net, ports: [REPLICATION=35193, RATIS=43957, RATIS_ADMIN=43957, RATIS_SERVER=43957, STANDALONE=34379], networkLocation: /default-rack, certSerialId: null, persistedOpState: IN_SERVICE, persistedOpStateExpiryEpochSec: 0}bbd9c71d-1d51-4586-8dfe-839c345bb7aa{ip: 10.1.0.16, host: fv-az37-268.zqe2tmcsx5vuvjs3sdc4q2yfud.gx.internal.cloudapp.net, ports: [REPLICATION=40751, RATIS=39765, RATIS_ADMIN=39765, RATIS_SERVER=39765, STANDALONE=46569], networkLocation: /default-rack, certSerialId: null, persistedOpState: IN_SERVICE, persistedOpStateExpiryEpochSec: 0}, ReplicationConfig: RATIS/THREE, State:ALLOCATED, leaderId:, CreationTimestamp2022-06-16T16:23:41.443Z[Etc/UTC]].
2022-06-16 16:23:41,443 [RatisPipelineUtilsThread - 0] INFO  pipeline.RatisPipelineProvider (RatisPipelineProvider.java:lambda$create$0(195)) - Sending CreatePipelineCommand for pipeline:PipelineID=6a26a632-5d1f-4065-86cc-b2e5078cedd4 to datanode:bbd9c71d-1d51-4586-8dfe-839c345bb7aa
2022-06-16 16:23:41,443 [RatisPipelineUtilsThread - 0] INFO  pipeline.RatisPipelineProvider (RatisPipelineProvider.java:lambda$create$0(195)) - Sending CreatePipelineCommand for pipeline:PipelineID=6a26a632-5d1f-4065-86cc-b2e5078cedd4 to datanode:7086d85c-5d6d-4b3d-a268-a825c95e3ca8
2022-06-16 16:23:41,443 [RatisPipelineUtilsThread - 0] INFO  pipeline.RatisPipelineProvider (RatisPipelineProvider.java:lambda$create$0(195)) - Sending CreatePipelineCommand for pipeline:PipelineID=6a26a632-5d1f-4065-86cc-b2e5078cedd4 to datanode:bd7010b0-d724-4aae-b0ab-320b4ad428f6
2022-06-16 16:23:41,443 [RatisPipelineUtilsThread - 0] INFO  pipeline.PipelineStateManagerImpl (PipelineStateManagerImpl.java:addPipeline(101)) - Created pipeline Pipeline[ Id: 6a26a632-5d1f-4065-86cc-b2e5078cedd4, Nodes: bbd9c71d-1d51-4586-8dfe-839c345bb7aa{ip: 10.1.0.16, host: fv-az37-268.zqe2tmcsx5vuvjs3sdc4q2yfud.gx.internal.cloudapp.net, ports: [REPLICATION=40751, RATIS=39765, RATIS_ADMIN=39765, RATIS_SERVER=39765, STANDALONE=46569], networkLocation: /default-rack, certSerialId: null, persistedOpState: IN_SERVICE, persistedOpStateExpiryEpochSec: 0}7086d85c-5d6d-4b3d-a268-a825c95e3ca8{ip: 10.1.0.16, host: fv-az37-268.zqe2tmcsx5vuvjs3sdc4q2yfud.gx.internal.cloudapp.net, ports: [REPLICATION=43049, RATIS=45221, RATIS_ADMIN=45221, RATIS_SERVER=45221, STANDALONE=35367], networkLocation: /default-rack, certSerialId: null, persistedOpState: IN_SERVICE, persistedOpStateExpiryEpochSec: 0}bd7010b0-d724-4aae-b0ab-320b4ad428f6{ip: 10.1.0.16, host: fv-az37-268.zqe2tmcsx5vuvjs3sdc4q2yfud.gx.internal.cloudapp.net, ports: [REPLICATION=35193, RATIS=43957, RATIS_ADMIN=43957, RATIS_SERVER=43957, STANDALONE=34379], networkLocation: /default-rack, certSerialId: null, persistedOpState: IN_SERVICE, persistedOpStateExpiryEpochSec: 0}, ReplicationConfig: RATIS/THREE, State:ALLOCATED, leaderId:, CreationTimestamp2022-06-16T16:23:41.443Z[Etc/UTC]].
2022-06-16 16:23:41,444 [RatisPipelineUtilsThread - 0] INFO  pipeline.PipelineManagerImpl (PipelineManagerImpl.java:recordMetricsForPipeline(715)) - Pipeline: PipelineID=6a26a632-5d1f-4065-86cc-b2e5078cedd4 contains same datanodes as previous pipelines: PipelineID=b80d7d66-a62a-4dfa-abb9-0983f9970ab4 nodeIds: bbd9c71d-1d51-4586-8dfe-839c345bb7aa, 7086d85c-5d6d-4b3d-a268-a825c95e3ca8, bd7010b0-d724-4aae-b0ab-320b4ad428f6
2022-06-16 16:23:41,659 [Listener at 127.0.0.1/44357] INFO  handler.ContextHandler (ContextHandler.java:doStart(915)) - Started o.e.j.w.WebAppContext@3219d7d{hddsDatanode,/,file:///tmp/jetty-0_0_0_0-36009-hdds-container-service-1_3_0-SNAPSHOT_jar-_-any-5729073237644042822/webapp/,AVAILABLE}{jar:file:/home/runner/.m2/repository/org/apache/ozone/hdds-container-service/1.3.0-SNAPSHOT/hdds-container-service-1.3.0-SNAPSHOT.jar!/webapps/hddsDatanode}
2022-06-16 16:23:41,664 [Listener at 127.0.0.1/44357] INFO  server.AbstractConnector (AbstractConnector.java:doStart(331)) - Started ServerConnector@256dd56e{HTTP/1.1, (http/1.1)}{0.0.0.0:36009}
2022-06-16 16:23:41,664 [Listener at 127.0.0.1/44357] INFO  server.Server (Server.java:doStart(415)) - Started @344299ms
2022-06-16 16:23:41,664 [Listener at 127.0.0.1/44357] WARN  impl.MetricsSystemImpl (MetricsSystemImpl.java:register(279)) - Sink prometheus already exists!
2022-06-16 16:23:41,664 [Listener at 127.0.0.1/44357] INFO  http.BaseHttpServer (BaseHttpServer.java:updateConnectorAddress(329)) - HTTP server of hddsDatanode listening at http://0.0.0.0:36009
2022-06-16 16:23:41,686 [Listener at 127.0.0.1/44357] INFO  ozone.MiniOzoneClusterImpl (MiniOzoneClusterImpl.java:lambda$waitForClusterToBeReady$0(221)) - Waiting for nodes to be ready. Got 3 of 5 DN Heartbeats.
2022-06-16 16:23:41,687 [Listener at 127.0.0.1/44357] INFO  ozone.MiniOzoneClusterImpl (MiniOzoneClusterImpl.java:lambda$waitForClusterToBeReady$0(224)) - Waiting for cluster to exit safe mode
2022-06-16 16:23:41,687 [Listener at 127.0.0.1/44357] INFO  ozone.MiniOzoneClusterImpl (MiniOzoneClusterImpl.java:lambda$waitForClusterToBeReady$0(226)) - SCM became leader
2022-06-16 16:23:41,687 [Datanode State Machine Daemon Thread] INFO  statemachine.DatanodeStateMachine (DatanodeStateMachine.java:lambda$startDaemon$0(484)) - Ozone container server started.
2022-06-16 16:23:41,734 [EndpointStateMachine task thread for /0.0.0.0:36471 - 0 ] INFO  volume.HddsVolume (HddsVolume.java:createDbStore(309)) - SchemaV3 db is created and loaded at /home/runner/work/ozone/ozone/hadoop-ozone/integration-test/target/test-dir/MiniOzoneClusterImpl-013b413b-6c7c-488f-84aa-e92bb4d6b165/datanode-3/data-0/containers/hdds/013b413b-6c7c-488f-84aa-e92bb4d6b165/DS-ef2bcf9c-485d-4996-b031-6714b665c664/container.db for volume DS-ef2bcf9c-485d-4996-b031-6714b665c664
2022-06-16 16:23:41,746 [org.apache.hadoop.util.JvmPauseMonitor$Monitor@584ae11f] INFO  util.JvmPauseMonitor (JvmPauseMonitor.java:run(188)) - Starting JVM pause monitor
2022-06-16 16:23:41,782 [EndpointStateMachine task thread for /0.0.0.0:36471 - 0 ] INFO  volume.HddsVolume (HddsVolume.java:closeDbStore(340)) - SchemaV3 db is stopped at /home/runner/work/ozone/ozone/hadoop-ozone/integration-test/target/test-dir/MiniOzoneClusterImpl-013b413b-6c7c-488f-84aa-e92bb4d6b165/datanode-3/data-0/containers/hdds/013b413b-6c7c-488f-84aa-e92bb4d6b165/DS-ef2bcf9c-485d-4996-b031-6714b665c664/container.db for volume DS-ef2bcf9c-485d-4996-b031-6714b665c664
2022-06-16 16:23:41,782 [EndpointStateMachine task thread for /0.0.0.0:36471 - 0 ] INFO  ozoneimpl.OzoneContainer (OzoneContainer.java:start(344)) - Attempting to start container services.
2022-06-16 16:23:41,782 [EndpointStateMachine task thread for /0.0.0.0:36471 - 0 ] INFO  ozoneimpl.OzoneContainer (OzoneContainer.java:startContainerScrub(279)) - Background container scanner has been disabled.
2022-06-16 16:23:41,816 [EndpointStateMachine task thread for /0.0.0.0:36471 - 0 ] INFO  replication.ReplicationServer (ReplicationServer.java:start(111)) - ReplicationServer is started using port 38467
2022-06-16 16:23:41,819 [Datanode State Machine Task Thread - 0] INFO  datanode.InitDatanodeState (InitDatanodeState.java:persistContainerDatanodeDetails(138)) - DatanodeDetails is persisted to /home/runner/work/ozone/ozone/hadoop-ozone/integration-test/target/test-dir/MiniOzoneClusterImpl-013b413b-6c7c-488f-84aa-e92bb4d6b165/datanode-4/meta/datanode.id
2022-06-16 16:23:41,819 [EndpointStateMachine task thread for /0.0.0.0:36471 - 0 ] INFO  ratis.XceiverServerRatis (XceiverServerRatis.java:start(481)) - Starting XceiverServerRatis 91a9e9e8-6175-4c5b-8041-356e8188cfdf
2022-06-16 16:23:41,826 [EndpointStateMachine task thread for /0.0.0.0:36471 - 0 ] INFO  server.RaftServer (RaftServerProxy.java:lambda$start$6(382)) - 91a9e9e8-6175-4c5b-8041-356e8188cfdf: start RPC server
2022-06-16 16:23:41,839 [EndpointStateMachine task thread for /0.0.0.0:36471 - 0 ] INFO  server.GrpcService (GrpcService.java:startImpl(260)) - 91a9e9e8-6175-4c5b-8041-356e8188cfdf: GrpcService started, listening on 42457
2022-06-16 16:23:41,839 [EndpointStateMachine task thread for /0.0.0.0:36471 - 0 ] INFO  ratis.XceiverServerRatis (XceiverServerRatis.java:getRealPort(502)) - XceiverServerRatis 91a9e9e8-6175-4c5b-8041-356e8188cfdf is started using port 42457 for RATIS
2022-06-16 16:23:41,840 [EndpointStateMachine task thread for /0.0.0.0:36471 - 0 ] INFO  ratis.XceiverServerRatis (XceiverServerRatis.java:getRealPort(502)) - XceiverServerRatis 91a9e9e8-6175-4c5b-8041-356e8188cfdf is started using port 42457 for RATIS_ADMIN
2022-06-16 16:23:41,840 [EndpointStateMachine task thread for /0.0.0.0:36471 - 0 ] INFO  ratis.XceiverServerRatis (XceiverServerRatis.java:getRealPort(502)) - XceiverServerRatis 91a9e9e8-6175-4c5b-8041-356e8188cfdf is started using port 42457 for RATIS_SERVER
2022-06-16 16:23:41,840 [org.apache.ratis.util.JvmPauseMonitor$$Lambda$611/1702991963@60f4dc63] INFO  util.JvmPauseMonitor (JvmPauseMonitor.java:run(103)) - JvmPauseMonitor-91a9e9e8-6175-4c5b-8041-356e8188cfdf: Started
2022-06-16 16:23:41,952 [EndpointStateMachine task thread for /0.0.0.0:36471 - 0 ] INFO  server.XceiverServerGrpc (XceiverServerGrpc.java:start(180)) - XceiverServerGrpc 91a9e9e8-6175-4c5b-8041-356e8188cfdf is started using port 42995
2022-06-16 16:23:42,195 [Command processor thread] INFO  server.RaftServer (RaftServerProxy.java:addNew(96)) - 7086d85c-5d6d-4b3d-a268-a825c95e3ca8: addNew group-BFE29E616891:[7086d85c-5d6d-4b3d-a268-a825c95e3ca8|rpc:10.1.0.16:45221|priority:1] returns group-BFE29E616891:java.util.concurrent.CompletableFuture@777de8d1[Not completed]
2022-06-16 16:23:42,196 [pool-1085-thread-1] INFO  server.RaftServer$Division (RaftServerImpl.java:<init>(190)) - 7086d85c-5d6d-4b3d-a268-a825c95e3ca8: new RaftServerImpl for group-BFE29E616891:[7086d85c-5d6d-4b3d-a268-a825c95e3ca8|rpc:10.1.0.16:45221|priority:1] with ContainerStateMachine:uninitialized
2022-06-16 16:23:42,197 [pool-1085-thread-1] INFO  server.RaftServerConfigKeys (ConfUtils.java:logGet(46)) - raft.server.rpc.timeout.min = 5s (custom)
2022-06-16 16:23:42,197 [pool-1085-thread-1] INFO  server.RaftServerConfigKeys (ConfUtils.java:logGet(46)) - raft.server.rpc.timeout.max = 5200ms (custom)
2022-06-16 16:23:42,198 [pool-1085-thread-1] INFO  server.RaftServerConfigKeys (ConfUtils.java:logGet(46)) - raft.server.rpc.sleep.time = 25ms (default)
2022-06-16 16:23:42,198 [pool-1085-thread-1] INFO  server.RaftServerConfigKeys (ConfUtils.java:logGet(46)) - raft.server.rpc.slowness.timeout = 300s (custom)
2022-06-16 16:23:42,198 [pool-1085-thread-1] INFO  server.RaftServerConfigKeys (ConfUtils.java:logGet(46)) - raft.server.leaderelection.leader.step-down.wait-time = 10s (default)
2022-06-16 16:23:42,198 [pool-1085-thread-1] INFO  server.RaftServerConfigKeys (ConfUtils.java:logGet(46)) - raft.server.sleep.deviation.threshold = 300ms (default)
2022-06-16 16:23:42,198 [pool-1085-thread-1] INFO  server.RaftServer$Division (ServerState.java:<init>(107)) - 7086d85c-5d6d-4b3d-a268-a825c95e3ca8@group-BFE29E616891: ConfigurationManager, init=-1: [7086d85c-5d6d-4b3d-a268-a825c95e3ca8|rpc:10.1.0.16:45221|priority:1], old=null, confs=<EMPTY_MAP>
2022-06-16 16:23:42,198 [pool-1085-thread-1] INFO  server.RaftServerConfigKeys (ConfUtils.java:logGet(46)) - raft.server.storage.dir = [/home/runner/work/ozone/ozone/hadoop-ozone/integration-test/target/test-dir/MiniOzoneClusterImpl-013b413b-6c7c-488f-84aa-e92bb4d6b165/datanode-1/data/ratis] (custom)
2022-06-16 16:23:42,246 [pool-1085-thread-1] INFO  server.RaftServerConfigKeys (ConfUtils.java:logGet(46)) - raft.server.log.corruption.policy = EXCEPTION (default)
2022-06-16 16:23:42,246 [pool-1085-thread-1] INFO  server.RaftServerConfigKeys (ConfUtils.java:logGet(46)) - raft.server.storage.free-space.min = 0MB (=0) (default)
2022-06-16 16:23:42,246 [pool-1085-thread-1] INFO  storage.RaftStorageDirectory (RaftStorageDirectoryImpl.java:analyzeStorage(135)) - The storage directory /home/runner/work/ozone/ozone/hadoop-ozone/integration-test/target/test-dir/MiniOzoneClusterImpl-013b413b-6c7c-488f-84aa-e92bb4d6b165/datanode-1/data/ratis/bcfc995e-92de-48c1-9240-bfe29e616891 does not exist. Creating ...
2022-06-16 16:23:42,265 [pool-1085-thread-1] INFO  storage.RaftStorageDirectory (RaftStorageDirectoryImpl.java:tryLock(230)) - Lock on /home/runner/work/ozone/ozone/hadoop-ozone/integration-test/target/test-dir/MiniOzoneClusterImpl-013b413b-6c7c-488f-84aa-e92bb4d6b165/datanode-1/data/ratis/bcfc995e-92de-48c1-9240-bfe29e616891/in_use.lock acquired by nodename 3861@fv-az37-268
2022-06-16 16:23:42,310 [pool-1085-thread-1] INFO  storage.RaftStorage (RaftStorageImpl.java:format(89)) - Storage directory /home/runner/work/ozone/ozone/hadoop-ozone/integration-test/target/test-dir/MiniOzoneClusterImpl-013b413b-6c7c-488f-84aa-e92bb4d6b165/datanode-1/data/ratis/bcfc995e-92de-48c1-9240-bfe29e616891 has been successfully formatted.
2022-06-16 16:23:42,342 [pool-1085-thread-1] INFO  ratis.ContainerStateMachine (ContainerStateMachine.java:loadSnapshot(236)) - group-BFE29E616891: The snapshot info is null. Setting the last applied indexto:(t:0, i:~)
2022-06-16 16:23:42,342 [pool-1085-thread-1] INFO  server.RaftServerConfigKeys (ConfUtils.java:logGet(46)) - raft.server.notification.no-leader.timeout = 300s (custom)
2022-06-16 16:23:42,342 [pool-1085-thread-1] INFO  server.RaftServerConfigKeys (ConfUtils.java:logGet(46)) - raft.server.log.use.memory = false (default)
2022-06-16 16:23:42,342 [pool-1085-thread-1] INFO  server.RaftServerConfigKeys (ConfUtils.java:logGet(46)) - raft.server.log.purge.gap = 1000000 (custom)
2022-06-16 16:23:42,342 [pool-1085-thread-1] INFO  server.RaftServerConfigKeys (ConfUtils.java:logGet(46)) - raft.server.log.appender.buffer.byte-limit = 33554432 (custom)
2022-06-16 16:23:42,342 [pool-1085-thread-1] INFO  server.RaftServerConfigKeys (ConfUtils.java:logGet(46)) - raft.server.log.statemachine.data.read.timeout = 1000ms (default)
2022-06-16 16:23:42,343 [pool-1085-thread-1] INFO  server.RaftServerConfigKeys (ConfUtils.java:logGet(46)) - raft.server.log.segment.size.max = 1048576 (custom)
2022-06-16 16:23:42,343 [pool-1085-thread-1] INFO  server.RaftServerConfigKeys (ConfUtils.java:logGet(46)) - raft.server.log.segment.cache.num.max = 2 (custom)
2022-06-16 16:23:42,343 [pool-1085-thread-1] INFO  server.RaftServerConfigKeys (ConfUtils.java:logGet(46)) - raft.server.log.segment.cache.size.max = 200MB (=209715200) (default)
2022-06-16 16:23:42,343 [pool-1085-thread-1] INFO  segmented.SegmentedRaftLogWorker (SegmentedRaftLogWorker.java:<init>(187)) - new 7086d85c-5d6d-4b3d-a268-a825c95e3ca8@group-BFE29E616891-SegmentedRaftLogWorker for RaftStorageImpl:Storage Directory /home/runner/work/ozone/ozone/hadoop-ozone/integration-test/target/test-dir/MiniOzoneClusterImpl-013b413b-6c7c-488f-84aa-e92bb4d6b165/datanode-1/data/ratis/bcfc995e-92de-48c1-9240-bfe29e616891
2022-06-16 16:23:42,343 [pool-1085-thread-1] INFO  server.RaftServerConfigKeys (ConfUtils.java:logGet(46)) - raft.server.log.queue.byte-limit = 4294967296 (custom)
2022-06-16 16:23:42,343 [pool-1085-thread-1] INFO  server.RaftServerConfigKeys (ConfUtils.java:logGet(46)) - raft.server.log.queue.element-limit = 1024 (custom)
2022-06-16 16:23:42,343 [pool-1085-thread-1] INFO  server.RaftServerConfigKeys (ConfUtils.java:logGet(46)) - raft.server.log.segment.size.max = 1048576 (custom)
2022-06-16 16:23:42,343 [pool-1085-thread-1] INFO  server.RaftServerConfigKeys (ConfUtils.java:logGet(46)) - raft.server.log.preallocated.size = 16384 (custom)
2022-06-16 16:23:42,343 [pool-1085-thread-1] INFO  server.RaftServerConfigKeys (ConfUtils.java:logGet(46)) - raft.server.log.force.sync.num = 128 (default)
2022-06-16 16:23:42,343 [pool-1085-thread-1] INFO  server.RaftServerConfigKeys (ConfUtils.java:logGet(46)) - raft.server.log.statemachine.data.sync = true (default)
2022-06-16 16:23:42,343 [pool-1085-thread-1] INFO  server.RaftServerConfigKeys (ConfUtils.java:logGet(46)) - raft.server.log.statemachine.data.sync.timeout = 10s (default)
2022-06-16 16:23:42,343 [pool-1085-thread-1] INFO  server.RaftServerConfigKeys (ConfUtils.java:logGet(46)) - raft.server.log.statemachine.data.sync.timeout.retry = -1 (default)
2022-06-16 16:23:42,344 [pool-1085-thread-1] INFO  server.RaftServerConfigKeys (ConfUtils.java:logGet(46)) - raft.server.log.write.buffer.size = 1048576 (custom)
2022-06-16 16:23:42,345 [pool-1085-thread-1] INFO  server.RaftServerConfigKeys (ConfUtils.java:logGet(46)) - raft.server.log.unsafe-flush.enabled = false (default)
2022-06-16 16:23:42,345 [pool-1085-thread-1] INFO  server.RaftServerConfigKeys (ConfUtils.java:logGet(46)) - raft.server.log.statemachine.data.caching.enabled = true (custom)
2022-06-16 16:23:42,345 [pool-1085-thread-1] INFO  segmented.SegmentedRaftLogWorker (SegmentedRaftLogWorker.java:lambda$new$0(135)) - 7086d85c-5d6d-4b3d-a268-a825c95e3ca8@group-BFE29E616891-SegmentedRaftLogWorker: flushIndex: setUnconditionally 0 -> -1
2022-06-16 16:23:42,345 [pool-1085-thread-1] INFO  segmented.SegmentedRaftLogWorker (SegmentedRaftLogWorker.java:lambda$new$0(135)) - 7086d85c-5d6d-4b3d-a268-a825c95e3ca8@group-BFE29E616891-SegmentedRaftLogWorker: safeCacheEvictIndex: setUnconditionally 0 -> -1
2022-06-16 16:23:42,346 [EventQueue-PipelineReportForPipelineReportHandler] INFO  pipeline.PipelineManagerImpl (PipelineManagerImpl.java:openPipeline(356)) - Pipeline Pipeline[ Id: bcfc995e-92de-48c1-9240-bfe29e616891, Nodes: 7086d85c-5d6d-4b3d-a268-a825c95e3ca8{ip: 10.1.0.16, host: fv-az37-268.zqe2tmcsx5vuvjs3sdc4q2yfud.gx.internal.cloudapp.net, ports: [REPLICATION=43049, RATIS=45221, RATIS_ADMIN=45221, RATIS_SERVER=45221, STANDALONE=35367], networkLocation: /default-rack, certSerialId: null, persistedOpState: IN_SERVICE, persistedOpStateExpiryEpochSec: 0}, ReplicationConfig: RATIS/ONE, State:ALLOCATED, leaderId:7086d85c-5d6d-4b3d-a268-a825c95e3ca8, CreationTimestamp2022-06-16T16:23:39.238Z[Etc/UTC]] moved to OPEN state
2022-06-16 16:23:42,388 [pool-1085-thread-1] INFO  server.RaftServerConfigKeys (ConfUtils.java:logGet(46)) - raft.server.snapshot.auto.trigger.enabled = true (custom)
2022-06-16 16:23:42,388 [pool-1085-thread-1] INFO  server.RaftServerConfigKeys (ConfUtils.java:logGet(46)) - raft.server.snapshot.auto.trigger.threshold = 10000 (custom)
2022-06-16 16:23:42,388 [pool-1085-thread-1] INFO  server.RaftServerConfigKeys (ConfUtils.java:logGet(46)) - raft.server.snapshot.retention.file.num = 5 (custom)
2022-06-16 16:23:42,388 [pool-1085-thread-1] INFO  server.RaftServerConfigKeys (ConfUtils.java:logGet(46)) - raft.server.log.purge.upto.snapshot.index = false (default)
2022-06-16 16:23:42,388 [pool-1085-thread-1] INFO  server.RaftServerConfigKeys (ConfUtils.java:logGet(46)) - raft.server.retrycache.expirytime = 600000ms (custom)
2022-06-16 16:23:42,388 [pool-1085-thread-1] INFO  server.RaftServerConfigKeys (ConfUtils.java:logGet(46)) - raft.server.retrycache.statistics.expirytime = 100μs (default)
2022-06-16 16:23:42,389 [pool-1085-thread-1] INFO  server.RaftServerConfigKeys (ConfUtils.java:logGet(46)) - raft.server.log.appender.install.snapshot.enabled = false (custom)
2022-06-16 16:23:42,389 [pool-1085-thread-1] INFO  server.RaftServerConfigKeys (ConfUtils.java:logGet(46)) - raft.server.threadpool.server.cached = true (default)
2022-06-16 16:23:42,389 [pool-1085-thread-1] INFO  server.RaftServerConfigKeys (ConfUtils.java:logGet(46)) - raft.server.threadpool.server.size = 0 (default)
2022-06-16 16:23:42,390 [pool-1085-thread-1] INFO  server.RaftServerConfigKeys (ConfUtils.java:logGet(46)) - raft.server.threadpool.client.cached = true (default)
2022-06-16 16:23:42,390 [pool-1085-thread-1] INFO  server.RaftServerConfigKeys (ConfUtils.java:logGet(46)) - raft.server.threadpool.client.size = 0 (default)
2022-06-16 16:23:42,390 [pool-1085-thread-1] INFO  server.RaftServer$Division (RaftServerImpl.java:start(310)) - 7086d85c-5d6d-4b3d-a268-a825c95e3ca8@group-BFE29E616891: start as a follower, conf=-1: [7086d85c-5d6d-4b3d-a268-a825c95e3ca8|rpc:10.1.0.16:45221|priority:1], old=null
2022-06-16 16:23:42,390 [pool-1085-thread-1] INFO  server.RaftServer$Division (RaftServerImpl.java:setRole(299)) - 7086d85c-5d6d-4b3d-a268-a825c95e3ca8@group-BFE29E616891: changes role from      null to FOLLOWER at term 0 for startAsFollower
2022-06-16 16:23:42,390 [pool-1085-thread-1] INFO  impl.RoleInfo (RoleInfo.java:updateAndGet(139)) - 7086d85c-5d6d-4b3d-a268-a825c95e3ca8: start 7086d85c-5d6d-4b3d-a268-a825c95e3ca8@group-BFE29E616891-FollowerState
2022-06-16 16:23:42,390 [pool-1085-thread-1] INFO  util.JmxRegister (JmxRegister.java:tryRegister(44)) - Successfully registered JMX Bean with object name Ratis:service=RaftServer,group=group-BFE29E616891,id=7086d85c-5d6d-4b3d-a268-a825c95e3ca8
2022-06-16 16:23:42,418 [Command processor thread] INFO  ratis.XceiverServerRatis (XceiverServerRatis.java:addGroup(765)) - Created group PipelineID=bcfc995e-92de-48c1-9240-bfe29e616891
2022-06-16 16:23:42,418 [Command processor thread] INFO  commandhandler.CreatePipelineCommandHandler (CreatePipelineCommandHandler.java:handle(113)) - Created Pipeline RATIS ONE PipelineID=bcfc995e-92de-48c1-9240-bfe29e616891.
2022-06-16 16:23:42,418 [Command processor thread] INFO  server.RaftServer (RaftServerProxy.java:addNew(96)) - 7086d85c-5d6d-4b3d-a268-a825c95e3ca8: addNew group-0983F9970AB4:[7086d85c-5d6d-4b3d-a268-a825c95e3ca8|rpc:10.1.0.16:45221|priority:0, bbd9c71d-1d51-4586-8dfe-839c345bb7aa|rpc:10.1.0.16:39765|priority:1, bd7010b0-d724-4aae-b0ab-320b4ad428f6|rpc:10.1.0.16:43957|priority:0] returns group-0983F9970AB4:java.util.concurrent.CompletableFuture@734272e6[Not completed]
2022-06-16 16:23:42,418 [EventQueue-OpenPipelineForHealthyPipelineSafeModeRule] INFO  safemode.SCMSafeModeManager (HealthyPipelineSafeModeRule.java:process(124)) - SCM in safe mode. Healthy pipelines reported count is 0, required healthy pipeline reported count is 1
2022-06-16 16:23:42,419 [pool-1085-thread-1] INFO  server.RaftServer$Division (RaftServerImpl.java:<init>(190)) - 7086d85c-5d6d-4b3d-a268-a825c95e3ca8: new RaftServerImpl for group-0983F9970AB4:[7086d85c-5d6d-4b3d-a268-a825c95e3ca8|rpc:10.1.0.16:45221|priority:0, bbd9c71d-1d51-4586-8dfe-839c345bb7aa|rpc:10.1.0.16:39765|priority:1, bd7010b0-d724-4aae-b0ab-320b4ad428f6|rpc:10.1.0.16:43957|priority:0] with ContainerStateMachine:uninitialized
2022-06-16 16:23:42,419 [pool-1085-thread-1] INFO  server.RaftServerConfigKeys (ConfUtils.java:logGet(46)) - raft.server.rpc.timeout.min = 5s (custom)
2022-06-16 16:23:42,419 [pool-1085-thread-1] INFO  server.RaftServerConfigKeys (ConfUtils.java:logGet(46)) - raft.server.rpc.timeout.max = 5200ms (custom)
2022-06-16 16:23:42,419 [pool-1085-thread-1] INFO  server.RaftServerConfigKeys (ConfUtils.java:logGet(46)) - raft.server.rpc.sleep.time = 25ms (default)
2022-06-16 16:23:42,419 [pool-1085-thread-1] INFO  server.RaftServerConfigKeys (ConfUtils.java:logGet(46)) - raft.server.rpc.slowness.timeout = 300s (custom)
2022-06-16 16:23:42,419 [pool-1085-thread-1] INFO  server.RaftServerConfigKeys (ConfUtils.java:logGet(46)) - raft.server.leaderelection.leader.step-down.wait-time = 10s (default)
2022-06-16 16:23:42,419 [pool-1085-thread-1] INFO  server.RaftServerConfigKeys (ConfUtils.java:logGet(46)) - raft.server.sleep.deviation.threshold = 300ms (default)
2022-06-16 16:23:42,419 [pool-1085-thread-1] INFO  server.RaftServer$Division (ServerState.java:<init>(107)) - 7086d85c-5d6d-4b3d-a268-a825c95e3ca8@group-0983F9970AB4: ConfigurationManager, init=-1: [7086d85c-5d6d-4b3d-a268-a825c95e3ca8|rpc:10.1.0.16:45221|priority:0, bbd9c71d-1d51-4586-8dfe-839c345bb7aa|rpc:10.1.0.16:39765|priority:1, bd7010b0-d724-4aae-b0ab-320b4ad428f6|rpc:10.1.0.16:43957|priority:0], old=null, confs=<EMPTY_MAP>
2022-06-16 16:23:42,419 [pool-1085-thread-1] INFO  server.RaftServerConfigKeys (ConfUtils.java:logGet(46)) - raft.server.storage.dir = [/home/runner/work/ozone/ozone/hadoop-ozone/integration-test/target/test-dir/MiniOzoneClusterImpl-013b413b-6c7c-488f-84aa-e92bb4d6b165/datanode-1/data/ratis] (custom)
2022-06-16 16:23:42,419 [pool-1085-thread-1] INFO  server.RaftServerConfigKeys (ConfUtils.java:logGet(46)) - raft.server.log.corruption.policy = EXCEPTION (default)
2022-06-16 16:23:42,419 [pool-1085-thread-1] INFO  server.RaftServerConfigKeys (ConfUtils.java:logGet(46)) - raft.server.storage.free-space.min = 0MB (=0) (default)
2022-06-16 16:23:42,420 [pool-1085-thread-1] INFO  storage.RaftStorageDirectory (RaftStorageDirectoryImpl.java:analyzeStorage(135)) - The storage directory /home/runner/work/ozone/ozone/hadoop-ozone/integration-test/target/test-dir/MiniOzoneClusterImpl-013b413b-6c7c-488f-84aa-e92bb4d6b165/datanode-1/data/ratis/b80d7d66-a62a-4dfa-abb9-0983f9970ab4 does not exist. Creating ...
2022-06-16 16:23:42,420 [pool-1085-thread-1] INFO  storage.RaftStorageDirectory (RaftStorageDirectoryImpl.java:tryLock(230)) - Lock on /home/runner/work/ozone/ozone/hadoop-ozone/integration-test/target/test-dir/MiniOzoneClusterImpl-013b413b-6c7c-488f-84aa-e92bb4d6b165/datanode-1/data/ratis/b80d7d66-a62a-4dfa-abb9-0983f9970ab4/in_use.lock acquired by nodename 3861@fv-az37-268
2022-06-16 16:23:42,441 [pool-1085-thread-1] INFO  storage.RaftStorage (RaftStorageImpl.java:format(89)) - Storage directory /home/runner/work/ozone/ozone/hadoop-ozone/integration-test/target/test-dir/MiniOzoneClusterImpl-013b413b-6c7c-488f-84aa-e92bb4d6b165/datanode-1/data/ratis/b80d7d66-a62a-4dfa-abb9-0983f9970ab4 has been successfully formatted.
2022-06-16 16:23:42,442 [pool-1085-thread-1] INFO  ratis.ContainerStateMachine (ContainerStateMachine.java:loadSnapshot(236)) - group-0983F9970AB4: The snapshot info is null. Setting the last applied indexto:(t:0, i:~)
2022-06-16 16:23:42,450 [pool-1085-thread-1] INFO  server.RaftServerConfigKeys (ConfUtils.java:logGet(46)) - raft.server.notification.no-leader.timeout = 300s (custom)
2022-06-16 16:23:42,450 [pool-1085-thread-1] INFO  server.RaftServerConfigKeys (ConfUtils.java:logGet(46)) - raft.server.log.use.memory = false (default)
2022-06-16 16:23:42,450 [pool-1085-thread-1] INFO  server.RaftServerConfigKeys (ConfUtils.java:logGet(46)) - raft.server.log.purge.gap = 1000000 (custom)
2022-06-16 16:23:42,450 [pool-1085-thread-1] INFO  server.RaftServerConfigKeys (ConfUtils.java:logGet(46)) - raft.server.log.appender.buffer.byte-limit = 33554432 (custom)
2022-06-16 16:23:42,450 [pool-1085-thread-1] INFO  server.RaftServerConfigKeys (ConfUtils.java:logGet(46)) - raft.server.log.statemachine.data.read.timeout = 1000ms (default)
2022-06-16 16:23:42,450 [pool-1085-thread-1] INFO  server.RaftServerConfigKeys (ConfUtils.java:logGet(46)) - raft.server.log.segment.size.max = 1048576 (custom)
2022-06-16 16:23:42,451 [pool-1085-thread-1] INFO  server.RaftServerConfigKeys (ConfUtils.java:logGet(46)) - raft.server.log.segment.cache.num.max = 2 (custom)
2022-06-16 16:23:42,451 [pool-1085-thread-1] INFO  server.RaftServerConfigKeys (ConfUtils.java:logGet(46)) - raft.server.log.segment.cache.size.max = 200MB (=209715200) (default)
2022-06-16 16:23:42,451 [pool-1085-thread-1] INFO  segmented.SegmentedRaftLogWorker (SegmentedRaftLogWorker.java:<init>(187)) - new 7086d85c-5d6d-4b3d-a268-a825c95e3ca8@group-0983F9970AB4-SegmentedRaftLogWorker for RaftStorageImpl:Storage Directory /home/runner/work/ozone/ozone/hadoop-ozone/integration-test/target/test-dir/MiniOzoneClusterImpl-013b413b-6c7c-488f-84aa-e92bb4d6b165/datanode-1/data/ratis/b80d7d66-a62a-4dfa-abb9-0983f9970ab4
2022-06-16 16:23:42,451 [pool-1085-thread-1] INFO  server.RaftServerConfigKeys (ConfUtils.java:logGet(46)) - raft.server.log.queue.byte-limit = 4294967296 (custom)
2022-06-16 16:23:42,451 [pool-1085-thread-1] INFO  server.RaftServerConfigKeys (ConfUtils.java:logGet(46)) - raft.server.log.queue.element-limit = 1024 (custom)
2022-06-16 16:23:42,451 [pool-1085-thread-1] INFO  server.RaftServerConfigKeys (ConfUtils.java:logGet(46)) - raft.server.log.segment.size.max = 1048576 (custom)
2022-06-16 16:23:42,451 [pool-1085-thread-1] INFO  server.RaftServerConfigKeys (ConfUtils.java:logGet(46)) - raft.server.log.preallocated.size = 16384 (custom)
2022-06-16 16:23:42,451 [pool-1085-thread-1] INFO  server.RaftServerConfigKeys (ConfUtils.java:logGet(46)) - raft.server.log.force.sync.num = 128 (default)
2022-06-16 16:23:42,451 [pool-1085-thread-1] INFO  server.RaftServerConfigKeys (ConfUtils.java:logGet(46)) - raft.server.log.statemachine.data.sync = true (default)
2022-06-16 16:23:42,451 [pool-1085-thread-1] INFO  server.RaftServerConfigKeys (ConfUtils.java:logGet(46)) - raft.server.log.statemachine.data.sync.timeout = 10s (default)
2022-06-16 16:23:42,451 [pool-1085-thread-1] INFO  server.RaftServerConfigKeys (ConfUtils.java:logGet(46)) - raft.server.log.statemachine.data.sync.timeout.retry = -1 (default)
2022-06-16 16:23:42,452 [pool-1085-thread-1] INFO  server.RaftServerConfigKeys (ConfUtils.java:logGet(46)) - raft.server.log.write.buffer.size = 1048576 (custom)
2022-06-16 16:23:42,453 [pool-1085-thread-1] INFO  server.RaftServerConfigKeys (ConfUtils.java:logGet(46)) - raft.server.log.unsafe-flush.enabled = false (default)
2022-06-16 16:23:42,453 [pool-1085-thread-1] INFO  server.RaftServerConfigKeys (ConfUtils.java:logGet(46)) - raft.server.log.statemachine.data.caching.enabled = true (custom)
2022-06-16 16:23:42,454 [EventQueue-OpenPipelineForHealthyPipelineSafeModeRule] INFO  safemode.SCMSafeModeManager (HealthyPipelineSafeModeRule.java:process(124)) - SCM in safe mode. Healthy pipelines reported count is 0, required healthy pipeline reported count is 1
2022-06-16 16:23:42,454 [pool-1085-thread-1] INFO  segmented.SegmentedRaftLogWorker (SegmentedRaftLogWorker.java:lambda$new$0(135)) - 7086d85c-5d6d-4b3d-a268-a825c95e3ca8@group-0983F9970AB4-SegmentedRaftLogWorker: flushIndex: setUnconditionally 0 -> -1
2022-06-16 16:23:42,454 [pool-1085-thread-1] INFO  segmented.SegmentedRaftLogWorker (SegmentedRaftLogWorker.java:lambda$new$0(135)) - 7086d85c-5d6d-4b3d-a268-a825c95e3ca8@group-0983F9970AB4-SegmentedRaftLogWorker: safeCacheEvictIndex: setUnconditionally 0 -> -1
2022-06-16 16:23:42,474 [pool-1085-thread-1] INFO  server.RaftServerConfigKeys (ConfUtils.java:logGet(46)) - raft.server.snapshot.auto.trigger.enabled = true (custom)
2022-06-16 16:23:42,474 [pool-1085-thread-1] INFO  server.RaftServerConfigKeys (ConfUtils.java:logGet(46)) - raft.server.snapshot.auto.trigger.threshold = 10000 (custom)
2022-06-16 16:23:42,474 [pool-1085-thread-1] INFO  server.RaftServerConfigKeys (ConfUtils.java:logGet(46)) - raft.server.snapshot.retention.file.num = 5 (custom)
2022-06-16 16:23:42,474 [pool-1085-thread-1] INFO  server.RaftServerConfigKeys (ConfUtils.java:logGet(46)) - raft.server.log.purge.upto.snapshot.index = false (default)
2022-06-16 16:23:42,474 [pool-1085-thread-1] INFO  server.RaftServerConfigKeys (ConfUtils.java:logGet(46)) - raft.server.retrycache.expirytime = 600000ms (custom)
2022-06-16 16:23:42,474 [pool-1085-thread-1] INFO  server.RaftServerConfigKeys (ConfUtils.java:logGet(46)) - raft.server.retrycache.statistics.expirytime = 100μs (default)
2022-06-16 16:23:42,476 [pool-1085-thread-1] INFO  server.RaftServerConfigKeys (ConfUtils.java:logGet(46)) - raft.server.log.appender.install.snapshot.enabled = false (custom)
2022-06-16 16:23:42,476 [pool-1085-thread-1] INFO  server.RaftServerConfigKeys (ConfUtils.java:logGet(46)) - raft.server.threadpool.server.cached = true (default)
2022-06-16 16:23:42,476 [pool-1085-thread-1] INFO  server.RaftServerConfigKeys (ConfUtils.java:logGet(46)) - raft.server.threadpool.server.size = 0 (default)
2022-06-16 16:23:42,476 [pool-1085-thread-1] INFO  server.RaftServerConfigKeys (ConfUtils.java:logGet(46)) - raft.server.threadpool.client.cached = true (default)
2022-06-16 16:23:42,476 [pool-1085-thread-1] INFO  server.RaftServerConfigKeys (ConfUtils.java:logGet(46)) - raft.server.threadpool.client.size = 0 (default)
2022-06-16 16:23:42,476 [pool-1085-thread-1] INFO  server.RaftServer$Division (RaftServerImpl.java:start(310)) - 7086d85c-5d6d-4b3d-a268-a825c95e3ca8@group-0983F9970AB4: start as a follower, conf=-1: [7086d85c-5d6d-4b3d-a268-a825c95e3ca8|rpc:10.1.0.16:45221|priority:0, bbd9c71d-1d51-4586-8dfe-839c345bb7aa|rpc:10.1.0.16:39765|priority:1, bd7010b0-d724-4aae-b0ab-320b4ad428f6|rpc:10.1.0.16:43957|priority:0], old=null
2022-06-16 16:23:42,476 [pool-1085-thread-1] INFO  server.RaftServer$Division (RaftServerImpl.java:setRole(299)) - 7086d85c-5d6d-4b3d-a268-a825c95e3ca8@group-0983F9970AB4: changes role from      null to FOLLOWER at term 0 for startAsFollower
2022-06-16 16:23:42,476 [pool-1085-thread-1] INFO  impl.RoleInfo (RoleInfo.java:updateAndGet(139)) - 7086d85c-5d6d-4b3d-a268-a825c95e3ca8: start 7086d85c-5d6d-4b3d-a268-a825c95e3ca8@group-0983F9970AB4-FollowerState
2022-06-16 16:23:42,486 [pool-1085-thread-1] INFO  util.JmxRegister (JmxRegister.java:tryRegister(44)) - Successfully registered JMX Bean with object name Ratis:service=RaftServer,group=group-0983F9970AB4,id=7086d85c-5d6d-4b3d-a268-a825c95e3ca8
2022-06-16 16:23:42,489 [Command processor thread] INFO  ratis.XceiverServerRatis (XceiverServerRatis.java:addGroup(765)) - Created group PipelineID=b80d7d66-a62a-4dfa-abb9-0983f9970ab4
2022-06-16 16:23:42,601 [grpc-default-executor-0] INFO  server.RaftServer (RaftServerProxy.java:addNew(96)) - bd7010b0-d724-4aae-b0ab-320b4ad428f6: addNew group-0983F9970AB4:[7086d85c-5d6d-4b3d-a268-a825c95e3ca8|rpc:10.1.0.16:45221|dataStream:|priority:0, bbd9c71d-1d51-4586-8dfe-839c345bb7aa|rpc:10.1.0.16:39765|dataStream:|priority:1, bd7010b0-d724-4aae-b0ab-320b4ad428f6|rpc:10.1.0.16:43957|dataStream:|priority:0] returns group-0983F9970AB4:java.util.concurrent.CompletableFuture@4f7f0aa4[Not completed]
2022-06-16 16:23:42,601 [pool-1063-thread-1] INFO  server.RaftServer$Division (RaftServerImpl.java:<init>(190)) - bd7010b0-d724-4aae-b0ab-320b4ad428f6: new RaftServerImpl for group-0983F9970AB4:[7086d85c-5d6d-4b3d-a268-a825c95e3ca8|rpc:10.1.0.16:45221|dataStream:|priority:0, bbd9c71d-1d51-4586-8dfe-839c345bb7aa|rpc:10.1.0.16:39765|dataStream:|priority:1, bd7010b0-d724-4aae-b0ab-320b4ad428f6|rpc:10.1.0.16:43957|dataStream:|priority:0] with ContainerStateMachine:uninitialized
2022-06-16 16:23:42,602 [pool-1063-thread-1] INFO  server.RaftServerConfigKeys (ConfUtils.java:logGet(46)) - raft.server.rpc.timeout.min = 5s (custom)
2022-06-16 16:23:42,602 [pool-1063-thread-1] INFO  server.RaftServerConfigKeys (ConfUtils.java:logGet(46)) - raft.server.rpc.timeout.max = 5200ms (custom)
2022-06-16 16:23:42,602 [pool-1063-thread-1] INFO  server.RaftServerConfigKeys (ConfUtils.java:logGet(46)) - raft.server.rpc.sleep.time = 25ms (default)
2022-06-16 16:23:42,602 [pool-1063-thread-1] INFO  server.RaftServerConfigKeys (ConfUtils.java:logGet(46)) - raft.server.rpc.slowness.timeout = 300s (custom)
2022-06-16 16:23:42,602 [pool-1063-thread-1] INFO  server.RaftServerConfigKeys (ConfUtils.java:logGet(46)) - raft.server.leaderelection.leader.step-down.wait-time = 10s (default)
2022-06-16 16:23:42,602 [pool-1063-thread-1] INFO  server.RaftServerConfigKeys (ConfUtils.java:logGet(46)) - raft.server.sleep.deviation.threshold = 300ms (default)
2022-06-16 16:23:42,602 [pool-1063-thread-1] INFO  server.RaftServer$Division (ServerState.java:<init>(107)) - bd7010b0-d724-4aae-b0ab-320b4ad428f6@group-0983F9970AB4: ConfigurationManager, init=-1: [7086d85c-5d6d-4b3d-a268-a825c95e3ca8|rpc:10.1.0.16:45221|dataStream:|priority:0, bbd9c71d-1d51-4586-8dfe-839c345bb7aa|rpc:10.1.0.16:39765|dataStream:|priority:1, bd7010b0-d724-4aae-b0ab-320b4ad428f6|rpc:10.1.0.16:43957|dataStream:|priority:0], old=null, confs=<EMPTY_MAP>
2022-06-16 16:23:42,602 [pool-1063-thread-1] INFO  server.RaftServerConfigKeys (ConfUtils.java:logGet(46)) - raft.server.storage.dir = [/home/runner/work/ozone/ozone/hadoop-ozone/integration-test/target/test-dir/MiniOzoneClusterImpl-013b413b-6c7c-488f-84aa-e92bb4d6b165/datanode-0/data/ratis] (custom)
2022-06-16 16:23:42,602 [pool-1063-thread-1] INFO  server.RaftServerConfigKeys (ConfUtils.java:logGet(46)) - raft.server.log.corruption.policy = EXCEPTION (default)
2022-06-16 16:23:42,602 [pool-1063-thread-1] INFO  server.RaftServerConfigKeys (ConfUtils.java:logGet(46)) - raft.server.storage.free-space.min = 0MB (=0) (default)
2022-06-16 16:23:42,602 [pool-1063-thread-1] INFO  storage.RaftStorageDirectory (RaftStorageDirectoryImpl.java:analyzeStorage(135)) - The storage directory /home/runner/work/ozone/ozone/hadoop-ozone/integration-test/target/test-dir/MiniOzoneClusterImpl-013b413b-6c7c-488f-84aa-e92bb4d6b165/datanode-0/data/ratis/b80d7d66-a62a-4dfa-abb9-0983f9970ab4 does not exist. Creating ...
2022-06-16 16:23:42,604 [pool-1063-thread-1] INFO  storage.RaftStorageDirectory (RaftStorageDirectoryImpl.java:tryLock(230)) - Lock on /home/runner/work/ozone/ozone/hadoop-ozone/integration-test/target/test-dir/MiniOzoneClusterImpl-013b413b-6c7c-488f-84aa-e92bb4d6b165/datanode-0/data/ratis/b80d7d66-a62a-4dfa-abb9-0983f9970ab4/in_use.lock acquired by nodename 3861@fv-az37-268
2022-06-16 16:23:42,605 [pool-1063-thread-1] INFO  storage.RaftStorage (RaftStorageImpl.java:format(89)) - Storage directory /home/runner/work/ozone/ozone/hadoop-ozone/integration-test/target/test-dir/MiniOzoneClusterImpl-013b413b-6c7c-488f-84aa-e92bb4d6b165/datanode-0/data/ratis/b80d7d66-a62a-4dfa-abb9-0983f9970ab4 has been successfully formatted.
2022-06-16 16:23:42,605 [pool-1063-thread-1] INFO  ratis.ContainerStateMachine (ContainerStateMachine.java:loadSnapshot(236)) - group-0983F9970AB4: The snapshot info is null. Setting the last applied indexto:(t:0, i:~)
2022-06-16 16:23:42,606 [pool-1063-thread-1] INFO  server.RaftServerConfigKeys (ConfUtils.java:logGet(46)) - raft.server.notification.no-leader.timeout = 300s (custom)
2022-06-16 16:23:42,606 [pool-1063-thread-1] INFO  server.RaftServerConfigKeys (ConfUtils.java:logGet(46)) - raft.server.log.use.memory = false (default)
2022-06-16 16:23:42,606 [pool-1063-thread-1] INFO  server.RaftServerConfigKeys (ConfUtils.java:logGet(46)) - raft.server.log.purge.gap = 1000000 (custom)
2022-06-16 16:23:42,606 [pool-1063-thread-1] INFO  server.RaftServerConfigKeys (ConfUtils.java:logGet(46)) - raft.server.log.appender.buffer.byte-limit = 33554432 (custom)
2022-06-16 16:23:42,606 [pool-1063-thread-1] INFO  server.RaftServerConfigKeys (ConfUtils.java:logGet(46)) - raft.server.log.statemachine.data.read.timeout = 1000ms (default)
2022-06-16 16:23:42,614 [EventQueue-OpenPipelineForHealthyPipelineSafeModeRule] INFO  safemode.SCMSafeModeManager (HealthyPipelineSafeModeRule.java:process(124)) - SCM in safe mode. Healthy pipelines reported count is 0, required healthy pipeline reported count is 1
2022-06-16 16:23:42,626 [pool-1063-thread-1] INFO  server.RaftServerConfigKeys (ConfUtils.java:logGet(46)) - raft.server.log.segment.size.max = 1048576 (custom)
2022-06-16 16:23:42,626 [pool-1063-thread-1] INFO  server.RaftServerConfigKeys (ConfUtils.java:logGet(46)) - raft.server.log.segment.cache.num.max = 2 (custom)
2022-06-16 16:23:42,626 [pool-1063-thread-1] INFO  server.RaftServerConfigKeys (ConfUtils.java:logGet(46)) - raft.server.log.segment.cache.size.max = 200MB (=209715200) (default)
2022-06-16 16:23:42,627 [pool-1063-thread-1] INFO  segmented.SegmentedRaftLogWorker (SegmentedRaftLogWorker.java:<init>(187)) - new bd7010b0-d724-4aae-b0ab-320b4ad428f6@group-0983F9970AB4-SegmentedRaftLogWorker for RaftStorageImpl:Storage Directory /home/runner/work/ozone/ozone/hadoop-ozone/integration-test/target/test-dir/MiniOzoneClusterImpl-013b413b-6c7c-488f-84aa-e92bb4d6b165/datanode-0/data/ratis/b80d7d66-a62a-4dfa-abb9-0983f9970ab4
2022-06-16 16:23:42,627 [pool-1063-thread-1] INFO  server.RaftServerConfigKeys (ConfUtils.java:logGet(46)) - raft.server.log.queue.byte-limit = 4294967296 (custom)
2022-06-16 16:23:42,627 [pool-1063-thread-1] INFO  server.RaftServerConfigKeys (ConfUtils.java:logGet(46)) - raft.server.log.queue.element-limit = 1024 (custom)
2022-06-16 16:23:42,627 [pool-1063-thread-1] INFO  server.RaftServerConfigKeys (ConfUtils.java:logGet(46)) - raft.server.log.segment.size.max = 1048576 (custom)
2022-06-16 16:23:42,627 [pool-1063-thread-1] INFO  server.RaftServerConfigKeys (ConfUtils.java:logGet(46)) - raft.server.log.preallocated.size = 16384 (custom)
2022-06-16 16:23:42,627 [pool-1063-thread-1] INFO  server.RaftServerConfigKeys (ConfUtils.java:logGet(46)) - raft.server.log.force.sync.num = 128 (default)
2022-06-16 16:23:42,627 [pool-1063-thread-1] INFO  server.RaftServerConfigKeys (ConfUtils.java:logGet(46)) - raft.server.log.statemachine.data.sync = true (default)
2022-06-16 16:23:42,627 [pool-1063-thread-1] INFO  server.RaftServerConfigKeys (ConfUtils.java:logGet(46)) - raft.server.log.statemachine.data.sync.timeout = 10s (default)
2022-06-16 16:23:42,627 [pool-1063-thread-1] INFO  server.RaftServerConfigKeys (ConfUtils.java:logGet(46)) - raft.server.log.statemachine.data.sync.timeout.retry = -1 (default)
2022-06-16 16:23:42,628 [pool-1063-thread-1] INFO  server.RaftServerConfigKeys (ConfUtils.java:logGet(46)) - raft.server.log.write.buffer.size = 1048576 (custom)
2022-06-16 16:23:42,628 [pool-1063-thread-1] INFO  server.RaftServerConfigKeys (ConfUtils.java:logGet(46)) - raft.server.log.unsafe-flush.enabled = false (default)
2022-06-16 16:23:42,628 [pool-1063-thread-1] INFO  server.RaftServerConfigKeys (ConfUtils.java:logGet(46)) - raft.server.log.statemachine.data.caching.enabled = true (custom)
2022-06-16 16:23:42,628 [pool-1063-thread-1] INFO  segmented.SegmentedRaftLogWorker (SegmentedRaftLogWorker.java:lambda$new$0(135)) - bd7010b0-d724-4aae-b0ab-320b4ad428f6@group-0983F9970AB4-SegmentedRaftLogWorker: flushIndex: setUnconditionally 0 -> -1
2022-06-16 16:23:42,629 [pool-1063-thread-1] INFO  segmented.SegmentedRaftLogWorker (SegmentedRaftLogWorker.java:lambda$new$0(135)) - bd7010b0-d724-4aae-b0ab-320b4ad428f6@group-0983F9970AB4-SegmentedRaftLogWorker: safeCacheEvictIndex: setUnconditionally 0 -> -1
2022-06-16 16:23:42,670 [pool-1063-thread-1] INFO  server.RaftServerConfigKeys (ConfUtils.java:logGet(46)) - raft.server.snapshot.auto.trigger.enabled = true (custom)
2022-06-16 16:23:42,670 [pool-1063-thread-1] INFO  server.RaftServerConfigKeys (ConfUtils.java:logGet(46)) - raft.server.snapshot.auto.trigger.threshold = 10000 (custom)
2022-06-16 16:23:42,670 [pool-1063-thread-1] INFO  server.RaftServerConfigKeys (ConfUtils.java:logGet(46)) - raft.server.snapshot.retention.file.num = 5 (custom)
2022-06-16 16:23:42,670 [pool-1063-thread-1] INFO  server.RaftServerConfigKeys (ConfUtils.java:logGet(46)) - raft.server.log.purge.upto.snapshot.index = false (default)
2022-06-16 16:23:42,670 [pool-1063-thread-1] INFO  server.RaftServerConfigKeys (ConfUtils.java:logGet(46)) - raft.server.retrycache.expirytime = 600000ms (custom)
2022-06-16 16:23:42,670 [pool-1063-thread-1] INFO  server.RaftServerConfigKeys (ConfUtils.java:logGet(46)) - raft.server.retrycache.statistics.expirytime = 100μs (default)
2022-06-16 16:23:42,672 [pool-1063-thread-1] INFO  server.RaftServerConfigKeys (ConfUtils.java:logGet(46)) - raft.server.log.appender.install.snapshot.enabled = false (custom)
2022-06-16 16:23:42,672 [pool-1063-thread-1] INFO  server.RaftServerConfigKeys (ConfUtils.java:logGet(46)) - raft.server.threadpool.server.cached = true (default)
2022-06-16 16:23:42,672 [pool-1063-thread-1] INFO  server.RaftServerConfigKeys (ConfUtils.java:logGet(46)) - raft.server.threadpool.server.size = 0 (default)
2022-06-16 16:23:42,672 [pool-1063-thread-1] INFO  server.RaftServerConfigKeys (ConfUtils.java:logGet(46)) - raft.server.threadpool.client.cached = true (default)
2022-06-16 16:23:42,672 [pool-1063-thread-1] INFO  server.RaftServerConfigKeys (ConfUtils.java:logGet(46)) - raft.server.threadpool.client.size = 0 (default)
2022-06-16 16:23:42,672 [pool-1063-thread-1] INFO  server.RaftServer$Division (RaftServerImpl.java:start(310)) - bd7010b0-d724-4aae-b0ab-320b4ad428f6@group-0983F9970AB4: start as a follower, conf=-1: [7086d85c-5d6d-4b3d-a268-a825c95e3ca8|rpc:10.1.0.16:45221|dataStream:|priority:0, bbd9c71d-1d51-4586-8dfe-839c345bb7aa|rpc:10.1.0.16:39765|dataStream:|priority:1, bd7010b0-d724-4aae-b0ab-320b4ad428f6|rpc:10.1.0.16:43957|dataStream:|priority:0], old=null
2022-06-16 16:23:42,672 [pool-1063-thread-1] INFO  server.RaftServer$Division (RaftServerImpl.java:setRole(299)) - bd7010b0-d724-4aae-b0ab-320b4ad428f6@group-0983F9970AB4: changes role from      null to FOLLOWER at term 0 for startAsFollower
2022-06-16 16:23:42,672 [pool-1063-thread-1] INFO  impl.RoleInfo (RoleInfo.java:updateAndGet(139)) - bd7010b0-d724-4aae-b0ab-320b4ad428f6: start bd7010b0-d724-4aae-b0ab-320b4ad428f6@group-0983F9970AB4-FollowerState
2022-06-16 16:23:42,686 [pool-1063-thread-1] INFO  util.JmxRegister (JmxRegister.java:tryRegister(44)) - Successfully registered JMX Bean with object name Ratis:service=RaftServer,group=group-0983F9970AB4,id=bd7010b0-d724-4aae-b0ab-320b4ad428f6
2022-06-16 16:23:42,687 [Listener at 127.0.0.1/44357] INFO  ozone.MiniOzoneClusterImpl (MiniOzoneClusterImpl.java:lambda$waitForClusterToBeReady$0(221)) - Waiting for nodes to be ready. Got 3 of 5 DN Heartbeats.
2022-06-16 16:23:42,687 [Listener at 127.0.0.1/44357] INFO  ozone.MiniOzoneClusterImpl (MiniOzoneClusterImpl.java:lambda$waitForClusterToBeReady$0(224)) - Waiting for cluster to exit safe mode
2022-06-16 16:23:42,687 [Listener at 127.0.0.1/44357] INFO  ozone.MiniOzoneClusterImpl (MiniOzoneClusterImpl.java:lambda$waitForClusterToBeReady$0(226)) - SCM became leader
2022-06-16 16:23:42,884 [grpc-default-executor-0] INFO  server.RaftServer (RaftServerProxy.java:addNew(96)) - bbd9c71d-1d51-4586-8dfe-839c345bb7aa: addNew group-0983F9970AB4:[7086d85c-5d6d-4b3d-a268-a825c95e3ca8|rpc:10.1.0.16:45221|dataStream:|priority:0, bbd9c71d-1d51-4586-8dfe-839c345bb7aa|rpc:10.1.0.16:39765|dataStream:|priority:1, bd7010b0-d724-4aae-b0ab-320b4ad428f6|rpc:10.1.0.16:43957|dataStream:|priority:0] returns group-0983F9970AB4:java.util.concurrent.CompletableFuture@4966aeef[Not completed]
2022-06-16 16:23:42,907 [pool-1107-thread-1] INFO  server.RaftServer$Division (RaftServerImpl.java:<init>(190)) - bbd9c71d-1d51-4586-8dfe-839c345bb7aa: new RaftServerImpl for group-0983F9970AB4:[7086d85c-5d6d-4b3d-a268-a825c95e3ca8|rpc:10.1.0.16:45221|dataStream:|priority:0, bbd9c71d-1d51-4586-8dfe-839c345bb7aa|rpc:10.1.0.16:39765|dataStream:|priority:1, bd7010b0-d724-4aae-b0ab-320b4ad428f6|rpc:10.1.0.16:43957|dataStream:|priority:0] with ContainerStateMachine:uninitialized
2022-06-16 16:23:42,907 [pool-1107-thread-1] INFO  server.RaftServerConfigKeys (ConfUtils.java:logGet(46)) - raft.server.rpc.timeout.min = 5s (custom)
2022-06-16 16:23:42,907 [pool-1107-thread-1] INFO  server.RaftServerConfigKeys (ConfUtils.java:logGet(46)) - raft.server.rpc.timeout.max = 5200ms (custom)
2022-06-16 16:23:42,907 [pool-1107-thread-1] INFO  server.RaftServerConfigKeys (ConfUtils.java:logGet(46)) - raft.server.rpc.sleep.time = 25ms (default)
2022-06-16 16:23:42,907 [pool-1107-thread-1] INFO  server.RaftServerConfigKeys (ConfUtils.java:logGet(46)) - raft.server.rpc.slowness.timeout = 300s (custom)
2022-06-16 16:23:42,907 [pool-1107-thread-1] INFO  server.RaftServerConfigKeys (ConfUtils.java:logGet(46)) - raft.server.leaderelection.leader.step-down.wait-time = 10s (default)
2022-06-16 16:23:42,907 [pool-1107-thread-1] INFO  server.RaftServerConfigKeys (ConfUtils.java:logGet(46)) - raft.server.sleep.deviation.threshold = 300ms (default)
2022-06-16 16:23:42,907 [pool-1107-thread-1] INFO  server.RaftServer$Division (ServerState.java:<init>(107)) - bbd9c71d-1d51-4586-8dfe-839c345bb7aa@group-0983F9970AB4: ConfigurationManager, init=-1: [7086d85c-5d6d-4b3d-a268-a825c95e3ca8|rpc:10.1.0.16:45221|dataStream:|priority:0, bbd9c71d-1d51-4586-8dfe-839c345bb7aa|rpc:10.1.0.16:39765|dataStream:|priority:1, bd7010b0-d724-4aae-b0ab-320b4ad428f6|rpc:10.1.0.16:43957|dataStream:|priority:0], old=null, confs=<EMPTY_MAP>
2022-06-16 16:23:42,907 [pool-1107-thread-1] INFO  server.RaftServerConfigKeys (ConfUtils.java:logGet(46)) - raft.server.storage.dir = [/home/runner/work/ozone/ozone/hadoop-ozone/integration-test/target/test-dir/MiniOzoneClusterImpl-013b413b-6c7c-488f-84aa-e92bb4d6b165/datanode-2/data/ratis] (custom)
2022-06-16 16:23:42,907 [pool-1107-thread-1] INFO  server.RaftServerConfigKeys (ConfUtils.java:logGet(46)) - raft.server.log.corruption.policy = EXCEPTION (default)
2022-06-16 16:23:42,907 [pool-1107-thread-1] INFO  server.RaftServerConfigKeys (ConfUtils.java:logGet(46)) - raft.server.storage.free-space.min = 0MB (=0) (default)
2022-06-16 16:23:42,907 [pool-1107-thread-1] INFO  storage.RaftStorageDirectory (RaftStorageDirectoryImpl.java:analyzeStorage(135)) - The storage directory /home/runner/work/ozone/ozone/hadoop-ozone/integration-test/target/test-dir/MiniOzoneClusterImpl-013b413b-6c7c-488f-84aa-e92bb4d6b165/datanode-2/data/ratis/b80d7d66-a62a-4dfa-abb9-0983f9970ab4 does not exist. Creating ...
2022-06-16 16:23:42,908 [pool-1107-thread-1] INFO  storage.RaftStorageDirectory (RaftStorageDirectoryImpl.java:tryLock(230)) - Lock on /home/runner/work/ozone/ozone/hadoop-ozone/integration-test/target/test-dir/MiniOzoneClusterImpl-013b413b-6c7c-488f-84aa-e92bb4d6b165/datanode-2/data/ratis/b80d7d66-a62a-4dfa-abb9-0983f9970ab4/in_use.lock acquired by nodename 3861@fv-az37-268
2022-06-16 16:23:42,909 [pool-1107-thread-1] INFO  storage.RaftStorage (RaftStorageImpl.java:format(89)) - Storage directory /home/runner/work/ozone/ozone/hadoop-ozone/integration-test/target/test-dir/MiniOzoneClusterImpl-013b413b-6c7c-488f-84aa-e92bb4d6b165/datanode-2/data/ratis/b80d7d66-a62a-4dfa-abb9-0983f9970ab4 has been successfully formatted.
2022-06-16 16:23:42,909 [pool-1107-thread-1] INFO  ratis.ContainerStateMachine (ContainerStateMachine.java:loadSnapshot(236)) - group-0983F9970AB4: The snapshot info is null. Setting the last applied indexto:(t:0, i:~)
2022-06-16 16:23:42,909 [pool-1107-thread-1] INFO  server.RaftServerConfigKeys (ConfUtils.java:logGet(46)) - raft.server.notification.no-leader.timeout = 300s (custom)
2022-06-16 16:23:42,909 [pool-1107-thread-1] INFO  server.RaftServerConfigKeys (ConfUtils.java:logGet(46)) - raft.server.log.use.memory = false (default)
2022-06-16 16:23:42,909 [pool-1107-thread-1] INFO  server.RaftServerConfigKeys (ConfUtils.java:logGet(46)) - raft.server.log.purge.gap = 1000000 (custom)
2022-06-16 16:23:42,910 [pool-1107-thread-1] INFO  server.RaftServerConfigKeys (ConfUtils.java:logGet(46)) - raft.server.log.appender.buffer.byte-limit = 33554432 (custom)
2022-06-16 16:23:42,910 [pool-1107-thread-1] INFO  server.RaftServerConfigKeys (ConfUtils.java:logGet(46)) - raft.server.log.statemachine.data.read.timeout = 1000ms (default)
2022-06-16 16:23:42,910 [pool-1107-thread-1] INFO  server.RaftServerConfigKeys (ConfUtils.java:logGet(46)) - raft.server.log.segment.size.max = 1048576 (custom)
2022-06-16 16:23:42,912 [pool-1107-thread-1] INFO  server.RaftServerConfigKeys (ConfUtils.java:logGet(46)) - raft.server.log.segment.cache.num.max = 2 (custom)
2022-06-16 16:23:42,912 [pool-1107-thread-1] INFO  server.RaftServerConfigKeys (ConfUtils.java:logGet(46)) - raft.server.log.segment.cache.size.max = 200MB (=209715200) (default)
2022-06-16 16:23:42,912 [pool-1107-thread-1] INFO  segmented.SegmentedRaftLogWorker (SegmentedRaftLogWorker.java:<init>(187)) - new bbd9c71d-1d51-4586-8dfe-839c345bb7aa@group-0983F9970AB4-SegmentedRaftLogWorker for RaftStorageImpl:Storage Directory /home/runner/work/ozone/ozone/hadoop-ozone/integration-test/target/test-dir/MiniOzoneClusterImpl-013b413b-6c7c-488f-84aa-e92bb4d6b165/datanode-2/data/ratis/b80d7d66-a62a-4dfa-abb9-0983f9970ab4
2022-06-16 16:23:42,912 [pool-1107-thread-1] INFO  server.RaftServerConfigKeys (ConfUtils.java:logGet(46)) - raft.server.log.queue.byte-limit = 4294967296 (custom)
2022-06-16 16:23:42,912 [pool-1107-thread-1] INFO  server.RaftServerConfigKeys (ConfUtils.java:logGet(46)) - raft.server.log.queue.element-limit = 1024 (custom)
2022-06-16 16:23:42,912 [pool-1107-thread-1] INFO  server.RaftServerConfigKeys (ConfUtils.java:logGet(46)) - raft.server.log.segment.size.max = 1048576 (custom)
2022-06-16 16:23:42,912 [pool-1107-thread-1] INFO  server.RaftServerConfigKeys (ConfUtils.java:logGet(46)) - raft.server.log.preallocated.size = 16384 (custom)
2022-06-16 16:23:42,912 [pool-1107-thread-1] INFO  server.RaftServerConfigKeys (ConfUtils.java:logGet(46)) - raft.server.log.force.sync.num = 128 (default)
2022-06-16 16:23:42,912 [pool-1107-thread-1] INFO  server.RaftServerConfigKeys (ConfUtils.java:logGet(46)) - raft.server.log.statemachine.data.sync = true (default)
2022-06-16 16:23:42,912 [pool-1107-thread-1] INFO  server.RaftServerConfigKeys (ConfUtils.java:logGet(46)) - raft.server.log.statemachine.data.sync.timeout = 10s (default)
2022-06-16 16:23:42,912 [pool-1107-thread-1] INFO  server.RaftServerConfigKeys (ConfUtils.java:logGet(46)) - raft.server.log.statemachine.data.sync.timeout.retry = -1 (default)
2022-06-16 16:23:42,913 [pool-1107-thread-1] INFO  server.RaftServerConfigKeys (ConfUtils.java:logGet(46)) - raft.server.log.write.buffer.size = 1048576 (custom)
2022-06-16 16:23:42,914 [pool-1107-thread-1] INFO  server.RaftServerConfigKeys (ConfUtils.java:logGet(46)) - raft.server.log.unsafe-flush.enabled = false (default)
2022-06-16 16:23:42,914 [pool-1107-thread-1] INFO  server.RaftServerConfigKeys (ConfUtils.java:logGet(46)) - raft.server.log.statemachine.data.caching.enabled = true (custom)
2022-06-16 16:23:42,914 [pool-1107-thread-1] INFO  segmented.SegmentedRaftLogWorker (SegmentedRaftLogWorker.java:lambda$new$0(135)) - bbd9c71d-1d51-4586-8dfe-839c345bb7aa@group-0983F9970AB4-SegmentedRaftLogWorker: flushIndex: setUnconditionally 0 -> -1
2022-06-16 16:23:42,958 [pool-1107-thread-1] INFO  segmented.SegmentedRaftLogWorker (SegmentedRaftLogWorker.java:lambda$new$0(135)) - bbd9c71d-1d51-4586-8dfe-839c345bb7aa@group-0983F9970AB4-SegmentedRaftLogWorker: safeCacheEvictIndex: setUnconditionally 0 -> -1
2022-06-16 16:23:42,958 [pool-1107-thread-1] INFO  server.RaftServerConfigKeys (ConfUtils.java:logGet(46)) - raft.server.snapshot.auto.trigger.enabled = true (custom)
2022-06-16 16:23:42,958 [pool-1107-thread-1] INFO  server.RaftServerConfigKeys (ConfUtils.java:logGet(46)) - raft.server.snapshot.auto.trigger.threshold = 10000 (custom)
2022-06-16 16:23:42,958 [pool-1107-thread-1] INFO  server.RaftServerConfigKeys (ConfUtils.java:logGet(46)) - raft.server.snapshot.retention.file.num = 5 (custom)
2022-06-16 16:23:42,958 [pool-1107-thread-1] INFO  server.RaftServerConfigKeys (ConfUtils.java:logGet(46)) - raft.server.log.purge.upto.snapshot.index = false (default)
2022-06-16 16:23:42,958 [pool-1107-thread-1] INFO  server.RaftServerConfigKeys (ConfUtils.java:logGet(46)) - raft.server.retrycache.expirytime = 600000ms (custom)
2022-06-16 16:23:42,958 [pool-1107-thread-1] INFO  server.RaftServerConfigKeys (ConfUtils.java:logGet(46)) - raft.server.retrycache.statistics.expirytime = 100μs (default)
2022-06-16 16:23:42,960 [pool-1107-thread-1] INFO  server.RaftServerConfigKeys (ConfUtils.java:logGet(46)) - raft.server.log.appender.install.snapshot.enabled = false (custom)
2022-06-16 16:23:42,960 [pool-1107-thread-1] INFO  server.RaftServerConfigKeys (ConfUtils.java:logGet(46)) - raft.server.threadpool.server.cached = true (default)
2022-06-16 16:23:42,960 [pool-1107-thread-1] INFO  server.RaftServerConfigKeys (ConfUtils.java:logGet(46)) - raft.server.threadpool.server.size = 0 (default)
2022-06-16 16:23:42,960 [pool-1107-thread-1] INFO  server.RaftServerConfigKeys (ConfUtils.java:logGet(46)) - raft.server.threadpool.client.cached = true (default)
2022-06-16 16:23:42,960 [pool-1107-thread-1] INFO  server.RaftServerConfigKeys (ConfUtils.java:logGet(46)) - raft.server.threadpool.client.size = 0 (default)
2022-06-16 16:23:42,960 [pool-1107-thread-1] INFO  server.RaftServer$Division (RaftServerImpl.java:start(310)) - bbd9c71d-1d51-4586-8dfe-839c345bb7aa@group-0983F9970AB4: start as a follower, conf=-1: [7086d85c-5d6d-4b3d-a268-a825c95e3ca8|rpc:10.1.0.16:45221|dataStream:|priority:0, bbd9c71d-1d51-4586-8dfe-839c345bb7aa|rpc:10.1.0.16:39765|dataStream:|priority:1, bd7010b0-d724-4aae-b0ab-320b4ad428f6|rpc:10.1.0.16:43957|dataStream:|priority:0], old=null
2022-06-16 16:23:42,960 [pool-1107-thread-1] INFO  server.RaftServer$Division (RaftServerImpl.java:setRole(299)) - bbd9c71d-1d51-4586-8dfe-839c345bb7aa@group-0983F9970AB4: changes role from      null to FOLLOWER at term 0 for startAsFollower
2022-06-16 16:23:42,960 [pool-1107-thread-1] INFO  impl.RoleInfo (RoleInfo.java:updateAndGet(139)) - bbd9c71d-1d51-4586-8dfe-839c345bb7aa: start bbd9c71d-1d51-4586-8dfe-839c345bb7aa@group-0983F9970AB4-FollowerState
2022-06-16 16:23:42,961 [pool-1107-thread-1] INFO  util.JmxRegister (JmxRegister.java:tryRegister(44)) - Successfully registered JMX Bean with object name Ratis:service=RaftServer,group=group-0983F9970AB4,id=bbd9c71d-1d51-4586-8dfe-839c345bb7aa
2022-06-16 16:23:43,000 [Command processor thread] INFO  commandhandler.CreatePipelineCommandHandler (CreatePipelineCommandHandler.java:handle(113)) - Created Pipeline RATIS THREE PipelineID=b80d7d66-a62a-4dfa-abb9-0983f9970ab4.
2022-06-16 16:23:43,001 [Command processor thread] INFO  server.RaftServer (RaftServerProxy.java:addNew(96)) - 7086d85c-5d6d-4b3d-a268-a825c95e3ca8: addNew group-B2E5078CEDD4:[7086d85c-5d6d-4b3d-a268-a825c95e3ca8|rpc:10.1.0.16:45221|priority:1, bbd9c71d-1d51-4586-8dfe-839c345bb7aa|rpc:10.1.0.16:39765|priority:0, bd7010b0-d724-4aae-b0ab-320b4ad428f6|rpc:10.1.0.16:43957|priority:0] returns group-B2E5078CEDD4:java.util.concurrent.CompletableFuture@59a0d32f[Not completed]
2022-06-16 16:23:43,001 [pool-1085-thread-1] INFO  server.RaftServer$Division (RaftServerImpl.java:<init>(190)) - 7086d85c-5d6d-4b3d-a268-a825c95e3ca8: new RaftServerImpl for group-B2E5078CEDD4:[7086d85c-5d6d-4b3d-a268-a825c95e3ca8|rpc:10.1.0.16:45221|priority:1, bbd9c71d-1d51-4586-8dfe-839c345bb7aa|rpc:10.1.0.16:39765|priority:0, bd7010b0-d724-4aae-b0ab-320b4ad428f6|rpc:10.1.0.16:43957|priority:0] with ContainerStateMachine:uninitialized
2022-06-16 16:23:43,001 [pool-1085-thread-1] INFO  server.RaftServerConfigKeys (ConfUtils.java:logGet(46)) - raft.server.rpc.timeout.min = 5s (custom)
2022-06-16 16:23:43,001 [pool-1085-thread-1] INFO  server.RaftServerConfigKeys (ConfUtils.java:logGet(46)) - raft.server.rpc.timeout.max = 5200ms (custom)
2022-06-16 16:23:43,001 [pool-1085-thread-1] INFO  server.RaftServerConfigKeys (ConfUtils.java:logGet(46)) - raft.server.rpc.sleep.time = 25ms (default)
2022-06-16 16:23:43,001 [pool-1085-thread-1] INFO  server.RaftServerConfigKeys (ConfUtils.java:logGet(46)) - raft.server.rpc.slowness.timeout = 300s (custom)
2022-06-16 16:23:43,002 [pool-1085-thread-1] INFO  server.RaftServerConfigKeys (ConfUtils.java:logGet(46)) - raft.server.leaderelection.leader.step-down.wait-time = 10s (default)
2022-06-16 16:23:43,002 [pool-1085-thread-1] INFO  server.RaftServerConfigKeys (ConfUtils.java:logGet(46)) - raft.server.sleep.deviation.threshold = 300ms (default)
2022-06-16 16:23:43,002 [pool-1085-thread-1] INFO  server.RaftServer$Division (ServerState.java:<init>(107)) - 7086d85c-5d6d-4b3d-a268-a825c95e3ca8@group-B2E5078CEDD4: ConfigurationManager, init=-1: [7086d85c-5d6d-4b3d-a268-a825c95e3ca8|rpc:10.1.0.16:45221|priority:1, bbd9c71d-1d51-4586-8dfe-839c345bb7aa|rpc:10.1.0.16:39765|priority:0, bd7010b0-d724-4aae-b0ab-320b4ad428f6|rpc:10.1.0.16:43957|priority:0], old=null, confs=<EMPTY_MAP>
2022-06-16 16:23:43,002 [pool-1085-thread-1] INFO  server.RaftServerConfigKeys (ConfUtils.java:logGet(46)) - raft.server.storage.dir = [/home/runner/work/ozone/ozone/hadoop-ozone/integration-test/target/test-dir/MiniOzoneClusterImpl-013b413b-6c7c-488f-84aa-e92bb4d6b165/datanode-1/data/ratis] (custom)
2022-06-16 16:23:43,002 [pool-1085-thread-1] INFO  server.RaftServerConfigKeys (ConfUtils.java:logGet(46)) - raft.server.log.corruption.policy = EXCEPTION (default)
2022-06-16 16:23:43,002 [pool-1085-thread-1] INFO  server.RaftServerConfigKeys (ConfUtils.java:logGet(46)) - raft.server.storage.free-space.min = 0MB (=0) (default)
2022-06-16 16:23:43,002 [pool-1085-thread-1] INFO  storage.RaftStorageDirectory (RaftStorageDirectoryImpl.java:analyzeStorage(135)) - The storage directory /home/runner/work/ozone/ozone/hadoop-ozone/integration-test/target/test-dir/MiniOzoneClusterImpl-013b413b-6c7c-488f-84aa-e92bb4d6b165/datanode-1/data/ratis/6a26a632-5d1f-4065-86cc-b2e5078cedd4 does not exist. Creating ...
2022-06-16 16:23:43,006 [pool-1085-thread-1] INFO  storage.RaftStorageDirectory (RaftStorageDirectoryImpl.java:tryLock(230)) - Lock on /home/runner/work/ozone/ozone/hadoop-ozone/integration-test/target/test-dir/MiniOzoneClusterImpl-013b413b-6c7c-488f-84aa-e92bb4d6b165/datanode-1/data/ratis/6a26a632-5d1f-4065-86cc-b2e5078cedd4/in_use.lock acquired by nodename 3861@fv-az37-268
2022-06-16 16:23:43,008 [pool-1085-thread-1] INFO  storage.RaftStorage (RaftStorageImpl.java:format(89)) - Storage directory /home/runner/work/ozone/ozone/hadoop-ozone/integration-test/target/test-dir/MiniOzoneClusterImpl-013b413b-6c7c-488f-84aa-e92bb4d6b165/datanode-1/data/ratis/6a26a632-5d1f-4065-86cc-b2e5078cedd4 has been successfully formatted.
2022-06-16 16:23:43,008 [pool-1085-thread-1] INFO  ratis.ContainerStateMachine (ContainerStateMachine.java:loadSnapshot(236)) - group-B2E5078CEDD4: The snapshot info is null. Setting the last applied indexto:(t:0, i:~)
2022-06-16 16:23:43,008 [pool-1085-thread-1] INFO  server.RaftServerConfigKeys (ConfUtils.java:logGet(46)) - raft.server.notification.no-leader.timeout = 300s (custom)
2022-06-16 16:23:43,008 [pool-1085-thread-1] INFO  server.RaftServerConfigKeys (ConfUtils.java:logGet(46)) - raft.server.log.use.memory = false (default)
2022-06-16 16:23:43,008 [pool-1085-thread-1] INFO  server.RaftServerConfigKeys (ConfUtils.java:logGet(46)) - raft.server.log.purge.gap = 1000000 (custom)
2022-06-16 16:23:43,008 [pool-1085-thread-1] INFO  server.RaftServerConfigKeys (ConfUtils.java:logGet(46)) - raft.server.log.appender.buffer.byte-limit = 33554432 (custom)
2022-06-16 16:23:43,009 [pool-1085-thread-1] INFO  server.RaftServerConfigKeys (ConfUtils.java:logGet(46)) - raft.server.log.statemachine.data.read.timeout = 1000ms (default)
2022-06-16 16:23:43,009 [pool-1085-thread-1] INFO  server.RaftServerConfigKeys (ConfUtils.java:logGet(46)) - raft.server.log.segment.size.max = 1048576 (custom)
2022-06-16 16:23:43,009 [pool-1085-thread-1] INFO  server.RaftServerConfigKeys (ConfUtils.java:logGet(46)) - raft.server.log.segment.cache.num.max = 2 (custom)
2022-06-16 16:23:43,009 [pool-1085-thread-1] INFO  server.RaftServerConfigKeys (ConfUtils.java:logGet(46)) - raft.server.log.segment.cache.size.max = 200MB (=209715200) (default)
2022-06-16 16:23:43,009 [pool-1085-thread-1] INFO  segmented.SegmentedRaftLogWorker (SegmentedRaftLogWorker.java:<init>(187)) - new 7086d85c-5d6d-4b3d-a268-a825c95e3ca8@group-B2E5078CEDD4-SegmentedRaftLogWorker for RaftStorageImpl:Storage Directory /home/runner/work/ozone/ozone/hadoop-ozone/integration-test/target/test-dir/MiniOzoneClusterImpl-013b413b-6c7c-488f-84aa-e92bb4d6b165/datanode-1/data/ratis/6a26a632-5d1f-4065-86cc-b2e5078cedd4
2022-06-16 16:23:43,009 [pool-1085-thread-1] INFO  server.RaftServerConfigKeys (ConfUtils.java:logGet(46)) - raft.server.log.queue.byte-limit = 4294967296 (custom)
2022-06-16 16:23:43,009 [pool-1085-thread-1] INFO  server.RaftServerConfigKeys (ConfUtils.java:logGet(46)) - raft.server.log.queue.element-limit = 1024 (custom)
2022-06-16 16:23:43,009 [pool-1085-thread-1] INFO  server.RaftServerConfigKeys (ConfUtils.java:logGet(46)) - raft.server.log.segment.size.max = 1048576 (custom)
2022-06-16 16:23:43,009 [pool-1085-thread-1] INFO  server.RaftServerConfigKeys (ConfUtils.java:logGet(46)) - raft.server.log.preallocated.size = 16384 (custom)
2022-06-16 16:23:43,009 [pool-1085-thread-1] INFO  server.RaftServerConfigKeys (ConfUtils.java:logGet(46)) - raft.server.log.force.sync.num = 128 (default)
2022-06-16 16:23:43,009 [pool-1085-thread-1] INFO  server.RaftServerConfigKeys (ConfUtils.java:logGet(46)) - raft.server.log.statemachine.data.sync = true (default)
2022-06-16 16:23:43,009 [pool-1085-thread-1] INFO  server.RaftServerConfigKeys (ConfUtils.java:logGet(46)) - raft.server.log.statemachine.data.sync.timeout = 10s (default)
2022-06-16 16:23:43,009 [pool-1085-thread-1] INFO  server.RaftServerConfigKeys (ConfUtils.java:logGet(46)) - raft.server.log.statemachine.data.sync.timeout.retry = -1 (default)
2022-06-16 16:23:43,030 [EventQueue-OpenPipelineForHealthyPipelineSafeModeRule] INFO  safemode.SCMSafeModeManager (HealthyPipelineSafeModeRule.java:process(124)) - SCM in safe mode. Healthy pipelines reported count is 0, required healthy pipeline reported count is 1
2022-06-16 16:23:43,035 [pool-1085-thread-1] INFO  server.RaftServerConfigKeys (ConfUtils.java:logGet(46)) - raft.server.log.write.buffer.size = 1048576 (custom)
2022-06-16 16:23:43,035 [pool-1085-thread-1] INFO  server.RaftServerConfigKeys (ConfUtils.java:logGet(46)) - raft.server.log.unsafe-flush.enabled = false (default)
2022-06-16 16:23:43,035 [pool-1085-thread-1] INFO  server.RaftServerConfigKeys (ConfUtils.java:logGet(46)) - raft.server.log.statemachine.data.caching.enabled = true (custom)
2022-06-16 16:23:43,036 [pool-1085-thread-1] INFO  segmented.SegmentedRaftLogWorker (SegmentedRaftLogWorker.java:lambda$new$0(135)) - 7086d85c-5d6d-4b3d-a268-a825c95e3ca8@group-B2E5078CEDD4-SegmentedRaftLogWorker: flushIndex: setUnconditionally 0 -> -1
2022-06-16 16:23:43,036 [pool-1085-thread-1] INFO  segmented.SegmentedRaftLogWorker (SegmentedRaftLogWorker.java:lambda$new$0(135)) - 7086d85c-5d6d-4b3d-a268-a825c95e3ca8@group-B2E5078CEDD4-SegmentedRaftLogWorker: safeCacheEvictIndex: setUnconditionally 0 -> -1
2022-06-16 16:23:43,050 [pool-1085-thread-1] INFO  server.RaftServerConfigKeys (ConfUtils.java:logGet(46)) - raft.server.snapshot.auto.trigger.enabled = true (custom)
2022-06-16 16:23:43,050 [pool-1085-thread-1] INFO  server.RaftServerConfigKeys (ConfUtils.java:logGet(46)) - raft.server.snapshot.auto.trigger.threshold = 10000 (custom)
2022-06-16 16:23:43,050 [pool-1085-thread-1] INFO  server.RaftServerConfigKeys (ConfUtils.java:logGet(46)) - raft.server.snapshot.retention.file.num = 5 (custom)
2022-06-16 16:23:43,050 [pool-1085-thread-1] INFO  server.RaftServerConfigKeys (ConfUtils.java:logGet(46)) - raft.server.log.purge.upto.snapshot.index = false (default)
2022-06-16 16:23:43,050 [pool-1085-thread-1] INFO  server.RaftServerConfigKeys (ConfUtils.java:logGet(46)) - raft.server.retrycache.expirytime = 600000ms (custom)
2022-06-16 16:23:43,050 [pool-1085-thread-1] INFO  server.RaftServerConfigKeys (ConfUtils.java:logGet(46)) - raft.server.retrycache.statistics.expirytime = 100μs (default)
2022-06-16 16:23:43,052 [pool-1085-thread-1] INFO  server.RaftServerConfigKeys (ConfUtils.java:logGet(46)) - raft.server.log.appender.install.snapshot.enabled = false (custom)
2022-06-16 16:23:43,052 [pool-1085-thread-1] INFO  server.RaftServerConfigKeys (ConfUtils.java:logGet(46)) - raft.server.threadpool.server.cached = true (default)
2022-06-16 16:23:43,052 [pool-1085-thread-1] INFO  server.RaftServerConfigKeys (ConfUtils.java:logGet(46)) - raft.server.threadpool.server.size = 0 (default)
2022-06-16 16:23:43,052 [pool-1085-thread-1] INFO  server.RaftServerConfigKeys (ConfUtils.java:logGet(46)) - raft.server.threadpool.client.cached = true (default)
2022-06-16 16:23:43,052 [pool-1085-thread-1] INFO  server.RaftServerConfigKeys (ConfUtils.java:logGet(46)) - raft.server.threadpool.client.size = 0 (default)
2022-06-16 16:23:43,052 [pool-1085-thread-1] INFO  server.RaftServer$Division (RaftServerImpl.java:start(310)) - 7086d85c-5d6d-4b3d-a268-a825c95e3ca8@group-B2E5078CEDD4: start as a follower, conf=-1: [7086d85c-5d6d-4b3d-a268-a825c95e3ca8|rpc:10.1.0.16:45221|priority:1, bbd9c71d-1d51-4586-8dfe-839c345bb7aa|rpc:10.1.0.16:39765|priority:0, bd7010b0-d724-4aae-b0ab-320b4ad428f6|rpc:10.1.0.16:43957|priority:0], old=null
2022-06-16 16:23:43,052 [pool-1085-thread-1] INFO  server.RaftServer$Division (RaftServerImpl.java:setRole(299)) - 7086d85c-5d6d-4b3d-a268-a825c95e3ca8@group-B2E5078CEDD4: changes role from      null to FOLLOWER at term 0 for startAsFollower
2022-06-16 16:23:43,052 [pool-1085-thread-1] INFO  impl.RoleInfo (RoleInfo.java:updateAndGet(139)) - 7086d85c-5d6d-4b3d-a268-a825c95e3ca8: start 7086d85c-5d6d-4b3d-a268-a825c95e3ca8@group-B2E5078CEDD4-FollowerState
2022-06-16 16:23:43,058 [pool-1085-thread-1] INFO  util.JmxRegister (JmxRegister.java:tryRegister(44)) - Successfully registered JMX Bean with object name Ratis:service=RaftServer,group=group-B2E5078CEDD4,id=7086d85c-5d6d-4b3d-a268-a825c95e3ca8
2022-06-16 16:23:43,106 [Command processor thread] INFO  ratis.XceiverServerRatis (XceiverServerRatis.java:addGroup(765)) - Created group PipelineID=6a26a632-5d1f-4065-86cc-b2e5078cedd4
2022-06-16 16:23:43,159 [grpc-default-executor-0] INFO  server.RaftServer (RaftServerProxy.java:addNew(96)) - bbd9c71d-1d51-4586-8dfe-839c345bb7aa: addNew group-B2E5078CEDD4:[7086d85c-5d6d-4b3d-a268-a825c95e3ca8|rpc:10.1.0.16:45221|dataStream:|priority:1, bbd9c71d-1d51-4586-8dfe-839c345bb7aa|rpc:10.1.0.16:39765|dataStream:|priority:0, bd7010b0-d724-4aae-b0ab-320b4ad428f6|rpc:10.1.0.16:43957|dataStream:|priority:0] returns group-B2E5078CEDD4:java.util.concurrent.CompletableFuture@33237f76[Not completed]
2022-06-16 16:23:43,160 [pool-1107-thread-1] INFO  server.RaftServer$Division (RaftServerImpl.java:<init>(190)) - bbd9c71d-1d51-4586-8dfe-839c345bb7aa: new RaftServerImpl for group-B2E5078CEDD4:[7086d85c-5d6d-4b3d-a268-a825c95e3ca8|rpc:10.1.0.16:45221|dataStream:|priority:1, bbd9c71d-1d51-4586-8dfe-839c345bb7aa|rpc:10.1.0.16:39765|dataStream:|priority:0, bd7010b0-d724-4aae-b0ab-320b4ad428f6|rpc:10.1.0.16:43957|dataStream:|priority:0] with ContainerStateMachine:uninitialized
2022-06-16 16:23:43,160 [pool-1107-thread-1] INFO  server.RaftServerConfigKeys (ConfUtils.java:logGet(46)) - raft.server.rpc.timeout.min = 5s (custom)
2022-06-16 16:23:43,160 [pool-1107-thread-1] INFO  server.RaftServerConfigKeys (ConfUtils.java:logGet(46)) - raft.server.rpc.timeout.max = 5200ms (custom)
2022-06-16 16:23:43,160 [pool-1107-thread-1] INFO  server.RaftServerConfigKeys (ConfUtils.java:logGet(46)) - raft.server.rpc.sleep.time = 25ms (default)
2022-06-16 16:23:43,160 [pool-1107-thread-1] INFO  server.RaftServerConfigKeys (ConfUtils.java:logGet(46)) - raft.server.rpc.slowness.timeout = 300s (custom)
2022-06-16 16:23:43,160 [pool-1107-thread-1] INFO  server.RaftServerConfigKeys (ConfUtils.java:logGet(46)) - raft.server.leaderelection.leader.step-down.wait-time = 10s (default)
2022-06-16 16:23:43,160 [pool-1107-thread-1] INFO  server.RaftServerConfigKeys (ConfUtils.java:logGet(46)) - raft.server.sleep.deviation.threshold = 300ms (default)
2022-06-16 16:23:43,160 [pool-1107-thread-1] INFO  server.RaftServer$Division (ServerState.java:<init>(107)) - bbd9c71d-1d51-4586-8dfe-839c345bb7aa@group-B2E5078CEDD4: ConfigurationManager, init=-1: [7086d85c-5d6d-4b3d-a268-a825c95e3ca8|rpc:10.1.0.16:45221|dataStream:|priority:1, bbd9c71d-1d51-4586-8dfe-839c345bb7aa|rpc:10.1.0.16:39765|dataStream:|priority:0, bd7010b0-d724-4aae-b0ab-320b4ad428f6|rpc:10.1.0.16:43957|dataStream:|priority:0], old=null, confs=<EMPTY_MAP>
2022-06-16 16:23:43,160 [pool-1107-thread-1] INFO  server.RaftServerConfigKeys (ConfUtils.java:logGet(46)) - raft.server.storage.dir = [/home/runner/work/ozone/ozone/hadoop-ozone/integration-test/target/test-dir/MiniOzoneClusterImpl-013b413b-6c7c-488f-84aa-e92bb4d6b165/datanode-2/data/ratis] (custom)
2022-06-16 16:23:43,160 [pool-1107-thread-1] INFO  server.RaftServerConfigKeys (ConfUtils.java:logGet(46)) - raft.server.log.corruption.policy = EXCEPTION (default)
2022-06-16 16:23:43,161 [pool-1107-thread-1] INFO  server.RaftServerConfigKeys (ConfUtils.java:logGet(46)) - raft.server.storage.free-space.min = 0MB (=0) (default)
2022-06-16 16:23:43,161 [pool-1107-thread-1] INFO  storage.RaftStorageDirectory (RaftStorageDirectoryImpl.java:analyzeStorage(135)) - The storage directory /home/runner/work/ozone/ozone/hadoop-ozone/integration-test/target/test-dir/MiniOzoneClusterImpl-013b413b-6c7c-488f-84aa-e92bb4d6b165/datanode-2/data/ratis/6a26a632-5d1f-4065-86cc-b2e5078cedd4 does not exist. Creating ...
2022-06-16 16:23:43,163 [Command processor thread] INFO  server.RaftServer (RaftServerProxy.java:addNew(96)) - bd7010b0-d724-4aae-b0ab-320b4ad428f6: addNew group-B2E5078CEDD4:[7086d85c-5d6d-4b3d-a268-a825c95e3ca8|rpc:10.1.0.16:45221|priority:1, bbd9c71d-1d51-4586-8dfe-839c345bb7aa|rpc:10.1.0.16:39765|priority:0, bd7010b0-d724-4aae-b0ab-320b4ad428f6|rpc:10.1.0.16:43957|priority:0] returns group-B2E5078CEDD4:java.util.concurrent.CompletableFuture@62688ea2[Not completed]
2022-06-16 16:23:43,163 [pool-1063-thread-1] INFO  server.RaftServer$Division (RaftServerImpl.java:<init>(190)) - bd7010b0-d724-4aae-b0ab-320b4ad428f6: new RaftServerImpl for group-B2E5078CEDD4:[7086d85c-5d6d-4b3d-a268-a825c95e3ca8|rpc:10.1.0.16:45221|priority:1, bbd9c71d-1d51-4586-8dfe-839c345bb7aa|rpc:10.1.0.16:39765|priority:0, bd7010b0-d724-4aae-b0ab-320b4ad428f6|rpc:10.1.0.16:43957|priority:0] with ContainerStateMachine:uninitialized
2022-06-16 16:23:43,163 [pool-1063-thread-1] INFO  server.RaftServerConfigKeys (ConfUtils.java:logGet(46)) - raft.server.rpc.timeout.min = 5s (custom)
2022-06-16 16:23:43,163 [pool-1063-thread-1] INFO  server.RaftServerConfigKeys (ConfUtils.java:logGet(46)) - raft.server.rpc.timeout.max = 5200ms (custom)
2022-06-16 16:23:43,163 [pool-1063-thread-1] INFO  server.RaftServerConfigKeys (ConfUtils.java:logGet(46)) - raft.server.rpc.sleep.time = 25ms (default)
2022-06-16 16:23:43,163 [pool-1063-thread-1] INFO  server.RaftServerConfigKeys (ConfUtils.java:logGet(46)) - raft.server.rpc.slowness.timeout = 300s (custom)
2022-06-16 16:23:43,163 [pool-1063-thread-1] INFO  server.RaftServerConfigKeys (ConfUtils.java:logGet(46)) - raft.server.leaderelection.leader.step-down.wait-time = 10s (default)
2022-06-16 16:23:43,163 [pool-1063-thread-1] INFO  server.RaftServerConfigKeys (ConfUtils.java:logGet(46)) - raft.server.sleep.deviation.threshold = 300ms (default)
2022-06-16 16:23:43,163 [pool-1063-thread-1] INFO  server.RaftServer$Division (ServerState.java:<init>(107)) - bd7010b0-d724-4aae-b0ab-320b4ad428f6@group-B2E5078CEDD4: ConfigurationManager, init=-1: [7086d85c-5d6d-4b3d-a268-a825c95e3ca8|rpc:10.1.0.16:45221|priority:1, bbd9c71d-1d51-4586-8dfe-839c345bb7aa|rpc:10.1.0.16:39765|priority:0, bd7010b0-d724-4aae-b0ab-320b4ad428f6|rpc:10.1.0.16:43957|priority:0], old=null, confs=<EMPTY_MAP>
2022-06-16 16:23:43,164 [pool-1063-thread-1] INFO  server.RaftServerConfigKeys (ConfUtils.java:logGet(46)) - raft.server.storage.dir = [/home/runner/work/ozone/ozone/hadoop-ozone/integration-test/target/test-dir/MiniOzoneClusterImpl-013b413b-6c7c-488f-84aa-e92bb4d6b165/datanode-0/data/ratis] (custom)
2022-06-16 16:23:43,164 [pool-1063-thread-1] INFO  server.RaftServerConfigKeys (ConfUtils.java:logGet(46)) - raft.server.log.corruption.policy = EXCEPTION (default)
2022-06-16 16:23:43,164 [pool-1063-thread-1] INFO  server.RaftServerConfigKeys (ConfUtils.java:logGet(46)) - raft.server.storage.free-space.min = 0MB (=0) (default)
2022-06-16 16:23:43,164 [pool-1063-thread-1] INFO  storage.RaftStorageDirectory (RaftStorageDirectoryImpl.java:analyzeStorage(135)) - The storage directory /home/runner/work/ozone/ozone/hadoop-ozone/integration-test/target/test-dir/MiniOzoneClusterImpl-013b413b-6c7c-488f-84aa-e92bb4d6b165/datanode-0/data/ratis/6a26a632-5d1f-4065-86cc-b2e5078cedd4 does not exist. Creating ...
2022-06-16 16:23:43,165 [pool-1063-thread-1] INFO  storage.RaftStorageDirectory (RaftStorageDirectoryImpl.java:tryLock(230)) - Lock on /home/runner/work/ozone/ozone/hadoop-ozone/integration-test/target/test-dir/MiniOzoneClusterImpl-013b413b-6c7c-488f-84aa-e92bb4d6b165/datanode-0/data/ratis/6a26a632-5d1f-4065-86cc-b2e5078cedd4/in_use.lock acquired by nodename 3861@fv-az37-268
2022-06-16 16:23:43,166 [pool-1063-thread-1] INFO  storage.RaftStorage (RaftStorageImpl.java:format(89)) - Storage directory /home/runner/work/ozone/ozone/hadoop-ozone/integration-test/target/test-dir/MiniOzoneClusterImpl-013b413b-6c7c-488f-84aa-e92bb4d6b165/datanode-0/data/ratis/6a26a632-5d1f-4065-86cc-b2e5078cedd4 has been successfully formatted.
2022-06-16 16:23:43,166 [pool-1107-thread-1] INFO  storage.RaftStorageDirectory (RaftStorageDirectoryImpl.java:tryLock(230)) - Lock on /home/runner/work/ozone/ozone/hadoop-ozone/integration-test/target/test-dir/MiniOzoneClusterImpl-013b413b-6c7c-488f-84aa-e92bb4d6b165/datanode-2/data/ratis/6a26a632-5d1f-4065-86cc-b2e5078cedd4/in_use.lock acquired by nodename 3861@fv-az37-268
2022-06-16 16:23:43,166 [pool-1063-thread-1] INFO  ratis.ContainerStateMachine (ContainerStateMachine.java:loadSnapshot(236)) - group-B2E5078CEDD4: The snapshot info is null. Setting the last applied indexto:(t:0, i:~)
2022-06-16 16:23:43,166 [pool-1063-thread-1] INFO  server.RaftServerConfigKeys (ConfUtils.java:logGet(46)) - raft.server.notification.no-leader.timeout = 300s (custom)
2022-06-16 16:23:43,166 [pool-1063-thread-1] INFO  server.RaftServerConfigKeys (ConfUtils.java:logGet(46)) - raft.server.log.use.memory = false (default)
2022-06-16 16:23:43,166 [pool-1063-thread-1] INFO  server.RaftServerConfigKeys (ConfUtils.java:logGet(46)) - raft.server.log.purge.gap = 1000000 (custom)
2022-06-16 16:23:43,166 [pool-1063-thread-1] INFO  server.RaftServerConfigKeys (ConfUtils.java:logGet(46)) - raft.server.log.appender.buffer.byte-limit = 33554432 (custom)
2022-06-16 16:23:43,166 [pool-1063-thread-1] INFO  server.RaftServerConfigKeys (ConfUtils.java:logGet(46)) - raft.server.log.statemachine.data.read.timeout = 1000ms (default)
2022-06-16 16:23:43,166 [pool-1063-thread-1] INFO  server.RaftServerConfigKeys (ConfUtils.java:logGet(46)) - raft.server.log.segment.size.max = 1048576 (custom)
2022-06-16 16:23:43,167 [pool-1063-thread-1] INFO  server.RaftServerConfigKeys (ConfUtils.java:logGet(46)) - raft.server.log.segment.cache.num.max = 2 (custom)
2022-06-16 16:23:43,167 [pool-1063-thread-1] INFO  server.RaftServerConfigKeys (ConfUtils.java:logGet(46)) - raft.server.log.segment.cache.size.max = 200MB (=209715200) (default)
2022-06-16 16:23:43,167 [pool-1063-thread-1] INFO  segmented.SegmentedRaftLogWorker (SegmentedRaftLogWorker.java:<init>(187)) - new bd7010b0-d724-4aae-b0ab-320b4ad428f6@group-B2E5078CEDD4-SegmentedRaftLogWorker for RaftStorageImpl:Storage Directory /home/runner/work/ozone/ozone/hadoop-ozone/integration-test/target/test-dir/MiniOzoneClusterImpl-013b413b-6c7c-488f-84aa-e92bb4d6b165/datanode-0/data/ratis/6a26a632-5d1f-4065-86cc-b2e5078cedd4
2022-06-16 16:23:43,167 [pool-1063-thread-1] INFO  server.RaftServerConfigKeys (ConfUtils.java:logGet(46)) - raft.server.log.queue.byte-limit = 4294967296 (custom)
2022-06-16 16:23:43,167 [pool-1063-thread-1] INFO  server.RaftServerConfigKeys (ConfUtils.java:logGet(46)) - raft.server.log.queue.element-limit = 1024 (custom)
2022-06-16 16:23:43,167 [pool-1063-thread-1] INFO  server.RaftServerConfigKeys (ConfUtils.java:logGet(46)) - raft.server.log.segment.size.max = 1048576 (custom)
2022-06-16 16:23:43,167 [pool-1063-thread-1] INFO  server.RaftServerConfigKeys (ConfUtils.java:logGet(46)) - raft.server.log.preallocated.size = 16384 (custom)
2022-06-16 16:23:43,167 [pool-1063-thread-1] INFO  server.RaftServerConfigKeys (ConfUtils.java:logGet(46)) - raft.server.log.force.sync.num = 128 (default)
2022-06-16 16:23:43,167 [pool-1063-thread-1] INFO  server.RaftServerConfigKeys (ConfUtils.java:logGet(46)) - raft.server.log.statemachine.data.sync = true (default)
2022-06-16 16:23:43,167 [pool-1063-thread-1] INFO  server.RaftServerConfigKeys (ConfUtils.java:logGet(46)) - raft.server.log.statemachine.data.sync.timeout = 10s (default)
2022-06-16 16:23:43,167 [pool-1063-thread-1] INFO  server.RaftServerConfigKeys (ConfUtils.java:logGet(46)) - raft.server.log.statemachine.data.sync.timeout.retry = -1 (default)
2022-06-16 16:23:43,168 [pool-1107-thread-1] INFO  storage.RaftStorage (RaftStorageImpl.java:format(89)) - Storage directory /home/runner/work/ozone/ozone/hadoop-ozone/integration-test/target/test-dir/MiniOzoneClusterImpl-013b413b-6c7c-488f-84aa-e92bb4d6b165/datanode-2/data/ratis/6a26a632-5d1f-4065-86cc-b2e5078cedd4 has been successfully formatted.
2022-06-16 16:23:43,168 [pool-1063-thread-1] INFO  server.RaftServerConfigKeys (ConfUtils.java:logGet(46)) - raft.server.log.write.buffer.size = 1048576 (custom)
2022-06-16 16:23:43,169 [pool-1107-thread-1] INFO  ratis.ContainerStateMachine (ContainerStateMachine.java:loadSnapshot(236)) - group-B2E5078CEDD4: The snapshot info is null. Setting the last applied indexto:(t:0, i:~)
2022-06-16 16:23:43,169 [pool-1107-thread-1] INFO  server.RaftServerConfigKeys (ConfUtils.java:logGet(46)) - raft.server.notification.no-leader.timeout = 300s (custom)
2022-06-16 16:23:43,169 [pool-1107-thread-1] INFO  server.RaftServerConfigKeys (ConfUtils.java:logGet(46)) - raft.server.log.use.memory = false (default)
2022-06-16 16:23:43,169 [pool-1107-thread-1] INFO  server.RaftServerConfigKeys (ConfUtils.java:logGet(46)) - raft.server.log.purge.gap = 1000000 (custom)
2022-06-16 16:23:43,169 [pool-1107-thread-1] INFO  server.RaftServerConfigKeys (ConfUtils.java:logGet(46)) - raft.server.log.appender.buffer.byte-limit = 33554432 (custom)
2022-06-16 16:23:43,169 [pool-1107-thread-1] INFO  server.RaftServerConfigKeys (ConfUtils.java:logGet(46)) - raft.server.log.statemachine.data.read.timeout = 1000ms (default)
2022-06-16 16:23:43,169 [pool-1107-thread-1] INFO  server.RaftServerConfigKeys (ConfUtils.java:logGet(46)) - raft.server.log.segment.size.max = 1048576 (custom)
2022-06-16 16:23:43,169 [pool-1063-thread-1] INFO  server.RaftServerConfigKeys (ConfUtils.java:logGet(46)) - raft.server.log.unsafe-flush.enabled = false (default)
2022-06-16 16:23:43,169 [pool-1063-thread-1] INFO  server.RaftServerConfigKeys (ConfUtils.java:logGet(46)) - raft.server.log.statemachine.data.caching.enabled = true (custom)
2022-06-16 16:23:43,169 [pool-1063-thread-1] INFO  segmented.SegmentedRaftLogWorker (SegmentedRaftLogWorker.java:lambda$new$0(135)) - bd7010b0-d724-4aae-b0ab-320b4ad428f6@group-B2E5078CEDD4-SegmentedRaftLogWorker: flushIndex: setUnconditionally 0 -> -1
2022-06-16 16:23:43,169 [pool-1063-thread-1] INFO  segmented.SegmentedRaftLogWorker (SegmentedRaftLogWorker.java:lambda$new$0(135)) - bd7010b0-d724-4aae-b0ab-320b4ad428f6@group-B2E5078CEDD4-SegmentedRaftLogWorker: safeCacheEvictIndex: setUnconditionally 0 -> -1
2022-06-16 16:23:43,170 [pool-1107-thread-1] INFO  server.RaftServerConfigKeys (ConfUtils.java:logGet(46)) - raft.server.log.segment.cache.num.max = 2 (custom)
2022-06-16 16:23:43,170 [pool-1107-thread-1] INFO  server.RaftServerConfigKeys (ConfUtils.java:logGet(46)) - raft.server.log.segment.cache.size.max = 200MB (=209715200) (default)
2022-06-16 16:23:43,170 [pool-1107-thread-1] INFO  segmented.SegmentedRaftLogWorker (SegmentedRaftLogWorker.java:<init>(187)) - new bbd9c71d-1d51-4586-8dfe-839c345bb7aa@group-B2E5078CEDD4-SegmentedRaftLogWorker for RaftStorageImpl:Storage Directory /home/runner/work/ozone/ozone/hadoop-ozone/integration-test/target/test-dir/MiniOzoneClusterImpl-013b413b-6c7c-488f-84aa-e92bb4d6b165/datanode-2/data/ratis/6a26a632-5d1f-4065-86cc-b2e5078cedd4
2022-06-16 16:23:43,170 [pool-1107-thread-1] INFO  server.RaftServerConfigKeys (ConfUtils.java:logGet(46)) - raft.server.log.queue.byte-limit = 4294967296 (custom)
2022-06-16 16:23:43,170 [EventQueue-OpenPipelineForHealthyPipelineSafeModeRule] INFO  safemode.SCMSafeModeManager (HealthyPipelineSafeModeRule.java:process(124)) - SCM in safe mode. Healthy pipelines reported count is 0, required healthy pipeline reported count is 1
2022-06-16 16:23:43,170 [pool-1107-thread-1] INFO  server.RaftServerConfigKeys (ConfUtils.java:logGet(46)) - raft.server.log.queue.element-limit = 1024 (custom)
2022-06-16 16:23:43,170 [pool-1107-thread-1] INFO  server.RaftServerConfigKeys (ConfUtils.java:logGet(46)) - raft.server.log.segment.size.max = 1048576 (custom)
2022-06-16 16:23:43,170 [pool-1107-thread-1] INFO  server.RaftServerConfigKeys (ConfUtils.java:logGet(46)) - raft.server.log.preallocated.size = 16384 (custom)
2022-06-16 16:23:43,170 [pool-1107-thread-1] INFO  server.RaftServerConfigKeys (ConfUtils.java:logGet(46)) - raft.server.log.force.sync.num = 128 (default)
2022-06-16 16:23:43,170 [pool-1107-thread-1] INFO  server.RaftServerConfigKeys (ConfUtils.java:logGet(46)) - raft.server.log.statemachine.data.sync = true (default)
2022-06-16 16:23:43,170 [pool-1107-thread-1] INFO  server.RaftServerConfigKeys (ConfUtils.java:logGet(46)) - raft.server.log.statemachine.data.sync.timeout = 10s (default)
2022-06-16 16:23:43,170 [pool-1107-thread-1] INFO  server.RaftServerConfigKeys (ConfUtils.java:logGet(46)) - raft.server.log.statemachine.data.sync.timeout.retry = -1 (default)
2022-06-16 16:23:43,182 [pool-1063-thread-1] INFO  server.RaftServerConfigKeys (ConfUtils.java:logGet(46)) - raft.server.snapshot.auto.trigger.enabled = true (custom)
2022-06-16 16:23:43,182 [pool-1063-thread-1] INFO  server.RaftServerConfigKeys (ConfUtils.java:logGet(46)) - raft.server.snapshot.auto.trigger.threshold = 10000 (custom)
2022-06-16 16:23:43,182 [pool-1063-thread-1] INFO  server.RaftServerConfigKeys (ConfUtils.java:logGet(46)) - raft.server.snapshot.retention.file.num = 5 (custom)
2022-06-16 16:23:43,182 [pool-1063-thread-1] INFO  server.RaftServerConfigKeys (ConfUtils.java:logGet(46)) - raft.server.log.purge.upto.snapshot.index = false (default)
2022-06-16 16:23:43,182 [pool-1063-thread-1] INFO  server.RaftServerConfigKeys (ConfUtils.java:logGet(46)) - raft.server.retrycache.expirytime = 600000ms (custom)
2022-06-16 16:23:43,182 [pool-1063-thread-1] INFO  server.RaftServerConfigKeys (ConfUtils.java:logGet(46)) - raft.server.retrycache.statistics.expirytime = 100μs (default)
2022-06-16 16:23:43,184 [pool-1063-thread-1] INFO  server.RaftServerConfigKeys (ConfUtils.java:logGet(46)) - raft.server.log.appender.install.snapshot.enabled = false (custom)
2022-06-16 16:23:43,184 [pool-1063-thread-1] INFO  server.RaftServerConfigKeys (ConfUtils.java:logGet(46)) - raft.server.threadpool.server.cached = true (default)
2022-06-16 16:23:43,184 [pool-1063-thread-1] INFO  server.RaftServerConfigKeys (ConfUtils.java:logGet(46)) - raft.server.threadpool.server.size = 0 (default)
2022-06-16 16:23:43,184 [pool-1063-thread-1] INFO  server.RaftServerConfigKeys (ConfUtils.java:logGet(46)) - raft.server.threadpool.client.cached = true (default)
2022-06-16 16:23:43,184 [pool-1063-thread-1] INFO  server.RaftServerConfigKeys (ConfUtils.java:logGet(46)) - raft.server.threadpool.client.size = 0 (default)
2022-06-16 16:23:43,184 [pool-1063-thread-1] INFO  server.RaftServer$Division (RaftServerImpl.java:start(310)) - bd7010b0-d724-4aae-b0ab-320b4ad428f6@group-B2E5078CEDD4: start as a follower, conf=-1: [7086d85c-5d6d-4b3d-a268-a825c95e3ca8|rpc:10.1.0.16:45221|priority:1, bbd9c71d-1d51-4586-8dfe-839c345bb7aa|rpc:10.1.0.16:39765|priority:0, bd7010b0-d724-4aae-b0ab-320b4ad428f6|rpc:10.1.0.16:43957|priority:0], old=null
2022-06-16 16:23:43,184 [pool-1063-thread-1] INFO  server.RaftServer$Division (RaftServerImpl.java:setRole(299)) - bd7010b0-d724-4aae-b0ab-320b4ad428f6@group-B2E5078CEDD4: changes role from      null to FOLLOWER at term 0 for startAsFollower
2022-06-16 16:23:43,184 [pool-1063-thread-1] INFO  impl.RoleInfo (RoleInfo.java:updateAndGet(139)) - bd7010b0-d724-4aae-b0ab-320b4ad428f6: start bd7010b0-d724-4aae-b0ab-320b4ad428f6@group-B2E5078CEDD4-FollowerState
2022-06-16 16:23:43,190 [pool-1063-thread-1] INFO  util.JmxRegister (JmxRegister.java:tryRegister(44)) - Successfully registered JMX Bean with object name Ratis:service=RaftServer,group=group-B2E5078CEDD4,id=bd7010b0-d724-4aae-b0ab-320b4ad428f6
2022-06-16 16:23:43,254 [Command processor thread] INFO  ratis.XceiverServerRatis (XceiverServerRatis.java:addGroup(765)) - Created group PipelineID=6a26a632-5d1f-4065-86cc-b2e5078cedd4
2022-06-16 16:23:43,255 [pool-1107-thread-1] INFO  server.RaftServerConfigKeys (ConfUtils.java:logGet(46)) - raft.server.log.write.buffer.size = 1048576 (custom)
2022-06-16 16:23:43,256 [pool-1107-thread-1] INFO  server.RaftServerConfigKeys (ConfUtils.java:logGet(46)) - raft.server.log.unsafe-flush.enabled = false (default)
2022-06-16 16:23:43,256 [pool-1107-thread-1] INFO  server.RaftServerConfigKeys (ConfUtils.java:logGet(46)) - raft.server.log.statemachine.data.caching.enabled = true (custom)
2022-06-16 16:23:43,256 [pool-1107-thread-1] INFO  segmented.SegmentedRaftLogWorker (SegmentedRaftLogWorker.java:lambda$new$0(135)) - bbd9c71d-1d51-4586-8dfe-839c345bb7aa@group-B2E5078CEDD4-SegmentedRaftLogWorker: flushIndex: setUnconditionally 0 -> -1
2022-06-16 16:23:43,256 [pool-1107-thread-1] INFO  segmented.SegmentedRaftLogWorker (SegmentedRaftLogWorker.java:lambda$new$0(135)) - bbd9c71d-1d51-4586-8dfe-839c345bb7aa@group-B2E5078CEDD4-SegmentedRaftLogWorker: safeCacheEvictIndex: setUnconditionally 0 -> -1
2022-06-16 16:23:43,264 [pool-1107-thread-1] INFO  server.RaftServerConfigKeys (ConfUtils.java:logGet(46)) - raft.server.snapshot.auto.trigger.enabled = true (custom)
2022-06-16 16:23:43,264 [pool-1107-thread-1] INFO  server.RaftServerConfigKeys (ConfUtils.java:logGet(46)) - raft.server.snapshot.auto.trigger.threshold = 10000 (custom)
2022-06-16 16:23:43,264 [pool-1107-thread-1] INFO  server.RaftServerConfigKeys (ConfUtils.java:logGet(46)) - raft.server.snapshot.retention.file.num = 5 (custom)
2022-06-16 16:23:43,265 [pool-1107-thread-1] INFO  server.RaftServerConfigKeys (ConfUtils.java:logGet(46)) - raft.server.log.purge.upto.snapshot.index = false (default)
2022-06-16 16:23:43,265 [pool-1107-thread-1] INFO  server.RaftServerConfigKeys (ConfUtils.java:logGet(46)) - raft.server.retrycache.expirytime = 600000ms (custom)
2022-06-16 16:23:43,265 [pool-1107-thread-1] INFO  server.RaftServerConfigKeys (ConfUtils.java:logGet(46)) - raft.server.retrycache.statistics.expirytime = 100μs (default)
2022-06-16 16:23:43,266 [pool-1107-thread-1] INFO  server.RaftServerConfigKeys (ConfUtils.java:logGet(46)) - raft.server.log.appender.install.snapshot.enabled = false (custom)
2022-06-16 16:23:43,266 [pool-1107-thread-1] INFO  server.RaftServerConfigKeys (ConfUtils.java:logGet(46)) - raft.server.threadpool.server.cached = true (default)
2022-06-16 16:23:43,266 [pool-1107-thread-1] INFO  server.RaftServerConfigKeys (ConfUtils.java:logGet(46)) - raft.server.threadpool.server.size = 0 (default)
2022-06-16 16:23:43,266 [pool-1107-thread-1] INFO  server.RaftServerConfigKeys (ConfUtils.java:logGet(46)) - raft.server.threadpool.client.cached = true (default)
2022-06-16 16:23:43,266 [pool-1107-thread-1] INFO  server.RaftServerConfigKeys (ConfUtils.java:logGet(46)) - raft.server.threadpool.client.size = 0 (default)
2022-06-16 16:23:43,266 [pool-1107-thread-1] INFO  server.RaftServer$Division (RaftServerImpl.java:start(310)) - bbd9c71d-1d51-4586-8dfe-839c345bb7aa@group-B2E5078CEDD4: start as a follower, conf=-1: [7086d85c-5d6d-4b3d-a268-a825c95e3ca8|rpc:10.1.0.16:45221|dataStream:|priority:1, bbd9c71d-1d51-4586-8dfe-839c345bb7aa|rpc:10.1.0.16:39765|dataStream:|priority:0, bd7010b0-d724-4aae-b0ab-320b4ad428f6|rpc:10.1.0.16:43957|dataStream:|priority:0], old=null
2022-06-16 16:23:43,268 [pool-1107-thread-1] INFO  server.RaftServer$Division (RaftServerImpl.java:setRole(299)) - bbd9c71d-1d51-4586-8dfe-839c345bb7aa@group-B2E5078CEDD4: changes role from      null to FOLLOWER at term 0 for startAsFollower
2022-06-16 16:23:43,286 [pool-1107-thread-1] INFO  impl.RoleInfo (RoleInfo.java:updateAndGet(139)) - bbd9c71d-1d51-4586-8dfe-839c345bb7aa: start bbd9c71d-1d51-4586-8dfe-839c345bb7aa@group-B2E5078CEDD4-FollowerState
2022-06-16 16:23:43,291 [pool-1107-thread-1] INFO  util.JmxRegister (JmxRegister.java:tryRegister(44)) - Successfully registered JMX Bean with object name Ratis:service=RaftServer,group=group-B2E5078CEDD4,id=bbd9c71d-1d51-4586-8dfe-839c345bb7aa
2022-06-16 16:23:43,655 [Command processor thread] INFO  commandhandler.CreatePipelineCommandHandler (CreatePipelineCommandHandler.java:handle(113)) - Created Pipeline RATIS THREE PipelineID=6a26a632-5d1f-4065-86cc-b2e5078cedd4.
2022-06-16 16:23:43,656 [Command processor thread] INFO  commandhandler.CreatePipelineCommandHandler (CreatePipelineCommandHandler.java:handle(113)) - Created Pipeline RATIS THREE PipelineID=6a26a632-5d1f-4065-86cc-b2e5078cedd4.
2022-06-16 16:23:43,687 [Listener at 127.0.0.1/44357] INFO  ozone.MiniOzoneClusterImpl (MiniOzoneClusterImpl.java:lambda$waitForClusterToBeReady$0(221)) - Waiting for nodes to be ready. Got 3 of 5 DN Heartbeats.
2022-06-16 16:23:43,687 [Listener at 127.0.0.1/44357] INFO  ozone.MiniOzoneClusterImpl (MiniOzoneClusterImpl.java:lambda$waitForClusterToBeReady$0(224)) - Waiting for cluster to exit safe mode
2022-06-16 16:23:43,687 [Listener at 127.0.0.1/44357] INFO  ozone.MiniOzoneClusterImpl (MiniOzoneClusterImpl.java:lambda$waitForClusterToBeReady$0(226)) - SCM became leader
2022-06-16 16:23:43,693 [IPC Server handler 5 on default port 36471] INFO  net.NetworkTopologyImpl (NetworkTopologyImpl.java:add(112)) - Added a new node: /default-rack/91a9e9e8-6175-4c5b-8041-356e8188cfdf
2022-06-16 16:23:43,693 [IPC Server handler 5 on default port 36471] INFO  node.SCMNodeManager (SCMNodeManager.java:register(394)) - Registered Data node : 91a9e9e8-6175-4c5b-8041-356e8188cfdf{ip: 10.1.0.16, host: fv-az37-268.zqe2tmcsx5vuvjs3sdc4q2yfud.gx.internal.cloudapp.net, ports: [REPLICATION=38467, RATIS=42457, RATIS_ADMIN=42457, RATIS_SERVER=42457, STANDALONE=42995], networkLocation: /default-rack, certSerialId: null, persistedOpState: null, persistedOpStateExpiryEpochSec: 0}
2022-06-16 16:23:43,694 [EventQueue-NewNodeForNewNodeHandler] INFO  pipeline.BackgroundPipelineCreator (BackgroundPipelineCreator.java:notifyEventTriggered(272)) - trigger a one-shot run on RatisPipelineUtilsThread.
2022-06-16 16:23:43,747 [RatisPipelineUtilsThread - 0] INFO  pipeline.RatisPipelineProvider (RatisPipelineProvider.java:lambda$create$0(195)) - Sending CreatePipelineCommand for pipeline:PipelineID=7390833a-f317-4738-bbc8-efb21a203b37 to datanode:91a9e9e8-6175-4c5b-8041-356e8188cfdf
2022-06-16 16:23:43,747 [RatisPipelineUtilsThread - 0] INFO  pipeline.PipelineStateManagerImpl (PipelineStateManagerImpl.java:addPipeline(101)) - Created pipeline Pipeline[ Id: 7390833a-f317-4738-bbc8-efb21a203b37, Nodes: 91a9e9e8-6175-4c5b-8041-356e8188cfdf{ip: 10.1.0.16, host: fv-az37-268.zqe2tmcsx5vuvjs3sdc4q2yfud.gx.internal.cloudapp.net, ports: [REPLICATION=38467, RATIS=42457, RATIS_ADMIN=42457, RATIS_SERVER=42457, STANDALONE=42995], networkLocation: /default-rack, certSerialId: null, persistedOpState: IN_SERVICE, persistedOpStateExpiryEpochSec: 0}, ReplicationConfig: RATIS/ONE, State:ALLOCATED, leaderId:, CreationTimestamp2022-06-16T16:23:43.747Z[Etc/UTC]].
2022-06-16 16:23:43,982 [EndpointStateMachine task thread for /0.0.0.0:36471 - 0 ] INFO  volume.HddsVolume (HddsVolume.java:createDbStore(309)) - SchemaV3 db is created and loaded at /home/runner/work/ozone/ozone/hadoop-ozone/integration-test/target/test-dir/MiniOzoneClusterImpl-013b413b-6c7c-488f-84aa-e92bb4d6b165/datanode-4/data-0/containers/hdds/013b413b-6c7c-488f-84aa-e92bb4d6b165/DS-20c66572-9d5f-408e-975e-c821f9883f63/container.db for volume DS-20c66572-9d5f-408e-975e-c821f9883f63
2022-06-16 16:23:43,983 [EndpointStateMachine task thread for /0.0.0.0:36471 - 0 ] INFO  volume.HddsVolume (HddsVolume.java:closeDbStore(340)) - SchemaV3 db is stopped at /home/runner/work/ozone/ozone/hadoop-ozone/integration-test/target/test-dir/MiniOzoneClusterImpl-013b413b-6c7c-488f-84aa-e92bb4d6b165/datanode-4/data-0/containers/hdds/013b413b-6c7c-488f-84aa-e92bb4d6b165/DS-20c66572-9d5f-408e-975e-c821f9883f63/container.db for volume DS-20c66572-9d5f-408e-975e-c821f9883f63
2022-06-16 16:23:43,983 [EndpointStateMachine task thread for /0.0.0.0:36471 - 0 ] INFO  ozoneimpl.OzoneContainer (OzoneContainer.java:start(344)) - Attempting to start container services.
2022-06-16 16:23:43,983 [EndpointStateMachine task thread for /0.0.0.0:36471 - 0 ] INFO  ozoneimpl.OzoneContainer (OzoneContainer.java:startContainerScrub(279)) - Background container scanner has been disabled.
2022-06-16 16:23:43,988 [EndpointStateMachine task thread for /0.0.0.0:36471 - 0 ] INFO  replication.ReplicationServer (ReplicationServer.java:start(111)) - ReplicationServer is started using port 36949
2022-06-16 16:23:43,989 [EndpointStateMachine task thread for /0.0.0.0:36471 - 0 ] INFO  ratis.XceiverServerRatis (XceiverServerRatis.java:start(481)) - Starting XceiverServerRatis 114f19ad-63b2-4d1e-94e1-d37be13df7e0
2022-06-16 16:23:43,989 [EndpointStateMachine task thread for /0.0.0.0:36471 - 0 ] INFO  server.RaftServer (RaftServerProxy.java:lambda$start$6(382)) - 114f19ad-63b2-4d1e-94e1-d37be13df7e0: start RPC server
2022-06-16 16:23:44,039 [EndpointStateMachine task thread for /0.0.0.0:36471 - 0 ] INFO  server.GrpcService (GrpcService.java:startImpl(260)) - 114f19ad-63b2-4d1e-94e1-d37be13df7e0: GrpcService started, listening on 39887
2022-06-16 16:23:44,042 [EndpointStateMachine task thread for /0.0.0.0:36471 - 0 ] INFO  ratis.XceiverServerRatis (XceiverServerRatis.java:getRealPort(502)) - XceiverServerRatis 114f19ad-63b2-4d1e-94e1-d37be13df7e0 is started using port 39887 for RATIS
2022-06-16 16:23:44,042 [EndpointStateMachine task thread for /0.0.0.0:36471 - 0 ] INFO  ratis.XceiverServerRatis (XceiverServerRatis.java:getRealPort(502)) - XceiverServerRatis 114f19ad-63b2-4d1e-94e1-d37be13df7e0 is started using port 39887 for RATIS_ADMIN
2022-06-16 16:23:44,042 [EndpointStateMachine task thread for /0.0.0.0:36471 - 0 ] INFO  ratis.XceiverServerRatis (XceiverServerRatis.java:getRealPort(502)) - XceiverServerRatis 114f19ad-63b2-4d1e-94e1-d37be13df7e0 is started using port 39887 for RATIS_SERVER
2022-06-16 16:23:44,042 [org.apache.ratis.util.JvmPauseMonitor$$Lambda$611/1702991963@51eb1798] INFO  util.JvmPauseMonitor (JvmPauseMonitor.java:run(103)) - JvmPauseMonitor-114f19ad-63b2-4d1e-94e1-d37be13df7e0: Started
2022-06-16 16:23:44,094 [EndpointStateMachine task thread for /0.0.0.0:36471 - 0 ] INFO  server.XceiverServerGrpc (XceiverServerGrpc.java:start(180)) - XceiverServerGrpc 114f19ad-63b2-4d1e-94e1-d37be13df7e0 is started using port 35531
2022-06-16 16:23:44,394 [Command processor thread] INFO  server.RaftServer (RaftServerProxy.java:addNew(96)) - bbd9c71d-1d51-4586-8dfe-839c345bb7aa: addNew group-009A5ABE3A2A:[bbd9c71d-1d51-4586-8dfe-839c345bb7aa|rpc:10.1.0.16:39765|priority:1] returns group-009A5ABE3A2A:java.util.concurrent.CompletableFuture@1bcff1cd[Not completed]
2022-06-16 16:23:44,395 [pool-1107-thread-1] INFO  server.RaftServer$Division (RaftServerImpl.java:<init>(190)) - bbd9c71d-1d51-4586-8dfe-839c345bb7aa: new RaftServerImpl for group-009A5ABE3A2A:[bbd9c71d-1d51-4586-8dfe-839c345bb7aa|rpc:10.1.0.16:39765|priority:1] with ContainerStateMachine:uninitialized
2022-06-16 16:23:44,395 [pool-1107-thread-1] INFO  server.RaftServerConfigKeys (ConfUtils.java:logGet(46)) - raft.server.rpc.timeout.min = 5s (custom)
2022-06-16 16:23:44,395 [pool-1107-thread-1] INFO  server.RaftServerConfigKeys (ConfUtils.java:logGet(46)) - raft.server.rpc.timeout.max = 5200ms (custom)
2022-06-16 16:23:44,395 [pool-1107-thread-1] INFO  server.RaftServerConfigKeys (ConfUtils.java:logGet(46)) - raft.server.rpc.sleep.time = 25ms (default)
2022-06-16 16:23:44,395 [pool-1107-thread-1] INFO  server.RaftServerConfigKeys (ConfUtils.java:logGet(46)) - raft.server.rpc.slowness.timeout = 300s (custom)
2022-06-16 16:23:44,395 [pool-1107-thread-1] INFO  server.RaftServerConfigKeys (ConfUtils.java:logGet(46)) - raft.server.leaderelection.leader.step-down.wait-time = 10s (default)
2022-06-16 16:23:44,395 [pool-1107-thread-1] INFO  server.RaftServerConfigKeys (ConfUtils.java:logGet(46)) - raft.server.sleep.deviation.threshold = 300ms (default)
2022-06-16 16:23:44,395 [pool-1107-thread-1] INFO  server.RaftServer$Division (ServerState.java:<init>(107)) - bbd9c71d-1d51-4586-8dfe-839c345bb7aa@group-009A5ABE3A2A: ConfigurationManager, init=-1: [bbd9c71d-1d51-4586-8dfe-839c345bb7aa|rpc:10.1.0.16:39765|priority:1], old=null, confs=<EMPTY_MAP>
2022-06-16 16:23:44,395 [pool-1107-thread-1] INFO  server.RaftServerConfigKeys (ConfUtils.java:logGet(46)) - raft.server.storage.dir = [/home/runner/work/ozone/ozone/hadoop-ozone/integration-test/target/test-dir/MiniOzoneClusterImpl-013b413b-6c7c-488f-84aa-e92bb4d6b165/datanode-2/data/ratis] (custom)
2022-06-16 16:23:44,395 [pool-1107-thread-1] INFO  server.RaftServerConfigKeys (ConfUtils.java:logGet(46)) - raft.server.log.corruption.policy = EXCEPTION (default)
2022-06-16 16:23:44,395 [pool-1107-thread-1] INFO  server.RaftServerConfigKeys (ConfUtils.java:logGet(46)) - raft.server.storage.free-space.min = 0MB (=0) (default)
2022-06-16 16:23:44,396 [pool-1107-thread-1] INFO  storage.RaftStorageDirectory (RaftStorageDirectoryImpl.java:analyzeStorage(135)) - The storage directory /home/runner/work/ozone/ozone/hadoop-ozone/integration-test/target/test-dir/MiniOzoneClusterImpl-013b413b-6c7c-488f-84aa-e92bb4d6b165/datanode-2/data/ratis/78862d5b-c410-4ce1-83a9-009a5abe3a2a does not exist. Creating ...
2022-06-16 16:23:44,397 [pool-1107-thread-1] INFO  storage.RaftStorageDirectory (RaftStorageDirectoryImpl.java:tryLock(230)) - Lock on /home/runner/work/ozone/ozone/hadoop-ozone/integration-test/target/test-dir/MiniOzoneClusterImpl-013b413b-6c7c-488f-84aa-e92bb4d6b165/datanode-2/data/ratis/78862d5b-c410-4ce1-83a9-009a5abe3a2a/in_use.lock acquired by nodename 3861@fv-az37-268
2022-06-16 16:23:44,399 [pool-1107-thread-1] INFO  storage.RaftStorage (RaftStorageImpl.java:format(89)) - Storage directory /home/runner/work/ozone/ozone/hadoop-ozone/integration-test/target/test-dir/MiniOzoneClusterImpl-013b413b-6c7c-488f-84aa-e92bb4d6b165/datanode-2/data/ratis/78862d5b-c410-4ce1-83a9-009a5abe3a2a has been successfully formatted.
2022-06-16 16:23:44,399 [pool-1107-thread-1] INFO  ratis.ContainerStateMachine (ContainerStateMachine.java:loadSnapshot(236)) - group-009A5ABE3A2A: The snapshot info is null. Setting the last applied indexto:(t:0, i:~)
2022-06-16 16:23:44,399 [pool-1107-thread-1] INFO  server.RaftServerConfigKeys (ConfUtils.java:logGet(46)) - raft.server.notification.no-leader.timeout = 300s (custom)
2022-06-16 16:23:44,399 [pool-1107-thread-1] INFO  server.RaftServerConfigKeys (ConfUtils.java:logGet(46)) - raft.server.log.use.memory = false (default)
2022-06-16 16:23:44,399 [pool-1107-thread-1] INFO  server.RaftServerConfigKeys (ConfUtils.java:logGet(46)) - raft.server.log.purge.gap = 1000000 (custom)
2022-06-16 16:23:44,399 [pool-1107-thread-1] INFO  server.RaftServerConfigKeys (ConfUtils.java:logGet(46)) - raft.server.log.appender.buffer.byte-limit = 33554432 (custom)
2022-06-16 16:23:44,399 [pool-1107-thread-1] INFO  server.RaftServerConfigKeys (ConfUtils.java:logGet(46)) - raft.server.log.statemachine.data.read.timeout = 1000ms (default)
2022-06-16 16:23:44,399 [pool-1107-thread-1] INFO  server.RaftServerConfigKeys (ConfUtils.java:logGet(46)) - raft.server.log.segment.size.max = 1048576 (custom)
2022-06-16 16:23:44,399 [EventQueue-PipelineReportForPipelineReportHandler] INFO  pipeline.PipelineManagerImpl (PipelineManagerImpl.java:openPipeline(356)) - Pipeline Pipeline[ Id: 78862d5b-c410-4ce1-83a9-009a5abe3a2a, Nodes: bbd9c71d-1d51-4586-8dfe-839c345bb7aa{ip: 10.1.0.16, host: fv-az37-268.zqe2tmcsx5vuvjs3sdc4q2yfud.gx.internal.cloudapp.net, ports: [REPLICATION=40751, RATIS=39765, RATIS_ADMIN=39765, RATIS_SERVER=39765, STANDALONE=46569], networkLocation: /default-rack, certSerialId: null, persistedOpState: IN_SERVICE, persistedOpStateExpiryEpochSec: 0}, ReplicationConfig: RATIS/ONE, State:ALLOCATED, leaderId:bbd9c71d-1d51-4586-8dfe-839c345bb7aa, CreationTimestamp2022-06-16T16:23:41.442Z[Etc/UTC]] moved to OPEN state
2022-06-16 16:23:44,400 [EventQueue-OpenPipelineForHealthyPipelineSafeModeRule] INFO  safemode.SCMSafeModeManager (HealthyPipelineSafeModeRule.java:process(124)) - SCM in safe mode. Healthy pipelines reported count is 0, required healthy pipeline reported count is 1
2022-06-16 16:23:44,401 [pool-1107-thread-1] INFO  server.RaftServerConfigKeys (ConfUtils.java:logGet(46)) - raft.server.log.segment.cache.num.max = 2 (custom)
2022-06-16 16:23:44,401 [pool-1107-thread-1] INFO  server.RaftServerConfigKeys (ConfUtils.java:logGet(46)) - raft.server.log.segment.cache.size.max = 200MB (=209715200) (default)
2022-06-16 16:23:44,401 [pool-1107-thread-1] INFO  segmented.SegmentedRaftLogWorker (SegmentedRaftLogWorker.java:<init>(187)) - new bbd9c71d-1d51-4586-8dfe-839c345bb7aa@group-009A5ABE3A2A-SegmentedRaftLogWorker for RaftStorageImpl:Storage Directory /home/runner/work/ozone/ozone/hadoop-ozone/integration-test/target/test-dir/MiniOzoneClusterImpl-013b413b-6c7c-488f-84aa-e92bb4d6b165/datanode-2/data/ratis/78862d5b-c410-4ce1-83a9-009a5abe3a2a
2022-06-16 16:23:44,401 [pool-1107-thread-1] INFO  server.RaftServerConfigKeys (ConfUtils.java:logGet(46)) - raft.server.log.queue.byte-limit = 4294967296 (custom)
2022-06-16 16:23:44,401 [pool-1107-thread-1] INFO  server.RaftServerConfigKeys (ConfUtils.java:logGet(46)) - raft.server.log.queue.element-limit = 1024 (custom)
2022-06-16 16:23:44,401 [pool-1107-thread-1] INFO  server.RaftServerConfigKeys (ConfUtils.java:logGet(46)) - raft.server.log.segment.size.max = 1048576 (custom)
2022-06-16 16:23:44,401 [pool-1107-thread-1] INFO  server.RaftServerConfigKeys (ConfUtils.java:logGet(46)) - raft.server.log.preallocated.size = 16384 (custom)
2022-06-16 16:23:44,401 [pool-1107-thread-1] INFO  server.RaftServerConfigKeys (ConfUtils.java:logGet(46)) - raft.server.log.force.sync.num = 128 (default)
2022-06-16 16:23:44,401 [pool-1107-thread-1] INFO  server.RaftServerConfigKeys (ConfUtils.java:logGet(46)) - raft.server.log.statemachine.data.sync = true (default)
2022-06-16 16:23:44,401 [pool-1107-thread-1] INFO  server.RaftServerConfigKeys (ConfUtils.java:logGet(46)) - raft.server.log.statemachine.data.sync.timeout = 10s (default)
2022-06-16 16:23:44,401 [pool-1107-thread-1] INFO  server.RaftServerConfigKeys (ConfUtils.java:logGet(46)) - raft.server.log.statemachine.data.sync.timeout.retry = -1 (default)
2022-06-16 16:23:44,402 [pool-1107-thread-1] INFO  server.RaftServerConfigKeys (ConfUtils.java:logGet(46)) - raft.server.log.write.buffer.size = 1048576 (custom)
2022-06-16 16:23:44,403 [pool-1107-thread-1] INFO  server.RaftServerConfigKeys (ConfUtils.java:logGet(46)) - raft.server.log.unsafe-flush.enabled = false (default)
2022-06-16 16:23:44,403 [pool-1107-thread-1] INFO  server.RaftServerConfigKeys (ConfUtils.java:logGet(46)) - raft.server.log.statemachine.data.caching.enabled = true (custom)
2022-06-16 16:23:44,403 [pool-1107-thread-1] INFO  segmented.SegmentedRaftLogWorker (SegmentedRaftLogWorker.java:lambda$new$0(135)) - bbd9c71d-1d51-4586-8dfe-839c345bb7aa@group-009A5ABE3A2A-SegmentedRaftLogWorker: flushIndex: setUnconditionally 0 -> -1
2022-06-16 16:23:44,403 [pool-1107-thread-1] INFO  segmented.SegmentedRaftLogWorker (SegmentedRaftLogWorker.java:lambda$new$0(135)) - bbd9c71d-1d51-4586-8dfe-839c345bb7aa@group-009A5ABE3A2A-SegmentedRaftLogWorker: safeCacheEvictIndex: setUnconditionally 0 -> -1
2022-06-16 16:23:44,406 [pool-1107-thread-1] INFO  server.RaftServerConfigKeys (ConfUtils.java:logGet(46)) - raft.server.snapshot.auto.trigger.enabled = true (custom)
2022-06-16 16:23:44,406 [pool-1107-thread-1] INFO  server.RaftServerConfigKeys (ConfUtils.java:logGet(46)) - raft.server.snapshot.auto.trigger.threshold = 10000 (custom)
2022-06-16 16:23:44,406 [pool-1107-thread-1] INFO  server.RaftServerConfigKeys (ConfUtils.java:logGet(46)) - raft.server.snapshot.retention.file.num = 5 (custom)
2022-06-16 16:23:44,406 [pool-1107-thread-1] INFO  server.RaftServerConfigKeys (ConfUtils.java:logGet(46)) - raft.server.log.purge.upto.snapshot.index = false (default)
2022-06-16 16:23:44,406 [pool-1107-thread-1] INFO  server.RaftServerConfigKeys (ConfUtils.java:logGet(46)) - raft.server.retrycache.expirytime = 600000ms (custom)
2022-06-16 16:23:44,406 [pool-1107-thread-1] INFO  server.RaftServerConfigKeys (ConfUtils.java:logGet(46)) - raft.server.retrycache.statistics.expirytime = 100μs (default)
2022-06-16 16:23:44,418 [pool-1107-thread-1] INFO  server.RaftServerConfigKeys (ConfUtils.java:logGet(46)) - raft.server.log.appender.install.snapshot.enabled = false (custom)
2022-06-16 16:23:44,418 [pool-1107-thread-1] INFO  server.RaftServerConfigKeys (ConfUtils.java:logGet(46)) - raft.server.threadpool.server.cached = true (default)
2022-06-16 16:23:44,418 [pool-1107-thread-1] INFO  server.RaftServerConfigKeys (ConfUtils.java:logGet(46)) - raft.server.threadpool.server.size = 0 (default)
2022-06-16 16:23:44,418 [pool-1107-thread-1] INFO  server.RaftServerConfigKeys (ConfUtils.java:logGet(46)) - raft.server.threadpool.client.cached = true (default)
2022-06-16 16:23:44,418 [pool-1107-thread-1] INFO  server.RaftServerConfigKeys (ConfUtils.java:logGet(46)) - raft.server.threadpool.client.size = 0 (default)
2022-06-16 16:23:44,418 [pool-1107-thread-1] INFO  server.RaftServer$Division (RaftServerImpl.java:start(310)) - bbd9c71d-1d51-4586-8dfe-839c345bb7aa@group-009A5ABE3A2A: start as a follower, conf=-1: [bbd9c71d-1d51-4586-8dfe-839c345bb7aa|rpc:10.1.0.16:39765|priority:1], old=null
2022-06-16 16:23:44,418 [pool-1107-thread-1] INFO  server.RaftServer$Division (RaftServerImpl.java:setRole(299)) - bbd9c71d-1d51-4586-8dfe-839c345bb7aa@group-009A5ABE3A2A: changes role from      null to FOLLOWER at term 0 for startAsFollower
2022-06-16 16:23:44,418 [pool-1107-thread-1] INFO  impl.RoleInfo (RoleInfo.java:updateAndGet(139)) - bbd9c71d-1d51-4586-8dfe-839c345bb7aa: start bbd9c71d-1d51-4586-8dfe-839c345bb7aa@group-009A5ABE3A2A-FollowerState
2022-06-16 16:23:44,450 [pool-1107-thread-1] INFO  util.JmxRegister (JmxRegister.java:tryRegister(44)) - Successfully registered JMX Bean with object name Ratis:service=RaftServer,group=group-009A5ABE3A2A,id=bbd9c71d-1d51-4586-8dfe-839c345bb7aa
2022-06-16 16:23:44,453 [Command processor thread] INFO  ratis.XceiverServerRatis (XceiverServerRatis.java:addGroup(765)) - Created group PipelineID=78862d5b-c410-4ce1-83a9-009a5abe3a2a
2022-06-16 16:23:44,453 [Command processor thread] INFO  commandhandler.CreatePipelineCommandHandler (CreatePipelineCommandHandler.java:handle(113)) - Created Pipeline RATIS ONE PipelineID=78862d5b-c410-4ce1-83a9-009a5abe3a2a.
2022-06-16 16:23:44,687 [Listener at 127.0.0.1/44357] INFO  ozone.MiniOzoneClusterImpl (MiniOzoneClusterImpl.java:lambda$waitForClusterToBeReady$0(221)) - Waiting for nodes to be ready. Got 4 of 5 DN Heartbeats.
2022-06-16 16:23:44,688 [Listener at 127.0.0.1/44357] INFO  ozone.MiniOzoneClusterImpl (MiniOzoneClusterImpl.java:lambda$waitForClusterToBeReady$0(224)) - Waiting for cluster to exit safe mode
2022-06-16 16:23:44,688 [Listener at 127.0.0.1/44357] INFO  ozone.MiniOzoneClusterImpl (MiniOzoneClusterImpl.java:lambda$waitForClusterToBeReady$0(226)) - SCM became leader
2022-06-16 16:23:45,688 [Listener at 127.0.0.1/44357] INFO  ozone.MiniOzoneClusterImpl (MiniOzoneClusterImpl.java:lambda$waitForClusterToBeReady$0(221)) - Waiting for nodes to be ready. Got 4 of 5 DN Heartbeats.
2022-06-16 16:23:45,688 [Listener at 127.0.0.1/44357] INFO  ozone.MiniOzoneClusterImpl (MiniOzoneClusterImpl.java:lambda$waitForClusterToBeReady$0(224)) - Waiting for cluster to exit safe mode
2022-06-16 16:23:45,688 [Listener at 127.0.0.1/44357] INFO  ozone.MiniOzoneClusterImpl (MiniOzoneClusterImpl.java:lambda$waitForClusterToBeReady$0(226)) - SCM became leader
2022-06-16 16:23:45,803 [IPC Server handler 10 on default port 36471] INFO  net.NetworkTopologyImpl (NetworkTopologyImpl.java:add(112)) - Added a new node: /default-rack/114f19ad-63b2-4d1e-94e1-d37be13df7e0
2022-06-16 16:23:45,803 [IPC Server handler 10 on default port 36471] INFO  node.SCMNodeManager (SCMNodeManager.java:register(394)) - Registered Data node : 114f19ad-63b2-4d1e-94e1-d37be13df7e0{ip: 10.1.0.16, host: fv-az37-268.zqe2tmcsx5vuvjs3sdc4q2yfud.gx.internal.cloudapp.net, ports: [REPLICATION=36949, RATIS=39887, RATIS_ADMIN=39887, RATIS_SERVER=39887, STANDALONE=35531], networkLocation: /default-rack, certSerialId: null, persistedOpState: null, persistedOpStateExpiryEpochSec: 0}
2022-06-16 16:23:45,803 [EventQueue-NewNodeForNewNodeHandler] INFO  pipeline.BackgroundPipelineCreator (BackgroundPipelineCreator.java:notifyEventTriggered(272)) - trigger a one-shot run on RatisPipelineUtilsThread.
2022-06-16 16:23:45,822 [RatisPipelineUtilsThread - 0] INFO  pipeline.RatisPipelineProvider (RatisPipelineProvider.java:lambda$create$0(195)) - Sending CreatePipelineCommand for pipeline:PipelineID=4dc86c0f-e78f-4bf7-9186-65568590af2f to datanode:114f19ad-63b2-4d1e-94e1-d37be13df7e0
2022-06-16 16:23:45,822 [RatisPipelineUtilsThread - 0] INFO  pipeline.PipelineStateManagerImpl (PipelineStateManagerImpl.java:addPipeline(101)) - Created pipeline Pipeline[ Id: 4dc86c0f-e78f-4bf7-9186-65568590af2f, Nodes: 114f19ad-63b2-4d1e-94e1-d37be13df7e0{ip: 10.1.0.16, host: fv-az37-268.zqe2tmcsx5vuvjs3sdc4q2yfud.gx.internal.cloudapp.net, ports: [REPLICATION=36949, RATIS=39887, RATIS_ADMIN=39887, RATIS_SERVER=39887, STANDALONE=35531], networkLocation: /default-rack, certSerialId: null, persistedOpState: IN_SERVICE, persistedOpStateExpiryEpochSec: 0}, ReplicationConfig: RATIS/ONE, State:ALLOCATED, leaderId:, CreationTimestamp2022-06-16T16:23:45.822Z[Etc/UTC]].
2022-06-16 16:23:46,238 [bd7010b0-d724-4aae-b0ab-320b4ad428f6@group-0119A9106D55-FollowerState] INFO  impl.FollowerState (FollowerState.java:run(143)) - bd7010b0-d724-4aae-b0ab-320b4ad428f6@group-0119A9106D55-FollowerState: change to CANDIDATE, lastRpcElapsedTime:5026878842ns, electionTimeout:5016ms
2022-06-16 16:23:46,238 [bd7010b0-d724-4aae-b0ab-320b4ad428f6@group-0119A9106D55-FollowerState] INFO  impl.RoleInfo (RoleInfo.java:shutdownFollowerState(110)) - bd7010b0-d724-4aae-b0ab-320b4ad428f6: shutdown bd7010b0-d724-4aae-b0ab-320b4ad428f6@group-0119A9106D55-FollowerState
2022-06-16 16:23:46,238 [bd7010b0-d724-4aae-b0ab-320b4ad428f6@group-0119A9106D55-FollowerState] INFO  server.RaftServer$Division (RaftServerImpl.java:setRole(299)) - bd7010b0-d724-4aae-b0ab-320b4ad428f6@group-0119A9106D55: changes role from  FOLLOWER to CANDIDATE at term 0 for changeToCandidate
2022-06-16 16:23:46,238 [bd7010b0-d724-4aae-b0ab-320b4ad428f6@group-0119A9106D55-FollowerState] INFO  server.RaftServerConfigKeys (ConfUtils.java:logGet(46)) - raft.server.leaderelection.pre-vote = false (custom)
2022-06-16 16:23:46,238 [bd7010b0-d724-4aae-b0ab-320b4ad428f6@group-0119A9106D55-FollowerState] INFO  impl.RoleInfo (RoleInfo.java:updateAndGet(139)) - bd7010b0-d724-4aae-b0ab-320b4ad428f6: start bd7010b0-d724-4aae-b0ab-320b4ad428f6@group-0119A9106D55-LeaderElection96
2022-06-16 16:23:46,335 [bd7010b0-d724-4aae-b0ab-320b4ad428f6@group-0119A9106D55-LeaderElection96] INFO  impl.LeaderElection (LeaderElection.java:askForVotes(310)) - bd7010b0-d724-4aae-b0ab-320b4ad428f6@group-0119A9106D55-LeaderElection96 ELECTION round 0: submit vote requests at term 1 for -1: [bd7010b0-d724-4aae-b0ab-320b4ad428f6|rpc:10.1.0.16:43957|priority:1], old=null
2022-06-16 16:23:46,335 [bd7010b0-d724-4aae-b0ab-320b4ad428f6@group-0119A9106D55-LeaderElection96] INFO  impl.LeaderElection (LeaderElection.java:askForVotes(312)) - bd7010b0-d724-4aae-b0ab-320b4ad428f6@group-0119A9106D55-LeaderElection96 ELECTION round 0: result PASSED (term=1)
2022-06-16 16:23:46,335 [bd7010b0-d724-4aae-b0ab-320b4ad428f6@group-0119A9106D55-LeaderElection96] INFO  impl.RoleInfo (RoleInfo.java:shutdownLeaderElection(130)) - bd7010b0-d724-4aae-b0ab-320b4ad428f6: shutdown bd7010b0-d724-4aae-b0ab-320b4ad428f6@group-0119A9106D55-LeaderElection96
2022-06-16 16:23:46,335 [bd7010b0-d724-4aae-b0ab-320b4ad428f6@group-0119A9106D55-LeaderElection96] INFO  server.RaftServer$Division (RaftServerImpl.java:setRole(299)) - bd7010b0-d724-4aae-b0ab-320b4ad428f6@group-0119A9106D55: changes role from CANDIDATE to LEADER at term 1 for changeToLeader
2022-06-16 16:23:46,335 [bd7010b0-d724-4aae-b0ab-320b4ad428f6@group-0119A9106D55-LeaderElection96] INFO  ratis.XceiverServerRatis (XceiverServerRatis.java:handleLeaderChangedNotification(863)) - Leader change notification received for group: group-0119A9106D55 with new leaderId: bd7010b0-d724-4aae-b0ab-320b4ad428f6
2022-06-16 16:23:46,335 [bd7010b0-d724-4aae-b0ab-320b4ad428f6@group-0119A9106D55-LeaderElection96] INFO  server.RaftServer$Division (ServerState.java:setLeader(287)) - bd7010b0-d724-4aae-b0ab-320b4ad428f6@group-0119A9106D55: change Leader from null to bd7010b0-d724-4aae-b0ab-320b4ad428f6 at term 1 for becomeLeader, leader elected after 5228ms
2022-06-16 16:23:46,335 [bd7010b0-d724-4aae-b0ab-320b4ad428f6@group-0119A9106D55-LeaderElection96] INFO  server.RaftServerConfigKeys (ConfUtils.java:logGet(46)) - raft.server.staging.catchup.gap = 1000 (default)
2022-06-16 16:23:46,335 [bd7010b0-d724-4aae-b0ab-320b4ad428f6@group-0119A9106D55-LeaderElection96] INFO  server.RaftServerConfigKeys (ConfUtils.java:logGet(46)) - raft.server.write.element-limit = 1024 (custom)
2022-06-16 16:23:46,335 [bd7010b0-d724-4aae-b0ab-320b4ad428f6@group-0119A9106D55-LeaderElection96] INFO  server.RaftServerConfigKeys (ConfUtils.java:logGet(46)) - raft.server.write.byte-limit = 1024 M (=1073741824) (custom)
2022-06-16 16:23:46,336 [bd7010b0-d724-4aae-b0ab-320b4ad428f6@group-0119A9106D55-LeaderElection96] INFO  server.RaftServerConfigKeys (ConfUtils.java:logGet(46)) - raft.server.watch.timeout = 180s (custom)
2022-06-16 16:23:46,336 [bd7010b0-d724-4aae-b0ab-320b4ad428f6@group-0119A9106D55-LeaderElection96] INFO  server.RaftServerConfigKeys (ConfUtils.java:logGet(46)) - raft.server.watch.timeout.denomination = 1s (default)
2022-06-16 16:23:46,336 [bd7010b0-d724-4aae-b0ab-320b4ad428f6@group-0119A9106D55-LeaderElection96] INFO  server.RaftServerConfigKeys (ConfUtils.java:logGet(46)) - raft.server.watch.element-limit = 65536 (default)
2022-06-16 16:23:46,336 [bd7010b0-d724-4aae-b0ab-320b4ad428f6@group-0119A9106D55-LeaderElection96] INFO  server.RaftServerConfigKeys (ConfUtils.java:logGet(46)) - raft.server.write.element-limit = 1024 (custom)
2022-06-16 16:23:46,336 [bd7010b0-d724-4aae-b0ab-320b4ad428f6@group-0119A9106D55-LeaderElection96] INFO  server.RaftServerConfigKeys (ConfUtils.java:logGet(46)) - raft.server.write.follower.gap.ratio.max = -1.0 (default)
2022-06-16 16:23:46,336 [bd7010b0-d724-4aae-b0ab-320b4ad428f6@group-0119A9106D55-LeaderElection96] INFO  impl.RoleInfo (RoleInfo.java:updateAndGet(139)) - bd7010b0-d724-4aae-b0ab-320b4ad428f6: start bd7010b0-d724-4aae-b0ab-320b4ad428f6@group-0119A9106D55-LeaderStateImpl
2022-06-16 16:23:46,336 [bd7010b0-d724-4aae-b0ab-320b4ad428f6@group-0119A9106D55-LeaderElection96] INFO  segmented.SegmentedRaftLogWorker (SegmentedRaftLogWorker.java:startLogSegment(425)) - bd7010b0-d724-4aae-b0ab-320b4ad428f6@group-0119A9106D55-SegmentedRaftLogWorker: Starting segment from index:0
2022-06-16 16:23:46,350 [bd7010b0-d724-4aae-b0ab-320b4ad428f6@group-0119A9106D55-LeaderElection96] INFO  server.RaftServer$Division (ServerState.java:setRaftConf(393)) - bd7010b0-d724-4aae-b0ab-320b4ad428f6@group-0119A9106D55: set configuration 0: [bd7010b0-d724-4aae-b0ab-320b4ad428f6|rpc:10.1.0.16:43957|dataStream:|priority:1], old=null
2022-06-16 16:23:46,402 [bd7010b0-d724-4aae-b0ab-320b4ad428f6@group-0119A9106D55-SegmentedRaftLogWorker] INFO  segmented.SegmentedRaftLogWorker (SegmentedRaftLogWorker.java:execute(629)) - bd7010b0-d724-4aae-b0ab-320b4ad428f6@group-0119A9106D55-SegmentedRaftLogWorker: created new log segment /home/runner/work/ozone/ozone/hadoop-ozone/integration-test/target/test-dir/MiniOzoneClusterImpl-013b413b-6c7c-488f-84aa-e92bb4d6b165/datanode-0/data/ratis/0f399fdc-7683-471d-ac03-0119a9106d55/current/log_inprogress_0
2022-06-16 16:23:46,403 [EventQueue-OpenPipelineForHealthyPipelineSafeModeRule] INFO  safemode.SCMSafeModeManager (HealthyPipelineSafeModeRule.java:process(124)) - SCM in safe mode. Healthy pipelines reported count is 0, required healthy pipeline reported count is 1
2022-06-16 16:23:46,606 [Command processor thread] INFO  server.RaftServer (RaftServerProxy.java:addNew(96)) - 91a9e9e8-6175-4c5b-8041-356e8188cfdf: addNew group-EFB21A203B37:[91a9e9e8-6175-4c5b-8041-356e8188cfdf|rpc:10.1.0.16:42457|priority:1] returns group-EFB21A203B37:java.util.concurrent.CompletableFuture@73be5de3[Not completed]
2022-06-16 16:23:46,648 [pool-1138-thread-1] INFO  server.RaftServer$Division (RaftServerImpl.java:<init>(190)) - 91a9e9e8-6175-4c5b-8041-356e8188cfdf: new RaftServerImpl for group-EFB21A203B37:[91a9e9e8-6175-4c5b-8041-356e8188cfdf|rpc:10.1.0.16:42457|priority:1] with ContainerStateMachine:uninitialized
2022-06-16 16:23:46,648 [pool-1138-thread-1] INFO  server.RaftServerConfigKeys (ConfUtils.java:logGet(46)) - raft.server.rpc.timeout.min = 5s (custom)
2022-06-16 16:23:46,648 [pool-1138-thread-1] INFO  server.RaftServerConfigKeys (ConfUtils.java:logGet(46)) - raft.server.rpc.timeout.max = 5200ms (custom)
2022-06-16 16:23:46,648 [pool-1138-thread-1] INFO  server.RaftServerConfigKeys (ConfUtils.java:logGet(46)) - raft.server.rpc.sleep.time = 25ms (default)
2022-06-16 16:23:46,648 [pool-1138-thread-1] INFO  server.RaftServerConfigKeys (ConfUtils.java:logGet(46)) - raft.server.rpc.slowness.timeout = 300s (custom)
2022-06-16 16:23:46,648 [pool-1138-thread-1] INFO  server.RaftServerConfigKeys (ConfUtils.java:logGet(46)) - raft.server.leaderelection.leader.step-down.wait-time = 10s (default)
2022-06-16 16:23:46,648 [pool-1138-thread-1] INFO  server.RaftServerConfigKeys (ConfUtils.java:logGet(46)) - raft.server.sleep.deviation.threshold = 300ms (default)
2022-06-16 16:23:46,648 [pool-1138-thread-1] INFO  server.RaftServer$Division (ServerState.java:<init>(107)) - 91a9e9e8-6175-4c5b-8041-356e8188cfdf@group-EFB21A203B37: ConfigurationManager, init=-1: [91a9e9e8-6175-4c5b-8041-356e8188cfdf|rpc:10.1.0.16:42457|priority:1], old=null, confs=<EMPTY_MAP>
2022-06-16 16:23:46,648 [pool-1138-thread-1] INFO  server.RaftServerConfigKeys (ConfUtils.java:logGet(46)) - raft.server.storage.dir = [/home/runner/work/ozone/ozone/hadoop-ozone/integration-test/target/test-dir/MiniOzoneClusterImpl-013b413b-6c7c-488f-84aa-e92bb4d6b165/datanode-3/data/ratis] (custom)
2022-06-16 16:23:46,649 [pool-1138-thread-1] INFO  server.RaftServerConfigKeys (ConfUtils.java:logGet(46)) - raft.server.log.corruption.policy = EXCEPTION (default)
2022-06-16 16:23:46,649 [pool-1138-thread-1] INFO  server.RaftServerConfigKeys (ConfUtils.java:logGet(46)) - raft.server.storage.free-space.min = 0MB (=0) (default)
2022-06-16 16:23:46,649 [pool-1138-thread-1] INFO  storage.RaftStorageDirectory (RaftStorageDirectoryImpl.java:analyzeStorage(135)) - The storage directory /home/runner/work/ozone/ozone/hadoop-ozone/integration-test/target/test-dir/MiniOzoneClusterImpl-013b413b-6c7c-488f-84aa-e92bb4d6b165/datanode-3/data/ratis/7390833a-f317-4738-bbc8-efb21a203b37 does not exist. Creating ...
2022-06-16 16:23:46,689 [Listener at 127.0.0.1/44357] INFO  ozone.MiniOzoneClusterImpl (MiniOzoneClusterImpl.java:lambda$waitForClusterToBeReady$0(221)) - Nodes are ready. Got 5 of 5 DN Heartbeats.
2022-06-16 16:23:46,689 [Listener at 127.0.0.1/44357] INFO  ozone.MiniOzoneClusterImpl (MiniOzoneClusterImpl.java:lambda$waitForClusterToBeReady$0(224)) - Waiting for cluster to exit safe mode
2022-06-16 16:23:46,689 [Listener at 127.0.0.1/44357] INFO  ozone.MiniOzoneClusterImpl (MiniOzoneClusterImpl.java:lambda$waitForClusterToBeReady$0(226)) - SCM became leader
2022-06-16 16:23:46,710 [pool-1138-thread-1] INFO  storage.RaftStorageDirectory (RaftStorageDirectoryImpl.java:tryLock(230)) - Lock on /home/runner/work/ozone/ozone/hadoop-ozone/integration-test/target/test-dir/MiniOzoneClusterImpl-013b413b-6c7c-488f-84aa-e92bb4d6b165/datanode-3/data/ratis/7390833a-f317-4738-bbc8-efb21a203b37/in_use.lock acquired by nodename 3861@fv-az37-268
2022-06-16 16:23:46,718 [pool-1138-thread-1] INFO  storage.RaftStorage (RaftStorageImpl.java:format(89)) - Storage directory /home/runner/work/ozone/ozone/hadoop-ozone/integration-test/target/test-dir/MiniOzoneClusterImpl-013b413b-6c7c-488f-84aa-e92bb4d6b165/datanode-3/data/ratis/7390833a-f317-4738-bbc8-efb21a203b37 has been successfully formatted.
2022-06-16 16:23:46,750 [pool-1138-thread-1] INFO  ratis.ContainerStateMachine (ContainerStateMachine.java:loadSnapshot(236)) - group-EFB21A203B37: The snapshot info is null. Setting the last applied indexto:(t:0, i:~)
2022-06-16 16:23:46,750 [pool-1138-thread-1] INFO  server.RaftServerConfigKeys (ConfUtils.java:logGet(46)) - raft.server.notification.no-leader.timeout = 300s (custom)
2022-06-16 16:23:46,750 [pool-1138-thread-1] INFO  server.RaftServerConfigKeys (ConfUtils.java:logGet(46)) - raft.server.log.use.memory = false (default)
2022-06-16 16:23:46,750 [pool-1138-thread-1] INFO  server.RaftServerConfigKeys (ConfUtils.java:logGet(46)) - raft.server.log.purge.gap = 1000000 (custom)
2022-06-16 16:23:46,750 [pool-1138-thread-1] INFO  server.RaftServerConfigKeys (ConfUtils.java:logGet(46)) - raft.server.log.appender.buffer.byte-limit = 33554432 (custom)
2022-06-16 16:23:46,750 [pool-1138-thread-1] INFO  server.RaftServerConfigKeys (ConfUtils.java:logGet(46)) - raft.server.log.statemachine.data.read.timeout = 1000ms (default)
2022-06-16 16:23:46,750 [pool-1138-thread-1] INFO  server.RaftServerConfigKeys (ConfUtils.java:logGet(46)) - raft.server.log.segment.size.max = 1048576 (custom)
2022-06-16 16:23:46,751 [pool-1138-thread-1] INFO  server.RaftServerConfigKeys (ConfUtils.java:logGet(46)) - raft.server.log.segment.cache.num.max = 2 (custom)
2022-06-16 16:23:46,751 [pool-1138-thread-1] INFO  server.RaftServerConfigKeys (ConfUtils.java:logGet(46)) - raft.server.log.segment.cache.size.max = 200MB (=209715200) (default)
2022-06-16 16:23:46,751 [pool-1138-thread-1] INFO  segmented.SegmentedRaftLogWorker (SegmentedRaftLogWorker.java:<init>(187)) - new 91a9e9e8-6175-4c5b-8041-356e8188cfdf@group-EFB21A203B37-SegmentedRaftLogWorker for RaftStorageImpl:Storage Directory /home/runner/work/ozone/ozone/hadoop-ozone/integration-test/target/test-dir/MiniOzoneClusterImpl-013b413b-6c7c-488f-84aa-e92bb4d6b165/datanode-3/data/ratis/7390833a-f317-4738-bbc8-efb21a203b37
2022-06-16 16:23:46,751 [pool-1138-thread-1] INFO  server.RaftServerConfigKeys (ConfUtils.java:logGet(46)) - raft.server.log.queue.byte-limit = 4294967296 (custom)
2022-06-16 16:23:46,751 [pool-1138-thread-1] INFO  server.RaftServerConfigKeys (ConfUtils.java:logGet(46)) - raft.server.log.queue.element-limit = 1024 (custom)
2022-06-16 16:23:46,751 [pool-1138-thread-1] INFO  server.RaftServerConfigKeys (ConfUtils.java:logGet(46)) - raft.server.log.segment.size.max = 1048576 (custom)
2022-06-16 16:23:46,751 [pool-1138-thread-1] INFO  server.RaftServerConfigKeys (ConfUtils.java:logGet(46)) - raft.server.log.preallocated.size = 16384 (custom)
2022-06-16 16:23:46,751 [pool-1138-thread-1] INFO  server.RaftServerConfigKeys (ConfUtils.java:logGet(46)) - raft.server.log.force.sync.num = 128 (default)
2022-06-16 16:23:46,751 [pool-1138-thread-1] INFO  server.RaftServerConfigKeys (ConfUtils.java:logGet(46)) - raft.server.log.statemachine.data.sync = true (default)
2022-06-16 16:23:46,751 [pool-1138-thread-1] INFO  server.RaftServerConfigKeys (ConfUtils.java:logGet(46)) - raft.server.log.statemachine.data.sync.timeout = 10s (default)
2022-06-16 16:23:46,751 [pool-1138-thread-1] INFO  server.RaftServerConfigKeys (ConfUtils.java:logGet(46)) - raft.server.log.statemachine.data.sync.timeout.retry = -1 (default)
2022-06-16 16:23:46,753 [EventQueue-PipelineReportForPipelineReportHandler] INFO  pipeline.PipelineManagerImpl (PipelineManagerImpl.java:openPipeline(356)) - Pipeline Pipeline[ Id: 7390833a-f317-4738-bbc8-efb21a203b37, Nodes: 91a9e9e8-6175-4c5b-8041-356e8188cfdf{ip: 10.1.0.16, host: fv-az37-268.zqe2tmcsx5vuvjs3sdc4q2yfud.gx.internal.cloudapp.net, ports: [REPLICATION=38467, RATIS=42457, RATIS_ADMIN=42457, RATIS_SERVER=42457, STANDALONE=42995], networkLocation: /default-rack, certSerialId: null, persistedOpState: IN_SERVICE, persistedOpStateExpiryEpochSec: 0}, ReplicationConfig: RATIS/ONE, State:ALLOCATED, leaderId:91a9e9e8-6175-4c5b-8041-356e8188cfdf, CreationTimestamp2022-06-16T16:23:43.747Z[Etc/UTC]] moved to OPEN state
2022-06-16 16:23:46,753 [pool-1138-thread-1] INFO  server.RaftServerConfigKeys (ConfUtils.java:logGet(46)) - raft.server.log.write.buffer.size = 1048576 (custom)
2022-06-16 16:23:46,753 [pool-1138-thread-1] INFO  server.RaftServerConfigKeys (ConfUtils.java:logGet(46)) - raft.server.log.unsafe-flush.enabled = false (default)
2022-06-16 16:23:46,753 [pool-1138-thread-1] INFO  server.RaftServerConfigKeys (ConfUtils.java:logGet(46)) - raft.server.log.statemachine.data.caching.enabled = true (custom)
2022-06-16 16:23:46,753 [pool-1138-thread-1] INFO  segmented.SegmentedRaftLogWorker (SegmentedRaftLogWorker.java:lambda$new$0(135)) - 91a9e9e8-6175-4c5b-8041-356e8188cfdf@group-EFB21A203B37-SegmentedRaftLogWorker: flushIndex: setUnconditionally 0 -> -1
2022-06-16 16:23:46,753 [pool-1138-thread-1] INFO  segmented.SegmentedRaftLogWorker (SegmentedRaftLogWorker.java:lambda$new$0(135)) - 91a9e9e8-6175-4c5b-8041-356e8188cfdf@group-EFB21A203B37-SegmentedRaftLogWorker: safeCacheEvictIndex: setUnconditionally 0 -> -1
2022-06-16 16:23:46,754 [EventQueue-OpenPipelineForHealthyPipelineSafeModeRule] INFO  safemode.SCMSafeModeManager (HealthyPipelineSafeModeRule.java:process(124)) - SCM in safe mode. Healthy pipelines reported count is 0, required healthy pipeline reported count is 1
2022-06-16 16:23:46,758 [pool-1138-thread-1] INFO  server.RaftServerConfigKeys (ConfUtils.java:logGet(46)) - raft.server.snapshot.auto.trigger.enabled = true (custom)
2022-06-16 16:23:46,758 [pool-1138-thread-1] INFO  server.RaftServerConfigKeys (ConfUtils.java:logGet(46)) - raft.server.snapshot.auto.trigger.threshold = 10000 (custom)
2022-06-16 16:23:46,758 [pool-1138-thread-1] INFO  server.RaftServerConfigKeys (ConfUtils.java:logGet(46)) - raft.server.snapshot.retention.file.num = 5 (custom)
2022-06-16 16:23:46,758 [pool-1138-thread-1] INFO  server.RaftServerConfigKeys (ConfUtils.java:logGet(46)) - raft.server.log.purge.upto.snapshot.index = false (default)
2022-06-16 16:23:46,758 [pool-1138-thread-1] INFO  server.RaftServerConfigKeys (ConfUtils.java:logGet(46)) - raft.server.retrycache.expirytime = 600000ms (custom)
2022-06-16 16:23:46,758 [pool-1138-thread-1] INFO  server.RaftServerConfigKeys (ConfUtils.java:logGet(46)) - raft.server.retrycache.statistics.expirytime = 100μs (default)
2022-06-16 16:23:46,759 [pool-1138-thread-1] INFO  server.RaftServerConfigKeys (ConfUtils.java:logGet(46)) - raft.server.log.appender.install.snapshot.enabled = false (custom)
2022-06-16 16:23:46,760 [pool-1138-thread-1] INFO  server.RaftServerConfigKeys (ConfUtils.java:logGet(46)) - raft.server.threadpool.server.cached = true (default)
2022-06-16 16:23:46,760 [pool-1138-thread-1] INFO  server.RaftServerConfigKeys (ConfUtils.java:logGet(46)) - raft.server.threadpool.server.size = 0 (default)
2022-06-16 16:23:46,760 [pool-1138-thread-1] INFO  server.RaftServerConfigKeys (ConfUtils.java:logGet(46)) - raft.server.threadpool.client.cached = true (default)
2022-06-16 16:23:46,760 [pool-1138-thread-1] INFO  server.RaftServerConfigKeys (ConfUtils.java:logGet(46)) - raft.server.threadpool.client.size = 0 (default)
2022-06-16 16:23:46,760 [pool-1138-thread-1] INFO  server.RaftServer$Division (RaftServerImpl.java:start(310)) - 91a9e9e8-6175-4c5b-8041-356e8188cfdf@group-EFB21A203B37: start as a follower, conf=-1: [91a9e9e8-6175-4c5b-8041-356e8188cfdf|rpc:10.1.0.16:42457|priority:1], old=null
2022-06-16 16:23:46,760 [pool-1138-thread-1] INFO  server.RaftServer$Division (RaftServerImpl.java:setRole(299)) - 91a9e9e8-6175-4c5b-8041-356e8188cfdf@group-EFB21A203B37: changes role from      null to FOLLOWER at term 0 for startAsFollower
2022-06-16 16:23:46,760 [pool-1138-thread-1] INFO  impl.RoleInfo (RoleInfo.java:updateAndGet(139)) - 91a9e9e8-6175-4c5b-8041-356e8188cfdf: start 91a9e9e8-6175-4c5b-8041-356e8188cfdf@group-EFB21A203B37-FollowerState
2022-06-16 16:23:46,762 [pool-1138-thread-1] INFO  util.JmxRegister (JmxRegister.java:tryRegister(44)) - Successfully registered JMX Bean with object name Ratis:service=RaftServer,group=group-EFB21A203B37,id=91a9e9e8-6175-4c5b-8041-356e8188cfdf
2022-06-16 16:23:46,802 [Command processor thread] INFO  ratis.XceiverServerRatis (XceiverServerRatis.java:addGroup(765)) - Created group PipelineID=7390833a-f317-4738-bbc8-efb21a203b37
2022-06-16 16:23:46,802 [Command processor thread] INFO  commandhandler.CreatePipelineCommandHandler (CreatePipelineCommandHandler.java:handle(113)) - Created Pipeline RATIS ONE PipelineID=7390833a-f317-4738-bbc8-efb21a203b37.
2022-06-16 16:23:47,530 [7086d85c-5d6d-4b3d-a268-a825c95e3ca8@group-BFE29E616891-FollowerState] INFO  impl.FollowerState (FollowerState.java:run(143)) - 7086d85c-5d6d-4b3d-a268-a825c95e3ca8@group-BFE29E616891-FollowerState: change to CANDIDATE, lastRpcElapsedTime:5140464428ns, electionTimeout:5132ms
2022-06-16 16:23:47,530 [7086d85c-5d6d-4b3d-a268-a825c95e3ca8@group-BFE29E616891-FollowerState] INFO  impl.RoleInfo (RoleInfo.java:shutdownFollowerState(110)) - 7086d85c-5d6d-4b3d-a268-a825c95e3ca8: shutdown 7086d85c-5d6d-4b3d-a268-a825c95e3ca8@group-BFE29E616891-FollowerState
2022-06-16 16:23:47,530 [7086d85c-5d6d-4b3d-a268-a825c95e3ca8@group-BFE29E616891-FollowerState] INFO  server.RaftServer$Division (RaftServerImpl.java:setRole(299)) - 7086d85c-5d6d-4b3d-a268-a825c95e3ca8@group-BFE29E616891: changes role from  FOLLOWER to CANDIDATE at term 0 for changeToCandidate
2022-06-16 16:23:47,531 [7086d85c-5d6d-4b3d-a268-a825c95e3ca8@group-BFE29E616891-FollowerState] INFO  server.RaftServerConfigKeys (ConfUtils.java:logGet(46)) - raft.server.leaderelection.pre-vote = false (custom)
2022-06-16 16:23:47,531 [7086d85c-5d6d-4b3d-a268-a825c95e3ca8@group-BFE29E616891-FollowerState] INFO  impl.RoleInfo (RoleInfo.java:updateAndGet(139)) - 7086d85c-5d6d-4b3d-a268-a825c95e3ca8: start 7086d85c-5d6d-4b3d-a268-a825c95e3ca8@group-BFE29E616891-LeaderElection97
2022-06-16 16:23:47,587 [7086d85c-5d6d-4b3d-a268-a825c95e3ca8@group-0983F9970AB4-FollowerState] INFO  impl.FollowerState (FollowerState.java:run(143)) - 7086d85c-5d6d-4b3d-a268-a825c95e3ca8@group-0983F9970AB4-FollowerState: change to CANDIDATE, lastRpcElapsedTime:5110751446ns, electionTimeout:5100ms
2022-06-16 16:23:47,587 [7086d85c-5d6d-4b3d-a268-a825c95e3ca8@group-0983F9970AB4-FollowerState] INFO  impl.RoleInfo (RoleInfo.java:shutdownFollowerState(110)) - 7086d85c-5d6d-4b3d-a268-a825c95e3ca8: shutdown 7086d85c-5d6d-4b3d-a268-a825c95e3ca8@group-0983F9970AB4-FollowerState
2022-06-16 16:23:47,587 [7086d85c-5d6d-4b3d-a268-a825c95e3ca8@group-0983F9970AB4-FollowerState] INFO  server.RaftServer$Division (RaftServerImpl.java:setRole(299)) - 7086d85c-5d6d-4b3d-a268-a825c95e3ca8@group-0983F9970AB4: changes role from  FOLLOWER to CANDIDATE at term 0 for changeToCandidate
2022-06-16 16:23:47,587 [7086d85c-5d6d-4b3d-a268-a825c95e3ca8@group-0983F9970AB4-FollowerState] INFO  server.RaftServerConfigKeys (ConfUtils.java:logGet(46)) - raft.server.leaderelection.pre-vote = false (custom)
2022-06-16 16:23:47,587 [7086d85c-5d6d-4b3d-a268-a825c95e3ca8@group-0983F9970AB4-FollowerState] INFO  impl.RoleInfo (RoleInfo.java:updateAndGet(139)) - 7086d85c-5d6d-4b3d-a268-a825c95e3ca8: start 7086d85c-5d6d-4b3d-a268-a825c95e3ca8@group-0983F9970AB4-LeaderElection98
2022-06-16 16:23:47,598 [7086d85c-5d6d-4b3d-a268-a825c95e3ca8@group-BFE29E616891-LeaderElection97] INFO  impl.LeaderElection (LeaderElection.java:askForVotes(310)) - 7086d85c-5d6d-4b3d-a268-a825c95e3ca8@group-BFE29E616891-LeaderElection97 ELECTION round 0: submit vote requests at term 1 for -1: [7086d85c-5d6d-4b3d-a268-a825c95e3ca8|rpc:10.1.0.16:45221|priority:1], old=null
2022-06-16 16:23:47,598 [7086d85c-5d6d-4b3d-a268-a825c95e3ca8@group-BFE29E616891-LeaderElection97] INFO  impl.LeaderElection (LeaderElection.java:askForVotes(312)) - 7086d85c-5d6d-4b3d-a268-a825c95e3ca8@group-BFE29E616891-LeaderElection97 ELECTION round 0: result PASSED (term=1)
2022-06-16 16:23:47,598 [7086d85c-5d6d-4b3d-a268-a825c95e3ca8@group-BFE29E616891-LeaderElection97] INFO  impl.RoleInfo (RoleInfo.java:shutdownLeaderElection(130)) - 7086d85c-5d6d-4b3d-a268-a825c95e3ca8: shutdown 7086d85c-5d6d-4b3d-a268-a825c95e3ca8@group-BFE29E616891-LeaderElection97
2022-06-16 16:23:47,598 [7086d85c-5d6d-4b3d-a268-a825c95e3ca8@group-BFE29E616891-LeaderElection97] INFO  server.RaftServer$Division (RaftServerImpl.java:setRole(299)) - 7086d85c-5d6d-4b3d-a268-a825c95e3ca8@group-BFE29E616891: changes role from CANDIDATE to LEADER at term 1 for changeToLeader
2022-06-16 16:23:47,598 [7086d85c-5d6d-4b3d-a268-a825c95e3ca8@group-BFE29E616891-LeaderElection97] INFO  ratis.XceiverServerRatis (XceiverServerRatis.java:handleLeaderChangedNotification(863)) - Leader change notification received for group: group-BFE29E616891 with new leaderId: 7086d85c-5d6d-4b3d-a268-a825c95e3ca8
2022-06-16 16:23:47,614 [7086d85c-5d6d-4b3d-a268-a825c95e3ca8@group-BFE29E616891-LeaderElection97] INFO  server.RaftServer$Division (ServerState.java:setLeader(287)) - 7086d85c-5d6d-4b3d-a268-a825c95e3ca8@group-BFE29E616891: change Leader from null to 7086d85c-5d6d-4b3d-a268-a825c95e3ca8 at term 1 for becomeLeader, leader elected after 5256ms
2022-06-16 16:23:47,638 [EventQueue-OpenPipelineForHealthyPipelineSafeModeRule] INFO  safemode.SCMSafeModeManager (HealthyPipelineSafeModeRule.java:process(124)) - SCM in safe mode. Healthy pipelines reported count is 0, required healthy pipeline reported count is 1
2022-06-16 16:23:47,622 [7086d85c-5d6d-4b3d-a268-a825c95e3ca8@group-0983F9970AB4-LeaderElection98] INFO  impl.LeaderElection (LeaderElection.java:askForVotes(310)) - 7086d85c-5d6d-4b3d-a268-a825c95e3ca8@group-0983F9970AB4-LeaderElection98 ELECTION round 0: submit vote requests at term 1 for -1: [7086d85c-5d6d-4b3d-a268-a825c95e3ca8|rpc:10.1.0.16:45221|priority:0, bbd9c71d-1d51-4586-8dfe-839c345bb7aa|rpc:10.1.0.16:39765|priority:1, bd7010b0-d724-4aae-b0ab-320b4ad428f6|rpc:10.1.0.16:43957|priority:0], old=null
2022-06-16 16:23:47,638 [7086d85c-5d6d-4b3d-a268-a825c95e3ca8@group-BFE29E616891-LeaderElection97] INFO  server.RaftServerConfigKeys (ConfUtils.java:logGet(46)) - raft.server.staging.catchup.gap = 1000 (default)
2022-06-16 16:23:47,644 [7086d85c-5d6d-4b3d-a268-a825c95e3ca8@group-BFE29E616891-LeaderElection97] INFO  server.RaftServerConfigKeys (ConfUtils.java:logGet(46)) - raft.server.write.element-limit = 1024 (custom)
2022-06-16 16:23:47,644 [7086d85c-5d6d-4b3d-a268-a825c95e3ca8@group-BFE29E616891-LeaderElection97] INFO  server.RaftServerConfigKeys (ConfUtils.java:logGet(46)) - raft.server.write.byte-limit = 1024 M (=1073741824) (custom)
2022-06-16 16:23:47,644 [7086d85c-5d6d-4b3d-a268-a825c95e3ca8@group-BFE29E616891-LeaderElection97] INFO  server.RaftServerConfigKeys (ConfUtils.java:logGet(46)) - raft.server.watch.timeout = 180s (custom)
2022-06-16 16:23:47,644 [7086d85c-5d6d-4b3d-a268-a825c95e3ca8@group-BFE29E616891-LeaderElection97] INFO  server.RaftServerConfigKeys (ConfUtils.java:logGet(46)) - raft.server.watch.timeout.denomination = 1s (default)
2022-06-16 16:23:47,644 [7086d85c-5d6d-4b3d-a268-a825c95e3ca8@group-BFE29E616891-LeaderElection97] INFO  server.RaftServerConfigKeys (ConfUtils.java:logGet(46)) - raft.server.watch.element-limit = 65536 (default)
2022-06-16 16:23:47,644 [7086d85c-5d6d-4b3d-a268-a825c95e3ca8@group-BFE29E616891-LeaderElection97] INFO  server.RaftServerConfigKeys (ConfUtils.java:logGet(46)) - raft.server.write.element-limit = 1024 (custom)
2022-06-16 16:23:47,644 [7086d85c-5d6d-4b3d-a268-a825c95e3ca8@group-BFE29E616891-LeaderElection97] INFO  server.RaftServerConfigKeys (ConfUtils.java:logGet(46)) - raft.server.write.follower.gap.ratio.max = -1.0 (default)
2022-06-16 16:23:47,644 [7086d85c-5d6d-4b3d-a268-a825c95e3ca8@group-BFE29E616891-LeaderElection97] INFO  impl.RoleInfo (RoleInfo.java:updateAndGet(139)) - 7086d85c-5d6d-4b3d-a268-a825c95e3ca8: start 7086d85c-5d6d-4b3d-a268-a825c95e3ca8@group-BFE29E616891-LeaderStateImpl
2022-06-16 16:23:47,645 [7086d85c-5d6d-4b3d-a268-a825c95e3ca8@group-BFE29E616891-LeaderElection97] INFO  segmented.SegmentedRaftLogWorker (SegmentedRaftLogWorker.java:startLogSegment(425)) - 7086d85c-5d6d-4b3d-a268-a825c95e3ca8@group-BFE29E616891-SegmentedRaftLogWorker: Starting segment from index:0
2022-06-16 16:23:47,658 [7086d85c-5d6d-4b3d-a268-a825c95e3ca8@group-BFE29E616891-SegmentedRaftLogWorker] INFO  segmented.SegmentedRaftLogWorker (SegmentedRaftLogWorker.java:execute(629)) - 7086d85c-5d6d-4b3d-a268-a825c95e3ca8@group-BFE29E616891-SegmentedRaftLogWorker: created new log segment /home/runner/work/ozone/ozone/hadoop-ozone/integration-test/target/test-dir/MiniOzoneClusterImpl-013b413b-6c7c-488f-84aa-e92bb4d6b165/datanode-1/data/ratis/bcfc995e-92de-48c1-9240-bfe29e616891/current/log_inprogress_0
2022-06-16 16:23:47,689 [Listener at 127.0.0.1/44357] INFO  ozone.MiniOzoneClusterImpl (MiniOzoneClusterImpl.java:lambda$waitForClusterToBeReady$0(221)) - Nodes are ready. Got 5 of 5 DN Heartbeats.
2022-06-16 16:23:47,689 [Listener at 127.0.0.1/44357] INFO  ozone.MiniOzoneClusterImpl (MiniOzoneClusterImpl.java:lambda$waitForClusterToBeReady$0(224)) - Waiting for cluster to exit safe mode
2022-06-16 16:23:47,689 [Listener at 127.0.0.1/44357] INFO  ozone.MiniOzoneClusterImpl (MiniOzoneClusterImpl.java:lambda$waitForClusterToBeReady$0(226)) - SCM became leader
2022-06-16 16:23:47,715 [7086d85c-5d6d-4b3d-a268-a825c95e3ca8@group-BFE29E616891-LeaderElection97] INFO  server.RaftServer$Division (ServerState.java:setRaftConf(393)) - 7086d85c-5d6d-4b3d-a268-a825c95e3ca8@group-BFE29E616891: set configuration 0: [7086d85c-5d6d-4b3d-a268-a825c95e3ca8|rpc:10.1.0.16:45221|dataStream:|priority:1], old=null
2022-06-16 16:23:47,722 [grpc-default-executor-1] INFO  server.RaftServer$Division (RaftServerImpl.java:requestVote(1152)) - bbd9c71d-1d51-4586-8dfe-839c345bb7aa@group-0983F9970AB4: receive requestVote(ELECTION, 7086d85c-5d6d-4b3d-a268-a825c95e3ca8, group-0983F9970AB4, 1, (t:0, i:0))
2022-06-16 16:23:47,722 [grpc-default-executor-1] INFO  impl.VoteContext (VoteContext.java:log(48)) - bbd9c71d-1d51-4586-8dfe-839c345bb7aa@group-0983F9970AB4-FOLLOWER: reject ELECTION from 7086d85c-5d6d-4b3d-a268-a825c95e3ca8: our priority 1 > candidate's priority 0
2022-06-16 16:23:47,722 [grpc-default-executor-1] INFO  server.RaftServer$Division (RaftServerImpl.java:setRole(299)) - bbd9c71d-1d51-4586-8dfe-839c345bb7aa@group-0983F9970AB4: changes role from  FOLLOWER to FOLLOWER at term 1 for candidate:7086d85c-5d6d-4b3d-a268-a825c95e3ca8
2022-06-16 16:23:47,722 [grpc-default-executor-1] INFO  impl.RoleInfo (RoleInfo.java:shutdownFollowerState(110)) - bbd9c71d-1d51-4586-8dfe-839c345bb7aa: shutdown bbd9c71d-1d51-4586-8dfe-839c345bb7aa@group-0983F9970AB4-FollowerState
2022-06-16 16:23:47,722 [grpc-default-executor-1] INFO  impl.RoleInfo (RoleInfo.java:updateAndGet(139)) - bbd9c71d-1d51-4586-8dfe-839c345bb7aa: start bbd9c71d-1d51-4586-8dfe-839c345bb7aa@group-0983F9970AB4-FollowerState
2022-06-16 16:23:47,722 [bbd9c71d-1d51-4586-8dfe-839c345bb7aa@group-0983F9970AB4-FollowerState] INFO  impl.FollowerState (FollowerState.java:run(152)) - bbd9c71d-1d51-4586-8dfe-839c345bb7aa@group-0983F9970AB4-FollowerState was interrupted
2022-06-16 16:23:47,731 [grpc-default-executor-1] INFO  server.RaftServer$Division (RaftServerImpl.java:requestVote(1184)) - bbd9c71d-1d51-4586-8dfe-839c345bb7aa@group-0983F9970AB4 replies to ELECTION vote request: 7086d85c-5d6d-4b3d-a268-a825c95e3ca8<-bbd9c71d-1d51-4586-8dfe-839c345bb7aa#0:FAIL-t1. Peer's state: bbd9c71d-1d51-4586-8dfe-839c345bb7aa@group-0983F9970AB4:t1, leader=null, voted=null, raftlog=bbd9c71d-1d51-4586-8dfe-839c345bb7aa@group-0983F9970AB4-SegmentedRaftLog:OPENED:c-1, conf=-1: [7086d85c-5d6d-4b3d-a268-a825c95e3ca8|rpc:10.1.0.16:45221|dataStream:|priority:0, bbd9c71d-1d51-4586-8dfe-839c345bb7aa|rpc:10.1.0.16:39765|dataStream:|priority:1, bd7010b0-d724-4aae-b0ab-320b4ad428f6|rpc:10.1.0.16:43957|dataStream:|priority:0], old=null
2022-06-16 16:23:47,752 [7086d85c-5d6d-4b3d-a268-a825c95e3ca8@group-0983F9970AB4-LeaderElection98] INFO  impl.LeaderElection (LeaderElection.java:logAndReturn(90)) - 7086d85c-5d6d-4b3d-a268-a825c95e3ca8@group-0983F9970AB4-LeaderElection98: ELECTION REJECTED received 1 response(s) and 0 exception(s):
2022-06-16 16:23:47,753 [7086d85c-5d6d-4b3d-a268-a825c95e3ca8@group-0983F9970AB4-LeaderElection98] INFO  impl.LeaderElection (LeaderElection.java:logAndReturn(94)) -   Response 0: 7086d85c-5d6d-4b3d-a268-a825c95e3ca8<-bbd9c71d-1d51-4586-8dfe-839c345bb7aa#0:FAIL-t1
2022-06-16 16:23:47,753 [7086d85c-5d6d-4b3d-a268-a825c95e3ca8@group-0983F9970AB4-LeaderElection98] INFO  impl.LeaderElection (LeaderElection.java:askForVotes(312)) - 7086d85c-5d6d-4b3d-a268-a825c95e3ca8@group-0983F9970AB4-LeaderElection98 ELECTION round 0: result REJECTED
2022-06-16 16:23:47,753 [7086d85c-5d6d-4b3d-a268-a825c95e3ca8@group-0983F9970AB4-LeaderElection98] INFO  server.RaftServer$Division (RaftServerImpl.java:setRole(299)) - 7086d85c-5d6d-4b3d-a268-a825c95e3ca8@group-0983F9970AB4: changes role from CANDIDATE to FOLLOWER at term 1 for REJECTED
2022-06-16 16:23:47,753 [7086d85c-5d6d-4b3d-a268-a825c95e3ca8@group-0983F9970AB4-LeaderElection98] INFO  impl.RoleInfo (RoleInfo.java:shutdownLeaderElection(130)) - 7086d85c-5d6d-4b3d-a268-a825c95e3ca8: shutdown 7086d85c-5d6d-4b3d-a268-a825c95e3ca8@group-0983F9970AB4-LeaderElection98
2022-06-16 16:23:47,753 [7086d85c-5d6d-4b3d-a268-a825c95e3ca8@group-0983F9970AB4-LeaderElection98] INFO  impl.RoleInfo (RoleInfo.java:updateAndGet(139)) - 7086d85c-5d6d-4b3d-a268-a825c95e3ca8: start 7086d85c-5d6d-4b3d-a268-a825c95e3ca8@group-0983F9970AB4-FollowerState
2022-06-16 16:23:47,788 [grpc-default-executor-0] INFO  server.RaftServer$Division (RaftServerImpl.java:requestVote(1152)) - bd7010b0-d724-4aae-b0ab-320b4ad428f6@group-0983F9970AB4: receive requestVote(ELECTION, 7086d85c-5d6d-4b3d-a268-a825c95e3ca8, group-0983F9970AB4, 1, (t:0, i:0))
2022-06-16 16:23:47,788 [grpc-default-executor-0] INFO  impl.VoteContext (VoteContext.java:log(48)) - bd7010b0-d724-4aae-b0ab-320b4ad428f6@group-0983F9970AB4-FOLLOWER: accept ELECTION from 7086d85c-5d6d-4b3d-a268-a825c95e3ca8: our priority 0 <= candidate's priority 0
2022-06-16 16:23:47,788 [grpc-default-executor-0] INFO  server.RaftServer$Division (RaftServerImpl.java:setRole(299)) - bd7010b0-d724-4aae-b0ab-320b4ad428f6@group-0983F9970AB4: changes role from  FOLLOWER to FOLLOWER at term 1 for candidate:7086d85c-5d6d-4b3d-a268-a825c95e3ca8
2022-06-16 16:23:47,788 [grpc-default-executor-0] INFO  impl.RoleInfo (RoleInfo.java:shutdownFollowerState(110)) - bd7010b0-d724-4aae-b0ab-320b4ad428f6: shutdown bd7010b0-d724-4aae-b0ab-320b4ad428f6@group-0983F9970AB4-FollowerState
2022-06-16 16:23:47,788 [grpc-default-executor-0] INFO  impl.RoleInfo (RoleInfo.java:updateAndGet(139)) - bd7010b0-d724-4aae-b0ab-320b4ad428f6: start bd7010b0-d724-4aae-b0ab-320b4ad428f6@group-0983F9970AB4-FollowerState
2022-06-16 16:23:47,789 [bd7010b0-d724-4aae-b0ab-320b4ad428f6@group-0983F9970AB4-FollowerState] INFO  impl.FollowerState (FollowerState.java:run(152)) - bd7010b0-d724-4aae-b0ab-320b4ad428f6@group-0983F9970AB4-FollowerState was interrupted
2022-06-16 16:23:47,790 [grpc-default-executor-0] INFO  server.RaftServer$Division (RaftServerImpl.java:requestVote(1184)) - bd7010b0-d724-4aae-b0ab-320b4ad428f6@group-0983F9970AB4 replies to ELECTION vote request: 7086d85c-5d6d-4b3d-a268-a825c95e3ca8<-bd7010b0-d724-4aae-b0ab-320b4ad428f6#0:OK-t1. Peer's state: bd7010b0-d724-4aae-b0ab-320b4ad428f6@group-0983F9970AB4:t1, leader=null, voted=7086d85c-5d6d-4b3d-a268-a825c95e3ca8, raftlog=bd7010b0-d724-4aae-b0ab-320b4ad428f6@group-0983F9970AB4-SegmentedRaftLog:OPENED:c-1, conf=-1: [7086d85c-5d6d-4b3d-a268-a825c95e3ca8|rpc:10.1.0.16:45221|dataStream:|priority:0, bbd9c71d-1d51-4586-8dfe-839c345bb7aa|rpc:10.1.0.16:39765|dataStream:|priority:1, bd7010b0-d724-4aae-b0ab-320b4ad428f6|rpc:10.1.0.16:43957|dataStream:|priority:0], old=null
2022-06-16 16:23:48,078 [7086d85c-5d6d-4b3d-a268-a825c95e3ca8@group-B2E5078CEDD4-FollowerState] INFO  impl.FollowerState (FollowerState.java:run(143)) - 7086d85c-5d6d-4b3d-a268-a825c95e3ca8@group-B2E5078CEDD4-FollowerState: change to CANDIDATE, lastRpcElapsedTime:5026129304ns, electionTimeout:5014ms
2022-06-16 16:23:48,078 [7086d85c-5d6d-4b3d-a268-a825c95e3ca8@group-B2E5078CEDD4-FollowerState] INFO  impl.RoleInfo (RoleInfo.java:shutdownFollowerState(110)) - 7086d85c-5d6d-4b3d-a268-a825c95e3ca8: shutdown 7086d85c-5d6d-4b3d-a268-a825c95e3ca8@group-B2E5078CEDD4-FollowerState
2022-06-16 16:23:48,078 [7086d85c-5d6d-4b3d-a268-a825c95e3ca8@group-B2E5078CEDD4-FollowerState] INFO  server.RaftServer$Division (RaftServerImpl.java:setRole(299)) - 7086d85c-5d6d-4b3d-a268-a825c95e3ca8@group-B2E5078CEDD4: changes role from  FOLLOWER to CANDIDATE at term 0 for changeToCandidate
2022-06-16 16:23:48,078 [7086d85c-5d6d-4b3d-a268-a825c95e3ca8@group-B2E5078CEDD4-FollowerState] INFO  server.RaftServerConfigKeys (ConfUtils.java:logGet(46)) - raft.server.leaderelection.pre-vote = false (custom)
2022-06-16 16:23:48,078 [7086d85c-5d6d-4b3d-a268-a825c95e3ca8@group-B2E5078CEDD4-FollowerState] INFO  impl.RoleInfo (RoleInfo.java:updateAndGet(139)) - 7086d85c-5d6d-4b3d-a268-a825c95e3ca8: start 7086d85c-5d6d-4b3d-a268-a825c95e3ca8@group-B2E5078CEDD4-LeaderElection99
2022-06-16 16:23:48,178 [7086d85c-5d6d-4b3d-a268-a825c95e3ca8@group-B2E5078CEDD4-LeaderElection99] INFO  impl.LeaderElection (LeaderElection.java:askForVotes(310)) - 7086d85c-5d6d-4b3d-a268-a825c95e3ca8@group-B2E5078CEDD4-LeaderElection99 ELECTION round 0: submit vote requests at term 1 for -1: [7086d85c-5d6d-4b3d-a268-a825c95e3ca8|rpc:10.1.0.16:45221|priority:1, bbd9c71d-1d51-4586-8dfe-839c345bb7aa|rpc:10.1.0.16:39765|priority:0, bd7010b0-d724-4aae-b0ab-320b4ad428f6|rpc:10.1.0.16:43957|priority:0], old=null
2022-06-16 16:23:48,235 [grpc-default-executor-0] INFO  server.RaftServer$Division (RaftServerImpl.java:requestVote(1152)) - bbd9c71d-1d51-4586-8dfe-839c345bb7aa@group-B2E5078CEDD4: receive requestVote(ELECTION, 7086d85c-5d6d-4b3d-a268-a825c95e3ca8, group-B2E5078CEDD4, 1, (t:0, i:0))
2022-06-16 16:23:48,235 [grpc-default-executor-0] INFO  impl.VoteContext (VoteContext.java:log(48)) - bbd9c71d-1d51-4586-8dfe-839c345bb7aa@group-B2E5078CEDD4-FOLLOWER: accept ELECTION from 7086d85c-5d6d-4b3d-a268-a825c95e3ca8: our priority 0 <= candidate's priority 1
2022-06-16 16:23:48,235 [grpc-default-executor-0] INFO  server.RaftServer$Division (RaftServerImpl.java:setRole(299)) - bbd9c71d-1d51-4586-8dfe-839c345bb7aa@group-B2E5078CEDD4: changes role from  FOLLOWER to FOLLOWER at term 1 for candidate:7086d85c-5d6d-4b3d-a268-a825c95e3ca8
2022-06-16 16:23:48,236 [grpc-default-executor-0] INFO  impl.RoleInfo (RoleInfo.java:shutdownFollowerState(110)) - bbd9c71d-1d51-4586-8dfe-839c345bb7aa: shutdown bbd9c71d-1d51-4586-8dfe-839c345bb7aa@group-B2E5078CEDD4-FollowerState
2022-06-16 16:23:48,242 [grpc-default-executor-0] INFO  impl.RoleInfo (RoleInfo.java:updateAndGet(139)) - bbd9c71d-1d51-4586-8dfe-839c345bb7aa: start bbd9c71d-1d51-4586-8dfe-839c345bb7aa@group-B2E5078CEDD4-FollowerState
2022-06-16 16:23:48,244 [grpc-default-executor-1] INFO  server.RaftServer$Division (RaftServerImpl.java:requestVote(1152)) - bd7010b0-d724-4aae-b0ab-320b4ad428f6@group-B2E5078CEDD4: receive requestVote(ELECTION, 7086d85c-5d6d-4b3d-a268-a825c95e3ca8, group-B2E5078CEDD4, 1, (t:0, i:0))
2022-06-16 16:23:48,244 [grpc-default-executor-1] INFO  impl.VoteContext (VoteContext.java:log(48)) - bd7010b0-d724-4aae-b0ab-320b4ad428f6@group-B2E5078CEDD4-FOLLOWER: accept ELECTION from 7086d85c-5d6d-4b3d-a268-a825c95e3ca8: our priority 0 <= candidate's priority 1
2022-06-16 16:23:48,244 [grpc-default-executor-1] INFO  server.RaftServer$Division (RaftServerImpl.java:setRole(299)) - bd7010b0-d724-4aae-b0ab-320b4ad428f6@group-B2E5078CEDD4: changes role from  FOLLOWER to FOLLOWER at term 1 for candidate:7086d85c-5d6d-4b3d-a268-a825c95e3ca8
2022-06-16 16:23:48,244 [grpc-default-executor-1] INFO  impl.RoleInfo (RoleInfo.java:shutdownFollowerState(110)) - bd7010b0-d724-4aae-b0ab-320b4ad428f6: shutdown bd7010b0-d724-4aae-b0ab-320b4ad428f6@group-B2E5078CEDD4-FollowerState
2022-06-16 16:23:48,246 [bbd9c71d-1d51-4586-8dfe-839c345bb7aa@group-B2E5078CEDD4-FollowerState] INFO  impl.FollowerState (FollowerState.java:run(152)) - bbd9c71d-1d51-4586-8dfe-839c345bb7aa@group-B2E5078CEDD4-FollowerState was interrupted
2022-06-16 16:23:48,259 [grpc-default-executor-1] INFO  impl.RoleInfo (RoleInfo.java:updateAndGet(139)) - bd7010b0-d724-4aae-b0ab-320b4ad428f6: start bd7010b0-d724-4aae-b0ab-320b4ad428f6@group-B2E5078CEDD4-FollowerState
2022-06-16 16:23:48,259 [bd7010b0-d724-4aae-b0ab-320b4ad428f6@group-B2E5078CEDD4-FollowerState] INFO  impl.FollowerState (FollowerState.java:run(152)) - bd7010b0-d724-4aae-b0ab-320b4ad428f6@group-B2E5078CEDD4-FollowerState was interrupted
2022-06-16 16:23:48,260 [grpc-default-executor-0] INFO  server.RaftServer$Division (RaftServerImpl.java:requestVote(1184)) - bbd9c71d-1d51-4586-8dfe-839c345bb7aa@group-B2E5078CEDD4 replies to ELECTION vote request: 7086d85c-5d6d-4b3d-a268-a825c95e3ca8<-bbd9c71d-1d51-4586-8dfe-839c345bb7aa#0:OK-t1. Peer's state: bbd9c71d-1d51-4586-8dfe-839c345bb7aa@group-B2E5078CEDD4:t1, leader=null, voted=7086d85c-5d6d-4b3d-a268-a825c95e3ca8, raftlog=bbd9c71d-1d51-4586-8dfe-839c345bb7aa@group-B2E5078CEDD4-SegmentedRaftLog:OPENED:c-1, conf=-1: [7086d85c-5d6d-4b3d-a268-a825c95e3ca8|rpc:10.1.0.16:45221|dataStream:|priority:1, bbd9c71d-1d51-4586-8dfe-839c345bb7aa|rpc:10.1.0.16:39765|dataStream:|priority:0, bd7010b0-d724-4aae-b0ab-320b4ad428f6|rpc:10.1.0.16:43957|dataStream:|priority:0], old=null
2022-06-16 16:23:48,270 [grpc-default-executor-1] INFO  server.RaftServer$Division (RaftServerImpl.java:requestVote(1184)) - bd7010b0-d724-4aae-b0ab-320b4ad428f6@group-B2E5078CEDD4 replies to ELECTION vote request: 7086d85c-5d6d-4b3d-a268-a825c95e3ca8<-bd7010b0-d724-4aae-b0ab-320b4ad428f6#0:OK-t1. Peer's state: bd7010b0-d724-4aae-b0ab-320b4ad428f6@group-B2E5078CEDD4:t1, leader=null, voted=7086d85c-5d6d-4b3d-a268-a825c95e3ca8, raftlog=bd7010b0-d724-4aae-b0ab-320b4ad428f6@group-B2E5078CEDD4-SegmentedRaftLog:OPENED:c-1, conf=-1: [7086d85c-5d6d-4b3d-a268-a825c95e3ca8|rpc:10.1.0.16:45221|priority:1, bbd9c71d-1d51-4586-8dfe-839c345bb7aa|rpc:10.1.0.16:39765|priority:0, bd7010b0-d724-4aae-b0ab-320b4ad428f6|rpc:10.1.0.16:43957|priority:0], old=null
2022-06-16 16:23:48,278 [7086d85c-5d6d-4b3d-a268-a825c95e3ca8@group-B2E5078CEDD4-LeaderElection99] INFO  impl.LeaderElection (LeaderElection.java:logAndReturn(90)) - 7086d85c-5d6d-4b3d-a268-a825c95e3ca8@group-B2E5078CEDD4-LeaderElection99: ELECTION PASSED received 1 response(s) and 0 exception(s):
2022-06-16 16:23:48,278 [7086d85c-5d6d-4b3d-a268-a825c95e3ca8@group-B2E5078CEDD4-LeaderElection99] INFO  impl.LeaderElection (LeaderElection.java:logAndReturn(94)) -   Response 0: 7086d85c-5d6d-4b3d-a268-a825c95e3ca8<-bbd9c71d-1d51-4586-8dfe-839c345bb7aa#0:OK-t1
2022-06-16 16:23:48,278 [7086d85c-5d6d-4b3d-a268-a825c95e3ca8@group-B2E5078CEDD4-LeaderElection99] INFO  impl.LeaderElection (LeaderElection.java:askForVotes(312)) - 7086d85c-5d6d-4b3d-a268-a825c95e3ca8@group-B2E5078CEDD4-LeaderElection99 ELECTION round 0: result PASSED
2022-06-16 16:23:48,278 [7086d85c-5d6d-4b3d-a268-a825c95e3ca8@group-B2E5078CEDD4-LeaderElection99] INFO  impl.RoleInfo (RoleInfo.java:shutdownLeaderElection(130)) - 7086d85c-5d6d-4b3d-a268-a825c95e3ca8: shutdown 7086d85c-5d6d-4b3d-a268-a825c95e3ca8@group-B2E5078CEDD4-LeaderElection99
2022-06-16 16:23:48,278 [7086d85c-5d6d-4b3d-a268-a825c95e3ca8@group-B2E5078CEDD4-LeaderElection99] INFO  server.RaftServer$Division (RaftServerImpl.java:setRole(299)) - 7086d85c-5d6d-4b3d-a268-a825c95e3ca8@group-B2E5078CEDD4: changes role from CANDIDATE to LEADER at term 1 for changeToLeader
2022-06-16 16:23:48,278 [7086d85c-5d6d-4b3d-a268-a825c95e3ca8@group-B2E5078CEDD4-LeaderElection99] INFO  ratis.XceiverServerRatis (XceiverServerRatis.java:handleLeaderChangedNotification(863)) - Leader change notification received for group: group-B2E5078CEDD4 with new leaderId: 7086d85c-5d6d-4b3d-a268-a825c95e3ca8
2022-06-16 16:23:48,278 [7086d85c-5d6d-4b3d-a268-a825c95e3ca8@group-B2E5078CEDD4-LeaderElection99] INFO  server.RaftServer$Division (ServerState.java:setLeader(287)) - 7086d85c-5d6d-4b3d-a268-a825c95e3ca8@group-B2E5078CEDD4: change Leader from null to 7086d85c-5d6d-4b3d-a268-a825c95e3ca8 at term 1 for becomeLeader, leader elected after 5269ms
2022-06-16 16:23:48,278 [7086d85c-5d6d-4b3d-a268-a825c95e3ca8@group-B2E5078CEDD4-LeaderElection99] INFO  server.RaftServerConfigKeys (ConfUtils.java:logGet(46)) - raft.server.staging.catchup.gap = 1000 (default)
2022-06-16 16:23:48,279 [7086d85c-5d6d-4b3d-a268-a825c95e3ca8@group-B2E5078CEDD4-LeaderElection99] INFO  server.RaftServerConfigKeys (ConfUtils.java:logGet(46)) - raft.server.write.element-limit = 1024 (custom)
2022-06-16 16:23:48,279 [7086d85c-5d6d-4b3d-a268-a825c95e3ca8@group-B2E5078CEDD4-LeaderElection99] INFO  server.RaftServerConfigKeys (ConfUtils.java:logGet(46)) - raft.server.write.byte-limit = 1024 M (=1073741824) (custom)
2022-06-16 16:23:48,279 [7086d85c-5d6d-4b3d-a268-a825c95e3ca8@group-B2E5078CEDD4-LeaderElection99] INFO  server.RaftServerConfigKeys (ConfUtils.java:logGet(46)) - raft.server.watch.timeout = 180s (custom)
2022-06-16 16:23:48,279 [7086d85c-5d6d-4b3d-a268-a825c95e3ca8@group-B2E5078CEDD4-LeaderElection99] INFO  server.RaftServerConfigKeys (ConfUtils.java:logGet(46)) - raft.server.watch.timeout.denomination = 1s (default)
2022-06-16 16:23:48,279 [7086d85c-5d6d-4b3d-a268-a825c95e3ca8@group-B2E5078CEDD4-LeaderElection99] INFO  server.RaftServerConfigKeys (ConfUtils.java:logGet(46)) - raft.server.watch.element-limit = 65536 (default)
2022-06-16 16:23:48,279 [7086d85c-5d6d-4b3d-a268-a825c95e3ca8@group-B2E5078CEDD4-LeaderElection99] INFO  server.RaftServerConfigKeys (ConfUtils.java:logGet(46)) - raft.server.write.element-limit = 1024 (custom)
2022-06-16 16:23:48,279 [7086d85c-5d6d-4b3d-a268-a825c95e3ca8@group-B2E5078CEDD4-LeaderElection99] INFO  server.RaftServerConfigKeys (ConfUtils.java:logGet(46)) - raft.server.write.follower.gap.ratio.max = -1.0 (default)
2022-06-16 16:23:48,280 [7086d85c-5d6d-4b3d-a268-a825c95e3ca8@group-B2E5078CEDD4-LeaderElection99] INFO  server.RaftServerConfigKeys (ConfUtils.java:logGet(46)) - raft.server.log.appender.snapshot.chunk.size.max = 16MB (=16777216) (default)
2022-06-16 16:23:48,280 [7086d85c-5d6d-4b3d-a268-a825c95e3ca8@group-B2E5078CEDD4-LeaderElection99] INFO  server.RaftServerConfigKeys (ConfUtils.java:logGet(46)) - raft.server.log.appender.buffer.byte-limit = 33554432 (custom)
2022-06-16 16:23:48,280 [7086d85c-5d6d-4b3d-a268-a825c95e3ca8@group-B2E5078CEDD4-LeaderElection99] INFO  server.RaftServerConfigKeys (ConfUtils.java:logGet(46)) - raft.server.log.appender.buffer.element-limit = 1 (custom)
2022-06-16 16:23:48,280 [7086d85c-5d6d-4b3d-a268-a825c95e3ca8@group-B2E5078CEDD4-LeaderElection99] INFO  grpc.GrpcConfigKeys (ConfUtils.java:logGet(46)) - raft.grpc.server.leader.outstanding.appends.max = 128 (default)
2022-06-16 16:23:48,280 [7086d85c-5d6d-4b3d-a268-a825c95e3ca8@group-B2E5078CEDD4-LeaderElection99] INFO  server.RaftServerConfigKeys (ConfUtils.java:logGet(46)) - raft.server.rpc.request.timeout = 60s (custom)
2022-06-16 16:23:48,280 [7086d85c-5d6d-4b3d-a268-a825c95e3ca8@group-B2E5078CEDD4-LeaderElection99] INFO  server.RaftServerConfigKeys (ConfUtils.java:logGet(46)) - raft.server.log.appender.install.snapshot.enabled = false (custom)
2022-06-16 16:23:48,281 [7086d85c-5d6d-4b3d-a268-a825c95e3ca8@group-B2E5078CEDD4-LeaderElection99] INFO  server.RaftServerConfigKeys (ConfUtils.java:logGet(46)) - raft.server.log.appender.snapshot.chunk.size.max = 16MB (=16777216) (default)
2022-06-16 16:23:48,282 [7086d85c-5d6d-4b3d-a268-a825c95e3ca8@group-B2E5078CEDD4-LeaderElection99] INFO  server.RaftServerConfigKeys (ConfUtils.java:logGet(46)) - raft.server.log.appender.buffer.byte-limit = 33554432 (custom)
2022-06-16 16:23:48,282 [7086d85c-5d6d-4b3d-a268-a825c95e3ca8@group-B2E5078CEDD4-LeaderElection99] INFO  server.RaftServerConfigKeys (ConfUtils.java:logGet(46)) - raft.server.log.appender.buffer.element-limit = 1 (custom)
2022-06-16 16:23:48,282 [7086d85c-5d6d-4b3d-a268-a825c95e3ca8@group-B2E5078CEDD4-LeaderElection99] INFO  grpc.GrpcConfigKeys (ConfUtils.java:logGet(46)) - raft.grpc.server.leader.outstanding.appends.max = 128 (default)
2022-06-16 16:23:48,282 [7086d85c-5d6d-4b3d-a268-a825c95e3ca8@group-B2E5078CEDD4-LeaderElection99] INFO  server.RaftServerConfigKeys (ConfUtils.java:logGet(46)) - raft.server.rpc.request.timeout = 60s (custom)
2022-06-16 16:23:48,282 [7086d85c-5d6d-4b3d-a268-a825c95e3ca8@group-B2E5078CEDD4-LeaderElection99] INFO  server.RaftServerConfigKeys (ConfUtils.java:logGet(46)) - raft.server.log.appender.install.snapshot.enabled = false (custom)
2022-06-16 16:23:48,282 [7086d85c-5d6d-4b3d-a268-a825c95e3ca8@group-B2E5078CEDD4-LeaderElection99] INFO  impl.RoleInfo (RoleInfo.java:updateAndGet(139)) - 7086d85c-5d6d-4b3d-a268-a825c95e3ca8: start 7086d85c-5d6d-4b3d-a268-a825c95e3ca8@group-B2E5078CEDD4-LeaderStateImpl
2022-06-16 16:23:48,283 [7086d85c-5d6d-4b3d-a268-a825c95e3ca8@group-B2E5078CEDD4-LeaderElection99] INFO  segmented.SegmentedRaftLogWorker (SegmentedRaftLogWorker.java:startLogSegment(425)) - 7086d85c-5d6d-4b3d-a268-a825c95e3ca8@group-B2E5078CEDD4-SegmentedRaftLogWorker: Starting segment from index:0
2022-06-16 16:23:48,284 [EventQueue-PipelineReportForPipelineReportHandler] INFO  pipeline.PipelineManagerImpl (PipelineManagerImpl.java:openPipeline(356)) - Pipeline Pipeline[ Id: 6a26a632-5d1f-4065-86cc-b2e5078cedd4, Nodes: bbd9c71d-1d51-4586-8dfe-839c345bb7aa{ip: 10.1.0.16, host: fv-az37-268.zqe2tmcsx5vuvjs3sdc4q2yfud.gx.internal.cloudapp.net, ports: [REPLICATION=40751, RATIS=39765, RATIS_ADMIN=39765, RATIS_SERVER=39765, STANDALONE=46569], networkLocation: /default-rack, certSerialId: null, persistedOpState: IN_SERVICE, persistedOpStateExpiryEpochSec: 0}7086d85c-5d6d-4b3d-a268-a825c95e3ca8{ip: 10.1.0.16, host: fv-az37-268.zqe2tmcsx5vuvjs3sdc4q2yfud.gx.internal.cloudapp.net, ports: [REPLICATION=43049, RATIS=45221, RATIS_ADMIN=45221, RATIS_SERVER=45221, STANDALONE=35367], networkLocation: /default-rack, certSerialId: null, persistedOpState: IN_SERVICE, persistedOpStateExpiryEpochSec: 0}bd7010b0-d724-4aae-b0ab-320b4ad428f6{ip: 10.1.0.16, host: fv-az37-268.zqe2tmcsx5vuvjs3sdc4q2yfud.gx.internal.cloudapp.net, ports: [REPLICATION=35193, RATIS=43957, RATIS_ADMIN=43957, RATIS_SERVER=43957, STANDALONE=34379], networkLocation: /default-rack, certSerialId: null, persistedOpState: IN_SERVICE, persistedOpStateExpiryEpochSec: 0}, ReplicationConfig: RATIS/THREE, State:ALLOCATED, leaderId:7086d85c-5d6d-4b3d-a268-a825c95e3ca8, CreationTimestamp2022-06-16T16:23:41.443Z[Etc/UTC]] moved to OPEN state
2022-06-16 16:23:48,284 [7086d85c-5d6d-4b3d-a268-a825c95e3ca8@group-B2E5078CEDD4-SegmentedRaftLogWorker] INFO  segmented.SegmentedRaftLogWorker (SegmentedRaftLogWorker.java:execute(629)) - 7086d85c-5d6d-4b3d-a268-a825c95e3ca8@group-B2E5078CEDD4-SegmentedRaftLogWorker: created new log segment /home/runner/work/ozone/ozone/hadoop-ozone/integration-test/target/test-dir/MiniOzoneClusterImpl-013b413b-6c7c-488f-84aa-e92bb4d6b165/datanode-1/data/ratis/6a26a632-5d1f-4065-86cc-b2e5078cedd4/current/log_inprogress_0
2022-06-16 16:23:48,284 [EventQueue-OpenPipelineForHealthyPipelineSafeModeRule] INFO  safemode.SCMSafeModeManager (HealthyPipelineSafeModeRule.java:process(124)) - SCM in safe mode. Healthy pipelines reported count is 0, required healthy pipeline reported count is 1
2022-06-16 16:23:48,285 [EventQueue-OpenPipelineForHealthyPipelineSafeModeRule] INFO  safemode.SCMSafeModeManager (HealthyPipelineSafeModeRule.java:process(124)) - SCM in safe mode. Healthy pipelines reported count is 1, required healthy pipeline reported count is 1
2022-06-16 16:23:48,285 [EventQueue-OpenPipelineForHealthyPipelineSafeModeRule] INFO  safemode.SCMSafeModeManager (SCMSafeModeManager.java:validateSafeModeExitRules(204)) - HealthyPipelineSafeModeRule rule is successfully validated
2022-06-16 16:23:48,285 [EventQueue-OpenPipelineForHealthyPipelineSafeModeRule] INFO  safemode.SCMSafeModeManager (SCMSafeModeManager.java:validateSafeModeExitRules(219)) - ScmSafeModeManager, all rules are successfully validated
2022-06-16 16:23:48,285 [EventQueue-OpenPipelineForHealthyPipelineSafeModeRule] INFO  safemode.SCMSafeModeManager (SCMSafeModeManager.java:exitSafeMode(248)) - SCM exiting safe mode.
2022-06-16 16:23:48,285 [EventQueue-OpenPipelineForHealthyPipelineSafeModeRule] WARN  events.EventQueue (EventQueue.java:fireEvent(194)) - No event handler registered for event TypedEvent{payloadType=SafeModeStatus, name='Safe mode status'}
2022-06-16 16:23:48,285 [EventQueue-OpenPipelineForHealthyPipelineSafeModeRule] INFO  ha.SCMContext (SCMContext.java:updateSafeModeStatus(228)) - Update SafeModeStatus from SafeModeStatus{safeModeStatus=true, preCheckPassed=true} to SafeModeStatus{safeModeStatus=false, preCheckPassed=true}.
2022-06-16 16:23:48,286 [EventQueue-OpenPipelineForHealthyPipelineSafeModeRule] INFO  pipeline.BackgroundPipelineCreator (BackgroundPipelineCreator.java:notifyStatusChanged(251)) - Service BackgroundPipelineCreator transitions to RUNNING.
2022-06-16 16:23:48,286 [EventQueue-OpenPipelineForHealthyPipelineSafeModeRule] INFO  BackgroundPipelineScrubber (BackgroundSCMService.java:notifyStatusChanged(82)) - Service BackgroundPipelineScrubber transitions to RUNNING.
2022-06-16 16:23:48,286 [EventQueue-OpenPipelineForHealthyPipelineSafeModeRule] INFO  ExpiredContainerReplicaOpScrubber (BackgroundSCMService.java:notifyStatusChanged(82)) - Service ExpiredContainerReplicaOpScrubber transitions to RUNNING.
2022-06-16 16:23:48,286 [EventQueue-OpenPipelineForHealthyPipelineSafeModeRule] INFO  replication.ReplicationManager (ReplicationManager.java:notifyStatusChanged(372)) - Service ReplicationManager transitions to RUNNING.
2022-06-16 16:23:48,286 [EventQueue-OpenPipelineForHealthyPipelineSafeModeRule] WARN  balancer.ContainerBalancer (ContainerBalancer.java:shouldRun(875)) - Could not find persisted configuration for ContainerBalancer when checking if ContainerBalancer should run. ContainerBalancer should not run now.
2022-06-16 16:23:48,290 [7086d85c-5d6d-4b3d-a268-a825c95e3ca8@group-B2E5078CEDD4-LeaderElection99] INFO  server.RaftServer$Division (ServerState.java:setRaftConf(393)) - 7086d85c-5d6d-4b3d-a268-a825c95e3ca8@group-B2E5078CEDD4: set configuration 0: [7086d85c-5d6d-4b3d-a268-a825c95e3ca8|rpc:10.1.0.16:45221|dataStream:|priority:1, bbd9c71d-1d51-4586-8dfe-839c345bb7aa|rpc:10.1.0.16:39765|dataStream:|priority:0, bd7010b0-d724-4aae-b0ab-320b4ad428f6|rpc:10.1.0.16:43957|dataStream:|priority:0], old=null
2022-06-16 16:23:48,376 [bbd9c71d-1d51-4586-8dfe-839c345bb7aa-server-thread1] INFO  ratis.XceiverServerRatis (XceiverServerRatis.java:handleLeaderChangedNotification(863)) - Leader change notification received for group: group-B2E5078CEDD4 with new leaderId: 7086d85c-5d6d-4b3d-a268-a825c95e3ca8
2022-06-16 16:23:48,376 [bbd9c71d-1d51-4586-8dfe-839c345bb7aa-server-thread1] INFO  server.RaftServer$Division (ServerState.java:setLeader(287)) - bbd9c71d-1d51-4586-8dfe-839c345bb7aa@group-B2E5078CEDD4: change Leader from null to 7086d85c-5d6d-4b3d-a268-a825c95e3ca8 at term 1 for appendEntries, leader elected after 5207ms
2022-06-16 16:23:48,443 [bbd9c71d-1d51-4586-8dfe-839c345bb7aa-server-thread1] INFO  server.RaftServer$Division (ServerState.java:setRaftConf(393)) - bbd9c71d-1d51-4586-8dfe-839c345bb7aa@group-B2E5078CEDD4: set configuration 0: [7086d85c-5d6d-4b3d-a268-a825c95e3ca8|rpc:10.1.0.16:45221|dataStream:|priority:1, bbd9c71d-1d51-4586-8dfe-839c345bb7aa|rpc:10.1.0.16:39765|dataStream:|priority:0, bd7010b0-d724-4aae-b0ab-320b4ad428f6|rpc:10.1.0.16:43957|dataStream:|priority:0], old=null
2022-06-16 16:23:48,443 [bbd9c71d-1d51-4586-8dfe-839c345bb7aa-server-thread1] INFO  segmented.SegmentedRaftLogWorker (SegmentedRaftLogWorker.java:startLogSegment(425)) - bbd9c71d-1d51-4586-8dfe-839c345bb7aa@group-B2E5078CEDD4-SegmentedRaftLogWorker: Starting segment from index:0
2022-06-16 16:23:48,445 [bbd9c71d-1d51-4586-8dfe-839c345bb7aa@group-B2E5078CEDD4-SegmentedRaftLogWorker] INFO  segmented.SegmentedRaftLogWorker (SegmentedRaftLogWorker.java:execute(629)) - bbd9c71d-1d51-4586-8dfe-839c345bb7aa@group-B2E5078CEDD4-SegmentedRaftLogWorker: created new log segment /home/runner/work/ozone/ozone/hadoop-ozone/integration-test/target/test-dir/MiniOzoneClusterImpl-013b413b-6c7c-488f-84aa-e92bb4d6b165/datanode-2/data/ratis/6a26a632-5d1f-4065-86cc-b2e5078cedd4/current/log_inprogress_0
2022-06-16 16:23:48,586 [bd7010b0-d724-4aae-b0ab-320b4ad428f6-server-thread1] INFO  ratis.XceiverServerRatis (XceiverServerRatis.java:handleLeaderChangedNotification(863)) - Leader change notification received for group: group-B2E5078CEDD4 with new leaderId: 7086d85c-5d6d-4b3d-a268-a825c95e3ca8
2022-06-16 16:23:48,586 [bd7010b0-d724-4aae-b0ab-320b4ad428f6-server-thread1] INFO  server.RaftServer$Division (ServerState.java:setLeader(287)) - bd7010b0-d724-4aae-b0ab-320b4ad428f6@group-B2E5078CEDD4: change Leader from null to 7086d85c-5d6d-4b3d-a268-a825c95e3ca8 at term 1 for appendEntries, leader elected after 5419ms
2022-06-16 16:23:48,614 [bd7010b0-d724-4aae-b0ab-320b4ad428f6-server-thread1] INFO  server.RaftServer$Division (ServerState.java:setRaftConf(393)) - bd7010b0-d724-4aae-b0ab-320b4ad428f6@group-B2E5078CEDD4: set configuration 0: [7086d85c-5d6d-4b3d-a268-a825c95e3ca8|rpc:10.1.0.16:45221|dataStream:|priority:1, bbd9c71d-1d51-4586-8dfe-839c345bb7aa|rpc:10.1.0.16:39765|dataStream:|priority:0, bd7010b0-d724-4aae-b0ab-320b4ad428f6|rpc:10.1.0.16:43957|dataStream:|priority:0], old=null
2022-06-16 16:23:48,615 [bd7010b0-d724-4aae-b0ab-320b4ad428f6-server-thread1] INFO  segmented.SegmentedRaftLogWorker (SegmentedRaftLogWorker.java:startLogSegment(425)) - bd7010b0-d724-4aae-b0ab-320b4ad428f6@group-B2E5078CEDD4-SegmentedRaftLogWorker: Starting segment from index:0
2022-06-16 16:23:48,616 [bd7010b0-d724-4aae-b0ab-320b4ad428f6@group-B2E5078CEDD4-SegmentedRaftLogWorker] INFO  segmented.SegmentedRaftLogWorker (SegmentedRaftLogWorker.java:execute(629)) - bd7010b0-d724-4aae-b0ab-320b4ad428f6@group-B2E5078CEDD4-SegmentedRaftLogWorker: created new log segment /home/runner/work/ozone/ozone/hadoop-ozone/integration-test/target/test-dir/MiniOzoneClusterImpl-013b413b-6c7c-488f-84aa-e92bb4d6b165/datanode-0/data/ratis/6a26a632-5d1f-4065-86cc-b2e5078cedd4/current/log_inprogress_0
2022-06-16 16:23:48,689 [Listener at 127.0.0.1/44357] INFO  ozone.MiniOzoneClusterImpl (MiniOzoneClusterImpl.java:lambda$waitForClusterToBeReady$0(221)) - Nodes are ready. Got 5 of 5 DN Heartbeats.
2022-06-16 16:23:48,690 [Listener at 127.0.0.1/44357] INFO  ozone.MiniOzoneClusterImpl (MiniOzoneClusterImpl.java:lambda$waitForClusterToBeReady$0(224)) - Cluster exits safe mode
2022-06-16 16:23:48,690 [Listener at 127.0.0.1/44357] INFO  ozone.MiniOzoneClusterImpl (MiniOzoneClusterImpl.java:lambda$waitForClusterToBeReady$0(226)) - SCM became leader
2022-06-16 16:23:48,803 [Command processor thread] INFO  server.RaftServer (RaftServerProxy.java:addNew(96)) - 114f19ad-63b2-4d1e-94e1-d37be13df7e0: addNew group-65568590AF2F:[114f19ad-63b2-4d1e-94e1-d37be13df7e0|rpc:10.1.0.16:39887|priority:1] returns group-65568590AF2F:java.util.concurrent.CompletableFuture@430303db[Not completed]
2022-06-16 16:23:48,814 [pool-1164-thread-1] INFO  server.RaftServer$Division (RaftServerImpl.java:<init>(190)) - 114f19ad-63b2-4d1e-94e1-d37be13df7e0: new RaftServerImpl for group-65568590AF2F:[114f19ad-63b2-4d1e-94e1-d37be13df7e0|rpc:10.1.0.16:39887|priority:1] with ContainerStateMachine:uninitialized
2022-06-16 16:23:48,814 [pool-1164-thread-1] INFO  server.RaftServerConfigKeys (ConfUtils.java:logGet(46)) - raft.server.rpc.timeout.min = 5s (custom)
2022-06-16 16:23:48,814 [pool-1164-thread-1] INFO  server.RaftServerConfigKeys (ConfUtils.java:logGet(46)) - raft.server.rpc.timeout.max = 5200ms (custom)
2022-06-16 16:23:48,814 [pool-1164-thread-1] INFO  server.RaftServerConfigKeys (ConfUtils.java:logGet(46)) - raft.server.rpc.sleep.time = 25ms (default)
2022-06-16 16:23:48,814 [pool-1164-thread-1] INFO  server.RaftServerConfigKeys (ConfUtils.java:logGet(46)) - raft.server.rpc.slowness.timeout = 300s (custom)
2022-06-16 16:23:48,814 [pool-1164-thread-1] INFO  server.RaftServerConfigKeys (ConfUtils.java:logGet(46)) - raft.server.leaderelection.leader.step-down.wait-time = 10s (default)
2022-06-16 16:23:48,814 [pool-1164-thread-1] INFO  server.RaftServerConfigKeys (ConfUtils.java:logGet(46)) - raft.server.sleep.deviation.threshold = 300ms (default)
2022-06-16 16:23:48,815 [pool-1164-thread-1] INFO  server.RaftServer$Division (ServerState.java:<init>(107)) - 114f19ad-63b2-4d1e-94e1-d37be13df7e0@group-65568590AF2F: ConfigurationManager, init=-1: [114f19ad-63b2-4d1e-94e1-d37be13df7e0|rpc:10.1.0.16:39887|priority:1], old=null, confs=<EMPTY_MAP>
2022-06-16 16:23:48,815 [pool-1164-thread-1] INFO  server.RaftServerConfigKeys (ConfUtils.java:logGet(46)) - raft.server.storage.dir = [/home/runner/work/ozone/ozone/hadoop-ozone/integration-test/target/test-dir/MiniOzoneClusterImpl-013b413b-6c7c-488f-84aa-e92bb4d6b165/datanode-4/data/ratis] (custom)
2022-06-16 16:23:48,817 [pool-1164-thread-1] INFO  server.RaftServerConfigKeys (ConfUtils.java:logGet(46)) - raft.server.log.corruption.policy = EXCEPTION (default)
2022-06-16 16:23:48,818 [pool-1164-thread-1] INFO  server.RaftServerConfigKeys (ConfUtils.java:logGet(46)) - raft.server.storage.free-space.min = 0MB (=0) (default)
2022-06-16 16:23:48,818 [pool-1164-thread-1] INFO  storage.RaftStorageDirectory (RaftStorageDirectoryImpl.java:analyzeStorage(135)) - The storage directory /home/runner/work/ozone/ozone/hadoop-ozone/integration-test/target/test-dir/MiniOzoneClusterImpl-013b413b-6c7c-488f-84aa-e92bb4d6b165/datanode-4/data/ratis/4dc86c0f-e78f-4bf7-9186-65568590af2f does not exist. Creating ...
2022-06-16 16:23:48,867 [pool-1164-thread-1] INFO  storage.RaftStorageDirectory (RaftStorageDirectoryImpl.java:tryLock(230)) - Lock on /home/runner/work/ozone/ozone/hadoop-ozone/integration-test/target/test-dir/MiniOzoneClusterImpl-013b413b-6c7c-488f-84aa-e92bb4d6b165/datanode-4/data/ratis/4dc86c0f-e78f-4bf7-9186-65568590af2f/in_use.lock acquired by nodename 3861@fv-az37-268
2022-06-16 16:23:48,873 [pool-1164-thread-1] INFO  storage.RaftStorage (RaftStorageImpl.java:format(89)) - Storage directory /home/runner/work/ozone/ozone/hadoop-ozone/integration-test/target/test-dir/MiniOzoneClusterImpl-013b413b-6c7c-488f-84aa-e92bb4d6b165/datanode-4/data/ratis/4dc86c0f-e78f-4bf7-9186-65568590af2f has been successfully formatted.
2022-06-16 16:23:48,894 [pool-1164-thread-1] INFO  ratis.ContainerStateMachine (ContainerStateMachine.java:loadSnapshot(236)) - group-65568590AF2F: The snapshot info is null. Setting the last applied indexto:(t:0, i:~)
2022-06-16 16:23:48,894 [pool-1164-thread-1] INFO  server.RaftServerConfigKeys (ConfUtils.java:logGet(46)) - raft.server.notification.no-leader.timeout = 300s (custom)
2022-06-16 16:23:48,894 [pool-1164-thread-1] INFO  server.RaftServerConfigKeys (ConfUtils.java:logGet(46)) - raft.server.log.use.memory = false (default)
2022-06-16 16:23:48,894 [pool-1164-thread-1] INFO  server.RaftServerConfigKeys (ConfUtils.java:logGet(46)) - raft.server.log.purge.gap = 1000000 (custom)
2022-06-16 16:23:48,894 [pool-1164-thread-1] INFO  server.RaftServerConfigKeys (ConfUtils.java:logGet(46)) - raft.server.log.appender.buffer.byte-limit = 33554432 (custom)
2022-06-16 16:23:48,894 [pool-1164-thread-1] INFO  server.RaftServerConfigKeys (ConfUtils.java:logGet(46)) - raft.server.log.statemachine.data.read.timeout = 1000ms (default)
2022-06-16 16:23:48,894 [pool-1164-thread-1] INFO  server.RaftServerConfigKeys (ConfUtils.java:logGet(46)) - raft.server.log.segment.size.max = 1048576 (custom)
2022-06-16 16:23:48,895 [pool-1164-thread-1] INFO  server.RaftServerConfigKeys (ConfUtils.java:logGet(46)) - raft.server.log.segment.cache.num.max = 2 (custom)
2022-06-16 16:23:48,895 [pool-1164-thread-1] INFO  server.RaftServerConfigKeys (ConfUtils.java:logGet(46)) - raft.server.log.segment.cache.size.max = 200MB (=209715200) (default)
2022-06-16 16:23:48,895 [pool-1164-thread-1] INFO  segmented.SegmentedRaftLogWorker (SegmentedRaftLogWorker.java:<init>(187)) - new 114f19ad-63b2-4d1e-94e1-d37be13df7e0@group-65568590AF2F-SegmentedRaftLogWorker for RaftStorageImpl:Storage Directory /home/runner/work/ozone/ozone/hadoop-ozone/integration-test/target/test-dir/MiniOzoneClusterImpl-013b413b-6c7c-488f-84aa-e92bb4d6b165/datanode-4/data/ratis/4dc86c0f-e78f-4bf7-9186-65568590af2f
2022-06-16 16:23:48,895 [pool-1164-thread-1] INFO  server.RaftServerConfigKeys (ConfUtils.java:logGet(46)) - raft.server.log.queue.byte-limit = 4294967296 (custom)
2022-06-16 16:23:48,895 [pool-1164-thread-1] INFO  server.RaftServerConfigKeys (ConfUtils.java:logGet(46)) - raft.server.log.queue.element-limit = 1024 (custom)
2022-06-16 16:23:48,895 [pool-1164-thread-1] INFO  server.RaftServerConfigKeys (ConfUtils.java:logGet(46)) - raft.server.log.segment.size.max = 1048576 (custom)
2022-06-16 16:23:48,895 [pool-1164-thread-1] INFO  server.RaftServerConfigKeys (ConfUtils.java:logGet(46)) - raft.server.log.preallocated.size = 16384 (custom)
2022-06-16 16:23:48,895 [pool-1164-thread-1] INFO  server.RaftServerConfigKeys (ConfUtils.java:logGet(46)) - raft.server.log.force.sync.num = 128 (default)
2022-06-16 16:23:48,895 [pool-1164-thread-1] INFO  server.RaftServerConfigKeys (ConfUtils.java:logGet(46)) - raft.server.log.statemachine.data.sync = true (default)
2022-06-16 16:23:48,895 [pool-1164-thread-1] INFO  server.RaftServerConfigKeys (ConfUtils.java:logGet(46)) - raft.server.log.statemachine.data.sync.timeout = 10s (default)
2022-06-16 16:23:48,895 [pool-1164-thread-1] INFO  server.RaftServerConfigKeys (ConfUtils.java:logGet(46)) - raft.server.log.statemachine.data.sync.timeout.retry = -1 (default)
2022-06-16 16:23:48,898 [pool-1164-thread-1] INFO  server.RaftServerConfigKeys (ConfUtils.java:logGet(46)) - raft.server.log.write.buffer.size = 1048576 (custom)
2022-06-16 16:23:48,899 [pool-1164-thread-1] INFO  server.RaftServerConfigKeys (ConfUtils.java:logGet(46)) - raft.server.log.unsafe-flush.enabled = false (default)
2022-06-16 16:23:48,899 [pool-1164-thread-1] INFO  server.RaftServerConfigKeys (ConfUtils.java:logGet(46)) - raft.server.log.statemachine.data.caching.enabled = true (custom)
2022-06-16 16:23:48,899 [pool-1164-thread-1] INFO  segmented.SegmentedRaftLogWorker (SegmentedRaftLogWorker.java:lambda$new$0(135)) - 114f19ad-63b2-4d1e-94e1-d37be13df7e0@group-65568590AF2F-SegmentedRaftLogWorker: flushIndex: setUnconditionally 0 -> -1
2022-06-16 16:23:48,899 [pool-1164-thread-1] INFO  segmented.SegmentedRaftLogWorker (SegmentedRaftLogWorker.java:lambda$new$0(135)) - 114f19ad-63b2-4d1e-94e1-d37be13df7e0@group-65568590AF2F-SegmentedRaftLogWorker: safeCacheEvictIndex: setUnconditionally 0 -> -1
2022-06-16 16:23:48,918 [EventQueue-PipelineReportForPipelineReportHandler] INFO  pipeline.PipelineManagerImpl (PipelineManagerImpl.java:openPipeline(356)) - Pipeline Pipeline[ Id: 4dc86c0f-e78f-4bf7-9186-65568590af2f, Nodes: 114f19ad-63b2-4d1e-94e1-d37be13df7e0{ip: 10.1.0.16, host: fv-az37-268.zqe2tmcsx5vuvjs3sdc4q2yfud.gx.internal.cloudapp.net, ports: [REPLICATION=36949, RATIS=39887, RATIS_ADMIN=39887, RATIS_SERVER=39887, STANDALONE=35531], networkLocation: /default-rack, certSerialId: null, persistedOpState: IN_SERVICE, persistedOpStateExpiryEpochSec: 0}, ReplicationConfig: RATIS/ONE, State:ALLOCATED, leaderId:114f19ad-63b2-4d1e-94e1-d37be13df7e0, CreationTimestamp2022-06-16T16:23:45.822Z[Etc/UTC]] moved to OPEN state
2022-06-16 16:23:48,938 [pool-1164-thread-1] INFO  server.RaftServerConfigKeys (ConfUtils.java:logGet(46)) - raft.server.snapshot.auto.trigger.enabled = true (custom)
2022-06-16 16:23:48,938 [pool-1164-thread-1] INFO  server.RaftServerConfigKeys (ConfUtils.java:logGet(46)) - raft.server.snapshot.auto.trigger.threshold = 10000 (custom)
2022-06-16 16:23:48,938 [pool-1164-thread-1] INFO  server.RaftServerConfigKeys (ConfUtils.java:logGet(46)) - raft.server.snapshot.retention.file.num = 5 (custom)
2022-06-16 16:23:48,938 [pool-1164-thread-1] INFO  server.RaftServerConfigKeys (ConfUtils.java:logGet(46)) - raft.server.log.purge.upto.snapshot.index = false (default)
2022-06-16 16:23:48,979 [pool-1164-thread-1] INFO  server.RaftServerConfigKeys (ConfUtils.java:logGet(46)) - raft.server.retrycache.expirytime = 600000ms (custom)
2022-06-16 16:23:48,980 [pool-1164-thread-1] INFO  server.RaftServerConfigKeys (ConfUtils.java:logGet(46)) - raft.server.retrycache.statistics.expirytime = 100μs (default)
2022-06-16 16:23:48,981 [pool-1164-thread-1] INFO  server.RaftServerConfigKeys (ConfUtils.java:logGet(46)) - raft.server.log.appender.install.snapshot.enabled = false (custom)
2022-06-16 16:23:48,981 [pool-1164-thread-1] INFO  server.RaftServerConfigKeys (ConfUtils.java:logGet(46)) - raft.server.threadpool.server.cached = true (default)
2022-06-16 16:23:48,981 [pool-1164-thread-1] INFO  server.RaftServerConfigKeys (ConfUtils.java:logGet(46)) - raft.server.threadpool.server.size = 0 (default)
2022-06-16 16:23:48,981 [pool-1164-thread-1] INFO  server.RaftServerConfigKeys (ConfUtils.java:logGet(46)) - raft.server.threadpool.client.cached = true (default)
2022-06-16 16:23:48,981 [pool-1164-thread-1] INFO  server.RaftServerConfigKeys (ConfUtils.java:logGet(46)) - raft.server.threadpool.client.size = 0 (default)
2022-06-16 16:23:48,981 [pool-1164-thread-1] INFO  server.RaftServer$Division (RaftServerImpl.java:start(310)) - 114f19ad-63b2-4d1e-94e1-d37be13df7e0@group-65568590AF2F: start as a follower, conf=-1: [114f19ad-63b2-4d1e-94e1-d37be13df7e0|rpc:10.1.0.16:39887|priority:1], old=null
2022-06-16 16:23:48,981 [pool-1164-thread-1] INFO  server.RaftServer$Division (RaftServerImpl.java:setRole(299)) - 114f19ad-63b2-4d1e-94e1-d37be13df7e0@group-65568590AF2F: changes role from      null to FOLLOWER at term 0 for startAsFollower
2022-06-16 16:23:48,981 [pool-1164-thread-1] INFO  impl.RoleInfo (RoleInfo.java:updateAndGet(139)) - 114f19ad-63b2-4d1e-94e1-d37be13df7e0: start 114f19ad-63b2-4d1e-94e1-d37be13df7e0@group-65568590AF2F-FollowerState
2022-06-16 16:23:49,006 [pool-1164-thread-1] INFO  util.JmxRegister (JmxRegister.java:tryRegister(44)) - Successfully registered JMX Bean with object name Ratis:service=RaftServer,group=group-65568590AF2F,id=114f19ad-63b2-4d1e-94e1-d37be13df7e0
2022-06-16 16:23:49,042 [Command processor thread] INFO  ratis.XceiverServerRatis (XceiverServerRatis.java:addGroup(765)) - Created group PipelineID=4dc86c0f-e78f-4bf7-9186-65568590af2f
2022-06-16 16:23:49,042 [Command processor thread] INFO  commandhandler.CreatePipelineCommandHandler (CreatePipelineCommandHandler.java:handle(113)) - Created Pipeline RATIS ONE PipelineID=4dc86c0f-e78f-4bf7-9186-65568590af2f.
2022-06-16 16:23:49,152 [Time-limited test] INFO  rpc.RpcClient (RpcClient.java:createVolume(466)) - Creating Volume: volume45032, with user22482 as owner and space quota set to -1 bytes, counts quota set to -1
2022-06-16 16:23:49,155 [IPC Server handler 6 on default port 44357] INFO  volume.OMVolumeCreateRequest (OMVolumeCreateRequest.java:validateAndUpdateCache(195)) - created volume:volume45032 for user:user22482
2022-06-16 16:23:49,222 [Time-limited test] INFO  rpc.RpcClient (RpcClient.java:createBucket(666)) - Creating Bucket: volume45032/bucket98019, with the Bucket Layout LEGACY, runner as owner, Versioning false, Storage Type set to DISK and Encryption set to false 
2022-06-16 16:23:49,227 [IPC Server handler 11 on default port 44357] INFO  bucket.OMBucketCreateRequest (OMBucketCreateRequest.java:validateAndUpdateCache(260)) - created bucket: bucket98019 of layout LEGACY in volume: volume45032
2022-06-16 16:23:49,298 [IPC Server handler 0 on default port 40421] INFO  ha.SequenceIdGenerator (SequenceIdGenerator.java:getNextId(127)) - Allocate a batch for containerId, change lastId from 0 to 1000.
2022-06-16 16:23:49,299 [IPC Server handler 0 on default port 40421] WARN  ha.SequenceIdGenerator (SequenceIdGenerator.java:allocateBatch(235)) - Failed to allocate a batch for localId, expected lastId is 0, actual lastId is 109611004723200000.
2022-06-16 16:23:49,299 [IPC Server handler 0 on default port 40421] INFO  ha.SequenceIdGenerator (SequenceIdGenerator.java:getNextId(127)) - Allocate a batch for localId, change lastId from 109611004723200000 to 109611004723201000.
16:23:49.340 [IPC Server handler 16 on default port 44357] ERROR OMAudit - user=runner | ip=127.0.0.1 | op=GET_FILE_STATUS {volume=volume45032, bucket=bucket98019, key=dir342/file1, dataSize=0, replicationConfig=null} | ret=FAILURE
org.apache.hadoop.ozone.om.exceptions.OMException: Unable to get file status: volume: volume45032 bucket: bucket98019 key: dir342/file1
	at org.apache.hadoop.ozone.om.KeyManagerImpl.getOzoneFileStatus(KeyManagerImpl.java:1283) ~[ozone-manager-1.3.0-SNAPSHOT.jar:?]
	at org.apache.hadoop.ozone.om.KeyManagerImpl.getFileStatus(KeyManagerImpl.java:1213) ~[ozone-manager-1.3.0-SNAPSHOT.jar:?]
	at org.apache.hadoop.ozone.om.OzoneManager.getFileStatus(OzoneManager.java:3419) ~[ozone-manager-1.3.0-SNAPSHOT.jar:?]
	at org.apache.hadoop.ozone.protocolPB.OzoneManagerRequestHandler.getOzoneFileStatus(OzoneManagerRequestHandler.java:871) ~[ozone-manager-1.3.0-SNAPSHOT.jar:?]
	at org.apache.hadoop.ozone.protocolPB.OzoneManagerRequestHandler.handleReadRequest(OzoneManagerRequestHandler.java:217) ~[ozone-manager-1.3.0-SNAPSHOT.jar:?]
	at org.apache.hadoop.ozone.protocolPB.OzoneManagerProtocolServerSideTranslatorPB.submitRequestDirectlyToOM(OzoneManagerProtocolServerSideTranslatorPB.java:284) ~[ozone-manager-1.3.0-SNAPSHOT.jar:?]
	at org.apache.hadoop.ozone.protocolPB.OzoneManagerProtocolServerSideTranslatorPB.processRequest(OzoneManagerProtocolServerSideTranslatorPB.java:207) ~[ozone-manager-1.3.0-SNAPSHOT.jar:?]
	at org.apache.hadoop.hdds.server.OzoneProtocolMessageDispatcher.processRequest(OzoneProtocolMessageDispatcher.java:87) [hdds-server-framework-1.3.0-SNAPSHOT.jar:?]
	at org.apache.hadoop.ozone.protocolPB.OzoneManagerProtocolServerSideTranslatorPB.submitRequest(OzoneManagerProtocolServerSideTranslatorPB.java:147) [ozone-manager-1.3.0-SNAPSHOT.jar:?]
	at org.apache.hadoop.ozone.protocol.proto.OzoneManagerProtocolProtos$OzoneManagerService$2.callBlockingMethod(OzoneManagerProtocolProtos.java) [ozone-interface-client-1.3.0-SNAPSHOT.jar:?]
	at org.apache.hadoop.ipc.ProtobufRpcEngine$Server.processCall(ProtobufRpcEngine.java:466) [hadoop-common-3.3.1.jar:?]
	at org.apache.hadoop.ipc.ProtobufRpcEngine2$Server$ProtoBufRpcInvoker.call(ProtobufRpcEngine2.java:574) [hadoop-common-3.3.1.jar:?]
	at org.apache.hadoop.ipc.ProtobufRpcEngine2$Server$ProtoBufRpcInvoker.call(ProtobufRpcEngine2.java:552) [hadoop-common-3.3.1.jar:?]
	at org.apache.hadoop.ipc.RPC$Server.call(RPC.java:1093) [hadoop-common-3.3.1.jar:?]
	at org.apache.hadoop.ipc.Server$RpcCall.run(Server.java:1035) [hadoop-common-3.3.1.jar:?]
	at org.apache.hadoop.ipc.Server$RpcCall.run(Server.java:963) [hadoop-common-3.3.1.jar:?]
	at java.security.AccessController.doPrivileged(Native Method) ~[?:1.8.0_332]
	at javax.security.auth.Subject.doAs(Subject.java:422) [?:1.8.0_332]
	at org.apache.hadoop.security.UserGroupInformation.doAs(UserGroupInformation.java:1878) [hadoop-common-3.3.1.jar:?]
	at org.apache.hadoop.ipc.Server$Handler.run(Server.java:2966) [hadoop-common-3.3.1.jar:?]
]]></system-out>
  </testcase>
  <testcase name="testListStatusRootAndVolumeRecursive" classname="TestRootedOzoneFileSystem" time="1.008">
    <system-out><![CDATA[2022-06-16 16:18:24,492 [Time-limited test] INFO  rpc.RpcClient (RpcClient.java:createVolume(466)) - Creating Volume: volume06304, with user42966 as owner and space quota set to -1 bytes, counts quota set to -1
2022-06-16 16:18:24,496 [OM StateMachine ApplyTransaction Thread - 0] INFO  volume.OMVolumeCreateRequest (OMVolumeCreateRequest.java:validateAndUpdateCache(195)) - created volume:volume06304 for user:user42966
2022-06-16 16:18:24,499 [Time-limited test] INFO  rpc.RpcClient (RpcClient.java:createBucket(666)) - Creating Bucket: volume06304/bucket30301, with the Bucket Layout LEGACY, runner as owner, Versioning false, Storage Type set to DISK and Encryption set to false 
2022-06-16 16:18:24,501 [OM StateMachine ApplyTransaction Thread - 0] INFO  bucket.OMBucketCreateRequest (OMBucketCreateRequest.java:validateAndUpdateCache(260)) - created bucket: bucket30301 of layout LEGACY in volume: volume06304
2022-06-16 16:18:24,515 [Time-limited test] INFO  rpc.RpcClient (RpcClient.java:createVolume(466)) - Creating Volume: volume-02648, with runner as owner and space quota set to -1 bytes, counts quota set to -1
2022-06-16 16:18:24,520 [OM StateMachine ApplyTransaction Thread - 0] INFO  volume.OMVolumeCreateRequest (OMVolumeCreateRequest.java:validateAndUpdateCache(195)) - created volume:volume-02648 for user:runner
2022-06-16 16:18:24,522 [Time-limited test] INFO  rpc.RpcClient (RpcClient.java:createBucket(666)) - Creating Bucket: volume-02648/bucket-84101, with the Bucket Layout null, runner as owner, Versioning false, Storage Type set to DISK and Encryption set to false 
2022-06-16 16:18:24,524 [OM StateMachine ApplyTransaction Thread - 0] INFO  bucket.OMBucketCreateRequest (OMBucketCreateRequest.java:validateAndUpdateCache(260)) - created bucket: bucket-84101 of layout LEGACY in volume: volume-02648
2022-06-16 16:18:24,585 [Time-limited test] INFO  impl.MetricsSystemImpl (MetricsSystemImpl.java:init(158)) - XceiverClientMetrics metrics system started (again)
2022-06-16 16:18:24,944 [Time-limited test] INFO  rpc.RpcClient (RpcClient.java:createVolume(466)) - Creating Volume: volume-17242, with runner as owner and space quota set to -1 bytes, counts quota set to -1
2022-06-16 16:18:24,947 [OM StateMachine ApplyTransaction Thread - 0] INFO  volume.OMVolumeCreateRequest (OMVolumeCreateRequest.java:validateAndUpdateCache(195)) - created volume:volume-17242 for user:runner
2022-06-16 16:18:24,949 [Time-limited test] INFO  rpc.RpcClient (RpcClient.java:createBucket(666)) - Creating Bucket: volume-17242/bucket-08088, with the Bucket Layout null, runner as owner, Versioning false, Storage Type set to DISK and Encryption set to false 
2022-06-16 16:18:24,951 [OM StateMachine ApplyTransaction Thread - 0] INFO  bucket.OMBucketCreateRequest (OMBucketCreateRequest.java:validateAndUpdateCache(260)) - created bucket: bucket-08088 of layout LEGACY in volume: volume-17242
]]></system-out>
  </testcase>
  <testcase name="testListStatusRootAndVolumeRecursive" classname="TestRootedOzoneFileSystem" time="0.809">
    <system-out><![CDATA[2022-06-16 16:19:27,739 [Time-limited test] INFO  rpc.RpcClient (RpcClient.java:createVolume(466)) - Creating Volume: volume95365, with user20643 as owner and space quota set to -1 bytes, counts quota set to -1
2022-06-16 16:19:27,743 [OM StateMachine ApplyTransaction Thread - 0] INFO  volume.OMVolumeCreateRequest (OMVolumeCreateRequest.java:validateAndUpdateCache(195)) - created volume:volume95365 for user:user20643
2022-06-16 16:19:27,744 [Time-limited test] INFO  rpc.RpcClient (RpcClient.java:createBucket(666)) - Creating Bucket: volume95365/bucket18840, with the Bucket Layout LEGACY, runner as owner, Versioning false, Storage Type set to DISK and Encryption set to false 
2022-06-16 16:19:27,746 [OM StateMachine ApplyTransaction Thread - 0] INFO  bucket.OMBucketCreateRequest (OMBucketCreateRequest.java:validateAndUpdateCache(260)) - created bucket: bucket18840 of layout LEGACY in volume: volume95365
16:19:27.751 [IPC Server handler 6 on default port 34065] ERROR OMAudit - user=runner | ip=127.0.0.1 | op=READ_BUCKET {volume=volume-69530, bucket=bucket-31934} | ret=FAILURE
org.apache.hadoop.ozone.om.exceptions.OMException: Volume not found when getting bucket info
	at org.apache.hadoop.ozone.om.BucketManagerImpl.getBucketInfo(BucketManagerImpl.java:127) ~[ozone-manager-1.3.0-SNAPSHOT.jar:?]
	at org.apache.hadoop.ozone.om.OzoneManager.getBucketInfo(OzoneManager.java:2778) ~[ozone-manager-1.3.0-SNAPSHOT.jar:?]
	at org.apache.hadoop.ozone.protocolPB.OzoneManagerRequestHandler.infoBucket(OzoneManagerRequestHandler.java:464) ~[ozone-manager-1.3.0-SNAPSHOT.jar:?]
	at org.apache.hadoop.ozone.protocolPB.OzoneManagerRequestHandler.handleReadRequest(OzoneManagerRequestHandler.java:172) ~[ozone-manager-1.3.0-SNAPSHOT.jar:?]
	at org.apache.hadoop.ozone.protocolPB.OzoneManagerProtocolServerSideTranslatorPB.submitReadRequestToOM(OzoneManagerProtocolServerSideTranslatorPB.java:225) ~[ozone-manager-1.3.0-SNAPSHOT.jar:?]
	at org.apache.hadoop.ozone.protocolPB.OzoneManagerProtocolServerSideTranslatorPB.processRequest(OzoneManagerProtocolServerSideTranslatorPB.java:175) ~[ozone-manager-1.3.0-SNAPSHOT.jar:?]
	at org.apache.hadoop.hdds.server.OzoneProtocolMessageDispatcher.processRequest(OzoneProtocolMessageDispatcher.java:87) [hdds-server-framework-1.3.0-SNAPSHOT.jar:?]
	at org.apache.hadoop.ozone.protocolPB.OzoneManagerProtocolServerSideTranslatorPB.submitRequest(OzoneManagerProtocolServerSideTranslatorPB.java:147) [ozone-manager-1.3.0-SNAPSHOT.jar:?]
	at org.apache.hadoop.ozone.protocol.proto.OzoneManagerProtocolProtos$OzoneManagerService$2.callBlockingMethod(OzoneManagerProtocolProtos.java) [ozone-interface-client-1.3.0-SNAPSHOT.jar:?]
	at org.apache.hadoop.ipc.ProtobufRpcEngine$Server.processCall(ProtobufRpcEngine.java:466) [hadoop-common-3.3.1.jar:?]
	at org.apache.hadoop.ipc.ProtobufRpcEngine2$Server$ProtoBufRpcInvoker.call(ProtobufRpcEngine2.java:574) [hadoop-common-3.3.1.jar:?]
	at org.apache.hadoop.ipc.ProtobufRpcEngine2$Server$ProtoBufRpcInvoker.call(ProtobufRpcEngine2.java:552) [hadoop-common-3.3.1.jar:?]
	at org.apache.hadoop.ipc.RPC$Server.call(RPC.java:1093) [hadoop-common-3.3.1.jar:?]
	at org.apache.hadoop.ipc.Server$RpcCall.run(Server.java:1035) [hadoop-common-3.3.1.jar:?]
	at org.apache.hadoop.ipc.Server$RpcCall.run(Server.java:963) [hadoop-common-3.3.1.jar:?]
	at java.security.AccessController.doPrivileged(Native Method) ~[?:1.8.0_332]
	at javax.security.auth.Subject.doAs(Subject.java:422) [?:1.8.0_332]
	at org.apache.hadoop.security.UserGroupInformation.doAs(UserGroupInformation.java:1878) [hadoop-common-3.3.1.jar:?]
	at org.apache.hadoop.ipc.Server$Handler.run(Server.java:2966) [hadoop-common-3.3.1.jar:?]
2022-06-16 16:19:27,751 [Time-limited test] INFO  rpc.RpcClient (RpcClient.java:createVolume(466)) - Creating Volume: volume-69530, with runner as owner and space quota set to -1 bytes, counts quota set to -1
2022-06-16 16:19:27,752 [OM StateMachine ApplyTransaction Thread - 0] INFO  volume.OMVolumeCreateRequest (OMVolumeCreateRequest.java:validateAndUpdateCache(195)) - created volume:volume-69530 for user:runner
2022-06-16 16:19:27,754 [Time-limited test] INFO  rpc.RpcClient (RpcClient.java:createBucket(666)) - Creating Bucket: volume-69530/bucket-31934, with the Bucket Layout null, runner as owner, Versioning false, Storage Type set to DISK and Encryption set to false 
2022-06-16 16:19:27,755 [OM StateMachine ApplyTransaction Thread - 0] INFO  bucket.OMBucketCreateRequest (OMBucketCreateRequest.java:validateAndUpdateCache(260)) - created bucket: bucket-31934 of layout LEGACY in volume: volume-69530
2022-06-16 16:19:27,757 [e92161bb-36da-4024-83fa-f02433e9e8b4@group-D9406C3F92FA-FollowerState] INFO  impl.FollowerState (FollowerState.java:run(143)) - e92161bb-36da-4024-83fa-f02433e9e8b4@group-D9406C3F92FA-FollowerState: change to CANDIDATE, lastRpcElapsedTime:5049592510ns, electionTimeout:5039ms
2022-06-16 16:19:27,757 [e92161bb-36da-4024-83fa-f02433e9e8b4@group-D9406C3F92FA-FollowerState] INFO  impl.RoleInfo (RoleInfo.java:shutdownFollowerState(110)) - e92161bb-36da-4024-83fa-f02433e9e8b4: shutdown e92161bb-36da-4024-83fa-f02433e9e8b4@group-D9406C3F92FA-FollowerState
2022-06-16 16:19:27,757 [e92161bb-36da-4024-83fa-f02433e9e8b4@group-D9406C3F92FA-FollowerState] INFO  server.RaftServer$Division (RaftServerImpl.java:setRole(299)) - e92161bb-36da-4024-83fa-f02433e9e8b4@group-D9406C3F92FA: changes role from  FOLLOWER to CANDIDATE at term 0 for changeToCandidate
2022-06-16 16:19:27,757 [e92161bb-36da-4024-83fa-f02433e9e8b4@group-D9406C3F92FA-FollowerState] INFO  server.RaftServerConfigKeys (ConfUtils.java:logGet(46)) - raft.server.leaderelection.pre-vote = false (custom)
2022-06-16 16:19:27,757 [e92161bb-36da-4024-83fa-f02433e9e8b4@group-D9406C3F92FA-FollowerState] INFO  impl.RoleInfo (RoleInfo.java:updateAndGet(139)) - e92161bb-36da-4024-83fa-f02433e9e8b4: start e92161bb-36da-4024-83fa-f02433e9e8b4@group-D9406C3F92FA-LeaderElection21
2022-06-16 16:19:27,794 [e92161bb-36da-4024-83fa-f02433e9e8b4@group-D9406C3F92FA-LeaderElection21] INFO  impl.LeaderElection (LeaderElection.java:askForVotes(310)) - e92161bb-36da-4024-83fa-f02433e9e8b4@group-D9406C3F92FA-LeaderElection21 ELECTION round 0: submit vote requests at term 1 for -1: [e92161bb-36da-4024-83fa-f02433e9e8b4|rpc:10.1.0.16:37825|priority:1], old=null
2022-06-16 16:19:27,794 [e92161bb-36da-4024-83fa-f02433e9e8b4@group-D9406C3F92FA-LeaderElection21] INFO  impl.LeaderElection (LeaderElection.java:askForVotes(312)) - e92161bb-36da-4024-83fa-f02433e9e8b4@group-D9406C3F92FA-LeaderElection21 ELECTION round 0: result PASSED (term=1)
2022-06-16 16:19:27,794 [e92161bb-36da-4024-83fa-f02433e9e8b4@group-D9406C3F92FA-LeaderElection21] INFO  impl.RoleInfo (RoleInfo.java:shutdownLeaderElection(130)) - e92161bb-36da-4024-83fa-f02433e9e8b4: shutdown e92161bb-36da-4024-83fa-f02433e9e8b4@group-D9406C3F92FA-LeaderElection21
2022-06-16 16:19:27,794 [e92161bb-36da-4024-83fa-f02433e9e8b4@group-D9406C3F92FA-LeaderElection21] INFO  server.RaftServer$Division (RaftServerImpl.java:setRole(299)) - e92161bb-36da-4024-83fa-f02433e9e8b4@group-D9406C3F92FA: changes role from CANDIDATE to LEADER at term 1 for changeToLeader
2022-06-16 16:19:27,794 [e92161bb-36da-4024-83fa-f02433e9e8b4@group-D9406C3F92FA-LeaderElection21] INFO  ratis.XceiverServerRatis (XceiverServerRatis.java:handleLeaderChangedNotification(863)) - Leader change notification received for group: group-D9406C3F92FA with new leaderId: e92161bb-36da-4024-83fa-f02433e9e8b4
2022-06-16 16:19:27,794 [e92161bb-36da-4024-83fa-f02433e9e8b4@group-D9406C3F92FA-LeaderElection21] INFO  server.RaftServer$Division (ServerState.java:setLeader(287)) - e92161bb-36da-4024-83fa-f02433e9e8b4@group-D9406C3F92FA: change Leader from null to e92161bb-36da-4024-83fa-f02433e9e8b4 at term 1 for becomeLeader, leader elected after 5107ms
2022-06-16 16:19:27,795 [e92161bb-36da-4024-83fa-f02433e9e8b4@group-D9406C3F92FA-LeaderElection21] INFO  server.RaftServerConfigKeys (ConfUtils.java:logGet(46)) - raft.server.staging.catchup.gap = 1000 (default)
2022-06-16 16:19:27,795 [e92161bb-36da-4024-83fa-f02433e9e8b4@group-D9406C3F92FA-LeaderElection21] INFO  server.RaftServerConfigKeys (ConfUtils.java:logGet(46)) - raft.server.write.element-limit = 1024 (custom)
2022-06-16 16:19:27,795 [e92161bb-36da-4024-83fa-f02433e9e8b4@group-D9406C3F92FA-LeaderElection21] INFO  server.RaftServerConfigKeys (ConfUtils.java:logGet(46)) - raft.server.write.byte-limit = 1024 M (=1073741824) (custom)
2022-06-16 16:19:27,795 [e92161bb-36da-4024-83fa-f02433e9e8b4@group-D9406C3F92FA-LeaderElection21] INFO  server.RaftServerConfigKeys (ConfUtils.java:logGet(46)) - raft.server.watch.timeout = 180s (custom)
2022-06-16 16:19:27,795 [e92161bb-36da-4024-83fa-f02433e9e8b4@group-D9406C3F92FA-LeaderElection21] INFO  server.RaftServerConfigKeys (ConfUtils.java:logGet(46)) - raft.server.watch.timeout.denomination = 1s (default)
2022-06-16 16:19:27,795 [e92161bb-36da-4024-83fa-f02433e9e8b4@group-D9406C3F92FA-LeaderElection21] INFO  server.RaftServerConfigKeys (ConfUtils.java:logGet(46)) - raft.server.watch.element-limit = 65536 (default)
2022-06-16 16:19:27,795 [e92161bb-36da-4024-83fa-f02433e9e8b4@group-D9406C3F92FA-LeaderElection21] INFO  server.RaftServerConfigKeys (ConfUtils.java:logGet(46)) - raft.server.write.element-limit = 1024 (custom)
2022-06-16 16:19:27,795 [e92161bb-36da-4024-83fa-f02433e9e8b4@group-D9406C3F92FA-LeaderElection21] INFO  server.RaftServerConfigKeys (ConfUtils.java:logGet(46)) - raft.server.write.follower.gap.ratio.max = -1.0 (default)
2022-06-16 16:19:27,795 [e92161bb-36da-4024-83fa-f02433e9e8b4@group-D9406C3F92FA-LeaderElection21] INFO  impl.RoleInfo (RoleInfo.java:updateAndGet(139)) - e92161bb-36da-4024-83fa-f02433e9e8b4: start e92161bb-36da-4024-83fa-f02433e9e8b4@group-D9406C3F92FA-LeaderStateImpl
2022-06-16 16:19:27,795 [e92161bb-36da-4024-83fa-f02433e9e8b4@group-D9406C3F92FA-LeaderElection21] INFO  segmented.SegmentedRaftLogWorker (SegmentedRaftLogWorker.java:startLogSegment(425)) - e92161bb-36da-4024-83fa-f02433e9e8b4@group-D9406C3F92FA-SegmentedRaftLogWorker: Starting segment from index:0
2022-06-16 16:19:27,797 [e92161bb-36da-4024-83fa-f02433e9e8b4@group-D9406C3F92FA-SegmentedRaftLogWorker] INFO  segmented.SegmentedRaftLogWorker (SegmentedRaftLogWorker.java:execute(629)) - e92161bb-36da-4024-83fa-f02433e9e8b4@group-D9406C3F92FA-SegmentedRaftLogWorker: created new log segment /home/runner/work/ozone/ozone/hadoop-ozone/integration-test/target/test-dir/MiniOzoneClusterImpl-3714a898-0fe0-42e2-9307-bd15e6fadcd3/datanode-1/data/ratis/a68e8910-e7af-4cf9-bc49-d9406c3f92fa/current/log_inprogress_0
2022-06-16 16:19:27,810 [e92161bb-36da-4024-83fa-f02433e9e8b4@group-D9406C3F92FA-LeaderElection21] INFO  server.RaftServer$Division (ServerState.java:setRaftConf(393)) - e92161bb-36da-4024-83fa-f02433e9e8b4@group-D9406C3F92FA: set configuration 0: [e92161bb-36da-4024-83fa-f02433e9e8b4|rpc:10.1.0.16:37825|dataStream:|priority:1], old=null
16:19:28.145 [IPC Server handler 11 on default port 34065] ERROR OMAudit - user=runner | ip=127.0.0.1 | op=READ_BUCKET {volume=volume-92880, bucket=bucket-53944} | ret=FAILURE
org.apache.hadoop.ozone.om.exceptions.OMException: Volume not found when getting bucket info
	at org.apache.hadoop.ozone.om.BucketManagerImpl.getBucketInfo(BucketManagerImpl.java:127) ~[ozone-manager-1.3.0-SNAPSHOT.jar:?]
	at org.apache.hadoop.ozone.om.OzoneManager.getBucketInfo(OzoneManager.java:2778) ~[ozone-manager-1.3.0-SNAPSHOT.jar:?]
	at org.apache.hadoop.ozone.protocolPB.OzoneManagerRequestHandler.infoBucket(OzoneManagerRequestHandler.java:464) ~[ozone-manager-1.3.0-SNAPSHOT.jar:?]
	at org.apache.hadoop.ozone.protocolPB.OzoneManagerRequestHandler.handleReadRequest(OzoneManagerRequestHandler.java:172) ~[ozone-manager-1.3.0-SNAPSHOT.jar:?]
	at org.apache.hadoop.ozone.protocolPB.OzoneManagerProtocolServerSideTranslatorPB.submitReadRequestToOM(OzoneManagerProtocolServerSideTranslatorPB.java:225) ~[ozone-manager-1.3.0-SNAPSHOT.jar:?]
	at org.apache.hadoop.ozone.protocolPB.OzoneManagerProtocolServerSideTranslatorPB.processRequest(OzoneManagerProtocolServerSideTranslatorPB.java:175) ~[ozone-manager-1.3.0-SNAPSHOT.jar:?]
	at org.apache.hadoop.hdds.server.OzoneProtocolMessageDispatcher.processRequest(OzoneProtocolMessageDispatcher.java:87) [hdds-server-framework-1.3.0-SNAPSHOT.jar:?]
	at org.apache.hadoop.ozone.protocolPB.OzoneManagerProtocolServerSideTranslatorPB.submitRequest(OzoneManagerProtocolServerSideTranslatorPB.java:147) [ozone-manager-1.3.0-SNAPSHOT.jar:?]
	at org.apache.hadoop.ozone.protocol.proto.OzoneManagerProtocolProtos$OzoneManagerService$2.callBlockingMethod(OzoneManagerProtocolProtos.java) [ozone-interface-client-1.3.0-SNAPSHOT.jar:?]
	at org.apache.hadoop.ipc.ProtobufRpcEngine$Server.processCall(ProtobufRpcEngine.java:466) [hadoop-common-3.3.1.jar:?]
	at org.apache.hadoop.ipc.ProtobufRpcEngine2$Server$ProtoBufRpcInvoker.call(ProtobufRpcEngine2.java:574) [hadoop-common-3.3.1.jar:?]
	at org.apache.hadoop.ipc.ProtobufRpcEngine2$Server$ProtoBufRpcInvoker.call(ProtobufRpcEngine2.java:552) [hadoop-common-3.3.1.jar:?]
	at org.apache.hadoop.ipc.RPC$Server.call(RPC.java:1093) [hadoop-common-3.3.1.jar:?]
	at org.apache.hadoop.ipc.Server$RpcCall.run(Server.java:1035) [hadoop-common-3.3.1.jar:?]
	at org.apache.hadoop.ipc.Server$RpcCall.run(Server.java:963) [hadoop-common-3.3.1.jar:?]
	at java.security.AccessController.doPrivileged(Native Method) ~[?:1.8.0_332]
	at javax.security.auth.Subject.doAs(Subject.java:422) [?:1.8.0_332]
	at org.apache.hadoop.security.UserGroupInformation.doAs(UserGroupInformation.java:1878) [hadoop-common-3.3.1.jar:?]
	at org.apache.hadoop.ipc.Server$Handler.run(Server.java:2966) [hadoop-common-3.3.1.jar:?]
2022-06-16 16:19:28,146 [Time-limited test] INFO  rpc.RpcClient (RpcClient.java:createVolume(466)) - Creating Volume: volume-92880, with runner as owner and space quota set to -1 bytes, counts quota set to -1
2022-06-16 16:19:28,147 [OM StateMachine ApplyTransaction Thread - 0] INFO  volume.OMVolumeCreateRequest (OMVolumeCreateRequest.java:validateAndUpdateCache(195)) - created volume:volume-92880 for user:runner
2022-06-16 16:19:28,148 [Time-limited test] INFO  rpc.RpcClient (RpcClient.java:createBucket(666)) - Creating Bucket: volume-92880/bucket-53944, with the Bucket Layout null, runner as owner, Versioning false, Storage Type set to DISK and Encryption set to false 
2022-06-16 16:19:28,150 [OM StateMachine ApplyTransaction Thread - 0] INFO  bucket.OMBucketCreateRequest (OMBucketCreateRequest.java:validateAndUpdateCache(260)) - created bucket: bucket-53944 of layout LEGACY in volume: volume-92880
]]></system-out>
  </testcase>
  <testcase name="testListStatusRootAndVolumeRecursive" classname="TestRootedOzoneFileSystem" time="1.215">
    <system-out><![CDATA[2022-06-16 16:20:38,913 [Time-limited test] INFO  rpc.RpcClient (RpcClient.java:createVolume(466)) - Creating Volume: volume95030, with user06240 as owner and space quota set to -1 bytes, counts quota set to -1
2022-06-16 16:20:38,914 [IPC Server handler 1 on default port 42069] INFO  volume.OMVolumeCreateRequest (OMVolumeCreateRequest.java:validateAndUpdateCache(195)) - created volume:volume95030 for user:user06240
2022-06-16 16:20:38,918 [Time-limited test] INFO  rpc.RpcClient (RpcClient.java:createBucket(666)) - Creating Bucket: volume95030/bucket47856, with the Bucket Layout LEGACY, runner as owner, Versioning false, Storage Type set to DISK and Encryption set to false 
2022-06-16 16:20:38,918 [IPC Server handler 2 on default port 42069] INFO  bucket.OMBucketCreateRequest (OMBucketCreateRequest.java:validateAndUpdateCache(260)) - created bucket: bucket47856 of layout LEGACY in volume: volume95030
16:20:38.930 [IPC Server handler 6 on default port 42069] ERROR OMAudit - user=runner | ip=127.0.0.1 | op=READ_BUCKET {volume=volume-55455, bucket=bucket-01072} | ret=FAILURE
org.apache.hadoop.ozone.om.exceptions.OMException: Volume not found when getting bucket info
	at org.apache.hadoop.ozone.om.BucketManagerImpl.getBucketInfo(BucketManagerImpl.java:127) ~[ozone-manager-1.3.0-SNAPSHOT.jar:?]
	at org.apache.hadoop.ozone.om.OzoneManager.getBucketInfo(OzoneManager.java:2778) ~[ozone-manager-1.3.0-SNAPSHOT.jar:?]
	at org.apache.hadoop.ozone.protocolPB.OzoneManagerRequestHandler.infoBucket(OzoneManagerRequestHandler.java:464) ~[ozone-manager-1.3.0-SNAPSHOT.jar:?]
	at org.apache.hadoop.ozone.protocolPB.OzoneManagerRequestHandler.handleReadRequest(OzoneManagerRequestHandler.java:172) ~[ozone-manager-1.3.0-SNAPSHOT.jar:?]
	at org.apache.hadoop.ozone.protocolPB.OzoneManagerProtocolServerSideTranslatorPB.submitRequestDirectlyToOM(OzoneManagerProtocolServerSideTranslatorPB.java:284) ~[ozone-manager-1.3.0-SNAPSHOT.jar:?]
	at org.apache.hadoop.ozone.protocolPB.OzoneManagerProtocolServerSideTranslatorPB.processRequest(OzoneManagerProtocolServerSideTranslatorPB.java:207) ~[ozone-manager-1.3.0-SNAPSHOT.jar:?]
	at org.apache.hadoop.hdds.server.OzoneProtocolMessageDispatcher.processRequest(OzoneProtocolMessageDispatcher.java:87) [hdds-server-framework-1.3.0-SNAPSHOT.jar:?]
	at org.apache.hadoop.ozone.protocolPB.OzoneManagerProtocolServerSideTranslatorPB.submitRequest(OzoneManagerProtocolServerSideTranslatorPB.java:147) [ozone-manager-1.3.0-SNAPSHOT.jar:?]
	at org.apache.hadoop.ozone.protocol.proto.OzoneManagerProtocolProtos$OzoneManagerService$2.callBlockingMethod(OzoneManagerProtocolProtos.java) [ozone-interface-client-1.3.0-SNAPSHOT.jar:?]
	at org.apache.hadoop.ipc.ProtobufRpcEngine$Server.processCall(ProtobufRpcEngine.java:466) [hadoop-common-3.3.1.jar:?]
	at org.apache.hadoop.ipc.ProtobufRpcEngine2$Server$ProtoBufRpcInvoker.call(ProtobufRpcEngine2.java:574) [hadoop-common-3.3.1.jar:?]
	at org.apache.hadoop.ipc.ProtobufRpcEngine2$Server$ProtoBufRpcInvoker.call(ProtobufRpcEngine2.java:552) [hadoop-common-3.3.1.jar:?]
	at org.apache.hadoop.ipc.RPC$Server.call(RPC.java:1093) [hadoop-common-3.3.1.jar:?]
	at org.apache.hadoop.ipc.Server$RpcCall.run(Server.java:1035) [hadoop-common-3.3.1.jar:?]
	at org.apache.hadoop.ipc.Server$RpcCall.run(Server.java:963) [hadoop-common-3.3.1.jar:?]
	at java.security.AccessController.doPrivileged(Native Method) ~[?:1.8.0_332]
	at javax.security.auth.Subject.doAs(Subject.java:422) [?:1.8.0_332]
	at org.apache.hadoop.security.UserGroupInformation.doAs(UserGroupInformation.java:1878) [hadoop-common-3.3.1.jar:?]
	at org.apache.hadoop.ipc.Server$Handler.run(Server.java:2966) [hadoop-common-3.3.1.jar:?]
2022-06-16 16:20:38,931 [Time-limited test] INFO  rpc.RpcClient (RpcClient.java:createVolume(466)) - Creating Volume: volume-55455, with runner as owner and space quota set to -1 bytes, counts quota set to -1
2022-06-16 16:20:38,931 [IPC Server handler 7 on default port 42069] INFO  volume.OMVolumeCreateRequest (OMVolumeCreateRequest.java:validateAndUpdateCache(195)) - created volume:volume-55455 for user:runner
2022-06-16 16:20:38,932 [Time-limited test] INFO  rpc.RpcClient (RpcClient.java:createBucket(666)) - Creating Bucket: volume-55455/bucket-01072, with the Bucket Layout null, runner as owner, Versioning false, Storage Type set to DISK and Encryption set to false 
2022-06-16 16:20:38,932 [IPC Server handler 9 on default port 42069] INFO  bucket.OMBucketCreateRequest (OMBucketCreateRequest.java:validateAndUpdateCache(260)) - created bucket: bucket-01072 of layout LEGACY in volume: volume-55455
16:20:39.561 [IPC Server handler 0 on default port 42069] ERROR OMAudit - user=runner | ip=127.0.0.1 | op=READ_BUCKET {volume=volume-39908, bucket=bucket-03665} | ret=FAILURE
org.apache.hadoop.ozone.om.exceptions.OMException: Volume not found when getting bucket info
	at org.apache.hadoop.ozone.om.BucketManagerImpl.getBucketInfo(BucketManagerImpl.java:127) ~[ozone-manager-1.3.0-SNAPSHOT.jar:?]
	at org.apache.hadoop.ozone.om.OzoneManager.getBucketInfo(OzoneManager.java:2778) ~[ozone-manager-1.3.0-SNAPSHOT.jar:?]
	at org.apache.hadoop.ozone.protocolPB.OzoneManagerRequestHandler.infoBucket(OzoneManagerRequestHandler.java:464) ~[ozone-manager-1.3.0-SNAPSHOT.jar:?]
	at org.apache.hadoop.ozone.protocolPB.OzoneManagerRequestHandler.handleReadRequest(OzoneManagerRequestHandler.java:172) ~[ozone-manager-1.3.0-SNAPSHOT.jar:?]
	at org.apache.hadoop.ozone.protocolPB.OzoneManagerProtocolServerSideTranslatorPB.submitRequestDirectlyToOM(OzoneManagerProtocolServerSideTranslatorPB.java:284) ~[ozone-manager-1.3.0-SNAPSHOT.jar:?]
	at org.apache.hadoop.ozone.protocolPB.OzoneManagerProtocolServerSideTranslatorPB.processRequest(OzoneManagerProtocolServerSideTranslatorPB.java:207) ~[ozone-manager-1.3.0-SNAPSHOT.jar:?]
	at org.apache.hadoop.hdds.server.OzoneProtocolMessageDispatcher.processRequest(OzoneProtocolMessageDispatcher.java:87) [hdds-server-framework-1.3.0-SNAPSHOT.jar:?]
	at org.apache.hadoop.ozone.protocolPB.OzoneManagerProtocolServerSideTranslatorPB.submitRequest(OzoneManagerProtocolServerSideTranslatorPB.java:147) [ozone-manager-1.3.0-SNAPSHOT.jar:?]
	at org.apache.hadoop.ozone.protocol.proto.OzoneManagerProtocolProtos$OzoneManagerService$2.callBlockingMethod(OzoneManagerProtocolProtos.java) [ozone-interface-client-1.3.0-SNAPSHOT.jar:?]
	at org.apache.hadoop.ipc.ProtobufRpcEngine$Server.processCall(ProtobufRpcEngine.java:466) [hadoop-common-3.3.1.jar:?]
	at org.apache.hadoop.ipc.ProtobufRpcEngine2$Server$ProtoBufRpcInvoker.call(ProtobufRpcEngine2.java:574) [hadoop-common-3.3.1.jar:?]
	at org.apache.hadoop.ipc.ProtobufRpcEngine2$Server$ProtoBufRpcInvoker.call(ProtobufRpcEngine2.java:552) [hadoop-common-3.3.1.jar:?]
	at org.apache.hadoop.ipc.RPC$Server.call(RPC.java:1093) [hadoop-common-3.3.1.jar:?]
	at org.apache.hadoop.ipc.Server$RpcCall.run(Server.java:1035) [hadoop-common-3.3.1.jar:?]
	at org.apache.hadoop.ipc.Server$RpcCall.run(Server.java:963) [hadoop-common-3.3.1.jar:?]
	at java.security.AccessController.doPrivileged(Native Method) ~[?:1.8.0_332]
	at javax.security.auth.Subject.doAs(Subject.java:422) [?:1.8.0_332]
	at org.apache.hadoop.security.UserGroupInformation.doAs(UserGroupInformation.java:1878) [hadoop-common-3.3.1.jar:?]
	at org.apache.hadoop.ipc.Server$Handler.run(Server.java:2966) [hadoop-common-3.3.1.jar:?]
2022-06-16 16:20:39,562 [Time-limited test] INFO  rpc.RpcClient (RpcClient.java:createVolume(466)) - Creating Volume: volume-39908, with runner as owner and space quota set to -1 bytes, counts quota set to -1
2022-06-16 16:20:39,563 [IPC Server handler 1 on default port 42069] INFO  volume.OMVolumeCreateRequest (OMVolumeCreateRequest.java:validateAndUpdateCache(195)) - created volume:volume-39908 for user:runner
2022-06-16 16:20:39,563 [Time-limited test] INFO  rpc.RpcClient (RpcClient.java:createBucket(666)) - Creating Bucket: volume-39908/bucket-03665, with the Bucket Layout null, runner as owner, Versioning false, Storage Type set to DISK and Encryption set to false 
2022-06-16 16:20:39,563 [IPC Server handler 2 on default port 42069] INFO  bucket.OMBucketCreateRequest (OMBucketCreateRequest.java:validateAndUpdateCache(260)) - created bucket: bucket-03665 of layout LEGACY in volume: volume-39908
]]></system-out>
  </testcase>
  <testcase name="testListStatusRootAndVolumeRecursive" classname="TestRootedOzoneFileSystem" time="1.341">
    <system-out><![CDATA[2022-06-16 16:22:23,130 [Time-limited test] INFO  rpc.RpcClient (RpcClient.java:createVolume(466)) - Creating Volume: volume84801, with user68294 as owner and space quota set to -1 bytes, counts quota set to -1
2022-06-16 16:22:23,131 [OM StateMachine ApplyTransaction Thread - 0] INFO  volume.OMVolumeCreateRequest (OMVolumeCreateRequest.java:validateAndUpdateCache(195)) - created volume:volume84801 for user:user68294
2022-06-16 16:22:23,132 [Time-limited test] INFO  rpc.RpcClient (RpcClient.java:createBucket(666)) - Creating Bucket: volume84801/bucket61729, with the Bucket Layout LEGACY, runner as owner, Versioning false, Storage Type set to DISK and Encryption set to false 
2022-06-16 16:22:23,133 [OM StateMachine ApplyTransaction Thread - 0] INFO  bucket.OMBucketCreateRequest (OMBucketCreateRequest.java:validateAndUpdateCache(260)) - created bucket: bucket61729 of layout LEGACY in volume: volume84801
16:22:23.139 [IPC Server handler 0 on default port 33505] ERROR OMAudit - user=runner | ip=127.0.0.1 | op=READ_BUCKET {volume=volume-77538, bucket=bucket-64748} | ret=FAILURE
org.apache.hadoop.ozone.om.exceptions.OMException: Volume not found when getting bucket info
	at org.apache.hadoop.ozone.om.BucketManagerImpl.getBucketInfo(BucketManagerImpl.java:127) ~[ozone-manager-1.3.0-SNAPSHOT.jar:?]
	at org.apache.hadoop.ozone.om.OzoneManager.getBucketInfo(OzoneManager.java:2778) ~[ozone-manager-1.3.0-SNAPSHOT.jar:?]
	at org.apache.hadoop.ozone.protocolPB.OzoneManagerRequestHandler.infoBucket(OzoneManagerRequestHandler.java:464) ~[ozone-manager-1.3.0-SNAPSHOT.jar:?]
	at org.apache.hadoop.ozone.protocolPB.OzoneManagerRequestHandler.handleReadRequest(OzoneManagerRequestHandler.java:172) ~[ozone-manager-1.3.0-SNAPSHOT.jar:?]
	at org.apache.hadoop.ozone.protocolPB.OzoneManagerProtocolServerSideTranslatorPB.submitReadRequestToOM(OzoneManagerProtocolServerSideTranslatorPB.java:225) ~[ozone-manager-1.3.0-SNAPSHOT.jar:?]
	at org.apache.hadoop.ozone.protocolPB.OzoneManagerProtocolServerSideTranslatorPB.processRequest(OzoneManagerProtocolServerSideTranslatorPB.java:175) ~[ozone-manager-1.3.0-SNAPSHOT.jar:?]
	at org.apache.hadoop.hdds.server.OzoneProtocolMessageDispatcher.processRequest(OzoneProtocolMessageDispatcher.java:87) [hdds-server-framework-1.3.0-SNAPSHOT.jar:?]
	at org.apache.hadoop.ozone.protocolPB.OzoneManagerProtocolServerSideTranslatorPB.submitRequest(OzoneManagerProtocolServerSideTranslatorPB.java:147) [ozone-manager-1.3.0-SNAPSHOT.jar:?]
	at org.apache.hadoop.ozone.protocol.proto.OzoneManagerProtocolProtos$OzoneManagerService$2.callBlockingMethod(OzoneManagerProtocolProtos.java) [ozone-interface-client-1.3.0-SNAPSHOT.jar:?]
	at org.apache.hadoop.ipc.ProtobufRpcEngine$Server.processCall(ProtobufRpcEngine.java:466) [hadoop-common-3.3.1.jar:?]
	at org.apache.hadoop.ipc.ProtobufRpcEngine2$Server$ProtoBufRpcInvoker.call(ProtobufRpcEngine2.java:574) [hadoop-common-3.3.1.jar:?]
	at org.apache.hadoop.ipc.ProtobufRpcEngine2$Server$ProtoBufRpcInvoker.call(ProtobufRpcEngine2.java:552) [hadoop-common-3.3.1.jar:?]
	at org.apache.hadoop.ipc.RPC$Server.call(RPC.java:1093) [hadoop-common-3.3.1.jar:?]
	at org.apache.hadoop.ipc.Server$RpcCall.run(Server.java:1035) [hadoop-common-3.3.1.jar:?]
	at org.apache.hadoop.ipc.Server$RpcCall.run(Server.java:963) [hadoop-common-3.3.1.jar:?]
	at java.security.AccessController.doPrivileged(Native Method) ~[?:1.8.0_332]
	at javax.security.auth.Subject.doAs(Subject.java:422) [?:1.8.0_332]
	at org.apache.hadoop.security.UserGroupInformation.doAs(UserGroupInformation.java:1878) [hadoop-common-3.3.1.jar:?]
	at org.apache.hadoop.ipc.Server$Handler.run(Server.java:2966) [hadoop-common-3.3.1.jar:?]
2022-06-16 16:22:23,139 [Time-limited test] INFO  rpc.RpcClient (RpcClient.java:createVolume(466)) - Creating Volume: volume-77538, with runner as owner and space quota set to -1 bytes, counts quota set to -1
2022-06-16 16:22:23,151 [OM StateMachine ApplyTransaction Thread - 0] INFO  volume.OMVolumeCreateRequest (OMVolumeCreateRequest.java:validateAndUpdateCache(195)) - created volume:volume-77538 for user:runner
2022-06-16 16:22:23,151 [Time-limited test] INFO  rpc.RpcClient (RpcClient.java:createBucket(666)) - Creating Bucket: volume-77538/bucket-64748, with the Bucket Layout null, runner as owner, Versioning false, Storage Type set to DISK and Encryption set to false 
2022-06-16 16:22:23,153 [OM StateMachine ApplyTransaction Thread - 0] INFO  bucket.OMBucketCreateRequest (OMBucketCreateRequest.java:validateAndUpdateCache(260)) - created bucket: bucket-64748 of layout LEGACY in volume: volume-77538
16:22:23.663 [IPC Server handler 18 on default port 33505] ERROR OMAudit - user=runner | ip=127.0.0.1 | op=READ_BUCKET {volume=volume-54313, bucket=bucket-24907} | ret=FAILURE
org.apache.hadoop.ozone.om.exceptions.OMException: Volume not found when getting bucket info
	at org.apache.hadoop.ozone.om.BucketManagerImpl.getBucketInfo(BucketManagerImpl.java:127) ~[ozone-manager-1.3.0-SNAPSHOT.jar:?]
	at org.apache.hadoop.ozone.om.OzoneManager.getBucketInfo(OzoneManager.java:2778) ~[ozone-manager-1.3.0-SNAPSHOT.jar:?]
	at org.apache.hadoop.ozone.protocolPB.OzoneManagerRequestHandler.infoBucket(OzoneManagerRequestHandler.java:464) ~[ozone-manager-1.3.0-SNAPSHOT.jar:?]
	at org.apache.hadoop.ozone.protocolPB.OzoneManagerRequestHandler.handleReadRequest(OzoneManagerRequestHandler.java:172) ~[ozone-manager-1.3.0-SNAPSHOT.jar:?]
	at org.apache.hadoop.ozone.protocolPB.OzoneManagerProtocolServerSideTranslatorPB.submitReadRequestToOM(OzoneManagerProtocolServerSideTranslatorPB.java:225) ~[ozone-manager-1.3.0-SNAPSHOT.jar:?]
	at org.apache.hadoop.ozone.protocolPB.OzoneManagerProtocolServerSideTranslatorPB.processRequest(OzoneManagerProtocolServerSideTranslatorPB.java:175) ~[ozone-manager-1.3.0-SNAPSHOT.jar:?]
	at org.apache.hadoop.hdds.server.OzoneProtocolMessageDispatcher.processRequest(OzoneProtocolMessageDispatcher.java:87) [hdds-server-framework-1.3.0-SNAPSHOT.jar:?]
	at org.apache.hadoop.ozone.protocolPB.OzoneManagerProtocolServerSideTranslatorPB.submitRequest(OzoneManagerProtocolServerSideTranslatorPB.java:147) [ozone-manager-1.3.0-SNAPSHOT.jar:?]
	at org.apache.hadoop.ozone.protocol.proto.OzoneManagerProtocolProtos$OzoneManagerService$2.callBlockingMethod(OzoneManagerProtocolProtos.java) [ozone-interface-client-1.3.0-SNAPSHOT.jar:?]
	at org.apache.hadoop.ipc.ProtobufRpcEngine$Server.processCall(ProtobufRpcEngine.java:466) [hadoop-common-3.3.1.jar:?]
	at org.apache.hadoop.ipc.ProtobufRpcEngine2$Server$ProtoBufRpcInvoker.call(ProtobufRpcEngine2.java:574) [hadoop-common-3.3.1.jar:?]
	at org.apache.hadoop.ipc.ProtobufRpcEngine2$Server$ProtoBufRpcInvoker.call(ProtobufRpcEngine2.java:552) [hadoop-common-3.3.1.jar:?]
	at org.apache.hadoop.ipc.RPC$Server.call(RPC.java:1093) [hadoop-common-3.3.1.jar:?]
	at org.apache.hadoop.ipc.Server$RpcCall.run(Server.java:1035) [hadoop-common-3.3.1.jar:?]
	at org.apache.hadoop.ipc.Server$RpcCall.run(Server.java:963) [hadoop-common-3.3.1.jar:?]
	at java.security.AccessController.doPrivileged(Native Method) ~[?:1.8.0_332]
	at javax.security.auth.Subject.doAs(Subject.java:422) [?:1.8.0_332]
	at org.apache.hadoop.security.UserGroupInformation.doAs(UserGroupInformation.java:1878) [hadoop-common-3.3.1.jar:?]
	at org.apache.hadoop.ipc.Server$Handler.run(Server.java:2966) [hadoop-common-3.3.1.jar:?]
2022-06-16 16:22:23,663 [Time-limited test] INFO  rpc.RpcClient (RpcClient.java:createVolume(466)) - Creating Volume: volume-54313, with runner as owner and space quota set to -1 bytes, counts quota set to -1
2022-06-16 16:22:23,664 [OM StateMachine ApplyTransaction Thread - 0] INFO  volume.OMVolumeCreateRequest (OMVolumeCreateRequest.java:validateAndUpdateCache(195)) - created volume:volume-54313 for user:runner
2022-06-16 16:22:23,665 [Time-limited test] INFO  rpc.RpcClient (RpcClient.java:createBucket(666)) - Creating Bucket: volume-54313/bucket-24907, with the Bucket Layout null, runner as owner, Versioning false, Storage Type set to DISK and Encryption set to false 
2022-06-16 16:22:23,670 [OM StateMachine ApplyTransaction Thread - 0] INFO  bucket.OMBucketCreateRequest (OMBucketCreateRequest.java:validateAndUpdateCache(260)) - created bucket: bucket-24907 of layout LEGACY in volume: volume-54313
]]></system-out>
  </testcase>
  <testcase name="testListStatusRootAndVolumeRecursive" classname="TestRootedOzoneFileSystem" time="1.822">
    <system-out><![CDATA[2022-06-16 16:23:49,513 [Time-limited test] INFO  rpc.RpcClient (RpcClient.java:createVolume(466)) - Creating Volume: volume25942, with user44093 as owner and space quota set to -1 bytes, counts quota set to -1
2022-06-16 16:23:49,514 [IPC Server handler 3 on default port 44357] INFO  volume.OMVolumeCreateRequest (OMVolumeCreateRequest.java:validateAndUpdateCache(195)) - created volume:volume25942 for user:user44093
2022-06-16 16:23:49,526 [Time-limited test] INFO  rpc.RpcClient (RpcClient.java:createBucket(666)) - Creating Bucket: volume25942/bucket11110, with the Bucket Layout LEGACY, runner as owner, Versioning false, Storage Type set to DISK and Encryption set to false 
2022-06-16 16:23:49,527 [IPC Server handler 1 on default port 44357] INFO  bucket.OMBucketCreateRequest (OMBucketCreateRequest.java:validateAndUpdateCache(260)) - created bucket: bucket11110 of layout LEGACY in volume: volume25942
2022-06-16 16:23:49,553 [bbd9c71d-1d51-4586-8dfe-839c345bb7aa@group-009A5ABE3A2A-FollowerState] INFO  impl.FollowerState (FollowerState.java:run(143)) - bbd9c71d-1d51-4586-8dfe-839c345bb7aa@group-009A5ABE3A2A-FollowerState: change to CANDIDATE, lastRpcElapsedTime:5134551272ns, electionTimeout:5096ms
2022-06-16 16:23:49,553 [bbd9c71d-1d51-4586-8dfe-839c345bb7aa@group-009A5ABE3A2A-FollowerState] INFO  impl.RoleInfo (RoleInfo.java:shutdownFollowerState(110)) - bbd9c71d-1d51-4586-8dfe-839c345bb7aa: shutdown bbd9c71d-1d51-4586-8dfe-839c345bb7aa@group-009A5ABE3A2A-FollowerState
2022-06-16 16:23:49,553 [bbd9c71d-1d51-4586-8dfe-839c345bb7aa@group-009A5ABE3A2A-FollowerState] INFO  server.RaftServer$Division (RaftServerImpl.java:setRole(299)) - bbd9c71d-1d51-4586-8dfe-839c345bb7aa@group-009A5ABE3A2A: changes role from  FOLLOWER to CANDIDATE at term 0 for changeToCandidate
2022-06-16 16:23:49,553 [bbd9c71d-1d51-4586-8dfe-839c345bb7aa@group-009A5ABE3A2A-FollowerState] INFO  server.RaftServerConfigKeys (ConfUtils.java:logGet(46)) - raft.server.leaderelection.pre-vote = false (custom)
2022-06-16 16:23:49,553 [bbd9c71d-1d51-4586-8dfe-839c345bb7aa@group-009A5ABE3A2A-FollowerState] INFO  impl.RoleInfo (RoleInfo.java:updateAndGet(139)) - bbd9c71d-1d51-4586-8dfe-839c345bb7aa: start bbd9c71d-1d51-4586-8dfe-839c345bb7aa@group-009A5ABE3A2A-LeaderElection100
16:23:49.558 [IPC Server handler 11 on default port 44357] ERROR OMAudit - user=runner | ip=127.0.0.1 | op=READ_BUCKET {volume=volume-05864, bucket=bucket-23908} | ret=FAILURE
org.apache.hadoop.ozone.om.exceptions.OMException: Volume not found when getting bucket info
	at org.apache.hadoop.ozone.om.BucketManagerImpl.getBucketInfo(BucketManagerImpl.java:127) ~[ozone-manager-1.3.0-SNAPSHOT.jar:?]
	at org.apache.hadoop.ozone.om.OzoneManager.getBucketInfo(OzoneManager.java:2778) ~[ozone-manager-1.3.0-SNAPSHOT.jar:?]
	at org.apache.hadoop.ozone.protocolPB.OzoneManagerRequestHandler.infoBucket(OzoneManagerRequestHandler.java:464) ~[ozone-manager-1.3.0-SNAPSHOT.jar:?]
	at org.apache.hadoop.ozone.protocolPB.OzoneManagerRequestHandler.handleReadRequest(OzoneManagerRequestHandler.java:172) ~[ozone-manager-1.3.0-SNAPSHOT.jar:?]
	at org.apache.hadoop.ozone.protocolPB.OzoneManagerProtocolServerSideTranslatorPB.submitRequestDirectlyToOM(OzoneManagerProtocolServerSideTranslatorPB.java:284) ~[ozone-manager-1.3.0-SNAPSHOT.jar:?]
	at org.apache.hadoop.ozone.protocolPB.OzoneManagerProtocolServerSideTranslatorPB.processRequest(OzoneManagerProtocolServerSideTranslatorPB.java:207) ~[ozone-manager-1.3.0-SNAPSHOT.jar:?]
	at org.apache.hadoop.hdds.server.OzoneProtocolMessageDispatcher.processRequest(OzoneProtocolMessageDispatcher.java:87) [hdds-server-framework-1.3.0-SNAPSHOT.jar:?]
	at org.apache.hadoop.ozone.protocolPB.OzoneManagerProtocolServerSideTranslatorPB.submitRequest(OzoneManagerProtocolServerSideTranslatorPB.java:147) [ozone-manager-1.3.0-SNAPSHOT.jar:?]
	at org.apache.hadoop.ozone.protocol.proto.OzoneManagerProtocolProtos$OzoneManagerService$2.callBlockingMethod(OzoneManagerProtocolProtos.java) [ozone-interface-client-1.3.0-SNAPSHOT.jar:?]
	at org.apache.hadoop.ipc.ProtobufRpcEngine$Server.processCall(ProtobufRpcEngine.java:466) [hadoop-common-3.3.1.jar:?]
	at org.apache.hadoop.ipc.ProtobufRpcEngine2$Server$ProtoBufRpcInvoker.call(ProtobufRpcEngine2.java:574) [hadoop-common-3.3.1.jar:?]
	at org.apache.hadoop.ipc.ProtobufRpcEngine2$Server$ProtoBufRpcInvoker.call(ProtobufRpcEngine2.java:552) [hadoop-common-3.3.1.jar:?]
	at org.apache.hadoop.ipc.RPC$Server.call(RPC.java:1093) [hadoop-common-3.3.1.jar:?]
	at org.apache.hadoop.ipc.Server$RpcCall.run(Server.java:1035) [hadoop-common-3.3.1.jar:?]
	at org.apache.hadoop.ipc.Server$RpcCall.run(Server.java:963) [hadoop-common-3.3.1.jar:?]
	at java.security.AccessController.doPrivileged(Native Method) ~[?:1.8.0_332]
	at javax.security.auth.Subject.doAs(Subject.java:422) [?:1.8.0_332]
	at org.apache.hadoop.security.UserGroupInformation.doAs(UserGroupInformation.java:1878) [hadoop-common-3.3.1.jar:?]
	at org.apache.hadoop.ipc.Server$Handler.run(Server.java:2966) [hadoop-common-3.3.1.jar:?]
2022-06-16 16:23:49,558 [Time-limited test] INFO  rpc.RpcClient (RpcClient.java:createVolume(466)) - Creating Volume: volume-05864, with runner as owner and space quota set to -1 bytes, counts quota set to -1
2022-06-16 16:23:49,559 [IPC Server handler 8 on default port 44357] INFO  volume.OMVolumeCreateRequest (OMVolumeCreateRequest.java:validateAndUpdateCache(195)) - created volume:volume-05864 for user:runner
2022-06-16 16:23:49,561 [Time-limited test] INFO  rpc.RpcClient (RpcClient.java:createBucket(666)) - Creating Bucket: volume-05864/bucket-23908, with the Bucket Layout null, runner as owner, Versioning false, Storage Type set to DISK and Encryption set to false 
2022-06-16 16:23:49,561 [IPC Server handler 4 on default port 44357] INFO  bucket.OMBucketCreateRequest (OMBucketCreateRequest.java:validateAndUpdateCache(260)) - created bucket: bucket-23908 of layout LEGACY in volume: volume-05864
2022-06-16 16:23:49,658 [bbd9c71d-1d51-4586-8dfe-839c345bb7aa@group-009A5ABE3A2A-LeaderElection100] INFO  impl.LeaderElection (LeaderElection.java:askForVotes(310)) - bbd9c71d-1d51-4586-8dfe-839c345bb7aa@group-009A5ABE3A2A-LeaderElection100 ELECTION round 0: submit vote requests at term 1 for -1: [bbd9c71d-1d51-4586-8dfe-839c345bb7aa|rpc:10.1.0.16:39765|priority:1], old=null
2022-06-16 16:23:49,658 [bbd9c71d-1d51-4586-8dfe-839c345bb7aa@group-009A5ABE3A2A-LeaderElection100] INFO  impl.LeaderElection (LeaderElection.java:askForVotes(312)) - bbd9c71d-1d51-4586-8dfe-839c345bb7aa@group-009A5ABE3A2A-LeaderElection100 ELECTION round 0: result PASSED (term=1)
2022-06-16 16:23:49,658 [bbd9c71d-1d51-4586-8dfe-839c345bb7aa@group-009A5ABE3A2A-LeaderElection100] INFO  impl.RoleInfo (RoleInfo.java:shutdownLeaderElection(130)) - bbd9c71d-1d51-4586-8dfe-839c345bb7aa: shutdown bbd9c71d-1d51-4586-8dfe-839c345bb7aa@group-009A5ABE3A2A-LeaderElection100
2022-06-16 16:23:49,658 [bbd9c71d-1d51-4586-8dfe-839c345bb7aa@group-009A5ABE3A2A-LeaderElection100] INFO  server.RaftServer$Division (RaftServerImpl.java:setRole(299)) - bbd9c71d-1d51-4586-8dfe-839c345bb7aa@group-009A5ABE3A2A: changes role from CANDIDATE to LEADER at term 1 for changeToLeader
2022-06-16 16:23:49,658 [bbd9c71d-1d51-4586-8dfe-839c345bb7aa@group-009A5ABE3A2A-LeaderElection100] INFO  ratis.XceiverServerRatis (XceiverServerRatis.java:handleLeaderChangedNotification(863)) - Leader change notification received for group: group-009A5ABE3A2A with new leaderId: bbd9c71d-1d51-4586-8dfe-839c345bb7aa
2022-06-16 16:23:49,658 [bbd9c71d-1d51-4586-8dfe-839c345bb7aa@group-009A5ABE3A2A-LeaderElection100] INFO  server.RaftServer$Division (ServerState.java:setLeader(287)) - bbd9c71d-1d51-4586-8dfe-839c345bb7aa@group-009A5ABE3A2A: change Leader from null to bbd9c71d-1d51-4586-8dfe-839c345bb7aa at term 1 for becomeLeader, leader elected after 5259ms
2022-06-16 16:23:49,658 [bbd9c71d-1d51-4586-8dfe-839c345bb7aa@group-009A5ABE3A2A-LeaderElection100] INFO  server.RaftServerConfigKeys (ConfUtils.java:logGet(46)) - raft.server.staging.catchup.gap = 1000 (default)
2022-06-16 16:23:49,659 [bbd9c71d-1d51-4586-8dfe-839c345bb7aa@group-009A5ABE3A2A-LeaderElection100] INFO  server.RaftServerConfigKeys (ConfUtils.java:logGet(46)) - raft.server.write.element-limit = 1024 (custom)
2022-06-16 16:23:49,659 [bbd9c71d-1d51-4586-8dfe-839c345bb7aa@group-009A5ABE3A2A-LeaderElection100] INFO  server.RaftServerConfigKeys (ConfUtils.java:logGet(46)) - raft.server.write.byte-limit = 1024 M (=1073741824) (custom)
2022-06-16 16:23:49,659 [bbd9c71d-1d51-4586-8dfe-839c345bb7aa@group-009A5ABE3A2A-LeaderElection100] INFO  server.RaftServerConfigKeys (ConfUtils.java:logGet(46)) - raft.server.watch.timeout = 180s (custom)
2022-06-16 16:23:49,659 [bbd9c71d-1d51-4586-8dfe-839c345bb7aa@group-009A5ABE3A2A-LeaderElection100] INFO  server.RaftServerConfigKeys (ConfUtils.java:logGet(46)) - raft.server.watch.timeout.denomination = 1s (default)
2022-06-16 16:23:49,659 [bbd9c71d-1d51-4586-8dfe-839c345bb7aa@group-009A5ABE3A2A-LeaderElection100] INFO  server.RaftServerConfigKeys (ConfUtils.java:logGet(46)) - raft.server.watch.element-limit = 65536 (default)
2022-06-16 16:23:49,659 [bbd9c71d-1d51-4586-8dfe-839c345bb7aa@group-009A5ABE3A2A-LeaderElection100] INFO  server.RaftServerConfigKeys (ConfUtils.java:logGet(46)) - raft.server.write.element-limit = 1024 (custom)
2022-06-16 16:23:49,659 [bbd9c71d-1d51-4586-8dfe-839c345bb7aa@group-009A5ABE3A2A-LeaderElection100] INFO  server.RaftServerConfigKeys (ConfUtils.java:logGet(46)) - raft.server.write.follower.gap.ratio.max = -1.0 (default)
2022-06-16 16:23:49,659 [bbd9c71d-1d51-4586-8dfe-839c345bb7aa@group-009A5ABE3A2A-LeaderElection100] INFO  impl.RoleInfo (RoleInfo.java:updateAndGet(139)) - bbd9c71d-1d51-4586-8dfe-839c345bb7aa: start bbd9c71d-1d51-4586-8dfe-839c345bb7aa@group-009A5ABE3A2A-LeaderStateImpl
2022-06-16 16:23:49,659 [bbd9c71d-1d51-4586-8dfe-839c345bb7aa@group-009A5ABE3A2A-LeaderElection100] INFO  segmented.SegmentedRaftLogWorker (SegmentedRaftLogWorker.java:startLogSegment(425)) - bbd9c71d-1d51-4586-8dfe-839c345bb7aa@group-009A5ABE3A2A-SegmentedRaftLogWorker: Starting segment from index:0
2022-06-16 16:23:49,663 [bbd9c71d-1d51-4586-8dfe-839c345bb7aa@group-009A5ABE3A2A-SegmentedRaftLogWorker] INFO  segmented.SegmentedRaftLogWorker (SegmentedRaftLogWorker.java:execute(629)) - bbd9c71d-1d51-4586-8dfe-839c345bb7aa@group-009A5ABE3A2A-SegmentedRaftLogWorker: created new log segment /home/runner/work/ozone/ozone/hadoop-ozone/integration-test/target/test-dir/MiniOzoneClusterImpl-013b413b-6c7c-488f-84aa-e92bb4d6b165/datanode-2/data/ratis/78862d5b-c410-4ce1-83a9-009a5abe3a2a/current/log_inprogress_0
2022-06-16 16:23:49,678 [bbd9c71d-1d51-4586-8dfe-839c345bb7aa@group-009A5ABE3A2A-LeaderElection100] INFO  server.RaftServer$Division (ServerState.java:setRaftConf(393)) - bbd9c71d-1d51-4586-8dfe-839c345bb7aa@group-009A5ABE3A2A: set configuration 0: [bbd9c71d-1d51-4586-8dfe-839c345bb7aa|rpc:10.1.0.16:39765|dataStream:|priority:1], old=null
16:23:50.302 [IPC Server handler 0 on default port 44357] ERROR OMAudit - user=runner | ip=127.0.0.1 | op=READ_BUCKET {volume=volume-31115, bucket=bucket-32850} | ret=FAILURE
org.apache.hadoop.ozone.om.exceptions.OMException: Volume not found when getting bucket info
	at org.apache.hadoop.ozone.om.BucketManagerImpl.getBucketInfo(BucketManagerImpl.java:127) ~[ozone-manager-1.3.0-SNAPSHOT.jar:?]
	at org.apache.hadoop.ozone.om.OzoneManager.getBucketInfo(OzoneManager.java:2778) ~[ozone-manager-1.3.0-SNAPSHOT.jar:?]
	at org.apache.hadoop.ozone.protocolPB.OzoneManagerRequestHandler.infoBucket(OzoneManagerRequestHandler.java:464) ~[ozone-manager-1.3.0-SNAPSHOT.jar:?]
	at org.apache.hadoop.ozone.protocolPB.OzoneManagerRequestHandler.handleReadRequest(OzoneManagerRequestHandler.java:172) ~[ozone-manager-1.3.0-SNAPSHOT.jar:?]
	at org.apache.hadoop.ozone.protocolPB.OzoneManagerProtocolServerSideTranslatorPB.submitRequestDirectlyToOM(OzoneManagerProtocolServerSideTranslatorPB.java:284) ~[ozone-manager-1.3.0-SNAPSHOT.jar:?]
	at org.apache.hadoop.ozone.protocolPB.OzoneManagerProtocolServerSideTranslatorPB.processRequest(OzoneManagerProtocolServerSideTranslatorPB.java:207) ~[ozone-manager-1.3.0-SNAPSHOT.jar:?]
	at org.apache.hadoop.hdds.server.OzoneProtocolMessageDispatcher.processRequest(OzoneProtocolMessageDispatcher.java:87) [hdds-server-framework-1.3.0-SNAPSHOT.jar:?]
	at org.apache.hadoop.ozone.protocolPB.OzoneManagerProtocolServerSideTranslatorPB.submitRequest(OzoneManagerProtocolServerSideTranslatorPB.java:147) [ozone-manager-1.3.0-SNAPSHOT.jar:?]
	at org.apache.hadoop.ozone.protocol.proto.OzoneManagerProtocolProtos$OzoneManagerService$2.callBlockingMethod(OzoneManagerProtocolProtos.java) [ozone-interface-client-1.3.0-SNAPSHOT.jar:?]
	at org.apache.hadoop.ipc.ProtobufRpcEngine$Server.processCall(ProtobufRpcEngine.java:466) [hadoop-common-3.3.1.jar:?]
	at org.apache.hadoop.ipc.ProtobufRpcEngine2$Server$ProtoBufRpcInvoker.call(ProtobufRpcEngine2.java:574) [hadoop-common-3.3.1.jar:?]
	at org.apache.hadoop.ipc.ProtobufRpcEngine2$Server$ProtoBufRpcInvoker.call(ProtobufRpcEngine2.java:552) [hadoop-common-3.3.1.jar:?]
	at org.apache.hadoop.ipc.RPC$Server.call(RPC.java:1093) [hadoop-common-3.3.1.jar:?]
	at org.apache.hadoop.ipc.Server$RpcCall.run(Server.java:1035) [hadoop-common-3.3.1.jar:?]
	at org.apache.hadoop.ipc.Server$RpcCall.run(Server.java:963) [hadoop-common-3.3.1.jar:?]
	at java.security.AccessController.doPrivileged(Native Method) ~[?:1.8.0_332]
	at javax.security.auth.Subject.doAs(Subject.java:422) [?:1.8.0_332]
	at org.apache.hadoop.security.UserGroupInformation.doAs(UserGroupInformation.java:1878) [hadoop-common-3.3.1.jar:?]
	at org.apache.hadoop.ipc.Server$Handler.run(Server.java:2966) [hadoop-common-3.3.1.jar:?]
2022-06-16 16:23:50,306 [Time-limited test] INFO  rpc.RpcClient (RpcClient.java:createVolume(466)) - Creating Volume: volume-31115, with runner as owner and space quota set to -1 bytes, counts quota set to -1
2022-06-16 16:23:50,306 [IPC Server handler 3 on default port 44357] INFO  volume.OMVolumeCreateRequest (OMVolumeCreateRequest.java:validateAndUpdateCache(195)) - created volume:volume-31115 for user:runner
2022-06-16 16:23:50,314 [Time-limited test] INFO  rpc.RpcClient (RpcClient.java:createBucket(666)) - Creating Bucket: volume-31115/bucket-32850, with the Bucket Layout null, runner as owner, Versioning false, Storage Type set to DISK and Encryption set to false 
2022-06-16 16:23:50,320 [IPC Server handler 1 on default port 44357] INFO  bucket.OMBucketCreateRequest (OMBucketCreateRequest.java:validateAndUpdateCache(260)) - created bucket: bucket-32850 of layout LEGACY in volume: volume-31115
]]></system-out>
  </testcase>
  <testcase name="testTempMount" classname="TestRootedOzoneFileSystem" time="0.17">
    <system-out><![CDATA[2022-06-16 16:18:25,497 [Time-limited test] INFO  rpc.RpcClient (RpcClient.java:createVolume(466)) - Creating Volume: volume36910, with user96383 as owner and space quota set to -1 bytes, counts quota set to -1
2022-06-16 16:18:25,499 [OM StateMachine ApplyTransaction Thread - 0] INFO  volume.OMVolumeCreateRequest (OMVolumeCreateRequest.java:validateAndUpdateCache(195)) - created volume:volume36910 for user:user96383
2022-06-16 16:18:25,502 [Time-limited test] INFO  rpc.RpcClient (RpcClient.java:createBucket(666)) - Creating Bucket: volume36910/bucket29086, with the Bucket Layout LEGACY, runner as owner, Versioning false, Storage Type set to DISK and Encryption set to false 
2022-06-16 16:18:25,505 [OM StateMachine ApplyTransaction Thread - 0] INFO  bucket.OMBucketCreateRequest (OMBucketCreateRequest.java:validateAndUpdateCache(260)) - created bucket: bucket29086 of layout LEGACY in volume: volume36910
2022-06-16 16:18:25,507 [Time-limited test] INFO  rpc.RpcClient (RpcClient.java:createVolume(466)) - Creating Volume: tmp, with runner as owner and space quota set to 9223372036854775807 bytes, counts quota set to 1000
2022-06-16 16:18:25,510 [OM StateMachine ApplyTransaction Thread - 0] INFO  volume.OMVolumeCreateRequest (OMVolumeCreateRequest.java:validateAndUpdateCache(195)) - created volume:tmp for user:runner
2022-06-16 16:18:25,519 [Time-limited test] INFO  rpc.RpcClient (RpcClient.java:createBucket(666)) - Creating Bucket: tmp/4bad0b8dd3074cd43f641c2ac22a3571, with the Bucket Layout null, runner as owner, Versioning false, Storage Type set to DISK and Encryption set to false 
2022-06-16 16:18:25,524 [OM StateMachine ApplyTransaction Thread - 0] INFO  bucket.OMBucketCreateRequest (OMBucketCreateRequest.java:validateAndUpdateCache(260)) - created bucket: 4bad0b8dd3074cd43f641c2ac22a3571 of layout LEGACY in volume: tmp
]]></system-out>
  </testcase>
  <testcase name="testTempMount" classname="TestRootedOzoneFileSystem" time="0.342">
    <system-out><![CDATA[2022-06-16 16:19:28,549 [Time-limited test] INFO  rpc.RpcClient (RpcClient.java:createVolume(466)) - Creating Volume: volume21790, with user94630 as owner and space quota set to -1 bytes, counts quota set to -1
2022-06-16 16:19:28,556 [OM StateMachine ApplyTransaction Thread - 0] INFO  volume.OMVolumeCreateRequest (OMVolumeCreateRequest.java:validateAndUpdateCache(195)) - created volume:volume21790 for user:user94630
2022-06-16 16:19:28,558 [Time-limited test] INFO  rpc.RpcClient (RpcClient.java:createBucket(666)) - Creating Bucket: volume21790/bucket78594, with the Bucket Layout LEGACY, runner as owner, Versioning false, Storage Type set to DISK and Encryption set to false 
2022-06-16 16:19:28,563 [OM StateMachine ApplyTransaction Thread - 0] INFO  bucket.OMBucketCreateRequest (OMBucketCreateRequest.java:validateAndUpdateCache(260)) - created bucket: bucket78594 of layout LEGACY in volume: volume21790
2022-06-16 16:19:28,564 [Time-limited test] INFO  rpc.RpcClient (RpcClient.java:createVolume(466)) - Creating Volume: tmp, with runner as owner and space quota set to 9223372036854775807 bytes, counts quota set to 1000
2022-06-16 16:19:28,565 [OM StateMachine ApplyTransaction Thread - 0] INFO  volume.OMVolumeCreateRequest (OMVolumeCreateRequest.java:validateAndUpdateCache(195)) - created volume:tmp for user:runner
16:19:28.566 [IPC Server handler 7 on default port 34065] ERROR OMAudit - user=runner | ip=127.0.0.1 | op=READ_BUCKET {volume=tmp, bucket=4bad0b8dd3074cd43f641c2ac22a3571} | ret=FAILURE
org.apache.hadoop.ozone.om.exceptions.OMException: Bucket not found
	at org.apache.hadoop.ozone.om.BucketManagerImpl.getBucketInfo(BucketManagerImpl.java:131) ~[ozone-manager-1.3.0-SNAPSHOT.jar:?]
	at org.apache.hadoop.ozone.om.OzoneManager.getBucketInfo(OzoneManager.java:2778) ~[ozone-manager-1.3.0-SNAPSHOT.jar:?]
	at org.apache.hadoop.ozone.protocolPB.OzoneManagerRequestHandler.infoBucket(OzoneManagerRequestHandler.java:464) ~[ozone-manager-1.3.0-SNAPSHOT.jar:?]
	at org.apache.hadoop.ozone.protocolPB.OzoneManagerRequestHandler.handleReadRequest(OzoneManagerRequestHandler.java:172) ~[ozone-manager-1.3.0-SNAPSHOT.jar:?]
	at org.apache.hadoop.ozone.protocolPB.OzoneManagerProtocolServerSideTranslatorPB.submitReadRequestToOM(OzoneManagerProtocolServerSideTranslatorPB.java:225) ~[ozone-manager-1.3.0-SNAPSHOT.jar:?]
	at org.apache.hadoop.ozone.protocolPB.OzoneManagerProtocolServerSideTranslatorPB.processRequest(OzoneManagerProtocolServerSideTranslatorPB.java:175) ~[ozone-manager-1.3.0-SNAPSHOT.jar:?]
	at org.apache.hadoop.hdds.server.OzoneProtocolMessageDispatcher.processRequest(OzoneProtocolMessageDispatcher.java:87) [hdds-server-framework-1.3.0-SNAPSHOT.jar:?]
	at org.apache.hadoop.ozone.protocolPB.OzoneManagerProtocolServerSideTranslatorPB.submitRequest(OzoneManagerProtocolServerSideTranslatorPB.java:147) [ozone-manager-1.3.0-SNAPSHOT.jar:?]
	at org.apache.hadoop.ozone.protocol.proto.OzoneManagerProtocolProtos$OzoneManagerService$2.callBlockingMethod(OzoneManagerProtocolProtos.java) [ozone-interface-client-1.3.0-SNAPSHOT.jar:?]
	at org.apache.hadoop.ipc.ProtobufRpcEngine$Server.processCall(ProtobufRpcEngine.java:466) [hadoop-common-3.3.1.jar:?]
	at org.apache.hadoop.ipc.ProtobufRpcEngine2$Server$ProtoBufRpcInvoker.call(ProtobufRpcEngine2.java:574) [hadoop-common-3.3.1.jar:?]
	at org.apache.hadoop.ipc.ProtobufRpcEngine2$Server$ProtoBufRpcInvoker.call(ProtobufRpcEngine2.java:552) [hadoop-common-3.3.1.jar:?]
	at org.apache.hadoop.ipc.RPC$Server.call(RPC.java:1093) [hadoop-common-3.3.1.jar:?]
	at org.apache.hadoop.ipc.Server$RpcCall.run(Server.java:1035) [hadoop-common-3.3.1.jar:?]
	at org.apache.hadoop.ipc.Server$RpcCall.run(Server.java:963) [hadoop-common-3.3.1.jar:?]
	at java.security.AccessController.doPrivileged(Native Method) ~[?:1.8.0_332]
	at javax.security.auth.Subject.doAs(Subject.java:422) [?:1.8.0_332]
	at org.apache.hadoop.security.UserGroupInformation.doAs(UserGroupInformation.java:1878) [hadoop-common-3.3.1.jar:?]
	at org.apache.hadoop.ipc.Server$Handler.run(Server.java:2966) [hadoop-common-3.3.1.jar:?]
16:19:28.567 [IPC Server handler 0 on default port 34065] ERROR OMAudit - user=runner | ip=127.0.0.1 | op=READ_BUCKET {volume=tmp, bucket=4bad0b8dd3074cd43f641c2ac22a3571} | ret=FAILURE
org.apache.hadoop.ozone.om.exceptions.OMException: Bucket not found
	at org.apache.hadoop.ozone.om.BucketManagerImpl.getBucketInfo(BucketManagerImpl.java:131) ~[ozone-manager-1.3.0-SNAPSHOT.jar:?]
	at org.apache.hadoop.ozone.om.OzoneManager.getBucketInfo(OzoneManager.java:2778) ~[ozone-manager-1.3.0-SNAPSHOT.jar:?]
	at org.apache.hadoop.ozone.protocolPB.OzoneManagerRequestHandler.infoBucket(OzoneManagerRequestHandler.java:464) ~[ozone-manager-1.3.0-SNAPSHOT.jar:?]
	at org.apache.hadoop.ozone.protocolPB.OzoneManagerRequestHandler.handleReadRequest(OzoneManagerRequestHandler.java:172) ~[ozone-manager-1.3.0-SNAPSHOT.jar:?]
	at org.apache.hadoop.ozone.protocolPB.OzoneManagerProtocolServerSideTranslatorPB.submitReadRequestToOM(OzoneManagerProtocolServerSideTranslatorPB.java:225) ~[ozone-manager-1.3.0-SNAPSHOT.jar:?]
	at org.apache.hadoop.ozone.protocolPB.OzoneManagerProtocolServerSideTranslatorPB.processRequest(OzoneManagerProtocolServerSideTranslatorPB.java:175) ~[ozone-manager-1.3.0-SNAPSHOT.jar:?]
	at org.apache.hadoop.hdds.server.OzoneProtocolMessageDispatcher.processRequest(OzoneProtocolMessageDispatcher.java:87) [hdds-server-framework-1.3.0-SNAPSHOT.jar:?]
	at org.apache.hadoop.ozone.protocolPB.OzoneManagerProtocolServerSideTranslatorPB.submitRequest(OzoneManagerProtocolServerSideTranslatorPB.java:147) [ozone-manager-1.3.0-SNAPSHOT.jar:?]
	at org.apache.hadoop.ozone.protocol.proto.OzoneManagerProtocolProtos$OzoneManagerService$2.callBlockingMethod(OzoneManagerProtocolProtos.java) [ozone-interface-client-1.3.0-SNAPSHOT.jar:?]
	at org.apache.hadoop.ipc.ProtobufRpcEngine$Server.processCall(ProtobufRpcEngine.java:466) [hadoop-common-3.3.1.jar:?]
	at org.apache.hadoop.ipc.ProtobufRpcEngine2$Server$ProtoBufRpcInvoker.call(ProtobufRpcEngine2.java:574) [hadoop-common-3.3.1.jar:?]
	at org.apache.hadoop.ipc.ProtobufRpcEngine2$Server$ProtoBufRpcInvoker.call(ProtobufRpcEngine2.java:552) [hadoop-common-3.3.1.jar:?]
	at org.apache.hadoop.ipc.RPC$Server.call(RPC.java:1093) [hadoop-common-3.3.1.jar:?]
	at org.apache.hadoop.ipc.Server$RpcCall.run(Server.java:1035) [hadoop-common-3.3.1.jar:?]
	at org.apache.hadoop.ipc.Server$RpcCall.run(Server.java:963) [hadoop-common-3.3.1.jar:?]
	at java.security.AccessController.doPrivileged(Native Method) ~[?:1.8.0_332]
	at javax.security.auth.Subject.doAs(Subject.java:422) [?:1.8.0_332]
	at org.apache.hadoop.security.UserGroupInformation.doAs(UserGroupInformation.java:1878) [hadoop-common-3.3.1.jar:?]
	at org.apache.hadoop.ipc.Server$Handler.run(Server.java:2966) [hadoop-common-3.3.1.jar:?]
2022-06-16 16:19:28,570 [Time-limited test] INFO  rpc.RpcClient (RpcClient.java:createBucket(666)) - Creating Bucket: tmp/4bad0b8dd3074cd43f641c2ac22a3571, with the Bucket Layout null, runner as owner, Versioning false, Storage Type set to DISK and Encryption set to false 
2022-06-16 16:19:28,571 [OM StateMachine ApplyTransaction Thread - 0] INFO  bucket.OMBucketCreateRequest (OMBucketCreateRequest.java:validateAndUpdateCache(260)) - created bucket: 4bad0b8dd3074cd43f641c2ac22a3571 of layout LEGACY in volume: tmp
2022-06-16 16:19:28,582 [5b838663-213a-4fbf-828e-9dfe1e385535@group-8C76644EA4AF-FollowerState] INFO  impl.FollowerState (FollowerState.java:run(143)) - 5b838663-213a-4fbf-828e-9dfe1e385535@group-8C76644EA4AF-FollowerState: change to CANDIDATE, lastRpcElapsedTime:5094050179ns, electionTimeout:5083ms
2022-06-16 16:19:28,582 [5b838663-213a-4fbf-828e-9dfe1e385535@group-8C76644EA4AF-FollowerState] INFO  impl.RoleInfo (RoleInfo.java:shutdownFollowerState(110)) - 5b838663-213a-4fbf-828e-9dfe1e385535: shutdown 5b838663-213a-4fbf-828e-9dfe1e385535@group-8C76644EA4AF-FollowerState
2022-06-16 16:19:28,582 [5b838663-213a-4fbf-828e-9dfe1e385535@group-8C76644EA4AF-FollowerState] INFO  server.RaftServer$Division (RaftServerImpl.java:setRole(299)) - 5b838663-213a-4fbf-828e-9dfe1e385535@group-8C76644EA4AF: changes role from  FOLLOWER to CANDIDATE at term 0 for changeToCandidate
2022-06-16 16:19:28,582 [5b838663-213a-4fbf-828e-9dfe1e385535@group-8C76644EA4AF-FollowerState] INFO  server.RaftServerConfigKeys (ConfUtils.java:logGet(46)) - raft.server.leaderelection.pre-vote = false (custom)
2022-06-16 16:19:28,582 [5b838663-213a-4fbf-828e-9dfe1e385535@group-8C76644EA4AF-FollowerState] INFO  impl.RoleInfo (RoleInfo.java:updateAndGet(139)) - 5b838663-213a-4fbf-828e-9dfe1e385535: start 5b838663-213a-4fbf-828e-9dfe1e385535@group-8C76644EA4AF-LeaderElection22
2022-06-16 16:19:28,630 [5b838663-213a-4fbf-828e-9dfe1e385535@group-8C76644EA4AF-LeaderElection22] INFO  impl.LeaderElection (LeaderElection.java:askForVotes(310)) - 5b838663-213a-4fbf-828e-9dfe1e385535@group-8C76644EA4AF-LeaderElection22 ELECTION round 0: submit vote requests at term 1 for -1: [5b838663-213a-4fbf-828e-9dfe1e385535|rpc:10.1.0.16:33841|priority:1], old=null
2022-06-16 16:19:28,630 [5b838663-213a-4fbf-828e-9dfe1e385535@group-8C76644EA4AF-LeaderElection22] INFO  impl.LeaderElection (LeaderElection.java:askForVotes(312)) - 5b838663-213a-4fbf-828e-9dfe1e385535@group-8C76644EA4AF-LeaderElection22 ELECTION round 0: result PASSED (term=1)
2022-06-16 16:19:28,630 [5b838663-213a-4fbf-828e-9dfe1e385535@group-8C76644EA4AF-LeaderElection22] INFO  impl.RoleInfo (RoleInfo.java:shutdownLeaderElection(130)) - 5b838663-213a-4fbf-828e-9dfe1e385535: shutdown 5b838663-213a-4fbf-828e-9dfe1e385535@group-8C76644EA4AF-LeaderElection22
2022-06-16 16:19:28,630 [5b838663-213a-4fbf-828e-9dfe1e385535@group-8C76644EA4AF-LeaderElection22] INFO  server.RaftServer$Division (RaftServerImpl.java:setRole(299)) - 5b838663-213a-4fbf-828e-9dfe1e385535@group-8C76644EA4AF: changes role from CANDIDATE to LEADER at term 1 for changeToLeader
2022-06-16 16:19:28,630 [5b838663-213a-4fbf-828e-9dfe1e385535@group-8C76644EA4AF-LeaderElection22] INFO  ratis.XceiverServerRatis (XceiverServerRatis.java:handleLeaderChangedNotification(863)) - Leader change notification received for group: group-8C76644EA4AF with new leaderId: 5b838663-213a-4fbf-828e-9dfe1e385535
2022-06-16 16:19:28,630 [5b838663-213a-4fbf-828e-9dfe1e385535@group-8C76644EA4AF-LeaderElection22] INFO  server.RaftServer$Division (ServerState.java:setLeader(287)) - 5b838663-213a-4fbf-828e-9dfe1e385535@group-8C76644EA4AF: change Leader from null to 5b838663-213a-4fbf-828e-9dfe1e385535 at term 1 for becomeLeader, leader elected after 5160ms
2022-06-16 16:19:28,630 [5b838663-213a-4fbf-828e-9dfe1e385535@group-8C76644EA4AF-LeaderElection22] INFO  server.RaftServerConfigKeys (ConfUtils.java:logGet(46)) - raft.server.staging.catchup.gap = 1000 (default)
2022-06-16 16:19:28,630 [5b838663-213a-4fbf-828e-9dfe1e385535@group-8C76644EA4AF-LeaderElection22] INFO  server.RaftServerConfigKeys (ConfUtils.java:logGet(46)) - raft.server.write.element-limit = 1024 (custom)
2022-06-16 16:19:28,631 [5b838663-213a-4fbf-828e-9dfe1e385535@group-8C76644EA4AF-LeaderElection22] INFO  server.RaftServerConfigKeys (ConfUtils.java:logGet(46)) - raft.server.write.byte-limit = 1024 M (=1073741824) (custom)
2022-06-16 16:19:28,634 [5b838663-213a-4fbf-828e-9dfe1e385535@group-8C76644EA4AF-LeaderElection22] INFO  server.RaftServerConfigKeys (ConfUtils.java:logGet(46)) - raft.server.watch.timeout = 180s (custom)
2022-06-16 16:19:28,634 [5b838663-213a-4fbf-828e-9dfe1e385535@group-8C76644EA4AF-LeaderElection22] INFO  server.RaftServerConfigKeys (ConfUtils.java:logGet(46)) - raft.server.watch.timeout.denomination = 1s (default)
2022-06-16 16:19:28,634 [5b838663-213a-4fbf-828e-9dfe1e385535@group-8C76644EA4AF-LeaderElection22] INFO  server.RaftServerConfigKeys (ConfUtils.java:logGet(46)) - raft.server.watch.element-limit = 65536 (default)
2022-06-16 16:19:28,634 [5b838663-213a-4fbf-828e-9dfe1e385535@group-8C76644EA4AF-LeaderElection22] INFO  server.RaftServerConfigKeys (ConfUtils.java:logGet(46)) - raft.server.write.element-limit = 1024 (custom)
2022-06-16 16:19:28,634 [5b838663-213a-4fbf-828e-9dfe1e385535@group-8C76644EA4AF-LeaderElection22] INFO  server.RaftServerConfigKeys (ConfUtils.java:logGet(46)) - raft.server.write.follower.gap.ratio.max = -1.0 (default)
2022-06-16 16:19:28,634 [5b838663-213a-4fbf-828e-9dfe1e385535@group-8C76644EA4AF-LeaderElection22] INFO  impl.RoleInfo (RoleInfo.java:updateAndGet(139)) - 5b838663-213a-4fbf-828e-9dfe1e385535: start 5b838663-213a-4fbf-828e-9dfe1e385535@group-8C76644EA4AF-LeaderStateImpl
2022-06-16 16:19:28,635 [5b838663-213a-4fbf-828e-9dfe1e385535@group-8C76644EA4AF-LeaderElection22] INFO  segmented.SegmentedRaftLogWorker (SegmentedRaftLogWorker.java:startLogSegment(425)) - 5b838663-213a-4fbf-828e-9dfe1e385535@group-8C76644EA4AF-SegmentedRaftLogWorker: Starting segment from index:0
2022-06-16 16:19:28,686 [5b838663-213a-4fbf-828e-9dfe1e385535@group-8C76644EA4AF-SegmentedRaftLogWorker] INFO  segmented.SegmentedRaftLogWorker (SegmentedRaftLogWorker.java:execute(629)) - 5b838663-213a-4fbf-828e-9dfe1e385535@group-8C76644EA4AF-SegmentedRaftLogWorker: created new log segment /home/runner/work/ozone/ozone/hadoop-ozone/integration-test/target/test-dir/MiniOzoneClusterImpl-3714a898-0fe0-42e2-9307-bd15e6fadcd3/datanode-2/data/ratis/7696c223-00c6-42a6-9c26-8c76644ea4af/current/log_inprogress_0
2022-06-16 16:19:28,710 [5b838663-213a-4fbf-828e-9dfe1e385535@group-8C76644EA4AF-LeaderElection22] INFO  server.RaftServer$Division (ServerState.java:setRaftConf(393)) - 5b838663-213a-4fbf-828e-9dfe1e385535@group-8C76644EA4AF: set configuration 0: [5b838663-213a-4fbf-828e-9dfe1e385535|rpc:10.1.0.16:33841|dataStream:|priority:1], old=null
]]></system-out>
  </testcase>
  <testcase name="testTempMount" classname="TestRootedOzoneFileSystem" time="0.462">
    <system-out><![CDATA[2022-06-16 16:20:40,092 [Time-limited test] INFO  rpc.RpcClient (RpcClient.java:createVolume(466)) - Creating Volume: volume93771, with user20355 as owner and space quota set to -1 bytes, counts quota set to -1
2022-06-16 16:20:40,093 [IPC Server handler 10 on default port 42069] INFO  volume.OMVolumeCreateRequest (OMVolumeCreateRequest.java:validateAndUpdateCache(195)) - created volume:volume93771 for user:user20355
2022-06-16 16:20:40,096 [Time-limited test] INFO  rpc.RpcClient (RpcClient.java:createBucket(666)) - Creating Bucket: volume93771/bucket94831, with the Bucket Layout LEGACY, runner as owner, Versioning false, Storage Type set to DISK and Encryption set to false 
2022-06-16 16:20:40,097 [IPC Server handler 11 on default port 42069] INFO  bucket.OMBucketCreateRequest (OMBucketCreateRequest.java:validateAndUpdateCache(260)) - created bucket: bucket94831 of layout LEGACY in volume: volume93771
2022-06-16 16:20:40,098 [Time-limited test] INFO  rpc.RpcClient (RpcClient.java:createVolume(466)) - Creating Volume: tmp, with runner as owner and space quota set to 9223372036854775807 bytes, counts quota set to 1000
2022-06-16 16:20:40,106 [IPC Server handler 17 on default port 42069] INFO  volume.OMVolumeCreateRequest (OMVolumeCreateRequest.java:validateAndUpdateCache(195)) - created volume:tmp for user:runner
16:20:40.107 [IPC Server handler 16 on default port 42069] ERROR OMAudit - user=runner | ip=127.0.0.1 | op=READ_BUCKET {volume=tmp, bucket=4bad0b8dd3074cd43f641c2ac22a3571} | ret=FAILURE
org.apache.hadoop.ozone.om.exceptions.OMException: Bucket not found
	at org.apache.hadoop.ozone.om.BucketManagerImpl.getBucketInfo(BucketManagerImpl.java:131) ~[ozone-manager-1.3.0-SNAPSHOT.jar:?]
	at org.apache.hadoop.ozone.om.OzoneManager.getBucketInfo(OzoneManager.java:2778) ~[ozone-manager-1.3.0-SNAPSHOT.jar:?]
	at org.apache.hadoop.ozone.protocolPB.OzoneManagerRequestHandler.infoBucket(OzoneManagerRequestHandler.java:464) ~[ozone-manager-1.3.0-SNAPSHOT.jar:?]
	at org.apache.hadoop.ozone.protocolPB.OzoneManagerRequestHandler.handleReadRequest(OzoneManagerRequestHandler.java:172) ~[ozone-manager-1.3.0-SNAPSHOT.jar:?]
	at org.apache.hadoop.ozone.protocolPB.OzoneManagerProtocolServerSideTranslatorPB.submitRequestDirectlyToOM(OzoneManagerProtocolServerSideTranslatorPB.java:284) ~[ozone-manager-1.3.0-SNAPSHOT.jar:?]
	at org.apache.hadoop.ozone.protocolPB.OzoneManagerProtocolServerSideTranslatorPB.processRequest(OzoneManagerProtocolServerSideTranslatorPB.java:207) ~[ozone-manager-1.3.0-SNAPSHOT.jar:?]
	at org.apache.hadoop.hdds.server.OzoneProtocolMessageDispatcher.processRequest(OzoneProtocolMessageDispatcher.java:87) [hdds-server-framework-1.3.0-SNAPSHOT.jar:?]
	at org.apache.hadoop.ozone.protocolPB.OzoneManagerProtocolServerSideTranslatorPB.submitRequest(OzoneManagerProtocolServerSideTranslatorPB.java:147) [ozone-manager-1.3.0-SNAPSHOT.jar:?]
	at org.apache.hadoop.ozone.protocol.proto.OzoneManagerProtocolProtos$OzoneManagerService$2.callBlockingMethod(OzoneManagerProtocolProtos.java) [ozone-interface-client-1.3.0-SNAPSHOT.jar:?]
	at org.apache.hadoop.ipc.ProtobufRpcEngine$Server.processCall(ProtobufRpcEngine.java:466) [hadoop-common-3.3.1.jar:?]
	at org.apache.hadoop.ipc.ProtobufRpcEngine2$Server$ProtoBufRpcInvoker.call(ProtobufRpcEngine2.java:574) [hadoop-common-3.3.1.jar:?]
	at org.apache.hadoop.ipc.ProtobufRpcEngine2$Server$ProtoBufRpcInvoker.call(ProtobufRpcEngine2.java:552) [hadoop-common-3.3.1.jar:?]
	at org.apache.hadoop.ipc.RPC$Server.call(RPC.java:1093) [hadoop-common-3.3.1.jar:?]
	at org.apache.hadoop.ipc.Server$RpcCall.run(Server.java:1035) [hadoop-common-3.3.1.jar:?]
	at org.apache.hadoop.ipc.Server$RpcCall.run(Server.java:963) [hadoop-common-3.3.1.jar:?]
	at java.security.AccessController.doPrivileged(Native Method) ~[?:1.8.0_332]
	at javax.security.auth.Subject.doAs(Subject.java:422) [?:1.8.0_332]
	at org.apache.hadoop.security.UserGroupInformation.doAs(UserGroupInformation.java:1878) [hadoop-common-3.3.1.jar:?]
	at org.apache.hadoop.ipc.Server$Handler.run(Server.java:2966) [hadoop-common-3.3.1.jar:?]
16:20:40.108 [IPC Server handler 14 on default port 42069] ERROR OMAudit - user=runner | ip=127.0.0.1 | op=READ_BUCKET {volume=tmp, bucket=4bad0b8dd3074cd43f641c2ac22a3571} | ret=FAILURE
org.apache.hadoop.ozone.om.exceptions.OMException: Bucket not found
	at org.apache.hadoop.ozone.om.BucketManagerImpl.getBucketInfo(BucketManagerImpl.java:131) ~[ozone-manager-1.3.0-SNAPSHOT.jar:?]
	at org.apache.hadoop.ozone.om.OzoneManager.getBucketInfo(OzoneManager.java:2778) ~[ozone-manager-1.3.0-SNAPSHOT.jar:?]
	at org.apache.hadoop.ozone.protocolPB.OzoneManagerRequestHandler.infoBucket(OzoneManagerRequestHandler.java:464) ~[ozone-manager-1.3.0-SNAPSHOT.jar:?]
	at org.apache.hadoop.ozone.protocolPB.OzoneManagerRequestHandler.handleReadRequest(OzoneManagerRequestHandler.java:172) ~[ozone-manager-1.3.0-SNAPSHOT.jar:?]
	at org.apache.hadoop.ozone.protocolPB.OzoneManagerProtocolServerSideTranslatorPB.submitRequestDirectlyToOM(OzoneManagerProtocolServerSideTranslatorPB.java:284) ~[ozone-manager-1.3.0-SNAPSHOT.jar:?]
	at org.apache.hadoop.ozone.protocolPB.OzoneManagerProtocolServerSideTranslatorPB.processRequest(OzoneManagerProtocolServerSideTranslatorPB.java:207) ~[ozone-manager-1.3.0-SNAPSHOT.jar:?]
	at org.apache.hadoop.hdds.server.OzoneProtocolMessageDispatcher.processRequest(OzoneProtocolMessageDispatcher.java:87) [hdds-server-framework-1.3.0-SNAPSHOT.jar:?]
	at org.apache.hadoop.ozone.protocolPB.OzoneManagerProtocolServerSideTranslatorPB.submitRequest(OzoneManagerProtocolServerSideTranslatorPB.java:147) [ozone-manager-1.3.0-SNAPSHOT.jar:?]
	at org.apache.hadoop.ozone.protocol.proto.OzoneManagerProtocolProtos$OzoneManagerService$2.callBlockingMethod(OzoneManagerProtocolProtos.java) [ozone-interface-client-1.3.0-SNAPSHOT.jar:?]
	at org.apache.hadoop.ipc.ProtobufRpcEngine$Server.processCall(ProtobufRpcEngine.java:466) [hadoop-common-3.3.1.jar:?]
	at org.apache.hadoop.ipc.ProtobufRpcEngine2$Server$ProtoBufRpcInvoker.call(ProtobufRpcEngine2.java:574) [hadoop-common-3.3.1.jar:?]
	at org.apache.hadoop.ipc.ProtobufRpcEngine2$Server$ProtoBufRpcInvoker.call(ProtobufRpcEngine2.java:552) [hadoop-common-3.3.1.jar:?]
	at org.apache.hadoop.ipc.RPC$Server.call(RPC.java:1093) [hadoop-common-3.3.1.jar:?]
	at org.apache.hadoop.ipc.Server$RpcCall.run(Server.java:1035) [hadoop-common-3.3.1.jar:?]
	at org.apache.hadoop.ipc.Server$RpcCall.run(Server.java:963) [hadoop-common-3.3.1.jar:?]
	at java.security.AccessController.doPrivileged(Native Method) ~[?:1.8.0_332]
	at javax.security.auth.Subject.doAs(Subject.java:422) [?:1.8.0_332]
	at org.apache.hadoop.security.UserGroupInformation.doAs(UserGroupInformation.java:1878) [hadoop-common-3.3.1.jar:?]
	at org.apache.hadoop.ipc.Server$Handler.run(Server.java:2966) [hadoop-common-3.3.1.jar:?]
2022-06-16 16:20:40,108 [Time-limited test] INFO  rpc.RpcClient (RpcClient.java:createBucket(666)) - Creating Bucket: tmp/4bad0b8dd3074cd43f641c2ac22a3571, with the Bucket Layout null, runner as owner, Versioning false, Storage Type set to DISK and Encryption set to false 
2022-06-16 16:20:40,109 [IPC Server handler 19 on default port 42069] INFO  bucket.OMBucketCreateRequest (OMBucketCreateRequest.java:validateAndUpdateCache(260)) - created bucket: 4bad0b8dd3074cd43f641c2ac22a3571 of layout LEGACY in volume: tmp
]]></system-out>
  </testcase>
  <testcase name="testTempMount" classname="TestRootedOzoneFileSystem" time="0.386">
    <system-out><![CDATA[2022-06-16 16:22:24,378 [Time-limited test] INFO  rpc.RpcClient (RpcClient.java:createVolume(466)) - Creating Volume: volume35428, with user75801 as owner and space quota set to -1 bytes, counts quota set to -1
2022-06-16 16:22:24,381 [OM StateMachine ApplyTransaction Thread - 0] INFO  volume.OMVolumeCreateRequest (OMVolumeCreateRequest.java:validateAndUpdateCache(195)) - created volume:volume35428 for user:user75801
2022-06-16 16:22:24,390 [Time-limited test] INFO  rpc.RpcClient (RpcClient.java:createBucket(666)) - Creating Bucket: volume35428/bucket75811, with the Bucket Layout LEGACY, runner as owner, Versioning false, Storage Type set to DISK and Encryption set to false 
2022-06-16 16:22:24,391 [OM StateMachine ApplyTransaction Thread - 0] INFO  bucket.OMBucketCreateRequest (OMBucketCreateRequest.java:validateAndUpdateCache(260)) - created bucket: bucket75811 of layout LEGACY in volume: volume35428
2022-06-16 16:22:24,398 [Time-limited test] INFO  rpc.RpcClient (RpcClient.java:createVolume(466)) - Creating Volume: tmp, with runner as owner and space quota set to 9223372036854775807 bytes, counts quota set to 1000
2022-06-16 16:22:24,400 [OM StateMachine ApplyTransaction Thread - 0] INFO  volume.OMVolumeCreateRequest (OMVolumeCreateRequest.java:validateAndUpdateCache(195)) - created volume:tmp for user:runner
16:22:24.406 [IPC Server handler 13 on default port 33505] ERROR OMAudit - user=runner | ip=127.0.0.1 | op=READ_BUCKET {volume=tmp, bucket=4bad0b8dd3074cd43f641c2ac22a3571} | ret=FAILURE
org.apache.hadoop.ozone.om.exceptions.OMException: Bucket not found
	at org.apache.hadoop.ozone.om.BucketManagerImpl.getBucketInfo(BucketManagerImpl.java:131) ~[ozone-manager-1.3.0-SNAPSHOT.jar:?]
	at org.apache.hadoop.ozone.om.OzoneManager.getBucketInfo(OzoneManager.java:2778) ~[ozone-manager-1.3.0-SNAPSHOT.jar:?]
	at org.apache.hadoop.ozone.protocolPB.OzoneManagerRequestHandler.infoBucket(OzoneManagerRequestHandler.java:464) ~[ozone-manager-1.3.0-SNAPSHOT.jar:?]
	at org.apache.hadoop.ozone.protocolPB.OzoneManagerRequestHandler.handleReadRequest(OzoneManagerRequestHandler.java:172) ~[ozone-manager-1.3.0-SNAPSHOT.jar:?]
	at org.apache.hadoop.ozone.protocolPB.OzoneManagerProtocolServerSideTranslatorPB.submitReadRequestToOM(OzoneManagerProtocolServerSideTranslatorPB.java:225) ~[ozone-manager-1.3.0-SNAPSHOT.jar:?]
	at org.apache.hadoop.ozone.protocolPB.OzoneManagerProtocolServerSideTranslatorPB.processRequest(OzoneManagerProtocolServerSideTranslatorPB.java:175) ~[ozone-manager-1.3.0-SNAPSHOT.jar:?]
	at org.apache.hadoop.hdds.server.OzoneProtocolMessageDispatcher.processRequest(OzoneProtocolMessageDispatcher.java:87) [hdds-server-framework-1.3.0-SNAPSHOT.jar:?]
	at org.apache.hadoop.ozone.protocolPB.OzoneManagerProtocolServerSideTranslatorPB.submitRequest(OzoneManagerProtocolServerSideTranslatorPB.java:147) [ozone-manager-1.3.0-SNAPSHOT.jar:?]
	at org.apache.hadoop.ozone.protocol.proto.OzoneManagerProtocolProtos$OzoneManagerService$2.callBlockingMethod(OzoneManagerProtocolProtos.java) [ozone-interface-client-1.3.0-SNAPSHOT.jar:?]
	at org.apache.hadoop.ipc.ProtobufRpcEngine$Server.processCall(ProtobufRpcEngine.java:466) [hadoop-common-3.3.1.jar:?]
	at org.apache.hadoop.ipc.ProtobufRpcEngine2$Server$ProtoBufRpcInvoker.call(ProtobufRpcEngine2.java:574) [hadoop-common-3.3.1.jar:?]
	at org.apache.hadoop.ipc.ProtobufRpcEngine2$Server$ProtoBufRpcInvoker.call(ProtobufRpcEngine2.java:552) [hadoop-common-3.3.1.jar:?]
	at org.apache.hadoop.ipc.RPC$Server.call(RPC.java:1093) [hadoop-common-3.3.1.jar:?]
	at org.apache.hadoop.ipc.Server$RpcCall.run(Server.java:1035) [hadoop-common-3.3.1.jar:?]
	at org.apache.hadoop.ipc.Server$RpcCall.run(Server.java:963) [hadoop-common-3.3.1.jar:?]
	at java.security.AccessController.doPrivileged(Native Method) ~[?:1.8.0_332]
	at javax.security.auth.Subject.doAs(Subject.java:422) [?:1.8.0_332]
	at org.apache.hadoop.security.UserGroupInformation.doAs(UserGroupInformation.java:1878) [hadoop-common-3.3.1.jar:?]
	at org.apache.hadoop.ipc.Server$Handler.run(Server.java:2966) [hadoop-common-3.3.1.jar:?]
16:22:24.407 [IPC Server handler 12 on default port 33505] ERROR OMAudit - user=runner | ip=127.0.0.1 | op=READ_BUCKET {volume=tmp, bucket=4bad0b8dd3074cd43f641c2ac22a3571} | ret=FAILURE
org.apache.hadoop.ozone.om.exceptions.OMException: Bucket not found
	at org.apache.hadoop.ozone.om.BucketManagerImpl.getBucketInfo(BucketManagerImpl.java:131) ~[ozone-manager-1.3.0-SNAPSHOT.jar:?]
	at org.apache.hadoop.ozone.om.OzoneManager.getBucketInfo(OzoneManager.java:2778) ~[ozone-manager-1.3.0-SNAPSHOT.jar:?]
	at org.apache.hadoop.ozone.protocolPB.OzoneManagerRequestHandler.infoBucket(OzoneManagerRequestHandler.java:464) ~[ozone-manager-1.3.0-SNAPSHOT.jar:?]
	at org.apache.hadoop.ozone.protocolPB.OzoneManagerRequestHandler.handleReadRequest(OzoneManagerRequestHandler.java:172) ~[ozone-manager-1.3.0-SNAPSHOT.jar:?]
	at org.apache.hadoop.ozone.protocolPB.OzoneManagerProtocolServerSideTranslatorPB.submitReadRequestToOM(OzoneManagerProtocolServerSideTranslatorPB.java:225) ~[ozone-manager-1.3.0-SNAPSHOT.jar:?]
	at org.apache.hadoop.ozone.protocolPB.OzoneManagerProtocolServerSideTranslatorPB.processRequest(OzoneManagerProtocolServerSideTranslatorPB.java:175) ~[ozone-manager-1.3.0-SNAPSHOT.jar:?]
	at org.apache.hadoop.hdds.server.OzoneProtocolMessageDispatcher.processRequest(OzoneProtocolMessageDispatcher.java:87) [hdds-server-framework-1.3.0-SNAPSHOT.jar:?]
	at org.apache.hadoop.ozone.protocolPB.OzoneManagerProtocolServerSideTranslatorPB.submitRequest(OzoneManagerProtocolServerSideTranslatorPB.java:147) [ozone-manager-1.3.0-SNAPSHOT.jar:?]
	at org.apache.hadoop.ozone.protocol.proto.OzoneManagerProtocolProtos$OzoneManagerService$2.callBlockingMethod(OzoneManagerProtocolProtos.java) [ozone-interface-client-1.3.0-SNAPSHOT.jar:?]
	at org.apache.hadoop.ipc.ProtobufRpcEngine$Server.processCall(ProtobufRpcEngine.java:466) [hadoop-common-3.3.1.jar:?]
	at org.apache.hadoop.ipc.ProtobufRpcEngine2$Server$ProtoBufRpcInvoker.call(ProtobufRpcEngine2.java:574) [hadoop-common-3.3.1.jar:?]
	at org.apache.hadoop.ipc.ProtobufRpcEngine2$Server$ProtoBufRpcInvoker.call(ProtobufRpcEngine2.java:552) [hadoop-common-3.3.1.jar:?]
	at org.apache.hadoop.ipc.RPC$Server.call(RPC.java:1093) [hadoop-common-3.3.1.jar:?]
	at org.apache.hadoop.ipc.Server$RpcCall.run(Server.java:1035) [hadoop-common-3.3.1.jar:?]
	at org.apache.hadoop.ipc.Server$RpcCall.run(Server.java:963) [hadoop-common-3.3.1.jar:?]
	at java.security.AccessController.doPrivileged(Native Method) ~[?:1.8.0_332]
	at javax.security.auth.Subject.doAs(Subject.java:422) [?:1.8.0_332]
	at org.apache.hadoop.security.UserGroupInformation.doAs(UserGroupInformation.java:1878) [hadoop-common-3.3.1.jar:?]
	at org.apache.hadoop.ipc.Server$Handler.run(Server.java:2966) [hadoop-common-3.3.1.jar:?]
2022-06-16 16:22:24,408 [Time-limited test] INFO  rpc.RpcClient (RpcClient.java:createBucket(666)) - Creating Bucket: tmp/4bad0b8dd3074cd43f641c2ac22a3571, with the Bucket Layout null, runner as owner, Versioning false, Storage Type set to DISK and Encryption set to false 
2022-06-16 16:22:24,408 [OM StateMachine ApplyTransaction Thread - 0] INFO  bucket.OMBucketCreateRequest (OMBucketCreateRequest.java:validateAndUpdateCache(260)) - created bucket: 4bad0b8dd3074cd43f641c2ac22a3571 of layout LEGACY in volume: tmp
]]></system-out>
  </testcase>
  <testcase name="testTempMount" classname="TestRootedOzoneFileSystem" time="0.72">
    <system-out><![CDATA[2022-06-16 16:23:51,436 [Time-limited test] INFO  rpc.RpcClient (RpcClient.java:createVolume(466)) - Creating Volume: volume20540, with user17439 as owner and space quota set to -1 bytes, counts quota set to -1
2022-06-16 16:23:51,438 [IPC Server handler 17 on default port 44357] INFO  volume.OMVolumeCreateRequest (OMVolumeCreateRequest.java:validateAndUpdateCache(195)) - created volume:volume20540 for user:user17439
2022-06-16 16:23:51,439 [Time-limited test] INFO  rpc.RpcClient (RpcClient.java:createBucket(666)) - Creating Bucket: volume20540/bucket64260, with the Bucket Layout LEGACY, runner as owner, Versioning false, Storage Type set to DISK and Encryption set to false 
2022-06-16 16:23:51,440 [IPC Server handler 18 on default port 44357] INFO  bucket.OMBucketCreateRequest (OMBucketCreateRequest.java:validateAndUpdateCache(260)) - created bucket: bucket64260 of layout LEGACY in volume: volume20540
2022-06-16 16:23:51,440 [Time-limited test] INFO  rpc.RpcClient (RpcClient.java:createVolume(466)) - Creating Volume: tmp, with runner as owner and space quota set to 9223372036854775807 bytes, counts quota set to 1000
2022-06-16 16:23:51,441 [IPC Server handler 0 on default port 44357] INFO  volume.OMVolumeCreateRequest (OMVolumeCreateRequest.java:validateAndUpdateCache(195)) - created volume:tmp for user:runner
16:23:51.442 [IPC Server handler 2 on default port 44357] ERROR OMAudit - user=runner | ip=127.0.0.1 | op=READ_BUCKET {volume=tmp, bucket=4bad0b8dd3074cd43f641c2ac22a3571} | ret=FAILURE
org.apache.hadoop.ozone.om.exceptions.OMException: Bucket not found
	at org.apache.hadoop.ozone.om.BucketManagerImpl.getBucketInfo(BucketManagerImpl.java:131) ~[ozone-manager-1.3.0-SNAPSHOT.jar:?]
	at org.apache.hadoop.ozone.om.OzoneManager.getBucketInfo(OzoneManager.java:2778) ~[ozone-manager-1.3.0-SNAPSHOT.jar:?]
	at org.apache.hadoop.ozone.protocolPB.OzoneManagerRequestHandler.infoBucket(OzoneManagerRequestHandler.java:464) ~[ozone-manager-1.3.0-SNAPSHOT.jar:?]
	at org.apache.hadoop.ozone.protocolPB.OzoneManagerRequestHandler.handleReadRequest(OzoneManagerRequestHandler.java:172) ~[ozone-manager-1.3.0-SNAPSHOT.jar:?]
	at org.apache.hadoop.ozone.protocolPB.OzoneManagerProtocolServerSideTranslatorPB.submitRequestDirectlyToOM(OzoneManagerProtocolServerSideTranslatorPB.java:284) ~[ozone-manager-1.3.0-SNAPSHOT.jar:?]
	at org.apache.hadoop.ozone.protocolPB.OzoneManagerProtocolServerSideTranslatorPB.processRequest(OzoneManagerProtocolServerSideTranslatorPB.java:207) ~[ozone-manager-1.3.0-SNAPSHOT.jar:?]
	at org.apache.hadoop.hdds.server.OzoneProtocolMessageDispatcher.processRequest(OzoneProtocolMessageDispatcher.java:87) [hdds-server-framework-1.3.0-SNAPSHOT.jar:?]
	at org.apache.hadoop.ozone.protocolPB.OzoneManagerProtocolServerSideTranslatorPB.submitRequest(OzoneManagerProtocolServerSideTranslatorPB.java:147) [ozone-manager-1.3.0-SNAPSHOT.jar:?]
	at org.apache.hadoop.ozone.protocol.proto.OzoneManagerProtocolProtos$OzoneManagerService$2.callBlockingMethod(OzoneManagerProtocolProtos.java) [ozone-interface-client-1.3.0-SNAPSHOT.jar:?]
	at org.apache.hadoop.ipc.ProtobufRpcEngine$Server.processCall(ProtobufRpcEngine.java:466) [hadoop-common-3.3.1.jar:?]
	at org.apache.hadoop.ipc.ProtobufRpcEngine2$Server$ProtoBufRpcInvoker.call(ProtobufRpcEngine2.java:574) [hadoop-common-3.3.1.jar:?]
	at org.apache.hadoop.ipc.ProtobufRpcEngine2$Server$ProtoBufRpcInvoker.call(ProtobufRpcEngine2.java:552) [hadoop-common-3.3.1.jar:?]
	at org.apache.hadoop.ipc.RPC$Server.call(RPC.java:1093) [hadoop-common-3.3.1.jar:?]
	at org.apache.hadoop.ipc.Server$RpcCall.run(Server.java:1035) [hadoop-common-3.3.1.jar:?]
	at org.apache.hadoop.ipc.Server$RpcCall.run(Server.java:963) [hadoop-common-3.3.1.jar:?]
	at java.security.AccessController.doPrivileged(Native Method) ~[?:1.8.0_332]
	at javax.security.auth.Subject.doAs(Subject.java:422) [?:1.8.0_332]
	at org.apache.hadoop.security.UserGroupInformation.doAs(UserGroupInformation.java:1878) [hadoop-common-3.3.1.jar:?]
	at org.apache.hadoop.ipc.Server$Handler.run(Server.java:2966) [hadoop-common-3.3.1.jar:?]
16:23:51.442 [IPC Server handler 1 on default port 44357] ERROR OMAudit - user=runner | ip=127.0.0.1 | op=READ_BUCKET {volume=tmp, bucket=4bad0b8dd3074cd43f641c2ac22a3571} | ret=FAILURE
org.apache.hadoop.ozone.om.exceptions.OMException: Bucket not found
	at org.apache.hadoop.ozone.om.BucketManagerImpl.getBucketInfo(BucketManagerImpl.java:131) ~[ozone-manager-1.3.0-SNAPSHOT.jar:?]
	at org.apache.hadoop.ozone.om.OzoneManager.getBucketInfo(OzoneManager.java:2778) ~[ozone-manager-1.3.0-SNAPSHOT.jar:?]
	at org.apache.hadoop.ozone.protocolPB.OzoneManagerRequestHandler.infoBucket(OzoneManagerRequestHandler.java:464) ~[ozone-manager-1.3.0-SNAPSHOT.jar:?]
	at org.apache.hadoop.ozone.protocolPB.OzoneManagerRequestHandler.handleReadRequest(OzoneManagerRequestHandler.java:172) ~[ozone-manager-1.3.0-SNAPSHOT.jar:?]
	at org.apache.hadoop.ozone.protocolPB.OzoneManagerProtocolServerSideTranslatorPB.submitRequestDirectlyToOM(OzoneManagerProtocolServerSideTranslatorPB.java:284) ~[ozone-manager-1.3.0-SNAPSHOT.jar:?]
	at org.apache.hadoop.ozone.protocolPB.OzoneManagerProtocolServerSideTranslatorPB.processRequest(OzoneManagerProtocolServerSideTranslatorPB.java:207) ~[ozone-manager-1.3.0-SNAPSHOT.jar:?]
	at org.apache.hadoop.hdds.server.OzoneProtocolMessageDispatcher.processRequest(OzoneProtocolMessageDispatcher.java:87) [hdds-server-framework-1.3.0-SNAPSHOT.jar:?]
	at org.apache.hadoop.ozone.protocolPB.OzoneManagerProtocolServerSideTranslatorPB.submitRequest(OzoneManagerProtocolServerSideTranslatorPB.java:147) [ozone-manager-1.3.0-SNAPSHOT.jar:?]
	at org.apache.hadoop.ozone.protocol.proto.OzoneManagerProtocolProtos$OzoneManagerService$2.callBlockingMethod(OzoneManagerProtocolProtos.java) [ozone-interface-client-1.3.0-SNAPSHOT.jar:?]
	at org.apache.hadoop.ipc.ProtobufRpcEngine$Server.processCall(ProtobufRpcEngine.java:466) [hadoop-common-3.3.1.jar:?]
	at org.apache.hadoop.ipc.ProtobufRpcEngine2$Server$ProtoBufRpcInvoker.call(ProtobufRpcEngine2.java:574) [hadoop-common-3.3.1.jar:?]
	at org.apache.hadoop.ipc.ProtobufRpcEngine2$Server$ProtoBufRpcInvoker.call(ProtobufRpcEngine2.java:552) [hadoop-common-3.3.1.jar:?]
	at org.apache.hadoop.ipc.RPC$Server.call(RPC.java:1093) [hadoop-common-3.3.1.jar:?]
	at org.apache.hadoop.ipc.Server$RpcCall.run(Server.java:1035) [hadoop-common-3.3.1.jar:?]
	at org.apache.hadoop.ipc.Server$RpcCall.run(Server.java:963) [hadoop-common-3.3.1.jar:?]
	at java.security.AccessController.doPrivileged(Native Method) ~[?:1.8.0_332]
	at javax.security.auth.Subject.doAs(Subject.java:422) [?:1.8.0_332]
	at org.apache.hadoop.security.UserGroupInformation.doAs(UserGroupInformation.java:1878) [hadoop-common-3.3.1.jar:?]
	at org.apache.hadoop.ipc.Server$Handler.run(Server.java:2966) [hadoop-common-3.3.1.jar:?]
2022-06-16 16:23:51,444 [Time-limited test] INFO  rpc.RpcClient (RpcClient.java:createBucket(666)) - Creating Bucket: tmp/4bad0b8dd3074cd43f641c2ac22a3571, with the Bucket Layout null, runner as owner, Versioning false, Storage Type set to DISK and Encryption set to false 
2022-06-16 16:23:51,444 [IPC Server handler 5 on default port 44357] INFO  bucket.OMBucketCreateRequest (OMBucketCreateRequest.java:validateAndUpdateCache(260)) - created bucket: 4bad0b8dd3074cd43f641c2ac22a3571 of layout LEGACY in volume: tmp
2022-06-16 16:23:51,906 [91a9e9e8-6175-4c5b-8041-356e8188cfdf@group-EFB21A203B37-FollowerState] INFO  impl.FollowerState (FollowerState.java:run(143)) - 91a9e9e8-6175-4c5b-8041-356e8188cfdf@group-EFB21A203B37-FollowerState: change to CANDIDATE, lastRpcElapsedTime:5146233558ns, electionTimeout:5104ms
2022-06-16 16:23:51,906 [91a9e9e8-6175-4c5b-8041-356e8188cfdf@group-EFB21A203B37-FollowerState] INFO  impl.RoleInfo (RoleInfo.java:shutdownFollowerState(110)) - 91a9e9e8-6175-4c5b-8041-356e8188cfdf: shutdown 91a9e9e8-6175-4c5b-8041-356e8188cfdf@group-EFB21A203B37-FollowerState
2022-06-16 16:23:51,906 [91a9e9e8-6175-4c5b-8041-356e8188cfdf@group-EFB21A203B37-FollowerState] INFO  server.RaftServer$Division (RaftServerImpl.java:setRole(299)) - 91a9e9e8-6175-4c5b-8041-356e8188cfdf@group-EFB21A203B37: changes role from  FOLLOWER to CANDIDATE at term 0 for changeToCandidate
2022-06-16 16:23:51,906 [91a9e9e8-6175-4c5b-8041-356e8188cfdf@group-EFB21A203B37-FollowerState] INFO  server.RaftServerConfigKeys (ConfUtils.java:logGet(46)) - raft.server.leaderelection.pre-vote = false (custom)
2022-06-16 16:23:51,906 [91a9e9e8-6175-4c5b-8041-356e8188cfdf@group-EFB21A203B37-FollowerState] INFO  impl.RoleInfo (RoleInfo.java:updateAndGet(139)) - 91a9e9e8-6175-4c5b-8041-356e8188cfdf: start 91a9e9e8-6175-4c5b-8041-356e8188cfdf@group-EFB21A203B37-LeaderElection101
]]></system-out>
  </testcase>
  <testcase name="testListStatusRootAndVolumeNonRecursive" classname="TestRootedOzoneFileSystem" time="0.344">
    <system-out><![CDATA[2022-06-16 16:18:25,673 [Time-limited test] INFO  rpc.RpcClient (RpcClient.java:createVolume(466)) - Creating Volume: volume39999, with user67856 as owner and space quota set to -1 bytes, counts quota set to -1
2022-06-16 16:18:25,675 [OM StateMachine ApplyTransaction Thread - 0] INFO  volume.OMVolumeCreateRequest (OMVolumeCreateRequest.java:validateAndUpdateCache(195)) - created volume:volume39999 for user:user67856
2022-06-16 16:18:25,678 [Time-limited test] INFO  rpc.RpcClient (RpcClient.java:createBucket(666)) - Creating Bucket: volume39999/bucket94228, with the Bucket Layout LEGACY, runner as owner, Versioning false, Storage Type set to DISK and Encryption set to false 
2022-06-16 16:18:25,681 [OM StateMachine ApplyTransaction Thread - 0] INFO  bucket.OMBucketCreateRequest (OMBucketCreateRequest.java:validateAndUpdateCache(260)) - created bucket: bucket94228 of layout LEGACY in volume: volume39999
2022-06-16 16:18:25,689 [Time-limited test] INFO  rpc.RpcClient (RpcClient.java:createVolume(466)) - Creating Volume: volume-15073, with runner as owner and space quota set to -1 bytes, counts quota set to -1
2022-06-16 16:18:25,691 [OM StateMachine ApplyTransaction Thread - 0] INFO  volume.OMVolumeCreateRequest (OMVolumeCreateRequest.java:validateAndUpdateCache(195)) - created volume:volume-15073 for user:runner
2022-06-16 16:18:25,692 [Time-limited test] INFO  rpc.RpcClient (RpcClient.java:createBucket(666)) - Creating Bucket: volume-15073/bucket-01619, with the Bucket Layout null, runner as owner, Versioning false, Storage Type set to DISK and Encryption set to false 
2022-06-16 16:18:25,694 [OM StateMachine ApplyTransaction Thread - 0] INFO  bucket.OMBucketCreateRequest (OMBucketCreateRequest.java:validateAndUpdateCache(260)) - created bucket: bucket-01619 of layout LEGACY in volume: volume-15073
2022-06-16 16:18:25,793 [Time-limited test] INFO  rpc.RpcClient (RpcClient.java:createVolume(466)) - Creating Volume: volume-79249, with runner as owner and space quota set to -1 bytes, counts quota set to -1
2022-06-16 16:18:25,797 [OM StateMachine ApplyTransaction Thread - 0] INFO  volume.OMVolumeCreateRequest (OMVolumeCreateRequest.java:validateAndUpdateCache(195)) - created volume:volume-79249 for user:runner
2022-06-16 16:18:25,798 [Time-limited test] INFO  rpc.RpcClient (RpcClient.java:createBucket(666)) - Creating Bucket: volume-79249/bucket-37701, with the Bucket Layout null, runner as owner, Versioning false, Storage Type set to DISK and Encryption set to false 
2022-06-16 16:18:25,801 [OM StateMachine ApplyTransaction Thread - 0] INFO  bucket.OMBucketCreateRequest (OMBucketCreateRequest.java:validateAndUpdateCache(260)) - created bucket: bucket-37701 of layout LEGACY in volume: volume-79249
]]></system-out>
  </testcase>
  <testcase name="testListStatusRootAndVolumeNonRecursive" classname="TestRootedOzoneFileSystem" time="0.559">
    <system-out><![CDATA[2022-06-16 16:19:28,917 [Time-limited test] INFO  rpc.RpcClient (RpcClient.java:createVolume(466)) - Creating Volume: volume74229, with user36016 as owner and space quota set to -1 bytes, counts quota set to -1
2022-06-16 16:19:28,918 [OM StateMachine ApplyTransaction Thread - 0] INFO  volume.OMVolumeCreateRequest (OMVolumeCreateRequest.java:validateAndUpdateCache(195)) - created volume:volume74229 for user:user36016
2022-06-16 16:19:28,919 [Time-limited test] INFO  rpc.RpcClient (RpcClient.java:createBucket(666)) - Creating Bucket: volume74229/bucket41601, with the Bucket Layout LEGACY, runner as owner, Versioning false, Storage Type set to DISK and Encryption set to false 
2022-06-16 16:19:28,921 [OM StateMachine ApplyTransaction Thread - 0] INFO  bucket.OMBucketCreateRequest (OMBucketCreateRequest.java:validateAndUpdateCache(260)) - created bucket: bucket41601 of layout LEGACY in volume: volume74229
16:19:28.922 [IPC Server handler 6 on default port 34065] ERROR OMAudit - user=runner | ip=127.0.0.1 | op=READ_BUCKET {volume=volume-83820, bucket=bucket-45707} | ret=FAILURE
org.apache.hadoop.ozone.om.exceptions.OMException: Volume not found when getting bucket info
	at org.apache.hadoop.ozone.om.BucketManagerImpl.getBucketInfo(BucketManagerImpl.java:127) ~[ozone-manager-1.3.0-SNAPSHOT.jar:?]
	at org.apache.hadoop.ozone.om.OzoneManager.getBucketInfo(OzoneManager.java:2778) ~[ozone-manager-1.3.0-SNAPSHOT.jar:?]
	at org.apache.hadoop.ozone.protocolPB.OzoneManagerRequestHandler.infoBucket(OzoneManagerRequestHandler.java:464) ~[ozone-manager-1.3.0-SNAPSHOT.jar:?]
	at org.apache.hadoop.ozone.protocolPB.OzoneManagerRequestHandler.handleReadRequest(OzoneManagerRequestHandler.java:172) ~[ozone-manager-1.3.0-SNAPSHOT.jar:?]
	at org.apache.hadoop.ozone.protocolPB.OzoneManagerProtocolServerSideTranslatorPB.submitReadRequestToOM(OzoneManagerProtocolServerSideTranslatorPB.java:225) ~[ozone-manager-1.3.0-SNAPSHOT.jar:?]
	at org.apache.hadoop.ozone.protocolPB.OzoneManagerProtocolServerSideTranslatorPB.processRequest(OzoneManagerProtocolServerSideTranslatorPB.java:175) ~[ozone-manager-1.3.0-SNAPSHOT.jar:?]
	at org.apache.hadoop.hdds.server.OzoneProtocolMessageDispatcher.processRequest(OzoneProtocolMessageDispatcher.java:87) [hdds-server-framework-1.3.0-SNAPSHOT.jar:?]
	at org.apache.hadoop.ozone.protocolPB.OzoneManagerProtocolServerSideTranslatorPB.submitRequest(OzoneManagerProtocolServerSideTranslatorPB.java:147) [ozone-manager-1.3.0-SNAPSHOT.jar:?]
	at org.apache.hadoop.ozone.protocol.proto.OzoneManagerProtocolProtos$OzoneManagerService$2.callBlockingMethod(OzoneManagerProtocolProtos.java) [ozone-interface-client-1.3.0-SNAPSHOT.jar:?]
	at org.apache.hadoop.ipc.ProtobufRpcEngine$Server.processCall(ProtobufRpcEngine.java:466) [hadoop-common-3.3.1.jar:?]
	at org.apache.hadoop.ipc.ProtobufRpcEngine2$Server$ProtoBufRpcInvoker.call(ProtobufRpcEngine2.java:574) [hadoop-common-3.3.1.jar:?]
	at org.apache.hadoop.ipc.ProtobufRpcEngine2$Server$ProtoBufRpcInvoker.call(ProtobufRpcEngine2.java:552) [hadoop-common-3.3.1.jar:?]
	at org.apache.hadoop.ipc.RPC$Server.call(RPC.java:1093) [hadoop-common-3.3.1.jar:?]
	at org.apache.hadoop.ipc.Server$RpcCall.run(Server.java:1035) [hadoop-common-3.3.1.jar:?]
	at org.apache.hadoop.ipc.Server$RpcCall.run(Server.java:963) [hadoop-common-3.3.1.jar:?]
	at java.security.AccessController.doPrivileged(Native Method) ~[?:1.8.0_332]
	at javax.security.auth.Subject.doAs(Subject.java:422) [?:1.8.0_332]
	at org.apache.hadoop.security.UserGroupInformation.doAs(UserGroupInformation.java:1878) [hadoop-common-3.3.1.jar:?]
	at org.apache.hadoop.ipc.Server$Handler.run(Server.java:2966) [hadoop-common-3.3.1.jar:?]
2022-06-16 16:19:28,923 [Time-limited test] INFO  rpc.RpcClient (RpcClient.java:createVolume(466)) - Creating Volume: volume-83820, with runner as owner and space quota set to -1 bytes, counts quota set to -1
2022-06-16 16:19:28,924 [OM StateMachine ApplyTransaction Thread - 0] INFO  volume.OMVolumeCreateRequest (OMVolumeCreateRequest.java:validateAndUpdateCache(195)) - created volume:volume-83820 for user:runner
2022-06-16 16:19:28,924 [Time-limited test] INFO  rpc.RpcClient (RpcClient.java:createBucket(666)) - Creating Bucket: volume-83820/bucket-45707, with the Bucket Layout null, runner as owner, Versioning false, Storage Type set to DISK and Encryption set to false 
2022-06-16 16:19:28,925 [OM StateMachine ApplyTransaction Thread - 0] INFO  bucket.OMBucketCreateRequest (OMBucketCreateRequest.java:validateAndUpdateCache(260)) - created bucket: bucket-45707 of layout LEGACY in volume: volume-83820
16:19:29.112 [IPC Server handler 11 on default port 34065] ERROR OMAudit - user=runner | ip=127.0.0.1 | op=READ_BUCKET {volume=volume-29354, bucket=bucket-14814} | ret=FAILURE
org.apache.hadoop.ozone.om.exceptions.OMException: Volume not found when getting bucket info
	at org.apache.hadoop.ozone.om.BucketManagerImpl.getBucketInfo(BucketManagerImpl.java:127) ~[ozone-manager-1.3.0-SNAPSHOT.jar:?]
	at org.apache.hadoop.ozone.om.OzoneManager.getBucketInfo(OzoneManager.java:2778) ~[ozone-manager-1.3.0-SNAPSHOT.jar:?]
	at org.apache.hadoop.ozone.protocolPB.OzoneManagerRequestHandler.infoBucket(OzoneManagerRequestHandler.java:464) ~[ozone-manager-1.3.0-SNAPSHOT.jar:?]
	at org.apache.hadoop.ozone.protocolPB.OzoneManagerRequestHandler.handleReadRequest(OzoneManagerRequestHandler.java:172) ~[ozone-manager-1.3.0-SNAPSHOT.jar:?]
	at org.apache.hadoop.ozone.protocolPB.OzoneManagerProtocolServerSideTranslatorPB.submitReadRequestToOM(OzoneManagerProtocolServerSideTranslatorPB.java:225) ~[ozone-manager-1.3.0-SNAPSHOT.jar:?]
	at org.apache.hadoop.ozone.protocolPB.OzoneManagerProtocolServerSideTranslatorPB.processRequest(OzoneManagerProtocolServerSideTranslatorPB.java:175) ~[ozone-manager-1.3.0-SNAPSHOT.jar:?]
	at org.apache.hadoop.hdds.server.OzoneProtocolMessageDispatcher.processRequest(OzoneProtocolMessageDispatcher.java:87) [hdds-server-framework-1.3.0-SNAPSHOT.jar:?]
	at org.apache.hadoop.ozone.protocolPB.OzoneManagerProtocolServerSideTranslatorPB.submitRequest(OzoneManagerProtocolServerSideTranslatorPB.java:147) [ozone-manager-1.3.0-SNAPSHOT.jar:?]
	at org.apache.hadoop.ozone.protocol.proto.OzoneManagerProtocolProtos$OzoneManagerService$2.callBlockingMethod(OzoneManagerProtocolProtos.java) [ozone-interface-client-1.3.0-SNAPSHOT.jar:?]
	at org.apache.hadoop.ipc.ProtobufRpcEngine$Server.processCall(ProtobufRpcEngine.java:466) [hadoop-common-3.3.1.jar:?]
	at org.apache.hadoop.ipc.ProtobufRpcEngine2$Server$ProtoBufRpcInvoker.call(ProtobufRpcEngine2.java:574) [hadoop-common-3.3.1.jar:?]
	at org.apache.hadoop.ipc.ProtobufRpcEngine2$Server$ProtoBufRpcInvoker.call(ProtobufRpcEngine2.java:552) [hadoop-common-3.3.1.jar:?]
	at org.apache.hadoop.ipc.RPC$Server.call(RPC.java:1093) [hadoop-common-3.3.1.jar:?]
	at org.apache.hadoop.ipc.Server$RpcCall.run(Server.java:1035) [hadoop-common-3.3.1.jar:?]
	at org.apache.hadoop.ipc.Server$RpcCall.run(Server.java:963) [hadoop-common-3.3.1.jar:?]
	at java.security.AccessController.doPrivileged(Native Method) ~[?:1.8.0_332]
	at javax.security.auth.Subject.doAs(Subject.java:422) [?:1.8.0_332]
	at org.apache.hadoop.security.UserGroupInformation.doAs(UserGroupInformation.java:1878) [hadoop-common-3.3.1.jar:?]
	at org.apache.hadoop.ipc.Server$Handler.run(Server.java:2966) [hadoop-common-3.3.1.jar:?]
2022-06-16 16:19:29,113 [Time-limited test] INFO  rpc.RpcClient (RpcClient.java:createVolume(466)) - Creating Volume: volume-29354, with runner as owner and space quota set to -1 bytes, counts quota set to -1
2022-06-16 16:19:29,114 [OM StateMachine ApplyTransaction Thread - 0] INFO  volume.OMVolumeCreateRequest (OMVolumeCreateRequest.java:validateAndUpdateCache(195)) - created volume:volume-29354 for user:runner
2022-06-16 16:19:29,115 [Time-limited test] INFO  rpc.RpcClient (RpcClient.java:createBucket(666)) - Creating Bucket: volume-29354/bucket-14814, with the Bucket Layout null, runner as owner, Versioning false, Storage Type set to DISK and Encryption set to false 
2022-06-16 16:19:29,116 [OM StateMachine ApplyTransaction Thread - 0] INFO  bucket.OMBucketCreateRequest (OMBucketCreateRequest.java:validateAndUpdateCache(260)) - created bucket: bucket-14814 of layout LEGACY in volume: volume-29354
]]></system-out>
  </testcase>
  <testcase name="testListStatusRootAndVolumeNonRecursive" classname="TestRootedOzoneFileSystem" time="0.583">
    <system-out><![CDATA[2022-06-16 16:20:40,546 [Time-limited test] INFO  rpc.RpcClient (RpcClient.java:createVolume(466)) - Creating Volume: volume17720, with user09349 as owner and space quota set to -1 bytes, counts quota set to -1
2022-06-16 16:20:40,547 [IPC Server handler 1 on default port 42069] INFO  volume.OMVolumeCreateRequest (OMVolumeCreateRequest.java:validateAndUpdateCache(195)) - created volume:volume17720 for user:user09349
2022-06-16 16:20:40,547 [Time-limited test] INFO  rpc.RpcClient (RpcClient.java:createBucket(666)) - Creating Bucket: volume17720/bucket41160, with the Bucket Layout LEGACY, runner as owner, Versioning false, Storage Type set to DISK and Encryption set to false 
2022-06-16 16:20:40,548 [IPC Server handler 2 on default port 42069] INFO  bucket.OMBucketCreateRequest (OMBucketCreateRequest.java:validateAndUpdateCache(260)) - created bucket: bucket41160 of layout LEGACY in volume: volume17720
16:20:40.549 [IPC Server handler 6 on default port 42069] ERROR OMAudit - user=runner | ip=127.0.0.1 | op=READ_BUCKET {volume=volume-86533, bucket=bucket-71700} | ret=FAILURE
org.apache.hadoop.ozone.om.exceptions.OMException: Volume not found when getting bucket info
	at org.apache.hadoop.ozone.om.BucketManagerImpl.getBucketInfo(BucketManagerImpl.java:127) ~[ozone-manager-1.3.0-SNAPSHOT.jar:?]
	at org.apache.hadoop.ozone.om.OzoneManager.getBucketInfo(OzoneManager.java:2778) ~[ozone-manager-1.3.0-SNAPSHOT.jar:?]
	at org.apache.hadoop.ozone.protocolPB.OzoneManagerRequestHandler.infoBucket(OzoneManagerRequestHandler.java:464) ~[ozone-manager-1.3.0-SNAPSHOT.jar:?]
	at org.apache.hadoop.ozone.protocolPB.OzoneManagerRequestHandler.handleReadRequest(OzoneManagerRequestHandler.java:172) ~[ozone-manager-1.3.0-SNAPSHOT.jar:?]
	at org.apache.hadoop.ozone.protocolPB.OzoneManagerProtocolServerSideTranslatorPB.submitRequestDirectlyToOM(OzoneManagerProtocolServerSideTranslatorPB.java:284) ~[ozone-manager-1.3.0-SNAPSHOT.jar:?]
	at org.apache.hadoop.ozone.protocolPB.OzoneManagerProtocolServerSideTranslatorPB.processRequest(OzoneManagerProtocolServerSideTranslatorPB.java:207) ~[ozone-manager-1.3.0-SNAPSHOT.jar:?]
	at org.apache.hadoop.hdds.server.OzoneProtocolMessageDispatcher.processRequest(OzoneProtocolMessageDispatcher.java:87) [hdds-server-framework-1.3.0-SNAPSHOT.jar:?]
	at org.apache.hadoop.ozone.protocolPB.OzoneManagerProtocolServerSideTranslatorPB.submitRequest(OzoneManagerProtocolServerSideTranslatorPB.java:147) [ozone-manager-1.3.0-SNAPSHOT.jar:?]
	at org.apache.hadoop.ozone.protocol.proto.OzoneManagerProtocolProtos$OzoneManagerService$2.callBlockingMethod(OzoneManagerProtocolProtos.java) [ozone-interface-client-1.3.0-SNAPSHOT.jar:?]
	at org.apache.hadoop.ipc.ProtobufRpcEngine$Server.processCall(ProtobufRpcEngine.java:466) [hadoop-common-3.3.1.jar:?]
	at org.apache.hadoop.ipc.ProtobufRpcEngine2$Server$ProtoBufRpcInvoker.call(ProtobufRpcEngine2.java:574) [hadoop-common-3.3.1.jar:?]
	at org.apache.hadoop.ipc.ProtobufRpcEngine2$Server$ProtoBufRpcInvoker.call(ProtobufRpcEngine2.java:552) [hadoop-common-3.3.1.jar:?]
	at org.apache.hadoop.ipc.RPC$Server.call(RPC.java:1093) [hadoop-common-3.3.1.jar:?]
	at org.apache.hadoop.ipc.Server$RpcCall.run(Server.java:1035) [hadoop-common-3.3.1.jar:?]
	at org.apache.hadoop.ipc.Server$RpcCall.run(Server.java:963) [hadoop-common-3.3.1.jar:?]
	at java.security.AccessController.doPrivileged(Native Method) ~[?:1.8.0_332]
	at javax.security.auth.Subject.doAs(Subject.java:422) [?:1.8.0_332]
	at org.apache.hadoop.security.UserGroupInformation.doAs(UserGroupInformation.java:1878) [hadoop-common-3.3.1.jar:?]
	at org.apache.hadoop.ipc.Server$Handler.run(Server.java:2966) [hadoop-common-3.3.1.jar:?]
2022-06-16 16:20:40,550 [Time-limited test] INFO  rpc.RpcClient (RpcClient.java:createVolume(466)) - Creating Volume: volume-86533, with runner as owner and space quota set to -1 bytes, counts quota set to -1
2022-06-16 16:20:40,550 [IPC Server handler 7 on default port 42069] INFO  volume.OMVolumeCreateRequest (OMVolumeCreateRequest.java:validateAndUpdateCache(195)) - created volume:volume-86533 for user:runner
2022-06-16 16:20:40,551 [Time-limited test] INFO  rpc.RpcClient (RpcClient.java:createBucket(666)) - Creating Bucket: volume-86533/bucket-71700, with the Bucket Layout null, runner as owner, Versioning false, Storage Type set to DISK and Encryption set to false 
2022-06-16 16:20:40,551 [IPC Server handler 9 on default port 42069] INFO  bucket.OMBucketCreateRequest (OMBucketCreateRequest.java:validateAndUpdateCache(260)) - created bucket: bucket-71700 of layout LEGACY in volume: volume-86533
16:20:40.748 [IPC Server handler 0 on default port 42069] ERROR OMAudit - user=runner | ip=127.0.0.1 | op=READ_BUCKET {volume=volume-91602, bucket=bucket-77699} | ret=FAILURE
org.apache.hadoop.ozone.om.exceptions.OMException: Volume not found when getting bucket info
	at org.apache.hadoop.ozone.om.BucketManagerImpl.getBucketInfo(BucketManagerImpl.java:127) ~[ozone-manager-1.3.0-SNAPSHOT.jar:?]
	at org.apache.hadoop.ozone.om.OzoneManager.getBucketInfo(OzoneManager.java:2778) ~[ozone-manager-1.3.0-SNAPSHOT.jar:?]
	at org.apache.hadoop.ozone.protocolPB.OzoneManagerRequestHandler.infoBucket(OzoneManagerRequestHandler.java:464) ~[ozone-manager-1.3.0-SNAPSHOT.jar:?]
	at org.apache.hadoop.ozone.protocolPB.OzoneManagerRequestHandler.handleReadRequest(OzoneManagerRequestHandler.java:172) ~[ozone-manager-1.3.0-SNAPSHOT.jar:?]
	at org.apache.hadoop.ozone.protocolPB.OzoneManagerProtocolServerSideTranslatorPB.submitRequestDirectlyToOM(OzoneManagerProtocolServerSideTranslatorPB.java:284) ~[ozone-manager-1.3.0-SNAPSHOT.jar:?]
	at org.apache.hadoop.ozone.protocolPB.OzoneManagerProtocolServerSideTranslatorPB.processRequest(OzoneManagerProtocolServerSideTranslatorPB.java:207) ~[ozone-manager-1.3.0-SNAPSHOT.jar:?]
	at org.apache.hadoop.hdds.server.OzoneProtocolMessageDispatcher.processRequest(OzoneProtocolMessageDispatcher.java:87) [hdds-server-framework-1.3.0-SNAPSHOT.jar:?]
	at org.apache.hadoop.ozone.protocolPB.OzoneManagerProtocolServerSideTranslatorPB.submitRequest(OzoneManagerProtocolServerSideTranslatorPB.java:147) [ozone-manager-1.3.0-SNAPSHOT.jar:?]
	at org.apache.hadoop.ozone.protocol.proto.OzoneManagerProtocolProtos$OzoneManagerService$2.callBlockingMethod(OzoneManagerProtocolProtos.java) [ozone-interface-client-1.3.0-SNAPSHOT.jar:?]
	at org.apache.hadoop.ipc.ProtobufRpcEngine$Server.processCall(ProtobufRpcEngine.java:466) [hadoop-common-3.3.1.jar:?]
	at org.apache.hadoop.ipc.ProtobufRpcEngine2$Server$ProtoBufRpcInvoker.call(ProtobufRpcEngine2.java:574) [hadoop-common-3.3.1.jar:?]
	at org.apache.hadoop.ipc.ProtobufRpcEngine2$Server$ProtoBufRpcInvoker.call(ProtobufRpcEngine2.java:552) [hadoop-common-3.3.1.jar:?]
	at org.apache.hadoop.ipc.RPC$Server.call(RPC.java:1093) [hadoop-common-3.3.1.jar:?]
	at org.apache.hadoop.ipc.Server$RpcCall.run(Server.java:1035) [hadoop-common-3.3.1.jar:?]
	at org.apache.hadoop.ipc.Server$RpcCall.run(Server.java:963) [hadoop-common-3.3.1.jar:?]
	at java.security.AccessController.doPrivileged(Native Method) ~[?:1.8.0_332]
	at javax.security.auth.Subject.doAs(Subject.java:422) [?:1.8.0_332]
	at org.apache.hadoop.security.UserGroupInformation.doAs(UserGroupInformation.java:1878) [hadoop-common-3.3.1.jar:?]
	at org.apache.hadoop.ipc.Server$Handler.run(Server.java:2966) [hadoop-common-3.3.1.jar:?]
2022-06-16 16:20:40,748 [Time-limited test] INFO  rpc.RpcClient (RpcClient.java:createVolume(466)) - Creating Volume: volume-91602, with runner as owner and space quota set to -1 bytes, counts quota set to -1
2022-06-16 16:20:40,749 [IPC Server handler 1 on default port 42069] INFO  volume.OMVolumeCreateRequest (OMVolumeCreateRequest.java:validateAndUpdateCache(195)) - created volume:volume-91602 for user:runner
2022-06-16 16:20:40,749 [Time-limited test] INFO  rpc.RpcClient (RpcClient.java:createBucket(666)) - Creating Bucket: volume-91602/bucket-77699, with the Bucket Layout null, runner as owner, Versioning false, Storage Type set to DISK and Encryption set to false 
2022-06-16 16:20:40,750 [IPC Server handler 2 on default port 42069] INFO  bucket.OMBucketCreateRequest (OMBucketCreateRequest.java:validateAndUpdateCache(260)) - created bucket: bucket-77699 of layout LEGACY in volume: volume-91602
]]></system-out>
  </testcase>
  <testcase name="testListStatusRootAndVolumeNonRecursive" classname="TestRootedOzoneFileSystem" time="0.904">
    <system-out><![CDATA[2022-06-16 16:22:24,905 [Time-limited test] INFO  rpc.RpcClient (RpcClient.java:createVolume(466)) - Creating Volume: volume32661, with user93974 as owner and space quota set to -1 bytes, counts quota set to -1
2022-06-16 16:22:24,906 [OM StateMachine ApplyTransaction Thread - 0] INFO  volume.OMVolumeCreateRequest (OMVolumeCreateRequest.java:validateAndUpdateCache(195)) - created volume:volume32661 for user:user93974
2022-06-16 16:22:24,907 [Time-limited test] INFO  rpc.RpcClient (RpcClient.java:createBucket(666)) - Creating Bucket: volume32661/bucket52276, with the Bucket Layout LEGACY, runner as owner, Versioning false, Storage Type set to DISK and Encryption set to false 
2022-06-16 16:22:24,908 [OM StateMachine ApplyTransaction Thread - 0] INFO  bucket.OMBucketCreateRequest (OMBucketCreateRequest.java:validateAndUpdateCache(260)) - created bucket: bucket52276 of layout LEGACY in volume: volume32661
16:22:24.954 [IPC Server handler 7 on default port 33505] ERROR OMAudit - user=runner | ip=127.0.0.1 | op=READ_BUCKET {volume=volume-31764, bucket=bucket-38106} | ret=FAILURE
org.apache.hadoop.ozone.om.exceptions.OMException: Volume not found when getting bucket info
	at org.apache.hadoop.ozone.om.BucketManagerImpl.getBucketInfo(BucketManagerImpl.java:127) ~[ozone-manager-1.3.0-SNAPSHOT.jar:?]
	at org.apache.hadoop.ozone.om.OzoneManager.getBucketInfo(OzoneManager.java:2778) ~[ozone-manager-1.3.0-SNAPSHOT.jar:?]
	at org.apache.hadoop.ozone.protocolPB.OzoneManagerRequestHandler.infoBucket(OzoneManagerRequestHandler.java:464) ~[ozone-manager-1.3.0-SNAPSHOT.jar:?]
	at org.apache.hadoop.ozone.protocolPB.OzoneManagerRequestHandler.handleReadRequest(OzoneManagerRequestHandler.java:172) ~[ozone-manager-1.3.0-SNAPSHOT.jar:?]
	at org.apache.hadoop.ozone.protocolPB.OzoneManagerProtocolServerSideTranslatorPB.submitReadRequestToOM(OzoneManagerProtocolServerSideTranslatorPB.java:225) ~[ozone-manager-1.3.0-SNAPSHOT.jar:?]
	at org.apache.hadoop.ozone.protocolPB.OzoneManagerProtocolServerSideTranslatorPB.processRequest(OzoneManagerProtocolServerSideTranslatorPB.java:175) ~[ozone-manager-1.3.0-SNAPSHOT.jar:?]
	at org.apache.hadoop.hdds.server.OzoneProtocolMessageDispatcher.processRequest(OzoneProtocolMessageDispatcher.java:87) [hdds-server-framework-1.3.0-SNAPSHOT.jar:?]
	at org.apache.hadoop.ozone.protocolPB.OzoneManagerProtocolServerSideTranslatorPB.submitRequest(OzoneManagerProtocolServerSideTranslatorPB.java:147) [ozone-manager-1.3.0-SNAPSHOT.jar:?]
	at org.apache.hadoop.ozone.protocol.proto.OzoneManagerProtocolProtos$OzoneManagerService$2.callBlockingMethod(OzoneManagerProtocolProtos.java) [ozone-interface-client-1.3.0-SNAPSHOT.jar:?]
	at org.apache.hadoop.ipc.ProtobufRpcEngine$Server.processCall(ProtobufRpcEngine.java:466) [hadoop-common-3.3.1.jar:?]
	at org.apache.hadoop.ipc.ProtobufRpcEngine2$Server$ProtoBufRpcInvoker.call(ProtobufRpcEngine2.java:574) [hadoop-common-3.3.1.jar:?]
	at org.apache.hadoop.ipc.ProtobufRpcEngine2$Server$ProtoBufRpcInvoker.call(ProtobufRpcEngine2.java:552) [hadoop-common-3.3.1.jar:?]
	at org.apache.hadoop.ipc.RPC$Server.call(RPC.java:1093) [hadoop-common-3.3.1.jar:?]
	at org.apache.hadoop.ipc.Server$RpcCall.run(Server.java:1035) [hadoop-common-3.3.1.jar:?]
	at org.apache.hadoop.ipc.Server$RpcCall.run(Server.java:963) [hadoop-common-3.3.1.jar:?]
	at java.security.AccessController.doPrivileged(Native Method) ~[?:1.8.0_332]
	at javax.security.auth.Subject.doAs(Subject.java:422) [?:1.8.0_332]
	at org.apache.hadoop.security.UserGroupInformation.doAs(UserGroupInformation.java:1878) [hadoop-common-3.3.1.jar:?]
	at org.apache.hadoop.ipc.Server$Handler.run(Server.java:2966) [hadoop-common-3.3.1.jar:?]
2022-06-16 16:22:24,955 [Time-limited test] INFO  rpc.RpcClient (RpcClient.java:createVolume(466)) - Creating Volume: volume-31764, with runner as owner and space quota set to -1 bytes, counts quota set to -1
2022-06-16 16:22:24,956 [OM StateMachine ApplyTransaction Thread - 0] INFO  volume.OMVolumeCreateRequest (OMVolumeCreateRequest.java:validateAndUpdateCache(195)) - created volume:volume-31764 for user:runner
2022-06-16 16:22:24,957 [Time-limited test] INFO  rpc.RpcClient (RpcClient.java:createBucket(666)) - Creating Bucket: volume-31764/bucket-38106, with the Bucket Layout null, runner as owner, Versioning false, Storage Type set to DISK and Encryption set to false 
2022-06-16 16:22:24,959 [OM StateMachine ApplyTransaction Thread - 0] INFO  bucket.OMBucketCreateRequest (OMBucketCreateRequest.java:validateAndUpdateCache(260)) - created bucket: bucket-38106 of layout LEGACY in volume: volume-31764
16:22:25.238 [IPC Server handler 14 on default port 33505] ERROR OMAudit - user=runner | ip=127.0.0.1 | op=READ_BUCKET {volume=volume-47258, bucket=bucket-48081} | ret=FAILURE
org.apache.hadoop.ozone.om.exceptions.OMException: Volume not found when getting bucket info
	at org.apache.hadoop.ozone.om.BucketManagerImpl.getBucketInfo(BucketManagerImpl.java:127) ~[ozone-manager-1.3.0-SNAPSHOT.jar:?]
	at org.apache.hadoop.ozone.om.OzoneManager.getBucketInfo(OzoneManager.java:2778) ~[ozone-manager-1.3.0-SNAPSHOT.jar:?]
	at org.apache.hadoop.ozone.protocolPB.OzoneManagerRequestHandler.infoBucket(OzoneManagerRequestHandler.java:464) ~[ozone-manager-1.3.0-SNAPSHOT.jar:?]
	at org.apache.hadoop.ozone.protocolPB.OzoneManagerRequestHandler.handleReadRequest(OzoneManagerRequestHandler.java:172) ~[ozone-manager-1.3.0-SNAPSHOT.jar:?]
	at org.apache.hadoop.ozone.protocolPB.OzoneManagerProtocolServerSideTranslatorPB.submitReadRequestToOM(OzoneManagerProtocolServerSideTranslatorPB.java:225) ~[ozone-manager-1.3.0-SNAPSHOT.jar:?]
	at org.apache.hadoop.ozone.protocolPB.OzoneManagerProtocolServerSideTranslatorPB.processRequest(OzoneManagerProtocolServerSideTranslatorPB.java:175) ~[ozone-manager-1.3.0-SNAPSHOT.jar:?]
	at org.apache.hadoop.hdds.server.OzoneProtocolMessageDispatcher.processRequest(OzoneProtocolMessageDispatcher.java:87) [hdds-server-framework-1.3.0-SNAPSHOT.jar:?]
	at org.apache.hadoop.ozone.protocolPB.OzoneManagerProtocolServerSideTranslatorPB.submitRequest(OzoneManagerProtocolServerSideTranslatorPB.java:147) [ozone-manager-1.3.0-SNAPSHOT.jar:?]
	at org.apache.hadoop.ozone.protocol.proto.OzoneManagerProtocolProtos$OzoneManagerService$2.callBlockingMethod(OzoneManagerProtocolProtos.java) [ozone-interface-client-1.3.0-SNAPSHOT.jar:?]
	at org.apache.hadoop.ipc.ProtobufRpcEngine$Server.processCall(ProtobufRpcEngine.java:466) [hadoop-common-3.3.1.jar:?]
	at org.apache.hadoop.ipc.ProtobufRpcEngine2$Server$ProtoBufRpcInvoker.call(ProtobufRpcEngine2.java:574) [hadoop-common-3.3.1.jar:?]
	at org.apache.hadoop.ipc.ProtobufRpcEngine2$Server$ProtoBufRpcInvoker.call(ProtobufRpcEngine2.java:552) [hadoop-common-3.3.1.jar:?]
	at org.apache.hadoop.ipc.RPC$Server.call(RPC.java:1093) [hadoop-common-3.3.1.jar:?]
	at org.apache.hadoop.ipc.Server$RpcCall.run(Server.java:1035) [hadoop-common-3.3.1.jar:?]
	at org.apache.hadoop.ipc.Server$RpcCall.run(Server.java:963) [hadoop-common-3.3.1.jar:?]
	at java.security.AccessController.doPrivileged(Native Method) ~[?:1.8.0_332]
	at javax.security.auth.Subject.doAs(Subject.java:422) [?:1.8.0_332]
	at org.apache.hadoop.security.UserGroupInformation.doAs(UserGroupInformation.java:1878) [hadoop-common-3.3.1.jar:?]
	at org.apache.hadoop.ipc.Server$Handler.run(Server.java:2966) [hadoop-common-3.3.1.jar:?]
2022-06-16 16:22:25,239 [Time-limited test] INFO  rpc.RpcClient (RpcClient.java:createVolume(466)) - Creating Volume: volume-47258, with runner as owner and space quota set to -1 bytes, counts quota set to -1
2022-06-16 16:22:25,240 [OM StateMachine ApplyTransaction Thread - 0] INFO  volume.OMVolumeCreateRequest (OMVolumeCreateRequest.java:validateAndUpdateCache(195)) - created volume:volume-47258 for user:runner
2022-06-16 16:22:25,241 [Time-limited test] INFO  rpc.RpcClient (RpcClient.java:createBucket(666)) - Creating Bucket: volume-47258/bucket-48081, with the Bucket Layout null, runner as owner, Versioning false, Storage Type set to DISK and Encryption set to false 
2022-06-16 16:22:25,242 [OM StateMachine ApplyTransaction Thread - 0] INFO  bucket.OMBucketCreateRequest (OMBucketCreateRequest.java:validateAndUpdateCache(260)) - created bucket: bucket-48081 of layout LEGACY in volume: volume-47258
]]></system-out>
  </testcase>
  <testcase name="testListStatusRootAndVolumeNonRecursive" classname="TestRootedOzoneFileSystem" time="1.007">
    <system-out><![CDATA[2022-06-16 16:23:52,022 [91a9e9e8-6175-4c5b-8041-356e8188cfdf@group-EFB21A203B37-LeaderElection101] INFO  impl.LeaderElection (LeaderElection.java:askForVotes(310)) - 91a9e9e8-6175-4c5b-8041-356e8188cfdf@group-EFB21A203B37-LeaderElection101 ELECTION round 0: submit vote requests at term 1 for -1: [91a9e9e8-6175-4c5b-8041-356e8188cfdf|rpc:10.1.0.16:42457|priority:1], old=null
2022-06-16 16:23:52,022 [91a9e9e8-6175-4c5b-8041-356e8188cfdf@group-EFB21A203B37-LeaderElection101] INFO  impl.LeaderElection (LeaderElection.java:askForVotes(312)) - 91a9e9e8-6175-4c5b-8041-356e8188cfdf@group-EFB21A203B37-LeaderElection101 ELECTION round 0: result PASSED (term=1)
2022-06-16 16:23:52,022 [91a9e9e8-6175-4c5b-8041-356e8188cfdf@group-EFB21A203B37-LeaderElection101] INFO  impl.RoleInfo (RoleInfo.java:shutdownLeaderElection(130)) - 91a9e9e8-6175-4c5b-8041-356e8188cfdf: shutdown 91a9e9e8-6175-4c5b-8041-356e8188cfdf@group-EFB21A203B37-LeaderElection101
2022-06-16 16:23:52,022 [91a9e9e8-6175-4c5b-8041-356e8188cfdf@group-EFB21A203B37-LeaderElection101] INFO  server.RaftServer$Division (RaftServerImpl.java:setRole(299)) - 91a9e9e8-6175-4c5b-8041-356e8188cfdf@group-EFB21A203B37: changes role from CANDIDATE to LEADER at term 1 for changeToLeader
2022-06-16 16:23:52,023 [91a9e9e8-6175-4c5b-8041-356e8188cfdf@group-EFB21A203B37-LeaderElection101] INFO  ratis.XceiverServerRatis (XceiverServerRatis.java:handleLeaderChangedNotification(863)) - Leader change notification received for group: group-EFB21A203B37 with new leaderId: 91a9e9e8-6175-4c5b-8041-356e8188cfdf
2022-06-16 16:23:52,031 [91a9e9e8-6175-4c5b-8041-356e8188cfdf@group-EFB21A203B37-LeaderElection101] INFO  server.RaftServer$Division (ServerState.java:setLeader(287)) - 91a9e9e8-6175-4c5b-8041-356e8188cfdf@group-EFB21A203B37: change Leader from null to 91a9e9e8-6175-4c5b-8041-356e8188cfdf at term 1 for becomeLeader, leader elected after 5272ms
2022-06-16 16:23:52,031 [91a9e9e8-6175-4c5b-8041-356e8188cfdf@group-EFB21A203B37-LeaderElection101] INFO  server.RaftServerConfigKeys (ConfUtils.java:logGet(46)) - raft.server.staging.catchup.gap = 1000 (default)
2022-06-16 16:23:52,031 [91a9e9e8-6175-4c5b-8041-356e8188cfdf@group-EFB21A203B37-LeaderElection101] INFO  server.RaftServerConfigKeys (ConfUtils.java:logGet(46)) - raft.server.write.element-limit = 1024 (custom)
2022-06-16 16:23:52,031 [91a9e9e8-6175-4c5b-8041-356e8188cfdf@group-EFB21A203B37-LeaderElection101] INFO  server.RaftServerConfigKeys (ConfUtils.java:logGet(46)) - raft.server.write.byte-limit = 1024 M (=1073741824) (custom)
2022-06-16 16:23:52,031 [91a9e9e8-6175-4c5b-8041-356e8188cfdf@group-EFB21A203B37-LeaderElection101] INFO  server.RaftServerConfigKeys (ConfUtils.java:logGet(46)) - raft.server.watch.timeout = 180s (custom)
2022-06-16 16:23:52,031 [91a9e9e8-6175-4c5b-8041-356e8188cfdf@group-EFB21A203B37-LeaderElection101] INFO  server.RaftServerConfigKeys (ConfUtils.java:logGet(46)) - raft.server.watch.timeout.denomination = 1s (default)
2022-06-16 16:23:52,031 [91a9e9e8-6175-4c5b-8041-356e8188cfdf@group-EFB21A203B37-LeaderElection101] INFO  server.RaftServerConfigKeys (ConfUtils.java:logGet(46)) - raft.server.watch.element-limit = 65536 (default)
2022-06-16 16:23:52,032 [91a9e9e8-6175-4c5b-8041-356e8188cfdf@group-EFB21A203B37-LeaderElection101] INFO  server.RaftServerConfigKeys (ConfUtils.java:logGet(46)) - raft.server.write.element-limit = 1024 (custom)
2022-06-16 16:23:52,032 [91a9e9e8-6175-4c5b-8041-356e8188cfdf@group-EFB21A203B37-LeaderElection101] INFO  server.RaftServerConfigKeys (ConfUtils.java:logGet(46)) - raft.server.write.follower.gap.ratio.max = -1.0 (default)
2022-06-16 16:23:52,032 [91a9e9e8-6175-4c5b-8041-356e8188cfdf@group-EFB21A203B37-LeaderElection101] INFO  impl.RoleInfo (RoleInfo.java:updateAndGet(139)) - 91a9e9e8-6175-4c5b-8041-356e8188cfdf: start 91a9e9e8-6175-4c5b-8041-356e8188cfdf@group-EFB21A203B37-LeaderStateImpl
2022-06-16 16:23:52,032 [91a9e9e8-6175-4c5b-8041-356e8188cfdf@group-EFB21A203B37-LeaderElection101] INFO  segmented.SegmentedRaftLogWorker (SegmentedRaftLogWorker.java:startLogSegment(425)) - 91a9e9e8-6175-4c5b-8041-356e8188cfdf@group-EFB21A203B37-SegmentedRaftLogWorker: Starting segment from index:0
2022-06-16 16:23:52,096 [91a9e9e8-6175-4c5b-8041-356e8188cfdf@group-EFB21A203B37-LeaderElection101] INFO  server.RaftServer$Division (ServerState.java:setRaftConf(393)) - 91a9e9e8-6175-4c5b-8041-356e8188cfdf@group-EFB21A203B37: set configuration 0: [91a9e9e8-6175-4c5b-8041-356e8188cfdf|rpc:10.1.0.16:42457|dataStream:|priority:1], old=null
2022-06-16 16:23:52,129 [91a9e9e8-6175-4c5b-8041-356e8188cfdf@group-EFB21A203B37-SegmentedRaftLogWorker] INFO  segmented.SegmentedRaftLogWorker (SegmentedRaftLogWorker.java:execute(629)) - 91a9e9e8-6175-4c5b-8041-356e8188cfdf@group-EFB21A203B37-SegmentedRaftLogWorker: created new log segment /home/runner/work/ozone/ozone/hadoop-ozone/integration-test/target/test-dir/MiniOzoneClusterImpl-013b413b-6c7c-488f-84aa-e92bb4d6b165/datanode-3/data/ratis/7390833a-f317-4738-bbc8-efb21a203b37/current/log_inprogress_0
2022-06-16 16:23:52,182 [Time-limited test] INFO  rpc.RpcClient (RpcClient.java:createVolume(466)) - Creating Volume: volume69022, with user10261 as owner and space quota set to -1 bytes, counts quota set to -1
2022-06-16 16:23:52,183 [IPC Server handler 8 on default port 44357] INFO  volume.OMVolumeCreateRequest (OMVolumeCreateRequest.java:validateAndUpdateCache(195)) - created volume:volume69022 for user:user10261
2022-06-16 16:23:52,184 [Time-limited test] INFO  rpc.RpcClient (RpcClient.java:createBucket(666)) - Creating Bucket: volume69022/bucket04336, with the Bucket Layout LEGACY, runner as owner, Versioning false, Storage Type set to DISK and Encryption set to false 
2022-06-16 16:23:52,184 [IPC Server handler 4 on default port 44357] INFO  bucket.OMBucketCreateRequest (OMBucketCreateRequest.java:validateAndUpdateCache(260)) - created bucket: bucket04336 of layout LEGACY in volume: volume69022
16:23:52.185 [IPC Server handler 9 on default port 44357] ERROR OMAudit - user=runner | ip=127.0.0.1 | op=READ_BUCKET {volume=volume-45444, bucket=bucket-50301} | ret=FAILURE
org.apache.hadoop.ozone.om.exceptions.OMException: Volume not found when getting bucket info
	at org.apache.hadoop.ozone.om.BucketManagerImpl.getBucketInfo(BucketManagerImpl.java:127) ~[ozone-manager-1.3.0-SNAPSHOT.jar:?]
	at org.apache.hadoop.ozone.om.OzoneManager.getBucketInfo(OzoneManager.java:2778) ~[ozone-manager-1.3.0-SNAPSHOT.jar:?]
	at org.apache.hadoop.ozone.protocolPB.OzoneManagerRequestHandler.infoBucket(OzoneManagerRequestHandler.java:464) ~[ozone-manager-1.3.0-SNAPSHOT.jar:?]
	at org.apache.hadoop.ozone.protocolPB.OzoneManagerRequestHandler.handleReadRequest(OzoneManagerRequestHandler.java:172) ~[ozone-manager-1.3.0-SNAPSHOT.jar:?]
	at org.apache.hadoop.ozone.protocolPB.OzoneManagerProtocolServerSideTranslatorPB.submitRequestDirectlyToOM(OzoneManagerProtocolServerSideTranslatorPB.java:284) ~[ozone-manager-1.3.0-SNAPSHOT.jar:?]
	at org.apache.hadoop.ozone.protocolPB.OzoneManagerProtocolServerSideTranslatorPB.processRequest(OzoneManagerProtocolServerSideTranslatorPB.java:207) ~[ozone-manager-1.3.0-SNAPSHOT.jar:?]
	at org.apache.hadoop.hdds.server.OzoneProtocolMessageDispatcher.processRequest(OzoneProtocolMessageDispatcher.java:87) [hdds-server-framework-1.3.0-SNAPSHOT.jar:?]
	at org.apache.hadoop.ozone.protocolPB.OzoneManagerProtocolServerSideTranslatorPB.submitRequest(OzoneManagerProtocolServerSideTranslatorPB.java:147) [ozone-manager-1.3.0-SNAPSHOT.jar:?]
	at org.apache.hadoop.ozone.protocol.proto.OzoneManagerProtocolProtos$OzoneManagerService$2.callBlockingMethod(OzoneManagerProtocolProtos.java) [ozone-interface-client-1.3.0-SNAPSHOT.jar:?]
	at org.apache.hadoop.ipc.ProtobufRpcEngine$Server.processCall(ProtobufRpcEngine.java:466) [hadoop-common-3.3.1.jar:?]
	at org.apache.hadoop.ipc.ProtobufRpcEngine2$Server$ProtoBufRpcInvoker.call(ProtobufRpcEngine2.java:574) [hadoop-common-3.3.1.jar:?]
	at org.apache.hadoop.ipc.ProtobufRpcEngine2$Server$ProtoBufRpcInvoker.call(ProtobufRpcEngine2.java:552) [hadoop-common-3.3.1.jar:?]
	at org.apache.hadoop.ipc.RPC$Server.call(RPC.java:1093) [hadoop-common-3.3.1.jar:?]
	at org.apache.hadoop.ipc.Server$RpcCall.run(Server.java:1035) [hadoop-common-3.3.1.jar:?]
	at org.apache.hadoop.ipc.Server$RpcCall.run(Server.java:963) [hadoop-common-3.3.1.jar:?]
	at java.security.AccessController.doPrivileged(Native Method) ~[?:1.8.0_332]
	at javax.security.auth.Subject.doAs(Subject.java:422) [?:1.8.0_332]
	at org.apache.hadoop.security.UserGroupInformation.doAs(UserGroupInformation.java:1878) [hadoop-common-3.3.1.jar:?]
	at org.apache.hadoop.ipc.Server$Handler.run(Server.java:2966) [hadoop-common-3.3.1.jar:?]
2022-06-16 16:23:52,185 [Time-limited test] INFO  rpc.RpcClient (RpcClient.java:createVolume(466)) - Creating Volume: volume-45444, with runner as owner and space quota set to -1 bytes, counts quota set to -1
2022-06-16 16:23:52,187 [IPC Server handler 14 on default port 44357] INFO  volume.OMVolumeCreateRequest (OMVolumeCreateRequest.java:validateAndUpdateCache(195)) - created volume:volume-45444 for user:runner
2022-06-16 16:23:52,187 [Time-limited test] INFO  rpc.RpcClient (RpcClient.java:createBucket(666)) - Creating Bucket: volume-45444/bucket-50301, with the Bucket Layout null, runner as owner, Versioning false, Storage Type set to DISK and Encryption set to false 
2022-06-16 16:23:52,188 [IPC Server handler 15 on default port 44357] INFO  bucket.OMBucketCreateRequest (OMBucketCreateRequest.java:validateAndUpdateCache(260)) - created bucket: bucket-50301 of layout LEGACY in volume: volume-45444
16:23:52.450 [IPC Server handler 11 on default port 44357] ERROR OMAudit - user=runner | ip=127.0.0.1 | op=READ_BUCKET {volume=volume-02526, bucket=bucket-35696} | ret=FAILURE
org.apache.hadoop.ozone.om.exceptions.OMException: Volume not found when getting bucket info
	at org.apache.hadoop.ozone.om.BucketManagerImpl.getBucketInfo(BucketManagerImpl.java:127) ~[ozone-manager-1.3.0-SNAPSHOT.jar:?]
	at org.apache.hadoop.ozone.om.OzoneManager.getBucketInfo(OzoneManager.java:2778) ~[ozone-manager-1.3.0-SNAPSHOT.jar:?]
	at org.apache.hadoop.ozone.protocolPB.OzoneManagerRequestHandler.infoBucket(OzoneManagerRequestHandler.java:464) ~[ozone-manager-1.3.0-SNAPSHOT.jar:?]
	at org.apache.hadoop.ozone.protocolPB.OzoneManagerRequestHandler.handleReadRequest(OzoneManagerRequestHandler.java:172) ~[ozone-manager-1.3.0-SNAPSHOT.jar:?]
	at org.apache.hadoop.ozone.protocolPB.OzoneManagerProtocolServerSideTranslatorPB.submitRequestDirectlyToOM(OzoneManagerProtocolServerSideTranslatorPB.java:284) ~[ozone-manager-1.3.0-SNAPSHOT.jar:?]
	at org.apache.hadoop.ozone.protocolPB.OzoneManagerProtocolServerSideTranslatorPB.processRequest(OzoneManagerProtocolServerSideTranslatorPB.java:207) ~[ozone-manager-1.3.0-SNAPSHOT.jar:?]
	at org.apache.hadoop.hdds.server.OzoneProtocolMessageDispatcher.processRequest(OzoneProtocolMessageDispatcher.java:87) [hdds-server-framework-1.3.0-SNAPSHOT.jar:?]
	at org.apache.hadoop.ozone.protocolPB.OzoneManagerProtocolServerSideTranslatorPB.submitRequest(OzoneManagerProtocolServerSideTranslatorPB.java:147) [ozone-manager-1.3.0-SNAPSHOT.jar:?]
	at org.apache.hadoop.ozone.protocol.proto.OzoneManagerProtocolProtos$OzoneManagerService$2.callBlockingMethod(OzoneManagerProtocolProtos.java) [ozone-interface-client-1.3.0-SNAPSHOT.jar:?]
	at org.apache.hadoop.ipc.ProtobufRpcEngine$Server.processCall(ProtobufRpcEngine.java:466) [hadoop-common-3.3.1.jar:?]
	at org.apache.hadoop.ipc.ProtobufRpcEngine2$Server$ProtoBufRpcInvoker.call(ProtobufRpcEngine2.java:574) [hadoop-common-3.3.1.jar:?]
	at org.apache.hadoop.ipc.ProtobufRpcEngine2$Server$ProtoBufRpcInvoker.call(ProtobufRpcEngine2.java:552) [hadoop-common-3.3.1.jar:?]
	at org.apache.hadoop.ipc.RPC$Server.call(RPC.java:1093) [hadoop-common-3.3.1.jar:?]
	at org.apache.hadoop.ipc.Server$RpcCall.run(Server.java:1035) [hadoop-common-3.3.1.jar:?]
	at org.apache.hadoop.ipc.Server$RpcCall.run(Server.java:963) [hadoop-common-3.3.1.jar:?]
	at java.security.AccessController.doPrivileged(Native Method) ~[?:1.8.0_332]
	at javax.security.auth.Subject.doAs(Subject.java:422) [?:1.8.0_332]
	at org.apache.hadoop.security.UserGroupInformation.doAs(UserGroupInformation.java:1878) [hadoop-common-3.3.1.jar:?]
	at org.apache.hadoop.ipc.Server$Handler.run(Server.java:2966) [hadoop-common-3.3.1.jar:?]
2022-06-16 16:23:52,451 [Time-limited test] INFO  rpc.RpcClient (RpcClient.java:createVolume(466)) - Creating Volume: volume-02526, with runner as owner and space quota set to -1 bytes, counts quota set to -1
2022-06-16 16:23:52,454 [IPC Server handler 8 on default port 44357] INFO  volume.OMVolumeCreateRequest (OMVolumeCreateRequest.java:validateAndUpdateCache(195)) - created volume:volume-02526 for user:runner
2022-06-16 16:23:52,455 [Time-limited test] INFO  rpc.RpcClient (RpcClient.java:createBucket(666)) - Creating Bucket: volume-02526/bucket-35696, with the Bucket Layout null, runner as owner, Versioning false, Storage Type set to DISK and Encryption set to false 
2022-06-16 16:23:52,458 [IPC Server handler 4 on default port 44357] INFO  bucket.OMBucketCreateRequest (OMBucketCreateRequest.java:validateAndUpdateCache(260)) - created bucket: bucket-35696 of layout LEGACY in volume: volume-02526
2022-06-16 16:23:52,827 [bd7010b0-d724-4aae-b0ab-320b4ad428f6@group-0983F9970AB4-FollowerState] INFO  impl.FollowerState (FollowerState.java:run(143)) - bd7010b0-d724-4aae-b0ab-320b4ad428f6@group-0983F9970AB4-FollowerState: change to CANDIDATE, lastRpcElapsedTime:5036603442ns, electionTimeout:5007ms
2022-06-16 16:23:52,827 [bd7010b0-d724-4aae-b0ab-320b4ad428f6@group-0983F9970AB4-FollowerState] INFO  impl.RoleInfo (RoleInfo.java:shutdownFollowerState(110)) - bd7010b0-d724-4aae-b0ab-320b4ad428f6: shutdown bd7010b0-d724-4aae-b0ab-320b4ad428f6@group-0983F9970AB4-FollowerState
2022-06-16 16:23:52,827 [bd7010b0-d724-4aae-b0ab-320b4ad428f6@group-0983F9970AB4-FollowerState] INFO  server.RaftServer$Division (RaftServerImpl.java:setRole(299)) - bd7010b0-d724-4aae-b0ab-320b4ad428f6@group-0983F9970AB4: changes role from  FOLLOWER to CANDIDATE at term 1 for changeToCandidate
2022-06-16 16:23:52,827 [bd7010b0-d724-4aae-b0ab-320b4ad428f6@group-0983F9970AB4-FollowerState] INFO  server.RaftServerConfigKeys (ConfUtils.java:logGet(46)) - raft.server.leaderelection.pre-vote = false (custom)
2022-06-16 16:23:52,827 [bd7010b0-d724-4aae-b0ab-320b4ad428f6@group-0983F9970AB4-FollowerState] INFO  impl.RoleInfo (RoleInfo.java:updateAndGet(139)) - bd7010b0-d724-4aae-b0ab-320b4ad428f6: start bd7010b0-d724-4aae-b0ab-320b4ad428f6@group-0983F9970AB4-LeaderElection102
2022-06-16 16:23:52,848 [bd7010b0-d724-4aae-b0ab-320b4ad428f6@group-0983F9970AB4-LeaderElection102] INFO  impl.LeaderElection (LeaderElection.java:askForVotes(310)) - bd7010b0-d724-4aae-b0ab-320b4ad428f6@group-0983F9970AB4-LeaderElection102 ELECTION round 0: submit vote requests at term 2 for -1: [7086d85c-5d6d-4b3d-a268-a825c95e3ca8|rpc:10.1.0.16:45221|dataStream:|priority:0, bbd9c71d-1d51-4586-8dfe-839c345bb7aa|rpc:10.1.0.16:39765|dataStream:|priority:1, bd7010b0-d724-4aae-b0ab-320b4ad428f6|rpc:10.1.0.16:43957|dataStream:|priority:0], old=null
2022-06-16 16:23:52,927 [org.apache.ratis.util.JvmPauseMonitor$$Lambda$611/1702991963@7a5dcd13] WARN  util.JvmPauseMonitor (JvmPauseMonitor.java:detectPause(124)) - JvmPauseMonitor-bbd9c71d-1d51-4586-8dfe-839c345bb7aa: Detected pause in JVM or host machine (eg GC): pause of approximately 104181931ns. No GCs detected.
]]></system-out>
  </testcase>
  <testcase name="testDeleteVolumeAndBucket" classname="TestRootedOzoneFileSystem" time="0.098">
    <system-out><![CDATA[2022-06-16 16:18:26,014 [Time-limited test] INFO  rpc.RpcClient (RpcClient.java:createVolume(466)) - Creating Volume: volume57674, with user97339 as owner and space quota set to -1 bytes, counts quota set to -1
2022-06-16 16:18:26,018 [OM StateMachine ApplyTransaction Thread - 0] INFO  volume.OMVolumeCreateRequest (OMVolumeCreateRequest.java:validateAndUpdateCache(195)) - created volume:volume57674 for user:user97339
2022-06-16 16:18:26,021 [Time-limited test] INFO  rpc.RpcClient (RpcClient.java:createBucket(666)) - Creating Bucket: volume57674/bucket28992, with the Bucket Layout LEGACY, runner as owner, Versioning false, Storage Type set to DISK and Encryption set to false 
2022-06-16 16:18:26,023 [OM StateMachine ApplyTransaction Thread - 0] INFO  bucket.OMBucketCreateRequest (OMBucketCreateRequest.java:validateAndUpdateCache(260)) - created bucket: bucket28992 of layout LEGACY in volume: volume57674
2022-06-16 16:18:26,028 [Time-limited test] INFO  rpc.RpcClient (RpcClient.java:createVolume(466)) - Creating Volume: volume-06055, with runner as owner and space quota set to -1 bytes, counts quota set to -1
2022-06-16 16:18:26,031 [OM StateMachine ApplyTransaction Thread - 0] INFO  volume.OMVolumeCreateRequest (OMVolumeCreateRequest.java:validateAndUpdateCache(195)) - created volume:volume-06055 for user:runner
2022-06-16 16:18:26,033 [Time-limited test] INFO  rpc.RpcClient (RpcClient.java:createBucket(666)) - Creating Bucket: volume-06055/bucket2, with the Bucket Layout null, runner as owner, Versioning false, Storage Type set to DISK and Encryption set to false 
2022-06-16 16:18:26,036 [OM StateMachine ApplyTransaction Thread - 0] INFO  bucket.OMBucketCreateRequest (OMBucketCreateRequest.java:validateAndUpdateCache(260)) - created bucket: bucket2 of layout LEGACY in volume: volume-06055
16:18:26.046 [OM StateMachine ApplyTransaction Thread - 0] ERROR OMAudit - user=runner | ip=127.0.0.1 | op=DELETE_VOLUME {volume=volume-06055} | ret=FAILURE
org.apache.hadoop.ozone.om.exceptions.OMException: null
	at org.apache.hadoop.ozone.om.request.volume.OMVolumeDeleteRequest.validateAndUpdateCache(OMVolumeDeleteRequest.java:122) ~[ozone-manager-1.3.0-SNAPSHOT.jar:?]
	at org.apache.hadoop.ozone.protocolPB.OzoneManagerRequestHandler.handleWriteRequest(OzoneManagerRequestHandler.java:293) ~[ozone-manager-1.3.0-SNAPSHOT.jar:?]
	at org.apache.hadoop.ozone.om.ratis.OzoneManagerStateMachine.runCommand(OzoneManagerStateMachine.java:529) ~[ozone-manager-1.3.0-SNAPSHOT.jar:?]
	at org.apache.hadoop.ozone.om.ratis.OzoneManagerStateMachine.lambda$1(OzoneManagerStateMachine.java:324) ~[ozone-manager-1.3.0-SNAPSHOT.jar:?]
	at java.util.concurrent.CompletableFuture$AsyncSupply.run(CompletableFuture.java:1604) [?:1.8.0_332]
	at java.util.concurrent.ThreadPoolExecutor.runWorker(ThreadPoolExecutor.java:1149) [?:1.8.0_332]
	at java.util.concurrent.ThreadPoolExecutor$Worker.run(ThreadPoolExecutor.java:624) [?:1.8.0_332]
	at java.lang.Thread.run(Thread.java:750) [?:1.8.0_332]
2022-06-16 16:18:26,047 [OM StateMachine ApplyTransaction Thread - 0] ERROR volume.OMVolumeDeleteRequest (OMVolumeDeleteRequest.java:validateAndUpdateCache(170)) - Volume deletion failed for user:runner volume:volume-06055
VOLUME_NOT_EMPTY org.apache.hadoop.ozone.om.exceptions.OMException
	at org.apache.hadoop.ozone.om.request.volume.OMVolumeDeleteRequest.validateAndUpdateCache(OMVolumeDeleteRequest.java:122)
	at org.apache.hadoop.ozone.protocolPB.OzoneManagerRequestHandler.handleWriteRequest(OzoneManagerRequestHandler.java:293)
	at org.apache.hadoop.ozone.om.ratis.OzoneManagerStateMachine.runCommand(OzoneManagerStateMachine.java:529)
	at org.apache.hadoop.ozone.om.ratis.OzoneManagerStateMachine.lambda$1(OzoneManagerStateMachine.java:324)
	at java.util.concurrent.CompletableFuture$AsyncSupply.run(CompletableFuture.java:1604)
	at java.util.concurrent.ThreadPoolExecutor.runWorker(ThreadPoolExecutor.java:1149)
	at java.util.concurrent.ThreadPoolExecutor$Worker.run(ThreadPoolExecutor.java:624)
	at java.lang.Thread.run(Thread.java:750)
]]></system-out>
  </testcase>
  <testcase name="testDeleteVolumeAndBucket" classname="TestRootedOzoneFileSystem" time="0.125">
    <system-out><![CDATA[2022-06-16 16:19:29,472 [Time-limited test] INFO  rpc.RpcClient (RpcClient.java:createVolume(466)) - Creating Volume: volume55314, with user21040 as owner and space quota set to -1 bytes, counts quota set to -1
2022-06-16 16:19:29,488 [OM StateMachine ApplyTransaction Thread - 0] INFO  volume.OMVolumeCreateRequest (OMVolumeCreateRequest.java:validateAndUpdateCache(195)) - created volume:volume55314 for user:user21040
2022-06-16 16:19:29,489 [Time-limited test] INFO  rpc.RpcClient (RpcClient.java:createBucket(666)) - Creating Bucket: volume55314/bucket01044, with the Bucket Layout LEGACY, runner as owner, Versioning false, Storage Type set to DISK and Encryption set to false 
2022-06-16 16:19:29,491 [OM StateMachine ApplyTransaction Thread - 0] INFO  bucket.OMBucketCreateRequest (OMBucketCreateRequest.java:validateAndUpdateCache(260)) - created bucket: bucket01044 of layout LEGACY in volume: volume55314
16:19:29.492 [IPC Server handler 7 on default port 34065] ERROR OMAudit - user=runner | ip=127.0.0.1 | op=READ_BUCKET {volume=volume-21594, bucket=bucket2} | ret=FAILURE
org.apache.hadoop.ozone.om.exceptions.OMException: Volume not found when getting bucket info
	at org.apache.hadoop.ozone.om.BucketManagerImpl.getBucketInfo(BucketManagerImpl.java:127) ~[ozone-manager-1.3.0-SNAPSHOT.jar:?]
	at org.apache.hadoop.ozone.om.OzoneManager.getBucketInfo(OzoneManager.java:2778) ~[ozone-manager-1.3.0-SNAPSHOT.jar:?]
	at org.apache.hadoop.ozone.protocolPB.OzoneManagerRequestHandler.infoBucket(OzoneManagerRequestHandler.java:464) ~[ozone-manager-1.3.0-SNAPSHOT.jar:?]
	at org.apache.hadoop.ozone.protocolPB.OzoneManagerRequestHandler.handleReadRequest(OzoneManagerRequestHandler.java:172) ~[ozone-manager-1.3.0-SNAPSHOT.jar:?]
	at org.apache.hadoop.ozone.protocolPB.OzoneManagerProtocolServerSideTranslatorPB.submitReadRequestToOM(OzoneManagerProtocolServerSideTranslatorPB.java:225) ~[ozone-manager-1.3.0-SNAPSHOT.jar:?]
	at org.apache.hadoop.ozone.protocolPB.OzoneManagerProtocolServerSideTranslatorPB.processRequest(OzoneManagerProtocolServerSideTranslatorPB.java:175) ~[ozone-manager-1.3.0-SNAPSHOT.jar:?]
	at org.apache.hadoop.hdds.server.OzoneProtocolMessageDispatcher.processRequest(OzoneProtocolMessageDispatcher.java:87) [hdds-server-framework-1.3.0-SNAPSHOT.jar:?]
	at org.apache.hadoop.ozone.protocolPB.OzoneManagerProtocolServerSideTranslatorPB.submitRequest(OzoneManagerProtocolServerSideTranslatorPB.java:147) [ozone-manager-1.3.0-SNAPSHOT.jar:?]
	at org.apache.hadoop.ozone.protocol.proto.OzoneManagerProtocolProtos$OzoneManagerService$2.callBlockingMethod(OzoneManagerProtocolProtos.java) [ozone-interface-client-1.3.0-SNAPSHOT.jar:?]
	at org.apache.hadoop.ipc.ProtobufRpcEngine$Server.processCall(ProtobufRpcEngine.java:466) [hadoop-common-3.3.1.jar:?]
	at org.apache.hadoop.ipc.ProtobufRpcEngine2$Server$ProtoBufRpcInvoker.call(ProtobufRpcEngine2.java:574) [hadoop-common-3.3.1.jar:?]
	at org.apache.hadoop.ipc.ProtobufRpcEngine2$Server$ProtoBufRpcInvoker.call(ProtobufRpcEngine2.java:552) [hadoop-common-3.3.1.jar:?]
	at org.apache.hadoop.ipc.RPC$Server.call(RPC.java:1093) [hadoop-common-3.3.1.jar:?]
	at org.apache.hadoop.ipc.Server$RpcCall.run(Server.java:1035) [hadoop-common-3.3.1.jar:?]
	at org.apache.hadoop.ipc.Server$RpcCall.run(Server.java:963) [hadoop-common-3.3.1.jar:?]
	at java.security.AccessController.doPrivileged(Native Method) ~[?:1.8.0_332]
	at javax.security.auth.Subject.doAs(Subject.java:422) [?:1.8.0_332]
	at org.apache.hadoop.security.UserGroupInformation.doAs(UserGroupInformation.java:1878) [hadoop-common-3.3.1.jar:?]
	at org.apache.hadoop.ipc.Server$Handler.run(Server.java:2966) [hadoop-common-3.3.1.jar:?]
2022-06-16 16:19:29,493 [Time-limited test] INFO  rpc.RpcClient (RpcClient.java:createVolume(466)) - Creating Volume: volume-21594, with runner as owner and space quota set to -1 bytes, counts quota set to -1
2022-06-16 16:19:29,494 [OM StateMachine ApplyTransaction Thread - 0] INFO  volume.OMVolumeCreateRequest (OMVolumeCreateRequest.java:validateAndUpdateCache(195)) - created volume:volume-21594 for user:runner
2022-06-16 16:19:29,498 [Time-limited test] INFO  rpc.RpcClient (RpcClient.java:createBucket(666)) - Creating Bucket: volume-21594/bucket2, with the Bucket Layout null, runner as owner, Versioning false, Storage Type set to DISK and Encryption set to false 
2022-06-16 16:19:29,499 [OM StateMachine ApplyTransaction Thread - 0] INFO  bucket.OMBucketCreateRequest (OMBucketCreateRequest.java:validateAndUpdateCache(260)) - created bucket: bucket2 of layout LEGACY in volume: volume-21594
16:19:29.501 [OM StateMachine ApplyTransaction Thread - 0] ERROR OMAudit - user=runner | ip=127.0.0.1 | op=DELETE_VOLUME {volume=volume-21594} | ret=FAILURE
org.apache.hadoop.ozone.om.exceptions.OMException: null
	at org.apache.hadoop.ozone.om.request.volume.OMVolumeDeleteRequest.validateAndUpdateCache(OMVolumeDeleteRequest.java:122) ~[ozone-manager-1.3.0-SNAPSHOT.jar:?]
	at org.apache.hadoop.ozone.protocolPB.OzoneManagerRequestHandler.handleWriteRequest(OzoneManagerRequestHandler.java:293) ~[ozone-manager-1.3.0-SNAPSHOT.jar:?]
	at org.apache.hadoop.ozone.om.ratis.OzoneManagerStateMachine.runCommand(OzoneManagerStateMachine.java:529) ~[ozone-manager-1.3.0-SNAPSHOT.jar:?]
	at org.apache.hadoop.ozone.om.ratis.OzoneManagerStateMachine.lambda$1(OzoneManagerStateMachine.java:324) ~[ozone-manager-1.3.0-SNAPSHOT.jar:?]
	at java.util.concurrent.CompletableFuture$AsyncSupply.run(CompletableFuture.java:1604) [?:1.8.0_332]
	at java.util.concurrent.ThreadPoolExecutor.runWorker(ThreadPoolExecutor.java:1149) [?:1.8.0_332]
	at java.util.concurrent.ThreadPoolExecutor$Worker.run(ThreadPoolExecutor.java:624) [?:1.8.0_332]
	at java.lang.Thread.run(Thread.java:750) [?:1.8.0_332]
2022-06-16 16:19:29,502 [OM StateMachine ApplyTransaction Thread - 0] ERROR volume.OMVolumeDeleteRequest (OMVolumeDeleteRequest.java:validateAndUpdateCache(170)) - Volume deletion failed for user:runner volume:volume-21594
VOLUME_NOT_EMPTY org.apache.hadoop.ozone.om.exceptions.OMException
	at org.apache.hadoop.ozone.om.request.volume.OMVolumeDeleteRequest.validateAndUpdateCache(OMVolumeDeleteRequest.java:122)
	at org.apache.hadoop.ozone.protocolPB.OzoneManagerRequestHandler.handleWriteRequest(OzoneManagerRequestHandler.java:293)
	at org.apache.hadoop.ozone.om.ratis.OzoneManagerStateMachine.runCommand(OzoneManagerStateMachine.java:529)
	at org.apache.hadoop.ozone.om.ratis.OzoneManagerStateMachine.lambda$1(OzoneManagerStateMachine.java:324)
	at java.util.concurrent.CompletableFuture$AsyncSupply.run(CompletableFuture.java:1604)
	at java.util.concurrent.ThreadPoolExecutor.runWorker(ThreadPoolExecutor.java:1149)
	at java.util.concurrent.ThreadPoolExecutor$Worker.run(ThreadPoolExecutor.java:624)
	at java.lang.Thread.run(Thread.java:750)
16:19:29.512 [IPC Server handler 11 on default port 34065] ERROR OMAudit - user=runner | ip=127.0.0.1 | op=READ_VOLUME {volume=volume-21594} | ret=FAILURE
org.apache.hadoop.ozone.om.exceptions.OMException: Volume volume-21594 is not found
	at org.apache.hadoop.ozone.om.VolumeManagerImpl.getVolumeInfo(VolumeManagerImpl.java:74) ~[ozone-manager-1.3.0-SNAPSHOT.jar:?]
	at org.apache.hadoop.ozone.om.OzoneManager.getVolumeInfo(OzoneManager.java:2602) ~[ozone-manager-1.3.0-SNAPSHOT.jar:?]
	at org.apache.hadoop.ozone.protocolPB.OzoneManagerRequestHandler.infoVolume(OzoneManagerRequestHandler.java:390) ~[ozone-manager-1.3.0-SNAPSHOT.jar:?]
	at org.apache.hadoop.ozone.protocolPB.OzoneManagerRequestHandler.handleReadRequest(OzoneManagerRequestHandler.java:162) ~[ozone-manager-1.3.0-SNAPSHOT.jar:?]
	at org.apache.hadoop.ozone.protocolPB.OzoneManagerProtocolServerSideTranslatorPB.submitReadRequestToOM(OzoneManagerProtocolServerSideTranslatorPB.java:225) ~[ozone-manager-1.3.0-SNAPSHOT.jar:?]
	at org.apache.hadoop.ozone.protocolPB.OzoneManagerProtocolServerSideTranslatorPB.processRequest(OzoneManagerProtocolServerSideTranslatorPB.java:175) ~[ozone-manager-1.3.0-SNAPSHOT.jar:?]
	at org.apache.hadoop.hdds.server.OzoneProtocolMessageDispatcher.processRequest(OzoneProtocolMessageDispatcher.java:87) [hdds-server-framework-1.3.0-SNAPSHOT.jar:?]
	at org.apache.hadoop.ozone.protocolPB.OzoneManagerProtocolServerSideTranslatorPB.submitRequest(OzoneManagerProtocolServerSideTranslatorPB.java:147) [ozone-manager-1.3.0-SNAPSHOT.jar:?]
	at org.apache.hadoop.ozone.protocol.proto.OzoneManagerProtocolProtos$OzoneManagerService$2.callBlockingMethod(OzoneManagerProtocolProtos.java) [ozone-interface-client-1.3.0-SNAPSHOT.jar:?]
	at org.apache.hadoop.ipc.ProtobufRpcEngine$Server.processCall(ProtobufRpcEngine.java:466) [hadoop-common-3.3.1.jar:?]
	at org.apache.hadoop.ipc.ProtobufRpcEngine2$Server$ProtoBufRpcInvoker.call(ProtobufRpcEngine2.java:574) [hadoop-common-3.3.1.jar:?]
	at org.apache.hadoop.ipc.ProtobufRpcEngine2$Server$ProtoBufRpcInvoker.call(ProtobufRpcEngine2.java:552) [hadoop-common-3.3.1.jar:?]
	at org.apache.hadoop.ipc.RPC$Server.call(RPC.java:1093) [hadoop-common-3.3.1.jar:?]
	at org.apache.hadoop.ipc.Server$RpcCall.run(Server.java:1035) [hadoop-common-3.3.1.jar:?]
	at org.apache.hadoop.ipc.Server$RpcCall.run(Server.java:963) [hadoop-common-3.3.1.jar:?]
	at java.security.AccessController.doPrivileged(Native Method) ~[?:1.8.0_332]
	at javax.security.auth.Subject.doAs(Subject.java:422) [?:1.8.0_332]
	at org.apache.hadoop.security.UserGroupInformation.doAs(UserGroupInformation.java:1878) [hadoop-common-3.3.1.jar:?]
	at org.apache.hadoop.ipc.Server$Handler.run(Server.java:2966) [hadoop-common-3.3.1.jar:?]
]]></system-out>
  </testcase>
  <testcase name="testDeleteVolumeAndBucket" classname="TestRootedOzoneFileSystem" time="0.097">
    <system-out><![CDATA[2022-06-16 16:20:41,137 [Time-limited test] INFO  rpc.RpcClient (RpcClient.java:createVolume(466)) - Creating Volume: volume50665, with user33824 as owner and space quota set to -1 bytes, counts quota set to -1
2022-06-16 16:20:41,138 [IPC Server handler 12 on default port 42069] INFO  volume.OMVolumeCreateRequest (OMVolumeCreateRequest.java:validateAndUpdateCache(195)) - created volume:volume50665 for user:user33824
2022-06-16 16:20:41,140 [Time-limited test] INFO  rpc.RpcClient (RpcClient.java:createBucket(666)) - Creating Bucket: volume50665/bucket50942, with the Bucket Layout LEGACY, runner as owner, Versioning false, Storage Type set to DISK and Encryption set to false 
2022-06-16 16:20:41,140 [IPC Server handler 13 on default port 42069] INFO  bucket.OMBucketCreateRequest (OMBucketCreateRequest.java:validateAndUpdateCache(260)) - created bucket: bucket50942 of layout LEGACY in volume: volume50665
16:20:41.141 [IPC Server handler 16 on default port 42069] ERROR OMAudit - user=runner | ip=127.0.0.1 | op=READ_BUCKET {volume=volume-76487, bucket=bucket2} | ret=FAILURE
org.apache.hadoop.ozone.om.exceptions.OMException: Volume not found when getting bucket info
	at org.apache.hadoop.ozone.om.BucketManagerImpl.getBucketInfo(BucketManagerImpl.java:127) ~[ozone-manager-1.3.0-SNAPSHOT.jar:?]
	at org.apache.hadoop.ozone.om.OzoneManager.getBucketInfo(OzoneManager.java:2778) ~[ozone-manager-1.3.0-SNAPSHOT.jar:?]
	at org.apache.hadoop.ozone.protocolPB.OzoneManagerRequestHandler.infoBucket(OzoneManagerRequestHandler.java:464) ~[ozone-manager-1.3.0-SNAPSHOT.jar:?]
	at org.apache.hadoop.ozone.protocolPB.OzoneManagerRequestHandler.handleReadRequest(OzoneManagerRequestHandler.java:172) ~[ozone-manager-1.3.0-SNAPSHOT.jar:?]
	at org.apache.hadoop.ozone.protocolPB.OzoneManagerProtocolServerSideTranslatorPB.submitRequestDirectlyToOM(OzoneManagerProtocolServerSideTranslatorPB.java:284) ~[ozone-manager-1.3.0-SNAPSHOT.jar:?]
	at org.apache.hadoop.ozone.protocolPB.OzoneManagerProtocolServerSideTranslatorPB.processRequest(OzoneManagerProtocolServerSideTranslatorPB.java:207) ~[ozone-manager-1.3.0-SNAPSHOT.jar:?]
	at org.apache.hadoop.hdds.server.OzoneProtocolMessageDispatcher.processRequest(OzoneProtocolMessageDispatcher.java:87) [hdds-server-framework-1.3.0-SNAPSHOT.jar:?]
	at org.apache.hadoop.ozone.protocolPB.OzoneManagerProtocolServerSideTranslatorPB.submitRequest(OzoneManagerProtocolServerSideTranslatorPB.java:147) [ozone-manager-1.3.0-SNAPSHOT.jar:?]
	at org.apache.hadoop.ozone.protocol.proto.OzoneManagerProtocolProtos$OzoneManagerService$2.callBlockingMethod(OzoneManagerProtocolProtos.java) [ozone-interface-client-1.3.0-SNAPSHOT.jar:?]
	at org.apache.hadoop.ipc.ProtobufRpcEngine$Server.processCall(ProtobufRpcEngine.java:466) [hadoop-common-3.3.1.jar:?]
	at org.apache.hadoop.ipc.ProtobufRpcEngine2$Server$ProtoBufRpcInvoker.call(ProtobufRpcEngine2.java:574) [hadoop-common-3.3.1.jar:?]
	at org.apache.hadoop.ipc.ProtobufRpcEngine2$Server$ProtoBufRpcInvoker.call(ProtobufRpcEngine2.java:552) [hadoop-common-3.3.1.jar:?]
	at org.apache.hadoop.ipc.RPC$Server.call(RPC.java:1093) [hadoop-common-3.3.1.jar:?]
	at org.apache.hadoop.ipc.Server$RpcCall.run(Server.java:1035) [hadoop-common-3.3.1.jar:?]
	at org.apache.hadoop.ipc.Server$RpcCall.run(Server.java:963) [hadoop-common-3.3.1.jar:?]
	at java.security.AccessController.doPrivileged(Native Method) ~[?:1.8.0_332]
	at javax.security.auth.Subject.doAs(Subject.java:422) [?:1.8.0_332]
	at org.apache.hadoop.security.UserGroupInformation.doAs(UserGroupInformation.java:1878) [hadoop-common-3.3.1.jar:?]
	at org.apache.hadoop.ipc.Server$Handler.run(Server.java:2966) [hadoop-common-3.3.1.jar:?]
2022-06-16 16:20:41,142 [Time-limited test] INFO  rpc.RpcClient (RpcClient.java:createVolume(466)) - Creating Volume: volume-76487, with runner as owner and space quota set to -1 bytes, counts quota set to -1
2022-06-16 16:20:41,142 [IPC Server handler 14 on default port 42069] INFO  volume.OMVolumeCreateRequest (OMVolumeCreateRequest.java:validateAndUpdateCache(195)) - created volume:volume-76487 for user:runner
2022-06-16 16:20:41,143 [Time-limited test] INFO  rpc.RpcClient (RpcClient.java:createBucket(666)) - Creating Bucket: volume-76487/bucket2, with the Bucket Layout null, runner as owner, Versioning false, Storage Type set to DISK and Encryption set to false 
2022-06-16 16:20:41,143 [IPC Server handler 19 on default port 42069] INFO  bucket.OMBucketCreateRequest (OMBucketCreateRequest.java:validateAndUpdateCache(260)) - created bucket: bucket2 of layout LEGACY in volume: volume-76487
16:20:41.145 [IPC Server handler 4 on default port 42069] ERROR OMAudit - user=runner | ip=127.0.0.1 | op=DELETE_VOLUME {volume=volume-76487} | ret=FAILURE
org.apache.hadoop.ozone.om.exceptions.OMException: null
	at org.apache.hadoop.ozone.om.request.volume.OMVolumeDeleteRequest.validateAndUpdateCache(OMVolumeDeleteRequest.java:122) ~[ozone-manager-1.3.0-SNAPSHOT.jar:?]
	at org.apache.hadoop.ozone.protocolPB.OzoneManagerRequestHandler.handleWriteRequest(OzoneManagerRequestHandler.java:293) ~[ozone-manager-1.3.0-SNAPSHOT.jar:?]
	at org.apache.hadoop.ozone.protocolPB.OzoneManagerProtocolServerSideTranslatorPB.submitRequestDirectlyToOM(OzoneManagerProtocolServerSideTranslatorPB.java:293) ~[ozone-manager-1.3.0-SNAPSHOT.jar:?]
	at org.apache.hadoop.ozone.protocolPB.OzoneManagerProtocolServerSideTranslatorPB.processRequest(OzoneManagerProtocolServerSideTranslatorPB.java:207) ~[ozone-manager-1.3.0-SNAPSHOT.jar:?]
	at org.apache.hadoop.hdds.server.OzoneProtocolMessageDispatcher.processRequest(OzoneProtocolMessageDispatcher.java:87) [hdds-server-framework-1.3.0-SNAPSHOT.jar:?]
	at org.apache.hadoop.ozone.protocolPB.OzoneManagerProtocolServerSideTranslatorPB.submitRequest(OzoneManagerProtocolServerSideTranslatorPB.java:147) [ozone-manager-1.3.0-SNAPSHOT.jar:?]
	at org.apache.hadoop.ozone.protocol.proto.OzoneManagerProtocolProtos$OzoneManagerService$2.callBlockingMethod(OzoneManagerProtocolProtos.java) [ozone-interface-client-1.3.0-SNAPSHOT.jar:?]
	at org.apache.hadoop.ipc.ProtobufRpcEngine$Server.processCall(ProtobufRpcEngine.java:466) [hadoop-common-3.3.1.jar:?]
	at org.apache.hadoop.ipc.ProtobufRpcEngine2$Server$ProtoBufRpcInvoker.call(ProtobufRpcEngine2.java:574) [hadoop-common-3.3.1.jar:?]
	at org.apache.hadoop.ipc.ProtobufRpcEngine2$Server$ProtoBufRpcInvoker.call(ProtobufRpcEngine2.java:552) [hadoop-common-3.3.1.jar:?]
	at org.apache.hadoop.ipc.RPC$Server.call(RPC.java:1093) [hadoop-common-3.3.1.jar:?]
	at org.apache.hadoop.ipc.Server$RpcCall.run(Server.java:1035) [hadoop-common-3.3.1.jar:?]
	at org.apache.hadoop.ipc.Server$RpcCall.run(Server.java:963) [hadoop-common-3.3.1.jar:?]
	at java.security.AccessController.doPrivileged(Native Method) ~[?:1.8.0_332]
	at javax.security.auth.Subject.doAs(Subject.java:422) [?:1.8.0_332]
	at org.apache.hadoop.security.UserGroupInformation.doAs(UserGroupInformation.java:1878) [hadoop-common-3.3.1.jar:?]
	at org.apache.hadoop.ipc.Server$Handler.run(Server.java:2966) [hadoop-common-3.3.1.jar:?]
2022-06-16 16:20:41,145 [IPC Server handler 4 on default port 42069] ERROR volume.OMVolumeDeleteRequest (OMVolumeDeleteRequest.java:validateAndUpdateCache(170)) - Volume deletion failed for user:runner volume:volume-76487
VOLUME_NOT_EMPTY org.apache.hadoop.ozone.om.exceptions.OMException
	at org.apache.hadoop.ozone.om.request.volume.OMVolumeDeleteRequest.validateAndUpdateCache(OMVolumeDeleteRequest.java:122)
	at org.apache.hadoop.ozone.protocolPB.OzoneManagerRequestHandler.handleWriteRequest(OzoneManagerRequestHandler.java:293)
	at org.apache.hadoop.ozone.protocolPB.OzoneManagerProtocolServerSideTranslatorPB.submitRequestDirectlyToOM(OzoneManagerProtocolServerSideTranslatorPB.java:293)
	at org.apache.hadoop.ozone.protocolPB.OzoneManagerProtocolServerSideTranslatorPB.processRequest(OzoneManagerProtocolServerSideTranslatorPB.java:207)
	at org.apache.hadoop.hdds.server.OzoneProtocolMessageDispatcher.processRequest(OzoneProtocolMessageDispatcher.java:87)
	at org.apache.hadoop.ozone.protocolPB.OzoneManagerProtocolServerSideTranslatorPB.submitRequest(OzoneManagerProtocolServerSideTranslatorPB.java:147)
	at org.apache.hadoop.ozone.protocol.proto.OzoneManagerProtocolProtos$OzoneManagerService$2.callBlockingMethod(OzoneManagerProtocolProtos.java)
	at org.apache.hadoop.ipc.ProtobufRpcEngine$Server.processCall(ProtobufRpcEngine.java:466)
	at org.apache.hadoop.ipc.ProtobufRpcEngine2$Server$ProtoBufRpcInvoker.call(ProtobufRpcEngine2.java:574)
	at org.apache.hadoop.ipc.ProtobufRpcEngine2$Server$ProtoBufRpcInvoker.call(ProtobufRpcEngine2.java:552)
	at org.apache.hadoop.ipc.RPC$Server.call(RPC.java:1093)
	at org.apache.hadoop.ipc.Server$RpcCall.run(Server.java:1035)
	at org.apache.hadoop.ipc.Server$RpcCall.run(Server.java:963)
	at java.security.AccessController.doPrivileged(Native Method)
	at javax.security.auth.Subject.doAs(Subject.java:422)
	at org.apache.hadoop.security.UserGroupInformation.doAs(UserGroupInformation.java:1878)
	at org.apache.hadoop.ipc.Server$Handler.run(Server.java:2966)
16:20:41.150 [IPC Server handler 0 on default port 42069] ERROR OMAudit - user=runner | ip=127.0.0.1 | op=READ_VOLUME {volume=volume-76487} | ret=FAILURE
org.apache.hadoop.ozone.om.exceptions.OMException: Volume volume-76487 is not found
	at org.apache.hadoop.ozone.om.VolumeManagerImpl.getVolumeInfo(VolumeManagerImpl.java:74) ~[ozone-manager-1.3.0-SNAPSHOT.jar:?]
	at org.apache.hadoop.ozone.om.OzoneManager.getVolumeInfo(OzoneManager.java:2602) ~[ozone-manager-1.3.0-SNAPSHOT.jar:?]
	at org.apache.hadoop.ozone.protocolPB.OzoneManagerRequestHandler.infoVolume(OzoneManagerRequestHandler.java:390) ~[ozone-manager-1.3.0-SNAPSHOT.jar:?]
	at org.apache.hadoop.ozone.protocolPB.OzoneManagerRequestHandler.handleReadRequest(OzoneManagerRequestHandler.java:162) ~[ozone-manager-1.3.0-SNAPSHOT.jar:?]
	at org.apache.hadoop.ozone.protocolPB.OzoneManagerProtocolServerSideTranslatorPB.submitRequestDirectlyToOM(OzoneManagerProtocolServerSideTranslatorPB.java:284) ~[ozone-manager-1.3.0-SNAPSHOT.jar:?]
	at org.apache.hadoop.ozone.protocolPB.OzoneManagerProtocolServerSideTranslatorPB.processRequest(OzoneManagerProtocolServerSideTranslatorPB.java:207) ~[ozone-manager-1.3.0-SNAPSHOT.jar:?]
	at org.apache.hadoop.hdds.server.OzoneProtocolMessageDispatcher.processRequest(OzoneProtocolMessageDispatcher.java:87) [hdds-server-framework-1.3.0-SNAPSHOT.jar:?]
	at org.apache.hadoop.ozone.protocolPB.OzoneManagerProtocolServerSideTranslatorPB.submitRequest(OzoneManagerProtocolServerSideTranslatorPB.java:147) [ozone-manager-1.3.0-SNAPSHOT.jar:?]
	at org.apache.hadoop.ozone.protocol.proto.OzoneManagerProtocolProtos$OzoneManagerService$2.callBlockingMethod(OzoneManagerProtocolProtos.java) [ozone-interface-client-1.3.0-SNAPSHOT.jar:?]
	at org.apache.hadoop.ipc.ProtobufRpcEngine$Server.processCall(ProtobufRpcEngine.java:466) [hadoop-common-3.3.1.jar:?]
	at org.apache.hadoop.ipc.ProtobufRpcEngine2$Server$ProtoBufRpcInvoker.call(ProtobufRpcEngine2.java:574) [hadoop-common-3.3.1.jar:?]
	at org.apache.hadoop.ipc.ProtobufRpcEngine2$Server$ProtoBufRpcInvoker.call(ProtobufRpcEngine2.java:552) [hadoop-common-3.3.1.jar:?]
	at org.apache.hadoop.ipc.RPC$Server.call(RPC.java:1093) [hadoop-common-3.3.1.jar:?]
	at org.apache.hadoop.ipc.Server$RpcCall.run(Server.java:1035) [hadoop-common-3.3.1.jar:?]
	at org.apache.hadoop.ipc.Server$RpcCall.run(Server.java:963) [hadoop-common-3.3.1.jar:?]
	at java.security.AccessController.doPrivileged(Native Method) ~[?:1.8.0_332]
	at javax.security.auth.Subject.doAs(Subject.java:422) [?:1.8.0_332]
	at org.apache.hadoop.security.UserGroupInformation.doAs(UserGroupInformation.java:1878) [hadoop-common-3.3.1.jar:?]
	at org.apache.hadoop.ipc.Server$Handler.run(Server.java:2966) [hadoop-common-3.3.1.jar:?]
]]></system-out>
  </testcase>
  <testcase name="testDeleteVolumeAndBucket" classname="TestRootedOzoneFileSystem" time="0.281">
    <system-out><![CDATA[2022-06-16 16:22:25,761 [Time-limited test] INFO  rpc.RpcClient (RpcClient.java:createVolume(466)) - Creating Volume: volume25294, with user06945 as owner and space quota set to -1 bytes, counts quota set to -1
2022-06-16 16:22:25,774 [OM StateMachine ApplyTransaction Thread - 0] INFO  volume.OMVolumeCreateRequest (OMVolumeCreateRequest.java:validateAndUpdateCache(195)) - created volume:volume25294 for user:user06945
2022-06-16 16:22:25,814 [Time-limited test] INFO  rpc.RpcClient (RpcClient.java:createBucket(666)) - Creating Bucket: volume25294/bucket05179, with the Bucket Layout LEGACY, runner as owner, Versioning false, Storage Type set to DISK and Encryption set to false 
2022-06-16 16:22:25,823 [OM StateMachine ApplyTransaction Thread - 0] INFO  bucket.OMBucketCreateRequest (OMBucketCreateRequest.java:validateAndUpdateCache(260)) - created bucket: bucket05179 of layout LEGACY in volume: volume25294
16:22:25.825 [IPC Server handler 13 on default port 33505] ERROR OMAudit - user=runner | ip=127.0.0.1 | op=READ_BUCKET {volume=volume-42354, bucket=bucket2} | ret=FAILURE
org.apache.hadoop.ozone.om.exceptions.OMException: Volume not found when getting bucket info
	at org.apache.hadoop.ozone.om.BucketManagerImpl.getBucketInfo(BucketManagerImpl.java:127) ~[ozone-manager-1.3.0-SNAPSHOT.jar:?]
	at org.apache.hadoop.ozone.om.OzoneManager.getBucketInfo(OzoneManager.java:2778) ~[ozone-manager-1.3.0-SNAPSHOT.jar:?]
	at org.apache.hadoop.ozone.protocolPB.OzoneManagerRequestHandler.infoBucket(OzoneManagerRequestHandler.java:464) ~[ozone-manager-1.3.0-SNAPSHOT.jar:?]
	at org.apache.hadoop.ozone.protocolPB.OzoneManagerRequestHandler.handleReadRequest(OzoneManagerRequestHandler.java:172) ~[ozone-manager-1.3.0-SNAPSHOT.jar:?]
	at org.apache.hadoop.ozone.protocolPB.OzoneManagerProtocolServerSideTranslatorPB.submitReadRequestToOM(OzoneManagerProtocolServerSideTranslatorPB.java:225) ~[ozone-manager-1.3.0-SNAPSHOT.jar:?]
	at org.apache.hadoop.ozone.protocolPB.OzoneManagerProtocolServerSideTranslatorPB.processRequest(OzoneManagerProtocolServerSideTranslatorPB.java:175) ~[ozone-manager-1.3.0-SNAPSHOT.jar:?]
	at org.apache.hadoop.hdds.server.OzoneProtocolMessageDispatcher.processRequest(OzoneProtocolMessageDispatcher.java:87) [hdds-server-framework-1.3.0-SNAPSHOT.jar:?]
	at org.apache.hadoop.ozone.protocolPB.OzoneManagerProtocolServerSideTranslatorPB.submitRequest(OzoneManagerProtocolServerSideTranslatorPB.java:147) [ozone-manager-1.3.0-SNAPSHOT.jar:?]
	at org.apache.hadoop.ozone.protocol.proto.OzoneManagerProtocolProtos$OzoneManagerService$2.callBlockingMethod(OzoneManagerProtocolProtos.java) [ozone-interface-client-1.3.0-SNAPSHOT.jar:?]
	at org.apache.hadoop.ipc.ProtobufRpcEngine$Server.processCall(ProtobufRpcEngine.java:466) [hadoop-common-3.3.1.jar:?]
	at org.apache.hadoop.ipc.ProtobufRpcEngine2$Server$ProtoBufRpcInvoker.call(ProtobufRpcEngine2.java:574) [hadoop-common-3.3.1.jar:?]
	at org.apache.hadoop.ipc.ProtobufRpcEngine2$Server$ProtoBufRpcInvoker.call(ProtobufRpcEngine2.java:552) [hadoop-common-3.3.1.jar:?]
	at org.apache.hadoop.ipc.RPC$Server.call(RPC.java:1093) [hadoop-common-3.3.1.jar:?]
	at org.apache.hadoop.ipc.Server$RpcCall.run(Server.java:1035) [hadoop-common-3.3.1.jar:?]
	at org.apache.hadoop.ipc.Server$RpcCall.run(Server.java:963) [hadoop-common-3.3.1.jar:?]
	at java.security.AccessController.doPrivileged(Native Method) ~[?:1.8.0_332]
	at javax.security.auth.Subject.doAs(Subject.java:422) [?:1.8.0_332]
	at org.apache.hadoop.security.UserGroupInformation.doAs(UserGroupInformation.java:1878) [hadoop-common-3.3.1.jar:?]
	at org.apache.hadoop.ipc.Server$Handler.run(Server.java:2966) [hadoop-common-3.3.1.jar:?]
2022-06-16 16:22:25,826 [Time-limited test] INFO  rpc.RpcClient (RpcClient.java:createVolume(466)) - Creating Volume: volume-42354, with runner as owner and space quota set to -1 bytes, counts quota set to -1
2022-06-16 16:22:25,827 [OM StateMachine ApplyTransaction Thread - 0] INFO  volume.OMVolumeCreateRequest (OMVolumeCreateRequest.java:validateAndUpdateCache(195)) - created volume:volume-42354 for user:runner
2022-06-16 16:22:25,850 [Time-limited test] INFO  rpc.RpcClient (RpcClient.java:createBucket(666)) - Creating Bucket: volume-42354/bucket2, with the Bucket Layout null, runner as owner, Versioning false, Storage Type set to DISK and Encryption set to false 
2022-06-16 16:22:25,855 [OM StateMachine ApplyTransaction Thread - 0] INFO  bucket.OMBucketCreateRequest (OMBucketCreateRequest.java:validateAndUpdateCache(260)) - created bucket: bucket2 of layout LEGACY in volume: volume-42354
16:22:25.856 [OM StateMachine ApplyTransaction Thread - 0] ERROR OMAudit - user=runner | ip=127.0.0.1 | op=DELETE_VOLUME {volume=volume-42354} | ret=FAILURE
org.apache.hadoop.ozone.om.exceptions.OMException: null
	at org.apache.hadoop.ozone.om.request.volume.OMVolumeDeleteRequest.validateAndUpdateCache(OMVolumeDeleteRequest.java:122) ~[ozone-manager-1.3.0-SNAPSHOT.jar:?]
	at org.apache.hadoop.ozone.protocolPB.OzoneManagerRequestHandler.handleWriteRequest(OzoneManagerRequestHandler.java:293) ~[ozone-manager-1.3.0-SNAPSHOT.jar:?]
	at org.apache.hadoop.ozone.om.ratis.OzoneManagerStateMachine.runCommand(OzoneManagerStateMachine.java:529) ~[ozone-manager-1.3.0-SNAPSHOT.jar:?]
	at org.apache.hadoop.ozone.om.ratis.OzoneManagerStateMachine.lambda$1(OzoneManagerStateMachine.java:324) ~[ozone-manager-1.3.0-SNAPSHOT.jar:?]
	at java.util.concurrent.CompletableFuture$AsyncSupply.run(CompletableFuture.java:1604) [?:1.8.0_332]
	at java.util.concurrent.ThreadPoolExecutor.runWorker(ThreadPoolExecutor.java:1149) [?:1.8.0_332]
	at java.util.concurrent.ThreadPoolExecutor$Worker.run(ThreadPoolExecutor.java:624) [?:1.8.0_332]
	at java.lang.Thread.run(Thread.java:750) [?:1.8.0_332]
2022-06-16 16:22:25,857 [OM StateMachine ApplyTransaction Thread - 0] ERROR volume.OMVolumeDeleteRequest (OMVolumeDeleteRequest.java:validateAndUpdateCache(170)) - Volume deletion failed for user:runner volume:volume-42354
VOLUME_NOT_EMPTY org.apache.hadoop.ozone.om.exceptions.OMException
	at org.apache.hadoop.ozone.om.request.volume.OMVolumeDeleteRequest.validateAndUpdateCache(OMVolumeDeleteRequest.java:122)
	at org.apache.hadoop.ozone.protocolPB.OzoneManagerRequestHandler.handleWriteRequest(OzoneManagerRequestHandler.java:293)
	at org.apache.hadoop.ozone.om.ratis.OzoneManagerStateMachine.runCommand(OzoneManagerStateMachine.java:529)
	at org.apache.hadoop.ozone.om.ratis.OzoneManagerStateMachine.lambda$1(OzoneManagerStateMachine.java:324)
	at java.util.concurrent.CompletableFuture$AsyncSupply.run(CompletableFuture.java:1604)
	at java.util.concurrent.ThreadPoolExecutor.runWorker(ThreadPoolExecutor.java:1149)
	at java.util.concurrent.ThreadPoolExecutor$Worker.run(ThreadPoolExecutor.java:624)
	at java.lang.Thread.run(Thread.java:750)
16:22:25.884 [IPC Server handler 14 on default port 33505] ERROR OMAudit - user=runner | ip=127.0.0.1 | op=READ_VOLUME {volume=volume-42354} | ret=FAILURE
org.apache.hadoop.ozone.om.exceptions.OMException: Volume volume-42354 is not found
	at org.apache.hadoop.ozone.om.VolumeManagerImpl.getVolumeInfo(VolumeManagerImpl.java:74) ~[ozone-manager-1.3.0-SNAPSHOT.jar:?]
	at org.apache.hadoop.ozone.om.OzoneManager.getVolumeInfo(OzoneManager.java:2602) ~[ozone-manager-1.3.0-SNAPSHOT.jar:?]
	at org.apache.hadoop.ozone.protocolPB.OzoneManagerRequestHandler.infoVolume(OzoneManagerRequestHandler.java:390) ~[ozone-manager-1.3.0-SNAPSHOT.jar:?]
	at org.apache.hadoop.ozone.protocolPB.OzoneManagerRequestHandler.handleReadRequest(OzoneManagerRequestHandler.java:162) ~[ozone-manager-1.3.0-SNAPSHOT.jar:?]
	at org.apache.hadoop.ozone.protocolPB.OzoneManagerProtocolServerSideTranslatorPB.submitReadRequestToOM(OzoneManagerProtocolServerSideTranslatorPB.java:225) ~[ozone-manager-1.3.0-SNAPSHOT.jar:?]
	at org.apache.hadoop.ozone.protocolPB.OzoneManagerProtocolServerSideTranslatorPB.processRequest(OzoneManagerProtocolServerSideTranslatorPB.java:175) ~[ozone-manager-1.3.0-SNAPSHOT.jar:?]
	at org.apache.hadoop.hdds.server.OzoneProtocolMessageDispatcher.processRequest(OzoneProtocolMessageDispatcher.java:87) [hdds-server-framework-1.3.0-SNAPSHOT.jar:?]
	at org.apache.hadoop.ozone.protocolPB.OzoneManagerProtocolServerSideTranslatorPB.submitRequest(OzoneManagerProtocolServerSideTranslatorPB.java:147) [ozone-manager-1.3.0-SNAPSHOT.jar:?]
	at org.apache.hadoop.ozone.protocol.proto.OzoneManagerProtocolProtos$OzoneManagerService$2.callBlockingMethod(OzoneManagerProtocolProtos.java) [ozone-interface-client-1.3.0-SNAPSHOT.jar:?]
	at org.apache.hadoop.ipc.ProtobufRpcEngine$Server.processCall(ProtobufRpcEngine.java:466) [hadoop-common-3.3.1.jar:?]
	at org.apache.hadoop.ipc.ProtobufRpcEngine2$Server$ProtoBufRpcInvoker.call(ProtobufRpcEngine2.java:574) [hadoop-common-3.3.1.jar:?]
	at org.apache.hadoop.ipc.ProtobufRpcEngine2$Server$ProtoBufRpcInvoker.call(ProtobufRpcEngine2.java:552) [hadoop-common-3.3.1.jar:?]
	at org.apache.hadoop.ipc.RPC$Server.call(RPC.java:1093) [hadoop-common-3.3.1.jar:?]
	at org.apache.hadoop.ipc.Server$RpcCall.run(Server.java:1035) [hadoop-common-3.3.1.jar:?]
	at org.apache.hadoop.ipc.Server$RpcCall.run(Server.java:963) [hadoop-common-3.3.1.jar:?]
	at java.security.AccessController.doPrivileged(Native Method) ~[?:1.8.0_332]
	at javax.security.auth.Subject.doAs(Subject.java:422) [?:1.8.0_332]
	at org.apache.hadoop.security.UserGroupInformation.doAs(UserGroupInformation.java:1878) [hadoop-common-3.3.1.jar:?]
	at org.apache.hadoop.ipc.Server$Handler.run(Server.java:2966) [hadoop-common-3.3.1.jar:?]
]]></system-out>
  </testcase>
  <testcase name="testDeleteVolumeAndBucket" classname="TestRootedOzoneFileSystem" time="0.339">
    <system-out><![CDATA[2022-06-16 16:23:52,946 [grpc-default-executor-1] INFO  server.RaftServer$Division (RaftServerImpl.java:requestVote(1152)) - 7086d85c-5d6d-4b3d-a268-a825c95e3ca8@group-0983F9970AB4: receive requestVote(ELECTION, bd7010b0-d724-4aae-b0ab-320b4ad428f6, group-0983F9970AB4, 2, (t:0, i:0))
2022-06-16 16:23:52,946 [grpc-default-executor-1] INFO  impl.VoteContext (VoteContext.java:log(48)) - 7086d85c-5d6d-4b3d-a268-a825c95e3ca8@group-0983F9970AB4-FOLLOWER: accept ELECTION from bd7010b0-d724-4aae-b0ab-320b4ad428f6: our priority 0 <= candidate's priority 0
2022-06-16 16:23:52,946 [grpc-default-executor-1] INFO  server.RaftServer$Division (RaftServerImpl.java:setRole(299)) - 7086d85c-5d6d-4b3d-a268-a825c95e3ca8@group-0983F9970AB4: changes role from  FOLLOWER to FOLLOWER at term 2 for candidate:bd7010b0-d724-4aae-b0ab-320b4ad428f6
2022-06-16 16:23:52,946 [grpc-default-executor-1] INFO  impl.RoleInfo (RoleInfo.java:shutdownFollowerState(110)) - 7086d85c-5d6d-4b3d-a268-a825c95e3ca8: shutdown 7086d85c-5d6d-4b3d-a268-a825c95e3ca8@group-0983F9970AB4-FollowerState
2022-06-16 16:23:52,952 [grpc-default-executor-1] INFO  impl.RoleInfo (RoleInfo.java:updateAndGet(139)) - 7086d85c-5d6d-4b3d-a268-a825c95e3ca8: start 7086d85c-5d6d-4b3d-a268-a825c95e3ca8@group-0983F9970AB4-FollowerState
2022-06-16 16:23:52,952 [7086d85c-5d6d-4b3d-a268-a825c95e3ca8@group-0983F9970AB4-FollowerState] INFO  impl.FollowerState (FollowerState.java:run(152)) - 7086d85c-5d6d-4b3d-a268-a825c95e3ca8@group-0983F9970AB4-FollowerState was interrupted
2022-06-16 16:23:52,955 [grpc-default-executor-1] INFO  server.RaftServer$Division (RaftServerImpl.java:requestVote(1184)) - 7086d85c-5d6d-4b3d-a268-a825c95e3ca8@group-0983F9970AB4 replies to ELECTION vote request: bd7010b0-d724-4aae-b0ab-320b4ad428f6<-7086d85c-5d6d-4b3d-a268-a825c95e3ca8#0:OK-t2. Peer's state: 7086d85c-5d6d-4b3d-a268-a825c95e3ca8@group-0983F9970AB4:t2, leader=null, voted=bd7010b0-d724-4aae-b0ab-320b4ad428f6, raftlog=7086d85c-5d6d-4b3d-a268-a825c95e3ca8@group-0983F9970AB4-SegmentedRaftLog:OPENED:c-1, conf=-1: [7086d85c-5d6d-4b3d-a268-a825c95e3ca8|rpc:10.1.0.16:45221|priority:0, bbd9c71d-1d51-4586-8dfe-839c345bb7aa|rpc:10.1.0.16:39765|priority:1, bd7010b0-d724-4aae-b0ab-320b4ad428f6|rpc:10.1.0.16:43957|priority:0], old=null
2022-06-16 16:23:52,970 [grpc-default-executor-1] INFO  server.RaftServer$Division (RaftServerImpl.java:requestVote(1152)) - bbd9c71d-1d51-4586-8dfe-839c345bb7aa@group-0983F9970AB4: receive requestVote(ELECTION, bd7010b0-d724-4aae-b0ab-320b4ad428f6, group-0983F9970AB4, 2, (t:0, i:0))
2022-06-16 16:23:52,970 [grpc-default-executor-1] INFO  impl.VoteContext (VoteContext.java:log(48)) - bbd9c71d-1d51-4586-8dfe-839c345bb7aa@group-0983F9970AB4-FOLLOWER: reject ELECTION from bd7010b0-d724-4aae-b0ab-320b4ad428f6: our priority 1 > candidate's priority 0
2022-06-16 16:23:52,970 [grpc-default-executor-1] INFO  server.RaftServer$Division (RaftServerImpl.java:setRole(299)) - bbd9c71d-1d51-4586-8dfe-839c345bb7aa@group-0983F9970AB4: changes role from  FOLLOWER to FOLLOWER at term 2 for candidate:bd7010b0-d724-4aae-b0ab-320b4ad428f6
2022-06-16 16:23:52,970 [grpc-default-executor-1] INFO  impl.RoleInfo (RoleInfo.java:shutdownFollowerState(110)) - bbd9c71d-1d51-4586-8dfe-839c345bb7aa: shutdown bbd9c71d-1d51-4586-8dfe-839c345bb7aa@group-0983F9970AB4-FollowerState
2022-06-16 16:23:52,973 [bbd9c71d-1d51-4586-8dfe-839c345bb7aa@group-0983F9970AB4-FollowerState] INFO  impl.FollowerState (FollowerState.java:shouldRun(117)) - bbd9c71d-1d51-4586-8dfe-839c345bb7aa@group-0983F9970AB4-FollowerState: Stopping now (isRunning? false, role = FOLLOWER)
2022-06-16 16:23:52,999 [grpc-default-executor-1] INFO  impl.RoleInfo (RoleInfo.java:updateAndGet(139)) - bbd9c71d-1d51-4586-8dfe-839c345bb7aa: start bbd9c71d-1d51-4586-8dfe-839c345bb7aa@group-0983F9970AB4-FollowerState
2022-06-16 16:23:53,000 [grpc-default-executor-1] INFO  server.RaftServer$Division (RaftServerImpl.java:requestVote(1184)) - bbd9c71d-1d51-4586-8dfe-839c345bb7aa@group-0983F9970AB4 replies to ELECTION vote request: bd7010b0-d724-4aae-b0ab-320b4ad428f6<-bbd9c71d-1d51-4586-8dfe-839c345bb7aa#0:FAIL-t2. Peer's state: bbd9c71d-1d51-4586-8dfe-839c345bb7aa@group-0983F9970AB4:t2, leader=null, voted=null, raftlog=bbd9c71d-1d51-4586-8dfe-839c345bb7aa@group-0983F9970AB4-SegmentedRaftLog:OPENED:c-1, conf=-1: [7086d85c-5d6d-4b3d-a268-a825c95e3ca8|rpc:10.1.0.16:45221|dataStream:|priority:0, bbd9c71d-1d51-4586-8dfe-839c345bb7aa|rpc:10.1.0.16:39765|dataStream:|priority:1, bd7010b0-d724-4aae-b0ab-320b4ad428f6|rpc:10.1.0.16:43957|dataStream:|priority:0], old=null
2022-06-16 16:23:53,049 [bd7010b0-d724-4aae-b0ab-320b4ad428f6@group-0983F9970AB4-LeaderElection102] INFO  impl.LeaderElection (LeaderElection.java:logAndReturn(90)) - bd7010b0-d724-4aae-b0ab-320b4ad428f6@group-0983F9970AB4-LeaderElection102: ELECTION REJECTED received 2 response(s) and 0 exception(s):
2022-06-16 16:23:53,049 [bd7010b0-d724-4aae-b0ab-320b4ad428f6@group-0983F9970AB4-LeaderElection102] INFO  impl.LeaderElection (LeaderElection.java:logAndReturn(94)) -   Response 0: bd7010b0-d724-4aae-b0ab-320b4ad428f6<-7086d85c-5d6d-4b3d-a268-a825c95e3ca8#0:OK-t2
2022-06-16 16:23:53,049 [bd7010b0-d724-4aae-b0ab-320b4ad428f6@group-0983F9970AB4-LeaderElection102] INFO  impl.LeaderElection (LeaderElection.java:logAndReturn(94)) -   Response 1: bd7010b0-d724-4aae-b0ab-320b4ad428f6<-bbd9c71d-1d51-4586-8dfe-839c345bb7aa#0:FAIL-t2
2022-06-16 16:23:53,049 [bd7010b0-d724-4aae-b0ab-320b4ad428f6@group-0983F9970AB4-LeaderElection102] INFO  impl.LeaderElection (LeaderElection.java:askForVotes(312)) - bd7010b0-d724-4aae-b0ab-320b4ad428f6@group-0983F9970AB4-LeaderElection102 ELECTION round 0: result REJECTED
2022-06-16 16:23:53,049 [bd7010b0-d724-4aae-b0ab-320b4ad428f6@group-0983F9970AB4-LeaderElection102] INFO  server.RaftServer$Division (RaftServerImpl.java:setRole(299)) - bd7010b0-d724-4aae-b0ab-320b4ad428f6@group-0983F9970AB4: changes role from CANDIDATE to FOLLOWER at term 2 for REJECTED
2022-06-16 16:23:53,049 [bd7010b0-d724-4aae-b0ab-320b4ad428f6@group-0983F9970AB4-LeaderElection102] INFO  impl.RoleInfo (RoleInfo.java:shutdownLeaderElection(130)) - bd7010b0-d724-4aae-b0ab-320b4ad428f6: shutdown bd7010b0-d724-4aae-b0ab-320b4ad428f6@group-0983F9970AB4-LeaderElection102
2022-06-16 16:23:53,049 [bd7010b0-d724-4aae-b0ab-320b4ad428f6@group-0983F9970AB4-LeaderElection102] INFO  impl.RoleInfo (RoleInfo.java:updateAndGet(139)) - bd7010b0-d724-4aae-b0ab-320b4ad428f6: start bd7010b0-d724-4aae-b0ab-320b4ad428f6@group-0983F9970AB4-FollowerState
2022-06-16 16:23:53,228 [Time-limited test] INFO  rpc.RpcClient (RpcClient.java:createVolume(466)) - Creating Volume: volume24201, with user35674 as owner and space quota set to -1 bytes, counts quota set to -1
2022-06-16 16:23:53,230 [IPC Server handler 16 on default port 44357] INFO  volume.OMVolumeCreateRequest (OMVolumeCreateRequest.java:validateAndUpdateCache(195)) - created volume:volume24201 for user:user35674
2022-06-16 16:23:53,231 [Time-limited test] INFO  rpc.RpcClient (RpcClient.java:createBucket(666)) - Creating Bucket: volume24201/bucket86488, with the Bucket Layout LEGACY, runner as owner, Versioning false, Storage Type set to DISK and Encryption set to false 
2022-06-16 16:23:53,233 [IPC Server handler 19 on default port 44357] INFO  bucket.OMBucketCreateRequest (OMBucketCreateRequest.java:validateAndUpdateCache(260)) - created bucket: bucket86488 of layout LEGACY in volume: volume24201
16:23:53.242 [IPC Server handler 2 on default port 44357] ERROR OMAudit - user=runner | ip=127.0.0.1 | op=READ_BUCKET {volume=volume-74513, bucket=bucket2} | ret=FAILURE
org.apache.hadoop.ozone.om.exceptions.OMException: Volume not found when getting bucket info
	at org.apache.hadoop.ozone.om.BucketManagerImpl.getBucketInfo(BucketManagerImpl.java:127) ~[ozone-manager-1.3.0-SNAPSHOT.jar:?]
	at org.apache.hadoop.ozone.om.OzoneManager.getBucketInfo(OzoneManager.java:2778) ~[ozone-manager-1.3.0-SNAPSHOT.jar:?]
	at org.apache.hadoop.ozone.protocolPB.OzoneManagerRequestHandler.infoBucket(OzoneManagerRequestHandler.java:464) ~[ozone-manager-1.3.0-SNAPSHOT.jar:?]
	at org.apache.hadoop.ozone.protocolPB.OzoneManagerRequestHandler.handleReadRequest(OzoneManagerRequestHandler.java:172) ~[ozone-manager-1.3.0-SNAPSHOT.jar:?]
	at org.apache.hadoop.ozone.protocolPB.OzoneManagerProtocolServerSideTranslatorPB.submitRequestDirectlyToOM(OzoneManagerProtocolServerSideTranslatorPB.java:284) ~[ozone-manager-1.3.0-SNAPSHOT.jar:?]
	at org.apache.hadoop.ozone.protocolPB.OzoneManagerProtocolServerSideTranslatorPB.processRequest(OzoneManagerProtocolServerSideTranslatorPB.java:207) ~[ozone-manager-1.3.0-SNAPSHOT.jar:?]
	at org.apache.hadoop.hdds.server.OzoneProtocolMessageDispatcher.processRequest(OzoneProtocolMessageDispatcher.java:87) [hdds-server-framework-1.3.0-SNAPSHOT.jar:?]
	at org.apache.hadoop.ozone.protocolPB.OzoneManagerProtocolServerSideTranslatorPB.submitRequest(OzoneManagerProtocolServerSideTranslatorPB.java:147) [ozone-manager-1.3.0-SNAPSHOT.jar:?]
	at org.apache.hadoop.ozone.protocol.proto.OzoneManagerProtocolProtos$OzoneManagerService$2.callBlockingMethod(OzoneManagerProtocolProtos.java) [ozone-interface-client-1.3.0-SNAPSHOT.jar:?]
	at org.apache.hadoop.ipc.ProtobufRpcEngine$Server.processCall(ProtobufRpcEngine.java:466) [hadoop-common-3.3.1.jar:?]
	at org.apache.hadoop.ipc.ProtobufRpcEngine2$Server$ProtoBufRpcInvoker.call(ProtobufRpcEngine2.java:574) [hadoop-common-3.3.1.jar:?]
	at org.apache.hadoop.ipc.ProtobufRpcEngine2$Server$ProtoBufRpcInvoker.call(ProtobufRpcEngine2.java:552) [hadoop-common-3.3.1.jar:?]
	at org.apache.hadoop.ipc.RPC$Server.call(RPC.java:1093) [hadoop-common-3.3.1.jar:?]
	at org.apache.hadoop.ipc.Server$RpcCall.run(Server.java:1035) [hadoop-common-3.3.1.jar:?]
	at org.apache.hadoop.ipc.Server$RpcCall.run(Server.java:963) [hadoop-common-3.3.1.jar:?]
	at java.security.AccessController.doPrivileged(Native Method) ~[?:1.8.0_332]
	at javax.security.auth.Subject.doAs(Subject.java:422) [?:1.8.0_332]
	at org.apache.hadoop.security.UserGroupInformation.doAs(UserGroupInformation.java:1878) [hadoop-common-3.3.1.jar:?]
	at org.apache.hadoop.ipc.Server$Handler.run(Server.java:2966) [hadoop-common-3.3.1.jar:?]
2022-06-16 16:23:53,242 [Time-limited test] INFO  rpc.RpcClient (RpcClient.java:createVolume(466)) - Creating Volume: volume-74513, with runner as owner and space quota set to -1 bytes, counts quota set to -1
2022-06-16 16:23:53,243 [IPC Server handler 1 on default port 44357] INFO  volume.OMVolumeCreateRequest (OMVolumeCreateRequest.java:validateAndUpdateCache(195)) - created volume:volume-74513 for user:runner
2022-06-16 16:23:53,243 [Time-limited test] INFO  rpc.RpcClient (RpcClient.java:createBucket(666)) - Creating Bucket: volume-74513/bucket2, with the Bucket Layout null, runner as owner, Versioning false, Storage Type set to DISK and Encryption set to false 
2022-06-16 16:23:53,244 [IPC Server handler 5 on default port 44357] INFO  bucket.OMBucketCreateRequest (OMBucketCreateRequest.java:validateAndUpdateCache(260)) - created bucket: bucket2 of layout LEGACY in volume: volume-74513
16:23:53.245 [IPC Server handler 10 on default port 44357] ERROR OMAudit - user=runner | ip=127.0.0.1 | op=DELETE_VOLUME {volume=volume-74513} | ret=FAILURE
org.apache.hadoop.ozone.om.exceptions.OMException: null
	at org.apache.hadoop.ozone.om.request.volume.OMVolumeDeleteRequest.validateAndUpdateCache(OMVolumeDeleteRequest.java:122) ~[ozone-manager-1.3.0-SNAPSHOT.jar:?]
	at org.apache.hadoop.ozone.protocolPB.OzoneManagerRequestHandler.handleWriteRequest(OzoneManagerRequestHandler.java:293) ~[ozone-manager-1.3.0-SNAPSHOT.jar:?]
	at org.apache.hadoop.ozone.protocolPB.OzoneManagerProtocolServerSideTranslatorPB.submitRequestDirectlyToOM(OzoneManagerProtocolServerSideTranslatorPB.java:293) ~[ozone-manager-1.3.0-SNAPSHOT.jar:?]
	at org.apache.hadoop.ozone.protocolPB.OzoneManagerProtocolServerSideTranslatorPB.processRequest(OzoneManagerProtocolServerSideTranslatorPB.java:207) ~[ozone-manager-1.3.0-SNAPSHOT.jar:?]
	at org.apache.hadoop.hdds.server.OzoneProtocolMessageDispatcher.processRequest(OzoneProtocolMessageDispatcher.java:87) [hdds-server-framework-1.3.0-SNAPSHOT.jar:?]
	at org.apache.hadoop.ozone.protocolPB.OzoneManagerProtocolServerSideTranslatorPB.submitRequest(OzoneManagerProtocolServerSideTranslatorPB.java:147) [ozone-manager-1.3.0-SNAPSHOT.jar:?]
	at org.apache.hadoop.ozone.protocol.proto.OzoneManagerProtocolProtos$OzoneManagerService$2.callBlockingMethod(OzoneManagerProtocolProtos.java) [ozone-interface-client-1.3.0-SNAPSHOT.jar:?]
	at org.apache.hadoop.ipc.ProtobufRpcEngine$Server.processCall(ProtobufRpcEngine.java:466) [hadoop-common-3.3.1.jar:?]
	at org.apache.hadoop.ipc.ProtobufRpcEngine2$Server$ProtoBufRpcInvoker.call(ProtobufRpcEngine2.java:574) [hadoop-common-3.3.1.jar:?]
	at org.apache.hadoop.ipc.ProtobufRpcEngine2$Server$ProtoBufRpcInvoker.call(ProtobufRpcEngine2.java:552) [hadoop-common-3.3.1.jar:?]
	at org.apache.hadoop.ipc.RPC$Server.call(RPC.java:1093) [hadoop-common-3.3.1.jar:?]
	at org.apache.hadoop.ipc.Server$RpcCall.run(Server.java:1035) [hadoop-common-3.3.1.jar:?]
	at org.apache.hadoop.ipc.Server$RpcCall.run(Server.java:963) [hadoop-common-3.3.1.jar:?]
	at java.security.AccessController.doPrivileged(Native Method) ~[?:1.8.0_332]
	at javax.security.auth.Subject.doAs(Subject.java:422) [?:1.8.0_332]
	at org.apache.hadoop.security.UserGroupInformation.doAs(UserGroupInformation.java:1878) [hadoop-common-3.3.1.jar:?]
	at org.apache.hadoop.ipc.Server$Handler.run(Server.java:2966) [hadoop-common-3.3.1.jar:?]
2022-06-16 16:23:53,245 [IPC Server handler 10 on default port 44357] ERROR volume.OMVolumeDeleteRequest (OMVolumeDeleteRequest.java:validateAndUpdateCache(170)) - Volume deletion failed for user:runner volume:volume-74513
VOLUME_NOT_EMPTY org.apache.hadoop.ozone.om.exceptions.OMException
	at org.apache.hadoop.ozone.om.request.volume.OMVolumeDeleteRequest.validateAndUpdateCache(OMVolumeDeleteRequest.java:122)
	at org.apache.hadoop.ozone.protocolPB.OzoneManagerRequestHandler.handleWriteRequest(OzoneManagerRequestHandler.java:293)
	at org.apache.hadoop.ozone.protocolPB.OzoneManagerProtocolServerSideTranslatorPB.submitRequestDirectlyToOM(OzoneManagerProtocolServerSideTranslatorPB.java:293)
	at org.apache.hadoop.ozone.protocolPB.OzoneManagerProtocolServerSideTranslatorPB.processRequest(OzoneManagerProtocolServerSideTranslatorPB.java:207)
	at org.apache.hadoop.hdds.server.OzoneProtocolMessageDispatcher.processRequest(OzoneProtocolMessageDispatcher.java:87)
	at org.apache.hadoop.ozone.protocolPB.OzoneManagerProtocolServerSideTranslatorPB.submitRequest(OzoneManagerProtocolServerSideTranslatorPB.java:147)
	at org.apache.hadoop.ozone.protocol.proto.OzoneManagerProtocolProtos$OzoneManagerService$2.callBlockingMethod(OzoneManagerProtocolProtos.java)
	at org.apache.hadoop.ipc.ProtobufRpcEngine$Server.processCall(ProtobufRpcEngine.java:466)
	at org.apache.hadoop.ipc.ProtobufRpcEngine2$Server$ProtoBufRpcInvoker.call(ProtobufRpcEngine2.java:574)
	at org.apache.hadoop.ipc.ProtobufRpcEngine2$Server$ProtoBufRpcInvoker.call(ProtobufRpcEngine2.java:552)
	at org.apache.hadoop.ipc.RPC$Server.call(RPC.java:1093)
	at org.apache.hadoop.ipc.Server$RpcCall.run(Server.java:1035)
	at org.apache.hadoop.ipc.Server$RpcCall.run(Server.java:963)
	at java.security.AccessController.doPrivileged(Native Method)
	at javax.security.auth.Subject.doAs(Subject.java:422)
	at org.apache.hadoop.security.UserGroupInformation.doAs(UserGroupInformation.java:1878)
	at org.apache.hadoop.ipc.Server$Handler.run(Server.java:2966)
16:23:53.263 [IPC Server handler 11 on default port 44357] ERROR OMAudit - user=runner | ip=127.0.0.1 | op=READ_VOLUME {volume=volume-74513} | ret=FAILURE
org.apache.hadoop.ozone.om.exceptions.OMException: Volume volume-74513 is not found
	at org.apache.hadoop.ozone.om.VolumeManagerImpl.getVolumeInfo(VolumeManagerImpl.java:74) ~[ozone-manager-1.3.0-SNAPSHOT.jar:?]
	at org.apache.hadoop.ozone.om.OzoneManager.getVolumeInfo(OzoneManager.java:2602) ~[ozone-manager-1.3.0-SNAPSHOT.jar:?]
	at org.apache.hadoop.ozone.protocolPB.OzoneManagerRequestHandler.infoVolume(OzoneManagerRequestHandler.java:390) ~[ozone-manager-1.3.0-SNAPSHOT.jar:?]
	at org.apache.hadoop.ozone.protocolPB.OzoneManagerRequestHandler.handleReadRequest(OzoneManagerRequestHandler.java:162) ~[ozone-manager-1.3.0-SNAPSHOT.jar:?]
	at org.apache.hadoop.ozone.protocolPB.OzoneManagerProtocolServerSideTranslatorPB.submitRequestDirectlyToOM(OzoneManagerProtocolServerSideTranslatorPB.java:284) ~[ozone-manager-1.3.0-SNAPSHOT.jar:?]
	at org.apache.hadoop.ozone.protocolPB.OzoneManagerProtocolServerSideTranslatorPB.processRequest(OzoneManagerProtocolServerSideTranslatorPB.java:207) ~[ozone-manager-1.3.0-SNAPSHOT.jar:?]
	at org.apache.hadoop.hdds.server.OzoneProtocolMessageDispatcher.processRequest(OzoneProtocolMessageDispatcher.java:87) [hdds-server-framework-1.3.0-SNAPSHOT.jar:?]
	at org.apache.hadoop.ozone.protocolPB.OzoneManagerProtocolServerSideTranslatorPB.submitRequest(OzoneManagerProtocolServerSideTranslatorPB.java:147) [ozone-manager-1.3.0-SNAPSHOT.jar:?]
	at org.apache.hadoop.ozone.protocol.proto.OzoneManagerProtocolProtos$OzoneManagerService$2.callBlockingMethod(OzoneManagerProtocolProtos.java) [ozone-interface-client-1.3.0-SNAPSHOT.jar:?]
	at org.apache.hadoop.ipc.ProtobufRpcEngine$Server.processCall(ProtobufRpcEngine.java:466) [hadoop-common-3.3.1.jar:?]
	at org.apache.hadoop.ipc.ProtobufRpcEngine2$Server$ProtoBufRpcInvoker.call(ProtobufRpcEngine2.java:574) [hadoop-common-3.3.1.jar:?]
	at org.apache.hadoop.ipc.ProtobufRpcEngine2$Server$ProtoBufRpcInvoker.call(ProtobufRpcEngine2.java:552) [hadoop-common-3.3.1.jar:?]
	at org.apache.hadoop.ipc.RPC$Server.call(RPC.java:1093) [hadoop-common-3.3.1.jar:?]
	at org.apache.hadoop.ipc.Server$RpcCall.run(Server.java:1035) [hadoop-common-3.3.1.jar:?]
	at org.apache.hadoop.ipc.Server$RpcCall.run(Server.java:963) [hadoop-common-3.3.1.jar:?]
	at java.security.AccessController.doPrivileged(Native Method) ~[?:1.8.0_332]
	at javax.security.auth.Subject.doAs(Subject.java:422) [?:1.8.0_332]
	at org.apache.hadoop.security.UserGroupInformation.doAs(UserGroupInformation.java:1878) [hadoop-common-3.3.1.jar:?]
	at org.apache.hadoop.ipc.Server$Handler.run(Server.java:2966) [hadoop-common-3.3.1.jar:?]
]]></system-out>
  </testcase>
  <testcase name="testRenameDirToItsOwnSubDir" classname="TestRootedOzoneFileSystem" time="0.095">
    <system-out><![CDATA[2022-06-16 16:18:26,130 [Time-limited test] INFO  rpc.RpcClient (RpcClient.java:createVolume(466)) - Creating Volume: volume38702, with user21411 as owner and space quota set to -1 bytes, counts quota set to -1
2022-06-16 16:18:26,133 [OM StateMachine ApplyTransaction Thread - 0] INFO  volume.OMVolumeCreateRequest (OMVolumeCreateRequest.java:validateAndUpdateCache(195)) - created volume:volume38702 for user:user21411
2022-06-16 16:18:26,135 [Time-limited test] INFO  rpc.RpcClient (RpcClient.java:createBucket(666)) - Creating Bucket: volume38702/bucket26523, with the Bucket Layout LEGACY, runner as owner, Versioning false, Storage Type set to DISK and Encryption set to false 
2022-06-16 16:18:26,137 [OM StateMachine ApplyTransaction Thread - 0] INFO  bucket.OMBucketCreateRequest (OMBucketCreateRequest.java:validateAndUpdateCache(260)) - created bucket: bucket26523 of layout LEGACY in volume: volume38702
2022-06-16 16:18:26,143 [Time-limited test] INFO  ozone.TestRootedOzoneFileSystem (TestRootedOzoneFileSystem.java:testRenameDirToItsOwnSubDir(1563)) - Created dir1 /volume38702/bucket26523/root/dir1/sub_dir1
2022-06-16 16:18:26,143 [Time-limited test] INFO  ozone.TestRootedOzoneFileSystem (TestRootedOzoneFileSystem.java:testRenameDirToItsOwnSubDir(1566)) - Rename op-> source:/volume38702/bucket26523/root to destin:/volume38702/bucket26523/root/dir1/sub_dir1
]]></system-out>
  </testcase>
  <testcase name="testRenameDirToItsOwnSubDir" classname="TestRootedOzoneFileSystem" time="0.112">
    <system-out><![CDATA[2022-06-16 16:19:29,614 [Time-limited test] INFO  rpc.RpcClient (RpcClient.java:createVolume(466)) - Creating Volume: volume12540, with user51986 as owner and space quota set to -1 bytes, counts quota set to -1
2022-06-16 16:19:29,616 [OM StateMachine ApplyTransaction Thread - 0] INFO  volume.OMVolumeCreateRequest (OMVolumeCreateRequest.java:validateAndUpdateCache(195)) - created volume:volume12540 for user:user51986
2022-06-16 16:19:29,617 [Time-limited test] INFO  rpc.RpcClient (RpcClient.java:createBucket(666)) - Creating Bucket: volume12540/bucket95842, with the Bucket Layout LEGACY, runner as owner, Versioning false, Storage Type set to DISK and Encryption set to false 
2022-06-16 16:19:29,618 [OM StateMachine ApplyTransaction Thread - 0] INFO  bucket.OMBucketCreateRequest (OMBucketCreateRequest.java:validateAndUpdateCache(260)) - created bucket: bucket95842 of layout LEGACY in volume: volume12540
2022-06-16 16:19:29,620 [Time-limited test] INFO  ozone.TestRootedOzoneFileSystem (TestRootedOzoneFileSystem.java:testRenameDirToItsOwnSubDir(1563)) - Created dir1 /volume12540/bucket95842/root/dir1/sub_dir1
2022-06-16 16:19:29,620 [Time-limited test] INFO  ozone.TestRootedOzoneFileSystem (TestRootedOzoneFileSystem.java:testRenameDirToItsOwnSubDir(1566)) - Rename op-> source:/volume12540/bucket95842/root to destin:/volume12540/bucket95842/root/dir1/sub_dir1
2022-06-16 16:19:29,620 [e511119d-2be0-4415-86a7-45a9e0c842d1@group-EB886BDF6BD0-FollowerState] INFO  impl.FollowerState (FollowerState.java:run(143)) - e511119d-2be0-4415-86a7-45a9e0c842d1@group-EB886BDF6BD0-FollowerState: change to CANDIDATE, lastRpcElapsedTime:5114734316ns, electionTimeout:5102ms
2022-06-16 16:19:29,620 [e511119d-2be0-4415-86a7-45a9e0c842d1@group-EB886BDF6BD0-FollowerState] INFO  impl.RoleInfo (RoleInfo.java:shutdownFollowerState(110)) - e511119d-2be0-4415-86a7-45a9e0c842d1: shutdown e511119d-2be0-4415-86a7-45a9e0c842d1@group-EB886BDF6BD0-FollowerState
2022-06-16 16:19:29,620 [e511119d-2be0-4415-86a7-45a9e0c842d1@group-EB886BDF6BD0-FollowerState] INFO  server.RaftServer$Division (RaftServerImpl.java:setRole(299)) - e511119d-2be0-4415-86a7-45a9e0c842d1@group-EB886BDF6BD0: changes role from  FOLLOWER to CANDIDATE at term 0 for changeToCandidate
2022-06-16 16:19:29,620 [e511119d-2be0-4415-86a7-45a9e0c842d1@group-EB886BDF6BD0-FollowerState] INFO  server.RaftServerConfigKeys (ConfUtils.java:logGet(46)) - raft.server.leaderelection.pre-vote = false (custom)
2022-06-16 16:19:29,620 [e511119d-2be0-4415-86a7-45a9e0c842d1@group-EB886BDF6BD0-FollowerState] INFO  impl.RoleInfo (RoleInfo.java:updateAndGet(139)) - e511119d-2be0-4415-86a7-45a9e0c842d1: start e511119d-2be0-4415-86a7-45a9e0c842d1@group-EB886BDF6BD0-LeaderElection23
]]></system-out>
  </testcase>
  <testcase name="testRenameDirToItsOwnSubDir" classname="TestRootedOzoneFileSystem" time="0.169">
    <system-out><![CDATA[2022-06-16 16:20:41,310 [Time-limited test] INFO  rpc.RpcClient (RpcClient.java:createVolume(466)) - Creating Volume: volume68136, with user54613 as owner and space quota set to -1 bytes, counts quota set to -1
2022-06-16 16:20:41,311 [IPC Server handler 18 on default port 42069] INFO  volume.OMVolumeCreateRequest (OMVolumeCreateRequest.java:validateAndUpdateCache(195)) - created volume:volume68136 for user:user54613
2022-06-16 16:20:41,312 [Time-limited test] INFO  rpc.RpcClient (RpcClient.java:createBucket(666)) - Creating Bucket: volume68136/bucket86688, with the Bucket Layout LEGACY, runner as owner, Versioning false, Storage Type set to DISK and Encryption set to false 
2022-06-16 16:20:41,312 [IPC Server handler 0 on default port 42069] INFO  bucket.OMBucketCreateRequest (OMBucketCreateRequest.java:validateAndUpdateCache(260)) - created bucket: bucket86688 of layout LEGACY in volume: volume68136
2022-06-16 16:20:41,314 [Time-limited test] INFO  ozone.TestRootedOzoneFileSystem (TestRootedOzoneFileSystem.java:testRenameDirToItsOwnSubDir(1563)) - Created dir1 /volume68136/bucket86688/root/dir1/sub_dir1
2022-06-16 16:20:41,314 [Time-limited test] INFO  ozone.TestRootedOzoneFileSystem (TestRootedOzoneFileSystem.java:testRenameDirToItsOwnSubDir(1566)) - Rename op-> source:/volume68136/bucket86688/root to destin:/volume68136/bucket86688/root/dir1/sub_dir1
]]></system-out>
  </testcase>
  <testcase name="testRenameDirToItsOwnSubDir" classname="TestRootedOzoneFileSystem" time="0.155">
    <system-out><![CDATA[2022-06-16 16:22:25,991 [Time-limited test] INFO  rpc.RpcClient (RpcClient.java:createVolume(466)) - Creating Volume: volume46128, with user39387 as owner and space quota set to -1 bytes, counts quota set to -1
2022-06-16 16:22:25,996 [OM StateMachine ApplyTransaction Thread - 0] INFO  volume.OMVolumeCreateRequest (OMVolumeCreateRequest.java:validateAndUpdateCache(195)) - created volume:volume46128 for user:user39387
2022-06-16 16:22:25,997 [Time-limited test] INFO  rpc.RpcClient (RpcClient.java:createBucket(666)) - Creating Bucket: volume46128/bucket67080, with the Bucket Layout LEGACY, runner as owner, Versioning false, Storage Type set to DISK and Encryption set to false 
2022-06-16 16:22:26,002 [OM StateMachine ApplyTransaction Thread - 0] INFO  bucket.OMBucketCreateRequest (OMBucketCreateRequest.java:validateAndUpdateCache(260)) - created bucket: bucket67080 of layout LEGACY in volume: volume46128
2022-06-16 16:22:26,014 [Time-limited test] INFO  ozone.TestRootedOzoneFileSystem (TestRootedOzoneFileSystem.java:testRenameDirToItsOwnSubDir(1563)) - Created dir1 /volume46128/bucket67080/root/dir1/sub_dir1
2022-06-16 16:22:26,014 [Time-limited test] INFO  ozone.TestRootedOzoneFileSystem (TestRootedOzoneFileSystem.java:testRenameDirToItsOwnSubDir(1566)) - Rename op-> source:/volume46128/bucket67080/root to destin:/volume46128/bucket67080/root/dir1/sub_dir1
]]></system-out>
  </testcase>
  <testcase name="testRenameDirToItsOwnSubDir" classname="TestRootedOzoneFileSystem" time="0.251">
    <system-out><![CDATA[2022-06-16 16:23:53,429 [Time-limited test] INFO  rpc.RpcClient (RpcClient.java:createVolume(466)) - Creating Volume: volume91531, with user83522 as owner and space quota set to -1 bytes, counts quota set to -1
2022-06-16 16:23:53,429 [IPC Server handler 6 on default port 44357] INFO  volume.OMVolumeCreateRequest (OMVolumeCreateRequest.java:validateAndUpdateCache(195)) - created volume:volume91531 for user:user83522
2022-06-16 16:23:53,430 [Time-limited test] INFO  rpc.RpcClient (RpcClient.java:createBucket(666)) - Creating Bucket: volume91531/bucket54912, with the Bucket Layout LEGACY, runner as owner, Versioning false, Storage Type set to DISK and Encryption set to false 
2022-06-16 16:23:53,432 [IPC Server handler 11 on default port 44357] INFO  bucket.OMBucketCreateRequest (OMBucketCreateRequest.java:validateAndUpdateCache(260)) - created bucket: bucket54912 of layout LEGACY in volume: volume91531
2022-06-16 16:23:53,433 [Time-limited test] INFO  ozone.TestRootedOzoneFileSystem (TestRootedOzoneFileSystem.java:testRenameDirToItsOwnSubDir(1563)) - Created dir1 /volume91531/bucket54912/root/dir1/sub_dir1
2022-06-16 16:23:53,433 [Time-limited test] INFO  ozone.TestRootedOzoneFileSystem (TestRootedOzoneFileSystem.java:testRenameDirToItsOwnSubDir(1566)) - Rename op-> source:/volume91531/bucket54912/root to destin:/volume91531/bucket54912/root/dir1/sub_dir1
]]></system-out>
  </testcase>
  <testcase name="testOzoneFsServiceLoader" classname="TestRootedOzoneFileSystem" time="0.072">
    <system-out><![CDATA[2022-06-16 16:18:26,213 [Time-limited test] INFO  rpc.RpcClient (RpcClient.java:createVolume(466)) - Creating Volume: volume59523, with user02763 as owner and space quota set to -1 bytes, counts quota set to -1
2022-06-16 16:18:26,217 [OM StateMachine ApplyTransaction Thread - 0] INFO  volume.OMVolumeCreateRequest (OMVolumeCreateRequest.java:validateAndUpdateCache(195)) - created volume:volume59523 for user:user02763
2022-06-16 16:18:26,221 [Time-limited test] INFO  rpc.RpcClient (RpcClient.java:createBucket(666)) - Creating Bucket: volume59523/bucket86784, with the Bucket Layout LEGACY, runner as owner, Versioning false, Storage Type set to DISK and Encryption set to false 
2022-06-16 16:18:26,223 [OM StateMachine ApplyTransaction Thread - 0] INFO  bucket.OMBucketCreateRequest (OMBucketCreateRequest.java:validateAndUpdateCache(260)) - created bucket: bucket86784 of layout LEGACY in volume: volume59523
]]></system-out>
  </testcase>
  <testcase name="testOzoneFsServiceLoader" classname="TestRootedOzoneFileSystem" time="0.173">
    <system-out><![CDATA[2022-06-16 16:19:29,660 [e511119d-2be0-4415-86a7-45a9e0c842d1@group-EB886BDF6BD0-LeaderElection23] INFO  impl.LeaderElection (LeaderElection.java:askForVotes(310)) - e511119d-2be0-4415-86a7-45a9e0c842d1@group-EB886BDF6BD0-LeaderElection23 ELECTION round 0: submit vote requests at term 1 for -1: [e511119d-2be0-4415-86a7-45a9e0c842d1|rpc:10.1.0.16:33805|priority:1], old=null
2022-06-16 16:19:29,660 [e511119d-2be0-4415-86a7-45a9e0c842d1@group-EB886BDF6BD0-LeaderElection23] INFO  impl.LeaderElection (LeaderElection.java:askForVotes(312)) - e511119d-2be0-4415-86a7-45a9e0c842d1@group-EB886BDF6BD0-LeaderElection23 ELECTION round 0: result PASSED (term=1)
2022-06-16 16:19:29,660 [e511119d-2be0-4415-86a7-45a9e0c842d1@group-EB886BDF6BD0-LeaderElection23] INFO  impl.RoleInfo (RoleInfo.java:shutdownLeaderElection(130)) - e511119d-2be0-4415-86a7-45a9e0c842d1: shutdown e511119d-2be0-4415-86a7-45a9e0c842d1@group-EB886BDF6BD0-LeaderElection23
2022-06-16 16:19:29,660 [e511119d-2be0-4415-86a7-45a9e0c842d1@group-EB886BDF6BD0-LeaderElection23] INFO  server.RaftServer$Division (RaftServerImpl.java:setRole(299)) - e511119d-2be0-4415-86a7-45a9e0c842d1@group-EB886BDF6BD0: changes role from CANDIDATE to LEADER at term 1 for changeToLeader
2022-06-16 16:19:29,660 [e511119d-2be0-4415-86a7-45a9e0c842d1@group-EB886BDF6BD0-LeaderElection23] INFO  ratis.XceiverServerRatis (XceiverServerRatis.java:handleLeaderChangedNotification(863)) - Leader change notification received for group: group-EB886BDF6BD0 with new leaderId: e511119d-2be0-4415-86a7-45a9e0c842d1
2022-06-16 16:19:29,660 [e511119d-2be0-4415-86a7-45a9e0c842d1@group-EB886BDF6BD0-LeaderElection23] INFO  server.RaftServer$Division (ServerState.java:setLeader(287)) - e511119d-2be0-4415-86a7-45a9e0c842d1@group-EB886BDF6BD0: change Leader from null to e511119d-2be0-4415-86a7-45a9e0c842d1 at term 1 for becomeLeader, leader elected after 5170ms
2022-06-16 16:19:29,660 [e511119d-2be0-4415-86a7-45a9e0c842d1@group-EB886BDF6BD0-LeaderElection23] INFO  server.RaftServerConfigKeys (ConfUtils.java:logGet(46)) - raft.server.staging.catchup.gap = 1000 (default)
2022-06-16 16:19:29,661 [e511119d-2be0-4415-86a7-45a9e0c842d1@group-EB886BDF6BD0-LeaderElection23] INFO  server.RaftServerConfigKeys (ConfUtils.java:logGet(46)) - raft.server.write.element-limit = 1024 (custom)
2022-06-16 16:19:29,661 [e511119d-2be0-4415-86a7-45a9e0c842d1@group-EB886BDF6BD0-LeaderElection23] INFO  server.RaftServerConfigKeys (ConfUtils.java:logGet(46)) - raft.server.write.byte-limit = 1024 M (=1073741824) (custom)
2022-06-16 16:19:29,661 [e511119d-2be0-4415-86a7-45a9e0c842d1@group-EB886BDF6BD0-LeaderElection23] INFO  server.RaftServerConfigKeys (ConfUtils.java:logGet(46)) - raft.server.watch.timeout = 180s (custom)
2022-06-16 16:19:29,661 [e511119d-2be0-4415-86a7-45a9e0c842d1@group-EB886BDF6BD0-LeaderElection23] INFO  server.RaftServerConfigKeys (ConfUtils.java:logGet(46)) - raft.server.watch.timeout.denomination = 1s (default)
2022-06-16 16:19:29,661 [e511119d-2be0-4415-86a7-45a9e0c842d1@group-EB886BDF6BD0-LeaderElection23] INFO  server.RaftServerConfigKeys (ConfUtils.java:logGet(46)) - raft.server.watch.element-limit = 65536 (default)
2022-06-16 16:19:29,661 [e511119d-2be0-4415-86a7-45a9e0c842d1@group-EB886BDF6BD0-LeaderElection23] INFO  server.RaftServerConfigKeys (ConfUtils.java:logGet(46)) - raft.server.write.element-limit = 1024 (custom)
2022-06-16 16:19:29,661 [e511119d-2be0-4415-86a7-45a9e0c842d1@group-EB886BDF6BD0-LeaderElection23] INFO  server.RaftServerConfigKeys (ConfUtils.java:logGet(46)) - raft.server.write.follower.gap.ratio.max = -1.0 (default)
2022-06-16 16:19:29,661 [e511119d-2be0-4415-86a7-45a9e0c842d1@group-EB886BDF6BD0-LeaderElection23] INFO  impl.RoleInfo (RoleInfo.java:updateAndGet(139)) - e511119d-2be0-4415-86a7-45a9e0c842d1: start e511119d-2be0-4415-86a7-45a9e0c842d1@group-EB886BDF6BD0-LeaderStateImpl
2022-06-16 16:19:29,661 [e511119d-2be0-4415-86a7-45a9e0c842d1@group-EB886BDF6BD0-LeaderElection23] INFO  segmented.SegmentedRaftLogWorker (SegmentedRaftLogWorker.java:startLogSegment(425)) - e511119d-2be0-4415-86a7-45a9e0c842d1@group-EB886BDF6BD0-SegmentedRaftLogWorker: Starting segment from index:0
2022-06-16 16:19:29,663 [e511119d-2be0-4415-86a7-45a9e0c842d1@group-EB886BDF6BD0-SegmentedRaftLogWorker] INFO  segmented.SegmentedRaftLogWorker (SegmentedRaftLogWorker.java:execute(629)) - e511119d-2be0-4415-86a7-45a9e0c842d1@group-EB886BDF6BD0-SegmentedRaftLogWorker: created new log segment /home/runner/work/ozone/ozone/hadoop-ozone/integration-test/target/test-dir/MiniOzoneClusterImpl-3714a898-0fe0-42e2-9307-bd15e6fadcd3/datanode-3/data/ratis/5d606b1c-0428-4655-921f-eb886bdf6bd0/current/log_inprogress_0
2022-06-16 16:19:29,671 [e511119d-2be0-4415-86a7-45a9e0c842d1@group-EB886BDF6BD0-LeaderElection23] INFO  server.RaftServer$Division (ServerState.java:setRaftConf(393)) - e511119d-2be0-4415-86a7-45a9e0c842d1@group-EB886BDF6BD0: set configuration 0: [e511119d-2be0-4415-86a7-45a9e0c842d1|rpc:10.1.0.16:33805|dataStream:|priority:1], old=null
2022-06-16 16:19:29,753 [Time-limited test] INFO  rpc.RpcClient (RpcClient.java:createVolume(466)) - Creating Volume: volume20207, with user36954 as owner and space quota set to -1 bytes, counts quota set to -1
2022-06-16 16:19:29,754 [OM StateMachine ApplyTransaction Thread - 0] INFO  volume.OMVolumeCreateRequest (OMVolumeCreateRequest.java:validateAndUpdateCache(195)) - created volume:volume20207 for user:user36954
2022-06-16 16:19:29,757 [Time-limited test] INFO  rpc.RpcClient (RpcClient.java:createBucket(666)) - Creating Bucket: volume20207/bucket99725, with the Bucket Layout LEGACY, runner as owner, Versioning false, Storage Type set to DISK and Encryption set to false 
2022-06-16 16:19:29,758 [OM StateMachine ApplyTransaction Thread - 0] INFO  bucket.OMBucketCreateRequest (OMBucketCreateRequest.java:validateAndUpdateCache(260)) - created bucket: bucket99725 of layout LEGACY in volume: volume20207
]]></system-out>
  </testcase>
  <testcase name="testOzoneFsServiceLoader" classname="TestRootedOzoneFileSystem" time="0.25">
    <system-out><![CDATA[2022-06-16 16:20:41,459 [Time-limited test] INFO  rpc.RpcClient (RpcClient.java:createVolume(466)) - Creating Volume: volume31658, with user84121 as owner and space quota set to -1 bytes, counts quota set to -1
2022-06-16 16:20:41,459 [IPC Server handler 17 on default port 42069] INFO  volume.OMVolumeCreateRequest (OMVolumeCreateRequest.java:validateAndUpdateCache(195)) - created volume:volume31658 for user:user84121
2022-06-16 16:20:41,460 [Time-limited test] INFO  rpc.RpcClient (RpcClient.java:createBucket(666)) - Creating Bucket: volume31658/bucket51674, with the Bucket Layout LEGACY, runner as owner, Versioning false, Storage Type set to DISK and Encryption set to false 
2022-06-16 16:20:41,460 [IPC Server handler 16 on default port 42069] INFO  bucket.OMBucketCreateRequest (OMBucketCreateRequest.java:validateAndUpdateCache(260)) - created bucket: bucket51674 of layout LEGACY in volume: volume31658
]]></system-out>
  </testcase>
  <testcase name="testOzoneFsServiceLoader" classname="TestRootedOzoneFileSystem" time="0.257">
    <system-out><![CDATA[2022-06-16 16:22:26,185 [Time-limited test] INFO  rpc.RpcClient (RpcClient.java:createVolume(466)) - Creating Volume: volume49740, with user59974 as owner and space quota set to -1 bytes, counts quota set to -1
2022-06-16 16:22:26,186 [OM StateMachine ApplyTransaction Thread - 0] INFO  volume.OMVolumeCreateRequest (OMVolumeCreateRequest.java:validateAndUpdateCache(195)) - created volume:volume49740 for user:user59974
2022-06-16 16:22:26,188 [Time-limited test] INFO  rpc.RpcClient (RpcClient.java:createBucket(666)) - Creating Bucket: volume49740/bucket68046, with the Bucket Layout LEGACY, runner as owner, Versioning false, Storage Type set to DISK and Encryption set to false 
2022-06-16 16:22:26,189 [OM StateMachine ApplyTransaction Thread - 0] INFO  bucket.OMBucketCreateRequest (OMBucketCreateRequest.java:validateAndUpdateCache(260)) - created bucket: bucket68046 of layout LEGACY in volume: volume49740
]]></system-out>
  </testcase>
  <testcase name="testOzoneFsServiceLoader" classname="TestRootedOzoneFileSystem" time="0.287">
    <system-out><![CDATA[2022-06-16 16:23:53,714 [Time-limited test] INFO  rpc.RpcClient (RpcClient.java:createVolume(466)) - Creating Volume: volume88754, with user45919 as owner and space quota set to -1 bytes, counts quota set to -1
2022-06-16 16:23:53,715 [IPC Server handler 0 on default port 44357] INFO  volume.OMVolumeCreateRequest (OMVolumeCreateRequest.java:validateAndUpdateCache(195)) - created volume:volume88754 for user:user45919
2022-06-16 16:23:53,715 [Time-limited test] INFO  rpc.RpcClient (RpcClient.java:createBucket(666)) - Creating Bucket: volume88754/bucket83899, with the Bucket Layout LEGACY, runner as owner, Versioning false, Storage Type set to DISK and Encryption set to false 
2022-06-16 16:23:53,716 [IPC Server handler 2 on default port 44357] INFO  bucket.OMBucketCreateRequest (OMBucketCreateRequest.java:validateAndUpdateCache(260)) - created bucket: bucket83899 of layout LEGACY in volume: volume88754
]]></system-out>
  </testcase>
  <testcase name="testBucketDefaultsShouldNotBeInheritedToFileForNonEC" classname="TestRootedOzoneFileSystem" time="0.147">
    <system-out><![CDATA[2022-06-16 16:18:26,279 [Time-limited test] INFO  rpc.RpcClient (RpcClient.java:createVolume(466)) - Creating Volume: volume76368, with user56814 as owner and space quota set to -1 bytes, counts quota set to -1
2022-06-16 16:18:26,284 [OM StateMachine ApplyTransaction Thread - 0] INFO  volume.OMVolumeCreateRequest (OMVolumeCreateRequest.java:validateAndUpdateCache(195)) - created volume:volume76368 for user:user56814
2022-06-16 16:18:26,287 [Time-limited test] INFO  rpc.RpcClient (RpcClient.java:createBucket(666)) - Creating Bucket: volume76368/bucket21306, with the Bucket Layout LEGACY, runner as owner, Versioning false, Storage Type set to DISK and Encryption set to false 
2022-06-16 16:18:26,289 [OM StateMachine ApplyTransaction Thread - 0] INFO  bucket.OMBucketCreateRequest (OMBucketCreateRequest.java:validateAndUpdateCache(260)) - created bucket: bucket21306 of layout LEGACY in volume: volume76368
2022-06-16 16:18:26,310 [Time-limited test] INFO  rpc.RpcClient (RpcClient.java:createVolume(466)) - Creating Volume: 4331b957-9b6d-4805-87b5-a1e166791080, with user71816 as owner and space quota set to -1 bytes, counts quota set to -1
2022-06-16 16:18:26,314 [OM StateMachine ApplyTransaction Thread - 0] INFO  volume.OMVolumeCreateRequest (OMVolumeCreateRequest.java:validateAndUpdateCache(195)) - created volume:4331b957-9b6d-4805-87b5-a1e166791080 for user:user71816
2022-06-16 16:18:26,316 [Time-limited test] INFO  rpc.RpcClient (RpcClient.java:createBucket(666)) - Creating Bucket: 4331b957-9b6d-4805-87b5-a1e166791080/2873f826-0061-4f68-9c8f-19b4e559aa56, with the Bucket Layout LEGACY, runner as owner, Versioning false, Storage Type set to DISK and Encryption set to false 
2022-06-16 16:18:26,324 [OM StateMachine ApplyTransaction Thread - 0] INFO  bucket.OMBucketCreateRequest (OMBucketCreateRequest.java:validateAndUpdateCache(260)) - created bucket: 2873f826-0061-4f68-9c8f-19b4e559aa56 of layout LEGACY in volume: 4331b957-9b6d-4805-87b5-a1e166791080
]]></system-out>
  </testcase>
  <testcase name="testBucketDefaultsShouldNotBeInheritedToFileForNonEC" classname="TestRootedOzoneFileSystem" time="0.363">
    <system-out><![CDATA[2022-06-16 16:19:29,894 [Time-limited test] INFO  rpc.RpcClient (RpcClient.java:createVolume(466)) - Creating Volume: volume88192, with user30420 as owner and space quota set to -1 bytes, counts quota set to -1
2022-06-16 16:19:29,896 [OM StateMachine ApplyTransaction Thread - 0] INFO  volume.OMVolumeCreateRequest (OMVolumeCreateRequest.java:validateAndUpdateCache(195)) - created volume:volume88192 for user:user30420
2022-06-16 16:19:29,899 [Time-limited test] INFO  rpc.RpcClient (RpcClient.java:createBucket(666)) - Creating Bucket: volume88192/bucket22565, with the Bucket Layout LEGACY, runner as owner, Versioning false, Storage Type set to DISK and Encryption set to false 
2022-06-16 16:19:29,900 [OM StateMachine ApplyTransaction Thread - 0] INFO  bucket.OMBucketCreateRequest (OMBucketCreateRequest.java:validateAndUpdateCache(260)) - created bucket: bucket22565 of layout LEGACY in volume: volume88192
2022-06-16 16:19:29,955 [Time-limited test] INFO  rpc.RpcClient (RpcClient.java:createVolume(466)) - Creating Volume: c07d7b80-23e2-4953-aaf3-f134fa75d9a7, with user97459 as owner and space quota set to -1 bytes, counts quota set to -1
2022-06-16 16:19:29,957 [OM StateMachine ApplyTransaction Thread - 0] INFO  volume.OMVolumeCreateRequest (OMVolumeCreateRequest.java:validateAndUpdateCache(195)) - created volume:c07d7b80-23e2-4953-aaf3-f134fa75d9a7 for user:user97459
2022-06-16 16:19:29,959 [Time-limited test] INFO  rpc.RpcClient (RpcClient.java:createBucket(666)) - Creating Bucket: c07d7b80-23e2-4953-aaf3-f134fa75d9a7/b5df2ab2-d1ab-4a51-bb39-2e8bffea7ca0, with the Bucket Layout LEGACY, runner as owner, Versioning false, Storage Type set to DISK and Encryption set to false 
2022-06-16 16:19:29,961 [OM StateMachine ApplyTransaction Thread - 0] INFO  bucket.OMBucketCreateRequest (OMBucketCreateRequest.java:validateAndUpdateCache(260)) - created bucket: b5df2ab2-d1ab-4a51-bb39-2e8bffea7ca0 of layout LEGACY in volume: c07d7b80-23e2-4953-aaf3-f134fa75d9a7
]]></system-out>
  </testcase>
  <testcase name="testBucketDefaultsShouldNotBeInheritedToFileForNonEC" classname="TestRootedOzoneFileSystem" time="0.572">
    <system-out><![CDATA[2022-06-16 16:20:41,692 [Time-limited test] INFO  rpc.RpcClient (RpcClient.java:createVolume(466)) - Creating Volume: volume98575, with user63805 as owner and space quota set to -1 bytes, counts quota set to -1
2022-06-16 16:20:41,693 [IPC Server handler 15 on default port 42069] INFO  volume.OMVolumeCreateRequest (OMVolumeCreateRequest.java:validateAndUpdateCache(195)) - created volume:volume98575 for user:user63805
2022-06-16 16:20:41,694 [Time-limited test] INFO  rpc.RpcClient (RpcClient.java:createBucket(666)) - Creating Bucket: volume98575/bucket16421, with the Bucket Layout LEGACY, runner as owner, Versioning false, Storage Type set to DISK and Encryption set to false 
2022-06-16 16:20:41,694 [IPC Server handler 14 on default port 42069] INFO  bucket.OMBucketCreateRequest (OMBucketCreateRequest.java:validateAndUpdateCache(260)) - created bucket: bucket16421 of layout LEGACY in volume: volume98575
2022-06-16 16:20:41,808 [Time-limited test] INFO  rpc.RpcClient (RpcClient.java:createVolume(466)) - Creating Volume: 67a99418-9294-4e86-bd61-d58b84a7472c, with user68030 as owner and space quota set to -1 bytes, counts quota set to -1
2022-06-16 16:20:41,810 [IPC Server handler 0 on default port 42069] INFO  volume.OMVolumeCreateRequest (OMVolumeCreateRequest.java:validateAndUpdateCache(195)) - created volume:67a99418-9294-4e86-bd61-d58b84a7472c for user:user68030
2022-06-16 16:20:41,811 [Time-limited test] INFO  rpc.RpcClient (RpcClient.java:createBucket(666)) - Creating Bucket: 67a99418-9294-4e86-bd61-d58b84a7472c/8c9344ed-4523-4c94-9a5a-477549999b03, with the Bucket Layout LEGACY, runner as owner, Versioning false, Storage Type set to DISK and Encryption set to false 
2022-06-16 16:20:41,812 [IPC Server handler 3 on default port 42069] INFO  bucket.OMBucketCreateRequest (OMBucketCreateRequest.java:validateAndUpdateCache(260)) - created bucket: 8c9344ed-4523-4c94-9a5a-477549999b03 of layout LEGACY in volume: 67a99418-9294-4e86-bd61-d58b84a7472c
]]></system-out>
  </testcase>
  <testcase name="testBucketDefaultsShouldNotBeInheritedToFileForNonEC" classname="TestRootedOzoneFileSystem" time="0.536">
    <system-out><![CDATA[2022-06-16 16:22:26,413 [Time-limited test] INFO  rpc.RpcClient (RpcClient.java:createVolume(466)) - Creating Volume: volume50912, with user39603 as owner and space quota set to -1 bytes, counts quota set to -1
2022-06-16 16:22:26,415 [OM StateMachine ApplyTransaction Thread - 0] INFO  volume.OMVolumeCreateRequest (OMVolumeCreateRequest.java:validateAndUpdateCache(195)) - created volume:volume50912 for user:user39603
2022-06-16 16:22:26,418 [Time-limited test] INFO  rpc.RpcClient (RpcClient.java:createBucket(666)) - Creating Bucket: volume50912/bucket66321, with the Bucket Layout LEGACY, runner as owner, Versioning false, Storage Type set to DISK and Encryption set to false 
2022-06-16 16:22:26,419 [OM StateMachine ApplyTransaction Thread - 0] INFO  bucket.OMBucketCreateRequest (OMBucketCreateRequest.java:validateAndUpdateCache(260)) - created bucket: bucket66321 of layout LEGACY in volume: volume50912
2022-06-16 16:22:26,588 [Time-limited test] INFO  rpc.RpcClient (RpcClient.java:createVolume(466)) - Creating Volume: 8a7ece0d-592c-4402-8670-1a5c6714fa81, with user13875 as owner and space quota set to -1 bytes, counts quota set to -1
2022-06-16 16:22:26,591 [OM StateMachine ApplyTransaction Thread - 0] INFO  volume.OMVolumeCreateRequest (OMVolumeCreateRequest.java:validateAndUpdateCache(195)) - created volume:8a7ece0d-592c-4402-8670-1a5c6714fa81 for user:user13875
2022-06-16 16:22:26,592 [Time-limited test] INFO  rpc.RpcClient (RpcClient.java:createBucket(666)) - Creating Bucket: 8a7ece0d-592c-4402-8670-1a5c6714fa81/a3fa9c86-34b0-45d2-883b-ad7441ff0a9c, with the Bucket Layout LEGACY, runner as owner, Versioning false, Storage Type set to DISK and Encryption set to false 
2022-06-16 16:22:26,593 [OM StateMachine ApplyTransaction Thread - 0] INFO  bucket.OMBucketCreateRequest (OMBucketCreateRequest.java:validateAndUpdateCache(260)) - created bucket: a3fa9c86-34b0-45d2-883b-ad7441ff0a9c of layout LEGACY in volume: 8a7ece0d-592c-4402-8670-1a5c6714fa81
]]></system-out>
  </testcase>
  <testcase name="testBucketDefaultsShouldNotBeInheritedToFileForNonEC" classname="TestRootedOzoneFileSystem" time="0.676">
    <system-out><![CDATA[2022-06-16 16:23:54,008 [Time-limited test] INFO  rpc.RpcClient (RpcClient.java:createVolume(466)) - Creating Volume: volume85620, with user47718 as owner and space quota set to -1 bytes, counts quota set to -1
2022-06-16 16:23:54,014 [IPC Server handler 3 on default port 44357] INFO  volume.OMVolumeCreateRequest (OMVolumeCreateRequest.java:validateAndUpdateCache(195)) - created volume:volume85620 for user:user47718
2022-06-16 16:23:54,025 [Time-limited test] INFO  rpc.RpcClient (RpcClient.java:createBucket(666)) - Creating Bucket: volume85620/bucket29531, with the Bucket Layout LEGACY, runner as owner, Versioning false, Storage Type set to DISK and Encryption set to false 
2022-06-16 16:23:54,025 [IPC Server handler 1 on default port 44357] INFO  bucket.OMBucketCreateRequest (OMBucketCreateRequest.java:validateAndUpdateCache(260)) - created bucket: bucket29531 of layout LEGACY in volume: volume85620
2022-06-16 16:23:54,093 [114f19ad-63b2-4d1e-94e1-d37be13df7e0@group-65568590AF2F-FollowerState] INFO  impl.FollowerState (FollowerState.java:run(143)) - 114f19ad-63b2-4d1e-94e1-d37be13df7e0@group-65568590AF2F-FollowerState: change to CANDIDATE, lastRpcElapsedTime:5111349221ns, electionTimeout:5086ms
2022-06-16 16:23:54,093 [114f19ad-63b2-4d1e-94e1-d37be13df7e0@group-65568590AF2F-FollowerState] INFO  impl.RoleInfo (RoleInfo.java:shutdownFollowerState(110)) - 114f19ad-63b2-4d1e-94e1-d37be13df7e0: shutdown 114f19ad-63b2-4d1e-94e1-d37be13df7e0@group-65568590AF2F-FollowerState
2022-06-16 16:23:54,093 [114f19ad-63b2-4d1e-94e1-d37be13df7e0@group-65568590AF2F-FollowerState] INFO  server.RaftServer$Division (RaftServerImpl.java:setRole(299)) - 114f19ad-63b2-4d1e-94e1-d37be13df7e0@group-65568590AF2F: changes role from  FOLLOWER to CANDIDATE at term 0 for changeToCandidate
2022-06-16 16:23:54,093 [114f19ad-63b2-4d1e-94e1-d37be13df7e0@group-65568590AF2F-FollowerState] INFO  server.RaftServerConfigKeys (ConfUtils.java:logGet(46)) - raft.server.leaderelection.pre-vote = false (custom)
2022-06-16 16:23:54,093 [114f19ad-63b2-4d1e-94e1-d37be13df7e0@group-65568590AF2F-FollowerState] INFO  impl.RoleInfo (RoleInfo.java:updateAndGet(139)) - 114f19ad-63b2-4d1e-94e1-d37be13df7e0: start 114f19ad-63b2-4d1e-94e1-d37be13df7e0@group-65568590AF2F-LeaderElection103
2022-06-16 16:23:54,123 [114f19ad-63b2-4d1e-94e1-d37be13df7e0@group-65568590AF2F-LeaderElection103] INFO  impl.LeaderElection (LeaderElection.java:askForVotes(310)) - 114f19ad-63b2-4d1e-94e1-d37be13df7e0@group-65568590AF2F-LeaderElection103 ELECTION round 0: submit vote requests at term 1 for -1: [114f19ad-63b2-4d1e-94e1-d37be13df7e0|rpc:10.1.0.16:39887|priority:1], old=null
2022-06-16 16:23:54,123 [114f19ad-63b2-4d1e-94e1-d37be13df7e0@group-65568590AF2F-LeaderElection103] INFO  impl.LeaderElection (LeaderElection.java:askForVotes(312)) - 114f19ad-63b2-4d1e-94e1-d37be13df7e0@group-65568590AF2F-LeaderElection103 ELECTION round 0: result PASSED (term=1)
2022-06-16 16:23:54,123 [114f19ad-63b2-4d1e-94e1-d37be13df7e0@group-65568590AF2F-LeaderElection103] INFO  impl.RoleInfo (RoleInfo.java:shutdownLeaderElection(130)) - 114f19ad-63b2-4d1e-94e1-d37be13df7e0: shutdown 114f19ad-63b2-4d1e-94e1-d37be13df7e0@group-65568590AF2F-LeaderElection103
2022-06-16 16:23:54,123 [114f19ad-63b2-4d1e-94e1-d37be13df7e0@group-65568590AF2F-LeaderElection103] INFO  server.RaftServer$Division (RaftServerImpl.java:setRole(299)) - 114f19ad-63b2-4d1e-94e1-d37be13df7e0@group-65568590AF2F: changes role from CANDIDATE to LEADER at term 1 for changeToLeader
2022-06-16 16:23:54,123 [114f19ad-63b2-4d1e-94e1-d37be13df7e0@group-65568590AF2F-LeaderElection103] INFO  ratis.XceiverServerRatis (XceiverServerRatis.java:handleLeaderChangedNotification(863)) - Leader change notification received for group: group-65568590AF2F with new leaderId: 114f19ad-63b2-4d1e-94e1-d37be13df7e0
2022-06-16 16:23:54,124 [114f19ad-63b2-4d1e-94e1-d37be13df7e0@group-65568590AF2F-LeaderElection103] INFO  server.RaftServer$Division (ServerState.java:setLeader(287)) - 114f19ad-63b2-4d1e-94e1-d37be13df7e0@group-65568590AF2F: change Leader from null to 114f19ad-63b2-4d1e-94e1-d37be13df7e0 at term 1 for becomeLeader, leader elected after 5229ms
2022-06-16 16:23:54,124 [114f19ad-63b2-4d1e-94e1-d37be13df7e0@group-65568590AF2F-LeaderElection103] INFO  server.RaftServerConfigKeys (ConfUtils.java:logGet(46)) - raft.server.staging.catchup.gap = 1000 (default)
2022-06-16 16:23:54,125 [114f19ad-63b2-4d1e-94e1-d37be13df7e0@group-65568590AF2F-LeaderElection103] INFO  server.RaftServerConfigKeys (ConfUtils.java:logGet(46)) - raft.server.write.element-limit = 1024 (custom)
2022-06-16 16:23:54,125 [114f19ad-63b2-4d1e-94e1-d37be13df7e0@group-65568590AF2F-LeaderElection103] INFO  server.RaftServerConfigKeys (ConfUtils.java:logGet(46)) - raft.server.write.byte-limit = 1024 M (=1073741824) (custom)
2022-06-16 16:23:54,125 [114f19ad-63b2-4d1e-94e1-d37be13df7e0@group-65568590AF2F-LeaderElection103] INFO  server.RaftServerConfigKeys (ConfUtils.java:logGet(46)) - raft.server.watch.timeout = 180s (custom)
2022-06-16 16:23:54,125 [114f19ad-63b2-4d1e-94e1-d37be13df7e0@group-65568590AF2F-LeaderElection103] INFO  server.RaftServerConfigKeys (ConfUtils.java:logGet(46)) - raft.server.watch.timeout.denomination = 1s (default)
2022-06-16 16:23:54,125 [114f19ad-63b2-4d1e-94e1-d37be13df7e0@group-65568590AF2F-LeaderElection103] INFO  server.RaftServerConfigKeys (ConfUtils.java:logGet(46)) - raft.server.watch.element-limit = 65536 (default)
2022-06-16 16:23:54,127 [114f19ad-63b2-4d1e-94e1-d37be13df7e0@group-65568590AF2F-LeaderElection103] INFO  server.RaftServerConfigKeys (ConfUtils.java:logGet(46)) - raft.server.write.element-limit = 1024 (custom)
2022-06-16 16:23:54,127 [114f19ad-63b2-4d1e-94e1-d37be13df7e0@group-65568590AF2F-LeaderElection103] INFO  server.RaftServerConfigKeys (ConfUtils.java:logGet(46)) - raft.server.write.follower.gap.ratio.max = -1.0 (default)
2022-06-16 16:23:54,127 [114f19ad-63b2-4d1e-94e1-d37be13df7e0@group-65568590AF2F-LeaderElection103] INFO  impl.RoleInfo (RoleInfo.java:updateAndGet(139)) - 114f19ad-63b2-4d1e-94e1-d37be13df7e0: start 114f19ad-63b2-4d1e-94e1-d37be13df7e0@group-65568590AF2F-LeaderStateImpl
2022-06-16 16:23:54,127 [114f19ad-63b2-4d1e-94e1-d37be13df7e0@group-65568590AF2F-LeaderElection103] INFO  segmented.SegmentedRaftLogWorker (SegmentedRaftLogWorker.java:startLogSegment(425)) - 114f19ad-63b2-4d1e-94e1-d37be13df7e0@group-65568590AF2F-SegmentedRaftLogWorker: Starting segment from index:0
2022-06-16 16:23:54,190 [114f19ad-63b2-4d1e-94e1-d37be13df7e0@group-65568590AF2F-SegmentedRaftLogWorker] INFO  segmented.SegmentedRaftLogWorker (SegmentedRaftLogWorker.java:execute(629)) - 114f19ad-63b2-4d1e-94e1-d37be13df7e0@group-65568590AF2F-SegmentedRaftLogWorker: created new log segment /home/runner/work/ozone/ozone/hadoop-ozone/integration-test/target/test-dir/MiniOzoneClusterImpl-013b413b-6c7c-488f-84aa-e92bb4d6b165/datanode-4/data/ratis/4dc86c0f-e78f-4bf7-9186-65568590af2f/current/log_inprogress_0
2022-06-16 16:23:54,207 [114f19ad-63b2-4d1e-94e1-d37be13df7e0@group-65568590AF2F-LeaderElection103] INFO  server.RaftServer$Division (ServerState.java:setRaftConf(393)) - 114f19ad-63b2-4d1e-94e1-d37be13df7e0@group-65568590AF2F: set configuration 0: [114f19ad-63b2-4d1e-94e1-d37be13df7e0|rpc:10.1.0.16:39887|dataStream:|priority:1], old=null
2022-06-16 16:23:54,242 [Time-limited test] INFO  rpc.RpcClient (RpcClient.java:createVolume(466)) - Creating Volume: 152433e7-3d59-4b1b-a2e7-125835fcbbc7, with user05403 as owner and space quota set to -1 bytes, counts quota set to -1
2022-06-16 16:23:54,246 [IPC Server handler 11 on default port 44357] INFO  volume.OMVolumeCreateRequest (OMVolumeCreateRequest.java:validateAndUpdateCache(195)) - created volume:152433e7-3d59-4b1b-a2e7-125835fcbbc7 for user:user05403
2022-06-16 16:23:54,247 [Time-limited test] INFO  rpc.RpcClient (RpcClient.java:createBucket(666)) - Creating Bucket: 152433e7-3d59-4b1b-a2e7-125835fcbbc7/2b2b41a1-2834-4511-befe-070066303f6a, with the Bucket Layout LEGACY, runner as owner, Versioning false, Storage Type set to DISK and Encryption set to false 
2022-06-16 16:23:54,247 [IPC Server handler 7 on default port 44357] INFO  bucket.OMBucketCreateRequest (OMBucketCreateRequest.java:validateAndUpdateCache(260)) - created bucket: 2b2b41a1-2834-4511-befe-070066303f6a of layout LEGACY in volume: 152433e7-3d59-4b1b-a2e7-125835fcbbc7
]]></system-out>
  </testcase>
  <testcase name="testTrash" classname="TestRootedOzoneFileSystem" time="0">
    <skipped/>
  </testcase>
  <testcase name="testTrash" classname="TestRootedOzoneFileSystem" time="0">
    <skipped/>
  </testcase>
  <testcase name="testTrash" classname="TestRootedOzoneFileSystem" time="0">
    <skipped/>
  </testcase>
  <testcase name="testTrash" classname="TestRootedOzoneFileSystem" time="0">
    <skipped/>
  </testcase>
  <testcase name="testTrash" classname="TestRootedOzoneFileSystem" time="0">
    <skipped/>
  </testcase>
  <testcase name="testRenameDestinationParentDoesntExist" classname="TestRootedOzoneFileSystem" time="0.075">
    <system-out><![CDATA[2022-06-16 16:18:26,424 [Time-limited test] INFO  rpc.RpcClient (RpcClient.java:createVolume(466)) - Creating Volume: volume20868, with user13734 as owner and space quota set to -1 bytes, counts quota set to -1
2022-06-16 16:18:26,427 [OM StateMachine ApplyTransaction Thread - 0] INFO  volume.OMVolumeCreateRequest (OMVolumeCreateRequest.java:validateAndUpdateCache(195)) - created volume:volume20868 for user:user13734
2022-06-16 16:18:26,430 [Time-limited test] INFO  rpc.RpcClient (RpcClient.java:createBucket(666)) - Creating Bucket: volume20868/bucket44407, with the Bucket Layout LEGACY, runner as owner, Versioning false, Storage Type set to DISK and Encryption set to false 
2022-06-16 16:18:26,434 [OM StateMachine ApplyTransaction Thread - 0] INFO  bucket.OMBucketCreateRequest (OMBucketCreateRequest.java:validateAndUpdateCache(260)) - created bucket: bucket44407 of layout LEGACY in volume: volume20868
16:18:26.445 [IPC Server handler 8 on default port 37419] ERROR OMAudit - user=runner | ip=127.0.0.1 | op=GET_FILE_STATUS {volume=volume20868, bucket=bucket44407, key=root_dir/b/c, dataSize=0, replicationConfig=null} | ret=FAILURE
org.apache.hadoop.ozone.om.exceptions.OMException: Unable to get file status: volume: volume20868 bucket: bucket44407 key: root_dir/b/c
	at org.apache.hadoop.ozone.om.KeyManagerImpl.getOzoneFileStatus(KeyManagerImpl.java:1283) ~[ozone-manager-1.3.0-SNAPSHOT.jar:?]
	at org.apache.hadoop.ozone.om.KeyManagerImpl.getFileStatus(KeyManagerImpl.java:1213) ~[ozone-manager-1.3.0-SNAPSHOT.jar:?]
	at org.apache.hadoop.ozone.om.OzoneManager.getFileStatus(OzoneManager.java:3419) ~[ozone-manager-1.3.0-SNAPSHOT.jar:?]
	at org.apache.hadoop.ozone.protocolPB.OzoneManagerRequestHandler.getOzoneFileStatus(OzoneManagerRequestHandler.java:871) ~[ozone-manager-1.3.0-SNAPSHOT.jar:?]
	at org.apache.hadoop.ozone.protocolPB.OzoneManagerRequestHandler.handleReadRequest(OzoneManagerRequestHandler.java:217) ~[ozone-manager-1.3.0-SNAPSHOT.jar:?]
	at org.apache.hadoop.ozone.protocolPB.OzoneManagerProtocolServerSideTranslatorPB.submitReadRequestToOM(OzoneManagerProtocolServerSideTranslatorPB.java:225) ~[ozone-manager-1.3.0-SNAPSHOT.jar:?]
	at org.apache.hadoop.ozone.protocolPB.OzoneManagerProtocolServerSideTranslatorPB.processRequest(OzoneManagerProtocolServerSideTranslatorPB.java:175) ~[ozone-manager-1.3.0-SNAPSHOT.jar:?]
	at org.apache.hadoop.hdds.server.OzoneProtocolMessageDispatcher.processRequest(OzoneProtocolMessageDispatcher.java:87) [hdds-server-framework-1.3.0-SNAPSHOT.jar:?]
	at org.apache.hadoop.ozone.protocolPB.OzoneManagerProtocolServerSideTranslatorPB.submitRequest(OzoneManagerProtocolServerSideTranslatorPB.java:147) [ozone-manager-1.3.0-SNAPSHOT.jar:?]
	at org.apache.hadoop.ozone.protocol.proto.OzoneManagerProtocolProtos$OzoneManagerService$2.callBlockingMethod(OzoneManagerProtocolProtos.java) [ozone-interface-client-1.3.0-SNAPSHOT.jar:?]
	at org.apache.hadoop.ipc.ProtobufRpcEngine$Server.processCall(ProtobufRpcEngine.java:466) [hadoop-common-3.3.1.jar:?]
	at org.apache.hadoop.ipc.ProtobufRpcEngine2$Server$ProtoBufRpcInvoker.call(ProtobufRpcEngine2.java:574) [hadoop-common-3.3.1.jar:?]
	at org.apache.hadoop.ipc.ProtobufRpcEngine2$Server$ProtoBufRpcInvoker.call(ProtobufRpcEngine2.java:552) [hadoop-common-3.3.1.jar:?]
	at org.apache.hadoop.ipc.RPC$Server.call(RPC.java:1093) [hadoop-common-3.3.1.jar:?]
	at org.apache.hadoop.ipc.Server$RpcCall.run(Server.java:1035) [hadoop-common-3.3.1.jar:?]
	at org.apache.hadoop.ipc.Server$RpcCall.run(Server.java:963) [hadoop-common-3.3.1.jar:?]
	at java.security.AccessController.doPrivileged(Native Method) ~[?:1.8.0_332]
	at javax.security.auth.Subject.doAs(Subject.java:422) [?:1.8.0_332]
	at org.apache.hadoop.security.UserGroupInformation.doAs(UserGroupInformation.java:1878) [hadoop-common-3.3.1.jar:?]
	at org.apache.hadoop.ipc.Server$Handler.run(Server.java:2966) [hadoop-common-3.3.1.jar:?]
16:18:26.447 [IPC Server handler 14 on default port 37419] ERROR OMAudit - user=runner | ip=127.0.0.1 | op=GET_FILE_STATUS {volume=volume20868, bucket=bucket44407, key=root_dir/b, dataSize=0, replicationConfig=null} | ret=FAILURE
org.apache.hadoop.ozone.om.exceptions.OMException: Unable to get file status: volume: volume20868 bucket: bucket44407 key: root_dir/b
	at org.apache.hadoop.ozone.om.KeyManagerImpl.getOzoneFileStatus(KeyManagerImpl.java:1283) ~[ozone-manager-1.3.0-SNAPSHOT.jar:?]
	at org.apache.hadoop.ozone.om.KeyManagerImpl.getFileStatus(KeyManagerImpl.java:1213) ~[ozone-manager-1.3.0-SNAPSHOT.jar:?]
	at org.apache.hadoop.ozone.om.OzoneManager.getFileStatus(OzoneManager.java:3419) ~[ozone-manager-1.3.0-SNAPSHOT.jar:?]
	at org.apache.hadoop.ozone.protocolPB.OzoneManagerRequestHandler.getOzoneFileStatus(OzoneManagerRequestHandler.java:871) ~[ozone-manager-1.3.0-SNAPSHOT.jar:?]
	at org.apache.hadoop.ozone.protocolPB.OzoneManagerRequestHandler.handleReadRequest(OzoneManagerRequestHandler.java:217) ~[ozone-manager-1.3.0-SNAPSHOT.jar:?]
	at org.apache.hadoop.ozone.protocolPB.OzoneManagerProtocolServerSideTranslatorPB.submitReadRequestToOM(OzoneManagerProtocolServerSideTranslatorPB.java:225) ~[ozone-manager-1.3.0-SNAPSHOT.jar:?]
	at org.apache.hadoop.ozone.protocolPB.OzoneManagerProtocolServerSideTranslatorPB.processRequest(OzoneManagerProtocolServerSideTranslatorPB.java:175) ~[ozone-manager-1.3.0-SNAPSHOT.jar:?]
	at org.apache.hadoop.hdds.server.OzoneProtocolMessageDispatcher.processRequest(OzoneProtocolMessageDispatcher.java:87) [hdds-server-framework-1.3.0-SNAPSHOT.jar:?]
	at org.apache.hadoop.ozone.protocolPB.OzoneManagerProtocolServerSideTranslatorPB.submitRequest(OzoneManagerProtocolServerSideTranslatorPB.java:147) [ozone-manager-1.3.0-SNAPSHOT.jar:?]
	at org.apache.hadoop.ozone.protocol.proto.OzoneManagerProtocolProtos$OzoneManagerService$2.callBlockingMethod(OzoneManagerProtocolProtos.java) [ozone-interface-client-1.3.0-SNAPSHOT.jar:?]
	at org.apache.hadoop.ipc.ProtobufRpcEngine$Server.processCall(ProtobufRpcEngine.java:466) [hadoop-common-3.3.1.jar:?]
	at org.apache.hadoop.ipc.ProtobufRpcEngine2$Server$ProtoBufRpcInvoker.call(ProtobufRpcEngine2.java:574) [hadoop-common-3.3.1.jar:?]
	at org.apache.hadoop.ipc.ProtobufRpcEngine2$Server$ProtoBufRpcInvoker.call(ProtobufRpcEngine2.java:552) [hadoop-common-3.3.1.jar:?]
	at org.apache.hadoop.ipc.RPC$Server.call(RPC.java:1093) [hadoop-common-3.3.1.jar:?]
	at org.apache.hadoop.ipc.Server$RpcCall.run(Server.java:1035) [hadoop-common-3.3.1.jar:?]
	at org.apache.hadoop.ipc.Server$RpcCall.run(Server.java:963) [hadoop-common-3.3.1.jar:?]
	at java.security.AccessController.doPrivileged(Native Method) ~[?:1.8.0_332]
	at javax.security.auth.Subject.doAs(Subject.java:422) [?:1.8.0_332]
	at org.apache.hadoop.security.UserGroupInformation.doAs(UserGroupInformation.java:1878) [hadoop-common-3.3.1.jar:?]
	at org.apache.hadoop.ipc.Server$Handler.run(Server.java:2966) [hadoop-common-3.3.1.jar:?]
16:18:26.462 [IPC Server handler 6 on default port 37419] ERROR OMAudit - user=runner | ip=127.0.0.1 | op=GET_FILE_STATUS {volume=volume20868, bucket=bucket44407, key=root_dir/file1/c, dataSize=0, replicationConfig=null} | ret=FAILURE
org.apache.hadoop.ozone.om.exceptions.OMException: Unable to get file status: volume: volume20868 bucket: bucket44407 key: root_dir/file1/c
	at org.apache.hadoop.ozone.om.KeyManagerImpl.getOzoneFileStatus(KeyManagerImpl.java:1283) ~[ozone-manager-1.3.0-SNAPSHOT.jar:?]
	at org.apache.hadoop.ozone.om.KeyManagerImpl.getFileStatus(KeyManagerImpl.java:1213) ~[ozone-manager-1.3.0-SNAPSHOT.jar:?]
	at org.apache.hadoop.ozone.om.OzoneManager.getFileStatus(OzoneManager.java:3419) ~[ozone-manager-1.3.0-SNAPSHOT.jar:?]
	at org.apache.hadoop.ozone.protocolPB.OzoneManagerRequestHandler.getOzoneFileStatus(OzoneManagerRequestHandler.java:871) ~[ozone-manager-1.3.0-SNAPSHOT.jar:?]
	at org.apache.hadoop.ozone.protocolPB.OzoneManagerRequestHandler.handleReadRequest(OzoneManagerRequestHandler.java:217) ~[ozone-manager-1.3.0-SNAPSHOT.jar:?]
	at org.apache.hadoop.ozone.protocolPB.OzoneManagerProtocolServerSideTranslatorPB.submitReadRequestToOM(OzoneManagerProtocolServerSideTranslatorPB.java:225) ~[ozone-manager-1.3.0-SNAPSHOT.jar:?]
	at org.apache.hadoop.ozone.protocolPB.OzoneManagerProtocolServerSideTranslatorPB.processRequest(OzoneManagerProtocolServerSideTranslatorPB.java:175) ~[ozone-manager-1.3.0-SNAPSHOT.jar:?]
	at org.apache.hadoop.hdds.server.OzoneProtocolMessageDispatcher.processRequest(OzoneProtocolMessageDispatcher.java:87) [hdds-server-framework-1.3.0-SNAPSHOT.jar:?]
	at org.apache.hadoop.ozone.protocolPB.OzoneManagerProtocolServerSideTranslatorPB.submitRequest(OzoneManagerProtocolServerSideTranslatorPB.java:147) [ozone-manager-1.3.0-SNAPSHOT.jar:?]
	at org.apache.hadoop.ozone.protocol.proto.OzoneManagerProtocolProtos$OzoneManagerService$2.callBlockingMethod(OzoneManagerProtocolProtos.java) [ozone-interface-client-1.3.0-SNAPSHOT.jar:?]
	at org.apache.hadoop.ipc.ProtobufRpcEngine$Server.processCall(ProtobufRpcEngine.java:466) [hadoop-common-3.3.1.jar:?]
	at org.apache.hadoop.ipc.ProtobufRpcEngine2$Server$ProtoBufRpcInvoker.call(ProtobufRpcEngine2.java:574) [hadoop-common-3.3.1.jar:?]
	at org.apache.hadoop.ipc.ProtobufRpcEngine2$Server$ProtoBufRpcInvoker.call(ProtobufRpcEngine2.java:552) [hadoop-common-3.3.1.jar:?]
	at org.apache.hadoop.ipc.RPC$Server.call(RPC.java:1093) [hadoop-common-3.3.1.jar:?]
	at org.apache.hadoop.ipc.Server$RpcCall.run(Server.java:1035) [hadoop-common-3.3.1.jar:?]
	at org.apache.hadoop.ipc.Server$RpcCall.run(Server.java:963) [hadoop-common-3.3.1.jar:?]
	at java.security.AccessController.doPrivileged(Native Method) ~[?:1.8.0_332]
	at javax.security.auth.Subject.doAs(Subject.java:422) [?:1.8.0_332]
	at org.apache.hadoop.security.UserGroupInformation.doAs(UserGroupInformation.java:1878) [hadoop-common-3.3.1.jar:?]
	at org.apache.hadoop.ipc.Server$Handler.run(Server.java:2966) [hadoop-common-3.3.1.jar:?]
]]></system-out>
  </testcase>
  <testcase name="testRenameDestinationParentDoesntExist" classname="TestRootedOzoneFileSystem" time="0.115">
    <system-out><![CDATA[2022-06-16 16:19:30,241 [Time-limited test] INFO  rpc.RpcClient (RpcClient.java:createVolume(466)) - Creating Volume: volume63799, with user69110 as owner and space quota set to -1 bytes, counts quota set to -1
2022-06-16 16:19:30,244 [OM StateMachine ApplyTransaction Thread - 0] INFO  volume.OMVolumeCreateRequest (OMVolumeCreateRequest.java:validateAndUpdateCache(195)) - created volume:volume63799 for user:user69110
2022-06-16 16:19:30,245 [Time-limited test] INFO  rpc.RpcClient (RpcClient.java:createBucket(666)) - Creating Bucket: volume63799/bucket73965, with the Bucket Layout LEGACY, runner as owner, Versioning false, Storage Type set to DISK and Encryption set to false 
2022-06-16 16:19:30,246 [OM StateMachine ApplyTransaction Thread - 0] INFO  bucket.OMBucketCreateRequest (OMBucketCreateRequest.java:validateAndUpdateCache(260)) - created bucket: bucket73965 of layout LEGACY in volume: volume63799
16:19:30.252 [IPC Server handler 7 on default port 34065] ERROR OMAudit - user=runner | ip=127.0.0.1 | op=GET_FILE_STATUS {volume=volume63799, bucket=bucket73965, key=root_dir/b/c, dataSize=0, replicationConfig=null} | ret=FAILURE
org.apache.hadoop.ozone.om.exceptions.OMException: Unable to get file status: volume: volume63799 bucket: bucket73965 key: root_dir/b/c
	at org.apache.hadoop.ozone.om.KeyManagerImpl.getOzoneFileStatus(KeyManagerImpl.java:1283) ~[ozone-manager-1.3.0-SNAPSHOT.jar:?]
	at org.apache.hadoop.ozone.om.KeyManagerImpl.getFileStatus(KeyManagerImpl.java:1213) ~[ozone-manager-1.3.0-SNAPSHOT.jar:?]
	at org.apache.hadoop.ozone.om.OzoneManager.getFileStatus(OzoneManager.java:3419) ~[ozone-manager-1.3.0-SNAPSHOT.jar:?]
	at org.apache.hadoop.ozone.protocolPB.OzoneManagerRequestHandler.getOzoneFileStatus(OzoneManagerRequestHandler.java:871) ~[ozone-manager-1.3.0-SNAPSHOT.jar:?]
	at org.apache.hadoop.ozone.protocolPB.OzoneManagerRequestHandler.handleReadRequest(OzoneManagerRequestHandler.java:217) ~[ozone-manager-1.3.0-SNAPSHOT.jar:?]
	at org.apache.hadoop.ozone.protocolPB.OzoneManagerProtocolServerSideTranslatorPB.submitReadRequestToOM(OzoneManagerProtocolServerSideTranslatorPB.java:225) ~[ozone-manager-1.3.0-SNAPSHOT.jar:?]
	at org.apache.hadoop.ozone.protocolPB.OzoneManagerProtocolServerSideTranslatorPB.processRequest(OzoneManagerProtocolServerSideTranslatorPB.java:175) ~[ozone-manager-1.3.0-SNAPSHOT.jar:?]
	at org.apache.hadoop.hdds.server.OzoneProtocolMessageDispatcher.processRequest(OzoneProtocolMessageDispatcher.java:87) [hdds-server-framework-1.3.0-SNAPSHOT.jar:?]
	at org.apache.hadoop.ozone.protocolPB.OzoneManagerProtocolServerSideTranslatorPB.submitRequest(OzoneManagerProtocolServerSideTranslatorPB.java:147) [ozone-manager-1.3.0-SNAPSHOT.jar:?]
	at org.apache.hadoop.ozone.protocol.proto.OzoneManagerProtocolProtos$OzoneManagerService$2.callBlockingMethod(OzoneManagerProtocolProtos.java) [ozone-interface-client-1.3.0-SNAPSHOT.jar:?]
	at org.apache.hadoop.ipc.ProtobufRpcEngine$Server.processCall(ProtobufRpcEngine.java:466) [hadoop-common-3.3.1.jar:?]
	at org.apache.hadoop.ipc.ProtobufRpcEngine2$Server$ProtoBufRpcInvoker.call(ProtobufRpcEngine2.java:574) [hadoop-common-3.3.1.jar:?]
	at org.apache.hadoop.ipc.ProtobufRpcEngine2$Server$ProtoBufRpcInvoker.call(ProtobufRpcEngine2.java:552) [hadoop-common-3.3.1.jar:?]
	at org.apache.hadoop.ipc.RPC$Server.call(RPC.java:1093) [hadoop-common-3.3.1.jar:?]
	at org.apache.hadoop.ipc.Server$RpcCall.run(Server.java:1035) [hadoop-common-3.3.1.jar:?]
	at org.apache.hadoop.ipc.Server$RpcCall.run(Server.java:963) [hadoop-common-3.3.1.jar:?]
	at java.security.AccessController.doPrivileged(Native Method) ~[?:1.8.0_332]
	at javax.security.auth.Subject.doAs(Subject.java:422) [?:1.8.0_332]
	at org.apache.hadoop.security.UserGroupInformation.doAs(UserGroupInformation.java:1878) [hadoop-common-3.3.1.jar:?]
	at org.apache.hadoop.ipc.Server$Handler.run(Server.java:2966) [hadoop-common-3.3.1.jar:?]
16:19:30.254 [IPC Server handler 16 on default port 34065] ERROR OMAudit - user=runner | ip=127.0.0.1 | op=GET_FILE_STATUS {volume=volume63799, bucket=bucket73965, key=root_dir/b, dataSize=0, replicationConfig=null} | ret=FAILURE
org.apache.hadoop.ozone.om.exceptions.OMException: Unable to get file status: volume: volume63799 bucket: bucket73965 key: root_dir/b
	at org.apache.hadoop.ozone.om.KeyManagerImpl.getOzoneFileStatus(KeyManagerImpl.java:1283) ~[ozone-manager-1.3.0-SNAPSHOT.jar:?]
	at org.apache.hadoop.ozone.om.KeyManagerImpl.getFileStatus(KeyManagerImpl.java:1213) ~[ozone-manager-1.3.0-SNAPSHOT.jar:?]
	at org.apache.hadoop.ozone.om.OzoneManager.getFileStatus(OzoneManager.java:3419) ~[ozone-manager-1.3.0-SNAPSHOT.jar:?]
	at org.apache.hadoop.ozone.protocolPB.OzoneManagerRequestHandler.getOzoneFileStatus(OzoneManagerRequestHandler.java:871) ~[ozone-manager-1.3.0-SNAPSHOT.jar:?]
	at org.apache.hadoop.ozone.protocolPB.OzoneManagerRequestHandler.handleReadRequest(OzoneManagerRequestHandler.java:217) ~[ozone-manager-1.3.0-SNAPSHOT.jar:?]
	at org.apache.hadoop.ozone.protocolPB.OzoneManagerProtocolServerSideTranslatorPB.submitReadRequestToOM(OzoneManagerProtocolServerSideTranslatorPB.java:225) ~[ozone-manager-1.3.0-SNAPSHOT.jar:?]
	at org.apache.hadoop.ozone.protocolPB.OzoneManagerProtocolServerSideTranslatorPB.processRequest(OzoneManagerProtocolServerSideTranslatorPB.java:175) ~[ozone-manager-1.3.0-SNAPSHOT.jar:?]
	at org.apache.hadoop.hdds.server.OzoneProtocolMessageDispatcher.processRequest(OzoneProtocolMessageDispatcher.java:87) [hdds-server-framework-1.3.0-SNAPSHOT.jar:?]
	at org.apache.hadoop.ozone.protocolPB.OzoneManagerProtocolServerSideTranslatorPB.submitRequest(OzoneManagerProtocolServerSideTranslatorPB.java:147) [ozone-manager-1.3.0-SNAPSHOT.jar:?]
	at org.apache.hadoop.ozone.protocol.proto.OzoneManagerProtocolProtos$OzoneManagerService$2.callBlockingMethod(OzoneManagerProtocolProtos.java) [ozone-interface-client-1.3.0-SNAPSHOT.jar:?]
	at org.apache.hadoop.ipc.ProtobufRpcEngine$Server.processCall(ProtobufRpcEngine.java:466) [hadoop-common-3.3.1.jar:?]
	at org.apache.hadoop.ipc.ProtobufRpcEngine2$Server$ProtoBufRpcInvoker.call(ProtobufRpcEngine2.java:574) [hadoop-common-3.3.1.jar:?]
	at org.apache.hadoop.ipc.ProtobufRpcEngine2$Server$ProtoBufRpcInvoker.call(ProtobufRpcEngine2.java:552) [hadoop-common-3.3.1.jar:?]
	at org.apache.hadoop.ipc.RPC$Server.call(RPC.java:1093) [hadoop-common-3.3.1.jar:?]
	at org.apache.hadoop.ipc.Server$RpcCall.run(Server.java:1035) [hadoop-common-3.3.1.jar:?]
	at org.apache.hadoop.ipc.Server$RpcCall.run(Server.java:963) [hadoop-common-3.3.1.jar:?]
	at java.security.AccessController.doPrivileged(Native Method) ~[?:1.8.0_332]
	at javax.security.auth.Subject.doAs(Subject.java:422) [?:1.8.0_332]
	at org.apache.hadoop.security.UserGroupInformation.doAs(UserGroupInformation.java:1878) [hadoop-common-3.3.1.jar:?]
	at org.apache.hadoop.ipc.Server$Handler.run(Server.java:2966) [hadoop-common-3.3.1.jar:?]
16:19:30.264 [IPC Server handler 6 on default port 34065] ERROR OMAudit - user=runner | ip=127.0.0.1 | op=GET_FILE_STATUS {volume=volume63799, bucket=bucket73965, key=root_dir/file1/c, dataSize=0, replicationConfig=null} | ret=FAILURE
org.apache.hadoop.ozone.om.exceptions.OMException: Unable to get file status: volume: volume63799 bucket: bucket73965 key: root_dir/file1/c
	at org.apache.hadoop.ozone.om.KeyManagerImpl.getOzoneFileStatus(KeyManagerImpl.java:1283) ~[ozone-manager-1.3.0-SNAPSHOT.jar:?]
	at org.apache.hadoop.ozone.om.KeyManagerImpl.getFileStatus(KeyManagerImpl.java:1213) ~[ozone-manager-1.3.0-SNAPSHOT.jar:?]
	at org.apache.hadoop.ozone.om.OzoneManager.getFileStatus(OzoneManager.java:3419) ~[ozone-manager-1.3.0-SNAPSHOT.jar:?]
	at org.apache.hadoop.ozone.protocolPB.OzoneManagerRequestHandler.getOzoneFileStatus(OzoneManagerRequestHandler.java:871) ~[ozone-manager-1.3.0-SNAPSHOT.jar:?]
	at org.apache.hadoop.ozone.protocolPB.OzoneManagerRequestHandler.handleReadRequest(OzoneManagerRequestHandler.java:217) ~[ozone-manager-1.3.0-SNAPSHOT.jar:?]
	at org.apache.hadoop.ozone.protocolPB.OzoneManagerProtocolServerSideTranslatorPB.submitReadRequestToOM(OzoneManagerProtocolServerSideTranslatorPB.java:225) ~[ozone-manager-1.3.0-SNAPSHOT.jar:?]
	at org.apache.hadoop.ozone.protocolPB.OzoneManagerProtocolServerSideTranslatorPB.processRequest(OzoneManagerProtocolServerSideTranslatorPB.java:175) ~[ozone-manager-1.3.0-SNAPSHOT.jar:?]
	at org.apache.hadoop.hdds.server.OzoneProtocolMessageDispatcher.processRequest(OzoneProtocolMessageDispatcher.java:87) [hdds-server-framework-1.3.0-SNAPSHOT.jar:?]
	at org.apache.hadoop.ozone.protocolPB.OzoneManagerProtocolServerSideTranslatorPB.submitRequest(OzoneManagerProtocolServerSideTranslatorPB.java:147) [ozone-manager-1.3.0-SNAPSHOT.jar:?]
	at org.apache.hadoop.ozone.protocol.proto.OzoneManagerProtocolProtos$OzoneManagerService$2.callBlockingMethod(OzoneManagerProtocolProtos.java) [ozone-interface-client-1.3.0-SNAPSHOT.jar:?]
	at org.apache.hadoop.ipc.ProtobufRpcEngine$Server.processCall(ProtobufRpcEngine.java:466) [hadoop-common-3.3.1.jar:?]
	at org.apache.hadoop.ipc.ProtobufRpcEngine2$Server$ProtoBufRpcInvoker.call(ProtobufRpcEngine2.java:574) [hadoop-common-3.3.1.jar:?]
	at org.apache.hadoop.ipc.ProtobufRpcEngine2$Server$ProtoBufRpcInvoker.call(ProtobufRpcEngine2.java:552) [hadoop-common-3.3.1.jar:?]
	at org.apache.hadoop.ipc.RPC$Server.call(RPC.java:1093) [hadoop-common-3.3.1.jar:?]
	at org.apache.hadoop.ipc.Server$RpcCall.run(Server.java:1035) [hadoop-common-3.3.1.jar:?]
	at org.apache.hadoop.ipc.Server$RpcCall.run(Server.java:963) [hadoop-common-3.3.1.jar:?]
	at java.security.AccessController.doPrivileged(Native Method) ~[?:1.8.0_332]
	at javax.security.auth.Subject.doAs(Subject.java:422) [?:1.8.0_332]
	at org.apache.hadoop.security.UserGroupInformation.doAs(UserGroupInformation.java:1878) [hadoop-common-3.3.1.jar:?]
	at org.apache.hadoop.ipc.Server$Handler.run(Server.java:2966) [hadoop-common-3.3.1.jar:?]
]]></system-out>
  </testcase>
  <testcase name="testRenameDestinationParentDoesntExist" classname="TestRootedOzoneFileSystem" time="0.216">
    <system-out><![CDATA[2022-06-16 16:20:42,313 [Time-limited test] INFO  rpc.RpcClient (RpcClient.java:createVolume(466)) - Creating Volume: volume22475, with user34263 as owner and space quota set to -1 bytes, counts quota set to -1
2022-06-16 16:20:42,313 [IPC Server handler 6 on default port 42069] INFO  volume.OMVolumeCreateRequest (OMVolumeCreateRequest.java:validateAndUpdateCache(195)) - created volume:volume22475 for user:user34263
2022-06-16 16:20:42,315 [Time-limited test] INFO  rpc.RpcClient (RpcClient.java:createBucket(666)) - Creating Bucket: volume22475/bucket20223, with the Bucket Layout LEGACY, runner as owner, Versioning false, Storage Type set to DISK and Encryption set to false 
2022-06-16 16:20:42,316 [IPC Server handler 8 on default port 42069] INFO  bucket.OMBucketCreateRequest (OMBucketCreateRequest.java:validateAndUpdateCache(260)) - created bucket: bucket20223 of layout LEGACY in volume: volume22475
16:20:42.326 [IPC Server handler 16 on default port 42069] ERROR OMAudit - user=runner | ip=127.0.0.1 | op=GET_FILE_STATUS {volume=volume22475, bucket=bucket20223, key=root_dir/b/c, dataSize=0, replicationConfig=null} | ret=FAILURE
org.apache.hadoop.ozone.om.exceptions.OMException: Unable to get file status: volume: volume22475 bucket: bucket20223 key: root_dir/b/c
	at org.apache.hadoop.ozone.om.KeyManagerImpl.getOzoneFileStatus(KeyManagerImpl.java:1283) ~[ozone-manager-1.3.0-SNAPSHOT.jar:?]
	at org.apache.hadoop.ozone.om.KeyManagerImpl.getFileStatus(KeyManagerImpl.java:1213) ~[ozone-manager-1.3.0-SNAPSHOT.jar:?]
	at org.apache.hadoop.ozone.om.OzoneManager.getFileStatus(OzoneManager.java:3419) ~[ozone-manager-1.3.0-SNAPSHOT.jar:?]
	at org.apache.hadoop.ozone.protocolPB.OzoneManagerRequestHandler.getOzoneFileStatus(OzoneManagerRequestHandler.java:871) ~[ozone-manager-1.3.0-SNAPSHOT.jar:?]
	at org.apache.hadoop.ozone.protocolPB.OzoneManagerRequestHandler.handleReadRequest(OzoneManagerRequestHandler.java:217) ~[ozone-manager-1.3.0-SNAPSHOT.jar:?]
	at org.apache.hadoop.ozone.protocolPB.OzoneManagerProtocolServerSideTranslatorPB.submitRequestDirectlyToOM(OzoneManagerProtocolServerSideTranslatorPB.java:284) ~[ozone-manager-1.3.0-SNAPSHOT.jar:?]
	at org.apache.hadoop.ozone.protocolPB.OzoneManagerProtocolServerSideTranslatorPB.processRequest(OzoneManagerProtocolServerSideTranslatorPB.java:207) ~[ozone-manager-1.3.0-SNAPSHOT.jar:?]
	at org.apache.hadoop.hdds.server.OzoneProtocolMessageDispatcher.processRequest(OzoneProtocolMessageDispatcher.java:87) [hdds-server-framework-1.3.0-SNAPSHOT.jar:?]
	at org.apache.hadoop.ozone.protocolPB.OzoneManagerProtocolServerSideTranslatorPB.submitRequest(OzoneManagerProtocolServerSideTranslatorPB.java:147) [ozone-manager-1.3.0-SNAPSHOT.jar:?]
	at org.apache.hadoop.ozone.protocol.proto.OzoneManagerProtocolProtos$OzoneManagerService$2.callBlockingMethod(OzoneManagerProtocolProtos.java) [ozone-interface-client-1.3.0-SNAPSHOT.jar:?]
	at org.apache.hadoop.ipc.ProtobufRpcEngine$Server.processCall(ProtobufRpcEngine.java:466) [hadoop-common-3.3.1.jar:?]
	at org.apache.hadoop.ipc.ProtobufRpcEngine2$Server$ProtoBufRpcInvoker.call(ProtobufRpcEngine2.java:574) [hadoop-common-3.3.1.jar:?]
	at org.apache.hadoop.ipc.ProtobufRpcEngine2$Server$ProtoBufRpcInvoker.call(ProtobufRpcEngine2.java:552) [hadoop-common-3.3.1.jar:?]
	at org.apache.hadoop.ipc.RPC$Server.call(RPC.java:1093) [hadoop-common-3.3.1.jar:?]
	at org.apache.hadoop.ipc.Server$RpcCall.run(Server.java:1035) [hadoop-common-3.3.1.jar:?]
	at org.apache.hadoop.ipc.Server$RpcCall.run(Server.java:963) [hadoop-common-3.3.1.jar:?]
	at java.security.AccessController.doPrivileged(Native Method) ~[?:1.8.0_332]
	at javax.security.auth.Subject.doAs(Subject.java:422) [?:1.8.0_332]
	at org.apache.hadoop.security.UserGroupInformation.doAs(UserGroupInformation.java:1878) [hadoop-common-3.3.1.jar:?]
	at org.apache.hadoop.ipc.Server$Handler.run(Server.java:2966) [hadoop-common-3.3.1.jar:?]
16:20:42.327 [IPC Server handler 18 on default port 42069] ERROR OMAudit - user=runner | ip=127.0.0.1 | op=GET_FILE_STATUS {volume=volume22475, bucket=bucket20223, key=root_dir/b, dataSize=0, replicationConfig=null} | ret=FAILURE
org.apache.hadoop.ozone.om.exceptions.OMException: Unable to get file status: volume: volume22475 bucket: bucket20223 key: root_dir/b
	at org.apache.hadoop.ozone.om.KeyManagerImpl.getOzoneFileStatus(KeyManagerImpl.java:1283) ~[ozone-manager-1.3.0-SNAPSHOT.jar:?]
	at org.apache.hadoop.ozone.om.KeyManagerImpl.getFileStatus(KeyManagerImpl.java:1213) ~[ozone-manager-1.3.0-SNAPSHOT.jar:?]
	at org.apache.hadoop.ozone.om.OzoneManager.getFileStatus(OzoneManager.java:3419) ~[ozone-manager-1.3.0-SNAPSHOT.jar:?]
	at org.apache.hadoop.ozone.protocolPB.OzoneManagerRequestHandler.getOzoneFileStatus(OzoneManagerRequestHandler.java:871) ~[ozone-manager-1.3.0-SNAPSHOT.jar:?]
	at org.apache.hadoop.ozone.protocolPB.OzoneManagerRequestHandler.handleReadRequest(OzoneManagerRequestHandler.java:217) ~[ozone-manager-1.3.0-SNAPSHOT.jar:?]
	at org.apache.hadoop.ozone.protocolPB.OzoneManagerProtocolServerSideTranslatorPB.submitRequestDirectlyToOM(OzoneManagerProtocolServerSideTranslatorPB.java:284) ~[ozone-manager-1.3.0-SNAPSHOT.jar:?]
	at org.apache.hadoop.ozone.protocolPB.OzoneManagerProtocolServerSideTranslatorPB.processRequest(OzoneManagerProtocolServerSideTranslatorPB.java:207) ~[ozone-manager-1.3.0-SNAPSHOT.jar:?]
	at org.apache.hadoop.hdds.server.OzoneProtocolMessageDispatcher.processRequest(OzoneProtocolMessageDispatcher.java:87) [hdds-server-framework-1.3.0-SNAPSHOT.jar:?]
	at org.apache.hadoop.ozone.protocolPB.OzoneManagerProtocolServerSideTranslatorPB.submitRequest(OzoneManagerProtocolServerSideTranslatorPB.java:147) [ozone-manager-1.3.0-SNAPSHOT.jar:?]
	at org.apache.hadoop.ozone.protocol.proto.OzoneManagerProtocolProtos$OzoneManagerService$2.callBlockingMethod(OzoneManagerProtocolProtos.java) [ozone-interface-client-1.3.0-SNAPSHOT.jar:?]
	at org.apache.hadoop.ipc.ProtobufRpcEngine$Server.processCall(ProtobufRpcEngine.java:466) [hadoop-common-3.3.1.jar:?]
	at org.apache.hadoop.ipc.ProtobufRpcEngine2$Server$ProtoBufRpcInvoker.call(ProtobufRpcEngine2.java:574) [hadoop-common-3.3.1.jar:?]
	at org.apache.hadoop.ipc.ProtobufRpcEngine2$Server$ProtoBufRpcInvoker.call(ProtobufRpcEngine2.java:552) [hadoop-common-3.3.1.jar:?]
	at org.apache.hadoop.ipc.RPC$Server.call(RPC.java:1093) [hadoop-common-3.3.1.jar:?]
	at org.apache.hadoop.ipc.Server$RpcCall.run(Server.java:1035) [hadoop-common-3.3.1.jar:?]
	at org.apache.hadoop.ipc.Server$RpcCall.run(Server.java:963) [hadoop-common-3.3.1.jar:?]
	at java.security.AccessController.doPrivileged(Native Method) ~[?:1.8.0_332]
	at javax.security.auth.Subject.doAs(Subject.java:422) [?:1.8.0_332]
	at org.apache.hadoop.security.UserGroupInformation.doAs(UserGroupInformation.java:1878) [hadoop-common-3.3.1.jar:?]
	at org.apache.hadoop.ipc.Server$Handler.run(Server.java:2966) [hadoop-common-3.3.1.jar:?]
16:20:42.355 [IPC Server handler 6 on default port 42069] ERROR OMAudit - user=runner | ip=127.0.0.1 | op=GET_FILE_STATUS {volume=volume22475, bucket=bucket20223, key=root_dir/file1/c, dataSize=0, replicationConfig=null} | ret=FAILURE
org.apache.hadoop.ozone.om.exceptions.OMException: Unable to get file status: volume: volume22475 bucket: bucket20223 key: root_dir/file1/c
	at org.apache.hadoop.ozone.om.KeyManagerImpl.getOzoneFileStatus(KeyManagerImpl.java:1283) ~[ozone-manager-1.3.0-SNAPSHOT.jar:?]
	at org.apache.hadoop.ozone.om.KeyManagerImpl.getFileStatus(KeyManagerImpl.java:1213) ~[ozone-manager-1.3.0-SNAPSHOT.jar:?]
	at org.apache.hadoop.ozone.om.OzoneManager.getFileStatus(OzoneManager.java:3419) ~[ozone-manager-1.3.0-SNAPSHOT.jar:?]
	at org.apache.hadoop.ozone.protocolPB.OzoneManagerRequestHandler.getOzoneFileStatus(OzoneManagerRequestHandler.java:871) ~[ozone-manager-1.3.0-SNAPSHOT.jar:?]
	at org.apache.hadoop.ozone.protocolPB.OzoneManagerRequestHandler.handleReadRequest(OzoneManagerRequestHandler.java:217) ~[ozone-manager-1.3.0-SNAPSHOT.jar:?]
	at org.apache.hadoop.ozone.protocolPB.OzoneManagerProtocolServerSideTranslatorPB.submitRequestDirectlyToOM(OzoneManagerProtocolServerSideTranslatorPB.java:284) ~[ozone-manager-1.3.0-SNAPSHOT.jar:?]
	at org.apache.hadoop.ozone.protocolPB.OzoneManagerProtocolServerSideTranslatorPB.processRequest(OzoneManagerProtocolServerSideTranslatorPB.java:207) ~[ozone-manager-1.3.0-SNAPSHOT.jar:?]
	at org.apache.hadoop.hdds.server.OzoneProtocolMessageDispatcher.processRequest(OzoneProtocolMessageDispatcher.java:87) [hdds-server-framework-1.3.0-SNAPSHOT.jar:?]
	at org.apache.hadoop.ozone.protocolPB.OzoneManagerProtocolServerSideTranslatorPB.submitRequest(OzoneManagerProtocolServerSideTranslatorPB.java:147) [ozone-manager-1.3.0-SNAPSHOT.jar:?]
	at org.apache.hadoop.ozone.protocol.proto.OzoneManagerProtocolProtos$OzoneManagerService$2.callBlockingMethod(OzoneManagerProtocolProtos.java) [ozone-interface-client-1.3.0-SNAPSHOT.jar:?]
	at org.apache.hadoop.ipc.ProtobufRpcEngine$Server.processCall(ProtobufRpcEngine.java:466) [hadoop-common-3.3.1.jar:?]
	at org.apache.hadoop.ipc.ProtobufRpcEngine2$Server$ProtoBufRpcInvoker.call(ProtobufRpcEngine2.java:574) [hadoop-common-3.3.1.jar:?]
	at org.apache.hadoop.ipc.ProtobufRpcEngine2$Server$ProtoBufRpcInvoker.call(ProtobufRpcEngine2.java:552) [hadoop-common-3.3.1.jar:?]
	at org.apache.hadoop.ipc.RPC$Server.call(RPC.java:1093) [hadoop-common-3.3.1.jar:?]
	at org.apache.hadoop.ipc.Server$RpcCall.run(Server.java:1035) [hadoop-common-3.3.1.jar:?]
	at org.apache.hadoop.ipc.Server$RpcCall.run(Server.java:963) [hadoop-common-3.3.1.jar:?]
	at java.security.AccessController.doPrivileged(Native Method) ~[?:1.8.0_332]
	at javax.security.auth.Subject.doAs(Subject.java:422) [?:1.8.0_332]
	at org.apache.hadoop.security.UserGroupInformation.doAs(UserGroupInformation.java:1878) [hadoop-common-3.3.1.jar:?]
	at org.apache.hadoop.ipc.Server$Handler.run(Server.java:2966) [hadoop-common-3.3.1.jar:?]
]]></system-out>
  </testcase>
  <testcase name="testRenameDestinationParentDoesntExist" classname="TestRootedOzoneFileSystem" time="0.067">
    <system-out><![CDATA[2022-06-16 16:22:26,867 [Time-limited test] INFO  rpc.RpcClient (RpcClient.java:createVolume(466)) - Creating Volume: volume06476, with user58698 as owner and space quota set to -1 bytes, counts quota set to -1
2022-06-16 16:22:26,870 [OM StateMachine ApplyTransaction Thread - 0] INFO  volume.OMVolumeCreateRequest (OMVolumeCreateRequest.java:validateAndUpdateCache(195)) - created volume:volume06476 for user:user58698
2022-06-16 16:22:26,874 [Time-limited test] INFO  rpc.RpcClient (RpcClient.java:createBucket(666)) - Creating Bucket: volume06476/bucket15052, with the Bucket Layout LEGACY, runner as owner, Versioning false, Storage Type set to DISK and Encryption set to false 
2022-06-16 16:22:26,878 [OM StateMachine ApplyTransaction Thread - 0] INFO  bucket.OMBucketCreateRequest (OMBucketCreateRequest.java:validateAndUpdateCache(260)) - created bucket: bucket15052 of layout LEGACY in volume: volume06476
16:22:26.887 [IPC Server handler 13 on default port 33505] ERROR OMAudit - user=runner | ip=127.0.0.1 | op=GET_FILE_STATUS {volume=volume06476, bucket=bucket15052, key=root_dir/b/c, dataSize=0, replicationConfig=null} | ret=FAILURE
org.apache.hadoop.ozone.om.exceptions.OMException: Unable to get file status: volume: volume06476 bucket: bucket15052 key: root_dir/b/c
	at org.apache.hadoop.ozone.om.KeyManagerImpl.getOzoneFileStatus(KeyManagerImpl.java:1283) ~[ozone-manager-1.3.0-SNAPSHOT.jar:?]
	at org.apache.hadoop.ozone.om.KeyManagerImpl.getFileStatus(KeyManagerImpl.java:1213) ~[ozone-manager-1.3.0-SNAPSHOT.jar:?]
	at org.apache.hadoop.ozone.om.OzoneManager.getFileStatus(OzoneManager.java:3419) ~[ozone-manager-1.3.0-SNAPSHOT.jar:?]
	at org.apache.hadoop.ozone.protocolPB.OzoneManagerRequestHandler.getOzoneFileStatus(OzoneManagerRequestHandler.java:871) ~[ozone-manager-1.3.0-SNAPSHOT.jar:?]
	at org.apache.hadoop.ozone.protocolPB.OzoneManagerRequestHandler.handleReadRequest(OzoneManagerRequestHandler.java:217) ~[ozone-manager-1.3.0-SNAPSHOT.jar:?]
	at org.apache.hadoop.ozone.protocolPB.OzoneManagerProtocolServerSideTranslatorPB.submitReadRequestToOM(OzoneManagerProtocolServerSideTranslatorPB.java:225) ~[ozone-manager-1.3.0-SNAPSHOT.jar:?]
	at org.apache.hadoop.ozone.protocolPB.OzoneManagerProtocolServerSideTranslatorPB.processRequest(OzoneManagerProtocolServerSideTranslatorPB.java:175) ~[ozone-manager-1.3.0-SNAPSHOT.jar:?]
	at org.apache.hadoop.hdds.server.OzoneProtocolMessageDispatcher.processRequest(OzoneProtocolMessageDispatcher.java:87) [hdds-server-framework-1.3.0-SNAPSHOT.jar:?]
	at org.apache.hadoop.ozone.protocolPB.OzoneManagerProtocolServerSideTranslatorPB.submitRequest(OzoneManagerProtocolServerSideTranslatorPB.java:147) [ozone-manager-1.3.0-SNAPSHOT.jar:?]
	at org.apache.hadoop.ozone.protocol.proto.OzoneManagerProtocolProtos$OzoneManagerService$2.callBlockingMethod(OzoneManagerProtocolProtos.java) [ozone-interface-client-1.3.0-SNAPSHOT.jar:?]
	at org.apache.hadoop.ipc.ProtobufRpcEngine$Server.processCall(ProtobufRpcEngine.java:466) [hadoop-common-3.3.1.jar:?]
	at org.apache.hadoop.ipc.ProtobufRpcEngine2$Server$ProtoBufRpcInvoker.call(ProtobufRpcEngine2.java:574) [hadoop-common-3.3.1.jar:?]
	at org.apache.hadoop.ipc.ProtobufRpcEngine2$Server$ProtoBufRpcInvoker.call(ProtobufRpcEngine2.java:552) [hadoop-common-3.3.1.jar:?]
	at org.apache.hadoop.ipc.RPC$Server.call(RPC.java:1093) [hadoop-common-3.3.1.jar:?]
	at org.apache.hadoop.ipc.Server$RpcCall.run(Server.java:1035) [hadoop-common-3.3.1.jar:?]
	at org.apache.hadoop.ipc.Server$RpcCall.run(Server.java:963) [hadoop-common-3.3.1.jar:?]
	at java.security.AccessController.doPrivileged(Native Method) ~[?:1.8.0_332]
	at javax.security.auth.Subject.doAs(Subject.java:422) [?:1.8.0_332]
	at org.apache.hadoop.security.UserGroupInformation.doAs(UserGroupInformation.java:1878) [hadoop-common-3.3.1.jar:?]
	at org.apache.hadoop.ipc.Server$Handler.run(Server.java:2966) [hadoop-common-3.3.1.jar:?]
16:22:26.888 [IPC Server handler 18 on default port 33505] ERROR OMAudit - user=runner | ip=127.0.0.1 | op=GET_FILE_STATUS {volume=volume06476, bucket=bucket15052, key=root_dir/b, dataSize=0, replicationConfig=null} | ret=FAILURE
org.apache.hadoop.ozone.om.exceptions.OMException: Unable to get file status: volume: volume06476 bucket: bucket15052 key: root_dir/b
	at org.apache.hadoop.ozone.om.KeyManagerImpl.getOzoneFileStatus(KeyManagerImpl.java:1283) ~[ozone-manager-1.3.0-SNAPSHOT.jar:?]
	at org.apache.hadoop.ozone.om.KeyManagerImpl.getFileStatus(KeyManagerImpl.java:1213) ~[ozone-manager-1.3.0-SNAPSHOT.jar:?]
	at org.apache.hadoop.ozone.om.OzoneManager.getFileStatus(OzoneManager.java:3419) ~[ozone-manager-1.3.0-SNAPSHOT.jar:?]
	at org.apache.hadoop.ozone.protocolPB.OzoneManagerRequestHandler.getOzoneFileStatus(OzoneManagerRequestHandler.java:871) ~[ozone-manager-1.3.0-SNAPSHOT.jar:?]
	at org.apache.hadoop.ozone.protocolPB.OzoneManagerRequestHandler.handleReadRequest(OzoneManagerRequestHandler.java:217) ~[ozone-manager-1.3.0-SNAPSHOT.jar:?]
	at org.apache.hadoop.ozone.protocolPB.OzoneManagerProtocolServerSideTranslatorPB.submitReadRequestToOM(OzoneManagerProtocolServerSideTranslatorPB.java:225) ~[ozone-manager-1.3.0-SNAPSHOT.jar:?]
	at org.apache.hadoop.ozone.protocolPB.OzoneManagerProtocolServerSideTranslatorPB.processRequest(OzoneManagerProtocolServerSideTranslatorPB.java:175) ~[ozone-manager-1.3.0-SNAPSHOT.jar:?]
	at org.apache.hadoop.hdds.server.OzoneProtocolMessageDispatcher.processRequest(OzoneProtocolMessageDispatcher.java:87) [hdds-server-framework-1.3.0-SNAPSHOT.jar:?]
	at org.apache.hadoop.ozone.protocolPB.OzoneManagerProtocolServerSideTranslatorPB.submitRequest(OzoneManagerProtocolServerSideTranslatorPB.java:147) [ozone-manager-1.3.0-SNAPSHOT.jar:?]
	at org.apache.hadoop.ozone.protocol.proto.OzoneManagerProtocolProtos$OzoneManagerService$2.callBlockingMethod(OzoneManagerProtocolProtos.java) [ozone-interface-client-1.3.0-SNAPSHOT.jar:?]
	at org.apache.hadoop.ipc.ProtobufRpcEngine$Server.processCall(ProtobufRpcEngine.java:466) [hadoop-common-3.3.1.jar:?]
	at org.apache.hadoop.ipc.ProtobufRpcEngine2$Server$ProtoBufRpcInvoker.call(ProtobufRpcEngine2.java:574) [hadoop-common-3.3.1.jar:?]
	at org.apache.hadoop.ipc.ProtobufRpcEngine2$Server$ProtoBufRpcInvoker.call(ProtobufRpcEngine2.java:552) [hadoop-common-3.3.1.jar:?]
	at org.apache.hadoop.ipc.RPC$Server.call(RPC.java:1093) [hadoop-common-3.3.1.jar:?]
	at org.apache.hadoop.ipc.Server$RpcCall.run(Server.java:1035) [hadoop-common-3.3.1.jar:?]
	at org.apache.hadoop.ipc.Server$RpcCall.run(Server.java:963) [hadoop-common-3.3.1.jar:?]
	at java.security.AccessController.doPrivileged(Native Method) ~[?:1.8.0_332]
	at javax.security.auth.Subject.doAs(Subject.java:422) [?:1.8.0_332]
	at org.apache.hadoop.security.UserGroupInformation.doAs(UserGroupInformation.java:1878) [hadoop-common-3.3.1.jar:?]
	at org.apache.hadoop.ipc.Server$Handler.run(Server.java:2966) [hadoop-common-3.3.1.jar:?]
16:22:26.898 [IPC Server handler 7 on default port 33505] ERROR OMAudit - user=runner | ip=127.0.0.1 | op=GET_FILE_STATUS {volume=volume06476, bucket=bucket15052, key=root_dir/file1/c, dataSize=0, replicationConfig=null} | ret=FAILURE
org.apache.hadoop.ozone.om.exceptions.OMException: Unable to get file status: volume: volume06476 bucket: bucket15052 key: root_dir/file1/c
	at org.apache.hadoop.ozone.om.KeyManagerImpl.getOzoneFileStatus(KeyManagerImpl.java:1283) ~[ozone-manager-1.3.0-SNAPSHOT.jar:?]
	at org.apache.hadoop.ozone.om.KeyManagerImpl.getFileStatus(KeyManagerImpl.java:1213) ~[ozone-manager-1.3.0-SNAPSHOT.jar:?]
	at org.apache.hadoop.ozone.om.OzoneManager.getFileStatus(OzoneManager.java:3419) ~[ozone-manager-1.3.0-SNAPSHOT.jar:?]
	at org.apache.hadoop.ozone.protocolPB.OzoneManagerRequestHandler.getOzoneFileStatus(OzoneManagerRequestHandler.java:871) ~[ozone-manager-1.3.0-SNAPSHOT.jar:?]
	at org.apache.hadoop.ozone.protocolPB.OzoneManagerRequestHandler.handleReadRequest(OzoneManagerRequestHandler.java:217) ~[ozone-manager-1.3.0-SNAPSHOT.jar:?]
	at org.apache.hadoop.ozone.protocolPB.OzoneManagerProtocolServerSideTranslatorPB.submitReadRequestToOM(OzoneManagerProtocolServerSideTranslatorPB.java:225) ~[ozone-manager-1.3.0-SNAPSHOT.jar:?]
	at org.apache.hadoop.ozone.protocolPB.OzoneManagerProtocolServerSideTranslatorPB.processRequest(OzoneManagerProtocolServerSideTranslatorPB.java:175) ~[ozone-manager-1.3.0-SNAPSHOT.jar:?]
	at org.apache.hadoop.hdds.server.OzoneProtocolMessageDispatcher.processRequest(OzoneProtocolMessageDispatcher.java:87) [hdds-server-framework-1.3.0-SNAPSHOT.jar:?]
	at org.apache.hadoop.ozone.protocolPB.OzoneManagerProtocolServerSideTranslatorPB.submitRequest(OzoneManagerProtocolServerSideTranslatorPB.java:147) [ozone-manager-1.3.0-SNAPSHOT.jar:?]
	at org.apache.hadoop.ozone.protocol.proto.OzoneManagerProtocolProtos$OzoneManagerService$2.callBlockingMethod(OzoneManagerProtocolProtos.java) [ozone-interface-client-1.3.0-SNAPSHOT.jar:?]
	at org.apache.hadoop.ipc.ProtobufRpcEngine$Server.processCall(ProtobufRpcEngine.java:466) [hadoop-common-3.3.1.jar:?]
	at org.apache.hadoop.ipc.ProtobufRpcEngine2$Server$ProtoBufRpcInvoker.call(ProtobufRpcEngine2.java:574) [hadoop-common-3.3.1.jar:?]
	at org.apache.hadoop.ipc.ProtobufRpcEngine2$Server$ProtoBufRpcInvoker.call(ProtobufRpcEngine2.java:552) [hadoop-common-3.3.1.jar:?]
	at org.apache.hadoop.ipc.RPC$Server.call(RPC.java:1093) [hadoop-common-3.3.1.jar:?]
	at org.apache.hadoop.ipc.Server$RpcCall.run(Server.java:1035) [hadoop-common-3.3.1.jar:?]
	at org.apache.hadoop.ipc.Server$RpcCall.run(Server.java:963) [hadoop-common-3.3.1.jar:?]
	at java.security.AccessController.doPrivileged(Native Method) ~[?:1.8.0_332]
	at javax.security.auth.Subject.doAs(Subject.java:422) [?:1.8.0_332]
	at org.apache.hadoop.security.UserGroupInformation.doAs(UserGroupInformation.java:1878) [hadoop-common-3.3.1.jar:?]
	at org.apache.hadoop.ipc.Server$Handler.run(Server.java:2966) [hadoop-common-3.3.1.jar:?]
]]></system-out>
  </testcase>
  <testcase name="testRenameDestinationParentDoesntExist" classname="TestRootedOzoneFileSystem" time="0.27">
    <system-out><![CDATA[2022-06-16 16:23:54,612 [Time-limited test] INFO  rpc.RpcClient (RpcClient.java:createVolume(466)) - Creating Volume: volume79152, with user82571 as owner and space quota set to -1 bytes, counts quota set to -1
2022-06-16 16:23:54,613 [IPC Server handler 9 on default port 44357] INFO  volume.OMVolumeCreateRequest (OMVolumeCreateRequest.java:validateAndUpdateCache(195)) - created volume:volume79152 for user:user82571
2022-06-16 16:23:54,614 [Time-limited test] INFO  rpc.RpcClient (RpcClient.java:createBucket(666)) - Creating Bucket: volume79152/bucket19642, with the Bucket Layout LEGACY, runner as owner, Versioning false, Storage Type set to DISK and Encryption set to false 
2022-06-16 16:23:54,618 [IPC Server handler 13 on default port 44357] INFO  bucket.OMBucketCreateRequest (OMBucketCreateRequest.java:validateAndUpdateCache(260)) - created bucket: bucket19642 of layout LEGACY in volume: volume79152
16:23:54.624 [IPC Server handler 2 on default port 44357] ERROR OMAudit - user=runner | ip=127.0.0.1 | op=GET_FILE_STATUS {volume=volume79152, bucket=bucket19642, key=root_dir/b/c, dataSize=0, replicationConfig=null} | ret=FAILURE
org.apache.hadoop.ozone.om.exceptions.OMException: Unable to get file status: volume: volume79152 bucket: bucket19642 key: root_dir/b/c
	at org.apache.hadoop.ozone.om.KeyManagerImpl.getOzoneFileStatus(KeyManagerImpl.java:1283) ~[ozone-manager-1.3.0-SNAPSHOT.jar:?]
	at org.apache.hadoop.ozone.om.KeyManagerImpl.getFileStatus(KeyManagerImpl.java:1213) ~[ozone-manager-1.3.0-SNAPSHOT.jar:?]
	at org.apache.hadoop.ozone.om.OzoneManager.getFileStatus(OzoneManager.java:3419) ~[ozone-manager-1.3.0-SNAPSHOT.jar:?]
	at org.apache.hadoop.ozone.protocolPB.OzoneManagerRequestHandler.getOzoneFileStatus(OzoneManagerRequestHandler.java:871) ~[ozone-manager-1.3.0-SNAPSHOT.jar:?]
	at org.apache.hadoop.ozone.protocolPB.OzoneManagerRequestHandler.handleReadRequest(OzoneManagerRequestHandler.java:217) ~[ozone-manager-1.3.0-SNAPSHOT.jar:?]
	at org.apache.hadoop.ozone.protocolPB.OzoneManagerProtocolServerSideTranslatorPB.submitRequestDirectlyToOM(OzoneManagerProtocolServerSideTranslatorPB.java:284) ~[ozone-manager-1.3.0-SNAPSHOT.jar:?]
	at org.apache.hadoop.ozone.protocolPB.OzoneManagerProtocolServerSideTranslatorPB.processRequest(OzoneManagerProtocolServerSideTranslatorPB.java:207) ~[ozone-manager-1.3.0-SNAPSHOT.jar:?]
	at org.apache.hadoop.hdds.server.OzoneProtocolMessageDispatcher.processRequest(OzoneProtocolMessageDispatcher.java:87) [hdds-server-framework-1.3.0-SNAPSHOT.jar:?]
	at org.apache.hadoop.ozone.protocolPB.OzoneManagerProtocolServerSideTranslatorPB.submitRequest(OzoneManagerProtocolServerSideTranslatorPB.java:147) [ozone-manager-1.3.0-SNAPSHOT.jar:?]
	at org.apache.hadoop.ozone.protocol.proto.OzoneManagerProtocolProtos$OzoneManagerService$2.callBlockingMethod(OzoneManagerProtocolProtos.java) [ozone-interface-client-1.3.0-SNAPSHOT.jar:?]
	at org.apache.hadoop.ipc.ProtobufRpcEngine$Server.processCall(ProtobufRpcEngine.java:466) [hadoop-common-3.3.1.jar:?]
	at org.apache.hadoop.ipc.ProtobufRpcEngine2$Server$ProtoBufRpcInvoker.call(ProtobufRpcEngine2.java:574) [hadoop-common-3.3.1.jar:?]
	at org.apache.hadoop.ipc.ProtobufRpcEngine2$Server$ProtoBufRpcInvoker.call(ProtobufRpcEngine2.java:552) [hadoop-common-3.3.1.jar:?]
	at org.apache.hadoop.ipc.RPC$Server.call(RPC.java:1093) [hadoop-common-3.3.1.jar:?]
	at org.apache.hadoop.ipc.Server$RpcCall.run(Server.java:1035) [hadoop-common-3.3.1.jar:?]
	at org.apache.hadoop.ipc.Server$RpcCall.run(Server.java:963) [hadoop-common-3.3.1.jar:?]
	at java.security.AccessController.doPrivileged(Native Method) ~[?:1.8.0_332]
	at javax.security.auth.Subject.doAs(Subject.java:422) [?:1.8.0_332]
	at org.apache.hadoop.security.UserGroupInformation.doAs(UserGroupInformation.java:1878) [hadoop-common-3.3.1.jar:?]
	at org.apache.hadoop.ipc.Server$Handler.run(Server.java:2966) [hadoop-common-3.3.1.jar:?]
16:23:54.624 [IPC Server handler 6 on default port 44357] ERROR OMAudit - user=runner | ip=127.0.0.1 | op=GET_FILE_STATUS {volume=volume79152, bucket=bucket19642, key=root_dir/b, dataSize=0, replicationConfig=null} | ret=FAILURE
org.apache.hadoop.ozone.om.exceptions.OMException: Unable to get file status: volume: volume79152 bucket: bucket19642 key: root_dir/b
	at org.apache.hadoop.ozone.om.KeyManagerImpl.getOzoneFileStatus(KeyManagerImpl.java:1283) ~[ozone-manager-1.3.0-SNAPSHOT.jar:?]
	at org.apache.hadoop.ozone.om.KeyManagerImpl.getFileStatus(KeyManagerImpl.java:1213) ~[ozone-manager-1.3.0-SNAPSHOT.jar:?]
	at org.apache.hadoop.ozone.om.OzoneManager.getFileStatus(OzoneManager.java:3419) ~[ozone-manager-1.3.0-SNAPSHOT.jar:?]
	at org.apache.hadoop.ozone.protocolPB.OzoneManagerRequestHandler.getOzoneFileStatus(OzoneManagerRequestHandler.java:871) ~[ozone-manager-1.3.0-SNAPSHOT.jar:?]
	at org.apache.hadoop.ozone.protocolPB.OzoneManagerRequestHandler.handleReadRequest(OzoneManagerRequestHandler.java:217) ~[ozone-manager-1.3.0-SNAPSHOT.jar:?]
	at org.apache.hadoop.ozone.protocolPB.OzoneManagerProtocolServerSideTranslatorPB.submitRequestDirectlyToOM(OzoneManagerProtocolServerSideTranslatorPB.java:284) ~[ozone-manager-1.3.0-SNAPSHOT.jar:?]
	at org.apache.hadoop.ozone.protocolPB.OzoneManagerProtocolServerSideTranslatorPB.processRequest(OzoneManagerProtocolServerSideTranslatorPB.java:207) ~[ozone-manager-1.3.0-SNAPSHOT.jar:?]
	at org.apache.hadoop.hdds.server.OzoneProtocolMessageDispatcher.processRequest(OzoneProtocolMessageDispatcher.java:87) [hdds-server-framework-1.3.0-SNAPSHOT.jar:?]
	at org.apache.hadoop.ozone.protocolPB.OzoneManagerProtocolServerSideTranslatorPB.submitRequest(OzoneManagerProtocolServerSideTranslatorPB.java:147) [ozone-manager-1.3.0-SNAPSHOT.jar:?]
	at org.apache.hadoop.ozone.protocol.proto.OzoneManagerProtocolProtos$OzoneManagerService$2.callBlockingMethod(OzoneManagerProtocolProtos.java) [ozone-interface-client-1.3.0-SNAPSHOT.jar:?]
	at org.apache.hadoop.ipc.ProtobufRpcEngine$Server.processCall(ProtobufRpcEngine.java:466) [hadoop-common-3.3.1.jar:?]
	at org.apache.hadoop.ipc.ProtobufRpcEngine2$Server$ProtoBufRpcInvoker.call(ProtobufRpcEngine2.java:574) [hadoop-common-3.3.1.jar:?]
	at org.apache.hadoop.ipc.ProtobufRpcEngine2$Server$ProtoBufRpcInvoker.call(ProtobufRpcEngine2.java:552) [hadoop-common-3.3.1.jar:?]
	at org.apache.hadoop.ipc.RPC$Server.call(RPC.java:1093) [hadoop-common-3.3.1.jar:?]
	at org.apache.hadoop.ipc.Server$RpcCall.run(Server.java:1035) [hadoop-common-3.3.1.jar:?]
	at org.apache.hadoop.ipc.Server$RpcCall.run(Server.java:963) [hadoop-common-3.3.1.jar:?]
	at java.security.AccessController.doPrivileged(Native Method) ~[?:1.8.0_332]
	at javax.security.auth.Subject.doAs(Subject.java:422) [?:1.8.0_332]
	at org.apache.hadoop.security.UserGroupInformation.doAs(UserGroupInformation.java:1878) [hadoop-common-3.3.1.jar:?]
	at org.apache.hadoop.ipc.Server$Handler.run(Server.java:2966) [hadoop-common-3.3.1.jar:?]
16:23:54.631 [IPC Server handler 9 on default port 44357] ERROR OMAudit - user=runner | ip=127.0.0.1 | op=GET_FILE_STATUS {volume=volume79152, bucket=bucket19642, key=root_dir/file1/c, dataSize=0, replicationConfig=null} | ret=FAILURE
org.apache.hadoop.ozone.om.exceptions.OMException: Unable to get file status: volume: volume79152 bucket: bucket19642 key: root_dir/file1/c
	at org.apache.hadoop.ozone.om.KeyManagerImpl.getOzoneFileStatus(KeyManagerImpl.java:1283) ~[ozone-manager-1.3.0-SNAPSHOT.jar:?]
	at org.apache.hadoop.ozone.om.KeyManagerImpl.getFileStatus(KeyManagerImpl.java:1213) ~[ozone-manager-1.3.0-SNAPSHOT.jar:?]
	at org.apache.hadoop.ozone.om.OzoneManager.getFileStatus(OzoneManager.java:3419) ~[ozone-manager-1.3.0-SNAPSHOT.jar:?]
	at org.apache.hadoop.ozone.protocolPB.OzoneManagerRequestHandler.getOzoneFileStatus(OzoneManagerRequestHandler.java:871) ~[ozone-manager-1.3.0-SNAPSHOT.jar:?]
	at org.apache.hadoop.ozone.protocolPB.OzoneManagerRequestHandler.handleReadRequest(OzoneManagerRequestHandler.java:217) ~[ozone-manager-1.3.0-SNAPSHOT.jar:?]
	at org.apache.hadoop.ozone.protocolPB.OzoneManagerProtocolServerSideTranslatorPB.submitRequestDirectlyToOM(OzoneManagerProtocolServerSideTranslatorPB.java:284) ~[ozone-manager-1.3.0-SNAPSHOT.jar:?]
	at org.apache.hadoop.ozone.protocolPB.OzoneManagerProtocolServerSideTranslatorPB.processRequest(OzoneManagerProtocolServerSideTranslatorPB.java:207) ~[ozone-manager-1.3.0-SNAPSHOT.jar:?]
	at org.apache.hadoop.hdds.server.OzoneProtocolMessageDispatcher.processRequest(OzoneProtocolMessageDispatcher.java:87) [hdds-server-framework-1.3.0-SNAPSHOT.jar:?]
	at org.apache.hadoop.ozone.protocolPB.OzoneManagerProtocolServerSideTranslatorPB.submitRequest(OzoneManagerProtocolServerSideTranslatorPB.java:147) [ozone-manager-1.3.0-SNAPSHOT.jar:?]
	at org.apache.hadoop.ozone.protocol.proto.OzoneManagerProtocolProtos$OzoneManagerService$2.callBlockingMethod(OzoneManagerProtocolProtos.java) [ozone-interface-client-1.3.0-SNAPSHOT.jar:?]
	at org.apache.hadoop.ipc.ProtobufRpcEngine$Server.processCall(ProtobufRpcEngine.java:466) [hadoop-common-3.3.1.jar:?]
	at org.apache.hadoop.ipc.ProtobufRpcEngine2$Server$ProtoBufRpcInvoker.call(ProtobufRpcEngine2.java:574) [hadoop-common-3.3.1.jar:?]
	at org.apache.hadoop.ipc.ProtobufRpcEngine2$Server$ProtoBufRpcInvoker.call(ProtobufRpcEngine2.java:552) [hadoop-common-3.3.1.jar:?]
	at org.apache.hadoop.ipc.RPC$Server.call(RPC.java:1093) [hadoop-common-3.3.1.jar:?]
	at org.apache.hadoop.ipc.Server$RpcCall.run(Server.java:1035) [hadoop-common-3.3.1.jar:?]
	at org.apache.hadoop.ipc.Server$RpcCall.run(Server.java:963) [hadoop-common-3.3.1.jar:?]
	at java.security.AccessController.doPrivileged(Native Method) ~[?:1.8.0_332]
	at javax.security.auth.Subject.doAs(Subject.java:422) [?:1.8.0_332]
	at org.apache.hadoop.security.UserGroupInformation.doAs(UserGroupInformation.java:1878) [hadoop-common-3.3.1.jar:?]
	at org.apache.hadoop.ipc.Server$Handler.run(Server.java:2966) [hadoop-common-3.3.1.jar:?]
]]></system-out>
  </testcase>
  <testcase name="testGetFileStatusRoot" classname="TestRootedOzoneFileSystem" time="0.051">
    <system-out><![CDATA[2022-06-16 16:18:26,503 [Time-limited test] INFO  rpc.RpcClient (RpcClient.java:createVolume(466)) - Creating Volume: volume97247, with user20531 as owner and space quota set to -1 bytes, counts quota set to -1
2022-06-16 16:18:26,505 [OM StateMachine ApplyTransaction Thread - 0] INFO  volume.OMVolumeCreateRequest (OMVolumeCreateRequest.java:validateAndUpdateCache(195)) - created volume:volume97247 for user:user20531
2022-06-16 16:18:26,507 [Time-limited test] INFO  rpc.RpcClient (RpcClient.java:createBucket(666)) - Creating Bucket: volume97247/bucket12268, with the Bucket Layout LEGACY, runner as owner, Versioning false, Storage Type set to DISK and Encryption set to false 
2022-06-16 16:18:26,509 [OM StateMachine ApplyTransaction Thread - 0] INFO  bucket.OMBucketCreateRequest (OMBucketCreateRequest.java:validateAndUpdateCache(260)) - created bucket: bucket12268 of layout LEGACY in volume: volume97247
]]></system-out>
  </testcase>
  <testcase name="testGetFileStatusRoot" classname="TestRootedOzoneFileSystem" time="0.082">
    <system-out><![CDATA[2022-06-16 16:19:30,356 [Time-limited test] INFO  rpc.RpcClient (RpcClient.java:createVolume(466)) - Creating Volume: volume62258, with user83338 as owner and space quota set to -1 bytes, counts quota set to -1
2022-06-16 16:19:30,357 [OM StateMachine ApplyTransaction Thread - 0] INFO  volume.OMVolumeCreateRequest (OMVolumeCreateRequest.java:validateAndUpdateCache(195)) - created volume:volume62258 for user:user83338
2022-06-16 16:19:30,358 [Time-limited test] INFO  rpc.RpcClient (RpcClient.java:createBucket(666)) - Creating Bucket: volume62258/bucket27629, with the Bucket Layout LEGACY, runner as owner, Versioning false, Storage Type set to DISK and Encryption set to false 
2022-06-16 16:19:30,359 [OM StateMachine ApplyTransaction Thread - 0] INFO  bucket.OMBucketCreateRequest (OMBucketCreateRequest.java:validateAndUpdateCache(260)) - created bucket: bucket27629 of layout LEGACY in volume: volume62258
]]></system-out>
  </testcase>
  <testcase name="testGetFileStatusRoot" classname="TestRootedOzoneFileSystem" time="0.115">
    <system-out><![CDATA[2022-06-16 16:20:42,456 [Time-limited test] INFO  rpc.RpcClient (RpcClient.java:createVolume(466)) - Creating Volume: volume50680, with user72475 as owner and space quota set to -1 bytes, counts quota set to -1
2022-06-16 16:20:42,456 [IPC Server handler 8 on default port 42069] INFO  volume.OMVolumeCreateRequest (OMVolumeCreateRequest.java:validateAndUpdateCache(195)) - created volume:volume50680 for user:user72475
2022-06-16 16:20:42,461 [Time-limited test] INFO  rpc.RpcClient (RpcClient.java:createBucket(666)) - Creating Bucket: volume50680/bucket66907, with the Bucket Layout LEGACY, runner as owner, Versioning false, Storage Type set to DISK and Encryption set to false 
2022-06-16 16:20:42,462 [IPC Server handler 10 on default port 42069] INFO  bucket.OMBucketCreateRequest (OMBucketCreateRequest.java:validateAndUpdateCache(260)) - created bucket: bucket66907 of layout LEGACY in volume: volume50680
]]></system-out>
  </testcase>
  <testcase name="testGetFileStatusRoot" classname="TestRootedOzoneFileSystem" time="0.218">
    <system-out><![CDATA[2022-06-16 16:22:27,003 [cbc12831-31a5-4f31-a046-b81d852f61de@group-FD2032A2FA14-FollowerState] INFO  impl.FollowerState (FollowerState.java:run(143)) - cbc12831-31a5-4f31-a046-b81d852f61de@group-FD2032A2FA14-FollowerState: change to CANDIDATE, lastRpcElapsedTime:5016600778ns, electionTimeout:5001ms
2022-06-16 16:22:27,003 [cbc12831-31a5-4f31-a046-b81d852f61de@group-FD2032A2FA14-FollowerState] INFO  impl.RoleInfo (RoleInfo.java:shutdownFollowerState(110)) - cbc12831-31a5-4f31-a046-b81d852f61de: shutdown cbc12831-31a5-4f31-a046-b81d852f61de@group-FD2032A2FA14-FollowerState
2022-06-16 16:22:27,003 [cbc12831-31a5-4f31-a046-b81d852f61de@group-FD2032A2FA14-FollowerState] INFO  server.RaftServer$Division (RaftServerImpl.java:setRole(299)) - cbc12831-31a5-4f31-a046-b81d852f61de@group-FD2032A2FA14: changes role from  FOLLOWER to CANDIDATE at term 7 for changeToCandidate
2022-06-16 16:22:27,003 [cbc12831-31a5-4f31-a046-b81d852f61de@group-FD2032A2FA14-FollowerState] INFO  server.RaftServerConfigKeys (ConfUtils.java:logGet(46)) - raft.server.leaderelection.pre-vote = false (custom)
2022-06-16 16:22:27,003 [cbc12831-31a5-4f31-a046-b81d852f61de@group-FD2032A2FA14-FollowerState] INFO  impl.RoleInfo (RoleInfo.java:updateAndGet(139)) - cbc12831-31a5-4f31-a046-b81d852f61de: start cbc12831-31a5-4f31-a046-b81d852f61de@group-FD2032A2FA14-LeaderElection85
2022-06-16 16:22:27,011 [cbc12831-31a5-4f31-a046-b81d852f61de@group-FD2032A2FA14-LeaderElection85] INFO  impl.LeaderElection (LeaderElection.java:askForVotes(310)) - cbc12831-31a5-4f31-a046-b81d852f61de@group-FD2032A2FA14-LeaderElection85 ELECTION round 0: submit vote requests at term 8 for -1: [995fc94b-3f8e-410c-9bb6-8c0a727652de|rpc:10.1.0.16:43709|priority:0, cbc12831-31a5-4f31-a046-b81d852f61de|rpc:10.1.0.16:42913|priority:0, 6c743a47-4ce0-4970-944e-624fd1e2ad3d|rpc:10.1.0.16:44833|priority:1], old=null
2022-06-16 16:22:27,015 [grpc-default-executor-0] INFO  server.RaftServer$Division (RaftServerImpl.java:requestVote(1152)) - 995fc94b-3f8e-410c-9bb6-8c0a727652de@group-FD2032A2FA14: receive requestVote(ELECTION, cbc12831-31a5-4f31-a046-b81d852f61de, group-FD2032A2FA14, 8, (t:0, i:0))
2022-06-16 16:22:27,015 [grpc-default-executor-0] INFO  impl.VoteContext (VoteContext.java:log(48)) - 995fc94b-3f8e-410c-9bb6-8c0a727652de@group-FD2032A2FA14-FOLLOWER: accept ELECTION from cbc12831-31a5-4f31-a046-b81d852f61de: our priority 0 <= candidate's priority 0
2022-06-16 16:22:27,015 [grpc-default-executor-0] INFO  server.RaftServer$Division (RaftServerImpl.java:setRole(299)) - 995fc94b-3f8e-410c-9bb6-8c0a727652de@group-FD2032A2FA14: changes role from  FOLLOWER to FOLLOWER at term 8 for candidate:cbc12831-31a5-4f31-a046-b81d852f61de
2022-06-16 16:22:27,015 [grpc-default-executor-0] INFO  impl.RoleInfo (RoleInfo.java:shutdownFollowerState(110)) - 995fc94b-3f8e-410c-9bb6-8c0a727652de: shutdown 995fc94b-3f8e-410c-9bb6-8c0a727652de@group-FD2032A2FA14-FollowerState
2022-06-16 16:22:27,026 [grpc-default-executor-0] INFO  impl.RoleInfo (RoleInfo.java:updateAndGet(139)) - 995fc94b-3f8e-410c-9bb6-8c0a727652de: start 995fc94b-3f8e-410c-9bb6-8c0a727652de@group-FD2032A2FA14-FollowerState
2022-06-16 16:22:27,030 [grpc-default-executor-0] INFO  server.RaftServer$Division (RaftServerImpl.java:requestVote(1184)) - 995fc94b-3f8e-410c-9bb6-8c0a727652de@group-FD2032A2FA14 replies to ELECTION vote request: cbc12831-31a5-4f31-a046-b81d852f61de<-995fc94b-3f8e-410c-9bb6-8c0a727652de#0:OK-t8. Peer's state: 995fc94b-3f8e-410c-9bb6-8c0a727652de@group-FD2032A2FA14:t8, leader=null, voted=cbc12831-31a5-4f31-a046-b81d852f61de, raftlog=995fc94b-3f8e-410c-9bb6-8c0a727652de@group-FD2032A2FA14-SegmentedRaftLog:OPENED:c-1, conf=-1: [995fc94b-3f8e-410c-9bb6-8c0a727652de|rpc:10.1.0.16:43709|dataStream:|priority:0, cbc12831-31a5-4f31-a046-b81d852f61de|rpc:10.1.0.16:42913|dataStream:|priority:0, 6c743a47-4ce0-4970-944e-624fd1e2ad3d|rpc:10.1.0.16:44833|dataStream:|priority:1], old=null
2022-06-16 16:22:27,031 [6c743a47-4ce0-4970-944e-624fd1e2ad3d@group-FD2032A2FA14-FollowerState] INFO  impl.FollowerState (FollowerState.java:run(143)) - 6c743a47-4ce0-4970-944e-624fd1e2ad3d@group-FD2032A2FA14-FollowerState: change to CANDIDATE, lastRpcElapsedTime:5074355768ns, electionTimeout:5042ms
2022-06-16 16:22:27,031 [6c743a47-4ce0-4970-944e-624fd1e2ad3d@group-FD2032A2FA14-FollowerState] INFO  impl.RoleInfo (RoleInfo.java:shutdownFollowerState(110)) - 6c743a47-4ce0-4970-944e-624fd1e2ad3d: shutdown 6c743a47-4ce0-4970-944e-624fd1e2ad3d@group-FD2032A2FA14-FollowerState
2022-06-16 16:22:27,031 [6c743a47-4ce0-4970-944e-624fd1e2ad3d@group-FD2032A2FA14-FollowerState] INFO  server.RaftServer$Division (RaftServerImpl.java:setRole(299)) - 6c743a47-4ce0-4970-944e-624fd1e2ad3d@group-FD2032A2FA14: changes role from  FOLLOWER to CANDIDATE at term 7 for changeToCandidate
2022-06-16 16:22:27,031 [6c743a47-4ce0-4970-944e-624fd1e2ad3d@group-FD2032A2FA14-FollowerState] INFO  server.RaftServerConfigKeys (ConfUtils.java:logGet(46)) - raft.server.leaderelection.pre-vote = false (custom)
2022-06-16 16:22:27,031 [6c743a47-4ce0-4970-944e-624fd1e2ad3d@group-FD2032A2FA14-FollowerState] INFO  impl.RoleInfo (RoleInfo.java:updateAndGet(139)) - 6c743a47-4ce0-4970-944e-624fd1e2ad3d: start 6c743a47-4ce0-4970-944e-624fd1e2ad3d@group-FD2032A2FA14-LeaderElection86
2022-06-16 16:22:27,072 [grpc-default-executor-0] INFO  server.RaftServer$Division (RaftServerImpl.java:requestVote(1152)) - 6c743a47-4ce0-4970-944e-624fd1e2ad3d@group-FD2032A2FA14: receive requestVote(ELECTION, cbc12831-31a5-4f31-a046-b81d852f61de, group-FD2032A2FA14, 8, (t:0, i:0))
2022-06-16 16:22:27,072 [grpc-default-executor-0] INFO  impl.VoteContext (VoteContext.java:log(48)) - 6c743a47-4ce0-4970-944e-624fd1e2ad3d@group-FD2032A2FA14-CANDIDATE: reject ELECTION from cbc12831-31a5-4f31-a046-b81d852f61de: our priority 1 > candidate's priority 0
2022-06-16 16:22:27,072 [grpc-default-executor-0] INFO  server.RaftServer$Division (RaftServerImpl.java:setRole(299)) - 6c743a47-4ce0-4970-944e-624fd1e2ad3d@group-FD2032A2FA14: changes role from CANDIDATE to FOLLOWER at term 8 for candidate:cbc12831-31a5-4f31-a046-b81d852f61de
2022-06-16 16:22:27,072 [grpc-default-executor-0] INFO  impl.RoleInfo (RoleInfo.java:shutdownLeaderElection(130)) - 6c743a47-4ce0-4970-944e-624fd1e2ad3d: shutdown 6c743a47-4ce0-4970-944e-624fd1e2ad3d@group-FD2032A2FA14-LeaderElection86
2022-06-16 16:22:27,072 [grpc-default-executor-0] INFO  impl.RoleInfo (RoleInfo.java:updateAndGet(139)) - 6c743a47-4ce0-4970-944e-624fd1e2ad3d: start 6c743a47-4ce0-4970-944e-624fd1e2ad3d@group-FD2032A2FA14-FollowerState
2022-06-16 16:22:27,073 [995fc94b-3f8e-410c-9bb6-8c0a727652de@group-FD2032A2FA14-FollowerState] INFO  impl.FollowerState (FollowerState.java:run(152)) - 995fc94b-3f8e-410c-9bb6-8c0a727652de@group-FD2032A2FA14-FollowerState was interrupted
2022-06-16 16:22:27,075 [grpc-default-executor-0] INFO  server.RaftServer$Division (RaftServerImpl.java:requestVote(1184)) - 6c743a47-4ce0-4970-944e-624fd1e2ad3d@group-FD2032A2FA14 replies to ELECTION vote request: cbc12831-31a5-4f31-a046-b81d852f61de<-6c743a47-4ce0-4970-944e-624fd1e2ad3d#0:FAIL-t8. Peer's state: 6c743a47-4ce0-4970-944e-624fd1e2ad3d@group-FD2032A2FA14:t8, leader=null, voted=null, raftlog=6c743a47-4ce0-4970-944e-624fd1e2ad3d@group-FD2032A2FA14-SegmentedRaftLog:OPENED:c-1, conf=-1: [995fc94b-3f8e-410c-9bb6-8c0a727652de|rpc:10.1.0.16:43709|priority:0, cbc12831-31a5-4f31-a046-b81d852f61de|rpc:10.1.0.16:42913|priority:0, 6c743a47-4ce0-4970-944e-624fd1e2ad3d|rpc:10.1.0.16:44833|priority:1], old=null
2022-06-16 16:22:27,082 [cbc12831-31a5-4f31-a046-b81d852f61de@group-FD2032A2FA14-LeaderElection85] INFO  impl.LeaderElection (LeaderElection.java:logAndReturn(90)) - cbc12831-31a5-4f31-a046-b81d852f61de@group-FD2032A2FA14-LeaderElection85: ELECTION REJECTED received 2 response(s) and 0 exception(s):
2022-06-16 16:22:27,082 [cbc12831-31a5-4f31-a046-b81d852f61de@group-FD2032A2FA14-LeaderElection85] INFO  impl.LeaderElection (LeaderElection.java:logAndReturn(94)) -   Response 0: cbc12831-31a5-4f31-a046-b81d852f61de<-995fc94b-3f8e-410c-9bb6-8c0a727652de#0:OK-t8
2022-06-16 16:22:27,082 [cbc12831-31a5-4f31-a046-b81d852f61de@group-FD2032A2FA14-LeaderElection85] INFO  impl.LeaderElection (LeaderElection.java:logAndReturn(94)) -   Response 1: cbc12831-31a5-4f31-a046-b81d852f61de<-6c743a47-4ce0-4970-944e-624fd1e2ad3d#0:FAIL-t8
2022-06-16 16:22:27,082 [cbc12831-31a5-4f31-a046-b81d852f61de@group-FD2032A2FA14-LeaderElection85] INFO  impl.LeaderElection (LeaderElection.java:askForVotes(312)) - cbc12831-31a5-4f31-a046-b81d852f61de@group-FD2032A2FA14-LeaderElection85 ELECTION round 0: result REJECTED
2022-06-16 16:22:27,082 [cbc12831-31a5-4f31-a046-b81d852f61de@group-FD2032A2FA14-LeaderElection85] INFO  server.RaftServer$Division (RaftServerImpl.java:setRole(299)) - cbc12831-31a5-4f31-a046-b81d852f61de@group-FD2032A2FA14: changes role from CANDIDATE to FOLLOWER at term 8 for REJECTED
2022-06-16 16:22:27,082 [cbc12831-31a5-4f31-a046-b81d852f61de@group-FD2032A2FA14-LeaderElection85] INFO  impl.RoleInfo (RoleInfo.java:shutdownLeaderElection(130)) - cbc12831-31a5-4f31-a046-b81d852f61de: shutdown cbc12831-31a5-4f31-a046-b81d852f61de@group-FD2032A2FA14-LeaderElection85
2022-06-16 16:22:27,082 [cbc12831-31a5-4f31-a046-b81d852f61de@group-FD2032A2FA14-LeaderElection85] INFO  impl.RoleInfo (RoleInfo.java:updateAndGet(139)) - cbc12831-31a5-4f31-a046-b81d852f61de: start cbc12831-31a5-4f31-a046-b81d852f61de@group-FD2032A2FA14-FollowerState
2022-06-16 16:22:27,094 [6c743a47-4ce0-4970-944e-624fd1e2ad3d@group-FD2032A2FA14-LeaderElection86] INFO  impl.LeaderElection (LeaderElection.java:run(231)) - 6c743a47-4ce0-4970-944e-624fd1e2ad3d@group-FD2032A2FA14-LeaderElection86: skip running since this is already CLOSING
2022-06-16 16:22:27,100 [Time-limited test] INFO  rpc.RpcClient (RpcClient.java:createVolume(466)) - Creating Volume: volume66624, with user15950 as owner and space quota set to -1 bytes, counts quota set to -1
2022-06-16 16:22:27,105 [OM StateMachine ApplyTransaction Thread - 0] INFO  volume.OMVolumeCreateRequest (OMVolumeCreateRequest.java:validateAndUpdateCache(195)) - created volume:volume66624 for user:user15950
2022-06-16 16:22:27,106 [Time-limited test] INFO  rpc.RpcClient (RpcClient.java:createBucket(666)) - Creating Bucket: volume66624/bucket71877, with the Bucket Layout LEGACY, runner as owner, Versioning false, Storage Type set to DISK and Encryption set to false 
2022-06-16 16:22:27,107 [OM StateMachine ApplyTransaction Thread - 0] INFO  bucket.OMBucketCreateRequest (OMBucketCreateRequest.java:validateAndUpdateCache(260)) - created bucket: bucket71877 of layout LEGACY in volume: volume66624
]]></system-out>
  </testcase>
  <testcase name="testGetFileStatusRoot" classname="TestRootedOzoneFileSystem" time="0.091">
    <system-out><![CDATA[2022-06-16 16:23:54,840 [Time-limited test] INFO  rpc.RpcClient (RpcClient.java:createVolume(466)) - Creating Volume: volume50571, with user14882 as owner and space quota set to -1 bytes, counts quota set to -1
2022-06-16 16:23:54,841 [IPC Server handler 13 on default port 44357] INFO  volume.OMVolumeCreateRequest (OMVolumeCreateRequest.java:validateAndUpdateCache(195)) - created volume:volume50571 for user:user14882
2022-06-16 16:23:54,841 [Time-limited test] INFO  rpc.RpcClient (RpcClient.java:createBucket(666)) - Creating Bucket: volume50571/bucket92530, with the Bucket Layout LEGACY, runner as owner, Versioning false, Storage Type set to DISK and Encryption set to false 
2022-06-16 16:23:54,841 [IPC Server handler 17 on default port 44357] INFO  bucket.OMBucketCreateRequest (OMBucketCreateRequest.java:validateAndUpdateCache(260)) - created bucket: bucket92530 of layout LEGACY in volume: volume50571
]]></system-out>
  </testcase>
  <testcase name="testCreateWithInvalidPaths" classname="TestRootedOzoneFileSystem" time="0.054">
    <system-out><![CDATA[2022-06-16 16:18:26,560 [Time-limited test] INFO  rpc.RpcClient (RpcClient.java:createVolume(466)) - Creating Volume: volume21009, with user48842 as owner and space quota set to -1 bytes, counts quota set to -1
2022-06-16 16:18:26,563 [OM StateMachine ApplyTransaction Thread - 0] INFO  volume.OMVolumeCreateRequest (OMVolumeCreateRequest.java:validateAndUpdateCache(195)) - created volume:volume21009 for user:user48842
2022-06-16 16:18:26,565 [Time-limited test] INFO  rpc.RpcClient (RpcClient.java:createBucket(666)) - Creating Bucket: volume21009/bucket33904, with the Bucket Layout LEGACY, runner as owner, Versioning false, Storage Type set to DISK and Encryption set to false 
2022-06-16 16:18:26,567 [OM StateMachine ApplyTransaction Thread - 0] INFO  bucket.OMBucketCreateRequest (OMBucketCreateRequest.java:validateAndUpdateCache(260)) - created bucket: bucket33904 of layout LEGACY in volume: volume21009
]]></system-out>
  </testcase>
  <testcase name="testCreateWithInvalidPaths" classname="TestRootedOzoneFileSystem" time="0.054">
    <system-out><![CDATA[2022-06-16 16:19:30,410 [Time-limited test] INFO  rpc.RpcClient (RpcClient.java:createVolume(466)) - Creating Volume: volume74156, with user55907 as owner and space quota set to -1 bytes, counts quota set to -1
2022-06-16 16:19:30,412 [OM StateMachine ApplyTransaction Thread - 0] INFO  volume.OMVolumeCreateRequest (OMVolumeCreateRequest.java:validateAndUpdateCache(195)) - created volume:volume74156 for user:user55907
2022-06-16 16:19:30,414 [Time-limited test] INFO  rpc.RpcClient (RpcClient.java:createBucket(666)) - Creating Bucket: volume74156/bucket16657, with the Bucket Layout LEGACY, runner as owner, Versioning false, Storage Type set to DISK and Encryption set to false 
2022-06-16 16:19:30,414 [91193349-063e-4e8d-a3d9-971f40f5522b@group-D1B771C95D98-FollowerState] INFO  impl.FollowerState (FollowerState.java:run(143)) - 91193349-063e-4e8d-a3d9-971f40f5522b@group-D1B771C95D98-FollowerState: change to CANDIDATE, lastRpcElapsedTime:5114571722ns, electionTimeout:5109ms
2022-06-16 16:19:30,414 [91193349-063e-4e8d-a3d9-971f40f5522b@group-D1B771C95D98-FollowerState] INFO  impl.RoleInfo (RoleInfo.java:shutdownFollowerState(110)) - 91193349-063e-4e8d-a3d9-971f40f5522b: shutdown 91193349-063e-4e8d-a3d9-971f40f5522b@group-D1B771C95D98-FollowerState
2022-06-16 16:19:30,414 [91193349-063e-4e8d-a3d9-971f40f5522b@group-D1B771C95D98-FollowerState] INFO  server.RaftServer$Division (RaftServerImpl.java:setRole(299)) - 91193349-063e-4e8d-a3d9-971f40f5522b@group-D1B771C95D98: changes role from  FOLLOWER to CANDIDATE at term 0 for changeToCandidate
2022-06-16 16:19:30,414 [91193349-063e-4e8d-a3d9-971f40f5522b@group-D1B771C95D98-FollowerState] INFO  server.RaftServerConfigKeys (ConfUtils.java:logGet(46)) - raft.server.leaderelection.pre-vote = false (custom)
2022-06-16 16:19:30,414 [91193349-063e-4e8d-a3d9-971f40f5522b@group-D1B771C95D98-FollowerState] INFO  impl.RoleInfo (RoleInfo.java:updateAndGet(139)) - 91193349-063e-4e8d-a3d9-971f40f5522b: start 91193349-063e-4e8d-a3d9-971f40f5522b@group-D1B771C95D98-LeaderElection24
2022-06-16 16:19:30,415 [OM StateMachine ApplyTransaction Thread - 0] INFO  bucket.OMBucketCreateRequest (OMBucketCreateRequest.java:validateAndUpdateCache(260)) - created bucket: bucket16657 of layout LEGACY in volume: volume74156
]]></system-out>
  </testcase>
  <testcase name="testCreateWithInvalidPaths" classname="TestRootedOzoneFileSystem" time="0.127">
    <system-out><![CDATA[2022-06-16 16:20:42,595 [Time-limited test] INFO  rpc.RpcClient (RpcClient.java:createVolume(466)) - Creating Volume: volume19518, with user58289 as owner and space quota set to -1 bytes, counts quota set to -1
2022-06-16 16:20:42,595 [IPC Server handler 9 on default port 42069] INFO  volume.OMVolumeCreateRequest (OMVolumeCreateRequest.java:validateAndUpdateCache(195)) - created volume:volume19518 for user:user58289
2022-06-16 16:20:42,599 [Time-limited test] INFO  rpc.RpcClient (RpcClient.java:createBucket(666)) - Creating Bucket: volume19518/bucket51305, with the Bucket Layout LEGACY, runner as owner, Versioning false, Storage Type set to DISK and Encryption set to false 
2022-06-16 16:20:42,600 [IPC Server handler 12 on default port 42069] INFO  bucket.OMBucketCreateRequest (OMBucketCreateRequest.java:validateAndUpdateCache(260)) - created bucket: bucket51305 of layout LEGACY in volume: volume19518
]]></system-out>
  </testcase>
  <testcase name="testCreateWithInvalidPaths" classname="TestRootedOzoneFileSystem" time="0.136">
    <system-out><![CDATA[2022-06-16 16:22:27,228 [Time-limited test] INFO  rpc.RpcClient (RpcClient.java:createVolume(466)) - Creating Volume: volume63699, with user60071 as owner and space quota set to -1 bytes, counts quota set to -1
2022-06-16 16:22:27,256 [OM StateMachine ApplyTransaction Thread - 0] INFO  volume.OMVolumeCreateRequest (OMVolumeCreateRequest.java:validateAndUpdateCache(195)) - created volume:volume63699 for user:user60071
2022-06-16 16:22:27,257 [Time-limited test] INFO  rpc.RpcClient (RpcClient.java:createBucket(666)) - Creating Bucket: volume63699/bucket51630, with the Bucket Layout LEGACY, runner as owner, Versioning false, Storage Type set to DISK and Encryption set to false 
2022-06-16 16:22:27,257 [OM StateMachine ApplyTransaction Thread - 0] INFO  bucket.OMBucketCreateRequest (OMBucketCreateRequest.java:validateAndUpdateCache(260)) - created bucket: bucket51630 of layout LEGACY in volume: volume63699
]]></system-out>
  </testcase>
  <testcase name="testCreateWithInvalidPaths" classname="TestRootedOzoneFileSystem" time="0.284">
    <system-out><![CDATA[2022-06-16 16:23:55,124 [Time-limited test] INFO  rpc.RpcClient (RpcClient.java:createVolume(466)) - Creating Volume: volume41753, with user60292 as owner and space quota set to -1 bytes, counts quota set to -1
2022-06-16 16:23:55,125 [IPC Server handler 15 on default port 44357] INFO  volume.OMVolumeCreateRequest (OMVolumeCreateRequest.java:validateAndUpdateCache(195)) - created volume:volume41753 for user:user60292
2022-06-16 16:23:55,125 [Time-limited test] INFO  rpc.RpcClient (RpcClient.java:createBucket(666)) - Creating Bucket: volume41753/bucket36447, with the Bucket Layout LEGACY, runner as owner, Versioning false, Storage Type set to DISK and Encryption set to false 
2022-06-16 16:23:55,126 [IPC Server handler 16 on default port 44357] INFO  bucket.OMBucketCreateRequest (OMBucketCreateRequest.java:validateAndUpdateCache(260)) - created bucket: bucket36447 of layout LEGACY in volume: volume41753
]]></system-out>
  </testcase>
  <testcase name="testDeleteEmptyVolume" classname="TestRootedOzoneFileSystem" time="0.06">
    <system-out><![CDATA[2022-06-16 16:18:26,611 [Time-limited test] INFO  rpc.RpcClient (RpcClient.java:createVolume(466)) - Creating Volume: volume93105, with user29861 as owner and space quota set to -1 bytes, counts quota set to -1
2022-06-16 16:18:26,616 [OM StateMachine ApplyTransaction Thread - 0] INFO  volume.OMVolumeCreateRequest (OMVolumeCreateRequest.java:validateAndUpdateCache(195)) - created volume:volume93105 for user:user29861
2022-06-16 16:18:26,618 [Time-limited test] INFO  rpc.RpcClient (RpcClient.java:createBucket(666)) - Creating Bucket: volume93105/bucket12098, with the Bucket Layout LEGACY, runner as owner, Versioning false, Storage Type set to DISK and Encryption set to false 
2022-06-16 16:18:26,620 [OM StateMachine ApplyTransaction Thread - 0] INFO  bucket.OMBucketCreateRequest (OMBucketCreateRequest.java:validateAndUpdateCache(260)) - created bucket: bucket12098 of layout LEGACY in volume: volume93105
2022-06-16 16:18:26,622 [Time-limited test] INFO  rpc.RpcClient (RpcClient.java:createVolume(466)) - Creating Volume: volume-20314, with runner as owner and space quota set to -1 bytes, counts quota set to -1
2022-06-16 16:18:26,627 [OM StateMachine ApplyTransaction Thread - 0] INFO  volume.OMVolumeCreateRequest (OMVolumeCreateRequest.java:validateAndUpdateCache(195)) - created volume:volume-20314 for user:runner
]]></system-out>
  </testcase>
  <testcase name="testDeleteEmptyVolume" classname="TestRootedOzoneFileSystem" time="0.175">
    <system-out><![CDATA[2022-06-16 16:19:30,467 [91193349-063e-4e8d-a3d9-971f40f5522b@group-D1B771C95D98-LeaderElection24] INFO  impl.LeaderElection (LeaderElection.java:askForVotes(310)) - 91193349-063e-4e8d-a3d9-971f40f5522b@group-D1B771C95D98-LeaderElection24 ELECTION round 0: submit vote requests at term 1 for -1: [91193349-063e-4e8d-a3d9-971f40f5522b|rpc:10.1.0.16:41297|priority:1], old=null
2022-06-16 16:19:30,467 [91193349-063e-4e8d-a3d9-971f40f5522b@group-D1B771C95D98-LeaderElection24] INFO  impl.LeaderElection (LeaderElection.java:askForVotes(312)) - 91193349-063e-4e8d-a3d9-971f40f5522b@group-D1B771C95D98-LeaderElection24 ELECTION round 0: result PASSED (term=1)
2022-06-16 16:19:30,467 [91193349-063e-4e8d-a3d9-971f40f5522b@group-D1B771C95D98-LeaderElection24] INFO  impl.RoleInfo (RoleInfo.java:shutdownLeaderElection(130)) - 91193349-063e-4e8d-a3d9-971f40f5522b: shutdown 91193349-063e-4e8d-a3d9-971f40f5522b@group-D1B771C95D98-LeaderElection24
2022-06-16 16:19:30,467 [91193349-063e-4e8d-a3d9-971f40f5522b@group-D1B771C95D98-LeaderElection24] INFO  server.RaftServer$Division (RaftServerImpl.java:setRole(299)) - 91193349-063e-4e8d-a3d9-971f40f5522b@group-D1B771C95D98: changes role from CANDIDATE to LEADER at term 1 for changeToLeader
2022-06-16 16:19:30,467 [91193349-063e-4e8d-a3d9-971f40f5522b@group-D1B771C95D98-LeaderElection24] INFO  ratis.XceiverServerRatis (XceiverServerRatis.java:handleLeaderChangedNotification(863)) - Leader change notification received for group: group-D1B771C95D98 with new leaderId: 91193349-063e-4e8d-a3d9-971f40f5522b
2022-06-16 16:19:30,467 [91193349-063e-4e8d-a3d9-971f40f5522b@group-D1B771C95D98-LeaderElection24] INFO  server.RaftServer$Division (ServerState.java:setLeader(287)) - 91193349-063e-4e8d-a3d9-971f40f5522b@group-D1B771C95D98: change Leader from null to 91193349-063e-4e8d-a3d9-971f40f5522b at term 1 for becomeLeader, leader elected after 5192ms
2022-06-16 16:19:30,467 [91193349-063e-4e8d-a3d9-971f40f5522b@group-D1B771C95D98-LeaderElection24] INFO  server.RaftServerConfigKeys (ConfUtils.java:logGet(46)) - raft.server.staging.catchup.gap = 1000 (default)
2022-06-16 16:19:30,467 [91193349-063e-4e8d-a3d9-971f40f5522b@group-D1B771C95D98-LeaderElection24] INFO  server.RaftServerConfigKeys (ConfUtils.java:logGet(46)) - raft.server.write.element-limit = 1024 (custom)
2022-06-16 16:19:30,467 [91193349-063e-4e8d-a3d9-971f40f5522b@group-D1B771C95D98-LeaderElection24] INFO  server.RaftServerConfigKeys (ConfUtils.java:logGet(46)) - raft.server.write.byte-limit = 1024 M (=1073741824) (custom)
2022-06-16 16:19:30,468 [91193349-063e-4e8d-a3d9-971f40f5522b@group-D1B771C95D98-LeaderElection24] INFO  server.RaftServerConfigKeys (ConfUtils.java:logGet(46)) - raft.server.watch.timeout = 180s (custom)
2022-06-16 16:19:30,468 [91193349-063e-4e8d-a3d9-971f40f5522b@group-D1B771C95D98-LeaderElection24] INFO  server.RaftServerConfigKeys (ConfUtils.java:logGet(46)) - raft.server.watch.timeout.denomination = 1s (default)
2022-06-16 16:19:30,468 [91193349-063e-4e8d-a3d9-971f40f5522b@group-D1B771C95D98-LeaderElection24] INFO  server.RaftServerConfigKeys (ConfUtils.java:logGet(46)) - raft.server.watch.element-limit = 65536 (default)
2022-06-16 16:19:30,468 [91193349-063e-4e8d-a3d9-971f40f5522b@group-D1B771C95D98-LeaderElection24] INFO  server.RaftServerConfigKeys (ConfUtils.java:logGet(46)) - raft.server.write.element-limit = 1024 (custom)
2022-06-16 16:19:30,468 [91193349-063e-4e8d-a3d9-971f40f5522b@group-D1B771C95D98-LeaderElection24] INFO  server.RaftServerConfigKeys (ConfUtils.java:logGet(46)) - raft.server.write.follower.gap.ratio.max = -1.0 (default)
2022-06-16 16:19:30,468 [91193349-063e-4e8d-a3d9-971f40f5522b@group-D1B771C95D98-LeaderElection24] INFO  impl.RoleInfo (RoleInfo.java:updateAndGet(139)) - 91193349-063e-4e8d-a3d9-971f40f5522b: start 91193349-063e-4e8d-a3d9-971f40f5522b@group-D1B771C95D98-LeaderStateImpl
2022-06-16 16:19:30,468 [91193349-063e-4e8d-a3d9-971f40f5522b@group-D1B771C95D98-LeaderElection24] INFO  segmented.SegmentedRaftLogWorker (SegmentedRaftLogWorker.java:startLogSegment(425)) - 91193349-063e-4e8d-a3d9-971f40f5522b@group-D1B771C95D98-SegmentedRaftLogWorker: Starting segment from index:0
2022-06-16 16:19:30,469 [91193349-063e-4e8d-a3d9-971f40f5522b@group-D1B771C95D98-SegmentedRaftLogWorker] INFO  segmented.SegmentedRaftLogWorker (SegmentedRaftLogWorker.java:execute(629)) - 91193349-063e-4e8d-a3d9-971f40f5522b@group-D1B771C95D98-SegmentedRaftLogWorker: created new log segment /home/runner/work/ozone/ozone/hadoop-ozone/integration-test/target/test-dir/MiniOzoneClusterImpl-3714a898-0fe0-42e2-9307-bd15e6fadcd3/datanode-4/data/ratis/902126e9-86e8-48a3-b630-d1b771c95d98/current/log_inprogress_0
2022-06-16 16:19:30,486 [91193349-063e-4e8d-a3d9-971f40f5522b@group-D1B771C95D98-LeaderElection24] INFO  server.RaftServer$Division (ServerState.java:setRaftConf(393)) - 91193349-063e-4e8d-a3d9-971f40f5522b@group-D1B771C95D98: set configuration 0: [91193349-063e-4e8d-a3d9-971f40f5522b|rpc:10.1.0.16:41297|dataStream:|priority:1], old=null
2022-06-16 16:19:30,570 [Time-limited test] INFO  rpc.RpcClient (RpcClient.java:createVolume(466)) - Creating Volume: volume55986, with user13486 as owner and space quota set to -1 bytes, counts quota set to -1
2022-06-16 16:19:30,579 [OM StateMachine ApplyTransaction Thread - 0] INFO  volume.OMVolumeCreateRequest (OMVolumeCreateRequest.java:validateAndUpdateCache(195)) - created volume:volume55986 for user:user13486
2022-06-16 16:19:30,581 [Time-limited test] INFO  rpc.RpcClient (RpcClient.java:createBucket(666)) - Creating Bucket: volume55986/bucket96934, with the Bucket Layout LEGACY, runner as owner, Versioning false, Storage Type set to DISK and Encryption set to false 
2022-06-16 16:19:30,583 [OM StateMachine ApplyTransaction Thread - 0] INFO  bucket.OMBucketCreateRequest (OMBucketCreateRequest.java:validateAndUpdateCache(260)) - created bucket: bucket96934 of layout LEGACY in volume: volume55986
2022-06-16 16:19:30,584 [Time-limited test] INFO  rpc.RpcClient (RpcClient.java:createVolume(466)) - Creating Volume: volume-87459, with runner as owner and space quota set to -1 bytes, counts quota set to -1
2022-06-16 16:19:30,586 [OM StateMachine ApplyTransaction Thread - 0] INFO  volume.OMVolumeCreateRequest (OMVolumeCreateRequest.java:validateAndUpdateCache(195)) - created volume:volume-87459 for user:runner
16:19:30.588 [IPC Server handler 15 on default port 34065] ERROR OMAudit - user=runner | ip=127.0.0.1 | op=READ_VOLUME {volume=volume-87459} | ret=FAILURE
org.apache.hadoop.ozone.om.exceptions.OMException: Volume volume-87459 is not found
	at org.apache.hadoop.ozone.om.VolumeManagerImpl.getVolumeInfo(VolumeManagerImpl.java:74) ~[ozone-manager-1.3.0-SNAPSHOT.jar:?]
	at org.apache.hadoop.ozone.om.OzoneManager.getVolumeInfo(OzoneManager.java:2602) ~[ozone-manager-1.3.0-SNAPSHOT.jar:?]
	at org.apache.hadoop.ozone.protocolPB.OzoneManagerRequestHandler.infoVolume(OzoneManagerRequestHandler.java:390) ~[ozone-manager-1.3.0-SNAPSHOT.jar:?]
	at org.apache.hadoop.ozone.protocolPB.OzoneManagerRequestHandler.handleReadRequest(OzoneManagerRequestHandler.java:162) ~[ozone-manager-1.3.0-SNAPSHOT.jar:?]
	at org.apache.hadoop.ozone.protocolPB.OzoneManagerProtocolServerSideTranslatorPB.submitReadRequestToOM(OzoneManagerProtocolServerSideTranslatorPB.java:225) ~[ozone-manager-1.3.0-SNAPSHOT.jar:?]
	at org.apache.hadoop.ozone.protocolPB.OzoneManagerProtocolServerSideTranslatorPB.processRequest(OzoneManagerProtocolServerSideTranslatorPB.java:175) ~[ozone-manager-1.3.0-SNAPSHOT.jar:?]
	at org.apache.hadoop.hdds.server.OzoneProtocolMessageDispatcher.processRequest(OzoneProtocolMessageDispatcher.java:87) [hdds-server-framework-1.3.0-SNAPSHOT.jar:?]
	at org.apache.hadoop.ozone.protocolPB.OzoneManagerProtocolServerSideTranslatorPB.submitRequest(OzoneManagerProtocolServerSideTranslatorPB.java:147) [ozone-manager-1.3.0-SNAPSHOT.jar:?]
	at org.apache.hadoop.ozone.protocol.proto.OzoneManagerProtocolProtos$OzoneManagerService$2.callBlockingMethod(OzoneManagerProtocolProtos.java) [ozone-interface-client-1.3.0-SNAPSHOT.jar:?]
	at org.apache.hadoop.ipc.ProtobufRpcEngine$Server.processCall(ProtobufRpcEngine.java:466) [hadoop-common-3.3.1.jar:?]
	at org.apache.hadoop.ipc.ProtobufRpcEngine2$Server$ProtoBufRpcInvoker.call(ProtobufRpcEngine2.java:574) [hadoop-common-3.3.1.jar:?]
	at org.apache.hadoop.ipc.ProtobufRpcEngine2$Server$ProtoBufRpcInvoker.call(ProtobufRpcEngine2.java:552) [hadoop-common-3.3.1.jar:?]
	at org.apache.hadoop.ipc.RPC$Server.call(RPC.java:1093) [hadoop-common-3.3.1.jar:?]
	at org.apache.hadoop.ipc.Server$RpcCall.run(Server.java:1035) [hadoop-common-3.3.1.jar:?]
	at org.apache.hadoop.ipc.Server$RpcCall.run(Server.java:963) [hadoop-common-3.3.1.jar:?]
	at java.security.AccessController.doPrivileged(Native Method) ~[?:1.8.0_332]
	at javax.security.auth.Subject.doAs(Subject.java:422) [?:1.8.0_332]
	at org.apache.hadoop.security.UserGroupInformation.doAs(UserGroupInformation.java:1878) [hadoop-common-3.3.1.jar:?]
	at org.apache.hadoop.ipc.Server$Handler.run(Server.java:2966) [hadoop-common-3.3.1.jar:?]
]]></system-out>
  </testcase>
  <testcase name="testDeleteEmptyVolume" classname="TestRootedOzoneFileSystem" time="0.077">
    <system-out><![CDATA[2022-06-16 16:20:42,671 [Time-limited test] INFO  rpc.RpcClient (RpcClient.java:createVolume(466)) - Creating Volume: volume33339, with user84275 as owner and space quota set to -1 bytes, counts quota set to -1
2022-06-16 16:20:42,671 [IPC Server handler 10 on default port 42069] INFO  volume.OMVolumeCreateRequest (OMVolumeCreateRequest.java:validateAndUpdateCache(195)) - created volume:volume33339 for user:user84275
2022-06-16 16:20:42,672 [Time-limited test] INFO  rpc.RpcClient (RpcClient.java:createBucket(666)) - Creating Bucket: volume33339/bucket91804, with the Bucket Layout LEGACY, runner as owner, Versioning false, Storage Type set to DISK and Encryption set to false 
2022-06-16 16:20:42,673 [IPC Server handler 11 on default port 42069] INFO  bucket.OMBucketCreateRequest (OMBucketCreateRequest.java:validateAndUpdateCache(260)) - created bucket: bucket91804 of layout LEGACY in volume: volume33339
2022-06-16 16:20:42,676 [Time-limited test] INFO  rpc.RpcClient (RpcClient.java:createVolume(466)) - Creating Volume: volume-44379, with runner as owner and space quota set to -1 bytes, counts quota set to -1
2022-06-16 16:20:42,676 [IPC Server handler 15 on default port 42069] INFO  volume.OMVolumeCreateRequest (OMVolumeCreateRequest.java:validateAndUpdateCache(195)) - created volume:volume-44379 for user:runner
16:20:42.677 [IPC Server handler 19 on default port 42069] ERROR OMAudit - user=runner | ip=127.0.0.1 | op=READ_VOLUME {volume=volume-44379} | ret=FAILURE
org.apache.hadoop.ozone.om.exceptions.OMException: Volume volume-44379 is not found
	at org.apache.hadoop.ozone.om.VolumeManagerImpl.getVolumeInfo(VolumeManagerImpl.java:74) ~[ozone-manager-1.3.0-SNAPSHOT.jar:?]
	at org.apache.hadoop.ozone.om.OzoneManager.getVolumeInfo(OzoneManager.java:2602) ~[ozone-manager-1.3.0-SNAPSHOT.jar:?]
	at org.apache.hadoop.ozone.protocolPB.OzoneManagerRequestHandler.infoVolume(OzoneManagerRequestHandler.java:390) ~[ozone-manager-1.3.0-SNAPSHOT.jar:?]
	at org.apache.hadoop.ozone.protocolPB.OzoneManagerRequestHandler.handleReadRequest(OzoneManagerRequestHandler.java:162) ~[ozone-manager-1.3.0-SNAPSHOT.jar:?]
	at org.apache.hadoop.ozone.protocolPB.OzoneManagerProtocolServerSideTranslatorPB.submitRequestDirectlyToOM(OzoneManagerProtocolServerSideTranslatorPB.java:284) ~[ozone-manager-1.3.0-SNAPSHOT.jar:?]
	at org.apache.hadoop.ozone.protocolPB.OzoneManagerProtocolServerSideTranslatorPB.processRequest(OzoneManagerProtocolServerSideTranslatorPB.java:207) ~[ozone-manager-1.3.0-SNAPSHOT.jar:?]
	at org.apache.hadoop.hdds.server.OzoneProtocolMessageDispatcher.processRequest(OzoneProtocolMessageDispatcher.java:87) [hdds-server-framework-1.3.0-SNAPSHOT.jar:?]
	at org.apache.hadoop.ozone.protocolPB.OzoneManagerProtocolServerSideTranslatorPB.submitRequest(OzoneManagerProtocolServerSideTranslatorPB.java:147) [ozone-manager-1.3.0-SNAPSHOT.jar:?]
	at org.apache.hadoop.ozone.protocol.proto.OzoneManagerProtocolProtos$OzoneManagerService$2.callBlockingMethod(OzoneManagerProtocolProtos.java) [ozone-interface-client-1.3.0-SNAPSHOT.jar:?]
	at org.apache.hadoop.ipc.ProtobufRpcEngine$Server.processCall(ProtobufRpcEngine.java:466) [hadoop-common-3.3.1.jar:?]
	at org.apache.hadoop.ipc.ProtobufRpcEngine2$Server$ProtoBufRpcInvoker.call(ProtobufRpcEngine2.java:574) [hadoop-common-3.3.1.jar:?]
	at org.apache.hadoop.ipc.ProtobufRpcEngine2$Server$ProtoBufRpcInvoker.call(ProtobufRpcEngine2.java:552) [hadoop-common-3.3.1.jar:?]
	at org.apache.hadoop.ipc.RPC$Server.call(RPC.java:1093) [hadoop-common-3.3.1.jar:?]
	at org.apache.hadoop.ipc.Server$RpcCall.run(Server.java:1035) [hadoop-common-3.3.1.jar:?]
	at org.apache.hadoop.ipc.Server$RpcCall.run(Server.java:963) [hadoop-common-3.3.1.jar:?]
	at java.security.AccessController.doPrivileged(Native Method) ~[?:1.8.0_332]
	at javax.security.auth.Subject.doAs(Subject.java:422) [?:1.8.0_332]
	at org.apache.hadoop.security.UserGroupInformation.doAs(UserGroupInformation.java:1878) [hadoop-common-3.3.1.jar:?]
	at org.apache.hadoop.ipc.Server$Handler.run(Server.java:2966) [hadoop-common-3.3.1.jar:?]
]]></system-out>
  </testcase>
  <testcase name="testDeleteEmptyVolume" classname="TestRootedOzoneFileSystem" time="0.191">
    <system-out><![CDATA[2022-06-16 16:22:27,409 [Time-limited test] INFO  rpc.RpcClient (RpcClient.java:createVolume(466)) - Creating Volume: volume62605, with user34786 as owner and space quota set to -1 bytes, counts quota set to -1
2022-06-16 16:22:27,414 [OM StateMachine ApplyTransaction Thread - 0] INFO  volume.OMVolumeCreateRequest (OMVolumeCreateRequest.java:validateAndUpdateCache(195)) - created volume:volume62605 for user:user34786
2022-06-16 16:22:27,430 [Time-limited test] INFO  rpc.RpcClient (RpcClient.java:createBucket(666)) - Creating Bucket: volume62605/bucket59822, with the Bucket Layout LEGACY, runner as owner, Versioning false, Storage Type set to DISK and Encryption set to false 
2022-06-16 16:22:27,434 [OM StateMachine ApplyTransaction Thread - 0] INFO  bucket.OMBucketCreateRequest (OMBucketCreateRequest.java:validateAndUpdateCache(260)) - created bucket: bucket59822 of layout LEGACY in volume: volume62605
2022-06-16 16:22:27,435 [Time-limited test] INFO  rpc.RpcClient (RpcClient.java:createVolume(466)) - Creating Volume: volume-84871, with runner as owner and space quota set to -1 bytes, counts quota set to -1
2022-06-16 16:22:27,436 [OM StateMachine ApplyTransaction Thread - 0] INFO  volume.OMVolumeCreateRequest (OMVolumeCreateRequest.java:validateAndUpdateCache(195)) - created volume:volume-84871 for user:runner
16:22:27.438 [IPC Server handler 17 on default port 33505] ERROR OMAudit - user=runner | ip=127.0.0.1 | op=READ_VOLUME {volume=volume-84871} | ret=FAILURE
org.apache.hadoop.ozone.om.exceptions.OMException: Volume volume-84871 is not found
	at org.apache.hadoop.ozone.om.VolumeManagerImpl.getVolumeInfo(VolumeManagerImpl.java:74) ~[ozone-manager-1.3.0-SNAPSHOT.jar:?]
	at org.apache.hadoop.ozone.om.OzoneManager.getVolumeInfo(OzoneManager.java:2602) ~[ozone-manager-1.3.0-SNAPSHOT.jar:?]
	at org.apache.hadoop.ozone.protocolPB.OzoneManagerRequestHandler.infoVolume(OzoneManagerRequestHandler.java:390) ~[ozone-manager-1.3.0-SNAPSHOT.jar:?]
	at org.apache.hadoop.ozone.protocolPB.OzoneManagerRequestHandler.handleReadRequest(OzoneManagerRequestHandler.java:162) ~[ozone-manager-1.3.0-SNAPSHOT.jar:?]
	at org.apache.hadoop.ozone.protocolPB.OzoneManagerProtocolServerSideTranslatorPB.submitReadRequestToOM(OzoneManagerProtocolServerSideTranslatorPB.java:225) ~[ozone-manager-1.3.0-SNAPSHOT.jar:?]
	at org.apache.hadoop.ozone.protocolPB.OzoneManagerProtocolServerSideTranslatorPB.processRequest(OzoneManagerProtocolServerSideTranslatorPB.java:175) ~[ozone-manager-1.3.0-SNAPSHOT.jar:?]
	at org.apache.hadoop.hdds.server.OzoneProtocolMessageDispatcher.processRequest(OzoneProtocolMessageDispatcher.java:87) [hdds-server-framework-1.3.0-SNAPSHOT.jar:?]
	at org.apache.hadoop.ozone.protocolPB.OzoneManagerProtocolServerSideTranslatorPB.submitRequest(OzoneManagerProtocolServerSideTranslatorPB.java:147) [ozone-manager-1.3.0-SNAPSHOT.jar:?]
	at org.apache.hadoop.ozone.protocol.proto.OzoneManagerProtocolProtos$OzoneManagerService$2.callBlockingMethod(OzoneManagerProtocolProtos.java) [ozone-interface-client-1.3.0-SNAPSHOT.jar:?]
	at org.apache.hadoop.ipc.ProtobufRpcEngine$Server.processCall(ProtobufRpcEngine.java:466) [hadoop-common-3.3.1.jar:?]
	at org.apache.hadoop.ipc.ProtobufRpcEngine2$Server$ProtoBufRpcInvoker.call(ProtobufRpcEngine2.java:574) [hadoop-common-3.3.1.jar:?]
	at org.apache.hadoop.ipc.ProtobufRpcEngine2$Server$ProtoBufRpcInvoker.call(ProtobufRpcEngine2.java:552) [hadoop-common-3.3.1.jar:?]
	at org.apache.hadoop.ipc.RPC$Server.call(RPC.java:1093) [hadoop-common-3.3.1.jar:?]
	at org.apache.hadoop.ipc.Server$RpcCall.run(Server.java:1035) [hadoop-common-3.3.1.jar:?]
	at org.apache.hadoop.ipc.Server$RpcCall.run(Server.java:963) [hadoop-common-3.3.1.jar:?]
	at java.security.AccessController.doPrivileged(Native Method) ~[?:1.8.0_332]
	at javax.security.auth.Subject.doAs(Subject.java:422) [?:1.8.0_332]
	at org.apache.hadoop.security.UserGroupInformation.doAs(UserGroupInformation.java:1878) [hadoop-common-3.3.1.jar:?]
	at org.apache.hadoop.ipc.Server$Handler.run(Server.java:2966) [hadoop-common-3.3.1.jar:?]
]]></system-out>
  </testcase>
  <testcase name="testDeleteEmptyVolume" classname="TestRootedOzoneFileSystem" time="0.174">
    <system-out><![CDATA[2022-06-16 16:23:55,279 [Time-limited test] INFO  rpc.RpcClient (RpcClient.java:createVolume(466)) - Creating Volume: volume46569, with user82093 as owner and space quota set to -1 bytes, counts quota set to -1
2022-06-16 16:23:55,282 [IPC Server handler 17 on default port 44357] INFO  volume.OMVolumeCreateRequest (OMVolumeCreateRequest.java:validateAndUpdateCache(195)) - created volume:volume46569 for user:user82093
2022-06-16 16:23:55,286 [Time-limited test] INFO  rpc.RpcClient (RpcClient.java:createBucket(666)) - Creating Bucket: volume46569/bucket68661, with the Bucket Layout LEGACY, runner as owner, Versioning false, Storage Type set to DISK and Encryption set to false 
2022-06-16 16:23:55,287 [IPC Server handler 18 on default port 44357] INFO  bucket.OMBucketCreateRequest (OMBucketCreateRequest.java:validateAndUpdateCache(260)) - created bucket: bucket68661 of layout LEGACY in volume: volume46569
2022-06-16 16:23:55,288 [Time-limited test] INFO  rpc.RpcClient (RpcClient.java:createVolume(466)) - Creating Volume: volume-73418, with runner as owner and space quota set to -1 bytes, counts quota set to -1
2022-06-16 16:23:55,298 [IPC Server handler 3 on default port 44357] INFO  volume.OMVolumeCreateRequest (OMVolumeCreateRequest.java:validateAndUpdateCache(195)) - created volume:volume-73418 for user:runner
16:23:55.300 [IPC Server handler 5 on default port 44357] ERROR OMAudit - user=runner | ip=127.0.0.1 | op=READ_VOLUME {volume=volume-73418} | ret=FAILURE
org.apache.hadoop.ozone.om.exceptions.OMException: Volume volume-73418 is not found
	at org.apache.hadoop.ozone.om.VolumeManagerImpl.getVolumeInfo(VolumeManagerImpl.java:74) ~[ozone-manager-1.3.0-SNAPSHOT.jar:?]
	at org.apache.hadoop.ozone.om.OzoneManager.getVolumeInfo(OzoneManager.java:2602) ~[ozone-manager-1.3.0-SNAPSHOT.jar:?]
	at org.apache.hadoop.ozone.protocolPB.OzoneManagerRequestHandler.infoVolume(OzoneManagerRequestHandler.java:390) ~[ozone-manager-1.3.0-SNAPSHOT.jar:?]
	at org.apache.hadoop.ozone.protocolPB.OzoneManagerRequestHandler.handleReadRequest(OzoneManagerRequestHandler.java:162) ~[ozone-manager-1.3.0-SNAPSHOT.jar:?]
	at org.apache.hadoop.ozone.protocolPB.OzoneManagerProtocolServerSideTranslatorPB.submitRequestDirectlyToOM(OzoneManagerProtocolServerSideTranslatorPB.java:284) ~[ozone-manager-1.3.0-SNAPSHOT.jar:?]
	at org.apache.hadoop.ozone.protocolPB.OzoneManagerProtocolServerSideTranslatorPB.processRequest(OzoneManagerProtocolServerSideTranslatorPB.java:207) ~[ozone-manager-1.3.0-SNAPSHOT.jar:?]
	at org.apache.hadoop.hdds.server.OzoneProtocolMessageDispatcher.processRequest(OzoneProtocolMessageDispatcher.java:87) [hdds-server-framework-1.3.0-SNAPSHOT.jar:?]
	at org.apache.hadoop.ozone.protocolPB.OzoneManagerProtocolServerSideTranslatorPB.submitRequest(OzoneManagerProtocolServerSideTranslatorPB.java:147) [ozone-manager-1.3.0-SNAPSHOT.jar:?]
	at org.apache.hadoop.ozone.protocol.proto.OzoneManagerProtocolProtos$OzoneManagerService$2.callBlockingMethod(OzoneManagerProtocolProtos.java) [ozone-interface-client-1.3.0-SNAPSHOT.jar:?]
	at org.apache.hadoop.ipc.ProtobufRpcEngine$Server.processCall(ProtobufRpcEngine.java:466) [hadoop-common-3.3.1.jar:?]
	at org.apache.hadoop.ipc.ProtobufRpcEngine2$Server$ProtoBufRpcInvoker.call(ProtobufRpcEngine2.java:574) [hadoop-common-3.3.1.jar:?]
	at org.apache.hadoop.ipc.ProtobufRpcEngine2$Server$ProtoBufRpcInvoker.call(ProtobufRpcEngine2.java:552) [hadoop-common-3.3.1.jar:?]
	at org.apache.hadoop.ipc.RPC$Server.call(RPC.java:1093) [hadoop-common-3.3.1.jar:?]
	at org.apache.hadoop.ipc.Server$RpcCall.run(Server.java:1035) [hadoop-common-3.3.1.jar:?]
	at org.apache.hadoop.ipc.Server$RpcCall.run(Server.java:963) [hadoop-common-3.3.1.jar:?]
	at java.security.AccessController.doPrivileged(Native Method) ~[?:1.8.0_332]
	at javax.security.auth.Subject.doAs(Subject.java:422) [?:1.8.0_332]
	at org.apache.hadoop.security.UserGroupInformation.doAs(UserGroupInformation.java:1878) [hadoop-common-3.3.1.jar:?]
	at org.apache.hadoop.ipc.Server$Handler.run(Server.java:2966) [hadoop-common-3.3.1.jar:?]
]]></system-out>
  </testcase>
  <testcase name="testListStatusRootAndVolumeContinuation" classname="TestRootedOzoneFileSystem" time="0">
    <skipped type="org.junit.AssumptionViolatedException"><![CDATA[org.junit.AssumptionViolatedException: FS Path is enabled. Skipping this test as it is not tuned for FS Path yet
	at org.junit.Assume.assumeTrue(Assume.java:68)
	at org.apache.hadoop.fs.ozone.TestRootedOzoneFileSystem.testListStatusRootAndVolumeContinuation(TestRootedOzoneFileSystem.java:910)
	at sun.reflect.NativeMethodAccessorImpl.invoke0(Native Method)
	at sun.reflect.NativeMethodAccessorImpl.invoke(NativeMethodAccessorImpl.java:62)
	at sun.reflect.DelegatingMethodAccessorImpl.invoke(DelegatingMethodAccessorImpl.java:43)
	at java.lang.reflect.Method.invoke(Method.java:498)
	at org.junit.runners.model.FrameworkMethod$1.runReflectiveCall(FrameworkMethod.java:59)
	at org.junit.internal.runners.model.ReflectiveCallable.run(ReflectiveCallable.java:12)
	at org.junit.runners.model.FrameworkMethod.invokeExplosively(FrameworkMethod.java:56)
	at org.junit.internal.runners.statements.InvokeMethod.evaluate(InvokeMethod.java:17)
	at org.junit.internal.runners.statements.RunBefores.evaluate(RunBefores.java:26)
	at org.junit.internal.runners.statements.RunAfters.evaluate(RunAfters.java:27)
	at org.junit.internal.runners.statements.FailOnTimeout$CallableStatement.call(FailOnTimeout.java:288)
	at org.junit.internal.runners.statements.FailOnTimeout$CallableStatement.call(FailOnTimeout.java:282)
	at java.util.concurrent.FutureTask.run(FutureTask.java:266)
	at java.lang.Thread.run(Thread.java:750)
]]></skipped>
    <system-out><![CDATA[2022-06-16 16:18:26,679 [Time-limited test] INFO  rpc.RpcClient (RpcClient.java:createVolume(466)) - Creating Volume: volume33797, with user72051 as owner and space quota set to -1 bytes, counts quota set to -1
2022-06-16 16:18:26,682 [OM StateMachine ApplyTransaction Thread - 0] INFO  volume.OMVolumeCreateRequest (OMVolumeCreateRequest.java:validateAndUpdateCache(195)) - created volume:volume33797 for user:user72051
2022-06-16 16:18:26,684 [Time-limited test] INFO  rpc.RpcClient (RpcClient.java:createBucket(666)) - Creating Bucket: volume33797/bucket33356, with the Bucket Layout LEGACY, runner as owner, Versioning false, Storage Type set to DISK and Encryption set to false 
2022-06-16 16:18:26,687 [OM StateMachine ApplyTransaction Thread - 0] INFO  bucket.OMBucketCreateRequest (OMBucketCreateRequest.java:validateAndUpdateCache(260)) - created bucket: bucket33356 of layout LEGACY in volume: volume33797
]]></system-out>
  </testcase>
  <testcase name="testListStatusRootAndVolumeContinuation" classname="TestRootedOzoneFileSystem" time="0">
    <skipped type="org.junit.AssumptionViolatedException"><![CDATA[org.junit.AssumptionViolatedException: FS Path is enabled. Skipping this test as it is not tuned for FS Path yet
	at org.junit.Assume.assumeTrue(Assume.java:68)
	at org.apache.hadoop.fs.ozone.TestRootedOzoneFileSystem.testListStatusRootAndVolumeContinuation(TestRootedOzoneFileSystem.java:910)
	at sun.reflect.NativeMethodAccessorImpl.invoke0(Native Method)
	at sun.reflect.NativeMethodAccessorImpl.invoke(NativeMethodAccessorImpl.java:62)
	at sun.reflect.DelegatingMethodAccessorImpl.invoke(DelegatingMethodAccessorImpl.java:43)
	at java.lang.reflect.Method.invoke(Method.java:498)
	at org.junit.runners.model.FrameworkMethod$1.runReflectiveCall(FrameworkMethod.java:59)
	at org.junit.internal.runners.model.ReflectiveCallable.run(ReflectiveCallable.java:12)
	at org.junit.runners.model.FrameworkMethod.invokeExplosively(FrameworkMethod.java:56)
	at org.junit.internal.runners.statements.InvokeMethod.evaluate(InvokeMethod.java:17)
	at org.junit.internal.runners.statements.RunBefores.evaluate(RunBefores.java:26)
	at org.junit.internal.runners.statements.RunAfters.evaluate(RunAfters.java:27)
	at org.junit.internal.runners.statements.FailOnTimeout$CallableStatement.call(FailOnTimeout.java:288)
	at org.junit.internal.runners.statements.FailOnTimeout$CallableStatement.call(FailOnTimeout.java:282)
	at java.util.concurrent.FutureTask.run(FutureTask.java:266)
	at java.lang.Thread.run(Thread.java:750)
]]></skipped>
    <system-out><![CDATA[2022-06-16 16:19:30,686 [Time-limited test] INFO  rpc.RpcClient (RpcClient.java:createVolume(466)) - Creating Volume: volume23747, with user64629 as owner and space quota set to -1 bytes, counts quota set to -1
2022-06-16 16:19:30,690 [OM StateMachine ApplyTransaction Thread - 0] INFO  volume.OMVolumeCreateRequest (OMVolumeCreateRequest.java:validateAndUpdateCache(195)) - created volume:volume23747 for user:user64629
2022-06-16 16:19:30,693 [Time-limited test] INFO  rpc.RpcClient (RpcClient.java:createBucket(666)) - Creating Bucket: volume23747/bucket79340, with the Bucket Layout LEGACY, runner as owner, Versioning false, Storage Type set to DISK and Encryption set to false 
2022-06-16 16:19:30,694 [OM StateMachine ApplyTransaction Thread - 0] INFO  bucket.OMBucketCreateRequest (OMBucketCreateRequest.java:validateAndUpdateCache(260)) - created bucket: bucket79340 of layout LEGACY in volume: volume23747
]]></system-out>
  </testcase>
  <testcase name="testListStatusRootAndVolumeContinuation" classname="TestRootedOzoneFileSystem" time="0">
    <skipped type="org.junit.AssumptionViolatedException"><![CDATA[org.junit.AssumptionViolatedException: FS Path is enabled. Skipping this test as it is not tuned for FS Path yet
	at org.junit.Assume.assumeTrue(Assume.java:68)
	at org.apache.hadoop.fs.ozone.TestRootedOzoneFileSystem.testListStatusRootAndVolumeContinuation(TestRootedOzoneFileSystem.java:910)
	at sun.reflect.NativeMethodAccessorImpl.invoke0(Native Method)
	at sun.reflect.NativeMethodAccessorImpl.invoke(NativeMethodAccessorImpl.java:62)
	at sun.reflect.DelegatingMethodAccessorImpl.invoke(DelegatingMethodAccessorImpl.java:43)
	at java.lang.reflect.Method.invoke(Method.java:498)
	at org.junit.runners.model.FrameworkMethod$1.runReflectiveCall(FrameworkMethod.java:59)
	at org.junit.internal.runners.model.ReflectiveCallable.run(ReflectiveCallable.java:12)
	at org.junit.runners.model.FrameworkMethod.invokeExplosively(FrameworkMethod.java:56)
	at org.junit.internal.runners.statements.InvokeMethod.evaluate(InvokeMethod.java:17)
	at org.junit.internal.runners.statements.RunBefores.evaluate(RunBefores.java:26)
	at org.junit.internal.runners.statements.RunAfters.evaluate(RunAfters.java:27)
	at org.junit.internal.runners.statements.FailOnTimeout$CallableStatement.call(FailOnTimeout.java:288)
	at org.junit.internal.runners.statements.FailOnTimeout$CallableStatement.call(FailOnTimeout.java:282)
	at java.util.concurrent.FutureTask.run(FutureTask.java:266)
	at java.lang.Thread.run(Thread.java:750)
]]></skipped>
    <system-out><![CDATA[2022-06-16 16:20:42,776 [Time-limited test] INFO  rpc.RpcClient (RpcClient.java:createVolume(466)) - Creating Volume: volume27236, with user49709 as owner and space quota set to -1 bytes, counts quota set to -1
2022-06-16 16:20:42,777 [IPC Server handler 14 on default port 42069] INFO  volume.OMVolumeCreateRequest (OMVolumeCreateRequest.java:validateAndUpdateCache(195)) - created volume:volume27236 for user:user49709
2022-06-16 16:20:42,777 [Time-limited test] INFO  rpc.RpcClient (RpcClient.java:createBucket(666)) - Creating Bucket: volume27236/bucket73090, with the Bucket Layout LEGACY, runner as owner, Versioning false, Storage Type set to DISK and Encryption set to false 
2022-06-16 16:20:42,778 [IPC Server handler 19 on default port 42069] INFO  bucket.OMBucketCreateRequest (OMBucketCreateRequest.java:validateAndUpdateCache(260)) - created bucket: bucket73090 of layout LEGACY in volume: volume27236
]]></system-out>
  </testcase>
  <testcase name="testListStatusRootAndVolumeContinuation" classname="TestRootedOzoneFileSystem" time="4.19">
    <system-out><![CDATA[2022-06-16 16:22:27,656 [Time-limited test] INFO  rpc.RpcClient (RpcClient.java:createVolume(466)) - Creating Volume: volume23977, with user67818 as owner and space quota set to -1 bytes, counts quota set to -1
2022-06-16 16:22:27,674 [OM StateMachine ApplyTransaction Thread - 0] INFO  volume.OMVolumeCreateRequest (OMVolumeCreateRequest.java:validateAndUpdateCache(195)) - created volume:volume23977 for user:user67818
2022-06-16 16:22:27,677 [Time-limited test] INFO  rpc.RpcClient (RpcClient.java:createBucket(666)) - Creating Bucket: volume23977/bucket02151, with the Bucket Layout LEGACY, runner as owner, Versioning false, Storage Type set to DISK and Encryption set to false 
2022-06-16 16:22:27,679 [OM StateMachine ApplyTransaction Thread - 0] INFO  bucket.OMBucketCreateRequest (OMBucketCreateRequest.java:validateAndUpdateCache(260)) - created bucket: bucket02151 of layout LEGACY in volume: volume23977
16:22:27.680 [IPC Server handler 11 on default port 33505] ERROR OMAudit - user=runner | ip=127.0.0.1 | op=READ_BUCKET {volume=volume-50900, bucket=bucket-40058} | ret=FAILURE
org.apache.hadoop.ozone.om.exceptions.OMException: Volume not found when getting bucket info
	at org.apache.hadoop.ozone.om.BucketManagerImpl.getBucketInfo(BucketManagerImpl.java:127) ~[ozone-manager-1.3.0-SNAPSHOT.jar:?]
	at org.apache.hadoop.ozone.om.OzoneManager.getBucketInfo(OzoneManager.java:2778) ~[ozone-manager-1.3.0-SNAPSHOT.jar:?]
	at org.apache.hadoop.ozone.protocolPB.OzoneManagerRequestHandler.infoBucket(OzoneManagerRequestHandler.java:464) ~[ozone-manager-1.3.0-SNAPSHOT.jar:?]
	at org.apache.hadoop.ozone.protocolPB.OzoneManagerRequestHandler.handleReadRequest(OzoneManagerRequestHandler.java:172) ~[ozone-manager-1.3.0-SNAPSHOT.jar:?]
	at org.apache.hadoop.ozone.protocolPB.OzoneManagerProtocolServerSideTranslatorPB.submitReadRequestToOM(OzoneManagerProtocolServerSideTranslatorPB.java:225) ~[ozone-manager-1.3.0-SNAPSHOT.jar:?]
	at org.apache.hadoop.ozone.protocolPB.OzoneManagerProtocolServerSideTranslatorPB.processRequest(OzoneManagerProtocolServerSideTranslatorPB.java:175) ~[ozone-manager-1.3.0-SNAPSHOT.jar:?]
	at org.apache.hadoop.hdds.server.OzoneProtocolMessageDispatcher.processRequest(OzoneProtocolMessageDispatcher.java:87) [hdds-server-framework-1.3.0-SNAPSHOT.jar:?]
	at org.apache.hadoop.ozone.protocolPB.OzoneManagerProtocolServerSideTranslatorPB.submitRequest(OzoneManagerProtocolServerSideTranslatorPB.java:147) [ozone-manager-1.3.0-SNAPSHOT.jar:?]
	at org.apache.hadoop.ozone.protocol.proto.OzoneManagerProtocolProtos$OzoneManagerService$2.callBlockingMethod(OzoneManagerProtocolProtos.java) [ozone-interface-client-1.3.0-SNAPSHOT.jar:?]
	at org.apache.hadoop.ipc.ProtobufRpcEngine$Server.processCall(ProtobufRpcEngine.java:466) [hadoop-common-3.3.1.jar:?]
	at org.apache.hadoop.ipc.ProtobufRpcEngine2$Server$ProtoBufRpcInvoker.call(ProtobufRpcEngine2.java:574) [hadoop-common-3.3.1.jar:?]
	at org.apache.hadoop.ipc.ProtobufRpcEngine2$Server$ProtoBufRpcInvoker.call(ProtobufRpcEngine2.java:552) [hadoop-common-3.3.1.jar:?]
	at org.apache.hadoop.ipc.RPC$Server.call(RPC.java:1093) [hadoop-common-3.3.1.jar:?]
	at org.apache.hadoop.ipc.Server$RpcCall.run(Server.java:1035) [hadoop-common-3.3.1.jar:?]
	at org.apache.hadoop.ipc.Server$RpcCall.run(Server.java:963) [hadoop-common-3.3.1.jar:?]
	at java.security.AccessController.doPrivileged(Native Method) ~[?:1.8.0_332]
	at javax.security.auth.Subject.doAs(Subject.java:422) [?:1.8.0_332]
	at org.apache.hadoop.security.UserGroupInformation.doAs(UserGroupInformation.java:1878) [hadoop-common-3.3.1.jar:?]
	at org.apache.hadoop.ipc.Server$Handler.run(Server.java:2966) [hadoop-common-3.3.1.jar:?]
2022-06-16 16:22:27,680 [Time-limited test] INFO  rpc.RpcClient (RpcClient.java:createVolume(466)) - Creating Volume: volume-50900, with runner as owner and space quota set to -1 bytes, counts quota set to -1
2022-06-16 16:22:27,682 [OM StateMachine ApplyTransaction Thread - 0] INFO  volume.OMVolumeCreateRequest (OMVolumeCreateRequest.java:validateAndUpdateCache(195)) - created volume:volume-50900 for user:runner
2022-06-16 16:22:27,683 [Time-limited test] INFO  rpc.RpcClient (RpcClient.java:createBucket(666)) - Creating Bucket: volume-50900/bucket-40058, with the Bucket Layout null, runner as owner, Versioning false, Storage Type set to DISK and Encryption set to false 
2022-06-16 16:22:27,684 [OM StateMachine ApplyTransaction Thread - 0] INFO  bucket.OMBucketCreateRequest (OMBucketCreateRequest.java:validateAndUpdateCache(260)) - created bucket: bucket-40058 of layout LEGACY in volume: volume-50900
16:22:27.891 [IPC Server handler 13 on default port 33505] ERROR OMAudit - user=runner | ip=127.0.0.1 | op=READ_BUCKET {volume=volume-75035, bucket=bucket-20729} | ret=FAILURE
org.apache.hadoop.ozone.om.exceptions.OMException: Volume not found when getting bucket info
	at org.apache.hadoop.ozone.om.BucketManagerImpl.getBucketInfo(BucketManagerImpl.java:127) ~[ozone-manager-1.3.0-SNAPSHOT.jar:?]
	at org.apache.hadoop.ozone.om.OzoneManager.getBucketInfo(OzoneManager.java:2778) ~[ozone-manager-1.3.0-SNAPSHOT.jar:?]
	at org.apache.hadoop.ozone.protocolPB.OzoneManagerRequestHandler.infoBucket(OzoneManagerRequestHandler.java:464) ~[ozone-manager-1.3.0-SNAPSHOT.jar:?]
	at org.apache.hadoop.ozone.protocolPB.OzoneManagerRequestHandler.handleReadRequest(OzoneManagerRequestHandler.java:172) ~[ozone-manager-1.3.0-SNAPSHOT.jar:?]
	at org.apache.hadoop.ozone.protocolPB.OzoneManagerProtocolServerSideTranslatorPB.submitReadRequestToOM(OzoneManagerProtocolServerSideTranslatorPB.java:225) ~[ozone-manager-1.3.0-SNAPSHOT.jar:?]
	at org.apache.hadoop.ozone.protocolPB.OzoneManagerProtocolServerSideTranslatorPB.processRequest(OzoneManagerProtocolServerSideTranslatorPB.java:175) ~[ozone-manager-1.3.0-SNAPSHOT.jar:?]
	at org.apache.hadoop.hdds.server.OzoneProtocolMessageDispatcher.processRequest(OzoneProtocolMessageDispatcher.java:87) [hdds-server-framework-1.3.0-SNAPSHOT.jar:?]
	at org.apache.hadoop.ozone.protocolPB.OzoneManagerProtocolServerSideTranslatorPB.submitRequest(OzoneManagerProtocolServerSideTranslatorPB.java:147) [ozone-manager-1.3.0-SNAPSHOT.jar:?]
	at org.apache.hadoop.ozone.protocol.proto.OzoneManagerProtocolProtos$OzoneManagerService$2.callBlockingMethod(OzoneManagerProtocolProtos.java) [ozone-interface-client-1.3.0-SNAPSHOT.jar:?]
	at org.apache.hadoop.ipc.ProtobufRpcEngine$Server.processCall(ProtobufRpcEngine.java:466) [hadoop-common-3.3.1.jar:?]
	at org.apache.hadoop.ipc.ProtobufRpcEngine2$Server$ProtoBufRpcInvoker.call(ProtobufRpcEngine2.java:574) [hadoop-common-3.3.1.jar:?]
	at org.apache.hadoop.ipc.ProtobufRpcEngine2$Server$ProtoBufRpcInvoker.call(ProtobufRpcEngine2.java:552) [hadoop-common-3.3.1.jar:?]
	at org.apache.hadoop.ipc.RPC$Server.call(RPC.java:1093) [hadoop-common-3.3.1.jar:?]
	at org.apache.hadoop.ipc.Server$RpcCall.run(Server.java:1035) [hadoop-common-3.3.1.jar:?]
	at org.apache.hadoop.ipc.Server$RpcCall.run(Server.java:963) [hadoop-common-3.3.1.jar:?]
	at java.security.AccessController.doPrivileged(Native Method) ~[?:1.8.0_332]
	at javax.security.auth.Subject.doAs(Subject.java:422) [?:1.8.0_332]
	at org.apache.hadoop.security.UserGroupInformation.doAs(UserGroupInformation.java:1878) [hadoop-common-3.3.1.jar:?]
	at org.apache.hadoop.ipc.Server$Handler.run(Server.java:2966) [hadoop-common-3.3.1.jar:?]
2022-06-16 16:22:27,892 [Time-limited test] INFO  rpc.RpcClient (RpcClient.java:createVolume(466)) - Creating Volume: volume-75035, with runner as owner and space quota set to -1 bytes, counts quota set to -1
2022-06-16 16:22:27,915 [OM StateMachine ApplyTransaction Thread - 0] INFO  volume.OMVolumeCreateRequest (OMVolumeCreateRequest.java:validateAndUpdateCache(195)) - created volume:volume-75035 for user:runner
2022-06-16 16:22:27,922 [Time-limited test] INFO  rpc.RpcClient (RpcClient.java:createBucket(666)) - Creating Bucket: volume-75035/bucket-20729, with the Bucket Layout null, runner as owner, Versioning false, Storage Type set to DISK and Encryption set to false 
2022-06-16 16:22:27,925 [OM StateMachine ApplyTransaction Thread - 0] INFO  bucket.OMBucketCreateRequest (OMBucketCreateRequest.java:validateAndUpdateCache(260)) - created bucket: bucket-20729 of layout LEGACY in volume: volume-75035
16:22:28.185 [IPC Server handler 10 on default port 33505] ERROR OMAudit - user=runner | ip=127.0.0.1 | op=READ_BUCKET {volume=volume-73004, bucket=bucket-40580} | ret=FAILURE
org.apache.hadoop.ozone.om.exceptions.OMException: Volume not found when getting bucket info
	at org.apache.hadoop.ozone.om.BucketManagerImpl.getBucketInfo(BucketManagerImpl.java:127) ~[ozone-manager-1.3.0-SNAPSHOT.jar:?]
	at org.apache.hadoop.ozone.om.OzoneManager.getBucketInfo(OzoneManager.java:2778) ~[ozone-manager-1.3.0-SNAPSHOT.jar:?]
	at org.apache.hadoop.ozone.protocolPB.OzoneManagerRequestHandler.infoBucket(OzoneManagerRequestHandler.java:464) ~[ozone-manager-1.3.0-SNAPSHOT.jar:?]
	at org.apache.hadoop.ozone.protocolPB.OzoneManagerRequestHandler.handleReadRequest(OzoneManagerRequestHandler.java:172) ~[ozone-manager-1.3.0-SNAPSHOT.jar:?]
	at org.apache.hadoop.ozone.protocolPB.OzoneManagerProtocolServerSideTranslatorPB.submitReadRequestToOM(OzoneManagerProtocolServerSideTranslatorPB.java:225) ~[ozone-manager-1.3.0-SNAPSHOT.jar:?]
	at org.apache.hadoop.ozone.protocolPB.OzoneManagerProtocolServerSideTranslatorPB.processRequest(OzoneManagerProtocolServerSideTranslatorPB.java:175) ~[ozone-manager-1.3.0-SNAPSHOT.jar:?]
	at org.apache.hadoop.hdds.server.OzoneProtocolMessageDispatcher.processRequest(OzoneProtocolMessageDispatcher.java:87) [hdds-server-framework-1.3.0-SNAPSHOT.jar:?]
	at org.apache.hadoop.ozone.protocolPB.OzoneManagerProtocolServerSideTranslatorPB.submitRequest(OzoneManagerProtocolServerSideTranslatorPB.java:147) [ozone-manager-1.3.0-SNAPSHOT.jar:?]
	at org.apache.hadoop.ozone.protocol.proto.OzoneManagerProtocolProtos$OzoneManagerService$2.callBlockingMethod(OzoneManagerProtocolProtos.java) [ozone-interface-client-1.3.0-SNAPSHOT.jar:?]
	at org.apache.hadoop.ipc.ProtobufRpcEngine$Server.processCall(ProtobufRpcEngine.java:466) [hadoop-common-3.3.1.jar:?]
	at org.apache.hadoop.ipc.ProtobufRpcEngine2$Server$ProtoBufRpcInvoker.call(ProtobufRpcEngine2.java:574) [hadoop-common-3.3.1.jar:?]
	at org.apache.hadoop.ipc.ProtobufRpcEngine2$Server$ProtoBufRpcInvoker.call(ProtobufRpcEngine2.java:552) [hadoop-common-3.3.1.jar:?]
	at org.apache.hadoop.ipc.RPC$Server.call(RPC.java:1093) [hadoop-common-3.3.1.jar:?]
	at org.apache.hadoop.ipc.Server$RpcCall.run(Server.java:1035) [hadoop-common-3.3.1.jar:?]
	at org.apache.hadoop.ipc.Server$RpcCall.run(Server.java:963) [hadoop-common-3.3.1.jar:?]
	at java.security.AccessController.doPrivileged(Native Method) ~[?:1.8.0_332]
	at javax.security.auth.Subject.doAs(Subject.java:422) [?:1.8.0_332]
	at org.apache.hadoop.security.UserGroupInformation.doAs(UserGroupInformation.java:1878) [hadoop-common-3.3.1.jar:?]
	at org.apache.hadoop.ipc.Server$Handler.run(Server.java:2966) [hadoop-common-3.3.1.jar:?]
2022-06-16 16:22:28,186 [Time-limited test] INFO  rpc.RpcClient (RpcClient.java:createVolume(466)) - Creating Volume: volume-73004, with runner as owner and space quota set to -1 bytes, counts quota set to -1
2022-06-16 16:22:28,187 [OM StateMachine ApplyTransaction Thread - 0] INFO  volume.OMVolumeCreateRequest (OMVolumeCreateRequest.java:validateAndUpdateCache(195)) - created volume:volume-73004 for user:runner
2022-06-16 16:22:28,189 [Time-limited test] INFO  rpc.RpcClient (RpcClient.java:createBucket(666)) - Creating Bucket: volume-73004/bucket-40580, with the Bucket Layout null, runner as owner, Versioning false, Storage Type set to DISK and Encryption set to false 
2022-06-16 16:22:28,190 [OM StateMachine ApplyTransaction Thread - 0] INFO  bucket.OMBucketCreateRequest (OMBucketCreateRequest.java:validateAndUpdateCache(260)) - created bucket: bucket-40580 of layout LEGACY in volume: volume-73004
16:22:28.525 [IPC Server handler 0 on default port 33505] ERROR OMAudit - user=runner | ip=127.0.0.1 | op=READ_BUCKET {volume=volume-77059, bucket=bucket-19832} | ret=FAILURE
org.apache.hadoop.ozone.om.exceptions.OMException: Volume not found when getting bucket info
	at org.apache.hadoop.ozone.om.BucketManagerImpl.getBucketInfo(BucketManagerImpl.java:127) ~[ozone-manager-1.3.0-SNAPSHOT.jar:?]
	at org.apache.hadoop.ozone.om.OzoneManager.getBucketInfo(OzoneManager.java:2778) ~[ozone-manager-1.3.0-SNAPSHOT.jar:?]
	at org.apache.hadoop.ozone.protocolPB.OzoneManagerRequestHandler.infoBucket(OzoneManagerRequestHandler.java:464) ~[ozone-manager-1.3.0-SNAPSHOT.jar:?]
	at org.apache.hadoop.ozone.protocolPB.OzoneManagerRequestHandler.handleReadRequest(OzoneManagerRequestHandler.java:172) ~[ozone-manager-1.3.0-SNAPSHOT.jar:?]
	at org.apache.hadoop.ozone.protocolPB.OzoneManagerProtocolServerSideTranslatorPB.submitReadRequestToOM(OzoneManagerProtocolServerSideTranslatorPB.java:225) ~[ozone-manager-1.3.0-SNAPSHOT.jar:?]
	at org.apache.hadoop.ozone.protocolPB.OzoneManagerProtocolServerSideTranslatorPB.processRequest(OzoneManagerProtocolServerSideTranslatorPB.java:175) ~[ozone-manager-1.3.0-SNAPSHOT.jar:?]
	at org.apache.hadoop.hdds.server.OzoneProtocolMessageDispatcher.processRequest(OzoneProtocolMessageDispatcher.java:87) [hdds-server-framework-1.3.0-SNAPSHOT.jar:?]
	at org.apache.hadoop.ozone.protocolPB.OzoneManagerProtocolServerSideTranslatorPB.submitRequest(OzoneManagerProtocolServerSideTranslatorPB.java:147) [ozone-manager-1.3.0-SNAPSHOT.jar:?]
	at org.apache.hadoop.ozone.protocol.proto.OzoneManagerProtocolProtos$OzoneManagerService$2.callBlockingMethod(OzoneManagerProtocolProtos.java) [ozone-interface-client-1.3.0-SNAPSHOT.jar:?]
	at org.apache.hadoop.ipc.ProtobufRpcEngine$Server.processCall(ProtobufRpcEngine.java:466) [hadoop-common-3.3.1.jar:?]
	at org.apache.hadoop.ipc.ProtobufRpcEngine2$Server$ProtoBufRpcInvoker.call(ProtobufRpcEngine2.java:574) [hadoop-common-3.3.1.jar:?]
	at org.apache.hadoop.ipc.ProtobufRpcEngine2$Server$ProtoBufRpcInvoker.call(ProtobufRpcEngine2.java:552) [hadoop-common-3.3.1.jar:?]
	at org.apache.hadoop.ipc.RPC$Server.call(RPC.java:1093) [hadoop-common-3.3.1.jar:?]
	at org.apache.hadoop.ipc.Server$RpcCall.run(Server.java:1035) [hadoop-common-3.3.1.jar:?]
	at org.apache.hadoop.ipc.Server$RpcCall.run(Server.java:963) [hadoop-common-3.3.1.jar:?]
	at java.security.AccessController.doPrivileged(Native Method) ~[?:1.8.0_332]
	at javax.security.auth.Subject.doAs(Subject.java:422) [?:1.8.0_332]
	at org.apache.hadoop.security.UserGroupInformation.doAs(UserGroupInformation.java:1878) [hadoop-common-3.3.1.jar:?]
	at org.apache.hadoop.ipc.Server$Handler.run(Server.java:2966) [hadoop-common-3.3.1.jar:?]
2022-06-16 16:22:28,525 [Time-limited test] INFO  rpc.RpcClient (RpcClient.java:createVolume(466)) - Creating Volume: volume-77059, with runner as owner and space quota set to -1 bytes, counts quota set to -1
2022-06-16 16:22:28,532 [OM StateMachine ApplyTransaction Thread - 0] INFO  volume.OMVolumeCreateRequest (OMVolumeCreateRequest.java:validateAndUpdateCache(195)) - created volume:volume-77059 for user:runner
2022-06-16 16:22:28,533 [Time-limited test] INFO  rpc.RpcClient (RpcClient.java:createBucket(666)) - Creating Bucket: volume-77059/bucket-19832, with the Bucket Layout null, runner as owner, Versioning false, Storage Type set to DISK and Encryption set to false 
2022-06-16 16:22:28,534 [OM StateMachine ApplyTransaction Thread - 0] INFO  bucket.OMBucketCreateRequest (OMBucketCreateRequest.java:validateAndUpdateCache(260)) - created bucket: bucket-19832 of layout LEGACY in volume: volume-77059
16:22:31.274 [IPC Server handler 11 on default port 33505] ERROR OMAudit - user=runner | ip=127.0.0.1 | op=READ_BUCKET {volume=volume-12543, bucket=bucket-41908} | ret=FAILURE
org.apache.hadoop.ozone.om.exceptions.OMException: Volume not found when getting bucket info
	at org.apache.hadoop.ozone.om.BucketManagerImpl.getBucketInfo(BucketManagerImpl.java:127) ~[ozone-manager-1.3.0-SNAPSHOT.jar:?]
	at org.apache.hadoop.ozone.om.OzoneManager.getBucketInfo(OzoneManager.java:2778) ~[ozone-manager-1.3.0-SNAPSHOT.jar:?]
	at org.apache.hadoop.ozone.protocolPB.OzoneManagerRequestHandler.infoBucket(OzoneManagerRequestHandler.java:464) ~[ozone-manager-1.3.0-SNAPSHOT.jar:?]
	at org.apache.hadoop.ozone.protocolPB.OzoneManagerRequestHandler.handleReadRequest(OzoneManagerRequestHandler.java:172) ~[ozone-manager-1.3.0-SNAPSHOT.jar:?]
	at org.apache.hadoop.ozone.protocolPB.OzoneManagerProtocolServerSideTranslatorPB.submitReadRequestToOM(OzoneManagerProtocolServerSideTranslatorPB.java:225) ~[ozone-manager-1.3.0-SNAPSHOT.jar:?]
	at org.apache.hadoop.ozone.protocolPB.OzoneManagerProtocolServerSideTranslatorPB.processRequest(OzoneManagerProtocolServerSideTranslatorPB.java:175) ~[ozone-manager-1.3.0-SNAPSHOT.jar:?]
	at org.apache.hadoop.hdds.server.OzoneProtocolMessageDispatcher.processRequest(OzoneProtocolMessageDispatcher.java:87) [hdds-server-framework-1.3.0-SNAPSHOT.jar:?]
	at org.apache.hadoop.ozone.protocolPB.OzoneManagerProtocolServerSideTranslatorPB.submitRequest(OzoneManagerProtocolServerSideTranslatorPB.java:147) [ozone-manager-1.3.0-SNAPSHOT.jar:?]
	at org.apache.hadoop.ozone.protocol.proto.OzoneManagerProtocolProtos$OzoneManagerService$2.callBlockingMethod(OzoneManagerProtocolProtos.java) [ozone-interface-client-1.3.0-SNAPSHOT.jar:?]
	at org.apache.hadoop.ipc.ProtobufRpcEngine$Server.processCall(ProtobufRpcEngine.java:466) [hadoop-common-3.3.1.jar:?]
	at org.apache.hadoop.ipc.ProtobufRpcEngine2$Server$ProtoBufRpcInvoker.call(ProtobufRpcEngine2.java:574) [hadoop-common-3.3.1.jar:?]
	at org.apache.hadoop.ipc.ProtobufRpcEngine2$Server$ProtoBufRpcInvoker.call(ProtobufRpcEngine2.java:552) [hadoop-common-3.3.1.jar:?]
	at org.apache.hadoop.ipc.RPC$Server.call(RPC.java:1093) [hadoop-common-3.3.1.jar:?]
	at org.apache.hadoop.ipc.Server$RpcCall.run(Server.java:1035) [hadoop-common-3.3.1.jar:?]
	at org.apache.hadoop.ipc.Server$RpcCall.run(Server.java:963) [hadoop-common-3.3.1.jar:?]
	at java.security.AccessController.doPrivileged(Native Method) ~[?:1.8.0_332]
	at javax.security.auth.Subject.doAs(Subject.java:422) [?:1.8.0_332]
	at org.apache.hadoop.security.UserGroupInformation.doAs(UserGroupInformation.java:1878) [hadoop-common-3.3.1.jar:?]
	at org.apache.hadoop.ipc.Server$Handler.run(Server.java:2966) [hadoop-common-3.3.1.jar:?]
2022-06-16 16:22:31,275 [Time-limited test] INFO  rpc.RpcClient (RpcClient.java:createVolume(466)) - Creating Volume: volume-12543, with runner as owner and space quota set to -1 bytes, counts quota set to -1
2022-06-16 16:22:31,282 [OM StateMachine ApplyTransaction Thread - 0] INFO  volume.OMVolumeCreateRequest (OMVolumeCreateRequest.java:validateAndUpdateCache(195)) - created volume:volume-12543 for user:runner
2022-06-16 16:22:31,283 [Time-limited test] INFO  rpc.RpcClient (RpcClient.java:createBucket(666)) - Creating Bucket: volume-12543/bucket-41908, with the Bucket Layout null, runner as owner, Versioning false, Storage Type set to DISK and Encryption set to false 
2022-06-16 16:22:31,286 [OM StateMachine ApplyTransaction Thread - 0] INFO  bucket.OMBucketCreateRequest (OMBucketCreateRequest.java:validateAndUpdateCache(260)) - created bucket: bucket-41908 of layout LEGACY in volume: volume-12543
]]></system-out>
  </testcase>
  <testcase name="testListStatusRootAndVolumeContinuation" classname="TestRootedOzoneFileSystem" time="1.462">
    <system-out><![CDATA[2022-06-16 16:23:55,442 [Time-limited test] INFO  rpc.RpcClient (RpcClient.java:createVolume(466)) - Creating Volume: volume26182, with user38156 as owner and space quota set to -1 bytes, counts quota set to -1
2022-06-16 16:23:55,443 [IPC Server handler 1 on default port 44357] INFO  volume.OMVolumeCreateRequest (OMVolumeCreateRequest.java:validateAndUpdateCache(195)) - created volume:volume26182 for user:user38156
2022-06-16 16:23:55,462 [Time-limited test] INFO  rpc.RpcClient (RpcClient.java:createBucket(666)) - Creating Bucket: volume26182/bucket75687, with the Bucket Layout LEGACY, runner as owner, Versioning false, Storage Type set to DISK and Encryption set to false 
2022-06-16 16:23:55,463 [IPC Server handler 5 on default port 44357] INFO  bucket.OMBucketCreateRequest (OMBucketCreateRequest.java:validateAndUpdateCache(260)) - created bucket: bucket75687 of layout LEGACY in volume: volume26182
16:23:55.466 [IPC Server handler 7 on default port 44357] ERROR OMAudit - user=runner | ip=127.0.0.1 | op=READ_BUCKET {volume=volume-50146, bucket=bucket-38466} | ret=FAILURE
org.apache.hadoop.ozone.om.exceptions.OMException: Volume not found when getting bucket info
	at org.apache.hadoop.ozone.om.BucketManagerImpl.getBucketInfo(BucketManagerImpl.java:127) ~[ozone-manager-1.3.0-SNAPSHOT.jar:?]
	at org.apache.hadoop.ozone.om.OzoneManager.getBucketInfo(OzoneManager.java:2778) ~[ozone-manager-1.3.0-SNAPSHOT.jar:?]
	at org.apache.hadoop.ozone.protocolPB.OzoneManagerRequestHandler.infoBucket(OzoneManagerRequestHandler.java:464) ~[ozone-manager-1.3.0-SNAPSHOT.jar:?]
	at org.apache.hadoop.ozone.protocolPB.OzoneManagerRequestHandler.handleReadRequest(OzoneManagerRequestHandler.java:172) ~[ozone-manager-1.3.0-SNAPSHOT.jar:?]
	at org.apache.hadoop.ozone.protocolPB.OzoneManagerProtocolServerSideTranslatorPB.submitRequestDirectlyToOM(OzoneManagerProtocolServerSideTranslatorPB.java:284) ~[ozone-manager-1.3.0-SNAPSHOT.jar:?]
	at org.apache.hadoop.ozone.protocolPB.OzoneManagerProtocolServerSideTranslatorPB.processRequest(OzoneManagerProtocolServerSideTranslatorPB.java:207) ~[ozone-manager-1.3.0-SNAPSHOT.jar:?]
	at org.apache.hadoop.hdds.server.OzoneProtocolMessageDispatcher.processRequest(OzoneProtocolMessageDispatcher.java:87) [hdds-server-framework-1.3.0-SNAPSHOT.jar:?]
	at org.apache.hadoop.ozone.protocolPB.OzoneManagerProtocolServerSideTranslatorPB.submitRequest(OzoneManagerProtocolServerSideTranslatorPB.java:147) [ozone-manager-1.3.0-SNAPSHOT.jar:?]
	at org.apache.hadoop.ozone.protocol.proto.OzoneManagerProtocolProtos$OzoneManagerService$2.callBlockingMethod(OzoneManagerProtocolProtos.java) [ozone-interface-client-1.3.0-SNAPSHOT.jar:?]
	at org.apache.hadoop.ipc.ProtobufRpcEngine$Server.processCall(ProtobufRpcEngine.java:466) [hadoop-common-3.3.1.jar:?]
	at org.apache.hadoop.ipc.ProtobufRpcEngine2$Server$ProtoBufRpcInvoker.call(ProtobufRpcEngine2.java:574) [hadoop-common-3.3.1.jar:?]
	at org.apache.hadoop.ipc.ProtobufRpcEngine2$Server$ProtoBufRpcInvoker.call(ProtobufRpcEngine2.java:552) [hadoop-common-3.3.1.jar:?]
	at org.apache.hadoop.ipc.RPC$Server.call(RPC.java:1093) [hadoop-common-3.3.1.jar:?]
	at org.apache.hadoop.ipc.Server$RpcCall.run(Server.java:1035) [hadoop-common-3.3.1.jar:?]
	at org.apache.hadoop.ipc.Server$RpcCall.run(Server.java:963) [hadoop-common-3.3.1.jar:?]
	at java.security.AccessController.doPrivileged(Native Method) ~[?:1.8.0_332]
	at javax.security.auth.Subject.doAs(Subject.java:422) [?:1.8.0_332]
	at org.apache.hadoop.security.UserGroupInformation.doAs(UserGroupInformation.java:1878) [hadoop-common-3.3.1.jar:?]
	at org.apache.hadoop.ipc.Server$Handler.run(Server.java:2966) [hadoop-common-3.3.1.jar:?]
2022-06-16 16:23:55,467 [Time-limited test] INFO  rpc.RpcClient (RpcClient.java:createVolume(466)) - Creating Volume: volume-50146, with runner as owner and space quota set to -1 bytes, counts quota set to -1
2022-06-16 16:23:55,467 [IPC Server handler 4 on default port 44357] INFO  volume.OMVolumeCreateRequest (OMVolumeCreateRequest.java:validateAndUpdateCache(195)) - created volume:volume-50146 for user:runner
2022-06-16 16:23:55,475 [Time-limited test] INFO  rpc.RpcClient (RpcClient.java:createBucket(666)) - Creating Bucket: volume-50146/bucket-38466, with the Bucket Layout null, runner as owner, Versioning false, Storage Type set to DISK and Encryption set to false 
2022-06-16 16:23:55,475 [IPC Server handler 12 on default port 44357] INFO  bucket.OMBucketCreateRequest (OMBucketCreateRequest.java:validateAndUpdateCache(260)) - created bucket: bucket-38466 of layout LEGACY in volume: volume-50146
16:23:55.700 [IPC Server handler 2 on default port 44357] ERROR OMAudit - user=runner | ip=127.0.0.1 | op=READ_BUCKET {volume=volume-64072, bucket=bucket-47156} | ret=FAILURE
org.apache.hadoop.ozone.om.exceptions.OMException: Volume not found when getting bucket info
	at org.apache.hadoop.ozone.om.BucketManagerImpl.getBucketInfo(BucketManagerImpl.java:127) ~[ozone-manager-1.3.0-SNAPSHOT.jar:?]
	at org.apache.hadoop.ozone.om.OzoneManager.getBucketInfo(OzoneManager.java:2778) ~[ozone-manager-1.3.0-SNAPSHOT.jar:?]
	at org.apache.hadoop.ozone.protocolPB.OzoneManagerRequestHandler.infoBucket(OzoneManagerRequestHandler.java:464) ~[ozone-manager-1.3.0-SNAPSHOT.jar:?]
	at org.apache.hadoop.ozone.protocolPB.OzoneManagerRequestHandler.handleReadRequest(OzoneManagerRequestHandler.java:172) ~[ozone-manager-1.3.0-SNAPSHOT.jar:?]
	at org.apache.hadoop.ozone.protocolPB.OzoneManagerProtocolServerSideTranslatorPB.submitRequestDirectlyToOM(OzoneManagerProtocolServerSideTranslatorPB.java:284) ~[ozone-manager-1.3.0-SNAPSHOT.jar:?]
	at org.apache.hadoop.ozone.protocolPB.OzoneManagerProtocolServerSideTranslatorPB.processRequest(OzoneManagerProtocolServerSideTranslatorPB.java:207) ~[ozone-manager-1.3.0-SNAPSHOT.jar:?]
	at org.apache.hadoop.hdds.server.OzoneProtocolMessageDispatcher.processRequest(OzoneProtocolMessageDispatcher.java:87) [hdds-server-framework-1.3.0-SNAPSHOT.jar:?]
	at org.apache.hadoop.ozone.protocolPB.OzoneManagerProtocolServerSideTranslatorPB.submitRequest(OzoneManagerProtocolServerSideTranslatorPB.java:147) [ozone-manager-1.3.0-SNAPSHOT.jar:?]
	at org.apache.hadoop.ozone.protocol.proto.OzoneManagerProtocolProtos$OzoneManagerService$2.callBlockingMethod(OzoneManagerProtocolProtos.java) [ozone-interface-client-1.3.0-SNAPSHOT.jar:?]
	at org.apache.hadoop.ipc.ProtobufRpcEngine$Server.processCall(ProtobufRpcEngine.java:466) [hadoop-common-3.3.1.jar:?]
	at org.apache.hadoop.ipc.ProtobufRpcEngine2$Server$ProtoBufRpcInvoker.call(ProtobufRpcEngine2.java:574) [hadoop-common-3.3.1.jar:?]
	at org.apache.hadoop.ipc.ProtobufRpcEngine2$Server$ProtoBufRpcInvoker.call(ProtobufRpcEngine2.java:552) [hadoop-common-3.3.1.jar:?]
	at org.apache.hadoop.ipc.RPC$Server.call(RPC.java:1093) [hadoop-common-3.3.1.jar:?]
	at org.apache.hadoop.ipc.Server$RpcCall.run(Server.java:1035) [hadoop-common-3.3.1.jar:?]
	at org.apache.hadoop.ipc.Server$RpcCall.run(Server.java:963) [hadoop-common-3.3.1.jar:?]
	at java.security.AccessController.doPrivileged(Native Method) ~[?:1.8.0_332]
	at javax.security.auth.Subject.doAs(Subject.java:422) [?:1.8.0_332]
	at org.apache.hadoop.security.UserGroupInformation.doAs(UserGroupInformation.java:1878) [hadoop-common-3.3.1.jar:?]
	at org.apache.hadoop.ipc.Server$Handler.run(Server.java:2966) [hadoop-common-3.3.1.jar:?]
2022-06-16 16:23:55,701 [Time-limited test] INFO  rpc.RpcClient (RpcClient.java:createVolume(466)) - Creating Volume: volume-64072, with runner as owner and space quota set to -1 bytes, counts quota set to -1
2022-06-16 16:23:55,701 [IPC Server handler 1 on default port 44357] INFO  volume.OMVolumeCreateRequest (OMVolumeCreateRequest.java:validateAndUpdateCache(195)) - created volume:volume-64072 for user:runner
2022-06-16 16:23:55,718 [Time-limited test] INFO  rpc.RpcClient (RpcClient.java:createBucket(666)) - Creating Bucket: volume-64072/bucket-47156, with the Bucket Layout null, runner as owner, Versioning false, Storage Type set to DISK and Encryption set to false 
2022-06-16 16:23:55,718 [IPC Server handler 5 on default port 44357] INFO  bucket.OMBucketCreateRequest (OMBucketCreateRequest.java:validateAndUpdateCache(260)) - created bucket: bucket-47156 of layout LEGACY in volume: volume-64072
16:23:55.986 [IPC Server handler 17 on default port 44357] ERROR OMAudit - user=runner | ip=127.0.0.1 | op=READ_BUCKET {volume=volume-84406, bucket=bucket-61293} | ret=FAILURE
org.apache.hadoop.ozone.om.exceptions.OMException: Volume not found when getting bucket info
	at org.apache.hadoop.ozone.om.BucketManagerImpl.getBucketInfo(BucketManagerImpl.java:127) ~[ozone-manager-1.3.0-SNAPSHOT.jar:?]
	at org.apache.hadoop.ozone.om.OzoneManager.getBucketInfo(OzoneManager.java:2778) ~[ozone-manager-1.3.0-SNAPSHOT.jar:?]
	at org.apache.hadoop.ozone.protocolPB.OzoneManagerRequestHandler.infoBucket(OzoneManagerRequestHandler.java:464) ~[ozone-manager-1.3.0-SNAPSHOT.jar:?]
	at org.apache.hadoop.ozone.protocolPB.OzoneManagerRequestHandler.handleReadRequest(OzoneManagerRequestHandler.java:172) ~[ozone-manager-1.3.0-SNAPSHOT.jar:?]
	at org.apache.hadoop.ozone.protocolPB.OzoneManagerProtocolServerSideTranslatorPB.submitRequestDirectlyToOM(OzoneManagerProtocolServerSideTranslatorPB.java:284) ~[ozone-manager-1.3.0-SNAPSHOT.jar:?]
	at org.apache.hadoop.ozone.protocolPB.OzoneManagerProtocolServerSideTranslatorPB.processRequest(OzoneManagerProtocolServerSideTranslatorPB.java:207) ~[ozone-manager-1.3.0-SNAPSHOT.jar:?]
	at org.apache.hadoop.hdds.server.OzoneProtocolMessageDispatcher.processRequest(OzoneProtocolMessageDispatcher.java:87) [hdds-server-framework-1.3.0-SNAPSHOT.jar:?]
	at org.apache.hadoop.ozone.protocolPB.OzoneManagerProtocolServerSideTranslatorPB.submitRequest(OzoneManagerProtocolServerSideTranslatorPB.java:147) [ozone-manager-1.3.0-SNAPSHOT.jar:?]
	at org.apache.hadoop.ozone.protocol.proto.OzoneManagerProtocolProtos$OzoneManagerService$2.callBlockingMethod(OzoneManagerProtocolProtos.java) [ozone-interface-client-1.3.0-SNAPSHOT.jar:?]
	at org.apache.hadoop.ipc.ProtobufRpcEngine$Server.processCall(ProtobufRpcEngine.java:466) [hadoop-common-3.3.1.jar:?]
	at org.apache.hadoop.ipc.ProtobufRpcEngine2$Server$ProtoBufRpcInvoker.call(ProtobufRpcEngine2.java:574) [hadoop-common-3.3.1.jar:?]
	at org.apache.hadoop.ipc.ProtobufRpcEngine2$Server$ProtoBufRpcInvoker.call(ProtobufRpcEngine2.java:552) [hadoop-common-3.3.1.jar:?]
	at org.apache.hadoop.ipc.RPC$Server.call(RPC.java:1093) [hadoop-common-3.3.1.jar:?]
	at org.apache.hadoop.ipc.Server$RpcCall.run(Server.java:1035) [hadoop-common-3.3.1.jar:?]
	at org.apache.hadoop.ipc.Server$RpcCall.run(Server.java:963) [hadoop-common-3.3.1.jar:?]
	at java.security.AccessController.doPrivileged(Native Method) ~[?:1.8.0_332]
	at javax.security.auth.Subject.doAs(Subject.java:422) [?:1.8.0_332]
	at org.apache.hadoop.security.UserGroupInformation.doAs(UserGroupInformation.java:1878) [hadoop-common-3.3.1.jar:?]
	at org.apache.hadoop.ipc.Server$Handler.run(Server.java:2966) [hadoop-common-3.3.1.jar:?]
2022-06-16 16:23:55,987 [Time-limited test] INFO  rpc.RpcClient (RpcClient.java:createVolume(466)) - Creating Volume: volume-84406, with runner as owner and space quota set to -1 bytes, counts quota set to -1
2022-06-16 16:23:55,987 [IPC Server handler 16 on default port 44357] INFO  volume.OMVolumeCreateRequest (OMVolumeCreateRequest.java:validateAndUpdateCache(195)) - created volume:volume-84406 for user:runner
2022-06-16 16:23:55,990 [Time-limited test] INFO  rpc.RpcClient (RpcClient.java:createBucket(666)) - Creating Bucket: volume-84406/bucket-61293, with the Bucket Layout null, runner as owner, Versioning false, Storage Type set to DISK and Encryption set to false 
2022-06-16 16:23:55,991 [IPC Server handler 19 on default port 44357] INFO  bucket.OMBucketCreateRequest (OMBucketCreateRequest.java:validateAndUpdateCache(260)) - created bucket: bucket-61293 of layout LEGACY in volume: volume-84406
16:23:56.216 [IPC Server handler 10 on default port 44357] ERROR OMAudit - user=runner | ip=127.0.0.1 | op=READ_BUCKET {volume=volume-91653, bucket=bucket-66376} | ret=FAILURE
org.apache.hadoop.ozone.om.exceptions.OMException: Volume not found when getting bucket info
	at org.apache.hadoop.ozone.om.BucketManagerImpl.getBucketInfo(BucketManagerImpl.java:127) ~[ozone-manager-1.3.0-SNAPSHOT.jar:?]
	at org.apache.hadoop.ozone.om.OzoneManager.getBucketInfo(OzoneManager.java:2778) ~[ozone-manager-1.3.0-SNAPSHOT.jar:?]
	at org.apache.hadoop.ozone.protocolPB.OzoneManagerRequestHandler.infoBucket(OzoneManagerRequestHandler.java:464) ~[ozone-manager-1.3.0-SNAPSHOT.jar:?]
	at org.apache.hadoop.ozone.protocolPB.OzoneManagerRequestHandler.handleReadRequest(OzoneManagerRequestHandler.java:172) ~[ozone-manager-1.3.0-SNAPSHOT.jar:?]
	at org.apache.hadoop.ozone.protocolPB.OzoneManagerProtocolServerSideTranslatorPB.submitRequestDirectlyToOM(OzoneManagerProtocolServerSideTranslatorPB.java:284) ~[ozone-manager-1.3.0-SNAPSHOT.jar:?]
	at org.apache.hadoop.ozone.protocolPB.OzoneManagerProtocolServerSideTranslatorPB.processRequest(OzoneManagerProtocolServerSideTranslatorPB.java:207) ~[ozone-manager-1.3.0-SNAPSHOT.jar:?]
	at org.apache.hadoop.hdds.server.OzoneProtocolMessageDispatcher.processRequest(OzoneProtocolMessageDispatcher.java:87) [hdds-server-framework-1.3.0-SNAPSHOT.jar:?]
	at org.apache.hadoop.ozone.protocolPB.OzoneManagerProtocolServerSideTranslatorPB.submitRequest(OzoneManagerProtocolServerSideTranslatorPB.java:147) [ozone-manager-1.3.0-SNAPSHOT.jar:?]
	at org.apache.hadoop.ozone.protocol.proto.OzoneManagerProtocolProtos$OzoneManagerService$2.callBlockingMethod(OzoneManagerProtocolProtos.java) [ozone-interface-client-1.3.0-SNAPSHOT.jar:?]
	at org.apache.hadoop.ipc.ProtobufRpcEngine$Server.processCall(ProtobufRpcEngine.java:466) [hadoop-common-3.3.1.jar:?]
	at org.apache.hadoop.ipc.ProtobufRpcEngine2$Server$ProtoBufRpcInvoker.call(ProtobufRpcEngine2.java:574) [hadoop-common-3.3.1.jar:?]
	at org.apache.hadoop.ipc.ProtobufRpcEngine2$Server$ProtoBufRpcInvoker.call(ProtobufRpcEngine2.java:552) [hadoop-common-3.3.1.jar:?]
	at org.apache.hadoop.ipc.RPC$Server.call(RPC.java:1093) [hadoop-common-3.3.1.jar:?]
	at org.apache.hadoop.ipc.Server$RpcCall.run(Server.java:1035) [hadoop-common-3.3.1.jar:?]
	at org.apache.hadoop.ipc.Server$RpcCall.run(Server.java:963) [hadoop-common-3.3.1.jar:?]
	at java.security.AccessController.doPrivileged(Native Method) ~[?:1.8.0_332]
	at javax.security.auth.Subject.doAs(Subject.java:422) [?:1.8.0_332]
	at org.apache.hadoop.security.UserGroupInformation.doAs(UserGroupInformation.java:1878) [hadoop-common-3.3.1.jar:?]
	at org.apache.hadoop.ipc.Server$Handler.run(Server.java:2966) [hadoop-common-3.3.1.jar:?]
2022-06-16 16:23:56,216 [Time-limited test] INFO  rpc.RpcClient (RpcClient.java:createVolume(466)) - Creating Volume: volume-91653, with runner as owner and space quota set to -1 bytes, counts quota set to -1
2022-06-16 16:23:56,217 [IPC Server handler 12 on default port 44357] INFO  volume.OMVolumeCreateRequest (OMVolumeCreateRequest.java:validateAndUpdateCache(195)) - created volume:volume-91653 for user:runner
2022-06-16 16:23:56,217 [Time-limited test] INFO  rpc.RpcClient (RpcClient.java:createBucket(666)) - Creating Bucket: volume-91653/bucket-66376, with the Bucket Layout null, runner as owner, Versioning false, Storage Type set to DISK and Encryption set to false 
2022-06-16 16:23:56,218 [IPC Server handler 14 on default port 44357] INFO  bucket.OMBucketCreateRequest (OMBucketCreateRequest.java:validateAndUpdateCache(260)) - created bucket: bucket-66376 of layout LEGACY in volume: volume-91653
16:23:56.338 [IPC Server handler 6 on default port 44357] ERROR OMAudit - user=runner | ip=127.0.0.1 | op=READ_BUCKET {volume=volume-35009, bucket=bucket-54355} | ret=FAILURE
org.apache.hadoop.ozone.om.exceptions.OMException: Volume not found when getting bucket info
	at org.apache.hadoop.ozone.om.BucketManagerImpl.getBucketInfo(BucketManagerImpl.java:127) ~[ozone-manager-1.3.0-SNAPSHOT.jar:?]
	at org.apache.hadoop.ozone.om.OzoneManager.getBucketInfo(OzoneManager.java:2778) ~[ozone-manager-1.3.0-SNAPSHOT.jar:?]
	at org.apache.hadoop.ozone.protocolPB.OzoneManagerRequestHandler.infoBucket(OzoneManagerRequestHandler.java:464) ~[ozone-manager-1.3.0-SNAPSHOT.jar:?]
	at org.apache.hadoop.ozone.protocolPB.OzoneManagerRequestHandler.handleReadRequest(OzoneManagerRequestHandler.java:172) ~[ozone-manager-1.3.0-SNAPSHOT.jar:?]
	at org.apache.hadoop.ozone.protocolPB.OzoneManagerProtocolServerSideTranslatorPB.submitRequestDirectlyToOM(OzoneManagerProtocolServerSideTranslatorPB.java:284) ~[ozone-manager-1.3.0-SNAPSHOT.jar:?]
	at org.apache.hadoop.ozone.protocolPB.OzoneManagerProtocolServerSideTranslatorPB.processRequest(OzoneManagerProtocolServerSideTranslatorPB.java:207) ~[ozone-manager-1.3.0-SNAPSHOT.jar:?]
	at org.apache.hadoop.hdds.server.OzoneProtocolMessageDispatcher.processRequest(OzoneProtocolMessageDispatcher.java:87) [hdds-server-framework-1.3.0-SNAPSHOT.jar:?]
	at org.apache.hadoop.ozone.protocolPB.OzoneManagerProtocolServerSideTranslatorPB.submitRequest(OzoneManagerProtocolServerSideTranslatorPB.java:147) [ozone-manager-1.3.0-SNAPSHOT.jar:?]
	at org.apache.hadoop.ozone.protocol.proto.OzoneManagerProtocolProtos$OzoneManagerService$2.callBlockingMethod(OzoneManagerProtocolProtos.java) [ozone-interface-client-1.3.0-SNAPSHOT.jar:?]
	at org.apache.hadoop.ipc.ProtobufRpcEngine$Server.processCall(ProtobufRpcEngine.java:466) [hadoop-common-3.3.1.jar:?]
	at org.apache.hadoop.ipc.ProtobufRpcEngine2$Server$ProtoBufRpcInvoker.call(ProtobufRpcEngine2.java:574) [hadoop-common-3.3.1.jar:?]
	at org.apache.hadoop.ipc.ProtobufRpcEngine2$Server$ProtoBufRpcInvoker.call(ProtobufRpcEngine2.java:552) [hadoop-common-3.3.1.jar:?]
	at org.apache.hadoop.ipc.RPC$Server.call(RPC.java:1093) [hadoop-common-3.3.1.jar:?]
	at org.apache.hadoop.ipc.Server$RpcCall.run(Server.java:1035) [hadoop-common-3.3.1.jar:?]
	at org.apache.hadoop.ipc.Server$RpcCall.run(Server.java:963) [hadoop-common-3.3.1.jar:?]
	at java.security.AccessController.doPrivileged(Native Method) ~[?:1.8.0_332]
	at javax.security.auth.Subject.doAs(Subject.java:422) [?:1.8.0_332]
	at org.apache.hadoop.security.UserGroupInformation.doAs(UserGroupInformation.java:1878) [hadoop-common-3.3.1.jar:?]
	at org.apache.hadoop.ipc.Server$Handler.run(Server.java:2966) [hadoop-common-3.3.1.jar:?]
2022-06-16 16:23:56,339 [Time-limited test] INFO  rpc.RpcClient (RpcClient.java:createVolume(466)) - Creating Volume: volume-35009, with runner as owner and space quota set to -1 bytes, counts quota set to -1
2022-06-16 16:23:56,339 [IPC Server handler 5 on default port 44357] INFO  volume.OMVolumeCreateRequest (OMVolumeCreateRequest.java:validateAndUpdateCache(195)) - created volume:volume-35009 for user:runner
2022-06-16 16:23:56,342 [Time-limited test] INFO  rpc.RpcClient (RpcClient.java:createBucket(666)) - Creating Bucket: volume-35009/bucket-54355, with the Bucket Layout null, runner as owner, Versioning false, Storage Type set to DISK and Encryption set to false 
2022-06-16 16:23:56,342 [IPC Server handler 8 on default port 44357] INFO  bucket.OMBucketCreateRequest (OMBucketCreateRequest.java:validateAndUpdateCache(260)) - created bucket: bucket-54355 of layout LEGACY in volume: volume-35009
]]></system-out>
  </testcase>
  <testcase name="testDeleteVolumeBucketAndKey" classname="TestRootedOzoneFileSystem" time="0.131">
    <system-out><![CDATA[2022-06-16 16:18:26,739 [Time-limited test] INFO  rpc.RpcClient (RpcClient.java:createVolume(466)) - Creating Volume: volume06745, with user22315 as owner and space quota set to -1 bytes, counts quota set to -1
2022-06-16 16:18:26,741 [OM StateMachine ApplyTransaction Thread - 0] INFO  volume.OMVolumeCreateRequest (OMVolumeCreateRequest.java:validateAndUpdateCache(195)) - created volume:volume06745 for user:user22315
2022-06-16 16:18:26,745 [Time-limited test] INFO  rpc.RpcClient (RpcClient.java:createBucket(666)) - Creating Bucket: volume06745/bucket34834, with the Bucket Layout LEGACY, runner as owner, Versioning false, Storage Type set to DISK and Encryption set to false 
2022-06-16 16:18:26,751 [OM StateMachine ApplyTransaction Thread - 0] INFO  bucket.OMBucketCreateRequest (OMBucketCreateRequest.java:validateAndUpdateCache(260)) - created bucket: bucket34834 of layout LEGACY in volume: volume06745
2022-06-16 16:18:26,754 [Time-limited test] INFO  rpc.RpcClient (RpcClient.java:createVolume(466)) - Creating Volume: volume-05209, with runner as owner and space quota set to -1 bytes, counts quota set to -1
2022-06-16 16:18:26,756 [OM StateMachine ApplyTransaction Thread - 0] INFO  volume.OMVolumeCreateRequest (OMVolumeCreateRequest.java:validateAndUpdateCache(195)) - created volume:volume-05209 for user:runner
2022-06-16 16:18:26,757 [Time-limited test] INFO  rpc.RpcClient (RpcClient.java:createBucket(666)) - Creating Bucket: volume-05209/bucket3, with the Bucket Layout null, runner as owner, Versioning false, Storage Type set to DISK and Encryption set to false 
2022-06-16 16:18:26,758 [OM StateMachine ApplyTransaction Thread - 0] INFO  bucket.OMBucketCreateRequest (OMBucketCreateRequest.java:validateAndUpdateCache(260)) - created bucket: bucket3 of layout LEGACY in volume: volume-05209
16:18:26.764 [OM StateMachine ApplyTransaction Thread - 0] ERROR OMAudit - user=runner | ip=127.0.0.1 | op=DELETE_VOLUME {volume=volume-05209} | ret=FAILURE
org.apache.hadoop.ozone.om.exceptions.OMException: null
	at org.apache.hadoop.ozone.om.request.volume.OMVolumeDeleteRequest.validateAndUpdateCache(OMVolumeDeleteRequest.java:122) ~[ozone-manager-1.3.0-SNAPSHOT.jar:?]
	at org.apache.hadoop.ozone.protocolPB.OzoneManagerRequestHandler.handleWriteRequest(OzoneManagerRequestHandler.java:293) ~[ozone-manager-1.3.0-SNAPSHOT.jar:?]
	at org.apache.hadoop.ozone.om.ratis.OzoneManagerStateMachine.runCommand(OzoneManagerStateMachine.java:529) ~[ozone-manager-1.3.0-SNAPSHOT.jar:?]
	at org.apache.hadoop.ozone.om.ratis.OzoneManagerStateMachine.lambda$1(OzoneManagerStateMachine.java:324) ~[ozone-manager-1.3.0-SNAPSHOT.jar:?]
	at java.util.concurrent.CompletableFuture$AsyncSupply.run(CompletableFuture.java:1604) [?:1.8.0_332]
	at java.util.concurrent.ThreadPoolExecutor.runWorker(ThreadPoolExecutor.java:1149) [?:1.8.0_332]
	at java.util.concurrent.ThreadPoolExecutor$Worker.run(ThreadPoolExecutor.java:624) [?:1.8.0_332]
	at java.lang.Thread.run(Thread.java:750) [?:1.8.0_332]
2022-06-16 16:18:26,764 [OM StateMachine ApplyTransaction Thread - 0] ERROR volume.OMVolumeDeleteRequest (OMVolumeDeleteRequest.java:validateAndUpdateCache(170)) - Volume deletion failed for user:runner volume:volume-05209
VOLUME_NOT_EMPTY org.apache.hadoop.ozone.om.exceptions.OMException
	at org.apache.hadoop.ozone.om.request.volume.OMVolumeDeleteRequest.validateAndUpdateCache(OMVolumeDeleteRequest.java:122)
	at org.apache.hadoop.ozone.protocolPB.OzoneManagerRequestHandler.handleWriteRequest(OzoneManagerRequestHandler.java:293)
	at org.apache.hadoop.ozone.om.ratis.OzoneManagerStateMachine.runCommand(OzoneManagerStateMachine.java:529)
	at org.apache.hadoop.ozone.om.ratis.OzoneManagerStateMachine.lambda$1(OzoneManagerStateMachine.java:324)
	at java.util.concurrent.CompletableFuture$AsyncSupply.run(CompletableFuture.java:1604)
	at java.util.concurrent.ThreadPoolExecutor.runWorker(ThreadPoolExecutor.java:1149)
	at java.util.concurrent.ThreadPoolExecutor$Worker.run(ThreadPoolExecutor.java:624)
	at java.lang.Thread.run(Thread.java:750)
2022-06-16 16:18:26,801 [Time-limited test] INFO  rpc.RpcClient (RpcClient.java:createVolume(466)) - Creating Volume: volume-05209, with runner as owner and space quota set to -1 bytes, counts quota set to -1
2022-06-16 16:18:26,803 [OM StateMachine ApplyTransaction Thread - 0] INFO  volume.OMVolumeCreateRequest (OMVolumeCreateRequest.java:validateAndUpdateCache(195)) - created volume:volume-05209 for user:runner
2022-06-16 16:18:26,805 [Time-limited test] INFO  rpc.RpcClient (RpcClient.java:createBucket(666)) - Creating Bucket: volume-05209/bucket3, with the Bucket Layout null, runner as owner, Versioning false, Storage Type set to DISK and Encryption set to false 
2022-06-16 16:18:26,806 [OM StateMachine ApplyTransaction Thread - 0] INFO  bucket.OMBucketCreateRequest (OMBucketCreateRequest.java:validateAndUpdateCache(260)) - created bucket: bucket3 of layout LEGACY in volume: volume-05209
]]></system-out>
  </testcase>
  <testcase name="testDeleteVolumeBucketAndKey" classname="TestRootedOzoneFileSystem" time="0.105">
    <system-out><![CDATA[2022-06-16 16:19:30,764 [Time-limited test] INFO  rpc.RpcClient (RpcClient.java:createVolume(466)) - Creating Volume: volume94822, with user66291 as owner and space quota set to -1 bytes, counts quota set to -1
2022-06-16 16:19:30,770 [OM StateMachine ApplyTransaction Thread - 0] INFO  volume.OMVolumeCreateRequest (OMVolumeCreateRequest.java:validateAndUpdateCache(195)) - created volume:volume94822 for user:user66291
2022-06-16 16:19:30,771 [Time-limited test] INFO  rpc.RpcClient (RpcClient.java:createBucket(666)) - Creating Bucket: volume94822/bucket91059, with the Bucket Layout LEGACY, runner as owner, Versioning false, Storage Type set to DISK and Encryption set to false 
2022-06-16 16:19:30,772 [OM StateMachine ApplyTransaction Thread - 0] INFO  bucket.OMBucketCreateRequest (OMBucketCreateRequest.java:validateAndUpdateCache(260)) - created bucket: bucket91059 of layout LEGACY in volume: volume94822
16:19:30.773 [IPC Server handler 19 on default port 34065] ERROR OMAudit - user=runner | ip=127.0.0.1 | op=READ_BUCKET {volume=volume-83947, bucket=bucket3} | ret=FAILURE
org.apache.hadoop.ozone.om.exceptions.OMException: Volume not found when getting bucket info
	at org.apache.hadoop.ozone.om.BucketManagerImpl.getBucketInfo(BucketManagerImpl.java:127) ~[ozone-manager-1.3.0-SNAPSHOT.jar:?]
	at org.apache.hadoop.ozone.om.OzoneManager.getBucketInfo(OzoneManager.java:2778) ~[ozone-manager-1.3.0-SNAPSHOT.jar:?]
	at org.apache.hadoop.ozone.protocolPB.OzoneManagerRequestHandler.infoBucket(OzoneManagerRequestHandler.java:464) ~[ozone-manager-1.3.0-SNAPSHOT.jar:?]
	at org.apache.hadoop.ozone.protocolPB.OzoneManagerRequestHandler.handleReadRequest(OzoneManagerRequestHandler.java:172) ~[ozone-manager-1.3.0-SNAPSHOT.jar:?]
	at org.apache.hadoop.ozone.protocolPB.OzoneManagerProtocolServerSideTranslatorPB.submitReadRequestToOM(OzoneManagerProtocolServerSideTranslatorPB.java:225) ~[ozone-manager-1.3.0-SNAPSHOT.jar:?]
	at org.apache.hadoop.ozone.protocolPB.OzoneManagerProtocolServerSideTranslatorPB.processRequest(OzoneManagerProtocolServerSideTranslatorPB.java:175) ~[ozone-manager-1.3.0-SNAPSHOT.jar:?]
	at org.apache.hadoop.hdds.server.OzoneProtocolMessageDispatcher.processRequest(OzoneProtocolMessageDispatcher.java:87) [hdds-server-framework-1.3.0-SNAPSHOT.jar:?]
	at org.apache.hadoop.ozone.protocolPB.OzoneManagerProtocolServerSideTranslatorPB.submitRequest(OzoneManagerProtocolServerSideTranslatorPB.java:147) [ozone-manager-1.3.0-SNAPSHOT.jar:?]
	at org.apache.hadoop.ozone.protocol.proto.OzoneManagerProtocolProtos$OzoneManagerService$2.callBlockingMethod(OzoneManagerProtocolProtos.java) [ozone-interface-client-1.3.0-SNAPSHOT.jar:?]
	at org.apache.hadoop.ipc.ProtobufRpcEngine$Server.processCall(ProtobufRpcEngine.java:466) [hadoop-common-3.3.1.jar:?]
	at org.apache.hadoop.ipc.ProtobufRpcEngine2$Server$ProtoBufRpcInvoker.call(ProtobufRpcEngine2.java:574) [hadoop-common-3.3.1.jar:?]
	at org.apache.hadoop.ipc.ProtobufRpcEngine2$Server$ProtoBufRpcInvoker.call(ProtobufRpcEngine2.java:552) [hadoop-common-3.3.1.jar:?]
	at org.apache.hadoop.ipc.RPC$Server.call(RPC.java:1093) [hadoop-common-3.3.1.jar:?]
	at org.apache.hadoop.ipc.Server$RpcCall.run(Server.java:1035) [hadoop-common-3.3.1.jar:?]
	at org.apache.hadoop.ipc.Server$RpcCall.run(Server.java:963) [hadoop-common-3.3.1.jar:?]
	at java.security.AccessController.doPrivileged(Native Method) ~[?:1.8.0_332]
	at javax.security.auth.Subject.doAs(Subject.java:422) [?:1.8.0_332]
	at org.apache.hadoop.security.UserGroupInformation.doAs(UserGroupInformation.java:1878) [hadoop-common-3.3.1.jar:?]
	at org.apache.hadoop.ipc.Server$Handler.run(Server.java:2966) [hadoop-common-3.3.1.jar:?]
2022-06-16 16:19:30,774 [Time-limited test] INFO  rpc.RpcClient (RpcClient.java:createVolume(466)) - Creating Volume: volume-83947, with runner as owner and space quota set to -1 bytes, counts quota set to -1
2022-06-16 16:19:30,775 [OM StateMachine ApplyTransaction Thread - 0] INFO  volume.OMVolumeCreateRequest (OMVolumeCreateRequest.java:validateAndUpdateCache(195)) - created volume:volume-83947 for user:runner
2022-06-16 16:19:30,775 [Time-limited test] INFO  rpc.RpcClient (RpcClient.java:createBucket(666)) - Creating Bucket: volume-83947/bucket3, with the Bucket Layout null, runner as owner, Versioning false, Storage Type set to DISK and Encryption set to false 
2022-06-16 16:19:30,776 [OM StateMachine ApplyTransaction Thread - 0] INFO  bucket.OMBucketCreateRequest (OMBucketCreateRequest.java:validateAndUpdateCache(260)) - created bucket: bucket3 of layout LEGACY in volume: volume-83947
16:19:30.779 [OM StateMachine ApplyTransaction Thread - 0] ERROR OMAudit - user=runner | ip=127.0.0.1 | op=DELETE_VOLUME {volume=volume-83947} | ret=FAILURE
org.apache.hadoop.ozone.om.exceptions.OMException: null
	at org.apache.hadoop.ozone.om.request.volume.OMVolumeDeleteRequest.validateAndUpdateCache(OMVolumeDeleteRequest.java:122) ~[ozone-manager-1.3.0-SNAPSHOT.jar:?]
	at org.apache.hadoop.ozone.protocolPB.OzoneManagerRequestHandler.handleWriteRequest(OzoneManagerRequestHandler.java:293) ~[ozone-manager-1.3.0-SNAPSHOT.jar:?]
	at org.apache.hadoop.ozone.om.ratis.OzoneManagerStateMachine.runCommand(OzoneManagerStateMachine.java:529) ~[ozone-manager-1.3.0-SNAPSHOT.jar:?]
	at org.apache.hadoop.ozone.om.ratis.OzoneManagerStateMachine.lambda$1(OzoneManagerStateMachine.java:324) ~[ozone-manager-1.3.0-SNAPSHOT.jar:?]
	at java.util.concurrent.CompletableFuture$AsyncSupply.run(CompletableFuture.java:1604) [?:1.8.0_332]
	at java.util.concurrent.ThreadPoolExecutor.runWorker(ThreadPoolExecutor.java:1149) [?:1.8.0_332]
	at java.util.concurrent.ThreadPoolExecutor$Worker.run(ThreadPoolExecutor.java:624) [?:1.8.0_332]
	at java.lang.Thread.run(Thread.java:750) [?:1.8.0_332]
2022-06-16 16:19:30,780 [OM StateMachine ApplyTransaction Thread - 0] ERROR volume.OMVolumeDeleteRequest (OMVolumeDeleteRequest.java:validateAndUpdateCache(170)) - Volume deletion failed for user:runner volume:volume-83947
VOLUME_NOT_EMPTY org.apache.hadoop.ozone.om.exceptions.OMException
	at org.apache.hadoop.ozone.om.request.volume.OMVolumeDeleteRequest.validateAndUpdateCache(OMVolumeDeleteRequest.java:122)
	at org.apache.hadoop.ozone.protocolPB.OzoneManagerRequestHandler.handleWriteRequest(OzoneManagerRequestHandler.java:293)
	at org.apache.hadoop.ozone.om.ratis.OzoneManagerStateMachine.runCommand(OzoneManagerStateMachine.java:529)
	at org.apache.hadoop.ozone.om.ratis.OzoneManagerStateMachine.lambda$1(OzoneManagerStateMachine.java:324)
	at java.util.concurrent.CompletableFuture$AsyncSupply.run(CompletableFuture.java:1604)
	at java.util.concurrent.ThreadPoolExecutor.runWorker(ThreadPoolExecutor.java:1149)
	at java.util.concurrent.ThreadPoolExecutor$Worker.run(ThreadPoolExecutor.java:624)
	at java.lang.Thread.run(Thread.java:750)
16:19:30.794 [IPC Server handler 9 on default port 34065] ERROR OMAudit - user=runner | ip=127.0.0.1 | op=READ_VOLUME {volume=volume-83947} | ret=FAILURE
org.apache.hadoop.ozone.om.exceptions.OMException: Volume volume-83947 is not found
	at org.apache.hadoop.ozone.om.VolumeManagerImpl.getVolumeInfo(VolumeManagerImpl.java:74) ~[ozone-manager-1.3.0-SNAPSHOT.jar:?]
	at org.apache.hadoop.ozone.om.OzoneManager.getVolumeInfo(OzoneManager.java:2602) ~[ozone-manager-1.3.0-SNAPSHOT.jar:?]
	at org.apache.hadoop.ozone.protocolPB.OzoneManagerRequestHandler.infoVolume(OzoneManagerRequestHandler.java:390) ~[ozone-manager-1.3.0-SNAPSHOT.jar:?]
	at org.apache.hadoop.ozone.protocolPB.OzoneManagerRequestHandler.handleReadRequest(OzoneManagerRequestHandler.java:162) ~[ozone-manager-1.3.0-SNAPSHOT.jar:?]
	at org.apache.hadoop.ozone.protocolPB.OzoneManagerProtocolServerSideTranslatorPB.submitReadRequestToOM(OzoneManagerProtocolServerSideTranslatorPB.java:225) ~[ozone-manager-1.3.0-SNAPSHOT.jar:?]
	at org.apache.hadoop.ozone.protocolPB.OzoneManagerProtocolServerSideTranslatorPB.processRequest(OzoneManagerProtocolServerSideTranslatorPB.java:175) ~[ozone-manager-1.3.0-SNAPSHOT.jar:?]
	at org.apache.hadoop.hdds.server.OzoneProtocolMessageDispatcher.processRequest(OzoneProtocolMessageDispatcher.java:87) [hdds-server-framework-1.3.0-SNAPSHOT.jar:?]
	at org.apache.hadoop.ozone.protocolPB.OzoneManagerProtocolServerSideTranslatorPB.submitRequest(OzoneManagerProtocolServerSideTranslatorPB.java:147) [ozone-manager-1.3.0-SNAPSHOT.jar:?]
	at org.apache.hadoop.ozone.protocol.proto.OzoneManagerProtocolProtos$OzoneManagerService$2.callBlockingMethod(OzoneManagerProtocolProtos.java) [ozone-interface-client-1.3.0-SNAPSHOT.jar:?]
	at org.apache.hadoop.ipc.ProtobufRpcEngine$Server.processCall(ProtobufRpcEngine.java:466) [hadoop-common-3.3.1.jar:?]
	at org.apache.hadoop.ipc.ProtobufRpcEngine2$Server$ProtoBufRpcInvoker.call(ProtobufRpcEngine2.java:574) [hadoop-common-3.3.1.jar:?]
	at org.apache.hadoop.ipc.ProtobufRpcEngine2$Server$ProtoBufRpcInvoker.call(ProtobufRpcEngine2.java:552) [hadoop-common-3.3.1.jar:?]
	at org.apache.hadoop.ipc.RPC$Server.call(RPC.java:1093) [hadoop-common-3.3.1.jar:?]
	at org.apache.hadoop.ipc.Server$RpcCall.run(Server.java:1035) [hadoop-common-3.3.1.jar:?]
	at org.apache.hadoop.ipc.Server$RpcCall.run(Server.java:963) [hadoop-common-3.3.1.jar:?]
	at java.security.AccessController.doPrivileged(Native Method) ~[?:1.8.0_332]
	at javax.security.auth.Subject.doAs(Subject.java:422) [?:1.8.0_332]
	at org.apache.hadoop.security.UserGroupInformation.doAs(UserGroupInformation.java:1878) [hadoop-common-3.3.1.jar:?]
	at org.apache.hadoop.ipc.Server$Handler.run(Server.java:2966) [hadoop-common-3.3.1.jar:?]
16:19:30.795 [IPC Server handler 13 on default port 34065] ERROR OMAudit - user=runner | ip=127.0.0.1 | op=READ_BUCKET {volume=volume-83947, bucket=bucket3} | ret=FAILURE
org.apache.hadoop.ozone.om.exceptions.OMException: Volume not found when getting bucket info
	at org.apache.hadoop.ozone.om.BucketManagerImpl.getBucketInfo(BucketManagerImpl.java:127) ~[ozone-manager-1.3.0-SNAPSHOT.jar:?]
	at org.apache.hadoop.ozone.om.OzoneManager.getBucketInfo(OzoneManager.java:2778) ~[ozone-manager-1.3.0-SNAPSHOT.jar:?]
	at org.apache.hadoop.ozone.protocolPB.OzoneManagerRequestHandler.infoBucket(OzoneManagerRequestHandler.java:464) ~[ozone-manager-1.3.0-SNAPSHOT.jar:?]
	at org.apache.hadoop.ozone.protocolPB.OzoneManagerRequestHandler.handleReadRequest(OzoneManagerRequestHandler.java:172) ~[ozone-manager-1.3.0-SNAPSHOT.jar:?]
	at org.apache.hadoop.ozone.protocolPB.OzoneManagerProtocolServerSideTranslatorPB.submitReadRequestToOM(OzoneManagerProtocolServerSideTranslatorPB.java:225) ~[ozone-manager-1.3.0-SNAPSHOT.jar:?]
	at org.apache.hadoop.ozone.protocolPB.OzoneManagerProtocolServerSideTranslatorPB.processRequest(OzoneManagerProtocolServerSideTranslatorPB.java:175) ~[ozone-manager-1.3.0-SNAPSHOT.jar:?]
	at org.apache.hadoop.hdds.server.OzoneProtocolMessageDispatcher.processRequest(OzoneProtocolMessageDispatcher.java:87) [hdds-server-framework-1.3.0-SNAPSHOT.jar:?]
	at org.apache.hadoop.ozone.protocolPB.OzoneManagerProtocolServerSideTranslatorPB.submitRequest(OzoneManagerProtocolServerSideTranslatorPB.java:147) [ozone-manager-1.3.0-SNAPSHOT.jar:?]
	at org.apache.hadoop.ozone.protocol.proto.OzoneManagerProtocolProtos$OzoneManagerService$2.callBlockingMethod(OzoneManagerProtocolProtos.java) [ozone-interface-client-1.3.0-SNAPSHOT.jar:?]
	at org.apache.hadoop.ipc.ProtobufRpcEngine$Server.processCall(ProtobufRpcEngine.java:466) [hadoop-common-3.3.1.jar:?]
	at org.apache.hadoop.ipc.ProtobufRpcEngine2$Server$ProtoBufRpcInvoker.call(ProtobufRpcEngine2.java:574) [hadoop-common-3.3.1.jar:?]
	at org.apache.hadoop.ipc.ProtobufRpcEngine2$Server$ProtoBufRpcInvoker.call(ProtobufRpcEngine2.java:552) [hadoop-common-3.3.1.jar:?]
	at org.apache.hadoop.ipc.RPC$Server.call(RPC.java:1093) [hadoop-common-3.3.1.jar:?]
	at org.apache.hadoop.ipc.Server$RpcCall.run(Server.java:1035) [hadoop-common-3.3.1.jar:?]
	at org.apache.hadoop.ipc.Server$RpcCall.run(Server.java:963) [hadoop-common-3.3.1.jar:?]
	at java.security.AccessController.doPrivileged(Native Method) ~[?:1.8.0_332]
	at javax.security.auth.Subject.doAs(Subject.java:422) [?:1.8.0_332]
	at org.apache.hadoop.security.UserGroupInformation.doAs(UserGroupInformation.java:1878) [hadoop-common-3.3.1.jar:?]
	at org.apache.hadoop.ipc.Server$Handler.run(Server.java:2966) [hadoop-common-3.3.1.jar:?]
2022-06-16 16:19:30,796 [Time-limited test] INFO  rpc.RpcClient (RpcClient.java:createVolume(466)) - Creating Volume: volume-83947, with runner as owner and space quota set to -1 bytes, counts quota set to -1
2022-06-16 16:19:30,797 [OM StateMachine ApplyTransaction Thread - 0] INFO  volume.OMVolumeCreateRequest (OMVolumeCreateRequest.java:validateAndUpdateCache(195)) - created volume:volume-83947 for user:runner
2022-06-16 16:19:30,798 [Time-limited test] INFO  rpc.RpcClient (RpcClient.java:createBucket(666)) - Creating Bucket: volume-83947/bucket3, with the Bucket Layout null, runner as owner, Versioning false, Storage Type set to DISK and Encryption set to false 
2022-06-16 16:19:30,798 [OM StateMachine ApplyTransaction Thread - 0] INFO  bucket.OMBucketCreateRequest (OMBucketCreateRequest.java:validateAndUpdateCache(260)) - created bucket: bucket3 of layout LEGACY in volume: volume-83947
16:19:30.808 [IPC Server handler 1 on default port 34065] ERROR OMAudit - user=runner | ip=127.0.0.1 | op=READ_VOLUME {volume=volume-83947} | ret=FAILURE
org.apache.hadoop.ozone.om.exceptions.OMException: Volume volume-83947 is not found
	at org.apache.hadoop.ozone.om.VolumeManagerImpl.getVolumeInfo(VolumeManagerImpl.java:74) ~[ozone-manager-1.3.0-SNAPSHOT.jar:?]
	at org.apache.hadoop.ozone.om.OzoneManager.getVolumeInfo(OzoneManager.java:2602) ~[ozone-manager-1.3.0-SNAPSHOT.jar:?]
	at org.apache.hadoop.ozone.protocolPB.OzoneManagerRequestHandler.infoVolume(OzoneManagerRequestHandler.java:390) ~[ozone-manager-1.3.0-SNAPSHOT.jar:?]
	at org.apache.hadoop.ozone.protocolPB.OzoneManagerRequestHandler.handleReadRequest(OzoneManagerRequestHandler.java:162) ~[ozone-manager-1.3.0-SNAPSHOT.jar:?]
	at org.apache.hadoop.ozone.protocolPB.OzoneManagerProtocolServerSideTranslatorPB.submitReadRequestToOM(OzoneManagerProtocolServerSideTranslatorPB.java:225) ~[ozone-manager-1.3.0-SNAPSHOT.jar:?]
	at org.apache.hadoop.ozone.protocolPB.OzoneManagerProtocolServerSideTranslatorPB.processRequest(OzoneManagerProtocolServerSideTranslatorPB.java:175) ~[ozone-manager-1.3.0-SNAPSHOT.jar:?]
	at org.apache.hadoop.hdds.server.OzoneProtocolMessageDispatcher.processRequest(OzoneProtocolMessageDispatcher.java:87) [hdds-server-framework-1.3.0-SNAPSHOT.jar:?]
	at org.apache.hadoop.ozone.protocolPB.OzoneManagerProtocolServerSideTranslatorPB.submitRequest(OzoneManagerProtocolServerSideTranslatorPB.java:147) [ozone-manager-1.3.0-SNAPSHOT.jar:?]
	at org.apache.hadoop.ozone.protocol.proto.OzoneManagerProtocolProtos$OzoneManagerService$2.callBlockingMethod(OzoneManagerProtocolProtos.java) [ozone-interface-client-1.3.0-SNAPSHOT.jar:?]
	at org.apache.hadoop.ipc.ProtobufRpcEngine$Server.processCall(ProtobufRpcEngine.java:466) [hadoop-common-3.3.1.jar:?]
	at org.apache.hadoop.ipc.ProtobufRpcEngine2$Server$ProtoBufRpcInvoker.call(ProtobufRpcEngine2.java:574) [hadoop-common-3.3.1.jar:?]
	at org.apache.hadoop.ipc.ProtobufRpcEngine2$Server$ProtoBufRpcInvoker.call(ProtobufRpcEngine2.java:552) [hadoop-common-3.3.1.jar:?]
	at org.apache.hadoop.ipc.RPC$Server.call(RPC.java:1093) [hadoop-common-3.3.1.jar:?]
	at org.apache.hadoop.ipc.Server$RpcCall.run(Server.java:1035) [hadoop-common-3.3.1.jar:?]
	at org.apache.hadoop.ipc.Server$RpcCall.run(Server.java:963) [hadoop-common-3.3.1.jar:?]
	at java.security.AccessController.doPrivileged(Native Method) ~[?:1.8.0_332]
	at javax.security.auth.Subject.doAs(Subject.java:422) [?:1.8.0_332]
	at org.apache.hadoop.security.UserGroupInformation.doAs(UserGroupInformation.java:1878) [hadoop-common-3.3.1.jar:?]
	at org.apache.hadoop.ipc.Server$Handler.run(Server.java:2966) [hadoop-common-3.3.1.jar:?]
]]></system-out>
  </testcase>
  <testcase name="testDeleteVolumeBucketAndKey" classname="TestRootedOzoneFileSystem" time="0.218">
    <system-out><![CDATA[2022-06-16 16:20:42,792 [6087f466-757b-41fa-a219-681e056adf4c@group-DCAA11744DDA-FollowerState] INFO  impl.FollowerState (FollowerState.java:run(143)) - 6087f466-757b-41fa-a219-681e056adf4c@group-DCAA11744DDA-FollowerState: change to CANDIDATE, lastRpcElapsedTime:5076788875ns, electionTimeout:5068ms
2022-06-16 16:20:42,792 [6087f466-757b-41fa-a219-681e056adf4c@group-DCAA11744DDA-FollowerState] INFO  impl.RoleInfo (RoleInfo.java:shutdownFollowerState(110)) - 6087f466-757b-41fa-a219-681e056adf4c: shutdown 6087f466-757b-41fa-a219-681e056adf4c@group-DCAA11744DDA-FollowerState
2022-06-16 16:20:42,792 [6087f466-757b-41fa-a219-681e056adf4c@group-DCAA11744DDA-FollowerState] INFO  server.RaftServer$Division (RaftServerImpl.java:setRole(299)) - 6087f466-757b-41fa-a219-681e056adf4c@group-DCAA11744DDA: changes role from  FOLLOWER to CANDIDATE at term 2 for changeToCandidate
2022-06-16 16:20:42,792 [6087f466-757b-41fa-a219-681e056adf4c@group-DCAA11744DDA-FollowerState] INFO  server.RaftServerConfigKeys (ConfUtils.java:logGet(46)) - raft.server.leaderelection.pre-vote = false (custom)
2022-06-16 16:20:42,792 [6087f466-757b-41fa-a219-681e056adf4c@group-DCAA11744DDA-FollowerState] INFO  impl.RoleInfo (RoleInfo.java:updateAndGet(139)) - 6087f466-757b-41fa-a219-681e056adf4c: start 6087f466-757b-41fa-a219-681e056adf4c@group-DCAA11744DDA-LeaderElection44
2022-06-16 16:20:42,830 [6087f466-757b-41fa-a219-681e056adf4c@group-DCAA11744DDA-LeaderElection44] INFO  impl.LeaderElection (LeaderElection.java:askForVotes(310)) - 6087f466-757b-41fa-a219-681e056adf4c@group-DCAA11744DDA-LeaderElection44 ELECTION round 0: submit vote requests at term 3 for -1: [6087f466-757b-41fa-a219-681e056adf4c|rpc:10.1.0.16:40815|dataStream:|priority:1, dd1ed5e2-20b8-410c-8deb-f61f3310736b|rpc:10.1.0.16:35117|dataStream:|priority:0, 835188e7-dd17-483f-9194-07b8bd68eba8|rpc:10.1.0.16:32931|dataStream:|priority:0], old=null
2022-06-16 16:20:42,887 [grpc-default-executor-1] INFO  server.RaftServer$Division (RaftServerImpl.java:requestVote(1152)) - dd1ed5e2-20b8-410c-8deb-f61f3310736b@group-DCAA11744DDA: receive requestVote(ELECTION, 6087f466-757b-41fa-a219-681e056adf4c, group-DCAA11744DDA, 3, (t:0, i:0))
2022-06-16 16:20:42,887 [grpc-default-executor-1] INFO  impl.VoteContext (VoteContext.java:log(48)) - dd1ed5e2-20b8-410c-8deb-f61f3310736b@group-DCAA11744DDA-FOLLOWER: accept ELECTION from 6087f466-757b-41fa-a219-681e056adf4c: our priority 0 <= candidate's priority 1
2022-06-16 16:20:42,887 [grpc-default-executor-1] INFO  server.RaftServer$Division (RaftServerImpl.java:setRole(299)) - dd1ed5e2-20b8-410c-8deb-f61f3310736b@group-DCAA11744DDA: changes role from  FOLLOWER to FOLLOWER at term 3 for candidate:6087f466-757b-41fa-a219-681e056adf4c
2022-06-16 16:20:42,887 [grpc-default-executor-1] INFO  impl.RoleInfo (RoleInfo.java:shutdownFollowerState(110)) - dd1ed5e2-20b8-410c-8deb-f61f3310736b: shutdown dd1ed5e2-20b8-410c-8deb-f61f3310736b@group-DCAA11744DDA-FollowerState
2022-06-16 16:20:42,887 [grpc-default-executor-1] INFO  impl.RoleInfo (RoleInfo.java:updateAndGet(139)) - dd1ed5e2-20b8-410c-8deb-f61f3310736b: start dd1ed5e2-20b8-410c-8deb-f61f3310736b@group-DCAA11744DDA-FollowerState
2022-06-16 16:20:42,887 [dd1ed5e2-20b8-410c-8deb-f61f3310736b@group-DCAA11744DDA-FollowerState] INFO  impl.FollowerState (FollowerState.java:run(152)) - dd1ed5e2-20b8-410c-8deb-f61f3310736b@group-DCAA11744DDA-FollowerState was interrupted
2022-06-16 16:20:42,890 [grpc-default-executor-1] INFO  server.RaftServer$Division (RaftServerImpl.java:requestVote(1184)) - dd1ed5e2-20b8-410c-8deb-f61f3310736b@group-DCAA11744DDA replies to ELECTION vote request: 6087f466-757b-41fa-a219-681e056adf4c<-dd1ed5e2-20b8-410c-8deb-f61f3310736b#0:OK-t3. Peer's state: dd1ed5e2-20b8-410c-8deb-f61f3310736b@group-DCAA11744DDA:t3, leader=null, voted=6087f466-757b-41fa-a219-681e056adf4c, raftlog=dd1ed5e2-20b8-410c-8deb-f61f3310736b@group-DCAA11744DDA-SegmentedRaftLog:OPENED:c-1, conf=-1: [6087f466-757b-41fa-a219-681e056adf4c|rpc:10.1.0.16:40815|priority:1, dd1ed5e2-20b8-410c-8deb-f61f3310736b|rpc:10.1.0.16:35117|priority:0, 835188e7-dd17-483f-9194-07b8bd68eba8|rpc:10.1.0.16:32931|priority:0], old=null
2022-06-16 16:20:42,891 [6087f466-757b-41fa-a219-681e056adf4c@group-DCAA11744DDA-LeaderElection44] INFO  impl.LeaderElection (LeaderElection.java:logAndReturn(90)) - 6087f466-757b-41fa-a219-681e056adf4c@group-DCAA11744DDA-LeaderElection44: ELECTION PASSED received 1 response(s) and 0 exception(s):
2022-06-16 16:20:42,891 [6087f466-757b-41fa-a219-681e056adf4c@group-DCAA11744DDA-LeaderElection44] INFO  impl.LeaderElection (LeaderElection.java:logAndReturn(94)) -   Response 0: 6087f466-757b-41fa-a219-681e056adf4c<-dd1ed5e2-20b8-410c-8deb-f61f3310736b#0:OK-t3
2022-06-16 16:20:42,891 [6087f466-757b-41fa-a219-681e056adf4c@group-DCAA11744DDA-LeaderElection44] INFO  impl.LeaderElection (LeaderElection.java:askForVotes(312)) - 6087f466-757b-41fa-a219-681e056adf4c@group-DCAA11744DDA-LeaderElection44 ELECTION round 0: result PASSED
2022-06-16 16:20:42,891 [6087f466-757b-41fa-a219-681e056adf4c@group-DCAA11744DDA-LeaderElection44] INFO  impl.RoleInfo (RoleInfo.java:shutdownLeaderElection(130)) - 6087f466-757b-41fa-a219-681e056adf4c: shutdown 6087f466-757b-41fa-a219-681e056adf4c@group-DCAA11744DDA-LeaderElection44
2022-06-16 16:20:42,891 [6087f466-757b-41fa-a219-681e056adf4c@group-DCAA11744DDA-LeaderElection44] INFO  server.RaftServer$Division (RaftServerImpl.java:setRole(299)) - 6087f466-757b-41fa-a219-681e056adf4c@group-DCAA11744DDA: changes role from CANDIDATE to LEADER at term 3 for changeToLeader
2022-06-16 16:20:42,891 [6087f466-757b-41fa-a219-681e056adf4c@group-DCAA11744DDA-LeaderElection44] INFO  ratis.XceiverServerRatis (XceiverServerRatis.java:handleLeaderChangedNotification(863)) - Leader change notification received for group: group-DCAA11744DDA with new leaderId: 6087f466-757b-41fa-a219-681e056adf4c
2022-06-16 16:20:42,891 [6087f466-757b-41fa-a219-681e056adf4c@group-DCAA11744DDA-LeaderElection44] INFO  server.RaftServer$Division (ServerState.java:setLeader(287)) - 6087f466-757b-41fa-a219-681e056adf4c@group-DCAA11744DDA: change Leader from null to 6087f466-757b-41fa-a219-681e056adf4c at term 3 for becomeLeader, leader elected after 15483ms
2022-06-16 16:20:42,891 [6087f466-757b-41fa-a219-681e056adf4c@group-DCAA11744DDA-LeaderElection44] INFO  server.RaftServerConfigKeys (ConfUtils.java:logGet(46)) - raft.server.staging.catchup.gap = 1000 (default)
2022-06-16 16:20:42,892 [6087f466-757b-41fa-a219-681e056adf4c@group-DCAA11744DDA-LeaderElection44] INFO  server.RaftServerConfigKeys (ConfUtils.java:logGet(46)) - raft.server.write.element-limit = 1024 (custom)
2022-06-16 16:20:42,892 [6087f466-757b-41fa-a219-681e056adf4c@group-DCAA11744DDA-LeaderElection44] INFO  server.RaftServerConfigKeys (ConfUtils.java:logGet(46)) - raft.server.write.byte-limit = 1024 M (=1073741824) (custom)
2022-06-16 16:20:42,892 [6087f466-757b-41fa-a219-681e056adf4c@group-DCAA11744DDA-LeaderElection44] INFO  server.RaftServerConfigKeys (ConfUtils.java:logGet(46)) - raft.server.watch.timeout = 180s (custom)
2022-06-16 16:20:42,892 [6087f466-757b-41fa-a219-681e056adf4c@group-DCAA11744DDA-LeaderElection44] INFO  server.RaftServerConfigKeys (ConfUtils.java:logGet(46)) - raft.server.watch.timeout.denomination = 1s (default)
2022-06-16 16:20:42,892 [6087f466-757b-41fa-a219-681e056adf4c@group-DCAA11744DDA-LeaderElection44] INFO  server.RaftServerConfigKeys (ConfUtils.java:logGet(46)) - raft.server.watch.element-limit = 65536 (default)
2022-06-16 16:20:42,892 [6087f466-757b-41fa-a219-681e056adf4c@group-DCAA11744DDA-LeaderElection44] INFO  server.RaftServerConfigKeys (ConfUtils.java:logGet(46)) - raft.server.write.element-limit = 1024 (custom)
2022-06-16 16:20:42,892 [6087f466-757b-41fa-a219-681e056adf4c@group-DCAA11744DDA-LeaderElection44] INFO  server.RaftServerConfigKeys (ConfUtils.java:logGet(46)) - raft.server.write.follower.gap.ratio.max = -1.0 (default)
2022-06-16 16:20:42,893 [6087f466-757b-41fa-a219-681e056adf4c@group-DCAA11744DDA-LeaderElection44] INFO  server.RaftServerConfigKeys (ConfUtils.java:logGet(46)) - raft.server.log.appender.snapshot.chunk.size.max = 16MB (=16777216) (default)
2022-06-16 16:20:42,893 [6087f466-757b-41fa-a219-681e056adf4c@group-DCAA11744DDA-LeaderElection44] INFO  server.RaftServerConfigKeys (ConfUtils.java:logGet(46)) - raft.server.log.appender.buffer.byte-limit = 33554432 (custom)
2022-06-16 16:20:42,893 [6087f466-757b-41fa-a219-681e056adf4c@group-DCAA11744DDA-LeaderElection44] INFO  server.RaftServerConfigKeys (ConfUtils.java:logGet(46)) - raft.server.log.appender.buffer.element-limit = 1 (custom)
2022-06-16 16:20:42,893 [6087f466-757b-41fa-a219-681e056adf4c@group-DCAA11744DDA-LeaderElection44] INFO  grpc.GrpcConfigKeys (ConfUtils.java:logGet(46)) - raft.grpc.server.leader.outstanding.appends.max = 128 (default)
2022-06-16 16:20:42,893 [6087f466-757b-41fa-a219-681e056adf4c@group-DCAA11744DDA-LeaderElection44] INFO  server.RaftServerConfigKeys (ConfUtils.java:logGet(46)) - raft.server.rpc.request.timeout = 60s (custom)
2022-06-16 16:20:42,893 [6087f466-757b-41fa-a219-681e056adf4c@group-DCAA11744DDA-LeaderElection44] INFO  server.RaftServerConfigKeys (ConfUtils.java:logGet(46)) - raft.server.log.appender.install.snapshot.enabled = false (custom)
2022-06-16 16:20:42,894 [6087f466-757b-41fa-a219-681e056adf4c@group-DCAA11744DDA-LeaderElection44] INFO  server.RaftServerConfigKeys (ConfUtils.java:logGet(46)) - raft.server.log.appender.snapshot.chunk.size.max = 16MB (=16777216) (default)
2022-06-16 16:20:42,894 [6087f466-757b-41fa-a219-681e056adf4c@group-DCAA11744DDA-LeaderElection44] INFO  server.RaftServerConfigKeys (ConfUtils.java:logGet(46)) - raft.server.log.appender.buffer.byte-limit = 33554432 (custom)
2022-06-16 16:20:42,894 [6087f466-757b-41fa-a219-681e056adf4c@group-DCAA11744DDA-LeaderElection44] INFO  server.RaftServerConfigKeys (ConfUtils.java:logGet(46)) - raft.server.log.appender.buffer.element-limit = 1 (custom)
2022-06-16 16:20:42,894 [6087f466-757b-41fa-a219-681e056adf4c@group-DCAA11744DDA-LeaderElection44] INFO  grpc.GrpcConfigKeys (ConfUtils.java:logGet(46)) - raft.grpc.server.leader.outstanding.appends.max = 128 (default)
2022-06-16 16:20:42,894 [6087f466-757b-41fa-a219-681e056adf4c@group-DCAA11744DDA-LeaderElection44] INFO  server.RaftServerConfigKeys (ConfUtils.java:logGet(46)) - raft.server.rpc.request.timeout = 60s (custom)
2022-06-16 16:20:42,894 [6087f466-757b-41fa-a219-681e056adf4c@group-DCAA11744DDA-LeaderElection44] INFO  server.RaftServerConfigKeys (ConfUtils.java:logGet(46)) - raft.server.log.appender.install.snapshot.enabled = false (custom)
2022-06-16 16:20:42,894 [6087f466-757b-41fa-a219-681e056adf4c@group-DCAA11744DDA-LeaderElection44] INFO  impl.RoleInfo (RoleInfo.java:updateAndGet(139)) - 6087f466-757b-41fa-a219-681e056adf4c: start 6087f466-757b-41fa-a219-681e056adf4c@group-DCAA11744DDA-LeaderStateImpl
2022-06-16 16:20:42,894 [6087f466-757b-41fa-a219-681e056adf4c@group-DCAA11744DDA-LeaderElection44] INFO  segmented.SegmentedRaftLogWorker (SegmentedRaftLogWorker.java:startLogSegment(425)) - 6087f466-757b-41fa-a219-681e056adf4c@group-DCAA11744DDA-SegmentedRaftLogWorker: Starting segment from index:0
2022-06-16 16:20:42,896 [EventQueue-PipelineReportForPipelineReportHandler] INFO  pipeline.PipelineManagerImpl (PipelineManagerImpl.java:openPipeline(356)) - Pipeline Pipeline[ Id: fbef6c51-3433-4c29-b302-dcaa11744dda, Nodes: 6087f466-757b-41fa-a219-681e056adf4c{ip: 10.1.0.16, host: fv-az37-268.zqe2tmcsx5vuvjs3sdc4q2yfud.gx.internal.cloudapp.net, ports: [REPLICATION=44937, RATIS=40815, RATIS_ADMIN=40815, RATIS_SERVER=40815, STANDALONE=42019], networkLocation: /default-rack, certSerialId: null, persistedOpState: IN_SERVICE, persistedOpStateExpiryEpochSec: 0}835188e7-dd17-483f-9194-07b8bd68eba8{ip: 10.1.0.16, host: fv-az37-268.zqe2tmcsx5vuvjs3sdc4q2yfud.gx.internal.cloudapp.net, ports: [REPLICATION=46857, RATIS=32931, RATIS_ADMIN=32931, RATIS_SERVER=32931, STANDALONE=33217], networkLocation: /default-rack, certSerialId: null, persistedOpState: IN_SERVICE, persistedOpStateExpiryEpochSec: 0}dd1ed5e2-20b8-410c-8deb-f61f3310736b{ip: 10.1.0.16, host: fv-az37-268.zqe2tmcsx5vuvjs3sdc4q2yfud.gx.internal.cloudapp.net, ports: [REPLICATION=33173, RATIS=35117, RATIS_ADMIN=35117, RATIS_SERVER=35117, STANDALONE=42643], networkLocation: /default-rack, certSerialId: null, persistedOpState: IN_SERVICE, persistedOpStateExpiryEpochSec: 0}, ReplicationConfig: RATIS/THREE, State:ALLOCATED, leaderId:6087f466-757b-41fa-a219-681e056adf4c, CreationTimestamp2022-06-16T16:20:26.476Z[Etc/UTC]] moved to OPEN state
2022-06-16 16:20:42,898 [6087f466-757b-41fa-a219-681e056adf4c@group-DCAA11744DDA-SegmentedRaftLogWorker] INFO  segmented.SegmentedRaftLogWorker (SegmentedRaftLogWorker.java:execute(629)) - 6087f466-757b-41fa-a219-681e056adf4c@group-DCAA11744DDA-SegmentedRaftLogWorker: created new log segment /home/runner/work/ozone/ozone/hadoop-ozone/integration-test/target/test-dir/MiniOzoneClusterImpl-98dd81b9-deed-4f2d-abd5-65bd0f491ac9/datanode-1/data/ratis/fbef6c51-3433-4c29-b302-dcaa11744dda/current/log_inprogress_0
2022-06-16 16:20:42,913 [835188e7-dd17-483f-9194-07b8bd68eba8@group-DCAA11744DDA-FollowerState] INFO  impl.FollowerState (FollowerState.java:run(143)) - 835188e7-dd17-483f-9194-07b8bd68eba8@group-DCAA11744DDA-FollowerState: change to CANDIDATE, lastRpcElapsedTime:5169712014ns, electionTimeout:5160ms
2022-06-16 16:20:42,913 [835188e7-dd17-483f-9194-07b8bd68eba8@group-DCAA11744DDA-FollowerState] INFO  impl.RoleInfo (RoleInfo.java:shutdownFollowerState(110)) - 835188e7-dd17-483f-9194-07b8bd68eba8: shutdown 835188e7-dd17-483f-9194-07b8bd68eba8@group-DCAA11744DDA-FollowerState
2022-06-16 16:20:42,913 [835188e7-dd17-483f-9194-07b8bd68eba8@group-DCAA11744DDA-FollowerState] INFO  server.RaftServer$Division (RaftServerImpl.java:setRole(299)) - 835188e7-dd17-483f-9194-07b8bd68eba8@group-DCAA11744DDA: changes role from  FOLLOWER to CANDIDATE at term 2 for changeToCandidate
2022-06-16 16:20:42,919 [835188e7-dd17-483f-9194-07b8bd68eba8@group-DCAA11744DDA-FollowerState] INFO  server.RaftServerConfigKeys (ConfUtils.java:logGet(46)) - raft.server.leaderelection.pre-vote = false (custom)
2022-06-16 16:20:42,919 [835188e7-dd17-483f-9194-07b8bd68eba8@group-DCAA11744DDA-FollowerState] INFO  impl.RoleInfo (RoleInfo.java:updateAndGet(139)) - 835188e7-dd17-483f-9194-07b8bd68eba8: start 835188e7-dd17-483f-9194-07b8bd68eba8@group-DCAA11744DDA-LeaderElection45
2022-06-16 16:20:42,932 [835188e7-dd17-483f-9194-07b8bd68eba8@group-DCAA11744DDA-LeaderElection45] INFO  impl.LeaderElection (LeaderElection.java:askForVotes(310)) - 835188e7-dd17-483f-9194-07b8bd68eba8@group-DCAA11744DDA-LeaderElection45 ELECTION round 0: submit vote requests at term 3 for -1: [6087f466-757b-41fa-a219-681e056adf4c|rpc:10.1.0.16:40815|dataStream:|priority:1, dd1ed5e2-20b8-410c-8deb-f61f3310736b|rpc:10.1.0.16:35117|dataStream:|priority:0, 835188e7-dd17-483f-9194-07b8bd68eba8|rpc:10.1.0.16:32931|dataStream:|priority:0], old=null
2022-06-16 16:20:42,944 [6087f466-757b-41fa-a219-681e056adf4c@group-DCAA11744DDA-LeaderElection44] INFO  server.RaftServer$Division (ServerState.java:setRaftConf(393)) - 6087f466-757b-41fa-a219-681e056adf4c@group-DCAA11744DDA: set configuration 0: [6087f466-757b-41fa-a219-681e056adf4c|rpc:10.1.0.16:40815|dataStream:|priority:1, dd1ed5e2-20b8-410c-8deb-f61f3310736b|rpc:10.1.0.16:35117|dataStream:|priority:0, 835188e7-dd17-483f-9194-07b8bd68eba8|rpc:10.1.0.16:32931|dataStream:|priority:0], old=null
2022-06-16 16:20:42,944 [grpc-default-executor-2] INFO  server.RaftServer$Division (RaftServerImpl.java:requestVote(1152)) - 835188e7-dd17-483f-9194-07b8bd68eba8@group-DCAA11744DDA: receive requestVote(ELECTION, 6087f466-757b-41fa-a219-681e056adf4c, group-DCAA11744DDA, 3, (t:0, i:0))
2022-06-16 16:20:42,944 [grpc-default-executor-2] INFO  impl.VoteContext (VoteContext.java:log(48)) - 835188e7-dd17-483f-9194-07b8bd68eba8@group-DCAA11744DDA-CANDIDATE: reject ELECTION from 6087f466-757b-41fa-a219-681e056adf4c: already has voted for 835188e7-dd17-483f-9194-07b8bd68eba8 at current term 3
2022-06-16 16:20:42,944 [grpc-default-executor-2] INFO  server.RaftServer$Division (RaftServerImpl.java:requestVote(1184)) - 835188e7-dd17-483f-9194-07b8bd68eba8@group-DCAA11744DDA replies to ELECTION vote request: 6087f466-757b-41fa-a219-681e056adf4c<-835188e7-dd17-483f-9194-07b8bd68eba8#0:FAIL-t3. Peer's state: 835188e7-dd17-483f-9194-07b8bd68eba8@group-DCAA11744DDA:t3, leader=null, voted=835188e7-dd17-483f-9194-07b8bd68eba8, raftlog=835188e7-dd17-483f-9194-07b8bd68eba8@group-DCAA11744DDA-SegmentedRaftLog:OPENED:c-1, conf=-1: [6087f466-757b-41fa-a219-681e056adf4c|rpc:10.1.0.16:40815|dataStream:|priority:1, dd1ed5e2-20b8-410c-8deb-f61f3310736b|rpc:10.1.0.16:35117|dataStream:|priority:0, 835188e7-dd17-483f-9194-07b8bd68eba8|rpc:10.1.0.16:32931|dataStream:|priority:0], old=null
2022-06-16 16:20:42,953 [Time-limited test] INFO  rpc.RpcClient (RpcClient.java:createVolume(466)) - Creating Volume: volume78208, with user93143 as owner and space quota set to -1 bytes, counts quota set to -1
2022-06-16 16:20:42,954 [IPC Server handler 18 on default port 42069] INFO  volume.OMVolumeCreateRequest (OMVolumeCreateRequest.java:validateAndUpdateCache(195)) - created volume:volume78208 for user:user93143
2022-06-16 16:20:42,958 [Time-limited test] INFO  rpc.RpcClient (RpcClient.java:createBucket(666)) - Creating Bucket: volume78208/bucket88389, with the Bucket Layout LEGACY, runner as owner, Versioning false, Storage Type set to DISK and Encryption set to false 
2022-06-16 16:20:42,959 [IPC Server handler 0 on default port 42069] INFO  bucket.OMBucketCreateRequest (OMBucketCreateRequest.java:validateAndUpdateCache(260)) - created bucket: bucket88389 of layout LEGACY in volume: volume78208
2022-06-16 16:20:42,959 [dd1ed5e2-20b8-410c-8deb-f61f3310736b-server-thread1] INFO  ratis.XceiverServerRatis (XceiverServerRatis.java:handleLeaderChangedNotification(863)) - Leader change notification received for group: group-DCAA11744DDA with new leaderId: 6087f466-757b-41fa-a219-681e056adf4c
2022-06-16 16:20:42,959 [dd1ed5e2-20b8-410c-8deb-f61f3310736b-server-thread1] INFO  server.RaftServer$Division (ServerState.java:setLeader(287)) - dd1ed5e2-20b8-410c-8deb-f61f3310736b@group-DCAA11744DDA: change Leader from null to 6087f466-757b-41fa-a219-681e056adf4c at term 3 for appendEntries, leader elected after 15717ms
16:20:42.960 [IPC Server handler 2 on default port 42069] ERROR OMAudit - user=runner | ip=127.0.0.1 | op=READ_BUCKET {volume=volume-29288, bucket=bucket3} | ret=FAILURE
org.apache.hadoop.ozone.om.exceptions.OMException: Volume not found when getting bucket info
	at org.apache.hadoop.ozone.om.BucketManagerImpl.getBucketInfo(BucketManagerImpl.java:127) ~[ozone-manager-1.3.0-SNAPSHOT.jar:?]
	at org.apache.hadoop.ozone.om.OzoneManager.getBucketInfo(OzoneManager.java:2778) ~[ozone-manager-1.3.0-SNAPSHOT.jar:?]
	at org.apache.hadoop.ozone.protocolPB.OzoneManagerRequestHandler.infoBucket(OzoneManagerRequestHandler.java:464) ~[ozone-manager-1.3.0-SNAPSHOT.jar:?]
	at org.apache.hadoop.ozone.protocolPB.OzoneManagerRequestHandler.handleReadRequest(OzoneManagerRequestHandler.java:172) ~[ozone-manager-1.3.0-SNAPSHOT.jar:?]
	at org.apache.hadoop.ozone.protocolPB.OzoneManagerProtocolServerSideTranslatorPB.submitRequestDirectlyToOM(OzoneManagerProtocolServerSideTranslatorPB.java:284) ~[ozone-manager-1.3.0-SNAPSHOT.jar:?]
	at org.apache.hadoop.ozone.protocolPB.OzoneManagerProtocolServerSideTranslatorPB.processRequest(OzoneManagerProtocolServerSideTranslatorPB.java:207) ~[ozone-manager-1.3.0-SNAPSHOT.jar:?]
	at org.apache.hadoop.hdds.server.OzoneProtocolMessageDispatcher.processRequest(OzoneProtocolMessageDispatcher.java:87) [hdds-server-framework-1.3.0-SNAPSHOT.jar:?]
	at org.apache.hadoop.ozone.protocolPB.OzoneManagerProtocolServerSideTranslatorPB.submitRequest(OzoneManagerProtocolServerSideTranslatorPB.java:147) [ozone-manager-1.3.0-SNAPSHOT.jar:?]
	at org.apache.hadoop.ozone.protocol.proto.OzoneManagerProtocolProtos$OzoneManagerService$2.callBlockingMethod(OzoneManagerProtocolProtos.java) [ozone-interface-client-1.3.0-SNAPSHOT.jar:?]
	at org.apache.hadoop.ipc.ProtobufRpcEngine$Server.processCall(ProtobufRpcEngine.java:466) [hadoop-common-3.3.1.jar:?]
	at org.apache.hadoop.ipc.ProtobufRpcEngine2$Server$ProtoBufRpcInvoker.call(ProtobufRpcEngine2.java:574) [hadoop-common-3.3.1.jar:?]
	at org.apache.hadoop.ipc.ProtobufRpcEngine2$Server$ProtoBufRpcInvoker.call(ProtobufRpcEngine2.java:552) [hadoop-common-3.3.1.jar:?]
	at org.apache.hadoop.ipc.RPC$Server.call(RPC.java:1093) [hadoop-common-3.3.1.jar:?]
	at org.apache.hadoop.ipc.Server$RpcCall.run(Server.java:1035) [hadoop-common-3.3.1.jar:?]
	at org.apache.hadoop.ipc.Server$RpcCall.run(Server.java:963) [hadoop-common-3.3.1.jar:?]
	at java.security.AccessController.doPrivileged(Native Method) ~[?:1.8.0_332]
	at javax.security.auth.Subject.doAs(Subject.java:422) [?:1.8.0_332]
	at org.apache.hadoop.security.UserGroupInformation.doAs(UserGroupInformation.java:1878) [hadoop-common-3.3.1.jar:?]
	at org.apache.hadoop.ipc.Server$Handler.run(Server.java:2966) [hadoop-common-3.3.1.jar:?]
2022-06-16 16:20:42,961 [Time-limited test] INFO  rpc.RpcClient (RpcClient.java:createVolume(466)) - Creating Volume: volume-29288, with runner as owner and space quota set to -1 bytes, counts quota set to -1
2022-06-16 16:20:42,961 [IPC Server handler 4 on default port 42069] INFO  volume.OMVolumeCreateRequest (OMVolumeCreateRequest.java:validateAndUpdateCache(195)) - created volume:volume-29288 for user:runner
2022-06-16 16:20:42,962 [Time-limited test] INFO  rpc.RpcClient (RpcClient.java:createBucket(666)) - Creating Bucket: volume-29288/bucket3, with the Bucket Layout null, runner as owner, Versioning false, Storage Type set to DISK and Encryption set to false 
2022-06-16 16:20:42,962 [IPC Server handler 6 on default port 42069] INFO  bucket.OMBucketCreateRequest (OMBucketCreateRequest.java:validateAndUpdateCache(260)) - created bucket: bucket3 of layout LEGACY in volume: volume-29288
16:20:42.964 [IPC Server handler 10 on default port 42069] ERROR OMAudit - user=runner | ip=127.0.0.1 | op=DELETE_VOLUME {volume=volume-29288} | ret=FAILURE
org.apache.hadoop.ozone.om.exceptions.OMException: null
	at org.apache.hadoop.ozone.om.request.volume.OMVolumeDeleteRequest.validateAndUpdateCache(OMVolumeDeleteRequest.java:122) ~[ozone-manager-1.3.0-SNAPSHOT.jar:?]
	at org.apache.hadoop.ozone.protocolPB.OzoneManagerRequestHandler.handleWriteRequest(OzoneManagerRequestHandler.java:293) ~[ozone-manager-1.3.0-SNAPSHOT.jar:?]
	at org.apache.hadoop.ozone.protocolPB.OzoneManagerProtocolServerSideTranslatorPB.submitRequestDirectlyToOM(OzoneManagerProtocolServerSideTranslatorPB.java:293) ~[ozone-manager-1.3.0-SNAPSHOT.jar:?]
	at org.apache.hadoop.ozone.protocolPB.OzoneManagerProtocolServerSideTranslatorPB.processRequest(OzoneManagerProtocolServerSideTranslatorPB.java:207) ~[ozone-manager-1.3.0-SNAPSHOT.jar:?]
	at org.apache.hadoop.hdds.server.OzoneProtocolMessageDispatcher.processRequest(OzoneProtocolMessageDispatcher.java:87) [hdds-server-framework-1.3.0-SNAPSHOT.jar:?]
	at org.apache.hadoop.ozone.protocolPB.OzoneManagerProtocolServerSideTranslatorPB.submitRequest(OzoneManagerProtocolServerSideTranslatorPB.java:147) [ozone-manager-1.3.0-SNAPSHOT.jar:?]
	at org.apache.hadoop.ozone.protocol.proto.OzoneManagerProtocolProtos$OzoneManagerService$2.callBlockingMethod(OzoneManagerProtocolProtos.java) [ozone-interface-client-1.3.0-SNAPSHOT.jar:?]
	at org.apache.hadoop.ipc.ProtobufRpcEngine$Server.processCall(ProtobufRpcEngine.java:466) [hadoop-common-3.3.1.jar:?]
	at org.apache.hadoop.ipc.ProtobufRpcEngine2$Server$ProtoBufRpcInvoker.call(ProtobufRpcEngine2.java:574) [hadoop-common-3.3.1.jar:?]
	at org.apache.hadoop.ipc.ProtobufRpcEngine2$Server$ProtoBufRpcInvoker.call(ProtobufRpcEngine2.java:552) [hadoop-common-3.3.1.jar:?]
	at org.apache.hadoop.ipc.RPC$Server.call(RPC.java:1093) [hadoop-common-3.3.1.jar:?]
	at org.apache.hadoop.ipc.Server$RpcCall.run(Server.java:1035) [hadoop-common-3.3.1.jar:?]
	at org.apache.hadoop.ipc.Server$RpcCall.run(Server.java:963) [hadoop-common-3.3.1.jar:?]
	at java.security.AccessController.doPrivileged(Native Method) ~[?:1.8.0_332]
	at javax.security.auth.Subject.doAs(Subject.java:422) [?:1.8.0_332]
	at org.apache.hadoop.security.UserGroupInformation.doAs(UserGroupInformation.java:1878) [hadoop-common-3.3.1.jar:?]
	at org.apache.hadoop.ipc.Server$Handler.run(Server.java:2966) [hadoop-common-3.3.1.jar:?]
2022-06-16 16:20:42,964 [IPC Server handler 10 on default port 42069] ERROR volume.OMVolumeDeleteRequest (OMVolumeDeleteRequest.java:validateAndUpdateCache(170)) - Volume deletion failed for user:runner volume:volume-29288
VOLUME_NOT_EMPTY org.apache.hadoop.ozone.om.exceptions.OMException
	at org.apache.hadoop.ozone.om.request.volume.OMVolumeDeleteRequest.validateAndUpdateCache(OMVolumeDeleteRequest.java:122)
	at org.apache.hadoop.ozone.protocolPB.OzoneManagerRequestHandler.handleWriteRequest(OzoneManagerRequestHandler.java:293)
	at org.apache.hadoop.ozone.protocolPB.OzoneManagerProtocolServerSideTranslatorPB.submitRequestDirectlyToOM(OzoneManagerProtocolServerSideTranslatorPB.java:293)
	at org.apache.hadoop.ozone.protocolPB.OzoneManagerProtocolServerSideTranslatorPB.processRequest(OzoneManagerProtocolServerSideTranslatorPB.java:207)
	at org.apache.hadoop.hdds.server.OzoneProtocolMessageDispatcher.processRequest(OzoneProtocolMessageDispatcher.java:87)
	at org.apache.hadoop.ozone.protocolPB.OzoneManagerProtocolServerSideTranslatorPB.submitRequest(OzoneManagerProtocolServerSideTranslatorPB.java:147)
	at org.apache.hadoop.ozone.protocol.proto.OzoneManagerProtocolProtos$OzoneManagerService$2.callBlockingMethod(OzoneManagerProtocolProtos.java)
	at org.apache.hadoop.ipc.ProtobufRpcEngine$Server.processCall(ProtobufRpcEngine.java:466)
	at org.apache.hadoop.ipc.ProtobufRpcEngine2$Server$ProtoBufRpcInvoker.call(ProtobufRpcEngine2.java:574)
	at org.apache.hadoop.ipc.ProtobufRpcEngine2$Server$ProtoBufRpcInvoker.call(ProtobufRpcEngine2.java:552)
	at org.apache.hadoop.ipc.RPC$Server.call(RPC.java:1093)
	at org.apache.hadoop.ipc.Server$RpcCall.run(Server.java:1035)
	at org.apache.hadoop.ipc.Server$RpcCall.run(Server.java:963)
	at java.security.AccessController.doPrivileged(Native Method)
	at javax.security.auth.Subject.doAs(Subject.java:422)
	at org.apache.hadoop.security.UserGroupInformation.doAs(UserGroupInformation.java:1878)
	at org.apache.hadoop.ipc.Server$Handler.run(Server.java:2966)
16:20:42.980 [IPC Server handler 10 on default port 42069] ERROR OMAudit - user=runner | ip=127.0.0.1 | op=READ_VOLUME {volume=volume-29288} | ret=FAILURE
org.apache.hadoop.ozone.om.exceptions.OMException: Volume volume-29288 is not found
	at org.apache.hadoop.ozone.om.VolumeManagerImpl.getVolumeInfo(VolumeManagerImpl.java:74) ~[ozone-manager-1.3.0-SNAPSHOT.jar:?]
	at org.apache.hadoop.ozone.om.OzoneManager.getVolumeInfo(OzoneManager.java:2602) ~[ozone-manager-1.3.0-SNAPSHOT.jar:?]
	at org.apache.hadoop.ozone.protocolPB.OzoneManagerRequestHandler.infoVolume(OzoneManagerRequestHandler.java:390) ~[ozone-manager-1.3.0-SNAPSHOT.jar:?]
	at org.apache.hadoop.ozone.protocolPB.OzoneManagerRequestHandler.handleReadRequest(OzoneManagerRequestHandler.java:162) ~[ozone-manager-1.3.0-SNAPSHOT.jar:?]
	at org.apache.hadoop.ozone.protocolPB.OzoneManagerProtocolServerSideTranslatorPB.submitRequestDirectlyToOM(OzoneManagerProtocolServerSideTranslatorPB.java:284) ~[ozone-manager-1.3.0-SNAPSHOT.jar:?]
	at org.apache.hadoop.ozone.protocolPB.OzoneManagerProtocolServerSideTranslatorPB.processRequest(OzoneManagerProtocolServerSideTranslatorPB.java:207) ~[ozone-manager-1.3.0-SNAPSHOT.jar:?]
	at org.apache.hadoop.hdds.server.OzoneProtocolMessageDispatcher.processRequest(OzoneProtocolMessageDispatcher.java:87) [hdds-server-framework-1.3.0-SNAPSHOT.jar:?]
	at org.apache.hadoop.ozone.protocolPB.OzoneManagerProtocolServerSideTranslatorPB.submitRequest(OzoneManagerProtocolServerSideTranslatorPB.java:147) [ozone-manager-1.3.0-SNAPSHOT.jar:?]
	at org.apache.hadoop.ozone.protocol.proto.OzoneManagerProtocolProtos$OzoneManagerService$2.callBlockingMethod(OzoneManagerProtocolProtos.java) [ozone-interface-client-1.3.0-SNAPSHOT.jar:?]
	at org.apache.hadoop.ipc.ProtobufRpcEngine$Server.processCall(ProtobufRpcEngine.java:466) [hadoop-common-3.3.1.jar:?]
	at org.apache.hadoop.ipc.ProtobufRpcEngine2$Server$ProtoBufRpcInvoker.call(ProtobufRpcEngine2.java:574) [hadoop-common-3.3.1.jar:?]
	at org.apache.hadoop.ipc.ProtobufRpcEngine2$Server$ProtoBufRpcInvoker.call(ProtobufRpcEngine2.java:552) [hadoop-common-3.3.1.jar:?]
	at org.apache.hadoop.ipc.RPC$Server.call(RPC.java:1093) [hadoop-common-3.3.1.jar:?]
	at org.apache.hadoop.ipc.Server$RpcCall.run(Server.java:1035) [hadoop-common-3.3.1.jar:?]
	at org.apache.hadoop.ipc.Server$RpcCall.run(Server.java:963) [hadoop-common-3.3.1.jar:?]
	at java.security.AccessController.doPrivileged(Native Method) ~[?:1.8.0_332]
	at javax.security.auth.Subject.doAs(Subject.java:422) [?:1.8.0_332]
	at org.apache.hadoop.security.UserGroupInformation.doAs(UserGroupInformation.java:1878) [hadoop-common-3.3.1.jar:?]
	at org.apache.hadoop.ipc.Server$Handler.run(Server.java:2966) [hadoop-common-3.3.1.jar:?]
16:20:42.986 [IPC Server handler 12 on default port 42069] ERROR OMAudit - user=runner | ip=127.0.0.1 | op=READ_BUCKET {volume=volume-29288, bucket=bucket3} | ret=FAILURE
org.apache.hadoop.ozone.om.exceptions.OMException: Volume not found when getting bucket info
	at org.apache.hadoop.ozone.om.BucketManagerImpl.getBucketInfo(BucketManagerImpl.java:127) ~[ozone-manager-1.3.0-SNAPSHOT.jar:?]
	at org.apache.hadoop.ozone.om.OzoneManager.getBucketInfo(OzoneManager.java:2778) ~[ozone-manager-1.3.0-SNAPSHOT.jar:?]
	at org.apache.hadoop.ozone.protocolPB.OzoneManagerRequestHandler.infoBucket(OzoneManagerRequestHandler.java:464) ~[ozone-manager-1.3.0-SNAPSHOT.jar:?]
	at org.apache.hadoop.ozone.protocolPB.OzoneManagerRequestHandler.handleReadRequest(OzoneManagerRequestHandler.java:172) ~[ozone-manager-1.3.0-SNAPSHOT.jar:?]
	at org.apache.hadoop.ozone.protocolPB.OzoneManagerProtocolServerSideTranslatorPB.submitRequestDirectlyToOM(OzoneManagerProtocolServerSideTranslatorPB.java:284) ~[ozone-manager-1.3.0-SNAPSHOT.jar:?]
	at org.apache.hadoop.ozone.protocolPB.OzoneManagerProtocolServerSideTranslatorPB.processRequest(OzoneManagerProtocolServerSideTranslatorPB.java:207) ~[ozone-manager-1.3.0-SNAPSHOT.jar:?]
	at org.apache.hadoop.hdds.server.OzoneProtocolMessageDispatcher.processRequest(OzoneProtocolMessageDispatcher.java:87) [hdds-server-framework-1.3.0-SNAPSHOT.jar:?]
	at org.apache.hadoop.ozone.protocolPB.OzoneManagerProtocolServerSideTranslatorPB.submitRequest(OzoneManagerProtocolServerSideTranslatorPB.java:147) [ozone-manager-1.3.0-SNAPSHOT.jar:?]
	at org.apache.hadoop.ozone.protocol.proto.OzoneManagerProtocolProtos$OzoneManagerService$2.callBlockingMethod(OzoneManagerProtocolProtos.java) [ozone-interface-client-1.3.0-SNAPSHOT.jar:?]
	at org.apache.hadoop.ipc.ProtobufRpcEngine$Server.processCall(ProtobufRpcEngine.java:466) [hadoop-common-3.3.1.jar:?]
	at org.apache.hadoop.ipc.ProtobufRpcEngine2$Server$ProtoBufRpcInvoker.call(ProtobufRpcEngine2.java:574) [hadoop-common-3.3.1.jar:?]
	at org.apache.hadoop.ipc.ProtobufRpcEngine2$Server$ProtoBufRpcInvoker.call(ProtobufRpcEngine2.java:552) [hadoop-common-3.3.1.jar:?]
	at org.apache.hadoop.ipc.RPC$Server.call(RPC.java:1093) [hadoop-common-3.3.1.jar:?]
	at org.apache.hadoop.ipc.Server$RpcCall.run(Server.java:1035) [hadoop-common-3.3.1.jar:?]
	at org.apache.hadoop.ipc.Server$RpcCall.run(Server.java:963) [hadoop-common-3.3.1.jar:?]
	at java.security.AccessController.doPrivileged(Native Method) ~[?:1.8.0_332]
	at javax.security.auth.Subject.doAs(Subject.java:422) [?:1.8.0_332]
	at org.apache.hadoop.security.UserGroupInformation.doAs(UserGroupInformation.java:1878) [hadoop-common-3.3.1.jar:?]
	at org.apache.hadoop.ipc.Server$Handler.run(Server.java:2966) [hadoop-common-3.3.1.jar:?]
2022-06-16 16:20:42,986 [Time-limited test] INFO  rpc.RpcClient (RpcClient.java:createVolume(466)) - Creating Volume: volume-29288, with runner as owner and space quota set to -1 bytes, counts quota set to -1
2022-06-16 16:20:42,987 [IPC Server handler 11 on default port 42069] INFO  volume.OMVolumeCreateRequest (OMVolumeCreateRequest.java:validateAndUpdateCache(195)) - created volume:volume-29288 for user:runner
2022-06-16 16:20:42,990 [Time-limited test] INFO  rpc.RpcClient (RpcClient.java:createBucket(666)) - Creating Bucket: volume-29288/bucket3, with the Bucket Layout null, runner as owner, Versioning false, Storage Type set to DISK and Encryption set to false 
2022-06-16 16:20:42,990 [IPC Server handler 17 on default port 42069] INFO  bucket.OMBucketCreateRequest (OMBucketCreateRequest.java:validateAndUpdateCache(260)) - created bucket: bucket3 of layout LEGACY in volume: volume-29288
2022-06-16 16:20:42,995 [835188e7-dd17-483f-9194-07b8bd68eba8-server-thread1] INFO  server.RaftServer$Division (RaftServerImpl.java:setRole(299)) - 835188e7-dd17-483f-9194-07b8bd68eba8@group-DCAA11744DDA: changes role from CANDIDATE to FOLLOWER at term 3 for appendEntries
2022-06-16 16:20:42,995 [835188e7-dd17-483f-9194-07b8bd68eba8-server-thread1] INFO  impl.RoleInfo (RoleInfo.java:shutdownLeaderElection(130)) - 835188e7-dd17-483f-9194-07b8bd68eba8: shutdown 835188e7-dd17-483f-9194-07b8bd68eba8@group-DCAA11744DDA-LeaderElection45
2022-06-16 16:20:42,995 [835188e7-dd17-483f-9194-07b8bd68eba8-server-thread1] INFO  impl.RoleInfo (RoleInfo.java:updateAndGet(139)) - 835188e7-dd17-483f-9194-07b8bd68eba8: start 835188e7-dd17-483f-9194-07b8bd68eba8@group-DCAA11744DDA-FollowerState
16:20:43.000 [IPC Server handler 15 on default port 42069] ERROR OMAudit - user=runner | ip=127.0.0.1 | op=READ_VOLUME {volume=volume-29288} | ret=FAILURE
org.apache.hadoop.ozone.om.exceptions.OMException: Volume volume-29288 is not found
	at org.apache.hadoop.ozone.om.VolumeManagerImpl.getVolumeInfo(VolumeManagerImpl.java:74) ~[ozone-manager-1.3.0-SNAPSHOT.jar:?]
	at org.apache.hadoop.ozone.om.OzoneManager.getVolumeInfo(OzoneManager.java:2602) ~[ozone-manager-1.3.0-SNAPSHOT.jar:?]
	at org.apache.hadoop.ozone.protocolPB.OzoneManagerRequestHandler.infoVolume(OzoneManagerRequestHandler.java:390) ~[ozone-manager-1.3.0-SNAPSHOT.jar:?]
	at org.apache.hadoop.ozone.protocolPB.OzoneManagerRequestHandler.handleReadRequest(OzoneManagerRequestHandler.java:162) ~[ozone-manager-1.3.0-SNAPSHOT.jar:?]
	at org.apache.hadoop.ozone.protocolPB.OzoneManagerProtocolServerSideTranslatorPB.submitRequestDirectlyToOM(OzoneManagerProtocolServerSideTranslatorPB.java:284) ~[ozone-manager-1.3.0-SNAPSHOT.jar:?]
	at org.apache.hadoop.ozone.protocolPB.OzoneManagerProtocolServerSideTranslatorPB.processRequest(OzoneManagerProtocolServerSideTranslatorPB.java:207) ~[ozone-manager-1.3.0-SNAPSHOT.jar:?]
	at org.apache.hadoop.hdds.server.OzoneProtocolMessageDispatcher.processRequest(OzoneProtocolMessageDispatcher.java:87) [hdds-server-framework-1.3.0-SNAPSHOT.jar:?]
	at org.apache.hadoop.ozone.protocolPB.OzoneManagerProtocolServerSideTranslatorPB.submitRequest(OzoneManagerProtocolServerSideTranslatorPB.java:147) [ozone-manager-1.3.0-SNAPSHOT.jar:?]
	at org.apache.hadoop.ozone.protocol.proto.OzoneManagerProtocolProtos$OzoneManagerService$2.callBlockingMethod(OzoneManagerProtocolProtos.java) [ozone-interface-client-1.3.0-SNAPSHOT.jar:?]
	at org.apache.hadoop.ipc.ProtobufRpcEngine$Server.processCall(ProtobufRpcEngine.java:466) [hadoop-common-3.3.1.jar:?]
	at org.apache.hadoop.ipc.ProtobufRpcEngine2$Server$ProtoBufRpcInvoker.call(ProtobufRpcEngine2.java:574) [hadoop-common-3.3.1.jar:?]
	at org.apache.hadoop.ipc.ProtobufRpcEngine2$Server$ProtoBufRpcInvoker.call(ProtobufRpcEngine2.java:552) [hadoop-common-3.3.1.jar:?]
	at org.apache.hadoop.ipc.RPC$Server.call(RPC.java:1093) [hadoop-common-3.3.1.jar:?]
	at org.apache.hadoop.ipc.Server$RpcCall.run(Server.java:1035) [hadoop-common-3.3.1.jar:?]
	at org.apache.hadoop.ipc.Server$RpcCall.run(Server.java:963) [hadoop-common-3.3.1.jar:?]
	at java.security.AccessController.doPrivileged(Native Method) ~[?:1.8.0_332]
	at javax.security.auth.Subject.doAs(Subject.java:422) [?:1.8.0_332]
	at org.apache.hadoop.security.UserGroupInformation.doAs(UserGroupInformation.java:1878) [hadoop-common-3.3.1.jar:?]
	at org.apache.hadoop.ipc.Server$Handler.run(Server.java:2966) [hadoop-common-3.3.1.jar:?]
]]></system-out>
  </testcase>
  <testcase name="testDeleteVolumeBucketAndKey" classname="TestRootedOzoneFileSystem" time="0.245">
    <system-out><![CDATA[2022-06-16 16:22:31,804 [Time-limited test] INFO  rpc.RpcClient (RpcClient.java:createVolume(466)) - Creating Volume: volume10816, with user42583 as owner and space quota set to -1 bytes, counts quota set to -1
2022-06-16 16:22:31,809 [OM StateMachine ApplyTransaction Thread - 0] INFO  volume.OMVolumeCreateRequest (OMVolumeCreateRequest.java:validateAndUpdateCache(195)) - created volume:volume10816 for user:user42583
2022-06-16 16:22:31,810 [Time-limited test] INFO  rpc.RpcClient (RpcClient.java:createBucket(666)) - Creating Bucket: volume10816/bucket63645, with the Bucket Layout LEGACY, runner as owner, Versioning false, Storage Type set to DISK and Encryption set to false 
2022-06-16 16:22:31,811 [OM StateMachine ApplyTransaction Thread - 0] INFO  bucket.OMBucketCreateRequest (OMBucketCreateRequest.java:validateAndUpdateCache(260)) - created bucket: bucket63645 of layout LEGACY in volume: volume10816
16:22:31.812 [IPC Server handler 17 on default port 33505] ERROR OMAudit - user=runner | ip=127.0.0.1 | op=READ_BUCKET {volume=volume-52108, bucket=bucket3} | ret=FAILURE
org.apache.hadoop.ozone.om.exceptions.OMException: Volume not found when getting bucket info
	at org.apache.hadoop.ozone.om.BucketManagerImpl.getBucketInfo(BucketManagerImpl.java:127) ~[ozone-manager-1.3.0-SNAPSHOT.jar:?]
	at org.apache.hadoop.ozone.om.OzoneManager.getBucketInfo(OzoneManager.java:2778) ~[ozone-manager-1.3.0-SNAPSHOT.jar:?]
	at org.apache.hadoop.ozone.protocolPB.OzoneManagerRequestHandler.infoBucket(OzoneManagerRequestHandler.java:464) ~[ozone-manager-1.3.0-SNAPSHOT.jar:?]
	at org.apache.hadoop.ozone.protocolPB.OzoneManagerRequestHandler.handleReadRequest(OzoneManagerRequestHandler.java:172) ~[ozone-manager-1.3.0-SNAPSHOT.jar:?]
	at org.apache.hadoop.ozone.protocolPB.OzoneManagerProtocolServerSideTranslatorPB.submitReadRequestToOM(OzoneManagerProtocolServerSideTranslatorPB.java:225) ~[ozone-manager-1.3.0-SNAPSHOT.jar:?]
	at org.apache.hadoop.ozone.protocolPB.OzoneManagerProtocolServerSideTranslatorPB.processRequest(OzoneManagerProtocolServerSideTranslatorPB.java:175) ~[ozone-manager-1.3.0-SNAPSHOT.jar:?]
	at org.apache.hadoop.hdds.server.OzoneProtocolMessageDispatcher.processRequest(OzoneProtocolMessageDispatcher.java:87) [hdds-server-framework-1.3.0-SNAPSHOT.jar:?]
	at org.apache.hadoop.ozone.protocolPB.OzoneManagerProtocolServerSideTranslatorPB.submitRequest(OzoneManagerProtocolServerSideTranslatorPB.java:147) [ozone-manager-1.3.0-SNAPSHOT.jar:?]
	at org.apache.hadoop.ozone.protocol.proto.OzoneManagerProtocolProtos$OzoneManagerService$2.callBlockingMethod(OzoneManagerProtocolProtos.java) [ozone-interface-client-1.3.0-SNAPSHOT.jar:?]
	at org.apache.hadoop.ipc.ProtobufRpcEngine$Server.processCall(ProtobufRpcEngine.java:466) [hadoop-common-3.3.1.jar:?]
	at org.apache.hadoop.ipc.ProtobufRpcEngine2$Server$ProtoBufRpcInvoker.call(ProtobufRpcEngine2.java:574) [hadoop-common-3.3.1.jar:?]
	at org.apache.hadoop.ipc.ProtobufRpcEngine2$Server$ProtoBufRpcInvoker.call(ProtobufRpcEngine2.java:552) [hadoop-common-3.3.1.jar:?]
	at org.apache.hadoop.ipc.RPC$Server.call(RPC.java:1093) [hadoop-common-3.3.1.jar:?]
	at org.apache.hadoop.ipc.Server$RpcCall.run(Server.java:1035) [hadoop-common-3.3.1.jar:?]
	at org.apache.hadoop.ipc.Server$RpcCall.run(Server.java:963) [hadoop-common-3.3.1.jar:?]
	at java.security.AccessController.doPrivileged(Native Method) ~[?:1.8.0_332]
	at javax.security.auth.Subject.doAs(Subject.java:422) [?:1.8.0_332]
	at org.apache.hadoop.security.UserGroupInformation.doAs(UserGroupInformation.java:1878) [hadoop-common-3.3.1.jar:?]
	at org.apache.hadoop.ipc.Server$Handler.run(Server.java:2966) [hadoop-common-3.3.1.jar:?]
2022-06-16 16:22:31,814 [Time-limited test] INFO  rpc.RpcClient (RpcClient.java:createVolume(466)) - Creating Volume: volume-52108, with runner as owner and space quota set to -1 bytes, counts quota set to -1
2022-06-16 16:22:31,815 [OM StateMachine ApplyTransaction Thread - 0] INFO  volume.OMVolumeCreateRequest (OMVolumeCreateRequest.java:validateAndUpdateCache(195)) - created volume:volume-52108 for user:runner
2022-06-16 16:22:31,815 [Time-limited test] INFO  rpc.RpcClient (RpcClient.java:createBucket(666)) - Creating Bucket: volume-52108/bucket3, with the Bucket Layout null, runner as owner, Versioning false, Storage Type set to DISK and Encryption set to false 
2022-06-16 16:22:31,817 [OM StateMachine ApplyTransaction Thread - 0] INFO  bucket.OMBucketCreateRequest (OMBucketCreateRequest.java:validateAndUpdateCache(260)) - created bucket: bucket3 of layout LEGACY in volume: volume-52108
16:22:31.830 [OM StateMachine ApplyTransaction Thread - 0] ERROR OMAudit - user=runner | ip=127.0.0.1 | op=DELETE_VOLUME {volume=volume-52108} | ret=FAILURE
org.apache.hadoop.ozone.om.exceptions.OMException: null
	at org.apache.hadoop.ozone.om.request.volume.OMVolumeDeleteRequest.validateAndUpdateCache(OMVolumeDeleteRequest.java:122) ~[ozone-manager-1.3.0-SNAPSHOT.jar:?]
	at org.apache.hadoop.ozone.protocolPB.OzoneManagerRequestHandler.handleWriteRequest(OzoneManagerRequestHandler.java:293) ~[ozone-manager-1.3.0-SNAPSHOT.jar:?]
	at org.apache.hadoop.ozone.om.ratis.OzoneManagerStateMachine.runCommand(OzoneManagerStateMachine.java:529) ~[ozone-manager-1.3.0-SNAPSHOT.jar:?]
	at org.apache.hadoop.ozone.om.ratis.OzoneManagerStateMachine.lambda$1(OzoneManagerStateMachine.java:324) ~[ozone-manager-1.3.0-SNAPSHOT.jar:?]
	at java.util.concurrent.CompletableFuture$AsyncSupply.run(CompletableFuture.java:1604) [?:1.8.0_332]
	at java.util.concurrent.ThreadPoolExecutor.runWorker(ThreadPoolExecutor.java:1149) [?:1.8.0_332]
	at java.util.concurrent.ThreadPoolExecutor$Worker.run(ThreadPoolExecutor.java:624) [?:1.8.0_332]
	at java.lang.Thread.run(Thread.java:750) [?:1.8.0_332]
2022-06-16 16:22:31,830 [OM StateMachine ApplyTransaction Thread - 0] ERROR volume.OMVolumeDeleteRequest (OMVolumeDeleteRequest.java:validateAndUpdateCache(170)) - Volume deletion failed for user:runner volume:volume-52108
VOLUME_NOT_EMPTY org.apache.hadoop.ozone.om.exceptions.OMException
	at org.apache.hadoop.ozone.om.request.volume.OMVolumeDeleteRequest.validateAndUpdateCache(OMVolumeDeleteRequest.java:122)
	at org.apache.hadoop.ozone.protocolPB.OzoneManagerRequestHandler.handleWriteRequest(OzoneManagerRequestHandler.java:293)
	at org.apache.hadoop.ozone.om.ratis.OzoneManagerStateMachine.runCommand(OzoneManagerStateMachine.java:529)
	at org.apache.hadoop.ozone.om.ratis.OzoneManagerStateMachine.lambda$1(OzoneManagerStateMachine.java:324)
	at java.util.concurrent.CompletableFuture$AsyncSupply.run(CompletableFuture.java:1604)
	at java.util.concurrent.ThreadPoolExecutor.runWorker(ThreadPoolExecutor.java:1149)
	at java.util.concurrent.ThreadPoolExecutor$Worker.run(ThreadPoolExecutor.java:624)
	at java.lang.Thread.run(Thread.java:750)
16:22:31.850 [IPC Server handler 3 on default port 33505] ERROR OMAudit - user=runner | ip=127.0.0.1 | op=READ_VOLUME {volume=volume-52108} | ret=FAILURE
org.apache.hadoop.ozone.om.exceptions.OMException: Volume volume-52108 is not found
	at org.apache.hadoop.ozone.om.VolumeManagerImpl.getVolumeInfo(VolumeManagerImpl.java:74) ~[ozone-manager-1.3.0-SNAPSHOT.jar:?]
	at org.apache.hadoop.ozone.om.OzoneManager.getVolumeInfo(OzoneManager.java:2602) ~[ozone-manager-1.3.0-SNAPSHOT.jar:?]
	at org.apache.hadoop.ozone.protocolPB.OzoneManagerRequestHandler.infoVolume(OzoneManagerRequestHandler.java:390) ~[ozone-manager-1.3.0-SNAPSHOT.jar:?]
	at org.apache.hadoop.ozone.protocolPB.OzoneManagerRequestHandler.handleReadRequest(OzoneManagerRequestHandler.java:162) ~[ozone-manager-1.3.0-SNAPSHOT.jar:?]
	at org.apache.hadoop.ozone.protocolPB.OzoneManagerProtocolServerSideTranslatorPB.submitReadRequestToOM(OzoneManagerProtocolServerSideTranslatorPB.java:225) ~[ozone-manager-1.3.0-SNAPSHOT.jar:?]
	at org.apache.hadoop.ozone.protocolPB.OzoneManagerProtocolServerSideTranslatorPB.processRequest(OzoneManagerProtocolServerSideTranslatorPB.java:175) ~[ozone-manager-1.3.0-SNAPSHOT.jar:?]
	at org.apache.hadoop.hdds.server.OzoneProtocolMessageDispatcher.processRequest(OzoneProtocolMessageDispatcher.java:87) [hdds-server-framework-1.3.0-SNAPSHOT.jar:?]
	at org.apache.hadoop.ozone.protocolPB.OzoneManagerProtocolServerSideTranslatorPB.submitRequest(OzoneManagerProtocolServerSideTranslatorPB.java:147) [ozone-manager-1.3.0-SNAPSHOT.jar:?]
	at org.apache.hadoop.ozone.protocol.proto.OzoneManagerProtocolProtos$OzoneManagerService$2.callBlockingMethod(OzoneManagerProtocolProtos.java) [ozone-interface-client-1.3.0-SNAPSHOT.jar:?]
	at org.apache.hadoop.ipc.ProtobufRpcEngine$Server.processCall(ProtobufRpcEngine.java:466) [hadoop-common-3.3.1.jar:?]
	at org.apache.hadoop.ipc.ProtobufRpcEngine2$Server$ProtoBufRpcInvoker.call(ProtobufRpcEngine2.java:574) [hadoop-common-3.3.1.jar:?]
	at org.apache.hadoop.ipc.ProtobufRpcEngine2$Server$ProtoBufRpcInvoker.call(ProtobufRpcEngine2.java:552) [hadoop-common-3.3.1.jar:?]
	at org.apache.hadoop.ipc.RPC$Server.call(RPC.java:1093) [hadoop-common-3.3.1.jar:?]
	at org.apache.hadoop.ipc.Server$RpcCall.run(Server.java:1035) [hadoop-common-3.3.1.jar:?]
	at org.apache.hadoop.ipc.Server$RpcCall.run(Server.java:963) [hadoop-common-3.3.1.jar:?]
	at java.security.AccessController.doPrivileged(Native Method) ~[?:1.8.0_332]
	at javax.security.auth.Subject.doAs(Subject.java:422) [?:1.8.0_332]
	at org.apache.hadoop.security.UserGroupInformation.doAs(UserGroupInformation.java:1878) [hadoop-common-3.3.1.jar:?]
	at org.apache.hadoop.ipc.Server$Handler.run(Server.java:2966) [hadoop-common-3.3.1.jar:?]
16:22:31.851 [IPC Server handler 5 on default port 33505] ERROR OMAudit - user=runner | ip=127.0.0.1 | op=READ_BUCKET {volume=volume-52108, bucket=bucket3} | ret=FAILURE
org.apache.hadoop.ozone.om.exceptions.OMException: Volume not found when getting bucket info
	at org.apache.hadoop.ozone.om.BucketManagerImpl.getBucketInfo(BucketManagerImpl.java:127) ~[ozone-manager-1.3.0-SNAPSHOT.jar:?]
	at org.apache.hadoop.ozone.om.OzoneManager.getBucketInfo(OzoneManager.java:2778) ~[ozone-manager-1.3.0-SNAPSHOT.jar:?]
	at org.apache.hadoop.ozone.protocolPB.OzoneManagerRequestHandler.infoBucket(OzoneManagerRequestHandler.java:464) ~[ozone-manager-1.3.0-SNAPSHOT.jar:?]
	at org.apache.hadoop.ozone.protocolPB.OzoneManagerRequestHandler.handleReadRequest(OzoneManagerRequestHandler.java:172) ~[ozone-manager-1.3.0-SNAPSHOT.jar:?]
	at org.apache.hadoop.ozone.protocolPB.OzoneManagerProtocolServerSideTranslatorPB.submitReadRequestToOM(OzoneManagerProtocolServerSideTranslatorPB.java:225) ~[ozone-manager-1.3.0-SNAPSHOT.jar:?]
	at org.apache.hadoop.ozone.protocolPB.OzoneManagerProtocolServerSideTranslatorPB.processRequest(OzoneManagerProtocolServerSideTranslatorPB.java:175) ~[ozone-manager-1.3.0-SNAPSHOT.jar:?]
	at org.apache.hadoop.hdds.server.OzoneProtocolMessageDispatcher.processRequest(OzoneProtocolMessageDispatcher.java:87) [hdds-server-framework-1.3.0-SNAPSHOT.jar:?]
	at org.apache.hadoop.ozone.protocolPB.OzoneManagerProtocolServerSideTranslatorPB.submitRequest(OzoneManagerProtocolServerSideTranslatorPB.java:147) [ozone-manager-1.3.0-SNAPSHOT.jar:?]
	at org.apache.hadoop.ozone.protocol.proto.OzoneManagerProtocolProtos$OzoneManagerService$2.callBlockingMethod(OzoneManagerProtocolProtos.java) [ozone-interface-client-1.3.0-SNAPSHOT.jar:?]
	at org.apache.hadoop.ipc.ProtobufRpcEngine$Server.processCall(ProtobufRpcEngine.java:466) [hadoop-common-3.3.1.jar:?]
	at org.apache.hadoop.ipc.ProtobufRpcEngine2$Server$ProtoBufRpcInvoker.call(ProtobufRpcEngine2.java:574) [hadoop-common-3.3.1.jar:?]
	at org.apache.hadoop.ipc.ProtobufRpcEngine2$Server$ProtoBufRpcInvoker.call(ProtobufRpcEngine2.java:552) [hadoop-common-3.3.1.jar:?]
	at org.apache.hadoop.ipc.RPC$Server.call(RPC.java:1093) [hadoop-common-3.3.1.jar:?]
	at org.apache.hadoop.ipc.Server$RpcCall.run(Server.java:1035) [hadoop-common-3.3.1.jar:?]
	at org.apache.hadoop.ipc.Server$RpcCall.run(Server.java:963) [hadoop-common-3.3.1.jar:?]
	at java.security.AccessController.doPrivileged(Native Method) ~[?:1.8.0_332]
	at javax.security.auth.Subject.doAs(Subject.java:422) [?:1.8.0_332]
	at org.apache.hadoop.security.UserGroupInformation.doAs(UserGroupInformation.java:1878) [hadoop-common-3.3.1.jar:?]
	at org.apache.hadoop.ipc.Server$Handler.run(Server.java:2966) [hadoop-common-3.3.1.jar:?]
2022-06-16 16:22:31,851 [Time-limited test] INFO  rpc.RpcClient (RpcClient.java:createVolume(466)) - Creating Volume: volume-52108, with runner as owner and space quota set to -1 bytes, counts quota set to -1
2022-06-16 16:22:31,855 [OM StateMachine ApplyTransaction Thread - 0] INFO  volume.OMVolumeCreateRequest (OMVolumeCreateRequest.java:validateAndUpdateCache(195)) - created volume:volume-52108 for user:runner
2022-06-16 16:22:31,861 [Time-limited test] INFO  rpc.RpcClient (RpcClient.java:createBucket(666)) - Creating Bucket: volume-52108/bucket3, with the Bucket Layout null, runner as owner, Versioning false, Storage Type set to DISK and Encryption set to false 
2022-06-16 16:22:31,863 [OM StateMachine ApplyTransaction Thread - 0] INFO  bucket.OMBucketCreateRequest (OMBucketCreateRequest.java:validateAndUpdateCache(260)) - created bucket: bucket3 of layout LEGACY in volume: volume-52108
16:22:31.876 [IPC Server handler 15 on default port 33505] ERROR OMAudit - user=runner | ip=127.0.0.1 | op=READ_VOLUME {volume=volume-52108} | ret=FAILURE
org.apache.hadoop.ozone.om.exceptions.OMException: Volume volume-52108 is not found
	at org.apache.hadoop.ozone.om.VolumeManagerImpl.getVolumeInfo(VolumeManagerImpl.java:74) ~[ozone-manager-1.3.0-SNAPSHOT.jar:?]
	at org.apache.hadoop.ozone.om.OzoneManager.getVolumeInfo(OzoneManager.java:2602) ~[ozone-manager-1.3.0-SNAPSHOT.jar:?]
	at org.apache.hadoop.ozone.protocolPB.OzoneManagerRequestHandler.infoVolume(OzoneManagerRequestHandler.java:390) ~[ozone-manager-1.3.0-SNAPSHOT.jar:?]
	at org.apache.hadoop.ozone.protocolPB.OzoneManagerRequestHandler.handleReadRequest(OzoneManagerRequestHandler.java:162) ~[ozone-manager-1.3.0-SNAPSHOT.jar:?]
	at org.apache.hadoop.ozone.protocolPB.OzoneManagerProtocolServerSideTranslatorPB.submitReadRequestToOM(OzoneManagerProtocolServerSideTranslatorPB.java:225) ~[ozone-manager-1.3.0-SNAPSHOT.jar:?]
	at org.apache.hadoop.ozone.protocolPB.OzoneManagerProtocolServerSideTranslatorPB.processRequest(OzoneManagerProtocolServerSideTranslatorPB.java:175) ~[ozone-manager-1.3.0-SNAPSHOT.jar:?]
	at org.apache.hadoop.hdds.server.OzoneProtocolMessageDispatcher.processRequest(OzoneProtocolMessageDispatcher.java:87) [hdds-server-framework-1.3.0-SNAPSHOT.jar:?]
	at org.apache.hadoop.ozone.protocolPB.OzoneManagerProtocolServerSideTranslatorPB.submitRequest(OzoneManagerProtocolServerSideTranslatorPB.java:147) [ozone-manager-1.3.0-SNAPSHOT.jar:?]
	at org.apache.hadoop.ozone.protocol.proto.OzoneManagerProtocolProtos$OzoneManagerService$2.callBlockingMethod(OzoneManagerProtocolProtos.java) [ozone-interface-client-1.3.0-SNAPSHOT.jar:?]
	at org.apache.hadoop.ipc.ProtobufRpcEngine$Server.processCall(ProtobufRpcEngine.java:466) [hadoop-common-3.3.1.jar:?]
	at org.apache.hadoop.ipc.ProtobufRpcEngine2$Server$ProtoBufRpcInvoker.call(ProtobufRpcEngine2.java:574) [hadoop-common-3.3.1.jar:?]
	at org.apache.hadoop.ipc.ProtobufRpcEngine2$Server$ProtoBufRpcInvoker.call(ProtobufRpcEngine2.java:552) [hadoop-common-3.3.1.jar:?]
	at org.apache.hadoop.ipc.RPC$Server.call(RPC.java:1093) [hadoop-common-3.3.1.jar:?]
	at org.apache.hadoop.ipc.Server$RpcCall.run(Server.java:1035) [hadoop-common-3.3.1.jar:?]
	at org.apache.hadoop.ipc.Server$RpcCall.run(Server.java:963) [hadoop-common-3.3.1.jar:?]
	at java.security.AccessController.doPrivileged(Native Method) ~[?:1.8.0_332]
	at javax.security.auth.Subject.doAs(Subject.java:422) [?:1.8.0_332]
	at org.apache.hadoop.security.UserGroupInformation.doAs(UserGroupInformation.java:1878) [hadoop-common-3.3.1.jar:?]
	at org.apache.hadoop.ipc.Server$Handler.run(Server.java:2966) [hadoop-common-3.3.1.jar:?]
]]></system-out>
  </testcase>
  <testcase name="testDeleteVolumeBucketAndKey" classname="TestRootedOzoneFileSystem" time="0.121">
    <system-out><![CDATA[2022-06-16 16:23:56,837 [Time-limited test] INFO  rpc.RpcClient (RpcClient.java:createVolume(466)) - Creating Volume: volume57401, with user39813 as owner and space quota set to -1 bytes, counts quota set to -1
2022-06-16 16:23:56,837 [IPC Server handler 15 on default port 44357] INFO  volume.OMVolumeCreateRequest (OMVolumeCreateRequest.java:validateAndUpdateCache(195)) - created volume:volume57401 for user:user39813
2022-06-16 16:23:56,838 [Time-limited test] INFO  rpc.RpcClient (RpcClient.java:createBucket(666)) - Creating Bucket: volume57401/bucket08743, with the Bucket Layout LEGACY, runner as owner, Versioning false, Storage Type set to DISK and Encryption set to false 
2022-06-16 16:23:56,839 [IPC Server handler 16 on default port 44357] INFO  bucket.OMBucketCreateRequest (OMBucketCreateRequest.java:validateAndUpdateCache(260)) - created bucket: bucket08743 of layout LEGACY in volume: volume57401
16:23:56.840 [IPC Server handler 0 on default port 44357] ERROR OMAudit - user=runner | ip=127.0.0.1 | op=READ_BUCKET {volume=volume-20096, bucket=bucket3} | ret=FAILURE
org.apache.hadoop.ozone.om.exceptions.OMException: Volume not found when getting bucket info
	at org.apache.hadoop.ozone.om.BucketManagerImpl.getBucketInfo(BucketManagerImpl.java:127) ~[ozone-manager-1.3.0-SNAPSHOT.jar:?]
	at org.apache.hadoop.ozone.om.OzoneManager.getBucketInfo(OzoneManager.java:2778) ~[ozone-manager-1.3.0-SNAPSHOT.jar:?]
	at org.apache.hadoop.ozone.protocolPB.OzoneManagerRequestHandler.infoBucket(OzoneManagerRequestHandler.java:464) ~[ozone-manager-1.3.0-SNAPSHOT.jar:?]
	at org.apache.hadoop.ozone.protocolPB.OzoneManagerRequestHandler.handleReadRequest(OzoneManagerRequestHandler.java:172) ~[ozone-manager-1.3.0-SNAPSHOT.jar:?]
	at org.apache.hadoop.ozone.protocolPB.OzoneManagerProtocolServerSideTranslatorPB.submitRequestDirectlyToOM(OzoneManagerProtocolServerSideTranslatorPB.java:284) ~[ozone-manager-1.3.0-SNAPSHOT.jar:?]
	at org.apache.hadoop.ozone.protocolPB.OzoneManagerProtocolServerSideTranslatorPB.processRequest(OzoneManagerProtocolServerSideTranslatorPB.java:207) ~[ozone-manager-1.3.0-SNAPSHOT.jar:?]
	at org.apache.hadoop.hdds.server.OzoneProtocolMessageDispatcher.processRequest(OzoneProtocolMessageDispatcher.java:87) [hdds-server-framework-1.3.0-SNAPSHOT.jar:?]
	at org.apache.hadoop.ozone.protocolPB.OzoneManagerProtocolServerSideTranslatorPB.submitRequest(OzoneManagerProtocolServerSideTranslatorPB.java:147) [ozone-manager-1.3.0-SNAPSHOT.jar:?]
	at org.apache.hadoop.ozone.protocol.proto.OzoneManagerProtocolProtos$OzoneManagerService$2.callBlockingMethod(OzoneManagerProtocolProtos.java) [ozone-interface-client-1.3.0-SNAPSHOT.jar:?]
	at org.apache.hadoop.ipc.ProtobufRpcEngine$Server.processCall(ProtobufRpcEngine.java:466) [hadoop-common-3.3.1.jar:?]
	at org.apache.hadoop.ipc.ProtobufRpcEngine2$Server$ProtoBufRpcInvoker.call(ProtobufRpcEngine2.java:574) [hadoop-common-3.3.1.jar:?]
	at org.apache.hadoop.ipc.ProtobufRpcEngine2$Server$ProtoBufRpcInvoker.call(ProtobufRpcEngine2.java:552) [hadoop-common-3.3.1.jar:?]
	at org.apache.hadoop.ipc.RPC$Server.call(RPC.java:1093) [hadoop-common-3.3.1.jar:?]
	at org.apache.hadoop.ipc.Server$RpcCall.run(Server.java:1035) [hadoop-common-3.3.1.jar:?]
	at org.apache.hadoop.ipc.Server$RpcCall.run(Server.java:963) [hadoop-common-3.3.1.jar:?]
	at java.security.AccessController.doPrivileged(Native Method) ~[?:1.8.0_332]
	at javax.security.auth.Subject.doAs(Subject.java:422) [?:1.8.0_332]
	at org.apache.hadoop.security.UserGroupInformation.doAs(UserGroupInformation.java:1878) [hadoop-common-3.3.1.jar:?]
	at org.apache.hadoop.ipc.Server$Handler.run(Server.java:2966) [hadoop-common-3.3.1.jar:?]
2022-06-16 16:23:56,840 [Time-limited test] INFO  rpc.RpcClient (RpcClient.java:createVolume(466)) - Creating Volume: volume-20096, with runner as owner and space quota set to -1 bytes, counts quota set to -1
2022-06-16 16:23:56,842 [IPC Server handler 3 on default port 44357] INFO  volume.OMVolumeCreateRequest (OMVolumeCreateRequest.java:validateAndUpdateCache(195)) - created volume:volume-20096 for user:runner
2022-06-16 16:23:56,843 [Time-limited test] INFO  rpc.RpcClient (RpcClient.java:createBucket(666)) - Creating Bucket: volume-20096/bucket3, with the Bucket Layout null, runner as owner, Versioning false, Storage Type set to DISK and Encryption set to false 
2022-06-16 16:23:56,843 [IPC Server handler 1 on default port 44357] INFO  bucket.OMBucketCreateRequest (OMBucketCreateRequest.java:validateAndUpdateCache(260)) - created bucket: bucket3 of layout LEGACY in volume: volume-20096
16:23:56.845 [IPC Server handler 8 on default port 44357] ERROR OMAudit - user=runner | ip=127.0.0.1 | op=DELETE_VOLUME {volume=volume-20096} | ret=FAILURE
org.apache.hadoop.ozone.om.exceptions.OMException: null
	at org.apache.hadoop.ozone.om.request.volume.OMVolumeDeleteRequest.validateAndUpdateCache(OMVolumeDeleteRequest.java:122) ~[ozone-manager-1.3.0-SNAPSHOT.jar:?]
	at org.apache.hadoop.ozone.protocolPB.OzoneManagerRequestHandler.handleWriteRequest(OzoneManagerRequestHandler.java:293) ~[ozone-manager-1.3.0-SNAPSHOT.jar:?]
	at org.apache.hadoop.ozone.protocolPB.OzoneManagerProtocolServerSideTranslatorPB.submitRequestDirectlyToOM(OzoneManagerProtocolServerSideTranslatorPB.java:293) ~[ozone-manager-1.3.0-SNAPSHOT.jar:?]
	at org.apache.hadoop.ozone.protocolPB.OzoneManagerProtocolServerSideTranslatorPB.processRequest(OzoneManagerProtocolServerSideTranslatorPB.java:207) ~[ozone-manager-1.3.0-SNAPSHOT.jar:?]
	at org.apache.hadoop.hdds.server.OzoneProtocolMessageDispatcher.processRequest(OzoneProtocolMessageDispatcher.java:87) [hdds-server-framework-1.3.0-SNAPSHOT.jar:?]
	at org.apache.hadoop.ozone.protocolPB.OzoneManagerProtocolServerSideTranslatorPB.submitRequest(OzoneManagerProtocolServerSideTranslatorPB.java:147) [ozone-manager-1.3.0-SNAPSHOT.jar:?]
	at org.apache.hadoop.ozone.protocol.proto.OzoneManagerProtocolProtos$OzoneManagerService$2.callBlockingMethod(OzoneManagerProtocolProtos.java) [ozone-interface-client-1.3.0-SNAPSHOT.jar:?]
	at org.apache.hadoop.ipc.ProtobufRpcEngine$Server.processCall(ProtobufRpcEngine.java:466) [hadoop-common-3.3.1.jar:?]
	at org.apache.hadoop.ipc.ProtobufRpcEngine2$Server$ProtoBufRpcInvoker.call(ProtobufRpcEngine2.java:574) [hadoop-common-3.3.1.jar:?]
	at org.apache.hadoop.ipc.ProtobufRpcEngine2$Server$ProtoBufRpcInvoker.call(ProtobufRpcEngine2.java:552) [hadoop-common-3.3.1.jar:?]
	at org.apache.hadoop.ipc.RPC$Server.call(RPC.java:1093) [hadoop-common-3.3.1.jar:?]
	at org.apache.hadoop.ipc.Server$RpcCall.run(Server.java:1035) [hadoop-common-3.3.1.jar:?]
	at org.apache.hadoop.ipc.Server$RpcCall.run(Server.java:963) [hadoop-common-3.3.1.jar:?]
	at java.security.AccessController.doPrivileged(Native Method) ~[?:1.8.0_332]
	at javax.security.auth.Subject.doAs(Subject.java:422) [?:1.8.0_332]
	at org.apache.hadoop.security.UserGroupInformation.doAs(UserGroupInformation.java:1878) [hadoop-common-3.3.1.jar:?]
	at org.apache.hadoop.ipc.Server$Handler.run(Server.java:2966) [hadoop-common-3.3.1.jar:?]
2022-06-16 16:23:56,845 [IPC Server handler 8 on default port 44357] ERROR volume.OMVolumeDeleteRequest (OMVolumeDeleteRequest.java:validateAndUpdateCache(170)) - Volume deletion failed for user:runner volume:volume-20096
VOLUME_NOT_EMPTY org.apache.hadoop.ozone.om.exceptions.OMException
	at org.apache.hadoop.ozone.om.request.volume.OMVolumeDeleteRequest.validateAndUpdateCache(OMVolumeDeleteRequest.java:122)
	at org.apache.hadoop.ozone.protocolPB.OzoneManagerRequestHandler.handleWriteRequest(OzoneManagerRequestHandler.java:293)
	at org.apache.hadoop.ozone.protocolPB.OzoneManagerProtocolServerSideTranslatorPB.submitRequestDirectlyToOM(OzoneManagerProtocolServerSideTranslatorPB.java:293)
	at org.apache.hadoop.ozone.protocolPB.OzoneManagerProtocolServerSideTranslatorPB.processRequest(OzoneManagerProtocolServerSideTranslatorPB.java:207)
	at org.apache.hadoop.hdds.server.OzoneProtocolMessageDispatcher.processRequest(OzoneProtocolMessageDispatcher.java:87)
	at org.apache.hadoop.ozone.protocolPB.OzoneManagerProtocolServerSideTranslatorPB.submitRequest(OzoneManagerProtocolServerSideTranslatorPB.java:147)
	at org.apache.hadoop.ozone.protocol.proto.OzoneManagerProtocolProtos$OzoneManagerService$2.callBlockingMethod(OzoneManagerProtocolProtos.java)
	at org.apache.hadoop.ipc.ProtobufRpcEngine$Server.processCall(ProtobufRpcEngine.java:466)
	at org.apache.hadoop.ipc.ProtobufRpcEngine2$Server$ProtoBufRpcInvoker.call(ProtobufRpcEngine2.java:574)
	at org.apache.hadoop.ipc.ProtobufRpcEngine2$Server$ProtoBufRpcInvoker.call(ProtobufRpcEngine2.java:552)
	at org.apache.hadoop.ipc.RPC$Server.call(RPC.java:1093)
	at org.apache.hadoop.ipc.Server$RpcCall.run(Server.java:1035)
	at org.apache.hadoop.ipc.Server$RpcCall.run(Server.java:963)
	at java.security.AccessController.doPrivileged(Native Method)
	at javax.security.auth.Subject.doAs(Subject.java:422)
	at org.apache.hadoop.security.UserGroupInformation.doAs(UserGroupInformation.java:1878)
	at org.apache.hadoop.ipc.Server$Handler.run(Server.java:2966)
16:23:56.858 [IPC Server handler 8 on default port 44357] ERROR OMAudit - user=runner | ip=127.0.0.1 | op=READ_VOLUME {volume=volume-20096} | ret=FAILURE
org.apache.hadoop.ozone.om.exceptions.OMException: Volume volume-20096 is not found
	at org.apache.hadoop.ozone.om.VolumeManagerImpl.getVolumeInfo(VolumeManagerImpl.java:74) ~[ozone-manager-1.3.0-SNAPSHOT.jar:?]
	at org.apache.hadoop.ozone.om.OzoneManager.getVolumeInfo(OzoneManager.java:2602) ~[ozone-manager-1.3.0-SNAPSHOT.jar:?]
	at org.apache.hadoop.ozone.protocolPB.OzoneManagerRequestHandler.infoVolume(OzoneManagerRequestHandler.java:390) ~[ozone-manager-1.3.0-SNAPSHOT.jar:?]
	at org.apache.hadoop.ozone.protocolPB.OzoneManagerRequestHandler.handleReadRequest(OzoneManagerRequestHandler.java:162) ~[ozone-manager-1.3.0-SNAPSHOT.jar:?]
	at org.apache.hadoop.ozone.protocolPB.OzoneManagerProtocolServerSideTranslatorPB.submitRequestDirectlyToOM(OzoneManagerProtocolServerSideTranslatorPB.java:284) ~[ozone-manager-1.3.0-SNAPSHOT.jar:?]
	at org.apache.hadoop.ozone.protocolPB.OzoneManagerProtocolServerSideTranslatorPB.processRequest(OzoneManagerProtocolServerSideTranslatorPB.java:207) ~[ozone-manager-1.3.0-SNAPSHOT.jar:?]
	at org.apache.hadoop.hdds.server.OzoneProtocolMessageDispatcher.processRequest(OzoneProtocolMessageDispatcher.java:87) [hdds-server-framework-1.3.0-SNAPSHOT.jar:?]
	at org.apache.hadoop.ozone.protocolPB.OzoneManagerProtocolServerSideTranslatorPB.submitRequest(OzoneManagerProtocolServerSideTranslatorPB.java:147) [ozone-manager-1.3.0-SNAPSHOT.jar:?]
	at org.apache.hadoop.ozone.protocol.proto.OzoneManagerProtocolProtos$OzoneManagerService$2.callBlockingMethod(OzoneManagerProtocolProtos.java) [ozone-interface-client-1.3.0-SNAPSHOT.jar:?]
	at org.apache.hadoop.ipc.ProtobufRpcEngine$Server.processCall(ProtobufRpcEngine.java:466) [hadoop-common-3.3.1.jar:?]
	at org.apache.hadoop.ipc.ProtobufRpcEngine2$Server$ProtoBufRpcInvoker.call(ProtobufRpcEngine2.java:574) [hadoop-common-3.3.1.jar:?]
	at org.apache.hadoop.ipc.ProtobufRpcEngine2$Server$ProtoBufRpcInvoker.call(ProtobufRpcEngine2.java:552) [hadoop-common-3.3.1.jar:?]
	at org.apache.hadoop.ipc.RPC$Server.call(RPC.java:1093) [hadoop-common-3.3.1.jar:?]
	at org.apache.hadoop.ipc.Server$RpcCall.run(Server.java:1035) [hadoop-common-3.3.1.jar:?]
	at org.apache.hadoop.ipc.Server$RpcCall.run(Server.java:963) [hadoop-common-3.3.1.jar:?]
	at java.security.AccessController.doPrivileged(Native Method) ~[?:1.8.0_332]
	at javax.security.auth.Subject.doAs(Subject.java:422) [?:1.8.0_332]
	at org.apache.hadoop.security.UserGroupInformation.doAs(UserGroupInformation.java:1878) [hadoop-common-3.3.1.jar:?]
	at org.apache.hadoop.ipc.Server$Handler.run(Server.java:2966) [hadoop-common-3.3.1.jar:?]
16:23:56.858 [IPC Server handler 7 on default port 44357] ERROR OMAudit - user=runner | ip=127.0.0.1 | op=READ_BUCKET {volume=volume-20096, bucket=bucket3} | ret=FAILURE
org.apache.hadoop.ozone.om.exceptions.OMException: Volume not found when getting bucket info
	at org.apache.hadoop.ozone.om.BucketManagerImpl.getBucketInfo(BucketManagerImpl.java:127) ~[ozone-manager-1.3.0-SNAPSHOT.jar:?]
	at org.apache.hadoop.ozone.om.OzoneManager.getBucketInfo(OzoneManager.java:2778) ~[ozone-manager-1.3.0-SNAPSHOT.jar:?]
	at org.apache.hadoop.ozone.protocolPB.OzoneManagerRequestHandler.infoBucket(OzoneManagerRequestHandler.java:464) ~[ozone-manager-1.3.0-SNAPSHOT.jar:?]
	at org.apache.hadoop.ozone.protocolPB.OzoneManagerRequestHandler.handleReadRequest(OzoneManagerRequestHandler.java:172) ~[ozone-manager-1.3.0-SNAPSHOT.jar:?]
	at org.apache.hadoop.ozone.protocolPB.OzoneManagerProtocolServerSideTranslatorPB.submitRequestDirectlyToOM(OzoneManagerProtocolServerSideTranslatorPB.java:284) ~[ozone-manager-1.3.0-SNAPSHOT.jar:?]
	at org.apache.hadoop.ozone.protocolPB.OzoneManagerProtocolServerSideTranslatorPB.processRequest(OzoneManagerProtocolServerSideTranslatorPB.java:207) ~[ozone-manager-1.3.0-SNAPSHOT.jar:?]
	at org.apache.hadoop.hdds.server.OzoneProtocolMessageDispatcher.processRequest(OzoneProtocolMessageDispatcher.java:87) [hdds-server-framework-1.3.0-SNAPSHOT.jar:?]
	at org.apache.hadoop.ozone.protocolPB.OzoneManagerProtocolServerSideTranslatorPB.submitRequest(OzoneManagerProtocolServerSideTranslatorPB.java:147) [ozone-manager-1.3.0-SNAPSHOT.jar:?]
	at org.apache.hadoop.ozone.protocol.proto.OzoneManagerProtocolProtos$OzoneManagerService$2.callBlockingMethod(OzoneManagerProtocolProtos.java) [ozone-interface-client-1.3.0-SNAPSHOT.jar:?]
	at org.apache.hadoop.ipc.ProtobufRpcEngine$Server.processCall(ProtobufRpcEngine.java:466) [hadoop-common-3.3.1.jar:?]
	at org.apache.hadoop.ipc.ProtobufRpcEngine2$Server$ProtoBufRpcInvoker.call(ProtobufRpcEngine2.java:574) [hadoop-common-3.3.1.jar:?]
	at org.apache.hadoop.ipc.ProtobufRpcEngine2$Server$ProtoBufRpcInvoker.call(ProtobufRpcEngine2.java:552) [hadoop-common-3.3.1.jar:?]
	at org.apache.hadoop.ipc.RPC$Server.call(RPC.java:1093) [hadoop-common-3.3.1.jar:?]
	at org.apache.hadoop.ipc.Server$RpcCall.run(Server.java:1035) [hadoop-common-3.3.1.jar:?]
	at org.apache.hadoop.ipc.Server$RpcCall.run(Server.java:963) [hadoop-common-3.3.1.jar:?]
	at java.security.AccessController.doPrivileged(Native Method) ~[?:1.8.0_332]
	at javax.security.auth.Subject.doAs(Subject.java:422) [?:1.8.0_332]
	at org.apache.hadoop.security.UserGroupInformation.doAs(UserGroupInformation.java:1878) [hadoop-common-3.3.1.jar:?]
	at org.apache.hadoop.ipc.Server$Handler.run(Server.java:2966) [hadoop-common-3.3.1.jar:?]
2022-06-16 16:23:56,858 [Time-limited test] INFO  rpc.RpcClient (RpcClient.java:createVolume(466)) - Creating Volume: volume-20096, with runner as owner and space quota set to -1 bytes, counts quota set to -1
2022-06-16 16:23:56,859 [IPC Server handler 4 on default port 44357] INFO  volume.OMVolumeCreateRequest (OMVolumeCreateRequest.java:validateAndUpdateCache(195)) - created volume:volume-20096 for user:runner
2022-06-16 16:23:56,859 [Time-limited test] INFO  rpc.RpcClient (RpcClient.java:createBucket(666)) - Creating Bucket: volume-20096/bucket3, with the Bucket Layout null, runner as owner, Versioning false, Storage Type set to DISK and Encryption set to false 
2022-06-16 16:23:56,860 [IPC Server handler 12 on default port 44357] INFO  bucket.OMBucketCreateRequest (OMBucketCreateRequest.java:validateAndUpdateCache(260)) - created bucket: bucket3 of layout LEGACY in volume: volume-20096
16:23:56.876 [IPC Server handler 9 on default port 44357] ERROR OMAudit - user=runner | ip=127.0.0.1 | op=READ_VOLUME {volume=volume-20096} | ret=FAILURE
org.apache.hadoop.ozone.om.exceptions.OMException: Volume volume-20096 is not found
	at org.apache.hadoop.ozone.om.VolumeManagerImpl.getVolumeInfo(VolumeManagerImpl.java:74) ~[ozone-manager-1.3.0-SNAPSHOT.jar:?]
	at org.apache.hadoop.ozone.om.OzoneManager.getVolumeInfo(OzoneManager.java:2602) ~[ozone-manager-1.3.0-SNAPSHOT.jar:?]
	at org.apache.hadoop.ozone.protocolPB.OzoneManagerRequestHandler.infoVolume(OzoneManagerRequestHandler.java:390) ~[ozone-manager-1.3.0-SNAPSHOT.jar:?]
	at org.apache.hadoop.ozone.protocolPB.OzoneManagerRequestHandler.handleReadRequest(OzoneManagerRequestHandler.java:162) ~[ozone-manager-1.3.0-SNAPSHOT.jar:?]
	at org.apache.hadoop.ozone.protocolPB.OzoneManagerProtocolServerSideTranslatorPB.submitRequestDirectlyToOM(OzoneManagerProtocolServerSideTranslatorPB.java:284) ~[ozone-manager-1.3.0-SNAPSHOT.jar:?]
	at org.apache.hadoop.ozone.protocolPB.OzoneManagerProtocolServerSideTranslatorPB.processRequest(OzoneManagerProtocolServerSideTranslatorPB.java:207) ~[ozone-manager-1.3.0-SNAPSHOT.jar:?]
	at org.apache.hadoop.hdds.server.OzoneProtocolMessageDispatcher.processRequest(OzoneProtocolMessageDispatcher.java:87) [hdds-server-framework-1.3.0-SNAPSHOT.jar:?]
	at org.apache.hadoop.ozone.protocolPB.OzoneManagerProtocolServerSideTranslatorPB.submitRequest(OzoneManagerProtocolServerSideTranslatorPB.java:147) [ozone-manager-1.3.0-SNAPSHOT.jar:?]
	at org.apache.hadoop.ozone.protocol.proto.OzoneManagerProtocolProtos$OzoneManagerService$2.callBlockingMethod(OzoneManagerProtocolProtos.java) [ozone-interface-client-1.3.0-SNAPSHOT.jar:?]
	at org.apache.hadoop.ipc.ProtobufRpcEngine$Server.processCall(ProtobufRpcEngine.java:466) [hadoop-common-3.3.1.jar:?]
	at org.apache.hadoop.ipc.ProtobufRpcEngine2$Server$ProtoBufRpcInvoker.call(ProtobufRpcEngine2.java:574) [hadoop-common-3.3.1.jar:?]
	at org.apache.hadoop.ipc.ProtobufRpcEngine2$Server$ProtoBufRpcInvoker.call(ProtobufRpcEngine2.java:552) [hadoop-common-3.3.1.jar:?]
	at org.apache.hadoop.ipc.RPC$Server.call(RPC.java:1093) [hadoop-common-3.3.1.jar:?]
	at org.apache.hadoop.ipc.Server$RpcCall.run(Server.java:1035) [hadoop-common-3.3.1.jar:?]
	at org.apache.hadoop.ipc.Server$RpcCall.run(Server.java:963) [hadoop-common-3.3.1.jar:?]
	at java.security.AccessController.doPrivileged(Native Method) ~[?:1.8.0_332]
	at javax.security.auth.Subject.doAs(Subject.java:422) [?:1.8.0_332]
	at org.apache.hadoop.security.UserGroupInformation.doAs(UserGroupInformation.java:1878) [hadoop-common-3.3.1.jar:?]
	at org.apache.hadoop.ipc.Server$Handler.run(Server.java:2966) [hadoop-common-3.3.1.jar:?]
]]></system-out>
  </testcase>
  <testcase name="testRenameToParentDir" classname="TestRootedOzoneFileSystem" time="0.102">
    <system-out><![CDATA[2022-06-16 16:18:26,860 [Time-limited test] INFO  rpc.RpcClient (RpcClient.java:createVolume(466)) - Creating Volume: volume43995, with user90167 as owner and space quota set to -1 bytes, counts quota set to -1
2022-06-16 16:18:26,863 [OM StateMachine ApplyTransaction Thread - 0] INFO  volume.OMVolumeCreateRequest (OMVolumeCreateRequest.java:validateAndUpdateCache(195)) - created volume:volume43995 for user:user90167
2022-06-16 16:18:26,865 [Time-limited test] INFO  rpc.RpcClient (RpcClient.java:createBucket(666)) - Creating Bucket: volume43995/bucket70916, with the Bucket Layout LEGACY, runner as owner, Versioning false, Storage Type set to DISK and Encryption set to false 
2022-06-16 16:18:26,871 [OM StateMachine ApplyTransaction Thread - 0] INFO  bucket.OMBucketCreateRequest (OMBucketCreateRequest.java:validateAndUpdateCache(260)) - created bucket: bucket70916 of layout LEGACY in volume: volume43995
16:18:26.891 [IPC Server handler 7 on default port 37419] ERROR OMAudit - user=runner | ip=127.0.0.1 | op=LIST_STATUS {volume=volume43995, bucket=bucket70916, key=root_dir/dir2, dataSize=0, replicationConfig=null} | ret=FAILURE
org.apache.hadoop.ozone.om.exceptions.OMException: Unable to get file status: volume: volume43995 bucket: bucket70916 key: root_dir/dir2
	at org.apache.hadoop.ozone.om.KeyManagerImpl.getOzoneFileStatus(KeyManagerImpl.java:1283) ~[ozone-manager-1.3.0-SNAPSHOT.jar:?]
	at org.apache.hadoop.ozone.om.KeyManagerImpl.getFileStatus(KeyManagerImpl.java:1213) ~[ozone-manager-1.3.0-SNAPSHOT.jar:?]
	at org.apache.hadoop.ozone.om.KeyManagerImpl.listStatus(KeyManagerImpl.java:1537) ~[ozone-manager-1.3.0-SNAPSHOT.jar:?]
	at org.apache.hadoop.ozone.om.OzoneManager.listStatus(OzoneManager.java:3497) ~[ozone-manager-1.3.0-SNAPSHOT.jar:?]
	at org.apache.hadoop.ozone.protocolPB.OzoneManagerRequestHandler.listStatus(OzoneManagerRequestHandler.java:1028) ~[ozone-manager-1.3.0-SNAPSHOT.jar:?]
	at org.apache.hadoop.ozone.protocolPB.OzoneManagerRequestHandler.handleReadRequest(OzoneManagerRequestHandler.java:228) ~[ozone-manager-1.3.0-SNAPSHOT.jar:?]
	at org.apache.hadoop.ozone.protocolPB.OzoneManagerProtocolServerSideTranslatorPB.submitReadRequestToOM(OzoneManagerProtocolServerSideTranslatorPB.java:225) ~[ozone-manager-1.3.0-SNAPSHOT.jar:?]
	at org.apache.hadoop.ozone.protocolPB.OzoneManagerProtocolServerSideTranslatorPB.processRequest(OzoneManagerProtocolServerSideTranslatorPB.java:175) ~[ozone-manager-1.3.0-SNAPSHOT.jar:?]
	at org.apache.hadoop.hdds.server.OzoneProtocolMessageDispatcher.processRequest(OzoneProtocolMessageDispatcher.java:87) [hdds-server-framework-1.3.0-SNAPSHOT.jar:?]
	at org.apache.hadoop.ozone.protocolPB.OzoneManagerProtocolServerSideTranslatorPB.submitRequest(OzoneManagerProtocolServerSideTranslatorPB.java:147) [ozone-manager-1.3.0-SNAPSHOT.jar:?]
	at org.apache.hadoop.ozone.protocol.proto.OzoneManagerProtocolProtos$OzoneManagerService$2.callBlockingMethod(OzoneManagerProtocolProtos.java) [ozone-interface-client-1.3.0-SNAPSHOT.jar:?]
	at org.apache.hadoop.ipc.ProtobufRpcEngine$Server.processCall(ProtobufRpcEngine.java:466) [hadoop-common-3.3.1.jar:?]
	at org.apache.hadoop.ipc.ProtobufRpcEngine2$Server$ProtoBufRpcInvoker.call(ProtobufRpcEngine2.java:574) [hadoop-common-3.3.1.jar:?]
	at org.apache.hadoop.ipc.ProtobufRpcEngine2$Server$ProtoBufRpcInvoker.call(ProtobufRpcEngine2.java:552) [hadoop-common-3.3.1.jar:?]
	at org.apache.hadoop.ipc.RPC$Server.call(RPC.java:1093) [hadoop-common-3.3.1.jar:?]
	at org.apache.hadoop.ipc.Server$RpcCall.run(Server.java:1035) [hadoop-common-3.3.1.jar:?]
	at org.apache.hadoop.ipc.Server$RpcCall.run(Server.java:963) [hadoop-common-3.3.1.jar:?]
	at java.security.AccessController.doPrivileged(Native Method) ~[?:1.8.0_332]
	at javax.security.auth.Subject.doAs(Subject.java:422) [?:1.8.0_332]
	at org.apache.hadoop.security.UserGroupInformation.doAs(UserGroupInformation.java:1878) [hadoop-common-3.3.1.jar:?]
	at org.apache.hadoop.ipc.Server$Handler.run(Server.java:2966) [hadoop-common-3.3.1.jar:?]
16:18:26.908 [IPC Server handler 6 on default port 37419] ERROR OMAudit - user=runner | ip=127.0.0.1 | op=LIST_STATUS {volume=volume43995, bucket=bucket70916, key=root_dir/file2, dataSize=0, replicationConfig=null} | ret=FAILURE
org.apache.hadoop.ozone.om.exceptions.OMException: Unable to get file status: volume: volume43995 bucket: bucket70916 key: root_dir/file2
	at org.apache.hadoop.ozone.om.KeyManagerImpl.getOzoneFileStatus(KeyManagerImpl.java:1283) ~[ozone-manager-1.3.0-SNAPSHOT.jar:?]
	at org.apache.hadoop.ozone.om.KeyManagerImpl.getFileStatus(KeyManagerImpl.java:1213) ~[ozone-manager-1.3.0-SNAPSHOT.jar:?]
	at org.apache.hadoop.ozone.om.KeyManagerImpl.listStatus(KeyManagerImpl.java:1537) ~[ozone-manager-1.3.0-SNAPSHOT.jar:?]
	at org.apache.hadoop.ozone.om.OzoneManager.listStatus(OzoneManager.java:3497) ~[ozone-manager-1.3.0-SNAPSHOT.jar:?]
	at org.apache.hadoop.ozone.protocolPB.OzoneManagerRequestHandler.listStatus(OzoneManagerRequestHandler.java:1028) ~[ozone-manager-1.3.0-SNAPSHOT.jar:?]
	at org.apache.hadoop.ozone.protocolPB.OzoneManagerRequestHandler.handleReadRequest(OzoneManagerRequestHandler.java:228) ~[ozone-manager-1.3.0-SNAPSHOT.jar:?]
	at org.apache.hadoop.ozone.protocolPB.OzoneManagerProtocolServerSideTranslatorPB.submitReadRequestToOM(OzoneManagerProtocolServerSideTranslatorPB.java:225) ~[ozone-manager-1.3.0-SNAPSHOT.jar:?]
	at org.apache.hadoop.ozone.protocolPB.OzoneManagerProtocolServerSideTranslatorPB.processRequest(OzoneManagerProtocolServerSideTranslatorPB.java:175) ~[ozone-manager-1.3.0-SNAPSHOT.jar:?]
	at org.apache.hadoop.hdds.server.OzoneProtocolMessageDispatcher.processRequest(OzoneProtocolMessageDispatcher.java:87) [hdds-server-framework-1.3.0-SNAPSHOT.jar:?]
	at org.apache.hadoop.ozone.protocolPB.OzoneManagerProtocolServerSideTranslatorPB.submitRequest(OzoneManagerProtocolServerSideTranslatorPB.java:147) [ozone-manager-1.3.0-SNAPSHOT.jar:?]
	at org.apache.hadoop.ozone.protocol.proto.OzoneManagerProtocolProtos$OzoneManagerService$2.callBlockingMethod(OzoneManagerProtocolProtos.java) [ozone-interface-client-1.3.0-SNAPSHOT.jar:?]
	at org.apache.hadoop.ipc.ProtobufRpcEngine$Server.processCall(ProtobufRpcEngine.java:466) [hadoop-common-3.3.1.jar:?]
	at org.apache.hadoop.ipc.ProtobufRpcEngine2$Server$ProtoBufRpcInvoker.call(ProtobufRpcEngine2.java:574) [hadoop-common-3.3.1.jar:?]
	at org.apache.hadoop.ipc.ProtobufRpcEngine2$Server$ProtoBufRpcInvoker.call(ProtobufRpcEngine2.java:552) [hadoop-common-3.3.1.jar:?]
	at org.apache.hadoop.ipc.RPC$Server.call(RPC.java:1093) [hadoop-common-3.3.1.jar:?]
	at org.apache.hadoop.ipc.Server$RpcCall.run(Server.java:1035) [hadoop-common-3.3.1.jar:?]
	at org.apache.hadoop.ipc.Server$RpcCall.run(Server.java:963) [hadoop-common-3.3.1.jar:?]
	at java.security.AccessController.doPrivileged(Native Method) ~[?:1.8.0_332]
	at javax.security.auth.Subject.doAs(Subject.java:422) [?:1.8.0_332]
	at org.apache.hadoop.security.UserGroupInformation.doAs(UserGroupInformation.java:1878) [hadoop-common-3.3.1.jar:?]
	at org.apache.hadoop.ipc.Server$Handler.run(Server.java:2966) [hadoop-common-3.3.1.jar:?]
16:18:26.919 [IPC Server handler 14 on default port 37419] ERROR OMAudit - user=runner | ip=127.0.0.1 | op=GET_FILE_STATUS {volume=volume43995, bucket=bucket70916, key=root_dir/dir1/file2, dataSize=0, replicationConfig=null} | ret=FAILURE
org.apache.hadoop.ozone.om.exceptions.OMException: Unable to get file status: volume: volume43995 bucket: bucket70916 key: root_dir/dir1/file2
	at org.apache.hadoop.ozone.om.KeyManagerImpl.getOzoneFileStatus(KeyManagerImpl.java:1283) ~[ozone-manager-1.3.0-SNAPSHOT.jar:?]
	at org.apache.hadoop.ozone.om.KeyManagerImpl.getFileStatus(KeyManagerImpl.java:1213) ~[ozone-manager-1.3.0-SNAPSHOT.jar:?]
	at org.apache.hadoop.ozone.om.OzoneManager.getFileStatus(OzoneManager.java:3419) ~[ozone-manager-1.3.0-SNAPSHOT.jar:?]
	at org.apache.hadoop.ozone.protocolPB.OzoneManagerRequestHandler.getOzoneFileStatus(OzoneManagerRequestHandler.java:871) ~[ozone-manager-1.3.0-SNAPSHOT.jar:?]
	at org.apache.hadoop.ozone.protocolPB.OzoneManagerRequestHandler.handleReadRequest(OzoneManagerRequestHandler.java:217) ~[ozone-manager-1.3.0-SNAPSHOT.jar:?]
	at org.apache.hadoop.ozone.protocolPB.OzoneManagerProtocolServerSideTranslatorPB.submitReadRequestToOM(OzoneManagerProtocolServerSideTranslatorPB.java:225) ~[ozone-manager-1.3.0-SNAPSHOT.jar:?]
	at org.apache.hadoop.ozone.protocolPB.OzoneManagerProtocolServerSideTranslatorPB.processRequest(OzoneManagerProtocolServerSideTranslatorPB.java:175) ~[ozone-manager-1.3.0-SNAPSHOT.jar:?]
	at org.apache.hadoop.hdds.server.OzoneProtocolMessageDispatcher.processRequest(OzoneProtocolMessageDispatcher.java:87) [hdds-server-framework-1.3.0-SNAPSHOT.jar:?]
	at org.apache.hadoop.ozone.protocolPB.OzoneManagerProtocolServerSideTranslatorPB.submitRequest(OzoneManagerProtocolServerSideTranslatorPB.java:147) [ozone-manager-1.3.0-SNAPSHOT.jar:?]
	at org.apache.hadoop.ozone.protocol.proto.OzoneManagerProtocolProtos$OzoneManagerService$2.callBlockingMethod(OzoneManagerProtocolProtos.java) [ozone-interface-client-1.3.0-SNAPSHOT.jar:?]
	at org.apache.hadoop.ipc.ProtobufRpcEngine$Server.processCall(ProtobufRpcEngine.java:466) [hadoop-common-3.3.1.jar:?]
	at org.apache.hadoop.ipc.ProtobufRpcEngine2$Server$ProtoBufRpcInvoker.call(ProtobufRpcEngine2.java:574) [hadoop-common-3.3.1.jar:?]
	at org.apache.hadoop.ipc.ProtobufRpcEngine2$Server$ProtoBufRpcInvoker.call(ProtobufRpcEngine2.java:552) [hadoop-common-3.3.1.jar:?]
	at org.apache.hadoop.ipc.RPC$Server.call(RPC.java:1093) [hadoop-common-3.3.1.jar:?]
	at org.apache.hadoop.ipc.Server$RpcCall.run(Server.java:1035) [hadoop-common-3.3.1.jar:?]
	at org.apache.hadoop.ipc.Server$RpcCall.run(Server.java:963) [hadoop-common-3.3.1.jar:?]
	at java.security.AccessController.doPrivileged(Native Method) ~[?:1.8.0_332]
	at javax.security.auth.Subject.doAs(Subject.java:422) [?:1.8.0_332]
	at org.apache.hadoop.security.UserGroupInformation.doAs(UserGroupInformation.java:1878) [hadoop-common-3.3.1.jar:?]
	at org.apache.hadoop.ipc.Server$Handler.run(Server.java:2966) [hadoop-common-3.3.1.jar:?]
2022-06-16 16:18:26,919 [Time-limited test] WARN  ozone.BasicRootedOzoneFileSystem (BasicRootedOzoneFileSystem.java:delete(572)) - delete: Path does not exist: /volume43995/bucket70916/root_dir/dir1/file2
16:18:26.920 [IPC Server handler 2 on default port 37419] ERROR OMAudit - user=runner | ip=127.0.0.1 | op=GET_FILE_STATUS {volume=volume43995, bucket=bucket70916, key=root_dir/dir1/dir2, dataSize=0, replicationConfig=null} | ret=FAILURE
org.apache.hadoop.ozone.om.exceptions.OMException: Unable to get file status: volume: volume43995 bucket: bucket70916 key: root_dir/dir1/dir2
	at org.apache.hadoop.ozone.om.KeyManagerImpl.getOzoneFileStatus(KeyManagerImpl.java:1283) ~[ozone-manager-1.3.0-SNAPSHOT.jar:?]
	at org.apache.hadoop.ozone.om.KeyManagerImpl.getFileStatus(KeyManagerImpl.java:1213) ~[ozone-manager-1.3.0-SNAPSHOT.jar:?]
	at org.apache.hadoop.ozone.om.OzoneManager.getFileStatus(OzoneManager.java:3419) ~[ozone-manager-1.3.0-SNAPSHOT.jar:?]
	at org.apache.hadoop.ozone.protocolPB.OzoneManagerRequestHandler.getOzoneFileStatus(OzoneManagerRequestHandler.java:871) ~[ozone-manager-1.3.0-SNAPSHOT.jar:?]
	at org.apache.hadoop.ozone.protocolPB.OzoneManagerRequestHandler.handleReadRequest(OzoneManagerRequestHandler.java:217) ~[ozone-manager-1.3.0-SNAPSHOT.jar:?]
	at org.apache.hadoop.ozone.protocolPB.OzoneManagerProtocolServerSideTranslatorPB.submitReadRequestToOM(OzoneManagerProtocolServerSideTranslatorPB.java:225) ~[ozone-manager-1.3.0-SNAPSHOT.jar:?]
	at org.apache.hadoop.ozone.protocolPB.OzoneManagerProtocolServerSideTranslatorPB.processRequest(OzoneManagerProtocolServerSideTranslatorPB.java:175) ~[ozone-manager-1.3.0-SNAPSHOT.jar:?]
	at org.apache.hadoop.hdds.server.OzoneProtocolMessageDispatcher.processRequest(OzoneProtocolMessageDispatcher.java:87) [hdds-server-framework-1.3.0-SNAPSHOT.jar:?]
	at org.apache.hadoop.ozone.protocolPB.OzoneManagerProtocolServerSideTranslatorPB.submitRequest(OzoneManagerProtocolServerSideTranslatorPB.java:147) [ozone-manager-1.3.0-SNAPSHOT.jar:?]
	at org.apache.hadoop.ozone.protocol.proto.OzoneManagerProtocolProtos$OzoneManagerService$2.callBlockingMethod(OzoneManagerProtocolProtos.java) [ozone-interface-client-1.3.0-SNAPSHOT.jar:?]
	at org.apache.hadoop.ipc.ProtobufRpcEngine$Server.processCall(ProtobufRpcEngine.java:466) [hadoop-common-3.3.1.jar:?]
	at org.apache.hadoop.ipc.ProtobufRpcEngine2$Server$ProtoBufRpcInvoker.call(ProtobufRpcEngine2.java:574) [hadoop-common-3.3.1.jar:?]
	at org.apache.hadoop.ipc.ProtobufRpcEngine2$Server$ProtoBufRpcInvoker.call(ProtobufRpcEngine2.java:552) [hadoop-common-3.3.1.jar:?]
	at org.apache.hadoop.ipc.RPC$Server.call(RPC.java:1093) [hadoop-common-3.3.1.jar:?]
	at org.apache.hadoop.ipc.Server$RpcCall.run(Server.java:1035) [hadoop-common-3.3.1.jar:?]
	at org.apache.hadoop.ipc.Server$RpcCall.run(Server.java:963) [hadoop-common-3.3.1.jar:?]
	at java.security.AccessController.doPrivileged(Native Method) ~[?:1.8.0_332]
	at javax.security.auth.Subject.doAs(Subject.java:422) [?:1.8.0_332]
	at org.apache.hadoop.security.UserGroupInformation.doAs(UserGroupInformation.java:1878) [hadoop-common-3.3.1.jar:?]
	at org.apache.hadoop.ipc.Server$Handler.run(Server.java:2966) [hadoop-common-3.3.1.jar:?]
2022-06-16 16:18:26,921 [Time-limited test] WARN  ozone.BasicRootedOzoneFileSystem (BasicRootedOzoneFileSystem.java:delete(572)) - delete: Path does not exist: /volume43995/bucket70916/root_dir/dir1/dir2
]]></system-out>
  </testcase>
  <testcase name="testRenameToParentDir" classname="TestRootedOzoneFileSystem" time="0.164">
    <system-out><![CDATA[2022-06-16 16:19:30,920 [Time-limited test] INFO  rpc.RpcClient (RpcClient.java:createVolume(466)) - Creating Volume: volume65159, with user03527 as owner and space quota set to -1 bytes, counts quota set to -1
2022-06-16 16:19:30,935 [OM StateMachine ApplyTransaction Thread - 0] INFO  volume.OMVolumeCreateRequest (OMVolumeCreateRequest.java:validateAndUpdateCache(195)) - created volume:volume65159 for user:user03527
2022-06-16 16:19:30,935 [Time-limited test] INFO  rpc.RpcClient (RpcClient.java:createBucket(666)) - Creating Bucket: volume65159/bucket79324, with the Bucket Layout LEGACY, runner as owner, Versioning false, Storage Type set to DISK and Encryption set to false 
2022-06-16 16:19:30,937 [OM StateMachine ApplyTransaction Thread - 0] INFO  bucket.OMBucketCreateRequest (OMBucketCreateRequest.java:validateAndUpdateCache(260)) - created bucket: bucket79324 of layout LEGACY in volume: volume65159
16:19:30.947 [IPC Server handler 12 on default port 34065] ERROR OMAudit - user=runner | ip=127.0.0.1 | op=LIST_STATUS {volume=volume65159, bucket=bucket79324, key=root_dir/dir2, dataSize=0, replicationConfig=null} | ret=FAILURE
org.apache.hadoop.ozone.om.exceptions.OMException: Unable to get file status: volume: volume65159 bucket: bucket79324 key: root_dir/dir2
	at org.apache.hadoop.ozone.om.KeyManagerImpl.getOzoneFileStatus(KeyManagerImpl.java:1283) ~[ozone-manager-1.3.0-SNAPSHOT.jar:?]
	at org.apache.hadoop.ozone.om.KeyManagerImpl.getFileStatus(KeyManagerImpl.java:1213) ~[ozone-manager-1.3.0-SNAPSHOT.jar:?]
	at org.apache.hadoop.ozone.om.KeyManagerImpl.listStatus(KeyManagerImpl.java:1537) ~[ozone-manager-1.3.0-SNAPSHOT.jar:?]
	at org.apache.hadoop.ozone.om.OzoneManager.listStatus(OzoneManager.java:3497) ~[ozone-manager-1.3.0-SNAPSHOT.jar:?]
	at org.apache.hadoop.ozone.protocolPB.OzoneManagerRequestHandler.listStatus(OzoneManagerRequestHandler.java:1028) ~[ozone-manager-1.3.0-SNAPSHOT.jar:?]
	at org.apache.hadoop.ozone.protocolPB.OzoneManagerRequestHandler.handleReadRequest(OzoneManagerRequestHandler.java:228) ~[ozone-manager-1.3.0-SNAPSHOT.jar:?]
	at org.apache.hadoop.ozone.protocolPB.OzoneManagerProtocolServerSideTranslatorPB.submitReadRequestToOM(OzoneManagerProtocolServerSideTranslatorPB.java:225) ~[ozone-manager-1.3.0-SNAPSHOT.jar:?]
	at org.apache.hadoop.ozone.protocolPB.OzoneManagerProtocolServerSideTranslatorPB.processRequest(OzoneManagerProtocolServerSideTranslatorPB.java:175) ~[ozone-manager-1.3.0-SNAPSHOT.jar:?]
	at org.apache.hadoop.hdds.server.OzoneProtocolMessageDispatcher.processRequest(OzoneProtocolMessageDispatcher.java:87) [hdds-server-framework-1.3.0-SNAPSHOT.jar:?]
	at org.apache.hadoop.ozone.protocolPB.OzoneManagerProtocolServerSideTranslatorPB.submitRequest(OzoneManagerProtocolServerSideTranslatorPB.java:147) [ozone-manager-1.3.0-SNAPSHOT.jar:?]
	at org.apache.hadoop.ozone.protocol.proto.OzoneManagerProtocolProtos$OzoneManagerService$2.callBlockingMethod(OzoneManagerProtocolProtos.java) [ozone-interface-client-1.3.0-SNAPSHOT.jar:?]
	at org.apache.hadoop.ipc.ProtobufRpcEngine$Server.processCall(ProtobufRpcEngine.java:466) [hadoop-common-3.3.1.jar:?]
	at org.apache.hadoop.ipc.ProtobufRpcEngine2$Server$ProtoBufRpcInvoker.call(ProtobufRpcEngine2.java:574) [hadoop-common-3.3.1.jar:?]
	at org.apache.hadoop.ipc.ProtobufRpcEngine2$Server$ProtoBufRpcInvoker.call(ProtobufRpcEngine2.java:552) [hadoop-common-3.3.1.jar:?]
	at org.apache.hadoop.ipc.RPC$Server.call(RPC.java:1093) [hadoop-common-3.3.1.jar:?]
	at org.apache.hadoop.ipc.Server$RpcCall.run(Server.java:1035) [hadoop-common-3.3.1.jar:?]
	at org.apache.hadoop.ipc.Server$RpcCall.run(Server.java:963) [hadoop-common-3.3.1.jar:?]
	at java.security.AccessController.doPrivileged(Native Method) ~[?:1.8.0_332]
	at javax.security.auth.Subject.doAs(Subject.java:422) [?:1.8.0_332]
	at org.apache.hadoop.security.UserGroupInformation.doAs(UserGroupInformation.java:1878) [hadoop-common-3.3.1.jar:?]
	at org.apache.hadoop.ipc.Server$Handler.run(Server.java:2966) [hadoop-common-3.3.1.jar:?]
16:19:30.954 [IPC Server handler 6 on default port 34065] ERROR OMAudit - user=runner | ip=127.0.0.1 | op=LIST_STATUS {volume=volume65159, bucket=bucket79324, key=root_dir/file2, dataSize=0, replicationConfig=null} | ret=FAILURE
org.apache.hadoop.ozone.om.exceptions.OMException: Unable to get file status: volume: volume65159 bucket: bucket79324 key: root_dir/file2
	at org.apache.hadoop.ozone.om.KeyManagerImpl.getOzoneFileStatus(KeyManagerImpl.java:1283) ~[ozone-manager-1.3.0-SNAPSHOT.jar:?]
	at org.apache.hadoop.ozone.om.KeyManagerImpl.getFileStatus(KeyManagerImpl.java:1213) ~[ozone-manager-1.3.0-SNAPSHOT.jar:?]
	at org.apache.hadoop.ozone.om.KeyManagerImpl.listStatus(KeyManagerImpl.java:1537) ~[ozone-manager-1.3.0-SNAPSHOT.jar:?]
	at org.apache.hadoop.ozone.om.OzoneManager.listStatus(OzoneManager.java:3497) ~[ozone-manager-1.3.0-SNAPSHOT.jar:?]
	at org.apache.hadoop.ozone.protocolPB.OzoneManagerRequestHandler.listStatus(OzoneManagerRequestHandler.java:1028) ~[ozone-manager-1.3.0-SNAPSHOT.jar:?]
	at org.apache.hadoop.ozone.protocolPB.OzoneManagerRequestHandler.handleReadRequest(OzoneManagerRequestHandler.java:228) ~[ozone-manager-1.3.0-SNAPSHOT.jar:?]
	at org.apache.hadoop.ozone.protocolPB.OzoneManagerProtocolServerSideTranslatorPB.submitReadRequestToOM(OzoneManagerProtocolServerSideTranslatorPB.java:225) ~[ozone-manager-1.3.0-SNAPSHOT.jar:?]
	at org.apache.hadoop.ozone.protocolPB.OzoneManagerProtocolServerSideTranslatorPB.processRequest(OzoneManagerProtocolServerSideTranslatorPB.java:175) ~[ozone-manager-1.3.0-SNAPSHOT.jar:?]
	at org.apache.hadoop.hdds.server.OzoneProtocolMessageDispatcher.processRequest(OzoneProtocolMessageDispatcher.java:87) [hdds-server-framework-1.3.0-SNAPSHOT.jar:?]
	at org.apache.hadoop.ozone.protocolPB.OzoneManagerProtocolServerSideTranslatorPB.submitRequest(OzoneManagerProtocolServerSideTranslatorPB.java:147) [ozone-manager-1.3.0-SNAPSHOT.jar:?]
	at org.apache.hadoop.ozone.protocol.proto.OzoneManagerProtocolProtos$OzoneManagerService$2.callBlockingMethod(OzoneManagerProtocolProtos.java) [ozone-interface-client-1.3.0-SNAPSHOT.jar:?]
	at org.apache.hadoop.ipc.ProtobufRpcEngine$Server.processCall(ProtobufRpcEngine.java:466) [hadoop-common-3.3.1.jar:?]
	at org.apache.hadoop.ipc.ProtobufRpcEngine2$Server$ProtoBufRpcInvoker.call(ProtobufRpcEngine2.java:574) [hadoop-common-3.3.1.jar:?]
	at org.apache.hadoop.ipc.ProtobufRpcEngine2$Server$ProtoBufRpcInvoker.call(ProtobufRpcEngine2.java:552) [hadoop-common-3.3.1.jar:?]
	at org.apache.hadoop.ipc.RPC$Server.call(RPC.java:1093) [hadoop-common-3.3.1.jar:?]
	at org.apache.hadoop.ipc.Server$RpcCall.run(Server.java:1035) [hadoop-common-3.3.1.jar:?]
	at org.apache.hadoop.ipc.Server$RpcCall.run(Server.java:963) [hadoop-common-3.3.1.jar:?]
	at java.security.AccessController.doPrivileged(Native Method) ~[?:1.8.0_332]
	at javax.security.auth.Subject.doAs(Subject.java:422) [?:1.8.0_332]
	at org.apache.hadoop.security.UserGroupInformation.doAs(UserGroupInformation.java:1878) [hadoop-common-3.3.1.jar:?]
	at org.apache.hadoop.ipc.Server$Handler.run(Server.java:2966) [hadoop-common-3.3.1.jar:?]
16:19:30.959 [IPC Server handler 16 on default port 34065] ERROR OMAudit - user=runner | ip=127.0.0.1 | op=GET_FILE_STATUS {volume=volume65159, bucket=bucket79324, key=root_dir/dir1/file2, dataSize=0, replicationConfig=null} | ret=FAILURE
org.apache.hadoop.ozone.om.exceptions.OMException: Unable to get file status: volume: volume65159 bucket: bucket79324 key: root_dir/dir1/file2
	at org.apache.hadoop.ozone.om.KeyManagerImpl.getOzoneFileStatus(KeyManagerImpl.java:1283) ~[ozone-manager-1.3.0-SNAPSHOT.jar:?]
	at org.apache.hadoop.ozone.om.KeyManagerImpl.getFileStatus(KeyManagerImpl.java:1213) ~[ozone-manager-1.3.0-SNAPSHOT.jar:?]
	at org.apache.hadoop.ozone.om.OzoneManager.getFileStatus(OzoneManager.java:3419) ~[ozone-manager-1.3.0-SNAPSHOT.jar:?]
	at org.apache.hadoop.ozone.protocolPB.OzoneManagerRequestHandler.getOzoneFileStatus(OzoneManagerRequestHandler.java:871) ~[ozone-manager-1.3.0-SNAPSHOT.jar:?]
	at org.apache.hadoop.ozone.protocolPB.OzoneManagerRequestHandler.handleReadRequest(OzoneManagerRequestHandler.java:217) ~[ozone-manager-1.3.0-SNAPSHOT.jar:?]
	at org.apache.hadoop.ozone.protocolPB.OzoneManagerProtocolServerSideTranslatorPB.submitReadRequestToOM(OzoneManagerProtocolServerSideTranslatorPB.java:225) ~[ozone-manager-1.3.0-SNAPSHOT.jar:?]
	at org.apache.hadoop.ozone.protocolPB.OzoneManagerProtocolServerSideTranslatorPB.processRequest(OzoneManagerProtocolServerSideTranslatorPB.java:175) ~[ozone-manager-1.3.0-SNAPSHOT.jar:?]
	at org.apache.hadoop.hdds.server.OzoneProtocolMessageDispatcher.processRequest(OzoneProtocolMessageDispatcher.java:87) [hdds-server-framework-1.3.0-SNAPSHOT.jar:?]
	at org.apache.hadoop.ozone.protocolPB.OzoneManagerProtocolServerSideTranslatorPB.submitRequest(OzoneManagerProtocolServerSideTranslatorPB.java:147) [ozone-manager-1.3.0-SNAPSHOT.jar:?]
	at org.apache.hadoop.ozone.protocol.proto.OzoneManagerProtocolProtos$OzoneManagerService$2.callBlockingMethod(OzoneManagerProtocolProtos.java) [ozone-interface-client-1.3.0-SNAPSHOT.jar:?]
	at org.apache.hadoop.ipc.ProtobufRpcEngine$Server.processCall(ProtobufRpcEngine.java:466) [hadoop-common-3.3.1.jar:?]
	at org.apache.hadoop.ipc.ProtobufRpcEngine2$Server$ProtoBufRpcInvoker.call(ProtobufRpcEngine2.java:574) [hadoop-common-3.3.1.jar:?]
	at org.apache.hadoop.ipc.ProtobufRpcEngine2$Server$ProtoBufRpcInvoker.call(ProtobufRpcEngine2.java:552) [hadoop-common-3.3.1.jar:?]
	at org.apache.hadoop.ipc.RPC$Server.call(RPC.java:1093) [hadoop-common-3.3.1.jar:?]
	at org.apache.hadoop.ipc.Server$RpcCall.run(Server.java:1035) [hadoop-common-3.3.1.jar:?]
	at org.apache.hadoop.ipc.Server$RpcCall.run(Server.java:963) [hadoop-common-3.3.1.jar:?]
	at java.security.AccessController.doPrivileged(Native Method) ~[?:1.8.0_332]
	at javax.security.auth.Subject.doAs(Subject.java:422) [?:1.8.0_332]
	at org.apache.hadoop.security.UserGroupInformation.doAs(UserGroupInformation.java:1878) [hadoop-common-3.3.1.jar:?]
	at org.apache.hadoop.ipc.Server$Handler.run(Server.java:2966) [hadoop-common-3.3.1.jar:?]
2022-06-16 16:19:30,959 [Time-limited test] WARN  ozone.BasicRootedOzoneFileSystem (BasicRootedOzoneFileSystem.java:delete(572)) - delete: Path does not exist: /volume65159/bucket79324/root_dir/dir1/file2
16:19:30.962 [IPC Server handler 11 on default port 34065] ERROR OMAudit - user=runner | ip=127.0.0.1 | op=GET_FILE_STATUS {volume=volume65159, bucket=bucket79324, key=root_dir/dir1/dir2, dataSize=0, replicationConfig=null} | ret=FAILURE
org.apache.hadoop.ozone.om.exceptions.OMException: Unable to get file status: volume: volume65159 bucket: bucket79324 key: root_dir/dir1/dir2
	at org.apache.hadoop.ozone.om.KeyManagerImpl.getOzoneFileStatus(KeyManagerImpl.java:1283) ~[ozone-manager-1.3.0-SNAPSHOT.jar:?]
	at org.apache.hadoop.ozone.om.KeyManagerImpl.getFileStatus(KeyManagerImpl.java:1213) ~[ozone-manager-1.3.0-SNAPSHOT.jar:?]
	at org.apache.hadoop.ozone.om.OzoneManager.getFileStatus(OzoneManager.java:3419) ~[ozone-manager-1.3.0-SNAPSHOT.jar:?]
	at org.apache.hadoop.ozone.protocolPB.OzoneManagerRequestHandler.getOzoneFileStatus(OzoneManagerRequestHandler.java:871) ~[ozone-manager-1.3.0-SNAPSHOT.jar:?]
	at org.apache.hadoop.ozone.protocolPB.OzoneManagerRequestHandler.handleReadRequest(OzoneManagerRequestHandler.java:217) ~[ozone-manager-1.3.0-SNAPSHOT.jar:?]
	at org.apache.hadoop.ozone.protocolPB.OzoneManagerProtocolServerSideTranslatorPB.submitReadRequestToOM(OzoneManagerProtocolServerSideTranslatorPB.java:225) ~[ozone-manager-1.3.0-SNAPSHOT.jar:?]
	at org.apache.hadoop.ozone.protocolPB.OzoneManagerProtocolServerSideTranslatorPB.processRequest(OzoneManagerProtocolServerSideTranslatorPB.java:175) ~[ozone-manager-1.3.0-SNAPSHOT.jar:?]
	at org.apache.hadoop.hdds.server.OzoneProtocolMessageDispatcher.processRequest(OzoneProtocolMessageDispatcher.java:87) [hdds-server-framework-1.3.0-SNAPSHOT.jar:?]
	at org.apache.hadoop.ozone.protocolPB.OzoneManagerProtocolServerSideTranslatorPB.submitRequest(OzoneManagerProtocolServerSideTranslatorPB.java:147) [ozone-manager-1.3.0-SNAPSHOT.jar:?]
	at org.apache.hadoop.ozone.protocol.proto.OzoneManagerProtocolProtos$OzoneManagerService$2.callBlockingMethod(OzoneManagerProtocolProtos.java) [ozone-interface-client-1.3.0-SNAPSHOT.jar:?]
	at org.apache.hadoop.ipc.ProtobufRpcEngine$Server.processCall(ProtobufRpcEngine.java:466) [hadoop-common-3.3.1.jar:?]
	at org.apache.hadoop.ipc.ProtobufRpcEngine2$Server$ProtoBufRpcInvoker.call(ProtobufRpcEngine2.java:574) [hadoop-common-3.3.1.jar:?]
	at org.apache.hadoop.ipc.ProtobufRpcEngine2$Server$ProtoBufRpcInvoker.call(ProtobufRpcEngine2.java:552) [hadoop-common-3.3.1.jar:?]
	at org.apache.hadoop.ipc.RPC$Server.call(RPC.java:1093) [hadoop-common-3.3.1.jar:?]
	at org.apache.hadoop.ipc.Server$RpcCall.run(Server.java:1035) [hadoop-common-3.3.1.jar:?]
	at org.apache.hadoop.ipc.Server$RpcCall.run(Server.java:963) [hadoop-common-3.3.1.jar:?]
	at java.security.AccessController.doPrivileged(Native Method) ~[?:1.8.0_332]
	at javax.security.auth.Subject.doAs(Subject.java:422) [?:1.8.0_332]
	at org.apache.hadoop.security.UserGroupInformation.doAs(UserGroupInformation.java:1878) [hadoop-common-3.3.1.jar:?]
	at org.apache.hadoop.ipc.Server$Handler.run(Server.java:2966) [hadoop-common-3.3.1.jar:?]
2022-06-16 16:19:30,962 [Time-limited test] WARN  ozone.BasicRootedOzoneFileSystem (BasicRootedOzoneFileSystem.java:delete(572)) - delete: Path does not exist: /volume65159/bucket79324/root_dir/dir1/dir2
]]></system-out>
  </testcase>
  <testcase name="testRenameToParentDir" classname="TestRootedOzoneFileSystem" time="0.209">
    <system-out><![CDATA[2022-06-16 16:20:43,035 [dd1ed5e2-20b8-410c-8deb-f61f3310736b-server-thread1] INFO  server.RaftServer$Division (ServerState.java:setRaftConf(393)) - dd1ed5e2-20b8-410c-8deb-f61f3310736b@group-DCAA11744DDA: set configuration 0: [6087f466-757b-41fa-a219-681e056adf4c|rpc:10.1.0.16:40815|dataStream:|priority:1, dd1ed5e2-20b8-410c-8deb-f61f3310736b|rpc:10.1.0.16:35117|dataStream:|priority:0, 835188e7-dd17-483f-9194-07b8bd68eba8|rpc:10.1.0.16:32931|dataStream:|priority:0], old=null
2022-06-16 16:20:43,035 [dd1ed5e2-20b8-410c-8deb-f61f3310736b-server-thread1] INFO  segmented.SegmentedRaftLogWorker (SegmentedRaftLogWorker.java:startLogSegment(425)) - dd1ed5e2-20b8-410c-8deb-f61f3310736b@group-DCAA11744DDA-SegmentedRaftLogWorker: Starting segment from index:0
2022-06-16 16:20:43,037 [835188e7-dd17-483f-9194-07b8bd68eba8@group-DCAA11744DDA-LeaderElection45] INFO  impl.LeaderElection (LeaderElection.java:logAndReturn(90)) - 835188e7-dd17-483f-9194-07b8bd68eba8@group-DCAA11744DDA-LeaderElection45: ELECTION REJECTED received 0 response(s) and 0 exception(s):
2022-06-16 16:20:43,037 [835188e7-dd17-483f-9194-07b8bd68eba8@group-DCAA11744DDA-LeaderElection45] INFO  impl.LeaderElection (LeaderElection.java:askForVotes(312)) - 835188e7-dd17-483f-9194-07b8bd68eba8@group-DCAA11744DDA-LeaderElection45 ELECTION round 0: result REJECTED
2022-06-16 16:20:43,037 [835188e7-dd17-483f-9194-07b8bd68eba8-server-thread1] INFO  ratis.XceiverServerRatis (XceiverServerRatis.java:handleLeaderChangedNotification(863)) - Leader change notification received for group: group-DCAA11744DDA with new leaderId: 6087f466-757b-41fa-a219-681e056adf4c
2022-06-16 16:20:43,086 [835188e7-dd17-483f-9194-07b8bd68eba8-server-thread1] INFO  server.RaftServer$Division (ServerState.java:setLeader(287)) - 835188e7-dd17-483f-9194-07b8bd68eba8@group-DCAA11744DDA: change Leader from null to 6087f466-757b-41fa-a219-681e056adf4c at term 3 for appendEntries, leader elected after 15447ms
2022-06-16 16:20:43,086 [dd1ed5e2-20b8-410c-8deb-f61f3310736b@group-DCAA11744DDA-SegmentedRaftLogWorker] INFO  segmented.SegmentedRaftLogWorker (SegmentedRaftLogWorker.java:execute(629)) - dd1ed5e2-20b8-410c-8deb-f61f3310736b@group-DCAA11744DDA-SegmentedRaftLogWorker: created new log segment /home/runner/work/ozone/ozone/hadoop-ozone/integration-test/target/test-dir/MiniOzoneClusterImpl-98dd81b9-deed-4f2d-abd5-65bd0f491ac9/datanode-0/data/ratis/fbef6c51-3433-4c29-b302-dcaa11744dda/current/log_inprogress_0
2022-06-16 16:20:43,042 [grpc-default-executor-2] INFO  server.RaftServer$Division (RaftServerImpl.java:requestVote(1152)) - 6087f466-757b-41fa-a219-681e056adf4c@group-DCAA11744DDA: receive requestVote(ELECTION, 835188e7-dd17-483f-9194-07b8bd68eba8, group-DCAA11744DDA, 3, (t:0, i:0))
2022-06-16 16:20:43,087 [grpc-default-executor-2] INFO  impl.VoteContext (VoteContext.java:log(48)) - 6087f466-757b-41fa-a219-681e056adf4c@group-DCAA11744DDA-LEADER: reject ELECTION from 835188e7-dd17-483f-9194-07b8bd68eba8: already has voted for 6087f466-757b-41fa-a219-681e056adf4c at current term 3
2022-06-16 16:20:43,087 [grpc-default-executor-2] INFO  server.RaftServer$Division (RaftServerImpl.java:requestVote(1184)) - 6087f466-757b-41fa-a219-681e056adf4c@group-DCAA11744DDA replies to ELECTION vote request: 835188e7-dd17-483f-9194-07b8bd68eba8<-6087f466-757b-41fa-a219-681e056adf4c#0:FAIL-t3. Peer's state: 6087f466-757b-41fa-a219-681e056adf4c@group-DCAA11744DDA:t3, leader=6087f466-757b-41fa-a219-681e056adf4c, voted=6087f466-757b-41fa-a219-681e056adf4c, raftlog=6087f466-757b-41fa-a219-681e056adf4c@group-DCAA11744DDA-SegmentedRaftLog:OPENED:c0, conf=0: [6087f466-757b-41fa-a219-681e056adf4c|rpc:10.1.0.16:40815|dataStream:|priority:1, dd1ed5e2-20b8-410c-8deb-f61f3310736b|rpc:10.1.0.16:35117|dataStream:|priority:0, 835188e7-dd17-483f-9194-07b8bd68eba8|rpc:10.1.0.16:32931|dataStream:|priority:0], old=null
2022-06-16 16:20:43,142 [grpc-default-executor-0] INFO  server.RaftServer$Division (RaftServerImpl.java:requestVote(1152)) - dd1ed5e2-20b8-410c-8deb-f61f3310736b@group-DCAA11744DDA: receive requestVote(ELECTION, 835188e7-dd17-483f-9194-07b8bd68eba8, group-DCAA11744DDA, 3, (t:0, i:0))
2022-06-16 16:20:43,142 [835188e7-dd17-483f-9194-07b8bd68eba8-server-thread1] INFO  server.RaftServer$Division (ServerState.java:setRaftConf(393)) - 835188e7-dd17-483f-9194-07b8bd68eba8@group-DCAA11744DDA: set configuration 0: [6087f466-757b-41fa-a219-681e056adf4c|rpc:10.1.0.16:40815|dataStream:|priority:1, dd1ed5e2-20b8-410c-8deb-f61f3310736b|rpc:10.1.0.16:35117|dataStream:|priority:0, 835188e7-dd17-483f-9194-07b8bd68eba8|rpc:10.1.0.16:32931|dataStream:|priority:0], old=null
2022-06-16 16:20:43,142 [835188e7-dd17-483f-9194-07b8bd68eba8-server-thread1] INFO  segmented.SegmentedRaftLogWorker (SegmentedRaftLogWorker.java:startLogSegment(425)) - 835188e7-dd17-483f-9194-07b8bd68eba8@group-DCAA11744DDA-SegmentedRaftLogWorker: Starting segment from index:0
2022-06-16 16:20:43,144 [835188e7-dd17-483f-9194-07b8bd68eba8@group-DCAA11744DDA-SegmentedRaftLogWorker] INFO  segmented.SegmentedRaftLogWorker (SegmentedRaftLogWorker.java:execute(629)) - 835188e7-dd17-483f-9194-07b8bd68eba8@group-DCAA11744DDA-SegmentedRaftLogWorker: created new log segment /home/runner/work/ozone/ozone/hadoop-ozone/integration-test/target/test-dir/MiniOzoneClusterImpl-98dd81b9-deed-4f2d-abd5-65bd0f491ac9/datanode-2/data/ratis/fbef6c51-3433-4c29-b302-dcaa11744dda/current/log_inprogress_0
2022-06-16 16:20:43,153 [grpc-default-executor-0] INFO  impl.VoteContext (VoteContext.java:log(48)) - dd1ed5e2-20b8-410c-8deb-f61f3310736b@group-DCAA11744DDA-FOLLOWER: reject ELECTION from 835188e7-dd17-483f-9194-07b8bd68eba8: already has voted for 6087f466-757b-41fa-a219-681e056adf4c at current term 3
2022-06-16 16:20:43,153 [grpc-default-executor-0] INFO  server.RaftServer$Division (RaftServerImpl.java:requestVote(1184)) - dd1ed5e2-20b8-410c-8deb-f61f3310736b@group-DCAA11744DDA replies to ELECTION vote request: 835188e7-dd17-483f-9194-07b8bd68eba8<-dd1ed5e2-20b8-410c-8deb-f61f3310736b#0:FAIL-t3. Peer's state: dd1ed5e2-20b8-410c-8deb-f61f3310736b@group-DCAA11744DDA:t3, leader=6087f466-757b-41fa-a219-681e056adf4c, voted=6087f466-757b-41fa-a219-681e056adf4c, raftlog=dd1ed5e2-20b8-410c-8deb-f61f3310736b@group-DCAA11744DDA-SegmentedRaftLog:OPENED:c0, conf=0: [6087f466-757b-41fa-a219-681e056adf4c|rpc:10.1.0.16:40815|dataStream:|priority:1, dd1ed5e2-20b8-410c-8deb-f61f3310736b|rpc:10.1.0.16:35117|dataStream:|priority:0, 835188e7-dd17-483f-9194-07b8bd68eba8|rpc:10.1.0.16:32931|dataStream:|priority:0], old=null
2022-06-16 16:20:43,156 [Time-limited test] INFO  rpc.RpcClient (RpcClient.java:createVolume(466)) - Creating Volume: volume91572, with user05172 as owner and space quota set to -1 bytes, counts quota set to -1
2022-06-16 16:20:43,157 [IPC Server handler 13 on default port 42069] INFO  volume.OMVolumeCreateRequest (OMVolumeCreateRequest.java:validateAndUpdateCache(195)) - created volume:volume91572 for user:user05172
2022-06-16 16:20:43,164 [Time-limited test] INFO  rpc.RpcClient (RpcClient.java:createBucket(666)) - Creating Bucket: volume91572/bucket68167, with the Bucket Layout LEGACY, runner as owner, Versioning false, Storage Type set to DISK and Encryption set to false 
2022-06-16 16:20:43,164 [IPC Server handler 15 on default port 42069] INFO  bucket.OMBucketCreateRequest (OMBucketCreateRequest.java:validateAndUpdateCache(260)) - created bucket: bucket68167 of layout LEGACY in volume: volume91572
16:20:43.194 [IPC Server handler 8 on default port 42069] ERROR OMAudit - user=runner | ip=127.0.0.1 | op=LIST_STATUS {volume=volume91572, bucket=bucket68167, key=root_dir/dir2, dataSize=0, replicationConfig=null} | ret=FAILURE
org.apache.hadoop.ozone.om.exceptions.OMException: Unable to get file status: volume: volume91572 bucket: bucket68167 key: root_dir/dir2
	at org.apache.hadoop.ozone.om.KeyManagerImpl.getOzoneFileStatus(KeyManagerImpl.java:1283) ~[ozone-manager-1.3.0-SNAPSHOT.jar:?]
	at org.apache.hadoop.ozone.om.KeyManagerImpl.getFileStatus(KeyManagerImpl.java:1213) ~[ozone-manager-1.3.0-SNAPSHOT.jar:?]
	at org.apache.hadoop.ozone.om.KeyManagerImpl.listStatus(KeyManagerImpl.java:1537) ~[ozone-manager-1.3.0-SNAPSHOT.jar:?]
	at org.apache.hadoop.ozone.om.OzoneManager.listStatus(OzoneManager.java:3497) ~[ozone-manager-1.3.0-SNAPSHOT.jar:?]
	at org.apache.hadoop.ozone.protocolPB.OzoneManagerRequestHandler.listStatus(OzoneManagerRequestHandler.java:1028) ~[ozone-manager-1.3.0-SNAPSHOT.jar:?]
	at org.apache.hadoop.ozone.protocolPB.OzoneManagerRequestHandler.handleReadRequest(OzoneManagerRequestHandler.java:228) ~[ozone-manager-1.3.0-SNAPSHOT.jar:?]
	at org.apache.hadoop.ozone.protocolPB.OzoneManagerProtocolServerSideTranslatorPB.submitRequestDirectlyToOM(OzoneManagerProtocolServerSideTranslatorPB.java:284) ~[ozone-manager-1.3.0-SNAPSHOT.jar:?]
	at org.apache.hadoop.ozone.protocolPB.OzoneManagerProtocolServerSideTranslatorPB.processRequest(OzoneManagerProtocolServerSideTranslatorPB.java:207) ~[ozone-manager-1.3.0-SNAPSHOT.jar:?]
	at org.apache.hadoop.hdds.server.OzoneProtocolMessageDispatcher.processRequest(OzoneProtocolMessageDispatcher.java:87) [hdds-server-framework-1.3.0-SNAPSHOT.jar:?]
	at org.apache.hadoop.ozone.protocolPB.OzoneManagerProtocolServerSideTranslatorPB.submitRequest(OzoneManagerProtocolServerSideTranslatorPB.java:147) [ozone-manager-1.3.0-SNAPSHOT.jar:?]
	at org.apache.hadoop.ozone.protocol.proto.OzoneManagerProtocolProtos$OzoneManagerService$2.callBlockingMethod(OzoneManagerProtocolProtos.java) [ozone-interface-client-1.3.0-SNAPSHOT.jar:?]
	at org.apache.hadoop.ipc.ProtobufRpcEngine$Server.processCall(ProtobufRpcEngine.java:466) [hadoop-common-3.3.1.jar:?]
	at org.apache.hadoop.ipc.ProtobufRpcEngine2$Server$ProtoBufRpcInvoker.call(ProtobufRpcEngine2.java:574) [hadoop-common-3.3.1.jar:?]
	at org.apache.hadoop.ipc.ProtobufRpcEngine2$Server$ProtoBufRpcInvoker.call(ProtobufRpcEngine2.java:552) [hadoop-common-3.3.1.jar:?]
	at org.apache.hadoop.ipc.RPC$Server.call(RPC.java:1093) [hadoop-common-3.3.1.jar:?]
	at org.apache.hadoop.ipc.Server$RpcCall.run(Server.java:1035) [hadoop-common-3.3.1.jar:?]
	at org.apache.hadoop.ipc.Server$RpcCall.run(Server.java:963) [hadoop-common-3.3.1.jar:?]
	at java.security.AccessController.doPrivileged(Native Method) ~[?:1.8.0_332]
	at javax.security.auth.Subject.doAs(Subject.java:422) [?:1.8.0_332]
	at org.apache.hadoop.security.UserGroupInformation.doAs(UserGroupInformation.java:1878) [hadoop-common-3.3.1.jar:?]
	at org.apache.hadoop.ipc.Server$Handler.run(Server.java:2966) [hadoop-common-3.3.1.jar:?]
16:20:43.200 [IPC Server handler 6 on default port 42069] ERROR OMAudit - user=runner | ip=127.0.0.1 | op=LIST_STATUS {volume=volume91572, bucket=bucket68167, key=root_dir/file2, dataSize=0, replicationConfig=null} | ret=FAILURE
org.apache.hadoop.ozone.om.exceptions.OMException: Unable to get file status: volume: volume91572 bucket: bucket68167 key: root_dir/file2
	at org.apache.hadoop.ozone.om.KeyManagerImpl.getOzoneFileStatus(KeyManagerImpl.java:1283) ~[ozone-manager-1.3.0-SNAPSHOT.jar:?]
	at org.apache.hadoop.ozone.om.KeyManagerImpl.getFileStatus(KeyManagerImpl.java:1213) ~[ozone-manager-1.3.0-SNAPSHOT.jar:?]
	at org.apache.hadoop.ozone.om.KeyManagerImpl.listStatus(KeyManagerImpl.java:1537) ~[ozone-manager-1.3.0-SNAPSHOT.jar:?]
	at org.apache.hadoop.ozone.om.OzoneManager.listStatus(OzoneManager.java:3497) ~[ozone-manager-1.3.0-SNAPSHOT.jar:?]
	at org.apache.hadoop.ozone.protocolPB.OzoneManagerRequestHandler.listStatus(OzoneManagerRequestHandler.java:1028) ~[ozone-manager-1.3.0-SNAPSHOT.jar:?]
	at org.apache.hadoop.ozone.protocolPB.OzoneManagerRequestHandler.handleReadRequest(OzoneManagerRequestHandler.java:228) ~[ozone-manager-1.3.0-SNAPSHOT.jar:?]
	at org.apache.hadoop.ozone.protocolPB.OzoneManagerProtocolServerSideTranslatorPB.submitRequestDirectlyToOM(OzoneManagerProtocolServerSideTranslatorPB.java:284) ~[ozone-manager-1.3.0-SNAPSHOT.jar:?]
	at org.apache.hadoop.ozone.protocolPB.OzoneManagerProtocolServerSideTranslatorPB.processRequest(OzoneManagerProtocolServerSideTranslatorPB.java:207) ~[ozone-manager-1.3.0-SNAPSHOT.jar:?]
	at org.apache.hadoop.hdds.server.OzoneProtocolMessageDispatcher.processRequest(OzoneProtocolMessageDispatcher.java:87) [hdds-server-framework-1.3.0-SNAPSHOT.jar:?]
	at org.apache.hadoop.ozone.protocolPB.OzoneManagerProtocolServerSideTranslatorPB.submitRequest(OzoneManagerProtocolServerSideTranslatorPB.java:147) [ozone-manager-1.3.0-SNAPSHOT.jar:?]
	at org.apache.hadoop.ozone.protocol.proto.OzoneManagerProtocolProtos$OzoneManagerService$2.callBlockingMethod(OzoneManagerProtocolProtos.java) [ozone-interface-client-1.3.0-SNAPSHOT.jar:?]
	at org.apache.hadoop.ipc.ProtobufRpcEngine$Server.processCall(ProtobufRpcEngine.java:466) [hadoop-common-3.3.1.jar:?]
	at org.apache.hadoop.ipc.ProtobufRpcEngine2$Server$ProtoBufRpcInvoker.call(ProtobufRpcEngine2.java:574) [hadoop-common-3.3.1.jar:?]
	at org.apache.hadoop.ipc.ProtobufRpcEngine2$Server$ProtoBufRpcInvoker.call(ProtobufRpcEngine2.java:552) [hadoop-common-3.3.1.jar:?]
	at org.apache.hadoop.ipc.RPC$Server.call(RPC.java:1093) [hadoop-common-3.3.1.jar:?]
	at org.apache.hadoop.ipc.Server$RpcCall.run(Server.java:1035) [hadoop-common-3.3.1.jar:?]
	at org.apache.hadoop.ipc.Server$RpcCall.run(Server.java:963) [hadoop-common-3.3.1.jar:?]
	at java.security.AccessController.doPrivileged(Native Method) ~[?:1.8.0_332]
	at javax.security.auth.Subject.doAs(Subject.java:422) [?:1.8.0_332]
	at org.apache.hadoop.security.UserGroupInformation.doAs(UserGroupInformation.java:1878) [hadoop-common-3.3.1.jar:?]
	at org.apache.hadoop.ipc.Server$Handler.run(Server.java:2966) [hadoop-common-3.3.1.jar:?]
16:20:43.204 [IPC Server handler 18 on default port 42069] ERROR OMAudit - user=runner | ip=127.0.0.1 | op=GET_FILE_STATUS {volume=volume91572, bucket=bucket68167, key=root_dir/dir1/file2, dataSize=0, replicationConfig=null} | ret=FAILURE
org.apache.hadoop.ozone.om.exceptions.OMException: Unable to get file status: volume: volume91572 bucket: bucket68167 key: root_dir/dir1/file2
	at org.apache.hadoop.ozone.om.KeyManagerImpl.getOzoneFileStatus(KeyManagerImpl.java:1283) ~[ozone-manager-1.3.0-SNAPSHOT.jar:?]
	at org.apache.hadoop.ozone.om.KeyManagerImpl.getFileStatus(KeyManagerImpl.java:1213) ~[ozone-manager-1.3.0-SNAPSHOT.jar:?]
	at org.apache.hadoop.ozone.om.OzoneManager.getFileStatus(OzoneManager.java:3419) ~[ozone-manager-1.3.0-SNAPSHOT.jar:?]
	at org.apache.hadoop.ozone.protocolPB.OzoneManagerRequestHandler.getOzoneFileStatus(OzoneManagerRequestHandler.java:871) ~[ozone-manager-1.3.0-SNAPSHOT.jar:?]
	at org.apache.hadoop.ozone.protocolPB.OzoneManagerRequestHandler.handleReadRequest(OzoneManagerRequestHandler.java:217) ~[ozone-manager-1.3.0-SNAPSHOT.jar:?]
	at org.apache.hadoop.ozone.protocolPB.OzoneManagerProtocolServerSideTranslatorPB.submitRequestDirectlyToOM(OzoneManagerProtocolServerSideTranslatorPB.java:284) ~[ozone-manager-1.3.0-SNAPSHOT.jar:?]
	at org.apache.hadoop.ozone.protocolPB.OzoneManagerProtocolServerSideTranslatorPB.processRequest(OzoneManagerProtocolServerSideTranslatorPB.java:207) ~[ozone-manager-1.3.0-SNAPSHOT.jar:?]
	at org.apache.hadoop.hdds.server.OzoneProtocolMessageDispatcher.processRequest(OzoneProtocolMessageDispatcher.java:87) [hdds-server-framework-1.3.0-SNAPSHOT.jar:?]
	at org.apache.hadoop.ozone.protocolPB.OzoneManagerProtocolServerSideTranslatorPB.submitRequest(OzoneManagerProtocolServerSideTranslatorPB.java:147) [ozone-manager-1.3.0-SNAPSHOT.jar:?]
	at org.apache.hadoop.ozone.protocol.proto.OzoneManagerProtocolProtos$OzoneManagerService$2.callBlockingMethod(OzoneManagerProtocolProtos.java) [ozone-interface-client-1.3.0-SNAPSHOT.jar:?]
	at org.apache.hadoop.ipc.ProtobufRpcEngine$Server.processCall(ProtobufRpcEngine.java:466) [hadoop-common-3.3.1.jar:?]
	at org.apache.hadoop.ipc.ProtobufRpcEngine2$Server$ProtoBufRpcInvoker.call(ProtobufRpcEngine2.java:574) [hadoop-common-3.3.1.jar:?]
	at org.apache.hadoop.ipc.ProtobufRpcEngine2$Server$ProtoBufRpcInvoker.call(ProtobufRpcEngine2.java:552) [hadoop-common-3.3.1.jar:?]
	at org.apache.hadoop.ipc.RPC$Server.call(RPC.java:1093) [hadoop-common-3.3.1.jar:?]
	at org.apache.hadoop.ipc.Server$RpcCall.run(Server.java:1035) [hadoop-common-3.3.1.jar:?]
	at org.apache.hadoop.ipc.Server$RpcCall.run(Server.java:963) [hadoop-common-3.3.1.jar:?]
	at java.security.AccessController.doPrivileged(Native Method) ~[?:1.8.0_332]
	at javax.security.auth.Subject.doAs(Subject.java:422) [?:1.8.0_332]
	at org.apache.hadoop.security.UserGroupInformation.doAs(UserGroupInformation.java:1878) [hadoop-common-3.3.1.jar:?]
	at org.apache.hadoop.ipc.Server$Handler.run(Server.java:2966) [hadoop-common-3.3.1.jar:?]
2022-06-16 16:20:43,204 [Time-limited test] WARN  ozone.BasicRootedOzoneFileSystem (BasicRootedOzoneFileSystem.java:delete(572)) - delete: Path does not exist: /volume91572/bucket68167/root_dir/dir1/file2
16:20:43.204 [IPC Server handler 0 on default port 42069] ERROR OMAudit - user=runner | ip=127.0.0.1 | op=GET_FILE_STATUS {volume=volume91572, bucket=bucket68167, key=root_dir/dir1/dir2, dataSize=0, replicationConfig=null} | ret=FAILURE
org.apache.hadoop.ozone.om.exceptions.OMException: Unable to get file status: volume: volume91572 bucket: bucket68167 key: root_dir/dir1/dir2
	at org.apache.hadoop.ozone.om.KeyManagerImpl.getOzoneFileStatus(KeyManagerImpl.java:1283) ~[ozone-manager-1.3.0-SNAPSHOT.jar:?]
	at org.apache.hadoop.ozone.om.KeyManagerImpl.getFileStatus(KeyManagerImpl.java:1213) ~[ozone-manager-1.3.0-SNAPSHOT.jar:?]
	at org.apache.hadoop.ozone.om.OzoneManager.getFileStatus(OzoneManager.java:3419) ~[ozone-manager-1.3.0-SNAPSHOT.jar:?]
	at org.apache.hadoop.ozone.protocolPB.OzoneManagerRequestHandler.getOzoneFileStatus(OzoneManagerRequestHandler.java:871) ~[ozone-manager-1.3.0-SNAPSHOT.jar:?]
	at org.apache.hadoop.ozone.protocolPB.OzoneManagerRequestHandler.handleReadRequest(OzoneManagerRequestHandler.java:217) ~[ozone-manager-1.3.0-SNAPSHOT.jar:?]
	at org.apache.hadoop.ozone.protocolPB.OzoneManagerProtocolServerSideTranslatorPB.submitRequestDirectlyToOM(OzoneManagerProtocolServerSideTranslatorPB.java:284) ~[ozone-manager-1.3.0-SNAPSHOT.jar:?]
	at org.apache.hadoop.ozone.protocolPB.OzoneManagerProtocolServerSideTranslatorPB.processRequest(OzoneManagerProtocolServerSideTranslatorPB.java:207) ~[ozone-manager-1.3.0-SNAPSHOT.jar:?]
	at org.apache.hadoop.hdds.server.OzoneProtocolMessageDispatcher.processRequest(OzoneProtocolMessageDispatcher.java:87) [hdds-server-framework-1.3.0-SNAPSHOT.jar:?]
	at org.apache.hadoop.ozone.protocolPB.OzoneManagerProtocolServerSideTranslatorPB.submitRequest(OzoneManagerProtocolServerSideTranslatorPB.java:147) [ozone-manager-1.3.0-SNAPSHOT.jar:?]
	at org.apache.hadoop.ozone.protocol.proto.OzoneManagerProtocolProtos$OzoneManagerService$2.callBlockingMethod(OzoneManagerProtocolProtos.java) [ozone-interface-client-1.3.0-SNAPSHOT.jar:?]
	at org.apache.hadoop.ipc.ProtobufRpcEngine$Server.processCall(ProtobufRpcEngine.java:466) [hadoop-common-3.3.1.jar:?]
	at org.apache.hadoop.ipc.ProtobufRpcEngine2$Server$ProtoBufRpcInvoker.call(ProtobufRpcEngine2.java:574) [hadoop-common-3.3.1.jar:?]
	at org.apache.hadoop.ipc.ProtobufRpcEngine2$Server$ProtoBufRpcInvoker.call(ProtobufRpcEngine2.java:552) [hadoop-common-3.3.1.jar:?]
	at org.apache.hadoop.ipc.RPC$Server.call(RPC.java:1093) [hadoop-common-3.3.1.jar:?]
	at org.apache.hadoop.ipc.Server$RpcCall.run(Server.java:1035) [hadoop-common-3.3.1.jar:?]
	at org.apache.hadoop.ipc.Server$RpcCall.run(Server.java:963) [hadoop-common-3.3.1.jar:?]
	at java.security.AccessController.doPrivileged(Native Method) ~[?:1.8.0_332]
	at javax.security.auth.Subject.doAs(Subject.java:422) [?:1.8.0_332]
	at org.apache.hadoop.security.UserGroupInformation.doAs(UserGroupInformation.java:1878) [hadoop-common-3.3.1.jar:?]
	at org.apache.hadoop.ipc.Server$Handler.run(Server.java:2966) [hadoop-common-3.3.1.jar:?]
2022-06-16 16:20:43,205 [Time-limited test] WARN  ozone.BasicRootedOzoneFileSystem (BasicRootedOzoneFileSystem.java:delete(572)) - delete: Path does not exist: /volume91572/bucket68167/root_dir/dir1/dir2
]]></system-out>
  </testcase>
  <testcase name="testRenameToParentDir" classname="TestRootedOzoneFileSystem" time="0.188">
    <system-out><![CDATA[2022-06-16 16:22:32,002 [Time-limited test] INFO  rpc.RpcClient (RpcClient.java:createVolume(466)) - Creating Volume: volume83450, with user41300 as owner and space quota set to -1 bytes, counts quota set to -1
2022-06-16 16:22:32,004 [OM StateMachine ApplyTransaction Thread - 0] INFO  volume.OMVolumeCreateRequest (OMVolumeCreateRequest.java:validateAndUpdateCache(195)) - created volume:volume83450 for user:user41300
2022-06-16 16:22:32,005 [Time-limited test] INFO  rpc.RpcClient (RpcClient.java:createBucket(666)) - Creating Bucket: volume83450/bucket19589, with the Bucket Layout LEGACY, runner as owner, Versioning false, Storage Type set to DISK and Encryption set to false 
2022-06-16 16:22:32,005 [OM StateMachine ApplyTransaction Thread - 0] INFO  bucket.OMBucketCreateRequest (OMBucketCreateRequest.java:validateAndUpdateCache(260)) - created bucket: bucket19589 of layout LEGACY in volume: volume83450
16:22:32.019 [IPC Server handler 2 on default port 33505] ERROR OMAudit - user=runner | ip=127.0.0.1 | op=LIST_STATUS {volume=volume83450, bucket=bucket19589, key=root_dir/dir2, dataSize=0, replicationConfig=null} | ret=FAILURE
org.apache.hadoop.ozone.om.exceptions.OMException: Unable to get file status: volume: volume83450 bucket: bucket19589 key: root_dir/dir2
	at org.apache.hadoop.ozone.om.KeyManagerImpl.getOzoneFileStatus(KeyManagerImpl.java:1283) ~[ozone-manager-1.3.0-SNAPSHOT.jar:?]
	at org.apache.hadoop.ozone.om.KeyManagerImpl.getFileStatus(KeyManagerImpl.java:1213) ~[ozone-manager-1.3.0-SNAPSHOT.jar:?]
	at org.apache.hadoop.ozone.om.KeyManagerImpl.listStatus(KeyManagerImpl.java:1537) ~[ozone-manager-1.3.0-SNAPSHOT.jar:?]
	at org.apache.hadoop.ozone.om.OzoneManager.listStatus(OzoneManager.java:3497) ~[ozone-manager-1.3.0-SNAPSHOT.jar:?]
	at org.apache.hadoop.ozone.protocolPB.OzoneManagerRequestHandler.listStatus(OzoneManagerRequestHandler.java:1028) ~[ozone-manager-1.3.0-SNAPSHOT.jar:?]
	at org.apache.hadoop.ozone.protocolPB.OzoneManagerRequestHandler.handleReadRequest(OzoneManagerRequestHandler.java:228) ~[ozone-manager-1.3.0-SNAPSHOT.jar:?]
	at org.apache.hadoop.ozone.protocolPB.OzoneManagerProtocolServerSideTranslatorPB.submitReadRequestToOM(OzoneManagerProtocolServerSideTranslatorPB.java:225) ~[ozone-manager-1.3.0-SNAPSHOT.jar:?]
	at org.apache.hadoop.ozone.protocolPB.OzoneManagerProtocolServerSideTranslatorPB.processRequest(OzoneManagerProtocolServerSideTranslatorPB.java:175) ~[ozone-manager-1.3.0-SNAPSHOT.jar:?]
	at org.apache.hadoop.hdds.server.OzoneProtocolMessageDispatcher.processRequest(OzoneProtocolMessageDispatcher.java:87) [hdds-server-framework-1.3.0-SNAPSHOT.jar:?]
	at org.apache.hadoop.ozone.protocolPB.OzoneManagerProtocolServerSideTranslatorPB.submitRequest(OzoneManagerProtocolServerSideTranslatorPB.java:147) [ozone-manager-1.3.0-SNAPSHOT.jar:?]
	at org.apache.hadoop.ozone.protocol.proto.OzoneManagerProtocolProtos$OzoneManagerService$2.callBlockingMethod(OzoneManagerProtocolProtos.java) [ozone-interface-client-1.3.0-SNAPSHOT.jar:?]
	at org.apache.hadoop.ipc.ProtobufRpcEngine$Server.processCall(ProtobufRpcEngine.java:466) [hadoop-common-3.3.1.jar:?]
	at org.apache.hadoop.ipc.ProtobufRpcEngine2$Server$ProtoBufRpcInvoker.call(ProtobufRpcEngine2.java:574) [hadoop-common-3.3.1.jar:?]
	at org.apache.hadoop.ipc.ProtobufRpcEngine2$Server$ProtoBufRpcInvoker.call(ProtobufRpcEngine2.java:552) [hadoop-common-3.3.1.jar:?]
	at org.apache.hadoop.ipc.RPC$Server.call(RPC.java:1093) [hadoop-common-3.3.1.jar:?]
	at org.apache.hadoop.ipc.Server$RpcCall.run(Server.java:1035) [hadoop-common-3.3.1.jar:?]
	at org.apache.hadoop.ipc.Server$RpcCall.run(Server.java:963) [hadoop-common-3.3.1.jar:?]
	at java.security.AccessController.doPrivileged(Native Method) ~[?:1.8.0_332]
	at javax.security.auth.Subject.doAs(Subject.java:422) [?:1.8.0_332]
	at org.apache.hadoop.security.UserGroupInformation.doAs(UserGroupInformation.java:1878) [hadoop-common-3.3.1.jar:?]
	at org.apache.hadoop.ipc.Server$Handler.run(Server.java:2966) [hadoop-common-3.3.1.jar:?]
16:22:32.024 [IPC Server handler 0 on default port 33505] ERROR OMAudit - user=runner | ip=127.0.0.1 | op=LIST_STATUS {volume=volume83450, bucket=bucket19589, key=root_dir/file2, dataSize=0, replicationConfig=null} | ret=FAILURE
org.apache.hadoop.ozone.om.exceptions.OMException: Unable to get file status: volume: volume83450 bucket: bucket19589 key: root_dir/file2
	at org.apache.hadoop.ozone.om.KeyManagerImpl.getOzoneFileStatus(KeyManagerImpl.java:1283) ~[ozone-manager-1.3.0-SNAPSHOT.jar:?]
	at org.apache.hadoop.ozone.om.KeyManagerImpl.getFileStatus(KeyManagerImpl.java:1213) ~[ozone-manager-1.3.0-SNAPSHOT.jar:?]
	at org.apache.hadoop.ozone.om.KeyManagerImpl.listStatus(KeyManagerImpl.java:1537) ~[ozone-manager-1.3.0-SNAPSHOT.jar:?]
	at org.apache.hadoop.ozone.om.OzoneManager.listStatus(OzoneManager.java:3497) ~[ozone-manager-1.3.0-SNAPSHOT.jar:?]
	at org.apache.hadoop.ozone.protocolPB.OzoneManagerRequestHandler.listStatus(OzoneManagerRequestHandler.java:1028) ~[ozone-manager-1.3.0-SNAPSHOT.jar:?]
	at org.apache.hadoop.ozone.protocolPB.OzoneManagerRequestHandler.handleReadRequest(OzoneManagerRequestHandler.java:228) ~[ozone-manager-1.3.0-SNAPSHOT.jar:?]
	at org.apache.hadoop.ozone.protocolPB.OzoneManagerProtocolServerSideTranslatorPB.submitReadRequestToOM(OzoneManagerProtocolServerSideTranslatorPB.java:225) ~[ozone-manager-1.3.0-SNAPSHOT.jar:?]
	at org.apache.hadoop.ozone.protocolPB.OzoneManagerProtocolServerSideTranslatorPB.processRequest(OzoneManagerProtocolServerSideTranslatorPB.java:175) ~[ozone-manager-1.3.0-SNAPSHOT.jar:?]
	at org.apache.hadoop.hdds.server.OzoneProtocolMessageDispatcher.processRequest(OzoneProtocolMessageDispatcher.java:87) [hdds-server-framework-1.3.0-SNAPSHOT.jar:?]
	at org.apache.hadoop.ozone.protocolPB.OzoneManagerProtocolServerSideTranslatorPB.submitRequest(OzoneManagerProtocolServerSideTranslatorPB.java:147) [ozone-manager-1.3.0-SNAPSHOT.jar:?]
	at org.apache.hadoop.ozone.protocol.proto.OzoneManagerProtocolProtos$OzoneManagerService$2.callBlockingMethod(OzoneManagerProtocolProtos.java) [ozone-interface-client-1.3.0-SNAPSHOT.jar:?]
	at org.apache.hadoop.ipc.ProtobufRpcEngine$Server.processCall(ProtobufRpcEngine.java:466) [hadoop-common-3.3.1.jar:?]
	at org.apache.hadoop.ipc.ProtobufRpcEngine2$Server$ProtoBufRpcInvoker.call(ProtobufRpcEngine2.java:574) [hadoop-common-3.3.1.jar:?]
	at org.apache.hadoop.ipc.ProtobufRpcEngine2$Server$ProtoBufRpcInvoker.call(ProtobufRpcEngine2.java:552) [hadoop-common-3.3.1.jar:?]
	at org.apache.hadoop.ipc.RPC$Server.call(RPC.java:1093) [hadoop-common-3.3.1.jar:?]
	at org.apache.hadoop.ipc.Server$RpcCall.run(Server.java:1035) [hadoop-common-3.3.1.jar:?]
	at org.apache.hadoop.ipc.Server$RpcCall.run(Server.java:963) [hadoop-common-3.3.1.jar:?]
	at java.security.AccessController.doPrivileged(Native Method) ~[?:1.8.0_332]
	at javax.security.auth.Subject.doAs(Subject.java:422) [?:1.8.0_332]
	at org.apache.hadoop.security.UserGroupInformation.doAs(UserGroupInformation.java:1878) [hadoop-common-3.3.1.jar:?]
	at org.apache.hadoop.ipc.Server$Handler.run(Server.java:2966) [hadoop-common-3.3.1.jar:?]
16:22:32.065 [IPC Server handler 16 on default port 33505] ERROR OMAudit - user=runner | ip=127.0.0.1 | op=GET_FILE_STATUS {volume=volume83450, bucket=bucket19589, key=root_dir/dir1/file2, dataSize=0, replicationConfig=null} | ret=FAILURE
org.apache.hadoop.ozone.om.exceptions.OMException: Unable to get file status: volume: volume83450 bucket: bucket19589 key: root_dir/dir1/file2
	at org.apache.hadoop.ozone.om.KeyManagerImpl.getOzoneFileStatus(KeyManagerImpl.java:1283) ~[ozone-manager-1.3.0-SNAPSHOT.jar:?]
	at org.apache.hadoop.ozone.om.KeyManagerImpl.getFileStatus(KeyManagerImpl.java:1213) ~[ozone-manager-1.3.0-SNAPSHOT.jar:?]
	at org.apache.hadoop.ozone.om.OzoneManager.getFileStatus(OzoneManager.java:3419) ~[ozone-manager-1.3.0-SNAPSHOT.jar:?]
	at org.apache.hadoop.ozone.protocolPB.OzoneManagerRequestHandler.getOzoneFileStatus(OzoneManagerRequestHandler.java:871) ~[ozone-manager-1.3.0-SNAPSHOT.jar:?]
	at org.apache.hadoop.ozone.protocolPB.OzoneManagerRequestHandler.handleReadRequest(OzoneManagerRequestHandler.java:217) ~[ozone-manager-1.3.0-SNAPSHOT.jar:?]
	at org.apache.hadoop.ozone.protocolPB.OzoneManagerProtocolServerSideTranslatorPB.submitReadRequestToOM(OzoneManagerProtocolServerSideTranslatorPB.java:225) ~[ozone-manager-1.3.0-SNAPSHOT.jar:?]
	at org.apache.hadoop.ozone.protocolPB.OzoneManagerProtocolServerSideTranslatorPB.processRequest(OzoneManagerProtocolServerSideTranslatorPB.java:175) ~[ozone-manager-1.3.0-SNAPSHOT.jar:?]
	at org.apache.hadoop.hdds.server.OzoneProtocolMessageDispatcher.processRequest(OzoneProtocolMessageDispatcher.java:87) [hdds-server-framework-1.3.0-SNAPSHOT.jar:?]
	at org.apache.hadoop.ozone.protocolPB.OzoneManagerProtocolServerSideTranslatorPB.submitRequest(OzoneManagerProtocolServerSideTranslatorPB.java:147) [ozone-manager-1.3.0-SNAPSHOT.jar:?]
	at org.apache.hadoop.ozone.protocol.proto.OzoneManagerProtocolProtos$OzoneManagerService$2.callBlockingMethod(OzoneManagerProtocolProtos.java) [ozone-interface-client-1.3.0-SNAPSHOT.jar:?]
	at org.apache.hadoop.ipc.ProtobufRpcEngine$Server.processCall(ProtobufRpcEngine.java:466) [hadoop-common-3.3.1.jar:?]
	at org.apache.hadoop.ipc.ProtobufRpcEngine2$Server$ProtoBufRpcInvoker.call(ProtobufRpcEngine2.java:574) [hadoop-common-3.3.1.jar:?]
	at org.apache.hadoop.ipc.ProtobufRpcEngine2$Server$ProtoBufRpcInvoker.call(ProtobufRpcEngine2.java:552) [hadoop-common-3.3.1.jar:?]
	at org.apache.hadoop.ipc.RPC$Server.call(RPC.java:1093) [hadoop-common-3.3.1.jar:?]
	at org.apache.hadoop.ipc.Server$RpcCall.run(Server.java:1035) [hadoop-common-3.3.1.jar:?]
	at org.apache.hadoop.ipc.Server$RpcCall.run(Server.java:963) [hadoop-common-3.3.1.jar:?]
	at java.security.AccessController.doPrivileged(Native Method) ~[?:1.8.0_332]
	at javax.security.auth.Subject.doAs(Subject.java:422) [?:1.8.0_332]
	at org.apache.hadoop.security.UserGroupInformation.doAs(UserGroupInformation.java:1878) [hadoop-common-3.3.1.jar:?]
	at org.apache.hadoop.ipc.Server$Handler.run(Server.java:2966) [hadoop-common-3.3.1.jar:?]
2022-06-16 16:22:32,066 [Time-limited test] WARN  ozone.BasicRootedOzoneFileSystem (BasicRootedOzoneFileSystem.java:delete(572)) - delete: Path does not exist: /volume83450/bucket19589/root_dir/dir1/file2
16:22:32.066 [IPC Server handler 18 on default port 33505] ERROR OMAudit - user=runner | ip=127.0.0.1 | op=GET_FILE_STATUS {volume=volume83450, bucket=bucket19589, key=root_dir/dir1/dir2, dataSize=0, replicationConfig=null} | ret=FAILURE
org.apache.hadoop.ozone.om.exceptions.OMException: Unable to get file status: volume: volume83450 bucket: bucket19589 key: root_dir/dir1/dir2
	at org.apache.hadoop.ozone.om.KeyManagerImpl.getOzoneFileStatus(KeyManagerImpl.java:1283) ~[ozone-manager-1.3.0-SNAPSHOT.jar:?]
	at org.apache.hadoop.ozone.om.KeyManagerImpl.getFileStatus(KeyManagerImpl.java:1213) ~[ozone-manager-1.3.0-SNAPSHOT.jar:?]
	at org.apache.hadoop.ozone.om.OzoneManager.getFileStatus(OzoneManager.java:3419) ~[ozone-manager-1.3.0-SNAPSHOT.jar:?]
	at org.apache.hadoop.ozone.protocolPB.OzoneManagerRequestHandler.getOzoneFileStatus(OzoneManagerRequestHandler.java:871) ~[ozone-manager-1.3.0-SNAPSHOT.jar:?]
	at org.apache.hadoop.ozone.protocolPB.OzoneManagerRequestHandler.handleReadRequest(OzoneManagerRequestHandler.java:217) ~[ozone-manager-1.3.0-SNAPSHOT.jar:?]
	at org.apache.hadoop.ozone.protocolPB.OzoneManagerProtocolServerSideTranslatorPB.submitReadRequestToOM(OzoneManagerProtocolServerSideTranslatorPB.java:225) ~[ozone-manager-1.3.0-SNAPSHOT.jar:?]
	at org.apache.hadoop.ozone.protocolPB.OzoneManagerProtocolServerSideTranslatorPB.processRequest(OzoneManagerProtocolServerSideTranslatorPB.java:175) ~[ozone-manager-1.3.0-SNAPSHOT.jar:?]
	at org.apache.hadoop.hdds.server.OzoneProtocolMessageDispatcher.processRequest(OzoneProtocolMessageDispatcher.java:87) [hdds-server-framework-1.3.0-SNAPSHOT.jar:?]
	at org.apache.hadoop.ozone.protocolPB.OzoneManagerProtocolServerSideTranslatorPB.submitRequest(OzoneManagerProtocolServerSideTranslatorPB.java:147) [ozone-manager-1.3.0-SNAPSHOT.jar:?]
	at org.apache.hadoop.ozone.protocol.proto.OzoneManagerProtocolProtos$OzoneManagerService$2.callBlockingMethod(OzoneManagerProtocolProtos.java) [ozone-interface-client-1.3.0-SNAPSHOT.jar:?]
	at org.apache.hadoop.ipc.ProtobufRpcEngine$Server.processCall(ProtobufRpcEngine.java:466) [hadoop-common-3.3.1.jar:?]
	at org.apache.hadoop.ipc.ProtobufRpcEngine2$Server$ProtoBufRpcInvoker.call(ProtobufRpcEngine2.java:574) [hadoop-common-3.3.1.jar:?]
	at org.apache.hadoop.ipc.ProtobufRpcEngine2$Server$ProtoBufRpcInvoker.call(ProtobufRpcEngine2.java:552) [hadoop-common-3.3.1.jar:?]
	at org.apache.hadoop.ipc.RPC$Server.call(RPC.java:1093) [hadoop-common-3.3.1.jar:?]
	at org.apache.hadoop.ipc.Server$RpcCall.run(Server.java:1035) [hadoop-common-3.3.1.jar:?]
	at org.apache.hadoop.ipc.Server$RpcCall.run(Server.java:963) [hadoop-common-3.3.1.jar:?]
	at java.security.AccessController.doPrivileged(Native Method) ~[?:1.8.0_332]
	at javax.security.auth.Subject.doAs(Subject.java:422) [?:1.8.0_332]
	at org.apache.hadoop.security.UserGroupInformation.doAs(UserGroupInformation.java:1878) [hadoop-common-3.3.1.jar:?]
	at org.apache.hadoop.ipc.Server$Handler.run(Server.java:2966) [hadoop-common-3.3.1.jar:?]
2022-06-16 16:22:32,066 [Time-limited test] WARN  ozone.BasicRootedOzoneFileSystem (BasicRootedOzoneFileSystem.java:delete(572)) - delete: Path does not exist: /volume83450/bucket19589/root_dir/dir1/dir2
]]></system-out>
  </testcase>
  <testcase name="testRenameToParentDir" classname="TestRootedOzoneFileSystem" time="0.272">
    <system-out><![CDATA[2022-06-16 16:23:57,095 [Time-limited test] INFO  rpc.RpcClient (RpcClient.java:createVolume(466)) - Creating Volume: volume93093, with user70233 as owner and space quota set to -1 bytes, counts quota set to -1
2022-06-16 16:23:57,098 [IPC Server handler 10 on default port 44357] INFO  volume.OMVolumeCreateRequest (OMVolumeCreateRequest.java:validateAndUpdateCache(195)) - created volume:volume93093 for user:user70233
2022-06-16 16:23:57,099 [Time-limited test] INFO  rpc.RpcClient (RpcClient.java:createBucket(666)) - Creating Bucket: volume93093/bucket92791, with the Bucket Layout LEGACY, runner as owner, Versioning false, Storage Type set to DISK and Encryption set to false 
2022-06-16 16:23:57,100 [IPC Server handler 9 on default port 44357] INFO  bucket.OMBucketCreateRequest (OMBucketCreateRequest.java:validateAndUpdateCache(260)) - created bucket: bucket92791 of layout LEGACY in volume: volume93093
16:23:57.105 [IPC Server handler 5 on default port 44357] ERROR OMAudit - user=runner | ip=127.0.0.1 | op=LIST_STATUS {volume=volume93093, bucket=bucket92791, key=root_dir/dir2, dataSize=0, replicationConfig=null} | ret=FAILURE
org.apache.hadoop.ozone.om.exceptions.OMException: Unable to get file status: volume: volume93093 bucket: bucket92791 key: root_dir/dir2
	at org.apache.hadoop.ozone.om.KeyManagerImpl.getOzoneFileStatus(KeyManagerImpl.java:1283) ~[ozone-manager-1.3.0-SNAPSHOT.jar:?]
	at org.apache.hadoop.ozone.om.KeyManagerImpl.getFileStatus(KeyManagerImpl.java:1213) ~[ozone-manager-1.3.0-SNAPSHOT.jar:?]
	at org.apache.hadoop.ozone.om.KeyManagerImpl.listStatus(KeyManagerImpl.java:1537) ~[ozone-manager-1.3.0-SNAPSHOT.jar:?]
	at org.apache.hadoop.ozone.om.OzoneManager.listStatus(OzoneManager.java:3497) ~[ozone-manager-1.3.0-SNAPSHOT.jar:?]
	at org.apache.hadoop.ozone.protocolPB.OzoneManagerRequestHandler.listStatus(OzoneManagerRequestHandler.java:1028) ~[ozone-manager-1.3.0-SNAPSHOT.jar:?]
	at org.apache.hadoop.ozone.protocolPB.OzoneManagerRequestHandler.handleReadRequest(OzoneManagerRequestHandler.java:228) ~[ozone-manager-1.3.0-SNAPSHOT.jar:?]
	at org.apache.hadoop.ozone.protocolPB.OzoneManagerProtocolServerSideTranslatorPB.submitRequestDirectlyToOM(OzoneManagerProtocolServerSideTranslatorPB.java:284) ~[ozone-manager-1.3.0-SNAPSHOT.jar:?]
	at org.apache.hadoop.ozone.protocolPB.OzoneManagerProtocolServerSideTranslatorPB.processRequest(OzoneManagerProtocolServerSideTranslatorPB.java:207) ~[ozone-manager-1.3.0-SNAPSHOT.jar:?]
	at org.apache.hadoop.hdds.server.OzoneProtocolMessageDispatcher.processRequest(OzoneProtocolMessageDispatcher.java:87) [hdds-server-framework-1.3.0-SNAPSHOT.jar:?]
	at org.apache.hadoop.ozone.protocolPB.OzoneManagerProtocolServerSideTranslatorPB.submitRequest(OzoneManagerProtocolServerSideTranslatorPB.java:147) [ozone-manager-1.3.0-SNAPSHOT.jar:?]
	at org.apache.hadoop.ozone.protocol.proto.OzoneManagerProtocolProtos$OzoneManagerService$2.callBlockingMethod(OzoneManagerProtocolProtos.java) [ozone-interface-client-1.3.0-SNAPSHOT.jar:?]
	at org.apache.hadoop.ipc.ProtobufRpcEngine$Server.processCall(ProtobufRpcEngine.java:466) [hadoop-common-3.3.1.jar:?]
	at org.apache.hadoop.ipc.ProtobufRpcEngine2$Server$ProtoBufRpcInvoker.call(ProtobufRpcEngine2.java:574) [hadoop-common-3.3.1.jar:?]
	at org.apache.hadoop.ipc.ProtobufRpcEngine2$Server$ProtoBufRpcInvoker.call(ProtobufRpcEngine2.java:552) [hadoop-common-3.3.1.jar:?]
	at org.apache.hadoop.ipc.RPC$Server.call(RPC.java:1093) [hadoop-common-3.3.1.jar:?]
	at org.apache.hadoop.ipc.Server$RpcCall.run(Server.java:1035) [hadoop-common-3.3.1.jar:?]
	at org.apache.hadoop.ipc.Server$RpcCall.run(Server.java:963) [hadoop-common-3.3.1.jar:?]
	at java.security.AccessController.doPrivileged(Native Method) ~[?:1.8.0_332]
	at javax.security.auth.Subject.doAs(Subject.java:422) [?:1.8.0_332]
	at org.apache.hadoop.security.UserGroupInformation.doAs(UserGroupInformation.java:1878) [hadoop-common-3.3.1.jar:?]
	at org.apache.hadoop.ipc.Server$Handler.run(Server.java:2966) [hadoop-common-3.3.1.jar:?]
16:23:57.122 [IPC Server handler 1 on default port 44357] ERROR OMAudit - user=runner | ip=127.0.0.1 | op=LIST_STATUS {volume=volume93093, bucket=bucket92791, key=root_dir/file2, dataSize=0, replicationConfig=null} | ret=FAILURE
org.apache.hadoop.ozone.om.exceptions.OMException: Unable to get file status: volume: volume93093 bucket: bucket92791 key: root_dir/file2
	at org.apache.hadoop.ozone.om.KeyManagerImpl.getOzoneFileStatus(KeyManagerImpl.java:1283) ~[ozone-manager-1.3.0-SNAPSHOT.jar:?]
	at org.apache.hadoop.ozone.om.KeyManagerImpl.getFileStatus(KeyManagerImpl.java:1213) ~[ozone-manager-1.3.0-SNAPSHOT.jar:?]
	at org.apache.hadoop.ozone.om.KeyManagerImpl.listStatus(KeyManagerImpl.java:1537) ~[ozone-manager-1.3.0-SNAPSHOT.jar:?]
	at org.apache.hadoop.ozone.om.OzoneManager.listStatus(OzoneManager.java:3497) ~[ozone-manager-1.3.0-SNAPSHOT.jar:?]
	at org.apache.hadoop.ozone.protocolPB.OzoneManagerRequestHandler.listStatus(OzoneManagerRequestHandler.java:1028) ~[ozone-manager-1.3.0-SNAPSHOT.jar:?]
	at org.apache.hadoop.ozone.protocolPB.OzoneManagerRequestHandler.handleReadRequest(OzoneManagerRequestHandler.java:228) ~[ozone-manager-1.3.0-SNAPSHOT.jar:?]
	at org.apache.hadoop.ozone.protocolPB.OzoneManagerProtocolServerSideTranslatorPB.submitRequestDirectlyToOM(OzoneManagerProtocolServerSideTranslatorPB.java:284) ~[ozone-manager-1.3.0-SNAPSHOT.jar:?]
	at org.apache.hadoop.ozone.protocolPB.OzoneManagerProtocolServerSideTranslatorPB.processRequest(OzoneManagerProtocolServerSideTranslatorPB.java:207) ~[ozone-manager-1.3.0-SNAPSHOT.jar:?]
	at org.apache.hadoop.hdds.server.OzoneProtocolMessageDispatcher.processRequest(OzoneProtocolMessageDispatcher.java:87) [hdds-server-framework-1.3.0-SNAPSHOT.jar:?]
	at org.apache.hadoop.ozone.protocolPB.OzoneManagerProtocolServerSideTranslatorPB.submitRequest(OzoneManagerProtocolServerSideTranslatorPB.java:147) [ozone-manager-1.3.0-SNAPSHOT.jar:?]
	at org.apache.hadoop.ozone.protocol.proto.OzoneManagerProtocolProtos$OzoneManagerService$2.callBlockingMethod(OzoneManagerProtocolProtos.java) [ozone-interface-client-1.3.0-SNAPSHOT.jar:?]
	at org.apache.hadoop.ipc.ProtobufRpcEngine$Server.processCall(ProtobufRpcEngine.java:466) [hadoop-common-3.3.1.jar:?]
	at org.apache.hadoop.ipc.ProtobufRpcEngine2$Server$ProtoBufRpcInvoker.call(ProtobufRpcEngine2.java:574) [hadoop-common-3.3.1.jar:?]
	at org.apache.hadoop.ipc.ProtobufRpcEngine2$Server$ProtoBufRpcInvoker.call(ProtobufRpcEngine2.java:552) [hadoop-common-3.3.1.jar:?]
	at org.apache.hadoop.ipc.RPC$Server.call(RPC.java:1093) [hadoop-common-3.3.1.jar:?]
	at org.apache.hadoop.ipc.Server$RpcCall.run(Server.java:1035) [hadoop-common-3.3.1.jar:?]
	at org.apache.hadoop.ipc.Server$RpcCall.run(Server.java:963) [hadoop-common-3.3.1.jar:?]
	at java.security.AccessController.doPrivileged(Native Method) ~[?:1.8.0_332]
	at javax.security.auth.Subject.doAs(Subject.java:422) [?:1.8.0_332]
	at org.apache.hadoop.security.UserGroupInformation.doAs(UserGroupInformation.java:1878) [hadoop-common-3.3.1.jar:?]
	at org.apache.hadoop.ipc.Server$Handler.run(Server.java:2966) [hadoop-common-3.3.1.jar:?]
16:23:57.152 [IPC Server handler 15 on default port 44357] ERROR OMAudit - user=runner | ip=127.0.0.1 | op=GET_FILE_STATUS {volume=volume93093, bucket=bucket92791, key=root_dir/dir1/file2, dataSize=0, replicationConfig=null} | ret=FAILURE
org.apache.hadoop.ozone.om.exceptions.OMException: Unable to get file status: volume: volume93093 bucket: bucket92791 key: root_dir/dir1/file2
	at org.apache.hadoop.ozone.om.KeyManagerImpl.getOzoneFileStatus(KeyManagerImpl.java:1283) ~[ozone-manager-1.3.0-SNAPSHOT.jar:?]
	at org.apache.hadoop.ozone.om.KeyManagerImpl.getFileStatus(KeyManagerImpl.java:1213) ~[ozone-manager-1.3.0-SNAPSHOT.jar:?]
	at org.apache.hadoop.ozone.om.OzoneManager.getFileStatus(OzoneManager.java:3419) ~[ozone-manager-1.3.0-SNAPSHOT.jar:?]
	at org.apache.hadoop.ozone.protocolPB.OzoneManagerRequestHandler.getOzoneFileStatus(OzoneManagerRequestHandler.java:871) ~[ozone-manager-1.3.0-SNAPSHOT.jar:?]
	at org.apache.hadoop.ozone.protocolPB.OzoneManagerRequestHandler.handleReadRequest(OzoneManagerRequestHandler.java:217) ~[ozone-manager-1.3.0-SNAPSHOT.jar:?]
	at org.apache.hadoop.ozone.protocolPB.OzoneManagerProtocolServerSideTranslatorPB.submitRequestDirectlyToOM(OzoneManagerProtocolServerSideTranslatorPB.java:284) ~[ozone-manager-1.3.0-SNAPSHOT.jar:?]
	at org.apache.hadoop.ozone.protocolPB.OzoneManagerProtocolServerSideTranslatorPB.processRequest(OzoneManagerProtocolServerSideTranslatorPB.java:207) ~[ozone-manager-1.3.0-SNAPSHOT.jar:?]
	at org.apache.hadoop.hdds.server.OzoneProtocolMessageDispatcher.processRequest(OzoneProtocolMessageDispatcher.java:87) [hdds-server-framework-1.3.0-SNAPSHOT.jar:?]
	at org.apache.hadoop.ozone.protocolPB.OzoneManagerProtocolServerSideTranslatorPB.submitRequest(OzoneManagerProtocolServerSideTranslatorPB.java:147) [ozone-manager-1.3.0-SNAPSHOT.jar:?]
	at org.apache.hadoop.ozone.protocol.proto.OzoneManagerProtocolProtos$OzoneManagerService$2.callBlockingMethod(OzoneManagerProtocolProtos.java) [ozone-interface-client-1.3.0-SNAPSHOT.jar:?]
	at org.apache.hadoop.ipc.ProtobufRpcEngine$Server.processCall(ProtobufRpcEngine.java:466) [hadoop-common-3.3.1.jar:?]
	at org.apache.hadoop.ipc.ProtobufRpcEngine2$Server$ProtoBufRpcInvoker.call(ProtobufRpcEngine2.java:574) [hadoop-common-3.3.1.jar:?]
	at org.apache.hadoop.ipc.ProtobufRpcEngine2$Server$ProtoBufRpcInvoker.call(ProtobufRpcEngine2.java:552) [hadoop-common-3.3.1.jar:?]
	at org.apache.hadoop.ipc.RPC$Server.call(RPC.java:1093) [hadoop-common-3.3.1.jar:?]
	at org.apache.hadoop.ipc.Server$RpcCall.run(Server.java:1035) [hadoop-common-3.3.1.jar:?]
	at org.apache.hadoop.ipc.Server$RpcCall.run(Server.java:963) [hadoop-common-3.3.1.jar:?]
	at java.security.AccessController.doPrivileged(Native Method) ~[?:1.8.0_332]
	at javax.security.auth.Subject.doAs(Subject.java:422) [?:1.8.0_332]
	at org.apache.hadoop.security.UserGroupInformation.doAs(UserGroupInformation.java:1878) [hadoop-common-3.3.1.jar:?]
	at org.apache.hadoop.ipc.Server$Handler.run(Server.java:2966) [hadoop-common-3.3.1.jar:?]
2022-06-16 16:23:57,152 [Time-limited test] WARN  ozone.BasicRootedOzoneFileSystem (BasicRootedOzoneFileSystem.java:delete(572)) - delete: Path does not exist: /volume93093/bucket92791/root_dir/dir1/file2
16:23:57.152 [IPC Server handler 16 on default port 44357] ERROR OMAudit - user=runner | ip=127.0.0.1 | op=GET_FILE_STATUS {volume=volume93093, bucket=bucket92791, key=root_dir/dir1/dir2, dataSize=0, replicationConfig=null} | ret=FAILURE
org.apache.hadoop.ozone.om.exceptions.OMException: Unable to get file status: volume: volume93093 bucket: bucket92791 key: root_dir/dir1/dir2
	at org.apache.hadoop.ozone.om.KeyManagerImpl.getOzoneFileStatus(KeyManagerImpl.java:1283) ~[ozone-manager-1.3.0-SNAPSHOT.jar:?]
	at org.apache.hadoop.ozone.om.KeyManagerImpl.getFileStatus(KeyManagerImpl.java:1213) ~[ozone-manager-1.3.0-SNAPSHOT.jar:?]
	at org.apache.hadoop.ozone.om.OzoneManager.getFileStatus(OzoneManager.java:3419) ~[ozone-manager-1.3.0-SNAPSHOT.jar:?]
	at org.apache.hadoop.ozone.protocolPB.OzoneManagerRequestHandler.getOzoneFileStatus(OzoneManagerRequestHandler.java:871) ~[ozone-manager-1.3.0-SNAPSHOT.jar:?]
	at org.apache.hadoop.ozone.protocolPB.OzoneManagerRequestHandler.handleReadRequest(OzoneManagerRequestHandler.java:217) ~[ozone-manager-1.3.0-SNAPSHOT.jar:?]
	at org.apache.hadoop.ozone.protocolPB.OzoneManagerProtocolServerSideTranslatorPB.submitRequestDirectlyToOM(OzoneManagerProtocolServerSideTranslatorPB.java:284) ~[ozone-manager-1.3.0-SNAPSHOT.jar:?]
	at org.apache.hadoop.ozone.protocolPB.OzoneManagerProtocolServerSideTranslatorPB.processRequest(OzoneManagerProtocolServerSideTranslatorPB.java:207) ~[ozone-manager-1.3.0-SNAPSHOT.jar:?]
	at org.apache.hadoop.hdds.server.OzoneProtocolMessageDispatcher.processRequest(OzoneProtocolMessageDispatcher.java:87) [hdds-server-framework-1.3.0-SNAPSHOT.jar:?]
	at org.apache.hadoop.ozone.protocolPB.OzoneManagerProtocolServerSideTranslatorPB.submitRequest(OzoneManagerProtocolServerSideTranslatorPB.java:147) [ozone-manager-1.3.0-SNAPSHOT.jar:?]
	at org.apache.hadoop.ozone.protocol.proto.OzoneManagerProtocolProtos$OzoneManagerService$2.callBlockingMethod(OzoneManagerProtocolProtos.java) [ozone-interface-client-1.3.0-SNAPSHOT.jar:?]
	at org.apache.hadoop.ipc.ProtobufRpcEngine$Server.processCall(ProtobufRpcEngine.java:466) [hadoop-common-3.3.1.jar:?]
	at org.apache.hadoop.ipc.ProtobufRpcEngine2$Server$ProtoBufRpcInvoker.call(ProtobufRpcEngine2.java:574) [hadoop-common-3.3.1.jar:?]
	at org.apache.hadoop.ipc.ProtobufRpcEngine2$Server$ProtoBufRpcInvoker.call(ProtobufRpcEngine2.java:552) [hadoop-common-3.3.1.jar:?]
	at org.apache.hadoop.ipc.RPC$Server.call(RPC.java:1093) [hadoop-common-3.3.1.jar:?]
	at org.apache.hadoop.ipc.Server$RpcCall.run(Server.java:1035) [hadoop-common-3.3.1.jar:?]
	at org.apache.hadoop.ipc.Server$RpcCall.run(Server.java:963) [hadoop-common-3.3.1.jar:?]
	at java.security.AccessController.doPrivileged(Native Method) ~[?:1.8.0_332]
	at javax.security.auth.Subject.doAs(Subject.java:422) [?:1.8.0_332]
	at org.apache.hadoop.security.UserGroupInformation.doAs(UserGroupInformation.java:1878) [hadoop-common-3.3.1.jar:?]
	at org.apache.hadoop.ipc.Server$Handler.run(Server.java:2966) [hadoop-common-3.3.1.jar:?]
2022-06-16 16:23:57,153 [Time-limited test] WARN  ozone.BasicRootedOzoneFileSystem (BasicRootedOzoneFileSystem.java:delete(572)) - delete: Path does not exist: /volume93093/bucket92791/root_dir/dir1/dir2
]]></system-out>
  </testcase>
  <testcase name="testMkdirNonExistentVolumeBucket" classname="TestRootedOzoneFileSystem" time="0.062">
    <system-out><![CDATA[2022-06-16 16:18:26,966 [Time-limited test] INFO  rpc.RpcClient (RpcClient.java:createVolume(466)) - Creating Volume: volume96583, with user04965 as owner and space quota set to -1 bytes, counts quota set to -1
2022-06-16 16:18:26,972 [OM StateMachine ApplyTransaction Thread - 0] INFO  volume.OMVolumeCreateRequest (OMVolumeCreateRequest.java:validateAndUpdateCache(195)) - created volume:volume96583 for user:user04965
2022-06-16 16:18:26,975 [Time-limited test] INFO  rpc.RpcClient (RpcClient.java:createBucket(666)) - Creating Bucket: volume96583/bucket04186, with the Bucket Layout LEGACY, runner as owner, Versioning false, Storage Type set to DISK and Encryption set to false 
2022-06-16 16:18:26,977 [OM StateMachine ApplyTransaction Thread - 0] INFO  bucket.OMBucketCreateRequest (OMBucketCreateRequest.java:validateAndUpdateCache(260)) - created bucket: bucket04186 of layout LEGACY in volume: volume96583
2022-06-16 16:18:26,980 [Time-limited test] INFO  rpc.RpcClient (RpcClient.java:createVolume(466)) - Creating Volume: volume-26480, with runner as owner and space quota set to -1 bytes, counts quota set to -1
2022-06-16 16:18:26,983 [OM StateMachine ApplyTransaction Thread - 0] INFO  volume.OMVolumeCreateRequest (OMVolumeCreateRequest.java:validateAndUpdateCache(195)) - created volume:volume-26480 for user:runner
2022-06-16 16:18:26,984 [Time-limited test] INFO  rpc.RpcClient (RpcClient.java:createBucket(666)) - Creating Bucket: volume-26480/bucket-76730, with the Bucket Layout null, runner as owner, Versioning false, Storage Type set to DISK and Encryption set to false 
2022-06-16 16:18:26,985 [OM StateMachine ApplyTransaction Thread - 0] INFO  bucket.OMBucketCreateRequest (OMBucketCreateRequest.java:validateAndUpdateCache(260)) - created bucket: bucket-76730 of layout LEGACY in volume: volume-26480
]]></system-out>
  </testcase>
  <testcase name="testMkdirNonExistentVolumeBucket" classname="TestRootedOzoneFileSystem" time="0.095">
    <system-out><![CDATA[2022-06-16 16:19:31,046 [Time-limited test] INFO  rpc.RpcClient (RpcClient.java:createVolume(466)) - Creating Volume: volume64620, with user60886 as owner and space quota set to -1 bytes, counts quota set to -1
2022-06-16 16:19:31,056 [OM StateMachine ApplyTransaction Thread - 0] INFO  volume.OMVolumeCreateRequest (OMVolumeCreateRequest.java:validateAndUpdateCache(195)) - created volume:volume64620 for user:user60886
2022-06-16 16:19:31,057 [Time-limited test] INFO  rpc.RpcClient (RpcClient.java:createBucket(666)) - Creating Bucket: volume64620/bucket84570, with the Bucket Layout LEGACY, runner as owner, Versioning false, Storage Type set to DISK and Encryption set to false 
2022-06-16 16:19:31,059 [OM StateMachine ApplyTransaction Thread - 0] INFO  bucket.OMBucketCreateRequest (OMBucketCreateRequest.java:validateAndUpdateCache(260)) - created bucket: bucket84570 of layout LEGACY in volume: volume64620
16:19:31.061 [IPC Server handler 1 on default port 34065] ERROR OMAudit - user=runner | ip=127.0.0.1 | op=READ_BUCKET {volume=volume-99534, bucket=bucket-79971} | ret=FAILURE
org.apache.hadoop.ozone.om.exceptions.OMException: Volume not found when getting bucket info
	at org.apache.hadoop.ozone.om.BucketManagerImpl.getBucketInfo(BucketManagerImpl.java:127) ~[ozone-manager-1.3.0-SNAPSHOT.jar:?]
	at org.apache.hadoop.ozone.om.OzoneManager.getBucketInfo(OzoneManager.java:2778) ~[ozone-manager-1.3.0-SNAPSHOT.jar:?]
	at org.apache.hadoop.ozone.protocolPB.OzoneManagerRequestHandler.infoBucket(OzoneManagerRequestHandler.java:464) ~[ozone-manager-1.3.0-SNAPSHOT.jar:?]
	at org.apache.hadoop.ozone.protocolPB.OzoneManagerRequestHandler.handleReadRequest(OzoneManagerRequestHandler.java:172) ~[ozone-manager-1.3.0-SNAPSHOT.jar:?]
	at org.apache.hadoop.ozone.protocolPB.OzoneManagerProtocolServerSideTranslatorPB.submitReadRequestToOM(OzoneManagerProtocolServerSideTranslatorPB.java:225) ~[ozone-manager-1.3.0-SNAPSHOT.jar:?]
	at org.apache.hadoop.ozone.protocolPB.OzoneManagerProtocolServerSideTranslatorPB.processRequest(OzoneManagerProtocolServerSideTranslatorPB.java:175) ~[ozone-manager-1.3.0-SNAPSHOT.jar:?]
	at org.apache.hadoop.hdds.server.OzoneProtocolMessageDispatcher.processRequest(OzoneProtocolMessageDispatcher.java:87) [hdds-server-framework-1.3.0-SNAPSHOT.jar:?]
	at org.apache.hadoop.ozone.protocolPB.OzoneManagerProtocolServerSideTranslatorPB.submitRequest(OzoneManagerProtocolServerSideTranslatorPB.java:147) [ozone-manager-1.3.0-SNAPSHOT.jar:?]
	at org.apache.hadoop.ozone.protocol.proto.OzoneManagerProtocolProtos$OzoneManagerService$2.callBlockingMethod(OzoneManagerProtocolProtos.java) [ozone-interface-client-1.3.0-SNAPSHOT.jar:?]
	at org.apache.hadoop.ipc.ProtobufRpcEngine$Server.processCall(ProtobufRpcEngine.java:466) [hadoop-common-3.3.1.jar:?]
	at org.apache.hadoop.ipc.ProtobufRpcEngine2$Server$ProtoBufRpcInvoker.call(ProtobufRpcEngine2.java:574) [hadoop-common-3.3.1.jar:?]
	at org.apache.hadoop.ipc.ProtobufRpcEngine2$Server$ProtoBufRpcInvoker.call(ProtobufRpcEngine2.java:552) [hadoop-common-3.3.1.jar:?]
	at org.apache.hadoop.ipc.RPC$Server.call(RPC.java:1093) [hadoop-common-3.3.1.jar:?]
	at org.apache.hadoop.ipc.Server$RpcCall.run(Server.java:1035) [hadoop-common-3.3.1.jar:?]
	at org.apache.hadoop.ipc.Server$RpcCall.run(Server.java:963) [hadoop-common-3.3.1.jar:?]
	at java.security.AccessController.doPrivileged(Native Method) ~[?:1.8.0_332]
	at javax.security.auth.Subject.doAs(Subject.java:422) [?:1.8.0_332]
	at org.apache.hadoop.security.UserGroupInformation.doAs(UserGroupInformation.java:1878) [hadoop-common-3.3.1.jar:?]
	at org.apache.hadoop.ipc.Server$Handler.run(Server.java:2966) [hadoop-common-3.3.1.jar:?]
2022-06-16 16:19:31,061 [Time-limited test] INFO  rpc.RpcClient (RpcClient.java:createVolume(466)) - Creating Volume: volume-99534, with runner as owner and space quota set to -1 bytes, counts quota set to -1
2022-06-16 16:19:31,062 [OM StateMachine ApplyTransaction Thread - 0] INFO  volume.OMVolumeCreateRequest (OMVolumeCreateRequest.java:validateAndUpdateCache(195)) - created volume:volume-99534 for user:runner
2022-06-16 16:19:31,063 [Time-limited test] INFO  rpc.RpcClient (RpcClient.java:createBucket(666)) - Creating Bucket: volume-99534/bucket-79971, with the Bucket Layout null, runner as owner, Versioning false, Storage Type set to DISK and Encryption set to false 
2022-06-16 16:19:31,064 [OM StateMachine ApplyTransaction Thread - 0] INFO  bucket.OMBucketCreateRequest (OMBucketCreateRequest.java:validateAndUpdateCache(260)) - created bucket: bucket-79971 of layout LEGACY in volume: volume-99534
]]></system-out>
  </testcase>
  <testcase name="testMkdirNonExistentVolumeBucket" classname="TestRootedOzoneFileSystem" time="0.122">
    <system-out><![CDATA[2022-06-16 16:20:43,315 [Time-limited test] INFO  rpc.RpcClient (RpcClient.java:createVolume(466)) - Creating Volume: volume61319, with user50542 as owner and space quota set to -1 bytes, counts quota set to -1
2022-06-16 16:20:43,315 [IPC Server handler 10 on default port 42069] INFO  volume.OMVolumeCreateRequest (OMVolumeCreateRequest.java:validateAndUpdateCache(195)) - created volume:volume61319 for user:user50542
2022-06-16 16:20:43,326 [Time-limited test] INFO  rpc.RpcClient (RpcClient.java:createBucket(666)) - Creating Bucket: volume61319/bucket65660, with the Bucket Layout LEGACY, runner as owner, Versioning false, Storage Type set to DISK and Encryption set to false 
2022-06-16 16:20:43,326 [IPC Server handler 11 on default port 42069] INFO  bucket.OMBucketCreateRequest (OMBucketCreateRequest.java:validateAndUpdateCache(260)) - created bucket: bucket65660 of layout LEGACY in volume: volume61319
16:20:43.329 [IPC Server handler 15 on default port 42069] ERROR OMAudit - user=runner | ip=127.0.0.1 | op=READ_BUCKET {volume=volume-49850, bucket=bucket-67065} | ret=FAILURE
org.apache.hadoop.ozone.om.exceptions.OMException: Volume not found when getting bucket info
	at org.apache.hadoop.ozone.om.BucketManagerImpl.getBucketInfo(BucketManagerImpl.java:127) ~[ozone-manager-1.3.0-SNAPSHOT.jar:?]
	at org.apache.hadoop.ozone.om.OzoneManager.getBucketInfo(OzoneManager.java:2778) ~[ozone-manager-1.3.0-SNAPSHOT.jar:?]
	at org.apache.hadoop.ozone.protocolPB.OzoneManagerRequestHandler.infoBucket(OzoneManagerRequestHandler.java:464) ~[ozone-manager-1.3.0-SNAPSHOT.jar:?]
	at org.apache.hadoop.ozone.protocolPB.OzoneManagerRequestHandler.handleReadRequest(OzoneManagerRequestHandler.java:172) ~[ozone-manager-1.3.0-SNAPSHOT.jar:?]
	at org.apache.hadoop.ozone.protocolPB.OzoneManagerProtocolServerSideTranslatorPB.submitRequestDirectlyToOM(OzoneManagerProtocolServerSideTranslatorPB.java:284) ~[ozone-manager-1.3.0-SNAPSHOT.jar:?]
	at org.apache.hadoop.ozone.protocolPB.OzoneManagerProtocolServerSideTranslatorPB.processRequest(OzoneManagerProtocolServerSideTranslatorPB.java:207) ~[ozone-manager-1.3.0-SNAPSHOT.jar:?]
	at org.apache.hadoop.hdds.server.OzoneProtocolMessageDispatcher.processRequest(OzoneProtocolMessageDispatcher.java:87) [hdds-server-framework-1.3.0-SNAPSHOT.jar:?]
	at org.apache.hadoop.ozone.protocolPB.OzoneManagerProtocolServerSideTranslatorPB.submitRequest(OzoneManagerProtocolServerSideTranslatorPB.java:147) [ozone-manager-1.3.0-SNAPSHOT.jar:?]
	at org.apache.hadoop.ozone.protocol.proto.OzoneManagerProtocolProtos$OzoneManagerService$2.callBlockingMethod(OzoneManagerProtocolProtos.java) [ozone-interface-client-1.3.0-SNAPSHOT.jar:?]
	at org.apache.hadoop.ipc.ProtobufRpcEngine$Server.processCall(ProtobufRpcEngine.java:466) [hadoop-common-3.3.1.jar:?]
	at org.apache.hadoop.ipc.ProtobufRpcEngine2$Server$ProtoBufRpcInvoker.call(ProtobufRpcEngine2.java:574) [hadoop-common-3.3.1.jar:?]
	at org.apache.hadoop.ipc.ProtobufRpcEngine2$Server$ProtoBufRpcInvoker.call(ProtobufRpcEngine2.java:552) [hadoop-common-3.3.1.jar:?]
	at org.apache.hadoop.ipc.RPC$Server.call(RPC.java:1093) [hadoop-common-3.3.1.jar:?]
	at org.apache.hadoop.ipc.Server$RpcCall.run(Server.java:1035) [hadoop-common-3.3.1.jar:?]
	at org.apache.hadoop.ipc.Server$RpcCall.run(Server.java:963) [hadoop-common-3.3.1.jar:?]
	at java.security.AccessController.doPrivileged(Native Method) ~[?:1.8.0_332]
	at javax.security.auth.Subject.doAs(Subject.java:422) [?:1.8.0_332]
	at org.apache.hadoop.security.UserGroupInformation.doAs(UserGroupInformation.java:1878) [hadoop-common-3.3.1.jar:?]
	at org.apache.hadoop.ipc.Server$Handler.run(Server.java:2966) [hadoop-common-3.3.1.jar:?]
2022-06-16 16:20:43,330 [Time-limited test] INFO  rpc.RpcClient (RpcClient.java:createVolume(466)) - Creating Volume: volume-49850, with runner as owner and space quota set to -1 bytes, counts quota set to -1
2022-06-16 16:20:43,330 [IPC Server handler 16 on default port 42069] INFO  volume.OMVolumeCreateRequest (OMVolumeCreateRequest.java:validateAndUpdateCache(195)) - created volume:volume-49850 for user:runner
2022-06-16 16:20:43,331 [Time-limited test] INFO  rpc.RpcClient (RpcClient.java:createBucket(666)) - Creating Bucket: volume-49850/bucket-67065, with the Bucket Layout null, runner as owner, Versioning false, Storage Type set to DISK and Encryption set to false 
2022-06-16 16:20:43,331 [IPC Server handler 18 on default port 42069] INFO  bucket.OMBucketCreateRequest (OMBucketCreateRequest.java:validateAndUpdateCache(260)) - created bucket: bucket-67065 of layout LEGACY in volume: volume-49850
]]></system-out>
  </testcase>
  <testcase name="testMkdirNonExistentVolumeBucket" classname="TestRootedOzoneFileSystem" time="0.203">
    <system-out><![CDATA[2022-06-16 16:22:32,124 [cbc12831-31a5-4f31-a046-b81d852f61de@group-FD2032A2FA14-FollowerState] INFO  impl.FollowerState (FollowerState.java:run(143)) - cbc12831-31a5-4f31-a046-b81d852f61de@group-FD2032A2FA14-FollowerState: change to CANDIDATE, lastRpcElapsedTime:5042336227ns, electionTimeout:5030ms
2022-06-16 16:22:32,125 [cbc12831-31a5-4f31-a046-b81d852f61de@group-FD2032A2FA14-FollowerState] INFO  impl.RoleInfo (RoleInfo.java:shutdownFollowerState(110)) - cbc12831-31a5-4f31-a046-b81d852f61de: shutdown cbc12831-31a5-4f31-a046-b81d852f61de@group-FD2032A2FA14-FollowerState
2022-06-16 16:22:32,125 [cbc12831-31a5-4f31-a046-b81d852f61de@group-FD2032A2FA14-FollowerState] INFO  server.RaftServer$Division (RaftServerImpl.java:setRole(299)) - cbc12831-31a5-4f31-a046-b81d852f61de@group-FD2032A2FA14: changes role from  FOLLOWER to CANDIDATE at term 8 for changeToCandidate
2022-06-16 16:22:32,125 [cbc12831-31a5-4f31-a046-b81d852f61de@group-FD2032A2FA14-FollowerState] INFO  server.RaftServerConfigKeys (ConfUtils.java:logGet(46)) - raft.server.leaderelection.pre-vote = false (custom)
2022-06-16 16:22:32,125 [cbc12831-31a5-4f31-a046-b81d852f61de@group-FD2032A2FA14-FollowerState] INFO  impl.RoleInfo (RoleInfo.java:updateAndGet(139)) - cbc12831-31a5-4f31-a046-b81d852f61de: start cbc12831-31a5-4f31-a046-b81d852f61de@group-FD2032A2FA14-LeaderElection87
2022-06-16 16:22:32,149 [cbc12831-31a5-4f31-a046-b81d852f61de@group-FD2032A2FA14-LeaderElection87] INFO  impl.LeaderElection (LeaderElection.java:askForVotes(310)) - cbc12831-31a5-4f31-a046-b81d852f61de@group-FD2032A2FA14-LeaderElection87 ELECTION round 0: submit vote requests at term 9 for -1: [995fc94b-3f8e-410c-9bb6-8c0a727652de|rpc:10.1.0.16:43709|priority:0, cbc12831-31a5-4f31-a046-b81d852f61de|rpc:10.1.0.16:42913|priority:0, 6c743a47-4ce0-4970-944e-624fd1e2ad3d|rpc:10.1.0.16:44833|priority:1], old=null
2022-06-16 16:22:32,161 [6c743a47-4ce0-4970-944e-624fd1e2ad3d@group-FD2032A2FA14-FollowerState] INFO  impl.FollowerState (FollowerState.java:run(143)) - 6c743a47-4ce0-4970-944e-624fd1e2ad3d@group-FD2032A2FA14-FollowerState: change to CANDIDATE, lastRpcElapsedTime:5089194400ns, electionTimeout:5087ms
2022-06-16 16:22:32,161 [6c743a47-4ce0-4970-944e-624fd1e2ad3d@group-FD2032A2FA14-FollowerState] INFO  impl.RoleInfo (RoleInfo.java:shutdownFollowerState(110)) - 6c743a47-4ce0-4970-944e-624fd1e2ad3d: shutdown 6c743a47-4ce0-4970-944e-624fd1e2ad3d@group-FD2032A2FA14-FollowerState
2022-06-16 16:22:32,161 [6c743a47-4ce0-4970-944e-624fd1e2ad3d@group-FD2032A2FA14-FollowerState] INFO  server.RaftServer$Division (RaftServerImpl.java:setRole(299)) - 6c743a47-4ce0-4970-944e-624fd1e2ad3d@group-FD2032A2FA14: changes role from  FOLLOWER to CANDIDATE at term 8 for changeToCandidate
2022-06-16 16:22:32,184 [grpc-default-executor-2] INFO  server.RaftServer$Division (RaftServerImpl.java:requestVote(1152)) - 995fc94b-3f8e-410c-9bb6-8c0a727652de@group-FD2032A2FA14: receive requestVote(ELECTION, cbc12831-31a5-4f31-a046-b81d852f61de, group-FD2032A2FA14, 9, (t:0, i:0))
2022-06-16 16:22:32,184 [grpc-default-executor-2] INFO  impl.VoteContext (VoteContext.java:log(48)) - 995fc94b-3f8e-410c-9bb6-8c0a727652de@group-FD2032A2FA14-FOLLOWER: accept ELECTION from cbc12831-31a5-4f31-a046-b81d852f61de: our priority 0 <= candidate's priority 0
2022-06-16 16:22:32,184 [grpc-default-executor-2] INFO  server.RaftServer$Division (RaftServerImpl.java:setRole(299)) - 995fc94b-3f8e-410c-9bb6-8c0a727652de@group-FD2032A2FA14: changes role from  FOLLOWER to FOLLOWER at term 9 for candidate:cbc12831-31a5-4f31-a046-b81d852f61de
2022-06-16 16:22:32,185 [grpc-default-executor-2] INFO  impl.RoleInfo (RoleInfo.java:shutdownFollowerState(110)) - 995fc94b-3f8e-410c-9bb6-8c0a727652de: shutdown 995fc94b-3f8e-410c-9bb6-8c0a727652de@group-FD2032A2FA14-FollowerState
2022-06-16 16:22:32,230 [grpc-default-executor-2] INFO  impl.RoleInfo (RoleInfo.java:updateAndGet(139)) - 995fc94b-3f8e-410c-9bb6-8c0a727652de: start 995fc94b-3f8e-410c-9bb6-8c0a727652de@group-FD2032A2FA14-FollowerState
2022-06-16 16:22:32,230 [6c743a47-4ce0-4970-944e-624fd1e2ad3d@group-FD2032A2FA14-FollowerState] INFO  server.RaftServerConfigKeys (ConfUtils.java:logGet(46)) - raft.server.leaderelection.pre-vote = false (custom)
2022-06-16 16:22:32,230 [6c743a47-4ce0-4970-944e-624fd1e2ad3d@group-FD2032A2FA14-FollowerState] INFO  impl.RoleInfo (RoleInfo.java:updateAndGet(139)) - 6c743a47-4ce0-4970-944e-624fd1e2ad3d: start 6c743a47-4ce0-4970-944e-624fd1e2ad3d@group-FD2032A2FA14-LeaderElection88
2022-06-16 16:22:32,231 [grpc-default-executor-4] INFO  server.RaftServer$Division (RaftServerImpl.java:requestVote(1152)) - 6c743a47-4ce0-4970-944e-624fd1e2ad3d@group-FD2032A2FA14: receive requestVote(ELECTION, cbc12831-31a5-4f31-a046-b81d852f61de, group-FD2032A2FA14, 9, (t:0, i:0))
2022-06-16 16:22:32,236 [grpc-default-executor-2] INFO  server.RaftServer$Division (RaftServerImpl.java:requestVote(1184)) - 995fc94b-3f8e-410c-9bb6-8c0a727652de@group-FD2032A2FA14 replies to ELECTION vote request: cbc12831-31a5-4f31-a046-b81d852f61de<-995fc94b-3f8e-410c-9bb6-8c0a727652de#0:OK-t9. Peer's state: 995fc94b-3f8e-410c-9bb6-8c0a727652de@group-FD2032A2FA14:t9, leader=null, voted=cbc12831-31a5-4f31-a046-b81d852f61de, raftlog=995fc94b-3f8e-410c-9bb6-8c0a727652de@group-FD2032A2FA14-SegmentedRaftLog:OPENED:c-1, conf=-1: [995fc94b-3f8e-410c-9bb6-8c0a727652de|rpc:10.1.0.16:43709|dataStream:|priority:0, cbc12831-31a5-4f31-a046-b81d852f61de|rpc:10.1.0.16:42913|dataStream:|priority:0, 6c743a47-4ce0-4970-944e-624fd1e2ad3d|rpc:10.1.0.16:44833|dataStream:|priority:1], old=null
2022-06-16 16:22:32,244 [Time-limited test] INFO  rpc.RpcClient (RpcClient.java:createVolume(466)) - Creating Volume: volume76726, with user04638 as owner and space quota set to -1 bytes, counts quota set to -1
2022-06-16 16:22:32,251 [OM StateMachine ApplyTransaction Thread - 0] INFO  volume.OMVolumeCreateRequest (OMVolumeCreateRequest.java:validateAndUpdateCache(195)) - created volume:volume76726 for user:user04638
2022-06-16 16:22:32,254 [Time-limited test] INFO  rpc.RpcClient (RpcClient.java:createBucket(666)) - Creating Bucket: volume76726/bucket69609, with the Bucket Layout LEGACY, runner as owner, Versioning false, Storage Type set to DISK and Encryption set to false 
2022-06-16 16:22:32,255 [OM StateMachine ApplyTransaction Thread - 0] INFO  bucket.OMBucketCreateRequest (OMBucketCreateRequest.java:validateAndUpdateCache(260)) - created bucket: bucket69609 of layout LEGACY in volume: volume76726
16:22:32.256 [IPC Server handler 15 on default port 33505] ERROR OMAudit - user=runner | ip=127.0.0.1 | op=READ_BUCKET {volume=volume-45962, bucket=bucket-31248} | ret=FAILURE
org.apache.hadoop.ozone.om.exceptions.OMException: Volume not found when getting bucket info
	at org.apache.hadoop.ozone.om.BucketManagerImpl.getBucketInfo(BucketManagerImpl.java:127) ~[ozone-manager-1.3.0-SNAPSHOT.jar:?]
	at org.apache.hadoop.ozone.om.OzoneManager.getBucketInfo(OzoneManager.java:2778) ~[ozone-manager-1.3.0-SNAPSHOT.jar:?]
	at org.apache.hadoop.ozone.protocolPB.OzoneManagerRequestHandler.infoBucket(OzoneManagerRequestHandler.java:464) ~[ozone-manager-1.3.0-SNAPSHOT.jar:?]
	at org.apache.hadoop.ozone.protocolPB.OzoneManagerRequestHandler.handleReadRequest(OzoneManagerRequestHandler.java:172) ~[ozone-manager-1.3.0-SNAPSHOT.jar:?]
	at org.apache.hadoop.ozone.protocolPB.OzoneManagerProtocolServerSideTranslatorPB.submitReadRequestToOM(OzoneManagerProtocolServerSideTranslatorPB.java:225) ~[ozone-manager-1.3.0-SNAPSHOT.jar:?]
	at org.apache.hadoop.ozone.protocolPB.OzoneManagerProtocolServerSideTranslatorPB.processRequest(OzoneManagerProtocolServerSideTranslatorPB.java:175) ~[ozone-manager-1.3.0-SNAPSHOT.jar:?]
	at org.apache.hadoop.hdds.server.OzoneProtocolMessageDispatcher.processRequest(OzoneProtocolMessageDispatcher.java:87) [hdds-server-framework-1.3.0-SNAPSHOT.jar:?]
	at org.apache.hadoop.ozone.protocolPB.OzoneManagerProtocolServerSideTranslatorPB.submitRequest(OzoneManagerProtocolServerSideTranslatorPB.java:147) [ozone-manager-1.3.0-SNAPSHOT.jar:?]
	at org.apache.hadoop.ozone.protocol.proto.OzoneManagerProtocolProtos$OzoneManagerService$2.callBlockingMethod(OzoneManagerProtocolProtos.java) [ozone-interface-client-1.3.0-SNAPSHOT.jar:?]
	at org.apache.hadoop.ipc.ProtobufRpcEngine$Server.processCall(ProtobufRpcEngine.java:466) [hadoop-common-3.3.1.jar:?]
	at org.apache.hadoop.ipc.ProtobufRpcEngine2$Server$ProtoBufRpcInvoker.call(ProtobufRpcEngine2.java:574) [hadoop-common-3.3.1.jar:?]
	at org.apache.hadoop.ipc.ProtobufRpcEngine2$Server$ProtoBufRpcInvoker.call(ProtobufRpcEngine2.java:552) [hadoop-common-3.3.1.jar:?]
	at org.apache.hadoop.ipc.RPC$Server.call(RPC.java:1093) [hadoop-common-3.3.1.jar:?]
	at org.apache.hadoop.ipc.Server$RpcCall.run(Server.java:1035) [hadoop-common-3.3.1.jar:?]
	at org.apache.hadoop.ipc.Server$RpcCall.run(Server.java:963) [hadoop-common-3.3.1.jar:?]
	at java.security.AccessController.doPrivileged(Native Method) ~[?:1.8.0_332]
	at javax.security.auth.Subject.doAs(Subject.java:422) [?:1.8.0_332]
	at org.apache.hadoop.security.UserGroupInformation.doAs(UserGroupInformation.java:1878) [hadoop-common-3.3.1.jar:?]
	at org.apache.hadoop.ipc.Server$Handler.run(Server.java:2966) [hadoop-common-3.3.1.jar:?]
2022-06-16 16:22:32,257 [Time-limited test] INFO  rpc.RpcClient (RpcClient.java:createVolume(466)) - Creating Volume: volume-45962, with runner as owner and space quota set to -1 bytes, counts quota set to -1
2022-06-16 16:22:32,257 [OM StateMachine ApplyTransaction Thread - 0] INFO  volume.OMVolumeCreateRequest (OMVolumeCreateRequest.java:validateAndUpdateCache(195)) - created volume:volume-45962 for user:runner
2022-06-16 16:22:32,258 [Time-limited test] INFO  rpc.RpcClient (RpcClient.java:createBucket(666)) - Creating Bucket: volume-45962/bucket-31248, with the Bucket Layout null, runner as owner, Versioning false, Storage Type set to DISK and Encryption set to false 
2022-06-16 16:22:32,259 [OM StateMachine ApplyTransaction Thread - 0] INFO  bucket.OMBucketCreateRequest (OMBucketCreateRequest.java:validateAndUpdateCache(260)) - created bucket: bucket-31248 of layout LEGACY in volume: volume-45962
2022-06-16 16:22:32,270 [995fc94b-3f8e-410c-9bb6-8c0a727652de@group-FD2032A2FA14-FollowerState] INFO  impl.FollowerState (FollowerState.java:run(152)) - 995fc94b-3f8e-410c-9bb6-8c0a727652de@group-FD2032A2FA14-FollowerState was interrupted
2022-06-16 16:22:32,274 [grpc-default-executor-4] INFO  impl.VoteContext (VoteContext.java:log(48)) - 6c743a47-4ce0-4970-944e-624fd1e2ad3d@group-FD2032A2FA14-CANDIDATE: reject ELECTION from cbc12831-31a5-4f31-a046-b81d852f61de: our priority 1 > candidate's priority 0
2022-06-16 16:22:32,274 [grpc-default-executor-4] INFO  server.RaftServer$Division (RaftServerImpl.java:setRole(299)) - 6c743a47-4ce0-4970-944e-624fd1e2ad3d@group-FD2032A2FA14: changes role from CANDIDATE to FOLLOWER at term 9 for candidate:cbc12831-31a5-4f31-a046-b81d852f61de
2022-06-16 16:22:32,274 [grpc-default-executor-4] INFO  impl.RoleInfo (RoleInfo.java:shutdownLeaderElection(130)) - 6c743a47-4ce0-4970-944e-624fd1e2ad3d: shutdown 6c743a47-4ce0-4970-944e-624fd1e2ad3d@group-FD2032A2FA14-LeaderElection88
2022-06-16 16:22:32,274 [grpc-default-executor-4] INFO  impl.RoleInfo (RoleInfo.java:updateAndGet(139)) - 6c743a47-4ce0-4970-944e-624fd1e2ad3d: start 6c743a47-4ce0-4970-944e-624fd1e2ad3d@group-FD2032A2FA14-FollowerState
]]></system-out>
  </testcase>
  <testcase name="testMkdirNonExistentVolumeBucket" classname="TestRootedOzoneFileSystem" time="0.27">
    <system-out><![CDATA[2022-06-16 16:23:57,397 [Time-limited test] INFO  rpc.RpcClient (RpcClient.java:createVolume(466)) - Creating Volume: volume31726, with user70956 as owner and space quota set to -1 bytes, counts quota set to -1
2022-06-16 16:23:57,398 [IPC Server handler 8 on default port 44357] INFO  volume.OMVolumeCreateRequest (OMVolumeCreateRequest.java:validateAndUpdateCache(195)) - created volume:volume31726 for user:user70956
2022-06-16 16:23:57,406 [Time-limited test] INFO  rpc.RpcClient (RpcClient.java:createBucket(666)) - Creating Bucket: volume31726/bucket89406, with the Bucket Layout LEGACY, runner as owner, Versioning false, Storage Type set to DISK and Encryption set to false 
2022-06-16 16:23:57,410 [IPC Server handler 4 on default port 44357] INFO  bucket.OMBucketCreateRequest (OMBucketCreateRequest.java:validateAndUpdateCache(260)) - created bucket: bucket89406 of layout LEGACY in volume: volume31726
16:23:57.421 [IPC Server handler 9 on default port 44357] ERROR OMAudit - user=runner | ip=127.0.0.1 | op=READ_BUCKET {volume=volume-23666, bucket=bucket-95036} | ret=FAILURE
org.apache.hadoop.ozone.om.exceptions.OMException: Volume not found when getting bucket info
	at org.apache.hadoop.ozone.om.BucketManagerImpl.getBucketInfo(BucketManagerImpl.java:127) ~[ozone-manager-1.3.0-SNAPSHOT.jar:?]
	at org.apache.hadoop.ozone.om.OzoneManager.getBucketInfo(OzoneManager.java:2778) ~[ozone-manager-1.3.0-SNAPSHOT.jar:?]
	at org.apache.hadoop.ozone.protocolPB.OzoneManagerRequestHandler.infoBucket(OzoneManagerRequestHandler.java:464) ~[ozone-manager-1.3.0-SNAPSHOT.jar:?]
	at org.apache.hadoop.ozone.protocolPB.OzoneManagerRequestHandler.handleReadRequest(OzoneManagerRequestHandler.java:172) ~[ozone-manager-1.3.0-SNAPSHOT.jar:?]
	at org.apache.hadoop.ozone.protocolPB.OzoneManagerProtocolServerSideTranslatorPB.submitRequestDirectlyToOM(OzoneManagerProtocolServerSideTranslatorPB.java:284) ~[ozone-manager-1.3.0-SNAPSHOT.jar:?]
	at org.apache.hadoop.ozone.protocolPB.OzoneManagerProtocolServerSideTranslatorPB.processRequest(OzoneManagerProtocolServerSideTranslatorPB.java:207) ~[ozone-manager-1.3.0-SNAPSHOT.jar:?]
	at org.apache.hadoop.hdds.server.OzoneProtocolMessageDispatcher.processRequest(OzoneProtocolMessageDispatcher.java:87) [hdds-server-framework-1.3.0-SNAPSHOT.jar:?]
	at org.apache.hadoop.ozone.protocolPB.OzoneManagerProtocolServerSideTranslatorPB.submitRequest(OzoneManagerProtocolServerSideTranslatorPB.java:147) [ozone-manager-1.3.0-SNAPSHOT.jar:?]
	at org.apache.hadoop.ozone.protocol.proto.OzoneManagerProtocolProtos$OzoneManagerService$2.callBlockingMethod(OzoneManagerProtocolProtos.java) [ozone-interface-client-1.3.0-SNAPSHOT.jar:?]
	at org.apache.hadoop.ipc.ProtobufRpcEngine$Server.processCall(ProtobufRpcEngine.java:466) [hadoop-common-3.3.1.jar:?]
	at org.apache.hadoop.ipc.ProtobufRpcEngine2$Server$ProtoBufRpcInvoker.call(ProtobufRpcEngine2.java:574) [hadoop-common-3.3.1.jar:?]
	at org.apache.hadoop.ipc.ProtobufRpcEngine2$Server$ProtoBufRpcInvoker.call(ProtobufRpcEngine2.java:552) [hadoop-common-3.3.1.jar:?]
	at org.apache.hadoop.ipc.RPC$Server.call(RPC.java:1093) [hadoop-common-3.3.1.jar:?]
	at org.apache.hadoop.ipc.Server$RpcCall.run(Server.java:1035) [hadoop-common-3.3.1.jar:?]
	at org.apache.hadoop.ipc.Server$RpcCall.run(Server.java:963) [hadoop-common-3.3.1.jar:?]
	at java.security.AccessController.doPrivileged(Native Method) ~[?:1.8.0_332]
	at javax.security.auth.Subject.doAs(Subject.java:422) [?:1.8.0_332]
	at org.apache.hadoop.security.UserGroupInformation.doAs(UserGroupInformation.java:1878) [hadoop-common-3.3.1.jar:?]
	at org.apache.hadoop.ipc.Server$Handler.run(Server.java:2966) [hadoop-common-3.3.1.jar:?]
2022-06-16 16:23:57,422 [Time-limited test] INFO  rpc.RpcClient (RpcClient.java:createVolume(466)) - Creating Volume: volume-23666, with runner as owner and space quota set to -1 bytes, counts quota set to -1
2022-06-16 16:23:57,422 [IPC Server handler 14 on default port 44357] INFO  volume.OMVolumeCreateRequest (OMVolumeCreateRequest.java:validateAndUpdateCache(195)) - created volume:volume-23666 for user:runner
2022-06-16 16:23:57,423 [Time-limited test] INFO  rpc.RpcClient (RpcClient.java:createBucket(666)) - Creating Bucket: volume-23666/bucket-95036, with the Bucket Layout null, runner as owner, Versioning false, Storage Type set to DISK and Encryption set to false 
2022-06-16 16:23:57,423 [IPC Server handler 15 on default port 44357] INFO  bucket.OMBucketCreateRequest (OMBucketCreateRequest.java:validateAndUpdateCache(260)) - created bucket: bucket-95036 of layout LEGACY in volume: volume-23666
]]></system-out>
  </testcase>
  <testcase name="testFailToDeleteRoot" classname="TestRootedOzoneFileSystem" time="0.048">
    <system-out><![CDATA[2022-06-16 16:18:27,028 [Time-limited test] INFO  rpc.RpcClient (RpcClient.java:createVolume(466)) - Creating Volume: volume62518, with user50718 as owner and space quota set to -1 bytes, counts quota set to -1
2022-06-16 16:18:27,031 [OM StateMachine ApplyTransaction Thread - 0] INFO  volume.OMVolumeCreateRequest (OMVolumeCreateRequest.java:validateAndUpdateCache(195)) - created volume:volume62518 for user:user50718
2022-06-16 16:18:27,033 [Time-limited test] INFO  rpc.RpcClient (RpcClient.java:createBucket(666)) - Creating Bucket: volume62518/bucket80874, with the Bucket Layout LEGACY, runner as owner, Versioning false, Storage Type set to DISK and Encryption set to false 
2022-06-16 16:18:27,039 [OM StateMachine ApplyTransaction Thread - 0] INFO  bucket.OMBucketCreateRequest (OMBucketCreateRequest.java:validateAndUpdateCache(260)) - created bucket: bucket80874 of layout LEGACY in volume: volume62518
2022-06-16 16:18:27,041 [Time-limited test] WARN  ozone.BasicRootedOzoneFileSystem (BasicRootedOzoneFileSystem.java:delete(591)) - delete: OFS does not support rm root. To wipe the cluster, please re-init OM instead.
2022-06-16 16:18:27,041 [Time-limited test] WARN  ozone.BasicRootedOzoneFileSystem (BasicRootedOzoneFileSystem.java:delete(591)) - delete: OFS does not support rm root. To wipe the cluster, please re-init OM instead.
]]></system-out>
  </testcase>
  <testcase name="testFailToDeleteRoot" classname="TestRootedOzoneFileSystem" time="0.072">
    <system-out><![CDATA[2022-06-16 16:19:31,135 [Time-limited test] INFO  rpc.RpcClient (RpcClient.java:createVolume(466)) - Creating Volume: volume96965, with user23144 as owner and space quota set to -1 bytes, counts quota set to -1
2022-06-16 16:19:31,137 [OM StateMachine ApplyTransaction Thread - 0] INFO  volume.OMVolumeCreateRequest (OMVolumeCreateRequest.java:validateAndUpdateCache(195)) - created volume:volume96965 for user:user23144
2022-06-16 16:19:31,138 [Time-limited test] INFO  rpc.RpcClient (RpcClient.java:createBucket(666)) - Creating Bucket: volume96965/bucket17210, with the Bucket Layout LEGACY, runner as owner, Versioning false, Storage Type set to DISK and Encryption set to false 
2022-06-16 16:19:31,139 [OM StateMachine ApplyTransaction Thread - 0] INFO  bucket.OMBucketCreateRequest (OMBucketCreateRequest.java:validateAndUpdateCache(260)) - created bucket: bucket17210 of layout LEGACY in volume: volume96965
2022-06-16 16:19:31,139 [Time-limited test] WARN  ozone.BasicRootedOzoneFileSystem (BasicRootedOzoneFileSystem.java:delete(591)) - delete: OFS does not support rm root. To wipe the cluster, please re-init OM instead.
2022-06-16 16:19:31,139 [Time-limited test] WARN  ozone.BasicRootedOzoneFileSystem (BasicRootedOzoneFileSystem.java:delete(591)) - delete: OFS does not support rm root. To wipe the cluster, please re-init OM instead.
]]></system-out>
  </testcase>
  <testcase name="testFailToDeleteRoot" classname="TestRootedOzoneFileSystem" time="0.081">
    <system-out><![CDATA[2022-06-16 16:20:43,382 [Time-limited test] INFO  rpc.RpcClient (RpcClient.java:createVolume(466)) - Creating Volume: volume34400, with user94315 as owner and space quota set to -1 bytes, counts quota set to -1
2022-06-16 16:20:43,383 [IPC Server handler 1 on default port 42069] INFO  volume.OMVolumeCreateRequest (OMVolumeCreateRequest.java:validateAndUpdateCache(195)) - created volume:volume34400 for user:user94315
2022-06-16 16:20:43,414 [Time-limited test] INFO  rpc.RpcClient (RpcClient.java:createBucket(666)) - Creating Bucket: volume34400/bucket66191, with the Bucket Layout LEGACY, runner as owner, Versioning false, Storage Type set to DISK and Encryption set to false 
2022-06-16 16:20:43,415 [IPC Server handler 2 on default port 42069] INFO  bucket.OMBucketCreateRequest (OMBucketCreateRequest.java:validateAndUpdateCache(260)) - created bucket: bucket66191 of layout LEGACY in volume: volume34400
2022-06-16 16:20:43,415 [Time-limited test] WARN  ozone.BasicRootedOzoneFileSystem (BasicRootedOzoneFileSystem.java:delete(591)) - delete: OFS does not support rm root. To wipe the cluster, please re-init OM instead.
2022-06-16 16:20:43,415 [Time-limited test] WARN  ozone.BasicRootedOzoneFileSystem (BasicRootedOzoneFileSystem.java:delete(591)) - delete: OFS does not support rm root. To wipe the cluster, please re-init OM instead.
]]></system-out>
  </testcase>
  <testcase name="testFailToDeleteRoot" classname="TestRootedOzoneFileSystem" time="0.197">
    <system-out><![CDATA[2022-06-16 16:22:32,291 [6c743a47-4ce0-4970-944e-624fd1e2ad3d@group-FD2032A2FA14-LeaderElection88] INFO  impl.LeaderElection (LeaderElection.java:run(231)) - 6c743a47-4ce0-4970-944e-624fd1e2ad3d@group-FD2032A2FA14-LeaderElection88: skip running since this is already CLOSING
2022-06-16 16:22:32,302 [grpc-default-executor-4] INFO  server.RaftServer$Division (RaftServerImpl.java:requestVote(1184)) - 6c743a47-4ce0-4970-944e-624fd1e2ad3d@group-FD2032A2FA14 replies to ELECTION vote request: cbc12831-31a5-4f31-a046-b81d852f61de<-6c743a47-4ce0-4970-944e-624fd1e2ad3d#0:FAIL-t9. Peer's state: 6c743a47-4ce0-4970-944e-624fd1e2ad3d@group-FD2032A2FA14:t9, leader=null, voted=null, raftlog=6c743a47-4ce0-4970-944e-624fd1e2ad3d@group-FD2032A2FA14-SegmentedRaftLog:OPENED:c-1, conf=-1: [995fc94b-3f8e-410c-9bb6-8c0a727652de|rpc:10.1.0.16:43709|priority:0, cbc12831-31a5-4f31-a046-b81d852f61de|rpc:10.1.0.16:42913|priority:0, 6c743a47-4ce0-4970-944e-624fd1e2ad3d|rpc:10.1.0.16:44833|priority:1], old=null
2022-06-16 16:22:32,303 [cbc12831-31a5-4f31-a046-b81d852f61de@group-FD2032A2FA14-LeaderElection87] INFO  impl.LeaderElection (LeaderElection.java:logAndReturn(90)) - cbc12831-31a5-4f31-a046-b81d852f61de@group-FD2032A2FA14-LeaderElection87: ELECTION REJECTED received 2 response(s) and 0 exception(s):
2022-06-16 16:22:32,303 [cbc12831-31a5-4f31-a046-b81d852f61de@group-FD2032A2FA14-LeaderElection87] INFO  impl.LeaderElection (LeaderElection.java:logAndReturn(94)) -   Response 0: cbc12831-31a5-4f31-a046-b81d852f61de<-995fc94b-3f8e-410c-9bb6-8c0a727652de#0:OK-t9
2022-06-16 16:22:32,303 [cbc12831-31a5-4f31-a046-b81d852f61de@group-FD2032A2FA14-LeaderElection87] INFO  impl.LeaderElection (LeaderElection.java:logAndReturn(94)) -   Response 1: cbc12831-31a5-4f31-a046-b81d852f61de<-6c743a47-4ce0-4970-944e-624fd1e2ad3d#0:FAIL-t9
2022-06-16 16:22:32,303 [cbc12831-31a5-4f31-a046-b81d852f61de@group-FD2032A2FA14-LeaderElection87] INFO  impl.LeaderElection (LeaderElection.java:askForVotes(312)) - cbc12831-31a5-4f31-a046-b81d852f61de@group-FD2032A2FA14-LeaderElection87 ELECTION round 0: result REJECTED
2022-06-16 16:22:32,303 [cbc12831-31a5-4f31-a046-b81d852f61de@group-FD2032A2FA14-LeaderElection87] INFO  server.RaftServer$Division (RaftServerImpl.java:setRole(299)) - cbc12831-31a5-4f31-a046-b81d852f61de@group-FD2032A2FA14: changes role from CANDIDATE to FOLLOWER at term 9 for REJECTED
2022-06-16 16:22:32,303 [cbc12831-31a5-4f31-a046-b81d852f61de@group-FD2032A2FA14-LeaderElection87] INFO  impl.RoleInfo (RoleInfo.java:shutdownLeaderElection(130)) - cbc12831-31a5-4f31-a046-b81d852f61de: shutdown cbc12831-31a5-4f31-a046-b81d852f61de@group-FD2032A2FA14-LeaderElection87
2022-06-16 16:22:32,303 [cbc12831-31a5-4f31-a046-b81d852f61de@group-FD2032A2FA14-LeaderElection87] INFO  impl.RoleInfo (RoleInfo.java:updateAndGet(139)) - cbc12831-31a5-4f31-a046-b81d852f61de: start cbc12831-31a5-4f31-a046-b81d852f61de@group-FD2032A2FA14-FollowerState
2022-06-16 16:22:32,455 [Time-limited test] INFO  rpc.RpcClient (RpcClient.java:createVolume(466)) - Creating Volume: volume91372, with user04580 as owner and space quota set to -1 bytes, counts quota set to -1
2022-06-16 16:22:32,457 [OM StateMachine ApplyTransaction Thread - 0] INFO  volume.OMVolumeCreateRequest (OMVolumeCreateRequest.java:validateAndUpdateCache(195)) - created volume:volume91372 for user:user04580
2022-06-16 16:22:32,457 [Time-limited test] INFO  rpc.RpcClient (RpcClient.java:createBucket(666)) - Creating Bucket: volume91372/bucket13677, with the Bucket Layout LEGACY, runner as owner, Versioning false, Storage Type set to DISK and Encryption set to false 
2022-06-16 16:22:32,458 [OM StateMachine ApplyTransaction Thread - 0] INFO  bucket.OMBucketCreateRequest (OMBucketCreateRequest.java:validateAndUpdateCache(260)) - created bucket: bucket13677 of layout LEGACY in volume: volume91372
2022-06-16 16:22:32,460 [Time-limited test] WARN  ozone.BasicRootedOzoneFileSystem (BasicRootedOzoneFileSystem.java:delete(591)) - delete: OFS does not support rm root. To wipe the cluster, please re-init OM instead.
2022-06-16 16:22:32,460 [Time-limited test] WARN  ozone.BasicRootedOzoneFileSystem (BasicRootedOzoneFileSystem.java:delete(591)) - delete: OFS does not support rm root. To wipe the cluster, please re-init OM instead.
]]></system-out>
  </testcase>
  <testcase name="testFailToDeleteRoot" classname="TestRootedOzoneFileSystem" time="0.288">
    <system-out><![CDATA[2022-06-16 16:23:57,691 [Time-limited test] INFO  rpc.RpcClient (RpcClient.java:createVolume(466)) - Creating Volume: volume79922, with user06913 as owner and space quota set to -1 bytes, counts quota set to -1
2022-06-16 16:23:57,691 [IPC Server handler 18 on default port 44357] INFO  volume.OMVolumeCreateRequest (OMVolumeCreateRequest.java:validateAndUpdateCache(195)) - created volume:volume79922 for user:user06913
2022-06-16 16:23:57,692 [Time-limited test] INFO  rpc.RpcClient (RpcClient.java:createBucket(666)) - Creating Bucket: volume79922/bucket39881, with the Bucket Layout LEGACY, runner as owner, Versioning false, Storage Type set to DISK and Encryption set to false 
2022-06-16 16:23:57,693 [IPC Server handler 0 on default port 44357] INFO  bucket.OMBucketCreateRequest (OMBucketCreateRequest.java:validateAndUpdateCache(260)) - created bucket: bucket39881 of layout LEGACY in volume: volume79922
2022-06-16 16:23:57,694 [Time-limited test] WARN  ozone.BasicRootedOzoneFileSystem (BasicRootedOzoneFileSystem.java:delete(591)) - delete: OFS does not support rm root. To wipe the cluster, please re-init OM instead.
2022-06-16 16:23:57,694 [Time-limited test] WARN  ozone.BasicRootedOzoneFileSystem (BasicRootedOzoneFileSystem.java:delete(591)) - delete: OFS does not support rm root. To wipe the cluster, please re-init OM instead.
]]></system-out>
  </testcase>
  <testcase name="testListStatusOnSubDirs" classname="TestRootedOzoneFileSystem" time="0.088">
    <system-out><![CDATA[2022-06-16 16:18:27,076 [Time-limited test] INFO  rpc.RpcClient (RpcClient.java:createVolume(466)) - Creating Volume: volume79992, with user81590 as owner and space quota set to -1 bytes, counts quota set to -1
2022-06-16 16:18:27,078 [OM StateMachine ApplyTransaction Thread - 0] INFO  volume.OMVolumeCreateRequest (OMVolumeCreateRequest.java:validateAndUpdateCache(195)) - created volume:volume79992 for user:user81590
2022-06-16 16:18:27,083 [Time-limited test] INFO  rpc.RpcClient (RpcClient.java:createBucket(666)) - Creating Bucket: volume79992/bucket78430, with the Bucket Layout LEGACY, runner as owner, Versioning false, Storage Type set to DISK and Encryption set to false 
2022-06-16 16:18:27,085 [OM StateMachine ApplyTransaction Thread - 0] INFO  bucket.OMBucketCreateRequest (OMBucketCreateRequest.java:validateAndUpdateCache(260)) - created bucket: bucket78430 of layout LEGACY in volume: volume79992
]]></system-out>
  </testcase>
  <testcase name="testListStatusOnSubDirs" classname="TestRootedOzoneFileSystem" time="0.107">
    <system-out><![CDATA[2022-06-16 16:19:31,220 [Time-limited test] INFO  rpc.RpcClient (RpcClient.java:createVolume(466)) - Creating Volume: volume74785, with user08724 as owner and space quota set to -1 bytes, counts quota set to -1
2022-06-16 16:19:31,222 [OM StateMachine ApplyTransaction Thread - 0] INFO  volume.OMVolumeCreateRequest (OMVolumeCreateRequest.java:validateAndUpdateCache(195)) - created volume:volume74785 for user:user08724
2022-06-16 16:19:31,222 [Time-limited test] INFO  rpc.RpcClient (RpcClient.java:createBucket(666)) - Creating Bucket: volume74785/bucket29943, with the Bucket Layout LEGACY, runner as owner, Versioning false, Storage Type set to DISK and Encryption set to false 
2022-06-16 16:19:31,223 [OM StateMachine ApplyTransaction Thread - 0] INFO  bucket.OMBucketCreateRequest (OMBucketCreateRequest.java:validateAndUpdateCache(260)) - created bucket: bucket29943 of layout LEGACY in volume: volume74785
]]></system-out>
  </testcase>
  <testcase name="testListStatusOnSubDirs" classname="TestRootedOzoneFileSystem" time="0.118">
    <system-out><![CDATA[2022-06-16 16:20:43,501 [Time-limited test] INFO  rpc.RpcClient (RpcClient.java:createVolume(466)) - Creating Volume: volume18203, with user14961 as owner and space quota set to -1 bytes, counts quota set to -1
2022-06-16 16:20:43,501 [IPC Server handler 3 on default port 42069] INFO  volume.OMVolumeCreateRequest (OMVolumeCreateRequest.java:validateAndUpdateCache(195)) - created volume:volume18203 for user:user14961
2022-06-16 16:20:43,502 [Time-limited test] INFO  rpc.RpcClient (RpcClient.java:createBucket(666)) - Creating Bucket: volume18203/bucket22855, with the Bucket Layout LEGACY, runner as owner, Versioning false, Storage Type set to DISK and Encryption set to false 
2022-06-16 16:20:43,502 [IPC Server handler 4 on default port 42069] INFO  bucket.OMBucketCreateRequest (OMBucketCreateRequest.java:validateAndUpdateCache(260)) - created bucket: bucket22855 of layout LEGACY in volume: volume18203
]]></system-out>
  </testcase>
  <testcase name="testListStatusOnSubDirs" classname="TestRootedOzoneFileSystem" time="0.2">
    <system-out><![CDATA[2022-06-16 16:22:32,592 [Time-limited test] INFO  rpc.RpcClient (RpcClient.java:createVolume(466)) - Creating Volume: volume85729, with user38220 as owner and space quota set to -1 bytes, counts quota set to -1
2022-06-16 16:22:32,606 [OM StateMachine ApplyTransaction Thread - 0] INFO  volume.OMVolumeCreateRequest (OMVolumeCreateRequest.java:validateAndUpdateCache(195)) - created volume:volume85729 for user:user38220
2022-06-16 16:22:32,607 [Time-limited test] INFO  rpc.RpcClient (RpcClient.java:createBucket(666)) - Creating Bucket: volume85729/bucket12708, with the Bucket Layout LEGACY, runner as owner, Versioning false, Storage Type set to DISK and Encryption set to false 
2022-06-16 16:22:32,608 [OM StateMachine ApplyTransaction Thread - 0] INFO  bucket.OMBucketCreateRequest (OMBucketCreateRequest.java:validateAndUpdateCache(260)) - created bucket: bucket12708 of layout LEGACY in volume: volume85729
]]></system-out>
  </testcase>
  <testcase name="testListStatusOnSubDirs" classname="TestRootedOzoneFileSystem" time="0.271">
    <system-out><![CDATA[2022-06-16 16:23:57,938 [Time-limited test] INFO  rpc.RpcClient (RpcClient.java:createVolume(466)) - Creating Volume: volume71981, with user61047 as owner and space quota set to -1 bytes, counts quota set to -1
2022-06-16 16:23:57,942 [IPC Server handler 19 on default port 44357] INFO  volume.OMVolumeCreateRequest (OMVolumeCreateRequest.java:validateAndUpdateCache(195)) - created volume:volume71981 for user:user61047
2022-06-16 16:23:57,946 [Time-limited test] INFO  rpc.RpcClient (RpcClient.java:createBucket(666)) - Creating Bucket: volume71981/bucket59367, with the Bucket Layout LEGACY, runner as owner, Versioning false, Storage Type set to DISK and Encryption set to false 
2022-06-16 16:23:57,947 [IPC Server handler 3 on default port 44357] INFO  bucket.OMBucketCreateRequest (OMBucketCreateRequest.java:validateAndUpdateCache(260)) - created bucket: bucket59367 of layout LEGACY in volume: volume71981
]]></system-out>
  </testcase>
  <testcase name="testListStatus" classname="TestRootedOzoneFileSystem" time="0.102">
    <system-out><![CDATA[2022-06-16 16:18:27,166 [Time-limited test] INFO  rpc.RpcClient (RpcClient.java:createVolume(466)) - Creating Volume: volume23300, with user17769 as owner and space quota set to -1 bytes, counts quota set to -1
2022-06-16 16:18:27,168 [OM StateMachine ApplyTransaction Thread - 0] INFO  volume.OMVolumeCreateRequest (OMVolumeCreateRequest.java:validateAndUpdateCache(195)) - created volume:volume23300 for user:user17769
2022-06-16 16:18:27,172 [Time-limited test] INFO  rpc.RpcClient (RpcClient.java:createBucket(666)) - Creating Bucket: volume23300/bucket20612, with the Bucket Layout LEGACY, runner as owner, Versioning false, Storage Type set to DISK and Encryption set to false 
2022-06-16 16:18:27,174 [OM StateMachine ApplyTransaction Thread - 0] INFO  bucket.OMBucketCreateRequest (OMBucketCreateRequest.java:validateAndUpdateCache(260)) - created bucket: bucket20612 of layout LEGACY in volume: volume23300
]]></system-out>
  </testcase>
  <testcase name="testListStatus" classname="TestRootedOzoneFileSystem" time="0.128">
    <system-out><![CDATA[2022-06-16 16:19:31,343 [Time-limited test] INFO  rpc.RpcClient (RpcClient.java:createVolume(466)) - Creating Volume: volume48067, with user56115 as owner and space quota set to -1 bytes, counts quota set to -1
2022-06-16 16:19:31,344 [OM StateMachine ApplyTransaction Thread - 0] INFO  volume.OMVolumeCreateRequest (OMVolumeCreateRequest.java:validateAndUpdateCache(195)) - created volume:volume48067 for user:user56115
2022-06-16 16:19:31,345 [Time-limited test] INFO  rpc.RpcClient (RpcClient.java:createBucket(666)) - Creating Bucket: volume48067/bucket39614, with the Bucket Layout LEGACY, runner as owner, Versioning false, Storage Type set to DISK and Encryption set to false 
2022-06-16 16:19:31,346 [OM StateMachine ApplyTransaction Thread - 0] INFO  bucket.OMBucketCreateRequest (OMBucketCreateRequest.java:validateAndUpdateCache(260)) - created bucket: bucket39614 of layout LEGACY in volume: volume48067
]]></system-out>
  </testcase>
  <testcase name="testListStatus" classname="TestRootedOzoneFileSystem" time="0.162">
    <system-out><![CDATA[2022-06-16 16:20:43,650 [Time-limited test] INFO  rpc.RpcClient (RpcClient.java:createVolume(466)) - Creating Volume: volume99338, with user74979 as owner and space quota set to -1 bytes, counts quota set to -1
2022-06-16 16:20:43,650 [IPC Server handler 18 on default port 42069] INFO  volume.OMVolumeCreateRequest (OMVolumeCreateRequest.java:validateAndUpdateCache(195)) - created volume:volume99338 for user:user74979
2022-06-16 16:20:43,651 [Time-limited test] INFO  rpc.RpcClient (RpcClient.java:createBucket(666)) - Creating Bucket: volume99338/bucket13746, with the Bucket Layout LEGACY, runner as owner, Versioning false, Storage Type set to DISK and Encryption set to false 
2022-06-16 16:20:43,651 [IPC Server handler 0 on default port 42069] INFO  bucket.OMBucketCreateRequest (OMBucketCreateRequest.java:validateAndUpdateCache(260)) - created bucket: bucket13746 of layout LEGACY in volume: volume99338
]]></system-out>
  </testcase>
  <testcase name="testListStatus" classname="TestRootedOzoneFileSystem" time="0.228">
    <system-out><![CDATA[2022-06-16 16:22:32,818 [Time-limited test] INFO  rpc.RpcClient (RpcClient.java:createVolume(466)) - Creating Volume: volume89336, with user75622 as owner and space quota set to -1 bytes, counts quota set to -1
2022-06-16 16:22:32,834 [OM StateMachine ApplyTransaction Thread - 0] INFO  volume.OMVolumeCreateRequest (OMVolumeCreateRequest.java:validateAndUpdateCache(195)) - created volume:volume89336 for user:user75622
2022-06-16 16:22:32,839 [Time-limited test] INFO  rpc.RpcClient (RpcClient.java:createBucket(666)) - Creating Bucket: volume89336/bucket81637, with the Bucket Layout LEGACY, runner as owner, Versioning false, Storage Type set to DISK and Encryption set to false 
2022-06-16 16:22:32,840 [OM StateMachine ApplyTransaction Thread - 0] INFO  bucket.OMBucketCreateRequest (OMBucketCreateRequest.java:validateAndUpdateCache(260)) - created bucket: bucket81637 of layout LEGACY in volume: volume89336
]]></system-out>
  </testcase>
  <testcase name="testListStatus" classname="TestRootedOzoneFileSystem" time="0.272">
    <system-out><![CDATA[2022-06-16 16:23:58,088 [bd7010b0-d724-4aae-b0ab-320b4ad428f6@group-0983F9970AB4-FollowerState] INFO  impl.FollowerState (FollowerState.java:run(143)) - bd7010b0-d724-4aae-b0ab-320b4ad428f6@group-0983F9970AB4-FollowerState: change to CANDIDATE, lastRpcElapsedTime:5039039549ns, electionTimeout:5012ms
2022-06-16 16:23:58,088 [bd7010b0-d724-4aae-b0ab-320b4ad428f6@group-0983F9970AB4-FollowerState] INFO  impl.RoleInfo (RoleInfo.java:shutdownFollowerState(110)) - bd7010b0-d724-4aae-b0ab-320b4ad428f6: shutdown bd7010b0-d724-4aae-b0ab-320b4ad428f6@group-0983F9970AB4-FollowerState
2022-06-16 16:23:58,088 [bd7010b0-d724-4aae-b0ab-320b4ad428f6@group-0983F9970AB4-FollowerState] INFO  server.RaftServer$Division (RaftServerImpl.java:setRole(299)) - bd7010b0-d724-4aae-b0ab-320b4ad428f6@group-0983F9970AB4: changes role from  FOLLOWER to CANDIDATE at term 2 for changeToCandidate
2022-06-16 16:23:58,088 [bd7010b0-d724-4aae-b0ab-320b4ad428f6@group-0983F9970AB4-FollowerState] INFO  server.RaftServerConfigKeys (ConfUtils.java:logGet(46)) - raft.server.leaderelection.pre-vote = false (custom)
2022-06-16 16:23:58,088 [bd7010b0-d724-4aae-b0ab-320b4ad428f6@group-0983F9970AB4-FollowerState] INFO  impl.RoleInfo (RoleInfo.java:updateAndGet(139)) - bd7010b0-d724-4aae-b0ab-320b4ad428f6: start bd7010b0-d724-4aae-b0ab-320b4ad428f6@group-0983F9970AB4-LeaderElection104
2022-06-16 16:23:58,116 [bd7010b0-d724-4aae-b0ab-320b4ad428f6@group-0983F9970AB4-LeaderElection104] INFO  impl.LeaderElection (LeaderElection.java:askForVotes(310)) - bd7010b0-d724-4aae-b0ab-320b4ad428f6@group-0983F9970AB4-LeaderElection104 ELECTION round 0: submit vote requests at term 3 for -1: [7086d85c-5d6d-4b3d-a268-a825c95e3ca8|rpc:10.1.0.16:45221|dataStream:|priority:0, bbd9c71d-1d51-4586-8dfe-839c345bb7aa|rpc:10.1.0.16:39765|dataStream:|priority:1, bd7010b0-d724-4aae-b0ab-320b4ad428f6|rpc:10.1.0.16:43957|dataStream:|priority:0], old=null
2022-06-16 16:23:58,147 [grpc-default-executor-1] INFO  server.RaftServer$Division (RaftServerImpl.java:requestVote(1152)) - 7086d85c-5d6d-4b3d-a268-a825c95e3ca8@group-0983F9970AB4: receive requestVote(ELECTION, bd7010b0-d724-4aae-b0ab-320b4ad428f6, group-0983F9970AB4, 3, (t:0, i:0))
2022-06-16 16:23:58,147 [grpc-default-executor-1] INFO  impl.VoteContext (VoteContext.java:log(48)) - 7086d85c-5d6d-4b3d-a268-a825c95e3ca8@group-0983F9970AB4-FOLLOWER: accept ELECTION from bd7010b0-d724-4aae-b0ab-320b4ad428f6: our priority 0 <= candidate's priority 0
2022-06-16 16:23:58,147 [grpc-default-executor-1] INFO  server.RaftServer$Division (RaftServerImpl.java:setRole(299)) - 7086d85c-5d6d-4b3d-a268-a825c95e3ca8@group-0983F9970AB4: changes role from  FOLLOWER to FOLLOWER at term 3 for candidate:bd7010b0-d724-4aae-b0ab-320b4ad428f6
2022-06-16 16:23:58,147 [grpc-default-executor-1] INFO  impl.RoleInfo (RoleInfo.java:shutdownFollowerState(110)) - 7086d85c-5d6d-4b3d-a268-a825c95e3ca8: shutdown 7086d85c-5d6d-4b3d-a268-a825c95e3ca8@group-0983F9970AB4-FollowerState
2022-06-16 16:23:58,150 [grpc-default-executor-1] INFO  impl.RoleInfo (RoleInfo.java:updateAndGet(139)) - 7086d85c-5d6d-4b3d-a268-a825c95e3ca8: start 7086d85c-5d6d-4b3d-a268-a825c95e3ca8@group-0983F9970AB4-FollowerState
2022-06-16 16:23:58,152 [grpc-default-executor-1] INFO  server.RaftServer$Division (RaftServerImpl.java:requestVote(1184)) - 7086d85c-5d6d-4b3d-a268-a825c95e3ca8@group-0983F9970AB4 replies to ELECTION vote request: bd7010b0-d724-4aae-b0ab-320b4ad428f6<-7086d85c-5d6d-4b3d-a268-a825c95e3ca8#0:OK-t3. Peer's state: 7086d85c-5d6d-4b3d-a268-a825c95e3ca8@group-0983F9970AB4:t3, leader=null, voted=bd7010b0-d724-4aae-b0ab-320b4ad428f6, raftlog=7086d85c-5d6d-4b3d-a268-a825c95e3ca8@group-0983F9970AB4-SegmentedRaftLog:OPENED:c-1, conf=-1: [7086d85c-5d6d-4b3d-a268-a825c95e3ca8|rpc:10.1.0.16:45221|priority:0, bbd9c71d-1d51-4586-8dfe-839c345bb7aa|rpc:10.1.0.16:39765|priority:1, bd7010b0-d724-4aae-b0ab-320b4ad428f6|rpc:10.1.0.16:43957|priority:0], old=null
2022-06-16 16:23:58,154 [grpc-default-executor-2] INFO  server.RaftServer$Division (RaftServerImpl.java:requestVote(1152)) - bbd9c71d-1d51-4586-8dfe-839c345bb7aa@group-0983F9970AB4: receive requestVote(ELECTION, bd7010b0-d724-4aae-b0ab-320b4ad428f6, group-0983F9970AB4, 3, (t:0, i:0))
2022-06-16 16:23:58,156 [grpc-default-executor-2] INFO  impl.VoteContext (VoteContext.java:log(48)) - bbd9c71d-1d51-4586-8dfe-839c345bb7aa@group-0983F9970AB4-FOLLOWER: reject ELECTION from bd7010b0-d724-4aae-b0ab-320b4ad428f6: our priority 1 > candidate's priority 0
2022-06-16 16:23:58,156 [grpc-default-executor-2] INFO  server.RaftServer$Division (RaftServerImpl.java:setRole(299)) - bbd9c71d-1d51-4586-8dfe-839c345bb7aa@group-0983F9970AB4: changes role from  FOLLOWER to FOLLOWER at term 3 for candidate:bd7010b0-d724-4aae-b0ab-320b4ad428f6
2022-06-16 16:23:58,156 [grpc-default-executor-2] INFO  impl.RoleInfo (RoleInfo.java:shutdownFollowerState(110)) - bbd9c71d-1d51-4586-8dfe-839c345bb7aa: shutdown bbd9c71d-1d51-4586-8dfe-839c345bb7aa@group-0983F9970AB4-FollowerState
2022-06-16 16:23:58,156 [grpc-default-executor-2] INFO  impl.RoleInfo (RoleInfo.java:updateAndGet(139)) - bbd9c71d-1d51-4586-8dfe-839c345bb7aa: start bbd9c71d-1d51-4586-8dfe-839c345bb7aa@group-0983F9970AB4-FollowerState
2022-06-16 16:23:58,164 [7086d85c-5d6d-4b3d-a268-a825c95e3ca8@group-0983F9970AB4-FollowerState] INFO  impl.FollowerState (FollowerState.java:run(152)) - 7086d85c-5d6d-4b3d-a268-a825c95e3ca8@group-0983F9970AB4-FollowerState was interrupted
2022-06-16 16:23:58,164 [grpc-default-executor-2] INFO  server.RaftServer$Division (RaftServerImpl.java:requestVote(1184)) - bbd9c71d-1d51-4586-8dfe-839c345bb7aa@group-0983F9970AB4 replies to ELECTION vote request: bd7010b0-d724-4aae-b0ab-320b4ad428f6<-bbd9c71d-1d51-4586-8dfe-839c345bb7aa#0:FAIL-t3. Peer's state: bbd9c71d-1d51-4586-8dfe-839c345bb7aa@group-0983F9970AB4:t3, leader=null, voted=null, raftlog=bbd9c71d-1d51-4586-8dfe-839c345bb7aa@group-0983F9970AB4-SegmentedRaftLog:OPENED:c-1, conf=-1: [7086d85c-5d6d-4b3d-a268-a825c95e3ca8|rpc:10.1.0.16:45221|dataStream:|priority:0, bbd9c71d-1d51-4586-8dfe-839c345bb7aa|rpc:10.1.0.16:39765|dataStream:|priority:1, bd7010b0-d724-4aae-b0ab-320b4ad428f6|rpc:10.1.0.16:43957|dataStream:|priority:0], old=null
2022-06-16 16:23:58,166 [bd7010b0-d724-4aae-b0ab-320b4ad428f6@group-0983F9970AB4-LeaderElection104] INFO  impl.LeaderElection (LeaderElection.java:logAndReturn(90)) - bd7010b0-d724-4aae-b0ab-320b4ad428f6@group-0983F9970AB4-LeaderElection104: ELECTION REJECTED received 1 response(s) and 0 exception(s):
2022-06-16 16:23:58,166 [bd7010b0-d724-4aae-b0ab-320b4ad428f6@group-0983F9970AB4-LeaderElection104] INFO  impl.LeaderElection (LeaderElection.java:logAndReturn(94)) -   Response 0: bd7010b0-d724-4aae-b0ab-320b4ad428f6<-bbd9c71d-1d51-4586-8dfe-839c345bb7aa#0:FAIL-t3
2022-06-16 16:23:58,166 [bd7010b0-d724-4aae-b0ab-320b4ad428f6@group-0983F9970AB4-LeaderElection104] INFO  impl.LeaderElection (LeaderElection.java:askForVotes(312)) - bd7010b0-d724-4aae-b0ab-320b4ad428f6@group-0983F9970AB4-LeaderElection104 ELECTION round 0: result REJECTED
2022-06-16 16:23:58,166 [bd7010b0-d724-4aae-b0ab-320b4ad428f6@group-0983F9970AB4-LeaderElection104] INFO  server.RaftServer$Division (RaftServerImpl.java:setRole(299)) - bd7010b0-d724-4aae-b0ab-320b4ad428f6@group-0983F9970AB4: changes role from CANDIDATE to FOLLOWER at term 3 for REJECTED
2022-06-16 16:23:58,166 [bd7010b0-d724-4aae-b0ab-320b4ad428f6@group-0983F9970AB4-LeaderElection104] INFO  impl.RoleInfo (RoleInfo.java:shutdownLeaderElection(130)) - bd7010b0-d724-4aae-b0ab-320b4ad428f6: shutdown bd7010b0-d724-4aae-b0ab-320b4ad428f6@group-0983F9970AB4-LeaderElection104
2022-06-16 16:23:58,166 [bd7010b0-d724-4aae-b0ab-320b4ad428f6@group-0983F9970AB4-LeaderElection104] INFO  impl.RoleInfo (RoleInfo.java:updateAndGet(139)) - bd7010b0-d724-4aae-b0ab-320b4ad428f6: start bd7010b0-d724-4aae-b0ab-320b4ad428f6@group-0983F9970AB4-FollowerState
2022-06-16 16:23:58,170 [Time-limited test] INFO  rpc.RpcClient (RpcClient.java:createVolume(466)) - Creating Volume: volume27879, with user03633 as owner and space quota set to -1 bytes, counts quota set to -1
2022-06-16 16:23:58,174 [IPC Server handler 15 on default port 44357] INFO  volume.OMVolumeCreateRequest (OMVolumeCreateRequest.java:validateAndUpdateCache(195)) - created volume:volume27879 for user:user03633
2022-06-16 16:23:58,182 [Time-limited test] INFO  rpc.RpcClient (RpcClient.java:createBucket(666)) - Creating Bucket: volume27879/bucket89416, with the Bucket Layout LEGACY, runner as owner, Versioning false, Storage Type set to DISK and Encryption set to false 
2022-06-16 16:23:58,182 [IPC Server handler 16 on default port 44357] INFO  bucket.OMBucketCreateRequest (OMBucketCreateRequest.java:validateAndUpdateCache(260)) - created bucket: bucket89416 of layout LEGACY in volume: volume27879
2022-06-16 16:23:58,218 [bbd9c71d-1d51-4586-8dfe-839c345bb7aa@group-0983F9970AB4-FollowerState] INFO  impl.FollowerState (FollowerState.java:run(152)) - bbd9c71d-1d51-4586-8dfe-839c345bb7aa@group-0983F9970AB4-FollowerState was interrupted
]]></system-out>
  </testcase>
  <testcase name="testGetTrashRoots" classname="TestRootedOzoneFileSystem" time="0.583">
    <system-out><![CDATA[2022-06-16 16:18:27,262 [Time-limited test] INFO  rpc.RpcClient (RpcClient.java:createVolume(466)) - Creating Volume: volume58691, with user84552 as owner and space quota set to -1 bytes, counts quota set to -1
2022-06-16 16:18:27,264 [OM StateMachine ApplyTransaction Thread - 0] INFO  volume.OMVolumeCreateRequest (OMVolumeCreateRequest.java:validateAndUpdateCache(195)) - created volume:volume58691 for user:user84552
2022-06-16 16:18:27,268 [Time-limited test] INFO  rpc.RpcClient (RpcClient.java:createBucket(666)) - Creating Bucket: volume58691/bucket11479, with the Bucket Layout LEGACY, runner as owner, Versioning false, Storage Type set to DISK and Encryption set to false 
2022-06-16 16:18:27,272 [OM StateMachine ApplyTransaction Thread - 0] INFO  bucket.OMBucketCreateRequest (OMBucketCreateRequest.java:validateAndUpdateCache(260)) - created bucket: bucket11479 of layout LEGACY in volume: volume58691
16:18:27.285 [IPC Server handler 12 on default port 37419] ERROR OMAudit - user=runner | ip=127.0.0.1 | op=GET_FILE_STATUS {volume=4331b957-9b6d-4805-87b5-a1e166791080, bucket=2873f826-0061-4f68-9c8f-19b4e559aa56, key=.Trash/runner, dataSize=0, replicationConfig=null} | ret=FAILURE
org.apache.hadoop.ozone.om.exceptions.OMException: Unable to get file status: volume: 4331b957-9b6d-4805-87b5-a1e166791080 bucket: 2873f826-0061-4f68-9c8f-19b4e559aa56 key: .Trash/runner
	at org.apache.hadoop.ozone.om.KeyManagerImpl.getOzoneFileStatus(KeyManagerImpl.java:1283) ~[ozone-manager-1.3.0-SNAPSHOT.jar:?]
	at org.apache.hadoop.ozone.om.KeyManagerImpl.getFileStatus(KeyManagerImpl.java:1213) ~[ozone-manager-1.3.0-SNAPSHOT.jar:?]
	at org.apache.hadoop.ozone.om.OzoneManager.getFileStatus(OzoneManager.java:3419) ~[ozone-manager-1.3.0-SNAPSHOT.jar:?]
	at org.apache.hadoop.ozone.protocolPB.OzoneManagerRequestHandler.getOzoneFileStatus(OzoneManagerRequestHandler.java:871) ~[ozone-manager-1.3.0-SNAPSHOT.jar:?]
	at org.apache.hadoop.ozone.protocolPB.OzoneManagerRequestHandler.handleReadRequest(OzoneManagerRequestHandler.java:217) ~[ozone-manager-1.3.0-SNAPSHOT.jar:?]
	at org.apache.hadoop.ozone.protocolPB.OzoneManagerProtocolServerSideTranslatorPB.submitReadRequestToOM(OzoneManagerProtocolServerSideTranslatorPB.java:225) ~[ozone-manager-1.3.0-SNAPSHOT.jar:?]
	at org.apache.hadoop.ozone.protocolPB.OzoneManagerProtocolServerSideTranslatorPB.processRequest(OzoneManagerProtocolServerSideTranslatorPB.java:175) ~[ozone-manager-1.3.0-SNAPSHOT.jar:?]
	at org.apache.hadoop.hdds.server.OzoneProtocolMessageDispatcher.processRequest(OzoneProtocolMessageDispatcher.java:87) [hdds-server-framework-1.3.0-SNAPSHOT.jar:?]
	at org.apache.hadoop.ozone.protocolPB.OzoneManagerProtocolServerSideTranslatorPB.submitRequest(OzoneManagerProtocolServerSideTranslatorPB.java:147) [ozone-manager-1.3.0-SNAPSHOT.jar:?]
	at org.apache.hadoop.ozone.protocol.proto.OzoneManagerProtocolProtos$OzoneManagerService$2.callBlockingMethod(OzoneManagerProtocolProtos.java) [ozone-interface-client-1.3.0-SNAPSHOT.jar:?]
	at org.apache.hadoop.ipc.ProtobufRpcEngine$Server.processCall(ProtobufRpcEngine.java:466) [hadoop-common-3.3.1.jar:?]
	at org.apache.hadoop.ipc.ProtobufRpcEngine2$Server$ProtoBufRpcInvoker.call(ProtobufRpcEngine2.java:574) [hadoop-common-3.3.1.jar:?]
	at org.apache.hadoop.ipc.ProtobufRpcEngine2$Server$ProtoBufRpcInvoker.call(ProtobufRpcEngine2.java:552) [hadoop-common-3.3.1.jar:?]
	at org.apache.hadoop.ipc.RPC$Server.call(RPC.java:1093) [hadoop-common-3.3.1.jar:?]
	at org.apache.hadoop.ipc.Server$RpcCall.run(Server.java:1035) [hadoop-common-3.3.1.jar:?]
	at org.apache.hadoop.ipc.Server$RpcCall.run(Server.java:963) [hadoop-common-3.3.1.jar:?]
	at java.security.AccessController.doPrivileged(Native Method) ~[?:1.8.0_332]
	at javax.security.auth.Subject.doAs(Subject.java:422) [?:1.8.0_332]
	at org.apache.hadoop.security.UserGroupInformation.doAs(UserGroupInformation.java:1878) [hadoop-common-3.3.1.jar:?]
	at org.apache.hadoop.ipc.Server$Handler.run(Server.java:2966) [hadoop-common-3.3.1.jar:?]
16:18:27.289 [IPC Server handler 6 on default port 37419] ERROR OMAudit - user=runner | ip=127.0.0.1 | op=GET_FILE_STATUS {volume=volume58691, bucket=bucket11479, key=.Trash/runner, dataSize=0, replicationConfig=null} | ret=FAILURE
org.apache.hadoop.ozone.om.exceptions.OMException: Unable to get file status: volume: volume58691 bucket: bucket11479 key: .Trash/runner
	at org.apache.hadoop.ozone.om.KeyManagerImpl.getOzoneFileStatus(KeyManagerImpl.java:1283) ~[ozone-manager-1.3.0-SNAPSHOT.jar:?]
	at org.apache.hadoop.ozone.om.KeyManagerImpl.getFileStatus(KeyManagerImpl.java:1213) ~[ozone-manager-1.3.0-SNAPSHOT.jar:?]
	at org.apache.hadoop.ozone.om.OzoneManager.getFileStatus(OzoneManager.java:3419) ~[ozone-manager-1.3.0-SNAPSHOT.jar:?]
	at org.apache.hadoop.ozone.protocolPB.OzoneManagerRequestHandler.getOzoneFileStatus(OzoneManagerRequestHandler.java:871) ~[ozone-manager-1.3.0-SNAPSHOT.jar:?]
	at org.apache.hadoop.ozone.protocolPB.OzoneManagerRequestHandler.handleReadRequest(OzoneManagerRequestHandler.java:217) ~[ozone-manager-1.3.0-SNAPSHOT.jar:?]
	at org.apache.hadoop.ozone.protocolPB.OzoneManagerProtocolServerSideTranslatorPB.submitReadRequestToOM(OzoneManagerProtocolServerSideTranslatorPB.java:225) ~[ozone-manager-1.3.0-SNAPSHOT.jar:?]
	at org.apache.hadoop.ozone.protocolPB.OzoneManagerProtocolServerSideTranslatorPB.processRequest(OzoneManagerProtocolServerSideTranslatorPB.java:175) ~[ozone-manager-1.3.0-SNAPSHOT.jar:?]
	at org.apache.hadoop.hdds.server.OzoneProtocolMessageDispatcher.processRequest(OzoneProtocolMessageDispatcher.java:87) [hdds-server-framework-1.3.0-SNAPSHOT.jar:?]
	at org.apache.hadoop.ozone.protocolPB.OzoneManagerProtocolServerSideTranslatorPB.submitRequest(OzoneManagerProtocolServerSideTranslatorPB.java:147) [ozone-manager-1.3.0-SNAPSHOT.jar:?]
	at org.apache.hadoop.ozone.protocol.proto.OzoneManagerProtocolProtos$OzoneManagerService$2.callBlockingMethod(OzoneManagerProtocolProtos.java) [ozone-interface-client-1.3.0-SNAPSHOT.jar:?]
	at org.apache.hadoop.ipc.ProtobufRpcEngine$Server.processCall(ProtobufRpcEngine.java:466) [hadoop-common-3.3.1.jar:?]
	at org.apache.hadoop.ipc.ProtobufRpcEngine2$Server$ProtoBufRpcInvoker.call(ProtobufRpcEngine2.java:574) [hadoop-common-3.3.1.jar:?]
	at org.apache.hadoop.ipc.ProtobufRpcEngine2$Server$ProtoBufRpcInvoker.call(ProtobufRpcEngine2.java:552) [hadoop-common-3.3.1.jar:?]
	at org.apache.hadoop.ipc.RPC$Server.call(RPC.java:1093) [hadoop-common-3.3.1.jar:?]
	at org.apache.hadoop.ipc.Server$RpcCall.run(Server.java:1035) [hadoop-common-3.3.1.jar:?]
	at org.apache.hadoop.ipc.Server$RpcCall.run(Server.java:963) [hadoop-common-3.3.1.jar:?]
	at java.security.AccessController.doPrivileged(Native Method) ~[?:1.8.0_332]
	at javax.security.auth.Subject.doAs(Subject.java:422) [?:1.8.0_332]
	at org.apache.hadoop.security.UserGroupInformation.doAs(UserGroupInformation.java:1878) [hadoop-common-3.3.1.jar:?]
	at org.apache.hadoop.ipc.Server$Handler.run(Server.java:2966) [hadoop-common-3.3.1.jar:?]
16:18:27.294 [IPC Server handler 18 on default port 37419] ERROR OMAudit - user=runner | ip=127.0.0.1 | op=GET_FILE_STATUS {volume=4331b957-9b6d-4805-87b5-a1e166791080, bucket=2873f826-0061-4f68-9c8f-19b4e559aa56, key=.Trash, dataSize=0, replicationConfig=null} | ret=FAILURE
org.apache.hadoop.ozone.om.exceptions.OMException: Unable to get file status: volume: 4331b957-9b6d-4805-87b5-a1e166791080 bucket: 2873f826-0061-4f68-9c8f-19b4e559aa56 key: .Trash
	at org.apache.hadoop.ozone.om.KeyManagerImpl.getOzoneFileStatus(KeyManagerImpl.java:1283) ~[ozone-manager-1.3.0-SNAPSHOT.jar:?]
	at org.apache.hadoop.ozone.om.KeyManagerImpl.getFileStatus(KeyManagerImpl.java:1213) ~[ozone-manager-1.3.0-SNAPSHOT.jar:?]
	at org.apache.hadoop.ozone.om.OzoneManager.getFileStatus(OzoneManager.java:3419) ~[ozone-manager-1.3.0-SNAPSHOT.jar:?]
	at org.apache.hadoop.ozone.protocolPB.OzoneManagerRequestHandler.getOzoneFileStatus(OzoneManagerRequestHandler.java:871) ~[ozone-manager-1.3.0-SNAPSHOT.jar:?]
	at org.apache.hadoop.ozone.protocolPB.OzoneManagerRequestHandler.handleReadRequest(OzoneManagerRequestHandler.java:217) ~[ozone-manager-1.3.0-SNAPSHOT.jar:?]
	at org.apache.hadoop.ozone.protocolPB.OzoneManagerProtocolServerSideTranslatorPB.submitReadRequestToOM(OzoneManagerProtocolServerSideTranslatorPB.java:225) ~[ozone-manager-1.3.0-SNAPSHOT.jar:?]
	at org.apache.hadoop.ozone.protocolPB.OzoneManagerProtocolServerSideTranslatorPB.processRequest(OzoneManagerProtocolServerSideTranslatorPB.java:175) ~[ozone-manager-1.3.0-SNAPSHOT.jar:?]
	at org.apache.hadoop.hdds.server.OzoneProtocolMessageDispatcher.processRequest(OzoneProtocolMessageDispatcher.java:87) [hdds-server-framework-1.3.0-SNAPSHOT.jar:?]
	at org.apache.hadoop.ozone.protocolPB.OzoneManagerProtocolServerSideTranslatorPB.submitRequest(OzoneManagerProtocolServerSideTranslatorPB.java:147) [ozone-manager-1.3.0-SNAPSHOT.jar:?]
	at org.apache.hadoop.ozone.protocol.proto.OzoneManagerProtocolProtos$OzoneManagerService$2.callBlockingMethod(OzoneManagerProtocolProtos.java) [ozone-interface-client-1.3.0-SNAPSHOT.jar:?]
	at org.apache.hadoop.ipc.ProtobufRpcEngine$Server.processCall(ProtobufRpcEngine.java:466) [hadoop-common-3.3.1.jar:?]
	at org.apache.hadoop.ipc.ProtobufRpcEngine2$Server$ProtoBufRpcInvoker.call(ProtobufRpcEngine2.java:574) [hadoop-common-3.3.1.jar:?]
	at org.apache.hadoop.ipc.ProtobufRpcEngine2$Server$ProtoBufRpcInvoker.call(ProtobufRpcEngine2.java:552) [hadoop-common-3.3.1.jar:?]
	at org.apache.hadoop.ipc.RPC$Server.call(RPC.java:1093) [hadoop-common-3.3.1.jar:?]
	at org.apache.hadoop.ipc.Server$RpcCall.run(Server.java:1035) [hadoop-common-3.3.1.jar:?]
	at org.apache.hadoop.ipc.Server$RpcCall.run(Server.java:963) [hadoop-common-3.3.1.jar:?]
	at java.security.AccessController.doPrivileged(Native Method) ~[?:1.8.0_332]
	at javax.security.auth.Subject.doAs(Subject.java:422) [?:1.8.0_332]
	at org.apache.hadoop.security.UserGroupInformation.doAs(UserGroupInformation.java:1878) [hadoop-common-3.3.1.jar:?]
	at org.apache.hadoop.ipc.Server$Handler.run(Server.java:2966) [hadoop-common-3.3.1.jar:?]
16:18:27.298 [IPC Server handler 13 on default port 37419] ERROR OMAudit - user=runner | ip=127.0.0.1 | op=GET_FILE_STATUS {volume=volume58691, bucket=bucket11479, key=.Trash, dataSize=0, replicationConfig=null} | ret=FAILURE
org.apache.hadoop.ozone.om.exceptions.OMException: Unable to get file status: volume: volume58691 bucket: bucket11479 key: .Trash
	at org.apache.hadoop.ozone.om.KeyManagerImpl.getOzoneFileStatus(KeyManagerImpl.java:1283) ~[ozone-manager-1.3.0-SNAPSHOT.jar:?]
	at org.apache.hadoop.ozone.om.KeyManagerImpl.getFileStatus(KeyManagerImpl.java:1213) ~[ozone-manager-1.3.0-SNAPSHOT.jar:?]
	at org.apache.hadoop.ozone.om.OzoneManager.getFileStatus(OzoneManager.java:3419) ~[ozone-manager-1.3.0-SNAPSHOT.jar:?]
	at org.apache.hadoop.ozone.protocolPB.OzoneManagerRequestHandler.getOzoneFileStatus(OzoneManagerRequestHandler.java:871) ~[ozone-manager-1.3.0-SNAPSHOT.jar:?]
	at org.apache.hadoop.ozone.protocolPB.OzoneManagerRequestHandler.handleReadRequest(OzoneManagerRequestHandler.java:217) ~[ozone-manager-1.3.0-SNAPSHOT.jar:?]
	at org.apache.hadoop.ozone.protocolPB.OzoneManagerProtocolServerSideTranslatorPB.submitReadRequestToOM(OzoneManagerProtocolServerSideTranslatorPB.java:225) ~[ozone-manager-1.3.0-SNAPSHOT.jar:?]
	at org.apache.hadoop.ozone.protocolPB.OzoneManagerProtocolServerSideTranslatorPB.processRequest(OzoneManagerProtocolServerSideTranslatorPB.java:175) ~[ozone-manager-1.3.0-SNAPSHOT.jar:?]
	at org.apache.hadoop.hdds.server.OzoneProtocolMessageDispatcher.processRequest(OzoneProtocolMessageDispatcher.java:87) [hdds-server-framework-1.3.0-SNAPSHOT.jar:?]
	at org.apache.hadoop.ozone.protocolPB.OzoneManagerProtocolServerSideTranslatorPB.submitRequest(OzoneManagerProtocolServerSideTranslatorPB.java:147) [ozone-manager-1.3.0-SNAPSHOT.jar:?]
	at org.apache.hadoop.ozone.protocol.proto.OzoneManagerProtocolProtos$OzoneManagerService$2.callBlockingMethod(OzoneManagerProtocolProtos.java) [ozone-interface-client-1.3.0-SNAPSHOT.jar:?]
	at org.apache.hadoop.ipc.ProtobufRpcEngine$Server.processCall(ProtobufRpcEngine.java:466) [hadoop-common-3.3.1.jar:?]
	at org.apache.hadoop.ipc.ProtobufRpcEngine2$Server$ProtoBufRpcInvoker.call(ProtobufRpcEngine2.java:574) [hadoop-common-3.3.1.jar:?]
	at org.apache.hadoop.ipc.ProtobufRpcEngine2$Server$ProtoBufRpcInvoker.call(ProtobufRpcEngine2.java:552) [hadoop-common-3.3.1.jar:?]
	at org.apache.hadoop.ipc.RPC$Server.call(RPC.java:1093) [hadoop-common-3.3.1.jar:?]
	at org.apache.hadoop.ipc.Server$RpcCall.run(Server.java:1035) [hadoop-common-3.3.1.jar:?]
	at org.apache.hadoop.ipc.Server$RpcCall.run(Server.java:963) [hadoop-common-3.3.1.jar:?]
	at java.security.AccessController.doPrivileged(Native Method) ~[?:1.8.0_332]
	at javax.security.auth.Subject.doAs(Subject.java:422) [?:1.8.0_332]
	at org.apache.hadoop.security.UserGroupInformation.doAs(UserGroupInformation.java:1878) [hadoop-common-3.3.1.jar:?]
	at org.apache.hadoop.ipc.Server$Handler.run(Server.java:2966) [hadoop-common-3.3.1.jar:?]
16:18:27.306 [IPC Server handler 5 on default port 37419] ERROR OMAudit - user=runner | ip=127.0.0.1 | op=GET_FILE_STATUS {volume=4331b957-9b6d-4805-87b5-a1e166791080, bucket=2873f826-0061-4f68-9c8f-19b4e559aa56, key=.Trash/runner, dataSize=0, replicationConfig=null} | ret=FAILURE
org.apache.hadoop.ozone.om.exceptions.OMException: Unable to get file status: volume: 4331b957-9b6d-4805-87b5-a1e166791080 bucket: 2873f826-0061-4f68-9c8f-19b4e559aa56 key: .Trash/runner
	at org.apache.hadoop.ozone.om.KeyManagerImpl.getOzoneFileStatus(KeyManagerImpl.java:1283) ~[ozone-manager-1.3.0-SNAPSHOT.jar:?]
	at org.apache.hadoop.ozone.om.KeyManagerImpl.getFileStatus(KeyManagerImpl.java:1213) ~[ozone-manager-1.3.0-SNAPSHOT.jar:?]
	at org.apache.hadoop.ozone.om.OzoneManager.getFileStatus(OzoneManager.java:3419) ~[ozone-manager-1.3.0-SNAPSHOT.jar:?]
	at org.apache.hadoop.ozone.protocolPB.OzoneManagerRequestHandler.getOzoneFileStatus(OzoneManagerRequestHandler.java:871) ~[ozone-manager-1.3.0-SNAPSHOT.jar:?]
	at org.apache.hadoop.ozone.protocolPB.OzoneManagerRequestHandler.handleReadRequest(OzoneManagerRequestHandler.java:217) ~[ozone-manager-1.3.0-SNAPSHOT.jar:?]
	at org.apache.hadoop.ozone.protocolPB.OzoneManagerProtocolServerSideTranslatorPB.submitReadRequestToOM(OzoneManagerProtocolServerSideTranslatorPB.java:225) ~[ozone-manager-1.3.0-SNAPSHOT.jar:?]
	at org.apache.hadoop.ozone.protocolPB.OzoneManagerProtocolServerSideTranslatorPB.processRequest(OzoneManagerProtocolServerSideTranslatorPB.java:175) ~[ozone-manager-1.3.0-SNAPSHOT.jar:?]
	at org.apache.hadoop.hdds.server.OzoneProtocolMessageDispatcher.processRequest(OzoneProtocolMessageDispatcher.java:87) [hdds-server-framework-1.3.0-SNAPSHOT.jar:?]
	at org.apache.hadoop.ozone.protocolPB.OzoneManagerProtocolServerSideTranslatorPB.submitRequest(OzoneManagerProtocolServerSideTranslatorPB.java:147) [ozone-manager-1.3.0-SNAPSHOT.jar:?]
	at org.apache.hadoop.ozone.protocol.proto.OzoneManagerProtocolProtos$OzoneManagerService$2.callBlockingMethod(OzoneManagerProtocolProtos.java) [ozone-interface-client-1.3.0-SNAPSHOT.jar:?]
	at org.apache.hadoop.ipc.ProtobufRpcEngine$Server.processCall(ProtobufRpcEngine.java:466) [hadoop-common-3.3.1.jar:?]
	at org.apache.hadoop.ipc.ProtobufRpcEngine2$Server$ProtoBufRpcInvoker.call(ProtobufRpcEngine2.java:574) [hadoop-common-3.3.1.jar:?]
	at org.apache.hadoop.ipc.ProtobufRpcEngine2$Server$ProtoBufRpcInvoker.call(ProtobufRpcEngine2.java:552) [hadoop-common-3.3.1.jar:?]
	at org.apache.hadoop.ipc.RPC$Server.call(RPC.java:1093) [hadoop-common-3.3.1.jar:?]
	at org.apache.hadoop.ipc.Server$RpcCall.run(Server.java:1035) [hadoop-common-3.3.1.jar:?]
	at org.apache.hadoop.ipc.Server$RpcCall.run(Server.java:963) [hadoop-common-3.3.1.jar:?]
	at java.security.AccessController.doPrivileged(Native Method) ~[?:1.8.0_332]
	at javax.security.auth.Subject.doAs(Subject.java:422) [?:1.8.0_332]
	at org.apache.hadoop.security.UserGroupInformation.doAs(UserGroupInformation.java:1878) [hadoop-common-3.3.1.jar:?]
	at org.apache.hadoop.ipc.Server$Handler.run(Server.java:2966) [hadoop-common-3.3.1.jar:?]
16:18:27.317 [IPC Server handler 2 on default port 37419] ERROR OMAudit - user=runner | ip=127.0.0.1 | op=GET_FILE_STATUS {volume=4331b957-9b6d-4805-87b5-a1e166791080, bucket=2873f826-0061-4f68-9c8f-19b4e559aa56, key=.Trash, dataSize=0, replicationConfig=null} | ret=FAILURE
org.apache.hadoop.ozone.om.exceptions.OMException: Unable to get file status: volume: 4331b957-9b6d-4805-87b5-a1e166791080 bucket: 2873f826-0061-4f68-9c8f-19b4e559aa56 key: .Trash
	at org.apache.hadoop.ozone.om.KeyManagerImpl.getOzoneFileStatus(KeyManagerImpl.java:1283) ~[ozone-manager-1.3.0-SNAPSHOT.jar:?]
	at org.apache.hadoop.ozone.om.KeyManagerImpl.getFileStatus(KeyManagerImpl.java:1213) ~[ozone-manager-1.3.0-SNAPSHOT.jar:?]
	at org.apache.hadoop.ozone.om.OzoneManager.getFileStatus(OzoneManager.java:3419) ~[ozone-manager-1.3.0-SNAPSHOT.jar:?]
	at org.apache.hadoop.ozone.protocolPB.OzoneManagerRequestHandler.getOzoneFileStatus(OzoneManagerRequestHandler.java:871) ~[ozone-manager-1.3.0-SNAPSHOT.jar:?]
	at org.apache.hadoop.ozone.protocolPB.OzoneManagerRequestHandler.handleReadRequest(OzoneManagerRequestHandler.java:217) ~[ozone-manager-1.3.0-SNAPSHOT.jar:?]
	at org.apache.hadoop.ozone.protocolPB.OzoneManagerProtocolServerSideTranslatorPB.submitReadRequestToOM(OzoneManagerProtocolServerSideTranslatorPB.java:225) ~[ozone-manager-1.3.0-SNAPSHOT.jar:?]
	at org.apache.hadoop.ozone.protocolPB.OzoneManagerProtocolServerSideTranslatorPB.processRequest(OzoneManagerProtocolServerSideTranslatorPB.java:175) ~[ozone-manager-1.3.0-SNAPSHOT.jar:?]
	at org.apache.hadoop.hdds.server.OzoneProtocolMessageDispatcher.processRequest(OzoneProtocolMessageDispatcher.java:87) [hdds-server-framework-1.3.0-SNAPSHOT.jar:?]
	at org.apache.hadoop.ozone.protocolPB.OzoneManagerProtocolServerSideTranslatorPB.submitRequest(OzoneManagerProtocolServerSideTranslatorPB.java:147) [ozone-manager-1.3.0-SNAPSHOT.jar:?]
	at org.apache.hadoop.ozone.protocol.proto.OzoneManagerProtocolProtos$OzoneManagerService$2.callBlockingMethod(OzoneManagerProtocolProtos.java) [ozone-interface-client-1.3.0-SNAPSHOT.jar:?]
	at org.apache.hadoop.ipc.ProtobufRpcEngine$Server.processCall(ProtobufRpcEngine.java:466) [hadoop-common-3.3.1.jar:?]
	at org.apache.hadoop.ipc.ProtobufRpcEngine2$Server$ProtoBufRpcInvoker.call(ProtobufRpcEngine2.java:574) [hadoop-common-3.3.1.jar:?]
	at org.apache.hadoop.ipc.ProtobufRpcEngine2$Server$ProtoBufRpcInvoker.call(ProtobufRpcEngine2.java:552) [hadoop-common-3.3.1.jar:?]
	at org.apache.hadoop.ipc.RPC$Server.call(RPC.java:1093) [hadoop-common-3.3.1.jar:?]
	at org.apache.hadoop.ipc.Server$RpcCall.run(Server.java:1035) [hadoop-common-3.3.1.jar:?]
	at org.apache.hadoop.ipc.Server$RpcCall.run(Server.java:963) [hadoop-common-3.3.1.jar:?]
	at java.security.AccessController.doPrivileged(Native Method) ~[?:1.8.0_332]
	at javax.security.auth.Subject.doAs(Subject.java:422) [?:1.8.0_332]
	at org.apache.hadoop.security.UserGroupInformation.doAs(UserGroupInformation.java:1878) [hadoop-common-3.3.1.jar:?]
	at org.apache.hadoop.ipc.Server$Handler.run(Server.java:2966) [hadoop-common-3.3.1.jar:?]
16:18:27.333 [IPC Server handler 13 on default port 37419] ERROR OMAudit - user=runner | ip=127.0.0.1 | op=GET_FILE_STATUS {volume=4331b957-9b6d-4805-87b5-a1e166791080, bucket=2873f826-0061-4f68-9c8f-19b4e559aa56, key=.Trash/runner, dataSize=0, replicationConfig=null} | ret=FAILURE
org.apache.hadoop.ozone.om.exceptions.OMException: Unable to get file status: volume: 4331b957-9b6d-4805-87b5-a1e166791080 bucket: 2873f826-0061-4f68-9c8f-19b4e559aa56 key: .Trash/runner
	at org.apache.hadoop.ozone.om.KeyManagerImpl.getOzoneFileStatus(KeyManagerImpl.java:1283) ~[ozone-manager-1.3.0-SNAPSHOT.jar:?]
	at org.apache.hadoop.ozone.om.KeyManagerImpl.getFileStatus(KeyManagerImpl.java:1213) ~[ozone-manager-1.3.0-SNAPSHOT.jar:?]
	at org.apache.hadoop.ozone.om.OzoneManager.getFileStatus(OzoneManager.java:3419) ~[ozone-manager-1.3.0-SNAPSHOT.jar:?]
	at org.apache.hadoop.ozone.protocolPB.OzoneManagerRequestHandler.getOzoneFileStatus(OzoneManagerRequestHandler.java:871) ~[ozone-manager-1.3.0-SNAPSHOT.jar:?]
	at org.apache.hadoop.ozone.protocolPB.OzoneManagerRequestHandler.handleReadRequest(OzoneManagerRequestHandler.java:217) ~[ozone-manager-1.3.0-SNAPSHOT.jar:?]
	at org.apache.hadoop.ozone.protocolPB.OzoneManagerProtocolServerSideTranslatorPB.submitReadRequestToOM(OzoneManagerProtocolServerSideTranslatorPB.java:225) ~[ozone-manager-1.3.0-SNAPSHOT.jar:?]
	at org.apache.hadoop.ozone.protocolPB.OzoneManagerProtocolServerSideTranslatorPB.processRequest(OzoneManagerProtocolServerSideTranslatorPB.java:175) ~[ozone-manager-1.3.0-SNAPSHOT.jar:?]
	at org.apache.hadoop.hdds.server.OzoneProtocolMessageDispatcher.processRequest(OzoneProtocolMessageDispatcher.java:87) [hdds-server-framework-1.3.0-SNAPSHOT.jar:?]
	at org.apache.hadoop.ozone.protocolPB.OzoneManagerProtocolServerSideTranslatorPB.submitRequest(OzoneManagerProtocolServerSideTranslatorPB.java:147) [ozone-manager-1.3.0-SNAPSHOT.jar:?]
	at org.apache.hadoop.ozone.protocol.proto.OzoneManagerProtocolProtos$OzoneManagerService$2.callBlockingMethod(OzoneManagerProtocolProtos.java) [ozone-interface-client-1.3.0-SNAPSHOT.jar:?]
	at org.apache.hadoop.ipc.ProtobufRpcEngine$Server.processCall(ProtobufRpcEngine.java:466) [hadoop-common-3.3.1.jar:?]
	at org.apache.hadoop.ipc.ProtobufRpcEngine2$Server$ProtoBufRpcInvoker.call(ProtobufRpcEngine2.java:574) [hadoop-common-3.3.1.jar:?]
	at org.apache.hadoop.ipc.ProtobufRpcEngine2$Server$ProtoBufRpcInvoker.call(ProtobufRpcEngine2.java:552) [hadoop-common-3.3.1.jar:?]
	at org.apache.hadoop.ipc.RPC$Server.call(RPC.java:1093) [hadoop-common-3.3.1.jar:?]
	at org.apache.hadoop.ipc.Server$RpcCall.run(Server.java:1035) [hadoop-common-3.3.1.jar:?]
	at org.apache.hadoop.ipc.Server$RpcCall.run(Server.java:963) [hadoop-common-3.3.1.jar:?]
	at java.security.AccessController.doPrivileged(Native Method) ~[?:1.8.0_332]
	at javax.security.auth.Subject.doAs(Subject.java:422) [?:1.8.0_332]
	at org.apache.hadoop.security.UserGroupInformation.doAs(UserGroupInformation.java:1878) [hadoop-common-3.3.1.jar:?]
	at org.apache.hadoop.ipc.Server$Handler.run(Server.java:2966) [hadoop-common-3.3.1.jar:?]
16:18:27.352 [IPC Server handler 18 on default port 37419] ERROR OMAudit - user=runner | ip=127.0.0.1 | op=GET_FILE_STATUS {volume=4331b957-9b6d-4805-87b5-a1e166791080, bucket=2873f826-0061-4f68-9c8f-19b4e559aa56, key=.Trash, dataSize=0, replicationConfig=null} | ret=FAILURE
org.apache.hadoop.ozone.om.exceptions.OMException: Unable to get file status: volume: 4331b957-9b6d-4805-87b5-a1e166791080 bucket: 2873f826-0061-4f68-9c8f-19b4e559aa56 key: .Trash
	at org.apache.hadoop.ozone.om.KeyManagerImpl.getOzoneFileStatus(KeyManagerImpl.java:1283) ~[ozone-manager-1.3.0-SNAPSHOT.jar:?]
	at org.apache.hadoop.ozone.om.KeyManagerImpl.getFileStatus(KeyManagerImpl.java:1213) ~[ozone-manager-1.3.0-SNAPSHOT.jar:?]
	at org.apache.hadoop.ozone.om.OzoneManager.getFileStatus(OzoneManager.java:3419) ~[ozone-manager-1.3.0-SNAPSHOT.jar:?]
	at org.apache.hadoop.ozone.protocolPB.OzoneManagerRequestHandler.getOzoneFileStatus(OzoneManagerRequestHandler.java:871) ~[ozone-manager-1.3.0-SNAPSHOT.jar:?]
	at org.apache.hadoop.ozone.protocolPB.OzoneManagerRequestHandler.handleReadRequest(OzoneManagerRequestHandler.java:217) ~[ozone-manager-1.3.0-SNAPSHOT.jar:?]
	at org.apache.hadoop.ozone.protocolPB.OzoneManagerProtocolServerSideTranslatorPB.submitReadRequestToOM(OzoneManagerProtocolServerSideTranslatorPB.java:225) ~[ozone-manager-1.3.0-SNAPSHOT.jar:?]
	at org.apache.hadoop.ozone.protocolPB.OzoneManagerProtocolServerSideTranslatorPB.processRequest(OzoneManagerProtocolServerSideTranslatorPB.java:175) ~[ozone-manager-1.3.0-SNAPSHOT.jar:?]
	at org.apache.hadoop.hdds.server.OzoneProtocolMessageDispatcher.processRequest(OzoneProtocolMessageDispatcher.java:87) [hdds-server-framework-1.3.0-SNAPSHOT.jar:?]
	at org.apache.hadoop.ozone.protocolPB.OzoneManagerProtocolServerSideTranslatorPB.submitRequest(OzoneManagerProtocolServerSideTranslatorPB.java:147) [ozone-manager-1.3.0-SNAPSHOT.jar:?]
	at org.apache.hadoop.ozone.protocol.proto.OzoneManagerProtocolProtos$OzoneManagerService$2.callBlockingMethod(OzoneManagerProtocolProtos.java) [ozone-interface-client-1.3.0-SNAPSHOT.jar:?]
	at org.apache.hadoop.ipc.ProtobufRpcEngine$Server.processCall(ProtobufRpcEngine.java:466) [hadoop-common-3.3.1.jar:?]
	at org.apache.hadoop.ipc.ProtobufRpcEngine2$Server$ProtoBufRpcInvoker.call(ProtobufRpcEngine2.java:574) [hadoop-common-3.3.1.jar:?]
	at org.apache.hadoop.ipc.ProtobufRpcEngine2$Server$ProtoBufRpcInvoker.call(ProtobufRpcEngine2.java:552) [hadoop-common-3.3.1.jar:?]
	at org.apache.hadoop.ipc.RPC$Server.call(RPC.java:1093) [hadoop-common-3.3.1.jar:?]
	at org.apache.hadoop.ipc.Server$RpcCall.run(Server.java:1035) [hadoop-common-3.3.1.jar:?]
	at org.apache.hadoop.ipc.Server$RpcCall.run(Server.java:963) [hadoop-common-3.3.1.jar:?]
	at java.security.AccessController.doPrivileged(Native Method) ~[?:1.8.0_332]
	at javax.security.auth.Subject.doAs(Subject.java:422) [?:1.8.0_332]
	at org.apache.hadoop.security.UserGroupInformation.doAs(UserGroupInformation.java:1878) [hadoop-common-3.3.1.jar:?]
	at org.apache.hadoop.ipc.Server$Handler.run(Server.java:2966) [hadoop-common-3.3.1.jar:?]
2022-06-16 16:18:27,362 [Time-limited test] INFO  rpc.RpcClient (RpcClient.java:createBucket(666)) - Creating Bucket: volume58691/trashroottest2, with the Bucket Layout LEGACY, runner as owner, Versioning false, Storage Type set to DISK and Encryption set to false 
2022-06-16 16:18:27,364 [OM StateMachine ApplyTransaction Thread - 0] INFO  bucket.OMBucketCreateRequest (OMBucketCreateRequest.java:validateAndUpdateCache(260)) - created bucket: trashroottest2 of layout LEGACY in volume: volume58691
16:18:27.424 [IPC Server handler 10 on default port 37419] ERROR OMAudit - user=runner | ip=127.0.0.1 | op=GET_FILE_STATUS {volume=4331b957-9b6d-4805-87b5-a1e166791080, bucket=2873f826-0061-4f68-9c8f-19b4e559aa56, key=.Trash/runner, dataSize=0, replicationConfig=null} | ret=FAILURE
org.apache.hadoop.ozone.om.exceptions.OMException: Unable to get file status: volume: 4331b957-9b6d-4805-87b5-a1e166791080 bucket: 2873f826-0061-4f68-9c8f-19b4e559aa56 key: .Trash/runner
	at org.apache.hadoop.ozone.om.KeyManagerImpl.getOzoneFileStatus(KeyManagerImpl.java:1283) ~[ozone-manager-1.3.0-SNAPSHOT.jar:?]
	at org.apache.hadoop.ozone.om.KeyManagerImpl.getFileStatus(KeyManagerImpl.java:1213) ~[ozone-manager-1.3.0-SNAPSHOT.jar:?]
	at org.apache.hadoop.ozone.om.OzoneManager.getFileStatus(OzoneManager.java:3419) ~[ozone-manager-1.3.0-SNAPSHOT.jar:?]
	at org.apache.hadoop.ozone.protocolPB.OzoneManagerRequestHandler.getOzoneFileStatus(OzoneManagerRequestHandler.java:871) ~[ozone-manager-1.3.0-SNAPSHOT.jar:?]
	at org.apache.hadoop.ozone.protocolPB.OzoneManagerRequestHandler.handleReadRequest(OzoneManagerRequestHandler.java:217) ~[ozone-manager-1.3.0-SNAPSHOT.jar:?]
	at org.apache.hadoop.ozone.protocolPB.OzoneManagerProtocolServerSideTranslatorPB.submitReadRequestToOM(OzoneManagerProtocolServerSideTranslatorPB.java:225) ~[ozone-manager-1.3.0-SNAPSHOT.jar:?]
	at org.apache.hadoop.ozone.protocolPB.OzoneManagerProtocolServerSideTranslatorPB.processRequest(OzoneManagerProtocolServerSideTranslatorPB.java:175) ~[ozone-manager-1.3.0-SNAPSHOT.jar:?]
	at org.apache.hadoop.hdds.server.OzoneProtocolMessageDispatcher.processRequest(OzoneProtocolMessageDispatcher.java:87) [hdds-server-framework-1.3.0-SNAPSHOT.jar:?]
	at org.apache.hadoop.ozone.protocolPB.OzoneManagerProtocolServerSideTranslatorPB.submitRequest(OzoneManagerProtocolServerSideTranslatorPB.java:147) [ozone-manager-1.3.0-SNAPSHOT.jar:?]
	at org.apache.hadoop.ozone.protocol.proto.OzoneManagerProtocolProtos$OzoneManagerService$2.callBlockingMethod(OzoneManagerProtocolProtos.java) [ozone-interface-client-1.3.0-SNAPSHOT.jar:?]
	at org.apache.hadoop.ipc.ProtobufRpcEngine$Server.processCall(ProtobufRpcEngine.java:466) [hadoop-common-3.3.1.jar:?]
	at org.apache.hadoop.ipc.ProtobufRpcEngine2$Server$ProtoBufRpcInvoker.call(ProtobufRpcEngine2.java:574) [hadoop-common-3.3.1.jar:?]
	at org.apache.hadoop.ipc.ProtobufRpcEngine2$Server$ProtoBufRpcInvoker.call(ProtobufRpcEngine2.java:552) [hadoop-common-3.3.1.jar:?]
	at org.apache.hadoop.ipc.RPC$Server.call(RPC.java:1093) [hadoop-common-3.3.1.jar:?]
	at org.apache.hadoop.ipc.Server$RpcCall.run(Server.java:1035) [hadoop-common-3.3.1.jar:?]
	at org.apache.hadoop.ipc.Server$RpcCall.run(Server.java:963) [hadoop-common-3.3.1.jar:?]
	at java.security.AccessController.doPrivileged(Native Method) ~[?:1.8.0_332]
	at javax.security.auth.Subject.doAs(Subject.java:422) [?:1.8.0_332]
	at org.apache.hadoop.security.UserGroupInformation.doAs(UserGroupInformation.java:1878) [hadoop-common-3.3.1.jar:?]
	at org.apache.hadoop.ipc.Server$Handler.run(Server.java:2966) [hadoop-common-3.3.1.jar:?]
2022-06-16 16:18:27,440 [e2d98f8b-d69d-477c-98dc-59bbefea49c2@group-AFE12DF18333-FollowerState] INFO  impl.FollowerState (FollowerState.java:run(143)) - e2d98f8b-d69d-477c-98dc-59bbefea49c2@group-AFE12DF18333-FollowerState: change to CANDIDATE, lastRpcElapsedTime:5132652541ns, electionTimeout:5130ms
2022-06-16 16:18:27,441 [e2d98f8b-d69d-477c-98dc-59bbefea49c2@group-AFE12DF18333-FollowerState] INFO  impl.RoleInfo (RoleInfo.java:shutdownFollowerState(110)) - e2d98f8b-d69d-477c-98dc-59bbefea49c2: shutdown e2d98f8b-d69d-477c-98dc-59bbefea49c2@group-AFE12DF18333-FollowerState
2022-06-16 16:18:27,441 [e2d98f8b-d69d-477c-98dc-59bbefea49c2@group-AFE12DF18333-FollowerState] INFO  server.RaftServer$Division (RaftServerImpl.java:setRole(299)) - e2d98f8b-d69d-477c-98dc-59bbefea49c2@group-AFE12DF18333: changes role from  FOLLOWER to CANDIDATE at term 2 for changeToCandidate
2022-06-16 16:18:27,441 [e2d98f8b-d69d-477c-98dc-59bbefea49c2@group-AFE12DF18333-FollowerState] INFO  server.RaftServerConfigKeys (ConfUtils.java:logGet(46)) - raft.server.leaderelection.pre-vote = false (custom)
2022-06-16 16:18:27,441 [e2d98f8b-d69d-477c-98dc-59bbefea49c2@group-AFE12DF18333-FollowerState] INFO  impl.RoleInfo (RoleInfo.java:updateAndGet(139)) - e2d98f8b-d69d-477c-98dc-59bbefea49c2: start e2d98f8b-d69d-477c-98dc-59bbefea49c2@group-AFE12DF18333-LeaderElection11
16:18:27.443 [IPC Server handler 18 on default port 37419] ERROR OMAudit - user=runner | ip=127.0.0.1 | op=GET_FILE_STATUS {volume=4331b957-9b6d-4805-87b5-a1e166791080, bucket=2873f826-0061-4f68-9c8f-19b4e559aa56, key=.Trash, dataSize=0, replicationConfig=null} | ret=FAILURE
org.apache.hadoop.ozone.om.exceptions.OMException: Unable to get file status: volume: 4331b957-9b6d-4805-87b5-a1e166791080 bucket: 2873f826-0061-4f68-9c8f-19b4e559aa56 key: .Trash
	at org.apache.hadoop.ozone.om.KeyManagerImpl.getOzoneFileStatus(KeyManagerImpl.java:1283) ~[ozone-manager-1.3.0-SNAPSHOT.jar:?]
	at org.apache.hadoop.ozone.om.KeyManagerImpl.getFileStatus(KeyManagerImpl.java:1213) ~[ozone-manager-1.3.0-SNAPSHOT.jar:?]
	at org.apache.hadoop.ozone.om.OzoneManager.getFileStatus(OzoneManager.java:3419) ~[ozone-manager-1.3.0-SNAPSHOT.jar:?]
	at org.apache.hadoop.ozone.protocolPB.OzoneManagerRequestHandler.getOzoneFileStatus(OzoneManagerRequestHandler.java:871) ~[ozone-manager-1.3.0-SNAPSHOT.jar:?]
	at org.apache.hadoop.ozone.protocolPB.OzoneManagerRequestHandler.handleReadRequest(OzoneManagerRequestHandler.java:217) ~[ozone-manager-1.3.0-SNAPSHOT.jar:?]
	at org.apache.hadoop.ozone.protocolPB.OzoneManagerProtocolServerSideTranslatorPB.submitReadRequestToOM(OzoneManagerProtocolServerSideTranslatorPB.java:225) ~[ozone-manager-1.3.0-SNAPSHOT.jar:?]
	at org.apache.hadoop.ozone.protocolPB.OzoneManagerProtocolServerSideTranslatorPB.processRequest(OzoneManagerProtocolServerSideTranslatorPB.java:175) ~[ozone-manager-1.3.0-SNAPSHOT.jar:?]
	at org.apache.hadoop.hdds.server.OzoneProtocolMessageDispatcher.processRequest(OzoneProtocolMessageDispatcher.java:87) [hdds-server-framework-1.3.0-SNAPSHOT.jar:?]
	at org.apache.hadoop.ozone.protocolPB.OzoneManagerProtocolServerSideTranslatorPB.submitRequest(OzoneManagerProtocolServerSideTranslatorPB.java:147) [ozone-manager-1.3.0-SNAPSHOT.jar:?]
	at org.apache.hadoop.ozone.protocol.proto.OzoneManagerProtocolProtos$OzoneManagerService$2.callBlockingMethod(OzoneManagerProtocolProtos.java) [ozone-interface-client-1.3.0-SNAPSHOT.jar:?]
	at org.apache.hadoop.ipc.ProtobufRpcEngine$Server.processCall(ProtobufRpcEngine.java:466) [hadoop-common-3.3.1.jar:?]
	at org.apache.hadoop.ipc.ProtobufRpcEngine2$Server$ProtoBufRpcInvoker.call(ProtobufRpcEngine2.java:574) [hadoop-common-3.3.1.jar:?]
	at org.apache.hadoop.ipc.ProtobufRpcEngine2$Server$ProtoBufRpcInvoker.call(ProtobufRpcEngine2.java:552) [hadoop-common-3.3.1.jar:?]
	at org.apache.hadoop.ipc.RPC$Server.call(RPC.java:1093) [hadoop-common-3.3.1.jar:?]
	at org.apache.hadoop.ipc.Server$RpcCall.run(Server.java:1035) [hadoop-common-3.3.1.jar:?]
	at org.apache.hadoop.ipc.Server$RpcCall.run(Server.java:963) [hadoop-common-3.3.1.jar:?]
	at java.security.AccessController.doPrivileged(Native Method) ~[?:1.8.0_332]
	at javax.security.auth.Subject.doAs(Subject.java:422) [?:1.8.0_332]
	at org.apache.hadoop.security.UserGroupInformation.doAs(UserGroupInformation.java:1878) [hadoop-common-3.3.1.jar:?]
	at org.apache.hadoop.ipc.Server$Handler.run(Server.java:2966) [hadoop-common-3.3.1.jar:?]
2022-06-16 16:18:27,445 [e2d98f8b-d69d-477c-98dc-59bbefea49c2@group-AFE12DF18333-LeaderElection11] INFO  impl.LeaderElection (LeaderElection.java:askForVotes(310)) - e2d98f8b-d69d-477c-98dc-59bbefea49c2@group-AFE12DF18333-LeaderElection11 ELECTION round 0: submit vote requests at term 3 for -1: [7e231c89-b42f-4528-a87d-3801d80fe42a|rpc:10.1.0.16:41481|priority:1, e2d98f8b-d69d-477c-98dc-59bbefea49c2|rpc:10.1.0.16:34489|priority:0, 283ec67f-837e-4418-8153-936cf3dda048|rpc:10.1.0.16:35425|priority:0], old=null
2022-06-16 16:18:27,450 [grpc-default-executor-0] INFO  server.RaftServer$Division (RaftServerImpl.java:requestVote(1152)) - 7e231c89-b42f-4528-a87d-3801d80fe42a@group-AFE12DF18333: receive requestVote(ELECTION, e2d98f8b-d69d-477c-98dc-59bbefea49c2, group-AFE12DF18333, 3, (t:0, i:0))
2022-06-16 16:18:27,450 [grpc-default-executor-0] INFO  impl.VoteContext (VoteContext.java:log(48)) - 7e231c89-b42f-4528-a87d-3801d80fe42a@group-AFE12DF18333-FOLLOWER: reject ELECTION from e2d98f8b-d69d-477c-98dc-59bbefea49c2: our priority 1 > candidate's priority 0
2022-06-16 16:18:27,451 [grpc-default-executor-0] INFO  server.RaftServer$Division (RaftServerImpl.java:setRole(299)) - 7e231c89-b42f-4528-a87d-3801d80fe42a@group-AFE12DF18333: changes role from  FOLLOWER to FOLLOWER at term 3 for candidate:e2d98f8b-d69d-477c-98dc-59bbefea49c2
2022-06-16 16:18:27,451 [grpc-default-executor-0] INFO  impl.RoleInfo (RoleInfo.java:shutdownFollowerState(110)) - 7e231c89-b42f-4528-a87d-3801d80fe42a: shutdown 7e231c89-b42f-4528-a87d-3801d80fe42a@group-AFE12DF18333-FollowerState
2022-06-16 16:18:27,451 [grpc-default-executor-0] INFO  impl.RoleInfo (RoleInfo.java:updateAndGet(139)) - 7e231c89-b42f-4528-a87d-3801d80fe42a: start 7e231c89-b42f-4528-a87d-3801d80fe42a@group-AFE12DF18333-FollowerState
2022-06-16 16:18:27,451 [7e231c89-b42f-4528-a87d-3801d80fe42a@group-AFE12DF18333-FollowerState] INFO  impl.FollowerState (FollowerState.java:run(152)) - 7e231c89-b42f-4528-a87d-3801d80fe42a@group-AFE12DF18333-FollowerState was interrupted
2022-06-16 16:18:27,460 [grpc-default-executor-0] INFO  server.RaftServer$Division (RaftServerImpl.java:requestVote(1184)) - 7e231c89-b42f-4528-a87d-3801d80fe42a@group-AFE12DF18333 replies to ELECTION vote request: e2d98f8b-d69d-477c-98dc-59bbefea49c2<-7e231c89-b42f-4528-a87d-3801d80fe42a#0:FAIL-t3. Peer's state: 7e231c89-b42f-4528-a87d-3801d80fe42a@group-AFE12DF18333:t3, leader=null, voted=null, raftlog=7e231c89-b42f-4528-a87d-3801d80fe42a@group-AFE12DF18333-SegmentedRaftLog:OPENED:c-1, conf=-1: [7e231c89-b42f-4528-a87d-3801d80fe42a|rpc:10.1.0.16:41481|dataStream:|priority:1, e2d98f8b-d69d-477c-98dc-59bbefea49c2|rpc:10.1.0.16:34489|dataStream:|priority:0, 283ec67f-837e-4418-8153-936cf3dda048|rpc:10.1.0.16:35425|dataStream:|priority:0], old=null
2022-06-16 16:18:27,464 [e2d98f8b-d69d-477c-98dc-59bbefea49c2@group-AFE12DF18333-LeaderElection11] INFO  impl.LeaderElection (LeaderElection.java:logAndReturn(90)) - e2d98f8b-d69d-477c-98dc-59bbefea49c2@group-AFE12DF18333-LeaderElection11: ELECTION REJECTED received 1 response(s) and 0 exception(s):
2022-06-16 16:18:27,464 [e2d98f8b-d69d-477c-98dc-59bbefea49c2@group-AFE12DF18333-LeaderElection11] INFO  impl.LeaderElection (LeaderElection.java:logAndReturn(94)) -   Response 0: e2d98f8b-d69d-477c-98dc-59bbefea49c2<-7e231c89-b42f-4528-a87d-3801d80fe42a#0:FAIL-t3
2022-06-16 16:18:27,464 [e2d98f8b-d69d-477c-98dc-59bbefea49c2@group-AFE12DF18333-LeaderElection11] INFO  impl.LeaderElection (LeaderElection.java:askForVotes(312)) - e2d98f8b-d69d-477c-98dc-59bbefea49c2@group-AFE12DF18333-LeaderElection11 ELECTION round 0: result REJECTED
2022-06-16 16:18:27,464 [e2d98f8b-d69d-477c-98dc-59bbefea49c2@group-AFE12DF18333-LeaderElection11] INFO  server.RaftServer$Division (RaftServerImpl.java:setRole(299)) - e2d98f8b-d69d-477c-98dc-59bbefea49c2@group-AFE12DF18333: changes role from CANDIDATE to FOLLOWER at term 3 for REJECTED
2022-06-16 16:18:27,464 [e2d98f8b-d69d-477c-98dc-59bbefea49c2@group-AFE12DF18333-LeaderElection11] INFO  impl.RoleInfo (RoleInfo.java:shutdownLeaderElection(130)) - e2d98f8b-d69d-477c-98dc-59bbefea49c2: shutdown e2d98f8b-d69d-477c-98dc-59bbefea49c2@group-AFE12DF18333-LeaderElection11
2022-06-16 16:18:27,464 [e2d98f8b-d69d-477c-98dc-59bbefea49c2@group-AFE12DF18333-LeaderElection11] INFO  impl.RoleInfo (RoleInfo.java:updateAndGet(139)) - e2d98f8b-d69d-477c-98dc-59bbefea49c2: start e2d98f8b-d69d-477c-98dc-59bbefea49c2@group-AFE12DF18333-FollowerState
2022-06-16 16:18:27,477 [grpc-default-executor-0] INFO  server.RaftServer$Division (RaftServerImpl.java:requestVote(1152)) - 283ec67f-837e-4418-8153-936cf3dda048@group-AFE12DF18333: receive requestVote(ELECTION, e2d98f8b-d69d-477c-98dc-59bbefea49c2, group-AFE12DF18333, 3, (t:0, i:0))
2022-06-16 16:18:27,479 [grpc-default-executor-0] INFO  impl.VoteContext (VoteContext.java:log(48)) - 283ec67f-837e-4418-8153-936cf3dda048@group-AFE12DF18333-FOLLOWER: accept ELECTION from e2d98f8b-d69d-477c-98dc-59bbefea49c2: our priority 0 <= candidate's priority 0
2022-06-16 16:18:27,479 [grpc-default-executor-0] INFO  server.RaftServer$Division (RaftServerImpl.java:setRole(299)) - 283ec67f-837e-4418-8153-936cf3dda048@group-AFE12DF18333: changes role from  FOLLOWER to FOLLOWER at term 3 for candidate:e2d98f8b-d69d-477c-98dc-59bbefea49c2
2022-06-16 16:18:27,479 [grpc-default-executor-0] INFO  impl.RoleInfo (RoleInfo.java:shutdownFollowerState(110)) - 283ec67f-837e-4418-8153-936cf3dda048: shutdown 283ec67f-837e-4418-8153-936cf3dda048@group-AFE12DF18333-FollowerState
2022-06-16 16:18:27,479 [grpc-default-executor-0] INFO  impl.RoleInfo (RoleInfo.java:updateAndGet(139)) - 283ec67f-837e-4418-8153-936cf3dda048: start 283ec67f-837e-4418-8153-936cf3dda048@group-AFE12DF18333-FollowerState
2022-06-16 16:18:27,479 [283ec67f-837e-4418-8153-936cf3dda048@group-AFE12DF18333-FollowerState] INFO  impl.FollowerState (FollowerState.java:run(152)) - 283ec67f-837e-4418-8153-936cf3dda048@group-AFE12DF18333-FollowerState was interrupted
2022-06-16 16:18:27,482 [grpc-default-executor-0] INFO  server.RaftServer$Division (RaftServerImpl.java:requestVote(1184)) - 283ec67f-837e-4418-8153-936cf3dda048@group-AFE12DF18333 replies to ELECTION vote request: e2d98f8b-d69d-477c-98dc-59bbefea49c2<-283ec67f-837e-4418-8153-936cf3dda048#0:OK-t3. Peer's state: 283ec67f-837e-4418-8153-936cf3dda048@group-AFE12DF18333:t3, leader=null, voted=e2d98f8b-d69d-477c-98dc-59bbefea49c2, raftlog=283ec67f-837e-4418-8153-936cf3dda048@group-AFE12DF18333-SegmentedRaftLog:OPENED:c-1, conf=-1: [7e231c89-b42f-4528-a87d-3801d80fe42a|rpc:10.1.0.16:41481|priority:1, e2d98f8b-d69d-477c-98dc-59bbefea49c2|rpc:10.1.0.16:34489|priority:0, 283ec67f-837e-4418-8153-936cf3dda048|rpc:10.1.0.16:35425|priority:0], old=null
16:18:27.499 [IPC Server handler 1 on default port 37419] ERROR OMAudit - user=runner | ip=127.0.0.1 | op=GET_FILE_STATUS {volume=4331b957-9b6d-4805-87b5-a1e166791080, bucket=2873f826-0061-4f68-9c8f-19b4e559aa56, key=.Trash/runner, dataSize=0, replicationConfig=null} | ret=FAILURE
org.apache.hadoop.ozone.om.exceptions.OMException: Unable to get file status: volume: 4331b957-9b6d-4805-87b5-a1e166791080 bucket: 2873f826-0061-4f68-9c8f-19b4e559aa56 key: .Trash/runner
	at org.apache.hadoop.ozone.om.KeyManagerImpl.getOzoneFileStatus(KeyManagerImpl.java:1283) ~[ozone-manager-1.3.0-SNAPSHOT.jar:?]
	at org.apache.hadoop.ozone.om.KeyManagerImpl.getFileStatus(KeyManagerImpl.java:1213) ~[ozone-manager-1.3.0-SNAPSHOT.jar:?]
	at org.apache.hadoop.ozone.om.OzoneManager.getFileStatus(OzoneManager.java:3419) ~[ozone-manager-1.3.0-SNAPSHOT.jar:?]
	at org.apache.hadoop.ozone.protocolPB.OzoneManagerRequestHandler.getOzoneFileStatus(OzoneManagerRequestHandler.java:871) ~[ozone-manager-1.3.0-SNAPSHOT.jar:?]
	at org.apache.hadoop.ozone.protocolPB.OzoneManagerRequestHandler.handleReadRequest(OzoneManagerRequestHandler.java:217) ~[ozone-manager-1.3.0-SNAPSHOT.jar:?]
	at org.apache.hadoop.ozone.protocolPB.OzoneManagerProtocolServerSideTranslatorPB.submitReadRequestToOM(OzoneManagerProtocolServerSideTranslatorPB.java:225) ~[ozone-manager-1.3.0-SNAPSHOT.jar:?]
	at org.apache.hadoop.ozone.protocolPB.OzoneManagerProtocolServerSideTranslatorPB.processRequest(OzoneManagerProtocolServerSideTranslatorPB.java:175) ~[ozone-manager-1.3.0-SNAPSHOT.jar:?]
	at org.apache.hadoop.hdds.server.OzoneProtocolMessageDispatcher.processRequest(OzoneProtocolMessageDispatcher.java:87) [hdds-server-framework-1.3.0-SNAPSHOT.jar:?]
	at org.apache.hadoop.ozone.protocolPB.OzoneManagerProtocolServerSideTranslatorPB.submitRequest(OzoneManagerProtocolServerSideTranslatorPB.java:147) [ozone-manager-1.3.0-SNAPSHOT.jar:?]
	at org.apache.hadoop.ozone.protocol.proto.OzoneManagerProtocolProtos$OzoneManagerService$2.callBlockingMethod(OzoneManagerProtocolProtos.java) [ozone-interface-client-1.3.0-SNAPSHOT.jar:?]
	at org.apache.hadoop.ipc.ProtobufRpcEngine$Server.processCall(ProtobufRpcEngine.java:466) [hadoop-common-3.3.1.jar:?]
	at org.apache.hadoop.ipc.ProtobufRpcEngine2$Server$ProtoBufRpcInvoker.call(ProtobufRpcEngine2.java:574) [hadoop-common-3.3.1.jar:?]
	at org.apache.hadoop.ipc.ProtobufRpcEngine2$Server$ProtoBufRpcInvoker.call(ProtobufRpcEngine2.java:552) [hadoop-common-3.3.1.jar:?]
	at org.apache.hadoop.ipc.RPC$Server.call(RPC.java:1093) [hadoop-common-3.3.1.jar:?]
	at org.apache.hadoop.ipc.Server$RpcCall.run(Server.java:1035) [hadoop-common-3.3.1.jar:?]
	at org.apache.hadoop.ipc.Server$RpcCall.run(Server.java:963) [hadoop-common-3.3.1.jar:?]
	at java.security.AccessController.doPrivileged(Native Method) ~[?:1.8.0_332]
	at javax.security.auth.Subject.doAs(Subject.java:422) [?:1.8.0_332]
	at org.apache.hadoop.security.UserGroupInformation.doAs(UserGroupInformation.java:1878) [hadoop-common-3.3.1.jar:?]
	at org.apache.hadoop.ipc.Server$Handler.run(Server.java:2966) [hadoop-common-3.3.1.jar:?]
16:18:27.514 [IPC Server handler 3 on default port 37419] ERROR OMAudit - user=runner | ip=127.0.0.1 | op=GET_FILE_STATUS {volume=4331b957-9b6d-4805-87b5-a1e166791080, bucket=2873f826-0061-4f68-9c8f-19b4e559aa56, key=.Trash, dataSize=0, replicationConfig=null} | ret=FAILURE
org.apache.hadoop.ozone.om.exceptions.OMException: Unable to get file status: volume: 4331b957-9b6d-4805-87b5-a1e166791080 bucket: 2873f826-0061-4f68-9c8f-19b4e559aa56 key: .Trash
	at org.apache.hadoop.ozone.om.KeyManagerImpl.getOzoneFileStatus(KeyManagerImpl.java:1283) ~[ozone-manager-1.3.0-SNAPSHOT.jar:?]
	at org.apache.hadoop.ozone.om.KeyManagerImpl.getFileStatus(KeyManagerImpl.java:1213) ~[ozone-manager-1.3.0-SNAPSHOT.jar:?]
	at org.apache.hadoop.ozone.om.OzoneManager.getFileStatus(OzoneManager.java:3419) ~[ozone-manager-1.3.0-SNAPSHOT.jar:?]
	at org.apache.hadoop.ozone.protocolPB.OzoneManagerRequestHandler.getOzoneFileStatus(OzoneManagerRequestHandler.java:871) ~[ozone-manager-1.3.0-SNAPSHOT.jar:?]
	at org.apache.hadoop.ozone.protocolPB.OzoneManagerRequestHandler.handleReadRequest(OzoneManagerRequestHandler.java:217) ~[ozone-manager-1.3.0-SNAPSHOT.jar:?]
	at org.apache.hadoop.ozone.protocolPB.OzoneManagerProtocolServerSideTranslatorPB.submitReadRequestToOM(OzoneManagerProtocolServerSideTranslatorPB.java:225) ~[ozone-manager-1.3.0-SNAPSHOT.jar:?]
	at org.apache.hadoop.ozone.protocolPB.OzoneManagerProtocolServerSideTranslatorPB.processRequest(OzoneManagerProtocolServerSideTranslatorPB.java:175) ~[ozone-manager-1.3.0-SNAPSHOT.jar:?]
	at org.apache.hadoop.hdds.server.OzoneProtocolMessageDispatcher.processRequest(OzoneProtocolMessageDispatcher.java:87) [hdds-server-framework-1.3.0-SNAPSHOT.jar:?]
	at org.apache.hadoop.ozone.protocolPB.OzoneManagerProtocolServerSideTranslatorPB.submitRequest(OzoneManagerProtocolServerSideTranslatorPB.java:147) [ozone-manager-1.3.0-SNAPSHOT.jar:?]
	at org.apache.hadoop.ozone.protocol.proto.OzoneManagerProtocolProtos$OzoneManagerService$2.callBlockingMethod(OzoneManagerProtocolProtos.java) [ozone-interface-client-1.3.0-SNAPSHOT.jar:?]
	at org.apache.hadoop.ipc.ProtobufRpcEngine$Server.processCall(ProtobufRpcEngine.java:466) [hadoop-common-3.3.1.jar:?]
	at org.apache.hadoop.ipc.ProtobufRpcEngine2$Server$ProtoBufRpcInvoker.call(ProtobufRpcEngine2.java:574) [hadoop-common-3.3.1.jar:?]
	at org.apache.hadoop.ipc.ProtobufRpcEngine2$Server$ProtoBufRpcInvoker.call(ProtobufRpcEngine2.java:552) [hadoop-common-3.3.1.jar:?]
	at org.apache.hadoop.ipc.RPC$Server.call(RPC.java:1093) [hadoop-common-3.3.1.jar:?]
	at org.apache.hadoop.ipc.Server$RpcCall.run(Server.java:1035) [hadoop-common-3.3.1.jar:?]
	at org.apache.hadoop.ipc.Server$RpcCall.run(Server.java:963) [hadoop-common-3.3.1.jar:?]
	at java.security.AccessController.doPrivileged(Native Method) ~[?:1.8.0_332]
	at javax.security.auth.Subject.doAs(Subject.java:422) [?:1.8.0_332]
	at org.apache.hadoop.security.UserGroupInformation.doAs(UserGroupInformation.java:1878) [hadoop-common-3.3.1.jar:?]
	at org.apache.hadoop.ipc.Server$Handler.run(Server.java:2966) [hadoop-common-3.3.1.jar:?]
2022-06-16 16:18:27,551 [Time-limited test] INFO  rpc.RpcClient (RpcClient.java:createVolume(466)) - Creating Volume: volume50890, with user08455 as owner and space quota set to -1 bytes, counts quota set to -1
2022-06-16 16:18:27,553 [OM StateMachine ApplyTransaction Thread - 0] INFO  volume.OMVolumeCreateRequest (OMVolumeCreateRequest.java:validateAndUpdateCache(195)) - created volume:volume50890 for user:user08455
2022-06-16 16:18:27,555 [Time-limited test] INFO  rpc.RpcClient (RpcClient.java:createBucket(666)) - Creating Bucket: volume50890/bucket69597, with the Bucket Layout LEGACY, runner as owner, Versioning false, Storage Type set to DISK and Encryption set to false 
2022-06-16 16:18:27,557 [OM StateMachine ApplyTransaction Thread - 0] INFO  bucket.OMBucketCreateRequest (OMBucketCreateRequest.java:validateAndUpdateCache(260)) - created bucket: bucket69597 of layout LEGACY in volume: volume50890
16:18:27.570 [IPC Server handler 8 on default port 37419] ERROR OMAudit - user=runner | ip=127.0.0.1 | op=GET_FILE_STATUS {volume=4331b957-9b6d-4805-87b5-a1e166791080, bucket=2873f826-0061-4f68-9c8f-19b4e559aa56, key=.Trash/runner, dataSize=0, replicationConfig=null} | ret=FAILURE
org.apache.hadoop.ozone.om.exceptions.OMException: Unable to get file status: volume: 4331b957-9b6d-4805-87b5-a1e166791080 bucket: 2873f826-0061-4f68-9c8f-19b4e559aa56 key: .Trash/runner
	at org.apache.hadoop.ozone.om.KeyManagerImpl.getOzoneFileStatus(KeyManagerImpl.java:1283) ~[ozone-manager-1.3.0-SNAPSHOT.jar:?]
	at org.apache.hadoop.ozone.om.KeyManagerImpl.getFileStatus(KeyManagerImpl.java:1213) ~[ozone-manager-1.3.0-SNAPSHOT.jar:?]
	at org.apache.hadoop.ozone.om.OzoneManager.getFileStatus(OzoneManager.java:3419) ~[ozone-manager-1.3.0-SNAPSHOT.jar:?]
	at org.apache.hadoop.ozone.protocolPB.OzoneManagerRequestHandler.getOzoneFileStatus(OzoneManagerRequestHandler.java:871) ~[ozone-manager-1.3.0-SNAPSHOT.jar:?]
	at org.apache.hadoop.ozone.protocolPB.OzoneManagerRequestHandler.handleReadRequest(OzoneManagerRequestHandler.java:217) ~[ozone-manager-1.3.0-SNAPSHOT.jar:?]
	at org.apache.hadoop.ozone.protocolPB.OzoneManagerProtocolServerSideTranslatorPB.submitReadRequestToOM(OzoneManagerProtocolServerSideTranslatorPB.java:225) ~[ozone-manager-1.3.0-SNAPSHOT.jar:?]
	at org.apache.hadoop.ozone.protocolPB.OzoneManagerProtocolServerSideTranslatorPB.processRequest(OzoneManagerProtocolServerSideTranslatorPB.java:175) ~[ozone-manager-1.3.0-SNAPSHOT.jar:?]
	at org.apache.hadoop.hdds.server.OzoneProtocolMessageDispatcher.processRequest(OzoneProtocolMessageDispatcher.java:87) [hdds-server-framework-1.3.0-SNAPSHOT.jar:?]
	at org.apache.hadoop.ozone.protocolPB.OzoneManagerProtocolServerSideTranslatorPB.submitRequest(OzoneManagerProtocolServerSideTranslatorPB.java:147) [ozone-manager-1.3.0-SNAPSHOT.jar:?]
	at org.apache.hadoop.ozone.protocol.proto.OzoneManagerProtocolProtos$OzoneManagerService$2.callBlockingMethod(OzoneManagerProtocolProtos.java) [ozone-interface-client-1.3.0-SNAPSHOT.jar:?]
	at org.apache.hadoop.ipc.ProtobufRpcEngine$Server.processCall(ProtobufRpcEngine.java:466) [hadoop-common-3.3.1.jar:?]
	at org.apache.hadoop.ipc.ProtobufRpcEngine2$Server$ProtoBufRpcInvoker.call(ProtobufRpcEngine2.java:574) [hadoop-common-3.3.1.jar:?]
	at org.apache.hadoop.ipc.ProtobufRpcEngine2$Server$ProtoBufRpcInvoker.call(ProtobufRpcEngine2.java:552) [hadoop-common-3.3.1.jar:?]
	at org.apache.hadoop.ipc.RPC$Server.call(RPC.java:1093) [hadoop-common-3.3.1.jar:?]
	at org.apache.hadoop.ipc.Server$RpcCall.run(Server.java:1035) [hadoop-common-3.3.1.jar:?]
	at org.apache.hadoop.ipc.Server$RpcCall.run(Server.java:963) [hadoop-common-3.3.1.jar:?]
	at java.security.AccessController.doPrivileged(Native Method) ~[?:1.8.0_332]
	at javax.security.auth.Subject.doAs(Subject.java:422) [?:1.8.0_332]
	at org.apache.hadoop.security.UserGroupInformation.doAs(UserGroupInformation.java:1878) [hadoop-common-3.3.1.jar:?]
	at org.apache.hadoop.ipc.Server$Handler.run(Server.java:2966) [hadoop-common-3.3.1.jar:?]
16:18:27.590 [IPC Server handler 5 on default port 37419] ERROR OMAudit - user=runner | ip=127.0.0.1 | op=GET_FILE_STATUS {volume=4331b957-9b6d-4805-87b5-a1e166791080, bucket=2873f826-0061-4f68-9c8f-19b4e559aa56, key=.Trash, dataSize=0, replicationConfig=null} | ret=FAILURE
org.apache.hadoop.ozone.om.exceptions.OMException: Unable to get file status: volume: 4331b957-9b6d-4805-87b5-a1e166791080 bucket: 2873f826-0061-4f68-9c8f-19b4e559aa56 key: .Trash
	at org.apache.hadoop.ozone.om.KeyManagerImpl.getOzoneFileStatus(KeyManagerImpl.java:1283) ~[ozone-manager-1.3.0-SNAPSHOT.jar:?]
	at org.apache.hadoop.ozone.om.KeyManagerImpl.getFileStatus(KeyManagerImpl.java:1213) ~[ozone-manager-1.3.0-SNAPSHOT.jar:?]
	at org.apache.hadoop.ozone.om.OzoneManager.getFileStatus(OzoneManager.java:3419) ~[ozone-manager-1.3.0-SNAPSHOT.jar:?]
	at org.apache.hadoop.ozone.protocolPB.OzoneManagerRequestHandler.getOzoneFileStatus(OzoneManagerRequestHandler.java:871) ~[ozone-manager-1.3.0-SNAPSHOT.jar:?]
	at org.apache.hadoop.ozone.protocolPB.OzoneManagerRequestHandler.handleReadRequest(OzoneManagerRequestHandler.java:217) ~[ozone-manager-1.3.0-SNAPSHOT.jar:?]
	at org.apache.hadoop.ozone.protocolPB.OzoneManagerProtocolServerSideTranslatorPB.submitReadRequestToOM(OzoneManagerProtocolServerSideTranslatorPB.java:225) ~[ozone-manager-1.3.0-SNAPSHOT.jar:?]
	at org.apache.hadoop.ozone.protocolPB.OzoneManagerProtocolServerSideTranslatorPB.processRequest(OzoneManagerProtocolServerSideTranslatorPB.java:175) ~[ozone-manager-1.3.0-SNAPSHOT.jar:?]
	at org.apache.hadoop.hdds.server.OzoneProtocolMessageDispatcher.processRequest(OzoneProtocolMessageDispatcher.java:87) [hdds-server-framework-1.3.0-SNAPSHOT.jar:?]
	at org.apache.hadoop.ozone.protocolPB.OzoneManagerProtocolServerSideTranslatorPB.submitRequest(OzoneManagerProtocolServerSideTranslatorPB.java:147) [ozone-manager-1.3.0-SNAPSHOT.jar:?]
	at org.apache.hadoop.ozone.protocol.proto.OzoneManagerProtocolProtos$OzoneManagerService$2.callBlockingMethod(OzoneManagerProtocolProtos.java) [ozone-interface-client-1.3.0-SNAPSHOT.jar:?]
	at org.apache.hadoop.ipc.ProtobufRpcEngine$Server.processCall(ProtobufRpcEngine.java:466) [hadoop-common-3.3.1.jar:?]
	at org.apache.hadoop.ipc.ProtobufRpcEngine2$Server$ProtoBufRpcInvoker.call(ProtobufRpcEngine2.java:574) [hadoop-common-3.3.1.jar:?]
	at org.apache.hadoop.ipc.ProtobufRpcEngine2$Server$ProtoBufRpcInvoker.call(ProtobufRpcEngine2.java:552) [hadoop-common-3.3.1.jar:?]
	at org.apache.hadoop.ipc.RPC$Server.call(RPC.java:1093) [hadoop-common-3.3.1.jar:?]
	at org.apache.hadoop.ipc.Server$RpcCall.run(Server.java:1035) [hadoop-common-3.3.1.jar:?]
	at org.apache.hadoop.ipc.Server$RpcCall.run(Server.java:963) [hadoop-common-3.3.1.jar:?]
	at java.security.AccessController.doPrivileged(Native Method) ~[?:1.8.0_332]
	at javax.security.auth.Subject.doAs(Subject.java:422) [?:1.8.0_332]
	at org.apache.hadoop.security.UserGroupInformation.doAs(UserGroupInformation.java:1878) [hadoop-common-3.3.1.jar:?]
	at org.apache.hadoop.ipc.Server$Handler.run(Server.java:2966) [hadoop-common-3.3.1.jar:?]
16:18:27.616 [IPC Server handler 14 on default port 37419] ERROR OMAudit - user=runner | ip=127.0.0.1 | op=GET_FILE_STATUS {volume=4331b957-9b6d-4805-87b5-a1e166791080, bucket=2873f826-0061-4f68-9c8f-19b4e559aa56, key=.Trash/runner, dataSize=0, replicationConfig=null} | ret=FAILURE
org.apache.hadoop.ozone.om.exceptions.OMException: Unable to get file status: volume: 4331b957-9b6d-4805-87b5-a1e166791080 bucket: 2873f826-0061-4f68-9c8f-19b4e559aa56 key: .Trash/runner
	at org.apache.hadoop.ozone.om.KeyManagerImpl.getOzoneFileStatus(KeyManagerImpl.java:1283) ~[ozone-manager-1.3.0-SNAPSHOT.jar:?]
	at org.apache.hadoop.ozone.om.KeyManagerImpl.getFileStatus(KeyManagerImpl.java:1213) ~[ozone-manager-1.3.0-SNAPSHOT.jar:?]
	at org.apache.hadoop.ozone.om.OzoneManager.getFileStatus(OzoneManager.java:3419) ~[ozone-manager-1.3.0-SNAPSHOT.jar:?]
	at org.apache.hadoop.ozone.protocolPB.OzoneManagerRequestHandler.getOzoneFileStatus(OzoneManagerRequestHandler.java:871) ~[ozone-manager-1.3.0-SNAPSHOT.jar:?]
	at org.apache.hadoop.ozone.protocolPB.OzoneManagerRequestHandler.handleReadRequest(OzoneManagerRequestHandler.java:217) ~[ozone-manager-1.3.0-SNAPSHOT.jar:?]
	at org.apache.hadoop.ozone.protocolPB.OzoneManagerProtocolServerSideTranslatorPB.submitReadRequestToOM(OzoneManagerProtocolServerSideTranslatorPB.java:225) ~[ozone-manager-1.3.0-SNAPSHOT.jar:?]
	at org.apache.hadoop.ozone.protocolPB.OzoneManagerProtocolServerSideTranslatorPB.processRequest(OzoneManagerProtocolServerSideTranslatorPB.java:175) ~[ozone-manager-1.3.0-SNAPSHOT.jar:?]
	at org.apache.hadoop.hdds.server.OzoneProtocolMessageDispatcher.processRequest(OzoneProtocolMessageDispatcher.java:87) [hdds-server-framework-1.3.0-SNAPSHOT.jar:?]
	at org.apache.hadoop.ozone.protocolPB.OzoneManagerProtocolServerSideTranslatorPB.submitRequest(OzoneManagerProtocolServerSideTranslatorPB.java:147) [ozone-manager-1.3.0-SNAPSHOT.jar:?]
	at org.apache.hadoop.ozone.protocol.proto.OzoneManagerProtocolProtos$OzoneManagerService$2.callBlockingMethod(OzoneManagerProtocolProtos.java) [ozone-interface-client-1.3.0-SNAPSHOT.jar:?]
	at org.apache.hadoop.ipc.ProtobufRpcEngine$Server.processCall(ProtobufRpcEngine.java:466) [hadoop-common-3.3.1.jar:?]
	at org.apache.hadoop.ipc.ProtobufRpcEngine2$Server$ProtoBufRpcInvoker.call(ProtobufRpcEngine2.java:574) [hadoop-common-3.3.1.jar:?]
	at org.apache.hadoop.ipc.ProtobufRpcEngine2$Server$ProtoBufRpcInvoker.call(ProtobufRpcEngine2.java:552) [hadoop-common-3.3.1.jar:?]
	at org.apache.hadoop.ipc.RPC$Server.call(RPC.java:1093) [hadoop-common-3.3.1.jar:?]
	at org.apache.hadoop.ipc.Server$RpcCall.run(Server.java:1035) [hadoop-common-3.3.1.jar:?]
	at org.apache.hadoop.ipc.Server$RpcCall.run(Server.java:963) [hadoop-common-3.3.1.jar:?]
	at java.security.AccessController.doPrivileged(Native Method) ~[?:1.8.0_332]
	at javax.security.auth.Subject.doAs(Subject.java:422) [?:1.8.0_332]
	at org.apache.hadoop.security.UserGroupInformation.doAs(UserGroupInformation.java:1878) [hadoop-common-3.3.1.jar:?]
	at org.apache.hadoop.ipc.Server$Handler.run(Server.java:2966) [hadoop-common-3.3.1.jar:?]
16:18:27.634 [IPC Server handler 9 on default port 37419] ERROR OMAudit - user=runner | ip=127.0.0.1 | op=GET_FILE_STATUS {volume=4331b957-9b6d-4805-87b5-a1e166791080, bucket=2873f826-0061-4f68-9c8f-19b4e559aa56, key=.Trash, dataSize=0, replicationConfig=null} | ret=FAILURE
org.apache.hadoop.ozone.om.exceptions.OMException: Unable to get file status: volume: 4331b957-9b6d-4805-87b5-a1e166791080 bucket: 2873f826-0061-4f68-9c8f-19b4e559aa56 key: .Trash
	at org.apache.hadoop.ozone.om.KeyManagerImpl.getOzoneFileStatus(KeyManagerImpl.java:1283) ~[ozone-manager-1.3.0-SNAPSHOT.jar:?]
	at org.apache.hadoop.ozone.om.KeyManagerImpl.getFileStatus(KeyManagerImpl.java:1213) ~[ozone-manager-1.3.0-SNAPSHOT.jar:?]
	at org.apache.hadoop.ozone.om.OzoneManager.getFileStatus(OzoneManager.java:3419) ~[ozone-manager-1.3.0-SNAPSHOT.jar:?]
	at org.apache.hadoop.ozone.protocolPB.OzoneManagerRequestHandler.getOzoneFileStatus(OzoneManagerRequestHandler.java:871) ~[ozone-manager-1.3.0-SNAPSHOT.jar:?]
	at org.apache.hadoop.ozone.protocolPB.OzoneManagerRequestHandler.handleReadRequest(OzoneManagerRequestHandler.java:217) ~[ozone-manager-1.3.0-SNAPSHOT.jar:?]
	at org.apache.hadoop.ozone.protocolPB.OzoneManagerProtocolServerSideTranslatorPB.submitReadRequestToOM(OzoneManagerProtocolServerSideTranslatorPB.java:225) ~[ozone-manager-1.3.0-SNAPSHOT.jar:?]
	at org.apache.hadoop.ozone.protocolPB.OzoneManagerProtocolServerSideTranslatorPB.processRequest(OzoneManagerProtocolServerSideTranslatorPB.java:175) ~[ozone-manager-1.3.0-SNAPSHOT.jar:?]
	at org.apache.hadoop.hdds.server.OzoneProtocolMessageDispatcher.processRequest(OzoneProtocolMessageDispatcher.java:87) [hdds-server-framework-1.3.0-SNAPSHOT.jar:?]
	at org.apache.hadoop.ozone.protocolPB.OzoneManagerProtocolServerSideTranslatorPB.submitRequest(OzoneManagerProtocolServerSideTranslatorPB.java:147) [ozone-manager-1.3.0-SNAPSHOT.jar:?]
	at org.apache.hadoop.ozone.protocol.proto.OzoneManagerProtocolProtos$OzoneManagerService$2.callBlockingMethod(OzoneManagerProtocolProtos.java) [ozone-interface-client-1.3.0-SNAPSHOT.jar:?]
	at org.apache.hadoop.ipc.ProtobufRpcEngine$Server.processCall(ProtobufRpcEngine.java:466) [hadoop-common-3.3.1.jar:?]
	at org.apache.hadoop.ipc.ProtobufRpcEngine2$Server$ProtoBufRpcInvoker.call(ProtobufRpcEngine2.java:574) [hadoop-common-3.3.1.jar:?]
	at org.apache.hadoop.ipc.ProtobufRpcEngine2$Server$ProtoBufRpcInvoker.call(ProtobufRpcEngine2.java:552) [hadoop-common-3.3.1.jar:?]
	at org.apache.hadoop.ipc.RPC$Server.call(RPC.java:1093) [hadoop-common-3.3.1.jar:?]
	at org.apache.hadoop.ipc.Server$RpcCall.run(Server.java:1035) [hadoop-common-3.3.1.jar:?]
	at org.apache.hadoop.ipc.Server$RpcCall.run(Server.java:963) [hadoop-common-3.3.1.jar:?]
	at java.security.AccessController.doPrivileged(Native Method) ~[?:1.8.0_332]
	at javax.security.auth.Subject.doAs(Subject.java:422) [?:1.8.0_332]
	at org.apache.hadoop.security.UserGroupInformation.doAs(UserGroupInformation.java:1878) [hadoop-common-3.3.1.jar:?]
	at org.apache.hadoop.ipc.Server$Handler.run(Server.java:2966) [hadoop-common-3.3.1.jar:?]
16:18:27.666 [IPC Server handler 18 on default port 37419] ERROR OMAudit - user=runner | ip=127.0.0.1 | op=GET_FILE_STATUS {volume=4331b957-9b6d-4805-87b5-a1e166791080, bucket=2873f826-0061-4f68-9c8f-19b4e559aa56, key=.Trash/runner, dataSize=0, replicationConfig=null} | ret=FAILURE
org.apache.hadoop.ozone.om.exceptions.OMException: Unable to get file status: volume: 4331b957-9b6d-4805-87b5-a1e166791080 bucket: 2873f826-0061-4f68-9c8f-19b4e559aa56 key: .Trash/runner
	at org.apache.hadoop.ozone.om.KeyManagerImpl.getOzoneFileStatus(KeyManagerImpl.java:1283) ~[ozone-manager-1.3.0-SNAPSHOT.jar:?]
	at org.apache.hadoop.ozone.om.KeyManagerImpl.getFileStatus(KeyManagerImpl.java:1213) ~[ozone-manager-1.3.0-SNAPSHOT.jar:?]
	at org.apache.hadoop.ozone.om.OzoneManager.getFileStatus(OzoneManager.java:3419) ~[ozone-manager-1.3.0-SNAPSHOT.jar:?]
	at org.apache.hadoop.ozone.protocolPB.OzoneManagerRequestHandler.getOzoneFileStatus(OzoneManagerRequestHandler.java:871) ~[ozone-manager-1.3.0-SNAPSHOT.jar:?]
	at org.apache.hadoop.ozone.protocolPB.OzoneManagerRequestHandler.handleReadRequest(OzoneManagerRequestHandler.java:217) ~[ozone-manager-1.3.0-SNAPSHOT.jar:?]
	at org.apache.hadoop.ozone.protocolPB.OzoneManagerProtocolServerSideTranslatorPB.submitReadRequestToOM(OzoneManagerProtocolServerSideTranslatorPB.java:225) ~[ozone-manager-1.3.0-SNAPSHOT.jar:?]
	at org.apache.hadoop.ozone.protocolPB.OzoneManagerProtocolServerSideTranslatorPB.processRequest(OzoneManagerProtocolServerSideTranslatorPB.java:175) ~[ozone-manager-1.3.0-SNAPSHOT.jar:?]
	at org.apache.hadoop.hdds.server.OzoneProtocolMessageDispatcher.processRequest(OzoneProtocolMessageDispatcher.java:87) [hdds-server-framework-1.3.0-SNAPSHOT.jar:?]
	at org.apache.hadoop.ozone.protocolPB.OzoneManagerProtocolServerSideTranslatorPB.submitRequest(OzoneManagerProtocolServerSideTranslatorPB.java:147) [ozone-manager-1.3.0-SNAPSHOT.jar:?]
	at org.apache.hadoop.ozone.protocol.proto.OzoneManagerProtocolProtos$OzoneManagerService$2.callBlockingMethod(OzoneManagerProtocolProtos.java) [ozone-interface-client-1.3.0-SNAPSHOT.jar:?]
	at org.apache.hadoop.ipc.ProtobufRpcEngine$Server.processCall(ProtobufRpcEngine.java:466) [hadoop-common-3.3.1.jar:?]
	at org.apache.hadoop.ipc.ProtobufRpcEngine2$Server$ProtoBufRpcInvoker.call(ProtobufRpcEngine2.java:574) [hadoop-common-3.3.1.jar:?]
	at org.apache.hadoop.ipc.ProtobufRpcEngine2$Server$ProtoBufRpcInvoker.call(ProtobufRpcEngine2.java:552) [hadoop-common-3.3.1.jar:?]
	at org.apache.hadoop.ipc.RPC$Server.call(RPC.java:1093) [hadoop-common-3.3.1.jar:?]
	at org.apache.hadoop.ipc.Server$RpcCall.run(Server.java:1035) [hadoop-common-3.3.1.jar:?]
	at org.apache.hadoop.ipc.Server$RpcCall.run(Server.java:963) [hadoop-common-3.3.1.jar:?]
	at java.security.AccessController.doPrivileged(Native Method) ~[?:1.8.0_332]
	at javax.security.auth.Subject.doAs(Subject.java:422) [?:1.8.0_332]
	at org.apache.hadoop.security.UserGroupInformation.doAs(UserGroupInformation.java:1878) [hadoop-common-3.3.1.jar:?]
	at org.apache.hadoop.ipc.Server$Handler.run(Server.java:2966) [hadoop-common-3.3.1.jar:?]
16:18:27.669 [IPC Server handler 13 on default port 37419] ERROR OMAudit - user=runner | ip=127.0.0.1 | op=GET_FILE_STATUS {volume=volume50890, bucket=bucket69597, key=.Trash/runner, dataSize=0, replicationConfig=null} | ret=FAILURE
org.apache.hadoop.ozone.om.exceptions.OMException: Unable to get file status: volume: volume50890 bucket: bucket69597 key: .Trash/runner
	at org.apache.hadoop.ozone.om.KeyManagerImpl.getOzoneFileStatus(KeyManagerImpl.java:1283) ~[ozone-manager-1.3.0-SNAPSHOT.jar:?]
	at org.apache.hadoop.ozone.om.KeyManagerImpl.getFileStatus(KeyManagerImpl.java:1213) ~[ozone-manager-1.3.0-SNAPSHOT.jar:?]
	at org.apache.hadoop.ozone.om.OzoneManager.getFileStatus(OzoneManager.java:3419) ~[ozone-manager-1.3.0-SNAPSHOT.jar:?]
	at org.apache.hadoop.ozone.protocolPB.OzoneManagerRequestHandler.getOzoneFileStatus(OzoneManagerRequestHandler.java:871) ~[ozone-manager-1.3.0-SNAPSHOT.jar:?]
	at org.apache.hadoop.ozone.protocolPB.OzoneManagerRequestHandler.handleReadRequest(OzoneManagerRequestHandler.java:217) ~[ozone-manager-1.3.0-SNAPSHOT.jar:?]
	at org.apache.hadoop.ozone.protocolPB.OzoneManagerProtocolServerSideTranslatorPB.submitReadRequestToOM(OzoneManagerProtocolServerSideTranslatorPB.java:225) ~[ozone-manager-1.3.0-SNAPSHOT.jar:?]
	at org.apache.hadoop.ozone.protocolPB.OzoneManagerProtocolServerSideTranslatorPB.processRequest(OzoneManagerProtocolServerSideTranslatorPB.java:175) ~[ozone-manager-1.3.0-SNAPSHOT.jar:?]
	at org.apache.hadoop.hdds.server.OzoneProtocolMessageDispatcher.processRequest(OzoneProtocolMessageDispatcher.java:87) [hdds-server-framework-1.3.0-SNAPSHOT.jar:?]
	at org.apache.hadoop.ozone.protocolPB.OzoneManagerProtocolServerSideTranslatorPB.submitRequest(OzoneManagerProtocolServerSideTranslatorPB.java:147) [ozone-manager-1.3.0-SNAPSHOT.jar:?]
	at org.apache.hadoop.ozone.protocol.proto.OzoneManagerProtocolProtos$OzoneManagerService$2.callBlockingMethod(OzoneManagerProtocolProtos.java) [ozone-interface-client-1.3.0-SNAPSHOT.jar:?]
	at org.apache.hadoop.ipc.ProtobufRpcEngine$Server.processCall(ProtobufRpcEngine.java:466) [hadoop-common-3.3.1.jar:?]
	at org.apache.hadoop.ipc.ProtobufRpcEngine2$Server$ProtoBufRpcInvoker.call(ProtobufRpcEngine2.java:574) [hadoop-common-3.3.1.jar:?]
	at org.apache.hadoop.ipc.ProtobufRpcEngine2$Server$ProtoBufRpcInvoker.call(ProtobufRpcEngine2.java:552) [hadoop-common-3.3.1.jar:?]
	at org.apache.hadoop.ipc.RPC$Server.call(RPC.java:1093) [hadoop-common-3.3.1.jar:?]
	at org.apache.hadoop.ipc.Server$RpcCall.run(Server.java:1035) [hadoop-common-3.3.1.jar:?]
	at org.apache.hadoop.ipc.Server$RpcCall.run(Server.java:963) [hadoop-common-3.3.1.jar:?]
	at java.security.AccessController.doPrivileged(Native Method) ~[?:1.8.0_332]
	at javax.security.auth.Subject.doAs(Subject.java:422) [?:1.8.0_332]
	at org.apache.hadoop.security.UserGroupInformation.doAs(UserGroupInformation.java:1878) [hadoop-common-3.3.1.jar:?]
	at org.apache.hadoop.ipc.Server$Handler.run(Server.java:2966) [hadoop-common-3.3.1.jar:?]
16:18:27.682 [IPC Server handler 13 on default port 37419] ERROR OMAudit - user=runner | ip=127.0.0.1 | op=GET_FILE_STATUS {volume=4331b957-9b6d-4805-87b5-a1e166791080, bucket=2873f826-0061-4f68-9c8f-19b4e559aa56, key=.Trash, dataSize=0, replicationConfig=null} | ret=FAILURE
org.apache.hadoop.ozone.om.exceptions.OMException: Unable to get file status: volume: 4331b957-9b6d-4805-87b5-a1e166791080 bucket: 2873f826-0061-4f68-9c8f-19b4e559aa56 key: .Trash
	at org.apache.hadoop.ozone.om.KeyManagerImpl.getOzoneFileStatus(KeyManagerImpl.java:1283) ~[ozone-manager-1.3.0-SNAPSHOT.jar:?]
	at org.apache.hadoop.ozone.om.KeyManagerImpl.getFileStatus(KeyManagerImpl.java:1213) ~[ozone-manager-1.3.0-SNAPSHOT.jar:?]
	at org.apache.hadoop.ozone.om.OzoneManager.getFileStatus(OzoneManager.java:3419) ~[ozone-manager-1.3.0-SNAPSHOT.jar:?]
	at org.apache.hadoop.ozone.protocolPB.OzoneManagerRequestHandler.getOzoneFileStatus(OzoneManagerRequestHandler.java:871) ~[ozone-manager-1.3.0-SNAPSHOT.jar:?]
	at org.apache.hadoop.ozone.protocolPB.OzoneManagerRequestHandler.handleReadRequest(OzoneManagerRequestHandler.java:217) ~[ozone-manager-1.3.0-SNAPSHOT.jar:?]
	at org.apache.hadoop.ozone.protocolPB.OzoneManagerProtocolServerSideTranslatorPB.submitReadRequestToOM(OzoneManagerProtocolServerSideTranslatorPB.java:225) ~[ozone-manager-1.3.0-SNAPSHOT.jar:?]
	at org.apache.hadoop.ozone.protocolPB.OzoneManagerProtocolServerSideTranslatorPB.processRequest(OzoneManagerProtocolServerSideTranslatorPB.java:175) ~[ozone-manager-1.3.0-SNAPSHOT.jar:?]
	at org.apache.hadoop.hdds.server.OzoneProtocolMessageDispatcher.processRequest(OzoneProtocolMessageDispatcher.java:87) [hdds-server-framework-1.3.0-SNAPSHOT.jar:?]
	at org.apache.hadoop.ozone.protocolPB.OzoneManagerProtocolServerSideTranslatorPB.submitRequest(OzoneManagerProtocolServerSideTranslatorPB.java:147) [ozone-manager-1.3.0-SNAPSHOT.jar:?]
	at org.apache.hadoop.ozone.protocol.proto.OzoneManagerProtocolProtos$OzoneManagerService$2.callBlockingMethod(OzoneManagerProtocolProtos.java) [ozone-interface-client-1.3.0-SNAPSHOT.jar:?]
	at org.apache.hadoop.ipc.ProtobufRpcEngine$Server.processCall(ProtobufRpcEngine.java:466) [hadoop-common-3.3.1.jar:?]
	at org.apache.hadoop.ipc.ProtobufRpcEngine2$Server$ProtoBufRpcInvoker.call(ProtobufRpcEngine2.java:574) [hadoop-common-3.3.1.jar:?]
	at org.apache.hadoop.ipc.ProtobufRpcEngine2$Server$ProtoBufRpcInvoker.call(ProtobufRpcEngine2.java:552) [hadoop-common-3.3.1.jar:?]
	at org.apache.hadoop.ipc.RPC$Server.call(RPC.java:1093) [hadoop-common-3.3.1.jar:?]
	at org.apache.hadoop.ipc.Server$RpcCall.run(Server.java:1035) [hadoop-common-3.3.1.jar:?]
	at org.apache.hadoop.ipc.Server$RpcCall.run(Server.java:963) [hadoop-common-3.3.1.jar:?]
	at java.security.AccessController.doPrivileged(Native Method) ~[?:1.8.0_332]
	at javax.security.auth.Subject.doAs(Subject.java:422) [?:1.8.0_332]
	at org.apache.hadoop.security.UserGroupInformation.doAs(UserGroupInformation.java:1878) [hadoop-common-3.3.1.jar:?]
	at org.apache.hadoop.ipc.Server$Handler.run(Server.java:2966) [hadoop-common-3.3.1.jar:?]
16:18:27.685 [IPC Server handler 0 on default port 37419] ERROR OMAudit - user=runner | ip=127.0.0.1 | op=GET_FILE_STATUS {volume=volume50890, bucket=bucket69597, key=.Trash, dataSize=0, replicationConfig=null} | ret=FAILURE
org.apache.hadoop.ozone.om.exceptions.OMException: Unable to get file status: volume: volume50890 bucket: bucket69597 key: .Trash
	at org.apache.hadoop.ozone.om.KeyManagerImpl.getOzoneFileStatus(KeyManagerImpl.java:1283) ~[ozone-manager-1.3.0-SNAPSHOT.jar:?]
	at org.apache.hadoop.ozone.om.KeyManagerImpl.getFileStatus(KeyManagerImpl.java:1213) ~[ozone-manager-1.3.0-SNAPSHOT.jar:?]
	at org.apache.hadoop.ozone.om.OzoneManager.getFileStatus(OzoneManager.java:3419) ~[ozone-manager-1.3.0-SNAPSHOT.jar:?]
	at org.apache.hadoop.ozone.protocolPB.OzoneManagerRequestHandler.getOzoneFileStatus(OzoneManagerRequestHandler.java:871) ~[ozone-manager-1.3.0-SNAPSHOT.jar:?]
	at org.apache.hadoop.ozone.protocolPB.OzoneManagerRequestHandler.handleReadRequest(OzoneManagerRequestHandler.java:217) ~[ozone-manager-1.3.0-SNAPSHOT.jar:?]
	at org.apache.hadoop.ozone.protocolPB.OzoneManagerProtocolServerSideTranslatorPB.submitReadRequestToOM(OzoneManagerProtocolServerSideTranslatorPB.java:225) ~[ozone-manager-1.3.0-SNAPSHOT.jar:?]
	at org.apache.hadoop.ozone.protocolPB.OzoneManagerProtocolServerSideTranslatorPB.processRequest(OzoneManagerProtocolServerSideTranslatorPB.java:175) ~[ozone-manager-1.3.0-SNAPSHOT.jar:?]
	at org.apache.hadoop.hdds.server.OzoneProtocolMessageDispatcher.processRequest(OzoneProtocolMessageDispatcher.java:87) [hdds-server-framework-1.3.0-SNAPSHOT.jar:?]
	at org.apache.hadoop.ozone.protocolPB.OzoneManagerProtocolServerSideTranslatorPB.submitRequest(OzoneManagerProtocolServerSideTranslatorPB.java:147) [ozone-manager-1.3.0-SNAPSHOT.jar:?]
	at org.apache.hadoop.ozone.protocol.proto.OzoneManagerProtocolProtos$OzoneManagerService$2.callBlockingMethod(OzoneManagerProtocolProtos.java) [ozone-interface-client-1.3.0-SNAPSHOT.jar:?]
	at org.apache.hadoop.ipc.ProtobufRpcEngine$Server.processCall(ProtobufRpcEngine.java:466) [hadoop-common-3.3.1.jar:?]
	at org.apache.hadoop.ipc.ProtobufRpcEngine2$Server$ProtoBufRpcInvoker.call(ProtobufRpcEngine2.java:574) [hadoop-common-3.3.1.jar:?]
	at org.apache.hadoop.ipc.ProtobufRpcEngine2$Server$ProtoBufRpcInvoker.call(ProtobufRpcEngine2.java:552) [hadoop-common-3.3.1.jar:?]
	at org.apache.hadoop.ipc.RPC$Server.call(RPC.java:1093) [hadoop-common-3.3.1.jar:?]
	at org.apache.hadoop.ipc.Server$RpcCall.run(Server.java:1035) [hadoop-common-3.3.1.jar:?]
	at org.apache.hadoop.ipc.Server$RpcCall.run(Server.java:963) [hadoop-common-3.3.1.jar:?]
	at java.security.AccessController.doPrivileged(Native Method) ~[?:1.8.0_332]
	at javax.security.auth.Subject.doAs(Subject.java:422) [?:1.8.0_332]
	at org.apache.hadoop.security.UserGroupInformation.doAs(UserGroupInformation.java:1878) [hadoop-common-3.3.1.jar:?]
	at org.apache.hadoop.ipc.Server$Handler.run(Server.java:2966) [hadoop-common-3.3.1.jar:?]
16:18:27.710 [IPC Server handler 8 on default port 37419] ERROR OMAudit - user=runner | ip=127.0.0.1 | op=GET_FILE_STATUS {volume=4331b957-9b6d-4805-87b5-a1e166791080, bucket=2873f826-0061-4f68-9c8f-19b4e559aa56, key=.Trash/runner, dataSize=0, replicationConfig=null} | ret=FAILURE
org.apache.hadoop.ozone.om.exceptions.OMException: Unable to get file status: volume: 4331b957-9b6d-4805-87b5-a1e166791080 bucket: 2873f826-0061-4f68-9c8f-19b4e559aa56 key: .Trash/runner
	at org.apache.hadoop.ozone.om.KeyManagerImpl.getOzoneFileStatus(KeyManagerImpl.java:1283) ~[ozone-manager-1.3.0-SNAPSHOT.jar:?]
	at org.apache.hadoop.ozone.om.KeyManagerImpl.getFileStatus(KeyManagerImpl.java:1213) ~[ozone-manager-1.3.0-SNAPSHOT.jar:?]
	at org.apache.hadoop.ozone.om.OzoneManager.getFileStatus(OzoneManager.java:3419) ~[ozone-manager-1.3.0-SNAPSHOT.jar:?]
	at org.apache.hadoop.ozone.protocolPB.OzoneManagerRequestHandler.getOzoneFileStatus(OzoneManagerRequestHandler.java:871) ~[ozone-manager-1.3.0-SNAPSHOT.jar:?]
	at org.apache.hadoop.ozone.protocolPB.OzoneManagerRequestHandler.handleReadRequest(OzoneManagerRequestHandler.java:217) ~[ozone-manager-1.3.0-SNAPSHOT.jar:?]
	at org.apache.hadoop.ozone.protocolPB.OzoneManagerProtocolServerSideTranslatorPB.submitReadRequestToOM(OzoneManagerProtocolServerSideTranslatorPB.java:225) ~[ozone-manager-1.3.0-SNAPSHOT.jar:?]
	at org.apache.hadoop.ozone.protocolPB.OzoneManagerProtocolServerSideTranslatorPB.processRequest(OzoneManagerProtocolServerSideTranslatorPB.java:175) ~[ozone-manager-1.3.0-SNAPSHOT.jar:?]
	at org.apache.hadoop.hdds.server.OzoneProtocolMessageDispatcher.processRequest(OzoneProtocolMessageDispatcher.java:87) [hdds-server-framework-1.3.0-SNAPSHOT.jar:?]
	at org.apache.hadoop.ozone.protocolPB.OzoneManagerProtocolServerSideTranslatorPB.submitRequest(OzoneManagerProtocolServerSideTranslatorPB.java:147) [ozone-manager-1.3.0-SNAPSHOT.jar:?]
	at org.apache.hadoop.ozone.protocol.proto.OzoneManagerProtocolProtos$OzoneManagerService$2.callBlockingMethod(OzoneManagerProtocolProtos.java) [ozone-interface-client-1.3.0-SNAPSHOT.jar:?]
	at org.apache.hadoop.ipc.ProtobufRpcEngine$Server.processCall(ProtobufRpcEngine.java:466) [hadoop-common-3.3.1.jar:?]
	at org.apache.hadoop.ipc.ProtobufRpcEngine2$Server$ProtoBufRpcInvoker.call(ProtobufRpcEngine2.java:574) [hadoop-common-3.3.1.jar:?]
	at org.apache.hadoop.ipc.ProtobufRpcEngine2$Server$ProtoBufRpcInvoker.call(ProtobufRpcEngine2.java:552) [hadoop-common-3.3.1.jar:?]
	at org.apache.hadoop.ipc.RPC$Server.call(RPC.java:1093) [hadoop-common-3.3.1.jar:?]
	at org.apache.hadoop.ipc.Server$RpcCall.run(Server.java:1035) [hadoop-common-3.3.1.jar:?]
	at org.apache.hadoop.ipc.Server$RpcCall.run(Server.java:963) [hadoop-common-3.3.1.jar:?]
	at java.security.AccessController.doPrivileged(Native Method) ~[?:1.8.0_332]
	at javax.security.auth.Subject.doAs(Subject.java:422) [?:1.8.0_332]
	at org.apache.hadoop.security.UserGroupInformation.doAs(UserGroupInformation.java:1878) [hadoop-common-3.3.1.jar:?]
	at org.apache.hadoop.ipc.Server$Handler.run(Server.java:2966) [hadoop-common-3.3.1.jar:?]
16:18:27.714 [IPC Server handler 12 on default port 37419] ERROR OMAudit - user=runner | ip=127.0.0.1 | op=GET_FILE_STATUS {volume=volume50890, bucket=bucket69597, key=.Trash/runner, dataSize=0, replicationConfig=null} | ret=FAILURE
org.apache.hadoop.ozone.om.exceptions.OMException: Unable to get file status: volume: volume50890 bucket: bucket69597 key: .Trash/runner
	at org.apache.hadoop.ozone.om.KeyManagerImpl.getOzoneFileStatus(KeyManagerImpl.java:1283) ~[ozone-manager-1.3.0-SNAPSHOT.jar:?]
	at org.apache.hadoop.ozone.om.KeyManagerImpl.getFileStatus(KeyManagerImpl.java:1213) ~[ozone-manager-1.3.0-SNAPSHOT.jar:?]
	at org.apache.hadoop.ozone.om.OzoneManager.getFileStatus(OzoneManager.java:3419) ~[ozone-manager-1.3.0-SNAPSHOT.jar:?]
	at org.apache.hadoop.ozone.protocolPB.OzoneManagerRequestHandler.getOzoneFileStatus(OzoneManagerRequestHandler.java:871) ~[ozone-manager-1.3.0-SNAPSHOT.jar:?]
	at org.apache.hadoop.ozone.protocolPB.OzoneManagerRequestHandler.handleReadRequest(OzoneManagerRequestHandler.java:217) ~[ozone-manager-1.3.0-SNAPSHOT.jar:?]
	at org.apache.hadoop.ozone.protocolPB.OzoneManagerProtocolServerSideTranslatorPB.submitReadRequestToOM(OzoneManagerProtocolServerSideTranslatorPB.java:225) ~[ozone-manager-1.3.0-SNAPSHOT.jar:?]
	at org.apache.hadoop.ozone.protocolPB.OzoneManagerProtocolServerSideTranslatorPB.processRequest(OzoneManagerProtocolServerSideTranslatorPB.java:175) ~[ozone-manager-1.3.0-SNAPSHOT.jar:?]
	at org.apache.hadoop.hdds.server.OzoneProtocolMessageDispatcher.processRequest(OzoneProtocolMessageDispatcher.java:87) [hdds-server-framework-1.3.0-SNAPSHOT.jar:?]
	at org.apache.hadoop.ozone.protocolPB.OzoneManagerProtocolServerSideTranslatorPB.submitRequest(OzoneManagerProtocolServerSideTranslatorPB.java:147) [ozone-manager-1.3.0-SNAPSHOT.jar:?]
	at org.apache.hadoop.ozone.protocol.proto.OzoneManagerProtocolProtos$OzoneManagerService$2.callBlockingMethod(OzoneManagerProtocolProtos.java) [ozone-interface-client-1.3.0-SNAPSHOT.jar:?]
	at org.apache.hadoop.ipc.ProtobufRpcEngine$Server.processCall(ProtobufRpcEngine.java:466) [hadoop-common-3.3.1.jar:?]
	at org.apache.hadoop.ipc.ProtobufRpcEngine2$Server$ProtoBufRpcInvoker.call(ProtobufRpcEngine2.java:574) [hadoop-common-3.3.1.jar:?]
	at org.apache.hadoop.ipc.ProtobufRpcEngine2$Server$ProtoBufRpcInvoker.call(ProtobufRpcEngine2.java:552) [hadoop-common-3.3.1.jar:?]
	at org.apache.hadoop.ipc.RPC$Server.call(RPC.java:1093) [hadoop-common-3.3.1.jar:?]
	at org.apache.hadoop.ipc.Server$RpcCall.run(Server.java:1035) [hadoop-common-3.3.1.jar:?]
	at org.apache.hadoop.ipc.Server$RpcCall.run(Server.java:963) [hadoop-common-3.3.1.jar:?]
	at java.security.AccessController.doPrivileged(Native Method) ~[?:1.8.0_332]
	at javax.security.auth.Subject.doAs(Subject.java:422) [?:1.8.0_332]
	at org.apache.hadoop.security.UserGroupInformation.doAs(UserGroupInformation.java:1878) [hadoop-common-3.3.1.jar:?]
	at org.apache.hadoop.ipc.Server$Handler.run(Server.java:2966) [hadoop-common-3.3.1.jar:?]
16:18:27.720 [IPC Server handler 17 on default port 37419] ERROR OMAudit - user=runner | ip=127.0.0.1 | op=GET_FILE_STATUS {volume=volume58691, bucket=trashroottest2, key=.Trash/runner, dataSize=0, replicationConfig=null} | ret=FAILURE
org.apache.hadoop.ozone.om.exceptions.OMException: Unable to get file status: volume: volume58691 bucket: trashroottest2 key: .Trash/runner
	at org.apache.hadoop.ozone.om.KeyManagerImpl.getOzoneFileStatus(KeyManagerImpl.java:1283) ~[ozone-manager-1.3.0-SNAPSHOT.jar:?]
	at org.apache.hadoop.ozone.om.KeyManagerImpl.getFileStatus(KeyManagerImpl.java:1213) ~[ozone-manager-1.3.0-SNAPSHOT.jar:?]
	at org.apache.hadoop.ozone.om.OzoneManager.getFileStatus(OzoneManager.java:3419) ~[ozone-manager-1.3.0-SNAPSHOT.jar:?]
	at org.apache.hadoop.ozone.protocolPB.OzoneManagerRequestHandler.getOzoneFileStatus(OzoneManagerRequestHandler.java:871) ~[ozone-manager-1.3.0-SNAPSHOT.jar:?]
	at org.apache.hadoop.ozone.protocolPB.OzoneManagerRequestHandler.handleReadRequest(OzoneManagerRequestHandler.java:217) ~[ozone-manager-1.3.0-SNAPSHOT.jar:?]
	at org.apache.hadoop.ozone.protocolPB.OzoneManagerProtocolServerSideTranslatorPB.submitReadRequestToOM(OzoneManagerProtocolServerSideTranslatorPB.java:225) ~[ozone-manager-1.3.0-SNAPSHOT.jar:?]
	at org.apache.hadoop.ozone.protocolPB.OzoneManagerProtocolServerSideTranslatorPB.processRequest(OzoneManagerProtocolServerSideTranslatorPB.java:175) ~[ozone-manager-1.3.0-SNAPSHOT.jar:?]
	at org.apache.hadoop.hdds.server.OzoneProtocolMessageDispatcher.processRequest(OzoneProtocolMessageDispatcher.java:87) [hdds-server-framework-1.3.0-SNAPSHOT.jar:?]
	at org.apache.hadoop.ozone.protocolPB.OzoneManagerProtocolServerSideTranslatorPB.submitRequest(OzoneManagerProtocolServerSideTranslatorPB.java:147) [ozone-manager-1.3.0-SNAPSHOT.jar:?]
	at org.apache.hadoop.ozone.protocol.proto.OzoneManagerProtocolProtos$OzoneManagerService$2.callBlockingMethod(OzoneManagerProtocolProtos.java) [ozone-interface-client-1.3.0-SNAPSHOT.jar:?]
	at org.apache.hadoop.ipc.ProtobufRpcEngine$Server.processCall(ProtobufRpcEngine.java:466) [hadoop-common-3.3.1.jar:?]
	at org.apache.hadoop.ipc.ProtobufRpcEngine2$Server$ProtoBufRpcInvoker.call(ProtobufRpcEngine2.java:574) [hadoop-common-3.3.1.jar:?]
	at org.apache.hadoop.ipc.ProtobufRpcEngine2$Server$ProtoBufRpcInvoker.call(ProtobufRpcEngine2.java:552) [hadoop-common-3.3.1.jar:?]
	at org.apache.hadoop.ipc.RPC$Server.call(RPC.java:1093) [hadoop-common-3.3.1.jar:?]
	at org.apache.hadoop.ipc.Server$RpcCall.run(Server.java:1035) [hadoop-common-3.3.1.jar:?]
	at org.apache.hadoop.ipc.Server$RpcCall.run(Server.java:963) [hadoop-common-3.3.1.jar:?]
	at java.security.AccessController.doPrivileged(Native Method) ~[?:1.8.0_332]
	at javax.security.auth.Subject.doAs(Subject.java:422) [?:1.8.0_332]
	at org.apache.hadoop.security.UserGroupInformation.doAs(UserGroupInformation.java:1878) [hadoop-common-3.3.1.jar:?]
	at org.apache.hadoop.ipc.Server$Handler.run(Server.java:2966) [hadoop-common-3.3.1.jar:?]
16:18:27.724 [IPC Server handler 13 on default port 37419] ERROR OMAudit - user=runner | ip=127.0.0.1 | op=GET_FILE_STATUS {volume=4331b957-9b6d-4805-87b5-a1e166791080, bucket=2873f826-0061-4f68-9c8f-19b4e559aa56, key=.Trash, dataSize=0, replicationConfig=null} | ret=FAILURE
org.apache.hadoop.ozone.om.exceptions.OMException: Unable to get file status: volume: 4331b957-9b6d-4805-87b5-a1e166791080 bucket: 2873f826-0061-4f68-9c8f-19b4e559aa56 key: .Trash
	at org.apache.hadoop.ozone.om.KeyManagerImpl.getOzoneFileStatus(KeyManagerImpl.java:1283) ~[ozone-manager-1.3.0-SNAPSHOT.jar:?]
	at org.apache.hadoop.ozone.om.KeyManagerImpl.getFileStatus(KeyManagerImpl.java:1213) ~[ozone-manager-1.3.0-SNAPSHOT.jar:?]
	at org.apache.hadoop.ozone.om.OzoneManager.getFileStatus(OzoneManager.java:3419) ~[ozone-manager-1.3.0-SNAPSHOT.jar:?]
	at org.apache.hadoop.ozone.protocolPB.OzoneManagerRequestHandler.getOzoneFileStatus(OzoneManagerRequestHandler.java:871) ~[ozone-manager-1.3.0-SNAPSHOT.jar:?]
	at org.apache.hadoop.ozone.protocolPB.OzoneManagerRequestHandler.handleReadRequest(OzoneManagerRequestHandler.java:217) ~[ozone-manager-1.3.0-SNAPSHOT.jar:?]
	at org.apache.hadoop.ozone.protocolPB.OzoneManagerProtocolServerSideTranslatorPB.submitReadRequestToOM(OzoneManagerProtocolServerSideTranslatorPB.java:225) ~[ozone-manager-1.3.0-SNAPSHOT.jar:?]
	at org.apache.hadoop.ozone.protocolPB.OzoneManagerProtocolServerSideTranslatorPB.processRequest(OzoneManagerProtocolServerSideTranslatorPB.java:175) ~[ozone-manager-1.3.0-SNAPSHOT.jar:?]
	at org.apache.hadoop.hdds.server.OzoneProtocolMessageDispatcher.processRequest(OzoneProtocolMessageDispatcher.java:87) [hdds-server-framework-1.3.0-SNAPSHOT.jar:?]
	at org.apache.hadoop.ozone.protocolPB.OzoneManagerProtocolServerSideTranslatorPB.submitRequest(OzoneManagerProtocolServerSideTranslatorPB.java:147) [ozone-manager-1.3.0-SNAPSHOT.jar:?]
	at org.apache.hadoop.ozone.protocol.proto.OzoneManagerProtocolProtos$OzoneManagerService$2.callBlockingMethod(OzoneManagerProtocolProtos.java) [ozone-interface-client-1.3.0-SNAPSHOT.jar:?]
	at org.apache.hadoop.ipc.ProtobufRpcEngine$Server.processCall(ProtobufRpcEngine.java:466) [hadoop-common-3.3.1.jar:?]
	at org.apache.hadoop.ipc.ProtobufRpcEngine2$Server$ProtoBufRpcInvoker.call(ProtobufRpcEngine2.java:574) [hadoop-common-3.3.1.jar:?]
	at org.apache.hadoop.ipc.ProtobufRpcEngine2$Server$ProtoBufRpcInvoker.call(ProtobufRpcEngine2.java:552) [hadoop-common-3.3.1.jar:?]
	at org.apache.hadoop.ipc.RPC$Server.call(RPC.java:1093) [hadoop-common-3.3.1.jar:?]
	at org.apache.hadoop.ipc.Server$RpcCall.run(Server.java:1035) [hadoop-common-3.3.1.jar:?]
	at org.apache.hadoop.ipc.Server$RpcCall.run(Server.java:963) [hadoop-common-3.3.1.jar:?]
	at java.security.AccessController.doPrivileged(Native Method) ~[?:1.8.0_332]
	at javax.security.auth.Subject.doAs(Subject.java:422) [?:1.8.0_332]
	at org.apache.hadoop.security.UserGroupInformation.doAs(UserGroupInformation.java:1878) [hadoop-common-3.3.1.jar:?]
	at org.apache.hadoop.ipc.Server$Handler.run(Server.java:2966) [hadoop-common-3.3.1.jar:?]
16:18:27.727 [IPC Server handler 0 on default port 37419] ERROR OMAudit - user=runner | ip=127.0.0.1 | op=GET_FILE_STATUS {volume=volume50890, bucket=bucket69597, key=.Trash, dataSize=0, replicationConfig=null} | ret=FAILURE
org.apache.hadoop.ozone.om.exceptions.OMException: Unable to get file status: volume: volume50890 bucket: bucket69597 key: .Trash
	at org.apache.hadoop.ozone.om.KeyManagerImpl.getOzoneFileStatus(KeyManagerImpl.java:1283) ~[ozone-manager-1.3.0-SNAPSHOT.jar:?]
	at org.apache.hadoop.ozone.om.KeyManagerImpl.getFileStatus(KeyManagerImpl.java:1213) ~[ozone-manager-1.3.0-SNAPSHOT.jar:?]
	at org.apache.hadoop.ozone.om.OzoneManager.getFileStatus(OzoneManager.java:3419) ~[ozone-manager-1.3.0-SNAPSHOT.jar:?]
	at org.apache.hadoop.ozone.protocolPB.OzoneManagerRequestHandler.getOzoneFileStatus(OzoneManagerRequestHandler.java:871) ~[ozone-manager-1.3.0-SNAPSHOT.jar:?]
	at org.apache.hadoop.ozone.protocolPB.OzoneManagerRequestHandler.handleReadRequest(OzoneManagerRequestHandler.java:217) ~[ozone-manager-1.3.0-SNAPSHOT.jar:?]
	at org.apache.hadoop.ozone.protocolPB.OzoneManagerProtocolServerSideTranslatorPB.submitReadRequestToOM(OzoneManagerProtocolServerSideTranslatorPB.java:225) ~[ozone-manager-1.3.0-SNAPSHOT.jar:?]
	at org.apache.hadoop.ozone.protocolPB.OzoneManagerProtocolServerSideTranslatorPB.processRequest(OzoneManagerProtocolServerSideTranslatorPB.java:175) ~[ozone-manager-1.3.0-SNAPSHOT.jar:?]
	at org.apache.hadoop.hdds.server.OzoneProtocolMessageDispatcher.processRequest(OzoneProtocolMessageDispatcher.java:87) [hdds-server-framework-1.3.0-SNAPSHOT.jar:?]
	at org.apache.hadoop.ozone.protocolPB.OzoneManagerProtocolServerSideTranslatorPB.submitRequest(OzoneManagerProtocolServerSideTranslatorPB.java:147) [ozone-manager-1.3.0-SNAPSHOT.jar:?]
	at org.apache.hadoop.ozone.protocol.proto.OzoneManagerProtocolProtos$OzoneManagerService$2.callBlockingMethod(OzoneManagerProtocolProtos.java) [ozone-interface-client-1.3.0-SNAPSHOT.jar:?]
	at org.apache.hadoop.ipc.ProtobufRpcEngine$Server.processCall(ProtobufRpcEngine.java:466) [hadoop-common-3.3.1.jar:?]
	at org.apache.hadoop.ipc.ProtobufRpcEngine2$Server$ProtoBufRpcInvoker.call(ProtobufRpcEngine2.java:574) [hadoop-common-3.3.1.jar:?]
	at org.apache.hadoop.ipc.ProtobufRpcEngine2$Server$ProtoBufRpcInvoker.call(ProtobufRpcEngine2.java:552) [hadoop-common-3.3.1.jar:?]
	at org.apache.hadoop.ipc.RPC$Server.call(RPC.java:1093) [hadoop-common-3.3.1.jar:?]
	at org.apache.hadoop.ipc.Server$RpcCall.run(Server.java:1035) [hadoop-common-3.3.1.jar:?]
	at org.apache.hadoop.ipc.Server$RpcCall.run(Server.java:963) [hadoop-common-3.3.1.jar:?]
	at java.security.AccessController.doPrivileged(Native Method) ~[?:1.8.0_332]
	at javax.security.auth.Subject.doAs(Subject.java:422) [?:1.8.0_332]
	at org.apache.hadoop.security.UserGroupInformation.doAs(UserGroupInformation.java:1878) [hadoop-common-3.3.1.jar:?]
	at org.apache.hadoop.ipc.Server$Handler.run(Server.java:2966) [hadoop-common-3.3.1.jar:?]
16:18:27.735 [IPC Server handler 11 on default port 37419] ERROR OMAudit - user=runner | ip=127.0.0.1 | op=GET_FILE_STATUS {volume=volume58691, bucket=trashroottest2, key=.Trash, dataSize=0, replicationConfig=null} | ret=FAILURE
org.apache.hadoop.ozone.om.exceptions.OMException: Unable to get file status: volume: volume58691 bucket: trashroottest2 key: .Trash
	at org.apache.hadoop.ozone.om.KeyManagerImpl.getOzoneFileStatus(KeyManagerImpl.java:1283) ~[ozone-manager-1.3.0-SNAPSHOT.jar:?]
	at org.apache.hadoop.ozone.om.KeyManagerImpl.getFileStatus(KeyManagerImpl.java:1213) ~[ozone-manager-1.3.0-SNAPSHOT.jar:?]
	at org.apache.hadoop.ozone.om.OzoneManager.getFileStatus(OzoneManager.java:3419) ~[ozone-manager-1.3.0-SNAPSHOT.jar:?]
	at org.apache.hadoop.ozone.protocolPB.OzoneManagerRequestHandler.getOzoneFileStatus(OzoneManagerRequestHandler.java:871) ~[ozone-manager-1.3.0-SNAPSHOT.jar:?]
	at org.apache.hadoop.ozone.protocolPB.OzoneManagerRequestHandler.handleReadRequest(OzoneManagerRequestHandler.java:217) ~[ozone-manager-1.3.0-SNAPSHOT.jar:?]
	at org.apache.hadoop.ozone.protocolPB.OzoneManagerProtocolServerSideTranslatorPB.submitReadRequestToOM(OzoneManagerProtocolServerSideTranslatorPB.java:225) ~[ozone-manager-1.3.0-SNAPSHOT.jar:?]
	at org.apache.hadoop.ozone.protocolPB.OzoneManagerProtocolServerSideTranslatorPB.processRequest(OzoneManagerProtocolServerSideTranslatorPB.java:175) ~[ozone-manager-1.3.0-SNAPSHOT.jar:?]
	at org.apache.hadoop.hdds.server.OzoneProtocolMessageDispatcher.processRequest(OzoneProtocolMessageDispatcher.java:87) [hdds-server-framework-1.3.0-SNAPSHOT.jar:?]
	at org.apache.hadoop.ozone.protocolPB.OzoneManagerProtocolServerSideTranslatorPB.submitRequest(OzoneManagerProtocolServerSideTranslatorPB.java:147) [ozone-manager-1.3.0-SNAPSHOT.jar:?]
	at org.apache.hadoop.ozone.protocol.proto.OzoneManagerProtocolProtos$OzoneManagerService$2.callBlockingMethod(OzoneManagerProtocolProtos.java) [ozone-interface-client-1.3.0-SNAPSHOT.jar:?]
	at org.apache.hadoop.ipc.ProtobufRpcEngine$Server.processCall(ProtobufRpcEngine.java:466) [hadoop-common-3.3.1.jar:?]
	at org.apache.hadoop.ipc.ProtobufRpcEngine2$Server$ProtoBufRpcInvoker.call(ProtobufRpcEngine2.java:574) [hadoop-common-3.3.1.jar:?]
	at org.apache.hadoop.ipc.ProtobufRpcEngine2$Server$ProtoBufRpcInvoker.call(ProtobufRpcEngine2.java:552) [hadoop-common-3.3.1.jar:?]
	at org.apache.hadoop.ipc.RPC$Server.call(RPC.java:1093) [hadoop-common-3.3.1.jar:?]
	at org.apache.hadoop.ipc.Server$RpcCall.run(Server.java:1035) [hadoop-common-3.3.1.jar:?]
	at org.apache.hadoop.ipc.Server$RpcCall.run(Server.java:963) [hadoop-common-3.3.1.jar:?]
	at java.security.AccessController.doPrivileged(Native Method) ~[?:1.8.0_332]
	at javax.security.auth.Subject.doAs(Subject.java:422) [?:1.8.0_332]
	at org.apache.hadoop.security.UserGroupInformation.doAs(UserGroupInformation.java:1878) [hadoop-common-3.3.1.jar:?]
	at org.apache.hadoop.ipc.Server$Handler.run(Server.java:2966) [hadoop-common-3.3.1.jar:?]
16:18:27.749 [IPC Server handler 18 on default port 37419] ERROR OMAudit - user=runner | ip=127.0.0.1 | op=GET_FILE_STATUS {volume=4331b957-9b6d-4805-87b5-a1e166791080, bucket=2873f826-0061-4f68-9c8f-19b4e559aa56, key=.Trash/runner, dataSize=0, replicationConfig=null} | ret=FAILURE
org.apache.hadoop.ozone.om.exceptions.OMException: Unable to get file status: volume: 4331b957-9b6d-4805-87b5-a1e166791080 bucket: 2873f826-0061-4f68-9c8f-19b4e559aa56 key: .Trash/runner
	at org.apache.hadoop.ozone.om.KeyManagerImpl.getOzoneFileStatus(KeyManagerImpl.java:1283) ~[ozone-manager-1.3.0-SNAPSHOT.jar:?]
	at org.apache.hadoop.ozone.om.KeyManagerImpl.getFileStatus(KeyManagerImpl.java:1213) ~[ozone-manager-1.3.0-SNAPSHOT.jar:?]
	at org.apache.hadoop.ozone.om.OzoneManager.getFileStatus(OzoneManager.java:3419) ~[ozone-manager-1.3.0-SNAPSHOT.jar:?]
	at org.apache.hadoop.ozone.protocolPB.OzoneManagerRequestHandler.getOzoneFileStatus(OzoneManagerRequestHandler.java:871) ~[ozone-manager-1.3.0-SNAPSHOT.jar:?]
	at org.apache.hadoop.ozone.protocolPB.OzoneManagerRequestHandler.handleReadRequest(OzoneManagerRequestHandler.java:217) ~[ozone-manager-1.3.0-SNAPSHOT.jar:?]
	at org.apache.hadoop.ozone.protocolPB.OzoneManagerProtocolServerSideTranslatorPB.submitReadRequestToOM(OzoneManagerProtocolServerSideTranslatorPB.java:225) ~[ozone-manager-1.3.0-SNAPSHOT.jar:?]
	at org.apache.hadoop.ozone.protocolPB.OzoneManagerProtocolServerSideTranslatorPB.processRequest(OzoneManagerProtocolServerSideTranslatorPB.java:175) ~[ozone-manager-1.3.0-SNAPSHOT.jar:?]
	at org.apache.hadoop.hdds.server.OzoneProtocolMessageDispatcher.processRequest(OzoneProtocolMessageDispatcher.java:87) [hdds-server-framework-1.3.0-SNAPSHOT.jar:?]
	at org.apache.hadoop.ozone.protocolPB.OzoneManagerProtocolServerSideTranslatorPB.submitRequest(OzoneManagerProtocolServerSideTranslatorPB.java:147) [ozone-manager-1.3.0-SNAPSHOT.jar:?]
	at org.apache.hadoop.ozone.protocol.proto.OzoneManagerProtocolProtos$OzoneManagerService$2.callBlockingMethod(OzoneManagerProtocolProtos.java) [ozone-interface-client-1.3.0-SNAPSHOT.jar:?]
	at org.apache.hadoop.ipc.ProtobufRpcEngine$Server.processCall(ProtobufRpcEngine.java:466) [hadoop-common-3.3.1.jar:?]
	at org.apache.hadoop.ipc.ProtobufRpcEngine2$Server$ProtoBufRpcInvoker.call(ProtobufRpcEngine2.java:574) [hadoop-common-3.3.1.jar:?]
	at org.apache.hadoop.ipc.ProtobufRpcEngine2$Server$ProtoBufRpcInvoker.call(ProtobufRpcEngine2.java:552) [hadoop-common-3.3.1.jar:?]
	at org.apache.hadoop.ipc.RPC$Server.call(RPC.java:1093) [hadoop-common-3.3.1.jar:?]
	at org.apache.hadoop.ipc.Server$RpcCall.run(Server.java:1035) [hadoop-common-3.3.1.jar:?]
	at org.apache.hadoop.ipc.Server$RpcCall.run(Server.java:963) [hadoop-common-3.3.1.jar:?]
	at java.security.AccessController.doPrivileged(Native Method) ~[?:1.8.0_332]
	at javax.security.auth.Subject.doAs(Subject.java:422) [?:1.8.0_332]
	at org.apache.hadoop.security.UserGroupInformation.doAs(UserGroupInformation.java:1878) [hadoop-common-3.3.1.jar:?]
	at org.apache.hadoop.ipc.Server$Handler.run(Server.java:2966) [hadoop-common-3.3.1.jar:?]
16:18:27.752 [IPC Server handler 13 on default port 37419] ERROR OMAudit - user=runner | ip=127.0.0.1 | op=GET_FILE_STATUS {volume=volume50890, bucket=bucket69597, key=.Trash/runner, dataSize=0, replicationConfig=null} | ret=FAILURE
org.apache.hadoop.ozone.om.exceptions.OMException: Unable to get file status: volume: volume50890 bucket: bucket69597 key: .Trash/runner
	at org.apache.hadoop.ozone.om.KeyManagerImpl.getOzoneFileStatus(KeyManagerImpl.java:1283) ~[ozone-manager-1.3.0-SNAPSHOT.jar:?]
	at org.apache.hadoop.ozone.om.KeyManagerImpl.getFileStatus(KeyManagerImpl.java:1213) ~[ozone-manager-1.3.0-SNAPSHOT.jar:?]
	at org.apache.hadoop.ozone.om.OzoneManager.getFileStatus(OzoneManager.java:3419) ~[ozone-manager-1.3.0-SNAPSHOT.jar:?]
	at org.apache.hadoop.ozone.protocolPB.OzoneManagerRequestHandler.getOzoneFileStatus(OzoneManagerRequestHandler.java:871) ~[ozone-manager-1.3.0-SNAPSHOT.jar:?]
	at org.apache.hadoop.ozone.protocolPB.OzoneManagerRequestHandler.handleReadRequest(OzoneManagerRequestHandler.java:217) ~[ozone-manager-1.3.0-SNAPSHOT.jar:?]
	at org.apache.hadoop.ozone.protocolPB.OzoneManagerProtocolServerSideTranslatorPB.submitReadRequestToOM(OzoneManagerProtocolServerSideTranslatorPB.java:225) ~[ozone-manager-1.3.0-SNAPSHOT.jar:?]
	at org.apache.hadoop.ozone.protocolPB.OzoneManagerProtocolServerSideTranslatorPB.processRequest(OzoneManagerProtocolServerSideTranslatorPB.java:175) ~[ozone-manager-1.3.0-SNAPSHOT.jar:?]
	at org.apache.hadoop.hdds.server.OzoneProtocolMessageDispatcher.processRequest(OzoneProtocolMessageDispatcher.java:87) [hdds-server-framework-1.3.0-SNAPSHOT.jar:?]
	at org.apache.hadoop.ozone.protocolPB.OzoneManagerProtocolServerSideTranslatorPB.submitRequest(OzoneManagerProtocolServerSideTranslatorPB.java:147) [ozone-manager-1.3.0-SNAPSHOT.jar:?]
	at org.apache.hadoop.ozone.protocol.proto.OzoneManagerProtocolProtos$OzoneManagerService$2.callBlockingMethod(OzoneManagerProtocolProtos.java) [ozone-interface-client-1.3.0-SNAPSHOT.jar:?]
	at org.apache.hadoop.ipc.ProtobufRpcEngine$Server.processCall(ProtobufRpcEngine.java:466) [hadoop-common-3.3.1.jar:?]
	at org.apache.hadoop.ipc.ProtobufRpcEngine2$Server$ProtoBufRpcInvoker.call(ProtobufRpcEngine2.java:574) [hadoop-common-3.3.1.jar:?]
	at org.apache.hadoop.ipc.ProtobufRpcEngine2$Server$ProtoBufRpcInvoker.call(ProtobufRpcEngine2.java:552) [hadoop-common-3.3.1.jar:?]
	at org.apache.hadoop.ipc.RPC$Server.call(RPC.java:1093) [hadoop-common-3.3.1.jar:?]
	at org.apache.hadoop.ipc.Server$RpcCall.run(Server.java:1035) [hadoop-common-3.3.1.jar:?]
	at org.apache.hadoop.ipc.Server$RpcCall.run(Server.java:963) [hadoop-common-3.3.1.jar:?]
	at java.security.AccessController.doPrivileged(Native Method) ~[?:1.8.0_332]
	at javax.security.auth.Subject.doAs(Subject.java:422) [?:1.8.0_332]
	at org.apache.hadoop.security.UserGroupInformation.doAs(UserGroupInformation.java:1878) [hadoop-common-3.3.1.jar:?]
	at org.apache.hadoop.ipc.Server$Handler.run(Server.java:2966) [hadoop-common-3.3.1.jar:?]
16:18:27.760 [IPC Server handler 9 on default port 37419] ERROR OMAudit - user=runner | ip=127.0.0.1 | op=GET_FILE_STATUS {volume=volume58691, bucket=trashroottest2, key=.Trash/runner, dataSize=0, replicationConfig=null} | ret=FAILURE
org.apache.hadoop.ozone.om.exceptions.OMException: Unable to get file status: volume: volume58691 bucket: trashroottest2 key: .Trash/runner
	at org.apache.hadoop.ozone.om.KeyManagerImpl.getOzoneFileStatus(KeyManagerImpl.java:1283) ~[ozone-manager-1.3.0-SNAPSHOT.jar:?]
	at org.apache.hadoop.ozone.om.KeyManagerImpl.getFileStatus(KeyManagerImpl.java:1213) ~[ozone-manager-1.3.0-SNAPSHOT.jar:?]
	at org.apache.hadoop.ozone.om.OzoneManager.getFileStatus(OzoneManager.java:3419) ~[ozone-manager-1.3.0-SNAPSHOT.jar:?]
	at org.apache.hadoop.ozone.protocolPB.OzoneManagerRequestHandler.getOzoneFileStatus(OzoneManagerRequestHandler.java:871) ~[ozone-manager-1.3.0-SNAPSHOT.jar:?]
	at org.apache.hadoop.ozone.protocolPB.OzoneManagerRequestHandler.handleReadRequest(OzoneManagerRequestHandler.java:217) ~[ozone-manager-1.3.0-SNAPSHOT.jar:?]
	at org.apache.hadoop.ozone.protocolPB.OzoneManagerProtocolServerSideTranslatorPB.submitReadRequestToOM(OzoneManagerProtocolServerSideTranslatorPB.java:225) ~[ozone-manager-1.3.0-SNAPSHOT.jar:?]
	at org.apache.hadoop.ozone.protocolPB.OzoneManagerProtocolServerSideTranslatorPB.processRequest(OzoneManagerProtocolServerSideTranslatorPB.java:175) ~[ozone-manager-1.3.0-SNAPSHOT.jar:?]
	at org.apache.hadoop.hdds.server.OzoneProtocolMessageDispatcher.processRequest(OzoneProtocolMessageDispatcher.java:87) [hdds-server-framework-1.3.0-SNAPSHOT.jar:?]
	at org.apache.hadoop.ozone.protocolPB.OzoneManagerProtocolServerSideTranslatorPB.submitRequest(OzoneManagerProtocolServerSideTranslatorPB.java:147) [ozone-manager-1.3.0-SNAPSHOT.jar:?]
	at org.apache.hadoop.ozone.protocol.proto.OzoneManagerProtocolProtos$OzoneManagerService$2.callBlockingMethod(OzoneManagerProtocolProtos.java) [ozone-interface-client-1.3.0-SNAPSHOT.jar:?]
	at org.apache.hadoop.ipc.ProtobufRpcEngine$Server.processCall(ProtobufRpcEngine.java:466) [hadoop-common-3.3.1.jar:?]
	at org.apache.hadoop.ipc.ProtobufRpcEngine2$Server$ProtoBufRpcInvoker.call(ProtobufRpcEngine2.java:574) [hadoop-common-3.3.1.jar:?]
	at org.apache.hadoop.ipc.ProtobufRpcEngine2$Server$ProtoBufRpcInvoker.call(ProtobufRpcEngine2.java:552) [hadoop-common-3.3.1.jar:?]
	at org.apache.hadoop.ipc.RPC$Server.call(RPC.java:1093) [hadoop-common-3.3.1.jar:?]
	at org.apache.hadoop.ipc.Server$RpcCall.run(Server.java:1035) [hadoop-common-3.3.1.jar:?]
	at org.apache.hadoop.ipc.Server$RpcCall.run(Server.java:963) [hadoop-common-3.3.1.jar:?]
	at java.security.AccessController.doPrivileged(Native Method) ~[?:1.8.0_332]
	at javax.security.auth.Subject.doAs(Subject.java:422) [?:1.8.0_332]
	at org.apache.hadoop.security.UserGroupInformation.doAs(UserGroupInformation.java:1878) [hadoop-common-3.3.1.jar:?]
	at org.apache.hadoop.ipc.Server$Handler.run(Server.java:2966) [hadoop-common-3.3.1.jar:?]
16:18:27.764 [IPC Server handler 10 on default port 37419] ERROR OMAudit - user=runner | ip=127.0.0.1 | op=GET_FILE_STATUS {volume=4331b957-9b6d-4805-87b5-a1e166791080, bucket=2873f826-0061-4f68-9c8f-19b4e559aa56, key=.Trash, dataSize=0, replicationConfig=null} | ret=FAILURE
org.apache.hadoop.ozone.om.exceptions.OMException: Unable to get file status: volume: 4331b957-9b6d-4805-87b5-a1e166791080 bucket: 2873f826-0061-4f68-9c8f-19b4e559aa56 key: .Trash
	at org.apache.hadoop.ozone.om.KeyManagerImpl.getOzoneFileStatus(KeyManagerImpl.java:1283) ~[ozone-manager-1.3.0-SNAPSHOT.jar:?]
	at org.apache.hadoop.ozone.om.KeyManagerImpl.getFileStatus(KeyManagerImpl.java:1213) ~[ozone-manager-1.3.0-SNAPSHOT.jar:?]
	at org.apache.hadoop.ozone.om.OzoneManager.getFileStatus(OzoneManager.java:3419) ~[ozone-manager-1.3.0-SNAPSHOT.jar:?]
	at org.apache.hadoop.ozone.protocolPB.OzoneManagerRequestHandler.getOzoneFileStatus(OzoneManagerRequestHandler.java:871) ~[ozone-manager-1.3.0-SNAPSHOT.jar:?]
	at org.apache.hadoop.ozone.protocolPB.OzoneManagerRequestHandler.handleReadRequest(OzoneManagerRequestHandler.java:217) ~[ozone-manager-1.3.0-SNAPSHOT.jar:?]
	at org.apache.hadoop.ozone.protocolPB.OzoneManagerProtocolServerSideTranslatorPB.submitReadRequestToOM(OzoneManagerProtocolServerSideTranslatorPB.java:225) ~[ozone-manager-1.3.0-SNAPSHOT.jar:?]
	at org.apache.hadoop.ozone.protocolPB.OzoneManagerProtocolServerSideTranslatorPB.processRequest(OzoneManagerProtocolServerSideTranslatorPB.java:175) ~[ozone-manager-1.3.0-SNAPSHOT.jar:?]
	at org.apache.hadoop.hdds.server.OzoneProtocolMessageDispatcher.processRequest(OzoneProtocolMessageDispatcher.java:87) [hdds-server-framework-1.3.0-SNAPSHOT.jar:?]
	at org.apache.hadoop.ozone.protocolPB.OzoneManagerProtocolServerSideTranslatorPB.submitRequest(OzoneManagerProtocolServerSideTranslatorPB.java:147) [ozone-manager-1.3.0-SNAPSHOT.jar:?]
	at org.apache.hadoop.ozone.protocol.proto.OzoneManagerProtocolProtos$OzoneManagerService$2.callBlockingMethod(OzoneManagerProtocolProtos.java) [ozone-interface-client-1.3.0-SNAPSHOT.jar:?]
	at org.apache.hadoop.ipc.ProtobufRpcEngine$Server.processCall(ProtobufRpcEngine.java:466) [hadoop-common-3.3.1.jar:?]
	at org.apache.hadoop.ipc.ProtobufRpcEngine2$Server$ProtoBufRpcInvoker.call(ProtobufRpcEngine2.java:574) [hadoop-common-3.3.1.jar:?]
	at org.apache.hadoop.ipc.ProtobufRpcEngine2$Server$ProtoBufRpcInvoker.call(ProtobufRpcEngine2.java:552) [hadoop-common-3.3.1.jar:?]
	at org.apache.hadoop.ipc.RPC$Server.call(RPC.java:1093) [hadoop-common-3.3.1.jar:?]
	at org.apache.hadoop.ipc.Server$RpcCall.run(Server.java:1035) [hadoop-common-3.3.1.jar:?]
	at org.apache.hadoop.ipc.Server$RpcCall.run(Server.java:963) [hadoop-common-3.3.1.jar:?]
	at java.security.AccessController.doPrivileged(Native Method) ~[?:1.8.0_332]
	at javax.security.auth.Subject.doAs(Subject.java:422) [?:1.8.0_332]
	at org.apache.hadoop.security.UserGroupInformation.doAs(UserGroupInformation.java:1878) [hadoop-common-3.3.1.jar:?]
	at org.apache.hadoop.ipc.Server$Handler.run(Server.java:2966) [hadoop-common-3.3.1.jar:?]
16:18:27.767 [IPC Server handler 14 on default port 37419] ERROR OMAudit - user=runner | ip=127.0.0.1 | op=GET_FILE_STATUS {volume=volume50890, bucket=bucket69597, key=.Trash, dataSize=0, replicationConfig=null} | ret=FAILURE
org.apache.hadoop.ozone.om.exceptions.OMException: Unable to get file status: volume: volume50890 bucket: bucket69597 key: .Trash
	at org.apache.hadoop.ozone.om.KeyManagerImpl.getOzoneFileStatus(KeyManagerImpl.java:1283) ~[ozone-manager-1.3.0-SNAPSHOT.jar:?]
	at org.apache.hadoop.ozone.om.KeyManagerImpl.getFileStatus(KeyManagerImpl.java:1213) ~[ozone-manager-1.3.0-SNAPSHOT.jar:?]
	at org.apache.hadoop.ozone.om.OzoneManager.getFileStatus(OzoneManager.java:3419) ~[ozone-manager-1.3.0-SNAPSHOT.jar:?]
	at org.apache.hadoop.ozone.protocolPB.OzoneManagerRequestHandler.getOzoneFileStatus(OzoneManagerRequestHandler.java:871) ~[ozone-manager-1.3.0-SNAPSHOT.jar:?]
	at org.apache.hadoop.ozone.protocolPB.OzoneManagerRequestHandler.handleReadRequest(OzoneManagerRequestHandler.java:217) ~[ozone-manager-1.3.0-SNAPSHOT.jar:?]
	at org.apache.hadoop.ozone.protocolPB.OzoneManagerProtocolServerSideTranslatorPB.submitReadRequestToOM(OzoneManagerProtocolServerSideTranslatorPB.java:225) ~[ozone-manager-1.3.0-SNAPSHOT.jar:?]
	at org.apache.hadoop.ozone.protocolPB.OzoneManagerProtocolServerSideTranslatorPB.processRequest(OzoneManagerProtocolServerSideTranslatorPB.java:175) ~[ozone-manager-1.3.0-SNAPSHOT.jar:?]
	at org.apache.hadoop.hdds.server.OzoneProtocolMessageDispatcher.processRequest(OzoneProtocolMessageDispatcher.java:87) [hdds-server-framework-1.3.0-SNAPSHOT.jar:?]
	at org.apache.hadoop.ozone.protocolPB.OzoneManagerProtocolServerSideTranslatorPB.submitRequest(OzoneManagerProtocolServerSideTranslatorPB.java:147) [ozone-manager-1.3.0-SNAPSHOT.jar:?]
	at org.apache.hadoop.ozone.protocol.proto.OzoneManagerProtocolProtos$OzoneManagerService$2.callBlockingMethod(OzoneManagerProtocolProtos.java) [ozone-interface-client-1.3.0-SNAPSHOT.jar:?]
	at org.apache.hadoop.ipc.ProtobufRpcEngine$Server.processCall(ProtobufRpcEngine.java:466) [hadoop-common-3.3.1.jar:?]
	at org.apache.hadoop.ipc.ProtobufRpcEngine2$Server$ProtoBufRpcInvoker.call(ProtobufRpcEngine2.java:574) [hadoop-common-3.3.1.jar:?]
	at org.apache.hadoop.ipc.ProtobufRpcEngine2$Server$ProtoBufRpcInvoker.call(ProtobufRpcEngine2.java:552) [hadoop-common-3.3.1.jar:?]
	at org.apache.hadoop.ipc.RPC$Server.call(RPC.java:1093) [hadoop-common-3.3.1.jar:?]
	at org.apache.hadoop.ipc.Server$RpcCall.run(Server.java:1035) [hadoop-common-3.3.1.jar:?]
	at org.apache.hadoop.ipc.Server$RpcCall.run(Server.java:963) [hadoop-common-3.3.1.jar:?]
	at java.security.AccessController.doPrivileged(Native Method) ~[?:1.8.0_332]
	at javax.security.auth.Subject.doAs(Subject.java:422) [?:1.8.0_332]
	at org.apache.hadoop.security.UserGroupInformation.doAs(UserGroupInformation.java:1878) [hadoop-common-3.3.1.jar:?]
	at org.apache.hadoop.ipc.Server$Handler.run(Server.java:2966) [hadoop-common-3.3.1.jar:?]
16:18:27.773 [IPC Server handler 7 on default port 37419] ERROR OMAudit - user=runner | ip=127.0.0.1 | op=GET_FILE_STATUS {volume=volume58691, bucket=trashroottest2, key=.Trash, dataSize=0, replicationConfig=null} | ret=FAILURE
org.apache.hadoop.ozone.om.exceptions.OMException: Unable to get file status: volume: volume58691 bucket: trashroottest2 key: .Trash
	at org.apache.hadoop.ozone.om.KeyManagerImpl.getOzoneFileStatus(KeyManagerImpl.java:1283) ~[ozone-manager-1.3.0-SNAPSHOT.jar:?]
	at org.apache.hadoop.ozone.om.KeyManagerImpl.getFileStatus(KeyManagerImpl.java:1213) ~[ozone-manager-1.3.0-SNAPSHOT.jar:?]
	at org.apache.hadoop.ozone.om.OzoneManager.getFileStatus(OzoneManager.java:3419) ~[ozone-manager-1.3.0-SNAPSHOT.jar:?]
	at org.apache.hadoop.ozone.protocolPB.OzoneManagerRequestHandler.getOzoneFileStatus(OzoneManagerRequestHandler.java:871) ~[ozone-manager-1.3.0-SNAPSHOT.jar:?]
	at org.apache.hadoop.ozone.protocolPB.OzoneManagerRequestHandler.handleReadRequest(OzoneManagerRequestHandler.java:217) ~[ozone-manager-1.3.0-SNAPSHOT.jar:?]
	at org.apache.hadoop.ozone.protocolPB.OzoneManagerProtocolServerSideTranslatorPB.submitReadRequestToOM(OzoneManagerProtocolServerSideTranslatorPB.java:225) ~[ozone-manager-1.3.0-SNAPSHOT.jar:?]
	at org.apache.hadoop.ozone.protocolPB.OzoneManagerProtocolServerSideTranslatorPB.processRequest(OzoneManagerProtocolServerSideTranslatorPB.java:175) ~[ozone-manager-1.3.0-SNAPSHOT.jar:?]
	at org.apache.hadoop.hdds.server.OzoneProtocolMessageDispatcher.processRequest(OzoneProtocolMessageDispatcher.java:87) [hdds-server-framework-1.3.0-SNAPSHOT.jar:?]
	at org.apache.hadoop.ozone.protocolPB.OzoneManagerProtocolServerSideTranslatorPB.submitRequest(OzoneManagerProtocolServerSideTranslatorPB.java:147) [ozone-manager-1.3.0-SNAPSHOT.jar:?]
	at org.apache.hadoop.ozone.protocol.proto.OzoneManagerProtocolProtos$OzoneManagerService$2.callBlockingMethod(OzoneManagerProtocolProtos.java) [ozone-interface-client-1.3.0-SNAPSHOT.jar:?]
	at org.apache.hadoop.ipc.ProtobufRpcEngine$Server.processCall(ProtobufRpcEngine.java:466) [hadoop-common-3.3.1.jar:?]
	at org.apache.hadoop.ipc.ProtobufRpcEngine2$Server$ProtoBufRpcInvoker.call(ProtobufRpcEngine2.java:574) [hadoop-common-3.3.1.jar:?]
	at org.apache.hadoop.ipc.ProtobufRpcEngine2$Server$ProtoBufRpcInvoker.call(ProtobufRpcEngine2.java:552) [hadoop-common-3.3.1.jar:?]
	at org.apache.hadoop.ipc.RPC$Server.call(RPC.java:1093) [hadoop-common-3.3.1.jar:?]
	at org.apache.hadoop.ipc.Server$RpcCall.run(Server.java:1035) [hadoop-common-3.3.1.jar:?]
	at org.apache.hadoop.ipc.Server$RpcCall.run(Server.java:963) [hadoop-common-3.3.1.jar:?]
	at java.security.AccessController.doPrivileged(Native Method) ~[?:1.8.0_332]
	at javax.security.auth.Subject.doAs(Subject.java:422) [?:1.8.0_332]
	at org.apache.hadoop.security.UserGroupInformation.doAs(UserGroupInformation.java:1878) [hadoop-common-3.3.1.jar:?]
	at org.apache.hadoop.ipc.Server$Handler.run(Server.java:2966) [hadoop-common-3.3.1.jar:?]
16:18:27.793 [IPC Server handler 4 on default port 37419] ERROR OMAudit - user=runner | ip=127.0.0.1 | op=GET_FILE_STATUS {volume=4331b957-9b6d-4805-87b5-a1e166791080, bucket=2873f826-0061-4f68-9c8f-19b4e559aa56, key=.Trash/runner, dataSize=0, replicationConfig=null} | ret=FAILURE
org.apache.hadoop.ozone.om.exceptions.OMException: Unable to get file status: volume: 4331b957-9b6d-4805-87b5-a1e166791080 bucket: 2873f826-0061-4f68-9c8f-19b4e559aa56 key: .Trash/runner
	at org.apache.hadoop.ozone.om.KeyManagerImpl.getOzoneFileStatus(KeyManagerImpl.java:1283) ~[ozone-manager-1.3.0-SNAPSHOT.jar:?]
	at org.apache.hadoop.ozone.om.KeyManagerImpl.getFileStatus(KeyManagerImpl.java:1213) ~[ozone-manager-1.3.0-SNAPSHOT.jar:?]
	at org.apache.hadoop.ozone.om.OzoneManager.getFileStatus(OzoneManager.java:3419) ~[ozone-manager-1.3.0-SNAPSHOT.jar:?]
	at org.apache.hadoop.ozone.protocolPB.OzoneManagerRequestHandler.getOzoneFileStatus(OzoneManagerRequestHandler.java:871) ~[ozone-manager-1.3.0-SNAPSHOT.jar:?]
	at org.apache.hadoop.ozone.protocolPB.OzoneManagerRequestHandler.handleReadRequest(OzoneManagerRequestHandler.java:217) ~[ozone-manager-1.3.0-SNAPSHOT.jar:?]
	at org.apache.hadoop.ozone.protocolPB.OzoneManagerProtocolServerSideTranslatorPB.submitReadRequestToOM(OzoneManagerProtocolServerSideTranslatorPB.java:225) ~[ozone-manager-1.3.0-SNAPSHOT.jar:?]
	at org.apache.hadoop.ozone.protocolPB.OzoneManagerProtocolServerSideTranslatorPB.processRequest(OzoneManagerProtocolServerSideTranslatorPB.java:175) ~[ozone-manager-1.3.0-SNAPSHOT.jar:?]
	at org.apache.hadoop.hdds.server.OzoneProtocolMessageDispatcher.processRequest(OzoneProtocolMessageDispatcher.java:87) [hdds-server-framework-1.3.0-SNAPSHOT.jar:?]
	at org.apache.hadoop.ozone.protocolPB.OzoneManagerProtocolServerSideTranslatorPB.submitRequest(OzoneManagerProtocolServerSideTranslatorPB.java:147) [ozone-manager-1.3.0-SNAPSHOT.jar:?]
	at org.apache.hadoop.ozone.protocol.proto.OzoneManagerProtocolProtos$OzoneManagerService$2.callBlockingMethod(OzoneManagerProtocolProtos.java) [ozone-interface-client-1.3.0-SNAPSHOT.jar:?]
	at org.apache.hadoop.ipc.ProtobufRpcEngine$Server.processCall(ProtobufRpcEngine.java:466) [hadoop-common-3.3.1.jar:?]
	at org.apache.hadoop.ipc.ProtobufRpcEngine2$Server$ProtoBufRpcInvoker.call(ProtobufRpcEngine2.java:574) [hadoop-common-3.3.1.jar:?]
	at org.apache.hadoop.ipc.ProtobufRpcEngine2$Server$ProtoBufRpcInvoker.call(ProtobufRpcEngine2.java:552) [hadoop-common-3.3.1.jar:?]
	at org.apache.hadoop.ipc.RPC$Server.call(RPC.java:1093) [hadoop-common-3.3.1.jar:?]
	at org.apache.hadoop.ipc.Server$RpcCall.run(Server.java:1035) [hadoop-common-3.3.1.jar:?]
	at org.apache.hadoop.ipc.Server$RpcCall.run(Server.java:963) [hadoop-common-3.3.1.jar:?]
	at java.security.AccessController.doPrivileged(Native Method) ~[?:1.8.0_332]
	at javax.security.auth.Subject.doAs(Subject.java:422) [?:1.8.0_332]
	at org.apache.hadoop.security.UserGroupInformation.doAs(UserGroupInformation.java:1878) [hadoop-common-3.3.1.jar:?]
	at org.apache.hadoop.ipc.Server$Handler.run(Server.java:2966) [hadoop-common-3.3.1.jar:?]
16:18:27.796 [IPC Server handler 11 on default port 37419] ERROR OMAudit - user=runner | ip=127.0.0.1 | op=GET_FILE_STATUS {volume=volume58691, bucket=bucket11479, key=.Trash/runner, dataSize=0, replicationConfig=null} | ret=FAILURE
org.apache.hadoop.ozone.om.exceptions.OMException: Unable to get file status: volume: volume58691 bucket: bucket11479 key: .Trash/runner
	at org.apache.hadoop.ozone.om.KeyManagerImpl.getOzoneFileStatus(KeyManagerImpl.java:1283) ~[ozone-manager-1.3.0-SNAPSHOT.jar:?]
	at org.apache.hadoop.ozone.om.KeyManagerImpl.getFileStatus(KeyManagerImpl.java:1213) ~[ozone-manager-1.3.0-SNAPSHOT.jar:?]
	at org.apache.hadoop.ozone.om.OzoneManager.getFileStatus(OzoneManager.java:3419) ~[ozone-manager-1.3.0-SNAPSHOT.jar:?]
	at org.apache.hadoop.ozone.protocolPB.OzoneManagerRequestHandler.getOzoneFileStatus(OzoneManagerRequestHandler.java:871) ~[ozone-manager-1.3.0-SNAPSHOT.jar:?]
	at org.apache.hadoop.ozone.protocolPB.OzoneManagerRequestHandler.handleReadRequest(OzoneManagerRequestHandler.java:217) ~[ozone-manager-1.3.0-SNAPSHOT.jar:?]
	at org.apache.hadoop.ozone.protocolPB.OzoneManagerProtocolServerSideTranslatorPB.submitReadRequestToOM(OzoneManagerProtocolServerSideTranslatorPB.java:225) ~[ozone-manager-1.3.0-SNAPSHOT.jar:?]
	at org.apache.hadoop.ozone.protocolPB.OzoneManagerProtocolServerSideTranslatorPB.processRequest(OzoneManagerProtocolServerSideTranslatorPB.java:175) ~[ozone-manager-1.3.0-SNAPSHOT.jar:?]
	at org.apache.hadoop.hdds.server.OzoneProtocolMessageDispatcher.processRequest(OzoneProtocolMessageDispatcher.java:87) [hdds-server-framework-1.3.0-SNAPSHOT.jar:?]
	at org.apache.hadoop.ozone.protocolPB.OzoneManagerProtocolServerSideTranslatorPB.submitRequest(OzoneManagerProtocolServerSideTranslatorPB.java:147) [ozone-manager-1.3.0-SNAPSHOT.jar:?]
	at org.apache.hadoop.ozone.protocol.proto.OzoneManagerProtocolProtos$OzoneManagerService$2.callBlockingMethod(OzoneManagerProtocolProtos.java) [ozone-interface-client-1.3.0-SNAPSHOT.jar:?]
	at org.apache.hadoop.ipc.ProtobufRpcEngine$Server.processCall(ProtobufRpcEngine.java:466) [hadoop-common-3.3.1.jar:?]
	at org.apache.hadoop.ipc.ProtobufRpcEngine2$Server$ProtoBufRpcInvoker.call(ProtobufRpcEngine2.java:574) [hadoop-common-3.3.1.jar:?]
	at org.apache.hadoop.ipc.ProtobufRpcEngine2$Server$ProtoBufRpcInvoker.call(ProtobufRpcEngine2.java:552) [hadoop-common-3.3.1.jar:?]
	at org.apache.hadoop.ipc.RPC$Server.call(RPC.java:1093) [hadoop-common-3.3.1.jar:?]
	at org.apache.hadoop.ipc.Server$RpcCall.run(Server.java:1035) [hadoop-common-3.3.1.jar:?]
	at org.apache.hadoop.ipc.Server$RpcCall.run(Server.java:963) [hadoop-common-3.3.1.jar:?]
	at java.security.AccessController.doPrivileged(Native Method) ~[?:1.8.0_332]
	at javax.security.auth.Subject.doAs(Subject.java:422) [?:1.8.0_332]
	at org.apache.hadoop.security.UserGroupInformation.doAs(UserGroupInformation.java:1878) [hadoop-common-3.3.1.jar:?]
	at org.apache.hadoop.ipc.Server$Handler.run(Server.java:2966) [hadoop-common-3.3.1.jar:?]
16:18:27.799 [IPC Server handler 2 on default port 37419] ERROR OMAudit - user=runner | ip=127.0.0.1 | op=GET_FILE_STATUS {volume=4331b957-9b6d-4805-87b5-a1e166791080, bucket=2873f826-0061-4f68-9c8f-19b4e559aa56, key=.Trash, dataSize=0, replicationConfig=null} | ret=FAILURE
org.apache.hadoop.ozone.om.exceptions.OMException: Unable to get file status: volume: 4331b957-9b6d-4805-87b5-a1e166791080 bucket: 2873f826-0061-4f68-9c8f-19b4e559aa56 key: .Trash
	at org.apache.hadoop.ozone.om.KeyManagerImpl.getOzoneFileStatus(KeyManagerImpl.java:1283) ~[ozone-manager-1.3.0-SNAPSHOT.jar:?]
	at org.apache.hadoop.ozone.om.KeyManagerImpl.getFileStatus(KeyManagerImpl.java:1213) ~[ozone-manager-1.3.0-SNAPSHOT.jar:?]
	at org.apache.hadoop.ozone.om.OzoneManager.getFileStatus(OzoneManager.java:3419) ~[ozone-manager-1.3.0-SNAPSHOT.jar:?]
	at org.apache.hadoop.ozone.protocolPB.OzoneManagerRequestHandler.getOzoneFileStatus(OzoneManagerRequestHandler.java:871) ~[ozone-manager-1.3.0-SNAPSHOT.jar:?]
	at org.apache.hadoop.ozone.protocolPB.OzoneManagerRequestHandler.handleReadRequest(OzoneManagerRequestHandler.java:217) ~[ozone-manager-1.3.0-SNAPSHOT.jar:?]
	at org.apache.hadoop.ozone.protocolPB.OzoneManagerProtocolServerSideTranslatorPB.submitReadRequestToOM(OzoneManagerProtocolServerSideTranslatorPB.java:225) ~[ozone-manager-1.3.0-SNAPSHOT.jar:?]
	at org.apache.hadoop.ozone.protocolPB.OzoneManagerProtocolServerSideTranslatorPB.processRequest(OzoneManagerProtocolServerSideTranslatorPB.java:175) ~[ozone-manager-1.3.0-SNAPSHOT.jar:?]
	at org.apache.hadoop.hdds.server.OzoneProtocolMessageDispatcher.processRequest(OzoneProtocolMessageDispatcher.java:87) [hdds-server-framework-1.3.0-SNAPSHOT.jar:?]
	at org.apache.hadoop.ozone.protocolPB.OzoneManagerProtocolServerSideTranslatorPB.submitRequest(OzoneManagerProtocolServerSideTranslatorPB.java:147) [ozone-manager-1.3.0-SNAPSHOT.jar:?]
	at org.apache.hadoop.ozone.protocol.proto.OzoneManagerProtocolProtos$OzoneManagerService$2.callBlockingMethod(OzoneManagerProtocolProtos.java) [ozone-interface-client-1.3.0-SNAPSHOT.jar:?]
	at org.apache.hadoop.ipc.ProtobufRpcEngine$Server.processCall(ProtobufRpcEngine.java:466) [hadoop-common-3.3.1.jar:?]
	at org.apache.hadoop.ipc.ProtobufRpcEngine2$Server$ProtoBufRpcInvoker.call(ProtobufRpcEngine2.java:574) [hadoop-common-3.3.1.jar:?]
	at org.apache.hadoop.ipc.ProtobufRpcEngine2$Server$ProtoBufRpcInvoker.call(ProtobufRpcEngine2.java:552) [hadoop-common-3.3.1.jar:?]
	at org.apache.hadoop.ipc.RPC$Server.call(RPC.java:1093) [hadoop-common-3.3.1.jar:?]
	at org.apache.hadoop.ipc.Server$RpcCall.run(Server.java:1035) [hadoop-common-3.3.1.jar:?]
	at org.apache.hadoop.ipc.Server$RpcCall.run(Server.java:963) [hadoop-common-3.3.1.jar:?]
	at java.security.AccessController.doPrivileged(Native Method) ~[?:1.8.0_332]
	at javax.security.auth.Subject.doAs(Subject.java:422) [?:1.8.0_332]
	at org.apache.hadoop.security.UserGroupInformation.doAs(UserGroupInformation.java:1878) [hadoop-common-3.3.1.jar:?]
	at org.apache.hadoop.ipc.Server$Handler.run(Server.java:2966) [hadoop-common-3.3.1.jar:?]
]]></system-out>
  </testcase>
  <testcase name="testGetTrashRoots" classname="TestRootedOzoneFileSystem" time="0.601">
    <system-out><![CDATA[2022-06-16 16:19:31,455 [Time-limited test] INFO  rpc.RpcClient (RpcClient.java:createVolume(466)) - Creating Volume: volume58666, with user99841 as owner and space quota set to -1 bytes, counts quota set to -1
2022-06-16 16:19:31,457 [OM StateMachine ApplyTransaction Thread - 0] INFO  volume.OMVolumeCreateRequest (OMVolumeCreateRequest.java:validateAndUpdateCache(195)) - created volume:volume58666 for user:user99841
2022-06-16 16:19:31,457 [Time-limited test] INFO  rpc.RpcClient (RpcClient.java:createBucket(666)) - Creating Bucket: volume58666/bucket63558, with the Bucket Layout LEGACY, runner as owner, Versioning false, Storage Type set to DISK and Encryption set to false 
2022-06-16 16:19:31,458 [OM StateMachine ApplyTransaction Thread - 0] INFO  bucket.OMBucketCreateRequest (OMBucketCreateRequest.java:validateAndUpdateCache(260)) - created bucket: bucket63558 of layout LEGACY in volume: volume58666
16:19:31.463 [IPC Server handler 2 on default port 34065] ERROR OMAudit - user=runner | ip=127.0.0.1 | op=GET_FILE_STATUS {volume=volume58666, bucket=bucket63558, key=.Trash/runner, dataSize=0, replicationConfig=null} | ret=FAILURE
org.apache.hadoop.ozone.om.exceptions.OMException: Unable to get file status: volume: volume58666 bucket: bucket63558 key: .Trash/runner
	at org.apache.hadoop.ozone.om.KeyManagerImpl.getOzoneFileStatus(KeyManagerImpl.java:1283) ~[ozone-manager-1.3.0-SNAPSHOT.jar:?]
	at org.apache.hadoop.ozone.om.KeyManagerImpl.getFileStatus(KeyManagerImpl.java:1213) ~[ozone-manager-1.3.0-SNAPSHOT.jar:?]
	at org.apache.hadoop.ozone.om.OzoneManager.getFileStatus(OzoneManager.java:3419) ~[ozone-manager-1.3.0-SNAPSHOT.jar:?]
	at org.apache.hadoop.ozone.protocolPB.OzoneManagerRequestHandler.getOzoneFileStatus(OzoneManagerRequestHandler.java:871) ~[ozone-manager-1.3.0-SNAPSHOT.jar:?]
	at org.apache.hadoop.ozone.protocolPB.OzoneManagerRequestHandler.handleReadRequest(OzoneManagerRequestHandler.java:217) ~[ozone-manager-1.3.0-SNAPSHOT.jar:?]
	at org.apache.hadoop.ozone.protocolPB.OzoneManagerProtocolServerSideTranslatorPB.submitReadRequestToOM(OzoneManagerProtocolServerSideTranslatorPB.java:225) ~[ozone-manager-1.3.0-SNAPSHOT.jar:?]
	at org.apache.hadoop.ozone.protocolPB.OzoneManagerProtocolServerSideTranslatorPB.processRequest(OzoneManagerProtocolServerSideTranslatorPB.java:175) ~[ozone-manager-1.3.0-SNAPSHOT.jar:?]
	at org.apache.hadoop.hdds.server.OzoneProtocolMessageDispatcher.processRequest(OzoneProtocolMessageDispatcher.java:87) [hdds-server-framework-1.3.0-SNAPSHOT.jar:?]
	at org.apache.hadoop.ozone.protocolPB.OzoneManagerProtocolServerSideTranslatorPB.submitRequest(OzoneManagerProtocolServerSideTranslatorPB.java:147) [ozone-manager-1.3.0-SNAPSHOT.jar:?]
	at org.apache.hadoop.ozone.protocol.proto.OzoneManagerProtocolProtos$OzoneManagerService$2.callBlockingMethod(OzoneManagerProtocolProtos.java) [ozone-interface-client-1.3.0-SNAPSHOT.jar:?]
	at org.apache.hadoop.ipc.ProtobufRpcEngine$Server.processCall(ProtobufRpcEngine.java:466) [hadoop-common-3.3.1.jar:?]
	at org.apache.hadoop.ipc.ProtobufRpcEngine2$Server$ProtoBufRpcInvoker.call(ProtobufRpcEngine2.java:574) [hadoop-common-3.3.1.jar:?]
	at org.apache.hadoop.ipc.ProtobufRpcEngine2$Server$ProtoBufRpcInvoker.call(ProtobufRpcEngine2.java:552) [hadoop-common-3.3.1.jar:?]
	at org.apache.hadoop.ipc.RPC$Server.call(RPC.java:1093) [hadoop-common-3.3.1.jar:?]
	at org.apache.hadoop.ipc.Server$RpcCall.run(Server.java:1035) [hadoop-common-3.3.1.jar:?]
	at org.apache.hadoop.ipc.Server$RpcCall.run(Server.java:963) [hadoop-common-3.3.1.jar:?]
	at java.security.AccessController.doPrivileged(Native Method) ~[?:1.8.0_332]
	at javax.security.auth.Subject.doAs(Subject.java:422) [?:1.8.0_332]
	at org.apache.hadoop.security.UserGroupInformation.doAs(UserGroupInformation.java:1878) [hadoop-common-3.3.1.jar:?]
	at org.apache.hadoop.ipc.Server$Handler.run(Server.java:2966) [hadoop-common-3.3.1.jar:?]
16:19:31.466 [IPC Server handler 12 on default port 34065] ERROR OMAudit - user=runner | ip=127.0.0.1 | op=GET_FILE_STATUS {volume=c07d7b80-23e2-4953-aaf3-f134fa75d9a7, bucket=b5df2ab2-d1ab-4a51-bb39-2e8bffea7ca0, key=.Trash, dataSize=0, replicationConfig=null} | ret=FAILURE
org.apache.hadoop.ozone.om.exceptions.OMException: Unable to get file status: volume: c07d7b80-23e2-4953-aaf3-f134fa75d9a7 bucket: b5df2ab2-d1ab-4a51-bb39-2e8bffea7ca0 key: .Trash
	at org.apache.hadoop.ozone.om.KeyManagerImpl.getOzoneFileStatus(KeyManagerImpl.java:1283) ~[ozone-manager-1.3.0-SNAPSHOT.jar:?]
	at org.apache.hadoop.ozone.om.KeyManagerImpl.getFileStatus(KeyManagerImpl.java:1213) ~[ozone-manager-1.3.0-SNAPSHOT.jar:?]
	at org.apache.hadoop.ozone.om.OzoneManager.getFileStatus(OzoneManager.java:3419) ~[ozone-manager-1.3.0-SNAPSHOT.jar:?]
	at org.apache.hadoop.ozone.protocolPB.OzoneManagerRequestHandler.getOzoneFileStatus(OzoneManagerRequestHandler.java:871) ~[ozone-manager-1.3.0-SNAPSHOT.jar:?]
	at org.apache.hadoop.ozone.protocolPB.OzoneManagerRequestHandler.handleReadRequest(OzoneManagerRequestHandler.java:217) ~[ozone-manager-1.3.0-SNAPSHOT.jar:?]
	at org.apache.hadoop.ozone.protocolPB.OzoneManagerProtocolServerSideTranslatorPB.submitReadRequestToOM(OzoneManagerProtocolServerSideTranslatorPB.java:225) ~[ozone-manager-1.3.0-SNAPSHOT.jar:?]
	at org.apache.hadoop.ozone.protocolPB.OzoneManagerProtocolServerSideTranslatorPB.processRequest(OzoneManagerProtocolServerSideTranslatorPB.java:175) ~[ozone-manager-1.3.0-SNAPSHOT.jar:?]
	at org.apache.hadoop.hdds.server.OzoneProtocolMessageDispatcher.processRequest(OzoneProtocolMessageDispatcher.java:87) [hdds-server-framework-1.3.0-SNAPSHOT.jar:?]
	at org.apache.hadoop.ozone.protocolPB.OzoneManagerProtocolServerSideTranslatorPB.submitRequest(OzoneManagerProtocolServerSideTranslatorPB.java:147) [ozone-manager-1.3.0-SNAPSHOT.jar:?]
	at org.apache.hadoop.ozone.protocol.proto.OzoneManagerProtocolProtos$OzoneManagerService$2.callBlockingMethod(OzoneManagerProtocolProtos.java) [ozone-interface-client-1.3.0-SNAPSHOT.jar:?]
	at org.apache.hadoop.ipc.ProtobufRpcEngine$Server.processCall(ProtobufRpcEngine.java:466) [hadoop-common-3.3.1.jar:?]
	at org.apache.hadoop.ipc.ProtobufRpcEngine2$Server$ProtoBufRpcInvoker.call(ProtobufRpcEngine2.java:574) [hadoop-common-3.3.1.jar:?]
	at org.apache.hadoop.ipc.ProtobufRpcEngine2$Server$ProtoBufRpcInvoker.call(ProtobufRpcEngine2.java:552) [hadoop-common-3.3.1.jar:?]
	at org.apache.hadoop.ipc.RPC$Server.call(RPC.java:1093) [hadoop-common-3.3.1.jar:?]
	at org.apache.hadoop.ipc.Server$RpcCall.run(Server.java:1035) [hadoop-common-3.3.1.jar:?]
	at org.apache.hadoop.ipc.Server$RpcCall.run(Server.java:963) [hadoop-common-3.3.1.jar:?]
	at java.security.AccessController.doPrivileged(Native Method) ~[?:1.8.0_332]
	at javax.security.auth.Subject.doAs(Subject.java:422) [?:1.8.0_332]
	at org.apache.hadoop.security.UserGroupInformation.doAs(UserGroupInformation.java:1878) [hadoop-common-3.3.1.jar:?]
	at org.apache.hadoop.ipc.Server$Handler.run(Server.java:2966) [hadoop-common-3.3.1.jar:?]
16:19:31.469 [IPC Server handler 4 on default port 34065] ERROR OMAudit - user=runner | ip=127.0.0.1 | op=GET_FILE_STATUS {volume=volume58666, bucket=bucket63558, key=.Trash, dataSize=0, replicationConfig=null} | ret=FAILURE
org.apache.hadoop.ozone.om.exceptions.OMException: Unable to get file status: volume: volume58666 bucket: bucket63558 key: .Trash
	at org.apache.hadoop.ozone.om.KeyManagerImpl.getOzoneFileStatus(KeyManagerImpl.java:1283) ~[ozone-manager-1.3.0-SNAPSHOT.jar:?]
	at org.apache.hadoop.ozone.om.KeyManagerImpl.getFileStatus(KeyManagerImpl.java:1213) ~[ozone-manager-1.3.0-SNAPSHOT.jar:?]
	at org.apache.hadoop.ozone.om.OzoneManager.getFileStatus(OzoneManager.java:3419) ~[ozone-manager-1.3.0-SNAPSHOT.jar:?]
	at org.apache.hadoop.ozone.protocolPB.OzoneManagerRequestHandler.getOzoneFileStatus(OzoneManagerRequestHandler.java:871) ~[ozone-manager-1.3.0-SNAPSHOT.jar:?]
	at org.apache.hadoop.ozone.protocolPB.OzoneManagerRequestHandler.handleReadRequest(OzoneManagerRequestHandler.java:217) ~[ozone-manager-1.3.0-SNAPSHOT.jar:?]
	at org.apache.hadoop.ozone.protocolPB.OzoneManagerProtocolServerSideTranslatorPB.submitReadRequestToOM(OzoneManagerProtocolServerSideTranslatorPB.java:225) ~[ozone-manager-1.3.0-SNAPSHOT.jar:?]
	at org.apache.hadoop.ozone.protocolPB.OzoneManagerProtocolServerSideTranslatorPB.processRequest(OzoneManagerProtocolServerSideTranslatorPB.java:175) ~[ozone-manager-1.3.0-SNAPSHOT.jar:?]
	at org.apache.hadoop.hdds.server.OzoneProtocolMessageDispatcher.processRequest(OzoneProtocolMessageDispatcher.java:87) [hdds-server-framework-1.3.0-SNAPSHOT.jar:?]
	at org.apache.hadoop.ozone.protocolPB.OzoneManagerProtocolServerSideTranslatorPB.submitRequest(OzoneManagerProtocolServerSideTranslatorPB.java:147) [ozone-manager-1.3.0-SNAPSHOT.jar:?]
	at org.apache.hadoop.ozone.protocol.proto.OzoneManagerProtocolProtos$OzoneManagerService$2.callBlockingMethod(OzoneManagerProtocolProtos.java) [ozone-interface-client-1.3.0-SNAPSHOT.jar:?]
	at org.apache.hadoop.ipc.ProtobufRpcEngine$Server.processCall(ProtobufRpcEngine.java:466) [hadoop-common-3.3.1.jar:?]
	at org.apache.hadoop.ipc.ProtobufRpcEngine2$Server$ProtoBufRpcInvoker.call(ProtobufRpcEngine2.java:574) [hadoop-common-3.3.1.jar:?]
	at org.apache.hadoop.ipc.ProtobufRpcEngine2$Server$ProtoBufRpcInvoker.call(ProtobufRpcEngine2.java:552) [hadoop-common-3.3.1.jar:?]
	at org.apache.hadoop.ipc.RPC$Server.call(RPC.java:1093) [hadoop-common-3.3.1.jar:?]
	at org.apache.hadoop.ipc.Server$RpcCall.run(Server.java:1035) [hadoop-common-3.3.1.jar:?]
	at org.apache.hadoop.ipc.Server$RpcCall.run(Server.java:963) [hadoop-common-3.3.1.jar:?]
	at java.security.AccessController.doPrivileged(Native Method) ~[?:1.8.0_332]
	at javax.security.auth.Subject.doAs(Subject.java:422) [?:1.8.0_332]
	at org.apache.hadoop.security.UserGroupInformation.doAs(UserGroupInformation.java:1878) [hadoop-common-3.3.1.jar:?]
	at org.apache.hadoop.ipc.Server$Handler.run(Server.java:2966) [hadoop-common-3.3.1.jar:?]
16:19:31.477 [IPC Server handler 10 on default port 34065] ERROR OMAudit - user=runner | ip=127.0.0.1 | op=GET_FILE_STATUS {volume=c07d7b80-23e2-4953-aaf3-f134fa75d9a7, bucket=b5df2ab2-d1ab-4a51-bb39-2e8bffea7ca0, key=.Trash, dataSize=0, replicationConfig=null} | ret=FAILURE
org.apache.hadoop.ozone.om.exceptions.OMException: Unable to get file status: volume: c07d7b80-23e2-4953-aaf3-f134fa75d9a7 bucket: b5df2ab2-d1ab-4a51-bb39-2e8bffea7ca0 key: .Trash
	at org.apache.hadoop.ozone.om.KeyManagerImpl.getOzoneFileStatus(KeyManagerImpl.java:1283) ~[ozone-manager-1.3.0-SNAPSHOT.jar:?]
	at org.apache.hadoop.ozone.om.KeyManagerImpl.getFileStatus(KeyManagerImpl.java:1213) ~[ozone-manager-1.3.0-SNAPSHOT.jar:?]
	at org.apache.hadoop.ozone.om.OzoneManager.getFileStatus(OzoneManager.java:3419) ~[ozone-manager-1.3.0-SNAPSHOT.jar:?]
	at org.apache.hadoop.ozone.protocolPB.OzoneManagerRequestHandler.getOzoneFileStatus(OzoneManagerRequestHandler.java:871) ~[ozone-manager-1.3.0-SNAPSHOT.jar:?]
	at org.apache.hadoop.ozone.protocolPB.OzoneManagerRequestHandler.handleReadRequest(OzoneManagerRequestHandler.java:217) ~[ozone-manager-1.3.0-SNAPSHOT.jar:?]
	at org.apache.hadoop.ozone.protocolPB.OzoneManagerProtocolServerSideTranslatorPB.submitReadRequestToOM(OzoneManagerProtocolServerSideTranslatorPB.java:225) ~[ozone-manager-1.3.0-SNAPSHOT.jar:?]
	at org.apache.hadoop.ozone.protocolPB.OzoneManagerProtocolServerSideTranslatorPB.processRequest(OzoneManagerProtocolServerSideTranslatorPB.java:175) ~[ozone-manager-1.3.0-SNAPSHOT.jar:?]
	at org.apache.hadoop.hdds.server.OzoneProtocolMessageDispatcher.processRequest(OzoneProtocolMessageDispatcher.java:87) [hdds-server-framework-1.3.0-SNAPSHOT.jar:?]
	at org.apache.hadoop.ozone.protocolPB.OzoneManagerProtocolServerSideTranslatorPB.submitRequest(OzoneManagerProtocolServerSideTranslatorPB.java:147) [ozone-manager-1.3.0-SNAPSHOT.jar:?]
	at org.apache.hadoop.ozone.protocol.proto.OzoneManagerProtocolProtos$OzoneManagerService$2.callBlockingMethod(OzoneManagerProtocolProtos.java) [ozone-interface-client-1.3.0-SNAPSHOT.jar:?]
	at org.apache.hadoop.ipc.ProtobufRpcEngine$Server.processCall(ProtobufRpcEngine.java:466) [hadoop-common-3.3.1.jar:?]
	at org.apache.hadoop.ipc.ProtobufRpcEngine2$Server$ProtoBufRpcInvoker.call(ProtobufRpcEngine2.java:574) [hadoop-common-3.3.1.jar:?]
	at org.apache.hadoop.ipc.ProtobufRpcEngine2$Server$ProtoBufRpcInvoker.call(ProtobufRpcEngine2.java:552) [hadoop-common-3.3.1.jar:?]
	at org.apache.hadoop.ipc.RPC$Server.call(RPC.java:1093) [hadoop-common-3.3.1.jar:?]
	at org.apache.hadoop.ipc.Server$RpcCall.run(Server.java:1035) [hadoop-common-3.3.1.jar:?]
	at org.apache.hadoop.ipc.Server$RpcCall.run(Server.java:963) [hadoop-common-3.3.1.jar:?]
	at java.security.AccessController.doPrivileged(Native Method) ~[?:1.8.0_332]
	at javax.security.auth.Subject.doAs(Subject.java:422) [?:1.8.0_332]
	at org.apache.hadoop.security.UserGroupInformation.doAs(UserGroupInformation.java:1878) [hadoop-common-3.3.1.jar:?]
	at org.apache.hadoop.ipc.Server$Handler.run(Server.java:2966) [hadoop-common-3.3.1.jar:?]
16:19:31.490 [IPC Server handler 11 on default port 34065] ERROR OMAudit - user=runner | ip=127.0.0.1 | op=GET_FILE_STATUS {volume=c07d7b80-23e2-4953-aaf3-f134fa75d9a7, bucket=b5df2ab2-d1ab-4a51-bb39-2e8bffea7ca0, key=.Trash, dataSize=0, replicationConfig=null} | ret=FAILURE
org.apache.hadoop.ozone.om.exceptions.OMException: Unable to get file status: volume: c07d7b80-23e2-4953-aaf3-f134fa75d9a7 bucket: b5df2ab2-d1ab-4a51-bb39-2e8bffea7ca0 key: .Trash
	at org.apache.hadoop.ozone.om.KeyManagerImpl.getOzoneFileStatus(KeyManagerImpl.java:1283) ~[ozone-manager-1.3.0-SNAPSHOT.jar:?]
	at org.apache.hadoop.ozone.om.KeyManagerImpl.getFileStatus(KeyManagerImpl.java:1213) ~[ozone-manager-1.3.0-SNAPSHOT.jar:?]
	at org.apache.hadoop.ozone.om.OzoneManager.getFileStatus(OzoneManager.java:3419) ~[ozone-manager-1.3.0-SNAPSHOT.jar:?]
	at org.apache.hadoop.ozone.protocolPB.OzoneManagerRequestHandler.getOzoneFileStatus(OzoneManagerRequestHandler.java:871) ~[ozone-manager-1.3.0-SNAPSHOT.jar:?]
	at org.apache.hadoop.ozone.protocolPB.OzoneManagerRequestHandler.handleReadRequest(OzoneManagerRequestHandler.java:217) ~[ozone-manager-1.3.0-SNAPSHOT.jar:?]
	at org.apache.hadoop.ozone.protocolPB.OzoneManagerProtocolServerSideTranslatorPB.submitReadRequestToOM(OzoneManagerProtocolServerSideTranslatorPB.java:225) ~[ozone-manager-1.3.0-SNAPSHOT.jar:?]
	at org.apache.hadoop.ozone.protocolPB.OzoneManagerProtocolServerSideTranslatorPB.processRequest(OzoneManagerProtocolServerSideTranslatorPB.java:175) ~[ozone-manager-1.3.0-SNAPSHOT.jar:?]
	at org.apache.hadoop.hdds.server.OzoneProtocolMessageDispatcher.processRequest(OzoneProtocolMessageDispatcher.java:87) [hdds-server-framework-1.3.0-SNAPSHOT.jar:?]
	at org.apache.hadoop.ozone.protocolPB.OzoneManagerProtocolServerSideTranslatorPB.submitRequest(OzoneManagerProtocolServerSideTranslatorPB.java:147) [ozone-manager-1.3.0-SNAPSHOT.jar:?]
	at org.apache.hadoop.ozone.protocol.proto.OzoneManagerProtocolProtos$OzoneManagerService$2.callBlockingMethod(OzoneManagerProtocolProtos.java) [ozone-interface-client-1.3.0-SNAPSHOT.jar:?]
	at org.apache.hadoop.ipc.ProtobufRpcEngine$Server.processCall(ProtobufRpcEngine.java:466) [hadoop-common-3.3.1.jar:?]
	at org.apache.hadoop.ipc.ProtobufRpcEngine2$Server$ProtoBufRpcInvoker.call(ProtobufRpcEngine2.java:574) [hadoop-common-3.3.1.jar:?]
	at org.apache.hadoop.ipc.ProtobufRpcEngine2$Server$ProtoBufRpcInvoker.call(ProtobufRpcEngine2.java:552) [hadoop-common-3.3.1.jar:?]
	at org.apache.hadoop.ipc.RPC$Server.call(RPC.java:1093) [hadoop-common-3.3.1.jar:?]
	at org.apache.hadoop.ipc.Server$RpcCall.run(Server.java:1035) [hadoop-common-3.3.1.jar:?]
	at org.apache.hadoop.ipc.Server$RpcCall.run(Server.java:963) [hadoop-common-3.3.1.jar:?]
	at java.security.AccessController.doPrivileged(Native Method) ~[?:1.8.0_332]
	at javax.security.auth.Subject.doAs(Subject.java:422) [?:1.8.0_332]
	at org.apache.hadoop.security.UserGroupInformation.doAs(UserGroupInformation.java:1878) [hadoop-common-3.3.1.jar:?]
	at org.apache.hadoop.ipc.Server$Handler.run(Server.java:2966) [hadoop-common-3.3.1.jar:?]
2022-06-16 16:19:31,495 [Time-limited test] INFO  rpc.RpcClient (RpcClient.java:createBucket(666)) - Creating Bucket: volume58666/trashroottest2, with the Bucket Layout LEGACY, runner as owner, Versioning false, Storage Type set to DISK and Encryption set to false 
2022-06-16 16:19:31,496 [OM StateMachine ApplyTransaction Thread - 0] INFO  bucket.OMBucketCreateRequest (OMBucketCreateRequest.java:validateAndUpdateCache(260)) - created bucket: trashroottest2 of layout LEGACY in volume: volume58666
16:19:31.663 [IPC Server handler 7 on default port 34065] ERROR OMAudit - user=runner | ip=127.0.0.1 | op=GET_FILE_STATUS {volume=c07d7b80-23e2-4953-aaf3-f134fa75d9a7, bucket=b5df2ab2-d1ab-4a51-bb39-2e8bffea7ca0, key=.Trash, dataSize=0, replicationConfig=null} | ret=FAILURE
org.apache.hadoop.ozone.om.exceptions.OMException: Unable to get file status: volume: c07d7b80-23e2-4953-aaf3-f134fa75d9a7 bucket: b5df2ab2-d1ab-4a51-bb39-2e8bffea7ca0 key: .Trash
	at org.apache.hadoop.ozone.om.KeyManagerImpl.getOzoneFileStatus(KeyManagerImpl.java:1283) ~[ozone-manager-1.3.0-SNAPSHOT.jar:?]
	at org.apache.hadoop.ozone.om.KeyManagerImpl.getFileStatus(KeyManagerImpl.java:1213) ~[ozone-manager-1.3.0-SNAPSHOT.jar:?]
	at org.apache.hadoop.ozone.om.OzoneManager.getFileStatus(OzoneManager.java:3419) ~[ozone-manager-1.3.0-SNAPSHOT.jar:?]
	at org.apache.hadoop.ozone.protocolPB.OzoneManagerRequestHandler.getOzoneFileStatus(OzoneManagerRequestHandler.java:871) ~[ozone-manager-1.3.0-SNAPSHOT.jar:?]
	at org.apache.hadoop.ozone.protocolPB.OzoneManagerRequestHandler.handleReadRequest(OzoneManagerRequestHandler.java:217) ~[ozone-manager-1.3.0-SNAPSHOT.jar:?]
	at org.apache.hadoop.ozone.protocolPB.OzoneManagerProtocolServerSideTranslatorPB.submitReadRequestToOM(OzoneManagerProtocolServerSideTranslatorPB.java:225) ~[ozone-manager-1.3.0-SNAPSHOT.jar:?]
	at org.apache.hadoop.ozone.protocolPB.OzoneManagerProtocolServerSideTranslatorPB.processRequest(OzoneManagerProtocolServerSideTranslatorPB.java:175) ~[ozone-manager-1.3.0-SNAPSHOT.jar:?]
	at org.apache.hadoop.hdds.server.OzoneProtocolMessageDispatcher.processRequest(OzoneProtocolMessageDispatcher.java:87) [hdds-server-framework-1.3.0-SNAPSHOT.jar:?]
	at org.apache.hadoop.ozone.protocolPB.OzoneManagerProtocolServerSideTranslatorPB.submitRequest(OzoneManagerProtocolServerSideTranslatorPB.java:147) [ozone-manager-1.3.0-SNAPSHOT.jar:?]
	at org.apache.hadoop.ozone.protocol.proto.OzoneManagerProtocolProtos$OzoneManagerService$2.callBlockingMethod(OzoneManagerProtocolProtos.java) [ozone-interface-client-1.3.0-SNAPSHOT.jar:?]
	at org.apache.hadoop.ipc.ProtobufRpcEngine$Server.processCall(ProtobufRpcEngine.java:466) [hadoop-common-3.3.1.jar:?]
	at org.apache.hadoop.ipc.ProtobufRpcEngine2$Server$ProtoBufRpcInvoker.call(ProtobufRpcEngine2.java:574) [hadoop-common-3.3.1.jar:?]
	at org.apache.hadoop.ipc.ProtobufRpcEngine2$Server$ProtoBufRpcInvoker.call(ProtobufRpcEngine2.java:552) [hadoop-common-3.3.1.jar:?]
	at org.apache.hadoop.ipc.RPC$Server.call(RPC.java:1093) [hadoop-common-3.3.1.jar:?]
	at org.apache.hadoop.ipc.Server$RpcCall.run(Server.java:1035) [hadoop-common-3.3.1.jar:?]
	at org.apache.hadoop.ipc.Server$RpcCall.run(Server.java:963) [hadoop-common-3.3.1.jar:?]
	at java.security.AccessController.doPrivileged(Native Method) ~[?:1.8.0_332]
	at javax.security.auth.Subject.doAs(Subject.java:422) [?:1.8.0_332]
	at org.apache.hadoop.security.UserGroupInformation.doAs(UserGroupInformation.java:1878) [hadoop-common-3.3.1.jar:?]
	at org.apache.hadoop.ipc.Server$Handler.run(Server.java:2966) [hadoop-common-3.3.1.jar:?]
16:19:31.749 [IPC Server handler 18 on default port 34065] ERROR OMAudit - user=runner | ip=127.0.0.1 | op=GET_FILE_STATUS {volume=c07d7b80-23e2-4953-aaf3-f134fa75d9a7, bucket=b5df2ab2-d1ab-4a51-bb39-2e8bffea7ca0, key=.Trash, dataSize=0, replicationConfig=null} | ret=FAILURE
org.apache.hadoop.ozone.om.exceptions.OMException: Unable to get file status: volume: c07d7b80-23e2-4953-aaf3-f134fa75d9a7 bucket: b5df2ab2-d1ab-4a51-bb39-2e8bffea7ca0 key: .Trash
	at org.apache.hadoop.ozone.om.KeyManagerImpl.getOzoneFileStatus(KeyManagerImpl.java:1283) ~[ozone-manager-1.3.0-SNAPSHOT.jar:?]
	at org.apache.hadoop.ozone.om.KeyManagerImpl.getFileStatus(KeyManagerImpl.java:1213) ~[ozone-manager-1.3.0-SNAPSHOT.jar:?]
	at org.apache.hadoop.ozone.om.OzoneManager.getFileStatus(OzoneManager.java:3419) ~[ozone-manager-1.3.0-SNAPSHOT.jar:?]
	at org.apache.hadoop.ozone.protocolPB.OzoneManagerRequestHandler.getOzoneFileStatus(OzoneManagerRequestHandler.java:871) ~[ozone-manager-1.3.0-SNAPSHOT.jar:?]
	at org.apache.hadoop.ozone.protocolPB.OzoneManagerRequestHandler.handleReadRequest(OzoneManagerRequestHandler.java:217) ~[ozone-manager-1.3.0-SNAPSHOT.jar:?]
	at org.apache.hadoop.ozone.protocolPB.OzoneManagerProtocolServerSideTranslatorPB.submitReadRequestToOM(OzoneManagerProtocolServerSideTranslatorPB.java:225) ~[ozone-manager-1.3.0-SNAPSHOT.jar:?]
	at org.apache.hadoop.ozone.protocolPB.OzoneManagerProtocolServerSideTranslatorPB.processRequest(OzoneManagerProtocolServerSideTranslatorPB.java:175) ~[ozone-manager-1.3.0-SNAPSHOT.jar:?]
	at org.apache.hadoop.hdds.server.OzoneProtocolMessageDispatcher.processRequest(OzoneProtocolMessageDispatcher.java:87) [hdds-server-framework-1.3.0-SNAPSHOT.jar:?]
	at org.apache.hadoop.ozone.protocolPB.OzoneManagerProtocolServerSideTranslatorPB.submitRequest(OzoneManagerProtocolServerSideTranslatorPB.java:147) [ozone-manager-1.3.0-SNAPSHOT.jar:?]
	at org.apache.hadoop.ozone.protocol.proto.OzoneManagerProtocolProtos$OzoneManagerService$2.callBlockingMethod(OzoneManagerProtocolProtos.java) [ozone-interface-client-1.3.0-SNAPSHOT.jar:?]
	at org.apache.hadoop.ipc.ProtobufRpcEngine$Server.processCall(ProtobufRpcEngine.java:466) [hadoop-common-3.3.1.jar:?]
	at org.apache.hadoop.ipc.ProtobufRpcEngine2$Server$ProtoBufRpcInvoker.call(ProtobufRpcEngine2.java:574) [hadoop-common-3.3.1.jar:?]
	at org.apache.hadoop.ipc.ProtobufRpcEngine2$Server$ProtoBufRpcInvoker.call(ProtobufRpcEngine2.java:552) [hadoop-common-3.3.1.jar:?]
	at org.apache.hadoop.ipc.RPC$Server.call(RPC.java:1093) [hadoop-common-3.3.1.jar:?]
	at org.apache.hadoop.ipc.Server$RpcCall.run(Server.java:1035) [hadoop-common-3.3.1.jar:?]
	at org.apache.hadoop.ipc.Server$RpcCall.run(Server.java:963) [hadoop-common-3.3.1.jar:?]
	at java.security.AccessController.doPrivileged(Native Method) ~[?:1.8.0_332]
	at javax.security.auth.Subject.doAs(Subject.java:422) [?:1.8.0_332]
	at org.apache.hadoop.security.UserGroupInformation.doAs(UserGroupInformation.java:1878) [hadoop-common-3.3.1.jar:?]
	at org.apache.hadoop.ipc.Server$Handler.run(Server.java:2966) [hadoop-common-3.3.1.jar:?]
2022-06-16 16:19:31,845 [Time-limited test] INFO  rpc.RpcClient (RpcClient.java:createVolume(466)) - Creating Volume: volume05486, with user91478 as owner and space quota set to -1 bytes, counts quota set to -1
2022-06-16 16:19:31,852 [OM StateMachine ApplyTransaction Thread - 0] INFO  volume.OMVolumeCreateRequest (OMVolumeCreateRequest.java:validateAndUpdateCache(195)) - created volume:volume05486 for user:user91478
2022-06-16 16:19:31,852 [Time-limited test] INFO  rpc.RpcClient (RpcClient.java:createBucket(666)) - Creating Bucket: volume05486/bucket48003, with the Bucket Layout LEGACY, runner as owner, Versioning false, Storage Type set to DISK and Encryption set to false 
2022-06-16 16:19:31,853 [OM StateMachine ApplyTransaction Thread - 0] INFO  bucket.OMBucketCreateRequest (OMBucketCreateRequest.java:validateAndUpdateCache(260)) - created bucket: bucket48003 of layout LEGACY in volume: volume05486
16:19:31.868 [IPC Server handler 17 on default port 34065] ERROR OMAudit - user=runner | ip=127.0.0.1 | op=GET_FILE_STATUS {volume=c07d7b80-23e2-4953-aaf3-f134fa75d9a7, bucket=b5df2ab2-d1ab-4a51-bb39-2e8bffea7ca0, key=.Trash, dataSize=0, replicationConfig=null} | ret=FAILURE
org.apache.hadoop.ozone.om.exceptions.OMException: Unable to get file status: volume: c07d7b80-23e2-4953-aaf3-f134fa75d9a7 bucket: b5df2ab2-d1ab-4a51-bb39-2e8bffea7ca0 key: .Trash
	at org.apache.hadoop.ozone.om.KeyManagerImpl.getOzoneFileStatus(KeyManagerImpl.java:1283) ~[ozone-manager-1.3.0-SNAPSHOT.jar:?]
	at org.apache.hadoop.ozone.om.KeyManagerImpl.getFileStatus(KeyManagerImpl.java:1213) ~[ozone-manager-1.3.0-SNAPSHOT.jar:?]
	at org.apache.hadoop.ozone.om.OzoneManager.getFileStatus(OzoneManager.java:3419) ~[ozone-manager-1.3.0-SNAPSHOT.jar:?]
	at org.apache.hadoop.ozone.protocolPB.OzoneManagerRequestHandler.getOzoneFileStatus(OzoneManagerRequestHandler.java:871) ~[ozone-manager-1.3.0-SNAPSHOT.jar:?]
	at org.apache.hadoop.ozone.protocolPB.OzoneManagerRequestHandler.handleReadRequest(OzoneManagerRequestHandler.java:217) ~[ozone-manager-1.3.0-SNAPSHOT.jar:?]
	at org.apache.hadoop.ozone.protocolPB.OzoneManagerProtocolServerSideTranslatorPB.submitReadRequestToOM(OzoneManagerProtocolServerSideTranslatorPB.java:225) ~[ozone-manager-1.3.0-SNAPSHOT.jar:?]
	at org.apache.hadoop.ozone.protocolPB.OzoneManagerProtocolServerSideTranslatorPB.processRequest(OzoneManagerProtocolServerSideTranslatorPB.java:175) ~[ozone-manager-1.3.0-SNAPSHOT.jar:?]
	at org.apache.hadoop.hdds.server.OzoneProtocolMessageDispatcher.processRequest(OzoneProtocolMessageDispatcher.java:87) [hdds-server-framework-1.3.0-SNAPSHOT.jar:?]
	at org.apache.hadoop.ozone.protocolPB.OzoneManagerProtocolServerSideTranslatorPB.submitRequest(OzoneManagerProtocolServerSideTranslatorPB.java:147) [ozone-manager-1.3.0-SNAPSHOT.jar:?]
	at org.apache.hadoop.ozone.protocol.proto.OzoneManagerProtocolProtos$OzoneManagerService$2.callBlockingMethod(OzoneManagerProtocolProtos.java) [ozone-interface-client-1.3.0-SNAPSHOT.jar:?]
	at org.apache.hadoop.ipc.ProtobufRpcEngine$Server.processCall(ProtobufRpcEngine.java:466) [hadoop-common-3.3.1.jar:?]
	at org.apache.hadoop.ipc.ProtobufRpcEngine2$Server$ProtoBufRpcInvoker.call(ProtobufRpcEngine2.java:574) [hadoop-common-3.3.1.jar:?]
	at org.apache.hadoop.ipc.ProtobufRpcEngine2$Server$ProtoBufRpcInvoker.call(ProtobufRpcEngine2.java:552) [hadoop-common-3.3.1.jar:?]
	at org.apache.hadoop.ipc.RPC$Server.call(RPC.java:1093) [hadoop-common-3.3.1.jar:?]
	at org.apache.hadoop.ipc.Server$RpcCall.run(Server.java:1035) [hadoop-common-3.3.1.jar:?]
	at org.apache.hadoop.ipc.Server$RpcCall.run(Server.java:963) [hadoop-common-3.3.1.jar:?]
	at java.security.AccessController.doPrivileged(Native Method) ~[?:1.8.0_332]
	at javax.security.auth.Subject.doAs(Subject.java:422) [?:1.8.0_332]
	at org.apache.hadoop.security.UserGroupInformation.doAs(UserGroupInformation.java:1878) [hadoop-common-3.3.1.jar:?]
	at org.apache.hadoop.ipc.Server$Handler.run(Server.java:2966) [hadoop-common-3.3.1.jar:?]
16:19:31.889 [IPC Server handler 15 on default port 34065] ERROR OMAudit - user=runner | ip=127.0.0.1 | op=GET_FILE_STATUS {volume=c07d7b80-23e2-4953-aaf3-f134fa75d9a7, bucket=b5df2ab2-d1ab-4a51-bb39-2e8bffea7ca0, key=.Trash, dataSize=0, replicationConfig=null} | ret=FAILURE
org.apache.hadoop.ozone.om.exceptions.OMException: Unable to get file status: volume: c07d7b80-23e2-4953-aaf3-f134fa75d9a7 bucket: b5df2ab2-d1ab-4a51-bb39-2e8bffea7ca0 key: .Trash
	at org.apache.hadoop.ozone.om.KeyManagerImpl.getOzoneFileStatus(KeyManagerImpl.java:1283) ~[ozone-manager-1.3.0-SNAPSHOT.jar:?]
	at org.apache.hadoop.ozone.om.KeyManagerImpl.getFileStatus(KeyManagerImpl.java:1213) ~[ozone-manager-1.3.0-SNAPSHOT.jar:?]
	at org.apache.hadoop.ozone.om.OzoneManager.getFileStatus(OzoneManager.java:3419) ~[ozone-manager-1.3.0-SNAPSHOT.jar:?]
	at org.apache.hadoop.ozone.protocolPB.OzoneManagerRequestHandler.getOzoneFileStatus(OzoneManagerRequestHandler.java:871) ~[ozone-manager-1.3.0-SNAPSHOT.jar:?]
	at org.apache.hadoop.ozone.protocolPB.OzoneManagerRequestHandler.handleReadRequest(OzoneManagerRequestHandler.java:217) ~[ozone-manager-1.3.0-SNAPSHOT.jar:?]
	at org.apache.hadoop.ozone.protocolPB.OzoneManagerProtocolServerSideTranslatorPB.submitReadRequestToOM(OzoneManagerProtocolServerSideTranslatorPB.java:225) ~[ozone-manager-1.3.0-SNAPSHOT.jar:?]
	at org.apache.hadoop.ozone.protocolPB.OzoneManagerProtocolServerSideTranslatorPB.processRequest(OzoneManagerProtocolServerSideTranslatorPB.java:175) ~[ozone-manager-1.3.0-SNAPSHOT.jar:?]
	at org.apache.hadoop.hdds.server.OzoneProtocolMessageDispatcher.processRequest(OzoneProtocolMessageDispatcher.java:87) [hdds-server-framework-1.3.0-SNAPSHOT.jar:?]
	at org.apache.hadoop.ozone.protocolPB.OzoneManagerProtocolServerSideTranslatorPB.submitRequest(OzoneManagerProtocolServerSideTranslatorPB.java:147) [ozone-manager-1.3.0-SNAPSHOT.jar:?]
	at org.apache.hadoop.ozone.protocol.proto.OzoneManagerProtocolProtos$OzoneManagerService$2.callBlockingMethod(OzoneManagerProtocolProtos.java) [ozone-interface-client-1.3.0-SNAPSHOT.jar:?]
	at org.apache.hadoop.ipc.ProtobufRpcEngine$Server.processCall(ProtobufRpcEngine.java:466) [hadoop-common-3.3.1.jar:?]
	at org.apache.hadoop.ipc.ProtobufRpcEngine2$Server$ProtoBufRpcInvoker.call(ProtobufRpcEngine2.java:574) [hadoop-common-3.3.1.jar:?]
	at org.apache.hadoop.ipc.ProtobufRpcEngine2$Server$ProtoBufRpcInvoker.call(ProtobufRpcEngine2.java:552) [hadoop-common-3.3.1.jar:?]
	at org.apache.hadoop.ipc.RPC$Server.call(RPC.java:1093) [hadoop-common-3.3.1.jar:?]
	at org.apache.hadoop.ipc.Server$RpcCall.run(Server.java:1035) [hadoop-common-3.3.1.jar:?]
	at org.apache.hadoop.ipc.Server$RpcCall.run(Server.java:963) [hadoop-common-3.3.1.jar:?]
	at java.security.AccessController.doPrivileged(Native Method) ~[?:1.8.0_332]
	at javax.security.auth.Subject.doAs(Subject.java:422) [?:1.8.0_332]
	at org.apache.hadoop.security.UserGroupInformation.doAs(UserGroupInformation.java:1878) [hadoop-common-3.3.1.jar:?]
	at org.apache.hadoop.ipc.Server$Handler.run(Server.java:2966) [hadoop-common-3.3.1.jar:?]
16:19:31.907 [IPC Server handler 15 on default port 34065] ERROR OMAudit - user=runner | ip=127.0.0.1 | op=GET_FILE_STATUS {volume=volume05486, bucket=bucket48003, key=.Trash/runner, dataSize=0, replicationConfig=null} | ret=FAILURE
org.apache.hadoop.ozone.om.exceptions.OMException: Unable to get file status: volume: volume05486 bucket: bucket48003 key: .Trash/runner
	at org.apache.hadoop.ozone.om.KeyManagerImpl.getOzoneFileStatus(KeyManagerImpl.java:1283) ~[ozone-manager-1.3.0-SNAPSHOT.jar:?]
	at org.apache.hadoop.ozone.om.KeyManagerImpl.getFileStatus(KeyManagerImpl.java:1213) ~[ozone-manager-1.3.0-SNAPSHOT.jar:?]
	at org.apache.hadoop.ozone.om.OzoneManager.getFileStatus(OzoneManager.java:3419) ~[ozone-manager-1.3.0-SNAPSHOT.jar:?]
	at org.apache.hadoop.ozone.protocolPB.OzoneManagerRequestHandler.getOzoneFileStatus(OzoneManagerRequestHandler.java:871) ~[ozone-manager-1.3.0-SNAPSHOT.jar:?]
	at org.apache.hadoop.ozone.protocolPB.OzoneManagerRequestHandler.handleReadRequest(OzoneManagerRequestHandler.java:217) ~[ozone-manager-1.3.0-SNAPSHOT.jar:?]
	at org.apache.hadoop.ozone.protocolPB.OzoneManagerProtocolServerSideTranslatorPB.submitReadRequestToOM(OzoneManagerProtocolServerSideTranslatorPB.java:225) ~[ozone-manager-1.3.0-SNAPSHOT.jar:?]
	at org.apache.hadoop.ozone.protocolPB.OzoneManagerProtocolServerSideTranslatorPB.processRequest(OzoneManagerProtocolServerSideTranslatorPB.java:175) ~[ozone-manager-1.3.0-SNAPSHOT.jar:?]
	at org.apache.hadoop.hdds.server.OzoneProtocolMessageDispatcher.processRequest(OzoneProtocolMessageDispatcher.java:87) [hdds-server-framework-1.3.0-SNAPSHOT.jar:?]
	at org.apache.hadoop.ozone.protocolPB.OzoneManagerProtocolServerSideTranslatorPB.submitRequest(OzoneManagerProtocolServerSideTranslatorPB.java:147) [ozone-manager-1.3.0-SNAPSHOT.jar:?]
	at org.apache.hadoop.ozone.protocol.proto.OzoneManagerProtocolProtos$OzoneManagerService$2.callBlockingMethod(OzoneManagerProtocolProtos.java) [ozone-interface-client-1.3.0-SNAPSHOT.jar:?]
	at org.apache.hadoop.ipc.ProtobufRpcEngine$Server.processCall(ProtobufRpcEngine.java:466) [hadoop-common-3.3.1.jar:?]
	at org.apache.hadoop.ipc.ProtobufRpcEngine2$Server$ProtoBufRpcInvoker.call(ProtobufRpcEngine2.java:574) [hadoop-common-3.3.1.jar:?]
	at org.apache.hadoop.ipc.ProtobufRpcEngine2$Server$ProtoBufRpcInvoker.call(ProtobufRpcEngine2.java:552) [hadoop-common-3.3.1.jar:?]
	at org.apache.hadoop.ipc.RPC$Server.call(RPC.java:1093) [hadoop-common-3.3.1.jar:?]
	at org.apache.hadoop.ipc.Server$RpcCall.run(Server.java:1035) [hadoop-common-3.3.1.jar:?]
	at org.apache.hadoop.ipc.Server$RpcCall.run(Server.java:963) [hadoop-common-3.3.1.jar:?]
	at java.security.AccessController.doPrivileged(Native Method) ~[?:1.8.0_332]
	at javax.security.auth.Subject.doAs(Subject.java:422) [?:1.8.0_332]
	at org.apache.hadoop.security.UserGroupInformation.doAs(UserGroupInformation.java:1878) [hadoop-common-3.3.1.jar:?]
	at org.apache.hadoop.ipc.Server$Handler.run(Server.java:2966) [hadoop-common-3.3.1.jar:?]
16:19:31.910 [IPC Server handler 3 on default port 34065] ERROR OMAudit - user=runner | ip=127.0.0.1 | op=GET_FILE_STATUS {volume=c07d7b80-23e2-4953-aaf3-f134fa75d9a7, bucket=b5df2ab2-d1ab-4a51-bb39-2e8bffea7ca0, key=.Trash, dataSize=0, replicationConfig=null} | ret=FAILURE
org.apache.hadoop.ozone.om.exceptions.OMException: Unable to get file status: volume: c07d7b80-23e2-4953-aaf3-f134fa75d9a7 bucket: b5df2ab2-d1ab-4a51-bb39-2e8bffea7ca0 key: .Trash
	at org.apache.hadoop.ozone.om.KeyManagerImpl.getOzoneFileStatus(KeyManagerImpl.java:1283) ~[ozone-manager-1.3.0-SNAPSHOT.jar:?]
	at org.apache.hadoop.ozone.om.KeyManagerImpl.getFileStatus(KeyManagerImpl.java:1213) ~[ozone-manager-1.3.0-SNAPSHOT.jar:?]
	at org.apache.hadoop.ozone.om.OzoneManager.getFileStatus(OzoneManager.java:3419) ~[ozone-manager-1.3.0-SNAPSHOT.jar:?]
	at org.apache.hadoop.ozone.protocolPB.OzoneManagerRequestHandler.getOzoneFileStatus(OzoneManagerRequestHandler.java:871) ~[ozone-manager-1.3.0-SNAPSHOT.jar:?]
	at org.apache.hadoop.ozone.protocolPB.OzoneManagerRequestHandler.handleReadRequest(OzoneManagerRequestHandler.java:217) ~[ozone-manager-1.3.0-SNAPSHOT.jar:?]
	at org.apache.hadoop.ozone.protocolPB.OzoneManagerProtocolServerSideTranslatorPB.submitReadRequestToOM(OzoneManagerProtocolServerSideTranslatorPB.java:225) ~[ozone-manager-1.3.0-SNAPSHOT.jar:?]
	at org.apache.hadoop.ozone.protocolPB.OzoneManagerProtocolServerSideTranslatorPB.processRequest(OzoneManagerProtocolServerSideTranslatorPB.java:175) ~[ozone-manager-1.3.0-SNAPSHOT.jar:?]
	at org.apache.hadoop.hdds.server.OzoneProtocolMessageDispatcher.processRequest(OzoneProtocolMessageDispatcher.java:87) [hdds-server-framework-1.3.0-SNAPSHOT.jar:?]
	at org.apache.hadoop.ozone.protocolPB.OzoneManagerProtocolServerSideTranslatorPB.submitRequest(OzoneManagerProtocolServerSideTranslatorPB.java:147) [ozone-manager-1.3.0-SNAPSHOT.jar:?]
	at org.apache.hadoop.ozone.protocol.proto.OzoneManagerProtocolProtos$OzoneManagerService$2.callBlockingMethod(OzoneManagerProtocolProtos.java) [ozone-interface-client-1.3.0-SNAPSHOT.jar:?]
	at org.apache.hadoop.ipc.ProtobufRpcEngine$Server.processCall(ProtobufRpcEngine.java:466) [hadoop-common-3.3.1.jar:?]
	at org.apache.hadoop.ipc.ProtobufRpcEngine2$Server$ProtoBufRpcInvoker.call(ProtobufRpcEngine2.java:574) [hadoop-common-3.3.1.jar:?]
	at org.apache.hadoop.ipc.ProtobufRpcEngine2$Server$ProtoBufRpcInvoker.call(ProtobufRpcEngine2.java:552) [hadoop-common-3.3.1.jar:?]
	at org.apache.hadoop.ipc.RPC$Server.call(RPC.java:1093) [hadoop-common-3.3.1.jar:?]
	at org.apache.hadoop.ipc.Server$RpcCall.run(Server.java:1035) [hadoop-common-3.3.1.jar:?]
	at org.apache.hadoop.ipc.Server$RpcCall.run(Server.java:963) [hadoop-common-3.3.1.jar:?]
	at java.security.AccessController.doPrivileged(Native Method) ~[?:1.8.0_332]
	at javax.security.auth.Subject.doAs(Subject.java:422) [?:1.8.0_332]
	at org.apache.hadoop.security.UserGroupInformation.doAs(UserGroupInformation.java:1878) [hadoop-common-3.3.1.jar:?]
	at org.apache.hadoop.ipc.Server$Handler.run(Server.java:2966) [hadoop-common-3.3.1.jar:?]
16:19:31.911 [IPC Server handler 9 on default port 34065] ERROR OMAudit - user=runner | ip=127.0.0.1 | op=GET_FILE_STATUS {volume=volume05486, bucket=bucket48003, key=.Trash, dataSize=0, replicationConfig=null} | ret=FAILURE
org.apache.hadoop.ozone.om.exceptions.OMException: Unable to get file status: volume: volume05486 bucket: bucket48003 key: .Trash
	at org.apache.hadoop.ozone.om.KeyManagerImpl.getOzoneFileStatus(KeyManagerImpl.java:1283) ~[ozone-manager-1.3.0-SNAPSHOT.jar:?]
	at org.apache.hadoop.ozone.om.KeyManagerImpl.getFileStatus(KeyManagerImpl.java:1213) ~[ozone-manager-1.3.0-SNAPSHOT.jar:?]
	at org.apache.hadoop.ozone.om.OzoneManager.getFileStatus(OzoneManager.java:3419) ~[ozone-manager-1.3.0-SNAPSHOT.jar:?]
	at org.apache.hadoop.ozone.protocolPB.OzoneManagerRequestHandler.getOzoneFileStatus(OzoneManagerRequestHandler.java:871) ~[ozone-manager-1.3.0-SNAPSHOT.jar:?]
	at org.apache.hadoop.ozone.protocolPB.OzoneManagerRequestHandler.handleReadRequest(OzoneManagerRequestHandler.java:217) ~[ozone-manager-1.3.0-SNAPSHOT.jar:?]
	at org.apache.hadoop.ozone.protocolPB.OzoneManagerProtocolServerSideTranslatorPB.submitReadRequestToOM(OzoneManagerProtocolServerSideTranslatorPB.java:225) ~[ozone-manager-1.3.0-SNAPSHOT.jar:?]
	at org.apache.hadoop.ozone.protocolPB.OzoneManagerProtocolServerSideTranslatorPB.processRequest(OzoneManagerProtocolServerSideTranslatorPB.java:175) ~[ozone-manager-1.3.0-SNAPSHOT.jar:?]
	at org.apache.hadoop.hdds.server.OzoneProtocolMessageDispatcher.processRequest(OzoneProtocolMessageDispatcher.java:87) [hdds-server-framework-1.3.0-SNAPSHOT.jar:?]
	at org.apache.hadoop.ozone.protocolPB.OzoneManagerProtocolServerSideTranslatorPB.submitRequest(OzoneManagerProtocolServerSideTranslatorPB.java:147) [ozone-manager-1.3.0-SNAPSHOT.jar:?]
	at org.apache.hadoop.ozone.protocol.proto.OzoneManagerProtocolProtos$OzoneManagerService$2.callBlockingMethod(OzoneManagerProtocolProtos.java) [ozone-interface-client-1.3.0-SNAPSHOT.jar:?]
	at org.apache.hadoop.ipc.ProtobufRpcEngine$Server.processCall(ProtobufRpcEngine.java:466) [hadoop-common-3.3.1.jar:?]
	at org.apache.hadoop.ipc.ProtobufRpcEngine2$Server$ProtoBufRpcInvoker.call(ProtobufRpcEngine2.java:574) [hadoop-common-3.3.1.jar:?]
	at org.apache.hadoop.ipc.ProtobufRpcEngine2$Server$ProtoBufRpcInvoker.call(ProtobufRpcEngine2.java:552) [hadoop-common-3.3.1.jar:?]
	at org.apache.hadoop.ipc.RPC$Server.call(RPC.java:1093) [hadoop-common-3.3.1.jar:?]
	at org.apache.hadoop.ipc.Server$RpcCall.run(Server.java:1035) [hadoop-common-3.3.1.jar:?]
	at org.apache.hadoop.ipc.Server$RpcCall.run(Server.java:963) [hadoop-common-3.3.1.jar:?]
	at java.security.AccessController.doPrivileged(Native Method) ~[?:1.8.0_332]
	at javax.security.auth.Subject.doAs(Subject.java:422) [?:1.8.0_332]
	at org.apache.hadoop.security.UserGroupInformation.doAs(UserGroupInformation.java:1878) [hadoop-common-3.3.1.jar:?]
	at org.apache.hadoop.ipc.Server$Handler.run(Server.java:2966) [hadoop-common-3.3.1.jar:?]
16:19:31.925 [IPC Server handler 13 on default port 34065] ERROR OMAudit - user=runner | ip=127.0.0.1 | op=GET_FILE_STATUS {volume=volume58666, bucket=trashroottest2, key=.Trash/runner, dataSize=0, replicationConfig=null} | ret=FAILURE
org.apache.hadoop.ozone.om.exceptions.OMException: Unable to get file status: volume: volume58666 bucket: trashroottest2 key: .Trash/runner
	at org.apache.hadoop.ozone.om.KeyManagerImpl.getOzoneFileStatus(KeyManagerImpl.java:1283) ~[ozone-manager-1.3.0-SNAPSHOT.jar:?]
	at org.apache.hadoop.ozone.om.KeyManagerImpl.getFileStatus(KeyManagerImpl.java:1213) ~[ozone-manager-1.3.0-SNAPSHOT.jar:?]
	at org.apache.hadoop.ozone.om.OzoneManager.getFileStatus(OzoneManager.java:3419) ~[ozone-manager-1.3.0-SNAPSHOT.jar:?]
	at org.apache.hadoop.ozone.protocolPB.OzoneManagerRequestHandler.getOzoneFileStatus(OzoneManagerRequestHandler.java:871) ~[ozone-manager-1.3.0-SNAPSHOT.jar:?]
	at org.apache.hadoop.ozone.protocolPB.OzoneManagerRequestHandler.handleReadRequest(OzoneManagerRequestHandler.java:217) ~[ozone-manager-1.3.0-SNAPSHOT.jar:?]
	at org.apache.hadoop.ozone.protocolPB.OzoneManagerProtocolServerSideTranslatorPB.submitReadRequestToOM(OzoneManagerProtocolServerSideTranslatorPB.java:225) ~[ozone-manager-1.3.0-SNAPSHOT.jar:?]
	at org.apache.hadoop.ozone.protocolPB.OzoneManagerProtocolServerSideTranslatorPB.processRequest(OzoneManagerProtocolServerSideTranslatorPB.java:175) ~[ozone-manager-1.3.0-SNAPSHOT.jar:?]
	at org.apache.hadoop.hdds.server.OzoneProtocolMessageDispatcher.processRequest(OzoneProtocolMessageDispatcher.java:87) [hdds-server-framework-1.3.0-SNAPSHOT.jar:?]
	at org.apache.hadoop.ozone.protocolPB.OzoneManagerProtocolServerSideTranslatorPB.submitRequest(OzoneManagerProtocolServerSideTranslatorPB.java:147) [ozone-manager-1.3.0-SNAPSHOT.jar:?]
	at org.apache.hadoop.ozone.protocol.proto.OzoneManagerProtocolProtos$OzoneManagerService$2.callBlockingMethod(OzoneManagerProtocolProtos.java) [ozone-interface-client-1.3.0-SNAPSHOT.jar:?]
	at org.apache.hadoop.ipc.ProtobufRpcEngine$Server.processCall(ProtobufRpcEngine.java:466) [hadoop-common-3.3.1.jar:?]
	at org.apache.hadoop.ipc.ProtobufRpcEngine2$Server$ProtoBufRpcInvoker.call(ProtobufRpcEngine2.java:574) [hadoop-common-3.3.1.jar:?]
	at org.apache.hadoop.ipc.ProtobufRpcEngine2$Server$ProtoBufRpcInvoker.call(ProtobufRpcEngine2.java:552) [hadoop-common-3.3.1.jar:?]
	at org.apache.hadoop.ipc.RPC$Server.call(RPC.java:1093) [hadoop-common-3.3.1.jar:?]
	at org.apache.hadoop.ipc.Server$RpcCall.run(Server.java:1035) [hadoop-common-3.3.1.jar:?]
	at org.apache.hadoop.ipc.Server$RpcCall.run(Server.java:963) [hadoop-common-3.3.1.jar:?]
	at java.security.AccessController.doPrivileged(Native Method) ~[?:1.8.0_332]
	at javax.security.auth.Subject.doAs(Subject.java:422) [?:1.8.0_332]
	at org.apache.hadoop.security.UserGroupInformation.doAs(UserGroupInformation.java:1878) [hadoop-common-3.3.1.jar:?]
	at org.apache.hadoop.ipc.Server$Handler.run(Server.java:2966) [hadoop-common-3.3.1.jar:?]
16:19:31.926 [IPC Server handler 1 on default port 34065] ERROR OMAudit - user=runner | ip=127.0.0.1 | op=GET_FILE_STATUS {volume=volume05486, bucket=bucket48003, key=.Trash/runner, dataSize=0, replicationConfig=null} | ret=FAILURE
org.apache.hadoop.ozone.om.exceptions.OMException: Unable to get file status: volume: volume05486 bucket: bucket48003 key: .Trash/runner
	at org.apache.hadoop.ozone.om.KeyManagerImpl.getOzoneFileStatus(KeyManagerImpl.java:1283) ~[ozone-manager-1.3.0-SNAPSHOT.jar:?]
	at org.apache.hadoop.ozone.om.KeyManagerImpl.getFileStatus(KeyManagerImpl.java:1213) ~[ozone-manager-1.3.0-SNAPSHOT.jar:?]
	at org.apache.hadoop.ozone.om.OzoneManager.getFileStatus(OzoneManager.java:3419) ~[ozone-manager-1.3.0-SNAPSHOT.jar:?]
	at org.apache.hadoop.ozone.protocolPB.OzoneManagerRequestHandler.getOzoneFileStatus(OzoneManagerRequestHandler.java:871) ~[ozone-manager-1.3.0-SNAPSHOT.jar:?]
	at org.apache.hadoop.ozone.protocolPB.OzoneManagerRequestHandler.handleReadRequest(OzoneManagerRequestHandler.java:217) ~[ozone-manager-1.3.0-SNAPSHOT.jar:?]
	at org.apache.hadoop.ozone.protocolPB.OzoneManagerProtocolServerSideTranslatorPB.submitReadRequestToOM(OzoneManagerProtocolServerSideTranslatorPB.java:225) ~[ozone-manager-1.3.0-SNAPSHOT.jar:?]
	at org.apache.hadoop.ozone.protocolPB.OzoneManagerProtocolServerSideTranslatorPB.processRequest(OzoneManagerProtocolServerSideTranslatorPB.java:175) ~[ozone-manager-1.3.0-SNAPSHOT.jar:?]
	at org.apache.hadoop.hdds.server.OzoneProtocolMessageDispatcher.processRequest(OzoneProtocolMessageDispatcher.java:87) [hdds-server-framework-1.3.0-SNAPSHOT.jar:?]
	at org.apache.hadoop.ozone.protocolPB.OzoneManagerProtocolServerSideTranslatorPB.submitRequest(OzoneManagerProtocolServerSideTranslatorPB.java:147) [ozone-manager-1.3.0-SNAPSHOT.jar:?]
	at org.apache.hadoop.ozone.protocol.proto.OzoneManagerProtocolProtos$OzoneManagerService$2.callBlockingMethod(OzoneManagerProtocolProtos.java) [ozone-interface-client-1.3.0-SNAPSHOT.jar:?]
	at org.apache.hadoop.ipc.ProtobufRpcEngine$Server.processCall(ProtobufRpcEngine.java:466) [hadoop-common-3.3.1.jar:?]
	at org.apache.hadoop.ipc.ProtobufRpcEngine2$Server$ProtoBufRpcInvoker.call(ProtobufRpcEngine2.java:574) [hadoop-common-3.3.1.jar:?]
	at org.apache.hadoop.ipc.ProtobufRpcEngine2$Server$ProtoBufRpcInvoker.call(ProtobufRpcEngine2.java:552) [hadoop-common-3.3.1.jar:?]
	at org.apache.hadoop.ipc.RPC$Server.call(RPC.java:1093) [hadoop-common-3.3.1.jar:?]
	at org.apache.hadoop.ipc.Server$RpcCall.run(Server.java:1035) [hadoop-common-3.3.1.jar:?]
	at org.apache.hadoop.ipc.Server$RpcCall.run(Server.java:963) [hadoop-common-3.3.1.jar:?]
	at java.security.AccessController.doPrivileged(Native Method) ~[?:1.8.0_332]
	at javax.security.auth.Subject.doAs(Subject.java:422) [?:1.8.0_332]
	at org.apache.hadoop.security.UserGroupInformation.doAs(UserGroupInformation.java:1878) [hadoop-common-3.3.1.jar:?]
	at org.apache.hadoop.ipc.Server$Handler.run(Server.java:2966) [hadoop-common-3.3.1.jar:?]
16:19:31.928 [IPC Server handler 17 on default port 34065] ERROR OMAudit - user=runner | ip=127.0.0.1 | op=GET_FILE_STATUS {volume=c07d7b80-23e2-4953-aaf3-f134fa75d9a7, bucket=b5df2ab2-d1ab-4a51-bb39-2e8bffea7ca0, key=.Trash, dataSize=0, replicationConfig=null} | ret=FAILURE
org.apache.hadoop.ozone.om.exceptions.OMException: Unable to get file status: volume: c07d7b80-23e2-4953-aaf3-f134fa75d9a7 bucket: b5df2ab2-d1ab-4a51-bb39-2e8bffea7ca0 key: .Trash
	at org.apache.hadoop.ozone.om.KeyManagerImpl.getOzoneFileStatus(KeyManagerImpl.java:1283) ~[ozone-manager-1.3.0-SNAPSHOT.jar:?]
	at org.apache.hadoop.ozone.om.KeyManagerImpl.getFileStatus(KeyManagerImpl.java:1213) ~[ozone-manager-1.3.0-SNAPSHOT.jar:?]
	at org.apache.hadoop.ozone.om.OzoneManager.getFileStatus(OzoneManager.java:3419) ~[ozone-manager-1.3.0-SNAPSHOT.jar:?]
	at org.apache.hadoop.ozone.protocolPB.OzoneManagerRequestHandler.getOzoneFileStatus(OzoneManagerRequestHandler.java:871) ~[ozone-manager-1.3.0-SNAPSHOT.jar:?]
	at org.apache.hadoop.ozone.protocolPB.OzoneManagerRequestHandler.handleReadRequest(OzoneManagerRequestHandler.java:217) ~[ozone-manager-1.3.0-SNAPSHOT.jar:?]
	at org.apache.hadoop.ozone.protocolPB.OzoneManagerProtocolServerSideTranslatorPB.submitReadRequestToOM(OzoneManagerProtocolServerSideTranslatorPB.java:225) ~[ozone-manager-1.3.0-SNAPSHOT.jar:?]
	at org.apache.hadoop.ozone.protocolPB.OzoneManagerProtocolServerSideTranslatorPB.processRequest(OzoneManagerProtocolServerSideTranslatorPB.java:175) ~[ozone-manager-1.3.0-SNAPSHOT.jar:?]
	at org.apache.hadoop.hdds.server.OzoneProtocolMessageDispatcher.processRequest(OzoneProtocolMessageDispatcher.java:87) [hdds-server-framework-1.3.0-SNAPSHOT.jar:?]
	at org.apache.hadoop.ozone.protocolPB.OzoneManagerProtocolServerSideTranslatorPB.submitRequest(OzoneManagerProtocolServerSideTranslatorPB.java:147) [ozone-manager-1.3.0-SNAPSHOT.jar:?]
	at org.apache.hadoop.ozone.protocol.proto.OzoneManagerProtocolProtos$OzoneManagerService$2.callBlockingMethod(OzoneManagerProtocolProtos.java) [ozone-interface-client-1.3.0-SNAPSHOT.jar:?]
	at org.apache.hadoop.ipc.ProtobufRpcEngine$Server.processCall(ProtobufRpcEngine.java:466) [hadoop-common-3.3.1.jar:?]
	at org.apache.hadoop.ipc.ProtobufRpcEngine2$Server$ProtoBufRpcInvoker.call(ProtobufRpcEngine2.java:574) [hadoop-common-3.3.1.jar:?]
	at org.apache.hadoop.ipc.ProtobufRpcEngine2$Server$ProtoBufRpcInvoker.call(ProtobufRpcEngine2.java:552) [hadoop-common-3.3.1.jar:?]
	at org.apache.hadoop.ipc.RPC$Server.call(RPC.java:1093) [hadoop-common-3.3.1.jar:?]
	at org.apache.hadoop.ipc.Server$RpcCall.run(Server.java:1035) [hadoop-common-3.3.1.jar:?]
	at org.apache.hadoop.ipc.Server$RpcCall.run(Server.java:963) [hadoop-common-3.3.1.jar:?]
	at java.security.AccessController.doPrivileged(Native Method) ~[?:1.8.0_332]
	at javax.security.auth.Subject.doAs(Subject.java:422) [?:1.8.0_332]
	at org.apache.hadoop.security.UserGroupInformation.doAs(UserGroupInformation.java:1878) [hadoop-common-3.3.1.jar:?]
	at org.apache.hadoop.ipc.Server$Handler.run(Server.java:2966) [hadoop-common-3.3.1.jar:?]
16:19:31.930 [IPC Server handler 6 on default port 34065] ERROR OMAudit - user=runner | ip=127.0.0.1 | op=GET_FILE_STATUS {volume=volume05486, bucket=bucket48003, key=.Trash, dataSize=0, replicationConfig=null} | ret=FAILURE
org.apache.hadoop.ozone.om.exceptions.OMException: Unable to get file status: volume: volume05486 bucket: bucket48003 key: .Trash
	at org.apache.hadoop.ozone.om.KeyManagerImpl.getOzoneFileStatus(KeyManagerImpl.java:1283) ~[ozone-manager-1.3.0-SNAPSHOT.jar:?]
	at org.apache.hadoop.ozone.om.KeyManagerImpl.getFileStatus(KeyManagerImpl.java:1213) ~[ozone-manager-1.3.0-SNAPSHOT.jar:?]
	at org.apache.hadoop.ozone.om.OzoneManager.getFileStatus(OzoneManager.java:3419) ~[ozone-manager-1.3.0-SNAPSHOT.jar:?]
	at org.apache.hadoop.ozone.protocolPB.OzoneManagerRequestHandler.getOzoneFileStatus(OzoneManagerRequestHandler.java:871) ~[ozone-manager-1.3.0-SNAPSHOT.jar:?]
	at org.apache.hadoop.ozone.protocolPB.OzoneManagerRequestHandler.handleReadRequest(OzoneManagerRequestHandler.java:217) ~[ozone-manager-1.3.0-SNAPSHOT.jar:?]
	at org.apache.hadoop.ozone.protocolPB.OzoneManagerProtocolServerSideTranslatorPB.submitReadRequestToOM(OzoneManagerProtocolServerSideTranslatorPB.java:225) ~[ozone-manager-1.3.0-SNAPSHOT.jar:?]
	at org.apache.hadoop.ozone.protocolPB.OzoneManagerProtocolServerSideTranslatorPB.processRequest(OzoneManagerProtocolServerSideTranslatorPB.java:175) ~[ozone-manager-1.3.0-SNAPSHOT.jar:?]
	at org.apache.hadoop.hdds.server.OzoneProtocolMessageDispatcher.processRequest(OzoneProtocolMessageDispatcher.java:87) [hdds-server-framework-1.3.0-SNAPSHOT.jar:?]
	at org.apache.hadoop.ozone.protocolPB.OzoneManagerProtocolServerSideTranslatorPB.submitRequest(OzoneManagerProtocolServerSideTranslatorPB.java:147) [ozone-manager-1.3.0-SNAPSHOT.jar:?]
	at org.apache.hadoop.ozone.protocol.proto.OzoneManagerProtocolProtos$OzoneManagerService$2.callBlockingMethod(OzoneManagerProtocolProtos.java) [ozone-interface-client-1.3.0-SNAPSHOT.jar:?]
	at org.apache.hadoop.ipc.ProtobufRpcEngine$Server.processCall(ProtobufRpcEngine.java:466) [hadoop-common-3.3.1.jar:?]
	at org.apache.hadoop.ipc.ProtobufRpcEngine2$Server$ProtoBufRpcInvoker.call(ProtobufRpcEngine2.java:574) [hadoop-common-3.3.1.jar:?]
	at org.apache.hadoop.ipc.ProtobufRpcEngine2$Server$ProtoBufRpcInvoker.call(ProtobufRpcEngine2.java:552) [hadoop-common-3.3.1.jar:?]
	at org.apache.hadoop.ipc.RPC$Server.call(RPC.java:1093) [hadoop-common-3.3.1.jar:?]
	at org.apache.hadoop.ipc.Server$RpcCall.run(Server.java:1035) [hadoop-common-3.3.1.jar:?]
	at org.apache.hadoop.ipc.Server$RpcCall.run(Server.java:963) [hadoop-common-3.3.1.jar:?]
	at java.security.AccessController.doPrivileged(Native Method) ~[?:1.8.0_332]
	at javax.security.auth.Subject.doAs(Subject.java:422) [?:1.8.0_332]
	at org.apache.hadoop.security.UserGroupInformation.doAs(UserGroupInformation.java:1878) [hadoop-common-3.3.1.jar:?]
	at org.apache.hadoop.ipc.Server$Handler.run(Server.java:2966) [hadoop-common-3.3.1.jar:?]
16:19:31.939 [IPC Server handler 16 on default port 34065] ERROR OMAudit - user=runner | ip=127.0.0.1 | op=GET_FILE_STATUS {volume=volume58666, bucket=trashroottest2, key=.Trash, dataSize=0, replicationConfig=null} | ret=FAILURE
org.apache.hadoop.ozone.om.exceptions.OMException: Unable to get file status: volume: volume58666 bucket: trashroottest2 key: .Trash
	at org.apache.hadoop.ozone.om.KeyManagerImpl.getOzoneFileStatus(KeyManagerImpl.java:1283) ~[ozone-manager-1.3.0-SNAPSHOT.jar:?]
	at org.apache.hadoop.ozone.om.KeyManagerImpl.getFileStatus(KeyManagerImpl.java:1213) ~[ozone-manager-1.3.0-SNAPSHOT.jar:?]
	at org.apache.hadoop.ozone.om.OzoneManager.getFileStatus(OzoneManager.java:3419) ~[ozone-manager-1.3.0-SNAPSHOT.jar:?]
	at org.apache.hadoop.ozone.protocolPB.OzoneManagerRequestHandler.getOzoneFileStatus(OzoneManagerRequestHandler.java:871) ~[ozone-manager-1.3.0-SNAPSHOT.jar:?]
	at org.apache.hadoop.ozone.protocolPB.OzoneManagerRequestHandler.handleReadRequest(OzoneManagerRequestHandler.java:217) ~[ozone-manager-1.3.0-SNAPSHOT.jar:?]
	at org.apache.hadoop.ozone.protocolPB.OzoneManagerProtocolServerSideTranslatorPB.submitReadRequestToOM(OzoneManagerProtocolServerSideTranslatorPB.java:225) ~[ozone-manager-1.3.0-SNAPSHOT.jar:?]
	at org.apache.hadoop.ozone.protocolPB.OzoneManagerProtocolServerSideTranslatorPB.processRequest(OzoneManagerProtocolServerSideTranslatorPB.java:175) ~[ozone-manager-1.3.0-SNAPSHOT.jar:?]
	at org.apache.hadoop.hdds.server.OzoneProtocolMessageDispatcher.processRequest(OzoneProtocolMessageDispatcher.java:87) [hdds-server-framework-1.3.0-SNAPSHOT.jar:?]
	at org.apache.hadoop.ozone.protocolPB.OzoneManagerProtocolServerSideTranslatorPB.submitRequest(OzoneManagerProtocolServerSideTranslatorPB.java:147) [ozone-manager-1.3.0-SNAPSHOT.jar:?]
	at org.apache.hadoop.ozone.protocol.proto.OzoneManagerProtocolProtos$OzoneManagerService$2.callBlockingMethod(OzoneManagerProtocolProtos.java) [ozone-interface-client-1.3.0-SNAPSHOT.jar:?]
	at org.apache.hadoop.ipc.ProtobufRpcEngine$Server.processCall(ProtobufRpcEngine.java:466) [hadoop-common-3.3.1.jar:?]
	at org.apache.hadoop.ipc.ProtobufRpcEngine2$Server$ProtoBufRpcInvoker.call(ProtobufRpcEngine2.java:574) [hadoop-common-3.3.1.jar:?]
	at org.apache.hadoop.ipc.ProtobufRpcEngine2$Server$ProtoBufRpcInvoker.call(ProtobufRpcEngine2.java:552) [hadoop-common-3.3.1.jar:?]
	at org.apache.hadoop.ipc.RPC$Server.call(RPC.java:1093) [hadoop-common-3.3.1.jar:?]
	at org.apache.hadoop.ipc.Server$RpcCall.run(Server.java:1035) [hadoop-common-3.3.1.jar:?]
	at org.apache.hadoop.ipc.Server$RpcCall.run(Server.java:963) [hadoop-common-3.3.1.jar:?]
	at java.security.AccessController.doPrivileged(Native Method) ~[?:1.8.0_332]
	at javax.security.auth.Subject.doAs(Subject.java:422) [?:1.8.0_332]
	at org.apache.hadoop.security.UserGroupInformation.doAs(UserGroupInformation.java:1878) [hadoop-common-3.3.1.jar:?]
	at org.apache.hadoop.ipc.Server$Handler.run(Server.java:2966) [hadoop-common-3.3.1.jar:?]
16:19:31.948 [IPC Server handler 19 on default port 34065] ERROR OMAudit - user=runner | ip=127.0.0.1 | op=GET_FILE_STATUS {volume=volume58666, bucket=trashroottest2, key=.Trash/runner, dataSize=0, replicationConfig=null} | ret=FAILURE
org.apache.hadoop.ozone.om.exceptions.OMException: Unable to get file status: volume: volume58666 bucket: trashroottest2 key: .Trash/runner
	at org.apache.hadoop.ozone.om.KeyManagerImpl.getOzoneFileStatus(KeyManagerImpl.java:1283) ~[ozone-manager-1.3.0-SNAPSHOT.jar:?]
	at org.apache.hadoop.ozone.om.KeyManagerImpl.getFileStatus(KeyManagerImpl.java:1213) ~[ozone-manager-1.3.0-SNAPSHOT.jar:?]
	at org.apache.hadoop.ozone.om.OzoneManager.getFileStatus(OzoneManager.java:3419) ~[ozone-manager-1.3.0-SNAPSHOT.jar:?]
	at org.apache.hadoop.ozone.protocolPB.OzoneManagerRequestHandler.getOzoneFileStatus(OzoneManagerRequestHandler.java:871) ~[ozone-manager-1.3.0-SNAPSHOT.jar:?]
	at org.apache.hadoop.ozone.protocolPB.OzoneManagerRequestHandler.handleReadRequest(OzoneManagerRequestHandler.java:217) ~[ozone-manager-1.3.0-SNAPSHOT.jar:?]
	at org.apache.hadoop.ozone.protocolPB.OzoneManagerProtocolServerSideTranslatorPB.submitReadRequestToOM(OzoneManagerProtocolServerSideTranslatorPB.java:225) ~[ozone-manager-1.3.0-SNAPSHOT.jar:?]
	at org.apache.hadoop.ozone.protocolPB.OzoneManagerProtocolServerSideTranslatorPB.processRequest(OzoneManagerProtocolServerSideTranslatorPB.java:175) ~[ozone-manager-1.3.0-SNAPSHOT.jar:?]
	at org.apache.hadoop.hdds.server.OzoneProtocolMessageDispatcher.processRequest(OzoneProtocolMessageDispatcher.java:87) [hdds-server-framework-1.3.0-SNAPSHOT.jar:?]
	at org.apache.hadoop.ozone.protocolPB.OzoneManagerProtocolServerSideTranslatorPB.submitRequest(OzoneManagerProtocolServerSideTranslatorPB.java:147) [ozone-manager-1.3.0-SNAPSHOT.jar:?]
	at org.apache.hadoop.ozone.protocol.proto.OzoneManagerProtocolProtos$OzoneManagerService$2.callBlockingMethod(OzoneManagerProtocolProtos.java) [ozone-interface-client-1.3.0-SNAPSHOT.jar:?]
	at org.apache.hadoop.ipc.ProtobufRpcEngine$Server.processCall(ProtobufRpcEngine.java:466) [hadoop-common-3.3.1.jar:?]
	at org.apache.hadoop.ipc.ProtobufRpcEngine2$Server$ProtoBufRpcInvoker.call(ProtobufRpcEngine2.java:574) [hadoop-common-3.3.1.jar:?]
	at org.apache.hadoop.ipc.ProtobufRpcEngine2$Server$ProtoBufRpcInvoker.call(ProtobufRpcEngine2.java:552) [hadoop-common-3.3.1.jar:?]
	at org.apache.hadoop.ipc.RPC$Server.call(RPC.java:1093) [hadoop-common-3.3.1.jar:?]
	at org.apache.hadoop.ipc.Server$RpcCall.run(Server.java:1035) [hadoop-common-3.3.1.jar:?]
	at org.apache.hadoop.ipc.Server$RpcCall.run(Server.java:963) [hadoop-common-3.3.1.jar:?]
	at java.security.AccessController.doPrivileged(Native Method) ~[?:1.8.0_332]
	at javax.security.auth.Subject.doAs(Subject.java:422) [?:1.8.0_332]
	at org.apache.hadoop.security.UserGroupInformation.doAs(UserGroupInformation.java:1878) [hadoop-common-3.3.1.jar:?]
	at org.apache.hadoop.ipc.Server$Handler.run(Server.java:2966) [hadoop-common-3.3.1.jar:?]
16:19:31.949 [IPC Server handler 8 on default port 34065] ERROR OMAudit - user=runner | ip=127.0.0.1 | op=GET_FILE_STATUS {volume=volume05486, bucket=bucket48003, key=.Trash/runner, dataSize=0, replicationConfig=null} | ret=FAILURE
org.apache.hadoop.ozone.om.exceptions.OMException: Unable to get file status: volume: volume05486 bucket: bucket48003 key: .Trash/runner
	at org.apache.hadoop.ozone.om.KeyManagerImpl.getOzoneFileStatus(KeyManagerImpl.java:1283) ~[ozone-manager-1.3.0-SNAPSHOT.jar:?]
	at org.apache.hadoop.ozone.om.KeyManagerImpl.getFileStatus(KeyManagerImpl.java:1213) ~[ozone-manager-1.3.0-SNAPSHOT.jar:?]
	at org.apache.hadoop.ozone.om.OzoneManager.getFileStatus(OzoneManager.java:3419) ~[ozone-manager-1.3.0-SNAPSHOT.jar:?]
	at org.apache.hadoop.ozone.protocolPB.OzoneManagerRequestHandler.getOzoneFileStatus(OzoneManagerRequestHandler.java:871) ~[ozone-manager-1.3.0-SNAPSHOT.jar:?]
	at org.apache.hadoop.ozone.protocolPB.OzoneManagerRequestHandler.handleReadRequest(OzoneManagerRequestHandler.java:217) ~[ozone-manager-1.3.0-SNAPSHOT.jar:?]
	at org.apache.hadoop.ozone.protocolPB.OzoneManagerProtocolServerSideTranslatorPB.submitReadRequestToOM(OzoneManagerProtocolServerSideTranslatorPB.java:225) ~[ozone-manager-1.3.0-SNAPSHOT.jar:?]
	at org.apache.hadoop.ozone.protocolPB.OzoneManagerProtocolServerSideTranslatorPB.processRequest(OzoneManagerProtocolServerSideTranslatorPB.java:175) ~[ozone-manager-1.3.0-SNAPSHOT.jar:?]
	at org.apache.hadoop.hdds.server.OzoneProtocolMessageDispatcher.processRequest(OzoneProtocolMessageDispatcher.java:87) [hdds-server-framework-1.3.0-SNAPSHOT.jar:?]
	at org.apache.hadoop.ozone.protocolPB.OzoneManagerProtocolServerSideTranslatorPB.submitRequest(OzoneManagerProtocolServerSideTranslatorPB.java:147) [ozone-manager-1.3.0-SNAPSHOT.jar:?]
	at org.apache.hadoop.ozone.protocol.proto.OzoneManagerProtocolProtos$OzoneManagerService$2.callBlockingMethod(OzoneManagerProtocolProtos.java) [ozone-interface-client-1.3.0-SNAPSHOT.jar:?]
	at org.apache.hadoop.ipc.ProtobufRpcEngine$Server.processCall(ProtobufRpcEngine.java:466) [hadoop-common-3.3.1.jar:?]
	at org.apache.hadoop.ipc.ProtobufRpcEngine2$Server$ProtoBufRpcInvoker.call(ProtobufRpcEngine2.java:574) [hadoop-common-3.3.1.jar:?]
	at org.apache.hadoop.ipc.ProtobufRpcEngine2$Server$ProtoBufRpcInvoker.call(ProtobufRpcEngine2.java:552) [hadoop-common-3.3.1.jar:?]
	at org.apache.hadoop.ipc.RPC$Server.call(RPC.java:1093) [hadoop-common-3.3.1.jar:?]
	at org.apache.hadoop.ipc.Server$RpcCall.run(Server.java:1035) [hadoop-common-3.3.1.jar:?]
	at org.apache.hadoop.ipc.Server$RpcCall.run(Server.java:963) [hadoop-common-3.3.1.jar:?]
	at java.security.AccessController.doPrivileged(Native Method) ~[?:1.8.0_332]
	at javax.security.auth.Subject.doAs(Subject.java:422) [?:1.8.0_332]
	at org.apache.hadoop.security.UserGroupInformation.doAs(UserGroupInformation.java:1878) [hadoop-common-3.3.1.jar:?]
	at org.apache.hadoop.ipc.Server$Handler.run(Server.java:2966) [hadoop-common-3.3.1.jar:?]
16:19:31.951 [IPC Server handler 4 on default port 34065] ERROR OMAudit - user=runner | ip=127.0.0.1 | op=GET_FILE_STATUS {volume=c07d7b80-23e2-4953-aaf3-f134fa75d9a7, bucket=b5df2ab2-d1ab-4a51-bb39-2e8bffea7ca0, key=.Trash, dataSize=0, replicationConfig=null} | ret=FAILURE
org.apache.hadoop.ozone.om.exceptions.OMException: Unable to get file status: volume: c07d7b80-23e2-4953-aaf3-f134fa75d9a7 bucket: b5df2ab2-d1ab-4a51-bb39-2e8bffea7ca0 key: .Trash
	at org.apache.hadoop.ozone.om.KeyManagerImpl.getOzoneFileStatus(KeyManagerImpl.java:1283) ~[ozone-manager-1.3.0-SNAPSHOT.jar:?]
	at org.apache.hadoop.ozone.om.KeyManagerImpl.getFileStatus(KeyManagerImpl.java:1213) ~[ozone-manager-1.3.0-SNAPSHOT.jar:?]
	at org.apache.hadoop.ozone.om.OzoneManager.getFileStatus(OzoneManager.java:3419) ~[ozone-manager-1.3.0-SNAPSHOT.jar:?]
	at org.apache.hadoop.ozone.protocolPB.OzoneManagerRequestHandler.getOzoneFileStatus(OzoneManagerRequestHandler.java:871) ~[ozone-manager-1.3.0-SNAPSHOT.jar:?]
	at org.apache.hadoop.ozone.protocolPB.OzoneManagerRequestHandler.handleReadRequest(OzoneManagerRequestHandler.java:217) ~[ozone-manager-1.3.0-SNAPSHOT.jar:?]
	at org.apache.hadoop.ozone.protocolPB.OzoneManagerProtocolServerSideTranslatorPB.submitReadRequestToOM(OzoneManagerProtocolServerSideTranslatorPB.java:225) ~[ozone-manager-1.3.0-SNAPSHOT.jar:?]
	at org.apache.hadoop.ozone.protocolPB.OzoneManagerProtocolServerSideTranslatorPB.processRequest(OzoneManagerProtocolServerSideTranslatorPB.java:175) ~[ozone-manager-1.3.0-SNAPSHOT.jar:?]
	at org.apache.hadoop.hdds.server.OzoneProtocolMessageDispatcher.processRequest(OzoneProtocolMessageDispatcher.java:87) [hdds-server-framework-1.3.0-SNAPSHOT.jar:?]
	at org.apache.hadoop.ozone.protocolPB.OzoneManagerProtocolServerSideTranslatorPB.submitRequest(OzoneManagerProtocolServerSideTranslatorPB.java:147) [ozone-manager-1.3.0-SNAPSHOT.jar:?]
	at org.apache.hadoop.ozone.protocol.proto.OzoneManagerProtocolProtos$OzoneManagerService$2.callBlockingMethod(OzoneManagerProtocolProtos.java) [ozone-interface-client-1.3.0-SNAPSHOT.jar:?]
	at org.apache.hadoop.ipc.ProtobufRpcEngine$Server.processCall(ProtobufRpcEngine.java:466) [hadoop-common-3.3.1.jar:?]
	at org.apache.hadoop.ipc.ProtobufRpcEngine2$Server$ProtoBufRpcInvoker.call(ProtobufRpcEngine2.java:574) [hadoop-common-3.3.1.jar:?]
	at org.apache.hadoop.ipc.ProtobufRpcEngine2$Server$ProtoBufRpcInvoker.call(ProtobufRpcEngine2.java:552) [hadoop-common-3.3.1.jar:?]
	at org.apache.hadoop.ipc.RPC$Server.call(RPC.java:1093) [hadoop-common-3.3.1.jar:?]
	at org.apache.hadoop.ipc.Server$RpcCall.run(Server.java:1035) [hadoop-common-3.3.1.jar:?]
	at org.apache.hadoop.ipc.Server$RpcCall.run(Server.java:963) [hadoop-common-3.3.1.jar:?]
	at java.security.AccessController.doPrivileged(Native Method) ~[?:1.8.0_332]
	at javax.security.auth.Subject.doAs(Subject.java:422) [?:1.8.0_332]
	at org.apache.hadoop.security.UserGroupInformation.doAs(UserGroupInformation.java:1878) [hadoop-common-3.3.1.jar:?]
	at org.apache.hadoop.ipc.Server$Handler.run(Server.java:2966) [hadoop-common-3.3.1.jar:?]
16:19:31.953 [IPC Server handler 16 on default port 34065] ERROR OMAudit - user=runner | ip=127.0.0.1 | op=GET_FILE_STATUS {volume=volume05486, bucket=bucket48003, key=.Trash, dataSize=0, replicationConfig=null} | ret=FAILURE
org.apache.hadoop.ozone.om.exceptions.OMException: Unable to get file status: volume: volume05486 bucket: bucket48003 key: .Trash
	at org.apache.hadoop.ozone.om.KeyManagerImpl.getOzoneFileStatus(KeyManagerImpl.java:1283) ~[ozone-manager-1.3.0-SNAPSHOT.jar:?]
	at org.apache.hadoop.ozone.om.KeyManagerImpl.getFileStatus(KeyManagerImpl.java:1213) ~[ozone-manager-1.3.0-SNAPSHOT.jar:?]
	at org.apache.hadoop.ozone.om.OzoneManager.getFileStatus(OzoneManager.java:3419) ~[ozone-manager-1.3.0-SNAPSHOT.jar:?]
	at org.apache.hadoop.ozone.protocolPB.OzoneManagerRequestHandler.getOzoneFileStatus(OzoneManagerRequestHandler.java:871) ~[ozone-manager-1.3.0-SNAPSHOT.jar:?]
	at org.apache.hadoop.ozone.protocolPB.OzoneManagerRequestHandler.handleReadRequest(OzoneManagerRequestHandler.java:217) ~[ozone-manager-1.3.0-SNAPSHOT.jar:?]
	at org.apache.hadoop.ozone.protocolPB.OzoneManagerProtocolServerSideTranslatorPB.submitReadRequestToOM(OzoneManagerProtocolServerSideTranslatorPB.java:225) ~[ozone-manager-1.3.0-SNAPSHOT.jar:?]
	at org.apache.hadoop.ozone.protocolPB.OzoneManagerProtocolServerSideTranslatorPB.processRequest(OzoneManagerProtocolServerSideTranslatorPB.java:175) ~[ozone-manager-1.3.0-SNAPSHOT.jar:?]
	at org.apache.hadoop.hdds.server.OzoneProtocolMessageDispatcher.processRequest(OzoneProtocolMessageDispatcher.java:87) [hdds-server-framework-1.3.0-SNAPSHOT.jar:?]
	at org.apache.hadoop.ozone.protocolPB.OzoneManagerProtocolServerSideTranslatorPB.submitRequest(OzoneManagerProtocolServerSideTranslatorPB.java:147) [ozone-manager-1.3.0-SNAPSHOT.jar:?]
	at org.apache.hadoop.ozone.protocol.proto.OzoneManagerProtocolProtos$OzoneManagerService$2.callBlockingMethod(OzoneManagerProtocolProtos.java) [ozone-interface-client-1.3.0-SNAPSHOT.jar:?]
	at org.apache.hadoop.ipc.ProtobufRpcEngine$Server.processCall(ProtobufRpcEngine.java:466) [hadoop-common-3.3.1.jar:?]
	at org.apache.hadoop.ipc.ProtobufRpcEngine2$Server$ProtoBufRpcInvoker.call(ProtobufRpcEngine2.java:574) [hadoop-common-3.3.1.jar:?]
	at org.apache.hadoop.ipc.ProtobufRpcEngine2$Server$ProtoBufRpcInvoker.call(ProtobufRpcEngine2.java:552) [hadoop-common-3.3.1.jar:?]
	at org.apache.hadoop.ipc.RPC$Server.call(RPC.java:1093) [hadoop-common-3.3.1.jar:?]
	at org.apache.hadoop.ipc.Server$RpcCall.run(Server.java:1035) [hadoop-common-3.3.1.jar:?]
	at org.apache.hadoop.ipc.Server$RpcCall.run(Server.java:963) [hadoop-common-3.3.1.jar:?]
	at java.security.AccessController.doPrivileged(Native Method) ~[?:1.8.0_332]
	at javax.security.auth.Subject.doAs(Subject.java:422) [?:1.8.0_332]
	at org.apache.hadoop.security.UserGroupInformation.doAs(UserGroupInformation.java:1878) [hadoop-common-3.3.1.jar:?]
	at org.apache.hadoop.ipc.Server$Handler.run(Server.java:2966) [hadoop-common-3.3.1.jar:?]
16:19:31.957 [IPC Server handler 12 on default port 34065] ERROR OMAudit - user=runner | ip=127.0.0.1 | op=GET_FILE_STATUS {volume=volume58666, bucket=trashroottest2, key=.Trash, dataSize=0, replicationConfig=null} | ret=FAILURE
org.apache.hadoop.ozone.om.exceptions.OMException: Unable to get file status: volume: volume58666 bucket: trashroottest2 key: .Trash
	at org.apache.hadoop.ozone.om.KeyManagerImpl.getOzoneFileStatus(KeyManagerImpl.java:1283) ~[ozone-manager-1.3.0-SNAPSHOT.jar:?]
	at org.apache.hadoop.ozone.om.KeyManagerImpl.getFileStatus(KeyManagerImpl.java:1213) ~[ozone-manager-1.3.0-SNAPSHOT.jar:?]
	at org.apache.hadoop.ozone.om.OzoneManager.getFileStatus(OzoneManager.java:3419) ~[ozone-manager-1.3.0-SNAPSHOT.jar:?]
	at org.apache.hadoop.ozone.protocolPB.OzoneManagerRequestHandler.getOzoneFileStatus(OzoneManagerRequestHandler.java:871) ~[ozone-manager-1.3.0-SNAPSHOT.jar:?]
	at org.apache.hadoop.ozone.protocolPB.OzoneManagerRequestHandler.handleReadRequest(OzoneManagerRequestHandler.java:217) ~[ozone-manager-1.3.0-SNAPSHOT.jar:?]
	at org.apache.hadoop.ozone.protocolPB.OzoneManagerProtocolServerSideTranslatorPB.submitReadRequestToOM(OzoneManagerProtocolServerSideTranslatorPB.java:225) ~[ozone-manager-1.3.0-SNAPSHOT.jar:?]
	at org.apache.hadoop.ozone.protocolPB.OzoneManagerProtocolServerSideTranslatorPB.processRequest(OzoneManagerProtocolServerSideTranslatorPB.java:175) ~[ozone-manager-1.3.0-SNAPSHOT.jar:?]
	at org.apache.hadoop.hdds.server.OzoneProtocolMessageDispatcher.processRequest(OzoneProtocolMessageDispatcher.java:87) [hdds-server-framework-1.3.0-SNAPSHOT.jar:?]
	at org.apache.hadoop.ozone.protocolPB.OzoneManagerProtocolServerSideTranslatorPB.submitRequest(OzoneManagerProtocolServerSideTranslatorPB.java:147) [ozone-manager-1.3.0-SNAPSHOT.jar:?]
	at org.apache.hadoop.ozone.protocol.proto.OzoneManagerProtocolProtos$OzoneManagerService$2.callBlockingMethod(OzoneManagerProtocolProtos.java) [ozone-interface-client-1.3.0-SNAPSHOT.jar:?]
	at org.apache.hadoop.ipc.ProtobufRpcEngine$Server.processCall(ProtobufRpcEngine.java:466) [hadoop-common-3.3.1.jar:?]
	at org.apache.hadoop.ipc.ProtobufRpcEngine2$Server$ProtoBufRpcInvoker.call(ProtobufRpcEngine2.java:574) [hadoop-common-3.3.1.jar:?]
	at org.apache.hadoop.ipc.ProtobufRpcEngine2$Server$ProtoBufRpcInvoker.call(ProtobufRpcEngine2.java:552) [hadoop-common-3.3.1.jar:?]
	at org.apache.hadoop.ipc.RPC$Server.call(RPC.java:1093) [hadoop-common-3.3.1.jar:?]
	at org.apache.hadoop.ipc.Server$RpcCall.run(Server.java:1035) [hadoop-common-3.3.1.jar:?]
	at org.apache.hadoop.ipc.Server$RpcCall.run(Server.java:963) [hadoop-common-3.3.1.jar:?]
	at java.security.AccessController.doPrivileged(Native Method) ~[?:1.8.0_332]
	at javax.security.auth.Subject.doAs(Subject.java:422) [?:1.8.0_332]
	at org.apache.hadoop.security.UserGroupInformation.doAs(UserGroupInformation.java:1878) [hadoop-common-3.3.1.jar:?]
	at org.apache.hadoop.ipc.Server$Handler.run(Server.java:2966) [hadoop-common-3.3.1.jar:?]
16:19:31.966 [IPC Server handler 9 on default port 34065] ERROR OMAudit - user=runner | ip=127.0.0.1 | op=GET_FILE_STATUS {volume=volume58666, bucket=bucket63558, key=.Trash/runner, dataSize=0, replicationConfig=null} | ret=FAILURE
org.apache.hadoop.ozone.om.exceptions.OMException: Unable to get file status: volume: volume58666 bucket: bucket63558 key: .Trash/runner
	at org.apache.hadoop.ozone.om.KeyManagerImpl.getOzoneFileStatus(KeyManagerImpl.java:1283) ~[ozone-manager-1.3.0-SNAPSHOT.jar:?]
	at org.apache.hadoop.ozone.om.KeyManagerImpl.getFileStatus(KeyManagerImpl.java:1213) ~[ozone-manager-1.3.0-SNAPSHOT.jar:?]
	at org.apache.hadoop.ozone.om.OzoneManager.getFileStatus(OzoneManager.java:3419) ~[ozone-manager-1.3.0-SNAPSHOT.jar:?]
	at org.apache.hadoop.ozone.protocolPB.OzoneManagerRequestHandler.getOzoneFileStatus(OzoneManagerRequestHandler.java:871) ~[ozone-manager-1.3.0-SNAPSHOT.jar:?]
	at org.apache.hadoop.ozone.protocolPB.OzoneManagerRequestHandler.handleReadRequest(OzoneManagerRequestHandler.java:217) ~[ozone-manager-1.3.0-SNAPSHOT.jar:?]
	at org.apache.hadoop.ozone.protocolPB.OzoneManagerProtocolServerSideTranslatorPB.submitReadRequestToOM(OzoneManagerProtocolServerSideTranslatorPB.java:225) ~[ozone-manager-1.3.0-SNAPSHOT.jar:?]
	at org.apache.hadoop.ozone.protocolPB.OzoneManagerProtocolServerSideTranslatorPB.processRequest(OzoneManagerProtocolServerSideTranslatorPB.java:175) ~[ozone-manager-1.3.0-SNAPSHOT.jar:?]
	at org.apache.hadoop.hdds.server.OzoneProtocolMessageDispatcher.processRequest(OzoneProtocolMessageDispatcher.java:87) [hdds-server-framework-1.3.0-SNAPSHOT.jar:?]
	at org.apache.hadoop.ozone.protocolPB.OzoneManagerProtocolServerSideTranslatorPB.submitRequest(OzoneManagerProtocolServerSideTranslatorPB.java:147) [ozone-manager-1.3.0-SNAPSHOT.jar:?]
	at org.apache.hadoop.ozone.protocol.proto.OzoneManagerProtocolProtos$OzoneManagerService$2.callBlockingMethod(OzoneManagerProtocolProtos.java) [ozone-interface-client-1.3.0-SNAPSHOT.jar:?]
	at org.apache.hadoop.ipc.ProtobufRpcEngine$Server.processCall(ProtobufRpcEngine.java:466) [hadoop-common-3.3.1.jar:?]
	at org.apache.hadoop.ipc.ProtobufRpcEngine2$Server$ProtoBufRpcInvoker.call(ProtobufRpcEngine2.java:574) [hadoop-common-3.3.1.jar:?]
	at org.apache.hadoop.ipc.ProtobufRpcEngine2$Server$ProtoBufRpcInvoker.call(ProtobufRpcEngine2.java:552) [hadoop-common-3.3.1.jar:?]
	at org.apache.hadoop.ipc.RPC$Server.call(RPC.java:1093) [hadoop-common-3.3.1.jar:?]
	at org.apache.hadoop.ipc.Server$RpcCall.run(Server.java:1035) [hadoop-common-3.3.1.jar:?]
	at org.apache.hadoop.ipc.Server$RpcCall.run(Server.java:963) [hadoop-common-3.3.1.jar:?]
	at java.security.AccessController.doPrivileged(Native Method) ~[?:1.8.0_332]
	at javax.security.auth.Subject.doAs(Subject.java:422) [?:1.8.0_332]
	at org.apache.hadoop.security.UserGroupInformation.doAs(UserGroupInformation.java:1878) [hadoop-common-3.3.1.jar:?]
	at org.apache.hadoop.ipc.Server$Handler.run(Server.java:2966) [hadoop-common-3.3.1.jar:?]
16:19:31.968 [IPC Server handler 7 on default port 34065] ERROR OMAudit - user=runner | ip=127.0.0.1 | op=GET_FILE_STATUS {volume=c07d7b80-23e2-4953-aaf3-f134fa75d9a7, bucket=b5df2ab2-d1ab-4a51-bb39-2e8bffea7ca0, key=.Trash, dataSize=0, replicationConfig=null} | ret=FAILURE
org.apache.hadoop.ozone.om.exceptions.OMException: Unable to get file status: volume: c07d7b80-23e2-4953-aaf3-f134fa75d9a7 bucket: b5df2ab2-d1ab-4a51-bb39-2e8bffea7ca0 key: .Trash
	at org.apache.hadoop.ozone.om.KeyManagerImpl.getOzoneFileStatus(KeyManagerImpl.java:1283) ~[ozone-manager-1.3.0-SNAPSHOT.jar:?]
	at org.apache.hadoop.ozone.om.KeyManagerImpl.getFileStatus(KeyManagerImpl.java:1213) ~[ozone-manager-1.3.0-SNAPSHOT.jar:?]
	at org.apache.hadoop.ozone.om.OzoneManager.getFileStatus(OzoneManager.java:3419) ~[ozone-manager-1.3.0-SNAPSHOT.jar:?]
	at org.apache.hadoop.ozone.protocolPB.OzoneManagerRequestHandler.getOzoneFileStatus(OzoneManagerRequestHandler.java:871) ~[ozone-manager-1.3.0-SNAPSHOT.jar:?]
	at org.apache.hadoop.ozone.protocolPB.OzoneManagerRequestHandler.handleReadRequest(OzoneManagerRequestHandler.java:217) ~[ozone-manager-1.3.0-SNAPSHOT.jar:?]
	at org.apache.hadoop.ozone.protocolPB.OzoneManagerProtocolServerSideTranslatorPB.submitReadRequestToOM(OzoneManagerProtocolServerSideTranslatorPB.java:225) ~[ozone-manager-1.3.0-SNAPSHOT.jar:?]
	at org.apache.hadoop.ozone.protocolPB.OzoneManagerProtocolServerSideTranslatorPB.processRequest(OzoneManagerProtocolServerSideTranslatorPB.java:175) ~[ozone-manager-1.3.0-SNAPSHOT.jar:?]
	at org.apache.hadoop.hdds.server.OzoneProtocolMessageDispatcher.processRequest(OzoneProtocolMessageDispatcher.java:87) [hdds-server-framework-1.3.0-SNAPSHOT.jar:?]
	at org.apache.hadoop.ozone.protocolPB.OzoneManagerProtocolServerSideTranslatorPB.submitRequest(OzoneManagerProtocolServerSideTranslatorPB.java:147) [ozone-manager-1.3.0-SNAPSHOT.jar:?]
	at org.apache.hadoop.ozone.protocol.proto.OzoneManagerProtocolProtos$OzoneManagerService$2.callBlockingMethod(OzoneManagerProtocolProtos.java) [ozone-interface-client-1.3.0-SNAPSHOT.jar:?]
	at org.apache.hadoop.ipc.ProtobufRpcEngine$Server.processCall(ProtobufRpcEngine.java:466) [hadoop-common-3.3.1.jar:?]
	at org.apache.hadoop.ipc.ProtobufRpcEngine2$Server$ProtoBufRpcInvoker.call(ProtobufRpcEngine2.java:574) [hadoop-common-3.3.1.jar:?]
	at org.apache.hadoop.ipc.ProtobufRpcEngine2$Server$ProtoBufRpcInvoker.call(ProtobufRpcEngine2.java:552) [hadoop-common-3.3.1.jar:?]
	at org.apache.hadoop.ipc.RPC$Server.call(RPC.java:1093) [hadoop-common-3.3.1.jar:?]
	at org.apache.hadoop.ipc.Server$RpcCall.run(Server.java:1035) [hadoop-common-3.3.1.jar:?]
	at org.apache.hadoop.ipc.Server$RpcCall.run(Server.java:963) [hadoop-common-3.3.1.jar:?]
	at java.security.AccessController.doPrivileged(Native Method) ~[?:1.8.0_332]
	at javax.security.auth.Subject.doAs(Subject.java:422) [?:1.8.0_332]
	at org.apache.hadoop.security.UserGroupInformation.doAs(UserGroupInformation.java:1878) [hadoop-common-3.3.1.jar:?]
	at org.apache.hadoop.ipc.Server$Handler.run(Server.java:2966) [hadoop-common-3.3.1.jar:?]
]]></system-out>
  </testcase>
  <testcase name="testGetTrashRoots" classname="TestRootedOzoneFileSystem" time="0.766">
    <system-out><![CDATA[2022-06-16 16:20:43,783 [Time-limited test] INFO  rpc.RpcClient (RpcClient.java:createVolume(466)) - Creating Volume: volume12482, with user42299 as owner and space quota set to -1 bytes, counts quota set to -1
2022-06-16 16:20:43,784 [IPC Server handler 11 on default port 42069] INFO  volume.OMVolumeCreateRequest (OMVolumeCreateRequest.java:validateAndUpdateCache(195)) - created volume:volume12482 for user:user42299
2022-06-16 16:20:43,789 [Time-limited test] INFO  rpc.RpcClient (RpcClient.java:createBucket(666)) - Creating Bucket: volume12482/bucket26261, with the Bucket Layout LEGACY, runner as owner, Versioning false, Storage Type set to DISK and Encryption set to false 
2022-06-16 16:20:43,794 [IPC Server handler 17 on default port 42069] INFO  bucket.OMBucketCreateRequest (OMBucketCreateRequest.java:validateAndUpdateCache(260)) - created bucket: bucket26261 of layout LEGACY in volume: volume12482
16:20:43.797 [IPC Server handler 1 on default port 42069] ERROR OMAudit - user=runner | ip=127.0.0.1 | op=GET_FILE_STATUS {volume=volume12482, bucket=bucket26261, key=.Trash/runner, dataSize=0, replicationConfig=null} | ret=FAILURE
org.apache.hadoop.ozone.om.exceptions.OMException: Unable to get file status: volume: volume12482 bucket: bucket26261 key: .Trash/runner
	at org.apache.hadoop.ozone.om.KeyManagerImpl.getOzoneFileStatus(KeyManagerImpl.java:1283) ~[ozone-manager-1.3.0-SNAPSHOT.jar:?]
	at org.apache.hadoop.ozone.om.KeyManagerImpl.getFileStatus(KeyManagerImpl.java:1213) ~[ozone-manager-1.3.0-SNAPSHOT.jar:?]
	at org.apache.hadoop.ozone.om.OzoneManager.getFileStatus(OzoneManager.java:3419) ~[ozone-manager-1.3.0-SNAPSHOT.jar:?]
	at org.apache.hadoop.ozone.protocolPB.OzoneManagerRequestHandler.getOzoneFileStatus(OzoneManagerRequestHandler.java:871) ~[ozone-manager-1.3.0-SNAPSHOT.jar:?]
	at org.apache.hadoop.ozone.protocolPB.OzoneManagerRequestHandler.handleReadRequest(OzoneManagerRequestHandler.java:217) ~[ozone-manager-1.3.0-SNAPSHOT.jar:?]
	at org.apache.hadoop.ozone.protocolPB.OzoneManagerProtocolServerSideTranslatorPB.submitRequestDirectlyToOM(OzoneManagerProtocolServerSideTranslatorPB.java:284) ~[ozone-manager-1.3.0-SNAPSHOT.jar:?]
	at org.apache.hadoop.ozone.protocolPB.OzoneManagerProtocolServerSideTranslatorPB.processRequest(OzoneManagerProtocolServerSideTranslatorPB.java:207) ~[ozone-manager-1.3.0-SNAPSHOT.jar:?]
	at org.apache.hadoop.hdds.server.OzoneProtocolMessageDispatcher.processRequest(OzoneProtocolMessageDispatcher.java:87) [hdds-server-framework-1.3.0-SNAPSHOT.jar:?]
	at org.apache.hadoop.ozone.protocolPB.OzoneManagerProtocolServerSideTranslatorPB.submitRequest(OzoneManagerProtocolServerSideTranslatorPB.java:147) [ozone-manager-1.3.0-SNAPSHOT.jar:?]
	at org.apache.hadoop.ozone.protocol.proto.OzoneManagerProtocolProtos$OzoneManagerService$2.callBlockingMethod(OzoneManagerProtocolProtos.java) [ozone-interface-client-1.3.0-SNAPSHOT.jar:?]
	at org.apache.hadoop.ipc.ProtobufRpcEngine$Server.processCall(ProtobufRpcEngine.java:466) [hadoop-common-3.3.1.jar:?]
	at org.apache.hadoop.ipc.ProtobufRpcEngine2$Server$ProtoBufRpcInvoker.call(ProtobufRpcEngine2.java:574) [hadoop-common-3.3.1.jar:?]
	at org.apache.hadoop.ipc.ProtobufRpcEngine2$Server$ProtoBufRpcInvoker.call(ProtobufRpcEngine2.java:552) [hadoop-common-3.3.1.jar:?]
	at org.apache.hadoop.ipc.RPC$Server.call(RPC.java:1093) [hadoop-common-3.3.1.jar:?]
	at org.apache.hadoop.ipc.Server$RpcCall.run(Server.java:1035) [hadoop-common-3.3.1.jar:?]
	at org.apache.hadoop.ipc.Server$RpcCall.run(Server.java:963) [hadoop-common-3.3.1.jar:?]
	at java.security.AccessController.doPrivileged(Native Method) ~[?:1.8.0_332]
	at javax.security.auth.Subject.doAs(Subject.java:422) [?:1.8.0_332]
	at org.apache.hadoop.security.UserGroupInformation.doAs(UserGroupInformation.java:1878) [hadoop-common-3.3.1.jar:?]
	at org.apache.hadoop.ipc.Server$Handler.run(Server.java:2966) [hadoop-common-3.3.1.jar:?]
16:20:43.800 [IPC Server handler 8 on default port 42069] ERROR OMAudit - user=runner | ip=127.0.0.1 | op=GET_FILE_STATUS {volume=67a99418-9294-4e86-bd61-d58b84a7472c, bucket=8c9344ed-4523-4c94-9a5a-477549999b03, key=.Trash, dataSize=0, replicationConfig=null} | ret=FAILURE
org.apache.hadoop.ozone.om.exceptions.OMException: Unable to get file status: volume: 67a99418-9294-4e86-bd61-d58b84a7472c bucket: 8c9344ed-4523-4c94-9a5a-477549999b03 key: .Trash
	at org.apache.hadoop.ozone.om.KeyManagerImpl.getOzoneFileStatus(KeyManagerImpl.java:1283) ~[ozone-manager-1.3.0-SNAPSHOT.jar:?]
	at org.apache.hadoop.ozone.om.KeyManagerImpl.getFileStatus(KeyManagerImpl.java:1213) ~[ozone-manager-1.3.0-SNAPSHOT.jar:?]
	at org.apache.hadoop.ozone.om.OzoneManager.getFileStatus(OzoneManager.java:3419) ~[ozone-manager-1.3.0-SNAPSHOT.jar:?]
	at org.apache.hadoop.ozone.protocolPB.OzoneManagerRequestHandler.getOzoneFileStatus(OzoneManagerRequestHandler.java:871) ~[ozone-manager-1.3.0-SNAPSHOT.jar:?]
	at org.apache.hadoop.ozone.protocolPB.OzoneManagerRequestHandler.handleReadRequest(OzoneManagerRequestHandler.java:217) ~[ozone-manager-1.3.0-SNAPSHOT.jar:?]
	at org.apache.hadoop.ozone.protocolPB.OzoneManagerProtocolServerSideTranslatorPB.submitRequestDirectlyToOM(OzoneManagerProtocolServerSideTranslatorPB.java:284) ~[ozone-manager-1.3.0-SNAPSHOT.jar:?]
	at org.apache.hadoop.ozone.protocolPB.OzoneManagerProtocolServerSideTranslatorPB.processRequest(OzoneManagerProtocolServerSideTranslatorPB.java:207) ~[ozone-manager-1.3.0-SNAPSHOT.jar:?]
	at org.apache.hadoop.hdds.server.OzoneProtocolMessageDispatcher.processRequest(OzoneProtocolMessageDispatcher.java:87) [hdds-server-framework-1.3.0-SNAPSHOT.jar:?]
	at org.apache.hadoop.ozone.protocolPB.OzoneManagerProtocolServerSideTranslatorPB.submitRequest(OzoneManagerProtocolServerSideTranslatorPB.java:147) [ozone-manager-1.3.0-SNAPSHOT.jar:?]
	at org.apache.hadoop.ozone.protocol.proto.OzoneManagerProtocolProtos$OzoneManagerService$2.callBlockingMethod(OzoneManagerProtocolProtos.java) [ozone-interface-client-1.3.0-SNAPSHOT.jar:?]
	at org.apache.hadoop.ipc.ProtobufRpcEngine$Server.processCall(ProtobufRpcEngine.java:466) [hadoop-common-3.3.1.jar:?]
	at org.apache.hadoop.ipc.ProtobufRpcEngine2$Server$ProtoBufRpcInvoker.call(ProtobufRpcEngine2.java:574) [hadoop-common-3.3.1.jar:?]
	at org.apache.hadoop.ipc.ProtobufRpcEngine2$Server$ProtoBufRpcInvoker.call(ProtobufRpcEngine2.java:552) [hadoop-common-3.3.1.jar:?]
	at org.apache.hadoop.ipc.RPC$Server.call(RPC.java:1093) [hadoop-common-3.3.1.jar:?]
	at org.apache.hadoop.ipc.Server$RpcCall.run(Server.java:1035) [hadoop-common-3.3.1.jar:?]
	at org.apache.hadoop.ipc.Server$RpcCall.run(Server.java:963) [hadoop-common-3.3.1.jar:?]
	at java.security.AccessController.doPrivileged(Native Method) ~[?:1.8.0_332]
	at javax.security.auth.Subject.doAs(Subject.java:422) [?:1.8.0_332]
	at org.apache.hadoop.security.UserGroupInformation.doAs(UserGroupInformation.java:1878) [hadoop-common-3.3.1.jar:?]
	at org.apache.hadoop.ipc.Server$Handler.run(Server.java:2966) [hadoop-common-3.3.1.jar:?]
16:20:43.801 [IPC Server handler 13 on default port 42069] ERROR OMAudit - user=runner | ip=127.0.0.1 | op=GET_FILE_STATUS {volume=volume12482, bucket=bucket26261, key=.Trash, dataSize=0, replicationConfig=null} | ret=FAILURE
org.apache.hadoop.ozone.om.exceptions.OMException: Unable to get file status: volume: volume12482 bucket: bucket26261 key: .Trash
	at org.apache.hadoop.ozone.om.KeyManagerImpl.getOzoneFileStatus(KeyManagerImpl.java:1283) ~[ozone-manager-1.3.0-SNAPSHOT.jar:?]
	at org.apache.hadoop.ozone.om.KeyManagerImpl.getFileStatus(KeyManagerImpl.java:1213) ~[ozone-manager-1.3.0-SNAPSHOT.jar:?]
	at org.apache.hadoop.ozone.om.OzoneManager.getFileStatus(OzoneManager.java:3419) ~[ozone-manager-1.3.0-SNAPSHOT.jar:?]
	at org.apache.hadoop.ozone.protocolPB.OzoneManagerRequestHandler.getOzoneFileStatus(OzoneManagerRequestHandler.java:871) ~[ozone-manager-1.3.0-SNAPSHOT.jar:?]
	at org.apache.hadoop.ozone.protocolPB.OzoneManagerRequestHandler.handleReadRequest(OzoneManagerRequestHandler.java:217) ~[ozone-manager-1.3.0-SNAPSHOT.jar:?]
	at org.apache.hadoop.ozone.protocolPB.OzoneManagerProtocolServerSideTranslatorPB.submitRequestDirectlyToOM(OzoneManagerProtocolServerSideTranslatorPB.java:284) ~[ozone-manager-1.3.0-SNAPSHOT.jar:?]
	at org.apache.hadoop.ozone.protocolPB.OzoneManagerProtocolServerSideTranslatorPB.processRequest(OzoneManagerProtocolServerSideTranslatorPB.java:207) ~[ozone-manager-1.3.0-SNAPSHOT.jar:?]
	at org.apache.hadoop.hdds.server.OzoneProtocolMessageDispatcher.processRequest(OzoneProtocolMessageDispatcher.java:87) [hdds-server-framework-1.3.0-SNAPSHOT.jar:?]
	at org.apache.hadoop.ozone.protocolPB.OzoneManagerProtocolServerSideTranslatorPB.submitRequest(OzoneManagerProtocolServerSideTranslatorPB.java:147) [ozone-manager-1.3.0-SNAPSHOT.jar:?]
	at org.apache.hadoop.ozone.protocol.proto.OzoneManagerProtocolProtos$OzoneManagerService$2.callBlockingMethod(OzoneManagerProtocolProtos.java) [ozone-interface-client-1.3.0-SNAPSHOT.jar:?]
	at org.apache.hadoop.ipc.ProtobufRpcEngine$Server.processCall(ProtobufRpcEngine.java:466) [hadoop-common-3.3.1.jar:?]
	at org.apache.hadoop.ipc.ProtobufRpcEngine2$Server$ProtoBufRpcInvoker.call(ProtobufRpcEngine2.java:574) [hadoop-common-3.3.1.jar:?]
	at org.apache.hadoop.ipc.ProtobufRpcEngine2$Server$ProtoBufRpcInvoker.call(ProtobufRpcEngine2.java:552) [hadoop-common-3.3.1.jar:?]
	at org.apache.hadoop.ipc.RPC$Server.call(RPC.java:1093) [hadoop-common-3.3.1.jar:?]
	at org.apache.hadoop.ipc.Server$RpcCall.run(Server.java:1035) [hadoop-common-3.3.1.jar:?]
	at org.apache.hadoop.ipc.Server$RpcCall.run(Server.java:963) [hadoop-common-3.3.1.jar:?]
	at java.security.AccessController.doPrivileged(Native Method) ~[?:1.8.0_332]
	at javax.security.auth.Subject.doAs(Subject.java:422) [?:1.8.0_332]
	at org.apache.hadoop.security.UserGroupInformation.doAs(UserGroupInformation.java:1878) [hadoop-common-3.3.1.jar:?]
	at org.apache.hadoop.ipc.Server$Handler.run(Server.java:2966) [hadoop-common-3.3.1.jar:?]
16:20:43.812 [IPC Server handler 11 on default port 42069] ERROR OMAudit - user=runner | ip=127.0.0.1 | op=GET_FILE_STATUS {volume=67a99418-9294-4e86-bd61-d58b84a7472c, bucket=8c9344ed-4523-4c94-9a5a-477549999b03, key=.Trash, dataSize=0, replicationConfig=null} | ret=FAILURE
org.apache.hadoop.ozone.om.exceptions.OMException: Unable to get file status: volume: 67a99418-9294-4e86-bd61-d58b84a7472c bucket: 8c9344ed-4523-4c94-9a5a-477549999b03 key: .Trash
	at org.apache.hadoop.ozone.om.KeyManagerImpl.getOzoneFileStatus(KeyManagerImpl.java:1283) ~[ozone-manager-1.3.0-SNAPSHOT.jar:?]
	at org.apache.hadoop.ozone.om.KeyManagerImpl.getFileStatus(KeyManagerImpl.java:1213) ~[ozone-manager-1.3.0-SNAPSHOT.jar:?]
	at org.apache.hadoop.ozone.om.OzoneManager.getFileStatus(OzoneManager.java:3419) ~[ozone-manager-1.3.0-SNAPSHOT.jar:?]
	at org.apache.hadoop.ozone.protocolPB.OzoneManagerRequestHandler.getOzoneFileStatus(OzoneManagerRequestHandler.java:871) ~[ozone-manager-1.3.0-SNAPSHOT.jar:?]
	at org.apache.hadoop.ozone.protocolPB.OzoneManagerRequestHandler.handleReadRequest(OzoneManagerRequestHandler.java:217) ~[ozone-manager-1.3.0-SNAPSHOT.jar:?]
	at org.apache.hadoop.ozone.protocolPB.OzoneManagerProtocolServerSideTranslatorPB.submitRequestDirectlyToOM(OzoneManagerProtocolServerSideTranslatorPB.java:284) ~[ozone-manager-1.3.0-SNAPSHOT.jar:?]
	at org.apache.hadoop.ozone.protocolPB.OzoneManagerProtocolServerSideTranslatorPB.processRequest(OzoneManagerProtocolServerSideTranslatorPB.java:207) ~[ozone-manager-1.3.0-SNAPSHOT.jar:?]
	at org.apache.hadoop.hdds.server.OzoneProtocolMessageDispatcher.processRequest(OzoneProtocolMessageDispatcher.java:87) [hdds-server-framework-1.3.0-SNAPSHOT.jar:?]
	at org.apache.hadoop.ozone.protocolPB.OzoneManagerProtocolServerSideTranslatorPB.submitRequest(OzoneManagerProtocolServerSideTranslatorPB.java:147) [ozone-manager-1.3.0-SNAPSHOT.jar:?]
	at org.apache.hadoop.ozone.protocol.proto.OzoneManagerProtocolProtos$OzoneManagerService$2.callBlockingMethod(OzoneManagerProtocolProtos.java) [ozone-interface-client-1.3.0-SNAPSHOT.jar:?]
	at org.apache.hadoop.ipc.ProtobufRpcEngine$Server.processCall(ProtobufRpcEngine.java:466) [hadoop-common-3.3.1.jar:?]
	at org.apache.hadoop.ipc.ProtobufRpcEngine2$Server$ProtoBufRpcInvoker.call(ProtobufRpcEngine2.java:574) [hadoop-common-3.3.1.jar:?]
	at org.apache.hadoop.ipc.ProtobufRpcEngine2$Server$ProtoBufRpcInvoker.call(ProtobufRpcEngine2.java:552) [hadoop-common-3.3.1.jar:?]
	at org.apache.hadoop.ipc.RPC$Server.call(RPC.java:1093) [hadoop-common-3.3.1.jar:?]
	at org.apache.hadoop.ipc.Server$RpcCall.run(Server.java:1035) [hadoop-common-3.3.1.jar:?]
	at org.apache.hadoop.ipc.Server$RpcCall.run(Server.java:963) [hadoop-common-3.3.1.jar:?]
	at java.security.AccessController.doPrivileged(Native Method) ~[?:1.8.0_332]
	at javax.security.auth.Subject.doAs(Subject.java:422) [?:1.8.0_332]
	at org.apache.hadoop.security.UserGroupInformation.doAs(UserGroupInformation.java:1878) [hadoop-common-3.3.1.jar:?]
	at org.apache.hadoop.ipc.Server$Handler.run(Server.java:2966) [hadoop-common-3.3.1.jar:?]
16:20:43.820 [IPC Server handler 0 on default port 42069] ERROR OMAudit - user=runner | ip=127.0.0.1 | op=GET_FILE_STATUS {volume=67a99418-9294-4e86-bd61-d58b84a7472c, bucket=8c9344ed-4523-4c94-9a5a-477549999b03, key=.Trash, dataSize=0, replicationConfig=null} | ret=FAILURE
org.apache.hadoop.ozone.om.exceptions.OMException: Unable to get file status: volume: 67a99418-9294-4e86-bd61-d58b84a7472c bucket: 8c9344ed-4523-4c94-9a5a-477549999b03 key: .Trash
	at org.apache.hadoop.ozone.om.KeyManagerImpl.getOzoneFileStatus(KeyManagerImpl.java:1283) ~[ozone-manager-1.3.0-SNAPSHOT.jar:?]
	at org.apache.hadoop.ozone.om.KeyManagerImpl.getFileStatus(KeyManagerImpl.java:1213) ~[ozone-manager-1.3.0-SNAPSHOT.jar:?]
	at org.apache.hadoop.ozone.om.OzoneManager.getFileStatus(OzoneManager.java:3419) ~[ozone-manager-1.3.0-SNAPSHOT.jar:?]
	at org.apache.hadoop.ozone.protocolPB.OzoneManagerRequestHandler.getOzoneFileStatus(OzoneManagerRequestHandler.java:871) ~[ozone-manager-1.3.0-SNAPSHOT.jar:?]
	at org.apache.hadoop.ozone.protocolPB.OzoneManagerRequestHandler.handleReadRequest(OzoneManagerRequestHandler.java:217) ~[ozone-manager-1.3.0-SNAPSHOT.jar:?]
	at org.apache.hadoop.ozone.protocolPB.OzoneManagerProtocolServerSideTranslatorPB.submitRequestDirectlyToOM(OzoneManagerProtocolServerSideTranslatorPB.java:284) ~[ozone-manager-1.3.0-SNAPSHOT.jar:?]
	at org.apache.hadoop.ozone.protocolPB.OzoneManagerProtocolServerSideTranslatorPB.processRequest(OzoneManagerProtocolServerSideTranslatorPB.java:207) ~[ozone-manager-1.3.0-SNAPSHOT.jar:?]
	at org.apache.hadoop.hdds.server.OzoneProtocolMessageDispatcher.processRequest(OzoneProtocolMessageDispatcher.java:87) [hdds-server-framework-1.3.0-SNAPSHOT.jar:?]
	at org.apache.hadoop.ozone.protocolPB.OzoneManagerProtocolServerSideTranslatorPB.submitRequest(OzoneManagerProtocolServerSideTranslatorPB.java:147) [ozone-manager-1.3.0-SNAPSHOT.jar:?]
	at org.apache.hadoop.ozone.protocol.proto.OzoneManagerProtocolProtos$OzoneManagerService$2.callBlockingMethod(OzoneManagerProtocolProtos.java) [ozone-interface-client-1.3.0-SNAPSHOT.jar:?]
	at org.apache.hadoop.ipc.ProtobufRpcEngine$Server.processCall(ProtobufRpcEngine.java:466) [hadoop-common-3.3.1.jar:?]
	at org.apache.hadoop.ipc.ProtobufRpcEngine2$Server$ProtoBufRpcInvoker.call(ProtobufRpcEngine2.java:574) [hadoop-common-3.3.1.jar:?]
	at org.apache.hadoop.ipc.ProtobufRpcEngine2$Server$ProtoBufRpcInvoker.call(ProtobufRpcEngine2.java:552) [hadoop-common-3.3.1.jar:?]
	at org.apache.hadoop.ipc.RPC$Server.call(RPC.java:1093) [hadoop-common-3.3.1.jar:?]
	at org.apache.hadoop.ipc.Server$RpcCall.run(Server.java:1035) [hadoop-common-3.3.1.jar:?]
	at org.apache.hadoop.ipc.Server$RpcCall.run(Server.java:963) [hadoop-common-3.3.1.jar:?]
	at java.security.AccessController.doPrivileged(Native Method) ~[?:1.8.0_332]
	at javax.security.auth.Subject.doAs(Subject.java:422) [?:1.8.0_332]
	at org.apache.hadoop.security.UserGroupInformation.doAs(UserGroupInformation.java:1878) [hadoop-common-3.3.1.jar:?]
	at org.apache.hadoop.ipc.Server$Handler.run(Server.java:2966) [hadoop-common-3.3.1.jar:?]
2022-06-16 16:20:43,824 [Time-limited test] INFO  rpc.RpcClient (RpcClient.java:createBucket(666)) - Creating Bucket: volume12482/trashroottest2, with the Bucket Layout LEGACY, runner as owner, Versioning false, Storage Type set to DISK and Encryption set to false 
2022-06-16 16:20:43,858 [IPC Server handler 17 on default port 42069] INFO  bucket.OMBucketCreateRequest (OMBucketCreateRequest.java:validateAndUpdateCache(260)) - created bucket: trashroottest2 of layout LEGACY in volume: volume12482
16:20:44.070 [IPC Server handler 16 on default port 42069] ERROR OMAudit - user=runner | ip=127.0.0.1 | op=GET_FILE_STATUS {volume=67a99418-9294-4e86-bd61-d58b84a7472c, bucket=8c9344ed-4523-4c94-9a5a-477549999b03, key=.Trash, dataSize=0, replicationConfig=null} | ret=FAILURE
org.apache.hadoop.ozone.om.exceptions.OMException: Unable to get file status: volume: 67a99418-9294-4e86-bd61-d58b84a7472c bucket: 8c9344ed-4523-4c94-9a5a-477549999b03 key: .Trash
	at org.apache.hadoop.ozone.om.KeyManagerImpl.getOzoneFileStatus(KeyManagerImpl.java:1283) ~[ozone-manager-1.3.0-SNAPSHOT.jar:?]
	at org.apache.hadoop.ozone.om.KeyManagerImpl.getFileStatus(KeyManagerImpl.java:1213) ~[ozone-manager-1.3.0-SNAPSHOT.jar:?]
	at org.apache.hadoop.ozone.om.OzoneManager.getFileStatus(OzoneManager.java:3419) ~[ozone-manager-1.3.0-SNAPSHOT.jar:?]
	at org.apache.hadoop.ozone.protocolPB.OzoneManagerRequestHandler.getOzoneFileStatus(OzoneManagerRequestHandler.java:871) ~[ozone-manager-1.3.0-SNAPSHOT.jar:?]
	at org.apache.hadoop.ozone.protocolPB.OzoneManagerRequestHandler.handleReadRequest(OzoneManagerRequestHandler.java:217) ~[ozone-manager-1.3.0-SNAPSHOT.jar:?]
	at org.apache.hadoop.ozone.protocolPB.OzoneManagerProtocolServerSideTranslatorPB.submitRequestDirectlyToOM(OzoneManagerProtocolServerSideTranslatorPB.java:284) ~[ozone-manager-1.3.0-SNAPSHOT.jar:?]
	at org.apache.hadoop.ozone.protocolPB.OzoneManagerProtocolServerSideTranslatorPB.processRequest(OzoneManagerProtocolServerSideTranslatorPB.java:207) ~[ozone-manager-1.3.0-SNAPSHOT.jar:?]
	at org.apache.hadoop.hdds.server.OzoneProtocolMessageDispatcher.processRequest(OzoneProtocolMessageDispatcher.java:87) [hdds-server-framework-1.3.0-SNAPSHOT.jar:?]
	at org.apache.hadoop.ozone.protocolPB.OzoneManagerProtocolServerSideTranslatorPB.submitRequest(OzoneManagerProtocolServerSideTranslatorPB.java:147) [ozone-manager-1.3.0-SNAPSHOT.jar:?]
	at org.apache.hadoop.ozone.protocol.proto.OzoneManagerProtocolProtos$OzoneManagerService$2.callBlockingMethod(OzoneManagerProtocolProtos.java) [ozone-interface-client-1.3.0-SNAPSHOT.jar:?]
	at org.apache.hadoop.ipc.ProtobufRpcEngine$Server.processCall(ProtobufRpcEngine.java:466) [hadoop-common-3.3.1.jar:?]
	at org.apache.hadoop.ipc.ProtobufRpcEngine2$Server$ProtoBufRpcInvoker.call(ProtobufRpcEngine2.java:574) [hadoop-common-3.3.1.jar:?]
	at org.apache.hadoop.ipc.ProtobufRpcEngine2$Server$ProtoBufRpcInvoker.call(ProtobufRpcEngine2.java:552) [hadoop-common-3.3.1.jar:?]
	at org.apache.hadoop.ipc.RPC$Server.call(RPC.java:1093) [hadoop-common-3.3.1.jar:?]
	at org.apache.hadoop.ipc.Server$RpcCall.run(Server.java:1035) [hadoop-common-3.3.1.jar:?]
	at org.apache.hadoop.ipc.Server$RpcCall.run(Server.java:963) [hadoop-common-3.3.1.jar:?]
	at java.security.AccessController.doPrivileged(Native Method) ~[?:1.8.0_332]
	at javax.security.auth.Subject.doAs(Subject.java:422) [?:1.8.0_332]
	at org.apache.hadoop.security.UserGroupInformation.doAs(UserGroupInformation.java:1878) [hadoop-common-3.3.1.jar:?]
	at org.apache.hadoop.ipc.Server$Handler.run(Server.java:2966) [hadoop-common-3.3.1.jar:?]
16:20:44.092 [IPC Server handler 4 on default port 42069] ERROR OMAudit - user=runner | ip=127.0.0.1 | op=GET_FILE_STATUS {volume=67a99418-9294-4e86-bd61-d58b84a7472c, bucket=8c9344ed-4523-4c94-9a5a-477549999b03, key=.Trash, dataSize=0, replicationConfig=null} | ret=FAILURE
org.apache.hadoop.ozone.om.exceptions.OMException: Unable to get file status: volume: 67a99418-9294-4e86-bd61-d58b84a7472c bucket: 8c9344ed-4523-4c94-9a5a-477549999b03 key: .Trash
	at org.apache.hadoop.ozone.om.KeyManagerImpl.getOzoneFileStatus(KeyManagerImpl.java:1283) ~[ozone-manager-1.3.0-SNAPSHOT.jar:?]
	at org.apache.hadoop.ozone.om.KeyManagerImpl.getFileStatus(KeyManagerImpl.java:1213) ~[ozone-manager-1.3.0-SNAPSHOT.jar:?]
	at org.apache.hadoop.ozone.om.OzoneManager.getFileStatus(OzoneManager.java:3419) ~[ozone-manager-1.3.0-SNAPSHOT.jar:?]
	at org.apache.hadoop.ozone.protocolPB.OzoneManagerRequestHandler.getOzoneFileStatus(OzoneManagerRequestHandler.java:871) ~[ozone-manager-1.3.0-SNAPSHOT.jar:?]
	at org.apache.hadoop.ozone.protocolPB.OzoneManagerRequestHandler.handleReadRequest(OzoneManagerRequestHandler.java:217) ~[ozone-manager-1.3.0-SNAPSHOT.jar:?]
	at org.apache.hadoop.ozone.protocolPB.OzoneManagerProtocolServerSideTranslatorPB.submitRequestDirectlyToOM(OzoneManagerProtocolServerSideTranslatorPB.java:284) ~[ozone-manager-1.3.0-SNAPSHOT.jar:?]
	at org.apache.hadoop.ozone.protocolPB.OzoneManagerProtocolServerSideTranslatorPB.processRequest(OzoneManagerProtocolServerSideTranslatorPB.java:207) ~[ozone-manager-1.3.0-SNAPSHOT.jar:?]
	at org.apache.hadoop.hdds.server.OzoneProtocolMessageDispatcher.processRequest(OzoneProtocolMessageDispatcher.java:87) [hdds-server-framework-1.3.0-SNAPSHOT.jar:?]
	at org.apache.hadoop.ozone.protocolPB.OzoneManagerProtocolServerSideTranslatorPB.submitRequest(OzoneManagerProtocolServerSideTranslatorPB.java:147) [ozone-manager-1.3.0-SNAPSHOT.jar:?]
	at org.apache.hadoop.ozone.protocol.proto.OzoneManagerProtocolProtos$OzoneManagerService$2.callBlockingMethod(OzoneManagerProtocolProtos.java) [ozone-interface-client-1.3.0-SNAPSHOT.jar:?]
	at org.apache.hadoop.ipc.ProtobufRpcEngine$Server.processCall(ProtobufRpcEngine.java:466) [hadoop-common-3.3.1.jar:?]
	at org.apache.hadoop.ipc.ProtobufRpcEngine2$Server$ProtoBufRpcInvoker.call(ProtobufRpcEngine2.java:574) [hadoop-common-3.3.1.jar:?]
	at org.apache.hadoop.ipc.ProtobufRpcEngine2$Server$ProtoBufRpcInvoker.call(ProtobufRpcEngine2.java:552) [hadoop-common-3.3.1.jar:?]
	at org.apache.hadoop.ipc.RPC$Server.call(RPC.java:1093) [hadoop-common-3.3.1.jar:?]
	at org.apache.hadoop.ipc.Server$RpcCall.run(Server.java:1035) [hadoop-common-3.3.1.jar:?]
	at org.apache.hadoop.ipc.Server$RpcCall.run(Server.java:963) [hadoop-common-3.3.1.jar:?]
	at java.security.AccessController.doPrivileged(Native Method) ~[?:1.8.0_332]
	at javax.security.auth.Subject.doAs(Subject.java:422) [?:1.8.0_332]
	at org.apache.hadoop.security.UserGroupInformation.doAs(UserGroupInformation.java:1878) [hadoop-common-3.3.1.jar:?]
	at org.apache.hadoop.ipc.Server$Handler.run(Server.java:2966) [hadoop-common-3.3.1.jar:?]
2022-06-16 16:20:44,215 [Time-limited test] INFO  rpc.RpcClient (RpcClient.java:createVolume(466)) - Creating Volume: volume01216, with user02346 as owner and space quota set to -1 bytes, counts quota set to -1
2022-06-16 16:20:44,216 [IPC Server handler 5 on default port 42069] INFO  volume.OMVolumeCreateRequest (OMVolumeCreateRequest.java:validateAndUpdateCache(195)) - created volume:volume01216 for user:user02346
2022-06-16 16:20:44,225 [Time-limited test] INFO  rpc.RpcClient (RpcClient.java:createBucket(666)) - Creating Bucket: volume01216/bucket79517, with the Bucket Layout LEGACY, runner as owner, Versioning false, Storage Type set to DISK and Encryption set to false 
2022-06-16 16:20:44,226 [IPC Server handler 7 on default port 42069] INFO  bucket.OMBucketCreateRequest (OMBucketCreateRequest.java:validateAndUpdateCache(260)) - created bucket: bucket79517 of layout LEGACY in volume: volume01216
16:20:44.296 [IPC Server handler 1 on default port 42069] ERROR OMAudit - user=runner | ip=127.0.0.1 | op=GET_FILE_STATUS {volume=67a99418-9294-4e86-bd61-d58b84a7472c, bucket=8c9344ed-4523-4c94-9a5a-477549999b03, key=.Trash, dataSize=0, replicationConfig=null} | ret=FAILURE
org.apache.hadoop.ozone.om.exceptions.OMException: Unable to get file status: volume: 67a99418-9294-4e86-bd61-d58b84a7472c bucket: 8c9344ed-4523-4c94-9a5a-477549999b03 key: .Trash
	at org.apache.hadoop.ozone.om.KeyManagerImpl.getOzoneFileStatus(KeyManagerImpl.java:1283) ~[ozone-manager-1.3.0-SNAPSHOT.jar:?]
	at org.apache.hadoop.ozone.om.KeyManagerImpl.getFileStatus(KeyManagerImpl.java:1213) ~[ozone-manager-1.3.0-SNAPSHOT.jar:?]
	at org.apache.hadoop.ozone.om.OzoneManager.getFileStatus(OzoneManager.java:3419) ~[ozone-manager-1.3.0-SNAPSHOT.jar:?]
	at org.apache.hadoop.ozone.protocolPB.OzoneManagerRequestHandler.getOzoneFileStatus(OzoneManagerRequestHandler.java:871) ~[ozone-manager-1.3.0-SNAPSHOT.jar:?]
	at org.apache.hadoop.ozone.protocolPB.OzoneManagerRequestHandler.handleReadRequest(OzoneManagerRequestHandler.java:217) ~[ozone-manager-1.3.0-SNAPSHOT.jar:?]
	at org.apache.hadoop.ozone.protocolPB.OzoneManagerProtocolServerSideTranslatorPB.submitRequestDirectlyToOM(OzoneManagerProtocolServerSideTranslatorPB.java:284) ~[ozone-manager-1.3.0-SNAPSHOT.jar:?]
	at org.apache.hadoop.ozone.protocolPB.OzoneManagerProtocolServerSideTranslatorPB.processRequest(OzoneManagerProtocolServerSideTranslatorPB.java:207) ~[ozone-manager-1.3.0-SNAPSHOT.jar:?]
	at org.apache.hadoop.hdds.server.OzoneProtocolMessageDispatcher.processRequest(OzoneProtocolMessageDispatcher.java:87) [hdds-server-framework-1.3.0-SNAPSHOT.jar:?]
	at org.apache.hadoop.ozone.protocolPB.OzoneManagerProtocolServerSideTranslatorPB.submitRequest(OzoneManagerProtocolServerSideTranslatorPB.java:147) [ozone-manager-1.3.0-SNAPSHOT.jar:?]
	at org.apache.hadoop.ozone.protocol.proto.OzoneManagerProtocolProtos$OzoneManagerService$2.callBlockingMethod(OzoneManagerProtocolProtos.java) [ozone-interface-client-1.3.0-SNAPSHOT.jar:?]
	at org.apache.hadoop.ipc.ProtobufRpcEngine$Server.processCall(ProtobufRpcEngine.java:466) [hadoop-common-3.3.1.jar:?]
	at org.apache.hadoop.ipc.ProtobufRpcEngine2$Server$ProtoBufRpcInvoker.call(ProtobufRpcEngine2.java:574) [hadoop-common-3.3.1.jar:?]
	at org.apache.hadoop.ipc.ProtobufRpcEngine2$Server$ProtoBufRpcInvoker.call(ProtobufRpcEngine2.java:552) [hadoop-common-3.3.1.jar:?]
	at org.apache.hadoop.ipc.RPC$Server.call(RPC.java:1093) [hadoop-common-3.3.1.jar:?]
	at org.apache.hadoop.ipc.Server$RpcCall.run(Server.java:1035) [hadoop-common-3.3.1.jar:?]
	at org.apache.hadoop.ipc.Server$RpcCall.run(Server.java:963) [hadoop-common-3.3.1.jar:?]
	at java.security.AccessController.doPrivileged(Native Method) ~[?:1.8.0_332]
	at javax.security.auth.Subject.doAs(Subject.java:422) [?:1.8.0_332]
	at org.apache.hadoop.security.UserGroupInformation.doAs(UserGroupInformation.java:1878) [hadoop-common-3.3.1.jar:?]
	at org.apache.hadoop.ipc.Server$Handler.run(Server.java:2966) [hadoop-common-3.3.1.jar:?]
16:20:44.323 [IPC Server handler 19 on default port 42069] ERROR OMAudit - user=runner | ip=127.0.0.1 | op=GET_FILE_STATUS {volume=67a99418-9294-4e86-bd61-d58b84a7472c, bucket=8c9344ed-4523-4c94-9a5a-477549999b03, key=.Trash, dataSize=0, replicationConfig=null} | ret=FAILURE
org.apache.hadoop.ozone.om.exceptions.OMException: Unable to get file status: volume: 67a99418-9294-4e86-bd61-d58b84a7472c bucket: 8c9344ed-4523-4c94-9a5a-477549999b03 key: .Trash
	at org.apache.hadoop.ozone.om.KeyManagerImpl.getOzoneFileStatus(KeyManagerImpl.java:1283) ~[ozone-manager-1.3.0-SNAPSHOT.jar:?]
	at org.apache.hadoop.ozone.om.KeyManagerImpl.getFileStatus(KeyManagerImpl.java:1213) ~[ozone-manager-1.3.0-SNAPSHOT.jar:?]
	at org.apache.hadoop.ozone.om.OzoneManager.getFileStatus(OzoneManager.java:3419) ~[ozone-manager-1.3.0-SNAPSHOT.jar:?]
	at org.apache.hadoop.ozone.protocolPB.OzoneManagerRequestHandler.getOzoneFileStatus(OzoneManagerRequestHandler.java:871) ~[ozone-manager-1.3.0-SNAPSHOT.jar:?]
	at org.apache.hadoop.ozone.protocolPB.OzoneManagerRequestHandler.handleReadRequest(OzoneManagerRequestHandler.java:217) ~[ozone-manager-1.3.0-SNAPSHOT.jar:?]
	at org.apache.hadoop.ozone.protocolPB.OzoneManagerProtocolServerSideTranslatorPB.submitRequestDirectlyToOM(OzoneManagerProtocolServerSideTranslatorPB.java:284) ~[ozone-manager-1.3.0-SNAPSHOT.jar:?]
	at org.apache.hadoop.ozone.protocolPB.OzoneManagerProtocolServerSideTranslatorPB.processRequest(OzoneManagerProtocolServerSideTranslatorPB.java:207) ~[ozone-manager-1.3.0-SNAPSHOT.jar:?]
	at org.apache.hadoop.hdds.server.OzoneProtocolMessageDispatcher.processRequest(OzoneProtocolMessageDispatcher.java:87) [hdds-server-framework-1.3.0-SNAPSHOT.jar:?]
	at org.apache.hadoop.ozone.protocolPB.OzoneManagerProtocolServerSideTranslatorPB.submitRequest(OzoneManagerProtocolServerSideTranslatorPB.java:147) [ozone-manager-1.3.0-SNAPSHOT.jar:?]
	at org.apache.hadoop.ozone.protocol.proto.OzoneManagerProtocolProtos$OzoneManagerService$2.callBlockingMethod(OzoneManagerProtocolProtos.java) [ozone-interface-client-1.3.0-SNAPSHOT.jar:?]
	at org.apache.hadoop.ipc.ProtobufRpcEngine$Server.processCall(ProtobufRpcEngine.java:466) [hadoop-common-3.3.1.jar:?]
	at org.apache.hadoop.ipc.ProtobufRpcEngine2$Server$ProtoBufRpcInvoker.call(ProtobufRpcEngine2.java:574) [hadoop-common-3.3.1.jar:?]
	at org.apache.hadoop.ipc.ProtobufRpcEngine2$Server$ProtoBufRpcInvoker.call(ProtobufRpcEngine2.java:552) [hadoop-common-3.3.1.jar:?]
	at org.apache.hadoop.ipc.RPC$Server.call(RPC.java:1093) [hadoop-common-3.3.1.jar:?]
	at org.apache.hadoop.ipc.Server$RpcCall.run(Server.java:1035) [hadoop-common-3.3.1.jar:?]
	at org.apache.hadoop.ipc.Server$RpcCall.run(Server.java:963) [hadoop-common-3.3.1.jar:?]
	at java.security.AccessController.doPrivileged(Native Method) ~[?:1.8.0_332]
	at javax.security.auth.Subject.doAs(Subject.java:422) [?:1.8.0_332]
	at org.apache.hadoop.security.UserGroupInformation.doAs(UserGroupInformation.java:1878) [hadoop-common-3.3.1.jar:?]
	at org.apache.hadoop.ipc.Server$Handler.run(Server.java:2966) [hadoop-common-3.3.1.jar:?]
16:20:44.347 [IPC Server handler 19 on default port 42069] ERROR OMAudit - user=runner | ip=127.0.0.1 | op=GET_FILE_STATUS {volume=volume01216, bucket=bucket79517, key=.Trash/runner, dataSize=0, replicationConfig=null} | ret=FAILURE
org.apache.hadoop.ozone.om.exceptions.OMException: Unable to get file status: volume: volume01216 bucket: bucket79517 key: .Trash/runner
	at org.apache.hadoop.ozone.om.KeyManagerImpl.getOzoneFileStatus(KeyManagerImpl.java:1283) ~[ozone-manager-1.3.0-SNAPSHOT.jar:?]
	at org.apache.hadoop.ozone.om.KeyManagerImpl.getFileStatus(KeyManagerImpl.java:1213) ~[ozone-manager-1.3.0-SNAPSHOT.jar:?]
	at org.apache.hadoop.ozone.om.OzoneManager.getFileStatus(OzoneManager.java:3419) ~[ozone-manager-1.3.0-SNAPSHOT.jar:?]
	at org.apache.hadoop.ozone.protocolPB.OzoneManagerRequestHandler.getOzoneFileStatus(OzoneManagerRequestHandler.java:871) ~[ozone-manager-1.3.0-SNAPSHOT.jar:?]
	at org.apache.hadoop.ozone.protocolPB.OzoneManagerRequestHandler.handleReadRequest(OzoneManagerRequestHandler.java:217) ~[ozone-manager-1.3.0-SNAPSHOT.jar:?]
	at org.apache.hadoop.ozone.protocolPB.OzoneManagerProtocolServerSideTranslatorPB.submitRequestDirectlyToOM(OzoneManagerProtocolServerSideTranslatorPB.java:284) ~[ozone-manager-1.3.0-SNAPSHOT.jar:?]
	at org.apache.hadoop.ozone.protocolPB.OzoneManagerProtocolServerSideTranslatorPB.processRequest(OzoneManagerProtocolServerSideTranslatorPB.java:207) ~[ozone-manager-1.3.0-SNAPSHOT.jar:?]
	at org.apache.hadoop.hdds.server.OzoneProtocolMessageDispatcher.processRequest(OzoneProtocolMessageDispatcher.java:87) [hdds-server-framework-1.3.0-SNAPSHOT.jar:?]
	at org.apache.hadoop.ozone.protocolPB.OzoneManagerProtocolServerSideTranslatorPB.submitRequest(OzoneManagerProtocolServerSideTranslatorPB.java:147) [ozone-manager-1.3.0-SNAPSHOT.jar:?]
	at org.apache.hadoop.ozone.protocol.proto.OzoneManagerProtocolProtos$OzoneManagerService$2.callBlockingMethod(OzoneManagerProtocolProtos.java) [ozone-interface-client-1.3.0-SNAPSHOT.jar:?]
	at org.apache.hadoop.ipc.ProtobufRpcEngine$Server.processCall(ProtobufRpcEngine.java:466) [hadoop-common-3.3.1.jar:?]
	at org.apache.hadoop.ipc.ProtobufRpcEngine2$Server$ProtoBufRpcInvoker.call(ProtobufRpcEngine2.java:574) [hadoop-common-3.3.1.jar:?]
	at org.apache.hadoop.ipc.ProtobufRpcEngine2$Server$ProtoBufRpcInvoker.call(ProtobufRpcEngine2.java:552) [hadoop-common-3.3.1.jar:?]
	at org.apache.hadoop.ipc.RPC$Server.call(RPC.java:1093) [hadoop-common-3.3.1.jar:?]
	at org.apache.hadoop.ipc.Server$RpcCall.run(Server.java:1035) [hadoop-common-3.3.1.jar:?]
	at org.apache.hadoop.ipc.Server$RpcCall.run(Server.java:963) [hadoop-common-3.3.1.jar:?]
	at java.security.AccessController.doPrivileged(Native Method) ~[?:1.8.0_332]
	at javax.security.auth.Subject.doAs(Subject.java:422) [?:1.8.0_332]
	at org.apache.hadoop.security.UserGroupInformation.doAs(UserGroupInformation.java:1878) [hadoop-common-3.3.1.jar:?]
	at org.apache.hadoop.ipc.Server$Handler.run(Server.java:2966) [hadoop-common-3.3.1.jar:?]
16:20:44.350 [IPC Server handler 5 on default port 42069] ERROR OMAudit - user=runner | ip=127.0.0.1 | op=GET_FILE_STATUS {volume=67a99418-9294-4e86-bd61-d58b84a7472c, bucket=8c9344ed-4523-4c94-9a5a-477549999b03, key=.Trash, dataSize=0, replicationConfig=null} | ret=FAILURE
org.apache.hadoop.ozone.om.exceptions.OMException: Unable to get file status: volume: 67a99418-9294-4e86-bd61-d58b84a7472c bucket: 8c9344ed-4523-4c94-9a5a-477549999b03 key: .Trash
	at org.apache.hadoop.ozone.om.KeyManagerImpl.getOzoneFileStatus(KeyManagerImpl.java:1283) ~[ozone-manager-1.3.0-SNAPSHOT.jar:?]
	at org.apache.hadoop.ozone.om.KeyManagerImpl.getFileStatus(KeyManagerImpl.java:1213) ~[ozone-manager-1.3.0-SNAPSHOT.jar:?]
	at org.apache.hadoop.ozone.om.OzoneManager.getFileStatus(OzoneManager.java:3419) ~[ozone-manager-1.3.0-SNAPSHOT.jar:?]
	at org.apache.hadoop.ozone.protocolPB.OzoneManagerRequestHandler.getOzoneFileStatus(OzoneManagerRequestHandler.java:871) ~[ozone-manager-1.3.0-SNAPSHOT.jar:?]
	at org.apache.hadoop.ozone.protocolPB.OzoneManagerRequestHandler.handleReadRequest(OzoneManagerRequestHandler.java:217) ~[ozone-manager-1.3.0-SNAPSHOT.jar:?]
	at org.apache.hadoop.ozone.protocolPB.OzoneManagerProtocolServerSideTranslatorPB.submitRequestDirectlyToOM(OzoneManagerProtocolServerSideTranslatorPB.java:284) ~[ozone-manager-1.3.0-SNAPSHOT.jar:?]
	at org.apache.hadoop.ozone.protocolPB.OzoneManagerProtocolServerSideTranslatorPB.processRequest(OzoneManagerProtocolServerSideTranslatorPB.java:207) ~[ozone-manager-1.3.0-SNAPSHOT.jar:?]
	at org.apache.hadoop.hdds.server.OzoneProtocolMessageDispatcher.processRequest(OzoneProtocolMessageDispatcher.java:87) [hdds-server-framework-1.3.0-SNAPSHOT.jar:?]
	at org.apache.hadoop.ozone.protocolPB.OzoneManagerProtocolServerSideTranslatorPB.submitRequest(OzoneManagerProtocolServerSideTranslatorPB.java:147) [ozone-manager-1.3.0-SNAPSHOT.jar:?]
	at org.apache.hadoop.ozone.protocol.proto.OzoneManagerProtocolProtos$OzoneManagerService$2.callBlockingMethod(OzoneManagerProtocolProtos.java) [ozone-interface-client-1.3.0-SNAPSHOT.jar:?]
	at org.apache.hadoop.ipc.ProtobufRpcEngine$Server.processCall(ProtobufRpcEngine.java:466) [hadoop-common-3.3.1.jar:?]
	at org.apache.hadoop.ipc.ProtobufRpcEngine2$Server$ProtoBufRpcInvoker.call(ProtobufRpcEngine2.java:574) [hadoop-common-3.3.1.jar:?]
	at org.apache.hadoop.ipc.ProtobufRpcEngine2$Server$ProtoBufRpcInvoker.call(ProtobufRpcEngine2.java:552) [hadoop-common-3.3.1.jar:?]
	at org.apache.hadoop.ipc.RPC$Server.call(RPC.java:1093) [hadoop-common-3.3.1.jar:?]
	at org.apache.hadoop.ipc.Server$RpcCall.run(Server.java:1035) [hadoop-common-3.3.1.jar:?]
	at org.apache.hadoop.ipc.Server$RpcCall.run(Server.java:963) [hadoop-common-3.3.1.jar:?]
	at java.security.AccessController.doPrivileged(Native Method) ~[?:1.8.0_332]
	at javax.security.auth.Subject.doAs(Subject.java:422) [?:1.8.0_332]
	at org.apache.hadoop.security.UserGroupInformation.doAs(UserGroupInformation.java:1878) [hadoop-common-3.3.1.jar:?]
	at org.apache.hadoop.ipc.Server$Handler.run(Server.java:2966) [hadoop-common-3.3.1.jar:?]
16:20:44.355 [IPC Server handler 10 on default port 42069] ERROR OMAudit - user=runner | ip=127.0.0.1 | op=GET_FILE_STATUS {volume=volume01216, bucket=bucket79517, key=.Trash, dataSize=0, replicationConfig=null} | ret=FAILURE
org.apache.hadoop.ozone.om.exceptions.OMException: Unable to get file status: volume: volume01216 bucket: bucket79517 key: .Trash
	at org.apache.hadoop.ozone.om.KeyManagerImpl.getOzoneFileStatus(KeyManagerImpl.java:1283) ~[ozone-manager-1.3.0-SNAPSHOT.jar:?]
	at org.apache.hadoop.ozone.om.KeyManagerImpl.getFileStatus(KeyManagerImpl.java:1213) ~[ozone-manager-1.3.0-SNAPSHOT.jar:?]
	at org.apache.hadoop.ozone.om.OzoneManager.getFileStatus(OzoneManager.java:3419) ~[ozone-manager-1.3.0-SNAPSHOT.jar:?]
	at org.apache.hadoop.ozone.protocolPB.OzoneManagerRequestHandler.getOzoneFileStatus(OzoneManagerRequestHandler.java:871) ~[ozone-manager-1.3.0-SNAPSHOT.jar:?]
	at org.apache.hadoop.ozone.protocolPB.OzoneManagerRequestHandler.handleReadRequest(OzoneManagerRequestHandler.java:217) ~[ozone-manager-1.3.0-SNAPSHOT.jar:?]
	at org.apache.hadoop.ozone.protocolPB.OzoneManagerProtocolServerSideTranslatorPB.submitRequestDirectlyToOM(OzoneManagerProtocolServerSideTranslatorPB.java:284) ~[ozone-manager-1.3.0-SNAPSHOT.jar:?]
	at org.apache.hadoop.ozone.protocolPB.OzoneManagerProtocolServerSideTranslatorPB.processRequest(OzoneManagerProtocolServerSideTranslatorPB.java:207) ~[ozone-manager-1.3.0-SNAPSHOT.jar:?]
	at org.apache.hadoop.hdds.server.OzoneProtocolMessageDispatcher.processRequest(OzoneProtocolMessageDispatcher.java:87) [hdds-server-framework-1.3.0-SNAPSHOT.jar:?]
	at org.apache.hadoop.ozone.protocolPB.OzoneManagerProtocolServerSideTranslatorPB.submitRequest(OzoneManagerProtocolServerSideTranslatorPB.java:147) [ozone-manager-1.3.0-SNAPSHOT.jar:?]
	at org.apache.hadoop.ozone.protocol.proto.OzoneManagerProtocolProtos$OzoneManagerService$2.callBlockingMethod(OzoneManagerProtocolProtos.java) [ozone-interface-client-1.3.0-SNAPSHOT.jar:?]
	at org.apache.hadoop.ipc.ProtobufRpcEngine$Server.processCall(ProtobufRpcEngine.java:466) [hadoop-common-3.3.1.jar:?]
	at org.apache.hadoop.ipc.ProtobufRpcEngine2$Server$ProtoBufRpcInvoker.call(ProtobufRpcEngine2.java:574) [hadoop-common-3.3.1.jar:?]
	at org.apache.hadoop.ipc.ProtobufRpcEngine2$Server$ProtoBufRpcInvoker.call(ProtobufRpcEngine2.java:552) [hadoop-common-3.3.1.jar:?]
	at org.apache.hadoop.ipc.RPC$Server.call(RPC.java:1093) [hadoop-common-3.3.1.jar:?]
	at org.apache.hadoop.ipc.Server$RpcCall.run(Server.java:1035) [hadoop-common-3.3.1.jar:?]
	at org.apache.hadoop.ipc.Server$RpcCall.run(Server.java:963) [hadoop-common-3.3.1.jar:?]
	at java.security.AccessController.doPrivileged(Native Method) ~[?:1.8.0_332]
	at javax.security.auth.Subject.doAs(Subject.java:422) [?:1.8.0_332]
	at org.apache.hadoop.security.UserGroupInformation.doAs(UserGroupInformation.java:1878) [hadoop-common-3.3.1.jar:?]
	at org.apache.hadoop.ipc.Server$Handler.run(Server.java:2966) [hadoop-common-3.3.1.jar:?]
16:20:44.374 [IPC Server handler 10 on default port 42069] ERROR OMAudit - user=runner | ip=127.0.0.1 | op=GET_FILE_STATUS {volume=volume12482, bucket=trashroottest2, key=.Trash/runner, dataSize=0, replicationConfig=null} | ret=FAILURE
org.apache.hadoop.ozone.om.exceptions.OMException: Unable to get file status: volume: volume12482 bucket: trashroottest2 key: .Trash/runner
	at org.apache.hadoop.ozone.om.KeyManagerImpl.getOzoneFileStatus(KeyManagerImpl.java:1283) ~[ozone-manager-1.3.0-SNAPSHOT.jar:?]
	at org.apache.hadoop.ozone.om.KeyManagerImpl.getFileStatus(KeyManagerImpl.java:1213) ~[ozone-manager-1.3.0-SNAPSHOT.jar:?]
	at org.apache.hadoop.ozone.om.OzoneManager.getFileStatus(OzoneManager.java:3419) ~[ozone-manager-1.3.0-SNAPSHOT.jar:?]
	at org.apache.hadoop.ozone.protocolPB.OzoneManagerRequestHandler.getOzoneFileStatus(OzoneManagerRequestHandler.java:871) ~[ozone-manager-1.3.0-SNAPSHOT.jar:?]
	at org.apache.hadoop.ozone.protocolPB.OzoneManagerRequestHandler.handleReadRequest(OzoneManagerRequestHandler.java:217) ~[ozone-manager-1.3.0-SNAPSHOT.jar:?]
	at org.apache.hadoop.ozone.protocolPB.OzoneManagerProtocolServerSideTranslatorPB.submitRequestDirectlyToOM(OzoneManagerProtocolServerSideTranslatorPB.java:284) ~[ozone-manager-1.3.0-SNAPSHOT.jar:?]
	at org.apache.hadoop.ozone.protocolPB.OzoneManagerProtocolServerSideTranslatorPB.processRequest(OzoneManagerProtocolServerSideTranslatorPB.java:207) ~[ozone-manager-1.3.0-SNAPSHOT.jar:?]
	at org.apache.hadoop.hdds.server.OzoneProtocolMessageDispatcher.processRequest(OzoneProtocolMessageDispatcher.java:87) [hdds-server-framework-1.3.0-SNAPSHOT.jar:?]
	at org.apache.hadoop.ozone.protocolPB.OzoneManagerProtocolServerSideTranslatorPB.submitRequest(OzoneManagerProtocolServerSideTranslatorPB.java:147) [ozone-manager-1.3.0-SNAPSHOT.jar:?]
	at org.apache.hadoop.ozone.protocol.proto.OzoneManagerProtocolProtos$OzoneManagerService$2.callBlockingMethod(OzoneManagerProtocolProtos.java) [ozone-interface-client-1.3.0-SNAPSHOT.jar:?]
	at org.apache.hadoop.ipc.ProtobufRpcEngine$Server.processCall(ProtobufRpcEngine.java:466) [hadoop-common-3.3.1.jar:?]
	at org.apache.hadoop.ipc.ProtobufRpcEngine2$Server$ProtoBufRpcInvoker.call(ProtobufRpcEngine2.java:574) [hadoop-common-3.3.1.jar:?]
	at org.apache.hadoop.ipc.ProtobufRpcEngine2$Server$ProtoBufRpcInvoker.call(ProtobufRpcEngine2.java:552) [hadoop-common-3.3.1.jar:?]
	at org.apache.hadoop.ipc.RPC$Server.call(RPC.java:1093) [hadoop-common-3.3.1.jar:?]
	at org.apache.hadoop.ipc.Server$RpcCall.run(Server.java:1035) [hadoop-common-3.3.1.jar:?]
	at org.apache.hadoop.ipc.Server$RpcCall.run(Server.java:963) [hadoop-common-3.3.1.jar:?]
	at java.security.AccessController.doPrivileged(Native Method) ~[?:1.8.0_332]
	at javax.security.auth.Subject.doAs(Subject.java:422) [?:1.8.0_332]
	at org.apache.hadoop.security.UserGroupInformation.doAs(UserGroupInformation.java:1878) [hadoop-common-3.3.1.jar:?]
	at org.apache.hadoop.ipc.Server$Handler.run(Server.java:2966) [hadoop-common-3.3.1.jar:?]
16:20:44.376 [IPC Server handler 15 on default port 42069] ERROR OMAudit - user=runner | ip=127.0.0.1 | op=GET_FILE_STATUS {volume=volume01216, bucket=bucket79517, key=.Trash/runner, dataSize=0, replicationConfig=null} | ret=FAILURE
org.apache.hadoop.ozone.om.exceptions.OMException: Unable to get file status: volume: volume01216 bucket: bucket79517 key: .Trash/runner
	at org.apache.hadoop.ozone.om.KeyManagerImpl.getOzoneFileStatus(KeyManagerImpl.java:1283) ~[ozone-manager-1.3.0-SNAPSHOT.jar:?]
	at org.apache.hadoop.ozone.om.KeyManagerImpl.getFileStatus(KeyManagerImpl.java:1213) ~[ozone-manager-1.3.0-SNAPSHOT.jar:?]
	at org.apache.hadoop.ozone.om.OzoneManager.getFileStatus(OzoneManager.java:3419) ~[ozone-manager-1.3.0-SNAPSHOT.jar:?]
	at org.apache.hadoop.ozone.protocolPB.OzoneManagerRequestHandler.getOzoneFileStatus(OzoneManagerRequestHandler.java:871) ~[ozone-manager-1.3.0-SNAPSHOT.jar:?]
	at org.apache.hadoop.ozone.protocolPB.OzoneManagerRequestHandler.handleReadRequest(OzoneManagerRequestHandler.java:217) ~[ozone-manager-1.3.0-SNAPSHOT.jar:?]
	at org.apache.hadoop.ozone.protocolPB.OzoneManagerProtocolServerSideTranslatorPB.submitRequestDirectlyToOM(OzoneManagerProtocolServerSideTranslatorPB.java:284) ~[ozone-manager-1.3.0-SNAPSHOT.jar:?]
	at org.apache.hadoop.ozone.protocolPB.OzoneManagerProtocolServerSideTranslatorPB.processRequest(OzoneManagerProtocolServerSideTranslatorPB.java:207) ~[ozone-manager-1.3.0-SNAPSHOT.jar:?]
	at org.apache.hadoop.hdds.server.OzoneProtocolMessageDispatcher.processRequest(OzoneProtocolMessageDispatcher.java:87) [hdds-server-framework-1.3.0-SNAPSHOT.jar:?]
	at org.apache.hadoop.ozone.protocolPB.OzoneManagerProtocolServerSideTranslatorPB.submitRequest(OzoneManagerProtocolServerSideTranslatorPB.java:147) [ozone-manager-1.3.0-SNAPSHOT.jar:?]
	at org.apache.hadoop.ozone.protocol.proto.OzoneManagerProtocolProtos$OzoneManagerService$2.callBlockingMethod(OzoneManagerProtocolProtos.java) [ozone-interface-client-1.3.0-SNAPSHOT.jar:?]
	at org.apache.hadoop.ipc.ProtobufRpcEngine$Server.processCall(ProtobufRpcEngine.java:466) [hadoop-common-3.3.1.jar:?]
	at org.apache.hadoop.ipc.ProtobufRpcEngine2$Server$ProtoBufRpcInvoker.call(ProtobufRpcEngine2.java:574) [hadoop-common-3.3.1.jar:?]
	at org.apache.hadoop.ipc.ProtobufRpcEngine2$Server$ProtoBufRpcInvoker.call(ProtobufRpcEngine2.java:552) [hadoop-common-3.3.1.jar:?]
	at org.apache.hadoop.ipc.RPC$Server.call(RPC.java:1093) [hadoop-common-3.3.1.jar:?]
	at org.apache.hadoop.ipc.Server$RpcCall.run(Server.java:1035) [hadoop-common-3.3.1.jar:?]
	at org.apache.hadoop.ipc.Server$RpcCall.run(Server.java:963) [hadoop-common-3.3.1.jar:?]
	at java.security.AccessController.doPrivileged(Native Method) ~[?:1.8.0_332]
	at javax.security.auth.Subject.doAs(Subject.java:422) [?:1.8.0_332]
	at org.apache.hadoop.security.UserGroupInformation.doAs(UserGroupInformation.java:1878) [hadoop-common-3.3.1.jar:?]
	at org.apache.hadoop.ipc.Server$Handler.run(Server.java:2966) [hadoop-common-3.3.1.jar:?]
16:20:44.382 [IPC Server handler 1 on default port 42069] ERROR OMAudit - user=runner | ip=127.0.0.1 | op=GET_FILE_STATUS {volume=67a99418-9294-4e86-bd61-d58b84a7472c, bucket=8c9344ed-4523-4c94-9a5a-477549999b03, key=.Trash, dataSize=0, replicationConfig=null} | ret=FAILURE
org.apache.hadoop.ozone.om.exceptions.OMException: Unable to get file status: volume: 67a99418-9294-4e86-bd61-d58b84a7472c bucket: 8c9344ed-4523-4c94-9a5a-477549999b03 key: .Trash
	at org.apache.hadoop.ozone.om.KeyManagerImpl.getOzoneFileStatus(KeyManagerImpl.java:1283) ~[ozone-manager-1.3.0-SNAPSHOT.jar:?]
	at org.apache.hadoop.ozone.om.KeyManagerImpl.getFileStatus(KeyManagerImpl.java:1213) ~[ozone-manager-1.3.0-SNAPSHOT.jar:?]
	at org.apache.hadoop.ozone.om.OzoneManager.getFileStatus(OzoneManager.java:3419) ~[ozone-manager-1.3.0-SNAPSHOT.jar:?]
	at org.apache.hadoop.ozone.protocolPB.OzoneManagerRequestHandler.getOzoneFileStatus(OzoneManagerRequestHandler.java:871) ~[ozone-manager-1.3.0-SNAPSHOT.jar:?]
	at org.apache.hadoop.ozone.protocolPB.OzoneManagerRequestHandler.handleReadRequest(OzoneManagerRequestHandler.java:217) ~[ozone-manager-1.3.0-SNAPSHOT.jar:?]
	at org.apache.hadoop.ozone.protocolPB.OzoneManagerProtocolServerSideTranslatorPB.submitRequestDirectlyToOM(OzoneManagerProtocolServerSideTranslatorPB.java:284) ~[ozone-manager-1.3.0-SNAPSHOT.jar:?]
	at org.apache.hadoop.ozone.protocolPB.OzoneManagerProtocolServerSideTranslatorPB.processRequest(OzoneManagerProtocolServerSideTranslatorPB.java:207) ~[ozone-manager-1.3.0-SNAPSHOT.jar:?]
	at org.apache.hadoop.hdds.server.OzoneProtocolMessageDispatcher.processRequest(OzoneProtocolMessageDispatcher.java:87) [hdds-server-framework-1.3.0-SNAPSHOT.jar:?]
	at org.apache.hadoop.ozone.protocolPB.OzoneManagerProtocolServerSideTranslatorPB.submitRequest(OzoneManagerProtocolServerSideTranslatorPB.java:147) [ozone-manager-1.3.0-SNAPSHOT.jar:?]
	at org.apache.hadoop.ozone.protocol.proto.OzoneManagerProtocolProtos$OzoneManagerService$2.callBlockingMethod(OzoneManagerProtocolProtos.java) [ozone-interface-client-1.3.0-SNAPSHOT.jar:?]
	at org.apache.hadoop.ipc.ProtobufRpcEngine$Server.processCall(ProtobufRpcEngine.java:466) [hadoop-common-3.3.1.jar:?]
	at org.apache.hadoop.ipc.ProtobufRpcEngine2$Server$ProtoBufRpcInvoker.call(ProtobufRpcEngine2.java:574) [hadoop-common-3.3.1.jar:?]
	at org.apache.hadoop.ipc.ProtobufRpcEngine2$Server$ProtoBufRpcInvoker.call(ProtobufRpcEngine2.java:552) [hadoop-common-3.3.1.jar:?]
	at org.apache.hadoop.ipc.RPC$Server.call(RPC.java:1093) [hadoop-common-3.3.1.jar:?]
	at org.apache.hadoop.ipc.Server$RpcCall.run(Server.java:1035) [hadoop-common-3.3.1.jar:?]
	at org.apache.hadoop.ipc.Server$RpcCall.run(Server.java:963) [hadoop-common-3.3.1.jar:?]
	at java.security.AccessController.doPrivileged(Native Method) ~[?:1.8.0_332]
	at javax.security.auth.Subject.doAs(Subject.java:422) [?:1.8.0_332]
	at org.apache.hadoop.security.UserGroupInformation.doAs(UserGroupInformation.java:1878) [hadoop-common-3.3.1.jar:?]
	at org.apache.hadoop.ipc.Server$Handler.run(Server.java:2966) [hadoop-common-3.3.1.jar:?]
16:20:44.384 [IPC Server handler 6 on default port 42069] ERROR OMAudit - user=runner | ip=127.0.0.1 | op=GET_FILE_STATUS {volume=volume01216, bucket=bucket79517, key=.Trash, dataSize=0, replicationConfig=null} | ret=FAILURE
org.apache.hadoop.ozone.om.exceptions.OMException: Unable to get file status: volume: volume01216 bucket: bucket79517 key: .Trash
	at org.apache.hadoop.ozone.om.KeyManagerImpl.getOzoneFileStatus(KeyManagerImpl.java:1283) ~[ozone-manager-1.3.0-SNAPSHOT.jar:?]
	at org.apache.hadoop.ozone.om.KeyManagerImpl.getFileStatus(KeyManagerImpl.java:1213) ~[ozone-manager-1.3.0-SNAPSHOT.jar:?]
	at org.apache.hadoop.ozone.om.OzoneManager.getFileStatus(OzoneManager.java:3419) ~[ozone-manager-1.3.0-SNAPSHOT.jar:?]
	at org.apache.hadoop.ozone.protocolPB.OzoneManagerRequestHandler.getOzoneFileStatus(OzoneManagerRequestHandler.java:871) ~[ozone-manager-1.3.0-SNAPSHOT.jar:?]
	at org.apache.hadoop.ozone.protocolPB.OzoneManagerRequestHandler.handleReadRequest(OzoneManagerRequestHandler.java:217) ~[ozone-manager-1.3.0-SNAPSHOT.jar:?]
	at org.apache.hadoop.ozone.protocolPB.OzoneManagerProtocolServerSideTranslatorPB.submitRequestDirectlyToOM(OzoneManagerProtocolServerSideTranslatorPB.java:284) ~[ozone-manager-1.3.0-SNAPSHOT.jar:?]
	at org.apache.hadoop.ozone.protocolPB.OzoneManagerProtocolServerSideTranslatorPB.processRequest(OzoneManagerProtocolServerSideTranslatorPB.java:207) ~[ozone-manager-1.3.0-SNAPSHOT.jar:?]
	at org.apache.hadoop.hdds.server.OzoneProtocolMessageDispatcher.processRequest(OzoneProtocolMessageDispatcher.java:87) [hdds-server-framework-1.3.0-SNAPSHOT.jar:?]
	at org.apache.hadoop.ozone.protocolPB.OzoneManagerProtocolServerSideTranslatorPB.submitRequest(OzoneManagerProtocolServerSideTranslatorPB.java:147) [ozone-manager-1.3.0-SNAPSHOT.jar:?]
	at org.apache.hadoop.ozone.protocol.proto.OzoneManagerProtocolProtos$OzoneManagerService$2.callBlockingMethod(OzoneManagerProtocolProtos.java) [ozone-interface-client-1.3.0-SNAPSHOT.jar:?]
	at org.apache.hadoop.ipc.ProtobufRpcEngine$Server.processCall(ProtobufRpcEngine.java:466) [hadoop-common-3.3.1.jar:?]
	at org.apache.hadoop.ipc.ProtobufRpcEngine2$Server$ProtoBufRpcInvoker.call(ProtobufRpcEngine2.java:574) [hadoop-common-3.3.1.jar:?]
	at org.apache.hadoop.ipc.ProtobufRpcEngine2$Server$ProtoBufRpcInvoker.call(ProtobufRpcEngine2.java:552) [hadoop-common-3.3.1.jar:?]
	at org.apache.hadoop.ipc.RPC$Server.call(RPC.java:1093) [hadoop-common-3.3.1.jar:?]
	at org.apache.hadoop.ipc.Server$RpcCall.run(Server.java:1035) [hadoop-common-3.3.1.jar:?]
	at org.apache.hadoop.ipc.Server$RpcCall.run(Server.java:963) [hadoop-common-3.3.1.jar:?]
	at java.security.AccessController.doPrivileged(Native Method) ~[?:1.8.0_332]
	at javax.security.auth.Subject.doAs(Subject.java:422) [?:1.8.0_332]
	at org.apache.hadoop.security.UserGroupInformation.doAs(UserGroupInformation.java:1878) [hadoop-common-3.3.1.jar:?]
	at org.apache.hadoop.ipc.Server$Handler.run(Server.java:2966) [hadoop-common-3.3.1.jar:?]
16:20:44.389 [IPC Server handler 18 on default port 42069] ERROR OMAudit - user=runner | ip=127.0.0.1 | op=GET_FILE_STATUS {volume=volume12482, bucket=trashroottest2, key=.Trash, dataSize=0, replicationConfig=null} | ret=FAILURE
org.apache.hadoop.ozone.om.exceptions.OMException: Unable to get file status: volume: volume12482 bucket: trashroottest2 key: .Trash
	at org.apache.hadoop.ozone.om.KeyManagerImpl.getOzoneFileStatus(KeyManagerImpl.java:1283) ~[ozone-manager-1.3.0-SNAPSHOT.jar:?]
	at org.apache.hadoop.ozone.om.KeyManagerImpl.getFileStatus(KeyManagerImpl.java:1213) ~[ozone-manager-1.3.0-SNAPSHOT.jar:?]
	at org.apache.hadoop.ozone.om.OzoneManager.getFileStatus(OzoneManager.java:3419) ~[ozone-manager-1.3.0-SNAPSHOT.jar:?]
	at org.apache.hadoop.ozone.protocolPB.OzoneManagerRequestHandler.getOzoneFileStatus(OzoneManagerRequestHandler.java:871) ~[ozone-manager-1.3.0-SNAPSHOT.jar:?]
	at org.apache.hadoop.ozone.protocolPB.OzoneManagerRequestHandler.handleReadRequest(OzoneManagerRequestHandler.java:217) ~[ozone-manager-1.3.0-SNAPSHOT.jar:?]
	at org.apache.hadoop.ozone.protocolPB.OzoneManagerProtocolServerSideTranslatorPB.submitRequestDirectlyToOM(OzoneManagerProtocolServerSideTranslatorPB.java:284) ~[ozone-manager-1.3.0-SNAPSHOT.jar:?]
	at org.apache.hadoop.ozone.protocolPB.OzoneManagerProtocolServerSideTranslatorPB.processRequest(OzoneManagerProtocolServerSideTranslatorPB.java:207) ~[ozone-manager-1.3.0-SNAPSHOT.jar:?]
	at org.apache.hadoop.hdds.server.OzoneProtocolMessageDispatcher.processRequest(OzoneProtocolMessageDispatcher.java:87) [hdds-server-framework-1.3.0-SNAPSHOT.jar:?]
	at org.apache.hadoop.ozone.protocolPB.OzoneManagerProtocolServerSideTranslatorPB.submitRequest(OzoneManagerProtocolServerSideTranslatorPB.java:147) [ozone-manager-1.3.0-SNAPSHOT.jar:?]
	at org.apache.hadoop.ozone.protocol.proto.OzoneManagerProtocolProtos$OzoneManagerService$2.callBlockingMethod(OzoneManagerProtocolProtos.java) [ozone-interface-client-1.3.0-SNAPSHOT.jar:?]
	at org.apache.hadoop.ipc.ProtobufRpcEngine$Server.processCall(ProtobufRpcEngine.java:466) [hadoop-common-3.3.1.jar:?]
	at org.apache.hadoop.ipc.ProtobufRpcEngine2$Server$ProtoBufRpcInvoker.call(ProtobufRpcEngine2.java:574) [hadoop-common-3.3.1.jar:?]
	at org.apache.hadoop.ipc.ProtobufRpcEngine2$Server$ProtoBufRpcInvoker.call(ProtobufRpcEngine2.java:552) [hadoop-common-3.3.1.jar:?]
	at org.apache.hadoop.ipc.RPC$Server.call(RPC.java:1093) [hadoop-common-3.3.1.jar:?]
	at org.apache.hadoop.ipc.Server$RpcCall.run(Server.java:1035) [hadoop-common-3.3.1.jar:?]
	at org.apache.hadoop.ipc.Server$RpcCall.run(Server.java:963) [hadoop-common-3.3.1.jar:?]
	at java.security.AccessController.doPrivileged(Native Method) ~[?:1.8.0_332]
	at javax.security.auth.Subject.doAs(Subject.java:422) [?:1.8.0_332]
	at org.apache.hadoop.security.UserGroupInformation.doAs(UserGroupInformation.java:1878) [hadoop-common-3.3.1.jar:?]
	at org.apache.hadoop.ipc.Server$Handler.run(Server.java:2966) [hadoop-common-3.3.1.jar:?]
16:20:44.399 [IPC Server handler 3 on default port 42069] ERROR OMAudit - user=runner | ip=127.0.0.1 | op=GET_FILE_STATUS {volume=volume12482, bucket=trashroottest2, key=.Trash/runner, dataSize=0, replicationConfig=null} | ret=FAILURE
org.apache.hadoop.ozone.om.exceptions.OMException: Unable to get file status: volume: volume12482 bucket: trashroottest2 key: .Trash/runner
	at org.apache.hadoop.ozone.om.KeyManagerImpl.getOzoneFileStatus(KeyManagerImpl.java:1283) ~[ozone-manager-1.3.0-SNAPSHOT.jar:?]
	at org.apache.hadoop.ozone.om.KeyManagerImpl.getFileStatus(KeyManagerImpl.java:1213) ~[ozone-manager-1.3.0-SNAPSHOT.jar:?]
	at org.apache.hadoop.ozone.om.OzoneManager.getFileStatus(OzoneManager.java:3419) ~[ozone-manager-1.3.0-SNAPSHOT.jar:?]
	at org.apache.hadoop.ozone.protocolPB.OzoneManagerRequestHandler.getOzoneFileStatus(OzoneManagerRequestHandler.java:871) ~[ozone-manager-1.3.0-SNAPSHOT.jar:?]
	at org.apache.hadoop.ozone.protocolPB.OzoneManagerRequestHandler.handleReadRequest(OzoneManagerRequestHandler.java:217) ~[ozone-manager-1.3.0-SNAPSHOT.jar:?]
	at org.apache.hadoop.ozone.protocolPB.OzoneManagerProtocolServerSideTranslatorPB.submitRequestDirectlyToOM(OzoneManagerProtocolServerSideTranslatorPB.java:284) ~[ozone-manager-1.3.0-SNAPSHOT.jar:?]
	at org.apache.hadoop.ozone.protocolPB.OzoneManagerProtocolServerSideTranslatorPB.processRequest(OzoneManagerProtocolServerSideTranslatorPB.java:207) ~[ozone-manager-1.3.0-SNAPSHOT.jar:?]
	at org.apache.hadoop.hdds.server.OzoneProtocolMessageDispatcher.processRequest(OzoneProtocolMessageDispatcher.java:87) [hdds-server-framework-1.3.0-SNAPSHOT.jar:?]
	at org.apache.hadoop.ozone.protocolPB.OzoneManagerProtocolServerSideTranslatorPB.submitRequest(OzoneManagerProtocolServerSideTranslatorPB.java:147) [ozone-manager-1.3.0-SNAPSHOT.jar:?]
	at org.apache.hadoop.ozone.protocol.proto.OzoneManagerProtocolProtos$OzoneManagerService$2.callBlockingMethod(OzoneManagerProtocolProtos.java) [ozone-interface-client-1.3.0-SNAPSHOT.jar:?]
	at org.apache.hadoop.ipc.ProtobufRpcEngine$Server.processCall(ProtobufRpcEngine.java:466) [hadoop-common-3.3.1.jar:?]
	at org.apache.hadoop.ipc.ProtobufRpcEngine2$Server$ProtoBufRpcInvoker.call(ProtobufRpcEngine2.java:574) [hadoop-common-3.3.1.jar:?]
	at org.apache.hadoop.ipc.ProtobufRpcEngine2$Server$ProtoBufRpcInvoker.call(ProtobufRpcEngine2.java:552) [hadoop-common-3.3.1.jar:?]
	at org.apache.hadoop.ipc.RPC$Server.call(RPC.java:1093) [hadoop-common-3.3.1.jar:?]
	at org.apache.hadoop.ipc.Server$RpcCall.run(Server.java:1035) [hadoop-common-3.3.1.jar:?]
	at org.apache.hadoop.ipc.Server$RpcCall.run(Server.java:963) [hadoop-common-3.3.1.jar:?]
	at java.security.AccessController.doPrivileged(Native Method) ~[?:1.8.0_332]
	at javax.security.auth.Subject.doAs(Subject.java:422) [?:1.8.0_332]
	at org.apache.hadoop.security.UserGroupInformation.doAs(UserGroupInformation.java:1878) [hadoop-common-3.3.1.jar:?]
	at org.apache.hadoop.ipc.Server$Handler.run(Server.java:2966) [hadoop-common-3.3.1.jar:?]
16:20:44.403 [IPC Server handler 7 on default port 42069] ERROR OMAudit - user=runner | ip=127.0.0.1 | op=GET_FILE_STATUS {volume=volume01216, bucket=bucket79517, key=.Trash/runner, dataSize=0, replicationConfig=null} | ret=FAILURE
org.apache.hadoop.ozone.om.exceptions.OMException: Unable to get file status: volume: volume01216 bucket: bucket79517 key: .Trash/runner
	at org.apache.hadoop.ozone.om.KeyManagerImpl.getOzoneFileStatus(KeyManagerImpl.java:1283) ~[ozone-manager-1.3.0-SNAPSHOT.jar:?]
	at org.apache.hadoop.ozone.om.KeyManagerImpl.getFileStatus(KeyManagerImpl.java:1213) ~[ozone-manager-1.3.0-SNAPSHOT.jar:?]
	at org.apache.hadoop.ozone.om.OzoneManager.getFileStatus(OzoneManager.java:3419) ~[ozone-manager-1.3.0-SNAPSHOT.jar:?]
	at org.apache.hadoop.ozone.protocolPB.OzoneManagerRequestHandler.getOzoneFileStatus(OzoneManagerRequestHandler.java:871) ~[ozone-manager-1.3.0-SNAPSHOT.jar:?]
	at org.apache.hadoop.ozone.protocolPB.OzoneManagerRequestHandler.handleReadRequest(OzoneManagerRequestHandler.java:217) ~[ozone-manager-1.3.0-SNAPSHOT.jar:?]
	at org.apache.hadoop.ozone.protocolPB.OzoneManagerProtocolServerSideTranslatorPB.submitRequestDirectlyToOM(OzoneManagerProtocolServerSideTranslatorPB.java:284) ~[ozone-manager-1.3.0-SNAPSHOT.jar:?]
	at org.apache.hadoop.ozone.protocolPB.OzoneManagerProtocolServerSideTranslatorPB.processRequest(OzoneManagerProtocolServerSideTranslatorPB.java:207) ~[ozone-manager-1.3.0-SNAPSHOT.jar:?]
	at org.apache.hadoop.hdds.server.OzoneProtocolMessageDispatcher.processRequest(OzoneProtocolMessageDispatcher.java:87) [hdds-server-framework-1.3.0-SNAPSHOT.jar:?]
	at org.apache.hadoop.ozone.protocolPB.OzoneManagerProtocolServerSideTranslatorPB.submitRequest(OzoneManagerProtocolServerSideTranslatorPB.java:147) [ozone-manager-1.3.0-SNAPSHOT.jar:?]
	at org.apache.hadoop.ozone.protocol.proto.OzoneManagerProtocolProtos$OzoneManagerService$2.callBlockingMethod(OzoneManagerProtocolProtos.java) [ozone-interface-client-1.3.0-SNAPSHOT.jar:?]
	at org.apache.hadoop.ipc.ProtobufRpcEngine$Server.processCall(ProtobufRpcEngine.java:466) [hadoop-common-3.3.1.jar:?]
	at org.apache.hadoop.ipc.ProtobufRpcEngine2$Server$ProtoBufRpcInvoker.call(ProtobufRpcEngine2.java:574) [hadoop-common-3.3.1.jar:?]
	at org.apache.hadoop.ipc.ProtobufRpcEngine2$Server$ProtoBufRpcInvoker.call(ProtobufRpcEngine2.java:552) [hadoop-common-3.3.1.jar:?]
	at org.apache.hadoop.ipc.RPC$Server.call(RPC.java:1093) [hadoop-common-3.3.1.jar:?]
	at org.apache.hadoop.ipc.Server$RpcCall.run(Server.java:1035) [hadoop-common-3.3.1.jar:?]
	at org.apache.hadoop.ipc.Server$RpcCall.run(Server.java:963) [hadoop-common-3.3.1.jar:?]
	at java.security.AccessController.doPrivileged(Native Method) ~[?:1.8.0_332]
	at javax.security.auth.Subject.doAs(Subject.java:422) [?:1.8.0_332]
	at org.apache.hadoop.security.UserGroupInformation.doAs(UserGroupInformation.java:1878) [hadoop-common-3.3.1.jar:?]
	at org.apache.hadoop.ipc.Server$Handler.run(Server.java:2966) [hadoop-common-3.3.1.jar:?]
16:20:44.405 [IPC Server handler 13 on default port 42069] ERROR OMAudit - user=runner | ip=127.0.0.1 | op=GET_FILE_STATUS {volume=67a99418-9294-4e86-bd61-d58b84a7472c, bucket=8c9344ed-4523-4c94-9a5a-477549999b03, key=.Trash, dataSize=0, replicationConfig=null} | ret=FAILURE
org.apache.hadoop.ozone.om.exceptions.OMException: Unable to get file status: volume: 67a99418-9294-4e86-bd61-d58b84a7472c bucket: 8c9344ed-4523-4c94-9a5a-477549999b03 key: .Trash
	at org.apache.hadoop.ozone.om.KeyManagerImpl.getOzoneFileStatus(KeyManagerImpl.java:1283) ~[ozone-manager-1.3.0-SNAPSHOT.jar:?]
	at org.apache.hadoop.ozone.om.KeyManagerImpl.getFileStatus(KeyManagerImpl.java:1213) ~[ozone-manager-1.3.0-SNAPSHOT.jar:?]
	at org.apache.hadoop.ozone.om.OzoneManager.getFileStatus(OzoneManager.java:3419) ~[ozone-manager-1.3.0-SNAPSHOT.jar:?]
	at org.apache.hadoop.ozone.protocolPB.OzoneManagerRequestHandler.getOzoneFileStatus(OzoneManagerRequestHandler.java:871) ~[ozone-manager-1.3.0-SNAPSHOT.jar:?]
	at org.apache.hadoop.ozone.protocolPB.OzoneManagerRequestHandler.handleReadRequest(OzoneManagerRequestHandler.java:217) ~[ozone-manager-1.3.0-SNAPSHOT.jar:?]
	at org.apache.hadoop.ozone.protocolPB.OzoneManagerProtocolServerSideTranslatorPB.submitRequestDirectlyToOM(OzoneManagerProtocolServerSideTranslatorPB.java:284) ~[ozone-manager-1.3.0-SNAPSHOT.jar:?]
	at org.apache.hadoop.ozone.protocolPB.OzoneManagerProtocolServerSideTranslatorPB.processRequest(OzoneManagerProtocolServerSideTranslatorPB.java:207) ~[ozone-manager-1.3.0-SNAPSHOT.jar:?]
	at org.apache.hadoop.hdds.server.OzoneProtocolMessageDispatcher.processRequest(OzoneProtocolMessageDispatcher.java:87) [hdds-server-framework-1.3.0-SNAPSHOT.jar:?]
	at org.apache.hadoop.ozone.protocolPB.OzoneManagerProtocolServerSideTranslatorPB.submitRequest(OzoneManagerProtocolServerSideTranslatorPB.java:147) [ozone-manager-1.3.0-SNAPSHOT.jar:?]
	at org.apache.hadoop.ozone.protocol.proto.OzoneManagerProtocolProtos$OzoneManagerService$2.callBlockingMethod(OzoneManagerProtocolProtos.java) [ozone-interface-client-1.3.0-SNAPSHOT.jar:?]
	at org.apache.hadoop.ipc.ProtobufRpcEngine$Server.processCall(ProtobufRpcEngine.java:466) [hadoop-common-3.3.1.jar:?]
	at org.apache.hadoop.ipc.ProtobufRpcEngine2$Server$ProtoBufRpcInvoker.call(ProtobufRpcEngine2.java:574) [hadoop-common-3.3.1.jar:?]
	at org.apache.hadoop.ipc.ProtobufRpcEngine2$Server$ProtoBufRpcInvoker.call(ProtobufRpcEngine2.java:552) [hadoop-common-3.3.1.jar:?]
	at org.apache.hadoop.ipc.RPC$Server.call(RPC.java:1093) [hadoop-common-3.3.1.jar:?]
	at org.apache.hadoop.ipc.Server$RpcCall.run(Server.java:1035) [hadoop-common-3.3.1.jar:?]
	at org.apache.hadoop.ipc.Server$RpcCall.run(Server.java:963) [hadoop-common-3.3.1.jar:?]
	at java.security.AccessController.doPrivileged(Native Method) ~[?:1.8.0_332]
	at javax.security.auth.Subject.doAs(Subject.java:422) [?:1.8.0_332]
	at org.apache.hadoop.security.UserGroupInformation.doAs(UserGroupInformation.java:1878) [hadoop-common-3.3.1.jar:?]
	at org.apache.hadoop.ipc.Server$Handler.run(Server.java:2966) [hadoop-common-3.3.1.jar:?]
16:20:44.410 [IPC Server handler 18 on default port 42069] ERROR OMAudit - user=runner | ip=127.0.0.1 | op=GET_FILE_STATUS {volume=volume01216, bucket=bucket79517, key=.Trash, dataSize=0, replicationConfig=null} | ret=FAILURE
org.apache.hadoop.ozone.om.exceptions.OMException: Unable to get file status: volume: volume01216 bucket: bucket79517 key: .Trash
	at org.apache.hadoop.ozone.om.KeyManagerImpl.getOzoneFileStatus(KeyManagerImpl.java:1283) ~[ozone-manager-1.3.0-SNAPSHOT.jar:?]
	at org.apache.hadoop.ozone.om.KeyManagerImpl.getFileStatus(KeyManagerImpl.java:1213) ~[ozone-manager-1.3.0-SNAPSHOT.jar:?]
	at org.apache.hadoop.ozone.om.OzoneManager.getFileStatus(OzoneManager.java:3419) ~[ozone-manager-1.3.0-SNAPSHOT.jar:?]
	at org.apache.hadoop.ozone.protocolPB.OzoneManagerRequestHandler.getOzoneFileStatus(OzoneManagerRequestHandler.java:871) ~[ozone-manager-1.3.0-SNAPSHOT.jar:?]
	at org.apache.hadoop.ozone.protocolPB.OzoneManagerRequestHandler.handleReadRequest(OzoneManagerRequestHandler.java:217) ~[ozone-manager-1.3.0-SNAPSHOT.jar:?]
	at org.apache.hadoop.ozone.protocolPB.OzoneManagerProtocolServerSideTranslatorPB.submitRequestDirectlyToOM(OzoneManagerProtocolServerSideTranslatorPB.java:284) ~[ozone-manager-1.3.0-SNAPSHOT.jar:?]
	at org.apache.hadoop.ozone.protocolPB.OzoneManagerProtocolServerSideTranslatorPB.processRequest(OzoneManagerProtocolServerSideTranslatorPB.java:207) ~[ozone-manager-1.3.0-SNAPSHOT.jar:?]
	at org.apache.hadoop.hdds.server.OzoneProtocolMessageDispatcher.processRequest(OzoneProtocolMessageDispatcher.java:87) [hdds-server-framework-1.3.0-SNAPSHOT.jar:?]
	at org.apache.hadoop.ozone.protocolPB.OzoneManagerProtocolServerSideTranslatorPB.submitRequest(OzoneManagerProtocolServerSideTranslatorPB.java:147) [ozone-manager-1.3.0-SNAPSHOT.jar:?]
	at org.apache.hadoop.ozone.protocol.proto.OzoneManagerProtocolProtos$OzoneManagerService$2.callBlockingMethod(OzoneManagerProtocolProtos.java) [ozone-interface-client-1.3.0-SNAPSHOT.jar:?]
	at org.apache.hadoop.ipc.ProtobufRpcEngine$Server.processCall(ProtobufRpcEngine.java:466) [hadoop-common-3.3.1.jar:?]
	at org.apache.hadoop.ipc.ProtobufRpcEngine2$Server$ProtoBufRpcInvoker.call(ProtobufRpcEngine2.java:574) [hadoop-common-3.3.1.jar:?]
	at org.apache.hadoop.ipc.ProtobufRpcEngine2$Server$ProtoBufRpcInvoker.call(ProtobufRpcEngine2.java:552) [hadoop-common-3.3.1.jar:?]
	at org.apache.hadoop.ipc.RPC$Server.call(RPC.java:1093) [hadoop-common-3.3.1.jar:?]
	at org.apache.hadoop.ipc.Server$RpcCall.run(Server.java:1035) [hadoop-common-3.3.1.jar:?]
	at org.apache.hadoop.ipc.Server$RpcCall.run(Server.java:963) [hadoop-common-3.3.1.jar:?]
	at java.security.AccessController.doPrivileged(Native Method) ~[?:1.8.0_332]
	at javax.security.auth.Subject.doAs(Subject.java:422) [?:1.8.0_332]
	at org.apache.hadoop.security.UserGroupInformation.doAs(UserGroupInformation.java:1878) [hadoop-common-3.3.1.jar:?]
	at org.apache.hadoop.ipc.Server$Handler.run(Server.java:2966) [hadoop-common-3.3.1.jar:?]
16:20:44.413 [IPC Server handler 8 on default port 42069] ERROR OMAudit - user=runner | ip=127.0.0.1 | op=GET_FILE_STATUS {volume=volume12482, bucket=trashroottest2, key=.Trash, dataSize=0, replicationConfig=null} | ret=FAILURE
org.apache.hadoop.ozone.om.exceptions.OMException: Unable to get file status: volume: volume12482 bucket: trashroottest2 key: .Trash
	at org.apache.hadoop.ozone.om.KeyManagerImpl.getOzoneFileStatus(KeyManagerImpl.java:1283) ~[ozone-manager-1.3.0-SNAPSHOT.jar:?]
	at org.apache.hadoop.ozone.om.KeyManagerImpl.getFileStatus(KeyManagerImpl.java:1213) ~[ozone-manager-1.3.0-SNAPSHOT.jar:?]
	at org.apache.hadoop.ozone.om.OzoneManager.getFileStatus(OzoneManager.java:3419) ~[ozone-manager-1.3.0-SNAPSHOT.jar:?]
	at org.apache.hadoop.ozone.protocolPB.OzoneManagerRequestHandler.getOzoneFileStatus(OzoneManagerRequestHandler.java:871) ~[ozone-manager-1.3.0-SNAPSHOT.jar:?]
	at org.apache.hadoop.ozone.protocolPB.OzoneManagerRequestHandler.handleReadRequest(OzoneManagerRequestHandler.java:217) ~[ozone-manager-1.3.0-SNAPSHOT.jar:?]
	at org.apache.hadoop.ozone.protocolPB.OzoneManagerProtocolServerSideTranslatorPB.submitRequestDirectlyToOM(OzoneManagerProtocolServerSideTranslatorPB.java:284) ~[ozone-manager-1.3.0-SNAPSHOT.jar:?]
	at org.apache.hadoop.ozone.protocolPB.OzoneManagerProtocolServerSideTranslatorPB.processRequest(OzoneManagerProtocolServerSideTranslatorPB.java:207) ~[ozone-manager-1.3.0-SNAPSHOT.jar:?]
	at org.apache.hadoop.hdds.server.OzoneProtocolMessageDispatcher.processRequest(OzoneProtocolMessageDispatcher.java:87) [hdds-server-framework-1.3.0-SNAPSHOT.jar:?]
	at org.apache.hadoop.ozone.protocolPB.OzoneManagerProtocolServerSideTranslatorPB.submitRequest(OzoneManagerProtocolServerSideTranslatorPB.java:147) [ozone-manager-1.3.0-SNAPSHOT.jar:?]
	at org.apache.hadoop.ozone.protocol.proto.OzoneManagerProtocolProtos$OzoneManagerService$2.callBlockingMethod(OzoneManagerProtocolProtos.java) [ozone-interface-client-1.3.0-SNAPSHOT.jar:?]
	at org.apache.hadoop.ipc.ProtobufRpcEngine$Server.processCall(ProtobufRpcEngine.java:466) [hadoop-common-3.3.1.jar:?]
	at org.apache.hadoop.ipc.ProtobufRpcEngine2$Server$ProtoBufRpcInvoker.call(ProtobufRpcEngine2.java:574) [hadoop-common-3.3.1.jar:?]
	at org.apache.hadoop.ipc.ProtobufRpcEngine2$Server$ProtoBufRpcInvoker.call(ProtobufRpcEngine2.java:552) [hadoop-common-3.3.1.jar:?]
	at org.apache.hadoop.ipc.RPC$Server.call(RPC.java:1093) [hadoop-common-3.3.1.jar:?]
	at org.apache.hadoop.ipc.Server$RpcCall.run(Server.java:1035) [hadoop-common-3.3.1.jar:?]
	at org.apache.hadoop.ipc.Server$RpcCall.run(Server.java:963) [hadoop-common-3.3.1.jar:?]
	at java.security.AccessController.doPrivileged(Native Method) ~[?:1.8.0_332]
	at javax.security.auth.Subject.doAs(Subject.java:422) [?:1.8.0_332]
	at org.apache.hadoop.security.UserGroupInformation.doAs(UserGroupInformation.java:1878) [hadoop-common-3.3.1.jar:?]
	at org.apache.hadoop.ipc.Server$Handler.run(Server.java:2966) [hadoop-common-3.3.1.jar:?]
16:20:44.424 [IPC Server handler 9 on default port 42069] ERROR OMAudit - user=runner | ip=127.0.0.1 | op=GET_FILE_STATUS {volume=volume12482, bucket=bucket26261, key=.Trash/runner, dataSize=0, replicationConfig=null} | ret=FAILURE
org.apache.hadoop.ozone.om.exceptions.OMException: Unable to get file status: volume: volume12482 bucket: bucket26261 key: .Trash/runner
	at org.apache.hadoop.ozone.om.KeyManagerImpl.getOzoneFileStatus(KeyManagerImpl.java:1283) ~[ozone-manager-1.3.0-SNAPSHOT.jar:?]
	at org.apache.hadoop.ozone.om.KeyManagerImpl.getFileStatus(KeyManagerImpl.java:1213) ~[ozone-manager-1.3.0-SNAPSHOT.jar:?]
	at org.apache.hadoop.ozone.om.OzoneManager.getFileStatus(OzoneManager.java:3419) ~[ozone-manager-1.3.0-SNAPSHOT.jar:?]
	at org.apache.hadoop.ozone.protocolPB.OzoneManagerRequestHandler.getOzoneFileStatus(OzoneManagerRequestHandler.java:871) ~[ozone-manager-1.3.0-SNAPSHOT.jar:?]
	at org.apache.hadoop.ozone.protocolPB.OzoneManagerRequestHandler.handleReadRequest(OzoneManagerRequestHandler.java:217) ~[ozone-manager-1.3.0-SNAPSHOT.jar:?]
	at org.apache.hadoop.ozone.protocolPB.OzoneManagerProtocolServerSideTranslatorPB.submitRequestDirectlyToOM(OzoneManagerProtocolServerSideTranslatorPB.java:284) ~[ozone-manager-1.3.0-SNAPSHOT.jar:?]
	at org.apache.hadoop.ozone.protocolPB.OzoneManagerProtocolServerSideTranslatorPB.processRequest(OzoneManagerProtocolServerSideTranslatorPB.java:207) ~[ozone-manager-1.3.0-SNAPSHOT.jar:?]
	at org.apache.hadoop.hdds.server.OzoneProtocolMessageDispatcher.processRequest(OzoneProtocolMessageDispatcher.java:87) [hdds-server-framework-1.3.0-SNAPSHOT.jar:?]
	at org.apache.hadoop.ozone.protocolPB.OzoneManagerProtocolServerSideTranslatorPB.submitRequest(OzoneManagerProtocolServerSideTranslatorPB.java:147) [ozone-manager-1.3.0-SNAPSHOT.jar:?]
	at org.apache.hadoop.ozone.protocol.proto.OzoneManagerProtocolProtos$OzoneManagerService$2.callBlockingMethod(OzoneManagerProtocolProtos.java) [ozone-interface-client-1.3.0-SNAPSHOT.jar:?]
	at org.apache.hadoop.ipc.ProtobufRpcEngine$Server.processCall(ProtobufRpcEngine.java:466) [hadoop-common-3.3.1.jar:?]
	at org.apache.hadoop.ipc.ProtobufRpcEngine2$Server$ProtoBufRpcInvoker.call(ProtobufRpcEngine2.java:574) [hadoop-common-3.3.1.jar:?]
	at org.apache.hadoop.ipc.ProtobufRpcEngine2$Server$ProtoBufRpcInvoker.call(ProtobufRpcEngine2.java:552) [hadoop-common-3.3.1.jar:?]
	at org.apache.hadoop.ipc.RPC$Server.call(RPC.java:1093) [hadoop-common-3.3.1.jar:?]
	at org.apache.hadoop.ipc.Server$RpcCall.run(Server.java:1035) [hadoop-common-3.3.1.jar:?]
	at org.apache.hadoop.ipc.Server$RpcCall.run(Server.java:963) [hadoop-common-3.3.1.jar:?]
	at java.security.AccessController.doPrivileged(Native Method) ~[?:1.8.0_332]
	at javax.security.auth.Subject.doAs(Subject.java:422) [?:1.8.0_332]
	at org.apache.hadoop.security.UserGroupInformation.doAs(UserGroupInformation.java:1878) [hadoop-common-3.3.1.jar:?]
	at org.apache.hadoop.ipc.Server$Handler.run(Server.java:2966) [hadoop-common-3.3.1.jar:?]
16:20:44.431 [IPC Server handler 16 on default port 42069] ERROR OMAudit - user=runner | ip=127.0.0.1 | op=GET_FILE_STATUS {volume=67a99418-9294-4e86-bd61-d58b84a7472c, bucket=8c9344ed-4523-4c94-9a5a-477549999b03, key=.Trash, dataSize=0, replicationConfig=null} | ret=FAILURE
org.apache.hadoop.ozone.om.exceptions.OMException: Unable to get file status: volume: 67a99418-9294-4e86-bd61-d58b84a7472c bucket: 8c9344ed-4523-4c94-9a5a-477549999b03 key: .Trash
	at org.apache.hadoop.ozone.om.KeyManagerImpl.getOzoneFileStatus(KeyManagerImpl.java:1283) ~[ozone-manager-1.3.0-SNAPSHOT.jar:?]
	at org.apache.hadoop.ozone.om.KeyManagerImpl.getFileStatus(KeyManagerImpl.java:1213) ~[ozone-manager-1.3.0-SNAPSHOT.jar:?]
	at org.apache.hadoop.ozone.om.OzoneManager.getFileStatus(OzoneManager.java:3419) ~[ozone-manager-1.3.0-SNAPSHOT.jar:?]
	at org.apache.hadoop.ozone.protocolPB.OzoneManagerRequestHandler.getOzoneFileStatus(OzoneManagerRequestHandler.java:871) ~[ozone-manager-1.3.0-SNAPSHOT.jar:?]
	at org.apache.hadoop.ozone.protocolPB.OzoneManagerRequestHandler.handleReadRequest(OzoneManagerRequestHandler.java:217) ~[ozone-manager-1.3.0-SNAPSHOT.jar:?]
	at org.apache.hadoop.ozone.protocolPB.OzoneManagerProtocolServerSideTranslatorPB.submitRequestDirectlyToOM(OzoneManagerProtocolServerSideTranslatorPB.java:284) ~[ozone-manager-1.3.0-SNAPSHOT.jar:?]
	at org.apache.hadoop.ozone.protocolPB.OzoneManagerProtocolServerSideTranslatorPB.processRequest(OzoneManagerProtocolServerSideTranslatorPB.java:207) ~[ozone-manager-1.3.0-SNAPSHOT.jar:?]
	at org.apache.hadoop.hdds.server.OzoneProtocolMessageDispatcher.processRequest(OzoneProtocolMessageDispatcher.java:87) [hdds-server-framework-1.3.0-SNAPSHOT.jar:?]
	at org.apache.hadoop.ozone.protocolPB.OzoneManagerProtocolServerSideTranslatorPB.submitRequest(OzoneManagerProtocolServerSideTranslatorPB.java:147) [ozone-manager-1.3.0-SNAPSHOT.jar:?]
	at org.apache.hadoop.ozone.protocol.proto.OzoneManagerProtocolProtos$OzoneManagerService$2.callBlockingMethod(OzoneManagerProtocolProtos.java) [ozone-interface-client-1.3.0-SNAPSHOT.jar:?]
	at org.apache.hadoop.ipc.ProtobufRpcEngine$Server.processCall(ProtobufRpcEngine.java:466) [hadoop-common-3.3.1.jar:?]
	at org.apache.hadoop.ipc.ProtobufRpcEngine2$Server$ProtoBufRpcInvoker.call(ProtobufRpcEngine2.java:574) [hadoop-common-3.3.1.jar:?]
	at org.apache.hadoop.ipc.ProtobufRpcEngine2$Server$ProtoBufRpcInvoker.call(ProtobufRpcEngine2.java:552) [hadoop-common-3.3.1.jar:?]
	at org.apache.hadoop.ipc.RPC$Server.call(RPC.java:1093) [hadoop-common-3.3.1.jar:?]
	at org.apache.hadoop.ipc.Server$RpcCall.run(Server.java:1035) [hadoop-common-3.3.1.jar:?]
	at org.apache.hadoop.ipc.Server$RpcCall.run(Server.java:963) [hadoop-common-3.3.1.jar:?]
	at java.security.AccessController.doPrivileged(Native Method) ~[?:1.8.0_332]
	at javax.security.auth.Subject.doAs(Subject.java:422) [?:1.8.0_332]
	at org.apache.hadoop.security.UserGroupInformation.doAs(UserGroupInformation.java:1878) [hadoop-common-3.3.1.jar:?]
	at org.apache.hadoop.ipc.Server$Handler.run(Server.java:2966) [hadoop-common-3.3.1.jar:?]
]]></system-out>
  </testcase>
  <testcase name="testGetTrashRoots" classname="TestRootedOzoneFileSystem" time="0.922">
    <system-out><![CDATA[2022-06-16 16:22:33,045 [Time-limited test] INFO  rpc.RpcClient (RpcClient.java:createVolume(466)) - Creating Volume: volume13290, with user63702 as owner and space quota set to -1 bytes, counts quota set to -1
2022-06-16 16:22:33,047 [OM StateMachine ApplyTransaction Thread - 0] INFO  volume.OMVolumeCreateRequest (OMVolumeCreateRequest.java:validateAndUpdateCache(195)) - created volume:volume13290 for user:user63702
2022-06-16 16:22:33,048 [Time-limited test] INFO  rpc.RpcClient (RpcClient.java:createBucket(666)) - Creating Bucket: volume13290/bucket68609, with the Bucket Layout LEGACY, runner as owner, Versioning false, Storage Type set to DISK and Encryption set to false 
2022-06-16 16:22:33,049 [OM StateMachine ApplyTransaction Thread - 0] INFO  bucket.OMBucketCreateRequest (OMBucketCreateRequest.java:validateAndUpdateCache(260)) - created bucket: bucket68609 of layout LEGACY in volume: volume13290
16:22:33.052 [IPC Server handler 12 on default port 33505] ERROR OMAudit - user=runner | ip=127.0.0.1 | op=GET_FILE_STATUS {volume=volume13290, bucket=bucket68609, key=.Trash/runner, dataSize=0, replicationConfig=null} | ret=FAILURE
org.apache.hadoop.ozone.om.exceptions.OMException: Unable to get file status: volume: volume13290 bucket: bucket68609 key: .Trash/runner
	at org.apache.hadoop.ozone.om.KeyManagerImpl.getOzoneFileStatus(KeyManagerImpl.java:1283) ~[ozone-manager-1.3.0-SNAPSHOT.jar:?]
	at org.apache.hadoop.ozone.om.KeyManagerImpl.getFileStatus(KeyManagerImpl.java:1213) ~[ozone-manager-1.3.0-SNAPSHOT.jar:?]
	at org.apache.hadoop.ozone.om.OzoneManager.getFileStatus(OzoneManager.java:3419) ~[ozone-manager-1.3.0-SNAPSHOT.jar:?]
	at org.apache.hadoop.ozone.protocolPB.OzoneManagerRequestHandler.getOzoneFileStatus(OzoneManagerRequestHandler.java:871) ~[ozone-manager-1.3.0-SNAPSHOT.jar:?]
	at org.apache.hadoop.ozone.protocolPB.OzoneManagerRequestHandler.handleReadRequest(OzoneManagerRequestHandler.java:217) ~[ozone-manager-1.3.0-SNAPSHOT.jar:?]
	at org.apache.hadoop.ozone.protocolPB.OzoneManagerProtocolServerSideTranslatorPB.submitReadRequestToOM(OzoneManagerProtocolServerSideTranslatorPB.java:225) ~[ozone-manager-1.3.0-SNAPSHOT.jar:?]
	at org.apache.hadoop.ozone.protocolPB.OzoneManagerProtocolServerSideTranslatorPB.processRequest(OzoneManagerProtocolServerSideTranslatorPB.java:175) ~[ozone-manager-1.3.0-SNAPSHOT.jar:?]
	at org.apache.hadoop.hdds.server.OzoneProtocolMessageDispatcher.processRequest(OzoneProtocolMessageDispatcher.java:87) [hdds-server-framework-1.3.0-SNAPSHOT.jar:?]
	at org.apache.hadoop.ozone.protocolPB.OzoneManagerProtocolServerSideTranslatorPB.submitRequest(OzoneManagerProtocolServerSideTranslatorPB.java:147) [ozone-manager-1.3.0-SNAPSHOT.jar:?]
	at org.apache.hadoop.ozone.protocol.proto.OzoneManagerProtocolProtos$OzoneManagerService$2.callBlockingMethod(OzoneManagerProtocolProtos.java) [ozone-interface-client-1.3.0-SNAPSHOT.jar:?]
	at org.apache.hadoop.ipc.ProtobufRpcEngine$Server.processCall(ProtobufRpcEngine.java:466) [hadoop-common-3.3.1.jar:?]
	at org.apache.hadoop.ipc.ProtobufRpcEngine2$Server$ProtoBufRpcInvoker.call(ProtobufRpcEngine2.java:574) [hadoop-common-3.3.1.jar:?]
	at org.apache.hadoop.ipc.ProtobufRpcEngine2$Server$ProtoBufRpcInvoker.call(ProtobufRpcEngine2.java:552) [hadoop-common-3.3.1.jar:?]
	at org.apache.hadoop.ipc.RPC$Server.call(RPC.java:1093) [hadoop-common-3.3.1.jar:?]
	at org.apache.hadoop.ipc.Server$RpcCall.run(Server.java:1035) [hadoop-common-3.3.1.jar:?]
	at org.apache.hadoop.ipc.Server$RpcCall.run(Server.java:963) [hadoop-common-3.3.1.jar:?]
	at java.security.AccessController.doPrivileged(Native Method) ~[?:1.8.0_332]
	at javax.security.auth.Subject.doAs(Subject.java:422) [?:1.8.0_332]
	at org.apache.hadoop.security.UserGroupInformation.doAs(UserGroupInformation.java:1878) [hadoop-common-3.3.1.jar:?]
	at org.apache.hadoop.ipc.Server$Handler.run(Server.java:2966) [hadoop-common-3.3.1.jar:?]
16:22:33.055 [IPC Server handler 2 on default port 33505] ERROR OMAudit - user=runner | ip=127.0.0.1 | op=GET_FILE_STATUS {volume=8a7ece0d-592c-4402-8670-1a5c6714fa81, bucket=a3fa9c86-34b0-45d2-883b-ad7441ff0a9c, key=.Trash, dataSize=0, replicationConfig=null} | ret=FAILURE
org.apache.hadoop.ozone.om.exceptions.OMException: Unable to get file status: volume: 8a7ece0d-592c-4402-8670-1a5c6714fa81 bucket: a3fa9c86-34b0-45d2-883b-ad7441ff0a9c key: .Trash
	at org.apache.hadoop.ozone.om.KeyManagerImpl.getOzoneFileStatus(KeyManagerImpl.java:1283) ~[ozone-manager-1.3.0-SNAPSHOT.jar:?]
	at org.apache.hadoop.ozone.om.KeyManagerImpl.getFileStatus(KeyManagerImpl.java:1213) ~[ozone-manager-1.3.0-SNAPSHOT.jar:?]
	at org.apache.hadoop.ozone.om.OzoneManager.getFileStatus(OzoneManager.java:3419) ~[ozone-manager-1.3.0-SNAPSHOT.jar:?]
	at org.apache.hadoop.ozone.protocolPB.OzoneManagerRequestHandler.getOzoneFileStatus(OzoneManagerRequestHandler.java:871) ~[ozone-manager-1.3.0-SNAPSHOT.jar:?]
	at org.apache.hadoop.ozone.protocolPB.OzoneManagerRequestHandler.handleReadRequest(OzoneManagerRequestHandler.java:217) ~[ozone-manager-1.3.0-SNAPSHOT.jar:?]
	at org.apache.hadoop.ozone.protocolPB.OzoneManagerProtocolServerSideTranslatorPB.submitReadRequestToOM(OzoneManagerProtocolServerSideTranslatorPB.java:225) ~[ozone-manager-1.3.0-SNAPSHOT.jar:?]
	at org.apache.hadoop.ozone.protocolPB.OzoneManagerProtocolServerSideTranslatorPB.processRequest(OzoneManagerProtocolServerSideTranslatorPB.java:175) ~[ozone-manager-1.3.0-SNAPSHOT.jar:?]
	at org.apache.hadoop.hdds.server.OzoneProtocolMessageDispatcher.processRequest(OzoneProtocolMessageDispatcher.java:87) [hdds-server-framework-1.3.0-SNAPSHOT.jar:?]
	at org.apache.hadoop.ozone.protocolPB.OzoneManagerProtocolServerSideTranslatorPB.submitRequest(OzoneManagerProtocolServerSideTranslatorPB.java:147) [ozone-manager-1.3.0-SNAPSHOT.jar:?]
	at org.apache.hadoop.ozone.protocol.proto.OzoneManagerProtocolProtos$OzoneManagerService$2.callBlockingMethod(OzoneManagerProtocolProtos.java) [ozone-interface-client-1.3.0-SNAPSHOT.jar:?]
	at org.apache.hadoop.ipc.ProtobufRpcEngine$Server.processCall(ProtobufRpcEngine.java:466) [hadoop-common-3.3.1.jar:?]
	at org.apache.hadoop.ipc.ProtobufRpcEngine2$Server$ProtoBufRpcInvoker.call(ProtobufRpcEngine2.java:574) [hadoop-common-3.3.1.jar:?]
	at org.apache.hadoop.ipc.ProtobufRpcEngine2$Server$ProtoBufRpcInvoker.call(ProtobufRpcEngine2.java:552) [hadoop-common-3.3.1.jar:?]
	at org.apache.hadoop.ipc.RPC$Server.call(RPC.java:1093) [hadoop-common-3.3.1.jar:?]
	at org.apache.hadoop.ipc.Server$RpcCall.run(Server.java:1035) [hadoop-common-3.3.1.jar:?]
	at org.apache.hadoop.ipc.Server$RpcCall.run(Server.java:963) [hadoop-common-3.3.1.jar:?]
	at java.security.AccessController.doPrivileged(Native Method) ~[?:1.8.0_332]
	at javax.security.auth.Subject.doAs(Subject.java:422) [?:1.8.0_332]
	at org.apache.hadoop.security.UserGroupInformation.doAs(UserGroupInformation.java:1878) [hadoop-common-3.3.1.jar:?]
	at org.apache.hadoop.ipc.Server$Handler.run(Server.java:2966) [hadoop-common-3.3.1.jar:?]
16:22:33.057 [IPC Server handler 10 on default port 33505] ERROR OMAudit - user=runner | ip=127.0.0.1 | op=GET_FILE_STATUS {volume=volume13290, bucket=bucket68609, key=.Trash, dataSize=0, replicationConfig=null} | ret=FAILURE
org.apache.hadoop.ozone.om.exceptions.OMException: Unable to get file status: volume: volume13290 bucket: bucket68609 key: .Trash
	at org.apache.hadoop.ozone.om.KeyManagerImpl.getOzoneFileStatus(KeyManagerImpl.java:1283) ~[ozone-manager-1.3.0-SNAPSHOT.jar:?]
	at org.apache.hadoop.ozone.om.KeyManagerImpl.getFileStatus(KeyManagerImpl.java:1213) ~[ozone-manager-1.3.0-SNAPSHOT.jar:?]
	at org.apache.hadoop.ozone.om.OzoneManager.getFileStatus(OzoneManager.java:3419) ~[ozone-manager-1.3.0-SNAPSHOT.jar:?]
	at org.apache.hadoop.ozone.protocolPB.OzoneManagerRequestHandler.getOzoneFileStatus(OzoneManagerRequestHandler.java:871) ~[ozone-manager-1.3.0-SNAPSHOT.jar:?]
	at org.apache.hadoop.ozone.protocolPB.OzoneManagerRequestHandler.handleReadRequest(OzoneManagerRequestHandler.java:217) ~[ozone-manager-1.3.0-SNAPSHOT.jar:?]
	at org.apache.hadoop.ozone.protocolPB.OzoneManagerProtocolServerSideTranslatorPB.submitReadRequestToOM(OzoneManagerProtocolServerSideTranslatorPB.java:225) ~[ozone-manager-1.3.0-SNAPSHOT.jar:?]
	at org.apache.hadoop.ozone.protocolPB.OzoneManagerProtocolServerSideTranslatorPB.processRequest(OzoneManagerProtocolServerSideTranslatorPB.java:175) ~[ozone-manager-1.3.0-SNAPSHOT.jar:?]
	at org.apache.hadoop.hdds.server.OzoneProtocolMessageDispatcher.processRequest(OzoneProtocolMessageDispatcher.java:87) [hdds-server-framework-1.3.0-SNAPSHOT.jar:?]
	at org.apache.hadoop.ozone.protocolPB.OzoneManagerProtocolServerSideTranslatorPB.submitRequest(OzoneManagerProtocolServerSideTranslatorPB.java:147) [ozone-manager-1.3.0-SNAPSHOT.jar:?]
	at org.apache.hadoop.ozone.protocol.proto.OzoneManagerProtocolProtos$OzoneManagerService$2.callBlockingMethod(OzoneManagerProtocolProtos.java) [ozone-interface-client-1.3.0-SNAPSHOT.jar:?]
	at org.apache.hadoop.ipc.ProtobufRpcEngine$Server.processCall(ProtobufRpcEngine.java:466) [hadoop-common-3.3.1.jar:?]
	at org.apache.hadoop.ipc.ProtobufRpcEngine2$Server$ProtoBufRpcInvoker.call(ProtobufRpcEngine2.java:574) [hadoop-common-3.3.1.jar:?]
	at org.apache.hadoop.ipc.ProtobufRpcEngine2$Server$ProtoBufRpcInvoker.call(ProtobufRpcEngine2.java:552) [hadoop-common-3.3.1.jar:?]
	at org.apache.hadoop.ipc.RPC$Server.call(RPC.java:1093) [hadoop-common-3.3.1.jar:?]
	at org.apache.hadoop.ipc.Server$RpcCall.run(Server.java:1035) [hadoop-common-3.3.1.jar:?]
	at org.apache.hadoop.ipc.Server$RpcCall.run(Server.java:963) [hadoop-common-3.3.1.jar:?]
	at java.security.AccessController.doPrivileged(Native Method) ~[?:1.8.0_332]
	at javax.security.auth.Subject.doAs(Subject.java:422) [?:1.8.0_332]
	at org.apache.hadoop.security.UserGroupInformation.doAs(UserGroupInformation.java:1878) [hadoop-common-3.3.1.jar:?]
	at org.apache.hadoop.ipc.Server$Handler.run(Server.java:2966) [hadoop-common-3.3.1.jar:?]
16:22:33.070 [IPC Server handler 4 on default port 33505] ERROR OMAudit - user=runner | ip=127.0.0.1 | op=GET_FILE_STATUS {volume=8a7ece0d-592c-4402-8670-1a5c6714fa81, bucket=a3fa9c86-34b0-45d2-883b-ad7441ff0a9c, key=.Trash, dataSize=0, replicationConfig=null} | ret=FAILURE
org.apache.hadoop.ozone.om.exceptions.OMException: Unable to get file status: volume: 8a7ece0d-592c-4402-8670-1a5c6714fa81 bucket: a3fa9c86-34b0-45d2-883b-ad7441ff0a9c key: .Trash
	at org.apache.hadoop.ozone.om.KeyManagerImpl.getOzoneFileStatus(KeyManagerImpl.java:1283) ~[ozone-manager-1.3.0-SNAPSHOT.jar:?]
	at org.apache.hadoop.ozone.om.KeyManagerImpl.getFileStatus(KeyManagerImpl.java:1213) ~[ozone-manager-1.3.0-SNAPSHOT.jar:?]
	at org.apache.hadoop.ozone.om.OzoneManager.getFileStatus(OzoneManager.java:3419) ~[ozone-manager-1.3.0-SNAPSHOT.jar:?]
	at org.apache.hadoop.ozone.protocolPB.OzoneManagerRequestHandler.getOzoneFileStatus(OzoneManagerRequestHandler.java:871) ~[ozone-manager-1.3.0-SNAPSHOT.jar:?]
	at org.apache.hadoop.ozone.protocolPB.OzoneManagerRequestHandler.handleReadRequest(OzoneManagerRequestHandler.java:217) ~[ozone-manager-1.3.0-SNAPSHOT.jar:?]
	at org.apache.hadoop.ozone.protocolPB.OzoneManagerProtocolServerSideTranslatorPB.submitReadRequestToOM(OzoneManagerProtocolServerSideTranslatorPB.java:225) ~[ozone-manager-1.3.0-SNAPSHOT.jar:?]
	at org.apache.hadoop.ozone.protocolPB.OzoneManagerProtocolServerSideTranslatorPB.processRequest(OzoneManagerProtocolServerSideTranslatorPB.java:175) ~[ozone-manager-1.3.0-SNAPSHOT.jar:?]
	at org.apache.hadoop.hdds.server.OzoneProtocolMessageDispatcher.processRequest(OzoneProtocolMessageDispatcher.java:87) [hdds-server-framework-1.3.0-SNAPSHOT.jar:?]
	at org.apache.hadoop.ozone.protocolPB.OzoneManagerProtocolServerSideTranslatorPB.submitRequest(OzoneManagerProtocolServerSideTranslatorPB.java:147) [ozone-manager-1.3.0-SNAPSHOT.jar:?]
	at org.apache.hadoop.ozone.protocol.proto.OzoneManagerProtocolProtos$OzoneManagerService$2.callBlockingMethod(OzoneManagerProtocolProtos.java) [ozone-interface-client-1.3.0-SNAPSHOT.jar:?]
	at org.apache.hadoop.ipc.ProtobufRpcEngine$Server.processCall(ProtobufRpcEngine.java:466) [hadoop-common-3.3.1.jar:?]
	at org.apache.hadoop.ipc.ProtobufRpcEngine2$Server$ProtoBufRpcInvoker.call(ProtobufRpcEngine2.java:574) [hadoop-common-3.3.1.jar:?]
	at org.apache.hadoop.ipc.ProtobufRpcEngine2$Server$ProtoBufRpcInvoker.call(ProtobufRpcEngine2.java:552) [hadoop-common-3.3.1.jar:?]
	at org.apache.hadoop.ipc.RPC$Server.call(RPC.java:1093) [hadoop-common-3.3.1.jar:?]
	at org.apache.hadoop.ipc.Server$RpcCall.run(Server.java:1035) [hadoop-common-3.3.1.jar:?]
	at org.apache.hadoop.ipc.Server$RpcCall.run(Server.java:963) [hadoop-common-3.3.1.jar:?]
	at java.security.AccessController.doPrivileged(Native Method) ~[?:1.8.0_332]
	at javax.security.auth.Subject.doAs(Subject.java:422) [?:1.8.0_332]
	at org.apache.hadoop.security.UserGroupInformation.doAs(UserGroupInformation.java:1878) [hadoop-common-3.3.1.jar:?]
	at org.apache.hadoop.ipc.Server$Handler.run(Server.java:2966) [hadoop-common-3.3.1.jar:?]
16:22:33.101 [IPC Server handler 18 on default port 33505] ERROR OMAudit - user=runner | ip=127.0.0.1 | op=GET_FILE_STATUS {volume=8a7ece0d-592c-4402-8670-1a5c6714fa81, bucket=a3fa9c86-34b0-45d2-883b-ad7441ff0a9c, key=.Trash, dataSize=0, replicationConfig=null} | ret=FAILURE
org.apache.hadoop.ozone.om.exceptions.OMException: Unable to get file status: volume: 8a7ece0d-592c-4402-8670-1a5c6714fa81 bucket: a3fa9c86-34b0-45d2-883b-ad7441ff0a9c key: .Trash
	at org.apache.hadoop.ozone.om.KeyManagerImpl.getOzoneFileStatus(KeyManagerImpl.java:1283) ~[ozone-manager-1.3.0-SNAPSHOT.jar:?]
	at org.apache.hadoop.ozone.om.KeyManagerImpl.getFileStatus(KeyManagerImpl.java:1213) ~[ozone-manager-1.3.0-SNAPSHOT.jar:?]
	at org.apache.hadoop.ozone.om.OzoneManager.getFileStatus(OzoneManager.java:3419) ~[ozone-manager-1.3.0-SNAPSHOT.jar:?]
	at org.apache.hadoop.ozone.protocolPB.OzoneManagerRequestHandler.getOzoneFileStatus(OzoneManagerRequestHandler.java:871) ~[ozone-manager-1.3.0-SNAPSHOT.jar:?]
	at org.apache.hadoop.ozone.protocolPB.OzoneManagerRequestHandler.handleReadRequest(OzoneManagerRequestHandler.java:217) ~[ozone-manager-1.3.0-SNAPSHOT.jar:?]
	at org.apache.hadoop.ozone.protocolPB.OzoneManagerProtocolServerSideTranslatorPB.submitReadRequestToOM(OzoneManagerProtocolServerSideTranslatorPB.java:225) ~[ozone-manager-1.3.0-SNAPSHOT.jar:?]
	at org.apache.hadoop.ozone.protocolPB.OzoneManagerProtocolServerSideTranslatorPB.processRequest(OzoneManagerProtocolServerSideTranslatorPB.java:175) ~[ozone-manager-1.3.0-SNAPSHOT.jar:?]
	at org.apache.hadoop.hdds.server.OzoneProtocolMessageDispatcher.processRequest(OzoneProtocolMessageDispatcher.java:87) [hdds-server-framework-1.3.0-SNAPSHOT.jar:?]
	at org.apache.hadoop.ozone.protocolPB.OzoneManagerProtocolServerSideTranslatorPB.submitRequest(OzoneManagerProtocolServerSideTranslatorPB.java:147) [ozone-manager-1.3.0-SNAPSHOT.jar:?]
	at org.apache.hadoop.ozone.protocol.proto.OzoneManagerProtocolProtos$OzoneManagerService$2.callBlockingMethod(OzoneManagerProtocolProtos.java) [ozone-interface-client-1.3.0-SNAPSHOT.jar:?]
	at org.apache.hadoop.ipc.ProtobufRpcEngine$Server.processCall(ProtobufRpcEngine.java:466) [hadoop-common-3.3.1.jar:?]
	at org.apache.hadoop.ipc.ProtobufRpcEngine2$Server$ProtoBufRpcInvoker.call(ProtobufRpcEngine2.java:574) [hadoop-common-3.3.1.jar:?]
	at org.apache.hadoop.ipc.ProtobufRpcEngine2$Server$ProtoBufRpcInvoker.call(ProtobufRpcEngine2.java:552) [hadoop-common-3.3.1.jar:?]
	at org.apache.hadoop.ipc.RPC$Server.call(RPC.java:1093) [hadoop-common-3.3.1.jar:?]
	at org.apache.hadoop.ipc.Server$RpcCall.run(Server.java:1035) [hadoop-common-3.3.1.jar:?]
	at org.apache.hadoop.ipc.Server$RpcCall.run(Server.java:963) [hadoop-common-3.3.1.jar:?]
	at java.security.AccessController.doPrivileged(Native Method) ~[?:1.8.0_332]
	at javax.security.auth.Subject.doAs(Subject.java:422) [?:1.8.0_332]
	at org.apache.hadoop.security.UserGroupInformation.doAs(UserGroupInformation.java:1878) [hadoop-common-3.3.1.jar:?]
	at org.apache.hadoop.ipc.Server$Handler.run(Server.java:2966) [hadoop-common-3.3.1.jar:?]
2022-06-16 16:22:33,115 [Time-limited test] INFO  rpc.RpcClient (RpcClient.java:createBucket(666)) - Creating Bucket: volume13290/trashroottest2, with the Bucket Layout LEGACY, runner as owner, Versioning false, Storage Type set to DISK and Encryption set to false 
2022-06-16 16:22:33,117 [OM StateMachine ApplyTransaction Thread - 0] INFO  bucket.OMBucketCreateRequest (OMBucketCreateRequest.java:validateAndUpdateCache(260)) - created bucket: trashroottest2 of layout LEGACY in volume: volume13290
16:22:33.379 [IPC Server handler 8 on default port 33505] ERROR OMAudit - user=runner | ip=127.0.0.1 | op=GET_FILE_STATUS {volume=8a7ece0d-592c-4402-8670-1a5c6714fa81, bucket=a3fa9c86-34b0-45d2-883b-ad7441ff0a9c, key=.Trash, dataSize=0, replicationConfig=null} | ret=FAILURE
org.apache.hadoop.ozone.om.exceptions.OMException: Unable to get file status: volume: 8a7ece0d-592c-4402-8670-1a5c6714fa81 bucket: a3fa9c86-34b0-45d2-883b-ad7441ff0a9c key: .Trash
	at org.apache.hadoop.ozone.om.KeyManagerImpl.getOzoneFileStatus(KeyManagerImpl.java:1283) ~[ozone-manager-1.3.0-SNAPSHOT.jar:?]
	at org.apache.hadoop.ozone.om.KeyManagerImpl.getFileStatus(KeyManagerImpl.java:1213) ~[ozone-manager-1.3.0-SNAPSHOT.jar:?]
	at org.apache.hadoop.ozone.om.OzoneManager.getFileStatus(OzoneManager.java:3419) ~[ozone-manager-1.3.0-SNAPSHOT.jar:?]
	at org.apache.hadoop.ozone.protocolPB.OzoneManagerRequestHandler.getOzoneFileStatus(OzoneManagerRequestHandler.java:871) ~[ozone-manager-1.3.0-SNAPSHOT.jar:?]
	at org.apache.hadoop.ozone.protocolPB.OzoneManagerRequestHandler.handleReadRequest(OzoneManagerRequestHandler.java:217) ~[ozone-manager-1.3.0-SNAPSHOT.jar:?]
	at org.apache.hadoop.ozone.protocolPB.OzoneManagerProtocolServerSideTranslatorPB.submitReadRequestToOM(OzoneManagerProtocolServerSideTranslatorPB.java:225) ~[ozone-manager-1.3.0-SNAPSHOT.jar:?]
	at org.apache.hadoop.ozone.protocolPB.OzoneManagerProtocolServerSideTranslatorPB.processRequest(OzoneManagerProtocolServerSideTranslatorPB.java:175) ~[ozone-manager-1.3.0-SNAPSHOT.jar:?]
	at org.apache.hadoop.hdds.server.OzoneProtocolMessageDispatcher.processRequest(OzoneProtocolMessageDispatcher.java:87) [hdds-server-framework-1.3.0-SNAPSHOT.jar:?]
	at org.apache.hadoop.ozone.protocolPB.OzoneManagerProtocolServerSideTranslatorPB.submitRequest(OzoneManagerProtocolServerSideTranslatorPB.java:147) [ozone-manager-1.3.0-SNAPSHOT.jar:?]
	at org.apache.hadoop.ozone.protocol.proto.OzoneManagerProtocolProtos$OzoneManagerService$2.callBlockingMethod(OzoneManagerProtocolProtos.java) [ozone-interface-client-1.3.0-SNAPSHOT.jar:?]
	at org.apache.hadoop.ipc.ProtobufRpcEngine$Server.processCall(ProtobufRpcEngine.java:466) [hadoop-common-3.3.1.jar:?]
	at org.apache.hadoop.ipc.ProtobufRpcEngine2$Server$ProtoBufRpcInvoker.call(ProtobufRpcEngine2.java:574) [hadoop-common-3.3.1.jar:?]
	at org.apache.hadoop.ipc.ProtobufRpcEngine2$Server$ProtoBufRpcInvoker.call(ProtobufRpcEngine2.java:552) [hadoop-common-3.3.1.jar:?]
	at org.apache.hadoop.ipc.RPC$Server.call(RPC.java:1093) [hadoop-common-3.3.1.jar:?]
	at org.apache.hadoop.ipc.Server$RpcCall.run(Server.java:1035) [hadoop-common-3.3.1.jar:?]
	at org.apache.hadoop.ipc.Server$RpcCall.run(Server.java:963) [hadoop-common-3.3.1.jar:?]
	at java.security.AccessController.doPrivileged(Native Method) ~[?:1.8.0_332]
	at javax.security.auth.Subject.doAs(Subject.java:422) [?:1.8.0_332]
	at org.apache.hadoop.security.UserGroupInformation.doAs(UserGroupInformation.java:1878) [hadoop-common-3.3.1.jar:?]
	at org.apache.hadoop.ipc.Server$Handler.run(Server.java:2966) [hadoop-common-3.3.1.jar:?]
16:22:33.413 [IPC Server handler 6 on default port 33505] ERROR OMAudit - user=runner | ip=127.0.0.1 | op=GET_FILE_STATUS {volume=8a7ece0d-592c-4402-8670-1a5c6714fa81, bucket=a3fa9c86-34b0-45d2-883b-ad7441ff0a9c, key=.Trash, dataSize=0, replicationConfig=null} | ret=FAILURE
org.apache.hadoop.ozone.om.exceptions.OMException: Unable to get file status: volume: 8a7ece0d-592c-4402-8670-1a5c6714fa81 bucket: a3fa9c86-34b0-45d2-883b-ad7441ff0a9c key: .Trash
	at org.apache.hadoop.ozone.om.KeyManagerImpl.getOzoneFileStatus(KeyManagerImpl.java:1283) ~[ozone-manager-1.3.0-SNAPSHOT.jar:?]
	at org.apache.hadoop.ozone.om.KeyManagerImpl.getFileStatus(KeyManagerImpl.java:1213) ~[ozone-manager-1.3.0-SNAPSHOT.jar:?]
	at org.apache.hadoop.ozone.om.OzoneManager.getFileStatus(OzoneManager.java:3419) ~[ozone-manager-1.3.0-SNAPSHOT.jar:?]
	at org.apache.hadoop.ozone.protocolPB.OzoneManagerRequestHandler.getOzoneFileStatus(OzoneManagerRequestHandler.java:871) ~[ozone-manager-1.3.0-SNAPSHOT.jar:?]
	at org.apache.hadoop.ozone.protocolPB.OzoneManagerRequestHandler.handleReadRequest(OzoneManagerRequestHandler.java:217) ~[ozone-manager-1.3.0-SNAPSHOT.jar:?]
	at org.apache.hadoop.ozone.protocolPB.OzoneManagerProtocolServerSideTranslatorPB.submitReadRequestToOM(OzoneManagerProtocolServerSideTranslatorPB.java:225) ~[ozone-manager-1.3.0-SNAPSHOT.jar:?]
	at org.apache.hadoop.ozone.protocolPB.OzoneManagerProtocolServerSideTranslatorPB.processRequest(OzoneManagerProtocolServerSideTranslatorPB.java:175) ~[ozone-manager-1.3.0-SNAPSHOT.jar:?]
	at org.apache.hadoop.hdds.server.OzoneProtocolMessageDispatcher.processRequest(OzoneProtocolMessageDispatcher.java:87) [hdds-server-framework-1.3.0-SNAPSHOT.jar:?]
	at org.apache.hadoop.ozone.protocolPB.OzoneManagerProtocolServerSideTranslatorPB.submitRequest(OzoneManagerProtocolServerSideTranslatorPB.java:147) [ozone-manager-1.3.0-SNAPSHOT.jar:?]
	at org.apache.hadoop.ozone.protocol.proto.OzoneManagerProtocolProtos$OzoneManagerService$2.callBlockingMethod(OzoneManagerProtocolProtos.java) [ozone-interface-client-1.3.0-SNAPSHOT.jar:?]
	at org.apache.hadoop.ipc.ProtobufRpcEngine$Server.processCall(ProtobufRpcEngine.java:466) [hadoop-common-3.3.1.jar:?]
	at org.apache.hadoop.ipc.ProtobufRpcEngine2$Server$ProtoBufRpcInvoker.call(ProtobufRpcEngine2.java:574) [hadoop-common-3.3.1.jar:?]
	at org.apache.hadoop.ipc.ProtobufRpcEngine2$Server$ProtoBufRpcInvoker.call(ProtobufRpcEngine2.java:552) [hadoop-common-3.3.1.jar:?]
	at org.apache.hadoop.ipc.RPC$Server.call(RPC.java:1093) [hadoop-common-3.3.1.jar:?]
	at org.apache.hadoop.ipc.Server$RpcCall.run(Server.java:1035) [hadoop-common-3.3.1.jar:?]
	at org.apache.hadoop.ipc.Server$RpcCall.run(Server.java:963) [hadoop-common-3.3.1.jar:?]
	at java.security.AccessController.doPrivileged(Native Method) ~[?:1.8.0_332]
	at javax.security.auth.Subject.doAs(Subject.java:422) [?:1.8.0_332]
	at org.apache.hadoop.security.UserGroupInformation.doAs(UserGroupInformation.java:1878) [hadoop-common-3.3.1.jar:?]
	at org.apache.hadoop.ipc.Server$Handler.run(Server.java:2966) [hadoop-common-3.3.1.jar:?]
2022-06-16 16:22:33,537 [Time-limited test] INFO  rpc.RpcClient (RpcClient.java:createVolume(466)) - Creating Volume: volume84256, with user28528 as owner and space quota set to -1 bytes, counts quota set to -1
2022-06-16 16:22:33,550 [OM StateMachine ApplyTransaction Thread - 0] INFO  volume.OMVolumeCreateRequest (OMVolumeCreateRequest.java:validateAndUpdateCache(195)) - created volume:volume84256 for user:user28528
2022-06-16 16:22:33,553 [Time-limited test] INFO  rpc.RpcClient (RpcClient.java:createBucket(666)) - Creating Bucket: volume84256/bucket02219, with the Bucket Layout LEGACY, runner as owner, Versioning false, Storage Type set to DISK and Encryption set to false 
2022-06-16 16:22:33,559 [OM StateMachine ApplyTransaction Thread - 0] INFO  bucket.OMBucketCreateRequest (OMBucketCreateRequest.java:validateAndUpdateCache(260)) - created bucket: bucket02219 of layout LEGACY in volume: volume84256
16:22:33.627 [IPC Server handler 14 on default port 33505] ERROR OMAudit - user=runner | ip=127.0.0.1 | op=GET_FILE_STATUS {volume=8a7ece0d-592c-4402-8670-1a5c6714fa81, bucket=a3fa9c86-34b0-45d2-883b-ad7441ff0a9c, key=.Trash, dataSize=0, replicationConfig=null} | ret=FAILURE
org.apache.hadoop.ozone.om.exceptions.OMException: Unable to get file status: volume: 8a7ece0d-592c-4402-8670-1a5c6714fa81 bucket: a3fa9c86-34b0-45d2-883b-ad7441ff0a9c key: .Trash
	at org.apache.hadoop.ozone.om.KeyManagerImpl.getOzoneFileStatus(KeyManagerImpl.java:1283) ~[ozone-manager-1.3.0-SNAPSHOT.jar:?]
	at org.apache.hadoop.ozone.om.KeyManagerImpl.getFileStatus(KeyManagerImpl.java:1213) ~[ozone-manager-1.3.0-SNAPSHOT.jar:?]
	at org.apache.hadoop.ozone.om.OzoneManager.getFileStatus(OzoneManager.java:3419) ~[ozone-manager-1.3.0-SNAPSHOT.jar:?]
	at org.apache.hadoop.ozone.protocolPB.OzoneManagerRequestHandler.getOzoneFileStatus(OzoneManagerRequestHandler.java:871) ~[ozone-manager-1.3.0-SNAPSHOT.jar:?]
	at org.apache.hadoop.ozone.protocolPB.OzoneManagerRequestHandler.handleReadRequest(OzoneManagerRequestHandler.java:217) ~[ozone-manager-1.3.0-SNAPSHOT.jar:?]
	at org.apache.hadoop.ozone.protocolPB.OzoneManagerProtocolServerSideTranslatorPB.submitReadRequestToOM(OzoneManagerProtocolServerSideTranslatorPB.java:225) ~[ozone-manager-1.3.0-SNAPSHOT.jar:?]
	at org.apache.hadoop.ozone.protocolPB.OzoneManagerProtocolServerSideTranslatorPB.processRequest(OzoneManagerProtocolServerSideTranslatorPB.java:175) ~[ozone-manager-1.3.0-SNAPSHOT.jar:?]
	at org.apache.hadoop.hdds.server.OzoneProtocolMessageDispatcher.processRequest(OzoneProtocolMessageDispatcher.java:87) [hdds-server-framework-1.3.0-SNAPSHOT.jar:?]
	at org.apache.hadoop.ozone.protocolPB.OzoneManagerProtocolServerSideTranslatorPB.submitRequest(OzoneManagerProtocolServerSideTranslatorPB.java:147) [ozone-manager-1.3.0-SNAPSHOT.jar:?]
	at org.apache.hadoop.ozone.protocol.proto.OzoneManagerProtocolProtos$OzoneManagerService$2.callBlockingMethod(OzoneManagerProtocolProtos.java) [ozone-interface-client-1.3.0-SNAPSHOT.jar:?]
	at org.apache.hadoop.ipc.ProtobufRpcEngine$Server.processCall(ProtobufRpcEngine.java:466) [hadoop-common-3.3.1.jar:?]
	at org.apache.hadoop.ipc.ProtobufRpcEngine2$Server$ProtoBufRpcInvoker.call(ProtobufRpcEngine2.java:574) [hadoop-common-3.3.1.jar:?]
	at org.apache.hadoop.ipc.ProtobufRpcEngine2$Server$ProtoBufRpcInvoker.call(ProtobufRpcEngine2.java:552) [hadoop-common-3.3.1.jar:?]
	at org.apache.hadoop.ipc.RPC$Server.call(RPC.java:1093) [hadoop-common-3.3.1.jar:?]
	at org.apache.hadoop.ipc.Server$RpcCall.run(Server.java:1035) [hadoop-common-3.3.1.jar:?]
	at org.apache.hadoop.ipc.Server$RpcCall.run(Server.java:963) [hadoop-common-3.3.1.jar:?]
	at java.security.AccessController.doPrivileged(Native Method) ~[?:1.8.0_332]
	at javax.security.auth.Subject.doAs(Subject.java:422) [?:1.8.0_332]
	at org.apache.hadoop.security.UserGroupInformation.doAs(UserGroupInformation.java:1878) [hadoop-common-3.3.1.jar:?]
	at org.apache.hadoop.ipc.Server$Handler.run(Server.java:2966) [hadoop-common-3.3.1.jar:?]
16:22:33.642 [IPC Server handler 13 on default port 33505] ERROR OMAudit - user=runner | ip=127.0.0.1 | op=GET_FILE_STATUS {volume=8a7ece0d-592c-4402-8670-1a5c6714fa81, bucket=a3fa9c86-34b0-45d2-883b-ad7441ff0a9c, key=.Trash, dataSize=0, replicationConfig=null} | ret=FAILURE
org.apache.hadoop.ozone.om.exceptions.OMException: Unable to get file status: volume: 8a7ece0d-592c-4402-8670-1a5c6714fa81 bucket: a3fa9c86-34b0-45d2-883b-ad7441ff0a9c key: .Trash
	at org.apache.hadoop.ozone.om.KeyManagerImpl.getOzoneFileStatus(KeyManagerImpl.java:1283) ~[ozone-manager-1.3.0-SNAPSHOT.jar:?]
	at org.apache.hadoop.ozone.om.KeyManagerImpl.getFileStatus(KeyManagerImpl.java:1213) ~[ozone-manager-1.3.0-SNAPSHOT.jar:?]
	at org.apache.hadoop.ozone.om.OzoneManager.getFileStatus(OzoneManager.java:3419) ~[ozone-manager-1.3.0-SNAPSHOT.jar:?]
	at org.apache.hadoop.ozone.protocolPB.OzoneManagerRequestHandler.getOzoneFileStatus(OzoneManagerRequestHandler.java:871) ~[ozone-manager-1.3.0-SNAPSHOT.jar:?]
	at org.apache.hadoop.ozone.protocolPB.OzoneManagerRequestHandler.handleReadRequest(OzoneManagerRequestHandler.java:217) ~[ozone-manager-1.3.0-SNAPSHOT.jar:?]
	at org.apache.hadoop.ozone.protocolPB.OzoneManagerProtocolServerSideTranslatorPB.submitReadRequestToOM(OzoneManagerProtocolServerSideTranslatorPB.java:225) ~[ozone-manager-1.3.0-SNAPSHOT.jar:?]
	at org.apache.hadoop.ozone.protocolPB.OzoneManagerProtocolServerSideTranslatorPB.processRequest(OzoneManagerProtocolServerSideTranslatorPB.java:175) ~[ozone-manager-1.3.0-SNAPSHOT.jar:?]
	at org.apache.hadoop.hdds.server.OzoneProtocolMessageDispatcher.processRequest(OzoneProtocolMessageDispatcher.java:87) [hdds-server-framework-1.3.0-SNAPSHOT.jar:?]
	at org.apache.hadoop.ozone.protocolPB.OzoneManagerProtocolServerSideTranslatorPB.submitRequest(OzoneManagerProtocolServerSideTranslatorPB.java:147) [ozone-manager-1.3.0-SNAPSHOT.jar:?]
	at org.apache.hadoop.ozone.protocol.proto.OzoneManagerProtocolProtos$OzoneManagerService$2.callBlockingMethod(OzoneManagerProtocolProtos.java) [ozone-interface-client-1.3.0-SNAPSHOT.jar:?]
	at org.apache.hadoop.ipc.ProtobufRpcEngine$Server.processCall(ProtobufRpcEngine.java:466) [hadoop-common-3.3.1.jar:?]
	at org.apache.hadoop.ipc.ProtobufRpcEngine2$Server$ProtoBufRpcInvoker.call(ProtobufRpcEngine2.java:574) [hadoop-common-3.3.1.jar:?]
	at org.apache.hadoop.ipc.ProtobufRpcEngine2$Server$ProtoBufRpcInvoker.call(ProtobufRpcEngine2.java:552) [hadoop-common-3.3.1.jar:?]
	at org.apache.hadoop.ipc.RPC$Server.call(RPC.java:1093) [hadoop-common-3.3.1.jar:?]
	at org.apache.hadoop.ipc.Server$RpcCall.run(Server.java:1035) [hadoop-common-3.3.1.jar:?]
	at org.apache.hadoop.ipc.Server$RpcCall.run(Server.java:963) [hadoop-common-3.3.1.jar:?]
	at java.security.AccessController.doPrivileged(Native Method) ~[?:1.8.0_332]
	at javax.security.auth.Subject.doAs(Subject.java:422) [?:1.8.0_332]
	at org.apache.hadoop.security.UserGroupInformation.doAs(UserGroupInformation.java:1878) [hadoop-common-3.3.1.jar:?]
	at org.apache.hadoop.ipc.Server$Handler.run(Server.java:2966) [hadoop-common-3.3.1.jar:?]
16:22:33.654 [IPC Server handler 6 on default port 33505] ERROR OMAudit - user=runner | ip=127.0.0.1 | op=GET_FILE_STATUS {volume=volume84256, bucket=bucket02219, key=.Trash/runner, dataSize=0, replicationConfig=null} | ret=FAILURE
org.apache.hadoop.ozone.om.exceptions.OMException: Unable to get file status: volume: volume84256 bucket: bucket02219 key: .Trash/runner
	at org.apache.hadoop.ozone.om.KeyManagerImpl.getOzoneFileStatus(KeyManagerImpl.java:1283) ~[ozone-manager-1.3.0-SNAPSHOT.jar:?]
	at org.apache.hadoop.ozone.om.KeyManagerImpl.getFileStatus(KeyManagerImpl.java:1213) ~[ozone-manager-1.3.0-SNAPSHOT.jar:?]
	at org.apache.hadoop.ozone.om.OzoneManager.getFileStatus(OzoneManager.java:3419) ~[ozone-manager-1.3.0-SNAPSHOT.jar:?]
	at org.apache.hadoop.ozone.protocolPB.OzoneManagerRequestHandler.getOzoneFileStatus(OzoneManagerRequestHandler.java:871) ~[ozone-manager-1.3.0-SNAPSHOT.jar:?]
	at org.apache.hadoop.ozone.protocolPB.OzoneManagerRequestHandler.handleReadRequest(OzoneManagerRequestHandler.java:217) ~[ozone-manager-1.3.0-SNAPSHOT.jar:?]
	at org.apache.hadoop.ozone.protocolPB.OzoneManagerProtocolServerSideTranslatorPB.submitReadRequestToOM(OzoneManagerProtocolServerSideTranslatorPB.java:225) ~[ozone-manager-1.3.0-SNAPSHOT.jar:?]
	at org.apache.hadoop.ozone.protocolPB.OzoneManagerProtocolServerSideTranslatorPB.processRequest(OzoneManagerProtocolServerSideTranslatorPB.java:175) ~[ozone-manager-1.3.0-SNAPSHOT.jar:?]
	at org.apache.hadoop.hdds.server.OzoneProtocolMessageDispatcher.processRequest(OzoneProtocolMessageDispatcher.java:87) [hdds-server-framework-1.3.0-SNAPSHOT.jar:?]
	at org.apache.hadoop.ozone.protocolPB.OzoneManagerProtocolServerSideTranslatorPB.submitRequest(OzoneManagerProtocolServerSideTranslatorPB.java:147) [ozone-manager-1.3.0-SNAPSHOT.jar:?]
	at org.apache.hadoop.ozone.protocol.proto.OzoneManagerProtocolProtos$OzoneManagerService$2.callBlockingMethod(OzoneManagerProtocolProtos.java) [ozone-interface-client-1.3.0-SNAPSHOT.jar:?]
	at org.apache.hadoop.ipc.ProtobufRpcEngine$Server.processCall(ProtobufRpcEngine.java:466) [hadoop-common-3.3.1.jar:?]
	at org.apache.hadoop.ipc.ProtobufRpcEngine2$Server$ProtoBufRpcInvoker.call(ProtobufRpcEngine2.java:574) [hadoop-common-3.3.1.jar:?]
	at org.apache.hadoop.ipc.ProtobufRpcEngine2$Server$ProtoBufRpcInvoker.call(ProtobufRpcEngine2.java:552) [hadoop-common-3.3.1.jar:?]
	at org.apache.hadoop.ipc.RPC$Server.call(RPC.java:1093) [hadoop-common-3.3.1.jar:?]
	at org.apache.hadoop.ipc.Server$RpcCall.run(Server.java:1035) [hadoop-common-3.3.1.jar:?]
	at org.apache.hadoop.ipc.Server$RpcCall.run(Server.java:963) [hadoop-common-3.3.1.jar:?]
	at java.security.AccessController.doPrivileged(Native Method) ~[?:1.8.0_332]
	at javax.security.auth.Subject.doAs(Subject.java:422) [?:1.8.0_332]
	at org.apache.hadoop.security.UserGroupInformation.doAs(UserGroupInformation.java:1878) [hadoop-common-3.3.1.jar:?]
	at org.apache.hadoop.ipc.Server$Handler.run(Server.java:2966) [hadoop-common-3.3.1.jar:?]
16:22:33.659 [IPC Server handler 1 on default port 33505] ERROR OMAudit - user=runner | ip=127.0.0.1 | op=GET_FILE_STATUS {volume=8a7ece0d-592c-4402-8670-1a5c6714fa81, bucket=a3fa9c86-34b0-45d2-883b-ad7441ff0a9c, key=.Trash, dataSize=0, replicationConfig=null} | ret=FAILURE
org.apache.hadoop.ozone.om.exceptions.OMException: Unable to get file status: volume: 8a7ece0d-592c-4402-8670-1a5c6714fa81 bucket: a3fa9c86-34b0-45d2-883b-ad7441ff0a9c key: .Trash
	at org.apache.hadoop.ozone.om.KeyManagerImpl.getOzoneFileStatus(KeyManagerImpl.java:1283) ~[ozone-manager-1.3.0-SNAPSHOT.jar:?]
	at org.apache.hadoop.ozone.om.KeyManagerImpl.getFileStatus(KeyManagerImpl.java:1213) ~[ozone-manager-1.3.0-SNAPSHOT.jar:?]
	at org.apache.hadoop.ozone.om.OzoneManager.getFileStatus(OzoneManager.java:3419) ~[ozone-manager-1.3.0-SNAPSHOT.jar:?]
	at org.apache.hadoop.ozone.protocolPB.OzoneManagerRequestHandler.getOzoneFileStatus(OzoneManagerRequestHandler.java:871) ~[ozone-manager-1.3.0-SNAPSHOT.jar:?]
	at org.apache.hadoop.ozone.protocolPB.OzoneManagerRequestHandler.handleReadRequest(OzoneManagerRequestHandler.java:217) ~[ozone-manager-1.3.0-SNAPSHOT.jar:?]
	at org.apache.hadoop.ozone.protocolPB.OzoneManagerProtocolServerSideTranslatorPB.submitReadRequestToOM(OzoneManagerProtocolServerSideTranslatorPB.java:225) ~[ozone-manager-1.3.0-SNAPSHOT.jar:?]
	at org.apache.hadoop.ozone.protocolPB.OzoneManagerProtocolServerSideTranslatorPB.processRequest(OzoneManagerProtocolServerSideTranslatorPB.java:175) ~[ozone-manager-1.3.0-SNAPSHOT.jar:?]
	at org.apache.hadoop.hdds.server.OzoneProtocolMessageDispatcher.processRequest(OzoneProtocolMessageDispatcher.java:87) [hdds-server-framework-1.3.0-SNAPSHOT.jar:?]
	at org.apache.hadoop.ozone.protocolPB.OzoneManagerProtocolServerSideTranslatorPB.submitRequest(OzoneManagerProtocolServerSideTranslatorPB.java:147) [ozone-manager-1.3.0-SNAPSHOT.jar:?]
	at org.apache.hadoop.ozone.protocol.proto.OzoneManagerProtocolProtos$OzoneManagerService$2.callBlockingMethod(OzoneManagerProtocolProtos.java) [ozone-interface-client-1.3.0-SNAPSHOT.jar:?]
	at org.apache.hadoop.ipc.ProtobufRpcEngine$Server.processCall(ProtobufRpcEngine.java:466) [hadoop-common-3.3.1.jar:?]
	at org.apache.hadoop.ipc.ProtobufRpcEngine2$Server$ProtoBufRpcInvoker.call(ProtobufRpcEngine2.java:574) [hadoop-common-3.3.1.jar:?]
	at org.apache.hadoop.ipc.ProtobufRpcEngine2$Server$ProtoBufRpcInvoker.call(ProtobufRpcEngine2.java:552) [hadoop-common-3.3.1.jar:?]
	at org.apache.hadoop.ipc.RPC$Server.call(RPC.java:1093) [hadoop-common-3.3.1.jar:?]
	at org.apache.hadoop.ipc.Server$RpcCall.run(Server.java:1035) [hadoop-common-3.3.1.jar:?]
	at org.apache.hadoop.ipc.Server$RpcCall.run(Server.java:963) [hadoop-common-3.3.1.jar:?]
	at java.security.AccessController.doPrivileged(Native Method) ~[?:1.8.0_332]
	at javax.security.auth.Subject.doAs(Subject.java:422) [?:1.8.0_332]
	at org.apache.hadoop.security.UserGroupInformation.doAs(UserGroupInformation.java:1878) [hadoop-common-3.3.1.jar:?]
	at org.apache.hadoop.ipc.Server$Handler.run(Server.java:2966) [hadoop-common-3.3.1.jar:?]
16:22:33.687 [IPC Server handler 0 on default port 33505] ERROR OMAudit - user=runner | ip=127.0.0.1 | op=GET_FILE_STATUS {volume=volume84256, bucket=bucket02219, key=.Trash, dataSize=0, replicationConfig=null} | ret=FAILURE
org.apache.hadoop.ozone.om.exceptions.OMException: Unable to get file status: volume: volume84256 bucket: bucket02219 key: .Trash
	at org.apache.hadoop.ozone.om.KeyManagerImpl.getOzoneFileStatus(KeyManagerImpl.java:1283) ~[ozone-manager-1.3.0-SNAPSHOT.jar:?]
	at org.apache.hadoop.ozone.om.KeyManagerImpl.getFileStatus(KeyManagerImpl.java:1213) ~[ozone-manager-1.3.0-SNAPSHOT.jar:?]
	at org.apache.hadoop.ozone.om.OzoneManager.getFileStatus(OzoneManager.java:3419) ~[ozone-manager-1.3.0-SNAPSHOT.jar:?]
	at org.apache.hadoop.ozone.protocolPB.OzoneManagerRequestHandler.getOzoneFileStatus(OzoneManagerRequestHandler.java:871) ~[ozone-manager-1.3.0-SNAPSHOT.jar:?]
	at org.apache.hadoop.ozone.protocolPB.OzoneManagerRequestHandler.handleReadRequest(OzoneManagerRequestHandler.java:217) ~[ozone-manager-1.3.0-SNAPSHOT.jar:?]
	at org.apache.hadoop.ozone.protocolPB.OzoneManagerProtocolServerSideTranslatorPB.submitReadRequestToOM(OzoneManagerProtocolServerSideTranslatorPB.java:225) ~[ozone-manager-1.3.0-SNAPSHOT.jar:?]
	at org.apache.hadoop.ozone.protocolPB.OzoneManagerProtocolServerSideTranslatorPB.processRequest(OzoneManagerProtocolServerSideTranslatorPB.java:175) ~[ozone-manager-1.3.0-SNAPSHOT.jar:?]
	at org.apache.hadoop.hdds.server.OzoneProtocolMessageDispatcher.processRequest(OzoneProtocolMessageDispatcher.java:87) [hdds-server-framework-1.3.0-SNAPSHOT.jar:?]
	at org.apache.hadoop.ozone.protocolPB.OzoneManagerProtocolServerSideTranslatorPB.submitRequest(OzoneManagerProtocolServerSideTranslatorPB.java:147) [ozone-manager-1.3.0-SNAPSHOT.jar:?]
	at org.apache.hadoop.ozone.protocol.proto.OzoneManagerProtocolProtos$OzoneManagerService$2.callBlockingMethod(OzoneManagerProtocolProtos.java) [ozone-interface-client-1.3.0-SNAPSHOT.jar:?]
	at org.apache.hadoop.ipc.ProtobufRpcEngine$Server.processCall(ProtobufRpcEngine.java:466) [hadoop-common-3.3.1.jar:?]
	at org.apache.hadoop.ipc.ProtobufRpcEngine2$Server$ProtoBufRpcInvoker.call(ProtobufRpcEngine2.java:574) [hadoop-common-3.3.1.jar:?]
	at org.apache.hadoop.ipc.ProtobufRpcEngine2$Server$ProtoBufRpcInvoker.call(ProtobufRpcEngine2.java:552) [hadoop-common-3.3.1.jar:?]
	at org.apache.hadoop.ipc.RPC$Server.call(RPC.java:1093) [hadoop-common-3.3.1.jar:?]
	at org.apache.hadoop.ipc.Server$RpcCall.run(Server.java:1035) [hadoop-common-3.3.1.jar:?]
	at org.apache.hadoop.ipc.Server$RpcCall.run(Server.java:963) [hadoop-common-3.3.1.jar:?]
	at java.security.AccessController.doPrivileged(Native Method) ~[?:1.8.0_332]
	at javax.security.auth.Subject.doAs(Subject.java:422) [?:1.8.0_332]
	at org.apache.hadoop.security.UserGroupInformation.doAs(UserGroupInformation.java:1878) [hadoop-common-3.3.1.jar:?]
	at org.apache.hadoop.ipc.Server$Handler.run(Server.java:2966) [hadoop-common-3.3.1.jar:?]
16:22:33.704 [IPC Server handler 6 on default port 33505] ERROR OMAudit - user=runner | ip=127.0.0.1 | op=GET_FILE_STATUS {volume=volume84256, bucket=bucket02219, key=.Trash/runner, dataSize=0, replicationConfig=null} | ret=FAILURE
org.apache.hadoop.ozone.om.exceptions.OMException: Unable to get file status: volume: volume84256 bucket: bucket02219 key: .Trash/runner
	at org.apache.hadoop.ozone.om.KeyManagerImpl.getOzoneFileStatus(KeyManagerImpl.java:1283) ~[ozone-manager-1.3.0-SNAPSHOT.jar:?]
	at org.apache.hadoop.ozone.om.KeyManagerImpl.getFileStatus(KeyManagerImpl.java:1213) ~[ozone-manager-1.3.0-SNAPSHOT.jar:?]
	at org.apache.hadoop.ozone.om.OzoneManager.getFileStatus(OzoneManager.java:3419) ~[ozone-manager-1.3.0-SNAPSHOT.jar:?]
	at org.apache.hadoop.ozone.protocolPB.OzoneManagerRequestHandler.getOzoneFileStatus(OzoneManagerRequestHandler.java:871) ~[ozone-manager-1.3.0-SNAPSHOT.jar:?]
	at org.apache.hadoop.ozone.protocolPB.OzoneManagerRequestHandler.handleReadRequest(OzoneManagerRequestHandler.java:217) ~[ozone-manager-1.3.0-SNAPSHOT.jar:?]
	at org.apache.hadoop.ozone.protocolPB.OzoneManagerProtocolServerSideTranslatorPB.submitReadRequestToOM(OzoneManagerProtocolServerSideTranslatorPB.java:225) ~[ozone-manager-1.3.0-SNAPSHOT.jar:?]
	at org.apache.hadoop.ozone.protocolPB.OzoneManagerProtocolServerSideTranslatorPB.processRequest(OzoneManagerProtocolServerSideTranslatorPB.java:175) ~[ozone-manager-1.3.0-SNAPSHOT.jar:?]
	at org.apache.hadoop.hdds.server.OzoneProtocolMessageDispatcher.processRequest(OzoneProtocolMessageDispatcher.java:87) [hdds-server-framework-1.3.0-SNAPSHOT.jar:?]
	at org.apache.hadoop.ozone.protocolPB.OzoneManagerProtocolServerSideTranslatorPB.submitRequest(OzoneManagerProtocolServerSideTranslatorPB.java:147) [ozone-manager-1.3.0-SNAPSHOT.jar:?]
	at org.apache.hadoop.ozone.protocol.proto.OzoneManagerProtocolProtos$OzoneManagerService$2.callBlockingMethod(OzoneManagerProtocolProtos.java) [ozone-interface-client-1.3.0-SNAPSHOT.jar:?]
	at org.apache.hadoop.ipc.ProtobufRpcEngine$Server.processCall(ProtobufRpcEngine.java:466) [hadoop-common-3.3.1.jar:?]
	at org.apache.hadoop.ipc.ProtobufRpcEngine2$Server$ProtoBufRpcInvoker.call(ProtobufRpcEngine2.java:574) [hadoop-common-3.3.1.jar:?]
	at org.apache.hadoop.ipc.ProtobufRpcEngine2$Server$ProtoBufRpcInvoker.call(ProtobufRpcEngine2.java:552) [hadoop-common-3.3.1.jar:?]
	at org.apache.hadoop.ipc.RPC$Server.call(RPC.java:1093) [hadoop-common-3.3.1.jar:?]
	at org.apache.hadoop.ipc.Server$RpcCall.run(Server.java:1035) [hadoop-common-3.3.1.jar:?]
	at org.apache.hadoop.ipc.Server$RpcCall.run(Server.java:963) [hadoop-common-3.3.1.jar:?]
	at java.security.AccessController.doPrivileged(Native Method) ~[?:1.8.0_332]
	at javax.security.auth.Subject.doAs(Subject.java:422) [?:1.8.0_332]
	at org.apache.hadoop.security.UserGroupInformation.doAs(UserGroupInformation.java:1878) [hadoop-common-3.3.1.jar:?]
	at org.apache.hadoop.ipc.Server$Handler.run(Server.java:2966) [hadoop-common-3.3.1.jar:?]
16:22:33.710 [IPC Server handler 15 on default port 33505] ERROR OMAudit - user=runner | ip=127.0.0.1 | op=GET_FILE_STATUS {volume=volume13290, bucket=trashroottest2, key=.Trash/runner, dataSize=0, replicationConfig=null} | ret=FAILURE
org.apache.hadoop.ozone.om.exceptions.OMException: Unable to get file status: volume: volume13290 bucket: trashroottest2 key: .Trash/runner
	at org.apache.hadoop.ozone.om.KeyManagerImpl.getOzoneFileStatus(KeyManagerImpl.java:1283) ~[ozone-manager-1.3.0-SNAPSHOT.jar:?]
	at org.apache.hadoop.ozone.om.KeyManagerImpl.getFileStatus(KeyManagerImpl.java:1213) ~[ozone-manager-1.3.0-SNAPSHOT.jar:?]
	at org.apache.hadoop.ozone.om.OzoneManager.getFileStatus(OzoneManager.java:3419) ~[ozone-manager-1.3.0-SNAPSHOT.jar:?]
	at org.apache.hadoop.ozone.protocolPB.OzoneManagerRequestHandler.getOzoneFileStatus(OzoneManagerRequestHandler.java:871) ~[ozone-manager-1.3.0-SNAPSHOT.jar:?]
	at org.apache.hadoop.ozone.protocolPB.OzoneManagerRequestHandler.handleReadRequest(OzoneManagerRequestHandler.java:217) ~[ozone-manager-1.3.0-SNAPSHOT.jar:?]
	at org.apache.hadoop.ozone.protocolPB.OzoneManagerProtocolServerSideTranslatorPB.submitReadRequestToOM(OzoneManagerProtocolServerSideTranslatorPB.java:225) ~[ozone-manager-1.3.0-SNAPSHOT.jar:?]
	at org.apache.hadoop.ozone.protocolPB.OzoneManagerProtocolServerSideTranslatorPB.processRequest(OzoneManagerProtocolServerSideTranslatorPB.java:175) ~[ozone-manager-1.3.0-SNAPSHOT.jar:?]
	at org.apache.hadoop.hdds.server.OzoneProtocolMessageDispatcher.processRequest(OzoneProtocolMessageDispatcher.java:87) [hdds-server-framework-1.3.0-SNAPSHOT.jar:?]
	at org.apache.hadoop.ozone.protocolPB.OzoneManagerProtocolServerSideTranslatorPB.submitRequest(OzoneManagerProtocolServerSideTranslatorPB.java:147) [ozone-manager-1.3.0-SNAPSHOT.jar:?]
	at org.apache.hadoop.ozone.protocol.proto.OzoneManagerProtocolProtos$OzoneManagerService$2.callBlockingMethod(OzoneManagerProtocolProtos.java) [ozone-interface-client-1.3.0-SNAPSHOT.jar:?]
	at org.apache.hadoop.ipc.ProtobufRpcEngine$Server.processCall(ProtobufRpcEngine.java:466) [hadoop-common-3.3.1.jar:?]
	at org.apache.hadoop.ipc.ProtobufRpcEngine2$Server$ProtoBufRpcInvoker.call(ProtobufRpcEngine2.java:574) [hadoop-common-3.3.1.jar:?]
	at org.apache.hadoop.ipc.ProtobufRpcEngine2$Server$ProtoBufRpcInvoker.call(ProtobufRpcEngine2.java:552) [hadoop-common-3.3.1.jar:?]
	at org.apache.hadoop.ipc.RPC$Server.call(RPC.java:1093) [hadoop-common-3.3.1.jar:?]
	at org.apache.hadoop.ipc.Server$RpcCall.run(Server.java:1035) [hadoop-common-3.3.1.jar:?]
	at org.apache.hadoop.ipc.Server$RpcCall.run(Server.java:963) [hadoop-common-3.3.1.jar:?]
	at java.security.AccessController.doPrivileged(Native Method) ~[?:1.8.0_332]
	at javax.security.auth.Subject.doAs(Subject.java:422) [?:1.8.0_332]
	at org.apache.hadoop.security.UserGroupInformation.doAs(UserGroupInformation.java:1878) [hadoop-common-3.3.1.jar:?]
	at org.apache.hadoop.ipc.Server$Handler.run(Server.java:2966) [hadoop-common-3.3.1.jar:?]
16:22:33.715 [IPC Server handler 14 on default port 33505] ERROR OMAudit - user=runner | ip=127.0.0.1 | op=GET_FILE_STATUS {volume=8a7ece0d-592c-4402-8670-1a5c6714fa81, bucket=a3fa9c86-34b0-45d2-883b-ad7441ff0a9c, key=.Trash, dataSize=0, replicationConfig=null} | ret=FAILURE
org.apache.hadoop.ozone.om.exceptions.OMException: Unable to get file status: volume: 8a7ece0d-592c-4402-8670-1a5c6714fa81 bucket: a3fa9c86-34b0-45d2-883b-ad7441ff0a9c key: .Trash
	at org.apache.hadoop.ozone.om.KeyManagerImpl.getOzoneFileStatus(KeyManagerImpl.java:1283) ~[ozone-manager-1.3.0-SNAPSHOT.jar:?]
	at org.apache.hadoop.ozone.om.KeyManagerImpl.getFileStatus(KeyManagerImpl.java:1213) ~[ozone-manager-1.3.0-SNAPSHOT.jar:?]
	at org.apache.hadoop.ozone.om.OzoneManager.getFileStatus(OzoneManager.java:3419) ~[ozone-manager-1.3.0-SNAPSHOT.jar:?]
	at org.apache.hadoop.ozone.protocolPB.OzoneManagerRequestHandler.getOzoneFileStatus(OzoneManagerRequestHandler.java:871) ~[ozone-manager-1.3.0-SNAPSHOT.jar:?]
	at org.apache.hadoop.ozone.protocolPB.OzoneManagerRequestHandler.handleReadRequest(OzoneManagerRequestHandler.java:217) ~[ozone-manager-1.3.0-SNAPSHOT.jar:?]
	at org.apache.hadoop.ozone.protocolPB.OzoneManagerProtocolServerSideTranslatorPB.submitReadRequestToOM(OzoneManagerProtocolServerSideTranslatorPB.java:225) ~[ozone-manager-1.3.0-SNAPSHOT.jar:?]
	at org.apache.hadoop.ozone.protocolPB.OzoneManagerProtocolServerSideTranslatorPB.processRequest(OzoneManagerProtocolServerSideTranslatorPB.java:175) ~[ozone-manager-1.3.0-SNAPSHOT.jar:?]
	at org.apache.hadoop.hdds.server.OzoneProtocolMessageDispatcher.processRequest(OzoneProtocolMessageDispatcher.java:87) [hdds-server-framework-1.3.0-SNAPSHOT.jar:?]
	at org.apache.hadoop.ozone.protocolPB.OzoneManagerProtocolServerSideTranslatorPB.submitRequest(OzoneManagerProtocolServerSideTranslatorPB.java:147) [ozone-manager-1.3.0-SNAPSHOT.jar:?]
	at org.apache.hadoop.ozone.protocol.proto.OzoneManagerProtocolProtos$OzoneManagerService$2.callBlockingMethod(OzoneManagerProtocolProtos.java) [ozone-interface-client-1.3.0-SNAPSHOT.jar:?]
	at org.apache.hadoop.ipc.ProtobufRpcEngine$Server.processCall(ProtobufRpcEngine.java:466) [hadoop-common-3.3.1.jar:?]
	at org.apache.hadoop.ipc.ProtobufRpcEngine2$Server$ProtoBufRpcInvoker.call(ProtobufRpcEngine2.java:574) [hadoop-common-3.3.1.jar:?]
	at org.apache.hadoop.ipc.ProtobufRpcEngine2$Server$ProtoBufRpcInvoker.call(ProtobufRpcEngine2.java:552) [hadoop-common-3.3.1.jar:?]
	at org.apache.hadoop.ipc.RPC$Server.call(RPC.java:1093) [hadoop-common-3.3.1.jar:?]
	at org.apache.hadoop.ipc.Server$RpcCall.run(Server.java:1035) [hadoop-common-3.3.1.jar:?]
	at org.apache.hadoop.ipc.Server$RpcCall.run(Server.java:963) [hadoop-common-3.3.1.jar:?]
	at java.security.AccessController.doPrivileged(Native Method) ~[?:1.8.0_332]
	at javax.security.auth.Subject.doAs(Subject.java:422) [?:1.8.0_332]
	at org.apache.hadoop.security.UserGroupInformation.doAs(UserGroupInformation.java:1878) [hadoop-common-3.3.1.jar:?]
	at org.apache.hadoop.ipc.Server$Handler.run(Server.java:2966) [hadoop-common-3.3.1.jar:?]
16:22:33.719 [IPC Server handler 19 on default port 33505] ERROR OMAudit - user=runner | ip=127.0.0.1 | op=GET_FILE_STATUS {volume=volume13290, bucket=trashroottest2, key=.Trash, dataSize=0, replicationConfig=null} | ret=FAILURE
org.apache.hadoop.ozone.om.exceptions.OMException: Unable to get file status: volume: volume13290 bucket: trashroottest2 key: .Trash
	at org.apache.hadoop.ozone.om.KeyManagerImpl.getOzoneFileStatus(KeyManagerImpl.java:1283) ~[ozone-manager-1.3.0-SNAPSHOT.jar:?]
	at org.apache.hadoop.ozone.om.KeyManagerImpl.getFileStatus(KeyManagerImpl.java:1213) ~[ozone-manager-1.3.0-SNAPSHOT.jar:?]
	at org.apache.hadoop.ozone.om.OzoneManager.getFileStatus(OzoneManager.java:3419) ~[ozone-manager-1.3.0-SNAPSHOT.jar:?]
	at org.apache.hadoop.ozone.protocolPB.OzoneManagerRequestHandler.getOzoneFileStatus(OzoneManagerRequestHandler.java:871) ~[ozone-manager-1.3.0-SNAPSHOT.jar:?]
	at org.apache.hadoop.ozone.protocolPB.OzoneManagerRequestHandler.handleReadRequest(OzoneManagerRequestHandler.java:217) ~[ozone-manager-1.3.0-SNAPSHOT.jar:?]
	at org.apache.hadoop.ozone.protocolPB.OzoneManagerProtocolServerSideTranslatorPB.submitReadRequestToOM(OzoneManagerProtocolServerSideTranslatorPB.java:225) ~[ozone-manager-1.3.0-SNAPSHOT.jar:?]
	at org.apache.hadoop.ozone.protocolPB.OzoneManagerProtocolServerSideTranslatorPB.processRequest(OzoneManagerProtocolServerSideTranslatorPB.java:175) ~[ozone-manager-1.3.0-SNAPSHOT.jar:?]
	at org.apache.hadoop.hdds.server.OzoneProtocolMessageDispatcher.processRequest(OzoneProtocolMessageDispatcher.java:87) [hdds-server-framework-1.3.0-SNAPSHOT.jar:?]
	at org.apache.hadoop.ozone.protocolPB.OzoneManagerProtocolServerSideTranslatorPB.submitRequest(OzoneManagerProtocolServerSideTranslatorPB.java:147) [ozone-manager-1.3.0-SNAPSHOT.jar:?]
	at org.apache.hadoop.ozone.protocol.proto.OzoneManagerProtocolProtos$OzoneManagerService$2.callBlockingMethod(OzoneManagerProtocolProtos.java) [ozone-interface-client-1.3.0-SNAPSHOT.jar:?]
	at org.apache.hadoop.ipc.ProtobufRpcEngine$Server.processCall(ProtobufRpcEngine.java:466) [hadoop-common-3.3.1.jar:?]
	at org.apache.hadoop.ipc.ProtobufRpcEngine2$Server$ProtoBufRpcInvoker.call(ProtobufRpcEngine2.java:574) [hadoop-common-3.3.1.jar:?]
	at org.apache.hadoop.ipc.ProtobufRpcEngine2$Server$ProtoBufRpcInvoker.call(ProtobufRpcEngine2.java:552) [hadoop-common-3.3.1.jar:?]
	at org.apache.hadoop.ipc.RPC$Server.call(RPC.java:1093) [hadoop-common-3.3.1.jar:?]
	at org.apache.hadoop.ipc.Server$RpcCall.run(Server.java:1035) [hadoop-common-3.3.1.jar:?]
	at org.apache.hadoop.ipc.Server$RpcCall.run(Server.java:963) [hadoop-common-3.3.1.jar:?]
	at java.security.AccessController.doPrivileged(Native Method) ~[?:1.8.0_332]
	at javax.security.auth.Subject.doAs(Subject.java:422) [?:1.8.0_332]
	at org.apache.hadoop.security.UserGroupInformation.doAs(UserGroupInformation.java:1878) [hadoop-common-3.3.1.jar:?]
	at org.apache.hadoop.ipc.Server$Handler.run(Server.java:2966) [hadoop-common-3.3.1.jar:?]
16:22:33.742 [IPC Server handler 16 on default port 33505] ERROR OMAudit - user=runner | ip=127.0.0.1 | op=GET_FILE_STATUS {volume=volume84256, bucket=bucket02219, key=.Trash, dataSize=0, replicationConfig=null} | ret=FAILURE
org.apache.hadoop.ozone.om.exceptions.OMException: Unable to get file status: volume: volume84256 bucket: bucket02219 key: .Trash
	at org.apache.hadoop.ozone.om.KeyManagerImpl.getOzoneFileStatus(KeyManagerImpl.java:1283) ~[ozone-manager-1.3.0-SNAPSHOT.jar:?]
	at org.apache.hadoop.ozone.om.KeyManagerImpl.getFileStatus(KeyManagerImpl.java:1213) ~[ozone-manager-1.3.0-SNAPSHOT.jar:?]
	at org.apache.hadoop.ozone.om.OzoneManager.getFileStatus(OzoneManager.java:3419) ~[ozone-manager-1.3.0-SNAPSHOT.jar:?]
	at org.apache.hadoop.ozone.protocolPB.OzoneManagerRequestHandler.getOzoneFileStatus(OzoneManagerRequestHandler.java:871) ~[ozone-manager-1.3.0-SNAPSHOT.jar:?]
	at org.apache.hadoop.ozone.protocolPB.OzoneManagerRequestHandler.handleReadRequest(OzoneManagerRequestHandler.java:217) ~[ozone-manager-1.3.0-SNAPSHOT.jar:?]
	at org.apache.hadoop.ozone.protocolPB.OzoneManagerProtocolServerSideTranslatorPB.submitReadRequestToOM(OzoneManagerProtocolServerSideTranslatorPB.java:225) ~[ozone-manager-1.3.0-SNAPSHOT.jar:?]
	at org.apache.hadoop.ozone.protocolPB.OzoneManagerProtocolServerSideTranslatorPB.processRequest(OzoneManagerProtocolServerSideTranslatorPB.java:175) ~[ozone-manager-1.3.0-SNAPSHOT.jar:?]
	at org.apache.hadoop.hdds.server.OzoneProtocolMessageDispatcher.processRequest(OzoneProtocolMessageDispatcher.java:87) [hdds-server-framework-1.3.0-SNAPSHOT.jar:?]
	at org.apache.hadoop.ozone.protocolPB.OzoneManagerProtocolServerSideTranslatorPB.submitRequest(OzoneManagerProtocolServerSideTranslatorPB.java:147) [ozone-manager-1.3.0-SNAPSHOT.jar:?]
	at org.apache.hadoop.ozone.protocol.proto.OzoneManagerProtocolProtos$OzoneManagerService$2.callBlockingMethod(OzoneManagerProtocolProtos.java) [ozone-interface-client-1.3.0-SNAPSHOT.jar:?]
	at org.apache.hadoop.ipc.ProtobufRpcEngine$Server.processCall(ProtobufRpcEngine.java:466) [hadoop-common-3.3.1.jar:?]
	at org.apache.hadoop.ipc.ProtobufRpcEngine2$Server$ProtoBufRpcInvoker.call(ProtobufRpcEngine2.java:574) [hadoop-common-3.3.1.jar:?]
	at org.apache.hadoop.ipc.ProtobufRpcEngine2$Server$ProtoBufRpcInvoker.call(ProtobufRpcEngine2.java:552) [hadoop-common-3.3.1.jar:?]
	at org.apache.hadoop.ipc.RPC$Server.call(RPC.java:1093) [hadoop-common-3.3.1.jar:?]
	at org.apache.hadoop.ipc.Server$RpcCall.run(Server.java:1035) [hadoop-common-3.3.1.jar:?]
	at org.apache.hadoop.ipc.Server$RpcCall.run(Server.java:963) [hadoop-common-3.3.1.jar:?]
	at java.security.AccessController.doPrivileged(Native Method) ~[?:1.8.0_332]
	at javax.security.auth.Subject.doAs(Subject.java:422) [?:1.8.0_332]
	at org.apache.hadoop.security.UserGroupInformation.doAs(UserGroupInformation.java:1878) [hadoop-common-3.3.1.jar:?]
	at org.apache.hadoop.ipc.Server$Handler.run(Server.java:2966) [hadoop-common-3.3.1.jar:?]
16:22:33.753 [IPC Server handler 8 on default port 33505] ERROR OMAudit - user=runner | ip=127.0.0.1 | op=GET_FILE_STATUS {volume=volume84256, bucket=bucket02219, key=.Trash/runner, dataSize=0, replicationConfig=null} | ret=FAILURE
org.apache.hadoop.ozone.om.exceptions.OMException: Unable to get file status: volume: volume84256 bucket: bucket02219 key: .Trash/runner
	at org.apache.hadoop.ozone.om.KeyManagerImpl.getOzoneFileStatus(KeyManagerImpl.java:1283) ~[ozone-manager-1.3.0-SNAPSHOT.jar:?]
	at org.apache.hadoop.ozone.om.KeyManagerImpl.getFileStatus(KeyManagerImpl.java:1213) ~[ozone-manager-1.3.0-SNAPSHOT.jar:?]
	at org.apache.hadoop.ozone.om.OzoneManager.getFileStatus(OzoneManager.java:3419) ~[ozone-manager-1.3.0-SNAPSHOT.jar:?]
	at org.apache.hadoop.ozone.protocolPB.OzoneManagerRequestHandler.getOzoneFileStatus(OzoneManagerRequestHandler.java:871) ~[ozone-manager-1.3.0-SNAPSHOT.jar:?]
	at org.apache.hadoop.ozone.protocolPB.OzoneManagerRequestHandler.handleReadRequest(OzoneManagerRequestHandler.java:217) ~[ozone-manager-1.3.0-SNAPSHOT.jar:?]
	at org.apache.hadoop.ozone.protocolPB.OzoneManagerProtocolServerSideTranslatorPB.submitReadRequestToOM(OzoneManagerProtocolServerSideTranslatorPB.java:225) ~[ozone-manager-1.3.0-SNAPSHOT.jar:?]
	at org.apache.hadoop.ozone.protocolPB.OzoneManagerProtocolServerSideTranslatorPB.processRequest(OzoneManagerProtocolServerSideTranslatorPB.java:175) ~[ozone-manager-1.3.0-SNAPSHOT.jar:?]
	at org.apache.hadoop.hdds.server.OzoneProtocolMessageDispatcher.processRequest(OzoneProtocolMessageDispatcher.java:87) [hdds-server-framework-1.3.0-SNAPSHOT.jar:?]
	at org.apache.hadoop.ozone.protocolPB.OzoneManagerProtocolServerSideTranslatorPB.submitRequest(OzoneManagerProtocolServerSideTranslatorPB.java:147) [ozone-manager-1.3.0-SNAPSHOT.jar:?]
	at org.apache.hadoop.ozone.protocol.proto.OzoneManagerProtocolProtos$OzoneManagerService$2.callBlockingMethod(OzoneManagerProtocolProtos.java) [ozone-interface-client-1.3.0-SNAPSHOT.jar:?]
	at org.apache.hadoop.ipc.ProtobufRpcEngine$Server.processCall(ProtobufRpcEngine.java:466) [hadoop-common-3.3.1.jar:?]
	at org.apache.hadoop.ipc.ProtobufRpcEngine2$Server$ProtoBufRpcInvoker.call(ProtobufRpcEngine2.java:574) [hadoop-common-3.3.1.jar:?]
	at org.apache.hadoop.ipc.ProtobufRpcEngine2$Server$ProtoBufRpcInvoker.call(ProtobufRpcEngine2.java:552) [hadoop-common-3.3.1.jar:?]
	at org.apache.hadoop.ipc.RPC$Server.call(RPC.java:1093) [hadoop-common-3.3.1.jar:?]
	at org.apache.hadoop.ipc.Server$RpcCall.run(Server.java:1035) [hadoop-common-3.3.1.jar:?]
	at org.apache.hadoop.ipc.Server$RpcCall.run(Server.java:963) [hadoop-common-3.3.1.jar:?]
	at java.security.AccessController.doPrivileged(Native Method) ~[?:1.8.0_332]
	at javax.security.auth.Subject.doAs(Subject.java:422) [?:1.8.0_332]
	at org.apache.hadoop.security.UserGroupInformation.doAs(UserGroupInformation.java:1878) [hadoop-common-3.3.1.jar:?]
	at org.apache.hadoop.ipc.Server$Handler.run(Server.java:2966) [hadoop-common-3.3.1.jar:?]
16:22:33.764 [IPC Server handler 11 on default port 33505] ERROR OMAudit - user=runner | ip=127.0.0.1 | op=GET_FILE_STATUS {volume=volume13290, bucket=trashroottest2, key=.Trash/runner, dataSize=0, replicationConfig=null} | ret=FAILURE
org.apache.hadoop.ozone.om.exceptions.OMException: Unable to get file status: volume: volume13290 bucket: trashroottest2 key: .Trash/runner
	at org.apache.hadoop.ozone.om.KeyManagerImpl.getOzoneFileStatus(KeyManagerImpl.java:1283) ~[ozone-manager-1.3.0-SNAPSHOT.jar:?]
	at org.apache.hadoop.ozone.om.KeyManagerImpl.getFileStatus(KeyManagerImpl.java:1213) ~[ozone-manager-1.3.0-SNAPSHOT.jar:?]
	at org.apache.hadoop.ozone.om.OzoneManager.getFileStatus(OzoneManager.java:3419) ~[ozone-manager-1.3.0-SNAPSHOT.jar:?]
	at org.apache.hadoop.ozone.protocolPB.OzoneManagerRequestHandler.getOzoneFileStatus(OzoneManagerRequestHandler.java:871) ~[ozone-manager-1.3.0-SNAPSHOT.jar:?]
	at org.apache.hadoop.ozone.protocolPB.OzoneManagerRequestHandler.handleReadRequest(OzoneManagerRequestHandler.java:217) ~[ozone-manager-1.3.0-SNAPSHOT.jar:?]
	at org.apache.hadoop.ozone.protocolPB.OzoneManagerProtocolServerSideTranslatorPB.submitReadRequestToOM(OzoneManagerProtocolServerSideTranslatorPB.java:225) ~[ozone-manager-1.3.0-SNAPSHOT.jar:?]
	at org.apache.hadoop.ozone.protocolPB.OzoneManagerProtocolServerSideTranslatorPB.processRequest(OzoneManagerProtocolServerSideTranslatorPB.java:175) ~[ozone-manager-1.3.0-SNAPSHOT.jar:?]
	at org.apache.hadoop.hdds.server.OzoneProtocolMessageDispatcher.processRequest(OzoneProtocolMessageDispatcher.java:87) [hdds-server-framework-1.3.0-SNAPSHOT.jar:?]
	at org.apache.hadoop.ozone.protocolPB.OzoneManagerProtocolServerSideTranslatorPB.submitRequest(OzoneManagerProtocolServerSideTranslatorPB.java:147) [ozone-manager-1.3.0-SNAPSHOT.jar:?]
	at org.apache.hadoop.ozone.protocol.proto.OzoneManagerProtocolProtos$OzoneManagerService$2.callBlockingMethod(OzoneManagerProtocolProtos.java) [ozone-interface-client-1.3.0-SNAPSHOT.jar:?]
	at org.apache.hadoop.ipc.ProtobufRpcEngine$Server.processCall(ProtobufRpcEngine.java:466) [hadoop-common-3.3.1.jar:?]
	at org.apache.hadoop.ipc.ProtobufRpcEngine2$Server$ProtoBufRpcInvoker.call(ProtobufRpcEngine2.java:574) [hadoop-common-3.3.1.jar:?]
	at org.apache.hadoop.ipc.ProtobufRpcEngine2$Server$ProtoBufRpcInvoker.call(ProtobufRpcEngine2.java:552) [hadoop-common-3.3.1.jar:?]
	at org.apache.hadoop.ipc.RPC$Server.call(RPC.java:1093) [hadoop-common-3.3.1.jar:?]
	at org.apache.hadoop.ipc.Server$RpcCall.run(Server.java:1035) [hadoop-common-3.3.1.jar:?]
	at org.apache.hadoop.ipc.Server$RpcCall.run(Server.java:963) [hadoop-common-3.3.1.jar:?]
	at java.security.AccessController.doPrivileged(Native Method) ~[?:1.8.0_332]
	at javax.security.auth.Subject.doAs(Subject.java:422) [?:1.8.0_332]
	at org.apache.hadoop.security.UserGroupInformation.doAs(UserGroupInformation.java:1878) [hadoop-common-3.3.1.jar:?]
	at org.apache.hadoop.ipc.Server$Handler.run(Server.java:2966) [hadoop-common-3.3.1.jar:?]
16:22:33.766 [IPC Server handler 10 on default port 33505] ERROR OMAudit - user=runner | ip=127.0.0.1 | op=GET_FILE_STATUS {volume=8a7ece0d-592c-4402-8670-1a5c6714fa81, bucket=a3fa9c86-34b0-45d2-883b-ad7441ff0a9c, key=.Trash, dataSize=0, replicationConfig=null} | ret=FAILURE
org.apache.hadoop.ozone.om.exceptions.OMException: Unable to get file status: volume: 8a7ece0d-592c-4402-8670-1a5c6714fa81 bucket: a3fa9c86-34b0-45d2-883b-ad7441ff0a9c key: .Trash
	at org.apache.hadoop.ozone.om.KeyManagerImpl.getOzoneFileStatus(KeyManagerImpl.java:1283) ~[ozone-manager-1.3.0-SNAPSHOT.jar:?]
	at org.apache.hadoop.ozone.om.KeyManagerImpl.getFileStatus(KeyManagerImpl.java:1213) ~[ozone-manager-1.3.0-SNAPSHOT.jar:?]
	at org.apache.hadoop.ozone.om.OzoneManager.getFileStatus(OzoneManager.java:3419) ~[ozone-manager-1.3.0-SNAPSHOT.jar:?]
	at org.apache.hadoop.ozone.protocolPB.OzoneManagerRequestHandler.getOzoneFileStatus(OzoneManagerRequestHandler.java:871) ~[ozone-manager-1.3.0-SNAPSHOT.jar:?]
	at org.apache.hadoop.ozone.protocolPB.OzoneManagerRequestHandler.handleReadRequest(OzoneManagerRequestHandler.java:217) ~[ozone-manager-1.3.0-SNAPSHOT.jar:?]
	at org.apache.hadoop.ozone.protocolPB.OzoneManagerProtocolServerSideTranslatorPB.submitReadRequestToOM(OzoneManagerProtocolServerSideTranslatorPB.java:225) ~[ozone-manager-1.3.0-SNAPSHOT.jar:?]
	at org.apache.hadoop.ozone.protocolPB.OzoneManagerProtocolServerSideTranslatorPB.processRequest(OzoneManagerProtocolServerSideTranslatorPB.java:175) ~[ozone-manager-1.3.0-SNAPSHOT.jar:?]
	at org.apache.hadoop.hdds.server.OzoneProtocolMessageDispatcher.processRequest(OzoneProtocolMessageDispatcher.java:87) [hdds-server-framework-1.3.0-SNAPSHOT.jar:?]
	at org.apache.hadoop.ozone.protocolPB.OzoneManagerProtocolServerSideTranslatorPB.submitRequest(OzoneManagerProtocolServerSideTranslatorPB.java:147) [ozone-manager-1.3.0-SNAPSHOT.jar:?]
	at org.apache.hadoop.ozone.protocol.proto.OzoneManagerProtocolProtos$OzoneManagerService$2.callBlockingMethod(OzoneManagerProtocolProtos.java) [ozone-interface-client-1.3.0-SNAPSHOT.jar:?]
	at org.apache.hadoop.ipc.ProtobufRpcEngine$Server.processCall(ProtobufRpcEngine.java:466) [hadoop-common-3.3.1.jar:?]
	at org.apache.hadoop.ipc.ProtobufRpcEngine2$Server$ProtoBufRpcInvoker.call(ProtobufRpcEngine2.java:574) [hadoop-common-3.3.1.jar:?]
	at org.apache.hadoop.ipc.ProtobufRpcEngine2$Server$ProtoBufRpcInvoker.call(ProtobufRpcEngine2.java:552) [hadoop-common-3.3.1.jar:?]
	at org.apache.hadoop.ipc.RPC$Server.call(RPC.java:1093) [hadoop-common-3.3.1.jar:?]
	at org.apache.hadoop.ipc.Server$RpcCall.run(Server.java:1035) [hadoop-common-3.3.1.jar:?]
	at org.apache.hadoop.ipc.Server$RpcCall.run(Server.java:963) [hadoop-common-3.3.1.jar:?]
	at java.security.AccessController.doPrivileged(Native Method) ~[?:1.8.0_332]
	at javax.security.auth.Subject.doAs(Subject.java:422) [?:1.8.0_332]
	at org.apache.hadoop.security.UserGroupInformation.doAs(UserGroupInformation.java:1878) [hadoop-common-3.3.1.jar:?]
	at org.apache.hadoop.ipc.Server$Handler.run(Server.java:2966) [hadoop-common-3.3.1.jar:?]
16:22:33.774 [IPC Server handler 6 on default port 33505] ERROR OMAudit - user=runner | ip=127.0.0.1 | op=GET_FILE_STATUS {volume=volume13290, bucket=trashroottest2, key=.Trash, dataSize=0, replicationConfig=null} | ret=FAILURE
org.apache.hadoop.ozone.om.exceptions.OMException: Unable to get file status: volume: volume13290 bucket: trashroottest2 key: .Trash
	at org.apache.hadoop.ozone.om.KeyManagerImpl.getOzoneFileStatus(KeyManagerImpl.java:1283) ~[ozone-manager-1.3.0-SNAPSHOT.jar:?]
	at org.apache.hadoop.ozone.om.KeyManagerImpl.getFileStatus(KeyManagerImpl.java:1213) ~[ozone-manager-1.3.0-SNAPSHOT.jar:?]
	at org.apache.hadoop.ozone.om.OzoneManager.getFileStatus(OzoneManager.java:3419) ~[ozone-manager-1.3.0-SNAPSHOT.jar:?]
	at org.apache.hadoop.ozone.protocolPB.OzoneManagerRequestHandler.getOzoneFileStatus(OzoneManagerRequestHandler.java:871) ~[ozone-manager-1.3.0-SNAPSHOT.jar:?]
	at org.apache.hadoop.ozone.protocolPB.OzoneManagerRequestHandler.handleReadRequest(OzoneManagerRequestHandler.java:217) ~[ozone-manager-1.3.0-SNAPSHOT.jar:?]
	at org.apache.hadoop.ozone.protocolPB.OzoneManagerProtocolServerSideTranslatorPB.submitReadRequestToOM(OzoneManagerProtocolServerSideTranslatorPB.java:225) ~[ozone-manager-1.3.0-SNAPSHOT.jar:?]
	at org.apache.hadoop.ozone.protocolPB.OzoneManagerProtocolServerSideTranslatorPB.processRequest(OzoneManagerProtocolServerSideTranslatorPB.java:175) ~[ozone-manager-1.3.0-SNAPSHOT.jar:?]
	at org.apache.hadoop.hdds.server.OzoneProtocolMessageDispatcher.processRequest(OzoneProtocolMessageDispatcher.java:87) [hdds-server-framework-1.3.0-SNAPSHOT.jar:?]
	at org.apache.hadoop.ozone.protocolPB.OzoneManagerProtocolServerSideTranslatorPB.submitRequest(OzoneManagerProtocolServerSideTranslatorPB.java:147) [ozone-manager-1.3.0-SNAPSHOT.jar:?]
	at org.apache.hadoop.ozone.protocol.proto.OzoneManagerProtocolProtos$OzoneManagerService$2.callBlockingMethod(OzoneManagerProtocolProtos.java) [ozone-interface-client-1.3.0-SNAPSHOT.jar:?]
	at org.apache.hadoop.ipc.ProtobufRpcEngine$Server.processCall(ProtobufRpcEngine.java:466) [hadoop-common-3.3.1.jar:?]
	at org.apache.hadoop.ipc.ProtobufRpcEngine2$Server$ProtoBufRpcInvoker.call(ProtobufRpcEngine2.java:574) [hadoop-common-3.3.1.jar:?]
	at org.apache.hadoop.ipc.ProtobufRpcEngine2$Server$ProtoBufRpcInvoker.call(ProtobufRpcEngine2.java:552) [hadoop-common-3.3.1.jar:?]
	at org.apache.hadoop.ipc.RPC$Server.call(RPC.java:1093) [hadoop-common-3.3.1.jar:?]
	at org.apache.hadoop.ipc.Server$RpcCall.run(Server.java:1035) [hadoop-common-3.3.1.jar:?]
	at org.apache.hadoop.ipc.Server$RpcCall.run(Server.java:963) [hadoop-common-3.3.1.jar:?]
	at java.security.AccessController.doPrivileged(Native Method) ~[?:1.8.0_332]
	at javax.security.auth.Subject.doAs(Subject.java:422) [?:1.8.0_332]
	at org.apache.hadoop.security.UserGroupInformation.doAs(UserGroupInformation.java:1878) [hadoop-common-3.3.1.jar:?]
	at org.apache.hadoop.ipc.Server$Handler.run(Server.java:2966) [hadoop-common-3.3.1.jar:?]
16:22:33.784 [IPC Server handler 2 on default port 33505] ERROR OMAudit - user=runner | ip=127.0.0.1 | op=GET_FILE_STATUS {volume=volume84256, bucket=bucket02219, key=.Trash, dataSize=0, replicationConfig=null} | ret=FAILURE
org.apache.hadoop.ozone.om.exceptions.OMException: Unable to get file status: volume: volume84256 bucket: bucket02219 key: .Trash
	at org.apache.hadoop.ozone.om.KeyManagerImpl.getOzoneFileStatus(KeyManagerImpl.java:1283) ~[ozone-manager-1.3.0-SNAPSHOT.jar:?]
	at org.apache.hadoop.ozone.om.KeyManagerImpl.getFileStatus(KeyManagerImpl.java:1213) ~[ozone-manager-1.3.0-SNAPSHOT.jar:?]
	at org.apache.hadoop.ozone.om.OzoneManager.getFileStatus(OzoneManager.java:3419) ~[ozone-manager-1.3.0-SNAPSHOT.jar:?]
	at org.apache.hadoop.ozone.protocolPB.OzoneManagerRequestHandler.getOzoneFileStatus(OzoneManagerRequestHandler.java:871) ~[ozone-manager-1.3.0-SNAPSHOT.jar:?]
	at org.apache.hadoop.ozone.protocolPB.OzoneManagerRequestHandler.handleReadRequest(OzoneManagerRequestHandler.java:217) ~[ozone-manager-1.3.0-SNAPSHOT.jar:?]
	at org.apache.hadoop.ozone.protocolPB.OzoneManagerProtocolServerSideTranslatorPB.submitReadRequestToOM(OzoneManagerProtocolServerSideTranslatorPB.java:225) ~[ozone-manager-1.3.0-SNAPSHOT.jar:?]
	at org.apache.hadoop.ozone.protocolPB.OzoneManagerProtocolServerSideTranslatorPB.processRequest(OzoneManagerProtocolServerSideTranslatorPB.java:175) ~[ozone-manager-1.3.0-SNAPSHOT.jar:?]
	at org.apache.hadoop.hdds.server.OzoneProtocolMessageDispatcher.processRequest(OzoneProtocolMessageDispatcher.java:87) [hdds-server-framework-1.3.0-SNAPSHOT.jar:?]
	at org.apache.hadoop.ozone.protocolPB.OzoneManagerProtocolServerSideTranslatorPB.submitRequest(OzoneManagerProtocolServerSideTranslatorPB.java:147) [ozone-manager-1.3.0-SNAPSHOT.jar:?]
	at org.apache.hadoop.ozone.protocol.proto.OzoneManagerProtocolProtos$OzoneManagerService$2.callBlockingMethod(OzoneManagerProtocolProtos.java) [ozone-interface-client-1.3.0-SNAPSHOT.jar:?]
	at org.apache.hadoop.ipc.ProtobufRpcEngine$Server.processCall(ProtobufRpcEngine.java:466) [hadoop-common-3.3.1.jar:?]
	at org.apache.hadoop.ipc.ProtobufRpcEngine2$Server$ProtoBufRpcInvoker.call(ProtobufRpcEngine2.java:574) [hadoop-common-3.3.1.jar:?]
	at org.apache.hadoop.ipc.ProtobufRpcEngine2$Server$ProtoBufRpcInvoker.call(ProtobufRpcEngine2.java:552) [hadoop-common-3.3.1.jar:?]
	at org.apache.hadoop.ipc.RPC$Server.call(RPC.java:1093) [hadoop-common-3.3.1.jar:?]
	at org.apache.hadoop.ipc.Server$RpcCall.run(Server.java:1035) [hadoop-common-3.3.1.jar:?]
	at org.apache.hadoop.ipc.Server$RpcCall.run(Server.java:963) [hadoop-common-3.3.1.jar:?]
	at java.security.AccessController.doPrivileged(Native Method) ~[?:1.8.0_332]
	at javax.security.auth.Subject.doAs(Subject.java:422) [?:1.8.0_332]
	at org.apache.hadoop.security.UserGroupInformation.doAs(UserGroupInformation.java:1878) [hadoop-common-3.3.1.jar:?]
	at org.apache.hadoop.ipc.Server$Handler.run(Server.java:2966) [hadoop-common-3.3.1.jar:?]
16:22:33.798 [IPC Server handler 3 on default port 33505] ERROR OMAudit - user=runner | ip=127.0.0.1 | op=GET_FILE_STATUS {volume=volume13290, bucket=bucket68609, key=.Trash/runner, dataSize=0, replicationConfig=null} | ret=FAILURE
org.apache.hadoop.ozone.om.exceptions.OMException: Unable to get file status: volume: volume13290 bucket: bucket68609 key: .Trash/runner
	at org.apache.hadoop.ozone.om.KeyManagerImpl.getOzoneFileStatus(KeyManagerImpl.java:1283) ~[ozone-manager-1.3.0-SNAPSHOT.jar:?]
	at org.apache.hadoop.ozone.om.KeyManagerImpl.getFileStatus(KeyManagerImpl.java:1213) ~[ozone-manager-1.3.0-SNAPSHOT.jar:?]
	at org.apache.hadoop.ozone.om.OzoneManager.getFileStatus(OzoneManager.java:3419) ~[ozone-manager-1.3.0-SNAPSHOT.jar:?]
	at org.apache.hadoop.ozone.protocolPB.OzoneManagerRequestHandler.getOzoneFileStatus(OzoneManagerRequestHandler.java:871) ~[ozone-manager-1.3.0-SNAPSHOT.jar:?]
	at org.apache.hadoop.ozone.protocolPB.OzoneManagerRequestHandler.handleReadRequest(OzoneManagerRequestHandler.java:217) ~[ozone-manager-1.3.0-SNAPSHOT.jar:?]
	at org.apache.hadoop.ozone.protocolPB.OzoneManagerProtocolServerSideTranslatorPB.submitReadRequestToOM(OzoneManagerProtocolServerSideTranslatorPB.java:225) ~[ozone-manager-1.3.0-SNAPSHOT.jar:?]
	at org.apache.hadoop.ozone.protocolPB.OzoneManagerProtocolServerSideTranslatorPB.processRequest(OzoneManagerProtocolServerSideTranslatorPB.java:175) ~[ozone-manager-1.3.0-SNAPSHOT.jar:?]
	at org.apache.hadoop.hdds.server.OzoneProtocolMessageDispatcher.processRequest(OzoneProtocolMessageDispatcher.java:87) [hdds-server-framework-1.3.0-SNAPSHOT.jar:?]
	at org.apache.hadoop.ozone.protocolPB.OzoneManagerProtocolServerSideTranslatorPB.submitRequest(OzoneManagerProtocolServerSideTranslatorPB.java:147) [ozone-manager-1.3.0-SNAPSHOT.jar:?]
	at org.apache.hadoop.ozone.protocol.proto.OzoneManagerProtocolProtos$OzoneManagerService$2.callBlockingMethod(OzoneManagerProtocolProtos.java) [ozone-interface-client-1.3.0-SNAPSHOT.jar:?]
	at org.apache.hadoop.ipc.ProtobufRpcEngine$Server.processCall(ProtobufRpcEngine.java:466) [hadoop-common-3.3.1.jar:?]
	at org.apache.hadoop.ipc.ProtobufRpcEngine2$Server$ProtoBufRpcInvoker.call(ProtobufRpcEngine2.java:574) [hadoop-common-3.3.1.jar:?]
	at org.apache.hadoop.ipc.ProtobufRpcEngine2$Server$ProtoBufRpcInvoker.call(ProtobufRpcEngine2.java:552) [hadoop-common-3.3.1.jar:?]
	at org.apache.hadoop.ipc.RPC$Server.call(RPC.java:1093) [hadoop-common-3.3.1.jar:?]
	at org.apache.hadoop.ipc.Server$RpcCall.run(Server.java:1035) [hadoop-common-3.3.1.jar:?]
	at org.apache.hadoop.ipc.Server$RpcCall.run(Server.java:963) [hadoop-common-3.3.1.jar:?]
	at java.security.AccessController.doPrivileged(Native Method) ~[?:1.8.0_332]
	at javax.security.auth.Subject.doAs(Subject.java:422) [?:1.8.0_332]
	at org.apache.hadoop.security.UserGroupInformation.doAs(UserGroupInformation.java:1878) [hadoop-common-3.3.1.jar:?]
	at org.apache.hadoop.ipc.Server$Handler.run(Server.java:2966) [hadoop-common-3.3.1.jar:?]
16:22:33.806 [IPC Server handler 8 on default port 33505] ERROR OMAudit - user=runner | ip=127.0.0.1 | op=GET_FILE_STATUS {volume=8a7ece0d-592c-4402-8670-1a5c6714fa81, bucket=a3fa9c86-34b0-45d2-883b-ad7441ff0a9c, key=.Trash, dataSize=0, replicationConfig=null} | ret=FAILURE
org.apache.hadoop.ozone.om.exceptions.OMException: Unable to get file status: volume: 8a7ece0d-592c-4402-8670-1a5c6714fa81 bucket: a3fa9c86-34b0-45d2-883b-ad7441ff0a9c key: .Trash
	at org.apache.hadoop.ozone.om.KeyManagerImpl.getOzoneFileStatus(KeyManagerImpl.java:1283) ~[ozone-manager-1.3.0-SNAPSHOT.jar:?]
	at org.apache.hadoop.ozone.om.KeyManagerImpl.getFileStatus(KeyManagerImpl.java:1213) ~[ozone-manager-1.3.0-SNAPSHOT.jar:?]
	at org.apache.hadoop.ozone.om.OzoneManager.getFileStatus(OzoneManager.java:3419) ~[ozone-manager-1.3.0-SNAPSHOT.jar:?]
	at org.apache.hadoop.ozone.protocolPB.OzoneManagerRequestHandler.getOzoneFileStatus(OzoneManagerRequestHandler.java:871) ~[ozone-manager-1.3.0-SNAPSHOT.jar:?]
	at org.apache.hadoop.ozone.protocolPB.OzoneManagerRequestHandler.handleReadRequest(OzoneManagerRequestHandler.java:217) ~[ozone-manager-1.3.0-SNAPSHOT.jar:?]
	at org.apache.hadoop.ozone.protocolPB.OzoneManagerProtocolServerSideTranslatorPB.submitReadRequestToOM(OzoneManagerProtocolServerSideTranslatorPB.java:225) ~[ozone-manager-1.3.0-SNAPSHOT.jar:?]
	at org.apache.hadoop.ozone.protocolPB.OzoneManagerProtocolServerSideTranslatorPB.processRequest(OzoneManagerProtocolServerSideTranslatorPB.java:175) ~[ozone-manager-1.3.0-SNAPSHOT.jar:?]
	at org.apache.hadoop.hdds.server.OzoneProtocolMessageDispatcher.processRequest(OzoneProtocolMessageDispatcher.java:87) [hdds-server-framework-1.3.0-SNAPSHOT.jar:?]
	at org.apache.hadoop.ozone.protocolPB.OzoneManagerProtocolServerSideTranslatorPB.submitRequest(OzoneManagerProtocolServerSideTranslatorPB.java:147) [ozone-manager-1.3.0-SNAPSHOT.jar:?]
	at org.apache.hadoop.ozone.protocol.proto.OzoneManagerProtocolProtos$OzoneManagerService$2.callBlockingMethod(OzoneManagerProtocolProtos.java) [ozone-interface-client-1.3.0-SNAPSHOT.jar:?]
	at org.apache.hadoop.ipc.ProtobufRpcEngine$Server.processCall(ProtobufRpcEngine.java:466) [hadoop-common-3.3.1.jar:?]
	at org.apache.hadoop.ipc.ProtobufRpcEngine2$Server$ProtoBufRpcInvoker.call(ProtobufRpcEngine2.java:574) [hadoop-common-3.3.1.jar:?]
	at org.apache.hadoop.ipc.ProtobufRpcEngine2$Server$ProtoBufRpcInvoker.call(ProtobufRpcEngine2.java:552) [hadoop-common-3.3.1.jar:?]
	at org.apache.hadoop.ipc.RPC$Server.call(RPC.java:1093) [hadoop-common-3.3.1.jar:?]
	at org.apache.hadoop.ipc.Server$RpcCall.run(Server.java:1035) [hadoop-common-3.3.1.jar:?]
	at org.apache.hadoop.ipc.Server$RpcCall.run(Server.java:963) [hadoop-common-3.3.1.jar:?]
	at java.security.AccessController.doPrivileged(Native Method) ~[?:1.8.0_332]
	at javax.security.auth.Subject.doAs(Subject.java:422) [?:1.8.0_332]
	at org.apache.hadoop.security.UserGroupInformation.doAs(UserGroupInformation.java:1878) [hadoop-common-3.3.1.jar:?]
	at org.apache.hadoop.ipc.Server$Handler.run(Server.java:2966) [hadoop-common-3.3.1.jar:?]
]]></system-out>
  </testcase>
  <testcase name="testGetTrashRoots" classname="TestRootedOzoneFileSystem" time="0.988">
    <system-out><![CDATA[2022-06-16 16:23:58,459 [Time-limited test] INFO  rpc.RpcClient (RpcClient.java:createVolume(466)) - Creating Volume: volume96855, with user41743 as owner and space quota set to -1 bytes, counts quota set to -1
2022-06-16 16:23:58,460 [IPC Server handler 4 on default port 44357] INFO  volume.OMVolumeCreateRequest (OMVolumeCreateRequest.java:validateAndUpdateCache(195)) - created volume:volume96855 for user:user41743
2022-06-16 16:23:58,460 [Time-limited test] INFO  rpc.RpcClient (RpcClient.java:createBucket(666)) - Creating Bucket: volume96855/bucket63330, with the Bucket Layout LEGACY, runner as owner, Versioning false, Storage Type set to DISK and Encryption set to false 
2022-06-16 16:23:58,460 [IPC Server handler 12 on default port 44357] INFO  bucket.OMBucketCreateRequest (OMBucketCreateRequest.java:validateAndUpdateCache(260)) - created bucket: bucket63330 of layout LEGACY in volume: volume96855
16:23:58.478 [IPC Server handler 19 on default port 44357] ERROR OMAudit - user=runner | ip=127.0.0.1 | op=GET_FILE_STATUS {volume=volume96855, bucket=bucket63330, key=.Trash/runner, dataSize=0, replicationConfig=null} | ret=FAILURE
org.apache.hadoop.ozone.om.exceptions.OMException: Unable to get file status: volume: volume96855 bucket: bucket63330 key: .Trash/runner
	at org.apache.hadoop.ozone.om.KeyManagerImpl.getOzoneFileStatus(KeyManagerImpl.java:1283) ~[ozone-manager-1.3.0-SNAPSHOT.jar:?]
	at org.apache.hadoop.ozone.om.KeyManagerImpl.getFileStatus(KeyManagerImpl.java:1213) ~[ozone-manager-1.3.0-SNAPSHOT.jar:?]
	at org.apache.hadoop.ozone.om.OzoneManager.getFileStatus(OzoneManager.java:3419) ~[ozone-manager-1.3.0-SNAPSHOT.jar:?]
	at org.apache.hadoop.ozone.protocolPB.OzoneManagerRequestHandler.getOzoneFileStatus(OzoneManagerRequestHandler.java:871) ~[ozone-manager-1.3.0-SNAPSHOT.jar:?]
	at org.apache.hadoop.ozone.protocolPB.OzoneManagerRequestHandler.handleReadRequest(OzoneManagerRequestHandler.java:217) ~[ozone-manager-1.3.0-SNAPSHOT.jar:?]
	at org.apache.hadoop.ozone.protocolPB.OzoneManagerProtocolServerSideTranslatorPB.submitRequestDirectlyToOM(OzoneManagerProtocolServerSideTranslatorPB.java:284) ~[ozone-manager-1.3.0-SNAPSHOT.jar:?]
	at org.apache.hadoop.ozone.protocolPB.OzoneManagerProtocolServerSideTranslatorPB.processRequest(OzoneManagerProtocolServerSideTranslatorPB.java:207) ~[ozone-manager-1.3.0-SNAPSHOT.jar:?]
	at org.apache.hadoop.hdds.server.OzoneProtocolMessageDispatcher.processRequest(OzoneProtocolMessageDispatcher.java:87) [hdds-server-framework-1.3.0-SNAPSHOT.jar:?]
	at org.apache.hadoop.ozone.protocolPB.OzoneManagerProtocolServerSideTranslatorPB.submitRequest(OzoneManagerProtocolServerSideTranslatorPB.java:147) [ozone-manager-1.3.0-SNAPSHOT.jar:?]
	at org.apache.hadoop.ozone.protocol.proto.OzoneManagerProtocolProtos$OzoneManagerService$2.callBlockingMethod(OzoneManagerProtocolProtos.java) [ozone-interface-client-1.3.0-SNAPSHOT.jar:?]
	at org.apache.hadoop.ipc.ProtobufRpcEngine$Server.processCall(ProtobufRpcEngine.java:466) [hadoop-common-3.3.1.jar:?]
	at org.apache.hadoop.ipc.ProtobufRpcEngine2$Server$ProtoBufRpcInvoker.call(ProtobufRpcEngine2.java:574) [hadoop-common-3.3.1.jar:?]
	at org.apache.hadoop.ipc.ProtobufRpcEngine2$Server$ProtoBufRpcInvoker.call(ProtobufRpcEngine2.java:552) [hadoop-common-3.3.1.jar:?]
	at org.apache.hadoop.ipc.RPC$Server.call(RPC.java:1093) [hadoop-common-3.3.1.jar:?]
	at org.apache.hadoop.ipc.Server$RpcCall.run(Server.java:1035) [hadoop-common-3.3.1.jar:?]
	at org.apache.hadoop.ipc.Server$RpcCall.run(Server.java:963) [hadoop-common-3.3.1.jar:?]
	at java.security.AccessController.doPrivileged(Native Method) ~[?:1.8.0_332]
	at javax.security.auth.Subject.doAs(Subject.java:422) [?:1.8.0_332]
	at org.apache.hadoop.security.UserGroupInformation.doAs(UserGroupInformation.java:1878) [hadoop-common-3.3.1.jar:?]
	at org.apache.hadoop.ipc.Server$Handler.run(Server.java:2966) [hadoop-common-3.3.1.jar:?]
16:23:58.529 [IPC Server handler 5 on default port 44357] ERROR OMAudit - user=runner | ip=127.0.0.1 | op=GET_FILE_STATUS {volume=152433e7-3d59-4b1b-a2e7-125835fcbbc7, bucket=2b2b41a1-2834-4511-befe-070066303f6a, key=.Trash, dataSize=0, replicationConfig=null} | ret=FAILURE
org.apache.hadoop.ozone.om.exceptions.OMException: Unable to get file status: volume: 152433e7-3d59-4b1b-a2e7-125835fcbbc7 bucket: 2b2b41a1-2834-4511-befe-070066303f6a key: .Trash
	at org.apache.hadoop.ozone.om.KeyManagerImpl.getOzoneFileStatus(KeyManagerImpl.java:1283) ~[ozone-manager-1.3.0-SNAPSHOT.jar:?]
	at org.apache.hadoop.ozone.om.KeyManagerImpl.getFileStatus(KeyManagerImpl.java:1213) ~[ozone-manager-1.3.0-SNAPSHOT.jar:?]
	at org.apache.hadoop.ozone.om.OzoneManager.getFileStatus(OzoneManager.java:3419) ~[ozone-manager-1.3.0-SNAPSHOT.jar:?]
	at org.apache.hadoop.ozone.protocolPB.OzoneManagerRequestHandler.getOzoneFileStatus(OzoneManagerRequestHandler.java:871) ~[ozone-manager-1.3.0-SNAPSHOT.jar:?]
	at org.apache.hadoop.ozone.protocolPB.OzoneManagerRequestHandler.handleReadRequest(OzoneManagerRequestHandler.java:217) ~[ozone-manager-1.3.0-SNAPSHOT.jar:?]
	at org.apache.hadoop.ozone.protocolPB.OzoneManagerProtocolServerSideTranslatorPB.submitRequestDirectlyToOM(OzoneManagerProtocolServerSideTranslatorPB.java:284) ~[ozone-manager-1.3.0-SNAPSHOT.jar:?]
	at org.apache.hadoop.ozone.protocolPB.OzoneManagerProtocolServerSideTranslatorPB.processRequest(OzoneManagerProtocolServerSideTranslatorPB.java:207) ~[ozone-manager-1.3.0-SNAPSHOT.jar:?]
	at org.apache.hadoop.hdds.server.OzoneProtocolMessageDispatcher.processRequest(OzoneProtocolMessageDispatcher.java:87) [hdds-server-framework-1.3.0-SNAPSHOT.jar:?]
	at org.apache.hadoop.ozone.protocolPB.OzoneManagerProtocolServerSideTranslatorPB.submitRequest(OzoneManagerProtocolServerSideTranslatorPB.java:147) [ozone-manager-1.3.0-SNAPSHOT.jar:?]
	at org.apache.hadoop.ozone.protocol.proto.OzoneManagerProtocolProtos$OzoneManagerService$2.callBlockingMethod(OzoneManagerProtocolProtos.java) [ozone-interface-client-1.3.0-SNAPSHOT.jar:?]
	at org.apache.hadoop.ipc.ProtobufRpcEngine$Server.processCall(ProtobufRpcEngine.java:466) [hadoop-common-3.3.1.jar:?]
	at org.apache.hadoop.ipc.ProtobufRpcEngine2$Server$ProtoBufRpcInvoker.call(ProtobufRpcEngine2.java:574) [hadoop-common-3.3.1.jar:?]
	at org.apache.hadoop.ipc.ProtobufRpcEngine2$Server$ProtoBufRpcInvoker.call(ProtobufRpcEngine2.java:552) [hadoop-common-3.3.1.jar:?]
	at org.apache.hadoop.ipc.RPC$Server.call(RPC.java:1093) [hadoop-common-3.3.1.jar:?]
	at org.apache.hadoop.ipc.Server$RpcCall.run(Server.java:1035) [hadoop-common-3.3.1.jar:?]
	at org.apache.hadoop.ipc.Server$RpcCall.run(Server.java:963) [hadoop-common-3.3.1.jar:?]
	at java.security.AccessController.doPrivileged(Native Method) ~[?:1.8.0_332]
	at javax.security.auth.Subject.doAs(Subject.java:422) [?:1.8.0_332]
	at org.apache.hadoop.security.UserGroupInformation.doAs(UserGroupInformation.java:1878) [hadoop-common-3.3.1.jar:?]
	at org.apache.hadoop.ipc.Server$Handler.run(Server.java:2966) [hadoop-common-3.3.1.jar:?]
16:23:58.531 [IPC Server handler 10 on default port 44357] ERROR OMAudit - user=runner | ip=127.0.0.1 | op=GET_FILE_STATUS {volume=volume96855, bucket=bucket63330, key=.Trash, dataSize=0, replicationConfig=null} | ret=FAILURE
org.apache.hadoop.ozone.om.exceptions.OMException: Unable to get file status: volume: volume96855 bucket: bucket63330 key: .Trash
	at org.apache.hadoop.ozone.om.KeyManagerImpl.getOzoneFileStatus(KeyManagerImpl.java:1283) ~[ozone-manager-1.3.0-SNAPSHOT.jar:?]
	at org.apache.hadoop.ozone.om.KeyManagerImpl.getFileStatus(KeyManagerImpl.java:1213) ~[ozone-manager-1.3.0-SNAPSHOT.jar:?]
	at org.apache.hadoop.ozone.om.OzoneManager.getFileStatus(OzoneManager.java:3419) ~[ozone-manager-1.3.0-SNAPSHOT.jar:?]
	at org.apache.hadoop.ozone.protocolPB.OzoneManagerRequestHandler.getOzoneFileStatus(OzoneManagerRequestHandler.java:871) ~[ozone-manager-1.3.0-SNAPSHOT.jar:?]
	at org.apache.hadoop.ozone.protocolPB.OzoneManagerRequestHandler.handleReadRequest(OzoneManagerRequestHandler.java:217) ~[ozone-manager-1.3.0-SNAPSHOT.jar:?]
	at org.apache.hadoop.ozone.protocolPB.OzoneManagerProtocolServerSideTranslatorPB.submitRequestDirectlyToOM(OzoneManagerProtocolServerSideTranslatorPB.java:284) ~[ozone-manager-1.3.0-SNAPSHOT.jar:?]
	at org.apache.hadoop.ozone.protocolPB.OzoneManagerProtocolServerSideTranslatorPB.processRequest(OzoneManagerProtocolServerSideTranslatorPB.java:207) ~[ozone-manager-1.3.0-SNAPSHOT.jar:?]
	at org.apache.hadoop.hdds.server.OzoneProtocolMessageDispatcher.processRequest(OzoneProtocolMessageDispatcher.java:87) [hdds-server-framework-1.3.0-SNAPSHOT.jar:?]
	at org.apache.hadoop.ozone.protocolPB.OzoneManagerProtocolServerSideTranslatorPB.submitRequest(OzoneManagerProtocolServerSideTranslatorPB.java:147) [ozone-manager-1.3.0-SNAPSHOT.jar:?]
	at org.apache.hadoop.ozone.protocol.proto.OzoneManagerProtocolProtos$OzoneManagerService$2.callBlockingMethod(OzoneManagerProtocolProtos.java) [ozone-interface-client-1.3.0-SNAPSHOT.jar:?]
	at org.apache.hadoop.ipc.ProtobufRpcEngine$Server.processCall(ProtobufRpcEngine.java:466) [hadoop-common-3.3.1.jar:?]
	at org.apache.hadoop.ipc.ProtobufRpcEngine2$Server$ProtoBufRpcInvoker.call(ProtobufRpcEngine2.java:574) [hadoop-common-3.3.1.jar:?]
	at org.apache.hadoop.ipc.ProtobufRpcEngine2$Server$ProtoBufRpcInvoker.call(ProtobufRpcEngine2.java:552) [hadoop-common-3.3.1.jar:?]
	at org.apache.hadoop.ipc.RPC$Server.call(RPC.java:1093) [hadoop-common-3.3.1.jar:?]
	at org.apache.hadoop.ipc.Server$RpcCall.run(Server.java:1035) [hadoop-common-3.3.1.jar:?]
	at org.apache.hadoop.ipc.Server$RpcCall.run(Server.java:963) [hadoop-common-3.3.1.jar:?]
	at java.security.AccessController.doPrivileged(Native Method) ~[?:1.8.0_332]
	at javax.security.auth.Subject.doAs(Subject.java:422) [?:1.8.0_332]
	at org.apache.hadoop.security.UserGroupInformation.doAs(UserGroupInformation.java:1878) [hadoop-common-3.3.1.jar:?]
	at org.apache.hadoop.ipc.Server$Handler.run(Server.java:2966) [hadoop-common-3.3.1.jar:?]
16:23:58.539 [IPC Server handler 4 on default port 44357] ERROR OMAudit - user=runner | ip=127.0.0.1 | op=GET_FILE_STATUS {volume=152433e7-3d59-4b1b-a2e7-125835fcbbc7, bucket=2b2b41a1-2834-4511-befe-070066303f6a, key=.Trash, dataSize=0, replicationConfig=null} | ret=FAILURE
org.apache.hadoop.ozone.om.exceptions.OMException: Unable to get file status: volume: 152433e7-3d59-4b1b-a2e7-125835fcbbc7 bucket: 2b2b41a1-2834-4511-befe-070066303f6a key: .Trash
	at org.apache.hadoop.ozone.om.KeyManagerImpl.getOzoneFileStatus(KeyManagerImpl.java:1283) ~[ozone-manager-1.3.0-SNAPSHOT.jar:?]
	at org.apache.hadoop.ozone.om.KeyManagerImpl.getFileStatus(KeyManagerImpl.java:1213) ~[ozone-manager-1.3.0-SNAPSHOT.jar:?]
	at org.apache.hadoop.ozone.om.OzoneManager.getFileStatus(OzoneManager.java:3419) ~[ozone-manager-1.3.0-SNAPSHOT.jar:?]
	at org.apache.hadoop.ozone.protocolPB.OzoneManagerRequestHandler.getOzoneFileStatus(OzoneManagerRequestHandler.java:871) ~[ozone-manager-1.3.0-SNAPSHOT.jar:?]
	at org.apache.hadoop.ozone.protocolPB.OzoneManagerRequestHandler.handleReadRequest(OzoneManagerRequestHandler.java:217) ~[ozone-manager-1.3.0-SNAPSHOT.jar:?]
	at org.apache.hadoop.ozone.protocolPB.OzoneManagerProtocolServerSideTranslatorPB.submitRequestDirectlyToOM(OzoneManagerProtocolServerSideTranslatorPB.java:284) ~[ozone-manager-1.3.0-SNAPSHOT.jar:?]
	at org.apache.hadoop.ozone.protocolPB.OzoneManagerProtocolServerSideTranslatorPB.processRequest(OzoneManagerProtocolServerSideTranslatorPB.java:207) ~[ozone-manager-1.3.0-SNAPSHOT.jar:?]
	at org.apache.hadoop.hdds.server.OzoneProtocolMessageDispatcher.processRequest(OzoneProtocolMessageDispatcher.java:87) [hdds-server-framework-1.3.0-SNAPSHOT.jar:?]
	at org.apache.hadoop.ozone.protocolPB.OzoneManagerProtocolServerSideTranslatorPB.submitRequest(OzoneManagerProtocolServerSideTranslatorPB.java:147) [ozone-manager-1.3.0-SNAPSHOT.jar:?]
	at org.apache.hadoop.ozone.protocol.proto.OzoneManagerProtocolProtos$OzoneManagerService$2.callBlockingMethod(OzoneManagerProtocolProtos.java) [ozone-interface-client-1.3.0-SNAPSHOT.jar:?]
	at org.apache.hadoop.ipc.ProtobufRpcEngine$Server.processCall(ProtobufRpcEngine.java:466) [hadoop-common-3.3.1.jar:?]
	at org.apache.hadoop.ipc.ProtobufRpcEngine2$Server$ProtoBufRpcInvoker.call(ProtobufRpcEngine2.java:574) [hadoop-common-3.3.1.jar:?]
	at org.apache.hadoop.ipc.ProtobufRpcEngine2$Server$ProtoBufRpcInvoker.call(ProtobufRpcEngine2.java:552) [hadoop-common-3.3.1.jar:?]
	at org.apache.hadoop.ipc.RPC$Server.call(RPC.java:1093) [hadoop-common-3.3.1.jar:?]
	at org.apache.hadoop.ipc.Server$RpcCall.run(Server.java:1035) [hadoop-common-3.3.1.jar:?]
	at org.apache.hadoop.ipc.Server$RpcCall.run(Server.java:963) [hadoop-common-3.3.1.jar:?]
	at java.security.AccessController.doPrivileged(Native Method) ~[?:1.8.0_332]
	at javax.security.auth.Subject.doAs(Subject.java:422) [?:1.8.0_332]
	at org.apache.hadoop.security.UserGroupInformation.doAs(UserGroupInformation.java:1878) [hadoop-common-3.3.1.jar:?]
	at org.apache.hadoop.ipc.Server$Handler.run(Server.java:2966) [hadoop-common-3.3.1.jar:?]
16:23:58.548 [IPC Server handler 16 on default port 44357] ERROR OMAudit - user=runner | ip=127.0.0.1 | op=GET_FILE_STATUS {volume=152433e7-3d59-4b1b-a2e7-125835fcbbc7, bucket=2b2b41a1-2834-4511-befe-070066303f6a, key=.Trash, dataSize=0, replicationConfig=null} | ret=FAILURE
org.apache.hadoop.ozone.om.exceptions.OMException: Unable to get file status: volume: 152433e7-3d59-4b1b-a2e7-125835fcbbc7 bucket: 2b2b41a1-2834-4511-befe-070066303f6a key: .Trash
	at org.apache.hadoop.ozone.om.KeyManagerImpl.getOzoneFileStatus(KeyManagerImpl.java:1283) ~[ozone-manager-1.3.0-SNAPSHOT.jar:?]
	at org.apache.hadoop.ozone.om.KeyManagerImpl.getFileStatus(KeyManagerImpl.java:1213) ~[ozone-manager-1.3.0-SNAPSHOT.jar:?]
	at org.apache.hadoop.ozone.om.OzoneManager.getFileStatus(OzoneManager.java:3419) ~[ozone-manager-1.3.0-SNAPSHOT.jar:?]
	at org.apache.hadoop.ozone.protocolPB.OzoneManagerRequestHandler.getOzoneFileStatus(OzoneManagerRequestHandler.java:871) ~[ozone-manager-1.3.0-SNAPSHOT.jar:?]
	at org.apache.hadoop.ozone.protocolPB.OzoneManagerRequestHandler.handleReadRequest(OzoneManagerRequestHandler.java:217) ~[ozone-manager-1.3.0-SNAPSHOT.jar:?]
	at org.apache.hadoop.ozone.protocolPB.OzoneManagerProtocolServerSideTranslatorPB.submitRequestDirectlyToOM(OzoneManagerProtocolServerSideTranslatorPB.java:284) ~[ozone-manager-1.3.0-SNAPSHOT.jar:?]
	at org.apache.hadoop.ozone.protocolPB.OzoneManagerProtocolServerSideTranslatorPB.processRequest(OzoneManagerProtocolServerSideTranslatorPB.java:207) ~[ozone-manager-1.3.0-SNAPSHOT.jar:?]
	at org.apache.hadoop.hdds.server.OzoneProtocolMessageDispatcher.processRequest(OzoneProtocolMessageDispatcher.java:87) [hdds-server-framework-1.3.0-SNAPSHOT.jar:?]
	at org.apache.hadoop.ozone.protocolPB.OzoneManagerProtocolServerSideTranslatorPB.submitRequest(OzoneManagerProtocolServerSideTranslatorPB.java:147) [ozone-manager-1.3.0-SNAPSHOT.jar:?]
	at org.apache.hadoop.ozone.protocol.proto.OzoneManagerProtocolProtos$OzoneManagerService$2.callBlockingMethod(OzoneManagerProtocolProtos.java) [ozone-interface-client-1.3.0-SNAPSHOT.jar:?]
	at org.apache.hadoop.ipc.ProtobufRpcEngine$Server.processCall(ProtobufRpcEngine.java:466) [hadoop-common-3.3.1.jar:?]
	at org.apache.hadoop.ipc.ProtobufRpcEngine2$Server$ProtoBufRpcInvoker.call(ProtobufRpcEngine2.java:574) [hadoop-common-3.3.1.jar:?]
	at org.apache.hadoop.ipc.ProtobufRpcEngine2$Server$ProtoBufRpcInvoker.call(ProtobufRpcEngine2.java:552) [hadoop-common-3.3.1.jar:?]
	at org.apache.hadoop.ipc.RPC$Server.call(RPC.java:1093) [hadoop-common-3.3.1.jar:?]
	at org.apache.hadoop.ipc.Server$RpcCall.run(Server.java:1035) [hadoop-common-3.3.1.jar:?]
	at org.apache.hadoop.ipc.Server$RpcCall.run(Server.java:963) [hadoop-common-3.3.1.jar:?]
	at java.security.AccessController.doPrivileged(Native Method) ~[?:1.8.0_332]
	at javax.security.auth.Subject.doAs(Subject.java:422) [?:1.8.0_332]
	at org.apache.hadoop.security.UserGroupInformation.doAs(UserGroupInformation.java:1878) [hadoop-common-3.3.1.jar:?]
	at org.apache.hadoop.ipc.Server$Handler.run(Server.java:2966) [hadoop-common-3.3.1.jar:?]
2022-06-16 16:23:58,551 [Time-limited test] INFO  rpc.RpcClient (RpcClient.java:createBucket(666)) - Creating Bucket: volume96855/trashroottest2, with the Bucket Layout LEGACY, runner as owner, Versioning false, Storage Type set to DISK and Encryption set to false 
2022-06-16 16:23:58,555 [IPC Server handler 12 on default port 44357] INFO  bucket.OMBucketCreateRequest (OMBucketCreateRequest.java:validateAndUpdateCache(260)) - created bucket: trashroottest2 of layout LEGACY in volume: volume96855
16:23:58.788 [IPC Server handler 14 on default port 44357] ERROR OMAudit - user=runner | ip=127.0.0.1 | op=GET_FILE_STATUS {volume=152433e7-3d59-4b1b-a2e7-125835fcbbc7, bucket=2b2b41a1-2834-4511-befe-070066303f6a, key=.Trash, dataSize=0, replicationConfig=null} | ret=FAILURE
org.apache.hadoop.ozone.om.exceptions.OMException: Unable to get file status: volume: 152433e7-3d59-4b1b-a2e7-125835fcbbc7 bucket: 2b2b41a1-2834-4511-befe-070066303f6a key: .Trash
	at org.apache.hadoop.ozone.om.KeyManagerImpl.getOzoneFileStatus(KeyManagerImpl.java:1283) ~[ozone-manager-1.3.0-SNAPSHOT.jar:?]
	at org.apache.hadoop.ozone.om.KeyManagerImpl.getFileStatus(KeyManagerImpl.java:1213) ~[ozone-manager-1.3.0-SNAPSHOT.jar:?]
	at org.apache.hadoop.ozone.om.OzoneManager.getFileStatus(OzoneManager.java:3419) ~[ozone-manager-1.3.0-SNAPSHOT.jar:?]
	at org.apache.hadoop.ozone.protocolPB.OzoneManagerRequestHandler.getOzoneFileStatus(OzoneManagerRequestHandler.java:871) ~[ozone-manager-1.3.0-SNAPSHOT.jar:?]
	at org.apache.hadoop.ozone.protocolPB.OzoneManagerRequestHandler.handleReadRequest(OzoneManagerRequestHandler.java:217) ~[ozone-manager-1.3.0-SNAPSHOT.jar:?]
	at org.apache.hadoop.ozone.protocolPB.OzoneManagerProtocolServerSideTranslatorPB.submitRequestDirectlyToOM(OzoneManagerProtocolServerSideTranslatorPB.java:284) ~[ozone-manager-1.3.0-SNAPSHOT.jar:?]
	at org.apache.hadoop.ozone.protocolPB.OzoneManagerProtocolServerSideTranslatorPB.processRequest(OzoneManagerProtocolServerSideTranslatorPB.java:207) ~[ozone-manager-1.3.0-SNAPSHOT.jar:?]
	at org.apache.hadoop.hdds.server.OzoneProtocolMessageDispatcher.processRequest(OzoneProtocolMessageDispatcher.java:87) [hdds-server-framework-1.3.0-SNAPSHOT.jar:?]
	at org.apache.hadoop.ozone.protocolPB.OzoneManagerProtocolServerSideTranslatorPB.submitRequest(OzoneManagerProtocolServerSideTranslatorPB.java:147) [ozone-manager-1.3.0-SNAPSHOT.jar:?]
	at org.apache.hadoop.ozone.protocol.proto.OzoneManagerProtocolProtos$OzoneManagerService$2.callBlockingMethod(OzoneManagerProtocolProtos.java) [ozone-interface-client-1.3.0-SNAPSHOT.jar:?]
	at org.apache.hadoop.ipc.ProtobufRpcEngine$Server.processCall(ProtobufRpcEngine.java:466) [hadoop-common-3.3.1.jar:?]
	at org.apache.hadoop.ipc.ProtobufRpcEngine2$Server$ProtoBufRpcInvoker.call(ProtobufRpcEngine2.java:574) [hadoop-common-3.3.1.jar:?]
	at org.apache.hadoop.ipc.ProtobufRpcEngine2$Server$ProtoBufRpcInvoker.call(ProtobufRpcEngine2.java:552) [hadoop-common-3.3.1.jar:?]
	at org.apache.hadoop.ipc.RPC$Server.call(RPC.java:1093) [hadoop-common-3.3.1.jar:?]
	at org.apache.hadoop.ipc.Server$RpcCall.run(Server.java:1035) [hadoop-common-3.3.1.jar:?]
	at org.apache.hadoop.ipc.Server$RpcCall.run(Server.java:963) [hadoop-common-3.3.1.jar:?]
	at java.security.AccessController.doPrivileged(Native Method) ~[?:1.8.0_332]
	at javax.security.auth.Subject.doAs(Subject.java:422) [?:1.8.0_332]
	at org.apache.hadoop.security.UserGroupInformation.doAs(UserGroupInformation.java:1878) [hadoop-common-3.3.1.jar:?]
	at org.apache.hadoop.ipc.Server$Handler.run(Server.java:2966) [hadoop-common-3.3.1.jar:?]
16:23:58.804 [IPC Server handler 3 on default port 44357] ERROR OMAudit - user=runner | ip=127.0.0.1 | op=GET_FILE_STATUS {volume=152433e7-3d59-4b1b-a2e7-125835fcbbc7, bucket=2b2b41a1-2834-4511-befe-070066303f6a, key=.Trash, dataSize=0, replicationConfig=null} | ret=FAILURE
org.apache.hadoop.ozone.om.exceptions.OMException: Unable to get file status: volume: 152433e7-3d59-4b1b-a2e7-125835fcbbc7 bucket: 2b2b41a1-2834-4511-befe-070066303f6a key: .Trash
	at org.apache.hadoop.ozone.om.KeyManagerImpl.getOzoneFileStatus(KeyManagerImpl.java:1283) ~[ozone-manager-1.3.0-SNAPSHOT.jar:?]
	at org.apache.hadoop.ozone.om.KeyManagerImpl.getFileStatus(KeyManagerImpl.java:1213) ~[ozone-manager-1.3.0-SNAPSHOT.jar:?]
	at org.apache.hadoop.ozone.om.OzoneManager.getFileStatus(OzoneManager.java:3419) ~[ozone-manager-1.3.0-SNAPSHOT.jar:?]
	at org.apache.hadoop.ozone.protocolPB.OzoneManagerRequestHandler.getOzoneFileStatus(OzoneManagerRequestHandler.java:871) ~[ozone-manager-1.3.0-SNAPSHOT.jar:?]
	at org.apache.hadoop.ozone.protocolPB.OzoneManagerRequestHandler.handleReadRequest(OzoneManagerRequestHandler.java:217) ~[ozone-manager-1.3.0-SNAPSHOT.jar:?]
	at org.apache.hadoop.ozone.protocolPB.OzoneManagerProtocolServerSideTranslatorPB.submitRequestDirectlyToOM(OzoneManagerProtocolServerSideTranslatorPB.java:284) ~[ozone-manager-1.3.0-SNAPSHOT.jar:?]
	at org.apache.hadoop.ozone.protocolPB.OzoneManagerProtocolServerSideTranslatorPB.processRequest(OzoneManagerProtocolServerSideTranslatorPB.java:207) ~[ozone-manager-1.3.0-SNAPSHOT.jar:?]
	at org.apache.hadoop.hdds.server.OzoneProtocolMessageDispatcher.processRequest(OzoneProtocolMessageDispatcher.java:87) [hdds-server-framework-1.3.0-SNAPSHOT.jar:?]
	at org.apache.hadoop.ozone.protocolPB.OzoneManagerProtocolServerSideTranslatorPB.submitRequest(OzoneManagerProtocolServerSideTranslatorPB.java:147) [ozone-manager-1.3.0-SNAPSHOT.jar:?]
	at org.apache.hadoop.ozone.protocol.proto.OzoneManagerProtocolProtos$OzoneManagerService$2.callBlockingMethod(OzoneManagerProtocolProtos.java) [ozone-interface-client-1.3.0-SNAPSHOT.jar:?]
	at org.apache.hadoop.ipc.ProtobufRpcEngine$Server.processCall(ProtobufRpcEngine.java:466) [hadoop-common-3.3.1.jar:?]
	at org.apache.hadoop.ipc.ProtobufRpcEngine2$Server$ProtoBufRpcInvoker.call(ProtobufRpcEngine2.java:574) [hadoop-common-3.3.1.jar:?]
	at org.apache.hadoop.ipc.ProtobufRpcEngine2$Server$ProtoBufRpcInvoker.call(ProtobufRpcEngine2.java:552) [hadoop-common-3.3.1.jar:?]
	at org.apache.hadoop.ipc.RPC$Server.call(RPC.java:1093) [hadoop-common-3.3.1.jar:?]
	at org.apache.hadoop.ipc.Server$RpcCall.run(Server.java:1035) [hadoop-common-3.3.1.jar:?]
	at org.apache.hadoop.ipc.Server$RpcCall.run(Server.java:963) [hadoop-common-3.3.1.jar:?]
	at java.security.AccessController.doPrivileged(Native Method) ~[?:1.8.0_332]
	at javax.security.auth.Subject.doAs(Subject.java:422) [?:1.8.0_332]
	at org.apache.hadoop.security.UserGroupInformation.doAs(UserGroupInformation.java:1878) [hadoop-common-3.3.1.jar:?]
	at org.apache.hadoop.ipc.Server$Handler.run(Server.java:2966) [hadoop-common-3.3.1.jar:?]
2022-06-16 16:23:58,970 [Time-limited test] INFO  rpc.RpcClient (RpcClient.java:createVolume(466)) - Creating Volume: volume39376, with user10279 as owner and space quota set to -1 bytes, counts quota set to -1
2022-06-16 16:23:58,971 [IPC Server handler 2 on default port 44357] INFO  volume.OMVolumeCreateRequest (OMVolumeCreateRequest.java:validateAndUpdateCache(195)) - created volume:volume39376 for user:user10279
2022-06-16 16:23:58,971 [Time-limited test] INFO  rpc.RpcClient (RpcClient.java:createBucket(666)) - Creating Bucket: volume39376/bucket92298, with the Bucket Layout LEGACY, runner as owner, Versioning false, Storage Type set to DISK and Encryption set to false 
2022-06-16 16:23:58,972 [IPC Server handler 6 on default port 44357] INFO  bucket.OMBucketCreateRequest (OMBucketCreateRequest.java:validateAndUpdateCache(260)) - created bucket: bucket92298 of layout LEGACY in volume: volume39376
16:23:59.003 [IPC Server handler 18 on default port 44357] ERROR OMAudit - user=runner | ip=127.0.0.1 | op=GET_FILE_STATUS {volume=152433e7-3d59-4b1b-a2e7-125835fcbbc7, bucket=2b2b41a1-2834-4511-befe-070066303f6a, key=.Trash, dataSize=0, replicationConfig=null} | ret=FAILURE
org.apache.hadoop.ozone.om.exceptions.OMException: Unable to get file status: volume: 152433e7-3d59-4b1b-a2e7-125835fcbbc7 bucket: 2b2b41a1-2834-4511-befe-070066303f6a key: .Trash
	at org.apache.hadoop.ozone.om.KeyManagerImpl.getOzoneFileStatus(KeyManagerImpl.java:1283) ~[ozone-manager-1.3.0-SNAPSHOT.jar:?]
	at org.apache.hadoop.ozone.om.KeyManagerImpl.getFileStatus(KeyManagerImpl.java:1213) ~[ozone-manager-1.3.0-SNAPSHOT.jar:?]
	at org.apache.hadoop.ozone.om.OzoneManager.getFileStatus(OzoneManager.java:3419) ~[ozone-manager-1.3.0-SNAPSHOT.jar:?]
	at org.apache.hadoop.ozone.protocolPB.OzoneManagerRequestHandler.getOzoneFileStatus(OzoneManagerRequestHandler.java:871) ~[ozone-manager-1.3.0-SNAPSHOT.jar:?]
	at org.apache.hadoop.ozone.protocolPB.OzoneManagerRequestHandler.handleReadRequest(OzoneManagerRequestHandler.java:217) ~[ozone-manager-1.3.0-SNAPSHOT.jar:?]
	at org.apache.hadoop.ozone.protocolPB.OzoneManagerProtocolServerSideTranslatorPB.submitRequestDirectlyToOM(OzoneManagerProtocolServerSideTranslatorPB.java:284) ~[ozone-manager-1.3.0-SNAPSHOT.jar:?]
	at org.apache.hadoop.ozone.protocolPB.OzoneManagerProtocolServerSideTranslatorPB.processRequest(OzoneManagerProtocolServerSideTranslatorPB.java:207) ~[ozone-manager-1.3.0-SNAPSHOT.jar:?]
	at org.apache.hadoop.hdds.server.OzoneProtocolMessageDispatcher.processRequest(OzoneProtocolMessageDispatcher.java:87) [hdds-server-framework-1.3.0-SNAPSHOT.jar:?]
	at org.apache.hadoop.ozone.protocolPB.OzoneManagerProtocolServerSideTranslatorPB.submitRequest(OzoneManagerProtocolServerSideTranslatorPB.java:147) [ozone-manager-1.3.0-SNAPSHOT.jar:?]
	at org.apache.hadoop.ozone.protocol.proto.OzoneManagerProtocolProtos$OzoneManagerService$2.callBlockingMethod(OzoneManagerProtocolProtos.java) [ozone-interface-client-1.3.0-SNAPSHOT.jar:?]
	at org.apache.hadoop.ipc.ProtobufRpcEngine$Server.processCall(ProtobufRpcEngine.java:466) [hadoop-common-3.3.1.jar:?]
	at org.apache.hadoop.ipc.ProtobufRpcEngine2$Server$ProtoBufRpcInvoker.call(ProtobufRpcEngine2.java:574) [hadoop-common-3.3.1.jar:?]
	at org.apache.hadoop.ipc.ProtobufRpcEngine2$Server$ProtoBufRpcInvoker.call(ProtobufRpcEngine2.java:552) [hadoop-common-3.3.1.jar:?]
	at org.apache.hadoop.ipc.RPC$Server.call(RPC.java:1093) [hadoop-common-3.3.1.jar:?]
	at org.apache.hadoop.ipc.Server$RpcCall.run(Server.java:1035) [hadoop-common-3.3.1.jar:?]
	at org.apache.hadoop.ipc.Server$RpcCall.run(Server.java:963) [hadoop-common-3.3.1.jar:?]
	at java.security.AccessController.doPrivileged(Native Method) ~[?:1.8.0_332]
	at javax.security.auth.Subject.doAs(Subject.java:422) [?:1.8.0_332]
	at org.apache.hadoop.security.UserGroupInformation.doAs(UserGroupInformation.java:1878) [hadoop-common-3.3.1.jar:?]
	at org.apache.hadoop.ipc.Server$Handler.run(Server.java:2966) [hadoop-common-3.3.1.jar:?]
16:23:59.049 [IPC Server handler 17 on default port 44357] ERROR OMAudit - user=runner | ip=127.0.0.1 | op=GET_FILE_STATUS {volume=152433e7-3d59-4b1b-a2e7-125835fcbbc7, bucket=2b2b41a1-2834-4511-befe-070066303f6a, key=.Trash, dataSize=0, replicationConfig=null} | ret=FAILURE
org.apache.hadoop.ozone.om.exceptions.OMException: Unable to get file status: volume: 152433e7-3d59-4b1b-a2e7-125835fcbbc7 bucket: 2b2b41a1-2834-4511-befe-070066303f6a key: .Trash
	at org.apache.hadoop.ozone.om.KeyManagerImpl.getOzoneFileStatus(KeyManagerImpl.java:1283) ~[ozone-manager-1.3.0-SNAPSHOT.jar:?]
	at org.apache.hadoop.ozone.om.KeyManagerImpl.getFileStatus(KeyManagerImpl.java:1213) ~[ozone-manager-1.3.0-SNAPSHOT.jar:?]
	at org.apache.hadoop.ozone.om.OzoneManager.getFileStatus(OzoneManager.java:3419) ~[ozone-manager-1.3.0-SNAPSHOT.jar:?]
	at org.apache.hadoop.ozone.protocolPB.OzoneManagerRequestHandler.getOzoneFileStatus(OzoneManagerRequestHandler.java:871) ~[ozone-manager-1.3.0-SNAPSHOT.jar:?]
	at org.apache.hadoop.ozone.protocolPB.OzoneManagerRequestHandler.handleReadRequest(OzoneManagerRequestHandler.java:217) ~[ozone-manager-1.3.0-SNAPSHOT.jar:?]
	at org.apache.hadoop.ozone.protocolPB.OzoneManagerProtocolServerSideTranslatorPB.submitRequestDirectlyToOM(OzoneManagerProtocolServerSideTranslatorPB.java:284) ~[ozone-manager-1.3.0-SNAPSHOT.jar:?]
	at org.apache.hadoop.ozone.protocolPB.OzoneManagerProtocolServerSideTranslatorPB.processRequest(OzoneManagerProtocolServerSideTranslatorPB.java:207) ~[ozone-manager-1.3.0-SNAPSHOT.jar:?]
	at org.apache.hadoop.hdds.server.OzoneProtocolMessageDispatcher.processRequest(OzoneProtocolMessageDispatcher.java:87) [hdds-server-framework-1.3.0-SNAPSHOT.jar:?]
	at org.apache.hadoop.ozone.protocolPB.OzoneManagerProtocolServerSideTranslatorPB.submitRequest(OzoneManagerProtocolServerSideTranslatorPB.java:147) [ozone-manager-1.3.0-SNAPSHOT.jar:?]
	at org.apache.hadoop.ozone.protocol.proto.OzoneManagerProtocolProtos$OzoneManagerService$2.callBlockingMethod(OzoneManagerProtocolProtos.java) [ozone-interface-client-1.3.0-SNAPSHOT.jar:?]
	at org.apache.hadoop.ipc.ProtobufRpcEngine$Server.processCall(ProtobufRpcEngine.java:466) [hadoop-common-3.3.1.jar:?]
	at org.apache.hadoop.ipc.ProtobufRpcEngine2$Server$ProtoBufRpcInvoker.call(ProtobufRpcEngine2.java:574) [hadoop-common-3.3.1.jar:?]
	at org.apache.hadoop.ipc.ProtobufRpcEngine2$Server$ProtoBufRpcInvoker.call(ProtobufRpcEngine2.java:552) [hadoop-common-3.3.1.jar:?]
	at org.apache.hadoop.ipc.RPC$Server.call(RPC.java:1093) [hadoop-common-3.3.1.jar:?]
	at org.apache.hadoop.ipc.Server$RpcCall.run(Server.java:1035) [hadoop-common-3.3.1.jar:?]
	at org.apache.hadoop.ipc.Server$RpcCall.run(Server.java:963) [hadoop-common-3.3.1.jar:?]
	at java.security.AccessController.doPrivileged(Native Method) ~[?:1.8.0_332]
	at javax.security.auth.Subject.doAs(Subject.java:422) [?:1.8.0_332]
	at org.apache.hadoop.security.UserGroupInformation.doAs(UserGroupInformation.java:1878) [hadoop-common-3.3.1.jar:?]
	at org.apache.hadoop.ipc.Server$Handler.run(Server.java:2966) [hadoop-common-3.3.1.jar:?]
16:23:59.073 [IPC Server handler 3 on default port 44357] ERROR OMAudit - user=runner | ip=127.0.0.1 | op=GET_FILE_STATUS {volume=volume39376, bucket=bucket92298, key=.Trash/runner, dataSize=0, replicationConfig=null} | ret=FAILURE
org.apache.hadoop.ozone.om.exceptions.OMException: Unable to get file status: volume: volume39376 bucket: bucket92298 key: .Trash/runner
	at org.apache.hadoop.ozone.om.KeyManagerImpl.getOzoneFileStatus(KeyManagerImpl.java:1283) ~[ozone-manager-1.3.0-SNAPSHOT.jar:?]
	at org.apache.hadoop.ozone.om.KeyManagerImpl.getFileStatus(KeyManagerImpl.java:1213) ~[ozone-manager-1.3.0-SNAPSHOT.jar:?]
	at org.apache.hadoop.ozone.om.OzoneManager.getFileStatus(OzoneManager.java:3419) ~[ozone-manager-1.3.0-SNAPSHOT.jar:?]
	at org.apache.hadoop.ozone.protocolPB.OzoneManagerRequestHandler.getOzoneFileStatus(OzoneManagerRequestHandler.java:871) ~[ozone-manager-1.3.0-SNAPSHOT.jar:?]
	at org.apache.hadoop.ozone.protocolPB.OzoneManagerRequestHandler.handleReadRequest(OzoneManagerRequestHandler.java:217) ~[ozone-manager-1.3.0-SNAPSHOT.jar:?]
	at org.apache.hadoop.ozone.protocolPB.OzoneManagerProtocolServerSideTranslatorPB.submitRequestDirectlyToOM(OzoneManagerProtocolServerSideTranslatorPB.java:284) ~[ozone-manager-1.3.0-SNAPSHOT.jar:?]
	at org.apache.hadoop.ozone.protocolPB.OzoneManagerProtocolServerSideTranslatorPB.processRequest(OzoneManagerProtocolServerSideTranslatorPB.java:207) ~[ozone-manager-1.3.0-SNAPSHOT.jar:?]
	at org.apache.hadoop.hdds.server.OzoneProtocolMessageDispatcher.processRequest(OzoneProtocolMessageDispatcher.java:87) [hdds-server-framework-1.3.0-SNAPSHOT.jar:?]
	at org.apache.hadoop.ozone.protocolPB.OzoneManagerProtocolServerSideTranslatorPB.submitRequest(OzoneManagerProtocolServerSideTranslatorPB.java:147) [ozone-manager-1.3.0-SNAPSHOT.jar:?]
	at org.apache.hadoop.ozone.protocol.proto.OzoneManagerProtocolProtos$OzoneManagerService$2.callBlockingMethod(OzoneManagerProtocolProtos.java) [ozone-interface-client-1.3.0-SNAPSHOT.jar:?]
	at org.apache.hadoop.ipc.ProtobufRpcEngine$Server.processCall(ProtobufRpcEngine.java:466) [hadoop-common-3.3.1.jar:?]
	at org.apache.hadoop.ipc.ProtobufRpcEngine2$Server$ProtoBufRpcInvoker.call(ProtobufRpcEngine2.java:574) [hadoop-common-3.3.1.jar:?]
	at org.apache.hadoop.ipc.ProtobufRpcEngine2$Server$ProtoBufRpcInvoker.call(ProtobufRpcEngine2.java:552) [hadoop-common-3.3.1.jar:?]
	at org.apache.hadoop.ipc.RPC$Server.call(RPC.java:1093) [hadoop-common-3.3.1.jar:?]
	at org.apache.hadoop.ipc.Server$RpcCall.run(Server.java:1035) [hadoop-common-3.3.1.jar:?]
	at org.apache.hadoop.ipc.Server$RpcCall.run(Server.java:963) [hadoop-common-3.3.1.jar:?]
	at java.security.AccessController.doPrivileged(Native Method) ~[?:1.8.0_332]
	at javax.security.auth.Subject.doAs(Subject.java:422) [?:1.8.0_332]
	at org.apache.hadoop.security.UserGroupInformation.doAs(UserGroupInformation.java:1878) [hadoop-common-3.3.1.jar:?]
	at org.apache.hadoop.ipc.Server$Handler.run(Server.java:2966) [hadoop-common-3.3.1.jar:?]
16:23:59.078 [IPC Server handler 2 on default port 44357] ERROR OMAudit - user=runner | ip=127.0.0.1 | op=GET_FILE_STATUS {volume=152433e7-3d59-4b1b-a2e7-125835fcbbc7, bucket=2b2b41a1-2834-4511-befe-070066303f6a, key=.Trash, dataSize=0, replicationConfig=null} | ret=FAILURE
org.apache.hadoop.ozone.om.exceptions.OMException: Unable to get file status: volume: 152433e7-3d59-4b1b-a2e7-125835fcbbc7 bucket: 2b2b41a1-2834-4511-befe-070066303f6a key: .Trash
	at org.apache.hadoop.ozone.om.KeyManagerImpl.getOzoneFileStatus(KeyManagerImpl.java:1283) ~[ozone-manager-1.3.0-SNAPSHOT.jar:?]
	at org.apache.hadoop.ozone.om.KeyManagerImpl.getFileStatus(KeyManagerImpl.java:1213) ~[ozone-manager-1.3.0-SNAPSHOT.jar:?]
	at org.apache.hadoop.ozone.om.OzoneManager.getFileStatus(OzoneManager.java:3419) ~[ozone-manager-1.3.0-SNAPSHOT.jar:?]
	at org.apache.hadoop.ozone.protocolPB.OzoneManagerRequestHandler.getOzoneFileStatus(OzoneManagerRequestHandler.java:871) ~[ozone-manager-1.3.0-SNAPSHOT.jar:?]
	at org.apache.hadoop.ozone.protocolPB.OzoneManagerRequestHandler.handleReadRequest(OzoneManagerRequestHandler.java:217) ~[ozone-manager-1.3.0-SNAPSHOT.jar:?]
	at org.apache.hadoop.ozone.protocolPB.OzoneManagerProtocolServerSideTranslatorPB.submitRequestDirectlyToOM(OzoneManagerProtocolServerSideTranslatorPB.java:284) ~[ozone-manager-1.3.0-SNAPSHOT.jar:?]
	at org.apache.hadoop.ozone.protocolPB.OzoneManagerProtocolServerSideTranslatorPB.processRequest(OzoneManagerProtocolServerSideTranslatorPB.java:207) ~[ozone-manager-1.3.0-SNAPSHOT.jar:?]
	at org.apache.hadoop.hdds.server.OzoneProtocolMessageDispatcher.processRequest(OzoneProtocolMessageDispatcher.java:87) [hdds-server-framework-1.3.0-SNAPSHOT.jar:?]
	at org.apache.hadoop.ozone.protocolPB.OzoneManagerProtocolServerSideTranslatorPB.submitRequest(OzoneManagerProtocolServerSideTranslatorPB.java:147) [ozone-manager-1.3.0-SNAPSHOT.jar:?]
	at org.apache.hadoop.ozone.protocol.proto.OzoneManagerProtocolProtos$OzoneManagerService$2.callBlockingMethod(OzoneManagerProtocolProtos.java) [ozone-interface-client-1.3.0-SNAPSHOT.jar:?]
	at org.apache.hadoop.ipc.ProtobufRpcEngine$Server.processCall(ProtobufRpcEngine.java:466) [hadoop-common-3.3.1.jar:?]
	at org.apache.hadoop.ipc.ProtobufRpcEngine2$Server$ProtoBufRpcInvoker.call(ProtobufRpcEngine2.java:574) [hadoop-common-3.3.1.jar:?]
	at org.apache.hadoop.ipc.ProtobufRpcEngine2$Server$ProtoBufRpcInvoker.call(ProtobufRpcEngine2.java:552) [hadoop-common-3.3.1.jar:?]
	at org.apache.hadoop.ipc.RPC$Server.call(RPC.java:1093) [hadoop-common-3.3.1.jar:?]
	at org.apache.hadoop.ipc.Server$RpcCall.run(Server.java:1035) [hadoop-common-3.3.1.jar:?]
	at org.apache.hadoop.ipc.Server$RpcCall.run(Server.java:963) [hadoop-common-3.3.1.jar:?]
	at java.security.AccessController.doPrivileged(Native Method) ~[?:1.8.0_332]
	at javax.security.auth.Subject.doAs(Subject.java:422) [?:1.8.0_332]
	at org.apache.hadoop.security.UserGroupInformation.doAs(UserGroupInformation.java:1878) [hadoop-common-3.3.1.jar:?]
	at org.apache.hadoop.ipc.Server$Handler.run(Server.java:2966) [hadoop-common-3.3.1.jar:?]
16:23:59.080 [IPC Server handler 8 on default port 44357] ERROR OMAudit - user=runner | ip=127.0.0.1 | op=GET_FILE_STATUS {volume=volume39376, bucket=bucket92298, key=.Trash, dataSize=0, replicationConfig=null} | ret=FAILURE
org.apache.hadoop.ozone.om.exceptions.OMException: Unable to get file status: volume: volume39376 bucket: bucket92298 key: .Trash
	at org.apache.hadoop.ozone.om.KeyManagerImpl.getOzoneFileStatus(KeyManagerImpl.java:1283) ~[ozone-manager-1.3.0-SNAPSHOT.jar:?]
	at org.apache.hadoop.ozone.om.KeyManagerImpl.getFileStatus(KeyManagerImpl.java:1213) ~[ozone-manager-1.3.0-SNAPSHOT.jar:?]
	at org.apache.hadoop.ozone.om.OzoneManager.getFileStatus(OzoneManager.java:3419) ~[ozone-manager-1.3.0-SNAPSHOT.jar:?]
	at org.apache.hadoop.ozone.protocolPB.OzoneManagerRequestHandler.getOzoneFileStatus(OzoneManagerRequestHandler.java:871) ~[ozone-manager-1.3.0-SNAPSHOT.jar:?]
	at org.apache.hadoop.ozone.protocolPB.OzoneManagerRequestHandler.handleReadRequest(OzoneManagerRequestHandler.java:217) ~[ozone-manager-1.3.0-SNAPSHOT.jar:?]
	at org.apache.hadoop.ozone.protocolPB.OzoneManagerProtocolServerSideTranslatorPB.submitRequestDirectlyToOM(OzoneManagerProtocolServerSideTranslatorPB.java:284) ~[ozone-manager-1.3.0-SNAPSHOT.jar:?]
	at org.apache.hadoop.ozone.protocolPB.OzoneManagerProtocolServerSideTranslatorPB.processRequest(OzoneManagerProtocolServerSideTranslatorPB.java:207) ~[ozone-manager-1.3.0-SNAPSHOT.jar:?]
	at org.apache.hadoop.hdds.server.OzoneProtocolMessageDispatcher.processRequest(OzoneProtocolMessageDispatcher.java:87) [hdds-server-framework-1.3.0-SNAPSHOT.jar:?]
	at org.apache.hadoop.ozone.protocolPB.OzoneManagerProtocolServerSideTranslatorPB.submitRequest(OzoneManagerProtocolServerSideTranslatorPB.java:147) [ozone-manager-1.3.0-SNAPSHOT.jar:?]
	at org.apache.hadoop.ozone.protocol.proto.OzoneManagerProtocolProtos$OzoneManagerService$2.callBlockingMethod(OzoneManagerProtocolProtos.java) [ozone-interface-client-1.3.0-SNAPSHOT.jar:?]
	at org.apache.hadoop.ipc.ProtobufRpcEngine$Server.processCall(ProtobufRpcEngine.java:466) [hadoop-common-3.3.1.jar:?]
	at org.apache.hadoop.ipc.ProtobufRpcEngine2$Server$ProtoBufRpcInvoker.call(ProtobufRpcEngine2.java:574) [hadoop-common-3.3.1.jar:?]
	at org.apache.hadoop.ipc.ProtobufRpcEngine2$Server$ProtoBufRpcInvoker.call(ProtobufRpcEngine2.java:552) [hadoop-common-3.3.1.jar:?]
	at org.apache.hadoop.ipc.RPC$Server.call(RPC.java:1093) [hadoop-common-3.3.1.jar:?]
	at org.apache.hadoop.ipc.Server$RpcCall.run(Server.java:1035) [hadoop-common-3.3.1.jar:?]
	at org.apache.hadoop.ipc.Server$RpcCall.run(Server.java:963) [hadoop-common-3.3.1.jar:?]
	at java.security.AccessController.doPrivileged(Native Method) ~[?:1.8.0_332]
	at javax.security.auth.Subject.doAs(Subject.java:422) [?:1.8.0_332]
	at org.apache.hadoop.security.UserGroupInformation.doAs(UserGroupInformation.java:1878) [hadoop-common-3.3.1.jar:?]
	at org.apache.hadoop.ipc.Server$Handler.run(Server.java:2966) [hadoop-common-3.3.1.jar:?]
16:23:59.101 [IPC Server handler 3 on default port 44357] ERROR OMAudit - user=runner | ip=127.0.0.1 | op=GET_FILE_STATUS {volume=volume39376, bucket=bucket92298, key=.Trash/runner, dataSize=0, replicationConfig=null} | ret=FAILURE
org.apache.hadoop.ozone.om.exceptions.OMException: Unable to get file status: volume: volume39376 bucket: bucket92298 key: .Trash/runner
	at org.apache.hadoop.ozone.om.KeyManagerImpl.getOzoneFileStatus(KeyManagerImpl.java:1283) ~[ozone-manager-1.3.0-SNAPSHOT.jar:?]
	at org.apache.hadoop.ozone.om.KeyManagerImpl.getFileStatus(KeyManagerImpl.java:1213) ~[ozone-manager-1.3.0-SNAPSHOT.jar:?]
	at org.apache.hadoop.ozone.om.OzoneManager.getFileStatus(OzoneManager.java:3419) ~[ozone-manager-1.3.0-SNAPSHOT.jar:?]
	at org.apache.hadoop.ozone.protocolPB.OzoneManagerRequestHandler.getOzoneFileStatus(OzoneManagerRequestHandler.java:871) ~[ozone-manager-1.3.0-SNAPSHOT.jar:?]
	at org.apache.hadoop.ozone.protocolPB.OzoneManagerRequestHandler.handleReadRequest(OzoneManagerRequestHandler.java:217) ~[ozone-manager-1.3.0-SNAPSHOT.jar:?]
	at org.apache.hadoop.ozone.protocolPB.OzoneManagerProtocolServerSideTranslatorPB.submitRequestDirectlyToOM(OzoneManagerProtocolServerSideTranslatorPB.java:284) ~[ozone-manager-1.3.0-SNAPSHOT.jar:?]
	at org.apache.hadoop.ozone.protocolPB.OzoneManagerProtocolServerSideTranslatorPB.processRequest(OzoneManagerProtocolServerSideTranslatorPB.java:207) ~[ozone-manager-1.3.0-SNAPSHOT.jar:?]
	at org.apache.hadoop.hdds.server.OzoneProtocolMessageDispatcher.processRequest(OzoneProtocolMessageDispatcher.java:87) [hdds-server-framework-1.3.0-SNAPSHOT.jar:?]
	at org.apache.hadoop.ozone.protocolPB.OzoneManagerProtocolServerSideTranslatorPB.submitRequest(OzoneManagerProtocolServerSideTranslatorPB.java:147) [ozone-manager-1.3.0-SNAPSHOT.jar:?]
	at org.apache.hadoop.ozone.protocol.proto.OzoneManagerProtocolProtos$OzoneManagerService$2.callBlockingMethod(OzoneManagerProtocolProtos.java) [ozone-interface-client-1.3.0-SNAPSHOT.jar:?]
	at org.apache.hadoop.ipc.ProtobufRpcEngine$Server.processCall(ProtobufRpcEngine.java:466) [hadoop-common-3.3.1.jar:?]
	at org.apache.hadoop.ipc.ProtobufRpcEngine2$Server$ProtoBufRpcInvoker.call(ProtobufRpcEngine2.java:574) [hadoop-common-3.3.1.jar:?]
	at org.apache.hadoop.ipc.ProtobufRpcEngine2$Server$ProtoBufRpcInvoker.call(ProtobufRpcEngine2.java:552) [hadoop-common-3.3.1.jar:?]
	at org.apache.hadoop.ipc.RPC$Server.call(RPC.java:1093) [hadoop-common-3.3.1.jar:?]
	at org.apache.hadoop.ipc.Server$RpcCall.run(Server.java:1035) [hadoop-common-3.3.1.jar:?]
	at org.apache.hadoop.ipc.Server$RpcCall.run(Server.java:963) [hadoop-common-3.3.1.jar:?]
	at java.security.AccessController.doPrivileged(Native Method) ~[?:1.8.0_332]
	at javax.security.auth.Subject.doAs(Subject.java:422) [?:1.8.0_332]
	at org.apache.hadoop.security.UserGroupInformation.doAs(UserGroupInformation.java:1878) [hadoop-common-3.3.1.jar:?]
	at org.apache.hadoop.ipc.Server$Handler.run(Server.java:2966) [hadoop-common-3.3.1.jar:?]
16:23:59.107 [IPC Server handler 9 on default port 44357] ERROR OMAudit - user=runner | ip=127.0.0.1 | op=GET_FILE_STATUS {volume=volume96855, bucket=trashroottest2, key=.Trash/runner, dataSize=0, replicationConfig=null} | ret=FAILURE
org.apache.hadoop.ozone.om.exceptions.OMException: Unable to get file status: volume: volume96855 bucket: trashroottest2 key: .Trash/runner
	at org.apache.hadoop.ozone.om.KeyManagerImpl.getOzoneFileStatus(KeyManagerImpl.java:1283) ~[ozone-manager-1.3.0-SNAPSHOT.jar:?]
	at org.apache.hadoop.ozone.om.KeyManagerImpl.getFileStatus(KeyManagerImpl.java:1213) ~[ozone-manager-1.3.0-SNAPSHOT.jar:?]
	at org.apache.hadoop.ozone.om.OzoneManager.getFileStatus(OzoneManager.java:3419) ~[ozone-manager-1.3.0-SNAPSHOT.jar:?]
	at org.apache.hadoop.ozone.protocolPB.OzoneManagerRequestHandler.getOzoneFileStatus(OzoneManagerRequestHandler.java:871) ~[ozone-manager-1.3.0-SNAPSHOT.jar:?]
	at org.apache.hadoop.ozone.protocolPB.OzoneManagerRequestHandler.handleReadRequest(OzoneManagerRequestHandler.java:217) ~[ozone-manager-1.3.0-SNAPSHOT.jar:?]
	at org.apache.hadoop.ozone.protocolPB.OzoneManagerProtocolServerSideTranslatorPB.submitRequestDirectlyToOM(OzoneManagerProtocolServerSideTranslatorPB.java:284) ~[ozone-manager-1.3.0-SNAPSHOT.jar:?]
	at org.apache.hadoop.ozone.protocolPB.OzoneManagerProtocolServerSideTranslatorPB.processRequest(OzoneManagerProtocolServerSideTranslatorPB.java:207) ~[ozone-manager-1.3.0-SNAPSHOT.jar:?]
	at org.apache.hadoop.hdds.server.OzoneProtocolMessageDispatcher.processRequest(OzoneProtocolMessageDispatcher.java:87) [hdds-server-framework-1.3.0-SNAPSHOT.jar:?]
	at org.apache.hadoop.ozone.protocolPB.OzoneManagerProtocolServerSideTranslatorPB.submitRequest(OzoneManagerProtocolServerSideTranslatorPB.java:147) [ozone-manager-1.3.0-SNAPSHOT.jar:?]
	at org.apache.hadoop.ozone.protocol.proto.OzoneManagerProtocolProtos$OzoneManagerService$2.callBlockingMethod(OzoneManagerProtocolProtos.java) [ozone-interface-client-1.3.0-SNAPSHOT.jar:?]
	at org.apache.hadoop.ipc.ProtobufRpcEngine$Server.processCall(ProtobufRpcEngine.java:466) [hadoop-common-3.3.1.jar:?]
	at org.apache.hadoop.ipc.ProtobufRpcEngine2$Server$ProtoBufRpcInvoker.call(ProtobufRpcEngine2.java:574) [hadoop-common-3.3.1.jar:?]
	at org.apache.hadoop.ipc.ProtobufRpcEngine2$Server$ProtoBufRpcInvoker.call(ProtobufRpcEngine2.java:552) [hadoop-common-3.3.1.jar:?]
	at org.apache.hadoop.ipc.RPC$Server.call(RPC.java:1093) [hadoop-common-3.3.1.jar:?]
	at org.apache.hadoop.ipc.Server$RpcCall.run(Server.java:1035) [hadoop-common-3.3.1.jar:?]
	at org.apache.hadoop.ipc.Server$RpcCall.run(Server.java:963) [hadoop-common-3.3.1.jar:?]
	at java.security.AccessController.doPrivileged(Native Method) ~[?:1.8.0_332]
	at javax.security.auth.Subject.doAs(Subject.java:422) [?:1.8.0_332]
	at org.apache.hadoop.security.UserGroupInformation.doAs(UserGroupInformation.java:1878) [hadoop-common-3.3.1.jar:?]
	at org.apache.hadoop.ipc.Server$Handler.run(Server.java:2966) [hadoop-common-3.3.1.jar:?]
16:23:59.114 [IPC Server handler 18 on default port 44357] ERROR OMAudit - user=runner | ip=127.0.0.1 | op=GET_FILE_STATUS {volume=152433e7-3d59-4b1b-a2e7-125835fcbbc7, bucket=2b2b41a1-2834-4511-befe-070066303f6a, key=.Trash, dataSize=0, replicationConfig=null} | ret=FAILURE
org.apache.hadoop.ozone.om.exceptions.OMException: Unable to get file status: volume: 152433e7-3d59-4b1b-a2e7-125835fcbbc7 bucket: 2b2b41a1-2834-4511-befe-070066303f6a key: .Trash
	at org.apache.hadoop.ozone.om.KeyManagerImpl.getOzoneFileStatus(KeyManagerImpl.java:1283) ~[ozone-manager-1.3.0-SNAPSHOT.jar:?]
	at org.apache.hadoop.ozone.om.KeyManagerImpl.getFileStatus(KeyManagerImpl.java:1213) ~[ozone-manager-1.3.0-SNAPSHOT.jar:?]
	at org.apache.hadoop.ozone.om.OzoneManager.getFileStatus(OzoneManager.java:3419) ~[ozone-manager-1.3.0-SNAPSHOT.jar:?]
	at org.apache.hadoop.ozone.protocolPB.OzoneManagerRequestHandler.getOzoneFileStatus(OzoneManagerRequestHandler.java:871) ~[ozone-manager-1.3.0-SNAPSHOT.jar:?]
	at org.apache.hadoop.ozone.protocolPB.OzoneManagerRequestHandler.handleReadRequest(OzoneManagerRequestHandler.java:217) ~[ozone-manager-1.3.0-SNAPSHOT.jar:?]
	at org.apache.hadoop.ozone.protocolPB.OzoneManagerProtocolServerSideTranslatorPB.submitRequestDirectlyToOM(OzoneManagerProtocolServerSideTranslatorPB.java:284) ~[ozone-manager-1.3.0-SNAPSHOT.jar:?]
	at org.apache.hadoop.ozone.protocolPB.OzoneManagerProtocolServerSideTranslatorPB.processRequest(OzoneManagerProtocolServerSideTranslatorPB.java:207) ~[ozone-manager-1.3.0-SNAPSHOT.jar:?]
	at org.apache.hadoop.hdds.server.OzoneProtocolMessageDispatcher.processRequest(OzoneProtocolMessageDispatcher.java:87) [hdds-server-framework-1.3.0-SNAPSHOT.jar:?]
	at org.apache.hadoop.ozone.protocolPB.OzoneManagerProtocolServerSideTranslatorPB.submitRequest(OzoneManagerProtocolServerSideTranslatorPB.java:147) [ozone-manager-1.3.0-SNAPSHOT.jar:?]
	at org.apache.hadoop.ozone.protocol.proto.OzoneManagerProtocolProtos$OzoneManagerService$2.callBlockingMethod(OzoneManagerProtocolProtos.java) [ozone-interface-client-1.3.0-SNAPSHOT.jar:?]
	at org.apache.hadoop.ipc.ProtobufRpcEngine$Server.processCall(ProtobufRpcEngine.java:466) [hadoop-common-3.3.1.jar:?]
	at org.apache.hadoop.ipc.ProtobufRpcEngine2$Server$ProtoBufRpcInvoker.call(ProtobufRpcEngine2.java:574) [hadoop-common-3.3.1.jar:?]
	at org.apache.hadoop.ipc.ProtobufRpcEngine2$Server$ProtoBufRpcInvoker.call(ProtobufRpcEngine2.java:552) [hadoop-common-3.3.1.jar:?]
	at org.apache.hadoop.ipc.RPC$Server.call(RPC.java:1093) [hadoop-common-3.3.1.jar:?]
	at org.apache.hadoop.ipc.Server$RpcCall.run(Server.java:1035) [hadoop-common-3.3.1.jar:?]
	at org.apache.hadoop.ipc.Server$RpcCall.run(Server.java:963) [hadoop-common-3.3.1.jar:?]
	at java.security.AccessController.doPrivileged(Native Method) ~[?:1.8.0_332]
	at javax.security.auth.Subject.doAs(Subject.java:422) [?:1.8.0_332]
	at org.apache.hadoop.security.UserGroupInformation.doAs(UserGroupInformation.java:1878) [hadoop-common-3.3.1.jar:?]
	at org.apache.hadoop.ipc.Server$Handler.run(Server.java:2966) [hadoop-common-3.3.1.jar:?]
16:23:59.115 [IPC Server handler 1 on default port 44357] ERROR OMAudit - user=runner | ip=127.0.0.1 | op=GET_FILE_STATUS {volume=volume39376, bucket=bucket92298, key=.Trash, dataSize=0, replicationConfig=null} | ret=FAILURE
org.apache.hadoop.ozone.om.exceptions.OMException: Unable to get file status: volume: volume39376 bucket: bucket92298 key: .Trash
	at org.apache.hadoop.ozone.om.KeyManagerImpl.getOzoneFileStatus(KeyManagerImpl.java:1283) ~[ozone-manager-1.3.0-SNAPSHOT.jar:?]
	at org.apache.hadoop.ozone.om.KeyManagerImpl.getFileStatus(KeyManagerImpl.java:1213) ~[ozone-manager-1.3.0-SNAPSHOT.jar:?]
	at org.apache.hadoop.ozone.om.OzoneManager.getFileStatus(OzoneManager.java:3419) ~[ozone-manager-1.3.0-SNAPSHOT.jar:?]
	at org.apache.hadoop.ozone.protocolPB.OzoneManagerRequestHandler.getOzoneFileStatus(OzoneManagerRequestHandler.java:871) ~[ozone-manager-1.3.0-SNAPSHOT.jar:?]
	at org.apache.hadoop.ozone.protocolPB.OzoneManagerRequestHandler.handleReadRequest(OzoneManagerRequestHandler.java:217) ~[ozone-manager-1.3.0-SNAPSHOT.jar:?]
	at org.apache.hadoop.ozone.protocolPB.OzoneManagerProtocolServerSideTranslatorPB.submitRequestDirectlyToOM(OzoneManagerProtocolServerSideTranslatorPB.java:284) ~[ozone-manager-1.3.0-SNAPSHOT.jar:?]
	at org.apache.hadoop.ozone.protocolPB.OzoneManagerProtocolServerSideTranslatorPB.processRequest(OzoneManagerProtocolServerSideTranslatorPB.java:207) ~[ozone-manager-1.3.0-SNAPSHOT.jar:?]
	at org.apache.hadoop.hdds.server.OzoneProtocolMessageDispatcher.processRequest(OzoneProtocolMessageDispatcher.java:87) [hdds-server-framework-1.3.0-SNAPSHOT.jar:?]
	at org.apache.hadoop.ozone.protocolPB.OzoneManagerProtocolServerSideTranslatorPB.submitRequest(OzoneManagerProtocolServerSideTranslatorPB.java:147) [ozone-manager-1.3.0-SNAPSHOT.jar:?]
	at org.apache.hadoop.ozone.protocol.proto.OzoneManagerProtocolProtos$OzoneManagerService$2.callBlockingMethod(OzoneManagerProtocolProtos.java) [ozone-interface-client-1.3.0-SNAPSHOT.jar:?]
	at org.apache.hadoop.ipc.ProtobufRpcEngine$Server.processCall(ProtobufRpcEngine.java:466) [hadoop-common-3.3.1.jar:?]
	at org.apache.hadoop.ipc.ProtobufRpcEngine2$Server$ProtoBufRpcInvoker.call(ProtobufRpcEngine2.java:574) [hadoop-common-3.3.1.jar:?]
	at org.apache.hadoop.ipc.ProtobufRpcEngine2$Server$ProtoBufRpcInvoker.call(ProtobufRpcEngine2.java:552) [hadoop-common-3.3.1.jar:?]
	at org.apache.hadoop.ipc.RPC$Server.call(RPC.java:1093) [hadoop-common-3.3.1.jar:?]
	at org.apache.hadoop.ipc.Server$RpcCall.run(Server.java:1035) [hadoop-common-3.3.1.jar:?]
	at org.apache.hadoop.ipc.Server$RpcCall.run(Server.java:963) [hadoop-common-3.3.1.jar:?]
	at java.security.AccessController.doPrivileged(Native Method) ~[?:1.8.0_332]
	at javax.security.auth.Subject.doAs(Subject.java:422) [?:1.8.0_332]
	at org.apache.hadoop.security.UserGroupInformation.doAs(UserGroupInformation.java:1878) [hadoop-common-3.3.1.jar:?]
	at org.apache.hadoop.ipc.Server$Handler.run(Server.java:2966) [hadoop-common-3.3.1.jar:?]
16:23:59.119 [IPC Server handler 15 on default port 44357] ERROR OMAudit - user=runner | ip=127.0.0.1 | op=GET_FILE_STATUS {volume=volume96855, bucket=trashroottest2, key=.Trash, dataSize=0, replicationConfig=null} | ret=FAILURE
org.apache.hadoop.ozone.om.exceptions.OMException: Unable to get file status: volume: volume96855 bucket: trashroottest2 key: .Trash
	at org.apache.hadoop.ozone.om.KeyManagerImpl.getOzoneFileStatus(KeyManagerImpl.java:1283) ~[ozone-manager-1.3.0-SNAPSHOT.jar:?]
	at org.apache.hadoop.ozone.om.KeyManagerImpl.getFileStatus(KeyManagerImpl.java:1213) ~[ozone-manager-1.3.0-SNAPSHOT.jar:?]
	at org.apache.hadoop.ozone.om.OzoneManager.getFileStatus(OzoneManager.java:3419) ~[ozone-manager-1.3.0-SNAPSHOT.jar:?]
	at org.apache.hadoop.ozone.protocolPB.OzoneManagerRequestHandler.getOzoneFileStatus(OzoneManagerRequestHandler.java:871) ~[ozone-manager-1.3.0-SNAPSHOT.jar:?]
	at org.apache.hadoop.ozone.protocolPB.OzoneManagerRequestHandler.handleReadRequest(OzoneManagerRequestHandler.java:217) ~[ozone-manager-1.3.0-SNAPSHOT.jar:?]
	at org.apache.hadoop.ozone.protocolPB.OzoneManagerProtocolServerSideTranslatorPB.submitRequestDirectlyToOM(OzoneManagerProtocolServerSideTranslatorPB.java:284) ~[ozone-manager-1.3.0-SNAPSHOT.jar:?]
	at org.apache.hadoop.ozone.protocolPB.OzoneManagerProtocolServerSideTranslatorPB.processRequest(OzoneManagerProtocolServerSideTranslatorPB.java:207) ~[ozone-manager-1.3.0-SNAPSHOT.jar:?]
	at org.apache.hadoop.hdds.server.OzoneProtocolMessageDispatcher.processRequest(OzoneProtocolMessageDispatcher.java:87) [hdds-server-framework-1.3.0-SNAPSHOT.jar:?]
	at org.apache.hadoop.ozone.protocolPB.OzoneManagerProtocolServerSideTranslatorPB.submitRequest(OzoneManagerProtocolServerSideTranslatorPB.java:147) [ozone-manager-1.3.0-SNAPSHOT.jar:?]
	at org.apache.hadoop.ozone.protocol.proto.OzoneManagerProtocolProtos$OzoneManagerService$2.callBlockingMethod(OzoneManagerProtocolProtos.java) [ozone-interface-client-1.3.0-SNAPSHOT.jar:?]
	at org.apache.hadoop.ipc.ProtobufRpcEngine$Server.processCall(ProtobufRpcEngine.java:466) [hadoop-common-3.3.1.jar:?]
	at org.apache.hadoop.ipc.ProtobufRpcEngine2$Server$ProtoBufRpcInvoker.call(ProtobufRpcEngine2.java:574) [hadoop-common-3.3.1.jar:?]
	at org.apache.hadoop.ipc.ProtobufRpcEngine2$Server$ProtoBufRpcInvoker.call(ProtobufRpcEngine2.java:552) [hadoop-common-3.3.1.jar:?]
	at org.apache.hadoop.ipc.RPC$Server.call(RPC.java:1093) [hadoop-common-3.3.1.jar:?]
	at org.apache.hadoop.ipc.Server$RpcCall.run(Server.java:1035) [hadoop-common-3.3.1.jar:?]
	at org.apache.hadoop.ipc.Server$RpcCall.run(Server.java:963) [hadoop-common-3.3.1.jar:?]
	at java.security.AccessController.doPrivileged(Native Method) ~[?:1.8.0_332]
	at javax.security.auth.Subject.doAs(Subject.java:422) [?:1.8.0_332]
	at org.apache.hadoop.security.UserGroupInformation.doAs(UserGroupInformation.java:1878) [hadoop-common-3.3.1.jar:?]
	at org.apache.hadoop.ipc.Server$Handler.run(Server.java:2966) [hadoop-common-3.3.1.jar:?]
16:23:59.160 [IPC Server handler 14 on default port 44357] ERROR OMAudit - user=runner | ip=127.0.0.1 | op=GET_FILE_STATUS {volume=volume39376, bucket=bucket92298, key=.Trash/runner, dataSize=0, replicationConfig=null} | ret=FAILURE
org.apache.hadoop.ozone.om.exceptions.OMException: Unable to get file status: volume: volume39376 bucket: bucket92298 key: .Trash/runner
	at org.apache.hadoop.ozone.om.KeyManagerImpl.getOzoneFileStatus(KeyManagerImpl.java:1283) ~[ozone-manager-1.3.0-SNAPSHOT.jar:?]
	at org.apache.hadoop.ozone.om.KeyManagerImpl.getFileStatus(KeyManagerImpl.java:1213) ~[ozone-manager-1.3.0-SNAPSHOT.jar:?]
	at org.apache.hadoop.ozone.om.OzoneManager.getFileStatus(OzoneManager.java:3419) ~[ozone-manager-1.3.0-SNAPSHOT.jar:?]
	at org.apache.hadoop.ozone.protocolPB.OzoneManagerRequestHandler.getOzoneFileStatus(OzoneManagerRequestHandler.java:871) ~[ozone-manager-1.3.0-SNAPSHOT.jar:?]
	at org.apache.hadoop.ozone.protocolPB.OzoneManagerRequestHandler.handleReadRequest(OzoneManagerRequestHandler.java:217) ~[ozone-manager-1.3.0-SNAPSHOT.jar:?]
	at org.apache.hadoop.ozone.protocolPB.OzoneManagerProtocolServerSideTranslatorPB.submitRequestDirectlyToOM(OzoneManagerProtocolServerSideTranslatorPB.java:284) ~[ozone-manager-1.3.0-SNAPSHOT.jar:?]
	at org.apache.hadoop.ozone.protocolPB.OzoneManagerProtocolServerSideTranslatorPB.processRequest(OzoneManagerProtocolServerSideTranslatorPB.java:207) ~[ozone-manager-1.3.0-SNAPSHOT.jar:?]
	at org.apache.hadoop.hdds.server.OzoneProtocolMessageDispatcher.processRequest(OzoneProtocolMessageDispatcher.java:87) [hdds-server-framework-1.3.0-SNAPSHOT.jar:?]
	at org.apache.hadoop.ozone.protocolPB.OzoneManagerProtocolServerSideTranslatorPB.submitRequest(OzoneManagerProtocolServerSideTranslatorPB.java:147) [ozone-manager-1.3.0-SNAPSHOT.jar:?]
	at org.apache.hadoop.ozone.protocol.proto.OzoneManagerProtocolProtos$OzoneManagerService$2.callBlockingMethod(OzoneManagerProtocolProtos.java) [ozone-interface-client-1.3.0-SNAPSHOT.jar:?]
	at org.apache.hadoop.ipc.ProtobufRpcEngine$Server.processCall(ProtobufRpcEngine.java:466) [hadoop-common-3.3.1.jar:?]
	at org.apache.hadoop.ipc.ProtobufRpcEngine2$Server$ProtoBufRpcInvoker.call(ProtobufRpcEngine2.java:574) [hadoop-common-3.3.1.jar:?]
	at org.apache.hadoop.ipc.ProtobufRpcEngine2$Server$ProtoBufRpcInvoker.call(ProtobufRpcEngine2.java:552) [hadoop-common-3.3.1.jar:?]
	at org.apache.hadoop.ipc.RPC$Server.call(RPC.java:1093) [hadoop-common-3.3.1.jar:?]
	at org.apache.hadoop.ipc.Server$RpcCall.run(Server.java:1035) [hadoop-common-3.3.1.jar:?]
	at org.apache.hadoop.ipc.Server$RpcCall.run(Server.java:963) [hadoop-common-3.3.1.jar:?]
	at java.security.AccessController.doPrivileged(Native Method) ~[?:1.8.0_332]
	at javax.security.auth.Subject.doAs(Subject.java:422) [?:1.8.0_332]
	at org.apache.hadoop.security.UserGroupInformation.doAs(UserGroupInformation.java:1878) [hadoop-common-3.3.1.jar:?]
	at org.apache.hadoop.ipc.Server$Handler.run(Server.java:2966) [hadoop-common-3.3.1.jar:?]
16:23:59.163 [IPC Server handler 6 on default port 44357] ERROR OMAudit - user=runner | ip=127.0.0.1 | op=GET_FILE_STATUS {volume=volume96855, bucket=trashroottest2, key=.Trash/runner, dataSize=0, replicationConfig=null} | ret=FAILURE
org.apache.hadoop.ozone.om.exceptions.OMException: Unable to get file status: volume: volume96855 bucket: trashroottest2 key: .Trash/runner
	at org.apache.hadoop.ozone.om.KeyManagerImpl.getOzoneFileStatus(KeyManagerImpl.java:1283) ~[ozone-manager-1.3.0-SNAPSHOT.jar:?]
	at org.apache.hadoop.ozone.om.KeyManagerImpl.getFileStatus(KeyManagerImpl.java:1213) ~[ozone-manager-1.3.0-SNAPSHOT.jar:?]
	at org.apache.hadoop.ozone.om.OzoneManager.getFileStatus(OzoneManager.java:3419) ~[ozone-manager-1.3.0-SNAPSHOT.jar:?]
	at org.apache.hadoop.ozone.protocolPB.OzoneManagerRequestHandler.getOzoneFileStatus(OzoneManagerRequestHandler.java:871) ~[ozone-manager-1.3.0-SNAPSHOT.jar:?]
	at org.apache.hadoop.ozone.protocolPB.OzoneManagerRequestHandler.handleReadRequest(OzoneManagerRequestHandler.java:217) ~[ozone-manager-1.3.0-SNAPSHOT.jar:?]
	at org.apache.hadoop.ozone.protocolPB.OzoneManagerProtocolServerSideTranslatorPB.submitRequestDirectlyToOM(OzoneManagerProtocolServerSideTranslatorPB.java:284) ~[ozone-manager-1.3.0-SNAPSHOT.jar:?]
	at org.apache.hadoop.ozone.protocolPB.OzoneManagerProtocolServerSideTranslatorPB.processRequest(OzoneManagerProtocolServerSideTranslatorPB.java:207) ~[ozone-manager-1.3.0-SNAPSHOT.jar:?]
	at org.apache.hadoop.hdds.server.OzoneProtocolMessageDispatcher.processRequest(OzoneProtocolMessageDispatcher.java:87) [hdds-server-framework-1.3.0-SNAPSHOT.jar:?]
	at org.apache.hadoop.ozone.protocolPB.OzoneManagerProtocolServerSideTranslatorPB.submitRequest(OzoneManagerProtocolServerSideTranslatorPB.java:147) [ozone-manager-1.3.0-SNAPSHOT.jar:?]
	at org.apache.hadoop.ozone.protocol.proto.OzoneManagerProtocolProtos$OzoneManagerService$2.callBlockingMethod(OzoneManagerProtocolProtos.java) [ozone-interface-client-1.3.0-SNAPSHOT.jar:?]
	at org.apache.hadoop.ipc.ProtobufRpcEngine$Server.processCall(ProtobufRpcEngine.java:466) [hadoop-common-3.3.1.jar:?]
	at org.apache.hadoop.ipc.ProtobufRpcEngine2$Server$ProtoBufRpcInvoker.call(ProtobufRpcEngine2.java:574) [hadoop-common-3.3.1.jar:?]
	at org.apache.hadoop.ipc.ProtobufRpcEngine2$Server$ProtoBufRpcInvoker.call(ProtobufRpcEngine2.java:552) [hadoop-common-3.3.1.jar:?]
	at org.apache.hadoop.ipc.RPC$Server.call(RPC.java:1093) [hadoop-common-3.3.1.jar:?]
	at org.apache.hadoop.ipc.Server$RpcCall.run(Server.java:1035) [hadoop-common-3.3.1.jar:?]
	at org.apache.hadoop.ipc.Server$RpcCall.run(Server.java:963) [hadoop-common-3.3.1.jar:?]
	at java.security.AccessController.doPrivileged(Native Method) ~[?:1.8.0_332]
	at javax.security.auth.Subject.doAs(Subject.java:422) [?:1.8.0_332]
	at org.apache.hadoop.security.UserGroupInformation.doAs(UserGroupInformation.java:1878) [hadoop-common-3.3.1.jar:?]
	at org.apache.hadoop.ipc.Server$Handler.run(Server.java:2966) [hadoop-common-3.3.1.jar:?]
16:23:59.170 [IPC Server handler 10 on default port 44357] ERROR OMAudit - user=runner | ip=127.0.0.1 | op=GET_FILE_STATUS {volume=152433e7-3d59-4b1b-a2e7-125835fcbbc7, bucket=2b2b41a1-2834-4511-befe-070066303f6a, key=.Trash, dataSize=0, replicationConfig=null} | ret=FAILURE
org.apache.hadoop.ozone.om.exceptions.OMException: Unable to get file status: volume: 152433e7-3d59-4b1b-a2e7-125835fcbbc7 bucket: 2b2b41a1-2834-4511-befe-070066303f6a key: .Trash
	at org.apache.hadoop.ozone.om.KeyManagerImpl.getOzoneFileStatus(KeyManagerImpl.java:1283) ~[ozone-manager-1.3.0-SNAPSHOT.jar:?]
	at org.apache.hadoop.ozone.om.KeyManagerImpl.getFileStatus(KeyManagerImpl.java:1213) ~[ozone-manager-1.3.0-SNAPSHOT.jar:?]
	at org.apache.hadoop.ozone.om.OzoneManager.getFileStatus(OzoneManager.java:3419) ~[ozone-manager-1.3.0-SNAPSHOT.jar:?]
	at org.apache.hadoop.ozone.protocolPB.OzoneManagerRequestHandler.getOzoneFileStatus(OzoneManagerRequestHandler.java:871) ~[ozone-manager-1.3.0-SNAPSHOT.jar:?]
	at org.apache.hadoop.ozone.protocolPB.OzoneManagerRequestHandler.handleReadRequest(OzoneManagerRequestHandler.java:217) ~[ozone-manager-1.3.0-SNAPSHOT.jar:?]
	at org.apache.hadoop.ozone.protocolPB.OzoneManagerProtocolServerSideTranslatorPB.submitRequestDirectlyToOM(OzoneManagerProtocolServerSideTranslatorPB.java:284) ~[ozone-manager-1.3.0-SNAPSHOT.jar:?]
	at org.apache.hadoop.ozone.protocolPB.OzoneManagerProtocolServerSideTranslatorPB.processRequest(OzoneManagerProtocolServerSideTranslatorPB.java:207) ~[ozone-manager-1.3.0-SNAPSHOT.jar:?]
	at org.apache.hadoop.hdds.server.OzoneProtocolMessageDispatcher.processRequest(OzoneProtocolMessageDispatcher.java:87) [hdds-server-framework-1.3.0-SNAPSHOT.jar:?]
	at org.apache.hadoop.ozone.protocolPB.OzoneManagerProtocolServerSideTranslatorPB.submitRequest(OzoneManagerProtocolServerSideTranslatorPB.java:147) [ozone-manager-1.3.0-SNAPSHOT.jar:?]
	at org.apache.hadoop.ozone.protocol.proto.OzoneManagerProtocolProtos$OzoneManagerService$2.callBlockingMethod(OzoneManagerProtocolProtos.java) [ozone-interface-client-1.3.0-SNAPSHOT.jar:?]
	at org.apache.hadoop.ipc.ProtobufRpcEngine$Server.processCall(ProtobufRpcEngine.java:466) [hadoop-common-3.3.1.jar:?]
	at org.apache.hadoop.ipc.ProtobufRpcEngine2$Server$ProtoBufRpcInvoker.call(ProtobufRpcEngine2.java:574) [hadoop-common-3.3.1.jar:?]
	at org.apache.hadoop.ipc.ProtobufRpcEngine2$Server$ProtoBufRpcInvoker.call(ProtobufRpcEngine2.java:552) [hadoop-common-3.3.1.jar:?]
	at org.apache.hadoop.ipc.RPC$Server.call(RPC.java:1093) [hadoop-common-3.3.1.jar:?]
	at org.apache.hadoop.ipc.Server$RpcCall.run(Server.java:1035) [hadoop-common-3.3.1.jar:?]
	at org.apache.hadoop.ipc.Server$RpcCall.run(Server.java:963) [hadoop-common-3.3.1.jar:?]
	at java.security.AccessController.doPrivileged(Native Method) ~[?:1.8.0_332]
	at javax.security.auth.Subject.doAs(Subject.java:422) [?:1.8.0_332]
	at org.apache.hadoop.security.UserGroupInformation.doAs(UserGroupInformation.java:1878) [hadoop-common-3.3.1.jar:?]
	at org.apache.hadoop.ipc.Server$Handler.run(Server.java:2966) [hadoop-common-3.3.1.jar:?]
16:23:59.179 [IPC Server handler 15 on default port 44357] ERROR OMAudit - user=runner | ip=127.0.0.1 | op=GET_FILE_STATUS {volume=volume39376, bucket=bucket92298, key=.Trash, dataSize=0, replicationConfig=null} | ret=FAILURE
org.apache.hadoop.ozone.om.exceptions.OMException: Unable to get file status: volume: volume39376 bucket: bucket92298 key: .Trash
	at org.apache.hadoop.ozone.om.KeyManagerImpl.getOzoneFileStatus(KeyManagerImpl.java:1283) ~[ozone-manager-1.3.0-SNAPSHOT.jar:?]
	at org.apache.hadoop.ozone.om.KeyManagerImpl.getFileStatus(KeyManagerImpl.java:1213) ~[ozone-manager-1.3.0-SNAPSHOT.jar:?]
	at org.apache.hadoop.ozone.om.OzoneManager.getFileStatus(OzoneManager.java:3419) ~[ozone-manager-1.3.0-SNAPSHOT.jar:?]
	at org.apache.hadoop.ozone.protocolPB.OzoneManagerRequestHandler.getOzoneFileStatus(OzoneManagerRequestHandler.java:871) ~[ozone-manager-1.3.0-SNAPSHOT.jar:?]
	at org.apache.hadoop.ozone.protocolPB.OzoneManagerRequestHandler.handleReadRequest(OzoneManagerRequestHandler.java:217) ~[ozone-manager-1.3.0-SNAPSHOT.jar:?]
	at org.apache.hadoop.ozone.protocolPB.OzoneManagerProtocolServerSideTranslatorPB.submitRequestDirectlyToOM(OzoneManagerProtocolServerSideTranslatorPB.java:284) ~[ozone-manager-1.3.0-SNAPSHOT.jar:?]
	at org.apache.hadoop.ozone.protocolPB.OzoneManagerProtocolServerSideTranslatorPB.processRequest(OzoneManagerProtocolServerSideTranslatorPB.java:207) ~[ozone-manager-1.3.0-SNAPSHOT.jar:?]
	at org.apache.hadoop.hdds.server.OzoneProtocolMessageDispatcher.processRequest(OzoneProtocolMessageDispatcher.java:87) [hdds-server-framework-1.3.0-SNAPSHOT.jar:?]
	at org.apache.hadoop.ozone.protocolPB.OzoneManagerProtocolServerSideTranslatorPB.submitRequest(OzoneManagerProtocolServerSideTranslatorPB.java:147) [ozone-manager-1.3.0-SNAPSHOT.jar:?]
	at org.apache.hadoop.ozone.protocol.proto.OzoneManagerProtocolProtos$OzoneManagerService$2.callBlockingMethod(OzoneManagerProtocolProtos.java) [ozone-interface-client-1.3.0-SNAPSHOT.jar:?]
	at org.apache.hadoop.ipc.ProtobufRpcEngine$Server.processCall(ProtobufRpcEngine.java:466) [hadoop-common-3.3.1.jar:?]
	at org.apache.hadoop.ipc.ProtobufRpcEngine2$Server$ProtoBufRpcInvoker.call(ProtobufRpcEngine2.java:574) [hadoop-common-3.3.1.jar:?]
	at org.apache.hadoop.ipc.ProtobufRpcEngine2$Server$ProtoBufRpcInvoker.call(ProtobufRpcEngine2.java:552) [hadoop-common-3.3.1.jar:?]
	at org.apache.hadoop.ipc.RPC$Server.call(RPC.java:1093) [hadoop-common-3.3.1.jar:?]
	at org.apache.hadoop.ipc.Server$RpcCall.run(Server.java:1035) [hadoop-common-3.3.1.jar:?]
	at org.apache.hadoop.ipc.Server$RpcCall.run(Server.java:963) [hadoop-common-3.3.1.jar:?]
	at java.security.AccessController.doPrivileged(Native Method) ~[?:1.8.0_332]
	at javax.security.auth.Subject.doAs(Subject.java:422) [?:1.8.0_332]
	at org.apache.hadoop.security.UserGroupInformation.doAs(UserGroupInformation.java:1878) [hadoop-common-3.3.1.jar:?]
	at org.apache.hadoop.ipc.Server$Handler.run(Server.java:2966) [hadoop-common-3.3.1.jar:?]
16:23:59.184 [IPC Server handler 5 on default port 44357] ERROR OMAudit - user=runner | ip=127.0.0.1 | op=GET_FILE_STATUS {volume=volume96855, bucket=trashroottest2, key=.Trash, dataSize=0, replicationConfig=null} | ret=FAILURE
org.apache.hadoop.ozone.om.exceptions.OMException: Unable to get file status: volume: volume96855 bucket: trashroottest2 key: .Trash
	at org.apache.hadoop.ozone.om.KeyManagerImpl.getOzoneFileStatus(KeyManagerImpl.java:1283) ~[ozone-manager-1.3.0-SNAPSHOT.jar:?]
	at org.apache.hadoop.ozone.om.KeyManagerImpl.getFileStatus(KeyManagerImpl.java:1213) ~[ozone-manager-1.3.0-SNAPSHOT.jar:?]
	at org.apache.hadoop.ozone.om.OzoneManager.getFileStatus(OzoneManager.java:3419) ~[ozone-manager-1.3.0-SNAPSHOT.jar:?]
	at org.apache.hadoop.ozone.protocolPB.OzoneManagerRequestHandler.getOzoneFileStatus(OzoneManagerRequestHandler.java:871) ~[ozone-manager-1.3.0-SNAPSHOT.jar:?]
	at org.apache.hadoop.ozone.protocolPB.OzoneManagerRequestHandler.handleReadRequest(OzoneManagerRequestHandler.java:217) ~[ozone-manager-1.3.0-SNAPSHOT.jar:?]
	at org.apache.hadoop.ozone.protocolPB.OzoneManagerProtocolServerSideTranslatorPB.submitRequestDirectlyToOM(OzoneManagerProtocolServerSideTranslatorPB.java:284) ~[ozone-manager-1.3.0-SNAPSHOT.jar:?]
	at org.apache.hadoop.ozone.protocolPB.OzoneManagerProtocolServerSideTranslatorPB.processRequest(OzoneManagerProtocolServerSideTranslatorPB.java:207) ~[ozone-manager-1.3.0-SNAPSHOT.jar:?]
	at org.apache.hadoop.hdds.server.OzoneProtocolMessageDispatcher.processRequest(OzoneProtocolMessageDispatcher.java:87) [hdds-server-framework-1.3.0-SNAPSHOT.jar:?]
	at org.apache.hadoop.ozone.protocolPB.OzoneManagerProtocolServerSideTranslatorPB.submitRequest(OzoneManagerProtocolServerSideTranslatorPB.java:147) [ozone-manager-1.3.0-SNAPSHOT.jar:?]
	at org.apache.hadoop.ozone.protocol.proto.OzoneManagerProtocolProtos$OzoneManagerService$2.callBlockingMethod(OzoneManagerProtocolProtos.java) [ozone-interface-client-1.3.0-SNAPSHOT.jar:?]
	at org.apache.hadoop.ipc.ProtobufRpcEngine$Server.processCall(ProtobufRpcEngine.java:466) [hadoop-common-3.3.1.jar:?]
	at org.apache.hadoop.ipc.ProtobufRpcEngine2$Server$ProtoBufRpcInvoker.call(ProtobufRpcEngine2.java:574) [hadoop-common-3.3.1.jar:?]
	at org.apache.hadoop.ipc.ProtobufRpcEngine2$Server$ProtoBufRpcInvoker.call(ProtobufRpcEngine2.java:552) [hadoop-common-3.3.1.jar:?]
	at org.apache.hadoop.ipc.RPC$Server.call(RPC.java:1093) [hadoop-common-3.3.1.jar:?]
	at org.apache.hadoop.ipc.Server$RpcCall.run(Server.java:1035) [hadoop-common-3.3.1.jar:?]
	at org.apache.hadoop.ipc.Server$RpcCall.run(Server.java:963) [hadoop-common-3.3.1.jar:?]
	at java.security.AccessController.doPrivileged(Native Method) ~[?:1.8.0_332]
	at javax.security.auth.Subject.doAs(Subject.java:422) [?:1.8.0_332]
	at org.apache.hadoop.security.UserGroupInformation.doAs(UserGroupInformation.java:1878) [hadoop-common-3.3.1.jar:?]
	at org.apache.hadoop.ipc.Server$Handler.run(Server.java:2966) [hadoop-common-3.3.1.jar:?]
16:23:59.212 [IPC Server handler 8 on default port 44357] ERROR OMAudit - user=runner | ip=127.0.0.1 | op=GET_FILE_STATUS {volume=volume96855, bucket=bucket63330, key=.Trash/runner, dataSize=0, replicationConfig=null} | ret=FAILURE
org.apache.hadoop.ozone.om.exceptions.OMException: Unable to get file status: volume: volume96855 bucket: bucket63330 key: .Trash/runner
	at org.apache.hadoop.ozone.om.KeyManagerImpl.getOzoneFileStatus(KeyManagerImpl.java:1283) ~[ozone-manager-1.3.0-SNAPSHOT.jar:?]
	at org.apache.hadoop.ozone.om.KeyManagerImpl.getFileStatus(KeyManagerImpl.java:1213) ~[ozone-manager-1.3.0-SNAPSHOT.jar:?]
	at org.apache.hadoop.ozone.om.OzoneManager.getFileStatus(OzoneManager.java:3419) ~[ozone-manager-1.3.0-SNAPSHOT.jar:?]
	at org.apache.hadoop.ozone.protocolPB.OzoneManagerRequestHandler.getOzoneFileStatus(OzoneManagerRequestHandler.java:871) ~[ozone-manager-1.3.0-SNAPSHOT.jar:?]
	at org.apache.hadoop.ozone.protocolPB.OzoneManagerRequestHandler.handleReadRequest(OzoneManagerRequestHandler.java:217) ~[ozone-manager-1.3.0-SNAPSHOT.jar:?]
	at org.apache.hadoop.ozone.protocolPB.OzoneManagerProtocolServerSideTranslatorPB.submitRequestDirectlyToOM(OzoneManagerProtocolServerSideTranslatorPB.java:284) ~[ozone-manager-1.3.0-SNAPSHOT.jar:?]
	at org.apache.hadoop.ozone.protocolPB.OzoneManagerProtocolServerSideTranslatorPB.processRequest(OzoneManagerProtocolServerSideTranslatorPB.java:207) ~[ozone-manager-1.3.0-SNAPSHOT.jar:?]
	at org.apache.hadoop.hdds.server.OzoneProtocolMessageDispatcher.processRequest(OzoneProtocolMessageDispatcher.java:87) [hdds-server-framework-1.3.0-SNAPSHOT.jar:?]
	at org.apache.hadoop.ozone.protocolPB.OzoneManagerProtocolServerSideTranslatorPB.submitRequest(OzoneManagerProtocolServerSideTranslatorPB.java:147) [ozone-manager-1.3.0-SNAPSHOT.jar:?]
	at org.apache.hadoop.ozone.protocol.proto.OzoneManagerProtocolProtos$OzoneManagerService$2.callBlockingMethod(OzoneManagerProtocolProtos.java) [ozone-interface-client-1.3.0-SNAPSHOT.jar:?]
	at org.apache.hadoop.ipc.ProtobufRpcEngine$Server.processCall(ProtobufRpcEngine.java:466) [hadoop-common-3.3.1.jar:?]
	at org.apache.hadoop.ipc.ProtobufRpcEngine2$Server$ProtoBufRpcInvoker.call(ProtobufRpcEngine2.java:574) [hadoop-common-3.3.1.jar:?]
	at org.apache.hadoop.ipc.ProtobufRpcEngine2$Server$ProtoBufRpcInvoker.call(ProtobufRpcEngine2.java:552) [hadoop-common-3.3.1.jar:?]
	at org.apache.hadoop.ipc.RPC$Server.call(RPC.java:1093) [hadoop-common-3.3.1.jar:?]
	at org.apache.hadoop.ipc.Server$RpcCall.run(Server.java:1035) [hadoop-common-3.3.1.jar:?]
	at org.apache.hadoop.ipc.Server$RpcCall.run(Server.java:963) [hadoop-common-3.3.1.jar:?]
	at java.security.AccessController.doPrivileged(Native Method) ~[?:1.8.0_332]
	at javax.security.auth.Subject.doAs(Subject.java:422) [?:1.8.0_332]
	at org.apache.hadoop.security.UserGroupInformation.doAs(UserGroupInformation.java:1878) [hadoop-common-3.3.1.jar:?]
	at org.apache.hadoop.ipc.Server$Handler.run(Server.java:2966) [hadoop-common-3.3.1.jar:?]
16:23:59.214 [IPC Server handler 14 on default port 44357] ERROR OMAudit - user=runner | ip=127.0.0.1 | op=GET_FILE_STATUS {volume=152433e7-3d59-4b1b-a2e7-125835fcbbc7, bucket=2b2b41a1-2834-4511-befe-070066303f6a, key=.Trash, dataSize=0, replicationConfig=null} | ret=FAILURE
org.apache.hadoop.ozone.om.exceptions.OMException: Unable to get file status: volume: 152433e7-3d59-4b1b-a2e7-125835fcbbc7 bucket: 2b2b41a1-2834-4511-befe-070066303f6a key: .Trash
	at org.apache.hadoop.ozone.om.KeyManagerImpl.getOzoneFileStatus(KeyManagerImpl.java:1283) ~[ozone-manager-1.3.0-SNAPSHOT.jar:?]
	at org.apache.hadoop.ozone.om.KeyManagerImpl.getFileStatus(KeyManagerImpl.java:1213) ~[ozone-manager-1.3.0-SNAPSHOT.jar:?]
	at org.apache.hadoop.ozone.om.OzoneManager.getFileStatus(OzoneManager.java:3419) ~[ozone-manager-1.3.0-SNAPSHOT.jar:?]
	at org.apache.hadoop.ozone.protocolPB.OzoneManagerRequestHandler.getOzoneFileStatus(OzoneManagerRequestHandler.java:871) ~[ozone-manager-1.3.0-SNAPSHOT.jar:?]
	at org.apache.hadoop.ozone.protocolPB.OzoneManagerRequestHandler.handleReadRequest(OzoneManagerRequestHandler.java:217) ~[ozone-manager-1.3.0-SNAPSHOT.jar:?]
	at org.apache.hadoop.ozone.protocolPB.OzoneManagerProtocolServerSideTranslatorPB.submitRequestDirectlyToOM(OzoneManagerProtocolServerSideTranslatorPB.java:284) ~[ozone-manager-1.3.0-SNAPSHOT.jar:?]
	at org.apache.hadoop.ozone.protocolPB.OzoneManagerProtocolServerSideTranslatorPB.processRequest(OzoneManagerProtocolServerSideTranslatorPB.java:207) ~[ozone-manager-1.3.0-SNAPSHOT.jar:?]
	at org.apache.hadoop.hdds.server.OzoneProtocolMessageDispatcher.processRequest(OzoneProtocolMessageDispatcher.java:87) [hdds-server-framework-1.3.0-SNAPSHOT.jar:?]
	at org.apache.hadoop.ozone.protocolPB.OzoneManagerProtocolServerSideTranslatorPB.submitRequest(OzoneManagerProtocolServerSideTranslatorPB.java:147) [ozone-manager-1.3.0-SNAPSHOT.jar:?]
	at org.apache.hadoop.ozone.protocol.proto.OzoneManagerProtocolProtos$OzoneManagerService$2.callBlockingMethod(OzoneManagerProtocolProtos.java) [ozone-interface-client-1.3.0-SNAPSHOT.jar:?]
	at org.apache.hadoop.ipc.ProtobufRpcEngine$Server.processCall(ProtobufRpcEngine.java:466) [hadoop-common-3.3.1.jar:?]
	at org.apache.hadoop.ipc.ProtobufRpcEngine2$Server$ProtoBufRpcInvoker.call(ProtobufRpcEngine2.java:574) [hadoop-common-3.3.1.jar:?]
	at org.apache.hadoop.ipc.ProtobufRpcEngine2$Server$ProtoBufRpcInvoker.call(ProtobufRpcEngine2.java:552) [hadoop-common-3.3.1.jar:?]
	at org.apache.hadoop.ipc.RPC$Server.call(RPC.java:1093) [hadoop-common-3.3.1.jar:?]
	at org.apache.hadoop.ipc.Server$RpcCall.run(Server.java:1035) [hadoop-common-3.3.1.jar:?]
	at org.apache.hadoop.ipc.Server$RpcCall.run(Server.java:963) [hadoop-common-3.3.1.jar:?]
	at java.security.AccessController.doPrivileged(Native Method) ~[?:1.8.0_332]
	at javax.security.auth.Subject.doAs(Subject.java:422) [?:1.8.0_332]
	at org.apache.hadoop.security.UserGroupInformation.doAs(UserGroupInformation.java:1878) [hadoop-common-3.3.1.jar:?]
	at org.apache.hadoop.ipc.Server$Handler.run(Server.java:2966) [hadoop-common-3.3.1.jar:?]
]]></system-out>
  </testcase>
  <testcase name="testCreateDoesNotAddParentDirKeys" classname="TestRootedOzoneFileSystem" time="0.085">
    <system-out><![CDATA[2022-06-16 16:18:27,845 [Time-limited test] INFO  rpc.RpcClient (RpcClient.java:createVolume(466)) - Creating Volume: volume70263, with user54304 as owner and space quota set to -1 bytes, counts quota set to -1
2022-06-16 16:18:27,848 [OM StateMachine ApplyTransaction Thread - 0] INFO  volume.OMVolumeCreateRequest (OMVolumeCreateRequest.java:validateAndUpdateCache(195)) - created volume:volume70263 for user:user54304
2022-06-16 16:18:27,850 [Time-limited test] INFO  rpc.RpcClient (RpcClient.java:createBucket(666)) - Creating Bucket: volume70263/bucket54639, with the Bucket Layout LEGACY, runner as owner, Versioning false, Storage Type set to DISK and Encryption set to false 
2022-06-16 16:18:27,854 [OM StateMachine ApplyTransaction Thread - 0] INFO  bucket.OMBucketCreateRequest (OMBucketCreateRequest.java:validateAndUpdateCache(260)) - created bucket: bucket54639 of layout LEGACY in volume: volume70263
16:18:27.890 [IPC Server handler 11 on default port 37419] ERROR OMAudit - user=runner | ip=127.0.0.1 | op=READ_KEY {volume=volume70263, bucket=bucket54639, key=testCreateDoesNotAddParentDirKeys/parent/, dataSize=0, replicationConfig=null} | ret=FAILURE
org.apache.hadoop.ozone.om.exceptions.OMException: Key:testCreateDoesNotAddParentDirKeys/parent not found
	at org.apache.hadoop.ozone.om.KeyManagerImpl.lookupKey(KeyManagerImpl.java:375) ~[ozone-manager-1.3.0-SNAPSHOT.jar:?]
	at org.apache.hadoop.ozone.om.OzoneManager.lookupKey(OzoneManager.java:2817) ~[ozone-manager-1.3.0-SNAPSHOT.jar:?]
	at org.apache.hadoop.ozone.protocolPB.OzoneManagerRequestHandler.lookupKey(OzoneManagerRequestHandler.java:484) ~[ozone-manager-1.3.0-SNAPSHOT.jar:?]
	at org.apache.hadoop.ozone.protocolPB.OzoneManagerRequestHandler.handleReadRequest(OzoneManagerRequestHandler.java:182) ~[ozone-manager-1.3.0-SNAPSHOT.jar:?]
	at org.apache.hadoop.ozone.protocolPB.OzoneManagerProtocolServerSideTranslatorPB.submitReadRequestToOM(OzoneManagerProtocolServerSideTranslatorPB.java:225) ~[ozone-manager-1.3.0-SNAPSHOT.jar:?]
	at org.apache.hadoop.ozone.protocolPB.OzoneManagerProtocolServerSideTranslatorPB.processRequest(OzoneManagerProtocolServerSideTranslatorPB.java:175) ~[ozone-manager-1.3.0-SNAPSHOT.jar:?]
	at org.apache.hadoop.hdds.server.OzoneProtocolMessageDispatcher.processRequest(OzoneProtocolMessageDispatcher.java:87) [hdds-server-framework-1.3.0-SNAPSHOT.jar:?]
	at org.apache.hadoop.ozone.protocolPB.OzoneManagerProtocolServerSideTranslatorPB.submitRequest(OzoneManagerProtocolServerSideTranslatorPB.java:147) [ozone-manager-1.3.0-SNAPSHOT.jar:?]
	at org.apache.hadoop.ozone.protocol.proto.OzoneManagerProtocolProtos$OzoneManagerService$2.callBlockingMethod(OzoneManagerProtocolProtos.java) [ozone-interface-client-1.3.0-SNAPSHOT.jar:?]
	at org.apache.hadoop.ipc.ProtobufRpcEngine$Server.processCall(ProtobufRpcEngine.java:466) [hadoop-common-3.3.1.jar:?]
	at org.apache.hadoop.ipc.ProtobufRpcEngine2$Server$ProtoBufRpcInvoker.call(ProtobufRpcEngine2.java:574) [hadoop-common-3.3.1.jar:?]
	at org.apache.hadoop.ipc.ProtobufRpcEngine2$Server$ProtoBufRpcInvoker.call(ProtobufRpcEngine2.java:552) [hadoop-common-3.3.1.jar:?]
	at org.apache.hadoop.ipc.RPC$Server.call(RPC.java:1093) [hadoop-common-3.3.1.jar:?]
	at org.apache.hadoop.ipc.Server$RpcCall.run(Server.java:1035) [hadoop-common-3.3.1.jar:?]
	at org.apache.hadoop.ipc.Server$RpcCall.run(Server.java:963) [hadoop-common-3.3.1.jar:?]
	at java.security.AccessController.doPrivileged(Native Method) ~[?:1.8.0_332]
	at javax.security.auth.Subject.doAs(Subject.java:422) [?:1.8.0_332]
	at org.apache.hadoop.security.UserGroupInformation.doAs(UserGroupInformation.java:1878) [hadoop-common-3.3.1.jar:?]
	at org.apache.hadoop.ipc.Server$Handler.run(Server.java:2966) [hadoop-common-3.3.1.jar:?]
]]></system-out>
  </testcase>
  <testcase name="testCreateDoesNotAddParentDirKeys" classname="TestRootedOzoneFileSystem" time="0.122">
    <system-out><![CDATA[2022-06-16 16:19:32,047 [Time-limited test] INFO  rpc.RpcClient (RpcClient.java:createVolume(466)) - Creating Volume: volume26761, with user70638 as owner and space quota set to -1 bytes, counts quota set to -1
2022-06-16 16:19:32,049 [OM StateMachine ApplyTransaction Thread - 0] INFO  volume.OMVolumeCreateRequest (OMVolumeCreateRequest.java:validateAndUpdateCache(195)) - created volume:volume26761 for user:user70638
2022-06-16 16:19:32,050 [Time-limited test] INFO  rpc.RpcClient (RpcClient.java:createBucket(666)) - Creating Bucket: volume26761/bucket16394, with the Bucket Layout LEGACY, runner as owner, Versioning false, Storage Type set to DISK and Encryption set to false 
2022-06-16 16:19:32,051 [OM StateMachine ApplyTransaction Thread - 0] INFO  bucket.OMBucketCreateRequest (OMBucketCreateRequest.java:validateAndUpdateCache(260)) - created bucket: bucket16394 of layout LEGACY in volume: volume26761
16:19:32.089 [IPC Server handler 9 on default port 34065] ERROR OMAudit - user=runner | ip=127.0.0.1 | op=READ_KEY {volume=volume26761, bucket=bucket16394, key=testCreateDoesNotAddParentDirKeys/parent/, dataSize=0, replicationConfig=null} | ret=FAILURE
org.apache.hadoop.ozone.om.exceptions.OMException: Key:testCreateDoesNotAddParentDirKeys/parent not found
	at org.apache.hadoop.ozone.om.KeyManagerImpl.lookupKey(KeyManagerImpl.java:375) ~[ozone-manager-1.3.0-SNAPSHOT.jar:?]
	at org.apache.hadoop.ozone.om.OzoneManager.lookupKey(OzoneManager.java:2817) ~[ozone-manager-1.3.0-SNAPSHOT.jar:?]
	at org.apache.hadoop.ozone.protocolPB.OzoneManagerRequestHandler.lookupKey(OzoneManagerRequestHandler.java:484) ~[ozone-manager-1.3.0-SNAPSHOT.jar:?]
	at org.apache.hadoop.ozone.protocolPB.OzoneManagerRequestHandler.handleReadRequest(OzoneManagerRequestHandler.java:182) ~[ozone-manager-1.3.0-SNAPSHOT.jar:?]
	at org.apache.hadoop.ozone.protocolPB.OzoneManagerProtocolServerSideTranslatorPB.submitReadRequestToOM(OzoneManagerProtocolServerSideTranslatorPB.java:225) ~[ozone-manager-1.3.0-SNAPSHOT.jar:?]
	at org.apache.hadoop.ozone.protocolPB.OzoneManagerProtocolServerSideTranslatorPB.processRequest(OzoneManagerProtocolServerSideTranslatorPB.java:175) ~[ozone-manager-1.3.0-SNAPSHOT.jar:?]
	at org.apache.hadoop.hdds.server.OzoneProtocolMessageDispatcher.processRequest(OzoneProtocolMessageDispatcher.java:87) [hdds-server-framework-1.3.0-SNAPSHOT.jar:?]
	at org.apache.hadoop.ozone.protocolPB.OzoneManagerProtocolServerSideTranslatorPB.submitRequest(OzoneManagerProtocolServerSideTranslatorPB.java:147) [ozone-manager-1.3.0-SNAPSHOT.jar:?]
	at org.apache.hadoop.ozone.protocol.proto.OzoneManagerProtocolProtos$OzoneManagerService$2.callBlockingMethod(OzoneManagerProtocolProtos.java) [ozone-interface-client-1.3.0-SNAPSHOT.jar:?]
	at org.apache.hadoop.ipc.ProtobufRpcEngine$Server.processCall(ProtobufRpcEngine.java:466) [hadoop-common-3.3.1.jar:?]
	at org.apache.hadoop.ipc.ProtobufRpcEngine2$Server$ProtoBufRpcInvoker.call(ProtobufRpcEngine2.java:574) [hadoop-common-3.3.1.jar:?]
	at org.apache.hadoop.ipc.ProtobufRpcEngine2$Server$ProtoBufRpcInvoker.call(ProtobufRpcEngine2.java:552) [hadoop-common-3.3.1.jar:?]
	at org.apache.hadoop.ipc.RPC$Server.call(RPC.java:1093) [hadoop-common-3.3.1.jar:?]
	at org.apache.hadoop.ipc.Server$RpcCall.run(Server.java:1035) [hadoop-common-3.3.1.jar:?]
	at org.apache.hadoop.ipc.Server$RpcCall.run(Server.java:963) [hadoop-common-3.3.1.jar:?]
	at java.security.AccessController.doPrivileged(Native Method) ~[?:1.8.0_332]
	at javax.security.auth.Subject.doAs(Subject.java:422) [?:1.8.0_332]
	at org.apache.hadoop.security.UserGroupInformation.doAs(UserGroupInformation.java:1878) [hadoop-common-3.3.1.jar:?]
	at org.apache.hadoop.ipc.Server$Handler.run(Server.java:2966) [hadoop-common-3.3.1.jar:?]
]]></system-out>
  </testcase>
  <testcase name="testCreateDoesNotAddParentDirKeys" classname="TestRootedOzoneFileSystem" time="0.231">
    <system-out><![CDATA[2022-06-16 16:20:44,615 [Time-limited test] INFO  rpc.RpcClient (RpcClient.java:createVolume(466)) - Creating Volume: volume40043, with user22578 as owner and space quota set to -1 bytes, counts quota set to -1
2022-06-16 16:20:44,618 [IPC Server handler 16 on default port 42069] INFO  volume.OMVolumeCreateRequest (OMVolumeCreateRequest.java:validateAndUpdateCache(195)) - created volume:volume40043 for user:user22578
2022-06-16 16:20:44,619 [Time-limited test] INFO  rpc.RpcClient (RpcClient.java:createBucket(666)) - Creating Bucket: volume40043/bucket64124, with the Bucket Layout LEGACY, runner as owner, Versioning false, Storage Type set to DISK and Encryption set to false 
2022-06-16 16:20:44,619 [IPC Server handler 18 on default port 42069] INFO  bucket.OMBucketCreateRequest (OMBucketCreateRequest.java:validateAndUpdateCache(260)) - created bucket: bucket64124 of layout LEGACY in volume: volume40043
16:20:44.674 [IPC Server handler 10 on default port 42069] ERROR OMAudit - user=runner | ip=127.0.0.1 | op=READ_KEY {volume=volume40043, bucket=bucket64124, key=testCreateDoesNotAddParentDirKeys/parent/, dataSize=0, replicationConfig=null} | ret=FAILURE
org.apache.hadoop.ozone.om.exceptions.OMException: Key:testCreateDoesNotAddParentDirKeys/parent not found
	at org.apache.hadoop.ozone.om.KeyManagerImpl.lookupKey(KeyManagerImpl.java:375) ~[ozone-manager-1.3.0-SNAPSHOT.jar:?]
	at org.apache.hadoop.ozone.om.OzoneManager.lookupKey(OzoneManager.java:2817) ~[ozone-manager-1.3.0-SNAPSHOT.jar:?]
	at org.apache.hadoop.ozone.protocolPB.OzoneManagerRequestHandler.lookupKey(OzoneManagerRequestHandler.java:484) ~[ozone-manager-1.3.0-SNAPSHOT.jar:?]
	at org.apache.hadoop.ozone.protocolPB.OzoneManagerRequestHandler.handleReadRequest(OzoneManagerRequestHandler.java:182) ~[ozone-manager-1.3.0-SNAPSHOT.jar:?]
	at org.apache.hadoop.ozone.protocolPB.OzoneManagerProtocolServerSideTranslatorPB.submitRequestDirectlyToOM(OzoneManagerProtocolServerSideTranslatorPB.java:284) ~[ozone-manager-1.3.0-SNAPSHOT.jar:?]
	at org.apache.hadoop.ozone.protocolPB.OzoneManagerProtocolServerSideTranslatorPB.processRequest(OzoneManagerProtocolServerSideTranslatorPB.java:207) ~[ozone-manager-1.3.0-SNAPSHOT.jar:?]
	at org.apache.hadoop.hdds.server.OzoneProtocolMessageDispatcher.processRequest(OzoneProtocolMessageDispatcher.java:87) [hdds-server-framework-1.3.0-SNAPSHOT.jar:?]
	at org.apache.hadoop.ozone.protocolPB.OzoneManagerProtocolServerSideTranslatorPB.submitRequest(OzoneManagerProtocolServerSideTranslatorPB.java:147) [ozone-manager-1.3.0-SNAPSHOT.jar:?]
	at org.apache.hadoop.ozone.protocol.proto.OzoneManagerProtocolProtos$OzoneManagerService$2.callBlockingMethod(OzoneManagerProtocolProtos.java) [ozone-interface-client-1.3.0-SNAPSHOT.jar:?]
	at org.apache.hadoop.ipc.ProtobufRpcEngine$Server.processCall(ProtobufRpcEngine.java:466) [hadoop-common-3.3.1.jar:?]
	at org.apache.hadoop.ipc.ProtobufRpcEngine2$Server$ProtoBufRpcInvoker.call(ProtobufRpcEngine2.java:574) [hadoop-common-3.3.1.jar:?]
	at org.apache.hadoop.ipc.ProtobufRpcEngine2$Server$ProtoBufRpcInvoker.call(ProtobufRpcEngine2.java:552) [hadoop-common-3.3.1.jar:?]
	at org.apache.hadoop.ipc.RPC$Server.call(RPC.java:1093) [hadoop-common-3.3.1.jar:?]
	at org.apache.hadoop.ipc.Server$RpcCall.run(Server.java:1035) [hadoop-common-3.3.1.jar:?]
	at org.apache.hadoop.ipc.Server$RpcCall.run(Server.java:963) [hadoop-common-3.3.1.jar:?]
	at java.security.AccessController.doPrivileged(Native Method) ~[?:1.8.0_332]
	at javax.security.auth.Subject.doAs(Subject.java:422) [?:1.8.0_332]
	at org.apache.hadoop.security.UserGroupInformation.doAs(UserGroupInformation.java:1878) [hadoop-common-3.3.1.jar:?]
	at org.apache.hadoop.ipc.Server$Handler.run(Server.java:2966) [hadoop-common-3.3.1.jar:?]
]]></system-out>
  </testcase>
  <testcase name="testCreateDoesNotAddParentDirKeys" classname="TestRootedOzoneFileSystem" time="0.264">
    <system-out><![CDATA[2022-06-16 16:22:33,930 [Time-limited test] INFO  rpc.RpcClient (RpcClient.java:createVolume(466)) - Creating Volume: volume93143, with user77156 as owner and space quota set to -1 bytes, counts quota set to -1
2022-06-16 16:22:33,946 [OM StateMachine ApplyTransaction Thread - 0] INFO  volume.OMVolumeCreateRequest (OMVolumeCreateRequest.java:validateAndUpdateCache(195)) - created volume:volume93143 for user:user77156
2022-06-16 16:22:33,958 [Time-limited test] INFO  rpc.RpcClient (RpcClient.java:createBucket(666)) - Creating Bucket: volume93143/bucket96936, with the Bucket Layout LEGACY, runner as owner, Versioning false, Storage Type set to DISK and Encryption set to false 
2022-06-16 16:22:33,959 [OM StateMachine ApplyTransaction Thread - 0] INFO  bucket.OMBucketCreateRequest (OMBucketCreateRequest.java:validateAndUpdateCache(260)) - created bucket: bucket96936 of layout LEGACY in volume: volume93143
]]></system-out>
  </testcase>
  <testcase name="testCreateDoesNotAddParentDirKeys" classname="TestRootedOzoneFileSystem" time="0.376">
    <system-out><![CDATA[2022-06-16 16:23:59,423 [Time-limited test] INFO  rpc.RpcClient (RpcClient.java:createVolume(466)) - Creating Volume: volume12977, with user42717 as owner and space quota set to -1 bytes, counts quota set to -1
2022-06-16 16:23:59,424 [IPC Server handler 14 on default port 44357] INFO  volume.OMVolumeCreateRequest (OMVolumeCreateRequest.java:validateAndUpdateCache(195)) - created volume:volume12977 for user:user42717
2022-06-16 16:23:59,462 [Time-limited test] INFO  rpc.RpcClient (RpcClient.java:createBucket(666)) - Creating Bucket: volume12977/bucket61538, with the Bucket Layout LEGACY, runner as owner, Versioning false, Storage Type set to DISK and Encryption set to false 
2022-06-16 16:23:59,463 [IPC Server handler 15 on default port 44357] INFO  bucket.OMBucketCreateRequest (OMBucketCreateRequest.java:validateAndUpdateCache(260)) - created bucket: bucket61538 of layout LEGACY in volume: volume12977
]]></system-out>
  </testcase>
  <testcase name="testMkdirNonExistentVolume" classname="TestRootedOzoneFileSystem" time="0.045">
    <system-out><![CDATA[2022-06-16 16:18:27,934 [Time-limited test] INFO  rpc.RpcClient (RpcClient.java:createVolume(466)) - Creating Volume: volume19412, with user20458 as owner and space quota set to -1 bytes, counts quota set to -1
2022-06-16 16:18:27,936 [OM StateMachine ApplyTransaction Thread - 0] INFO  volume.OMVolumeCreateRequest (OMVolumeCreateRequest.java:validateAndUpdateCache(195)) - created volume:volume19412 for user:user20458
2022-06-16 16:18:27,937 [Time-limited test] INFO  rpc.RpcClient (RpcClient.java:createBucket(666)) - Creating Bucket: volume19412/bucket59816, with the Bucket Layout LEGACY, runner as owner, Versioning false, Storage Type set to DISK and Encryption set to false 
2022-06-16 16:18:27,939 [OM StateMachine ApplyTransaction Thread - 0] INFO  bucket.OMBucketCreateRequest (OMBucketCreateRequest.java:validateAndUpdateCache(260)) - created bucket: bucket59816 of layout LEGACY in volume: volume19412
2022-06-16 16:18:27,941 [Time-limited test] INFO  rpc.RpcClient (RpcClient.java:createVolume(466)) - Creating Volume: volume-18811, with runner as owner and space quota set to -1 bytes, counts quota set to -1
2022-06-16 16:18:27,943 [OM StateMachine ApplyTransaction Thread - 0] INFO  volume.OMVolumeCreateRequest (OMVolumeCreateRequest.java:validateAndUpdateCache(195)) - created volume:volume-18811 for user:runner
]]></system-out>
  </testcase>
  <testcase name="testMkdirNonExistentVolume" classname="TestRootedOzoneFileSystem" time="0.087">
    <system-out><![CDATA[2022-06-16 16:19:32,179 [Time-limited test] INFO  rpc.RpcClient (RpcClient.java:createVolume(466)) - Creating Volume: volume07013, with user69944 as owner and space quota set to -1 bytes, counts quota set to -1
2022-06-16 16:19:32,180 [OM StateMachine ApplyTransaction Thread - 0] INFO  volume.OMVolumeCreateRequest (OMVolumeCreateRequest.java:validateAndUpdateCache(195)) - created volume:volume07013 for user:user69944
2022-06-16 16:19:32,181 [Time-limited test] INFO  rpc.RpcClient (RpcClient.java:createBucket(666)) - Creating Bucket: volume07013/bucket13348, with the Bucket Layout LEGACY, runner as owner, Versioning false, Storage Type set to DISK and Encryption set to false 
2022-06-16 16:19:32,182 [OM StateMachine ApplyTransaction Thread - 0] INFO  bucket.OMBucketCreateRequest (OMBucketCreateRequest.java:validateAndUpdateCache(260)) - created bucket: bucket13348 of layout LEGACY in volume: volume07013
2022-06-16 16:19:32,183 [Time-limited test] INFO  rpc.RpcClient (RpcClient.java:createVolume(466)) - Creating Volume: volume-14943, with runner as owner and space quota set to -1 bytes, counts quota set to -1
2022-06-16 16:19:32,184 [OM StateMachine ApplyTransaction Thread - 0] INFO  volume.OMVolumeCreateRequest (OMVolumeCreateRequest.java:validateAndUpdateCache(195)) - created volume:volume-14943 for user:runner
]]></system-out>
  </testcase>
  <testcase name="testMkdirNonExistentVolume" classname="TestRootedOzoneFileSystem" time="0.224">
    <system-out><![CDATA[2022-06-16 16:20:44,875 [Time-limited test] INFO  rpc.RpcClient (RpcClient.java:createVolume(466)) - Creating Volume: volume60260, with user93036 as owner and space quota set to -1 bytes, counts quota set to -1
2022-06-16 16:20:44,875 [IPC Server handler 4 on default port 42069] INFO  volume.OMVolumeCreateRequest (OMVolumeCreateRequest.java:validateAndUpdateCache(195)) - created volume:volume60260 for user:user93036
2022-06-16 16:20:44,876 [Time-limited test] INFO  rpc.RpcClient (RpcClient.java:createBucket(666)) - Creating Bucket: volume60260/bucket35888, with the Bucket Layout LEGACY, runner as owner, Versioning false, Storage Type set to DISK and Encryption set to false 
2022-06-16 16:20:44,877 [IPC Server handler 6 on default port 42069] INFO  bucket.OMBucketCreateRequest (OMBucketCreateRequest.java:validateAndUpdateCache(260)) - created bucket: bucket35888 of layout LEGACY in volume: volume60260
2022-06-16 16:20:44,877 [Time-limited test] INFO  rpc.RpcClient (RpcClient.java:createVolume(466)) - Creating Volume: volume-28324, with runner as owner and space quota set to -1 bytes, counts quota set to -1
2022-06-16 16:20:44,879 [IPC Server handler 9 on default port 42069] INFO  volume.OMVolumeCreateRequest (OMVolumeCreateRequest.java:validateAndUpdateCache(195)) - created volume:volume-28324 for user:runner
]]></system-out>
  </testcase>
  <testcase name="testMkdirNonExistentVolume" classname="TestRootedOzoneFileSystem" time="0.15">
    <system-out><![CDATA[2022-06-16 16:22:34,216 [Time-limited test] INFO  rpc.RpcClient (RpcClient.java:createVolume(466)) - Creating Volume: volume44346, with user90743 as owner and space quota set to -1 bytes, counts quota set to -1
2022-06-16 16:22:34,219 [OM StateMachine ApplyTransaction Thread - 0] INFO  volume.OMVolumeCreateRequest (OMVolumeCreateRequest.java:validateAndUpdateCache(195)) - created volume:volume44346 for user:user90743
2022-06-16 16:22:34,219 [Time-limited test] INFO  rpc.RpcClient (RpcClient.java:createBucket(666)) - Creating Bucket: volume44346/bucket99334, with the Bucket Layout LEGACY, runner as owner, Versioning false, Storage Type set to DISK and Encryption set to false 
2022-06-16 16:22:34,220 [OM StateMachine ApplyTransaction Thread - 0] INFO  bucket.OMBucketCreateRequest (OMBucketCreateRequest.java:validateAndUpdateCache(260)) - created bucket: bucket99334 of layout LEGACY in volume: volume44346
2022-06-16 16:22:34,226 [Time-limited test] INFO  rpc.RpcClient (RpcClient.java:createVolume(466)) - Creating Volume: volume-51376, with runner as owner and space quota set to -1 bytes, counts quota set to -1
2022-06-16 16:22:34,230 [OM StateMachine ApplyTransaction Thread - 0] INFO  volume.OMVolumeCreateRequest (OMVolumeCreateRequest.java:validateAndUpdateCache(195)) - created volume:volume-51376 for user:runner
2022-06-16 16:22:34,245 [IPC Server handler 4 on default port 45321] INFO  ha.SequenceIdGenerator (SequenceIdGenerator.java:getNextId(127)) - Allocate a batch for delTxnId, change lastId from 0 to 1000.
]]></system-out>
  </testcase>
  <testcase name="testMkdirNonExistentVolume" classname="TestRootedOzoneFileSystem" time="0.236">
    <system-out><![CDATA[2022-06-16 16:23:59,807 [Time-limited test] INFO  rpc.RpcClient (RpcClient.java:createVolume(466)) - Creating Volume: volume53028, with user70010 as owner and space quota set to -1 bytes, counts quota set to -1
2022-06-16 16:23:59,807 [IPC Server handler 3 on default port 44357] INFO  volume.OMVolumeCreateRequest (OMVolumeCreateRequest.java:validateAndUpdateCache(195)) - created volume:volume53028 for user:user70010
2022-06-16 16:23:59,811 [Time-limited test] INFO  rpc.RpcClient (RpcClient.java:createBucket(666)) - Creating Bucket: volume53028/bucket39230, with the Bucket Layout LEGACY, runner as owner, Versioning false, Storage Type set to DISK and Encryption set to false 
2022-06-16 16:23:59,814 [IPC Server handler 1 on default port 44357] INFO  bucket.OMBucketCreateRequest (OMBucketCreateRequest.java:validateAndUpdateCache(260)) - created bucket: bucket39230 of layout LEGACY in volume: volume53028
2022-06-16 16:23:59,834 [Time-limited test] INFO  rpc.RpcClient (RpcClient.java:createVolume(466)) - Creating Volume: volume-75826, with runner as owner and space quota set to -1 bytes, counts quota set to -1
2022-06-16 16:23:59,838 [IPC Server handler 11 on default port 44357] INFO  volume.OMVolumeCreateRequest (OMVolumeCreateRequest.java:validateAndUpdateCache(195)) - created volume:volume-75826 for user:runner
]]></system-out>
  </testcase>
  <testcase name="testDeleteCreatesFakeParentDir" classname="TestRootedOzoneFileSystem" time="0">
    <skipped type="org.junit.AssumptionViolatedException"><![CDATA[org.junit.AssumptionViolatedException: FS Path is enabled. Skipping this test as it is not tuned for FS Path yet
	at org.junit.Assume.assumeTrue(Assume.java:68)
	at org.apache.hadoop.fs.ozone.TestRootedOzoneFileSystem.testDeleteCreatesFakeParentDir(TestRootedOzoneFileSystem.java:316)
	at sun.reflect.NativeMethodAccessorImpl.invoke0(Native Method)
	at sun.reflect.NativeMethodAccessorImpl.invoke(NativeMethodAccessorImpl.java:62)
	at sun.reflect.DelegatingMethodAccessorImpl.invoke(DelegatingMethodAccessorImpl.java:43)
	at java.lang.reflect.Method.invoke(Method.java:498)
	at org.junit.runners.model.FrameworkMethod$1.runReflectiveCall(FrameworkMethod.java:59)
	at org.junit.internal.runners.model.ReflectiveCallable.run(ReflectiveCallable.java:12)
	at org.junit.runners.model.FrameworkMethod.invokeExplosively(FrameworkMethod.java:56)
	at org.junit.internal.runners.statements.InvokeMethod.evaluate(InvokeMethod.java:17)
	at org.junit.internal.runners.statements.RunBefores.evaluate(RunBefores.java:26)
	at org.junit.internal.runners.statements.RunAfters.evaluate(RunAfters.java:27)
	at org.junit.internal.runners.statements.FailOnTimeout$CallableStatement.call(FailOnTimeout.java:288)
	at org.junit.internal.runners.statements.FailOnTimeout$CallableStatement.call(FailOnTimeout.java:282)
	at java.util.concurrent.FutureTask.run(FutureTask.java:266)
	at java.lang.Thread.run(Thread.java:750)
]]></skipped>
    <system-out><![CDATA[2022-06-16 16:18:27,981 [Time-limited test] INFO  rpc.RpcClient (RpcClient.java:createVolume(466)) - Creating Volume: volume49614, with user77271 as owner and space quota set to -1 bytes, counts quota set to -1
2022-06-16 16:18:27,983 [OM StateMachine ApplyTransaction Thread - 0] INFO  volume.OMVolumeCreateRequest (OMVolumeCreateRequest.java:validateAndUpdateCache(195)) - created volume:volume49614 for user:user77271
2022-06-16 16:18:27,984 [Time-limited test] INFO  rpc.RpcClient (RpcClient.java:createBucket(666)) - Creating Bucket: volume49614/bucket58973, with the Bucket Layout LEGACY, runner as owner, Versioning false, Storage Type set to DISK and Encryption set to false 
2022-06-16 16:18:27,986 [OM StateMachine ApplyTransaction Thread - 0] INFO  bucket.OMBucketCreateRequest (OMBucketCreateRequest.java:validateAndUpdateCache(260)) - created bucket: bucket58973 of layout LEGACY in volume: volume49614
]]></system-out>
  </testcase>
  <testcase name="testDeleteCreatesFakeParentDir" classname="TestRootedOzoneFileSystem" time="0">
    <skipped type="org.junit.AssumptionViolatedException"><![CDATA[org.junit.AssumptionViolatedException: FS Path is enabled. Skipping this test as it is not tuned for FS Path yet
	at org.junit.Assume.assumeTrue(Assume.java:68)
	at org.apache.hadoop.fs.ozone.TestRootedOzoneFileSystem.testDeleteCreatesFakeParentDir(TestRootedOzoneFileSystem.java:316)
	at sun.reflect.NativeMethodAccessorImpl.invoke0(Native Method)
	at sun.reflect.NativeMethodAccessorImpl.invoke(NativeMethodAccessorImpl.java:62)
	at sun.reflect.DelegatingMethodAccessorImpl.invoke(DelegatingMethodAccessorImpl.java:43)
	at java.lang.reflect.Method.invoke(Method.java:498)
	at org.junit.runners.model.FrameworkMethod$1.runReflectiveCall(FrameworkMethod.java:59)
	at org.junit.internal.runners.model.ReflectiveCallable.run(ReflectiveCallable.java:12)
	at org.junit.runners.model.FrameworkMethod.invokeExplosively(FrameworkMethod.java:56)
	at org.junit.internal.runners.statements.InvokeMethod.evaluate(InvokeMethod.java:17)
	at org.junit.internal.runners.statements.RunBefores.evaluate(RunBefores.java:26)
	at org.junit.internal.runners.statements.RunAfters.evaluate(RunAfters.java:27)
	at org.junit.internal.runners.statements.FailOnTimeout$CallableStatement.call(FailOnTimeout.java:288)
	at org.junit.internal.runners.statements.FailOnTimeout$CallableStatement.call(FailOnTimeout.java:282)
	at java.util.concurrent.FutureTask.run(FutureTask.java:266)
	at java.lang.Thread.run(Thread.java:750)
]]></skipped>
    <system-out><![CDATA[2022-06-16 16:19:32,242 [Time-limited test] INFO  rpc.RpcClient (RpcClient.java:createVolume(466)) - Creating Volume: volume76761, with user88052 as owner and space quota set to -1 bytes, counts quota set to -1
2022-06-16 16:19:32,243 [OM StateMachine ApplyTransaction Thread - 0] INFO  volume.OMVolumeCreateRequest (OMVolumeCreateRequest.java:validateAndUpdateCache(195)) - created volume:volume76761 for user:user88052
2022-06-16 16:19:32,244 [Time-limited test] INFO  rpc.RpcClient (RpcClient.java:createBucket(666)) - Creating Bucket: volume76761/bucket24075, with the Bucket Layout LEGACY, runner as owner, Versioning false, Storage Type set to DISK and Encryption set to false 
2022-06-16 16:19:32,245 [OM StateMachine ApplyTransaction Thread - 0] INFO  bucket.OMBucketCreateRequest (OMBucketCreateRequest.java:validateAndUpdateCache(260)) - created bucket: bucket24075 of layout LEGACY in volume: volume76761
]]></system-out>
  </testcase>
  <testcase name="testDeleteCreatesFakeParentDir" classname="TestRootedOzoneFileSystem" time="0">
    <skipped type="org.junit.AssumptionViolatedException"><![CDATA[org.junit.AssumptionViolatedException: FS Path is enabled. Skipping this test as it is not tuned for FS Path yet
	at org.junit.Assume.assumeTrue(Assume.java:68)
	at org.apache.hadoop.fs.ozone.TestRootedOzoneFileSystem.testDeleteCreatesFakeParentDir(TestRootedOzoneFileSystem.java:316)
	at sun.reflect.NativeMethodAccessorImpl.invoke0(Native Method)
	at sun.reflect.NativeMethodAccessorImpl.invoke(NativeMethodAccessorImpl.java:62)
	at sun.reflect.DelegatingMethodAccessorImpl.invoke(DelegatingMethodAccessorImpl.java:43)
	at java.lang.reflect.Method.invoke(Method.java:498)
	at org.junit.runners.model.FrameworkMethod$1.runReflectiveCall(FrameworkMethod.java:59)
	at org.junit.internal.runners.model.ReflectiveCallable.run(ReflectiveCallable.java:12)
	at org.junit.runners.model.FrameworkMethod.invokeExplosively(FrameworkMethod.java:56)
	at org.junit.internal.runners.statements.InvokeMethod.evaluate(InvokeMethod.java:17)
	at org.junit.internal.runners.statements.RunBefores.evaluate(RunBefores.java:26)
	at org.junit.internal.runners.statements.RunAfters.evaluate(RunAfters.java:27)
	at org.junit.internal.runners.statements.FailOnTimeout$CallableStatement.call(FailOnTimeout.java:288)
	at org.junit.internal.runners.statements.FailOnTimeout$CallableStatement.call(FailOnTimeout.java:282)
	at java.util.concurrent.FutureTask.run(FutureTask.java:266)
	at java.lang.Thread.run(Thread.java:750)
]]></skipped>
    <system-out><![CDATA[2022-06-16 16:20:45,011 [Time-limited test] INFO  rpc.RpcClient (RpcClient.java:createVolume(466)) - Creating Volume: volume73033, with user01434 as owner and space quota set to -1 bytes, counts quota set to -1
2022-06-16 16:20:45,011 [IPC Server handler 9 on default port 42069] INFO  volume.OMVolumeCreateRequest (OMVolumeCreateRequest.java:validateAndUpdateCache(195)) - created volume:volume73033 for user:user01434
2022-06-16 16:20:45,014 [Time-limited test] INFO  rpc.RpcClient (RpcClient.java:createBucket(666)) - Creating Bucket: volume73033/bucket09905, with the Bucket Layout LEGACY, runner as owner, Versioning false, Storage Type set to DISK and Encryption set to false 
2022-06-16 16:20:45,014 [IPC Server handler 12 on default port 42069] INFO  bucket.OMBucketCreateRequest (OMBucketCreateRequest.java:validateAndUpdateCache(260)) - created bucket: bucket09905 of layout LEGACY in volume: volume73033
]]></system-out>
  </testcase>
  <testcase name="testDeleteCreatesFakeParentDir" classname="TestRootedOzoneFileSystem" time="0.27">
    <system-out><![CDATA[2022-06-16 16:22:34,404 [Time-limited test] INFO  rpc.RpcClient (RpcClient.java:createVolume(466)) - Creating Volume: volume40413, with user74524 as owner and space quota set to -1 bytes, counts quota set to -1
2022-06-16 16:22:34,408 [OM StateMachine ApplyTransaction Thread - 0] INFO  volume.OMVolumeCreateRequest (OMVolumeCreateRequest.java:validateAndUpdateCache(195)) - created volume:volume40413 for user:user74524
2022-06-16 16:22:34,410 [Time-limited test] INFO  rpc.RpcClient (RpcClient.java:createBucket(666)) - Creating Bucket: volume40413/bucket96174, with the Bucket Layout LEGACY, runner as owner, Versioning false, Storage Type set to DISK and Encryption set to false 
2022-06-16 16:22:34,411 [OM StateMachine ApplyTransaction Thread - 0] INFO  bucket.OMBucketCreateRequest (OMBucketCreateRequest.java:validateAndUpdateCache(260)) - created bucket: bucket96174 of layout LEGACY in volume: volume40413
]]></system-out>
  </testcase>
  <testcase name="testDeleteCreatesFakeParentDir" classname="TestRootedOzoneFileSystem" time="0.29">
    <system-out><![CDATA[2022-06-16 16:24:00,029 [Time-limited test] INFO  rpc.RpcClient (RpcClient.java:createVolume(466)) - Creating Volume: volume94221, with user96093 as owner and space quota set to -1 bytes, counts quota set to -1
2022-06-16 16:24:00,030 [IPC Server handler 11 on default port 44357] INFO  volume.OMVolumeCreateRequest (OMVolumeCreateRequest.java:validateAndUpdateCache(195)) - created volume:volume94221 for user:user96093
2022-06-16 16:24:00,042 [Time-limited test] INFO  rpc.RpcClient (RpcClient.java:createBucket(666)) - Creating Bucket: volume94221/bucket97126, with the Bucket Layout LEGACY, runner as owner, Versioning false, Storage Type set to DISK and Encryption set to false 
2022-06-16 16:24:00,043 [IPC Server handler 7 on default port 44357] INFO  bucket.OMBucketCreateRequest (OMBucketCreateRequest.java:validateAndUpdateCache(260)) - created bucket: bucket97126 of layout LEGACY in volume: volume94221
]]></system-out>
  </testcase>
  <testcase name="testNonExplicitlyCreatedPathExistsAfterItsLeafsWereRemoved" classname="TestRootedOzoneFileSystem" time="0.082">
    <system-out><![CDATA[2022-06-16 16:18:28,027 [Time-limited test] INFO  rpc.RpcClient (RpcClient.java:createVolume(466)) - Creating Volume: volume72263, with user66110 as owner and space quota set to -1 bytes, counts quota set to -1
2022-06-16 16:18:28,029 [OM StateMachine ApplyTransaction Thread - 0] INFO  volume.OMVolumeCreateRequest (OMVolumeCreateRequest.java:validateAndUpdateCache(195)) - created volume:volume72263 for user:user66110
2022-06-16 16:18:28,031 [Time-limited test] INFO  rpc.RpcClient (RpcClient.java:createBucket(666)) - Creating Bucket: volume72263/bucket05695, with the Bucket Layout LEGACY, runner as owner, Versioning false, Storage Type set to DISK and Encryption set to false 
2022-06-16 16:18:28,034 [OM StateMachine ApplyTransaction Thread - 0] INFO  bucket.OMBucketCreateRequest (OMBucketCreateRequest.java:validateAndUpdateCache(260)) - created bucket: bucket05695 of layout LEGACY in volume: volume72263
16:18:28.047 [IPC Server handler 7 on default port 37419] ERROR OMAudit - user=runner | ip=127.0.0.1 | op=GET_FILE_STATUS {volume=volume72263, bucket=bucket05695, key=target/leaf, dataSize=0, replicationConfig=null} | ret=FAILURE
org.apache.hadoop.ozone.om.exceptions.OMException: Unable to get file status: volume: volume72263 bucket: bucket05695 key: target/leaf
	at org.apache.hadoop.ozone.om.KeyManagerImpl.getOzoneFileStatus(KeyManagerImpl.java:1283) ~[ozone-manager-1.3.0-SNAPSHOT.jar:?]
	at org.apache.hadoop.ozone.om.KeyManagerImpl.getFileStatus(KeyManagerImpl.java:1213) ~[ozone-manager-1.3.0-SNAPSHOT.jar:?]
	at org.apache.hadoop.ozone.om.OzoneManager.getFileStatus(OzoneManager.java:3419) ~[ozone-manager-1.3.0-SNAPSHOT.jar:?]
	at org.apache.hadoop.ozone.protocolPB.OzoneManagerRequestHandler.getOzoneFileStatus(OzoneManagerRequestHandler.java:871) ~[ozone-manager-1.3.0-SNAPSHOT.jar:?]
	at org.apache.hadoop.ozone.protocolPB.OzoneManagerRequestHandler.handleReadRequest(OzoneManagerRequestHandler.java:217) ~[ozone-manager-1.3.0-SNAPSHOT.jar:?]
	at org.apache.hadoop.ozone.protocolPB.OzoneManagerProtocolServerSideTranslatorPB.submitReadRequestToOM(OzoneManagerProtocolServerSideTranslatorPB.java:225) ~[ozone-manager-1.3.0-SNAPSHOT.jar:?]
	at org.apache.hadoop.ozone.protocolPB.OzoneManagerProtocolServerSideTranslatorPB.processRequest(OzoneManagerProtocolServerSideTranslatorPB.java:175) ~[ozone-manager-1.3.0-SNAPSHOT.jar:?]
	at org.apache.hadoop.hdds.server.OzoneProtocolMessageDispatcher.processRequest(OzoneProtocolMessageDispatcher.java:87) [hdds-server-framework-1.3.0-SNAPSHOT.jar:?]
	at org.apache.hadoop.ozone.protocolPB.OzoneManagerProtocolServerSideTranslatorPB.submitRequest(OzoneManagerProtocolServerSideTranslatorPB.java:147) [ozone-manager-1.3.0-SNAPSHOT.jar:?]
	at org.apache.hadoop.ozone.protocol.proto.OzoneManagerProtocolProtos$OzoneManagerService$2.callBlockingMethod(OzoneManagerProtocolProtos.java) [ozone-interface-client-1.3.0-SNAPSHOT.jar:?]
	at org.apache.hadoop.ipc.ProtobufRpcEngine$Server.processCall(ProtobufRpcEngine.java:466) [hadoop-common-3.3.1.jar:?]
	at org.apache.hadoop.ipc.ProtobufRpcEngine2$Server$ProtoBufRpcInvoker.call(ProtobufRpcEngine2.java:574) [hadoop-common-3.3.1.jar:?]
	at org.apache.hadoop.ipc.ProtobufRpcEngine2$Server$ProtoBufRpcInvoker.call(ProtobufRpcEngine2.java:552) [hadoop-common-3.3.1.jar:?]
	at org.apache.hadoop.ipc.RPC$Server.call(RPC.java:1093) [hadoop-common-3.3.1.jar:?]
	at org.apache.hadoop.ipc.Server$RpcCall.run(Server.java:1035) [hadoop-common-3.3.1.jar:?]
	at org.apache.hadoop.ipc.Server$RpcCall.run(Server.java:963) [hadoop-common-3.3.1.jar:?]
	at java.security.AccessController.doPrivileged(Native Method) ~[?:1.8.0_332]
	at javax.security.auth.Subject.doAs(Subject.java:422) [?:1.8.0_332]
	at org.apache.hadoop.security.UserGroupInformation.doAs(UserGroupInformation.java:1878) [hadoop-common-3.3.1.jar:?]
	at org.apache.hadoop.ipc.Server$Handler.run(Server.java:2966) [hadoop-common-3.3.1.jar:?]
]]></system-out>
  </testcase>
  <testcase name="testNonExplicitlyCreatedPathExistsAfterItsLeafsWereRemoved" classname="TestRootedOzoneFileSystem" time="0.119">
    <system-out><![CDATA[2022-06-16 16:19:32,343 [Time-limited test] INFO  rpc.RpcClient (RpcClient.java:createVolume(466)) - Creating Volume: volume02342, with user64899 as owner and space quota set to -1 bytes, counts quota set to -1
2022-06-16 16:19:32,345 [OM StateMachine ApplyTransaction Thread - 0] INFO  volume.OMVolumeCreateRequest (OMVolumeCreateRequest.java:validateAndUpdateCache(195)) - created volume:volume02342 for user:user64899
2022-06-16 16:19:32,346 [Time-limited test] INFO  rpc.RpcClient (RpcClient.java:createBucket(666)) - Creating Bucket: volume02342/bucket12580, with the Bucket Layout LEGACY, runner as owner, Versioning false, Storage Type set to DISK and Encryption set to false 
2022-06-16 16:19:32,347 [OM StateMachine ApplyTransaction Thread - 0] INFO  bucket.OMBucketCreateRequest (OMBucketCreateRequest.java:validateAndUpdateCache(260)) - created bucket: bucket12580 of layout LEGACY in volume: volume02342
16:19:32.353 [IPC Server handler 18 on default port 34065] ERROR OMAudit - user=runner | ip=127.0.0.1 | op=GET_FILE_STATUS {volume=volume02342, bucket=bucket12580, key=target/leaf, dataSize=0, replicationConfig=null} | ret=FAILURE
org.apache.hadoop.ozone.om.exceptions.OMException: Unable to get file status: volume: volume02342 bucket: bucket12580 key: target/leaf
	at org.apache.hadoop.ozone.om.KeyManagerImpl.getOzoneFileStatus(KeyManagerImpl.java:1283) ~[ozone-manager-1.3.0-SNAPSHOT.jar:?]
	at org.apache.hadoop.ozone.om.KeyManagerImpl.getFileStatus(KeyManagerImpl.java:1213) ~[ozone-manager-1.3.0-SNAPSHOT.jar:?]
	at org.apache.hadoop.ozone.om.OzoneManager.getFileStatus(OzoneManager.java:3419) ~[ozone-manager-1.3.0-SNAPSHOT.jar:?]
	at org.apache.hadoop.ozone.protocolPB.OzoneManagerRequestHandler.getOzoneFileStatus(OzoneManagerRequestHandler.java:871) ~[ozone-manager-1.3.0-SNAPSHOT.jar:?]
	at org.apache.hadoop.ozone.protocolPB.OzoneManagerRequestHandler.handleReadRequest(OzoneManagerRequestHandler.java:217) ~[ozone-manager-1.3.0-SNAPSHOT.jar:?]
	at org.apache.hadoop.ozone.protocolPB.OzoneManagerProtocolServerSideTranslatorPB.submitReadRequestToOM(OzoneManagerProtocolServerSideTranslatorPB.java:225) ~[ozone-manager-1.3.0-SNAPSHOT.jar:?]
	at org.apache.hadoop.ozone.protocolPB.OzoneManagerProtocolServerSideTranslatorPB.processRequest(OzoneManagerProtocolServerSideTranslatorPB.java:175) ~[ozone-manager-1.3.0-SNAPSHOT.jar:?]
	at org.apache.hadoop.hdds.server.OzoneProtocolMessageDispatcher.processRequest(OzoneProtocolMessageDispatcher.java:87) [hdds-server-framework-1.3.0-SNAPSHOT.jar:?]
	at org.apache.hadoop.ozone.protocolPB.OzoneManagerProtocolServerSideTranslatorPB.submitRequest(OzoneManagerProtocolServerSideTranslatorPB.java:147) [ozone-manager-1.3.0-SNAPSHOT.jar:?]
	at org.apache.hadoop.ozone.protocol.proto.OzoneManagerProtocolProtos$OzoneManagerService$2.callBlockingMethod(OzoneManagerProtocolProtos.java) [ozone-interface-client-1.3.0-SNAPSHOT.jar:?]
	at org.apache.hadoop.ipc.ProtobufRpcEngine$Server.processCall(ProtobufRpcEngine.java:466) [hadoop-common-3.3.1.jar:?]
	at org.apache.hadoop.ipc.ProtobufRpcEngine2$Server$ProtoBufRpcInvoker.call(ProtobufRpcEngine2.java:574) [hadoop-common-3.3.1.jar:?]
	at org.apache.hadoop.ipc.ProtobufRpcEngine2$Server$ProtoBufRpcInvoker.call(ProtobufRpcEngine2.java:552) [hadoop-common-3.3.1.jar:?]
	at org.apache.hadoop.ipc.RPC$Server.call(RPC.java:1093) [hadoop-common-3.3.1.jar:?]
	at org.apache.hadoop.ipc.Server$RpcCall.run(Server.java:1035) [hadoop-common-3.3.1.jar:?]
	at org.apache.hadoop.ipc.Server$RpcCall.run(Server.java:963) [hadoop-common-3.3.1.jar:?]
	at java.security.AccessController.doPrivileged(Native Method) ~[?:1.8.0_332]
	at javax.security.auth.Subject.doAs(Subject.java:422) [?:1.8.0_332]
	at org.apache.hadoop.security.UserGroupInformation.doAs(UserGroupInformation.java:1878) [hadoop-common-3.3.1.jar:?]
	at org.apache.hadoop.ipc.Server$Handler.run(Server.java:2966) [hadoop-common-3.3.1.jar:?]
]]></system-out>
  </testcase>
  <testcase name="testNonExplicitlyCreatedPathExistsAfterItsLeafsWereRemoved" classname="TestRootedOzoneFileSystem" time="0.101">
    <system-out><![CDATA[2022-06-16 16:20:45,094 [Time-limited test] INFO  rpc.RpcClient (RpcClient.java:createVolume(466)) - Creating Volume: volume60576, with user52112 as owner and space quota set to -1 bytes, counts quota set to -1
2022-06-16 16:20:45,097 [IPC Server handler 10 on default port 42069] INFO  volume.OMVolumeCreateRequest (OMVolumeCreateRequest.java:validateAndUpdateCache(195)) - created volume:volume60576 for user:user52112
2022-06-16 16:20:45,097 [Time-limited test] INFO  rpc.RpcClient (RpcClient.java:createBucket(666)) - Creating Bucket: volume60576/bucket89612, with the Bucket Layout LEGACY, runner as owner, Versioning false, Storage Type set to DISK and Encryption set to false 
2022-06-16 16:20:45,098 [IPC Server handler 11 on default port 42069] INFO  bucket.OMBucketCreateRequest (OMBucketCreateRequest.java:validateAndUpdateCache(260)) - created bucket: bucket89612 of layout LEGACY in volume: volume60576
16:20:45.106 [IPC Server handler 4 on default port 42069] ERROR OMAudit - user=runner | ip=127.0.0.1 | op=GET_FILE_STATUS {volume=volume60576, bucket=bucket89612, key=target/leaf, dataSize=0, replicationConfig=null} | ret=FAILURE
org.apache.hadoop.ozone.om.exceptions.OMException: Unable to get file status: volume: volume60576 bucket: bucket89612 key: target/leaf
	at org.apache.hadoop.ozone.om.KeyManagerImpl.getOzoneFileStatus(KeyManagerImpl.java:1283) ~[ozone-manager-1.3.0-SNAPSHOT.jar:?]
	at org.apache.hadoop.ozone.om.KeyManagerImpl.getFileStatus(KeyManagerImpl.java:1213) ~[ozone-manager-1.3.0-SNAPSHOT.jar:?]
	at org.apache.hadoop.ozone.om.OzoneManager.getFileStatus(OzoneManager.java:3419) ~[ozone-manager-1.3.0-SNAPSHOT.jar:?]
	at org.apache.hadoop.ozone.protocolPB.OzoneManagerRequestHandler.getOzoneFileStatus(OzoneManagerRequestHandler.java:871) ~[ozone-manager-1.3.0-SNAPSHOT.jar:?]
	at org.apache.hadoop.ozone.protocolPB.OzoneManagerRequestHandler.handleReadRequest(OzoneManagerRequestHandler.java:217) ~[ozone-manager-1.3.0-SNAPSHOT.jar:?]
	at org.apache.hadoop.ozone.protocolPB.OzoneManagerProtocolServerSideTranslatorPB.submitRequestDirectlyToOM(OzoneManagerProtocolServerSideTranslatorPB.java:284) ~[ozone-manager-1.3.0-SNAPSHOT.jar:?]
	at org.apache.hadoop.ozone.protocolPB.OzoneManagerProtocolServerSideTranslatorPB.processRequest(OzoneManagerProtocolServerSideTranslatorPB.java:207) ~[ozone-manager-1.3.0-SNAPSHOT.jar:?]
	at org.apache.hadoop.hdds.server.OzoneProtocolMessageDispatcher.processRequest(OzoneProtocolMessageDispatcher.java:87) [hdds-server-framework-1.3.0-SNAPSHOT.jar:?]
	at org.apache.hadoop.ozone.protocolPB.OzoneManagerProtocolServerSideTranslatorPB.submitRequest(OzoneManagerProtocolServerSideTranslatorPB.java:147) [ozone-manager-1.3.0-SNAPSHOT.jar:?]
	at org.apache.hadoop.ozone.protocol.proto.OzoneManagerProtocolProtos$OzoneManagerService$2.callBlockingMethod(OzoneManagerProtocolProtos.java) [ozone-interface-client-1.3.0-SNAPSHOT.jar:?]
	at org.apache.hadoop.ipc.ProtobufRpcEngine$Server.processCall(ProtobufRpcEngine.java:466) [hadoop-common-3.3.1.jar:?]
	at org.apache.hadoop.ipc.ProtobufRpcEngine2$Server$ProtoBufRpcInvoker.call(ProtobufRpcEngine2.java:574) [hadoop-common-3.3.1.jar:?]
	at org.apache.hadoop.ipc.ProtobufRpcEngine2$Server$ProtoBufRpcInvoker.call(ProtobufRpcEngine2.java:552) [hadoop-common-3.3.1.jar:?]
	at org.apache.hadoop.ipc.RPC$Server.call(RPC.java:1093) [hadoop-common-3.3.1.jar:?]
	at org.apache.hadoop.ipc.Server$RpcCall.run(Server.java:1035) [hadoop-common-3.3.1.jar:?]
	at org.apache.hadoop.ipc.Server$RpcCall.run(Server.java:963) [hadoop-common-3.3.1.jar:?]
	at java.security.AccessController.doPrivileged(Native Method) ~[?:1.8.0_332]
	at javax.security.auth.Subject.doAs(Subject.java:422) [?:1.8.0_332]
	at org.apache.hadoop.security.UserGroupInformation.doAs(UserGroupInformation.java:1878) [hadoop-common-3.3.1.jar:?]
	at org.apache.hadoop.ipc.Server$Handler.run(Server.java:2966) [hadoop-common-3.3.1.jar:?]
]]></system-out>
  </testcase>
  <testcase name="testNonExplicitlyCreatedPathExistsAfterItsLeafsWereRemoved" classname="TestRootedOzoneFileSystem" time="0.149">
    <system-out><![CDATA[2022-06-16 16:22:34,599 [Time-limited test] INFO  rpc.RpcClient (RpcClient.java:createVolume(466)) - Creating Volume: volume98874, with user33480 as owner and space quota set to -1 bytes, counts quota set to -1
2022-06-16 16:22:34,622 [OM StateMachine ApplyTransaction Thread - 0] INFO  volume.OMVolumeCreateRequest (OMVolumeCreateRequest.java:validateAndUpdateCache(195)) - created volume:volume98874 for user:user33480
2022-06-16 16:22:34,634 [Time-limited test] INFO  rpc.RpcClient (RpcClient.java:createBucket(666)) - Creating Bucket: volume98874/bucket20680, with the Bucket Layout LEGACY, runner as owner, Versioning false, Storage Type set to DISK and Encryption set to false 
2022-06-16 16:22:34,635 [OM StateMachine ApplyTransaction Thread - 0] INFO  bucket.OMBucketCreateRequest (OMBucketCreateRequest.java:validateAndUpdateCache(260)) - created bucket: bucket20680 of layout LEGACY in volume: volume98874
16:22:34.642 [IPC Server handler 10 on default port 33505] ERROR OMAudit - user=runner | ip=127.0.0.1 | op=GET_FILE_STATUS {volume=volume98874, bucket=bucket20680, key=target/leaf, dataSize=0, replicationConfig=null} | ret=FAILURE
org.apache.hadoop.ozone.om.exceptions.OMException: Unable to get file status: volume: volume98874 bucket: bucket20680 key: target/leaf
	at org.apache.hadoop.ozone.om.KeyManagerImpl.getOzoneFileStatus(KeyManagerImpl.java:1283) ~[ozone-manager-1.3.0-SNAPSHOT.jar:?]
	at org.apache.hadoop.ozone.om.KeyManagerImpl.getFileStatus(KeyManagerImpl.java:1213) ~[ozone-manager-1.3.0-SNAPSHOT.jar:?]
	at org.apache.hadoop.ozone.om.OzoneManager.getFileStatus(OzoneManager.java:3419) ~[ozone-manager-1.3.0-SNAPSHOT.jar:?]
	at org.apache.hadoop.ozone.protocolPB.OzoneManagerRequestHandler.getOzoneFileStatus(OzoneManagerRequestHandler.java:871) ~[ozone-manager-1.3.0-SNAPSHOT.jar:?]
	at org.apache.hadoop.ozone.protocolPB.OzoneManagerRequestHandler.handleReadRequest(OzoneManagerRequestHandler.java:217) ~[ozone-manager-1.3.0-SNAPSHOT.jar:?]
	at org.apache.hadoop.ozone.protocolPB.OzoneManagerProtocolServerSideTranslatorPB.submitReadRequestToOM(OzoneManagerProtocolServerSideTranslatorPB.java:225) ~[ozone-manager-1.3.0-SNAPSHOT.jar:?]
	at org.apache.hadoop.ozone.protocolPB.OzoneManagerProtocolServerSideTranslatorPB.processRequest(OzoneManagerProtocolServerSideTranslatorPB.java:175) ~[ozone-manager-1.3.0-SNAPSHOT.jar:?]
	at org.apache.hadoop.hdds.server.OzoneProtocolMessageDispatcher.processRequest(OzoneProtocolMessageDispatcher.java:87) [hdds-server-framework-1.3.0-SNAPSHOT.jar:?]
	at org.apache.hadoop.ozone.protocolPB.OzoneManagerProtocolServerSideTranslatorPB.submitRequest(OzoneManagerProtocolServerSideTranslatorPB.java:147) [ozone-manager-1.3.0-SNAPSHOT.jar:?]
	at org.apache.hadoop.ozone.protocol.proto.OzoneManagerProtocolProtos$OzoneManagerService$2.callBlockingMethod(OzoneManagerProtocolProtos.java) [ozone-interface-client-1.3.0-SNAPSHOT.jar:?]
	at org.apache.hadoop.ipc.ProtobufRpcEngine$Server.processCall(ProtobufRpcEngine.java:466) [hadoop-common-3.3.1.jar:?]
	at org.apache.hadoop.ipc.ProtobufRpcEngine2$Server$ProtoBufRpcInvoker.call(ProtobufRpcEngine2.java:574) [hadoop-common-3.3.1.jar:?]
	at org.apache.hadoop.ipc.ProtobufRpcEngine2$Server$ProtoBufRpcInvoker.call(ProtobufRpcEngine2.java:552) [hadoop-common-3.3.1.jar:?]
	at org.apache.hadoop.ipc.RPC$Server.call(RPC.java:1093) [hadoop-common-3.3.1.jar:?]
	at org.apache.hadoop.ipc.Server$RpcCall.run(Server.java:1035) [hadoop-common-3.3.1.jar:?]
	at org.apache.hadoop.ipc.Server$RpcCall.run(Server.java:963) [hadoop-common-3.3.1.jar:?]
	at java.security.AccessController.doPrivileged(Native Method) ~[?:1.8.0_332]
	at javax.security.auth.Subject.doAs(Subject.java:422) [?:1.8.0_332]
	at org.apache.hadoop.security.UserGroupInformation.doAs(UserGroupInformation.java:1878) [hadoop-common-3.3.1.jar:?]
	at org.apache.hadoop.ipc.Server$Handler.run(Server.java:2966) [hadoop-common-3.3.1.jar:?]
]]></system-out>
  </testcase>
  <testcase name="testNonExplicitlyCreatedPathExistsAfterItsLeafsWereRemoved" classname="TestRootedOzoneFileSystem" time="0.329">
    <system-out><![CDATA[2022-06-16 16:24:00,416 [Time-limited test] INFO  rpc.RpcClient (RpcClient.java:createVolume(466)) - Creating Volume: volume82311, with user97747 as owner and space quota set to -1 bytes, counts quota set to -1
2022-06-16 16:24:00,416 [IPC Server handler 17 on default port 44357] INFO  volume.OMVolumeCreateRequest (OMVolumeCreateRequest.java:validateAndUpdateCache(195)) - created volume:volume82311 for user:user97747
2022-06-16 16:24:00,417 [Time-limited test] INFO  rpc.RpcClient (RpcClient.java:createBucket(666)) - Creating Bucket: volume82311/bucket58587, with the Bucket Layout LEGACY, runner as owner, Versioning false, Storage Type set to DISK and Encryption set to false 
2022-06-16 16:24:00,417 [IPC Server handler 18 on default port 44357] INFO  bucket.OMBucketCreateRequest (OMBucketCreateRequest.java:validateAndUpdateCache(260)) - created bucket: bucket58587 of layout LEGACY in volume: volume82311
16:24:00.429 [IPC Server handler 10 on default port 44357] ERROR OMAudit - user=runner | ip=127.0.0.1 | op=GET_FILE_STATUS {volume=volume82311, bucket=bucket58587, key=target/leaf, dataSize=0, replicationConfig=null} | ret=FAILURE
org.apache.hadoop.ozone.om.exceptions.OMException: Unable to get file status: volume: volume82311 bucket: bucket58587 key: target/leaf
	at org.apache.hadoop.ozone.om.KeyManagerImpl.getOzoneFileStatus(KeyManagerImpl.java:1283) ~[ozone-manager-1.3.0-SNAPSHOT.jar:?]
	at org.apache.hadoop.ozone.om.KeyManagerImpl.getFileStatus(KeyManagerImpl.java:1213) ~[ozone-manager-1.3.0-SNAPSHOT.jar:?]
	at org.apache.hadoop.ozone.om.OzoneManager.getFileStatus(OzoneManager.java:3419) ~[ozone-manager-1.3.0-SNAPSHOT.jar:?]
	at org.apache.hadoop.ozone.protocolPB.OzoneManagerRequestHandler.getOzoneFileStatus(OzoneManagerRequestHandler.java:871) ~[ozone-manager-1.3.0-SNAPSHOT.jar:?]
	at org.apache.hadoop.ozone.protocolPB.OzoneManagerRequestHandler.handleReadRequest(OzoneManagerRequestHandler.java:217) ~[ozone-manager-1.3.0-SNAPSHOT.jar:?]
	at org.apache.hadoop.ozone.protocolPB.OzoneManagerProtocolServerSideTranslatorPB.submitRequestDirectlyToOM(OzoneManagerProtocolServerSideTranslatorPB.java:284) ~[ozone-manager-1.3.0-SNAPSHOT.jar:?]
	at org.apache.hadoop.ozone.protocolPB.OzoneManagerProtocolServerSideTranslatorPB.processRequest(OzoneManagerProtocolServerSideTranslatorPB.java:207) ~[ozone-manager-1.3.0-SNAPSHOT.jar:?]
	at org.apache.hadoop.hdds.server.OzoneProtocolMessageDispatcher.processRequest(OzoneProtocolMessageDispatcher.java:87) [hdds-server-framework-1.3.0-SNAPSHOT.jar:?]
	at org.apache.hadoop.ozone.protocolPB.OzoneManagerProtocolServerSideTranslatorPB.submitRequest(OzoneManagerProtocolServerSideTranslatorPB.java:147) [ozone-manager-1.3.0-SNAPSHOT.jar:?]
	at org.apache.hadoop.ozone.protocol.proto.OzoneManagerProtocolProtos$OzoneManagerService$2.callBlockingMethod(OzoneManagerProtocolProtos.java) [ozone-interface-client-1.3.0-SNAPSHOT.jar:?]
	at org.apache.hadoop.ipc.ProtobufRpcEngine$Server.processCall(ProtobufRpcEngine.java:466) [hadoop-common-3.3.1.jar:?]
	at org.apache.hadoop.ipc.ProtobufRpcEngine2$Server$ProtoBufRpcInvoker.call(ProtobufRpcEngine2.java:574) [hadoop-common-3.3.1.jar:?]
	at org.apache.hadoop.ipc.ProtobufRpcEngine2$Server$ProtoBufRpcInvoker.call(ProtobufRpcEngine2.java:552) [hadoop-common-3.3.1.jar:?]
	at org.apache.hadoop.ipc.RPC$Server.call(RPC.java:1093) [hadoop-common-3.3.1.jar:?]
	at org.apache.hadoop.ipc.Server$RpcCall.run(Server.java:1035) [hadoop-common-3.3.1.jar:?]
	at org.apache.hadoop.ipc.Server$RpcCall.run(Server.java:963) [hadoop-common-3.3.1.jar:?]
	at java.security.AccessController.doPrivileged(Native Method) ~[?:1.8.0_332]
	at javax.security.auth.Subject.doAs(Subject.java:422) [?:1.8.0_332]
	at org.apache.hadoop.security.UserGroupInformation.doAs(UserGroupInformation.java:1878) [hadoop-common-3.3.1.jar:?]
	at org.apache.hadoop.ipc.Server$Handler.run(Server.java:2966) [hadoop-common-3.3.1.jar:?]
]]></system-out>
  </testcase>
  <testcase name="testFileDelete" classname="TestRootedOzoneFileSystem" time="0.193">
    <system-out><![CDATA[2022-06-16 16:18:28,109 [Time-limited test] INFO  rpc.RpcClient (RpcClient.java:createVolume(466)) - Creating Volume: volume03882, with user26311 as owner and space quota set to -1 bytes, counts quota set to -1
2022-06-16 16:18:28,110 [OM StateMachine ApplyTransaction Thread - 0] INFO  volume.OMVolumeCreateRequest (OMVolumeCreateRequest.java:validateAndUpdateCache(195)) - created volume:volume03882 for user:user26311
2022-06-16 16:18:28,112 [Time-limited test] INFO  rpc.RpcClient (RpcClient.java:createBucket(666)) - Creating Bucket: volume03882/bucket23805, with the Bucket Layout LEGACY, runner as owner, Versioning false, Storage Type set to DISK and Encryption set to false 
2022-06-16 16:18:28,115 [OM StateMachine ApplyTransaction Thread - 0] INFO  bucket.OMBucketCreateRequest (OMBucketCreateRequest.java:validateAndUpdateCache(260)) - created bucket: bucket23805 of layout LEGACY in volume: volume03882
16:18:28.244 [IPC Server handler 19 on default port 37419] ERROR OMAudit - user=runner | ip=127.0.0.1 | op=GET_FILE_STATUS {volume=volume03882, bucket=bucket23805, key=testBatchDelete, dataSize=0, replicationConfig=null} | ret=FAILURE
org.apache.hadoop.ozone.om.exceptions.OMException: Unable to get file status: volume: volume03882 bucket: bucket23805 key: testBatchDelete
	at org.apache.hadoop.ozone.om.KeyManagerImpl.getOzoneFileStatus(KeyManagerImpl.java:1283) ~[ozone-manager-1.3.0-SNAPSHOT.jar:?]
	at org.apache.hadoop.ozone.om.KeyManagerImpl.getFileStatus(KeyManagerImpl.java:1213) ~[ozone-manager-1.3.0-SNAPSHOT.jar:?]
	at org.apache.hadoop.ozone.om.OzoneManager.getFileStatus(OzoneManager.java:3419) ~[ozone-manager-1.3.0-SNAPSHOT.jar:?]
	at org.apache.hadoop.ozone.protocolPB.OzoneManagerRequestHandler.getOzoneFileStatus(OzoneManagerRequestHandler.java:871) ~[ozone-manager-1.3.0-SNAPSHOT.jar:?]
	at org.apache.hadoop.ozone.protocolPB.OzoneManagerRequestHandler.handleReadRequest(OzoneManagerRequestHandler.java:217) ~[ozone-manager-1.3.0-SNAPSHOT.jar:?]
	at org.apache.hadoop.ozone.protocolPB.OzoneManagerProtocolServerSideTranslatorPB.submitReadRequestToOM(OzoneManagerProtocolServerSideTranslatorPB.java:225) ~[ozone-manager-1.3.0-SNAPSHOT.jar:?]
	at org.apache.hadoop.ozone.protocolPB.OzoneManagerProtocolServerSideTranslatorPB.processRequest(OzoneManagerProtocolServerSideTranslatorPB.java:175) ~[ozone-manager-1.3.0-SNAPSHOT.jar:?]
	at org.apache.hadoop.hdds.server.OzoneProtocolMessageDispatcher.processRequest(OzoneProtocolMessageDispatcher.java:87) [hdds-server-framework-1.3.0-SNAPSHOT.jar:?]
	at org.apache.hadoop.ozone.protocolPB.OzoneManagerProtocolServerSideTranslatorPB.submitRequest(OzoneManagerProtocolServerSideTranslatorPB.java:147) [ozone-manager-1.3.0-SNAPSHOT.jar:?]
	at org.apache.hadoop.ozone.protocol.proto.OzoneManagerProtocolProtos$OzoneManagerService$2.callBlockingMethod(OzoneManagerProtocolProtos.java) [ozone-interface-client-1.3.0-SNAPSHOT.jar:?]
	at org.apache.hadoop.ipc.ProtobufRpcEngine$Server.processCall(ProtobufRpcEngine.java:466) [hadoop-common-3.3.1.jar:?]
	at org.apache.hadoop.ipc.ProtobufRpcEngine2$Server$ProtoBufRpcInvoker.call(ProtobufRpcEngine2.java:574) [hadoop-common-3.3.1.jar:?]
	at org.apache.hadoop.ipc.ProtobufRpcEngine2$Server$ProtoBufRpcInvoker.call(ProtobufRpcEngine2.java:552) [hadoop-common-3.3.1.jar:?]
	at org.apache.hadoop.ipc.RPC$Server.call(RPC.java:1093) [hadoop-common-3.3.1.jar:?]
	at org.apache.hadoop.ipc.Server$RpcCall.run(Server.java:1035) [hadoop-common-3.3.1.jar:?]
	at org.apache.hadoop.ipc.Server$RpcCall.run(Server.java:963) [hadoop-common-3.3.1.jar:?]
	at java.security.AccessController.doPrivileged(Native Method) ~[?:1.8.0_332]
	at javax.security.auth.Subject.doAs(Subject.java:422) [?:1.8.0_332]
	at org.apache.hadoop.security.UserGroupInformation.doAs(UserGroupInformation.java:1878) [hadoop-common-3.3.1.jar:?]
	at org.apache.hadoop.ipc.Server$Handler.run(Server.java:2966) [hadoop-common-3.3.1.jar:?]
16:18:28.245 [IPC Server handler 12 on default port 37419] ERROR OMAudit - user=runner | ip=127.0.0.1 | op=GET_FILE_STATUS {volume=volume03882, bucket=bucket23805, key=testBatchDelete/parent/child0, dataSize=0, replicationConfig=null} | ret=FAILURE
org.apache.hadoop.ozone.om.exceptions.OMException: Unable to get file status: volume: volume03882 bucket: bucket23805 key: testBatchDelete/parent/child0
	at org.apache.hadoop.ozone.om.KeyManagerImpl.getOzoneFileStatus(KeyManagerImpl.java:1283) ~[ozone-manager-1.3.0-SNAPSHOT.jar:?]
	at org.apache.hadoop.ozone.om.KeyManagerImpl.getFileStatus(KeyManagerImpl.java:1213) ~[ozone-manager-1.3.0-SNAPSHOT.jar:?]
	at org.apache.hadoop.ozone.om.OzoneManager.getFileStatus(OzoneManager.java:3419) ~[ozone-manager-1.3.0-SNAPSHOT.jar:?]
	at org.apache.hadoop.ozone.protocolPB.OzoneManagerRequestHandler.getOzoneFileStatus(OzoneManagerRequestHandler.java:871) ~[ozone-manager-1.3.0-SNAPSHOT.jar:?]
	at org.apache.hadoop.ozone.protocolPB.OzoneManagerRequestHandler.handleReadRequest(OzoneManagerRequestHandler.java:217) ~[ozone-manager-1.3.0-SNAPSHOT.jar:?]
	at org.apache.hadoop.ozone.protocolPB.OzoneManagerProtocolServerSideTranslatorPB.submitReadRequestToOM(OzoneManagerProtocolServerSideTranslatorPB.java:225) ~[ozone-manager-1.3.0-SNAPSHOT.jar:?]
	at org.apache.hadoop.ozone.protocolPB.OzoneManagerProtocolServerSideTranslatorPB.processRequest(OzoneManagerProtocolServerSideTranslatorPB.java:175) ~[ozone-manager-1.3.0-SNAPSHOT.jar:?]
	at org.apache.hadoop.hdds.server.OzoneProtocolMessageDispatcher.processRequest(OzoneProtocolMessageDispatcher.java:87) [hdds-server-framework-1.3.0-SNAPSHOT.jar:?]
	at org.apache.hadoop.ozone.protocolPB.OzoneManagerProtocolServerSideTranslatorPB.submitRequest(OzoneManagerProtocolServerSideTranslatorPB.java:147) [ozone-manager-1.3.0-SNAPSHOT.jar:?]
	at org.apache.hadoop.ozone.protocol.proto.OzoneManagerProtocolProtos$OzoneManagerService$2.callBlockingMethod(OzoneManagerProtocolProtos.java) [ozone-interface-client-1.3.0-SNAPSHOT.jar:?]
	at org.apache.hadoop.ipc.ProtobufRpcEngine$Server.processCall(ProtobufRpcEngine.java:466) [hadoop-common-3.3.1.jar:?]
	at org.apache.hadoop.ipc.ProtobufRpcEngine2$Server$ProtoBufRpcInvoker.call(ProtobufRpcEngine2.java:574) [hadoop-common-3.3.1.jar:?]
	at org.apache.hadoop.ipc.ProtobufRpcEngine2$Server$ProtoBufRpcInvoker.call(ProtobufRpcEngine2.java:552) [hadoop-common-3.3.1.jar:?]
	at org.apache.hadoop.ipc.RPC$Server.call(RPC.java:1093) [hadoop-common-3.3.1.jar:?]
	at org.apache.hadoop.ipc.Server$RpcCall.run(Server.java:1035) [hadoop-common-3.3.1.jar:?]
	at org.apache.hadoop.ipc.Server$RpcCall.run(Server.java:963) [hadoop-common-3.3.1.jar:?]
	at java.security.AccessController.doPrivileged(Native Method) ~[?:1.8.0_332]
	at javax.security.auth.Subject.doAs(Subject.java:422) [?:1.8.0_332]
	at org.apache.hadoop.security.UserGroupInformation.doAs(UserGroupInformation.java:1878) [hadoop-common-3.3.1.jar:?]
	at org.apache.hadoop.ipc.Server$Handler.run(Server.java:2966) [hadoop-common-3.3.1.jar:?]
16:18:28.247 [IPC Server handler 1 on default port 37419] ERROR OMAudit - user=runner | ip=127.0.0.1 | op=GET_FILE_STATUS {volume=volume03882, bucket=bucket23805, key=testBatchDelete/parent/childFolder/child0, dataSize=0, replicationConfig=null} | ret=FAILURE
org.apache.hadoop.ozone.om.exceptions.OMException: Unable to get file status: volume: volume03882 bucket: bucket23805 key: testBatchDelete/parent/childFolder/child0
	at org.apache.hadoop.ozone.om.KeyManagerImpl.getOzoneFileStatus(KeyManagerImpl.java:1283) ~[ozone-manager-1.3.0-SNAPSHOT.jar:?]
	at org.apache.hadoop.ozone.om.KeyManagerImpl.getFileStatus(KeyManagerImpl.java:1213) ~[ozone-manager-1.3.0-SNAPSHOT.jar:?]
	at org.apache.hadoop.ozone.om.OzoneManager.getFileStatus(OzoneManager.java:3419) ~[ozone-manager-1.3.0-SNAPSHOT.jar:?]
	at org.apache.hadoop.ozone.protocolPB.OzoneManagerRequestHandler.getOzoneFileStatus(OzoneManagerRequestHandler.java:871) ~[ozone-manager-1.3.0-SNAPSHOT.jar:?]
	at org.apache.hadoop.ozone.protocolPB.OzoneManagerRequestHandler.handleReadRequest(OzoneManagerRequestHandler.java:217) ~[ozone-manager-1.3.0-SNAPSHOT.jar:?]
	at org.apache.hadoop.ozone.protocolPB.OzoneManagerProtocolServerSideTranslatorPB.submitReadRequestToOM(OzoneManagerProtocolServerSideTranslatorPB.java:225) ~[ozone-manager-1.3.0-SNAPSHOT.jar:?]
	at org.apache.hadoop.ozone.protocolPB.OzoneManagerProtocolServerSideTranslatorPB.processRequest(OzoneManagerProtocolServerSideTranslatorPB.java:175) ~[ozone-manager-1.3.0-SNAPSHOT.jar:?]
	at org.apache.hadoop.hdds.server.OzoneProtocolMessageDispatcher.processRequest(OzoneProtocolMessageDispatcher.java:87) [hdds-server-framework-1.3.0-SNAPSHOT.jar:?]
	at org.apache.hadoop.ozone.protocolPB.OzoneManagerProtocolServerSideTranslatorPB.submitRequest(OzoneManagerProtocolServerSideTranslatorPB.java:147) [ozone-manager-1.3.0-SNAPSHOT.jar:?]
	at org.apache.hadoop.ozone.protocol.proto.OzoneManagerProtocolProtos$OzoneManagerService$2.callBlockingMethod(OzoneManagerProtocolProtos.java) [ozone-interface-client-1.3.0-SNAPSHOT.jar:?]
	at org.apache.hadoop.ipc.ProtobufRpcEngine$Server.processCall(ProtobufRpcEngine.java:466) [hadoop-common-3.3.1.jar:?]
	at org.apache.hadoop.ipc.ProtobufRpcEngine2$Server$ProtoBufRpcInvoker.call(ProtobufRpcEngine2.java:574) [hadoop-common-3.3.1.jar:?]
	at org.apache.hadoop.ipc.ProtobufRpcEngine2$Server$ProtoBufRpcInvoker.call(ProtobufRpcEngine2.java:552) [hadoop-common-3.3.1.jar:?]
	at org.apache.hadoop.ipc.RPC$Server.call(RPC.java:1093) [hadoop-common-3.3.1.jar:?]
	at org.apache.hadoop.ipc.Server$RpcCall.run(Server.java:1035) [hadoop-common-3.3.1.jar:?]
	at org.apache.hadoop.ipc.Server$RpcCall.run(Server.java:963) [hadoop-common-3.3.1.jar:?]
	at java.security.AccessController.doPrivileged(Native Method) ~[?:1.8.0_332]
	at javax.security.auth.Subject.doAs(Subject.java:422) [?:1.8.0_332]
	at org.apache.hadoop.security.UserGroupInformation.doAs(UserGroupInformation.java:1878) [hadoop-common-3.3.1.jar:?]
	at org.apache.hadoop.ipc.Server$Handler.run(Server.java:2966) [hadoop-common-3.3.1.jar:?]
16:18:28.248 [IPC Server handler 5 on default port 37419] ERROR OMAudit - user=runner | ip=127.0.0.1 | op=GET_FILE_STATUS {volume=volume03882, bucket=bucket23805, key=testBatchDelete/parent/child1, dataSize=0, replicationConfig=null} | ret=FAILURE
org.apache.hadoop.ozone.om.exceptions.OMException: Unable to get file status: volume: volume03882 bucket: bucket23805 key: testBatchDelete/parent/child1
	at org.apache.hadoop.ozone.om.KeyManagerImpl.getOzoneFileStatus(KeyManagerImpl.java:1283) ~[ozone-manager-1.3.0-SNAPSHOT.jar:?]
	at org.apache.hadoop.ozone.om.KeyManagerImpl.getFileStatus(KeyManagerImpl.java:1213) ~[ozone-manager-1.3.0-SNAPSHOT.jar:?]
	at org.apache.hadoop.ozone.om.OzoneManager.getFileStatus(OzoneManager.java:3419) ~[ozone-manager-1.3.0-SNAPSHOT.jar:?]
	at org.apache.hadoop.ozone.protocolPB.OzoneManagerRequestHandler.getOzoneFileStatus(OzoneManagerRequestHandler.java:871) ~[ozone-manager-1.3.0-SNAPSHOT.jar:?]
	at org.apache.hadoop.ozone.protocolPB.OzoneManagerRequestHandler.handleReadRequest(OzoneManagerRequestHandler.java:217) ~[ozone-manager-1.3.0-SNAPSHOT.jar:?]
	at org.apache.hadoop.ozone.protocolPB.OzoneManagerProtocolServerSideTranslatorPB.submitReadRequestToOM(OzoneManagerProtocolServerSideTranslatorPB.java:225) ~[ozone-manager-1.3.0-SNAPSHOT.jar:?]
	at org.apache.hadoop.ozone.protocolPB.OzoneManagerProtocolServerSideTranslatorPB.processRequest(OzoneManagerProtocolServerSideTranslatorPB.java:175) ~[ozone-manager-1.3.0-SNAPSHOT.jar:?]
	at org.apache.hadoop.hdds.server.OzoneProtocolMessageDispatcher.processRequest(OzoneProtocolMessageDispatcher.java:87) [hdds-server-framework-1.3.0-SNAPSHOT.jar:?]
	at org.apache.hadoop.ozone.protocolPB.OzoneManagerProtocolServerSideTranslatorPB.submitRequest(OzoneManagerProtocolServerSideTranslatorPB.java:147) [ozone-manager-1.3.0-SNAPSHOT.jar:?]
	at org.apache.hadoop.ozone.protocol.proto.OzoneManagerProtocolProtos$OzoneManagerService$2.callBlockingMethod(OzoneManagerProtocolProtos.java) [ozone-interface-client-1.3.0-SNAPSHOT.jar:?]
	at org.apache.hadoop.ipc.ProtobufRpcEngine$Server.processCall(ProtobufRpcEngine.java:466) [hadoop-common-3.3.1.jar:?]
	at org.apache.hadoop.ipc.ProtobufRpcEngine2$Server$ProtoBufRpcInvoker.call(ProtobufRpcEngine2.java:574) [hadoop-common-3.3.1.jar:?]
	at org.apache.hadoop.ipc.ProtobufRpcEngine2$Server$ProtoBufRpcInvoker.call(ProtobufRpcEngine2.java:552) [hadoop-common-3.3.1.jar:?]
	at org.apache.hadoop.ipc.RPC$Server.call(RPC.java:1093) [hadoop-common-3.3.1.jar:?]
	at org.apache.hadoop.ipc.Server$RpcCall.run(Server.java:1035) [hadoop-common-3.3.1.jar:?]
	at org.apache.hadoop.ipc.Server$RpcCall.run(Server.java:963) [hadoop-common-3.3.1.jar:?]
	at java.security.AccessController.doPrivileged(Native Method) ~[?:1.8.0_332]
	at javax.security.auth.Subject.doAs(Subject.java:422) [?:1.8.0_332]
	at org.apache.hadoop.security.UserGroupInformation.doAs(UserGroupInformation.java:1878) [hadoop-common-3.3.1.jar:?]
	at org.apache.hadoop.ipc.Server$Handler.run(Server.java:2966) [hadoop-common-3.3.1.jar:?]
16:18:28.250 [IPC Server handler 9 on default port 37419] ERROR OMAudit - user=runner | ip=127.0.0.1 | op=GET_FILE_STATUS {volume=volume03882, bucket=bucket23805, key=testBatchDelete/parent/childFolder/child1, dataSize=0, replicationConfig=null} | ret=FAILURE
org.apache.hadoop.ozone.om.exceptions.OMException: Unable to get file status: volume: volume03882 bucket: bucket23805 key: testBatchDelete/parent/childFolder/child1
	at org.apache.hadoop.ozone.om.KeyManagerImpl.getOzoneFileStatus(KeyManagerImpl.java:1283) ~[ozone-manager-1.3.0-SNAPSHOT.jar:?]
	at org.apache.hadoop.ozone.om.KeyManagerImpl.getFileStatus(KeyManagerImpl.java:1213) ~[ozone-manager-1.3.0-SNAPSHOT.jar:?]
	at org.apache.hadoop.ozone.om.OzoneManager.getFileStatus(OzoneManager.java:3419) ~[ozone-manager-1.3.0-SNAPSHOT.jar:?]
	at org.apache.hadoop.ozone.protocolPB.OzoneManagerRequestHandler.getOzoneFileStatus(OzoneManagerRequestHandler.java:871) ~[ozone-manager-1.3.0-SNAPSHOT.jar:?]
	at org.apache.hadoop.ozone.protocolPB.OzoneManagerRequestHandler.handleReadRequest(OzoneManagerRequestHandler.java:217) ~[ozone-manager-1.3.0-SNAPSHOT.jar:?]
	at org.apache.hadoop.ozone.protocolPB.OzoneManagerProtocolServerSideTranslatorPB.submitReadRequestToOM(OzoneManagerProtocolServerSideTranslatorPB.java:225) ~[ozone-manager-1.3.0-SNAPSHOT.jar:?]
	at org.apache.hadoop.ozone.protocolPB.OzoneManagerProtocolServerSideTranslatorPB.processRequest(OzoneManagerProtocolServerSideTranslatorPB.java:175) ~[ozone-manager-1.3.0-SNAPSHOT.jar:?]
	at org.apache.hadoop.hdds.server.OzoneProtocolMessageDispatcher.processRequest(OzoneProtocolMessageDispatcher.java:87) [hdds-server-framework-1.3.0-SNAPSHOT.jar:?]
	at org.apache.hadoop.ozone.protocolPB.OzoneManagerProtocolServerSideTranslatorPB.submitRequest(OzoneManagerProtocolServerSideTranslatorPB.java:147) [ozone-manager-1.3.0-SNAPSHOT.jar:?]
	at org.apache.hadoop.ozone.protocol.proto.OzoneManagerProtocolProtos$OzoneManagerService$2.callBlockingMethod(OzoneManagerProtocolProtos.java) [ozone-interface-client-1.3.0-SNAPSHOT.jar:?]
	at org.apache.hadoop.ipc.ProtobufRpcEngine$Server.processCall(ProtobufRpcEngine.java:466) [hadoop-common-3.3.1.jar:?]
	at org.apache.hadoop.ipc.ProtobufRpcEngine2$Server$ProtoBufRpcInvoker.call(ProtobufRpcEngine2.java:574) [hadoop-common-3.3.1.jar:?]
	at org.apache.hadoop.ipc.ProtobufRpcEngine2$Server$ProtoBufRpcInvoker.call(ProtobufRpcEngine2.java:552) [hadoop-common-3.3.1.jar:?]
	at org.apache.hadoop.ipc.RPC$Server.call(RPC.java:1093) [hadoop-common-3.3.1.jar:?]
	at org.apache.hadoop.ipc.Server$RpcCall.run(Server.java:1035) [hadoop-common-3.3.1.jar:?]
	at org.apache.hadoop.ipc.Server$RpcCall.run(Server.java:963) [hadoop-common-3.3.1.jar:?]
	at java.security.AccessController.doPrivileged(Native Method) ~[?:1.8.0_332]
	at javax.security.auth.Subject.doAs(Subject.java:422) [?:1.8.0_332]
	at org.apache.hadoop.security.UserGroupInformation.doAs(UserGroupInformation.java:1878) [hadoop-common-3.3.1.jar:?]
	at org.apache.hadoop.ipc.Server$Handler.run(Server.java:2966) [hadoop-common-3.3.1.jar:?]
16:18:28.251 [IPC Server handler 4 on default port 37419] ERROR OMAudit - user=runner | ip=127.0.0.1 | op=GET_FILE_STATUS {volume=volume03882, bucket=bucket23805, key=testBatchDelete/parent/child2, dataSize=0, replicationConfig=null} | ret=FAILURE
org.apache.hadoop.ozone.om.exceptions.OMException: Unable to get file status: volume: volume03882 bucket: bucket23805 key: testBatchDelete/parent/child2
	at org.apache.hadoop.ozone.om.KeyManagerImpl.getOzoneFileStatus(KeyManagerImpl.java:1283) ~[ozone-manager-1.3.0-SNAPSHOT.jar:?]
	at org.apache.hadoop.ozone.om.KeyManagerImpl.getFileStatus(KeyManagerImpl.java:1213) ~[ozone-manager-1.3.0-SNAPSHOT.jar:?]
	at org.apache.hadoop.ozone.om.OzoneManager.getFileStatus(OzoneManager.java:3419) ~[ozone-manager-1.3.0-SNAPSHOT.jar:?]
	at org.apache.hadoop.ozone.protocolPB.OzoneManagerRequestHandler.getOzoneFileStatus(OzoneManagerRequestHandler.java:871) ~[ozone-manager-1.3.0-SNAPSHOT.jar:?]
	at org.apache.hadoop.ozone.protocolPB.OzoneManagerRequestHandler.handleReadRequest(OzoneManagerRequestHandler.java:217) ~[ozone-manager-1.3.0-SNAPSHOT.jar:?]
	at org.apache.hadoop.ozone.protocolPB.OzoneManagerProtocolServerSideTranslatorPB.submitReadRequestToOM(OzoneManagerProtocolServerSideTranslatorPB.java:225) ~[ozone-manager-1.3.0-SNAPSHOT.jar:?]
	at org.apache.hadoop.ozone.protocolPB.OzoneManagerProtocolServerSideTranslatorPB.processRequest(OzoneManagerProtocolServerSideTranslatorPB.java:175) ~[ozone-manager-1.3.0-SNAPSHOT.jar:?]
	at org.apache.hadoop.hdds.server.OzoneProtocolMessageDispatcher.processRequest(OzoneProtocolMessageDispatcher.java:87) [hdds-server-framework-1.3.0-SNAPSHOT.jar:?]
	at org.apache.hadoop.ozone.protocolPB.OzoneManagerProtocolServerSideTranslatorPB.submitRequest(OzoneManagerProtocolServerSideTranslatorPB.java:147) [ozone-manager-1.3.0-SNAPSHOT.jar:?]
	at org.apache.hadoop.ozone.protocol.proto.OzoneManagerProtocolProtos$OzoneManagerService$2.callBlockingMethod(OzoneManagerProtocolProtos.java) [ozone-interface-client-1.3.0-SNAPSHOT.jar:?]
	at org.apache.hadoop.ipc.ProtobufRpcEngine$Server.processCall(ProtobufRpcEngine.java:466) [hadoop-common-3.3.1.jar:?]
	at org.apache.hadoop.ipc.ProtobufRpcEngine2$Server$ProtoBufRpcInvoker.call(ProtobufRpcEngine2.java:574) [hadoop-common-3.3.1.jar:?]
	at org.apache.hadoop.ipc.ProtobufRpcEngine2$Server$ProtoBufRpcInvoker.call(ProtobufRpcEngine2.java:552) [hadoop-common-3.3.1.jar:?]
	at org.apache.hadoop.ipc.RPC$Server.call(RPC.java:1093) [hadoop-common-3.3.1.jar:?]
	at org.apache.hadoop.ipc.Server$RpcCall.run(Server.java:1035) [hadoop-common-3.3.1.jar:?]
	at org.apache.hadoop.ipc.Server$RpcCall.run(Server.java:963) [hadoop-common-3.3.1.jar:?]
	at java.security.AccessController.doPrivileged(Native Method) ~[?:1.8.0_332]
	at javax.security.auth.Subject.doAs(Subject.java:422) [?:1.8.0_332]
	at org.apache.hadoop.security.UserGroupInformation.doAs(UserGroupInformation.java:1878) [hadoop-common-3.3.1.jar:?]
	at org.apache.hadoop.ipc.Server$Handler.run(Server.java:2966) [hadoop-common-3.3.1.jar:?]
16:18:28.252 [IPC Server handler 17 on default port 37419] ERROR OMAudit - user=runner | ip=127.0.0.1 | op=GET_FILE_STATUS {volume=volume03882, bucket=bucket23805, key=testBatchDelete/parent/childFolder/child2, dataSize=0, replicationConfig=null} | ret=FAILURE
org.apache.hadoop.ozone.om.exceptions.OMException: Unable to get file status: volume: volume03882 bucket: bucket23805 key: testBatchDelete/parent/childFolder/child2
	at org.apache.hadoop.ozone.om.KeyManagerImpl.getOzoneFileStatus(KeyManagerImpl.java:1283) ~[ozone-manager-1.3.0-SNAPSHOT.jar:?]
	at org.apache.hadoop.ozone.om.KeyManagerImpl.getFileStatus(KeyManagerImpl.java:1213) ~[ozone-manager-1.3.0-SNAPSHOT.jar:?]
	at org.apache.hadoop.ozone.om.OzoneManager.getFileStatus(OzoneManager.java:3419) ~[ozone-manager-1.3.0-SNAPSHOT.jar:?]
	at org.apache.hadoop.ozone.protocolPB.OzoneManagerRequestHandler.getOzoneFileStatus(OzoneManagerRequestHandler.java:871) ~[ozone-manager-1.3.0-SNAPSHOT.jar:?]
	at org.apache.hadoop.ozone.protocolPB.OzoneManagerRequestHandler.handleReadRequest(OzoneManagerRequestHandler.java:217) ~[ozone-manager-1.3.0-SNAPSHOT.jar:?]
	at org.apache.hadoop.ozone.protocolPB.OzoneManagerProtocolServerSideTranslatorPB.submitReadRequestToOM(OzoneManagerProtocolServerSideTranslatorPB.java:225) ~[ozone-manager-1.3.0-SNAPSHOT.jar:?]
	at org.apache.hadoop.ozone.protocolPB.OzoneManagerProtocolServerSideTranslatorPB.processRequest(OzoneManagerProtocolServerSideTranslatorPB.java:175) ~[ozone-manager-1.3.0-SNAPSHOT.jar:?]
	at org.apache.hadoop.hdds.server.OzoneProtocolMessageDispatcher.processRequest(OzoneProtocolMessageDispatcher.java:87) [hdds-server-framework-1.3.0-SNAPSHOT.jar:?]
	at org.apache.hadoop.ozone.protocolPB.OzoneManagerProtocolServerSideTranslatorPB.submitRequest(OzoneManagerProtocolServerSideTranslatorPB.java:147) [ozone-manager-1.3.0-SNAPSHOT.jar:?]
	at org.apache.hadoop.ozone.protocol.proto.OzoneManagerProtocolProtos$OzoneManagerService$2.callBlockingMethod(OzoneManagerProtocolProtos.java) [ozone-interface-client-1.3.0-SNAPSHOT.jar:?]
	at org.apache.hadoop.ipc.ProtobufRpcEngine$Server.processCall(ProtobufRpcEngine.java:466) [hadoop-common-3.3.1.jar:?]
	at org.apache.hadoop.ipc.ProtobufRpcEngine2$Server$ProtoBufRpcInvoker.call(ProtobufRpcEngine2.java:574) [hadoop-common-3.3.1.jar:?]
	at org.apache.hadoop.ipc.ProtobufRpcEngine2$Server$ProtoBufRpcInvoker.call(ProtobufRpcEngine2.java:552) [hadoop-common-3.3.1.jar:?]
	at org.apache.hadoop.ipc.RPC$Server.call(RPC.java:1093) [hadoop-common-3.3.1.jar:?]
	at org.apache.hadoop.ipc.Server$RpcCall.run(Server.java:1035) [hadoop-common-3.3.1.jar:?]
	at org.apache.hadoop.ipc.Server$RpcCall.run(Server.java:963) [hadoop-common-3.3.1.jar:?]
	at java.security.AccessController.doPrivileged(Native Method) ~[?:1.8.0_332]
	at javax.security.auth.Subject.doAs(Subject.java:422) [?:1.8.0_332]
	at org.apache.hadoop.security.UserGroupInformation.doAs(UserGroupInformation.java:1878) [hadoop-common-3.3.1.jar:?]
	at org.apache.hadoop.ipc.Server$Handler.run(Server.java:2966) [hadoop-common-3.3.1.jar:?]
16:18:28.253 [IPC Server handler 10 on default port 37419] ERROR OMAudit - user=runner | ip=127.0.0.1 | op=GET_FILE_STATUS {volume=volume03882, bucket=bucket23805, key=testBatchDelete/parent/child3, dataSize=0, replicationConfig=null} | ret=FAILURE
org.apache.hadoop.ozone.om.exceptions.OMException: Unable to get file status: volume: volume03882 bucket: bucket23805 key: testBatchDelete/parent/child3
	at org.apache.hadoop.ozone.om.KeyManagerImpl.getOzoneFileStatus(KeyManagerImpl.java:1283) ~[ozone-manager-1.3.0-SNAPSHOT.jar:?]
	at org.apache.hadoop.ozone.om.KeyManagerImpl.getFileStatus(KeyManagerImpl.java:1213) ~[ozone-manager-1.3.0-SNAPSHOT.jar:?]
	at org.apache.hadoop.ozone.om.OzoneManager.getFileStatus(OzoneManager.java:3419) ~[ozone-manager-1.3.0-SNAPSHOT.jar:?]
	at org.apache.hadoop.ozone.protocolPB.OzoneManagerRequestHandler.getOzoneFileStatus(OzoneManagerRequestHandler.java:871) ~[ozone-manager-1.3.0-SNAPSHOT.jar:?]
	at org.apache.hadoop.ozone.protocolPB.OzoneManagerRequestHandler.handleReadRequest(OzoneManagerRequestHandler.java:217) ~[ozone-manager-1.3.0-SNAPSHOT.jar:?]
	at org.apache.hadoop.ozone.protocolPB.OzoneManagerProtocolServerSideTranslatorPB.submitReadRequestToOM(OzoneManagerProtocolServerSideTranslatorPB.java:225) ~[ozone-manager-1.3.0-SNAPSHOT.jar:?]
	at org.apache.hadoop.ozone.protocolPB.OzoneManagerProtocolServerSideTranslatorPB.processRequest(OzoneManagerProtocolServerSideTranslatorPB.java:175) ~[ozone-manager-1.3.0-SNAPSHOT.jar:?]
	at org.apache.hadoop.hdds.server.OzoneProtocolMessageDispatcher.processRequest(OzoneProtocolMessageDispatcher.java:87) [hdds-server-framework-1.3.0-SNAPSHOT.jar:?]
	at org.apache.hadoop.ozone.protocolPB.OzoneManagerProtocolServerSideTranslatorPB.submitRequest(OzoneManagerProtocolServerSideTranslatorPB.java:147) [ozone-manager-1.3.0-SNAPSHOT.jar:?]
	at org.apache.hadoop.ozone.protocol.proto.OzoneManagerProtocolProtos$OzoneManagerService$2.callBlockingMethod(OzoneManagerProtocolProtos.java) [ozone-interface-client-1.3.0-SNAPSHOT.jar:?]
	at org.apache.hadoop.ipc.ProtobufRpcEngine$Server.processCall(ProtobufRpcEngine.java:466) [hadoop-common-3.3.1.jar:?]
	at org.apache.hadoop.ipc.ProtobufRpcEngine2$Server$ProtoBufRpcInvoker.call(ProtobufRpcEngine2.java:574) [hadoop-common-3.3.1.jar:?]
	at org.apache.hadoop.ipc.ProtobufRpcEngine2$Server$ProtoBufRpcInvoker.call(ProtobufRpcEngine2.java:552) [hadoop-common-3.3.1.jar:?]
	at org.apache.hadoop.ipc.RPC$Server.call(RPC.java:1093) [hadoop-common-3.3.1.jar:?]
	at org.apache.hadoop.ipc.Server$RpcCall.run(Server.java:1035) [hadoop-common-3.3.1.jar:?]
	at org.apache.hadoop.ipc.Server$RpcCall.run(Server.java:963) [hadoop-common-3.3.1.jar:?]
	at java.security.AccessController.doPrivileged(Native Method) ~[?:1.8.0_332]
	at javax.security.auth.Subject.doAs(Subject.java:422) [?:1.8.0_332]
	at org.apache.hadoop.security.UserGroupInformation.doAs(UserGroupInformation.java:1878) [hadoop-common-3.3.1.jar:?]
	at org.apache.hadoop.ipc.Server$Handler.run(Server.java:2966) [hadoop-common-3.3.1.jar:?]
16:18:28.255 [IPC Server handler 15 on default port 37419] ERROR OMAudit - user=runner | ip=127.0.0.1 | op=GET_FILE_STATUS {volume=volume03882, bucket=bucket23805, key=testBatchDelete/parent/childFolder/child3, dataSize=0, replicationConfig=null} | ret=FAILURE
org.apache.hadoop.ozone.om.exceptions.OMException: Unable to get file status: volume: volume03882 bucket: bucket23805 key: testBatchDelete/parent/childFolder/child3
	at org.apache.hadoop.ozone.om.KeyManagerImpl.getOzoneFileStatus(KeyManagerImpl.java:1283) ~[ozone-manager-1.3.0-SNAPSHOT.jar:?]
	at org.apache.hadoop.ozone.om.KeyManagerImpl.getFileStatus(KeyManagerImpl.java:1213) ~[ozone-manager-1.3.0-SNAPSHOT.jar:?]
	at org.apache.hadoop.ozone.om.OzoneManager.getFileStatus(OzoneManager.java:3419) ~[ozone-manager-1.3.0-SNAPSHOT.jar:?]
	at org.apache.hadoop.ozone.protocolPB.OzoneManagerRequestHandler.getOzoneFileStatus(OzoneManagerRequestHandler.java:871) ~[ozone-manager-1.3.0-SNAPSHOT.jar:?]
	at org.apache.hadoop.ozone.protocolPB.OzoneManagerRequestHandler.handleReadRequest(OzoneManagerRequestHandler.java:217) ~[ozone-manager-1.3.0-SNAPSHOT.jar:?]
	at org.apache.hadoop.ozone.protocolPB.OzoneManagerProtocolServerSideTranslatorPB.submitReadRequestToOM(OzoneManagerProtocolServerSideTranslatorPB.java:225) ~[ozone-manager-1.3.0-SNAPSHOT.jar:?]
	at org.apache.hadoop.ozone.protocolPB.OzoneManagerProtocolServerSideTranslatorPB.processRequest(OzoneManagerProtocolServerSideTranslatorPB.java:175) ~[ozone-manager-1.3.0-SNAPSHOT.jar:?]
	at org.apache.hadoop.hdds.server.OzoneProtocolMessageDispatcher.processRequest(OzoneProtocolMessageDispatcher.java:87) [hdds-server-framework-1.3.0-SNAPSHOT.jar:?]
	at org.apache.hadoop.ozone.protocolPB.OzoneManagerProtocolServerSideTranslatorPB.submitRequest(OzoneManagerProtocolServerSideTranslatorPB.java:147) [ozone-manager-1.3.0-SNAPSHOT.jar:?]
	at org.apache.hadoop.ozone.protocol.proto.OzoneManagerProtocolProtos$OzoneManagerService$2.callBlockingMethod(OzoneManagerProtocolProtos.java) [ozone-interface-client-1.3.0-SNAPSHOT.jar:?]
	at org.apache.hadoop.ipc.ProtobufRpcEngine$Server.processCall(ProtobufRpcEngine.java:466) [hadoop-common-3.3.1.jar:?]
	at org.apache.hadoop.ipc.ProtobufRpcEngine2$Server$ProtoBufRpcInvoker.call(ProtobufRpcEngine2.java:574) [hadoop-common-3.3.1.jar:?]
	at org.apache.hadoop.ipc.ProtobufRpcEngine2$Server$ProtoBufRpcInvoker.call(ProtobufRpcEngine2.java:552) [hadoop-common-3.3.1.jar:?]
	at org.apache.hadoop.ipc.RPC$Server.call(RPC.java:1093) [hadoop-common-3.3.1.jar:?]
	at org.apache.hadoop.ipc.Server$RpcCall.run(Server.java:1035) [hadoop-common-3.3.1.jar:?]
	at org.apache.hadoop.ipc.Server$RpcCall.run(Server.java:963) [hadoop-common-3.3.1.jar:?]
	at java.security.AccessController.doPrivileged(Native Method) ~[?:1.8.0_332]
	at javax.security.auth.Subject.doAs(Subject.java:422) [?:1.8.0_332]
	at org.apache.hadoop.security.UserGroupInformation.doAs(UserGroupInformation.java:1878) [hadoop-common-3.3.1.jar:?]
	at org.apache.hadoop.ipc.Server$Handler.run(Server.java:2966) [hadoop-common-3.3.1.jar:?]
16:18:28.256 [IPC Server handler 13 on default port 37419] ERROR OMAudit - user=runner | ip=127.0.0.1 | op=GET_FILE_STATUS {volume=volume03882, bucket=bucket23805, key=testBatchDelete/parent/child4, dataSize=0, replicationConfig=null} | ret=FAILURE
org.apache.hadoop.ozone.om.exceptions.OMException: Unable to get file status: volume: volume03882 bucket: bucket23805 key: testBatchDelete/parent/child4
	at org.apache.hadoop.ozone.om.KeyManagerImpl.getOzoneFileStatus(KeyManagerImpl.java:1283) ~[ozone-manager-1.3.0-SNAPSHOT.jar:?]
	at org.apache.hadoop.ozone.om.KeyManagerImpl.getFileStatus(KeyManagerImpl.java:1213) ~[ozone-manager-1.3.0-SNAPSHOT.jar:?]
	at org.apache.hadoop.ozone.om.OzoneManager.getFileStatus(OzoneManager.java:3419) ~[ozone-manager-1.3.0-SNAPSHOT.jar:?]
	at org.apache.hadoop.ozone.protocolPB.OzoneManagerRequestHandler.getOzoneFileStatus(OzoneManagerRequestHandler.java:871) ~[ozone-manager-1.3.0-SNAPSHOT.jar:?]
	at org.apache.hadoop.ozone.protocolPB.OzoneManagerRequestHandler.handleReadRequest(OzoneManagerRequestHandler.java:217) ~[ozone-manager-1.3.0-SNAPSHOT.jar:?]
	at org.apache.hadoop.ozone.protocolPB.OzoneManagerProtocolServerSideTranslatorPB.submitReadRequestToOM(OzoneManagerProtocolServerSideTranslatorPB.java:225) ~[ozone-manager-1.3.0-SNAPSHOT.jar:?]
	at org.apache.hadoop.ozone.protocolPB.OzoneManagerProtocolServerSideTranslatorPB.processRequest(OzoneManagerProtocolServerSideTranslatorPB.java:175) ~[ozone-manager-1.3.0-SNAPSHOT.jar:?]
	at org.apache.hadoop.hdds.server.OzoneProtocolMessageDispatcher.processRequest(OzoneProtocolMessageDispatcher.java:87) [hdds-server-framework-1.3.0-SNAPSHOT.jar:?]
	at org.apache.hadoop.ozone.protocolPB.OzoneManagerProtocolServerSideTranslatorPB.submitRequest(OzoneManagerProtocolServerSideTranslatorPB.java:147) [ozone-manager-1.3.0-SNAPSHOT.jar:?]
	at org.apache.hadoop.ozone.protocol.proto.OzoneManagerProtocolProtos$OzoneManagerService$2.callBlockingMethod(OzoneManagerProtocolProtos.java) [ozone-interface-client-1.3.0-SNAPSHOT.jar:?]
	at org.apache.hadoop.ipc.ProtobufRpcEngine$Server.processCall(ProtobufRpcEngine.java:466) [hadoop-common-3.3.1.jar:?]
	at org.apache.hadoop.ipc.ProtobufRpcEngine2$Server$ProtoBufRpcInvoker.call(ProtobufRpcEngine2.java:574) [hadoop-common-3.3.1.jar:?]
	at org.apache.hadoop.ipc.ProtobufRpcEngine2$Server$ProtoBufRpcInvoker.call(ProtobufRpcEngine2.java:552) [hadoop-common-3.3.1.jar:?]
	at org.apache.hadoop.ipc.RPC$Server.call(RPC.java:1093) [hadoop-common-3.3.1.jar:?]
	at org.apache.hadoop.ipc.Server$RpcCall.run(Server.java:1035) [hadoop-common-3.3.1.jar:?]
	at org.apache.hadoop.ipc.Server$RpcCall.run(Server.java:963) [hadoop-common-3.3.1.jar:?]
	at java.security.AccessController.doPrivileged(Native Method) ~[?:1.8.0_332]
	at javax.security.auth.Subject.doAs(Subject.java:422) [?:1.8.0_332]
	at org.apache.hadoop.security.UserGroupInformation.doAs(UserGroupInformation.java:1878) [hadoop-common-3.3.1.jar:?]
	at org.apache.hadoop.ipc.Server$Handler.run(Server.java:2966) [hadoop-common-3.3.1.jar:?]
16:18:28.257 [IPC Server handler 19 on default port 37419] ERROR OMAudit - user=runner | ip=127.0.0.1 | op=GET_FILE_STATUS {volume=volume03882, bucket=bucket23805, key=testBatchDelete/parent/childFolder/child4, dataSize=0, replicationConfig=null} | ret=FAILURE
org.apache.hadoop.ozone.om.exceptions.OMException: Unable to get file status: volume: volume03882 bucket: bucket23805 key: testBatchDelete/parent/childFolder/child4
	at org.apache.hadoop.ozone.om.KeyManagerImpl.getOzoneFileStatus(KeyManagerImpl.java:1283) ~[ozone-manager-1.3.0-SNAPSHOT.jar:?]
	at org.apache.hadoop.ozone.om.KeyManagerImpl.getFileStatus(KeyManagerImpl.java:1213) ~[ozone-manager-1.3.0-SNAPSHOT.jar:?]
	at org.apache.hadoop.ozone.om.OzoneManager.getFileStatus(OzoneManager.java:3419) ~[ozone-manager-1.3.0-SNAPSHOT.jar:?]
	at org.apache.hadoop.ozone.protocolPB.OzoneManagerRequestHandler.getOzoneFileStatus(OzoneManagerRequestHandler.java:871) ~[ozone-manager-1.3.0-SNAPSHOT.jar:?]
	at org.apache.hadoop.ozone.protocolPB.OzoneManagerRequestHandler.handleReadRequest(OzoneManagerRequestHandler.java:217) ~[ozone-manager-1.3.0-SNAPSHOT.jar:?]
	at org.apache.hadoop.ozone.protocolPB.OzoneManagerProtocolServerSideTranslatorPB.submitReadRequestToOM(OzoneManagerProtocolServerSideTranslatorPB.java:225) ~[ozone-manager-1.3.0-SNAPSHOT.jar:?]
	at org.apache.hadoop.ozone.protocolPB.OzoneManagerProtocolServerSideTranslatorPB.processRequest(OzoneManagerProtocolServerSideTranslatorPB.java:175) ~[ozone-manager-1.3.0-SNAPSHOT.jar:?]
	at org.apache.hadoop.hdds.server.OzoneProtocolMessageDispatcher.processRequest(OzoneProtocolMessageDispatcher.java:87) [hdds-server-framework-1.3.0-SNAPSHOT.jar:?]
	at org.apache.hadoop.ozone.protocolPB.OzoneManagerProtocolServerSideTranslatorPB.submitRequest(OzoneManagerProtocolServerSideTranslatorPB.java:147) [ozone-manager-1.3.0-SNAPSHOT.jar:?]
	at org.apache.hadoop.ozone.protocol.proto.OzoneManagerProtocolProtos$OzoneManagerService$2.callBlockingMethod(OzoneManagerProtocolProtos.java) [ozone-interface-client-1.3.0-SNAPSHOT.jar:?]
	at org.apache.hadoop.ipc.ProtobufRpcEngine$Server.processCall(ProtobufRpcEngine.java:466) [hadoop-common-3.3.1.jar:?]
	at org.apache.hadoop.ipc.ProtobufRpcEngine2$Server$ProtoBufRpcInvoker.call(ProtobufRpcEngine2.java:574) [hadoop-common-3.3.1.jar:?]
	at org.apache.hadoop.ipc.ProtobufRpcEngine2$Server$ProtoBufRpcInvoker.call(ProtobufRpcEngine2.java:552) [hadoop-common-3.3.1.jar:?]
	at org.apache.hadoop.ipc.RPC$Server.call(RPC.java:1093) [hadoop-common-3.3.1.jar:?]
	at org.apache.hadoop.ipc.Server$RpcCall.run(Server.java:1035) [hadoop-common-3.3.1.jar:?]
	at org.apache.hadoop.ipc.Server$RpcCall.run(Server.java:963) [hadoop-common-3.3.1.jar:?]
	at java.security.AccessController.doPrivileged(Native Method) ~[?:1.8.0_332]
	at javax.security.auth.Subject.doAs(Subject.java:422) [?:1.8.0_332]
	at org.apache.hadoop.security.UserGroupInformation.doAs(UserGroupInformation.java:1878) [hadoop-common-3.3.1.jar:?]
	at org.apache.hadoop.ipc.Server$Handler.run(Server.java:2966) [hadoop-common-3.3.1.jar:?]
16:18:28.259 [IPC Server handler 12 on default port 37419] ERROR OMAudit - user=runner | ip=127.0.0.1 | op=GET_FILE_STATUS {volume=volume03882, bucket=bucket23805, key=testBatchDelete/parent/child5, dataSize=0, replicationConfig=null} | ret=FAILURE
org.apache.hadoop.ozone.om.exceptions.OMException: Unable to get file status: volume: volume03882 bucket: bucket23805 key: testBatchDelete/parent/child5
	at org.apache.hadoop.ozone.om.KeyManagerImpl.getOzoneFileStatus(KeyManagerImpl.java:1283) ~[ozone-manager-1.3.0-SNAPSHOT.jar:?]
	at org.apache.hadoop.ozone.om.KeyManagerImpl.getFileStatus(KeyManagerImpl.java:1213) ~[ozone-manager-1.3.0-SNAPSHOT.jar:?]
	at org.apache.hadoop.ozone.om.OzoneManager.getFileStatus(OzoneManager.java:3419) ~[ozone-manager-1.3.0-SNAPSHOT.jar:?]
	at org.apache.hadoop.ozone.protocolPB.OzoneManagerRequestHandler.getOzoneFileStatus(OzoneManagerRequestHandler.java:871) ~[ozone-manager-1.3.0-SNAPSHOT.jar:?]
	at org.apache.hadoop.ozone.protocolPB.OzoneManagerRequestHandler.handleReadRequest(OzoneManagerRequestHandler.java:217) ~[ozone-manager-1.3.0-SNAPSHOT.jar:?]
	at org.apache.hadoop.ozone.protocolPB.OzoneManagerProtocolServerSideTranslatorPB.submitReadRequestToOM(OzoneManagerProtocolServerSideTranslatorPB.java:225) ~[ozone-manager-1.3.0-SNAPSHOT.jar:?]
	at org.apache.hadoop.ozone.protocolPB.OzoneManagerProtocolServerSideTranslatorPB.processRequest(OzoneManagerProtocolServerSideTranslatorPB.java:175) ~[ozone-manager-1.3.0-SNAPSHOT.jar:?]
	at org.apache.hadoop.hdds.server.OzoneProtocolMessageDispatcher.processRequest(OzoneProtocolMessageDispatcher.java:87) [hdds-server-framework-1.3.0-SNAPSHOT.jar:?]
	at org.apache.hadoop.ozone.protocolPB.OzoneManagerProtocolServerSideTranslatorPB.submitRequest(OzoneManagerProtocolServerSideTranslatorPB.java:147) [ozone-manager-1.3.0-SNAPSHOT.jar:?]
	at org.apache.hadoop.ozone.protocol.proto.OzoneManagerProtocolProtos$OzoneManagerService$2.callBlockingMethod(OzoneManagerProtocolProtos.java) [ozone-interface-client-1.3.0-SNAPSHOT.jar:?]
	at org.apache.hadoop.ipc.ProtobufRpcEngine$Server.processCall(ProtobufRpcEngine.java:466) [hadoop-common-3.3.1.jar:?]
	at org.apache.hadoop.ipc.ProtobufRpcEngine2$Server$ProtoBufRpcInvoker.call(ProtobufRpcEngine2.java:574) [hadoop-common-3.3.1.jar:?]
	at org.apache.hadoop.ipc.ProtobufRpcEngine2$Server$ProtoBufRpcInvoker.call(ProtobufRpcEngine2.java:552) [hadoop-common-3.3.1.jar:?]
	at org.apache.hadoop.ipc.RPC$Server.call(RPC.java:1093) [hadoop-common-3.3.1.jar:?]
	at org.apache.hadoop.ipc.Server$RpcCall.run(Server.java:1035) [hadoop-common-3.3.1.jar:?]
	at org.apache.hadoop.ipc.Server$RpcCall.run(Server.java:963) [hadoop-common-3.3.1.jar:?]
	at java.security.AccessController.doPrivileged(Native Method) ~[?:1.8.0_332]
	at javax.security.auth.Subject.doAs(Subject.java:422) [?:1.8.0_332]
	at org.apache.hadoop.security.UserGroupInformation.doAs(UserGroupInformation.java:1878) [hadoop-common-3.3.1.jar:?]
	at org.apache.hadoop.ipc.Server$Handler.run(Server.java:2966) [hadoop-common-3.3.1.jar:?]
16:18:28.260 [IPC Server handler 1 on default port 37419] ERROR OMAudit - user=runner | ip=127.0.0.1 | op=GET_FILE_STATUS {volume=volume03882, bucket=bucket23805, key=testBatchDelete/parent/childFolder/child5, dataSize=0, replicationConfig=null} | ret=FAILURE
org.apache.hadoop.ozone.om.exceptions.OMException: Unable to get file status: volume: volume03882 bucket: bucket23805 key: testBatchDelete/parent/childFolder/child5
	at org.apache.hadoop.ozone.om.KeyManagerImpl.getOzoneFileStatus(KeyManagerImpl.java:1283) ~[ozone-manager-1.3.0-SNAPSHOT.jar:?]
	at org.apache.hadoop.ozone.om.KeyManagerImpl.getFileStatus(KeyManagerImpl.java:1213) ~[ozone-manager-1.3.0-SNAPSHOT.jar:?]
	at org.apache.hadoop.ozone.om.OzoneManager.getFileStatus(OzoneManager.java:3419) ~[ozone-manager-1.3.0-SNAPSHOT.jar:?]
	at org.apache.hadoop.ozone.protocolPB.OzoneManagerRequestHandler.getOzoneFileStatus(OzoneManagerRequestHandler.java:871) ~[ozone-manager-1.3.0-SNAPSHOT.jar:?]
	at org.apache.hadoop.ozone.protocolPB.OzoneManagerRequestHandler.handleReadRequest(OzoneManagerRequestHandler.java:217) ~[ozone-manager-1.3.0-SNAPSHOT.jar:?]
	at org.apache.hadoop.ozone.protocolPB.OzoneManagerProtocolServerSideTranslatorPB.submitReadRequestToOM(OzoneManagerProtocolServerSideTranslatorPB.java:225) ~[ozone-manager-1.3.0-SNAPSHOT.jar:?]
	at org.apache.hadoop.ozone.protocolPB.OzoneManagerProtocolServerSideTranslatorPB.processRequest(OzoneManagerProtocolServerSideTranslatorPB.java:175) ~[ozone-manager-1.3.0-SNAPSHOT.jar:?]
	at org.apache.hadoop.hdds.server.OzoneProtocolMessageDispatcher.processRequest(OzoneProtocolMessageDispatcher.java:87) [hdds-server-framework-1.3.0-SNAPSHOT.jar:?]
	at org.apache.hadoop.ozone.protocolPB.OzoneManagerProtocolServerSideTranslatorPB.submitRequest(OzoneManagerProtocolServerSideTranslatorPB.java:147) [ozone-manager-1.3.0-SNAPSHOT.jar:?]
	at org.apache.hadoop.ozone.protocol.proto.OzoneManagerProtocolProtos$OzoneManagerService$2.callBlockingMethod(OzoneManagerProtocolProtos.java) [ozone-interface-client-1.3.0-SNAPSHOT.jar:?]
	at org.apache.hadoop.ipc.ProtobufRpcEngine$Server.processCall(ProtobufRpcEngine.java:466) [hadoop-common-3.3.1.jar:?]
	at org.apache.hadoop.ipc.ProtobufRpcEngine2$Server$ProtoBufRpcInvoker.call(ProtobufRpcEngine2.java:574) [hadoop-common-3.3.1.jar:?]
	at org.apache.hadoop.ipc.ProtobufRpcEngine2$Server$ProtoBufRpcInvoker.call(ProtobufRpcEngine2.java:552) [hadoop-common-3.3.1.jar:?]
	at org.apache.hadoop.ipc.RPC$Server.call(RPC.java:1093) [hadoop-common-3.3.1.jar:?]
	at org.apache.hadoop.ipc.Server$RpcCall.run(Server.java:1035) [hadoop-common-3.3.1.jar:?]
	at org.apache.hadoop.ipc.Server$RpcCall.run(Server.java:963) [hadoop-common-3.3.1.jar:?]
	at java.security.AccessController.doPrivileged(Native Method) ~[?:1.8.0_332]
	at javax.security.auth.Subject.doAs(Subject.java:422) [?:1.8.0_332]
	at org.apache.hadoop.security.UserGroupInformation.doAs(UserGroupInformation.java:1878) [hadoop-common-3.3.1.jar:?]
	at org.apache.hadoop.ipc.Server$Handler.run(Server.java:2966) [hadoop-common-3.3.1.jar:?]
16:18:28.261 [IPC Server handler 5 on default port 37419] ERROR OMAudit - user=runner | ip=127.0.0.1 | op=GET_FILE_STATUS {volume=volume03882, bucket=bucket23805, key=testBatchDelete/parent/child6, dataSize=0, replicationConfig=null} | ret=FAILURE
org.apache.hadoop.ozone.om.exceptions.OMException: Unable to get file status: volume: volume03882 bucket: bucket23805 key: testBatchDelete/parent/child6
	at org.apache.hadoop.ozone.om.KeyManagerImpl.getOzoneFileStatus(KeyManagerImpl.java:1283) ~[ozone-manager-1.3.0-SNAPSHOT.jar:?]
	at org.apache.hadoop.ozone.om.KeyManagerImpl.getFileStatus(KeyManagerImpl.java:1213) ~[ozone-manager-1.3.0-SNAPSHOT.jar:?]
	at org.apache.hadoop.ozone.om.OzoneManager.getFileStatus(OzoneManager.java:3419) ~[ozone-manager-1.3.0-SNAPSHOT.jar:?]
	at org.apache.hadoop.ozone.protocolPB.OzoneManagerRequestHandler.getOzoneFileStatus(OzoneManagerRequestHandler.java:871) ~[ozone-manager-1.3.0-SNAPSHOT.jar:?]
	at org.apache.hadoop.ozone.protocolPB.OzoneManagerRequestHandler.handleReadRequest(OzoneManagerRequestHandler.java:217) ~[ozone-manager-1.3.0-SNAPSHOT.jar:?]
	at org.apache.hadoop.ozone.protocolPB.OzoneManagerProtocolServerSideTranslatorPB.submitReadRequestToOM(OzoneManagerProtocolServerSideTranslatorPB.java:225) ~[ozone-manager-1.3.0-SNAPSHOT.jar:?]
	at org.apache.hadoop.ozone.protocolPB.OzoneManagerProtocolServerSideTranslatorPB.processRequest(OzoneManagerProtocolServerSideTranslatorPB.java:175) ~[ozone-manager-1.3.0-SNAPSHOT.jar:?]
	at org.apache.hadoop.hdds.server.OzoneProtocolMessageDispatcher.processRequest(OzoneProtocolMessageDispatcher.java:87) [hdds-server-framework-1.3.0-SNAPSHOT.jar:?]
	at org.apache.hadoop.ozone.protocolPB.OzoneManagerProtocolServerSideTranslatorPB.submitRequest(OzoneManagerProtocolServerSideTranslatorPB.java:147) [ozone-manager-1.3.0-SNAPSHOT.jar:?]
	at org.apache.hadoop.ozone.protocol.proto.OzoneManagerProtocolProtos$OzoneManagerService$2.callBlockingMethod(OzoneManagerProtocolProtos.java) [ozone-interface-client-1.3.0-SNAPSHOT.jar:?]
	at org.apache.hadoop.ipc.ProtobufRpcEngine$Server.processCall(ProtobufRpcEngine.java:466) [hadoop-common-3.3.1.jar:?]
	at org.apache.hadoop.ipc.ProtobufRpcEngine2$Server$ProtoBufRpcInvoker.call(ProtobufRpcEngine2.java:574) [hadoop-common-3.3.1.jar:?]
	at org.apache.hadoop.ipc.ProtobufRpcEngine2$Server$ProtoBufRpcInvoker.call(ProtobufRpcEngine2.java:552) [hadoop-common-3.3.1.jar:?]
	at org.apache.hadoop.ipc.RPC$Server.call(RPC.java:1093) [hadoop-common-3.3.1.jar:?]
	at org.apache.hadoop.ipc.Server$RpcCall.run(Server.java:1035) [hadoop-common-3.3.1.jar:?]
	at org.apache.hadoop.ipc.Server$RpcCall.run(Server.java:963) [hadoop-common-3.3.1.jar:?]
	at java.security.AccessController.doPrivileged(Native Method) ~[?:1.8.0_332]
	at javax.security.auth.Subject.doAs(Subject.java:422) [?:1.8.0_332]
	at org.apache.hadoop.security.UserGroupInformation.doAs(UserGroupInformation.java:1878) [hadoop-common-3.3.1.jar:?]
	at org.apache.hadoop.ipc.Server$Handler.run(Server.java:2966) [hadoop-common-3.3.1.jar:?]
16:18:28.262 [IPC Server handler 9 on default port 37419] ERROR OMAudit - user=runner | ip=127.0.0.1 | op=GET_FILE_STATUS {volume=volume03882, bucket=bucket23805, key=testBatchDelete/parent/childFolder/child6, dataSize=0, replicationConfig=null} | ret=FAILURE
org.apache.hadoop.ozone.om.exceptions.OMException: Unable to get file status: volume: volume03882 bucket: bucket23805 key: testBatchDelete/parent/childFolder/child6
	at org.apache.hadoop.ozone.om.KeyManagerImpl.getOzoneFileStatus(KeyManagerImpl.java:1283) ~[ozone-manager-1.3.0-SNAPSHOT.jar:?]
	at org.apache.hadoop.ozone.om.KeyManagerImpl.getFileStatus(KeyManagerImpl.java:1213) ~[ozone-manager-1.3.0-SNAPSHOT.jar:?]
	at org.apache.hadoop.ozone.om.OzoneManager.getFileStatus(OzoneManager.java:3419) ~[ozone-manager-1.3.0-SNAPSHOT.jar:?]
	at org.apache.hadoop.ozone.protocolPB.OzoneManagerRequestHandler.getOzoneFileStatus(OzoneManagerRequestHandler.java:871) ~[ozone-manager-1.3.0-SNAPSHOT.jar:?]
	at org.apache.hadoop.ozone.protocolPB.OzoneManagerRequestHandler.handleReadRequest(OzoneManagerRequestHandler.java:217) ~[ozone-manager-1.3.0-SNAPSHOT.jar:?]
	at org.apache.hadoop.ozone.protocolPB.OzoneManagerProtocolServerSideTranslatorPB.submitReadRequestToOM(OzoneManagerProtocolServerSideTranslatorPB.java:225) ~[ozone-manager-1.3.0-SNAPSHOT.jar:?]
	at org.apache.hadoop.ozone.protocolPB.OzoneManagerProtocolServerSideTranslatorPB.processRequest(OzoneManagerProtocolServerSideTranslatorPB.java:175) ~[ozone-manager-1.3.0-SNAPSHOT.jar:?]
	at org.apache.hadoop.hdds.server.OzoneProtocolMessageDispatcher.processRequest(OzoneProtocolMessageDispatcher.java:87) [hdds-server-framework-1.3.0-SNAPSHOT.jar:?]
	at org.apache.hadoop.ozone.protocolPB.OzoneManagerProtocolServerSideTranslatorPB.submitRequest(OzoneManagerProtocolServerSideTranslatorPB.java:147) [ozone-manager-1.3.0-SNAPSHOT.jar:?]
	at org.apache.hadoop.ozone.protocol.proto.OzoneManagerProtocolProtos$OzoneManagerService$2.callBlockingMethod(OzoneManagerProtocolProtos.java) [ozone-interface-client-1.3.0-SNAPSHOT.jar:?]
	at org.apache.hadoop.ipc.ProtobufRpcEngine$Server.processCall(ProtobufRpcEngine.java:466) [hadoop-common-3.3.1.jar:?]
	at org.apache.hadoop.ipc.ProtobufRpcEngine2$Server$ProtoBufRpcInvoker.call(ProtobufRpcEngine2.java:574) [hadoop-common-3.3.1.jar:?]
	at org.apache.hadoop.ipc.ProtobufRpcEngine2$Server$ProtoBufRpcInvoker.call(ProtobufRpcEngine2.java:552) [hadoop-common-3.3.1.jar:?]
	at org.apache.hadoop.ipc.RPC$Server.call(RPC.java:1093) [hadoop-common-3.3.1.jar:?]
	at org.apache.hadoop.ipc.Server$RpcCall.run(Server.java:1035) [hadoop-common-3.3.1.jar:?]
	at org.apache.hadoop.ipc.Server$RpcCall.run(Server.java:963) [hadoop-common-3.3.1.jar:?]
	at java.security.AccessController.doPrivileged(Native Method) ~[?:1.8.0_332]
	at javax.security.auth.Subject.doAs(Subject.java:422) [?:1.8.0_332]
	at org.apache.hadoop.security.UserGroupInformation.doAs(UserGroupInformation.java:1878) [hadoop-common-3.3.1.jar:?]
	at org.apache.hadoop.ipc.Server$Handler.run(Server.java:2966) [hadoop-common-3.3.1.jar:?]
16:18:28.264 [IPC Server handler 4 on default port 37419] ERROR OMAudit - user=runner | ip=127.0.0.1 | op=GET_FILE_STATUS {volume=volume03882, bucket=bucket23805, key=testBatchDelete/parent/child7, dataSize=0, replicationConfig=null} | ret=FAILURE
org.apache.hadoop.ozone.om.exceptions.OMException: Unable to get file status: volume: volume03882 bucket: bucket23805 key: testBatchDelete/parent/child7
	at org.apache.hadoop.ozone.om.KeyManagerImpl.getOzoneFileStatus(KeyManagerImpl.java:1283) ~[ozone-manager-1.3.0-SNAPSHOT.jar:?]
	at org.apache.hadoop.ozone.om.KeyManagerImpl.getFileStatus(KeyManagerImpl.java:1213) ~[ozone-manager-1.3.0-SNAPSHOT.jar:?]
	at org.apache.hadoop.ozone.om.OzoneManager.getFileStatus(OzoneManager.java:3419) ~[ozone-manager-1.3.0-SNAPSHOT.jar:?]
	at org.apache.hadoop.ozone.protocolPB.OzoneManagerRequestHandler.getOzoneFileStatus(OzoneManagerRequestHandler.java:871) ~[ozone-manager-1.3.0-SNAPSHOT.jar:?]
	at org.apache.hadoop.ozone.protocolPB.OzoneManagerRequestHandler.handleReadRequest(OzoneManagerRequestHandler.java:217) ~[ozone-manager-1.3.0-SNAPSHOT.jar:?]
	at org.apache.hadoop.ozone.protocolPB.OzoneManagerProtocolServerSideTranslatorPB.submitReadRequestToOM(OzoneManagerProtocolServerSideTranslatorPB.java:225) ~[ozone-manager-1.3.0-SNAPSHOT.jar:?]
	at org.apache.hadoop.ozone.protocolPB.OzoneManagerProtocolServerSideTranslatorPB.processRequest(OzoneManagerProtocolServerSideTranslatorPB.java:175) ~[ozone-manager-1.3.0-SNAPSHOT.jar:?]
	at org.apache.hadoop.hdds.server.OzoneProtocolMessageDispatcher.processRequest(OzoneProtocolMessageDispatcher.java:87) [hdds-server-framework-1.3.0-SNAPSHOT.jar:?]
	at org.apache.hadoop.ozone.protocolPB.OzoneManagerProtocolServerSideTranslatorPB.submitRequest(OzoneManagerProtocolServerSideTranslatorPB.java:147) [ozone-manager-1.3.0-SNAPSHOT.jar:?]
	at org.apache.hadoop.ozone.protocol.proto.OzoneManagerProtocolProtos$OzoneManagerService$2.callBlockingMethod(OzoneManagerProtocolProtos.java) [ozone-interface-client-1.3.0-SNAPSHOT.jar:?]
	at org.apache.hadoop.ipc.ProtobufRpcEngine$Server.processCall(ProtobufRpcEngine.java:466) [hadoop-common-3.3.1.jar:?]
	at org.apache.hadoop.ipc.ProtobufRpcEngine2$Server$ProtoBufRpcInvoker.call(ProtobufRpcEngine2.java:574) [hadoop-common-3.3.1.jar:?]
	at org.apache.hadoop.ipc.ProtobufRpcEngine2$Server$ProtoBufRpcInvoker.call(ProtobufRpcEngine2.java:552) [hadoop-common-3.3.1.jar:?]
	at org.apache.hadoop.ipc.RPC$Server.call(RPC.java:1093) [hadoop-common-3.3.1.jar:?]
	at org.apache.hadoop.ipc.Server$RpcCall.run(Server.java:1035) [hadoop-common-3.3.1.jar:?]
	at org.apache.hadoop.ipc.Server$RpcCall.run(Server.java:963) [hadoop-common-3.3.1.jar:?]
	at java.security.AccessController.doPrivileged(Native Method) ~[?:1.8.0_332]
	at javax.security.auth.Subject.doAs(Subject.java:422) [?:1.8.0_332]
	at org.apache.hadoop.security.UserGroupInformation.doAs(UserGroupInformation.java:1878) [hadoop-common-3.3.1.jar:?]
	at org.apache.hadoop.ipc.Server$Handler.run(Server.java:2966) [hadoop-common-3.3.1.jar:?]
16:18:28.266 [IPC Server handler 17 on default port 37419] ERROR OMAudit - user=runner | ip=127.0.0.1 | op=GET_FILE_STATUS {volume=volume03882, bucket=bucket23805, key=testBatchDelete/parent/childFolder/child7, dataSize=0, replicationConfig=null} | ret=FAILURE
org.apache.hadoop.ozone.om.exceptions.OMException: Unable to get file status: volume: volume03882 bucket: bucket23805 key: testBatchDelete/parent/childFolder/child7
	at org.apache.hadoop.ozone.om.KeyManagerImpl.getOzoneFileStatus(KeyManagerImpl.java:1283) ~[ozone-manager-1.3.0-SNAPSHOT.jar:?]
	at org.apache.hadoop.ozone.om.KeyManagerImpl.getFileStatus(KeyManagerImpl.java:1213) ~[ozone-manager-1.3.0-SNAPSHOT.jar:?]
	at org.apache.hadoop.ozone.om.OzoneManager.getFileStatus(OzoneManager.java:3419) ~[ozone-manager-1.3.0-SNAPSHOT.jar:?]
	at org.apache.hadoop.ozone.protocolPB.OzoneManagerRequestHandler.getOzoneFileStatus(OzoneManagerRequestHandler.java:871) ~[ozone-manager-1.3.0-SNAPSHOT.jar:?]
	at org.apache.hadoop.ozone.protocolPB.OzoneManagerRequestHandler.handleReadRequest(OzoneManagerRequestHandler.java:217) ~[ozone-manager-1.3.0-SNAPSHOT.jar:?]
	at org.apache.hadoop.ozone.protocolPB.OzoneManagerProtocolServerSideTranslatorPB.submitReadRequestToOM(OzoneManagerProtocolServerSideTranslatorPB.java:225) ~[ozone-manager-1.3.0-SNAPSHOT.jar:?]
	at org.apache.hadoop.ozone.protocolPB.OzoneManagerProtocolServerSideTranslatorPB.processRequest(OzoneManagerProtocolServerSideTranslatorPB.java:175) ~[ozone-manager-1.3.0-SNAPSHOT.jar:?]
	at org.apache.hadoop.hdds.server.OzoneProtocolMessageDispatcher.processRequest(OzoneProtocolMessageDispatcher.java:87) [hdds-server-framework-1.3.0-SNAPSHOT.jar:?]
	at org.apache.hadoop.ozone.protocolPB.OzoneManagerProtocolServerSideTranslatorPB.submitRequest(OzoneManagerProtocolServerSideTranslatorPB.java:147) [ozone-manager-1.3.0-SNAPSHOT.jar:?]
	at org.apache.hadoop.ozone.protocol.proto.OzoneManagerProtocolProtos$OzoneManagerService$2.callBlockingMethod(OzoneManagerProtocolProtos.java) [ozone-interface-client-1.3.0-SNAPSHOT.jar:?]
	at org.apache.hadoop.ipc.ProtobufRpcEngine$Server.processCall(ProtobufRpcEngine.java:466) [hadoop-common-3.3.1.jar:?]
	at org.apache.hadoop.ipc.ProtobufRpcEngine2$Server$ProtoBufRpcInvoker.call(ProtobufRpcEngine2.java:574) [hadoop-common-3.3.1.jar:?]
	at org.apache.hadoop.ipc.ProtobufRpcEngine2$Server$ProtoBufRpcInvoker.call(ProtobufRpcEngine2.java:552) [hadoop-common-3.3.1.jar:?]
	at org.apache.hadoop.ipc.RPC$Server.call(RPC.java:1093) [hadoop-common-3.3.1.jar:?]
	at org.apache.hadoop.ipc.Server$RpcCall.run(Server.java:1035) [hadoop-common-3.3.1.jar:?]
	at org.apache.hadoop.ipc.Server$RpcCall.run(Server.java:963) [hadoop-common-3.3.1.jar:?]
	at java.security.AccessController.doPrivileged(Native Method) ~[?:1.8.0_332]
	at javax.security.auth.Subject.doAs(Subject.java:422) [?:1.8.0_332]
	at org.apache.hadoop.security.UserGroupInformation.doAs(UserGroupInformation.java:1878) [hadoop-common-3.3.1.jar:?]
	at org.apache.hadoop.ipc.Server$Handler.run(Server.java:2966) [hadoop-common-3.3.1.jar:?]
16:18:28.268 [IPC Server handler 10 on default port 37419] ERROR OMAudit - user=runner | ip=127.0.0.1 | op=GET_FILE_STATUS {volume=volume03882, bucket=bucket23805, key=testBatchDelete/parent, dataSize=0, replicationConfig=null} | ret=FAILURE
org.apache.hadoop.ozone.om.exceptions.OMException: Unable to get file status: volume: volume03882 bucket: bucket23805 key: testBatchDelete/parent
	at org.apache.hadoop.ozone.om.KeyManagerImpl.getOzoneFileStatus(KeyManagerImpl.java:1283) ~[ozone-manager-1.3.0-SNAPSHOT.jar:?]
	at org.apache.hadoop.ozone.om.KeyManagerImpl.getFileStatus(KeyManagerImpl.java:1213) ~[ozone-manager-1.3.0-SNAPSHOT.jar:?]
	at org.apache.hadoop.ozone.om.OzoneManager.getFileStatus(OzoneManager.java:3419) ~[ozone-manager-1.3.0-SNAPSHOT.jar:?]
	at org.apache.hadoop.ozone.protocolPB.OzoneManagerRequestHandler.getOzoneFileStatus(OzoneManagerRequestHandler.java:871) ~[ozone-manager-1.3.0-SNAPSHOT.jar:?]
	at org.apache.hadoop.ozone.protocolPB.OzoneManagerRequestHandler.handleReadRequest(OzoneManagerRequestHandler.java:217) ~[ozone-manager-1.3.0-SNAPSHOT.jar:?]
	at org.apache.hadoop.ozone.protocolPB.OzoneManagerProtocolServerSideTranslatorPB.submitReadRequestToOM(OzoneManagerProtocolServerSideTranslatorPB.java:225) ~[ozone-manager-1.3.0-SNAPSHOT.jar:?]
	at org.apache.hadoop.ozone.protocolPB.OzoneManagerProtocolServerSideTranslatorPB.processRequest(OzoneManagerProtocolServerSideTranslatorPB.java:175) ~[ozone-manager-1.3.0-SNAPSHOT.jar:?]
	at org.apache.hadoop.hdds.server.OzoneProtocolMessageDispatcher.processRequest(OzoneProtocolMessageDispatcher.java:87) [hdds-server-framework-1.3.0-SNAPSHOT.jar:?]
	at org.apache.hadoop.ozone.protocolPB.OzoneManagerProtocolServerSideTranslatorPB.submitRequest(OzoneManagerProtocolServerSideTranslatorPB.java:147) [ozone-manager-1.3.0-SNAPSHOT.jar:?]
	at org.apache.hadoop.ozone.protocol.proto.OzoneManagerProtocolProtos$OzoneManagerService$2.callBlockingMethod(OzoneManagerProtocolProtos.java) [ozone-interface-client-1.3.0-SNAPSHOT.jar:?]
	at org.apache.hadoop.ipc.ProtobufRpcEngine$Server.processCall(ProtobufRpcEngine.java:466) [hadoop-common-3.3.1.jar:?]
	at org.apache.hadoop.ipc.ProtobufRpcEngine2$Server$ProtoBufRpcInvoker.call(ProtobufRpcEngine2.java:574) [hadoop-common-3.3.1.jar:?]
	at org.apache.hadoop.ipc.ProtobufRpcEngine2$Server$ProtoBufRpcInvoker.call(ProtobufRpcEngine2.java:552) [hadoop-common-3.3.1.jar:?]
	at org.apache.hadoop.ipc.RPC$Server.call(RPC.java:1093) [hadoop-common-3.3.1.jar:?]
	at org.apache.hadoop.ipc.Server$RpcCall.run(Server.java:1035) [hadoop-common-3.3.1.jar:?]
	at org.apache.hadoop.ipc.Server$RpcCall.run(Server.java:963) [hadoop-common-3.3.1.jar:?]
	at java.security.AccessController.doPrivileged(Native Method) ~[?:1.8.0_332]
	at javax.security.auth.Subject.doAs(Subject.java:422) [?:1.8.0_332]
	at org.apache.hadoop.security.UserGroupInformation.doAs(UserGroupInformation.java:1878) [hadoop-common-3.3.1.jar:?]
	at org.apache.hadoop.ipc.Server$Handler.run(Server.java:2966) [hadoop-common-3.3.1.jar:?]
2022-06-16 16:18:28,268 [Time-limited test] WARN  ozone.BasicRootedOzoneFileSystem (BasicRootedOzoneFileSystem.java:delete(572)) - delete: Path does not exist: /volume03882/bucket23805/testBatchDelete/parent
]]></system-out>
  </testcase>
  <testcase name="testFileDelete" classname="TestRootedOzoneFileSystem" time="0.233">
    <system-out><![CDATA[2022-06-16 16:19:32,446 [Time-limited test] INFO  rpc.RpcClient (RpcClient.java:createVolume(466)) - Creating Volume: volume63443, with user48618 as owner and space quota set to -1 bytes, counts quota set to -1
2022-06-16 16:19:32,447 [OM StateMachine ApplyTransaction Thread - 0] INFO  volume.OMVolumeCreateRequest (OMVolumeCreateRequest.java:validateAndUpdateCache(195)) - created volume:volume63443 for user:user48618
2022-06-16 16:19:32,448 [Time-limited test] INFO  rpc.RpcClient (RpcClient.java:createBucket(666)) - Creating Bucket: volume63443/bucket14895, with the Bucket Layout LEGACY, runner as owner, Versioning false, Storage Type set to DISK and Encryption set to false 
2022-06-16 16:19:32,450 [OM StateMachine ApplyTransaction Thread - 0] INFO  bucket.OMBucketCreateRequest (OMBucketCreateRequest.java:validateAndUpdateCache(260)) - created bucket: bucket14895 of layout LEGACY in volume: volume63443
16:19:32.543 [IPC Server handler 1 on default port 34065] ERROR OMAudit - user=runner | ip=127.0.0.1 | op=GET_FILE_STATUS {volume=volume63443, bucket=bucket14895, key=testBatchDelete, dataSize=0, replicationConfig=null} | ret=FAILURE
org.apache.hadoop.ozone.om.exceptions.OMException: Unable to get file status: volume: volume63443 bucket: bucket14895 key: testBatchDelete
	at org.apache.hadoop.ozone.om.KeyManagerImpl.getOzoneFileStatus(KeyManagerImpl.java:1283) ~[ozone-manager-1.3.0-SNAPSHOT.jar:?]
	at org.apache.hadoop.ozone.om.KeyManagerImpl.getFileStatus(KeyManagerImpl.java:1213) ~[ozone-manager-1.3.0-SNAPSHOT.jar:?]
	at org.apache.hadoop.ozone.om.OzoneManager.getFileStatus(OzoneManager.java:3419) ~[ozone-manager-1.3.0-SNAPSHOT.jar:?]
	at org.apache.hadoop.ozone.protocolPB.OzoneManagerRequestHandler.getOzoneFileStatus(OzoneManagerRequestHandler.java:871) ~[ozone-manager-1.3.0-SNAPSHOT.jar:?]
	at org.apache.hadoop.ozone.protocolPB.OzoneManagerRequestHandler.handleReadRequest(OzoneManagerRequestHandler.java:217) ~[ozone-manager-1.3.0-SNAPSHOT.jar:?]
	at org.apache.hadoop.ozone.protocolPB.OzoneManagerProtocolServerSideTranslatorPB.submitReadRequestToOM(OzoneManagerProtocolServerSideTranslatorPB.java:225) ~[ozone-manager-1.3.0-SNAPSHOT.jar:?]
	at org.apache.hadoop.ozone.protocolPB.OzoneManagerProtocolServerSideTranslatorPB.processRequest(OzoneManagerProtocolServerSideTranslatorPB.java:175) ~[ozone-manager-1.3.0-SNAPSHOT.jar:?]
	at org.apache.hadoop.hdds.server.OzoneProtocolMessageDispatcher.processRequest(OzoneProtocolMessageDispatcher.java:87) [hdds-server-framework-1.3.0-SNAPSHOT.jar:?]
	at org.apache.hadoop.ozone.protocolPB.OzoneManagerProtocolServerSideTranslatorPB.submitRequest(OzoneManagerProtocolServerSideTranslatorPB.java:147) [ozone-manager-1.3.0-SNAPSHOT.jar:?]
	at org.apache.hadoop.ozone.protocol.proto.OzoneManagerProtocolProtos$OzoneManagerService$2.callBlockingMethod(OzoneManagerProtocolProtos.java) [ozone-interface-client-1.3.0-SNAPSHOT.jar:?]
	at org.apache.hadoop.ipc.ProtobufRpcEngine$Server.processCall(ProtobufRpcEngine.java:466) [hadoop-common-3.3.1.jar:?]
	at org.apache.hadoop.ipc.ProtobufRpcEngine2$Server$ProtoBufRpcInvoker.call(ProtobufRpcEngine2.java:574) [hadoop-common-3.3.1.jar:?]
	at org.apache.hadoop.ipc.ProtobufRpcEngine2$Server$ProtoBufRpcInvoker.call(ProtobufRpcEngine2.java:552) [hadoop-common-3.3.1.jar:?]
	at org.apache.hadoop.ipc.RPC$Server.call(RPC.java:1093) [hadoop-common-3.3.1.jar:?]
	at org.apache.hadoop.ipc.Server$RpcCall.run(Server.java:1035) [hadoop-common-3.3.1.jar:?]
	at org.apache.hadoop.ipc.Server$RpcCall.run(Server.java:963) [hadoop-common-3.3.1.jar:?]
	at java.security.AccessController.doPrivileged(Native Method) ~[?:1.8.0_332]
	at javax.security.auth.Subject.doAs(Subject.java:422) [?:1.8.0_332]
	at org.apache.hadoop.security.UserGroupInformation.doAs(UserGroupInformation.java:1878) [hadoop-common-3.3.1.jar:?]
	at org.apache.hadoop.ipc.Server$Handler.run(Server.java:2966) [hadoop-common-3.3.1.jar:?]
16:19:32.544 [IPC Server handler 0 on default port 34065] ERROR OMAudit - user=runner | ip=127.0.0.1 | op=GET_FILE_STATUS {volume=volume63443, bucket=bucket14895, key=testBatchDelete/parent/child0, dataSize=0, replicationConfig=null} | ret=FAILURE
org.apache.hadoop.ozone.om.exceptions.OMException: Unable to get file status: volume: volume63443 bucket: bucket14895 key: testBatchDelete/parent/child0
	at org.apache.hadoop.ozone.om.KeyManagerImpl.getOzoneFileStatus(KeyManagerImpl.java:1283) ~[ozone-manager-1.3.0-SNAPSHOT.jar:?]
	at org.apache.hadoop.ozone.om.KeyManagerImpl.getFileStatus(KeyManagerImpl.java:1213) ~[ozone-manager-1.3.0-SNAPSHOT.jar:?]
	at org.apache.hadoop.ozone.om.OzoneManager.getFileStatus(OzoneManager.java:3419) ~[ozone-manager-1.3.0-SNAPSHOT.jar:?]
	at org.apache.hadoop.ozone.protocolPB.OzoneManagerRequestHandler.getOzoneFileStatus(OzoneManagerRequestHandler.java:871) ~[ozone-manager-1.3.0-SNAPSHOT.jar:?]
	at org.apache.hadoop.ozone.protocolPB.OzoneManagerRequestHandler.handleReadRequest(OzoneManagerRequestHandler.java:217) ~[ozone-manager-1.3.0-SNAPSHOT.jar:?]
	at org.apache.hadoop.ozone.protocolPB.OzoneManagerProtocolServerSideTranslatorPB.submitReadRequestToOM(OzoneManagerProtocolServerSideTranslatorPB.java:225) ~[ozone-manager-1.3.0-SNAPSHOT.jar:?]
	at org.apache.hadoop.ozone.protocolPB.OzoneManagerProtocolServerSideTranslatorPB.processRequest(OzoneManagerProtocolServerSideTranslatorPB.java:175) ~[ozone-manager-1.3.0-SNAPSHOT.jar:?]
	at org.apache.hadoop.hdds.server.OzoneProtocolMessageDispatcher.processRequest(OzoneProtocolMessageDispatcher.java:87) [hdds-server-framework-1.3.0-SNAPSHOT.jar:?]
	at org.apache.hadoop.ozone.protocolPB.OzoneManagerProtocolServerSideTranslatorPB.submitRequest(OzoneManagerProtocolServerSideTranslatorPB.java:147) [ozone-manager-1.3.0-SNAPSHOT.jar:?]
	at org.apache.hadoop.ozone.protocol.proto.OzoneManagerProtocolProtos$OzoneManagerService$2.callBlockingMethod(OzoneManagerProtocolProtos.java) [ozone-interface-client-1.3.0-SNAPSHOT.jar:?]
	at org.apache.hadoop.ipc.ProtobufRpcEngine$Server.processCall(ProtobufRpcEngine.java:466) [hadoop-common-3.3.1.jar:?]
	at org.apache.hadoop.ipc.ProtobufRpcEngine2$Server$ProtoBufRpcInvoker.call(ProtobufRpcEngine2.java:574) [hadoop-common-3.3.1.jar:?]
	at org.apache.hadoop.ipc.ProtobufRpcEngine2$Server$ProtoBufRpcInvoker.call(ProtobufRpcEngine2.java:552) [hadoop-common-3.3.1.jar:?]
	at org.apache.hadoop.ipc.RPC$Server.call(RPC.java:1093) [hadoop-common-3.3.1.jar:?]
	at org.apache.hadoop.ipc.Server$RpcCall.run(Server.java:1035) [hadoop-common-3.3.1.jar:?]
	at org.apache.hadoop.ipc.Server$RpcCall.run(Server.java:963) [hadoop-common-3.3.1.jar:?]
	at java.security.AccessController.doPrivileged(Native Method) ~[?:1.8.0_332]
	at javax.security.auth.Subject.doAs(Subject.java:422) [?:1.8.0_332]
	at org.apache.hadoop.security.UserGroupInformation.doAs(UserGroupInformation.java:1878) [hadoop-common-3.3.1.jar:?]
	at org.apache.hadoop.ipc.Server$Handler.run(Server.java:2966) [hadoop-common-3.3.1.jar:?]
16:19:32.545 [IPC Server handler 15 on default port 34065] ERROR OMAudit - user=runner | ip=127.0.0.1 | op=GET_FILE_STATUS {volume=volume63443, bucket=bucket14895, key=testBatchDelete/parent/childFolder/child0, dataSize=0, replicationConfig=null} | ret=FAILURE
org.apache.hadoop.ozone.om.exceptions.OMException: Unable to get file status: volume: volume63443 bucket: bucket14895 key: testBatchDelete/parent/childFolder/child0
	at org.apache.hadoop.ozone.om.KeyManagerImpl.getOzoneFileStatus(KeyManagerImpl.java:1283) ~[ozone-manager-1.3.0-SNAPSHOT.jar:?]
	at org.apache.hadoop.ozone.om.KeyManagerImpl.getFileStatus(KeyManagerImpl.java:1213) ~[ozone-manager-1.3.0-SNAPSHOT.jar:?]
	at org.apache.hadoop.ozone.om.OzoneManager.getFileStatus(OzoneManager.java:3419) ~[ozone-manager-1.3.0-SNAPSHOT.jar:?]
	at org.apache.hadoop.ozone.protocolPB.OzoneManagerRequestHandler.getOzoneFileStatus(OzoneManagerRequestHandler.java:871) ~[ozone-manager-1.3.0-SNAPSHOT.jar:?]
	at org.apache.hadoop.ozone.protocolPB.OzoneManagerRequestHandler.handleReadRequest(OzoneManagerRequestHandler.java:217) ~[ozone-manager-1.3.0-SNAPSHOT.jar:?]
	at org.apache.hadoop.ozone.protocolPB.OzoneManagerProtocolServerSideTranslatorPB.submitReadRequestToOM(OzoneManagerProtocolServerSideTranslatorPB.java:225) ~[ozone-manager-1.3.0-SNAPSHOT.jar:?]
	at org.apache.hadoop.ozone.protocolPB.OzoneManagerProtocolServerSideTranslatorPB.processRequest(OzoneManagerProtocolServerSideTranslatorPB.java:175) ~[ozone-manager-1.3.0-SNAPSHOT.jar:?]
	at org.apache.hadoop.hdds.server.OzoneProtocolMessageDispatcher.processRequest(OzoneProtocolMessageDispatcher.java:87) [hdds-server-framework-1.3.0-SNAPSHOT.jar:?]
	at org.apache.hadoop.ozone.protocolPB.OzoneManagerProtocolServerSideTranslatorPB.submitRequest(OzoneManagerProtocolServerSideTranslatorPB.java:147) [ozone-manager-1.3.0-SNAPSHOT.jar:?]
	at org.apache.hadoop.ozone.protocol.proto.OzoneManagerProtocolProtos$OzoneManagerService$2.callBlockingMethod(OzoneManagerProtocolProtos.java) [ozone-interface-client-1.3.0-SNAPSHOT.jar:?]
	at org.apache.hadoop.ipc.ProtobufRpcEngine$Server.processCall(ProtobufRpcEngine.java:466) [hadoop-common-3.3.1.jar:?]
	at org.apache.hadoop.ipc.ProtobufRpcEngine2$Server$ProtoBufRpcInvoker.call(ProtobufRpcEngine2.java:574) [hadoop-common-3.3.1.jar:?]
	at org.apache.hadoop.ipc.ProtobufRpcEngine2$Server$ProtoBufRpcInvoker.call(ProtobufRpcEngine2.java:552) [hadoop-common-3.3.1.jar:?]
	at org.apache.hadoop.ipc.RPC$Server.call(RPC.java:1093) [hadoop-common-3.3.1.jar:?]
	at org.apache.hadoop.ipc.Server$RpcCall.run(Server.java:1035) [hadoop-common-3.3.1.jar:?]
	at org.apache.hadoop.ipc.Server$RpcCall.run(Server.java:963) [hadoop-common-3.3.1.jar:?]
	at java.security.AccessController.doPrivileged(Native Method) ~[?:1.8.0_332]
	at javax.security.auth.Subject.doAs(Subject.java:422) [?:1.8.0_332]
	at org.apache.hadoop.security.UserGroupInformation.doAs(UserGroupInformation.java:1878) [hadoop-common-3.3.1.jar:?]
	at org.apache.hadoop.ipc.Server$Handler.run(Server.java:2966) [hadoop-common-3.3.1.jar:?]
16:19:32.546 [IPC Server handler 17 on default port 34065] ERROR OMAudit - user=runner | ip=127.0.0.1 | op=GET_FILE_STATUS {volume=volume63443, bucket=bucket14895, key=testBatchDelete/parent/child1, dataSize=0, replicationConfig=null} | ret=FAILURE
org.apache.hadoop.ozone.om.exceptions.OMException: Unable to get file status: volume: volume63443 bucket: bucket14895 key: testBatchDelete/parent/child1
	at org.apache.hadoop.ozone.om.KeyManagerImpl.getOzoneFileStatus(KeyManagerImpl.java:1283) ~[ozone-manager-1.3.0-SNAPSHOT.jar:?]
	at org.apache.hadoop.ozone.om.KeyManagerImpl.getFileStatus(KeyManagerImpl.java:1213) ~[ozone-manager-1.3.0-SNAPSHOT.jar:?]
	at org.apache.hadoop.ozone.om.OzoneManager.getFileStatus(OzoneManager.java:3419) ~[ozone-manager-1.3.0-SNAPSHOT.jar:?]
	at org.apache.hadoop.ozone.protocolPB.OzoneManagerRequestHandler.getOzoneFileStatus(OzoneManagerRequestHandler.java:871) ~[ozone-manager-1.3.0-SNAPSHOT.jar:?]
	at org.apache.hadoop.ozone.protocolPB.OzoneManagerRequestHandler.handleReadRequest(OzoneManagerRequestHandler.java:217) ~[ozone-manager-1.3.0-SNAPSHOT.jar:?]
	at org.apache.hadoop.ozone.protocolPB.OzoneManagerProtocolServerSideTranslatorPB.submitReadRequestToOM(OzoneManagerProtocolServerSideTranslatorPB.java:225) ~[ozone-manager-1.3.0-SNAPSHOT.jar:?]
	at org.apache.hadoop.ozone.protocolPB.OzoneManagerProtocolServerSideTranslatorPB.processRequest(OzoneManagerProtocolServerSideTranslatorPB.java:175) ~[ozone-manager-1.3.0-SNAPSHOT.jar:?]
	at org.apache.hadoop.hdds.server.OzoneProtocolMessageDispatcher.processRequest(OzoneProtocolMessageDispatcher.java:87) [hdds-server-framework-1.3.0-SNAPSHOT.jar:?]
	at org.apache.hadoop.ozone.protocolPB.OzoneManagerProtocolServerSideTranslatorPB.submitRequest(OzoneManagerProtocolServerSideTranslatorPB.java:147) [ozone-manager-1.3.0-SNAPSHOT.jar:?]
	at org.apache.hadoop.ozone.protocol.proto.OzoneManagerProtocolProtos$OzoneManagerService$2.callBlockingMethod(OzoneManagerProtocolProtos.java) [ozone-interface-client-1.3.0-SNAPSHOT.jar:?]
	at org.apache.hadoop.ipc.ProtobufRpcEngine$Server.processCall(ProtobufRpcEngine.java:466) [hadoop-common-3.3.1.jar:?]
	at org.apache.hadoop.ipc.ProtobufRpcEngine2$Server$ProtoBufRpcInvoker.call(ProtobufRpcEngine2.java:574) [hadoop-common-3.3.1.jar:?]
	at org.apache.hadoop.ipc.ProtobufRpcEngine2$Server$ProtoBufRpcInvoker.call(ProtobufRpcEngine2.java:552) [hadoop-common-3.3.1.jar:?]
	at org.apache.hadoop.ipc.RPC$Server.call(RPC.java:1093) [hadoop-common-3.3.1.jar:?]
	at org.apache.hadoop.ipc.Server$RpcCall.run(Server.java:1035) [hadoop-common-3.3.1.jar:?]
	at org.apache.hadoop.ipc.Server$RpcCall.run(Server.java:963) [hadoop-common-3.3.1.jar:?]
	at java.security.AccessController.doPrivileged(Native Method) ~[?:1.8.0_332]
	at javax.security.auth.Subject.doAs(Subject.java:422) [?:1.8.0_332]
	at org.apache.hadoop.security.UserGroupInformation.doAs(UserGroupInformation.java:1878) [hadoop-common-3.3.1.jar:?]
	at org.apache.hadoop.ipc.Server$Handler.run(Server.java:2966) [hadoop-common-3.3.1.jar:?]
16:19:32.546 [IPC Server handler 19 on default port 34065] ERROR OMAudit - user=runner | ip=127.0.0.1 | op=GET_FILE_STATUS {volume=volume63443, bucket=bucket14895, key=testBatchDelete/parent/childFolder/child1, dataSize=0, replicationConfig=null} | ret=FAILURE
org.apache.hadoop.ozone.om.exceptions.OMException: Unable to get file status: volume: volume63443 bucket: bucket14895 key: testBatchDelete/parent/childFolder/child1
	at org.apache.hadoop.ozone.om.KeyManagerImpl.getOzoneFileStatus(KeyManagerImpl.java:1283) ~[ozone-manager-1.3.0-SNAPSHOT.jar:?]
	at org.apache.hadoop.ozone.om.KeyManagerImpl.getFileStatus(KeyManagerImpl.java:1213) ~[ozone-manager-1.3.0-SNAPSHOT.jar:?]
	at org.apache.hadoop.ozone.om.OzoneManager.getFileStatus(OzoneManager.java:3419) ~[ozone-manager-1.3.0-SNAPSHOT.jar:?]
	at org.apache.hadoop.ozone.protocolPB.OzoneManagerRequestHandler.getOzoneFileStatus(OzoneManagerRequestHandler.java:871) ~[ozone-manager-1.3.0-SNAPSHOT.jar:?]
	at org.apache.hadoop.ozone.protocolPB.OzoneManagerRequestHandler.handleReadRequest(OzoneManagerRequestHandler.java:217) ~[ozone-manager-1.3.0-SNAPSHOT.jar:?]
	at org.apache.hadoop.ozone.protocolPB.OzoneManagerProtocolServerSideTranslatorPB.submitReadRequestToOM(OzoneManagerProtocolServerSideTranslatorPB.java:225) ~[ozone-manager-1.3.0-SNAPSHOT.jar:?]
	at org.apache.hadoop.ozone.protocolPB.OzoneManagerProtocolServerSideTranslatorPB.processRequest(OzoneManagerProtocolServerSideTranslatorPB.java:175) ~[ozone-manager-1.3.0-SNAPSHOT.jar:?]
	at org.apache.hadoop.hdds.server.OzoneProtocolMessageDispatcher.processRequest(OzoneProtocolMessageDispatcher.java:87) [hdds-server-framework-1.3.0-SNAPSHOT.jar:?]
	at org.apache.hadoop.ozone.protocolPB.OzoneManagerProtocolServerSideTranslatorPB.submitRequest(OzoneManagerProtocolServerSideTranslatorPB.java:147) [ozone-manager-1.3.0-SNAPSHOT.jar:?]
	at org.apache.hadoop.ozone.protocol.proto.OzoneManagerProtocolProtos$OzoneManagerService$2.callBlockingMethod(OzoneManagerProtocolProtos.java) [ozone-interface-client-1.3.0-SNAPSHOT.jar:?]
	at org.apache.hadoop.ipc.ProtobufRpcEngine$Server.processCall(ProtobufRpcEngine.java:466) [hadoop-common-3.3.1.jar:?]
	at org.apache.hadoop.ipc.ProtobufRpcEngine2$Server$ProtoBufRpcInvoker.call(ProtobufRpcEngine2.java:574) [hadoop-common-3.3.1.jar:?]
	at org.apache.hadoop.ipc.ProtobufRpcEngine2$Server$ProtoBufRpcInvoker.call(ProtobufRpcEngine2.java:552) [hadoop-common-3.3.1.jar:?]
	at org.apache.hadoop.ipc.RPC$Server.call(RPC.java:1093) [hadoop-common-3.3.1.jar:?]
	at org.apache.hadoop.ipc.Server$RpcCall.run(Server.java:1035) [hadoop-common-3.3.1.jar:?]
	at org.apache.hadoop.ipc.Server$RpcCall.run(Server.java:963) [hadoop-common-3.3.1.jar:?]
	at java.security.AccessController.doPrivileged(Native Method) ~[?:1.8.0_332]
	at javax.security.auth.Subject.doAs(Subject.java:422) [?:1.8.0_332]
	at org.apache.hadoop.security.UserGroupInformation.doAs(UserGroupInformation.java:1878) [hadoop-common-3.3.1.jar:?]
	at org.apache.hadoop.ipc.Server$Handler.run(Server.java:2966) [hadoop-common-3.3.1.jar:?]
16:19:32.547 [IPC Server handler 3 on default port 34065] ERROR OMAudit - user=runner | ip=127.0.0.1 | op=GET_FILE_STATUS {volume=volume63443, bucket=bucket14895, key=testBatchDelete/parent/child2, dataSize=0, replicationConfig=null} | ret=FAILURE
org.apache.hadoop.ozone.om.exceptions.OMException: Unable to get file status: volume: volume63443 bucket: bucket14895 key: testBatchDelete/parent/child2
	at org.apache.hadoop.ozone.om.KeyManagerImpl.getOzoneFileStatus(KeyManagerImpl.java:1283) ~[ozone-manager-1.3.0-SNAPSHOT.jar:?]
	at org.apache.hadoop.ozone.om.KeyManagerImpl.getFileStatus(KeyManagerImpl.java:1213) ~[ozone-manager-1.3.0-SNAPSHOT.jar:?]
	at org.apache.hadoop.ozone.om.OzoneManager.getFileStatus(OzoneManager.java:3419) ~[ozone-manager-1.3.0-SNAPSHOT.jar:?]
	at org.apache.hadoop.ozone.protocolPB.OzoneManagerRequestHandler.getOzoneFileStatus(OzoneManagerRequestHandler.java:871) ~[ozone-manager-1.3.0-SNAPSHOT.jar:?]
	at org.apache.hadoop.ozone.protocolPB.OzoneManagerRequestHandler.handleReadRequest(OzoneManagerRequestHandler.java:217) ~[ozone-manager-1.3.0-SNAPSHOT.jar:?]
	at org.apache.hadoop.ozone.protocolPB.OzoneManagerProtocolServerSideTranslatorPB.submitReadRequestToOM(OzoneManagerProtocolServerSideTranslatorPB.java:225) ~[ozone-manager-1.3.0-SNAPSHOT.jar:?]
	at org.apache.hadoop.ozone.protocolPB.OzoneManagerProtocolServerSideTranslatorPB.processRequest(OzoneManagerProtocolServerSideTranslatorPB.java:175) ~[ozone-manager-1.3.0-SNAPSHOT.jar:?]
	at org.apache.hadoop.hdds.server.OzoneProtocolMessageDispatcher.processRequest(OzoneProtocolMessageDispatcher.java:87) [hdds-server-framework-1.3.0-SNAPSHOT.jar:?]
	at org.apache.hadoop.ozone.protocolPB.OzoneManagerProtocolServerSideTranslatorPB.submitRequest(OzoneManagerProtocolServerSideTranslatorPB.java:147) [ozone-manager-1.3.0-SNAPSHOT.jar:?]
	at org.apache.hadoop.ozone.protocol.proto.OzoneManagerProtocolProtos$OzoneManagerService$2.callBlockingMethod(OzoneManagerProtocolProtos.java) [ozone-interface-client-1.3.0-SNAPSHOT.jar:?]
	at org.apache.hadoop.ipc.ProtobufRpcEngine$Server.processCall(ProtobufRpcEngine.java:466) [hadoop-common-3.3.1.jar:?]
	at org.apache.hadoop.ipc.ProtobufRpcEngine2$Server$ProtoBufRpcInvoker.call(ProtobufRpcEngine2.java:574) [hadoop-common-3.3.1.jar:?]
	at org.apache.hadoop.ipc.ProtobufRpcEngine2$Server$ProtoBufRpcInvoker.call(ProtobufRpcEngine2.java:552) [hadoop-common-3.3.1.jar:?]
	at org.apache.hadoop.ipc.RPC$Server.call(RPC.java:1093) [hadoop-common-3.3.1.jar:?]
	at org.apache.hadoop.ipc.Server$RpcCall.run(Server.java:1035) [hadoop-common-3.3.1.jar:?]
	at org.apache.hadoop.ipc.Server$RpcCall.run(Server.java:963) [hadoop-common-3.3.1.jar:?]
	at java.security.AccessController.doPrivileged(Native Method) ~[?:1.8.0_332]
	at javax.security.auth.Subject.doAs(Subject.java:422) [?:1.8.0_332]
	at org.apache.hadoop.security.UserGroupInformation.doAs(UserGroupInformation.java:1878) [hadoop-common-3.3.1.jar:?]
	at org.apache.hadoop.ipc.Server$Handler.run(Server.java:2966) [hadoop-common-3.3.1.jar:?]
16:19:32.548 [IPC Server handler 8 on default port 34065] ERROR OMAudit - user=runner | ip=127.0.0.1 | op=GET_FILE_STATUS {volume=volume63443, bucket=bucket14895, key=testBatchDelete/parent/childFolder/child2, dataSize=0, replicationConfig=null} | ret=FAILURE
org.apache.hadoop.ozone.om.exceptions.OMException: Unable to get file status: volume: volume63443 bucket: bucket14895 key: testBatchDelete/parent/childFolder/child2
	at org.apache.hadoop.ozone.om.KeyManagerImpl.getOzoneFileStatus(KeyManagerImpl.java:1283) ~[ozone-manager-1.3.0-SNAPSHOT.jar:?]
	at org.apache.hadoop.ozone.om.KeyManagerImpl.getFileStatus(KeyManagerImpl.java:1213) ~[ozone-manager-1.3.0-SNAPSHOT.jar:?]
	at org.apache.hadoop.ozone.om.OzoneManager.getFileStatus(OzoneManager.java:3419) ~[ozone-manager-1.3.0-SNAPSHOT.jar:?]
	at org.apache.hadoop.ozone.protocolPB.OzoneManagerRequestHandler.getOzoneFileStatus(OzoneManagerRequestHandler.java:871) ~[ozone-manager-1.3.0-SNAPSHOT.jar:?]
	at org.apache.hadoop.ozone.protocolPB.OzoneManagerRequestHandler.handleReadRequest(OzoneManagerRequestHandler.java:217) ~[ozone-manager-1.3.0-SNAPSHOT.jar:?]
	at org.apache.hadoop.ozone.protocolPB.OzoneManagerProtocolServerSideTranslatorPB.submitReadRequestToOM(OzoneManagerProtocolServerSideTranslatorPB.java:225) ~[ozone-manager-1.3.0-SNAPSHOT.jar:?]
	at org.apache.hadoop.ozone.protocolPB.OzoneManagerProtocolServerSideTranslatorPB.processRequest(OzoneManagerProtocolServerSideTranslatorPB.java:175) ~[ozone-manager-1.3.0-SNAPSHOT.jar:?]
	at org.apache.hadoop.hdds.server.OzoneProtocolMessageDispatcher.processRequest(OzoneProtocolMessageDispatcher.java:87) [hdds-server-framework-1.3.0-SNAPSHOT.jar:?]
	at org.apache.hadoop.ozone.protocolPB.OzoneManagerProtocolServerSideTranslatorPB.submitRequest(OzoneManagerProtocolServerSideTranslatorPB.java:147) [ozone-manager-1.3.0-SNAPSHOT.jar:?]
	at org.apache.hadoop.ozone.protocol.proto.OzoneManagerProtocolProtos$OzoneManagerService$2.callBlockingMethod(OzoneManagerProtocolProtos.java) [ozone-interface-client-1.3.0-SNAPSHOT.jar:?]
	at org.apache.hadoop.ipc.ProtobufRpcEngine$Server.processCall(ProtobufRpcEngine.java:466) [hadoop-common-3.3.1.jar:?]
	at org.apache.hadoop.ipc.ProtobufRpcEngine2$Server$ProtoBufRpcInvoker.call(ProtobufRpcEngine2.java:574) [hadoop-common-3.3.1.jar:?]
	at org.apache.hadoop.ipc.ProtobufRpcEngine2$Server$ProtoBufRpcInvoker.call(ProtobufRpcEngine2.java:552) [hadoop-common-3.3.1.jar:?]
	at org.apache.hadoop.ipc.RPC$Server.call(RPC.java:1093) [hadoop-common-3.3.1.jar:?]
	at org.apache.hadoop.ipc.Server$RpcCall.run(Server.java:1035) [hadoop-common-3.3.1.jar:?]
	at org.apache.hadoop.ipc.Server$RpcCall.run(Server.java:963) [hadoop-common-3.3.1.jar:?]
	at java.security.AccessController.doPrivileged(Native Method) ~[?:1.8.0_332]
	at javax.security.auth.Subject.doAs(Subject.java:422) [?:1.8.0_332]
	at org.apache.hadoop.security.UserGroupInformation.doAs(UserGroupInformation.java:1878) [hadoop-common-3.3.1.jar:?]
	at org.apache.hadoop.ipc.Server$Handler.run(Server.java:2966) [hadoop-common-3.3.1.jar:?]
16:19:32.549 [IPC Server handler 14 on default port 34065] ERROR OMAudit - user=runner | ip=127.0.0.1 | op=GET_FILE_STATUS {volume=volume63443, bucket=bucket14895, key=testBatchDelete/parent/child3, dataSize=0, replicationConfig=null} | ret=FAILURE
org.apache.hadoop.ozone.om.exceptions.OMException: Unable to get file status: volume: volume63443 bucket: bucket14895 key: testBatchDelete/parent/child3
	at org.apache.hadoop.ozone.om.KeyManagerImpl.getOzoneFileStatus(KeyManagerImpl.java:1283) ~[ozone-manager-1.3.0-SNAPSHOT.jar:?]
	at org.apache.hadoop.ozone.om.KeyManagerImpl.getFileStatus(KeyManagerImpl.java:1213) ~[ozone-manager-1.3.0-SNAPSHOT.jar:?]
	at org.apache.hadoop.ozone.om.OzoneManager.getFileStatus(OzoneManager.java:3419) ~[ozone-manager-1.3.0-SNAPSHOT.jar:?]
	at org.apache.hadoop.ozone.protocolPB.OzoneManagerRequestHandler.getOzoneFileStatus(OzoneManagerRequestHandler.java:871) ~[ozone-manager-1.3.0-SNAPSHOT.jar:?]
	at org.apache.hadoop.ozone.protocolPB.OzoneManagerRequestHandler.handleReadRequest(OzoneManagerRequestHandler.java:217) ~[ozone-manager-1.3.0-SNAPSHOT.jar:?]
	at org.apache.hadoop.ozone.protocolPB.OzoneManagerProtocolServerSideTranslatorPB.submitReadRequestToOM(OzoneManagerProtocolServerSideTranslatorPB.java:225) ~[ozone-manager-1.3.0-SNAPSHOT.jar:?]
	at org.apache.hadoop.ozone.protocolPB.OzoneManagerProtocolServerSideTranslatorPB.processRequest(OzoneManagerProtocolServerSideTranslatorPB.java:175) ~[ozone-manager-1.3.0-SNAPSHOT.jar:?]
	at org.apache.hadoop.hdds.server.OzoneProtocolMessageDispatcher.processRequest(OzoneProtocolMessageDispatcher.java:87) [hdds-server-framework-1.3.0-SNAPSHOT.jar:?]
	at org.apache.hadoop.ozone.protocolPB.OzoneManagerProtocolServerSideTranslatorPB.submitRequest(OzoneManagerProtocolServerSideTranslatorPB.java:147) [ozone-manager-1.3.0-SNAPSHOT.jar:?]
	at org.apache.hadoop.ozone.protocol.proto.OzoneManagerProtocolProtos$OzoneManagerService$2.callBlockingMethod(OzoneManagerProtocolProtos.java) [ozone-interface-client-1.3.0-SNAPSHOT.jar:?]
	at org.apache.hadoop.ipc.ProtobufRpcEngine$Server.processCall(ProtobufRpcEngine.java:466) [hadoop-common-3.3.1.jar:?]
	at org.apache.hadoop.ipc.ProtobufRpcEngine2$Server$ProtoBufRpcInvoker.call(ProtobufRpcEngine2.java:574) [hadoop-common-3.3.1.jar:?]
	at org.apache.hadoop.ipc.ProtobufRpcEngine2$Server$ProtoBufRpcInvoker.call(ProtobufRpcEngine2.java:552) [hadoop-common-3.3.1.jar:?]
	at org.apache.hadoop.ipc.RPC$Server.call(RPC.java:1093) [hadoop-common-3.3.1.jar:?]
	at org.apache.hadoop.ipc.Server$RpcCall.run(Server.java:1035) [hadoop-common-3.3.1.jar:?]
	at org.apache.hadoop.ipc.Server$RpcCall.run(Server.java:963) [hadoop-common-3.3.1.jar:?]
	at java.security.AccessController.doPrivileged(Native Method) ~[?:1.8.0_332]
	at javax.security.auth.Subject.doAs(Subject.java:422) [?:1.8.0_332]
	at org.apache.hadoop.security.UserGroupInformation.doAs(UserGroupInformation.java:1878) [hadoop-common-3.3.1.jar:?]
	at org.apache.hadoop.ipc.Server$Handler.run(Server.java:2966) [hadoop-common-3.3.1.jar:?]
16:19:32.549 [IPC Server handler 13 on default port 34065] ERROR OMAudit - user=runner | ip=127.0.0.1 | op=GET_FILE_STATUS {volume=volume63443, bucket=bucket14895, key=testBatchDelete/parent/childFolder/child3, dataSize=0, replicationConfig=null} | ret=FAILURE
org.apache.hadoop.ozone.om.exceptions.OMException: Unable to get file status: volume: volume63443 bucket: bucket14895 key: testBatchDelete/parent/childFolder/child3
	at org.apache.hadoop.ozone.om.KeyManagerImpl.getOzoneFileStatus(KeyManagerImpl.java:1283) ~[ozone-manager-1.3.0-SNAPSHOT.jar:?]
	at org.apache.hadoop.ozone.om.KeyManagerImpl.getFileStatus(KeyManagerImpl.java:1213) ~[ozone-manager-1.3.0-SNAPSHOT.jar:?]
	at org.apache.hadoop.ozone.om.OzoneManager.getFileStatus(OzoneManager.java:3419) ~[ozone-manager-1.3.0-SNAPSHOT.jar:?]
	at org.apache.hadoop.ozone.protocolPB.OzoneManagerRequestHandler.getOzoneFileStatus(OzoneManagerRequestHandler.java:871) ~[ozone-manager-1.3.0-SNAPSHOT.jar:?]
	at org.apache.hadoop.ozone.protocolPB.OzoneManagerRequestHandler.handleReadRequest(OzoneManagerRequestHandler.java:217) ~[ozone-manager-1.3.0-SNAPSHOT.jar:?]
	at org.apache.hadoop.ozone.protocolPB.OzoneManagerProtocolServerSideTranslatorPB.submitReadRequestToOM(OzoneManagerProtocolServerSideTranslatorPB.java:225) ~[ozone-manager-1.3.0-SNAPSHOT.jar:?]
	at org.apache.hadoop.ozone.protocolPB.OzoneManagerProtocolServerSideTranslatorPB.processRequest(OzoneManagerProtocolServerSideTranslatorPB.java:175) ~[ozone-manager-1.3.0-SNAPSHOT.jar:?]
	at org.apache.hadoop.hdds.server.OzoneProtocolMessageDispatcher.processRequest(OzoneProtocolMessageDispatcher.java:87) [hdds-server-framework-1.3.0-SNAPSHOT.jar:?]
	at org.apache.hadoop.ozone.protocolPB.OzoneManagerProtocolServerSideTranslatorPB.submitRequest(OzoneManagerProtocolServerSideTranslatorPB.java:147) [ozone-manager-1.3.0-SNAPSHOT.jar:?]
	at org.apache.hadoop.ozone.protocol.proto.OzoneManagerProtocolProtos$OzoneManagerService$2.callBlockingMethod(OzoneManagerProtocolProtos.java) [ozone-interface-client-1.3.0-SNAPSHOT.jar:?]
	at org.apache.hadoop.ipc.ProtobufRpcEngine$Server.processCall(ProtobufRpcEngine.java:466) [hadoop-common-3.3.1.jar:?]
	at org.apache.hadoop.ipc.ProtobufRpcEngine2$Server$ProtoBufRpcInvoker.call(ProtobufRpcEngine2.java:574) [hadoop-common-3.3.1.jar:?]
	at org.apache.hadoop.ipc.ProtobufRpcEngine2$Server$ProtoBufRpcInvoker.call(ProtobufRpcEngine2.java:552) [hadoop-common-3.3.1.jar:?]
	at org.apache.hadoop.ipc.RPC$Server.call(RPC.java:1093) [hadoop-common-3.3.1.jar:?]
	at org.apache.hadoop.ipc.Server$RpcCall.run(Server.java:1035) [hadoop-common-3.3.1.jar:?]
	at org.apache.hadoop.ipc.Server$RpcCall.run(Server.java:963) [hadoop-common-3.3.1.jar:?]
	at java.security.AccessController.doPrivileged(Native Method) ~[?:1.8.0_332]
	at javax.security.auth.Subject.doAs(Subject.java:422) [?:1.8.0_332]
	at org.apache.hadoop.security.UserGroupInformation.doAs(UserGroupInformation.java:1878) [hadoop-common-3.3.1.jar:?]
	at org.apache.hadoop.ipc.Server$Handler.run(Server.java:2966) [hadoop-common-3.3.1.jar:?]
16:19:32.550 [IPC Server handler 4 on default port 34065] ERROR OMAudit - user=runner | ip=127.0.0.1 | op=GET_FILE_STATUS {volume=volume63443, bucket=bucket14895, key=testBatchDelete/parent/child4, dataSize=0, replicationConfig=null} | ret=FAILURE
org.apache.hadoop.ozone.om.exceptions.OMException: Unable to get file status: volume: volume63443 bucket: bucket14895 key: testBatchDelete/parent/child4
	at org.apache.hadoop.ozone.om.KeyManagerImpl.getOzoneFileStatus(KeyManagerImpl.java:1283) ~[ozone-manager-1.3.0-SNAPSHOT.jar:?]
	at org.apache.hadoop.ozone.om.KeyManagerImpl.getFileStatus(KeyManagerImpl.java:1213) ~[ozone-manager-1.3.0-SNAPSHOT.jar:?]
	at org.apache.hadoop.ozone.om.OzoneManager.getFileStatus(OzoneManager.java:3419) ~[ozone-manager-1.3.0-SNAPSHOT.jar:?]
	at org.apache.hadoop.ozone.protocolPB.OzoneManagerRequestHandler.getOzoneFileStatus(OzoneManagerRequestHandler.java:871) ~[ozone-manager-1.3.0-SNAPSHOT.jar:?]
	at org.apache.hadoop.ozone.protocolPB.OzoneManagerRequestHandler.handleReadRequest(OzoneManagerRequestHandler.java:217) ~[ozone-manager-1.3.0-SNAPSHOT.jar:?]
	at org.apache.hadoop.ozone.protocolPB.OzoneManagerProtocolServerSideTranslatorPB.submitReadRequestToOM(OzoneManagerProtocolServerSideTranslatorPB.java:225) ~[ozone-manager-1.3.0-SNAPSHOT.jar:?]
	at org.apache.hadoop.ozone.protocolPB.OzoneManagerProtocolServerSideTranslatorPB.processRequest(OzoneManagerProtocolServerSideTranslatorPB.java:175) ~[ozone-manager-1.3.0-SNAPSHOT.jar:?]
	at org.apache.hadoop.hdds.server.OzoneProtocolMessageDispatcher.processRequest(OzoneProtocolMessageDispatcher.java:87) [hdds-server-framework-1.3.0-SNAPSHOT.jar:?]
	at org.apache.hadoop.ozone.protocolPB.OzoneManagerProtocolServerSideTranslatorPB.submitRequest(OzoneManagerProtocolServerSideTranslatorPB.java:147) [ozone-manager-1.3.0-SNAPSHOT.jar:?]
	at org.apache.hadoop.ozone.protocol.proto.OzoneManagerProtocolProtos$OzoneManagerService$2.callBlockingMethod(OzoneManagerProtocolProtos.java) [ozone-interface-client-1.3.0-SNAPSHOT.jar:?]
	at org.apache.hadoop.ipc.ProtobufRpcEngine$Server.processCall(ProtobufRpcEngine.java:466) [hadoop-common-3.3.1.jar:?]
	at org.apache.hadoop.ipc.ProtobufRpcEngine2$Server$ProtoBufRpcInvoker.call(ProtobufRpcEngine2.java:574) [hadoop-common-3.3.1.jar:?]
	at org.apache.hadoop.ipc.ProtobufRpcEngine2$Server$ProtoBufRpcInvoker.call(ProtobufRpcEngine2.java:552) [hadoop-common-3.3.1.jar:?]
	at org.apache.hadoop.ipc.RPC$Server.call(RPC.java:1093) [hadoop-common-3.3.1.jar:?]
	at org.apache.hadoop.ipc.Server$RpcCall.run(Server.java:1035) [hadoop-common-3.3.1.jar:?]
	at org.apache.hadoop.ipc.Server$RpcCall.run(Server.java:963) [hadoop-common-3.3.1.jar:?]
	at java.security.AccessController.doPrivileged(Native Method) ~[?:1.8.0_332]
	at javax.security.auth.Subject.doAs(Subject.java:422) [?:1.8.0_332]
	at org.apache.hadoop.security.UserGroupInformation.doAs(UserGroupInformation.java:1878) [hadoop-common-3.3.1.jar:?]
	at org.apache.hadoop.ipc.Server$Handler.run(Server.java:2966) [hadoop-common-3.3.1.jar:?]
16:19:32.582 [IPC Server handler 1 on default port 34065] ERROR OMAudit - user=runner | ip=127.0.0.1 | op=GET_FILE_STATUS {volume=volume63443, bucket=bucket14895, key=testBatchDelete/parent/childFolder/child4, dataSize=0, replicationConfig=null} | ret=FAILURE
org.apache.hadoop.ozone.om.exceptions.OMException: Unable to get file status: volume: volume63443 bucket: bucket14895 key: testBatchDelete/parent/childFolder/child4
	at org.apache.hadoop.ozone.om.KeyManagerImpl.getOzoneFileStatus(KeyManagerImpl.java:1283) ~[ozone-manager-1.3.0-SNAPSHOT.jar:?]
	at org.apache.hadoop.ozone.om.KeyManagerImpl.getFileStatus(KeyManagerImpl.java:1213) ~[ozone-manager-1.3.0-SNAPSHOT.jar:?]
	at org.apache.hadoop.ozone.om.OzoneManager.getFileStatus(OzoneManager.java:3419) ~[ozone-manager-1.3.0-SNAPSHOT.jar:?]
	at org.apache.hadoop.ozone.protocolPB.OzoneManagerRequestHandler.getOzoneFileStatus(OzoneManagerRequestHandler.java:871) ~[ozone-manager-1.3.0-SNAPSHOT.jar:?]
	at org.apache.hadoop.ozone.protocolPB.OzoneManagerRequestHandler.handleReadRequest(OzoneManagerRequestHandler.java:217) ~[ozone-manager-1.3.0-SNAPSHOT.jar:?]
	at org.apache.hadoop.ozone.protocolPB.OzoneManagerProtocolServerSideTranslatorPB.submitReadRequestToOM(OzoneManagerProtocolServerSideTranslatorPB.java:225) ~[ozone-manager-1.3.0-SNAPSHOT.jar:?]
	at org.apache.hadoop.ozone.protocolPB.OzoneManagerProtocolServerSideTranslatorPB.processRequest(OzoneManagerProtocolServerSideTranslatorPB.java:175) ~[ozone-manager-1.3.0-SNAPSHOT.jar:?]
	at org.apache.hadoop.hdds.server.OzoneProtocolMessageDispatcher.processRequest(OzoneProtocolMessageDispatcher.java:87) [hdds-server-framework-1.3.0-SNAPSHOT.jar:?]
	at org.apache.hadoop.ozone.protocolPB.OzoneManagerProtocolServerSideTranslatorPB.submitRequest(OzoneManagerProtocolServerSideTranslatorPB.java:147) [ozone-manager-1.3.0-SNAPSHOT.jar:?]
	at org.apache.hadoop.ozone.protocol.proto.OzoneManagerProtocolProtos$OzoneManagerService$2.callBlockingMethod(OzoneManagerProtocolProtos.java) [ozone-interface-client-1.3.0-SNAPSHOT.jar:?]
	at org.apache.hadoop.ipc.ProtobufRpcEngine$Server.processCall(ProtobufRpcEngine.java:466) [hadoop-common-3.3.1.jar:?]
	at org.apache.hadoop.ipc.ProtobufRpcEngine2$Server$ProtoBufRpcInvoker.call(ProtobufRpcEngine2.java:574) [hadoop-common-3.3.1.jar:?]
	at org.apache.hadoop.ipc.ProtobufRpcEngine2$Server$ProtoBufRpcInvoker.call(ProtobufRpcEngine2.java:552) [hadoop-common-3.3.1.jar:?]
	at org.apache.hadoop.ipc.RPC$Server.call(RPC.java:1093) [hadoop-common-3.3.1.jar:?]
	at org.apache.hadoop.ipc.Server$RpcCall.run(Server.java:1035) [hadoop-common-3.3.1.jar:?]
	at org.apache.hadoop.ipc.Server$RpcCall.run(Server.java:963) [hadoop-common-3.3.1.jar:?]
	at java.security.AccessController.doPrivileged(Native Method) ~[?:1.8.0_332]
	at javax.security.auth.Subject.doAs(Subject.java:422) [?:1.8.0_332]
	at org.apache.hadoop.security.UserGroupInformation.doAs(UserGroupInformation.java:1878) [hadoop-common-3.3.1.jar:?]
	at org.apache.hadoop.ipc.Server$Handler.run(Server.java:2966) [hadoop-common-3.3.1.jar:?]
16:19:32.587 [IPC Server handler 0 on default port 34065] ERROR OMAudit - user=runner | ip=127.0.0.1 | op=GET_FILE_STATUS {volume=volume63443, bucket=bucket14895, key=testBatchDelete/parent/child5, dataSize=0, replicationConfig=null} | ret=FAILURE
org.apache.hadoop.ozone.om.exceptions.OMException: Unable to get file status: volume: volume63443 bucket: bucket14895 key: testBatchDelete/parent/child5
	at org.apache.hadoop.ozone.om.KeyManagerImpl.getOzoneFileStatus(KeyManagerImpl.java:1283) ~[ozone-manager-1.3.0-SNAPSHOT.jar:?]
	at org.apache.hadoop.ozone.om.KeyManagerImpl.getFileStatus(KeyManagerImpl.java:1213) ~[ozone-manager-1.3.0-SNAPSHOT.jar:?]
	at org.apache.hadoop.ozone.om.OzoneManager.getFileStatus(OzoneManager.java:3419) ~[ozone-manager-1.3.0-SNAPSHOT.jar:?]
	at org.apache.hadoop.ozone.protocolPB.OzoneManagerRequestHandler.getOzoneFileStatus(OzoneManagerRequestHandler.java:871) ~[ozone-manager-1.3.0-SNAPSHOT.jar:?]
	at org.apache.hadoop.ozone.protocolPB.OzoneManagerRequestHandler.handleReadRequest(OzoneManagerRequestHandler.java:217) ~[ozone-manager-1.3.0-SNAPSHOT.jar:?]
	at org.apache.hadoop.ozone.protocolPB.OzoneManagerProtocolServerSideTranslatorPB.submitReadRequestToOM(OzoneManagerProtocolServerSideTranslatorPB.java:225) ~[ozone-manager-1.3.0-SNAPSHOT.jar:?]
	at org.apache.hadoop.ozone.protocolPB.OzoneManagerProtocolServerSideTranslatorPB.processRequest(OzoneManagerProtocolServerSideTranslatorPB.java:175) ~[ozone-manager-1.3.0-SNAPSHOT.jar:?]
	at org.apache.hadoop.hdds.server.OzoneProtocolMessageDispatcher.processRequest(OzoneProtocolMessageDispatcher.java:87) [hdds-server-framework-1.3.0-SNAPSHOT.jar:?]
	at org.apache.hadoop.ozone.protocolPB.OzoneManagerProtocolServerSideTranslatorPB.submitRequest(OzoneManagerProtocolServerSideTranslatorPB.java:147) [ozone-manager-1.3.0-SNAPSHOT.jar:?]
	at org.apache.hadoop.ozone.protocol.proto.OzoneManagerProtocolProtos$OzoneManagerService$2.callBlockingMethod(OzoneManagerProtocolProtos.java) [ozone-interface-client-1.3.0-SNAPSHOT.jar:?]
	at org.apache.hadoop.ipc.ProtobufRpcEngine$Server.processCall(ProtobufRpcEngine.java:466) [hadoop-common-3.3.1.jar:?]
	at org.apache.hadoop.ipc.ProtobufRpcEngine2$Server$ProtoBufRpcInvoker.call(ProtobufRpcEngine2.java:574) [hadoop-common-3.3.1.jar:?]
	at org.apache.hadoop.ipc.ProtobufRpcEngine2$Server$ProtoBufRpcInvoker.call(ProtobufRpcEngine2.java:552) [hadoop-common-3.3.1.jar:?]
	at org.apache.hadoop.ipc.RPC$Server.call(RPC.java:1093) [hadoop-common-3.3.1.jar:?]
	at org.apache.hadoop.ipc.Server$RpcCall.run(Server.java:1035) [hadoop-common-3.3.1.jar:?]
	at org.apache.hadoop.ipc.Server$RpcCall.run(Server.java:963) [hadoop-common-3.3.1.jar:?]
	at java.security.AccessController.doPrivileged(Native Method) ~[?:1.8.0_332]
	at javax.security.auth.Subject.doAs(Subject.java:422) [?:1.8.0_332]
	at org.apache.hadoop.security.UserGroupInformation.doAs(UserGroupInformation.java:1878) [hadoop-common-3.3.1.jar:?]
	at org.apache.hadoop.ipc.Server$Handler.run(Server.java:2966) [hadoop-common-3.3.1.jar:?]
16:19:32.590 [IPC Server handler 15 on default port 34065] ERROR OMAudit - user=runner | ip=127.0.0.1 | op=GET_FILE_STATUS {volume=volume63443, bucket=bucket14895, key=testBatchDelete/parent/childFolder/child5, dataSize=0, replicationConfig=null} | ret=FAILURE
org.apache.hadoop.ozone.om.exceptions.OMException: Unable to get file status: volume: volume63443 bucket: bucket14895 key: testBatchDelete/parent/childFolder/child5
	at org.apache.hadoop.ozone.om.KeyManagerImpl.getOzoneFileStatus(KeyManagerImpl.java:1283) ~[ozone-manager-1.3.0-SNAPSHOT.jar:?]
	at org.apache.hadoop.ozone.om.KeyManagerImpl.getFileStatus(KeyManagerImpl.java:1213) ~[ozone-manager-1.3.0-SNAPSHOT.jar:?]
	at org.apache.hadoop.ozone.om.OzoneManager.getFileStatus(OzoneManager.java:3419) ~[ozone-manager-1.3.0-SNAPSHOT.jar:?]
	at org.apache.hadoop.ozone.protocolPB.OzoneManagerRequestHandler.getOzoneFileStatus(OzoneManagerRequestHandler.java:871) ~[ozone-manager-1.3.0-SNAPSHOT.jar:?]
	at org.apache.hadoop.ozone.protocolPB.OzoneManagerRequestHandler.handleReadRequest(OzoneManagerRequestHandler.java:217) ~[ozone-manager-1.3.0-SNAPSHOT.jar:?]
	at org.apache.hadoop.ozone.protocolPB.OzoneManagerProtocolServerSideTranslatorPB.submitReadRequestToOM(OzoneManagerProtocolServerSideTranslatorPB.java:225) ~[ozone-manager-1.3.0-SNAPSHOT.jar:?]
	at org.apache.hadoop.ozone.protocolPB.OzoneManagerProtocolServerSideTranslatorPB.processRequest(OzoneManagerProtocolServerSideTranslatorPB.java:175) ~[ozone-manager-1.3.0-SNAPSHOT.jar:?]
	at org.apache.hadoop.hdds.server.OzoneProtocolMessageDispatcher.processRequest(OzoneProtocolMessageDispatcher.java:87) [hdds-server-framework-1.3.0-SNAPSHOT.jar:?]
	at org.apache.hadoop.ozone.protocolPB.OzoneManagerProtocolServerSideTranslatorPB.submitRequest(OzoneManagerProtocolServerSideTranslatorPB.java:147) [ozone-manager-1.3.0-SNAPSHOT.jar:?]
	at org.apache.hadoop.ozone.protocol.proto.OzoneManagerProtocolProtos$OzoneManagerService$2.callBlockingMethod(OzoneManagerProtocolProtos.java) [ozone-interface-client-1.3.0-SNAPSHOT.jar:?]
	at org.apache.hadoop.ipc.ProtobufRpcEngine$Server.processCall(ProtobufRpcEngine.java:466) [hadoop-common-3.3.1.jar:?]
	at org.apache.hadoop.ipc.ProtobufRpcEngine2$Server$ProtoBufRpcInvoker.call(ProtobufRpcEngine2.java:574) [hadoop-common-3.3.1.jar:?]
	at org.apache.hadoop.ipc.ProtobufRpcEngine2$Server$ProtoBufRpcInvoker.call(ProtobufRpcEngine2.java:552) [hadoop-common-3.3.1.jar:?]
	at org.apache.hadoop.ipc.RPC$Server.call(RPC.java:1093) [hadoop-common-3.3.1.jar:?]
	at org.apache.hadoop.ipc.Server$RpcCall.run(Server.java:1035) [hadoop-common-3.3.1.jar:?]
	at org.apache.hadoop.ipc.Server$RpcCall.run(Server.java:963) [hadoop-common-3.3.1.jar:?]
	at java.security.AccessController.doPrivileged(Native Method) ~[?:1.8.0_332]
	at javax.security.auth.Subject.doAs(Subject.java:422) [?:1.8.0_332]
	at org.apache.hadoop.security.UserGroupInformation.doAs(UserGroupInformation.java:1878) [hadoop-common-3.3.1.jar:?]
	at org.apache.hadoop.ipc.Server$Handler.run(Server.java:2966) [hadoop-common-3.3.1.jar:?]
16:19:32.591 [IPC Server handler 17 on default port 34065] ERROR OMAudit - user=runner | ip=127.0.0.1 | op=GET_FILE_STATUS {volume=volume63443, bucket=bucket14895, key=testBatchDelete/parent/child6, dataSize=0, replicationConfig=null} | ret=FAILURE
org.apache.hadoop.ozone.om.exceptions.OMException: Unable to get file status: volume: volume63443 bucket: bucket14895 key: testBatchDelete/parent/child6
	at org.apache.hadoop.ozone.om.KeyManagerImpl.getOzoneFileStatus(KeyManagerImpl.java:1283) ~[ozone-manager-1.3.0-SNAPSHOT.jar:?]
	at org.apache.hadoop.ozone.om.KeyManagerImpl.getFileStatus(KeyManagerImpl.java:1213) ~[ozone-manager-1.3.0-SNAPSHOT.jar:?]
	at org.apache.hadoop.ozone.om.OzoneManager.getFileStatus(OzoneManager.java:3419) ~[ozone-manager-1.3.0-SNAPSHOT.jar:?]
	at org.apache.hadoop.ozone.protocolPB.OzoneManagerRequestHandler.getOzoneFileStatus(OzoneManagerRequestHandler.java:871) ~[ozone-manager-1.3.0-SNAPSHOT.jar:?]
	at org.apache.hadoop.ozone.protocolPB.OzoneManagerRequestHandler.handleReadRequest(OzoneManagerRequestHandler.java:217) ~[ozone-manager-1.3.0-SNAPSHOT.jar:?]
	at org.apache.hadoop.ozone.protocolPB.OzoneManagerProtocolServerSideTranslatorPB.submitReadRequestToOM(OzoneManagerProtocolServerSideTranslatorPB.java:225) ~[ozone-manager-1.3.0-SNAPSHOT.jar:?]
	at org.apache.hadoop.ozone.protocolPB.OzoneManagerProtocolServerSideTranslatorPB.processRequest(OzoneManagerProtocolServerSideTranslatorPB.java:175) ~[ozone-manager-1.3.0-SNAPSHOT.jar:?]
	at org.apache.hadoop.hdds.server.OzoneProtocolMessageDispatcher.processRequest(OzoneProtocolMessageDispatcher.java:87) [hdds-server-framework-1.3.0-SNAPSHOT.jar:?]
	at org.apache.hadoop.ozone.protocolPB.OzoneManagerProtocolServerSideTranslatorPB.submitRequest(OzoneManagerProtocolServerSideTranslatorPB.java:147) [ozone-manager-1.3.0-SNAPSHOT.jar:?]
	at org.apache.hadoop.ozone.protocol.proto.OzoneManagerProtocolProtos$OzoneManagerService$2.callBlockingMethod(OzoneManagerProtocolProtos.java) [ozone-interface-client-1.3.0-SNAPSHOT.jar:?]
	at org.apache.hadoop.ipc.ProtobufRpcEngine$Server.processCall(ProtobufRpcEngine.java:466) [hadoop-common-3.3.1.jar:?]
	at org.apache.hadoop.ipc.ProtobufRpcEngine2$Server$ProtoBufRpcInvoker.call(ProtobufRpcEngine2.java:574) [hadoop-common-3.3.1.jar:?]
	at org.apache.hadoop.ipc.ProtobufRpcEngine2$Server$ProtoBufRpcInvoker.call(ProtobufRpcEngine2.java:552) [hadoop-common-3.3.1.jar:?]
	at org.apache.hadoop.ipc.RPC$Server.call(RPC.java:1093) [hadoop-common-3.3.1.jar:?]
	at org.apache.hadoop.ipc.Server$RpcCall.run(Server.java:1035) [hadoop-common-3.3.1.jar:?]
	at org.apache.hadoop.ipc.Server$RpcCall.run(Server.java:963) [hadoop-common-3.3.1.jar:?]
	at java.security.AccessController.doPrivileged(Native Method) ~[?:1.8.0_332]
	at javax.security.auth.Subject.doAs(Subject.java:422) [?:1.8.0_332]
	at org.apache.hadoop.security.UserGroupInformation.doAs(UserGroupInformation.java:1878) [hadoop-common-3.3.1.jar:?]
	at org.apache.hadoop.ipc.Server$Handler.run(Server.java:2966) [hadoop-common-3.3.1.jar:?]
16:19:32.592 [IPC Server handler 19 on default port 34065] ERROR OMAudit - user=runner | ip=127.0.0.1 | op=GET_FILE_STATUS {volume=volume63443, bucket=bucket14895, key=testBatchDelete/parent/childFolder/child6, dataSize=0, replicationConfig=null} | ret=FAILURE
org.apache.hadoop.ozone.om.exceptions.OMException: Unable to get file status: volume: volume63443 bucket: bucket14895 key: testBatchDelete/parent/childFolder/child6
	at org.apache.hadoop.ozone.om.KeyManagerImpl.getOzoneFileStatus(KeyManagerImpl.java:1283) ~[ozone-manager-1.3.0-SNAPSHOT.jar:?]
	at org.apache.hadoop.ozone.om.KeyManagerImpl.getFileStatus(KeyManagerImpl.java:1213) ~[ozone-manager-1.3.0-SNAPSHOT.jar:?]
	at org.apache.hadoop.ozone.om.OzoneManager.getFileStatus(OzoneManager.java:3419) ~[ozone-manager-1.3.0-SNAPSHOT.jar:?]
	at org.apache.hadoop.ozone.protocolPB.OzoneManagerRequestHandler.getOzoneFileStatus(OzoneManagerRequestHandler.java:871) ~[ozone-manager-1.3.0-SNAPSHOT.jar:?]
	at org.apache.hadoop.ozone.protocolPB.OzoneManagerRequestHandler.handleReadRequest(OzoneManagerRequestHandler.java:217) ~[ozone-manager-1.3.0-SNAPSHOT.jar:?]
	at org.apache.hadoop.ozone.protocolPB.OzoneManagerProtocolServerSideTranslatorPB.submitReadRequestToOM(OzoneManagerProtocolServerSideTranslatorPB.java:225) ~[ozone-manager-1.3.0-SNAPSHOT.jar:?]
	at org.apache.hadoop.ozone.protocolPB.OzoneManagerProtocolServerSideTranslatorPB.processRequest(OzoneManagerProtocolServerSideTranslatorPB.java:175) ~[ozone-manager-1.3.0-SNAPSHOT.jar:?]
	at org.apache.hadoop.hdds.server.OzoneProtocolMessageDispatcher.processRequest(OzoneProtocolMessageDispatcher.java:87) [hdds-server-framework-1.3.0-SNAPSHOT.jar:?]
	at org.apache.hadoop.ozone.protocolPB.OzoneManagerProtocolServerSideTranslatorPB.submitRequest(OzoneManagerProtocolServerSideTranslatorPB.java:147) [ozone-manager-1.3.0-SNAPSHOT.jar:?]
	at org.apache.hadoop.ozone.protocol.proto.OzoneManagerProtocolProtos$OzoneManagerService$2.callBlockingMethod(OzoneManagerProtocolProtos.java) [ozone-interface-client-1.3.0-SNAPSHOT.jar:?]
	at org.apache.hadoop.ipc.ProtobufRpcEngine$Server.processCall(ProtobufRpcEngine.java:466) [hadoop-common-3.3.1.jar:?]
	at org.apache.hadoop.ipc.ProtobufRpcEngine2$Server$ProtoBufRpcInvoker.call(ProtobufRpcEngine2.java:574) [hadoop-common-3.3.1.jar:?]
	at org.apache.hadoop.ipc.ProtobufRpcEngine2$Server$ProtoBufRpcInvoker.call(ProtobufRpcEngine2.java:552) [hadoop-common-3.3.1.jar:?]
	at org.apache.hadoop.ipc.RPC$Server.call(RPC.java:1093) [hadoop-common-3.3.1.jar:?]
	at org.apache.hadoop.ipc.Server$RpcCall.run(Server.java:1035) [hadoop-common-3.3.1.jar:?]
	at org.apache.hadoop.ipc.Server$RpcCall.run(Server.java:963) [hadoop-common-3.3.1.jar:?]
	at java.security.AccessController.doPrivileged(Native Method) ~[?:1.8.0_332]
	at javax.security.auth.Subject.doAs(Subject.java:422) [?:1.8.0_332]
	at org.apache.hadoop.security.UserGroupInformation.doAs(UserGroupInformation.java:1878) [hadoop-common-3.3.1.jar:?]
	at org.apache.hadoop.ipc.Server$Handler.run(Server.java:2966) [hadoop-common-3.3.1.jar:?]
16:19:32.593 [IPC Server handler 3 on default port 34065] ERROR OMAudit - user=runner | ip=127.0.0.1 | op=GET_FILE_STATUS {volume=volume63443, bucket=bucket14895, key=testBatchDelete/parent/child7, dataSize=0, replicationConfig=null} | ret=FAILURE
org.apache.hadoop.ozone.om.exceptions.OMException: Unable to get file status: volume: volume63443 bucket: bucket14895 key: testBatchDelete/parent/child7
	at org.apache.hadoop.ozone.om.KeyManagerImpl.getOzoneFileStatus(KeyManagerImpl.java:1283) ~[ozone-manager-1.3.0-SNAPSHOT.jar:?]
	at org.apache.hadoop.ozone.om.KeyManagerImpl.getFileStatus(KeyManagerImpl.java:1213) ~[ozone-manager-1.3.0-SNAPSHOT.jar:?]
	at org.apache.hadoop.ozone.om.OzoneManager.getFileStatus(OzoneManager.java:3419) ~[ozone-manager-1.3.0-SNAPSHOT.jar:?]
	at org.apache.hadoop.ozone.protocolPB.OzoneManagerRequestHandler.getOzoneFileStatus(OzoneManagerRequestHandler.java:871) ~[ozone-manager-1.3.0-SNAPSHOT.jar:?]
	at org.apache.hadoop.ozone.protocolPB.OzoneManagerRequestHandler.handleReadRequest(OzoneManagerRequestHandler.java:217) ~[ozone-manager-1.3.0-SNAPSHOT.jar:?]
	at org.apache.hadoop.ozone.protocolPB.OzoneManagerProtocolServerSideTranslatorPB.submitReadRequestToOM(OzoneManagerProtocolServerSideTranslatorPB.java:225) ~[ozone-manager-1.3.0-SNAPSHOT.jar:?]
	at org.apache.hadoop.ozone.protocolPB.OzoneManagerProtocolServerSideTranslatorPB.processRequest(OzoneManagerProtocolServerSideTranslatorPB.java:175) ~[ozone-manager-1.3.0-SNAPSHOT.jar:?]
	at org.apache.hadoop.hdds.server.OzoneProtocolMessageDispatcher.processRequest(OzoneProtocolMessageDispatcher.java:87) [hdds-server-framework-1.3.0-SNAPSHOT.jar:?]
	at org.apache.hadoop.ozone.protocolPB.OzoneManagerProtocolServerSideTranslatorPB.submitRequest(OzoneManagerProtocolServerSideTranslatorPB.java:147) [ozone-manager-1.3.0-SNAPSHOT.jar:?]
	at org.apache.hadoop.ozone.protocol.proto.OzoneManagerProtocolProtos$OzoneManagerService$2.callBlockingMethod(OzoneManagerProtocolProtos.java) [ozone-interface-client-1.3.0-SNAPSHOT.jar:?]
	at org.apache.hadoop.ipc.ProtobufRpcEngine$Server.processCall(ProtobufRpcEngine.java:466) [hadoop-common-3.3.1.jar:?]
	at org.apache.hadoop.ipc.ProtobufRpcEngine2$Server$ProtoBufRpcInvoker.call(ProtobufRpcEngine2.java:574) [hadoop-common-3.3.1.jar:?]
	at org.apache.hadoop.ipc.ProtobufRpcEngine2$Server$ProtoBufRpcInvoker.call(ProtobufRpcEngine2.java:552) [hadoop-common-3.3.1.jar:?]
	at org.apache.hadoop.ipc.RPC$Server.call(RPC.java:1093) [hadoop-common-3.3.1.jar:?]
	at org.apache.hadoop.ipc.Server$RpcCall.run(Server.java:1035) [hadoop-common-3.3.1.jar:?]
	at org.apache.hadoop.ipc.Server$RpcCall.run(Server.java:963) [hadoop-common-3.3.1.jar:?]
	at java.security.AccessController.doPrivileged(Native Method) ~[?:1.8.0_332]
	at javax.security.auth.Subject.doAs(Subject.java:422) [?:1.8.0_332]
	at org.apache.hadoop.security.UserGroupInformation.doAs(UserGroupInformation.java:1878) [hadoop-common-3.3.1.jar:?]
	at org.apache.hadoop.ipc.Server$Handler.run(Server.java:2966) [hadoop-common-3.3.1.jar:?]
16:19:32.598 [IPC Server handler 8 on default port 34065] ERROR OMAudit - user=runner | ip=127.0.0.1 | op=GET_FILE_STATUS {volume=volume63443, bucket=bucket14895, key=testBatchDelete/parent/childFolder/child7, dataSize=0, replicationConfig=null} | ret=FAILURE
org.apache.hadoop.ozone.om.exceptions.OMException: Unable to get file status: volume: volume63443 bucket: bucket14895 key: testBatchDelete/parent/childFolder/child7
	at org.apache.hadoop.ozone.om.KeyManagerImpl.getOzoneFileStatus(KeyManagerImpl.java:1283) ~[ozone-manager-1.3.0-SNAPSHOT.jar:?]
	at org.apache.hadoop.ozone.om.KeyManagerImpl.getFileStatus(KeyManagerImpl.java:1213) ~[ozone-manager-1.3.0-SNAPSHOT.jar:?]
	at org.apache.hadoop.ozone.om.OzoneManager.getFileStatus(OzoneManager.java:3419) ~[ozone-manager-1.3.0-SNAPSHOT.jar:?]
	at org.apache.hadoop.ozone.protocolPB.OzoneManagerRequestHandler.getOzoneFileStatus(OzoneManagerRequestHandler.java:871) ~[ozone-manager-1.3.0-SNAPSHOT.jar:?]
	at org.apache.hadoop.ozone.protocolPB.OzoneManagerRequestHandler.handleReadRequest(OzoneManagerRequestHandler.java:217) ~[ozone-manager-1.3.0-SNAPSHOT.jar:?]
	at org.apache.hadoop.ozone.protocolPB.OzoneManagerProtocolServerSideTranslatorPB.submitReadRequestToOM(OzoneManagerProtocolServerSideTranslatorPB.java:225) ~[ozone-manager-1.3.0-SNAPSHOT.jar:?]
	at org.apache.hadoop.ozone.protocolPB.OzoneManagerProtocolServerSideTranslatorPB.processRequest(OzoneManagerProtocolServerSideTranslatorPB.java:175) ~[ozone-manager-1.3.0-SNAPSHOT.jar:?]
	at org.apache.hadoop.hdds.server.OzoneProtocolMessageDispatcher.processRequest(OzoneProtocolMessageDispatcher.java:87) [hdds-server-framework-1.3.0-SNAPSHOT.jar:?]
	at org.apache.hadoop.ozone.protocolPB.OzoneManagerProtocolServerSideTranslatorPB.submitRequest(OzoneManagerProtocolServerSideTranslatorPB.java:147) [ozone-manager-1.3.0-SNAPSHOT.jar:?]
	at org.apache.hadoop.ozone.protocol.proto.OzoneManagerProtocolProtos$OzoneManagerService$2.callBlockingMethod(OzoneManagerProtocolProtos.java) [ozone-interface-client-1.3.0-SNAPSHOT.jar:?]
	at org.apache.hadoop.ipc.ProtobufRpcEngine$Server.processCall(ProtobufRpcEngine.java:466) [hadoop-common-3.3.1.jar:?]
	at org.apache.hadoop.ipc.ProtobufRpcEngine2$Server$ProtoBufRpcInvoker.call(ProtobufRpcEngine2.java:574) [hadoop-common-3.3.1.jar:?]
	at org.apache.hadoop.ipc.ProtobufRpcEngine2$Server$ProtoBufRpcInvoker.call(ProtobufRpcEngine2.java:552) [hadoop-common-3.3.1.jar:?]
	at org.apache.hadoop.ipc.RPC$Server.call(RPC.java:1093) [hadoop-common-3.3.1.jar:?]
	at org.apache.hadoop.ipc.Server$RpcCall.run(Server.java:1035) [hadoop-common-3.3.1.jar:?]
	at org.apache.hadoop.ipc.Server$RpcCall.run(Server.java:963) [hadoop-common-3.3.1.jar:?]
	at java.security.AccessController.doPrivileged(Native Method) ~[?:1.8.0_332]
	at javax.security.auth.Subject.doAs(Subject.java:422) [?:1.8.0_332]
	at org.apache.hadoop.security.UserGroupInformation.doAs(UserGroupInformation.java:1878) [hadoop-common-3.3.1.jar:?]
	at org.apache.hadoop.ipc.Server$Handler.run(Server.java:2966) [hadoop-common-3.3.1.jar:?]
16:19:32.599 [IPC Server handler 14 on default port 34065] ERROR OMAudit - user=runner | ip=127.0.0.1 | op=GET_FILE_STATUS {volume=volume63443, bucket=bucket14895, key=testBatchDelete/parent, dataSize=0, replicationConfig=null} | ret=FAILURE
org.apache.hadoop.ozone.om.exceptions.OMException: Unable to get file status: volume: volume63443 bucket: bucket14895 key: testBatchDelete/parent
	at org.apache.hadoop.ozone.om.KeyManagerImpl.getOzoneFileStatus(KeyManagerImpl.java:1283) ~[ozone-manager-1.3.0-SNAPSHOT.jar:?]
	at org.apache.hadoop.ozone.om.KeyManagerImpl.getFileStatus(KeyManagerImpl.java:1213) ~[ozone-manager-1.3.0-SNAPSHOT.jar:?]
	at org.apache.hadoop.ozone.om.OzoneManager.getFileStatus(OzoneManager.java:3419) ~[ozone-manager-1.3.0-SNAPSHOT.jar:?]
	at org.apache.hadoop.ozone.protocolPB.OzoneManagerRequestHandler.getOzoneFileStatus(OzoneManagerRequestHandler.java:871) ~[ozone-manager-1.3.0-SNAPSHOT.jar:?]
	at org.apache.hadoop.ozone.protocolPB.OzoneManagerRequestHandler.handleReadRequest(OzoneManagerRequestHandler.java:217) ~[ozone-manager-1.3.0-SNAPSHOT.jar:?]
	at org.apache.hadoop.ozone.protocolPB.OzoneManagerProtocolServerSideTranslatorPB.submitReadRequestToOM(OzoneManagerProtocolServerSideTranslatorPB.java:225) ~[ozone-manager-1.3.0-SNAPSHOT.jar:?]
	at org.apache.hadoop.ozone.protocolPB.OzoneManagerProtocolServerSideTranslatorPB.processRequest(OzoneManagerProtocolServerSideTranslatorPB.java:175) ~[ozone-manager-1.3.0-SNAPSHOT.jar:?]
	at org.apache.hadoop.hdds.server.OzoneProtocolMessageDispatcher.processRequest(OzoneProtocolMessageDispatcher.java:87) [hdds-server-framework-1.3.0-SNAPSHOT.jar:?]
	at org.apache.hadoop.ozone.protocolPB.OzoneManagerProtocolServerSideTranslatorPB.submitRequest(OzoneManagerProtocolServerSideTranslatorPB.java:147) [ozone-manager-1.3.0-SNAPSHOT.jar:?]
	at org.apache.hadoop.ozone.protocol.proto.OzoneManagerProtocolProtos$OzoneManagerService$2.callBlockingMethod(OzoneManagerProtocolProtos.java) [ozone-interface-client-1.3.0-SNAPSHOT.jar:?]
	at org.apache.hadoop.ipc.ProtobufRpcEngine$Server.processCall(ProtobufRpcEngine.java:466) [hadoop-common-3.3.1.jar:?]
	at org.apache.hadoop.ipc.ProtobufRpcEngine2$Server$ProtoBufRpcInvoker.call(ProtobufRpcEngine2.java:574) [hadoop-common-3.3.1.jar:?]
	at org.apache.hadoop.ipc.ProtobufRpcEngine2$Server$ProtoBufRpcInvoker.call(ProtobufRpcEngine2.java:552) [hadoop-common-3.3.1.jar:?]
	at org.apache.hadoop.ipc.RPC$Server.call(RPC.java:1093) [hadoop-common-3.3.1.jar:?]
	at org.apache.hadoop.ipc.Server$RpcCall.run(Server.java:1035) [hadoop-common-3.3.1.jar:?]
	at org.apache.hadoop.ipc.Server$RpcCall.run(Server.java:963) [hadoop-common-3.3.1.jar:?]
	at java.security.AccessController.doPrivileged(Native Method) ~[?:1.8.0_332]
	at javax.security.auth.Subject.doAs(Subject.java:422) [?:1.8.0_332]
	at org.apache.hadoop.security.UserGroupInformation.doAs(UserGroupInformation.java:1878) [hadoop-common-3.3.1.jar:?]
	at org.apache.hadoop.ipc.Server$Handler.run(Server.java:2966) [hadoop-common-3.3.1.jar:?]
2022-06-16 16:19:32,599 [Time-limited test] WARN  ozone.BasicRootedOzoneFileSystem (BasicRootedOzoneFileSystem.java:delete(572)) - delete: Path does not exist: /volume63443/bucket14895/testBatchDelete/parent
]]></system-out>
  </testcase>
  <testcase name="testFileDelete" classname="TestRootedOzoneFileSystem" time="0.199">
    <system-out><![CDATA[2022-06-16 16:20:45,210 [Time-limited test] INFO  rpc.RpcClient (RpcClient.java:createVolume(466)) - Creating Volume: volume78592, with user29084 as owner and space quota set to -1 bytes, counts quota set to -1
2022-06-16 16:20:45,211 [IPC Server handler 1 on default port 42069] INFO  volume.OMVolumeCreateRequest (OMVolumeCreateRequest.java:validateAndUpdateCache(195)) - created volume:volume78592 for user:user29084
2022-06-16 16:20:45,212 [Time-limited test] INFO  rpc.RpcClient (RpcClient.java:createBucket(666)) - Creating Bucket: volume78592/bucket02397, with the Bucket Layout LEGACY, runner as owner, Versioning false, Storage Type set to DISK and Encryption set to false 
2022-06-16 16:20:45,212 [IPC Server handler 2 on default port 42069] INFO  bucket.OMBucketCreateRequest (OMBucketCreateRequest.java:validateAndUpdateCache(260)) - created bucket: bucket02397 of layout LEGACY in volume: volume78592
16:20:45.290 [IPC Server handler 15 on default port 42069] ERROR OMAudit - user=runner | ip=127.0.0.1 | op=GET_FILE_STATUS {volume=volume78592, bucket=bucket02397, key=testBatchDelete, dataSize=0, replicationConfig=null} | ret=FAILURE
org.apache.hadoop.ozone.om.exceptions.OMException: Unable to get file status: volume: volume78592 bucket: bucket02397 key: testBatchDelete
	at org.apache.hadoop.ozone.om.KeyManagerImpl.getOzoneFileStatus(KeyManagerImpl.java:1283) ~[ozone-manager-1.3.0-SNAPSHOT.jar:?]
	at org.apache.hadoop.ozone.om.KeyManagerImpl.getFileStatus(KeyManagerImpl.java:1213) ~[ozone-manager-1.3.0-SNAPSHOT.jar:?]
	at org.apache.hadoop.ozone.om.OzoneManager.getFileStatus(OzoneManager.java:3419) ~[ozone-manager-1.3.0-SNAPSHOT.jar:?]
	at org.apache.hadoop.ozone.protocolPB.OzoneManagerRequestHandler.getOzoneFileStatus(OzoneManagerRequestHandler.java:871) ~[ozone-manager-1.3.0-SNAPSHOT.jar:?]
	at org.apache.hadoop.ozone.protocolPB.OzoneManagerRequestHandler.handleReadRequest(OzoneManagerRequestHandler.java:217) ~[ozone-manager-1.3.0-SNAPSHOT.jar:?]
	at org.apache.hadoop.ozone.protocolPB.OzoneManagerProtocolServerSideTranslatorPB.submitRequestDirectlyToOM(OzoneManagerProtocolServerSideTranslatorPB.java:284) ~[ozone-manager-1.3.0-SNAPSHOT.jar:?]
	at org.apache.hadoop.ozone.protocolPB.OzoneManagerProtocolServerSideTranslatorPB.processRequest(OzoneManagerProtocolServerSideTranslatorPB.java:207) ~[ozone-manager-1.3.0-SNAPSHOT.jar:?]
	at org.apache.hadoop.hdds.server.OzoneProtocolMessageDispatcher.processRequest(OzoneProtocolMessageDispatcher.java:87) [hdds-server-framework-1.3.0-SNAPSHOT.jar:?]
	at org.apache.hadoop.ozone.protocolPB.OzoneManagerProtocolServerSideTranslatorPB.submitRequest(OzoneManagerProtocolServerSideTranslatorPB.java:147) [ozone-manager-1.3.0-SNAPSHOT.jar:?]
	at org.apache.hadoop.ozone.protocol.proto.OzoneManagerProtocolProtos$OzoneManagerService$2.callBlockingMethod(OzoneManagerProtocolProtos.java) [ozone-interface-client-1.3.0-SNAPSHOT.jar:?]
	at org.apache.hadoop.ipc.ProtobufRpcEngine$Server.processCall(ProtobufRpcEngine.java:466) [hadoop-common-3.3.1.jar:?]
	at org.apache.hadoop.ipc.ProtobufRpcEngine2$Server$ProtoBufRpcInvoker.call(ProtobufRpcEngine2.java:574) [hadoop-common-3.3.1.jar:?]
	at org.apache.hadoop.ipc.ProtobufRpcEngine2$Server$ProtoBufRpcInvoker.call(ProtobufRpcEngine2.java:552) [hadoop-common-3.3.1.jar:?]
	at org.apache.hadoop.ipc.RPC$Server.call(RPC.java:1093) [hadoop-common-3.3.1.jar:?]
	at org.apache.hadoop.ipc.Server$RpcCall.run(Server.java:1035) [hadoop-common-3.3.1.jar:?]
	at org.apache.hadoop.ipc.Server$RpcCall.run(Server.java:963) [hadoop-common-3.3.1.jar:?]
	at java.security.AccessController.doPrivileged(Native Method) ~[?:1.8.0_332]
	at javax.security.auth.Subject.doAs(Subject.java:422) [?:1.8.0_332]
	at org.apache.hadoop.security.UserGroupInformation.doAs(UserGroupInformation.java:1878) [hadoop-common-3.3.1.jar:?]
	at org.apache.hadoop.ipc.Server$Handler.run(Server.java:2966) [hadoop-common-3.3.1.jar:?]
16:20:45.293 [IPC Server handler 14 on default port 42069] ERROR OMAudit - user=runner | ip=127.0.0.1 | op=GET_FILE_STATUS {volume=volume78592, bucket=bucket02397, key=testBatchDelete/parent/child0, dataSize=0, replicationConfig=null} | ret=FAILURE
org.apache.hadoop.ozone.om.exceptions.OMException: Unable to get file status: volume: volume78592 bucket: bucket02397 key: testBatchDelete/parent/child0
	at org.apache.hadoop.ozone.om.KeyManagerImpl.getOzoneFileStatus(KeyManagerImpl.java:1283) ~[ozone-manager-1.3.0-SNAPSHOT.jar:?]
	at org.apache.hadoop.ozone.om.KeyManagerImpl.getFileStatus(KeyManagerImpl.java:1213) ~[ozone-manager-1.3.0-SNAPSHOT.jar:?]
	at org.apache.hadoop.ozone.om.OzoneManager.getFileStatus(OzoneManager.java:3419) ~[ozone-manager-1.3.0-SNAPSHOT.jar:?]
	at org.apache.hadoop.ozone.protocolPB.OzoneManagerRequestHandler.getOzoneFileStatus(OzoneManagerRequestHandler.java:871) ~[ozone-manager-1.3.0-SNAPSHOT.jar:?]
	at org.apache.hadoop.ozone.protocolPB.OzoneManagerRequestHandler.handleReadRequest(OzoneManagerRequestHandler.java:217) ~[ozone-manager-1.3.0-SNAPSHOT.jar:?]
	at org.apache.hadoop.ozone.protocolPB.OzoneManagerProtocolServerSideTranslatorPB.submitRequestDirectlyToOM(OzoneManagerProtocolServerSideTranslatorPB.java:284) ~[ozone-manager-1.3.0-SNAPSHOT.jar:?]
	at org.apache.hadoop.ozone.protocolPB.OzoneManagerProtocolServerSideTranslatorPB.processRequest(OzoneManagerProtocolServerSideTranslatorPB.java:207) ~[ozone-manager-1.3.0-SNAPSHOT.jar:?]
	at org.apache.hadoop.hdds.server.OzoneProtocolMessageDispatcher.processRequest(OzoneProtocolMessageDispatcher.java:87) [hdds-server-framework-1.3.0-SNAPSHOT.jar:?]
	at org.apache.hadoop.ozone.protocolPB.OzoneManagerProtocolServerSideTranslatorPB.submitRequest(OzoneManagerProtocolServerSideTranslatorPB.java:147) [ozone-manager-1.3.0-SNAPSHOT.jar:?]
	at org.apache.hadoop.ozone.protocol.proto.OzoneManagerProtocolProtos$OzoneManagerService$2.callBlockingMethod(OzoneManagerProtocolProtos.java) [ozone-interface-client-1.3.0-SNAPSHOT.jar:?]
	at org.apache.hadoop.ipc.ProtobufRpcEngine$Server.processCall(ProtobufRpcEngine.java:466) [hadoop-common-3.3.1.jar:?]
	at org.apache.hadoop.ipc.ProtobufRpcEngine2$Server$ProtoBufRpcInvoker.call(ProtobufRpcEngine2.java:574) [hadoop-common-3.3.1.jar:?]
	at org.apache.hadoop.ipc.ProtobufRpcEngine2$Server$ProtoBufRpcInvoker.call(ProtobufRpcEngine2.java:552) [hadoop-common-3.3.1.jar:?]
	at org.apache.hadoop.ipc.RPC$Server.call(RPC.java:1093) [hadoop-common-3.3.1.jar:?]
	at org.apache.hadoop.ipc.Server$RpcCall.run(Server.java:1035) [hadoop-common-3.3.1.jar:?]
	at org.apache.hadoop.ipc.Server$RpcCall.run(Server.java:963) [hadoop-common-3.3.1.jar:?]
	at java.security.AccessController.doPrivileged(Native Method) ~[?:1.8.0_332]
	at javax.security.auth.Subject.doAs(Subject.java:422) [?:1.8.0_332]
	at org.apache.hadoop.security.UserGroupInformation.doAs(UserGroupInformation.java:1878) [hadoop-common-3.3.1.jar:?]
	at org.apache.hadoop.ipc.Server$Handler.run(Server.java:2966) [hadoop-common-3.3.1.jar:?]
16:20:45.306 [IPC Server handler 19 on default port 42069] ERROR OMAudit - user=runner | ip=127.0.0.1 | op=GET_FILE_STATUS {volume=volume78592, bucket=bucket02397, key=testBatchDelete/parent/childFolder/child0, dataSize=0, replicationConfig=null} | ret=FAILURE
org.apache.hadoop.ozone.om.exceptions.OMException: Unable to get file status: volume: volume78592 bucket: bucket02397 key: testBatchDelete/parent/childFolder/child0
	at org.apache.hadoop.ozone.om.KeyManagerImpl.getOzoneFileStatus(KeyManagerImpl.java:1283) ~[ozone-manager-1.3.0-SNAPSHOT.jar:?]
	at org.apache.hadoop.ozone.om.KeyManagerImpl.getFileStatus(KeyManagerImpl.java:1213) ~[ozone-manager-1.3.0-SNAPSHOT.jar:?]
	at org.apache.hadoop.ozone.om.OzoneManager.getFileStatus(OzoneManager.java:3419) ~[ozone-manager-1.3.0-SNAPSHOT.jar:?]
	at org.apache.hadoop.ozone.protocolPB.OzoneManagerRequestHandler.getOzoneFileStatus(OzoneManagerRequestHandler.java:871) ~[ozone-manager-1.3.0-SNAPSHOT.jar:?]
	at org.apache.hadoop.ozone.protocolPB.OzoneManagerRequestHandler.handleReadRequest(OzoneManagerRequestHandler.java:217) ~[ozone-manager-1.3.0-SNAPSHOT.jar:?]
	at org.apache.hadoop.ozone.protocolPB.OzoneManagerProtocolServerSideTranslatorPB.submitRequestDirectlyToOM(OzoneManagerProtocolServerSideTranslatorPB.java:284) ~[ozone-manager-1.3.0-SNAPSHOT.jar:?]
	at org.apache.hadoop.ozone.protocolPB.OzoneManagerProtocolServerSideTranslatorPB.processRequest(OzoneManagerProtocolServerSideTranslatorPB.java:207) ~[ozone-manager-1.3.0-SNAPSHOT.jar:?]
	at org.apache.hadoop.hdds.server.OzoneProtocolMessageDispatcher.processRequest(OzoneProtocolMessageDispatcher.java:87) [hdds-server-framework-1.3.0-SNAPSHOT.jar:?]
	at org.apache.hadoop.ozone.protocolPB.OzoneManagerProtocolServerSideTranslatorPB.submitRequest(OzoneManagerProtocolServerSideTranslatorPB.java:147) [ozone-manager-1.3.0-SNAPSHOT.jar:?]
	at org.apache.hadoop.ozone.protocol.proto.OzoneManagerProtocolProtos$OzoneManagerService$2.callBlockingMethod(OzoneManagerProtocolProtos.java) [ozone-interface-client-1.3.0-SNAPSHOT.jar:?]
	at org.apache.hadoop.ipc.ProtobufRpcEngine$Server.processCall(ProtobufRpcEngine.java:466) [hadoop-common-3.3.1.jar:?]
	at org.apache.hadoop.ipc.ProtobufRpcEngine2$Server$ProtoBufRpcInvoker.call(ProtobufRpcEngine2.java:574) [hadoop-common-3.3.1.jar:?]
	at org.apache.hadoop.ipc.ProtobufRpcEngine2$Server$ProtoBufRpcInvoker.call(ProtobufRpcEngine2.java:552) [hadoop-common-3.3.1.jar:?]
	at org.apache.hadoop.ipc.RPC$Server.call(RPC.java:1093) [hadoop-common-3.3.1.jar:?]
	at org.apache.hadoop.ipc.Server$RpcCall.run(Server.java:1035) [hadoop-common-3.3.1.jar:?]
	at org.apache.hadoop.ipc.Server$RpcCall.run(Server.java:963) [hadoop-common-3.3.1.jar:?]
	at java.security.AccessController.doPrivileged(Native Method) ~[?:1.8.0_332]
	at javax.security.auth.Subject.doAs(Subject.java:422) [?:1.8.0_332]
	at org.apache.hadoop.security.UserGroupInformation.doAs(UserGroupInformation.java:1878) [hadoop-common-3.3.1.jar:?]
	at org.apache.hadoop.ipc.Server$Handler.run(Server.java:2966) [hadoop-common-3.3.1.jar:?]
16:20:45.307 [IPC Server handler 1 on default port 42069] ERROR OMAudit - user=runner | ip=127.0.0.1 | op=GET_FILE_STATUS {volume=volume78592, bucket=bucket02397, key=testBatchDelete/parent/child1, dataSize=0, replicationConfig=null} | ret=FAILURE
org.apache.hadoop.ozone.om.exceptions.OMException: Unable to get file status: volume: volume78592 bucket: bucket02397 key: testBatchDelete/parent/child1
	at org.apache.hadoop.ozone.om.KeyManagerImpl.getOzoneFileStatus(KeyManagerImpl.java:1283) ~[ozone-manager-1.3.0-SNAPSHOT.jar:?]
	at org.apache.hadoop.ozone.om.KeyManagerImpl.getFileStatus(KeyManagerImpl.java:1213) ~[ozone-manager-1.3.0-SNAPSHOT.jar:?]
	at org.apache.hadoop.ozone.om.OzoneManager.getFileStatus(OzoneManager.java:3419) ~[ozone-manager-1.3.0-SNAPSHOT.jar:?]
	at org.apache.hadoop.ozone.protocolPB.OzoneManagerRequestHandler.getOzoneFileStatus(OzoneManagerRequestHandler.java:871) ~[ozone-manager-1.3.0-SNAPSHOT.jar:?]
	at org.apache.hadoop.ozone.protocolPB.OzoneManagerRequestHandler.handleReadRequest(OzoneManagerRequestHandler.java:217) ~[ozone-manager-1.3.0-SNAPSHOT.jar:?]
	at org.apache.hadoop.ozone.protocolPB.OzoneManagerProtocolServerSideTranslatorPB.submitRequestDirectlyToOM(OzoneManagerProtocolServerSideTranslatorPB.java:284) ~[ozone-manager-1.3.0-SNAPSHOT.jar:?]
	at org.apache.hadoop.ozone.protocolPB.OzoneManagerProtocolServerSideTranslatorPB.processRequest(OzoneManagerProtocolServerSideTranslatorPB.java:207) ~[ozone-manager-1.3.0-SNAPSHOT.jar:?]
	at org.apache.hadoop.hdds.server.OzoneProtocolMessageDispatcher.processRequest(OzoneProtocolMessageDispatcher.java:87) [hdds-server-framework-1.3.0-SNAPSHOT.jar:?]
	at org.apache.hadoop.ozone.protocolPB.OzoneManagerProtocolServerSideTranslatorPB.submitRequest(OzoneManagerProtocolServerSideTranslatorPB.java:147) [ozone-manager-1.3.0-SNAPSHOT.jar:?]
	at org.apache.hadoop.ozone.protocol.proto.OzoneManagerProtocolProtos$OzoneManagerService$2.callBlockingMethod(OzoneManagerProtocolProtos.java) [ozone-interface-client-1.3.0-SNAPSHOT.jar:?]
	at org.apache.hadoop.ipc.ProtobufRpcEngine$Server.processCall(ProtobufRpcEngine.java:466) [hadoop-common-3.3.1.jar:?]
	at org.apache.hadoop.ipc.ProtobufRpcEngine2$Server$ProtoBufRpcInvoker.call(ProtobufRpcEngine2.java:574) [hadoop-common-3.3.1.jar:?]
	at org.apache.hadoop.ipc.ProtobufRpcEngine2$Server$ProtoBufRpcInvoker.call(ProtobufRpcEngine2.java:552) [hadoop-common-3.3.1.jar:?]
	at org.apache.hadoop.ipc.RPC$Server.call(RPC.java:1093) [hadoop-common-3.3.1.jar:?]
	at org.apache.hadoop.ipc.Server$RpcCall.run(Server.java:1035) [hadoop-common-3.3.1.jar:?]
	at org.apache.hadoop.ipc.Server$RpcCall.run(Server.java:963) [hadoop-common-3.3.1.jar:?]
	at java.security.AccessController.doPrivileged(Native Method) ~[?:1.8.0_332]
	at javax.security.auth.Subject.doAs(Subject.java:422) [?:1.8.0_332]
	at org.apache.hadoop.security.UserGroupInformation.doAs(UserGroupInformation.java:1878) [hadoop-common-3.3.1.jar:?]
	at org.apache.hadoop.ipc.Server$Handler.run(Server.java:2966) [hadoop-common-3.3.1.jar:?]
16:20:45.307 [IPC Server handler 2 on default port 42069] ERROR OMAudit - user=runner | ip=127.0.0.1 | op=GET_FILE_STATUS {volume=volume78592, bucket=bucket02397, key=testBatchDelete/parent/childFolder/child1, dataSize=0, replicationConfig=null} | ret=FAILURE
org.apache.hadoop.ozone.om.exceptions.OMException: Unable to get file status: volume: volume78592 bucket: bucket02397 key: testBatchDelete/parent/childFolder/child1
	at org.apache.hadoop.ozone.om.KeyManagerImpl.getOzoneFileStatus(KeyManagerImpl.java:1283) ~[ozone-manager-1.3.0-SNAPSHOT.jar:?]
	at org.apache.hadoop.ozone.om.KeyManagerImpl.getFileStatus(KeyManagerImpl.java:1213) ~[ozone-manager-1.3.0-SNAPSHOT.jar:?]
	at org.apache.hadoop.ozone.om.OzoneManager.getFileStatus(OzoneManager.java:3419) ~[ozone-manager-1.3.0-SNAPSHOT.jar:?]
	at org.apache.hadoop.ozone.protocolPB.OzoneManagerRequestHandler.getOzoneFileStatus(OzoneManagerRequestHandler.java:871) ~[ozone-manager-1.3.0-SNAPSHOT.jar:?]
	at org.apache.hadoop.ozone.protocolPB.OzoneManagerRequestHandler.handleReadRequest(OzoneManagerRequestHandler.java:217) ~[ozone-manager-1.3.0-SNAPSHOT.jar:?]
	at org.apache.hadoop.ozone.protocolPB.OzoneManagerProtocolServerSideTranslatorPB.submitRequestDirectlyToOM(OzoneManagerProtocolServerSideTranslatorPB.java:284) ~[ozone-manager-1.3.0-SNAPSHOT.jar:?]
	at org.apache.hadoop.ozone.protocolPB.OzoneManagerProtocolServerSideTranslatorPB.processRequest(OzoneManagerProtocolServerSideTranslatorPB.java:207) ~[ozone-manager-1.3.0-SNAPSHOT.jar:?]
	at org.apache.hadoop.hdds.server.OzoneProtocolMessageDispatcher.processRequest(OzoneProtocolMessageDispatcher.java:87) [hdds-server-framework-1.3.0-SNAPSHOT.jar:?]
	at org.apache.hadoop.ozone.protocolPB.OzoneManagerProtocolServerSideTranslatorPB.submitRequest(OzoneManagerProtocolServerSideTranslatorPB.java:147) [ozone-manager-1.3.0-SNAPSHOT.jar:?]
	at org.apache.hadoop.ozone.protocol.proto.OzoneManagerProtocolProtos$OzoneManagerService$2.callBlockingMethod(OzoneManagerProtocolProtos.java) [ozone-interface-client-1.3.0-SNAPSHOT.jar:?]
	at org.apache.hadoop.ipc.ProtobufRpcEngine$Server.processCall(ProtobufRpcEngine.java:466) [hadoop-common-3.3.1.jar:?]
	at org.apache.hadoop.ipc.ProtobufRpcEngine2$Server$ProtoBufRpcInvoker.call(ProtobufRpcEngine2.java:574) [hadoop-common-3.3.1.jar:?]
	at org.apache.hadoop.ipc.ProtobufRpcEngine2$Server$ProtoBufRpcInvoker.call(ProtobufRpcEngine2.java:552) [hadoop-common-3.3.1.jar:?]
	at org.apache.hadoop.ipc.RPC$Server.call(RPC.java:1093) [hadoop-common-3.3.1.jar:?]
	at org.apache.hadoop.ipc.Server$RpcCall.run(Server.java:1035) [hadoop-common-3.3.1.jar:?]
	at org.apache.hadoop.ipc.Server$RpcCall.run(Server.java:963) [hadoop-common-3.3.1.jar:?]
	at java.security.AccessController.doPrivileged(Native Method) ~[?:1.8.0_332]
	at javax.security.auth.Subject.doAs(Subject.java:422) [?:1.8.0_332]
	at org.apache.hadoop.security.UserGroupInformation.doAs(UserGroupInformation.java:1878) [hadoop-common-3.3.1.jar:?]
	at org.apache.hadoop.ipc.Server$Handler.run(Server.java:2966) [hadoop-common-3.3.1.jar:?]
16:20:45.308 [IPC Server handler 5 on default port 42069] ERROR OMAudit - user=runner | ip=127.0.0.1 | op=GET_FILE_STATUS {volume=volume78592, bucket=bucket02397, key=testBatchDelete/parent/child2, dataSize=0, replicationConfig=null} | ret=FAILURE
org.apache.hadoop.ozone.om.exceptions.OMException: Unable to get file status: volume: volume78592 bucket: bucket02397 key: testBatchDelete/parent/child2
	at org.apache.hadoop.ozone.om.KeyManagerImpl.getOzoneFileStatus(KeyManagerImpl.java:1283) ~[ozone-manager-1.3.0-SNAPSHOT.jar:?]
	at org.apache.hadoop.ozone.om.KeyManagerImpl.getFileStatus(KeyManagerImpl.java:1213) ~[ozone-manager-1.3.0-SNAPSHOT.jar:?]
	at org.apache.hadoop.ozone.om.OzoneManager.getFileStatus(OzoneManager.java:3419) ~[ozone-manager-1.3.0-SNAPSHOT.jar:?]
	at org.apache.hadoop.ozone.protocolPB.OzoneManagerRequestHandler.getOzoneFileStatus(OzoneManagerRequestHandler.java:871) ~[ozone-manager-1.3.0-SNAPSHOT.jar:?]
	at org.apache.hadoop.ozone.protocolPB.OzoneManagerRequestHandler.handleReadRequest(OzoneManagerRequestHandler.java:217) ~[ozone-manager-1.3.0-SNAPSHOT.jar:?]
	at org.apache.hadoop.ozone.protocolPB.OzoneManagerProtocolServerSideTranslatorPB.submitRequestDirectlyToOM(OzoneManagerProtocolServerSideTranslatorPB.java:284) ~[ozone-manager-1.3.0-SNAPSHOT.jar:?]
	at org.apache.hadoop.ozone.protocolPB.OzoneManagerProtocolServerSideTranslatorPB.processRequest(OzoneManagerProtocolServerSideTranslatorPB.java:207) ~[ozone-manager-1.3.0-SNAPSHOT.jar:?]
	at org.apache.hadoop.hdds.server.OzoneProtocolMessageDispatcher.processRequest(OzoneProtocolMessageDispatcher.java:87) [hdds-server-framework-1.3.0-SNAPSHOT.jar:?]
	at org.apache.hadoop.ozone.protocolPB.OzoneManagerProtocolServerSideTranslatorPB.submitRequest(OzoneManagerProtocolServerSideTranslatorPB.java:147) [ozone-manager-1.3.0-SNAPSHOT.jar:?]
	at org.apache.hadoop.ozone.protocol.proto.OzoneManagerProtocolProtos$OzoneManagerService$2.callBlockingMethod(OzoneManagerProtocolProtos.java) [ozone-interface-client-1.3.0-SNAPSHOT.jar:?]
	at org.apache.hadoop.ipc.ProtobufRpcEngine$Server.processCall(ProtobufRpcEngine.java:466) [hadoop-common-3.3.1.jar:?]
	at org.apache.hadoop.ipc.ProtobufRpcEngine2$Server$ProtoBufRpcInvoker.call(ProtobufRpcEngine2.java:574) [hadoop-common-3.3.1.jar:?]
	at org.apache.hadoop.ipc.ProtobufRpcEngine2$Server$ProtoBufRpcInvoker.call(ProtobufRpcEngine2.java:552) [hadoop-common-3.3.1.jar:?]
	at org.apache.hadoop.ipc.RPC$Server.call(RPC.java:1093) [hadoop-common-3.3.1.jar:?]
	at org.apache.hadoop.ipc.Server$RpcCall.run(Server.java:1035) [hadoop-common-3.3.1.jar:?]
	at org.apache.hadoop.ipc.Server$RpcCall.run(Server.java:963) [hadoop-common-3.3.1.jar:?]
	at java.security.AccessController.doPrivileged(Native Method) ~[?:1.8.0_332]
	at javax.security.auth.Subject.doAs(Subject.java:422) [?:1.8.0_332]
	at org.apache.hadoop.security.UserGroupInformation.doAs(UserGroupInformation.java:1878) [hadoop-common-3.3.1.jar:?]
	at org.apache.hadoop.ipc.Server$Handler.run(Server.java:2966) [hadoop-common-3.3.1.jar:?]
16:20:45.309 [IPC Server handler 7 on default port 42069] ERROR OMAudit - user=runner | ip=127.0.0.1 | op=GET_FILE_STATUS {volume=volume78592, bucket=bucket02397, key=testBatchDelete/parent/childFolder/child2, dataSize=0, replicationConfig=null} | ret=FAILURE
org.apache.hadoop.ozone.om.exceptions.OMException: Unable to get file status: volume: volume78592 bucket: bucket02397 key: testBatchDelete/parent/childFolder/child2
	at org.apache.hadoop.ozone.om.KeyManagerImpl.getOzoneFileStatus(KeyManagerImpl.java:1283) ~[ozone-manager-1.3.0-SNAPSHOT.jar:?]
	at org.apache.hadoop.ozone.om.KeyManagerImpl.getFileStatus(KeyManagerImpl.java:1213) ~[ozone-manager-1.3.0-SNAPSHOT.jar:?]
	at org.apache.hadoop.ozone.om.OzoneManager.getFileStatus(OzoneManager.java:3419) ~[ozone-manager-1.3.0-SNAPSHOT.jar:?]
	at org.apache.hadoop.ozone.protocolPB.OzoneManagerRequestHandler.getOzoneFileStatus(OzoneManagerRequestHandler.java:871) ~[ozone-manager-1.3.0-SNAPSHOT.jar:?]
	at org.apache.hadoop.ozone.protocolPB.OzoneManagerRequestHandler.handleReadRequest(OzoneManagerRequestHandler.java:217) ~[ozone-manager-1.3.0-SNAPSHOT.jar:?]
	at org.apache.hadoop.ozone.protocolPB.OzoneManagerProtocolServerSideTranslatorPB.submitRequestDirectlyToOM(OzoneManagerProtocolServerSideTranslatorPB.java:284) ~[ozone-manager-1.3.0-SNAPSHOT.jar:?]
	at org.apache.hadoop.ozone.protocolPB.OzoneManagerProtocolServerSideTranslatorPB.processRequest(OzoneManagerProtocolServerSideTranslatorPB.java:207) ~[ozone-manager-1.3.0-SNAPSHOT.jar:?]
	at org.apache.hadoop.hdds.server.OzoneProtocolMessageDispatcher.processRequest(OzoneProtocolMessageDispatcher.java:87) [hdds-server-framework-1.3.0-SNAPSHOT.jar:?]
	at org.apache.hadoop.ozone.protocolPB.OzoneManagerProtocolServerSideTranslatorPB.submitRequest(OzoneManagerProtocolServerSideTranslatorPB.java:147) [ozone-manager-1.3.0-SNAPSHOT.jar:?]
	at org.apache.hadoop.ozone.protocol.proto.OzoneManagerProtocolProtos$OzoneManagerService$2.callBlockingMethod(OzoneManagerProtocolProtos.java) [ozone-interface-client-1.3.0-SNAPSHOT.jar:?]
	at org.apache.hadoop.ipc.ProtobufRpcEngine$Server.processCall(ProtobufRpcEngine.java:466) [hadoop-common-3.3.1.jar:?]
	at org.apache.hadoop.ipc.ProtobufRpcEngine2$Server$ProtoBufRpcInvoker.call(ProtobufRpcEngine2.java:574) [hadoop-common-3.3.1.jar:?]
	at org.apache.hadoop.ipc.ProtobufRpcEngine2$Server$ProtoBufRpcInvoker.call(ProtobufRpcEngine2.java:552) [hadoop-common-3.3.1.jar:?]
	at org.apache.hadoop.ipc.RPC$Server.call(RPC.java:1093) [hadoop-common-3.3.1.jar:?]
	at org.apache.hadoop.ipc.Server$RpcCall.run(Server.java:1035) [hadoop-common-3.3.1.jar:?]
	at org.apache.hadoop.ipc.Server$RpcCall.run(Server.java:963) [hadoop-common-3.3.1.jar:?]
	at java.security.AccessController.doPrivileged(Native Method) ~[?:1.8.0_332]
	at javax.security.auth.Subject.doAs(Subject.java:422) [?:1.8.0_332]
	at org.apache.hadoop.security.UserGroupInformation.doAs(UserGroupInformation.java:1878) [hadoop-common-3.3.1.jar:?]
	at org.apache.hadoop.ipc.Server$Handler.run(Server.java:2966) [hadoop-common-3.3.1.jar:?]
16:20:45.309 [IPC Server handler 9 on default port 42069] ERROR OMAudit - user=runner | ip=127.0.0.1 | op=GET_FILE_STATUS {volume=volume78592, bucket=bucket02397, key=testBatchDelete/parent/child3, dataSize=0, replicationConfig=null} | ret=FAILURE
org.apache.hadoop.ozone.om.exceptions.OMException: Unable to get file status: volume: volume78592 bucket: bucket02397 key: testBatchDelete/parent/child3
	at org.apache.hadoop.ozone.om.KeyManagerImpl.getOzoneFileStatus(KeyManagerImpl.java:1283) ~[ozone-manager-1.3.0-SNAPSHOT.jar:?]
	at org.apache.hadoop.ozone.om.KeyManagerImpl.getFileStatus(KeyManagerImpl.java:1213) ~[ozone-manager-1.3.0-SNAPSHOT.jar:?]
	at org.apache.hadoop.ozone.om.OzoneManager.getFileStatus(OzoneManager.java:3419) ~[ozone-manager-1.3.0-SNAPSHOT.jar:?]
	at org.apache.hadoop.ozone.protocolPB.OzoneManagerRequestHandler.getOzoneFileStatus(OzoneManagerRequestHandler.java:871) ~[ozone-manager-1.3.0-SNAPSHOT.jar:?]
	at org.apache.hadoop.ozone.protocolPB.OzoneManagerRequestHandler.handleReadRequest(OzoneManagerRequestHandler.java:217) ~[ozone-manager-1.3.0-SNAPSHOT.jar:?]
	at org.apache.hadoop.ozone.protocolPB.OzoneManagerProtocolServerSideTranslatorPB.submitRequestDirectlyToOM(OzoneManagerProtocolServerSideTranslatorPB.java:284) ~[ozone-manager-1.3.0-SNAPSHOT.jar:?]
	at org.apache.hadoop.ozone.protocolPB.OzoneManagerProtocolServerSideTranslatorPB.processRequest(OzoneManagerProtocolServerSideTranslatorPB.java:207) ~[ozone-manager-1.3.0-SNAPSHOT.jar:?]
	at org.apache.hadoop.hdds.server.OzoneProtocolMessageDispatcher.processRequest(OzoneProtocolMessageDispatcher.java:87) [hdds-server-framework-1.3.0-SNAPSHOT.jar:?]
	at org.apache.hadoop.ozone.protocolPB.OzoneManagerProtocolServerSideTranslatorPB.submitRequest(OzoneManagerProtocolServerSideTranslatorPB.java:147) [ozone-manager-1.3.0-SNAPSHOT.jar:?]
	at org.apache.hadoop.ozone.protocol.proto.OzoneManagerProtocolProtos$OzoneManagerService$2.callBlockingMethod(OzoneManagerProtocolProtos.java) [ozone-interface-client-1.3.0-SNAPSHOT.jar:?]
	at org.apache.hadoop.ipc.ProtobufRpcEngine$Server.processCall(ProtobufRpcEngine.java:466) [hadoop-common-3.3.1.jar:?]
	at org.apache.hadoop.ipc.ProtobufRpcEngine2$Server$ProtoBufRpcInvoker.call(ProtobufRpcEngine2.java:574) [hadoop-common-3.3.1.jar:?]
	at org.apache.hadoop.ipc.ProtobufRpcEngine2$Server$ProtoBufRpcInvoker.call(ProtobufRpcEngine2.java:552) [hadoop-common-3.3.1.jar:?]
	at org.apache.hadoop.ipc.RPC$Server.call(RPC.java:1093) [hadoop-common-3.3.1.jar:?]
	at org.apache.hadoop.ipc.Server$RpcCall.run(Server.java:1035) [hadoop-common-3.3.1.jar:?]
	at org.apache.hadoop.ipc.Server$RpcCall.run(Server.java:963) [hadoop-common-3.3.1.jar:?]
	at java.security.AccessController.doPrivileged(Native Method) ~[?:1.8.0_332]
	at javax.security.auth.Subject.doAs(Subject.java:422) [?:1.8.0_332]
	at org.apache.hadoop.security.UserGroupInformation.doAs(UserGroupInformation.java:1878) [hadoop-common-3.3.1.jar:?]
	at org.apache.hadoop.ipc.Server$Handler.run(Server.java:2966) [hadoop-common-3.3.1.jar:?]
16:20:45.310 [IPC Server handler 12 on default port 42069] ERROR OMAudit - user=runner | ip=127.0.0.1 | op=GET_FILE_STATUS {volume=volume78592, bucket=bucket02397, key=testBatchDelete/parent/childFolder/child3, dataSize=0, replicationConfig=null} | ret=FAILURE
org.apache.hadoop.ozone.om.exceptions.OMException: Unable to get file status: volume: volume78592 bucket: bucket02397 key: testBatchDelete/parent/childFolder/child3
	at org.apache.hadoop.ozone.om.KeyManagerImpl.getOzoneFileStatus(KeyManagerImpl.java:1283) ~[ozone-manager-1.3.0-SNAPSHOT.jar:?]
	at org.apache.hadoop.ozone.om.KeyManagerImpl.getFileStatus(KeyManagerImpl.java:1213) ~[ozone-manager-1.3.0-SNAPSHOT.jar:?]
	at org.apache.hadoop.ozone.om.OzoneManager.getFileStatus(OzoneManager.java:3419) ~[ozone-manager-1.3.0-SNAPSHOT.jar:?]
	at org.apache.hadoop.ozone.protocolPB.OzoneManagerRequestHandler.getOzoneFileStatus(OzoneManagerRequestHandler.java:871) ~[ozone-manager-1.3.0-SNAPSHOT.jar:?]
	at org.apache.hadoop.ozone.protocolPB.OzoneManagerRequestHandler.handleReadRequest(OzoneManagerRequestHandler.java:217) ~[ozone-manager-1.3.0-SNAPSHOT.jar:?]
	at org.apache.hadoop.ozone.protocolPB.OzoneManagerProtocolServerSideTranslatorPB.submitRequestDirectlyToOM(OzoneManagerProtocolServerSideTranslatorPB.java:284) ~[ozone-manager-1.3.0-SNAPSHOT.jar:?]
	at org.apache.hadoop.ozone.protocolPB.OzoneManagerProtocolServerSideTranslatorPB.processRequest(OzoneManagerProtocolServerSideTranslatorPB.java:207) ~[ozone-manager-1.3.0-SNAPSHOT.jar:?]
	at org.apache.hadoop.hdds.server.OzoneProtocolMessageDispatcher.processRequest(OzoneProtocolMessageDispatcher.java:87) [hdds-server-framework-1.3.0-SNAPSHOT.jar:?]
	at org.apache.hadoop.ozone.protocolPB.OzoneManagerProtocolServerSideTranslatorPB.submitRequest(OzoneManagerProtocolServerSideTranslatorPB.java:147) [ozone-manager-1.3.0-SNAPSHOT.jar:?]
	at org.apache.hadoop.ozone.protocol.proto.OzoneManagerProtocolProtos$OzoneManagerService$2.callBlockingMethod(OzoneManagerProtocolProtos.java) [ozone-interface-client-1.3.0-SNAPSHOT.jar:?]
	at org.apache.hadoop.ipc.ProtobufRpcEngine$Server.processCall(ProtobufRpcEngine.java:466) [hadoop-common-3.3.1.jar:?]
	at org.apache.hadoop.ipc.ProtobufRpcEngine2$Server$ProtoBufRpcInvoker.call(ProtobufRpcEngine2.java:574) [hadoop-common-3.3.1.jar:?]
	at org.apache.hadoop.ipc.ProtobufRpcEngine2$Server$ProtoBufRpcInvoker.call(ProtobufRpcEngine2.java:552) [hadoop-common-3.3.1.jar:?]
	at org.apache.hadoop.ipc.RPC$Server.call(RPC.java:1093) [hadoop-common-3.3.1.jar:?]
	at org.apache.hadoop.ipc.Server$RpcCall.run(Server.java:1035) [hadoop-common-3.3.1.jar:?]
	at org.apache.hadoop.ipc.Server$RpcCall.run(Server.java:963) [hadoop-common-3.3.1.jar:?]
	at java.security.AccessController.doPrivileged(Native Method) ~[?:1.8.0_332]
	at javax.security.auth.Subject.doAs(Subject.java:422) [?:1.8.0_332]
	at org.apache.hadoop.security.UserGroupInformation.doAs(UserGroupInformation.java:1878) [hadoop-common-3.3.1.jar:?]
	at org.apache.hadoop.ipc.Server$Handler.run(Server.java:2966) [hadoop-common-3.3.1.jar:?]
16:20:45.311 [IPC Server handler 13 on default port 42069] ERROR OMAudit - user=runner | ip=127.0.0.1 | op=GET_FILE_STATUS {volume=volume78592, bucket=bucket02397, key=testBatchDelete/parent/child4, dataSize=0, replicationConfig=null} | ret=FAILURE
org.apache.hadoop.ozone.om.exceptions.OMException: Unable to get file status: volume: volume78592 bucket: bucket02397 key: testBatchDelete/parent/child4
	at org.apache.hadoop.ozone.om.KeyManagerImpl.getOzoneFileStatus(KeyManagerImpl.java:1283) ~[ozone-manager-1.3.0-SNAPSHOT.jar:?]
	at org.apache.hadoop.ozone.om.KeyManagerImpl.getFileStatus(KeyManagerImpl.java:1213) ~[ozone-manager-1.3.0-SNAPSHOT.jar:?]
	at org.apache.hadoop.ozone.om.OzoneManager.getFileStatus(OzoneManager.java:3419) ~[ozone-manager-1.3.0-SNAPSHOT.jar:?]
	at org.apache.hadoop.ozone.protocolPB.OzoneManagerRequestHandler.getOzoneFileStatus(OzoneManagerRequestHandler.java:871) ~[ozone-manager-1.3.0-SNAPSHOT.jar:?]
	at org.apache.hadoop.ozone.protocolPB.OzoneManagerRequestHandler.handleReadRequest(OzoneManagerRequestHandler.java:217) ~[ozone-manager-1.3.0-SNAPSHOT.jar:?]
	at org.apache.hadoop.ozone.protocolPB.OzoneManagerProtocolServerSideTranslatorPB.submitRequestDirectlyToOM(OzoneManagerProtocolServerSideTranslatorPB.java:284) ~[ozone-manager-1.3.0-SNAPSHOT.jar:?]
	at org.apache.hadoop.ozone.protocolPB.OzoneManagerProtocolServerSideTranslatorPB.processRequest(OzoneManagerProtocolServerSideTranslatorPB.java:207) ~[ozone-manager-1.3.0-SNAPSHOT.jar:?]
	at org.apache.hadoop.hdds.server.OzoneProtocolMessageDispatcher.processRequest(OzoneProtocolMessageDispatcher.java:87) [hdds-server-framework-1.3.0-SNAPSHOT.jar:?]
	at org.apache.hadoop.ozone.protocolPB.OzoneManagerProtocolServerSideTranslatorPB.submitRequest(OzoneManagerProtocolServerSideTranslatorPB.java:147) [ozone-manager-1.3.0-SNAPSHOT.jar:?]
	at org.apache.hadoop.ozone.protocol.proto.OzoneManagerProtocolProtos$OzoneManagerService$2.callBlockingMethod(OzoneManagerProtocolProtos.java) [ozone-interface-client-1.3.0-SNAPSHOT.jar:?]
	at org.apache.hadoop.ipc.ProtobufRpcEngine$Server.processCall(ProtobufRpcEngine.java:466) [hadoop-common-3.3.1.jar:?]
	at org.apache.hadoop.ipc.ProtobufRpcEngine2$Server$ProtoBufRpcInvoker.call(ProtobufRpcEngine2.java:574) [hadoop-common-3.3.1.jar:?]
	at org.apache.hadoop.ipc.ProtobufRpcEngine2$Server$ProtoBufRpcInvoker.call(ProtobufRpcEngine2.java:552) [hadoop-common-3.3.1.jar:?]
	at org.apache.hadoop.ipc.RPC$Server.call(RPC.java:1093) [hadoop-common-3.3.1.jar:?]
	at org.apache.hadoop.ipc.Server$RpcCall.run(Server.java:1035) [hadoop-common-3.3.1.jar:?]
	at org.apache.hadoop.ipc.Server$RpcCall.run(Server.java:963) [hadoop-common-3.3.1.jar:?]
	at java.security.AccessController.doPrivileged(Native Method) ~[?:1.8.0_332]
	at javax.security.auth.Subject.doAs(Subject.java:422) [?:1.8.0_332]
	at org.apache.hadoop.security.UserGroupInformation.doAs(UserGroupInformation.java:1878) [hadoop-common-3.3.1.jar:?]
	at org.apache.hadoop.ipc.Server$Handler.run(Server.java:2966) [hadoop-common-3.3.1.jar:?]
16:20:45.312 [IPC Server handler 15 on default port 42069] ERROR OMAudit - user=runner | ip=127.0.0.1 | op=GET_FILE_STATUS {volume=volume78592, bucket=bucket02397, key=testBatchDelete/parent/childFolder/child4, dataSize=0, replicationConfig=null} | ret=FAILURE
org.apache.hadoop.ozone.om.exceptions.OMException: Unable to get file status: volume: volume78592 bucket: bucket02397 key: testBatchDelete/parent/childFolder/child4
	at org.apache.hadoop.ozone.om.KeyManagerImpl.getOzoneFileStatus(KeyManagerImpl.java:1283) ~[ozone-manager-1.3.0-SNAPSHOT.jar:?]
	at org.apache.hadoop.ozone.om.KeyManagerImpl.getFileStatus(KeyManagerImpl.java:1213) ~[ozone-manager-1.3.0-SNAPSHOT.jar:?]
	at org.apache.hadoop.ozone.om.OzoneManager.getFileStatus(OzoneManager.java:3419) ~[ozone-manager-1.3.0-SNAPSHOT.jar:?]
	at org.apache.hadoop.ozone.protocolPB.OzoneManagerRequestHandler.getOzoneFileStatus(OzoneManagerRequestHandler.java:871) ~[ozone-manager-1.3.0-SNAPSHOT.jar:?]
	at org.apache.hadoop.ozone.protocolPB.OzoneManagerRequestHandler.handleReadRequest(OzoneManagerRequestHandler.java:217) ~[ozone-manager-1.3.0-SNAPSHOT.jar:?]
	at org.apache.hadoop.ozone.protocolPB.OzoneManagerProtocolServerSideTranslatorPB.submitRequestDirectlyToOM(OzoneManagerProtocolServerSideTranslatorPB.java:284) ~[ozone-manager-1.3.0-SNAPSHOT.jar:?]
	at org.apache.hadoop.ozone.protocolPB.OzoneManagerProtocolServerSideTranslatorPB.processRequest(OzoneManagerProtocolServerSideTranslatorPB.java:207) ~[ozone-manager-1.3.0-SNAPSHOT.jar:?]
	at org.apache.hadoop.hdds.server.OzoneProtocolMessageDispatcher.processRequest(OzoneProtocolMessageDispatcher.java:87) [hdds-server-framework-1.3.0-SNAPSHOT.jar:?]
	at org.apache.hadoop.ozone.protocolPB.OzoneManagerProtocolServerSideTranslatorPB.submitRequest(OzoneManagerProtocolServerSideTranslatorPB.java:147) [ozone-manager-1.3.0-SNAPSHOT.jar:?]
	at org.apache.hadoop.ozone.protocol.proto.OzoneManagerProtocolProtos$OzoneManagerService$2.callBlockingMethod(OzoneManagerProtocolProtos.java) [ozone-interface-client-1.3.0-SNAPSHOT.jar:?]
	at org.apache.hadoop.ipc.ProtobufRpcEngine$Server.processCall(ProtobufRpcEngine.java:466) [hadoop-common-3.3.1.jar:?]
	at org.apache.hadoop.ipc.ProtobufRpcEngine2$Server$ProtoBufRpcInvoker.call(ProtobufRpcEngine2.java:574) [hadoop-common-3.3.1.jar:?]
	at org.apache.hadoop.ipc.ProtobufRpcEngine2$Server$ProtoBufRpcInvoker.call(ProtobufRpcEngine2.java:552) [hadoop-common-3.3.1.jar:?]
	at org.apache.hadoop.ipc.RPC$Server.call(RPC.java:1093) [hadoop-common-3.3.1.jar:?]
	at org.apache.hadoop.ipc.Server$RpcCall.run(Server.java:1035) [hadoop-common-3.3.1.jar:?]
	at org.apache.hadoop.ipc.Server$RpcCall.run(Server.java:963) [hadoop-common-3.3.1.jar:?]
	at java.security.AccessController.doPrivileged(Native Method) ~[?:1.8.0_332]
	at javax.security.auth.Subject.doAs(Subject.java:422) [?:1.8.0_332]
	at org.apache.hadoop.security.UserGroupInformation.doAs(UserGroupInformation.java:1878) [hadoop-common-3.3.1.jar:?]
	at org.apache.hadoop.ipc.Server$Handler.run(Server.java:2966) [hadoop-common-3.3.1.jar:?]
16:20:45.312 [IPC Server handler 14 on default port 42069] ERROR OMAudit - user=runner | ip=127.0.0.1 | op=GET_FILE_STATUS {volume=volume78592, bucket=bucket02397, key=testBatchDelete/parent/child5, dataSize=0, replicationConfig=null} | ret=FAILURE
org.apache.hadoop.ozone.om.exceptions.OMException: Unable to get file status: volume: volume78592 bucket: bucket02397 key: testBatchDelete/parent/child5
	at org.apache.hadoop.ozone.om.KeyManagerImpl.getOzoneFileStatus(KeyManagerImpl.java:1283) ~[ozone-manager-1.3.0-SNAPSHOT.jar:?]
	at org.apache.hadoop.ozone.om.KeyManagerImpl.getFileStatus(KeyManagerImpl.java:1213) ~[ozone-manager-1.3.0-SNAPSHOT.jar:?]
	at org.apache.hadoop.ozone.om.OzoneManager.getFileStatus(OzoneManager.java:3419) ~[ozone-manager-1.3.0-SNAPSHOT.jar:?]
	at org.apache.hadoop.ozone.protocolPB.OzoneManagerRequestHandler.getOzoneFileStatus(OzoneManagerRequestHandler.java:871) ~[ozone-manager-1.3.0-SNAPSHOT.jar:?]
	at org.apache.hadoop.ozone.protocolPB.OzoneManagerRequestHandler.handleReadRequest(OzoneManagerRequestHandler.java:217) ~[ozone-manager-1.3.0-SNAPSHOT.jar:?]
	at org.apache.hadoop.ozone.protocolPB.OzoneManagerProtocolServerSideTranslatorPB.submitRequestDirectlyToOM(OzoneManagerProtocolServerSideTranslatorPB.java:284) ~[ozone-manager-1.3.0-SNAPSHOT.jar:?]
	at org.apache.hadoop.ozone.protocolPB.OzoneManagerProtocolServerSideTranslatorPB.processRequest(OzoneManagerProtocolServerSideTranslatorPB.java:207) ~[ozone-manager-1.3.0-SNAPSHOT.jar:?]
	at org.apache.hadoop.hdds.server.OzoneProtocolMessageDispatcher.processRequest(OzoneProtocolMessageDispatcher.java:87) [hdds-server-framework-1.3.0-SNAPSHOT.jar:?]
	at org.apache.hadoop.ozone.protocolPB.OzoneManagerProtocolServerSideTranslatorPB.submitRequest(OzoneManagerProtocolServerSideTranslatorPB.java:147) [ozone-manager-1.3.0-SNAPSHOT.jar:?]
	at org.apache.hadoop.ozone.protocol.proto.OzoneManagerProtocolProtos$OzoneManagerService$2.callBlockingMethod(OzoneManagerProtocolProtos.java) [ozone-interface-client-1.3.0-SNAPSHOT.jar:?]
	at org.apache.hadoop.ipc.ProtobufRpcEngine$Server.processCall(ProtobufRpcEngine.java:466) [hadoop-common-3.3.1.jar:?]
	at org.apache.hadoop.ipc.ProtobufRpcEngine2$Server$ProtoBufRpcInvoker.call(ProtobufRpcEngine2.java:574) [hadoop-common-3.3.1.jar:?]
	at org.apache.hadoop.ipc.ProtobufRpcEngine2$Server$ProtoBufRpcInvoker.call(ProtobufRpcEngine2.java:552) [hadoop-common-3.3.1.jar:?]
	at org.apache.hadoop.ipc.RPC$Server.call(RPC.java:1093) [hadoop-common-3.3.1.jar:?]
	at org.apache.hadoop.ipc.Server$RpcCall.run(Server.java:1035) [hadoop-common-3.3.1.jar:?]
	at org.apache.hadoop.ipc.Server$RpcCall.run(Server.java:963) [hadoop-common-3.3.1.jar:?]
	at java.security.AccessController.doPrivileged(Native Method) ~[?:1.8.0_332]
	at javax.security.auth.Subject.doAs(Subject.java:422) [?:1.8.0_332]
	at org.apache.hadoop.security.UserGroupInformation.doAs(UserGroupInformation.java:1878) [hadoop-common-3.3.1.jar:?]
	at org.apache.hadoop.ipc.Server$Handler.run(Server.java:2966) [hadoop-common-3.3.1.jar:?]
16:20:45.313 [IPC Server handler 19 on default port 42069] ERROR OMAudit - user=runner | ip=127.0.0.1 | op=GET_FILE_STATUS {volume=volume78592, bucket=bucket02397, key=testBatchDelete/parent/childFolder/child5, dataSize=0, replicationConfig=null} | ret=FAILURE
org.apache.hadoop.ozone.om.exceptions.OMException: Unable to get file status: volume: volume78592 bucket: bucket02397 key: testBatchDelete/parent/childFolder/child5
	at org.apache.hadoop.ozone.om.KeyManagerImpl.getOzoneFileStatus(KeyManagerImpl.java:1283) ~[ozone-manager-1.3.0-SNAPSHOT.jar:?]
	at org.apache.hadoop.ozone.om.KeyManagerImpl.getFileStatus(KeyManagerImpl.java:1213) ~[ozone-manager-1.3.0-SNAPSHOT.jar:?]
	at org.apache.hadoop.ozone.om.OzoneManager.getFileStatus(OzoneManager.java:3419) ~[ozone-manager-1.3.0-SNAPSHOT.jar:?]
	at org.apache.hadoop.ozone.protocolPB.OzoneManagerRequestHandler.getOzoneFileStatus(OzoneManagerRequestHandler.java:871) ~[ozone-manager-1.3.0-SNAPSHOT.jar:?]
	at org.apache.hadoop.ozone.protocolPB.OzoneManagerRequestHandler.handleReadRequest(OzoneManagerRequestHandler.java:217) ~[ozone-manager-1.3.0-SNAPSHOT.jar:?]
	at org.apache.hadoop.ozone.protocolPB.OzoneManagerProtocolServerSideTranslatorPB.submitRequestDirectlyToOM(OzoneManagerProtocolServerSideTranslatorPB.java:284) ~[ozone-manager-1.3.0-SNAPSHOT.jar:?]
	at org.apache.hadoop.ozone.protocolPB.OzoneManagerProtocolServerSideTranslatorPB.processRequest(OzoneManagerProtocolServerSideTranslatorPB.java:207) ~[ozone-manager-1.3.0-SNAPSHOT.jar:?]
	at org.apache.hadoop.hdds.server.OzoneProtocolMessageDispatcher.processRequest(OzoneProtocolMessageDispatcher.java:87) [hdds-server-framework-1.3.0-SNAPSHOT.jar:?]
	at org.apache.hadoop.ozone.protocolPB.OzoneManagerProtocolServerSideTranslatorPB.submitRequest(OzoneManagerProtocolServerSideTranslatorPB.java:147) [ozone-manager-1.3.0-SNAPSHOT.jar:?]
	at org.apache.hadoop.ozone.protocol.proto.OzoneManagerProtocolProtos$OzoneManagerService$2.callBlockingMethod(OzoneManagerProtocolProtos.java) [ozone-interface-client-1.3.0-SNAPSHOT.jar:?]
	at org.apache.hadoop.ipc.ProtobufRpcEngine$Server.processCall(ProtobufRpcEngine.java:466) [hadoop-common-3.3.1.jar:?]
	at org.apache.hadoop.ipc.ProtobufRpcEngine2$Server$ProtoBufRpcInvoker.call(ProtobufRpcEngine2.java:574) [hadoop-common-3.3.1.jar:?]
	at org.apache.hadoop.ipc.ProtobufRpcEngine2$Server$ProtoBufRpcInvoker.call(ProtobufRpcEngine2.java:552) [hadoop-common-3.3.1.jar:?]
	at org.apache.hadoop.ipc.RPC$Server.call(RPC.java:1093) [hadoop-common-3.3.1.jar:?]
	at org.apache.hadoop.ipc.Server$RpcCall.run(Server.java:1035) [hadoop-common-3.3.1.jar:?]
	at org.apache.hadoop.ipc.Server$RpcCall.run(Server.java:963) [hadoop-common-3.3.1.jar:?]
	at java.security.AccessController.doPrivileged(Native Method) ~[?:1.8.0_332]
	at javax.security.auth.Subject.doAs(Subject.java:422) [?:1.8.0_332]
	at org.apache.hadoop.security.UserGroupInformation.doAs(UserGroupInformation.java:1878) [hadoop-common-3.3.1.jar:?]
	at org.apache.hadoop.ipc.Server$Handler.run(Server.java:2966) [hadoop-common-3.3.1.jar:?]
16:20:45.314 [IPC Server handler 1 on default port 42069] ERROR OMAudit - user=runner | ip=127.0.0.1 | op=GET_FILE_STATUS {volume=volume78592, bucket=bucket02397, key=testBatchDelete/parent/child6, dataSize=0, replicationConfig=null} | ret=FAILURE
org.apache.hadoop.ozone.om.exceptions.OMException: Unable to get file status: volume: volume78592 bucket: bucket02397 key: testBatchDelete/parent/child6
	at org.apache.hadoop.ozone.om.KeyManagerImpl.getOzoneFileStatus(KeyManagerImpl.java:1283) ~[ozone-manager-1.3.0-SNAPSHOT.jar:?]
	at org.apache.hadoop.ozone.om.KeyManagerImpl.getFileStatus(KeyManagerImpl.java:1213) ~[ozone-manager-1.3.0-SNAPSHOT.jar:?]
	at org.apache.hadoop.ozone.om.OzoneManager.getFileStatus(OzoneManager.java:3419) ~[ozone-manager-1.3.0-SNAPSHOT.jar:?]
	at org.apache.hadoop.ozone.protocolPB.OzoneManagerRequestHandler.getOzoneFileStatus(OzoneManagerRequestHandler.java:871) ~[ozone-manager-1.3.0-SNAPSHOT.jar:?]
	at org.apache.hadoop.ozone.protocolPB.OzoneManagerRequestHandler.handleReadRequest(OzoneManagerRequestHandler.java:217) ~[ozone-manager-1.3.0-SNAPSHOT.jar:?]
	at org.apache.hadoop.ozone.protocolPB.OzoneManagerProtocolServerSideTranslatorPB.submitRequestDirectlyToOM(OzoneManagerProtocolServerSideTranslatorPB.java:284) ~[ozone-manager-1.3.0-SNAPSHOT.jar:?]
	at org.apache.hadoop.ozone.protocolPB.OzoneManagerProtocolServerSideTranslatorPB.processRequest(OzoneManagerProtocolServerSideTranslatorPB.java:207) ~[ozone-manager-1.3.0-SNAPSHOT.jar:?]
	at org.apache.hadoop.hdds.server.OzoneProtocolMessageDispatcher.processRequest(OzoneProtocolMessageDispatcher.java:87) [hdds-server-framework-1.3.0-SNAPSHOT.jar:?]
	at org.apache.hadoop.ozone.protocolPB.OzoneManagerProtocolServerSideTranslatorPB.submitRequest(OzoneManagerProtocolServerSideTranslatorPB.java:147) [ozone-manager-1.3.0-SNAPSHOT.jar:?]
	at org.apache.hadoop.ozone.protocol.proto.OzoneManagerProtocolProtos$OzoneManagerService$2.callBlockingMethod(OzoneManagerProtocolProtos.java) [ozone-interface-client-1.3.0-SNAPSHOT.jar:?]
	at org.apache.hadoop.ipc.ProtobufRpcEngine$Server.processCall(ProtobufRpcEngine.java:466) [hadoop-common-3.3.1.jar:?]
	at org.apache.hadoop.ipc.ProtobufRpcEngine2$Server$ProtoBufRpcInvoker.call(ProtobufRpcEngine2.java:574) [hadoop-common-3.3.1.jar:?]
	at org.apache.hadoop.ipc.ProtobufRpcEngine2$Server$ProtoBufRpcInvoker.call(ProtobufRpcEngine2.java:552) [hadoop-common-3.3.1.jar:?]
	at org.apache.hadoop.ipc.RPC$Server.call(RPC.java:1093) [hadoop-common-3.3.1.jar:?]
	at org.apache.hadoop.ipc.Server$RpcCall.run(Server.java:1035) [hadoop-common-3.3.1.jar:?]
	at org.apache.hadoop.ipc.Server$RpcCall.run(Server.java:963) [hadoop-common-3.3.1.jar:?]
	at java.security.AccessController.doPrivileged(Native Method) ~[?:1.8.0_332]
	at javax.security.auth.Subject.doAs(Subject.java:422) [?:1.8.0_332]
	at org.apache.hadoop.security.UserGroupInformation.doAs(UserGroupInformation.java:1878) [hadoop-common-3.3.1.jar:?]
	at org.apache.hadoop.ipc.Server$Handler.run(Server.java:2966) [hadoop-common-3.3.1.jar:?]
16:20:45.314 [IPC Server handler 2 on default port 42069] ERROR OMAudit - user=runner | ip=127.0.0.1 | op=GET_FILE_STATUS {volume=volume78592, bucket=bucket02397, key=testBatchDelete/parent/childFolder/child6, dataSize=0, replicationConfig=null} | ret=FAILURE
org.apache.hadoop.ozone.om.exceptions.OMException: Unable to get file status: volume: volume78592 bucket: bucket02397 key: testBatchDelete/parent/childFolder/child6
	at org.apache.hadoop.ozone.om.KeyManagerImpl.getOzoneFileStatus(KeyManagerImpl.java:1283) ~[ozone-manager-1.3.0-SNAPSHOT.jar:?]
	at org.apache.hadoop.ozone.om.KeyManagerImpl.getFileStatus(KeyManagerImpl.java:1213) ~[ozone-manager-1.3.0-SNAPSHOT.jar:?]
	at org.apache.hadoop.ozone.om.OzoneManager.getFileStatus(OzoneManager.java:3419) ~[ozone-manager-1.3.0-SNAPSHOT.jar:?]
	at org.apache.hadoop.ozone.protocolPB.OzoneManagerRequestHandler.getOzoneFileStatus(OzoneManagerRequestHandler.java:871) ~[ozone-manager-1.3.0-SNAPSHOT.jar:?]
	at org.apache.hadoop.ozone.protocolPB.OzoneManagerRequestHandler.handleReadRequest(OzoneManagerRequestHandler.java:217) ~[ozone-manager-1.3.0-SNAPSHOT.jar:?]
	at org.apache.hadoop.ozone.protocolPB.OzoneManagerProtocolServerSideTranslatorPB.submitRequestDirectlyToOM(OzoneManagerProtocolServerSideTranslatorPB.java:284) ~[ozone-manager-1.3.0-SNAPSHOT.jar:?]
	at org.apache.hadoop.ozone.protocolPB.OzoneManagerProtocolServerSideTranslatorPB.processRequest(OzoneManagerProtocolServerSideTranslatorPB.java:207) ~[ozone-manager-1.3.0-SNAPSHOT.jar:?]
	at org.apache.hadoop.hdds.server.OzoneProtocolMessageDispatcher.processRequest(OzoneProtocolMessageDispatcher.java:87) [hdds-server-framework-1.3.0-SNAPSHOT.jar:?]
	at org.apache.hadoop.ozone.protocolPB.OzoneManagerProtocolServerSideTranslatorPB.submitRequest(OzoneManagerProtocolServerSideTranslatorPB.java:147) [ozone-manager-1.3.0-SNAPSHOT.jar:?]
	at org.apache.hadoop.ozone.protocol.proto.OzoneManagerProtocolProtos$OzoneManagerService$2.callBlockingMethod(OzoneManagerProtocolProtos.java) [ozone-interface-client-1.3.0-SNAPSHOT.jar:?]
	at org.apache.hadoop.ipc.ProtobufRpcEngine$Server.processCall(ProtobufRpcEngine.java:466) [hadoop-common-3.3.1.jar:?]
	at org.apache.hadoop.ipc.ProtobufRpcEngine2$Server$ProtoBufRpcInvoker.call(ProtobufRpcEngine2.java:574) [hadoop-common-3.3.1.jar:?]
	at org.apache.hadoop.ipc.ProtobufRpcEngine2$Server$ProtoBufRpcInvoker.call(ProtobufRpcEngine2.java:552) [hadoop-common-3.3.1.jar:?]
	at org.apache.hadoop.ipc.RPC$Server.call(RPC.java:1093) [hadoop-common-3.3.1.jar:?]
	at org.apache.hadoop.ipc.Server$RpcCall.run(Server.java:1035) [hadoop-common-3.3.1.jar:?]
	at org.apache.hadoop.ipc.Server$RpcCall.run(Server.java:963) [hadoop-common-3.3.1.jar:?]
	at java.security.AccessController.doPrivileged(Native Method) ~[?:1.8.0_332]
	at javax.security.auth.Subject.doAs(Subject.java:422) [?:1.8.0_332]
	at org.apache.hadoop.security.UserGroupInformation.doAs(UserGroupInformation.java:1878) [hadoop-common-3.3.1.jar:?]
	at org.apache.hadoop.ipc.Server$Handler.run(Server.java:2966) [hadoop-common-3.3.1.jar:?]
16:20:45.315 [IPC Server handler 5 on default port 42069] ERROR OMAudit - user=runner | ip=127.0.0.1 | op=GET_FILE_STATUS {volume=volume78592, bucket=bucket02397, key=testBatchDelete/parent/child7, dataSize=0, replicationConfig=null} | ret=FAILURE
org.apache.hadoop.ozone.om.exceptions.OMException: Unable to get file status: volume: volume78592 bucket: bucket02397 key: testBatchDelete/parent/child7
	at org.apache.hadoop.ozone.om.KeyManagerImpl.getOzoneFileStatus(KeyManagerImpl.java:1283) ~[ozone-manager-1.3.0-SNAPSHOT.jar:?]
	at org.apache.hadoop.ozone.om.KeyManagerImpl.getFileStatus(KeyManagerImpl.java:1213) ~[ozone-manager-1.3.0-SNAPSHOT.jar:?]
	at org.apache.hadoop.ozone.om.OzoneManager.getFileStatus(OzoneManager.java:3419) ~[ozone-manager-1.3.0-SNAPSHOT.jar:?]
	at org.apache.hadoop.ozone.protocolPB.OzoneManagerRequestHandler.getOzoneFileStatus(OzoneManagerRequestHandler.java:871) ~[ozone-manager-1.3.0-SNAPSHOT.jar:?]
	at org.apache.hadoop.ozone.protocolPB.OzoneManagerRequestHandler.handleReadRequest(OzoneManagerRequestHandler.java:217) ~[ozone-manager-1.3.0-SNAPSHOT.jar:?]
	at org.apache.hadoop.ozone.protocolPB.OzoneManagerProtocolServerSideTranslatorPB.submitRequestDirectlyToOM(OzoneManagerProtocolServerSideTranslatorPB.java:284) ~[ozone-manager-1.3.0-SNAPSHOT.jar:?]
	at org.apache.hadoop.ozone.protocolPB.OzoneManagerProtocolServerSideTranslatorPB.processRequest(OzoneManagerProtocolServerSideTranslatorPB.java:207) ~[ozone-manager-1.3.0-SNAPSHOT.jar:?]
	at org.apache.hadoop.hdds.server.OzoneProtocolMessageDispatcher.processRequest(OzoneProtocolMessageDispatcher.java:87) [hdds-server-framework-1.3.0-SNAPSHOT.jar:?]
	at org.apache.hadoop.ozone.protocolPB.OzoneManagerProtocolServerSideTranslatorPB.submitRequest(OzoneManagerProtocolServerSideTranslatorPB.java:147) [ozone-manager-1.3.0-SNAPSHOT.jar:?]
	at org.apache.hadoop.ozone.protocol.proto.OzoneManagerProtocolProtos$OzoneManagerService$2.callBlockingMethod(OzoneManagerProtocolProtos.java) [ozone-interface-client-1.3.0-SNAPSHOT.jar:?]
	at org.apache.hadoop.ipc.ProtobufRpcEngine$Server.processCall(ProtobufRpcEngine.java:466) [hadoop-common-3.3.1.jar:?]
	at org.apache.hadoop.ipc.ProtobufRpcEngine2$Server$ProtoBufRpcInvoker.call(ProtobufRpcEngine2.java:574) [hadoop-common-3.3.1.jar:?]
	at org.apache.hadoop.ipc.ProtobufRpcEngine2$Server$ProtoBufRpcInvoker.call(ProtobufRpcEngine2.java:552) [hadoop-common-3.3.1.jar:?]
	at org.apache.hadoop.ipc.RPC$Server.call(RPC.java:1093) [hadoop-common-3.3.1.jar:?]
	at org.apache.hadoop.ipc.Server$RpcCall.run(Server.java:1035) [hadoop-common-3.3.1.jar:?]
	at org.apache.hadoop.ipc.Server$RpcCall.run(Server.java:963) [hadoop-common-3.3.1.jar:?]
	at java.security.AccessController.doPrivileged(Native Method) ~[?:1.8.0_332]
	at javax.security.auth.Subject.doAs(Subject.java:422) [?:1.8.0_332]
	at org.apache.hadoop.security.UserGroupInformation.doAs(UserGroupInformation.java:1878) [hadoop-common-3.3.1.jar:?]
	at org.apache.hadoop.ipc.Server$Handler.run(Server.java:2966) [hadoop-common-3.3.1.jar:?]
16:20:45.317 [IPC Server handler 7 on default port 42069] ERROR OMAudit - user=runner | ip=127.0.0.1 | op=GET_FILE_STATUS {volume=volume78592, bucket=bucket02397, key=testBatchDelete/parent/childFolder/child7, dataSize=0, replicationConfig=null} | ret=FAILURE
org.apache.hadoop.ozone.om.exceptions.OMException: Unable to get file status: volume: volume78592 bucket: bucket02397 key: testBatchDelete/parent/childFolder/child7
	at org.apache.hadoop.ozone.om.KeyManagerImpl.getOzoneFileStatus(KeyManagerImpl.java:1283) ~[ozone-manager-1.3.0-SNAPSHOT.jar:?]
	at org.apache.hadoop.ozone.om.KeyManagerImpl.getFileStatus(KeyManagerImpl.java:1213) ~[ozone-manager-1.3.0-SNAPSHOT.jar:?]
	at org.apache.hadoop.ozone.om.OzoneManager.getFileStatus(OzoneManager.java:3419) ~[ozone-manager-1.3.0-SNAPSHOT.jar:?]
	at org.apache.hadoop.ozone.protocolPB.OzoneManagerRequestHandler.getOzoneFileStatus(OzoneManagerRequestHandler.java:871) ~[ozone-manager-1.3.0-SNAPSHOT.jar:?]
	at org.apache.hadoop.ozone.protocolPB.OzoneManagerRequestHandler.handleReadRequest(OzoneManagerRequestHandler.java:217) ~[ozone-manager-1.3.0-SNAPSHOT.jar:?]
	at org.apache.hadoop.ozone.protocolPB.OzoneManagerProtocolServerSideTranslatorPB.submitRequestDirectlyToOM(OzoneManagerProtocolServerSideTranslatorPB.java:284) ~[ozone-manager-1.3.0-SNAPSHOT.jar:?]
	at org.apache.hadoop.ozone.protocolPB.OzoneManagerProtocolServerSideTranslatorPB.processRequest(OzoneManagerProtocolServerSideTranslatorPB.java:207) ~[ozone-manager-1.3.0-SNAPSHOT.jar:?]
	at org.apache.hadoop.hdds.server.OzoneProtocolMessageDispatcher.processRequest(OzoneProtocolMessageDispatcher.java:87) [hdds-server-framework-1.3.0-SNAPSHOT.jar:?]
	at org.apache.hadoop.ozone.protocolPB.OzoneManagerProtocolServerSideTranslatorPB.submitRequest(OzoneManagerProtocolServerSideTranslatorPB.java:147) [ozone-manager-1.3.0-SNAPSHOT.jar:?]
	at org.apache.hadoop.ozone.protocol.proto.OzoneManagerProtocolProtos$OzoneManagerService$2.callBlockingMethod(OzoneManagerProtocolProtos.java) [ozone-interface-client-1.3.0-SNAPSHOT.jar:?]
	at org.apache.hadoop.ipc.ProtobufRpcEngine$Server.processCall(ProtobufRpcEngine.java:466) [hadoop-common-3.3.1.jar:?]
	at org.apache.hadoop.ipc.ProtobufRpcEngine2$Server$ProtoBufRpcInvoker.call(ProtobufRpcEngine2.java:574) [hadoop-common-3.3.1.jar:?]
	at org.apache.hadoop.ipc.ProtobufRpcEngine2$Server$ProtoBufRpcInvoker.call(ProtobufRpcEngine2.java:552) [hadoop-common-3.3.1.jar:?]
	at org.apache.hadoop.ipc.RPC$Server.call(RPC.java:1093) [hadoop-common-3.3.1.jar:?]
	at org.apache.hadoop.ipc.Server$RpcCall.run(Server.java:1035) [hadoop-common-3.3.1.jar:?]
	at org.apache.hadoop.ipc.Server$RpcCall.run(Server.java:963) [hadoop-common-3.3.1.jar:?]
	at java.security.AccessController.doPrivileged(Native Method) ~[?:1.8.0_332]
	at javax.security.auth.Subject.doAs(Subject.java:422) [?:1.8.0_332]
	at org.apache.hadoop.security.UserGroupInformation.doAs(UserGroupInformation.java:1878) [hadoop-common-3.3.1.jar:?]
	at org.apache.hadoop.ipc.Server$Handler.run(Server.java:2966) [hadoop-common-3.3.1.jar:?]
16:20:45.318 [IPC Server handler 9 on default port 42069] ERROR OMAudit - user=runner | ip=127.0.0.1 | op=GET_FILE_STATUS {volume=volume78592, bucket=bucket02397, key=testBatchDelete/parent, dataSize=0, replicationConfig=null} | ret=FAILURE
org.apache.hadoop.ozone.om.exceptions.OMException: Unable to get file status: volume: volume78592 bucket: bucket02397 key: testBatchDelete/parent
	at org.apache.hadoop.ozone.om.KeyManagerImpl.getOzoneFileStatus(KeyManagerImpl.java:1283) ~[ozone-manager-1.3.0-SNAPSHOT.jar:?]
	at org.apache.hadoop.ozone.om.KeyManagerImpl.getFileStatus(KeyManagerImpl.java:1213) ~[ozone-manager-1.3.0-SNAPSHOT.jar:?]
	at org.apache.hadoop.ozone.om.OzoneManager.getFileStatus(OzoneManager.java:3419) ~[ozone-manager-1.3.0-SNAPSHOT.jar:?]
	at org.apache.hadoop.ozone.protocolPB.OzoneManagerRequestHandler.getOzoneFileStatus(OzoneManagerRequestHandler.java:871) ~[ozone-manager-1.3.0-SNAPSHOT.jar:?]
	at org.apache.hadoop.ozone.protocolPB.OzoneManagerRequestHandler.handleReadRequest(OzoneManagerRequestHandler.java:217) ~[ozone-manager-1.3.0-SNAPSHOT.jar:?]
	at org.apache.hadoop.ozone.protocolPB.OzoneManagerProtocolServerSideTranslatorPB.submitRequestDirectlyToOM(OzoneManagerProtocolServerSideTranslatorPB.java:284) ~[ozone-manager-1.3.0-SNAPSHOT.jar:?]
	at org.apache.hadoop.ozone.protocolPB.OzoneManagerProtocolServerSideTranslatorPB.processRequest(OzoneManagerProtocolServerSideTranslatorPB.java:207) ~[ozone-manager-1.3.0-SNAPSHOT.jar:?]
	at org.apache.hadoop.hdds.server.OzoneProtocolMessageDispatcher.processRequest(OzoneProtocolMessageDispatcher.java:87) [hdds-server-framework-1.3.0-SNAPSHOT.jar:?]
	at org.apache.hadoop.ozone.protocolPB.OzoneManagerProtocolServerSideTranslatorPB.submitRequest(OzoneManagerProtocolServerSideTranslatorPB.java:147) [ozone-manager-1.3.0-SNAPSHOT.jar:?]
	at org.apache.hadoop.ozone.protocol.proto.OzoneManagerProtocolProtos$OzoneManagerService$2.callBlockingMethod(OzoneManagerProtocolProtos.java) [ozone-interface-client-1.3.0-SNAPSHOT.jar:?]
	at org.apache.hadoop.ipc.ProtobufRpcEngine$Server.processCall(ProtobufRpcEngine.java:466) [hadoop-common-3.3.1.jar:?]
	at org.apache.hadoop.ipc.ProtobufRpcEngine2$Server$ProtoBufRpcInvoker.call(ProtobufRpcEngine2.java:574) [hadoop-common-3.3.1.jar:?]
	at org.apache.hadoop.ipc.ProtobufRpcEngine2$Server$ProtoBufRpcInvoker.call(ProtobufRpcEngine2.java:552) [hadoop-common-3.3.1.jar:?]
	at org.apache.hadoop.ipc.RPC$Server.call(RPC.java:1093) [hadoop-common-3.3.1.jar:?]
	at org.apache.hadoop.ipc.Server$RpcCall.run(Server.java:1035) [hadoop-common-3.3.1.jar:?]
	at org.apache.hadoop.ipc.Server$RpcCall.run(Server.java:963) [hadoop-common-3.3.1.jar:?]
	at java.security.AccessController.doPrivileged(Native Method) ~[?:1.8.0_332]
	at javax.security.auth.Subject.doAs(Subject.java:422) [?:1.8.0_332]
	at org.apache.hadoop.security.UserGroupInformation.doAs(UserGroupInformation.java:1878) [hadoop-common-3.3.1.jar:?]
	at org.apache.hadoop.ipc.Server$Handler.run(Server.java:2966) [hadoop-common-3.3.1.jar:?]
2022-06-16 16:20:45,318 [Time-limited test] WARN  ozone.BasicRootedOzoneFileSystem (BasicRootedOzoneFileSystem.java:delete(572)) - delete: Path does not exist: /volume78592/bucket02397/testBatchDelete/parent
]]></system-out>
  </testcase>
  <testcase name="testFileDelete" classname="TestRootedOzoneFileSystem" time="0.379">
    <system-out><![CDATA[2022-06-16 16:22:34,876 [Time-limited test] INFO  rpc.RpcClient (RpcClient.java:createVolume(466)) - Creating Volume: volume53859, with user40257 as owner and space quota set to -1 bytes, counts quota set to -1
2022-06-16 16:22:34,882 [OM StateMachine ApplyTransaction Thread - 0] INFO  volume.OMVolumeCreateRequest (OMVolumeCreateRequest.java:validateAndUpdateCache(195)) - created volume:volume53859 for user:user40257
2022-06-16 16:22:34,883 [Time-limited test] INFO  rpc.RpcClient (RpcClient.java:createBucket(666)) - Creating Bucket: volume53859/bucket42714, with the Bucket Layout LEGACY, runner as owner, Versioning false, Storage Type set to DISK and Encryption set to false 
2022-06-16 16:22:34,884 [OM StateMachine ApplyTransaction Thread - 0] INFO  bucket.OMBucketCreateRequest (OMBucketCreateRequest.java:validateAndUpdateCache(260)) - created bucket: bucket42714 of layout LEGACY in volume: volume53859
16:22:35.009 [IPC Server handler 6 on default port 33505] ERROR OMAudit - user=runner | ip=127.0.0.1 | op=GET_FILE_STATUS {volume=volume53859, bucket=bucket42714, key=testBatchDelete, dataSize=0, replicationConfig=null} | ret=FAILURE
org.apache.hadoop.ozone.om.exceptions.OMException: Unable to get file status: volume: volume53859 bucket: bucket42714 key: testBatchDelete
	at org.apache.hadoop.ozone.om.KeyManagerImpl.getOzoneFileStatus(KeyManagerImpl.java:1283) ~[ozone-manager-1.3.0-SNAPSHOT.jar:?]
	at org.apache.hadoop.ozone.om.KeyManagerImpl.getFileStatus(KeyManagerImpl.java:1213) ~[ozone-manager-1.3.0-SNAPSHOT.jar:?]
	at org.apache.hadoop.ozone.om.OzoneManager.getFileStatus(OzoneManager.java:3419) ~[ozone-manager-1.3.0-SNAPSHOT.jar:?]
	at org.apache.hadoop.ozone.protocolPB.OzoneManagerRequestHandler.getOzoneFileStatus(OzoneManagerRequestHandler.java:871) ~[ozone-manager-1.3.0-SNAPSHOT.jar:?]
	at org.apache.hadoop.ozone.protocolPB.OzoneManagerRequestHandler.handleReadRequest(OzoneManagerRequestHandler.java:217) ~[ozone-manager-1.3.0-SNAPSHOT.jar:?]
	at org.apache.hadoop.ozone.protocolPB.OzoneManagerProtocolServerSideTranslatorPB.submitReadRequestToOM(OzoneManagerProtocolServerSideTranslatorPB.java:225) ~[ozone-manager-1.3.0-SNAPSHOT.jar:?]
	at org.apache.hadoop.ozone.protocolPB.OzoneManagerProtocolServerSideTranslatorPB.processRequest(OzoneManagerProtocolServerSideTranslatorPB.java:175) ~[ozone-manager-1.3.0-SNAPSHOT.jar:?]
	at org.apache.hadoop.hdds.server.OzoneProtocolMessageDispatcher.processRequest(OzoneProtocolMessageDispatcher.java:87) [hdds-server-framework-1.3.0-SNAPSHOT.jar:?]
	at org.apache.hadoop.ozone.protocolPB.OzoneManagerProtocolServerSideTranslatorPB.submitRequest(OzoneManagerProtocolServerSideTranslatorPB.java:147) [ozone-manager-1.3.0-SNAPSHOT.jar:?]
	at org.apache.hadoop.ozone.protocol.proto.OzoneManagerProtocolProtos$OzoneManagerService$2.callBlockingMethod(OzoneManagerProtocolProtos.java) [ozone-interface-client-1.3.0-SNAPSHOT.jar:?]
	at org.apache.hadoop.ipc.ProtobufRpcEngine$Server.processCall(ProtobufRpcEngine.java:466) [hadoop-common-3.3.1.jar:?]
	at org.apache.hadoop.ipc.ProtobufRpcEngine2$Server$ProtoBufRpcInvoker.call(ProtobufRpcEngine2.java:574) [hadoop-common-3.3.1.jar:?]
	at org.apache.hadoop.ipc.ProtobufRpcEngine2$Server$ProtoBufRpcInvoker.call(ProtobufRpcEngine2.java:552) [hadoop-common-3.3.1.jar:?]
	at org.apache.hadoop.ipc.RPC$Server.call(RPC.java:1093) [hadoop-common-3.3.1.jar:?]
	at org.apache.hadoop.ipc.Server$RpcCall.run(Server.java:1035) [hadoop-common-3.3.1.jar:?]
	at org.apache.hadoop.ipc.Server$RpcCall.run(Server.java:963) [hadoop-common-3.3.1.jar:?]
	at java.security.AccessController.doPrivileged(Native Method) ~[?:1.8.0_332]
	at javax.security.auth.Subject.doAs(Subject.java:422) [?:1.8.0_332]
	at org.apache.hadoop.security.UserGroupInformation.doAs(UserGroupInformation.java:1878) [hadoop-common-3.3.1.jar:?]
	at org.apache.hadoop.ipc.Server$Handler.run(Server.java:2966) [hadoop-common-3.3.1.jar:?]
16:22:35.010 [IPC Server handler 0 on default port 33505] ERROR OMAudit - user=runner | ip=127.0.0.1 | op=GET_FILE_STATUS {volume=volume53859, bucket=bucket42714, key=testBatchDelete/parent/child0, dataSize=0, replicationConfig=null} | ret=FAILURE
org.apache.hadoop.ozone.om.exceptions.OMException: Unable to get file status: volume: volume53859 bucket: bucket42714 key: testBatchDelete/parent/child0
	at org.apache.hadoop.ozone.om.KeyManagerImpl.getOzoneFileStatus(KeyManagerImpl.java:1283) ~[ozone-manager-1.3.0-SNAPSHOT.jar:?]
	at org.apache.hadoop.ozone.om.KeyManagerImpl.getFileStatus(KeyManagerImpl.java:1213) ~[ozone-manager-1.3.0-SNAPSHOT.jar:?]
	at org.apache.hadoop.ozone.om.OzoneManager.getFileStatus(OzoneManager.java:3419) ~[ozone-manager-1.3.0-SNAPSHOT.jar:?]
	at org.apache.hadoop.ozone.protocolPB.OzoneManagerRequestHandler.getOzoneFileStatus(OzoneManagerRequestHandler.java:871) ~[ozone-manager-1.3.0-SNAPSHOT.jar:?]
	at org.apache.hadoop.ozone.protocolPB.OzoneManagerRequestHandler.handleReadRequest(OzoneManagerRequestHandler.java:217) ~[ozone-manager-1.3.0-SNAPSHOT.jar:?]
	at org.apache.hadoop.ozone.protocolPB.OzoneManagerProtocolServerSideTranslatorPB.submitReadRequestToOM(OzoneManagerProtocolServerSideTranslatorPB.java:225) ~[ozone-manager-1.3.0-SNAPSHOT.jar:?]
	at org.apache.hadoop.ozone.protocolPB.OzoneManagerProtocolServerSideTranslatorPB.processRequest(OzoneManagerProtocolServerSideTranslatorPB.java:175) ~[ozone-manager-1.3.0-SNAPSHOT.jar:?]
	at org.apache.hadoop.hdds.server.OzoneProtocolMessageDispatcher.processRequest(OzoneProtocolMessageDispatcher.java:87) [hdds-server-framework-1.3.0-SNAPSHOT.jar:?]
	at org.apache.hadoop.ozone.protocolPB.OzoneManagerProtocolServerSideTranslatorPB.submitRequest(OzoneManagerProtocolServerSideTranslatorPB.java:147) [ozone-manager-1.3.0-SNAPSHOT.jar:?]
	at org.apache.hadoop.ozone.protocol.proto.OzoneManagerProtocolProtos$OzoneManagerService$2.callBlockingMethod(OzoneManagerProtocolProtos.java) [ozone-interface-client-1.3.0-SNAPSHOT.jar:?]
	at org.apache.hadoop.ipc.ProtobufRpcEngine$Server.processCall(ProtobufRpcEngine.java:466) [hadoop-common-3.3.1.jar:?]
	at org.apache.hadoop.ipc.ProtobufRpcEngine2$Server$ProtoBufRpcInvoker.call(ProtobufRpcEngine2.java:574) [hadoop-common-3.3.1.jar:?]
	at org.apache.hadoop.ipc.ProtobufRpcEngine2$Server$ProtoBufRpcInvoker.call(ProtobufRpcEngine2.java:552) [hadoop-common-3.3.1.jar:?]
	at org.apache.hadoop.ipc.RPC$Server.call(RPC.java:1093) [hadoop-common-3.3.1.jar:?]
	at org.apache.hadoop.ipc.Server$RpcCall.run(Server.java:1035) [hadoop-common-3.3.1.jar:?]
	at org.apache.hadoop.ipc.Server$RpcCall.run(Server.java:963) [hadoop-common-3.3.1.jar:?]
	at java.security.AccessController.doPrivileged(Native Method) ~[?:1.8.0_332]
	at javax.security.auth.Subject.doAs(Subject.java:422) [?:1.8.0_332]
	at org.apache.hadoop.security.UserGroupInformation.doAs(UserGroupInformation.java:1878) [hadoop-common-3.3.1.jar:?]
	at org.apache.hadoop.ipc.Server$Handler.run(Server.java:2966) [hadoop-common-3.3.1.jar:?]
16:22:35.011 [IPC Server handler 2 on default port 33505] ERROR OMAudit - user=runner | ip=127.0.0.1 | op=GET_FILE_STATUS {volume=volume53859, bucket=bucket42714, key=testBatchDelete/parent/childFolder/child0, dataSize=0, replicationConfig=null} | ret=FAILURE
org.apache.hadoop.ozone.om.exceptions.OMException: Unable to get file status: volume: volume53859 bucket: bucket42714 key: testBatchDelete/parent/childFolder/child0
	at org.apache.hadoop.ozone.om.KeyManagerImpl.getOzoneFileStatus(KeyManagerImpl.java:1283) ~[ozone-manager-1.3.0-SNAPSHOT.jar:?]
	at org.apache.hadoop.ozone.om.KeyManagerImpl.getFileStatus(KeyManagerImpl.java:1213) ~[ozone-manager-1.3.0-SNAPSHOT.jar:?]
	at org.apache.hadoop.ozone.om.OzoneManager.getFileStatus(OzoneManager.java:3419) ~[ozone-manager-1.3.0-SNAPSHOT.jar:?]
	at org.apache.hadoop.ozone.protocolPB.OzoneManagerRequestHandler.getOzoneFileStatus(OzoneManagerRequestHandler.java:871) ~[ozone-manager-1.3.0-SNAPSHOT.jar:?]
	at org.apache.hadoop.ozone.protocolPB.OzoneManagerRequestHandler.handleReadRequest(OzoneManagerRequestHandler.java:217) ~[ozone-manager-1.3.0-SNAPSHOT.jar:?]
	at org.apache.hadoop.ozone.protocolPB.OzoneManagerProtocolServerSideTranslatorPB.submitReadRequestToOM(OzoneManagerProtocolServerSideTranslatorPB.java:225) ~[ozone-manager-1.3.0-SNAPSHOT.jar:?]
	at org.apache.hadoop.ozone.protocolPB.OzoneManagerProtocolServerSideTranslatorPB.processRequest(OzoneManagerProtocolServerSideTranslatorPB.java:175) ~[ozone-manager-1.3.0-SNAPSHOT.jar:?]
	at org.apache.hadoop.hdds.server.OzoneProtocolMessageDispatcher.processRequest(OzoneProtocolMessageDispatcher.java:87) [hdds-server-framework-1.3.0-SNAPSHOT.jar:?]
	at org.apache.hadoop.ozone.protocolPB.OzoneManagerProtocolServerSideTranslatorPB.submitRequest(OzoneManagerProtocolServerSideTranslatorPB.java:147) [ozone-manager-1.3.0-SNAPSHOT.jar:?]
	at org.apache.hadoop.ozone.protocol.proto.OzoneManagerProtocolProtos$OzoneManagerService$2.callBlockingMethod(OzoneManagerProtocolProtos.java) [ozone-interface-client-1.3.0-SNAPSHOT.jar:?]
	at org.apache.hadoop.ipc.ProtobufRpcEngine$Server.processCall(ProtobufRpcEngine.java:466) [hadoop-common-3.3.1.jar:?]
	at org.apache.hadoop.ipc.ProtobufRpcEngine2$Server$ProtoBufRpcInvoker.call(ProtobufRpcEngine2.java:574) [hadoop-common-3.3.1.jar:?]
	at org.apache.hadoop.ipc.ProtobufRpcEngine2$Server$ProtoBufRpcInvoker.call(ProtobufRpcEngine2.java:552) [hadoop-common-3.3.1.jar:?]
	at org.apache.hadoop.ipc.RPC$Server.call(RPC.java:1093) [hadoop-common-3.3.1.jar:?]
	at org.apache.hadoop.ipc.Server$RpcCall.run(Server.java:1035) [hadoop-common-3.3.1.jar:?]
	at org.apache.hadoop.ipc.Server$RpcCall.run(Server.java:963) [hadoop-common-3.3.1.jar:?]
	at java.security.AccessController.doPrivileged(Native Method) ~[?:1.8.0_332]
	at javax.security.auth.Subject.doAs(Subject.java:422) [?:1.8.0_332]
	at org.apache.hadoop.security.UserGroupInformation.doAs(UserGroupInformation.java:1878) [hadoop-common-3.3.1.jar:?]
	at org.apache.hadoop.ipc.Server$Handler.run(Server.java:2966) [hadoop-common-3.3.1.jar:?]
16:22:35.011 [IPC Server handler 3 on default port 33505] ERROR OMAudit - user=runner | ip=127.0.0.1 | op=GET_FILE_STATUS {volume=volume53859, bucket=bucket42714, key=testBatchDelete/parent/child1, dataSize=0, replicationConfig=null} | ret=FAILURE
org.apache.hadoop.ozone.om.exceptions.OMException: Unable to get file status: volume: volume53859 bucket: bucket42714 key: testBatchDelete/parent/child1
	at org.apache.hadoop.ozone.om.KeyManagerImpl.getOzoneFileStatus(KeyManagerImpl.java:1283) ~[ozone-manager-1.3.0-SNAPSHOT.jar:?]
	at org.apache.hadoop.ozone.om.KeyManagerImpl.getFileStatus(KeyManagerImpl.java:1213) ~[ozone-manager-1.3.0-SNAPSHOT.jar:?]
	at org.apache.hadoop.ozone.om.OzoneManager.getFileStatus(OzoneManager.java:3419) ~[ozone-manager-1.3.0-SNAPSHOT.jar:?]
	at org.apache.hadoop.ozone.protocolPB.OzoneManagerRequestHandler.getOzoneFileStatus(OzoneManagerRequestHandler.java:871) ~[ozone-manager-1.3.0-SNAPSHOT.jar:?]
	at org.apache.hadoop.ozone.protocolPB.OzoneManagerRequestHandler.handleReadRequest(OzoneManagerRequestHandler.java:217) ~[ozone-manager-1.3.0-SNAPSHOT.jar:?]
	at org.apache.hadoop.ozone.protocolPB.OzoneManagerProtocolServerSideTranslatorPB.submitReadRequestToOM(OzoneManagerProtocolServerSideTranslatorPB.java:225) ~[ozone-manager-1.3.0-SNAPSHOT.jar:?]
	at org.apache.hadoop.ozone.protocolPB.OzoneManagerProtocolServerSideTranslatorPB.processRequest(OzoneManagerProtocolServerSideTranslatorPB.java:175) ~[ozone-manager-1.3.0-SNAPSHOT.jar:?]
	at org.apache.hadoop.hdds.server.OzoneProtocolMessageDispatcher.processRequest(OzoneProtocolMessageDispatcher.java:87) [hdds-server-framework-1.3.0-SNAPSHOT.jar:?]
	at org.apache.hadoop.ozone.protocolPB.OzoneManagerProtocolServerSideTranslatorPB.submitRequest(OzoneManagerProtocolServerSideTranslatorPB.java:147) [ozone-manager-1.3.0-SNAPSHOT.jar:?]
	at org.apache.hadoop.ozone.protocol.proto.OzoneManagerProtocolProtos$OzoneManagerService$2.callBlockingMethod(OzoneManagerProtocolProtos.java) [ozone-interface-client-1.3.0-SNAPSHOT.jar:?]
	at org.apache.hadoop.ipc.ProtobufRpcEngine$Server.processCall(ProtobufRpcEngine.java:466) [hadoop-common-3.3.1.jar:?]
	at org.apache.hadoop.ipc.ProtobufRpcEngine2$Server$ProtoBufRpcInvoker.call(ProtobufRpcEngine2.java:574) [hadoop-common-3.3.1.jar:?]
	at org.apache.hadoop.ipc.ProtobufRpcEngine2$Server$ProtoBufRpcInvoker.call(ProtobufRpcEngine2.java:552) [hadoop-common-3.3.1.jar:?]
	at org.apache.hadoop.ipc.RPC$Server.call(RPC.java:1093) [hadoop-common-3.3.1.jar:?]
	at org.apache.hadoop.ipc.Server$RpcCall.run(Server.java:1035) [hadoop-common-3.3.1.jar:?]
	at org.apache.hadoop.ipc.Server$RpcCall.run(Server.java:963) [hadoop-common-3.3.1.jar:?]
	at java.security.AccessController.doPrivileged(Native Method) ~[?:1.8.0_332]
	at javax.security.auth.Subject.doAs(Subject.java:422) [?:1.8.0_332]
	at org.apache.hadoop.security.UserGroupInformation.doAs(UserGroupInformation.java:1878) [hadoop-common-3.3.1.jar:?]
	at org.apache.hadoop.ipc.Server$Handler.run(Server.java:2966) [hadoop-common-3.3.1.jar:?]
16:22:35.012 [IPC Server handler 4 on default port 33505] ERROR OMAudit - user=runner | ip=127.0.0.1 | op=GET_FILE_STATUS {volume=volume53859, bucket=bucket42714, key=testBatchDelete/parent/childFolder/child1, dataSize=0, replicationConfig=null} | ret=FAILURE
org.apache.hadoop.ozone.om.exceptions.OMException: Unable to get file status: volume: volume53859 bucket: bucket42714 key: testBatchDelete/parent/childFolder/child1
	at org.apache.hadoop.ozone.om.KeyManagerImpl.getOzoneFileStatus(KeyManagerImpl.java:1283) ~[ozone-manager-1.3.0-SNAPSHOT.jar:?]
	at org.apache.hadoop.ozone.om.KeyManagerImpl.getFileStatus(KeyManagerImpl.java:1213) ~[ozone-manager-1.3.0-SNAPSHOT.jar:?]
	at org.apache.hadoop.ozone.om.OzoneManager.getFileStatus(OzoneManager.java:3419) ~[ozone-manager-1.3.0-SNAPSHOT.jar:?]
	at org.apache.hadoop.ozone.protocolPB.OzoneManagerRequestHandler.getOzoneFileStatus(OzoneManagerRequestHandler.java:871) ~[ozone-manager-1.3.0-SNAPSHOT.jar:?]
	at org.apache.hadoop.ozone.protocolPB.OzoneManagerRequestHandler.handleReadRequest(OzoneManagerRequestHandler.java:217) ~[ozone-manager-1.3.0-SNAPSHOT.jar:?]
	at org.apache.hadoop.ozone.protocolPB.OzoneManagerProtocolServerSideTranslatorPB.submitReadRequestToOM(OzoneManagerProtocolServerSideTranslatorPB.java:225) ~[ozone-manager-1.3.0-SNAPSHOT.jar:?]
	at org.apache.hadoop.ozone.protocolPB.OzoneManagerProtocolServerSideTranslatorPB.processRequest(OzoneManagerProtocolServerSideTranslatorPB.java:175) ~[ozone-manager-1.3.0-SNAPSHOT.jar:?]
	at org.apache.hadoop.hdds.server.OzoneProtocolMessageDispatcher.processRequest(OzoneProtocolMessageDispatcher.java:87) [hdds-server-framework-1.3.0-SNAPSHOT.jar:?]
	at org.apache.hadoop.ozone.protocolPB.OzoneManagerProtocolServerSideTranslatorPB.submitRequest(OzoneManagerProtocolServerSideTranslatorPB.java:147) [ozone-manager-1.3.0-SNAPSHOT.jar:?]
	at org.apache.hadoop.ozone.protocol.proto.OzoneManagerProtocolProtos$OzoneManagerService$2.callBlockingMethod(OzoneManagerProtocolProtos.java) [ozone-interface-client-1.3.0-SNAPSHOT.jar:?]
	at org.apache.hadoop.ipc.ProtobufRpcEngine$Server.processCall(ProtobufRpcEngine.java:466) [hadoop-common-3.3.1.jar:?]
	at org.apache.hadoop.ipc.ProtobufRpcEngine2$Server$ProtoBufRpcInvoker.call(ProtobufRpcEngine2.java:574) [hadoop-common-3.3.1.jar:?]
	at org.apache.hadoop.ipc.ProtobufRpcEngine2$Server$ProtoBufRpcInvoker.call(ProtobufRpcEngine2.java:552) [hadoop-common-3.3.1.jar:?]
	at org.apache.hadoop.ipc.RPC$Server.call(RPC.java:1093) [hadoop-common-3.3.1.jar:?]
	at org.apache.hadoop.ipc.Server$RpcCall.run(Server.java:1035) [hadoop-common-3.3.1.jar:?]
	at org.apache.hadoop.ipc.Server$RpcCall.run(Server.java:963) [hadoop-common-3.3.1.jar:?]
	at java.security.AccessController.doPrivileged(Native Method) ~[?:1.8.0_332]
	at javax.security.auth.Subject.doAs(Subject.java:422) [?:1.8.0_332]
	at org.apache.hadoop.security.UserGroupInformation.doAs(UserGroupInformation.java:1878) [hadoop-common-3.3.1.jar:?]
	at org.apache.hadoop.ipc.Server$Handler.run(Server.java:2966) [hadoop-common-3.3.1.jar:?]
16:22:35.013 [IPC Server handler 19 on default port 33505] ERROR OMAudit - user=runner | ip=127.0.0.1 | op=GET_FILE_STATUS {volume=volume53859, bucket=bucket42714, key=testBatchDelete/parent/child2, dataSize=0, replicationConfig=null} | ret=FAILURE
org.apache.hadoop.ozone.om.exceptions.OMException: Unable to get file status: volume: volume53859 bucket: bucket42714 key: testBatchDelete/parent/child2
	at org.apache.hadoop.ozone.om.KeyManagerImpl.getOzoneFileStatus(KeyManagerImpl.java:1283) ~[ozone-manager-1.3.0-SNAPSHOT.jar:?]
	at org.apache.hadoop.ozone.om.KeyManagerImpl.getFileStatus(KeyManagerImpl.java:1213) ~[ozone-manager-1.3.0-SNAPSHOT.jar:?]
	at org.apache.hadoop.ozone.om.OzoneManager.getFileStatus(OzoneManager.java:3419) ~[ozone-manager-1.3.0-SNAPSHOT.jar:?]
	at org.apache.hadoop.ozone.protocolPB.OzoneManagerRequestHandler.getOzoneFileStatus(OzoneManagerRequestHandler.java:871) ~[ozone-manager-1.3.0-SNAPSHOT.jar:?]
	at org.apache.hadoop.ozone.protocolPB.OzoneManagerRequestHandler.handleReadRequest(OzoneManagerRequestHandler.java:217) ~[ozone-manager-1.3.0-SNAPSHOT.jar:?]
	at org.apache.hadoop.ozone.protocolPB.OzoneManagerProtocolServerSideTranslatorPB.submitReadRequestToOM(OzoneManagerProtocolServerSideTranslatorPB.java:225) ~[ozone-manager-1.3.0-SNAPSHOT.jar:?]
	at org.apache.hadoop.ozone.protocolPB.OzoneManagerProtocolServerSideTranslatorPB.processRequest(OzoneManagerProtocolServerSideTranslatorPB.java:175) ~[ozone-manager-1.3.0-SNAPSHOT.jar:?]
	at org.apache.hadoop.hdds.server.OzoneProtocolMessageDispatcher.processRequest(OzoneProtocolMessageDispatcher.java:87) [hdds-server-framework-1.3.0-SNAPSHOT.jar:?]
	at org.apache.hadoop.ozone.protocolPB.OzoneManagerProtocolServerSideTranslatorPB.submitRequest(OzoneManagerProtocolServerSideTranslatorPB.java:147) [ozone-manager-1.3.0-SNAPSHOT.jar:?]
	at org.apache.hadoop.ozone.protocol.proto.OzoneManagerProtocolProtos$OzoneManagerService$2.callBlockingMethod(OzoneManagerProtocolProtos.java) [ozone-interface-client-1.3.0-SNAPSHOT.jar:?]
	at org.apache.hadoop.ipc.ProtobufRpcEngine$Server.processCall(ProtobufRpcEngine.java:466) [hadoop-common-3.3.1.jar:?]
	at org.apache.hadoop.ipc.ProtobufRpcEngine2$Server$ProtoBufRpcInvoker.call(ProtobufRpcEngine2.java:574) [hadoop-common-3.3.1.jar:?]
	at org.apache.hadoop.ipc.ProtobufRpcEngine2$Server$ProtoBufRpcInvoker.call(ProtobufRpcEngine2.java:552) [hadoop-common-3.3.1.jar:?]
	at org.apache.hadoop.ipc.RPC$Server.call(RPC.java:1093) [hadoop-common-3.3.1.jar:?]
	at org.apache.hadoop.ipc.Server$RpcCall.run(Server.java:1035) [hadoop-common-3.3.1.jar:?]
	at org.apache.hadoop.ipc.Server$RpcCall.run(Server.java:963) [hadoop-common-3.3.1.jar:?]
	at java.security.AccessController.doPrivileged(Native Method) ~[?:1.8.0_332]
	at javax.security.auth.Subject.doAs(Subject.java:422) [?:1.8.0_332]
	at org.apache.hadoop.security.UserGroupInformation.doAs(UserGroupInformation.java:1878) [hadoop-common-3.3.1.jar:?]
	at org.apache.hadoop.ipc.Server$Handler.run(Server.java:2966) [hadoop-common-3.3.1.jar:?]
16:22:35.017 [IPC Server handler 8 on default port 33505] ERROR OMAudit - user=runner | ip=127.0.0.1 | op=GET_FILE_STATUS {volume=volume53859, bucket=bucket42714, key=testBatchDelete/parent/childFolder/child2, dataSize=0, replicationConfig=null} | ret=FAILURE
org.apache.hadoop.ozone.om.exceptions.OMException: Unable to get file status: volume: volume53859 bucket: bucket42714 key: testBatchDelete/parent/childFolder/child2
	at org.apache.hadoop.ozone.om.KeyManagerImpl.getOzoneFileStatus(KeyManagerImpl.java:1283) ~[ozone-manager-1.3.0-SNAPSHOT.jar:?]
	at org.apache.hadoop.ozone.om.KeyManagerImpl.getFileStatus(KeyManagerImpl.java:1213) ~[ozone-manager-1.3.0-SNAPSHOT.jar:?]
	at org.apache.hadoop.ozone.om.OzoneManager.getFileStatus(OzoneManager.java:3419) ~[ozone-manager-1.3.0-SNAPSHOT.jar:?]
	at org.apache.hadoop.ozone.protocolPB.OzoneManagerRequestHandler.getOzoneFileStatus(OzoneManagerRequestHandler.java:871) ~[ozone-manager-1.3.0-SNAPSHOT.jar:?]
	at org.apache.hadoop.ozone.protocolPB.OzoneManagerRequestHandler.handleReadRequest(OzoneManagerRequestHandler.java:217) ~[ozone-manager-1.3.0-SNAPSHOT.jar:?]
	at org.apache.hadoop.ozone.protocolPB.OzoneManagerProtocolServerSideTranslatorPB.submitReadRequestToOM(OzoneManagerProtocolServerSideTranslatorPB.java:225) ~[ozone-manager-1.3.0-SNAPSHOT.jar:?]
	at org.apache.hadoop.ozone.protocolPB.OzoneManagerProtocolServerSideTranslatorPB.processRequest(OzoneManagerProtocolServerSideTranslatorPB.java:175) ~[ozone-manager-1.3.0-SNAPSHOT.jar:?]
	at org.apache.hadoop.hdds.server.OzoneProtocolMessageDispatcher.processRequest(OzoneProtocolMessageDispatcher.java:87) [hdds-server-framework-1.3.0-SNAPSHOT.jar:?]
	at org.apache.hadoop.ozone.protocolPB.OzoneManagerProtocolServerSideTranslatorPB.submitRequest(OzoneManagerProtocolServerSideTranslatorPB.java:147) [ozone-manager-1.3.0-SNAPSHOT.jar:?]
	at org.apache.hadoop.ozone.protocol.proto.OzoneManagerProtocolProtos$OzoneManagerService$2.callBlockingMethod(OzoneManagerProtocolProtos.java) [ozone-interface-client-1.3.0-SNAPSHOT.jar:?]
	at org.apache.hadoop.ipc.ProtobufRpcEngine$Server.processCall(ProtobufRpcEngine.java:466) [hadoop-common-3.3.1.jar:?]
	at org.apache.hadoop.ipc.ProtobufRpcEngine2$Server$ProtoBufRpcInvoker.call(ProtobufRpcEngine2.java:574) [hadoop-common-3.3.1.jar:?]
	at org.apache.hadoop.ipc.ProtobufRpcEngine2$Server$ProtoBufRpcInvoker.call(ProtobufRpcEngine2.java:552) [hadoop-common-3.3.1.jar:?]
	at org.apache.hadoop.ipc.RPC$Server.call(RPC.java:1093) [hadoop-common-3.3.1.jar:?]
	at org.apache.hadoop.ipc.Server$RpcCall.run(Server.java:1035) [hadoop-common-3.3.1.jar:?]
	at org.apache.hadoop.ipc.Server$RpcCall.run(Server.java:963) [hadoop-common-3.3.1.jar:?]
	at java.security.AccessController.doPrivileged(Native Method) ~[?:1.8.0_332]
	at javax.security.auth.Subject.doAs(Subject.java:422) [?:1.8.0_332]
	at org.apache.hadoop.security.UserGroupInformation.doAs(UserGroupInformation.java:1878) [hadoop-common-3.3.1.jar:?]
	at org.apache.hadoop.ipc.Server$Handler.run(Server.java:2966) [hadoop-common-3.3.1.jar:?]
16:22:35.018 [IPC Server handler 16 on default port 33505] ERROR OMAudit - user=runner | ip=127.0.0.1 | op=GET_FILE_STATUS {volume=volume53859, bucket=bucket42714, key=testBatchDelete/parent/child3, dataSize=0, replicationConfig=null} | ret=FAILURE
org.apache.hadoop.ozone.om.exceptions.OMException: Unable to get file status: volume: volume53859 bucket: bucket42714 key: testBatchDelete/parent/child3
	at org.apache.hadoop.ozone.om.KeyManagerImpl.getOzoneFileStatus(KeyManagerImpl.java:1283) ~[ozone-manager-1.3.0-SNAPSHOT.jar:?]
	at org.apache.hadoop.ozone.om.KeyManagerImpl.getFileStatus(KeyManagerImpl.java:1213) ~[ozone-manager-1.3.0-SNAPSHOT.jar:?]
	at org.apache.hadoop.ozone.om.OzoneManager.getFileStatus(OzoneManager.java:3419) ~[ozone-manager-1.3.0-SNAPSHOT.jar:?]
	at org.apache.hadoop.ozone.protocolPB.OzoneManagerRequestHandler.getOzoneFileStatus(OzoneManagerRequestHandler.java:871) ~[ozone-manager-1.3.0-SNAPSHOT.jar:?]
	at org.apache.hadoop.ozone.protocolPB.OzoneManagerRequestHandler.handleReadRequest(OzoneManagerRequestHandler.java:217) ~[ozone-manager-1.3.0-SNAPSHOT.jar:?]
	at org.apache.hadoop.ozone.protocolPB.OzoneManagerProtocolServerSideTranslatorPB.submitReadRequestToOM(OzoneManagerProtocolServerSideTranslatorPB.java:225) ~[ozone-manager-1.3.0-SNAPSHOT.jar:?]
	at org.apache.hadoop.ozone.protocolPB.OzoneManagerProtocolServerSideTranslatorPB.processRequest(OzoneManagerProtocolServerSideTranslatorPB.java:175) ~[ozone-manager-1.3.0-SNAPSHOT.jar:?]
	at org.apache.hadoop.hdds.server.OzoneProtocolMessageDispatcher.processRequest(OzoneProtocolMessageDispatcher.java:87) [hdds-server-framework-1.3.0-SNAPSHOT.jar:?]
	at org.apache.hadoop.ozone.protocolPB.OzoneManagerProtocolServerSideTranslatorPB.submitRequest(OzoneManagerProtocolServerSideTranslatorPB.java:147) [ozone-manager-1.3.0-SNAPSHOT.jar:?]
	at org.apache.hadoop.ozone.protocol.proto.OzoneManagerProtocolProtos$OzoneManagerService$2.callBlockingMethod(OzoneManagerProtocolProtos.java) [ozone-interface-client-1.3.0-SNAPSHOT.jar:?]
	at org.apache.hadoop.ipc.ProtobufRpcEngine$Server.processCall(ProtobufRpcEngine.java:466) [hadoop-common-3.3.1.jar:?]
	at org.apache.hadoop.ipc.ProtobufRpcEngine2$Server$ProtoBufRpcInvoker.call(ProtobufRpcEngine2.java:574) [hadoop-common-3.3.1.jar:?]
	at org.apache.hadoop.ipc.ProtobufRpcEngine2$Server$ProtoBufRpcInvoker.call(ProtobufRpcEngine2.java:552) [hadoop-common-3.3.1.jar:?]
	at org.apache.hadoop.ipc.RPC$Server.call(RPC.java:1093) [hadoop-common-3.3.1.jar:?]
	at org.apache.hadoop.ipc.Server$RpcCall.run(Server.java:1035) [hadoop-common-3.3.1.jar:?]
	at org.apache.hadoop.ipc.Server$RpcCall.run(Server.java:963) [hadoop-common-3.3.1.jar:?]
	at java.security.AccessController.doPrivileged(Native Method) ~[?:1.8.0_332]
	at javax.security.auth.Subject.doAs(Subject.java:422) [?:1.8.0_332]
	at org.apache.hadoop.security.UserGroupInformation.doAs(UserGroupInformation.java:1878) [hadoop-common-3.3.1.jar:?]
	at org.apache.hadoop.ipc.Server$Handler.run(Server.java:2966) [hadoop-common-3.3.1.jar:?]
16:22:35.019 [IPC Server handler 18 on default port 33505] ERROR OMAudit - user=runner | ip=127.0.0.1 | op=GET_FILE_STATUS {volume=volume53859, bucket=bucket42714, key=testBatchDelete/parent/childFolder/child3, dataSize=0, replicationConfig=null} | ret=FAILURE
org.apache.hadoop.ozone.om.exceptions.OMException: Unable to get file status: volume: volume53859 bucket: bucket42714 key: testBatchDelete/parent/childFolder/child3
	at org.apache.hadoop.ozone.om.KeyManagerImpl.getOzoneFileStatus(KeyManagerImpl.java:1283) ~[ozone-manager-1.3.0-SNAPSHOT.jar:?]
	at org.apache.hadoop.ozone.om.KeyManagerImpl.getFileStatus(KeyManagerImpl.java:1213) ~[ozone-manager-1.3.0-SNAPSHOT.jar:?]
	at org.apache.hadoop.ozone.om.OzoneManager.getFileStatus(OzoneManager.java:3419) ~[ozone-manager-1.3.0-SNAPSHOT.jar:?]
	at org.apache.hadoop.ozone.protocolPB.OzoneManagerRequestHandler.getOzoneFileStatus(OzoneManagerRequestHandler.java:871) ~[ozone-manager-1.3.0-SNAPSHOT.jar:?]
	at org.apache.hadoop.ozone.protocolPB.OzoneManagerRequestHandler.handleReadRequest(OzoneManagerRequestHandler.java:217) ~[ozone-manager-1.3.0-SNAPSHOT.jar:?]
	at org.apache.hadoop.ozone.protocolPB.OzoneManagerProtocolServerSideTranslatorPB.submitReadRequestToOM(OzoneManagerProtocolServerSideTranslatorPB.java:225) ~[ozone-manager-1.3.0-SNAPSHOT.jar:?]
	at org.apache.hadoop.ozone.protocolPB.OzoneManagerProtocolServerSideTranslatorPB.processRequest(OzoneManagerProtocolServerSideTranslatorPB.java:175) ~[ozone-manager-1.3.0-SNAPSHOT.jar:?]
	at org.apache.hadoop.hdds.server.OzoneProtocolMessageDispatcher.processRequest(OzoneProtocolMessageDispatcher.java:87) [hdds-server-framework-1.3.0-SNAPSHOT.jar:?]
	at org.apache.hadoop.ozone.protocolPB.OzoneManagerProtocolServerSideTranslatorPB.submitRequest(OzoneManagerProtocolServerSideTranslatorPB.java:147) [ozone-manager-1.3.0-SNAPSHOT.jar:?]
	at org.apache.hadoop.ozone.protocol.proto.OzoneManagerProtocolProtos$OzoneManagerService$2.callBlockingMethod(OzoneManagerProtocolProtos.java) [ozone-interface-client-1.3.0-SNAPSHOT.jar:?]
	at org.apache.hadoop.ipc.ProtobufRpcEngine$Server.processCall(ProtobufRpcEngine.java:466) [hadoop-common-3.3.1.jar:?]
	at org.apache.hadoop.ipc.ProtobufRpcEngine2$Server$ProtoBufRpcInvoker.call(ProtobufRpcEngine2.java:574) [hadoop-common-3.3.1.jar:?]
	at org.apache.hadoop.ipc.ProtobufRpcEngine2$Server$ProtoBufRpcInvoker.call(ProtobufRpcEngine2.java:552) [hadoop-common-3.3.1.jar:?]
	at org.apache.hadoop.ipc.RPC$Server.call(RPC.java:1093) [hadoop-common-3.3.1.jar:?]
	at org.apache.hadoop.ipc.Server$RpcCall.run(Server.java:1035) [hadoop-common-3.3.1.jar:?]
	at org.apache.hadoop.ipc.Server$RpcCall.run(Server.java:963) [hadoop-common-3.3.1.jar:?]
	at java.security.AccessController.doPrivileged(Native Method) ~[?:1.8.0_332]
	at javax.security.auth.Subject.doAs(Subject.java:422) [?:1.8.0_332]
	at org.apache.hadoop.security.UserGroupInformation.doAs(UserGroupInformation.java:1878) [hadoop-common-3.3.1.jar:?]
	at org.apache.hadoop.ipc.Server$Handler.run(Server.java:2966) [hadoop-common-3.3.1.jar:?]
16:22:35.019 [IPC Server handler 12 on default port 33505] ERROR OMAudit - user=runner | ip=127.0.0.1 | op=GET_FILE_STATUS {volume=volume53859, bucket=bucket42714, key=testBatchDelete/parent/child4, dataSize=0, replicationConfig=null} | ret=FAILURE
org.apache.hadoop.ozone.om.exceptions.OMException: Unable to get file status: volume: volume53859 bucket: bucket42714 key: testBatchDelete/parent/child4
	at org.apache.hadoop.ozone.om.KeyManagerImpl.getOzoneFileStatus(KeyManagerImpl.java:1283) ~[ozone-manager-1.3.0-SNAPSHOT.jar:?]
	at org.apache.hadoop.ozone.om.KeyManagerImpl.getFileStatus(KeyManagerImpl.java:1213) ~[ozone-manager-1.3.0-SNAPSHOT.jar:?]
	at org.apache.hadoop.ozone.om.OzoneManager.getFileStatus(OzoneManager.java:3419) ~[ozone-manager-1.3.0-SNAPSHOT.jar:?]
	at org.apache.hadoop.ozone.protocolPB.OzoneManagerRequestHandler.getOzoneFileStatus(OzoneManagerRequestHandler.java:871) ~[ozone-manager-1.3.0-SNAPSHOT.jar:?]
	at org.apache.hadoop.ozone.protocolPB.OzoneManagerRequestHandler.handleReadRequest(OzoneManagerRequestHandler.java:217) ~[ozone-manager-1.3.0-SNAPSHOT.jar:?]
	at org.apache.hadoop.ozone.protocolPB.OzoneManagerProtocolServerSideTranslatorPB.submitReadRequestToOM(OzoneManagerProtocolServerSideTranslatorPB.java:225) ~[ozone-manager-1.3.0-SNAPSHOT.jar:?]
	at org.apache.hadoop.ozone.protocolPB.OzoneManagerProtocolServerSideTranslatorPB.processRequest(OzoneManagerProtocolServerSideTranslatorPB.java:175) ~[ozone-manager-1.3.0-SNAPSHOT.jar:?]
	at org.apache.hadoop.hdds.server.OzoneProtocolMessageDispatcher.processRequest(OzoneProtocolMessageDispatcher.java:87) [hdds-server-framework-1.3.0-SNAPSHOT.jar:?]
	at org.apache.hadoop.ozone.protocolPB.OzoneManagerProtocolServerSideTranslatorPB.submitRequest(OzoneManagerProtocolServerSideTranslatorPB.java:147) [ozone-manager-1.3.0-SNAPSHOT.jar:?]
	at org.apache.hadoop.ozone.protocol.proto.OzoneManagerProtocolProtos$OzoneManagerService$2.callBlockingMethod(OzoneManagerProtocolProtos.java) [ozone-interface-client-1.3.0-SNAPSHOT.jar:?]
	at org.apache.hadoop.ipc.ProtobufRpcEngine$Server.processCall(ProtobufRpcEngine.java:466) [hadoop-common-3.3.1.jar:?]
	at org.apache.hadoop.ipc.ProtobufRpcEngine2$Server$ProtoBufRpcInvoker.call(ProtobufRpcEngine2.java:574) [hadoop-common-3.3.1.jar:?]
	at org.apache.hadoop.ipc.ProtobufRpcEngine2$Server$ProtoBufRpcInvoker.call(ProtobufRpcEngine2.java:552) [hadoop-common-3.3.1.jar:?]
	at org.apache.hadoop.ipc.RPC$Server.call(RPC.java:1093) [hadoop-common-3.3.1.jar:?]
	at org.apache.hadoop.ipc.Server$RpcCall.run(Server.java:1035) [hadoop-common-3.3.1.jar:?]
	at org.apache.hadoop.ipc.Server$RpcCall.run(Server.java:963) [hadoop-common-3.3.1.jar:?]
	at java.security.AccessController.doPrivileged(Native Method) ~[?:1.8.0_332]
	at javax.security.auth.Subject.doAs(Subject.java:422) [?:1.8.0_332]
	at org.apache.hadoop.security.UserGroupInformation.doAs(UserGroupInformation.java:1878) [hadoop-common-3.3.1.jar:?]
	at org.apache.hadoop.ipc.Server$Handler.run(Server.java:2966) [hadoop-common-3.3.1.jar:?]
16:22:35.022 [IPC Server handler 6 on default port 33505] ERROR OMAudit - user=runner | ip=127.0.0.1 | op=GET_FILE_STATUS {volume=volume53859, bucket=bucket42714, key=testBatchDelete/parent/childFolder/child4, dataSize=0, replicationConfig=null} | ret=FAILURE
org.apache.hadoop.ozone.om.exceptions.OMException: Unable to get file status: volume: volume53859 bucket: bucket42714 key: testBatchDelete/parent/childFolder/child4
	at org.apache.hadoop.ozone.om.KeyManagerImpl.getOzoneFileStatus(KeyManagerImpl.java:1283) ~[ozone-manager-1.3.0-SNAPSHOT.jar:?]
	at org.apache.hadoop.ozone.om.KeyManagerImpl.getFileStatus(KeyManagerImpl.java:1213) ~[ozone-manager-1.3.0-SNAPSHOT.jar:?]
	at org.apache.hadoop.ozone.om.OzoneManager.getFileStatus(OzoneManager.java:3419) ~[ozone-manager-1.3.0-SNAPSHOT.jar:?]
	at org.apache.hadoop.ozone.protocolPB.OzoneManagerRequestHandler.getOzoneFileStatus(OzoneManagerRequestHandler.java:871) ~[ozone-manager-1.3.0-SNAPSHOT.jar:?]
	at org.apache.hadoop.ozone.protocolPB.OzoneManagerRequestHandler.handleReadRequest(OzoneManagerRequestHandler.java:217) ~[ozone-manager-1.3.0-SNAPSHOT.jar:?]
	at org.apache.hadoop.ozone.protocolPB.OzoneManagerProtocolServerSideTranslatorPB.submitReadRequestToOM(OzoneManagerProtocolServerSideTranslatorPB.java:225) ~[ozone-manager-1.3.0-SNAPSHOT.jar:?]
	at org.apache.hadoop.ozone.protocolPB.OzoneManagerProtocolServerSideTranslatorPB.processRequest(OzoneManagerProtocolServerSideTranslatorPB.java:175) ~[ozone-manager-1.3.0-SNAPSHOT.jar:?]
	at org.apache.hadoop.hdds.server.OzoneProtocolMessageDispatcher.processRequest(OzoneProtocolMessageDispatcher.java:87) [hdds-server-framework-1.3.0-SNAPSHOT.jar:?]
	at org.apache.hadoop.ozone.protocolPB.OzoneManagerProtocolServerSideTranslatorPB.submitRequest(OzoneManagerProtocolServerSideTranslatorPB.java:147) [ozone-manager-1.3.0-SNAPSHOT.jar:?]
	at org.apache.hadoop.ozone.protocol.proto.OzoneManagerProtocolProtos$OzoneManagerService$2.callBlockingMethod(OzoneManagerProtocolProtos.java) [ozone-interface-client-1.3.0-SNAPSHOT.jar:?]
	at org.apache.hadoop.ipc.ProtobufRpcEngine$Server.processCall(ProtobufRpcEngine.java:466) [hadoop-common-3.3.1.jar:?]
	at org.apache.hadoop.ipc.ProtobufRpcEngine2$Server$ProtoBufRpcInvoker.call(ProtobufRpcEngine2.java:574) [hadoop-common-3.3.1.jar:?]
	at org.apache.hadoop.ipc.ProtobufRpcEngine2$Server$ProtoBufRpcInvoker.call(ProtobufRpcEngine2.java:552) [hadoop-common-3.3.1.jar:?]
	at org.apache.hadoop.ipc.RPC$Server.call(RPC.java:1093) [hadoop-common-3.3.1.jar:?]
	at org.apache.hadoop.ipc.Server$RpcCall.run(Server.java:1035) [hadoop-common-3.3.1.jar:?]
	at org.apache.hadoop.ipc.Server$RpcCall.run(Server.java:963) [hadoop-common-3.3.1.jar:?]
	at java.security.AccessController.doPrivileged(Native Method) ~[?:1.8.0_332]
	at javax.security.auth.Subject.doAs(Subject.java:422) [?:1.8.0_332]
	at org.apache.hadoop.security.UserGroupInformation.doAs(UserGroupInformation.java:1878) [hadoop-common-3.3.1.jar:?]
	at org.apache.hadoop.ipc.Server$Handler.run(Server.java:2966) [hadoop-common-3.3.1.jar:?]
16:22:35.023 [IPC Server handler 0 on default port 33505] ERROR OMAudit - user=runner | ip=127.0.0.1 | op=GET_FILE_STATUS {volume=volume53859, bucket=bucket42714, key=testBatchDelete/parent/child5, dataSize=0, replicationConfig=null} | ret=FAILURE
org.apache.hadoop.ozone.om.exceptions.OMException: Unable to get file status: volume: volume53859 bucket: bucket42714 key: testBatchDelete/parent/child5
	at org.apache.hadoop.ozone.om.KeyManagerImpl.getOzoneFileStatus(KeyManagerImpl.java:1283) ~[ozone-manager-1.3.0-SNAPSHOT.jar:?]
	at org.apache.hadoop.ozone.om.KeyManagerImpl.getFileStatus(KeyManagerImpl.java:1213) ~[ozone-manager-1.3.0-SNAPSHOT.jar:?]
	at org.apache.hadoop.ozone.om.OzoneManager.getFileStatus(OzoneManager.java:3419) ~[ozone-manager-1.3.0-SNAPSHOT.jar:?]
	at org.apache.hadoop.ozone.protocolPB.OzoneManagerRequestHandler.getOzoneFileStatus(OzoneManagerRequestHandler.java:871) ~[ozone-manager-1.3.0-SNAPSHOT.jar:?]
	at org.apache.hadoop.ozone.protocolPB.OzoneManagerRequestHandler.handleReadRequest(OzoneManagerRequestHandler.java:217) ~[ozone-manager-1.3.0-SNAPSHOT.jar:?]
	at org.apache.hadoop.ozone.protocolPB.OzoneManagerProtocolServerSideTranslatorPB.submitReadRequestToOM(OzoneManagerProtocolServerSideTranslatorPB.java:225) ~[ozone-manager-1.3.0-SNAPSHOT.jar:?]
	at org.apache.hadoop.ozone.protocolPB.OzoneManagerProtocolServerSideTranslatorPB.processRequest(OzoneManagerProtocolServerSideTranslatorPB.java:175) ~[ozone-manager-1.3.0-SNAPSHOT.jar:?]
	at org.apache.hadoop.hdds.server.OzoneProtocolMessageDispatcher.processRequest(OzoneProtocolMessageDispatcher.java:87) [hdds-server-framework-1.3.0-SNAPSHOT.jar:?]
	at org.apache.hadoop.ozone.protocolPB.OzoneManagerProtocolServerSideTranslatorPB.submitRequest(OzoneManagerProtocolServerSideTranslatorPB.java:147) [ozone-manager-1.3.0-SNAPSHOT.jar:?]
	at org.apache.hadoop.ozone.protocol.proto.OzoneManagerProtocolProtos$OzoneManagerService$2.callBlockingMethod(OzoneManagerProtocolProtos.java) [ozone-interface-client-1.3.0-SNAPSHOT.jar:?]
	at org.apache.hadoop.ipc.ProtobufRpcEngine$Server.processCall(ProtobufRpcEngine.java:466) [hadoop-common-3.3.1.jar:?]
	at org.apache.hadoop.ipc.ProtobufRpcEngine2$Server$ProtoBufRpcInvoker.call(ProtobufRpcEngine2.java:574) [hadoop-common-3.3.1.jar:?]
	at org.apache.hadoop.ipc.ProtobufRpcEngine2$Server$ProtoBufRpcInvoker.call(ProtobufRpcEngine2.java:552) [hadoop-common-3.3.1.jar:?]
	at org.apache.hadoop.ipc.RPC$Server.call(RPC.java:1093) [hadoop-common-3.3.1.jar:?]
	at org.apache.hadoop.ipc.Server$RpcCall.run(Server.java:1035) [hadoop-common-3.3.1.jar:?]
	at org.apache.hadoop.ipc.Server$RpcCall.run(Server.java:963) [hadoop-common-3.3.1.jar:?]
	at java.security.AccessController.doPrivileged(Native Method) ~[?:1.8.0_332]
	at javax.security.auth.Subject.doAs(Subject.java:422) [?:1.8.0_332]
	at org.apache.hadoop.security.UserGroupInformation.doAs(UserGroupInformation.java:1878) [hadoop-common-3.3.1.jar:?]
	at org.apache.hadoop.ipc.Server$Handler.run(Server.java:2966) [hadoop-common-3.3.1.jar:?]
16:22:35.024 [IPC Server handler 2 on default port 33505] ERROR OMAudit - user=runner | ip=127.0.0.1 | op=GET_FILE_STATUS {volume=volume53859, bucket=bucket42714, key=testBatchDelete/parent/childFolder/child5, dataSize=0, replicationConfig=null} | ret=FAILURE
org.apache.hadoop.ozone.om.exceptions.OMException: Unable to get file status: volume: volume53859 bucket: bucket42714 key: testBatchDelete/parent/childFolder/child5
	at org.apache.hadoop.ozone.om.KeyManagerImpl.getOzoneFileStatus(KeyManagerImpl.java:1283) ~[ozone-manager-1.3.0-SNAPSHOT.jar:?]
	at org.apache.hadoop.ozone.om.KeyManagerImpl.getFileStatus(KeyManagerImpl.java:1213) ~[ozone-manager-1.3.0-SNAPSHOT.jar:?]
	at org.apache.hadoop.ozone.om.OzoneManager.getFileStatus(OzoneManager.java:3419) ~[ozone-manager-1.3.0-SNAPSHOT.jar:?]
	at org.apache.hadoop.ozone.protocolPB.OzoneManagerRequestHandler.getOzoneFileStatus(OzoneManagerRequestHandler.java:871) ~[ozone-manager-1.3.0-SNAPSHOT.jar:?]
	at org.apache.hadoop.ozone.protocolPB.OzoneManagerRequestHandler.handleReadRequest(OzoneManagerRequestHandler.java:217) ~[ozone-manager-1.3.0-SNAPSHOT.jar:?]
	at org.apache.hadoop.ozone.protocolPB.OzoneManagerProtocolServerSideTranslatorPB.submitReadRequestToOM(OzoneManagerProtocolServerSideTranslatorPB.java:225) ~[ozone-manager-1.3.0-SNAPSHOT.jar:?]
	at org.apache.hadoop.ozone.protocolPB.OzoneManagerProtocolServerSideTranslatorPB.processRequest(OzoneManagerProtocolServerSideTranslatorPB.java:175) ~[ozone-manager-1.3.0-SNAPSHOT.jar:?]
	at org.apache.hadoop.hdds.server.OzoneProtocolMessageDispatcher.processRequest(OzoneProtocolMessageDispatcher.java:87) [hdds-server-framework-1.3.0-SNAPSHOT.jar:?]
	at org.apache.hadoop.ozone.protocolPB.OzoneManagerProtocolServerSideTranslatorPB.submitRequest(OzoneManagerProtocolServerSideTranslatorPB.java:147) [ozone-manager-1.3.0-SNAPSHOT.jar:?]
	at org.apache.hadoop.ozone.protocol.proto.OzoneManagerProtocolProtos$OzoneManagerService$2.callBlockingMethod(OzoneManagerProtocolProtos.java) [ozone-interface-client-1.3.0-SNAPSHOT.jar:?]
	at org.apache.hadoop.ipc.ProtobufRpcEngine$Server.processCall(ProtobufRpcEngine.java:466) [hadoop-common-3.3.1.jar:?]
	at org.apache.hadoop.ipc.ProtobufRpcEngine2$Server$ProtoBufRpcInvoker.call(ProtobufRpcEngine2.java:574) [hadoop-common-3.3.1.jar:?]
	at org.apache.hadoop.ipc.ProtobufRpcEngine2$Server$ProtoBufRpcInvoker.call(ProtobufRpcEngine2.java:552) [hadoop-common-3.3.1.jar:?]
	at org.apache.hadoop.ipc.RPC$Server.call(RPC.java:1093) [hadoop-common-3.3.1.jar:?]
	at org.apache.hadoop.ipc.Server$RpcCall.run(Server.java:1035) [hadoop-common-3.3.1.jar:?]
	at org.apache.hadoop.ipc.Server$RpcCall.run(Server.java:963) [hadoop-common-3.3.1.jar:?]
	at java.security.AccessController.doPrivileged(Native Method) ~[?:1.8.0_332]
	at javax.security.auth.Subject.doAs(Subject.java:422) [?:1.8.0_332]
	at org.apache.hadoop.security.UserGroupInformation.doAs(UserGroupInformation.java:1878) [hadoop-common-3.3.1.jar:?]
	at org.apache.hadoop.ipc.Server$Handler.run(Server.java:2966) [hadoop-common-3.3.1.jar:?]
16:22:35.025 [IPC Server handler 3 on default port 33505] ERROR OMAudit - user=runner | ip=127.0.0.1 | op=GET_FILE_STATUS {volume=volume53859, bucket=bucket42714, key=testBatchDelete/parent/child6, dataSize=0, replicationConfig=null} | ret=FAILURE
org.apache.hadoop.ozone.om.exceptions.OMException: Unable to get file status: volume: volume53859 bucket: bucket42714 key: testBatchDelete/parent/child6
	at org.apache.hadoop.ozone.om.KeyManagerImpl.getOzoneFileStatus(KeyManagerImpl.java:1283) ~[ozone-manager-1.3.0-SNAPSHOT.jar:?]
	at org.apache.hadoop.ozone.om.KeyManagerImpl.getFileStatus(KeyManagerImpl.java:1213) ~[ozone-manager-1.3.0-SNAPSHOT.jar:?]
	at org.apache.hadoop.ozone.om.OzoneManager.getFileStatus(OzoneManager.java:3419) ~[ozone-manager-1.3.0-SNAPSHOT.jar:?]
	at org.apache.hadoop.ozone.protocolPB.OzoneManagerRequestHandler.getOzoneFileStatus(OzoneManagerRequestHandler.java:871) ~[ozone-manager-1.3.0-SNAPSHOT.jar:?]
	at org.apache.hadoop.ozone.protocolPB.OzoneManagerRequestHandler.handleReadRequest(OzoneManagerRequestHandler.java:217) ~[ozone-manager-1.3.0-SNAPSHOT.jar:?]
	at org.apache.hadoop.ozone.protocolPB.OzoneManagerProtocolServerSideTranslatorPB.submitReadRequestToOM(OzoneManagerProtocolServerSideTranslatorPB.java:225) ~[ozone-manager-1.3.0-SNAPSHOT.jar:?]
	at org.apache.hadoop.ozone.protocolPB.OzoneManagerProtocolServerSideTranslatorPB.processRequest(OzoneManagerProtocolServerSideTranslatorPB.java:175) ~[ozone-manager-1.3.0-SNAPSHOT.jar:?]
	at org.apache.hadoop.hdds.server.OzoneProtocolMessageDispatcher.processRequest(OzoneProtocolMessageDispatcher.java:87) [hdds-server-framework-1.3.0-SNAPSHOT.jar:?]
	at org.apache.hadoop.ozone.protocolPB.OzoneManagerProtocolServerSideTranslatorPB.submitRequest(OzoneManagerProtocolServerSideTranslatorPB.java:147) [ozone-manager-1.3.0-SNAPSHOT.jar:?]
	at org.apache.hadoop.ozone.protocol.proto.OzoneManagerProtocolProtos$OzoneManagerService$2.callBlockingMethod(OzoneManagerProtocolProtos.java) [ozone-interface-client-1.3.0-SNAPSHOT.jar:?]
	at org.apache.hadoop.ipc.ProtobufRpcEngine$Server.processCall(ProtobufRpcEngine.java:466) [hadoop-common-3.3.1.jar:?]
	at org.apache.hadoop.ipc.ProtobufRpcEngine2$Server$ProtoBufRpcInvoker.call(ProtobufRpcEngine2.java:574) [hadoop-common-3.3.1.jar:?]
	at org.apache.hadoop.ipc.ProtobufRpcEngine2$Server$ProtoBufRpcInvoker.call(ProtobufRpcEngine2.java:552) [hadoop-common-3.3.1.jar:?]
	at org.apache.hadoop.ipc.RPC$Server.call(RPC.java:1093) [hadoop-common-3.3.1.jar:?]
	at org.apache.hadoop.ipc.Server$RpcCall.run(Server.java:1035) [hadoop-common-3.3.1.jar:?]
	at org.apache.hadoop.ipc.Server$RpcCall.run(Server.java:963) [hadoop-common-3.3.1.jar:?]
	at java.security.AccessController.doPrivileged(Native Method) ~[?:1.8.0_332]
	at javax.security.auth.Subject.doAs(Subject.java:422) [?:1.8.0_332]
	at org.apache.hadoop.security.UserGroupInformation.doAs(UserGroupInformation.java:1878) [hadoop-common-3.3.1.jar:?]
	at org.apache.hadoop.ipc.Server$Handler.run(Server.java:2966) [hadoop-common-3.3.1.jar:?]
16:22:35.025 [IPC Server handler 4 on default port 33505] ERROR OMAudit - user=runner | ip=127.0.0.1 | op=GET_FILE_STATUS {volume=volume53859, bucket=bucket42714, key=testBatchDelete/parent/childFolder/child6, dataSize=0, replicationConfig=null} | ret=FAILURE
org.apache.hadoop.ozone.om.exceptions.OMException: Unable to get file status: volume: volume53859 bucket: bucket42714 key: testBatchDelete/parent/childFolder/child6
	at org.apache.hadoop.ozone.om.KeyManagerImpl.getOzoneFileStatus(KeyManagerImpl.java:1283) ~[ozone-manager-1.3.0-SNAPSHOT.jar:?]
	at org.apache.hadoop.ozone.om.KeyManagerImpl.getFileStatus(KeyManagerImpl.java:1213) ~[ozone-manager-1.3.0-SNAPSHOT.jar:?]
	at org.apache.hadoop.ozone.om.OzoneManager.getFileStatus(OzoneManager.java:3419) ~[ozone-manager-1.3.0-SNAPSHOT.jar:?]
	at org.apache.hadoop.ozone.protocolPB.OzoneManagerRequestHandler.getOzoneFileStatus(OzoneManagerRequestHandler.java:871) ~[ozone-manager-1.3.0-SNAPSHOT.jar:?]
	at org.apache.hadoop.ozone.protocolPB.OzoneManagerRequestHandler.handleReadRequest(OzoneManagerRequestHandler.java:217) ~[ozone-manager-1.3.0-SNAPSHOT.jar:?]
	at org.apache.hadoop.ozone.protocolPB.OzoneManagerProtocolServerSideTranslatorPB.submitReadRequestToOM(OzoneManagerProtocolServerSideTranslatorPB.java:225) ~[ozone-manager-1.3.0-SNAPSHOT.jar:?]
	at org.apache.hadoop.ozone.protocolPB.OzoneManagerProtocolServerSideTranslatorPB.processRequest(OzoneManagerProtocolServerSideTranslatorPB.java:175) ~[ozone-manager-1.3.0-SNAPSHOT.jar:?]
	at org.apache.hadoop.hdds.server.OzoneProtocolMessageDispatcher.processRequest(OzoneProtocolMessageDispatcher.java:87) [hdds-server-framework-1.3.0-SNAPSHOT.jar:?]
	at org.apache.hadoop.ozone.protocolPB.OzoneManagerProtocolServerSideTranslatorPB.submitRequest(OzoneManagerProtocolServerSideTranslatorPB.java:147) [ozone-manager-1.3.0-SNAPSHOT.jar:?]
	at org.apache.hadoop.ozone.protocol.proto.OzoneManagerProtocolProtos$OzoneManagerService$2.callBlockingMethod(OzoneManagerProtocolProtos.java) [ozone-interface-client-1.3.0-SNAPSHOT.jar:?]
	at org.apache.hadoop.ipc.ProtobufRpcEngine$Server.processCall(ProtobufRpcEngine.java:466) [hadoop-common-3.3.1.jar:?]
	at org.apache.hadoop.ipc.ProtobufRpcEngine2$Server$ProtoBufRpcInvoker.call(ProtobufRpcEngine2.java:574) [hadoop-common-3.3.1.jar:?]
	at org.apache.hadoop.ipc.ProtobufRpcEngine2$Server$ProtoBufRpcInvoker.call(ProtobufRpcEngine2.java:552) [hadoop-common-3.3.1.jar:?]
	at org.apache.hadoop.ipc.RPC$Server.call(RPC.java:1093) [hadoop-common-3.3.1.jar:?]
	at org.apache.hadoop.ipc.Server$RpcCall.run(Server.java:1035) [hadoop-common-3.3.1.jar:?]
	at org.apache.hadoop.ipc.Server$RpcCall.run(Server.java:963) [hadoop-common-3.3.1.jar:?]
	at java.security.AccessController.doPrivileged(Native Method) ~[?:1.8.0_332]
	at javax.security.auth.Subject.doAs(Subject.java:422) [?:1.8.0_332]
	at org.apache.hadoop.security.UserGroupInformation.doAs(UserGroupInformation.java:1878) [hadoop-common-3.3.1.jar:?]
	at org.apache.hadoop.ipc.Server$Handler.run(Server.java:2966) [hadoop-common-3.3.1.jar:?]
16:22:35.026 [IPC Server handler 19 on default port 33505] ERROR OMAudit - user=runner | ip=127.0.0.1 | op=GET_FILE_STATUS {volume=volume53859, bucket=bucket42714, key=testBatchDelete/parent/child7, dataSize=0, replicationConfig=null} | ret=FAILURE
org.apache.hadoop.ozone.om.exceptions.OMException: Unable to get file status: volume: volume53859 bucket: bucket42714 key: testBatchDelete/parent/child7
	at org.apache.hadoop.ozone.om.KeyManagerImpl.getOzoneFileStatus(KeyManagerImpl.java:1283) ~[ozone-manager-1.3.0-SNAPSHOT.jar:?]
	at org.apache.hadoop.ozone.om.KeyManagerImpl.getFileStatus(KeyManagerImpl.java:1213) ~[ozone-manager-1.3.0-SNAPSHOT.jar:?]
	at org.apache.hadoop.ozone.om.OzoneManager.getFileStatus(OzoneManager.java:3419) ~[ozone-manager-1.3.0-SNAPSHOT.jar:?]
	at org.apache.hadoop.ozone.protocolPB.OzoneManagerRequestHandler.getOzoneFileStatus(OzoneManagerRequestHandler.java:871) ~[ozone-manager-1.3.0-SNAPSHOT.jar:?]
	at org.apache.hadoop.ozone.protocolPB.OzoneManagerRequestHandler.handleReadRequest(OzoneManagerRequestHandler.java:217) ~[ozone-manager-1.3.0-SNAPSHOT.jar:?]
	at org.apache.hadoop.ozone.protocolPB.OzoneManagerProtocolServerSideTranslatorPB.submitReadRequestToOM(OzoneManagerProtocolServerSideTranslatorPB.java:225) ~[ozone-manager-1.3.0-SNAPSHOT.jar:?]
	at org.apache.hadoop.ozone.protocolPB.OzoneManagerProtocolServerSideTranslatorPB.processRequest(OzoneManagerProtocolServerSideTranslatorPB.java:175) ~[ozone-manager-1.3.0-SNAPSHOT.jar:?]
	at org.apache.hadoop.hdds.server.OzoneProtocolMessageDispatcher.processRequest(OzoneProtocolMessageDispatcher.java:87) [hdds-server-framework-1.3.0-SNAPSHOT.jar:?]
	at org.apache.hadoop.ozone.protocolPB.OzoneManagerProtocolServerSideTranslatorPB.submitRequest(OzoneManagerProtocolServerSideTranslatorPB.java:147) [ozone-manager-1.3.0-SNAPSHOT.jar:?]
	at org.apache.hadoop.ozone.protocol.proto.OzoneManagerProtocolProtos$OzoneManagerService$2.callBlockingMethod(OzoneManagerProtocolProtos.java) [ozone-interface-client-1.3.0-SNAPSHOT.jar:?]
	at org.apache.hadoop.ipc.ProtobufRpcEngine$Server.processCall(ProtobufRpcEngine.java:466) [hadoop-common-3.3.1.jar:?]
	at org.apache.hadoop.ipc.ProtobufRpcEngine2$Server$ProtoBufRpcInvoker.call(ProtobufRpcEngine2.java:574) [hadoop-common-3.3.1.jar:?]
	at org.apache.hadoop.ipc.ProtobufRpcEngine2$Server$ProtoBufRpcInvoker.call(ProtobufRpcEngine2.java:552) [hadoop-common-3.3.1.jar:?]
	at org.apache.hadoop.ipc.RPC$Server.call(RPC.java:1093) [hadoop-common-3.3.1.jar:?]
	at org.apache.hadoop.ipc.Server$RpcCall.run(Server.java:1035) [hadoop-common-3.3.1.jar:?]
	at org.apache.hadoop.ipc.Server$RpcCall.run(Server.java:963) [hadoop-common-3.3.1.jar:?]
	at java.security.AccessController.doPrivileged(Native Method) ~[?:1.8.0_332]
	at javax.security.auth.Subject.doAs(Subject.java:422) [?:1.8.0_332]
	at org.apache.hadoop.security.UserGroupInformation.doAs(UserGroupInformation.java:1878) [hadoop-common-3.3.1.jar:?]
	at org.apache.hadoop.ipc.Server$Handler.run(Server.java:2966) [hadoop-common-3.3.1.jar:?]
16:22:35.030 [IPC Server handler 8 on default port 33505] ERROR OMAudit - user=runner | ip=127.0.0.1 | op=GET_FILE_STATUS {volume=volume53859, bucket=bucket42714, key=testBatchDelete/parent/childFolder/child7, dataSize=0, replicationConfig=null} | ret=FAILURE
org.apache.hadoop.ozone.om.exceptions.OMException: Unable to get file status: volume: volume53859 bucket: bucket42714 key: testBatchDelete/parent/childFolder/child7
	at org.apache.hadoop.ozone.om.KeyManagerImpl.getOzoneFileStatus(KeyManagerImpl.java:1283) ~[ozone-manager-1.3.0-SNAPSHOT.jar:?]
	at org.apache.hadoop.ozone.om.KeyManagerImpl.getFileStatus(KeyManagerImpl.java:1213) ~[ozone-manager-1.3.0-SNAPSHOT.jar:?]
	at org.apache.hadoop.ozone.om.OzoneManager.getFileStatus(OzoneManager.java:3419) ~[ozone-manager-1.3.0-SNAPSHOT.jar:?]
	at org.apache.hadoop.ozone.protocolPB.OzoneManagerRequestHandler.getOzoneFileStatus(OzoneManagerRequestHandler.java:871) ~[ozone-manager-1.3.0-SNAPSHOT.jar:?]
	at org.apache.hadoop.ozone.protocolPB.OzoneManagerRequestHandler.handleReadRequest(OzoneManagerRequestHandler.java:217) ~[ozone-manager-1.3.0-SNAPSHOT.jar:?]
	at org.apache.hadoop.ozone.protocolPB.OzoneManagerProtocolServerSideTranslatorPB.submitReadRequestToOM(OzoneManagerProtocolServerSideTranslatorPB.java:225) ~[ozone-manager-1.3.0-SNAPSHOT.jar:?]
	at org.apache.hadoop.ozone.protocolPB.OzoneManagerProtocolServerSideTranslatorPB.processRequest(OzoneManagerProtocolServerSideTranslatorPB.java:175) ~[ozone-manager-1.3.0-SNAPSHOT.jar:?]
	at org.apache.hadoop.hdds.server.OzoneProtocolMessageDispatcher.processRequest(OzoneProtocolMessageDispatcher.java:87) [hdds-server-framework-1.3.0-SNAPSHOT.jar:?]
	at org.apache.hadoop.ozone.protocolPB.OzoneManagerProtocolServerSideTranslatorPB.submitRequest(OzoneManagerProtocolServerSideTranslatorPB.java:147) [ozone-manager-1.3.0-SNAPSHOT.jar:?]
	at org.apache.hadoop.ozone.protocol.proto.OzoneManagerProtocolProtos$OzoneManagerService$2.callBlockingMethod(OzoneManagerProtocolProtos.java) [ozone-interface-client-1.3.0-SNAPSHOT.jar:?]
	at org.apache.hadoop.ipc.ProtobufRpcEngine$Server.processCall(ProtobufRpcEngine.java:466) [hadoop-common-3.3.1.jar:?]
	at org.apache.hadoop.ipc.ProtobufRpcEngine2$Server$ProtoBufRpcInvoker.call(ProtobufRpcEngine2.java:574) [hadoop-common-3.3.1.jar:?]
	at org.apache.hadoop.ipc.ProtobufRpcEngine2$Server$ProtoBufRpcInvoker.call(ProtobufRpcEngine2.java:552) [hadoop-common-3.3.1.jar:?]
	at org.apache.hadoop.ipc.RPC$Server.call(RPC.java:1093) [hadoop-common-3.3.1.jar:?]
	at org.apache.hadoop.ipc.Server$RpcCall.run(Server.java:1035) [hadoop-common-3.3.1.jar:?]
	at org.apache.hadoop.ipc.Server$RpcCall.run(Server.java:963) [hadoop-common-3.3.1.jar:?]
	at java.security.AccessController.doPrivileged(Native Method) ~[?:1.8.0_332]
	at javax.security.auth.Subject.doAs(Subject.java:422) [?:1.8.0_332]
	at org.apache.hadoop.security.UserGroupInformation.doAs(UserGroupInformation.java:1878) [hadoop-common-3.3.1.jar:?]
	at org.apache.hadoop.ipc.Server$Handler.run(Server.java:2966) [hadoop-common-3.3.1.jar:?]
16:22:35.035 [IPC Server handler 16 on default port 33505] ERROR OMAudit - user=runner | ip=127.0.0.1 | op=GET_FILE_STATUS {volume=volume53859, bucket=bucket42714, key=testBatchDelete/parent, dataSize=0, replicationConfig=null} | ret=FAILURE
org.apache.hadoop.ozone.om.exceptions.OMException: Unable to get file status: volume: volume53859 bucket: bucket42714 key: testBatchDelete/parent
	at org.apache.hadoop.ozone.om.KeyManagerImpl.getOzoneFileStatus(KeyManagerImpl.java:1283) ~[ozone-manager-1.3.0-SNAPSHOT.jar:?]
	at org.apache.hadoop.ozone.om.KeyManagerImpl.getFileStatus(KeyManagerImpl.java:1213) ~[ozone-manager-1.3.0-SNAPSHOT.jar:?]
	at org.apache.hadoop.ozone.om.OzoneManager.getFileStatus(OzoneManager.java:3419) ~[ozone-manager-1.3.0-SNAPSHOT.jar:?]
	at org.apache.hadoop.ozone.protocolPB.OzoneManagerRequestHandler.getOzoneFileStatus(OzoneManagerRequestHandler.java:871) ~[ozone-manager-1.3.0-SNAPSHOT.jar:?]
	at org.apache.hadoop.ozone.protocolPB.OzoneManagerRequestHandler.handleReadRequest(OzoneManagerRequestHandler.java:217) ~[ozone-manager-1.3.0-SNAPSHOT.jar:?]
	at org.apache.hadoop.ozone.protocolPB.OzoneManagerProtocolServerSideTranslatorPB.submitReadRequestToOM(OzoneManagerProtocolServerSideTranslatorPB.java:225) ~[ozone-manager-1.3.0-SNAPSHOT.jar:?]
	at org.apache.hadoop.ozone.protocolPB.OzoneManagerProtocolServerSideTranslatorPB.processRequest(OzoneManagerProtocolServerSideTranslatorPB.java:175) ~[ozone-manager-1.3.0-SNAPSHOT.jar:?]
	at org.apache.hadoop.hdds.server.OzoneProtocolMessageDispatcher.processRequest(OzoneProtocolMessageDispatcher.java:87) [hdds-server-framework-1.3.0-SNAPSHOT.jar:?]
	at org.apache.hadoop.ozone.protocolPB.OzoneManagerProtocolServerSideTranslatorPB.submitRequest(OzoneManagerProtocolServerSideTranslatorPB.java:147) [ozone-manager-1.3.0-SNAPSHOT.jar:?]
	at org.apache.hadoop.ozone.protocol.proto.OzoneManagerProtocolProtos$OzoneManagerService$2.callBlockingMethod(OzoneManagerProtocolProtos.java) [ozone-interface-client-1.3.0-SNAPSHOT.jar:?]
	at org.apache.hadoop.ipc.ProtobufRpcEngine$Server.processCall(ProtobufRpcEngine.java:466) [hadoop-common-3.3.1.jar:?]
	at org.apache.hadoop.ipc.ProtobufRpcEngine2$Server$ProtoBufRpcInvoker.call(ProtobufRpcEngine2.java:574) [hadoop-common-3.3.1.jar:?]
	at org.apache.hadoop.ipc.ProtobufRpcEngine2$Server$ProtoBufRpcInvoker.call(ProtobufRpcEngine2.java:552) [hadoop-common-3.3.1.jar:?]
	at org.apache.hadoop.ipc.RPC$Server.call(RPC.java:1093) [hadoop-common-3.3.1.jar:?]
	at org.apache.hadoop.ipc.Server$RpcCall.run(Server.java:1035) [hadoop-common-3.3.1.jar:?]
	at org.apache.hadoop.ipc.Server$RpcCall.run(Server.java:963) [hadoop-common-3.3.1.jar:?]
	at java.security.AccessController.doPrivileged(Native Method) ~[?:1.8.0_332]
	at javax.security.auth.Subject.doAs(Subject.java:422) [?:1.8.0_332]
	at org.apache.hadoop.security.UserGroupInformation.doAs(UserGroupInformation.java:1878) [hadoop-common-3.3.1.jar:?]
	at org.apache.hadoop.ipc.Server$Handler.run(Server.java:2966) [hadoop-common-3.3.1.jar:?]
2022-06-16 16:22:35,035 [Time-limited test] WARN  ozone.BasicRootedOzoneFileSystem (BasicRootedOzoneFileSystem.java:delete(572)) - delete: Path does not exist: /volume53859/bucket42714/testBatchDelete/parent
]]></system-out>
  </testcase>
  <testcase name="testFileDelete" classname="TestRootedOzoneFileSystem" time="0.303">
    <system-out><![CDATA[2022-06-16 16:24:00,531 [Time-limited test] INFO  rpc.RpcClient (RpcClient.java:createVolume(466)) - Creating Volume: volume12189, with user09899 as owner and space quota set to -1 bytes, counts quota set to -1
2022-06-16 16:24:00,532 [IPC Server handler 8 on default port 44357] INFO  volume.OMVolumeCreateRequest (OMVolumeCreateRequest.java:validateAndUpdateCache(195)) - created volume:volume12189 for user:user09899
2022-06-16 16:24:00,537 [Time-limited test] INFO  rpc.RpcClient (RpcClient.java:createBucket(666)) - Creating Bucket: volume12189/bucket27389, with the Bucket Layout LEGACY, runner as owner, Versioning false, Storage Type set to DISK and Encryption set to false 
2022-06-16 16:24:00,542 [IPC Server handler 4 on default port 44357] INFO  bucket.OMBucketCreateRequest (OMBucketCreateRequest.java:validateAndUpdateCache(260)) - created bucket: bucket27389 of layout LEGACY in volume: volume12189
16:24:00.698 [IPC Server handler 3 on default port 44357] ERROR OMAudit - user=runner | ip=127.0.0.1 | op=GET_FILE_STATUS {volume=volume12189, bucket=bucket27389, key=testBatchDelete, dataSize=0, replicationConfig=null} | ret=FAILURE
org.apache.hadoop.ozone.om.exceptions.OMException: Unable to get file status: volume: volume12189 bucket: bucket27389 key: testBatchDelete
	at org.apache.hadoop.ozone.om.KeyManagerImpl.getOzoneFileStatus(KeyManagerImpl.java:1283) ~[ozone-manager-1.3.0-SNAPSHOT.jar:?]
	at org.apache.hadoop.ozone.om.KeyManagerImpl.getFileStatus(KeyManagerImpl.java:1213) ~[ozone-manager-1.3.0-SNAPSHOT.jar:?]
	at org.apache.hadoop.ozone.om.OzoneManager.getFileStatus(OzoneManager.java:3419) ~[ozone-manager-1.3.0-SNAPSHOT.jar:?]
	at org.apache.hadoop.ozone.protocolPB.OzoneManagerRequestHandler.getOzoneFileStatus(OzoneManagerRequestHandler.java:871) ~[ozone-manager-1.3.0-SNAPSHOT.jar:?]
	at org.apache.hadoop.ozone.protocolPB.OzoneManagerRequestHandler.handleReadRequest(OzoneManagerRequestHandler.java:217) ~[ozone-manager-1.3.0-SNAPSHOT.jar:?]
	at org.apache.hadoop.ozone.protocolPB.OzoneManagerProtocolServerSideTranslatorPB.submitRequestDirectlyToOM(OzoneManagerProtocolServerSideTranslatorPB.java:284) ~[ozone-manager-1.3.0-SNAPSHOT.jar:?]
	at org.apache.hadoop.ozone.protocolPB.OzoneManagerProtocolServerSideTranslatorPB.processRequest(OzoneManagerProtocolServerSideTranslatorPB.java:207) ~[ozone-manager-1.3.0-SNAPSHOT.jar:?]
	at org.apache.hadoop.hdds.server.OzoneProtocolMessageDispatcher.processRequest(OzoneProtocolMessageDispatcher.java:87) [hdds-server-framework-1.3.0-SNAPSHOT.jar:?]
	at org.apache.hadoop.ozone.protocolPB.OzoneManagerProtocolServerSideTranslatorPB.submitRequest(OzoneManagerProtocolServerSideTranslatorPB.java:147) [ozone-manager-1.3.0-SNAPSHOT.jar:?]
	at org.apache.hadoop.ozone.protocol.proto.OzoneManagerProtocolProtos$OzoneManagerService$2.callBlockingMethod(OzoneManagerProtocolProtos.java) [ozone-interface-client-1.3.0-SNAPSHOT.jar:?]
	at org.apache.hadoop.ipc.ProtobufRpcEngine$Server.processCall(ProtobufRpcEngine.java:466) [hadoop-common-3.3.1.jar:?]
	at org.apache.hadoop.ipc.ProtobufRpcEngine2$Server$ProtoBufRpcInvoker.call(ProtobufRpcEngine2.java:574) [hadoop-common-3.3.1.jar:?]
	at org.apache.hadoop.ipc.ProtobufRpcEngine2$Server$ProtoBufRpcInvoker.call(ProtobufRpcEngine2.java:552) [hadoop-common-3.3.1.jar:?]
	at org.apache.hadoop.ipc.RPC$Server.call(RPC.java:1093) [hadoop-common-3.3.1.jar:?]
	at org.apache.hadoop.ipc.Server$RpcCall.run(Server.java:1035) [hadoop-common-3.3.1.jar:?]
	at org.apache.hadoop.ipc.Server$RpcCall.run(Server.java:963) [hadoop-common-3.3.1.jar:?]
	at java.security.AccessController.doPrivileged(Native Method) ~[?:1.8.0_332]
	at javax.security.auth.Subject.doAs(Subject.java:422) [?:1.8.0_332]
	at org.apache.hadoop.security.UserGroupInformation.doAs(UserGroupInformation.java:1878) [hadoop-common-3.3.1.jar:?]
	at org.apache.hadoop.ipc.Server$Handler.run(Server.java:2966) [hadoop-common-3.3.1.jar:?]
16:24:00.699 [IPC Server handler 1 on default port 44357] ERROR OMAudit - user=runner | ip=127.0.0.1 | op=GET_FILE_STATUS {volume=volume12189, bucket=bucket27389, key=testBatchDelete/parent/child0, dataSize=0, replicationConfig=null} | ret=FAILURE
org.apache.hadoop.ozone.om.exceptions.OMException: Unable to get file status: volume: volume12189 bucket: bucket27389 key: testBatchDelete/parent/child0
	at org.apache.hadoop.ozone.om.KeyManagerImpl.getOzoneFileStatus(KeyManagerImpl.java:1283) ~[ozone-manager-1.3.0-SNAPSHOT.jar:?]
	at org.apache.hadoop.ozone.om.KeyManagerImpl.getFileStatus(KeyManagerImpl.java:1213) ~[ozone-manager-1.3.0-SNAPSHOT.jar:?]
	at org.apache.hadoop.ozone.om.OzoneManager.getFileStatus(OzoneManager.java:3419) ~[ozone-manager-1.3.0-SNAPSHOT.jar:?]
	at org.apache.hadoop.ozone.protocolPB.OzoneManagerRequestHandler.getOzoneFileStatus(OzoneManagerRequestHandler.java:871) ~[ozone-manager-1.3.0-SNAPSHOT.jar:?]
	at org.apache.hadoop.ozone.protocolPB.OzoneManagerRequestHandler.handleReadRequest(OzoneManagerRequestHandler.java:217) ~[ozone-manager-1.3.0-SNAPSHOT.jar:?]
	at org.apache.hadoop.ozone.protocolPB.OzoneManagerProtocolServerSideTranslatorPB.submitRequestDirectlyToOM(OzoneManagerProtocolServerSideTranslatorPB.java:284) ~[ozone-manager-1.3.0-SNAPSHOT.jar:?]
	at org.apache.hadoop.ozone.protocolPB.OzoneManagerProtocolServerSideTranslatorPB.processRequest(OzoneManagerProtocolServerSideTranslatorPB.java:207) ~[ozone-manager-1.3.0-SNAPSHOT.jar:?]
	at org.apache.hadoop.hdds.server.OzoneProtocolMessageDispatcher.processRequest(OzoneProtocolMessageDispatcher.java:87) [hdds-server-framework-1.3.0-SNAPSHOT.jar:?]
	at org.apache.hadoop.ozone.protocolPB.OzoneManagerProtocolServerSideTranslatorPB.submitRequest(OzoneManagerProtocolServerSideTranslatorPB.java:147) [ozone-manager-1.3.0-SNAPSHOT.jar:?]
	at org.apache.hadoop.ozone.protocol.proto.OzoneManagerProtocolProtos$OzoneManagerService$2.callBlockingMethod(OzoneManagerProtocolProtos.java) [ozone-interface-client-1.3.0-SNAPSHOT.jar:?]
	at org.apache.hadoop.ipc.ProtobufRpcEngine$Server.processCall(ProtobufRpcEngine.java:466) [hadoop-common-3.3.1.jar:?]
	at org.apache.hadoop.ipc.ProtobufRpcEngine2$Server$ProtoBufRpcInvoker.call(ProtobufRpcEngine2.java:574) [hadoop-common-3.3.1.jar:?]
	at org.apache.hadoop.ipc.ProtobufRpcEngine2$Server$ProtoBufRpcInvoker.call(ProtobufRpcEngine2.java:552) [hadoop-common-3.3.1.jar:?]
	at org.apache.hadoop.ipc.RPC$Server.call(RPC.java:1093) [hadoop-common-3.3.1.jar:?]
	at org.apache.hadoop.ipc.Server$RpcCall.run(Server.java:1035) [hadoop-common-3.3.1.jar:?]
	at org.apache.hadoop.ipc.Server$RpcCall.run(Server.java:963) [hadoop-common-3.3.1.jar:?]
	at java.security.AccessController.doPrivileged(Native Method) ~[?:1.8.0_332]
	at javax.security.auth.Subject.doAs(Subject.java:422) [?:1.8.0_332]
	at org.apache.hadoop.security.UserGroupInformation.doAs(UserGroupInformation.java:1878) [hadoop-common-3.3.1.jar:?]
	at org.apache.hadoop.ipc.Server$Handler.run(Server.java:2966) [hadoop-common-3.3.1.jar:?]
16:24:00.700 [IPC Server handler 5 on default port 44357] ERROR OMAudit - user=runner | ip=127.0.0.1 | op=GET_FILE_STATUS {volume=volume12189, bucket=bucket27389, key=testBatchDelete/parent/childFolder/child0, dataSize=0, replicationConfig=null} | ret=FAILURE
org.apache.hadoop.ozone.om.exceptions.OMException: Unable to get file status: volume: volume12189 bucket: bucket27389 key: testBatchDelete/parent/childFolder/child0
	at org.apache.hadoop.ozone.om.KeyManagerImpl.getOzoneFileStatus(KeyManagerImpl.java:1283) ~[ozone-manager-1.3.0-SNAPSHOT.jar:?]
	at org.apache.hadoop.ozone.om.KeyManagerImpl.getFileStatus(KeyManagerImpl.java:1213) ~[ozone-manager-1.3.0-SNAPSHOT.jar:?]
	at org.apache.hadoop.ozone.om.OzoneManager.getFileStatus(OzoneManager.java:3419) ~[ozone-manager-1.3.0-SNAPSHOT.jar:?]
	at org.apache.hadoop.ozone.protocolPB.OzoneManagerRequestHandler.getOzoneFileStatus(OzoneManagerRequestHandler.java:871) ~[ozone-manager-1.3.0-SNAPSHOT.jar:?]
	at org.apache.hadoop.ozone.protocolPB.OzoneManagerRequestHandler.handleReadRequest(OzoneManagerRequestHandler.java:217) ~[ozone-manager-1.3.0-SNAPSHOT.jar:?]
	at org.apache.hadoop.ozone.protocolPB.OzoneManagerProtocolServerSideTranslatorPB.submitRequestDirectlyToOM(OzoneManagerProtocolServerSideTranslatorPB.java:284) ~[ozone-manager-1.3.0-SNAPSHOT.jar:?]
	at org.apache.hadoop.ozone.protocolPB.OzoneManagerProtocolServerSideTranslatorPB.processRequest(OzoneManagerProtocolServerSideTranslatorPB.java:207) ~[ozone-manager-1.3.0-SNAPSHOT.jar:?]
	at org.apache.hadoop.hdds.server.OzoneProtocolMessageDispatcher.processRequest(OzoneProtocolMessageDispatcher.java:87) [hdds-server-framework-1.3.0-SNAPSHOT.jar:?]
	at org.apache.hadoop.ozone.protocolPB.OzoneManagerProtocolServerSideTranslatorPB.submitRequest(OzoneManagerProtocolServerSideTranslatorPB.java:147) [ozone-manager-1.3.0-SNAPSHOT.jar:?]
	at org.apache.hadoop.ozone.protocol.proto.OzoneManagerProtocolProtos$OzoneManagerService$2.callBlockingMethod(OzoneManagerProtocolProtos.java) [ozone-interface-client-1.3.0-SNAPSHOT.jar:?]
	at org.apache.hadoop.ipc.ProtobufRpcEngine$Server.processCall(ProtobufRpcEngine.java:466) [hadoop-common-3.3.1.jar:?]
	at org.apache.hadoop.ipc.ProtobufRpcEngine2$Server$ProtoBufRpcInvoker.call(ProtobufRpcEngine2.java:574) [hadoop-common-3.3.1.jar:?]
	at org.apache.hadoop.ipc.ProtobufRpcEngine2$Server$ProtoBufRpcInvoker.call(ProtobufRpcEngine2.java:552) [hadoop-common-3.3.1.jar:?]
	at org.apache.hadoop.ipc.RPC$Server.call(RPC.java:1093) [hadoop-common-3.3.1.jar:?]
	at org.apache.hadoop.ipc.Server$RpcCall.run(Server.java:1035) [hadoop-common-3.3.1.jar:?]
	at org.apache.hadoop.ipc.Server$RpcCall.run(Server.java:963) [hadoop-common-3.3.1.jar:?]
	at java.security.AccessController.doPrivileged(Native Method) ~[?:1.8.0_332]
	at javax.security.auth.Subject.doAs(Subject.java:422) [?:1.8.0_332]
	at org.apache.hadoop.security.UserGroupInformation.doAs(UserGroupInformation.java:1878) [hadoop-common-3.3.1.jar:?]
	at org.apache.hadoop.ipc.Server$Handler.run(Server.java:2966) [hadoop-common-3.3.1.jar:?]
16:24:00.701 [IPC Server handler 8 on default port 44357] ERROR OMAudit - user=runner | ip=127.0.0.1 | op=GET_FILE_STATUS {volume=volume12189, bucket=bucket27389, key=testBatchDelete/parent/child1, dataSize=0, replicationConfig=null} | ret=FAILURE
org.apache.hadoop.ozone.om.exceptions.OMException: Unable to get file status: volume: volume12189 bucket: bucket27389 key: testBatchDelete/parent/child1
	at org.apache.hadoop.ozone.om.KeyManagerImpl.getOzoneFileStatus(KeyManagerImpl.java:1283) ~[ozone-manager-1.3.0-SNAPSHOT.jar:?]
	at org.apache.hadoop.ozone.om.KeyManagerImpl.getFileStatus(KeyManagerImpl.java:1213) ~[ozone-manager-1.3.0-SNAPSHOT.jar:?]
	at org.apache.hadoop.ozone.om.OzoneManager.getFileStatus(OzoneManager.java:3419) ~[ozone-manager-1.3.0-SNAPSHOT.jar:?]
	at org.apache.hadoop.ozone.protocolPB.OzoneManagerRequestHandler.getOzoneFileStatus(OzoneManagerRequestHandler.java:871) ~[ozone-manager-1.3.0-SNAPSHOT.jar:?]
	at org.apache.hadoop.ozone.protocolPB.OzoneManagerRequestHandler.handleReadRequest(OzoneManagerRequestHandler.java:217) ~[ozone-manager-1.3.0-SNAPSHOT.jar:?]
	at org.apache.hadoop.ozone.protocolPB.OzoneManagerProtocolServerSideTranslatorPB.submitRequestDirectlyToOM(OzoneManagerProtocolServerSideTranslatorPB.java:284) ~[ozone-manager-1.3.0-SNAPSHOT.jar:?]
	at org.apache.hadoop.ozone.protocolPB.OzoneManagerProtocolServerSideTranslatorPB.processRequest(OzoneManagerProtocolServerSideTranslatorPB.java:207) ~[ozone-manager-1.3.0-SNAPSHOT.jar:?]
	at org.apache.hadoop.hdds.server.OzoneProtocolMessageDispatcher.processRequest(OzoneProtocolMessageDispatcher.java:87) [hdds-server-framework-1.3.0-SNAPSHOT.jar:?]
	at org.apache.hadoop.ozone.protocolPB.OzoneManagerProtocolServerSideTranslatorPB.submitRequest(OzoneManagerProtocolServerSideTranslatorPB.java:147) [ozone-manager-1.3.0-SNAPSHOT.jar:?]
	at org.apache.hadoop.ozone.protocol.proto.OzoneManagerProtocolProtos$OzoneManagerService$2.callBlockingMethod(OzoneManagerProtocolProtos.java) [ozone-interface-client-1.3.0-SNAPSHOT.jar:?]
	at org.apache.hadoop.ipc.ProtobufRpcEngine$Server.processCall(ProtobufRpcEngine.java:466) [hadoop-common-3.3.1.jar:?]
	at org.apache.hadoop.ipc.ProtobufRpcEngine2$Server$ProtoBufRpcInvoker.call(ProtobufRpcEngine2.java:574) [hadoop-common-3.3.1.jar:?]
	at org.apache.hadoop.ipc.ProtobufRpcEngine2$Server$ProtoBufRpcInvoker.call(ProtobufRpcEngine2.java:552) [hadoop-common-3.3.1.jar:?]
	at org.apache.hadoop.ipc.RPC$Server.call(RPC.java:1093) [hadoop-common-3.3.1.jar:?]
	at org.apache.hadoop.ipc.Server$RpcCall.run(Server.java:1035) [hadoop-common-3.3.1.jar:?]
	at org.apache.hadoop.ipc.Server$RpcCall.run(Server.java:963) [hadoop-common-3.3.1.jar:?]
	at java.security.AccessController.doPrivileged(Native Method) ~[?:1.8.0_332]
	at javax.security.auth.Subject.doAs(Subject.java:422) [?:1.8.0_332]
	at org.apache.hadoop.security.UserGroupInformation.doAs(UserGroupInformation.java:1878) [hadoop-common-3.3.1.jar:?]
	at org.apache.hadoop.ipc.Server$Handler.run(Server.java:2966) [hadoop-common-3.3.1.jar:?]
16:24:00.701 [IPC Server handler 4 on default port 44357] ERROR OMAudit - user=runner | ip=127.0.0.1 | op=GET_FILE_STATUS {volume=volume12189, bucket=bucket27389, key=testBatchDelete/parent/childFolder/child1, dataSize=0, replicationConfig=null} | ret=FAILURE
org.apache.hadoop.ozone.om.exceptions.OMException: Unable to get file status: volume: volume12189 bucket: bucket27389 key: testBatchDelete/parent/childFolder/child1
	at org.apache.hadoop.ozone.om.KeyManagerImpl.getOzoneFileStatus(KeyManagerImpl.java:1283) ~[ozone-manager-1.3.0-SNAPSHOT.jar:?]
	at org.apache.hadoop.ozone.om.KeyManagerImpl.getFileStatus(KeyManagerImpl.java:1213) ~[ozone-manager-1.3.0-SNAPSHOT.jar:?]
	at org.apache.hadoop.ozone.om.OzoneManager.getFileStatus(OzoneManager.java:3419) ~[ozone-manager-1.3.0-SNAPSHOT.jar:?]
	at org.apache.hadoop.ozone.protocolPB.OzoneManagerRequestHandler.getOzoneFileStatus(OzoneManagerRequestHandler.java:871) ~[ozone-manager-1.3.0-SNAPSHOT.jar:?]
	at org.apache.hadoop.ozone.protocolPB.OzoneManagerRequestHandler.handleReadRequest(OzoneManagerRequestHandler.java:217) ~[ozone-manager-1.3.0-SNAPSHOT.jar:?]
	at org.apache.hadoop.ozone.protocolPB.OzoneManagerProtocolServerSideTranslatorPB.submitRequestDirectlyToOM(OzoneManagerProtocolServerSideTranslatorPB.java:284) ~[ozone-manager-1.3.0-SNAPSHOT.jar:?]
	at org.apache.hadoop.ozone.protocolPB.OzoneManagerProtocolServerSideTranslatorPB.processRequest(OzoneManagerProtocolServerSideTranslatorPB.java:207) ~[ozone-manager-1.3.0-SNAPSHOT.jar:?]
	at org.apache.hadoop.hdds.server.OzoneProtocolMessageDispatcher.processRequest(OzoneProtocolMessageDispatcher.java:87) [hdds-server-framework-1.3.0-SNAPSHOT.jar:?]
	at org.apache.hadoop.ozone.protocolPB.OzoneManagerProtocolServerSideTranslatorPB.submitRequest(OzoneManagerProtocolServerSideTranslatorPB.java:147) [ozone-manager-1.3.0-SNAPSHOT.jar:?]
	at org.apache.hadoop.ozone.protocol.proto.OzoneManagerProtocolProtos$OzoneManagerService$2.callBlockingMethod(OzoneManagerProtocolProtos.java) [ozone-interface-client-1.3.0-SNAPSHOT.jar:?]
	at org.apache.hadoop.ipc.ProtobufRpcEngine$Server.processCall(ProtobufRpcEngine.java:466) [hadoop-common-3.3.1.jar:?]
	at org.apache.hadoop.ipc.ProtobufRpcEngine2$Server$ProtoBufRpcInvoker.call(ProtobufRpcEngine2.java:574) [hadoop-common-3.3.1.jar:?]
	at org.apache.hadoop.ipc.ProtobufRpcEngine2$Server$ProtoBufRpcInvoker.call(ProtobufRpcEngine2.java:552) [hadoop-common-3.3.1.jar:?]
	at org.apache.hadoop.ipc.RPC$Server.call(RPC.java:1093) [hadoop-common-3.3.1.jar:?]
	at org.apache.hadoop.ipc.Server$RpcCall.run(Server.java:1035) [hadoop-common-3.3.1.jar:?]
	at org.apache.hadoop.ipc.Server$RpcCall.run(Server.java:963) [hadoop-common-3.3.1.jar:?]
	at java.security.AccessController.doPrivileged(Native Method) ~[?:1.8.0_332]
	at javax.security.auth.Subject.doAs(Subject.java:422) [?:1.8.0_332]
	at org.apache.hadoop.security.UserGroupInformation.doAs(UserGroupInformation.java:1878) [hadoop-common-3.3.1.jar:?]
	at org.apache.hadoop.ipc.Server$Handler.run(Server.java:2966) [hadoop-common-3.3.1.jar:?]
16:24:00.702 [IPC Server handler 12 on default port 44357] ERROR OMAudit - user=runner | ip=127.0.0.1 | op=GET_FILE_STATUS {volume=volume12189, bucket=bucket27389, key=testBatchDelete/parent/child2, dataSize=0, replicationConfig=null} | ret=FAILURE
org.apache.hadoop.ozone.om.exceptions.OMException: Unable to get file status: volume: volume12189 bucket: bucket27389 key: testBatchDelete/parent/child2
	at org.apache.hadoop.ozone.om.KeyManagerImpl.getOzoneFileStatus(KeyManagerImpl.java:1283) ~[ozone-manager-1.3.0-SNAPSHOT.jar:?]
	at org.apache.hadoop.ozone.om.KeyManagerImpl.getFileStatus(KeyManagerImpl.java:1213) ~[ozone-manager-1.3.0-SNAPSHOT.jar:?]
	at org.apache.hadoop.ozone.om.OzoneManager.getFileStatus(OzoneManager.java:3419) ~[ozone-manager-1.3.0-SNAPSHOT.jar:?]
	at org.apache.hadoop.ozone.protocolPB.OzoneManagerRequestHandler.getOzoneFileStatus(OzoneManagerRequestHandler.java:871) ~[ozone-manager-1.3.0-SNAPSHOT.jar:?]
	at org.apache.hadoop.ozone.protocolPB.OzoneManagerRequestHandler.handleReadRequest(OzoneManagerRequestHandler.java:217) ~[ozone-manager-1.3.0-SNAPSHOT.jar:?]
	at org.apache.hadoop.ozone.protocolPB.OzoneManagerProtocolServerSideTranslatorPB.submitRequestDirectlyToOM(OzoneManagerProtocolServerSideTranslatorPB.java:284) ~[ozone-manager-1.3.0-SNAPSHOT.jar:?]
	at org.apache.hadoop.ozone.protocolPB.OzoneManagerProtocolServerSideTranslatorPB.processRequest(OzoneManagerProtocolServerSideTranslatorPB.java:207) ~[ozone-manager-1.3.0-SNAPSHOT.jar:?]
	at org.apache.hadoop.hdds.server.OzoneProtocolMessageDispatcher.processRequest(OzoneProtocolMessageDispatcher.java:87) [hdds-server-framework-1.3.0-SNAPSHOT.jar:?]
	at org.apache.hadoop.ozone.protocolPB.OzoneManagerProtocolServerSideTranslatorPB.submitRequest(OzoneManagerProtocolServerSideTranslatorPB.java:147) [ozone-manager-1.3.0-SNAPSHOT.jar:?]
	at org.apache.hadoop.ozone.protocol.proto.OzoneManagerProtocolProtos$OzoneManagerService$2.callBlockingMethod(OzoneManagerProtocolProtos.java) [ozone-interface-client-1.3.0-SNAPSHOT.jar:?]
	at org.apache.hadoop.ipc.ProtobufRpcEngine$Server.processCall(ProtobufRpcEngine.java:466) [hadoop-common-3.3.1.jar:?]
	at org.apache.hadoop.ipc.ProtobufRpcEngine2$Server$ProtoBufRpcInvoker.call(ProtobufRpcEngine2.java:574) [hadoop-common-3.3.1.jar:?]
	at org.apache.hadoop.ipc.ProtobufRpcEngine2$Server$ProtoBufRpcInvoker.call(ProtobufRpcEngine2.java:552) [hadoop-common-3.3.1.jar:?]
	at org.apache.hadoop.ipc.RPC$Server.call(RPC.java:1093) [hadoop-common-3.3.1.jar:?]
	at org.apache.hadoop.ipc.Server$RpcCall.run(Server.java:1035) [hadoop-common-3.3.1.jar:?]
	at org.apache.hadoop.ipc.Server$RpcCall.run(Server.java:963) [hadoop-common-3.3.1.jar:?]
	at java.security.AccessController.doPrivileged(Native Method) ~[?:1.8.0_332]
	at javax.security.auth.Subject.doAs(Subject.java:422) [?:1.8.0_332]
	at org.apache.hadoop.security.UserGroupInformation.doAs(UserGroupInformation.java:1878) [hadoop-common-3.3.1.jar:?]
	at org.apache.hadoop.ipc.Server$Handler.run(Server.java:2966) [hadoop-common-3.3.1.jar:?]
16:24:00.703 [IPC Server handler 14 on default port 44357] ERROR OMAudit - user=runner | ip=127.0.0.1 | op=GET_FILE_STATUS {volume=volume12189, bucket=bucket27389, key=testBatchDelete/parent/childFolder/child2, dataSize=0, replicationConfig=null} | ret=FAILURE
org.apache.hadoop.ozone.om.exceptions.OMException: Unable to get file status: volume: volume12189 bucket: bucket27389 key: testBatchDelete/parent/childFolder/child2
	at org.apache.hadoop.ozone.om.KeyManagerImpl.getOzoneFileStatus(KeyManagerImpl.java:1283) ~[ozone-manager-1.3.0-SNAPSHOT.jar:?]
	at org.apache.hadoop.ozone.om.KeyManagerImpl.getFileStatus(KeyManagerImpl.java:1213) ~[ozone-manager-1.3.0-SNAPSHOT.jar:?]
	at org.apache.hadoop.ozone.om.OzoneManager.getFileStatus(OzoneManager.java:3419) ~[ozone-manager-1.3.0-SNAPSHOT.jar:?]
	at org.apache.hadoop.ozone.protocolPB.OzoneManagerRequestHandler.getOzoneFileStatus(OzoneManagerRequestHandler.java:871) ~[ozone-manager-1.3.0-SNAPSHOT.jar:?]
	at org.apache.hadoop.ozone.protocolPB.OzoneManagerRequestHandler.handleReadRequest(OzoneManagerRequestHandler.java:217) ~[ozone-manager-1.3.0-SNAPSHOT.jar:?]
	at org.apache.hadoop.ozone.protocolPB.OzoneManagerProtocolServerSideTranslatorPB.submitRequestDirectlyToOM(OzoneManagerProtocolServerSideTranslatorPB.java:284) ~[ozone-manager-1.3.0-SNAPSHOT.jar:?]
	at org.apache.hadoop.ozone.protocolPB.OzoneManagerProtocolServerSideTranslatorPB.processRequest(OzoneManagerProtocolServerSideTranslatorPB.java:207) ~[ozone-manager-1.3.0-SNAPSHOT.jar:?]
	at org.apache.hadoop.hdds.server.OzoneProtocolMessageDispatcher.processRequest(OzoneProtocolMessageDispatcher.java:87) [hdds-server-framework-1.3.0-SNAPSHOT.jar:?]
	at org.apache.hadoop.ozone.protocolPB.OzoneManagerProtocolServerSideTranslatorPB.submitRequest(OzoneManagerProtocolServerSideTranslatorPB.java:147) [ozone-manager-1.3.0-SNAPSHOT.jar:?]
	at org.apache.hadoop.ozone.protocol.proto.OzoneManagerProtocolProtos$OzoneManagerService$2.callBlockingMethod(OzoneManagerProtocolProtos.java) [ozone-interface-client-1.3.0-SNAPSHOT.jar:?]
	at org.apache.hadoop.ipc.ProtobufRpcEngine$Server.processCall(ProtobufRpcEngine.java:466) [hadoop-common-3.3.1.jar:?]
	at org.apache.hadoop.ipc.ProtobufRpcEngine2$Server$ProtoBufRpcInvoker.call(ProtobufRpcEngine2.java:574) [hadoop-common-3.3.1.jar:?]
	at org.apache.hadoop.ipc.ProtobufRpcEngine2$Server$ProtoBufRpcInvoker.call(ProtobufRpcEngine2.java:552) [hadoop-common-3.3.1.jar:?]
	at org.apache.hadoop.ipc.RPC$Server.call(RPC.java:1093) [hadoop-common-3.3.1.jar:?]
	at org.apache.hadoop.ipc.Server$RpcCall.run(Server.java:1035) [hadoop-common-3.3.1.jar:?]
	at org.apache.hadoop.ipc.Server$RpcCall.run(Server.java:963) [hadoop-common-3.3.1.jar:?]
	at java.security.AccessController.doPrivileged(Native Method) ~[?:1.8.0_332]
	at javax.security.auth.Subject.doAs(Subject.java:422) [?:1.8.0_332]
	at org.apache.hadoop.security.UserGroupInformation.doAs(UserGroupInformation.java:1878) [hadoop-common-3.3.1.jar:?]
	at org.apache.hadoop.ipc.Server$Handler.run(Server.java:2966) [hadoop-common-3.3.1.jar:?]
16:24:00.703 [IPC Server handler 15 on default port 44357] ERROR OMAudit - user=runner | ip=127.0.0.1 | op=GET_FILE_STATUS {volume=volume12189, bucket=bucket27389, key=testBatchDelete/parent/child3, dataSize=0, replicationConfig=null} | ret=FAILURE
org.apache.hadoop.ozone.om.exceptions.OMException: Unable to get file status: volume: volume12189 bucket: bucket27389 key: testBatchDelete/parent/child3
	at org.apache.hadoop.ozone.om.KeyManagerImpl.getOzoneFileStatus(KeyManagerImpl.java:1283) ~[ozone-manager-1.3.0-SNAPSHOT.jar:?]
	at org.apache.hadoop.ozone.om.KeyManagerImpl.getFileStatus(KeyManagerImpl.java:1213) ~[ozone-manager-1.3.0-SNAPSHOT.jar:?]
	at org.apache.hadoop.ozone.om.OzoneManager.getFileStatus(OzoneManager.java:3419) ~[ozone-manager-1.3.0-SNAPSHOT.jar:?]
	at org.apache.hadoop.ozone.protocolPB.OzoneManagerRequestHandler.getOzoneFileStatus(OzoneManagerRequestHandler.java:871) ~[ozone-manager-1.3.0-SNAPSHOT.jar:?]
	at org.apache.hadoop.ozone.protocolPB.OzoneManagerRequestHandler.handleReadRequest(OzoneManagerRequestHandler.java:217) ~[ozone-manager-1.3.0-SNAPSHOT.jar:?]
	at org.apache.hadoop.ozone.protocolPB.OzoneManagerProtocolServerSideTranslatorPB.submitRequestDirectlyToOM(OzoneManagerProtocolServerSideTranslatorPB.java:284) ~[ozone-manager-1.3.0-SNAPSHOT.jar:?]
	at org.apache.hadoop.ozone.protocolPB.OzoneManagerProtocolServerSideTranslatorPB.processRequest(OzoneManagerProtocolServerSideTranslatorPB.java:207) ~[ozone-manager-1.3.0-SNAPSHOT.jar:?]
	at org.apache.hadoop.hdds.server.OzoneProtocolMessageDispatcher.processRequest(OzoneProtocolMessageDispatcher.java:87) [hdds-server-framework-1.3.0-SNAPSHOT.jar:?]
	at org.apache.hadoop.ozone.protocolPB.OzoneManagerProtocolServerSideTranslatorPB.submitRequest(OzoneManagerProtocolServerSideTranslatorPB.java:147) [ozone-manager-1.3.0-SNAPSHOT.jar:?]
	at org.apache.hadoop.ozone.protocol.proto.OzoneManagerProtocolProtos$OzoneManagerService$2.callBlockingMethod(OzoneManagerProtocolProtos.java) [ozone-interface-client-1.3.0-SNAPSHOT.jar:?]
	at org.apache.hadoop.ipc.ProtobufRpcEngine$Server.processCall(ProtobufRpcEngine.java:466) [hadoop-common-3.3.1.jar:?]
	at org.apache.hadoop.ipc.ProtobufRpcEngine2$Server$ProtoBufRpcInvoker.call(ProtobufRpcEngine2.java:574) [hadoop-common-3.3.1.jar:?]
	at org.apache.hadoop.ipc.ProtobufRpcEngine2$Server$ProtoBufRpcInvoker.call(ProtobufRpcEngine2.java:552) [hadoop-common-3.3.1.jar:?]
	at org.apache.hadoop.ipc.RPC$Server.call(RPC.java:1093) [hadoop-common-3.3.1.jar:?]
	at org.apache.hadoop.ipc.Server$RpcCall.run(Server.java:1035) [hadoop-common-3.3.1.jar:?]
	at org.apache.hadoop.ipc.Server$RpcCall.run(Server.java:963) [hadoop-common-3.3.1.jar:?]
	at java.security.AccessController.doPrivileged(Native Method) ~[?:1.8.0_332]
	at javax.security.auth.Subject.doAs(Subject.java:422) [?:1.8.0_332]
	at org.apache.hadoop.security.UserGroupInformation.doAs(UserGroupInformation.java:1878) [hadoop-common-3.3.1.jar:?]
	at org.apache.hadoop.ipc.Server$Handler.run(Server.java:2966) [hadoop-common-3.3.1.jar:?]
16:24:00.704 [IPC Server handler 16 on default port 44357] ERROR OMAudit - user=runner | ip=127.0.0.1 | op=GET_FILE_STATUS {volume=volume12189, bucket=bucket27389, key=testBatchDelete/parent/childFolder/child3, dataSize=0, replicationConfig=null} | ret=FAILURE
org.apache.hadoop.ozone.om.exceptions.OMException: Unable to get file status: volume: volume12189 bucket: bucket27389 key: testBatchDelete/parent/childFolder/child3
	at org.apache.hadoop.ozone.om.KeyManagerImpl.getOzoneFileStatus(KeyManagerImpl.java:1283) ~[ozone-manager-1.3.0-SNAPSHOT.jar:?]
	at org.apache.hadoop.ozone.om.KeyManagerImpl.getFileStatus(KeyManagerImpl.java:1213) ~[ozone-manager-1.3.0-SNAPSHOT.jar:?]
	at org.apache.hadoop.ozone.om.OzoneManager.getFileStatus(OzoneManager.java:3419) ~[ozone-manager-1.3.0-SNAPSHOT.jar:?]
	at org.apache.hadoop.ozone.protocolPB.OzoneManagerRequestHandler.getOzoneFileStatus(OzoneManagerRequestHandler.java:871) ~[ozone-manager-1.3.0-SNAPSHOT.jar:?]
	at org.apache.hadoop.ozone.protocolPB.OzoneManagerRequestHandler.handleReadRequest(OzoneManagerRequestHandler.java:217) ~[ozone-manager-1.3.0-SNAPSHOT.jar:?]
	at org.apache.hadoop.ozone.protocolPB.OzoneManagerProtocolServerSideTranslatorPB.submitRequestDirectlyToOM(OzoneManagerProtocolServerSideTranslatorPB.java:284) ~[ozone-manager-1.3.0-SNAPSHOT.jar:?]
	at org.apache.hadoop.ozone.protocolPB.OzoneManagerProtocolServerSideTranslatorPB.processRequest(OzoneManagerProtocolServerSideTranslatorPB.java:207) ~[ozone-manager-1.3.0-SNAPSHOT.jar:?]
	at org.apache.hadoop.hdds.server.OzoneProtocolMessageDispatcher.processRequest(OzoneProtocolMessageDispatcher.java:87) [hdds-server-framework-1.3.0-SNAPSHOT.jar:?]
	at org.apache.hadoop.ozone.protocolPB.OzoneManagerProtocolServerSideTranslatorPB.submitRequest(OzoneManagerProtocolServerSideTranslatorPB.java:147) [ozone-manager-1.3.0-SNAPSHOT.jar:?]
	at org.apache.hadoop.ozone.protocol.proto.OzoneManagerProtocolProtos$OzoneManagerService$2.callBlockingMethod(OzoneManagerProtocolProtos.java) [ozone-interface-client-1.3.0-SNAPSHOT.jar:?]
	at org.apache.hadoop.ipc.ProtobufRpcEngine$Server.processCall(ProtobufRpcEngine.java:466) [hadoop-common-3.3.1.jar:?]
	at org.apache.hadoop.ipc.ProtobufRpcEngine2$Server$ProtoBufRpcInvoker.call(ProtobufRpcEngine2.java:574) [hadoop-common-3.3.1.jar:?]
	at org.apache.hadoop.ipc.ProtobufRpcEngine2$Server$ProtoBufRpcInvoker.call(ProtobufRpcEngine2.java:552) [hadoop-common-3.3.1.jar:?]
	at org.apache.hadoop.ipc.RPC$Server.call(RPC.java:1093) [hadoop-common-3.3.1.jar:?]
	at org.apache.hadoop.ipc.Server$RpcCall.run(Server.java:1035) [hadoop-common-3.3.1.jar:?]
	at org.apache.hadoop.ipc.Server$RpcCall.run(Server.java:963) [hadoop-common-3.3.1.jar:?]
	at java.security.AccessController.doPrivileged(Native Method) ~[?:1.8.0_332]
	at javax.security.auth.Subject.doAs(Subject.java:422) [?:1.8.0_332]
	at org.apache.hadoop.security.UserGroupInformation.doAs(UserGroupInformation.java:1878) [hadoop-common-3.3.1.jar:?]
	at org.apache.hadoop.ipc.Server$Handler.run(Server.java:2966) [hadoop-common-3.3.1.jar:?]
16:24:00.705 [IPC Server handler 19 on default port 44357] ERROR OMAudit - user=runner | ip=127.0.0.1 | op=GET_FILE_STATUS {volume=volume12189, bucket=bucket27389, key=testBatchDelete/parent/child4, dataSize=0, replicationConfig=null} | ret=FAILURE
org.apache.hadoop.ozone.om.exceptions.OMException: Unable to get file status: volume: volume12189 bucket: bucket27389 key: testBatchDelete/parent/child4
	at org.apache.hadoop.ozone.om.KeyManagerImpl.getOzoneFileStatus(KeyManagerImpl.java:1283) ~[ozone-manager-1.3.0-SNAPSHOT.jar:?]
	at org.apache.hadoop.ozone.om.KeyManagerImpl.getFileStatus(KeyManagerImpl.java:1213) ~[ozone-manager-1.3.0-SNAPSHOT.jar:?]
	at org.apache.hadoop.ozone.om.OzoneManager.getFileStatus(OzoneManager.java:3419) ~[ozone-manager-1.3.0-SNAPSHOT.jar:?]
	at org.apache.hadoop.ozone.protocolPB.OzoneManagerRequestHandler.getOzoneFileStatus(OzoneManagerRequestHandler.java:871) ~[ozone-manager-1.3.0-SNAPSHOT.jar:?]
	at org.apache.hadoop.ozone.protocolPB.OzoneManagerRequestHandler.handleReadRequest(OzoneManagerRequestHandler.java:217) ~[ozone-manager-1.3.0-SNAPSHOT.jar:?]
	at org.apache.hadoop.ozone.protocolPB.OzoneManagerProtocolServerSideTranslatorPB.submitRequestDirectlyToOM(OzoneManagerProtocolServerSideTranslatorPB.java:284) ~[ozone-manager-1.3.0-SNAPSHOT.jar:?]
	at org.apache.hadoop.ozone.protocolPB.OzoneManagerProtocolServerSideTranslatorPB.processRequest(OzoneManagerProtocolServerSideTranslatorPB.java:207) ~[ozone-manager-1.3.0-SNAPSHOT.jar:?]
	at org.apache.hadoop.hdds.server.OzoneProtocolMessageDispatcher.processRequest(OzoneProtocolMessageDispatcher.java:87) [hdds-server-framework-1.3.0-SNAPSHOT.jar:?]
	at org.apache.hadoop.ozone.protocolPB.OzoneManagerProtocolServerSideTranslatorPB.submitRequest(OzoneManagerProtocolServerSideTranslatorPB.java:147) [ozone-manager-1.3.0-SNAPSHOT.jar:?]
	at org.apache.hadoop.ozone.protocol.proto.OzoneManagerProtocolProtos$OzoneManagerService$2.callBlockingMethod(OzoneManagerProtocolProtos.java) [ozone-interface-client-1.3.0-SNAPSHOT.jar:?]
	at org.apache.hadoop.ipc.ProtobufRpcEngine$Server.processCall(ProtobufRpcEngine.java:466) [hadoop-common-3.3.1.jar:?]
	at org.apache.hadoop.ipc.ProtobufRpcEngine2$Server$ProtoBufRpcInvoker.call(ProtobufRpcEngine2.java:574) [hadoop-common-3.3.1.jar:?]
	at org.apache.hadoop.ipc.ProtobufRpcEngine2$Server$ProtoBufRpcInvoker.call(ProtobufRpcEngine2.java:552) [hadoop-common-3.3.1.jar:?]
	at org.apache.hadoop.ipc.RPC$Server.call(RPC.java:1093) [hadoop-common-3.3.1.jar:?]
	at org.apache.hadoop.ipc.Server$RpcCall.run(Server.java:1035) [hadoop-common-3.3.1.jar:?]
	at org.apache.hadoop.ipc.Server$RpcCall.run(Server.java:963) [hadoop-common-3.3.1.jar:?]
	at java.security.AccessController.doPrivileged(Native Method) ~[?:1.8.0_332]
	at javax.security.auth.Subject.doAs(Subject.java:422) [?:1.8.0_332]
	at org.apache.hadoop.security.UserGroupInformation.doAs(UserGroupInformation.java:1878) [hadoop-common-3.3.1.jar:?]
	at org.apache.hadoop.ipc.Server$Handler.run(Server.java:2966) [hadoop-common-3.3.1.jar:?]
16:24:00.705 [IPC Server handler 3 on default port 44357] ERROR OMAudit - user=runner | ip=127.0.0.1 | op=GET_FILE_STATUS {volume=volume12189, bucket=bucket27389, key=testBatchDelete/parent/childFolder/child4, dataSize=0, replicationConfig=null} | ret=FAILURE
org.apache.hadoop.ozone.om.exceptions.OMException: Unable to get file status: volume: volume12189 bucket: bucket27389 key: testBatchDelete/parent/childFolder/child4
	at org.apache.hadoop.ozone.om.KeyManagerImpl.getOzoneFileStatus(KeyManagerImpl.java:1283) ~[ozone-manager-1.3.0-SNAPSHOT.jar:?]
	at org.apache.hadoop.ozone.om.KeyManagerImpl.getFileStatus(KeyManagerImpl.java:1213) ~[ozone-manager-1.3.0-SNAPSHOT.jar:?]
	at org.apache.hadoop.ozone.om.OzoneManager.getFileStatus(OzoneManager.java:3419) ~[ozone-manager-1.3.0-SNAPSHOT.jar:?]
	at org.apache.hadoop.ozone.protocolPB.OzoneManagerRequestHandler.getOzoneFileStatus(OzoneManagerRequestHandler.java:871) ~[ozone-manager-1.3.0-SNAPSHOT.jar:?]
	at org.apache.hadoop.ozone.protocolPB.OzoneManagerRequestHandler.handleReadRequest(OzoneManagerRequestHandler.java:217) ~[ozone-manager-1.3.0-SNAPSHOT.jar:?]
	at org.apache.hadoop.ozone.protocolPB.OzoneManagerProtocolServerSideTranslatorPB.submitRequestDirectlyToOM(OzoneManagerProtocolServerSideTranslatorPB.java:284) ~[ozone-manager-1.3.0-SNAPSHOT.jar:?]
	at org.apache.hadoop.ozone.protocolPB.OzoneManagerProtocolServerSideTranslatorPB.processRequest(OzoneManagerProtocolServerSideTranslatorPB.java:207) ~[ozone-manager-1.3.0-SNAPSHOT.jar:?]
	at org.apache.hadoop.hdds.server.OzoneProtocolMessageDispatcher.processRequest(OzoneProtocolMessageDispatcher.java:87) [hdds-server-framework-1.3.0-SNAPSHOT.jar:?]
	at org.apache.hadoop.ozone.protocolPB.OzoneManagerProtocolServerSideTranslatorPB.submitRequest(OzoneManagerProtocolServerSideTranslatorPB.java:147) [ozone-manager-1.3.0-SNAPSHOT.jar:?]
	at org.apache.hadoop.ozone.protocol.proto.OzoneManagerProtocolProtos$OzoneManagerService$2.callBlockingMethod(OzoneManagerProtocolProtos.java) [ozone-interface-client-1.3.0-SNAPSHOT.jar:?]
	at org.apache.hadoop.ipc.ProtobufRpcEngine$Server.processCall(ProtobufRpcEngine.java:466) [hadoop-common-3.3.1.jar:?]
	at org.apache.hadoop.ipc.ProtobufRpcEngine2$Server$ProtoBufRpcInvoker.call(ProtobufRpcEngine2.java:574) [hadoop-common-3.3.1.jar:?]
	at org.apache.hadoop.ipc.ProtobufRpcEngine2$Server$ProtoBufRpcInvoker.call(ProtobufRpcEngine2.java:552) [hadoop-common-3.3.1.jar:?]
	at org.apache.hadoop.ipc.RPC$Server.call(RPC.java:1093) [hadoop-common-3.3.1.jar:?]
	at org.apache.hadoop.ipc.Server$RpcCall.run(Server.java:1035) [hadoop-common-3.3.1.jar:?]
	at org.apache.hadoop.ipc.Server$RpcCall.run(Server.java:963) [hadoop-common-3.3.1.jar:?]
	at java.security.AccessController.doPrivileged(Native Method) ~[?:1.8.0_332]
	at javax.security.auth.Subject.doAs(Subject.java:422) [?:1.8.0_332]
	at org.apache.hadoop.security.UserGroupInformation.doAs(UserGroupInformation.java:1878) [hadoop-common-3.3.1.jar:?]
	at org.apache.hadoop.ipc.Server$Handler.run(Server.java:2966) [hadoop-common-3.3.1.jar:?]
16:24:00.706 [IPC Server handler 1 on default port 44357] ERROR OMAudit - user=runner | ip=127.0.0.1 | op=GET_FILE_STATUS {volume=volume12189, bucket=bucket27389, key=testBatchDelete/parent/child5, dataSize=0, replicationConfig=null} | ret=FAILURE
org.apache.hadoop.ozone.om.exceptions.OMException: Unable to get file status: volume: volume12189 bucket: bucket27389 key: testBatchDelete/parent/child5
	at org.apache.hadoop.ozone.om.KeyManagerImpl.getOzoneFileStatus(KeyManagerImpl.java:1283) ~[ozone-manager-1.3.0-SNAPSHOT.jar:?]
	at org.apache.hadoop.ozone.om.KeyManagerImpl.getFileStatus(KeyManagerImpl.java:1213) ~[ozone-manager-1.3.0-SNAPSHOT.jar:?]
	at org.apache.hadoop.ozone.om.OzoneManager.getFileStatus(OzoneManager.java:3419) ~[ozone-manager-1.3.0-SNAPSHOT.jar:?]
	at org.apache.hadoop.ozone.protocolPB.OzoneManagerRequestHandler.getOzoneFileStatus(OzoneManagerRequestHandler.java:871) ~[ozone-manager-1.3.0-SNAPSHOT.jar:?]
	at org.apache.hadoop.ozone.protocolPB.OzoneManagerRequestHandler.handleReadRequest(OzoneManagerRequestHandler.java:217) ~[ozone-manager-1.3.0-SNAPSHOT.jar:?]
	at org.apache.hadoop.ozone.protocolPB.OzoneManagerProtocolServerSideTranslatorPB.submitRequestDirectlyToOM(OzoneManagerProtocolServerSideTranslatorPB.java:284) ~[ozone-manager-1.3.0-SNAPSHOT.jar:?]
	at org.apache.hadoop.ozone.protocolPB.OzoneManagerProtocolServerSideTranslatorPB.processRequest(OzoneManagerProtocolServerSideTranslatorPB.java:207) ~[ozone-manager-1.3.0-SNAPSHOT.jar:?]
	at org.apache.hadoop.hdds.server.OzoneProtocolMessageDispatcher.processRequest(OzoneProtocolMessageDispatcher.java:87) [hdds-server-framework-1.3.0-SNAPSHOT.jar:?]
	at org.apache.hadoop.ozone.protocolPB.OzoneManagerProtocolServerSideTranslatorPB.submitRequest(OzoneManagerProtocolServerSideTranslatorPB.java:147) [ozone-manager-1.3.0-SNAPSHOT.jar:?]
	at org.apache.hadoop.ozone.protocol.proto.OzoneManagerProtocolProtos$OzoneManagerService$2.callBlockingMethod(OzoneManagerProtocolProtos.java) [ozone-interface-client-1.3.0-SNAPSHOT.jar:?]
	at org.apache.hadoop.ipc.ProtobufRpcEngine$Server.processCall(ProtobufRpcEngine.java:466) [hadoop-common-3.3.1.jar:?]
	at org.apache.hadoop.ipc.ProtobufRpcEngine2$Server$ProtoBufRpcInvoker.call(ProtobufRpcEngine2.java:574) [hadoop-common-3.3.1.jar:?]
	at org.apache.hadoop.ipc.ProtobufRpcEngine2$Server$ProtoBufRpcInvoker.call(ProtobufRpcEngine2.java:552) [hadoop-common-3.3.1.jar:?]
	at org.apache.hadoop.ipc.RPC$Server.call(RPC.java:1093) [hadoop-common-3.3.1.jar:?]
	at org.apache.hadoop.ipc.Server$RpcCall.run(Server.java:1035) [hadoop-common-3.3.1.jar:?]
	at org.apache.hadoop.ipc.Server$RpcCall.run(Server.java:963) [hadoop-common-3.3.1.jar:?]
	at java.security.AccessController.doPrivileged(Native Method) ~[?:1.8.0_332]
	at javax.security.auth.Subject.doAs(Subject.java:422) [?:1.8.0_332]
	at org.apache.hadoop.security.UserGroupInformation.doAs(UserGroupInformation.java:1878) [hadoop-common-3.3.1.jar:?]
	at org.apache.hadoop.ipc.Server$Handler.run(Server.java:2966) [hadoop-common-3.3.1.jar:?]
16:24:00.706 [IPC Server handler 5 on default port 44357] ERROR OMAudit - user=runner | ip=127.0.0.1 | op=GET_FILE_STATUS {volume=volume12189, bucket=bucket27389, key=testBatchDelete/parent/childFolder/child5, dataSize=0, replicationConfig=null} | ret=FAILURE
org.apache.hadoop.ozone.om.exceptions.OMException: Unable to get file status: volume: volume12189 bucket: bucket27389 key: testBatchDelete/parent/childFolder/child5
	at org.apache.hadoop.ozone.om.KeyManagerImpl.getOzoneFileStatus(KeyManagerImpl.java:1283) ~[ozone-manager-1.3.0-SNAPSHOT.jar:?]
	at org.apache.hadoop.ozone.om.KeyManagerImpl.getFileStatus(KeyManagerImpl.java:1213) ~[ozone-manager-1.3.0-SNAPSHOT.jar:?]
	at org.apache.hadoop.ozone.om.OzoneManager.getFileStatus(OzoneManager.java:3419) ~[ozone-manager-1.3.0-SNAPSHOT.jar:?]
	at org.apache.hadoop.ozone.protocolPB.OzoneManagerRequestHandler.getOzoneFileStatus(OzoneManagerRequestHandler.java:871) ~[ozone-manager-1.3.0-SNAPSHOT.jar:?]
	at org.apache.hadoop.ozone.protocolPB.OzoneManagerRequestHandler.handleReadRequest(OzoneManagerRequestHandler.java:217) ~[ozone-manager-1.3.0-SNAPSHOT.jar:?]
	at org.apache.hadoop.ozone.protocolPB.OzoneManagerProtocolServerSideTranslatorPB.submitRequestDirectlyToOM(OzoneManagerProtocolServerSideTranslatorPB.java:284) ~[ozone-manager-1.3.0-SNAPSHOT.jar:?]
	at org.apache.hadoop.ozone.protocolPB.OzoneManagerProtocolServerSideTranslatorPB.processRequest(OzoneManagerProtocolServerSideTranslatorPB.java:207) ~[ozone-manager-1.3.0-SNAPSHOT.jar:?]
	at org.apache.hadoop.hdds.server.OzoneProtocolMessageDispatcher.processRequest(OzoneProtocolMessageDispatcher.java:87) [hdds-server-framework-1.3.0-SNAPSHOT.jar:?]
	at org.apache.hadoop.ozone.protocolPB.OzoneManagerProtocolServerSideTranslatorPB.submitRequest(OzoneManagerProtocolServerSideTranslatorPB.java:147) [ozone-manager-1.3.0-SNAPSHOT.jar:?]
	at org.apache.hadoop.ozone.protocol.proto.OzoneManagerProtocolProtos$OzoneManagerService$2.callBlockingMethod(OzoneManagerProtocolProtos.java) [ozone-interface-client-1.3.0-SNAPSHOT.jar:?]
	at org.apache.hadoop.ipc.ProtobufRpcEngine$Server.processCall(ProtobufRpcEngine.java:466) [hadoop-common-3.3.1.jar:?]
	at org.apache.hadoop.ipc.ProtobufRpcEngine2$Server$ProtoBufRpcInvoker.call(ProtobufRpcEngine2.java:574) [hadoop-common-3.3.1.jar:?]
	at org.apache.hadoop.ipc.ProtobufRpcEngine2$Server$ProtoBufRpcInvoker.call(ProtobufRpcEngine2.java:552) [hadoop-common-3.3.1.jar:?]
	at org.apache.hadoop.ipc.RPC$Server.call(RPC.java:1093) [hadoop-common-3.3.1.jar:?]
	at org.apache.hadoop.ipc.Server$RpcCall.run(Server.java:1035) [hadoop-common-3.3.1.jar:?]
	at org.apache.hadoop.ipc.Server$RpcCall.run(Server.java:963) [hadoop-common-3.3.1.jar:?]
	at java.security.AccessController.doPrivileged(Native Method) ~[?:1.8.0_332]
	at javax.security.auth.Subject.doAs(Subject.java:422) [?:1.8.0_332]
	at org.apache.hadoop.security.UserGroupInformation.doAs(UserGroupInformation.java:1878) [hadoop-common-3.3.1.jar:?]
	at org.apache.hadoop.ipc.Server$Handler.run(Server.java:2966) [hadoop-common-3.3.1.jar:?]
16:24:00.707 [IPC Server handler 8 on default port 44357] ERROR OMAudit - user=runner | ip=127.0.0.1 | op=GET_FILE_STATUS {volume=volume12189, bucket=bucket27389, key=testBatchDelete/parent/child6, dataSize=0, replicationConfig=null} | ret=FAILURE
org.apache.hadoop.ozone.om.exceptions.OMException: Unable to get file status: volume: volume12189 bucket: bucket27389 key: testBatchDelete/parent/child6
	at org.apache.hadoop.ozone.om.KeyManagerImpl.getOzoneFileStatus(KeyManagerImpl.java:1283) ~[ozone-manager-1.3.0-SNAPSHOT.jar:?]
	at org.apache.hadoop.ozone.om.KeyManagerImpl.getFileStatus(KeyManagerImpl.java:1213) ~[ozone-manager-1.3.0-SNAPSHOT.jar:?]
	at org.apache.hadoop.ozone.om.OzoneManager.getFileStatus(OzoneManager.java:3419) ~[ozone-manager-1.3.0-SNAPSHOT.jar:?]
	at org.apache.hadoop.ozone.protocolPB.OzoneManagerRequestHandler.getOzoneFileStatus(OzoneManagerRequestHandler.java:871) ~[ozone-manager-1.3.0-SNAPSHOT.jar:?]
	at org.apache.hadoop.ozone.protocolPB.OzoneManagerRequestHandler.handleReadRequest(OzoneManagerRequestHandler.java:217) ~[ozone-manager-1.3.0-SNAPSHOT.jar:?]
	at org.apache.hadoop.ozone.protocolPB.OzoneManagerProtocolServerSideTranslatorPB.submitRequestDirectlyToOM(OzoneManagerProtocolServerSideTranslatorPB.java:284) ~[ozone-manager-1.3.0-SNAPSHOT.jar:?]
	at org.apache.hadoop.ozone.protocolPB.OzoneManagerProtocolServerSideTranslatorPB.processRequest(OzoneManagerProtocolServerSideTranslatorPB.java:207) ~[ozone-manager-1.3.0-SNAPSHOT.jar:?]
	at org.apache.hadoop.hdds.server.OzoneProtocolMessageDispatcher.processRequest(OzoneProtocolMessageDispatcher.java:87) [hdds-server-framework-1.3.0-SNAPSHOT.jar:?]
	at org.apache.hadoop.ozone.protocolPB.OzoneManagerProtocolServerSideTranslatorPB.submitRequest(OzoneManagerProtocolServerSideTranslatorPB.java:147) [ozone-manager-1.3.0-SNAPSHOT.jar:?]
	at org.apache.hadoop.ozone.protocol.proto.OzoneManagerProtocolProtos$OzoneManagerService$2.callBlockingMethod(OzoneManagerProtocolProtos.java) [ozone-interface-client-1.3.0-SNAPSHOT.jar:?]
	at org.apache.hadoop.ipc.ProtobufRpcEngine$Server.processCall(ProtobufRpcEngine.java:466) [hadoop-common-3.3.1.jar:?]
	at org.apache.hadoop.ipc.ProtobufRpcEngine2$Server$ProtoBufRpcInvoker.call(ProtobufRpcEngine2.java:574) [hadoop-common-3.3.1.jar:?]
	at org.apache.hadoop.ipc.ProtobufRpcEngine2$Server$ProtoBufRpcInvoker.call(ProtobufRpcEngine2.java:552) [hadoop-common-3.3.1.jar:?]
	at org.apache.hadoop.ipc.RPC$Server.call(RPC.java:1093) [hadoop-common-3.3.1.jar:?]
	at org.apache.hadoop.ipc.Server$RpcCall.run(Server.java:1035) [hadoop-common-3.3.1.jar:?]
	at org.apache.hadoop.ipc.Server$RpcCall.run(Server.java:963) [hadoop-common-3.3.1.jar:?]
	at java.security.AccessController.doPrivileged(Native Method) ~[?:1.8.0_332]
	at javax.security.auth.Subject.doAs(Subject.java:422) [?:1.8.0_332]
	at org.apache.hadoop.security.UserGroupInformation.doAs(UserGroupInformation.java:1878) [hadoop-common-3.3.1.jar:?]
	at org.apache.hadoop.ipc.Server$Handler.run(Server.java:2966) [hadoop-common-3.3.1.jar:?]
16:24:00.727 [IPC Server handler 4 on default port 44357] ERROR OMAudit - user=runner | ip=127.0.0.1 | op=GET_FILE_STATUS {volume=volume12189, bucket=bucket27389, key=testBatchDelete/parent/childFolder/child6, dataSize=0, replicationConfig=null} | ret=FAILURE
org.apache.hadoop.ozone.om.exceptions.OMException: Unable to get file status: volume: volume12189 bucket: bucket27389 key: testBatchDelete/parent/childFolder/child6
	at org.apache.hadoop.ozone.om.KeyManagerImpl.getOzoneFileStatus(KeyManagerImpl.java:1283) ~[ozone-manager-1.3.0-SNAPSHOT.jar:?]
	at org.apache.hadoop.ozone.om.KeyManagerImpl.getFileStatus(KeyManagerImpl.java:1213) ~[ozone-manager-1.3.0-SNAPSHOT.jar:?]
	at org.apache.hadoop.ozone.om.OzoneManager.getFileStatus(OzoneManager.java:3419) ~[ozone-manager-1.3.0-SNAPSHOT.jar:?]
	at org.apache.hadoop.ozone.protocolPB.OzoneManagerRequestHandler.getOzoneFileStatus(OzoneManagerRequestHandler.java:871) ~[ozone-manager-1.3.0-SNAPSHOT.jar:?]
	at org.apache.hadoop.ozone.protocolPB.OzoneManagerRequestHandler.handleReadRequest(OzoneManagerRequestHandler.java:217) ~[ozone-manager-1.3.0-SNAPSHOT.jar:?]
	at org.apache.hadoop.ozone.protocolPB.OzoneManagerProtocolServerSideTranslatorPB.submitRequestDirectlyToOM(OzoneManagerProtocolServerSideTranslatorPB.java:284) ~[ozone-manager-1.3.0-SNAPSHOT.jar:?]
	at org.apache.hadoop.ozone.protocolPB.OzoneManagerProtocolServerSideTranslatorPB.processRequest(OzoneManagerProtocolServerSideTranslatorPB.java:207) ~[ozone-manager-1.3.0-SNAPSHOT.jar:?]
	at org.apache.hadoop.hdds.server.OzoneProtocolMessageDispatcher.processRequest(OzoneProtocolMessageDispatcher.java:87) [hdds-server-framework-1.3.0-SNAPSHOT.jar:?]
	at org.apache.hadoop.ozone.protocolPB.OzoneManagerProtocolServerSideTranslatorPB.submitRequest(OzoneManagerProtocolServerSideTranslatorPB.java:147) [ozone-manager-1.3.0-SNAPSHOT.jar:?]
	at org.apache.hadoop.ozone.protocol.proto.OzoneManagerProtocolProtos$OzoneManagerService$2.callBlockingMethod(OzoneManagerProtocolProtos.java) [ozone-interface-client-1.3.0-SNAPSHOT.jar:?]
	at org.apache.hadoop.ipc.ProtobufRpcEngine$Server.processCall(ProtobufRpcEngine.java:466) [hadoop-common-3.3.1.jar:?]
	at org.apache.hadoop.ipc.ProtobufRpcEngine2$Server$ProtoBufRpcInvoker.call(ProtobufRpcEngine2.java:574) [hadoop-common-3.3.1.jar:?]
	at org.apache.hadoop.ipc.ProtobufRpcEngine2$Server$ProtoBufRpcInvoker.call(ProtobufRpcEngine2.java:552) [hadoop-common-3.3.1.jar:?]
	at org.apache.hadoop.ipc.RPC$Server.call(RPC.java:1093) [hadoop-common-3.3.1.jar:?]
	at org.apache.hadoop.ipc.Server$RpcCall.run(Server.java:1035) [hadoop-common-3.3.1.jar:?]
	at org.apache.hadoop.ipc.Server$RpcCall.run(Server.java:963) [hadoop-common-3.3.1.jar:?]
	at java.security.AccessController.doPrivileged(Native Method) ~[?:1.8.0_332]
	at javax.security.auth.Subject.doAs(Subject.java:422) [?:1.8.0_332]
	at org.apache.hadoop.security.UserGroupInformation.doAs(UserGroupInformation.java:1878) [hadoop-common-3.3.1.jar:?]
	at org.apache.hadoop.ipc.Server$Handler.run(Server.java:2966) [hadoop-common-3.3.1.jar:?]
16:24:00.727 [IPC Server handler 12 on default port 44357] ERROR OMAudit - user=runner | ip=127.0.0.1 | op=GET_FILE_STATUS {volume=volume12189, bucket=bucket27389, key=testBatchDelete/parent/child7, dataSize=0, replicationConfig=null} | ret=FAILURE
org.apache.hadoop.ozone.om.exceptions.OMException: Unable to get file status: volume: volume12189 bucket: bucket27389 key: testBatchDelete/parent/child7
	at org.apache.hadoop.ozone.om.KeyManagerImpl.getOzoneFileStatus(KeyManagerImpl.java:1283) ~[ozone-manager-1.3.0-SNAPSHOT.jar:?]
	at org.apache.hadoop.ozone.om.KeyManagerImpl.getFileStatus(KeyManagerImpl.java:1213) ~[ozone-manager-1.3.0-SNAPSHOT.jar:?]
	at org.apache.hadoop.ozone.om.OzoneManager.getFileStatus(OzoneManager.java:3419) ~[ozone-manager-1.3.0-SNAPSHOT.jar:?]
	at org.apache.hadoop.ozone.protocolPB.OzoneManagerRequestHandler.getOzoneFileStatus(OzoneManagerRequestHandler.java:871) ~[ozone-manager-1.3.0-SNAPSHOT.jar:?]
	at org.apache.hadoop.ozone.protocolPB.OzoneManagerRequestHandler.handleReadRequest(OzoneManagerRequestHandler.java:217) ~[ozone-manager-1.3.0-SNAPSHOT.jar:?]
	at org.apache.hadoop.ozone.protocolPB.OzoneManagerProtocolServerSideTranslatorPB.submitRequestDirectlyToOM(OzoneManagerProtocolServerSideTranslatorPB.java:284) ~[ozone-manager-1.3.0-SNAPSHOT.jar:?]
	at org.apache.hadoop.ozone.protocolPB.OzoneManagerProtocolServerSideTranslatorPB.processRequest(OzoneManagerProtocolServerSideTranslatorPB.java:207) ~[ozone-manager-1.3.0-SNAPSHOT.jar:?]
	at org.apache.hadoop.hdds.server.OzoneProtocolMessageDispatcher.processRequest(OzoneProtocolMessageDispatcher.java:87) [hdds-server-framework-1.3.0-SNAPSHOT.jar:?]
	at org.apache.hadoop.ozone.protocolPB.OzoneManagerProtocolServerSideTranslatorPB.submitRequest(OzoneManagerProtocolServerSideTranslatorPB.java:147) [ozone-manager-1.3.0-SNAPSHOT.jar:?]
	at org.apache.hadoop.ozone.protocol.proto.OzoneManagerProtocolProtos$OzoneManagerService$2.callBlockingMethod(OzoneManagerProtocolProtos.java) [ozone-interface-client-1.3.0-SNAPSHOT.jar:?]
	at org.apache.hadoop.ipc.ProtobufRpcEngine$Server.processCall(ProtobufRpcEngine.java:466) [hadoop-common-3.3.1.jar:?]
	at org.apache.hadoop.ipc.ProtobufRpcEngine2$Server$ProtoBufRpcInvoker.call(ProtobufRpcEngine2.java:574) [hadoop-common-3.3.1.jar:?]
	at org.apache.hadoop.ipc.ProtobufRpcEngine2$Server$ProtoBufRpcInvoker.call(ProtobufRpcEngine2.java:552) [hadoop-common-3.3.1.jar:?]
	at org.apache.hadoop.ipc.RPC$Server.call(RPC.java:1093) [hadoop-common-3.3.1.jar:?]
	at org.apache.hadoop.ipc.Server$RpcCall.run(Server.java:1035) [hadoop-common-3.3.1.jar:?]
	at org.apache.hadoop.ipc.Server$RpcCall.run(Server.java:963) [hadoop-common-3.3.1.jar:?]
	at java.security.AccessController.doPrivileged(Native Method) ~[?:1.8.0_332]
	at javax.security.auth.Subject.doAs(Subject.java:422) [?:1.8.0_332]
	at org.apache.hadoop.security.UserGroupInformation.doAs(UserGroupInformation.java:1878) [hadoop-common-3.3.1.jar:?]
	at org.apache.hadoop.ipc.Server$Handler.run(Server.java:2966) [hadoop-common-3.3.1.jar:?]
16:24:00.729 [IPC Server handler 14 on default port 44357] ERROR OMAudit - user=runner | ip=127.0.0.1 | op=GET_FILE_STATUS {volume=volume12189, bucket=bucket27389, key=testBatchDelete/parent/childFolder/child7, dataSize=0, replicationConfig=null} | ret=FAILURE
org.apache.hadoop.ozone.om.exceptions.OMException: Unable to get file status: volume: volume12189 bucket: bucket27389 key: testBatchDelete/parent/childFolder/child7
	at org.apache.hadoop.ozone.om.KeyManagerImpl.getOzoneFileStatus(KeyManagerImpl.java:1283) ~[ozone-manager-1.3.0-SNAPSHOT.jar:?]
	at org.apache.hadoop.ozone.om.KeyManagerImpl.getFileStatus(KeyManagerImpl.java:1213) ~[ozone-manager-1.3.0-SNAPSHOT.jar:?]
	at org.apache.hadoop.ozone.om.OzoneManager.getFileStatus(OzoneManager.java:3419) ~[ozone-manager-1.3.0-SNAPSHOT.jar:?]
	at org.apache.hadoop.ozone.protocolPB.OzoneManagerRequestHandler.getOzoneFileStatus(OzoneManagerRequestHandler.java:871) ~[ozone-manager-1.3.0-SNAPSHOT.jar:?]
	at org.apache.hadoop.ozone.protocolPB.OzoneManagerRequestHandler.handleReadRequest(OzoneManagerRequestHandler.java:217) ~[ozone-manager-1.3.0-SNAPSHOT.jar:?]
	at org.apache.hadoop.ozone.protocolPB.OzoneManagerProtocolServerSideTranslatorPB.submitRequestDirectlyToOM(OzoneManagerProtocolServerSideTranslatorPB.java:284) ~[ozone-manager-1.3.0-SNAPSHOT.jar:?]
	at org.apache.hadoop.ozone.protocolPB.OzoneManagerProtocolServerSideTranslatorPB.processRequest(OzoneManagerProtocolServerSideTranslatorPB.java:207) ~[ozone-manager-1.3.0-SNAPSHOT.jar:?]
	at org.apache.hadoop.hdds.server.OzoneProtocolMessageDispatcher.processRequest(OzoneProtocolMessageDispatcher.java:87) [hdds-server-framework-1.3.0-SNAPSHOT.jar:?]
	at org.apache.hadoop.ozone.protocolPB.OzoneManagerProtocolServerSideTranslatorPB.submitRequest(OzoneManagerProtocolServerSideTranslatorPB.java:147) [ozone-manager-1.3.0-SNAPSHOT.jar:?]
	at org.apache.hadoop.ozone.protocol.proto.OzoneManagerProtocolProtos$OzoneManagerService$2.callBlockingMethod(OzoneManagerProtocolProtos.java) [ozone-interface-client-1.3.0-SNAPSHOT.jar:?]
	at org.apache.hadoop.ipc.ProtobufRpcEngine$Server.processCall(ProtobufRpcEngine.java:466) [hadoop-common-3.3.1.jar:?]
	at org.apache.hadoop.ipc.ProtobufRpcEngine2$Server$ProtoBufRpcInvoker.call(ProtobufRpcEngine2.java:574) [hadoop-common-3.3.1.jar:?]
	at org.apache.hadoop.ipc.ProtobufRpcEngine2$Server$ProtoBufRpcInvoker.call(ProtobufRpcEngine2.java:552) [hadoop-common-3.3.1.jar:?]
	at org.apache.hadoop.ipc.RPC$Server.call(RPC.java:1093) [hadoop-common-3.3.1.jar:?]
	at org.apache.hadoop.ipc.Server$RpcCall.run(Server.java:1035) [hadoop-common-3.3.1.jar:?]
	at org.apache.hadoop.ipc.Server$RpcCall.run(Server.java:963) [hadoop-common-3.3.1.jar:?]
	at java.security.AccessController.doPrivileged(Native Method) ~[?:1.8.0_332]
	at javax.security.auth.Subject.doAs(Subject.java:422) [?:1.8.0_332]
	at org.apache.hadoop.security.UserGroupInformation.doAs(UserGroupInformation.java:1878) [hadoop-common-3.3.1.jar:?]
	at org.apache.hadoop.ipc.Server$Handler.run(Server.java:2966) [hadoop-common-3.3.1.jar:?]
16:24:00.730 [IPC Server handler 15 on default port 44357] ERROR OMAudit - user=runner | ip=127.0.0.1 | op=GET_FILE_STATUS {volume=volume12189, bucket=bucket27389, key=testBatchDelete/parent, dataSize=0, replicationConfig=null} | ret=FAILURE
org.apache.hadoop.ozone.om.exceptions.OMException: Unable to get file status: volume: volume12189 bucket: bucket27389 key: testBatchDelete/parent
	at org.apache.hadoop.ozone.om.KeyManagerImpl.getOzoneFileStatus(KeyManagerImpl.java:1283) ~[ozone-manager-1.3.0-SNAPSHOT.jar:?]
	at org.apache.hadoop.ozone.om.KeyManagerImpl.getFileStatus(KeyManagerImpl.java:1213) ~[ozone-manager-1.3.0-SNAPSHOT.jar:?]
	at org.apache.hadoop.ozone.om.OzoneManager.getFileStatus(OzoneManager.java:3419) ~[ozone-manager-1.3.0-SNAPSHOT.jar:?]
	at org.apache.hadoop.ozone.protocolPB.OzoneManagerRequestHandler.getOzoneFileStatus(OzoneManagerRequestHandler.java:871) ~[ozone-manager-1.3.0-SNAPSHOT.jar:?]
	at org.apache.hadoop.ozone.protocolPB.OzoneManagerRequestHandler.handleReadRequest(OzoneManagerRequestHandler.java:217) ~[ozone-manager-1.3.0-SNAPSHOT.jar:?]
	at org.apache.hadoop.ozone.protocolPB.OzoneManagerProtocolServerSideTranslatorPB.submitRequestDirectlyToOM(OzoneManagerProtocolServerSideTranslatorPB.java:284) ~[ozone-manager-1.3.0-SNAPSHOT.jar:?]
	at org.apache.hadoop.ozone.protocolPB.OzoneManagerProtocolServerSideTranslatorPB.processRequest(OzoneManagerProtocolServerSideTranslatorPB.java:207) ~[ozone-manager-1.3.0-SNAPSHOT.jar:?]
	at org.apache.hadoop.hdds.server.OzoneProtocolMessageDispatcher.processRequest(OzoneProtocolMessageDispatcher.java:87) [hdds-server-framework-1.3.0-SNAPSHOT.jar:?]
	at org.apache.hadoop.ozone.protocolPB.OzoneManagerProtocolServerSideTranslatorPB.submitRequest(OzoneManagerProtocolServerSideTranslatorPB.java:147) [ozone-manager-1.3.0-SNAPSHOT.jar:?]
	at org.apache.hadoop.ozone.protocol.proto.OzoneManagerProtocolProtos$OzoneManagerService$2.callBlockingMethod(OzoneManagerProtocolProtos.java) [ozone-interface-client-1.3.0-SNAPSHOT.jar:?]
	at org.apache.hadoop.ipc.ProtobufRpcEngine$Server.processCall(ProtobufRpcEngine.java:466) [hadoop-common-3.3.1.jar:?]
	at org.apache.hadoop.ipc.ProtobufRpcEngine2$Server$ProtoBufRpcInvoker.call(ProtobufRpcEngine2.java:574) [hadoop-common-3.3.1.jar:?]
	at org.apache.hadoop.ipc.ProtobufRpcEngine2$Server$ProtoBufRpcInvoker.call(ProtobufRpcEngine2.java:552) [hadoop-common-3.3.1.jar:?]
	at org.apache.hadoop.ipc.RPC$Server.call(RPC.java:1093) [hadoop-common-3.3.1.jar:?]
	at org.apache.hadoop.ipc.Server$RpcCall.run(Server.java:1035) [hadoop-common-3.3.1.jar:?]
	at org.apache.hadoop.ipc.Server$RpcCall.run(Server.java:963) [hadoop-common-3.3.1.jar:?]
	at java.security.AccessController.doPrivileged(Native Method) ~[?:1.8.0_332]
	at javax.security.auth.Subject.doAs(Subject.java:422) [?:1.8.0_332]
	at org.apache.hadoop.security.UserGroupInformation.doAs(UserGroupInformation.java:1878) [hadoop-common-3.3.1.jar:?]
	at org.apache.hadoop.ipc.Server$Handler.run(Server.java:2966) [hadoop-common-3.3.1.jar:?]
2022-06-16 16:24:00,730 [Time-limited test] WARN  ozone.BasicRootedOzoneFileSystem (BasicRootedOzoneFileSystem.java:delete(572)) - delete: Path does not exist: /volume12189/bucket27389/testBatchDelete/parent
]]></system-out>
  </testcase>
  <testcase name="testRenameToTrashEnabled" classname="TestRootedOzoneFileSystem" time="0.158">
    <system-out><![CDATA[2022-06-16 16:18:28,304 [Time-limited test] INFO  rpc.RpcClient (RpcClient.java:createVolume(466)) - Creating Volume: volume16045, with user44387 as owner and space quota set to -1 bytes, counts quota set to -1
2022-06-16 16:18:28,306 [OM StateMachine ApplyTransaction Thread - 0] INFO  volume.OMVolumeCreateRequest (OMVolumeCreateRequest.java:validateAndUpdateCache(195)) - created volume:volume16045 for user:user44387
2022-06-16 16:18:28,313 [Time-limited test] INFO  rpc.RpcClient (RpcClient.java:createBucket(666)) - Creating Bucket: volume16045/bucket01280, with the Bucket Layout LEGACY, runner as owner, Versioning false, Storage Type set to DISK and Encryption set to false 
2022-06-16 16:18:28,314 [OM StateMachine ApplyTransaction Thread - 0] INFO  bucket.OMBucketCreateRequest (OMBucketCreateRequest.java:validateAndUpdateCache(260)) - created bucket: bucket01280 of layout LEGACY in volume: volume16045
16:18:28.397 [IPC Server handler 5 on default port 37419] ERROR OMAudit - user=runner | ip=127.0.0.1 | op=GET_FILE_STATUS {volume=volume16045, bucket=bucket01280, key=.Trash/runner/Current/volume16045/bucket01280/testKey2, dataSize=0, replicationConfig=null} | ret=FAILURE
org.apache.hadoop.ozone.om.exceptions.OMException: Unable to get file status: volume: volume16045 bucket: bucket01280 key: .Trash/runner/Current/volume16045/bucket01280/testKey2
	at org.apache.hadoop.ozone.om.KeyManagerImpl.getOzoneFileStatus(KeyManagerImpl.java:1283) ~[ozone-manager-1.3.0-SNAPSHOT.jar:?]
	at org.apache.hadoop.ozone.om.KeyManagerImpl.getFileStatus(KeyManagerImpl.java:1213) ~[ozone-manager-1.3.0-SNAPSHOT.jar:?]
	at org.apache.hadoop.ozone.om.OzoneManager.getFileStatus(OzoneManager.java:3419) ~[ozone-manager-1.3.0-SNAPSHOT.jar:?]
	at org.apache.hadoop.ozone.protocolPB.OzoneManagerRequestHandler.getOzoneFileStatus(OzoneManagerRequestHandler.java:871) ~[ozone-manager-1.3.0-SNAPSHOT.jar:?]
	at org.apache.hadoop.ozone.protocolPB.OzoneManagerRequestHandler.handleReadRequest(OzoneManagerRequestHandler.java:217) ~[ozone-manager-1.3.0-SNAPSHOT.jar:?]
	at org.apache.hadoop.ozone.protocolPB.OzoneManagerProtocolServerSideTranslatorPB.submitReadRequestToOM(OzoneManagerProtocolServerSideTranslatorPB.java:225) ~[ozone-manager-1.3.0-SNAPSHOT.jar:?]
	at org.apache.hadoop.ozone.protocolPB.OzoneManagerProtocolServerSideTranslatorPB.processRequest(OzoneManagerProtocolServerSideTranslatorPB.java:175) ~[ozone-manager-1.3.0-SNAPSHOT.jar:?]
	at org.apache.hadoop.hdds.server.OzoneProtocolMessageDispatcher.processRequest(OzoneProtocolMessageDispatcher.java:87) [hdds-server-framework-1.3.0-SNAPSHOT.jar:?]
	at org.apache.hadoop.ozone.protocolPB.OzoneManagerProtocolServerSideTranslatorPB.submitRequest(OzoneManagerProtocolServerSideTranslatorPB.java:147) [ozone-manager-1.3.0-SNAPSHOT.jar:?]
	at org.apache.hadoop.ozone.protocol.proto.OzoneManagerProtocolProtos$OzoneManagerService$2.callBlockingMethod(OzoneManagerProtocolProtos.java) [ozone-interface-client-1.3.0-SNAPSHOT.jar:?]
	at org.apache.hadoop.ipc.ProtobufRpcEngine$Server.processCall(ProtobufRpcEngine.java:466) [hadoop-common-3.3.1.jar:?]
	at org.apache.hadoop.ipc.ProtobufRpcEngine2$Server$ProtoBufRpcInvoker.call(ProtobufRpcEngine2.java:574) [hadoop-common-3.3.1.jar:?]
	at org.apache.hadoop.ipc.ProtobufRpcEngine2$Server$ProtoBufRpcInvoker.call(ProtobufRpcEngine2.java:552) [hadoop-common-3.3.1.jar:?]
	at org.apache.hadoop.ipc.RPC$Server.call(RPC.java:1093) [hadoop-common-3.3.1.jar:?]
	at org.apache.hadoop.ipc.Server$RpcCall.run(Server.java:1035) [hadoop-common-3.3.1.jar:?]
	at org.apache.hadoop.ipc.Server$RpcCall.run(Server.java:963) [hadoop-common-3.3.1.jar:?]
	at java.security.AccessController.doPrivileged(Native Method) ~[?:1.8.0_332]
	at javax.security.auth.Subject.doAs(Subject.java:422) [?:1.8.0_332]
	at org.apache.hadoop.security.UserGroupInformation.doAs(UserGroupInformation.java:1878) [hadoop-common-3.3.1.jar:?]
	at org.apache.hadoop.ipc.Server$Handler.run(Server.java:2966) [hadoop-common-3.3.1.jar:?]
16:18:28.402 [IPC Server handler 16 on default port 37419] ERROR OMAudit - user=runner | ip=127.0.0.1 | op=GET_FILE_STATUS {volume=volume16045, bucket=bucket01280, key=.Trash/runner/Current/volume16045/bucket01280/testKey2, dataSize=0, replicationConfig=null} | ret=FAILURE
org.apache.hadoop.ozone.om.exceptions.OMException: Unable to get file status: volume: volume16045 bucket: bucket01280 key: .Trash/runner/Current/volume16045/bucket01280/testKey2
	at org.apache.hadoop.ozone.om.KeyManagerImpl.getOzoneFileStatus(KeyManagerImpl.java:1283) ~[ozone-manager-1.3.0-SNAPSHOT.jar:?]
	at org.apache.hadoop.ozone.om.KeyManagerImpl.getFileStatus(KeyManagerImpl.java:1213) ~[ozone-manager-1.3.0-SNAPSHOT.jar:?]
	at org.apache.hadoop.ozone.om.OzoneManager.getFileStatus(OzoneManager.java:3419) ~[ozone-manager-1.3.0-SNAPSHOT.jar:?]
	at org.apache.hadoop.ozone.protocolPB.OzoneManagerRequestHandler.getOzoneFileStatus(OzoneManagerRequestHandler.java:871) ~[ozone-manager-1.3.0-SNAPSHOT.jar:?]
	at org.apache.hadoop.ozone.protocolPB.OzoneManagerRequestHandler.handleReadRequest(OzoneManagerRequestHandler.java:217) ~[ozone-manager-1.3.0-SNAPSHOT.jar:?]
	at org.apache.hadoop.ozone.protocolPB.OzoneManagerProtocolServerSideTranslatorPB.submitReadRequestToOM(OzoneManagerProtocolServerSideTranslatorPB.java:225) ~[ozone-manager-1.3.0-SNAPSHOT.jar:?]
	at org.apache.hadoop.ozone.protocolPB.OzoneManagerProtocolServerSideTranslatorPB.processRequest(OzoneManagerProtocolServerSideTranslatorPB.java:175) ~[ozone-manager-1.3.0-SNAPSHOT.jar:?]
	at org.apache.hadoop.hdds.server.OzoneProtocolMessageDispatcher.processRequest(OzoneProtocolMessageDispatcher.java:87) [hdds-server-framework-1.3.0-SNAPSHOT.jar:?]
	at org.apache.hadoop.ozone.protocolPB.OzoneManagerProtocolServerSideTranslatorPB.submitRequest(OzoneManagerProtocolServerSideTranslatorPB.java:147) [ozone-manager-1.3.0-SNAPSHOT.jar:?]
	at org.apache.hadoop.ozone.protocol.proto.OzoneManagerProtocolProtos$OzoneManagerService$2.callBlockingMethod(OzoneManagerProtocolProtos.java) [ozone-interface-client-1.3.0-SNAPSHOT.jar:?]
	at org.apache.hadoop.ipc.ProtobufRpcEngine$Server.processCall(ProtobufRpcEngine.java:466) [hadoop-common-3.3.1.jar:?]
	at org.apache.hadoop.ipc.ProtobufRpcEngine2$Server$ProtoBufRpcInvoker.call(ProtobufRpcEngine2.java:574) [hadoop-common-3.3.1.jar:?]
	at org.apache.hadoop.ipc.ProtobufRpcEngine2$Server$ProtoBufRpcInvoker.call(ProtobufRpcEngine2.java:552) [hadoop-common-3.3.1.jar:?]
	at org.apache.hadoop.ipc.RPC$Server.call(RPC.java:1093) [hadoop-common-3.3.1.jar:?]
	at org.apache.hadoop.ipc.Server$RpcCall.run(Server.java:1035) [hadoop-common-3.3.1.jar:?]
	at org.apache.hadoop.ipc.Server$RpcCall.run(Server.java:963) [hadoop-common-3.3.1.jar:?]
	at java.security.AccessController.doPrivileged(Native Method) ~[?:1.8.0_332]
	at javax.security.auth.Subject.doAs(Subject.java:422) [?:1.8.0_332]
	at org.apache.hadoop.security.UserGroupInformation.doAs(UserGroupInformation.java:1878) [hadoop-common-3.3.1.jar:?]
	at org.apache.hadoop.ipc.Server$Handler.run(Server.java:2966) [hadoop-common-3.3.1.jar:?]
2022-06-16 16:18:28,411 [Time-limited test] INFO  fs.TrashPolicyDefault (TrashPolicyDefault.java:moveToTrash(188)) - Moved: '/volume16045/bucket01280/testKey2' to trash at: ofs:/volume16045/bucket01280/.Trash/runner/Current/volume16045/bucket01280/testKey2
]]></system-out>
  </testcase>
  <testcase name="testRenameToTrashEnabled" classname="TestRootedOzoneFileSystem" time="0.441">
    <failure type="java.lang.AssertionError"><![CDATA[java.lang.AssertionError
	at org.junit.Assert.fail(Assert.java:87)
	at org.junit.Assert.assertTrue(Assert.java:42)
	at org.junit.Assert.assertTrue(Assert.java:53)
	at org.apache.hadoop.fs.ozone.TestRootedOzoneFileSystem.testRenameToTrashEnabled(TestRootedOzoneFileSystem.java:1284)
	at sun.reflect.NativeMethodAccessorImpl.invoke0(Native Method)
	at sun.reflect.NativeMethodAccessorImpl.invoke(NativeMethodAccessorImpl.java:62)
	at sun.reflect.DelegatingMethodAccessorImpl.invoke(DelegatingMethodAccessorImpl.java:43)
	at java.lang.reflect.Method.invoke(Method.java:498)
	at org.junit.runners.model.FrameworkMethod$1.runReflectiveCall(FrameworkMethod.java:59)
	at org.junit.internal.runners.model.ReflectiveCallable.run(ReflectiveCallable.java:12)
	at org.junit.runners.model.FrameworkMethod.invokeExplosively(FrameworkMethod.java:56)
	at org.junit.internal.runners.statements.InvokeMethod.evaluate(InvokeMethod.java:17)
	at org.junit.internal.runners.statements.RunBefores.evaluate(RunBefores.java:26)
	at org.junit.internal.runners.statements.RunAfters.evaluate(RunAfters.java:27)
	at org.junit.internal.runners.statements.FailOnTimeout$CallableStatement.call(FailOnTimeout.java:288)
	at org.junit.internal.runners.statements.FailOnTimeout$CallableStatement.call(FailOnTimeout.java:282)
	at java.util.concurrent.FutureTask.run(FutureTask.java:266)
	at java.lang.Thread.run(Thread.java:750)
]]></failure>
    <system-out><![CDATA[2022-06-16 16:19:32,667 [Time-limited test] INFO  rpc.RpcClient (RpcClient.java:createVolume(466)) - Creating Volume: volume37063, with user37938 as owner and space quota set to -1 bytes, counts quota set to -1
2022-06-16 16:19:32,672 [OM StateMachine ApplyTransaction Thread - 0] INFO  volume.OMVolumeCreateRequest (OMVolumeCreateRequest.java:validateAndUpdateCache(195)) - created volume:volume37063 for user:user37938
2022-06-16 16:19:32,672 [Time-limited test] INFO  rpc.RpcClient (RpcClient.java:createBucket(666)) - Creating Bucket: volume37063/bucket00517, with the Bucket Layout LEGACY, runner as owner, Versioning false, Storage Type set to DISK and Encryption set to false 
2022-06-16 16:19:32,673 [OM StateMachine ApplyTransaction Thread - 0] INFO  bucket.OMBucketCreateRequest (OMBucketCreateRequest.java:validateAndUpdateCache(260)) - created bucket: bucket00517 of layout LEGACY in volume: volume37063
2022-06-16 16:19:32,738 [e92161bb-36da-4024-83fa-f02433e9e8b4@group-D1498762B26E-FollowerState] INFO  impl.FollowerState (FollowerState.java:run(143)) - e92161bb-36da-4024-83fa-f02433e9e8b4@group-D1498762B26E-FollowerState: change to CANDIDATE, lastRpcElapsedTime:5200220860ns, electionTimeout:5172ms
2022-06-16 16:19:32,738 [e92161bb-36da-4024-83fa-f02433e9e8b4@group-D1498762B26E-FollowerState] INFO  impl.RoleInfo (RoleInfo.java:shutdownFollowerState(110)) - e92161bb-36da-4024-83fa-f02433e9e8b4: shutdown e92161bb-36da-4024-83fa-f02433e9e8b4@group-D1498762B26E-FollowerState
2022-06-16 16:19:32,738 [e92161bb-36da-4024-83fa-f02433e9e8b4@group-D1498762B26E-FollowerState] INFO  server.RaftServer$Division (RaftServerImpl.java:setRole(299)) - e92161bb-36da-4024-83fa-f02433e9e8b4@group-D1498762B26E: changes role from  FOLLOWER to CANDIDATE at term 1 for changeToCandidate
2022-06-16 16:19:32,738 [e92161bb-36da-4024-83fa-f02433e9e8b4@group-D1498762B26E-FollowerState] INFO  server.RaftServerConfigKeys (ConfUtils.java:logGet(46)) - raft.server.leaderelection.pre-vote = false (custom)
2022-06-16 16:19:32,738 [e92161bb-36da-4024-83fa-f02433e9e8b4@group-D1498762B26E-FollowerState] INFO  impl.RoleInfo (RoleInfo.java:updateAndGet(139)) - e92161bb-36da-4024-83fa-f02433e9e8b4: start e92161bb-36da-4024-83fa-f02433e9e8b4@group-D1498762B26E-LeaderElection25
2022-06-16 16:19:32,739 [f18629d0-4209-4076-ad9d-a135d0d60f56@group-D1498762B26E-FollowerState] INFO  impl.FollowerState (FollowerState.java:run(143)) - f18629d0-4209-4076-ad9d-a135d0d60f56@group-D1498762B26E-FollowerState: change to CANDIDATE, lastRpcElapsedTime:5164924810ns, electionTimeout:5153ms
2022-06-16 16:19:32,739 [f18629d0-4209-4076-ad9d-a135d0d60f56@group-D1498762B26E-FollowerState] INFO  impl.RoleInfo (RoleInfo.java:shutdownFollowerState(110)) - f18629d0-4209-4076-ad9d-a135d0d60f56: shutdown f18629d0-4209-4076-ad9d-a135d0d60f56@group-D1498762B26E-FollowerState
2022-06-16 16:19:32,739 [f18629d0-4209-4076-ad9d-a135d0d60f56@group-D1498762B26E-FollowerState] INFO  server.RaftServer$Division (RaftServerImpl.java:setRole(299)) - f18629d0-4209-4076-ad9d-a135d0d60f56@group-D1498762B26E: changes role from  FOLLOWER to CANDIDATE at term 1 for changeToCandidate
2022-06-16 16:19:32,750 [5b838663-213a-4fbf-828e-9dfe1e385535@group-D1498762B26E-FollowerState] INFO  impl.FollowerState (FollowerState.java:run(143)) - 5b838663-213a-4fbf-828e-9dfe1e385535@group-D1498762B26E-FollowerState: change to CANDIDATE, lastRpcElapsedTime:5177902129ns, electionTimeout:5154ms
2022-06-16 16:19:32,750 [5b838663-213a-4fbf-828e-9dfe1e385535@group-D1498762B26E-FollowerState] INFO  impl.RoleInfo (RoleInfo.java:shutdownFollowerState(110)) - 5b838663-213a-4fbf-828e-9dfe1e385535: shutdown 5b838663-213a-4fbf-828e-9dfe1e385535@group-D1498762B26E-FollowerState
2022-06-16 16:19:32,750 [5b838663-213a-4fbf-828e-9dfe1e385535@group-D1498762B26E-FollowerState] INFO  server.RaftServer$Division (RaftServerImpl.java:setRole(299)) - 5b838663-213a-4fbf-828e-9dfe1e385535@group-D1498762B26E: changes role from  FOLLOWER to CANDIDATE at term 1 for changeToCandidate
2022-06-16 16:19:32,750 [5b838663-213a-4fbf-828e-9dfe1e385535@group-D1498762B26E-FollowerState] INFO  server.RaftServerConfigKeys (ConfUtils.java:logGet(46)) - raft.server.leaderelection.pre-vote = false (custom)
2022-06-16 16:19:32,750 [5b838663-213a-4fbf-828e-9dfe1e385535@group-D1498762B26E-FollowerState] INFO  impl.RoleInfo (RoleInfo.java:updateAndGet(139)) - 5b838663-213a-4fbf-828e-9dfe1e385535: start 5b838663-213a-4fbf-828e-9dfe1e385535@group-D1498762B26E-LeaderElection27
2022-06-16 16:19:32,773 [f18629d0-4209-4076-ad9d-a135d0d60f56@group-D1498762B26E-FollowerState] INFO  server.RaftServerConfigKeys (ConfUtils.java:logGet(46)) - raft.server.leaderelection.pre-vote = false (custom)
2022-06-16 16:19:32,773 [f18629d0-4209-4076-ad9d-a135d0d60f56@group-D1498762B26E-FollowerState] INFO  impl.RoleInfo (RoleInfo.java:updateAndGet(139)) - f18629d0-4209-4076-ad9d-a135d0d60f56: start f18629d0-4209-4076-ad9d-a135d0d60f56@group-D1498762B26E-LeaderElection26
2022-06-16 16:19:32,775 [e92161bb-36da-4024-83fa-f02433e9e8b4@group-D1498762B26E-LeaderElection25] INFO  impl.LeaderElection (LeaderElection.java:askForVotes(310)) - e92161bb-36da-4024-83fa-f02433e9e8b4@group-D1498762B26E-LeaderElection25 ELECTION round 0: submit vote requests at term 2 for -1: [e92161bb-36da-4024-83fa-f02433e9e8b4|rpc:10.1.0.16:37825|dataStream:|priority:1, f18629d0-4209-4076-ad9d-a135d0d60f56|rpc:10.1.0.16:43341|dataStream:|priority:0, 5b838663-213a-4fbf-828e-9dfe1e385535|rpc:10.1.0.16:33841|dataStream:|priority:0], old=null
2022-06-16 16:19:32,775 [5b838663-213a-4fbf-828e-9dfe1e385535@group-D1498762B26E-LeaderElection27] INFO  impl.LeaderElection (LeaderElection.java:askForVotes(310)) - 5b838663-213a-4fbf-828e-9dfe1e385535@group-D1498762B26E-LeaderElection27 ELECTION round 0: submit vote requests at term 2 for -1: [e92161bb-36da-4024-83fa-f02433e9e8b4|rpc:10.1.0.16:37825|dataStream:|priority:1, f18629d0-4209-4076-ad9d-a135d0d60f56|rpc:10.1.0.16:43341|dataStream:|priority:0, 5b838663-213a-4fbf-828e-9dfe1e385535|rpc:10.1.0.16:33841|dataStream:|priority:0], old=null
2022-06-16 16:19:32,782 [f18629d0-4209-4076-ad9d-a135d0d60f56@group-D1498762B26E-LeaderElection26] INFO  impl.LeaderElection (LeaderElection.java:askForVotes(310)) - f18629d0-4209-4076-ad9d-a135d0d60f56@group-D1498762B26E-LeaderElection26 ELECTION round 0: submit vote requests at term 2 for -1: [e92161bb-36da-4024-83fa-f02433e9e8b4|rpc:10.1.0.16:37825|priority:1, f18629d0-4209-4076-ad9d-a135d0d60f56|rpc:10.1.0.16:43341|priority:0, 5b838663-213a-4fbf-828e-9dfe1e385535|rpc:10.1.0.16:33841|priority:0], old=null
2022-06-16 16:19:32,864 [grpc-default-executor-0] INFO  server.RaftServer$Division (RaftServerImpl.java:requestVote(1152)) - e92161bb-36da-4024-83fa-f02433e9e8b4@group-D1498762B26E: receive requestVote(ELECTION, f18629d0-4209-4076-ad9d-a135d0d60f56, group-D1498762B26E, 2, (t:0, i:0))
2022-06-16 16:19:32,864 [grpc-default-executor-0] INFO  impl.VoteContext (VoteContext.java:log(48)) - e92161bb-36da-4024-83fa-f02433e9e8b4@group-D1498762B26E-CANDIDATE: reject ELECTION from f18629d0-4209-4076-ad9d-a135d0d60f56: already has voted for e92161bb-36da-4024-83fa-f02433e9e8b4 at current term 2
2022-06-16 16:19:32,865 [grpc-default-executor-0] INFO  server.RaftServer$Division (RaftServerImpl.java:requestVote(1184)) - e92161bb-36da-4024-83fa-f02433e9e8b4@group-D1498762B26E replies to ELECTION vote request: f18629d0-4209-4076-ad9d-a135d0d60f56<-e92161bb-36da-4024-83fa-f02433e9e8b4#0:FAIL-t2. Peer's state: e92161bb-36da-4024-83fa-f02433e9e8b4@group-D1498762B26E:t2, leader=null, voted=e92161bb-36da-4024-83fa-f02433e9e8b4, raftlog=e92161bb-36da-4024-83fa-f02433e9e8b4@group-D1498762B26E-SegmentedRaftLog:OPENED:c-1, conf=-1: [e92161bb-36da-4024-83fa-f02433e9e8b4|rpc:10.1.0.16:37825|dataStream:|priority:1, f18629d0-4209-4076-ad9d-a135d0d60f56|rpc:10.1.0.16:43341|dataStream:|priority:0, 5b838663-213a-4fbf-828e-9dfe1e385535|rpc:10.1.0.16:33841|dataStream:|priority:0], old=null
2022-06-16 16:19:32,931 [f18629d0-4209-4076-ad9d-a135d0d60f56@group-D1498762B26E-LeaderElection26] INFO  impl.LeaderElection (LeaderElection.java:logAndReturn(90)) - f18629d0-4209-4076-ad9d-a135d0d60f56@group-D1498762B26E-LeaderElection26: ELECTION REJECTED received 1 response(s) and 0 exception(s):
2022-06-16 16:19:32,931 [f18629d0-4209-4076-ad9d-a135d0d60f56@group-D1498762B26E-LeaderElection26] INFO  impl.LeaderElection (LeaderElection.java:logAndReturn(94)) -   Response 0: f18629d0-4209-4076-ad9d-a135d0d60f56<-e92161bb-36da-4024-83fa-f02433e9e8b4#0:FAIL-t2
2022-06-16 16:19:32,931 [f18629d0-4209-4076-ad9d-a135d0d60f56@group-D1498762B26E-LeaderElection26] INFO  impl.LeaderElection (LeaderElection.java:askForVotes(312)) - f18629d0-4209-4076-ad9d-a135d0d60f56@group-D1498762B26E-LeaderElection26 ELECTION round 0: result REJECTED
2022-06-16 16:19:32,931 [f18629d0-4209-4076-ad9d-a135d0d60f56@group-D1498762B26E-LeaderElection26] INFO  server.RaftServer$Division (RaftServerImpl.java:setRole(299)) - f18629d0-4209-4076-ad9d-a135d0d60f56@group-D1498762B26E: changes role from CANDIDATE to FOLLOWER at term 2 for REJECTED
2022-06-16 16:19:32,931 [f18629d0-4209-4076-ad9d-a135d0d60f56@group-D1498762B26E-LeaderElection26] INFO  impl.RoleInfo (RoleInfo.java:shutdownLeaderElection(130)) - f18629d0-4209-4076-ad9d-a135d0d60f56: shutdown f18629d0-4209-4076-ad9d-a135d0d60f56@group-D1498762B26E-LeaderElection26
2022-06-16 16:19:32,931 [f18629d0-4209-4076-ad9d-a135d0d60f56@group-D1498762B26E-LeaderElection26] INFO  impl.RoleInfo (RoleInfo.java:updateAndGet(139)) - f18629d0-4209-4076-ad9d-a135d0d60f56: start f18629d0-4209-4076-ad9d-a135d0d60f56@group-D1498762B26E-FollowerState
2022-06-16 16:19:32,953 [grpc-default-executor-0] INFO  server.RaftServer$Division (RaftServerImpl.java:requestVote(1152)) - 5b838663-213a-4fbf-828e-9dfe1e385535@group-D1498762B26E: receive requestVote(ELECTION, f18629d0-4209-4076-ad9d-a135d0d60f56, group-D1498762B26E, 2, (t:0, i:0))
2022-06-16 16:19:32,953 [grpc-default-executor-0] INFO  impl.VoteContext (VoteContext.java:log(48)) - 5b838663-213a-4fbf-828e-9dfe1e385535@group-D1498762B26E-CANDIDATE: reject ELECTION from f18629d0-4209-4076-ad9d-a135d0d60f56: already has voted for 5b838663-213a-4fbf-828e-9dfe1e385535 at current term 2
2022-06-16 16:19:32,954 [grpc-default-executor-0] INFO  server.RaftServer$Division (RaftServerImpl.java:requestVote(1184)) - 5b838663-213a-4fbf-828e-9dfe1e385535@group-D1498762B26E replies to ELECTION vote request: f18629d0-4209-4076-ad9d-a135d0d60f56<-5b838663-213a-4fbf-828e-9dfe1e385535#0:FAIL-t2. Peer's state: 5b838663-213a-4fbf-828e-9dfe1e385535@group-D1498762B26E:t2, leader=null, voted=5b838663-213a-4fbf-828e-9dfe1e385535, raftlog=5b838663-213a-4fbf-828e-9dfe1e385535@group-D1498762B26E-SegmentedRaftLog:OPENED:c-1, conf=-1: [e92161bb-36da-4024-83fa-f02433e9e8b4|rpc:10.1.0.16:37825|dataStream:|priority:1, f18629d0-4209-4076-ad9d-a135d0d60f56|rpc:10.1.0.16:43341|dataStream:|priority:0, 5b838663-213a-4fbf-828e-9dfe1e385535|rpc:10.1.0.16:33841|dataStream:|priority:0], old=null
2022-06-16 16:19:32,954 [grpc-default-executor-1] INFO  server.RaftServer$Division (RaftServerImpl.java:requestVote(1152)) - 5b838663-213a-4fbf-828e-9dfe1e385535@group-D1498762B26E: receive requestVote(ELECTION, e92161bb-36da-4024-83fa-f02433e9e8b4, group-D1498762B26E, 2, (t:0, i:0))
2022-06-16 16:19:32,954 [grpc-default-executor-1] INFO  impl.VoteContext (VoteContext.java:log(48)) - 5b838663-213a-4fbf-828e-9dfe1e385535@group-D1498762B26E-CANDIDATE: reject ELECTION from e92161bb-36da-4024-83fa-f02433e9e8b4: already has voted for 5b838663-213a-4fbf-828e-9dfe1e385535 at current term 2
2022-06-16 16:19:32,954 [grpc-default-executor-1] INFO  server.RaftServer$Division (RaftServerImpl.java:requestVote(1184)) - 5b838663-213a-4fbf-828e-9dfe1e385535@group-D1498762B26E replies to ELECTION vote request: e92161bb-36da-4024-83fa-f02433e9e8b4<-5b838663-213a-4fbf-828e-9dfe1e385535#0:FAIL-t2. Peer's state: 5b838663-213a-4fbf-828e-9dfe1e385535@group-D1498762B26E:t2, leader=null, voted=5b838663-213a-4fbf-828e-9dfe1e385535, raftlog=5b838663-213a-4fbf-828e-9dfe1e385535@group-D1498762B26E-SegmentedRaftLog:OPENED:c-1, conf=-1: [e92161bb-36da-4024-83fa-f02433e9e8b4|rpc:10.1.0.16:37825|dataStream:|priority:1, f18629d0-4209-4076-ad9d-a135d0d60f56|rpc:10.1.0.16:43341|dataStream:|priority:0, 5b838663-213a-4fbf-828e-9dfe1e385535|rpc:10.1.0.16:33841|dataStream:|priority:0], old=null
2022-06-16 16:19:32,955 [grpc-default-executor-2] INFO  server.RaftServer$Division (RaftServerImpl.java:requestVote(1152)) - f18629d0-4209-4076-ad9d-a135d0d60f56@group-D1498762B26E: receive requestVote(ELECTION, 5b838663-213a-4fbf-828e-9dfe1e385535, group-D1498762B26E, 2, (t:0, i:0))
2022-06-16 16:19:32,955 [grpc-default-executor-2] INFO  impl.VoteContext (VoteContext.java:log(48)) - f18629d0-4209-4076-ad9d-a135d0d60f56@group-D1498762B26E-FOLLOWER: reject ELECTION from 5b838663-213a-4fbf-828e-9dfe1e385535: already has voted for f18629d0-4209-4076-ad9d-a135d0d60f56 at current term 2
2022-06-16 16:19:32,955 [grpc-default-executor-2] INFO  server.RaftServer$Division (RaftServerImpl.java:requestVote(1184)) - f18629d0-4209-4076-ad9d-a135d0d60f56@group-D1498762B26E replies to ELECTION vote request: 5b838663-213a-4fbf-828e-9dfe1e385535<-f18629d0-4209-4076-ad9d-a135d0d60f56#0:FAIL-t2. Peer's state: f18629d0-4209-4076-ad9d-a135d0d60f56@group-D1498762B26E:t2, leader=null, voted=f18629d0-4209-4076-ad9d-a135d0d60f56, raftlog=f18629d0-4209-4076-ad9d-a135d0d60f56@group-D1498762B26E-SegmentedRaftLog:OPENED:c-1, conf=-1: [e92161bb-36da-4024-83fa-f02433e9e8b4|rpc:10.1.0.16:37825|priority:1, f18629d0-4209-4076-ad9d-a135d0d60f56|rpc:10.1.0.16:43341|priority:0, 5b838663-213a-4fbf-828e-9dfe1e385535|rpc:10.1.0.16:33841|priority:0], old=null
2022-06-16 16:19:32,956 [grpc-default-executor-4] INFO  server.RaftServer$Division (RaftServerImpl.java:requestVote(1152)) - f18629d0-4209-4076-ad9d-a135d0d60f56@group-D1498762B26E: receive requestVote(ELECTION, e92161bb-36da-4024-83fa-f02433e9e8b4, group-D1498762B26E, 2, (t:0, i:0))
2022-06-16 16:19:32,956 [grpc-default-executor-4] INFO  impl.VoteContext (VoteContext.java:log(48)) - f18629d0-4209-4076-ad9d-a135d0d60f56@group-D1498762B26E-FOLLOWER: reject ELECTION from e92161bb-36da-4024-83fa-f02433e9e8b4: already has voted for f18629d0-4209-4076-ad9d-a135d0d60f56 at current term 2
2022-06-16 16:19:32,956 [grpc-default-executor-4] INFO  server.RaftServer$Division (RaftServerImpl.java:requestVote(1184)) - f18629d0-4209-4076-ad9d-a135d0d60f56@group-D1498762B26E replies to ELECTION vote request: e92161bb-36da-4024-83fa-f02433e9e8b4<-f18629d0-4209-4076-ad9d-a135d0d60f56#0:FAIL-t2. Peer's state: f18629d0-4209-4076-ad9d-a135d0d60f56@group-D1498762B26E:t2, leader=null, voted=f18629d0-4209-4076-ad9d-a135d0d60f56, raftlog=f18629d0-4209-4076-ad9d-a135d0d60f56@group-D1498762B26E-SegmentedRaftLog:OPENED:c-1, conf=-1: [e92161bb-36da-4024-83fa-f02433e9e8b4|rpc:10.1.0.16:37825|priority:1, f18629d0-4209-4076-ad9d-a135d0d60f56|rpc:10.1.0.16:43341|priority:0, 5b838663-213a-4fbf-828e-9dfe1e385535|rpc:10.1.0.16:33841|priority:0], old=null
2022-06-16 16:19:32,957 [grpc-default-executor-3] INFO  server.RaftServer$Division (RaftServerImpl.java:requestVote(1152)) - e92161bb-36da-4024-83fa-f02433e9e8b4@group-D1498762B26E: receive requestVote(ELECTION, 5b838663-213a-4fbf-828e-9dfe1e385535, group-D1498762B26E, 2, (t:0, i:0))
2022-06-16 16:19:32,957 [grpc-default-executor-3] INFO  impl.VoteContext (VoteContext.java:log(48)) - e92161bb-36da-4024-83fa-f02433e9e8b4@group-D1498762B26E-CANDIDATE: reject ELECTION from 5b838663-213a-4fbf-828e-9dfe1e385535: already has voted for e92161bb-36da-4024-83fa-f02433e9e8b4 at current term 2
2022-06-16 16:19:32,957 [grpc-default-executor-3] INFO  server.RaftServer$Division (RaftServerImpl.java:requestVote(1184)) - e92161bb-36da-4024-83fa-f02433e9e8b4@group-D1498762B26E replies to ELECTION vote request: 5b838663-213a-4fbf-828e-9dfe1e385535<-e92161bb-36da-4024-83fa-f02433e9e8b4#0:FAIL-t2. Peer's state: e92161bb-36da-4024-83fa-f02433e9e8b4@group-D1498762B26E:t2, leader=null, voted=e92161bb-36da-4024-83fa-f02433e9e8b4, raftlog=e92161bb-36da-4024-83fa-f02433e9e8b4@group-D1498762B26E-SegmentedRaftLog:OPENED:c-1, conf=-1: [e92161bb-36da-4024-83fa-f02433e9e8b4|rpc:10.1.0.16:37825|dataStream:|priority:1, f18629d0-4209-4076-ad9d-a135d0d60f56|rpc:10.1.0.16:43341|dataStream:|priority:0, 5b838663-213a-4fbf-828e-9dfe1e385535|rpc:10.1.0.16:33841|dataStream:|priority:0], old=null
2022-06-16 16:19:32,964 [5b838663-213a-4fbf-828e-9dfe1e385535@group-D1498762B26E-LeaderElection27] INFO  impl.LeaderElection (LeaderElection.java:logAndReturn(90)) - 5b838663-213a-4fbf-828e-9dfe1e385535@group-D1498762B26E-LeaderElection27: ELECTION REJECTED received 1 response(s) and 0 exception(s):
2022-06-16 16:19:32,964 [5b838663-213a-4fbf-828e-9dfe1e385535@group-D1498762B26E-LeaderElection27] INFO  impl.LeaderElection (LeaderElection.java:logAndReturn(94)) -   Response 0: 5b838663-213a-4fbf-828e-9dfe1e385535<-e92161bb-36da-4024-83fa-f02433e9e8b4#0:FAIL-t2
2022-06-16 16:19:32,964 [5b838663-213a-4fbf-828e-9dfe1e385535@group-D1498762B26E-LeaderElection27] INFO  impl.LeaderElection (LeaderElection.java:askForVotes(312)) - 5b838663-213a-4fbf-828e-9dfe1e385535@group-D1498762B26E-LeaderElection27 ELECTION round 0: result REJECTED
2022-06-16 16:19:32,964 [5b838663-213a-4fbf-828e-9dfe1e385535@group-D1498762B26E-LeaderElection27] INFO  server.RaftServer$Division (RaftServerImpl.java:setRole(299)) - 5b838663-213a-4fbf-828e-9dfe1e385535@group-D1498762B26E: changes role from CANDIDATE to FOLLOWER at term 2 for REJECTED
2022-06-16 16:19:32,964 [5b838663-213a-4fbf-828e-9dfe1e385535@group-D1498762B26E-LeaderElection27] INFO  impl.RoleInfo (RoleInfo.java:shutdownLeaderElection(130)) - 5b838663-213a-4fbf-828e-9dfe1e385535: shutdown 5b838663-213a-4fbf-828e-9dfe1e385535@group-D1498762B26E-LeaderElection27
2022-06-16 16:19:32,964 [5b838663-213a-4fbf-828e-9dfe1e385535@group-D1498762B26E-LeaderElection27] INFO  impl.RoleInfo (RoleInfo.java:updateAndGet(139)) - 5b838663-213a-4fbf-828e-9dfe1e385535: start 5b838663-213a-4fbf-828e-9dfe1e385535@group-D1498762B26E-FollowerState
16:19:32.986 [IPC Server handler 17 on default port 34065] ERROR OMAudit - user=runner | ip=127.0.0.1 | op=GET_FILE_STATUS {volume=volume37063, bucket=bucket00517, key=.Trash/runner/Current/volume37063/bucket00517/testKey2, dataSize=0, replicationConfig=null} | ret=FAILURE
org.apache.hadoop.ozone.om.exceptions.OMException: Unable to get file status: volume: volume37063 bucket: bucket00517 key: .Trash/runner/Current/volume37063/bucket00517/testKey2
	at org.apache.hadoop.ozone.om.KeyManagerImpl.getOzoneFileStatus(KeyManagerImpl.java:1283) ~[ozone-manager-1.3.0-SNAPSHOT.jar:?]
	at org.apache.hadoop.ozone.om.KeyManagerImpl.getFileStatus(KeyManagerImpl.java:1213) ~[ozone-manager-1.3.0-SNAPSHOT.jar:?]
	at org.apache.hadoop.ozone.om.OzoneManager.getFileStatus(OzoneManager.java:3419) ~[ozone-manager-1.3.0-SNAPSHOT.jar:?]
	at org.apache.hadoop.ozone.protocolPB.OzoneManagerRequestHandler.getOzoneFileStatus(OzoneManagerRequestHandler.java:871) ~[ozone-manager-1.3.0-SNAPSHOT.jar:?]
	at org.apache.hadoop.ozone.protocolPB.OzoneManagerRequestHandler.handleReadRequest(OzoneManagerRequestHandler.java:217) ~[ozone-manager-1.3.0-SNAPSHOT.jar:?]
	at org.apache.hadoop.ozone.protocolPB.OzoneManagerProtocolServerSideTranslatorPB.submitReadRequestToOM(OzoneManagerProtocolServerSideTranslatorPB.java:225) ~[ozone-manager-1.3.0-SNAPSHOT.jar:?]
	at org.apache.hadoop.ozone.protocolPB.OzoneManagerProtocolServerSideTranslatorPB.processRequest(OzoneManagerProtocolServerSideTranslatorPB.java:175) ~[ozone-manager-1.3.0-SNAPSHOT.jar:?]
	at org.apache.hadoop.hdds.server.OzoneProtocolMessageDispatcher.processRequest(OzoneProtocolMessageDispatcher.java:87) [hdds-server-framework-1.3.0-SNAPSHOT.jar:?]
	at org.apache.hadoop.ozone.protocolPB.OzoneManagerProtocolServerSideTranslatorPB.submitRequest(OzoneManagerProtocolServerSideTranslatorPB.java:147) [ozone-manager-1.3.0-SNAPSHOT.jar:?]
	at org.apache.hadoop.ozone.protocol.proto.OzoneManagerProtocolProtos$OzoneManagerService$2.callBlockingMethod(OzoneManagerProtocolProtos.java) [ozone-interface-client-1.3.0-SNAPSHOT.jar:?]
	at org.apache.hadoop.ipc.ProtobufRpcEngine$Server.processCall(ProtobufRpcEngine.java:466) [hadoop-common-3.3.1.jar:?]
	at org.apache.hadoop.ipc.ProtobufRpcEngine2$Server$ProtoBufRpcInvoker.call(ProtobufRpcEngine2.java:574) [hadoop-common-3.3.1.jar:?]
	at org.apache.hadoop.ipc.ProtobufRpcEngine2$Server$ProtoBufRpcInvoker.call(ProtobufRpcEngine2.java:552) [hadoop-common-3.3.1.jar:?]
	at org.apache.hadoop.ipc.RPC$Server.call(RPC.java:1093) [hadoop-common-3.3.1.jar:?]
	at org.apache.hadoop.ipc.Server$RpcCall.run(Server.java:1035) [hadoop-common-3.3.1.jar:?]
	at org.apache.hadoop.ipc.Server$RpcCall.run(Server.java:963) [hadoop-common-3.3.1.jar:?]
	at java.security.AccessController.doPrivileged(Native Method) ~[?:1.8.0_332]
	at javax.security.auth.Subject.doAs(Subject.java:422) [?:1.8.0_332]
	at org.apache.hadoop.security.UserGroupInformation.doAs(UserGroupInformation.java:1878) [hadoop-common-3.3.1.jar:?]
	at org.apache.hadoop.ipc.Server$Handler.run(Server.java:2966) [hadoop-common-3.3.1.jar:?]
16:19:32.989 [IPC Server handler 6 on default port 34065] ERROR OMAudit - user=runner | ip=127.0.0.1 | op=GET_FILE_STATUS {volume=volume37063, bucket=bucket00517, key=.Trash/runner/Current/volume37063/bucket00517/testKey2, dataSize=0, replicationConfig=null} | ret=FAILURE
org.apache.hadoop.ozone.om.exceptions.OMException: Unable to get file status: volume: volume37063 bucket: bucket00517 key: .Trash/runner/Current/volume37063/bucket00517/testKey2
	at org.apache.hadoop.ozone.om.KeyManagerImpl.getOzoneFileStatus(KeyManagerImpl.java:1283) ~[ozone-manager-1.3.0-SNAPSHOT.jar:?]
	at org.apache.hadoop.ozone.om.KeyManagerImpl.getFileStatus(KeyManagerImpl.java:1213) ~[ozone-manager-1.3.0-SNAPSHOT.jar:?]
	at org.apache.hadoop.ozone.om.OzoneManager.getFileStatus(OzoneManager.java:3419) ~[ozone-manager-1.3.0-SNAPSHOT.jar:?]
	at org.apache.hadoop.ozone.protocolPB.OzoneManagerRequestHandler.getOzoneFileStatus(OzoneManagerRequestHandler.java:871) ~[ozone-manager-1.3.0-SNAPSHOT.jar:?]
	at org.apache.hadoop.ozone.protocolPB.OzoneManagerRequestHandler.handleReadRequest(OzoneManagerRequestHandler.java:217) ~[ozone-manager-1.3.0-SNAPSHOT.jar:?]
	at org.apache.hadoop.ozone.protocolPB.OzoneManagerProtocolServerSideTranslatorPB.submitReadRequestToOM(OzoneManagerProtocolServerSideTranslatorPB.java:225) ~[ozone-manager-1.3.0-SNAPSHOT.jar:?]
	at org.apache.hadoop.ozone.protocolPB.OzoneManagerProtocolServerSideTranslatorPB.processRequest(OzoneManagerProtocolServerSideTranslatorPB.java:175) ~[ozone-manager-1.3.0-SNAPSHOT.jar:?]
	at org.apache.hadoop.hdds.server.OzoneProtocolMessageDispatcher.processRequest(OzoneProtocolMessageDispatcher.java:87) [hdds-server-framework-1.3.0-SNAPSHOT.jar:?]
	at org.apache.hadoop.ozone.protocolPB.OzoneManagerProtocolServerSideTranslatorPB.submitRequest(OzoneManagerProtocolServerSideTranslatorPB.java:147) [ozone-manager-1.3.0-SNAPSHOT.jar:?]
	at org.apache.hadoop.ozone.protocol.proto.OzoneManagerProtocolProtos$OzoneManagerService$2.callBlockingMethod(OzoneManagerProtocolProtos.java) [ozone-interface-client-1.3.0-SNAPSHOT.jar:?]
	at org.apache.hadoop.ipc.ProtobufRpcEngine$Server.processCall(ProtobufRpcEngine.java:466) [hadoop-common-3.3.1.jar:?]
	at org.apache.hadoop.ipc.ProtobufRpcEngine2$Server$ProtoBufRpcInvoker.call(ProtobufRpcEngine2.java:574) [hadoop-common-3.3.1.jar:?]
	at org.apache.hadoop.ipc.ProtobufRpcEngine2$Server$ProtoBufRpcInvoker.call(ProtobufRpcEngine2.java:552) [hadoop-common-3.3.1.jar:?]
	at org.apache.hadoop.ipc.RPC$Server.call(RPC.java:1093) [hadoop-common-3.3.1.jar:?]
	at org.apache.hadoop.ipc.Server$RpcCall.run(Server.java:1035) [hadoop-common-3.3.1.jar:?]
	at org.apache.hadoop.ipc.Server$RpcCall.run(Server.java:963) [hadoop-common-3.3.1.jar:?]
	at java.security.AccessController.doPrivileged(Native Method) ~[?:1.8.0_332]
	at javax.security.auth.Subject.doAs(Subject.java:422) [?:1.8.0_332]
	at org.apache.hadoop.security.UserGroupInformation.doAs(UserGroupInformation.java:1878) [hadoop-common-3.3.1.jar:?]
	at org.apache.hadoop.ipc.Server$Handler.run(Server.java:2966) [hadoop-common-3.3.1.jar:?]
2022-06-16 16:19:32,995 [Time-limited test] INFO  fs.TrashPolicyDefault (TrashPolicyDefault.java:moveToTrash(188)) - Moved: '/volume37063/bucket00517/testKey2' to trash at: ofs:/volume37063/bucket00517/.Trash/runner/Current/volume37063/bucket00517/testKey2
2022-06-16 16:19:33,015 [e92161bb-36da-4024-83fa-f02433e9e8b4@group-D1498762B26E-LeaderElection25] INFO  impl.LeaderElection (LeaderElection.java:logAndReturn(90)) - e92161bb-36da-4024-83fa-f02433e9e8b4@group-D1498762B26E-LeaderElection25: ELECTION REJECTED received 2 response(s) and 0 exception(s):
2022-06-16 16:19:33,015 [e92161bb-36da-4024-83fa-f02433e9e8b4@group-D1498762B26E-LeaderElection25] INFO  impl.LeaderElection (LeaderElection.java:logAndReturn(94)) -   Response 0: e92161bb-36da-4024-83fa-f02433e9e8b4<-f18629d0-4209-4076-ad9d-a135d0d60f56#0:FAIL-t2
2022-06-16 16:19:33,015 [e92161bb-36da-4024-83fa-f02433e9e8b4@group-D1498762B26E-LeaderElection25] INFO  impl.LeaderElection (LeaderElection.java:logAndReturn(94)) -   Response 1: e92161bb-36da-4024-83fa-f02433e9e8b4<-5b838663-213a-4fbf-828e-9dfe1e385535#0:FAIL-t2
2022-06-16 16:19:33,015 [e92161bb-36da-4024-83fa-f02433e9e8b4@group-D1498762B26E-LeaderElection25] INFO  impl.LeaderElection (LeaderElection.java:askForVotes(312)) - e92161bb-36da-4024-83fa-f02433e9e8b4@group-D1498762B26E-LeaderElection25 ELECTION round 0: result REJECTED
2022-06-16 16:19:33,015 [e92161bb-36da-4024-83fa-f02433e9e8b4@group-D1498762B26E-LeaderElection25] INFO  server.RaftServer$Division (RaftServerImpl.java:setRole(299)) - e92161bb-36da-4024-83fa-f02433e9e8b4@group-D1498762B26E: changes role from CANDIDATE to FOLLOWER at term 2 for REJECTED
2022-06-16 16:19:33,015 [e92161bb-36da-4024-83fa-f02433e9e8b4@group-D1498762B26E-LeaderElection25] INFO  impl.RoleInfo (RoleInfo.java:shutdownLeaderElection(130)) - e92161bb-36da-4024-83fa-f02433e9e8b4: shutdown e92161bb-36da-4024-83fa-f02433e9e8b4@group-D1498762B26E-LeaderElection25
2022-06-16 16:19:33,015 [e92161bb-36da-4024-83fa-f02433e9e8b4@group-D1498762B26E-LeaderElection25] INFO  impl.RoleInfo (RoleInfo.java:updateAndGet(139)) - e92161bb-36da-4024-83fa-f02433e9e8b4: start e92161bb-36da-4024-83fa-f02433e9e8b4@group-D1498762B26E-FollowerState
16:19:33.016 [IPC Server handler 16 on default port 34065] ERROR OMAudit - user=runner | ip=127.0.0.1 | op=GET_FILE_STATUS {volume=volume37063, bucket=bucket00517, key=.Trash/runner/Current, dataSize=0, replicationConfig=null} | ret=FAILURE
org.apache.hadoop.ozone.om.exceptions.OMException: Unable to get file status: volume: volume37063 bucket: bucket00517 key: .Trash/runner/Current
	at org.apache.hadoop.ozone.om.KeyManagerImpl.getOzoneFileStatus(KeyManagerImpl.java:1283) ~[ozone-manager-1.3.0-SNAPSHOT.jar:?]
	at org.apache.hadoop.ozone.om.KeyManagerImpl.getFileStatus(KeyManagerImpl.java:1213) ~[ozone-manager-1.3.0-SNAPSHOT.jar:?]
	at org.apache.hadoop.ozone.om.OzoneManager.getFileStatus(OzoneManager.java:3419) ~[ozone-manager-1.3.0-SNAPSHOT.jar:?]
	at org.apache.hadoop.ozone.protocolPB.OzoneManagerRequestHandler.getOzoneFileStatus(OzoneManagerRequestHandler.java:871) ~[ozone-manager-1.3.0-SNAPSHOT.jar:?]
	at org.apache.hadoop.ozone.protocolPB.OzoneManagerRequestHandler.handleReadRequest(OzoneManagerRequestHandler.java:217) ~[ozone-manager-1.3.0-SNAPSHOT.jar:?]
	at org.apache.hadoop.ozone.protocolPB.OzoneManagerProtocolServerSideTranslatorPB.submitReadRequestToOM(OzoneManagerProtocolServerSideTranslatorPB.java:225) ~[ozone-manager-1.3.0-SNAPSHOT.jar:?]
	at org.apache.hadoop.ozone.protocolPB.OzoneManagerProtocolServerSideTranslatorPB.processRequest(OzoneManagerProtocolServerSideTranslatorPB.java:175) ~[ozone-manager-1.3.0-SNAPSHOT.jar:?]
	at org.apache.hadoop.hdds.server.OzoneProtocolMessageDispatcher.processRequest(OzoneProtocolMessageDispatcher.java:87) [hdds-server-framework-1.3.0-SNAPSHOT.jar:?]
	at org.apache.hadoop.ozone.protocolPB.OzoneManagerProtocolServerSideTranslatorPB.submitRequest(OzoneManagerProtocolServerSideTranslatorPB.java:147) [ozone-manager-1.3.0-SNAPSHOT.jar:?]
	at org.apache.hadoop.ozone.protocol.proto.OzoneManagerProtocolProtos$OzoneManagerService$2.callBlockingMethod(OzoneManagerProtocolProtos.java) [ozone-interface-client-1.3.0-SNAPSHOT.jar:?]
	at org.apache.hadoop.ipc.ProtobufRpcEngine$Server.processCall(ProtobufRpcEngine.java:466) [hadoop-common-3.3.1.jar:?]
	at org.apache.hadoop.ipc.ProtobufRpcEngine2$Server$ProtoBufRpcInvoker.call(ProtobufRpcEngine2.java:574) [hadoop-common-3.3.1.jar:?]
	at org.apache.hadoop.ipc.ProtobufRpcEngine2$Server$ProtoBufRpcInvoker.call(ProtobufRpcEngine2.java:552) [hadoop-common-3.3.1.jar:?]
	at org.apache.hadoop.ipc.RPC$Server.call(RPC.java:1093) [hadoop-common-3.3.1.jar:?]
	at org.apache.hadoop.ipc.Server$RpcCall.run(Server.java:1035) [hadoop-common-3.3.1.jar:?]
	at org.apache.hadoop.ipc.Server$RpcCall.run(Server.java:963) [hadoop-common-3.3.1.jar:?]
	at java.security.AccessController.doPrivileged(Native Method) ~[?:1.8.0_332]
	at javax.security.auth.Subject.doAs(Subject.java:422) [?:1.8.0_332]
	at org.apache.hadoop.security.UserGroupInformation.doAs(UserGroupInformation.java:1878) [hadoop-common-3.3.1.jar:?]
	at org.apache.hadoop.ipc.Server$Handler.run(Server.java:2966) [hadoop-common-3.3.1.jar:?]
]]></system-out>
  </testcase>
  <testcase name="testRenameToTrashEnabled" classname="TestRootedOzoneFileSystem" time="0.732">
    <system-out><![CDATA[2022-06-16 16:20:45,479 [Time-limited test] INFO  rpc.RpcClient (RpcClient.java:createVolume(466)) - Creating Volume: volume43379, with user49498 as owner and space quota set to -1 bytes, counts quota set to -1
2022-06-16 16:20:45,512 [IPC Server handler 7 on default port 42069] INFO  volume.OMVolumeCreateRequest (OMVolumeCreateRequest.java:validateAndUpdateCache(195)) - created volume:volume43379 for user:user49498
2022-06-16 16:20:45,513 [Time-limited test] INFO  rpc.RpcClient (RpcClient.java:createBucket(666)) - Creating Bucket: volume43379/bucket32095, with the Bucket Layout LEGACY, runner as owner, Versioning false, Storage Type set to DISK and Encryption set to false 
2022-06-16 16:20:45,513 [IPC Server handler 9 on default port 42069] INFO  bucket.OMBucketCreateRequest (OMBucketCreateRequest.java:validateAndUpdateCache(260)) - created bucket: bucket32095 of layout LEGACY in volume: volume43379
16:20:46.034 [IPC Server handler 1 on default port 42069] ERROR OMAudit - user=runner | ip=127.0.0.1 | op=GET_FILE_STATUS {volume=volume43379, bucket=bucket32095, key=.Trash/runner/Current/volume43379/bucket32095/testKey2, dataSize=0, replicationConfig=null} | ret=FAILURE
org.apache.hadoop.ozone.om.exceptions.OMException: Unable to get file status: volume: volume43379 bucket: bucket32095 key: .Trash/runner/Current/volume43379/bucket32095/testKey2
	at org.apache.hadoop.ozone.om.KeyManagerImpl.getOzoneFileStatus(KeyManagerImpl.java:1283) ~[ozone-manager-1.3.0-SNAPSHOT.jar:?]
	at org.apache.hadoop.ozone.om.KeyManagerImpl.getFileStatus(KeyManagerImpl.java:1213) ~[ozone-manager-1.3.0-SNAPSHOT.jar:?]
	at org.apache.hadoop.ozone.om.OzoneManager.getFileStatus(OzoneManager.java:3419) ~[ozone-manager-1.3.0-SNAPSHOT.jar:?]
	at org.apache.hadoop.ozone.protocolPB.OzoneManagerRequestHandler.getOzoneFileStatus(OzoneManagerRequestHandler.java:871) ~[ozone-manager-1.3.0-SNAPSHOT.jar:?]
	at org.apache.hadoop.ozone.protocolPB.OzoneManagerRequestHandler.handleReadRequest(OzoneManagerRequestHandler.java:217) ~[ozone-manager-1.3.0-SNAPSHOT.jar:?]
	at org.apache.hadoop.ozone.protocolPB.OzoneManagerProtocolServerSideTranslatorPB.submitRequestDirectlyToOM(OzoneManagerProtocolServerSideTranslatorPB.java:284) ~[ozone-manager-1.3.0-SNAPSHOT.jar:?]
	at org.apache.hadoop.ozone.protocolPB.OzoneManagerProtocolServerSideTranslatorPB.processRequest(OzoneManagerProtocolServerSideTranslatorPB.java:207) ~[ozone-manager-1.3.0-SNAPSHOT.jar:?]
	at org.apache.hadoop.hdds.server.OzoneProtocolMessageDispatcher.processRequest(OzoneProtocolMessageDispatcher.java:87) [hdds-server-framework-1.3.0-SNAPSHOT.jar:?]
	at org.apache.hadoop.ozone.protocolPB.OzoneManagerProtocolServerSideTranslatorPB.submitRequest(OzoneManagerProtocolServerSideTranslatorPB.java:147) [ozone-manager-1.3.0-SNAPSHOT.jar:?]
	at org.apache.hadoop.ozone.protocol.proto.OzoneManagerProtocolProtos$OzoneManagerService$2.callBlockingMethod(OzoneManagerProtocolProtos.java) [ozone-interface-client-1.3.0-SNAPSHOT.jar:?]
	at org.apache.hadoop.ipc.ProtobufRpcEngine$Server.processCall(ProtobufRpcEngine.java:466) [hadoop-common-3.3.1.jar:?]
	at org.apache.hadoop.ipc.ProtobufRpcEngine2$Server$ProtoBufRpcInvoker.call(ProtobufRpcEngine2.java:574) [hadoop-common-3.3.1.jar:?]
	at org.apache.hadoop.ipc.ProtobufRpcEngine2$Server$ProtoBufRpcInvoker.call(ProtobufRpcEngine2.java:552) [hadoop-common-3.3.1.jar:?]
	at org.apache.hadoop.ipc.RPC$Server.call(RPC.java:1093) [hadoop-common-3.3.1.jar:?]
	at org.apache.hadoop.ipc.Server$RpcCall.run(Server.java:1035) [hadoop-common-3.3.1.jar:?]
	at org.apache.hadoop.ipc.Server$RpcCall.run(Server.java:963) [hadoop-common-3.3.1.jar:?]
	at java.security.AccessController.doPrivileged(Native Method) ~[?:1.8.0_332]
	at javax.security.auth.Subject.doAs(Subject.java:422) [?:1.8.0_332]
	at org.apache.hadoop.security.UserGroupInformation.doAs(UserGroupInformation.java:1878) [hadoop-common-3.3.1.jar:?]
	at org.apache.hadoop.ipc.Server$Handler.run(Server.java:2966) [hadoop-common-3.3.1.jar:?]
16:20:46.037 [IPC Server handler 6 on default port 42069] ERROR OMAudit - user=runner | ip=127.0.0.1 | op=GET_FILE_STATUS {volume=volume43379, bucket=bucket32095, key=.Trash/runner/Current/volume43379/bucket32095/testKey2, dataSize=0, replicationConfig=null} | ret=FAILURE
org.apache.hadoop.ozone.om.exceptions.OMException: Unable to get file status: volume: volume43379 bucket: bucket32095 key: .Trash/runner/Current/volume43379/bucket32095/testKey2
	at org.apache.hadoop.ozone.om.KeyManagerImpl.getOzoneFileStatus(KeyManagerImpl.java:1283) ~[ozone-manager-1.3.0-SNAPSHOT.jar:?]
	at org.apache.hadoop.ozone.om.KeyManagerImpl.getFileStatus(KeyManagerImpl.java:1213) ~[ozone-manager-1.3.0-SNAPSHOT.jar:?]
	at org.apache.hadoop.ozone.om.OzoneManager.getFileStatus(OzoneManager.java:3419) ~[ozone-manager-1.3.0-SNAPSHOT.jar:?]
	at org.apache.hadoop.ozone.protocolPB.OzoneManagerRequestHandler.getOzoneFileStatus(OzoneManagerRequestHandler.java:871) ~[ozone-manager-1.3.0-SNAPSHOT.jar:?]
	at org.apache.hadoop.ozone.protocolPB.OzoneManagerRequestHandler.handleReadRequest(OzoneManagerRequestHandler.java:217) ~[ozone-manager-1.3.0-SNAPSHOT.jar:?]
	at org.apache.hadoop.ozone.protocolPB.OzoneManagerProtocolServerSideTranslatorPB.submitRequestDirectlyToOM(OzoneManagerProtocolServerSideTranslatorPB.java:284) ~[ozone-manager-1.3.0-SNAPSHOT.jar:?]
	at org.apache.hadoop.ozone.protocolPB.OzoneManagerProtocolServerSideTranslatorPB.processRequest(OzoneManagerProtocolServerSideTranslatorPB.java:207) ~[ozone-manager-1.3.0-SNAPSHOT.jar:?]
	at org.apache.hadoop.hdds.server.OzoneProtocolMessageDispatcher.processRequest(OzoneProtocolMessageDispatcher.java:87) [hdds-server-framework-1.3.0-SNAPSHOT.jar:?]
	at org.apache.hadoop.ozone.protocolPB.OzoneManagerProtocolServerSideTranslatorPB.submitRequest(OzoneManagerProtocolServerSideTranslatorPB.java:147) [ozone-manager-1.3.0-SNAPSHOT.jar:?]
	at org.apache.hadoop.ozone.protocol.proto.OzoneManagerProtocolProtos$OzoneManagerService$2.callBlockingMethod(OzoneManagerProtocolProtos.java) [ozone-interface-client-1.3.0-SNAPSHOT.jar:?]
	at org.apache.hadoop.ipc.ProtobufRpcEngine$Server.processCall(ProtobufRpcEngine.java:466) [hadoop-common-3.3.1.jar:?]
	at org.apache.hadoop.ipc.ProtobufRpcEngine2$Server$ProtoBufRpcInvoker.call(ProtobufRpcEngine2.java:574) [hadoop-common-3.3.1.jar:?]
	at org.apache.hadoop.ipc.ProtobufRpcEngine2$Server$ProtoBufRpcInvoker.call(ProtobufRpcEngine2.java:552) [hadoop-common-3.3.1.jar:?]
	at org.apache.hadoop.ipc.RPC$Server.call(RPC.java:1093) [hadoop-common-3.3.1.jar:?]
	at org.apache.hadoop.ipc.Server$RpcCall.run(Server.java:1035) [hadoop-common-3.3.1.jar:?]
	at org.apache.hadoop.ipc.Server$RpcCall.run(Server.java:963) [hadoop-common-3.3.1.jar:?]
	at java.security.AccessController.doPrivileged(Native Method) ~[?:1.8.0_332]
	at javax.security.auth.Subject.doAs(Subject.java:422) [?:1.8.0_332]
	at org.apache.hadoop.security.UserGroupInformation.doAs(UserGroupInformation.java:1878) [hadoop-common-3.3.1.jar:?]
	at org.apache.hadoop.ipc.Server$Handler.run(Server.java:2966) [hadoop-common-3.3.1.jar:?]
2022-06-16 16:20:46,044 [Time-limited test] INFO  fs.TrashPolicyDefault (TrashPolicyDefault.java:moveToTrash(188)) - Moved: '/volume43379/bucket32095/testKey2' to trash at: ofs:/volume43379/bucket32095/.Trash/runner/Current/volume43379/bucket32095/testKey2
]]></system-out>
  </testcase>
  <testcase name="testRenameToTrashEnabled" classname="TestRootedOzoneFileSystem" time="0.435">
    <system-out><![CDATA[2022-06-16 16:22:35,191 [Time-limited test] INFO  rpc.RpcClient (RpcClient.java:createVolume(466)) - Creating Volume: volume26232, with user95896 as owner and space quota set to -1 bytes, counts quota set to -1
2022-06-16 16:22:35,214 [OM StateMachine ApplyTransaction Thread - 0] INFO  volume.OMVolumeCreateRequest (OMVolumeCreateRequest.java:validateAndUpdateCache(195)) - created volume:volume26232 for user:user95896
2022-06-16 16:22:35,216 [Time-limited test] INFO  rpc.RpcClient (RpcClient.java:createBucket(666)) - Creating Bucket: volume26232/bucket16946, with the Bucket Layout LEGACY, runner as owner, Versioning false, Storage Type set to DISK and Encryption set to false 
2022-06-16 16:22:35,216 [OM StateMachine ApplyTransaction Thread - 0] INFO  bucket.OMBucketCreateRequest (OMBucketCreateRequest.java:validateAndUpdateCache(260)) - created bucket: bucket16946 of layout LEGACY in volume: volume26232
16:22:35.460 [IPC Server handler 3 on default port 33505] ERROR OMAudit - user=runner | ip=127.0.0.1 | op=GET_FILE_STATUS {volume=volume26232, bucket=bucket16946, key=.Trash/runner/Current/volume26232/bucket16946/testKey2, dataSize=0, replicationConfig=null} | ret=FAILURE
org.apache.hadoop.ozone.om.exceptions.OMException: Unable to get file status: volume: volume26232 bucket: bucket16946 key: .Trash/runner/Current/volume26232/bucket16946/testKey2
	at org.apache.hadoop.ozone.om.KeyManagerImpl.getOzoneFileStatus(KeyManagerImpl.java:1283) ~[ozone-manager-1.3.0-SNAPSHOT.jar:?]
	at org.apache.hadoop.ozone.om.KeyManagerImpl.getFileStatus(KeyManagerImpl.java:1213) ~[ozone-manager-1.3.0-SNAPSHOT.jar:?]
	at org.apache.hadoop.ozone.om.OzoneManager.getFileStatus(OzoneManager.java:3419) ~[ozone-manager-1.3.0-SNAPSHOT.jar:?]
	at org.apache.hadoop.ozone.protocolPB.OzoneManagerRequestHandler.getOzoneFileStatus(OzoneManagerRequestHandler.java:871) ~[ozone-manager-1.3.0-SNAPSHOT.jar:?]
	at org.apache.hadoop.ozone.protocolPB.OzoneManagerRequestHandler.handleReadRequest(OzoneManagerRequestHandler.java:217) ~[ozone-manager-1.3.0-SNAPSHOT.jar:?]
	at org.apache.hadoop.ozone.protocolPB.OzoneManagerProtocolServerSideTranslatorPB.submitReadRequestToOM(OzoneManagerProtocolServerSideTranslatorPB.java:225) ~[ozone-manager-1.3.0-SNAPSHOT.jar:?]
	at org.apache.hadoop.ozone.protocolPB.OzoneManagerProtocolServerSideTranslatorPB.processRequest(OzoneManagerProtocolServerSideTranslatorPB.java:175) ~[ozone-manager-1.3.0-SNAPSHOT.jar:?]
	at org.apache.hadoop.hdds.server.OzoneProtocolMessageDispatcher.processRequest(OzoneProtocolMessageDispatcher.java:87) [hdds-server-framework-1.3.0-SNAPSHOT.jar:?]
	at org.apache.hadoop.ozone.protocolPB.OzoneManagerProtocolServerSideTranslatorPB.submitRequest(OzoneManagerProtocolServerSideTranslatorPB.java:147) [ozone-manager-1.3.0-SNAPSHOT.jar:?]
	at org.apache.hadoop.ozone.protocol.proto.OzoneManagerProtocolProtos$OzoneManagerService$2.callBlockingMethod(OzoneManagerProtocolProtos.java) [ozone-interface-client-1.3.0-SNAPSHOT.jar:?]
	at org.apache.hadoop.ipc.ProtobufRpcEngine$Server.processCall(ProtobufRpcEngine.java:466) [hadoop-common-3.3.1.jar:?]
	at org.apache.hadoop.ipc.ProtobufRpcEngine2$Server$ProtoBufRpcInvoker.call(ProtobufRpcEngine2.java:574) [hadoop-common-3.3.1.jar:?]
	at org.apache.hadoop.ipc.ProtobufRpcEngine2$Server$ProtoBufRpcInvoker.call(ProtobufRpcEngine2.java:552) [hadoop-common-3.3.1.jar:?]
	at org.apache.hadoop.ipc.RPC$Server.call(RPC.java:1093) [hadoop-common-3.3.1.jar:?]
	at org.apache.hadoop.ipc.Server$RpcCall.run(Server.java:1035) [hadoop-common-3.3.1.jar:?]
	at org.apache.hadoop.ipc.Server$RpcCall.run(Server.java:963) [hadoop-common-3.3.1.jar:?]
	at java.security.AccessController.doPrivileged(Native Method) ~[?:1.8.0_332]
	at javax.security.auth.Subject.doAs(Subject.java:422) [?:1.8.0_332]
	at org.apache.hadoop.security.UserGroupInformation.doAs(UserGroupInformation.java:1878) [hadoop-common-3.3.1.jar:?]
	at org.apache.hadoop.ipc.Server$Handler.run(Server.java:2966) [hadoop-common-3.3.1.jar:?]
16:22:35.462 [IPC Server handler 15 on default port 33505] ERROR OMAudit - user=runner | ip=127.0.0.1 | op=GET_FILE_STATUS {volume=volume26232, bucket=bucket16946, key=.Trash/runner/Current/volume26232/bucket16946/testKey2, dataSize=0, replicationConfig=null} | ret=FAILURE
org.apache.hadoop.ozone.om.exceptions.OMException: Unable to get file status: volume: volume26232 bucket: bucket16946 key: .Trash/runner/Current/volume26232/bucket16946/testKey2
	at org.apache.hadoop.ozone.om.KeyManagerImpl.getOzoneFileStatus(KeyManagerImpl.java:1283) ~[ozone-manager-1.3.0-SNAPSHOT.jar:?]
	at org.apache.hadoop.ozone.om.KeyManagerImpl.getFileStatus(KeyManagerImpl.java:1213) ~[ozone-manager-1.3.0-SNAPSHOT.jar:?]
	at org.apache.hadoop.ozone.om.OzoneManager.getFileStatus(OzoneManager.java:3419) ~[ozone-manager-1.3.0-SNAPSHOT.jar:?]
	at org.apache.hadoop.ozone.protocolPB.OzoneManagerRequestHandler.getOzoneFileStatus(OzoneManagerRequestHandler.java:871) ~[ozone-manager-1.3.0-SNAPSHOT.jar:?]
	at org.apache.hadoop.ozone.protocolPB.OzoneManagerRequestHandler.handleReadRequest(OzoneManagerRequestHandler.java:217) ~[ozone-manager-1.3.0-SNAPSHOT.jar:?]
	at org.apache.hadoop.ozone.protocolPB.OzoneManagerProtocolServerSideTranslatorPB.submitReadRequestToOM(OzoneManagerProtocolServerSideTranslatorPB.java:225) ~[ozone-manager-1.3.0-SNAPSHOT.jar:?]
	at org.apache.hadoop.ozone.protocolPB.OzoneManagerProtocolServerSideTranslatorPB.processRequest(OzoneManagerProtocolServerSideTranslatorPB.java:175) ~[ozone-manager-1.3.0-SNAPSHOT.jar:?]
	at org.apache.hadoop.hdds.server.OzoneProtocolMessageDispatcher.processRequest(OzoneProtocolMessageDispatcher.java:87) [hdds-server-framework-1.3.0-SNAPSHOT.jar:?]
	at org.apache.hadoop.ozone.protocolPB.OzoneManagerProtocolServerSideTranslatorPB.submitRequest(OzoneManagerProtocolServerSideTranslatorPB.java:147) [ozone-manager-1.3.0-SNAPSHOT.jar:?]
	at org.apache.hadoop.ozone.protocol.proto.OzoneManagerProtocolProtos$OzoneManagerService$2.callBlockingMethod(OzoneManagerProtocolProtos.java) [ozone-interface-client-1.3.0-SNAPSHOT.jar:?]
	at org.apache.hadoop.ipc.ProtobufRpcEngine$Server.processCall(ProtobufRpcEngine.java:466) [hadoop-common-3.3.1.jar:?]
	at org.apache.hadoop.ipc.ProtobufRpcEngine2$Server$ProtoBufRpcInvoker.call(ProtobufRpcEngine2.java:574) [hadoop-common-3.3.1.jar:?]
	at org.apache.hadoop.ipc.ProtobufRpcEngine2$Server$ProtoBufRpcInvoker.call(ProtobufRpcEngine2.java:552) [hadoop-common-3.3.1.jar:?]
	at org.apache.hadoop.ipc.RPC$Server.call(RPC.java:1093) [hadoop-common-3.3.1.jar:?]
	at org.apache.hadoop.ipc.Server$RpcCall.run(Server.java:1035) [hadoop-common-3.3.1.jar:?]
	at org.apache.hadoop.ipc.Server$RpcCall.run(Server.java:963) [hadoop-common-3.3.1.jar:?]
	at java.security.AccessController.doPrivileged(Native Method) ~[?:1.8.0_332]
	at javax.security.auth.Subject.doAs(Subject.java:422) [?:1.8.0_332]
	at org.apache.hadoop.security.UserGroupInformation.doAs(UserGroupInformation.java:1878) [hadoop-common-3.3.1.jar:?]
	at org.apache.hadoop.ipc.Server$Handler.run(Server.java:2966) [hadoop-common-3.3.1.jar:?]
2022-06-16 16:22:35,468 [Time-limited test] INFO  fs.TrashPolicyDefault (TrashPolicyDefault.java:moveToTrash(188)) - Moved: '/volume26232/bucket16946/testKey2' to trash at: ofs:/volume26232/bucket16946/.Trash/runner/Current/volume26232/bucket16946/testKey2
]]></system-out>
  </testcase>
  <testcase name="testRenameToTrashEnabled" classname="TestRootedOzoneFileSystem" time="0.545">
    <system-out><![CDATA[2022-06-16 16:24:01,014 [Time-limited test] INFO  rpc.RpcClient (RpcClient.java:createVolume(466)) - Creating Volume: volume36037, with user03592 as owner and space quota set to -1 bytes, counts quota set to -1
2022-06-16 16:24:01,022 [IPC Server handler 14 on default port 44357] INFO  volume.OMVolumeCreateRequest (OMVolumeCreateRequest.java:validateAndUpdateCache(195)) - created volume:volume36037 for user:user03592
2022-06-16 16:24:01,025 [Time-limited test] INFO  rpc.RpcClient (RpcClient.java:createBucket(666)) - Creating Bucket: volume36037/bucket23558, with the Bucket Layout LEGACY, runner as owner, Versioning false, Storage Type set to DISK and Encryption set to false 
2022-06-16 16:24:01,030 [IPC Server handler 15 on default port 44357] INFO  bucket.OMBucketCreateRequest (OMBucketCreateRequest.java:validateAndUpdateCache(260)) - created bucket: bucket23558 of layout LEGACY in volume: volume36037
16:24:01.311 [IPC Server handler 8 on default port 44357] ERROR OMAudit - user=runner | ip=127.0.0.1 | op=GET_FILE_STATUS {volume=volume36037, bucket=bucket23558, key=.Trash/runner/Current/volume36037/bucket23558/testKey2, dataSize=0, replicationConfig=null} | ret=FAILURE
org.apache.hadoop.ozone.om.exceptions.OMException: Unable to get file status: volume: volume36037 bucket: bucket23558 key: .Trash/runner/Current/volume36037/bucket23558/testKey2
	at org.apache.hadoop.ozone.om.KeyManagerImpl.getOzoneFileStatus(KeyManagerImpl.java:1283) ~[ozone-manager-1.3.0-SNAPSHOT.jar:?]
	at org.apache.hadoop.ozone.om.KeyManagerImpl.getFileStatus(KeyManagerImpl.java:1213) ~[ozone-manager-1.3.0-SNAPSHOT.jar:?]
	at org.apache.hadoop.ozone.om.OzoneManager.getFileStatus(OzoneManager.java:3419) ~[ozone-manager-1.3.0-SNAPSHOT.jar:?]
	at org.apache.hadoop.ozone.protocolPB.OzoneManagerRequestHandler.getOzoneFileStatus(OzoneManagerRequestHandler.java:871) ~[ozone-manager-1.3.0-SNAPSHOT.jar:?]
	at org.apache.hadoop.ozone.protocolPB.OzoneManagerRequestHandler.handleReadRequest(OzoneManagerRequestHandler.java:217) ~[ozone-manager-1.3.0-SNAPSHOT.jar:?]
	at org.apache.hadoop.ozone.protocolPB.OzoneManagerProtocolServerSideTranslatorPB.submitRequestDirectlyToOM(OzoneManagerProtocolServerSideTranslatorPB.java:284) ~[ozone-manager-1.3.0-SNAPSHOT.jar:?]
	at org.apache.hadoop.ozone.protocolPB.OzoneManagerProtocolServerSideTranslatorPB.processRequest(OzoneManagerProtocolServerSideTranslatorPB.java:207) ~[ozone-manager-1.3.0-SNAPSHOT.jar:?]
	at org.apache.hadoop.hdds.server.OzoneProtocolMessageDispatcher.processRequest(OzoneProtocolMessageDispatcher.java:87) [hdds-server-framework-1.3.0-SNAPSHOT.jar:?]
	at org.apache.hadoop.ozone.protocolPB.OzoneManagerProtocolServerSideTranslatorPB.submitRequest(OzoneManagerProtocolServerSideTranslatorPB.java:147) [ozone-manager-1.3.0-SNAPSHOT.jar:?]
	at org.apache.hadoop.ozone.protocol.proto.OzoneManagerProtocolProtos$OzoneManagerService$2.callBlockingMethod(OzoneManagerProtocolProtos.java) [ozone-interface-client-1.3.0-SNAPSHOT.jar:?]
	at org.apache.hadoop.ipc.ProtobufRpcEngine$Server.processCall(ProtobufRpcEngine.java:466) [hadoop-common-3.3.1.jar:?]
	at org.apache.hadoop.ipc.ProtobufRpcEngine2$Server$ProtoBufRpcInvoker.call(ProtobufRpcEngine2.java:574) [hadoop-common-3.3.1.jar:?]
	at org.apache.hadoop.ipc.ProtobufRpcEngine2$Server$ProtoBufRpcInvoker.call(ProtobufRpcEngine2.java:552) [hadoop-common-3.3.1.jar:?]
	at org.apache.hadoop.ipc.RPC$Server.call(RPC.java:1093) [hadoop-common-3.3.1.jar:?]
	at org.apache.hadoop.ipc.Server$RpcCall.run(Server.java:1035) [hadoop-common-3.3.1.jar:?]
	at org.apache.hadoop.ipc.Server$RpcCall.run(Server.java:963) [hadoop-common-3.3.1.jar:?]
	at java.security.AccessController.doPrivileged(Native Method) ~[?:1.8.0_332]
	at javax.security.auth.Subject.doAs(Subject.java:422) [?:1.8.0_332]
	at org.apache.hadoop.security.UserGroupInformation.doAs(UserGroupInformation.java:1878) [hadoop-common-3.3.1.jar:?]
	at org.apache.hadoop.ipc.Server$Handler.run(Server.java:2966) [hadoop-common-3.3.1.jar:?]
16:24:01.313 [IPC Server handler 9 on default port 44357] ERROR OMAudit - user=runner | ip=127.0.0.1 | op=GET_FILE_STATUS {volume=volume36037, bucket=bucket23558, key=.Trash/runner/Current/volume36037/bucket23558/testKey2, dataSize=0, replicationConfig=null} | ret=FAILURE
org.apache.hadoop.ozone.om.exceptions.OMException: Unable to get file status: volume: volume36037 bucket: bucket23558 key: .Trash/runner/Current/volume36037/bucket23558/testKey2
	at org.apache.hadoop.ozone.om.KeyManagerImpl.getOzoneFileStatus(KeyManagerImpl.java:1283) ~[ozone-manager-1.3.0-SNAPSHOT.jar:?]
	at org.apache.hadoop.ozone.om.KeyManagerImpl.getFileStatus(KeyManagerImpl.java:1213) ~[ozone-manager-1.3.0-SNAPSHOT.jar:?]
	at org.apache.hadoop.ozone.om.OzoneManager.getFileStatus(OzoneManager.java:3419) ~[ozone-manager-1.3.0-SNAPSHOT.jar:?]
	at org.apache.hadoop.ozone.protocolPB.OzoneManagerRequestHandler.getOzoneFileStatus(OzoneManagerRequestHandler.java:871) ~[ozone-manager-1.3.0-SNAPSHOT.jar:?]
	at org.apache.hadoop.ozone.protocolPB.OzoneManagerRequestHandler.handleReadRequest(OzoneManagerRequestHandler.java:217) ~[ozone-manager-1.3.0-SNAPSHOT.jar:?]
	at org.apache.hadoop.ozone.protocolPB.OzoneManagerProtocolServerSideTranslatorPB.submitRequestDirectlyToOM(OzoneManagerProtocolServerSideTranslatorPB.java:284) ~[ozone-manager-1.3.0-SNAPSHOT.jar:?]
	at org.apache.hadoop.ozone.protocolPB.OzoneManagerProtocolServerSideTranslatorPB.processRequest(OzoneManagerProtocolServerSideTranslatorPB.java:207) ~[ozone-manager-1.3.0-SNAPSHOT.jar:?]
	at org.apache.hadoop.hdds.server.OzoneProtocolMessageDispatcher.processRequest(OzoneProtocolMessageDispatcher.java:87) [hdds-server-framework-1.3.0-SNAPSHOT.jar:?]
	at org.apache.hadoop.ozone.protocolPB.OzoneManagerProtocolServerSideTranslatorPB.submitRequest(OzoneManagerProtocolServerSideTranslatorPB.java:147) [ozone-manager-1.3.0-SNAPSHOT.jar:?]
	at org.apache.hadoop.ozone.protocol.proto.OzoneManagerProtocolProtos$OzoneManagerService$2.callBlockingMethod(OzoneManagerProtocolProtos.java) [ozone-interface-client-1.3.0-SNAPSHOT.jar:?]
	at org.apache.hadoop.ipc.ProtobufRpcEngine$Server.processCall(ProtobufRpcEngine.java:466) [hadoop-common-3.3.1.jar:?]
	at org.apache.hadoop.ipc.ProtobufRpcEngine2$Server$ProtoBufRpcInvoker.call(ProtobufRpcEngine2.java:574) [hadoop-common-3.3.1.jar:?]
	at org.apache.hadoop.ipc.ProtobufRpcEngine2$Server$ProtoBufRpcInvoker.call(ProtobufRpcEngine2.java:552) [hadoop-common-3.3.1.jar:?]
	at org.apache.hadoop.ipc.RPC$Server.call(RPC.java:1093) [hadoop-common-3.3.1.jar:?]
	at org.apache.hadoop.ipc.Server$RpcCall.run(Server.java:1035) [hadoop-common-3.3.1.jar:?]
	at org.apache.hadoop.ipc.Server$RpcCall.run(Server.java:963) [hadoop-common-3.3.1.jar:?]
	at java.security.AccessController.doPrivileged(Native Method) ~[?:1.8.0_332]
	at javax.security.auth.Subject.doAs(Subject.java:422) [?:1.8.0_332]
	at org.apache.hadoop.security.UserGroupInformation.doAs(UserGroupInformation.java:1878) [hadoop-common-3.3.1.jar:?]
	at org.apache.hadoop.ipc.Server$Handler.run(Server.java:2966) [hadoop-common-3.3.1.jar:?]
2022-06-16 16:24:01,317 [Time-limited test] INFO  fs.TrashPolicyDefault (TrashPolicyDefault.java:moveToTrash(188)) - Moved: '/volume36037/bucket23558/testKey2' to trash at: ofs:/volume36037/bucket23558/.Trash/runner/Current/volume36037/bucket23558/testKey2
]]></system-out>
  </testcase>
  <testcase name="testMkdirOnNonExistentVolumeBucketDir" classname="TestRootedOzoneFileSystem" time="0">
    <skipped type="org.junit.AssumptionViolatedException"><![CDATA[org.junit.AssumptionViolatedException: FS Path is enabled. Skipping this test as it is not tuned for FS Path yet
	at org.junit.Assume.assumeTrue(Assume.java:68)
	at org.apache.hadoop.fs.ozone.TestRootedOzoneFileSystem.testMkdirOnNonExistentVolumeBucketDir(TestRootedOzoneFileSystem.java:419)
	at sun.reflect.NativeMethodAccessorImpl.invoke0(Native Method)
	at sun.reflect.NativeMethodAccessorImpl.invoke(NativeMethodAccessorImpl.java:62)
	at sun.reflect.DelegatingMethodAccessorImpl.invoke(DelegatingMethodAccessorImpl.java:43)
	at java.lang.reflect.Method.invoke(Method.java:498)
	at org.junit.runners.model.FrameworkMethod$1.runReflectiveCall(FrameworkMethod.java:59)
	at org.junit.internal.runners.model.ReflectiveCallable.run(ReflectiveCallable.java:12)
	at org.junit.runners.model.FrameworkMethod.invokeExplosively(FrameworkMethod.java:56)
	at org.junit.internal.runners.statements.InvokeMethod.evaluate(InvokeMethod.java:17)
	at org.junit.internal.runners.statements.RunBefores.evaluate(RunBefores.java:26)
	at org.junit.internal.runners.statements.RunAfters.evaluate(RunAfters.java:27)
	at org.junit.internal.runners.statements.FailOnTimeout$CallableStatement.call(FailOnTimeout.java:288)
	at org.junit.internal.runners.statements.FailOnTimeout$CallableStatement.call(FailOnTimeout.java:282)
	at java.util.concurrent.FutureTask.run(FutureTask.java:266)
	at java.lang.Thread.run(Thread.java:750)
]]></skipped>
    <system-out><![CDATA[2022-06-16 16:18:28,465 [Time-limited test] INFO  rpc.RpcClient (RpcClient.java:createVolume(466)) - Creating Volume: volume22430, with user51250 as owner and space quota set to -1 bytes, counts quota set to -1
2022-06-16 16:18:28,467 [OM StateMachine ApplyTransaction Thread - 0] INFO  volume.OMVolumeCreateRequest (OMVolumeCreateRequest.java:validateAndUpdateCache(195)) - created volume:volume22430 for user:user51250
2022-06-16 16:18:28,471 [Time-limited test] INFO  rpc.RpcClient (RpcClient.java:createBucket(666)) - Creating Bucket: volume22430/bucket20558, with the Bucket Layout LEGACY, runner as owner, Versioning false, Storage Type set to DISK and Encryption set to false 
2022-06-16 16:18:28,472 [OM StateMachine ApplyTransaction Thread - 0] INFO  bucket.OMBucketCreateRequest (OMBucketCreateRequest.java:validateAndUpdateCache(260)) - created bucket: bucket20558 of layout LEGACY in volume: volume22430
]]></system-out>
  </testcase>
  <testcase name="testMkdirOnNonExistentVolumeBucketDir" classname="TestRootedOzoneFileSystem" time="0">
    <skipped type="org.junit.AssumptionViolatedException"><![CDATA[org.junit.AssumptionViolatedException: FS Path is enabled. Skipping this test as it is not tuned for FS Path yet
	at org.junit.Assume.assumeTrue(Assume.java:68)
	at org.apache.hadoop.fs.ozone.TestRootedOzoneFileSystem.testMkdirOnNonExistentVolumeBucketDir(TestRootedOzoneFileSystem.java:419)
	at sun.reflect.NativeMethodAccessorImpl.invoke0(Native Method)
	at sun.reflect.NativeMethodAccessorImpl.invoke(NativeMethodAccessorImpl.java:62)
	at sun.reflect.DelegatingMethodAccessorImpl.invoke(DelegatingMethodAccessorImpl.java:43)
	at java.lang.reflect.Method.invoke(Method.java:498)
	at org.junit.runners.model.FrameworkMethod$1.runReflectiveCall(FrameworkMethod.java:59)
	at org.junit.internal.runners.model.ReflectiveCallable.run(ReflectiveCallable.java:12)
	at org.junit.runners.model.FrameworkMethod.invokeExplosively(FrameworkMethod.java:56)
	at org.junit.internal.runners.statements.InvokeMethod.evaluate(InvokeMethod.java:17)
	at org.junit.internal.runners.statements.RunBefores.evaluate(RunBefores.java:26)
	at org.junit.internal.runners.statements.RunAfters.evaluate(RunAfters.java:27)
	at org.junit.internal.runners.statements.FailOnTimeout$CallableStatement.call(FailOnTimeout.java:288)
	at org.junit.internal.runners.statements.FailOnTimeout$CallableStatement.call(FailOnTimeout.java:282)
	at java.util.concurrent.FutureTask.run(FutureTask.java:266)
	at java.lang.Thread.run(Thread.java:750)
]]></skipped>
    <system-out><![CDATA[2022-06-16 16:19:33,112 [Time-limited test] INFO  rpc.RpcClient (RpcClient.java:createVolume(466)) - Creating Volume: volume25890, with user34758 as owner and space quota set to -1 bytes, counts quota set to -1
2022-06-16 16:19:33,118 [OM StateMachine ApplyTransaction Thread - 0] INFO  volume.OMVolumeCreateRequest (OMVolumeCreateRequest.java:validateAndUpdateCache(195)) - created volume:volume25890 for user:user34758
2022-06-16 16:19:33,124 [Time-limited test] INFO  rpc.RpcClient (RpcClient.java:createBucket(666)) - Creating Bucket: volume25890/bucket11399, with the Bucket Layout LEGACY, runner as owner, Versioning false, Storage Type set to DISK and Encryption set to false 
2022-06-16 16:19:33,125 [OM StateMachine ApplyTransaction Thread - 0] INFO  bucket.OMBucketCreateRequest (OMBucketCreateRequest.java:validateAndUpdateCache(260)) - created bucket: bucket11399 of layout LEGACY in volume: volume25890
]]></system-out>
  </testcase>
  <testcase name="testMkdirOnNonExistentVolumeBucketDir" classname="TestRootedOzoneFileSystem" time="0">
    <skipped type="org.junit.AssumptionViolatedException"><![CDATA[org.junit.AssumptionViolatedException: FS Path is enabled. Skipping this test as it is not tuned for FS Path yet
	at org.junit.Assume.assumeTrue(Assume.java:68)
	at org.apache.hadoop.fs.ozone.TestRootedOzoneFileSystem.testMkdirOnNonExistentVolumeBucketDir(TestRootedOzoneFileSystem.java:419)
	at sun.reflect.NativeMethodAccessorImpl.invoke0(Native Method)
	at sun.reflect.NativeMethodAccessorImpl.invoke(NativeMethodAccessorImpl.java:62)
	at sun.reflect.DelegatingMethodAccessorImpl.invoke(DelegatingMethodAccessorImpl.java:43)
	at java.lang.reflect.Method.invoke(Method.java:498)
	at org.junit.runners.model.FrameworkMethod$1.runReflectiveCall(FrameworkMethod.java:59)
	at org.junit.internal.runners.model.ReflectiveCallable.run(ReflectiveCallable.java:12)
	at org.junit.runners.model.FrameworkMethod.invokeExplosively(FrameworkMethod.java:56)
	at org.junit.internal.runners.statements.InvokeMethod.evaluate(InvokeMethod.java:17)
	at org.junit.internal.runners.statements.RunBefores.evaluate(RunBefores.java:26)
	at org.junit.internal.runners.statements.RunAfters.evaluate(RunAfters.java:27)
	at org.junit.internal.runners.statements.FailOnTimeout$CallableStatement.call(FailOnTimeout.java:288)
	at org.junit.internal.runners.statements.FailOnTimeout$CallableStatement.call(FailOnTimeout.java:282)
	at java.util.concurrent.FutureTask.run(FutureTask.java:266)
	at java.lang.Thread.run(Thread.java:750)
]]></skipped>
    <system-out><![CDATA[2022-06-16 16:20:46,167 [Time-limited test] INFO  rpc.RpcClient (RpcClient.java:createVolume(466)) - Creating Volume: volume93764, with user09224 as owner and space quota set to -1 bytes, counts quota set to -1
2022-06-16 16:20:46,167 [IPC Server handler 12 on default port 42069] INFO  volume.OMVolumeCreateRequest (OMVolumeCreateRequest.java:validateAndUpdateCache(195)) - created volume:volume93764 for user:user09224
2022-06-16 16:20:46,168 [Time-limited test] INFO  rpc.RpcClient (RpcClient.java:createBucket(666)) - Creating Bucket: volume93764/bucket62112, with the Bucket Layout LEGACY, runner as owner, Versioning false, Storage Type set to DISK and Encryption set to false 
2022-06-16 16:20:46,169 [IPC Server handler 13 on default port 42069] INFO  bucket.OMBucketCreateRequest (OMBucketCreateRequest.java:validateAndUpdateCache(260)) - created bucket: bucket62112 of layout LEGACY in volume: volume93764
]]></system-out>
  </testcase>
  <testcase name="testMkdirOnNonExistentVolumeBucketDir" classname="TestRootedOzoneFileSystem" time="0.235">
    <system-out><![CDATA[2022-06-16 16:22:35,631 [Time-limited test] INFO  rpc.RpcClient (RpcClient.java:createVolume(466)) - Creating Volume: volume03574, with user13767 as owner and space quota set to -1 bytes, counts quota set to -1
2022-06-16 16:22:35,632 [OM StateMachine ApplyTransaction Thread - 0] INFO  volume.OMVolumeCreateRequest (OMVolumeCreateRequest.java:validateAndUpdateCache(195)) - created volume:volume03574 for user:user13767
2022-06-16 16:22:35,635 [Time-limited test] INFO  rpc.RpcClient (RpcClient.java:createBucket(666)) - Creating Bucket: volume03574/bucket64201, with the Bucket Layout LEGACY, runner as owner, Versioning false, Storage Type set to DISK and Encryption set to false 
2022-06-16 16:22:35,636 [OM StateMachine ApplyTransaction Thread - 0] INFO  bucket.OMBucketCreateRequest (OMBucketCreateRequest.java:validateAndUpdateCache(260)) - created bucket: bucket64201 of layout LEGACY in volume: volume03574
16:22:35.638 [IPC Server handler 1 on default port 33505] ERROR OMAudit - user=runner | ip=127.0.0.1 | op=READ_BUCKET {volume=volume-97044, bucket=bucket-96473} | ret=FAILURE
org.apache.hadoop.ozone.om.exceptions.OMException: Volume not found when getting bucket info
	at org.apache.hadoop.ozone.om.BucketManagerImpl.getBucketInfo(BucketManagerImpl.java:127) ~[ozone-manager-1.3.0-SNAPSHOT.jar:?]
	at org.apache.hadoop.ozone.om.OzoneManager.getBucketInfo(OzoneManager.java:2778) ~[ozone-manager-1.3.0-SNAPSHOT.jar:?]
	at org.apache.hadoop.ozone.protocolPB.OzoneManagerRequestHandler.infoBucket(OzoneManagerRequestHandler.java:464) ~[ozone-manager-1.3.0-SNAPSHOT.jar:?]
	at org.apache.hadoop.ozone.protocolPB.OzoneManagerRequestHandler.handleReadRequest(OzoneManagerRequestHandler.java:172) ~[ozone-manager-1.3.0-SNAPSHOT.jar:?]
	at org.apache.hadoop.ozone.protocolPB.OzoneManagerProtocolServerSideTranslatorPB.submitReadRequestToOM(OzoneManagerProtocolServerSideTranslatorPB.java:225) ~[ozone-manager-1.3.0-SNAPSHOT.jar:?]
	at org.apache.hadoop.ozone.protocolPB.OzoneManagerProtocolServerSideTranslatorPB.processRequest(OzoneManagerProtocolServerSideTranslatorPB.java:175) ~[ozone-manager-1.3.0-SNAPSHOT.jar:?]
	at org.apache.hadoop.hdds.server.OzoneProtocolMessageDispatcher.processRequest(OzoneProtocolMessageDispatcher.java:87) [hdds-server-framework-1.3.0-SNAPSHOT.jar:?]
	at org.apache.hadoop.ozone.protocolPB.OzoneManagerProtocolServerSideTranslatorPB.submitRequest(OzoneManagerProtocolServerSideTranslatorPB.java:147) [ozone-manager-1.3.0-SNAPSHOT.jar:?]
	at org.apache.hadoop.ozone.protocol.proto.OzoneManagerProtocolProtos$OzoneManagerService$2.callBlockingMethod(OzoneManagerProtocolProtos.java) [ozone-interface-client-1.3.0-SNAPSHOT.jar:?]
	at org.apache.hadoop.ipc.ProtobufRpcEngine$Server.processCall(ProtobufRpcEngine.java:466) [hadoop-common-3.3.1.jar:?]
	at org.apache.hadoop.ipc.ProtobufRpcEngine2$Server$ProtoBufRpcInvoker.call(ProtobufRpcEngine2.java:574) [hadoop-common-3.3.1.jar:?]
	at org.apache.hadoop.ipc.ProtobufRpcEngine2$Server$ProtoBufRpcInvoker.call(ProtobufRpcEngine2.java:552) [hadoop-common-3.3.1.jar:?]
	at org.apache.hadoop.ipc.RPC$Server.call(RPC.java:1093) [hadoop-common-3.3.1.jar:?]
	at org.apache.hadoop.ipc.Server$RpcCall.run(Server.java:1035) [hadoop-common-3.3.1.jar:?]
	at org.apache.hadoop.ipc.Server$RpcCall.run(Server.java:963) [hadoop-common-3.3.1.jar:?]
	at java.security.AccessController.doPrivileged(Native Method) ~[?:1.8.0_332]
	at javax.security.auth.Subject.doAs(Subject.java:422) [?:1.8.0_332]
	at org.apache.hadoop.security.UserGroupInformation.doAs(UserGroupInformation.java:1878) [hadoop-common-3.3.1.jar:?]
	at org.apache.hadoop.ipc.Server$Handler.run(Server.java:2966) [hadoop-common-3.3.1.jar:?]
2022-06-16 16:22:35,639 [Time-limited test] INFO  rpc.RpcClient (RpcClient.java:createVolume(466)) - Creating Volume: volume-97044, with runner as owner and space quota set to -1 bytes, counts quota set to -1
2022-06-16 16:22:35,639 [OM StateMachine ApplyTransaction Thread - 0] INFO  volume.OMVolumeCreateRequest (OMVolumeCreateRequest.java:validateAndUpdateCache(195)) - created volume:volume-97044 for user:runner
2022-06-16 16:22:35,642 [Time-limited test] INFO  rpc.RpcClient (RpcClient.java:createBucket(666)) - Creating Bucket: volume-97044/bucket-96473, with the Bucket Layout null, runner as owner, Versioning false, Storage Type set to DISK and Encryption set to false 
2022-06-16 16:22:35,643 [OM StateMachine ApplyTransaction Thread - 0] INFO  bucket.OMBucketCreateRequest (OMBucketCreateRequest.java:validateAndUpdateCache(260)) - created bucket: bucket-96473 of layout LEGACY in volume: volume-97044
]]></system-out>
  </testcase>
  <testcase name="testMkdirOnNonExistentVolumeBucketDir" classname="TestRootedOzoneFileSystem" time="0.34">
    <system-out><![CDATA[2022-06-16 16:24:01,605 [Time-limited test] INFO  rpc.RpcClient (RpcClient.java:createVolume(466)) - Creating Volume: volume59075, with user73385 as owner and space quota set to -1 bytes, counts quota set to -1
2022-06-16 16:24:01,610 [IPC Server handler 16 on default port 44357] INFO  volume.OMVolumeCreateRequest (OMVolumeCreateRequest.java:validateAndUpdateCache(195)) - created volume:volume59075 for user:user73385
2022-06-16 16:24:01,611 [Time-limited test] INFO  rpc.RpcClient (RpcClient.java:createBucket(666)) - Creating Bucket: volume59075/bucket81833, with the Bucket Layout LEGACY, runner as owner, Versioning false, Storage Type set to DISK and Encryption set to false 
2022-06-16 16:24:01,611 [IPC Server handler 19 on default port 44357] INFO  bucket.OMBucketCreateRequest (OMBucketCreateRequest.java:validateAndUpdateCache(260)) - created bucket: bucket81833 of layout LEGACY in volume: volume59075
16:24:01.613 [IPC Server handler 2 on default port 44357] ERROR OMAudit - user=runner | ip=127.0.0.1 | op=READ_BUCKET {volume=volume-67577, bucket=bucket-63429} | ret=FAILURE
org.apache.hadoop.ozone.om.exceptions.OMException: Volume not found when getting bucket info
	at org.apache.hadoop.ozone.om.BucketManagerImpl.getBucketInfo(BucketManagerImpl.java:127) ~[ozone-manager-1.3.0-SNAPSHOT.jar:?]
	at org.apache.hadoop.ozone.om.OzoneManager.getBucketInfo(OzoneManager.java:2778) ~[ozone-manager-1.3.0-SNAPSHOT.jar:?]
	at org.apache.hadoop.ozone.protocolPB.OzoneManagerRequestHandler.infoBucket(OzoneManagerRequestHandler.java:464) ~[ozone-manager-1.3.0-SNAPSHOT.jar:?]
	at org.apache.hadoop.ozone.protocolPB.OzoneManagerRequestHandler.handleReadRequest(OzoneManagerRequestHandler.java:172) ~[ozone-manager-1.3.0-SNAPSHOT.jar:?]
	at org.apache.hadoop.ozone.protocolPB.OzoneManagerProtocolServerSideTranslatorPB.submitRequestDirectlyToOM(OzoneManagerProtocolServerSideTranslatorPB.java:284) ~[ozone-manager-1.3.0-SNAPSHOT.jar:?]
	at org.apache.hadoop.ozone.protocolPB.OzoneManagerProtocolServerSideTranslatorPB.processRequest(OzoneManagerProtocolServerSideTranslatorPB.java:207) ~[ozone-manager-1.3.0-SNAPSHOT.jar:?]
	at org.apache.hadoop.hdds.server.OzoneProtocolMessageDispatcher.processRequest(OzoneProtocolMessageDispatcher.java:87) [hdds-server-framework-1.3.0-SNAPSHOT.jar:?]
	at org.apache.hadoop.ozone.protocolPB.OzoneManagerProtocolServerSideTranslatorPB.submitRequest(OzoneManagerProtocolServerSideTranslatorPB.java:147) [ozone-manager-1.3.0-SNAPSHOT.jar:?]
	at org.apache.hadoop.ozone.protocol.proto.OzoneManagerProtocolProtos$OzoneManagerService$2.callBlockingMethod(OzoneManagerProtocolProtos.java) [ozone-interface-client-1.3.0-SNAPSHOT.jar:?]
	at org.apache.hadoop.ipc.ProtobufRpcEngine$Server.processCall(ProtobufRpcEngine.java:466) [hadoop-common-3.3.1.jar:?]
	at org.apache.hadoop.ipc.ProtobufRpcEngine2$Server$ProtoBufRpcInvoker.call(ProtobufRpcEngine2.java:574) [hadoop-common-3.3.1.jar:?]
	at org.apache.hadoop.ipc.ProtobufRpcEngine2$Server$ProtoBufRpcInvoker.call(ProtobufRpcEngine2.java:552) [hadoop-common-3.3.1.jar:?]
	at org.apache.hadoop.ipc.RPC$Server.call(RPC.java:1093) [hadoop-common-3.3.1.jar:?]
	at org.apache.hadoop.ipc.Server$RpcCall.run(Server.java:1035) [hadoop-common-3.3.1.jar:?]
	at org.apache.hadoop.ipc.Server$RpcCall.run(Server.java:963) [hadoop-common-3.3.1.jar:?]
	at java.security.AccessController.doPrivileged(Native Method) ~[?:1.8.0_332]
	at javax.security.auth.Subject.doAs(Subject.java:422) [?:1.8.0_332]
	at org.apache.hadoop.security.UserGroupInformation.doAs(UserGroupInformation.java:1878) [hadoop-common-3.3.1.jar:?]
	at org.apache.hadoop.ipc.Server$Handler.run(Server.java:2966) [hadoop-common-3.3.1.jar:?]
2022-06-16 16:24:01,614 [Time-limited test] INFO  rpc.RpcClient (RpcClient.java:createVolume(466)) - Creating Volume: volume-67577, with runner as owner and space quota set to -1 bytes, counts quota set to -1
2022-06-16 16:24:01,614 [IPC Server handler 1 on default port 44357] INFO  volume.OMVolumeCreateRequest (OMVolumeCreateRequest.java:validateAndUpdateCache(195)) - created volume:volume-67577 for user:runner
2022-06-16 16:24:01,615 [Time-limited test] INFO  rpc.RpcClient (RpcClient.java:createBucket(666)) - Creating Bucket: volume-67577/bucket-63429, with the Bucket Layout null, runner as owner, Versioning false, Storage Type set to DISK and Encryption set to false 
2022-06-16 16:24:01,615 [IPC Server handler 5 on default port 44357] INFO  bucket.OMBucketCreateRequest (OMBucketCreateRequest.java:validateAndUpdateCache(260)) - created bucket: bucket-63429 of layout LEGACY in volume: volume-67577
]]></system-out>
  </testcase>
  <testcase name="testListStatusOnLargeDirectory" classname="TestRootedOzoneFileSystem" time="11.461">
    <system-out><![CDATA[2022-06-16 16:18:28,513 [Time-limited test] INFO  rpc.RpcClient (RpcClient.java:createVolume(466)) - Creating Volume: volume31769, with user58440 as owner and space quota set to -1 bytes, counts quota set to -1
2022-06-16 16:18:28,515 [OM StateMachine ApplyTransaction Thread - 0] INFO  volume.OMVolumeCreateRequest (OMVolumeCreateRequest.java:validateAndUpdateCache(195)) - created volume:volume31769 for user:user58440
2022-06-16 16:18:28,518 [Time-limited test] INFO  rpc.RpcClient (RpcClient.java:createBucket(666)) - Creating Bucket: volume31769/bucket39797, with the Bucket Layout LEGACY, runner as owner, Versioning false, Storage Type set to DISK and Encryption set to false 
2022-06-16 16:18:28,521 [OM StateMachine ApplyTransaction Thread - 0] INFO  bucket.OMBucketCreateRequest (OMBucketCreateRequest.java:validateAndUpdateCache(260)) - created bucket: bucket39797 of layout LEGACY in volume: volume31769
2022-06-16 16:18:32,523 [e2d98f8b-d69d-477c-98dc-59bbefea49c2@group-AFE12DF18333-FollowerState] INFO  impl.FollowerState (FollowerState.java:run(143)) - e2d98f8b-d69d-477c-98dc-59bbefea49c2@group-AFE12DF18333-FollowerState: change to CANDIDATE, lastRpcElapsedTime:5058602006ns, electionTimeout:5049ms
2022-06-16 16:18:32,523 [e2d98f8b-d69d-477c-98dc-59bbefea49c2@group-AFE12DF18333-FollowerState] INFO  impl.RoleInfo (RoleInfo.java:shutdownFollowerState(110)) - e2d98f8b-d69d-477c-98dc-59bbefea49c2: shutdown e2d98f8b-d69d-477c-98dc-59bbefea49c2@group-AFE12DF18333-FollowerState
2022-06-16 16:18:32,523 [e2d98f8b-d69d-477c-98dc-59bbefea49c2@group-AFE12DF18333-FollowerState] INFO  server.RaftServer$Division (RaftServerImpl.java:setRole(299)) - e2d98f8b-d69d-477c-98dc-59bbefea49c2@group-AFE12DF18333: changes role from  FOLLOWER to CANDIDATE at term 3 for changeToCandidate
2022-06-16 16:18:32,523 [e2d98f8b-d69d-477c-98dc-59bbefea49c2@group-AFE12DF18333-FollowerState] INFO  server.RaftServerConfigKeys (ConfUtils.java:logGet(46)) - raft.server.leaderelection.pre-vote = false (custom)
2022-06-16 16:18:32,523 [e2d98f8b-d69d-477c-98dc-59bbefea49c2@group-AFE12DF18333-FollowerState] INFO  impl.RoleInfo (RoleInfo.java:updateAndGet(139)) - e2d98f8b-d69d-477c-98dc-59bbefea49c2: start e2d98f8b-d69d-477c-98dc-59bbefea49c2@group-AFE12DF18333-LeaderElection12
2022-06-16 16:18:32,533 [283ec67f-837e-4418-8153-936cf3dda048@group-AFE12DF18333-FollowerState] INFO  impl.FollowerState (FollowerState.java:run(143)) - 283ec67f-837e-4418-8153-936cf3dda048@group-AFE12DF18333-FollowerState: change to CANDIDATE, lastRpcElapsedTime:5050966196ns, electionTimeout:5045ms
2022-06-16 16:18:32,533 [283ec67f-837e-4418-8153-936cf3dda048@group-AFE12DF18333-FollowerState] INFO  impl.RoleInfo (RoleInfo.java:shutdownFollowerState(110)) - 283ec67f-837e-4418-8153-936cf3dda048: shutdown 283ec67f-837e-4418-8153-936cf3dda048@group-AFE12DF18333-FollowerState
2022-06-16 16:18:32,533 [283ec67f-837e-4418-8153-936cf3dda048@group-AFE12DF18333-FollowerState] INFO  server.RaftServer$Division (RaftServerImpl.java:setRole(299)) - 283ec67f-837e-4418-8153-936cf3dda048@group-AFE12DF18333: changes role from  FOLLOWER to CANDIDATE at term 3 for changeToCandidate
2022-06-16 16:18:32,533 [283ec67f-837e-4418-8153-936cf3dda048@group-AFE12DF18333-FollowerState] INFO  server.RaftServerConfigKeys (ConfUtils.java:logGet(46)) - raft.server.leaderelection.pre-vote = false (custom)
2022-06-16 16:18:32,533 [283ec67f-837e-4418-8153-936cf3dda048@group-AFE12DF18333-FollowerState] INFO  impl.RoleInfo (RoleInfo.java:updateAndGet(139)) - 283ec67f-837e-4418-8153-936cf3dda048: start 283ec67f-837e-4418-8153-936cf3dda048@group-AFE12DF18333-LeaderElection13
2022-06-16 16:18:32,537 [e2d98f8b-d69d-477c-98dc-59bbefea49c2@group-AFE12DF18333-LeaderElection12] INFO  impl.LeaderElection (LeaderElection.java:askForVotes(310)) - e2d98f8b-d69d-477c-98dc-59bbefea49c2@group-AFE12DF18333-LeaderElection12 ELECTION round 0: submit vote requests at term 4 for -1: [7e231c89-b42f-4528-a87d-3801d80fe42a|rpc:10.1.0.16:41481|priority:1, e2d98f8b-d69d-477c-98dc-59bbefea49c2|rpc:10.1.0.16:34489|priority:0, 283ec67f-837e-4418-8153-936cf3dda048|rpc:10.1.0.16:35425|priority:0], old=null
2022-06-16 16:18:32,548 [283ec67f-837e-4418-8153-936cf3dda048@group-AFE12DF18333-LeaderElection13] INFO  impl.LeaderElection (LeaderElection.java:askForVotes(310)) - 283ec67f-837e-4418-8153-936cf3dda048@group-AFE12DF18333-LeaderElection13 ELECTION round 0: submit vote requests at term 4 for -1: [7e231c89-b42f-4528-a87d-3801d80fe42a|rpc:10.1.0.16:41481|priority:1, e2d98f8b-d69d-477c-98dc-59bbefea49c2|rpc:10.1.0.16:34489|priority:0, 283ec67f-837e-4418-8153-936cf3dda048|rpc:10.1.0.16:35425|priority:0], old=null
2022-06-16 16:18:32,567 [grpc-default-executor-0] INFO  server.RaftServer$Division (RaftServerImpl.java:requestVote(1152)) - 7e231c89-b42f-4528-a87d-3801d80fe42a@group-AFE12DF18333: receive requestVote(ELECTION, e2d98f8b-d69d-477c-98dc-59bbefea49c2, group-AFE12DF18333, 4, (t:0, i:0))
2022-06-16 16:18:32,567 [grpc-default-executor-3] INFO  server.RaftServer$Division (RaftServerImpl.java:requestVote(1152)) - 283ec67f-837e-4418-8153-936cf3dda048@group-AFE12DF18333: receive requestVote(ELECTION, e2d98f8b-d69d-477c-98dc-59bbefea49c2, group-AFE12DF18333, 4, (t:0, i:0))
2022-06-16 16:18:32,567 [grpc-default-executor-3] INFO  impl.VoteContext (VoteContext.java:log(48)) - 283ec67f-837e-4418-8153-936cf3dda048@group-AFE12DF18333-CANDIDATE: reject ELECTION from e2d98f8b-d69d-477c-98dc-59bbefea49c2: already has voted for 283ec67f-837e-4418-8153-936cf3dda048 at current term 4
2022-06-16 16:18:32,567 [grpc-default-executor-3] INFO  server.RaftServer$Division (RaftServerImpl.java:requestVote(1184)) - 283ec67f-837e-4418-8153-936cf3dda048@group-AFE12DF18333 replies to ELECTION vote request: e2d98f8b-d69d-477c-98dc-59bbefea49c2<-283ec67f-837e-4418-8153-936cf3dda048#0:FAIL-t4. Peer's state: 283ec67f-837e-4418-8153-936cf3dda048@group-AFE12DF18333:t4, leader=null, voted=283ec67f-837e-4418-8153-936cf3dda048, raftlog=283ec67f-837e-4418-8153-936cf3dda048@group-AFE12DF18333-SegmentedRaftLog:OPENED:c-1, conf=-1: [7e231c89-b42f-4528-a87d-3801d80fe42a|rpc:10.1.0.16:41481|priority:1, e2d98f8b-d69d-477c-98dc-59bbefea49c2|rpc:10.1.0.16:34489|priority:0, 283ec67f-837e-4418-8153-936cf3dda048|rpc:10.1.0.16:35425|priority:0], old=null
2022-06-16 16:18:32,567 [grpc-default-executor-0] INFO  impl.VoteContext (VoteContext.java:log(48)) - 7e231c89-b42f-4528-a87d-3801d80fe42a@group-AFE12DF18333-FOLLOWER: reject ELECTION from e2d98f8b-d69d-477c-98dc-59bbefea49c2: our priority 1 > candidate's priority 0
2022-06-16 16:18:32,571 [grpc-default-executor-0] INFO  server.RaftServer$Division (RaftServerImpl.java:setRole(299)) - 7e231c89-b42f-4528-a87d-3801d80fe42a@group-AFE12DF18333: changes role from  FOLLOWER to FOLLOWER at term 4 for candidate:e2d98f8b-d69d-477c-98dc-59bbefea49c2
2022-06-16 16:18:32,571 [grpc-default-executor-0] INFO  impl.RoleInfo (RoleInfo.java:shutdownFollowerState(110)) - 7e231c89-b42f-4528-a87d-3801d80fe42a: shutdown 7e231c89-b42f-4528-a87d-3801d80fe42a@group-AFE12DF18333-FollowerState
2022-06-16 16:18:32,571 [grpc-default-executor-0] INFO  impl.RoleInfo (RoleInfo.java:updateAndGet(139)) - 7e231c89-b42f-4528-a87d-3801d80fe42a: start 7e231c89-b42f-4528-a87d-3801d80fe42a@group-AFE12DF18333-FollowerState
2022-06-16 16:18:32,571 [7e231c89-b42f-4528-a87d-3801d80fe42a@group-AFE12DF18333-FollowerState] INFO  impl.FollowerState (FollowerState.java:run(152)) - 7e231c89-b42f-4528-a87d-3801d80fe42a@group-AFE12DF18333-FollowerState was interrupted
2022-06-16 16:18:32,576 [grpc-default-executor-0] INFO  server.RaftServer$Division (RaftServerImpl.java:requestVote(1184)) - 7e231c89-b42f-4528-a87d-3801d80fe42a@group-AFE12DF18333 replies to ELECTION vote request: e2d98f8b-d69d-477c-98dc-59bbefea49c2<-7e231c89-b42f-4528-a87d-3801d80fe42a#0:FAIL-t4. Peer's state: 7e231c89-b42f-4528-a87d-3801d80fe42a@group-AFE12DF18333:t4, leader=null, voted=null, raftlog=7e231c89-b42f-4528-a87d-3801d80fe42a@group-AFE12DF18333-SegmentedRaftLog:OPENED:c-1, conf=-1: [7e231c89-b42f-4528-a87d-3801d80fe42a|rpc:10.1.0.16:41481|dataStream:|priority:1, e2d98f8b-d69d-477c-98dc-59bbefea49c2|rpc:10.1.0.16:34489|dataStream:|priority:0, 283ec67f-837e-4418-8153-936cf3dda048|rpc:10.1.0.16:35425|dataStream:|priority:0], old=null
2022-06-16 16:18:32,577 [grpc-default-executor-2] INFO  server.RaftServer$Division (RaftServerImpl.java:requestVote(1152)) - 7e231c89-b42f-4528-a87d-3801d80fe42a@group-AFE12DF18333: receive requestVote(ELECTION, 283ec67f-837e-4418-8153-936cf3dda048, group-AFE12DF18333, 4, (t:0, i:0))
2022-06-16 16:18:32,577 [e2d98f8b-d69d-477c-98dc-59bbefea49c2@group-AFE12DF18333-LeaderElection12] INFO  impl.LeaderElection (LeaderElection.java:logAndReturn(90)) - e2d98f8b-d69d-477c-98dc-59bbefea49c2@group-AFE12DF18333-LeaderElection12: ELECTION REJECTED received 2 response(s) and 0 exception(s):
2022-06-16 16:18:32,577 [e2d98f8b-d69d-477c-98dc-59bbefea49c2@group-AFE12DF18333-LeaderElection12] INFO  impl.LeaderElection (LeaderElection.java:logAndReturn(94)) -   Response 0: e2d98f8b-d69d-477c-98dc-59bbefea49c2<-7e231c89-b42f-4528-a87d-3801d80fe42a#0:FAIL-t4
2022-06-16 16:18:32,577 [e2d98f8b-d69d-477c-98dc-59bbefea49c2@group-AFE12DF18333-LeaderElection12] INFO  impl.LeaderElection (LeaderElection.java:logAndReturn(94)) -   Response 1: e2d98f8b-d69d-477c-98dc-59bbefea49c2<-283ec67f-837e-4418-8153-936cf3dda048#0:FAIL-t4
2022-06-16 16:18:32,578 [e2d98f8b-d69d-477c-98dc-59bbefea49c2@group-AFE12DF18333-LeaderElection12] INFO  impl.LeaderElection (LeaderElection.java:askForVotes(312)) - e2d98f8b-d69d-477c-98dc-59bbefea49c2@group-AFE12DF18333-LeaderElection12 ELECTION round 0: result REJECTED
2022-06-16 16:18:32,578 [e2d98f8b-d69d-477c-98dc-59bbefea49c2@group-AFE12DF18333-LeaderElection12] INFO  server.RaftServer$Division (RaftServerImpl.java:setRole(299)) - e2d98f8b-d69d-477c-98dc-59bbefea49c2@group-AFE12DF18333: changes role from CANDIDATE to FOLLOWER at term 4 for REJECTED
2022-06-16 16:18:32,578 [e2d98f8b-d69d-477c-98dc-59bbefea49c2@group-AFE12DF18333-LeaderElection12] INFO  impl.RoleInfo (RoleInfo.java:shutdownLeaderElection(130)) - e2d98f8b-d69d-477c-98dc-59bbefea49c2: shutdown e2d98f8b-d69d-477c-98dc-59bbefea49c2@group-AFE12DF18333-LeaderElection12
2022-06-16 16:18:32,578 [e2d98f8b-d69d-477c-98dc-59bbefea49c2@group-AFE12DF18333-LeaderElection12] INFO  impl.RoleInfo (RoleInfo.java:updateAndGet(139)) - e2d98f8b-d69d-477c-98dc-59bbefea49c2: start e2d98f8b-d69d-477c-98dc-59bbefea49c2@group-AFE12DF18333-FollowerState
2022-06-16 16:18:32,585 [grpc-default-executor-2] INFO  impl.VoteContext (VoteContext.java:log(48)) - 7e231c89-b42f-4528-a87d-3801d80fe42a@group-AFE12DF18333-FOLLOWER: reject ELECTION from 283ec67f-837e-4418-8153-936cf3dda048: our priority 1 > candidate's priority 0
2022-06-16 16:18:32,585 [grpc-default-executor-1] INFO  server.RaftServer$Division (RaftServerImpl.java:requestVote(1152)) - e2d98f8b-d69d-477c-98dc-59bbefea49c2@group-AFE12DF18333: receive requestVote(ELECTION, 283ec67f-837e-4418-8153-936cf3dda048, group-AFE12DF18333, 4, (t:0, i:0))
2022-06-16 16:18:32,585 [grpc-default-executor-1] INFO  impl.VoteContext (VoteContext.java:log(48)) - e2d98f8b-d69d-477c-98dc-59bbefea49c2@group-AFE12DF18333-FOLLOWER: reject ELECTION from 283ec67f-837e-4418-8153-936cf3dda048: already has voted for e2d98f8b-d69d-477c-98dc-59bbefea49c2 at current term 4
2022-06-16 16:18:32,585 [grpc-default-executor-1] INFO  server.RaftServer$Division (RaftServerImpl.java:requestVote(1184)) - e2d98f8b-d69d-477c-98dc-59bbefea49c2@group-AFE12DF18333 replies to ELECTION vote request: 283ec67f-837e-4418-8153-936cf3dda048<-e2d98f8b-d69d-477c-98dc-59bbefea49c2#0:FAIL-t4. Peer's state: e2d98f8b-d69d-477c-98dc-59bbefea49c2@group-AFE12DF18333:t4, leader=null, voted=e2d98f8b-d69d-477c-98dc-59bbefea49c2, raftlog=e2d98f8b-d69d-477c-98dc-59bbefea49c2@group-AFE12DF18333-SegmentedRaftLog:OPENED:c-1, conf=-1: [7e231c89-b42f-4528-a87d-3801d80fe42a|rpc:10.1.0.16:41481|priority:1, e2d98f8b-d69d-477c-98dc-59bbefea49c2|rpc:10.1.0.16:34489|priority:0, 283ec67f-837e-4418-8153-936cf3dda048|rpc:10.1.0.16:35425|priority:0], old=null
2022-06-16 16:18:32,585 [grpc-default-executor-2] INFO  server.RaftServer$Division (RaftServerImpl.java:setRole(299)) - 7e231c89-b42f-4528-a87d-3801d80fe42a@group-AFE12DF18333: changes role from  FOLLOWER to FOLLOWER at term 4 for candidate:283ec67f-837e-4418-8153-936cf3dda048
2022-06-16 16:18:32,586 [grpc-default-executor-2] INFO  impl.RoleInfo (RoleInfo.java:shutdownFollowerState(110)) - 7e231c89-b42f-4528-a87d-3801d80fe42a: shutdown 7e231c89-b42f-4528-a87d-3801d80fe42a@group-AFE12DF18333-FollowerState
2022-06-16 16:18:32,586 [grpc-default-executor-2] INFO  impl.RoleInfo (RoleInfo.java:updateAndGet(139)) - 7e231c89-b42f-4528-a87d-3801d80fe42a: start 7e231c89-b42f-4528-a87d-3801d80fe42a@group-AFE12DF18333-FollowerState
2022-06-16 16:18:32,586 [grpc-default-executor-2] INFO  server.RaftServer$Division (RaftServerImpl.java:requestVote(1184)) - 7e231c89-b42f-4528-a87d-3801d80fe42a@group-AFE12DF18333 replies to ELECTION vote request: 283ec67f-837e-4418-8153-936cf3dda048<-7e231c89-b42f-4528-a87d-3801d80fe42a#0:FAIL-t4. Peer's state: 7e231c89-b42f-4528-a87d-3801d80fe42a@group-AFE12DF18333:t4, leader=null, voted=null, raftlog=7e231c89-b42f-4528-a87d-3801d80fe42a@group-AFE12DF18333-SegmentedRaftLog:OPENED:c-1, conf=-1: [7e231c89-b42f-4528-a87d-3801d80fe42a|rpc:10.1.0.16:41481|dataStream:|priority:1, e2d98f8b-d69d-477c-98dc-59bbefea49c2|rpc:10.1.0.16:34489|dataStream:|priority:0, 283ec67f-837e-4418-8153-936cf3dda048|rpc:10.1.0.16:35425|dataStream:|priority:0], old=null
2022-06-16 16:18:32,588 [283ec67f-837e-4418-8153-936cf3dda048@group-AFE12DF18333-LeaderElection13] INFO  impl.LeaderElection (LeaderElection.java:logAndReturn(90)) - 283ec67f-837e-4418-8153-936cf3dda048@group-AFE12DF18333-LeaderElection13: ELECTION REJECTED received 1 response(s) and 0 exception(s):
2022-06-16 16:18:32,588 [283ec67f-837e-4418-8153-936cf3dda048@group-AFE12DF18333-LeaderElection13] INFO  impl.LeaderElection (LeaderElection.java:logAndReturn(94)) -   Response 0: 283ec67f-837e-4418-8153-936cf3dda048<-7e231c89-b42f-4528-a87d-3801d80fe42a#0:FAIL-t4
2022-06-16 16:18:32,588 [283ec67f-837e-4418-8153-936cf3dda048@group-AFE12DF18333-LeaderElection13] INFO  impl.LeaderElection (LeaderElection.java:askForVotes(312)) - 283ec67f-837e-4418-8153-936cf3dda048@group-AFE12DF18333-LeaderElection13 ELECTION round 0: result REJECTED
2022-06-16 16:18:32,588 [283ec67f-837e-4418-8153-936cf3dda048@group-AFE12DF18333-LeaderElection13] INFO  server.RaftServer$Division (RaftServerImpl.java:setRole(299)) - 283ec67f-837e-4418-8153-936cf3dda048@group-AFE12DF18333: changes role from CANDIDATE to FOLLOWER at term 4 for REJECTED
2022-06-16 16:18:32,588 [283ec67f-837e-4418-8153-936cf3dda048@group-AFE12DF18333-LeaderElection13] INFO  impl.RoleInfo (RoleInfo.java:shutdownLeaderElection(130)) - 283ec67f-837e-4418-8153-936cf3dda048: shutdown 283ec67f-837e-4418-8153-936cf3dda048@group-AFE12DF18333-LeaderElection13
2022-06-16 16:18:32,588 [283ec67f-837e-4418-8153-936cf3dda048@group-AFE12DF18333-LeaderElection13] INFO  impl.RoleInfo (RoleInfo.java:updateAndGet(139)) - 283ec67f-837e-4418-8153-936cf3dda048: start 283ec67f-837e-4418-8153-936cf3dda048@group-AFE12DF18333-FollowerState
2022-06-16 16:18:32,589 [7e231c89-b42f-4528-a87d-3801d80fe42a@group-AFE12DF18333-FollowerState] INFO  impl.FollowerState (FollowerState.java:run(152)) - 7e231c89-b42f-4528-a87d-3801d80fe42a@group-AFE12DF18333-FollowerState was interrupted
2022-06-16 16:18:37,678 [7e231c89-b42f-4528-a87d-3801d80fe42a@group-AFE12DF18333-FollowerState] INFO  impl.FollowerState (FollowerState.java:run(143)) - 7e231c89-b42f-4528-a87d-3801d80fe42a@group-AFE12DF18333-FollowerState: change to CANDIDATE, lastRpcElapsedTime:5092492409ns, electionTimeout:5084ms
2022-06-16 16:18:37,678 [7e231c89-b42f-4528-a87d-3801d80fe42a@group-AFE12DF18333-FollowerState] INFO  impl.RoleInfo (RoleInfo.java:shutdownFollowerState(110)) - 7e231c89-b42f-4528-a87d-3801d80fe42a: shutdown 7e231c89-b42f-4528-a87d-3801d80fe42a@group-AFE12DF18333-FollowerState
2022-06-16 16:18:37,678 [7e231c89-b42f-4528-a87d-3801d80fe42a@group-AFE12DF18333-FollowerState] INFO  server.RaftServer$Division (RaftServerImpl.java:setRole(299)) - 7e231c89-b42f-4528-a87d-3801d80fe42a@group-AFE12DF18333: changes role from  FOLLOWER to CANDIDATE at term 4 for changeToCandidate
2022-06-16 16:18:37,679 [7e231c89-b42f-4528-a87d-3801d80fe42a@group-AFE12DF18333-FollowerState] INFO  server.RaftServerConfigKeys (ConfUtils.java:logGet(46)) - raft.server.leaderelection.pre-vote = false (custom)
2022-06-16 16:18:37,679 [7e231c89-b42f-4528-a87d-3801d80fe42a@group-AFE12DF18333-FollowerState] INFO  impl.RoleInfo (RoleInfo.java:updateAndGet(139)) - 7e231c89-b42f-4528-a87d-3801d80fe42a: start 7e231c89-b42f-4528-a87d-3801d80fe42a@group-AFE12DF18333-LeaderElection14
2022-06-16 16:18:37,688 [7e231c89-b42f-4528-a87d-3801d80fe42a@group-AFE12DF18333-LeaderElection14] INFO  impl.LeaderElection (LeaderElection.java:askForVotes(310)) - 7e231c89-b42f-4528-a87d-3801d80fe42a@group-AFE12DF18333-LeaderElection14 ELECTION round 0: submit vote requests at term 5 for -1: [7e231c89-b42f-4528-a87d-3801d80fe42a|rpc:10.1.0.16:41481|dataStream:|priority:1, e2d98f8b-d69d-477c-98dc-59bbefea49c2|rpc:10.1.0.16:34489|dataStream:|priority:0, 283ec67f-837e-4418-8153-936cf3dda048|rpc:10.1.0.16:35425|dataStream:|priority:0], old=null
2022-06-16 16:18:37,699 [283ec67f-837e-4418-8153-936cf3dda048@group-AFE12DF18333-FollowerState] INFO  impl.FollowerState (FollowerState.java:run(143)) - 283ec67f-837e-4418-8153-936cf3dda048@group-AFE12DF18333-FollowerState: change to CANDIDATE, lastRpcElapsedTime:5110313432ns, electionTimeout:5100ms
2022-06-16 16:18:37,699 [283ec67f-837e-4418-8153-936cf3dda048@group-AFE12DF18333-FollowerState] INFO  impl.RoleInfo (RoleInfo.java:shutdownFollowerState(110)) - 283ec67f-837e-4418-8153-936cf3dda048: shutdown 283ec67f-837e-4418-8153-936cf3dda048@group-AFE12DF18333-FollowerState
2022-06-16 16:18:37,699 [283ec67f-837e-4418-8153-936cf3dda048@group-AFE12DF18333-FollowerState] INFO  server.RaftServer$Division (RaftServerImpl.java:setRole(299)) - 283ec67f-837e-4418-8153-936cf3dda048@group-AFE12DF18333: changes role from  FOLLOWER to CANDIDATE at term 4 for changeToCandidate
2022-06-16 16:18:37,699 [283ec67f-837e-4418-8153-936cf3dda048@group-AFE12DF18333-FollowerState] INFO  server.RaftServerConfigKeys (ConfUtils.java:logGet(46)) - raft.server.leaderelection.pre-vote = false (custom)
2022-06-16 16:18:37,699 [283ec67f-837e-4418-8153-936cf3dda048@group-AFE12DF18333-FollowerState] INFO  impl.RoleInfo (RoleInfo.java:updateAndGet(139)) - 283ec67f-837e-4418-8153-936cf3dda048: start 283ec67f-837e-4418-8153-936cf3dda048@group-AFE12DF18333-LeaderElection15
2022-06-16 16:18:37,714 [grpc-default-executor-2] INFO  server.RaftServer$Division (RaftServerImpl.java:requestVote(1152)) - e2d98f8b-d69d-477c-98dc-59bbefea49c2@group-AFE12DF18333: receive requestVote(ELECTION, 7e231c89-b42f-4528-a87d-3801d80fe42a, group-AFE12DF18333, 5, (t:0, i:0))
2022-06-16 16:18:37,714 [grpc-default-executor-2] INFO  impl.VoteContext (VoteContext.java:log(48)) - e2d98f8b-d69d-477c-98dc-59bbefea49c2@group-AFE12DF18333-FOLLOWER: accept ELECTION from 7e231c89-b42f-4528-a87d-3801d80fe42a: our priority 0 <= candidate's priority 1
2022-06-16 16:18:37,714 [grpc-default-executor-2] INFO  server.RaftServer$Division (RaftServerImpl.java:setRole(299)) - e2d98f8b-d69d-477c-98dc-59bbefea49c2@group-AFE12DF18333: changes role from  FOLLOWER to FOLLOWER at term 5 for candidate:7e231c89-b42f-4528-a87d-3801d80fe42a
2022-06-16 16:18:37,714 [grpc-default-executor-2] INFO  impl.RoleInfo (RoleInfo.java:shutdownFollowerState(110)) - e2d98f8b-d69d-477c-98dc-59bbefea49c2: shutdown e2d98f8b-d69d-477c-98dc-59bbefea49c2@group-AFE12DF18333-FollowerState
2022-06-16 16:18:37,714 [grpc-default-executor-2] INFO  impl.RoleInfo (RoleInfo.java:updateAndGet(139)) - e2d98f8b-d69d-477c-98dc-59bbefea49c2: start e2d98f8b-d69d-477c-98dc-59bbefea49c2@group-AFE12DF18333-FollowerState
2022-06-16 16:18:37,714 [e2d98f8b-d69d-477c-98dc-59bbefea49c2@group-AFE12DF18333-FollowerState] INFO  impl.FollowerState (FollowerState.java:run(152)) - e2d98f8b-d69d-477c-98dc-59bbefea49c2@group-AFE12DF18333-FollowerState was interrupted
2022-06-16 16:18:37,715 [283ec67f-837e-4418-8153-936cf3dda048@group-AFE12DF18333-LeaderElection15] INFO  impl.LeaderElection (LeaderElection.java:askForVotes(310)) - 283ec67f-837e-4418-8153-936cf3dda048@group-AFE12DF18333-LeaderElection15 ELECTION round 0: submit vote requests at term 5 for -1: [7e231c89-b42f-4528-a87d-3801d80fe42a|rpc:10.1.0.16:41481|priority:1, e2d98f8b-d69d-477c-98dc-59bbefea49c2|rpc:10.1.0.16:34489|priority:0, 283ec67f-837e-4418-8153-936cf3dda048|rpc:10.1.0.16:35425|priority:0], old=null
2022-06-16 16:18:37,724 [grpc-default-executor-1] INFO  server.RaftServer$Division (RaftServerImpl.java:requestVote(1152)) - 283ec67f-837e-4418-8153-936cf3dda048@group-AFE12DF18333: receive requestVote(ELECTION, 7e231c89-b42f-4528-a87d-3801d80fe42a, group-AFE12DF18333, 5, (t:0, i:0))
2022-06-16 16:18:37,725 [grpc-default-executor-1] INFO  impl.VoteContext (VoteContext.java:log(48)) - 283ec67f-837e-4418-8153-936cf3dda048@group-AFE12DF18333-CANDIDATE: reject ELECTION from 7e231c89-b42f-4528-a87d-3801d80fe42a: already has voted for 283ec67f-837e-4418-8153-936cf3dda048 at current term 5
2022-06-16 16:18:37,725 [grpc-default-executor-1] INFO  server.RaftServer$Division (RaftServerImpl.java:requestVote(1184)) - 283ec67f-837e-4418-8153-936cf3dda048@group-AFE12DF18333 replies to ELECTION vote request: 7e231c89-b42f-4528-a87d-3801d80fe42a<-283ec67f-837e-4418-8153-936cf3dda048#0:FAIL-t5. Peer's state: 283ec67f-837e-4418-8153-936cf3dda048@group-AFE12DF18333:t5, leader=null, voted=283ec67f-837e-4418-8153-936cf3dda048, raftlog=283ec67f-837e-4418-8153-936cf3dda048@group-AFE12DF18333-SegmentedRaftLog:OPENED:c-1, conf=-1: [7e231c89-b42f-4528-a87d-3801d80fe42a|rpc:10.1.0.16:41481|priority:1, e2d98f8b-d69d-477c-98dc-59bbefea49c2|rpc:10.1.0.16:34489|priority:0, 283ec67f-837e-4418-8153-936cf3dda048|rpc:10.1.0.16:35425|priority:0], old=null
2022-06-16 16:18:37,725 [grpc-default-executor-2] INFO  server.RaftServer$Division (RaftServerImpl.java:requestVote(1184)) - e2d98f8b-d69d-477c-98dc-59bbefea49c2@group-AFE12DF18333 replies to ELECTION vote request: 7e231c89-b42f-4528-a87d-3801d80fe42a<-e2d98f8b-d69d-477c-98dc-59bbefea49c2#0:OK-t5. Peer's state: e2d98f8b-d69d-477c-98dc-59bbefea49c2@group-AFE12DF18333:t5, leader=null, voted=7e231c89-b42f-4528-a87d-3801d80fe42a, raftlog=e2d98f8b-d69d-477c-98dc-59bbefea49c2@group-AFE12DF18333-SegmentedRaftLog:OPENED:c-1, conf=-1: [7e231c89-b42f-4528-a87d-3801d80fe42a|rpc:10.1.0.16:41481|priority:1, e2d98f8b-d69d-477c-98dc-59bbefea49c2|rpc:10.1.0.16:34489|priority:0, 283ec67f-837e-4418-8153-936cf3dda048|rpc:10.1.0.16:35425|priority:0], old=null
2022-06-16 16:18:37,729 [grpc-default-executor-0] INFO  server.RaftServer$Division (RaftServerImpl.java:requestVote(1152)) - 7e231c89-b42f-4528-a87d-3801d80fe42a@group-AFE12DF18333: receive requestVote(ELECTION, 283ec67f-837e-4418-8153-936cf3dda048, group-AFE12DF18333, 5, (t:0, i:0))
2022-06-16 16:18:37,729 [grpc-default-executor-0] INFO  impl.VoteContext (VoteContext.java:log(48)) - 7e231c89-b42f-4528-a87d-3801d80fe42a@group-AFE12DF18333-CANDIDATE: reject ELECTION from 283ec67f-837e-4418-8153-936cf3dda048: already has voted for 7e231c89-b42f-4528-a87d-3801d80fe42a at current term 5
2022-06-16 16:18:37,729 [grpc-default-executor-0] INFO  server.RaftServer$Division (RaftServerImpl.java:requestVote(1184)) - 7e231c89-b42f-4528-a87d-3801d80fe42a@group-AFE12DF18333 replies to ELECTION vote request: 283ec67f-837e-4418-8153-936cf3dda048<-7e231c89-b42f-4528-a87d-3801d80fe42a#0:FAIL-t5. Peer's state: 7e231c89-b42f-4528-a87d-3801d80fe42a@group-AFE12DF18333:t5, leader=null, voted=7e231c89-b42f-4528-a87d-3801d80fe42a, raftlog=7e231c89-b42f-4528-a87d-3801d80fe42a@group-AFE12DF18333-SegmentedRaftLog:OPENED:c-1, conf=-1: [7e231c89-b42f-4528-a87d-3801d80fe42a|rpc:10.1.0.16:41481|dataStream:|priority:1, e2d98f8b-d69d-477c-98dc-59bbefea49c2|rpc:10.1.0.16:34489|dataStream:|priority:0, 283ec67f-837e-4418-8153-936cf3dda048|rpc:10.1.0.16:35425|dataStream:|priority:0], old=null
2022-06-16 16:18:37,731 [7e231c89-b42f-4528-a87d-3801d80fe42a@group-AFE12DF18333-LeaderElection14] INFO  impl.LeaderElection (LeaderElection.java:logAndReturn(90)) - 7e231c89-b42f-4528-a87d-3801d80fe42a@group-AFE12DF18333-LeaderElection14: ELECTION PASSED received 1 response(s) and 0 exception(s):
2022-06-16 16:18:37,731 [7e231c89-b42f-4528-a87d-3801d80fe42a@group-AFE12DF18333-LeaderElection14] INFO  impl.LeaderElection (LeaderElection.java:logAndReturn(94)) -   Response 0: 7e231c89-b42f-4528-a87d-3801d80fe42a<-e2d98f8b-d69d-477c-98dc-59bbefea49c2#0:OK-t5
2022-06-16 16:18:37,731 [7e231c89-b42f-4528-a87d-3801d80fe42a@group-AFE12DF18333-LeaderElection14] INFO  impl.LeaderElection (LeaderElection.java:askForVotes(312)) - 7e231c89-b42f-4528-a87d-3801d80fe42a@group-AFE12DF18333-LeaderElection14 ELECTION round 0: result PASSED
2022-06-16 16:18:37,731 [7e231c89-b42f-4528-a87d-3801d80fe42a@group-AFE12DF18333-LeaderElection14] INFO  impl.RoleInfo (RoleInfo.java:shutdownLeaderElection(130)) - 7e231c89-b42f-4528-a87d-3801d80fe42a: shutdown 7e231c89-b42f-4528-a87d-3801d80fe42a@group-AFE12DF18333-LeaderElection14
2022-06-16 16:18:37,731 [7e231c89-b42f-4528-a87d-3801d80fe42a@group-AFE12DF18333-LeaderElection14] INFO  server.RaftServer$Division (RaftServerImpl.java:setRole(299)) - 7e231c89-b42f-4528-a87d-3801d80fe42a@group-AFE12DF18333: changes role from CANDIDATE to LEADER at term 5 for changeToLeader
2022-06-16 16:18:37,731 [7e231c89-b42f-4528-a87d-3801d80fe42a@group-AFE12DF18333-LeaderElection14] INFO  ratis.XceiverServerRatis (XceiverServerRatis.java:handleLeaderChangedNotification(863)) - Leader change notification received for group: group-AFE12DF18333 with new leaderId: 7e231c89-b42f-4528-a87d-3801d80fe42a
2022-06-16 16:18:37,731 [7e231c89-b42f-4528-a87d-3801d80fe42a@group-AFE12DF18333-LeaderElection14] INFO  server.RaftServer$Division (ServerState.java:setLeader(287)) - 7e231c89-b42f-4528-a87d-3801d80fe42a@group-AFE12DF18333: change Leader from null to 7e231c89-b42f-4528-a87d-3801d80fe42a at term 5 for becomeLeader, leader elected after 25035ms
2022-06-16 16:18:37,731 [7e231c89-b42f-4528-a87d-3801d80fe42a@group-AFE12DF18333-LeaderElection14] INFO  server.RaftServerConfigKeys (ConfUtils.java:logGet(46)) - raft.server.staging.catchup.gap = 1000 (default)
2022-06-16 16:18:37,731 [7e231c89-b42f-4528-a87d-3801d80fe42a@group-AFE12DF18333-LeaderElection14] INFO  server.RaftServerConfigKeys (ConfUtils.java:logGet(46)) - raft.server.write.element-limit = 1024 (custom)
2022-06-16 16:18:37,732 [7e231c89-b42f-4528-a87d-3801d80fe42a@group-AFE12DF18333-LeaderElection14] INFO  server.RaftServerConfigKeys (ConfUtils.java:logGet(46)) - raft.server.write.byte-limit = 1024 M (=1073741824) (custom)
2022-06-16 16:18:37,732 [grpc-default-executor-2] INFO  server.RaftServer$Division (RaftServerImpl.java:requestVote(1152)) - e2d98f8b-d69d-477c-98dc-59bbefea49c2@group-AFE12DF18333: receive requestVote(ELECTION, 283ec67f-837e-4418-8153-936cf3dda048, group-AFE12DF18333, 5, (t:0, i:0))
2022-06-16 16:18:37,732 [grpc-default-executor-2] INFO  impl.VoteContext (VoteContext.java:log(48)) - e2d98f8b-d69d-477c-98dc-59bbefea49c2@group-AFE12DF18333-FOLLOWER: reject ELECTION from 283ec67f-837e-4418-8153-936cf3dda048: already has voted for 7e231c89-b42f-4528-a87d-3801d80fe42a at current term 5
2022-06-16 16:18:37,732 [grpc-default-executor-2] INFO  server.RaftServer$Division (RaftServerImpl.java:requestVote(1184)) - e2d98f8b-d69d-477c-98dc-59bbefea49c2@group-AFE12DF18333 replies to ELECTION vote request: 283ec67f-837e-4418-8153-936cf3dda048<-e2d98f8b-d69d-477c-98dc-59bbefea49c2#0:FAIL-t5. Peer's state: e2d98f8b-d69d-477c-98dc-59bbefea49c2@group-AFE12DF18333:t5, leader=null, voted=7e231c89-b42f-4528-a87d-3801d80fe42a, raftlog=e2d98f8b-d69d-477c-98dc-59bbefea49c2@group-AFE12DF18333-SegmentedRaftLog:OPENED:c-1, conf=-1: [7e231c89-b42f-4528-a87d-3801d80fe42a|rpc:10.1.0.16:41481|priority:1, e2d98f8b-d69d-477c-98dc-59bbefea49c2|rpc:10.1.0.16:34489|priority:0, 283ec67f-837e-4418-8153-936cf3dda048|rpc:10.1.0.16:35425|priority:0], old=null
2022-06-16 16:18:37,732 [7e231c89-b42f-4528-a87d-3801d80fe42a@group-AFE12DF18333-LeaderElection14] INFO  server.RaftServerConfigKeys (ConfUtils.java:logGet(46)) - raft.server.watch.timeout = 180s (custom)
2022-06-16 16:18:37,732 [7e231c89-b42f-4528-a87d-3801d80fe42a@group-AFE12DF18333-LeaderElection14] INFO  server.RaftServerConfigKeys (ConfUtils.java:logGet(46)) - raft.server.watch.timeout.denomination = 1s (default)
2022-06-16 16:18:37,732 [7e231c89-b42f-4528-a87d-3801d80fe42a@group-AFE12DF18333-LeaderElection14] INFO  server.RaftServerConfigKeys (ConfUtils.java:logGet(46)) - raft.server.watch.element-limit = 65536 (default)
2022-06-16 16:18:37,733 [7e231c89-b42f-4528-a87d-3801d80fe42a@group-AFE12DF18333-LeaderElection14] INFO  server.RaftServerConfigKeys (ConfUtils.java:logGet(46)) - raft.server.write.element-limit = 1024 (custom)
2022-06-16 16:18:37,733 [7e231c89-b42f-4528-a87d-3801d80fe42a@group-AFE12DF18333-LeaderElection14] INFO  server.RaftServerConfigKeys (ConfUtils.java:logGet(46)) - raft.server.write.follower.gap.ratio.max = -1.0 (default)
2022-06-16 16:18:37,733 [7e231c89-b42f-4528-a87d-3801d80fe42a@group-AFE12DF18333-LeaderElection14] INFO  server.RaftServerConfigKeys (ConfUtils.java:logGet(46)) - raft.server.log.appender.snapshot.chunk.size.max = 16MB (=16777216) (default)
2022-06-16 16:18:37,733 [7e231c89-b42f-4528-a87d-3801d80fe42a@group-AFE12DF18333-LeaderElection14] INFO  server.RaftServerConfigKeys (ConfUtils.java:logGet(46)) - raft.server.log.appender.buffer.byte-limit = 33554432 (custom)
2022-06-16 16:18:37,733 [283ec67f-837e-4418-8153-936cf3dda048@group-AFE12DF18333-LeaderElection15] INFO  impl.LeaderElection (LeaderElection.java:logAndReturn(90)) - 283ec67f-837e-4418-8153-936cf3dda048@group-AFE12DF18333-LeaderElection15: ELECTION REJECTED received 1 response(s) and 0 exception(s):
2022-06-16 16:18:37,733 [283ec67f-837e-4418-8153-936cf3dda048@group-AFE12DF18333-LeaderElection15] INFO  impl.LeaderElection (LeaderElection.java:logAndReturn(94)) -   Response 0: 283ec67f-837e-4418-8153-936cf3dda048<-7e231c89-b42f-4528-a87d-3801d80fe42a#0:FAIL-t5
2022-06-16 16:18:37,733 [283ec67f-837e-4418-8153-936cf3dda048@group-AFE12DF18333-LeaderElection15] INFO  impl.LeaderElection (LeaderElection.java:askForVotes(312)) - 283ec67f-837e-4418-8153-936cf3dda048@group-AFE12DF18333-LeaderElection15 ELECTION round 0: result REJECTED
2022-06-16 16:18:37,733 [283ec67f-837e-4418-8153-936cf3dda048@group-AFE12DF18333-LeaderElection15] INFO  server.RaftServer$Division (RaftServerImpl.java:setRole(299)) - 283ec67f-837e-4418-8153-936cf3dda048@group-AFE12DF18333: changes role from CANDIDATE to FOLLOWER at term 5 for REJECTED
2022-06-16 16:18:37,733 [283ec67f-837e-4418-8153-936cf3dda048@group-AFE12DF18333-LeaderElection15] INFO  impl.RoleInfo (RoleInfo.java:shutdownLeaderElection(130)) - 283ec67f-837e-4418-8153-936cf3dda048: shutdown 283ec67f-837e-4418-8153-936cf3dda048@group-AFE12DF18333-LeaderElection15
2022-06-16 16:18:37,733 [283ec67f-837e-4418-8153-936cf3dda048@group-AFE12DF18333-LeaderElection15] INFO  impl.RoleInfo (RoleInfo.java:updateAndGet(139)) - 283ec67f-837e-4418-8153-936cf3dda048: start 283ec67f-837e-4418-8153-936cf3dda048@group-AFE12DF18333-FollowerState
2022-06-16 16:18:37,733 [7e231c89-b42f-4528-a87d-3801d80fe42a@group-AFE12DF18333-LeaderElection14] INFO  server.RaftServerConfigKeys (ConfUtils.java:logGet(46)) - raft.server.log.appender.buffer.element-limit = 1 (custom)
2022-06-16 16:18:37,735 [EventQueue-PipelineReportForPipelineReportHandler] INFO  pipeline.PipelineManagerImpl (PipelineManagerImpl.java:openPipeline(356)) - Pipeline Pipeline[ Id: 193d5ef9-d0dd-4d6c-9e57-afe12df18333, Nodes: 283ec67f-837e-4418-8153-936cf3dda048{ip: 10.1.0.16, host: fv-az37-268.zqe2tmcsx5vuvjs3sdc4q2yfud.gx.internal.cloudapp.net, ports: [REPLICATION=42509, RATIS=35425, RATIS_ADMIN=35425, RATIS_SERVER=35425, STANDALONE=39637], networkLocation: /default-rack, certSerialId: null, persistedOpState: IN_SERVICE, persistedOpStateExpiryEpochSec: 0}e2d98f8b-d69d-477c-98dc-59bbefea49c2{ip: 10.1.0.16, host: fv-az37-268.zqe2tmcsx5vuvjs3sdc4q2yfud.gx.internal.cloudapp.net, ports: [REPLICATION=39447, RATIS=34489, RATIS_ADMIN=34489, RATIS_SERVER=34489, STANDALONE=35461], networkLocation: /default-rack, certSerialId: null, persistedOpState: IN_SERVICE, persistedOpStateExpiryEpochSec: 0}7e231c89-b42f-4528-a87d-3801d80fe42a{ip: 10.1.0.16, host: fv-az37-268.zqe2tmcsx5vuvjs3sdc4q2yfud.gx.internal.cloudapp.net, ports: [REPLICATION=33669, RATIS=41481, RATIS_ADMIN=41481, RATIS_SERVER=41481, STANDALONE=36283], networkLocation: /default-rack, certSerialId: null, persistedOpState: IN_SERVICE, persistedOpStateExpiryEpochSec: 0}, ReplicationConfig: RATIS/THREE, State:ALLOCATED, leaderId:7e231c89-b42f-4528-a87d-3801d80fe42a, CreationTimestamp2022-06-16T16:18:09.853Z[Etc/UTC]] moved to OPEN state
2022-06-16 16:18:37,734 [7e231c89-b42f-4528-a87d-3801d80fe42a@group-AFE12DF18333-LeaderElection14] INFO  grpc.GrpcConfigKeys (ConfUtils.java:logGet(46)) - raft.grpc.server.leader.outstanding.appends.max = 128 (default)
2022-06-16 16:18:37,743 [7e231c89-b42f-4528-a87d-3801d80fe42a@group-AFE12DF18333-LeaderElection14] INFO  server.RaftServerConfigKeys (ConfUtils.java:logGet(46)) - raft.server.rpc.request.timeout = 60s (custom)
2022-06-16 16:18:37,743 [7e231c89-b42f-4528-a87d-3801d80fe42a@group-AFE12DF18333-LeaderElection14] INFO  server.RaftServerConfigKeys (ConfUtils.java:logGet(46)) - raft.server.log.appender.install.snapshot.enabled = false (custom)
2022-06-16 16:18:37,743 [7e231c89-b42f-4528-a87d-3801d80fe42a@group-AFE12DF18333-LeaderElection14] INFO  server.RaftServerConfigKeys (ConfUtils.java:logGet(46)) - raft.server.log.appender.snapshot.chunk.size.max = 16MB (=16777216) (default)
2022-06-16 16:18:37,744 [7e231c89-b42f-4528-a87d-3801d80fe42a@group-AFE12DF18333-LeaderElection14] INFO  server.RaftServerConfigKeys (ConfUtils.java:logGet(46)) - raft.server.log.appender.buffer.byte-limit = 33554432 (custom)
2022-06-16 16:18:37,744 [7e231c89-b42f-4528-a87d-3801d80fe42a@group-AFE12DF18333-LeaderElection14] INFO  server.RaftServerConfigKeys (ConfUtils.java:logGet(46)) - raft.server.log.appender.buffer.element-limit = 1 (custom)
2022-06-16 16:18:37,744 [7e231c89-b42f-4528-a87d-3801d80fe42a@group-AFE12DF18333-LeaderElection14] INFO  grpc.GrpcConfigKeys (ConfUtils.java:logGet(46)) - raft.grpc.server.leader.outstanding.appends.max = 128 (default)
2022-06-16 16:18:37,744 [7e231c89-b42f-4528-a87d-3801d80fe42a@group-AFE12DF18333-LeaderElection14] INFO  server.RaftServerConfigKeys (ConfUtils.java:logGet(46)) - raft.server.rpc.request.timeout = 60s (custom)
2022-06-16 16:18:37,744 [7e231c89-b42f-4528-a87d-3801d80fe42a@group-AFE12DF18333-LeaderElection14] INFO  server.RaftServerConfigKeys (ConfUtils.java:logGet(46)) - raft.server.log.appender.install.snapshot.enabled = false (custom)
2022-06-16 16:18:37,744 [7e231c89-b42f-4528-a87d-3801d80fe42a@group-AFE12DF18333-LeaderElection14] INFO  impl.RoleInfo (RoleInfo.java:updateAndGet(139)) - 7e231c89-b42f-4528-a87d-3801d80fe42a: start 7e231c89-b42f-4528-a87d-3801d80fe42a@group-AFE12DF18333-LeaderStateImpl
2022-06-16 16:18:37,744 [7e231c89-b42f-4528-a87d-3801d80fe42a@group-AFE12DF18333-LeaderElection14] INFO  segmented.SegmentedRaftLogWorker (SegmentedRaftLogWorker.java:startLogSegment(425)) - 7e231c89-b42f-4528-a87d-3801d80fe42a@group-AFE12DF18333-SegmentedRaftLogWorker: Starting segment from index:0
2022-06-16 16:18:37,746 [7e231c89-b42f-4528-a87d-3801d80fe42a@group-AFE12DF18333-SegmentedRaftLogWorker] INFO  segmented.SegmentedRaftLogWorker (SegmentedRaftLogWorker.java:execute(629)) - 7e231c89-b42f-4528-a87d-3801d80fe42a@group-AFE12DF18333-SegmentedRaftLogWorker: created new log segment /home/runner/work/ozone/ozone/hadoop-ozone/integration-test/target/test-dir/MiniOzoneClusterImpl-56990420-bd6f-4635-88fd-a0a02cb22c91/datanode-2/data/ratis/193d5ef9-d0dd-4d6c-9e57-afe12df18333/current/log_inprogress_0
2022-06-16 16:18:37,755 [7e231c89-b42f-4528-a87d-3801d80fe42a@group-AFE12DF18333-LeaderElection14] INFO  server.RaftServer$Division (ServerState.java:setRaftConf(393)) - 7e231c89-b42f-4528-a87d-3801d80fe42a@group-AFE12DF18333: set configuration 0: [7e231c89-b42f-4528-a87d-3801d80fe42a|rpc:10.1.0.16:41481|dataStream:|priority:1, e2d98f8b-d69d-477c-98dc-59bbefea49c2|rpc:10.1.0.16:34489|dataStream:|priority:0, 283ec67f-837e-4418-8153-936cf3dda048|rpc:10.1.0.16:35425|dataStream:|priority:0], old=null
2022-06-16 16:18:37,762 [e2d98f8b-d69d-477c-98dc-59bbefea49c2-server-thread1] INFO  ratis.XceiverServerRatis (XceiverServerRatis.java:handleLeaderChangedNotification(863)) - Leader change notification received for group: group-AFE12DF18333 with new leaderId: 7e231c89-b42f-4528-a87d-3801d80fe42a
2022-06-16 16:18:37,762 [e2d98f8b-d69d-477c-98dc-59bbefea49c2-server-thread1] INFO  server.RaftServer$Division (ServerState.java:setLeader(287)) - e2d98f8b-d69d-477c-98dc-59bbefea49c2@group-AFE12DF18333: change Leader from null to 7e231c89-b42f-4528-a87d-3801d80fe42a at term 5 for appendEntries, leader elected after 25692ms
2022-06-16 16:18:37,764 [283ec67f-837e-4418-8153-936cf3dda048-server-thread1] INFO  ratis.XceiverServerRatis (XceiverServerRatis.java:handleLeaderChangedNotification(863)) - Leader change notification received for group: group-AFE12DF18333 with new leaderId: 7e231c89-b42f-4528-a87d-3801d80fe42a
2022-06-16 16:18:37,764 [283ec67f-837e-4418-8153-936cf3dda048-server-thread1] INFO  server.RaftServer$Division (ServerState.java:setLeader(287)) - 283ec67f-837e-4418-8153-936cf3dda048@group-AFE12DF18333: change Leader from null to 7e231c89-b42f-4528-a87d-3801d80fe42a at term 5 for appendEntries, leader elected after 25202ms
2022-06-16 16:18:37,765 [e2d98f8b-d69d-477c-98dc-59bbefea49c2-server-thread1] INFO  server.RaftServer$Division (ServerState.java:setRaftConf(393)) - e2d98f8b-d69d-477c-98dc-59bbefea49c2@group-AFE12DF18333: set configuration 0: [7e231c89-b42f-4528-a87d-3801d80fe42a|rpc:10.1.0.16:41481|dataStream:|priority:1, e2d98f8b-d69d-477c-98dc-59bbefea49c2|rpc:10.1.0.16:34489|dataStream:|priority:0, 283ec67f-837e-4418-8153-936cf3dda048|rpc:10.1.0.16:35425|dataStream:|priority:0], old=null
2022-06-16 16:18:37,765 [e2d98f8b-d69d-477c-98dc-59bbefea49c2-server-thread1] INFO  segmented.SegmentedRaftLogWorker (SegmentedRaftLogWorker.java:startLogSegment(425)) - e2d98f8b-d69d-477c-98dc-59bbefea49c2@group-AFE12DF18333-SegmentedRaftLogWorker: Starting segment from index:0
2022-06-16 16:18:37,768 [e2d98f8b-d69d-477c-98dc-59bbefea49c2@group-AFE12DF18333-SegmentedRaftLogWorker] INFO  segmented.SegmentedRaftLogWorker (SegmentedRaftLogWorker.java:execute(629)) - e2d98f8b-d69d-477c-98dc-59bbefea49c2@group-AFE12DF18333-SegmentedRaftLogWorker: created new log segment /home/runner/work/ozone/ozone/hadoop-ozone/integration-test/target/test-dir/MiniOzoneClusterImpl-56990420-bd6f-4635-88fd-a0a02cb22c91/datanode-0/data/ratis/193d5ef9-d0dd-4d6c-9e57-afe12df18333/current/log_inprogress_0
2022-06-16 16:18:37,771 [283ec67f-837e-4418-8153-936cf3dda048-server-thread1] INFO  server.RaftServer$Division (ServerState.java:setRaftConf(393)) - 283ec67f-837e-4418-8153-936cf3dda048@group-AFE12DF18333: set configuration 0: [7e231c89-b42f-4528-a87d-3801d80fe42a|rpc:10.1.0.16:41481|dataStream:|priority:1, e2d98f8b-d69d-477c-98dc-59bbefea49c2|rpc:10.1.0.16:34489|dataStream:|priority:0, 283ec67f-837e-4418-8153-936cf3dda048|rpc:10.1.0.16:35425|dataStream:|priority:0], old=null
2022-06-16 16:18:37,771 [283ec67f-837e-4418-8153-936cf3dda048-server-thread1] INFO  segmented.SegmentedRaftLogWorker (SegmentedRaftLogWorker.java:startLogSegment(425)) - 283ec67f-837e-4418-8153-936cf3dda048@group-AFE12DF18333-SegmentedRaftLogWorker: Starting segment from index:0
2022-06-16 16:18:37,772 [283ec67f-837e-4418-8153-936cf3dda048@group-AFE12DF18333-SegmentedRaftLogWorker] INFO  segmented.SegmentedRaftLogWorker (SegmentedRaftLogWorker.java:execute(629)) - 283ec67f-837e-4418-8153-936cf3dda048@group-AFE12DF18333-SegmentedRaftLogWorker: created new log segment /home/runner/work/ozone/ozone/hadoop-ozone/integration-test/target/test-dir/MiniOzoneClusterImpl-56990420-bd6f-4635-88fd-a0a02cb22c91/datanode-1/data/ratis/193d5ef9-d0dd-4d6c-9e57-afe12df18333/current/log_inprogress_0
]]></system-out>
  </testcase>
  <testcase name="testListStatusOnLargeDirectory" classname="TestRootedOzoneFileSystem" time="9.669">
    <system-out><![CDATA[2022-06-16 16:19:33,290 [Time-limited test] INFO  rpc.RpcClient (RpcClient.java:createVolume(466)) - Creating Volume: volume12316, with user99973 as owner and space quota set to -1 bytes, counts quota set to -1
2022-06-16 16:19:33,294 [OM StateMachine ApplyTransaction Thread - 0] INFO  volume.OMVolumeCreateRequest (OMVolumeCreateRequest.java:validateAndUpdateCache(195)) - created volume:volume12316 for user:user99973
2022-06-16 16:19:33,295 [Time-limited test] INFO  rpc.RpcClient (RpcClient.java:createBucket(666)) - Creating Bucket: volume12316/bucket55706, with the Bucket Layout LEGACY, runner as owner, Versioning false, Storage Type set to DISK and Encryption set to false 
2022-06-16 16:19:33,297 [OM StateMachine ApplyTransaction Thread - 0] INFO  bucket.OMBucketCreateRequest (OMBucketCreateRequest.java:validateAndUpdateCache(260)) - created bucket: bucket55706 of layout LEGACY in volume: volume12316
2022-06-16 16:19:37,970 [f18629d0-4209-4076-ad9d-a135d0d60f56@group-D1498762B26E-FollowerState] INFO  impl.FollowerState (FollowerState.java:run(143)) - f18629d0-4209-4076-ad9d-a135d0d60f56@group-D1498762B26E-FollowerState: change to CANDIDATE, lastRpcElapsedTime:5038819269ns, electionTimeout:5006ms
2022-06-16 16:19:37,970 [f18629d0-4209-4076-ad9d-a135d0d60f56@group-D1498762B26E-FollowerState] INFO  impl.RoleInfo (RoleInfo.java:shutdownFollowerState(110)) - f18629d0-4209-4076-ad9d-a135d0d60f56: shutdown f18629d0-4209-4076-ad9d-a135d0d60f56@group-D1498762B26E-FollowerState
2022-06-16 16:19:37,970 [f18629d0-4209-4076-ad9d-a135d0d60f56@group-D1498762B26E-FollowerState] INFO  server.RaftServer$Division (RaftServerImpl.java:setRole(299)) - f18629d0-4209-4076-ad9d-a135d0d60f56@group-D1498762B26E: changes role from  FOLLOWER to CANDIDATE at term 2 for changeToCandidate
2022-06-16 16:19:37,971 [f18629d0-4209-4076-ad9d-a135d0d60f56@group-D1498762B26E-FollowerState] INFO  server.RaftServerConfigKeys (ConfUtils.java:logGet(46)) - raft.server.leaderelection.pre-vote = false (custom)
2022-06-16 16:19:37,971 [f18629d0-4209-4076-ad9d-a135d0d60f56@group-D1498762B26E-FollowerState] INFO  impl.RoleInfo (RoleInfo.java:updateAndGet(139)) - f18629d0-4209-4076-ad9d-a135d0d60f56: start f18629d0-4209-4076-ad9d-a135d0d60f56@group-D1498762B26E-LeaderElection28
2022-06-16 16:19:37,991 [f18629d0-4209-4076-ad9d-a135d0d60f56@group-D1498762B26E-LeaderElection28] INFO  impl.LeaderElection (LeaderElection.java:askForVotes(310)) - f18629d0-4209-4076-ad9d-a135d0d60f56@group-D1498762B26E-LeaderElection28 ELECTION round 0: submit vote requests at term 3 for -1: [e92161bb-36da-4024-83fa-f02433e9e8b4|rpc:10.1.0.16:37825|priority:1, f18629d0-4209-4076-ad9d-a135d0d60f56|rpc:10.1.0.16:43341|priority:0, 5b838663-213a-4fbf-828e-9dfe1e385535|rpc:10.1.0.16:33841|priority:0], old=null
2022-06-16 16:19:38,017 [grpc-default-executor-0] INFO  server.RaftServer$Division (RaftServerImpl.java:requestVote(1152)) - e92161bb-36da-4024-83fa-f02433e9e8b4@group-D1498762B26E: receive requestVote(ELECTION, f18629d0-4209-4076-ad9d-a135d0d60f56, group-D1498762B26E, 3, (t:0, i:0))
2022-06-16 16:19:38,018 [grpc-default-executor-0] INFO  impl.VoteContext (VoteContext.java:log(48)) - e92161bb-36da-4024-83fa-f02433e9e8b4@group-D1498762B26E-FOLLOWER: reject ELECTION from f18629d0-4209-4076-ad9d-a135d0d60f56: our priority 1 > candidate's priority 0
2022-06-16 16:19:38,018 [grpc-default-executor-0] INFO  server.RaftServer$Division (RaftServerImpl.java:setRole(299)) - e92161bb-36da-4024-83fa-f02433e9e8b4@group-D1498762B26E: changes role from  FOLLOWER to FOLLOWER at term 3 for candidate:f18629d0-4209-4076-ad9d-a135d0d60f56
2022-06-16 16:19:38,018 [grpc-default-executor-0] INFO  impl.RoleInfo (RoleInfo.java:shutdownFollowerState(110)) - e92161bb-36da-4024-83fa-f02433e9e8b4: shutdown e92161bb-36da-4024-83fa-f02433e9e8b4@group-D1498762B26E-FollowerState
2022-06-16 16:19:38,018 [grpc-default-executor-0] INFO  impl.RoleInfo (RoleInfo.java:updateAndGet(139)) - e92161bb-36da-4024-83fa-f02433e9e8b4: start e92161bb-36da-4024-83fa-f02433e9e8b4@group-D1498762B26E-FollowerState
2022-06-16 16:19:38,018 [grpc-default-executor-3] INFO  server.RaftServer$Division (RaftServerImpl.java:requestVote(1152)) - 5b838663-213a-4fbf-828e-9dfe1e385535@group-D1498762B26E: receive requestVote(ELECTION, f18629d0-4209-4076-ad9d-a135d0d60f56, group-D1498762B26E, 3, (t:0, i:0))
2022-06-16 16:19:38,018 [grpc-default-executor-3] INFO  impl.VoteContext (VoteContext.java:log(48)) - 5b838663-213a-4fbf-828e-9dfe1e385535@group-D1498762B26E-FOLLOWER: accept ELECTION from f18629d0-4209-4076-ad9d-a135d0d60f56: our priority 0 <= candidate's priority 0
2022-06-16 16:19:38,018 [grpc-default-executor-3] INFO  server.RaftServer$Division (RaftServerImpl.java:setRole(299)) - 5b838663-213a-4fbf-828e-9dfe1e385535@group-D1498762B26E: changes role from  FOLLOWER to FOLLOWER at term 3 for candidate:f18629d0-4209-4076-ad9d-a135d0d60f56
2022-06-16 16:19:38,018 [grpc-default-executor-3] INFO  impl.RoleInfo (RoleInfo.java:shutdownFollowerState(110)) - 5b838663-213a-4fbf-828e-9dfe1e385535: shutdown 5b838663-213a-4fbf-828e-9dfe1e385535@group-D1498762B26E-FollowerState
2022-06-16 16:19:38,018 [e92161bb-36da-4024-83fa-f02433e9e8b4@group-D1498762B26E-FollowerState] INFO  impl.FollowerState (FollowerState.java:run(152)) - e92161bb-36da-4024-83fa-f02433e9e8b4@group-D1498762B26E-FollowerState was interrupted
2022-06-16 16:19:38,022 [grpc-default-executor-0] INFO  server.RaftServer$Division (RaftServerImpl.java:requestVote(1184)) - e92161bb-36da-4024-83fa-f02433e9e8b4@group-D1498762B26E replies to ELECTION vote request: f18629d0-4209-4076-ad9d-a135d0d60f56<-e92161bb-36da-4024-83fa-f02433e9e8b4#0:FAIL-t3. Peer's state: e92161bb-36da-4024-83fa-f02433e9e8b4@group-D1498762B26E:t3, leader=null, voted=null, raftlog=e92161bb-36da-4024-83fa-f02433e9e8b4@group-D1498762B26E-SegmentedRaftLog:OPENED:c-1, conf=-1: [e92161bb-36da-4024-83fa-f02433e9e8b4|rpc:10.1.0.16:37825|dataStream:|priority:1, f18629d0-4209-4076-ad9d-a135d0d60f56|rpc:10.1.0.16:43341|dataStream:|priority:0, 5b838663-213a-4fbf-828e-9dfe1e385535|rpc:10.1.0.16:33841|dataStream:|priority:0], old=null
2022-06-16 16:19:38,024 [f18629d0-4209-4076-ad9d-a135d0d60f56@group-D1498762B26E-LeaderElection28] INFO  impl.LeaderElection (LeaderElection.java:logAndReturn(90)) - f18629d0-4209-4076-ad9d-a135d0d60f56@group-D1498762B26E-LeaderElection28: ELECTION REJECTED received 1 response(s) and 0 exception(s):
2022-06-16 16:19:38,024 [f18629d0-4209-4076-ad9d-a135d0d60f56@group-D1498762B26E-LeaderElection28] INFO  impl.LeaderElection (LeaderElection.java:logAndReturn(94)) -   Response 0: f18629d0-4209-4076-ad9d-a135d0d60f56<-e92161bb-36da-4024-83fa-f02433e9e8b4#0:FAIL-t3
2022-06-16 16:19:38,024 [f18629d0-4209-4076-ad9d-a135d0d60f56@group-D1498762B26E-LeaderElection28] INFO  impl.LeaderElection (LeaderElection.java:askForVotes(312)) - f18629d0-4209-4076-ad9d-a135d0d60f56@group-D1498762B26E-LeaderElection28 ELECTION round 0: result REJECTED
2022-06-16 16:19:38,024 [f18629d0-4209-4076-ad9d-a135d0d60f56@group-D1498762B26E-LeaderElection28] INFO  server.RaftServer$Division (RaftServerImpl.java:setRole(299)) - f18629d0-4209-4076-ad9d-a135d0d60f56@group-D1498762B26E: changes role from CANDIDATE to FOLLOWER at term 3 for REJECTED
2022-06-16 16:19:38,024 [f18629d0-4209-4076-ad9d-a135d0d60f56@group-D1498762B26E-LeaderElection28] INFO  impl.RoleInfo (RoleInfo.java:shutdownLeaderElection(130)) - f18629d0-4209-4076-ad9d-a135d0d60f56: shutdown f18629d0-4209-4076-ad9d-a135d0d60f56@group-D1498762B26E-LeaderElection28
2022-06-16 16:19:38,024 [f18629d0-4209-4076-ad9d-a135d0d60f56@group-D1498762B26E-LeaderElection28] INFO  impl.RoleInfo (RoleInfo.java:updateAndGet(139)) - f18629d0-4209-4076-ad9d-a135d0d60f56: start f18629d0-4209-4076-ad9d-a135d0d60f56@group-D1498762B26E-FollowerState
2022-06-16 16:19:38,057 [grpc-default-executor-3] INFO  impl.RoleInfo (RoleInfo.java:updateAndGet(139)) - 5b838663-213a-4fbf-828e-9dfe1e385535: start 5b838663-213a-4fbf-828e-9dfe1e385535@group-D1498762B26E-FollowerState
2022-06-16 16:19:38,057 [5b838663-213a-4fbf-828e-9dfe1e385535@group-D1498762B26E-FollowerState] INFO  impl.FollowerState (FollowerState.java:run(152)) - 5b838663-213a-4fbf-828e-9dfe1e385535@group-D1498762B26E-FollowerState was interrupted
2022-06-16 16:19:38,063 [grpc-default-executor-3] INFO  server.RaftServer$Division (RaftServerImpl.java:requestVote(1184)) - 5b838663-213a-4fbf-828e-9dfe1e385535@group-D1498762B26E replies to ELECTION vote request: f18629d0-4209-4076-ad9d-a135d0d60f56<-5b838663-213a-4fbf-828e-9dfe1e385535#0:OK-t3. Peer's state: 5b838663-213a-4fbf-828e-9dfe1e385535@group-D1498762B26E:t3, leader=null, voted=f18629d0-4209-4076-ad9d-a135d0d60f56, raftlog=5b838663-213a-4fbf-828e-9dfe1e385535@group-D1498762B26E-SegmentedRaftLog:OPENED:c-1, conf=-1: [e92161bb-36da-4024-83fa-f02433e9e8b4|rpc:10.1.0.16:37825|dataStream:|priority:1, f18629d0-4209-4076-ad9d-a135d0d60f56|rpc:10.1.0.16:43341|dataStream:|priority:0, 5b838663-213a-4fbf-828e-9dfe1e385535|rpc:10.1.0.16:33841|dataStream:|priority:0], old=null
]]></system-out>
  </testcase>
  <testcase name="testListStatusOnLargeDirectory" classname="TestRootedOzoneFileSystem" time="10.712">
    <system-out><![CDATA[2022-06-16 16:20:46,239 [Time-limited test] INFO  rpc.RpcClient (RpcClient.java:createVolume(466)) - Creating Volume: volume17793, with user39784 as owner and space quota set to -1 bytes, counts quota set to -1
2022-06-16 16:20:46,240 [IPC Server handler 11 on default port 42069] INFO  volume.OMVolumeCreateRequest (OMVolumeCreateRequest.java:validateAndUpdateCache(195)) - created volume:volume17793 for user:user39784
2022-06-16 16:20:46,245 [Time-limited test] INFO  rpc.RpcClient (RpcClient.java:createBucket(666)) - Creating Bucket: volume17793/bucket86209, with the Bucket Layout LEGACY, runner as owner, Versioning false, Storage Type set to DISK and Encryption set to false 
2022-06-16 16:20:46,246 [IPC Server handler 17 on default port 42069] INFO  bucket.OMBucketCreateRequest (OMBucketCreateRequest.java:validateAndUpdateCache(260)) - created bucket: bucket86209 of layout LEGACY in volume: volume17793
]]></system-out>
  </testcase>
  <testcase name="testListStatusOnLargeDirectory" classname="TestRootedOzoneFileSystem" time="16.201">
    <system-out><![CDATA[2022-06-16 16:22:35,837 [Time-limited test] INFO  rpc.RpcClient (RpcClient.java:createVolume(466)) - Creating Volume: volume56991, with user36704 as owner and space quota set to -1 bytes, counts quota set to -1
2022-06-16 16:22:35,839 [OM StateMachine ApplyTransaction Thread - 0] INFO  volume.OMVolumeCreateRequest (OMVolumeCreateRequest.java:validateAndUpdateCache(195)) - created volume:volume56991 for user:user36704
2022-06-16 16:22:35,839 [Time-limited test] INFO  rpc.RpcClient (RpcClient.java:createBucket(666)) - Creating Bucket: volume56991/bucket19285, with the Bucket Layout LEGACY, runner as owner, Versioning false, Storage Type set to DISK and Encryption set to false 
2022-06-16 16:22:35,840 [OM StateMachine ApplyTransaction Thread - 0] INFO  bucket.OMBucketCreateRequest (OMBucketCreateRequest.java:validateAndUpdateCache(260)) - created bucket: bucket19285 of layout LEGACY in volume: volume56991
2022-06-16 16:22:37,487 [cbc12831-31a5-4f31-a046-b81d852f61de@group-FD2032A2FA14-FollowerState] INFO  impl.FollowerState (FollowerState.java:run(143)) - cbc12831-31a5-4f31-a046-b81d852f61de@group-FD2032A2FA14-FollowerState: change to CANDIDATE, lastRpcElapsedTime:5183651257ns, electionTimeout:5129ms
2022-06-16 16:22:37,487 [cbc12831-31a5-4f31-a046-b81d852f61de@group-FD2032A2FA14-FollowerState] INFO  impl.RoleInfo (RoleInfo.java:shutdownFollowerState(110)) - cbc12831-31a5-4f31-a046-b81d852f61de: shutdown cbc12831-31a5-4f31-a046-b81d852f61de@group-FD2032A2FA14-FollowerState
2022-06-16 16:22:37,487 [cbc12831-31a5-4f31-a046-b81d852f61de@group-FD2032A2FA14-FollowerState] INFO  server.RaftServer$Division (RaftServerImpl.java:setRole(299)) - cbc12831-31a5-4f31-a046-b81d852f61de@group-FD2032A2FA14: changes role from  FOLLOWER to CANDIDATE at term 9 for changeToCandidate
2022-06-16 16:22:37,487 [cbc12831-31a5-4f31-a046-b81d852f61de@group-FD2032A2FA14-FollowerState] INFO  server.RaftServerConfigKeys (ConfUtils.java:logGet(46)) - raft.server.leaderelection.pre-vote = false (custom)
2022-06-16 16:22:37,487 [cbc12831-31a5-4f31-a046-b81d852f61de@group-FD2032A2FA14-FollowerState] INFO  impl.RoleInfo (RoleInfo.java:updateAndGet(139)) - cbc12831-31a5-4f31-a046-b81d852f61de: start cbc12831-31a5-4f31-a046-b81d852f61de@group-FD2032A2FA14-LeaderElection89
2022-06-16 16:22:37,489 [6c743a47-4ce0-4970-944e-624fd1e2ad3d@group-FD2032A2FA14-FollowerState] INFO  impl.FollowerState (FollowerState.java:run(143)) - 6c743a47-4ce0-4970-944e-624fd1e2ad3d@group-FD2032A2FA14-FollowerState: change to CANDIDATE, lastRpcElapsedTime:5214890604ns, electionTimeout:5179ms
2022-06-16 16:22:37,489 [6c743a47-4ce0-4970-944e-624fd1e2ad3d@group-FD2032A2FA14-FollowerState] INFO  impl.RoleInfo (RoleInfo.java:shutdownFollowerState(110)) - 6c743a47-4ce0-4970-944e-624fd1e2ad3d: shutdown 6c743a47-4ce0-4970-944e-624fd1e2ad3d@group-FD2032A2FA14-FollowerState
2022-06-16 16:22:37,489 [6c743a47-4ce0-4970-944e-624fd1e2ad3d@group-FD2032A2FA14-FollowerState] INFO  server.RaftServer$Division (RaftServerImpl.java:setRole(299)) - 6c743a47-4ce0-4970-944e-624fd1e2ad3d@group-FD2032A2FA14: changes role from  FOLLOWER to CANDIDATE at term 9 for changeToCandidate
2022-06-16 16:22:37,490 [6c743a47-4ce0-4970-944e-624fd1e2ad3d@group-FD2032A2FA14-FollowerState] INFO  server.RaftServerConfigKeys (ConfUtils.java:logGet(46)) - raft.server.leaderelection.pre-vote = false (custom)
2022-06-16 16:22:37,490 [6c743a47-4ce0-4970-944e-624fd1e2ad3d@group-FD2032A2FA14-FollowerState] INFO  impl.RoleInfo (RoleInfo.java:updateAndGet(139)) - 6c743a47-4ce0-4970-944e-624fd1e2ad3d: start 6c743a47-4ce0-4970-944e-624fd1e2ad3d@group-FD2032A2FA14-LeaderElection90
2022-06-16 16:22:37,519 [cbc12831-31a5-4f31-a046-b81d852f61de@group-FD2032A2FA14-LeaderElection89] INFO  impl.LeaderElection (LeaderElection.java:askForVotes(310)) - cbc12831-31a5-4f31-a046-b81d852f61de@group-FD2032A2FA14-LeaderElection89 ELECTION round 0: submit vote requests at term 10 for -1: [995fc94b-3f8e-410c-9bb6-8c0a727652de|rpc:10.1.0.16:43709|priority:0, cbc12831-31a5-4f31-a046-b81d852f61de|rpc:10.1.0.16:42913|priority:0, 6c743a47-4ce0-4970-944e-624fd1e2ad3d|rpc:10.1.0.16:44833|priority:1], old=null
2022-06-16 16:22:37,545 [6c743a47-4ce0-4970-944e-624fd1e2ad3d@group-FD2032A2FA14-LeaderElection90] INFO  impl.LeaderElection (LeaderElection.java:askForVotes(310)) - 6c743a47-4ce0-4970-944e-624fd1e2ad3d@group-FD2032A2FA14-LeaderElection90 ELECTION round 0: submit vote requests at term 10 for -1: [995fc94b-3f8e-410c-9bb6-8c0a727652de|rpc:10.1.0.16:43709|priority:0, cbc12831-31a5-4f31-a046-b81d852f61de|rpc:10.1.0.16:42913|priority:0, 6c743a47-4ce0-4970-944e-624fd1e2ad3d|rpc:10.1.0.16:44833|priority:1], old=null
2022-06-16 16:22:37,562 [grpc-default-executor-4] INFO  server.RaftServer$Division (RaftServerImpl.java:requestVote(1152)) - 995fc94b-3f8e-410c-9bb6-8c0a727652de@group-FD2032A2FA14: receive requestVote(ELECTION, cbc12831-31a5-4f31-a046-b81d852f61de, group-FD2032A2FA14, 10, (t:0, i:0))
2022-06-16 16:22:37,562 [grpc-default-executor-4] INFO  impl.VoteContext (VoteContext.java:log(48)) - 995fc94b-3f8e-410c-9bb6-8c0a727652de@group-FD2032A2FA14-FOLLOWER: accept ELECTION from cbc12831-31a5-4f31-a046-b81d852f61de: our priority 0 <= candidate's priority 0
2022-06-16 16:22:37,562 [grpc-default-executor-4] INFO  server.RaftServer$Division (RaftServerImpl.java:setRole(299)) - 995fc94b-3f8e-410c-9bb6-8c0a727652de@group-FD2032A2FA14: changes role from  FOLLOWER to FOLLOWER at term 10 for candidate:cbc12831-31a5-4f31-a046-b81d852f61de
2022-06-16 16:22:37,562 [grpc-default-executor-4] INFO  impl.RoleInfo (RoleInfo.java:shutdownFollowerState(110)) - 995fc94b-3f8e-410c-9bb6-8c0a727652de: shutdown 995fc94b-3f8e-410c-9bb6-8c0a727652de@group-FD2032A2FA14-FollowerState
2022-06-16 16:22:37,611 [grpc-default-executor-0] INFO  server.RaftServer$Division (RaftServerImpl.java:requestVote(1152)) - 995fc94b-3f8e-410c-9bb6-8c0a727652de@group-FD2032A2FA14: receive requestVote(ELECTION, 6c743a47-4ce0-4970-944e-624fd1e2ad3d, group-FD2032A2FA14, 10, (t:0, i:0))
2022-06-16 16:22:37,626 [995fc94b-3f8e-410c-9bb6-8c0a727652de@group-FD2032A2FA14-FollowerState] INFO  impl.FollowerState (FollowerState.java:run(152)) - 995fc94b-3f8e-410c-9bb6-8c0a727652de@group-FD2032A2FA14-FollowerState was interrupted
2022-06-16 16:22:37,628 [grpc-default-executor-2] INFO  server.RaftServer$Division (RaftServerImpl.java:requestVote(1152)) - cbc12831-31a5-4f31-a046-b81d852f61de@group-FD2032A2FA14: receive requestVote(ELECTION, 6c743a47-4ce0-4970-944e-624fd1e2ad3d, group-FD2032A2FA14, 10, (t:0, i:0))
2022-06-16 16:22:37,628 [grpc-default-executor-2] INFO  impl.VoteContext (VoteContext.java:log(48)) - cbc12831-31a5-4f31-a046-b81d852f61de@group-FD2032A2FA14-CANDIDATE: reject ELECTION from 6c743a47-4ce0-4970-944e-624fd1e2ad3d: already has voted for cbc12831-31a5-4f31-a046-b81d852f61de at current term 10
2022-06-16 16:22:37,628 [grpc-default-executor-2] INFO  server.RaftServer$Division (RaftServerImpl.java:requestVote(1184)) - cbc12831-31a5-4f31-a046-b81d852f61de@group-FD2032A2FA14 replies to ELECTION vote request: 6c743a47-4ce0-4970-944e-624fd1e2ad3d<-cbc12831-31a5-4f31-a046-b81d852f61de#0:FAIL-t10. Peer's state: cbc12831-31a5-4f31-a046-b81d852f61de@group-FD2032A2FA14:t10, leader=null, voted=cbc12831-31a5-4f31-a046-b81d852f61de, raftlog=cbc12831-31a5-4f31-a046-b81d852f61de@group-FD2032A2FA14-SegmentedRaftLog:OPENED:c-1, conf=-1: [995fc94b-3f8e-410c-9bb6-8c0a727652de|rpc:10.1.0.16:43709|priority:0, cbc12831-31a5-4f31-a046-b81d852f61de|rpc:10.1.0.16:42913|priority:0, 6c743a47-4ce0-4970-944e-624fd1e2ad3d|rpc:10.1.0.16:44833|priority:1], old=null
2022-06-16 16:22:37,652 [grpc-default-executor-4] INFO  impl.RoleInfo (RoleInfo.java:updateAndGet(139)) - 995fc94b-3f8e-410c-9bb6-8c0a727652de: start 995fc94b-3f8e-410c-9bb6-8c0a727652de@group-FD2032A2FA14-FollowerState
2022-06-16 16:22:37,658 [grpc-default-executor-2] INFO  server.RaftServer$Division (RaftServerImpl.java:requestVote(1152)) - 6c743a47-4ce0-4970-944e-624fd1e2ad3d@group-FD2032A2FA14: receive requestVote(ELECTION, cbc12831-31a5-4f31-a046-b81d852f61de, group-FD2032A2FA14, 10, (t:0, i:0))
2022-06-16 16:22:37,658 [grpc-default-executor-2] INFO  impl.VoteContext (VoteContext.java:log(48)) - 6c743a47-4ce0-4970-944e-624fd1e2ad3d@group-FD2032A2FA14-CANDIDATE: reject ELECTION from cbc12831-31a5-4f31-a046-b81d852f61de: already has voted for 6c743a47-4ce0-4970-944e-624fd1e2ad3d at current term 10
2022-06-16 16:22:37,658 [grpc-default-executor-2] INFO  server.RaftServer$Division (RaftServerImpl.java:requestVote(1184)) - 6c743a47-4ce0-4970-944e-624fd1e2ad3d@group-FD2032A2FA14 replies to ELECTION vote request: cbc12831-31a5-4f31-a046-b81d852f61de<-6c743a47-4ce0-4970-944e-624fd1e2ad3d#0:FAIL-t10. Peer's state: 6c743a47-4ce0-4970-944e-624fd1e2ad3d@group-FD2032A2FA14:t10, leader=null, voted=6c743a47-4ce0-4970-944e-624fd1e2ad3d, raftlog=6c743a47-4ce0-4970-944e-624fd1e2ad3d@group-FD2032A2FA14-SegmentedRaftLog:OPENED:c-1, conf=-1: [995fc94b-3f8e-410c-9bb6-8c0a727652de|rpc:10.1.0.16:43709|priority:0, cbc12831-31a5-4f31-a046-b81d852f61de|rpc:10.1.0.16:42913|priority:0, 6c743a47-4ce0-4970-944e-624fd1e2ad3d|rpc:10.1.0.16:44833|priority:1], old=null
2022-06-16 16:22:37,663 [cbc12831-31a5-4f31-a046-b81d852f61de@group-FD2032A2FA14-LeaderElection89] INFO  impl.LeaderElection (LeaderElection.java:logAndReturn(90)) - cbc12831-31a5-4f31-a046-b81d852f61de@group-FD2032A2FA14-LeaderElection89: ELECTION REJECTED received 1 response(s) and 0 exception(s):
2022-06-16 16:22:37,663 [cbc12831-31a5-4f31-a046-b81d852f61de@group-FD2032A2FA14-LeaderElection89] INFO  impl.LeaderElection (LeaderElection.java:logAndReturn(94)) -   Response 0: cbc12831-31a5-4f31-a046-b81d852f61de<-6c743a47-4ce0-4970-944e-624fd1e2ad3d#0:FAIL-t10
2022-06-16 16:22:37,663 [cbc12831-31a5-4f31-a046-b81d852f61de@group-FD2032A2FA14-LeaderElection89] INFO  impl.LeaderElection (LeaderElection.java:askForVotes(312)) - cbc12831-31a5-4f31-a046-b81d852f61de@group-FD2032A2FA14-LeaderElection89 ELECTION round 0: result REJECTED
2022-06-16 16:22:37,663 [cbc12831-31a5-4f31-a046-b81d852f61de@group-FD2032A2FA14-LeaderElection89] INFO  server.RaftServer$Division (RaftServerImpl.java:setRole(299)) - cbc12831-31a5-4f31-a046-b81d852f61de@group-FD2032A2FA14: changes role from CANDIDATE to FOLLOWER at term 10 for REJECTED
2022-06-16 16:22:37,663 [cbc12831-31a5-4f31-a046-b81d852f61de@group-FD2032A2FA14-LeaderElection89] INFO  impl.RoleInfo (RoleInfo.java:shutdownLeaderElection(130)) - cbc12831-31a5-4f31-a046-b81d852f61de: shutdown cbc12831-31a5-4f31-a046-b81d852f61de@group-FD2032A2FA14-LeaderElection89
2022-06-16 16:22:37,663 [cbc12831-31a5-4f31-a046-b81d852f61de@group-FD2032A2FA14-LeaderElection89] INFO  impl.RoleInfo (RoleInfo.java:updateAndGet(139)) - cbc12831-31a5-4f31-a046-b81d852f61de: start cbc12831-31a5-4f31-a046-b81d852f61de@group-FD2032A2FA14-FollowerState
2022-06-16 16:22:37,663 [grpc-default-executor-4] INFO  server.RaftServer$Division (RaftServerImpl.java:requestVote(1184)) - 995fc94b-3f8e-410c-9bb6-8c0a727652de@group-FD2032A2FA14 replies to ELECTION vote request: cbc12831-31a5-4f31-a046-b81d852f61de<-995fc94b-3f8e-410c-9bb6-8c0a727652de#0:OK-t10. Peer's state: 995fc94b-3f8e-410c-9bb6-8c0a727652de@group-FD2032A2FA14:t10, leader=null, voted=cbc12831-31a5-4f31-a046-b81d852f61de, raftlog=995fc94b-3f8e-410c-9bb6-8c0a727652de@group-FD2032A2FA14-SegmentedRaftLog:OPENED:c-1, conf=-1: [995fc94b-3f8e-410c-9bb6-8c0a727652de|rpc:10.1.0.16:43709|dataStream:|priority:0, cbc12831-31a5-4f31-a046-b81d852f61de|rpc:10.1.0.16:42913|dataStream:|priority:0, 6c743a47-4ce0-4970-944e-624fd1e2ad3d|rpc:10.1.0.16:44833|dataStream:|priority:1], old=null
2022-06-16 16:22:37,664 [grpc-default-executor-0] INFO  impl.VoteContext (VoteContext.java:log(48)) - 995fc94b-3f8e-410c-9bb6-8c0a727652de@group-FD2032A2FA14-FOLLOWER: reject ELECTION from 6c743a47-4ce0-4970-944e-624fd1e2ad3d: already has voted for cbc12831-31a5-4f31-a046-b81d852f61de at current term 10
2022-06-16 16:22:37,664 [grpc-default-executor-0] INFO  server.RaftServer$Division (RaftServerImpl.java:requestVote(1184)) - 995fc94b-3f8e-410c-9bb6-8c0a727652de@group-FD2032A2FA14 replies to ELECTION vote request: 6c743a47-4ce0-4970-944e-624fd1e2ad3d<-995fc94b-3f8e-410c-9bb6-8c0a727652de#0:FAIL-t10. Peer's state: 995fc94b-3f8e-410c-9bb6-8c0a727652de@group-FD2032A2FA14:t10, leader=null, voted=cbc12831-31a5-4f31-a046-b81d852f61de, raftlog=995fc94b-3f8e-410c-9bb6-8c0a727652de@group-FD2032A2FA14-SegmentedRaftLog:OPENED:c-1, conf=-1: [995fc94b-3f8e-410c-9bb6-8c0a727652de|rpc:10.1.0.16:43709|dataStream:|priority:0, cbc12831-31a5-4f31-a046-b81d852f61de|rpc:10.1.0.16:42913|dataStream:|priority:0, 6c743a47-4ce0-4970-944e-624fd1e2ad3d|rpc:10.1.0.16:44833|dataStream:|priority:1], old=null
2022-06-16 16:22:37,668 [6c743a47-4ce0-4970-944e-624fd1e2ad3d@group-FD2032A2FA14-LeaderElection90] INFO  impl.LeaderElection (LeaderElection.java:logAndReturn(90)) - 6c743a47-4ce0-4970-944e-624fd1e2ad3d@group-FD2032A2FA14-LeaderElection90: ELECTION REJECTED received 2 response(s) and 0 exception(s):
2022-06-16 16:22:37,668 [6c743a47-4ce0-4970-944e-624fd1e2ad3d@group-FD2032A2FA14-LeaderElection90] INFO  impl.LeaderElection (LeaderElection.java:logAndReturn(94)) -   Response 0: 6c743a47-4ce0-4970-944e-624fd1e2ad3d<-995fc94b-3f8e-410c-9bb6-8c0a727652de#0:FAIL-t10
2022-06-16 16:22:37,668 [6c743a47-4ce0-4970-944e-624fd1e2ad3d@group-FD2032A2FA14-LeaderElection90] INFO  impl.LeaderElection (LeaderElection.java:logAndReturn(94)) -   Response 1: 6c743a47-4ce0-4970-944e-624fd1e2ad3d<-cbc12831-31a5-4f31-a046-b81d852f61de#0:FAIL-t10
2022-06-16 16:22:37,668 [6c743a47-4ce0-4970-944e-624fd1e2ad3d@group-FD2032A2FA14-LeaderElection90] INFO  impl.LeaderElection (LeaderElection.java:askForVotes(312)) - 6c743a47-4ce0-4970-944e-624fd1e2ad3d@group-FD2032A2FA14-LeaderElection90 ELECTION round 0: result REJECTED
2022-06-16 16:22:37,668 [6c743a47-4ce0-4970-944e-624fd1e2ad3d@group-FD2032A2FA14-LeaderElection90] INFO  server.RaftServer$Division (RaftServerImpl.java:setRole(299)) - 6c743a47-4ce0-4970-944e-624fd1e2ad3d@group-FD2032A2FA14: changes role from CANDIDATE to FOLLOWER at term 10 for REJECTED
2022-06-16 16:22:37,668 [6c743a47-4ce0-4970-944e-624fd1e2ad3d@group-FD2032A2FA14-LeaderElection90] INFO  impl.RoleInfo (RoleInfo.java:shutdownLeaderElection(130)) - 6c743a47-4ce0-4970-944e-624fd1e2ad3d: shutdown 6c743a47-4ce0-4970-944e-624fd1e2ad3d@group-FD2032A2FA14-LeaderElection90
2022-06-16 16:22:37,668 [6c743a47-4ce0-4970-944e-624fd1e2ad3d@group-FD2032A2FA14-LeaderElection90] INFO  impl.RoleInfo (RoleInfo.java:updateAndGet(139)) - 6c743a47-4ce0-4970-944e-624fd1e2ad3d: start 6c743a47-4ce0-4970-944e-624fd1e2ad3d@group-FD2032A2FA14-FollowerState
2022-06-16 16:22:42,674 [995fc94b-3f8e-410c-9bb6-8c0a727652de@group-FD2032A2FA14-FollowerState] INFO  impl.FollowerState (FollowerState.java:run(143)) - 995fc94b-3f8e-410c-9bb6-8c0a727652de@group-FD2032A2FA14-FollowerState: change to CANDIDATE, lastRpcElapsedTime:5010955696ns, electionTimeout:5009ms
2022-06-16 16:22:42,674 [995fc94b-3f8e-410c-9bb6-8c0a727652de@group-FD2032A2FA14-FollowerState] INFO  impl.RoleInfo (RoleInfo.java:shutdownFollowerState(110)) - 995fc94b-3f8e-410c-9bb6-8c0a727652de: shutdown 995fc94b-3f8e-410c-9bb6-8c0a727652de@group-FD2032A2FA14-FollowerState
2022-06-16 16:22:42,674 [995fc94b-3f8e-410c-9bb6-8c0a727652de@group-FD2032A2FA14-FollowerState] INFO  server.RaftServer$Division (RaftServerImpl.java:setRole(299)) - 995fc94b-3f8e-410c-9bb6-8c0a727652de@group-FD2032A2FA14: changes role from  FOLLOWER to CANDIDATE at term 10 for changeToCandidate
2022-06-16 16:22:42,675 [995fc94b-3f8e-410c-9bb6-8c0a727652de@group-FD2032A2FA14-FollowerState] INFO  server.RaftServerConfigKeys (ConfUtils.java:logGet(46)) - raft.server.leaderelection.pre-vote = false (custom)
2022-06-16 16:22:42,675 [995fc94b-3f8e-410c-9bb6-8c0a727652de@group-FD2032A2FA14-FollowerState] INFO  impl.RoleInfo (RoleInfo.java:updateAndGet(139)) - 995fc94b-3f8e-410c-9bb6-8c0a727652de: start 995fc94b-3f8e-410c-9bb6-8c0a727652de@group-FD2032A2FA14-LeaderElection91
2022-06-16 16:22:42,688 [cbc12831-31a5-4f31-a046-b81d852f61de@group-FD2032A2FA14-FollowerState] INFO  impl.FollowerState (FollowerState.java:run(143)) - cbc12831-31a5-4f31-a046-b81d852f61de@group-FD2032A2FA14-FollowerState: change to CANDIDATE, lastRpcElapsedTime:5025296019ns, electionTimeout:5020ms
2022-06-16 16:22:42,689 [cbc12831-31a5-4f31-a046-b81d852f61de@group-FD2032A2FA14-FollowerState] INFO  impl.RoleInfo (RoleInfo.java:shutdownFollowerState(110)) - cbc12831-31a5-4f31-a046-b81d852f61de: shutdown cbc12831-31a5-4f31-a046-b81d852f61de@group-FD2032A2FA14-FollowerState
2022-06-16 16:22:42,689 [cbc12831-31a5-4f31-a046-b81d852f61de@group-FD2032A2FA14-FollowerState] INFO  server.RaftServer$Division (RaftServerImpl.java:setRole(299)) - cbc12831-31a5-4f31-a046-b81d852f61de@group-FD2032A2FA14: changes role from  FOLLOWER to CANDIDATE at term 10 for changeToCandidate
2022-06-16 16:22:42,702 [cbc12831-31a5-4f31-a046-b81d852f61de@group-FD2032A2FA14-FollowerState] INFO  server.RaftServerConfigKeys (ConfUtils.java:logGet(46)) - raft.server.leaderelection.pre-vote = false (custom)
2022-06-16 16:22:42,702 [cbc12831-31a5-4f31-a046-b81d852f61de@group-FD2032A2FA14-FollowerState] INFO  impl.RoleInfo (RoleInfo.java:updateAndGet(139)) - cbc12831-31a5-4f31-a046-b81d852f61de: start cbc12831-31a5-4f31-a046-b81d852f61de@group-FD2032A2FA14-LeaderElection92
2022-06-16 16:22:42,708 [995fc94b-3f8e-410c-9bb6-8c0a727652de@group-FD2032A2FA14-LeaderElection91] INFO  impl.LeaderElection (LeaderElection.java:askForVotes(310)) - 995fc94b-3f8e-410c-9bb6-8c0a727652de@group-FD2032A2FA14-LeaderElection91 ELECTION round 0: submit vote requests at term 11 for -1: [995fc94b-3f8e-410c-9bb6-8c0a727652de|rpc:10.1.0.16:43709|dataStream:|priority:0, cbc12831-31a5-4f31-a046-b81d852f61de|rpc:10.1.0.16:42913|dataStream:|priority:0, 6c743a47-4ce0-4970-944e-624fd1e2ad3d|rpc:10.1.0.16:44833|dataStream:|priority:1], old=null
2022-06-16 16:22:42,728 [cbc12831-31a5-4f31-a046-b81d852f61de@group-FD2032A2FA14-LeaderElection92] INFO  impl.LeaderElection (LeaderElection.java:askForVotes(310)) - cbc12831-31a5-4f31-a046-b81d852f61de@group-FD2032A2FA14-LeaderElection92 ELECTION round 0: submit vote requests at term 11 for -1: [995fc94b-3f8e-410c-9bb6-8c0a727652de|rpc:10.1.0.16:43709|priority:0, cbc12831-31a5-4f31-a046-b81d852f61de|rpc:10.1.0.16:42913|priority:0, 6c743a47-4ce0-4970-944e-624fd1e2ad3d|rpc:10.1.0.16:44833|priority:1], old=null
2022-06-16 16:22:42,729 [grpc-default-executor-0] INFO  server.RaftServer$Division (RaftServerImpl.java:requestVote(1152)) - cbc12831-31a5-4f31-a046-b81d852f61de@group-FD2032A2FA14: receive requestVote(ELECTION, 995fc94b-3f8e-410c-9bb6-8c0a727652de, group-FD2032A2FA14, 11, (t:0, i:0))
2022-06-16 16:22:42,729 [grpc-default-executor-0] INFO  impl.VoteContext (VoteContext.java:log(48)) - cbc12831-31a5-4f31-a046-b81d852f61de@group-FD2032A2FA14-CANDIDATE: reject ELECTION from 995fc94b-3f8e-410c-9bb6-8c0a727652de: already has voted for cbc12831-31a5-4f31-a046-b81d852f61de at current term 11
2022-06-16 16:22:42,729 [grpc-default-executor-0] INFO  server.RaftServer$Division (RaftServerImpl.java:requestVote(1184)) - cbc12831-31a5-4f31-a046-b81d852f61de@group-FD2032A2FA14 replies to ELECTION vote request: 995fc94b-3f8e-410c-9bb6-8c0a727652de<-cbc12831-31a5-4f31-a046-b81d852f61de#0:FAIL-t11. Peer's state: cbc12831-31a5-4f31-a046-b81d852f61de@group-FD2032A2FA14:t11, leader=null, voted=cbc12831-31a5-4f31-a046-b81d852f61de, raftlog=cbc12831-31a5-4f31-a046-b81d852f61de@group-FD2032A2FA14-SegmentedRaftLog:OPENED:c-1, conf=-1: [995fc94b-3f8e-410c-9bb6-8c0a727652de|rpc:10.1.0.16:43709|priority:0, cbc12831-31a5-4f31-a046-b81d852f61de|rpc:10.1.0.16:42913|priority:0, 6c743a47-4ce0-4970-944e-624fd1e2ad3d|rpc:10.1.0.16:44833|priority:1], old=null
2022-06-16 16:22:42,749 [grpc-default-executor-0] INFO  server.RaftServer$Division (RaftServerImpl.java:requestVote(1152)) - 6c743a47-4ce0-4970-944e-624fd1e2ad3d@group-FD2032A2FA14: receive requestVote(ELECTION, 995fc94b-3f8e-410c-9bb6-8c0a727652de, group-FD2032A2FA14, 11, (t:0, i:0))
2022-06-16 16:22:42,749 [grpc-default-executor-0] INFO  impl.VoteContext (VoteContext.java:log(48)) - 6c743a47-4ce0-4970-944e-624fd1e2ad3d@group-FD2032A2FA14-FOLLOWER: reject ELECTION from 995fc94b-3f8e-410c-9bb6-8c0a727652de: our priority 1 > candidate's priority 0
2022-06-16 16:22:42,749 [grpc-default-executor-0] INFO  server.RaftServer$Division (RaftServerImpl.java:setRole(299)) - 6c743a47-4ce0-4970-944e-624fd1e2ad3d@group-FD2032A2FA14: changes role from  FOLLOWER to FOLLOWER at term 11 for candidate:995fc94b-3f8e-410c-9bb6-8c0a727652de
2022-06-16 16:22:42,749 [grpc-default-executor-0] INFO  impl.RoleInfo (RoleInfo.java:shutdownFollowerState(110)) - 6c743a47-4ce0-4970-944e-624fd1e2ad3d: shutdown 6c743a47-4ce0-4970-944e-624fd1e2ad3d@group-FD2032A2FA14-FollowerState
2022-06-16 16:22:42,758 [6c743a47-4ce0-4970-944e-624fd1e2ad3d@group-FD2032A2FA14-FollowerState] INFO  impl.FollowerState (FollowerState.java:run(152)) - 6c743a47-4ce0-4970-944e-624fd1e2ad3d@group-FD2032A2FA14-FollowerState was interrupted
2022-06-16 16:22:42,758 [grpc-default-executor-0] INFO  impl.RoleInfo (RoleInfo.java:updateAndGet(139)) - 6c743a47-4ce0-4970-944e-624fd1e2ad3d: start 6c743a47-4ce0-4970-944e-624fd1e2ad3d@group-FD2032A2FA14-FollowerState
2022-06-16 16:22:42,761 [grpc-default-executor-4] INFO  server.RaftServer$Division (RaftServerImpl.java:requestVote(1152)) - 995fc94b-3f8e-410c-9bb6-8c0a727652de@group-FD2032A2FA14: receive requestVote(ELECTION, cbc12831-31a5-4f31-a046-b81d852f61de, group-FD2032A2FA14, 11, (t:0, i:0))
2022-06-16 16:22:42,761 [grpc-default-executor-4] INFO  impl.VoteContext (VoteContext.java:log(48)) - 995fc94b-3f8e-410c-9bb6-8c0a727652de@group-FD2032A2FA14-CANDIDATE: reject ELECTION from cbc12831-31a5-4f31-a046-b81d852f61de: already has voted for 995fc94b-3f8e-410c-9bb6-8c0a727652de at current term 11
2022-06-16 16:22:42,761 [grpc-default-executor-4] INFO  server.RaftServer$Division (RaftServerImpl.java:requestVote(1184)) - 995fc94b-3f8e-410c-9bb6-8c0a727652de@group-FD2032A2FA14 replies to ELECTION vote request: cbc12831-31a5-4f31-a046-b81d852f61de<-995fc94b-3f8e-410c-9bb6-8c0a727652de#0:FAIL-t11. Peer's state: 995fc94b-3f8e-410c-9bb6-8c0a727652de@group-FD2032A2FA14:t11, leader=null, voted=995fc94b-3f8e-410c-9bb6-8c0a727652de, raftlog=995fc94b-3f8e-410c-9bb6-8c0a727652de@group-FD2032A2FA14-SegmentedRaftLog:OPENED:c-1, conf=-1: [995fc94b-3f8e-410c-9bb6-8c0a727652de|rpc:10.1.0.16:43709|dataStream:|priority:0, cbc12831-31a5-4f31-a046-b81d852f61de|rpc:10.1.0.16:42913|dataStream:|priority:0, 6c743a47-4ce0-4970-944e-624fd1e2ad3d|rpc:10.1.0.16:44833|dataStream:|priority:1], old=null
2022-06-16 16:22:42,771 [grpc-default-executor-4] INFO  server.RaftServer$Division (RaftServerImpl.java:requestVote(1152)) - 6c743a47-4ce0-4970-944e-624fd1e2ad3d@group-FD2032A2FA14: receive requestVote(ELECTION, cbc12831-31a5-4f31-a046-b81d852f61de, group-FD2032A2FA14, 11, (t:0, i:0))
2022-06-16 16:22:42,776 [grpc-default-executor-0] INFO  server.RaftServer$Division (RaftServerImpl.java:requestVote(1184)) - 6c743a47-4ce0-4970-944e-624fd1e2ad3d@group-FD2032A2FA14 replies to ELECTION vote request: 995fc94b-3f8e-410c-9bb6-8c0a727652de<-6c743a47-4ce0-4970-944e-624fd1e2ad3d#0:FAIL-t11. Peer's state: 6c743a47-4ce0-4970-944e-624fd1e2ad3d@group-FD2032A2FA14:t11, leader=null, voted=null, raftlog=6c743a47-4ce0-4970-944e-624fd1e2ad3d@group-FD2032A2FA14-SegmentedRaftLog:OPENED:c-1, conf=-1: [995fc94b-3f8e-410c-9bb6-8c0a727652de|rpc:10.1.0.16:43709|priority:0, cbc12831-31a5-4f31-a046-b81d852f61de|rpc:10.1.0.16:42913|priority:0, 6c743a47-4ce0-4970-944e-624fd1e2ad3d|rpc:10.1.0.16:44833|priority:1], old=null
2022-06-16 16:22:42,776 [grpc-default-executor-4] INFO  impl.VoteContext (VoteContext.java:log(48)) - 6c743a47-4ce0-4970-944e-624fd1e2ad3d@group-FD2032A2FA14-FOLLOWER: reject ELECTION from cbc12831-31a5-4f31-a046-b81d852f61de: our priority 1 > candidate's priority 0
2022-06-16 16:22:42,776 [grpc-default-executor-4] INFO  server.RaftServer$Division (RaftServerImpl.java:setRole(299)) - 6c743a47-4ce0-4970-944e-624fd1e2ad3d@group-FD2032A2FA14: changes role from  FOLLOWER to FOLLOWER at term 11 for candidate:cbc12831-31a5-4f31-a046-b81d852f61de
2022-06-16 16:22:42,776 [grpc-default-executor-4] INFO  impl.RoleInfo (RoleInfo.java:shutdownFollowerState(110)) - 6c743a47-4ce0-4970-944e-624fd1e2ad3d: shutdown 6c743a47-4ce0-4970-944e-624fd1e2ad3d@group-FD2032A2FA14-FollowerState
2022-06-16 16:22:42,776 [grpc-default-executor-4] INFO  impl.RoleInfo (RoleInfo.java:updateAndGet(139)) - 6c743a47-4ce0-4970-944e-624fd1e2ad3d: start 6c743a47-4ce0-4970-944e-624fd1e2ad3d@group-FD2032A2FA14-FollowerState
2022-06-16 16:22:42,777 [6c743a47-4ce0-4970-944e-624fd1e2ad3d@group-FD2032A2FA14-FollowerState] INFO  impl.FollowerState (FollowerState.java:run(152)) - 6c743a47-4ce0-4970-944e-624fd1e2ad3d@group-FD2032A2FA14-FollowerState was interrupted
2022-06-16 16:22:42,781 [grpc-default-executor-4] INFO  server.RaftServer$Division (RaftServerImpl.java:requestVote(1184)) - 6c743a47-4ce0-4970-944e-624fd1e2ad3d@group-FD2032A2FA14 replies to ELECTION vote request: cbc12831-31a5-4f31-a046-b81d852f61de<-6c743a47-4ce0-4970-944e-624fd1e2ad3d#0:FAIL-t11. Peer's state: 6c743a47-4ce0-4970-944e-624fd1e2ad3d@group-FD2032A2FA14:t11, leader=null, voted=null, raftlog=6c743a47-4ce0-4970-944e-624fd1e2ad3d@group-FD2032A2FA14-SegmentedRaftLog:OPENED:c-1, conf=-1: [995fc94b-3f8e-410c-9bb6-8c0a727652de|rpc:10.1.0.16:43709|priority:0, cbc12831-31a5-4f31-a046-b81d852f61de|rpc:10.1.0.16:42913|priority:0, 6c743a47-4ce0-4970-944e-624fd1e2ad3d|rpc:10.1.0.16:44833|priority:1], old=null
2022-06-16 16:22:42,782 [995fc94b-3f8e-410c-9bb6-8c0a727652de@group-FD2032A2FA14-LeaderElection91] INFO  impl.LeaderElection (LeaderElection.java:logAndReturn(90)) - 995fc94b-3f8e-410c-9bb6-8c0a727652de@group-FD2032A2FA14-LeaderElection91: ELECTION REJECTED received 2 response(s) and 0 exception(s):
2022-06-16 16:22:42,783 [995fc94b-3f8e-410c-9bb6-8c0a727652de@group-FD2032A2FA14-LeaderElection91] INFO  impl.LeaderElection (LeaderElection.java:logAndReturn(94)) -   Response 0: 995fc94b-3f8e-410c-9bb6-8c0a727652de<-cbc12831-31a5-4f31-a046-b81d852f61de#0:FAIL-t11
2022-06-16 16:22:42,783 [995fc94b-3f8e-410c-9bb6-8c0a727652de@group-FD2032A2FA14-LeaderElection91] INFO  impl.LeaderElection (LeaderElection.java:logAndReturn(94)) -   Response 1: 995fc94b-3f8e-410c-9bb6-8c0a727652de<-6c743a47-4ce0-4970-944e-624fd1e2ad3d#0:FAIL-t11
2022-06-16 16:22:42,783 [995fc94b-3f8e-410c-9bb6-8c0a727652de@group-FD2032A2FA14-LeaderElection91] INFO  impl.LeaderElection (LeaderElection.java:askForVotes(312)) - 995fc94b-3f8e-410c-9bb6-8c0a727652de@group-FD2032A2FA14-LeaderElection91 ELECTION round 0: result REJECTED
2022-06-16 16:22:42,783 [995fc94b-3f8e-410c-9bb6-8c0a727652de@group-FD2032A2FA14-LeaderElection91] INFO  server.RaftServer$Division (RaftServerImpl.java:setRole(299)) - 995fc94b-3f8e-410c-9bb6-8c0a727652de@group-FD2032A2FA14: changes role from CANDIDATE to FOLLOWER at term 11 for REJECTED
2022-06-16 16:22:42,783 [995fc94b-3f8e-410c-9bb6-8c0a727652de@group-FD2032A2FA14-LeaderElection91] INFO  impl.RoleInfo (RoleInfo.java:shutdownLeaderElection(130)) - 995fc94b-3f8e-410c-9bb6-8c0a727652de: shutdown 995fc94b-3f8e-410c-9bb6-8c0a727652de@group-FD2032A2FA14-LeaderElection91
2022-06-16 16:22:42,783 [995fc94b-3f8e-410c-9bb6-8c0a727652de@group-FD2032A2FA14-LeaderElection91] INFO  impl.RoleInfo (RoleInfo.java:updateAndGet(139)) - 995fc94b-3f8e-410c-9bb6-8c0a727652de: start 995fc94b-3f8e-410c-9bb6-8c0a727652de@group-FD2032A2FA14-FollowerState
2022-06-16 16:22:42,790 [cbc12831-31a5-4f31-a046-b81d852f61de@group-FD2032A2FA14-LeaderElection92] INFO  impl.LeaderElection (LeaderElection.java:logAndReturn(90)) - cbc12831-31a5-4f31-a046-b81d852f61de@group-FD2032A2FA14-LeaderElection92: ELECTION REJECTED received 2 response(s) and 0 exception(s):
2022-06-16 16:22:42,790 [cbc12831-31a5-4f31-a046-b81d852f61de@group-FD2032A2FA14-LeaderElection92] INFO  impl.LeaderElection (LeaderElection.java:logAndReturn(94)) -   Response 0: cbc12831-31a5-4f31-a046-b81d852f61de<-995fc94b-3f8e-410c-9bb6-8c0a727652de#0:FAIL-t11
2022-06-16 16:22:42,790 [cbc12831-31a5-4f31-a046-b81d852f61de@group-FD2032A2FA14-LeaderElection92] INFO  impl.LeaderElection (LeaderElection.java:logAndReturn(94)) -   Response 1: cbc12831-31a5-4f31-a046-b81d852f61de<-6c743a47-4ce0-4970-944e-624fd1e2ad3d#0:FAIL-t11
2022-06-16 16:22:42,790 [cbc12831-31a5-4f31-a046-b81d852f61de@group-FD2032A2FA14-LeaderElection92] INFO  impl.LeaderElection (LeaderElection.java:askForVotes(312)) - cbc12831-31a5-4f31-a046-b81d852f61de@group-FD2032A2FA14-LeaderElection92 ELECTION round 0: result REJECTED
2022-06-16 16:22:42,790 [cbc12831-31a5-4f31-a046-b81d852f61de@group-FD2032A2FA14-LeaderElection92] INFO  server.RaftServer$Division (RaftServerImpl.java:setRole(299)) - cbc12831-31a5-4f31-a046-b81d852f61de@group-FD2032A2FA14: changes role from CANDIDATE to FOLLOWER at term 11 for REJECTED
2022-06-16 16:22:42,790 [cbc12831-31a5-4f31-a046-b81d852f61de@group-FD2032A2FA14-LeaderElection92] INFO  impl.RoleInfo (RoleInfo.java:shutdownLeaderElection(130)) - cbc12831-31a5-4f31-a046-b81d852f61de: shutdown cbc12831-31a5-4f31-a046-b81d852f61de@group-FD2032A2FA14-LeaderElection92
2022-06-16 16:22:42,791 [cbc12831-31a5-4f31-a046-b81d852f61de@group-FD2032A2FA14-LeaderElection92] INFO  impl.RoleInfo (RoleInfo.java:updateAndGet(139)) - cbc12831-31a5-4f31-a046-b81d852f61de: start cbc12831-31a5-4f31-a046-b81d852f61de@group-FD2032A2FA14-FollowerState
2022-06-16 16:22:47,800 [6c743a47-4ce0-4970-944e-624fd1e2ad3d@group-FD2032A2FA14-FollowerState] INFO  impl.FollowerState (FollowerState.java:run(143)) - 6c743a47-4ce0-4970-944e-624fd1e2ad3d@group-FD2032A2FA14-FollowerState: change to CANDIDATE, lastRpcElapsedTime:5024174625ns, electionTimeout:5010ms
2022-06-16 16:22:47,800 [6c743a47-4ce0-4970-944e-624fd1e2ad3d@group-FD2032A2FA14-FollowerState] INFO  impl.RoleInfo (RoleInfo.java:shutdownFollowerState(110)) - 6c743a47-4ce0-4970-944e-624fd1e2ad3d: shutdown 6c743a47-4ce0-4970-944e-624fd1e2ad3d@group-FD2032A2FA14-FollowerState
2022-06-16 16:22:47,800 [6c743a47-4ce0-4970-944e-624fd1e2ad3d@group-FD2032A2FA14-FollowerState] INFO  server.RaftServer$Division (RaftServerImpl.java:setRole(299)) - 6c743a47-4ce0-4970-944e-624fd1e2ad3d@group-FD2032A2FA14: changes role from  FOLLOWER to CANDIDATE at term 11 for changeToCandidate
2022-06-16 16:22:47,800 [6c743a47-4ce0-4970-944e-624fd1e2ad3d@group-FD2032A2FA14-FollowerState] INFO  server.RaftServerConfigKeys (ConfUtils.java:logGet(46)) - raft.server.leaderelection.pre-vote = false (custom)
2022-06-16 16:22:47,801 [6c743a47-4ce0-4970-944e-624fd1e2ad3d@group-FD2032A2FA14-FollowerState] INFO  impl.RoleInfo (RoleInfo.java:updateAndGet(139)) - 6c743a47-4ce0-4970-944e-624fd1e2ad3d: start 6c743a47-4ce0-4970-944e-624fd1e2ad3d@group-FD2032A2FA14-LeaderElection93
2022-06-16 16:22:47,814 [6c743a47-4ce0-4970-944e-624fd1e2ad3d@group-FD2032A2FA14-LeaderElection93] INFO  impl.LeaderElection (LeaderElection.java:askForVotes(310)) - 6c743a47-4ce0-4970-944e-624fd1e2ad3d@group-FD2032A2FA14-LeaderElection93 ELECTION round 0: submit vote requests at term 12 for -1: [995fc94b-3f8e-410c-9bb6-8c0a727652de|rpc:10.1.0.16:43709|priority:0, cbc12831-31a5-4f31-a046-b81d852f61de|rpc:10.1.0.16:42913|priority:0, 6c743a47-4ce0-4970-944e-624fd1e2ad3d|rpc:10.1.0.16:44833|priority:1], old=null
2022-06-16 16:22:47,834 [grpc-default-executor-4] INFO  server.RaftServer$Division (RaftServerImpl.java:requestVote(1152)) - 995fc94b-3f8e-410c-9bb6-8c0a727652de@group-FD2032A2FA14: receive requestVote(ELECTION, 6c743a47-4ce0-4970-944e-624fd1e2ad3d, group-FD2032A2FA14, 12, (t:0, i:0))
2022-06-16 16:22:47,834 [grpc-default-executor-4] INFO  impl.VoteContext (VoteContext.java:log(48)) - 995fc94b-3f8e-410c-9bb6-8c0a727652de@group-FD2032A2FA14-FOLLOWER: accept ELECTION from 6c743a47-4ce0-4970-944e-624fd1e2ad3d: our priority 0 <= candidate's priority 1
2022-06-16 16:22:47,834 [grpc-default-executor-4] INFO  server.RaftServer$Division (RaftServerImpl.java:setRole(299)) - 995fc94b-3f8e-410c-9bb6-8c0a727652de@group-FD2032A2FA14: changes role from  FOLLOWER to FOLLOWER at term 12 for candidate:6c743a47-4ce0-4970-944e-624fd1e2ad3d
2022-06-16 16:22:47,834 [grpc-default-executor-4] INFO  impl.RoleInfo (RoleInfo.java:shutdownFollowerState(110)) - 995fc94b-3f8e-410c-9bb6-8c0a727652de: shutdown 995fc94b-3f8e-410c-9bb6-8c0a727652de@group-FD2032A2FA14-FollowerState
2022-06-16 16:22:47,834 [grpc-default-executor-4] INFO  impl.RoleInfo (RoleInfo.java:updateAndGet(139)) - 995fc94b-3f8e-410c-9bb6-8c0a727652de: start 995fc94b-3f8e-410c-9bb6-8c0a727652de@group-FD2032A2FA14-FollowerState
2022-06-16 16:22:47,835 [grpc-default-executor-0] INFO  server.RaftServer$Division (RaftServerImpl.java:requestVote(1152)) - cbc12831-31a5-4f31-a046-b81d852f61de@group-FD2032A2FA14: receive requestVote(ELECTION, 6c743a47-4ce0-4970-944e-624fd1e2ad3d, group-FD2032A2FA14, 12, (t:0, i:0))
2022-06-16 16:22:47,835 [grpc-default-executor-0] INFO  impl.VoteContext (VoteContext.java:log(48)) - cbc12831-31a5-4f31-a046-b81d852f61de@group-FD2032A2FA14-FOLLOWER: accept ELECTION from 6c743a47-4ce0-4970-944e-624fd1e2ad3d: our priority 0 <= candidate's priority 1
2022-06-16 16:22:47,835 [grpc-default-executor-0] INFO  server.RaftServer$Division (RaftServerImpl.java:setRole(299)) - cbc12831-31a5-4f31-a046-b81d852f61de@group-FD2032A2FA14: changes role from  FOLLOWER to FOLLOWER at term 12 for candidate:6c743a47-4ce0-4970-944e-624fd1e2ad3d
2022-06-16 16:22:47,835 [grpc-default-executor-0] INFO  impl.RoleInfo (RoleInfo.java:shutdownFollowerState(110)) - cbc12831-31a5-4f31-a046-b81d852f61de: shutdown cbc12831-31a5-4f31-a046-b81d852f61de@group-FD2032A2FA14-FollowerState
2022-06-16 16:22:47,838 [cbc12831-31a5-4f31-a046-b81d852f61de@group-FD2032A2FA14-FollowerState] INFO  impl.FollowerState (FollowerState.java:run(152)) - cbc12831-31a5-4f31-a046-b81d852f61de@group-FD2032A2FA14-FollowerState was interrupted
2022-06-16 16:22:47,838 [grpc-default-executor-0] INFO  impl.RoleInfo (RoleInfo.java:updateAndGet(139)) - cbc12831-31a5-4f31-a046-b81d852f61de: start cbc12831-31a5-4f31-a046-b81d852f61de@group-FD2032A2FA14-FollowerState
2022-06-16 16:22:47,840 [grpc-default-executor-4] INFO  server.RaftServer$Division (RaftServerImpl.java:requestVote(1184)) - 995fc94b-3f8e-410c-9bb6-8c0a727652de@group-FD2032A2FA14 replies to ELECTION vote request: 6c743a47-4ce0-4970-944e-624fd1e2ad3d<-995fc94b-3f8e-410c-9bb6-8c0a727652de#0:OK-t12. Peer's state: 995fc94b-3f8e-410c-9bb6-8c0a727652de@group-FD2032A2FA14:t12, leader=null, voted=6c743a47-4ce0-4970-944e-624fd1e2ad3d, raftlog=995fc94b-3f8e-410c-9bb6-8c0a727652de@group-FD2032A2FA14-SegmentedRaftLog:OPENED:c-1, conf=-1: [995fc94b-3f8e-410c-9bb6-8c0a727652de|rpc:10.1.0.16:43709|dataStream:|priority:0, cbc12831-31a5-4f31-a046-b81d852f61de|rpc:10.1.0.16:42913|dataStream:|priority:0, 6c743a47-4ce0-4970-944e-624fd1e2ad3d|rpc:10.1.0.16:44833|dataStream:|priority:1], old=null
2022-06-16 16:22:47,862 [995fc94b-3f8e-410c-9bb6-8c0a727652de@group-FD2032A2FA14-FollowerState] INFO  impl.FollowerState (FollowerState.java:run(152)) - 995fc94b-3f8e-410c-9bb6-8c0a727652de@group-FD2032A2FA14-FollowerState was interrupted
2022-06-16 16:22:47,909 [6c743a47-4ce0-4970-944e-624fd1e2ad3d@group-FD2032A2FA14-LeaderElection93] INFO  impl.LeaderElection (LeaderElection.java:logAndReturn(90)) - 6c743a47-4ce0-4970-944e-624fd1e2ad3d@group-FD2032A2FA14-LeaderElection93: ELECTION PASSED received 1 response(s) and 0 exception(s):
2022-06-16 16:22:47,909 [6c743a47-4ce0-4970-944e-624fd1e2ad3d@group-FD2032A2FA14-LeaderElection93] INFO  impl.LeaderElection (LeaderElection.java:logAndReturn(94)) -   Response 0: 6c743a47-4ce0-4970-944e-624fd1e2ad3d<-995fc94b-3f8e-410c-9bb6-8c0a727652de#0:OK-t12
2022-06-16 16:22:47,909 [6c743a47-4ce0-4970-944e-624fd1e2ad3d@group-FD2032A2FA14-LeaderElection93] INFO  impl.LeaderElection (LeaderElection.java:askForVotes(312)) - 6c743a47-4ce0-4970-944e-624fd1e2ad3d@group-FD2032A2FA14-LeaderElection93 ELECTION round 0: result PASSED
2022-06-16 16:22:47,909 [6c743a47-4ce0-4970-944e-624fd1e2ad3d@group-FD2032A2FA14-LeaderElection93] INFO  impl.RoleInfo (RoleInfo.java:shutdownLeaderElection(130)) - 6c743a47-4ce0-4970-944e-624fd1e2ad3d: shutdown 6c743a47-4ce0-4970-944e-624fd1e2ad3d@group-FD2032A2FA14-LeaderElection93
2022-06-16 16:22:47,909 [6c743a47-4ce0-4970-944e-624fd1e2ad3d@group-FD2032A2FA14-LeaderElection93] INFO  server.RaftServer$Division (RaftServerImpl.java:setRole(299)) - 6c743a47-4ce0-4970-944e-624fd1e2ad3d@group-FD2032A2FA14: changes role from CANDIDATE to LEADER at term 12 for changeToLeader
2022-06-16 16:22:47,909 [6c743a47-4ce0-4970-944e-624fd1e2ad3d@group-FD2032A2FA14-LeaderElection93] INFO  ratis.XceiverServerRatis (XceiverServerRatis.java:handleLeaderChangedNotification(863)) - Leader change notification received for group: group-FD2032A2FA14 with new leaderId: 6c743a47-4ce0-4970-944e-624fd1e2ad3d
2022-06-16 16:22:47,910 [6c743a47-4ce0-4970-944e-624fd1e2ad3d@group-FD2032A2FA14-LeaderElection93] INFO  server.RaftServer$Division (ServerState.java:setLeader(287)) - 6c743a47-4ce0-4970-944e-624fd1e2ad3d@group-FD2032A2FA14: change Leader from null to 6c743a47-4ce0-4970-944e-624fd1e2ad3d at term 12 for becomeLeader, leader elected after 62714ms
2022-06-16 16:22:47,910 [6c743a47-4ce0-4970-944e-624fd1e2ad3d@group-FD2032A2FA14-LeaderElection93] INFO  server.RaftServerConfigKeys (ConfUtils.java:logGet(46)) - raft.server.staging.catchup.gap = 1000 (default)
2022-06-16 16:22:47,910 [6c743a47-4ce0-4970-944e-624fd1e2ad3d@group-FD2032A2FA14-LeaderElection93] INFO  server.RaftServerConfigKeys (ConfUtils.java:logGet(46)) - raft.server.write.element-limit = 1024 (custom)
2022-06-16 16:22:47,910 [6c743a47-4ce0-4970-944e-624fd1e2ad3d@group-FD2032A2FA14-LeaderElection93] INFO  server.RaftServerConfigKeys (ConfUtils.java:logGet(46)) - raft.server.write.byte-limit = 1024 M (=1073741824) (custom)
2022-06-16 16:22:47,910 [6c743a47-4ce0-4970-944e-624fd1e2ad3d@group-FD2032A2FA14-LeaderElection93] INFO  server.RaftServerConfigKeys (ConfUtils.java:logGet(46)) - raft.server.watch.timeout = 180s (custom)
2022-06-16 16:22:47,910 [6c743a47-4ce0-4970-944e-624fd1e2ad3d@group-FD2032A2FA14-LeaderElection93] INFO  server.RaftServerConfigKeys (ConfUtils.java:logGet(46)) - raft.server.watch.timeout.denomination = 1s (default)
2022-06-16 16:22:47,910 [6c743a47-4ce0-4970-944e-624fd1e2ad3d@group-FD2032A2FA14-LeaderElection93] INFO  server.RaftServerConfigKeys (ConfUtils.java:logGet(46)) - raft.server.watch.element-limit = 65536 (default)
2022-06-16 16:22:47,910 [6c743a47-4ce0-4970-944e-624fd1e2ad3d@group-FD2032A2FA14-LeaderElection93] INFO  server.RaftServerConfigKeys (ConfUtils.java:logGet(46)) - raft.server.write.element-limit = 1024 (custom)
2022-06-16 16:22:47,910 [6c743a47-4ce0-4970-944e-624fd1e2ad3d@group-FD2032A2FA14-LeaderElection93] INFO  server.RaftServerConfigKeys (ConfUtils.java:logGet(46)) - raft.server.write.follower.gap.ratio.max = -1.0 (default)
2022-06-16 16:22:47,911 [6c743a47-4ce0-4970-944e-624fd1e2ad3d@group-FD2032A2FA14-LeaderElection93] INFO  server.RaftServerConfigKeys (ConfUtils.java:logGet(46)) - raft.server.log.appender.snapshot.chunk.size.max = 16MB (=16777216) (default)
2022-06-16 16:22:47,911 [6c743a47-4ce0-4970-944e-624fd1e2ad3d@group-FD2032A2FA14-LeaderElection93] INFO  server.RaftServerConfigKeys (ConfUtils.java:logGet(46)) - raft.server.log.appender.buffer.byte-limit = 33554432 (custom)
2022-06-16 16:22:47,911 [6c743a47-4ce0-4970-944e-624fd1e2ad3d@group-FD2032A2FA14-LeaderElection93] INFO  server.RaftServerConfigKeys (ConfUtils.java:logGet(46)) - raft.server.log.appender.buffer.element-limit = 1 (custom)
2022-06-16 16:22:47,911 [6c743a47-4ce0-4970-944e-624fd1e2ad3d@group-FD2032A2FA14-LeaderElection93] INFO  grpc.GrpcConfigKeys (ConfUtils.java:logGet(46)) - raft.grpc.server.leader.outstanding.appends.max = 128 (default)
2022-06-16 16:22:47,911 [6c743a47-4ce0-4970-944e-624fd1e2ad3d@group-FD2032A2FA14-LeaderElection93] INFO  server.RaftServerConfigKeys (ConfUtils.java:logGet(46)) - raft.server.rpc.request.timeout = 60s (custom)
2022-06-16 16:22:47,911 [6c743a47-4ce0-4970-944e-624fd1e2ad3d@group-FD2032A2FA14-LeaderElection93] INFO  server.RaftServerConfigKeys (ConfUtils.java:logGet(46)) - raft.server.log.appender.install.snapshot.enabled = false (custom)
2022-06-16 16:22:47,914 [EventQueue-PipelineReportForPipelineReportHandler] INFO  pipeline.PipelineManagerImpl (PipelineManagerImpl.java:openPipeline(356)) - Pipeline Pipeline[ Id: c99e7ff5-5da8-4011-b0c7-fd2032a2fa14, Nodes: 6c743a47-4ce0-4970-944e-624fd1e2ad3d{ip: 10.1.0.16, host: fv-az37-268.zqe2tmcsx5vuvjs3sdc4q2yfud.gx.internal.cloudapp.net, ports: [REPLICATION=45633, RATIS=44833, RATIS_ADMIN=44833, RATIS_SERVER=44833, STANDALONE=41629], networkLocation: /default-rack, certSerialId: null, persistedOpState: IN_SERVICE, persistedOpStateExpiryEpochSec: 0}995fc94b-3f8e-410c-9bb6-8c0a727652de{ip: 10.1.0.16, host: fv-az37-268.zqe2tmcsx5vuvjs3sdc4q2yfud.gx.internal.cloudapp.net, ports: [REPLICATION=33241, RATIS=43709, RATIS_ADMIN=43709, RATIS_SERVER=43709, STANDALONE=37239], networkLocation: /default-rack, certSerialId: null, persistedOpState: IN_SERVICE, persistedOpStateExpiryEpochSec: 0}cbc12831-31a5-4f31-a046-b81d852f61de{ip: 10.1.0.16, host: fv-az37-268.zqe2tmcsx5vuvjs3sdc4q2yfud.gx.internal.cloudapp.net, ports: [REPLICATION=45157, RATIS=42913, RATIS_ADMIN=42913, RATIS_SERVER=42913, STANDALONE=40547], networkLocation: /default-rack, certSerialId: null, persistedOpState: IN_SERVICE, persistedOpStateExpiryEpochSec: 0}, ReplicationConfig: RATIS/THREE, State:ALLOCATED, leaderId:6c743a47-4ce0-4970-944e-624fd1e2ad3d, CreationTimestamp2022-06-16T16:21:43.168Z[Etc/UTC]] moved to OPEN state
2022-06-16 16:22:47,926 [grpc-default-executor-0] INFO  server.RaftServer$Division (RaftServerImpl.java:requestVote(1184)) - cbc12831-31a5-4f31-a046-b81d852f61de@group-FD2032A2FA14 replies to ELECTION vote request: 6c743a47-4ce0-4970-944e-624fd1e2ad3d<-cbc12831-31a5-4f31-a046-b81d852f61de#0:OK-t12. Peer's state: cbc12831-31a5-4f31-a046-b81d852f61de@group-FD2032A2FA14:t12, leader=null, voted=6c743a47-4ce0-4970-944e-624fd1e2ad3d, raftlog=cbc12831-31a5-4f31-a046-b81d852f61de@group-FD2032A2FA14-SegmentedRaftLog:OPENED:c-1, conf=-1: [995fc94b-3f8e-410c-9bb6-8c0a727652de|rpc:10.1.0.16:43709|priority:0, cbc12831-31a5-4f31-a046-b81d852f61de|rpc:10.1.0.16:42913|priority:0, 6c743a47-4ce0-4970-944e-624fd1e2ad3d|rpc:10.1.0.16:44833|priority:1], old=null
2022-06-16 16:22:47,939 [6c743a47-4ce0-4970-944e-624fd1e2ad3d@group-FD2032A2FA14-LeaderElection93] INFO  server.RaftServerConfigKeys (ConfUtils.java:logGet(46)) - raft.server.log.appender.snapshot.chunk.size.max = 16MB (=16777216) (default)
2022-06-16 16:22:47,939 [6c743a47-4ce0-4970-944e-624fd1e2ad3d@group-FD2032A2FA14-LeaderElection93] INFO  server.RaftServerConfigKeys (ConfUtils.java:logGet(46)) - raft.server.log.appender.buffer.byte-limit = 33554432 (custom)
2022-06-16 16:22:47,942 [6c743a47-4ce0-4970-944e-624fd1e2ad3d@group-FD2032A2FA14-LeaderElection93] INFO  server.RaftServerConfigKeys (ConfUtils.java:logGet(46)) - raft.server.log.appender.buffer.element-limit = 1 (custom)
2022-06-16 16:22:47,942 [6c743a47-4ce0-4970-944e-624fd1e2ad3d@group-FD2032A2FA14-LeaderElection93] INFO  grpc.GrpcConfigKeys (ConfUtils.java:logGet(46)) - raft.grpc.server.leader.outstanding.appends.max = 128 (default)
2022-06-16 16:22:47,944 [6c743a47-4ce0-4970-944e-624fd1e2ad3d@group-FD2032A2FA14-LeaderElection93] INFO  server.RaftServerConfigKeys (ConfUtils.java:logGet(46)) - raft.server.rpc.request.timeout = 60s (custom)
2022-06-16 16:22:47,944 [6c743a47-4ce0-4970-944e-624fd1e2ad3d@group-FD2032A2FA14-LeaderElection93] INFO  server.RaftServerConfigKeys (ConfUtils.java:logGet(46)) - raft.server.log.appender.install.snapshot.enabled = false (custom)
2022-06-16 16:22:47,944 [6c743a47-4ce0-4970-944e-624fd1e2ad3d@group-FD2032A2FA14-LeaderElection93] INFO  impl.RoleInfo (RoleInfo.java:updateAndGet(139)) - 6c743a47-4ce0-4970-944e-624fd1e2ad3d: start 6c743a47-4ce0-4970-944e-624fd1e2ad3d@group-FD2032A2FA14-LeaderStateImpl
2022-06-16 16:22:47,944 [6c743a47-4ce0-4970-944e-624fd1e2ad3d@group-FD2032A2FA14-LeaderElection93] INFO  segmented.SegmentedRaftLogWorker (SegmentedRaftLogWorker.java:startLogSegment(425)) - 6c743a47-4ce0-4970-944e-624fd1e2ad3d@group-FD2032A2FA14-SegmentedRaftLogWorker: Starting segment from index:0
2022-06-16 16:22:47,946 [6c743a47-4ce0-4970-944e-624fd1e2ad3d@group-FD2032A2FA14-SegmentedRaftLogWorker] INFO  segmented.SegmentedRaftLogWorker (SegmentedRaftLogWorker.java:execute(629)) - 6c743a47-4ce0-4970-944e-624fd1e2ad3d@group-FD2032A2FA14-SegmentedRaftLogWorker: created new log segment /home/runner/work/ozone/ozone/hadoop-ozone/integration-test/target/test-dir/MiniOzoneClusterImpl-41de4505-4fce-475e-a877-0dc0879048ec/datanode-1/data/ratis/c99e7ff5-5da8-4011-b0c7-fd2032a2fa14/current/log_inprogress_0
2022-06-16 16:22:48,012 [6c743a47-4ce0-4970-944e-624fd1e2ad3d@group-FD2032A2FA14-LeaderElection93] INFO  server.RaftServer$Division (ServerState.java:setRaftConf(393)) - 6c743a47-4ce0-4970-944e-624fd1e2ad3d@group-FD2032A2FA14: set configuration 0: [995fc94b-3f8e-410c-9bb6-8c0a727652de|rpc:10.1.0.16:43709|dataStream:|priority:0, cbc12831-31a5-4f31-a046-b81d852f61de|rpc:10.1.0.16:42913|dataStream:|priority:0, 6c743a47-4ce0-4970-944e-624fd1e2ad3d|rpc:10.1.0.16:44833|dataStream:|priority:1], old=null
2022-06-16 16:22:48,021 [995fc94b-3f8e-410c-9bb6-8c0a727652de-server-thread1] INFO  ratis.XceiverServerRatis (XceiverServerRatis.java:handleLeaderChangedNotification(863)) - Leader change notification received for group: group-FD2032A2FA14 with new leaderId: 6c743a47-4ce0-4970-944e-624fd1e2ad3d
2022-06-16 16:22:48,021 [995fc94b-3f8e-410c-9bb6-8c0a727652de-server-thread1] INFO  server.RaftServer$Division (ServerState.java:setLeader(287)) - 995fc94b-3f8e-410c-9bb6-8c0a727652de@group-FD2032A2FA14: change Leader from null to 6c743a47-4ce0-4970-944e-624fd1e2ad3d at term 12 for appendEntries, leader elected after 62665ms
2022-06-16 16:22:48,022 [cbc12831-31a5-4f31-a046-b81d852f61de-server-thread1] INFO  ratis.XceiverServerRatis (XceiverServerRatis.java:handleLeaderChangedNotification(863)) - Leader change notification received for group: group-FD2032A2FA14 with new leaderId: 6c743a47-4ce0-4970-944e-624fd1e2ad3d
2022-06-16 16:22:48,022 [cbc12831-31a5-4f31-a046-b81d852f61de-server-thread1] INFO  server.RaftServer$Division (ServerState.java:setLeader(287)) - cbc12831-31a5-4f31-a046-b81d852f61de@group-FD2032A2FA14: change Leader from null to 6c743a47-4ce0-4970-944e-624fd1e2ad3d at term 12 for appendEntries, leader elected after 62802ms
2022-06-16 16:22:48,022 [995fc94b-3f8e-410c-9bb6-8c0a727652de-server-thread1] INFO  server.RaftServer$Division (ServerState.java:setRaftConf(393)) - 995fc94b-3f8e-410c-9bb6-8c0a727652de@group-FD2032A2FA14: set configuration 0: [995fc94b-3f8e-410c-9bb6-8c0a727652de|rpc:10.1.0.16:43709|dataStream:|priority:0, cbc12831-31a5-4f31-a046-b81d852f61de|rpc:10.1.0.16:42913|dataStream:|priority:0, 6c743a47-4ce0-4970-944e-624fd1e2ad3d|rpc:10.1.0.16:44833|dataStream:|priority:1], old=null
2022-06-16 16:22:48,022 [995fc94b-3f8e-410c-9bb6-8c0a727652de-server-thread1] INFO  segmented.SegmentedRaftLogWorker (SegmentedRaftLogWorker.java:startLogSegment(425)) - 995fc94b-3f8e-410c-9bb6-8c0a727652de@group-FD2032A2FA14-SegmentedRaftLogWorker: Starting segment from index:0
2022-06-16 16:22:48,024 [995fc94b-3f8e-410c-9bb6-8c0a727652de@group-FD2032A2FA14-SegmentedRaftLogWorker] INFO  segmented.SegmentedRaftLogWorker (SegmentedRaftLogWorker.java:execute(629)) - 995fc94b-3f8e-410c-9bb6-8c0a727652de@group-FD2032A2FA14-SegmentedRaftLogWorker: created new log segment /home/runner/work/ozone/ozone/hadoop-ozone/integration-test/target/test-dir/MiniOzoneClusterImpl-41de4505-4fce-475e-a877-0dc0879048ec/datanode-2/data/ratis/c99e7ff5-5da8-4011-b0c7-fd2032a2fa14/current/log_inprogress_0
2022-06-16 16:22:48,087 [cbc12831-31a5-4f31-a046-b81d852f61de-server-thread1] INFO  server.RaftServer$Division (ServerState.java:setRaftConf(393)) - cbc12831-31a5-4f31-a046-b81d852f61de@group-FD2032A2FA14: set configuration 0: [995fc94b-3f8e-410c-9bb6-8c0a727652de|rpc:10.1.0.16:43709|dataStream:|priority:0, cbc12831-31a5-4f31-a046-b81d852f61de|rpc:10.1.0.16:42913|dataStream:|priority:0, 6c743a47-4ce0-4970-944e-624fd1e2ad3d|rpc:10.1.0.16:44833|dataStream:|priority:1], old=null
2022-06-16 16:22:48,087 [cbc12831-31a5-4f31-a046-b81d852f61de-server-thread1] INFO  segmented.SegmentedRaftLogWorker (SegmentedRaftLogWorker.java:startLogSegment(425)) - cbc12831-31a5-4f31-a046-b81d852f61de@group-FD2032A2FA14-SegmentedRaftLogWorker: Starting segment from index:0
2022-06-16 16:22:48,088 [cbc12831-31a5-4f31-a046-b81d852f61de@group-FD2032A2FA14-SegmentedRaftLogWorker] INFO  segmented.SegmentedRaftLogWorker (SegmentedRaftLogWorker.java:execute(629)) - cbc12831-31a5-4f31-a046-b81d852f61de@group-FD2032A2FA14-SegmentedRaftLogWorker: created new log segment /home/runner/work/ozone/ozone/hadoop-ozone/integration-test/target/test-dir/MiniOzoneClusterImpl-41de4505-4fce-475e-a877-0dc0879048ec/datanode-0/data/ratis/c99e7ff5-5da8-4011-b0c7-fd2032a2fa14/current/log_inprogress_0
]]></system-out>
  </testcase>
  <testcase name="testListStatusOnLargeDirectory" classname="TestRootedOzoneFileSystem" time="16.75">
    <system-out><![CDATA[2022-06-16 16:24:01,874 [Time-limited test] INFO  rpc.RpcClient (RpcClient.java:createVolume(466)) - Creating Volume: volume42760, with user10730 as owner and space quota set to -1 bytes, counts quota set to -1
2022-06-16 16:24:01,882 [IPC Server handler 6 on default port 44357] INFO  volume.OMVolumeCreateRequest (OMVolumeCreateRequest.java:validateAndUpdateCache(195)) - created volume:volume42760 for user:user10730
2022-06-16 16:24:01,898 [Time-limited test] INFO  rpc.RpcClient (RpcClient.java:createBucket(666)) - Creating Bucket: volume42760/bucket74045, with the Bucket Layout LEGACY, runner as owner, Versioning false, Storage Type set to DISK and Encryption set to false 
2022-06-16 16:24:01,899 [IPC Server handler 11 on default port 44357] INFO  bucket.OMBucketCreateRequest (OMBucketCreateRequest.java:validateAndUpdateCache(260)) - created bucket: bucket74045 of layout LEGACY in volume: volume42760
2022-06-16 16:24:03,232 [bbd9c71d-1d51-4586-8dfe-839c345bb7aa@group-0983F9970AB4-FollowerState] INFO  impl.FollowerState (FollowerState.java:run(143)) - bbd9c71d-1d51-4586-8dfe-839c345bb7aa@group-0983F9970AB4-FollowerState: change to CANDIDATE, lastRpcElapsedTime:5075916153ns, electionTimeout:5070ms
2022-06-16 16:24:03,232 [bbd9c71d-1d51-4586-8dfe-839c345bb7aa@group-0983F9970AB4-FollowerState] INFO  impl.RoleInfo (RoleInfo.java:shutdownFollowerState(110)) - bbd9c71d-1d51-4586-8dfe-839c345bb7aa: shutdown bbd9c71d-1d51-4586-8dfe-839c345bb7aa@group-0983F9970AB4-FollowerState
2022-06-16 16:24:03,232 [bbd9c71d-1d51-4586-8dfe-839c345bb7aa@group-0983F9970AB4-FollowerState] INFO  server.RaftServer$Division (RaftServerImpl.java:setRole(299)) - bbd9c71d-1d51-4586-8dfe-839c345bb7aa@group-0983F9970AB4: changes role from  FOLLOWER to CANDIDATE at term 3 for changeToCandidate
2022-06-16 16:24:03,232 [bbd9c71d-1d51-4586-8dfe-839c345bb7aa@group-0983F9970AB4-FollowerState] INFO  server.RaftServerConfigKeys (ConfUtils.java:logGet(46)) - raft.server.leaderelection.pre-vote = false (custom)
2022-06-16 16:24:03,232 [bbd9c71d-1d51-4586-8dfe-839c345bb7aa@group-0983F9970AB4-FollowerState] INFO  impl.RoleInfo (RoleInfo.java:updateAndGet(139)) - bbd9c71d-1d51-4586-8dfe-839c345bb7aa: start bbd9c71d-1d51-4586-8dfe-839c345bb7aa@group-0983F9970AB4-LeaderElection105
2022-06-16 16:24:03,243 [bbd9c71d-1d51-4586-8dfe-839c345bb7aa@group-0983F9970AB4-LeaderElection105] INFO  impl.LeaderElection (LeaderElection.java:askForVotes(310)) - bbd9c71d-1d51-4586-8dfe-839c345bb7aa@group-0983F9970AB4-LeaderElection105 ELECTION round 0: submit vote requests at term 4 for -1: [7086d85c-5d6d-4b3d-a268-a825c95e3ca8|rpc:10.1.0.16:45221|dataStream:|priority:0, bbd9c71d-1d51-4586-8dfe-839c345bb7aa|rpc:10.1.0.16:39765|dataStream:|priority:1, bd7010b0-d724-4aae-b0ab-320b4ad428f6|rpc:10.1.0.16:43957|dataStream:|priority:0], old=null
2022-06-16 16:24:03,326 [grpc-default-executor-0] INFO  server.RaftServer$Division (RaftServerImpl.java:requestVote(1152)) - 7086d85c-5d6d-4b3d-a268-a825c95e3ca8@group-0983F9970AB4: receive requestVote(ELECTION, bbd9c71d-1d51-4586-8dfe-839c345bb7aa, group-0983F9970AB4, 4, (t:0, i:0))
2022-06-16 16:24:03,326 [grpc-default-executor-0] INFO  impl.VoteContext (VoteContext.java:log(48)) - 7086d85c-5d6d-4b3d-a268-a825c95e3ca8@group-0983F9970AB4-FOLLOWER: accept ELECTION from bbd9c71d-1d51-4586-8dfe-839c345bb7aa: our priority 0 <= candidate's priority 1
2022-06-16 16:24:03,326 [grpc-default-executor-0] INFO  server.RaftServer$Division (RaftServerImpl.java:setRole(299)) - 7086d85c-5d6d-4b3d-a268-a825c95e3ca8@group-0983F9970AB4: changes role from  FOLLOWER to FOLLOWER at term 4 for candidate:bbd9c71d-1d51-4586-8dfe-839c345bb7aa
2022-06-16 16:24:03,326 [grpc-default-executor-0] INFO  impl.RoleInfo (RoleInfo.java:shutdownFollowerState(110)) - 7086d85c-5d6d-4b3d-a268-a825c95e3ca8: shutdown 7086d85c-5d6d-4b3d-a268-a825c95e3ca8@group-0983F9970AB4-FollowerState
2022-06-16 16:24:03,328 [bd7010b0-d724-4aae-b0ab-320b4ad428f6@group-0983F9970AB4-FollowerState] INFO  impl.FollowerState (FollowerState.java:run(143)) - bd7010b0-d724-4aae-b0ab-320b4ad428f6@group-0983F9970AB4-FollowerState: change to CANDIDATE, lastRpcElapsedTime:5162177482ns, electionTimeout:5090ms
2022-06-16 16:24:03,328 [bd7010b0-d724-4aae-b0ab-320b4ad428f6@group-0983F9970AB4-FollowerState] INFO  impl.RoleInfo (RoleInfo.java:shutdownFollowerState(110)) - bd7010b0-d724-4aae-b0ab-320b4ad428f6: shutdown bd7010b0-d724-4aae-b0ab-320b4ad428f6@group-0983F9970AB4-FollowerState
2022-06-16 16:24:03,328 [bd7010b0-d724-4aae-b0ab-320b4ad428f6@group-0983F9970AB4-FollowerState] INFO  server.RaftServer$Division (RaftServerImpl.java:setRole(299)) - bd7010b0-d724-4aae-b0ab-320b4ad428f6@group-0983F9970AB4: changes role from  FOLLOWER to CANDIDATE at term 3 for changeToCandidate
2022-06-16 16:24:03,330 [bd7010b0-d724-4aae-b0ab-320b4ad428f6@group-0983F9970AB4-FollowerState] INFO  server.RaftServerConfigKeys (ConfUtils.java:logGet(46)) - raft.server.leaderelection.pre-vote = false (custom)
2022-06-16 16:24:03,330 [grpc-default-executor-0] INFO  impl.RoleInfo (RoleInfo.java:updateAndGet(139)) - 7086d85c-5d6d-4b3d-a268-a825c95e3ca8: start 7086d85c-5d6d-4b3d-a268-a825c95e3ca8@group-0983F9970AB4-FollowerState
2022-06-16 16:24:03,330 [bd7010b0-d724-4aae-b0ab-320b4ad428f6@group-0983F9970AB4-FollowerState] INFO  impl.RoleInfo (RoleInfo.java:updateAndGet(139)) - bd7010b0-d724-4aae-b0ab-320b4ad428f6: start bd7010b0-d724-4aae-b0ab-320b4ad428f6@group-0983F9970AB4-LeaderElection106
2022-06-16 16:24:03,333 [grpc-default-executor-0] INFO  server.RaftServer$Division (RaftServerImpl.java:requestVote(1184)) - 7086d85c-5d6d-4b3d-a268-a825c95e3ca8@group-0983F9970AB4 replies to ELECTION vote request: bbd9c71d-1d51-4586-8dfe-839c345bb7aa<-7086d85c-5d6d-4b3d-a268-a825c95e3ca8#0:OK-t4. Peer's state: 7086d85c-5d6d-4b3d-a268-a825c95e3ca8@group-0983F9970AB4:t4, leader=null, voted=bbd9c71d-1d51-4586-8dfe-839c345bb7aa, raftlog=7086d85c-5d6d-4b3d-a268-a825c95e3ca8@group-0983F9970AB4-SegmentedRaftLog:OPENED:c-1, conf=-1: [7086d85c-5d6d-4b3d-a268-a825c95e3ca8|rpc:10.1.0.16:45221|priority:0, bbd9c71d-1d51-4586-8dfe-839c345bb7aa|rpc:10.1.0.16:39765|priority:1, bd7010b0-d724-4aae-b0ab-320b4ad428f6|rpc:10.1.0.16:43957|priority:0], old=null
2022-06-16 16:24:03,351 [bd7010b0-d724-4aae-b0ab-320b4ad428f6@group-0983F9970AB4-LeaderElection106] INFO  impl.LeaderElection (LeaderElection.java:askForVotes(310)) - bd7010b0-d724-4aae-b0ab-320b4ad428f6@group-0983F9970AB4-LeaderElection106 ELECTION round 0: submit vote requests at term 4 for -1: [7086d85c-5d6d-4b3d-a268-a825c95e3ca8|rpc:10.1.0.16:45221|dataStream:|priority:0, bbd9c71d-1d51-4586-8dfe-839c345bb7aa|rpc:10.1.0.16:39765|dataStream:|priority:1, bd7010b0-d724-4aae-b0ab-320b4ad428f6|rpc:10.1.0.16:43957|dataStream:|priority:0], old=null
2022-06-16 16:24:03,396 [7086d85c-5d6d-4b3d-a268-a825c95e3ca8@group-0983F9970AB4-FollowerState] INFO  impl.FollowerState (FollowerState.java:run(152)) - 7086d85c-5d6d-4b3d-a268-a825c95e3ca8@group-0983F9970AB4-FollowerState was interrupted
2022-06-16 16:24:03,476 [bbd9c71d-1d51-4586-8dfe-839c345bb7aa@group-0983F9970AB4-LeaderElection105] INFO  impl.LeaderElection (LeaderElection.java:logAndReturn(90)) - bbd9c71d-1d51-4586-8dfe-839c345bb7aa@group-0983F9970AB4-LeaderElection105: ELECTION PASSED received 1 response(s) and 0 exception(s):
2022-06-16 16:24:03,476 [bbd9c71d-1d51-4586-8dfe-839c345bb7aa@group-0983F9970AB4-LeaderElection105] INFO  impl.LeaderElection (LeaderElection.java:logAndReturn(94)) -   Response 0: bbd9c71d-1d51-4586-8dfe-839c345bb7aa<-7086d85c-5d6d-4b3d-a268-a825c95e3ca8#0:OK-t4
2022-06-16 16:24:03,476 [bbd9c71d-1d51-4586-8dfe-839c345bb7aa@group-0983F9970AB4-LeaderElection105] INFO  impl.LeaderElection (LeaderElection.java:askForVotes(312)) - bbd9c71d-1d51-4586-8dfe-839c345bb7aa@group-0983F9970AB4-LeaderElection105 ELECTION round 0: result PASSED
2022-06-16 16:24:03,476 [bbd9c71d-1d51-4586-8dfe-839c345bb7aa@group-0983F9970AB4-LeaderElection105] INFO  impl.RoleInfo (RoleInfo.java:shutdownLeaderElection(130)) - bbd9c71d-1d51-4586-8dfe-839c345bb7aa: shutdown bbd9c71d-1d51-4586-8dfe-839c345bb7aa@group-0983F9970AB4-LeaderElection105
2022-06-16 16:24:03,476 [bbd9c71d-1d51-4586-8dfe-839c345bb7aa@group-0983F9970AB4-LeaderElection105] INFO  server.RaftServer$Division (RaftServerImpl.java:setRole(299)) - bbd9c71d-1d51-4586-8dfe-839c345bb7aa@group-0983F9970AB4: changes role from CANDIDATE to LEADER at term 4 for changeToLeader
2022-06-16 16:24:03,476 [bbd9c71d-1d51-4586-8dfe-839c345bb7aa@group-0983F9970AB4-LeaderElection105] INFO  ratis.XceiverServerRatis (XceiverServerRatis.java:handleLeaderChangedNotification(863)) - Leader change notification received for group: group-0983F9970AB4 with new leaderId: bbd9c71d-1d51-4586-8dfe-839c345bb7aa
2022-06-16 16:24:03,476 [bbd9c71d-1d51-4586-8dfe-839c345bb7aa@group-0983F9970AB4-LeaderElection105] INFO  server.RaftServer$Division (ServerState.java:setLeader(287)) - bbd9c71d-1d51-4586-8dfe-839c345bb7aa@group-0983F9970AB4: change Leader from null to bbd9c71d-1d51-4586-8dfe-839c345bb7aa at term 4 for becomeLeader, leader elected after 20566ms
2022-06-16 16:24:03,476 [bbd9c71d-1d51-4586-8dfe-839c345bb7aa@group-0983F9970AB4-LeaderElection105] INFO  server.RaftServerConfigKeys (ConfUtils.java:logGet(46)) - raft.server.staging.catchup.gap = 1000 (default)
2022-06-16 16:24:03,476 [bbd9c71d-1d51-4586-8dfe-839c345bb7aa@group-0983F9970AB4-LeaderElection105] INFO  server.RaftServerConfigKeys (ConfUtils.java:logGet(46)) - raft.server.write.element-limit = 1024 (custom)
2022-06-16 16:24:03,476 [bbd9c71d-1d51-4586-8dfe-839c345bb7aa@group-0983F9970AB4-LeaderElection105] INFO  server.RaftServerConfigKeys (ConfUtils.java:logGet(46)) - raft.server.write.byte-limit = 1024 M (=1073741824) (custom)
2022-06-16 16:24:03,477 [bbd9c71d-1d51-4586-8dfe-839c345bb7aa@group-0983F9970AB4-LeaderElection105] INFO  server.RaftServerConfigKeys (ConfUtils.java:logGet(46)) - raft.server.watch.timeout = 180s (custom)
2022-06-16 16:24:03,477 [bbd9c71d-1d51-4586-8dfe-839c345bb7aa@group-0983F9970AB4-LeaderElection105] INFO  server.RaftServerConfigKeys (ConfUtils.java:logGet(46)) - raft.server.watch.timeout.denomination = 1s (default)
2022-06-16 16:24:03,477 [bbd9c71d-1d51-4586-8dfe-839c345bb7aa@group-0983F9970AB4-LeaderElection105] INFO  server.RaftServerConfigKeys (ConfUtils.java:logGet(46)) - raft.server.watch.element-limit = 65536 (default)
2022-06-16 16:24:03,477 [bbd9c71d-1d51-4586-8dfe-839c345bb7aa@group-0983F9970AB4-LeaderElection105] INFO  server.RaftServerConfigKeys (ConfUtils.java:logGet(46)) - raft.server.write.element-limit = 1024 (custom)
2022-06-16 16:24:03,477 [bbd9c71d-1d51-4586-8dfe-839c345bb7aa@group-0983F9970AB4-LeaderElection105] INFO  server.RaftServerConfigKeys (ConfUtils.java:logGet(46)) - raft.server.write.follower.gap.ratio.max = -1.0 (default)
2022-06-16 16:24:03,478 [bbd9c71d-1d51-4586-8dfe-839c345bb7aa@group-0983F9970AB4-LeaderElection105] INFO  server.RaftServerConfigKeys (ConfUtils.java:logGet(46)) - raft.server.log.appender.snapshot.chunk.size.max = 16MB (=16777216) (default)
2022-06-16 16:24:03,478 [bbd9c71d-1d51-4586-8dfe-839c345bb7aa@group-0983F9970AB4-LeaderElection105] INFO  server.RaftServerConfigKeys (ConfUtils.java:logGet(46)) - raft.server.log.appender.buffer.byte-limit = 33554432 (custom)
2022-06-16 16:24:03,478 [bbd9c71d-1d51-4586-8dfe-839c345bb7aa@group-0983F9970AB4-LeaderElection105] INFO  server.RaftServerConfigKeys (ConfUtils.java:logGet(46)) - raft.server.log.appender.buffer.element-limit = 1 (custom)
2022-06-16 16:24:03,478 [bbd9c71d-1d51-4586-8dfe-839c345bb7aa@group-0983F9970AB4-LeaderElection105] INFO  grpc.GrpcConfigKeys (ConfUtils.java:logGet(46)) - raft.grpc.server.leader.outstanding.appends.max = 128 (default)
2022-06-16 16:24:03,478 [bbd9c71d-1d51-4586-8dfe-839c345bb7aa@group-0983F9970AB4-LeaderElection105] INFO  server.RaftServerConfigKeys (ConfUtils.java:logGet(46)) - raft.server.rpc.request.timeout = 60s (custom)
2022-06-16 16:24:03,479 [grpc-default-executor-1] INFO  server.RaftServer$Division (RaftServerImpl.java:requestVote(1152)) - bd7010b0-d724-4aae-b0ab-320b4ad428f6@group-0983F9970AB4: receive requestVote(ELECTION, bbd9c71d-1d51-4586-8dfe-839c345bb7aa, group-0983F9970AB4, 4, (t:0, i:0))
2022-06-16 16:24:03,479 [grpc-default-executor-0] INFO  server.RaftServer$Division (RaftServerImpl.java:requestVote(1152)) - 7086d85c-5d6d-4b3d-a268-a825c95e3ca8@group-0983F9970AB4: receive requestVote(ELECTION, bd7010b0-d724-4aae-b0ab-320b4ad428f6, group-0983F9970AB4, 4, (t:0, i:0))
2022-06-16 16:24:03,479 [bbd9c71d-1d51-4586-8dfe-839c345bb7aa@group-0983F9970AB4-LeaderElection105] INFO  server.RaftServerConfigKeys (ConfUtils.java:logGet(46)) - raft.server.log.appender.install.snapshot.enabled = false (custom)
2022-06-16 16:24:03,479 [grpc-default-executor-0] INFO  impl.VoteContext (VoteContext.java:log(48)) - 7086d85c-5d6d-4b3d-a268-a825c95e3ca8@group-0983F9970AB4-FOLLOWER: reject ELECTION from bd7010b0-d724-4aae-b0ab-320b4ad428f6: already has voted for bbd9c71d-1d51-4586-8dfe-839c345bb7aa at current term 4
2022-06-16 16:24:03,479 [grpc-default-executor-0] INFO  server.RaftServer$Division (RaftServerImpl.java:requestVote(1184)) - 7086d85c-5d6d-4b3d-a268-a825c95e3ca8@group-0983F9970AB4 replies to ELECTION vote request: bd7010b0-d724-4aae-b0ab-320b4ad428f6<-7086d85c-5d6d-4b3d-a268-a825c95e3ca8#0:FAIL-t4. Peer's state: 7086d85c-5d6d-4b3d-a268-a825c95e3ca8@group-0983F9970AB4:t4, leader=null, voted=bbd9c71d-1d51-4586-8dfe-839c345bb7aa, raftlog=7086d85c-5d6d-4b3d-a268-a825c95e3ca8@group-0983F9970AB4-SegmentedRaftLog:OPENED:c-1, conf=-1: [7086d85c-5d6d-4b3d-a268-a825c95e3ca8|rpc:10.1.0.16:45221|priority:0, bbd9c71d-1d51-4586-8dfe-839c345bb7aa|rpc:10.1.0.16:39765|priority:1, bd7010b0-d724-4aae-b0ab-320b4ad428f6|rpc:10.1.0.16:43957|priority:0], old=null
2022-06-16 16:24:03,478 [EventQueue-PipelineReportForPipelineReportHandler] INFO  pipeline.PipelineManagerImpl (PipelineManagerImpl.java:openPipeline(356)) - Pipeline Pipeline[ Id: b80d7d66-a62a-4dfa-abb9-0983f9970ab4, Nodes: 7086d85c-5d6d-4b3d-a268-a825c95e3ca8{ip: 10.1.0.16, host: fv-az37-268.zqe2tmcsx5vuvjs3sdc4q2yfud.gx.internal.cloudapp.net, ports: [REPLICATION=43049, RATIS=45221, RATIS_ADMIN=45221, RATIS_SERVER=45221, STANDALONE=35367], networkLocation: /default-rack, certSerialId: null, persistedOpState: IN_SERVICE, persistedOpStateExpiryEpochSec: 0}bd7010b0-d724-4aae-b0ab-320b4ad428f6{ip: 10.1.0.16, host: fv-az37-268.zqe2tmcsx5vuvjs3sdc4q2yfud.gx.internal.cloudapp.net, ports: [REPLICATION=35193, RATIS=43957, RATIS_ADMIN=43957, RATIS_SERVER=43957, STANDALONE=34379], networkLocation: /default-rack, certSerialId: null, persistedOpState: IN_SERVICE, persistedOpStateExpiryEpochSec: 0}bbd9c71d-1d51-4586-8dfe-839c345bb7aa{ip: 10.1.0.16, host: fv-az37-268.zqe2tmcsx5vuvjs3sdc4q2yfud.gx.internal.cloudapp.net, ports: [REPLICATION=40751, RATIS=39765, RATIS_ADMIN=39765, RATIS_SERVER=39765, STANDALONE=46569], networkLocation: /default-rack, certSerialId: null, persistedOpState: IN_SERVICE, persistedOpStateExpiryEpochSec: 0}, ReplicationConfig: RATIS/THREE, State:ALLOCATED, leaderId:bbd9c71d-1d51-4586-8dfe-839c345bb7aa, CreationTimestamp2022-06-16T16:23:41.443Z[Etc/UTC]] moved to OPEN state
2022-06-16 16:24:03,479 [grpc-default-executor-1] INFO  impl.VoteContext (VoteContext.java:log(48)) - bd7010b0-d724-4aae-b0ab-320b4ad428f6@group-0983F9970AB4-CANDIDATE: reject ELECTION from bbd9c71d-1d51-4586-8dfe-839c345bb7aa: already has voted for bd7010b0-d724-4aae-b0ab-320b4ad428f6 at current term 4
2022-06-16 16:24:03,480 [grpc-default-executor-1] INFO  server.RaftServer$Division (RaftServerImpl.java:requestVote(1184)) - bd7010b0-d724-4aae-b0ab-320b4ad428f6@group-0983F9970AB4 replies to ELECTION vote request: bbd9c71d-1d51-4586-8dfe-839c345bb7aa<-bd7010b0-d724-4aae-b0ab-320b4ad428f6#0:FAIL-t4. Peer's state: bd7010b0-d724-4aae-b0ab-320b4ad428f6@group-0983F9970AB4:t4, leader=null, voted=bd7010b0-d724-4aae-b0ab-320b4ad428f6, raftlog=bd7010b0-d724-4aae-b0ab-320b4ad428f6@group-0983F9970AB4-SegmentedRaftLog:OPENED:c-1, conf=-1: [7086d85c-5d6d-4b3d-a268-a825c95e3ca8|rpc:10.1.0.16:45221|dataStream:|priority:0, bbd9c71d-1d51-4586-8dfe-839c345bb7aa|rpc:10.1.0.16:39765|dataStream:|priority:1, bd7010b0-d724-4aae-b0ab-320b4ad428f6|rpc:10.1.0.16:43957|dataStream:|priority:0], old=null
2022-06-16 16:24:03,503 [bbd9c71d-1d51-4586-8dfe-839c345bb7aa@group-0983F9970AB4-LeaderElection105] INFO  server.RaftServerConfigKeys (ConfUtils.java:logGet(46)) - raft.server.log.appender.snapshot.chunk.size.max = 16MB (=16777216) (default)
2022-06-16 16:24:03,503 [bbd9c71d-1d51-4586-8dfe-839c345bb7aa@group-0983F9970AB4-LeaderElection105] INFO  server.RaftServerConfigKeys (ConfUtils.java:logGet(46)) - raft.server.log.appender.buffer.byte-limit = 33554432 (custom)
2022-06-16 16:24:03,503 [bbd9c71d-1d51-4586-8dfe-839c345bb7aa@group-0983F9970AB4-LeaderElection105] INFO  server.RaftServerConfigKeys (ConfUtils.java:logGet(46)) - raft.server.log.appender.buffer.element-limit = 1 (custom)
2022-06-16 16:24:03,503 [bbd9c71d-1d51-4586-8dfe-839c345bb7aa@group-0983F9970AB4-LeaderElection105] INFO  grpc.GrpcConfigKeys (ConfUtils.java:logGet(46)) - raft.grpc.server.leader.outstanding.appends.max = 128 (default)
2022-06-16 16:24:03,503 [bbd9c71d-1d51-4586-8dfe-839c345bb7aa@group-0983F9970AB4-LeaderElection105] INFO  server.RaftServerConfigKeys (ConfUtils.java:logGet(46)) - raft.server.rpc.request.timeout = 60s (custom)
2022-06-16 16:24:03,503 [bbd9c71d-1d51-4586-8dfe-839c345bb7aa@group-0983F9970AB4-LeaderElection105] INFO  server.RaftServerConfigKeys (ConfUtils.java:logGet(46)) - raft.server.log.appender.install.snapshot.enabled = false (custom)
2022-06-16 16:24:03,503 [bbd9c71d-1d51-4586-8dfe-839c345bb7aa@group-0983F9970AB4-LeaderElection105] INFO  impl.RoleInfo (RoleInfo.java:updateAndGet(139)) - bbd9c71d-1d51-4586-8dfe-839c345bb7aa: start bbd9c71d-1d51-4586-8dfe-839c345bb7aa@group-0983F9970AB4-LeaderStateImpl
2022-06-16 16:24:03,503 [bbd9c71d-1d51-4586-8dfe-839c345bb7aa@group-0983F9970AB4-LeaderElection105] INFO  segmented.SegmentedRaftLogWorker (SegmentedRaftLogWorker.java:startLogSegment(425)) - bbd9c71d-1d51-4586-8dfe-839c345bb7aa@group-0983F9970AB4-SegmentedRaftLogWorker: Starting segment from index:0
2022-06-16 16:24:03,507 [bbd9c71d-1d51-4586-8dfe-839c345bb7aa@group-0983F9970AB4-SegmentedRaftLogWorker] INFO  segmented.SegmentedRaftLogWorker (SegmentedRaftLogWorker.java:execute(629)) - bbd9c71d-1d51-4586-8dfe-839c345bb7aa@group-0983F9970AB4-SegmentedRaftLogWorker: created new log segment /home/runner/work/ozone/ozone/hadoop-ozone/integration-test/target/test-dir/MiniOzoneClusterImpl-013b413b-6c7c-488f-84aa-e92bb4d6b165/datanode-2/data/ratis/b80d7d66-a62a-4dfa-abb9-0983f9970ab4/current/log_inprogress_0
2022-06-16 16:24:03,575 [bbd9c71d-1d51-4586-8dfe-839c345bb7aa@group-0983F9970AB4-LeaderElection105] INFO  server.RaftServer$Division (ServerState.java:setRaftConf(393)) - bbd9c71d-1d51-4586-8dfe-839c345bb7aa@group-0983F9970AB4: set configuration 0: [7086d85c-5d6d-4b3d-a268-a825c95e3ca8|rpc:10.1.0.16:45221|dataStream:|priority:0, bbd9c71d-1d51-4586-8dfe-839c345bb7aa|rpc:10.1.0.16:39765|dataStream:|priority:1, bd7010b0-d724-4aae-b0ab-320b4ad428f6|rpc:10.1.0.16:43957|dataStream:|priority:0], old=null
2022-06-16 16:24:03,591 [grpc-default-executor-1] INFO  server.RaftServer$Division (RaftServerImpl.java:requestVote(1152)) - bbd9c71d-1d51-4586-8dfe-839c345bb7aa@group-0983F9970AB4: receive requestVote(ELECTION, bd7010b0-d724-4aae-b0ab-320b4ad428f6, group-0983F9970AB4, 4, (t:0, i:0))
2022-06-16 16:24:03,591 [grpc-default-executor-1] INFO  impl.VoteContext (VoteContext.java:log(48)) - bbd9c71d-1d51-4586-8dfe-839c345bb7aa@group-0983F9970AB4-LEADER: reject ELECTION from bd7010b0-d724-4aae-b0ab-320b4ad428f6: already has voted for bbd9c71d-1d51-4586-8dfe-839c345bb7aa at current term 4
2022-06-16 16:24:03,591 [grpc-default-executor-1] INFO  server.RaftServer$Division (RaftServerImpl.java:requestVote(1184)) - bbd9c71d-1d51-4586-8dfe-839c345bb7aa@group-0983F9970AB4 replies to ELECTION vote request: bd7010b0-d724-4aae-b0ab-320b4ad428f6<-bbd9c71d-1d51-4586-8dfe-839c345bb7aa#0:FAIL-t4. Peer's state: bbd9c71d-1d51-4586-8dfe-839c345bb7aa@group-0983F9970AB4:t4, leader=bbd9c71d-1d51-4586-8dfe-839c345bb7aa, voted=bbd9c71d-1d51-4586-8dfe-839c345bb7aa, raftlog=bbd9c71d-1d51-4586-8dfe-839c345bb7aa@group-0983F9970AB4-SegmentedRaftLog:OPENED:c0, conf=0: [7086d85c-5d6d-4b3d-a268-a825c95e3ca8|rpc:10.1.0.16:45221|dataStream:|priority:0, bbd9c71d-1d51-4586-8dfe-839c345bb7aa|rpc:10.1.0.16:39765|dataStream:|priority:1, bd7010b0-d724-4aae-b0ab-320b4ad428f6|rpc:10.1.0.16:43957|dataStream:|priority:0], old=null
2022-06-16 16:24:03,601 [7086d85c-5d6d-4b3d-a268-a825c95e3ca8-server-thread1] INFO  ratis.XceiverServerRatis (XceiverServerRatis.java:handleLeaderChangedNotification(863)) - Leader change notification received for group: group-0983F9970AB4 with new leaderId: bbd9c71d-1d51-4586-8dfe-839c345bb7aa
2022-06-16 16:24:03,605 [7086d85c-5d6d-4b3d-a268-a825c95e3ca8-server-thread1] INFO  server.RaftServer$Division (ServerState.java:setLeader(287)) - 7086d85c-5d6d-4b3d-a268-a825c95e3ca8@group-0983F9970AB4: change Leader from null to bbd9c71d-1d51-4586-8dfe-839c345bb7aa at term 4 for appendEntries, leader elected after 21151ms
2022-06-16 16:24:03,635 [bd7010b0-d724-4aae-b0ab-320b4ad428f6@group-0983F9970AB4-LeaderElection106] INFO  impl.LeaderElection (LeaderElection.java:logAndReturn(90)) - bd7010b0-d724-4aae-b0ab-320b4ad428f6@group-0983F9970AB4-LeaderElection106: ELECTION REJECTED received 2 response(s) and 0 exception(s):
2022-06-16 16:24:03,635 [bd7010b0-d724-4aae-b0ab-320b4ad428f6@group-0983F9970AB4-LeaderElection106] INFO  impl.LeaderElection (LeaderElection.java:logAndReturn(94)) -   Response 0: bd7010b0-d724-4aae-b0ab-320b4ad428f6<-7086d85c-5d6d-4b3d-a268-a825c95e3ca8#0:FAIL-t4
2022-06-16 16:24:03,635 [bd7010b0-d724-4aae-b0ab-320b4ad428f6@group-0983F9970AB4-LeaderElection106] INFO  impl.LeaderElection (LeaderElection.java:logAndReturn(94)) -   Response 1: bd7010b0-d724-4aae-b0ab-320b4ad428f6<-bbd9c71d-1d51-4586-8dfe-839c345bb7aa#0:FAIL-t4
2022-06-16 16:24:03,635 [bd7010b0-d724-4aae-b0ab-320b4ad428f6@group-0983F9970AB4-LeaderElection106] INFO  impl.LeaderElection (LeaderElection.java:askForVotes(312)) - bd7010b0-d724-4aae-b0ab-320b4ad428f6@group-0983F9970AB4-LeaderElection106 ELECTION round 0: result REJECTED
2022-06-16 16:24:03,635 [bd7010b0-d724-4aae-b0ab-320b4ad428f6@group-0983F9970AB4-LeaderElection106] INFO  server.RaftServer$Division (RaftServerImpl.java:setRole(299)) - bd7010b0-d724-4aae-b0ab-320b4ad428f6@group-0983F9970AB4: changes role from CANDIDATE to FOLLOWER at term 4 for REJECTED
2022-06-16 16:24:03,635 [bd7010b0-d724-4aae-b0ab-320b4ad428f6@group-0983F9970AB4-LeaderElection106] INFO  impl.RoleInfo (RoleInfo.java:shutdownLeaderElection(130)) - bd7010b0-d724-4aae-b0ab-320b4ad428f6: shutdown bd7010b0-d724-4aae-b0ab-320b4ad428f6@group-0983F9970AB4-LeaderElection106
2022-06-16 16:24:03,635 [bd7010b0-d724-4aae-b0ab-320b4ad428f6@group-0983F9970AB4-LeaderElection106] INFO  impl.RoleInfo (RoleInfo.java:updateAndGet(139)) - bd7010b0-d724-4aae-b0ab-320b4ad428f6: start bd7010b0-d724-4aae-b0ab-320b4ad428f6@group-0983F9970AB4-FollowerState
2022-06-16 16:24:03,710 [7086d85c-5d6d-4b3d-a268-a825c95e3ca8-server-thread1] INFO  server.RaftServer$Division (ServerState.java:setRaftConf(393)) - 7086d85c-5d6d-4b3d-a268-a825c95e3ca8@group-0983F9970AB4: set configuration 0: [7086d85c-5d6d-4b3d-a268-a825c95e3ca8|rpc:10.1.0.16:45221|dataStream:|priority:0, bbd9c71d-1d51-4586-8dfe-839c345bb7aa|rpc:10.1.0.16:39765|dataStream:|priority:1, bd7010b0-d724-4aae-b0ab-320b4ad428f6|rpc:10.1.0.16:43957|dataStream:|priority:0], old=null
2022-06-16 16:24:03,711 [7086d85c-5d6d-4b3d-a268-a825c95e3ca8-server-thread1] INFO  segmented.SegmentedRaftLogWorker (SegmentedRaftLogWorker.java:startLogSegment(425)) - 7086d85c-5d6d-4b3d-a268-a825c95e3ca8@group-0983F9970AB4-SegmentedRaftLogWorker: Starting segment from index:0
2022-06-16 16:24:03,715 [7086d85c-5d6d-4b3d-a268-a825c95e3ca8@group-0983F9970AB4-SegmentedRaftLogWorker] INFO  segmented.SegmentedRaftLogWorker (SegmentedRaftLogWorker.java:execute(629)) - 7086d85c-5d6d-4b3d-a268-a825c95e3ca8@group-0983F9970AB4-SegmentedRaftLogWorker: created new log segment /home/runner/work/ozone/ozone/hadoop-ozone/integration-test/target/test-dir/MiniOzoneClusterImpl-013b413b-6c7c-488f-84aa-e92bb4d6b165/datanode-1/data/ratis/b80d7d66-a62a-4dfa-abb9-0983f9970ab4/current/log_inprogress_0
2022-06-16 16:24:03,766 [bd7010b0-d724-4aae-b0ab-320b4ad428f6-server-thread1] INFO  ratis.XceiverServerRatis (XceiverServerRatis.java:handleLeaderChangedNotification(863)) - Leader change notification received for group: group-0983F9970AB4 with new leaderId: bbd9c71d-1d51-4586-8dfe-839c345bb7aa
2022-06-16 16:24:03,767 [bd7010b0-d724-4aae-b0ab-320b4ad428f6-server-thread1] INFO  server.RaftServer$Division (ServerState.java:setLeader(287)) - bd7010b0-d724-4aae-b0ab-320b4ad428f6@group-0983F9970AB4: change Leader from null to bbd9c71d-1d51-4586-8dfe-839c345bb7aa at term 4 for appendEntries, leader elected after 21160ms
2022-06-16 16:24:03,822 [bd7010b0-d724-4aae-b0ab-320b4ad428f6-server-thread2] INFO  server.RaftServer$Division (ServerState.java:setRaftConf(393)) - bd7010b0-d724-4aae-b0ab-320b4ad428f6@group-0983F9970AB4: set configuration 0: [7086d85c-5d6d-4b3d-a268-a825c95e3ca8|rpc:10.1.0.16:45221|dataStream:|priority:0, bbd9c71d-1d51-4586-8dfe-839c345bb7aa|rpc:10.1.0.16:39765|dataStream:|priority:1, bd7010b0-d724-4aae-b0ab-320b4ad428f6|rpc:10.1.0.16:43957|dataStream:|priority:0], old=null
2022-06-16 16:24:03,822 [bd7010b0-d724-4aae-b0ab-320b4ad428f6-server-thread2] INFO  segmented.SegmentedRaftLogWorker (SegmentedRaftLogWorker.java:startLogSegment(425)) - bd7010b0-d724-4aae-b0ab-320b4ad428f6@group-0983F9970AB4-SegmentedRaftLogWorker: Starting segment from index:0
2022-06-16 16:24:03,824 [bd7010b0-d724-4aae-b0ab-320b4ad428f6@group-0983F9970AB4-SegmentedRaftLogWorker] INFO  segmented.SegmentedRaftLogWorker (SegmentedRaftLogWorker.java:execute(629)) - bd7010b0-d724-4aae-b0ab-320b4ad428f6@group-0983F9970AB4-SegmentedRaftLogWorker: created new log segment /home/runner/work/ozone/ozone/hadoop-ozone/integration-test/target/test-dir/MiniOzoneClusterImpl-013b413b-6c7c-488f-84aa-e92bb4d6b165/datanode-0/data/ratis/b80d7d66-a62a-4dfa-abb9-0983f9970ab4/current/log_inprogress_0
]]></system-out>
  </testcase>
  <testcase name="testRenameToDifferentBucket" classname="TestRootedOzoneFileSystem" time="0.058">
    <system-out><![CDATA[2022-06-16 16:18:39,986 [Time-limited test] INFO  rpc.RpcClient (RpcClient.java:createVolume(466)) - Creating Volume: volume46259, with user55876 as owner and space quota set to -1 bytes, counts quota set to -1
2022-06-16 16:18:39,987 [OM StateMachine ApplyTransaction Thread - 0] INFO  volume.OMVolumeCreateRequest (OMVolumeCreateRequest.java:validateAndUpdateCache(195)) - created volume:volume46259 for user:user55876
2022-06-16 16:18:39,989 [Time-limited test] INFO  rpc.RpcClient (RpcClient.java:createBucket(666)) - Creating Bucket: volume46259/bucket83940, with the Bucket Layout LEGACY, runner as owner, Versioning false, Storage Type set to DISK and Encryption set to false 
2022-06-16 16:18:39,990 [OM StateMachine ApplyTransaction Thread - 0] INFO  bucket.OMBucketCreateRequest (OMBucketCreateRequest.java:validateAndUpdateCache(260)) - created bucket: bucket83940 of layout LEGACY in volume: volume46259
]]></system-out>
  </testcase>
  <testcase name="testRenameToDifferentBucket" classname="TestRootedOzoneFileSystem" time="0.103">
    <system-out><![CDATA[2022-06-16 16:19:42,881 [Time-limited test] INFO  rpc.RpcClient (RpcClient.java:createVolume(466)) - Creating Volume: volume05228, with user19145 as owner and space quota set to -1 bytes, counts quota set to -1
2022-06-16 16:19:42,883 [OM StateMachine ApplyTransaction Thread - 0] INFO  volume.OMVolumeCreateRequest (OMVolumeCreateRequest.java:validateAndUpdateCache(195)) - created volume:volume05228 for user:user19145
2022-06-16 16:19:42,883 [Time-limited test] INFO  rpc.RpcClient (RpcClient.java:createBucket(666)) - Creating Bucket: volume05228/bucket14874, with the Bucket Layout LEGACY, runner as owner, Versioning false, Storage Type set to DISK and Encryption set to false 
2022-06-16 16:19:42,884 [OM StateMachine ApplyTransaction Thread - 0] INFO  bucket.OMBucketCreateRequest (OMBucketCreateRequest.java:validateAndUpdateCache(260)) - created bucket: bucket14874 of layout LEGACY in volume: volume05228
]]></system-out>
  </testcase>
  <testcase name="testRenameToDifferentBucket" classname="TestRootedOzoneFileSystem" time="0.145">
    <system-out><![CDATA[2022-06-16 16:20:57,007 [Time-limited test] INFO  rpc.RpcClient (RpcClient.java:createVolume(466)) - Creating Volume: volume20177, with user42203 as owner and space quota set to -1 bytes, counts quota set to -1
2022-06-16 16:20:57,008 [IPC Server handler 1 on default port 42069] INFO  volume.OMVolumeCreateRequest (OMVolumeCreateRequest.java:validateAndUpdateCache(195)) - created volume:volume20177 for user:user42203
2022-06-16 16:20:57,009 [Time-limited test] INFO  rpc.RpcClient (RpcClient.java:createBucket(666)) - Creating Bucket: volume20177/bucket43795, with the Bucket Layout LEGACY, runner as owner, Versioning false, Storage Type set to DISK and Encryption set to false 
2022-06-16 16:20:57,009 [IPC Server handler 2 on default port 42069] INFO  bucket.OMBucketCreateRequest (OMBucketCreateRequest.java:validateAndUpdateCache(260)) - created bucket: bucket43795 of layout LEGACY in volume: volume20177
]]></system-out>
  </testcase>
  <testcase name="testRenameToDifferentBucket" classname="TestRootedOzoneFileSystem" time="0.12">
    <system-out><![CDATA[2022-06-16 16:22:52,014 [Time-limited test] INFO  rpc.RpcClient (RpcClient.java:createVolume(466)) - Creating Volume: volume50588, with user56491 as owner and space quota set to -1 bytes, counts quota set to -1
2022-06-16 16:22:52,016 [OM StateMachine ApplyTransaction Thread - 0] INFO  volume.OMVolumeCreateRequest (OMVolumeCreateRequest.java:validateAndUpdateCache(195)) - created volume:volume50588 for user:user56491
2022-06-16 16:22:52,016 [Time-limited test] INFO  rpc.RpcClient (RpcClient.java:createBucket(666)) - Creating Bucket: volume50588/bucket00495, with the Bucket Layout LEGACY, runner as owner, Versioning false, Storage Type set to DISK and Encryption set to false 
2022-06-16 16:22:52,017 [OM StateMachine ApplyTransaction Thread - 0] INFO  bucket.OMBucketCreateRequest (OMBucketCreateRequest.java:validateAndUpdateCache(260)) - created bucket: bucket00495 of layout LEGACY in volume: volume50588
]]></system-out>
  </testcase>
  <testcase name="testRenameToDifferentBucket" classname="TestRootedOzoneFileSystem" time="0.169">
    <system-out><![CDATA[2022-06-16 16:24:18,540 [Time-limited test] INFO  rpc.RpcClient (RpcClient.java:createVolume(466)) - Creating Volume: volume06331, with user28887 as owner and space quota set to -1 bytes, counts quota set to -1
2022-06-16 16:24:18,540 [IPC Server handler 14 on default port 44357] INFO  volume.OMVolumeCreateRequest (OMVolumeCreateRequest.java:validateAndUpdateCache(195)) - created volume:volume06331 for user:user28887
2022-06-16 16:24:18,542 [Time-limited test] INFO  rpc.RpcClient (RpcClient.java:createBucket(666)) - Creating Bucket: volume06331/bucket31698, with the Bucket Layout LEGACY, runner as owner, Versioning false, Storage Type set to DISK and Encryption set to false 
2022-06-16 16:24:18,543 [IPC Server handler 15 on default port 44357] INFO  bucket.OMBucketCreateRequest (OMBucketCreateRequest.java:validateAndUpdateCache(260)) - created bucket: bucket31698 of layout LEGACY in volume: volume06331
]]></system-out>
  </testcase>
  <testcase name="testBucketDefaultsShouldBeInheritedToFileForEC" classname="TestRootedOzoneFileSystem" time="0.399">
    <system-out><![CDATA[2022-06-16 16:18:40,045 [Time-limited test] INFO  rpc.RpcClient (RpcClient.java:createVolume(466)) - Creating Volume: volume81360, with user02590 as owner and space quota set to -1 bytes, counts quota set to -1
2022-06-16 16:18:40,046 [OM StateMachine ApplyTransaction Thread - 0] INFO  volume.OMVolumeCreateRequest (OMVolumeCreateRequest.java:validateAndUpdateCache(195)) - created volume:volume81360 for user:user02590
2022-06-16 16:18:40,049 [Time-limited test] INFO  rpc.RpcClient (RpcClient.java:createBucket(666)) - Creating Bucket: volume81360/bucket51968, with the Bucket Layout LEGACY, runner as owner, Versioning false, Storage Type set to DISK and Encryption set to false 
2022-06-16 16:18:40,050 [OM StateMachine ApplyTransaction Thread - 0] INFO  bucket.OMBucketCreateRequest (OMBucketCreateRequest.java:validateAndUpdateCache(260)) - created bucket: bucket51968 of layout LEGACY in volume: volume81360
2022-06-16 16:18:40,072 [Time-limited test] INFO  rpc.RpcClient (RpcClient.java:createVolume(466)) - Creating Volume: 5f7e54cd-4fbd-4da1-b5f1-ea759865b3e6, with user35622 as owner and space quota set to -1 bytes, counts quota set to -1
2022-06-16 16:18:40,073 [OM StateMachine ApplyTransaction Thread - 0] INFO  volume.OMVolumeCreateRequest (OMVolumeCreateRequest.java:validateAndUpdateCache(195)) - created volume:5f7e54cd-4fbd-4da1-b5f1-ea759865b3e6 for user:user35622
2022-06-16 16:18:40,074 [Time-limited test] INFO  rpc.RpcClient (RpcClient.java:createBucket(666)) - Creating Bucket: 5f7e54cd-4fbd-4da1-b5f1-ea759865b3e6/818f9a43-5497-424c-aaad-e0d3c0829dae, with the Bucket Layout LEGACY, runner as owner, Versioning false, Storage Type set to DISK and Encryption set to false 
2022-06-16 16:18:40,077 [OM StateMachine ApplyTransaction Thread - 0] INFO  bucket.OMBucketCreateRequest (OMBucketCreateRequest.java:validateAndUpdateCache(260)) - created bucket: 818f9a43-5497-424c-aaad-e0d3c0829dae of layout LEGACY in volume: 5f7e54cd-4fbd-4da1-b5f1-ea759865b3e6
2022-06-16 16:18:40,084 [IPC Server handler 5 on default port 36515] INFO  pipeline.PipelineStateManagerImpl (PipelineStateManagerImpl.java:addPipeline(101)) - Created pipeline Pipeline[ Id: 6fc306cb-00ca-46cf-83fe-296afae65ada, Nodes: 283ec67f-837e-4418-8153-936cf3dda048{ip: 10.1.0.16, host: fv-az37-268.zqe2tmcsx5vuvjs3sdc4q2yfud.gx.internal.cloudapp.net, ports: [REPLICATION=42509, RATIS=35425, RATIS_ADMIN=35425, RATIS_SERVER=35425, STANDALONE=39637], networkLocation: /default-rack, certSerialId: null, persistedOpState: null, persistedOpStateExpiryEpochSec: 0}b9c7e550-1e67-440a-bf61-dc5bd635558b{ip: 10.1.0.16, host: fv-az37-268.zqe2tmcsx5vuvjs3sdc4q2yfud.gx.internal.cloudapp.net, ports: [REPLICATION=40051, RATIS=40443, RATIS_ADMIN=40443, RATIS_SERVER=40443, STANDALONE=39871], networkLocation: /default-rack, certSerialId: null, persistedOpState: null, persistedOpStateExpiryEpochSec: 0}7e231c89-b42f-4528-a87d-3801d80fe42a{ip: 10.1.0.16, host: fv-az37-268.zqe2tmcsx5vuvjs3sdc4q2yfud.gx.internal.cloudapp.net, ports: [REPLICATION=33669, RATIS=41481, RATIS_ADMIN=41481, RATIS_SERVER=41481, STANDALONE=36283], networkLocation: /default-rack, certSerialId: null, persistedOpState: null, persistedOpStateExpiryEpochSec: 0}f726d3bf-0416-4b86-8b23-12e086774417{ip: 10.1.0.16, host: fv-az37-268.zqe2tmcsx5vuvjs3sdc4q2yfud.gx.internal.cloudapp.net, ports: [REPLICATION=44569, RATIS=43791, RATIS_ADMIN=43791, RATIS_SERVER=43791, STANDALONE=45317], networkLocation: /default-rack, certSerialId: null, persistedOpState: null, persistedOpStateExpiryEpochSec: 0}e2d98f8b-d69d-477c-98dc-59bbefea49c2{ip: 10.1.0.16, host: fv-az37-268.zqe2tmcsx5vuvjs3sdc4q2yfud.gx.internal.cloudapp.net, ports: [REPLICATION=39447, RATIS=34489, RATIS_ADMIN=34489, RATIS_SERVER=34489, STANDALONE=35461], networkLocation: /default-rack, certSerialId: null, persistedOpState: null, persistedOpStateExpiryEpochSec: 0}, ReplicationConfig: EC/ECReplicationConfig{data=3, parity=2, ecChunkSize=1024, codec=rs}, State:ALLOCATED, leaderId:, CreationTimestamp2022-06-16T16:18:40.083Z[Etc/UTC]].
2022-06-16 16:18:40,085 [IPC Server handler 5 on default port 36515] INFO  pipeline.PipelineManagerImpl (PipelineManagerImpl.java:openPipeline(356)) - Pipeline Pipeline[ Id: 6fc306cb-00ca-46cf-83fe-296afae65ada, Nodes: 283ec67f-837e-4418-8153-936cf3dda048{ip: 10.1.0.16, host: fv-az37-268.zqe2tmcsx5vuvjs3sdc4q2yfud.gx.internal.cloudapp.net, ports: [REPLICATION=42509, RATIS=35425, RATIS_ADMIN=35425, RATIS_SERVER=35425, STANDALONE=39637], networkLocation: /default-rack, certSerialId: null, persistedOpState: null, persistedOpStateExpiryEpochSec: 0}b9c7e550-1e67-440a-bf61-dc5bd635558b{ip: 10.1.0.16, host: fv-az37-268.zqe2tmcsx5vuvjs3sdc4q2yfud.gx.internal.cloudapp.net, ports: [REPLICATION=40051, RATIS=40443, RATIS_ADMIN=40443, RATIS_SERVER=40443, STANDALONE=39871], networkLocation: /default-rack, certSerialId: null, persistedOpState: null, persistedOpStateExpiryEpochSec: 0}7e231c89-b42f-4528-a87d-3801d80fe42a{ip: 10.1.0.16, host: fv-az37-268.zqe2tmcsx5vuvjs3sdc4q2yfud.gx.internal.cloudapp.net, ports: [REPLICATION=33669, RATIS=41481, RATIS_ADMIN=41481, RATIS_SERVER=41481, STANDALONE=36283], networkLocation: /default-rack, certSerialId: null, persistedOpState: null, persistedOpStateExpiryEpochSec: 0}f726d3bf-0416-4b86-8b23-12e086774417{ip: 10.1.0.16, host: fv-az37-268.zqe2tmcsx5vuvjs3sdc4q2yfud.gx.internal.cloudapp.net, ports: [REPLICATION=44569, RATIS=43791, RATIS_ADMIN=43791, RATIS_SERVER=43791, STANDALONE=45317], networkLocation: /default-rack, certSerialId: null, persistedOpState: null, persistedOpStateExpiryEpochSec: 0}e2d98f8b-d69d-477c-98dc-59bbefea49c2{ip: 10.1.0.16, host: fv-az37-268.zqe2tmcsx5vuvjs3sdc4q2yfud.gx.internal.cloudapp.net, ports: [REPLICATION=39447, RATIS=34489, RATIS_ADMIN=34489, RATIS_SERVER=34489, STANDALONE=35461], networkLocation: /default-rack, certSerialId: null, persistedOpState: null, persistedOpStateExpiryEpochSec: 0}, ReplicationConfig: EC/ECReplicationConfig{data=3, parity=2, ecChunkSize=1024, codec=rs}, State:ALLOCATED, leaderId:, CreationTimestamp2022-06-16T16:18:40.083Z[Etc/UTC]] moved to OPEN state
2022-06-16 16:18:40,136 [Time-limited test] WARN  erasurecode.ErasureCodeNative (ErasureCodeNative.java:<clinit>(55)) - ISA-L support is not available in your platform... using builtin-java codec where applicable
]]></system-out>
  </testcase>
  <testcase name="testBucketDefaultsShouldBeInheritedToFileForEC" classname="TestRootedOzoneFileSystem" time="0.705">
    <system-out><![CDATA[2022-06-16 16:19:42,994 [Time-limited test] INFO  rpc.RpcClient (RpcClient.java:createVolume(466)) - Creating Volume: volume92378, with user60874 as owner and space quota set to -1 bytes, counts quota set to -1
2022-06-16 16:19:42,999 [OM StateMachine ApplyTransaction Thread - 0] INFO  volume.OMVolumeCreateRequest (OMVolumeCreateRequest.java:validateAndUpdateCache(195)) - created volume:volume92378 for user:user60874
2022-06-16 16:19:43,000 [Time-limited test] INFO  rpc.RpcClient (RpcClient.java:createBucket(666)) - Creating Bucket: volume92378/bucket69885, with the Bucket Layout LEGACY, runner as owner, Versioning false, Storage Type set to DISK and Encryption set to false 
2022-06-16 16:19:43,001 [OM StateMachine ApplyTransaction Thread - 0] INFO  bucket.OMBucketCreateRequest (OMBucketCreateRequest.java:validateAndUpdateCache(260)) - created bucket: bucket69885 of layout LEGACY in volume: volume92378
2022-06-16 16:19:43,059 [Time-limited test] INFO  rpc.RpcClient (RpcClient.java:createVolume(466)) - Creating Volume: 428ecb30-de42-4922-bf77-db5325d92029, with user91874 as owner and space quota set to -1 bytes, counts quota set to -1
2022-06-16 16:19:43,061 [OM StateMachine ApplyTransaction Thread - 0] INFO  volume.OMVolumeCreateRequest (OMVolumeCreateRequest.java:validateAndUpdateCache(195)) - created volume:428ecb30-de42-4922-bf77-db5325d92029 for user:user91874
2022-06-16 16:19:43,062 [Time-limited test] INFO  rpc.RpcClient (RpcClient.java:createBucket(666)) - Creating Bucket: 428ecb30-de42-4922-bf77-db5325d92029/21f2069c-8059-45bf-8aad-b249f9fcc750, with the Bucket Layout LEGACY, runner as owner, Versioning false, Storage Type set to DISK and Encryption set to false 
2022-06-16 16:19:43,067 [OM StateMachine ApplyTransaction Thread - 0] INFO  bucket.OMBucketCreateRequest (OMBucketCreateRequest.java:validateAndUpdateCache(260)) - created bucket: 21f2069c-8059-45bf-8aad-b249f9fcc750 of layout LEGACY in volume: 428ecb30-de42-4922-bf77-db5325d92029
2022-06-16 16:19:43,091 [IPC Server handler 3 on default port 40363] INFO  pipeline.PipelineStateManagerImpl (PipelineStateManagerImpl.java:addPipeline(101)) - Created pipeline Pipeline[ Id: c1a8617c-75bd-4b53-91e2-41790179e9c0, Nodes: f18629d0-4209-4076-ad9d-a135d0d60f56{ip: 10.1.0.16, host: fv-az37-268.zqe2tmcsx5vuvjs3sdc4q2yfud.gx.internal.cloudapp.net, ports: [REPLICATION=41109, RATIS=43341, RATIS_ADMIN=43341, RATIS_SERVER=43341, STANDALONE=38595], networkLocation: /default-rack, certSerialId: null, persistedOpState: null, persistedOpStateExpiryEpochSec: 0}91193349-063e-4e8d-a3d9-971f40f5522b{ip: 10.1.0.16, host: fv-az37-268.zqe2tmcsx5vuvjs3sdc4q2yfud.gx.internal.cloudapp.net, ports: [REPLICATION=40161, RATIS=41297, RATIS_ADMIN=41297, RATIS_SERVER=41297, STANDALONE=45327], networkLocation: /default-rack, certSerialId: null, persistedOpState: null, persistedOpStateExpiryEpochSec: 0}5b838663-213a-4fbf-828e-9dfe1e385535{ip: 10.1.0.16, host: fv-az37-268.zqe2tmcsx5vuvjs3sdc4q2yfud.gx.internal.cloudapp.net, ports: [REPLICATION=45579, RATIS=33841, RATIS_ADMIN=33841, RATIS_SERVER=33841, STANDALONE=35121], networkLocation: /default-rack, certSerialId: null, persistedOpState: null, persistedOpStateExpiryEpochSec: 0}e511119d-2be0-4415-86a7-45a9e0c842d1{ip: 10.1.0.16, host: fv-az37-268.zqe2tmcsx5vuvjs3sdc4q2yfud.gx.internal.cloudapp.net, ports: [REPLICATION=37811, RATIS=33805, RATIS_ADMIN=33805, RATIS_SERVER=33805, STANDALONE=39819], networkLocation: /default-rack, certSerialId: null, persistedOpState: null, persistedOpStateExpiryEpochSec: 0}e92161bb-36da-4024-83fa-f02433e9e8b4{ip: 10.1.0.16, host: fv-az37-268.zqe2tmcsx5vuvjs3sdc4q2yfud.gx.internal.cloudapp.net, ports: [REPLICATION=36981, RATIS=37825, RATIS_ADMIN=37825, RATIS_SERVER=37825, STANDALONE=35063], networkLocation: /default-rack, certSerialId: null, persistedOpState: null, persistedOpStateExpiryEpochSec: 0}, ReplicationConfig: EC/ECReplicationConfig{data=3, parity=2, ecChunkSize=1024, codec=rs}, State:ALLOCATED, leaderId:, CreationTimestamp2022-06-16T16:19:43.086Z[Etc/UTC]].
2022-06-16 16:19:43,091 [IPC Server handler 3 on default port 40363] INFO  pipeline.PipelineManagerImpl (PipelineManagerImpl.java:openPipeline(356)) - Pipeline Pipeline[ Id: c1a8617c-75bd-4b53-91e2-41790179e9c0, Nodes: f18629d0-4209-4076-ad9d-a135d0d60f56{ip: 10.1.0.16, host: fv-az37-268.zqe2tmcsx5vuvjs3sdc4q2yfud.gx.internal.cloudapp.net, ports: [REPLICATION=41109, RATIS=43341, RATIS_ADMIN=43341, RATIS_SERVER=43341, STANDALONE=38595], networkLocation: /default-rack, certSerialId: null, persistedOpState: null, persistedOpStateExpiryEpochSec: 0}91193349-063e-4e8d-a3d9-971f40f5522b{ip: 10.1.0.16, host: fv-az37-268.zqe2tmcsx5vuvjs3sdc4q2yfud.gx.internal.cloudapp.net, ports: [REPLICATION=40161, RATIS=41297, RATIS_ADMIN=41297, RATIS_SERVER=41297, STANDALONE=45327], networkLocation: /default-rack, certSerialId: null, persistedOpState: null, persistedOpStateExpiryEpochSec: 0}5b838663-213a-4fbf-828e-9dfe1e385535{ip: 10.1.0.16, host: fv-az37-268.zqe2tmcsx5vuvjs3sdc4q2yfud.gx.internal.cloudapp.net, ports: [REPLICATION=45579, RATIS=33841, RATIS_ADMIN=33841, RATIS_SERVER=33841, STANDALONE=35121], networkLocation: /default-rack, certSerialId: null, persistedOpState: null, persistedOpStateExpiryEpochSec: 0}e511119d-2be0-4415-86a7-45a9e0c842d1{ip: 10.1.0.16, host: fv-az37-268.zqe2tmcsx5vuvjs3sdc4q2yfud.gx.internal.cloudapp.net, ports: [REPLICATION=37811, RATIS=33805, RATIS_ADMIN=33805, RATIS_SERVER=33805, STANDALONE=39819], networkLocation: /default-rack, certSerialId: null, persistedOpState: null, persistedOpStateExpiryEpochSec: 0}e92161bb-36da-4024-83fa-f02433e9e8b4{ip: 10.1.0.16, host: fv-az37-268.zqe2tmcsx5vuvjs3sdc4q2yfud.gx.internal.cloudapp.net, ports: [REPLICATION=36981, RATIS=37825, RATIS_ADMIN=37825, RATIS_SERVER=37825, STANDALONE=35063], networkLocation: /default-rack, certSerialId: null, persistedOpState: null, persistedOpStateExpiryEpochSec: 0}, ReplicationConfig: EC/ECReplicationConfig{data=3, parity=2, ecChunkSize=1024, codec=rs}, State:ALLOCATED, leaderId:, CreationTimestamp2022-06-16T16:19:43.086Z[Etc/UTC]] moved to OPEN state
2022-06-16 16:19:43,170 [e92161bb-36da-4024-83fa-f02433e9e8b4@group-D1498762B26E-FollowerState] INFO  impl.FollowerState (FollowerState.java:run(143)) - e92161bb-36da-4024-83fa-f02433e9e8b4@group-D1498762B26E-FollowerState: change to CANDIDATE, lastRpcElapsedTime:5152213865ns, electionTimeout:5140ms
2022-06-16 16:19:43,170 [e92161bb-36da-4024-83fa-f02433e9e8b4@group-D1498762B26E-FollowerState] INFO  impl.RoleInfo (RoleInfo.java:shutdownFollowerState(110)) - e92161bb-36da-4024-83fa-f02433e9e8b4: shutdown e92161bb-36da-4024-83fa-f02433e9e8b4@group-D1498762B26E-FollowerState
2022-06-16 16:19:43,170 [e92161bb-36da-4024-83fa-f02433e9e8b4@group-D1498762B26E-FollowerState] INFO  server.RaftServer$Division (RaftServerImpl.java:setRole(299)) - e92161bb-36da-4024-83fa-f02433e9e8b4@group-D1498762B26E: changes role from  FOLLOWER to CANDIDATE at term 3 for changeToCandidate
2022-06-16 16:19:43,170 [e92161bb-36da-4024-83fa-f02433e9e8b4@group-D1498762B26E-FollowerState] INFO  server.RaftServerConfigKeys (ConfUtils.java:logGet(46)) - raft.server.leaderelection.pre-vote = false (custom)
2022-06-16 16:19:43,170 [e92161bb-36da-4024-83fa-f02433e9e8b4@group-D1498762B26E-FollowerState] INFO  impl.RoleInfo (RoleInfo.java:updateAndGet(139)) - e92161bb-36da-4024-83fa-f02433e9e8b4: start e92161bb-36da-4024-83fa-f02433e9e8b4@group-D1498762B26E-LeaderElection29
2022-06-16 16:19:43,210 [f18629d0-4209-4076-ad9d-a135d0d60f56@group-D1498762B26E-FollowerState] INFO  impl.FollowerState (FollowerState.java:run(143)) - f18629d0-4209-4076-ad9d-a135d0d60f56@group-D1498762B26E-FollowerState: change to CANDIDATE, lastRpcElapsedTime:5186008914ns, electionTimeout:5147ms
2022-06-16 16:19:43,210 [f18629d0-4209-4076-ad9d-a135d0d60f56@group-D1498762B26E-FollowerState] INFO  impl.RoleInfo (RoleInfo.java:shutdownFollowerState(110)) - f18629d0-4209-4076-ad9d-a135d0d60f56: shutdown f18629d0-4209-4076-ad9d-a135d0d60f56@group-D1498762B26E-FollowerState
2022-06-16 16:19:43,210 [f18629d0-4209-4076-ad9d-a135d0d60f56@group-D1498762B26E-FollowerState] INFO  server.RaftServer$Division (RaftServerImpl.java:setRole(299)) - f18629d0-4209-4076-ad9d-a135d0d60f56@group-D1498762B26E: changes role from  FOLLOWER to CANDIDATE at term 3 for changeToCandidate
2022-06-16 16:19:43,210 [f18629d0-4209-4076-ad9d-a135d0d60f56@group-D1498762B26E-FollowerState] INFO  server.RaftServerConfigKeys (ConfUtils.java:logGet(46)) - raft.server.leaderelection.pre-vote = false (custom)
2022-06-16 16:19:43,210 [f18629d0-4209-4076-ad9d-a135d0d60f56@group-D1498762B26E-FollowerState] INFO  impl.RoleInfo (RoleInfo.java:updateAndGet(139)) - f18629d0-4209-4076-ad9d-a135d0d60f56: start f18629d0-4209-4076-ad9d-a135d0d60f56@group-D1498762B26E-LeaderElection30
2022-06-16 16:19:43,216 [e92161bb-36da-4024-83fa-f02433e9e8b4@group-D1498762B26E-LeaderElection29] INFO  impl.LeaderElection (LeaderElection.java:askForVotes(310)) - e92161bb-36da-4024-83fa-f02433e9e8b4@group-D1498762B26E-LeaderElection29 ELECTION round 0: submit vote requests at term 4 for -1: [e92161bb-36da-4024-83fa-f02433e9e8b4|rpc:10.1.0.16:37825|dataStream:|priority:1, f18629d0-4209-4076-ad9d-a135d0d60f56|rpc:10.1.0.16:43341|dataStream:|priority:0, 5b838663-213a-4fbf-828e-9dfe1e385535|rpc:10.1.0.16:33841|dataStream:|priority:0], old=null
2022-06-16 16:19:43,219 [f18629d0-4209-4076-ad9d-a135d0d60f56@group-D1498762B26E-LeaderElection30] INFO  impl.LeaderElection (LeaderElection.java:askForVotes(310)) - f18629d0-4209-4076-ad9d-a135d0d60f56@group-D1498762B26E-LeaderElection30 ELECTION round 0: submit vote requests at term 4 for -1: [e92161bb-36da-4024-83fa-f02433e9e8b4|rpc:10.1.0.16:37825|priority:1, f18629d0-4209-4076-ad9d-a135d0d60f56|rpc:10.1.0.16:43341|priority:0, 5b838663-213a-4fbf-828e-9dfe1e385535|rpc:10.1.0.16:33841|priority:0], old=null
2022-06-16 16:19:43,245 [grpc-default-executor-3] INFO  server.RaftServer$Division (RaftServerImpl.java:requestVote(1152)) - e92161bb-36da-4024-83fa-f02433e9e8b4@group-D1498762B26E: receive requestVote(ELECTION, f18629d0-4209-4076-ad9d-a135d0d60f56, group-D1498762B26E, 4, (t:0, i:0))
2022-06-16 16:19:43,245 [grpc-default-executor-3] INFO  impl.VoteContext (VoteContext.java:log(48)) - e92161bb-36da-4024-83fa-f02433e9e8b4@group-D1498762B26E-CANDIDATE: reject ELECTION from f18629d0-4209-4076-ad9d-a135d0d60f56: already has voted for e92161bb-36da-4024-83fa-f02433e9e8b4 at current term 4
2022-06-16 16:19:43,245 [grpc-default-executor-3] INFO  server.RaftServer$Division (RaftServerImpl.java:requestVote(1184)) - e92161bb-36da-4024-83fa-f02433e9e8b4@group-D1498762B26E replies to ELECTION vote request: f18629d0-4209-4076-ad9d-a135d0d60f56<-e92161bb-36da-4024-83fa-f02433e9e8b4#0:FAIL-t4. Peer's state: e92161bb-36da-4024-83fa-f02433e9e8b4@group-D1498762B26E:t4, leader=null, voted=e92161bb-36da-4024-83fa-f02433e9e8b4, raftlog=e92161bb-36da-4024-83fa-f02433e9e8b4@group-D1498762B26E-SegmentedRaftLog:OPENED:c-1, conf=-1: [e92161bb-36da-4024-83fa-f02433e9e8b4|rpc:10.1.0.16:37825|dataStream:|priority:1, f18629d0-4209-4076-ad9d-a135d0d60f56|rpc:10.1.0.16:43341|dataStream:|priority:0, 5b838663-213a-4fbf-828e-9dfe1e385535|rpc:10.1.0.16:33841|dataStream:|priority:0], old=null
2022-06-16 16:19:43,245 [grpc-default-executor-0] INFO  server.RaftServer$Division (RaftServerImpl.java:requestVote(1152)) - 5b838663-213a-4fbf-828e-9dfe1e385535@group-D1498762B26E: receive requestVote(ELECTION, e92161bb-36da-4024-83fa-f02433e9e8b4, group-D1498762B26E, 4, (t:0, i:0))
2022-06-16 16:19:43,245 [grpc-default-executor-0] INFO  impl.VoteContext (VoteContext.java:log(48)) - 5b838663-213a-4fbf-828e-9dfe1e385535@group-D1498762B26E-FOLLOWER: accept ELECTION from e92161bb-36da-4024-83fa-f02433e9e8b4: our priority 0 <= candidate's priority 1
2022-06-16 16:19:43,245 [grpc-default-executor-0] INFO  server.RaftServer$Division (RaftServerImpl.java:setRole(299)) - 5b838663-213a-4fbf-828e-9dfe1e385535@group-D1498762B26E: changes role from  FOLLOWER to FOLLOWER at term 4 for candidate:e92161bb-36da-4024-83fa-f02433e9e8b4
2022-06-16 16:19:43,245 [grpc-default-executor-0] INFO  impl.RoleInfo (RoleInfo.java:shutdownFollowerState(110)) - 5b838663-213a-4fbf-828e-9dfe1e385535: shutdown 5b838663-213a-4fbf-828e-9dfe1e385535@group-D1498762B26E-FollowerState
2022-06-16 16:19:43,245 [grpc-default-executor-0] INFO  impl.RoleInfo (RoleInfo.java:updateAndGet(139)) - 5b838663-213a-4fbf-828e-9dfe1e385535: start 5b838663-213a-4fbf-828e-9dfe1e385535@group-D1498762B26E-FollowerState
2022-06-16 16:19:43,245 [5b838663-213a-4fbf-828e-9dfe1e385535@group-D1498762B26E-FollowerState] INFO  impl.FollowerState (FollowerState.java:run(152)) - 5b838663-213a-4fbf-828e-9dfe1e385535@group-D1498762B26E-FollowerState was interrupted
2022-06-16 16:19:43,250 [grpc-default-executor-0] INFO  server.RaftServer$Division (RaftServerImpl.java:requestVote(1184)) - 5b838663-213a-4fbf-828e-9dfe1e385535@group-D1498762B26E replies to ELECTION vote request: e92161bb-36da-4024-83fa-f02433e9e8b4<-5b838663-213a-4fbf-828e-9dfe1e385535#0:OK-t4. Peer's state: 5b838663-213a-4fbf-828e-9dfe1e385535@group-D1498762B26E:t4, leader=null, voted=e92161bb-36da-4024-83fa-f02433e9e8b4, raftlog=5b838663-213a-4fbf-828e-9dfe1e385535@group-D1498762B26E-SegmentedRaftLog:OPENED:c-1, conf=-1: [e92161bb-36da-4024-83fa-f02433e9e8b4|rpc:10.1.0.16:37825|dataStream:|priority:1, f18629d0-4209-4076-ad9d-a135d0d60f56|rpc:10.1.0.16:43341|dataStream:|priority:0, 5b838663-213a-4fbf-828e-9dfe1e385535|rpc:10.1.0.16:33841|dataStream:|priority:0], old=null
2022-06-16 16:19:43,261 [f18629d0-4209-4076-ad9d-a135d0d60f56@group-D1498762B26E-LeaderElection30] INFO  impl.LeaderElection (LeaderElection.java:logAndReturn(90)) - f18629d0-4209-4076-ad9d-a135d0d60f56@group-D1498762B26E-LeaderElection30: ELECTION REJECTED received 1 response(s) and 0 exception(s):
2022-06-16 16:19:43,262 [f18629d0-4209-4076-ad9d-a135d0d60f56@group-D1498762B26E-LeaderElection30] INFO  impl.LeaderElection (LeaderElection.java:logAndReturn(94)) -   Response 0: f18629d0-4209-4076-ad9d-a135d0d60f56<-e92161bb-36da-4024-83fa-f02433e9e8b4#0:FAIL-t4
2022-06-16 16:19:43,262 [f18629d0-4209-4076-ad9d-a135d0d60f56@group-D1498762B26E-LeaderElection30] INFO  impl.LeaderElection (LeaderElection.java:askForVotes(312)) - f18629d0-4209-4076-ad9d-a135d0d60f56@group-D1498762B26E-LeaderElection30 ELECTION round 0: result REJECTED
2022-06-16 16:19:43,262 [f18629d0-4209-4076-ad9d-a135d0d60f56@group-D1498762B26E-LeaderElection30] INFO  server.RaftServer$Division (RaftServerImpl.java:setRole(299)) - f18629d0-4209-4076-ad9d-a135d0d60f56@group-D1498762B26E: changes role from CANDIDATE to FOLLOWER at term 4 for REJECTED
2022-06-16 16:19:43,262 [f18629d0-4209-4076-ad9d-a135d0d60f56@group-D1498762B26E-LeaderElection30] INFO  impl.RoleInfo (RoleInfo.java:shutdownLeaderElection(130)) - f18629d0-4209-4076-ad9d-a135d0d60f56: shutdown f18629d0-4209-4076-ad9d-a135d0d60f56@group-D1498762B26E-LeaderElection30
2022-06-16 16:19:43,262 [f18629d0-4209-4076-ad9d-a135d0d60f56@group-D1498762B26E-LeaderElection30] INFO  impl.RoleInfo (RoleInfo.java:updateAndGet(139)) - f18629d0-4209-4076-ad9d-a135d0d60f56: start f18629d0-4209-4076-ad9d-a135d0d60f56@group-D1498762B26E-FollowerState
2022-06-16 16:19:43,266 [e92161bb-36da-4024-83fa-f02433e9e8b4@group-D1498762B26E-LeaderElection29] INFO  impl.LeaderElection (LeaderElection.java:logAndReturn(90)) - e92161bb-36da-4024-83fa-f02433e9e8b4@group-D1498762B26E-LeaderElection29: ELECTION PASSED received 1 response(s) and 0 exception(s):
2022-06-16 16:19:43,267 [e92161bb-36da-4024-83fa-f02433e9e8b4@group-D1498762B26E-LeaderElection29] INFO  impl.LeaderElection (LeaderElection.java:logAndReturn(94)) -   Response 0: e92161bb-36da-4024-83fa-f02433e9e8b4<-5b838663-213a-4fbf-828e-9dfe1e385535#0:OK-t4
2022-06-16 16:19:43,267 [e92161bb-36da-4024-83fa-f02433e9e8b4@group-D1498762B26E-LeaderElection29] INFO  impl.LeaderElection (LeaderElection.java:askForVotes(312)) - e92161bb-36da-4024-83fa-f02433e9e8b4@group-D1498762B26E-LeaderElection29 ELECTION round 0: result PASSED
2022-06-16 16:19:43,267 [e92161bb-36da-4024-83fa-f02433e9e8b4@group-D1498762B26E-LeaderElection29] INFO  impl.RoleInfo (RoleInfo.java:shutdownLeaderElection(130)) - e92161bb-36da-4024-83fa-f02433e9e8b4: shutdown e92161bb-36da-4024-83fa-f02433e9e8b4@group-D1498762B26E-LeaderElection29
2022-06-16 16:19:43,267 [e92161bb-36da-4024-83fa-f02433e9e8b4@group-D1498762B26E-LeaderElection29] INFO  server.RaftServer$Division (RaftServerImpl.java:setRole(299)) - e92161bb-36da-4024-83fa-f02433e9e8b4@group-D1498762B26E: changes role from CANDIDATE to LEADER at term 4 for changeToLeader
2022-06-16 16:19:43,267 [e92161bb-36da-4024-83fa-f02433e9e8b4@group-D1498762B26E-LeaderElection29] INFO  ratis.XceiverServerRatis (XceiverServerRatis.java:handleLeaderChangedNotification(863)) - Leader change notification received for group: group-D1498762B26E with new leaderId: e92161bb-36da-4024-83fa-f02433e9e8b4
2022-06-16 16:19:43,267 [e92161bb-36da-4024-83fa-f02433e9e8b4@group-D1498762B26E-LeaderElection29] INFO  server.RaftServer$Division (ServerState.java:setLeader(287)) - e92161bb-36da-4024-83fa-f02433e9e8b4@group-D1498762B26E: change Leader from null to e92161bb-36da-4024-83fa-f02433e9e8b4 at term 4 for becomeLeader, leader elected after 20780ms
2022-06-16 16:19:43,267 [e92161bb-36da-4024-83fa-f02433e9e8b4@group-D1498762B26E-LeaderElection29] INFO  server.RaftServerConfigKeys (ConfUtils.java:logGet(46)) - raft.server.staging.catchup.gap = 1000 (default)
2022-06-16 16:19:43,267 [e92161bb-36da-4024-83fa-f02433e9e8b4@group-D1498762B26E-LeaderElection29] INFO  server.RaftServerConfigKeys (ConfUtils.java:logGet(46)) - raft.server.write.element-limit = 1024 (custom)
2022-06-16 16:19:43,267 [e92161bb-36da-4024-83fa-f02433e9e8b4@group-D1498762B26E-LeaderElection29] INFO  server.RaftServerConfigKeys (ConfUtils.java:logGet(46)) - raft.server.write.byte-limit = 1024 M (=1073741824) (custom)
2022-06-16 16:19:43,267 [e92161bb-36da-4024-83fa-f02433e9e8b4@group-D1498762B26E-LeaderElection29] INFO  server.RaftServerConfigKeys (ConfUtils.java:logGet(46)) - raft.server.watch.timeout = 180s (custom)
2022-06-16 16:19:43,267 [e92161bb-36da-4024-83fa-f02433e9e8b4@group-D1498762B26E-LeaderElection29] INFO  server.RaftServerConfigKeys (ConfUtils.java:logGet(46)) - raft.server.watch.timeout.denomination = 1s (default)
2022-06-16 16:19:43,267 [e92161bb-36da-4024-83fa-f02433e9e8b4@group-D1498762B26E-LeaderElection29] INFO  server.RaftServerConfigKeys (ConfUtils.java:logGet(46)) - raft.server.watch.element-limit = 65536 (default)
2022-06-16 16:19:43,267 [e92161bb-36da-4024-83fa-f02433e9e8b4@group-D1498762B26E-LeaderElection29] INFO  server.RaftServerConfigKeys (ConfUtils.java:logGet(46)) - raft.server.write.element-limit = 1024 (custom)
2022-06-16 16:19:43,268 [e92161bb-36da-4024-83fa-f02433e9e8b4@group-D1498762B26E-LeaderElection29] INFO  server.RaftServerConfigKeys (ConfUtils.java:logGet(46)) - raft.server.write.follower.gap.ratio.max = -1.0 (default)
2022-06-16 16:19:43,268 [e92161bb-36da-4024-83fa-f02433e9e8b4@group-D1498762B26E-LeaderElection29] INFO  server.RaftServerConfigKeys (ConfUtils.java:logGet(46)) - raft.server.log.appender.snapshot.chunk.size.max = 16MB (=16777216) (default)
2022-06-16 16:19:43,268 [e92161bb-36da-4024-83fa-f02433e9e8b4@group-D1498762B26E-LeaderElection29] INFO  server.RaftServerConfigKeys (ConfUtils.java:logGet(46)) - raft.server.log.appender.buffer.byte-limit = 33554432 (custom)
2022-06-16 16:19:43,268 [e92161bb-36da-4024-83fa-f02433e9e8b4@group-D1498762B26E-LeaderElection29] INFO  server.RaftServerConfigKeys (ConfUtils.java:logGet(46)) - raft.server.log.appender.buffer.element-limit = 1 (custom)
2022-06-16 16:19:43,268 [e92161bb-36da-4024-83fa-f02433e9e8b4@group-D1498762B26E-LeaderElection29] INFO  grpc.GrpcConfigKeys (ConfUtils.java:logGet(46)) - raft.grpc.server.leader.outstanding.appends.max = 128 (default)
2022-06-16 16:19:43,268 [e92161bb-36da-4024-83fa-f02433e9e8b4@group-D1498762B26E-LeaderElection29] INFO  server.RaftServerConfigKeys (ConfUtils.java:logGet(46)) - raft.server.rpc.request.timeout = 60s (custom)
2022-06-16 16:19:43,268 [e92161bb-36da-4024-83fa-f02433e9e8b4@group-D1498762B26E-LeaderElection29] INFO  server.RaftServerConfigKeys (ConfUtils.java:logGet(46)) - raft.server.log.appender.install.snapshot.enabled = false (custom)
2022-06-16 16:19:43,270 [e92161bb-36da-4024-83fa-f02433e9e8b4@group-D1498762B26E-LeaderElection29] INFO  server.RaftServerConfigKeys (ConfUtils.java:logGet(46)) - raft.server.log.appender.snapshot.chunk.size.max = 16MB (=16777216) (default)
2022-06-16 16:19:43,270 [e92161bb-36da-4024-83fa-f02433e9e8b4@group-D1498762B26E-LeaderElection29] INFO  server.RaftServerConfigKeys (ConfUtils.java:logGet(46)) - raft.server.log.appender.buffer.byte-limit = 33554432 (custom)
2022-06-16 16:19:43,270 [e92161bb-36da-4024-83fa-f02433e9e8b4@group-D1498762B26E-LeaderElection29] INFO  server.RaftServerConfigKeys (ConfUtils.java:logGet(46)) - raft.server.log.appender.buffer.element-limit = 1 (custom)
2022-06-16 16:19:43,270 [EventQueue-PipelineReportForPipelineReportHandler] INFO  pipeline.PipelineManagerImpl (PipelineManagerImpl.java:openPipeline(356)) - Pipeline Pipeline[ Id: d5f21dce-580b-4b61-8401-d1498762b26e, Nodes: 5b838663-213a-4fbf-828e-9dfe1e385535{ip: 10.1.0.16, host: fv-az37-268.zqe2tmcsx5vuvjs3sdc4q2yfud.gx.internal.cloudapp.net, ports: [REPLICATION=45579, RATIS=33841, RATIS_ADMIN=33841, RATIS_SERVER=33841, STANDALONE=35121], networkLocation: /default-rack, certSerialId: null, persistedOpState: IN_SERVICE, persistedOpStateExpiryEpochSec: 0}e92161bb-36da-4024-83fa-f02433e9e8b4{ip: 10.1.0.16, host: fv-az37-268.zqe2tmcsx5vuvjs3sdc4q2yfud.gx.internal.cloudapp.net, ports: [REPLICATION=36981, RATIS=37825, RATIS_ADMIN=37825, RATIS_SERVER=37825, STANDALONE=35063], networkLocation: /default-rack, certSerialId: null, persistedOpState: IN_SERVICE, persistedOpStateExpiryEpochSec: 0}f18629d0-4209-4076-ad9d-a135d0d60f56{ip: 10.1.0.16, host: fv-az37-268.zqe2tmcsx5vuvjs3sdc4q2yfud.gx.internal.cloudapp.net, ports: [REPLICATION=41109, RATIS=43341, RATIS_ADMIN=43341, RATIS_SERVER=43341, STANDALONE=38595], networkLocation: /default-rack, certSerialId: null, persistedOpState: IN_SERVICE, persistedOpStateExpiryEpochSec: 0}, ReplicationConfig: RATIS/THREE, State:ALLOCATED, leaderId:e92161bb-36da-4024-83fa-f02433e9e8b4, CreationTimestamp2022-06-16T16:19:20.466Z[Etc/UTC]] moved to OPEN state
2022-06-16 16:19:43,288 [e92161bb-36da-4024-83fa-f02433e9e8b4@group-D1498762B26E-LeaderElection29] INFO  grpc.GrpcConfigKeys (ConfUtils.java:logGet(46)) - raft.grpc.server.leader.outstanding.appends.max = 128 (default)
2022-06-16 16:19:43,288 [e92161bb-36da-4024-83fa-f02433e9e8b4@group-D1498762B26E-LeaderElection29] INFO  server.RaftServerConfigKeys (ConfUtils.java:logGet(46)) - raft.server.rpc.request.timeout = 60s (custom)
2022-06-16 16:19:43,288 [e92161bb-36da-4024-83fa-f02433e9e8b4@group-D1498762B26E-LeaderElection29] INFO  server.RaftServerConfigKeys (ConfUtils.java:logGet(46)) - raft.server.log.appender.install.snapshot.enabled = false (custom)
2022-06-16 16:19:43,289 [e92161bb-36da-4024-83fa-f02433e9e8b4@group-D1498762B26E-LeaderElection29] INFO  impl.RoleInfo (RoleInfo.java:updateAndGet(139)) - e92161bb-36da-4024-83fa-f02433e9e8b4: start e92161bb-36da-4024-83fa-f02433e9e8b4@group-D1498762B26E-LeaderStateImpl
2022-06-16 16:19:43,289 [e92161bb-36da-4024-83fa-f02433e9e8b4@group-D1498762B26E-LeaderElection29] INFO  segmented.SegmentedRaftLogWorker (SegmentedRaftLogWorker.java:startLogSegment(425)) - e92161bb-36da-4024-83fa-f02433e9e8b4@group-D1498762B26E-SegmentedRaftLogWorker: Starting segment from index:0
2022-06-16 16:19:43,292 [e92161bb-36da-4024-83fa-f02433e9e8b4@group-D1498762B26E-SegmentedRaftLogWorker] INFO  segmented.SegmentedRaftLogWorker (SegmentedRaftLogWorker.java:execute(629)) - e92161bb-36da-4024-83fa-f02433e9e8b4@group-D1498762B26E-SegmentedRaftLogWorker: created new log segment /home/runner/work/ozone/ozone/hadoop-ozone/integration-test/target/test-dir/MiniOzoneClusterImpl-3714a898-0fe0-42e2-9307-bd15e6fadcd3/datanode-1/data/ratis/d5f21dce-580b-4b61-8401-d1498762b26e/current/log_inprogress_0
2022-06-16 16:19:43,310 [e92161bb-36da-4024-83fa-f02433e9e8b4@group-D1498762B26E-LeaderElection29] INFO  server.RaftServer$Division (ServerState.java:setRaftConf(393)) - e92161bb-36da-4024-83fa-f02433e9e8b4@group-D1498762B26E: set configuration 0: [e92161bb-36da-4024-83fa-f02433e9e8b4|rpc:10.1.0.16:37825|dataStream:|priority:1, f18629d0-4209-4076-ad9d-a135d0d60f56|rpc:10.1.0.16:43341|dataStream:|priority:0, 5b838663-213a-4fbf-828e-9dfe1e385535|rpc:10.1.0.16:33841|dataStream:|priority:0], old=null
2022-06-16 16:19:43,314 [f18629d0-4209-4076-ad9d-a135d0d60f56-server-thread1] INFO  ratis.XceiverServerRatis (XceiverServerRatis.java:handleLeaderChangedNotification(863)) - Leader change notification received for group: group-D1498762B26E with new leaderId: e92161bb-36da-4024-83fa-f02433e9e8b4
2022-06-16 16:19:43,314 [f18629d0-4209-4076-ad9d-a135d0d60f56-server-thread1] INFO  server.RaftServer$Division (ServerState.java:setLeader(287)) - f18629d0-4209-4076-ad9d-a135d0d60f56@group-D1498762B26E: change Leader from null to e92161bb-36da-4024-83fa-f02433e9e8b4 at term 4 for appendEntries, leader elected after 20982ms
2022-06-16 16:19:43,315 [grpc-default-executor-3] INFO  server.RaftServer$Division (RaftServerImpl.java:requestVote(1152)) - f18629d0-4209-4076-ad9d-a135d0d60f56@group-D1498762B26E: receive requestVote(ELECTION, e92161bb-36da-4024-83fa-f02433e9e8b4, group-D1498762B26E, 4, (t:0, i:0))
2022-06-16 16:19:43,315 [grpc-default-executor-3] INFO  impl.VoteContext (VoteContext.java:log(48)) - f18629d0-4209-4076-ad9d-a135d0d60f56@group-D1498762B26E-FOLLOWER: reject ELECTION from e92161bb-36da-4024-83fa-f02433e9e8b4: already has voted for f18629d0-4209-4076-ad9d-a135d0d60f56 at current term 4
2022-06-16 16:19:43,315 [grpc-default-executor-3] INFO  server.RaftServer$Division (RaftServerImpl.java:requestVote(1184)) - f18629d0-4209-4076-ad9d-a135d0d60f56@group-D1498762B26E replies to ELECTION vote request: e92161bb-36da-4024-83fa-f02433e9e8b4<-f18629d0-4209-4076-ad9d-a135d0d60f56#0:FAIL-t4. Peer's state: f18629d0-4209-4076-ad9d-a135d0d60f56@group-D1498762B26E:t4, leader=e92161bb-36da-4024-83fa-f02433e9e8b4, voted=f18629d0-4209-4076-ad9d-a135d0d60f56, raftlog=f18629d0-4209-4076-ad9d-a135d0d60f56@group-D1498762B26E-SegmentedRaftLog:OPENED:c-1, conf=-1: [e92161bb-36da-4024-83fa-f02433e9e8b4|rpc:10.1.0.16:37825|priority:1, f18629d0-4209-4076-ad9d-a135d0d60f56|rpc:10.1.0.16:43341|priority:0, 5b838663-213a-4fbf-828e-9dfe1e385535|rpc:10.1.0.16:33841|priority:0], old=null
2022-06-16 16:19:43,316 [grpc-default-executor-4] INFO  server.RaftServer$Division (RaftServerImpl.java:requestVote(1152)) - 5b838663-213a-4fbf-828e-9dfe1e385535@group-D1498762B26E: receive requestVote(ELECTION, f18629d0-4209-4076-ad9d-a135d0d60f56, group-D1498762B26E, 4, (t:0, i:0))
2022-06-16 16:19:43,316 [grpc-default-executor-4] INFO  impl.VoteContext (VoteContext.java:log(48)) - 5b838663-213a-4fbf-828e-9dfe1e385535@group-D1498762B26E-FOLLOWER: reject ELECTION from f18629d0-4209-4076-ad9d-a135d0d60f56: already has voted for e92161bb-36da-4024-83fa-f02433e9e8b4 at current term 4
2022-06-16 16:19:43,316 [grpc-default-executor-4] INFO  server.RaftServer$Division (RaftServerImpl.java:requestVote(1184)) - 5b838663-213a-4fbf-828e-9dfe1e385535@group-D1498762B26E replies to ELECTION vote request: f18629d0-4209-4076-ad9d-a135d0d60f56<-5b838663-213a-4fbf-828e-9dfe1e385535#0:FAIL-t4. Peer's state: 5b838663-213a-4fbf-828e-9dfe1e385535@group-D1498762B26E:t4, leader=null, voted=e92161bb-36da-4024-83fa-f02433e9e8b4, raftlog=5b838663-213a-4fbf-828e-9dfe1e385535@group-D1498762B26E-SegmentedRaftLog:OPENED:c-1, conf=-1: [e92161bb-36da-4024-83fa-f02433e9e8b4|rpc:10.1.0.16:37825|dataStream:|priority:1, f18629d0-4209-4076-ad9d-a135d0d60f56|rpc:10.1.0.16:43341|dataStream:|priority:0, 5b838663-213a-4fbf-828e-9dfe1e385535|rpc:10.1.0.16:33841|dataStream:|priority:0], old=null
2022-06-16 16:19:43,387 [5b838663-213a-4fbf-828e-9dfe1e385535-server-thread1] INFO  ratis.XceiverServerRatis (XceiverServerRatis.java:handleLeaderChangedNotification(863)) - Leader change notification received for group: group-D1498762B26E with new leaderId: e92161bb-36da-4024-83fa-f02433e9e8b4
2022-06-16 16:19:43,387 [5b838663-213a-4fbf-828e-9dfe1e385535-server-thread1] INFO  server.RaftServer$Division (ServerState.java:setLeader(287)) - 5b838663-213a-4fbf-828e-9dfe1e385535@group-D1498762B26E: change Leader from null to e92161bb-36da-4024-83fa-f02433e9e8b4 at term 4 for appendEntries, leader elected after 20987ms
2022-06-16 16:19:43,387 [f18629d0-4209-4076-ad9d-a135d0d60f56-server-thread1] INFO  server.RaftServer$Division (ServerState.java:setRaftConf(393)) - f18629d0-4209-4076-ad9d-a135d0d60f56@group-D1498762B26E: set configuration 0: [e92161bb-36da-4024-83fa-f02433e9e8b4|rpc:10.1.0.16:37825|dataStream:|priority:1, f18629d0-4209-4076-ad9d-a135d0d60f56|rpc:10.1.0.16:43341|dataStream:|priority:0, 5b838663-213a-4fbf-828e-9dfe1e385535|rpc:10.1.0.16:33841|dataStream:|priority:0], old=null
2022-06-16 16:19:43,388 [f18629d0-4209-4076-ad9d-a135d0d60f56-server-thread1] INFO  segmented.SegmentedRaftLogWorker (SegmentedRaftLogWorker.java:startLogSegment(425)) - f18629d0-4209-4076-ad9d-a135d0d60f56@group-D1498762B26E-SegmentedRaftLogWorker: Starting segment from index:0
2022-06-16 16:19:43,414 [5b838663-213a-4fbf-828e-9dfe1e385535-server-thread1] INFO  server.RaftServer$Division (ServerState.java:setRaftConf(393)) - 5b838663-213a-4fbf-828e-9dfe1e385535@group-D1498762B26E: set configuration 0: [e92161bb-36da-4024-83fa-f02433e9e8b4|rpc:10.1.0.16:37825|dataStream:|priority:1, f18629d0-4209-4076-ad9d-a135d0d60f56|rpc:10.1.0.16:43341|dataStream:|priority:0, 5b838663-213a-4fbf-828e-9dfe1e385535|rpc:10.1.0.16:33841|dataStream:|priority:0], old=null
2022-06-16 16:19:43,414 [5b838663-213a-4fbf-828e-9dfe1e385535-server-thread1] INFO  segmented.SegmentedRaftLogWorker (SegmentedRaftLogWorker.java:startLogSegment(425)) - 5b838663-213a-4fbf-828e-9dfe1e385535@group-D1498762B26E-SegmentedRaftLogWorker: Starting segment from index:0
2022-06-16 16:19:43,415 [f18629d0-4209-4076-ad9d-a135d0d60f56@group-D1498762B26E-SegmentedRaftLogWorker] INFO  segmented.SegmentedRaftLogWorker (SegmentedRaftLogWorker.java:execute(629)) - f18629d0-4209-4076-ad9d-a135d0d60f56@group-D1498762B26E-SegmentedRaftLogWorker: created new log segment /home/runner/work/ozone/ozone/hadoop-ozone/integration-test/target/test-dir/MiniOzoneClusterImpl-3714a898-0fe0-42e2-9307-bd15e6fadcd3/datanode-0/data/ratis/d5f21dce-580b-4b61-8401-d1498762b26e/current/log_inprogress_0
2022-06-16 16:19:43,430 [5b838663-213a-4fbf-828e-9dfe1e385535@group-D1498762B26E-SegmentedRaftLogWorker] INFO  segmented.SegmentedRaftLogWorker (SegmentedRaftLogWorker.java:execute(629)) - 5b838663-213a-4fbf-828e-9dfe1e385535@group-D1498762B26E-SegmentedRaftLogWorker: created new log segment /home/runner/work/ozone/ozone/hadoop-ozone/integration-test/target/test-dir/MiniOzoneClusterImpl-3714a898-0fe0-42e2-9307-bd15e6fadcd3/datanode-2/data/ratis/d5f21dce-580b-4b61-8401-d1498762b26e/current/log_inprogress_0
]]></system-out>
  </testcase>
  <testcase name="testBucketDefaultsShouldBeInheritedToFileForEC" classname="TestRootedOzoneFileSystem" time="0.998">
    <system-out><![CDATA[2022-06-16 16:20:57,107 [Time-limited test] INFO  rpc.RpcClient (RpcClient.java:createVolume(466)) - Creating Volume: volume40846, with user47509 as owner and space quota set to -1 bytes, counts quota set to -1
2022-06-16 16:20:57,108 [IPC Server handler 11 on default port 42069] INFO  volume.OMVolumeCreateRequest (OMVolumeCreateRequest.java:validateAndUpdateCache(195)) - created volume:volume40846 for user:user47509
2022-06-16 16:20:57,110 [Time-limited test] INFO  rpc.RpcClient (RpcClient.java:createBucket(666)) - Creating Bucket: volume40846/bucket26957, with the Bucket Layout LEGACY, runner as owner, Versioning false, Storage Type set to DISK and Encryption set to false 
2022-06-16 16:20:57,111 [IPC Server handler 17 on default port 42069] INFO  bucket.OMBucketCreateRequest (OMBucketCreateRequest.java:validateAndUpdateCache(260)) - created bucket: bucket26957 of layout LEGACY in volume: volume40846
2022-06-16 16:20:57,250 [Time-limited test] INFO  rpc.RpcClient (RpcClient.java:createVolume(466)) - Creating Volume: 5925b97e-fb05-4a08-985b-0290dff96573, with user27591 as owner and space quota set to -1 bytes, counts quota set to -1
2022-06-16 16:20:57,253 [IPC Server handler 14 on default port 42069] INFO  volume.OMVolumeCreateRequest (OMVolumeCreateRequest.java:validateAndUpdateCache(195)) - created volume:5925b97e-fb05-4a08-985b-0290dff96573 for user:user27591
2022-06-16 16:20:57,270 [Time-limited test] INFO  rpc.RpcClient (RpcClient.java:createBucket(666)) - Creating Bucket: 5925b97e-fb05-4a08-985b-0290dff96573/2b570d31-beb2-4d85-a5b7-d9418440201f, with the Bucket Layout LEGACY, runner as owner, Versioning false, Storage Type set to DISK and Encryption set to false 
2022-06-16 16:20:57,271 [IPC Server handler 19 on default port 42069] INFO  bucket.OMBucketCreateRequest (OMBucketCreateRequest.java:validateAndUpdateCache(260)) - created bucket: 2b570d31-beb2-4d85-a5b7-d9418440201f of layout LEGACY in volume: 5925b97e-fb05-4a08-985b-0290dff96573
2022-06-16 16:20:57,288 [IPC Server handler 18 on default port 34253] INFO  pipeline.PipelineStateManagerImpl (PipelineStateManagerImpl.java:addPipeline(101)) - Created pipeline Pipeline[ Id: 3514b5a7-2646-46b3-b494-5723c57fe9d6, Nodes: 7e8c5af0-b72c-4b69-b53a-c0afe3ac69de{ip: 10.1.0.16, host: fv-az37-268.zqe2tmcsx5vuvjs3sdc4q2yfud.gx.internal.cloudapp.net, ports: [REPLICATION=42537, RATIS=33427, RATIS_ADMIN=33427, RATIS_SERVER=33427, STANDALONE=34613], networkLocation: /default-rack, certSerialId: null, persistedOpState: null, persistedOpStateExpiryEpochSec: 0}835188e7-dd17-483f-9194-07b8bd68eba8{ip: 10.1.0.16, host: fv-az37-268.zqe2tmcsx5vuvjs3sdc4q2yfud.gx.internal.cloudapp.net, ports: [REPLICATION=46857, RATIS=32931, RATIS_ADMIN=32931, RATIS_SERVER=32931, STANDALONE=33217], networkLocation: /default-rack, certSerialId: null, persistedOpState: null, persistedOpStateExpiryEpochSec: 0}30012c60-01cb-4fb6-b713-b802941d6cc3{ip: 10.1.0.16, host: fv-az37-268.zqe2tmcsx5vuvjs3sdc4q2yfud.gx.internal.cloudapp.net, ports: [REPLICATION=35307, RATIS=41553, RATIS_ADMIN=41553, RATIS_SERVER=41553, STANDALONE=45329], networkLocation: /default-rack, certSerialId: null, persistedOpState: null, persistedOpStateExpiryEpochSec: 0}dd1ed5e2-20b8-410c-8deb-f61f3310736b{ip: 10.1.0.16, host: fv-az37-268.zqe2tmcsx5vuvjs3sdc4q2yfud.gx.internal.cloudapp.net, ports: [REPLICATION=33173, RATIS=35117, RATIS_ADMIN=35117, RATIS_SERVER=35117, STANDALONE=42643], networkLocation: /default-rack, certSerialId: null, persistedOpState: null, persistedOpStateExpiryEpochSec: 0}6087f466-757b-41fa-a219-681e056adf4c{ip: 10.1.0.16, host: fv-az37-268.zqe2tmcsx5vuvjs3sdc4q2yfud.gx.internal.cloudapp.net, ports: [REPLICATION=44937, RATIS=40815, RATIS_ADMIN=40815, RATIS_SERVER=40815, STANDALONE=42019], networkLocation: /default-rack, certSerialId: null, persistedOpState: null, persistedOpStateExpiryEpochSec: 0}, ReplicationConfig: EC/ECReplicationConfig{data=3, parity=2, ecChunkSize=1024, codec=rs}, State:ALLOCATED, leaderId:, CreationTimestamp2022-06-16T16:20:57.283Z[Etc/UTC]].
2022-06-16 16:20:57,289 [IPC Server handler 18 on default port 34253] INFO  pipeline.PipelineManagerImpl (PipelineManagerImpl.java:openPipeline(356)) - Pipeline Pipeline[ Id: 3514b5a7-2646-46b3-b494-5723c57fe9d6, Nodes: 7e8c5af0-b72c-4b69-b53a-c0afe3ac69de{ip: 10.1.0.16, host: fv-az37-268.zqe2tmcsx5vuvjs3sdc4q2yfud.gx.internal.cloudapp.net, ports: [REPLICATION=42537, RATIS=33427, RATIS_ADMIN=33427, RATIS_SERVER=33427, STANDALONE=34613], networkLocation: /default-rack, certSerialId: null, persistedOpState: null, persistedOpStateExpiryEpochSec: 0}835188e7-dd17-483f-9194-07b8bd68eba8{ip: 10.1.0.16, host: fv-az37-268.zqe2tmcsx5vuvjs3sdc4q2yfud.gx.internal.cloudapp.net, ports: [REPLICATION=46857, RATIS=32931, RATIS_ADMIN=32931, RATIS_SERVER=32931, STANDALONE=33217], networkLocation: /default-rack, certSerialId: null, persistedOpState: null, persistedOpStateExpiryEpochSec: 0}30012c60-01cb-4fb6-b713-b802941d6cc3{ip: 10.1.0.16, host: fv-az37-268.zqe2tmcsx5vuvjs3sdc4q2yfud.gx.internal.cloudapp.net, ports: [REPLICATION=35307, RATIS=41553, RATIS_ADMIN=41553, RATIS_SERVER=41553, STANDALONE=45329], networkLocation: /default-rack, certSerialId: null, persistedOpState: null, persistedOpStateExpiryEpochSec: 0}dd1ed5e2-20b8-410c-8deb-f61f3310736b{ip: 10.1.0.16, host: fv-az37-268.zqe2tmcsx5vuvjs3sdc4q2yfud.gx.internal.cloudapp.net, ports: [REPLICATION=33173, RATIS=35117, RATIS_ADMIN=35117, RATIS_SERVER=35117, STANDALONE=42643], networkLocation: /default-rack, certSerialId: null, persistedOpState: null, persistedOpStateExpiryEpochSec: 0}6087f466-757b-41fa-a219-681e056adf4c{ip: 10.1.0.16, host: fv-az37-268.zqe2tmcsx5vuvjs3sdc4q2yfud.gx.internal.cloudapp.net, ports: [REPLICATION=44937, RATIS=40815, RATIS_ADMIN=40815, RATIS_SERVER=40815, STANDALONE=42019], networkLocation: /default-rack, certSerialId: null, persistedOpState: null, persistedOpStateExpiryEpochSec: 0}, ReplicationConfig: EC/ECReplicationConfig{data=3, parity=2, ecChunkSize=1024, codec=rs}, State:ALLOCATED, leaderId:, CreationTimestamp2022-06-16T16:20:57.283Z[Etc/UTC]] moved to OPEN state
]]></system-out>
  </testcase>
  <testcase name="testBucketDefaultsShouldBeInheritedToFileForEC" classname="TestRootedOzoneFileSystem" time="1.309">
    <system-out><![CDATA[2022-06-16 16:22:52,146 [Time-limited test] INFO  rpc.RpcClient (RpcClient.java:createVolume(466)) - Creating Volume: volume08513, with user65844 as owner and space quota set to -1 bytes, counts quota set to -1
2022-06-16 16:22:52,148 [OM StateMachine ApplyTransaction Thread - 0] INFO  volume.OMVolumeCreateRequest (OMVolumeCreateRequest.java:validateAndUpdateCache(195)) - created volume:volume08513 for user:user65844
2022-06-16 16:22:52,149 [Time-limited test] INFO  rpc.RpcClient (RpcClient.java:createBucket(666)) - Creating Bucket: volume08513/bucket72050, with the Bucket Layout LEGACY, runner as owner, Versioning false, Storage Type set to DISK and Encryption set to false 
2022-06-16 16:22:52,150 [OM StateMachine ApplyTransaction Thread - 0] INFO  bucket.OMBucketCreateRequest (OMBucketCreateRequest.java:validateAndUpdateCache(260)) - created bucket: bucket72050 of layout LEGACY in volume: volume08513
2022-06-16 16:22:52,417 [Time-limited test] INFO  rpc.RpcClient (RpcClient.java:createVolume(466)) - Creating Volume: dc840ffe-f248-4188-8e33-5a4e6466c1ad, with user27604 as owner and space quota set to -1 bytes, counts quota set to -1
2022-06-16 16:22:52,430 [OM StateMachine ApplyTransaction Thread - 0] INFO  volume.OMVolumeCreateRequest (OMVolumeCreateRequest.java:validateAndUpdateCache(195)) - created volume:dc840ffe-f248-4188-8e33-5a4e6466c1ad for user:user27604
2022-06-16 16:22:52,434 [Time-limited test] INFO  rpc.RpcClient (RpcClient.java:createBucket(666)) - Creating Bucket: dc840ffe-f248-4188-8e33-5a4e6466c1ad/702fa87e-0a4e-4a6a-9357-a217b4470039, with the Bucket Layout LEGACY, runner as owner, Versioning false, Storage Type set to DISK and Encryption set to false 
2022-06-16 16:22:52,439 [OM StateMachine ApplyTransaction Thread - 0] INFO  bucket.OMBucketCreateRequest (OMBucketCreateRequest.java:validateAndUpdateCache(260)) - created bucket: 702fa87e-0a4e-4a6a-9357-a217b4470039 of layout LEGACY in volume: dc840ffe-f248-4188-8e33-5a4e6466c1ad
2022-06-16 16:22:52,463 [IPC Server handler 3 on default port 45321] INFO  pipeline.PipelineStateManagerImpl (PipelineStateManagerImpl.java:addPipeline(101)) - Created pipeline Pipeline[ Id: 6797c381-f96f-42fc-bf9d-2d002ae21437, Nodes: 6c743a47-4ce0-4970-944e-624fd1e2ad3d{ip: 10.1.0.16, host: fv-az37-268.zqe2tmcsx5vuvjs3sdc4q2yfud.gx.internal.cloudapp.net, ports: [REPLICATION=45633, RATIS=44833, RATIS_ADMIN=44833, RATIS_SERVER=44833, STANDALONE=41629], networkLocation: /default-rack, certSerialId: null, persistedOpState: null, persistedOpStateExpiryEpochSec: 0}cbc12831-31a5-4f31-a046-b81d852f61de{ip: 10.1.0.16, host: fv-az37-268.zqe2tmcsx5vuvjs3sdc4q2yfud.gx.internal.cloudapp.net, ports: [REPLICATION=45157, RATIS=42913, RATIS_ADMIN=42913, RATIS_SERVER=42913, STANDALONE=40547], networkLocation: /default-rack, certSerialId: null, persistedOpState: null, persistedOpStateExpiryEpochSec: 0}995fc94b-3f8e-410c-9bb6-8c0a727652de{ip: 10.1.0.16, host: fv-az37-268.zqe2tmcsx5vuvjs3sdc4q2yfud.gx.internal.cloudapp.net, ports: [REPLICATION=33241, RATIS=43709, RATIS_ADMIN=43709, RATIS_SERVER=43709, STANDALONE=37239], networkLocation: /default-rack, certSerialId: null, persistedOpState: null, persistedOpStateExpiryEpochSec: 0}1c79e798-ce4e-4731-abab-8f755a4e096a{ip: 10.1.0.16, host: fv-az37-268.zqe2tmcsx5vuvjs3sdc4q2yfud.gx.internal.cloudapp.net, ports: [REPLICATION=35147, RATIS=40089, RATIS_ADMIN=40089, RATIS_SERVER=40089, STANDALONE=35333], networkLocation: /default-rack, certSerialId: null, persistedOpState: null, persistedOpStateExpiryEpochSec: 0}3ccaab51-594b-45d9-a95d-6a5841fc2e70{ip: 10.1.0.16, host: fv-az37-268.zqe2tmcsx5vuvjs3sdc4q2yfud.gx.internal.cloudapp.net, ports: [REPLICATION=40329, RATIS=42747, RATIS_ADMIN=42747, RATIS_SERVER=42747, STANDALONE=42127], networkLocation: /default-rack, certSerialId: null, persistedOpState: null, persistedOpStateExpiryEpochSec: 0}, ReplicationConfig: EC/ECReplicationConfig{data=3, parity=2, ecChunkSize=1024, codec=rs}, State:ALLOCATED, leaderId:, CreationTimestamp2022-06-16T16:22:52.458Z[Etc/UTC]].
2022-06-16 16:22:52,463 [IPC Server handler 3 on default port 45321] INFO  pipeline.PipelineManagerImpl (PipelineManagerImpl.java:openPipeline(356)) - Pipeline Pipeline[ Id: 6797c381-f96f-42fc-bf9d-2d002ae21437, Nodes: 6c743a47-4ce0-4970-944e-624fd1e2ad3d{ip: 10.1.0.16, host: fv-az37-268.zqe2tmcsx5vuvjs3sdc4q2yfud.gx.internal.cloudapp.net, ports: [REPLICATION=45633, RATIS=44833, RATIS_ADMIN=44833, RATIS_SERVER=44833, STANDALONE=41629], networkLocation: /default-rack, certSerialId: null, persistedOpState: null, persistedOpStateExpiryEpochSec: 0}cbc12831-31a5-4f31-a046-b81d852f61de{ip: 10.1.0.16, host: fv-az37-268.zqe2tmcsx5vuvjs3sdc4q2yfud.gx.internal.cloudapp.net, ports: [REPLICATION=45157, RATIS=42913, RATIS_ADMIN=42913, RATIS_SERVER=42913, STANDALONE=40547], networkLocation: /default-rack, certSerialId: null, persistedOpState: null, persistedOpStateExpiryEpochSec: 0}995fc94b-3f8e-410c-9bb6-8c0a727652de{ip: 10.1.0.16, host: fv-az37-268.zqe2tmcsx5vuvjs3sdc4q2yfud.gx.internal.cloudapp.net, ports: [REPLICATION=33241, RATIS=43709, RATIS_ADMIN=43709, RATIS_SERVER=43709, STANDALONE=37239], networkLocation: /default-rack, certSerialId: null, persistedOpState: null, persistedOpStateExpiryEpochSec: 0}1c79e798-ce4e-4731-abab-8f755a4e096a{ip: 10.1.0.16, host: fv-az37-268.zqe2tmcsx5vuvjs3sdc4q2yfud.gx.internal.cloudapp.net, ports: [REPLICATION=35147, RATIS=40089, RATIS_ADMIN=40089, RATIS_SERVER=40089, STANDALONE=35333], networkLocation: /default-rack, certSerialId: null, persistedOpState: null, persistedOpStateExpiryEpochSec: 0}3ccaab51-594b-45d9-a95d-6a5841fc2e70{ip: 10.1.0.16, host: fv-az37-268.zqe2tmcsx5vuvjs3sdc4q2yfud.gx.internal.cloudapp.net, ports: [REPLICATION=40329, RATIS=42747, RATIS_ADMIN=42747, RATIS_SERVER=42747, STANDALONE=42127], networkLocation: /default-rack, certSerialId: null, persistedOpState: null, persistedOpStateExpiryEpochSec: 0}, ReplicationConfig: EC/ECReplicationConfig{data=3, parity=2, ecChunkSize=1024, codec=rs}, State:ALLOCATED, leaderId:, CreationTimestamp2022-06-16T16:22:52.458Z[Etc/UTC]] moved to OPEN state
]]></system-out>
  </testcase>
  <testcase name="testBucketDefaultsShouldBeInheritedToFileForEC" classname="TestRootedOzoneFileSystem" time="1.287">
    <system-out><![CDATA[2022-06-16 16:24:18,759 [Time-limited test] INFO  rpc.RpcClient (RpcClient.java:createVolume(466)) - Creating Volume: volume52882, with user28544 as owner and space quota set to -1 bytes, counts quota set to -1
2022-06-16 16:24:18,762 [IPC Server handler 6 on default port 44357] INFO  volume.OMVolumeCreateRequest (OMVolumeCreateRequest.java:validateAndUpdateCache(195)) - created volume:volume52882 for user:user28544
2022-06-16 16:24:18,762 [Time-limited test] INFO  rpc.RpcClient (RpcClient.java:createBucket(666)) - Creating Bucket: volume52882/bucket33397, with the Bucket Layout LEGACY, runner as owner, Versioning false, Storage Type set to DISK and Encryption set to false 
2022-06-16 16:24:18,763 [IPC Server handler 11 on default port 44357] INFO  bucket.OMBucketCreateRequest (OMBucketCreateRequest.java:validateAndUpdateCache(260)) - created bucket: bucket33397 of layout LEGACY in volume: volume52882
2022-06-16 16:24:18,979 [Time-limited test] INFO  rpc.RpcClient (RpcClient.java:createVolume(466)) - Creating Volume: ea176092-de59-460f-a5c8-fdf05192147b, with user10659 as owner and space quota set to -1 bytes, counts quota set to -1
2022-06-16 16:24:18,982 [IPC Server handler 4 on default port 44357] INFO  volume.OMVolumeCreateRequest (OMVolumeCreateRequest.java:validateAndUpdateCache(195)) - created volume:ea176092-de59-460f-a5c8-fdf05192147b for user:user10659
2022-06-16 16:24:18,983 [Time-limited test] INFO  rpc.RpcClient (RpcClient.java:createBucket(666)) - Creating Bucket: ea176092-de59-460f-a5c8-fdf05192147b/a5c27ca9-062d-4844-ad8f-c7b08541f1d9, with the Bucket Layout LEGACY, runner as owner, Versioning false, Storage Type set to DISK and Encryption set to false 
2022-06-16 16:24:18,983 [IPC Server handler 12 on default port 44357] INFO  bucket.OMBucketCreateRequest (OMBucketCreateRequest.java:validateAndUpdateCache(260)) - created bucket: a5c27ca9-062d-4844-ad8f-c7b08541f1d9 of layout LEGACY in volume: ea176092-de59-460f-a5c8-fdf05192147b
2022-06-16 16:24:18,992 [IPC Server handler 4 on default port 40421] INFO  pipeline.PipelineStateManagerImpl (PipelineStateManagerImpl.java:addPipeline(101)) - Created pipeline Pipeline[ Id: 37108a7a-07fb-4d17-b6cb-c077e14c5e25, Nodes: bbd9c71d-1d51-4586-8dfe-839c345bb7aa{ip: 10.1.0.16, host: fv-az37-268.zqe2tmcsx5vuvjs3sdc4q2yfud.gx.internal.cloudapp.net, ports: [REPLICATION=40751, RATIS=39765, RATIS_ADMIN=39765, RATIS_SERVER=39765, STANDALONE=46569], networkLocation: /default-rack, certSerialId: null, persistedOpState: null, persistedOpStateExpiryEpochSec: 0}bd7010b0-d724-4aae-b0ab-320b4ad428f6{ip: 10.1.0.16, host: fv-az37-268.zqe2tmcsx5vuvjs3sdc4q2yfud.gx.internal.cloudapp.net, ports: [REPLICATION=35193, RATIS=43957, RATIS_ADMIN=43957, RATIS_SERVER=43957, STANDALONE=34379], networkLocation: /default-rack, certSerialId: null, persistedOpState: null, persistedOpStateExpiryEpochSec: 0}7086d85c-5d6d-4b3d-a268-a825c95e3ca8{ip: 10.1.0.16, host: fv-az37-268.zqe2tmcsx5vuvjs3sdc4q2yfud.gx.internal.cloudapp.net, ports: [REPLICATION=43049, RATIS=45221, RATIS_ADMIN=45221, RATIS_SERVER=45221, STANDALONE=35367], networkLocation: /default-rack, certSerialId: null, persistedOpState: null, persistedOpStateExpiryEpochSec: 0}91a9e9e8-6175-4c5b-8041-356e8188cfdf{ip: 10.1.0.16, host: fv-az37-268.zqe2tmcsx5vuvjs3sdc4q2yfud.gx.internal.cloudapp.net, ports: [REPLICATION=38467, RATIS=42457, RATIS_ADMIN=42457, RATIS_SERVER=42457, STANDALONE=42995], networkLocation: /default-rack, certSerialId: null, persistedOpState: null, persistedOpStateExpiryEpochSec: 0}114f19ad-63b2-4d1e-94e1-d37be13df7e0{ip: 10.1.0.16, host: fv-az37-268.zqe2tmcsx5vuvjs3sdc4q2yfud.gx.internal.cloudapp.net, ports: [REPLICATION=36949, RATIS=39887, RATIS_ADMIN=39887, RATIS_SERVER=39887, STANDALONE=35531], networkLocation: /default-rack, certSerialId: null, persistedOpState: null, persistedOpStateExpiryEpochSec: 0}, ReplicationConfig: EC/ECReplicationConfig{data=3, parity=2, ecChunkSize=1024, codec=rs}, State:ALLOCATED, leaderId:, CreationTimestamp2022-06-16T16:24:18.991Z[Etc/UTC]].
2022-06-16 16:24:18,992 [IPC Server handler 4 on default port 40421] INFO  pipeline.PipelineManagerImpl (PipelineManagerImpl.java:openPipeline(356)) - Pipeline Pipeline[ Id: 37108a7a-07fb-4d17-b6cb-c077e14c5e25, Nodes: bbd9c71d-1d51-4586-8dfe-839c345bb7aa{ip: 10.1.0.16, host: fv-az37-268.zqe2tmcsx5vuvjs3sdc4q2yfud.gx.internal.cloudapp.net, ports: [REPLICATION=40751, RATIS=39765, RATIS_ADMIN=39765, RATIS_SERVER=39765, STANDALONE=46569], networkLocation: /default-rack, certSerialId: null, persistedOpState: null, persistedOpStateExpiryEpochSec: 0}bd7010b0-d724-4aae-b0ab-320b4ad428f6{ip: 10.1.0.16, host: fv-az37-268.zqe2tmcsx5vuvjs3sdc4q2yfud.gx.internal.cloudapp.net, ports: [REPLICATION=35193, RATIS=43957, RATIS_ADMIN=43957, RATIS_SERVER=43957, STANDALONE=34379], networkLocation: /default-rack, certSerialId: null, persistedOpState: null, persistedOpStateExpiryEpochSec: 0}7086d85c-5d6d-4b3d-a268-a825c95e3ca8{ip: 10.1.0.16, host: fv-az37-268.zqe2tmcsx5vuvjs3sdc4q2yfud.gx.internal.cloudapp.net, ports: [REPLICATION=43049, RATIS=45221, RATIS_ADMIN=45221, RATIS_SERVER=45221, STANDALONE=35367], networkLocation: /default-rack, certSerialId: null, persistedOpState: null, persistedOpStateExpiryEpochSec: 0}91a9e9e8-6175-4c5b-8041-356e8188cfdf{ip: 10.1.0.16, host: fv-az37-268.zqe2tmcsx5vuvjs3sdc4q2yfud.gx.internal.cloudapp.net, ports: [REPLICATION=38467, RATIS=42457, RATIS_ADMIN=42457, RATIS_SERVER=42457, STANDALONE=42995], networkLocation: /default-rack, certSerialId: null, persistedOpState: null, persistedOpStateExpiryEpochSec: 0}114f19ad-63b2-4d1e-94e1-d37be13df7e0{ip: 10.1.0.16, host: fv-az37-268.zqe2tmcsx5vuvjs3sdc4q2yfud.gx.internal.cloudapp.net, ports: [REPLICATION=36949, RATIS=39887, RATIS_ADMIN=39887, RATIS_SERVER=39887, STANDALONE=35531], networkLocation: /default-rack, certSerialId: null, persistedOpState: null, persistedOpStateExpiryEpochSec: 0}, ReplicationConfig: EC/ECReplicationConfig{data=3, parity=2, ecChunkSize=1024, codec=rs}, State:ALLOCATED, leaderId:, CreationTimestamp2022-06-16T16:24:18.991Z[Etc/UTC]] moved to OPEN state
]]></system-out>
  </testcase>
  <testcase name="testListStatusInBucket" classname="TestRootedOzoneFileSystem" time="0.045">
    <system-out><![CDATA[2022-06-16 16:18:40,427 [Time-limited test] INFO  rpc.RpcClient (RpcClient.java:createVolume(466)) - Creating Volume: volume58828, with user27352 as owner and space quota set to -1 bytes, counts quota set to -1
2022-06-16 16:18:40,428 [OM StateMachine ApplyTransaction Thread - 0] INFO  volume.OMVolumeCreateRequest (OMVolumeCreateRequest.java:validateAndUpdateCache(195)) - created volume:volume58828 for user:user27352
2022-06-16 16:18:40,430 [Time-limited test] INFO  rpc.RpcClient (RpcClient.java:createBucket(666)) - Creating Bucket: volume58828/bucket62521, with the Bucket Layout LEGACY, runner as owner, Versioning false, Storage Type set to DISK and Encryption set to false 
2022-06-16 16:18:40,432 [OM StateMachine ApplyTransaction Thread - 0] INFO  bucket.OMBucketCreateRequest (OMBucketCreateRequest.java:validateAndUpdateCache(260)) - created bucket: bucket62521 of layout LEGACY in volume: volume58828
]]></system-out>
  </testcase>
  <testcase name="testListStatusInBucket" classname="TestRootedOzoneFileSystem" time="0.129">
    <system-out><![CDATA[2022-06-16 16:19:43,711 [Time-limited test] INFO  rpc.RpcClient (RpcClient.java:createVolume(466)) - Creating Volume: volume92323, with user12617 as owner and space quota set to -1 bytes, counts quota set to -1
2022-06-16 16:19:43,716 [OM StateMachine ApplyTransaction Thread - 0] INFO  volume.OMVolumeCreateRequest (OMVolumeCreateRequest.java:validateAndUpdateCache(195)) - created volume:volume92323 for user:user12617
2022-06-16 16:19:43,717 [Time-limited test] INFO  rpc.RpcClient (RpcClient.java:createBucket(666)) - Creating Bucket: volume92323/bucket52674, with the Bucket Layout LEGACY, runner as owner, Versioning false, Storage Type set to DISK and Encryption set to false 
2022-06-16 16:19:43,718 [OM StateMachine ApplyTransaction Thread - 0] INFO  bucket.OMBucketCreateRequest (OMBucketCreateRequest.java:validateAndUpdateCache(260)) - created bucket: bucket52674 of layout LEGACY in volume: volume92323
]]></system-out>
  </testcase>
  <testcase name="testListStatusInBucket" classname="TestRootedOzoneFileSystem" time="0.165">
    <system-out><![CDATA[2022-06-16 16:20:58,158 [Time-limited test] INFO  rpc.RpcClient (RpcClient.java:createVolume(466)) - Creating Volume: volume99860, with user94760 as owner and space quota set to -1 bytes, counts quota set to -1
2022-06-16 16:20:58,158 [IPC Server handler 9 on default port 42069] INFO  volume.OMVolumeCreateRequest (OMVolumeCreateRequest.java:validateAndUpdateCache(195)) - created volume:volume99860 for user:user94760
2022-06-16 16:20:58,174 [Time-limited test] INFO  rpc.RpcClient (RpcClient.java:createBucket(666)) - Creating Bucket: volume99860/bucket93234, with the Bucket Layout LEGACY, runner as owner, Versioning false, Storage Type set to DISK and Encryption set to false 
2022-06-16 16:20:58,175 [IPC Server handler 5 on default port 42069] INFO  bucket.OMBucketCreateRequest (OMBucketCreateRequest.java:validateAndUpdateCache(260)) - created bucket: bucket93234 of layout LEGACY in volume: volume99860
]]></system-out>
  </testcase>
  <testcase name="testListStatusInBucket" classname="TestRootedOzoneFileSystem" time="0.18">
    <system-out><![CDATA[2022-06-16 16:22:53,510 [Time-limited test] INFO  rpc.RpcClient (RpcClient.java:createVolume(466)) - Creating Volume: volume76164, with user65282 as owner and space quota set to -1 bytes, counts quota set to -1
2022-06-16 16:22:53,511 [OM StateMachine ApplyTransaction Thread - 0] INFO  volume.OMVolumeCreateRequest (OMVolumeCreateRequest.java:validateAndUpdateCache(195)) - created volume:volume76164 for user:user65282
2022-06-16 16:22:53,512 [Time-limited test] INFO  rpc.RpcClient (RpcClient.java:createBucket(666)) - Creating Bucket: volume76164/bucket96430, with the Bucket Layout LEGACY, runner as owner, Versioning false, Storage Type set to DISK and Encryption set to false 
2022-06-16 16:22:53,513 [OM StateMachine ApplyTransaction Thread - 0] INFO  bucket.OMBucketCreateRequest (OMBucketCreateRequest.java:validateAndUpdateCache(260)) - created bucket: bucket96430 of layout LEGACY in volume: volume76164
]]></system-out>
  </testcase>
  <testcase name="testListStatusInBucket" classname="TestRootedOzoneFileSystem" time="0.105">
    <system-out><![CDATA[2022-06-16 16:24:19,968 [Time-limited test] INFO  rpc.RpcClient (RpcClient.java:createVolume(466)) - Creating Volume: volume68846, with user90697 as owner and space quota set to -1 bytes, counts quota set to -1
2022-06-16 16:24:19,968 [IPC Server handler 7 on default port 44357] INFO  volume.OMVolumeCreateRequest (OMVolumeCreateRequest.java:validateAndUpdateCache(195)) - created volume:volume68846 for user:user90697
2022-06-16 16:24:19,969 [Time-limited test] INFO  rpc.RpcClient (RpcClient.java:createBucket(666)) - Creating Bucket: volume68846/bucket41434, with the Bucket Layout LEGACY, runner as owner, Versioning false, Storage Type set to DISK and Encryption set to false 
2022-06-16 16:24:19,970 [IPC Server handler 10 on default port 44357] INFO  bucket.OMBucketCreateRequest (OMBucketCreateRequest.java:validateAndUpdateCache(260)) - created bucket: bucket41434 of layout LEGACY in volume: volume68846
]]></system-out>
  </testcase>
  <testcase name="testRenameFileToDir" classname="TestRootedOzoneFileSystem" time="0.057">
    <system-out><![CDATA[2022-06-16 16:18:40,483 [Time-limited test] INFO  rpc.RpcClient (RpcClient.java:createVolume(466)) - Creating Volume: volume55540, with user12617 as owner and space quota set to -1 bytes, counts quota set to -1
2022-06-16 16:18:40,488 [OM StateMachine ApplyTransaction Thread - 0] INFO  volume.OMVolumeCreateRequest (OMVolumeCreateRequest.java:validateAndUpdateCache(195)) - created volume:volume55540 for user:user12617
2022-06-16 16:18:40,489 [Time-limited test] INFO  rpc.RpcClient (RpcClient.java:createBucket(666)) - Creating Bucket: volume55540/bucket32428, with the Bucket Layout LEGACY, runner as owner, Versioning false, Storage Type set to DISK and Encryption set to false 
2022-06-16 16:18:40,489 [OM StateMachine ApplyTransaction Thread - 0] INFO  bucket.OMBucketCreateRequest (OMBucketCreateRequest.java:validateAndUpdateCache(260)) - created bucket: bucket32428 of layout LEGACY in volume: volume55540
16:18:40.500 [IPC Server handler 13 on default port 37419] ERROR OMAudit - user=runner | ip=127.0.0.1 | op=LIST_STATUS {volume=volume55540, bucket=bucket32428, key=a/b/c/file1, dataSize=0, replicationConfig=null} | ret=FAILURE
org.apache.hadoop.ozone.om.exceptions.OMException: Unable to get file status: volume: volume55540 bucket: bucket32428 key: a/b/c/file1
	at org.apache.hadoop.ozone.om.KeyManagerImpl.getOzoneFileStatus(KeyManagerImpl.java:1283) ~[ozone-manager-1.3.0-SNAPSHOT.jar:?]
	at org.apache.hadoop.ozone.om.KeyManagerImpl.getFileStatus(KeyManagerImpl.java:1213) ~[ozone-manager-1.3.0-SNAPSHOT.jar:?]
	at org.apache.hadoop.ozone.om.KeyManagerImpl.listStatus(KeyManagerImpl.java:1537) ~[ozone-manager-1.3.0-SNAPSHOT.jar:?]
	at org.apache.hadoop.ozone.om.OzoneManager.listStatus(OzoneManager.java:3497) ~[ozone-manager-1.3.0-SNAPSHOT.jar:?]
	at org.apache.hadoop.ozone.protocolPB.OzoneManagerRequestHandler.listStatus(OzoneManagerRequestHandler.java:1028) ~[ozone-manager-1.3.0-SNAPSHOT.jar:?]
	at org.apache.hadoop.ozone.protocolPB.OzoneManagerRequestHandler.handleReadRequest(OzoneManagerRequestHandler.java:228) ~[ozone-manager-1.3.0-SNAPSHOT.jar:?]
	at org.apache.hadoop.ozone.protocolPB.OzoneManagerProtocolServerSideTranslatorPB.submitReadRequestToOM(OzoneManagerProtocolServerSideTranslatorPB.java:225) ~[ozone-manager-1.3.0-SNAPSHOT.jar:?]
	at org.apache.hadoop.ozone.protocolPB.OzoneManagerProtocolServerSideTranslatorPB.processRequest(OzoneManagerProtocolServerSideTranslatorPB.java:175) ~[ozone-manager-1.3.0-SNAPSHOT.jar:?]
	at org.apache.hadoop.hdds.server.OzoneProtocolMessageDispatcher.processRequest(OzoneProtocolMessageDispatcher.java:87) [hdds-server-framework-1.3.0-SNAPSHOT.jar:?]
	at org.apache.hadoop.ozone.protocolPB.OzoneManagerProtocolServerSideTranslatorPB.submitRequest(OzoneManagerProtocolServerSideTranslatorPB.java:147) [ozone-manager-1.3.0-SNAPSHOT.jar:?]
	at org.apache.hadoop.ozone.protocol.proto.OzoneManagerProtocolProtos$OzoneManagerService$2.callBlockingMethod(OzoneManagerProtocolProtos.java) [ozone-interface-client-1.3.0-SNAPSHOT.jar:?]
	at org.apache.hadoop.ipc.ProtobufRpcEngine$Server.processCall(ProtobufRpcEngine.java:466) [hadoop-common-3.3.1.jar:?]
	at org.apache.hadoop.ipc.ProtobufRpcEngine2$Server$ProtoBufRpcInvoker.call(ProtobufRpcEngine2.java:574) [hadoop-common-3.3.1.jar:?]
	at org.apache.hadoop.ipc.ProtobufRpcEngine2$Server$ProtoBufRpcInvoker.call(ProtobufRpcEngine2.java:552) [hadoop-common-3.3.1.jar:?]
	at org.apache.hadoop.ipc.RPC$Server.call(RPC.java:1093) [hadoop-common-3.3.1.jar:?]
	at org.apache.hadoop.ipc.Server$RpcCall.run(Server.java:1035) [hadoop-common-3.3.1.jar:?]
	at org.apache.hadoop.ipc.Server$RpcCall.run(Server.java:963) [hadoop-common-3.3.1.jar:?]
	at java.security.AccessController.doPrivileged(Native Method) ~[?:1.8.0_332]
	at javax.security.auth.Subject.doAs(Subject.java:422) [?:1.8.0_332]
	at org.apache.hadoop.security.UserGroupInformation.doAs(UserGroupInformation.java:1878) [hadoop-common-3.3.1.jar:?]
	at org.apache.hadoop.ipc.Server$Handler.run(Server.java:2966) [hadoop-common-3.3.1.jar:?]
]]></system-out>
  </testcase>
  <testcase name="testRenameFileToDir" classname="TestRootedOzoneFileSystem" time="0.113">
    <system-out><![CDATA[2022-06-16 16:19:43,826 [Time-limited test] INFO  rpc.RpcClient (RpcClient.java:createVolume(466)) - Creating Volume: volume91229, with user37473 as owner and space quota set to -1 bytes, counts quota set to -1
2022-06-16 16:19:43,828 [OM StateMachine ApplyTransaction Thread - 0] INFO  volume.OMVolumeCreateRequest (OMVolumeCreateRequest.java:validateAndUpdateCache(195)) - created volume:volume91229 for user:user37473
2022-06-16 16:19:43,829 [Time-limited test] INFO  rpc.RpcClient (RpcClient.java:createBucket(666)) - Creating Bucket: volume91229/bucket46501, with the Bucket Layout LEGACY, runner as owner, Versioning false, Storage Type set to DISK and Encryption set to false 
2022-06-16 16:19:43,832 [OM StateMachine ApplyTransaction Thread - 0] INFO  bucket.OMBucketCreateRequest (OMBucketCreateRequest.java:validateAndUpdateCache(260)) - created bucket: bucket46501 of layout LEGACY in volume: volume91229
16:19:43.843 [IPC Server handler 15 on default port 34065] ERROR OMAudit - user=runner | ip=127.0.0.1 | op=LIST_STATUS {volume=volume91229, bucket=bucket46501, key=a/b/c/file1, dataSize=0, replicationConfig=null} | ret=FAILURE
org.apache.hadoop.ozone.om.exceptions.OMException: Unable to get file status: volume: volume91229 bucket: bucket46501 key: a/b/c/file1
	at org.apache.hadoop.ozone.om.KeyManagerImpl.getOzoneFileStatus(KeyManagerImpl.java:1283) ~[ozone-manager-1.3.0-SNAPSHOT.jar:?]
	at org.apache.hadoop.ozone.om.KeyManagerImpl.getFileStatus(KeyManagerImpl.java:1213) ~[ozone-manager-1.3.0-SNAPSHOT.jar:?]
	at org.apache.hadoop.ozone.om.KeyManagerImpl.listStatus(KeyManagerImpl.java:1537) ~[ozone-manager-1.3.0-SNAPSHOT.jar:?]
	at org.apache.hadoop.ozone.om.OzoneManager.listStatus(OzoneManager.java:3497) ~[ozone-manager-1.3.0-SNAPSHOT.jar:?]
	at org.apache.hadoop.ozone.protocolPB.OzoneManagerRequestHandler.listStatus(OzoneManagerRequestHandler.java:1028) ~[ozone-manager-1.3.0-SNAPSHOT.jar:?]
	at org.apache.hadoop.ozone.protocolPB.OzoneManagerRequestHandler.handleReadRequest(OzoneManagerRequestHandler.java:228) ~[ozone-manager-1.3.0-SNAPSHOT.jar:?]
	at org.apache.hadoop.ozone.protocolPB.OzoneManagerProtocolServerSideTranslatorPB.submitReadRequestToOM(OzoneManagerProtocolServerSideTranslatorPB.java:225) ~[ozone-manager-1.3.0-SNAPSHOT.jar:?]
	at org.apache.hadoop.ozone.protocolPB.OzoneManagerProtocolServerSideTranslatorPB.processRequest(OzoneManagerProtocolServerSideTranslatorPB.java:175) ~[ozone-manager-1.3.0-SNAPSHOT.jar:?]
	at org.apache.hadoop.hdds.server.OzoneProtocolMessageDispatcher.processRequest(OzoneProtocolMessageDispatcher.java:87) [hdds-server-framework-1.3.0-SNAPSHOT.jar:?]
	at org.apache.hadoop.ozone.protocolPB.OzoneManagerProtocolServerSideTranslatorPB.submitRequest(OzoneManagerProtocolServerSideTranslatorPB.java:147) [ozone-manager-1.3.0-SNAPSHOT.jar:?]
	at org.apache.hadoop.ozone.protocol.proto.OzoneManagerProtocolProtos$OzoneManagerService$2.callBlockingMethod(OzoneManagerProtocolProtos.java) [ozone-interface-client-1.3.0-SNAPSHOT.jar:?]
	at org.apache.hadoop.ipc.ProtobufRpcEngine$Server.processCall(ProtobufRpcEngine.java:466) [hadoop-common-3.3.1.jar:?]
	at org.apache.hadoop.ipc.ProtobufRpcEngine2$Server$ProtoBufRpcInvoker.call(ProtobufRpcEngine2.java:574) [hadoop-common-3.3.1.jar:?]
	at org.apache.hadoop.ipc.ProtobufRpcEngine2$Server$ProtoBufRpcInvoker.call(ProtobufRpcEngine2.java:552) [hadoop-common-3.3.1.jar:?]
	at org.apache.hadoop.ipc.RPC$Server.call(RPC.java:1093) [hadoop-common-3.3.1.jar:?]
	at org.apache.hadoop.ipc.Server$RpcCall.run(Server.java:1035) [hadoop-common-3.3.1.jar:?]
	at org.apache.hadoop.ipc.Server$RpcCall.run(Server.java:963) [hadoop-common-3.3.1.jar:?]
	at java.security.AccessController.doPrivileged(Native Method) ~[?:1.8.0_332]
	at javax.security.auth.Subject.doAs(Subject.java:422) [?:1.8.0_332]
	at org.apache.hadoop.security.UserGroupInformation.doAs(UserGroupInformation.java:1878) [hadoop-common-3.3.1.jar:?]
	at org.apache.hadoop.ipc.Server$Handler.run(Server.java:2966) [hadoop-common-3.3.1.jar:?]
]]></system-out>
  </testcase>
  <testcase name="testRenameFileToDir" classname="TestRootedOzoneFileSystem" time="0.095">
    <system-out><![CDATA[2022-06-16 16:20:58,271 [Time-limited test] INFO  rpc.RpcClient (RpcClient.java:createVolume(466)) - Creating Volume: volume59797, with user16303 as owner and space quota set to -1 bytes, counts quota set to -1
2022-06-16 16:20:58,274 [IPC Server handler 19 on default port 42069] INFO  volume.OMVolumeCreateRequest (OMVolumeCreateRequest.java:validateAndUpdateCache(195)) - created volume:volume59797 for user:user16303
2022-06-16 16:20:58,275 [Time-limited test] INFO  rpc.RpcClient (RpcClient.java:createBucket(666)) - Creating Bucket: volume59797/bucket10821, with the Bucket Layout LEGACY, runner as owner, Versioning false, Storage Type set to DISK and Encryption set to false 
2022-06-16 16:20:58,276 [IPC Server handler 1 on default port 42069] INFO  bucket.OMBucketCreateRequest (OMBucketCreateRequest.java:validateAndUpdateCache(260)) - created bucket: bucket10821 of layout LEGACY in volume: volume59797
16:20:58.285 [IPC Server handler 16 on default port 42069] ERROR OMAudit - user=runner | ip=127.0.0.1 | op=LIST_STATUS {volume=volume59797, bucket=bucket10821, key=a/b/c/file1, dataSize=0, replicationConfig=null} | ret=FAILURE
org.apache.hadoop.ozone.om.exceptions.OMException: Unable to get file status: volume: volume59797 bucket: bucket10821 key: a/b/c/file1
	at org.apache.hadoop.ozone.om.KeyManagerImpl.getOzoneFileStatus(KeyManagerImpl.java:1283) ~[ozone-manager-1.3.0-SNAPSHOT.jar:?]
	at org.apache.hadoop.ozone.om.KeyManagerImpl.getFileStatus(KeyManagerImpl.java:1213) ~[ozone-manager-1.3.0-SNAPSHOT.jar:?]
	at org.apache.hadoop.ozone.om.KeyManagerImpl.listStatus(KeyManagerImpl.java:1537) ~[ozone-manager-1.3.0-SNAPSHOT.jar:?]
	at org.apache.hadoop.ozone.om.OzoneManager.listStatus(OzoneManager.java:3497) ~[ozone-manager-1.3.0-SNAPSHOT.jar:?]
	at org.apache.hadoop.ozone.protocolPB.OzoneManagerRequestHandler.listStatus(OzoneManagerRequestHandler.java:1028) ~[ozone-manager-1.3.0-SNAPSHOT.jar:?]
	at org.apache.hadoop.ozone.protocolPB.OzoneManagerRequestHandler.handleReadRequest(OzoneManagerRequestHandler.java:228) ~[ozone-manager-1.3.0-SNAPSHOT.jar:?]
	at org.apache.hadoop.ozone.protocolPB.OzoneManagerProtocolServerSideTranslatorPB.submitRequestDirectlyToOM(OzoneManagerProtocolServerSideTranslatorPB.java:284) ~[ozone-manager-1.3.0-SNAPSHOT.jar:?]
	at org.apache.hadoop.ozone.protocolPB.OzoneManagerProtocolServerSideTranslatorPB.processRequest(OzoneManagerProtocolServerSideTranslatorPB.java:207) ~[ozone-manager-1.3.0-SNAPSHOT.jar:?]
	at org.apache.hadoop.hdds.server.OzoneProtocolMessageDispatcher.processRequest(OzoneProtocolMessageDispatcher.java:87) [hdds-server-framework-1.3.0-SNAPSHOT.jar:?]
	at org.apache.hadoop.ozone.protocolPB.OzoneManagerProtocolServerSideTranslatorPB.submitRequest(OzoneManagerProtocolServerSideTranslatorPB.java:147) [ozone-manager-1.3.0-SNAPSHOT.jar:?]
	at org.apache.hadoop.ozone.protocol.proto.OzoneManagerProtocolProtos$OzoneManagerService$2.callBlockingMethod(OzoneManagerProtocolProtos.java) [ozone-interface-client-1.3.0-SNAPSHOT.jar:?]
	at org.apache.hadoop.ipc.ProtobufRpcEngine$Server.processCall(ProtobufRpcEngine.java:466) [hadoop-common-3.3.1.jar:?]
	at org.apache.hadoop.ipc.ProtobufRpcEngine2$Server$ProtoBufRpcInvoker.call(ProtobufRpcEngine2.java:574) [hadoop-common-3.3.1.jar:?]
	at org.apache.hadoop.ipc.ProtobufRpcEngine2$Server$ProtoBufRpcInvoker.call(ProtobufRpcEngine2.java:552) [hadoop-common-3.3.1.jar:?]
	at org.apache.hadoop.ipc.RPC$Server.call(RPC.java:1093) [hadoop-common-3.3.1.jar:?]
	at org.apache.hadoop.ipc.Server$RpcCall.run(Server.java:1035) [hadoop-common-3.3.1.jar:?]
	at org.apache.hadoop.ipc.Server$RpcCall.run(Server.java:963) [hadoop-common-3.3.1.jar:?]
	at java.security.AccessController.doPrivileged(Native Method) ~[?:1.8.0_332]
	at javax.security.auth.Subject.doAs(Subject.java:422) [?:1.8.0_332]
	at org.apache.hadoop.security.UserGroupInformation.doAs(UserGroupInformation.java:1878) [hadoop-common-3.3.1.jar:?]
	at org.apache.hadoop.ipc.Server$Handler.run(Server.java:2966) [hadoop-common-3.3.1.jar:?]
]]></system-out>
  </testcase>
  <testcase name="testRenameFileToDir" classname="TestRootedOzoneFileSystem" time="0.21">
    <system-out><![CDATA[2022-06-16 16:22:53,666 [Time-limited test] INFO  rpc.RpcClient (RpcClient.java:createVolume(466)) - Creating Volume: volume97157, with user87050 as owner and space quota set to -1 bytes, counts quota set to -1
2022-06-16 16:22:53,714 [OM StateMachine ApplyTransaction Thread - 0] INFO  volume.OMVolumeCreateRequest (OMVolumeCreateRequest.java:validateAndUpdateCache(195)) - created volume:volume97157 for user:user87050
2022-06-16 16:22:53,715 [Time-limited test] INFO  rpc.RpcClient (RpcClient.java:createBucket(666)) - Creating Bucket: volume97157/bucket80870, with the Bucket Layout LEGACY, runner as owner, Versioning false, Storage Type set to DISK and Encryption set to false 
2022-06-16 16:22:53,716 [OM StateMachine ApplyTransaction Thread - 0] INFO  bucket.OMBucketCreateRequest (OMBucketCreateRequest.java:validateAndUpdateCache(260)) - created bucket: bucket80870 of layout LEGACY in volume: volume97157
16:22:53.729 [IPC Server handler 12 on default port 33505] ERROR OMAudit - user=runner | ip=127.0.0.1 | op=LIST_STATUS {volume=volume97157, bucket=bucket80870, key=a/b/c/file1, dataSize=0, replicationConfig=null} | ret=FAILURE
org.apache.hadoop.ozone.om.exceptions.OMException: Unable to get file status: volume: volume97157 bucket: bucket80870 key: a/b/c/file1
	at org.apache.hadoop.ozone.om.KeyManagerImpl.getOzoneFileStatus(KeyManagerImpl.java:1283) ~[ozone-manager-1.3.0-SNAPSHOT.jar:?]
	at org.apache.hadoop.ozone.om.KeyManagerImpl.getFileStatus(KeyManagerImpl.java:1213) ~[ozone-manager-1.3.0-SNAPSHOT.jar:?]
	at org.apache.hadoop.ozone.om.KeyManagerImpl.listStatus(KeyManagerImpl.java:1537) ~[ozone-manager-1.3.0-SNAPSHOT.jar:?]
	at org.apache.hadoop.ozone.om.OzoneManager.listStatus(OzoneManager.java:3497) ~[ozone-manager-1.3.0-SNAPSHOT.jar:?]
	at org.apache.hadoop.ozone.protocolPB.OzoneManagerRequestHandler.listStatus(OzoneManagerRequestHandler.java:1028) ~[ozone-manager-1.3.0-SNAPSHOT.jar:?]
	at org.apache.hadoop.ozone.protocolPB.OzoneManagerRequestHandler.handleReadRequest(OzoneManagerRequestHandler.java:228) ~[ozone-manager-1.3.0-SNAPSHOT.jar:?]
	at org.apache.hadoop.ozone.protocolPB.OzoneManagerProtocolServerSideTranslatorPB.submitReadRequestToOM(OzoneManagerProtocolServerSideTranslatorPB.java:225) ~[ozone-manager-1.3.0-SNAPSHOT.jar:?]
	at org.apache.hadoop.ozone.protocolPB.OzoneManagerProtocolServerSideTranslatorPB.processRequest(OzoneManagerProtocolServerSideTranslatorPB.java:175) ~[ozone-manager-1.3.0-SNAPSHOT.jar:?]
	at org.apache.hadoop.hdds.server.OzoneProtocolMessageDispatcher.processRequest(OzoneProtocolMessageDispatcher.java:87) [hdds-server-framework-1.3.0-SNAPSHOT.jar:?]
	at org.apache.hadoop.ozone.protocolPB.OzoneManagerProtocolServerSideTranslatorPB.submitRequest(OzoneManagerProtocolServerSideTranslatorPB.java:147) [ozone-manager-1.3.0-SNAPSHOT.jar:?]
	at org.apache.hadoop.ozone.protocol.proto.OzoneManagerProtocolProtos$OzoneManagerService$2.callBlockingMethod(OzoneManagerProtocolProtos.java) [ozone-interface-client-1.3.0-SNAPSHOT.jar:?]
	at org.apache.hadoop.ipc.ProtobufRpcEngine$Server.processCall(ProtobufRpcEngine.java:466) [hadoop-common-3.3.1.jar:?]
	at org.apache.hadoop.ipc.ProtobufRpcEngine2$Server$ProtoBufRpcInvoker.call(ProtobufRpcEngine2.java:574) [hadoop-common-3.3.1.jar:?]
	at org.apache.hadoop.ipc.ProtobufRpcEngine2$Server$ProtoBufRpcInvoker.call(ProtobufRpcEngine2.java:552) [hadoop-common-3.3.1.jar:?]
	at org.apache.hadoop.ipc.RPC$Server.call(RPC.java:1093) [hadoop-common-3.3.1.jar:?]
	at org.apache.hadoop.ipc.Server$RpcCall.run(Server.java:1035) [hadoop-common-3.3.1.jar:?]
	at org.apache.hadoop.ipc.Server$RpcCall.run(Server.java:963) [hadoop-common-3.3.1.jar:?]
	at java.security.AccessController.doPrivileged(Native Method) ~[?:1.8.0_332]
	at javax.security.auth.Subject.doAs(Subject.java:422) [?:1.8.0_332]
	at org.apache.hadoop.security.UserGroupInformation.doAs(UserGroupInformation.java:1878) [hadoop-common-3.3.1.jar:?]
	at org.apache.hadoop.ipc.Server$Handler.run(Server.java:2966) [hadoop-common-3.3.1.jar:?]
]]></system-out>
  </testcase>
  <testcase name="testRenameFileToDir" classname="TestRootedOzoneFileSystem" time="0.141">
    <system-out><![CDATA[2022-06-16 16:24:20,082 [Time-limited test] INFO  rpc.RpcClient (RpcClient.java:createVolume(466)) - Creating Volume: volume87034, with user24390 as owner and space quota set to -1 bytes, counts quota set to -1
2022-06-16 16:24:20,083 [IPC Server handler 0 on default port 44357] INFO  volume.OMVolumeCreateRequest (OMVolumeCreateRequest.java:validateAndUpdateCache(195)) - created volume:volume87034 for user:user24390
2022-06-16 16:24:20,094 [Time-limited test] INFO  rpc.RpcClient (RpcClient.java:createBucket(666)) - Creating Bucket: volume87034/bucket37313, with the Bucket Layout LEGACY, runner as owner, Versioning false, Storage Type set to DISK and Encryption set to false 
2022-06-16 16:24:20,095 [IPC Server handler 2 on default port 44357] INFO  bucket.OMBucketCreateRequest (OMBucketCreateRequest.java:validateAndUpdateCache(260)) - created bucket: bucket37313 of layout LEGACY in volume: volume87034
16:24:20.118 [IPC Server handler 17 on default port 44357] ERROR OMAudit - user=runner | ip=127.0.0.1 | op=LIST_STATUS {volume=volume87034, bucket=bucket37313, key=a/b/c/file1, dataSize=0, replicationConfig=null} | ret=FAILURE
org.apache.hadoop.ozone.om.exceptions.OMException: Unable to get file status: volume: volume87034 bucket: bucket37313 key: a/b/c/file1
	at org.apache.hadoop.ozone.om.KeyManagerImpl.getOzoneFileStatus(KeyManagerImpl.java:1283) ~[ozone-manager-1.3.0-SNAPSHOT.jar:?]
	at org.apache.hadoop.ozone.om.KeyManagerImpl.getFileStatus(KeyManagerImpl.java:1213) ~[ozone-manager-1.3.0-SNAPSHOT.jar:?]
	at org.apache.hadoop.ozone.om.KeyManagerImpl.listStatus(KeyManagerImpl.java:1537) ~[ozone-manager-1.3.0-SNAPSHOT.jar:?]
	at org.apache.hadoop.ozone.om.OzoneManager.listStatus(OzoneManager.java:3497) ~[ozone-manager-1.3.0-SNAPSHOT.jar:?]
	at org.apache.hadoop.ozone.protocolPB.OzoneManagerRequestHandler.listStatus(OzoneManagerRequestHandler.java:1028) ~[ozone-manager-1.3.0-SNAPSHOT.jar:?]
	at org.apache.hadoop.ozone.protocolPB.OzoneManagerRequestHandler.handleReadRequest(OzoneManagerRequestHandler.java:228) ~[ozone-manager-1.3.0-SNAPSHOT.jar:?]
	at org.apache.hadoop.ozone.protocolPB.OzoneManagerProtocolServerSideTranslatorPB.submitRequestDirectlyToOM(OzoneManagerProtocolServerSideTranslatorPB.java:284) ~[ozone-manager-1.3.0-SNAPSHOT.jar:?]
	at org.apache.hadoop.ozone.protocolPB.OzoneManagerProtocolServerSideTranslatorPB.processRequest(OzoneManagerProtocolServerSideTranslatorPB.java:207) ~[ozone-manager-1.3.0-SNAPSHOT.jar:?]
	at org.apache.hadoop.hdds.server.OzoneProtocolMessageDispatcher.processRequest(OzoneProtocolMessageDispatcher.java:87) [hdds-server-framework-1.3.0-SNAPSHOT.jar:?]
	at org.apache.hadoop.ozone.protocolPB.OzoneManagerProtocolServerSideTranslatorPB.submitRequest(OzoneManagerProtocolServerSideTranslatorPB.java:147) [ozone-manager-1.3.0-SNAPSHOT.jar:?]
	at org.apache.hadoop.ozone.protocol.proto.OzoneManagerProtocolProtos$OzoneManagerService$2.callBlockingMethod(OzoneManagerProtocolProtos.java) [ozone-interface-client-1.3.0-SNAPSHOT.jar:?]
	at org.apache.hadoop.ipc.ProtobufRpcEngine$Server.processCall(ProtobufRpcEngine.java:466) [hadoop-common-3.3.1.jar:?]
	at org.apache.hadoop.ipc.ProtobufRpcEngine2$Server$ProtoBufRpcInvoker.call(ProtobufRpcEngine2.java:574) [hadoop-common-3.3.1.jar:?]
	at org.apache.hadoop.ipc.ProtobufRpcEngine2$Server$ProtoBufRpcInvoker.call(ProtobufRpcEngine2.java:552) [hadoop-common-3.3.1.jar:?]
	at org.apache.hadoop.ipc.RPC$Server.call(RPC.java:1093) [hadoop-common-3.3.1.jar:?]
	at org.apache.hadoop.ipc.Server$RpcCall.run(Server.java:1035) [hadoop-common-3.3.1.jar:?]
	at org.apache.hadoop.ipc.Server$RpcCall.run(Server.java:963) [hadoop-common-3.3.1.jar:?]
	at java.security.AccessController.doPrivileged(Native Method) ~[?:1.8.0_332]
	at javax.security.auth.Subject.doAs(Subject.java:422) [?:1.8.0_332]
	at org.apache.hadoop.security.UserGroupInformation.doAs(UserGroupInformation.java:1878) [hadoop-common-3.3.1.jar:?]
	at org.apache.hadoop.ipc.Server$Handler.run(Server.java:2966) [hadoop-common-3.3.1.jar:?]
]]></system-out>
  </testcase>
</testsuite>