<?xml version="1.0" encoding="UTF-8"?>
<testsuite xmlns:xsi="http://www.w3.org/2001/XMLSchema-instance" xsi:noNamespaceSchemaLocation="https://maven.apache.org/surefire/maven-surefire-plugin/xsd/surefire-test-report-3.0.xsd" version="3.0" name="org.apache.hadoop.ozone.client.rpc.TestBlockOutputStreamFlushDelay" time="63.233" tests="6" errors="0" skipped="0" failures="1">
  <properties>
    <property name="awt.toolkit" value="sun.awt.X11.XToolkit"/>
    <property name="file.encoding.pkg" value="sun.io"/>
    <property name="java.specification.version" value="1.8"/>
    <property name="sun.cpu.isalist" value=""/>
    <property name="sun.jnu.encoding" value="UTF-8"/>
    <property name="java.class.path" value="/home/runner/work/ozone/ozone/hadoop-ozone/integration-test/target/test-classes:/home/runner/work/ozone/ozone/hadoop-ozone/integration-test/target/classes:/home/runner/.m2/repository/org/apache/ozone/ozone-common/1.3.0-SNAPSHOT/ozone-common-1.3.0-SNAPSHOT.jar:/home/runner/.m2/repository/io/grpc/grpc-netty/1.48.1/grpc-netty-1.48.1.jar:/home/runner/.m2/repository/io/grpc/grpc-core/1.48.1/grpc-core-1.48.1.jar:/home/runner/.m2/repository/com/google/android/annotations/4.1.1.4/annotations-4.1.1.4.jar:/home/runner/.m2/repository/org/codehaus/mojo/animal-sniffer-annotations/1.21/animal-sniffer-annotations-1.21.jar:/home/runner/.m2/repository/com/google/errorprone/error_prone_annotations/2.2.0/error_prone_annotations-2.2.0.jar:/home/runner/.m2/repository/io/perfmark/perfmark-api/0.25.0/perfmark-api-0.25.0.jar:/home/runner/.m2/repository/io/netty/netty-codec-http2/4.1.79.Final/netty-codec-http2-4.1.79.Final.jar:/home/runner/.m2/repository/io/netty/netty-common/4.1.79.Final/netty-common-4.1.79.Final.jar:/home/runner/.m2/repository/io/netty/netty-buffer/4.1.79.Final/netty-buffer-4.1.79.Final.jar:/home/runner/.m2/repository/io/netty/netty-codec-http/4.1.79.Final/netty-codec-http-4.1.79.Final.jar:/home/runner/.m2/repository/io/netty/netty-handler-proxy/4.1.79.Final/netty-handler-proxy-4.1.79.Final.jar:/home/runner/.m2/repository/io/netty/netty-codec-socks/4.1.79.Final/netty-codec-socks-4.1.79.Final.jar:/home/runner/.m2/repository/io/netty/netty-tcnative-boringssl-static/2.0.53.Final/netty-tcnative-boringssl-static-2.0.53.Final.jar:/home/runner/.m2/repository/io/netty/netty-tcnative-classes/2.0.53.Final/netty-tcnative-classes-2.0.53.Final.jar:/home/runner/.m2/repository/io/netty/netty-tcnative-boringssl-static/2.0.53.Final/netty-tcnative-boringssl-static-2.0.53.Final-linux-x86_64.jar:/home/runner/.m2/repository/io/netty/netty-tcnative-boringssl-static/2.0.53.Final/netty-tcnative-boringssl-static-2.0.53.Final-linux-aarch_64.jar:/home/runner/.m2/repository/io/netty/netty-tcnative-boringssl-static/2.0.53.Final/netty-tcnative-boringssl-static-2.0.53.Final-osx-x86_64.jar:/home/runner/.m2/repository/io/netty/netty-tcnative-boringssl-static/2.0.53.Final/netty-tcnative-boringssl-static-2.0.53.Final-osx-aarch_64.jar:/home/runner/.m2/repository/io/netty/netty-tcnative-boringssl-static/2.0.53.Final/netty-tcnative-boringssl-static-2.0.53.Final-windows-x86_64.jar:/home/runner/.m2/repository/org/apache/commons/commons-compress/1.21/commons-compress-1.21.jar:/home/runner/.m2/repository/org/apache/ozone/hdds-common/1.3.0-SNAPSHOT/hdds-common-1.3.0-SNAPSHOT.jar:/home/runner/.m2/repository/org/apache/ozone/hdds-client/1.3.0-SNAPSHOT/hdds-client-1.3.0-SNAPSHOT.jar:/home/runner/.m2/repository/org/apache/ozone/ozone-interface-client/1.3.0-SNAPSHOT/ozone-interface-client-1.3.0-SNAPSHOT.jar:/home/runner/.m2/repository/org/apache/ozone/hdds-test-utils/1.3.0-SNAPSHOT/hdds-test-utils-1.3.0-SNAPSHOT.jar:/home/runner/.m2/repository/com/google/guava/guava/31.1-jre/guava-31.1-jre.jar:/home/runner/.m2/repository/com/google/guava/failureaccess/1.0.1/failureaccess-1.0.1.jar:/home/runner/.m2/repository/com/google/guava/listenablefuture/9999.0-empty-to-avoid-conflict-with-guava/listenablefuture-9999.0-empty-to-avoid-conflict-with-guava.jar:/home/runner/.m2/repository/com/google/code/findbugs/jsr305/3.0.0/jsr305-3.0.0.jar:/home/runner/.m2/repository/org/checkerframework/checker-qual/3.12.0/checker-qual-3.12.0.jar:/home/runner/.m2/repository/com/google/j2objc/j2objc-annotations/1.3/j2objc-annotations-1.3.jar:/home/runner/.m2/repository/commons-io/commons-io/2.11.0/commons-io-2.11.0.jar:/home/runner/.m2/repository/commons-logging/commons-logging/1.2/commons-logging-1.2.jar:/home/runner/.m2/repository/log4j/log4j/1.2.17/log4j-1.2.17.jar:/home/runner/.m2/repository/org/slf4j/slf4j-api/1.7.30/slf4j-api-1.7.30.jar:/home/runner/.m2/repository/org/apache/ozone/hdds-server-scm/1.3.0-SNAPSHOT/hdds-server-scm-1.3.0-SNAPSHOT.jar:/home/runner/.m2/repository/org/apache/ozone/hdds-container-service/1.3.0-SNAPSHOT/hdds-container-service-1.3.0-SNAPSHOT.jar:/home/runner/.m2/repository/org/apache/ozone/hdds-hadoop-dependency-server/1.3.0-SNAPSHOT/hdds-hadoop-dependency-server-1.3.0-SNAPSHOT.jar:/home/runner/.m2/repository/org/apache/hadoop/hadoop-hdfs/3.3.1/hadoop-hdfs-3.3.1.jar:/home/runner/.m2/repository/org/apache/ozone/hdds-server-framework/1.3.0-SNAPSHOT/hdds-server-framework-1.3.0-SNAPSHOT.jar:/home/runner/.m2/repository/org/apache/ozone/hdds-interface-server/1.3.0-SNAPSHOT/hdds-interface-server-1.3.0-SNAPSHOT.jar:/home/runner/.m2/repository/org/apache/logging/log4j/log4j-core/2.17.1/log4j-core-2.17.1.jar:/home/runner/.m2/repository/com/lmax/disruptor/3.4.2/disruptor-3.4.2.jar:/home/runner/.m2/repository/org/eclipse/jetty/jetty-servlet/9.4.43.v20210629/jetty-servlet-9.4.43.v20210629.jar:/home/runner/.m2/repository/org/eclipse/jetty/jetty-security/9.4.43.v20210629/jetty-security-9.4.43.v20210629.jar:/home/runner/.m2/repository/org/rocksdb/rocksdbjni/7.4.5/rocksdbjni-7.4.5.jar:/home/runner/.m2/repository/io/prometheus/simpleclient_dropwizard/0.7.0/simpleclient_dropwizard-0.7.0.jar:/home/runner/.m2/repository/io/prometheus/simpleclient/0.7.0/simpleclient-0.7.0.jar:/home/runner/.m2/repository/io/prometheus/simpleclient_common/0.7.0/simpleclient_common-0.7.0.jar:/home/runner/.m2/repository/io/dropwizard/metrics/metrics-core/3.2.4/metrics-core-3.2.4.jar:/home/runner/.m2/repository/org/apache/hadoop/hadoop-hdfs-client/3.3.1/hadoop-hdfs-client-3.3.1.jar:/home/runner/.m2/repository/org/bouncycastle/bcprov-jdk15on/1.67/bcprov-jdk15on-1.67.jar:/home/runner/.m2/repository/com/google/protobuf/protobuf-java/2.5.0/protobuf-java-2.5.0.jar:/home/runner/.m2/repository/org/apache/ozone/ozone-manager/1.3.0-SNAPSHOT/ozone-manager-1.3.0-SNAPSHOT.jar:/home/runner/.m2/repository/org/aspectj/aspectjrt/1.9.7/aspectjrt-1.9.7.jar:/home/runner/.m2/repository/org/aspectj/aspectjweaver/1.9.7/aspectjweaver-1.9.7.jar:/home/runner/.m2/repository/org/apache/ozone/hdds-interface-client/1.3.0-SNAPSHOT/hdds-interface-client-1.3.0-SNAPSHOT.jar:/home/runner/.m2/repository/org/apache/hadoop/thirdparty/hadoop-shaded-protobuf_3_7/1.1.1/hadoop-shaded-protobuf_3_7-1.1.1.jar:/home/runner/.m2/repository/org/apache/ozone/ozone-interface-storage/1.3.0-SNAPSHOT/ozone-interface-storage-1.3.0-SNAPSHOT.jar:/home/runner/.m2/repository/org/reflections/reflections/0.9.11/reflections-0.9.11.jar:/home/runner/.m2/repository/com/sun/jersey/jersey-client/1.19/jersey-client-1.19.jar:/home/runner/.m2/repository/org/apache/ranger/ranger-intg/2.3.0/ranger-intg-2.3.0.jar:/home/runner/.m2/repository/org/apache/ranger/ranger-plugins-common/2.3.0/ranger-plugins-common-2.3.0.jar:/home/runner/.m2/repository/commons-lang/commons-lang/2.6/commons-lang-2.6.jar:/home/runner/.m2/repository/org/codehaus/jackson/jackson-jaxrs/1.9.13/jackson-jaxrs-1.9.13.jar:/home/runner/.m2/repository/org/apache/ranger/ranger-plugins-cred/2.3.0/ranger-plugins-cred-2.3.0.jar:/home/runner/.m2/repository/org/apache/ranger/ranger-plugins-audit/2.3.0/ranger-plugins-audit-2.3.0.jar:/home/runner/.m2/repository/org/eclipse/jetty/jetty-client/9.4.31.v20200723/jetty-client-9.4.31.v20200723.jar:/home/runner/.m2/repository/org/apache/httpcomponents/httpmime/4.5.6/httpmime-4.5.6.jar:/home/runner/.m2/repository/org/apache/httpcomponents/httpcore-nio/4.4.6/httpcore-nio-4.4.6.jar:/home/runner/.m2/repository/org/apache/httpcomponents/httpasyncclient/4.1.3/httpasyncclient-4.1.3.jar:/home/runner/.m2/repository/com/carrotsearch/hppc/0.8.0/hppc-0.8.0.jar:/home/runner/.m2/repository/org/apache/orc/orc-core/1.5.8/orc-core-1.5.8.jar:/home/runner/.m2/repository/net/java/dev/jna/jna/5.2.0/jna-5.2.0.jar:/home/runner/.m2/repository/net/java/dev/jna/jna-platform/5.2.0/jna-platform-5.2.0.jar:/home/runner/.m2/repository/com/kstruct/gethostname4j/0.0.2/gethostname4j-0.0.2.jar:/home/runner/.m2/repository/org/apache/ranger/ranger-plugin-classloader/2.3.0/ranger-plugin-classloader-2.3.0.jar:/home/runner/.m2/repository/org/apache/hadoop/hadoop-minikdc/3.3.1/hadoop-minikdc-3.3.1.jar:/home/runner/.m2/repository/org/apache/kerby/kerb-simplekdc/1.0.1/kerb-simplekdc-1.0.1.jar:/home/runner/.m2/repository/org/apache/kerby/kerb-client/1.0.1/kerb-client-1.0.1.jar:/home/runner/.m2/repository/org/apache/kerby/kerby-config/1.0.1/kerby-config-1.0.1.jar:/home/runner/.m2/repository/org/apache/kerby/kerb-common/1.0.1/kerb-common-1.0.1.jar:/home/runner/.m2/repository/org/apache/kerby/kerb-crypto/1.0.1/kerb-crypto-1.0.1.jar:/home/runner/.m2/repository/org/apache/kerby/kerb-util/1.0.1/kerb-util-1.0.1.jar:/home/runner/.m2/repository/org/apache/kerby/token-provider/1.0.1/token-provider-1.0.1.jar:/home/runner/.m2/repository/org/apache/kerby/kerb-admin/1.0.1/kerb-admin-1.0.1.jar:/home/runner/.m2/repository/org/apache/kerby/kerb-server/1.0.1/kerb-server-1.0.1.jar:/home/runner/.m2/repository/org/apache/kerby/kerb-identity/1.0.1/kerb-identity-1.0.1.jar:/home/runner/.m2/repository/org/apache/kerby/kerby-xdr/1.0.1/kerby-xdr-1.0.1.jar:/home/runner/.m2/repository/org/slf4j/slf4j-log4j12/1.7.30/slf4j-log4j12-1.7.30.jar:/home/runner/.m2/repository/org/apache/ozone/ozone-s3gateway/1.3.0-SNAPSHOT/ozone-s3gateway-1.3.0-SNAPSHOT.jar:/home/runner/.m2/repository/org/javassist/javassist/3.21.0-GA/javassist-3.21.0-GA.jar:/home/runner/.m2/repository/org/jboss/weld/servlet/weld-servlet/2.4.7.Final/weld-servlet-2.4.7.Final.jar:/home/runner/.m2/repository/org/glassfish/jersey/containers/jersey-container-servlet-core/2.33/jersey-container-servlet-core-2.33.jar:/home/runner/.m2/repository/org/glassfish/hk2/external/jakarta.inject/2.6.1/jakarta.inject-2.6.1.jar:/home/runner/.m2/repository/org/glassfish/jersey/core/jersey-common/2.33/jersey-common-2.33.jar:/home/runner/.m2/repository/jakarta/ws/rs/jakarta.ws.rs-api/2.1.6/jakarta.ws.rs-api-2.1.6.jar:/home/runner/.m2/repository/org/glassfish/jersey/ext/cdi/jersey-cdi1x/2.33/jersey-cdi1x-2.33.jar:/home/runner/.m2/repository/org/glassfish/jersey/inject/jersey-hk2/2.33/jersey-hk2-2.33.jar:/home/runner/.m2/repository/org/glassfish/hk2/hk2-locator/2.6.1/hk2-locator-2.6.1.jar:/home/runner/.m2/repository/org/glassfish/jersey/media/jersey-media-jaxb/2.33/jersey-media-jaxb-2.33.jar:/home/runner/.m2/repository/org/glassfish/hk2/osgi-resource-locator/1.0.3/osgi-resource-locator-1.0.3.jar:/home/runner/.m2/repository/org/glassfish/hk2/hk2-api/2.5.0/hk2-api-2.5.0.jar:/home/runner/.m2/repository/org/glassfish/hk2/hk2-utils/2.5.0/hk2-utils-2.5.0.jar:/home/runner/.m2/repository/org/glassfish/hk2/external/aopalliance-repackaged/2.5.0/aopalliance-repackaged-2.5.0.jar:/home/runner/.m2/repository/com/fasterxml/jackson/dataformat/jackson-dataformat-xml/2.13.2/jackson-dataformat-xml-2.13.2.jar:/home/runner/.m2/repository/com/fasterxml/jackson/core/jackson-core/2.13.2/jackson-core-2.13.2.jar:/home/runner/.m2/repository/org/codehaus/woodstox/stax2-api/3.1.4/stax2-api-3.1.4.jar:/home/runner/.m2/repository/com/fasterxml/woodstox/woodstox-core/5.0.3/woodstox-core-5.0.3.jar:/home/runner/.m2/repository/com/fasterxml/jackson/module/jackson-module-jaxb-annotations/2.13.2/jackson-module-jaxb-annotations-2.13.2.jar:/home/runner/.m2/repository/jakarta/xml/bind/jakarta.xml.bind-api/2.3.3/jakarta.xml.bind-api-2.3.3.jar:/home/runner/.m2/repository/jakarta/activation/jakarta.activation-api/1.2.1/jakarta.activation-api-1.2.1.jar:/home/runner/.m2/repository/javax/enterprise/cdi-api/1.2/cdi-api-1.2.jar:/home/runner/.m2/repository/javax/el/javax.el-api/3.0.0/javax.el-api-3.0.0.jar:/home/runner/.m2/repository/javax/interceptor/javax.interceptor-api/1.2/javax.interceptor-api-1.2.jar:/home/runner/.m2/repository/javax/inject/javax.inject/1/javax.inject-1.jar:/home/runner/.m2/repository/javax/xml/bind/jaxb-api/2.3.0/jaxb-api-2.3.0.jar:/home/runner/.m2/repository/org/glassfish/jaxb/jaxb-runtime/2.3.0.1/jaxb-runtime-2.3.0.1.jar:/home/runner/.m2/repository/org/glassfish/jaxb/jaxb-core/2.3.0.1/jaxb-core-2.3.0.1.jar:/home/runner/.m2/repository/org/glassfish/jaxb/txw2/2.3.0.1/txw2-2.3.0.1.jar:/home/runner/.m2/repository/com/sun/istack/istack-commons-runtime/3.0.5/istack-commons-runtime-3.0.5.jar:/home/runner/.m2/repository/org/jvnet/staxex/stax-ex/1.7.8/stax-ex-1.7.8.jar:/home/runner/.m2/repository/com/sun/xml/fastinfoset/FastInfoset/1.2.13/FastInfoset-1.2.13.jar:/home/runner/.m2/repository/javax/activation/activation/1.1.1/activation-1.1.1.jar:/home/runner/.m2/repository/io/grpc/grpc-protobuf/1.48.1/grpc-protobuf-1.48.1.jar:/home/runner/.m2/repository/io/grpc/grpc-api/1.48.1/grpc-api-1.48.1.jar:/home/runner/.m2/repository/io/grpc/grpc-context/1.48.1/grpc-context-1.48.1.jar:/home/runner/.m2/repository/com/google/api/grpc/proto-google-common-protos/2.9.0/proto-google-common-protos-2.9.0.jar:/home/runner/.m2/repository/io/grpc/grpc-protobuf-lite/1.48.1/grpc-protobuf-lite-1.48.1.jar:/home/runner/.m2/repository/io/grpc/grpc-stub/1.48.1/grpc-stub-1.48.1.jar:/home/runner/.m2/repository/io/netty/netty-transport/4.1.79.Final/netty-transport-4.1.79.Final.jar:/home/runner/.m2/repository/io/netty/netty-resolver/4.1.79.Final/netty-resolver-4.1.79.Final.jar:/home/runner/.m2/repository/org/apache/ozone/ozone-csi/1.3.0-SNAPSHOT/ozone-csi-1.3.0-SNAPSHOT.jar:/home/runner/.m2/repository/com/google/protobuf/protobuf-java-util/3.19.2/protobuf-java-util-3.19.2.jar:/home/runner/.m2/repository/com/google/code/gson/gson/2.9.0/gson-2.9.0.jar:/home/runner/.m2/repository/org/apache/ozone/hdds-config/1.3.0-SNAPSHOT/hdds-config-1.3.0-SNAPSHOT.jar:/home/runner/.m2/repository/io/netty/netty-transport-native-epoll/4.1.79.Final/netty-transport-native-epoll-4.1.79.Final-linux-x86_64.jar:/home/runner/.m2/repository/io/netty/netty-transport-classes-epoll/4.1.79.Final/netty-transport-classes-epoll-4.1.79.Final.jar:/home/runner/.m2/repository/io/netty/netty-transport-native-unix-common/4.1.79.Final/netty-transport-native-unix-common-4.1.79.Final.jar:/home/runner/.m2/repository/org/apache/ozone/ozone-recon/1.3.0-SNAPSHOT/ozone-recon-1.3.0-SNAPSHOT.jar:/home/runner/.m2/repository/org/apache/ozone/ozone-reconcodegen/1.3.0-SNAPSHOT/ozone-reconcodegen-1.3.0-SNAPSHOT.jar:/home/runner/.m2/repository/com/google/inject/extensions/guice-multibindings/4.0/guice-multibindings-4.0.jar:/home/runner/.m2/repository/com/google/inject/guice/4.0/guice-4.0.jar:/home/runner/.m2/repository/aopalliance/aopalliance/1.0/aopalliance-1.0.jar:/home/runner/.m2/repository/com/google/inject/extensions/guice-assistedinject/4.0/guice-assistedinject-4.0.jar:/home/runner/.m2/repository/com/google/inject/extensions/guice-servlet/4.0/guice-servlet-4.0.jar:/home/runner/.m2/repository/org/glassfish/jersey/containers/jersey-container-servlet/2.33/jersey-container-servlet-2.33.jar:/home/runner/.m2/repository/org/glassfish/hk2/guice-bridge/2.5.0/guice-bridge-2.5.0.jar:/home/runner/.m2/repository/org/glassfish/jersey/core/jersey-server/2.33/jersey-server-2.33.jar:/home/runner/.m2/repository/org/glassfish/jersey/core/jersey-client/2.33/jersey-client-2.33.jar:/home/runner/.m2/repository/jakarta/annotation/jakarta.annotation-api/1.3.5/jakarta.annotation-api-1.3.5.jar:/home/runner/.m2/repository/jakarta/validation/jakarta.validation-api/2.0.2/jakarta.validation-api-2.0.2.jar:/home/runner/.m2/repository/org/glassfish/jersey/media/jersey-media-json-jackson/2.33/jersey-media-json-jackson-2.33.jar:/home/runner/.m2/repository/org/glassfish/jersey/ext/jersey-entity-filtering/2.33/jersey-entity-filtering-2.33.jar:/home/runner/.m2/repository/org/jooq/jooq/3.11.10/jooq-3.11.10.jar:/home/runner/.m2/repository/org/jooq/jooq-meta/3.11.10/jooq-meta-3.11.10.jar:/home/runner/.m2/repository/org/jooq/jooq-codegen/3.11.10/jooq-codegen-3.11.10.jar:/home/runner/.m2/repository/com/jolbox/bonecp/0.8.0.RELEASE/bonecp-0.8.0.RELEASE.jar:/home/runner/.m2/repository/org/apache/derby/derby/10.14.2.0/derby-10.14.2.0.jar:/home/runner/.m2/repository/org/xerial/sqlite-jdbc/3.25.2/sqlite-jdbc-3.25.2.jar:/home/runner/.m2/repository/org/springframework/spring-jdbc/5.2.20.RELEASE/spring-jdbc-5.2.20.RELEASE.jar:/home/runner/.m2/repository/org/springframework/spring-beans/5.2.20.RELEASE/spring-beans-5.2.20.RELEASE.jar:/home/runner/.m2/repository/org/springframework/spring-core/5.2.20.RELEASE/spring-core-5.2.20.RELEASE.jar:/home/runner/.m2/repository/org/springframework/spring-jcl/5.2.20.RELEASE/spring-jcl-5.2.20.RELEASE.jar:/home/runner/.m2/repository/org/springframework/spring-tx/5.2.20.RELEASE/spring-tx-5.2.20.RELEASE.jar:/home/runner/.m2/repository/org/apache/ozone/ozone-client/1.3.0-SNAPSHOT/ozone-client-1.3.0-SNAPSHOT.jar:/home/runner/.m2/repository/org/apache/ozone/hdds-erasurecode/1.3.0-SNAPSHOT/hdds-erasurecode-1.3.0-SNAPSHOT.jar:/home/runner/.m2/repository/com/github/spotbugs/spotbugs-annotations/3.1.12/spotbugs-annotations-3.1.12.jar:/home/runner/.m2/repository/org/apache/ozone/ozone-filesystem/1.3.0-SNAPSHOT/ozone-filesystem-1.3.0-SNAPSHOT.jar:/home/runner/.m2/repository/org/apache/ozone/ozone-filesystem-common/1.3.0-SNAPSHOT/ozone-filesystem-common-1.3.0-SNAPSHOT.jar:/home/runner/.m2/repository/org/apache/ozone/ozone-tools/1.3.0-SNAPSHOT/ozone-tools-1.3.0-SNAPSHOT.jar:/home/runner/.m2/repository/org/apache/ratis/ratis-tools/2.3.0/ratis-tools-2.3.0.jar:/home/runner/.m2/repository/com/amazonaws/aws-java-sdk-core/1.12.261/aws-java-sdk-core-1.12.261.jar:/home/runner/.m2/repository/org/apache/httpcomponents/httpclient/4.5.13/httpclient-4.5.13.jar:/home/runner/.m2/repository/org/apache/httpcomponents/httpcore/4.4.13/httpcore-4.4.13.jar:/home/runner/.m2/repository/software/amazon/ion/ion-java/1.0.2/ion-java-1.0.2.jar:/home/runner/.m2/repository/com/fasterxml/jackson/dataformat/jackson-dataformat-cbor/2.13.2/jackson-dataformat-cbor-2.13.2.jar:/home/runner/.m2/repository/joda-time/joda-time/2.8.1/joda-time-2.8.1.jar:/home/runner/.m2/repository/com/amazonaws/aws-java-sdk-s3/1.12.261/aws-java-sdk-s3-1.12.261.jar:/home/runner/.m2/repository/com/amazonaws/aws-java-sdk-kms/1.12.261/aws-java-sdk-kms-1.12.261.jar:/home/runner/.m2/repository/com/amazonaws/jmespath-java/1.12.261/jmespath-java-1.12.261.jar:/home/runner/.m2/repository/org/kohsuke/metainf-services/metainf-services/1.8/metainf-services-1.8.jar:/home/runner/.m2/repository/org/apache/ozone/hdds-tools/1.3.0-SNAPSHOT/hdds-tools-1.3.0-SNAPSHOT.jar:/home/runner/.m2/repository/commons-cli/commons-cli/1.2/commons-cli-1.2.jar:/home/runner/.m2/repository/org/apache/commons/commons-lang3/3.7/commons-lang3-3.7.jar:/home/runner/.m2/repository/org/apache/ozone/ozone-manager/1.3.0-SNAPSHOT/ozone-manager-1.3.0-SNAPSHOT-tests.jar:/home/runner/.m2/repository/org/apache/ozone/hdds-common/1.3.0-SNAPSHOT/hdds-common-1.3.0-SNAPSHOT-tests.jar:/home/runner/.m2/repository/org/apache/ozone/hdds-hadoop-dependency-client/1.3.0-SNAPSHOT/hdds-hadoop-dependency-client-1.3.0-SNAPSHOT.jar:/home/runner/.m2/repository/info/picocli/picocli/4.6.1/picocli-4.6.1.jar:/home/runner/.m2/repository/com/fasterxml/jackson/core/jackson-annotations/2.13.2/jackson-annotations-2.13.2.jar:/home/runner/.m2/repository/com/fasterxml/jackson/datatype/jackson-datatype-jsr310/2.13.2/jackson-datatype-jsr310-2.13.2.jar:/home/runner/.m2/repository/javax/annotation/javax.annotation-api/1.2/javax.annotation-api-1.2.jar:/home/runner/.m2/repository/org/apache/ratis/ratis-server/2.3.0/ratis-server-2.3.0.jar:/home/runner/.m2/repository/org/apache/ratis/ratis-client/2.3.0/ratis-client-2.3.0.jar:/home/runner/.m2/repository/org/apache/ratis/ratis-server-api/2.3.0/ratis-server-api-2.3.0.jar:/home/runner/.m2/repository/org/apache/ratis/ratis-metrics/2.3.0/ratis-metrics-2.3.0.jar:/home/runner/.m2/repository/org/apache/ratis/ratis-netty/2.3.0/ratis-netty-2.3.0.jar:/home/runner/.m2/repository/org/apache/ratis/ratis-grpc/2.3.0/ratis-grpc-2.3.0.jar:/home/runner/.m2/repository/org/apache/logging/log4j/log4j-api/2.17.1/log4j-api-2.17.1.jar:/home/runner/.m2/repository/org/apache/commons/commons-pool2/2.6.0/commons-pool2-2.6.0.jar:/home/runner/.m2/repository/org/bouncycastle/bcpkix-jdk15on/1.67/bcpkix-jdk15on-1.67.jar:/home/runner/.m2/repository/commons-validator/commons-validator/1.6/commons-validator-1.6.jar:/home/runner/.m2/repository/commons-beanutils/commons-beanutils/1.9.4/commons-beanutils-1.9.4.jar:/home/runner/.m2/repository/commons-digester/commons-digester/1.8.1/commons-digester-1.8.1.jar:/home/runner/.m2/repository/commons-collections/commons-collections/3.2.2/commons-collections-3.2.2.jar:/home/runner/.m2/repository/io/jaegertracing/jaeger-client/1.6.0/jaeger-client-1.6.0.jar:/home/runner/.m2/repository/io/jaegertracing/jaeger-thrift/1.6.0/jaeger-thrift-1.6.0.jar:/home/runner/.m2/repository/org/apache/thrift/libthrift/0.14.1/libthrift-0.14.1.jar:/home/runner/.m2/repository/com/squareup/okhttp3/okhttp/4.9.0/okhttp-4.9.0.jar:/home/runner/.m2/repository/com/squareup/okio/okio/2.8.0/okio-2.8.0.jar:/home/runner/.m2/repository/io/jaegertracing/jaeger-core/1.6.0/jaeger-core-1.6.0.jar:/home/runner/.m2/repository/io/jaegertracing/jaeger-tracerresolver/1.6.0/jaeger-tracerresolver-1.6.0.jar:/home/runner/.m2/repository/io/opentracing/contrib/opentracing-tracerresolver/0.1.8/opentracing-tracerresolver-0.1.8.jar:/home/runner/.m2/repository/org/jetbrains/kotlin/kotlin-stdlib/1.6.21/kotlin-stdlib-1.6.21.jar:/home/runner/.m2/repository/org/jetbrains/kotlin/kotlin-stdlib-common/1.6.21/kotlin-stdlib-common-1.6.21.jar:/home/runner/.m2/repository/org/jetbrains/annotations/13.0/annotations-13.0.jar:/home/runner/.m2/repository/io/opentracing/opentracing-util/0.33.0/opentracing-util-0.33.0.jar:/home/runner/.m2/repository/io/opentracing/opentracing-api/0.33.0/opentracing-api-0.33.0.jar:/home/runner/.m2/repository/io/opentracing/opentracing-noop/0.33.0/opentracing-noop-0.33.0.jar:/home/runner/.m2/repository/org/yaml/snakeyaml/1.26/snakeyaml-1.26.jar:/home/runner/.m2/repository/org/apache/ozone/hdds-interface-admin/1.3.0-SNAPSHOT/hdds-interface-admin-1.3.0-SNAPSHOT.jar:/home/runner/.m2/repository/junit/junit/4.13.1/junit-4.13.1.jar:/home/runner/.m2/repository/org/hamcrest/hamcrest-core/1.3/hamcrest-core-1.3.jar:/home/runner/.m2/repository/org/junit/jupiter/junit-jupiter-api/5.8.2/junit-jupiter-api-5.8.2.jar:/home/runner/.m2/repository/org/opentest4j/opentest4j/1.2.0/opentest4j-1.2.0.jar:/home/runner/.m2/repository/org/junit/platform/junit-platform-commons/1.8.2/junit-platform-commons-1.8.2.jar:/home/runner/.m2/repository/org/apiguardian/apiguardian-api/1.1.2/apiguardian-api-1.1.2.jar:/home/runner/.m2/repository/org/junit/jupiter/junit-jupiter-params/5.8.2/junit-jupiter-params-5.8.2.jar:/home/runner/.m2/repository/org/junit/jupiter/junit-jupiter-migrationsupport/5.8.2/junit-jupiter-migrationsupport-5.8.2.jar:/home/runner/.m2/repository/org/junit/jupiter/junit-jupiter-engine/5.8.2/junit-jupiter-engine-5.8.2.jar:/home/runner/.m2/repository/org/junit/platform/junit-platform-engine/1.8.2/junit-platform-engine-1.8.2.jar:/home/runner/.m2/repository/org/junit/vintage/junit-vintage-engine/5.8.2/junit-vintage-engine-5.8.2.jar:/home/runner/.m2/repository/org/junit/platform/junit-platform-launcher/1.8.2/junit-platform-launcher-1.8.2.jar:/home/runner/.m2/repository/org/mockito/mockito-core/2.28.2/mockito-core-2.28.2.jar:/home/runner/.m2/repository/net/bytebuddy/byte-buddy/1.9.10/byte-buddy-1.9.10.jar:/home/runner/.m2/repository/net/bytebuddy/byte-buddy-agent/1.9.10/byte-buddy-agent-1.9.10.jar:/home/runner/.m2/repository/org/objenesis/objenesis/1.0/objenesis-1.0.jar:/home/runner/.m2/repository/org/apache/hadoop/hadoop-kms/3.3.1/hadoop-kms-3.3.1.jar:/home/runner/.m2/repository/org/apache/hadoop/hadoop-auth/3.3.1/hadoop-auth-3.3.1.jar:/home/runner/.m2/repository/com/nimbusds/nimbus-jose-jwt/7.9/nimbus-jose-jwt-7.9.jar:/home/runner/.m2/repository/com/github/stephenc/jcip/jcip-annotations/1.0-1/jcip-annotations-1.0-1.jar:/home/runner/.m2/repository/net/minidev/json-smart/2.4.7/json-smart-2.4.7.jar:/home/runner/.m2/repository/net/minidev/accessors-smart/2.4.7/accessors-smart-2.4.7.jar:/home/runner/.m2/repository/org/ow2/asm/asm/5.0.4/asm-5.0.4.jar:/home/runner/.m2/repository/org/apache/zookeeper/zookeeper/3.5.6/zookeeper-3.5.6.jar:/home/runner/.m2/repository/org/apache/zookeeper/zookeeper-jute/3.5.6/zookeeper-jute-3.5.6.jar:/home/runner/.m2/repository/org/apache/yetus/audience-annotations/0.5.0/audience-annotations-0.5.0.jar:/home/runner/.m2/repository/org/apache/curator/curator-framework/4.2.0/curator-framework-4.2.0.jar:/home/runner/.m2/repository/org/apache/hadoop/thirdparty/hadoop-shaded-guava/1.1.1/hadoop-shaded-guava-1.1.1.jar:/home/runner/.m2/repository/com/sun/jersey/jersey-core/1.19/jersey-core-1.19.jar:/home/runner/.m2/repository/javax/ws/rs/jsr311-api/1.1.1/jsr311-api-1.1.1.jar:/home/runner/.m2/repository/com/sun/jersey/jersey-server/1.19/jersey-server-1.19.jar:/home/runner/.m2/repository/javax/servlet/javax.servlet-api/3.1.0/javax.servlet-api-3.1.0.jar:/home/runner/.m2/repository/org/eclipse/jetty/jetty-server/9.4.43.v20210629/jetty-server-9.4.43.v20210629.jar:/home/runner/.m2/repository/org/eclipse/jetty/jetty-http/9.4.43.v20210629/jetty-http-9.4.43.v20210629.jar:/home/runner/.m2/repository/org/eclipse/jetty/jetty-io/9.4.43.v20210629/jetty-io-9.4.43.v20210629.jar:/home/runner/.m2/repository/org/eclipse/jetty/jetty-webapp/9.4.43.v20210629/jetty-webapp-9.4.43.v20210629.jar:/home/runner/.m2/repository/org/eclipse/jetty/jetty-xml/9.4.43.v20210629/jetty-xml-9.4.43.v20210629.jar:/home/runner/.m2/repository/org/apache/hadoop/hadoop-common/3.3.1/hadoop-common-3.3.1.jar:/home/runner/.m2/repository/org/apache/commons/commons-math3/3.1.1/commons-math3-3.1.1.jar:/home/runner/.m2/repository/commons-net/commons-net/3.6/commons-net-3.6.jar:/home/runner/.m2/repository/com/sun/jersey/jersey-servlet/1.19/jersey-servlet-1.19.jar:/home/runner/.m2/repository/com/sun/jersey/jersey-json/1.19/jersey-json-1.19.jar:/home/runner/.m2/repository/org/codehaus/jettison/jettison/1.1/jettison-1.1.jar:/home/runner/.m2/repository/com/sun/xml/bind/jaxb-impl/2.2.3-1/jaxb-impl-2.2.3-1.jar:/home/runner/.m2/repository/org/codehaus/jackson/jackson-xc/1.9.2/jackson-xc-1.9.2.jar:/home/runner/.m2/repository/org/apache/commons/commons-configuration2/2.1.1/commons-configuration2-2.1.1.jar:/home/runner/.m2/repository/org/apache/commons/commons-text/1.4/commons-text-1.4.jar:/home/runner/.m2/repository/com/google/re2j/re2j/1.1/re2j-1.1.jar:/home/runner/.m2/repository/com/jcraft/jsch/0.1.54/jsch-0.1.54.jar:/home/runner/.m2/repository/org/apache/curator/curator-client/4.2.0/curator-client-4.2.0.jar:/home/runner/.m2/repository/org/apache/curator/curator-recipes/4.2.0/curator-recipes-4.2.0.jar:/home/runner/.m2/repository/org/apache/kerby/kerb-core/1.0.1/kerb-core-1.0.1.jar:/home/runner/.m2/repository/org/apache/kerby/kerby-pkix/1.0.1/kerby-pkix-1.0.1.jar:/home/runner/.m2/repository/org/apache/kerby/kerby-asn1/1.0.1/kerby-asn1-1.0.1.jar:/home/runner/.m2/repository/org/apache/kerby/kerby-util/1.0.1/kerby-util-1.0.1.jar:/home/runner/.m2/repository/dnsjava/dnsjava/2.1.7/dnsjava-2.1.7.jar:/home/runner/.m2/repository/org/xerial/snappy/snappy-java/1.1.8.2/snappy-java-1.1.8.2.jar:/home/runner/.m2/repository/org/slf4j/jul-to-slf4j/1.7.30/jul-to-slf4j-1.7.30.jar:/home/runner/.m2/repository/org/eclipse/jetty/jetty-util/9.4.43.v20210629/jetty-util-9.4.43.v20210629.jar:/home/runner/.m2/repository/com/fasterxml/jackson/core/jackson-databind/2.13.2.2/jackson-databind-2.13.2.2.jar:/home/runner/.m2/repository/org/apache/hadoop/hadoop-kms/3.3.1/hadoop-kms-3.3.1-tests.jar:/home/runner/.m2/repository/org/apache/ozone/hdds-server-scm/1.3.0-SNAPSHOT/hdds-server-scm-1.3.0-SNAPSHOT-tests.jar:/home/runner/.m2/repository/org/apache/ozone/hdds-container-service/1.3.0-SNAPSHOT/hdds-container-service-1.3.0-SNAPSHOT-tests.jar:/home/runner/.m2/repository/commons-codec/commons-codec/1.11/commons-codec-1.11.jar:/home/runner/.m2/repository/io/netty/netty-codec/4.1.79.Final/netty-codec-4.1.79.Final.jar:/home/runner/.m2/repository/io/netty/netty-handler/4.1.79.Final/netty-handler-4.1.79.Final.jar:/home/runner/.m2/repository/org/apache/ozone/hdds-hadoop-dependency-test/1.3.0-SNAPSHOT/hdds-hadoop-dependency-test-1.3.0-SNAPSHOT.jar:/home/runner/.m2/repository/org/apache/hadoop/hadoop-common/3.3.1/hadoop-common-3.3.1-tests.jar:/home/runner/.m2/repository/org/assertj/assertj-core/3.12.2/assertj-core-3.12.2.jar:/home/runner/.m2/repository/org/apache/hadoop/hadoop-hdfs/3.3.1/hadoop-hdfs-3.3.1-tests.jar:/home/runner/.m2/repository/org/eclipse/jetty/jetty-util-ajax/9.4.43.v20210629/jetty-util-ajax-9.4.43.v20210629.jar:/home/runner/.m2/repository/commons-daemon/commons-daemon/1.0.13/commons-daemon-1.0.13.jar:/home/runner/.m2/repository/io/netty/netty/3.10.6.Final/netty-3.10.6.Final.jar:/home/runner/.m2/repository/io/netty/netty-all/4.1.79.Final/netty-all-4.1.79.Final.jar:/home/runner/.m2/repository/io/netty/netty-codec-dns/4.1.79.Final/netty-codec-dns-4.1.79.Final.jar:/home/runner/.m2/repository/io/netty/netty-codec-haproxy/4.1.79.Final/netty-codec-haproxy-4.1.79.Final.jar:/home/runner/.m2/repository/io/netty/netty-codec-memcache/4.1.79.Final/netty-codec-memcache-4.1.79.Final.jar:/home/runner/.m2/repository/io/netty/netty-codec-mqtt/4.1.79.Final/netty-codec-mqtt-4.1.79.Final.jar:/home/runner/.m2/repository/io/netty/netty-codec-redis/4.1.79.Final/netty-codec-redis-4.1.79.Final.jar:/home/runner/.m2/repository/io/netty/netty-codec-smtp/4.1.79.Final/netty-codec-smtp-4.1.79.Final.jar:/home/runner/.m2/repository/io/netty/netty-codec-stomp/4.1.79.Final/netty-codec-stomp-4.1.79.Final.jar:/home/runner/.m2/repository/io/netty/netty-codec-xml/4.1.79.Final/netty-codec-xml-4.1.79.Final.jar:/home/runner/.m2/repository/io/netty/netty-resolver-dns/4.1.79.Final/netty-resolver-dns-4.1.79.Final.jar:/home/runner/.m2/repository/io/netty/netty-transport-rxtx/4.1.79.Final/netty-transport-rxtx-4.1.79.Final.jar:/home/runner/.m2/repository/io/netty/netty-transport-sctp/4.1.79.Final/netty-transport-sctp-4.1.79.Final.jar:/home/runner/.m2/repository/io/netty/netty-transport-udt/4.1.79.Final/netty-transport-udt-4.1.79.Final.jar:/home/runner/.m2/repository/io/netty/netty-transport-classes-kqueue/4.1.79.Final/netty-transport-classes-kqueue-4.1.79.Final.jar:/home/runner/.m2/repository/io/netty/netty-resolver-dns-classes-macos/4.1.79.Final/netty-resolver-dns-classes-macos-4.1.79.Final.jar:/home/runner/.m2/repository/io/netty/netty-transport-native-epoll/4.1.79.Final/netty-transport-native-epoll-4.1.79.Final-linux-aarch_64.jar:/home/runner/.m2/repository/io/netty/netty-transport-native-kqueue/4.1.79.Final/netty-transport-native-kqueue-4.1.79.Final-osx-x86_64.jar:/home/runner/.m2/repository/io/netty/netty-transport-native-kqueue/4.1.79.Final/netty-transport-native-kqueue-4.1.79.Final-osx-aarch_64.jar:/home/runner/.m2/repository/io/netty/netty-resolver-dns-native-macos/4.1.79.Final/netty-resolver-dns-native-macos-4.1.79.Final-osx-x86_64.jar:/home/runner/.m2/repository/io/netty/netty-resolver-dns-native-macos/4.1.79.Final/netty-resolver-dns-native-macos-4.1.79.Final-osx-aarch_64.jar:/home/runner/.m2/repository/org/apache/htrace/htrace-core4/4.1.0-incubating/htrace-core4-4.1.0-incubating.jar:/home/runner/.m2/repository/org/fusesource/leveldbjni/leveldbjni-all/1.8/leveldbjni-all-1.8.jar:/home/runner/.m2/repository/org/apache/hadoop/hadoop-distcp/3.3.1/hadoop-distcp-3.3.1.jar:/home/runner/.m2/repository/org/apache/hadoop/hadoop-mapreduce-client-jobclient/3.3.1/hadoop-mapreduce-client-jobclient-3.3.1.jar:/home/runner/.m2/repository/org/apache/hadoop/hadoop-mapreduce-client-common/3.3.1/hadoop-mapreduce-client-common-3.3.1.jar:/home/runner/.m2/repository/org/apache/hadoop/hadoop-yarn-common/3.3.1/hadoop-yarn-common-3.3.1.jar:/home/runner/.m2/repository/org/apache/hadoop/hadoop-yarn-api/3.3.1/hadoop-yarn-api-3.3.1.jar:/home/runner/.m2/repository/com/sun/jersey/contribs/jersey-guice/1.19/jersey-guice-1.19.jar:/home/runner/.m2/repository/com/fasterxml/jackson/jaxrs/jackson-jaxrs-json-provider/2.13.2/jackson-jaxrs-json-provider-2.13.2.jar:/home/runner/.m2/repository/com/fasterxml/jackson/jaxrs/jackson-jaxrs-base/2.13.2/jackson-jaxrs-base-2.13.2.jar:/home/runner/.m2/repository/org/apache/hadoop/hadoop-yarn-client/3.3.1/hadoop-yarn-client-3.3.1.jar:/home/runner/.m2/repository/org/eclipse/jetty/websocket/websocket-client/9.4.40.v20210413/websocket-client-9.4.40.v20210413.jar:/home/runner/.m2/repository/org/eclipse/jetty/websocket/websocket-common/9.4.40.v20210413/websocket-common-9.4.40.v20210413.jar:/home/runner/.m2/repository/org/eclipse/jetty/websocket/websocket-api/9.4.40.v20210413/websocket-api-9.4.40.v20210413.jar:/home/runner/.m2/repository/org/jline/jline/3.9.0/jline-3.9.0.jar:/home/runner/.m2/repository/org/apache/hadoop/hadoop-mapreduce-client-core/3.3.1/hadoop-mapreduce-client-core-3.3.1.jar:/home/runner/.m2/repository/org/apache/avro/avro/1.7.7/avro-1.7.7.jar:/home/runner/.m2/repository/org/codehaus/jackson/jackson-core-asl/1.9.13/jackson-core-asl-1.9.13.jar:/home/runner/.m2/repository/org/codehaus/jackson/jackson-mapper-asl/1.9.13/jackson-mapper-asl-1.9.13.jar:/home/runner/.m2/repository/com/thoughtworks/paranamer/paranamer/2.3/paranamer-2.3.jar:/home/runner/.m2/repository/org/apache/hadoop/hadoop-annotations/3.3.1/hadoop-annotations-3.3.1.jar:/opt/hostedtoolcache/jdk/8.0.345/x64/jre/../lib/tools.jar:/home/runner/.m2/repository/org/apache/hadoop/hadoop-distcp/3.3.1/hadoop-distcp-3.3.1-tests.jar:/home/runner/.m2/repository/org/apache/ratis/ratis-common/2.3.0/ratis-common-2.3.0.jar:/home/runner/.m2/repository/org/apache/ratis/ratis-thirdparty-misc/1.0.0/ratis-thirdparty-misc-1.0.0.jar:/home/runner/.m2/repository/org/apache/ratis/ratis-proto/2.3.0/ratis-proto-2.3.0.jar:/home/runner/.m2/repository/org/apache/ozone/ozone-annotation-processing/1.3.0-SNAPSHOT/ozone-annotation-processing-1.3.0-SNAPSHOT.jar:"/>
    <property name="java.vm.vendor" value="Azul Systems, Inc."/>
    <property name="sun.arch.data.model" value="64"/>
    <property name="test.build.dir" value="/home/runner/work/ozone/ozone/hadoop-ozone/integration-test/target/test-dir"/>
    <property name="test.cache.data" value=""/>
    <property name="java.vendor.url" value="http://www.azul.com/"/>
    <property name="user.timezone" value="Etc/UTC"/>
    <property name="java.vm.specification.version" value="1.8"/>
    <property name="os.name" value="Linux"/>
    <property name="test.build.data" value="/home/runner/work/ozone/ozone/hadoop-ozone/integration-test/target/test-dir"/>
    <property name="sun.java.launcher" value="SUN_STANDARD"/>
    <property name="sun.boot.library.path" value="/opt/hostedtoolcache/jdk/8.0.345/x64/jre/lib/amd64"/>
    <property name="sun.java.command" value="/home/runner/work/ozone/ozone/hadoop-ozone/integration-test/target/surefire/surefirebooter5737408953616577520.jar /home/runner/work/ozone/ozone/hadoop-ozone/integration-test/target/surefire 2022-08-24T13-00-47_092-jvmRun1 surefire9194306015556193196tmp surefire_148747509368094448992tmp"/>
    <property name="surefire.test.class.path" value="/home/runner/work/ozone/ozone/hadoop-ozone/integration-test/target/test-classes:/home/runner/work/ozone/ozone/hadoop-ozone/integration-test/target/classes:/home/runner/.m2/repository/org/apache/ozone/ozone-common/1.3.0-SNAPSHOT/ozone-common-1.3.0-SNAPSHOT.jar:/home/runner/.m2/repository/io/grpc/grpc-netty/1.48.1/grpc-netty-1.48.1.jar:/home/runner/.m2/repository/io/grpc/grpc-core/1.48.1/grpc-core-1.48.1.jar:/home/runner/.m2/repository/com/google/android/annotations/4.1.1.4/annotations-4.1.1.4.jar:/home/runner/.m2/repository/org/codehaus/mojo/animal-sniffer-annotations/1.21/animal-sniffer-annotations-1.21.jar:/home/runner/.m2/repository/com/google/errorprone/error_prone_annotations/2.2.0/error_prone_annotations-2.2.0.jar:/home/runner/.m2/repository/io/perfmark/perfmark-api/0.25.0/perfmark-api-0.25.0.jar:/home/runner/.m2/repository/io/netty/netty-codec-http2/4.1.79.Final/netty-codec-http2-4.1.79.Final.jar:/home/runner/.m2/repository/io/netty/netty-common/4.1.79.Final/netty-common-4.1.79.Final.jar:/home/runner/.m2/repository/io/netty/netty-buffer/4.1.79.Final/netty-buffer-4.1.79.Final.jar:/home/runner/.m2/repository/io/netty/netty-codec-http/4.1.79.Final/netty-codec-http-4.1.79.Final.jar:/home/runner/.m2/repository/io/netty/netty-handler-proxy/4.1.79.Final/netty-handler-proxy-4.1.79.Final.jar:/home/runner/.m2/repository/io/netty/netty-codec-socks/4.1.79.Final/netty-codec-socks-4.1.79.Final.jar:/home/runner/.m2/repository/io/netty/netty-tcnative-boringssl-static/2.0.53.Final/netty-tcnative-boringssl-static-2.0.53.Final.jar:/home/runner/.m2/repository/io/netty/netty-tcnative-classes/2.0.53.Final/netty-tcnative-classes-2.0.53.Final.jar:/home/runner/.m2/repository/io/netty/netty-tcnative-boringssl-static/2.0.53.Final/netty-tcnative-boringssl-static-2.0.53.Final-linux-x86_64.jar:/home/runner/.m2/repository/io/netty/netty-tcnative-boringssl-static/2.0.53.Final/netty-tcnative-boringssl-static-2.0.53.Final-linux-aarch_64.jar:/home/runner/.m2/repository/io/netty/netty-tcnative-boringssl-static/2.0.53.Final/netty-tcnative-boringssl-static-2.0.53.Final-osx-x86_64.jar:/home/runner/.m2/repository/io/netty/netty-tcnative-boringssl-static/2.0.53.Final/netty-tcnative-boringssl-static-2.0.53.Final-osx-aarch_64.jar:/home/runner/.m2/repository/io/netty/netty-tcnative-boringssl-static/2.0.53.Final/netty-tcnative-boringssl-static-2.0.53.Final-windows-x86_64.jar:/home/runner/.m2/repository/org/apache/commons/commons-compress/1.21/commons-compress-1.21.jar:/home/runner/.m2/repository/org/apache/ozone/hdds-common/1.3.0-SNAPSHOT/hdds-common-1.3.0-SNAPSHOT.jar:/home/runner/.m2/repository/org/apache/ozone/hdds-client/1.3.0-SNAPSHOT/hdds-client-1.3.0-SNAPSHOT.jar:/home/runner/.m2/repository/org/apache/ozone/ozone-interface-client/1.3.0-SNAPSHOT/ozone-interface-client-1.3.0-SNAPSHOT.jar:/home/runner/.m2/repository/org/apache/ozone/hdds-test-utils/1.3.0-SNAPSHOT/hdds-test-utils-1.3.0-SNAPSHOT.jar:/home/runner/.m2/repository/com/google/guava/guava/31.1-jre/guava-31.1-jre.jar:/home/runner/.m2/repository/com/google/guava/failureaccess/1.0.1/failureaccess-1.0.1.jar:/home/runner/.m2/repository/com/google/guava/listenablefuture/9999.0-empty-to-avoid-conflict-with-guava/listenablefuture-9999.0-empty-to-avoid-conflict-with-guava.jar:/home/runner/.m2/repository/com/google/code/findbugs/jsr305/3.0.0/jsr305-3.0.0.jar:/home/runner/.m2/repository/org/checkerframework/checker-qual/3.12.0/checker-qual-3.12.0.jar:/home/runner/.m2/repository/com/google/j2objc/j2objc-annotations/1.3/j2objc-annotations-1.3.jar:/home/runner/.m2/repository/commons-io/commons-io/2.11.0/commons-io-2.11.0.jar:/home/runner/.m2/repository/commons-logging/commons-logging/1.2/commons-logging-1.2.jar:/home/runner/.m2/repository/log4j/log4j/1.2.17/log4j-1.2.17.jar:/home/runner/.m2/repository/org/slf4j/slf4j-api/1.7.30/slf4j-api-1.7.30.jar:/home/runner/.m2/repository/org/apache/ozone/hdds-server-scm/1.3.0-SNAPSHOT/hdds-server-scm-1.3.0-SNAPSHOT.jar:/home/runner/.m2/repository/org/apache/ozone/hdds-container-service/1.3.0-SNAPSHOT/hdds-container-service-1.3.0-SNAPSHOT.jar:/home/runner/.m2/repository/org/apache/ozone/hdds-hadoop-dependency-server/1.3.0-SNAPSHOT/hdds-hadoop-dependency-server-1.3.0-SNAPSHOT.jar:/home/runner/.m2/repository/org/apache/hadoop/hadoop-hdfs/3.3.1/hadoop-hdfs-3.3.1.jar:/home/runner/.m2/repository/org/apache/ozone/hdds-server-framework/1.3.0-SNAPSHOT/hdds-server-framework-1.3.0-SNAPSHOT.jar:/home/runner/.m2/repository/org/apache/ozone/hdds-interface-server/1.3.0-SNAPSHOT/hdds-interface-server-1.3.0-SNAPSHOT.jar:/home/runner/.m2/repository/org/apache/logging/log4j/log4j-core/2.17.1/log4j-core-2.17.1.jar:/home/runner/.m2/repository/com/lmax/disruptor/3.4.2/disruptor-3.4.2.jar:/home/runner/.m2/repository/org/eclipse/jetty/jetty-servlet/9.4.43.v20210629/jetty-servlet-9.4.43.v20210629.jar:/home/runner/.m2/repository/org/eclipse/jetty/jetty-security/9.4.43.v20210629/jetty-security-9.4.43.v20210629.jar:/home/runner/.m2/repository/org/rocksdb/rocksdbjni/7.4.5/rocksdbjni-7.4.5.jar:/home/runner/.m2/repository/io/prometheus/simpleclient_dropwizard/0.7.0/simpleclient_dropwizard-0.7.0.jar:/home/runner/.m2/repository/io/prometheus/simpleclient/0.7.0/simpleclient-0.7.0.jar:/home/runner/.m2/repository/io/prometheus/simpleclient_common/0.7.0/simpleclient_common-0.7.0.jar:/home/runner/.m2/repository/io/dropwizard/metrics/metrics-core/3.2.4/metrics-core-3.2.4.jar:/home/runner/.m2/repository/org/apache/hadoop/hadoop-hdfs-client/3.3.1/hadoop-hdfs-client-3.3.1.jar:/home/runner/.m2/repository/org/bouncycastle/bcprov-jdk15on/1.67/bcprov-jdk15on-1.67.jar:/home/runner/.m2/repository/com/google/protobuf/protobuf-java/2.5.0/protobuf-java-2.5.0.jar:/home/runner/.m2/repository/org/apache/ozone/ozone-manager/1.3.0-SNAPSHOT/ozone-manager-1.3.0-SNAPSHOT.jar:/home/runner/.m2/repository/org/aspectj/aspectjrt/1.9.7/aspectjrt-1.9.7.jar:/home/runner/.m2/repository/org/aspectj/aspectjweaver/1.9.7/aspectjweaver-1.9.7.jar:/home/runner/.m2/repository/org/apache/ozone/hdds-interface-client/1.3.0-SNAPSHOT/hdds-interface-client-1.3.0-SNAPSHOT.jar:/home/runner/.m2/repository/org/apache/hadoop/thirdparty/hadoop-shaded-protobuf_3_7/1.1.1/hadoop-shaded-protobuf_3_7-1.1.1.jar:/home/runner/.m2/repository/org/apache/ozone/ozone-interface-storage/1.3.0-SNAPSHOT/ozone-interface-storage-1.3.0-SNAPSHOT.jar:/home/runner/.m2/repository/org/reflections/reflections/0.9.11/reflections-0.9.11.jar:/home/runner/.m2/repository/com/sun/jersey/jersey-client/1.19/jersey-client-1.19.jar:/home/runner/.m2/repository/org/apache/ranger/ranger-intg/2.3.0/ranger-intg-2.3.0.jar:/home/runner/.m2/repository/org/apache/ranger/ranger-plugins-common/2.3.0/ranger-plugins-common-2.3.0.jar:/home/runner/.m2/repository/commons-lang/commons-lang/2.6/commons-lang-2.6.jar:/home/runner/.m2/repository/org/codehaus/jackson/jackson-jaxrs/1.9.13/jackson-jaxrs-1.9.13.jar:/home/runner/.m2/repository/org/apache/ranger/ranger-plugins-cred/2.3.0/ranger-plugins-cred-2.3.0.jar:/home/runner/.m2/repository/org/apache/ranger/ranger-plugins-audit/2.3.0/ranger-plugins-audit-2.3.0.jar:/home/runner/.m2/repository/org/eclipse/jetty/jetty-client/9.4.31.v20200723/jetty-client-9.4.31.v20200723.jar:/home/runner/.m2/repository/org/apache/httpcomponents/httpmime/4.5.6/httpmime-4.5.6.jar:/home/runner/.m2/repository/org/apache/httpcomponents/httpcore-nio/4.4.6/httpcore-nio-4.4.6.jar:/home/runner/.m2/repository/org/apache/httpcomponents/httpasyncclient/4.1.3/httpasyncclient-4.1.3.jar:/home/runner/.m2/repository/com/carrotsearch/hppc/0.8.0/hppc-0.8.0.jar:/home/runner/.m2/repository/org/apache/orc/orc-core/1.5.8/orc-core-1.5.8.jar:/home/runner/.m2/repository/net/java/dev/jna/jna/5.2.0/jna-5.2.0.jar:/home/runner/.m2/repository/net/java/dev/jna/jna-platform/5.2.0/jna-platform-5.2.0.jar:/home/runner/.m2/repository/com/kstruct/gethostname4j/0.0.2/gethostname4j-0.0.2.jar:/home/runner/.m2/repository/org/apache/ranger/ranger-plugin-classloader/2.3.0/ranger-plugin-classloader-2.3.0.jar:/home/runner/.m2/repository/org/apache/hadoop/hadoop-minikdc/3.3.1/hadoop-minikdc-3.3.1.jar:/home/runner/.m2/repository/org/apache/kerby/kerb-simplekdc/1.0.1/kerb-simplekdc-1.0.1.jar:/home/runner/.m2/repository/org/apache/kerby/kerb-client/1.0.1/kerb-client-1.0.1.jar:/home/runner/.m2/repository/org/apache/kerby/kerby-config/1.0.1/kerby-config-1.0.1.jar:/home/runner/.m2/repository/org/apache/kerby/kerb-common/1.0.1/kerb-common-1.0.1.jar:/home/runner/.m2/repository/org/apache/kerby/kerb-crypto/1.0.1/kerb-crypto-1.0.1.jar:/home/runner/.m2/repository/org/apache/kerby/kerb-util/1.0.1/kerb-util-1.0.1.jar:/home/runner/.m2/repository/org/apache/kerby/token-provider/1.0.1/token-provider-1.0.1.jar:/home/runner/.m2/repository/org/apache/kerby/kerb-admin/1.0.1/kerb-admin-1.0.1.jar:/home/runner/.m2/repository/org/apache/kerby/kerb-server/1.0.1/kerb-server-1.0.1.jar:/home/runner/.m2/repository/org/apache/kerby/kerb-identity/1.0.1/kerb-identity-1.0.1.jar:/home/runner/.m2/repository/org/apache/kerby/kerby-xdr/1.0.1/kerby-xdr-1.0.1.jar:/home/runner/.m2/repository/org/slf4j/slf4j-log4j12/1.7.30/slf4j-log4j12-1.7.30.jar:/home/runner/.m2/repository/org/apache/ozone/ozone-s3gateway/1.3.0-SNAPSHOT/ozone-s3gateway-1.3.0-SNAPSHOT.jar:/home/runner/.m2/repository/org/javassist/javassist/3.21.0-GA/javassist-3.21.0-GA.jar:/home/runner/.m2/repository/org/jboss/weld/servlet/weld-servlet/2.4.7.Final/weld-servlet-2.4.7.Final.jar:/home/runner/.m2/repository/org/glassfish/jersey/containers/jersey-container-servlet-core/2.33/jersey-container-servlet-core-2.33.jar:/home/runner/.m2/repository/org/glassfish/hk2/external/jakarta.inject/2.6.1/jakarta.inject-2.6.1.jar:/home/runner/.m2/repository/org/glassfish/jersey/core/jersey-common/2.33/jersey-common-2.33.jar:/home/runner/.m2/repository/jakarta/ws/rs/jakarta.ws.rs-api/2.1.6/jakarta.ws.rs-api-2.1.6.jar:/home/runner/.m2/repository/org/glassfish/jersey/ext/cdi/jersey-cdi1x/2.33/jersey-cdi1x-2.33.jar:/home/runner/.m2/repository/org/glassfish/jersey/inject/jersey-hk2/2.33/jersey-hk2-2.33.jar:/home/runner/.m2/repository/org/glassfish/hk2/hk2-locator/2.6.1/hk2-locator-2.6.1.jar:/home/runner/.m2/repository/org/glassfish/jersey/media/jersey-media-jaxb/2.33/jersey-media-jaxb-2.33.jar:/home/runner/.m2/repository/org/glassfish/hk2/osgi-resource-locator/1.0.3/osgi-resource-locator-1.0.3.jar:/home/runner/.m2/repository/org/glassfish/hk2/hk2-api/2.5.0/hk2-api-2.5.0.jar:/home/runner/.m2/repository/org/glassfish/hk2/hk2-utils/2.5.0/hk2-utils-2.5.0.jar:/home/runner/.m2/repository/org/glassfish/hk2/external/aopalliance-repackaged/2.5.0/aopalliance-repackaged-2.5.0.jar:/home/runner/.m2/repository/com/fasterxml/jackson/dataformat/jackson-dataformat-xml/2.13.2/jackson-dataformat-xml-2.13.2.jar:/home/runner/.m2/repository/com/fasterxml/jackson/core/jackson-core/2.13.2/jackson-core-2.13.2.jar:/home/runner/.m2/repository/org/codehaus/woodstox/stax2-api/3.1.4/stax2-api-3.1.4.jar:/home/runner/.m2/repository/com/fasterxml/woodstox/woodstox-core/5.0.3/woodstox-core-5.0.3.jar:/home/runner/.m2/repository/com/fasterxml/jackson/module/jackson-module-jaxb-annotations/2.13.2/jackson-module-jaxb-annotations-2.13.2.jar:/home/runner/.m2/repository/jakarta/xml/bind/jakarta.xml.bind-api/2.3.3/jakarta.xml.bind-api-2.3.3.jar:/home/runner/.m2/repository/jakarta/activation/jakarta.activation-api/1.2.1/jakarta.activation-api-1.2.1.jar:/home/runner/.m2/repository/javax/enterprise/cdi-api/1.2/cdi-api-1.2.jar:/home/runner/.m2/repository/javax/el/javax.el-api/3.0.0/javax.el-api-3.0.0.jar:/home/runner/.m2/repository/javax/interceptor/javax.interceptor-api/1.2/javax.interceptor-api-1.2.jar:/home/runner/.m2/repository/javax/inject/javax.inject/1/javax.inject-1.jar:/home/runner/.m2/repository/javax/xml/bind/jaxb-api/2.3.0/jaxb-api-2.3.0.jar:/home/runner/.m2/repository/org/glassfish/jaxb/jaxb-runtime/2.3.0.1/jaxb-runtime-2.3.0.1.jar:/home/runner/.m2/repository/org/glassfish/jaxb/jaxb-core/2.3.0.1/jaxb-core-2.3.0.1.jar:/home/runner/.m2/repository/org/glassfish/jaxb/txw2/2.3.0.1/txw2-2.3.0.1.jar:/home/runner/.m2/repository/com/sun/istack/istack-commons-runtime/3.0.5/istack-commons-runtime-3.0.5.jar:/home/runner/.m2/repository/org/jvnet/staxex/stax-ex/1.7.8/stax-ex-1.7.8.jar:/home/runner/.m2/repository/com/sun/xml/fastinfoset/FastInfoset/1.2.13/FastInfoset-1.2.13.jar:/home/runner/.m2/repository/javax/activation/activation/1.1.1/activation-1.1.1.jar:/home/runner/.m2/repository/io/grpc/grpc-protobuf/1.48.1/grpc-protobuf-1.48.1.jar:/home/runner/.m2/repository/io/grpc/grpc-api/1.48.1/grpc-api-1.48.1.jar:/home/runner/.m2/repository/io/grpc/grpc-context/1.48.1/grpc-context-1.48.1.jar:/home/runner/.m2/repository/com/google/api/grpc/proto-google-common-protos/2.9.0/proto-google-common-protos-2.9.0.jar:/home/runner/.m2/repository/io/grpc/grpc-protobuf-lite/1.48.1/grpc-protobuf-lite-1.48.1.jar:/home/runner/.m2/repository/io/grpc/grpc-stub/1.48.1/grpc-stub-1.48.1.jar:/home/runner/.m2/repository/io/netty/netty-transport/4.1.79.Final/netty-transport-4.1.79.Final.jar:/home/runner/.m2/repository/io/netty/netty-resolver/4.1.79.Final/netty-resolver-4.1.79.Final.jar:/home/runner/.m2/repository/org/apache/ozone/ozone-csi/1.3.0-SNAPSHOT/ozone-csi-1.3.0-SNAPSHOT.jar:/home/runner/.m2/repository/com/google/protobuf/protobuf-java-util/3.19.2/protobuf-java-util-3.19.2.jar:/home/runner/.m2/repository/com/google/code/gson/gson/2.9.0/gson-2.9.0.jar:/home/runner/.m2/repository/org/apache/ozone/hdds-config/1.3.0-SNAPSHOT/hdds-config-1.3.0-SNAPSHOT.jar:/home/runner/.m2/repository/io/netty/netty-transport-native-epoll/4.1.79.Final/netty-transport-native-epoll-4.1.79.Final-linux-x86_64.jar:/home/runner/.m2/repository/io/netty/netty-transport-classes-epoll/4.1.79.Final/netty-transport-classes-epoll-4.1.79.Final.jar:/home/runner/.m2/repository/io/netty/netty-transport-native-unix-common/4.1.79.Final/netty-transport-native-unix-common-4.1.79.Final.jar:/home/runner/.m2/repository/org/apache/ozone/ozone-recon/1.3.0-SNAPSHOT/ozone-recon-1.3.0-SNAPSHOT.jar:/home/runner/.m2/repository/org/apache/ozone/ozone-reconcodegen/1.3.0-SNAPSHOT/ozone-reconcodegen-1.3.0-SNAPSHOT.jar:/home/runner/.m2/repository/com/google/inject/extensions/guice-multibindings/4.0/guice-multibindings-4.0.jar:/home/runner/.m2/repository/com/google/inject/guice/4.0/guice-4.0.jar:/home/runner/.m2/repository/aopalliance/aopalliance/1.0/aopalliance-1.0.jar:/home/runner/.m2/repository/com/google/inject/extensions/guice-assistedinject/4.0/guice-assistedinject-4.0.jar:/home/runner/.m2/repository/com/google/inject/extensions/guice-servlet/4.0/guice-servlet-4.0.jar:/home/runner/.m2/repository/org/glassfish/jersey/containers/jersey-container-servlet/2.33/jersey-container-servlet-2.33.jar:/home/runner/.m2/repository/org/glassfish/hk2/guice-bridge/2.5.0/guice-bridge-2.5.0.jar:/home/runner/.m2/repository/org/glassfish/jersey/core/jersey-server/2.33/jersey-server-2.33.jar:/home/runner/.m2/repository/org/glassfish/jersey/core/jersey-client/2.33/jersey-client-2.33.jar:/home/runner/.m2/repository/jakarta/annotation/jakarta.annotation-api/1.3.5/jakarta.annotation-api-1.3.5.jar:/home/runner/.m2/repository/jakarta/validation/jakarta.validation-api/2.0.2/jakarta.validation-api-2.0.2.jar:/home/runner/.m2/repository/org/glassfish/jersey/media/jersey-media-json-jackson/2.33/jersey-media-json-jackson-2.33.jar:/home/runner/.m2/repository/org/glassfish/jersey/ext/jersey-entity-filtering/2.33/jersey-entity-filtering-2.33.jar:/home/runner/.m2/repository/org/jooq/jooq/3.11.10/jooq-3.11.10.jar:/home/runner/.m2/repository/org/jooq/jooq-meta/3.11.10/jooq-meta-3.11.10.jar:/home/runner/.m2/repository/org/jooq/jooq-codegen/3.11.10/jooq-codegen-3.11.10.jar:/home/runner/.m2/repository/com/jolbox/bonecp/0.8.0.RELEASE/bonecp-0.8.0.RELEASE.jar:/home/runner/.m2/repository/org/apache/derby/derby/10.14.2.0/derby-10.14.2.0.jar:/home/runner/.m2/repository/org/xerial/sqlite-jdbc/3.25.2/sqlite-jdbc-3.25.2.jar:/home/runner/.m2/repository/org/springframework/spring-jdbc/5.2.20.RELEASE/spring-jdbc-5.2.20.RELEASE.jar:/home/runner/.m2/repository/org/springframework/spring-beans/5.2.20.RELEASE/spring-beans-5.2.20.RELEASE.jar:/home/runner/.m2/repository/org/springframework/spring-core/5.2.20.RELEASE/spring-core-5.2.20.RELEASE.jar:/home/runner/.m2/repository/org/springframework/spring-jcl/5.2.20.RELEASE/spring-jcl-5.2.20.RELEASE.jar:/home/runner/.m2/repository/org/springframework/spring-tx/5.2.20.RELEASE/spring-tx-5.2.20.RELEASE.jar:/home/runner/.m2/repository/org/apache/ozone/ozone-client/1.3.0-SNAPSHOT/ozone-client-1.3.0-SNAPSHOT.jar:/home/runner/.m2/repository/org/apache/ozone/hdds-erasurecode/1.3.0-SNAPSHOT/hdds-erasurecode-1.3.0-SNAPSHOT.jar:/home/runner/.m2/repository/com/github/spotbugs/spotbugs-annotations/3.1.12/spotbugs-annotations-3.1.12.jar:/home/runner/.m2/repository/org/apache/ozone/ozone-filesystem/1.3.0-SNAPSHOT/ozone-filesystem-1.3.0-SNAPSHOT.jar:/home/runner/.m2/repository/org/apache/ozone/ozone-filesystem-common/1.3.0-SNAPSHOT/ozone-filesystem-common-1.3.0-SNAPSHOT.jar:/home/runner/.m2/repository/org/apache/ozone/ozone-tools/1.3.0-SNAPSHOT/ozone-tools-1.3.0-SNAPSHOT.jar:/home/runner/.m2/repository/org/apache/ratis/ratis-tools/2.3.0/ratis-tools-2.3.0.jar:/home/runner/.m2/repository/com/amazonaws/aws-java-sdk-core/1.12.261/aws-java-sdk-core-1.12.261.jar:/home/runner/.m2/repository/org/apache/httpcomponents/httpclient/4.5.13/httpclient-4.5.13.jar:/home/runner/.m2/repository/org/apache/httpcomponents/httpcore/4.4.13/httpcore-4.4.13.jar:/home/runner/.m2/repository/software/amazon/ion/ion-java/1.0.2/ion-java-1.0.2.jar:/home/runner/.m2/repository/com/fasterxml/jackson/dataformat/jackson-dataformat-cbor/2.13.2/jackson-dataformat-cbor-2.13.2.jar:/home/runner/.m2/repository/joda-time/joda-time/2.8.1/joda-time-2.8.1.jar:/home/runner/.m2/repository/com/amazonaws/aws-java-sdk-s3/1.12.261/aws-java-sdk-s3-1.12.261.jar:/home/runner/.m2/repository/com/amazonaws/aws-java-sdk-kms/1.12.261/aws-java-sdk-kms-1.12.261.jar:/home/runner/.m2/repository/com/amazonaws/jmespath-java/1.12.261/jmespath-java-1.12.261.jar:/home/runner/.m2/repository/org/kohsuke/metainf-services/metainf-services/1.8/metainf-services-1.8.jar:/home/runner/.m2/repository/org/apache/ozone/hdds-tools/1.3.0-SNAPSHOT/hdds-tools-1.3.0-SNAPSHOT.jar:/home/runner/.m2/repository/commons-cli/commons-cli/1.2/commons-cli-1.2.jar:/home/runner/.m2/repository/org/apache/commons/commons-lang3/3.7/commons-lang3-3.7.jar:/home/runner/.m2/repository/org/apache/ozone/ozone-manager/1.3.0-SNAPSHOT/ozone-manager-1.3.0-SNAPSHOT-tests.jar:/home/runner/.m2/repository/org/apache/ozone/hdds-common/1.3.0-SNAPSHOT/hdds-common-1.3.0-SNAPSHOT-tests.jar:/home/runner/.m2/repository/org/apache/ozone/hdds-hadoop-dependency-client/1.3.0-SNAPSHOT/hdds-hadoop-dependency-client-1.3.0-SNAPSHOT.jar:/home/runner/.m2/repository/info/picocli/picocli/4.6.1/picocli-4.6.1.jar:/home/runner/.m2/repository/com/fasterxml/jackson/core/jackson-annotations/2.13.2/jackson-annotations-2.13.2.jar:/home/runner/.m2/repository/com/fasterxml/jackson/datatype/jackson-datatype-jsr310/2.13.2/jackson-datatype-jsr310-2.13.2.jar:/home/runner/.m2/repository/javax/annotation/javax.annotation-api/1.2/javax.annotation-api-1.2.jar:/home/runner/.m2/repository/org/apache/ratis/ratis-server/2.3.0/ratis-server-2.3.0.jar:/home/runner/.m2/repository/org/apache/ratis/ratis-client/2.3.0/ratis-client-2.3.0.jar:/home/runner/.m2/repository/org/apache/ratis/ratis-server-api/2.3.0/ratis-server-api-2.3.0.jar:/home/runner/.m2/repository/org/apache/ratis/ratis-metrics/2.3.0/ratis-metrics-2.3.0.jar:/home/runner/.m2/repository/org/apache/ratis/ratis-netty/2.3.0/ratis-netty-2.3.0.jar:/home/runner/.m2/repository/org/apache/ratis/ratis-grpc/2.3.0/ratis-grpc-2.3.0.jar:/home/runner/.m2/repository/org/apache/logging/log4j/log4j-api/2.17.1/log4j-api-2.17.1.jar:/home/runner/.m2/repository/org/apache/commons/commons-pool2/2.6.0/commons-pool2-2.6.0.jar:/home/runner/.m2/repository/org/bouncycastle/bcpkix-jdk15on/1.67/bcpkix-jdk15on-1.67.jar:/home/runner/.m2/repository/commons-validator/commons-validator/1.6/commons-validator-1.6.jar:/home/runner/.m2/repository/commons-beanutils/commons-beanutils/1.9.4/commons-beanutils-1.9.4.jar:/home/runner/.m2/repository/commons-digester/commons-digester/1.8.1/commons-digester-1.8.1.jar:/home/runner/.m2/repository/commons-collections/commons-collections/3.2.2/commons-collections-3.2.2.jar:/home/runner/.m2/repository/io/jaegertracing/jaeger-client/1.6.0/jaeger-client-1.6.0.jar:/home/runner/.m2/repository/io/jaegertracing/jaeger-thrift/1.6.0/jaeger-thrift-1.6.0.jar:/home/runner/.m2/repository/org/apache/thrift/libthrift/0.14.1/libthrift-0.14.1.jar:/home/runner/.m2/repository/com/squareup/okhttp3/okhttp/4.9.0/okhttp-4.9.0.jar:/home/runner/.m2/repository/com/squareup/okio/okio/2.8.0/okio-2.8.0.jar:/home/runner/.m2/repository/io/jaegertracing/jaeger-core/1.6.0/jaeger-core-1.6.0.jar:/home/runner/.m2/repository/io/jaegertracing/jaeger-tracerresolver/1.6.0/jaeger-tracerresolver-1.6.0.jar:/home/runner/.m2/repository/io/opentracing/contrib/opentracing-tracerresolver/0.1.8/opentracing-tracerresolver-0.1.8.jar:/home/runner/.m2/repository/org/jetbrains/kotlin/kotlin-stdlib/1.6.21/kotlin-stdlib-1.6.21.jar:/home/runner/.m2/repository/org/jetbrains/kotlin/kotlin-stdlib-common/1.6.21/kotlin-stdlib-common-1.6.21.jar:/home/runner/.m2/repository/org/jetbrains/annotations/13.0/annotations-13.0.jar:/home/runner/.m2/repository/io/opentracing/opentracing-util/0.33.0/opentracing-util-0.33.0.jar:/home/runner/.m2/repository/io/opentracing/opentracing-api/0.33.0/opentracing-api-0.33.0.jar:/home/runner/.m2/repository/io/opentracing/opentracing-noop/0.33.0/opentracing-noop-0.33.0.jar:/home/runner/.m2/repository/org/yaml/snakeyaml/1.26/snakeyaml-1.26.jar:/home/runner/.m2/repository/org/apache/ozone/hdds-interface-admin/1.3.0-SNAPSHOT/hdds-interface-admin-1.3.0-SNAPSHOT.jar:/home/runner/.m2/repository/junit/junit/4.13.1/junit-4.13.1.jar:/home/runner/.m2/repository/org/hamcrest/hamcrest-core/1.3/hamcrest-core-1.3.jar:/home/runner/.m2/repository/org/junit/jupiter/junit-jupiter-api/5.8.2/junit-jupiter-api-5.8.2.jar:/home/runner/.m2/repository/org/opentest4j/opentest4j/1.2.0/opentest4j-1.2.0.jar:/home/runner/.m2/repository/org/junit/platform/junit-platform-commons/1.8.2/junit-platform-commons-1.8.2.jar:/home/runner/.m2/repository/org/apiguardian/apiguardian-api/1.1.2/apiguardian-api-1.1.2.jar:/home/runner/.m2/repository/org/junit/jupiter/junit-jupiter-params/5.8.2/junit-jupiter-params-5.8.2.jar:/home/runner/.m2/repository/org/junit/jupiter/junit-jupiter-migrationsupport/5.8.2/junit-jupiter-migrationsupport-5.8.2.jar:/home/runner/.m2/repository/org/junit/jupiter/junit-jupiter-engine/5.8.2/junit-jupiter-engine-5.8.2.jar:/home/runner/.m2/repository/org/junit/platform/junit-platform-engine/1.8.2/junit-platform-engine-1.8.2.jar:/home/runner/.m2/repository/org/junit/vintage/junit-vintage-engine/5.8.2/junit-vintage-engine-5.8.2.jar:/home/runner/.m2/repository/org/junit/platform/junit-platform-launcher/1.8.2/junit-platform-launcher-1.8.2.jar:/home/runner/.m2/repository/org/mockito/mockito-core/2.28.2/mockito-core-2.28.2.jar:/home/runner/.m2/repository/net/bytebuddy/byte-buddy/1.9.10/byte-buddy-1.9.10.jar:/home/runner/.m2/repository/net/bytebuddy/byte-buddy-agent/1.9.10/byte-buddy-agent-1.9.10.jar:/home/runner/.m2/repository/org/objenesis/objenesis/1.0/objenesis-1.0.jar:/home/runner/.m2/repository/org/apache/hadoop/hadoop-kms/3.3.1/hadoop-kms-3.3.1.jar:/home/runner/.m2/repository/org/apache/hadoop/hadoop-auth/3.3.1/hadoop-auth-3.3.1.jar:/home/runner/.m2/repository/com/nimbusds/nimbus-jose-jwt/7.9/nimbus-jose-jwt-7.9.jar:/home/runner/.m2/repository/com/github/stephenc/jcip/jcip-annotations/1.0-1/jcip-annotations-1.0-1.jar:/home/runner/.m2/repository/net/minidev/json-smart/2.4.7/json-smart-2.4.7.jar:/home/runner/.m2/repository/net/minidev/accessors-smart/2.4.7/accessors-smart-2.4.7.jar:/home/runner/.m2/repository/org/ow2/asm/asm/5.0.4/asm-5.0.4.jar:/home/runner/.m2/repository/org/apache/zookeeper/zookeeper/3.5.6/zookeeper-3.5.6.jar:/home/runner/.m2/repository/org/apache/zookeeper/zookeeper-jute/3.5.6/zookeeper-jute-3.5.6.jar:/home/runner/.m2/repository/org/apache/yetus/audience-annotations/0.5.0/audience-annotations-0.5.0.jar:/home/runner/.m2/repository/org/apache/curator/curator-framework/4.2.0/curator-framework-4.2.0.jar:/home/runner/.m2/repository/org/apache/hadoop/thirdparty/hadoop-shaded-guava/1.1.1/hadoop-shaded-guava-1.1.1.jar:/home/runner/.m2/repository/com/sun/jersey/jersey-core/1.19/jersey-core-1.19.jar:/home/runner/.m2/repository/javax/ws/rs/jsr311-api/1.1.1/jsr311-api-1.1.1.jar:/home/runner/.m2/repository/com/sun/jersey/jersey-server/1.19/jersey-server-1.19.jar:/home/runner/.m2/repository/javax/servlet/javax.servlet-api/3.1.0/javax.servlet-api-3.1.0.jar:/home/runner/.m2/repository/org/eclipse/jetty/jetty-server/9.4.43.v20210629/jetty-server-9.4.43.v20210629.jar:/home/runner/.m2/repository/org/eclipse/jetty/jetty-http/9.4.43.v20210629/jetty-http-9.4.43.v20210629.jar:/home/runner/.m2/repository/org/eclipse/jetty/jetty-io/9.4.43.v20210629/jetty-io-9.4.43.v20210629.jar:/home/runner/.m2/repository/org/eclipse/jetty/jetty-webapp/9.4.43.v20210629/jetty-webapp-9.4.43.v20210629.jar:/home/runner/.m2/repository/org/eclipse/jetty/jetty-xml/9.4.43.v20210629/jetty-xml-9.4.43.v20210629.jar:/home/runner/.m2/repository/org/apache/hadoop/hadoop-common/3.3.1/hadoop-common-3.3.1.jar:/home/runner/.m2/repository/org/apache/commons/commons-math3/3.1.1/commons-math3-3.1.1.jar:/home/runner/.m2/repository/commons-net/commons-net/3.6/commons-net-3.6.jar:/home/runner/.m2/repository/com/sun/jersey/jersey-servlet/1.19/jersey-servlet-1.19.jar:/home/runner/.m2/repository/com/sun/jersey/jersey-json/1.19/jersey-json-1.19.jar:/home/runner/.m2/repository/org/codehaus/jettison/jettison/1.1/jettison-1.1.jar:/home/runner/.m2/repository/com/sun/xml/bind/jaxb-impl/2.2.3-1/jaxb-impl-2.2.3-1.jar:/home/runner/.m2/repository/org/codehaus/jackson/jackson-xc/1.9.2/jackson-xc-1.9.2.jar:/home/runner/.m2/repository/org/apache/commons/commons-configuration2/2.1.1/commons-configuration2-2.1.1.jar:/home/runner/.m2/repository/org/apache/commons/commons-text/1.4/commons-text-1.4.jar:/home/runner/.m2/repository/com/google/re2j/re2j/1.1/re2j-1.1.jar:/home/runner/.m2/repository/com/jcraft/jsch/0.1.54/jsch-0.1.54.jar:/home/runner/.m2/repository/org/apache/curator/curator-client/4.2.0/curator-client-4.2.0.jar:/home/runner/.m2/repository/org/apache/curator/curator-recipes/4.2.0/curator-recipes-4.2.0.jar:/home/runner/.m2/repository/org/apache/kerby/kerb-core/1.0.1/kerb-core-1.0.1.jar:/home/runner/.m2/repository/org/apache/kerby/kerby-pkix/1.0.1/kerby-pkix-1.0.1.jar:/home/runner/.m2/repository/org/apache/kerby/kerby-asn1/1.0.1/kerby-asn1-1.0.1.jar:/home/runner/.m2/repository/org/apache/kerby/kerby-util/1.0.1/kerby-util-1.0.1.jar:/home/runner/.m2/repository/dnsjava/dnsjava/2.1.7/dnsjava-2.1.7.jar:/home/runner/.m2/repository/org/xerial/snappy/snappy-java/1.1.8.2/snappy-java-1.1.8.2.jar:/home/runner/.m2/repository/org/slf4j/jul-to-slf4j/1.7.30/jul-to-slf4j-1.7.30.jar:/home/runner/.m2/repository/org/eclipse/jetty/jetty-util/9.4.43.v20210629/jetty-util-9.4.43.v20210629.jar:/home/runner/.m2/repository/com/fasterxml/jackson/core/jackson-databind/2.13.2.2/jackson-databind-2.13.2.2.jar:/home/runner/.m2/repository/org/apache/hadoop/hadoop-kms/3.3.1/hadoop-kms-3.3.1-tests.jar:/home/runner/.m2/repository/org/apache/ozone/hdds-server-scm/1.3.0-SNAPSHOT/hdds-server-scm-1.3.0-SNAPSHOT-tests.jar:/home/runner/.m2/repository/org/apache/ozone/hdds-container-service/1.3.0-SNAPSHOT/hdds-container-service-1.3.0-SNAPSHOT-tests.jar:/home/runner/.m2/repository/commons-codec/commons-codec/1.11/commons-codec-1.11.jar:/home/runner/.m2/repository/io/netty/netty-codec/4.1.79.Final/netty-codec-4.1.79.Final.jar:/home/runner/.m2/repository/io/netty/netty-handler/4.1.79.Final/netty-handler-4.1.79.Final.jar:/home/runner/.m2/repository/org/apache/ozone/hdds-hadoop-dependency-test/1.3.0-SNAPSHOT/hdds-hadoop-dependency-test-1.3.0-SNAPSHOT.jar:/home/runner/.m2/repository/org/apache/hadoop/hadoop-common/3.3.1/hadoop-common-3.3.1-tests.jar:/home/runner/.m2/repository/org/assertj/assertj-core/3.12.2/assertj-core-3.12.2.jar:/home/runner/.m2/repository/org/apache/hadoop/hadoop-hdfs/3.3.1/hadoop-hdfs-3.3.1-tests.jar:/home/runner/.m2/repository/org/eclipse/jetty/jetty-util-ajax/9.4.43.v20210629/jetty-util-ajax-9.4.43.v20210629.jar:/home/runner/.m2/repository/commons-daemon/commons-daemon/1.0.13/commons-daemon-1.0.13.jar:/home/runner/.m2/repository/io/netty/netty/3.10.6.Final/netty-3.10.6.Final.jar:/home/runner/.m2/repository/io/netty/netty-all/4.1.79.Final/netty-all-4.1.79.Final.jar:/home/runner/.m2/repository/io/netty/netty-codec-dns/4.1.79.Final/netty-codec-dns-4.1.79.Final.jar:/home/runner/.m2/repository/io/netty/netty-codec-haproxy/4.1.79.Final/netty-codec-haproxy-4.1.79.Final.jar:/home/runner/.m2/repository/io/netty/netty-codec-memcache/4.1.79.Final/netty-codec-memcache-4.1.79.Final.jar:/home/runner/.m2/repository/io/netty/netty-codec-mqtt/4.1.79.Final/netty-codec-mqtt-4.1.79.Final.jar:/home/runner/.m2/repository/io/netty/netty-codec-redis/4.1.79.Final/netty-codec-redis-4.1.79.Final.jar:/home/runner/.m2/repository/io/netty/netty-codec-smtp/4.1.79.Final/netty-codec-smtp-4.1.79.Final.jar:/home/runner/.m2/repository/io/netty/netty-codec-stomp/4.1.79.Final/netty-codec-stomp-4.1.79.Final.jar:/home/runner/.m2/repository/io/netty/netty-codec-xml/4.1.79.Final/netty-codec-xml-4.1.79.Final.jar:/home/runner/.m2/repository/io/netty/netty-resolver-dns/4.1.79.Final/netty-resolver-dns-4.1.79.Final.jar:/home/runner/.m2/repository/io/netty/netty-transport-rxtx/4.1.79.Final/netty-transport-rxtx-4.1.79.Final.jar:/home/runner/.m2/repository/io/netty/netty-transport-sctp/4.1.79.Final/netty-transport-sctp-4.1.79.Final.jar:/home/runner/.m2/repository/io/netty/netty-transport-udt/4.1.79.Final/netty-transport-udt-4.1.79.Final.jar:/home/runner/.m2/repository/io/netty/netty-transport-classes-kqueue/4.1.79.Final/netty-transport-classes-kqueue-4.1.79.Final.jar:/home/runner/.m2/repository/io/netty/netty-resolver-dns-classes-macos/4.1.79.Final/netty-resolver-dns-classes-macos-4.1.79.Final.jar:/home/runner/.m2/repository/io/netty/netty-transport-native-epoll/4.1.79.Final/netty-transport-native-epoll-4.1.79.Final-linux-aarch_64.jar:/home/runner/.m2/repository/io/netty/netty-transport-native-kqueue/4.1.79.Final/netty-transport-native-kqueue-4.1.79.Final-osx-x86_64.jar:/home/runner/.m2/repository/io/netty/netty-transport-native-kqueue/4.1.79.Final/netty-transport-native-kqueue-4.1.79.Final-osx-aarch_64.jar:/home/runner/.m2/repository/io/netty/netty-resolver-dns-native-macos/4.1.79.Final/netty-resolver-dns-native-macos-4.1.79.Final-osx-x86_64.jar:/home/runner/.m2/repository/io/netty/netty-resolver-dns-native-macos/4.1.79.Final/netty-resolver-dns-native-macos-4.1.79.Final-osx-aarch_64.jar:/home/runner/.m2/repository/org/apache/htrace/htrace-core4/4.1.0-incubating/htrace-core4-4.1.0-incubating.jar:/home/runner/.m2/repository/org/fusesource/leveldbjni/leveldbjni-all/1.8/leveldbjni-all-1.8.jar:/home/runner/.m2/repository/org/apache/hadoop/hadoop-distcp/3.3.1/hadoop-distcp-3.3.1.jar:/home/runner/.m2/repository/org/apache/hadoop/hadoop-mapreduce-client-jobclient/3.3.1/hadoop-mapreduce-client-jobclient-3.3.1.jar:/home/runner/.m2/repository/org/apache/hadoop/hadoop-mapreduce-client-common/3.3.1/hadoop-mapreduce-client-common-3.3.1.jar:/home/runner/.m2/repository/org/apache/hadoop/hadoop-yarn-common/3.3.1/hadoop-yarn-common-3.3.1.jar:/home/runner/.m2/repository/org/apache/hadoop/hadoop-yarn-api/3.3.1/hadoop-yarn-api-3.3.1.jar:/home/runner/.m2/repository/com/sun/jersey/contribs/jersey-guice/1.19/jersey-guice-1.19.jar:/home/runner/.m2/repository/com/fasterxml/jackson/jaxrs/jackson-jaxrs-json-provider/2.13.2/jackson-jaxrs-json-provider-2.13.2.jar:/home/runner/.m2/repository/com/fasterxml/jackson/jaxrs/jackson-jaxrs-base/2.13.2/jackson-jaxrs-base-2.13.2.jar:/home/runner/.m2/repository/org/apache/hadoop/hadoop-yarn-client/3.3.1/hadoop-yarn-client-3.3.1.jar:/home/runner/.m2/repository/org/eclipse/jetty/websocket/websocket-client/9.4.40.v20210413/websocket-client-9.4.40.v20210413.jar:/home/runner/.m2/repository/org/eclipse/jetty/websocket/websocket-common/9.4.40.v20210413/websocket-common-9.4.40.v20210413.jar:/home/runner/.m2/repository/org/eclipse/jetty/websocket/websocket-api/9.4.40.v20210413/websocket-api-9.4.40.v20210413.jar:/home/runner/.m2/repository/org/jline/jline/3.9.0/jline-3.9.0.jar:/home/runner/.m2/repository/org/apache/hadoop/hadoop-mapreduce-client-core/3.3.1/hadoop-mapreduce-client-core-3.3.1.jar:/home/runner/.m2/repository/org/apache/avro/avro/1.7.7/avro-1.7.7.jar:/home/runner/.m2/repository/org/codehaus/jackson/jackson-core-asl/1.9.13/jackson-core-asl-1.9.13.jar:/home/runner/.m2/repository/org/codehaus/jackson/jackson-mapper-asl/1.9.13/jackson-mapper-asl-1.9.13.jar:/home/runner/.m2/repository/com/thoughtworks/paranamer/paranamer/2.3/paranamer-2.3.jar:/home/runner/.m2/repository/org/apache/hadoop/hadoop-annotations/3.3.1/hadoop-annotations-3.3.1.jar:/opt/hostedtoolcache/jdk/8.0.345/x64/jre/../lib/tools.jar:/home/runner/.m2/repository/org/apache/hadoop/hadoop-distcp/3.3.1/hadoop-distcp-3.3.1-tests.jar:/home/runner/.m2/repository/org/apache/ratis/ratis-common/2.3.0/ratis-common-2.3.0.jar:/home/runner/.m2/repository/org/apache/ratis/ratis-thirdparty-misc/1.0.0/ratis-thirdparty-misc-1.0.0.jar:/home/runner/.m2/repository/org/apache/ratis/ratis-proto/2.3.0/ratis-proto-2.3.0.jar:/home/runner/.m2/repository/org/apache/ozone/ozone-annotation-processing/1.3.0-SNAPSHOT/ozone-annotation-processing-1.3.0-SNAPSHOT.jar:"/>
    <property name="sun.cpu.endian" value="little"/>
    <property name="user.home" value="/home/runner"/>
    <property name="user.language" value="en"/>
    <property name="java.specification.vendor" value="Oracle Corporation"/>
    <property name="java.home" value="/opt/hostedtoolcache/jdk/8.0.345/x64/jre"/>
    <property name="java.security.krb5.conf" value="/home/runner/work/ozone/ozone/hadoop-ozone/integration-test/target/test-classes/krb5.conf"/>
    <property name="basedir" value="/home/runner/work/ozone/ozone/hadoop-ozone/integration-test"/>
    <property name="file.separator" value="/"/>
    <property name="line.separator" value="&#10;"/>
    <property name="jdk.vendor.version" value="Zulu 8.64.0.19-CA-linux64"/>
    <property name="java.vm.specification.vendor" value="Oracle Corporation"/>
    <property name="java.specification.name" value="Java Platform API Specification"/>
    <property name="java.awt.graphicsenv" value="sun.awt.X11GraphicsEnvironment"/>
    <property name="skip.installnpx" value="true"/>
    <property name="surefire.real.class.path" value="/home/runner/work/ozone/ozone/hadoop-ozone/integration-test/target/surefire/surefirebooter5737408953616577520.jar:/home/runner/.m2/repository/org/jacoco/org.jacoco.agent/0.8.5/org.jacoco.agent-0.8.5-runtime.jar"/>
    <property name="hadoop.log.dir" value="/home/runner/work/ozone/ozone/hadoop-ozone/integration-test/target/log"/>
    <property name="sun.boot.class.path" value="/opt/hostedtoolcache/jdk/8.0.345/x64/jre/lib/resources.jar:/opt/hostedtoolcache/jdk/8.0.345/x64/jre/lib/rt.jar:/opt/hostedtoolcache/jdk/8.0.345/x64/jre/lib/sunrsasign.jar:/opt/hostedtoolcache/jdk/8.0.345/x64/jre/lib/jsse.jar:/opt/hostedtoolcache/jdk/8.0.345/x64/jre/lib/jce.jar:/opt/hostedtoolcache/jdk/8.0.345/x64/jre/lib/charsets.jar:/opt/hostedtoolcache/jdk/8.0.345/x64/jre/lib/jfr.jar:/opt/hostedtoolcache/jdk/8.0.345/x64/jre/lib/cat.jar:/opt/hostedtoolcache/jdk/8.0.345/x64/jre/classes"/>
    <property name="sun.management.compiler" value="HotSpot 64-Bit Tiered Compilers"/>
    <property name="skip.npx" value="true"/>
    <property name="java.runtime.version" value="1.8.0_345-b01"/>
    <property name="java.net.preferIPv4Stack" value="true"/>
    <property name="user.name" value="runner"/>
    <property name="path.separator" value=":"/>
    <property name="java.security.egd" value="file:///dev/urandom"/>
    <property name="os.version" value="5.15.0-1017-azure"/>
    <property name="java.endorsed.dirs" value="/opt/hostedtoolcache/jdk/8.0.345/x64/jre/lib/endorsed"/>
    <property name="java.runtime.name" value="OpenJDK Runtime Environment"/>
    <property name="file.encoding" value="UTF-8"/>
    <property name="java.vm.name" value="OpenJDK 64-Bit Server VM"/>
    <property name="test.build.webapps" value=""/>
    <property name="localRepository" value="/home/runner/.m2/repository"/>
    <property name="jetty.git.hash" value="526006ecfa3af7f1a27ef3a288e2bef7ea9dd7e8"/>
    <property name="java.vendor.url.bug" value="http://www.azul.com/support/"/>
    <property name="java.io.tmpdir" value="/tmp"/>
    <property name="require.test.libhadoop" value=""/>
    <property name="java.version" value="1.8.0_345"/>
    <property name="user.dir" value="/home/runner/work/ozone/ozone/hadoop-ozone/integration-test"/>
    <property name="os.arch" value="amd64"/>
    <property name="java.vm.specification.name" value="Java Virtual Machine Specification"/>
    <property name="test.build.classes" value="/home/runner/work/ozone/ozone/hadoop-ozone/integration-test/target/test-classes"/>
    <property name="java.awt.printerjob" value="sun.print.PSPrinterJob"/>
    <property name="sun.os.patch.level" value="unknown"/>
    <property name="hadoop.tmp.dir" value="/home/runner/work/ozone/ozone/hadoop-ozone/integration-test/target/tmp"/>
    <property name="java.library.path" value="/usr/java/packages/lib/amd64:/usr/lib64:/lib64:/lib:/usr/lib"/>
    <property name="java.vm.info" value="mixed mode"/>
    <property name="java.vendor" value="Azul Systems, Inc."/>
    <property name="java.vm.version" value="25.345-b01"/>
    <property name="java.ext.dirs" value="/opt/hostedtoolcache/jdk/8.0.345/x64/jre/lib/ext:/usr/java/packages/lib/ext"/>
    <property name="sun.io.unicode.encoding" value="UnicodeLittle"/>
    <property name="java.class.version" value="52.0"/>
  </properties>
  <testcase name="testFlushChunk" classname="org.apache.hadoop.ozone.client.rpc.TestBlockOutputStreamFlushDelay" time="0.913">
    <system-out><![CDATA[2022-08-24 13:28:31,649 [main] WARN  server.ServerUtils (ServerUtils.java:getScmDbDir(148)) - ozone.scm.db.dirs is not configured. We recommend adding this setting. Falling back to ozone.metadata.dirs instead.
2022-08-24 13:28:31,748 [main] WARN  server.ServerUtils (ServerUtils.java:getScmDbDir(148)) - ozone.scm.db.dirs is not configured. We recommend adding this setting. Falling back to ozone.metadata.dirs instead.
2022-08-24 13:28:31,752 [main] INFO  ha.SCMHANodeDetails (SCMHANodeDetails.java:loadSCMHAConfig(209)) - ServiceID for StorageContainerManager is null
2022-08-24 13:28:31,771 [main] WARN  ha.SCMHANodeDetails (SCMHANodeDetails.java:validateSCMHAConfig(182)) - Invalid config ozone.scm.ratis.enable. The config was not specified, but the default value true conflicts with the expected config value false. Falling back to the expected value. Current State of SCM: SCM is running in Non-HA without Ratis Ratis SCM -> Non Ratis SCM or Non HA SCM -> HA SCM is not supported
2022-08-24 13:28:31,771 [main] INFO  ha.SCMHANodeDetails (SCMHANodeDetails.java:loadSCMHAConfig(214)) - ozone.scm.default.service.id is not defined, falling back to ozone.scm.service.ids to find serviceID for StorageContainerManager if it is HA enabled cluster
2022-08-24 13:28:32,300 [main] WARN  utils.HAUtils (HAUtils.java:getMetaDir(342)) - ozone.scm.db.dirs is not configured. We recommend adding this setting. Falling back to ozone.metadata.dirs instead.
2022-08-24 13:28:32,426 [main] WARN  db.DBStoreBuilder (DBStoreBuilder.java:applyDBDefinition(143)) - ozone.scm.db.dirs is not configured. We recommend adding this setting. Falling back to ozone.metadata.dirs instead.
2022-08-24 13:28:32,665 [main] INFO  net.NodeSchemaLoader (NodeSchemaLoader.java:loadSchemaFromFile(129)) - Loading schema from [jar:file:/home/runner/.m2/repository/org/apache/ozone/hdds-common/1.3.0-SNAPSHOT/hdds-common-1.3.0-SNAPSHOT.jar!/network-topology-default.xml]
2022-08-24 13:28:32,667 [main] INFO  net.NodeSchemaLoader (NodeSchemaLoader.java:loadSchema(176)) - Loading network topology layer schema file
2022-08-24 13:28:32,712 [main] INFO  metrics.MetricRegistries (MetricRegistriesLoader.java:load(64)) - Loaded MetricRegistries class org.apache.ratis.metrics.impl.MetricRegistriesImpl
2022-08-24 13:28:32,717 [main] INFO  upgrade.AbstractLayoutVersionManager (AbstractLayoutVersionManager.java:init(83)) - Initializing Layout version manager with metadata layout = DATANODE_SCHEMA_V3 (version = 4), software layout = DATANODE_SCHEMA_V3 (version = 4)
2022-08-24 13:28:32,953 [main] INFO  reflections.Reflections (Reflections.java:scan(232)) - Reflections took 144 ms to scan 7 urls, producing 133 keys and 322 values 
2022-08-24 13:28:33,058 [main] INFO  ha.SequenceIdGenerator (SequenceIdGenerator.java:upgradeToSequenceId(349)) - upgrade localId to 109611004723200000
2022-08-24 13:28:33,058 [main] INFO  ha.SequenceIdGenerator (SequenceIdGenerator.java:upgradeToSequenceId(359)) - upgrade delTxnId to 0
2022-08-24 13:28:33,066 [main] INFO  ha.SequenceIdGenerator (SequenceIdGenerator.java:upgradeToSequenceId(376)) - upgrade containerId to 0
2022-08-24 13:28:33,069 [main] INFO  ha.SequenceIdGenerator (SequenceIdGenerator.java:<init>(220)) - Init the HA SequenceIdGenerator.
2022-08-24 13:28:33,112 [main] INFO  node.SCMNodeManager (SCMNodeManager.java:<init>(149)) - Entering startup safe mode.
2022-08-24 13:28:33,184 [main] INFO  algorithms.ContainerPlacementPolicyFactory (ContainerPlacementPolicyFactory.java:getPolicyInternal(86)) - Create container placement policy of type org.apache.hadoop.hdds.scm.container.placement.algorithms.SCMContainerPlacementRandom
2022-08-24 13:28:33,187 [main] INFO  algorithms.ContainerPlacementPolicyFactory (ContainerPlacementPolicyFactory.java:getPolicyInternal(86)) - Create container placement policy of type org.apache.hadoop.hdds.scm.container.placement.algorithms.SCMContainerPlacementRackScatter
2022-08-24 13:28:33,196 [main] INFO  pipeline.PipelineStateManagerImpl (PipelineStateManagerImpl.java:initialize(78)) - No pipeline exists in current db
2022-08-24 13:28:33,241 [main] INFO  algorithms.LeaderChoosePolicyFactory (LeaderChoosePolicyFactory.java:getPolicy(57)) - Create leader choose policy of type org.apache.hadoop.hdds.scm.pipeline.leader.choose.algorithms.MinLeaderCountChoosePolicy
2022-08-24 13:28:33,241 [main] INFO  algorithms.ContainerPlacementPolicyFactory (ContainerPlacementPolicyFactory.java:getPolicyInternal(86)) - Create container placement policy of type org.apache.hadoop.hdds.scm.container.placement.algorithms.SCMContainerPlacementRackScatter
2022-08-24 13:28:33,246 [main] INFO  ha.SCMServiceManager (SCMServiceManager.java:register(42)) - Registering service BackgroundPipelineCreator.
2022-08-24 13:28:33,247 [main] INFO  pipeline.BackgroundPipelineCreator (BackgroundPipelineCreator.java:start(124)) - Starting RatisPipelineUtilsThread.
2022-08-24 13:28:33,250 [main] INFO  BackgroundPipelineScrubber (BackgroundSCMService.java:start(68)) - Starting BackgroundPipelineScrubber Service.
2022-08-24 13:28:33,251 [main] INFO  ha.SCMServiceManager (SCMServiceManager.java:register(42)) - Registering service BackgroundPipelineScrubber.
2022-08-24 13:28:33,257 [main] INFO  ExpiredContainerReplicaOpScrubber (BackgroundSCMService.java:start(68)) - Starting ExpiredContainerReplicaOpScrubber Service.
2022-08-24 13:28:33,267 [main] INFO  ha.SCMServiceManager (SCMServiceManager.java:register(42)) - Registering service ExpiredContainerReplicaOpScrubber.
2022-08-24 13:28:33,293 [main] INFO  algorithms.PipelineChoosePolicyFactory (PipelineChoosePolicyFactory.java:createPipelineChoosePolicyFromClass(73)) - Create pipeline choose policy of type org.apache.hadoop.hdds.scm.pipeline.choose.algorithms.RandomPipelineChoosePolicy
2022-08-24 13:28:33,310 [main] INFO  ha.SCMServiceManager (SCMServiceManager.java:register(42)) - Registering service SCMBlockDeletingService.
2022-08-24 13:28:33,345 [main] INFO  replication.ReplicationManager (ReplicationManager.java:start(206)) - Starting Replication Monitor Thread.
2022-08-24 13:28:33,352 [main] INFO  UnderReplicatedQueueThread (BackgroundSCMService.java:start(68)) - Starting UnderReplicatedQueueThread Service.
2022-08-24 13:28:33,352 [ReplicationMonitor] INFO  replication.ReplicationManager (ReplicationManager.java:processAll(255)) - Replication Manager is not ready to run until 3000ms after safemode exit
2022-08-24 13:28:33,352 [main] INFO  ha.SCMServiceManager (SCMServiceManager.java:register(42)) - Registering service UnderReplicatedQueueThread.
2022-08-24 13:28:33,353 [main] INFO  OverReplicatedQueueThread (BackgroundSCMService.java:start(68)) - Starting OverReplicatedQueueThread Service.
2022-08-24 13:28:33,354 [main] INFO  ha.SCMServiceManager (SCMServiceManager.java:register(42)) - Registering service OverReplicatedQueueThread.
2022-08-24 13:28:33,354 [main] INFO  ha.SCMServiceManager (SCMServiceManager.java:register(42)) - Registering service ReplicationManager.
2022-08-24 13:28:33,368 [main] INFO  safemode.ContainerSafeModeRule (ContainerSafeModeRule.java:<init>(89)) - containers with one replica threshold count 0
2022-08-24 13:28:33,372 [main] INFO  safemode.HealthyPipelineSafeModeRule (HealthyPipelineSafeModeRule.java:initializeRule(169)) - Total pipeline count is 0, healthy pipeline threshold count is 1
2022-08-24 13:28:33,374 [main] INFO  safemode.OneReplicaPipelineSafeModeRule (OneReplicaPipelineSafeModeRule.java:initializeRule(180)) - Total pipeline count is 0, pipeline's with at least one datanode reported threshold count is 0
2022-08-24 13:28:33,652 [main] INFO  audit.AuditLogger (AuditLogger.java:refreshDebugCmdSet(126)) - Refresh DebugCmdSet for SCMAudit to [].
2022-08-24 13:28:33,680 [main] INFO  ipc.CallQueueManager (CallQueueManager.java:<init>(90)) - Using callQueue: class java.util.concurrent.LinkedBlockingQueue, queueCapacity: 2000, scheduler: class org.apache.hadoop.ipc.DefaultRpcScheduler, ipcBackoff: false.
2022-08-24 13:28:33,715 [Socket Reader #1 for port 0] INFO  ipc.Server (Server.java:run(1265)) - Starting Socket Reader #1 for port 0
2022-08-24 13:28:33,764 [Listener at 0.0.0.0/40099] INFO  audit.AuditLogger (AuditLogger.java:refreshDebugCmdSet(126)) - Refresh DebugCmdSet for SCMAudit to [].
2022-08-24 13:28:33,769 [Listener at 0.0.0.0/40099] INFO  ipc.CallQueueManager (CallQueueManager.java:<init>(90)) - Using callQueue: class java.util.concurrent.LinkedBlockingQueue, queueCapacity: 2000, scheduler: class org.apache.hadoop.ipc.DefaultRpcScheduler, ipcBackoff: false.
2022-08-24 13:28:33,770 [Socket Reader #1 for port 0] INFO  ipc.Server (Server.java:run(1265)) - Starting Socket Reader #1 for port 0
2022-08-24 13:28:33,796 [Listener at 0.0.0.0/41631] INFO  audit.AuditLogger (AuditLogger.java:refreshDebugCmdSet(126)) - Refresh DebugCmdSet for SCMAudit to [].
2022-08-24 13:28:33,807 [Listener at 0.0.0.0/41631] INFO  ipc.CallQueueManager (CallQueueManager.java:<init>(90)) - Using callQueue: class java.util.concurrent.LinkedBlockingQueue, queueCapacity: 2000, scheduler: class org.apache.hadoop.ipc.DefaultRpcScheduler, ipcBackoff: false.
2022-08-24 13:28:33,808 [Socket Reader #1 for port 0] INFO  ipc.Server (Server.java:run(1265)) - Starting Socket Reader #1 for port 0
2022-08-24 13:28:33,856 [Listener at 0.0.0.0/38835] INFO  ha.SCMServiceManager (SCMServiceManager.java:register(42)) - Registering service ContainerBalancer.
2022-08-24 13:28:33,857 [Listener at 0.0.0.0/38835] INFO  server.StorageContainerManager (StorageContainerManager.java:<init>(406)) - 
Container Balancer status:
Key                            Value
Running                        false
Container Balancer Configuration values:
Key                                                Value
Threshold                                          10
Max Datanodes to Involve per Iteration(percent)    20
Max Size to Move per Iteration                     500GB
Max Size Entering Target per Iteration             26GB
Max Size Leaving Source per Iteration              26GB

2022-08-24 13:28:33,857 [Listener at 0.0.0.0/38835] WARN  events.EventQueue (EventQueue.java:fireEvent(216)) - No event handler registered for event TypedEvent{payloadType=SafeModeStatus, name='Safe mode status'}
2022-08-24 13:28:33,857 [Listener at 0.0.0.0/38835] INFO  ha.SCMContext (SCMContext.java:updateSafeModeStatus(228)) - Update SafeModeStatus from SafeModeStatus{safeModeStatus=true, preCheckPassed=false} to SafeModeStatus{safeModeStatus=true, preCheckPassed=false}.
2022-08-24 13:28:33,860 [Listener at 0.0.0.0/38835] INFO  server.StorageContainerManager (StorageContainerManager.java:start(1460)) - StorageContainerLocationProtocol RPC server is listening at /0.0.0.0:38835
2022-08-24 13:28:33,935 [Listener at 0.0.0.0/38835] WARN  impl.MetricsConfig (MetricsConfig.java:loadFirst(136)) - Cannot locate configuration: tried hadoop-metrics2-storagecontainermanager.properties,hadoop-metrics2.properties
2022-08-24 13:28:33,951 [Listener at 0.0.0.0/38835] INFO  impl.MetricsSystemImpl (MetricsSystemImpl.java:startTimer(378)) - Scheduled Metric snapshot period at 10 second(s).
2022-08-24 13:28:33,952 [Listener at 0.0.0.0/38835] INFO  impl.MetricsSystemImpl (MetricsSystemImpl.java:start(191)) - StorageContainerManager metrics system started
2022-08-24 13:28:34,226 [Listener at 0.0.0.0/38835] INFO  server.SCMClientProtocolServer (SCMClientProtocolServer.java:start(170)) - RPC server for Client  is listening at /0.0.0.0:38835
2022-08-24 13:28:34,230 [IPC Server Responder] INFO  ipc.Server (Server.java:run(1507)) - IPC Server Responder: starting
2022-08-24 13:28:34,231 [IPC Server listener on 0] INFO  ipc.Server (Server.java:run(1344)) - IPC Server listener on 0: starting
2022-08-24 13:28:34,234 [Listener at 0.0.0.0/38835] INFO  server.StorageContainerManager (StorageContainerManager.java:start(1475)) - ScmBlockLocationProtocol RPC server is listening at /0.0.0.0:41631
2022-08-24 13:28:34,235 [Listener at 0.0.0.0/38835] INFO  server.SCMBlockProtocolServer (SCMBlockProtocolServer.java:start(152)) - RPC server for Block Protocol is listening at /0.0.0.0:41631
2022-08-24 13:28:34,235 [IPC Server Responder] INFO  ipc.Server (Server.java:run(1507)) - IPC Server Responder: starting
2022-08-24 13:28:34,235 [IPC Server listener on 0] INFO  ipc.Server (Server.java:run(1344)) - IPC Server listener on 0: starting
2022-08-24 13:28:34,237 [Listener at 0.0.0.0/38835] INFO  server.SCMDatanodeProtocolServer (SCMDatanodeProtocolServer.java:start(186)) - ScmDatanodeProtocol RPC server for DataNodes is listening at /0.0.0.0:40099
2022-08-24 13:28:34,238 [IPC Server Responder] INFO  ipc.Server (Server.java:run(1507)) - IPC Server Responder: starting
2022-08-24 13:28:34,238 [IPC Server listener on 0] INFO  ipc.Server (Server.java:run(1344)) - IPC Server listener on 0: starting
2022-08-24 13:28:34,254 [org.apache.hadoop.util.JvmPauseMonitor$Monitor@57ac236a] INFO  util.JvmPauseMonitor (JvmPauseMonitor.java:run(188)) - Starting JVM pause monitor
2022-08-24 13:28:34,266 [Listener at 0.0.0.0/38835] INFO  http.BaseHttpServer (BaseHttpServer.java:newHttpServer2BuilderForOzone(209)) - Starting Web-server for scm at: http://0.0.0.0:0
2022-08-24 13:28:34,266 [Listener at 0.0.0.0/38835] INFO  http.BaseHttpServer (BaseHttpServer.java:<init>(107)) - Hadoop Security Enabled: false Ozone Security Enabled: false Ozone HTTP Security Enabled: false 
2022-08-24 13:28:34,292 [Listener at 0.0.0.0/38835] INFO  util.log (Log.java:initialized(170)) - Logging initialized @3983ms to org.eclipse.jetty.util.log.Slf4jLog
2022-08-24 13:28:34,394 [Listener at 0.0.0.0/38835] INFO  server.AuthenticationFilter (AuthenticationFilter.java:constructSecretProvider(240)) - Unable to initialize FileSignerSecretProvider, falling back to use random secrets.
2022-08-24 13:28:34,400 [Listener at 0.0.0.0/38835] WARN  http.HttpRequestLog (HttpRequestLog.java:getRequestLog(103)) - Jetty request log can only be enabled using Log4j
2022-08-24 13:28:34,406 [Listener at 0.0.0.0/38835] INFO  http.HttpServer2 (HttpServer2.java:addGlobalFilter(1029)) - Added global filter 'safety' (class=org.apache.hadoop.hdds.server.http.HttpServer2$QuotingInputFilter)
2022-08-24 13:28:34,408 [Listener at 0.0.0.0/38835] INFO  http.HttpServer2 (HttpServer2.java:addFilter(1005)) - Added filter static_user_filter (class=org.apache.hadoop.http.lib.StaticUserWebFilter$StaticUserFilter) to context scm
2022-08-24 13:28:34,409 [Listener at 0.0.0.0/38835] INFO  http.HttpServer2 (HttpServer2.java:addFilter(1013)) - Added filter static_user_filter (class=org.apache.hadoop.http.lib.StaticUserWebFilter$StaticUserFilter) to context static
2022-08-24 13:28:34,409 [Listener at 0.0.0.0/38835] INFO  http.HttpServer2 (HttpServer2.java:addFilter(1013)) - Added filter static_user_filter (class=org.apache.hadoop.http.lib.StaticUserWebFilter$StaticUserFilter) to context logs
2022-08-24 13:28:34,450 [Listener at 0.0.0.0/38835] INFO  http.HttpServer2 (HttpServer2.java:bindListener(1248)) - Jetty bound to port 35523
2022-08-24 13:28:34,452 [Listener at 0.0.0.0/38835] INFO  server.Server (Server.java:doStart(375)) - jetty-9.4.43.v20210629; built: 2021-06-30T11:07:22.254Z; git: 526006ecfa3af7f1a27ef3a288e2bef7ea9dd7e8; jvm 1.8.0_345-b01
2022-08-24 13:28:34,479 [Listener at 0.0.0.0/38835] INFO  server.session (DefaultSessionIdManager.java:doStart(334)) - DefaultSessionIdManager workerName=node0
2022-08-24 13:28:34,479 [Listener at 0.0.0.0/38835] INFO  server.session (DefaultSessionIdManager.java:doStart(339)) - No SessionScavenger set, using defaults
2022-08-24 13:28:34,480 [Listener at 0.0.0.0/38835] INFO  server.session (HouseKeeper.java:startScavenging(132)) - node0 Scavenging every 660000ms
2022-08-24 13:28:34,493 [Listener at 0.0.0.0/38835] INFO  handler.ContextHandler (ContextHandler.java:doStart(915)) - Started o.e.j.s.ServletContextHandler@7b38db21{logs,/logs,file:///home/runner/work/ozone/ozone/hadoop-ozone/integration-test/target/log,AVAILABLE}
2022-08-24 13:28:34,494 [Listener at 0.0.0.0/38835] INFO  handler.ContextHandler (ContextHandler.java:doStart(915)) - Started o.e.j.s.ServletContextHandler@5c28009f{static,/static,file:///home/runner/work/ozone/ozone/hadoop-ozone/integration-test/target/test-classes/webapps/static,AVAILABLE}
2022-08-24 13:28:34,540 [Listener at 0.0.0.0/38835] INFO  handler.ContextHandler (ContextHandler.java:doStart(915)) - Started o.e.j.w.WebAppContext@408b2ae2{scm,/,file:///home/runner/work/ozone/ozone/hadoop-ozone/integration-test/target/test-classes/webapps/scm/,AVAILABLE}{file:/home/runner/work/ozone/ozone/hadoop-ozone/integration-test/target/test-classes/webapps/scm}
2022-08-24 13:28:34,552 [Listener at 0.0.0.0/38835] INFO  server.AbstractConnector (AbstractConnector.java:doStart(331)) - Started ServerConnector@2eb9c7ad{HTTP/1.1, (http/1.1)}{0.0.0.0:35523}
2022-08-24 13:28:34,553 [Listener at 0.0.0.0/38835] INFO  server.Server (Server.java:doStart(415)) - Started @4244ms
2022-08-24 13:28:34,555 [Listener at 0.0.0.0/38835] INFO  impl.MetricsSinkAdapter (MetricsSinkAdapter.java:start(204)) - Sink prometheus started
2022-08-24 13:28:34,556 [Listener at 0.0.0.0/38835] INFO  impl.MetricsSystemImpl (MetricsSystemImpl.java:registerSink(305)) - Registered sink prometheus
2022-08-24 13:28:34,557 [Listener at 0.0.0.0/38835] INFO  http.BaseHttpServer (BaseHttpServer.java:updateConnectorAddress(329)) - HTTP server of scm listening at http://0.0.0.0:35523
2022-08-24 13:28:34,558 [Listener at 0.0.0.0/38835] WARN  server.ServerUtils (ServerUtils.java:getDBPath(225)) - ozone.om.db.dirs is not configured. We recommend adding this setting. Falling back to ozone.metadata.dirs instead.
2022-08-24 13:28:34,622 [Listener at 0.0.0.0/38835] INFO  audit.AuditLogger (AuditLogger.java:refreshDebugCmdSet(126)) - Refresh DebugCmdSet for OMAudit to [].
2022-08-24 13:28:34,705 [Listener at 0.0.0.0/38835] INFO  ha.OMHANodeDetails (OMHANodeDetails.java:loadOMHAConfig(115)) - ozone.om.internal.service.id is not defined, falling back to ozone.om.service.ids to find serviceID for OzoneManager if it is HA enabled cluster
2022-08-24 13:28:34,709 [Listener at 0.0.0.0/38835] INFO  ha.OMHANodeDetails (OMHANodeDetails.java:loadOMHAConfig(226)) - Configuration does not have ozone.om.address set. Falling back to the default OM address /127.0.0.1:0
2022-08-24 13:28:34,709 [Listener at 0.0.0.0/38835] INFO  ha.OMHANodeDetails (OMHANodeDetails.java:getOMNodeDetailsForNonHA(254)) - OM Service ID is not set. Setting it to the default ID: omServiceIdDefault
2022-08-24 13:28:34,709 [Listener at 0.0.0.0/38835] INFO  ha.OMHANodeDetails (OMHANodeDetails.java:getOMNodeDetailsForNonHA(261)) - OM Node ID is not set. Setting it to the default ID: om1
2022-08-24 13:28:34,715 [Listener at 0.0.0.0/38835] WARN  server.ServerUtils (ServerUtils.java:getDBPath(225)) - ozone.om.db.dirs is not configured. We recommend adding this setting. Falling back to ozone.metadata.dirs instead.
2022-08-24 13:28:34,717 [Listener at 0.0.0.0/38835] INFO  upgrade.AbstractLayoutVersionManager (AbstractLayoutVersionManager.java:init(83)) - Initializing Layout version manager with metadata layout = MULTITENANCY_SCHEMA (version = 3), software layout = MULTITENANCY_SCHEMA (version = 3)
2022-08-24 13:28:34,798 [Listener at 0.0.0.0/38835] INFO  reflections.Reflections (Reflections.java:scan(232)) - Reflections took 76 ms to scan 2 urls, producing 153 keys and 427 values [using 2 cores]
2022-08-24 13:28:34,803 [Listener at 0.0.0.0/38835] INFO  upgrade.OMLayoutVersionManager (OMLayoutVersionManager.java:lambda$0(115)) - Skipping Upgrade Action MockOmUpgradeAction since it has been finalized.
2022-08-24 13:28:34,804 [Listener at 0.0.0.0/38835] WARN  server.ServerUtils (ServerUtils.java:getDBPath(225)) - ozone.om.db.dirs is not configured. We recommend adding this setting. Falling back to ozone.metadata.dirs instead.
2022-08-24 13:28:34,974 [Listener at 0.0.0.0/38835] INFO  proxy.SCMBlockLocationFailoverProxyProvider (SCMBlockLocationFailoverProxyProvider.java:<init>(114)) - Created block location fail-over proxy with 1 nodes: [nodeId=scmNodeId,nodeAddress=/0.0.0.0:41631]
2022-08-24 13:28:35,000 [Listener at 0.0.0.0/38835] INFO  proxy.SCMBlockLocationFailoverProxyProvider (SCMBlockLocationFailoverProxyProvider.java:<init>(114)) - Created block location fail-over proxy with 1 nodes: [nodeId=scmNodeId,nodeAddress=/0.0.0.0:41631]
2022-08-24 13:28:35,201 [Listener at 0.0.0.0/38835] WARN  server.ServerUtils (ServerUtils.java:getDBPath(225)) - ozone.om.db.dirs is not configured. We recommend adding this setting. Falling back to ozone.metadata.dirs instead.
2022-08-24 13:28:35,207 [Listener at 0.0.0.0/38835] INFO  codec.OmKeyInfoCodec (OmKeyInfoCodec.java:<init>(49)) - OmKeyInfoCodec ignorePipeline = true
2022-08-24 13:28:35,208 [Listener at 0.0.0.0/38835] INFO  codec.RepeatedOmKeyInfoCodec (RepeatedOmKeyInfoCodec.java:<init>(41)) - RepeatedOmKeyInfoCodec ignorePipeline = true
2022-08-24 13:28:35,353 [Listener at 0.0.0.0/38835] INFO  om.OzoneManager (OzoneManager.java:instantiateServices(697)) - S3 Multi-Tenancy is disabled
2022-08-24 13:28:35,433 [Listener at 0.0.0.0/38835] INFO  om.OzoneManager (OzoneManager.java:addS3GVolumeToDB(4309)) - Created Volume s3v With Owner runner required for S3Gateway operations.
2022-08-24 13:28:35,513 [Listener at 0.0.0.0/38835] WARN  server.ServerUtils (ServerUtils.java:getDefaultRatisDirectory(237)) - Storage directory for Ratis is not configured. It is a good idea to map this to an SSD disk. Falling back to ozone.metadata.dirs
2022-08-24 13:28:35,513 [Listener at 0.0.0.0/38835] WARN  utils.OzoneManagerRatisUtils (OzoneManagerRatisUtils.java:getOMRatisSnapshotDirectory(434)) - ozone.om.ratis.snapshot.dir is not configured. Falling back to ozone.metadata.dirs config
2022-08-24 13:28:35,533 [Listener at 0.0.0.0/38835] WARN  server.ServerUtils (ServerUtils.java:getDefaultRatisDirectory(237)) - Storage directory for Ratis is not configured. It is a good idea to map this to an SSD disk. Falling back to ozone.metadata.dirs
2022-08-24 13:28:35,560 [Listener at 0.0.0.0/38835] INFO  ratis.OzoneManagerRatisServer (OzoneManagerRatisServer.java:<init>(159)) - Instantiating OM Ratis server with groupID: omServiceIdDefault and peers: localhost:9872
2022-08-24 13:28:35,569 [Listener at 0.0.0.0/38835] INFO  ratis.OzoneManagerStateMachine (OzoneManagerStateMachine.java:loadSnapshotInfoFromDB(632)) - LastAppliedIndex is set from TransactionInfo from OM DB as (t:0, i:~)
2022-08-24 13:28:35,618 [Listener at 0.0.0.0/38835] INFO  server.RaftServer (ConfUtils.java:logGet(46)) - raft.rpc.type = GRPC (default)
2022-08-24 13:28:35,700 [Listener at 0.0.0.0/38835] INFO  grpc.GrpcFactory (GrpcFactory.java:checkPooledByteBufAllocatorUseCacheForAllThreads(48)) - PERFORMANCE WARNING: useCacheForAllThreads is true that may cause Netty to create a lot garbage objects and, as a result, trigger GC.
	It is recommended to disable useCacheForAllThreads by setting -Dorg.apache.ratis.thirdparty.io.netty.allocator.useCacheForAllThreads=false in command line.
2022-08-24 13:28:35,704 [Listener at 0.0.0.0/38835] INFO  grpc.GrpcConfigKeys (ConfUtils.java:logGet(46)) - raft.grpc.admin.port = -1 (default)
2022-08-24 13:28:35,705 [Listener at 0.0.0.0/38835] INFO  grpc.GrpcConfigKeys (ConfUtils.java:logGet(46)) - raft.grpc.server.port = 9872 (custom)
2022-08-24 13:28:35,705 [Listener at 0.0.0.0/38835] INFO  grpc.GrpcConfigKeys (ConfUtils.java:logGet(46)) - raft.grpc.client.port = -1 (default)
2022-08-24 13:28:35,705 [Listener at 0.0.0.0/38835] INFO  grpc.GrpcConfigKeys (ConfUtils.java:logGet(46)) - raft.grpc.server.port = 9872 (custom)
2022-08-24 13:28:35,705 [Listener at 0.0.0.0/38835] INFO  grpc.GrpcConfigKeys (ConfUtils.java:logGet(46)) - raft.grpc.server.port = 9872 (custom)
2022-08-24 13:28:35,706 [Listener at 0.0.0.0/38835] INFO  server.GrpcService (ConfUtils.java:logGet(46)) - raft.grpc.message.size.max = 33554432 (custom)
2022-08-24 13:28:35,707 [Listener at 0.0.0.0/38835] INFO  server.RaftServerConfigKeys (ConfUtils.java:logGet(46)) - raft.server.log.appender.buffer.byte-limit = 33554432 (custom)
2022-08-24 13:28:35,707 [Listener at 0.0.0.0/38835] INFO  server.GrpcService (ConfUtils.java:logGet(46)) - raft.grpc.flow.control.window = 1MB (=1048576) (default)
2022-08-24 13:28:35,708 [Listener at 0.0.0.0/38835] INFO  server.RaftServerConfigKeys (ConfUtils.java:logGet(46)) - raft.server.rpc.request.timeout = 3000ms (default)
2022-08-24 13:28:35,724 [Listener at 0.0.0.0/38835] INFO  grpc.GrpcConfigKeys (ConfUtils.java:logGet(46)) - raft.grpc.server.async.request.thread.pool.cached = true (default)
2022-08-24 13:28:35,725 [Listener at 0.0.0.0/38835] INFO  grpc.GrpcConfigKeys (ConfUtils.java:logGet(46)) - raft.grpc.server.async.request.thread.pool.size = 32 (default)
2022-08-24 13:28:36,010 [Listener at 0.0.0.0/38835] INFO  impl.DataStreamServerImpl (ConfUtils.java:logGet(46)) - raft.datastream.type = DISABLED (default)
2022-08-24 13:28:36,013 [Listener at 0.0.0.0/38835] INFO  server.RaftServerConfigKeys (ConfUtils.java:logGet(46)) - raft.server.threadpool.proxy.cached = true (default)
2022-08-24 13:28:36,013 [Listener at 0.0.0.0/38835] INFO  server.RaftServerConfigKeys (ConfUtils.java:logGet(46)) - raft.server.threadpool.proxy.size = 0 (default)
2022-08-24 13:28:36,013 [Listener at 0.0.0.0/38835] INFO  server.RaftServerConfigKeys (ConfUtils.java:logGet(46)) - raft.server.rpc.slowness.timeout = 120s (custom)
2022-08-24 13:28:36,013 [Listener at 0.0.0.0/38835] INFO  server.RaftServerConfigKeys (ConfUtils.java:logGet(46)) - raft.server.leaderelection.leader.step-down.wait-time = 10s (default)
2022-08-24 13:28:36,017 [Listener at 0.0.0.0/38835] INFO  server.RaftServerConfigKeys (ConfUtils.java:logGet(46)) - raft.server.storage.dir = [/home/runner/work/ozone/ozone/hadoop-ozone/integration-test/target/test-dir/MiniOzoneClusterImpl-4ec5f5c4-b0ab-4cbf-8465-e18eb8453e4d/ozone-meta/ratis] (custom)
2022-08-24 13:28:36,023 [Listener at 0.0.0.0/38835] INFO  server.RaftServer (RaftServerProxy.java:addNew(96)) - om1: addNew group-C5BA1605619E:[om1|rpc:localhost:9872|priority:0] returns group-C5BA1605619E:java.util.concurrent.CompletableFuture@76656a25[Not completed]
2022-08-24 13:28:36,024 [Listener at 0.0.0.0/38835] INFO  om.OzoneManager (OzoneManager.java:initializeRatisServer(1963)) - OzoneManager Ratis server initialized at port 9872
2022-08-24 13:28:36,040 [Listener at 0.0.0.0/38835] INFO  om.OzoneManager (OzoneManager.java:getRpcServer(1086)) - Creating RPC Server
2022-08-24 13:28:36,059 [pool-55-thread-1] INFO  server.RaftServer$Division (RaftServerImpl.java:<init>(190)) - om1: new RaftServerImpl for group-C5BA1605619E:[om1|rpc:localhost:9872|priority:0] with OzoneManagerStateMachine:uninitialized
2022-08-24 13:28:36,063 [pool-55-thread-1] INFO  server.RaftServerConfigKeys (ConfUtils.java:logGet(46)) - raft.server.rpc.timeout.min = 1s (custom)
2022-08-24 13:28:36,072 [pool-55-thread-1] INFO  server.RaftServerConfigKeys (ConfUtils.java:logGet(46)) - raft.server.rpc.timeout.max = 1200ms (custom)
2022-08-24 13:28:36,072 [pool-55-thread-1] INFO  server.RaftServerConfigKeys (ConfUtils.java:logGet(46)) - raft.server.rpc.sleep.time = 25ms (default)
2022-08-24 13:28:36,072 [pool-55-thread-1] INFO  server.RaftServerConfigKeys (ConfUtils.java:logGet(46)) - raft.server.rpc.slowness.timeout = 120s (custom)
2022-08-24 13:28:36,072 [pool-55-thread-1] INFO  server.RaftServerConfigKeys (ConfUtils.java:logGet(46)) - raft.server.leaderelection.leader.step-down.wait-time = 10s (default)
2022-08-24 13:28:36,072 [pool-55-thread-1] INFO  server.RaftServerConfigKeys (ConfUtils.java:logGet(46)) - raft.server.sleep.deviation.threshold = 300ms (default)
2022-08-24 13:28:36,088 [pool-55-thread-1] INFO  server.RaftServer$Division (ServerState.java:<init>(107)) - om1@group-C5BA1605619E: ConfigurationManager, init=-1: [om1|rpc:localhost:9872|priority:0], old=null, confs=<EMPTY_MAP>
2022-08-24 13:28:36,089 [pool-55-thread-1] INFO  server.RaftServerConfigKeys (ConfUtils.java:logGet(46)) - raft.server.storage.dir = [/home/runner/work/ozone/ozone/hadoop-ozone/integration-test/target/test-dir/MiniOzoneClusterImpl-4ec5f5c4-b0ab-4cbf-8465-e18eb8453e4d/ozone-meta/ratis] (custom)
2022-08-24 13:28:36,093 [pool-55-thread-1] INFO  server.RaftServerConfigKeys (ConfUtils.java:logGet(46)) - raft.server.log.corruption.policy = EXCEPTION (default)
2022-08-24 13:28:36,094 [pool-55-thread-1] INFO  server.RaftServerConfigKeys (ConfUtils.java:logGet(46)) - raft.server.storage.free-space.min = 0MB (=0) (default)
2022-08-24 13:28:36,099 [pool-55-thread-1] INFO  storage.RaftStorageDirectory (RaftStorageDirectoryImpl.java:analyzeStorage(135)) - The storage directory /home/runner/work/ozone/ozone/hadoop-ozone/integration-test/target/test-dir/MiniOzoneClusterImpl-4ec5f5c4-b0ab-4cbf-8465-e18eb8453e4d/ozone-meta/ratis/bf265839-605b-3f16-9796-c5ba1605619e does not exist. Creating ...
2022-08-24 13:28:36,112 [pool-55-thread-1] INFO  storage.RaftStorageDirectory (RaftStorageDirectoryImpl.java:tryLock(230)) - Lock on /home/runner/work/ozone/ozone/hadoop-ozone/integration-test/target/test-dir/MiniOzoneClusterImpl-4ec5f5c4-b0ab-4cbf-8465-e18eb8453e4d/ozone-meta/ratis/bf265839-605b-3f16-9796-c5ba1605619e/in_use.lock acquired by nodename 55499@fv-az213-422
2022-08-24 13:28:36,129 [pool-55-thread-1] INFO  storage.RaftStorage (RaftStorageImpl.java:format(89)) - Storage directory /home/runner/work/ozone/ozone/hadoop-ozone/integration-test/target/test-dir/MiniOzoneClusterImpl-4ec5f5c4-b0ab-4cbf-8465-e18eb8453e4d/ozone-meta/ratis/bf265839-605b-3f16-9796-c5ba1605619e has been successfully formatted.
2022-08-24 13:28:36,131 [pool-55-thread-1] INFO  server.RaftServerConfigKeys (ConfUtils.java:logGet(46)) - raft.server.notification.no-leader.timeout = 120s (custom)
2022-08-24 13:28:36,133 [pool-55-thread-1] INFO  server.RaftServerConfigKeys (ConfUtils.java:logGet(46)) - raft.server.log.use.memory = false (default)
2022-08-24 13:28:36,172 [pool-55-thread-1] INFO  server.RaftServerConfigKeys (ConfUtils.java:logGet(46)) - raft.server.log.purge.gap = 1000000 (custom)
2022-08-24 13:28:36,172 [pool-55-thread-1] INFO  server.RaftServerConfigKeys (ConfUtils.java:logGet(46)) - raft.server.log.appender.buffer.byte-limit = 33554432 (custom)
2022-08-24 13:28:36,178 [pool-55-thread-1] INFO  server.RaftServerConfigKeys (ConfUtils.java:logGet(46)) - raft.server.log.statemachine.data.read.timeout = 1000ms (default)
2022-08-24 13:28:36,220 [pool-55-thread-1] INFO  server.RaftServerConfigKeys (ConfUtils.java:logGet(46)) - raft.server.log.segment.size.max = 4194304 (custom)
2022-08-24 13:28:36,242 [pool-55-thread-1] INFO  server.RaftServerConfigKeys (ConfUtils.java:logGet(46)) - raft.server.log.segment.cache.num.max = 2 (custom)
2022-08-24 13:28:36,243 [pool-55-thread-1] INFO  server.RaftServerConfigKeys (ConfUtils.java:logGet(46)) - raft.server.log.segment.cache.size.max = 200MB (=209715200) (default)
2022-08-24 13:28:36,267 [pool-55-thread-1] INFO  segmented.SegmentedRaftLogWorker (SegmentedRaftLogWorker.java:<init>(187)) - new om1@group-C5BA1605619E-SegmentedRaftLogWorker for RaftStorageImpl:Storage Directory /home/runner/work/ozone/ozone/hadoop-ozone/integration-test/target/test-dir/MiniOzoneClusterImpl-4ec5f5c4-b0ab-4cbf-8465-e18eb8453e4d/ozone-meta/ratis/bf265839-605b-3f16-9796-c5ba1605619e
2022-08-24 13:28:36,268 [pool-55-thread-1] INFO  server.RaftServerConfigKeys (ConfUtils.java:logGet(46)) - raft.server.log.queue.byte-limit = 64MB (=67108864) (default)
2022-08-24 13:28:36,275 [pool-55-thread-1] INFO  server.RaftServerConfigKeys (ConfUtils.java:logGet(46)) - raft.server.log.queue.element-limit = 4096 (default)
2022-08-24 13:28:36,276 [pool-55-thread-1] INFO  server.RaftServerConfigKeys (ConfUtils.java:logGet(46)) - raft.server.log.segment.size.max = 4194304 (custom)
2022-08-24 13:28:36,277 [pool-55-thread-1] INFO  server.RaftServerConfigKeys (ConfUtils.java:logGet(46)) - raft.server.log.preallocated.size = 4194304 (custom)
2022-08-24 13:28:36,277 [pool-55-thread-1] INFO  server.RaftServerConfigKeys (ConfUtils.java:logGet(46)) - raft.server.log.force.sync.num = 128 (default)
2022-08-24 13:28:36,279 [pool-55-thread-1] INFO  server.RaftServerConfigKeys (ConfUtils.java:logGet(46)) - raft.server.log.statemachine.data.sync = true (default)
2022-08-24 13:28:36,279 [pool-55-thread-1] INFO  server.RaftServerConfigKeys (ConfUtils.java:logGet(46)) - raft.server.log.statemachine.data.sync.timeout = 10s (default)
2022-08-24 13:28:36,279 [pool-55-thread-1] INFO  server.RaftServerConfigKeys (ConfUtils.java:logGet(46)) - raft.server.log.statemachine.data.sync.timeout.retry = -1 (default)
2022-08-24 13:28:36,299 [pool-55-thread-1] INFO  server.RaftServerConfigKeys (ConfUtils.java:logGet(46)) - raft.server.log.write.buffer.size = 64KB (=65536) (default)
2022-08-24 13:28:36,300 [pool-55-thread-1] INFO  server.RaftServerConfigKeys (ConfUtils.java:logGet(46)) - raft.server.log.unsafe-flush.enabled = false (default)
2022-08-24 13:28:36,300 [pool-55-thread-1] INFO  server.RaftServerConfigKeys (ConfUtils.java:logGet(46)) - raft.server.log.statemachine.data.caching.enabled = false (default)
2022-08-24 13:28:36,306 [pool-55-thread-1] INFO  segmented.SegmentedRaftLogWorker (SegmentedRaftLogWorker.java:lambda$new$0(135)) - om1@group-C5BA1605619E-SegmentedRaftLogWorker: flushIndex: setUnconditionally 0 -> -1
2022-08-24 13:28:36,306 [pool-55-thread-1] INFO  segmented.SegmentedRaftLogWorker (SegmentedRaftLogWorker.java:lambda$new$0(135)) - om1@group-C5BA1605619E-SegmentedRaftLogWorker: safeCacheEvictIndex: setUnconditionally 0 -> -1
2022-08-24 13:28:36,315 [pool-55-thread-1] INFO  server.RaftServerConfigKeys (ConfUtils.java:logGet(46)) - raft.server.snapshot.auto.trigger.enabled = true (custom)
2022-08-24 13:28:36,319 [pool-55-thread-1] INFO  server.RaftServerConfigKeys (ConfUtils.java:logGet(46)) - raft.server.snapshot.auto.trigger.threshold = 400000 (default)
2022-08-24 13:28:36,319 [pool-55-thread-1] INFO  server.RaftServerConfigKeys (ConfUtils.java:logGet(46)) - raft.server.snapshot.retention.file.num = -1 (default)
2022-08-24 13:28:36,320 [pool-55-thread-1] INFO  server.RaftServerConfigKeys (ConfUtils.java:logGet(46)) - raft.server.log.purge.upto.snapshot.index = true (custom)
2022-08-24 13:28:36,322 [pool-55-thread-1] INFO  server.RaftServerConfigKeys (ConfUtils.java:logGet(46)) - raft.server.retrycache.expirytime = 300s (custom)
2022-08-24 13:28:36,322 [pool-55-thread-1] INFO  server.RaftServerConfigKeys (ConfUtils.java:logGet(46)) - raft.server.retrycache.statistics.expirytime = 100μs (default)
2022-08-24 13:28:36,445 [pool-55-thread-1] INFO  server.RaftServerConfigKeys (ConfUtils.java:logGet(46)) - raft.server.log.appender.install.snapshot.enabled = false (custom)
2022-08-24 13:28:36,446 [pool-55-thread-1] INFO  server.RaftServerConfigKeys (ConfUtils.java:logGet(46)) - raft.server.threadpool.server.cached = true (default)
2022-08-24 13:28:36,446 [pool-55-thread-1] INFO  server.RaftServerConfigKeys (ConfUtils.java:logGet(46)) - raft.server.threadpool.server.size = 0 (default)
2022-08-24 13:28:36,446 [pool-55-thread-1] INFO  server.RaftServerConfigKeys (ConfUtils.java:logGet(46)) - raft.server.threadpool.client.cached = true (default)
2022-08-24 13:28:36,446 [pool-55-thread-1] INFO  server.RaftServerConfigKeys (ConfUtils.java:logGet(46)) - raft.server.threadpool.client.size = 0 (default)
2022-08-24 13:28:36,778 [Listener at 0.0.0.0/38835] INFO  reflections.Reflections (Reflections.java:scan(232)) - Reflections took 684 ms to scan 19 urls, producing 67 keys and 4160 values [using 2 cores]
2022-08-24 13:28:37,098 [Listener at 0.0.0.0/38835] INFO  ipc.CallQueueManager (CallQueueManager.java:<init>(90)) - Using callQueue: class java.util.concurrent.LinkedBlockingQueue, queueCapacity: 2000, scheduler: class org.apache.hadoop.ipc.DefaultRpcScheduler, ipcBackoff: false.
2022-08-24 13:28:37,099 [Socket Reader #1 for port 0] INFO  ipc.Server (Server.java:run(1265)) - Starting Socket Reader #1 for port 0
2022-08-24 13:28:37,129 [Listener at 127.0.0.1/38251] INFO  impl.MetricsSystemImpl (MetricsSystemImpl.java:init(158)) - OzoneManager metrics system started (again)
2022-08-24 13:28:37,141 [Listener at 127.0.0.1/38251] INFO  om.OzoneManager (OzoneManager.java:start(1470)) - OzoneManager RPC server is listening at localhost/127.0.0.1:38251
2022-08-24 13:28:37,141 [Listener at 127.0.0.1/38251] INFO  ratis.OzoneManagerRatisServer (OzoneManagerRatisServer.java:start(554)) - Starting OzoneManagerRatisServer om1 at port 9872
2022-08-24 13:28:37,144 [om1-impl-thread1] INFO  server.RaftServer$Division (RaftServerImpl.java:start(310)) - om1@group-C5BA1605619E: start as a follower, conf=-1: [om1|rpc:localhost:9872|priority:0], old=null
2022-08-24 13:28:37,145 [om1-impl-thread1] INFO  server.RaftServer$Division (RaftServerImpl.java:setRole(299)) - om1@group-C5BA1605619E: changes role from      null to FOLLOWER at term 0 for startAsFollower
2022-08-24 13:28:37,146 [om1-impl-thread1] INFO  impl.RoleInfo (RoleInfo.java:updateAndGet(139)) - om1: start om1@group-C5BA1605619E-FollowerState
2022-08-24 13:28:37,147 [om1-impl-thread1] INFO  util.JmxRegister (JmxRegister.java:tryRegister(44)) - Successfully registered JMX Bean with object name Ratis:service=RaftServer,group=group-C5BA1605619E,id=om1
2022-08-24 13:28:37,150 [Listener at 127.0.0.1/38251] INFO  server.RaftServer (RaftServerProxy.java:lambda$start$6(382)) - om1: start RPC server
2022-08-24 13:28:37,211 [Listener at 127.0.0.1/38251] INFO  server.GrpcService (GrpcService.java:startImpl(260)) - om1: GrpcService started, listening on 9872
2022-08-24 13:28:37,212 [Listener at 127.0.0.1/38251] INFO  om.OzoneManager (OzoneManager.java:start(1486)) - Version File has different layout version (3) than OM DB (null). That is expected if this OM has never been finalized to a newer layout version.
2022-08-24 13:28:37,214 [org.apache.ratis.util.JvmPauseMonitor$$Lambda$620/346551037@47a532d9] INFO  util.JvmPauseMonitor (JvmPauseMonitor.java:run(103)) - JvmPauseMonitor-om1: Started
2022-08-24 13:28:37,238 [Listener at 127.0.0.1/38251] INFO  http.BaseHttpServer (BaseHttpServer.java:newHttpServer2BuilderForOzone(209)) - Starting Web-server for ozoneManager at: http://0.0.0.0:0
2022-08-24 13:28:37,238 [Listener at 127.0.0.1/38251] INFO  http.BaseHttpServer (BaseHttpServer.java:<init>(107)) - Hadoop Security Enabled: false Ozone Security Enabled: false Ozone HTTP Security Enabled: false 
2022-08-24 13:28:37,239 [Listener at 127.0.0.1/38251] INFO  server.AuthenticationFilter (AuthenticationFilter.java:constructSecretProvider(240)) - Unable to initialize FileSignerSecretProvider, falling back to use random secrets.
2022-08-24 13:28:37,245 [Listener at 127.0.0.1/38251] WARN  http.HttpRequestLog (HttpRequestLog.java:getRequestLog(103)) - Jetty request log can only be enabled using Log4j
2022-08-24 13:28:37,247 [Listener at 127.0.0.1/38251] INFO  http.HttpServer2 (HttpServer2.java:addGlobalFilter(1029)) - Added global filter 'safety' (class=org.apache.hadoop.hdds.server.http.HttpServer2$QuotingInputFilter)
2022-08-24 13:28:37,248 [Listener at 127.0.0.1/38251] INFO  http.HttpServer2 (HttpServer2.java:addFilter(1005)) - Added filter static_user_filter (class=org.apache.hadoop.http.lib.StaticUserWebFilter$StaticUserFilter) to context ozoneManager
2022-08-24 13:28:37,248 [Listener at 127.0.0.1/38251] INFO  http.HttpServer2 (HttpServer2.java:addFilter(1013)) - Added filter static_user_filter (class=org.apache.hadoop.http.lib.StaticUserWebFilter$StaticUserFilter) to context static
2022-08-24 13:28:37,248 [Listener at 127.0.0.1/38251] INFO  http.HttpServer2 (HttpServer2.java:addFilter(1013)) - Added filter static_user_filter (class=org.apache.hadoop.http.lib.StaticUserWebFilter$StaticUserFilter) to context logs
2022-08-24 13:28:37,250 [Listener at 127.0.0.1/38251] INFO  http.HttpServer2 (HttpServer2.java:bindListener(1248)) - Jetty bound to port 43913
2022-08-24 13:28:37,250 [Listener at 127.0.0.1/38251] INFO  server.Server (Server.java:doStart(375)) - jetty-9.4.43.v20210629; built: 2021-06-30T11:07:22.254Z; git: 526006ecfa3af7f1a27ef3a288e2bef7ea9dd7e8; jvm 1.8.0_345-b01
2022-08-24 13:28:37,252 [Listener at 127.0.0.1/38251] INFO  server.session (DefaultSessionIdManager.java:doStart(334)) - DefaultSessionIdManager workerName=node0
2022-08-24 13:28:37,253 [Listener at 127.0.0.1/38251] INFO  server.session (DefaultSessionIdManager.java:doStart(339)) - No SessionScavenger set, using defaults
2022-08-24 13:28:37,253 [Listener at 127.0.0.1/38251] INFO  server.session (HouseKeeper.java:startScavenging(132)) - node0 Scavenging every 600000ms
2022-08-24 13:28:37,255 [Listener at 127.0.0.1/38251] INFO  handler.ContextHandler (ContextHandler.java:doStart(915)) - Started o.e.j.s.ServletContextHandler@61be6b03{logs,/logs,file:///home/runner/work/ozone/ozone/hadoop-ozone/integration-test/target/log,AVAILABLE}
2022-08-24 13:28:37,256 [Listener at 127.0.0.1/38251] INFO  handler.ContextHandler (ContextHandler.java:doStart(915)) - Started o.e.j.s.ServletContextHandler@1b5b656b{static,/static,file:///home/runner/work/ozone/ozone/hadoop-ozone/integration-test/target/test-classes/webapps/static,AVAILABLE}
2022-08-24 13:28:37,260 [Listener at 127.0.0.1/38251] INFO  handler.ContextHandler (ContextHandler.java:doStart(915)) - Started o.e.j.w.WebAppContext@7d776202{ozoneManager,/,file:///home/runner/work/ozone/ozone/hadoop-ozone/integration-test/target/test-classes/webapps/ozoneManager/,AVAILABLE}{file:/home/runner/work/ozone/ozone/hadoop-ozone/integration-test/target/test-classes/webapps/ozoneManager}
2022-08-24 13:28:37,264 [Listener at 127.0.0.1/38251] INFO  server.AbstractConnector (AbstractConnector.java:doStart(331)) - Started ServerConnector@1e9d611a{HTTP/1.1, (http/1.1)}{0.0.0.0:43913}
2022-08-24 13:28:37,264 [Listener at 127.0.0.1/38251] INFO  server.Server (Server.java:doStart(415)) - Started @6955ms
2022-08-24 13:28:37,264 [Listener at 127.0.0.1/38251] WARN  impl.MetricsSystemImpl (MetricsSystemImpl.java:register(279)) - Sink prometheus already exists!
2022-08-24 13:28:37,265 [Listener at 127.0.0.1/38251] INFO  http.BaseHttpServer (BaseHttpServer.java:updateConnectorAddress(329)) - HTTP server of ozoneManager listening at http://0.0.0.0:43913
2022-08-24 13:28:37,267 [IPC Server Responder] INFO  ipc.Server (Server.java:run(1507)) - IPC Server Responder: starting
2022-08-24 13:28:37,267 [IPC Server listener on 0] INFO  ipc.Server (Server.java:run(1344)) - IPC Server listener on 0: starting
2022-08-24 13:28:37,270 [Listener at 127.0.0.1/38251] INFO  om.OzoneManager (OzoneManager.java:startTrashEmptier(1907)) - Trash Interval set to 0. Files deleted won't move to trash
2022-08-24 13:28:37,286 [org.apache.hadoop.util.JvmPauseMonitor$Monitor@5c407724] INFO  util.JvmPauseMonitor (JvmPauseMonitor.java:run(188)) - Starting JVM pause monitor
2022-08-24 13:28:37,427 [Listener at 127.0.0.1/38251] WARN  impl.MetricRegistriesImpl (MetricRegistriesImpl.java:addReporterRegistration(111)) - New reporters are added after registries were created. Some metrics will be missing from the reporter. Please add reporter before adding any new registry.
2022-08-24 13:28:37,427 [Listener at 127.0.0.1/38251] WARN  impl.MetricRegistriesImpl (MetricRegistriesImpl.java:addReporterRegistration(111)) - New reporters are added after registries were created. Some metrics will be missing from the reporter. Please add reporter before adding any new registry.
2022-08-24 13:28:37,427 [Listener at 127.0.0.1/38251] INFO  impl.MetricsSystemImpl (MetricsSystemImpl.java:init(158)) - HddsDatanode metrics system started (again)
2022-08-24 13:28:37,442 [Listener at 127.0.0.1/38251] INFO  ozone.HddsDatanodeService (HddsDatanodeService.java:start(236)) - HddsDatanodeService host:fv-az213-422.c2vz3wqhpjau3hcstnyptvmwla.cx.internal.cloudapp.net ip:10.1.1.17
2022-08-24 13:28:37,469 [Listener at 127.0.0.1/38251] INFO  upgrade.AbstractLayoutVersionManager (AbstractLayoutVersionManager.java:init(83)) - Initializing Layout version manager with metadata layout = DATANODE_SCHEMA_V3 (version = 4), software layout = DATANODE_SCHEMA_V3 (version = 4)
2022-08-24 13:28:37,512 [Listener at 127.0.0.1/38251] INFO  reflections.Reflections (Reflections.java:scan(232)) - Reflections took 42 ms to scan 7 urls, producing 133 keys and 322 values 
2022-08-24 13:28:37,516 [Listener at 127.0.0.1/38251] INFO  statemachine.DatanodeStateMachine (DatanodeStateMachine.java:getEndPointTaskThreadPoolSize(237)) - Datanode State Machine Task Thread Pool size 2
2022-08-24 13:28:37,569 [Listener at 127.0.0.1/38251] INFO  volume.HddsVolume (HddsVolume.java:<init>(117)) - Creating HddsVolume: /home/runner/work/ozone/ozone/hadoop-ozone/integration-test/target/test-dir/MiniOzoneClusterImpl-4ec5f5c4-b0ab-4cbf-8465-e18eb8453e4d/datanode-0/data-0/containers/hdds of storage type : DISK capacity : 9223372036854775807
2022-08-24 13:28:37,572 [Listener at 127.0.0.1/38251] INFO  volume.MutableVolumeSet (MutableVolumeSet.java:initializeVolumeSet(174)) - Added Volume : /home/runner/work/ozone/ozone/hadoop-ozone/integration-test/target/test-dir/MiniOzoneClusterImpl-4ec5f5c4-b0ab-4cbf-8465-e18eb8453e4d/datanode-0/data-0/containers/hdds to VolumeSet
2022-08-24 13:28:37,573 [Listener at 127.0.0.1/38251] INFO  volume.ThrottledAsyncChecker (ThrottledAsyncChecker.java:schedule(141)) - Scheduling a check for /home/runner/work/ozone/ozone/hadoop-ozone/integration-test/target/test-dir/MiniOzoneClusterImpl-4ec5f5c4-b0ab-4cbf-8465-e18eb8453e4d/datanode-0/data-0/containers/hdds
2022-08-24 13:28:37,592 [Listener at 127.0.0.1/38251] INFO  volume.StorageVolumeChecker (StorageVolumeChecker.java:checkAllVolumes(202)) - Scheduled health check for volume /home/runner/work/ozone/ozone/hadoop-ozone/integration-test/target/test-dir/MiniOzoneClusterImpl-4ec5f5c4-b0ab-4cbf-8465-e18eb8453e4d/datanode-0/data-0/containers/hdds
2022-08-24 13:28:37,609 [Listener at 127.0.0.1/38251] INFO  volume.MutableVolumeSet (MutableVolumeSet.java:initializeVolumeSet(174)) - Added Volume : /home/runner/work/ozone/ozone/hadoop-ozone/integration-test/target/test-dir/MiniOzoneClusterImpl-4ec5f5c4-b0ab-4cbf-8465-e18eb8453e4d/datanode-0/data/ratis to VolumeSet
2022-08-24 13:28:37,609 [Listener at 127.0.0.1/38251] INFO  volume.ThrottledAsyncChecker (ThrottledAsyncChecker.java:schedule(141)) - Scheduling a check for /home/runner/work/ozone/ozone/hadoop-ozone/integration-test/target/test-dir/MiniOzoneClusterImpl-4ec5f5c4-b0ab-4cbf-8465-e18eb8453e4d/datanode-0/data/ratis
2022-08-24 13:28:37,610 [Listener at 127.0.0.1/38251] INFO  volume.StorageVolumeChecker (StorageVolumeChecker.java:checkAllVolumes(202)) - Scheduled health check for volume /home/runner/work/ozone/ozone/hadoop-ozone/integration-test/target/test-dir/MiniOzoneClusterImpl-4ec5f5c4-b0ab-4cbf-8465-e18eb8453e4d/datanode-0/data/ratis
2022-08-24 13:28:37,632 [Thread-136] INFO  ozoneimpl.ContainerReader (ContainerReader.java:readVolume(175)) - Finish verifying containers on volume /home/runner/work/ozone/ozone/hadoop-ozone/integration-test/target/test-dir/MiniOzoneClusterImpl-4ec5f5c4-b0ab-4cbf-8465-e18eb8453e4d/datanode-0/data-0/containers/hdds
2022-08-24 13:28:37,632 [Listener at 127.0.0.1/38251] INFO  ozoneimpl.OzoneContainer (OzoneContainer.java:buildContainerSet(299)) - Build ContainerSet costs 0s
2022-08-24 13:28:37,676 [Listener at 127.0.0.1/38251] INFO  audit.AuditLogger (AuditLogger.java:refreshDebugCmdSet(126)) - Refresh DebugCmdSet for DNAudit to [].
2022-08-24 13:28:37,703 [Listener at 127.0.0.1/38251] INFO  server.RaftServer (ConfUtils.java:logGet(46)) - raft.rpc.type = GRPC (default)
2022-08-24 13:28:37,704 [Listener at 127.0.0.1/38251] INFO  grpc.GrpcFactory (GrpcFactory.java:checkPooledByteBufAllocatorUseCacheForAllThreads(48)) - PERFORMANCE WARNING: useCacheForAllThreads is true that may cause Netty to create a lot garbage objects and, as a result, trigger GC.
	It is recommended to disable useCacheForAllThreads by setting -Dorg.apache.ratis.thirdparty.io.netty.allocator.useCacheForAllThreads=false in command line.
2022-08-24 13:28:37,704 [Listener at 127.0.0.1/38251] INFO  grpc.GrpcConfigKeys (ConfUtils.java:logGet(46)) - raft.grpc.admin.port = 0 (custom)
2022-08-24 13:28:37,704 [Listener at 127.0.0.1/38251] INFO  grpc.GrpcConfigKeys (ConfUtils.java:logGet(46)) - raft.grpc.client.port = 0 (custom)
2022-08-24 13:28:37,704 [Listener at 127.0.0.1/38251] INFO  grpc.GrpcConfigKeys (ConfUtils.java:logGet(46)) - raft.grpc.server.port = 0 (default)
2022-08-24 13:28:37,704 [Listener at 127.0.0.1/38251] INFO  server.GrpcService (ConfUtils.java:logGet(46)) - raft.grpc.message.size.max = 32MB (=33554432) (custom)
2022-08-24 13:28:37,705 [Listener at 127.0.0.1/38251] INFO  server.RaftServerConfigKeys (ConfUtils.java:logGet(46)) - raft.server.log.appender.buffer.byte-limit = 33554432 (custom)
2022-08-24 13:28:37,705 [Listener at 127.0.0.1/38251] INFO  server.GrpcService (ConfUtils.java:logGet(46)) - raft.grpc.flow.control.window = 5MB (=5242880) (custom)
2022-08-24 13:28:37,705 [Listener at 127.0.0.1/38251] INFO  server.RaftServerConfigKeys (ConfUtils.java:logGet(46)) - raft.server.rpc.request.timeout = 60s (custom)
2022-08-24 13:28:37,705 [Listener at 127.0.0.1/38251] INFO  grpc.GrpcConfigKeys (ConfUtils.java:logGet(46)) - raft.grpc.server.async.request.thread.pool.cached = true (default)
2022-08-24 13:28:37,705 [Listener at 127.0.0.1/38251] INFO  grpc.GrpcConfigKeys (ConfUtils.java:logGet(46)) - raft.grpc.server.async.request.thread.pool.size = 32 (default)
2022-08-24 13:28:37,706 [Listener at 127.0.0.1/38251] INFO  impl.DataStreamServerImpl (ConfUtils.java:logGet(46)) - raft.datastream.type = DISABLED (default)
2022-08-24 13:28:37,706 [Listener at 127.0.0.1/38251] INFO  server.RaftServerConfigKeys (ConfUtils.java:logGet(46)) - raft.server.threadpool.proxy.cached = true (default)
2022-08-24 13:28:37,706 [Listener at 127.0.0.1/38251] INFO  server.RaftServerConfigKeys (ConfUtils.java:logGet(46)) - raft.server.threadpool.proxy.size = 0 (default)
2022-08-24 13:28:37,707 [Listener at 127.0.0.1/38251] INFO  server.RaftServerConfigKeys (ConfUtils.java:logGet(46)) - raft.server.rpc.slowness.timeout = 300s (custom)
2022-08-24 13:28:37,707 [Listener at 127.0.0.1/38251] INFO  server.RaftServerConfigKeys (ConfUtils.java:logGet(46)) - raft.server.leaderelection.leader.step-down.wait-time = 10s (default)
2022-08-24 13:28:37,707 [Listener at 127.0.0.1/38251] INFO  server.RaftServerConfigKeys (ConfUtils.java:logGet(46)) - raft.server.storage.dir = [/home/runner/work/ozone/ozone/hadoop-ozone/integration-test/target/test-dir/MiniOzoneClusterImpl-4ec5f5c4-b0ab-4cbf-8465-e18eb8453e4d/datanode-0/data/ratis] (custom)
2022-08-24 13:28:37,724 [Listener at 127.0.0.1/38251] INFO  server.XceiverServerGrpc (XceiverServerGrpc.java:<init>(132)) - GrpcServer channel type EpollServerSocketChannel
2022-08-24 13:28:37,788 [Listener at 127.0.0.1/38251] INFO  http.BaseHttpServer (BaseHttpServer.java:newHttpServer2BuilderForOzone(209)) - Starting Web-server for hddsDatanode at: http://0.0.0.0:0
2022-08-24 13:28:37,788 [Listener at 127.0.0.1/38251] INFO  http.BaseHttpServer (BaseHttpServer.java:<init>(107)) - Hadoop Security Enabled: false Ozone Security Enabled: false Ozone HTTP Security Enabled: false 
2022-08-24 13:28:37,790 [Listener at 127.0.0.1/38251] INFO  server.AuthenticationFilter (AuthenticationFilter.java:constructSecretProvider(240)) - Unable to initialize FileSignerSecretProvider, falling back to use random secrets.
2022-08-24 13:28:37,791 [Listener at 127.0.0.1/38251] WARN  http.HttpRequestLog (HttpRequestLog.java:getRequestLog(103)) - Jetty request log can only be enabled using Log4j
2022-08-24 13:28:37,793 [Listener at 127.0.0.1/38251] INFO  http.HttpServer2 (HttpServer2.java:addGlobalFilter(1029)) - Added global filter 'safety' (class=org.apache.hadoop.hdds.server.http.HttpServer2$QuotingInputFilter)
2022-08-24 13:28:37,794 [Listener at 127.0.0.1/38251] INFO  http.HttpServer2 (HttpServer2.java:addFilter(1005)) - Added filter static_user_filter (class=org.apache.hadoop.http.lib.StaticUserWebFilter$StaticUserFilter) to context hddsDatanode
2022-08-24 13:28:37,794 [Listener at 127.0.0.1/38251] INFO  http.HttpServer2 (HttpServer2.java:addFilter(1013)) - Added filter static_user_filter (class=org.apache.hadoop.http.lib.StaticUserWebFilter$StaticUserFilter) to context logs
2022-08-24 13:28:37,794 [Listener at 127.0.0.1/38251] INFO  http.HttpServer2 (HttpServer2.java:addFilter(1013)) - Added filter static_user_filter (class=org.apache.hadoop.http.lib.StaticUserWebFilter$StaticUserFilter) to context static
2022-08-24 13:28:37,795 [Listener at 127.0.0.1/38251] INFO  http.HttpServer2 (HttpServer2.java:bindListener(1248)) - Jetty bound to port 46425
2022-08-24 13:28:37,795 [Listener at 127.0.0.1/38251] INFO  server.Server (Server.java:doStart(375)) - jetty-9.4.43.v20210629; built: 2021-06-30T11:07:22.254Z; git: 526006ecfa3af7f1a27ef3a288e2bef7ea9dd7e8; jvm 1.8.0_345-b01
2022-08-24 13:28:37,805 [Listener at 127.0.0.1/38251] INFO  server.session (DefaultSessionIdManager.java:doStart(334)) - DefaultSessionIdManager workerName=node0
2022-08-24 13:28:37,805 [Listener at 127.0.0.1/38251] INFO  server.session (DefaultSessionIdManager.java:doStart(339)) - No SessionScavenger set, using defaults
2022-08-24 13:28:37,805 [Listener at 127.0.0.1/38251] INFO  server.session (HouseKeeper.java:startScavenging(132)) - node0 Scavenging every 600000ms
2022-08-24 13:28:37,806 [Listener at 127.0.0.1/38251] INFO  handler.ContextHandler (ContextHandler.java:doStart(915)) - Started o.e.j.s.ServletContextHandler@1fd21ca0{logs,/logs,file:///home/runner/work/ozone/ozone/hadoop-ozone/integration-test/target/log,AVAILABLE}
2022-08-24 13:28:37,807 [Listener at 127.0.0.1/38251] INFO  handler.ContextHandler (ContextHandler.java:doStart(915)) - Started o.e.j.s.ServletContextHandler@311bc5a3{static,/static,jar:file:/home/runner/.m2/repository/org/apache/ozone/hdds-container-service/1.3.0-SNAPSHOT/hdds-container-service-1.3.0-SNAPSHOT.jar!/webapps/static,AVAILABLE}
2022-08-24 13:28:38,007 [Listener at 127.0.0.1/38251] INFO  handler.ContextHandler (ContextHandler.java:doStart(915)) - Started o.e.j.w.WebAppContext@804ea79{hddsDatanode,/,file:///tmp/jetty-0_0_0_0-46425-hdds-container-service-1_3_0-SNAPSHOT_jar-_-any-130547476901168346/webapp/,AVAILABLE}{jar:file:/home/runner/.m2/repository/org/apache/ozone/hdds-container-service/1.3.0-SNAPSHOT/hdds-container-service-1.3.0-SNAPSHOT.jar!/webapps/hddsDatanode}
2022-08-24 13:28:38,009 [Listener at 127.0.0.1/38251] INFO  server.AbstractConnector (AbstractConnector.java:doStart(331)) - Started ServerConnector@beef9d4{HTTP/1.1, (http/1.1)}{0.0.0.0:46425}
2022-08-24 13:28:38,009 [Listener at 127.0.0.1/38251] INFO  server.Server (Server.java:doStart(415)) - Started @7700ms
2022-08-24 13:28:38,009 [Listener at 127.0.0.1/38251] WARN  impl.MetricsSystemImpl (MetricsSystemImpl.java:register(279)) - Sink prometheus already exists!
2022-08-24 13:28:38,010 [Listener at 127.0.0.1/38251] INFO  http.BaseHttpServer (BaseHttpServer.java:updateConnectorAddress(329)) - HTTP server of hddsDatanode listening at http://0.0.0.0:46425
2022-08-24 13:28:38,012 [Datanode State Machine Daemon Thread] INFO  statemachine.DatanodeStateMachine (DatanodeStateMachine.java:lambda$startDaemon$0(492)) - Ozone container server started.
2022-08-24 13:28:38,013 [Listener at 127.0.0.1/38251] WARN  impl.MetricRegistriesImpl (MetricRegistriesImpl.java:addReporterRegistration(111)) - New reporters are added after registries were created. Some metrics will be missing from the reporter. Please add reporter before adding any new registry.
2022-08-24 13:28:38,013 [Listener at 127.0.0.1/38251] WARN  impl.MetricRegistriesImpl (MetricRegistriesImpl.java:addReporterRegistration(111)) - New reporters are added after registries were created. Some metrics will be missing from the reporter. Please add reporter before adding any new registry.
2022-08-24 13:28:38,013 [Listener at 127.0.0.1/38251] INFO  impl.MetricsSystemImpl (MetricsSystemImpl.java:init(158)) - HddsDatanode metrics system started (again)
2022-08-24 13:28:38,055 [org.apache.hadoop.util.JvmPauseMonitor$Monitor@2818cac0] INFO  util.JvmPauseMonitor (JvmPauseMonitor.java:run(188)) - Starting JVM pause monitor
2022-08-24 13:28:38,066 [Listener at 127.0.0.1/38251] INFO  ozone.HddsDatanodeService (HddsDatanodeService.java:start(236)) - HddsDatanodeService host:fv-az213-422.c2vz3wqhpjau3hcstnyptvmwla.cx.internal.cloudapp.net ip:10.1.1.17
2022-08-24 13:28:38,094 [Listener at 127.0.0.1/38251] INFO  upgrade.AbstractLayoutVersionManager (AbstractLayoutVersionManager.java:init(83)) - Initializing Layout version manager with metadata layout = DATANODE_SCHEMA_V3 (version = 4), software layout = DATANODE_SCHEMA_V3 (version = 4)
2022-08-24 13:28:38,119 [Datanode State Machine Task Thread - 0] INFO  datanode.InitDatanodeState (InitDatanodeState.java:persistContainerDatanodeDetails(138)) - DatanodeDetails is persisted to /home/runner/work/ozone/ozone/hadoop-ozone/integration-test/target/test-dir/MiniOzoneClusterImpl-4ec5f5c4-b0ab-4cbf-8465-e18eb8453e4d/datanode-0/meta/datanode.id
2022-08-24 13:28:38,161 [Listener at 127.0.0.1/38251] INFO  reflections.Reflections (Reflections.java:scan(232)) - Reflections took 61 ms to scan 7 urls, producing 133 keys and 322 values 
2022-08-24 13:28:38,162 [Listener at 127.0.0.1/38251] INFO  statemachine.DatanodeStateMachine (DatanodeStateMachine.java:getEndPointTaskThreadPoolSize(237)) - Datanode State Machine Task Thread Pool size 2
2022-08-24 13:28:38,164 [Listener at 127.0.0.1/38251] INFO  volume.HddsVolume (HddsVolume.java:<init>(117)) - Creating HddsVolume: /home/runner/work/ozone/ozone/hadoop-ozone/integration-test/target/test-dir/MiniOzoneClusterImpl-4ec5f5c4-b0ab-4cbf-8465-e18eb8453e4d/datanode-1/data-0/containers/hdds of storage type : DISK capacity : 9223372036854775807
2022-08-24 13:28:38,165 [Listener at 127.0.0.1/38251] INFO  volume.MutableVolumeSet (MutableVolumeSet.java:initializeVolumeSet(174)) - Added Volume : /home/runner/work/ozone/ozone/hadoop-ozone/integration-test/target/test-dir/MiniOzoneClusterImpl-4ec5f5c4-b0ab-4cbf-8465-e18eb8453e4d/datanode-1/data-0/containers/hdds to VolumeSet
2022-08-24 13:28:38,165 [Listener at 127.0.0.1/38251] INFO  volume.ThrottledAsyncChecker (ThrottledAsyncChecker.java:schedule(141)) - Scheduling a check for /home/runner/work/ozone/ozone/hadoop-ozone/integration-test/target/test-dir/MiniOzoneClusterImpl-4ec5f5c4-b0ab-4cbf-8465-e18eb8453e4d/datanode-1/data-0/containers/hdds
2022-08-24 13:28:38,167 [Listener at 127.0.0.1/38251] INFO  volume.StorageVolumeChecker (StorageVolumeChecker.java:checkAllVolumes(202)) - Scheduled health check for volume /home/runner/work/ozone/ozone/hadoop-ozone/integration-test/target/test-dir/MiniOzoneClusterImpl-4ec5f5c4-b0ab-4cbf-8465-e18eb8453e4d/datanode-1/data-0/containers/hdds
2022-08-24 13:28:38,180 [Listener at 127.0.0.1/38251] INFO  volume.MutableVolumeSet (MutableVolumeSet.java:initializeVolumeSet(174)) - Added Volume : /home/runner/work/ozone/ozone/hadoop-ozone/integration-test/target/test-dir/MiniOzoneClusterImpl-4ec5f5c4-b0ab-4cbf-8465-e18eb8453e4d/datanode-1/data/ratis to VolumeSet
2022-08-24 13:28:38,180 [Listener at 127.0.0.1/38251] INFO  volume.ThrottledAsyncChecker (ThrottledAsyncChecker.java:schedule(141)) - Scheduling a check for /home/runner/work/ozone/ozone/hadoop-ozone/integration-test/target/test-dir/MiniOzoneClusterImpl-4ec5f5c4-b0ab-4cbf-8465-e18eb8453e4d/datanode-1/data/ratis
2022-08-24 13:28:38,180 [Listener at 127.0.0.1/38251] INFO  volume.StorageVolumeChecker (StorageVolumeChecker.java:checkAllVolumes(202)) - Scheduled health check for volume /home/runner/work/ozone/ozone/hadoop-ozone/integration-test/target/test-dir/MiniOzoneClusterImpl-4ec5f5c4-b0ab-4cbf-8465-e18eb8453e4d/datanode-1/data/ratis
2022-08-24 13:28:38,191 [Thread-149] INFO  ozoneimpl.ContainerReader (ContainerReader.java:readVolume(175)) - Finish verifying containers on volume /home/runner/work/ozone/ozone/hadoop-ozone/integration-test/target/test-dir/MiniOzoneClusterImpl-4ec5f5c4-b0ab-4cbf-8465-e18eb8453e4d/datanode-1/data-0/containers/hdds
2022-08-24 13:28:38,193 [Listener at 127.0.0.1/38251] INFO  ozoneimpl.OzoneContainer (OzoneContainer.java:buildContainerSet(299)) - Build ContainerSet costs 0s
2022-08-24 13:28:38,196 [Listener at 127.0.0.1/38251] INFO  server.RaftServer (ConfUtils.java:logGet(46)) - raft.rpc.type = GRPC (default)
2022-08-24 13:28:38,197 [Listener at 127.0.0.1/38251] INFO  grpc.GrpcFactory (GrpcFactory.java:checkPooledByteBufAllocatorUseCacheForAllThreads(48)) - PERFORMANCE WARNING: useCacheForAllThreads is true that may cause Netty to create a lot garbage objects and, as a result, trigger GC.
	It is recommended to disable useCacheForAllThreads by setting -Dorg.apache.ratis.thirdparty.io.netty.allocator.useCacheForAllThreads=false in command line.
2022-08-24 13:28:38,197 [Listener at 127.0.0.1/38251] INFO  grpc.GrpcConfigKeys (ConfUtils.java:logGet(46)) - raft.grpc.admin.port = 0 (custom)
2022-08-24 13:28:38,197 [Listener at 127.0.0.1/38251] INFO  grpc.GrpcConfigKeys (ConfUtils.java:logGet(46)) - raft.grpc.client.port = 0 (custom)
2022-08-24 13:28:38,197 [Listener at 127.0.0.1/38251] INFO  grpc.GrpcConfigKeys (ConfUtils.java:logGet(46)) - raft.grpc.server.port = 0 (default)
2022-08-24 13:28:38,197 [Listener at 127.0.0.1/38251] INFO  server.GrpcService (ConfUtils.java:logGet(46)) - raft.grpc.message.size.max = 32MB (=33554432) (custom)
2022-08-24 13:28:38,197 [Listener at 127.0.0.1/38251] INFO  server.RaftServerConfigKeys (ConfUtils.java:logGet(46)) - raft.server.log.appender.buffer.byte-limit = 33554432 (custom)
2022-08-24 13:28:38,197 [Listener at 127.0.0.1/38251] INFO  server.GrpcService (ConfUtils.java:logGet(46)) - raft.grpc.flow.control.window = 5MB (=5242880) (custom)
2022-08-24 13:28:38,198 [Listener at 127.0.0.1/38251] INFO  server.RaftServerConfigKeys (ConfUtils.java:logGet(46)) - raft.server.rpc.request.timeout = 60s (custom)
2022-08-24 13:28:38,198 [Listener at 127.0.0.1/38251] INFO  grpc.GrpcConfigKeys (ConfUtils.java:logGet(46)) - raft.grpc.server.async.request.thread.pool.cached = true (default)
2022-08-24 13:28:38,198 [Listener at 127.0.0.1/38251] INFO  grpc.GrpcConfigKeys (ConfUtils.java:logGet(46)) - raft.grpc.server.async.request.thread.pool.size = 32 (default)
2022-08-24 13:28:38,199 [Listener at 127.0.0.1/38251] INFO  impl.DataStreamServerImpl (ConfUtils.java:logGet(46)) - raft.datastream.type = DISABLED (default)
2022-08-24 13:28:38,199 [Listener at 127.0.0.1/38251] INFO  server.RaftServerConfigKeys (ConfUtils.java:logGet(46)) - raft.server.threadpool.proxy.cached = true (default)
2022-08-24 13:28:38,199 [Listener at 127.0.0.1/38251] INFO  server.RaftServerConfigKeys (ConfUtils.java:logGet(46)) - raft.server.threadpool.proxy.size = 0 (default)
2022-08-24 13:28:38,199 [Listener at 127.0.0.1/38251] INFO  server.RaftServerConfigKeys (ConfUtils.java:logGet(46)) - raft.server.rpc.slowness.timeout = 300s (custom)
2022-08-24 13:28:38,199 [Listener at 127.0.0.1/38251] INFO  server.RaftServerConfigKeys (ConfUtils.java:logGet(46)) - raft.server.leaderelection.leader.step-down.wait-time = 10s (default)
2022-08-24 13:28:38,200 [Listener at 127.0.0.1/38251] INFO  server.RaftServerConfigKeys (ConfUtils.java:logGet(46)) - raft.server.storage.dir = [/home/runner/work/ozone/ozone/hadoop-ozone/integration-test/target/test-dir/MiniOzoneClusterImpl-4ec5f5c4-b0ab-4cbf-8465-e18eb8453e4d/datanode-1/data/ratis] (custom)
2022-08-24 13:28:38,205 [Listener at 127.0.0.1/38251] INFO  server.XceiverServerGrpc (XceiverServerGrpc.java:<init>(132)) - GrpcServer channel type EpollServerSocketChannel
2022-08-24 13:28:38,209 [Listener at 127.0.0.1/38251] INFO  http.BaseHttpServer (BaseHttpServer.java:newHttpServer2BuilderForOzone(209)) - Starting Web-server for hddsDatanode at: http://0.0.0.0:0
2022-08-24 13:28:38,209 [Listener at 127.0.0.1/38251] INFO  http.BaseHttpServer (BaseHttpServer.java:<init>(107)) - Hadoop Security Enabled: false Ozone Security Enabled: false Ozone HTTP Security Enabled: false 
2022-08-24 13:28:38,210 [Listener at 127.0.0.1/38251] INFO  server.AuthenticationFilter (AuthenticationFilter.java:constructSecretProvider(240)) - Unable to initialize FileSignerSecretProvider, falling back to use random secrets.
2022-08-24 13:28:38,212 [Listener at 127.0.0.1/38251] WARN  http.HttpRequestLog (HttpRequestLog.java:getRequestLog(103)) - Jetty request log can only be enabled using Log4j
2022-08-24 13:28:38,213 [Listener at 127.0.0.1/38251] INFO  http.HttpServer2 (HttpServer2.java:addGlobalFilter(1029)) - Added global filter 'safety' (class=org.apache.hadoop.hdds.server.http.HttpServer2$QuotingInputFilter)
2022-08-24 13:28:38,214 [Listener at 127.0.0.1/38251] INFO  http.HttpServer2 (HttpServer2.java:addFilter(1005)) - Added filter static_user_filter (class=org.apache.hadoop.http.lib.StaticUserWebFilter$StaticUserFilter) to context hddsDatanode
2022-08-24 13:28:38,214 [Listener at 127.0.0.1/38251] INFO  http.HttpServer2 (HttpServer2.java:addFilter(1013)) - Added filter static_user_filter (class=org.apache.hadoop.http.lib.StaticUserWebFilter$StaticUserFilter) to context static
2022-08-24 13:28:38,214 [Listener at 127.0.0.1/38251] INFO  http.HttpServer2 (HttpServer2.java:addFilter(1013)) - Added filter static_user_filter (class=org.apache.hadoop.http.lib.StaticUserWebFilter$StaticUserFilter) to context logs
2022-08-24 13:28:38,215 [Listener at 127.0.0.1/38251] INFO  http.HttpServer2 (HttpServer2.java:bindListener(1248)) - Jetty bound to port 36789
2022-08-24 13:28:38,215 [Listener at 127.0.0.1/38251] INFO  server.Server (Server.java:doStart(375)) - jetty-9.4.43.v20210629; built: 2021-06-30T11:07:22.254Z; git: 526006ecfa3af7f1a27ef3a288e2bef7ea9dd7e8; jvm 1.8.0_345-b01
2022-08-24 13:28:38,218 [Listener at 127.0.0.1/38251] INFO  server.session (DefaultSessionIdManager.java:doStart(334)) - DefaultSessionIdManager workerName=node0
2022-08-24 13:28:38,218 [Listener at 127.0.0.1/38251] INFO  server.session (DefaultSessionIdManager.java:doStart(339)) - No SessionScavenger set, using defaults
2022-08-24 13:28:38,218 [Listener at 127.0.0.1/38251] INFO  server.session (HouseKeeper.java:startScavenging(132)) - node0 Scavenging every 660000ms
2022-08-24 13:28:38,219 [Listener at 127.0.0.1/38251] INFO  handler.ContextHandler (ContextHandler.java:doStart(915)) - Started o.e.j.s.ServletContextHandler@29a1e9fc{logs,/logs,file:///home/runner/work/ozone/ozone/hadoop-ozone/integration-test/target/log,AVAILABLE}
2022-08-24 13:28:38,219 [Listener at 127.0.0.1/38251] INFO  handler.ContextHandler (ContextHandler.java:doStart(915)) - Started o.e.j.s.ServletContextHandler@6d642c00{static,/static,jar:file:/home/runner/.m2/repository/org/apache/ozone/hdds-container-service/1.3.0-SNAPSHOT/hdds-container-service-1.3.0-SNAPSHOT.jar!/webapps/static,AVAILABLE}
2022-08-24 13:28:38,265 [om1@group-C5BA1605619E-FollowerState] INFO  impl.FollowerState (FollowerState.java:run(143)) - om1@group-C5BA1605619E-FollowerState: change to CANDIDATE, lastRpcElapsedTime:1119745065ns, electionTimeout:1104ms
2022-08-24 13:28:38,266 [om1@group-C5BA1605619E-FollowerState] INFO  impl.RoleInfo (RoleInfo.java:shutdownFollowerState(110)) - om1: shutdown om1@group-C5BA1605619E-FollowerState
2022-08-24 13:28:38,268 [om1@group-C5BA1605619E-FollowerState] INFO  server.RaftServer$Division (RaftServerImpl.java:setRole(299)) - om1@group-C5BA1605619E: changes role from  FOLLOWER to CANDIDATE at term 0 for changeToCandidate
2022-08-24 13:28:38,271 [om1@group-C5BA1605619E-FollowerState] INFO  server.RaftServerConfigKeys (ConfUtils.java:logGet(46)) - raft.server.leaderelection.pre-vote = false (custom)
2022-08-24 13:28:38,271 [om1@group-C5BA1605619E-FollowerState] INFO  impl.RoleInfo (RoleInfo.java:updateAndGet(139)) - om1: start om1@group-C5BA1605619E-LeaderElection1
2022-08-24 13:28:38,280 [om1@group-C5BA1605619E-LeaderElection1] INFO  impl.LeaderElection (LeaderElection.java:askForVotes(310)) - om1@group-C5BA1605619E-LeaderElection1 ELECTION round 0: submit vote requests at term 1 for -1: [om1|rpc:localhost:9872|priority:0], old=null
2022-08-24 13:28:38,281 [om1@group-C5BA1605619E-LeaderElection1] INFO  impl.LeaderElection (LeaderElection.java:askForVotes(312)) - om1@group-C5BA1605619E-LeaderElection1 ELECTION round 0: result PASSED (term=1)
2022-08-24 13:28:38,282 [om1@group-C5BA1605619E-LeaderElection1] INFO  impl.RoleInfo (RoleInfo.java:shutdownLeaderElection(130)) - om1: shutdown om1@group-C5BA1605619E-LeaderElection1
2022-08-24 13:28:38,282 [om1@group-C5BA1605619E-LeaderElection1] INFO  server.RaftServer$Division (RaftServerImpl.java:setRole(299)) - om1@group-C5BA1605619E: changes role from CANDIDATE to LEADER at term 1 for changeToLeader
2022-08-24 13:28:38,282 [om1@group-C5BA1605619E-LeaderElection1] INFO  server.RaftServer$Division (ServerState.java:setLeader(287)) - om1@group-C5BA1605619E: change Leader from null to om1 at term 1 for becomeLeader, leader elected after 2150ms
2022-08-24 13:28:38,297 [om1@group-C5BA1605619E-LeaderElection1] INFO  server.RaftServerConfigKeys (ConfUtils.java:logGet(46)) - raft.server.staging.catchup.gap = 1000 (default)
2022-08-24 13:28:38,302 [om1@group-C5BA1605619E-LeaderElection1] INFO  server.RaftServerConfigKeys (ConfUtils.java:logGet(46)) - raft.server.write.element-limit = 4096 (default)
2022-08-24 13:28:38,303 [om1@group-C5BA1605619E-LeaderElection1] INFO  server.RaftServerConfigKeys (ConfUtils.java:logGet(46)) - raft.server.write.byte-limit = 64MB (=67108864) (default)
2022-08-24 13:28:38,316 [om1@group-C5BA1605619E-LeaderElection1] INFO  server.RaftServerConfigKeys (ConfUtils.java:logGet(46)) - raft.server.watch.timeout = 10s (default)
2022-08-24 13:28:38,318 [om1@group-C5BA1605619E-LeaderElection1] INFO  server.RaftServerConfigKeys (ConfUtils.java:logGet(46)) - raft.server.watch.timeout.denomination = 1s (default)
2022-08-24 13:28:38,325 [om1@group-C5BA1605619E-LeaderElection1] INFO  server.RaftServerConfigKeys (ConfUtils.java:logGet(46)) - raft.server.watch.element-limit = 65536 (default)
2022-08-24 13:28:38,331 [om1@group-C5BA1605619E-LeaderElection1] INFO  server.RaftServerConfigKeys (ConfUtils.java:logGet(46)) - raft.server.write.element-limit = 4096 (default)
2022-08-24 13:28:38,339 [om1@group-C5BA1605619E-LeaderElection1] INFO  server.RaftServerConfigKeys (ConfUtils.java:logGet(46)) - raft.server.write.follower.gap.ratio.max = -1.0 (default)
2022-08-24 13:28:38,343 [om1@group-C5BA1605619E-LeaderElection1] INFO  impl.RoleInfo (RoleInfo.java:updateAndGet(139)) - om1: start om1@group-C5BA1605619E-LeaderStateImpl
2022-08-24 13:28:38,398 [om1@group-C5BA1605619E-LeaderElection1] INFO  segmented.SegmentedRaftLogWorker (SegmentedRaftLogWorker.java:startLogSegment(425)) - om1@group-C5BA1605619E-SegmentedRaftLogWorker: Starting segment from index:0
2022-08-24 13:28:38,466 [om1@group-C5BA1605619E-LeaderElection1] INFO  server.RaftServer$Division (ServerState.java:setRaftConf(393)) - om1@group-C5BA1605619E: set configuration 0: [om1|rpc:localhost:9872|admin:|client:|dataStream:|priority:0], old=null
2022-08-24 13:28:38,486 [Listener at 127.0.0.1/38251] INFO  handler.ContextHandler (ContextHandler.java:doStart(915)) - Started o.e.j.w.WebAppContext@711bbb03{hddsDatanode,/,file:///tmp/jetty-0_0_0_0-36789-hdds-container-service-1_3_0-SNAPSHOT_jar-_-any-7223865506165234705/webapp/,AVAILABLE}{jar:file:/home/runner/.m2/repository/org/apache/ozone/hdds-container-service/1.3.0-SNAPSHOT/hdds-container-service-1.3.0-SNAPSHOT.jar!/webapps/hddsDatanode}
2022-08-24 13:28:38,504 [Listener at 127.0.0.1/38251] INFO  server.AbstractConnector (AbstractConnector.java:doStart(331)) - Started ServerConnector@2ebc4fc{HTTP/1.1, (http/1.1)}{0.0.0.0:36789}
2022-08-24 13:28:38,504 [Listener at 127.0.0.1/38251] INFO  server.Server (Server.java:doStart(415)) - Started @8195ms
2022-08-24 13:28:38,504 [Listener at 127.0.0.1/38251] WARN  impl.MetricsSystemImpl (MetricsSystemImpl.java:register(279)) - Sink prometheus already exists!
2022-08-24 13:28:38,505 [Listener at 127.0.0.1/38251] INFO  http.BaseHttpServer (BaseHttpServer.java:updateConnectorAddress(329)) - HTTP server of hddsDatanode listening at http://0.0.0.0:36789
2022-08-24 13:28:38,505 [Listener at 127.0.0.1/38251] WARN  impl.MetricRegistriesImpl (MetricRegistriesImpl.java:addReporterRegistration(111)) - New reporters are added after registries were created. Some metrics will be missing from the reporter. Please add reporter before adding any new registry.
2022-08-24 13:28:38,506 [Listener at 127.0.0.1/38251] WARN  impl.MetricRegistriesImpl (MetricRegistriesImpl.java:addReporterRegistration(111)) - New reporters are added after registries were created. Some metrics will be missing from the reporter. Please add reporter before adding any new registry.
2022-08-24 13:28:38,506 [Listener at 127.0.0.1/38251] INFO  impl.MetricsSystemImpl (MetricsSystemImpl.java:init(158)) - HddsDatanode metrics system started (again)
2022-08-24 13:28:38,520 [Datanode State Machine Daemon Thread] INFO  statemachine.DatanodeStateMachine (DatanodeStateMachine.java:lambda$startDaemon$0(492)) - Ozone container server started.
2022-08-24 13:28:38,534 [Listener at 127.0.0.1/38251] INFO  ozone.HddsDatanodeService (HddsDatanodeService.java:start(236)) - HddsDatanodeService host:fv-az213-422.c2vz3wqhpjau3hcstnyptvmwla.cx.internal.cloudapp.net ip:10.1.1.17
2022-08-24 13:28:38,559 [Listener at 127.0.0.1/38251] INFO  upgrade.AbstractLayoutVersionManager (AbstractLayoutVersionManager.java:init(83)) - Initializing Layout version manager with metadata layout = DATANODE_SCHEMA_V3 (version = 4), software layout = DATANODE_SCHEMA_V3 (version = 4)
2022-08-24 13:28:38,596 [org.apache.hadoop.util.JvmPauseMonitor$Monitor@35884ef0] INFO  util.JvmPauseMonitor (JvmPauseMonitor.java:run(188)) - Starting JVM pause monitor
2022-08-24 13:28:38,615 [Datanode State Machine Task Thread - 0] INFO  datanode.InitDatanodeState (InitDatanodeState.java:persistContainerDatanodeDetails(138)) - DatanodeDetails is persisted to /home/runner/work/ozone/ozone/hadoop-ozone/integration-test/target/test-dir/MiniOzoneClusterImpl-4ec5f5c4-b0ab-4cbf-8465-e18eb8453e4d/datanode-1/meta/datanode.id
2022-08-24 13:28:38,619 [om1@group-C5BA1605619E-SegmentedRaftLogWorker] INFO  segmented.SegmentedRaftLogWorker (SegmentedRaftLogWorker.java:execute(629)) - om1@group-C5BA1605619E-SegmentedRaftLogWorker: created new log segment /home/runner/work/ozone/ozone/hadoop-ozone/integration-test/target/test-dir/MiniOzoneClusterImpl-4ec5f5c4-b0ab-4cbf-8465-e18eb8453e4d/ozone-meta/ratis/bf265839-605b-3f16-9796-c5ba1605619e/current/log_inprogress_0
2022-08-24 13:28:38,634 [Listener at 127.0.0.1/38251] INFO  reflections.Reflections (Reflections.java:scan(232)) - Reflections took 74 ms to scan 7 urls, producing 133 keys and 322 values 
2022-08-24 13:28:38,636 [Listener at 127.0.0.1/38251] INFO  statemachine.DatanodeStateMachine (DatanodeStateMachine.java:getEndPointTaskThreadPoolSize(237)) - Datanode State Machine Task Thread Pool size 2
2022-08-24 13:28:38,638 [Listener at 127.0.0.1/38251] INFO  volume.HddsVolume (HddsVolume.java:<init>(117)) - Creating HddsVolume: /home/runner/work/ozone/ozone/hadoop-ozone/integration-test/target/test-dir/MiniOzoneClusterImpl-4ec5f5c4-b0ab-4cbf-8465-e18eb8453e4d/datanode-2/data-0/containers/hdds of storage type : DISK capacity : 9223372036854775807
2022-08-24 13:28:38,638 [Listener at 127.0.0.1/38251] INFO  volume.MutableVolumeSet (MutableVolumeSet.java:initializeVolumeSet(174)) - Added Volume : /home/runner/work/ozone/ozone/hadoop-ozone/integration-test/target/test-dir/MiniOzoneClusterImpl-4ec5f5c4-b0ab-4cbf-8465-e18eb8453e4d/datanode-2/data-0/containers/hdds to VolumeSet
2022-08-24 13:28:38,638 [Listener at 127.0.0.1/38251] INFO  volume.ThrottledAsyncChecker (ThrottledAsyncChecker.java:schedule(141)) - Scheduling a check for /home/runner/work/ozone/ozone/hadoop-ozone/integration-test/target/test-dir/MiniOzoneClusterImpl-4ec5f5c4-b0ab-4cbf-8465-e18eb8453e4d/datanode-2/data-0/containers/hdds
2022-08-24 13:28:38,639 [Listener at 127.0.0.1/38251] INFO  volume.StorageVolumeChecker (StorageVolumeChecker.java:checkAllVolumes(202)) - Scheduled health check for volume /home/runner/work/ozone/ozone/hadoop-ozone/integration-test/target/test-dir/MiniOzoneClusterImpl-4ec5f5c4-b0ab-4cbf-8465-e18eb8453e4d/datanode-2/data-0/containers/hdds
2022-08-24 13:28:38,649 [Listener at 127.0.0.1/38251] INFO  volume.MutableVolumeSet (MutableVolumeSet.java:initializeVolumeSet(174)) - Added Volume : /home/runner/work/ozone/ozone/hadoop-ozone/integration-test/target/test-dir/MiniOzoneClusterImpl-4ec5f5c4-b0ab-4cbf-8465-e18eb8453e4d/datanode-2/data/ratis to VolumeSet
2022-08-24 13:28:38,649 [Listener at 127.0.0.1/38251] INFO  volume.ThrottledAsyncChecker (ThrottledAsyncChecker.java:schedule(141)) - Scheduling a check for /home/runner/work/ozone/ozone/hadoop-ozone/integration-test/target/test-dir/MiniOzoneClusterImpl-4ec5f5c4-b0ab-4cbf-8465-e18eb8453e4d/datanode-2/data/ratis
2022-08-24 13:28:38,650 [Listener at 127.0.0.1/38251] INFO  volume.StorageVolumeChecker (StorageVolumeChecker.java:checkAllVolumes(202)) - Scheduled health check for volume /home/runner/work/ozone/ozone/hadoop-ozone/integration-test/target/test-dir/MiniOzoneClusterImpl-4ec5f5c4-b0ab-4cbf-8465-e18eb8453e4d/datanode-2/data/ratis
2022-08-24 13:28:38,660 [Thread-164] INFO  ozoneimpl.ContainerReader (ContainerReader.java:readVolume(175)) - Finish verifying containers on volume /home/runner/work/ozone/ozone/hadoop-ozone/integration-test/target/test-dir/MiniOzoneClusterImpl-4ec5f5c4-b0ab-4cbf-8465-e18eb8453e4d/datanode-2/data-0/containers/hdds
2022-08-24 13:28:38,660 [Listener at 127.0.0.1/38251] INFO  ozoneimpl.OzoneContainer (OzoneContainer.java:buildContainerSet(299)) - Build ContainerSet costs 0s
2022-08-24 13:28:38,663 [Listener at 127.0.0.1/38251] INFO  server.RaftServer (ConfUtils.java:logGet(46)) - raft.rpc.type = GRPC (default)
2022-08-24 13:28:38,663 [Listener at 127.0.0.1/38251] INFO  grpc.GrpcFactory (GrpcFactory.java:checkPooledByteBufAllocatorUseCacheForAllThreads(48)) - PERFORMANCE WARNING: useCacheForAllThreads is true that may cause Netty to create a lot garbage objects and, as a result, trigger GC.
	It is recommended to disable useCacheForAllThreads by setting -Dorg.apache.ratis.thirdparty.io.netty.allocator.useCacheForAllThreads=false in command line.
2022-08-24 13:28:38,663 [Listener at 127.0.0.1/38251] INFO  grpc.GrpcConfigKeys (ConfUtils.java:logGet(46)) - raft.grpc.admin.port = 0 (custom)
2022-08-24 13:28:38,663 [Listener at 127.0.0.1/38251] INFO  grpc.GrpcConfigKeys (ConfUtils.java:logGet(46)) - raft.grpc.client.port = 0 (custom)
2022-08-24 13:28:38,663 [Listener at 127.0.0.1/38251] INFO  grpc.GrpcConfigKeys (ConfUtils.java:logGet(46)) - raft.grpc.server.port = 0 (default)
2022-08-24 13:28:38,663 [Listener at 127.0.0.1/38251] INFO  server.GrpcService (ConfUtils.java:logGet(46)) - raft.grpc.message.size.max = 32MB (=33554432) (custom)
2022-08-24 13:28:38,663 [Listener at 127.0.0.1/38251] INFO  server.RaftServerConfigKeys (ConfUtils.java:logGet(46)) - raft.server.log.appender.buffer.byte-limit = 33554432 (custom)
2022-08-24 13:28:38,664 [Listener at 127.0.0.1/38251] INFO  server.GrpcService (ConfUtils.java:logGet(46)) - raft.grpc.flow.control.window = 5MB (=5242880) (custom)
2022-08-24 13:28:38,664 [Listener at 127.0.0.1/38251] INFO  server.RaftServerConfigKeys (ConfUtils.java:logGet(46)) - raft.server.rpc.request.timeout = 60s (custom)
2022-08-24 13:28:38,664 [Listener at 127.0.0.1/38251] INFO  grpc.GrpcConfigKeys (ConfUtils.java:logGet(46)) - raft.grpc.server.async.request.thread.pool.cached = true (default)
2022-08-24 13:28:38,664 [Listener at 127.0.0.1/38251] INFO  grpc.GrpcConfigKeys (ConfUtils.java:logGet(46)) - raft.grpc.server.async.request.thread.pool.size = 32 (default)
2022-08-24 13:28:38,665 [Listener at 127.0.0.1/38251] INFO  impl.DataStreamServerImpl (ConfUtils.java:logGet(46)) - raft.datastream.type = DISABLED (default)
2022-08-24 13:28:38,665 [Listener at 127.0.0.1/38251] INFO  server.RaftServerConfigKeys (ConfUtils.java:logGet(46)) - raft.server.threadpool.proxy.cached = true (default)
2022-08-24 13:28:38,665 [Listener at 127.0.0.1/38251] INFO  server.RaftServerConfigKeys (ConfUtils.java:logGet(46)) - raft.server.threadpool.proxy.size = 0 (default)
2022-08-24 13:28:38,665 [Listener at 127.0.0.1/38251] INFO  server.RaftServerConfigKeys (ConfUtils.java:logGet(46)) - raft.server.rpc.slowness.timeout = 300s (custom)
2022-08-24 13:28:38,665 [Listener at 127.0.0.1/38251] INFO  server.RaftServerConfigKeys (ConfUtils.java:logGet(46)) - raft.server.leaderelection.leader.step-down.wait-time = 10s (default)
2022-08-24 13:28:38,666 [Listener at 127.0.0.1/38251] INFO  server.RaftServerConfigKeys (ConfUtils.java:logGet(46)) - raft.server.storage.dir = [/home/runner/work/ozone/ozone/hadoop-ozone/integration-test/target/test-dir/MiniOzoneClusterImpl-4ec5f5c4-b0ab-4cbf-8465-e18eb8453e4d/datanode-2/data/ratis] (custom)
2022-08-24 13:28:38,672 [Listener at 127.0.0.1/38251] INFO  server.XceiverServerGrpc (XceiverServerGrpc.java:<init>(132)) - GrpcServer channel type EpollServerSocketChannel
2022-08-24 13:28:38,684 [Listener at 127.0.0.1/38251] INFO  http.BaseHttpServer (BaseHttpServer.java:newHttpServer2BuilderForOzone(209)) - Starting Web-server for hddsDatanode at: http://0.0.0.0:0
2022-08-24 13:28:38,686 [Listener at 127.0.0.1/38251] INFO  http.BaseHttpServer (BaseHttpServer.java:<init>(107)) - Hadoop Security Enabled: false Ozone Security Enabled: false Ozone HTTP Security Enabled: false 
2022-08-24 13:28:38,687 [Listener at 127.0.0.1/38251] INFO  server.AuthenticationFilter (AuthenticationFilter.java:constructSecretProvider(240)) - Unable to initialize FileSignerSecretProvider, falling back to use random secrets.
2022-08-24 13:28:38,695 [Listener at 127.0.0.1/38251] WARN  http.HttpRequestLog (HttpRequestLog.java:getRequestLog(103)) - Jetty request log can only be enabled using Log4j
2022-08-24 13:28:38,697 [Listener at 127.0.0.1/38251] INFO  http.HttpServer2 (HttpServer2.java:addGlobalFilter(1029)) - Added global filter 'safety' (class=org.apache.hadoop.hdds.server.http.HttpServer2$QuotingInputFilter)
2022-08-24 13:28:38,697 [Listener at 127.0.0.1/38251] INFO  http.HttpServer2 (HttpServer2.java:addFilter(1005)) - Added filter static_user_filter (class=org.apache.hadoop.http.lib.StaticUserWebFilter$StaticUserFilter) to context hddsDatanode
2022-08-24 13:28:38,697 [Listener at 127.0.0.1/38251] INFO  http.HttpServer2 (HttpServer2.java:addFilter(1013)) - Added filter static_user_filter (class=org.apache.hadoop.http.lib.StaticUserWebFilter$StaticUserFilter) to context static
2022-08-24 13:28:38,698 [Listener at 127.0.0.1/38251] INFO  http.HttpServer2 (HttpServer2.java:addFilter(1013)) - Added filter static_user_filter (class=org.apache.hadoop.http.lib.StaticUserWebFilter$StaticUserFilter) to context logs
2022-08-24 13:28:38,698 [Listener at 127.0.0.1/38251] INFO  http.HttpServer2 (HttpServer2.java:bindListener(1248)) - Jetty bound to port 38001
2022-08-24 13:28:38,698 [Listener at 127.0.0.1/38251] INFO  server.Server (Server.java:doStart(375)) - jetty-9.4.43.v20210629; built: 2021-06-30T11:07:22.254Z; git: 526006ecfa3af7f1a27ef3a288e2bef7ea9dd7e8; jvm 1.8.0_345-b01
2022-08-24 13:28:38,732 [Listener at 127.0.0.1/38251] INFO  server.session (DefaultSessionIdManager.java:doStart(334)) - DefaultSessionIdManager workerName=node0
2022-08-24 13:28:38,733 [Listener at 127.0.0.1/38251] INFO  server.session (DefaultSessionIdManager.java:doStart(339)) - No SessionScavenger set, using defaults
2022-08-24 13:28:38,733 [Listener at 127.0.0.1/38251] INFO  server.session (HouseKeeper.java:startScavenging(132)) - node0 Scavenging every 600000ms
2022-08-24 13:28:38,737 [Listener at 127.0.0.1/38251] INFO  handler.ContextHandler (ContextHandler.java:doStart(915)) - Started o.e.j.s.ServletContextHandler@3905083a{logs,/logs,file:///home/runner/work/ozone/ozone/hadoop-ozone/integration-test/target/log,AVAILABLE}
2022-08-24 13:28:38,737 [Listener at 127.0.0.1/38251] INFO  handler.ContextHandler (ContextHandler.java:doStart(915)) - Started o.e.j.s.ServletContextHandler@8847a1d{static,/static,jar:file:/home/runner/.m2/repository/org/apache/ozone/hdds-container-service/1.3.0-SNAPSHOT/hdds-container-service-1.3.0-SNAPSHOT.jar!/webapps/static,AVAILABLE}
2022-08-24 13:28:38,748 [om1@group-C5BA1605619E-StateMachineUpdater] INFO  ratis.OzoneManagerStateMachine (OzoneManagerStateMachine.java:notifyConfigurationChanged(192)) - Received Configuration change notification from Ratis. New Peer list:
[id: "om1"
address: "localhost:9872"
]
2022-08-24 13:28:38,910 [Listener at 127.0.0.1/38251] INFO  handler.ContextHandler (ContextHandler.java:doStart(915)) - Started o.e.j.w.WebAppContext@4872efad{hddsDatanode,/,file:///tmp/jetty-0_0_0_0-38001-hdds-container-service-1_3_0-SNAPSHOT_jar-_-any-4134984592362504571/webapp/,AVAILABLE}{jar:file:/home/runner/.m2/repository/org/apache/ozone/hdds-container-service/1.3.0-SNAPSHOT/hdds-container-service-1.3.0-SNAPSHOT.jar!/webapps/hddsDatanode}
2022-08-24 13:28:38,911 [Listener at 127.0.0.1/38251] INFO  server.AbstractConnector (AbstractConnector.java:doStart(331)) - Started ServerConnector@8f65a66{HTTP/1.1, (http/1.1)}{0.0.0.0:38001}
2022-08-24 13:28:38,911 [Listener at 127.0.0.1/38251] INFO  server.Server (Server.java:doStart(415)) - Started @8602ms
2022-08-24 13:28:38,911 [Listener at 127.0.0.1/38251] WARN  impl.MetricsSystemImpl (MetricsSystemImpl.java:register(279)) - Sink prometheus already exists!
2022-08-24 13:28:38,912 [Listener at 127.0.0.1/38251] INFO  http.BaseHttpServer (BaseHttpServer.java:updateConnectorAddress(329)) - HTTP server of hddsDatanode listening at http://0.0.0.0:38001
2022-08-24 13:28:38,913 [Datanode State Machine Daemon Thread] INFO  statemachine.DatanodeStateMachine (DatanodeStateMachine.java:lambda$startDaemon$0(492)) - Ozone container server started.
2022-08-24 13:28:38,923 [Listener at 127.0.0.1/38251] WARN  impl.MetricRegistriesImpl (MetricRegistriesImpl.java:addReporterRegistration(111)) - New reporters are added after registries were created. Some metrics will be missing from the reporter. Please add reporter before adding any new registry.
2022-08-24 13:28:38,923 [Listener at 127.0.0.1/38251] WARN  impl.MetricRegistriesImpl (MetricRegistriesImpl.java:addReporterRegistration(111)) - New reporters are added after registries were created. Some metrics will be missing from the reporter. Please add reporter before adding any new registry.
2022-08-24 13:28:38,924 [Listener at 127.0.0.1/38251] INFO  impl.MetricsSystemImpl (MetricsSystemImpl.java:init(158)) - HddsDatanode metrics system started (again)
2022-08-24 13:28:38,923 [org.apache.hadoop.util.JvmPauseMonitor$Monitor@5f1c2068] INFO  util.JvmPauseMonitor (JvmPauseMonitor.java:run(188)) - Starting JVM pause monitor
2022-08-24 13:28:38,935 [Listener at 127.0.0.1/38251] INFO  ozone.HddsDatanodeService (HddsDatanodeService.java:start(236)) - HddsDatanodeService host:fv-az213-422.c2vz3wqhpjau3hcstnyptvmwla.cx.internal.cloudapp.net ip:10.1.1.17
2022-08-24 13:28:38,940 [Datanode State Machine Task Thread - 0] INFO  datanode.InitDatanodeState (InitDatanodeState.java:persistContainerDatanodeDetails(138)) - DatanodeDetails is persisted to /home/runner/work/ozone/ozone/hadoop-ozone/integration-test/target/test-dir/MiniOzoneClusterImpl-4ec5f5c4-b0ab-4cbf-8465-e18eb8453e4d/datanode-2/meta/datanode.id
2022-08-24 13:28:38,954 [Listener at 127.0.0.1/38251] INFO  upgrade.AbstractLayoutVersionManager (AbstractLayoutVersionManager.java:init(83)) - Initializing Layout version manager with metadata layout = DATANODE_SCHEMA_V3 (version = 4), software layout = DATANODE_SCHEMA_V3 (version = 4)
2022-08-24 13:28:38,997 [Listener at 127.0.0.1/38251] INFO  reflections.Reflections (Reflections.java:scan(232)) - Reflections took 42 ms to scan 7 urls, producing 133 keys and 322 values 
2022-08-24 13:28:38,998 [Listener at 127.0.0.1/38251] INFO  statemachine.DatanodeStateMachine (DatanodeStateMachine.java:getEndPointTaskThreadPoolSize(237)) - Datanode State Machine Task Thread Pool size 2
2022-08-24 13:28:39,000 [Listener at 127.0.0.1/38251] INFO  volume.HddsVolume (HddsVolume.java:<init>(117)) - Creating HddsVolume: /home/runner/work/ozone/ozone/hadoop-ozone/integration-test/target/test-dir/MiniOzoneClusterImpl-4ec5f5c4-b0ab-4cbf-8465-e18eb8453e4d/datanode-3/data-0/containers/hdds of storage type : DISK capacity : 9223372036854775807
2022-08-24 13:28:39,000 [Listener at 127.0.0.1/38251] INFO  volume.MutableVolumeSet (MutableVolumeSet.java:initializeVolumeSet(174)) - Added Volume : /home/runner/work/ozone/ozone/hadoop-ozone/integration-test/target/test-dir/MiniOzoneClusterImpl-4ec5f5c4-b0ab-4cbf-8465-e18eb8453e4d/datanode-3/data-0/containers/hdds to VolumeSet
2022-08-24 13:28:39,001 [Listener at 127.0.0.1/38251] INFO  volume.ThrottledAsyncChecker (ThrottledAsyncChecker.java:schedule(141)) - Scheduling a check for /home/runner/work/ozone/ozone/hadoop-ozone/integration-test/target/test-dir/MiniOzoneClusterImpl-4ec5f5c4-b0ab-4cbf-8465-e18eb8453e4d/datanode-3/data-0/containers/hdds
2022-08-24 13:28:39,001 [Listener at 127.0.0.1/38251] INFO  volume.StorageVolumeChecker (StorageVolumeChecker.java:checkAllVolumes(202)) - Scheduled health check for volume /home/runner/work/ozone/ozone/hadoop-ozone/integration-test/target/test-dir/MiniOzoneClusterImpl-4ec5f5c4-b0ab-4cbf-8465-e18eb8453e4d/datanode-3/data-0/containers/hdds
2022-08-24 13:28:39,012 [Listener at 127.0.0.1/38251] INFO  volume.MutableVolumeSet (MutableVolumeSet.java:initializeVolumeSet(174)) - Added Volume : /home/runner/work/ozone/ozone/hadoop-ozone/integration-test/target/test-dir/MiniOzoneClusterImpl-4ec5f5c4-b0ab-4cbf-8465-e18eb8453e4d/datanode-3/data/ratis to VolumeSet
2022-08-24 13:28:39,012 [Listener at 127.0.0.1/38251] INFO  volume.ThrottledAsyncChecker (ThrottledAsyncChecker.java:schedule(141)) - Scheduling a check for /home/runner/work/ozone/ozone/hadoop-ozone/integration-test/target/test-dir/MiniOzoneClusterImpl-4ec5f5c4-b0ab-4cbf-8465-e18eb8453e4d/datanode-3/data/ratis
2022-08-24 13:28:39,013 [Listener at 127.0.0.1/38251] INFO  volume.StorageVolumeChecker (StorageVolumeChecker.java:checkAllVolumes(202)) - Scheduled health check for volume /home/runner/work/ozone/ozone/hadoop-ozone/integration-test/target/test-dir/MiniOzoneClusterImpl-4ec5f5c4-b0ab-4cbf-8465-e18eb8453e4d/datanode-3/data/ratis
2022-08-24 13:28:39,023 [Thread-177] INFO  ozoneimpl.ContainerReader (ContainerReader.java:readVolume(175)) - Finish verifying containers on volume /home/runner/work/ozone/ozone/hadoop-ozone/integration-test/target/test-dir/MiniOzoneClusterImpl-4ec5f5c4-b0ab-4cbf-8465-e18eb8453e4d/datanode-3/data-0/containers/hdds
2022-08-24 13:28:39,023 [Listener at 127.0.0.1/38251] INFO  ozoneimpl.OzoneContainer (OzoneContainer.java:buildContainerSet(299)) - Build ContainerSet costs 0s
2022-08-24 13:28:39,026 [Listener at 127.0.0.1/38251] INFO  server.RaftServer (ConfUtils.java:logGet(46)) - raft.rpc.type = GRPC (default)
2022-08-24 13:28:39,026 [Listener at 127.0.0.1/38251] INFO  grpc.GrpcFactory (GrpcFactory.java:checkPooledByteBufAllocatorUseCacheForAllThreads(48)) - PERFORMANCE WARNING: useCacheForAllThreads is true that may cause Netty to create a lot garbage objects and, as a result, trigger GC.
	It is recommended to disable useCacheForAllThreads by setting -Dorg.apache.ratis.thirdparty.io.netty.allocator.useCacheForAllThreads=false in command line.
2022-08-24 13:28:39,027 [Listener at 127.0.0.1/38251] INFO  grpc.GrpcConfigKeys (ConfUtils.java:logGet(46)) - raft.grpc.admin.port = 0 (custom)
2022-08-24 13:28:39,027 [Listener at 127.0.0.1/38251] INFO  grpc.GrpcConfigKeys (ConfUtils.java:logGet(46)) - raft.grpc.client.port = 0 (custom)
2022-08-24 13:28:39,027 [Listener at 127.0.0.1/38251] INFO  grpc.GrpcConfigKeys (ConfUtils.java:logGet(46)) - raft.grpc.server.port = 0 (default)
2022-08-24 13:28:39,027 [Listener at 127.0.0.1/38251] INFO  server.GrpcService (ConfUtils.java:logGet(46)) - raft.grpc.message.size.max = 32MB (=33554432) (custom)
2022-08-24 13:28:39,027 [Listener at 127.0.0.1/38251] INFO  server.RaftServerConfigKeys (ConfUtils.java:logGet(46)) - raft.server.log.appender.buffer.byte-limit = 33554432 (custom)
2022-08-24 13:28:39,027 [Listener at 127.0.0.1/38251] INFO  server.GrpcService (ConfUtils.java:logGet(46)) - raft.grpc.flow.control.window = 5MB (=5242880) (custom)
2022-08-24 13:28:39,027 [Listener at 127.0.0.1/38251] INFO  server.RaftServerConfigKeys (ConfUtils.java:logGet(46)) - raft.server.rpc.request.timeout = 60s (custom)
2022-08-24 13:28:39,027 [Listener at 127.0.0.1/38251] INFO  grpc.GrpcConfigKeys (ConfUtils.java:logGet(46)) - raft.grpc.server.async.request.thread.pool.cached = true (default)
2022-08-24 13:28:39,028 [Listener at 127.0.0.1/38251] INFO  grpc.GrpcConfigKeys (ConfUtils.java:logGet(46)) - raft.grpc.server.async.request.thread.pool.size = 32 (default)
2022-08-24 13:28:39,029 [Listener at 127.0.0.1/38251] INFO  impl.DataStreamServerImpl (ConfUtils.java:logGet(46)) - raft.datastream.type = DISABLED (default)
2022-08-24 13:28:39,029 [Listener at 127.0.0.1/38251] INFO  server.RaftServerConfigKeys (ConfUtils.java:logGet(46)) - raft.server.threadpool.proxy.cached = true (default)
2022-08-24 13:28:39,029 [Listener at 127.0.0.1/38251] INFO  server.RaftServerConfigKeys (ConfUtils.java:logGet(46)) - raft.server.threadpool.proxy.size = 0 (default)
2022-08-24 13:28:39,029 [Listener at 127.0.0.1/38251] INFO  server.RaftServerConfigKeys (ConfUtils.java:logGet(46)) - raft.server.rpc.slowness.timeout = 300s (custom)
2022-08-24 13:28:39,029 [Listener at 127.0.0.1/38251] INFO  server.RaftServerConfigKeys (ConfUtils.java:logGet(46)) - raft.server.leaderelection.leader.step-down.wait-time = 10s (default)
2022-08-24 13:28:39,029 [Listener at 127.0.0.1/38251] INFO  server.RaftServerConfigKeys (ConfUtils.java:logGet(46)) - raft.server.storage.dir = [/home/runner/work/ozone/ozone/hadoop-ozone/integration-test/target/test-dir/MiniOzoneClusterImpl-4ec5f5c4-b0ab-4cbf-8465-e18eb8453e4d/datanode-3/data/ratis] (custom)
2022-08-24 13:28:39,032 [Listener at 127.0.0.1/38251] INFO  server.XceiverServerGrpc (XceiverServerGrpc.java:<init>(132)) - GrpcServer channel type EpollServerSocketChannel
2022-08-24 13:28:39,040 [Listener at 127.0.0.1/38251] INFO  http.BaseHttpServer (BaseHttpServer.java:newHttpServer2BuilderForOzone(209)) - Starting Web-server for hddsDatanode at: http://0.0.0.0:0
2022-08-24 13:28:39,040 [Listener at 127.0.0.1/38251] INFO  http.BaseHttpServer (BaseHttpServer.java:<init>(107)) - Hadoop Security Enabled: false Ozone Security Enabled: false Ozone HTTP Security Enabled: false 
2022-08-24 13:28:39,041 [Listener at 127.0.0.1/38251] INFO  server.AuthenticationFilter (AuthenticationFilter.java:constructSecretProvider(240)) - Unable to initialize FileSignerSecretProvider, falling back to use random secrets.
2022-08-24 13:28:39,042 [Listener at 127.0.0.1/38251] WARN  http.HttpRequestLog (HttpRequestLog.java:getRequestLog(103)) - Jetty request log can only be enabled using Log4j
2022-08-24 13:28:39,043 [Listener at 127.0.0.1/38251] INFO  http.HttpServer2 (HttpServer2.java:addGlobalFilter(1029)) - Added global filter 'safety' (class=org.apache.hadoop.hdds.server.http.HttpServer2$QuotingInputFilter)
2022-08-24 13:28:39,044 [Listener at 127.0.0.1/38251] INFO  http.HttpServer2 (HttpServer2.java:addFilter(1005)) - Added filter static_user_filter (class=org.apache.hadoop.http.lib.StaticUserWebFilter$StaticUserFilter) to context hddsDatanode
2022-08-24 13:28:39,044 [Listener at 127.0.0.1/38251] INFO  http.HttpServer2 (HttpServer2.java:addFilter(1013)) - Added filter static_user_filter (class=org.apache.hadoop.http.lib.StaticUserWebFilter$StaticUserFilter) to context static
2022-08-24 13:28:39,044 [Listener at 127.0.0.1/38251] INFO  http.HttpServer2 (HttpServer2.java:addFilter(1013)) - Added filter static_user_filter (class=org.apache.hadoop.http.lib.StaticUserWebFilter$StaticUserFilter) to context logs
2022-08-24 13:28:39,044 [Listener at 127.0.0.1/38251] INFO  http.HttpServer2 (HttpServer2.java:bindListener(1248)) - Jetty bound to port 42065
2022-08-24 13:28:39,044 [Listener at 127.0.0.1/38251] INFO  server.Server (Server.java:doStart(375)) - jetty-9.4.43.v20210629; built: 2021-06-30T11:07:22.254Z; git: 526006ecfa3af7f1a27ef3a288e2bef7ea9dd7e8; jvm 1.8.0_345-b01
2022-08-24 13:28:39,047 [Listener at 127.0.0.1/38251] INFO  server.session (DefaultSessionIdManager.java:doStart(334)) - DefaultSessionIdManager workerName=node0
2022-08-24 13:28:39,047 [Listener at 127.0.0.1/38251] INFO  server.session (DefaultSessionIdManager.java:doStart(339)) - No SessionScavenger set, using defaults
2022-08-24 13:28:39,047 [Listener at 127.0.0.1/38251] INFO  server.session (HouseKeeper.java:startScavenging(132)) - node0 Scavenging every 600000ms
2022-08-24 13:28:39,048 [Listener at 127.0.0.1/38251] INFO  handler.ContextHandler (ContextHandler.java:doStart(915)) - Started o.e.j.s.ServletContextHandler@552c6d99{logs,/logs,file:///home/runner/work/ozone/ozone/hadoop-ozone/integration-test/target/log,AVAILABLE}
2022-08-24 13:28:39,048 [Listener at 127.0.0.1/38251] INFO  handler.ContextHandler (ContextHandler.java:doStart(915)) - Started o.e.j.s.ServletContextHandler@4f4dd56c{static,/static,jar:file:/home/runner/.m2/repository/org/apache/ozone/hdds-container-service/1.3.0-SNAPSHOT/hdds-container-service-1.3.0-SNAPSHOT.jar!/webapps/static,AVAILABLE}
2022-08-24 13:28:39,219 [Listener at 127.0.0.1/38251] INFO  handler.ContextHandler (ContextHandler.java:doStart(915)) - Started o.e.j.w.WebAppContext@29295f4e{hddsDatanode,/,file:///tmp/jetty-0_0_0_0-42065-hdds-container-service-1_3_0-SNAPSHOT_jar-_-any-957070917996162186/webapp/,AVAILABLE}{jar:file:/home/runner/.m2/repository/org/apache/ozone/hdds-container-service/1.3.0-SNAPSHOT/hdds-container-service-1.3.0-SNAPSHOT.jar!/webapps/hddsDatanode}
2022-08-24 13:28:39,220 [Listener at 127.0.0.1/38251] INFO  server.AbstractConnector (AbstractConnector.java:doStart(331)) - Started ServerConnector@3c9e7377{HTTP/1.1, (http/1.1)}{0.0.0.0:42065}
2022-08-24 13:28:39,220 [Listener at 127.0.0.1/38251] INFO  server.Server (Server.java:doStart(415)) - Started @8911ms
2022-08-24 13:28:39,221 [Listener at 127.0.0.1/38251] WARN  impl.MetricsSystemImpl (MetricsSystemImpl.java:register(279)) - Sink prometheus already exists!
2022-08-24 13:28:39,221 [Listener at 127.0.0.1/38251] INFO  http.BaseHttpServer (BaseHttpServer.java:updateConnectorAddress(329)) - HTTP server of hddsDatanode listening at http://0.0.0.0:42065
2022-08-24 13:28:39,222 [Listener at 127.0.0.1/38251] WARN  impl.MetricRegistriesImpl (MetricRegistriesImpl.java:addReporterRegistration(111)) - New reporters are added after registries were created. Some metrics will be missing from the reporter. Please add reporter before adding any new registry.
2022-08-24 13:28:39,222 [Listener at 127.0.0.1/38251] WARN  impl.MetricRegistriesImpl (MetricRegistriesImpl.java:addReporterRegistration(111)) - New reporters are added after registries were created. Some metrics will be missing from the reporter. Please add reporter before adding any new registry.
2022-08-24 13:28:39,222 [Listener at 127.0.0.1/38251] INFO  impl.MetricsSystemImpl (MetricsSystemImpl.java:init(158)) - HddsDatanode metrics system started (again)
2022-08-24 13:28:39,231 [Datanode State Machine Daemon Thread] INFO  statemachine.DatanodeStateMachine (DatanodeStateMachine.java:lambda$startDaemon$0(492)) - Ozone container server started.
2022-08-24 13:28:39,234 [Listener at 127.0.0.1/38251] INFO  ozone.HddsDatanodeService (HddsDatanodeService.java:start(236)) - HddsDatanodeService host:fv-az213-422.c2vz3wqhpjau3hcstnyptvmwla.cx.internal.cloudapp.net ip:10.1.1.17
2022-08-24 13:28:39,248 [org.apache.hadoop.util.JvmPauseMonitor$Monitor@53337b24] INFO  util.JvmPauseMonitor (JvmPauseMonitor.java:run(188)) - Starting JVM pause monitor
2022-08-24 13:28:39,255 [Datanode State Machine Task Thread - 0] INFO  datanode.InitDatanodeState (InitDatanodeState.java:persistContainerDatanodeDetails(138)) - DatanodeDetails is persisted to /home/runner/work/ozone/ozone/hadoop-ozone/integration-test/target/test-dir/MiniOzoneClusterImpl-4ec5f5c4-b0ab-4cbf-8465-e18eb8453e4d/datanode-3/meta/datanode.id
2022-08-24 13:28:39,260 [Listener at 127.0.0.1/38251] INFO  upgrade.AbstractLayoutVersionManager (AbstractLayoutVersionManager.java:init(83)) - Initializing Layout version manager with metadata layout = DATANODE_SCHEMA_V3 (version = 4), software layout = DATANODE_SCHEMA_V3 (version = 4)
2022-08-24 13:28:39,302 [Listener at 127.0.0.1/38251] INFO  reflections.Reflections (Reflections.java:scan(232)) - Reflections took 41 ms to scan 7 urls, producing 133 keys and 322 values 
2022-08-24 13:28:39,304 [Listener at 127.0.0.1/38251] INFO  statemachine.DatanodeStateMachine (DatanodeStateMachine.java:getEndPointTaskThreadPoolSize(237)) - Datanode State Machine Task Thread Pool size 2
2022-08-24 13:28:39,306 [Listener at 127.0.0.1/38251] INFO  volume.HddsVolume (HddsVolume.java:<init>(117)) - Creating HddsVolume: /home/runner/work/ozone/ozone/hadoop-ozone/integration-test/target/test-dir/MiniOzoneClusterImpl-4ec5f5c4-b0ab-4cbf-8465-e18eb8453e4d/datanode-4/data-0/containers/hdds of storage type : DISK capacity : 9223372036854775807
2022-08-24 13:28:39,306 [Listener at 127.0.0.1/38251] INFO  volume.MutableVolumeSet (MutableVolumeSet.java:initializeVolumeSet(174)) - Added Volume : /home/runner/work/ozone/ozone/hadoop-ozone/integration-test/target/test-dir/MiniOzoneClusterImpl-4ec5f5c4-b0ab-4cbf-8465-e18eb8453e4d/datanode-4/data-0/containers/hdds to VolumeSet
2022-08-24 13:28:39,306 [Listener at 127.0.0.1/38251] INFO  volume.ThrottledAsyncChecker (ThrottledAsyncChecker.java:schedule(141)) - Scheduling a check for /home/runner/work/ozone/ozone/hadoop-ozone/integration-test/target/test-dir/MiniOzoneClusterImpl-4ec5f5c4-b0ab-4cbf-8465-e18eb8453e4d/datanode-4/data-0/containers/hdds
2022-08-24 13:28:39,307 [Listener at 127.0.0.1/38251] INFO  volume.StorageVolumeChecker (StorageVolumeChecker.java:checkAllVolumes(202)) - Scheduled health check for volume /home/runner/work/ozone/ozone/hadoop-ozone/integration-test/target/test-dir/MiniOzoneClusterImpl-4ec5f5c4-b0ab-4cbf-8465-e18eb8453e4d/datanode-4/data-0/containers/hdds
2022-08-24 13:28:39,318 [Listener at 127.0.0.1/38251] INFO  volume.MutableVolumeSet (MutableVolumeSet.java:initializeVolumeSet(174)) - Added Volume : /home/runner/work/ozone/ozone/hadoop-ozone/integration-test/target/test-dir/MiniOzoneClusterImpl-4ec5f5c4-b0ab-4cbf-8465-e18eb8453e4d/datanode-4/data/ratis to VolumeSet
2022-08-24 13:28:39,318 [Listener at 127.0.0.1/38251] INFO  volume.ThrottledAsyncChecker (ThrottledAsyncChecker.java:schedule(141)) - Scheduling a check for /home/runner/work/ozone/ozone/hadoop-ozone/integration-test/target/test-dir/MiniOzoneClusterImpl-4ec5f5c4-b0ab-4cbf-8465-e18eb8453e4d/datanode-4/data/ratis
2022-08-24 13:28:39,318 [Listener at 127.0.0.1/38251] INFO  volume.StorageVolumeChecker (StorageVolumeChecker.java:checkAllVolumes(202)) - Scheduled health check for volume /home/runner/work/ozone/ozone/hadoop-ozone/integration-test/target/test-dir/MiniOzoneClusterImpl-4ec5f5c4-b0ab-4cbf-8465-e18eb8453e4d/datanode-4/data/ratis
2022-08-24 13:28:39,331 [Thread-190] INFO  ozoneimpl.ContainerReader (ContainerReader.java:readVolume(175)) - Finish verifying containers on volume /home/runner/work/ozone/ozone/hadoop-ozone/integration-test/target/test-dir/MiniOzoneClusterImpl-4ec5f5c4-b0ab-4cbf-8465-e18eb8453e4d/datanode-4/data-0/containers/hdds
2022-08-24 13:28:39,331 [Listener at 127.0.0.1/38251] INFO  ozoneimpl.OzoneContainer (OzoneContainer.java:buildContainerSet(299)) - Build ContainerSet costs 0s
2022-08-24 13:28:39,334 [Listener at 127.0.0.1/38251] INFO  server.RaftServer (ConfUtils.java:logGet(46)) - raft.rpc.type = GRPC (default)
2022-08-24 13:28:39,334 [Listener at 127.0.0.1/38251] INFO  grpc.GrpcFactory (GrpcFactory.java:checkPooledByteBufAllocatorUseCacheForAllThreads(48)) - PERFORMANCE WARNING: useCacheForAllThreads is true that may cause Netty to create a lot garbage objects and, as a result, trigger GC.
	It is recommended to disable useCacheForAllThreads by setting -Dorg.apache.ratis.thirdparty.io.netty.allocator.useCacheForAllThreads=false in command line.
2022-08-24 13:28:39,335 [Listener at 127.0.0.1/38251] INFO  grpc.GrpcConfigKeys (ConfUtils.java:logGet(46)) - raft.grpc.admin.port = 0 (custom)
2022-08-24 13:28:39,335 [Listener at 127.0.0.1/38251] INFO  grpc.GrpcConfigKeys (ConfUtils.java:logGet(46)) - raft.grpc.client.port = 0 (custom)
2022-08-24 13:28:39,335 [Listener at 127.0.0.1/38251] INFO  grpc.GrpcConfigKeys (ConfUtils.java:logGet(46)) - raft.grpc.server.port = 0 (default)
2022-08-24 13:28:39,335 [Listener at 127.0.0.1/38251] INFO  server.GrpcService (ConfUtils.java:logGet(46)) - raft.grpc.message.size.max = 32MB (=33554432) (custom)
2022-08-24 13:28:39,335 [Listener at 127.0.0.1/38251] INFO  server.RaftServerConfigKeys (ConfUtils.java:logGet(46)) - raft.server.log.appender.buffer.byte-limit = 33554432 (custom)
2022-08-24 13:28:39,335 [Listener at 127.0.0.1/38251] INFO  server.GrpcService (ConfUtils.java:logGet(46)) - raft.grpc.flow.control.window = 5MB (=5242880) (custom)
2022-08-24 13:28:39,335 [Listener at 127.0.0.1/38251] INFO  server.RaftServerConfigKeys (ConfUtils.java:logGet(46)) - raft.server.rpc.request.timeout = 60s (custom)
2022-08-24 13:28:39,335 [Listener at 127.0.0.1/38251] INFO  grpc.GrpcConfigKeys (ConfUtils.java:logGet(46)) - raft.grpc.server.async.request.thread.pool.cached = true (default)
2022-08-24 13:28:39,335 [Listener at 127.0.0.1/38251] INFO  grpc.GrpcConfigKeys (ConfUtils.java:logGet(46)) - raft.grpc.server.async.request.thread.pool.size = 32 (default)
2022-08-24 13:28:39,337 [Listener at 127.0.0.1/38251] INFO  impl.DataStreamServerImpl (ConfUtils.java:logGet(46)) - raft.datastream.type = DISABLED (default)
2022-08-24 13:28:39,337 [Listener at 127.0.0.1/38251] INFO  server.RaftServerConfigKeys (ConfUtils.java:logGet(46)) - raft.server.threadpool.proxy.cached = true (default)
2022-08-24 13:28:39,337 [Listener at 127.0.0.1/38251] INFO  server.RaftServerConfigKeys (ConfUtils.java:logGet(46)) - raft.server.threadpool.proxy.size = 0 (default)
2022-08-24 13:28:39,337 [Listener at 127.0.0.1/38251] INFO  server.RaftServerConfigKeys (ConfUtils.java:logGet(46)) - raft.server.rpc.slowness.timeout = 300s (custom)
2022-08-24 13:28:39,337 [Listener at 127.0.0.1/38251] INFO  server.RaftServerConfigKeys (ConfUtils.java:logGet(46)) - raft.server.leaderelection.leader.step-down.wait-time = 10s (default)
2022-08-24 13:28:39,337 [Listener at 127.0.0.1/38251] INFO  server.RaftServerConfigKeys (ConfUtils.java:logGet(46)) - raft.server.storage.dir = [/home/runner/work/ozone/ozone/hadoop-ozone/integration-test/target/test-dir/MiniOzoneClusterImpl-4ec5f5c4-b0ab-4cbf-8465-e18eb8453e4d/datanode-4/data/ratis] (custom)
2022-08-24 13:28:39,342 [Listener at 127.0.0.1/38251] INFO  server.XceiverServerGrpc (XceiverServerGrpc.java:<init>(132)) - GrpcServer channel type EpollServerSocketChannel
2022-08-24 13:28:39,345 [Listener at 127.0.0.1/38251] INFO  http.BaseHttpServer (BaseHttpServer.java:newHttpServer2BuilderForOzone(209)) - Starting Web-server for hddsDatanode at: http://0.0.0.0:0
2022-08-24 13:28:39,345 [Listener at 127.0.0.1/38251] INFO  http.BaseHttpServer (BaseHttpServer.java:<init>(107)) - Hadoop Security Enabled: false Ozone Security Enabled: false Ozone HTTP Security Enabled: false 
2022-08-24 13:28:39,347 [Listener at 127.0.0.1/38251] INFO  server.AuthenticationFilter (AuthenticationFilter.java:constructSecretProvider(240)) - Unable to initialize FileSignerSecretProvider, falling back to use random secrets.
2022-08-24 13:28:39,347 [Listener at 127.0.0.1/38251] WARN  http.HttpRequestLog (HttpRequestLog.java:getRequestLog(103)) - Jetty request log can only be enabled using Log4j
2022-08-24 13:28:39,348 [Listener at 127.0.0.1/38251] INFO  http.HttpServer2 (HttpServer2.java:addGlobalFilter(1029)) - Added global filter 'safety' (class=org.apache.hadoop.hdds.server.http.HttpServer2$QuotingInputFilter)
2022-08-24 13:28:39,349 [Listener at 127.0.0.1/38251] INFO  http.HttpServer2 (HttpServer2.java:addFilter(1005)) - Added filter static_user_filter (class=org.apache.hadoop.http.lib.StaticUserWebFilter$StaticUserFilter) to context hddsDatanode
2022-08-24 13:28:39,349 [Listener at 127.0.0.1/38251] INFO  http.HttpServer2 (HttpServer2.java:addFilter(1013)) - Added filter static_user_filter (class=org.apache.hadoop.http.lib.StaticUserWebFilter$StaticUserFilter) to context static
2022-08-24 13:28:39,349 [Listener at 127.0.0.1/38251] INFO  http.HttpServer2 (HttpServer2.java:addFilter(1013)) - Added filter static_user_filter (class=org.apache.hadoop.http.lib.StaticUserWebFilter$StaticUserFilter) to context logs
2022-08-24 13:28:39,350 [Listener at 127.0.0.1/38251] INFO  http.HttpServer2 (HttpServer2.java:bindListener(1248)) - Jetty bound to port 39661
2022-08-24 13:28:39,350 [Listener at 127.0.0.1/38251] INFO  server.Server (Server.java:doStart(375)) - jetty-9.4.43.v20210629; built: 2021-06-30T11:07:22.254Z; git: 526006ecfa3af7f1a27ef3a288e2bef7ea9dd7e8; jvm 1.8.0_345-b01
2022-08-24 13:28:39,356 [Listener at 127.0.0.1/38251] INFO  server.session (DefaultSessionIdManager.java:doStart(334)) - DefaultSessionIdManager workerName=node0
2022-08-24 13:28:39,356 [Listener at 127.0.0.1/38251] INFO  server.session (DefaultSessionIdManager.java:doStart(339)) - No SessionScavenger set, using defaults
2022-08-24 13:28:39,356 [Listener at 127.0.0.1/38251] INFO  server.session (HouseKeeper.java:startScavenging(132)) - node0 Scavenging every 660000ms
2022-08-24 13:28:39,357 [Listener at 127.0.0.1/38251] INFO  handler.ContextHandler (ContextHandler.java:doStart(915)) - Started o.e.j.s.ServletContextHandler@37ad86cb{logs,/logs,file:///home/runner/work/ozone/ozone/hadoop-ozone/integration-test/target/log,AVAILABLE}
2022-08-24 13:28:39,357 [Listener at 127.0.0.1/38251] INFO  handler.ContextHandler (ContextHandler.java:doStart(915)) - Started o.e.j.s.ServletContextHandler@2a2fda9e{static,/static,jar:file:/home/runner/.m2/repository/org/apache/ozone/hdds-container-service/1.3.0-SNAPSHOT/hdds-container-service-1.3.0-SNAPSHOT.jar!/webapps/static,AVAILABLE}
2022-08-24 13:28:39,526 [Listener at 127.0.0.1/38251] INFO  handler.ContextHandler (ContextHandler.java:doStart(915)) - Started o.e.j.w.WebAppContext@6c77a801{hddsDatanode,/,file:///tmp/jetty-0_0_0_0-39661-hdds-container-service-1_3_0-SNAPSHOT_jar-_-any-4400801311904954337/webapp/,AVAILABLE}{jar:file:/home/runner/.m2/repository/org/apache/ozone/hdds-container-service/1.3.0-SNAPSHOT/hdds-container-service-1.3.0-SNAPSHOT.jar!/webapps/hddsDatanode}
2022-08-24 13:28:39,527 [Listener at 127.0.0.1/38251] INFO  server.AbstractConnector (AbstractConnector.java:doStart(331)) - Started ServerConnector@3e1e7aa2{HTTP/1.1, (http/1.1)}{0.0.0.0:39661}
2022-08-24 13:28:39,527 [Listener at 127.0.0.1/38251] INFO  server.Server (Server.java:doStart(415)) - Started @9218ms
2022-08-24 13:28:39,527 [Listener at 127.0.0.1/38251] WARN  impl.MetricsSystemImpl (MetricsSystemImpl.java:register(279)) - Sink prometheus already exists!
2022-08-24 13:28:39,528 [Listener at 127.0.0.1/38251] INFO  http.BaseHttpServer (BaseHttpServer.java:updateConnectorAddress(329)) - HTTP server of hddsDatanode listening at http://0.0.0.0:39661
2022-08-24 13:28:39,528 [Datanode State Machine Daemon Thread] INFO  statemachine.DatanodeStateMachine (DatanodeStateMachine.java:lambda$startDaemon$0(492)) - Ozone container server started.
2022-08-24 13:28:39,528 [Listener at 127.0.0.1/38251] WARN  impl.MetricRegistriesImpl (MetricRegistriesImpl.java:addReporterRegistration(111)) - New reporters are added after registries were created. Some metrics will be missing from the reporter. Please add reporter before adding any new registry.
2022-08-24 13:28:39,529 [Listener at 127.0.0.1/38251] WARN  impl.MetricRegistriesImpl (MetricRegistriesImpl.java:addReporterRegistration(111)) - New reporters are added after registries were created. Some metrics will be missing from the reporter. Please add reporter before adding any new registry.
2022-08-24 13:28:39,529 [Listener at 127.0.0.1/38251] INFO  impl.MetricsSystemImpl (MetricsSystemImpl.java:init(158)) - HddsDatanode metrics system started (again)
2022-08-24 13:28:39,540 [Listener at 127.0.0.1/38251] INFO  ozone.HddsDatanodeService (HddsDatanodeService.java:start(236)) - HddsDatanodeService host:fv-az213-422.c2vz3wqhpjau3hcstnyptvmwla.cx.internal.cloudapp.net ip:10.1.1.17
2022-08-24 13:28:39,552 [org.apache.hadoop.util.JvmPauseMonitor$Monitor@8053f7e] INFO  util.JvmPauseMonitor (JvmPauseMonitor.java:run(188)) - Starting JVM pause monitor
2022-08-24 13:28:39,557 [Datanode State Machine Task Thread - 0] INFO  datanode.InitDatanodeState (InitDatanodeState.java:persistContainerDatanodeDetails(138)) - DatanodeDetails is persisted to /home/runner/work/ozone/ozone/hadoop-ozone/integration-test/target/test-dir/MiniOzoneClusterImpl-4ec5f5c4-b0ab-4cbf-8465-e18eb8453e4d/datanode-4/meta/datanode.id
2022-08-24 13:28:39,560 [Listener at 127.0.0.1/38251] INFO  upgrade.AbstractLayoutVersionManager (AbstractLayoutVersionManager.java:init(83)) - Initializing Layout version manager with metadata layout = DATANODE_SCHEMA_V3 (version = 4), software layout = DATANODE_SCHEMA_V3 (version = 4)
2022-08-24 13:28:39,603 [Listener at 127.0.0.1/38251] INFO  reflections.Reflections (Reflections.java:scan(232)) - Reflections took 42 ms to scan 7 urls, producing 133 keys and 322 values 
2022-08-24 13:28:39,604 [Listener at 127.0.0.1/38251] INFO  statemachine.DatanodeStateMachine (DatanodeStateMachine.java:getEndPointTaskThreadPoolSize(237)) - Datanode State Machine Task Thread Pool size 2
2022-08-24 13:28:39,606 [Listener at 127.0.0.1/38251] INFO  volume.HddsVolume (HddsVolume.java:<init>(117)) - Creating HddsVolume: /home/runner/work/ozone/ozone/hadoop-ozone/integration-test/target/test-dir/MiniOzoneClusterImpl-4ec5f5c4-b0ab-4cbf-8465-e18eb8453e4d/datanode-5/data-0/containers/hdds of storage type : DISK capacity : 9223372036854775807
2022-08-24 13:28:39,606 [Listener at 127.0.0.1/38251] INFO  volume.MutableVolumeSet (MutableVolumeSet.java:initializeVolumeSet(174)) - Added Volume : /home/runner/work/ozone/ozone/hadoop-ozone/integration-test/target/test-dir/MiniOzoneClusterImpl-4ec5f5c4-b0ab-4cbf-8465-e18eb8453e4d/datanode-5/data-0/containers/hdds to VolumeSet
2022-08-24 13:28:39,606 [Listener at 127.0.0.1/38251] INFO  volume.ThrottledAsyncChecker (ThrottledAsyncChecker.java:schedule(141)) - Scheduling a check for /home/runner/work/ozone/ozone/hadoop-ozone/integration-test/target/test-dir/MiniOzoneClusterImpl-4ec5f5c4-b0ab-4cbf-8465-e18eb8453e4d/datanode-5/data-0/containers/hdds
2022-08-24 13:28:39,611 [Listener at 127.0.0.1/38251] INFO  volume.StorageVolumeChecker (StorageVolumeChecker.java:checkAllVolumes(202)) - Scheduled health check for volume /home/runner/work/ozone/ozone/hadoop-ozone/integration-test/target/test-dir/MiniOzoneClusterImpl-4ec5f5c4-b0ab-4cbf-8465-e18eb8453e4d/datanode-5/data-0/containers/hdds
2022-08-24 13:28:39,623 [Listener at 127.0.0.1/38251] INFO  volume.MutableVolumeSet (MutableVolumeSet.java:initializeVolumeSet(174)) - Added Volume : /home/runner/work/ozone/ozone/hadoop-ozone/integration-test/target/test-dir/MiniOzoneClusterImpl-4ec5f5c4-b0ab-4cbf-8465-e18eb8453e4d/datanode-5/data/ratis to VolumeSet
2022-08-24 13:28:39,623 [Listener at 127.0.0.1/38251] INFO  volume.ThrottledAsyncChecker (ThrottledAsyncChecker.java:schedule(141)) - Scheduling a check for /home/runner/work/ozone/ozone/hadoop-ozone/integration-test/target/test-dir/MiniOzoneClusterImpl-4ec5f5c4-b0ab-4cbf-8465-e18eb8453e4d/datanode-5/data/ratis
2022-08-24 13:28:39,623 [Listener at 127.0.0.1/38251] INFO  volume.StorageVolumeChecker (StorageVolumeChecker.java:checkAllVolumes(202)) - Scheduled health check for volume /home/runner/work/ozone/ozone/hadoop-ozone/integration-test/target/test-dir/MiniOzoneClusterImpl-4ec5f5c4-b0ab-4cbf-8465-e18eb8453e4d/datanode-5/data/ratis
2022-08-24 13:28:39,634 [Thread-203] INFO  ozoneimpl.ContainerReader (ContainerReader.java:readVolume(175)) - Finish verifying containers on volume /home/runner/work/ozone/ozone/hadoop-ozone/integration-test/target/test-dir/MiniOzoneClusterImpl-4ec5f5c4-b0ab-4cbf-8465-e18eb8453e4d/datanode-5/data-0/containers/hdds
2022-08-24 13:28:39,634 [Listener at 127.0.0.1/38251] INFO  ozoneimpl.OzoneContainer (OzoneContainer.java:buildContainerSet(299)) - Build ContainerSet costs 0s
2022-08-24 13:28:39,637 [Listener at 127.0.0.1/38251] INFO  server.RaftServer (ConfUtils.java:logGet(46)) - raft.rpc.type = GRPC (default)
2022-08-24 13:28:39,637 [Listener at 127.0.0.1/38251] INFO  grpc.GrpcFactory (GrpcFactory.java:checkPooledByteBufAllocatorUseCacheForAllThreads(48)) - PERFORMANCE WARNING: useCacheForAllThreads is true that may cause Netty to create a lot garbage objects and, as a result, trigger GC.
	It is recommended to disable useCacheForAllThreads by setting -Dorg.apache.ratis.thirdparty.io.netty.allocator.useCacheForAllThreads=false in command line.
2022-08-24 13:28:39,637 [Listener at 127.0.0.1/38251] INFO  grpc.GrpcConfigKeys (ConfUtils.java:logGet(46)) - raft.grpc.admin.port = 0 (custom)
2022-08-24 13:28:39,637 [Listener at 127.0.0.1/38251] INFO  grpc.GrpcConfigKeys (ConfUtils.java:logGet(46)) - raft.grpc.client.port = 0 (custom)
2022-08-24 13:28:39,637 [Listener at 127.0.0.1/38251] INFO  grpc.GrpcConfigKeys (ConfUtils.java:logGet(46)) - raft.grpc.server.port = 0 (default)
2022-08-24 13:28:39,637 [Listener at 127.0.0.1/38251] INFO  server.GrpcService (ConfUtils.java:logGet(46)) - raft.grpc.message.size.max = 32MB (=33554432) (custom)
2022-08-24 13:28:39,638 [Listener at 127.0.0.1/38251] INFO  server.RaftServerConfigKeys (ConfUtils.java:logGet(46)) - raft.server.log.appender.buffer.byte-limit = 33554432 (custom)
2022-08-24 13:28:39,638 [Listener at 127.0.0.1/38251] INFO  server.GrpcService (ConfUtils.java:logGet(46)) - raft.grpc.flow.control.window = 5MB (=5242880) (custom)
2022-08-24 13:28:39,638 [Listener at 127.0.0.1/38251] INFO  server.RaftServerConfigKeys (ConfUtils.java:logGet(46)) - raft.server.rpc.request.timeout = 60s (custom)
2022-08-24 13:28:39,638 [Listener at 127.0.0.1/38251] INFO  grpc.GrpcConfigKeys (ConfUtils.java:logGet(46)) - raft.grpc.server.async.request.thread.pool.cached = true (default)
2022-08-24 13:28:39,638 [Listener at 127.0.0.1/38251] INFO  grpc.GrpcConfigKeys (ConfUtils.java:logGet(46)) - raft.grpc.server.async.request.thread.pool.size = 32 (default)
2022-08-24 13:28:39,639 [Listener at 127.0.0.1/38251] INFO  impl.DataStreamServerImpl (ConfUtils.java:logGet(46)) - raft.datastream.type = DISABLED (default)
2022-08-24 13:28:39,640 [Listener at 127.0.0.1/38251] INFO  server.RaftServerConfigKeys (ConfUtils.java:logGet(46)) - raft.server.threadpool.proxy.cached = true (default)
2022-08-24 13:28:39,640 [Listener at 127.0.0.1/38251] INFO  server.RaftServerConfigKeys (ConfUtils.java:logGet(46)) - raft.server.threadpool.proxy.size = 0 (default)
2022-08-24 13:28:39,640 [Listener at 127.0.0.1/38251] INFO  server.RaftServerConfigKeys (ConfUtils.java:logGet(46)) - raft.server.rpc.slowness.timeout = 300s (custom)
2022-08-24 13:28:39,640 [Listener at 127.0.0.1/38251] INFO  server.RaftServerConfigKeys (ConfUtils.java:logGet(46)) - raft.server.leaderelection.leader.step-down.wait-time = 10s (default)
2022-08-24 13:28:39,641 [Listener at 127.0.0.1/38251] INFO  server.RaftServerConfigKeys (ConfUtils.java:logGet(46)) - raft.server.storage.dir = [/home/runner/work/ozone/ozone/hadoop-ozone/integration-test/target/test-dir/MiniOzoneClusterImpl-4ec5f5c4-b0ab-4cbf-8465-e18eb8453e4d/datanode-5/data/ratis] (custom)
2022-08-24 13:28:39,642 [Listener at 127.0.0.1/38251] INFO  server.XceiverServerGrpc (XceiverServerGrpc.java:<init>(132)) - GrpcServer channel type EpollServerSocketChannel
2022-08-24 13:28:39,645 [Listener at 127.0.0.1/38251] INFO  http.BaseHttpServer (BaseHttpServer.java:newHttpServer2BuilderForOzone(209)) - Starting Web-server for hddsDatanode at: http://0.0.0.0:0
2022-08-24 13:28:39,645 [Listener at 127.0.0.1/38251] INFO  http.BaseHttpServer (BaseHttpServer.java:<init>(107)) - Hadoop Security Enabled: false Ozone Security Enabled: false Ozone HTTP Security Enabled: false 
2022-08-24 13:28:39,646 [Listener at 127.0.0.1/38251] INFO  server.AuthenticationFilter (AuthenticationFilter.java:constructSecretProvider(240)) - Unable to initialize FileSignerSecretProvider, falling back to use random secrets.
2022-08-24 13:28:39,647 [Listener at 127.0.0.1/38251] WARN  http.HttpRequestLog (HttpRequestLog.java:getRequestLog(103)) - Jetty request log can only be enabled using Log4j
2022-08-24 13:28:39,648 [Listener at 127.0.0.1/38251] INFO  http.HttpServer2 (HttpServer2.java:addGlobalFilter(1029)) - Added global filter 'safety' (class=org.apache.hadoop.hdds.server.http.HttpServer2$QuotingInputFilter)
2022-08-24 13:28:39,649 [Listener at 127.0.0.1/38251] INFO  http.HttpServer2 (HttpServer2.java:addFilter(1005)) - Added filter static_user_filter (class=org.apache.hadoop.http.lib.StaticUserWebFilter$StaticUserFilter) to context hddsDatanode
2022-08-24 13:28:39,649 [Listener at 127.0.0.1/38251] INFO  http.HttpServer2 (HttpServer2.java:addFilter(1013)) - Added filter static_user_filter (class=org.apache.hadoop.http.lib.StaticUserWebFilter$StaticUserFilter) to context static
2022-08-24 13:28:39,649 [Listener at 127.0.0.1/38251] INFO  http.HttpServer2 (HttpServer2.java:addFilter(1013)) - Added filter static_user_filter (class=org.apache.hadoop.http.lib.StaticUserWebFilter$StaticUserFilter) to context logs
2022-08-24 13:28:39,649 [Listener at 127.0.0.1/38251] INFO  http.HttpServer2 (HttpServer2.java:bindListener(1248)) - Jetty bound to port 38455
2022-08-24 13:28:39,649 [Listener at 127.0.0.1/38251] INFO  server.Server (Server.java:doStart(375)) - jetty-9.4.43.v20210629; built: 2021-06-30T11:07:22.254Z; git: 526006ecfa3af7f1a27ef3a288e2bef7ea9dd7e8; jvm 1.8.0_345-b01
2022-08-24 13:28:39,650 [Listener at 127.0.0.1/38251] INFO  server.session (DefaultSessionIdManager.java:doStart(334)) - DefaultSessionIdManager workerName=node0
2022-08-24 13:28:39,650 [Listener at 127.0.0.1/38251] INFO  server.session (DefaultSessionIdManager.java:doStart(339)) - No SessionScavenger set, using defaults
2022-08-24 13:28:39,651 [Listener at 127.0.0.1/38251] INFO  server.session (HouseKeeper.java:startScavenging(132)) - node0 Scavenging every 600000ms
2022-08-24 13:28:39,653 [Listener at 127.0.0.1/38251] INFO  handler.ContextHandler (ContextHandler.java:doStart(915)) - Started o.e.j.s.ServletContextHandler@1d7f6ec1{logs,/logs,file:///home/runner/work/ozone/ozone/hadoop-ozone/integration-test/target/log,AVAILABLE}
2022-08-24 13:28:39,653 [Listener at 127.0.0.1/38251] INFO  handler.ContextHandler (ContextHandler.java:doStart(915)) - Started o.e.j.s.ServletContextHandler@47714dd6{static,/static,jar:file:/home/runner/.m2/repository/org/apache/ozone/hdds-container-service/1.3.0-SNAPSHOT/hdds-container-service-1.3.0-SNAPSHOT.jar!/webapps/static,AVAILABLE}
2022-08-24 13:28:39,824 [Listener at 127.0.0.1/38251] INFO  handler.ContextHandler (ContextHandler.java:doStart(915)) - Started o.e.j.w.WebAppContext@25fd3379{hddsDatanode,/,file:///tmp/jetty-0_0_0_0-38455-hdds-container-service-1_3_0-SNAPSHOT_jar-_-any-1542546768021388667/webapp/,AVAILABLE}{jar:file:/home/runner/.m2/repository/org/apache/ozone/hdds-container-service/1.3.0-SNAPSHOT/hdds-container-service-1.3.0-SNAPSHOT.jar!/webapps/hddsDatanode}
2022-08-24 13:28:39,825 [Listener at 127.0.0.1/38251] INFO  server.AbstractConnector (AbstractConnector.java:doStart(331)) - Started ServerConnector@6171125d{HTTP/1.1, (http/1.1)}{0.0.0.0:38455}
2022-08-24 13:28:39,825 [Listener at 127.0.0.1/38251] INFO  server.Server (Server.java:doStart(415)) - Started @9516ms
2022-08-24 13:28:39,825 [Listener at 127.0.0.1/38251] WARN  impl.MetricsSystemImpl (MetricsSystemImpl.java:register(279)) - Sink prometheus already exists!
2022-08-24 13:28:39,826 [Listener at 127.0.0.1/38251] INFO  http.BaseHttpServer (BaseHttpServer.java:updateConnectorAddress(329)) - HTTP server of hddsDatanode listening at http://0.0.0.0:38455
2022-08-24 13:28:39,826 [Datanode State Machine Daemon Thread] INFO  statemachine.DatanodeStateMachine (DatanodeStateMachine.java:lambda$startDaemon$0(492)) - Ozone container server started.
2022-08-24 13:28:39,828 [Listener at 127.0.0.1/38251] WARN  impl.MetricRegistriesImpl (MetricRegistriesImpl.java:addReporterRegistration(111)) - New reporters are added after registries were created. Some metrics will be missing from the reporter. Please add reporter before adding any new registry.
2022-08-24 13:28:39,828 [Listener at 127.0.0.1/38251] WARN  impl.MetricRegistriesImpl (MetricRegistriesImpl.java:addReporterRegistration(111)) - New reporters are added after registries were created. Some metrics will be missing from the reporter. Please add reporter before adding any new registry.
2022-08-24 13:28:39,828 [Listener at 127.0.0.1/38251] INFO  impl.MetricsSystemImpl (MetricsSystemImpl.java:init(158)) - HddsDatanode metrics system started (again)
2022-08-24 13:28:39,835 [org.apache.hadoop.util.JvmPauseMonitor$Monitor@37bd23d3] INFO  util.JvmPauseMonitor (JvmPauseMonitor.java:run(188)) - Starting JVM pause monitor
2022-08-24 13:28:39,839 [Datanode State Machine Task Thread - 0] INFO  datanode.InitDatanodeState (InitDatanodeState.java:persistContainerDatanodeDetails(138)) - DatanodeDetails is persisted to /home/runner/work/ozone/ozone/hadoop-ozone/integration-test/target/test-dir/MiniOzoneClusterImpl-4ec5f5c4-b0ab-4cbf-8465-e18eb8453e4d/datanode-5/meta/datanode.id
2022-08-24 13:28:39,840 [Listener at 127.0.0.1/38251] INFO  ozone.HddsDatanodeService (HddsDatanodeService.java:start(236)) - HddsDatanodeService host:fv-az213-422.c2vz3wqhpjau3hcstnyptvmwla.cx.internal.cloudapp.net ip:10.1.1.17
2022-08-24 13:28:39,854 [Listener at 127.0.0.1/38251] INFO  upgrade.AbstractLayoutVersionManager (AbstractLayoutVersionManager.java:init(83)) - Initializing Layout version manager with metadata layout = DATANODE_SCHEMA_V3 (version = 4), software layout = DATANODE_SCHEMA_V3 (version = 4)
2022-08-24 13:28:39,931 [Listener at 127.0.0.1/38251] INFO  reflections.Reflections (Reflections.java:scan(232)) - Reflections took 76 ms to scan 7 urls, producing 133 keys and 322 values 
2022-08-24 13:28:39,932 [Listener at 127.0.0.1/38251] INFO  statemachine.DatanodeStateMachine (DatanodeStateMachine.java:getEndPointTaskThreadPoolSize(237)) - Datanode State Machine Task Thread Pool size 2
2022-08-24 13:28:39,934 [Listener at 127.0.0.1/38251] INFO  volume.HddsVolume (HddsVolume.java:<init>(117)) - Creating HddsVolume: /home/runner/work/ozone/ozone/hadoop-ozone/integration-test/target/test-dir/MiniOzoneClusterImpl-4ec5f5c4-b0ab-4cbf-8465-e18eb8453e4d/datanode-6/data-0/containers/hdds of storage type : DISK capacity : 9223372036854775807
2022-08-24 13:28:39,934 [Listener at 127.0.0.1/38251] INFO  volume.MutableVolumeSet (MutableVolumeSet.java:initializeVolumeSet(174)) - Added Volume : /home/runner/work/ozone/ozone/hadoop-ozone/integration-test/target/test-dir/MiniOzoneClusterImpl-4ec5f5c4-b0ab-4cbf-8465-e18eb8453e4d/datanode-6/data-0/containers/hdds to VolumeSet
2022-08-24 13:28:39,934 [Listener at 127.0.0.1/38251] INFO  volume.ThrottledAsyncChecker (ThrottledAsyncChecker.java:schedule(141)) - Scheduling a check for /home/runner/work/ozone/ozone/hadoop-ozone/integration-test/target/test-dir/MiniOzoneClusterImpl-4ec5f5c4-b0ab-4cbf-8465-e18eb8453e4d/datanode-6/data-0/containers/hdds
2022-08-24 13:28:39,943 [Listener at 127.0.0.1/38251] INFO  volume.StorageVolumeChecker (StorageVolumeChecker.java:checkAllVolumes(202)) - Scheduled health check for volume /home/runner/work/ozone/ozone/hadoop-ozone/integration-test/target/test-dir/MiniOzoneClusterImpl-4ec5f5c4-b0ab-4cbf-8465-e18eb8453e4d/datanode-6/data-0/containers/hdds
2022-08-24 13:28:39,962 [Listener at 127.0.0.1/38251] INFO  volume.MutableVolumeSet (MutableVolumeSet.java:initializeVolumeSet(174)) - Added Volume : /home/runner/work/ozone/ozone/hadoop-ozone/integration-test/target/test-dir/MiniOzoneClusterImpl-4ec5f5c4-b0ab-4cbf-8465-e18eb8453e4d/datanode-6/data/ratis to VolumeSet
2022-08-24 13:28:39,962 [Listener at 127.0.0.1/38251] INFO  volume.ThrottledAsyncChecker (ThrottledAsyncChecker.java:schedule(141)) - Scheduling a check for /home/runner/work/ozone/ozone/hadoop-ozone/integration-test/target/test-dir/MiniOzoneClusterImpl-4ec5f5c4-b0ab-4cbf-8465-e18eb8453e4d/datanode-6/data/ratis
2022-08-24 13:28:39,963 [Listener at 127.0.0.1/38251] INFO  volume.StorageVolumeChecker (StorageVolumeChecker.java:checkAllVolumes(202)) - Scheduled health check for volume /home/runner/work/ozone/ozone/hadoop-ozone/integration-test/target/test-dir/MiniOzoneClusterImpl-4ec5f5c4-b0ab-4cbf-8465-e18eb8453e4d/datanode-6/data/ratis
2022-08-24 13:28:39,982 [Thread-216] INFO  ozoneimpl.ContainerReader (ContainerReader.java:readVolume(175)) - Finish verifying containers on volume /home/runner/work/ozone/ozone/hadoop-ozone/integration-test/target/test-dir/MiniOzoneClusterImpl-4ec5f5c4-b0ab-4cbf-8465-e18eb8453e4d/datanode-6/data-0/containers/hdds
2022-08-24 13:28:39,982 [Listener at 127.0.0.1/38251] INFO  ozoneimpl.OzoneContainer (OzoneContainer.java:buildContainerSet(299)) - Build ContainerSet costs 0s
2022-08-24 13:28:39,989 [Listener at 127.0.0.1/38251] INFO  server.RaftServer (ConfUtils.java:logGet(46)) - raft.rpc.type = GRPC (default)
2022-08-24 13:28:39,989 [Listener at 127.0.0.1/38251] INFO  grpc.GrpcFactory (GrpcFactory.java:checkPooledByteBufAllocatorUseCacheForAllThreads(48)) - PERFORMANCE WARNING: useCacheForAllThreads is true that may cause Netty to create a lot garbage objects and, as a result, trigger GC.
	It is recommended to disable useCacheForAllThreads by setting -Dorg.apache.ratis.thirdparty.io.netty.allocator.useCacheForAllThreads=false in command line.
2022-08-24 13:28:39,989 [Listener at 127.0.0.1/38251] INFO  grpc.GrpcConfigKeys (ConfUtils.java:logGet(46)) - raft.grpc.admin.port = 0 (custom)
2022-08-24 13:28:39,989 [Listener at 127.0.0.1/38251] INFO  grpc.GrpcConfigKeys (ConfUtils.java:logGet(46)) - raft.grpc.client.port = 0 (custom)
2022-08-24 13:28:39,990 [Listener at 127.0.0.1/38251] INFO  grpc.GrpcConfigKeys (ConfUtils.java:logGet(46)) - raft.grpc.server.port = 0 (default)
2022-08-24 13:28:39,990 [Listener at 127.0.0.1/38251] INFO  server.GrpcService (ConfUtils.java:logGet(46)) - raft.grpc.message.size.max = 32MB (=33554432) (custom)
2022-08-24 13:28:39,990 [Listener at 127.0.0.1/38251] INFO  server.RaftServerConfigKeys (ConfUtils.java:logGet(46)) - raft.server.log.appender.buffer.byte-limit = 33554432 (custom)
2022-08-24 13:28:39,990 [Listener at 127.0.0.1/38251] INFO  server.GrpcService (ConfUtils.java:logGet(46)) - raft.grpc.flow.control.window = 5MB (=5242880) (custom)
2022-08-24 13:28:39,990 [Listener at 127.0.0.1/38251] INFO  server.RaftServerConfigKeys (ConfUtils.java:logGet(46)) - raft.server.rpc.request.timeout = 60s (custom)
2022-08-24 13:28:39,990 [Listener at 127.0.0.1/38251] INFO  grpc.GrpcConfigKeys (ConfUtils.java:logGet(46)) - raft.grpc.server.async.request.thread.pool.cached = true (default)
2022-08-24 13:28:39,990 [Listener at 127.0.0.1/38251] INFO  grpc.GrpcConfigKeys (ConfUtils.java:logGet(46)) - raft.grpc.server.async.request.thread.pool.size = 32 (default)
2022-08-24 13:28:39,991 [Listener at 127.0.0.1/38251] INFO  impl.DataStreamServerImpl (ConfUtils.java:logGet(46)) - raft.datastream.type = DISABLED (default)
2022-08-24 13:28:39,991 [Listener at 127.0.0.1/38251] INFO  server.RaftServerConfigKeys (ConfUtils.java:logGet(46)) - raft.server.threadpool.proxy.cached = true (default)
2022-08-24 13:28:39,992 [Listener at 127.0.0.1/38251] INFO  server.RaftServerConfigKeys (ConfUtils.java:logGet(46)) - raft.server.threadpool.proxy.size = 0 (default)
2022-08-24 13:28:39,992 [Listener at 127.0.0.1/38251] INFO  server.RaftServerConfigKeys (ConfUtils.java:logGet(46)) - raft.server.rpc.slowness.timeout = 300s (custom)
2022-08-24 13:28:39,992 [Listener at 127.0.0.1/38251] INFO  server.RaftServerConfigKeys (ConfUtils.java:logGet(46)) - raft.server.leaderelection.leader.step-down.wait-time = 10s (default)
2022-08-24 13:28:39,992 [Listener at 127.0.0.1/38251] INFO  server.RaftServerConfigKeys (ConfUtils.java:logGet(46)) - raft.server.storage.dir = [/home/runner/work/ozone/ozone/hadoop-ozone/integration-test/target/test-dir/MiniOzoneClusterImpl-4ec5f5c4-b0ab-4cbf-8465-e18eb8453e4d/datanode-6/data/ratis] (custom)
2022-08-24 13:28:39,993 [Listener at 127.0.0.1/38251] INFO  server.XceiverServerGrpc (XceiverServerGrpc.java:<init>(132)) - GrpcServer channel type EpollServerSocketChannel
2022-08-24 13:28:39,996 [Listener at 127.0.0.1/38251] INFO  http.BaseHttpServer (BaseHttpServer.java:newHttpServer2BuilderForOzone(209)) - Starting Web-server for hddsDatanode at: http://0.0.0.0:0
2022-08-24 13:28:39,996 [Listener at 127.0.0.1/38251] INFO  http.BaseHttpServer (BaseHttpServer.java:<init>(107)) - Hadoop Security Enabled: false Ozone Security Enabled: false Ozone HTTP Security Enabled: false 
2022-08-24 13:28:39,997 [Listener at 127.0.0.1/38251] INFO  server.AuthenticationFilter (AuthenticationFilter.java:constructSecretProvider(240)) - Unable to initialize FileSignerSecretProvider, falling back to use random secrets.
2022-08-24 13:28:39,999 [Listener at 127.0.0.1/38251] WARN  http.HttpRequestLog (HttpRequestLog.java:getRequestLog(103)) - Jetty request log can only be enabled using Log4j
2022-08-24 13:28:40,000 [Listener at 127.0.0.1/38251] INFO  http.HttpServer2 (HttpServer2.java:addGlobalFilter(1029)) - Added global filter 'safety' (class=org.apache.hadoop.hdds.server.http.HttpServer2$QuotingInputFilter)
2022-08-24 13:28:40,001 [Listener at 127.0.0.1/38251] INFO  http.HttpServer2 (HttpServer2.java:addFilter(1005)) - Added filter static_user_filter (class=org.apache.hadoop.http.lib.StaticUserWebFilter$StaticUserFilter) to context hddsDatanode
2022-08-24 13:28:40,001 [Listener at 127.0.0.1/38251] INFO  http.HttpServer2 (HttpServer2.java:addFilter(1013)) - Added filter static_user_filter (class=org.apache.hadoop.http.lib.StaticUserWebFilter$StaticUserFilter) to context logs
2022-08-24 13:28:40,001 [Listener at 127.0.0.1/38251] INFO  http.HttpServer2 (HttpServer2.java:addFilter(1013)) - Added filter static_user_filter (class=org.apache.hadoop.http.lib.StaticUserWebFilter$StaticUserFilter) to context static
2022-08-24 13:28:40,002 [Listener at 127.0.0.1/38251] INFO  http.HttpServer2 (HttpServer2.java:bindListener(1248)) - Jetty bound to port 42899
2022-08-24 13:28:40,002 [Listener at 127.0.0.1/38251] INFO  server.Server (Server.java:doStart(375)) - jetty-9.4.43.v20210629; built: 2021-06-30T11:07:22.254Z; git: 526006ecfa3af7f1a27ef3a288e2bef7ea9dd7e8; jvm 1.8.0_345-b01
2022-08-24 13:28:40,004 [Listener at 127.0.0.1/38251] INFO  server.session (DefaultSessionIdManager.java:doStart(334)) - DefaultSessionIdManager workerName=node0
2022-08-24 13:28:40,004 [Listener at 127.0.0.1/38251] INFO  server.session (DefaultSessionIdManager.java:doStart(339)) - No SessionScavenger set, using defaults
2022-08-24 13:28:40,004 [Listener at 127.0.0.1/38251] INFO  server.session (HouseKeeper.java:startScavenging(132)) - node0 Scavenging every 660000ms
2022-08-24 13:28:40,005 [Listener at 127.0.0.1/38251] INFO  handler.ContextHandler (ContextHandler.java:doStart(915)) - Started o.e.j.s.ServletContextHandler@4b378607{logs,/logs,file:///home/runner/work/ozone/ozone/hadoop-ozone/integration-test/target/log,AVAILABLE}
2022-08-24 13:28:40,005 [Listener at 127.0.0.1/38251] INFO  handler.ContextHandler (ContextHandler.java:doStart(915)) - Started o.e.j.s.ServletContextHandler@7a80c5b3{static,/static,jar:file:/home/runner/.m2/repository/org/apache/ozone/hdds-container-service/1.3.0-SNAPSHOT/hdds-container-service-1.3.0-SNAPSHOT.jar!/webapps/static,AVAILABLE}
2022-08-24 13:28:40,184 [Listener at 127.0.0.1/38251] INFO  handler.ContextHandler (ContextHandler.java:doStart(915)) - Started o.e.j.w.WebAppContext@2062f5ea{hddsDatanode,/,file:///tmp/jetty-0_0_0_0-42899-hdds-container-service-1_3_0-SNAPSHOT_jar-_-any-2412234651422476469/webapp/,AVAILABLE}{jar:file:/home/runner/.m2/repository/org/apache/ozone/hdds-container-service/1.3.0-SNAPSHOT/hdds-container-service-1.3.0-SNAPSHOT.jar!/webapps/hddsDatanode}
2022-08-24 13:28:40,188 [Listener at 127.0.0.1/38251] INFO  server.AbstractConnector (AbstractConnector.java:doStart(331)) - Started ServerConnector@1085a882{HTTP/1.1, (http/1.1)}{0.0.0.0:42899}
2022-08-24 13:28:40,189 [Listener at 127.0.0.1/38251] INFO  server.Server (Server.java:doStart(415)) - Started @9879ms
2022-08-24 13:28:40,189 [Listener at 127.0.0.1/38251] WARN  impl.MetricsSystemImpl (MetricsSystemImpl.java:register(279)) - Sink prometheus already exists!
2022-08-24 13:28:40,189 [Listener at 127.0.0.1/38251] INFO  http.BaseHttpServer (BaseHttpServer.java:updateConnectorAddress(329)) - HTTP server of hddsDatanode listening at http://0.0.0.0:42899
2022-08-24 13:28:40,191 [Listener at 127.0.0.1/38251] INFO  ozone.MiniOzoneClusterImpl (MiniOzoneClusterImpl.java:lambda$waitForClusterToBeReady$0(216)) - Waiting for nodes to be ready. Got 0 of 7 DN Heartbeats.
2022-08-24 13:28:40,192 [Listener at 127.0.0.1/38251] INFO  ozone.MiniOzoneClusterImpl (MiniOzoneClusterImpl.java:lambda$waitForClusterToBeReady$0(219)) - Waiting for cluster to exit safe mode
2022-08-24 13:28:40,192 [Listener at 127.0.0.1/38251] INFO  ozone.MiniOzoneClusterImpl (MiniOzoneClusterImpl.java:lambda$waitForClusterToBeReady$0(221)) - SCM became leader
2022-08-24 13:28:40,192 [Datanode State Machine Daemon Thread] INFO  statemachine.DatanodeStateMachine (DatanodeStateMachine.java:lambda$startDaemon$0(492)) - Ozone container server started.
2022-08-24 13:28:40,220 [org.apache.hadoop.util.JvmPauseMonitor$Monitor@7c6aa022] INFO  util.JvmPauseMonitor (JvmPauseMonitor.java:run(188)) - Starting JVM pause monitor
2022-08-24 13:28:40,217 [EndpointStateMachine task thread for /0.0.0.0:40099 - 0 ] INFO  volume.HddsVolume (HddsVolume.java:createDbStore(310)) - SchemaV3 db is created and loaded at /home/runner/work/ozone/ozone/hadoop-ozone/integration-test/target/test-dir/MiniOzoneClusterImpl-4ec5f5c4-b0ab-4cbf-8465-e18eb8453e4d/datanode-0/data-0/containers/hdds/4ec5f5c4-b0ab-4cbf-8465-e18eb8453e4d/DS-3a09d32c-998a-45f5-a29f-39b5005d5b70/container.db for volume DS-3a09d32c-998a-45f5-a29f-39b5005d5b70
2022-08-24 13:28:40,222 [EndpointStateMachine task thread for /0.0.0.0:40099 - 0 ] INFO  volume.HddsVolume (HddsVolume.java:closeDbStore(341)) - SchemaV3 db is stopped at /home/runner/work/ozone/ozone/hadoop-ozone/integration-test/target/test-dir/MiniOzoneClusterImpl-4ec5f5c4-b0ab-4cbf-8465-e18eb8453e4d/datanode-0/data-0/containers/hdds/4ec5f5c4-b0ab-4cbf-8465-e18eb8453e4d/DS-3a09d32c-998a-45f5-a29f-39b5005d5b70/container.db for volume DS-3a09d32c-998a-45f5-a29f-39b5005d5b70
2022-08-24 13:28:40,223 [EndpointStateMachine task thread for /0.0.0.0:40099 - 0 ] INFO  ozoneimpl.OzoneContainer (OzoneContainer.java:start(377)) - Attempting to start container services.
2022-08-24 13:28:40,230 [Datanode State Machine Task Thread - 0] INFO  datanode.InitDatanodeState (InitDatanodeState.java:persistContainerDatanodeDetails(138)) - DatanodeDetails is persisted to /home/runner/work/ozone/ozone/hadoop-ozone/integration-test/target/test-dir/MiniOzoneClusterImpl-4ec5f5c4-b0ab-4cbf-8465-e18eb8453e4d/datanode-6/meta/datanode.id
2022-08-24 13:28:40,232 [EndpointStateMachine task thread for /0.0.0.0:40099 - 0 ] INFO  ozoneimpl.OzoneContainer (OzoneContainer.java:startContainerScrub(312)) - Background container scanner has been disabled.
2022-08-24 13:28:40,236 [EndpointStateMachine task thread for /0.0.0.0:40099 - 0 ] INFO  replication.ReplicationServer (ReplicationServer.java:start(111)) - ReplicationServer is started using port 42659
2022-08-24 13:28:40,239 [EndpointStateMachine task thread for /0.0.0.0:40099 - 0 ] INFO  ratis.XceiverServerRatis (XceiverServerRatis.java:start(481)) - Starting XceiverServerRatis 92e9f449-3c32-4f52-ab73-c65c98a3a92b
2022-08-24 13:28:40,239 [EndpointStateMachine task thread for /0.0.0.0:40099 - 0 ] INFO  server.RaftServer (RaftServerProxy.java:lambda$start$6(382)) - 92e9f449-3c32-4f52-ab73-c65c98a3a92b: start RPC server
2022-08-24 13:28:40,241 [EndpointStateMachine task thread for /0.0.0.0:40099 - 0 ] INFO  server.GrpcService (GrpcService.java:startImpl(260)) - 92e9f449-3c32-4f52-ab73-c65c98a3a92b: GrpcService started, listening on 34651
2022-08-24 13:28:40,242 [EndpointStateMachine task thread for /0.0.0.0:40099 - 0 ] INFO  ratis.XceiverServerRatis (XceiverServerRatis.java:getRealPort(502)) - XceiverServerRatis 92e9f449-3c32-4f52-ab73-c65c98a3a92b is started using port 34651 for RATIS
2022-08-24 13:28:40,242 [EndpointStateMachine task thread for /0.0.0.0:40099 - 0 ] INFO  ratis.XceiverServerRatis (XceiverServerRatis.java:getRealPort(502)) - XceiverServerRatis 92e9f449-3c32-4f52-ab73-c65c98a3a92b is started using port 34651 for RATIS_ADMIN
2022-08-24 13:28:40,242 [EndpointStateMachine task thread for /0.0.0.0:40099 - 0 ] INFO  ratis.XceiverServerRatis (XceiverServerRatis.java:getRealPort(502)) - XceiverServerRatis 92e9f449-3c32-4f52-ab73-c65c98a3a92b is started using port 34651 for RATIS_SERVER
2022-08-24 13:28:40,242 [org.apache.ratis.util.JvmPauseMonitor$$Lambda$620/346551037@6adfdedc] INFO  util.JvmPauseMonitor (JvmPauseMonitor.java:run(103)) - JvmPauseMonitor-92e9f449-3c32-4f52-ab73-c65c98a3a92b: Started
2022-08-24 13:28:40,244 [EndpointStateMachine task thread for /0.0.0.0:40099 - 0 ] INFO  server.XceiverServerGrpc (XceiverServerGrpc.java:start(180)) - XceiverServerGrpc 92e9f449-3c32-4f52-ab73-c65c98a3a92b is started using port 43793
2022-08-24 13:28:40,622 [EndpointStateMachine task thread for /0.0.0.0:40099 - 0 ] INFO  volume.HddsVolume (HddsVolume.java:createDbStore(310)) - SchemaV3 db is created and loaded at /home/runner/work/ozone/ozone/hadoop-ozone/integration-test/target/test-dir/MiniOzoneClusterImpl-4ec5f5c4-b0ab-4cbf-8465-e18eb8453e4d/datanode-1/data-0/containers/hdds/4ec5f5c4-b0ab-4cbf-8465-e18eb8453e4d/DS-8eb575ab-8bc1-438d-a6e0-b439d83ae636/container.db for volume DS-8eb575ab-8bc1-438d-a6e0-b439d83ae636
2022-08-24 13:28:40,622 [EndpointStateMachine task thread for /0.0.0.0:40099 - 0 ] INFO  volume.HddsVolume (HddsVolume.java:closeDbStore(341)) - SchemaV3 db is stopped at /home/runner/work/ozone/ozone/hadoop-ozone/integration-test/target/test-dir/MiniOzoneClusterImpl-4ec5f5c4-b0ab-4cbf-8465-e18eb8453e4d/datanode-1/data-0/containers/hdds/4ec5f5c4-b0ab-4cbf-8465-e18eb8453e4d/DS-8eb575ab-8bc1-438d-a6e0-b439d83ae636/container.db for volume DS-8eb575ab-8bc1-438d-a6e0-b439d83ae636
2022-08-24 13:28:40,622 [EndpointStateMachine task thread for /0.0.0.0:40099 - 0 ] INFO  ozoneimpl.OzoneContainer (OzoneContainer.java:start(377)) - Attempting to start container services.
2022-08-24 13:28:40,622 [EndpointStateMachine task thread for /0.0.0.0:40099 - 0 ] INFO  ozoneimpl.OzoneContainer (OzoneContainer.java:startContainerScrub(312)) - Background container scanner has been disabled.
2022-08-24 13:28:40,629 [EndpointStateMachine task thread for /0.0.0.0:40099 - 0 ] INFO  replication.ReplicationServer (ReplicationServer.java:start(111)) - ReplicationServer is started using port 34205
2022-08-24 13:28:40,630 [EndpointStateMachine task thread for /0.0.0.0:40099 - 0 ] INFO  ratis.XceiverServerRatis (XceiverServerRatis.java:start(481)) - Starting XceiverServerRatis 5e001fdb-1723-4ba3-822b-ce1b40bc3aba
2022-08-24 13:28:40,631 [EndpointStateMachine task thread for /0.0.0.0:40099 - 0 ] INFO  server.RaftServer (RaftServerProxy.java:lambda$start$6(382)) - 5e001fdb-1723-4ba3-822b-ce1b40bc3aba: start RPC server
2022-08-24 13:28:40,632 [EndpointStateMachine task thread for /0.0.0.0:40099 - 0 ] INFO  server.GrpcService (GrpcService.java:startImpl(260)) - 5e001fdb-1723-4ba3-822b-ce1b40bc3aba: GrpcService started, listening on 46401
2022-08-24 13:28:40,633 [EndpointStateMachine task thread for /0.0.0.0:40099 - 0 ] INFO  ratis.XceiverServerRatis (XceiverServerRatis.java:getRealPort(502)) - XceiverServerRatis 5e001fdb-1723-4ba3-822b-ce1b40bc3aba is started using port 46401 for RATIS
2022-08-24 13:28:40,633 [EndpointStateMachine task thread for /0.0.0.0:40099 - 0 ] INFO  ratis.XceiverServerRatis (XceiverServerRatis.java:getRealPort(502)) - XceiverServerRatis 5e001fdb-1723-4ba3-822b-ce1b40bc3aba is started using port 46401 for RATIS_ADMIN
2022-08-24 13:28:40,633 [EndpointStateMachine task thread for /0.0.0.0:40099 - 0 ] INFO  ratis.XceiverServerRatis (XceiverServerRatis.java:getRealPort(502)) - XceiverServerRatis 5e001fdb-1723-4ba3-822b-ce1b40bc3aba is started using port 46401 for RATIS_SERVER
2022-08-24 13:28:40,633 [org.apache.ratis.util.JvmPauseMonitor$$Lambda$620/346551037@515e0234] INFO  util.JvmPauseMonitor (JvmPauseMonitor.java:run(103)) - JvmPauseMonitor-5e001fdb-1723-4ba3-822b-ce1b40bc3aba: Started
2022-08-24 13:28:40,634 [EndpointStateMachine task thread for /0.0.0.0:40099 - 0 ] INFO  server.XceiverServerGrpc (XceiverServerGrpc.java:start(180)) - XceiverServerGrpc 5e001fdb-1723-4ba3-822b-ce1b40bc3aba is started using port 35633
2022-08-24 13:28:40,950 [EndpointStateMachine task thread for /0.0.0.0:40099 - 0 ] INFO  volume.HddsVolume (HddsVolume.java:createDbStore(310)) - SchemaV3 db is created and loaded at /home/runner/work/ozone/ozone/hadoop-ozone/integration-test/target/test-dir/MiniOzoneClusterImpl-4ec5f5c4-b0ab-4cbf-8465-e18eb8453e4d/datanode-2/data-0/containers/hdds/4ec5f5c4-b0ab-4cbf-8465-e18eb8453e4d/DS-10eb20c6-2e13-45ba-acf2-1bbe97ad6365/container.db for volume DS-10eb20c6-2e13-45ba-acf2-1bbe97ad6365
2022-08-24 13:28:40,951 [EndpointStateMachine task thread for /0.0.0.0:40099 - 0 ] INFO  volume.HddsVolume (HddsVolume.java:closeDbStore(341)) - SchemaV3 db is stopped at /home/runner/work/ozone/ozone/hadoop-ozone/integration-test/target/test-dir/MiniOzoneClusterImpl-4ec5f5c4-b0ab-4cbf-8465-e18eb8453e4d/datanode-2/data-0/containers/hdds/4ec5f5c4-b0ab-4cbf-8465-e18eb8453e4d/DS-10eb20c6-2e13-45ba-acf2-1bbe97ad6365/container.db for volume DS-10eb20c6-2e13-45ba-acf2-1bbe97ad6365
2022-08-24 13:28:40,951 [EndpointStateMachine task thread for /0.0.0.0:40099 - 0 ] INFO  ozoneimpl.OzoneContainer (OzoneContainer.java:start(377)) - Attempting to start container services.
2022-08-24 13:28:40,951 [EndpointStateMachine task thread for /0.0.0.0:40099 - 0 ] INFO  ozoneimpl.OzoneContainer (OzoneContainer.java:startContainerScrub(312)) - Background container scanner has been disabled.
2022-08-24 13:28:40,953 [EndpointStateMachine task thread for /0.0.0.0:40099 - 0 ] INFO  replication.ReplicationServer (ReplicationServer.java:start(111)) - ReplicationServer is started using port 39591
2022-08-24 13:28:40,953 [EndpointStateMachine task thread for /0.0.0.0:40099 - 0 ] INFO  ratis.XceiverServerRatis (XceiverServerRatis.java:start(481)) - Starting XceiverServerRatis 8d791df9-aaf8-422e-b0a9-1bacd12a10c4
2022-08-24 13:28:40,954 [EndpointStateMachine task thread for /0.0.0.0:40099 - 0 ] INFO  server.RaftServer (RaftServerProxy.java:lambda$start$6(382)) - 8d791df9-aaf8-422e-b0a9-1bacd12a10c4: start RPC server
2022-08-24 13:28:40,955 [EndpointStateMachine task thread for /0.0.0.0:40099 - 0 ] INFO  server.GrpcService (GrpcService.java:startImpl(260)) - 8d791df9-aaf8-422e-b0a9-1bacd12a10c4: GrpcService started, listening on 38621
2022-08-24 13:28:40,956 [EndpointStateMachine task thread for /0.0.0.0:40099 - 0 ] INFO  ratis.XceiverServerRatis (XceiverServerRatis.java:getRealPort(502)) - XceiverServerRatis 8d791df9-aaf8-422e-b0a9-1bacd12a10c4 is started using port 38621 for RATIS
2022-08-24 13:28:40,956 [EndpointStateMachine task thread for /0.0.0.0:40099 - 0 ] INFO  ratis.XceiverServerRatis (XceiverServerRatis.java:getRealPort(502)) - XceiverServerRatis 8d791df9-aaf8-422e-b0a9-1bacd12a10c4 is started using port 38621 for RATIS_ADMIN
2022-08-24 13:28:40,956 [EndpointStateMachine task thread for /0.0.0.0:40099 - 0 ] INFO  ratis.XceiverServerRatis (XceiverServerRatis.java:getRealPort(502)) - XceiverServerRatis 8d791df9-aaf8-422e-b0a9-1bacd12a10c4 is started using port 38621 for RATIS_SERVER
2022-08-24 13:28:40,958 [org.apache.ratis.util.JvmPauseMonitor$$Lambda$620/346551037@2ba4fd72] INFO  util.JvmPauseMonitor (JvmPauseMonitor.java:run(103)) - JvmPauseMonitor-8d791df9-aaf8-422e-b0a9-1bacd12a10c4: Started
2022-08-24 13:28:40,962 [EndpointStateMachine task thread for /0.0.0.0:40099 - 0 ] INFO  server.XceiverServerGrpc (XceiverServerGrpc.java:start(180)) - XceiverServerGrpc 8d791df9-aaf8-422e-b0a9-1bacd12a10c4 is started using port 33577
2022-08-24 13:28:41,192 [Listener at 127.0.0.1/38251] INFO  ozone.MiniOzoneClusterImpl (MiniOzoneClusterImpl.java:lambda$waitForClusterToBeReady$0(216)) - Waiting for nodes to be ready. Got 0 of 7 DN Heartbeats.
2022-08-24 13:28:41,192 [Listener at 127.0.0.1/38251] INFO  ozone.MiniOzoneClusterImpl (MiniOzoneClusterImpl.java:lambda$waitForClusterToBeReady$0(219)) - Waiting for cluster to exit safe mode
2022-08-24 13:28:41,192 [Listener at 127.0.0.1/38251] INFO  ozone.MiniOzoneClusterImpl (MiniOzoneClusterImpl.java:lambda$waitForClusterToBeReady$0(221)) - SCM became leader
2022-08-24 13:28:41,271 [EndpointStateMachine task thread for /0.0.0.0:40099 - 0 ] INFO  volume.HddsVolume (HddsVolume.java:createDbStore(310)) - SchemaV3 db is created and loaded at /home/runner/work/ozone/ozone/hadoop-ozone/integration-test/target/test-dir/MiniOzoneClusterImpl-4ec5f5c4-b0ab-4cbf-8465-e18eb8453e4d/datanode-3/data-0/containers/hdds/4ec5f5c4-b0ab-4cbf-8465-e18eb8453e4d/DS-e52dda22-06b9-4c53-9635-5c4d839a99a9/container.db for volume DS-e52dda22-06b9-4c53-9635-5c4d839a99a9
2022-08-24 13:28:41,272 [EndpointStateMachine task thread for /0.0.0.0:40099 - 0 ] INFO  volume.HddsVolume (HddsVolume.java:closeDbStore(341)) - SchemaV3 db is stopped at /home/runner/work/ozone/ozone/hadoop-ozone/integration-test/target/test-dir/MiniOzoneClusterImpl-4ec5f5c4-b0ab-4cbf-8465-e18eb8453e4d/datanode-3/data-0/containers/hdds/4ec5f5c4-b0ab-4cbf-8465-e18eb8453e4d/DS-e52dda22-06b9-4c53-9635-5c4d839a99a9/container.db for volume DS-e52dda22-06b9-4c53-9635-5c4d839a99a9
2022-08-24 13:28:41,272 [EndpointStateMachine task thread for /0.0.0.0:40099 - 0 ] INFO  ozoneimpl.OzoneContainer (OzoneContainer.java:start(377)) - Attempting to start container services.
2022-08-24 13:28:41,272 [EndpointStateMachine task thread for /0.0.0.0:40099 - 0 ] INFO  ozoneimpl.OzoneContainer (OzoneContainer.java:startContainerScrub(312)) - Background container scanner has been disabled.
2022-08-24 13:28:41,273 [EndpointStateMachine task thread for /0.0.0.0:40099 - 0 ] INFO  replication.ReplicationServer (ReplicationServer.java:start(111)) - ReplicationServer is started using port 38933
2022-08-24 13:28:41,275 [EndpointStateMachine task thread for /0.0.0.0:40099 - 0 ] INFO  ratis.XceiverServerRatis (XceiverServerRatis.java:start(481)) - Starting XceiverServerRatis 747b57e3-dfca-466a-9b58-285106b88173
2022-08-24 13:28:41,275 [EndpointStateMachine task thread for /0.0.0.0:40099 - 0 ] INFO  server.RaftServer (RaftServerProxy.java:lambda$start$6(382)) - 747b57e3-dfca-466a-9b58-285106b88173: start RPC server
2022-08-24 13:28:41,276 [EndpointStateMachine task thread for /0.0.0.0:40099 - 0 ] INFO  server.GrpcService (GrpcService.java:startImpl(260)) - 747b57e3-dfca-466a-9b58-285106b88173: GrpcService started, listening on 44797
2022-08-24 13:28:41,277 [EndpointStateMachine task thread for /0.0.0.0:40099 - 0 ] INFO  ratis.XceiverServerRatis (XceiverServerRatis.java:getRealPort(502)) - XceiverServerRatis 747b57e3-dfca-466a-9b58-285106b88173 is started using port 44797 for RATIS
2022-08-24 13:28:41,277 [org.apache.ratis.util.JvmPauseMonitor$$Lambda$620/346551037@51e1ff12] INFO  util.JvmPauseMonitor (JvmPauseMonitor.java:run(103)) - JvmPauseMonitor-747b57e3-dfca-466a-9b58-285106b88173: Started
2022-08-24 13:28:41,277 [EndpointStateMachine task thread for /0.0.0.0:40099 - 0 ] INFO  ratis.XceiverServerRatis (XceiverServerRatis.java:getRealPort(502)) - XceiverServerRatis 747b57e3-dfca-466a-9b58-285106b88173 is started using port 44797 for RATIS_ADMIN
2022-08-24 13:28:41,277 [EndpointStateMachine task thread for /0.0.0.0:40099 - 0 ] INFO  ratis.XceiverServerRatis (XceiverServerRatis.java:getRealPort(502)) - XceiverServerRatis 747b57e3-dfca-466a-9b58-285106b88173 is started using port 44797 for RATIS_SERVER
2022-08-24 13:28:41,279 [EndpointStateMachine task thread for /0.0.0.0:40099 - 0 ] INFO  server.XceiverServerGrpc (XceiverServerGrpc.java:start(180)) - XceiverServerGrpc 747b57e3-dfca-466a-9b58-285106b88173 is started using port 35095
2022-08-24 13:28:41,573 [EndpointStateMachine task thread for /0.0.0.0:40099 - 0 ] INFO  volume.HddsVolume (HddsVolume.java:createDbStore(310)) - SchemaV3 db is created and loaded at /home/runner/work/ozone/ozone/hadoop-ozone/integration-test/target/test-dir/MiniOzoneClusterImpl-4ec5f5c4-b0ab-4cbf-8465-e18eb8453e4d/datanode-4/data-0/containers/hdds/4ec5f5c4-b0ab-4cbf-8465-e18eb8453e4d/DS-c159d49c-d354-4700-8ad1-6aff2b09413b/container.db for volume DS-c159d49c-d354-4700-8ad1-6aff2b09413b
2022-08-24 13:28:41,574 [EndpointStateMachine task thread for /0.0.0.0:40099 - 0 ] INFO  volume.HddsVolume (HddsVolume.java:closeDbStore(341)) - SchemaV3 db is stopped at /home/runner/work/ozone/ozone/hadoop-ozone/integration-test/target/test-dir/MiniOzoneClusterImpl-4ec5f5c4-b0ab-4cbf-8465-e18eb8453e4d/datanode-4/data-0/containers/hdds/4ec5f5c4-b0ab-4cbf-8465-e18eb8453e4d/DS-c159d49c-d354-4700-8ad1-6aff2b09413b/container.db for volume DS-c159d49c-d354-4700-8ad1-6aff2b09413b
2022-08-24 13:28:41,574 [EndpointStateMachine task thread for /0.0.0.0:40099 - 0 ] INFO  ozoneimpl.OzoneContainer (OzoneContainer.java:start(377)) - Attempting to start container services.
2022-08-24 13:28:41,574 [EndpointStateMachine task thread for /0.0.0.0:40099 - 0 ] INFO  ozoneimpl.OzoneContainer (OzoneContainer.java:startContainerScrub(312)) - Background container scanner has been disabled.
2022-08-24 13:28:41,576 [EndpointStateMachine task thread for /0.0.0.0:40099 - 0 ] INFO  replication.ReplicationServer (ReplicationServer.java:start(111)) - ReplicationServer is started using port 42843
2022-08-24 13:28:41,576 [EndpointStateMachine task thread for /0.0.0.0:40099 - 0 ] INFO  ratis.XceiverServerRatis (XceiverServerRatis.java:start(481)) - Starting XceiverServerRatis a03cde11-8254-451f-9ee8-6e5d62d0f896
2022-08-24 13:28:41,577 [EndpointStateMachine task thread for /0.0.0.0:40099 - 0 ] INFO  server.RaftServer (RaftServerProxy.java:lambda$start$6(382)) - a03cde11-8254-451f-9ee8-6e5d62d0f896: start RPC server
2022-08-24 13:28:41,580 [EndpointStateMachine task thread for /0.0.0.0:40099 - 0 ] INFO  server.GrpcService (GrpcService.java:startImpl(260)) - a03cde11-8254-451f-9ee8-6e5d62d0f896: GrpcService started, listening on 39543
2022-08-24 13:28:41,580 [EndpointStateMachine task thread for /0.0.0.0:40099 - 0 ] INFO  ratis.XceiverServerRatis (XceiverServerRatis.java:getRealPort(502)) - XceiverServerRatis a03cde11-8254-451f-9ee8-6e5d62d0f896 is started using port 39543 for RATIS
2022-08-24 13:28:41,580 [EndpointStateMachine task thread for /0.0.0.0:40099 - 0 ] INFO  ratis.XceiverServerRatis (XceiverServerRatis.java:getRealPort(502)) - XceiverServerRatis a03cde11-8254-451f-9ee8-6e5d62d0f896 is started using port 39543 for RATIS_ADMIN
2022-08-24 13:28:41,580 [EndpointStateMachine task thread for /0.0.0.0:40099 - 0 ] INFO  ratis.XceiverServerRatis (XceiverServerRatis.java:getRealPort(502)) - XceiverServerRatis a03cde11-8254-451f-9ee8-6e5d62d0f896 is started using port 39543 for RATIS_SERVER
2022-08-24 13:28:41,580 [org.apache.ratis.util.JvmPauseMonitor$$Lambda$620/346551037@7338a243] INFO  util.JvmPauseMonitor (JvmPauseMonitor.java:run(103)) - JvmPauseMonitor-a03cde11-8254-451f-9ee8-6e5d62d0f896: Started
2022-08-24 13:28:41,583 [EndpointStateMachine task thread for /0.0.0.0:40099 - 0 ] INFO  server.XceiverServerGrpc (XceiverServerGrpc.java:start(180)) - XceiverServerGrpc a03cde11-8254-451f-9ee8-6e5d62d0f896 is started using port 45719
2022-08-24 13:28:41,860 [EndpointStateMachine task thread for /0.0.0.0:40099 - 0 ] INFO  volume.HddsVolume (HddsVolume.java:createDbStore(310)) - SchemaV3 db is created and loaded at /home/runner/work/ozone/ozone/hadoop-ozone/integration-test/target/test-dir/MiniOzoneClusterImpl-4ec5f5c4-b0ab-4cbf-8465-e18eb8453e4d/datanode-5/data-0/containers/hdds/4ec5f5c4-b0ab-4cbf-8465-e18eb8453e4d/DS-03f39a04-a2f1-4940-a7ef-2c39a682485e/container.db for volume DS-03f39a04-a2f1-4940-a7ef-2c39a682485e
2022-08-24 13:28:41,861 [EndpointStateMachine task thread for /0.0.0.0:40099 - 0 ] INFO  volume.HddsVolume (HddsVolume.java:closeDbStore(341)) - SchemaV3 db is stopped at /home/runner/work/ozone/ozone/hadoop-ozone/integration-test/target/test-dir/MiniOzoneClusterImpl-4ec5f5c4-b0ab-4cbf-8465-e18eb8453e4d/datanode-5/data-0/containers/hdds/4ec5f5c4-b0ab-4cbf-8465-e18eb8453e4d/DS-03f39a04-a2f1-4940-a7ef-2c39a682485e/container.db for volume DS-03f39a04-a2f1-4940-a7ef-2c39a682485e
2022-08-24 13:28:41,861 [EndpointStateMachine task thread for /0.0.0.0:40099 - 0 ] INFO  ozoneimpl.OzoneContainer (OzoneContainer.java:start(377)) - Attempting to start container services.
2022-08-24 13:28:41,861 [EndpointStateMachine task thread for /0.0.0.0:40099 - 0 ] INFO  ozoneimpl.OzoneContainer (OzoneContainer.java:startContainerScrub(312)) - Background container scanner has been disabled.
2022-08-24 13:28:41,863 [EndpointStateMachine task thread for /0.0.0.0:40099 - 0 ] INFO  replication.ReplicationServer (ReplicationServer.java:start(111)) - ReplicationServer is started using port 38049
2022-08-24 13:28:41,863 [EndpointStateMachine task thread for /0.0.0.0:40099 - 0 ] INFO  ratis.XceiverServerRatis (XceiverServerRatis.java:start(481)) - Starting XceiverServerRatis 6df90b5a-2255-4e76-9861-62a750936b37
2022-08-24 13:28:41,864 [EndpointStateMachine task thread for /0.0.0.0:40099 - 0 ] INFO  server.RaftServer (RaftServerProxy.java:lambda$start$6(382)) - 6df90b5a-2255-4e76-9861-62a750936b37: start RPC server
2022-08-24 13:28:41,865 [EndpointStateMachine task thread for /0.0.0.0:40099 - 0 ] INFO  server.GrpcService (GrpcService.java:startImpl(260)) - 6df90b5a-2255-4e76-9861-62a750936b37: GrpcService started, listening on 39203
2022-08-24 13:28:41,866 [EndpointStateMachine task thread for /0.0.0.0:40099 - 0 ] INFO  ratis.XceiverServerRatis (XceiverServerRatis.java:getRealPort(502)) - XceiverServerRatis 6df90b5a-2255-4e76-9861-62a750936b37 is started using port 39203 for RATIS
2022-08-24 13:28:41,866 [org.apache.ratis.util.JvmPauseMonitor$$Lambda$620/346551037@28539f98] INFO  util.JvmPauseMonitor (JvmPauseMonitor.java:run(103)) - JvmPauseMonitor-6df90b5a-2255-4e76-9861-62a750936b37: Started
2022-08-24 13:28:41,866 [EndpointStateMachine task thread for /0.0.0.0:40099 - 0 ] INFO  ratis.XceiverServerRatis (XceiverServerRatis.java:getRealPort(502)) - XceiverServerRatis 6df90b5a-2255-4e76-9861-62a750936b37 is started using port 39203 for RATIS_ADMIN
2022-08-24 13:28:41,866 [EndpointStateMachine task thread for /0.0.0.0:40099 - 0 ] INFO  ratis.XceiverServerRatis (XceiverServerRatis.java:getRealPort(502)) - XceiverServerRatis 6df90b5a-2255-4e76-9861-62a750936b37 is started using port 39203 for RATIS_SERVER
2022-08-24 13:28:41,872 [EndpointStateMachine task thread for /0.0.0.0:40099 - 0 ] INFO  server.XceiverServerGrpc (XceiverServerGrpc.java:start(180)) - XceiverServerGrpc 6df90b5a-2255-4e76-9861-62a750936b37 is started using port 35505
2022-08-24 13:28:42,063 [IPC Server handler 8 on default port 40099] INFO  net.NetworkTopologyImpl (NetworkTopologyImpl.java:add(112)) - Added a new node: /default-rack/92e9f449-3c32-4f52-ab73-c65c98a3a92b
2022-08-24 13:28:42,065 [IPC Server handler 8 on default port 40099] INFO  node.SCMNodeManager (SCMNodeManager.java:register(397)) - Registered Data node : 92e9f449-3c32-4f52-ab73-c65c98a3a92b{ip: 10.1.1.17, host: fv-az213-422.c2vz3wqhpjau3hcstnyptvmwla.cx.internal.cloudapp.net, ports: [REPLICATION=42659, RATIS=34651, RATIS_ADMIN=34651, RATIS_SERVER=34651, STANDALONE=43793], networkLocation: /default-rack, certSerialId: null, persistedOpState: null, persistedOpStateExpiryEpochSec: 0}
2022-08-24 13:28:42,069 [EventQueue-NewNodeForNewNodeHandler] INFO  pipeline.BackgroundPipelineCreator (BackgroundPipelineCreator.java:notifyEventTriggered(276)) - trigger a one-shot run on RatisPipelineUtilsThread.
2022-08-24 13:28:42,070 [EventQueue-NodeRegistrationContainerReportForContainerSafeModeRule] INFO  safemode.SCMSafeModeManager (SCMSafeModeManager.java:validateSafeModeExitRules(204)) - ContainerSafeModeRule rule is successfully validated
2022-08-24 13:28:42,077 [RatisPipelineUtilsThread - 0] INFO  pipeline.RatisPipelineProvider (RatisPipelineProvider.java:lambda$create$0(195)) - Sending CreatePipelineCommand for pipeline:PipelineID=73d04d51-26da-438c-91da-14d2ffb8389d to datanode:92e9f449-3c32-4f52-ab73-c65c98a3a92b
2022-08-24 13:28:42,078 [EventQueue-NodeRegistrationContainerReportForDataNodeSafeModeRule] INFO  safemode.SCMSafeModeManager (DataNodeSafeModeRule.java:process(71)) - SCM in safe mode. 1 DataNodes registered, 3 required.
2022-08-24 13:28:42,078 [EventQueue-PipelineReportForOneReplicaPipelineSafeModeRule] INFO  safemode.SCMSafeModeManager (SCMSafeModeManager.java:validateSafeModeExitRules(204)) - AtleastOneDatanodeReportedRule rule is successfully validated
2022-08-24 13:28:42,093 [RatisPipelineUtilsThread - 0] INFO  pipeline.PipelineStateManagerImpl (PipelineStateManagerImpl.java:addPipeline(103)) - Created pipeline Pipeline[ Id: 73d04d51-26da-438c-91da-14d2ffb8389d, Nodes: 92e9f449-3c32-4f52-ab73-c65c98a3a92b{ip: 10.1.1.17, host: fv-az213-422.c2vz3wqhpjau3hcstnyptvmwla.cx.internal.cloudapp.net, ports: [REPLICATION=42659, RATIS=34651, RATIS_ADMIN=34651, RATIS_SERVER=34651, STANDALONE=43793], networkLocation: /default-rack, certSerialId: null, persistedOpState: IN_SERVICE, persistedOpStateExpiryEpochSec: 0}, ReplicationConfig: RATIS/ONE, State:ALLOCATED, leaderId:, CreationTimestamp2022-08-24T13:28:42.076Z[Etc/UTC]].
2022-08-24 13:28:42,193 [Listener at 127.0.0.1/38251] INFO  ozone.MiniOzoneClusterImpl (MiniOzoneClusterImpl.java:lambda$waitForClusterToBeReady$0(216)) - Waiting for nodes to be ready. Got 1 of 7 DN Heartbeats.
2022-08-24 13:28:42,193 [Listener at 127.0.0.1/38251] INFO  ozone.MiniOzoneClusterImpl (MiniOzoneClusterImpl.java:lambda$waitForClusterToBeReady$0(219)) - Waiting for cluster to exit safe mode
2022-08-24 13:28:42,193 [Listener at 127.0.0.1/38251] INFO  ozone.MiniOzoneClusterImpl (MiniOzoneClusterImpl.java:lambda$waitForClusterToBeReady$0(221)) - SCM became leader
2022-08-24 13:28:42,249 [EndpointStateMachine task thread for /0.0.0.0:40099 - 0 ] INFO  volume.HddsVolume (HddsVolume.java:createDbStore(310)) - SchemaV3 db is created and loaded at /home/runner/work/ozone/ozone/hadoop-ozone/integration-test/target/test-dir/MiniOzoneClusterImpl-4ec5f5c4-b0ab-4cbf-8465-e18eb8453e4d/datanode-6/data-0/containers/hdds/4ec5f5c4-b0ab-4cbf-8465-e18eb8453e4d/DS-3ed69d73-41f2-4d80-a287-c53ce9f1342a/container.db for volume DS-3ed69d73-41f2-4d80-a287-c53ce9f1342a
2022-08-24 13:28:42,250 [EndpointStateMachine task thread for /0.0.0.0:40099 - 0 ] INFO  volume.HddsVolume (HddsVolume.java:closeDbStore(341)) - SchemaV3 db is stopped at /home/runner/work/ozone/ozone/hadoop-ozone/integration-test/target/test-dir/MiniOzoneClusterImpl-4ec5f5c4-b0ab-4cbf-8465-e18eb8453e4d/datanode-6/data-0/containers/hdds/4ec5f5c4-b0ab-4cbf-8465-e18eb8453e4d/DS-3ed69d73-41f2-4d80-a287-c53ce9f1342a/container.db for volume DS-3ed69d73-41f2-4d80-a287-c53ce9f1342a
2022-08-24 13:28:42,250 [EndpointStateMachine task thread for /0.0.0.0:40099 - 0 ] INFO  ozoneimpl.OzoneContainer (OzoneContainer.java:start(377)) - Attempting to start container services.
2022-08-24 13:28:42,250 [EndpointStateMachine task thread for /0.0.0.0:40099 - 0 ] INFO  ozoneimpl.OzoneContainer (OzoneContainer.java:startContainerScrub(312)) - Background container scanner has been disabled.
2022-08-24 13:28:42,256 [EndpointStateMachine task thread for /0.0.0.0:40099 - 0 ] INFO  replication.ReplicationServer (ReplicationServer.java:start(111)) - ReplicationServer is started using port 40093
2022-08-24 13:28:42,256 [EndpointStateMachine task thread for /0.0.0.0:40099 - 0 ] INFO  ratis.XceiverServerRatis (XceiverServerRatis.java:start(481)) - Starting XceiverServerRatis 0046a835-3796-45b6-8c08-5dd5cec2cc64
2022-08-24 13:28:42,257 [EndpointStateMachine task thread for /0.0.0.0:40099 - 0 ] INFO  server.RaftServer (RaftServerProxy.java:lambda$start$6(382)) - 0046a835-3796-45b6-8c08-5dd5cec2cc64: start RPC server
2022-08-24 13:28:42,265 [EndpointStateMachine task thread for /0.0.0.0:40099 - 0 ] INFO  server.GrpcService (GrpcService.java:startImpl(260)) - 0046a835-3796-45b6-8c08-5dd5cec2cc64: GrpcService started, listening on 38893
2022-08-24 13:28:42,266 [EndpointStateMachine task thread for /0.0.0.0:40099 - 0 ] INFO  ratis.XceiverServerRatis (XceiverServerRatis.java:getRealPort(502)) - XceiverServerRatis 0046a835-3796-45b6-8c08-5dd5cec2cc64 is started using port 38893 for RATIS
2022-08-24 13:28:42,266 [EndpointStateMachine task thread for /0.0.0.0:40099 - 0 ] INFO  ratis.XceiverServerRatis (XceiverServerRatis.java:getRealPort(502)) - XceiverServerRatis 0046a835-3796-45b6-8c08-5dd5cec2cc64 is started using port 38893 for RATIS_ADMIN
2022-08-24 13:28:42,266 [org.apache.ratis.util.JvmPauseMonitor$$Lambda$620/346551037@42147f4b] INFO  util.JvmPauseMonitor (JvmPauseMonitor.java:run(103)) - JvmPauseMonitor-0046a835-3796-45b6-8c08-5dd5cec2cc64: Started
2022-08-24 13:28:42,266 [EndpointStateMachine task thread for /0.0.0.0:40099 - 0 ] INFO  ratis.XceiverServerRatis (XceiverServerRatis.java:getRealPort(502)) - XceiverServerRatis 0046a835-3796-45b6-8c08-5dd5cec2cc64 is started using port 38893 for RATIS_SERVER
2022-08-24 13:28:42,267 [EndpointStateMachine task thread for /0.0.0.0:40099 - 0 ] INFO  server.XceiverServerGrpc (XceiverServerGrpc.java:start(180)) - XceiverServerGrpc 0046a835-3796-45b6-8c08-5dd5cec2cc64 is started using port 45095
2022-08-24 13:28:42,598 [IPC Server handler 7 on default port 40099] INFO  net.NetworkTopologyImpl (NetworkTopologyImpl.java:add(112)) - Added a new node: /default-rack/5e001fdb-1723-4ba3-822b-ce1b40bc3aba
2022-08-24 13:28:42,598 [IPC Server handler 7 on default port 40099] INFO  node.SCMNodeManager (SCMNodeManager.java:register(397)) - Registered Data node : 5e001fdb-1723-4ba3-822b-ce1b40bc3aba{ip: 10.1.1.17, host: fv-az213-422.c2vz3wqhpjau3hcstnyptvmwla.cx.internal.cloudapp.net, ports: [REPLICATION=34205, RATIS=46401, RATIS_ADMIN=46401, RATIS_SERVER=46401, STANDALONE=35633], networkLocation: /default-rack, certSerialId: null, persistedOpState: null, persistedOpStateExpiryEpochSec: 0}
2022-08-24 13:28:42,599 [EventQueue-NewNodeForNewNodeHandler] INFO  pipeline.BackgroundPipelineCreator (BackgroundPipelineCreator.java:notifyEventTriggered(276)) - trigger a one-shot run on RatisPipelineUtilsThread.
2022-08-24 13:28:42,599 [EventQueue-NodeRegistrationContainerReportForDataNodeSafeModeRule] INFO  safemode.SCMSafeModeManager (DataNodeSafeModeRule.java:process(71)) - SCM in safe mode. 2 DataNodes registered, 3 required.
2022-08-24 13:28:42,600 [RatisPipelineUtilsThread - 0] INFO  pipeline.RatisPipelineProvider (RatisPipelineProvider.java:lambda$create$0(195)) - Sending CreatePipelineCommand for pipeline:PipelineID=bfd85ca4-5b0b-4f36-ab91-4a019d1e227b to datanode:5e001fdb-1723-4ba3-822b-ce1b40bc3aba
2022-08-24 13:28:42,600 [RatisPipelineUtilsThread - 0] INFO  pipeline.PipelineStateManagerImpl (PipelineStateManagerImpl.java:addPipeline(103)) - Created pipeline Pipeline[ Id: bfd85ca4-5b0b-4f36-ab91-4a019d1e227b, Nodes: 5e001fdb-1723-4ba3-822b-ce1b40bc3aba{ip: 10.1.1.17, host: fv-az213-422.c2vz3wqhpjau3hcstnyptvmwla.cx.internal.cloudapp.net, ports: [REPLICATION=34205, RATIS=46401, RATIS_ADMIN=46401, RATIS_SERVER=46401, STANDALONE=35633], networkLocation: /default-rack, certSerialId: null, persistedOpState: IN_SERVICE, persistedOpStateExpiryEpochSec: 0}, ReplicationConfig: RATIS/ONE, State:ALLOCATED, leaderId:, CreationTimestamp2022-08-24T13:28:42.600Z[Etc/UTC]].
2022-08-24 13:28:42,924 [IPC Server handler 8 on default port 40099] INFO  net.NetworkTopologyImpl (NetworkTopologyImpl.java:add(112)) - Added a new node: /default-rack/8d791df9-aaf8-422e-b0a9-1bacd12a10c4
2022-08-24 13:28:42,925 [IPC Server handler 8 on default port 40099] INFO  node.SCMNodeManager (SCMNodeManager.java:register(397)) - Registered Data node : 8d791df9-aaf8-422e-b0a9-1bacd12a10c4{ip: 10.1.1.17, host: fv-az213-422.c2vz3wqhpjau3hcstnyptvmwla.cx.internal.cloudapp.net, ports: [REPLICATION=39591, RATIS=38621, RATIS_ADMIN=38621, RATIS_SERVER=38621, STANDALONE=33577], networkLocation: /default-rack, certSerialId: null, persistedOpState: null, persistedOpStateExpiryEpochSec: 0}
2022-08-24 13:28:42,925 [EventQueue-NewNodeForNewNodeHandler] INFO  pipeline.BackgroundPipelineCreator (BackgroundPipelineCreator.java:notifyEventTriggered(276)) - trigger a one-shot run on RatisPipelineUtilsThread.
2022-08-24 13:28:42,925 [EventQueue-NodeRegistrationContainerReportForDataNodeSafeModeRule] INFO  safemode.SCMSafeModeManager (DataNodeSafeModeRule.java:process(71)) - SCM in safe mode. 3 DataNodes registered, 3 required.
2022-08-24 13:28:42,925 [EventQueue-NodeRegistrationContainerReportForDataNodeSafeModeRule] INFO  safemode.SCMSafeModeManager (SCMSafeModeManager.java:validateSafeModeExitRules(204)) - DataNodeSafeModeRule rule is successfully validated
2022-08-24 13:28:42,926 [EventQueue-NodeRegistrationContainerReportForDataNodeSafeModeRule] INFO  safemode.SCMSafeModeManager (SCMSafeModeManager.java:completePreCheck(233)) - All SCM safe mode pre check rules have passed
2022-08-24 13:28:42,926 [EventQueue-NodeRegistrationContainerReportForDataNodeSafeModeRule] WARN  events.EventQueue (EventQueue.java:fireEvent(216)) - No event handler registered for event TypedEvent{payloadType=SafeModeStatus, name='Safe mode status'}
2022-08-24 13:28:42,926 [EventQueue-NodeRegistrationContainerReportForDataNodeSafeModeRule] INFO  ha.SCMContext (SCMContext.java:updateSafeModeStatus(228)) - Update SafeModeStatus from SafeModeStatus{safeModeStatus=true, preCheckPassed=false} to SafeModeStatus{safeModeStatus=true, preCheckPassed=true}.
2022-08-24 13:28:42,926 [EventQueue-NodeRegistrationContainerReportForDataNodeSafeModeRule] INFO  pipeline.BackgroundPipelineCreator (BackgroundPipelineCreator.java:notifyEventTriggered(276)) - trigger a one-shot run on RatisPipelineUtilsThread.
2022-08-24 13:28:42,926 [RatisPipelineUtilsThread - 0] INFO  pipeline.RatisPipelineProvider (RatisPipelineProvider.java:lambda$create$0(195)) - Sending CreatePipelineCommand for pipeline:PipelineID=237ac0df-7f17-42b4-bc9c-b50eb0dfcc6d to datanode:8d791df9-aaf8-422e-b0a9-1bacd12a10c4
2022-08-24 13:28:42,927 [RatisPipelineUtilsThread - 0] INFO  pipeline.PipelineStateManagerImpl (PipelineStateManagerImpl.java:addPipeline(103)) - Created pipeline Pipeline[ Id: 237ac0df-7f17-42b4-bc9c-b50eb0dfcc6d, Nodes: 8d791df9-aaf8-422e-b0a9-1bacd12a10c4{ip: 10.1.1.17, host: fv-az213-422.c2vz3wqhpjau3hcstnyptvmwla.cx.internal.cloudapp.net, ports: [REPLICATION=39591, RATIS=38621, RATIS_ADMIN=38621, RATIS_SERVER=38621, STANDALONE=33577], networkLocation: /default-rack, certSerialId: null, persistedOpState: IN_SERVICE, persistedOpStateExpiryEpochSec: 0}, ReplicationConfig: RATIS/ONE, State:ALLOCATED, leaderId:, CreationTimestamp2022-08-24T13:28:42.926Z[Etc/UTC]].
2022-08-24 13:28:42,930 [RatisPipelineUtilsThread - 0] INFO  pipeline.RatisPipelineProvider (RatisPipelineProvider.java:lambda$create$0(195)) - Sending CreatePipelineCommand for pipeline:PipelineID=3fa87b7b-c617-420c-b03b-c88bc017548e to datanode:92e9f449-3c32-4f52-ab73-c65c98a3a92b
2022-08-24 13:28:42,930 [RatisPipelineUtilsThread - 0] INFO  pipeline.RatisPipelineProvider (RatisPipelineProvider.java:lambda$create$0(195)) - Sending CreatePipelineCommand for pipeline:PipelineID=3fa87b7b-c617-420c-b03b-c88bc017548e to datanode:5e001fdb-1723-4ba3-822b-ce1b40bc3aba
2022-08-24 13:28:42,930 [RatisPipelineUtilsThread - 0] INFO  pipeline.RatisPipelineProvider (RatisPipelineProvider.java:lambda$create$0(195)) - Sending CreatePipelineCommand for pipeline:PipelineID=3fa87b7b-c617-420c-b03b-c88bc017548e to datanode:8d791df9-aaf8-422e-b0a9-1bacd12a10c4
2022-08-24 13:28:42,931 [RatisPipelineUtilsThread - 0] INFO  pipeline.PipelineStateManagerImpl (PipelineStateManagerImpl.java:addPipeline(103)) - Created pipeline Pipeline[ Id: 3fa87b7b-c617-420c-b03b-c88bc017548e, Nodes: 92e9f449-3c32-4f52-ab73-c65c98a3a92b{ip: 10.1.1.17, host: fv-az213-422.c2vz3wqhpjau3hcstnyptvmwla.cx.internal.cloudapp.net, ports: [REPLICATION=42659, RATIS=34651, RATIS_ADMIN=34651, RATIS_SERVER=34651, STANDALONE=43793], networkLocation: /default-rack, certSerialId: null, persistedOpState: IN_SERVICE, persistedOpStateExpiryEpochSec: 0}5e001fdb-1723-4ba3-822b-ce1b40bc3aba{ip: 10.1.1.17, host: fv-az213-422.c2vz3wqhpjau3hcstnyptvmwla.cx.internal.cloudapp.net, ports: [REPLICATION=34205, RATIS=46401, RATIS_ADMIN=46401, RATIS_SERVER=46401, STANDALONE=35633], networkLocation: /default-rack, certSerialId: null, persistedOpState: IN_SERVICE, persistedOpStateExpiryEpochSec: 0}8d791df9-aaf8-422e-b0a9-1bacd12a10c4{ip: 10.1.1.17, host: fv-az213-422.c2vz3wqhpjau3hcstnyptvmwla.cx.internal.cloudapp.net, ports: [REPLICATION=39591, RATIS=38621, RATIS_ADMIN=38621, RATIS_SERVER=38621, STANDALONE=33577], networkLocation: /default-rack, certSerialId: null, persistedOpState: IN_SERVICE, persistedOpStateExpiryEpochSec: 0}, ReplicationConfig: RATIS/THREE, State:ALLOCATED, leaderId:, CreationTimestamp2022-08-24T13:28:42.929Z[Etc/UTC]].
2022-08-24 13:28:42,932 [RatisPipelineUtilsThread - 0] INFO  pipeline.RatisPipelineProvider (RatisPipelineProvider.java:lambda$create$0(195)) - Sending CreatePipelineCommand for pipeline:PipelineID=c26fedf8-e793-4172-a9b4-33cf987f99ac to datanode:92e9f449-3c32-4f52-ab73-c65c98a3a92b
2022-08-24 13:28:42,932 [RatisPipelineUtilsThread - 0] INFO  pipeline.RatisPipelineProvider (RatisPipelineProvider.java:lambda$create$0(195)) - Sending CreatePipelineCommand for pipeline:PipelineID=c26fedf8-e793-4172-a9b4-33cf987f99ac to datanode:8d791df9-aaf8-422e-b0a9-1bacd12a10c4
2022-08-24 13:28:42,932 [RatisPipelineUtilsThread - 0] INFO  pipeline.RatisPipelineProvider (RatisPipelineProvider.java:lambda$create$0(195)) - Sending CreatePipelineCommand for pipeline:PipelineID=c26fedf8-e793-4172-a9b4-33cf987f99ac to datanode:5e001fdb-1723-4ba3-822b-ce1b40bc3aba
2022-08-24 13:28:42,933 [RatisPipelineUtilsThread - 0] INFO  pipeline.PipelineStateManagerImpl (PipelineStateManagerImpl.java:addPipeline(103)) - Created pipeline Pipeline[ Id: c26fedf8-e793-4172-a9b4-33cf987f99ac, Nodes: 92e9f449-3c32-4f52-ab73-c65c98a3a92b{ip: 10.1.1.17, host: fv-az213-422.c2vz3wqhpjau3hcstnyptvmwla.cx.internal.cloudapp.net, ports: [REPLICATION=42659, RATIS=34651, RATIS_ADMIN=34651, RATIS_SERVER=34651, STANDALONE=43793], networkLocation: /default-rack, certSerialId: null, persistedOpState: IN_SERVICE, persistedOpStateExpiryEpochSec: 0}8d791df9-aaf8-422e-b0a9-1bacd12a10c4{ip: 10.1.1.17, host: fv-az213-422.c2vz3wqhpjau3hcstnyptvmwla.cx.internal.cloudapp.net, ports: [REPLICATION=39591, RATIS=38621, RATIS_ADMIN=38621, RATIS_SERVER=38621, STANDALONE=33577], networkLocation: /default-rack, certSerialId: null, persistedOpState: IN_SERVICE, persistedOpStateExpiryEpochSec: 0}5e001fdb-1723-4ba3-822b-ce1b40bc3aba{ip: 10.1.1.17, host: fv-az213-422.c2vz3wqhpjau3hcstnyptvmwla.cx.internal.cloudapp.net, ports: [REPLICATION=34205, RATIS=46401, RATIS_ADMIN=46401, RATIS_SERVER=46401, STANDALONE=35633], networkLocation: /default-rack, certSerialId: null, persistedOpState: IN_SERVICE, persistedOpStateExpiryEpochSec: 0}, ReplicationConfig: RATIS/THREE, State:ALLOCATED, leaderId:, CreationTimestamp2022-08-24T13:28:42.932Z[Etc/UTC]].
2022-08-24 13:28:42,933 [RatisPipelineUtilsThread - 0] INFO  pipeline.PipelineManagerImpl (PipelineManagerImpl.java:recordMetricsForPipeline(796)) - Pipeline: PipelineID=c26fedf8-e793-4172-a9b4-33cf987f99ac contains same datanodes as previous pipelines: PipelineID=3fa87b7b-c617-420c-b03b-c88bc017548e nodeIds: 92e9f449-3c32-4f52-ab73-c65c98a3a92b, 8d791df9-aaf8-422e-b0a9-1bacd12a10c4, 5e001fdb-1723-4ba3-822b-ce1b40bc3aba
2022-08-24 13:28:43,193 [Listener at 127.0.0.1/38251] INFO  ozone.MiniOzoneClusterImpl (MiniOzoneClusterImpl.java:lambda$waitForClusterToBeReady$0(216)) - Waiting for nodes to be ready. Got 3 of 7 DN Heartbeats.
2022-08-24 13:28:43,194 [Listener at 127.0.0.1/38251] INFO  ozone.MiniOzoneClusterImpl (MiniOzoneClusterImpl.java:lambda$waitForClusterToBeReady$0(219)) - Waiting for cluster to exit safe mode
2022-08-24 13:28:43,194 [Listener at 127.0.0.1/38251] INFO  ozone.MiniOzoneClusterImpl (MiniOzoneClusterImpl.java:lambda$waitForClusterToBeReady$0(221)) - SCM became leader
2022-08-24 13:28:43,250 [IPC Server handler 13 on default port 40099] INFO  net.NetworkTopologyImpl (NetworkTopologyImpl.java:add(112)) - Added a new node: /default-rack/747b57e3-dfca-466a-9b58-285106b88173
2022-08-24 13:28:43,250 [IPC Server handler 13 on default port 40099] INFO  node.SCMNodeManager (SCMNodeManager.java:register(397)) - Registered Data node : 747b57e3-dfca-466a-9b58-285106b88173{ip: 10.1.1.17, host: fv-az213-422.c2vz3wqhpjau3hcstnyptvmwla.cx.internal.cloudapp.net, ports: [REPLICATION=38933, RATIS=44797, RATIS_ADMIN=44797, RATIS_SERVER=44797, STANDALONE=35095], networkLocation: /default-rack, certSerialId: null, persistedOpState: null, persistedOpStateExpiryEpochSec: 0}
2022-08-24 13:28:43,251 [EventQueue-NewNodeForNewNodeHandler] INFO  pipeline.BackgroundPipelineCreator (BackgroundPipelineCreator.java:notifyEventTriggered(276)) - trigger a one-shot run on RatisPipelineUtilsThread.
2022-08-24 13:28:43,251 [RatisPipelineUtilsThread - 0] INFO  pipeline.RatisPipelineProvider (RatisPipelineProvider.java:lambda$create$0(195)) - Sending CreatePipelineCommand for pipeline:PipelineID=6c1877d8-f4ac-497e-9d6c-dc6e0654de60 to datanode:747b57e3-dfca-466a-9b58-285106b88173
2022-08-24 13:28:43,252 [RatisPipelineUtilsThread - 0] INFO  pipeline.PipelineStateManagerImpl (PipelineStateManagerImpl.java:addPipeline(103)) - Created pipeline Pipeline[ Id: 6c1877d8-f4ac-497e-9d6c-dc6e0654de60, Nodes: 747b57e3-dfca-466a-9b58-285106b88173{ip: 10.1.1.17, host: fv-az213-422.c2vz3wqhpjau3hcstnyptvmwla.cx.internal.cloudapp.net, ports: [REPLICATION=38933, RATIS=44797, RATIS_ADMIN=44797, RATIS_SERVER=44797, STANDALONE=35095], networkLocation: /default-rack, certSerialId: null, persistedOpState: IN_SERVICE, persistedOpStateExpiryEpochSec: 0}, ReplicationConfig: RATIS/ONE, State:ALLOCATED, leaderId:, CreationTimestamp2022-08-24T13:28:43.251Z[Etc/UTC]].
2022-08-24 13:28:43,553 [IPC Server handler 5 on default port 40099] INFO  net.NetworkTopologyImpl (NetworkTopologyImpl.java:add(112)) - Added a new node: /default-rack/a03cde11-8254-451f-9ee8-6e5d62d0f896
2022-08-24 13:28:43,554 [IPC Server handler 5 on default port 40099] INFO  node.SCMNodeManager (SCMNodeManager.java:register(397)) - Registered Data node : a03cde11-8254-451f-9ee8-6e5d62d0f896{ip: 10.1.1.17, host: fv-az213-422.c2vz3wqhpjau3hcstnyptvmwla.cx.internal.cloudapp.net, ports: [REPLICATION=42843, RATIS=39543, RATIS_ADMIN=39543, RATIS_SERVER=39543, STANDALONE=45719], networkLocation: /default-rack, certSerialId: null, persistedOpState: null, persistedOpStateExpiryEpochSec: 0}
2022-08-24 13:28:43,554 [EventQueue-NewNodeForNewNodeHandler] INFO  pipeline.BackgroundPipelineCreator (BackgroundPipelineCreator.java:notifyEventTriggered(276)) - trigger a one-shot run on RatisPipelineUtilsThread.
2022-08-24 13:28:43,555 [RatisPipelineUtilsThread - 0] INFO  pipeline.RatisPipelineProvider (RatisPipelineProvider.java:lambda$create$0(195)) - Sending CreatePipelineCommand for pipeline:PipelineID=e0ea6767-ca3f-4212-bb8a-e4d3bb4291d9 to datanode:a03cde11-8254-451f-9ee8-6e5d62d0f896
2022-08-24 13:28:43,559 [RatisPipelineUtilsThread - 0] INFO  pipeline.PipelineStateManagerImpl (PipelineStateManagerImpl.java:addPipeline(103)) - Created pipeline Pipeline[ Id: e0ea6767-ca3f-4212-bb8a-e4d3bb4291d9, Nodes: a03cde11-8254-451f-9ee8-6e5d62d0f896{ip: 10.1.1.17, host: fv-az213-422.c2vz3wqhpjau3hcstnyptvmwla.cx.internal.cloudapp.net, ports: [REPLICATION=42843, RATIS=39543, RATIS_ADMIN=39543, RATIS_SERVER=39543, STANDALONE=45719], networkLocation: /default-rack, certSerialId: null, persistedOpState: IN_SERVICE, persistedOpStateExpiryEpochSec: 0}, ReplicationConfig: RATIS/ONE, State:ALLOCATED, leaderId:, CreationTimestamp2022-08-24T13:28:43.555Z[Etc/UTC]].
2022-08-24 13:28:43,838 [IPC Server handler 8 on default port 40099] INFO  net.NetworkTopologyImpl (NetworkTopologyImpl.java:add(112)) - Added a new node: /default-rack/6df90b5a-2255-4e76-9861-62a750936b37
2022-08-24 13:28:43,838 [IPC Server handler 8 on default port 40099] INFO  node.SCMNodeManager (SCMNodeManager.java:register(397)) - Registered Data node : 6df90b5a-2255-4e76-9861-62a750936b37{ip: 10.1.1.17, host: fv-az213-422.c2vz3wqhpjau3hcstnyptvmwla.cx.internal.cloudapp.net, ports: [REPLICATION=38049, RATIS=39203, RATIS_ADMIN=39203, RATIS_SERVER=39203, STANDALONE=35505], networkLocation: /default-rack, certSerialId: null, persistedOpState: null, persistedOpStateExpiryEpochSec: 0}
2022-08-24 13:28:43,838 [EventQueue-NewNodeForNewNodeHandler] INFO  pipeline.BackgroundPipelineCreator (BackgroundPipelineCreator.java:notifyEventTriggered(276)) - trigger a one-shot run on RatisPipelineUtilsThread.
2022-08-24 13:28:43,840 [RatisPipelineUtilsThread - 0] INFO  pipeline.RatisPipelineProvider (RatisPipelineProvider.java:lambda$create$0(195)) - Sending CreatePipelineCommand for pipeline:PipelineID=894c91d8-ee1a-4f29-8cd3-c0d6027990cb to datanode:6df90b5a-2255-4e76-9861-62a750936b37
2022-08-24 13:28:43,841 [RatisPipelineUtilsThread - 0] INFO  pipeline.PipelineStateManagerImpl (PipelineStateManagerImpl.java:addPipeline(103)) - Created pipeline Pipeline[ Id: 894c91d8-ee1a-4f29-8cd3-c0d6027990cb, Nodes: 6df90b5a-2255-4e76-9861-62a750936b37{ip: 10.1.1.17, host: fv-az213-422.c2vz3wqhpjau3hcstnyptvmwla.cx.internal.cloudapp.net, ports: [REPLICATION=38049, RATIS=39203, RATIS_ADMIN=39203, RATIS_SERVER=39203, STANDALONE=35505], networkLocation: /default-rack, certSerialId: null, persistedOpState: IN_SERVICE, persistedOpStateExpiryEpochSec: 0}, ReplicationConfig: RATIS/ONE, State:ALLOCATED, leaderId:, CreationTimestamp2022-08-24T13:28:43.840Z[Etc/UTC]].
2022-08-24 13:28:43,841 [RatisPipelineUtilsThread - 0] INFO  pipeline.RatisPipelineProvider (RatisPipelineProvider.java:lambda$create$0(195)) - Sending CreatePipelineCommand for pipeline:PipelineID=83c55a40-e61e-4239-a6d5-d5ce6504ea78 to datanode:747b57e3-dfca-466a-9b58-285106b88173
2022-08-24 13:28:43,841 [RatisPipelineUtilsThread - 0] INFO  pipeline.RatisPipelineProvider (RatisPipelineProvider.java:lambda$create$0(195)) - Sending CreatePipelineCommand for pipeline:PipelineID=83c55a40-e61e-4239-a6d5-d5ce6504ea78 to datanode:6df90b5a-2255-4e76-9861-62a750936b37
2022-08-24 13:28:43,841 [RatisPipelineUtilsThread - 0] INFO  pipeline.RatisPipelineProvider (RatisPipelineProvider.java:lambda$create$0(195)) - Sending CreatePipelineCommand for pipeline:PipelineID=83c55a40-e61e-4239-a6d5-d5ce6504ea78 to datanode:a03cde11-8254-451f-9ee8-6e5d62d0f896
2022-08-24 13:28:43,842 [RatisPipelineUtilsThread - 0] INFO  pipeline.PipelineStateManagerImpl (PipelineStateManagerImpl.java:addPipeline(103)) - Created pipeline Pipeline[ Id: 83c55a40-e61e-4239-a6d5-d5ce6504ea78, Nodes: 747b57e3-dfca-466a-9b58-285106b88173{ip: 10.1.1.17, host: fv-az213-422.c2vz3wqhpjau3hcstnyptvmwla.cx.internal.cloudapp.net, ports: [REPLICATION=38933, RATIS=44797, RATIS_ADMIN=44797, RATIS_SERVER=44797, STANDALONE=35095], networkLocation: /default-rack, certSerialId: null, persistedOpState: IN_SERVICE, persistedOpStateExpiryEpochSec: 0}6df90b5a-2255-4e76-9861-62a750936b37{ip: 10.1.1.17, host: fv-az213-422.c2vz3wqhpjau3hcstnyptvmwla.cx.internal.cloudapp.net, ports: [REPLICATION=38049, RATIS=39203, RATIS_ADMIN=39203, RATIS_SERVER=39203, STANDALONE=35505], networkLocation: /default-rack, certSerialId: null, persistedOpState: IN_SERVICE, persistedOpStateExpiryEpochSec: 0}a03cde11-8254-451f-9ee8-6e5d62d0f896{ip: 10.1.1.17, host: fv-az213-422.c2vz3wqhpjau3hcstnyptvmwla.cx.internal.cloudapp.net, ports: [REPLICATION=42843, RATIS=39543, RATIS_ADMIN=39543, RATIS_SERVER=39543, STANDALONE=45719], networkLocation: /default-rack, certSerialId: null, persistedOpState: IN_SERVICE, persistedOpStateExpiryEpochSec: 0}, ReplicationConfig: RATIS/THREE, State:ALLOCATED, leaderId:, CreationTimestamp2022-08-24T13:28:43.841Z[Etc/UTC]].
2022-08-24 13:28:43,843 [RatisPipelineUtilsThread - 0] INFO  pipeline.RatisPipelineProvider (RatisPipelineProvider.java:lambda$create$0(195)) - Sending CreatePipelineCommand for pipeline:PipelineID=41675102-4c38-4148-84c6-d49c4920753b to datanode:747b57e3-dfca-466a-9b58-285106b88173
2022-08-24 13:28:43,843 [RatisPipelineUtilsThread - 0] INFO  pipeline.RatisPipelineProvider (RatisPipelineProvider.java:lambda$create$0(195)) - Sending CreatePipelineCommand for pipeline:PipelineID=41675102-4c38-4148-84c6-d49c4920753b to datanode:6df90b5a-2255-4e76-9861-62a750936b37
2022-08-24 13:28:43,843 [RatisPipelineUtilsThread - 0] INFO  pipeline.RatisPipelineProvider (RatisPipelineProvider.java:lambda$create$0(195)) - Sending CreatePipelineCommand for pipeline:PipelineID=41675102-4c38-4148-84c6-d49c4920753b to datanode:a03cde11-8254-451f-9ee8-6e5d62d0f896
2022-08-24 13:28:43,844 [RatisPipelineUtilsThread - 0] INFO  pipeline.PipelineStateManagerImpl (PipelineStateManagerImpl.java:addPipeline(103)) - Created pipeline Pipeline[ Id: 41675102-4c38-4148-84c6-d49c4920753b, Nodes: 747b57e3-dfca-466a-9b58-285106b88173{ip: 10.1.1.17, host: fv-az213-422.c2vz3wqhpjau3hcstnyptvmwla.cx.internal.cloudapp.net, ports: [REPLICATION=38933, RATIS=44797, RATIS_ADMIN=44797, RATIS_SERVER=44797, STANDALONE=35095], networkLocation: /default-rack, certSerialId: null, persistedOpState: IN_SERVICE, persistedOpStateExpiryEpochSec: 0}6df90b5a-2255-4e76-9861-62a750936b37{ip: 10.1.1.17, host: fv-az213-422.c2vz3wqhpjau3hcstnyptvmwla.cx.internal.cloudapp.net, ports: [REPLICATION=38049, RATIS=39203, RATIS_ADMIN=39203, RATIS_SERVER=39203, STANDALONE=35505], networkLocation: /default-rack, certSerialId: null, persistedOpState: IN_SERVICE, persistedOpStateExpiryEpochSec: 0}a03cde11-8254-451f-9ee8-6e5d62d0f896{ip: 10.1.1.17, host: fv-az213-422.c2vz3wqhpjau3hcstnyptvmwla.cx.internal.cloudapp.net, ports: [REPLICATION=42843, RATIS=39543, RATIS_ADMIN=39543, RATIS_SERVER=39543, STANDALONE=45719], networkLocation: /default-rack, certSerialId: null, persistedOpState: IN_SERVICE, persistedOpStateExpiryEpochSec: 0}, ReplicationConfig: RATIS/THREE, State:ALLOCATED, leaderId:, CreationTimestamp2022-08-24T13:28:43.843Z[Etc/UTC]].
2022-08-24 13:28:43,844 [RatisPipelineUtilsThread - 0] INFO  pipeline.PipelineManagerImpl (PipelineManagerImpl.java:recordMetricsForPipeline(796)) - Pipeline: PipelineID=41675102-4c38-4148-84c6-d49c4920753b contains same datanodes as previous pipelines: PipelineID=83c55a40-e61e-4239-a6d5-d5ce6504ea78 nodeIds: 747b57e3-dfca-466a-9b58-285106b88173, 6df90b5a-2255-4e76-9861-62a750936b37, a03cde11-8254-451f-9ee8-6e5d62d0f896
2022-08-24 13:28:44,194 [Listener at 127.0.0.1/38251] INFO  ozone.MiniOzoneClusterImpl (MiniOzoneClusterImpl.java:lambda$waitForClusterToBeReady$0(216)) - Waiting for nodes to be ready. Got 6 of 7 DN Heartbeats.
2022-08-24 13:28:44,195 [Listener at 127.0.0.1/38251] INFO  ozone.MiniOzoneClusterImpl (MiniOzoneClusterImpl.java:lambda$waitForClusterToBeReady$0(219)) - Waiting for cluster to exit safe mode
2022-08-24 13:28:44,195 [Listener at 127.0.0.1/38251] INFO  ozone.MiniOzoneClusterImpl (MiniOzoneClusterImpl.java:lambda$waitForClusterToBeReady$0(221)) - SCM became leader
2022-08-24 13:28:44,222 [IPC Server handler 9 on default port 40099] INFO  net.NetworkTopologyImpl (NetworkTopologyImpl.java:add(112)) - Added a new node: /default-rack/0046a835-3796-45b6-8c08-5dd5cec2cc64
2022-08-24 13:28:44,222 [IPC Server handler 9 on default port 40099] INFO  node.SCMNodeManager (SCMNodeManager.java:register(397)) - Registered Data node : 0046a835-3796-45b6-8c08-5dd5cec2cc64{ip: 10.1.1.17, host: fv-az213-422.c2vz3wqhpjau3hcstnyptvmwla.cx.internal.cloudapp.net, ports: [REPLICATION=40093, RATIS=38893, RATIS_ADMIN=38893, RATIS_SERVER=38893, STANDALONE=45095], networkLocation: /default-rack, certSerialId: null, persistedOpState: null, persistedOpStateExpiryEpochSec: 0}
2022-08-24 13:28:44,223 [EventQueue-NewNodeForNewNodeHandler] INFO  pipeline.BackgroundPipelineCreator (BackgroundPipelineCreator.java:notifyEventTriggered(276)) - trigger a one-shot run on RatisPipelineUtilsThread.
2022-08-24 13:28:44,223 [RatisPipelineUtilsThread - 0] INFO  pipeline.RatisPipelineProvider (RatisPipelineProvider.java:lambda$create$0(195)) - Sending CreatePipelineCommand for pipeline:PipelineID=96512f08-b2cc-4df1-90d4-4f272ff71fe7 to datanode:0046a835-3796-45b6-8c08-5dd5cec2cc64
2022-08-24 13:28:44,224 [RatisPipelineUtilsThread - 0] INFO  pipeline.PipelineStateManagerImpl (PipelineStateManagerImpl.java:addPipeline(103)) - Created pipeline Pipeline[ Id: 96512f08-b2cc-4df1-90d4-4f272ff71fe7, Nodes: 0046a835-3796-45b6-8c08-5dd5cec2cc64{ip: 10.1.1.17, host: fv-az213-422.c2vz3wqhpjau3hcstnyptvmwla.cx.internal.cloudapp.net, ports: [REPLICATION=40093, RATIS=38893, RATIS_ADMIN=38893, RATIS_SERVER=38893, STANDALONE=45095], networkLocation: /default-rack, certSerialId: null, persistedOpState: IN_SERVICE, persistedOpStateExpiryEpochSec: 0}, ReplicationConfig: RATIS/ONE, State:ALLOCATED, leaderId:, CreationTimestamp2022-08-24T13:28:44.223Z[Etc/UTC]].
2022-08-24 13:28:45,060 [Command processor thread] INFO  server.RaftServer (RaftServerProxy.java:addNew(96)) - 92e9f449-3c32-4f52-ab73-c65c98a3a92b: addNew group-14D2FFB8389D:[92e9f449-3c32-4f52-ab73-c65c98a3a92b|rpc:10.1.1.17:34651|priority:1] returns group-14D2FFB8389D:java.util.concurrent.CompletableFuture@1305306[Not completed]
2022-08-24 13:28:45,070 [pool-72-thread-1] INFO  server.RaftServer$Division (RaftServerImpl.java:<init>(190)) - 92e9f449-3c32-4f52-ab73-c65c98a3a92b: new RaftServerImpl for group-14D2FFB8389D:[92e9f449-3c32-4f52-ab73-c65c98a3a92b|rpc:10.1.1.17:34651|priority:1] with ContainerStateMachine:uninitialized
2022-08-24 13:28:45,070 [pool-72-thread-1] INFO  server.RaftServerConfigKeys (ConfUtils.java:logGet(46)) - raft.server.rpc.timeout.min = 5s (custom)
2022-08-24 13:28:45,071 [pool-72-thread-1] INFO  server.RaftServerConfigKeys (ConfUtils.java:logGet(46)) - raft.server.rpc.timeout.max = 5200ms (custom)
2022-08-24 13:28:45,071 [pool-72-thread-1] INFO  server.RaftServerConfigKeys (ConfUtils.java:logGet(46)) - raft.server.rpc.sleep.time = 25ms (default)
2022-08-24 13:28:45,071 [pool-72-thread-1] INFO  server.RaftServerConfigKeys (ConfUtils.java:logGet(46)) - raft.server.rpc.slowness.timeout = 300s (custom)
2022-08-24 13:28:45,071 [pool-72-thread-1] INFO  server.RaftServerConfigKeys (ConfUtils.java:logGet(46)) - raft.server.leaderelection.leader.step-down.wait-time = 10s (default)
2022-08-24 13:28:45,071 [pool-72-thread-1] INFO  server.RaftServerConfigKeys (ConfUtils.java:logGet(46)) - raft.server.sleep.deviation.threshold = 300ms (default)
2022-08-24 13:28:45,071 [pool-72-thread-1] INFO  server.RaftServer$Division (ServerState.java:<init>(107)) - 92e9f449-3c32-4f52-ab73-c65c98a3a92b@group-14D2FFB8389D: ConfigurationManager, init=-1: [92e9f449-3c32-4f52-ab73-c65c98a3a92b|rpc:10.1.1.17:34651|priority:1], old=null, confs=<EMPTY_MAP>
2022-08-24 13:28:45,071 [pool-72-thread-1] INFO  server.RaftServerConfigKeys (ConfUtils.java:logGet(46)) - raft.server.storage.dir = [/home/runner/work/ozone/ozone/hadoop-ozone/integration-test/target/test-dir/MiniOzoneClusterImpl-4ec5f5c4-b0ab-4cbf-8465-e18eb8453e4d/datanode-0/data/ratis] (custom)
2022-08-24 13:28:45,071 [pool-72-thread-1] INFO  server.RaftServerConfigKeys (ConfUtils.java:logGet(46)) - raft.server.log.corruption.policy = EXCEPTION (default)
2022-08-24 13:28:45,071 [pool-72-thread-1] INFO  server.RaftServerConfigKeys (ConfUtils.java:logGet(46)) - raft.server.storage.free-space.min = 0MB (=0) (default)
2022-08-24 13:28:45,071 [pool-72-thread-1] INFO  storage.RaftStorageDirectory (RaftStorageDirectoryImpl.java:analyzeStorage(135)) - The storage directory /home/runner/work/ozone/ozone/hadoop-ozone/integration-test/target/test-dir/MiniOzoneClusterImpl-4ec5f5c4-b0ab-4cbf-8465-e18eb8453e4d/datanode-0/data/ratis/73d04d51-26da-438c-91da-14d2ffb8389d does not exist. Creating ...
2022-08-24 13:28:45,073 [pool-72-thread-1] INFO  storage.RaftStorageDirectory (RaftStorageDirectoryImpl.java:tryLock(230)) - Lock on /home/runner/work/ozone/ozone/hadoop-ozone/integration-test/target/test-dir/MiniOzoneClusterImpl-4ec5f5c4-b0ab-4cbf-8465-e18eb8453e4d/datanode-0/data/ratis/73d04d51-26da-438c-91da-14d2ffb8389d/in_use.lock acquired by nodename 55499@fv-az213-422
2022-08-24 13:28:45,074 [pool-72-thread-1] INFO  storage.RaftStorage (RaftStorageImpl.java:format(89)) - Storage directory /home/runner/work/ozone/ozone/hadoop-ozone/integration-test/target/test-dir/MiniOzoneClusterImpl-4ec5f5c4-b0ab-4cbf-8465-e18eb8453e4d/datanode-0/data/ratis/73d04d51-26da-438c-91da-14d2ffb8389d has been successfully formatted.
2022-08-24 13:28:45,078 [pool-72-thread-1] INFO  ratis.ContainerStateMachine (ContainerStateMachine.java:loadSnapshot(236)) - group-14D2FFB8389D: The snapshot info is null. Setting the last applied indexto:(t:0, i:~)
2022-08-24 13:28:45,078 [pool-72-thread-1] INFO  server.RaftServerConfigKeys (ConfUtils.java:logGet(46)) - raft.server.notification.no-leader.timeout = 300s (custom)
2022-08-24 13:28:45,079 [pool-72-thread-1] INFO  server.RaftServerConfigKeys (ConfUtils.java:logGet(46)) - raft.server.log.use.memory = false (default)
2022-08-24 13:28:45,079 [pool-72-thread-1] INFO  server.RaftServerConfigKeys (ConfUtils.java:logGet(46)) - raft.server.log.purge.gap = 1000000 (custom)
2022-08-24 13:28:45,079 [pool-72-thread-1] INFO  server.RaftServerConfigKeys (ConfUtils.java:logGet(46)) - raft.server.log.appender.buffer.byte-limit = 33554432 (custom)
2022-08-24 13:28:45,079 [pool-72-thread-1] INFO  server.RaftServerConfigKeys (ConfUtils.java:logGet(46)) - raft.server.log.statemachine.data.read.timeout = 1000ms (default)
2022-08-24 13:28:45,079 [pool-72-thread-1] INFO  server.RaftServerConfigKeys (ConfUtils.java:logGet(46)) - raft.server.log.segment.size.max = 1048576 (custom)
2022-08-24 13:28:45,080 [pool-72-thread-1] INFO  server.RaftServerConfigKeys (ConfUtils.java:logGet(46)) - raft.server.log.segment.cache.num.max = 2 (custom)
2022-08-24 13:28:45,080 [pool-72-thread-1] INFO  server.RaftServerConfigKeys (ConfUtils.java:logGet(46)) - raft.server.log.segment.cache.size.max = 200MB (=209715200) (default)
2022-08-24 13:28:45,080 [pool-72-thread-1] INFO  segmented.SegmentedRaftLogWorker (SegmentedRaftLogWorker.java:<init>(187)) - new 92e9f449-3c32-4f52-ab73-c65c98a3a92b@group-14D2FFB8389D-SegmentedRaftLogWorker for RaftStorageImpl:Storage Directory /home/runner/work/ozone/ozone/hadoop-ozone/integration-test/target/test-dir/MiniOzoneClusterImpl-4ec5f5c4-b0ab-4cbf-8465-e18eb8453e4d/datanode-0/data/ratis/73d04d51-26da-438c-91da-14d2ffb8389d
2022-08-24 13:28:45,080 [pool-72-thread-1] INFO  server.RaftServerConfigKeys (ConfUtils.java:logGet(46)) - raft.server.log.queue.byte-limit = 4294967296 (custom)
2022-08-24 13:28:45,080 [pool-72-thread-1] INFO  server.RaftServerConfigKeys (ConfUtils.java:logGet(46)) - raft.server.log.queue.element-limit = 1024 (custom)
2022-08-24 13:28:45,080 [pool-72-thread-1] INFO  server.RaftServerConfigKeys (ConfUtils.java:logGet(46)) - raft.server.log.segment.size.max = 1048576 (custom)
2022-08-24 13:28:45,080 [pool-72-thread-1] INFO  server.RaftServerConfigKeys (ConfUtils.java:logGet(46)) - raft.server.log.preallocated.size = 16384 (custom)
2022-08-24 13:28:45,080 [pool-72-thread-1] INFO  server.RaftServerConfigKeys (ConfUtils.java:logGet(46)) - raft.server.log.force.sync.num = 128 (default)
2022-08-24 13:28:45,080 [pool-72-thread-1] INFO  server.RaftServerConfigKeys (ConfUtils.java:logGet(46)) - raft.server.log.statemachine.data.sync = true (default)
2022-08-24 13:28:45,080 [pool-72-thread-1] INFO  server.RaftServerConfigKeys (ConfUtils.java:logGet(46)) - raft.server.log.statemachine.data.sync.timeout = 10s (default)
2022-08-24 13:28:45,080 [pool-72-thread-1] INFO  server.RaftServerConfigKeys (ConfUtils.java:logGet(46)) - raft.server.log.statemachine.data.sync.timeout.retry = -1 (default)
2022-08-24 13:28:45,083 [pool-72-thread-1] INFO  server.RaftServerConfigKeys (ConfUtils.java:logGet(46)) - raft.server.log.write.buffer.size = 1048576 (custom)
2022-08-24 13:28:45,083 [pool-72-thread-1] INFO  server.RaftServerConfigKeys (ConfUtils.java:logGet(46)) - raft.server.log.unsafe-flush.enabled = false (default)
2022-08-24 13:28:45,083 [pool-72-thread-1] INFO  server.RaftServerConfigKeys (ConfUtils.java:logGet(46)) - raft.server.log.statemachine.data.caching.enabled = true (custom)
2022-08-24 13:28:45,083 [pool-72-thread-1] INFO  segmented.SegmentedRaftLogWorker (SegmentedRaftLogWorker.java:lambda$new$0(135)) - 92e9f449-3c32-4f52-ab73-c65c98a3a92b@group-14D2FFB8389D-SegmentedRaftLogWorker: flushIndex: setUnconditionally 0 -> -1
2022-08-24 13:28:45,083 [pool-72-thread-1] INFO  segmented.SegmentedRaftLogWorker (SegmentedRaftLogWorker.java:lambda$new$0(135)) - 92e9f449-3c32-4f52-ab73-c65c98a3a92b@group-14D2FFB8389D-SegmentedRaftLogWorker: safeCacheEvictIndex: setUnconditionally 0 -> -1
2022-08-24 13:28:45,083 [pool-72-thread-1] INFO  server.RaftServerConfigKeys (ConfUtils.java:logGet(46)) - raft.server.snapshot.auto.trigger.enabled = true (custom)
2022-08-24 13:28:45,083 [pool-72-thread-1] INFO  server.RaftServerConfigKeys (ConfUtils.java:logGet(46)) - raft.server.snapshot.auto.trigger.threshold = 10000 (custom)
2022-08-24 13:28:45,083 [pool-72-thread-1] INFO  server.RaftServerConfigKeys (ConfUtils.java:logGet(46)) - raft.server.snapshot.retention.file.num = 5 (custom)
2022-08-24 13:28:45,083 [pool-72-thread-1] INFO  server.RaftServerConfigKeys (ConfUtils.java:logGet(46)) - raft.server.log.purge.upto.snapshot.index = false (default)
2022-08-24 13:28:45,083 [pool-72-thread-1] INFO  server.RaftServerConfigKeys (ConfUtils.java:logGet(46)) - raft.server.retrycache.expirytime = 600000ms (custom)
2022-08-24 13:28:45,084 [pool-72-thread-1] INFO  server.RaftServerConfigKeys (ConfUtils.java:logGet(46)) - raft.server.retrycache.statistics.expirytime = 100μs (default)
2022-08-24 13:28:45,086 [pool-72-thread-1] INFO  server.RaftServerConfigKeys (ConfUtils.java:logGet(46)) - raft.server.log.appender.install.snapshot.enabled = false (custom)
2022-08-24 13:28:45,086 [pool-72-thread-1] INFO  server.RaftServerConfigKeys (ConfUtils.java:logGet(46)) - raft.server.threadpool.server.cached = true (default)
2022-08-24 13:28:45,086 [pool-72-thread-1] INFO  server.RaftServerConfigKeys (ConfUtils.java:logGet(46)) - raft.server.threadpool.server.size = 0 (default)
2022-08-24 13:28:45,086 [pool-72-thread-1] INFO  server.RaftServerConfigKeys (ConfUtils.java:logGet(46)) - raft.server.threadpool.client.cached = true (default)
2022-08-24 13:28:45,086 [pool-72-thread-1] INFO  server.RaftServerConfigKeys (ConfUtils.java:logGet(46)) - raft.server.threadpool.client.size = 0 (default)
2022-08-24 13:28:45,087 [pool-72-thread-1] INFO  server.RaftServer$Division (RaftServerImpl.java:start(310)) - 92e9f449-3c32-4f52-ab73-c65c98a3a92b@group-14D2FFB8389D: start as a follower, conf=-1: [92e9f449-3c32-4f52-ab73-c65c98a3a92b|rpc:10.1.1.17:34651|priority:1], old=null
2022-08-24 13:28:45,087 [pool-72-thread-1] INFO  server.RaftServer$Division (RaftServerImpl.java:setRole(299)) - 92e9f449-3c32-4f52-ab73-c65c98a3a92b@group-14D2FFB8389D: changes role from      null to FOLLOWER at term 0 for startAsFollower
2022-08-24 13:28:45,087 [pool-72-thread-1] INFO  impl.RoleInfo (RoleInfo.java:updateAndGet(139)) - 92e9f449-3c32-4f52-ab73-c65c98a3a92b: start 92e9f449-3c32-4f52-ab73-c65c98a3a92b@group-14D2FFB8389D-FollowerState
2022-08-24 13:28:45,089 [pool-72-thread-1] INFO  util.JmxRegister (JmxRegister.java:tryRegister(44)) - Successfully registered JMX Bean with object name Ratis:service=RaftServer,group=group-14D2FFB8389D,id=92e9f449-3c32-4f52-ab73-c65c98a3a92b
2022-08-24 13:28:45,101 [EventQueue-PipelineReportForPipelineReportHandler] INFO  pipeline.PipelineManagerImpl (PipelineManagerImpl.java:openPipeline(367)) - Pipeline Pipeline[ Id: 73d04d51-26da-438c-91da-14d2ffb8389d, Nodes: 92e9f449-3c32-4f52-ab73-c65c98a3a92b{ip: 10.1.1.17, host: fv-az213-422.c2vz3wqhpjau3hcstnyptvmwla.cx.internal.cloudapp.net, ports: [REPLICATION=42659, RATIS=34651, RATIS_ADMIN=34651, RATIS_SERVER=34651, STANDALONE=43793], networkLocation: /default-rack, certSerialId: null, persistedOpState: IN_SERVICE, persistedOpStateExpiryEpochSec: 0}, ReplicationConfig: RATIS/ONE, State:ALLOCATED, leaderId:92e9f449-3c32-4f52-ab73-c65c98a3a92b, CreationTimestamp2022-08-24T13:28:42.076Z[Etc/UTC]] moved to OPEN state
2022-08-24 13:28:45,106 [EventQueue-OpenPipelineForHealthyPipelineSafeModeRule] INFO  safemode.SCMSafeModeManager (HealthyPipelineSafeModeRule.java:process(137)) - SCM in safe mode. Healthy pipelines reported count is 0, required healthy pipeline reported count is 1
2022-08-24 13:28:45,107 [Command processor thread] INFO  ratis.XceiverServerRatis (XceiverServerRatis.java:addGroup(765)) - Created group PipelineID=73d04d51-26da-438c-91da-14d2ffb8389d
2022-08-24 13:28:45,108 [Command processor thread] INFO  commandhandler.CreatePipelineCommandHandler (CreatePipelineCommandHandler.java:handle(113)) - Created Pipeline RATIS ONE PipelineID=73d04d51-26da-438c-91da-14d2ffb8389d.
2022-08-24 13:28:45,108 [Command processor thread] INFO  server.RaftServer (RaftServerProxy.java:addNew(96)) - 92e9f449-3c32-4f52-ab73-c65c98a3a92b: addNew group-C88BC017548E:[5e001fdb-1723-4ba3-822b-ce1b40bc3aba|rpc:10.1.1.17:46401|priority:0, 8d791df9-aaf8-422e-b0a9-1bacd12a10c4|rpc:10.1.1.17:38621|priority:0, 92e9f449-3c32-4f52-ab73-c65c98a3a92b|rpc:10.1.1.17:34651|priority:1] returns group-C88BC017548E:java.util.concurrent.CompletableFuture@71940603[Not completed]
2022-08-24 13:28:45,109 [pool-72-thread-1] INFO  server.RaftServer$Division (RaftServerImpl.java:<init>(190)) - 92e9f449-3c32-4f52-ab73-c65c98a3a92b: new RaftServerImpl for group-C88BC017548E:[5e001fdb-1723-4ba3-822b-ce1b40bc3aba|rpc:10.1.1.17:46401|priority:0, 8d791df9-aaf8-422e-b0a9-1bacd12a10c4|rpc:10.1.1.17:38621|priority:0, 92e9f449-3c32-4f52-ab73-c65c98a3a92b|rpc:10.1.1.17:34651|priority:1] with ContainerStateMachine:uninitialized
2022-08-24 13:28:45,109 [pool-72-thread-1] INFO  server.RaftServerConfigKeys (ConfUtils.java:logGet(46)) - raft.server.rpc.timeout.min = 5s (custom)
2022-08-24 13:28:45,110 [pool-72-thread-1] INFO  server.RaftServerConfigKeys (ConfUtils.java:logGet(46)) - raft.server.rpc.timeout.max = 5200ms (custom)
2022-08-24 13:28:45,110 [pool-72-thread-1] INFO  server.RaftServerConfigKeys (ConfUtils.java:logGet(46)) - raft.server.rpc.sleep.time = 25ms (default)
2022-08-24 13:28:45,110 [pool-72-thread-1] INFO  server.RaftServerConfigKeys (ConfUtils.java:logGet(46)) - raft.server.rpc.slowness.timeout = 300s (custom)
2022-08-24 13:28:45,110 [pool-72-thread-1] INFO  server.RaftServerConfigKeys (ConfUtils.java:logGet(46)) - raft.server.leaderelection.leader.step-down.wait-time = 10s (default)
2022-08-24 13:28:45,110 [pool-72-thread-1] INFO  server.RaftServerConfigKeys (ConfUtils.java:logGet(46)) - raft.server.sleep.deviation.threshold = 300ms (default)
2022-08-24 13:28:45,110 [pool-72-thread-1] INFO  server.RaftServer$Division (ServerState.java:<init>(107)) - 92e9f449-3c32-4f52-ab73-c65c98a3a92b@group-C88BC017548E: ConfigurationManager, init=-1: [5e001fdb-1723-4ba3-822b-ce1b40bc3aba|rpc:10.1.1.17:46401|priority:0, 8d791df9-aaf8-422e-b0a9-1bacd12a10c4|rpc:10.1.1.17:38621|priority:0, 92e9f449-3c32-4f52-ab73-c65c98a3a92b|rpc:10.1.1.17:34651|priority:1], old=null, confs=<EMPTY_MAP>
2022-08-24 13:28:45,110 [pool-72-thread-1] INFO  server.RaftServerConfigKeys (ConfUtils.java:logGet(46)) - raft.server.storage.dir = [/home/runner/work/ozone/ozone/hadoop-ozone/integration-test/target/test-dir/MiniOzoneClusterImpl-4ec5f5c4-b0ab-4cbf-8465-e18eb8453e4d/datanode-0/data/ratis] (custom)
2022-08-24 13:28:45,110 [pool-72-thread-1] INFO  server.RaftServerConfigKeys (ConfUtils.java:logGet(46)) - raft.server.log.corruption.policy = EXCEPTION (default)
2022-08-24 13:28:45,110 [pool-72-thread-1] INFO  server.RaftServerConfigKeys (ConfUtils.java:logGet(46)) - raft.server.storage.free-space.min = 0MB (=0) (default)
2022-08-24 13:28:45,110 [pool-72-thread-1] INFO  storage.RaftStorageDirectory (RaftStorageDirectoryImpl.java:analyzeStorage(135)) - The storage directory /home/runner/work/ozone/ozone/hadoop-ozone/integration-test/target/test-dir/MiniOzoneClusterImpl-4ec5f5c4-b0ab-4cbf-8465-e18eb8453e4d/datanode-0/data/ratis/3fa87b7b-c617-420c-b03b-c88bc017548e does not exist. Creating ...
2022-08-24 13:28:45,112 [pool-72-thread-1] INFO  storage.RaftStorageDirectory (RaftStorageDirectoryImpl.java:tryLock(230)) - Lock on /home/runner/work/ozone/ozone/hadoop-ozone/integration-test/target/test-dir/MiniOzoneClusterImpl-4ec5f5c4-b0ab-4cbf-8465-e18eb8453e4d/datanode-0/data/ratis/3fa87b7b-c617-420c-b03b-c88bc017548e/in_use.lock acquired by nodename 55499@fv-az213-422
2022-08-24 13:28:45,113 [pool-72-thread-1] INFO  storage.RaftStorage (RaftStorageImpl.java:format(89)) - Storage directory /home/runner/work/ozone/ozone/hadoop-ozone/integration-test/target/test-dir/MiniOzoneClusterImpl-4ec5f5c4-b0ab-4cbf-8465-e18eb8453e4d/datanode-0/data/ratis/3fa87b7b-c617-420c-b03b-c88bc017548e has been successfully formatted.
2022-08-24 13:28:45,113 [pool-72-thread-1] INFO  ratis.ContainerStateMachine (ContainerStateMachine.java:loadSnapshot(236)) - group-C88BC017548E: The snapshot info is null. Setting the last applied indexto:(t:0, i:~)
2022-08-24 13:28:45,113 [pool-72-thread-1] INFO  server.RaftServerConfigKeys (ConfUtils.java:logGet(46)) - raft.server.notification.no-leader.timeout = 300s (custom)
2022-08-24 13:28:45,113 [pool-72-thread-1] INFO  server.RaftServerConfigKeys (ConfUtils.java:logGet(46)) - raft.server.log.use.memory = false (default)
2022-08-24 13:28:45,113 [pool-72-thread-1] INFO  server.RaftServerConfigKeys (ConfUtils.java:logGet(46)) - raft.server.log.purge.gap = 1000000 (custom)
2022-08-24 13:28:45,113 [pool-72-thread-1] INFO  server.RaftServerConfigKeys (ConfUtils.java:logGet(46)) - raft.server.log.appender.buffer.byte-limit = 33554432 (custom)
2022-08-24 13:28:45,115 [pool-72-thread-1] INFO  server.RaftServerConfigKeys (ConfUtils.java:logGet(46)) - raft.server.log.statemachine.data.read.timeout = 1000ms (default)
2022-08-24 13:28:45,120 [pool-72-thread-1] INFO  server.RaftServerConfigKeys (ConfUtils.java:logGet(46)) - raft.server.log.segment.size.max = 1048576 (custom)
2022-08-24 13:28:45,122 [pool-72-thread-1] INFO  server.RaftServerConfigKeys (ConfUtils.java:logGet(46)) - raft.server.log.segment.cache.num.max = 2 (custom)
2022-08-24 13:28:45,122 [pool-72-thread-1] INFO  server.RaftServerConfigKeys (ConfUtils.java:logGet(46)) - raft.server.log.segment.cache.size.max = 200MB (=209715200) (default)
2022-08-24 13:28:45,122 [pool-72-thread-1] INFO  segmented.SegmentedRaftLogWorker (SegmentedRaftLogWorker.java:<init>(187)) - new 92e9f449-3c32-4f52-ab73-c65c98a3a92b@group-C88BC017548E-SegmentedRaftLogWorker for RaftStorageImpl:Storage Directory /home/runner/work/ozone/ozone/hadoop-ozone/integration-test/target/test-dir/MiniOzoneClusterImpl-4ec5f5c4-b0ab-4cbf-8465-e18eb8453e4d/datanode-0/data/ratis/3fa87b7b-c617-420c-b03b-c88bc017548e
2022-08-24 13:28:45,122 [pool-72-thread-1] INFO  server.RaftServerConfigKeys (ConfUtils.java:logGet(46)) - raft.server.log.queue.byte-limit = 4294967296 (custom)
2022-08-24 13:28:45,122 [pool-72-thread-1] INFO  server.RaftServerConfigKeys (ConfUtils.java:logGet(46)) - raft.server.log.queue.element-limit = 1024 (custom)
2022-08-24 13:28:45,122 [pool-72-thread-1] INFO  server.RaftServerConfigKeys (ConfUtils.java:logGet(46)) - raft.server.log.segment.size.max = 1048576 (custom)
2022-08-24 13:28:45,122 [pool-72-thread-1] INFO  server.RaftServerConfigKeys (ConfUtils.java:logGet(46)) - raft.server.log.preallocated.size = 16384 (custom)
2022-08-24 13:28:45,122 [pool-72-thread-1] INFO  server.RaftServerConfigKeys (ConfUtils.java:logGet(46)) - raft.server.log.force.sync.num = 128 (default)
2022-08-24 13:28:45,122 [pool-72-thread-1] INFO  server.RaftServerConfigKeys (ConfUtils.java:logGet(46)) - raft.server.log.statemachine.data.sync = true (default)
2022-08-24 13:28:45,122 [pool-72-thread-1] INFO  server.RaftServerConfigKeys (ConfUtils.java:logGet(46)) - raft.server.log.statemachine.data.sync.timeout = 10s (default)
2022-08-24 13:28:45,122 [pool-72-thread-1] INFO  server.RaftServerConfigKeys (ConfUtils.java:logGet(46)) - raft.server.log.statemachine.data.sync.timeout.retry = -1 (default)
2022-08-24 13:28:45,121 [EventQueue-OpenPipelineForHealthyPipelineSafeModeRule] INFO  safemode.SCMSafeModeManager (HealthyPipelineSafeModeRule.java:process(137)) - SCM in safe mode. Healthy pipelines reported count is 0, required healthy pipeline reported count is 1
2022-08-24 13:28:45,124 [pool-72-thread-1] INFO  server.RaftServerConfigKeys (ConfUtils.java:logGet(46)) - raft.server.log.write.buffer.size = 1048576 (custom)
2022-08-24 13:28:45,125 [pool-72-thread-1] INFO  server.RaftServerConfigKeys (ConfUtils.java:logGet(46)) - raft.server.log.unsafe-flush.enabled = false (default)
2022-08-24 13:28:45,125 [pool-72-thread-1] INFO  server.RaftServerConfigKeys (ConfUtils.java:logGet(46)) - raft.server.log.statemachine.data.caching.enabled = true (custom)
2022-08-24 13:28:45,125 [pool-72-thread-1] INFO  segmented.SegmentedRaftLogWorker (SegmentedRaftLogWorker.java:lambda$new$0(135)) - 92e9f449-3c32-4f52-ab73-c65c98a3a92b@group-C88BC017548E-SegmentedRaftLogWorker: flushIndex: setUnconditionally 0 -> -1
2022-08-24 13:28:45,125 [pool-72-thread-1] INFO  segmented.SegmentedRaftLogWorker (SegmentedRaftLogWorker.java:lambda$new$0(135)) - 92e9f449-3c32-4f52-ab73-c65c98a3a92b@group-C88BC017548E-SegmentedRaftLogWorker: safeCacheEvictIndex: setUnconditionally 0 -> -1
2022-08-24 13:28:45,125 [pool-72-thread-1] INFO  server.RaftServerConfigKeys (ConfUtils.java:logGet(46)) - raft.server.snapshot.auto.trigger.enabled = true (custom)
2022-08-24 13:28:45,125 [pool-72-thread-1] INFO  server.RaftServerConfigKeys (ConfUtils.java:logGet(46)) - raft.server.snapshot.auto.trigger.threshold = 10000 (custom)
2022-08-24 13:28:45,125 [pool-72-thread-1] INFO  server.RaftServerConfigKeys (ConfUtils.java:logGet(46)) - raft.server.snapshot.retention.file.num = 5 (custom)
2022-08-24 13:28:45,125 [pool-72-thread-1] INFO  server.RaftServerConfigKeys (ConfUtils.java:logGet(46)) - raft.server.log.purge.upto.snapshot.index = false (default)
2022-08-24 13:28:45,125 [pool-72-thread-1] INFO  server.RaftServerConfigKeys (ConfUtils.java:logGet(46)) - raft.server.retrycache.expirytime = 600000ms (custom)
2022-08-24 13:28:45,125 [pool-72-thread-1] INFO  server.RaftServerConfigKeys (ConfUtils.java:logGet(46)) - raft.server.retrycache.statistics.expirytime = 100μs (default)
2022-08-24 13:28:45,128 [pool-72-thread-1] INFO  server.RaftServerConfigKeys (ConfUtils.java:logGet(46)) - raft.server.log.appender.install.snapshot.enabled = false (custom)
2022-08-24 13:28:45,128 [pool-72-thread-1] INFO  server.RaftServerConfigKeys (ConfUtils.java:logGet(46)) - raft.server.threadpool.server.cached = true (default)
2022-08-24 13:28:45,128 [pool-72-thread-1] INFO  server.RaftServerConfigKeys (ConfUtils.java:logGet(46)) - raft.server.threadpool.server.size = 0 (default)
2022-08-24 13:28:45,128 [pool-72-thread-1] INFO  server.RaftServerConfigKeys (ConfUtils.java:logGet(46)) - raft.server.threadpool.client.cached = true (default)
2022-08-24 13:28:45,128 [pool-72-thread-1] INFO  server.RaftServerConfigKeys (ConfUtils.java:logGet(46)) - raft.server.threadpool.client.size = 0 (default)
2022-08-24 13:28:45,128 [pool-72-thread-1] INFO  server.RaftServer$Division (RaftServerImpl.java:start(310)) - 92e9f449-3c32-4f52-ab73-c65c98a3a92b@group-C88BC017548E: start as a follower, conf=-1: [5e001fdb-1723-4ba3-822b-ce1b40bc3aba|rpc:10.1.1.17:46401|priority:0, 8d791df9-aaf8-422e-b0a9-1bacd12a10c4|rpc:10.1.1.17:38621|priority:0, 92e9f449-3c32-4f52-ab73-c65c98a3a92b|rpc:10.1.1.17:34651|priority:1], old=null
2022-08-24 13:28:45,128 [pool-72-thread-1] INFO  server.RaftServer$Division (RaftServerImpl.java:setRole(299)) - 92e9f449-3c32-4f52-ab73-c65c98a3a92b@group-C88BC017548E: changes role from      null to FOLLOWER at term 0 for startAsFollower
2022-08-24 13:28:45,128 [pool-72-thread-1] INFO  impl.RoleInfo (RoleInfo.java:updateAndGet(139)) - 92e9f449-3c32-4f52-ab73-c65c98a3a92b: start 92e9f449-3c32-4f52-ab73-c65c98a3a92b@group-C88BC017548E-FollowerState
2022-08-24 13:28:45,128 [pool-72-thread-1] INFO  util.JmxRegister (JmxRegister.java:tryRegister(44)) - Successfully registered JMX Bean with object name Ratis:service=RaftServer,group=group-C88BC017548E,id=92e9f449-3c32-4f52-ab73-c65c98a3a92b
2022-08-24 13:28:45,129 [Command processor thread] INFO  ratis.XceiverServerRatis (XceiverServerRatis.java:addGroup(765)) - Created group PipelineID=3fa87b7b-c617-420c-b03b-c88bc017548e
2022-08-24 13:28:45,196 [Listener at 127.0.0.1/38251] INFO  ozone.MiniOzoneClusterImpl (MiniOzoneClusterImpl.java:lambda$waitForClusterToBeReady$0(216)) - Nodes are ready. Got 7 of 7 DN Heartbeats.
2022-08-24 13:28:45,196 [Listener at 127.0.0.1/38251] INFO  ozone.MiniOzoneClusterImpl (MiniOzoneClusterImpl.java:lambda$waitForClusterToBeReady$0(219)) - Waiting for cluster to exit safe mode
2022-08-24 13:28:45,196 [Listener at 127.0.0.1/38251] INFO  ozone.MiniOzoneClusterImpl (MiniOzoneClusterImpl.java:lambda$waitForClusterToBeReady$0(221)) - SCM became leader
2022-08-24 13:28:45,594 [grpc-default-executor-0] INFO  server.RaftServer (RaftServerProxy.java:addNew(96)) - 5e001fdb-1723-4ba3-822b-ce1b40bc3aba: addNew group-C88BC017548E:[5e001fdb-1723-4ba3-822b-ce1b40bc3aba|rpc:10.1.1.17:46401|dataStream:|priority:0, 8d791df9-aaf8-422e-b0a9-1bacd12a10c4|rpc:10.1.1.17:38621|dataStream:|priority:0, 92e9f449-3c32-4f52-ab73-c65c98a3a92b|rpc:10.1.1.17:34651|dataStream:|priority:1] returns group-C88BC017548E:java.util.concurrent.CompletableFuture@417c2d83[Not completed]
2022-08-24 13:28:45,595 [pool-95-thread-1] INFO  server.RaftServer$Division (RaftServerImpl.java:<init>(190)) - 5e001fdb-1723-4ba3-822b-ce1b40bc3aba: new RaftServerImpl for group-C88BC017548E:[5e001fdb-1723-4ba3-822b-ce1b40bc3aba|rpc:10.1.1.17:46401|dataStream:|priority:0, 8d791df9-aaf8-422e-b0a9-1bacd12a10c4|rpc:10.1.1.17:38621|dataStream:|priority:0, 92e9f449-3c32-4f52-ab73-c65c98a3a92b|rpc:10.1.1.17:34651|dataStream:|priority:1] with ContainerStateMachine:uninitialized
2022-08-24 13:28:45,595 [pool-95-thread-1] INFO  server.RaftServerConfigKeys (ConfUtils.java:logGet(46)) - raft.server.rpc.timeout.min = 5s (custom)
2022-08-24 13:28:45,595 [pool-95-thread-1] INFO  server.RaftServerConfigKeys (ConfUtils.java:logGet(46)) - raft.server.rpc.timeout.max = 5200ms (custom)
2022-08-24 13:28:45,595 [pool-95-thread-1] INFO  server.RaftServerConfigKeys (ConfUtils.java:logGet(46)) - raft.server.rpc.sleep.time = 25ms (default)
2022-08-24 13:28:45,595 [pool-95-thread-1] INFO  server.RaftServerConfigKeys (ConfUtils.java:logGet(46)) - raft.server.rpc.slowness.timeout = 300s (custom)
2022-08-24 13:28:45,595 [pool-95-thread-1] INFO  server.RaftServerConfigKeys (ConfUtils.java:logGet(46)) - raft.server.leaderelection.leader.step-down.wait-time = 10s (default)
2022-08-24 13:28:45,596 [pool-95-thread-1] INFO  server.RaftServerConfigKeys (ConfUtils.java:logGet(46)) - raft.server.sleep.deviation.threshold = 300ms (default)
2022-08-24 13:28:45,596 [pool-95-thread-1] INFO  server.RaftServer$Division (ServerState.java:<init>(107)) - 5e001fdb-1723-4ba3-822b-ce1b40bc3aba@group-C88BC017548E: ConfigurationManager, init=-1: [5e001fdb-1723-4ba3-822b-ce1b40bc3aba|rpc:10.1.1.17:46401|dataStream:|priority:0, 8d791df9-aaf8-422e-b0a9-1bacd12a10c4|rpc:10.1.1.17:38621|dataStream:|priority:0, 92e9f449-3c32-4f52-ab73-c65c98a3a92b|rpc:10.1.1.17:34651|dataStream:|priority:1], old=null, confs=<EMPTY_MAP>
2022-08-24 13:28:45,596 [pool-95-thread-1] INFO  server.RaftServerConfigKeys (ConfUtils.java:logGet(46)) - raft.server.storage.dir = [/home/runner/work/ozone/ozone/hadoop-ozone/integration-test/target/test-dir/MiniOzoneClusterImpl-4ec5f5c4-b0ab-4cbf-8465-e18eb8453e4d/datanode-1/data/ratis] (custom)
2022-08-24 13:28:45,596 [pool-95-thread-1] INFO  server.RaftServerConfigKeys (ConfUtils.java:logGet(46)) - raft.server.log.corruption.policy = EXCEPTION (default)
2022-08-24 13:28:45,596 [pool-95-thread-1] INFO  server.RaftServerConfigKeys (ConfUtils.java:logGet(46)) - raft.server.storage.free-space.min = 0MB (=0) (default)
2022-08-24 13:28:45,596 [pool-95-thread-1] INFO  storage.RaftStorageDirectory (RaftStorageDirectoryImpl.java:analyzeStorage(135)) - The storage directory /home/runner/work/ozone/ozone/hadoop-ozone/integration-test/target/test-dir/MiniOzoneClusterImpl-4ec5f5c4-b0ab-4cbf-8465-e18eb8453e4d/datanode-1/data/ratis/3fa87b7b-c617-420c-b03b-c88bc017548e does not exist. Creating ...
2022-08-24 13:28:45,597 [Command processor thread] INFO  server.RaftServer (RaftServerProxy.java:addNew(96)) - 5e001fdb-1723-4ba3-822b-ce1b40bc3aba: addNew group-4A019D1E227B:[5e001fdb-1723-4ba3-822b-ce1b40bc3aba|rpc:10.1.1.17:46401|priority:1] returns group-4A019D1E227B:java.util.concurrent.CompletableFuture@6a88620e[Not completed]
2022-08-24 13:28:45,600 [pool-95-thread-1] INFO  storage.RaftStorageDirectory (RaftStorageDirectoryImpl.java:tryLock(230)) - Lock on /home/runner/work/ozone/ozone/hadoop-ozone/integration-test/target/test-dir/MiniOzoneClusterImpl-4ec5f5c4-b0ab-4cbf-8465-e18eb8453e4d/datanode-1/data/ratis/3fa87b7b-c617-420c-b03b-c88bc017548e/in_use.lock acquired by nodename 55499@fv-az213-422
2022-08-24 13:28:45,601 [pool-95-thread-1] INFO  storage.RaftStorage (RaftStorageImpl.java:format(89)) - Storage directory /home/runner/work/ozone/ozone/hadoop-ozone/integration-test/target/test-dir/MiniOzoneClusterImpl-4ec5f5c4-b0ab-4cbf-8465-e18eb8453e4d/datanode-1/data/ratis/3fa87b7b-c617-420c-b03b-c88bc017548e has been successfully formatted.
2022-08-24 13:28:45,601 [pool-95-thread-1] INFO  ratis.ContainerStateMachine (ContainerStateMachine.java:loadSnapshot(236)) - group-C88BC017548E: The snapshot info is null. Setting the last applied indexto:(t:0, i:~)
2022-08-24 13:28:45,603 [pool-95-thread-1] INFO  server.RaftServerConfigKeys (ConfUtils.java:logGet(46)) - raft.server.notification.no-leader.timeout = 300s (custom)
2022-08-24 13:28:45,603 [pool-95-thread-1] INFO  server.RaftServerConfigKeys (ConfUtils.java:logGet(46)) - raft.server.log.use.memory = false (default)
2022-08-24 13:28:45,603 [pool-95-thread-1] INFO  server.RaftServerConfigKeys (ConfUtils.java:logGet(46)) - raft.server.log.purge.gap = 1000000 (custom)
2022-08-24 13:28:45,603 [pool-95-thread-1] INFO  server.RaftServerConfigKeys (ConfUtils.java:logGet(46)) - raft.server.log.appender.buffer.byte-limit = 33554432 (custom)
2022-08-24 13:28:45,603 [pool-95-thread-1] INFO  server.RaftServerConfigKeys (ConfUtils.java:logGet(46)) - raft.server.log.statemachine.data.read.timeout = 1000ms (default)
2022-08-24 13:28:45,604 [pool-95-thread-1] INFO  server.RaftServerConfigKeys (ConfUtils.java:logGet(46)) - raft.server.log.segment.size.max = 1048576 (custom)
2022-08-24 13:28:45,605 [pool-95-thread-1] INFO  server.RaftServerConfigKeys (ConfUtils.java:logGet(46)) - raft.server.log.segment.cache.num.max = 2 (custom)
2022-08-24 13:28:45,605 [pool-95-thread-1] INFO  server.RaftServerConfigKeys (ConfUtils.java:logGet(46)) - raft.server.log.segment.cache.size.max = 200MB (=209715200) (default)
2022-08-24 13:28:45,605 [pool-95-thread-1] INFO  segmented.SegmentedRaftLogWorker (SegmentedRaftLogWorker.java:<init>(187)) - new 5e001fdb-1723-4ba3-822b-ce1b40bc3aba@group-C88BC017548E-SegmentedRaftLogWorker for RaftStorageImpl:Storage Directory /home/runner/work/ozone/ozone/hadoop-ozone/integration-test/target/test-dir/MiniOzoneClusterImpl-4ec5f5c4-b0ab-4cbf-8465-e18eb8453e4d/datanode-1/data/ratis/3fa87b7b-c617-420c-b03b-c88bc017548e
2022-08-24 13:28:45,605 [pool-95-thread-1] INFO  server.RaftServerConfigKeys (ConfUtils.java:logGet(46)) - raft.server.log.queue.byte-limit = 4294967296 (custom)
2022-08-24 13:28:45,605 [pool-95-thread-1] INFO  server.RaftServerConfigKeys (ConfUtils.java:logGet(46)) - raft.server.log.queue.element-limit = 1024 (custom)
2022-08-24 13:28:45,605 [pool-95-thread-1] INFO  server.RaftServerConfigKeys (ConfUtils.java:logGet(46)) - raft.server.log.segment.size.max = 1048576 (custom)
2022-08-24 13:28:45,605 [pool-95-thread-1] INFO  server.RaftServerConfigKeys (ConfUtils.java:logGet(46)) - raft.server.log.preallocated.size = 16384 (custom)
2022-08-24 13:28:45,605 [pool-95-thread-1] INFO  server.RaftServerConfigKeys (ConfUtils.java:logGet(46)) - raft.server.log.force.sync.num = 128 (default)
2022-08-24 13:28:45,605 [pool-95-thread-1] INFO  server.RaftServerConfigKeys (ConfUtils.java:logGet(46)) - raft.server.log.statemachine.data.sync = true (default)
2022-08-24 13:28:45,605 [EventQueue-PipelineReportForPipelineReportHandler] INFO  pipeline.PipelineManagerImpl (PipelineManagerImpl.java:openPipeline(367)) - Pipeline Pipeline[ Id: bfd85ca4-5b0b-4f36-ab91-4a019d1e227b, Nodes: 5e001fdb-1723-4ba3-822b-ce1b40bc3aba{ip: 10.1.1.17, host: fv-az213-422.c2vz3wqhpjau3hcstnyptvmwla.cx.internal.cloudapp.net, ports: [REPLICATION=34205, RATIS=46401, RATIS_ADMIN=46401, RATIS_SERVER=46401, STANDALONE=35633], networkLocation: /default-rack, certSerialId: null, persistedOpState: IN_SERVICE, persistedOpStateExpiryEpochSec: 0}, ReplicationConfig: RATIS/ONE, State:ALLOCATED, leaderId:5e001fdb-1723-4ba3-822b-ce1b40bc3aba, CreationTimestamp2022-08-24T13:28:42.600Z[Etc/UTC]] moved to OPEN state
2022-08-24 13:28:45,605 [pool-95-thread-1] INFO  server.RaftServerConfigKeys (ConfUtils.java:logGet(46)) - raft.server.log.statemachine.data.sync.timeout = 10s (default)
2022-08-24 13:28:45,605 [pool-95-thread-1] INFO  server.RaftServerConfigKeys (ConfUtils.java:logGet(46)) - raft.server.log.statemachine.data.sync.timeout.retry = -1 (default)
2022-08-24 13:28:45,606 [EventQueue-OpenPipelineForHealthyPipelineSafeModeRule] INFO  safemode.SCMSafeModeManager (HealthyPipelineSafeModeRule.java:process(137)) - SCM in safe mode. Healthy pipelines reported count is 0, required healthy pipeline reported count is 1
2022-08-24 13:28:45,609 [pool-95-thread-1] INFO  server.RaftServerConfigKeys (ConfUtils.java:logGet(46)) - raft.server.log.write.buffer.size = 1048576 (custom)
2022-08-24 13:28:45,609 [pool-95-thread-1] INFO  server.RaftServerConfigKeys (ConfUtils.java:logGet(46)) - raft.server.log.unsafe-flush.enabled = false (default)
2022-08-24 13:28:45,609 [pool-95-thread-1] INFO  server.RaftServerConfigKeys (ConfUtils.java:logGet(46)) - raft.server.log.statemachine.data.caching.enabled = true (custom)
2022-08-24 13:28:45,609 [pool-95-thread-1] INFO  segmented.SegmentedRaftLogWorker (SegmentedRaftLogWorker.java:lambda$new$0(135)) - 5e001fdb-1723-4ba3-822b-ce1b40bc3aba@group-C88BC017548E-SegmentedRaftLogWorker: flushIndex: setUnconditionally 0 -> -1
2022-08-24 13:28:45,609 [pool-95-thread-1] INFO  segmented.SegmentedRaftLogWorker (SegmentedRaftLogWorker.java:lambda$new$0(135)) - 5e001fdb-1723-4ba3-822b-ce1b40bc3aba@group-C88BC017548E-SegmentedRaftLogWorker: safeCacheEvictIndex: setUnconditionally 0 -> -1
2022-08-24 13:28:45,609 [pool-95-thread-1] INFO  server.RaftServerConfigKeys (ConfUtils.java:logGet(46)) - raft.server.snapshot.auto.trigger.enabled = true (custom)
2022-08-24 13:28:45,609 [pool-95-thread-1] INFO  server.RaftServerConfigKeys (ConfUtils.java:logGet(46)) - raft.server.snapshot.auto.trigger.threshold = 10000 (custom)
2022-08-24 13:28:45,609 [pool-95-thread-1] INFO  server.RaftServerConfigKeys (ConfUtils.java:logGet(46)) - raft.server.snapshot.retention.file.num = 5 (custom)
2022-08-24 13:28:45,609 [pool-95-thread-1] INFO  server.RaftServerConfigKeys (ConfUtils.java:logGet(46)) - raft.server.log.purge.upto.snapshot.index = false (default)
2022-08-24 13:28:45,609 [pool-95-thread-1] INFO  server.RaftServerConfigKeys (ConfUtils.java:logGet(46)) - raft.server.retrycache.expirytime = 600000ms (custom)
2022-08-24 13:28:45,609 [pool-95-thread-1] INFO  server.RaftServerConfigKeys (ConfUtils.java:logGet(46)) - raft.server.retrycache.statistics.expirytime = 100μs (default)
2022-08-24 13:28:45,612 [pool-95-thread-1] INFO  server.RaftServerConfigKeys (ConfUtils.java:logGet(46)) - raft.server.log.appender.install.snapshot.enabled = false (custom)
2022-08-24 13:28:45,612 [pool-95-thread-1] INFO  server.RaftServerConfigKeys (ConfUtils.java:logGet(46)) - raft.server.threadpool.server.cached = true (default)
2022-08-24 13:28:45,612 [pool-95-thread-1] INFO  server.RaftServerConfigKeys (ConfUtils.java:logGet(46)) - raft.server.threadpool.server.size = 0 (default)
2022-08-24 13:28:45,612 [pool-95-thread-1] INFO  server.RaftServerConfigKeys (ConfUtils.java:logGet(46)) - raft.server.threadpool.client.cached = true (default)
2022-08-24 13:28:45,612 [pool-95-thread-1] INFO  server.RaftServerConfigKeys (ConfUtils.java:logGet(46)) - raft.server.threadpool.client.size = 0 (default)
2022-08-24 13:28:45,613 [pool-95-thread-1] INFO  server.RaftServer$Division (RaftServerImpl.java:<init>(190)) - 5e001fdb-1723-4ba3-822b-ce1b40bc3aba: new RaftServerImpl for group-4A019D1E227B:[5e001fdb-1723-4ba3-822b-ce1b40bc3aba|rpc:10.1.1.17:46401|priority:1] with ContainerStateMachine:uninitialized
2022-08-24 13:28:45,613 [pool-95-thread-1] INFO  server.RaftServerConfigKeys (ConfUtils.java:logGet(46)) - raft.server.rpc.timeout.min = 5s (custom)
2022-08-24 13:28:45,613 [pool-95-thread-1] INFO  server.RaftServerConfigKeys (ConfUtils.java:logGet(46)) - raft.server.rpc.timeout.max = 5200ms (custom)
2022-08-24 13:28:45,613 [pool-95-thread-1] INFO  server.RaftServerConfigKeys (ConfUtils.java:logGet(46)) - raft.server.rpc.sleep.time = 25ms (default)
2022-08-24 13:28:45,613 [pool-95-thread-1] INFO  server.RaftServerConfigKeys (ConfUtils.java:logGet(46)) - raft.server.rpc.slowness.timeout = 300s (custom)
2022-08-24 13:28:45,613 [pool-95-thread-1] INFO  server.RaftServerConfigKeys (ConfUtils.java:logGet(46)) - raft.server.leaderelection.leader.step-down.wait-time = 10s (default)
2022-08-24 13:28:45,613 [pool-95-thread-1] INFO  server.RaftServerConfigKeys (ConfUtils.java:logGet(46)) - raft.server.sleep.deviation.threshold = 300ms (default)
2022-08-24 13:28:45,613 [pool-95-thread-1] INFO  server.RaftServer$Division (ServerState.java:<init>(107)) - 5e001fdb-1723-4ba3-822b-ce1b40bc3aba@group-4A019D1E227B: ConfigurationManager, init=-1: [5e001fdb-1723-4ba3-822b-ce1b40bc3aba|rpc:10.1.1.17:46401|priority:1], old=null, confs=<EMPTY_MAP>
2022-08-24 13:28:45,613 [pool-95-thread-1] INFO  server.RaftServerConfigKeys (ConfUtils.java:logGet(46)) - raft.server.storage.dir = [/home/runner/work/ozone/ozone/hadoop-ozone/integration-test/target/test-dir/MiniOzoneClusterImpl-4ec5f5c4-b0ab-4cbf-8465-e18eb8453e4d/datanode-1/data/ratis] (custom)
2022-08-24 13:28:45,613 [pool-95-thread-1] INFO  server.RaftServerConfigKeys (ConfUtils.java:logGet(46)) - raft.server.log.corruption.policy = EXCEPTION (default)
2022-08-24 13:28:45,613 [pool-95-thread-1] INFO  server.RaftServerConfigKeys (ConfUtils.java:logGet(46)) - raft.server.storage.free-space.min = 0MB (=0) (default)
2022-08-24 13:28:45,613 [pool-95-thread-1] INFO  storage.RaftStorageDirectory (RaftStorageDirectoryImpl.java:analyzeStorage(135)) - The storage directory /home/runner/work/ozone/ozone/hadoop-ozone/integration-test/target/test-dir/MiniOzoneClusterImpl-4ec5f5c4-b0ab-4cbf-8465-e18eb8453e4d/datanode-1/data/ratis/bfd85ca4-5b0b-4f36-ab91-4a019d1e227b does not exist. Creating ...
2022-08-24 13:28:45,614 [pool-95-thread-1] INFO  storage.RaftStorageDirectory (RaftStorageDirectoryImpl.java:tryLock(230)) - Lock on /home/runner/work/ozone/ozone/hadoop-ozone/integration-test/target/test-dir/MiniOzoneClusterImpl-4ec5f5c4-b0ab-4cbf-8465-e18eb8453e4d/datanode-1/data/ratis/bfd85ca4-5b0b-4f36-ab91-4a019d1e227b/in_use.lock acquired by nodename 55499@fv-az213-422
2022-08-24 13:28:45,615 [pool-95-thread-1] INFO  storage.RaftStorage (RaftStorageImpl.java:format(89)) - Storage directory /home/runner/work/ozone/ozone/hadoop-ozone/integration-test/target/test-dir/MiniOzoneClusterImpl-4ec5f5c4-b0ab-4cbf-8465-e18eb8453e4d/datanode-1/data/ratis/bfd85ca4-5b0b-4f36-ab91-4a019d1e227b has been successfully formatted.
2022-08-24 13:28:45,624 [pool-95-thread-1] INFO  ratis.ContainerStateMachine (ContainerStateMachine.java:loadSnapshot(236)) - group-4A019D1E227B: The snapshot info is null. Setting the last applied indexto:(t:0, i:~)
2022-08-24 13:28:45,624 [pool-95-thread-1] INFO  server.RaftServerConfigKeys (ConfUtils.java:logGet(46)) - raft.server.notification.no-leader.timeout = 300s (custom)
2022-08-24 13:28:45,624 [pool-95-thread-1] INFO  server.RaftServerConfigKeys (ConfUtils.java:logGet(46)) - raft.server.log.use.memory = false (default)
2022-08-24 13:28:45,624 [pool-95-thread-1] INFO  server.RaftServerConfigKeys (ConfUtils.java:logGet(46)) - raft.server.log.purge.gap = 1000000 (custom)
2022-08-24 13:28:45,624 [pool-95-thread-1] INFO  server.RaftServerConfigKeys (ConfUtils.java:logGet(46)) - raft.server.log.appender.buffer.byte-limit = 33554432 (custom)
2022-08-24 13:28:45,624 [pool-95-thread-1] INFO  server.RaftServerConfigKeys (ConfUtils.java:logGet(46)) - raft.server.log.statemachine.data.read.timeout = 1000ms (default)
2022-08-24 13:28:45,624 [pool-95-thread-1] INFO  server.RaftServerConfigKeys (ConfUtils.java:logGet(46)) - raft.server.log.segment.size.max = 1048576 (custom)
2022-08-24 13:28:45,625 [pool-95-thread-1] INFO  server.RaftServerConfigKeys (ConfUtils.java:logGet(46)) - raft.server.log.segment.cache.num.max = 2 (custom)
2022-08-24 13:28:45,625 [pool-95-thread-1] INFO  server.RaftServerConfigKeys (ConfUtils.java:logGet(46)) - raft.server.log.segment.cache.size.max = 200MB (=209715200) (default)
2022-08-24 13:28:45,625 [pool-95-thread-1] INFO  segmented.SegmentedRaftLogWorker (SegmentedRaftLogWorker.java:<init>(187)) - new 5e001fdb-1723-4ba3-822b-ce1b40bc3aba@group-4A019D1E227B-SegmentedRaftLogWorker for RaftStorageImpl:Storage Directory /home/runner/work/ozone/ozone/hadoop-ozone/integration-test/target/test-dir/MiniOzoneClusterImpl-4ec5f5c4-b0ab-4cbf-8465-e18eb8453e4d/datanode-1/data/ratis/bfd85ca4-5b0b-4f36-ab91-4a019d1e227b
2022-08-24 13:28:45,625 [pool-95-thread-1] INFO  server.RaftServerConfigKeys (ConfUtils.java:logGet(46)) - raft.server.log.queue.byte-limit = 4294967296 (custom)
2022-08-24 13:28:45,625 [pool-95-thread-1] INFO  server.RaftServerConfigKeys (ConfUtils.java:logGet(46)) - raft.server.log.queue.element-limit = 1024 (custom)
2022-08-24 13:28:45,625 [pool-95-thread-1] INFO  server.RaftServerConfigKeys (ConfUtils.java:logGet(46)) - raft.server.log.segment.size.max = 1048576 (custom)
2022-08-24 13:28:45,625 [pool-95-thread-1] INFO  server.RaftServerConfigKeys (ConfUtils.java:logGet(46)) - raft.server.log.preallocated.size = 16384 (custom)
2022-08-24 13:28:45,625 [pool-95-thread-1] INFO  server.RaftServerConfigKeys (ConfUtils.java:logGet(46)) - raft.server.log.force.sync.num = 128 (default)
2022-08-24 13:28:45,625 [pool-95-thread-1] INFO  server.RaftServerConfigKeys (ConfUtils.java:logGet(46)) - raft.server.log.statemachine.data.sync = true (default)
2022-08-24 13:28:45,625 [pool-95-thread-1] INFO  server.RaftServerConfigKeys (ConfUtils.java:logGet(46)) - raft.server.log.statemachine.data.sync.timeout = 10s (default)
2022-08-24 13:28:45,626 [pool-95-thread-1] INFO  server.RaftServerConfigKeys (ConfUtils.java:logGet(46)) - raft.server.log.statemachine.data.sync.timeout.retry = -1 (default)
2022-08-24 13:28:45,627 [pool-95-thread-1] INFO  server.RaftServerConfigKeys (ConfUtils.java:logGet(46)) - raft.server.log.write.buffer.size = 1048576 (custom)
2022-08-24 13:28:45,628 [EventQueue-OpenPipelineForHealthyPipelineSafeModeRule] INFO  safemode.SCMSafeModeManager (HealthyPipelineSafeModeRule.java:process(137)) - SCM in safe mode. Healthy pipelines reported count is 0, required healthy pipeline reported count is 1
2022-08-24 13:28:45,634 [pool-95-thread-1] INFO  server.RaftServerConfigKeys (ConfUtils.java:logGet(46)) - raft.server.log.unsafe-flush.enabled = false (default)
2022-08-24 13:28:45,634 [pool-95-thread-1] INFO  server.RaftServerConfigKeys (ConfUtils.java:logGet(46)) - raft.server.log.statemachine.data.caching.enabled = true (custom)
2022-08-24 13:28:45,635 [pool-95-thread-1] INFO  segmented.SegmentedRaftLogWorker (SegmentedRaftLogWorker.java:lambda$new$0(135)) - 5e001fdb-1723-4ba3-822b-ce1b40bc3aba@group-4A019D1E227B-SegmentedRaftLogWorker: flushIndex: setUnconditionally 0 -> -1
2022-08-24 13:28:45,635 [pool-95-thread-1] INFO  segmented.SegmentedRaftLogWorker (SegmentedRaftLogWorker.java:lambda$new$0(135)) - 5e001fdb-1723-4ba3-822b-ce1b40bc3aba@group-4A019D1E227B-SegmentedRaftLogWorker: safeCacheEvictIndex: setUnconditionally 0 -> -1
2022-08-24 13:28:45,635 [pool-95-thread-1] INFO  server.RaftServerConfigKeys (ConfUtils.java:logGet(46)) - raft.server.snapshot.auto.trigger.enabled = true (custom)
2022-08-24 13:28:45,635 [pool-95-thread-1] INFO  server.RaftServerConfigKeys (ConfUtils.java:logGet(46)) - raft.server.snapshot.auto.trigger.threshold = 10000 (custom)
2022-08-24 13:28:45,635 [pool-95-thread-1] INFO  server.RaftServerConfigKeys (ConfUtils.java:logGet(46)) - raft.server.snapshot.retention.file.num = 5 (custom)
2022-08-24 13:28:45,635 [pool-95-thread-1] INFO  server.RaftServerConfigKeys (ConfUtils.java:logGet(46)) - raft.server.log.purge.upto.snapshot.index = false (default)
2022-08-24 13:28:45,635 [pool-95-thread-1] INFO  server.RaftServerConfigKeys (ConfUtils.java:logGet(46)) - raft.server.retrycache.expirytime = 600000ms (custom)
2022-08-24 13:28:45,635 [pool-95-thread-1] INFO  server.RaftServerConfigKeys (ConfUtils.java:logGet(46)) - raft.server.retrycache.statistics.expirytime = 100μs (default)
2022-08-24 13:28:45,637 [pool-95-thread-1] INFO  server.RaftServerConfigKeys (ConfUtils.java:logGet(46)) - raft.server.log.appender.install.snapshot.enabled = false (custom)
2022-08-24 13:28:45,637 [pool-95-thread-1] INFO  server.RaftServerConfigKeys (ConfUtils.java:logGet(46)) - raft.server.threadpool.server.cached = true (default)
2022-08-24 13:28:45,637 [pool-95-thread-1] INFO  server.RaftServerConfigKeys (ConfUtils.java:logGet(46)) - raft.server.threadpool.server.size = 0 (default)
2022-08-24 13:28:45,637 [pool-95-thread-1] INFO  server.RaftServerConfigKeys (ConfUtils.java:logGet(46)) - raft.server.threadpool.client.cached = true (default)
2022-08-24 13:28:45,637 [pool-95-thread-1] INFO  server.RaftServerConfigKeys (ConfUtils.java:logGet(46)) - raft.server.threadpool.client.size = 0 (default)
2022-08-24 13:28:45,637 [pool-95-thread-1] INFO  server.RaftServer$Division (RaftServerImpl.java:start(310)) - 5e001fdb-1723-4ba3-822b-ce1b40bc3aba@group-C88BC017548E: start as a follower, conf=-1: [5e001fdb-1723-4ba3-822b-ce1b40bc3aba|rpc:10.1.1.17:46401|dataStream:|priority:0, 8d791df9-aaf8-422e-b0a9-1bacd12a10c4|rpc:10.1.1.17:38621|dataStream:|priority:0, 92e9f449-3c32-4f52-ab73-c65c98a3a92b|rpc:10.1.1.17:34651|dataStream:|priority:1], old=null
2022-08-24 13:28:45,637 [pool-95-thread-1] INFO  server.RaftServer$Division (RaftServerImpl.java:setRole(299)) - 5e001fdb-1723-4ba3-822b-ce1b40bc3aba@group-C88BC017548E: changes role from      null to FOLLOWER at term 0 for startAsFollower
2022-08-24 13:28:45,637 [pool-95-thread-1] INFO  impl.RoleInfo (RoleInfo.java:updateAndGet(139)) - 5e001fdb-1723-4ba3-822b-ce1b40bc3aba: start 5e001fdb-1723-4ba3-822b-ce1b40bc3aba@group-C88BC017548E-FollowerState
2022-08-24 13:28:45,637 [pool-95-thread-1] INFO  util.JmxRegister (JmxRegister.java:tryRegister(44)) - Successfully registered JMX Bean with object name Ratis:service=RaftServer,group=group-C88BC017548E,id=5e001fdb-1723-4ba3-822b-ce1b40bc3aba
2022-08-24 13:28:45,638 [pool-95-thread-1] INFO  server.RaftServer$Division (RaftServerImpl.java:start(310)) - 5e001fdb-1723-4ba3-822b-ce1b40bc3aba@group-4A019D1E227B: start as a follower, conf=-1: [5e001fdb-1723-4ba3-822b-ce1b40bc3aba|rpc:10.1.1.17:46401|priority:1], old=null
2022-08-24 13:28:45,638 [pool-95-thread-1] INFO  server.RaftServer$Division (RaftServerImpl.java:setRole(299)) - 5e001fdb-1723-4ba3-822b-ce1b40bc3aba@group-4A019D1E227B: changes role from      null to FOLLOWER at term 0 for startAsFollower
2022-08-24 13:28:45,638 [pool-95-thread-1] INFO  impl.RoleInfo (RoleInfo.java:updateAndGet(139)) - 5e001fdb-1723-4ba3-822b-ce1b40bc3aba: start 5e001fdb-1723-4ba3-822b-ce1b40bc3aba@group-4A019D1E227B-FollowerState
2022-08-24 13:28:45,643 [pool-95-thread-1] INFO  util.JmxRegister (JmxRegister.java:tryRegister(44)) - Successfully registered JMX Bean with object name Ratis:service=RaftServer,group=group-4A019D1E227B,id=5e001fdb-1723-4ba3-822b-ce1b40bc3aba
2022-08-24 13:28:45,647 [Command processor thread] INFO  ratis.XceiverServerRatis (XceiverServerRatis.java:addGroup(765)) - Created group PipelineID=bfd85ca4-5b0b-4f36-ab91-4a019d1e227b
2022-08-24 13:28:45,647 [Command processor thread] INFO  commandhandler.CreatePipelineCommandHandler (CreatePipelineCommandHandler.java:handle(113)) - Created Pipeline RATIS ONE PipelineID=bfd85ca4-5b0b-4f36-ab91-4a019d1e227b.
2022-08-24 13:28:45,648 [Command processor thread] INFO  server.RaftServer (RaftServerProxy.java:addNew(96)) - 5e001fdb-1723-4ba3-822b-ce1b40bc3aba: addNew group-33CF987F99AC:[5e001fdb-1723-4ba3-822b-ce1b40bc3aba|rpc:10.1.1.17:46401|priority:0, 8d791df9-aaf8-422e-b0a9-1bacd12a10c4|rpc:10.1.1.17:38621|priority:1, 92e9f449-3c32-4f52-ab73-c65c98a3a92b|rpc:10.1.1.17:34651|priority:0] returns group-33CF987F99AC:java.util.concurrent.CompletableFuture@644f812f[Not completed]
2022-08-24 13:28:45,649 [pool-95-thread-1] INFO  server.RaftServer$Division (RaftServerImpl.java:<init>(190)) - 5e001fdb-1723-4ba3-822b-ce1b40bc3aba: new RaftServerImpl for group-33CF987F99AC:[5e001fdb-1723-4ba3-822b-ce1b40bc3aba|rpc:10.1.1.17:46401|priority:0, 8d791df9-aaf8-422e-b0a9-1bacd12a10c4|rpc:10.1.1.17:38621|priority:1, 92e9f449-3c32-4f52-ab73-c65c98a3a92b|rpc:10.1.1.17:34651|priority:0] with ContainerStateMachine:uninitialized
2022-08-24 13:28:45,649 [pool-95-thread-1] INFO  server.RaftServerConfigKeys (ConfUtils.java:logGet(46)) - raft.server.rpc.timeout.min = 5s (custom)
2022-08-24 13:28:45,649 [pool-95-thread-1] INFO  server.RaftServerConfigKeys (ConfUtils.java:logGet(46)) - raft.server.rpc.timeout.max = 5200ms (custom)
2022-08-24 13:28:45,649 [pool-95-thread-1] INFO  server.RaftServerConfigKeys (ConfUtils.java:logGet(46)) - raft.server.rpc.sleep.time = 25ms (default)
2022-08-24 13:28:45,649 [pool-95-thread-1] INFO  server.RaftServerConfigKeys (ConfUtils.java:logGet(46)) - raft.server.rpc.slowness.timeout = 300s (custom)
2022-08-24 13:28:45,649 [pool-95-thread-1] INFO  server.RaftServerConfigKeys (ConfUtils.java:logGet(46)) - raft.server.leaderelection.leader.step-down.wait-time = 10s (default)
2022-08-24 13:28:45,649 [pool-95-thread-1] INFO  server.RaftServerConfigKeys (ConfUtils.java:logGet(46)) - raft.server.sleep.deviation.threshold = 300ms (default)
2022-08-24 13:28:45,649 [pool-95-thread-1] INFO  server.RaftServer$Division (ServerState.java:<init>(107)) - 5e001fdb-1723-4ba3-822b-ce1b40bc3aba@group-33CF987F99AC: ConfigurationManager, init=-1: [5e001fdb-1723-4ba3-822b-ce1b40bc3aba|rpc:10.1.1.17:46401|priority:0, 8d791df9-aaf8-422e-b0a9-1bacd12a10c4|rpc:10.1.1.17:38621|priority:1, 92e9f449-3c32-4f52-ab73-c65c98a3a92b|rpc:10.1.1.17:34651|priority:0], old=null, confs=<EMPTY_MAP>
2022-08-24 13:28:45,649 [pool-95-thread-1] INFO  server.RaftServerConfigKeys (ConfUtils.java:logGet(46)) - raft.server.storage.dir = [/home/runner/work/ozone/ozone/hadoop-ozone/integration-test/target/test-dir/MiniOzoneClusterImpl-4ec5f5c4-b0ab-4cbf-8465-e18eb8453e4d/datanode-1/data/ratis] (custom)
2022-08-24 13:28:45,649 [pool-95-thread-1] INFO  server.RaftServerConfigKeys (ConfUtils.java:logGet(46)) - raft.server.log.corruption.policy = EXCEPTION (default)
2022-08-24 13:28:45,649 [pool-95-thread-1] INFO  server.RaftServerConfigKeys (ConfUtils.java:logGet(46)) - raft.server.storage.free-space.min = 0MB (=0) (default)
2022-08-24 13:28:45,649 [pool-95-thread-1] INFO  storage.RaftStorageDirectory (RaftStorageDirectoryImpl.java:analyzeStorage(135)) - The storage directory /home/runner/work/ozone/ozone/hadoop-ozone/integration-test/target/test-dir/MiniOzoneClusterImpl-4ec5f5c4-b0ab-4cbf-8465-e18eb8453e4d/datanode-1/data/ratis/c26fedf8-e793-4172-a9b4-33cf987f99ac does not exist. Creating ...
2022-08-24 13:28:45,650 [pool-95-thread-1] INFO  storage.RaftStorageDirectory (RaftStorageDirectoryImpl.java:tryLock(230)) - Lock on /home/runner/work/ozone/ozone/hadoop-ozone/integration-test/target/test-dir/MiniOzoneClusterImpl-4ec5f5c4-b0ab-4cbf-8465-e18eb8453e4d/datanode-1/data/ratis/c26fedf8-e793-4172-a9b4-33cf987f99ac/in_use.lock acquired by nodename 55499@fv-az213-422
2022-08-24 13:28:45,651 [pool-95-thread-1] INFO  storage.RaftStorage (RaftStorageImpl.java:format(89)) - Storage directory /home/runner/work/ozone/ozone/hadoop-ozone/integration-test/target/test-dir/MiniOzoneClusterImpl-4ec5f5c4-b0ab-4cbf-8465-e18eb8453e4d/datanode-1/data/ratis/c26fedf8-e793-4172-a9b4-33cf987f99ac has been successfully formatted.
2022-08-24 13:28:45,651 [pool-95-thread-1] INFO  ratis.ContainerStateMachine (ContainerStateMachine.java:loadSnapshot(236)) - group-33CF987F99AC: The snapshot info is null. Setting the last applied indexto:(t:0, i:~)
2022-08-24 13:28:45,651 [pool-95-thread-1] INFO  server.RaftServerConfigKeys (ConfUtils.java:logGet(46)) - raft.server.notification.no-leader.timeout = 300s (custom)
2022-08-24 13:28:45,652 [pool-95-thread-1] INFO  server.RaftServerConfigKeys (ConfUtils.java:logGet(46)) - raft.server.log.use.memory = false (default)
2022-08-24 13:28:45,654 [pool-95-thread-1] INFO  server.RaftServerConfigKeys (ConfUtils.java:logGet(46)) - raft.server.log.purge.gap = 1000000 (custom)
2022-08-24 13:28:45,654 [pool-95-thread-1] INFO  server.RaftServerConfigKeys (ConfUtils.java:logGet(46)) - raft.server.log.appender.buffer.byte-limit = 33554432 (custom)
2022-08-24 13:28:45,654 [pool-95-thread-1] INFO  server.RaftServerConfigKeys (ConfUtils.java:logGet(46)) - raft.server.log.statemachine.data.read.timeout = 1000ms (default)
2022-08-24 13:28:45,654 [pool-95-thread-1] INFO  server.RaftServerConfigKeys (ConfUtils.java:logGet(46)) - raft.server.log.segment.size.max = 1048576 (custom)
2022-08-24 13:28:45,655 [pool-95-thread-1] INFO  server.RaftServerConfigKeys (ConfUtils.java:logGet(46)) - raft.server.log.segment.cache.num.max = 2 (custom)
2022-08-24 13:28:45,655 [pool-95-thread-1] INFO  server.RaftServerConfigKeys (ConfUtils.java:logGet(46)) - raft.server.log.segment.cache.size.max = 200MB (=209715200) (default)
2022-08-24 13:28:45,655 [pool-95-thread-1] INFO  segmented.SegmentedRaftLogWorker (SegmentedRaftLogWorker.java:<init>(187)) - new 5e001fdb-1723-4ba3-822b-ce1b40bc3aba@group-33CF987F99AC-SegmentedRaftLogWorker for RaftStorageImpl:Storage Directory /home/runner/work/ozone/ozone/hadoop-ozone/integration-test/target/test-dir/MiniOzoneClusterImpl-4ec5f5c4-b0ab-4cbf-8465-e18eb8453e4d/datanode-1/data/ratis/c26fedf8-e793-4172-a9b4-33cf987f99ac
2022-08-24 13:28:45,655 [pool-95-thread-1] INFO  server.RaftServerConfigKeys (ConfUtils.java:logGet(46)) - raft.server.log.queue.byte-limit = 4294967296 (custom)
2022-08-24 13:28:45,655 [pool-95-thread-1] INFO  server.RaftServerConfigKeys (ConfUtils.java:logGet(46)) - raft.server.log.queue.element-limit = 1024 (custom)
2022-08-24 13:28:45,655 [pool-95-thread-1] INFO  server.RaftServerConfigKeys (ConfUtils.java:logGet(46)) - raft.server.log.segment.size.max = 1048576 (custom)
2022-08-24 13:28:45,655 [pool-95-thread-1] INFO  server.RaftServerConfigKeys (ConfUtils.java:logGet(46)) - raft.server.log.preallocated.size = 16384 (custom)
2022-08-24 13:28:45,655 [pool-95-thread-1] INFO  server.RaftServerConfigKeys (ConfUtils.java:logGet(46)) - raft.server.log.force.sync.num = 128 (default)
2022-08-24 13:28:45,655 [pool-95-thread-1] INFO  server.RaftServerConfigKeys (ConfUtils.java:logGet(46)) - raft.server.log.statemachine.data.sync = true (default)
2022-08-24 13:28:45,655 [pool-95-thread-1] INFO  server.RaftServerConfigKeys (ConfUtils.java:logGet(46)) - raft.server.log.statemachine.data.sync.timeout = 10s (default)
2022-08-24 13:28:45,655 [pool-95-thread-1] INFO  server.RaftServerConfigKeys (ConfUtils.java:logGet(46)) - raft.server.log.statemachine.data.sync.timeout.retry = -1 (default)
2022-08-24 13:28:45,654 [EventQueue-OpenPipelineForHealthyPipelineSafeModeRule] INFO  safemode.SCMSafeModeManager (HealthyPipelineSafeModeRule.java:process(137)) - SCM in safe mode. Healthy pipelines reported count is 0, required healthy pipeline reported count is 1
2022-08-24 13:28:45,656 [pool-95-thread-1] INFO  server.RaftServerConfigKeys (ConfUtils.java:logGet(46)) - raft.server.log.write.buffer.size = 1048576 (custom)
2022-08-24 13:28:45,656 [pool-95-thread-1] INFO  server.RaftServerConfigKeys (ConfUtils.java:logGet(46)) - raft.server.log.unsafe-flush.enabled = false (default)
2022-08-24 13:28:45,656 [pool-95-thread-1] INFO  server.RaftServerConfigKeys (ConfUtils.java:logGet(46)) - raft.server.log.statemachine.data.caching.enabled = true (custom)
2022-08-24 13:28:45,656 [pool-95-thread-1] INFO  segmented.SegmentedRaftLogWorker (SegmentedRaftLogWorker.java:lambda$new$0(135)) - 5e001fdb-1723-4ba3-822b-ce1b40bc3aba@group-33CF987F99AC-SegmentedRaftLogWorker: flushIndex: setUnconditionally 0 -> -1
2022-08-24 13:28:45,656 [pool-95-thread-1] INFO  segmented.SegmentedRaftLogWorker (SegmentedRaftLogWorker.java:lambda$new$0(135)) - 5e001fdb-1723-4ba3-822b-ce1b40bc3aba@group-33CF987F99AC-SegmentedRaftLogWorker: safeCacheEvictIndex: setUnconditionally 0 -> -1
2022-08-24 13:28:45,667 [pool-95-thread-1] INFO  server.RaftServerConfigKeys (ConfUtils.java:logGet(46)) - raft.server.snapshot.auto.trigger.enabled = true (custom)
2022-08-24 13:28:45,667 [pool-95-thread-1] INFO  server.RaftServerConfigKeys (ConfUtils.java:logGet(46)) - raft.server.snapshot.auto.trigger.threshold = 10000 (custom)
2022-08-24 13:28:45,667 [pool-95-thread-1] INFO  server.RaftServerConfigKeys (ConfUtils.java:logGet(46)) - raft.server.snapshot.retention.file.num = 5 (custom)
2022-08-24 13:28:45,667 [pool-95-thread-1] INFO  server.RaftServerConfigKeys (ConfUtils.java:logGet(46)) - raft.server.log.purge.upto.snapshot.index = false (default)
2022-08-24 13:28:45,667 [pool-95-thread-1] INFO  server.RaftServerConfigKeys (ConfUtils.java:logGet(46)) - raft.server.retrycache.expirytime = 600000ms (custom)
2022-08-24 13:28:45,667 [pool-95-thread-1] INFO  server.RaftServerConfigKeys (ConfUtils.java:logGet(46)) - raft.server.retrycache.statistics.expirytime = 100μs (default)
2022-08-24 13:28:45,670 [pool-95-thread-1] INFO  server.RaftServerConfigKeys (ConfUtils.java:logGet(46)) - raft.server.log.appender.install.snapshot.enabled = false (custom)
2022-08-24 13:28:45,670 [pool-95-thread-1] INFO  server.RaftServerConfigKeys (ConfUtils.java:logGet(46)) - raft.server.threadpool.server.cached = true (default)
2022-08-24 13:28:45,670 [pool-95-thread-1] INFO  server.RaftServerConfigKeys (ConfUtils.java:logGet(46)) - raft.server.threadpool.server.size = 0 (default)
2022-08-24 13:28:45,670 [pool-95-thread-1] INFO  server.RaftServerConfigKeys (ConfUtils.java:logGet(46)) - raft.server.threadpool.client.cached = true (default)
2022-08-24 13:28:45,670 [pool-95-thread-1] INFO  server.RaftServerConfigKeys (ConfUtils.java:logGet(46)) - raft.server.threadpool.client.size = 0 (default)
2022-08-24 13:28:45,670 [pool-95-thread-1] INFO  server.RaftServer$Division (RaftServerImpl.java:start(310)) - 5e001fdb-1723-4ba3-822b-ce1b40bc3aba@group-33CF987F99AC: start as a follower, conf=-1: [5e001fdb-1723-4ba3-822b-ce1b40bc3aba|rpc:10.1.1.17:46401|priority:0, 8d791df9-aaf8-422e-b0a9-1bacd12a10c4|rpc:10.1.1.17:38621|priority:1, 92e9f449-3c32-4f52-ab73-c65c98a3a92b|rpc:10.1.1.17:34651|priority:0], old=null
2022-08-24 13:28:45,670 [pool-95-thread-1] INFO  server.RaftServer$Division (RaftServerImpl.java:setRole(299)) - 5e001fdb-1723-4ba3-822b-ce1b40bc3aba@group-33CF987F99AC: changes role from      null to FOLLOWER at term 0 for startAsFollower
2022-08-24 13:28:45,670 [pool-95-thread-1] INFO  impl.RoleInfo (RoleInfo.java:updateAndGet(139)) - 5e001fdb-1723-4ba3-822b-ce1b40bc3aba: start 5e001fdb-1723-4ba3-822b-ce1b40bc3aba@group-33CF987F99AC-FollowerState
2022-08-24 13:28:45,672 [pool-95-thread-1] INFO  util.JmxRegister (JmxRegister.java:tryRegister(44)) - Successfully registered JMX Bean with object name Ratis:service=RaftServer,group=group-33CF987F99AC,id=5e001fdb-1723-4ba3-822b-ce1b40bc3aba
2022-08-24 13:28:45,679 [Command processor thread] INFO  ratis.XceiverServerRatis (XceiverServerRatis.java:addGroup(765)) - Created group PipelineID=c26fedf8-e793-4172-a9b4-33cf987f99ac
2022-08-24 13:28:45,724 [grpc-default-executor-0] INFO  server.RaftServer (RaftServerProxy.java:addNew(96)) - 92e9f449-3c32-4f52-ab73-c65c98a3a92b: addNew group-33CF987F99AC:[5e001fdb-1723-4ba3-822b-ce1b40bc3aba|rpc:10.1.1.17:46401|dataStream:|priority:0, 8d791df9-aaf8-422e-b0a9-1bacd12a10c4|rpc:10.1.1.17:38621|dataStream:|priority:1, 92e9f449-3c32-4f52-ab73-c65c98a3a92b|rpc:10.1.1.17:34651|dataStream:|priority:0] returns group-33CF987F99AC:java.util.concurrent.CompletableFuture@25c513c[Not completed]
2022-08-24 13:28:45,725 [pool-72-thread-1] INFO  server.RaftServer$Division (RaftServerImpl.java:<init>(190)) - 92e9f449-3c32-4f52-ab73-c65c98a3a92b: new RaftServerImpl for group-33CF987F99AC:[5e001fdb-1723-4ba3-822b-ce1b40bc3aba|rpc:10.1.1.17:46401|dataStream:|priority:0, 8d791df9-aaf8-422e-b0a9-1bacd12a10c4|rpc:10.1.1.17:38621|dataStream:|priority:1, 92e9f449-3c32-4f52-ab73-c65c98a3a92b|rpc:10.1.1.17:34651|dataStream:|priority:0] with ContainerStateMachine:uninitialized
2022-08-24 13:28:45,725 [pool-72-thread-1] INFO  server.RaftServerConfigKeys (ConfUtils.java:logGet(46)) - raft.server.rpc.timeout.min = 5s (custom)
2022-08-24 13:28:45,725 [pool-72-thread-1] INFO  server.RaftServerConfigKeys (ConfUtils.java:logGet(46)) - raft.server.rpc.timeout.max = 5200ms (custom)
2022-08-24 13:28:45,725 [pool-72-thread-1] INFO  server.RaftServerConfigKeys (ConfUtils.java:logGet(46)) - raft.server.rpc.sleep.time = 25ms (default)
2022-08-24 13:28:45,725 [pool-72-thread-1] INFO  server.RaftServerConfigKeys (ConfUtils.java:logGet(46)) - raft.server.rpc.slowness.timeout = 300s (custom)
2022-08-24 13:28:45,725 [pool-72-thread-1] INFO  server.RaftServerConfigKeys (ConfUtils.java:logGet(46)) - raft.server.leaderelection.leader.step-down.wait-time = 10s (default)
2022-08-24 13:28:45,726 [pool-72-thread-1] INFO  server.RaftServerConfigKeys (ConfUtils.java:logGet(46)) - raft.server.sleep.deviation.threshold = 300ms (default)
2022-08-24 13:28:45,726 [pool-72-thread-1] INFO  server.RaftServer$Division (ServerState.java:<init>(107)) - 92e9f449-3c32-4f52-ab73-c65c98a3a92b@group-33CF987F99AC: ConfigurationManager, init=-1: [5e001fdb-1723-4ba3-822b-ce1b40bc3aba|rpc:10.1.1.17:46401|dataStream:|priority:0, 8d791df9-aaf8-422e-b0a9-1bacd12a10c4|rpc:10.1.1.17:38621|dataStream:|priority:1, 92e9f449-3c32-4f52-ab73-c65c98a3a92b|rpc:10.1.1.17:34651|dataStream:|priority:0], old=null, confs=<EMPTY_MAP>
2022-08-24 13:28:45,726 [pool-72-thread-1] INFO  server.RaftServerConfigKeys (ConfUtils.java:logGet(46)) - raft.server.storage.dir = [/home/runner/work/ozone/ozone/hadoop-ozone/integration-test/target/test-dir/MiniOzoneClusterImpl-4ec5f5c4-b0ab-4cbf-8465-e18eb8453e4d/datanode-0/data/ratis] (custom)
2022-08-24 13:28:45,726 [pool-72-thread-1] INFO  server.RaftServerConfigKeys (ConfUtils.java:logGet(46)) - raft.server.log.corruption.policy = EXCEPTION (default)
2022-08-24 13:28:45,726 [pool-72-thread-1] INFO  server.RaftServerConfigKeys (ConfUtils.java:logGet(46)) - raft.server.storage.free-space.min = 0MB (=0) (default)
2022-08-24 13:28:45,726 [pool-72-thread-1] INFO  storage.RaftStorageDirectory (RaftStorageDirectoryImpl.java:analyzeStorage(135)) - The storage directory /home/runner/work/ozone/ozone/hadoop-ozone/integration-test/target/test-dir/MiniOzoneClusterImpl-4ec5f5c4-b0ab-4cbf-8465-e18eb8453e4d/datanode-0/data/ratis/c26fedf8-e793-4172-a9b4-33cf987f99ac does not exist. Creating ...
2022-08-24 13:28:45,727 [pool-72-thread-1] INFO  storage.RaftStorageDirectory (RaftStorageDirectoryImpl.java:tryLock(230)) - Lock on /home/runner/work/ozone/ozone/hadoop-ozone/integration-test/target/test-dir/MiniOzoneClusterImpl-4ec5f5c4-b0ab-4cbf-8465-e18eb8453e4d/datanode-0/data/ratis/c26fedf8-e793-4172-a9b4-33cf987f99ac/in_use.lock acquired by nodename 55499@fv-az213-422
2022-08-24 13:28:45,728 [pool-72-thread-1] INFO  storage.RaftStorage (RaftStorageImpl.java:format(89)) - Storage directory /home/runner/work/ozone/ozone/hadoop-ozone/integration-test/target/test-dir/MiniOzoneClusterImpl-4ec5f5c4-b0ab-4cbf-8465-e18eb8453e4d/datanode-0/data/ratis/c26fedf8-e793-4172-a9b4-33cf987f99ac has been successfully formatted.
2022-08-24 13:28:45,729 [pool-72-thread-1] INFO  ratis.ContainerStateMachine (ContainerStateMachine.java:loadSnapshot(236)) - group-33CF987F99AC: The snapshot info is null. Setting the last applied indexto:(t:0, i:~)
2022-08-24 13:28:45,730 [pool-72-thread-1] INFO  server.RaftServerConfigKeys (ConfUtils.java:logGet(46)) - raft.server.notification.no-leader.timeout = 300s (custom)
2022-08-24 13:28:45,730 [pool-72-thread-1] INFO  server.RaftServerConfigKeys (ConfUtils.java:logGet(46)) - raft.server.log.use.memory = false (default)
2022-08-24 13:28:45,730 [pool-72-thread-1] INFO  server.RaftServerConfigKeys (ConfUtils.java:logGet(46)) - raft.server.log.purge.gap = 1000000 (custom)
2022-08-24 13:28:45,730 [EventQueue-OpenPipelineForHealthyPipelineSafeModeRule] INFO  safemode.SCMSafeModeManager (HealthyPipelineSafeModeRule.java:process(137)) - SCM in safe mode. Healthy pipelines reported count is 0, required healthy pipeline reported count is 1
2022-08-24 13:28:45,730 [pool-72-thread-1] INFO  server.RaftServerConfigKeys (ConfUtils.java:logGet(46)) - raft.server.log.appender.buffer.byte-limit = 33554432 (custom)
2022-08-24 13:28:45,731 [pool-72-thread-1] INFO  server.RaftServerConfigKeys (ConfUtils.java:logGet(46)) - raft.server.log.statemachine.data.read.timeout = 1000ms (default)
2022-08-24 13:28:45,731 [pool-72-thread-1] INFO  server.RaftServerConfigKeys (ConfUtils.java:logGet(46)) - raft.server.log.segment.size.max = 1048576 (custom)
2022-08-24 13:28:45,731 [pool-72-thread-1] INFO  server.RaftServerConfigKeys (ConfUtils.java:logGet(46)) - raft.server.log.segment.cache.num.max = 2 (custom)
2022-08-24 13:28:45,731 [pool-72-thread-1] INFO  server.RaftServerConfigKeys (ConfUtils.java:logGet(46)) - raft.server.log.segment.cache.size.max = 200MB (=209715200) (default)
2022-08-24 13:28:45,731 [pool-72-thread-1] INFO  segmented.SegmentedRaftLogWorker (SegmentedRaftLogWorker.java:<init>(187)) - new 92e9f449-3c32-4f52-ab73-c65c98a3a92b@group-33CF987F99AC-SegmentedRaftLogWorker for RaftStorageImpl:Storage Directory /home/runner/work/ozone/ozone/hadoop-ozone/integration-test/target/test-dir/MiniOzoneClusterImpl-4ec5f5c4-b0ab-4cbf-8465-e18eb8453e4d/datanode-0/data/ratis/c26fedf8-e793-4172-a9b4-33cf987f99ac
2022-08-24 13:28:45,731 [pool-72-thread-1] INFO  server.RaftServerConfigKeys (ConfUtils.java:logGet(46)) - raft.server.log.queue.byte-limit = 4294967296 (custom)
2022-08-24 13:28:45,731 [pool-72-thread-1] INFO  server.RaftServerConfigKeys (ConfUtils.java:logGet(46)) - raft.server.log.queue.element-limit = 1024 (custom)
2022-08-24 13:28:45,731 [pool-72-thread-1] INFO  server.RaftServerConfigKeys (ConfUtils.java:logGet(46)) - raft.server.log.segment.size.max = 1048576 (custom)
2022-08-24 13:28:45,731 [pool-72-thread-1] INFO  server.RaftServerConfigKeys (ConfUtils.java:logGet(46)) - raft.server.log.preallocated.size = 16384 (custom)
2022-08-24 13:28:45,731 [pool-72-thread-1] INFO  server.RaftServerConfigKeys (ConfUtils.java:logGet(46)) - raft.server.log.force.sync.num = 128 (default)
2022-08-24 13:28:45,731 [pool-72-thread-1] INFO  server.RaftServerConfigKeys (ConfUtils.java:logGet(46)) - raft.server.log.statemachine.data.sync = true (default)
2022-08-24 13:28:45,731 [pool-72-thread-1] INFO  server.RaftServerConfigKeys (ConfUtils.java:logGet(46)) - raft.server.log.statemachine.data.sync.timeout = 10s (default)
2022-08-24 13:28:45,732 [pool-72-thread-1] INFO  server.RaftServerConfigKeys (ConfUtils.java:logGet(46)) - raft.server.log.statemachine.data.sync.timeout.retry = -1 (default)
2022-08-24 13:28:45,732 [pool-72-thread-1] INFO  server.RaftServerConfigKeys (ConfUtils.java:logGet(46)) - raft.server.log.write.buffer.size = 1048576 (custom)
2022-08-24 13:28:45,733 [pool-72-thread-1] INFO  server.RaftServerConfigKeys (ConfUtils.java:logGet(46)) - raft.server.log.unsafe-flush.enabled = false (default)
2022-08-24 13:28:45,733 [pool-72-thread-1] INFO  server.RaftServerConfigKeys (ConfUtils.java:logGet(46)) - raft.server.log.statemachine.data.caching.enabled = true (custom)
2022-08-24 13:28:45,733 [pool-72-thread-1] INFO  segmented.SegmentedRaftLogWorker (SegmentedRaftLogWorker.java:lambda$new$0(135)) - 92e9f449-3c32-4f52-ab73-c65c98a3a92b@group-33CF987F99AC-SegmentedRaftLogWorker: flushIndex: setUnconditionally 0 -> -1
2022-08-24 13:28:45,733 [pool-72-thread-1] INFO  segmented.SegmentedRaftLogWorker (SegmentedRaftLogWorker.java:lambda$new$0(135)) - 92e9f449-3c32-4f52-ab73-c65c98a3a92b@group-33CF987F99AC-SegmentedRaftLogWorker: safeCacheEvictIndex: setUnconditionally 0 -> -1
2022-08-24 13:28:45,736 [pool-72-thread-1] INFO  server.RaftServerConfigKeys (ConfUtils.java:logGet(46)) - raft.server.snapshot.auto.trigger.enabled = true (custom)
2022-08-24 13:28:45,736 [pool-72-thread-1] INFO  server.RaftServerConfigKeys (ConfUtils.java:logGet(46)) - raft.server.snapshot.auto.trigger.threshold = 10000 (custom)
2022-08-24 13:28:45,736 [pool-72-thread-1] INFO  server.RaftServerConfigKeys (ConfUtils.java:logGet(46)) - raft.server.snapshot.retention.file.num = 5 (custom)
2022-08-24 13:28:45,736 [pool-72-thread-1] INFO  server.RaftServerConfigKeys (ConfUtils.java:logGet(46)) - raft.server.log.purge.upto.snapshot.index = false (default)
2022-08-24 13:28:45,736 [pool-72-thread-1] INFO  server.RaftServerConfigKeys (ConfUtils.java:logGet(46)) - raft.server.retrycache.expirytime = 600000ms (custom)
2022-08-24 13:28:45,736 [pool-72-thread-1] INFO  server.RaftServerConfigKeys (ConfUtils.java:logGet(46)) - raft.server.retrycache.statistics.expirytime = 100μs (default)
2022-08-24 13:28:45,740 [pool-72-thread-1] INFO  server.RaftServerConfigKeys (ConfUtils.java:logGet(46)) - raft.server.log.appender.install.snapshot.enabled = false (custom)
2022-08-24 13:28:45,740 [pool-72-thread-1] INFO  server.RaftServerConfigKeys (ConfUtils.java:logGet(46)) - raft.server.threadpool.server.cached = true (default)
2022-08-24 13:28:45,740 [pool-72-thread-1] INFO  server.RaftServerConfigKeys (ConfUtils.java:logGet(46)) - raft.server.threadpool.server.size = 0 (default)
2022-08-24 13:28:45,740 [pool-72-thread-1] INFO  server.RaftServerConfigKeys (ConfUtils.java:logGet(46)) - raft.server.threadpool.client.cached = true (default)
2022-08-24 13:28:45,740 [pool-72-thread-1] INFO  server.RaftServerConfigKeys (ConfUtils.java:logGet(46)) - raft.server.threadpool.client.size = 0 (default)
2022-08-24 13:28:45,740 [pool-72-thread-1] INFO  server.RaftServer$Division (RaftServerImpl.java:start(310)) - 92e9f449-3c32-4f52-ab73-c65c98a3a92b@group-33CF987F99AC: start as a follower, conf=-1: [5e001fdb-1723-4ba3-822b-ce1b40bc3aba|rpc:10.1.1.17:46401|dataStream:|priority:0, 8d791df9-aaf8-422e-b0a9-1bacd12a10c4|rpc:10.1.1.17:38621|dataStream:|priority:1, 92e9f449-3c32-4f52-ab73-c65c98a3a92b|rpc:10.1.1.17:34651|dataStream:|priority:0], old=null
2022-08-24 13:28:45,740 [pool-72-thread-1] INFO  server.RaftServer$Division (RaftServerImpl.java:setRole(299)) - 92e9f449-3c32-4f52-ab73-c65c98a3a92b@group-33CF987F99AC: changes role from      null to FOLLOWER at term 0 for startAsFollower
2022-08-24 13:28:45,740 [pool-72-thread-1] INFO  impl.RoleInfo (RoleInfo.java:updateAndGet(139)) - 92e9f449-3c32-4f52-ab73-c65c98a3a92b: start 92e9f449-3c32-4f52-ab73-c65c98a3a92b@group-33CF987F99AC-FollowerState
2022-08-24 13:28:45,741 [pool-72-thread-1] INFO  util.JmxRegister (JmxRegister.java:tryRegister(44)) - Successfully registered JMX Bean with object name Ratis:service=RaftServer,group=group-33CF987F99AC,id=92e9f449-3c32-4f52-ab73-c65c98a3a92b
2022-08-24 13:28:45,747 [grpc-default-executor-0] INFO  server.RaftServer (RaftServerProxy.java:addNew(96)) - 8d791df9-aaf8-422e-b0a9-1bacd12a10c4: addNew group-C88BC017548E:[5e001fdb-1723-4ba3-822b-ce1b40bc3aba|rpc:10.1.1.17:46401|dataStream:|priority:0, 8d791df9-aaf8-422e-b0a9-1bacd12a10c4|rpc:10.1.1.17:38621|dataStream:|priority:0, 92e9f449-3c32-4f52-ab73-c65c98a3a92b|rpc:10.1.1.17:34651|dataStream:|priority:1] returns group-C88BC017548E:java.util.concurrent.CompletableFuture@36340eb4[Not completed]
2022-08-24 13:28:45,751 [pool-118-thread-1] INFO  server.RaftServer$Division (RaftServerImpl.java:<init>(190)) - 8d791df9-aaf8-422e-b0a9-1bacd12a10c4: new RaftServerImpl for group-C88BC017548E:[5e001fdb-1723-4ba3-822b-ce1b40bc3aba|rpc:10.1.1.17:46401|dataStream:|priority:0, 8d791df9-aaf8-422e-b0a9-1bacd12a10c4|rpc:10.1.1.17:38621|dataStream:|priority:0, 92e9f449-3c32-4f52-ab73-c65c98a3a92b|rpc:10.1.1.17:34651|dataStream:|priority:1] with ContainerStateMachine:uninitialized
2022-08-24 13:28:45,751 [pool-118-thread-1] INFO  server.RaftServerConfigKeys (ConfUtils.java:logGet(46)) - raft.server.rpc.timeout.min = 5s (custom)
2022-08-24 13:28:45,751 [pool-118-thread-1] INFO  server.RaftServerConfigKeys (ConfUtils.java:logGet(46)) - raft.server.rpc.timeout.max = 5200ms (custom)
2022-08-24 13:28:45,751 [pool-118-thread-1] INFO  server.RaftServerConfigKeys (ConfUtils.java:logGet(46)) - raft.server.rpc.sleep.time = 25ms (default)
2022-08-24 13:28:45,751 [pool-118-thread-1] INFO  server.RaftServerConfigKeys (ConfUtils.java:logGet(46)) - raft.server.rpc.slowness.timeout = 300s (custom)
2022-08-24 13:28:45,751 [pool-118-thread-1] INFO  server.RaftServerConfigKeys (ConfUtils.java:logGet(46)) - raft.server.leaderelection.leader.step-down.wait-time = 10s (default)
2022-08-24 13:28:45,751 [pool-118-thread-1] INFO  server.RaftServerConfigKeys (ConfUtils.java:logGet(46)) - raft.server.sleep.deviation.threshold = 300ms (default)
2022-08-24 13:28:45,751 [pool-118-thread-1] INFO  server.RaftServer$Division (ServerState.java:<init>(107)) - 8d791df9-aaf8-422e-b0a9-1bacd12a10c4@group-C88BC017548E: ConfigurationManager, init=-1: [5e001fdb-1723-4ba3-822b-ce1b40bc3aba|rpc:10.1.1.17:46401|dataStream:|priority:0, 8d791df9-aaf8-422e-b0a9-1bacd12a10c4|rpc:10.1.1.17:38621|dataStream:|priority:0, 92e9f449-3c32-4f52-ab73-c65c98a3a92b|rpc:10.1.1.17:34651|dataStream:|priority:1], old=null, confs=<EMPTY_MAP>
2022-08-24 13:28:45,752 [pool-118-thread-1] INFO  server.RaftServerConfigKeys (ConfUtils.java:logGet(46)) - raft.server.storage.dir = [/home/runner/work/ozone/ozone/hadoop-ozone/integration-test/target/test-dir/MiniOzoneClusterImpl-4ec5f5c4-b0ab-4cbf-8465-e18eb8453e4d/datanode-2/data/ratis] (custom)
2022-08-24 13:28:45,752 [pool-118-thread-1] INFO  server.RaftServerConfigKeys (ConfUtils.java:logGet(46)) - raft.server.log.corruption.policy = EXCEPTION (default)
2022-08-24 13:28:45,752 [pool-118-thread-1] INFO  server.RaftServerConfigKeys (ConfUtils.java:logGet(46)) - raft.server.storage.free-space.min = 0MB (=0) (default)
2022-08-24 13:28:45,752 [pool-118-thread-1] INFO  storage.RaftStorageDirectory (RaftStorageDirectoryImpl.java:analyzeStorage(135)) - The storage directory /home/runner/work/ozone/ozone/hadoop-ozone/integration-test/target/test-dir/MiniOzoneClusterImpl-4ec5f5c4-b0ab-4cbf-8465-e18eb8453e4d/datanode-2/data/ratis/3fa87b7b-c617-420c-b03b-c88bc017548e does not exist. Creating ...
2022-08-24 13:28:45,753 [pool-118-thread-1] INFO  storage.RaftStorageDirectory (RaftStorageDirectoryImpl.java:tryLock(230)) - Lock on /home/runner/work/ozone/ozone/hadoop-ozone/integration-test/target/test-dir/MiniOzoneClusterImpl-4ec5f5c4-b0ab-4cbf-8465-e18eb8453e4d/datanode-2/data/ratis/3fa87b7b-c617-420c-b03b-c88bc017548e/in_use.lock acquired by nodename 55499@fv-az213-422
2022-08-24 13:28:45,753 [pool-118-thread-1] INFO  storage.RaftStorage (RaftStorageImpl.java:format(89)) - Storage directory /home/runner/work/ozone/ozone/hadoop-ozone/integration-test/target/test-dir/MiniOzoneClusterImpl-4ec5f5c4-b0ab-4cbf-8465-e18eb8453e4d/datanode-2/data/ratis/3fa87b7b-c617-420c-b03b-c88bc017548e has been successfully formatted.
2022-08-24 13:28:45,755 [pool-118-thread-1] INFO  ratis.ContainerStateMachine (ContainerStateMachine.java:loadSnapshot(236)) - group-C88BC017548E: The snapshot info is null. Setting the last applied indexto:(t:0, i:~)
2022-08-24 13:28:45,755 [pool-118-thread-1] INFO  server.RaftServerConfigKeys (ConfUtils.java:logGet(46)) - raft.server.notification.no-leader.timeout = 300s (custom)
2022-08-24 13:28:45,756 [pool-118-thread-1] INFO  server.RaftServerConfigKeys (ConfUtils.java:logGet(46)) - raft.server.log.use.memory = false (default)
2022-08-24 13:28:45,756 [pool-118-thread-1] INFO  server.RaftServerConfigKeys (ConfUtils.java:logGet(46)) - raft.server.log.purge.gap = 1000000 (custom)
2022-08-24 13:28:45,756 [pool-118-thread-1] INFO  server.RaftServerConfigKeys (ConfUtils.java:logGet(46)) - raft.server.log.appender.buffer.byte-limit = 33554432 (custom)
2022-08-24 13:28:45,756 [pool-118-thread-1] INFO  server.RaftServerConfigKeys (ConfUtils.java:logGet(46)) - raft.server.log.statemachine.data.read.timeout = 1000ms (default)
2022-08-24 13:28:45,759 [pool-118-thread-1] INFO  server.RaftServerConfigKeys (ConfUtils.java:logGet(46)) - raft.server.log.segment.size.max = 1048576 (custom)
2022-08-24 13:28:45,759 [pool-118-thread-1] INFO  server.RaftServerConfigKeys (ConfUtils.java:logGet(46)) - raft.server.log.segment.cache.num.max = 2 (custom)
2022-08-24 13:28:45,759 [pool-118-thread-1] INFO  server.RaftServerConfigKeys (ConfUtils.java:logGet(46)) - raft.server.log.segment.cache.size.max = 200MB (=209715200) (default)
2022-08-24 13:28:45,759 [pool-118-thread-1] INFO  segmented.SegmentedRaftLogWorker (SegmentedRaftLogWorker.java:<init>(187)) - new 8d791df9-aaf8-422e-b0a9-1bacd12a10c4@group-C88BC017548E-SegmentedRaftLogWorker for RaftStorageImpl:Storage Directory /home/runner/work/ozone/ozone/hadoop-ozone/integration-test/target/test-dir/MiniOzoneClusterImpl-4ec5f5c4-b0ab-4cbf-8465-e18eb8453e4d/datanode-2/data/ratis/3fa87b7b-c617-420c-b03b-c88bc017548e
2022-08-24 13:28:45,759 [pool-118-thread-1] INFO  server.RaftServerConfigKeys (ConfUtils.java:logGet(46)) - raft.server.log.queue.byte-limit = 4294967296 (custom)
2022-08-24 13:28:45,759 [pool-118-thread-1] INFO  server.RaftServerConfigKeys (ConfUtils.java:logGet(46)) - raft.server.log.queue.element-limit = 1024 (custom)
2022-08-24 13:28:45,759 [pool-118-thread-1] INFO  server.RaftServerConfigKeys (ConfUtils.java:logGet(46)) - raft.server.log.segment.size.max = 1048576 (custom)
2022-08-24 13:28:45,759 [pool-118-thread-1] INFO  server.RaftServerConfigKeys (ConfUtils.java:logGet(46)) - raft.server.log.preallocated.size = 16384 (custom)
2022-08-24 13:28:45,759 [pool-118-thread-1] INFO  server.RaftServerConfigKeys (ConfUtils.java:logGet(46)) - raft.server.log.force.sync.num = 128 (default)
2022-08-24 13:28:45,759 [pool-118-thread-1] INFO  server.RaftServerConfigKeys (ConfUtils.java:logGet(46)) - raft.server.log.statemachine.data.sync = true (default)
2022-08-24 13:28:45,759 [pool-118-thread-1] INFO  server.RaftServerConfigKeys (ConfUtils.java:logGet(46)) - raft.server.log.statemachine.data.sync.timeout = 10s (default)
2022-08-24 13:28:45,759 [pool-118-thread-1] INFO  server.RaftServerConfigKeys (ConfUtils.java:logGet(46)) - raft.server.log.statemachine.data.sync.timeout.retry = -1 (default)
2022-08-24 13:28:45,760 [pool-118-thread-1] INFO  server.RaftServerConfigKeys (ConfUtils.java:logGet(46)) - raft.server.log.write.buffer.size = 1048576 (custom)
2022-08-24 13:28:45,761 [pool-118-thread-1] INFO  server.RaftServerConfigKeys (ConfUtils.java:logGet(46)) - raft.server.log.unsafe-flush.enabled = false (default)
2022-08-24 13:28:45,761 [pool-118-thread-1] INFO  server.RaftServerConfigKeys (ConfUtils.java:logGet(46)) - raft.server.log.statemachine.data.caching.enabled = true (custom)
2022-08-24 13:28:45,761 [pool-118-thread-1] INFO  segmented.SegmentedRaftLogWorker (SegmentedRaftLogWorker.java:lambda$new$0(135)) - 8d791df9-aaf8-422e-b0a9-1bacd12a10c4@group-C88BC017548E-SegmentedRaftLogWorker: flushIndex: setUnconditionally 0 -> -1
2022-08-24 13:28:45,761 [pool-118-thread-1] INFO  segmented.SegmentedRaftLogWorker (SegmentedRaftLogWorker.java:lambda$new$0(135)) - 8d791df9-aaf8-422e-b0a9-1bacd12a10c4@group-C88BC017548E-SegmentedRaftLogWorker: safeCacheEvictIndex: setUnconditionally 0 -> -1
2022-08-24 13:28:45,763 [pool-118-thread-1] INFO  server.RaftServerConfigKeys (ConfUtils.java:logGet(46)) - raft.server.snapshot.auto.trigger.enabled = true (custom)
2022-08-24 13:28:45,763 [pool-118-thread-1] INFO  server.RaftServerConfigKeys (ConfUtils.java:logGet(46)) - raft.server.snapshot.auto.trigger.threshold = 10000 (custom)
2022-08-24 13:28:45,763 [pool-118-thread-1] INFO  server.RaftServerConfigKeys (ConfUtils.java:logGet(46)) - raft.server.snapshot.retention.file.num = 5 (custom)
2022-08-24 13:28:45,763 [pool-118-thread-1] INFO  server.RaftServerConfigKeys (ConfUtils.java:logGet(46)) - raft.server.log.purge.upto.snapshot.index = false (default)
2022-08-24 13:28:45,763 [pool-118-thread-1] INFO  server.RaftServerConfigKeys (ConfUtils.java:logGet(46)) - raft.server.retrycache.expirytime = 600000ms (custom)
2022-08-24 13:28:45,763 [pool-118-thread-1] INFO  server.RaftServerConfigKeys (ConfUtils.java:logGet(46)) - raft.server.retrycache.statistics.expirytime = 100μs (default)
2022-08-24 13:28:45,764 [pool-118-thread-1] INFO  server.RaftServerConfigKeys (ConfUtils.java:logGet(46)) - raft.server.log.appender.install.snapshot.enabled = false (custom)
2022-08-24 13:28:45,764 [pool-118-thread-1] INFO  server.RaftServerConfigKeys (ConfUtils.java:logGet(46)) - raft.server.threadpool.server.cached = true (default)
2022-08-24 13:28:45,764 [pool-118-thread-1] INFO  server.RaftServerConfigKeys (ConfUtils.java:logGet(46)) - raft.server.threadpool.server.size = 0 (default)
2022-08-24 13:28:45,764 [pool-118-thread-1] INFO  server.RaftServerConfigKeys (ConfUtils.java:logGet(46)) - raft.server.threadpool.client.cached = true (default)
2022-08-24 13:28:45,764 [pool-118-thread-1] INFO  server.RaftServerConfigKeys (ConfUtils.java:logGet(46)) - raft.server.threadpool.client.size = 0 (default)
2022-08-24 13:28:45,765 [pool-118-thread-1] INFO  server.RaftServer$Division (RaftServerImpl.java:start(310)) - 8d791df9-aaf8-422e-b0a9-1bacd12a10c4@group-C88BC017548E: start as a follower, conf=-1: [5e001fdb-1723-4ba3-822b-ce1b40bc3aba|rpc:10.1.1.17:46401|dataStream:|priority:0, 8d791df9-aaf8-422e-b0a9-1bacd12a10c4|rpc:10.1.1.17:38621|dataStream:|priority:0, 92e9f449-3c32-4f52-ab73-c65c98a3a92b|rpc:10.1.1.17:34651|dataStream:|priority:1], old=null
2022-08-24 13:28:45,765 [pool-118-thread-1] INFO  server.RaftServer$Division (RaftServerImpl.java:setRole(299)) - 8d791df9-aaf8-422e-b0a9-1bacd12a10c4@group-C88BC017548E: changes role from      null to FOLLOWER at term 0 for startAsFollower
2022-08-24 13:28:45,765 [pool-118-thread-1] INFO  impl.RoleInfo (RoleInfo.java:updateAndGet(139)) - 8d791df9-aaf8-422e-b0a9-1bacd12a10c4: start 8d791df9-aaf8-422e-b0a9-1bacd12a10c4@group-C88BC017548E-FollowerState
2022-08-24 13:28:45,765 [pool-118-thread-1] INFO  util.JmxRegister (JmxRegister.java:tryRegister(44)) - Successfully registered JMX Bean with object name Ratis:service=RaftServer,group=group-C88BC017548E,id=8d791df9-aaf8-422e-b0a9-1bacd12a10c4
2022-08-24 13:28:45,790 [Command processor thread] INFO  commandhandler.CreatePipelineCommandHandler (CreatePipelineCommandHandler.java:handle(113)) - Created Pipeline RATIS THREE PipelineID=3fa87b7b-c617-420c-b03b-c88bc017548e.
2022-08-24 13:28:45,791 [grpc-default-executor-0] INFO  server.RaftServer (RaftServerProxy.java:addNew(96)) - 8d791df9-aaf8-422e-b0a9-1bacd12a10c4: addNew group-33CF987F99AC:[5e001fdb-1723-4ba3-822b-ce1b40bc3aba|rpc:10.1.1.17:46401|dataStream:|priority:0, 8d791df9-aaf8-422e-b0a9-1bacd12a10c4|rpc:10.1.1.17:38621|dataStream:|priority:1, 92e9f449-3c32-4f52-ab73-c65c98a3a92b|rpc:10.1.1.17:34651|dataStream:|priority:0] returns group-33CF987F99AC:java.util.concurrent.CompletableFuture@7e689b80[Not completed]
2022-08-24 13:28:45,792 [pool-118-thread-1] INFO  server.RaftServer$Division (RaftServerImpl.java:<init>(190)) - 8d791df9-aaf8-422e-b0a9-1bacd12a10c4: new RaftServerImpl for group-33CF987F99AC:[5e001fdb-1723-4ba3-822b-ce1b40bc3aba|rpc:10.1.1.17:46401|dataStream:|priority:0, 8d791df9-aaf8-422e-b0a9-1bacd12a10c4|rpc:10.1.1.17:38621|dataStream:|priority:1, 92e9f449-3c32-4f52-ab73-c65c98a3a92b|rpc:10.1.1.17:34651|dataStream:|priority:0] with ContainerStateMachine:uninitialized
2022-08-24 13:28:45,793 [pool-118-thread-1] INFO  server.RaftServerConfigKeys (ConfUtils.java:logGet(46)) - raft.server.rpc.timeout.min = 5s (custom)
2022-08-24 13:28:45,793 [pool-118-thread-1] INFO  server.RaftServerConfigKeys (ConfUtils.java:logGet(46)) - raft.server.rpc.timeout.max = 5200ms (custom)
2022-08-24 13:28:45,793 [pool-118-thread-1] INFO  server.RaftServerConfigKeys (ConfUtils.java:logGet(46)) - raft.server.rpc.sleep.time = 25ms (default)
2022-08-24 13:28:45,793 [pool-118-thread-1] INFO  server.RaftServerConfigKeys (ConfUtils.java:logGet(46)) - raft.server.rpc.slowness.timeout = 300s (custom)
2022-08-24 13:28:45,793 [pool-118-thread-1] INFO  server.RaftServerConfigKeys (ConfUtils.java:logGet(46)) - raft.server.leaderelection.leader.step-down.wait-time = 10s (default)
2022-08-24 13:28:45,793 [pool-118-thread-1] INFO  server.RaftServerConfigKeys (ConfUtils.java:logGet(46)) - raft.server.sleep.deviation.threshold = 300ms (default)
2022-08-24 13:28:45,793 [pool-118-thread-1] INFO  server.RaftServer$Division (ServerState.java:<init>(107)) - 8d791df9-aaf8-422e-b0a9-1bacd12a10c4@group-33CF987F99AC: ConfigurationManager, init=-1: [5e001fdb-1723-4ba3-822b-ce1b40bc3aba|rpc:10.1.1.17:46401|dataStream:|priority:0, 8d791df9-aaf8-422e-b0a9-1bacd12a10c4|rpc:10.1.1.17:38621|dataStream:|priority:1, 92e9f449-3c32-4f52-ab73-c65c98a3a92b|rpc:10.1.1.17:34651|dataStream:|priority:0], old=null, confs=<EMPTY_MAP>
2022-08-24 13:28:45,793 [pool-118-thread-1] INFO  server.RaftServerConfigKeys (ConfUtils.java:logGet(46)) - raft.server.storage.dir = [/home/runner/work/ozone/ozone/hadoop-ozone/integration-test/target/test-dir/MiniOzoneClusterImpl-4ec5f5c4-b0ab-4cbf-8465-e18eb8453e4d/datanode-2/data/ratis] (custom)
2022-08-24 13:28:45,793 [pool-118-thread-1] INFO  server.RaftServerConfigKeys (ConfUtils.java:logGet(46)) - raft.server.log.corruption.policy = EXCEPTION (default)
2022-08-24 13:28:45,793 [pool-118-thread-1] INFO  server.RaftServerConfigKeys (ConfUtils.java:logGet(46)) - raft.server.storage.free-space.min = 0MB (=0) (default)
2022-08-24 13:28:45,793 [pool-118-thread-1] INFO  storage.RaftStorageDirectory (RaftStorageDirectoryImpl.java:analyzeStorage(135)) - The storage directory /home/runner/work/ozone/ozone/hadoop-ozone/integration-test/target/test-dir/MiniOzoneClusterImpl-4ec5f5c4-b0ab-4cbf-8465-e18eb8453e4d/datanode-2/data/ratis/c26fedf8-e793-4172-a9b4-33cf987f99ac does not exist. Creating ...
2022-08-24 13:28:45,794 [pool-118-thread-1] INFO  storage.RaftStorageDirectory (RaftStorageDirectoryImpl.java:tryLock(230)) - Lock on /home/runner/work/ozone/ozone/hadoop-ozone/integration-test/target/test-dir/MiniOzoneClusterImpl-4ec5f5c4-b0ab-4cbf-8465-e18eb8453e4d/datanode-2/data/ratis/c26fedf8-e793-4172-a9b4-33cf987f99ac/in_use.lock acquired by nodename 55499@fv-az213-422
2022-08-24 13:28:45,795 [pool-118-thread-1] INFO  storage.RaftStorage (RaftStorageImpl.java:format(89)) - Storage directory /home/runner/work/ozone/ozone/hadoop-ozone/integration-test/target/test-dir/MiniOzoneClusterImpl-4ec5f5c4-b0ab-4cbf-8465-e18eb8453e4d/datanode-2/data/ratis/c26fedf8-e793-4172-a9b4-33cf987f99ac has been successfully formatted.
2022-08-24 13:28:45,796 [pool-118-thread-1] INFO  ratis.ContainerStateMachine (ContainerStateMachine.java:loadSnapshot(236)) - group-33CF987F99AC: The snapshot info is null. Setting the last applied indexto:(t:0, i:~)
2022-08-24 13:28:45,796 [pool-118-thread-1] INFO  server.RaftServerConfigKeys (ConfUtils.java:logGet(46)) - raft.server.notification.no-leader.timeout = 300s (custom)
2022-08-24 13:28:45,796 [pool-118-thread-1] INFO  server.RaftServerConfigKeys (ConfUtils.java:logGet(46)) - raft.server.log.use.memory = false (default)
2022-08-24 13:28:45,796 [pool-118-thread-1] INFO  server.RaftServerConfigKeys (ConfUtils.java:logGet(46)) - raft.server.log.purge.gap = 1000000 (custom)
2022-08-24 13:28:45,796 [pool-118-thread-1] INFO  server.RaftServerConfigKeys (ConfUtils.java:logGet(46)) - raft.server.log.appender.buffer.byte-limit = 33554432 (custom)
2022-08-24 13:28:45,796 [pool-118-thread-1] INFO  server.RaftServerConfigKeys (ConfUtils.java:logGet(46)) - raft.server.log.statemachine.data.read.timeout = 1000ms (default)
2022-08-24 13:28:45,796 [pool-118-thread-1] INFO  server.RaftServerConfigKeys (ConfUtils.java:logGet(46)) - raft.server.log.segment.size.max = 1048576 (custom)
2022-08-24 13:28:45,797 [pool-118-thread-1] INFO  server.RaftServerConfigKeys (ConfUtils.java:logGet(46)) - raft.server.log.segment.cache.num.max = 2 (custom)
2022-08-24 13:28:45,797 [pool-118-thread-1] INFO  server.RaftServerConfigKeys (ConfUtils.java:logGet(46)) - raft.server.log.segment.cache.size.max = 200MB (=209715200) (default)
2022-08-24 13:28:45,797 [pool-118-thread-1] INFO  segmented.SegmentedRaftLogWorker (SegmentedRaftLogWorker.java:<init>(187)) - new 8d791df9-aaf8-422e-b0a9-1bacd12a10c4@group-33CF987F99AC-SegmentedRaftLogWorker for RaftStorageImpl:Storage Directory /home/runner/work/ozone/ozone/hadoop-ozone/integration-test/target/test-dir/MiniOzoneClusterImpl-4ec5f5c4-b0ab-4cbf-8465-e18eb8453e4d/datanode-2/data/ratis/c26fedf8-e793-4172-a9b4-33cf987f99ac
2022-08-24 13:28:45,797 [pool-118-thread-1] INFO  server.RaftServerConfigKeys (ConfUtils.java:logGet(46)) - raft.server.log.queue.byte-limit = 4294967296 (custom)
2022-08-24 13:28:45,797 [pool-118-thread-1] INFO  server.RaftServerConfigKeys (ConfUtils.java:logGet(46)) - raft.server.log.queue.element-limit = 1024 (custom)
2022-08-24 13:28:45,797 [pool-118-thread-1] INFO  server.RaftServerConfigKeys (ConfUtils.java:logGet(46)) - raft.server.log.segment.size.max = 1048576 (custom)
2022-08-24 13:28:45,797 [pool-118-thread-1] INFO  server.RaftServerConfigKeys (ConfUtils.java:logGet(46)) - raft.server.log.preallocated.size = 16384 (custom)
2022-08-24 13:28:45,797 [pool-118-thread-1] INFO  server.RaftServerConfigKeys (ConfUtils.java:logGet(46)) - raft.server.log.force.sync.num = 128 (default)
2022-08-24 13:28:45,797 [pool-118-thread-1] INFO  server.RaftServerConfigKeys (ConfUtils.java:logGet(46)) - raft.server.log.statemachine.data.sync = true (default)
2022-08-24 13:28:45,797 [pool-118-thread-1] INFO  server.RaftServerConfigKeys (ConfUtils.java:logGet(46)) - raft.server.log.statemachine.data.sync.timeout = 10s (default)
2022-08-24 13:28:45,797 [pool-118-thread-1] INFO  server.RaftServerConfigKeys (ConfUtils.java:logGet(46)) - raft.server.log.statemachine.data.sync.timeout.retry = -1 (default)
2022-08-24 13:28:45,798 [pool-118-thread-1] INFO  server.RaftServerConfigKeys (ConfUtils.java:logGet(46)) - raft.server.log.write.buffer.size = 1048576 (custom)
2022-08-24 13:28:45,798 [pool-118-thread-1] INFO  server.RaftServerConfigKeys (ConfUtils.java:logGet(46)) - raft.server.log.unsafe-flush.enabled = false (default)
2022-08-24 13:28:45,798 [pool-118-thread-1] INFO  server.RaftServerConfigKeys (ConfUtils.java:logGet(46)) - raft.server.log.statemachine.data.caching.enabled = true (custom)
2022-08-24 13:28:45,799 [pool-118-thread-1] INFO  segmented.SegmentedRaftLogWorker (SegmentedRaftLogWorker.java:lambda$new$0(135)) - 8d791df9-aaf8-422e-b0a9-1bacd12a10c4@group-33CF987F99AC-SegmentedRaftLogWorker: flushIndex: setUnconditionally 0 -> -1
2022-08-24 13:28:45,799 [pool-118-thread-1] INFO  segmented.SegmentedRaftLogWorker (SegmentedRaftLogWorker.java:lambda$new$0(135)) - 8d791df9-aaf8-422e-b0a9-1bacd12a10c4@group-33CF987F99AC-SegmentedRaftLogWorker: safeCacheEvictIndex: setUnconditionally 0 -> -1
2022-08-24 13:28:45,799 [pool-118-thread-1] INFO  server.RaftServerConfigKeys (ConfUtils.java:logGet(46)) - raft.server.snapshot.auto.trigger.enabled = true (custom)
2022-08-24 13:28:45,799 [pool-118-thread-1] INFO  server.RaftServerConfigKeys (ConfUtils.java:logGet(46)) - raft.server.snapshot.auto.trigger.threshold = 10000 (custom)
2022-08-24 13:28:45,799 [pool-118-thread-1] INFO  server.RaftServerConfigKeys (ConfUtils.java:logGet(46)) - raft.server.snapshot.retention.file.num = 5 (custom)
2022-08-24 13:28:45,799 [pool-118-thread-1] INFO  server.RaftServerConfigKeys (ConfUtils.java:logGet(46)) - raft.server.log.purge.upto.snapshot.index = false (default)
2022-08-24 13:28:45,799 [pool-118-thread-1] INFO  server.RaftServerConfigKeys (ConfUtils.java:logGet(46)) - raft.server.retrycache.expirytime = 600000ms (custom)
2022-08-24 13:28:45,799 [pool-118-thread-1] INFO  server.RaftServerConfigKeys (ConfUtils.java:logGet(46)) - raft.server.retrycache.statistics.expirytime = 100μs (default)
2022-08-24 13:28:45,800 [pool-118-thread-1] INFO  server.RaftServerConfigKeys (ConfUtils.java:logGet(46)) - raft.server.log.appender.install.snapshot.enabled = false (custom)
2022-08-24 13:28:45,800 [pool-118-thread-1] INFO  server.RaftServerConfigKeys (ConfUtils.java:logGet(46)) - raft.server.threadpool.server.cached = true (default)
2022-08-24 13:28:45,800 [pool-118-thread-1] INFO  server.RaftServerConfigKeys (ConfUtils.java:logGet(46)) - raft.server.threadpool.server.size = 0 (default)
2022-08-24 13:28:45,800 [pool-118-thread-1] INFO  server.RaftServerConfigKeys (ConfUtils.java:logGet(46)) - raft.server.threadpool.client.cached = true (default)
2022-08-24 13:28:45,800 [pool-118-thread-1] INFO  server.RaftServerConfigKeys (ConfUtils.java:logGet(46)) - raft.server.threadpool.client.size = 0 (default)
2022-08-24 13:28:45,800 [pool-118-thread-1] INFO  server.RaftServer$Division (RaftServerImpl.java:start(310)) - 8d791df9-aaf8-422e-b0a9-1bacd12a10c4@group-33CF987F99AC: start as a follower, conf=-1: [5e001fdb-1723-4ba3-822b-ce1b40bc3aba|rpc:10.1.1.17:46401|dataStream:|priority:0, 8d791df9-aaf8-422e-b0a9-1bacd12a10c4|rpc:10.1.1.17:38621|dataStream:|priority:1, 92e9f449-3c32-4f52-ab73-c65c98a3a92b|rpc:10.1.1.17:34651|dataStream:|priority:0], old=null
2022-08-24 13:28:45,800 [pool-118-thread-1] INFO  server.RaftServer$Division (RaftServerImpl.java:setRole(299)) - 8d791df9-aaf8-422e-b0a9-1bacd12a10c4@group-33CF987F99AC: changes role from      null to FOLLOWER at term 0 for startAsFollower
2022-08-24 13:28:45,800 [pool-118-thread-1] INFO  impl.RoleInfo (RoleInfo.java:updateAndGet(139)) - 8d791df9-aaf8-422e-b0a9-1bacd12a10c4: start 8d791df9-aaf8-422e-b0a9-1bacd12a10c4@group-33CF987F99AC-FollowerState
2022-08-24 13:28:45,800 [pool-118-thread-1] INFO  util.JmxRegister (JmxRegister.java:tryRegister(44)) - Successfully registered JMX Bean with object name Ratis:service=RaftServer,group=group-33CF987F99AC,id=8d791df9-aaf8-422e-b0a9-1bacd12a10c4
2022-08-24 13:28:45,815 [Command processor thread] INFO  commandhandler.CreatePipelineCommandHandler (CreatePipelineCommandHandler.java:handle(113)) - Created Pipeline RATIS THREE PipelineID=c26fedf8-e793-4172-a9b4-33cf987f99ac.
2022-08-24 13:28:45,923 [Command processor thread] INFO  server.RaftServer (RaftServerProxy.java:addNew(96)) - 8d791df9-aaf8-422e-b0a9-1bacd12a10c4: addNew group-B50EB0DFCC6D:[8d791df9-aaf8-422e-b0a9-1bacd12a10c4|rpc:10.1.1.17:38621|priority:1] returns group-B50EB0DFCC6D:java.util.concurrent.CompletableFuture@3196d58e[Not completed]
2022-08-24 13:28:45,924 [pool-118-thread-1] INFO  server.RaftServer$Division (RaftServerImpl.java:<init>(190)) - 8d791df9-aaf8-422e-b0a9-1bacd12a10c4: new RaftServerImpl for group-B50EB0DFCC6D:[8d791df9-aaf8-422e-b0a9-1bacd12a10c4|rpc:10.1.1.17:38621|priority:1] with ContainerStateMachine:uninitialized
2022-08-24 13:28:45,924 [pool-118-thread-1] INFO  server.RaftServerConfigKeys (ConfUtils.java:logGet(46)) - raft.server.rpc.timeout.min = 5s (custom)
2022-08-24 13:28:45,924 [pool-118-thread-1] INFO  server.RaftServerConfigKeys (ConfUtils.java:logGet(46)) - raft.server.rpc.timeout.max = 5200ms (custom)
2022-08-24 13:28:45,924 [pool-118-thread-1] INFO  server.RaftServerConfigKeys (ConfUtils.java:logGet(46)) - raft.server.rpc.sleep.time = 25ms (default)
2022-08-24 13:28:45,924 [pool-118-thread-1] INFO  server.RaftServerConfigKeys (ConfUtils.java:logGet(46)) - raft.server.rpc.slowness.timeout = 300s (custom)
2022-08-24 13:28:45,924 [pool-118-thread-1] INFO  server.RaftServerConfigKeys (ConfUtils.java:logGet(46)) - raft.server.leaderelection.leader.step-down.wait-time = 10s (default)
2022-08-24 13:28:45,924 [pool-118-thread-1] INFO  server.RaftServerConfigKeys (ConfUtils.java:logGet(46)) - raft.server.sleep.deviation.threshold = 300ms (default)
2022-08-24 13:28:45,924 [pool-118-thread-1] INFO  server.RaftServer$Division (ServerState.java:<init>(107)) - 8d791df9-aaf8-422e-b0a9-1bacd12a10c4@group-B50EB0DFCC6D: ConfigurationManager, init=-1: [8d791df9-aaf8-422e-b0a9-1bacd12a10c4|rpc:10.1.1.17:38621|priority:1], old=null, confs=<EMPTY_MAP>
2022-08-24 13:28:45,924 [pool-118-thread-1] INFO  server.RaftServerConfigKeys (ConfUtils.java:logGet(46)) - raft.server.storage.dir = [/home/runner/work/ozone/ozone/hadoop-ozone/integration-test/target/test-dir/MiniOzoneClusterImpl-4ec5f5c4-b0ab-4cbf-8465-e18eb8453e4d/datanode-2/data/ratis] (custom)
2022-08-24 13:28:45,924 [pool-118-thread-1] INFO  server.RaftServerConfigKeys (ConfUtils.java:logGet(46)) - raft.server.log.corruption.policy = EXCEPTION (default)
2022-08-24 13:28:45,924 [pool-118-thread-1] INFO  server.RaftServerConfigKeys (ConfUtils.java:logGet(46)) - raft.server.storage.free-space.min = 0MB (=0) (default)
2022-08-24 13:28:45,924 [pool-118-thread-1] INFO  storage.RaftStorageDirectory (RaftStorageDirectoryImpl.java:analyzeStorage(135)) - The storage directory /home/runner/work/ozone/ozone/hadoop-ozone/integration-test/target/test-dir/MiniOzoneClusterImpl-4ec5f5c4-b0ab-4cbf-8465-e18eb8453e4d/datanode-2/data/ratis/237ac0df-7f17-42b4-bc9c-b50eb0dfcc6d does not exist. Creating ...
2022-08-24 13:28:45,925 [pool-118-thread-1] INFO  storage.RaftStorageDirectory (RaftStorageDirectoryImpl.java:tryLock(230)) - Lock on /home/runner/work/ozone/ozone/hadoop-ozone/integration-test/target/test-dir/MiniOzoneClusterImpl-4ec5f5c4-b0ab-4cbf-8465-e18eb8453e4d/datanode-2/data/ratis/237ac0df-7f17-42b4-bc9c-b50eb0dfcc6d/in_use.lock acquired by nodename 55499@fv-az213-422
2022-08-24 13:28:45,926 [pool-118-thread-1] INFO  storage.RaftStorage (RaftStorageImpl.java:format(89)) - Storage directory /home/runner/work/ozone/ozone/hadoop-ozone/integration-test/target/test-dir/MiniOzoneClusterImpl-4ec5f5c4-b0ab-4cbf-8465-e18eb8453e4d/datanode-2/data/ratis/237ac0df-7f17-42b4-bc9c-b50eb0dfcc6d has been successfully formatted.
2022-08-24 13:28:45,926 [pool-118-thread-1] INFO  ratis.ContainerStateMachine (ContainerStateMachine.java:loadSnapshot(236)) - group-B50EB0DFCC6D: The snapshot info is null. Setting the last applied indexto:(t:0, i:~)
2022-08-24 13:28:45,927 [pool-118-thread-1] INFO  server.RaftServerConfigKeys (ConfUtils.java:logGet(46)) - raft.server.notification.no-leader.timeout = 300s (custom)
2022-08-24 13:28:45,927 [pool-118-thread-1] INFO  server.RaftServerConfigKeys (ConfUtils.java:logGet(46)) - raft.server.log.use.memory = false (default)
2022-08-24 13:28:45,929 [pool-118-thread-1] INFO  server.RaftServerConfigKeys (ConfUtils.java:logGet(46)) - raft.server.log.purge.gap = 1000000 (custom)
2022-08-24 13:28:45,929 [pool-118-thread-1] INFO  server.RaftServerConfigKeys (ConfUtils.java:logGet(46)) - raft.server.log.appender.buffer.byte-limit = 33554432 (custom)
2022-08-24 13:28:45,929 [pool-118-thread-1] INFO  server.RaftServerConfigKeys (ConfUtils.java:logGet(46)) - raft.server.log.statemachine.data.read.timeout = 1000ms (default)
2022-08-24 13:28:45,929 [pool-118-thread-1] INFO  server.RaftServerConfigKeys (ConfUtils.java:logGet(46)) - raft.server.log.segment.size.max = 1048576 (custom)
2022-08-24 13:28:45,930 [EventQueue-PipelineReportForPipelineReportHandler] INFO  pipeline.PipelineManagerImpl (PipelineManagerImpl.java:openPipeline(367)) - Pipeline Pipeline[ Id: 237ac0df-7f17-42b4-bc9c-b50eb0dfcc6d, Nodes: 8d791df9-aaf8-422e-b0a9-1bacd12a10c4{ip: 10.1.1.17, host: fv-az213-422.c2vz3wqhpjau3hcstnyptvmwla.cx.internal.cloudapp.net, ports: [REPLICATION=39591, RATIS=38621, RATIS_ADMIN=38621, RATIS_SERVER=38621, STANDALONE=33577], networkLocation: /default-rack, certSerialId: null, persistedOpState: IN_SERVICE, persistedOpStateExpiryEpochSec: 0}, ReplicationConfig: RATIS/ONE, State:ALLOCATED, leaderId:8d791df9-aaf8-422e-b0a9-1bacd12a10c4, CreationTimestamp2022-08-24T13:28:42.926Z[Etc/UTC]] moved to OPEN state
2022-08-24 13:28:45,930 [EventQueue-OpenPipelineForHealthyPipelineSafeModeRule] INFO  safemode.SCMSafeModeManager (HealthyPipelineSafeModeRule.java:process(137)) - SCM in safe mode. Healthy pipelines reported count is 0, required healthy pipeline reported count is 1
2022-08-24 13:28:45,930 [pool-118-thread-1] INFO  server.RaftServerConfigKeys (ConfUtils.java:logGet(46)) - raft.server.log.segment.cache.num.max = 2 (custom)
2022-08-24 13:28:45,931 [pool-118-thread-1] INFO  server.RaftServerConfigKeys (ConfUtils.java:logGet(46)) - raft.server.log.segment.cache.size.max = 200MB (=209715200) (default)
2022-08-24 13:28:45,931 [pool-118-thread-1] INFO  segmented.SegmentedRaftLogWorker (SegmentedRaftLogWorker.java:<init>(187)) - new 8d791df9-aaf8-422e-b0a9-1bacd12a10c4@group-B50EB0DFCC6D-SegmentedRaftLogWorker for RaftStorageImpl:Storage Directory /home/runner/work/ozone/ozone/hadoop-ozone/integration-test/target/test-dir/MiniOzoneClusterImpl-4ec5f5c4-b0ab-4cbf-8465-e18eb8453e4d/datanode-2/data/ratis/237ac0df-7f17-42b4-bc9c-b50eb0dfcc6d
2022-08-24 13:28:45,931 [pool-118-thread-1] INFO  server.RaftServerConfigKeys (ConfUtils.java:logGet(46)) - raft.server.log.queue.byte-limit = 4294967296 (custom)
2022-08-24 13:28:45,931 [pool-118-thread-1] INFO  server.RaftServerConfigKeys (ConfUtils.java:logGet(46)) - raft.server.log.queue.element-limit = 1024 (custom)
2022-08-24 13:28:45,931 [pool-118-thread-1] INFO  server.RaftServerConfigKeys (ConfUtils.java:logGet(46)) - raft.server.log.segment.size.max = 1048576 (custom)
2022-08-24 13:28:45,931 [pool-118-thread-1] INFO  server.RaftServerConfigKeys (ConfUtils.java:logGet(46)) - raft.server.log.preallocated.size = 16384 (custom)
2022-08-24 13:28:45,931 [pool-118-thread-1] INFO  server.RaftServerConfigKeys (ConfUtils.java:logGet(46)) - raft.server.log.force.sync.num = 128 (default)
2022-08-24 13:28:45,931 [pool-118-thread-1] INFO  server.RaftServerConfigKeys (ConfUtils.java:logGet(46)) - raft.server.log.statemachine.data.sync = true (default)
2022-08-24 13:28:45,932 [pool-118-thread-1] INFO  server.RaftServerConfigKeys (ConfUtils.java:logGet(46)) - raft.server.log.statemachine.data.sync.timeout = 10s (default)
2022-08-24 13:28:45,932 [pool-118-thread-1] INFO  server.RaftServerConfigKeys (ConfUtils.java:logGet(46)) - raft.server.log.statemachine.data.sync.timeout.retry = -1 (default)
2022-08-24 13:28:45,932 [pool-118-thread-1] INFO  server.RaftServerConfigKeys (ConfUtils.java:logGet(46)) - raft.server.log.write.buffer.size = 1048576 (custom)
2022-08-24 13:28:45,933 [pool-118-thread-1] INFO  server.RaftServerConfigKeys (ConfUtils.java:logGet(46)) - raft.server.log.unsafe-flush.enabled = false (default)
2022-08-24 13:28:45,933 [pool-118-thread-1] INFO  server.RaftServerConfigKeys (ConfUtils.java:logGet(46)) - raft.server.log.statemachine.data.caching.enabled = true (custom)
2022-08-24 13:28:45,933 [pool-118-thread-1] INFO  segmented.SegmentedRaftLogWorker (SegmentedRaftLogWorker.java:lambda$new$0(135)) - 8d791df9-aaf8-422e-b0a9-1bacd12a10c4@group-B50EB0DFCC6D-SegmentedRaftLogWorker: flushIndex: setUnconditionally 0 -> -1
2022-08-24 13:28:45,933 [pool-118-thread-1] INFO  segmented.SegmentedRaftLogWorker (SegmentedRaftLogWorker.java:lambda$new$0(135)) - 8d791df9-aaf8-422e-b0a9-1bacd12a10c4@group-B50EB0DFCC6D-SegmentedRaftLogWorker: safeCacheEvictIndex: setUnconditionally 0 -> -1
2022-08-24 13:28:45,933 [pool-118-thread-1] INFO  server.RaftServerConfigKeys (ConfUtils.java:logGet(46)) - raft.server.snapshot.auto.trigger.enabled = true (custom)
2022-08-24 13:28:45,933 [pool-118-thread-1] INFO  server.RaftServerConfigKeys (ConfUtils.java:logGet(46)) - raft.server.snapshot.auto.trigger.threshold = 10000 (custom)
2022-08-24 13:28:45,933 [pool-118-thread-1] INFO  server.RaftServerConfigKeys (ConfUtils.java:logGet(46)) - raft.server.snapshot.retention.file.num = 5 (custom)
2022-08-24 13:28:45,933 [pool-118-thread-1] INFO  server.RaftServerConfigKeys (ConfUtils.java:logGet(46)) - raft.server.log.purge.upto.snapshot.index = false (default)
2022-08-24 13:28:45,934 [pool-118-thread-1] INFO  server.RaftServerConfigKeys (ConfUtils.java:logGet(46)) - raft.server.retrycache.expirytime = 600000ms (custom)
2022-08-24 13:28:45,934 [pool-118-thread-1] INFO  server.RaftServerConfigKeys (ConfUtils.java:logGet(46)) - raft.server.retrycache.statistics.expirytime = 100μs (default)
2022-08-24 13:28:45,935 [pool-118-thread-1] INFO  server.RaftServerConfigKeys (ConfUtils.java:logGet(46)) - raft.server.log.appender.install.snapshot.enabled = false (custom)
2022-08-24 13:28:45,935 [pool-118-thread-1] INFO  server.RaftServerConfigKeys (ConfUtils.java:logGet(46)) - raft.server.threadpool.server.cached = true (default)
2022-08-24 13:28:45,935 [pool-118-thread-1] INFO  server.RaftServerConfigKeys (ConfUtils.java:logGet(46)) - raft.server.threadpool.server.size = 0 (default)
2022-08-24 13:28:45,935 [pool-118-thread-1] INFO  server.RaftServerConfigKeys (ConfUtils.java:logGet(46)) - raft.server.threadpool.client.cached = true (default)
2022-08-24 13:28:45,935 [pool-118-thread-1] INFO  server.RaftServerConfigKeys (ConfUtils.java:logGet(46)) - raft.server.threadpool.client.size = 0 (default)
2022-08-24 13:28:45,935 [pool-118-thread-1] INFO  server.RaftServer$Division (RaftServerImpl.java:start(310)) - 8d791df9-aaf8-422e-b0a9-1bacd12a10c4@group-B50EB0DFCC6D: start as a follower, conf=-1: [8d791df9-aaf8-422e-b0a9-1bacd12a10c4|rpc:10.1.1.17:38621|priority:1], old=null
2022-08-24 13:28:45,935 [pool-118-thread-1] INFO  server.RaftServer$Division (RaftServerImpl.java:setRole(299)) - 8d791df9-aaf8-422e-b0a9-1bacd12a10c4@group-B50EB0DFCC6D: changes role from      null to FOLLOWER at term 0 for startAsFollower
2022-08-24 13:28:45,935 [pool-118-thread-1] INFO  impl.RoleInfo (RoleInfo.java:updateAndGet(139)) - 8d791df9-aaf8-422e-b0a9-1bacd12a10c4: start 8d791df9-aaf8-422e-b0a9-1bacd12a10c4@group-B50EB0DFCC6D-FollowerState
2022-08-24 13:28:45,935 [pool-118-thread-1] INFO  util.JmxRegister (JmxRegister.java:tryRegister(44)) - Successfully registered JMX Bean with object name Ratis:service=RaftServer,group=group-B50EB0DFCC6D,id=8d791df9-aaf8-422e-b0a9-1bacd12a10c4
2022-08-24 13:28:45,936 [Command processor thread] INFO  ratis.XceiverServerRatis (XceiverServerRatis.java:addGroup(765)) - Created group PipelineID=237ac0df-7f17-42b4-bc9c-b50eb0dfcc6d
2022-08-24 13:28:45,936 [Command processor thread] INFO  commandhandler.CreatePipelineCommandHandler (CreatePipelineCommandHandler.java:handle(113)) - Created Pipeline RATIS ONE PipelineID=237ac0df-7f17-42b4-bc9c-b50eb0dfcc6d.
2022-08-24 13:28:46,196 [Listener at 127.0.0.1/38251] INFO  ozone.MiniOzoneClusterImpl (MiniOzoneClusterImpl.java:lambda$waitForClusterToBeReady$0(216)) - Nodes are ready. Got 7 of 7 DN Heartbeats.
2022-08-24 13:28:46,196 [Listener at 127.0.0.1/38251] INFO  ozone.MiniOzoneClusterImpl (MiniOzoneClusterImpl.java:lambda$waitForClusterToBeReady$0(219)) - Waiting for cluster to exit safe mode
2022-08-24 13:28:46,196 [Listener at 127.0.0.1/38251] INFO  ozone.MiniOzoneClusterImpl (MiniOzoneClusterImpl.java:lambda$waitForClusterToBeReady$0(221)) - SCM became leader
2022-08-24 13:28:46,249 [Command processor thread] INFO  server.RaftServer (RaftServerProxy.java:addNew(96)) - 747b57e3-dfca-466a-9b58-285106b88173: addNew group-DC6E0654DE60:[747b57e3-dfca-466a-9b58-285106b88173|rpc:10.1.1.17:44797|priority:1] returns group-DC6E0654DE60:java.util.concurrent.CompletableFuture@6fbd42d1[Not completed]
2022-08-24 13:28:46,255 [pool-141-thread-1] INFO  server.RaftServer$Division (RaftServerImpl.java:<init>(190)) - 747b57e3-dfca-466a-9b58-285106b88173: new RaftServerImpl for group-DC6E0654DE60:[747b57e3-dfca-466a-9b58-285106b88173|rpc:10.1.1.17:44797|priority:1] with ContainerStateMachine:uninitialized
2022-08-24 13:28:46,256 [pool-141-thread-1] INFO  server.RaftServerConfigKeys (ConfUtils.java:logGet(46)) - raft.server.rpc.timeout.min = 5s (custom)
2022-08-24 13:28:46,256 [pool-141-thread-1] INFO  server.RaftServerConfigKeys (ConfUtils.java:logGet(46)) - raft.server.rpc.timeout.max = 5200ms (custom)
2022-08-24 13:28:46,256 [pool-141-thread-1] INFO  server.RaftServerConfigKeys (ConfUtils.java:logGet(46)) - raft.server.rpc.sleep.time = 25ms (default)
2022-08-24 13:28:46,256 [pool-141-thread-1] INFO  server.RaftServerConfigKeys (ConfUtils.java:logGet(46)) - raft.server.rpc.slowness.timeout = 300s (custom)
2022-08-24 13:28:46,256 [pool-141-thread-1] INFO  server.RaftServerConfigKeys (ConfUtils.java:logGet(46)) - raft.server.leaderelection.leader.step-down.wait-time = 10s (default)
2022-08-24 13:28:46,256 [pool-141-thread-1] INFO  server.RaftServerConfigKeys (ConfUtils.java:logGet(46)) - raft.server.sleep.deviation.threshold = 300ms (default)
2022-08-24 13:28:46,256 [pool-141-thread-1] INFO  server.RaftServer$Division (ServerState.java:<init>(107)) - 747b57e3-dfca-466a-9b58-285106b88173@group-DC6E0654DE60: ConfigurationManager, init=-1: [747b57e3-dfca-466a-9b58-285106b88173|rpc:10.1.1.17:44797|priority:1], old=null, confs=<EMPTY_MAP>
2022-08-24 13:28:46,256 [pool-141-thread-1] INFO  server.RaftServerConfigKeys (ConfUtils.java:logGet(46)) - raft.server.storage.dir = [/home/runner/work/ozone/ozone/hadoop-ozone/integration-test/target/test-dir/MiniOzoneClusterImpl-4ec5f5c4-b0ab-4cbf-8465-e18eb8453e4d/datanode-3/data/ratis] (custom)
2022-08-24 13:28:46,256 [pool-141-thread-1] INFO  server.RaftServerConfigKeys (ConfUtils.java:logGet(46)) - raft.server.log.corruption.policy = EXCEPTION (default)
2022-08-24 13:28:46,256 [pool-141-thread-1] INFO  server.RaftServerConfigKeys (ConfUtils.java:logGet(46)) - raft.server.storage.free-space.min = 0MB (=0) (default)
2022-08-24 13:28:46,256 [pool-141-thread-1] INFO  storage.RaftStorageDirectory (RaftStorageDirectoryImpl.java:analyzeStorage(135)) - The storage directory /home/runner/work/ozone/ozone/hadoop-ozone/integration-test/target/test-dir/MiniOzoneClusterImpl-4ec5f5c4-b0ab-4cbf-8465-e18eb8453e4d/datanode-3/data/ratis/6c1877d8-f4ac-497e-9d6c-dc6e0654de60 does not exist. Creating ...
2022-08-24 13:28:46,257 [pool-141-thread-1] INFO  storage.RaftStorageDirectory (RaftStorageDirectoryImpl.java:tryLock(230)) - Lock on /home/runner/work/ozone/ozone/hadoop-ozone/integration-test/target/test-dir/MiniOzoneClusterImpl-4ec5f5c4-b0ab-4cbf-8465-e18eb8453e4d/datanode-3/data/ratis/6c1877d8-f4ac-497e-9d6c-dc6e0654de60/in_use.lock acquired by nodename 55499@fv-az213-422
2022-08-24 13:28:46,258 [pool-141-thread-1] INFO  storage.RaftStorage (RaftStorageImpl.java:format(89)) - Storage directory /home/runner/work/ozone/ozone/hadoop-ozone/integration-test/target/test-dir/MiniOzoneClusterImpl-4ec5f5c4-b0ab-4cbf-8465-e18eb8453e4d/datanode-3/data/ratis/6c1877d8-f4ac-497e-9d6c-dc6e0654de60 has been successfully formatted.
2022-08-24 13:28:46,259 [pool-141-thread-1] INFO  ratis.ContainerStateMachine (ContainerStateMachine.java:loadSnapshot(236)) - group-DC6E0654DE60: The snapshot info is null. Setting the last applied indexto:(t:0, i:~)
2022-08-24 13:28:46,259 [pool-141-thread-1] INFO  server.RaftServerConfigKeys (ConfUtils.java:logGet(46)) - raft.server.notification.no-leader.timeout = 300s (custom)
2022-08-24 13:28:46,259 [pool-141-thread-1] INFO  server.RaftServerConfigKeys (ConfUtils.java:logGet(46)) - raft.server.log.use.memory = false (default)
2022-08-24 13:28:46,259 [pool-141-thread-1] INFO  server.RaftServerConfigKeys (ConfUtils.java:logGet(46)) - raft.server.log.purge.gap = 1000000 (custom)
2022-08-24 13:28:46,260 [pool-141-thread-1] INFO  server.RaftServerConfigKeys (ConfUtils.java:logGet(46)) - raft.server.log.appender.buffer.byte-limit = 33554432 (custom)
2022-08-24 13:28:46,260 [pool-141-thread-1] INFO  server.RaftServerConfigKeys (ConfUtils.java:logGet(46)) - raft.server.log.statemachine.data.read.timeout = 1000ms (default)
2022-08-24 13:28:46,260 [pool-141-thread-1] INFO  server.RaftServerConfigKeys (ConfUtils.java:logGet(46)) - raft.server.log.segment.size.max = 1048576 (custom)
2022-08-24 13:28:46,261 [EventQueue-PipelineReportForPipelineReportHandler] INFO  pipeline.PipelineManagerImpl (PipelineManagerImpl.java:openPipeline(367)) - Pipeline Pipeline[ Id: 6c1877d8-f4ac-497e-9d6c-dc6e0654de60, Nodes: 747b57e3-dfca-466a-9b58-285106b88173{ip: 10.1.1.17, host: fv-az213-422.c2vz3wqhpjau3hcstnyptvmwla.cx.internal.cloudapp.net, ports: [REPLICATION=38933, RATIS=44797, RATIS_ADMIN=44797, RATIS_SERVER=44797, STANDALONE=35095], networkLocation: /default-rack, certSerialId: null, persistedOpState: IN_SERVICE, persistedOpStateExpiryEpochSec: 0}, ReplicationConfig: RATIS/ONE, State:ALLOCATED, leaderId:747b57e3-dfca-466a-9b58-285106b88173, CreationTimestamp2022-08-24T13:28:43.251Z[Etc/UTC]] moved to OPEN state
2022-08-24 13:28:46,262 [EventQueue-OpenPipelineForHealthyPipelineSafeModeRule] INFO  safemode.SCMSafeModeManager (HealthyPipelineSafeModeRule.java:process(137)) - SCM in safe mode. Healthy pipelines reported count is 0, required healthy pipeline reported count is 1
2022-08-24 13:28:46,263 [pool-141-thread-1] INFO  server.RaftServerConfigKeys (ConfUtils.java:logGet(46)) - raft.server.log.segment.cache.num.max = 2 (custom)
2022-08-24 13:28:46,264 [pool-141-thread-1] INFO  server.RaftServerConfigKeys (ConfUtils.java:logGet(46)) - raft.server.log.segment.cache.size.max = 200MB (=209715200) (default)
2022-08-24 13:28:46,264 [pool-141-thread-1] INFO  segmented.SegmentedRaftLogWorker (SegmentedRaftLogWorker.java:<init>(187)) - new 747b57e3-dfca-466a-9b58-285106b88173@group-DC6E0654DE60-SegmentedRaftLogWorker for RaftStorageImpl:Storage Directory /home/runner/work/ozone/ozone/hadoop-ozone/integration-test/target/test-dir/MiniOzoneClusterImpl-4ec5f5c4-b0ab-4cbf-8465-e18eb8453e4d/datanode-3/data/ratis/6c1877d8-f4ac-497e-9d6c-dc6e0654de60
2022-08-24 13:28:46,264 [pool-141-thread-1] INFO  server.RaftServerConfigKeys (ConfUtils.java:logGet(46)) - raft.server.log.queue.byte-limit = 4294967296 (custom)
2022-08-24 13:28:46,264 [pool-141-thread-1] INFO  server.RaftServerConfigKeys (ConfUtils.java:logGet(46)) - raft.server.log.queue.element-limit = 1024 (custom)
2022-08-24 13:28:46,264 [pool-141-thread-1] INFO  server.RaftServerConfigKeys (ConfUtils.java:logGet(46)) - raft.server.log.segment.size.max = 1048576 (custom)
2022-08-24 13:28:46,264 [pool-141-thread-1] INFO  server.RaftServerConfigKeys (ConfUtils.java:logGet(46)) - raft.server.log.preallocated.size = 16384 (custom)
2022-08-24 13:28:46,264 [pool-141-thread-1] INFO  server.RaftServerConfigKeys (ConfUtils.java:logGet(46)) - raft.server.log.force.sync.num = 128 (default)
2022-08-24 13:28:46,264 [pool-141-thread-1] INFO  server.RaftServerConfigKeys (ConfUtils.java:logGet(46)) - raft.server.log.statemachine.data.sync = true (default)
2022-08-24 13:28:46,264 [pool-141-thread-1] INFO  server.RaftServerConfigKeys (ConfUtils.java:logGet(46)) - raft.server.log.statemachine.data.sync.timeout = 10s (default)
2022-08-24 13:28:46,264 [pool-141-thread-1] INFO  server.RaftServerConfigKeys (ConfUtils.java:logGet(46)) - raft.server.log.statemachine.data.sync.timeout.retry = -1 (default)
2022-08-24 13:28:46,265 [pool-141-thread-1] INFO  server.RaftServerConfigKeys (ConfUtils.java:logGet(46)) - raft.server.log.write.buffer.size = 1048576 (custom)
2022-08-24 13:28:46,266 [pool-141-thread-1] INFO  server.RaftServerConfigKeys (ConfUtils.java:logGet(46)) - raft.server.log.unsafe-flush.enabled = false (default)
2022-08-24 13:28:46,266 [pool-141-thread-1] INFO  server.RaftServerConfigKeys (ConfUtils.java:logGet(46)) - raft.server.log.statemachine.data.caching.enabled = true (custom)
2022-08-24 13:28:46,266 [pool-141-thread-1] INFO  segmented.SegmentedRaftLogWorker (SegmentedRaftLogWorker.java:lambda$new$0(135)) - 747b57e3-dfca-466a-9b58-285106b88173@group-DC6E0654DE60-SegmentedRaftLogWorker: flushIndex: setUnconditionally 0 -> -1
2022-08-24 13:28:46,266 [pool-141-thread-1] INFO  segmented.SegmentedRaftLogWorker (SegmentedRaftLogWorker.java:lambda$new$0(135)) - 747b57e3-dfca-466a-9b58-285106b88173@group-DC6E0654DE60-SegmentedRaftLogWorker: safeCacheEvictIndex: setUnconditionally 0 -> -1
2022-08-24 13:28:46,266 [pool-141-thread-1] INFO  server.RaftServerConfigKeys (ConfUtils.java:logGet(46)) - raft.server.snapshot.auto.trigger.enabled = true (custom)
2022-08-24 13:28:46,266 [pool-141-thread-1] INFO  server.RaftServerConfigKeys (ConfUtils.java:logGet(46)) - raft.server.snapshot.auto.trigger.threshold = 10000 (custom)
2022-08-24 13:28:46,266 [pool-141-thread-1] INFO  server.RaftServerConfigKeys (ConfUtils.java:logGet(46)) - raft.server.snapshot.retention.file.num = 5 (custom)
2022-08-24 13:28:46,266 [pool-141-thread-1] INFO  server.RaftServerConfigKeys (ConfUtils.java:logGet(46)) - raft.server.log.purge.upto.snapshot.index = false (default)
2022-08-24 13:28:46,266 [pool-141-thread-1] INFO  server.RaftServerConfigKeys (ConfUtils.java:logGet(46)) - raft.server.retrycache.expirytime = 600000ms (custom)
2022-08-24 13:28:46,267 [pool-141-thread-1] INFO  server.RaftServerConfigKeys (ConfUtils.java:logGet(46)) - raft.server.retrycache.statistics.expirytime = 100μs (default)
2022-08-24 13:28:46,268 [pool-141-thread-1] INFO  server.RaftServerConfigKeys (ConfUtils.java:logGet(46)) - raft.server.log.appender.install.snapshot.enabled = false (custom)
2022-08-24 13:28:46,268 [pool-141-thread-1] INFO  server.RaftServerConfigKeys (ConfUtils.java:logGet(46)) - raft.server.threadpool.server.cached = true (default)
2022-08-24 13:28:46,268 [pool-141-thread-1] INFO  server.RaftServerConfigKeys (ConfUtils.java:logGet(46)) - raft.server.threadpool.server.size = 0 (default)
2022-08-24 13:28:46,268 [pool-141-thread-1] INFO  server.RaftServerConfigKeys (ConfUtils.java:logGet(46)) - raft.server.threadpool.client.cached = true (default)
2022-08-24 13:28:46,268 [pool-141-thread-1] INFO  server.RaftServerConfigKeys (ConfUtils.java:logGet(46)) - raft.server.threadpool.client.size = 0 (default)
2022-08-24 13:28:46,268 [pool-141-thread-1] INFO  server.RaftServer$Division (RaftServerImpl.java:start(310)) - 747b57e3-dfca-466a-9b58-285106b88173@group-DC6E0654DE60: start as a follower, conf=-1: [747b57e3-dfca-466a-9b58-285106b88173|rpc:10.1.1.17:44797|priority:1], old=null
2022-08-24 13:28:46,268 [pool-141-thread-1] INFO  server.RaftServer$Division (RaftServerImpl.java:setRole(299)) - 747b57e3-dfca-466a-9b58-285106b88173@group-DC6E0654DE60: changes role from      null to FOLLOWER at term 0 for startAsFollower
2022-08-24 13:28:46,268 [pool-141-thread-1] INFO  impl.RoleInfo (RoleInfo.java:updateAndGet(139)) - 747b57e3-dfca-466a-9b58-285106b88173: start 747b57e3-dfca-466a-9b58-285106b88173@group-DC6E0654DE60-FollowerState
2022-08-24 13:28:46,271 [pool-141-thread-1] INFO  util.JmxRegister (JmxRegister.java:tryRegister(44)) - Successfully registered JMX Bean with object name Ratis:service=RaftServer,group=group-DC6E0654DE60,id=747b57e3-dfca-466a-9b58-285106b88173
2022-08-24 13:28:46,271 [Command processor thread] INFO  ratis.XceiverServerRatis (XceiverServerRatis.java:addGroup(765)) - Created group PipelineID=6c1877d8-f4ac-497e-9d6c-dc6e0654de60
2022-08-24 13:28:46,271 [Command processor thread] INFO  commandhandler.CreatePipelineCommandHandler (CreatePipelineCommandHandler.java:handle(113)) - Created Pipeline RATIS ONE PipelineID=6c1877d8-f4ac-497e-9d6c-dc6e0654de60.
2022-08-24 13:28:46,272 [Command processor thread] INFO  server.RaftServer (RaftServerProxy.java:addNew(96)) - 747b57e3-dfca-466a-9b58-285106b88173: addNew group-D5CE6504EA78:[6df90b5a-2255-4e76-9861-62a750936b37|rpc:10.1.1.17:39203|priority:1, 747b57e3-dfca-466a-9b58-285106b88173|rpc:10.1.1.17:44797|priority:0, a03cde11-8254-451f-9ee8-6e5d62d0f896|rpc:10.1.1.17:39543|priority:0] returns group-D5CE6504EA78:java.util.concurrent.CompletableFuture@6b82cbfe[Not completed]
2022-08-24 13:28:46,273 [pool-141-thread-1] INFO  server.RaftServer$Division (RaftServerImpl.java:<init>(190)) - 747b57e3-dfca-466a-9b58-285106b88173: new RaftServerImpl for group-D5CE6504EA78:[6df90b5a-2255-4e76-9861-62a750936b37|rpc:10.1.1.17:39203|priority:1, 747b57e3-dfca-466a-9b58-285106b88173|rpc:10.1.1.17:44797|priority:0, a03cde11-8254-451f-9ee8-6e5d62d0f896|rpc:10.1.1.17:39543|priority:0] with ContainerStateMachine:uninitialized
2022-08-24 13:28:46,273 [pool-141-thread-1] INFO  server.RaftServerConfigKeys (ConfUtils.java:logGet(46)) - raft.server.rpc.timeout.min = 5s (custom)
2022-08-24 13:28:46,273 [pool-141-thread-1] INFO  server.RaftServerConfigKeys (ConfUtils.java:logGet(46)) - raft.server.rpc.timeout.max = 5200ms (custom)
2022-08-24 13:28:46,273 [pool-141-thread-1] INFO  server.RaftServerConfigKeys (ConfUtils.java:logGet(46)) - raft.server.rpc.sleep.time = 25ms (default)
2022-08-24 13:28:46,273 [pool-141-thread-1] INFO  server.RaftServerConfigKeys (ConfUtils.java:logGet(46)) - raft.server.rpc.slowness.timeout = 300s (custom)
2022-08-24 13:28:46,273 [pool-141-thread-1] INFO  server.RaftServerConfigKeys (ConfUtils.java:logGet(46)) - raft.server.leaderelection.leader.step-down.wait-time = 10s (default)
2022-08-24 13:28:46,273 [pool-141-thread-1] INFO  server.RaftServerConfigKeys (ConfUtils.java:logGet(46)) - raft.server.sleep.deviation.threshold = 300ms (default)
2022-08-24 13:28:46,273 [pool-141-thread-1] INFO  server.RaftServer$Division (ServerState.java:<init>(107)) - 747b57e3-dfca-466a-9b58-285106b88173@group-D5CE6504EA78: ConfigurationManager, init=-1: [6df90b5a-2255-4e76-9861-62a750936b37|rpc:10.1.1.17:39203|priority:1, 747b57e3-dfca-466a-9b58-285106b88173|rpc:10.1.1.17:44797|priority:0, a03cde11-8254-451f-9ee8-6e5d62d0f896|rpc:10.1.1.17:39543|priority:0], old=null, confs=<EMPTY_MAP>
2022-08-24 13:28:46,273 [pool-141-thread-1] INFO  server.RaftServerConfigKeys (ConfUtils.java:logGet(46)) - raft.server.storage.dir = [/home/runner/work/ozone/ozone/hadoop-ozone/integration-test/target/test-dir/MiniOzoneClusterImpl-4ec5f5c4-b0ab-4cbf-8465-e18eb8453e4d/datanode-3/data/ratis] (custom)
2022-08-24 13:28:46,273 [pool-141-thread-1] INFO  server.RaftServerConfigKeys (ConfUtils.java:logGet(46)) - raft.server.log.corruption.policy = EXCEPTION (default)
2022-08-24 13:28:46,273 [pool-141-thread-1] INFO  server.RaftServerConfigKeys (ConfUtils.java:logGet(46)) - raft.server.storage.free-space.min = 0MB (=0) (default)
2022-08-24 13:28:46,273 [pool-141-thread-1] INFO  storage.RaftStorageDirectory (RaftStorageDirectoryImpl.java:analyzeStorage(135)) - The storage directory /home/runner/work/ozone/ozone/hadoop-ozone/integration-test/target/test-dir/MiniOzoneClusterImpl-4ec5f5c4-b0ab-4cbf-8465-e18eb8453e4d/datanode-3/data/ratis/83c55a40-e61e-4239-a6d5-d5ce6504ea78 does not exist. Creating ...
2022-08-24 13:28:46,274 [pool-141-thread-1] INFO  storage.RaftStorageDirectory (RaftStorageDirectoryImpl.java:tryLock(230)) - Lock on /home/runner/work/ozone/ozone/hadoop-ozone/integration-test/target/test-dir/MiniOzoneClusterImpl-4ec5f5c4-b0ab-4cbf-8465-e18eb8453e4d/datanode-3/data/ratis/83c55a40-e61e-4239-a6d5-d5ce6504ea78/in_use.lock acquired by nodename 55499@fv-az213-422
2022-08-24 13:28:46,275 [pool-141-thread-1] INFO  storage.RaftStorage (RaftStorageImpl.java:format(89)) - Storage directory /home/runner/work/ozone/ozone/hadoop-ozone/integration-test/target/test-dir/MiniOzoneClusterImpl-4ec5f5c4-b0ab-4cbf-8465-e18eb8453e4d/datanode-3/data/ratis/83c55a40-e61e-4239-a6d5-d5ce6504ea78 has been successfully formatted.
2022-08-24 13:28:46,277 [pool-141-thread-1] INFO  ratis.ContainerStateMachine (ContainerStateMachine.java:loadSnapshot(236)) - group-D5CE6504EA78: The snapshot info is null. Setting the last applied indexto:(t:0, i:~)
2022-08-24 13:28:46,277 [pool-141-thread-1] INFO  server.RaftServerConfigKeys (ConfUtils.java:logGet(46)) - raft.server.notification.no-leader.timeout = 300s (custom)
2022-08-24 13:28:46,277 [pool-141-thread-1] INFO  server.RaftServerConfigKeys (ConfUtils.java:logGet(46)) - raft.server.log.use.memory = false (default)
2022-08-24 13:28:46,277 [pool-141-thread-1] INFO  server.RaftServerConfigKeys (ConfUtils.java:logGet(46)) - raft.server.log.purge.gap = 1000000 (custom)
2022-08-24 13:28:46,278 [pool-141-thread-1] INFO  server.RaftServerConfigKeys (ConfUtils.java:logGet(46)) - raft.server.log.appender.buffer.byte-limit = 33554432 (custom)
2022-08-24 13:28:46,278 [pool-141-thread-1] INFO  server.RaftServerConfigKeys (ConfUtils.java:logGet(46)) - raft.server.log.statemachine.data.read.timeout = 1000ms (default)
2022-08-24 13:28:46,278 [EventQueue-OpenPipelineForHealthyPipelineSafeModeRule] INFO  safemode.SCMSafeModeManager (HealthyPipelineSafeModeRule.java:process(137)) - SCM in safe mode. Healthy pipelines reported count is 0, required healthy pipeline reported count is 1
2022-08-24 13:28:46,278 [pool-141-thread-1] INFO  server.RaftServerConfigKeys (ConfUtils.java:logGet(46)) - raft.server.log.segment.size.max = 1048576 (custom)
2022-08-24 13:28:46,279 [pool-141-thread-1] INFO  server.RaftServerConfigKeys (ConfUtils.java:logGet(46)) - raft.server.log.segment.cache.num.max = 2 (custom)
2022-08-24 13:28:46,279 [pool-141-thread-1] INFO  server.RaftServerConfigKeys (ConfUtils.java:logGet(46)) - raft.server.log.segment.cache.size.max = 200MB (=209715200) (default)
2022-08-24 13:28:46,279 [pool-141-thread-1] INFO  segmented.SegmentedRaftLogWorker (SegmentedRaftLogWorker.java:<init>(187)) - new 747b57e3-dfca-466a-9b58-285106b88173@group-D5CE6504EA78-SegmentedRaftLogWorker for RaftStorageImpl:Storage Directory /home/runner/work/ozone/ozone/hadoop-ozone/integration-test/target/test-dir/MiniOzoneClusterImpl-4ec5f5c4-b0ab-4cbf-8465-e18eb8453e4d/datanode-3/data/ratis/83c55a40-e61e-4239-a6d5-d5ce6504ea78
2022-08-24 13:28:46,279 [pool-141-thread-1] INFO  server.RaftServerConfigKeys (ConfUtils.java:logGet(46)) - raft.server.log.queue.byte-limit = 4294967296 (custom)
2022-08-24 13:28:46,279 [pool-141-thread-1] INFO  server.RaftServerConfigKeys (ConfUtils.java:logGet(46)) - raft.server.log.queue.element-limit = 1024 (custom)
2022-08-24 13:28:46,279 [pool-141-thread-1] INFO  server.RaftServerConfigKeys (ConfUtils.java:logGet(46)) - raft.server.log.segment.size.max = 1048576 (custom)
2022-08-24 13:28:46,279 [pool-141-thread-1] INFO  server.RaftServerConfigKeys (ConfUtils.java:logGet(46)) - raft.server.log.preallocated.size = 16384 (custom)
2022-08-24 13:28:46,279 [pool-141-thread-1] INFO  server.RaftServerConfigKeys (ConfUtils.java:logGet(46)) - raft.server.log.force.sync.num = 128 (default)
2022-08-24 13:28:46,279 [pool-141-thread-1] INFO  server.RaftServerConfigKeys (ConfUtils.java:logGet(46)) - raft.server.log.statemachine.data.sync = true (default)
2022-08-24 13:28:46,279 [pool-141-thread-1] INFO  server.RaftServerConfigKeys (ConfUtils.java:logGet(46)) - raft.server.log.statemachine.data.sync.timeout = 10s (default)
2022-08-24 13:28:46,279 [pool-141-thread-1] INFO  server.RaftServerConfigKeys (ConfUtils.java:logGet(46)) - raft.server.log.statemachine.data.sync.timeout.retry = -1 (default)
2022-08-24 13:28:46,280 [pool-141-thread-1] INFO  server.RaftServerConfigKeys (ConfUtils.java:logGet(46)) - raft.server.log.write.buffer.size = 1048576 (custom)
2022-08-24 13:28:46,280 [pool-141-thread-1] INFO  server.RaftServerConfigKeys (ConfUtils.java:logGet(46)) - raft.server.log.unsafe-flush.enabled = false (default)
2022-08-24 13:28:46,280 [pool-141-thread-1] INFO  server.RaftServerConfigKeys (ConfUtils.java:logGet(46)) - raft.server.log.statemachine.data.caching.enabled = true (custom)
2022-08-24 13:28:46,281 [pool-141-thread-1] INFO  segmented.SegmentedRaftLogWorker (SegmentedRaftLogWorker.java:lambda$new$0(135)) - 747b57e3-dfca-466a-9b58-285106b88173@group-D5CE6504EA78-SegmentedRaftLogWorker: flushIndex: setUnconditionally 0 -> -1
2022-08-24 13:28:46,281 [pool-141-thread-1] INFO  segmented.SegmentedRaftLogWorker (SegmentedRaftLogWorker.java:lambda$new$0(135)) - 747b57e3-dfca-466a-9b58-285106b88173@group-D5CE6504EA78-SegmentedRaftLogWorker: safeCacheEvictIndex: setUnconditionally 0 -> -1
2022-08-24 13:28:46,281 [pool-141-thread-1] INFO  server.RaftServerConfigKeys (ConfUtils.java:logGet(46)) - raft.server.snapshot.auto.trigger.enabled = true (custom)
2022-08-24 13:28:46,281 [pool-141-thread-1] INFO  server.RaftServerConfigKeys (ConfUtils.java:logGet(46)) - raft.server.snapshot.auto.trigger.threshold = 10000 (custom)
2022-08-24 13:28:46,281 [pool-141-thread-1] INFO  server.RaftServerConfigKeys (ConfUtils.java:logGet(46)) - raft.server.snapshot.retention.file.num = 5 (custom)
2022-08-24 13:28:46,281 [pool-141-thread-1] INFO  server.RaftServerConfigKeys (ConfUtils.java:logGet(46)) - raft.server.log.purge.upto.snapshot.index = false (default)
2022-08-24 13:28:46,281 [pool-141-thread-1] INFO  server.RaftServerConfigKeys (ConfUtils.java:logGet(46)) - raft.server.retrycache.expirytime = 600000ms (custom)
2022-08-24 13:28:46,281 [pool-141-thread-1] INFO  server.RaftServerConfigKeys (ConfUtils.java:logGet(46)) - raft.server.retrycache.statistics.expirytime = 100μs (default)
2022-08-24 13:28:46,282 [pool-141-thread-1] INFO  server.RaftServerConfigKeys (ConfUtils.java:logGet(46)) - raft.server.log.appender.install.snapshot.enabled = false (custom)
2022-08-24 13:28:46,282 [pool-141-thread-1] INFO  server.RaftServerConfigKeys (ConfUtils.java:logGet(46)) - raft.server.threadpool.server.cached = true (default)
2022-08-24 13:28:46,282 [pool-141-thread-1] INFO  server.RaftServerConfigKeys (ConfUtils.java:logGet(46)) - raft.server.threadpool.server.size = 0 (default)
2022-08-24 13:28:46,282 [pool-141-thread-1] INFO  server.RaftServerConfigKeys (ConfUtils.java:logGet(46)) - raft.server.threadpool.client.cached = true (default)
2022-08-24 13:28:46,282 [pool-141-thread-1] INFO  server.RaftServerConfigKeys (ConfUtils.java:logGet(46)) - raft.server.threadpool.client.size = 0 (default)
2022-08-24 13:28:46,282 [pool-141-thread-1] INFO  server.RaftServer$Division (RaftServerImpl.java:start(310)) - 747b57e3-dfca-466a-9b58-285106b88173@group-D5CE6504EA78: start as a follower, conf=-1: [6df90b5a-2255-4e76-9861-62a750936b37|rpc:10.1.1.17:39203|priority:1, 747b57e3-dfca-466a-9b58-285106b88173|rpc:10.1.1.17:44797|priority:0, a03cde11-8254-451f-9ee8-6e5d62d0f896|rpc:10.1.1.17:39543|priority:0], old=null
2022-08-24 13:28:46,282 [pool-141-thread-1] INFO  server.RaftServer$Division (RaftServerImpl.java:setRole(299)) - 747b57e3-dfca-466a-9b58-285106b88173@group-D5CE6504EA78: changes role from      null to FOLLOWER at term 0 for startAsFollower
2022-08-24 13:28:46,282 [pool-141-thread-1] INFO  impl.RoleInfo (RoleInfo.java:updateAndGet(139)) - 747b57e3-dfca-466a-9b58-285106b88173: start 747b57e3-dfca-466a-9b58-285106b88173@group-D5CE6504EA78-FollowerState
2022-08-24 13:28:46,285 [pool-141-thread-1] INFO  util.JmxRegister (JmxRegister.java:tryRegister(44)) - Successfully registered JMX Bean with object name Ratis:service=RaftServer,group=group-D5CE6504EA78,id=747b57e3-dfca-466a-9b58-285106b88173
2022-08-24 13:28:46,286 [Command processor thread] INFO  ratis.XceiverServerRatis (XceiverServerRatis.java:addGroup(765)) - Created group PipelineID=83c55a40-e61e-4239-a6d5-d5ce6504ea78
2022-08-24 13:28:46,308 [grpc-default-executor-0] INFO  server.RaftServer (RaftServerProxy.java:addNew(96)) - 6df90b5a-2255-4e76-9861-62a750936b37: addNew group-D5CE6504EA78:[6df90b5a-2255-4e76-9861-62a750936b37|rpc:10.1.1.17:39203|dataStream:|priority:1, 747b57e3-dfca-466a-9b58-285106b88173|rpc:10.1.1.17:44797|dataStream:|priority:0, a03cde11-8254-451f-9ee8-6e5d62d0f896|rpc:10.1.1.17:39543|dataStream:|priority:0] returns group-D5CE6504EA78:java.util.concurrent.CompletableFuture@57808576[Not completed]
2022-08-24 13:28:46,310 [pool-187-thread-1] INFO  server.RaftServer$Division (RaftServerImpl.java:<init>(190)) - 6df90b5a-2255-4e76-9861-62a750936b37: new RaftServerImpl for group-D5CE6504EA78:[6df90b5a-2255-4e76-9861-62a750936b37|rpc:10.1.1.17:39203|dataStream:|priority:1, 747b57e3-dfca-466a-9b58-285106b88173|rpc:10.1.1.17:44797|dataStream:|priority:0, a03cde11-8254-451f-9ee8-6e5d62d0f896|rpc:10.1.1.17:39543|dataStream:|priority:0] with ContainerStateMachine:uninitialized
2022-08-24 13:28:46,310 [pool-187-thread-1] INFO  server.RaftServerConfigKeys (ConfUtils.java:logGet(46)) - raft.server.rpc.timeout.min = 5s (custom)
2022-08-24 13:28:46,310 [pool-187-thread-1] INFO  server.RaftServerConfigKeys (ConfUtils.java:logGet(46)) - raft.server.rpc.timeout.max = 5200ms (custom)
2022-08-24 13:28:46,310 [pool-187-thread-1] INFO  server.RaftServerConfigKeys (ConfUtils.java:logGet(46)) - raft.server.rpc.sleep.time = 25ms (default)
2022-08-24 13:28:46,310 [pool-187-thread-1] INFO  server.RaftServerConfigKeys (ConfUtils.java:logGet(46)) - raft.server.rpc.slowness.timeout = 300s (custom)
2022-08-24 13:28:46,310 [pool-187-thread-1] INFO  server.RaftServerConfigKeys (ConfUtils.java:logGet(46)) - raft.server.leaderelection.leader.step-down.wait-time = 10s (default)
2022-08-24 13:28:46,310 [pool-187-thread-1] INFO  server.RaftServerConfigKeys (ConfUtils.java:logGet(46)) - raft.server.sleep.deviation.threshold = 300ms (default)
2022-08-24 13:28:46,310 [pool-187-thread-1] INFO  server.RaftServer$Division (ServerState.java:<init>(107)) - 6df90b5a-2255-4e76-9861-62a750936b37@group-D5CE6504EA78: ConfigurationManager, init=-1: [6df90b5a-2255-4e76-9861-62a750936b37|rpc:10.1.1.17:39203|dataStream:|priority:1, 747b57e3-dfca-466a-9b58-285106b88173|rpc:10.1.1.17:44797|dataStream:|priority:0, a03cde11-8254-451f-9ee8-6e5d62d0f896|rpc:10.1.1.17:39543|dataStream:|priority:0], old=null, confs=<EMPTY_MAP>
2022-08-24 13:28:46,310 [pool-187-thread-1] INFO  server.RaftServerConfigKeys (ConfUtils.java:logGet(46)) - raft.server.storage.dir = [/home/runner/work/ozone/ozone/hadoop-ozone/integration-test/target/test-dir/MiniOzoneClusterImpl-4ec5f5c4-b0ab-4cbf-8465-e18eb8453e4d/datanode-5/data/ratis] (custom)
2022-08-24 13:28:46,310 [pool-187-thread-1] INFO  server.RaftServerConfigKeys (ConfUtils.java:logGet(46)) - raft.server.log.corruption.policy = EXCEPTION (default)
2022-08-24 13:28:46,310 [pool-187-thread-1] INFO  server.RaftServerConfigKeys (ConfUtils.java:logGet(46)) - raft.server.storage.free-space.min = 0MB (=0) (default)
2022-08-24 13:28:46,310 [pool-187-thread-1] INFO  storage.RaftStorageDirectory (RaftStorageDirectoryImpl.java:analyzeStorage(135)) - The storage directory /home/runner/work/ozone/ozone/hadoop-ozone/integration-test/target/test-dir/MiniOzoneClusterImpl-4ec5f5c4-b0ab-4cbf-8465-e18eb8453e4d/datanode-5/data/ratis/83c55a40-e61e-4239-a6d5-d5ce6504ea78 does not exist. Creating ...
2022-08-24 13:28:46,311 [pool-187-thread-1] INFO  storage.RaftStorageDirectory (RaftStorageDirectoryImpl.java:tryLock(230)) - Lock on /home/runner/work/ozone/ozone/hadoop-ozone/integration-test/target/test-dir/MiniOzoneClusterImpl-4ec5f5c4-b0ab-4cbf-8465-e18eb8453e4d/datanode-5/data/ratis/83c55a40-e61e-4239-a6d5-d5ce6504ea78/in_use.lock acquired by nodename 55499@fv-az213-422
2022-08-24 13:28:46,312 [pool-187-thread-1] INFO  storage.RaftStorage (RaftStorageImpl.java:format(89)) - Storage directory /home/runner/work/ozone/ozone/hadoop-ozone/integration-test/target/test-dir/MiniOzoneClusterImpl-4ec5f5c4-b0ab-4cbf-8465-e18eb8453e4d/datanode-5/data/ratis/83c55a40-e61e-4239-a6d5-d5ce6504ea78 has been successfully formatted.
2022-08-24 13:28:46,313 [pool-187-thread-1] INFO  ratis.ContainerStateMachine (ContainerStateMachine.java:loadSnapshot(236)) - group-D5CE6504EA78: The snapshot info is null. Setting the last applied indexto:(t:0, i:~)
2022-08-24 13:28:46,315 [pool-187-thread-1] INFO  server.RaftServerConfigKeys (ConfUtils.java:logGet(46)) - raft.server.notification.no-leader.timeout = 300s (custom)
2022-08-24 13:28:46,315 [pool-187-thread-1] INFO  server.RaftServerConfigKeys (ConfUtils.java:logGet(46)) - raft.server.log.use.memory = false (default)
2022-08-24 13:28:46,315 [pool-187-thread-1] INFO  server.RaftServerConfigKeys (ConfUtils.java:logGet(46)) - raft.server.log.purge.gap = 1000000 (custom)
2022-08-24 13:28:46,315 [pool-187-thread-1] INFO  server.RaftServerConfigKeys (ConfUtils.java:logGet(46)) - raft.server.log.appender.buffer.byte-limit = 33554432 (custom)
2022-08-24 13:28:46,315 [pool-187-thread-1] INFO  server.RaftServerConfigKeys (ConfUtils.java:logGet(46)) - raft.server.log.statemachine.data.read.timeout = 1000ms (default)
2022-08-24 13:28:46,315 [pool-187-thread-1] INFO  server.RaftServerConfigKeys (ConfUtils.java:logGet(46)) - raft.server.log.segment.size.max = 1048576 (custom)
2022-08-24 13:28:46,315 [pool-187-thread-1] INFO  server.RaftServerConfigKeys (ConfUtils.java:logGet(46)) - raft.server.log.segment.cache.num.max = 2 (custom)
2022-08-24 13:28:46,316 [pool-187-thread-1] INFO  server.RaftServerConfigKeys (ConfUtils.java:logGet(46)) - raft.server.log.segment.cache.size.max = 200MB (=209715200) (default)
2022-08-24 13:28:46,316 [pool-187-thread-1] INFO  segmented.SegmentedRaftLogWorker (SegmentedRaftLogWorker.java:<init>(187)) - new 6df90b5a-2255-4e76-9861-62a750936b37@group-D5CE6504EA78-SegmentedRaftLogWorker for RaftStorageImpl:Storage Directory /home/runner/work/ozone/ozone/hadoop-ozone/integration-test/target/test-dir/MiniOzoneClusterImpl-4ec5f5c4-b0ab-4cbf-8465-e18eb8453e4d/datanode-5/data/ratis/83c55a40-e61e-4239-a6d5-d5ce6504ea78
2022-08-24 13:28:46,316 [pool-187-thread-1] INFO  server.RaftServerConfigKeys (ConfUtils.java:logGet(46)) - raft.server.log.queue.byte-limit = 4294967296 (custom)
2022-08-24 13:28:46,316 [pool-187-thread-1] INFO  server.RaftServerConfigKeys (ConfUtils.java:logGet(46)) - raft.server.log.queue.element-limit = 1024 (custom)
2022-08-24 13:28:46,316 [pool-187-thread-1] INFO  server.RaftServerConfigKeys (ConfUtils.java:logGet(46)) - raft.server.log.segment.size.max = 1048576 (custom)
2022-08-24 13:28:46,316 [pool-187-thread-1] INFO  server.RaftServerConfigKeys (ConfUtils.java:logGet(46)) - raft.server.log.preallocated.size = 16384 (custom)
2022-08-24 13:28:46,316 [pool-187-thread-1] INFO  server.RaftServerConfigKeys (ConfUtils.java:logGet(46)) - raft.server.log.force.sync.num = 128 (default)
2022-08-24 13:28:46,317 [pool-187-thread-1] INFO  server.RaftServerConfigKeys (ConfUtils.java:logGet(46)) - raft.server.log.statemachine.data.sync = true (default)
2022-08-24 13:28:46,317 [pool-187-thread-1] INFO  server.RaftServerConfigKeys (ConfUtils.java:logGet(46)) - raft.server.log.statemachine.data.sync.timeout = 10s (default)
2022-08-24 13:28:46,317 [pool-187-thread-1] INFO  server.RaftServerConfigKeys (ConfUtils.java:logGet(46)) - raft.server.log.statemachine.data.sync.timeout.retry = -1 (default)
2022-08-24 13:28:46,317 [pool-187-thread-1] INFO  server.RaftServerConfigKeys (ConfUtils.java:logGet(46)) - raft.server.log.write.buffer.size = 1048576 (custom)
2022-08-24 13:28:46,318 [pool-187-thread-1] INFO  server.RaftServerConfigKeys (ConfUtils.java:logGet(46)) - raft.server.log.unsafe-flush.enabled = false (default)
2022-08-24 13:28:46,318 [pool-187-thread-1] INFO  server.RaftServerConfigKeys (ConfUtils.java:logGet(46)) - raft.server.log.statemachine.data.caching.enabled = true (custom)
2022-08-24 13:28:46,318 [pool-187-thread-1] INFO  segmented.SegmentedRaftLogWorker (SegmentedRaftLogWorker.java:lambda$new$0(135)) - 6df90b5a-2255-4e76-9861-62a750936b37@group-D5CE6504EA78-SegmentedRaftLogWorker: flushIndex: setUnconditionally 0 -> -1
2022-08-24 13:28:46,318 [pool-187-thread-1] INFO  segmented.SegmentedRaftLogWorker (SegmentedRaftLogWorker.java:lambda$new$0(135)) - 6df90b5a-2255-4e76-9861-62a750936b37@group-D5CE6504EA78-SegmentedRaftLogWorker: safeCacheEvictIndex: setUnconditionally 0 -> -1
2022-08-24 13:28:46,320 [pool-187-thread-1] INFO  server.RaftServerConfigKeys (ConfUtils.java:logGet(46)) - raft.server.snapshot.auto.trigger.enabled = true (custom)
2022-08-24 13:28:46,320 [pool-187-thread-1] INFO  server.RaftServerConfigKeys (ConfUtils.java:logGet(46)) - raft.server.snapshot.auto.trigger.threshold = 10000 (custom)
2022-08-24 13:28:46,320 [pool-187-thread-1] INFO  server.RaftServerConfigKeys (ConfUtils.java:logGet(46)) - raft.server.snapshot.retention.file.num = 5 (custom)
2022-08-24 13:28:46,320 [pool-187-thread-1] INFO  server.RaftServerConfigKeys (ConfUtils.java:logGet(46)) - raft.server.log.purge.upto.snapshot.index = false (default)
2022-08-24 13:28:46,320 [pool-187-thread-1] INFO  server.RaftServerConfigKeys (ConfUtils.java:logGet(46)) - raft.server.retrycache.expirytime = 600000ms (custom)
2022-08-24 13:28:46,320 [pool-187-thread-1] INFO  server.RaftServerConfigKeys (ConfUtils.java:logGet(46)) - raft.server.retrycache.statistics.expirytime = 100μs (default)
2022-08-24 13:28:46,324 [pool-187-thread-1] INFO  server.RaftServerConfigKeys (ConfUtils.java:logGet(46)) - raft.server.log.appender.install.snapshot.enabled = false (custom)
2022-08-24 13:28:46,324 [pool-187-thread-1] INFO  server.RaftServerConfigKeys (ConfUtils.java:logGet(46)) - raft.server.threadpool.server.cached = true (default)
2022-08-24 13:28:46,324 [pool-187-thread-1] INFO  server.RaftServerConfigKeys (ConfUtils.java:logGet(46)) - raft.server.threadpool.server.size = 0 (default)
2022-08-24 13:28:46,324 [pool-187-thread-1] INFO  server.RaftServerConfigKeys (ConfUtils.java:logGet(46)) - raft.server.threadpool.client.cached = true (default)
2022-08-24 13:28:46,324 [pool-187-thread-1] INFO  server.RaftServerConfigKeys (ConfUtils.java:logGet(46)) - raft.server.threadpool.client.size = 0 (default)
2022-08-24 13:28:46,324 [pool-187-thread-1] INFO  server.RaftServer$Division (RaftServerImpl.java:start(310)) - 6df90b5a-2255-4e76-9861-62a750936b37@group-D5CE6504EA78: start as a follower, conf=-1: [6df90b5a-2255-4e76-9861-62a750936b37|rpc:10.1.1.17:39203|dataStream:|priority:1, 747b57e3-dfca-466a-9b58-285106b88173|rpc:10.1.1.17:44797|dataStream:|priority:0, a03cde11-8254-451f-9ee8-6e5d62d0f896|rpc:10.1.1.17:39543|dataStream:|priority:0], old=null
2022-08-24 13:28:46,324 [pool-187-thread-1] INFO  server.RaftServer$Division (RaftServerImpl.java:setRole(299)) - 6df90b5a-2255-4e76-9861-62a750936b37@group-D5CE6504EA78: changes role from      null to FOLLOWER at term 0 for startAsFollower
2022-08-24 13:28:46,324 [pool-187-thread-1] INFO  impl.RoleInfo (RoleInfo.java:updateAndGet(139)) - 6df90b5a-2255-4e76-9861-62a750936b37: start 6df90b5a-2255-4e76-9861-62a750936b37@group-D5CE6504EA78-FollowerState
2022-08-24 13:28:46,325 [pool-187-thread-1] INFO  util.JmxRegister (JmxRegister.java:tryRegister(44)) - Successfully registered JMX Bean with object name Ratis:service=RaftServer,group=group-D5CE6504EA78,id=6df90b5a-2255-4e76-9861-62a750936b37
2022-08-24 13:28:46,344 [grpc-default-executor-0] INFO  server.RaftServer (RaftServerProxy.java:addNew(96)) - a03cde11-8254-451f-9ee8-6e5d62d0f896: addNew group-D5CE6504EA78:[6df90b5a-2255-4e76-9861-62a750936b37|rpc:10.1.1.17:39203|dataStream:|priority:1, 747b57e3-dfca-466a-9b58-285106b88173|rpc:10.1.1.17:44797|dataStream:|priority:0, a03cde11-8254-451f-9ee8-6e5d62d0f896|rpc:10.1.1.17:39543|dataStream:|priority:0] returns group-D5CE6504EA78:java.util.concurrent.CompletableFuture@35a79c15[Not completed]
2022-08-24 13:28:46,346 [pool-164-thread-1] INFO  server.RaftServer$Division (RaftServerImpl.java:<init>(190)) - a03cde11-8254-451f-9ee8-6e5d62d0f896: new RaftServerImpl for group-D5CE6504EA78:[6df90b5a-2255-4e76-9861-62a750936b37|rpc:10.1.1.17:39203|dataStream:|priority:1, 747b57e3-dfca-466a-9b58-285106b88173|rpc:10.1.1.17:44797|dataStream:|priority:0, a03cde11-8254-451f-9ee8-6e5d62d0f896|rpc:10.1.1.17:39543|dataStream:|priority:0] with ContainerStateMachine:uninitialized
2022-08-24 13:28:46,346 [pool-164-thread-1] INFO  server.RaftServerConfigKeys (ConfUtils.java:logGet(46)) - raft.server.rpc.timeout.min = 5s (custom)
2022-08-24 13:28:46,346 [pool-164-thread-1] INFO  server.RaftServerConfigKeys (ConfUtils.java:logGet(46)) - raft.server.rpc.timeout.max = 5200ms (custom)
2022-08-24 13:28:46,346 [pool-164-thread-1] INFO  server.RaftServerConfigKeys (ConfUtils.java:logGet(46)) - raft.server.rpc.sleep.time = 25ms (default)
2022-08-24 13:28:46,346 [pool-164-thread-1] INFO  server.RaftServerConfigKeys (ConfUtils.java:logGet(46)) - raft.server.rpc.slowness.timeout = 300s (custom)
2022-08-24 13:28:46,346 [pool-164-thread-1] INFO  server.RaftServerConfigKeys (ConfUtils.java:logGet(46)) - raft.server.leaderelection.leader.step-down.wait-time = 10s (default)
2022-08-24 13:28:46,346 [pool-164-thread-1] INFO  server.RaftServerConfigKeys (ConfUtils.java:logGet(46)) - raft.server.sleep.deviation.threshold = 300ms (default)
2022-08-24 13:28:46,346 [pool-164-thread-1] INFO  server.RaftServer$Division (ServerState.java:<init>(107)) - a03cde11-8254-451f-9ee8-6e5d62d0f896@group-D5CE6504EA78: ConfigurationManager, init=-1: [6df90b5a-2255-4e76-9861-62a750936b37|rpc:10.1.1.17:39203|dataStream:|priority:1, 747b57e3-dfca-466a-9b58-285106b88173|rpc:10.1.1.17:44797|dataStream:|priority:0, a03cde11-8254-451f-9ee8-6e5d62d0f896|rpc:10.1.1.17:39543|dataStream:|priority:0], old=null, confs=<EMPTY_MAP>
2022-08-24 13:28:46,346 [pool-164-thread-1] INFO  server.RaftServerConfigKeys (ConfUtils.java:logGet(46)) - raft.server.storage.dir = [/home/runner/work/ozone/ozone/hadoop-ozone/integration-test/target/test-dir/MiniOzoneClusterImpl-4ec5f5c4-b0ab-4cbf-8465-e18eb8453e4d/datanode-4/data/ratis] (custom)
2022-08-24 13:28:46,346 [pool-164-thread-1] INFO  server.RaftServerConfigKeys (ConfUtils.java:logGet(46)) - raft.server.log.corruption.policy = EXCEPTION (default)
2022-08-24 13:28:46,347 [pool-164-thread-1] INFO  server.RaftServerConfigKeys (ConfUtils.java:logGet(46)) - raft.server.storage.free-space.min = 0MB (=0) (default)
2022-08-24 13:28:46,347 [pool-164-thread-1] INFO  storage.RaftStorageDirectory (RaftStorageDirectoryImpl.java:analyzeStorage(135)) - The storage directory /home/runner/work/ozone/ozone/hadoop-ozone/integration-test/target/test-dir/MiniOzoneClusterImpl-4ec5f5c4-b0ab-4cbf-8465-e18eb8453e4d/datanode-4/data/ratis/83c55a40-e61e-4239-a6d5-d5ce6504ea78 does not exist. Creating ...
2022-08-24 13:28:46,348 [pool-164-thread-1] INFO  storage.RaftStorageDirectory (RaftStorageDirectoryImpl.java:tryLock(230)) - Lock on /home/runner/work/ozone/ozone/hadoop-ozone/integration-test/target/test-dir/MiniOzoneClusterImpl-4ec5f5c4-b0ab-4cbf-8465-e18eb8453e4d/datanode-4/data/ratis/83c55a40-e61e-4239-a6d5-d5ce6504ea78/in_use.lock acquired by nodename 55499@fv-az213-422
2022-08-24 13:28:46,349 [pool-164-thread-1] INFO  storage.RaftStorage (RaftStorageImpl.java:format(89)) - Storage directory /home/runner/work/ozone/ozone/hadoop-ozone/integration-test/target/test-dir/MiniOzoneClusterImpl-4ec5f5c4-b0ab-4cbf-8465-e18eb8453e4d/datanode-4/data/ratis/83c55a40-e61e-4239-a6d5-d5ce6504ea78 has been successfully formatted.
2022-08-24 13:28:46,350 [pool-164-thread-1] INFO  ratis.ContainerStateMachine (ContainerStateMachine.java:loadSnapshot(236)) - group-D5CE6504EA78: The snapshot info is null. Setting the last applied indexto:(t:0, i:~)
2022-08-24 13:28:46,350 [pool-164-thread-1] INFO  server.RaftServerConfigKeys (ConfUtils.java:logGet(46)) - raft.server.notification.no-leader.timeout = 300s (custom)
2022-08-24 13:28:46,350 [pool-164-thread-1] INFO  server.RaftServerConfigKeys (ConfUtils.java:logGet(46)) - raft.server.log.use.memory = false (default)
2022-08-24 13:28:46,350 [pool-164-thread-1] INFO  server.RaftServerConfigKeys (ConfUtils.java:logGet(46)) - raft.server.log.purge.gap = 1000000 (custom)
2022-08-24 13:28:46,350 [pool-164-thread-1] INFO  server.RaftServerConfigKeys (ConfUtils.java:logGet(46)) - raft.server.log.appender.buffer.byte-limit = 33554432 (custom)
2022-08-24 13:28:46,350 [pool-164-thread-1] INFO  server.RaftServerConfigKeys (ConfUtils.java:logGet(46)) - raft.server.log.statemachine.data.read.timeout = 1000ms (default)
2022-08-24 13:28:46,350 [pool-164-thread-1] INFO  server.RaftServerConfigKeys (ConfUtils.java:logGet(46)) - raft.server.log.segment.size.max = 1048576 (custom)
2022-08-24 13:28:46,354 [pool-164-thread-1] INFO  server.RaftServerConfigKeys (ConfUtils.java:logGet(46)) - raft.server.log.segment.cache.num.max = 2 (custom)
2022-08-24 13:28:46,354 [pool-164-thread-1] INFO  server.RaftServerConfigKeys (ConfUtils.java:logGet(46)) - raft.server.log.segment.cache.size.max = 200MB (=209715200) (default)
2022-08-24 13:28:46,354 [pool-164-thread-1] INFO  segmented.SegmentedRaftLogWorker (SegmentedRaftLogWorker.java:<init>(187)) - new a03cde11-8254-451f-9ee8-6e5d62d0f896@group-D5CE6504EA78-SegmentedRaftLogWorker for RaftStorageImpl:Storage Directory /home/runner/work/ozone/ozone/hadoop-ozone/integration-test/target/test-dir/MiniOzoneClusterImpl-4ec5f5c4-b0ab-4cbf-8465-e18eb8453e4d/datanode-4/data/ratis/83c55a40-e61e-4239-a6d5-d5ce6504ea78
2022-08-24 13:28:46,354 [pool-164-thread-1] INFO  server.RaftServerConfigKeys (ConfUtils.java:logGet(46)) - raft.server.log.queue.byte-limit = 4294967296 (custom)
2022-08-24 13:28:46,354 [pool-164-thread-1] INFO  server.RaftServerConfigKeys (ConfUtils.java:logGet(46)) - raft.server.log.queue.element-limit = 1024 (custom)
2022-08-24 13:28:46,354 [pool-164-thread-1] INFO  server.RaftServerConfigKeys (ConfUtils.java:logGet(46)) - raft.server.log.segment.size.max = 1048576 (custom)
2022-08-24 13:28:46,354 [pool-164-thread-1] INFO  server.RaftServerConfigKeys (ConfUtils.java:logGet(46)) - raft.server.log.preallocated.size = 16384 (custom)
2022-08-24 13:28:46,354 [pool-164-thread-1] INFO  server.RaftServerConfigKeys (ConfUtils.java:logGet(46)) - raft.server.log.force.sync.num = 128 (default)
2022-08-24 13:28:46,354 [pool-164-thread-1] INFO  server.RaftServerConfigKeys (ConfUtils.java:logGet(46)) - raft.server.log.statemachine.data.sync = true (default)
2022-08-24 13:28:46,354 [pool-164-thread-1] INFO  server.RaftServerConfigKeys (ConfUtils.java:logGet(46)) - raft.server.log.statemachine.data.sync.timeout = 10s (default)
2022-08-24 13:28:46,354 [pool-164-thread-1] INFO  server.RaftServerConfigKeys (ConfUtils.java:logGet(46)) - raft.server.log.statemachine.data.sync.timeout.retry = -1 (default)
2022-08-24 13:28:46,355 [pool-164-thread-1] INFO  server.RaftServerConfigKeys (ConfUtils.java:logGet(46)) - raft.server.log.write.buffer.size = 1048576 (custom)
2022-08-24 13:28:46,356 [pool-164-thread-1] INFO  server.RaftServerConfigKeys (ConfUtils.java:logGet(46)) - raft.server.log.unsafe-flush.enabled = false (default)
2022-08-24 13:28:46,356 [pool-164-thread-1] INFO  server.RaftServerConfigKeys (ConfUtils.java:logGet(46)) - raft.server.log.statemachine.data.caching.enabled = true (custom)
2022-08-24 13:28:46,356 [pool-164-thread-1] INFO  segmented.SegmentedRaftLogWorker (SegmentedRaftLogWorker.java:lambda$new$0(135)) - a03cde11-8254-451f-9ee8-6e5d62d0f896@group-D5CE6504EA78-SegmentedRaftLogWorker: flushIndex: setUnconditionally 0 -> -1
2022-08-24 13:28:46,356 [pool-164-thread-1] INFO  segmented.SegmentedRaftLogWorker (SegmentedRaftLogWorker.java:lambda$new$0(135)) - a03cde11-8254-451f-9ee8-6e5d62d0f896@group-D5CE6504EA78-SegmentedRaftLogWorker: safeCacheEvictIndex: setUnconditionally 0 -> -1
2022-08-24 13:28:46,356 [pool-164-thread-1] INFO  server.RaftServerConfigKeys (ConfUtils.java:logGet(46)) - raft.server.snapshot.auto.trigger.enabled = true (custom)
2022-08-24 13:28:46,356 [pool-164-thread-1] INFO  server.RaftServerConfigKeys (ConfUtils.java:logGet(46)) - raft.server.snapshot.auto.trigger.threshold = 10000 (custom)
2022-08-24 13:28:46,356 [pool-164-thread-1] INFO  server.RaftServerConfigKeys (ConfUtils.java:logGet(46)) - raft.server.snapshot.retention.file.num = 5 (custom)
2022-08-24 13:28:46,357 [pool-164-thread-1] INFO  server.RaftServerConfigKeys (ConfUtils.java:logGet(46)) - raft.server.log.purge.upto.snapshot.index = false (default)
2022-08-24 13:28:46,357 [pool-164-thread-1] INFO  server.RaftServerConfigKeys (ConfUtils.java:logGet(46)) - raft.server.retrycache.expirytime = 600000ms (custom)
2022-08-24 13:28:46,357 [pool-164-thread-1] INFO  server.RaftServerConfigKeys (ConfUtils.java:logGet(46)) - raft.server.retrycache.statistics.expirytime = 100μs (default)
2022-08-24 13:28:46,358 [pool-164-thread-1] INFO  server.RaftServerConfigKeys (ConfUtils.java:logGet(46)) - raft.server.log.appender.install.snapshot.enabled = false (custom)
2022-08-24 13:28:46,358 [pool-164-thread-1] INFO  server.RaftServerConfigKeys (ConfUtils.java:logGet(46)) - raft.server.threadpool.server.cached = true (default)
2022-08-24 13:28:46,358 [pool-164-thread-1] INFO  server.RaftServerConfigKeys (ConfUtils.java:logGet(46)) - raft.server.threadpool.server.size = 0 (default)
2022-08-24 13:28:46,358 [pool-164-thread-1] INFO  server.RaftServerConfigKeys (ConfUtils.java:logGet(46)) - raft.server.threadpool.client.cached = true (default)
2022-08-24 13:28:46,358 [pool-164-thread-1] INFO  server.RaftServerConfigKeys (ConfUtils.java:logGet(46)) - raft.server.threadpool.client.size = 0 (default)
2022-08-24 13:28:46,358 [pool-164-thread-1] INFO  server.RaftServer$Division (RaftServerImpl.java:start(310)) - a03cde11-8254-451f-9ee8-6e5d62d0f896@group-D5CE6504EA78: start as a follower, conf=-1: [6df90b5a-2255-4e76-9861-62a750936b37|rpc:10.1.1.17:39203|dataStream:|priority:1, 747b57e3-dfca-466a-9b58-285106b88173|rpc:10.1.1.17:44797|dataStream:|priority:0, a03cde11-8254-451f-9ee8-6e5d62d0f896|rpc:10.1.1.17:39543|dataStream:|priority:0], old=null
2022-08-24 13:28:46,358 [pool-164-thread-1] INFO  server.RaftServer$Division (RaftServerImpl.java:setRole(299)) - a03cde11-8254-451f-9ee8-6e5d62d0f896@group-D5CE6504EA78: changes role from      null to FOLLOWER at term 0 for startAsFollower
2022-08-24 13:28:46,358 [pool-164-thread-1] INFO  impl.RoleInfo (RoleInfo.java:updateAndGet(139)) - a03cde11-8254-451f-9ee8-6e5d62d0f896: start a03cde11-8254-451f-9ee8-6e5d62d0f896@group-D5CE6504EA78-FollowerState
2022-08-24 13:28:46,358 [pool-164-thread-1] INFO  util.JmxRegister (JmxRegister.java:tryRegister(44)) - Successfully registered JMX Bean with object name Ratis:service=RaftServer,group=group-D5CE6504EA78,id=a03cde11-8254-451f-9ee8-6e5d62d0f896
2022-08-24 13:28:46,375 [Command processor thread] INFO  commandhandler.CreatePipelineCommandHandler (CreatePipelineCommandHandler.java:handle(113)) - Created Pipeline RATIS THREE PipelineID=83c55a40-e61e-4239-a6d5-d5ce6504ea78.
2022-08-24 13:28:46,375 [Command processor thread] INFO  server.RaftServer (RaftServerProxy.java:addNew(96)) - 747b57e3-dfca-466a-9b58-285106b88173: addNew group-D49C4920753B:[6df90b5a-2255-4e76-9861-62a750936b37|rpc:10.1.1.17:39203|priority:0, 747b57e3-dfca-466a-9b58-285106b88173|rpc:10.1.1.17:44797|priority:0, a03cde11-8254-451f-9ee8-6e5d62d0f896|rpc:10.1.1.17:39543|priority:1] returns group-D49C4920753B:java.util.concurrent.CompletableFuture@31dc1e30[Not completed]
2022-08-24 13:28:46,376 [pool-141-thread-1] INFO  server.RaftServer$Division (RaftServerImpl.java:<init>(190)) - 747b57e3-dfca-466a-9b58-285106b88173: new RaftServerImpl for group-D49C4920753B:[6df90b5a-2255-4e76-9861-62a750936b37|rpc:10.1.1.17:39203|priority:0, 747b57e3-dfca-466a-9b58-285106b88173|rpc:10.1.1.17:44797|priority:0, a03cde11-8254-451f-9ee8-6e5d62d0f896|rpc:10.1.1.17:39543|priority:1] with ContainerStateMachine:uninitialized
2022-08-24 13:28:46,376 [pool-141-thread-1] INFO  server.RaftServerConfigKeys (ConfUtils.java:logGet(46)) - raft.server.rpc.timeout.min = 5s (custom)
2022-08-24 13:28:46,376 [pool-141-thread-1] INFO  server.RaftServerConfigKeys (ConfUtils.java:logGet(46)) - raft.server.rpc.timeout.max = 5200ms (custom)
2022-08-24 13:28:46,376 [pool-141-thread-1] INFO  server.RaftServerConfigKeys (ConfUtils.java:logGet(46)) - raft.server.rpc.sleep.time = 25ms (default)
2022-08-24 13:28:46,376 [pool-141-thread-1] INFO  server.RaftServerConfigKeys (ConfUtils.java:logGet(46)) - raft.server.rpc.slowness.timeout = 300s (custom)
2022-08-24 13:28:46,377 [pool-141-thread-1] INFO  server.RaftServerConfigKeys (ConfUtils.java:logGet(46)) - raft.server.leaderelection.leader.step-down.wait-time = 10s (default)
2022-08-24 13:28:46,377 [pool-141-thread-1] INFO  server.RaftServerConfigKeys (ConfUtils.java:logGet(46)) - raft.server.sleep.deviation.threshold = 300ms (default)
2022-08-24 13:28:46,377 [pool-141-thread-1] INFO  server.RaftServer$Division (ServerState.java:<init>(107)) - 747b57e3-dfca-466a-9b58-285106b88173@group-D49C4920753B: ConfigurationManager, init=-1: [6df90b5a-2255-4e76-9861-62a750936b37|rpc:10.1.1.17:39203|priority:0, 747b57e3-dfca-466a-9b58-285106b88173|rpc:10.1.1.17:44797|priority:0, a03cde11-8254-451f-9ee8-6e5d62d0f896|rpc:10.1.1.17:39543|priority:1], old=null, confs=<EMPTY_MAP>
2022-08-24 13:28:46,377 [pool-141-thread-1] INFO  server.RaftServerConfigKeys (ConfUtils.java:logGet(46)) - raft.server.storage.dir = [/home/runner/work/ozone/ozone/hadoop-ozone/integration-test/target/test-dir/MiniOzoneClusterImpl-4ec5f5c4-b0ab-4cbf-8465-e18eb8453e4d/datanode-3/data/ratis] (custom)
2022-08-24 13:28:46,377 [pool-141-thread-1] INFO  server.RaftServerConfigKeys (ConfUtils.java:logGet(46)) - raft.server.log.corruption.policy = EXCEPTION (default)
2022-08-24 13:28:46,377 [pool-141-thread-1] INFO  server.RaftServerConfigKeys (ConfUtils.java:logGet(46)) - raft.server.storage.free-space.min = 0MB (=0) (default)
2022-08-24 13:28:46,377 [pool-141-thread-1] INFO  storage.RaftStorageDirectory (RaftStorageDirectoryImpl.java:analyzeStorage(135)) - The storage directory /home/runner/work/ozone/ozone/hadoop-ozone/integration-test/target/test-dir/MiniOzoneClusterImpl-4ec5f5c4-b0ab-4cbf-8465-e18eb8453e4d/datanode-3/data/ratis/41675102-4c38-4148-84c6-d49c4920753b does not exist. Creating ...
2022-08-24 13:28:46,378 [pool-141-thread-1] INFO  storage.RaftStorageDirectory (RaftStorageDirectoryImpl.java:tryLock(230)) - Lock on /home/runner/work/ozone/ozone/hadoop-ozone/integration-test/target/test-dir/MiniOzoneClusterImpl-4ec5f5c4-b0ab-4cbf-8465-e18eb8453e4d/datanode-3/data/ratis/41675102-4c38-4148-84c6-d49c4920753b/in_use.lock acquired by nodename 55499@fv-az213-422
2022-08-24 13:28:46,379 [pool-141-thread-1] INFO  storage.RaftStorage (RaftStorageImpl.java:format(89)) - Storage directory /home/runner/work/ozone/ozone/hadoop-ozone/integration-test/target/test-dir/MiniOzoneClusterImpl-4ec5f5c4-b0ab-4cbf-8465-e18eb8453e4d/datanode-3/data/ratis/41675102-4c38-4148-84c6-d49c4920753b has been successfully formatted.
2022-08-24 13:28:46,382 [EventQueue-OpenPipelineForHealthyPipelineSafeModeRule] INFO  safemode.SCMSafeModeManager (HealthyPipelineSafeModeRule.java:process(137)) - SCM in safe mode. Healthy pipelines reported count is 0, required healthy pipeline reported count is 1
2022-08-24 13:28:46,382 [pool-141-thread-1] INFO  ratis.ContainerStateMachine (ContainerStateMachine.java:loadSnapshot(236)) - group-D49C4920753B: The snapshot info is null. Setting the last applied indexto:(t:0, i:~)
2022-08-24 13:28:46,383 [pool-141-thread-1] INFO  server.RaftServerConfigKeys (ConfUtils.java:logGet(46)) - raft.server.notification.no-leader.timeout = 300s (custom)
2022-08-24 13:28:46,383 [pool-141-thread-1] INFO  server.RaftServerConfigKeys (ConfUtils.java:logGet(46)) - raft.server.log.use.memory = false (default)
2022-08-24 13:28:46,383 [pool-141-thread-1] INFO  server.RaftServerConfigKeys (ConfUtils.java:logGet(46)) - raft.server.log.purge.gap = 1000000 (custom)
2022-08-24 13:28:46,383 [pool-141-thread-1] INFO  server.RaftServerConfigKeys (ConfUtils.java:logGet(46)) - raft.server.log.appender.buffer.byte-limit = 33554432 (custom)
2022-08-24 13:28:46,383 [pool-141-thread-1] INFO  server.RaftServerConfigKeys (ConfUtils.java:logGet(46)) - raft.server.log.statemachine.data.read.timeout = 1000ms (default)
2022-08-24 13:28:46,383 [pool-141-thread-1] INFO  server.RaftServerConfigKeys (ConfUtils.java:logGet(46)) - raft.server.log.segment.size.max = 1048576 (custom)
2022-08-24 13:28:46,383 [pool-141-thread-1] INFO  server.RaftServerConfigKeys (ConfUtils.java:logGet(46)) - raft.server.log.segment.cache.num.max = 2 (custom)
2022-08-24 13:28:46,383 [pool-141-thread-1] INFO  server.RaftServerConfigKeys (ConfUtils.java:logGet(46)) - raft.server.log.segment.cache.size.max = 200MB (=209715200) (default)
2022-08-24 13:28:46,383 [pool-141-thread-1] INFO  segmented.SegmentedRaftLogWorker (SegmentedRaftLogWorker.java:<init>(187)) - new 747b57e3-dfca-466a-9b58-285106b88173@group-D49C4920753B-SegmentedRaftLogWorker for RaftStorageImpl:Storage Directory /home/runner/work/ozone/ozone/hadoop-ozone/integration-test/target/test-dir/MiniOzoneClusterImpl-4ec5f5c4-b0ab-4cbf-8465-e18eb8453e4d/datanode-3/data/ratis/41675102-4c38-4148-84c6-d49c4920753b
2022-08-24 13:28:46,383 [pool-141-thread-1] INFO  server.RaftServerConfigKeys (ConfUtils.java:logGet(46)) - raft.server.log.queue.byte-limit = 4294967296 (custom)
2022-08-24 13:28:46,383 [pool-141-thread-1] INFO  server.RaftServerConfigKeys (ConfUtils.java:logGet(46)) - raft.server.log.queue.element-limit = 1024 (custom)
2022-08-24 13:28:46,384 [pool-141-thread-1] INFO  server.RaftServerConfigKeys (ConfUtils.java:logGet(46)) - raft.server.log.segment.size.max = 1048576 (custom)
2022-08-24 13:28:46,384 [pool-141-thread-1] INFO  server.RaftServerConfigKeys (ConfUtils.java:logGet(46)) - raft.server.log.preallocated.size = 16384 (custom)
2022-08-24 13:28:46,384 [pool-141-thread-1] INFO  server.RaftServerConfigKeys (ConfUtils.java:logGet(46)) - raft.server.log.force.sync.num = 128 (default)
2022-08-24 13:28:46,384 [pool-141-thread-1] INFO  server.RaftServerConfigKeys (ConfUtils.java:logGet(46)) - raft.server.log.statemachine.data.sync = true (default)
2022-08-24 13:28:46,384 [pool-141-thread-1] INFO  server.RaftServerConfigKeys (ConfUtils.java:logGet(46)) - raft.server.log.statemachine.data.sync.timeout = 10s (default)
2022-08-24 13:28:46,384 [pool-141-thread-1] INFO  server.RaftServerConfigKeys (ConfUtils.java:logGet(46)) - raft.server.log.statemachine.data.sync.timeout.retry = -1 (default)
2022-08-24 13:28:46,384 [pool-141-thread-1] INFO  server.RaftServerConfigKeys (ConfUtils.java:logGet(46)) - raft.server.log.write.buffer.size = 1048576 (custom)
2022-08-24 13:28:46,385 [pool-141-thread-1] INFO  server.RaftServerConfigKeys (ConfUtils.java:logGet(46)) - raft.server.log.unsafe-flush.enabled = false (default)
2022-08-24 13:28:46,385 [pool-141-thread-1] INFO  server.RaftServerConfigKeys (ConfUtils.java:logGet(46)) - raft.server.log.statemachine.data.caching.enabled = true (custom)
2022-08-24 13:28:46,385 [pool-141-thread-1] INFO  segmented.SegmentedRaftLogWorker (SegmentedRaftLogWorker.java:lambda$new$0(135)) - 747b57e3-dfca-466a-9b58-285106b88173@group-D49C4920753B-SegmentedRaftLogWorker: flushIndex: setUnconditionally 0 -> -1
2022-08-24 13:28:46,385 [pool-141-thread-1] INFO  segmented.SegmentedRaftLogWorker (SegmentedRaftLogWorker.java:lambda$new$0(135)) - 747b57e3-dfca-466a-9b58-285106b88173@group-D49C4920753B-SegmentedRaftLogWorker: safeCacheEvictIndex: setUnconditionally 0 -> -1
2022-08-24 13:28:46,391 [pool-141-thread-1] INFO  server.RaftServerConfigKeys (ConfUtils.java:logGet(46)) - raft.server.snapshot.auto.trigger.enabled = true (custom)
2022-08-24 13:28:46,391 [pool-141-thread-1] INFO  server.RaftServerConfigKeys (ConfUtils.java:logGet(46)) - raft.server.snapshot.auto.trigger.threshold = 10000 (custom)
2022-08-24 13:28:46,391 [pool-141-thread-1] INFO  server.RaftServerConfigKeys (ConfUtils.java:logGet(46)) - raft.server.snapshot.retention.file.num = 5 (custom)
2022-08-24 13:28:46,391 [pool-141-thread-1] INFO  server.RaftServerConfigKeys (ConfUtils.java:logGet(46)) - raft.server.log.purge.upto.snapshot.index = false (default)
2022-08-24 13:28:46,392 [pool-141-thread-1] INFO  server.RaftServerConfigKeys (ConfUtils.java:logGet(46)) - raft.server.retrycache.expirytime = 600000ms (custom)
2022-08-24 13:28:46,392 [pool-141-thread-1] INFO  server.RaftServerConfigKeys (ConfUtils.java:logGet(46)) - raft.server.retrycache.statistics.expirytime = 100μs (default)
2022-08-24 13:28:46,392 [pool-141-thread-1] INFO  server.RaftServerConfigKeys (ConfUtils.java:logGet(46)) - raft.server.log.appender.install.snapshot.enabled = false (custom)
2022-08-24 13:28:46,393 [pool-141-thread-1] INFO  server.RaftServerConfigKeys (ConfUtils.java:logGet(46)) - raft.server.threadpool.server.cached = true (default)
2022-08-24 13:28:46,393 [pool-141-thread-1] INFO  server.RaftServerConfigKeys (ConfUtils.java:logGet(46)) - raft.server.threadpool.server.size = 0 (default)
2022-08-24 13:28:46,393 [pool-141-thread-1] INFO  server.RaftServerConfigKeys (ConfUtils.java:logGet(46)) - raft.server.threadpool.client.cached = true (default)
2022-08-24 13:28:46,393 [pool-141-thread-1] INFO  server.RaftServerConfigKeys (ConfUtils.java:logGet(46)) - raft.server.threadpool.client.size = 0 (default)
2022-08-24 13:28:46,393 [pool-141-thread-1] INFO  server.RaftServer$Division (RaftServerImpl.java:start(310)) - 747b57e3-dfca-466a-9b58-285106b88173@group-D49C4920753B: start as a follower, conf=-1: [6df90b5a-2255-4e76-9861-62a750936b37|rpc:10.1.1.17:39203|priority:0, 747b57e3-dfca-466a-9b58-285106b88173|rpc:10.1.1.17:44797|priority:0, a03cde11-8254-451f-9ee8-6e5d62d0f896|rpc:10.1.1.17:39543|priority:1], old=null
2022-08-24 13:28:46,393 [pool-141-thread-1] INFO  server.RaftServer$Division (RaftServerImpl.java:setRole(299)) - 747b57e3-dfca-466a-9b58-285106b88173@group-D49C4920753B: changes role from      null to FOLLOWER at term 0 for startAsFollower
2022-08-24 13:28:46,393 [pool-141-thread-1] INFO  impl.RoleInfo (RoleInfo.java:updateAndGet(139)) - 747b57e3-dfca-466a-9b58-285106b88173: start 747b57e3-dfca-466a-9b58-285106b88173@group-D49C4920753B-FollowerState
2022-08-24 13:28:46,394 [pool-141-thread-1] INFO  util.JmxRegister (JmxRegister.java:tryRegister(44)) - Successfully registered JMX Bean with object name Ratis:service=RaftServer,group=group-D49C4920753B,id=747b57e3-dfca-466a-9b58-285106b88173
2022-08-24 13:28:46,395 [Command processor thread] INFO  ratis.XceiverServerRatis (XceiverServerRatis.java:addGroup(765)) - Created group PipelineID=41675102-4c38-4148-84c6-d49c4920753b
2022-08-24 13:28:46,407 [grpc-default-executor-0] INFO  server.RaftServer (RaftServerProxy.java:addNew(96)) - 6df90b5a-2255-4e76-9861-62a750936b37: addNew group-D49C4920753B:[6df90b5a-2255-4e76-9861-62a750936b37|rpc:10.1.1.17:39203|dataStream:|priority:0, 747b57e3-dfca-466a-9b58-285106b88173|rpc:10.1.1.17:44797|dataStream:|priority:0, a03cde11-8254-451f-9ee8-6e5d62d0f896|rpc:10.1.1.17:39543|dataStream:|priority:1] returns group-D49C4920753B:java.util.concurrent.CompletableFuture@7f137fb3[Not completed]
2022-08-24 13:28:46,408 [pool-187-thread-1] INFO  server.RaftServer$Division (RaftServerImpl.java:<init>(190)) - 6df90b5a-2255-4e76-9861-62a750936b37: new RaftServerImpl for group-D49C4920753B:[6df90b5a-2255-4e76-9861-62a750936b37|rpc:10.1.1.17:39203|dataStream:|priority:0, 747b57e3-dfca-466a-9b58-285106b88173|rpc:10.1.1.17:44797|dataStream:|priority:0, a03cde11-8254-451f-9ee8-6e5d62d0f896|rpc:10.1.1.17:39543|dataStream:|priority:1] with ContainerStateMachine:uninitialized
2022-08-24 13:28:46,408 [pool-187-thread-1] INFO  server.RaftServerConfigKeys (ConfUtils.java:logGet(46)) - raft.server.rpc.timeout.min = 5s (custom)
2022-08-24 13:28:46,409 [pool-187-thread-1] INFO  server.RaftServerConfigKeys (ConfUtils.java:logGet(46)) - raft.server.rpc.timeout.max = 5200ms (custom)
2022-08-24 13:28:46,409 [pool-187-thread-1] INFO  server.RaftServerConfigKeys (ConfUtils.java:logGet(46)) - raft.server.rpc.sleep.time = 25ms (default)
2022-08-24 13:28:46,409 [pool-187-thread-1] INFO  server.RaftServerConfigKeys (ConfUtils.java:logGet(46)) - raft.server.rpc.slowness.timeout = 300s (custom)
2022-08-24 13:28:46,409 [pool-187-thread-1] INFO  server.RaftServerConfigKeys (ConfUtils.java:logGet(46)) - raft.server.leaderelection.leader.step-down.wait-time = 10s (default)
2022-08-24 13:28:46,409 [pool-187-thread-1] INFO  server.RaftServerConfigKeys (ConfUtils.java:logGet(46)) - raft.server.sleep.deviation.threshold = 300ms (default)
2022-08-24 13:28:46,409 [pool-187-thread-1] INFO  server.RaftServer$Division (ServerState.java:<init>(107)) - 6df90b5a-2255-4e76-9861-62a750936b37@group-D49C4920753B: ConfigurationManager, init=-1: [6df90b5a-2255-4e76-9861-62a750936b37|rpc:10.1.1.17:39203|dataStream:|priority:0, 747b57e3-dfca-466a-9b58-285106b88173|rpc:10.1.1.17:44797|dataStream:|priority:0, a03cde11-8254-451f-9ee8-6e5d62d0f896|rpc:10.1.1.17:39543|dataStream:|priority:1], old=null, confs=<EMPTY_MAP>
2022-08-24 13:28:46,409 [pool-187-thread-1] INFO  server.RaftServerConfigKeys (ConfUtils.java:logGet(46)) - raft.server.storage.dir = [/home/runner/work/ozone/ozone/hadoop-ozone/integration-test/target/test-dir/MiniOzoneClusterImpl-4ec5f5c4-b0ab-4cbf-8465-e18eb8453e4d/datanode-5/data/ratis] (custom)
2022-08-24 13:28:46,409 [pool-187-thread-1] INFO  server.RaftServerConfigKeys (ConfUtils.java:logGet(46)) - raft.server.log.corruption.policy = EXCEPTION (default)
2022-08-24 13:28:46,409 [pool-187-thread-1] INFO  server.RaftServerConfigKeys (ConfUtils.java:logGet(46)) - raft.server.storage.free-space.min = 0MB (=0) (default)
2022-08-24 13:28:46,409 [pool-187-thread-1] INFO  storage.RaftStorageDirectory (RaftStorageDirectoryImpl.java:analyzeStorage(135)) - The storage directory /home/runner/work/ozone/ozone/hadoop-ozone/integration-test/target/test-dir/MiniOzoneClusterImpl-4ec5f5c4-b0ab-4cbf-8465-e18eb8453e4d/datanode-5/data/ratis/41675102-4c38-4148-84c6-d49c4920753b does not exist. Creating ...
2022-08-24 13:28:46,410 [pool-187-thread-1] INFO  storage.RaftStorageDirectory (RaftStorageDirectoryImpl.java:tryLock(230)) - Lock on /home/runner/work/ozone/ozone/hadoop-ozone/integration-test/target/test-dir/MiniOzoneClusterImpl-4ec5f5c4-b0ab-4cbf-8465-e18eb8453e4d/datanode-5/data/ratis/41675102-4c38-4148-84c6-d49c4920753b/in_use.lock acquired by nodename 55499@fv-az213-422
2022-08-24 13:28:46,411 [pool-187-thread-1] INFO  storage.RaftStorage (RaftStorageImpl.java:format(89)) - Storage directory /home/runner/work/ozone/ozone/hadoop-ozone/integration-test/target/test-dir/MiniOzoneClusterImpl-4ec5f5c4-b0ab-4cbf-8465-e18eb8453e4d/datanode-5/data/ratis/41675102-4c38-4148-84c6-d49c4920753b has been successfully formatted.
2022-08-24 13:28:46,411 [pool-187-thread-1] INFO  ratis.ContainerStateMachine (ContainerStateMachine.java:loadSnapshot(236)) - group-D49C4920753B: The snapshot info is null. Setting the last applied indexto:(t:0, i:~)
2022-08-24 13:28:46,411 [pool-187-thread-1] INFO  server.RaftServerConfigKeys (ConfUtils.java:logGet(46)) - raft.server.notification.no-leader.timeout = 300s (custom)
2022-08-24 13:28:46,415 [pool-187-thread-1] INFO  server.RaftServerConfigKeys (ConfUtils.java:logGet(46)) - raft.server.log.use.memory = false (default)
2022-08-24 13:28:46,415 [pool-187-thread-1] INFO  server.RaftServerConfigKeys (ConfUtils.java:logGet(46)) - raft.server.log.purge.gap = 1000000 (custom)
2022-08-24 13:28:46,415 [pool-187-thread-1] INFO  server.RaftServerConfigKeys (ConfUtils.java:logGet(46)) - raft.server.log.appender.buffer.byte-limit = 33554432 (custom)
2022-08-24 13:28:46,415 [pool-187-thread-1] INFO  server.RaftServerConfigKeys (ConfUtils.java:logGet(46)) - raft.server.log.statemachine.data.read.timeout = 1000ms (default)
2022-08-24 13:28:46,415 [pool-187-thread-1] INFO  server.RaftServerConfigKeys (ConfUtils.java:logGet(46)) - raft.server.log.segment.size.max = 1048576 (custom)
2022-08-24 13:28:46,415 [pool-187-thread-1] INFO  server.RaftServerConfigKeys (ConfUtils.java:logGet(46)) - raft.server.log.segment.cache.num.max = 2 (custom)
2022-08-24 13:28:46,415 [pool-187-thread-1] INFO  server.RaftServerConfigKeys (ConfUtils.java:logGet(46)) - raft.server.log.segment.cache.size.max = 200MB (=209715200) (default)
2022-08-24 13:28:46,415 [pool-187-thread-1] INFO  segmented.SegmentedRaftLogWorker (SegmentedRaftLogWorker.java:<init>(187)) - new 6df90b5a-2255-4e76-9861-62a750936b37@group-D49C4920753B-SegmentedRaftLogWorker for RaftStorageImpl:Storage Directory /home/runner/work/ozone/ozone/hadoop-ozone/integration-test/target/test-dir/MiniOzoneClusterImpl-4ec5f5c4-b0ab-4cbf-8465-e18eb8453e4d/datanode-5/data/ratis/41675102-4c38-4148-84c6-d49c4920753b
2022-08-24 13:28:46,416 [pool-187-thread-1] INFO  server.RaftServerConfigKeys (ConfUtils.java:logGet(46)) - raft.server.log.queue.byte-limit = 4294967296 (custom)
2022-08-24 13:28:46,416 [pool-187-thread-1] INFO  server.RaftServerConfigKeys (ConfUtils.java:logGet(46)) - raft.server.log.queue.element-limit = 1024 (custom)
2022-08-24 13:28:46,416 [pool-187-thread-1] INFO  server.RaftServerConfigKeys (ConfUtils.java:logGet(46)) - raft.server.log.segment.size.max = 1048576 (custom)
2022-08-24 13:28:46,416 [pool-187-thread-1] INFO  server.RaftServerConfigKeys (ConfUtils.java:logGet(46)) - raft.server.log.preallocated.size = 16384 (custom)
2022-08-24 13:28:46,416 [pool-187-thread-1] INFO  server.RaftServerConfigKeys (ConfUtils.java:logGet(46)) - raft.server.log.force.sync.num = 128 (default)
2022-08-24 13:28:46,416 [pool-187-thread-1] INFO  server.RaftServerConfigKeys (ConfUtils.java:logGet(46)) - raft.server.log.statemachine.data.sync = true (default)
2022-08-24 13:28:46,416 [pool-187-thread-1] INFO  server.RaftServerConfigKeys (ConfUtils.java:logGet(46)) - raft.server.log.statemachine.data.sync.timeout = 10s (default)
2022-08-24 13:28:46,416 [pool-187-thread-1] INFO  server.RaftServerConfigKeys (ConfUtils.java:logGet(46)) - raft.server.log.statemachine.data.sync.timeout.retry = -1 (default)
2022-08-24 13:28:46,417 [pool-187-thread-1] INFO  server.RaftServerConfigKeys (ConfUtils.java:logGet(46)) - raft.server.log.write.buffer.size = 1048576 (custom)
2022-08-24 13:28:46,417 [pool-187-thread-1] INFO  server.RaftServerConfigKeys (ConfUtils.java:logGet(46)) - raft.server.log.unsafe-flush.enabled = false (default)
2022-08-24 13:28:46,417 [pool-187-thread-1] INFO  server.RaftServerConfigKeys (ConfUtils.java:logGet(46)) - raft.server.log.statemachine.data.caching.enabled = true (custom)
2022-08-24 13:28:46,418 [pool-187-thread-1] INFO  segmented.SegmentedRaftLogWorker (SegmentedRaftLogWorker.java:lambda$new$0(135)) - 6df90b5a-2255-4e76-9861-62a750936b37@group-D49C4920753B-SegmentedRaftLogWorker: flushIndex: setUnconditionally 0 -> -1
2022-08-24 13:28:46,418 [pool-187-thread-1] INFO  segmented.SegmentedRaftLogWorker (SegmentedRaftLogWorker.java:lambda$new$0(135)) - 6df90b5a-2255-4e76-9861-62a750936b37@group-D49C4920753B-SegmentedRaftLogWorker: safeCacheEvictIndex: setUnconditionally 0 -> -1
2022-08-24 13:28:46,418 [pool-187-thread-1] INFO  server.RaftServerConfigKeys (ConfUtils.java:logGet(46)) - raft.server.snapshot.auto.trigger.enabled = true (custom)
2022-08-24 13:28:46,418 [pool-187-thread-1] INFO  server.RaftServerConfigKeys (ConfUtils.java:logGet(46)) - raft.server.snapshot.auto.trigger.threshold = 10000 (custom)
2022-08-24 13:28:46,418 [pool-187-thread-1] INFO  server.RaftServerConfigKeys (ConfUtils.java:logGet(46)) - raft.server.snapshot.retention.file.num = 5 (custom)
2022-08-24 13:28:46,418 [pool-187-thread-1] INFO  server.RaftServerConfigKeys (ConfUtils.java:logGet(46)) - raft.server.log.purge.upto.snapshot.index = false (default)
2022-08-24 13:28:46,418 [pool-187-thread-1] INFO  server.RaftServerConfigKeys (ConfUtils.java:logGet(46)) - raft.server.retrycache.expirytime = 600000ms (custom)
2022-08-24 13:28:46,418 [pool-187-thread-1] INFO  server.RaftServerConfigKeys (ConfUtils.java:logGet(46)) - raft.server.retrycache.statistics.expirytime = 100μs (default)
2022-08-24 13:28:46,419 [pool-187-thread-1] INFO  server.RaftServerConfigKeys (ConfUtils.java:logGet(46)) - raft.server.log.appender.install.snapshot.enabled = false (custom)
2022-08-24 13:28:46,419 [pool-187-thread-1] INFO  server.RaftServerConfigKeys (ConfUtils.java:logGet(46)) - raft.server.threadpool.server.cached = true (default)
2022-08-24 13:28:46,419 [pool-187-thread-1] INFO  server.RaftServerConfigKeys (ConfUtils.java:logGet(46)) - raft.server.threadpool.server.size = 0 (default)
2022-08-24 13:28:46,419 [pool-187-thread-1] INFO  server.RaftServerConfigKeys (ConfUtils.java:logGet(46)) - raft.server.threadpool.client.cached = true (default)
2022-08-24 13:28:46,419 [pool-187-thread-1] INFO  server.RaftServerConfigKeys (ConfUtils.java:logGet(46)) - raft.server.threadpool.client.size = 0 (default)
2022-08-24 13:28:46,419 [pool-187-thread-1] INFO  server.RaftServer$Division (RaftServerImpl.java:start(310)) - 6df90b5a-2255-4e76-9861-62a750936b37@group-D49C4920753B: start as a follower, conf=-1: [6df90b5a-2255-4e76-9861-62a750936b37|rpc:10.1.1.17:39203|dataStream:|priority:0, 747b57e3-dfca-466a-9b58-285106b88173|rpc:10.1.1.17:44797|dataStream:|priority:0, a03cde11-8254-451f-9ee8-6e5d62d0f896|rpc:10.1.1.17:39543|dataStream:|priority:1], old=null
2022-08-24 13:28:46,419 [pool-187-thread-1] INFO  server.RaftServer$Division (RaftServerImpl.java:setRole(299)) - 6df90b5a-2255-4e76-9861-62a750936b37@group-D49C4920753B: changes role from      null to FOLLOWER at term 0 for startAsFollower
2022-08-24 13:28:46,419 [pool-187-thread-1] INFO  impl.RoleInfo (RoleInfo.java:updateAndGet(139)) - 6df90b5a-2255-4e76-9861-62a750936b37: start 6df90b5a-2255-4e76-9861-62a750936b37@group-D49C4920753B-FollowerState
2022-08-24 13:28:46,421 [pool-187-thread-1] INFO  util.JmxRegister (JmxRegister.java:tryRegister(44)) - Successfully registered JMX Bean with object name Ratis:service=RaftServer,group=group-D49C4920753B,id=6df90b5a-2255-4e76-9861-62a750936b37
2022-08-24 13:28:46,440 [grpc-default-executor-0] INFO  server.RaftServer (RaftServerProxy.java:addNew(96)) - a03cde11-8254-451f-9ee8-6e5d62d0f896: addNew group-D49C4920753B:[6df90b5a-2255-4e76-9861-62a750936b37|rpc:10.1.1.17:39203|dataStream:|priority:0, 747b57e3-dfca-466a-9b58-285106b88173|rpc:10.1.1.17:44797|dataStream:|priority:0, a03cde11-8254-451f-9ee8-6e5d62d0f896|rpc:10.1.1.17:39543|dataStream:|priority:1] returns group-D49C4920753B:java.util.concurrent.CompletableFuture@16a68c02[Not completed]
2022-08-24 13:28:46,441 [pool-164-thread-1] INFO  server.RaftServer$Division (RaftServerImpl.java:<init>(190)) - a03cde11-8254-451f-9ee8-6e5d62d0f896: new RaftServerImpl for group-D49C4920753B:[6df90b5a-2255-4e76-9861-62a750936b37|rpc:10.1.1.17:39203|dataStream:|priority:0, 747b57e3-dfca-466a-9b58-285106b88173|rpc:10.1.1.17:44797|dataStream:|priority:0, a03cde11-8254-451f-9ee8-6e5d62d0f896|rpc:10.1.1.17:39543|dataStream:|priority:1] with ContainerStateMachine:uninitialized
2022-08-24 13:28:46,441 [pool-164-thread-1] INFO  server.RaftServerConfigKeys (ConfUtils.java:logGet(46)) - raft.server.rpc.timeout.min = 5s (custom)
2022-08-24 13:28:46,441 [pool-164-thread-1] INFO  server.RaftServerConfigKeys (ConfUtils.java:logGet(46)) - raft.server.rpc.timeout.max = 5200ms (custom)
2022-08-24 13:28:46,441 [pool-164-thread-1] INFO  server.RaftServerConfigKeys (ConfUtils.java:logGet(46)) - raft.server.rpc.sleep.time = 25ms (default)
2022-08-24 13:28:46,441 [pool-164-thread-1] INFO  server.RaftServerConfigKeys (ConfUtils.java:logGet(46)) - raft.server.rpc.slowness.timeout = 300s (custom)
2022-08-24 13:28:46,441 [pool-164-thread-1] INFO  server.RaftServerConfigKeys (ConfUtils.java:logGet(46)) - raft.server.leaderelection.leader.step-down.wait-time = 10s (default)
2022-08-24 13:28:46,441 [pool-164-thread-1] INFO  server.RaftServerConfigKeys (ConfUtils.java:logGet(46)) - raft.server.sleep.deviation.threshold = 300ms (default)
2022-08-24 13:28:46,442 [pool-164-thread-1] INFO  server.RaftServer$Division (ServerState.java:<init>(107)) - a03cde11-8254-451f-9ee8-6e5d62d0f896@group-D49C4920753B: ConfigurationManager, init=-1: [6df90b5a-2255-4e76-9861-62a750936b37|rpc:10.1.1.17:39203|dataStream:|priority:0, 747b57e3-dfca-466a-9b58-285106b88173|rpc:10.1.1.17:44797|dataStream:|priority:0, a03cde11-8254-451f-9ee8-6e5d62d0f896|rpc:10.1.1.17:39543|dataStream:|priority:1], old=null, confs=<EMPTY_MAP>
2022-08-24 13:28:46,442 [pool-164-thread-1] INFO  server.RaftServerConfigKeys (ConfUtils.java:logGet(46)) - raft.server.storage.dir = [/home/runner/work/ozone/ozone/hadoop-ozone/integration-test/target/test-dir/MiniOzoneClusterImpl-4ec5f5c4-b0ab-4cbf-8465-e18eb8453e4d/datanode-4/data/ratis] (custom)
2022-08-24 13:28:46,442 [pool-164-thread-1] INFO  server.RaftServerConfigKeys (ConfUtils.java:logGet(46)) - raft.server.log.corruption.policy = EXCEPTION (default)
2022-08-24 13:28:46,442 [pool-164-thread-1] INFO  server.RaftServerConfigKeys (ConfUtils.java:logGet(46)) - raft.server.storage.free-space.min = 0MB (=0) (default)
2022-08-24 13:28:46,442 [pool-164-thread-1] INFO  storage.RaftStorageDirectory (RaftStorageDirectoryImpl.java:analyzeStorage(135)) - The storage directory /home/runner/work/ozone/ozone/hadoop-ozone/integration-test/target/test-dir/MiniOzoneClusterImpl-4ec5f5c4-b0ab-4cbf-8465-e18eb8453e4d/datanode-4/data/ratis/41675102-4c38-4148-84c6-d49c4920753b does not exist. Creating ...
2022-08-24 13:28:46,443 [pool-164-thread-1] INFO  storage.RaftStorageDirectory (RaftStorageDirectoryImpl.java:tryLock(230)) - Lock on /home/runner/work/ozone/ozone/hadoop-ozone/integration-test/target/test-dir/MiniOzoneClusterImpl-4ec5f5c4-b0ab-4cbf-8465-e18eb8453e4d/datanode-4/data/ratis/41675102-4c38-4148-84c6-d49c4920753b/in_use.lock acquired by nodename 55499@fv-az213-422
2022-08-24 13:28:46,444 [pool-164-thread-1] INFO  storage.RaftStorage (RaftStorageImpl.java:format(89)) - Storage directory /home/runner/work/ozone/ozone/hadoop-ozone/integration-test/target/test-dir/MiniOzoneClusterImpl-4ec5f5c4-b0ab-4cbf-8465-e18eb8453e4d/datanode-4/data/ratis/41675102-4c38-4148-84c6-d49c4920753b has been successfully formatted.
2022-08-24 13:28:46,444 [pool-164-thread-1] INFO  ratis.ContainerStateMachine (ContainerStateMachine.java:loadSnapshot(236)) - group-D49C4920753B: The snapshot info is null. Setting the last applied indexto:(t:0, i:~)
2022-08-24 13:28:46,444 [pool-164-thread-1] INFO  server.RaftServerConfigKeys (ConfUtils.java:logGet(46)) - raft.server.notification.no-leader.timeout = 300s (custom)
2022-08-24 13:28:46,444 [pool-164-thread-1] INFO  server.RaftServerConfigKeys (ConfUtils.java:logGet(46)) - raft.server.log.use.memory = false (default)
2022-08-24 13:28:46,444 [pool-164-thread-1] INFO  server.RaftServerConfigKeys (ConfUtils.java:logGet(46)) - raft.server.log.purge.gap = 1000000 (custom)
2022-08-24 13:28:46,444 [pool-164-thread-1] INFO  server.RaftServerConfigKeys (ConfUtils.java:logGet(46)) - raft.server.log.appender.buffer.byte-limit = 33554432 (custom)
2022-08-24 13:28:46,444 [pool-164-thread-1] INFO  server.RaftServerConfigKeys (ConfUtils.java:logGet(46)) - raft.server.log.statemachine.data.read.timeout = 1000ms (default)
2022-08-24 13:28:46,447 [pool-164-thread-1] INFO  server.RaftServerConfigKeys (ConfUtils.java:logGet(46)) - raft.server.log.segment.size.max = 1048576 (custom)
2022-08-24 13:28:46,447 [pool-164-thread-1] INFO  server.RaftServerConfigKeys (ConfUtils.java:logGet(46)) - raft.server.log.segment.cache.num.max = 2 (custom)
2022-08-24 13:28:46,447 [pool-164-thread-1] INFO  server.RaftServerConfigKeys (ConfUtils.java:logGet(46)) - raft.server.log.segment.cache.size.max = 200MB (=209715200) (default)
2022-08-24 13:28:46,447 [pool-164-thread-1] INFO  segmented.SegmentedRaftLogWorker (SegmentedRaftLogWorker.java:<init>(187)) - new a03cde11-8254-451f-9ee8-6e5d62d0f896@group-D49C4920753B-SegmentedRaftLogWorker for RaftStorageImpl:Storage Directory /home/runner/work/ozone/ozone/hadoop-ozone/integration-test/target/test-dir/MiniOzoneClusterImpl-4ec5f5c4-b0ab-4cbf-8465-e18eb8453e4d/datanode-4/data/ratis/41675102-4c38-4148-84c6-d49c4920753b
2022-08-24 13:28:46,447 [pool-164-thread-1] INFO  server.RaftServerConfigKeys (ConfUtils.java:logGet(46)) - raft.server.log.queue.byte-limit = 4294967296 (custom)
2022-08-24 13:28:46,447 [pool-164-thread-1] INFO  server.RaftServerConfigKeys (ConfUtils.java:logGet(46)) - raft.server.log.queue.element-limit = 1024 (custom)
2022-08-24 13:28:46,447 [pool-164-thread-1] INFO  server.RaftServerConfigKeys (ConfUtils.java:logGet(46)) - raft.server.log.segment.size.max = 1048576 (custom)
2022-08-24 13:28:46,447 [pool-164-thread-1] INFO  server.RaftServerConfigKeys (ConfUtils.java:logGet(46)) - raft.server.log.preallocated.size = 16384 (custom)
2022-08-24 13:28:46,448 [pool-164-thread-1] INFO  server.RaftServerConfigKeys (ConfUtils.java:logGet(46)) - raft.server.log.force.sync.num = 128 (default)
2022-08-24 13:28:46,451 [pool-164-thread-1] INFO  server.RaftServerConfigKeys (ConfUtils.java:logGet(46)) - raft.server.log.statemachine.data.sync = true (default)
2022-08-24 13:28:46,451 [pool-164-thread-1] INFO  server.RaftServerConfigKeys (ConfUtils.java:logGet(46)) - raft.server.log.statemachine.data.sync.timeout = 10s (default)
2022-08-24 13:28:46,451 [pool-164-thread-1] INFO  server.RaftServerConfigKeys (ConfUtils.java:logGet(46)) - raft.server.log.statemachine.data.sync.timeout.retry = -1 (default)
2022-08-24 13:28:46,452 [pool-164-thread-1] INFO  server.RaftServerConfigKeys (ConfUtils.java:logGet(46)) - raft.server.log.write.buffer.size = 1048576 (custom)
2022-08-24 13:28:46,453 [pool-164-thread-1] INFO  server.RaftServerConfigKeys (ConfUtils.java:logGet(46)) - raft.server.log.unsafe-flush.enabled = false (default)
2022-08-24 13:28:46,453 [pool-164-thread-1] INFO  server.RaftServerConfigKeys (ConfUtils.java:logGet(46)) - raft.server.log.statemachine.data.caching.enabled = true (custom)
2022-08-24 13:28:46,453 [pool-164-thread-1] INFO  segmented.SegmentedRaftLogWorker (SegmentedRaftLogWorker.java:lambda$new$0(135)) - a03cde11-8254-451f-9ee8-6e5d62d0f896@group-D49C4920753B-SegmentedRaftLogWorker: flushIndex: setUnconditionally 0 -> -1
2022-08-24 13:28:46,453 [pool-164-thread-1] INFO  segmented.SegmentedRaftLogWorker (SegmentedRaftLogWorker.java:lambda$new$0(135)) - a03cde11-8254-451f-9ee8-6e5d62d0f896@group-D49C4920753B-SegmentedRaftLogWorker: safeCacheEvictIndex: setUnconditionally 0 -> -1
2022-08-24 13:28:46,454 [pool-164-thread-1] INFO  server.RaftServerConfigKeys (ConfUtils.java:logGet(46)) - raft.server.snapshot.auto.trigger.enabled = true (custom)
2022-08-24 13:28:46,454 [pool-164-thread-1] INFO  server.RaftServerConfigKeys (ConfUtils.java:logGet(46)) - raft.server.snapshot.auto.trigger.threshold = 10000 (custom)
2022-08-24 13:28:46,454 [pool-164-thread-1] INFO  server.RaftServerConfigKeys (ConfUtils.java:logGet(46)) - raft.server.snapshot.retention.file.num = 5 (custom)
2022-08-24 13:28:46,454 [pool-164-thread-1] INFO  server.RaftServerConfigKeys (ConfUtils.java:logGet(46)) - raft.server.log.purge.upto.snapshot.index = false (default)
2022-08-24 13:28:46,454 [pool-164-thread-1] INFO  server.RaftServerConfigKeys (ConfUtils.java:logGet(46)) - raft.server.retrycache.expirytime = 600000ms (custom)
2022-08-24 13:28:46,454 [pool-164-thread-1] INFO  server.RaftServerConfigKeys (ConfUtils.java:logGet(46)) - raft.server.retrycache.statistics.expirytime = 100μs (default)
2022-08-24 13:28:46,455 [pool-164-thread-1] INFO  server.RaftServerConfigKeys (ConfUtils.java:logGet(46)) - raft.server.log.appender.install.snapshot.enabled = false (custom)
2022-08-24 13:28:46,456 [pool-164-thread-1] INFO  server.RaftServerConfigKeys (ConfUtils.java:logGet(46)) - raft.server.threadpool.server.cached = true (default)
2022-08-24 13:28:46,456 [pool-164-thread-1] INFO  server.RaftServerConfigKeys (ConfUtils.java:logGet(46)) - raft.server.threadpool.server.size = 0 (default)
2022-08-24 13:28:46,456 [pool-164-thread-1] INFO  server.RaftServerConfigKeys (ConfUtils.java:logGet(46)) - raft.server.threadpool.client.cached = true (default)
2022-08-24 13:28:46,456 [pool-164-thread-1] INFO  server.RaftServerConfigKeys (ConfUtils.java:logGet(46)) - raft.server.threadpool.client.size = 0 (default)
2022-08-24 13:28:46,456 [pool-164-thread-1] INFO  server.RaftServer$Division (RaftServerImpl.java:start(310)) - a03cde11-8254-451f-9ee8-6e5d62d0f896@group-D49C4920753B: start as a follower, conf=-1: [6df90b5a-2255-4e76-9861-62a750936b37|rpc:10.1.1.17:39203|dataStream:|priority:0, 747b57e3-dfca-466a-9b58-285106b88173|rpc:10.1.1.17:44797|dataStream:|priority:0, a03cde11-8254-451f-9ee8-6e5d62d0f896|rpc:10.1.1.17:39543|dataStream:|priority:1], old=null
2022-08-24 13:28:46,456 [pool-164-thread-1] INFO  server.RaftServer$Division (RaftServerImpl.java:setRole(299)) - a03cde11-8254-451f-9ee8-6e5d62d0f896@group-D49C4920753B: changes role from      null to FOLLOWER at term 0 for startAsFollower
2022-08-24 13:28:46,456 [pool-164-thread-1] INFO  impl.RoleInfo (RoleInfo.java:updateAndGet(139)) - a03cde11-8254-451f-9ee8-6e5d62d0f896: start a03cde11-8254-451f-9ee8-6e5d62d0f896@group-D49C4920753B-FollowerState
2022-08-24 13:28:46,457 [pool-164-thread-1] INFO  util.JmxRegister (JmxRegister.java:tryRegister(44)) - Successfully registered JMX Bean with object name Ratis:service=RaftServer,group=group-D49C4920753B,id=a03cde11-8254-451f-9ee8-6e5d62d0f896
2022-08-24 13:28:46,466 [Command processor thread] INFO  commandhandler.CreatePipelineCommandHandler (CreatePipelineCommandHandler.java:handle(113)) - Created Pipeline RATIS THREE PipelineID=41675102-4c38-4148-84c6-d49c4920753b.
2022-08-24 13:28:46,552 [Command processor thread] INFO  server.RaftServer (RaftServerProxy.java:addNew(96)) - a03cde11-8254-451f-9ee8-6e5d62d0f896: addNew group-E4D3BB4291D9:[a03cde11-8254-451f-9ee8-6e5d62d0f896|rpc:10.1.1.17:39543|priority:1] returns group-E4D3BB4291D9:java.util.concurrent.CompletableFuture@1a863332[Not completed]
2022-08-24 13:28:46,553 [pool-164-thread-1] INFO  server.RaftServer$Division (RaftServerImpl.java:<init>(190)) - a03cde11-8254-451f-9ee8-6e5d62d0f896: new RaftServerImpl for group-E4D3BB4291D9:[a03cde11-8254-451f-9ee8-6e5d62d0f896|rpc:10.1.1.17:39543|priority:1] with ContainerStateMachine:uninitialized
2022-08-24 13:28:46,553 [pool-164-thread-1] INFO  server.RaftServerConfigKeys (ConfUtils.java:logGet(46)) - raft.server.rpc.timeout.min = 5s (custom)
2022-08-24 13:28:46,553 [pool-164-thread-1] INFO  server.RaftServerConfigKeys (ConfUtils.java:logGet(46)) - raft.server.rpc.timeout.max = 5200ms (custom)
2022-08-24 13:28:46,553 [pool-164-thread-1] INFO  server.RaftServerConfigKeys (ConfUtils.java:logGet(46)) - raft.server.rpc.sleep.time = 25ms (default)
2022-08-24 13:28:46,553 [pool-164-thread-1] INFO  server.RaftServerConfigKeys (ConfUtils.java:logGet(46)) - raft.server.rpc.slowness.timeout = 300s (custom)
2022-08-24 13:28:46,553 [pool-164-thread-1] INFO  server.RaftServerConfigKeys (ConfUtils.java:logGet(46)) - raft.server.leaderelection.leader.step-down.wait-time = 10s (default)
2022-08-24 13:28:46,553 [pool-164-thread-1] INFO  server.RaftServerConfigKeys (ConfUtils.java:logGet(46)) - raft.server.sleep.deviation.threshold = 300ms (default)
2022-08-24 13:28:46,553 [pool-164-thread-1] INFO  server.RaftServer$Division (ServerState.java:<init>(107)) - a03cde11-8254-451f-9ee8-6e5d62d0f896@group-E4D3BB4291D9: ConfigurationManager, init=-1: [a03cde11-8254-451f-9ee8-6e5d62d0f896|rpc:10.1.1.17:39543|priority:1], old=null, confs=<EMPTY_MAP>
2022-08-24 13:28:46,553 [pool-164-thread-1] INFO  server.RaftServerConfigKeys (ConfUtils.java:logGet(46)) - raft.server.storage.dir = [/home/runner/work/ozone/ozone/hadoop-ozone/integration-test/target/test-dir/MiniOzoneClusterImpl-4ec5f5c4-b0ab-4cbf-8465-e18eb8453e4d/datanode-4/data/ratis] (custom)
2022-08-24 13:28:46,554 [pool-164-thread-1] INFO  server.RaftServerConfigKeys (ConfUtils.java:logGet(46)) - raft.server.log.corruption.policy = EXCEPTION (default)
2022-08-24 13:28:46,554 [pool-164-thread-1] INFO  server.RaftServerConfigKeys (ConfUtils.java:logGet(46)) - raft.server.storage.free-space.min = 0MB (=0) (default)
2022-08-24 13:28:46,554 [pool-164-thread-1] INFO  storage.RaftStorageDirectory (RaftStorageDirectoryImpl.java:analyzeStorage(135)) - The storage directory /home/runner/work/ozone/ozone/hadoop-ozone/integration-test/target/test-dir/MiniOzoneClusterImpl-4ec5f5c4-b0ab-4cbf-8465-e18eb8453e4d/datanode-4/data/ratis/e0ea6767-ca3f-4212-bb8a-e4d3bb4291d9 does not exist. Creating ...
2022-08-24 13:28:46,555 [pool-164-thread-1] INFO  storage.RaftStorageDirectory (RaftStorageDirectoryImpl.java:tryLock(230)) - Lock on /home/runner/work/ozone/ozone/hadoop-ozone/integration-test/target/test-dir/MiniOzoneClusterImpl-4ec5f5c4-b0ab-4cbf-8465-e18eb8453e4d/datanode-4/data/ratis/e0ea6767-ca3f-4212-bb8a-e4d3bb4291d9/in_use.lock acquired by nodename 55499@fv-az213-422
2022-08-24 13:28:46,556 [pool-164-thread-1] INFO  storage.RaftStorage (RaftStorageImpl.java:format(89)) - Storage directory /home/runner/work/ozone/ozone/hadoop-ozone/integration-test/target/test-dir/MiniOzoneClusterImpl-4ec5f5c4-b0ab-4cbf-8465-e18eb8453e4d/datanode-4/data/ratis/e0ea6767-ca3f-4212-bb8a-e4d3bb4291d9 has been successfully formatted.
2022-08-24 13:28:46,557 [pool-164-thread-1] INFO  ratis.ContainerStateMachine (ContainerStateMachine.java:loadSnapshot(236)) - group-E4D3BB4291D9: The snapshot info is null. Setting the last applied indexto:(t:0, i:~)
2022-08-24 13:28:46,557 [pool-164-thread-1] INFO  server.RaftServerConfigKeys (ConfUtils.java:logGet(46)) - raft.server.notification.no-leader.timeout = 300s (custom)
2022-08-24 13:28:46,557 [pool-164-thread-1] INFO  server.RaftServerConfigKeys (ConfUtils.java:logGet(46)) - raft.server.log.use.memory = false (default)
2022-08-24 13:28:46,557 [pool-164-thread-1] INFO  server.RaftServerConfigKeys (ConfUtils.java:logGet(46)) - raft.server.log.purge.gap = 1000000 (custom)
2022-08-24 13:28:46,557 [pool-164-thread-1] INFO  server.RaftServerConfigKeys (ConfUtils.java:logGet(46)) - raft.server.log.appender.buffer.byte-limit = 33554432 (custom)
2022-08-24 13:28:46,557 [pool-164-thread-1] INFO  server.RaftServerConfigKeys (ConfUtils.java:logGet(46)) - raft.server.log.statemachine.data.read.timeout = 1000ms (default)
2022-08-24 13:28:46,557 [pool-164-thread-1] INFO  server.RaftServerConfigKeys (ConfUtils.java:logGet(46)) - raft.server.log.segment.size.max = 1048576 (custom)
2022-08-24 13:28:46,558 [EventQueue-PipelineReportForPipelineReportHandler] INFO  pipeline.PipelineManagerImpl (PipelineManagerImpl.java:openPipeline(367)) - Pipeline Pipeline[ Id: e0ea6767-ca3f-4212-bb8a-e4d3bb4291d9, Nodes: a03cde11-8254-451f-9ee8-6e5d62d0f896{ip: 10.1.1.17, host: fv-az213-422.c2vz3wqhpjau3hcstnyptvmwla.cx.internal.cloudapp.net, ports: [REPLICATION=42843, RATIS=39543, RATIS_ADMIN=39543, RATIS_SERVER=39543, STANDALONE=45719], networkLocation: /default-rack, certSerialId: null, persistedOpState: IN_SERVICE, persistedOpStateExpiryEpochSec: 0}, ReplicationConfig: RATIS/ONE, State:ALLOCATED, leaderId:a03cde11-8254-451f-9ee8-6e5d62d0f896, CreationTimestamp2022-08-24T13:28:43.555Z[Etc/UTC]] moved to OPEN state
2022-08-24 13:28:46,558 [pool-164-thread-1] INFO  server.RaftServerConfigKeys (ConfUtils.java:logGet(46)) - raft.server.log.segment.cache.num.max = 2 (custom)
2022-08-24 13:28:46,558 [pool-164-thread-1] INFO  server.RaftServerConfigKeys (ConfUtils.java:logGet(46)) - raft.server.log.segment.cache.size.max = 200MB (=209715200) (default)
2022-08-24 13:28:46,558 [pool-164-thread-1] INFO  segmented.SegmentedRaftLogWorker (SegmentedRaftLogWorker.java:<init>(187)) - new a03cde11-8254-451f-9ee8-6e5d62d0f896@group-E4D3BB4291D9-SegmentedRaftLogWorker for RaftStorageImpl:Storage Directory /home/runner/work/ozone/ozone/hadoop-ozone/integration-test/target/test-dir/MiniOzoneClusterImpl-4ec5f5c4-b0ab-4cbf-8465-e18eb8453e4d/datanode-4/data/ratis/e0ea6767-ca3f-4212-bb8a-e4d3bb4291d9
2022-08-24 13:28:46,558 [pool-164-thread-1] INFO  server.RaftServerConfigKeys (ConfUtils.java:logGet(46)) - raft.server.log.queue.byte-limit = 4294967296 (custom)
2022-08-24 13:28:46,558 [pool-164-thread-1] INFO  server.RaftServerConfigKeys (ConfUtils.java:logGet(46)) - raft.server.log.queue.element-limit = 1024 (custom)
2022-08-24 13:28:46,558 [pool-164-thread-1] INFO  server.RaftServerConfigKeys (ConfUtils.java:logGet(46)) - raft.server.log.segment.size.max = 1048576 (custom)
2022-08-24 13:28:46,558 [EventQueue-OpenPipelineForHealthyPipelineSafeModeRule] INFO  safemode.SCMSafeModeManager (HealthyPipelineSafeModeRule.java:process(137)) - SCM in safe mode. Healthy pipelines reported count is 0, required healthy pipeline reported count is 1
2022-08-24 13:28:46,559 [pool-164-thread-1] INFO  server.RaftServerConfigKeys (ConfUtils.java:logGet(46)) - raft.server.log.preallocated.size = 16384 (custom)
2022-08-24 13:28:46,560 [pool-164-thread-1] INFO  server.RaftServerConfigKeys (ConfUtils.java:logGet(46)) - raft.server.log.force.sync.num = 128 (default)
2022-08-24 13:28:46,560 [pool-164-thread-1] INFO  server.RaftServerConfigKeys (ConfUtils.java:logGet(46)) - raft.server.log.statemachine.data.sync = true (default)
2022-08-24 13:28:46,560 [pool-164-thread-1] INFO  server.RaftServerConfigKeys (ConfUtils.java:logGet(46)) - raft.server.log.statemachine.data.sync.timeout = 10s (default)
2022-08-24 13:28:46,560 [pool-164-thread-1] INFO  server.RaftServerConfigKeys (ConfUtils.java:logGet(46)) - raft.server.log.statemachine.data.sync.timeout.retry = -1 (default)
2022-08-24 13:28:46,561 [pool-164-thread-1] INFO  server.RaftServerConfigKeys (ConfUtils.java:logGet(46)) - raft.server.log.write.buffer.size = 1048576 (custom)
2022-08-24 13:28:46,562 [pool-164-thread-1] INFO  server.RaftServerConfigKeys (ConfUtils.java:logGet(46)) - raft.server.log.unsafe-flush.enabled = false (default)
2022-08-24 13:28:46,562 [pool-164-thread-1] INFO  server.RaftServerConfigKeys (ConfUtils.java:logGet(46)) - raft.server.log.statemachine.data.caching.enabled = true (custom)
2022-08-24 13:28:46,562 [pool-164-thread-1] INFO  segmented.SegmentedRaftLogWorker (SegmentedRaftLogWorker.java:lambda$new$0(135)) - a03cde11-8254-451f-9ee8-6e5d62d0f896@group-E4D3BB4291D9-SegmentedRaftLogWorker: flushIndex: setUnconditionally 0 -> -1
2022-08-24 13:28:46,562 [pool-164-thread-1] INFO  segmented.SegmentedRaftLogWorker (SegmentedRaftLogWorker.java:lambda$new$0(135)) - a03cde11-8254-451f-9ee8-6e5d62d0f896@group-E4D3BB4291D9-SegmentedRaftLogWorker: safeCacheEvictIndex: setUnconditionally 0 -> -1
2022-08-24 13:28:46,562 [pool-164-thread-1] INFO  server.RaftServerConfigKeys (ConfUtils.java:logGet(46)) - raft.server.snapshot.auto.trigger.enabled = true (custom)
2022-08-24 13:28:46,562 [pool-164-thread-1] INFO  server.RaftServerConfigKeys (ConfUtils.java:logGet(46)) - raft.server.snapshot.auto.trigger.threshold = 10000 (custom)
2022-08-24 13:28:46,562 [pool-164-thread-1] INFO  server.RaftServerConfigKeys (ConfUtils.java:logGet(46)) - raft.server.snapshot.retention.file.num = 5 (custom)
2022-08-24 13:28:46,562 [pool-164-thread-1] INFO  server.RaftServerConfigKeys (ConfUtils.java:logGet(46)) - raft.server.log.purge.upto.snapshot.index = false (default)
2022-08-24 13:28:46,562 [pool-164-thread-1] INFO  server.RaftServerConfigKeys (ConfUtils.java:logGet(46)) - raft.server.retrycache.expirytime = 600000ms (custom)
2022-08-24 13:28:46,562 [pool-164-thread-1] INFO  server.RaftServerConfigKeys (ConfUtils.java:logGet(46)) - raft.server.retrycache.statistics.expirytime = 100μs (default)
2022-08-24 13:28:46,563 [pool-164-thread-1] INFO  server.RaftServerConfigKeys (ConfUtils.java:logGet(46)) - raft.server.log.appender.install.snapshot.enabled = false (custom)
2022-08-24 13:28:46,563 [pool-164-thread-1] INFO  server.RaftServerConfigKeys (ConfUtils.java:logGet(46)) - raft.server.threadpool.server.cached = true (default)
2022-08-24 13:28:46,563 [pool-164-thread-1] INFO  server.RaftServerConfigKeys (ConfUtils.java:logGet(46)) - raft.server.threadpool.server.size = 0 (default)
2022-08-24 13:28:46,563 [pool-164-thread-1] INFO  server.RaftServerConfigKeys (ConfUtils.java:logGet(46)) - raft.server.threadpool.client.cached = true (default)
2022-08-24 13:28:46,563 [pool-164-thread-1] INFO  server.RaftServerConfigKeys (ConfUtils.java:logGet(46)) - raft.server.threadpool.client.size = 0 (default)
2022-08-24 13:28:46,563 [pool-164-thread-1] INFO  server.RaftServer$Division (RaftServerImpl.java:start(310)) - a03cde11-8254-451f-9ee8-6e5d62d0f896@group-E4D3BB4291D9: start as a follower, conf=-1: [a03cde11-8254-451f-9ee8-6e5d62d0f896|rpc:10.1.1.17:39543|priority:1], old=null
2022-08-24 13:28:46,563 [pool-164-thread-1] INFO  server.RaftServer$Division (RaftServerImpl.java:setRole(299)) - a03cde11-8254-451f-9ee8-6e5d62d0f896@group-E4D3BB4291D9: changes role from      null to FOLLOWER at term 0 for startAsFollower
2022-08-24 13:28:46,563 [pool-164-thread-1] INFO  impl.RoleInfo (RoleInfo.java:updateAndGet(139)) - a03cde11-8254-451f-9ee8-6e5d62d0f896: start a03cde11-8254-451f-9ee8-6e5d62d0f896@group-E4D3BB4291D9-FollowerState
2022-08-24 13:28:46,564 [pool-164-thread-1] INFO  util.JmxRegister (JmxRegister.java:tryRegister(44)) - Successfully registered JMX Bean with object name Ratis:service=RaftServer,group=group-E4D3BB4291D9,id=a03cde11-8254-451f-9ee8-6e5d62d0f896
2022-08-24 13:28:46,565 [Command processor thread] INFO  ratis.XceiverServerRatis (XceiverServerRatis.java:addGroup(765)) - Created group PipelineID=e0ea6767-ca3f-4212-bb8a-e4d3bb4291d9
2022-08-24 13:28:46,565 [Command processor thread] INFO  commandhandler.CreatePipelineCommandHandler (CreatePipelineCommandHandler.java:handle(113)) - Created Pipeline RATIS ONE PipelineID=e0ea6767-ca3f-4212-bb8a-e4d3bb4291d9.
2022-08-24 13:28:46,836 [Command processor thread] INFO  server.RaftServer (RaftServerProxy.java:addNew(96)) - 6df90b5a-2255-4e76-9861-62a750936b37: addNew group-C0D6027990CB:[6df90b5a-2255-4e76-9861-62a750936b37|rpc:10.1.1.17:39203|priority:1] returns group-C0D6027990CB:java.util.concurrent.CompletableFuture@139c3d20[Not completed]
2022-08-24 13:28:46,837 [pool-187-thread-1] INFO  server.RaftServer$Division (RaftServerImpl.java:<init>(190)) - 6df90b5a-2255-4e76-9861-62a750936b37: new RaftServerImpl for group-C0D6027990CB:[6df90b5a-2255-4e76-9861-62a750936b37|rpc:10.1.1.17:39203|priority:1] with ContainerStateMachine:uninitialized
2022-08-24 13:28:46,837 [pool-187-thread-1] INFO  server.RaftServerConfigKeys (ConfUtils.java:logGet(46)) - raft.server.rpc.timeout.min = 5s (custom)
2022-08-24 13:28:46,837 [pool-187-thread-1] INFO  server.RaftServerConfigKeys (ConfUtils.java:logGet(46)) - raft.server.rpc.timeout.max = 5200ms (custom)
2022-08-24 13:28:46,837 [pool-187-thread-1] INFO  server.RaftServerConfigKeys (ConfUtils.java:logGet(46)) - raft.server.rpc.sleep.time = 25ms (default)
2022-08-24 13:28:46,837 [pool-187-thread-1] INFO  server.RaftServerConfigKeys (ConfUtils.java:logGet(46)) - raft.server.rpc.slowness.timeout = 300s (custom)
2022-08-24 13:28:46,837 [pool-187-thread-1] INFO  server.RaftServerConfigKeys (ConfUtils.java:logGet(46)) - raft.server.leaderelection.leader.step-down.wait-time = 10s (default)
2022-08-24 13:28:46,837 [pool-187-thread-1] INFO  server.RaftServerConfigKeys (ConfUtils.java:logGet(46)) - raft.server.sleep.deviation.threshold = 300ms (default)
2022-08-24 13:28:46,837 [pool-187-thread-1] INFO  server.RaftServer$Division (ServerState.java:<init>(107)) - 6df90b5a-2255-4e76-9861-62a750936b37@group-C0D6027990CB: ConfigurationManager, init=-1: [6df90b5a-2255-4e76-9861-62a750936b37|rpc:10.1.1.17:39203|priority:1], old=null, confs=<EMPTY_MAP>
2022-08-24 13:28:46,837 [pool-187-thread-1] INFO  server.RaftServerConfigKeys (ConfUtils.java:logGet(46)) - raft.server.storage.dir = [/home/runner/work/ozone/ozone/hadoop-ozone/integration-test/target/test-dir/MiniOzoneClusterImpl-4ec5f5c4-b0ab-4cbf-8465-e18eb8453e4d/datanode-5/data/ratis] (custom)
2022-08-24 13:28:46,838 [pool-187-thread-1] INFO  server.RaftServerConfigKeys (ConfUtils.java:logGet(46)) - raft.server.log.corruption.policy = EXCEPTION (default)
2022-08-24 13:28:46,838 [pool-187-thread-1] INFO  server.RaftServerConfigKeys (ConfUtils.java:logGet(46)) - raft.server.storage.free-space.min = 0MB (=0) (default)
2022-08-24 13:28:46,838 [pool-187-thread-1] INFO  storage.RaftStorageDirectory (RaftStorageDirectoryImpl.java:analyzeStorage(135)) - The storage directory /home/runner/work/ozone/ozone/hadoop-ozone/integration-test/target/test-dir/MiniOzoneClusterImpl-4ec5f5c4-b0ab-4cbf-8465-e18eb8453e4d/datanode-5/data/ratis/894c91d8-ee1a-4f29-8cd3-c0d6027990cb does not exist. Creating ...
2022-08-24 13:28:46,838 [pool-187-thread-1] INFO  storage.RaftStorageDirectory (RaftStorageDirectoryImpl.java:tryLock(230)) - Lock on /home/runner/work/ozone/ozone/hadoop-ozone/integration-test/target/test-dir/MiniOzoneClusterImpl-4ec5f5c4-b0ab-4cbf-8465-e18eb8453e4d/datanode-5/data/ratis/894c91d8-ee1a-4f29-8cd3-c0d6027990cb/in_use.lock acquired by nodename 55499@fv-az213-422
2022-08-24 13:28:46,839 [pool-187-thread-1] INFO  storage.RaftStorage (RaftStorageImpl.java:format(89)) - Storage directory /home/runner/work/ozone/ozone/hadoop-ozone/integration-test/target/test-dir/MiniOzoneClusterImpl-4ec5f5c4-b0ab-4cbf-8465-e18eb8453e4d/datanode-5/data/ratis/894c91d8-ee1a-4f29-8cd3-c0d6027990cb has been successfully formatted.
2022-08-24 13:28:46,840 [pool-187-thread-1] INFO  ratis.ContainerStateMachine (ContainerStateMachine.java:loadSnapshot(236)) - group-C0D6027990CB: The snapshot info is null. Setting the last applied indexto:(t:0, i:~)
2022-08-24 13:28:46,841 [EventQueue-PipelineReportForPipelineReportHandler] INFO  pipeline.PipelineManagerImpl (PipelineManagerImpl.java:openPipeline(367)) - Pipeline Pipeline[ Id: 894c91d8-ee1a-4f29-8cd3-c0d6027990cb, Nodes: 6df90b5a-2255-4e76-9861-62a750936b37{ip: 10.1.1.17, host: fv-az213-422.c2vz3wqhpjau3hcstnyptvmwla.cx.internal.cloudapp.net, ports: [REPLICATION=38049, RATIS=39203, RATIS_ADMIN=39203, RATIS_SERVER=39203, STANDALONE=35505], networkLocation: /default-rack, certSerialId: null, persistedOpState: IN_SERVICE, persistedOpStateExpiryEpochSec: 0}, ReplicationConfig: RATIS/ONE, State:ALLOCATED, leaderId:6df90b5a-2255-4e76-9861-62a750936b37, CreationTimestamp2022-08-24T13:28:43.840Z[Etc/UTC]] moved to OPEN state
2022-08-24 13:28:46,842 [EventQueue-OpenPipelineForHealthyPipelineSafeModeRule] INFO  safemode.SCMSafeModeManager (HealthyPipelineSafeModeRule.java:process(137)) - SCM in safe mode. Healthy pipelines reported count is 0, required healthy pipeline reported count is 1
2022-08-24 13:28:46,842 [pool-187-thread-1] INFO  server.RaftServerConfigKeys (ConfUtils.java:logGet(46)) - raft.server.notification.no-leader.timeout = 300s (custom)
2022-08-24 13:28:46,843 [pool-187-thread-1] INFO  server.RaftServerConfigKeys (ConfUtils.java:logGet(46)) - raft.server.log.use.memory = false (default)
2022-08-24 13:28:46,843 [pool-187-thread-1] INFO  server.RaftServerConfigKeys (ConfUtils.java:logGet(46)) - raft.server.log.purge.gap = 1000000 (custom)
2022-08-24 13:28:46,843 [pool-187-thread-1] INFO  server.RaftServerConfigKeys (ConfUtils.java:logGet(46)) - raft.server.log.appender.buffer.byte-limit = 33554432 (custom)
2022-08-24 13:28:46,843 [pool-187-thread-1] INFO  server.RaftServerConfigKeys (ConfUtils.java:logGet(46)) - raft.server.log.statemachine.data.read.timeout = 1000ms (default)
2022-08-24 13:28:46,843 [pool-187-thread-1] INFO  server.RaftServerConfigKeys (ConfUtils.java:logGet(46)) - raft.server.log.segment.size.max = 1048576 (custom)
2022-08-24 13:28:46,843 [pool-187-thread-1] INFO  server.RaftServerConfigKeys (ConfUtils.java:logGet(46)) - raft.server.log.segment.cache.num.max = 2 (custom)
2022-08-24 13:28:46,843 [pool-187-thread-1] INFO  server.RaftServerConfigKeys (ConfUtils.java:logGet(46)) - raft.server.log.segment.cache.size.max = 200MB (=209715200) (default)
2022-08-24 13:28:46,843 [pool-187-thread-1] INFO  segmented.SegmentedRaftLogWorker (SegmentedRaftLogWorker.java:<init>(187)) - new 6df90b5a-2255-4e76-9861-62a750936b37@group-C0D6027990CB-SegmentedRaftLogWorker for RaftStorageImpl:Storage Directory /home/runner/work/ozone/ozone/hadoop-ozone/integration-test/target/test-dir/MiniOzoneClusterImpl-4ec5f5c4-b0ab-4cbf-8465-e18eb8453e4d/datanode-5/data/ratis/894c91d8-ee1a-4f29-8cd3-c0d6027990cb
2022-08-24 13:28:46,844 [pool-187-thread-1] INFO  server.RaftServerConfigKeys (ConfUtils.java:logGet(46)) - raft.server.log.queue.byte-limit = 4294967296 (custom)
2022-08-24 13:28:46,844 [pool-187-thread-1] INFO  server.RaftServerConfigKeys (ConfUtils.java:logGet(46)) - raft.server.log.queue.element-limit = 1024 (custom)
2022-08-24 13:28:46,844 [pool-187-thread-1] INFO  server.RaftServerConfigKeys (ConfUtils.java:logGet(46)) - raft.server.log.segment.size.max = 1048576 (custom)
2022-08-24 13:28:46,844 [pool-187-thread-1] INFO  server.RaftServerConfigKeys (ConfUtils.java:logGet(46)) - raft.server.log.preallocated.size = 16384 (custom)
2022-08-24 13:28:46,844 [pool-187-thread-1] INFO  server.RaftServerConfigKeys (ConfUtils.java:logGet(46)) - raft.server.log.force.sync.num = 128 (default)
2022-08-24 13:28:46,844 [pool-187-thread-1] INFO  server.RaftServerConfigKeys (ConfUtils.java:logGet(46)) - raft.server.log.statemachine.data.sync = true (default)
2022-08-24 13:28:46,844 [pool-187-thread-1] INFO  server.RaftServerConfigKeys (ConfUtils.java:logGet(46)) - raft.server.log.statemachine.data.sync.timeout = 10s (default)
2022-08-24 13:28:46,844 [pool-187-thread-1] INFO  server.RaftServerConfigKeys (ConfUtils.java:logGet(46)) - raft.server.log.statemachine.data.sync.timeout.retry = -1 (default)
2022-08-24 13:28:46,844 [pool-187-thread-1] INFO  server.RaftServerConfigKeys (ConfUtils.java:logGet(46)) - raft.server.log.write.buffer.size = 1048576 (custom)
2022-08-24 13:28:46,845 [pool-187-thread-1] INFO  server.RaftServerConfigKeys (ConfUtils.java:logGet(46)) - raft.server.log.unsafe-flush.enabled = false (default)
2022-08-24 13:28:46,845 [pool-187-thread-1] INFO  server.RaftServerConfigKeys (ConfUtils.java:logGet(46)) - raft.server.log.statemachine.data.caching.enabled = true (custom)
2022-08-24 13:28:46,845 [pool-187-thread-1] INFO  segmented.SegmentedRaftLogWorker (SegmentedRaftLogWorker.java:lambda$new$0(135)) - 6df90b5a-2255-4e76-9861-62a750936b37@group-C0D6027990CB-SegmentedRaftLogWorker: flushIndex: setUnconditionally 0 -> -1
2022-08-24 13:28:46,845 [pool-187-thread-1] INFO  segmented.SegmentedRaftLogWorker (SegmentedRaftLogWorker.java:lambda$new$0(135)) - 6df90b5a-2255-4e76-9861-62a750936b37@group-C0D6027990CB-SegmentedRaftLogWorker: safeCacheEvictIndex: setUnconditionally 0 -> -1
2022-08-24 13:28:46,845 [pool-187-thread-1] INFO  server.RaftServerConfigKeys (ConfUtils.java:logGet(46)) - raft.server.snapshot.auto.trigger.enabled = true (custom)
2022-08-24 13:28:46,846 [pool-187-thread-1] INFO  server.RaftServerConfigKeys (ConfUtils.java:logGet(46)) - raft.server.snapshot.auto.trigger.threshold = 10000 (custom)
2022-08-24 13:28:46,846 [pool-187-thread-1] INFO  server.RaftServerConfigKeys (ConfUtils.java:logGet(46)) - raft.server.snapshot.retention.file.num = 5 (custom)
2022-08-24 13:28:46,846 [pool-187-thread-1] INFO  server.RaftServerConfigKeys (ConfUtils.java:logGet(46)) - raft.server.log.purge.upto.snapshot.index = false (default)
2022-08-24 13:28:46,846 [pool-187-thread-1] INFO  server.RaftServerConfigKeys (ConfUtils.java:logGet(46)) - raft.server.retrycache.expirytime = 600000ms (custom)
2022-08-24 13:28:46,846 [pool-187-thread-1] INFO  server.RaftServerConfigKeys (ConfUtils.java:logGet(46)) - raft.server.retrycache.statistics.expirytime = 100μs (default)
2022-08-24 13:28:46,846 [pool-187-thread-1] INFO  server.RaftServerConfigKeys (ConfUtils.java:logGet(46)) - raft.server.log.appender.install.snapshot.enabled = false (custom)
2022-08-24 13:28:46,847 [pool-187-thread-1] INFO  server.RaftServerConfigKeys (ConfUtils.java:logGet(46)) - raft.server.threadpool.server.cached = true (default)
2022-08-24 13:28:46,847 [pool-187-thread-1] INFO  server.RaftServerConfigKeys (ConfUtils.java:logGet(46)) - raft.server.threadpool.server.size = 0 (default)
2022-08-24 13:28:46,847 [pool-187-thread-1] INFO  server.RaftServerConfigKeys (ConfUtils.java:logGet(46)) - raft.server.threadpool.client.cached = true (default)
2022-08-24 13:28:46,847 [pool-187-thread-1] INFO  server.RaftServerConfigKeys (ConfUtils.java:logGet(46)) - raft.server.threadpool.client.size = 0 (default)
2022-08-24 13:28:46,847 [pool-187-thread-1] INFO  server.RaftServer$Division (RaftServerImpl.java:start(310)) - 6df90b5a-2255-4e76-9861-62a750936b37@group-C0D6027990CB: start as a follower, conf=-1: [6df90b5a-2255-4e76-9861-62a750936b37|rpc:10.1.1.17:39203|priority:1], old=null
2022-08-24 13:28:46,847 [pool-187-thread-1] INFO  server.RaftServer$Division (RaftServerImpl.java:setRole(299)) - 6df90b5a-2255-4e76-9861-62a750936b37@group-C0D6027990CB: changes role from      null to FOLLOWER at term 0 for startAsFollower
2022-08-24 13:28:46,847 [pool-187-thread-1] INFO  impl.RoleInfo (RoleInfo.java:updateAndGet(139)) - 6df90b5a-2255-4e76-9861-62a750936b37: start 6df90b5a-2255-4e76-9861-62a750936b37@group-C0D6027990CB-FollowerState
2022-08-24 13:28:46,847 [pool-187-thread-1] INFO  util.JmxRegister (JmxRegister.java:tryRegister(44)) - Successfully registered JMX Bean with object name Ratis:service=RaftServer,group=group-C0D6027990CB,id=6df90b5a-2255-4e76-9861-62a750936b37
2022-08-24 13:28:46,848 [Command processor thread] INFO  ratis.XceiverServerRatis (XceiverServerRatis.java:addGroup(765)) - Created group PipelineID=894c91d8-ee1a-4f29-8cd3-c0d6027990cb
2022-08-24 13:28:46,848 [Command processor thread] INFO  commandhandler.CreatePipelineCommandHandler (CreatePipelineCommandHandler.java:handle(113)) - Created Pipeline RATIS ONE PipelineID=894c91d8-ee1a-4f29-8cd3-c0d6027990cb.
2022-08-24 13:28:47,197 [Listener at 127.0.0.1/38251] INFO  ozone.MiniOzoneClusterImpl (MiniOzoneClusterImpl.java:lambda$waitForClusterToBeReady$0(216)) - Nodes are ready. Got 7 of 7 DN Heartbeats.
2022-08-24 13:28:47,197 [Listener at 127.0.0.1/38251] INFO  ozone.MiniOzoneClusterImpl (MiniOzoneClusterImpl.java:lambda$waitForClusterToBeReady$0(219)) - Waiting for cluster to exit safe mode
2022-08-24 13:28:47,197 [Listener at 127.0.0.1/38251] INFO  ozone.MiniOzoneClusterImpl (MiniOzoneClusterImpl.java:lambda$waitForClusterToBeReady$0(221)) - SCM became leader
2022-08-24 13:28:47,222 [Command processor thread] INFO  server.RaftServer (RaftServerProxy.java:addNew(96)) - 0046a835-3796-45b6-8c08-5dd5cec2cc64: addNew group-4F272FF71FE7:[0046a835-3796-45b6-8c08-5dd5cec2cc64|rpc:10.1.1.17:38893|priority:1] returns group-4F272FF71FE7:java.util.concurrent.CompletableFuture@3a5a8400[Not completed]
2022-08-24 13:28:47,223 [pool-210-thread-1] INFO  server.RaftServer$Division (RaftServerImpl.java:<init>(190)) - 0046a835-3796-45b6-8c08-5dd5cec2cc64: new RaftServerImpl for group-4F272FF71FE7:[0046a835-3796-45b6-8c08-5dd5cec2cc64|rpc:10.1.1.17:38893|priority:1] with ContainerStateMachine:uninitialized
2022-08-24 13:28:47,224 [pool-210-thread-1] INFO  server.RaftServerConfigKeys (ConfUtils.java:logGet(46)) - raft.server.rpc.timeout.min = 5s (custom)
2022-08-24 13:28:47,227 [pool-210-thread-1] INFO  server.RaftServerConfigKeys (ConfUtils.java:logGet(46)) - raft.server.rpc.timeout.max = 5200ms (custom)
2022-08-24 13:28:47,227 [pool-210-thread-1] INFO  server.RaftServerConfigKeys (ConfUtils.java:logGet(46)) - raft.server.rpc.sleep.time = 25ms (default)
2022-08-24 13:28:47,227 [pool-210-thread-1] INFO  server.RaftServerConfigKeys (ConfUtils.java:logGet(46)) - raft.server.rpc.slowness.timeout = 300s (custom)
2022-08-24 13:28:47,227 [pool-210-thread-1] INFO  server.RaftServerConfigKeys (ConfUtils.java:logGet(46)) - raft.server.leaderelection.leader.step-down.wait-time = 10s (default)
2022-08-24 13:28:47,227 [pool-210-thread-1] INFO  server.RaftServerConfigKeys (ConfUtils.java:logGet(46)) - raft.server.sleep.deviation.threshold = 300ms (default)
2022-08-24 13:28:47,227 [pool-210-thread-1] INFO  server.RaftServer$Division (ServerState.java:<init>(107)) - 0046a835-3796-45b6-8c08-5dd5cec2cc64@group-4F272FF71FE7: ConfigurationManager, init=-1: [0046a835-3796-45b6-8c08-5dd5cec2cc64|rpc:10.1.1.17:38893|priority:1], old=null, confs=<EMPTY_MAP>
2022-08-24 13:28:47,227 [pool-210-thread-1] INFO  server.RaftServerConfigKeys (ConfUtils.java:logGet(46)) - raft.server.storage.dir = [/home/runner/work/ozone/ozone/hadoop-ozone/integration-test/target/test-dir/MiniOzoneClusterImpl-4ec5f5c4-b0ab-4cbf-8465-e18eb8453e4d/datanode-6/data/ratis] (custom)
2022-08-24 13:28:47,227 [pool-210-thread-1] INFO  server.RaftServerConfigKeys (ConfUtils.java:logGet(46)) - raft.server.log.corruption.policy = EXCEPTION (default)
2022-08-24 13:28:47,227 [pool-210-thread-1] INFO  server.RaftServerConfigKeys (ConfUtils.java:logGet(46)) - raft.server.storage.free-space.min = 0MB (=0) (default)
2022-08-24 13:28:47,227 [pool-210-thread-1] INFO  storage.RaftStorageDirectory (RaftStorageDirectoryImpl.java:analyzeStorage(135)) - The storage directory /home/runner/work/ozone/ozone/hadoop-ozone/integration-test/target/test-dir/MiniOzoneClusterImpl-4ec5f5c4-b0ab-4cbf-8465-e18eb8453e4d/datanode-6/data/ratis/96512f08-b2cc-4df1-90d4-4f272ff71fe7 does not exist. Creating ...
2022-08-24 13:28:47,230 [pool-210-thread-1] INFO  storage.RaftStorageDirectory (RaftStorageDirectoryImpl.java:tryLock(230)) - Lock on /home/runner/work/ozone/ozone/hadoop-ozone/integration-test/target/test-dir/MiniOzoneClusterImpl-4ec5f5c4-b0ab-4cbf-8465-e18eb8453e4d/datanode-6/data/ratis/96512f08-b2cc-4df1-90d4-4f272ff71fe7/in_use.lock acquired by nodename 55499@fv-az213-422
2022-08-24 13:28:47,231 [pool-210-thread-1] INFO  storage.RaftStorage (RaftStorageImpl.java:format(89)) - Storage directory /home/runner/work/ozone/ozone/hadoop-ozone/integration-test/target/test-dir/MiniOzoneClusterImpl-4ec5f5c4-b0ab-4cbf-8465-e18eb8453e4d/datanode-6/data/ratis/96512f08-b2cc-4df1-90d4-4f272ff71fe7 has been successfully formatted.
2022-08-24 13:28:47,232 [pool-210-thread-1] INFO  ratis.ContainerStateMachine (ContainerStateMachine.java:loadSnapshot(236)) - group-4F272FF71FE7: The snapshot info is null. Setting the last applied indexto:(t:0, i:~)
2022-08-24 13:28:47,232 [pool-210-thread-1] INFO  server.RaftServerConfigKeys (ConfUtils.java:logGet(46)) - raft.server.notification.no-leader.timeout = 300s (custom)
2022-08-24 13:28:47,232 [pool-210-thread-1] INFO  server.RaftServerConfigKeys (ConfUtils.java:logGet(46)) - raft.server.log.use.memory = false (default)
2022-08-24 13:28:47,233 [pool-210-thread-1] INFO  server.RaftServerConfigKeys (ConfUtils.java:logGet(46)) - raft.server.log.purge.gap = 1000000 (custom)
2022-08-24 13:28:47,233 [pool-210-thread-1] INFO  server.RaftServerConfigKeys (ConfUtils.java:logGet(46)) - raft.server.log.appender.buffer.byte-limit = 33554432 (custom)
2022-08-24 13:28:47,233 [pool-210-thread-1] INFO  server.RaftServerConfigKeys (ConfUtils.java:logGet(46)) - raft.server.log.statemachine.data.read.timeout = 1000ms (default)
2022-08-24 13:28:47,233 [pool-210-thread-1] INFO  server.RaftServerConfigKeys (ConfUtils.java:logGet(46)) - raft.server.log.segment.size.max = 1048576 (custom)
2022-08-24 13:28:47,233 [EventQueue-PipelineReportForPipelineReportHandler] INFO  pipeline.PipelineManagerImpl (PipelineManagerImpl.java:openPipeline(367)) - Pipeline Pipeline[ Id: 96512f08-b2cc-4df1-90d4-4f272ff71fe7, Nodes: 0046a835-3796-45b6-8c08-5dd5cec2cc64{ip: 10.1.1.17, host: fv-az213-422.c2vz3wqhpjau3hcstnyptvmwla.cx.internal.cloudapp.net, ports: [REPLICATION=40093, RATIS=38893, RATIS_ADMIN=38893, RATIS_SERVER=38893, STANDALONE=45095], networkLocation: /default-rack, certSerialId: null, persistedOpState: IN_SERVICE, persistedOpStateExpiryEpochSec: 0}, ReplicationConfig: RATIS/ONE, State:ALLOCATED, leaderId:0046a835-3796-45b6-8c08-5dd5cec2cc64, CreationTimestamp2022-08-24T13:28:44.223Z[Etc/UTC]] moved to OPEN state
2022-08-24 13:28:47,233 [EventQueue-OpenPipelineForHealthyPipelineSafeModeRule] INFO  safemode.SCMSafeModeManager (HealthyPipelineSafeModeRule.java:process(137)) - SCM in safe mode. Healthy pipelines reported count is 0, required healthy pipeline reported count is 1
2022-08-24 13:28:47,235 [pool-210-thread-1] INFO  server.RaftServerConfigKeys (ConfUtils.java:logGet(46)) - raft.server.log.segment.cache.num.max = 2 (custom)
2022-08-24 13:28:47,236 [pool-210-thread-1] INFO  server.RaftServerConfigKeys (ConfUtils.java:logGet(46)) - raft.server.log.segment.cache.size.max = 200MB (=209715200) (default)
2022-08-24 13:28:47,236 [pool-210-thread-1] INFO  segmented.SegmentedRaftLogWorker (SegmentedRaftLogWorker.java:<init>(187)) - new 0046a835-3796-45b6-8c08-5dd5cec2cc64@group-4F272FF71FE7-SegmentedRaftLogWorker for RaftStorageImpl:Storage Directory /home/runner/work/ozone/ozone/hadoop-ozone/integration-test/target/test-dir/MiniOzoneClusterImpl-4ec5f5c4-b0ab-4cbf-8465-e18eb8453e4d/datanode-6/data/ratis/96512f08-b2cc-4df1-90d4-4f272ff71fe7
2022-08-24 13:28:47,236 [pool-210-thread-1] INFO  server.RaftServerConfigKeys (ConfUtils.java:logGet(46)) - raft.server.log.queue.byte-limit = 4294967296 (custom)
2022-08-24 13:28:47,236 [pool-210-thread-1] INFO  server.RaftServerConfigKeys (ConfUtils.java:logGet(46)) - raft.server.log.queue.element-limit = 1024 (custom)
2022-08-24 13:28:47,236 [pool-210-thread-1] INFO  server.RaftServerConfigKeys (ConfUtils.java:logGet(46)) - raft.server.log.segment.size.max = 1048576 (custom)
2022-08-24 13:28:47,236 [pool-210-thread-1] INFO  server.RaftServerConfigKeys (ConfUtils.java:logGet(46)) - raft.server.log.preallocated.size = 16384 (custom)
2022-08-24 13:28:47,236 [pool-210-thread-1] INFO  server.RaftServerConfigKeys (ConfUtils.java:logGet(46)) - raft.server.log.force.sync.num = 128 (default)
2022-08-24 13:28:47,236 [pool-210-thread-1] INFO  server.RaftServerConfigKeys (ConfUtils.java:logGet(46)) - raft.server.log.statemachine.data.sync = true (default)
2022-08-24 13:28:47,236 [pool-210-thread-1] INFO  server.RaftServerConfigKeys (ConfUtils.java:logGet(46)) - raft.server.log.statemachine.data.sync.timeout = 10s (default)
2022-08-24 13:28:47,236 [pool-210-thread-1] INFO  server.RaftServerConfigKeys (ConfUtils.java:logGet(46)) - raft.server.log.statemachine.data.sync.timeout.retry = -1 (default)
2022-08-24 13:28:47,238 [pool-210-thread-1] INFO  server.RaftServerConfigKeys (ConfUtils.java:logGet(46)) - raft.server.log.write.buffer.size = 1048576 (custom)
2022-08-24 13:28:47,238 [pool-210-thread-1] INFO  server.RaftServerConfigKeys (ConfUtils.java:logGet(46)) - raft.server.log.unsafe-flush.enabled = false (default)
2022-08-24 13:28:47,238 [pool-210-thread-1] INFO  server.RaftServerConfigKeys (ConfUtils.java:logGet(46)) - raft.server.log.statemachine.data.caching.enabled = true (custom)
2022-08-24 13:28:47,239 [pool-210-thread-1] INFO  segmented.SegmentedRaftLogWorker (SegmentedRaftLogWorker.java:lambda$new$0(135)) - 0046a835-3796-45b6-8c08-5dd5cec2cc64@group-4F272FF71FE7-SegmentedRaftLogWorker: flushIndex: setUnconditionally 0 -> -1
2022-08-24 13:28:47,239 [pool-210-thread-1] INFO  segmented.SegmentedRaftLogWorker (SegmentedRaftLogWorker.java:lambda$new$0(135)) - 0046a835-3796-45b6-8c08-5dd5cec2cc64@group-4F272FF71FE7-SegmentedRaftLogWorker: safeCacheEvictIndex: setUnconditionally 0 -> -1
2022-08-24 13:28:47,239 [pool-210-thread-1] INFO  server.RaftServerConfigKeys (ConfUtils.java:logGet(46)) - raft.server.snapshot.auto.trigger.enabled = true (custom)
2022-08-24 13:28:47,239 [pool-210-thread-1] INFO  server.RaftServerConfigKeys (ConfUtils.java:logGet(46)) - raft.server.snapshot.auto.trigger.threshold = 10000 (custom)
2022-08-24 13:28:47,239 [pool-210-thread-1] INFO  server.RaftServerConfigKeys (ConfUtils.java:logGet(46)) - raft.server.snapshot.retention.file.num = 5 (custom)
2022-08-24 13:28:47,239 [pool-210-thread-1] INFO  server.RaftServerConfigKeys (ConfUtils.java:logGet(46)) - raft.server.log.purge.upto.snapshot.index = false (default)
2022-08-24 13:28:47,239 [pool-210-thread-1] INFO  server.RaftServerConfigKeys (ConfUtils.java:logGet(46)) - raft.server.retrycache.expirytime = 600000ms (custom)
2022-08-24 13:28:47,239 [pool-210-thread-1] INFO  server.RaftServerConfigKeys (ConfUtils.java:logGet(46)) - raft.server.retrycache.statistics.expirytime = 100μs (default)
2022-08-24 13:28:47,240 [pool-210-thread-1] INFO  server.RaftServerConfigKeys (ConfUtils.java:logGet(46)) - raft.server.log.appender.install.snapshot.enabled = false (custom)
2022-08-24 13:28:47,240 [pool-210-thread-1] INFO  server.RaftServerConfigKeys (ConfUtils.java:logGet(46)) - raft.server.threadpool.server.cached = true (default)
2022-08-24 13:28:47,240 [pool-210-thread-1] INFO  server.RaftServerConfigKeys (ConfUtils.java:logGet(46)) - raft.server.threadpool.server.size = 0 (default)
2022-08-24 13:28:47,240 [pool-210-thread-1] INFO  server.RaftServerConfigKeys (ConfUtils.java:logGet(46)) - raft.server.threadpool.client.cached = true (default)
2022-08-24 13:28:47,240 [pool-210-thread-1] INFO  server.RaftServerConfigKeys (ConfUtils.java:logGet(46)) - raft.server.threadpool.client.size = 0 (default)
2022-08-24 13:28:47,240 [pool-210-thread-1] INFO  server.RaftServer$Division (RaftServerImpl.java:start(310)) - 0046a835-3796-45b6-8c08-5dd5cec2cc64@group-4F272FF71FE7: start as a follower, conf=-1: [0046a835-3796-45b6-8c08-5dd5cec2cc64|rpc:10.1.1.17:38893|priority:1], old=null
2022-08-24 13:28:47,240 [pool-210-thread-1] INFO  server.RaftServer$Division (RaftServerImpl.java:setRole(299)) - 0046a835-3796-45b6-8c08-5dd5cec2cc64@group-4F272FF71FE7: changes role from      null to FOLLOWER at term 0 for startAsFollower
2022-08-24 13:28:47,240 [pool-210-thread-1] INFO  impl.RoleInfo (RoleInfo.java:updateAndGet(139)) - 0046a835-3796-45b6-8c08-5dd5cec2cc64: start 0046a835-3796-45b6-8c08-5dd5cec2cc64@group-4F272FF71FE7-FollowerState
2022-08-24 13:28:47,243 [pool-210-thread-1] INFO  util.JmxRegister (JmxRegister.java:tryRegister(44)) - Successfully registered JMX Bean with object name Ratis:service=RaftServer,group=group-4F272FF71FE7,id=0046a835-3796-45b6-8c08-5dd5cec2cc64
2022-08-24 13:28:47,243 [Command processor thread] INFO  ratis.XceiverServerRatis (XceiverServerRatis.java:addGroup(765)) - Created group PipelineID=96512f08-b2cc-4df1-90d4-4f272ff71fe7
2022-08-24 13:28:47,243 [Command processor thread] INFO  commandhandler.CreatePipelineCommandHandler (CreatePipelineCommandHandler.java:handle(113)) - Created Pipeline RATIS ONE PipelineID=96512f08-b2cc-4df1-90d4-4f272ff71fe7.
2022-08-24 13:28:48,197 [Listener at 127.0.0.1/38251] INFO  ozone.MiniOzoneClusterImpl (MiniOzoneClusterImpl.java:lambda$waitForClusterToBeReady$0(216)) - Nodes are ready. Got 7 of 7 DN Heartbeats.
2022-08-24 13:28:48,197 [Listener at 127.0.0.1/38251] INFO  ozone.MiniOzoneClusterImpl (MiniOzoneClusterImpl.java:lambda$waitForClusterToBeReady$0(219)) - Waiting for cluster to exit safe mode
2022-08-24 13:28:48,197 [Listener at 127.0.0.1/38251] INFO  ozone.MiniOzoneClusterImpl (MiniOzoneClusterImpl.java:lambda$waitForClusterToBeReady$0(221)) - SCM became leader
2022-08-24 13:28:49,198 [Listener at 127.0.0.1/38251] INFO  ozone.MiniOzoneClusterImpl (MiniOzoneClusterImpl.java:lambda$waitForClusterToBeReady$0(216)) - Nodes are ready. Got 7 of 7 DN Heartbeats.
2022-08-24 13:28:49,198 [Listener at 127.0.0.1/38251] INFO  ozone.MiniOzoneClusterImpl (MiniOzoneClusterImpl.java:lambda$waitForClusterToBeReady$0(219)) - Waiting for cluster to exit safe mode
2022-08-24 13:28:49,198 [Listener at 127.0.0.1/38251] INFO  ozone.MiniOzoneClusterImpl (MiniOzoneClusterImpl.java:lambda$waitForClusterToBeReady$0(221)) - SCM became leader
2022-08-24 13:28:50,149 [92e9f449-3c32-4f52-ab73-c65c98a3a92b@group-14D2FFB8389D-FollowerState] INFO  impl.FollowerState (FollowerState.java:run(143)) - 92e9f449-3c32-4f52-ab73-c65c98a3a92b@group-14D2FFB8389D-FollowerState: change to CANDIDATE, lastRpcElapsedTime:5062186416ns, electionTimeout:5060ms
2022-08-24 13:28:50,149 [92e9f449-3c32-4f52-ab73-c65c98a3a92b@group-14D2FFB8389D-FollowerState] INFO  impl.RoleInfo (RoleInfo.java:shutdownFollowerState(110)) - 92e9f449-3c32-4f52-ab73-c65c98a3a92b: shutdown 92e9f449-3c32-4f52-ab73-c65c98a3a92b@group-14D2FFB8389D-FollowerState
2022-08-24 13:28:50,149 [92e9f449-3c32-4f52-ab73-c65c98a3a92b@group-14D2FFB8389D-FollowerState] INFO  server.RaftServer$Division (RaftServerImpl.java:setRole(299)) - 92e9f449-3c32-4f52-ab73-c65c98a3a92b@group-14D2FFB8389D: changes role from  FOLLOWER to CANDIDATE at term 0 for changeToCandidate
2022-08-24 13:28:50,149 [92e9f449-3c32-4f52-ab73-c65c98a3a92b@group-14D2FFB8389D-FollowerState] INFO  server.RaftServerConfigKeys (ConfUtils.java:logGet(46)) - raft.server.leaderelection.pre-vote = false (custom)
2022-08-24 13:28:50,149 [92e9f449-3c32-4f52-ab73-c65c98a3a92b@group-14D2FFB8389D-FollowerState] INFO  impl.RoleInfo (RoleInfo.java:updateAndGet(139)) - 92e9f449-3c32-4f52-ab73-c65c98a3a92b: start 92e9f449-3c32-4f52-ab73-c65c98a3a92b@group-14D2FFB8389D-LeaderElection2
2022-08-24 13:28:50,152 [92e9f449-3c32-4f52-ab73-c65c98a3a92b@group-14D2FFB8389D-LeaderElection2] INFO  impl.LeaderElection (LeaderElection.java:askForVotes(310)) - 92e9f449-3c32-4f52-ab73-c65c98a3a92b@group-14D2FFB8389D-LeaderElection2 ELECTION round 0: submit vote requests at term 1 for -1: [92e9f449-3c32-4f52-ab73-c65c98a3a92b|rpc:10.1.1.17:34651|priority:1], old=null
2022-08-24 13:28:50,153 [92e9f449-3c32-4f52-ab73-c65c98a3a92b@group-14D2FFB8389D-LeaderElection2] INFO  impl.LeaderElection (LeaderElection.java:askForVotes(312)) - 92e9f449-3c32-4f52-ab73-c65c98a3a92b@group-14D2FFB8389D-LeaderElection2 ELECTION round 0: result PASSED (term=1)
2022-08-24 13:28:50,153 [92e9f449-3c32-4f52-ab73-c65c98a3a92b@group-14D2FFB8389D-LeaderElection2] INFO  impl.RoleInfo (RoleInfo.java:shutdownLeaderElection(130)) - 92e9f449-3c32-4f52-ab73-c65c98a3a92b: shutdown 92e9f449-3c32-4f52-ab73-c65c98a3a92b@group-14D2FFB8389D-LeaderElection2
2022-08-24 13:28:50,153 [92e9f449-3c32-4f52-ab73-c65c98a3a92b@group-14D2FFB8389D-LeaderElection2] INFO  server.RaftServer$Division (RaftServerImpl.java:setRole(299)) - 92e9f449-3c32-4f52-ab73-c65c98a3a92b@group-14D2FFB8389D: changes role from CANDIDATE to LEADER at term 1 for changeToLeader
2022-08-24 13:28:50,153 [92e9f449-3c32-4f52-ab73-c65c98a3a92b@group-14D2FFB8389D-LeaderElection2] INFO  ratis.XceiverServerRatis (XceiverServerRatis.java:handleLeaderChangedNotification(863)) - Leader change notification received for group: group-14D2FFB8389D with new leaderId: 92e9f449-3c32-4f52-ab73-c65c98a3a92b
2022-08-24 13:28:50,153 [92e9f449-3c32-4f52-ab73-c65c98a3a92b@group-14D2FFB8389D-LeaderElection2] INFO  server.RaftServer$Division (ServerState.java:setLeader(287)) - 92e9f449-3c32-4f52-ab73-c65c98a3a92b@group-14D2FFB8389D: change Leader from null to 92e9f449-3c32-4f52-ab73-c65c98a3a92b at term 1 for becomeLeader, leader elected after 5074ms
2022-08-24 13:28:50,153 [92e9f449-3c32-4f52-ab73-c65c98a3a92b@group-14D2FFB8389D-LeaderElection2] INFO  server.RaftServerConfigKeys (ConfUtils.java:logGet(46)) - raft.server.staging.catchup.gap = 1000 (default)
2022-08-24 13:28:50,153 [92e9f449-3c32-4f52-ab73-c65c98a3a92b@group-14D2FFB8389D-LeaderElection2] INFO  server.RaftServerConfigKeys (ConfUtils.java:logGet(46)) - raft.server.write.element-limit = 1024 (custom)
2022-08-24 13:28:50,153 [92e9f449-3c32-4f52-ab73-c65c98a3a92b@group-14D2FFB8389D-LeaderElection2] INFO  server.RaftServerConfigKeys (ConfUtils.java:logGet(46)) - raft.server.write.byte-limit = 1024 M (=1073741824) (custom)
2022-08-24 13:28:50,154 [92e9f449-3c32-4f52-ab73-c65c98a3a92b@group-14D2FFB8389D-LeaderElection2] INFO  server.RaftServerConfigKeys (ConfUtils.java:logGet(46)) - raft.server.watch.timeout = 180s (custom)
2022-08-24 13:28:50,154 [92e9f449-3c32-4f52-ab73-c65c98a3a92b@group-14D2FFB8389D-LeaderElection2] INFO  server.RaftServerConfigKeys (ConfUtils.java:logGet(46)) - raft.server.watch.timeout.denomination = 1s (default)
2022-08-24 13:28:50,154 [92e9f449-3c32-4f52-ab73-c65c98a3a92b@group-14D2FFB8389D-LeaderElection2] INFO  server.RaftServerConfigKeys (ConfUtils.java:logGet(46)) - raft.server.watch.element-limit = 65536 (default)
2022-08-24 13:28:50,154 [92e9f449-3c32-4f52-ab73-c65c98a3a92b@group-14D2FFB8389D-LeaderElection2] INFO  server.RaftServerConfigKeys (ConfUtils.java:logGet(46)) - raft.server.write.element-limit = 1024 (custom)
2022-08-24 13:28:50,154 [92e9f449-3c32-4f52-ab73-c65c98a3a92b@group-14D2FFB8389D-LeaderElection2] INFO  server.RaftServerConfigKeys (ConfUtils.java:logGet(46)) - raft.server.write.follower.gap.ratio.max = -1.0 (default)
2022-08-24 13:28:50,154 [92e9f449-3c32-4f52-ab73-c65c98a3a92b@group-14D2FFB8389D-LeaderElection2] INFO  impl.RoleInfo (RoleInfo.java:updateAndGet(139)) - 92e9f449-3c32-4f52-ab73-c65c98a3a92b: start 92e9f449-3c32-4f52-ab73-c65c98a3a92b@group-14D2FFB8389D-LeaderStateImpl
2022-08-24 13:28:50,156 [EventQueue-OpenPipelineForHealthyPipelineSafeModeRule] INFO  safemode.SCMSafeModeManager (HealthyPipelineSafeModeRule.java:process(137)) - SCM in safe mode. Healthy pipelines reported count is 0, required healthy pipeline reported count is 1
2022-08-24 13:28:50,156 [92e9f449-3c32-4f52-ab73-c65c98a3a92b@group-14D2FFB8389D-LeaderElection2] INFO  segmented.SegmentedRaftLogWorker (SegmentedRaftLogWorker.java:startLogSegment(425)) - 92e9f449-3c32-4f52-ab73-c65c98a3a92b@group-14D2FFB8389D-SegmentedRaftLogWorker: Starting segment from index:0
2022-08-24 13:28:50,157 [92e9f449-3c32-4f52-ab73-c65c98a3a92b@group-14D2FFB8389D-SegmentedRaftLogWorker] INFO  segmented.SegmentedRaftLogWorker (SegmentedRaftLogWorker.java:execute(629)) - 92e9f449-3c32-4f52-ab73-c65c98a3a92b@group-14D2FFB8389D-SegmentedRaftLogWorker: created new log segment /home/runner/work/ozone/ozone/hadoop-ozone/integration-test/target/test-dir/MiniOzoneClusterImpl-4ec5f5c4-b0ab-4cbf-8465-e18eb8453e4d/datanode-0/data/ratis/73d04d51-26da-438c-91da-14d2ffb8389d/current/log_inprogress_0
2022-08-24 13:28:50,159 [92e9f449-3c32-4f52-ab73-c65c98a3a92b@group-14D2FFB8389D-LeaderElection2] INFO  server.RaftServer$Division (ServerState.java:setRaftConf(393)) - 92e9f449-3c32-4f52-ab73-c65c98a3a92b@group-14D2FFB8389D: set configuration 0: [92e9f449-3c32-4f52-ab73-c65c98a3a92b|rpc:10.1.1.17:34651|dataStream:|priority:1], old=null
2022-08-24 13:28:50,198 [Listener at 127.0.0.1/38251] INFO  ozone.MiniOzoneClusterImpl (MiniOzoneClusterImpl.java:lambda$waitForClusterToBeReady$0(216)) - Nodes are ready. Got 7 of 7 DN Heartbeats.
2022-08-24 13:28:50,198 [Listener at 127.0.0.1/38251] INFO  ozone.MiniOzoneClusterImpl (MiniOzoneClusterImpl.java:lambda$waitForClusterToBeReady$0(219)) - Waiting for cluster to exit safe mode
2022-08-24 13:28:50,198 [Listener at 127.0.0.1/38251] INFO  ozone.MiniOzoneClusterImpl (MiniOzoneClusterImpl.java:lambda$waitForClusterToBeReady$0(221)) - SCM became leader
2022-08-24 13:28:50,257 [92e9f449-3c32-4f52-ab73-c65c98a3a92b@group-C88BC017548E-FollowerState] INFO  impl.FollowerState (FollowerState.java:run(143)) - 92e9f449-3c32-4f52-ab73-c65c98a3a92b@group-C88BC017548E-FollowerState: change to CANDIDATE, lastRpcElapsedTime:5129215430ns, electionTimeout:5128ms
2022-08-24 13:28:50,258 [92e9f449-3c32-4f52-ab73-c65c98a3a92b@group-C88BC017548E-FollowerState] INFO  impl.RoleInfo (RoleInfo.java:shutdownFollowerState(110)) - 92e9f449-3c32-4f52-ab73-c65c98a3a92b: shutdown 92e9f449-3c32-4f52-ab73-c65c98a3a92b@group-C88BC017548E-FollowerState
2022-08-24 13:28:50,258 [92e9f449-3c32-4f52-ab73-c65c98a3a92b@group-C88BC017548E-FollowerState] INFO  server.RaftServer$Division (RaftServerImpl.java:setRole(299)) - 92e9f449-3c32-4f52-ab73-c65c98a3a92b@group-C88BC017548E: changes role from  FOLLOWER to CANDIDATE at term 0 for changeToCandidate
2022-08-24 13:28:50,258 [92e9f449-3c32-4f52-ab73-c65c98a3a92b@group-C88BC017548E-FollowerState] INFO  server.RaftServerConfigKeys (ConfUtils.java:logGet(46)) - raft.server.leaderelection.pre-vote = false (custom)
2022-08-24 13:28:50,258 [92e9f449-3c32-4f52-ab73-c65c98a3a92b@group-C88BC017548E-FollowerState] INFO  impl.RoleInfo (RoleInfo.java:updateAndGet(139)) - 92e9f449-3c32-4f52-ab73-c65c98a3a92b: start 92e9f449-3c32-4f52-ab73-c65c98a3a92b@group-C88BC017548E-LeaderElection3
2022-08-24 13:28:50,260 [92e9f449-3c32-4f52-ab73-c65c98a3a92b@group-C88BC017548E-LeaderElection3] INFO  impl.LeaderElection (LeaderElection.java:askForVotes(310)) - 92e9f449-3c32-4f52-ab73-c65c98a3a92b@group-C88BC017548E-LeaderElection3 ELECTION round 0: submit vote requests at term 1 for -1: [5e001fdb-1723-4ba3-822b-ce1b40bc3aba|rpc:10.1.1.17:46401|priority:0, 8d791df9-aaf8-422e-b0a9-1bacd12a10c4|rpc:10.1.1.17:38621|priority:0, 92e9f449-3c32-4f52-ab73-c65c98a3a92b|rpc:10.1.1.17:34651|priority:1], old=null
2022-08-24 13:28:50,286 [grpc-default-executor-0] INFO  server.RaftServer$Division (RaftServerImpl.java:requestVote(1152)) - 8d791df9-aaf8-422e-b0a9-1bacd12a10c4@group-C88BC017548E: receive requestVote(ELECTION, 92e9f449-3c32-4f52-ab73-c65c98a3a92b, group-C88BC017548E, 1, (t:0, i:0))
2022-08-24 13:28:50,287 [grpc-default-executor-0] INFO  impl.VoteContext (VoteContext.java:log(48)) - 8d791df9-aaf8-422e-b0a9-1bacd12a10c4@group-C88BC017548E-FOLLOWER: accept ELECTION from 92e9f449-3c32-4f52-ab73-c65c98a3a92b: our priority 0 <= candidate's priority 1
2022-08-24 13:28:50,288 [grpc-default-executor-0] INFO  server.RaftServer$Division (RaftServerImpl.java:setRole(299)) - 8d791df9-aaf8-422e-b0a9-1bacd12a10c4@group-C88BC017548E: changes role from  FOLLOWER to FOLLOWER at term 1 for candidate:92e9f449-3c32-4f52-ab73-c65c98a3a92b
2022-08-24 13:28:50,288 [grpc-default-executor-0] INFO  impl.RoleInfo (RoleInfo.java:shutdownFollowerState(110)) - 8d791df9-aaf8-422e-b0a9-1bacd12a10c4: shutdown 8d791df9-aaf8-422e-b0a9-1bacd12a10c4@group-C88BC017548E-FollowerState
2022-08-24 13:28:50,288 [8d791df9-aaf8-422e-b0a9-1bacd12a10c4@group-C88BC017548E-FollowerState] INFO  impl.FollowerState (FollowerState.java:run(152)) - 8d791df9-aaf8-422e-b0a9-1bacd12a10c4@group-C88BC017548E-FollowerState was interrupted
2022-08-24 13:28:50,289 [grpc-default-executor-0] INFO  impl.RoleInfo (RoleInfo.java:updateAndGet(139)) - 8d791df9-aaf8-422e-b0a9-1bacd12a10c4: start 8d791df9-aaf8-422e-b0a9-1bacd12a10c4@group-C88BC017548E-FollowerState
2022-08-24 13:28:50,293 [grpc-default-executor-0] INFO  server.RaftServer$Division (RaftServerImpl.java:requestVote(1184)) - 8d791df9-aaf8-422e-b0a9-1bacd12a10c4@group-C88BC017548E replies to ELECTION vote request: 92e9f449-3c32-4f52-ab73-c65c98a3a92b<-8d791df9-aaf8-422e-b0a9-1bacd12a10c4#0:OK-t1. Peer's state: 8d791df9-aaf8-422e-b0a9-1bacd12a10c4@group-C88BC017548E:t1, leader=null, voted=92e9f449-3c32-4f52-ab73-c65c98a3a92b, raftlog=8d791df9-aaf8-422e-b0a9-1bacd12a10c4@group-C88BC017548E-SegmentedRaftLog:OPENED:c-1, conf=-1: [5e001fdb-1723-4ba3-822b-ce1b40bc3aba|rpc:10.1.1.17:46401|dataStream:|priority:0, 8d791df9-aaf8-422e-b0a9-1bacd12a10c4|rpc:10.1.1.17:38621|dataStream:|priority:0, 92e9f449-3c32-4f52-ab73-c65c98a3a92b|rpc:10.1.1.17:34651|dataStream:|priority:1], old=null
2022-08-24 13:28:50,301 [92e9f449-3c32-4f52-ab73-c65c98a3a92b@group-C88BC017548E-LeaderElection3] INFO  impl.LeaderElection (LeaderElection.java:logAndReturn(90)) - 92e9f449-3c32-4f52-ab73-c65c98a3a92b@group-C88BC017548E-LeaderElection3: ELECTION PASSED received 1 response(s) and 0 exception(s):
2022-08-24 13:28:50,302 [92e9f449-3c32-4f52-ab73-c65c98a3a92b@group-C88BC017548E-LeaderElection3] INFO  impl.LeaderElection (LeaderElection.java:logAndReturn(94)) -   Response 0: 92e9f449-3c32-4f52-ab73-c65c98a3a92b<-8d791df9-aaf8-422e-b0a9-1bacd12a10c4#0:OK-t1
2022-08-24 13:28:50,302 [92e9f449-3c32-4f52-ab73-c65c98a3a92b@group-C88BC017548E-LeaderElection3] INFO  impl.LeaderElection (LeaderElection.java:askForVotes(312)) - 92e9f449-3c32-4f52-ab73-c65c98a3a92b@group-C88BC017548E-LeaderElection3 ELECTION round 0: result PASSED
2022-08-24 13:28:50,302 [92e9f449-3c32-4f52-ab73-c65c98a3a92b@group-C88BC017548E-LeaderElection3] INFO  impl.RoleInfo (RoleInfo.java:shutdownLeaderElection(130)) - 92e9f449-3c32-4f52-ab73-c65c98a3a92b: shutdown 92e9f449-3c32-4f52-ab73-c65c98a3a92b@group-C88BC017548E-LeaderElection3
2022-08-24 13:28:50,302 [92e9f449-3c32-4f52-ab73-c65c98a3a92b@group-C88BC017548E-LeaderElection3] INFO  server.RaftServer$Division (RaftServerImpl.java:setRole(299)) - 92e9f449-3c32-4f52-ab73-c65c98a3a92b@group-C88BC017548E: changes role from CANDIDATE to LEADER at term 1 for changeToLeader
2022-08-24 13:28:50,302 [92e9f449-3c32-4f52-ab73-c65c98a3a92b@group-C88BC017548E-LeaderElection3] INFO  ratis.XceiverServerRatis (XceiverServerRatis.java:handleLeaderChangedNotification(863)) - Leader change notification received for group: group-C88BC017548E with new leaderId: 92e9f449-3c32-4f52-ab73-c65c98a3a92b
2022-08-24 13:28:50,302 [92e9f449-3c32-4f52-ab73-c65c98a3a92b@group-C88BC017548E-LeaderElection3] INFO  server.RaftServer$Division (ServerState.java:setLeader(287)) - 92e9f449-3c32-4f52-ab73-c65c98a3a92b@group-C88BC017548E: change Leader from null to 92e9f449-3c32-4f52-ab73-c65c98a3a92b at term 1 for becomeLeader, leader elected after 5188ms
2022-08-24 13:28:50,302 [92e9f449-3c32-4f52-ab73-c65c98a3a92b@group-C88BC017548E-LeaderElection3] INFO  server.RaftServerConfigKeys (ConfUtils.java:logGet(46)) - raft.server.staging.catchup.gap = 1000 (default)
2022-08-24 13:28:50,302 [92e9f449-3c32-4f52-ab73-c65c98a3a92b@group-C88BC017548E-LeaderElection3] INFO  server.RaftServerConfigKeys (ConfUtils.java:logGet(46)) - raft.server.write.element-limit = 1024 (custom)
2022-08-24 13:28:50,302 [92e9f449-3c32-4f52-ab73-c65c98a3a92b@group-C88BC017548E-LeaderElection3] INFO  server.RaftServerConfigKeys (ConfUtils.java:logGet(46)) - raft.server.write.byte-limit = 1024 M (=1073741824) (custom)
2022-08-24 13:28:50,302 [92e9f449-3c32-4f52-ab73-c65c98a3a92b@group-C88BC017548E-LeaderElection3] INFO  server.RaftServerConfigKeys (ConfUtils.java:logGet(46)) - raft.server.watch.timeout = 180s (custom)
2022-08-24 13:28:50,302 [92e9f449-3c32-4f52-ab73-c65c98a3a92b@group-C88BC017548E-LeaderElection3] INFO  server.RaftServerConfigKeys (ConfUtils.java:logGet(46)) - raft.server.watch.timeout.denomination = 1s (default)
2022-08-24 13:28:50,303 [92e9f449-3c32-4f52-ab73-c65c98a3a92b@group-C88BC017548E-LeaderElection3] INFO  server.RaftServerConfigKeys (ConfUtils.java:logGet(46)) - raft.server.watch.element-limit = 65536 (default)
2022-08-24 13:28:50,303 [92e9f449-3c32-4f52-ab73-c65c98a3a92b@group-C88BC017548E-LeaderElection3] INFO  server.RaftServerConfigKeys (ConfUtils.java:logGet(46)) - raft.server.write.element-limit = 1024 (custom)
2022-08-24 13:28:50,303 [92e9f449-3c32-4f52-ab73-c65c98a3a92b@group-C88BC017548E-LeaderElection3] INFO  server.RaftServerConfigKeys (ConfUtils.java:logGet(46)) - raft.server.write.follower.gap.ratio.max = -1.0 (default)
2022-08-24 13:28:50,307 [EventQueue-PipelineReportForPipelineReportHandler] INFO  pipeline.PipelineManagerImpl (PipelineManagerImpl.java:openPipeline(367)) - Pipeline Pipeline[ Id: 3fa87b7b-c617-420c-b03b-c88bc017548e, Nodes: 92e9f449-3c32-4f52-ab73-c65c98a3a92b{ip: 10.1.1.17, host: fv-az213-422.c2vz3wqhpjau3hcstnyptvmwla.cx.internal.cloudapp.net, ports: [REPLICATION=42659, RATIS=34651, RATIS_ADMIN=34651, RATIS_SERVER=34651, STANDALONE=43793], networkLocation: /default-rack, certSerialId: null, persistedOpState: IN_SERVICE, persistedOpStateExpiryEpochSec: 0}5e001fdb-1723-4ba3-822b-ce1b40bc3aba{ip: 10.1.1.17, host: fv-az213-422.c2vz3wqhpjau3hcstnyptvmwla.cx.internal.cloudapp.net, ports: [REPLICATION=34205, RATIS=46401, RATIS_ADMIN=46401, RATIS_SERVER=46401, STANDALONE=35633], networkLocation: /default-rack, certSerialId: null, persistedOpState: IN_SERVICE, persistedOpStateExpiryEpochSec: 0}8d791df9-aaf8-422e-b0a9-1bacd12a10c4{ip: 10.1.1.17, host: fv-az213-422.c2vz3wqhpjau3hcstnyptvmwla.cx.internal.cloudapp.net, ports: [REPLICATION=39591, RATIS=38621, RATIS_ADMIN=38621, RATIS_SERVER=38621, STANDALONE=33577], networkLocation: /default-rack, certSerialId: null, persistedOpState: IN_SERVICE, persistedOpStateExpiryEpochSec: 0}, ReplicationConfig: RATIS/THREE, State:ALLOCATED, leaderId:92e9f449-3c32-4f52-ab73-c65c98a3a92b, CreationTimestamp2022-08-24T13:28:42.929Z[Etc/UTC]] moved to OPEN state
2022-08-24 13:28:50,310 [grpc-default-executor-0] INFO  server.RaftServer$Division (RaftServerImpl.java:requestVote(1152)) - 5e001fdb-1723-4ba3-822b-ce1b40bc3aba@group-C88BC017548E: receive requestVote(ELECTION, 92e9f449-3c32-4f52-ab73-c65c98a3a92b, group-C88BC017548E, 1, (t:0, i:0))
2022-08-24 13:28:50,311 [grpc-default-executor-0] INFO  impl.VoteContext (VoteContext.java:log(48)) - 5e001fdb-1723-4ba3-822b-ce1b40bc3aba@group-C88BC017548E-FOLLOWER: accept ELECTION from 92e9f449-3c32-4f52-ab73-c65c98a3a92b: our priority 0 <= candidate's priority 1
2022-08-24 13:28:50,311 [grpc-default-executor-0] INFO  server.RaftServer$Division (RaftServerImpl.java:setRole(299)) - 5e001fdb-1723-4ba3-822b-ce1b40bc3aba@group-C88BC017548E: changes role from  FOLLOWER to FOLLOWER at term 1 for candidate:92e9f449-3c32-4f52-ab73-c65c98a3a92b
2022-08-24 13:28:50,311 [grpc-default-executor-0] INFO  impl.RoleInfo (RoleInfo.java:shutdownFollowerState(110)) - 5e001fdb-1723-4ba3-822b-ce1b40bc3aba: shutdown 5e001fdb-1723-4ba3-822b-ce1b40bc3aba@group-C88BC017548E-FollowerState
2022-08-24 13:28:50,311 [grpc-default-executor-0] INFO  impl.RoleInfo (RoleInfo.java:updateAndGet(139)) - 5e001fdb-1723-4ba3-822b-ce1b40bc3aba: start 5e001fdb-1723-4ba3-822b-ce1b40bc3aba@group-C88BC017548E-FollowerState
2022-08-24 13:28:50,311 [5e001fdb-1723-4ba3-822b-ce1b40bc3aba@group-C88BC017548E-FollowerState] INFO  impl.FollowerState (FollowerState.java:run(152)) - 5e001fdb-1723-4ba3-822b-ce1b40bc3aba@group-C88BC017548E-FollowerState was interrupted
2022-08-24 13:28:50,320 [grpc-default-executor-0] INFO  server.RaftServer$Division (RaftServerImpl.java:requestVote(1184)) - 5e001fdb-1723-4ba3-822b-ce1b40bc3aba@group-C88BC017548E replies to ELECTION vote request: 92e9f449-3c32-4f52-ab73-c65c98a3a92b<-5e001fdb-1723-4ba3-822b-ce1b40bc3aba#0:OK-t1. Peer's state: 5e001fdb-1723-4ba3-822b-ce1b40bc3aba@group-C88BC017548E:t1, leader=null, voted=92e9f449-3c32-4f52-ab73-c65c98a3a92b, raftlog=5e001fdb-1723-4ba3-822b-ce1b40bc3aba@group-C88BC017548E-SegmentedRaftLog:OPENED:c-1, conf=-1: [5e001fdb-1723-4ba3-822b-ce1b40bc3aba|rpc:10.1.1.17:46401|dataStream:|priority:0, 8d791df9-aaf8-422e-b0a9-1bacd12a10c4|rpc:10.1.1.17:38621|dataStream:|priority:0, 92e9f449-3c32-4f52-ab73-c65c98a3a92b|rpc:10.1.1.17:34651|dataStream:|priority:1], old=null
2022-08-24 13:28:50,320 [92e9f449-3c32-4f52-ab73-c65c98a3a92b@group-C88BC017548E-LeaderElection3] INFO  server.RaftServerConfigKeys (ConfUtils.java:logGet(46)) - raft.server.log.appender.snapshot.chunk.size.max = 16MB (=16777216) (default)
2022-08-24 13:28:50,320 [92e9f449-3c32-4f52-ab73-c65c98a3a92b@group-C88BC017548E-LeaderElection3] INFO  server.RaftServerConfigKeys (ConfUtils.java:logGet(46)) - raft.server.log.appender.buffer.byte-limit = 33554432 (custom)
2022-08-24 13:28:50,320 [92e9f449-3c32-4f52-ab73-c65c98a3a92b@group-C88BC017548E-LeaderElection3] INFO  server.RaftServerConfigKeys (ConfUtils.java:logGet(46)) - raft.server.log.appender.buffer.element-limit = 1 (custom)
2022-08-24 13:28:50,311 [EventQueue-OpenPipelineForHealthyPipelineSafeModeRule] INFO  safemode.SCMSafeModeManager (HealthyPipelineSafeModeRule.java:process(137)) - SCM in safe mode. Healthy pipelines reported count is 1, required healthy pipeline reported count is 1
2022-08-24 13:28:50,323 [EventQueue-OpenPipelineForHealthyPipelineSafeModeRule] INFO  safemode.SCMSafeModeManager (SCMSafeModeManager.java:validateSafeModeExitRules(204)) - HealthyPipelineSafeModeRule rule is successfully validated
2022-08-24 13:28:50,323 [EventQueue-OpenPipelineForHealthyPipelineSafeModeRule] INFO  safemode.SCMSafeModeManager (SCMSafeModeManager.java:validateSafeModeExitRules(219)) - ScmSafeModeManager, all rules are successfully validated
2022-08-24 13:28:50,323 [EventQueue-OpenPipelineForHealthyPipelineSafeModeRule] INFO  safemode.SCMSafeModeManager (SCMSafeModeManager.java:exitSafeMode(248)) - SCM exiting safe mode.
2022-08-24 13:28:50,323 [EventQueue-OpenPipelineForHealthyPipelineSafeModeRule] WARN  events.EventQueue (EventQueue.java:fireEvent(216)) - No event handler registered for event TypedEvent{payloadType=SafeModeStatus, name='Safe mode status'}
2022-08-24 13:28:50,323 [EventQueue-OpenPipelineForHealthyPipelineSafeModeRule] INFO  ha.SCMContext (SCMContext.java:updateSafeModeStatus(228)) - Update SafeModeStatus from SafeModeStatus{safeModeStatus=true, preCheckPassed=true} to SafeModeStatus{safeModeStatus=false, preCheckPassed=true}.
2022-08-24 13:28:50,323 [EventQueue-OpenPipelineForHealthyPipelineSafeModeRule] INFO  pipeline.BackgroundPipelineCreator (BackgroundPipelineCreator.java:notifyStatusChanged(254)) - Service BackgroundPipelineCreator transitions to RUNNING.
2022-08-24 13:28:50,323 [EventQueue-OpenPipelineForHealthyPipelineSafeModeRule] INFO  BackgroundPipelineScrubber (BackgroundSCMService.java:notifyStatusChanged(82)) - Service BackgroundPipelineScrubber transitions to RUNNING.
2022-08-24 13:28:50,323 [EventQueue-OpenPipelineForHealthyPipelineSafeModeRule] INFO  ExpiredContainerReplicaOpScrubber (BackgroundSCMService.java:notifyStatusChanged(82)) - Service ExpiredContainerReplicaOpScrubber transitions to RUNNING.
2022-08-24 13:28:50,323 [EventQueue-OpenPipelineForHealthyPipelineSafeModeRule] INFO  UnderReplicatedQueueThread (BackgroundSCMService.java:notifyStatusChanged(82)) - Service UnderReplicatedQueueThread transitions to RUNNING.
2022-08-24 13:28:50,323 [EventQueue-OpenPipelineForHealthyPipelineSafeModeRule] INFO  OverReplicatedQueueThread (BackgroundSCMService.java:notifyStatusChanged(82)) - Service OverReplicatedQueueThread transitions to RUNNING.
2022-08-24 13:28:50,323 [EventQueue-OpenPipelineForHealthyPipelineSafeModeRule] INFO  replication.ReplicationManager (ReplicationManager.java:notifyStatusChanged(719)) - Service ReplicationManager transitions to RUNNING.
2022-08-24 13:28:50,327 [EventQueue-OpenPipelineForHealthyPipelineSafeModeRule] WARN  balancer.ContainerBalancer (ContainerBalancer.java:shouldRun(925)) - Could not find persisted configuration for ContainerBalancer when checking if ContainerBalancer should run. ContainerBalancer should not run now.
2022-08-24 13:28:50,322 [92e9f449-3c32-4f52-ab73-c65c98a3a92b@group-C88BC017548E-LeaderElection3] INFO  grpc.GrpcConfigKeys (ConfUtils.java:logGet(46)) - raft.grpc.server.leader.outstanding.appends.max = 128 (default)
2022-08-24 13:28:50,327 [92e9f449-3c32-4f52-ab73-c65c98a3a92b@group-C88BC017548E-LeaderElection3] INFO  server.RaftServerConfigKeys (ConfUtils.java:logGet(46)) - raft.server.rpc.request.timeout = 60s (custom)
2022-08-24 13:28:50,327 [92e9f449-3c32-4f52-ab73-c65c98a3a92b@group-C88BC017548E-LeaderElection3] INFO  server.RaftServerConfigKeys (ConfUtils.java:logGet(46)) - raft.server.log.appender.install.snapshot.enabled = false (custom)
2022-08-24 13:28:50,329 [92e9f449-3c32-4f52-ab73-c65c98a3a92b@group-C88BC017548E-LeaderElection3] INFO  server.RaftServerConfigKeys (ConfUtils.java:logGet(46)) - raft.server.log.appender.snapshot.chunk.size.max = 16MB (=16777216) (default)
2022-08-24 13:28:50,329 [92e9f449-3c32-4f52-ab73-c65c98a3a92b@group-C88BC017548E-LeaderElection3] INFO  server.RaftServerConfigKeys (ConfUtils.java:logGet(46)) - raft.server.log.appender.buffer.byte-limit = 33554432 (custom)
2022-08-24 13:28:50,329 [92e9f449-3c32-4f52-ab73-c65c98a3a92b@group-C88BC017548E-LeaderElection3] INFO  server.RaftServerConfigKeys (ConfUtils.java:logGet(46)) - raft.server.log.appender.buffer.element-limit = 1 (custom)
2022-08-24 13:28:50,329 [92e9f449-3c32-4f52-ab73-c65c98a3a92b@group-C88BC017548E-LeaderElection3] INFO  grpc.GrpcConfigKeys (ConfUtils.java:logGet(46)) - raft.grpc.server.leader.outstanding.appends.max = 128 (default)
2022-08-24 13:28:50,329 [92e9f449-3c32-4f52-ab73-c65c98a3a92b@group-C88BC017548E-LeaderElection3] INFO  server.RaftServerConfigKeys (ConfUtils.java:logGet(46)) - raft.server.rpc.request.timeout = 60s (custom)
2022-08-24 13:28:50,330 [92e9f449-3c32-4f52-ab73-c65c98a3a92b@group-C88BC017548E-LeaderElection3] INFO  server.RaftServerConfigKeys (ConfUtils.java:logGet(46)) - raft.server.log.appender.install.snapshot.enabled = false (custom)
2022-08-24 13:28:50,331 [92e9f449-3c32-4f52-ab73-c65c98a3a92b@group-C88BC017548E-LeaderElection3] INFO  impl.RoleInfo (RoleInfo.java:updateAndGet(139)) - 92e9f449-3c32-4f52-ab73-c65c98a3a92b: start 92e9f449-3c32-4f52-ab73-c65c98a3a92b@group-C88BC017548E-LeaderStateImpl
2022-08-24 13:28:50,332 [92e9f449-3c32-4f52-ab73-c65c98a3a92b@group-C88BC017548E-LeaderElection3] INFO  segmented.SegmentedRaftLogWorker (SegmentedRaftLogWorker.java:startLogSegment(425)) - 92e9f449-3c32-4f52-ab73-c65c98a3a92b@group-C88BC017548E-SegmentedRaftLogWorker: Starting segment from index:0
2022-08-24 13:28:50,333 [92e9f449-3c32-4f52-ab73-c65c98a3a92b@group-C88BC017548E-SegmentedRaftLogWorker] INFO  segmented.SegmentedRaftLogWorker (SegmentedRaftLogWorker.java:execute(629)) - 92e9f449-3c32-4f52-ab73-c65c98a3a92b@group-C88BC017548E-SegmentedRaftLogWorker: created new log segment /home/runner/work/ozone/ozone/hadoop-ozone/integration-test/target/test-dir/MiniOzoneClusterImpl-4ec5f5c4-b0ab-4cbf-8465-e18eb8453e4d/datanode-0/data/ratis/3fa87b7b-c617-420c-b03b-c88bc017548e/current/log_inprogress_0
2022-08-24 13:28:50,336 [92e9f449-3c32-4f52-ab73-c65c98a3a92b@group-C88BC017548E-LeaderElection3] INFO  server.RaftServer$Division (ServerState.java:setRaftConf(393)) - 92e9f449-3c32-4f52-ab73-c65c98a3a92b@group-C88BC017548E: set configuration 0: [5e001fdb-1723-4ba3-822b-ce1b40bc3aba|rpc:10.1.1.17:46401|dataStream:|priority:0, 8d791df9-aaf8-422e-b0a9-1bacd12a10c4|rpc:10.1.1.17:38621|dataStream:|priority:0, 92e9f449-3c32-4f52-ab73-c65c98a3a92b|rpc:10.1.1.17:34651|dataStream:|priority:1], old=null
2022-08-24 13:28:50,364 [5e001fdb-1723-4ba3-822b-ce1b40bc3aba-server-thread1] INFO  ratis.XceiverServerRatis (XceiverServerRatis.java:handleLeaderChangedNotification(863)) - Leader change notification received for group: group-C88BC017548E with new leaderId: 92e9f449-3c32-4f52-ab73-c65c98a3a92b
2022-08-24 13:28:50,364 [5e001fdb-1723-4ba3-822b-ce1b40bc3aba-server-thread1] INFO  server.RaftServer$Division (ServerState.java:setLeader(287)) - 5e001fdb-1723-4ba3-822b-ce1b40bc3aba@group-C88BC017548E: change Leader from null to 92e9f449-3c32-4f52-ab73-c65c98a3a92b at term 1 for appendEntries, leader elected after 4760ms
2022-08-24 13:28:50,372 [8d791df9-aaf8-422e-b0a9-1bacd12a10c4-server-thread1] INFO  ratis.XceiverServerRatis (XceiverServerRatis.java:handleLeaderChangedNotification(863)) - Leader change notification received for group: group-C88BC017548E with new leaderId: 92e9f449-3c32-4f52-ab73-c65c98a3a92b
2022-08-24 13:28:50,372 [8d791df9-aaf8-422e-b0a9-1bacd12a10c4-server-thread1] INFO  server.RaftServer$Division (ServerState.java:setLeader(287)) - 8d791df9-aaf8-422e-b0a9-1bacd12a10c4@group-C88BC017548E: change Leader from null to 92e9f449-3c32-4f52-ab73-c65c98a3a92b at term 1 for appendEntries, leader elected after 4616ms
2022-08-24 13:28:50,389 [8d791df9-aaf8-422e-b0a9-1bacd12a10c4-server-thread2] INFO  server.RaftServer$Division (ServerState.java:setRaftConf(393)) - 8d791df9-aaf8-422e-b0a9-1bacd12a10c4@group-C88BC017548E: set configuration 0: [5e001fdb-1723-4ba3-822b-ce1b40bc3aba|rpc:10.1.1.17:46401|dataStream:|priority:0, 8d791df9-aaf8-422e-b0a9-1bacd12a10c4|rpc:10.1.1.17:38621|dataStream:|priority:0, 92e9f449-3c32-4f52-ab73-c65c98a3a92b|rpc:10.1.1.17:34651|dataStream:|priority:1], old=null
2022-08-24 13:28:50,390 [8d791df9-aaf8-422e-b0a9-1bacd12a10c4-server-thread2] INFO  segmented.SegmentedRaftLogWorker (SegmentedRaftLogWorker.java:startLogSegment(425)) - 8d791df9-aaf8-422e-b0a9-1bacd12a10c4@group-C88BC017548E-SegmentedRaftLogWorker: Starting segment from index:0
2022-08-24 13:28:50,391 [5e001fdb-1723-4ba3-822b-ce1b40bc3aba-server-thread2] INFO  server.RaftServer$Division (ServerState.java:setRaftConf(393)) - 5e001fdb-1723-4ba3-822b-ce1b40bc3aba@group-C88BC017548E: set configuration 0: [5e001fdb-1723-4ba3-822b-ce1b40bc3aba|rpc:10.1.1.17:46401|dataStream:|priority:0, 8d791df9-aaf8-422e-b0a9-1bacd12a10c4|rpc:10.1.1.17:38621|dataStream:|priority:0, 92e9f449-3c32-4f52-ab73-c65c98a3a92b|rpc:10.1.1.17:34651|dataStream:|priority:1], old=null
2022-08-24 13:28:50,391 [5e001fdb-1723-4ba3-822b-ce1b40bc3aba-server-thread2] INFO  segmented.SegmentedRaftLogWorker (SegmentedRaftLogWorker.java:startLogSegment(425)) - 5e001fdb-1723-4ba3-822b-ce1b40bc3aba@group-C88BC017548E-SegmentedRaftLogWorker: Starting segment from index:0
2022-08-24 13:28:50,391 [8d791df9-aaf8-422e-b0a9-1bacd12a10c4@group-C88BC017548E-SegmentedRaftLogWorker] INFO  segmented.SegmentedRaftLogWorker (SegmentedRaftLogWorker.java:execute(629)) - 8d791df9-aaf8-422e-b0a9-1bacd12a10c4@group-C88BC017548E-SegmentedRaftLogWorker: created new log segment /home/runner/work/ozone/ozone/hadoop-ozone/integration-test/target/test-dir/MiniOzoneClusterImpl-4ec5f5c4-b0ab-4cbf-8465-e18eb8453e4d/datanode-2/data/ratis/3fa87b7b-c617-420c-b03b-c88bc017548e/current/log_inprogress_0
2022-08-24 13:28:50,392 [5e001fdb-1723-4ba3-822b-ce1b40bc3aba@group-C88BC017548E-SegmentedRaftLogWorker] INFO  segmented.SegmentedRaftLogWorker (SegmentedRaftLogWorker.java:execute(629)) - 5e001fdb-1723-4ba3-822b-ce1b40bc3aba@group-C88BC017548E-SegmentedRaftLogWorker: created new log segment /home/runner/work/ozone/ozone/hadoop-ozone/integration-test/target/test-dir/MiniOzoneClusterImpl-4ec5f5c4-b0ab-4cbf-8465-e18eb8453e4d/datanode-1/data/ratis/3fa87b7b-c617-420c-b03b-c88bc017548e/current/log_inprogress_0
2022-08-24 13:28:50,697 [5e001fdb-1723-4ba3-822b-ce1b40bc3aba@group-4A019D1E227B-FollowerState] INFO  impl.FollowerState (FollowerState.java:run(143)) - 5e001fdb-1723-4ba3-822b-ce1b40bc3aba@group-4A019D1E227B-FollowerState: change to CANDIDATE, lastRpcElapsedTime:5058539729ns, electionTimeout:5053ms
2022-08-24 13:28:50,697 [5e001fdb-1723-4ba3-822b-ce1b40bc3aba@group-4A019D1E227B-FollowerState] INFO  impl.RoleInfo (RoleInfo.java:shutdownFollowerState(110)) - 5e001fdb-1723-4ba3-822b-ce1b40bc3aba: shutdown 5e001fdb-1723-4ba3-822b-ce1b40bc3aba@group-4A019D1E227B-FollowerState
2022-08-24 13:28:50,697 [5e001fdb-1723-4ba3-822b-ce1b40bc3aba@group-4A019D1E227B-FollowerState] INFO  server.RaftServer$Division (RaftServerImpl.java:setRole(299)) - 5e001fdb-1723-4ba3-822b-ce1b40bc3aba@group-4A019D1E227B: changes role from  FOLLOWER to CANDIDATE at term 0 for changeToCandidate
2022-08-24 13:28:50,697 [5e001fdb-1723-4ba3-822b-ce1b40bc3aba@group-4A019D1E227B-FollowerState] INFO  server.RaftServerConfigKeys (ConfUtils.java:logGet(46)) - raft.server.leaderelection.pre-vote = false (custom)
2022-08-24 13:28:50,697 [5e001fdb-1723-4ba3-822b-ce1b40bc3aba@group-4A019D1E227B-FollowerState] INFO  impl.RoleInfo (RoleInfo.java:updateAndGet(139)) - 5e001fdb-1723-4ba3-822b-ce1b40bc3aba: start 5e001fdb-1723-4ba3-822b-ce1b40bc3aba@group-4A019D1E227B-LeaderElection4
2022-08-24 13:28:50,700 [5e001fdb-1723-4ba3-822b-ce1b40bc3aba@group-4A019D1E227B-LeaderElection4] INFO  impl.LeaderElection (LeaderElection.java:askForVotes(310)) - 5e001fdb-1723-4ba3-822b-ce1b40bc3aba@group-4A019D1E227B-LeaderElection4 ELECTION round 0: submit vote requests at term 1 for -1: [5e001fdb-1723-4ba3-822b-ce1b40bc3aba|rpc:10.1.1.17:46401|priority:1], old=null
2022-08-24 13:28:50,701 [5e001fdb-1723-4ba3-822b-ce1b40bc3aba@group-4A019D1E227B-LeaderElection4] INFO  impl.LeaderElection (LeaderElection.java:askForVotes(312)) - 5e001fdb-1723-4ba3-822b-ce1b40bc3aba@group-4A019D1E227B-LeaderElection4 ELECTION round 0: result PASSED (term=1)
2022-08-24 13:28:50,701 [5e001fdb-1723-4ba3-822b-ce1b40bc3aba@group-4A019D1E227B-LeaderElection4] INFO  impl.RoleInfo (RoleInfo.java:shutdownLeaderElection(130)) - 5e001fdb-1723-4ba3-822b-ce1b40bc3aba: shutdown 5e001fdb-1723-4ba3-822b-ce1b40bc3aba@group-4A019D1E227B-LeaderElection4
2022-08-24 13:28:50,701 [5e001fdb-1723-4ba3-822b-ce1b40bc3aba@group-4A019D1E227B-LeaderElection4] INFO  server.RaftServer$Division (RaftServerImpl.java:setRole(299)) - 5e001fdb-1723-4ba3-822b-ce1b40bc3aba@group-4A019D1E227B: changes role from CANDIDATE to LEADER at term 1 for changeToLeader
2022-08-24 13:28:50,701 [5e001fdb-1723-4ba3-822b-ce1b40bc3aba@group-4A019D1E227B-LeaderElection4] INFO  ratis.XceiverServerRatis (XceiverServerRatis.java:handleLeaderChangedNotification(863)) - Leader change notification received for group: group-4A019D1E227B with new leaderId: 5e001fdb-1723-4ba3-822b-ce1b40bc3aba
2022-08-24 13:28:50,701 [5e001fdb-1723-4ba3-822b-ce1b40bc3aba@group-4A019D1E227B-LeaderElection4] INFO  server.RaftServer$Division (ServerState.java:setLeader(287)) - 5e001fdb-1723-4ba3-822b-ce1b40bc3aba@group-4A019D1E227B: change Leader from null to 5e001fdb-1723-4ba3-822b-ce1b40bc3aba at term 1 for becomeLeader, leader elected after 5076ms
2022-08-24 13:28:50,701 [5e001fdb-1723-4ba3-822b-ce1b40bc3aba@group-4A019D1E227B-LeaderElection4] INFO  server.RaftServerConfigKeys (ConfUtils.java:logGet(46)) - raft.server.staging.catchup.gap = 1000 (default)
2022-08-24 13:28:50,701 [5e001fdb-1723-4ba3-822b-ce1b40bc3aba@group-4A019D1E227B-LeaderElection4] INFO  server.RaftServerConfigKeys (ConfUtils.java:logGet(46)) - raft.server.write.element-limit = 1024 (custom)
2022-08-24 13:28:50,701 [5e001fdb-1723-4ba3-822b-ce1b40bc3aba@group-4A019D1E227B-LeaderElection4] INFO  server.RaftServerConfigKeys (ConfUtils.java:logGet(46)) - raft.server.write.byte-limit = 1024 M (=1073741824) (custom)
2022-08-24 13:28:50,701 [5e001fdb-1723-4ba3-822b-ce1b40bc3aba@group-4A019D1E227B-LeaderElection4] INFO  server.RaftServerConfigKeys (ConfUtils.java:logGet(46)) - raft.server.watch.timeout = 180s (custom)
2022-08-24 13:28:50,701 [5e001fdb-1723-4ba3-822b-ce1b40bc3aba@group-4A019D1E227B-LeaderElection4] INFO  server.RaftServerConfigKeys (ConfUtils.java:logGet(46)) - raft.server.watch.timeout.denomination = 1s (default)
2022-08-24 13:28:50,701 [5e001fdb-1723-4ba3-822b-ce1b40bc3aba@group-4A019D1E227B-LeaderElection4] INFO  server.RaftServerConfigKeys (ConfUtils.java:logGet(46)) - raft.server.watch.element-limit = 65536 (default)
2022-08-24 13:28:50,702 [5e001fdb-1723-4ba3-822b-ce1b40bc3aba@group-4A019D1E227B-LeaderElection4] INFO  server.RaftServerConfigKeys (ConfUtils.java:logGet(46)) - raft.server.write.element-limit = 1024 (custom)
2022-08-24 13:28:50,702 [5e001fdb-1723-4ba3-822b-ce1b40bc3aba@group-4A019D1E227B-LeaderElection4] INFO  server.RaftServerConfigKeys (ConfUtils.java:logGet(46)) - raft.server.write.follower.gap.ratio.max = -1.0 (default)
2022-08-24 13:28:50,703 [5e001fdb-1723-4ba3-822b-ce1b40bc3aba@group-4A019D1E227B-LeaderElection4] INFO  impl.RoleInfo (RoleInfo.java:updateAndGet(139)) - 5e001fdb-1723-4ba3-822b-ce1b40bc3aba: start 5e001fdb-1723-4ba3-822b-ce1b40bc3aba@group-4A019D1E227B-LeaderStateImpl
2022-08-24 13:28:50,703 [5e001fdb-1723-4ba3-822b-ce1b40bc3aba@group-4A019D1E227B-LeaderElection4] INFO  segmented.SegmentedRaftLogWorker (SegmentedRaftLogWorker.java:startLogSegment(425)) - 5e001fdb-1723-4ba3-822b-ce1b40bc3aba@group-4A019D1E227B-SegmentedRaftLogWorker: Starting segment from index:0
2022-08-24 13:28:50,704 [5e001fdb-1723-4ba3-822b-ce1b40bc3aba@group-4A019D1E227B-SegmentedRaftLogWorker] INFO  segmented.SegmentedRaftLogWorker (SegmentedRaftLogWorker.java:execute(629)) - 5e001fdb-1723-4ba3-822b-ce1b40bc3aba@group-4A019D1E227B-SegmentedRaftLogWorker: created new log segment /home/runner/work/ozone/ozone/hadoop-ozone/integration-test/target/test-dir/MiniOzoneClusterImpl-4ec5f5c4-b0ab-4cbf-8465-e18eb8453e4d/datanode-1/data/ratis/bfd85ca4-5b0b-4f36-ab91-4a019d1e227b/current/log_inprogress_0
2022-08-24 13:28:50,704 [5e001fdb-1723-4ba3-822b-ce1b40bc3aba@group-4A019D1E227B-LeaderElection4] INFO  server.RaftServer$Division (ServerState.java:setRaftConf(393)) - 5e001fdb-1723-4ba3-822b-ce1b40bc3aba@group-4A019D1E227B: set configuration 0: [5e001fdb-1723-4ba3-822b-ce1b40bc3aba|rpc:10.1.1.17:46401|dataStream:|priority:1], old=null
2022-08-24 13:28:50,779 [5e001fdb-1723-4ba3-822b-ce1b40bc3aba@group-33CF987F99AC-FollowerState] INFO  impl.FollowerState (FollowerState.java:run(143)) - 5e001fdb-1723-4ba3-822b-ce1b40bc3aba@group-33CF987F99AC-FollowerState: change to CANDIDATE, lastRpcElapsedTime:5108881594ns, electionTimeout:5106ms
2022-08-24 13:28:50,779 [5e001fdb-1723-4ba3-822b-ce1b40bc3aba@group-33CF987F99AC-FollowerState] INFO  impl.RoleInfo (RoleInfo.java:shutdownFollowerState(110)) - 5e001fdb-1723-4ba3-822b-ce1b40bc3aba: shutdown 5e001fdb-1723-4ba3-822b-ce1b40bc3aba@group-33CF987F99AC-FollowerState
2022-08-24 13:28:50,779 [5e001fdb-1723-4ba3-822b-ce1b40bc3aba@group-33CF987F99AC-FollowerState] INFO  server.RaftServer$Division (RaftServerImpl.java:setRole(299)) - 5e001fdb-1723-4ba3-822b-ce1b40bc3aba@group-33CF987F99AC: changes role from  FOLLOWER to CANDIDATE at term 0 for changeToCandidate
2022-08-24 13:28:50,780 [5e001fdb-1723-4ba3-822b-ce1b40bc3aba@group-33CF987F99AC-FollowerState] INFO  server.RaftServerConfigKeys (ConfUtils.java:logGet(46)) - raft.server.leaderelection.pre-vote = false (custom)
2022-08-24 13:28:50,780 [5e001fdb-1723-4ba3-822b-ce1b40bc3aba@group-33CF987F99AC-FollowerState] INFO  impl.RoleInfo (RoleInfo.java:updateAndGet(139)) - 5e001fdb-1723-4ba3-822b-ce1b40bc3aba: start 5e001fdb-1723-4ba3-822b-ce1b40bc3aba@group-33CF987F99AC-LeaderElection5
2022-08-24 13:28:50,782 [5e001fdb-1723-4ba3-822b-ce1b40bc3aba@group-33CF987F99AC-LeaderElection5] INFO  impl.LeaderElection (LeaderElection.java:askForVotes(310)) - 5e001fdb-1723-4ba3-822b-ce1b40bc3aba@group-33CF987F99AC-LeaderElection5 ELECTION round 0: submit vote requests at term 1 for -1: [5e001fdb-1723-4ba3-822b-ce1b40bc3aba|rpc:10.1.1.17:46401|priority:0, 8d791df9-aaf8-422e-b0a9-1bacd12a10c4|rpc:10.1.1.17:38621|priority:1, 92e9f449-3c32-4f52-ab73-c65c98a3a92b|rpc:10.1.1.17:34651|priority:0], old=null
2022-08-24 13:28:50,818 [grpc-default-executor-1] INFO  server.RaftServer$Division (RaftServerImpl.java:requestVote(1152)) - 8d791df9-aaf8-422e-b0a9-1bacd12a10c4@group-33CF987F99AC: receive requestVote(ELECTION, 5e001fdb-1723-4ba3-822b-ce1b40bc3aba, group-33CF987F99AC, 1, (t:0, i:0))
2022-08-24 13:28:50,818 [grpc-default-executor-0] INFO  server.RaftServer$Division (RaftServerImpl.java:requestVote(1152)) - 92e9f449-3c32-4f52-ab73-c65c98a3a92b@group-33CF987F99AC: receive requestVote(ELECTION, 5e001fdb-1723-4ba3-822b-ce1b40bc3aba, group-33CF987F99AC, 1, (t:0, i:0))
2022-08-24 13:28:50,819 [grpc-default-executor-0] INFO  impl.VoteContext (VoteContext.java:log(48)) - 92e9f449-3c32-4f52-ab73-c65c98a3a92b@group-33CF987F99AC-FOLLOWER: accept ELECTION from 5e001fdb-1723-4ba3-822b-ce1b40bc3aba: our priority 0 <= candidate's priority 0
2022-08-24 13:28:50,819 [grpc-default-executor-0] INFO  server.RaftServer$Division (RaftServerImpl.java:setRole(299)) - 92e9f449-3c32-4f52-ab73-c65c98a3a92b@group-33CF987F99AC: changes role from  FOLLOWER to FOLLOWER at term 1 for candidate:5e001fdb-1723-4ba3-822b-ce1b40bc3aba
2022-08-24 13:28:50,819 [grpc-default-executor-0] INFO  impl.RoleInfo (RoleInfo.java:shutdownFollowerState(110)) - 92e9f449-3c32-4f52-ab73-c65c98a3a92b: shutdown 92e9f449-3c32-4f52-ab73-c65c98a3a92b@group-33CF987F99AC-FollowerState
2022-08-24 13:28:50,819 [grpc-default-executor-0] INFO  impl.RoleInfo (RoleInfo.java:updateAndGet(139)) - 92e9f449-3c32-4f52-ab73-c65c98a3a92b: start 92e9f449-3c32-4f52-ab73-c65c98a3a92b@group-33CF987F99AC-FollowerState
2022-08-24 13:28:50,819 [92e9f449-3c32-4f52-ab73-c65c98a3a92b@group-33CF987F99AC-FollowerState] INFO  impl.FollowerState (FollowerState.java:run(152)) - 92e9f449-3c32-4f52-ab73-c65c98a3a92b@group-33CF987F99AC-FollowerState was interrupted
2022-08-24 13:28:50,818 [grpc-default-executor-1] INFO  impl.VoteContext (VoteContext.java:log(48)) - 8d791df9-aaf8-422e-b0a9-1bacd12a10c4@group-33CF987F99AC-FOLLOWER: reject ELECTION from 5e001fdb-1723-4ba3-822b-ce1b40bc3aba: our priority 1 > candidate's priority 0
2022-08-24 13:28:50,819 [grpc-default-executor-1] INFO  server.RaftServer$Division (RaftServerImpl.java:setRole(299)) - 8d791df9-aaf8-422e-b0a9-1bacd12a10c4@group-33CF987F99AC: changes role from  FOLLOWER to FOLLOWER at term 1 for candidate:5e001fdb-1723-4ba3-822b-ce1b40bc3aba
2022-08-24 13:28:50,819 [grpc-default-executor-1] INFO  impl.RoleInfo (RoleInfo.java:shutdownFollowerState(110)) - 8d791df9-aaf8-422e-b0a9-1bacd12a10c4: shutdown 8d791df9-aaf8-422e-b0a9-1bacd12a10c4@group-33CF987F99AC-FollowerState
2022-08-24 13:28:50,824 [grpc-default-executor-1] INFO  impl.RoleInfo (RoleInfo.java:updateAndGet(139)) - 8d791df9-aaf8-422e-b0a9-1bacd12a10c4: start 8d791df9-aaf8-422e-b0a9-1bacd12a10c4@group-33CF987F99AC-FollowerState
2022-08-24 13:28:50,824 [grpc-default-executor-0] INFO  server.RaftServer$Division (RaftServerImpl.java:requestVote(1184)) - 92e9f449-3c32-4f52-ab73-c65c98a3a92b@group-33CF987F99AC replies to ELECTION vote request: 5e001fdb-1723-4ba3-822b-ce1b40bc3aba<-92e9f449-3c32-4f52-ab73-c65c98a3a92b#0:OK-t1. Peer's state: 92e9f449-3c32-4f52-ab73-c65c98a3a92b@group-33CF987F99AC:t1, leader=null, voted=5e001fdb-1723-4ba3-822b-ce1b40bc3aba, raftlog=92e9f449-3c32-4f52-ab73-c65c98a3a92b@group-33CF987F99AC-SegmentedRaftLog:OPENED:c-1, conf=-1: [5e001fdb-1723-4ba3-822b-ce1b40bc3aba|rpc:10.1.1.17:46401|dataStream:|priority:0, 8d791df9-aaf8-422e-b0a9-1bacd12a10c4|rpc:10.1.1.17:38621|dataStream:|priority:1, 92e9f449-3c32-4f52-ab73-c65c98a3a92b|rpc:10.1.1.17:34651|dataStream:|priority:0], old=null
2022-08-24 13:28:50,825 [grpc-default-executor-1] INFO  server.RaftServer$Division (RaftServerImpl.java:requestVote(1184)) - 8d791df9-aaf8-422e-b0a9-1bacd12a10c4@group-33CF987F99AC replies to ELECTION vote request: 5e001fdb-1723-4ba3-822b-ce1b40bc3aba<-8d791df9-aaf8-422e-b0a9-1bacd12a10c4#0:FAIL-t1. Peer's state: 8d791df9-aaf8-422e-b0a9-1bacd12a10c4@group-33CF987F99AC:t1, leader=null, voted=null, raftlog=8d791df9-aaf8-422e-b0a9-1bacd12a10c4@group-33CF987F99AC-SegmentedRaftLog:OPENED:c-1, conf=-1: [5e001fdb-1723-4ba3-822b-ce1b40bc3aba|rpc:10.1.1.17:46401|dataStream:|priority:0, 8d791df9-aaf8-422e-b0a9-1bacd12a10c4|rpc:10.1.1.17:38621|dataStream:|priority:1, 92e9f449-3c32-4f52-ab73-c65c98a3a92b|rpc:10.1.1.17:34651|dataStream:|priority:0], old=null
2022-08-24 13:28:50,826 [8d791df9-aaf8-422e-b0a9-1bacd12a10c4@group-33CF987F99AC-FollowerState] INFO  impl.FollowerState (FollowerState.java:shouldRun(117)) - 8d791df9-aaf8-422e-b0a9-1bacd12a10c4@group-33CF987F99AC-FollowerState: Stopping now (isRunning? false, role = FOLLOWER)
2022-08-24 13:28:50,829 [5e001fdb-1723-4ba3-822b-ce1b40bc3aba@group-33CF987F99AC-LeaderElection5] INFO  impl.LeaderElection (LeaderElection.java:logAndReturn(90)) - 5e001fdb-1723-4ba3-822b-ce1b40bc3aba@group-33CF987F99AC-LeaderElection5: ELECTION REJECTED received 2 response(s) and 0 exception(s):
2022-08-24 13:28:50,830 [5e001fdb-1723-4ba3-822b-ce1b40bc3aba@group-33CF987F99AC-LeaderElection5] INFO  impl.LeaderElection (LeaderElection.java:logAndReturn(94)) -   Response 0: 5e001fdb-1723-4ba3-822b-ce1b40bc3aba<-8d791df9-aaf8-422e-b0a9-1bacd12a10c4#0:FAIL-t1
2022-08-24 13:28:50,830 [5e001fdb-1723-4ba3-822b-ce1b40bc3aba@group-33CF987F99AC-LeaderElection5] INFO  impl.LeaderElection (LeaderElection.java:logAndReturn(94)) -   Response 1: 5e001fdb-1723-4ba3-822b-ce1b40bc3aba<-92e9f449-3c32-4f52-ab73-c65c98a3a92b#0:OK-t1
2022-08-24 13:28:50,830 [5e001fdb-1723-4ba3-822b-ce1b40bc3aba@group-33CF987F99AC-LeaderElection5] INFO  impl.LeaderElection (LeaderElection.java:askForVotes(312)) - 5e001fdb-1723-4ba3-822b-ce1b40bc3aba@group-33CF987F99AC-LeaderElection5 ELECTION round 0: result REJECTED
2022-08-24 13:28:50,830 [5e001fdb-1723-4ba3-822b-ce1b40bc3aba@group-33CF987F99AC-LeaderElection5] INFO  server.RaftServer$Division (RaftServerImpl.java:setRole(299)) - 5e001fdb-1723-4ba3-822b-ce1b40bc3aba@group-33CF987F99AC: changes role from CANDIDATE to FOLLOWER at term 1 for REJECTED
2022-08-24 13:28:50,831 [5e001fdb-1723-4ba3-822b-ce1b40bc3aba@group-33CF987F99AC-LeaderElection5] INFO  impl.RoleInfo (RoleInfo.java:shutdownLeaderElection(130)) - 5e001fdb-1723-4ba3-822b-ce1b40bc3aba: shutdown 5e001fdb-1723-4ba3-822b-ce1b40bc3aba@group-33CF987F99AC-LeaderElection5
2022-08-24 13:28:50,831 [5e001fdb-1723-4ba3-822b-ce1b40bc3aba@group-33CF987F99AC-LeaderElection5] INFO  impl.RoleInfo (RoleInfo.java:updateAndGet(139)) - 5e001fdb-1723-4ba3-822b-ce1b40bc3aba: start 5e001fdb-1723-4ba3-822b-ce1b40bc3aba@group-33CF987F99AC-FollowerState
2022-08-24 13:28:51,006 [8d791df9-aaf8-422e-b0a9-1bacd12a10c4@group-B50EB0DFCC6D-FollowerState] INFO  impl.FollowerState (FollowerState.java:run(143)) - 8d791df9-aaf8-422e-b0a9-1bacd12a10c4@group-B50EB0DFCC6D-FollowerState: change to CANDIDATE, lastRpcElapsedTime:5070752012ns, electionTimeout:5070ms
2022-08-24 13:28:51,006 [8d791df9-aaf8-422e-b0a9-1bacd12a10c4@group-B50EB0DFCC6D-FollowerState] INFO  impl.RoleInfo (RoleInfo.java:shutdownFollowerState(110)) - 8d791df9-aaf8-422e-b0a9-1bacd12a10c4: shutdown 8d791df9-aaf8-422e-b0a9-1bacd12a10c4@group-B50EB0DFCC6D-FollowerState
2022-08-24 13:28:51,006 [8d791df9-aaf8-422e-b0a9-1bacd12a10c4@group-B50EB0DFCC6D-FollowerState] INFO  server.RaftServer$Division (RaftServerImpl.java:setRole(299)) - 8d791df9-aaf8-422e-b0a9-1bacd12a10c4@group-B50EB0DFCC6D: changes role from  FOLLOWER to CANDIDATE at term 0 for changeToCandidate
2022-08-24 13:28:51,006 [8d791df9-aaf8-422e-b0a9-1bacd12a10c4@group-B50EB0DFCC6D-FollowerState] INFO  server.RaftServerConfigKeys (ConfUtils.java:logGet(46)) - raft.server.leaderelection.pre-vote = false (custom)
2022-08-24 13:28:51,006 [8d791df9-aaf8-422e-b0a9-1bacd12a10c4@group-B50EB0DFCC6D-FollowerState] INFO  impl.RoleInfo (RoleInfo.java:updateAndGet(139)) - 8d791df9-aaf8-422e-b0a9-1bacd12a10c4: start 8d791df9-aaf8-422e-b0a9-1bacd12a10c4@group-B50EB0DFCC6D-LeaderElection6
2022-08-24 13:28:51,009 [8d791df9-aaf8-422e-b0a9-1bacd12a10c4@group-B50EB0DFCC6D-LeaderElection6] INFO  impl.LeaderElection (LeaderElection.java:askForVotes(310)) - 8d791df9-aaf8-422e-b0a9-1bacd12a10c4@group-B50EB0DFCC6D-LeaderElection6 ELECTION round 0: submit vote requests at term 1 for -1: [8d791df9-aaf8-422e-b0a9-1bacd12a10c4|rpc:10.1.1.17:38621|priority:1], old=null
2022-08-24 13:28:51,010 [8d791df9-aaf8-422e-b0a9-1bacd12a10c4@group-B50EB0DFCC6D-LeaderElection6] INFO  impl.LeaderElection (LeaderElection.java:askForVotes(312)) - 8d791df9-aaf8-422e-b0a9-1bacd12a10c4@group-B50EB0DFCC6D-LeaderElection6 ELECTION round 0: result PASSED (term=1)
2022-08-24 13:28:51,010 [8d791df9-aaf8-422e-b0a9-1bacd12a10c4@group-B50EB0DFCC6D-LeaderElection6] INFO  impl.RoleInfo (RoleInfo.java:shutdownLeaderElection(130)) - 8d791df9-aaf8-422e-b0a9-1bacd12a10c4: shutdown 8d791df9-aaf8-422e-b0a9-1bacd12a10c4@group-B50EB0DFCC6D-LeaderElection6
2022-08-24 13:28:51,010 [8d791df9-aaf8-422e-b0a9-1bacd12a10c4@group-B50EB0DFCC6D-LeaderElection6] INFO  server.RaftServer$Division (RaftServerImpl.java:setRole(299)) - 8d791df9-aaf8-422e-b0a9-1bacd12a10c4@group-B50EB0DFCC6D: changes role from CANDIDATE to LEADER at term 1 for changeToLeader
2022-08-24 13:28:51,010 [8d791df9-aaf8-422e-b0a9-1bacd12a10c4@group-B50EB0DFCC6D-LeaderElection6] INFO  ratis.XceiverServerRatis (XceiverServerRatis.java:handleLeaderChangedNotification(863)) - Leader change notification received for group: group-B50EB0DFCC6D with new leaderId: 8d791df9-aaf8-422e-b0a9-1bacd12a10c4
2022-08-24 13:28:51,010 [8d791df9-aaf8-422e-b0a9-1bacd12a10c4@group-B50EB0DFCC6D-LeaderElection6] INFO  server.RaftServer$Division (ServerState.java:setLeader(287)) - 8d791df9-aaf8-422e-b0a9-1bacd12a10c4@group-B50EB0DFCC6D: change Leader from null to 8d791df9-aaf8-422e-b0a9-1bacd12a10c4 at term 1 for becomeLeader, leader elected after 5083ms
2022-08-24 13:28:51,010 [8d791df9-aaf8-422e-b0a9-1bacd12a10c4@group-B50EB0DFCC6D-LeaderElection6] INFO  server.RaftServerConfigKeys (ConfUtils.java:logGet(46)) - raft.server.staging.catchup.gap = 1000 (default)
2022-08-24 13:28:51,010 [8d791df9-aaf8-422e-b0a9-1bacd12a10c4@group-B50EB0DFCC6D-LeaderElection6] INFO  server.RaftServerConfigKeys (ConfUtils.java:logGet(46)) - raft.server.write.element-limit = 1024 (custom)
2022-08-24 13:28:51,010 [8d791df9-aaf8-422e-b0a9-1bacd12a10c4@group-B50EB0DFCC6D-LeaderElection6] INFO  server.RaftServerConfigKeys (ConfUtils.java:logGet(46)) - raft.server.write.byte-limit = 1024 M (=1073741824) (custom)
2022-08-24 13:28:51,010 [8d791df9-aaf8-422e-b0a9-1bacd12a10c4@group-B50EB0DFCC6D-LeaderElection6] INFO  server.RaftServerConfigKeys (ConfUtils.java:logGet(46)) - raft.server.watch.timeout = 180s (custom)
2022-08-24 13:28:51,010 [8d791df9-aaf8-422e-b0a9-1bacd12a10c4@group-B50EB0DFCC6D-LeaderElection6] INFO  server.RaftServerConfigKeys (ConfUtils.java:logGet(46)) - raft.server.watch.timeout.denomination = 1s (default)
2022-08-24 13:28:51,011 [8d791df9-aaf8-422e-b0a9-1bacd12a10c4@group-B50EB0DFCC6D-LeaderElection6] INFO  server.RaftServerConfigKeys (ConfUtils.java:logGet(46)) - raft.server.watch.element-limit = 65536 (default)
2022-08-24 13:28:51,011 [8d791df9-aaf8-422e-b0a9-1bacd12a10c4@group-B50EB0DFCC6D-LeaderElection6] INFO  server.RaftServerConfigKeys (ConfUtils.java:logGet(46)) - raft.server.write.element-limit = 1024 (custom)
2022-08-24 13:28:51,012 [8d791df9-aaf8-422e-b0a9-1bacd12a10c4@group-B50EB0DFCC6D-LeaderElection6] INFO  server.RaftServerConfigKeys (ConfUtils.java:logGet(46)) - raft.server.write.follower.gap.ratio.max = -1.0 (default)
2022-08-24 13:28:51,012 [8d791df9-aaf8-422e-b0a9-1bacd12a10c4@group-B50EB0DFCC6D-LeaderElection6] INFO  impl.RoleInfo (RoleInfo.java:updateAndGet(139)) - 8d791df9-aaf8-422e-b0a9-1bacd12a10c4: start 8d791df9-aaf8-422e-b0a9-1bacd12a10c4@group-B50EB0DFCC6D-LeaderStateImpl
2022-08-24 13:28:51,012 [8d791df9-aaf8-422e-b0a9-1bacd12a10c4@group-B50EB0DFCC6D-LeaderElection6] INFO  segmented.SegmentedRaftLogWorker (SegmentedRaftLogWorker.java:startLogSegment(425)) - 8d791df9-aaf8-422e-b0a9-1bacd12a10c4@group-B50EB0DFCC6D-SegmentedRaftLogWorker: Starting segment from index:0
2022-08-24 13:28:51,013 [8d791df9-aaf8-422e-b0a9-1bacd12a10c4@group-B50EB0DFCC6D-SegmentedRaftLogWorker] INFO  segmented.SegmentedRaftLogWorker (SegmentedRaftLogWorker.java:execute(629)) - 8d791df9-aaf8-422e-b0a9-1bacd12a10c4@group-B50EB0DFCC6D-SegmentedRaftLogWorker: created new log segment /home/runner/work/ozone/ozone/hadoop-ozone/integration-test/target/test-dir/MiniOzoneClusterImpl-4ec5f5c4-b0ab-4cbf-8465-e18eb8453e4d/datanode-2/data/ratis/237ac0df-7f17-42b4-bc9c-b50eb0dfcc6d/current/log_inprogress_0
2022-08-24 13:28:51,013 [8d791df9-aaf8-422e-b0a9-1bacd12a10c4@group-B50EB0DFCC6D-LeaderElection6] INFO  server.RaftServer$Division (ServerState.java:setRaftConf(393)) - 8d791df9-aaf8-422e-b0a9-1bacd12a10c4@group-B50EB0DFCC6D: set configuration 0: [8d791df9-aaf8-422e-b0a9-1bacd12a10c4|rpc:10.1.1.17:38621|dataStream:|priority:1], old=null
2022-08-24 13:28:51,198 [Listener at 127.0.0.1/38251] INFO  ozone.MiniOzoneClusterImpl (MiniOzoneClusterImpl.java:lambda$waitForClusterToBeReady$0(216)) - Nodes are ready. Got 7 of 7 DN Heartbeats.
2022-08-24 13:28:51,199 [Listener at 127.0.0.1/38251] INFO  ozone.MiniOzoneClusterImpl (MiniOzoneClusterImpl.java:lambda$waitForClusterToBeReady$0(219)) - Cluster exits safe mode
2022-08-24 13:28:51,199 [Listener at 127.0.0.1/38251] INFO  ozone.MiniOzoneClusterImpl (MiniOzoneClusterImpl.java:lambda$waitForClusterToBeReady$0(221)) - SCM became leader
2022-08-24 13:28:51,340 [747b57e3-dfca-466a-9b58-285106b88173@group-DC6E0654DE60-FollowerState] INFO  impl.FollowerState (FollowerState.java:run(143)) - 747b57e3-dfca-466a-9b58-285106b88173@group-DC6E0654DE60-FollowerState: change to CANDIDATE, lastRpcElapsedTime:5071523428ns, electionTimeout:5069ms
2022-08-24 13:28:51,340 [747b57e3-dfca-466a-9b58-285106b88173@group-DC6E0654DE60-FollowerState] INFO  impl.RoleInfo (RoleInfo.java:shutdownFollowerState(110)) - 747b57e3-dfca-466a-9b58-285106b88173: shutdown 747b57e3-dfca-466a-9b58-285106b88173@group-DC6E0654DE60-FollowerState
2022-08-24 13:28:51,340 [747b57e3-dfca-466a-9b58-285106b88173@group-DC6E0654DE60-FollowerState] INFO  server.RaftServer$Division (RaftServerImpl.java:setRole(299)) - 747b57e3-dfca-466a-9b58-285106b88173@group-DC6E0654DE60: changes role from  FOLLOWER to CANDIDATE at term 0 for changeToCandidate
2022-08-24 13:28:51,340 [747b57e3-dfca-466a-9b58-285106b88173@group-DC6E0654DE60-FollowerState] INFO  server.RaftServerConfigKeys (ConfUtils.java:logGet(46)) - raft.server.leaderelection.pre-vote = false (custom)
2022-08-24 13:28:51,340 [747b57e3-dfca-466a-9b58-285106b88173@group-DC6E0654DE60-FollowerState] INFO  impl.RoleInfo (RoleInfo.java:updateAndGet(139)) - 747b57e3-dfca-466a-9b58-285106b88173: start 747b57e3-dfca-466a-9b58-285106b88173@group-DC6E0654DE60-LeaderElection7
2022-08-24 13:28:51,351 [6df90b5a-2255-4e76-9861-62a750936b37@group-D5CE6504EA78-FollowerState] INFO  impl.FollowerState (FollowerState.java:run(143)) - 6df90b5a-2255-4e76-9861-62a750936b37@group-D5CE6504EA78-FollowerState: change to CANDIDATE, lastRpcElapsedTime:5026179254ns, electionTimeout:5024ms
2022-08-24 13:28:51,351 [6df90b5a-2255-4e76-9861-62a750936b37@group-D5CE6504EA78-FollowerState] INFO  impl.RoleInfo (RoleInfo.java:shutdownFollowerState(110)) - 6df90b5a-2255-4e76-9861-62a750936b37: shutdown 6df90b5a-2255-4e76-9861-62a750936b37@group-D5CE6504EA78-FollowerState
2022-08-24 13:28:51,351 [6df90b5a-2255-4e76-9861-62a750936b37@group-D5CE6504EA78-FollowerState] INFO  server.RaftServer$Division (RaftServerImpl.java:setRole(299)) - 6df90b5a-2255-4e76-9861-62a750936b37@group-D5CE6504EA78: changes role from  FOLLOWER to CANDIDATE at term 0 for changeToCandidate
2022-08-24 13:28:51,351 [6df90b5a-2255-4e76-9861-62a750936b37@group-D5CE6504EA78-FollowerState] INFO  server.RaftServerConfigKeys (ConfUtils.java:logGet(46)) - raft.server.leaderelection.pre-vote = false (custom)
2022-08-24 13:28:51,351 [6df90b5a-2255-4e76-9861-62a750936b37@group-D5CE6504EA78-FollowerState] INFO  impl.RoleInfo (RoleInfo.java:updateAndGet(139)) - 6df90b5a-2255-4e76-9861-62a750936b37: start 6df90b5a-2255-4e76-9861-62a750936b37@group-D5CE6504EA78-LeaderElection8
2022-08-24 13:28:51,360 [747b57e3-dfca-466a-9b58-285106b88173@group-DC6E0654DE60-LeaderElection7] INFO  impl.LeaderElection (LeaderElection.java:askForVotes(310)) - 747b57e3-dfca-466a-9b58-285106b88173@group-DC6E0654DE60-LeaderElection7 ELECTION round 0: submit vote requests at term 1 for -1: [747b57e3-dfca-466a-9b58-285106b88173|rpc:10.1.1.17:44797|priority:1], old=null
2022-08-24 13:28:51,360 [747b57e3-dfca-466a-9b58-285106b88173@group-DC6E0654DE60-LeaderElection7] INFO  impl.LeaderElection (LeaderElection.java:askForVotes(312)) - 747b57e3-dfca-466a-9b58-285106b88173@group-DC6E0654DE60-LeaderElection7 ELECTION round 0: result PASSED (term=1)
2022-08-24 13:28:51,360 [747b57e3-dfca-466a-9b58-285106b88173@group-DC6E0654DE60-LeaderElection7] INFO  impl.RoleInfo (RoleInfo.java:shutdownLeaderElection(130)) - 747b57e3-dfca-466a-9b58-285106b88173: shutdown 747b57e3-dfca-466a-9b58-285106b88173@group-DC6E0654DE60-LeaderElection7
2022-08-24 13:28:51,360 [747b57e3-dfca-466a-9b58-285106b88173@group-DC6E0654DE60-LeaderElection7] INFO  server.RaftServer$Division (RaftServerImpl.java:setRole(299)) - 747b57e3-dfca-466a-9b58-285106b88173@group-DC6E0654DE60: changes role from CANDIDATE to LEADER at term 1 for changeToLeader
2022-08-24 13:28:51,360 [747b57e3-dfca-466a-9b58-285106b88173@group-DC6E0654DE60-LeaderElection7] INFO  ratis.XceiverServerRatis (XceiverServerRatis.java:handleLeaderChangedNotification(863)) - Leader change notification received for group: group-DC6E0654DE60 with new leaderId: 747b57e3-dfca-466a-9b58-285106b88173
2022-08-24 13:28:51,360 [747b57e3-dfca-466a-9b58-285106b88173@group-DC6E0654DE60-LeaderElection7] INFO  server.RaftServer$Division (ServerState.java:setLeader(287)) - 747b57e3-dfca-466a-9b58-285106b88173@group-DC6E0654DE60: change Leader from null to 747b57e3-dfca-466a-9b58-285106b88173 at term 1 for becomeLeader, leader elected after 5100ms
2022-08-24 13:28:51,360 [747b57e3-dfca-466a-9b58-285106b88173@group-DC6E0654DE60-LeaderElection7] INFO  server.RaftServerConfigKeys (ConfUtils.java:logGet(46)) - raft.server.staging.catchup.gap = 1000 (default)
2022-08-24 13:28:51,361 [747b57e3-dfca-466a-9b58-285106b88173@group-DC6E0654DE60-LeaderElection7] INFO  server.RaftServerConfigKeys (ConfUtils.java:logGet(46)) - raft.server.write.element-limit = 1024 (custom)
2022-08-24 13:28:51,361 [747b57e3-dfca-466a-9b58-285106b88173@group-DC6E0654DE60-LeaderElection7] INFO  server.RaftServerConfigKeys (ConfUtils.java:logGet(46)) - raft.server.write.byte-limit = 1024 M (=1073741824) (custom)
2022-08-24 13:28:51,361 [747b57e3-dfca-466a-9b58-285106b88173@group-DC6E0654DE60-LeaderElection7] INFO  server.RaftServerConfigKeys (ConfUtils.java:logGet(46)) - raft.server.watch.timeout = 180s (custom)
2022-08-24 13:28:51,361 [747b57e3-dfca-466a-9b58-285106b88173@group-DC6E0654DE60-LeaderElection7] INFO  server.RaftServerConfigKeys (ConfUtils.java:logGet(46)) - raft.server.watch.timeout.denomination = 1s (default)
2022-08-24 13:28:51,361 [747b57e3-dfca-466a-9b58-285106b88173@group-DC6E0654DE60-LeaderElection7] INFO  server.RaftServerConfigKeys (ConfUtils.java:logGet(46)) - raft.server.watch.element-limit = 65536 (default)
2022-08-24 13:28:51,361 [747b57e3-dfca-466a-9b58-285106b88173@group-DC6E0654DE60-LeaderElection7] INFO  server.RaftServerConfigKeys (ConfUtils.java:logGet(46)) - raft.server.write.element-limit = 1024 (custom)
2022-08-24 13:28:51,361 [747b57e3-dfca-466a-9b58-285106b88173@group-DC6E0654DE60-LeaderElection7] INFO  server.RaftServerConfigKeys (ConfUtils.java:logGet(46)) - raft.server.write.follower.gap.ratio.max = -1.0 (default)
2022-08-24 13:28:51,361 [747b57e3-dfca-466a-9b58-285106b88173@group-DC6E0654DE60-LeaderElection7] INFO  impl.RoleInfo (RoleInfo.java:updateAndGet(139)) - 747b57e3-dfca-466a-9b58-285106b88173: start 747b57e3-dfca-466a-9b58-285106b88173@group-DC6E0654DE60-LeaderStateImpl
2022-08-24 13:28:51,361 [747b57e3-dfca-466a-9b58-285106b88173@group-DC6E0654DE60-LeaderElection7] INFO  segmented.SegmentedRaftLogWorker (SegmentedRaftLogWorker.java:startLogSegment(425)) - 747b57e3-dfca-466a-9b58-285106b88173@group-DC6E0654DE60-SegmentedRaftLogWorker: Starting segment from index:0
2022-08-24 13:28:51,365 [747b57e3-dfca-466a-9b58-285106b88173@group-DC6E0654DE60-SegmentedRaftLogWorker] INFO  segmented.SegmentedRaftLogWorker (SegmentedRaftLogWorker.java:execute(629)) - 747b57e3-dfca-466a-9b58-285106b88173@group-DC6E0654DE60-SegmentedRaftLogWorker: created new log segment /home/runner/work/ozone/ozone/hadoop-ozone/integration-test/target/test-dir/MiniOzoneClusterImpl-4ec5f5c4-b0ab-4cbf-8465-e18eb8453e4d/datanode-3/data/ratis/6c1877d8-f4ac-497e-9d6c-dc6e0654de60/current/log_inprogress_0
2022-08-24 13:28:51,371 [747b57e3-dfca-466a-9b58-285106b88173@group-DC6E0654DE60-LeaderElection7] INFO  server.RaftServer$Division (ServerState.java:setRaftConf(393)) - 747b57e3-dfca-466a-9b58-285106b88173@group-DC6E0654DE60: set configuration 0: [747b57e3-dfca-466a-9b58-285106b88173|rpc:10.1.1.17:44797|dataStream:|priority:1], old=null
2022-08-24 13:28:51,375 [6df90b5a-2255-4e76-9861-62a750936b37@group-D5CE6504EA78-LeaderElection8] INFO  impl.LeaderElection (LeaderElection.java:askForVotes(310)) - 6df90b5a-2255-4e76-9861-62a750936b37@group-D5CE6504EA78-LeaderElection8 ELECTION round 0: submit vote requests at term 1 for -1: [6df90b5a-2255-4e76-9861-62a750936b37|rpc:10.1.1.17:39203|dataStream:|priority:1, 747b57e3-dfca-466a-9b58-285106b88173|rpc:10.1.1.17:44797|dataStream:|priority:0, a03cde11-8254-451f-9ee8-6e5d62d0f896|rpc:10.1.1.17:39543|dataStream:|priority:0], old=null
2022-08-24 13:28:51,392 [grpc-default-executor-1] INFO  server.RaftServer$Division (RaftServerImpl.java:requestVote(1152)) - a03cde11-8254-451f-9ee8-6e5d62d0f896@group-D5CE6504EA78: receive requestVote(ELECTION, 6df90b5a-2255-4e76-9861-62a750936b37, group-D5CE6504EA78, 1, (t:0, i:0))
2022-08-24 13:28:51,392 [grpc-default-executor-1] INFO  impl.VoteContext (VoteContext.java:log(48)) - a03cde11-8254-451f-9ee8-6e5d62d0f896@group-D5CE6504EA78-FOLLOWER: accept ELECTION from 6df90b5a-2255-4e76-9861-62a750936b37: our priority 0 <= candidate's priority 1
2022-08-24 13:28:51,392 [grpc-default-executor-1] INFO  server.RaftServer$Division (RaftServerImpl.java:setRole(299)) - a03cde11-8254-451f-9ee8-6e5d62d0f896@group-D5CE6504EA78: changes role from  FOLLOWER to FOLLOWER at term 1 for candidate:6df90b5a-2255-4e76-9861-62a750936b37
2022-08-24 13:28:51,392 [grpc-default-executor-1] INFO  impl.RoleInfo (RoleInfo.java:shutdownFollowerState(110)) - a03cde11-8254-451f-9ee8-6e5d62d0f896: shutdown a03cde11-8254-451f-9ee8-6e5d62d0f896@group-D5CE6504EA78-FollowerState
2022-08-24 13:28:51,392 [grpc-default-executor-1] INFO  impl.RoleInfo (RoleInfo.java:updateAndGet(139)) - a03cde11-8254-451f-9ee8-6e5d62d0f896: start a03cde11-8254-451f-9ee8-6e5d62d0f896@group-D5CE6504EA78-FollowerState
2022-08-24 13:28:51,392 [a03cde11-8254-451f-9ee8-6e5d62d0f896@group-D5CE6504EA78-FollowerState] INFO  impl.FollowerState (FollowerState.java:run(152)) - a03cde11-8254-451f-9ee8-6e5d62d0f896@group-D5CE6504EA78-FollowerState was interrupted
2022-08-24 13:28:51,401 [grpc-default-executor-1] INFO  server.RaftServer$Division (RaftServerImpl.java:requestVote(1184)) - a03cde11-8254-451f-9ee8-6e5d62d0f896@group-D5CE6504EA78 replies to ELECTION vote request: 6df90b5a-2255-4e76-9861-62a750936b37<-a03cde11-8254-451f-9ee8-6e5d62d0f896#0:OK-t1. Peer's state: a03cde11-8254-451f-9ee8-6e5d62d0f896@group-D5CE6504EA78:t1, leader=null, voted=6df90b5a-2255-4e76-9861-62a750936b37, raftlog=a03cde11-8254-451f-9ee8-6e5d62d0f896@group-D5CE6504EA78-SegmentedRaftLog:OPENED:c-1, conf=-1: [6df90b5a-2255-4e76-9861-62a750936b37|rpc:10.1.1.17:39203|dataStream:|priority:1, 747b57e3-dfca-466a-9b58-285106b88173|rpc:10.1.1.17:44797|dataStream:|priority:0, a03cde11-8254-451f-9ee8-6e5d62d0f896|rpc:10.1.1.17:39543|dataStream:|priority:0], old=null
2022-08-24 13:28:51,407 [grpc-default-executor-0] INFO  server.RaftServer$Division (RaftServerImpl.java:requestVote(1152)) - 747b57e3-dfca-466a-9b58-285106b88173@group-D5CE6504EA78: receive requestVote(ELECTION, 6df90b5a-2255-4e76-9861-62a750936b37, group-D5CE6504EA78, 1, (t:0, i:0))
2022-08-24 13:28:51,408 [grpc-default-executor-0] INFO  impl.VoteContext (VoteContext.java:log(48)) - 747b57e3-dfca-466a-9b58-285106b88173@group-D5CE6504EA78-FOLLOWER: accept ELECTION from 6df90b5a-2255-4e76-9861-62a750936b37: our priority 0 <= candidate's priority 1
2022-08-24 13:28:51,408 [grpc-default-executor-0] INFO  server.RaftServer$Division (RaftServerImpl.java:setRole(299)) - 747b57e3-dfca-466a-9b58-285106b88173@group-D5CE6504EA78: changes role from  FOLLOWER to FOLLOWER at term 1 for candidate:6df90b5a-2255-4e76-9861-62a750936b37
2022-08-24 13:28:51,408 [grpc-default-executor-0] INFO  impl.RoleInfo (RoleInfo.java:shutdownFollowerState(110)) - 747b57e3-dfca-466a-9b58-285106b88173: shutdown 747b57e3-dfca-466a-9b58-285106b88173@group-D5CE6504EA78-FollowerState
2022-08-24 13:28:51,408 [grpc-default-executor-0] INFO  impl.RoleInfo (RoleInfo.java:updateAndGet(139)) - 747b57e3-dfca-466a-9b58-285106b88173: start 747b57e3-dfca-466a-9b58-285106b88173@group-D5CE6504EA78-FollowerState
2022-08-24 13:28:51,408 [747b57e3-dfca-466a-9b58-285106b88173@group-D5CE6504EA78-FollowerState] INFO  impl.FollowerState (FollowerState.java:run(152)) - 747b57e3-dfca-466a-9b58-285106b88173@group-D5CE6504EA78-FollowerState was interrupted
2022-08-24 13:28:51,413 [grpc-default-executor-0] INFO  server.RaftServer$Division (RaftServerImpl.java:requestVote(1184)) - 747b57e3-dfca-466a-9b58-285106b88173@group-D5CE6504EA78 replies to ELECTION vote request: 6df90b5a-2255-4e76-9861-62a750936b37<-747b57e3-dfca-466a-9b58-285106b88173#0:OK-t1. Peer's state: 747b57e3-dfca-466a-9b58-285106b88173@group-D5CE6504EA78:t1, leader=null, voted=6df90b5a-2255-4e76-9861-62a750936b37, raftlog=747b57e3-dfca-466a-9b58-285106b88173@group-D5CE6504EA78-SegmentedRaftLog:OPENED:c-1, conf=-1: [6df90b5a-2255-4e76-9861-62a750936b37|rpc:10.1.1.17:39203|priority:1, 747b57e3-dfca-466a-9b58-285106b88173|rpc:10.1.1.17:44797|priority:0, a03cde11-8254-451f-9ee8-6e5d62d0f896|rpc:10.1.1.17:39543|priority:0], old=null
2022-08-24 13:28:51,414 [6df90b5a-2255-4e76-9861-62a750936b37@group-D5CE6504EA78-LeaderElection8] INFO  impl.LeaderElection (LeaderElection.java:logAndReturn(90)) - 6df90b5a-2255-4e76-9861-62a750936b37@group-D5CE6504EA78-LeaderElection8: ELECTION PASSED received 1 response(s) and 0 exception(s):
2022-08-24 13:28:51,414 [6df90b5a-2255-4e76-9861-62a750936b37@group-D5CE6504EA78-LeaderElection8] INFO  impl.LeaderElection (LeaderElection.java:logAndReturn(94)) -   Response 0: 6df90b5a-2255-4e76-9861-62a750936b37<-a03cde11-8254-451f-9ee8-6e5d62d0f896#0:OK-t1
2022-08-24 13:28:51,414 [6df90b5a-2255-4e76-9861-62a750936b37@group-D5CE6504EA78-LeaderElection8] INFO  impl.LeaderElection (LeaderElection.java:askForVotes(312)) - 6df90b5a-2255-4e76-9861-62a750936b37@group-D5CE6504EA78-LeaderElection8 ELECTION round 0: result PASSED
2022-08-24 13:28:51,414 [6df90b5a-2255-4e76-9861-62a750936b37@group-D5CE6504EA78-LeaderElection8] INFO  impl.RoleInfo (RoleInfo.java:shutdownLeaderElection(130)) - 6df90b5a-2255-4e76-9861-62a750936b37: shutdown 6df90b5a-2255-4e76-9861-62a750936b37@group-D5CE6504EA78-LeaderElection8
2022-08-24 13:28:51,414 [6df90b5a-2255-4e76-9861-62a750936b37@group-D5CE6504EA78-LeaderElection8] INFO  server.RaftServer$Division (RaftServerImpl.java:setRole(299)) - 6df90b5a-2255-4e76-9861-62a750936b37@group-D5CE6504EA78: changes role from CANDIDATE to LEADER at term 1 for changeToLeader
2022-08-24 13:28:51,414 [6df90b5a-2255-4e76-9861-62a750936b37@group-D5CE6504EA78-LeaderElection8] INFO  ratis.XceiverServerRatis (XceiverServerRatis.java:handleLeaderChangedNotification(863)) - Leader change notification received for group: group-D5CE6504EA78 with new leaderId: 6df90b5a-2255-4e76-9861-62a750936b37
2022-08-24 13:28:51,414 [6df90b5a-2255-4e76-9861-62a750936b37@group-D5CE6504EA78-LeaderElection8] INFO  server.RaftServer$Division (ServerState.java:setLeader(287)) - 6df90b5a-2255-4e76-9861-62a750936b37@group-D5CE6504EA78: change Leader from null to 6df90b5a-2255-4e76-9861-62a750936b37 at term 1 for becomeLeader, leader elected after 5099ms
2022-08-24 13:28:51,414 [6df90b5a-2255-4e76-9861-62a750936b37@group-D5CE6504EA78-LeaderElection8] INFO  server.RaftServerConfigKeys (ConfUtils.java:logGet(46)) - raft.server.staging.catchup.gap = 1000 (default)
2022-08-24 13:28:51,414 [6df90b5a-2255-4e76-9861-62a750936b37@group-D5CE6504EA78-LeaderElection8] INFO  server.RaftServerConfigKeys (ConfUtils.java:logGet(46)) - raft.server.write.element-limit = 1024 (custom)
2022-08-24 13:28:51,414 [6df90b5a-2255-4e76-9861-62a750936b37@group-D5CE6504EA78-LeaderElection8] INFO  server.RaftServerConfigKeys (ConfUtils.java:logGet(46)) - raft.server.write.byte-limit = 1024 M (=1073741824) (custom)
2022-08-24 13:28:51,415 [6df90b5a-2255-4e76-9861-62a750936b37@group-D5CE6504EA78-LeaderElection8] INFO  server.RaftServerConfigKeys (ConfUtils.java:logGet(46)) - raft.server.watch.timeout = 180s (custom)
2022-08-24 13:28:51,415 [6df90b5a-2255-4e76-9861-62a750936b37@group-D5CE6504EA78-LeaderElection8] INFO  server.RaftServerConfigKeys (ConfUtils.java:logGet(46)) - raft.server.watch.timeout.denomination = 1s (default)
2022-08-24 13:28:51,415 [6df90b5a-2255-4e76-9861-62a750936b37@group-D5CE6504EA78-LeaderElection8] INFO  server.RaftServerConfigKeys (ConfUtils.java:logGet(46)) - raft.server.watch.element-limit = 65536 (default)
2022-08-24 13:28:51,415 [6df90b5a-2255-4e76-9861-62a750936b37@group-D5CE6504EA78-LeaderElection8] INFO  server.RaftServerConfigKeys (ConfUtils.java:logGet(46)) - raft.server.write.element-limit = 1024 (custom)
2022-08-24 13:28:51,415 [6df90b5a-2255-4e76-9861-62a750936b37@group-D5CE6504EA78-LeaderElection8] INFO  server.RaftServerConfigKeys (ConfUtils.java:logGet(46)) - raft.server.write.follower.gap.ratio.max = -1.0 (default)
2022-08-24 13:28:51,417 [6df90b5a-2255-4e76-9861-62a750936b37@group-D5CE6504EA78-LeaderElection8] INFO  server.RaftServerConfigKeys (ConfUtils.java:logGet(46)) - raft.server.log.appender.snapshot.chunk.size.max = 16MB (=16777216) (default)
2022-08-24 13:28:51,417 [6df90b5a-2255-4e76-9861-62a750936b37@group-D5CE6504EA78-LeaderElection8] INFO  server.RaftServerConfigKeys (ConfUtils.java:logGet(46)) - raft.server.log.appender.buffer.byte-limit = 33554432 (custom)
2022-08-24 13:28:51,417 [6df90b5a-2255-4e76-9861-62a750936b37@group-D5CE6504EA78-LeaderElection8] INFO  server.RaftServerConfigKeys (ConfUtils.java:logGet(46)) - raft.server.log.appender.buffer.element-limit = 1 (custom)
2022-08-24 13:28:51,417 [6df90b5a-2255-4e76-9861-62a750936b37@group-D5CE6504EA78-LeaderElection8] INFO  grpc.GrpcConfigKeys (ConfUtils.java:logGet(46)) - raft.grpc.server.leader.outstanding.appends.max = 128 (default)
2022-08-24 13:28:51,417 [6df90b5a-2255-4e76-9861-62a750936b37@group-D5CE6504EA78-LeaderElection8] INFO  server.RaftServerConfigKeys (ConfUtils.java:logGet(46)) - raft.server.rpc.request.timeout = 60s (custom)
2022-08-24 13:28:51,417 [6df90b5a-2255-4e76-9861-62a750936b37@group-D5CE6504EA78-LeaderElection8] INFO  server.RaftServerConfigKeys (ConfUtils.java:logGet(46)) - raft.server.log.appender.install.snapshot.enabled = false (custom)
2022-08-24 13:28:51,418 [6df90b5a-2255-4e76-9861-62a750936b37@group-D5CE6504EA78-LeaderElection8] INFO  server.RaftServerConfigKeys (ConfUtils.java:logGet(46)) - raft.server.log.appender.snapshot.chunk.size.max = 16MB (=16777216) (default)
2022-08-24 13:28:51,418 [6df90b5a-2255-4e76-9861-62a750936b37@group-D5CE6504EA78-LeaderElection8] INFO  server.RaftServerConfigKeys (ConfUtils.java:logGet(46)) - raft.server.log.appender.buffer.byte-limit = 33554432 (custom)
2022-08-24 13:28:51,418 [6df90b5a-2255-4e76-9861-62a750936b37@group-D5CE6504EA78-LeaderElection8] INFO  server.RaftServerConfigKeys (ConfUtils.java:logGet(46)) - raft.server.log.appender.buffer.element-limit = 1 (custom)
2022-08-24 13:28:51,418 [6df90b5a-2255-4e76-9861-62a750936b37@group-D5CE6504EA78-LeaderElection8] INFO  grpc.GrpcConfigKeys (ConfUtils.java:logGet(46)) - raft.grpc.server.leader.outstanding.appends.max = 128 (default)
2022-08-24 13:28:51,419 [EventQueue-PipelineReportForPipelineReportHandler] INFO  pipeline.PipelineManagerImpl (PipelineManagerImpl.java:openPipeline(367)) - Pipeline Pipeline[ Id: 83c55a40-e61e-4239-a6d5-d5ce6504ea78, Nodes: 747b57e3-dfca-466a-9b58-285106b88173{ip: 10.1.1.17, host: fv-az213-422.c2vz3wqhpjau3hcstnyptvmwla.cx.internal.cloudapp.net, ports: [REPLICATION=38933, RATIS=44797, RATIS_ADMIN=44797, RATIS_SERVER=44797, STANDALONE=35095], networkLocation: /default-rack, certSerialId: null, persistedOpState: IN_SERVICE, persistedOpStateExpiryEpochSec: 0}6df90b5a-2255-4e76-9861-62a750936b37{ip: 10.1.1.17, host: fv-az213-422.c2vz3wqhpjau3hcstnyptvmwla.cx.internal.cloudapp.net, ports: [REPLICATION=38049, RATIS=39203, RATIS_ADMIN=39203, RATIS_SERVER=39203, STANDALONE=35505], networkLocation: /default-rack, certSerialId: null, persistedOpState: IN_SERVICE, persistedOpStateExpiryEpochSec: 0}a03cde11-8254-451f-9ee8-6e5d62d0f896{ip: 10.1.1.17, host: fv-az213-422.c2vz3wqhpjau3hcstnyptvmwla.cx.internal.cloudapp.net, ports: [REPLICATION=42843, RATIS=39543, RATIS_ADMIN=39543, RATIS_SERVER=39543, STANDALONE=45719], networkLocation: /default-rack, certSerialId: null, persistedOpState: IN_SERVICE, persistedOpStateExpiryEpochSec: 0}, ReplicationConfig: RATIS/THREE, State:ALLOCATED, leaderId:6df90b5a-2255-4e76-9861-62a750936b37, CreationTimestamp2022-08-24T13:28:43.841Z[Etc/UTC]] moved to OPEN state
2022-08-24 13:28:51,420 [6df90b5a-2255-4e76-9861-62a750936b37@group-D5CE6504EA78-LeaderElection8] INFO  server.RaftServerConfigKeys (ConfUtils.java:logGet(46)) - raft.server.rpc.request.timeout = 60s (custom)
2022-08-24 13:28:51,421 [6df90b5a-2255-4e76-9861-62a750936b37@group-D5CE6504EA78-LeaderElection8] INFO  server.RaftServerConfigKeys (ConfUtils.java:logGet(46)) - raft.server.log.appender.install.snapshot.enabled = false (custom)
2022-08-24 13:28:51,421 [6df90b5a-2255-4e76-9861-62a750936b37@group-D5CE6504EA78-LeaderElection8] INFO  impl.RoleInfo (RoleInfo.java:updateAndGet(139)) - 6df90b5a-2255-4e76-9861-62a750936b37: start 6df90b5a-2255-4e76-9861-62a750936b37@group-D5CE6504EA78-LeaderStateImpl
2022-08-24 13:28:51,421 [6df90b5a-2255-4e76-9861-62a750936b37@group-D5CE6504EA78-LeaderElection8] INFO  segmented.SegmentedRaftLogWorker (SegmentedRaftLogWorker.java:startLogSegment(425)) - 6df90b5a-2255-4e76-9861-62a750936b37@group-D5CE6504EA78-SegmentedRaftLogWorker: Starting segment from index:0
2022-08-24 13:28:51,423 [6df90b5a-2255-4e76-9861-62a750936b37@group-D5CE6504EA78-SegmentedRaftLogWorker] INFO  segmented.SegmentedRaftLogWorker (SegmentedRaftLogWorker.java:execute(629)) - 6df90b5a-2255-4e76-9861-62a750936b37@group-D5CE6504EA78-SegmentedRaftLogWorker: created new log segment /home/runner/work/ozone/ozone/hadoop-ozone/integration-test/target/test-dir/MiniOzoneClusterImpl-4ec5f5c4-b0ab-4cbf-8465-e18eb8453e4d/datanode-5/data/ratis/83c55a40-e61e-4239-a6d5-d5ce6504ea78/current/log_inprogress_0
2022-08-24 13:28:51,444 [6df90b5a-2255-4e76-9861-62a750936b37@group-D5CE6504EA78-LeaderElection8] INFO  server.RaftServer$Division (ServerState.java:setRaftConf(393)) - 6df90b5a-2255-4e76-9861-62a750936b37@group-D5CE6504EA78: set configuration 0: [6df90b5a-2255-4e76-9861-62a750936b37|rpc:10.1.1.17:39203|dataStream:|priority:1, 747b57e3-dfca-466a-9b58-285106b88173|rpc:10.1.1.17:44797|dataStream:|priority:0, a03cde11-8254-451f-9ee8-6e5d62d0f896|rpc:10.1.1.17:39543|dataStream:|priority:0], old=null
2022-08-24 13:28:51,444 [a03cde11-8254-451f-9ee8-6e5d62d0f896-server-thread1] INFO  ratis.XceiverServerRatis (XceiverServerRatis.java:handleLeaderChangedNotification(863)) - Leader change notification received for group: group-D5CE6504EA78 with new leaderId: 6df90b5a-2255-4e76-9861-62a750936b37
2022-08-24 13:28:51,444 [a03cde11-8254-451f-9ee8-6e5d62d0f896-server-thread1] INFO  server.RaftServer$Division (ServerState.java:setLeader(287)) - a03cde11-8254-451f-9ee8-6e5d62d0f896@group-D5CE6504EA78: change Leader from null to 6df90b5a-2255-4e76-9861-62a750936b37 at term 1 for appendEntries, leader elected after 5094ms
2022-08-24 13:28:51,444 [747b57e3-dfca-466a-9b58-285106b88173-server-thread1] INFO  ratis.XceiverServerRatis (XceiverServerRatis.java:handleLeaderChangedNotification(863)) - Leader change notification received for group: group-D5CE6504EA78 with new leaderId: 6df90b5a-2255-4e76-9861-62a750936b37
2022-08-24 13:28:51,444 [747b57e3-dfca-466a-9b58-285106b88173-server-thread1] INFO  server.RaftServer$Division (ServerState.java:setLeader(287)) - 747b57e3-dfca-466a-9b58-285106b88173@group-D5CE6504EA78: change Leader from null to 6df90b5a-2255-4e76-9861-62a750936b37 at term 1 for appendEntries, leader elected after 5167ms
2022-08-24 13:28:51,454 [a03cde11-8254-451f-9ee8-6e5d62d0f896-server-thread1] INFO  server.RaftServer$Division (ServerState.java:setRaftConf(393)) - a03cde11-8254-451f-9ee8-6e5d62d0f896@group-D5CE6504EA78: set configuration 0: [6df90b5a-2255-4e76-9861-62a750936b37|rpc:10.1.1.17:39203|dataStream:|priority:1, 747b57e3-dfca-466a-9b58-285106b88173|rpc:10.1.1.17:44797|dataStream:|priority:0, a03cde11-8254-451f-9ee8-6e5d62d0f896|rpc:10.1.1.17:39543|dataStream:|priority:0], old=null
2022-08-24 13:28:51,456 [747b57e3-dfca-466a-9b58-285106b88173-server-thread1] INFO  server.RaftServer$Division (ServerState.java:setRaftConf(393)) - 747b57e3-dfca-466a-9b58-285106b88173@group-D5CE6504EA78: set configuration 0: [6df90b5a-2255-4e76-9861-62a750936b37|rpc:10.1.1.17:39203|dataStream:|priority:1, 747b57e3-dfca-466a-9b58-285106b88173|rpc:10.1.1.17:44797|dataStream:|priority:0, a03cde11-8254-451f-9ee8-6e5d62d0f896|rpc:10.1.1.17:39543|dataStream:|priority:0], old=null
2022-08-24 13:28:51,456 [a03cde11-8254-451f-9ee8-6e5d62d0f896-server-thread1] INFO  segmented.SegmentedRaftLogWorker (SegmentedRaftLogWorker.java:startLogSegment(425)) - a03cde11-8254-451f-9ee8-6e5d62d0f896@group-D5CE6504EA78-SegmentedRaftLogWorker: Starting segment from index:0
2022-08-24 13:28:51,457 [747b57e3-dfca-466a-9b58-285106b88173-server-thread1] INFO  segmented.SegmentedRaftLogWorker (SegmentedRaftLogWorker.java:startLogSegment(425)) - 747b57e3-dfca-466a-9b58-285106b88173@group-D5CE6504EA78-SegmentedRaftLogWorker: Starting segment from index:0
2022-08-24 13:28:51,461 [747b57e3-dfca-466a-9b58-285106b88173@group-D5CE6504EA78-SegmentedRaftLogWorker] INFO  segmented.SegmentedRaftLogWorker (SegmentedRaftLogWorker.java:execute(629)) - 747b57e3-dfca-466a-9b58-285106b88173@group-D5CE6504EA78-SegmentedRaftLogWorker: created new log segment /home/runner/work/ozone/ozone/hadoop-ozone/integration-test/target/test-dir/MiniOzoneClusterImpl-4ec5f5c4-b0ab-4cbf-8465-e18eb8453e4d/datanode-3/data/ratis/83c55a40-e61e-4239-a6d5-d5ce6504ea78/current/log_inprogress_0
2022-08-24 13:28:51,461 [a03cde11-8254-451f-9ee8-6e5d62d0f896@group-D5CE6504EA78-SegmentedRaftLogWorker] INFO  segmented.SegmentedRaftLogWorker (SegmentedRaftLogWorker.java:execute(629)) - a03cde11-8254-451f-9ee8-6e5d62d0f896@group-D5CE6504EA78-SegmentedRaftLogWorker: created new log segment /home/runner/work/ozone/ozone/hadoop-ozone/integration-test/target/test-dir/MiniOzoneClusterImpl-4ec5f5c4-b0ab-4cbf-8465-e18eb8453e4d/datanode-4/data/ratis/83c55a40-e61e-4239-a6d5-d5ce6504ea78/current/log_inprogress_0
2022-08-24 13:28:51,462 [747b57e3-dfca-466a-9b58-285106b88173@group-D49C4920753B-FollowerState] INFO  impl.FollowerState (FollowerState.java:run(143)) - 747b57e3-dfca-466a-9b58-285106b88173@group-D49C4920753B-FollowerState: change to CANDIDATE, lastRpcElapsedTime:5068966042ns, electionTimeout:5067ms
2022-08-24 13:28:51,462 [747b57e3-dfca-466a-9b58-285106b88173@group-D49C4920753B-FollowerState] INFO  impl.RoleInfo (RoleInfo.java:shutdownFollowerState(110)) - 747b57e3-dfca-466a-9b58-285106b88173: shutdown 747b57e3-dfca-466a-9b58-285106b88173@group-D49C4920753B-FollowerState
2022-08-24 13:28:51,462 [747b57e3-dfca-466a-9b58-285106b88173@group-D49C4920753B-FollowerState] INFO  server.RaftServer$Division (RaftServerImpl.java:setRole(299)) - 747b57e3-dfca-466a-9b58-285106b88173@group-D49C4920753B: changes role from  FOLLOWER to CANDIDATE at term 0 for changeToCandidate
2022-08-24 13:28:51,466 [747b57e3-dfca-466a-9b58-285106b88173@group-D49C4920753B-FollowerState] INFO  server.RaftServerConfigKeys (ConfUtils.java:logGet(46)) - raft.server.leaderelection.pre-vote = false (custom)
2022-08-24 13:28:51,466 [747b57e3-dfca-466a-9b58-285106b88173@group-D49C4920753B-FollowerState] INFO  impl.RoleInfo (RoleInfo.java:updateAndGet(139)) - 747b57e3-dfca-466a-9b58-285106b88173: start 747b57e3-dfca-466a-9b58-285106b88173@group-D49C4920753B-LeaderElection9
2022-08-24 13:28:51,466 [a03cde11-8254-451f-9ee8-6e5d62d0f896@group-D49C4920753B-FollowerState] INFO  impl.FollowerState (FollowerState.java:run(143)) - a03cde11-8254-451f-9ee8-6e5d62d0f896@group-D49C4920753B-FollowerState: change to CANDIDATE, lastRpcElapsedTime:5010582903ns, electionTimeout:5009ms
2022-08-24 13:28:51,467 [a03cde11-8254-451f-9ee8-6e5d62d0f896@group-D49C4920753B-FollowerState] INFO  impl.RoleInfo (RoleInfo.java:shutdownFollowerState(110)) - a03cde11-8254-451f-9ee8-6e5d62d0f896: shutdown a03cde11-8254-451f-9ee8-6e5d62d0f896@group-D49C4920753B-FollowerState
2022-08-24 13:28:51,467 [a03cde11-8254-451f-9ee8-6e5d62d0f896@group-D49C4920753B-FollowerState] INFO  server.RaftServer$Division (RaftServerImpl.java:setRole(299)) - a03cde11-8254-451f-9ee8-6e5d62d0f896@group-D49C4920753B: changes role from  FOLLOWER to CANDIDATE at term 0 for changeToCandidate
2022-08-24 13:28:51,467 [a03cde11-8254-451f-9ee8-6e5d62d0f896@group-D49C4920753B-FollowerState] INFO  server.RaftServerConfigKeys (ConfUtils.java:logGet(46)) - raft.server.leaderelection.pre-vote = false (custom)
2022-08-24 13:28:51,467 [a03cde11-8254-451f-9ee8-6e5d62d0f896@group-D49C4920753B-FollowerState] INFO  impl.RoleInfo (RoleInfo.java:updateAndGet(139)) - a03cde11-8254-451f-9ee8-6e5d62d0f896: start a03cde11-8254-451f-9ee8-6e5d62d0f896@group-D49C4920753B-LeaderElection10
2022-08-24 13:28:51,473 [747b57e3-dfca-466a-9b58-285106b88173@group-D49C4920753B-LeaderElection9] INFO  impl.LeaderElection (LeaderElection.java:askForVotes(310)) - 747b57e3-dfca-466a-9b58-285106b88173@group-D49C4920753B-LeaderElection9 ELECTION round 0: submit vote requests at term 1 for -1: [6df90b5a-2255-4e76-9861-62a750936b37|rpc:10.1.1.17:39203|priority:0, 747b57e3-dfca-466a-9b58-285106b88173|rpc:10.1.1.17:44797|priority:0, a03cde11-8254-451f-9ee8-6e5d62d0f896|rpc:10.1.1.17:39543|priority:1], old=null
2022-08-24 13:28:51,477 [a03cde11-8254-451f-9ee8-6e5d62d0f896@group-D49C4920753B-LeaderElection10] INFO  impl.LeaderElection (LeaderElection.java:askForVotes(310)) - a03cde11-8254-451f-9ee8-6e5d62d0f896@group-D49C4920753B-LeaderElection10 ELECTION round 0: submit vote requests at term 1 for -1: [6df90b5a-2255-4e76-9861-62a750936b37|rpc:10.1.1.17:39203|dataStream:|priority:0, 747b57e3-dfca-466a-9b58-285106b88173|rpc:10.1.1.17:44797|dataStream:|priority:0, a03cde11-8254-451f-9ee8-6e5d62d0f896|rpc:10.1.1.17:39543|dataStream:|priority:1], old=null
2022-08-24 13:28:51,480 [6df90b5a-2255-4e76-9861-62a750936b37@group-D49C4920753B-FollowerState] INFO  impl.FollowerState (FollowerState.java:run(143)) - 6df90b5a-2255-4e76-9861-62a750936b37@group-D49C4920753B-FollowerState: change to CANDIDATE, lastRpcElapsedTime:5060578566ns, electionTimeout:5059ms
2022-08-24 13:28:51,480 [6df90b5a-2255-4e76-9861-62a750936b37@group-D49C4920753B-FollowerState] INFO  impl.RoleInfo (RoleInfo.java:shutdownFollowerState(110)) - 6df90b5a-2255-4e76-9861-62a750936b37: shutdown 6df90b5a-2255-4e76-9861-62a750936b37@group-D49C4920753B-FollowerState
2022-08-24 13:28:51,480 [6df90b5a-2255-4e76-9861-62a750936b37@group-D49C4920753B-FollowerState] INFO  server.RaftServer$Division (RaftServerImpl.java:setRole(299)) - 6df90b5a-2255-4e76-9861-62a750936b37@group-D49C4920753B: changes role from  FOLLOWER to CANDIDATE at term 0 for changeToCandidate
2022-08-24 13:28:51,482 [6df90b5a-2255-4e76-9861-62a750936b37@group-D49C4920753B-FollowerState] INFO  server.RaftServerConfigKeys (ConfUtils.java:logGet(46)) - raft.server.leaderelection.pre-vote = false (custom)
2022-08-24 13:28:51,482 [6df90b5a-2255-4e76-9861-62a750936b37@group-D49C4920753B-FollowerState] INFO  impl.RoleInfo (RoleInfo.java:updateAndGet(139)) - 6df90b5a-2255-4e76-9861-62a750936b37: start 6df90b5a-2255-4e76-9861-62a750936b37@group-D49C4920753B-LeaderElection11
2022-08-24 13:28:51,504 [grpc-default-executor-0] INFO  server.RaftServer$Division (RaftServerImpl.java:requestVote(1152)) - 6df90b5a-2255-4e76-9861-62a750936b37@group-D49C4920753B: receive requestVote(ELECTION, 747b57e3-dfca-466a-9b58-285106b88173, group-D49C4920753B, 1, (t:0, i:0))
2022-08-24 13:28:51,513 [grpc-default-executor-0] INFO  impl.VoteContext (VoteContext.java:log(48)) - 6df90b5a-2255-4e76-9861-62a750936b37@group-D49C4920753B-CANDIDATE: reject ELECTION from 747b57e3-dfca-466a-9b58-285106b88173: already has voted for 6df90b5a-2255-4e76-9861-62a750936b37 at current term 1
2022-08-24 13:28:51,513 [grpc-default-executor-0] INFO  server.RaftServer$Division (RaftServerImpl.java:requestVote(1184)) - 6df90b5a-2255-4e76-9861-62a750936b37@group-D49C4920753B replies to ELECTION vote request: 747b57e3-dfca-466a-9b58-285106b88173<-6df90b5a-2255-4e76-9861-62a750936b37#0:FAIL-t1. Peer's state: 6df90b5a-2255-4e76-9861-62a750936b37@group-D49C4920753B:t1, leader=null, voted=6df90b5a-2255-4e76-9861-62a750936b37, raftlog=6df90b5a-2255-4e76-9861-62a750936b37@group-D49C4920753B-SegmentedRaftLog:OPENED:c-1, conf=-1: [6df90b5a-2255-4e76-9861-62a750936b37|rpc:10.1.1.17:39203|dataStream:|priority:0, 747b57e3-dfca-466a-9b58-285106b88173|rpc:10.1.1.17:44797|dataStream:|priority:0, a03cde11-8254-451f-9ee8-6e5d62d0f896|rpc:10.1.1.17:39543|dataStream:|priority:1], old=null
2022-08-24 13:28:51,513 [6df90b5a-2255-4e76-9861-62a750936b37@group-D49C4920753B-LeaderElection11] INFO  impl.LeaderElection (LeaderElection.java:askForVotes(310)) - 6df90b5a-2255-4e76-9861-62a750936b37@group-D49C4920753B-LeaderElection11 ELECTION round 0: submit vote requests at term 1 for -1: [6df90b5a-2255-4e76-9861-62a750936b37|rpc:10.1.1.17:39203|dataStream:|priority:0, 747b57e3-dfca-466a-9b58-285106b88173|rpc:10.1.1.17:44797|dataStream:|priority:0, a03cde11-8254-451f-9ee8-6e5d62d0f896|rpc:10.1.1.17:39543|dataStream:|priority:1], old=null
2022-08-24 13:28:51,530 [grpc-default-executor-0] INFO  server.RaftServer$Division (RaftServerImpl.java:requestVote(1152)) - 747b57e3-dfca-466a-9b58-285106b88173@group-D49C4920753B: receive requestVote(ELECTION, 6df90b5a-2255-4e76-9861-62a750936b37, group-D49C4920753B, 1, (t:0, i:0))
2022-08-24 13:28:51,531 [grpc-default-executor-0] INFO  impl.VoteContext (VoteContext.java:log(48)) - 747b57e3-dfca-466a-9b58-285106b88173@group-D49C4920753B-CANDIDATE: reject ELECTION from 6df90b5a-2255-4e76-9861-62a750936b37: already has voted for 747b57e3-dfca-466a-9b58-285106b88173 at current term 1
2022-08-24 13:28:51,531 [grpc-default-executor-0] INFO  server.RaftServer$Division (RaftServerImpl.java:requestVote(1184)) - 747b57e3-dfca-466a-9b58-285106b88173@group-D49C4920753B replies to ELECTION vote request: 6df90b5a-2255-4e76-9861-62a750936b37<-747b57e3-dfca-466a-9b58-285106b88173#0:FAIL-t1. Peer's state: 747b57e3-dfca-466a-9b58-285106b88173@group-D49C4920753B:t1, leader=null, voted=747b57e3-dfca-466a-9b58-285106b88173, raftlog=747b57e3-dfca-466a-9b58-285106b88173@group-D49C4920753B-SegmentedRaftLog:OPENED:c-1, conf=-1: [6df90b5a-2255-4e76-9861-62a750936b37|rpc:10.1.1.17:39203|priority:0, 747b57e3-dfca-466a-9b58-285106b88173|rpc:10.1.1.17:44797|priority:0, a03cde11-8254-451f-9ee8-6e5d62d0f896|rpc:10.1.1.17:39543|priority:1], old=null
2022-08-24 13:28:51,530 [grpc-default-executor-2] INFO  server.RaftServer$Division (RaftServerImpl.java:requestVote(1152)) - a03cde11-8254-451f-9ee8-6e5d62d0f896@group-D49C4920753B: receive requestVote(ELECTION, 747b57e3-dfca-466a-9b58-285106b88173, group-D49C4920753B, 1, (t:0, i:0))
2022-08-24 13:28:51,537 [grpc-default-executor-2] INFO  impl.VoteContext (VoteContext.java:log(48)) - a03cde11-8254-451f-9ee8-6e5d62d0f896@group-D49C4920753B-CANDIDATE: reject ELECTION from 747b57e3-dfca-466a-9b58-285106b88173: already has voted for a03cde11-8254-451f-9ee8-6e5d62d0f896 at current term 1
2022-08-24 13:28:51,537 [grpc-default-executor-2] INFO  server.RaftServer$Division (RaftServerImpl.java:requestVote(1184)) - a03cde11-8254-451f-9ee8-6e5d62d0f896@group-D49C4920753B replies to ELECTION vote request: 747b57e3-dfca-466a-9b58-285106b88173<-a03cde11-8254-451f-9ee8-6e5d62d0f896#0:FAIL-t1. Peer's state: a03cde11-8254-451f-9ee8-6e5d62d0f896@group-D49C4920753B:t1, leader=null, voted=a03cde11-8254-451f-9ee8-6e5d62d0f896, raftlog=a03cde11-8254-451f-9ee8-6e5d62d0f896@group-D49C4920753B-SegmentedRaftLog:OPENED:c-1, conf=-1: [6df90b5a-2255-4e76-9861-62a750936b37|rpc:10.1.1.17:39203|dataStream:|priority:0, 747b57e3-dfca-466a-9b58-285106b88173|rpc:10.1.1.17:44797|dataStream:|priority:0, a03cde11-8254-451f-9ee8-6e5d62d0f896|rpc:10.1.1.17:39543|dataStream:|priority:1], old=null
2022-08-24 13:28:51,541 [grpc-default-executor-0] INFO  server.RaftServer$Division (RaftServerImpl.java:requestVote(1152)) - a03cde11-8254-451f-9ee8-6e5d62d0f896@group-D49C4920753B: receive requestVote(ELECTION, 6df90b5a-2255-4e76-9861-62a750936b37, group-D49C4920753B, 1, (t:0, i:0))
2022-08-24 13:28:51,541 [747b57e3-dfca-466a-9b58-285106b88173@group-D49C4920753B-LeaderElection9] INFO  impl.LeaderElection (LeaderElection.java:logAndReturn(90)) - 747b57e3-dfca-466a-9b58-285106b88173@group-D49C4920753B-LeaderElection9: ELECTION REJECTED received 2 response(s) and 0 exception(s):
2022-08-24 13:28:51,542 [747b57e3-dfca-466a-9b58-285106b88173@group-D49C4920753B-LeaderElection9] INFO  impl.LeaderElection (LeaderElection.java:logAndReturn(94)) -   Response 0: 747b57e3-dfca-466a-9b58-285106b88173<-6df90b5a-2255-4e76-9861-62a750936b37#0:FAIL-t1
2022-08-24 13:28:51,542 [747b57e3-dfca-466a-9b58-285106b88173@group-D49C4920753B-LeaderElection9] INFO  impl.LeaderElection (LeaderElection.java:logAndReturn(94)) -   Response 1: 747b57e3-dfca-466a-9b58-285106b88173<-a03cde11-8254-451f-9ee8-6e5d62d0f896#0:FAIL-t1
2022-08-24 13:28:51,542 [747b57e3-dfca-466a-9b58-285106b88173@group-D49C4920753B-LeaderElection9] INFO  impl.LeaderElection (LeaderElection.java:askForVotes(312)) - 747b57e3-dfca-466a-9b58-285106b88173@group-D49C4920753B-LeaderElection9 ELECTION round 0: result REJECTED
2022-08-24 13:28:51,543 [grpc-default-executor-0] INFO  impl.VoteContext (VoteContext.java:log(48)) - a03cde11-8254-451f-9ee8-6e5d62d0f896@group-D49C4920753B-CANDIDATE: reject ELECTION from 6df90b5a-2255-4e76-9861-62a750936b37: already has voted for a03cde11-8254-451f-9ee8-6e5d62d0f896 at current term 1
2022-08-24 13:28:51,543 [grpc-default-executor-0] INFO  server.RaftServer$Division (RaftServerImpl.java:requestVote(1184)) - a03cde11-8254-451f-9ee8-6e5d62d0f896@group-D49C4920753B replies to ELECTION vote request: 6df90b5a-2255-4e76-9861-62a750936b37<-a03cde11-8254-451f-9ee8-6e5d62d0f896#0:FAIL-t1. Peer's state: a03cde11-8254-451f-9ee8-6e5d62d0f896@group-D49C4920753B:t1, leader=null, voted=a03cde11-8254-451f-9ee8-6e5d62d0f896, raftlog=a03cde11-8254-451f-9ee8-6e5d62d0f896@group-D49C4920753B-SegmentedRaftLog:OPENED:c-1, conf=-1: [6df90b5a-2255-4e76-9861-62a750936b37|rpc:10.1.1.17:39203|dataStream:|priority:0, 747b57e3-dfca-466a-9b58-285106b88173|rpc:10.1.1.17:44797|dataStream:|priority:0, a03cde11-8254-451f-9ee8-6e5d62d0f896|rpc:10.1.1.17:39543|dataStream:|priority:1], old=null
2022-08-24 13:28:51,541 [grpc-default-executor-1] INFO  server.RaftServer$Division (RaftServerImpl.java:requestVote(1152)) - 6df90b5a-2255-4e76-9861-62a750936b37@group-D49C4920753B: receive requestVote(ELECTION, a03cde11-8254-451f-9ee8-6e5d62d0f896, group-D49C4920753B, 1, (t:0, i:0))
2022-08-24 13:28:51,543 [grpc-default-executor-1] INFO  impl.VoteContext (VoteContext.java:log(48)) - 6df90b5a-2255-4e76-9861-62a750936b37@group-D49C4920753B-CANDIDATE: reject ELECTION from a03cde11-8254-451f-9ee8-6e5d62d0f896: already has voted for 6df90b5a-2255-4e76-9861-62a750936b37 at current term 1
2022-08-24 13:28:51,544 [grpc-default-executor-1] INFO  server.RaftServer$Division (RaftServerImpl.java:requestVote(1184)) - 6df90b5a-2255-4e76-9861-62a750936b37@group-D49C4920753B replies to ELECTION vote request: a03cde11-8254-451f-9ee8-6e5d62d0f896<-6df90b5a-2255-4e76-9861-62a750936b37#0:FAIL-t1. Peer's state: 6df90b5a-2255-4e76-9861-62a750936b37@group-D49C4920753B:t1, leader=null, voted=6df90b5a-2255-4e76-9861-62a750936b37, raftlog=6df90b5a-2255-4e76-9861-62a750936b37@group-D49C4920753B-SegmentedRaftLog:OPENED:c-1, conf=-1: [6df90b5a-2255-4e76-9861-62a750936b37|rpc:10.1.1.17:39203|dataStream:|priority:0, 747b57e3-dfca-466a-9b58-285106b88173|rpc:10.1.1.17:44797|dataStream:|priority:0, a03cde11-8254-451f-9ee8-6e5d62d0f896|rpc:10.1.1.17:39543|dataStream:|priority:1], old=null
2022-08-24 13:28:51,541 [grpc-default-executor-2] INFO  server.RaftServer$Division (RaftServerImpl.java:requestVote(1152)) - 747b57e3-dfca-466a-9b58-285106b88173@group-D49C4920753B: receive requestVote(ELECTION, a03cde11-8254-451f-9ee8-6e5d62d0f896, group-D49C4920753B, 1, (t:0, i:0))
2022-08-24 13:28:51,543 [747b57e3-dfca-466a-9b58-285106b88173@group-D49C4920753B-LeaderElection9] INFO  server.RaftServer$Division (RaftServerImpl.java:setRole(299)) - 747b57e3-dfca-466a-9b58-285106b88173@group-D49C4920753B: changes role from CANDIDATE to FOLLOWER at term 1 for REJECTED
2022-08-24 13:28:51,548 [747b57e3-dfca-466a-9b58-285106b88173@group-D49C4920753B-LeaderElection9] INFO  impl.RoleInfo (RoleInfo.java:shutdownLeaderElection(130)) - 747b57e3-dfca-466a-9b58-285106b88173: shutdown 747b57e3-dfca-466a-9b58-285106b88173@group-D49C4920753B-LeaderElection9
2022-08-24 13:28:51,548 [747b57e3-dfca-466a-9b58-285106b88173@group-D49C4920753B-LeaderElection9] INFO  impl.RoleInfo (RoleInfo.java:updateAndGet(139)) - 747b57e3-dfca-466a-9b58-285106b88173: start 747b57e3-dfca-466a-9b58-285106b88173@group-D49C4920753B-FollowerState
2022-08-24 13:28:51,547 [6df90b5a-2255-4e76-9861-62a750936b37@group-D49C4920753B-LeaderElection11] INFO  impl.LeaderElection (LeaderElection.java:logAndReturn(90)) - 6df90b5a-2255-4e76-9861-62a750936b37@group-D49C4920753B-LeaderElection11: ELECTION REJECTED received 2 response(s) and 0 exception(s):
2022-08-24 13:28:51,548 [6df90b5a-2255-4e76-9861-62a750936b37@group-D49C4920753B-LeaderElection11] INFO  impl.LeaderElection (LeaderElection.java:logAndReturn(94)) -   Response 0: 6df90b5a-2255-4e76-9861-62a750936b37<-747b57e3-dfca-466a-9b58-285106b88173#0:FAIL-t1
2022-08-24 13:28:51,548 [6df90b5a-2255-4e76-9861-62a750936b37@group-D49C4920753B-LeaderElection11] INFO  impl.LeaderElection (LeaderElection.java:logAndReturn(94)) -   Response 1: 6df90b5a-2255-4e76-9861-62a750936b37<-a03cde11-8254-451f-9ee8-6e5d62d0f896#0:FAIL-t1
2022-08-24 13:28:51,549 [grpc-default-executor-2] INFO  impl.VoteContext (VoteContext.java:log(48)) - 747b57e3-dfca-466a-9b58-285106b88173@group-D49C4920753B-FOLLOWER: reject ELECTION from a03cde11-8254-451f-9ee8-6e5d62d0f896: already has voted for 747b57e3-dfca-466a-9b58-285106b88173 at current term 1
2022-08-24 13:28:51,549 [grpc-default-executor-2] INFO  server.RaftServer$Division (RaftServerImpl.java:requestVote(1184)) - 747b57e3-dfca-466a-9b58-285106b88173@group-D49C4920753B replies to ELECTION vote request: a03cde11-8254-451f-9ee8-6e5d62d0f896<-747b57e3-dfca-466a-9b58-285106b88173#0:FAIL-t1. Peer's state: 747b57e3-dfca-466a-9b58-285106b88173@group-D49C4920753B:t1, leader=null, voted=747b57e3-dfca-466a-9b58-285106b88173, raftlog=747b57e3-dfca-466a-9b58-285106b88173@group-D49C4920753B-SegmentedRaftLog:OPENED:c-1, conf=-1: [6df90b5a-2255-4e76-9861-62a750936b37|rpc:10.1.1.17:39203|priority:0, 747b57e3-dfca-466a-9b58-285106b88173|rpc:10.1.1.17:44797|priority:0, a03cde11-8254-451f-9ee8-6e5d62d0f896|rpc:10.1.1.17:39543|priority:1], old=null
2022-08-24 13:28:51,553 [6df90b5a-2255-4e76-9861-62a750936b37@group-D49C4920753B-LeaderElection11] INFO  impl.LeaderElection (LeaderElection.java:askForVotes(312)) - 6df90b5a-2255-4e76-9861-62a750936b37@group-D49C4920753B-LeaderElection11 ELECTION round 0: result REJECTED
2022-08-24 13:28:51,553 [6df90b5a-2255-4e76-9861-62a750936b37@group-D49C4920753B-LeaderElection11] INFO  server.RaftServer$Division (RaftServerImpl.java:setRole(299)) - 6df90b5a-2255-4e76-9861-62a750936b37@group-D49C4920753B: changes role from CANDIDATE to FOLLOWER at term 1 for REJECTED
2022-08-24 13:28:51,553 [6df90b5a-2255-4e76-9861-62a750936b37@group-D49C4920753B-LeaderElection11] INFO  impl.RoleInfo (RoleInfo.java:shutdownLeaderElection(130)) - 6df90b5a-2255-4e76-9861-62a750936b37: shutdown 6df90b5a-2255-4e76-9861-62a750936b37@group-D49C4920753B-LeaderElection11
2022-08-24 13:28:51,553 [6df90b5a-2255-4e76-9861-62a750936b37@group-D49C4920753B-LeaderElection11] INFO  impl.RoleInfo (RoleInfo.java:updateAndGet(139)) - 6df90b5a-2255-4e76-9861-62a750936b37: start 6df90b5a-2255-4e76-9861-62a750936b37@group-D49C4920753B-FollowerState
2022-08-24 13:28:51,553 [a03cde11-8254-451f-9ee8-6e5d62d0f896@group-D49C4920753B-LeaderElection10] INFO  impl.LeaderElection (LeaderElection.java:logAndReturn(90)) - a03cde11-8254-451f-9ee8-6e5d62d0f896@group-D49C4920753B-LeaderElection10: ELECTION REJECTED received 2 response(s) and 0 exception(s):
2022-08-24 13:28:51,565 [a03cde11-8254-451f-9ee8-6e5d62d0f896@group-D49C4920753B-LeaderElection10] INFO  impl.LeaderElection (LeaderElection.java:logAndReturn(94)) -   Response 0: a03cde11-8254-451f-9ee8-6e5d62d0f896<-6df90b5a-2255-4e76-9861-62a750936b37#0:FAIL-t1
2022-08-24 13:28:51,565 [a03cde11-8254-451f-9ee8-6e5d62d0f896@group-D49C4920753B-LeaderElection10] INFO  impl.LeaderElection (LeaderElection.java:logAndReturn(94)) -   Response 1: a03cde11-8254-451f-9ee8-6e5d62d0f896<-747b57e3-dfca-466a-9b58-285106b88173#0:FAIL-t1
2022-08-24 13:28:51,565 [a03cde11-8254-451f-9ee8-6e5d62d0f896@group-D49C4920753B-LeaderElection10] INFO  impl.LeaderElection (LeaderElection.java:askForVotes(312)) - a03cde11-8254-451f-9ee8-6e5d62d0f896@group-D49C4920753B-LeaderElection10 ELECTION round 0: result REJECTED
2022-08-24 13:28:51,565 [a03cde11-8254-451f-9ee8-6e5d62d0f896@group-D49C4920753B-LeaderElection10] INFO  server.RaftServer$Division (RaftServerImpl.java:setRole(299)) - a03cde11-8254-451f-9ee8-6e5d62d0f896@group-D49C4920753B: changes role from CANDIDATE to FOLLOWER at term 1 for REJECTED
2022-08-24 13:28:51,566 [a03cde11-8254-451f-9ee8-6e5d62d0f896@group-D49C4920753B-LeaderElection10] INFO  impl.RoleInfo (RoleInfo.java:shutdownLeaderElection(130)) - a03cde11-8254-451f-9ee8-6e5d62d0f896: shutdown a03cde11-8254-451f-9ee8-6e5d62d0f896@group-D49C4920753B-LeaderElection10
2022-08-24 13:28:51,566 [a03cde11-8254-451f-9ee8-6e5d62d0f896@group-D49C4920753B-LeaderElection10] INFO  impl.RoleInfo (RoleInfo.java:updateAndGet(139)) - a03cde11-8254-451f-9ee8-6e5d62d0f896: start a03cde11-8254-451f-9ee8-6e5d62d0f896@group-D49C4920753B-FollowerState
2022-08-24 13:28:51,708 [a03cde11-8254-451f-9ee8-6e5d62d0f896@group-E4D3BB4291D9-FollowerState] INFO  impl.FollowerState (FollowerState.java:run(143)) - a03cde11-8254-451f-9ee8-6e5d62d0f896@group-E4D3BB4291D9-FollowerState: change to CANDIDATE, lastRpcElapsedTime:5144294547ns, electionTimeout:5144ms
2022-08-24 13:28:51,708 [a03cde11-8254-451f-9ee8-6e5d62d0f896@group-E4D3BB4291D9-FollowerState] INFO  impl.RoleInfo (RoleInfo.java:shutdownFollowerState(110)) - a03cde11-8254-451f-9ee8-6e5d62d0f896: shutdown a03cde11-8254-451f-9ee8-6e5d62d0f896@group-E4D3BB4291D9-FollowerState
2022-08-24 13:28:51,708 [a03cde11-8254-451f-9ee8-6e5d62d0f896@group-E4D3BB4291D9-FollowerState] INFO  server.RaftServer$Division (RaftServerImpl.java:setRole(299)) - a03cde11-8254-451f-9ee8-6e5d62d0f896@group-E4D3BB4291D9: changes role from  FOLLOWER to CANDIDATE at term 0 for changeToCandidate
2022-08-24 13:28:51,708 [a03cde11-8254-451f-9ee8-6e5d62d0f896@group-E4D3BB4291D9-FollowerState] INFO  server.RaftServerConfigKeys (ConfUtils.java:logGet(46)) - raft.server.leaderelection.pre-vote = false (custom)
2022-08-24 13:28:51,708 [a03cde11-8254-451f-9ee8-6e5d62d0f896@group-E4D3BB4291D9-FollowerState] INFO  impl.RoleInfo (RoleInfo.java:updateAndGet(139)) - a03cde11-8254-451f-9ee8-6e5d62d0f896: start a03cde11-8254-451f-9ee8-6e5d62d0f896@group-E4D3BB4291D9-LeaderElection12
2022-08-24 13:28:51,716 [a03cde11-8254-451f-9ee8-6e5d62d0f896@group-E4D3BB4291D9-LeaderElection12] INFO  impl.LeaderElection (LeaderElection.java:askForVotes(310)) - a03cde11-8254-451f-9ee8-6e5d62d0f896@group-E4D3BB4291D9-LeaderElection12 ELECTION round 0: submit vote requests at term 1 for -1: [a03cde11-8254-451f-9ee8-6e5d62d0f896|rpc:10.1.1.17:39543|priority:1], old=null
2022-08-24 13:28:51,716 [a03cde11-8254-451f-9ee8-6e5d62d0f896@group-E4D3BB4291D9-LeaderElection12] INFO  impl.LeaderElection (LeaderElection.java:askForVotes(312)) - a03cde11-8254-451f-9ee8-6e5d62d0f896@group-E4D3BB4291D9-LeaderElection12 ELECTION round 0: result PASSED (term=1)
2022-08-24 13:28:51,716 [a03cde11-8254-451f-9ee8-6e5d62d0f896@group-E4D3BB4291D9-LeaderElection12] INFO  impl.RoleInfo (RoleInfo.java:shutdownLeaderElection(130)) - a03cde11-8254-451f-9ee8-6e5d62d0f896: shutdown a03cde11-8254-451f-9ee8-6e5d62d0f896@group-E4D3BB4291D9-LeaderElection12
2022-08-24 13:28:51,716 [a03cde11-8254-451f-9ee8-6e5d62d0f896@group-E4D3BB4291D9-LeaderElection12] INFO  server.RaftServer$Division (RaftServerImpl.java:setRole(299)) - a03cde11-8254-451f-9ee8-6e5d62d0f896@group-E4D3BB4291D9: changes role from CANDIDATE to LEADER at term 1 for changeToLeader
2022-08-24 13:28:51,716 [a03cde11-8254-451f-9ee8-6e5d62d0f896@group-E4D3BB4291D9-LeaderElection12] INFO  ratis.XceiverServerRatis (XceiverServerRatis.java:handleLeaderChangedNotification(863)) - Leader change notification received for group: group-E4D3BB4291D9 with new leaderId: a03cde11-8254-451f-9ee8-6e5d62d0f896
2022-08-24 13:28:51,717 [a03cde11-8254-451f-9ee8-6e5d62d0f896@group-E4D3BB4291D9-LeaderElection12] INFO  server.RaftServer$Division (ServerState.java:setLeader(287)) - a03cde11-8254-451f-9ee8-6e5d62d0f896@group-E4D3BB4291D9: change Leader from null to a03cde11-8254-451f-9ee8-6e5d62d0f896 at term 1 for becomeLeader, leader elected after 5159ms
2022-08-24 13:28:51,717 [a03cde11-8254-451f-9ee8-6e5d62d0f896@group-E4D3BB4291D9-LeaderElection12] INFO  server.RaftServerConfigKeys (ConfUtils.java:logGet(46)) - raft.server.staging.catchup.gap = 1000 (default)
2022-08-24 13:28:51,719 [a03cde11-8254-451f-9ee8-6e5d62d0f896@group-E4D3BB4291D9-LeaderElection12] INFO  server.RaftServerConfigKeys (ConfUtils.java:logGet(46)) - raft.server.write.element-limit = 1024 (custom)
2022-08-24 13:28:51,719 [a03cde11-8254-451f-9ee8-6e5d62d0f896@group-E4D3BB4291D9-LeaderElection12] INFO  server.RaftServerConfigKeys (ConfUtils.java:logGet(46)) - raft.server.write.byte-limit = 1024 M (=1073741824) (custom)
2022-08-24 13:28:51,719 [a03cde11-8254-451f-9ee8-6e5d62d0f896@group-E4D3BB4291D9-LeaderElection12] INFO  server.RaftServerConfigKeys (ConfUtils.java:logGet(46)) - raft.server.watch.timeout = 180s (custom)
2022-08-24 13:28:51,719 [a03cde11-8254-451f-9ee8-6e5d62d0f896@group-E4D3BB4291D9-LeaderElection12] INFO  server.RaftServerConfigKeys (ConfUtils.java:logGet(46)) - raft.server.watch.timeout.denomination = 1s (default)
2022-08-24 13:28:51,719 [a03cde11-8254-451f-9ee8-6e5d62d0f896@group-E4D3BB4291D9-LeaderElection12] INFO  server.RaftServerConfigKeys (ConfUtils.java:logGet(46)) - raft.server.watch.element-limit = 65536 (default)
2022-08-24 13:28:51,719 [a03cde11-8254-451f-9ee8-6e5d62d0f896@group-E4D3BB4291D9-LeaderElection12] INFO  server.RaftServerConfigKeys (ConfUtils.java:logGet(46)) - raft.server.write.element-limit = 1024 (custom)
2022-08-24 13:28:51,719 [a03cde11-8254-451f-9ee8-6e5d62d0f896@group-E4D3BB4291D9-LeaderElection12] INFO  server.RaftServerConfigKeys (ConfUtils.java:logGet(46)) - raft.server.write.follower.gap.ratio.max = -1.0 (default)
2022-08-24 13:28:51,719 [a03cde11-8254-451f-9ee8-6e5d62d0f896@group-E4D3BB4291D9-LeaderElection12] INFO  impl.RoleInfo (RoleInfo.java:updateAndGet(139)) - a03cde11-8254-451f-9ee8-6e5d62d0f896: start a03cde11-8254-451f-9ee8-6e5d62d0f896@group-E4D3BB4291D9-LeaderStateImpl
2022-08-24 13:28:51,720 [a03cde11-8254-451f-9ee8-6e5d62d0f896@group-E4D3BB4291D9-LeaderElection12] INFO  segmented.SegmentedRaftLogWorker (SegmentedRaftLogWorker.java:startLogSegment(425)) - a03cde11-8254-451f-9ee8-6e5d62d0f896@group-E4D3BB4291D9-SegmentedRaftLogWorker: Starting segment from index:0
2022-08-24 13:28:51,723 [a03cde11-8254-451f-9ee8-6e5d62d0f896@group-E4D3BB4291D9-SegmentedRaftLogWorker] INFO  segmented.SegmentedRaftLogWorker (SegmentedRaftLogWorker.java:execute(629)) - a03cde11-8254-451f-9ee8-6e5d62d0f896@group-E4D3BB4291D9-SegmentedRaftLogWorker: created new log segment /home/runner/work/ozone/ozone/hadoop-ozone/integration-test/target/test-dir/MiniOzoneClusterImpl-4ec5f5c4-b0ab-4cbf-8465-e18eb8453e4d/datanode-4/data/ratis/e0ea6767-ca3f-4212-bb8a-e4d3bb4291d9/current/log_inprogress_0
2022-08-24 13:28:51,723 [a03cde11-8254-451f-9ee8-6e5d62d0f896@group-E4D3BB4291D9-LeaderElection12] INFO  server.RaftServer$Division (ServerState.java:setRaftConf(393)) - a03cde11-8254-451f-9ee8-6e5d62d0f896@group-E4D3BB4291D9: set configuration 0: [a03cde11-8254-451f-9ee8-6e5d62d0f896|rpc:10.1.1.17:39543|dataStream:|priority:1], old=null
2022-08-24 13:28:51,754 [Listener at 127.0.0.1/38251] INFO  rpc.RpcClient (RpcClient.java:createVolume(471)) - Creating Volume: testblockoutputstream, with runner as owner and space quota set to -1 bytes, counts quota set to -1
2022-08-24 13:28:51,793 [OM StateMachine ApplyTransaction Thread - 0] INFO  volume.OMVolumeCreateRequest (OMVolumeCreateRequest.java:validateAndUpdateCache(195)) - created volume:testblockoutputstream for user:runner
2022-08-24 13:28:51,815 [Listener at 127.0.0.1/38251] INFO  rpc.RpcClient (RpcClient.java:createBucket(674)) - Creating Bucket: testblockoutputstream/testblockoutputstream, with server-side default bucket layout, runner as owner, Versioning false, Storage Type set to DISK and Encryption set to false 
2022-08-24 13:28:51,830 [OM StateMachine ApplyTransaction Thread - 0] INFO  bucket.OMBucketCreateRequest (OMBucketCreateRequest.java:validateAndUpdateCache(260)) - created bucket: testblockoutputstream of layout LEGACY in volume: testblockoutputstream
2022-08-24 13:28:51,847 [Time-limited test] INFO  impl.MetricsSystemImpl (MetricsSystemImpl.java:init(158)) - XceiverClientMetrics metrics system started (again)
2022-08-24 13:28:51,904 [IPC Server handler 0 on default port 41631] INFO  ha.SequenceIdGenerator (SequenceIdGenerator.java:getNextId(128)) - Allocate a batch for containerId, change lastId from 0 to 1000.
2022-08-24 13:28:51,915 [IPC Server handler 0 on default port 41631] WARN  ha.SequenceIdGenerator (SequenceIdGenerator.java:allocateBatch(237)) - Failed to allocate a batch for localId, expected lastId is 0, actual lastId is 109611004723200000.
2022-08-24 13:28:51,916 [IPC Server handler 0 on default port 41631] INFO  ha.SequenceIdGenerator (SequenceIdGenerator.java:getNextId(128)) - Allocate a batch for localId, change lastId from 109611004723200000 to 109611004723201000.
2022-08-24 13:28:51,965 [6df90b5a-2255-4e76-9861-62a750936b37@group-C0D6027990CB-FollowerState] INFO  impl.FollowerState (FollowerState.java:run(143)) - 6df90b5a-2255-4e76-9861-62a750936b37@group-C0D6027990CB-FollowerState: change to CANDIDATE, lastRpcElapsedTime:5117494735ns, electionTimeout:5113ms
2022-08-24 13:28:51,965 [6df90b5a-2255-4e76-9861-62a750936b37@group-C0D6027990CB-FollowerState] INFO  impl.RoleInfo (RoleInfo.java:shutdownFollowerState(110)) - 6df90b5a-2255-4e76-9861-62a750936b37: shutdown 6df90b5a-2255-4e76-9861-62a750936b37@group-C0D6027990CB-FollowerState
2022-08-24 13:28:51,965 [6df90b5a-2255-4e76-9861-62a750936b37@group-C0D6027990CB-FollowerState] INFO  server.RaftServer$Division (RaftServerImpl.java:setRole(299)) - 6df90b5a-2255-4e76-9861-62a750936b37@group-C0D6027990CB: changes role from  FOLLOWER to CANDIDATE at term 0 for changeToCandidate
2022-08-24 13:28:51,965 [6df90b5a-2255-4e76-9861-62a750936b37@group-C0D6027990CB-FollowerState] INFO  server.RaftServerConfigKeys (ConfUtils.java:logGet(46)) - raft.server.leaderelection.pre-vote = false (custom)
2022-08-24 13:28:51,965 [6df90b5a-2255-4e76-9861-62a750936b37@group-C0D6027990CB-FollowerState] INFO  impl.RoleInfo (RoleInfo.java:updateAndGet(139)) - 6df90b5a-2255-4e76-9861-62a750936b37: start 6df90b5a-2255-4e76-9861-62a750936b37@group-C0D6027990CB-LeaderElection13
2022-08-24 13:28:51,983 [6df90b5a-2255-4e76-9861-62a750936b37@group-C0D6027990CB-LeaderElection13] INFO  impl.LeaderElection (LeaderElection.java:askForVotes(310)) - 6df90b5a-2255-4e76-9861-62a750936b37@group-C0D6027990CB-LeaderElection13 ELECTION round 0: submit vote requests at term 1 for -1: [6df90b5a-2255-4e76-9861-62a750936b37|rpc:10.1.1.17:39203|priority:1], old=null
2022-08-24 13:28:51,983 [6df90b5a-2255-4e76-9861-62a750936b37@group-C0D6027990CB-LeaderElection13] INFO  impl.LeaderElection (LeaderElection.java:askForVotes(312)) - 6df90b5a-2255-4e76-9861-62a750936b37@group-C0D6027990CB-LeaderElection13 ELECTION round 0: result PASSED (term=1)
2022-08-24 13:28:51,983 [6df90b5a-2255-4e76-9861-62a750936b37@group-C0D6027990CB-LeaderElection13] INFO  impl.RoleInfo (RoleInfo.java:shutdownLeaderElection(130)) - 6df90b5a-2255-4e76-9861-62a750936b37: shutdown 6df90b5a-2255-4e76-9861-62a750936b37@group-C0D6027990CB-LeaderElection13
2022-08-24 13:28:51,984 [6df90b5a-2255-4e76-9861-62a750936b37@group-C0D6027990CB-LeaderElection13] INFO  server.RaftServer$Division (RaftServerImpl.java:setRole(299)) - 6df90b5a-2255-4e76-9861-62a750936b37@group-C0D6027990CB: changes role from CANDIDATE to LEADER at term 1 for changeToLeader
2022-08-24 13:28:51,984 [6df90b5a-2255-4e76-9861-62a750936b37@group-C0D6027990CB-LeaderElection13] INFO  ratis.XceiverServerRatis (XceiverServerRatis.java:handleLeaderChangedNotification(863)) - Leader change notification received for group: group-C0D6027990CB with new leaderId: 6df90b5a-2255-4e76-9861-62a750936b37
2022-08-24 13:28:51,984 [6df90b5a-2255-4e76-9861-62a750936b37@group-C0D6027990CB-LeaderElection13] INFO  server.RaftServer$Division (ServerState.java:setLeader(287)) - 6df90b5a-2255-4e76-9861-62a750936b37@group-C0D6027990CB: change Leader from null to 6df90b5a-2255-4e76-9861-62a750936b37 at term 1 for becomeLeader, leader elected after 5141ms
2022-08-24 13:28:51,984 [6df90b5a-2255-4e76-9861-62a750936b37@group-C0D6027990CB-LeaderElection13] INFO  server.RaftServerConfigKeys (ConfUtils.java:logGet(46)) - raft.server.staging.catchup.gap = 1000 (default)
2022-08-24 13:28:51,984 [6df90b5a-2255-4e76-9861-62a750936b37@group-C0D6027990CB-LeaderElection13] INFO  server.RaftServerConfigKeys (ConfUtils.java:logGet(46)) - raft.server.write.element-limit = 1024 (custom)
2022-08-24 13:28:51,984 [6df90b5a-2255-4e76-9861-62a750936b37@group-C0D6027990CB-LeaderElection13] INFO  server.RaftServerConfigKeys (ConfUtils.java:logGet(46)) - raft.server.write.byte-limit = 1024 M (=1073741824) (custom)
2022-08-24 13:28:51,984 [6df90b5a-2255-4e76-9861-62a750936b37@group-C0D6027990CB-LeaderElection13] INFO  server.RaftServerConfigKeys (ConfUtils.java:logGet(46)) - raft.server.watch.timeout = 180s (custom)
2022-08-24 13:28:51,984 [6df90b5a-2255-4e76-9861-62a750936b37@group-C0D6027990CB-LeaderElection13] INFO  server.RaftServerConfigKeys (ConfUtils.java:logGet(46)) - raft.server.watch.timeout.denomination = 1s (default)
2022-08-24 13:28:51,984 [6df90b5a-2255-4e76-9861-62a750936b37@group-C0D6027990CB-LeaderElection13] INFO  server.RaftServerConfigKeys (ConfUtils.java:logGet(46)) - raft.server.watch.element-limit = 65536 (default)
2022-08-24 13:28:51,984 [6df90b5a-2255-4e76-9861-62a750936b37@group-C0D6027990CB-LeaderElection13] INFO  server.RaftServerConfigKeys (ConfUtils.java:logGet(46)) - raft.server.write.element-limit = 1024 (custom)
2022-08-24 13:28:51,985 [6df90b5a-2255-4e76-9861-62a750936b37@group-C0D6027990CB-LeaderElection13] INFO  server.RaftServerConfigKeys (ConfUtils.java:logGet(46)) - raft.server.write.follower.gap.ratio.max = -1.0 (default)
2022-08-24 13:28:51,985 [6df90b5a-2255-4e76-9861-62a750936b37@group-C0D6027990CB-LeaderElection13] INFO  impl.RoleInfo (RoleInfo.java:updateAndGet(139)) - 6df90b5a-2255-4e76-9861-62a750936b37: start 6df90b5a-2255-4e76-9861-62a750936b37@group-C0D6027990CB-LeaderStateImpl
2022-08-24 13:28:51,985 [6df90b5a-2255-4e76-9861-62a750936b37@group-C0D6027990CB-LeaderElection13] INFO  segmented.SegmentedRaftLogWorker (SegmentedRaftLogWorker.java:startLogSegment(425)) - 6df90b5a-2255-4e76-9861-62a750936b37@group-C0D6027990CB-SegmentedRaftLogWorker: Starting segment from index:0
2022-08-24 13:28:51,987 [6df90b5a-2255-4e76-9861-62a750936b37@group-C0D6027990CB-SegmentedRaftLogWorker] INFO  segmented.SegmentedRaftLogWorker (SegmentedRaftLogWorker.java:execute(629)) - 6df90b5a-2255-4e76-9861-62a750936b37@group-C0D6027990CB-SegmentedRaftLogWorker: created new log segment /home/runner/work/ozone/ozone/hadoop-ozone/integration-test/target/test-dir/MiniOzoneClusterImpl-4ec5f5c4-b0ab-4cbf-8465-e18eb8453e4d/datanode-5/data/ratis/894c91d8-ee1a-4f29-8cd3-c0d6027990cb/current/log_inprogress_0
2022-08-24 13:28:51,997 [6df90b5a-2255-4e76-9861-62a750936b37@group-C0D6027990CB-LeaderElection13] INFO  server.RaftServer$Division (ServerState.java:setRaftConf(393)) - 6df90b5a-2255-4e76-9861-62a750936b37@group-C0D6027990CB: set configuration 0: [6df90b5a-2255-4e76-9861-62a750936b37|rpc:10.1.1.17:39203|dataStream:|priority:1], old=null
2022-08-24 13:28:52,378 [0046a835-3796-45b6-8c08-5dd5cec2cc64@group-4F272FF71FE7-FollowerState] INFO  impl.FollowerState (FollowerState.java:run(143)) - 0046a835-3796-45b6-8c08-5dd5cec2cc64@group-4F272FF71FE7-FollowerState: change to CANDIDATE, lastRpcElapsedTime:5137488502ns, electionTimeout:5135ms
2022-08-24 13:28:52,378 [0046a835-3796-45b6-8c08-5dd5cec2cc64@group-4F272FF71FE7-FollowerState] INFO  impl.RoleInfo (RoleInfo.java:shutdownFollowerState(110)) - 0046a835-3796-45b6-8c08-5dd5cec2cc64: shutdown 0046a835-3796-45b6-8c08-5dd5cec2cc64@group-4F272FF71FE7-FollowerState
2022-08-24 13:28:52,378 [0046a835-3796-45b6-8c08-5dd5cec2cc64@group-4F272FF71FE7-FollowerState] INFO  server.RaftServer$Division (RaftServerImpl.java:setRole(299)) - 0046a835-3796-45b6-8c08-5dd5cec2cc64@group-4F272FF71FE7: changes role from  FOLLOWER to CANDIDATE at term 0 for changeToCandidate
2022-08-24 13:28:52,397 [0046a835-3796-45b6-8c08-5dd5cec2cc64@group-4F272FF71FE7-FollowerState] INFO  server.RaftServerConfigKeys (ConfUtils.java:logGet(46)) - raft.server.leaderelection.pre-vote = false (custom)
2022-08-24 13:28:52,397 [0046a835-3796-45b6-8c08-5dd5cec2cc64@group-4F272FF71FE7-FollowerState] INFO  impl.RoleInfo (RoleInfo.java:updateAndGet(139)) - 0046a835-3796-45b6-8c08-5dd5cec2cc64: start 0046a835-3796-45b6-8c08-5dd5cec2cc64@group-4F272FF71FE7-LeaderElection14
2022-08-24 13:28:52,413 [0046a835-3796-45b6-8c08-5dd5cec2cc64@group-4F272FF71FE7-LeaderElection14] INFO  impl.LeaderElection (LeaderElection.java:askForVotes(310)) - 0046a835-3796-45b6-8c08-5dd5cec2cc64@group-4F272FF71FE7-LeaderElection14 ELECTION round 0: submit vote requests at term 1 for -1: [0046a835-3796-45b6-8c08-5dd5cec2cc64|rpc:10.1.1.17:38893|priority:1], old=null
2022-08-24 13:28:52,413 [0046a835-3796-45b6-8c08-5dd5cec2cc64@group-4F272FF71FE7-LeaderElection14] INFO  impl.LeaderElection (LeaderElection.java:askForVotes(312)) - 0046a835-3796-45b6-8c08-5dd5cec2cc64@group-4F272FF71FE7-LeaderElection14 ELECTION round 0: result PASSED (term=1)
2022-08-24 13:28:52,413 [0046a835-3796-45b6-8c08-5dd5cec2cc64@group-4F272FF71FE7-LeaderElection14] INFO  impl.RoleInfo (RoleInfo.java:shutdownLeaderElection(130)) - 0046a835-3796-45b6-8c08-5dd5cec2cc64: shutdown 0046a835-3796-45b6-8c08-5dd5cec2cc64@group-4F272FF71FE7-LeaderElection14
2022-08-24 13:28:52,413 [0046a835-3796-45b6-8c08-5dd5cec2cc64@group-4F272FF71FE7-LeaderElection14] INFO  server.RaftServer$Division (RaftServerImpl.java:setRole(299)) - 0046a835-3796-45b6-8c08-5dd5cec2cc64@group-4F272FF71FE7: changes role from CANDIDATE to LEADER at term 1 for changeToLeader
2022-08-24 13:28:52,413 [0046a835-3796-45b6-8c08-5dd5cec2cc64@group-4F272FF71FE7-LeaderElection14] INFO  ratis.XceiverServerRatis (XceiverServerRatis.java:handleLeaderChangedNotification(863)) - Leader change notification received for group: group-4F272FF71FE7 with new leaderId: 0046a835-3796-45b6-8c08-5dd5cec2cc64
2022-08-24 13:28:52,415 [0046a835-3796-45b6-8c08-5dd5cec2cc64@group-4F272FF71FE7-LeaderElection14] INFO  server.RaftServer$Division (ServerState.java:setLeader(287)) - 0046a835-3796-45b6-8c08-5dd5cec2cc64@group-4F272FF71FE7: change Leader from null to 0046a835-3796-45b6-8c08-5dd5cec2cc64 at term 1 for becomeLeader, leader elected after 5180ms
2022-08-24 13:28:52,415 [0046a835-3796-45b6-8c08-5dd5cec2cc64@group-4F272FF71FE7-LeaderElection14] INFO  server.RaftServerConfigKeys (ConfUtils.java:logGet(46)) - raft.server.staging.catchup.gap = 1000 (default)
2022-08-24 13:28:52,415 [0046a835-3796-45b6-8c08-5dd5cec2cc64@group-4F272FF71FE7-LeaderElection14] INFO  server.RaftServerConfigKeys (ConfUtils.java:logGet(46)) - raft.server.write.element-limit = 1024 (custom)
2022-08-24 13:28:52,416 [0046a835-3796-45b6-8c08-5dd5cec2cc64@group-4F272FF71FE7-LeaderElection14] INFO  server.RaftServerConfigKeys (ConfUtils.java:logGet(46)) - raft.server.write.byte-limit = 1024 M (=1073741824) (custom)
2022-08-24 13:28:52,416 [0046a835-3796-45b6-8c08-5dd5cec2cc64@group-4F272FF71FE7-LeaderElection14] INFO  server.RaftServerConfigKeys (ConfUtils.java:logGet(46)) - raft.server.watch.timeout = 180s (custom)
2022-08-24 13:28:52,416 [0046a835-3796-45b6-8c08-5dd5cec2cc64@group-4F272FF71FE7-LeaderElection14] INFO  server.RaftServerConfigKeys (ConfUtils.java:logGet(46)) - raft.server.watch.timeout.denomination = 1s (default)
2022-08-24 13:28:52,416 [0046a835-3796-45b6-8c08-5dd5cec2cc64@group-4F272FF71FE7-LeaderElection14] INFO  server.RaftServerConfigKeys (ConfUtils.java:logGet(46)) - raft.server.watch.element-limit = 65536 (default)
2022-08-24 13:28:52,416 [0046a835-3796-45b6-8c08-5dd5cec2cc64@group-4F272FF71FE7-LeaderElection14] INFO  server.RaftServerConfigKeys (ConfUtils.java:logGet(46)) - raft.server.write.element-limit = 1024 (custom)
2022-08-24 13:28:52,416 [0046a835-3796-45b6-8c08-5dd5cec2cc64@group-4F272FF71FE7-LeaderElection14] INFO  server.RaftServerConfigKeys (ConfUtils.java:logGet(46)) - raft.server.write.follower.gap.ratio.max = -1.0 (default)
2022-08-24 13:28:52,416 [0046a835-3796-45b6-8c08-5dd5cec2cc64@group-4F272FF71FE7-LeaderElection14] INFO  impl.RoleInfo (RoleInfo.java:updateAndGet(139)) - 0046a835-3796-45b6-8c08-5dd5cec2cc64: start 0046a835-3796-45b6-8c08-5dd5cec2cc64@group-4F272FF71FE7-LeaderStateImpl
2022-08-24 13:28:52,416 [0046a835-3796-45b6-8c08-5dd5cec2cc64@group-4F272FF71FE7-LeaderElection14] INFO  segmented.SegmentedRaftLogWorker (SegmentedRaftLogWorker.java:startLogSegment(425)) - 0046a835-3796-45b6-8c08-5dd5cec2cc64@group-4F272FF71FE7-SegmentedRaftLogWorker: Starting segment from index:0
2022-08-24 13:28:52,418 [0046a835-3796-45b6-8c08-5dd5cec2cc64@group-4F272FF71FE7-SegmentedRaftLogWorker] INFO  segmented.SegmentedRaftLogWorker (SegmentedRaftLogWorker.java:execute(629)) - 0046a835-3796-45b6-8c08-5dd5cec2cc64@group-4F272FF71FE7-SegmentedRaftLogWorker: created new log segment /home/runner/work/ozone/ozone/hadoop-ozone/integration-test/target/test-dir/MiniOzoneClusterImpl-4ec5f5c4-b0ab-4cbf-8465-e18eb8453e4d/datanode-6/data/ratis/96512f08-b2cc-4df1-90d4-4f272ff71fe7/current/log_inprogress_0
2022-08-24 13:28:52,428 [0046a835-3796-45b6-8c08-5dd5cec2cc64@group-4F272FF71FE7-LeaderElection14] INFO  server.RaftServer$Division (ServerState.java:setRaftConf(393)) - 0046a835-3796-45b6-8c08-5dd5cec2cc64@group-4F272FF71FE7: set configuration 0: [0046a835-3796-45b6-8c08-5dd5cec2cc64|rpc:10.1.1.17:38893|dataStream:|priority:1], old=null
]]></system-out>
  </testcase>
  <testcase name="testMultiChunkWrite2" classname="org.apache.hadoop.ozone.client.rpc.TestBlockOutputStreamFlushDelay" time="0.185"/>
  <testcase name="testMultiChunkWrite" classname="org.apache.hadoop.ozone.client.rpc.TestBlockOutputStreamFlushDelay" time="0.035">
    <failure type="java.lang.AssertionError"><![CDATA[java.lang.AssertionError: expected:<1> but was:<0>
	at org.junit.Assert.fail(Assert.java:89)
	at org.junit.Assert.failNotEquals(Assert.java:835)
	at org.junit.Assert.assertEquals(Assert.java:647)
	at org.junit.Assert.assertEquals(Assert.java:633)
	at org.apache.hadoop.ozone.client.rpc.TestBlockOutputStreamFlushDelay.testMultiChunkWrite(TestBlockOutputStreamFlushDelay.java:349)
	at sun.reflect.NativeMethodAccessorImpl.invoke0(Native Method)
	at sun.reflect.NativeMethodAccessorImpl.invoke(NativeMethodAccessorImpl.java:62)
	at sun.reflect.DelegatingMethodAccessorImpl.invoke(DelegatingMethodAccessorImpl.java:43)
	at java.lang.reflect.Method.invoke(Method.java:498)
	at org.junit.runners.model.FrameworkMethod$1.runReflectiveCall(FrameworkMethod.java:59)
	at org.junit.internal.runners.model.ReflectiveCallable.run(ReflectiveCallable.java:12)
	at org.junit.runners.model.FrameworkMethod.invokeExplosively(FrameworkMethod.java:56)
	at org.junit.internal.runners.statements.InvokeMethod.evaluate(InvokeMethod.java:17)
	at org.junit.internal.runners.statements.FailOnTimeout$CallableStatement.call(FailOnTimeout.java:288)
	at org.junit.internal.runners.statements.FailOnTimeout$CallableStatement.call(FailOnTimeout.java:282)
	at java.util.concurrent.FutureTask.run(FutureTask.java:266)
	at java.lang.Thread.run(Thread.java:750)
]]></failure>
  </testcase>
  <testcase name="testFullBufferCondition" classname="org.apache.hadoop.ozone.client.rpc.TestBlockOutputStreamFlushDelay" time="0.176"/>
  <testcase name="testBufferCaching" classname="org.apache.hadoop.ozone.client.rpc.TestBlockOutputStreamFlushDelay" time="0.201"/>
  <testcase name="testWriteWithExceedingMaxBufferLimit" classname="org.apache.hadoop.ozone.client.rpc.TestBlockOutputStreamFlushDelay" time="0.19"/>
</testsuite>