<?xml version="1.0" encoding="UTF-8"?>
<testsuite xmlns:xsi="http://www.w3.org/2001/XMLSchema-instance" xsi:noNamespaceSchemaLocation="https://maven.apache.org/surefire/maven-surefire-plugin/xsd/surefire-test-report-3.0.xsd" version="3.0" name="org.apache.hadoop.fs.ozone.TestRootedOzoneFileSystem" time="405.593" tests="170" errors="0" skipped="14" failures="1">
  <properties>
    <property name="awt.toolkit" value="sun.awt.X11.XToolkit"/>
    <property name="file.encoding.pkg" value="sun.io"/>
    <property name="java.specification.version" value="1.8"/>
    <property name="sun.cpu.isalist" value=""/>
    <property name="sun.jnu.encoding" value="UTF-8"/>
    <property name="java.class.path" value="/home/runner/work/ozone/ozone/hadoop-ozone/integration-test/target/test-classes:/home/runner/work/ozone/ozone/hadoop-ozone/integration-test/target/classes:/home/runner/.m2/repository/org/apache/ozone/ozone-common/1.3.0-SNAPSHOT/ozone-common-1.3.0-SNAPSHOT.jar:/home/runner/.m2/repository/io/grpc/grpc-netty/1.44.0/grpc-netty-1.44.0.jar:/home/runner/.m2/repository/io/grpc/grpc-core/1.44.0/grpc-core-1.44.0.jar:/home/runner/.m2/repository/com/google/android/annotations/4.1.1.4/annotations-4.1.1.4.jar:/home/runner/.m2/repository/org/codehaus/mojo/animal-sniffer-annotations/1.19/animal-sniffer-annotations-1.19.jar:/home/runner/.m2/repository/com/google/errorprone/error_prone_annotations/2.2.0/error_prone_annotations-2.2.0.jar:/home/runner/.m2/repository/io/perfmark/perfmark-api/0.23.0/perfmark-api-0.23.0.jar:/home/runner/.m2/repository/io/netty/netty-codec-http2/4.1.79.Final/netty-codec-http2-4.1.79.Final.jar:/home/runner/.m2/repository/io/netty/netty-common/4.1.79.Final/netty-common-4.1.79.Final.jar:/home/runner/.m2/repository/io/netty/netty-buffer/4.1.79.Final/netty-buffer-4.1.79.Final.jar:/home/runner/.m2/repository/io/netty/netty-codec-http/4.1.79.Final/netty-codec-http-4.1.79.Final.jar:/home/runner/.m2/repository/io/netty/netty-handler-proxy/4.1.79.Final/netty-handler-proxy-4.1.79.Final.jar:/home/runner/.m2/repository/io/netty/netty-codec-socks/4.1.79.Final/netty-codec-socks-4.1.79.Final.jar:/home/runner/.m2/repository/io/netty/netty-tcnative-boringssl-static/2.0.53.Final/netty-tcnative-boringssl-static-2.0.53.Final.jar:/home/runner/.m2/repository/io/netty/netty-tcnative-classes/2.0.53.Final/netty-tcnative-classes-2.0.53.Final.jar:/home/runner/.m2/repository/io/netty/netty-tcnative-boringssl-static/2.0.53.Final/netty-tcnative-boringssl-static-2.0.53.Final-linux-x86_64.jar:/home/runner/.m2/repository/io/netty/netty-tcnative-boringssl-static/2.0.53.Final/netty-tcnative-boringssl-static-2.0.53.Final-linux-aarch_64.jar:/home/runner/.m2/repository/io/netty/netty-tcnative-boringssl-static/2.0.53.Final/netty-tcnative-boringssl-static-2.0.53.Final-osx-x86_64.jar:/home/runner/.m2/repository/io/netty/netty-tcnative-boringssl-static/2.0.53.Final/netty-tcnative-boringssl-static-2.0.53.Final-osx-aarch_64.jar:/home/runner/.m2/repository/io/netty/netty-tcnative-boringssl-static/2.0.53.Final/netty-tcnative-boringssl-static-2.0.53.Final-windows-x86_64.jar:/home/runner/.m2/repository/org/apache/commons/commons-compress/1.21/commons-compress-1.21.jar:/home/runner/.m2/repository/org/apache/ozone/hdds-common/1.3.0-SNAPSHOT/hdds-common-1.3.0-SNAPSHOT.jar:/home/runner/.m2/repository/org/apache/ozone/hdds-client/1.3.0-SNAPSHOT/hdds-client-1.3.0-SNAPSHOT.jar:/home/runner/.m2/repository/org/apache/ozone/ozone-interface-client/1.3.0-SNAPSHOT/ozone-interface-client-1.3.0-SNAPSHOT.jar:/home/runner/.m2/repository/org/apache/ozone/hdds-test-utils/1.3.0-SNAPSHOT/hdds-test-utils-1.3.0-SNAPSHOT.jar:/home/runner/.m2/repository/com/google/guava/guava/31.1-jre/guava-31.1-jre.jar:/home/runner/.m2/repository/com/google/guava/failureaccess/1.0.1/failureaccess-1.0.1.jar:/home/runner/.m2/repository/com/google/guava/listenablefuture/9999.0-empty-to-avoid-conflict-with-guava/listenablefuture-9999.0-empty-to-avoid-conflict-with-guava.jar:/home/runner/.m2/repository/com/google/code/findbugs/jsr305/3.0.0/jsr305-3.0.0.jar:/home/runner/.m2/repository/org/checkerframework/checker-qual/3.12.0/checker-qual-3.12.0.jar:/home/runner/.m2/repository/com/google/j2objc/j2objc-annotations/1.3/j2objc-annotations-1.3.jar:/home/runner/.m2/repository/commons-io/commons-io/2.11.0/commons-io-2.11.0.jar:/home/runner/.m2/repository/commons-logging/commons-logging/1.2/commons-logging-1.2.jar:/home/runner/.m2/repository/log4j/log4j/1.2.17/log4j-1.2.17.jar:/home/runner/.m2/repository/org/slf4j/slf4j-api/1.7.30/slf4j-api-1.7.30.jar:/home/runner/.m2/repository/org/apache/ozone/hdds-server-scm/1.3.0-SNAPSHOT/hdds-server-scm-1.3.0-SNAPSHOT.jar:/home/runner/.m2/repository/org/apache/ozone/hdds-container-service/1.3.0-SNAPSHOT/hdds-container-service-1.3.0-SNAPSHOT.jar:/home/runner/.m2/repository/org/apache/ozone/hdds-hadoop-dependency-server/1.3.0-SNAPSHOT/hdds-hadoop-dependency-server-1.3.0-SNAPSHOT.jar:/home/runner/.m2/repository/org/apache/hadoop/hadoop-hdfs/3.3.1/hadoop-hdfs-3.3.1.jar:/home/runner/.m2/repository/org/apache/ozone/hdds-server-framework/1.3.0-SNAPSHOT/hdds-server-framework-1.3.0-SNAPSHOT.jar:/home/runner/.m2/repository/org/apache/ozone/hdds-interface-server/1.3.0-SNAPSHOT/hdds-interface-server-1.3.0-SNAPSHOT.jar:/home/runner/.m2/repository/org/apache/logging/log4j/log4j-core/2.17.1/log4j-core-2.17.1.jar:/home/runner/.m2/repository/com/lmax/disruptor/3.4.2/disruptor-3.4.2.jar:/home/runner/.m2/repository/org/eclipse/jetty/jetty-servlet/9.4.43.v20210629/jetty-servlet-9.4.43.v20210629.jar:/home/runner/.m2/repository/org/eclipse/jetty/jetty-security/9.4.43.v20210629/jetty-security-9.4.43.v20210629.jar:/home/runner/.m2/repository/org/rocksdb/rocksdbjni/6.29.5/rocksdbjni-6.29.5.jar:/home/runner/.m2/repository/io/prometheus/simpleclient_dropwizard/0.7.0/simpleclient_dropwizard-0.7.0.jar:/home/runner/.m2/repository/io/prometheus/simpleclient/0.7.0/simpleclient-0.7.0.jar:/home/runner/.m2/repository/io/prometheus/simpleclient_common/0.7.0/simpleclient_common-0.7.0.jar:/home/runner/.m2/repository/io/dropwizard/metrics/metrics-core/3.2.4/metrics-core-3.2.4.jar:/home/runner/.m2/repository/org/apache/hadoop/hadoop-hdfs-client/3.3.1/hadoop-hdfs-client-3.3.1.jar:/home/runner/.m2/repository/org/bouncycastle/bcprov-jdk15on/1.67/bcprov-jdk15on-1.67.jar:/home/runner/.m2/repository/com/google/protobuf/protobuf-java/2.5.0/protobuf-java-2.5.0.jar:/home/runner/.m2/repository/org/apache/ozone/ozone-manager/1.3.0-SNAPSHOT/ozone-manager-1.3.0-SNAPSHOT.jar:/home/runner/.m2/repository/org/aspectj/aspectjrt/1.9.7/aspectjrt-1.9.7.jar:/home/runner/.m2/repository/org/aspectj/aspectjweaver/1.9.7/aspectjweaver-1.9.7.jar:/home/runner/.m2/repository/org/apache/ozone/hdds-interface-client/1.3.0-SNAPSHOT/hdds-interface-client-1.3.0-SNAPSHOT.jar:/home/runner/.m2/repository/org/apache/hadoop/thirdparty/hadoop-shaded-protobuf_3_7/1.1.1/hadoop-shaded-protobuf_3_7-1.1.1.jar:/home/runner/.m2/repository/org/apache/ozone/ozone-interface-storage/1.3.0-SNAPSHOT/ozone-interface-storage-1.3.0-SNAPSHOT.jar:/home/runner/.m2/repository/org/reflections/reflections/0.9.11/reflections-0.9.11.jar:/home/runner/.m2/repository/com/sun/jersey/jersey-client/1.19/jersey-client-1.19.jar:/home/runner/.m2/repository/org/apache/ranger/ranger-intg/2.3.0/ranger-intg-2.3.0.jar:/home/runner/.m2/repository/org/apache/ranger/ranger-plugins-common/2.3.0/ranger-plugins-common-2.3.0.jar:/home/runner/.m2/repository/commons-lang/commons-lang/2.6/commons-lang-2.6.jar:/home/runner/.m2/repository/org/codehaus/jackson/jackson-jaxrs/1.9.13/jackson-jaxrs-1.9.13.jar:/home/runner/.m2/repository/org/apache/ranger/ranger-plugins-cred/2.3.0/ranger-plugins-cred-2.3.0.jar:/home/runner/.m2/repository/org/apache/ranger/ranger-plugins-audit/2.3.0/ranger-plugins-audit-2.3.0.jar:/home/runner/.m2/repository/org/apache/kafka/kafka-clients/2.8.1/kafka-clients-2.8.1.jar:/home/runner/.m2/repository/com/github/luben/zstd-jni/1.4.9-1/zstd-jni-1.4.9-1.jar:/home/runner/.m2/repository/org/apache/solr/solr-solrj/8.6.3/solr-solrj-8.6.3.jar:/home/runner/.m2/repository/org/slf4j/jcl-over-slf4j/1.7.24/jcl-over-slf4j-1.7.24.jar:/home/runner/.m2/repository/org/eclipse/jetty/jetty-client/9.4.31.v20200723/jetty-client-9.4.31.v20200723.jar:/home/runner/.m2/repository/org/apache/httpcomponents/httpmime/4.5.6/httpmime-4.5.6.jar:/home/runner/.m2/repository/org/apache/httpcomponents/httpcore-nio/4.4.6/httpcore-nio-4.4.6.jar:/home/runner/.m2/repository/org/apache/httpcomponents/httpasyncclient/4.1.3/httpasyncclient-4.1.3.jar:/home/runner/.m2/repository/com/carrotsearch/hppc/0.8.0/hppc-0.8.0.jar:/home/runner/.m2/repository/org/apache/hive/hive-storage-api/2.7.2/hive-storage-api-2.7.2.jar:/home/runner/.m2/repository/org/apache/orc/orc-core/1.5.8/orc-core-1.5.8.jar:/home/runner/.m2/repository/com/amazonaws/aws-java-sdk-bundle/1.12.125/aws-java-sdk-bundle-1.12.125.jar:/home/runner/.m2/repository/net/java/dev/jna/jna/5.2.0/jna-5.2.0.jar:/home/runner/.m2/repository/net/java/dev/jna/jna-platform/5.2.0/jna-platform-5.2.0.jar:/home/runner/.m2/repository/com/kstruct/gethostname4j/0.0.2/gethostname4j-0.0.2.jar:/home/runner/.m2/repository/org/apache/ranger/ranger-plugin-classloader/2.3.0/ranger-plugin-classloader-2.3.0.jar:/home/runner/.m2/repository/org/apache/hadoop/hadoop-minikdc/3.3.1/hadoop-minikdc-3.3.1.jar:/home/runner/.m2/repository/org/apache/kerby/kerb-simplekdc/1.0.1/kerb-simplekdc-1.0.1.jar:/home/runner/.m2/repository/org/apache/kerby/kerb-client/1.0.1/kerb-client-1.0.1.jar:/home/runner/.m2/repository/org/apache/kerby/kerby-config/1.0.1/kerby-config-1.0.1.jar:/home/runner/.m2/repository/org/apache/kerby/kerb-common/1.0.1/kerb-common-1.0.1.jar:/home/runner/.m2/repository/org/apache/kerby/kerb-crypto/1.0.1/kerb-crypto-1.0.1.jar:/home/runner/.m2/repository/org/apache/kerby/kerb-util/1.0.1/kerb-util-1.0.1.jar:/home/runner/.m2/repository/org/apache/kerby/token-provider/1.0.1/token-provider-1.0.1.jar:/home/runner/.m2/repository/org/apache/kerby/kerb-admin/1.0.1/kerb-admin-1.0.1.jar:/home/runner/.m2/repository/org/apache/kerby/kerb-server/1.0.1/kerb-server-1.0.1.jar:/home/runner/.m2/repository/org/apache/kerby/kerb-identity/1.0.1/kerb-identity-1.0.1.jar:/home/runner/.m2/repository/org/apache/kerby/kerby-xdr/1.0.1/kerby-xdr-1.0.1.jar:/home/runner/.m2/repository/org/slf4j/slf4j-log4j12/1.7.30/slf4j-log4j12-1.7.30.jar:/home/runner/.m2/repository/org/apache/ozone/ozone-s3gateway/1.3.0-SNAPSHOT/ozone-s3gateway-1.3.0-SNAPSHOT.jar:/home/runner/.m2/repository/org/javassist/javassist/3.21.0-GA/javassist-3.21.0-GA.jar:/home/runner/.m2/repository/org/jboss/weld/servlet/weld-servlet/2.4.7.Final/weld-servlet-2.4.7.Final.jar:/home/runner/.m2/repository/org/glassfish/jersey/containers/jersey-container-servlet-core/2.33/jersey-container-servlet-core-2.33.jar:/home/runner/.m2/repository/org/glassfish/hk2/external/jakarta.inject/2.6.1/jakarta.inject-2.6.1.jar:/home/runner/.m2/repository/org/glassfish/jersey/core/jersey-common/2.33/jersey-common-2.33.jar:/home/runner/.m2/repository/jakarta/ws/rs/jakarta.ws.rs-api/2.1.6/jakarta.ws.rs-api-2.1.6.jar:/home/runner/.m2/repository/org/glassfish/jersey/ext/cdi/jersey-cdi1x/2.33/jersey-cdi1x-2.33.jar:/home/runner/.m2/repository/org/glassfish/jersey/inject/jersey-hk2/2.33/jersey-hk2-2.33.jar:/home/runner/.m2/repository/org/glassfish/hk2/hk2-locator/2.6.1/hk2-locator-2.6.1.jar:/home/runner/.m2/repository/org/glassfish/jersey/media/jersey-media-jaxb/2.33/jersey-media-jaxb-2.33.jar:/home/runner/.m2/repository/org/glassfish/hk2/osgi-resource-locator/1.0.3/osgi-resource-locator-1.0.3.jar:/home/runner/.m2/repository/org/glassfish/hk2/hk2-api/2.5.0/hk2-api-2.5.0.jar:/home/runner/.m2/repository/org/glassfish/hk2/hk2-utils/2.5.0/hk2-utils-2.5.0.jar:/home/runner/.m2/repository/org/glassfish/hk2/external/aopalliance-repackaged/2.5.0/aopalliance-repackaged-2.5.0.jar:/home/runner/.m2/repository/com/fasterxml/jackson/dataformat/jackson-dataformat-xml/2.13.2/jackson-dataformat-xml-2.13.2.jar:/home/runner/.m2/repository/com/fasterxml/jackson/core/jackson-core/2.13.2/jackson-core-2.13.2.jar:/home/runner/.m2/repository/org/codehaus/woodstox/stax2-api/3.1.4/stax2-api-3.1.4.jar:/home/runner/.m2/repository/com/fasterxml/woodstox/woodstox-core/5.0.3/woodstox-core-5.0.3.jar:/home/runner/.m2/repository/com/fasterxml/jackson/module/jackson-module-jaxb-annotations/2.13.2/jackson-module-jaxb-annotations-2.13.2.jar:/home/runner/.m2/repository/jakarta/xml/bind/jakarta.xml.bind-api/2.3.3/jakarta.xml.bind-api-2.3.3.jar:/home/runner/.m2/repository/jakarta/activation/jakarta.activation-api/1.2.1/jakarta.activation-api-1.2.1.jar:/home/runner/.m2/repository/javax/enterprise/cdi-api/1.2/cdi-api-1.2.jar:/home/runner/.m2/repository/javax/el/javax.el-api/3.0.0/javax.el-api-3.0.0.jar:/home/runner/.m2/repository/javax/interceptor/javax.interceptor-api/1.2/javax.interceptor-api-1.2.jar:/home/runner/.m2/repository/javax/inject/javax.inject/1/javax.inject-1.jar:/home/runner/.m2/repository/javax/xml/bind/jaxb-api/2.3.0/jaxb-api-2.3.0.jar:/home/runner/.m2/repository/org/glassfish/jaxb/jaxb-runtime/2.3.0.1/jaxb-runtime-2.3.0.1.jar:/home/runner/.m2/repository/org/glassfish/jaxb/jaxb-core/2.3.0.1/jaxb-core-2.3.0.1.jar:/home/runner/.m2/repository/org/glassfish/jaxb/txw2/2.3.0.1/txw2-2.3.0.1.jar:/home/runner/.m2/repository/com/sun/istack/istack-commons-runtime/3.0.5/istack-commons-runtime-3.0.5.jar:/home/runner/.m2/repository/org/jvnet/staxex/stax-ex/1.7.8/stax-ex-1.7.8.jar:/home/runner/.m2/repository/com/sun/xml/fastinfoset/FastInfoset/1.2.13/FastInfoset-1.2.13.jar:/home/runner/.m2/repository/javax/activation/activation/1.1.1/activation-1.1.1.jar:/home/runner/.m2/repository/io/grpc/grpc-protobuf/1.44.0/grpc-protobuf-1.44.0.jar:/home/runner/.m2/repository/io/grpc/grpc-api/1.44.0/grpc-api-1.44.0.jar:/home/runner/.m2/repository/io/grpc/grpc-context/1.44.0/grpc-context-1.44.0.jar:/home/runner/.m2/repository/com/google/api/grpc/proto-google-common-protos/2.0.1/proto-google-common-protos-2.0.1.jar:/home/runner/.m2/repository/io/grpc/grpc-protobuf-lite/1.44.0/grpc-protobuf-lite-1.44.0.jar:/home/runner/.m2/repository/io/grpc/grpc-stub/1.44.0/grpc-stub-1.44.0.jar:/home/runner/.m2/repository/io/netty/netty-transport/4.1.79.Final/netty-transport-4.1.79.Final.jar:/home/runner/.m2/repository/io/netty/netty-resolver/4.1.79.Final/netty-resolver-4.1.79.Final.jar:/home/runner/.m2/repository/org/apache/ozone/ozone-csi/1.3.0-SNAPSHOT/ozone-csi-1.3.0-SNAPSHOT.jar:/home/runner/.m2/repository/com/google/protobuf/protobuf-java-util/3.19.2/protobuf-java-util-3.19.2.jar:/home/runner/.m2/repository/com/google/code/gson/gson/2.9.0/gson-2.9.0.jar:/home/runner/.m2/repository/org/apache/ozone/hdds-config/1.3.0-SNAPSHOT/hdds-config-1.3.0-SNAPSHOT.jar:/home/runner/.m2/repository/io/netty/netty-transport-native-epoll/4.1.79.Final/netty-transport-native-epoll-4.1.79.Final-linux-x86_64.jar:/home/runner/.m2/repository/io/netty/netty-transport-classes-epoll/4.1.79.Final/netty-transport-classes-epoll-4.1.79.Final.jar:/home/runner/.m2/repository/io/netty/netty-transport-native-unix-common/4.1.79.Final/netty-transport-native-unix-common-4.1.79.Final.jar:/home/runner/.m2/repository/org/apache/ozone/ozone-recon/1.3.0-SNAPSHOT/ozone-recon-1.3.0-SNAPSHOT.jar:/home/runner/.m2/repository/org/apache/ozone/ozone-reconcodegen/1.3.0-SNAPSHOT/ozone-reconcodegen-1.3.0-SNAPSHOT.jar:/home/runner/.m2/repository/com/google/inject/extensions/guice-multibindings/4.0/guice-multibindings-4.0.jar:/home/runner/.m2/repository/com/google/inject/guice/4.0/guice-4.0.jar:/home/runner/.m2/repository/aopalliance/aopalliance/1.0/aopalliance-1.0.jar:/home/runner/.m2/repository/com/google/inject/extensions/guice-assistedinject/4.0/guice-assistedinject-4.0.jar:/home/runner/.m2/repository/com/google/inject/extensions/guice-servlet/4.0/guice-servlet-4.0.jar:/home/runner/.m2/repository/org/glassfish/jersey/containers/jersey-container-servlet/2.33/jersey-container-servlet-2.33.jar:/home/runner/.m2/repository/org/glassfish/hk2/guice-bridge/2.5.0/guice-bridge-2.5.0.jar:/home/runner/.m2/repository/org/glassfish/jersey/core/jersey-server/2.33/jersey-server-2.33.jar:/home/runner/.m2/repository/org/glassfish/jersey/core/jersey-client/2.33/jersey-client-2.33.jar:/home/runner/.m2/repository/jakarta/annotation/jakarta.annotation-api/1.3.5/jakarta.annotation-api-1.3.5.jar:/home/runner/.m2/repository/jakarta/validation/jakarta.validation-api/2.0.2/jakarta.validation-api-2.0.2.jar:/home/runner/.m2/repository/org/glassfish/jersey/media/jersey-media-json-jackson/2.33/jersey-media-json-jackson-2.33.jar:/home/runner/.m2/repository/org/glassfish/jersey/ext/jersey-entity-filtering/2.33/jersey-entity-filtering-2.33.jar:/home/runner/.m2/repository/org/jooq/jooq/3.11.10/jooq-3.11.10.jar:/home/runner/.m2/repository/org/jooq/jooq-meta/3.11.10/jooq-meta-3.11.10.jar:/home/runner/.m2/repository/org/jooq/jooq-codegen/3.11.10/jooq-codegen-3.11.10.jar:/home/runner/.m2/repository/com/jolbox/bonecp/0.8.0.RELEASE/bonecp-0.8.0.RELEASE.jar:/home/runner/.m2/repository/org/apache/derby/derby/10.14.2.0/derby-10.14.2.0.jar:/home/runner/.m2/repository/org/xerial/sqlite-jdbc/3.25.2/sqlite-jdbc-3.25.2.jar:/home/runner/.m2/repository/org/springframework/spring-jdbc/5.2.20.RELEASE/spring-jdbc-5.2.20.RELEASE.jar:/home/runner/.m2/repository/org/springframework/spring-beans/5.2.20.RELEASE/spring-beans-5.2.20.RELEASE.jar:/home/runner/.m2/repository/org/springframework/spring-core/5.2.20.RELEASE/spring-core-5.2.20.RELEASE.jar:/home/runner/.m2/repository/org/springframework/spring-jcl/5.2.20.RELEASE/spring-jcl-5.2.20.RELEASE.jar:/home/runner/.m2/repository/org/springframework/spring-tx/5.2.20.RELEASE/spring-tx-5.2.20.RELEASE.jar:/home/runner/.m2/repository/org/apache/ozone/ozone-client/1.3.0-SNAPSHOT/ozone-client-1.3.0-SNAPSHOT.jar:/home/runner/.m2/repository/org/apache/ozone/hdds-erasurecode/1.3.0-SNAPSHOT/hdds-erasurecode-1.3.0-SNAPSHOT.jar:/home/runner/.m2/repository/com/github/spotbugs/spotbugs-annotations/3.1.12/spotbugs-annotations-3.1.12.jar:/home/runner/.m2/repository/org/apache/ozone/ozone-filesystem/1.3.0-SNAPSHOT/ozone-filesystem-1.3.0-SNAPSHOT.jar:/home/runner/.m2/repository/org/apache/ozone/ozone-filesystem-common/1.3.0-SNAPSHOT/ozone-filesystem-common-1.3.0-SNAPSHOT.jar:/home/runner/.m2/repository/org/apache/ozone/ozone-tools/1.3.0-SNAPSHOT/ozone-tools-1.3.0-SNAPSHOT.jar:/home/runner/.m2/repository/org/apache/ratis/ratis-tools/2.3.0/ratis-tools-2.3.0.jar:/home/runner/.m2/repository/com/amazonaws/aws-java-sdk-core/1.12.261/aws-java-sdk-core-1.12.261.jar:/home/runner/.m2/repository/org/apache/httpcomponents/httpclient/4.5.13/httpclient-4.5.13.jar:/home/runner/.m2/repository/org/apache/httpcomponents/httpcore/4.4.13/httpcore-4.4.13.jar:/home/runner/.m2/repository/software/amazon/ion/ion-java/1.0.2/ion-java-1.0.2.jar:/home/runner/.m2/repository/com/fasterxml/jackson/dataformat/jackson-dataformat-cbor/2.13.2/jackson-dataformat-cbor-2.13.2.jar:/home/runner/.m2/repository/joda-time/joda-time/2.8.1/joda-time-2.8.1.jar:/home/runner/.m2/repository/com/amazonaws/aws-java-sdk-s3/1.12.261/aws-java-sdk-s3-1.12.261.jar:/home/runner/.m2/repository/com/amazonaws/aws-java-sdk-kms/1.12.261/aws-java-sdk-kms-1.12.261.jar:/home/runner/.m2/repository/com/amazonaws/jmespath-java/1.12.261/jmespath-java-1.12.261.jar:/home/runner/.m2/repository/org/kohsuke/metainf-services/metainf-services/1.8/metainf-services-1.8.jar:/home/runner/.m2/repository/org/apache/ozone/hdds-tools/1.3.0-SNAPSHOT/hdds-tools-1.3.0-SNAPSHOT.jar:/home/runner/.m2/repository/commons-cli/commons-cli/1.2/commons-cli-1.2.jar:/home/runner/.m2/repository/org/apache/commons/commons-lang3/3.7/commons-lang3-3.7.jar:/home/runner/.m2/repository/org/apache/ozone/ozone-manager/1.3.0-SNAPSHOT/ozone-manager-1.3.0-SNAPSHOT-tests.jar:/home/runner/.m2/repository/org/apache/ozone/hdds-common/1.3.0-SNAPSHOT/hdds-common-1.3.0-SNAPSHOT-tests.jar:/home/runner/.m2/repository/org/apache/ozone/hdds-hadoop-dependency-client/1.3.0-SNAPSHOT/hdds-hadoop-dependency-client-1.3.0-SNAPSHOT.jar:/home/runner/.m2/repository/info/picocli/picocli/4.6.1/picocli-4.6.1.jar:/home/runner/.m2/repository/com/fasterxml/jackson/core/jackson-annotations/2.13.2/jackson-annotations-2.13.2.jar:/home/runner/.m2/repository/com/fasterxml/jackson/datatype/jackson-datatype-jsr310/2.13.2/jackson-datatype-jsr310-2.13.2.jar:/home/runner/.m2/repository/javax/annotation/javax.annotation-api/1.2/javax.annotation-api-1.2.jar:/home/runner/.m2/repository/org/apache/ratis/ratis-server/2.3.0/ratis-server-2.3.0.jar:/home/runner/.m2/repository/org/apache/ratis/ratis-client/2.3.0/ratis-client-2.3.0.jar:/home/runner/.m2/repository/org/apache/ratis/ratis-server-api/2.3.0/ratis-server-api-2.3.0.jar:/home/runner/.m2/repository/org/apache/ratis/ratis-metrics/2.3.0/ratis-metrics-2.3.0.jar:/home/runner/.m2/repository/org/apache/ratis/ratis-netty/2.3.0/ratis-netty-2.3.0.jar:/home/runner/.m2/repository/org/apache/ratis/ratis-grpc/2.3.0/ratis-grpc-2.3.0.jar:/home/runner/.m2/repository/org/apache/logging/log4j/log4j-api/2.17.1/log4j-api-2.17.1.jar:/home/runner/.m2/repository/org/apache/commons/commons-pool2/2.6.0/commons-pool2-2.6.0.jar:/home/runner/.m2/repository/org/bouncycastle/bcpkix-jdk15on/1.67/bcpkix-jdk15on-1.67.jar:/home/runner/.m2/repository/commons-validator/commons-validator/1.6/commons-validator-1.6.jar:/home/runner/.m2/repository/commons-beanutils/commons-beanutils/1.9.4/commons-beanutils-1.9.4.jar:/home/runner/.m2/repository/commons-digester/commons-digester/1.8.1/commons-digester-1.8.1.jar:/home/runner/.m2/repository/commons-collections/commons-collections/3.2.2/commons-collections-3.2.2.jar:/home/runner/.m2/repository/io/jaegertracing/jaeger-client/1.6.0/jaeger-client-1.6.0.jar:/home/runner/.m2/repository/io/jaegertracing/jaeger-thrift/1.6.0/jaeger-thrift-1.6.0.jar:/home/runner/.m2/repository/org/apache/thrift/libthrift/0.14.1/libthrift-0.14.1.jar:/home/runner/.m2/repository/com/squareup/okhttp3/okhttp/4.9.0/okhttp-4.9.0.jar:/home/runner/.m2/repository/com/squareup/okio/okio/2.8.0/okio-2.8.0.jar:/home/runner/.m2/repository/io/jaegertracing/jaeger-core/1.6.0/jaeger-core-1.6.0.jar:/home/runner/.m2/repository/io/jaegertracing/jaeger-tracerresolver/1.6.0/jaeger-tracerresolver-1.6.0.jar:/home/runner/.m2/repository/io/opentracing/contrib/opentracing-tracerresolver/0.1.8/opentracing-tracerresolver-0.1.8.jar:/home/runner/.m2/repository/org/jetbrains/kotlin/kotlin-stdlib/1.6.21/kotlin-stdlib-1.6.21.jar:/home/runner/.m2/repository/org/jetbrains/kotlin/kotlin-stdlib-common/1.6.21/kotlin-stdlib-common-1.6.21.jar:/home/runner/.m2/repository/org/jetbrains/annotations/13.0/annotations-13.0.jar:/home/runner/.m2/repository/io/opentracing/opentracing-util/0.33.0/opentracing-util-0.33.0.jar:/home/runner/.m2/repository/io/opentracing/opentracing-api/0.33.0/opentracing-api-0.33.0.jar:/home/runner/.m2/repository/io/opentracing/opentracing-noop/0.33.0/opentracing-noop-0.33.0.jar:/home/runner/.m2/repository/org/yaml/snakeyaml/1.26/snakeyaml-1.26.jar:/home/runner/.m2/repository/org/apache/ozone/hdds-interface-admin/1.3.0-SNAPSHOT/hdds-interface-admin-1.3.0-SNAPSHOT.jar:/home/runner/.m2/repository/junit/junit/4.13.1/junit-4.13.1.jar:/home/runner/.m2/repository/org/hamcrest/hamcrest-core/1.3/hamcrest-core-1.3.jar:/home/runner/.m2/repository/org/junit/jupiter/junit-jupiter-api/5.8.2/junit-jupiter-api-5.8.2.jar:/home/runner/.m2/repository/org/opentest4j/opentest4j/1.2.0/opentest4j-1.2.0.jar:/home/runner/.m2/repository/org/junit/platform/junit-platform-commons/1.8.2/junit-platform-commons-1.8.2.jar:/home/runner/.m2/repository/org/apiguardian/apiguardian-api/1.1.2/apiguardian-api-1.1.2.jar:/home/runner/.m2/repository/org/junit/jupiter/junit-jupiter-params/5.8.2/junit-jupiter-params-5.8.2.jar:/home/runner/.m2/repository/org/junit/jupiter/junit-jupiter-migrationsupport/5.8.2/junit-jupiter-migrationsupport-5.8.2.jar:/home/runner/.m2/repository/org/junit/jupiter/junit-jupiter-engine/5.8.2/junit-jupiter-engine-5.8.2.jar:/home/runner/.m2/repository/org/junit/platform/junit-platform-engine/1.8.2/junit-platform-engine-1.8.2.jar:/home/runner/.m2/repository/org/junit/vintage/junit-vintage-engine/5.8.2/junit-vintage-engine-5.8.2.jar:/home/runner/.m2/repository/org/junit/platform/junit-platform-launcher/1.8.2/junit-platform-launcher-1.8.2.jar:/home/runner/.m2/repository/org/mockito/mockito-core/2.28.2/mockito-core-2.28.2.jar:/home/runner/.m2/repository/net/bytebuddy/byte-buddy/1.9.10/byte-buddy-1.9.10.jar:/home/runner/.m2/repository/net/bytebuddy/byte-buddy-agent/1.9.10/byte-buddy-agent-1.9.10.jar:/home/runner/.m2/repository/org/objenesis/objenesis/1.0/objenesis-1.0.jar:/home/runner/.m2/repository/org/apache/hadoop/hadoop-kms/3.3.1/hadoop-kms-3.3.1.jar:/home/runner/.m2/repository/org/apache/hadoop/hadoop-auth/3.3.1/hadoop-auth-3.3.1.jar:/home/runner/.m2/repository/com/nimbusds/nimbus-jose-jwt/7.9/nimbus-jose-jwt-7.9.jar:/home/runner/.m2/repository/com/github/stephenc/jcip/jcip-annotations/1.0-1/jcip-annotations-1.0-1.jar:/home/runner/.m2/repository/net/minidev/json-smart/2.4.7/json-smart-2.4.7.jar:/home/runner/.m2/repository/net/minidev/accessors-smart/2.4.7/accessors-smart-2.4.7.jar:/home/runner/.m2/repository/org/ow2/asm/asm/5.0.4/asm-5.0.4.jar:/home/runner/.m2/repository/org/apache/zookeeper/zookeeper/3.5.6/zookeeper-3.5.6.jar:/home/runner/.m2/repository/org/apache/zookeeper/zookeeper-jute/3.5.6/zookeeper-jute-3.5.6.jar:/home/runner/.m2/repository/org/apache/yetus/audience-annotations/0.5.0/audience-annotations-0.5.0.jar:/home/runner/.m2/repository/org/apache/curator/curator-framework/4.2.0/curator-framework-4.2.0.jar:/home/runner/.m2/repository/org/apache/hadoop/thirdparty/hadoop-shaded-guava/1.1.1/hadoop-shaded-guava-1.1.1.jar:/home/runner/.m2/repository/com/sun/jersey/jersey-core/1.19/jersey-core-1.19.jar:/home/runner/.m2/repository/javax/ws/rs/jsr311-api/1.1.1/jsr311-api-1.1.1.jar:/home/runner/.m2/repository/com/sun/jersey/jersey-server/1.19/jersey-server-1.19.jar:/home/runner/.m2/repository/javax/servlet/javax.servlet-api/3.1.0/javax.servlet-api-3.1.0.jar:/home/runner/.m2/repository/org/eclipse/jetty/jetty-server/9.4.43.v20210629/jetty-server-9.4.43.v20210629.jar:/home/runner/.m2/repository/org/eclipse/jetty/jetty-http/9.4.43.v20210629/jetty-http-9.4.43.v20210629.jar:/home/runner/.m2/repository/org/eclipse/jetty/jetty-io/9.4.43.v20210629/jetty-io-9.4.43.v20210629.jar:/home/runner/.m2/repository/org/eclipse/jetty/jetty-webapp/9.4.43.v20210629/jetty-webapp-9.4.43.v20210629.jar:/home/runner/.m2/repository/org/eclipse/jetty/jetty-xml/9.4.43.v20210629/jetty-xml-9.4.43.v20210629.jar:/home/runner/.m2/repository/org/apache/hadoop/hadoop-common/3.3.1/hadoop-common-3.3.1.jar:/home/runner/.m2/repository/org/apache/commons/commons-math3/3.1.1/commons-math3-3.1.1.jar:/home/runner/.m2/repository/commons-net/commons-net/3.6/commons-net-3.6.jar:/home/runner/.m2/repository/com/sun/jersey/jersey-servlet/1.19/jersey-servlet-1.19.jar:/home/runner/.m2/repository/com/sun/jersey/jersey-json/1.19/jersey-json-1.19.jar:/home/runner/.m2/repository/org/codehaus/jettison/jettison/1.1/jettison-1.1.jar:/home/runner/.m2/repository/com/sun/xml/bind/jaxb-impl/2.2.3-1/jaxb-impl-2.2.3-1.jar:/home/runner/.m2/repository/org/codehaus/jackson/jackson-xc/1.9.2/jackson-xc-1.9.2.jar:/home/runner/.m2/repository/org/apache/commons/commons-configuration2/2.1.1/commons-configuration2-2.1.1.jar:/home/runner/.m2/repository/org/apache/commons/commons-text/1.4/commons-text-1.4.jar:/home/runner/.m2/repository/com/google/re2j/re2j/1.1/re2j-1.1.jar:/home/runner/.m2/repository/com/jcraft/jsch/0.1.54/jsch-0.1.54.jar:/home/runner/.m2/repository/org/apache/curator/curator-client/4.2.0/curator-client-4.2.0.jar:/home/runner/.m2/repository/org/apache/curator/curator-recipes/4.2.0/curator-recipes-4.2.0.jar:/home/runner/.m2/repository/org/apache/kerby/kerb-core/1.0.1/kerb-core-1.0.1.jar:/home/runner/.m2/repository/org/apache/kerby/kerby-pkix/1.0.1/kerby-pkix-1.0.1.jar:/home/runner/.m2/repository/org/apache/kerby/kerby-asn1/1.0.1/kerby-asn1-1.0.1.jar:/home/runner/.m2/repository/org/apache/kerby/kerby-util/1.0.1/kerby-util-1.0.1.jar:/home/runner/.m2/repository/dnsjava/dnsjava/2.1.7/dnsjava-2.1.7.jar:/home/runner/.m2/repository/org/xerial/snappy/snappy-java/1.1.8.2/snappy-java-1.1.8.2.jar:/home/runner/.m2/repository/org/slf4j/jul-to-slf4j/1.7.30/jul-to-slf4j-1.7.30.jar:/home/runner/.m2/repository/org/eclipse/jetty/jetty-util/9.4.43.v20210629/jetty-util-9.4.43.v20210629.jar:/home/runner/.m2/repository/com/fasterxml/jackson/core/jackson-databind/2.13.2.2/jackson-databind-2.13.2.2.jar:/home/runner/.m2/repository/org/apache/hadoop/hadoop-kms/3.3.1/hadoop-kms-3.3.1-tests.jar:/home/runner/.m2/repository/org/apache/ozone/hdds-server-scm/1.3.0-SNAPSHOT/hdds-server-scm-1.3.0-SNAPSHOT-tests.jar:/home/runner/.m2/repository/org/apache/ozone/hdds-container-service/1.3.0-SNAPSHOT/hdds-container-service-1.3.0-SNAPSHOT-tests.jar:/home/runner/.m2/repository/commons-codec/commons-codec/1.11/commons-codec-1.11.jar:/home/runner/.m2/repository/io/netty/netty-codec/4.1.79.Final/netty-codec-4.1.79.Final.jar:/home/runner/.m2/repository/io/netty/netty-handler/4.1.79.Final/netty-handler-4.1.79.Final.jar:/home/runner/.m2/repository/org/apache/ozone/hdds-hadoop-dependency-test/1.3.0-SNAPSHOT/hdds-hadoop-dependency-test-1.3.0-SNAPSHOT.jar:/home/runner/.m2/repository/org/apache/hadoop/hadoop-common/3.3.1/hadoop-common-3.3.1-tests.jar:/home/runner/.m2/repository/org/assertj/assertj-core/3.12.2/assertj-core-3.12.2.jar:/home/runner/.m2/repository/org/apache/hadoop/hadoop-hdfs/3.3.1/hadoop-hdfs-3.3.1-tests.jar:/home/runner/.m2/repository/org/eclipse/jetty/jetty-util-ajax/9.4.43.v20210629/jetty-util-ajax-9.4.43.v20210629.jar:/home/runner/.m2/repository/commons-daemon/commons-daemon/1.0.13/commons-daemon-1.0.13.jar:/home/runner/.m2/repository/io/netty/netty/3.10.6.Final/netty-3.10.6.Final.jar:/home/runner/.m2/repository/io/netty/netty-all/4.1.79.Final/netty-all-4.1.79.Final.jar:/home/runner/.m2/repository/io/netty/netty-codec-dns/4.1.79.Final/netty-codec-dns-4.1.79.Final.jar:/home/runner/.m2/repository/io/netty/netty-codec-haproxy/4.1.79.Final/netty-codec-haproxy-4.1.79.Final.jar:/home/runner/.m2/repository/io/netty/netty-codec-memcache/4.1.79.Final/netty-codec-memcache-4.1.79.Final.jar:/home/runner/.m2/repository/io/netty/netty-codec-mqtt/4.1.79.Final/netty-codec-mqtt-4.1.79.Final.jar:/home/runner/.m2/repository/io/netty/netty-codec-redis/4.1.79.Final/netty-codec-redis-4.1.79.Final.jar:/home/runner/.m2/repository/io/netty/netty-codec-smtp/4.1.79.Final/netty-codec-smtp-4.1.79.Final.jar:/home/runner/.m2/repository/io/netty/netty-codec-stomp/4.1.79.Final/netty-codec-stomp-4.1.79.Final.jar:/home/runner/.m2/repository/io/netty/netty-codec-xml/4.1.79.Final/netty-codec-xml-4.1.79.Final.jar:/home/runner/.m2/repository/io/netty/netty-resolver-dns/4.1.79.Final/netty-resolver-dns-4.1.79.Final.jar:/home/runner/.m2/repository/io/netty/netty-transport-rxtx/4.1.79.Final/netty-transport-rxtx-4.1.79.Final.jar:/home/runner/.m2/repository/io/netty/netty-transport-sctp/4.1.79.Final/netty-transport-sctp-4.1.79.Final.jar:/home/runner/.m2/repository/io/netty/netty-transport-udt/4.1.79.Final/netty-transport-udt-4.1.79.Final.jar:/home/runner/.m2/repository/io/netty/netty-transport-classes-kqueue/4.1.79.Final/netty-transport-classes-kqueue-4.1.79.Final.jar:/home/runner/.m2/repository/io/netty/netty-resolver-dns-classes-macos/4.1.79.Final/netty-resolver-dns-classes-macos-4.1.79.Final.jar:/home/runner/.m2/repository/io/netty/netty-transport-native-epoll/4.1.79.Final/netty-transport-native-epoll-4.1.79.Final-linux-aarch_64.jar:/home/runner/.m2/repository/io/netty/netty-transport-native-kqueue/4.1.79.Final/netty-transport-native-kqueue-4.1.79.Final-osx-x86_64.jar:/home/runner/.m2/repository/io/netty/netty-transport-native-kqueue/4.1.79.Final/netty-transport-native-kqueue-4.1.79.Final-osx-aarch_64.jar:/home/runner/.m2/repository/io/netty/netty-resolver-dns-native-macos/4.1.79.Final/netty-resolver-dns-native-macos-4.1.79.Final-osx-x86_64.jar:/home/runner/.m2/repository/io/netty/netty-resolver-dns-native-macos/4.1.79.Final/netty-resolver-dns-native-macos-4.1.79.Final-osx-aarch_64.jar:/home/runner/.m2/repository/org/apache/htrace/htrace-core4/4.1.0-incubating/htrace-core4-4.1.0-incubating.jar:/home/runner/.m2/repository/org/fusesource/leveldbjni/leveldbjni-all/1.8/leveldbjni-all-1.8.jar:/home/runner/.m2/repository/org/apache/hadoop/hadoop-distcp/3.3.1/hadoop-distcp-3.3.1.jar:/home/runner/.m2/repository/org/apache/hadoop/hadoop-mapreduce-client-jobclient/3.3.1/hadoop-mapreduce-client-jobclient-3.3.1.jar:/home/runner/.m2/repository/org/apache/hadoop/hadoop-mapreduce-client-common/3.3.1/hadoop-mapreduce-client-common-3.3.1.jar:/home/runner/.m2/repository/org/apache/hadoop/hadoop-yarn-common/3.3.1/hadoop-yarn-common-3.3.1.jar:/home/runner/.m2/repository/org/apache/hadoop/hadoop-yarn-api/3.3.1/hadoop-yarn-api-3.3.1.jar:/home/runner/.m2/repository/com/sun/jersey/contribs/jersey-guice/1.19/jersey-guice-1.19.jar:/home/runner/.m2/repository/com/fasterxml/jackson/jaxrs/jackson-jaxrs-json-provider/2.13.2/jackson-jaxrs-json-provider-2.13.2.jar:/home/runner/.m2/repository/com/fasterxml/jackson/jaxrs/jackson-jaxrs-base/2.13.2/jackson-jaxrs-base-2.13.2.jar:/home/runner/.m2/repository/org/apache/hadoop/hadoop-yarn-client/3.3.1/hadoop-yarn-client-3.3.1.jar:/home/runner/.m2/repository/org/eclipse/jetty/websocket/websocket-client/9.4.40.v20210413/websocket-client-9.4.40.v20210413.jar:/home/runner/.m2/repository/org/eclipse/jetty/websocket/websocket-common/9.4.40.v20210413/websocket-common-9.4.40.v20210413.jar:/home/runner/.m2/repository/org/eclipse/jetty/websocket/websocket-api/9.4.40.v20210413/websocket-api-9.4.40.v20210413.jar:/home/runner/.m2/repository/org/jline/jline/3.9.0/jline-3.9.0.jar:/home/runner/.m2/repository/org/apache/hadoop/hadoop-mapreduce-client-core/3.3.1/hadoop-mapreduce-client-core-3.3.1.jar:/home/runner/.m2/repository/org/apache/avro/avro/1.7.7/avro-1.7.7.jar:/home/runner/.m2/repository/org/codehaus/jackson/jackson-core-asl/1.9.13/jackson-core-asl-1.9.13.jar:/home/runner/.m2/repository/org/codehaus/jackson/jackson-mapper-asl/1.9.13/jackson-mapper-asl-1.9.13.jar:/home/runner/.m2/repository/com/thoughtworks/paranamer/paranamer/2.3/paranamer-2.3.jar:/home/runner/.m2/repository/org/apache/hadoop/hadoop-annotations/3.3.1/hadoop-annotations-3.3.1.jar:/usr/lib/jvm/temurin-8-jdk-amd64/jre/../lib/tools.jar:/home/runner/.m2/repository/org/apache/hadoop/hadoop-distcp/3.3.1/hadoop-distcp-3.3.1-tests.jar:/home/runner/.m2/repository/org/apache/ratis/ratis-common/2.3.0/ratis-common-2.3.0.jar:/home/runner/.m2/repository/org/apache/ratis/ratis-thirdparty-misc/1.0.0/ratis-thirdparty-misc-1.0.0.jar:/home/runner/.m2/repository/org/apache/ratis/ratis-proto/2.3.0/ratis-proto-2.3.0.jar:/home/runner/.m2/repository/org/apache/ozone/ozone-annotation-processing/1.3.0-SNAPSHOT/ozone-annotation-processing-1.3.0-SNAPSHOT.jar:"/>
    <property name="java.vm.vendor" value="Temurin"/>
    <property name="sun.arch.data.model" value="64"/>
    <property name="test.build.dir" value="/home/runner/work/ozone/ozone/hadoop-ozone/integration-test/target/test-dir"/>
    <property name="test.cache.data" value=""/>
    <property name="java.vendor.url" value="https://adoptium.net/"/>
    <property name="user.timezone" value="Etc/UTC"/>
    <property name="java.vm.specification.version" value="1.8"/>
    <property name="os.name" value="Linux"/>
    <property name="test.build.data" value="/home/runner/work/ozone/ozone/hadoop-ozone/integration-test/target/test-dir"/>
    <property name="sun.java.launcher" value="SUN_STANDARD"/>
    <property name="sun.boot.library.path" value="/usr/lib/jvm/temurin-8-jdk-amd64/jre/lib/amd64"/>
    <property name="sun.java.command" value="/home/runner/work/ozone/ozone/hadoop-ozone/integration-test/target/surefire/surefirebooter31697919823292889.jar /home/runner/work/ozone/ozone/hadoop-ozone/integration-test/target/surefire 2022-07-30T00-57-35_029-jvmRun1 surefire2221060684144757745tmp surefire_354978103809785418592tmp"/>
    <property name="surefire.test.class.path" value="/home/runner/work/ozone/ozone/hadoop-ozone/integration-test/target/test-classes:/home/runner/work/ozone/ozone/hadoop-ozone/integration-test/target/classes:/home/runner/.m2/repository/org/apache/ozone/ozone-common/1.3.0-SNAPSHOT/ozone-common-1.3.0-SNAPSHOT.jar:/home/runner/.m2/repository/io/grpc/grpc-netty/1.44.0/grpc-netty-1.44.0.jar:/home/runner/.m2/repository/io/grpc/grpc-core/1.44.0/grpc-core-1.44.0.jar:/home/runner/.m2/repository/com/google/android/annotations/4.1.1.4/annotations-4.1.1.4.jar:/home/runner/.m2/repository/org/codehaus/mojo/animal-sniffer-annotations/1.19/animal-sniffer-annotations-1.19.jar:/home/runner/.m2/repository/com/google/errorprone/error_prone_annotations/2.2.0/error_prone_annotations-2.2.0.jar:/home/runner/.m2/repository/io/perfmark/perfmark-api/0.23.0/perfmark-api-0.23.0.jar:/home/runner/.m2/repository/io/netty/netty-codec-http2/4.1.79.Final/netty-codec-http2-4.1.79.Final.jar:/home/runner/.m2/repository/io/netty/netty-common/4.1.79.Final/netty-common-4.1.79.Final.jar:/home/runner/.m2/repository/io/netty/netty-buffer/4.1.79.Final/netty-buffer-4.1.79.Final.jar:/home/runner/.m2/repository/io/netty/netty-codec-http/4.1.79.Final/netty-codec-http-4.1.79.Final.jar:/home/runner/.m2/repository/io/netty/netty-handler-proxy/4.1.79.Final/netty-handler-proxy-4.1.79.Final.jar:/home/runner/.m2/repository/io/netty/netty-codec-socks/4.1.79.Final/netty-codec-socks-4.1.79.Final.jar:/home/runner/.m2/repository/io/netty/netty-tcnative-boringssl-static/2.0.53.Final/netty-tcnative-boringssl-static-2.0.53.Final.jar:/home/runner/.m2/repository/io/netty/netty-tcnative-classes/2.0.53.Final/netty-tcnative-classes-2.0.53.Final.jar:/home/runner/.m2/repository/io/netty/netty-tcnative-boringssl-static/2.0.53.Final/netty-tcnative-boringssl-static-2.0.53.Final-linux-x86_64.jar:/home/runner/.m2/repository/io/netty/netty-tcnative-boringssl-static/2.0.53.Final/netty-tcnative-boringssl-static-2.0.53.Final-linux-aarch_64.jar:/home/runner/.m2/repository/io/netty/netty-tcnative-boringssl-static/2.0.53.Final/netty-tcnative-boringssl-static-2.0.53.Final-osx-x86_64.jar:/home/runner/.m2/repository/io/netty/netty-tcnative-boringssl-static/2.0.53.Final/netty-tcnative-boringssl-static-2.0.53.Final-osx-aarch_64.jar:/home/runner/.m2/repository/io/netty/netty-tcnative-boringssl-static/2.0.53.Final/netty-tcnative-boringssl-static-2.0.53.Final-windows-x86_64.jar:/home/runner/.m2/repository/org/apache/commons/commons-compress/1.21/commons-compress-1.21.jar:/home/runner/.m2/repository/org/apache/ozone/hdds-common/1.3.0-SNAPSHOT/hdds-common-1.3.0-SNAPSHOT.jar:/home/runner/.m2/repository/org/apache/ozone/hdds-client/1.3.0-SNAPSHOT/hdds-client-1.3.0-SNAPSHOT.jar:/home/runner/.m2/repository/org/apache/ozone/ozone-interface-client/1.3.0-SNAPSHOT/ozone-interface-client-1.3.0-SNAPSHOT.jar:/home/runner/.m2/repository/org/apache/ozone/hdds-test-utils/1.3.0-SNAPSHOT/hdds-test-utils-1.3.0-SNAPSHOT.jar:/home/runner/.m2/repository/com/google/guava/guava/31.1-jre/guava-31.1-jre.jar:/home/runner/.m2/repository/com/google/guava/failureaccess/1.0.1/failureaccess-1.0.1.jar:/home/runner/.m2/repository/com/google/guava/listenablefuture/9999.0-empty-to-avoid-conflict-with-guava/listenablefuture-9999.0-empty-to-avoid-conflict-with-guava.jar:/home/runner/.m2/repository/com/google/code/findbugs/jsr305/3.0.0/jsr305-3.0.0.jar:/home/runner/.m2/repository/org/checkerframework/checker-qual/3.12.0/checker-qual-3.12.0.jar:/home/runner/.m2/repository/com/google/j2objc/j2objc-annotations/1.3/j2objc-annotations-1.3.jar:/home/runner/.m2/repository/commons-io/commons-io/2.11.0/commons-io-2.11.0.jar:/home/runner/.m2/repository/commons-logging/commons-logging/1.2/commons-logging-1.2.jar:/home/runner/.m2/repository/log4j/log4j/1.2.17/log4j-1.2.17.jar:/home/runner/.m2/repository/org/slf4j/slf4j-api/1.7.30/slf4j-api-1.7.30.jar:/home/runner/.m2/repository/org/apache/ozone/hdds-server-scm/1.3.0-SNAPSHOT/hdds-server-scm-1.3.0-SNAPSHOT.jar:/home/runner/.m2/repository/org/apache/ozone/hdds-container-service/1.3.0-SNAPSHOT/hdds-container-service-1.3.0-SNAPSHOT.jar:/home/runner/.m2/repository/org/apache/ozone/hdds-hadoop-dependency-server/1.3.0-SNAPSHOT/hdds-hadoop-dependency-server-1.3.0-SNAPSHOT.jar:/home/runner/.m2/repository/org/apache/hadoop/hadoop-hdfs/3.3.1/hadoop-hdfs-3.3.1.jar:/home/runner/.m2/repository/org/apache/ozone/hdds-server-framework/1.3.0-SNAPSHOT/hdds-server-framework-1.3.0-SNAPSHOT.jar:/home/runner/.m2/repository/org/apache/ozone/hdds-interface-server/1.3.0-SNAPSHOT/hdds-interface-server-1.3.0-SNAPSHOT.jar:/home/runner/.m2/repository/org/apache/logging/log4j/log4j-core/2.17.1/log4j-core-2.17.1.jar:/home/runner/.m2/repository/com/lmax/disruptor/3.4.2/disruptor-3.4.2.jar:/home/runner/.m2/repository/org/eclipse/jetty/jetty-servlet/9.4.43.v20210629/jetty-servlet-9.4.43.v20210629.jar:/home/runner/.m2/repository/org/eclipse/jetty/jetty-security/9.4.43.v20210629/jetty-security-9.4.43.v20210629.jar:/home/runner/.m2/repository/org/rocksdb/rocksdbjni/6.29.5/rocksdbjni-6.29.5.jar:/home/runner/.m2/repository/io/prometheus/simpleclient_dropwizard/0.7.0/simpleclient_dropwizard-0.7.0.jar:/home/runner/.m2/repository/io/prometheus/simpleclient/0.7.0/simpleclient-0.7.0.jar:/home/runner/.m2/repository/io/prometheus/simpleclient_common/0.7.0/simpleclient_common-0.7.0.jar:/home/runner/.m2/repository/io/dropwizard/metrics/metrics-core/3.2.4/metrics-core-3.2.4.jar:/home/runner/.m2/repository/org/apache/hadoop/hadoop-hdfs-client/3.3.1/hadoop-hdfs-client-3.3.1.jar:/home/runner/.m2/repository/org/bouncycastle/bcprov-jdk15on/1.67/bcprov-jdk15on-1.67.jar:/home/runner/.m2/repository/com/google/protobuf/protobuf-java/2.5.0/protobuf-java-2.5.0.jar:/home/runner/.m2/repository/org/apache/ozone/ozone-manager/1.3.0-SNAPSHOT/ozone-manager-1.3.0-SNAPSHOT.jar:/home/runner/.m2/repository/org/aspectj/aspectjrt/1.9.7/aspectjrt-1.9.7.jar:/home/runner/.m2/repository/org/aspectj/aspectjweaver/1.9.7/aspectjweaver-1.9.7.jar:/home/runner/.m2/repository/org/apache/ozone/hdds-interface-client/1.3.0-SNAPSHOT/hdds-interface-client-1.3.0-SNAPSHOT.jar:/home/runner/.m2/repository/org/apache/hadoop/thirdparty/hadoop-shaded-protobuf_3_7/1.1.1/hadoop-shaded-protobuf_3_7-1.1.1.jar:/home/runner/.m2/repository/org/apache/ozone/ozone-interface-storage/1.3.0-SNAPSHOT/ozone-interface-storage-1.3.0-SNAPSHOT.jar:/home/runner/.m2/repository/org/reflections/reflections/0.9.11/reflections-0.9.11.jar:/home/runner/.m2/repository/com/sun/jersey/jersey-client/1.19/jersey-client-1.19.jar:/home/runner/.m2/repository/org/apache/ranger/ranger-intg/2.3.0/ranger-intg-2.3.0.jar:/home/runner/.m2/repository/org/apache/ranger/ranger-plugins-common/2.3.0/ranger-plugins-common-2.3.0.jar:/home/runner/.m2/repository/commons-lang/commons-lang/2.6/commons-lang-2.6.jar:/home/runner/.m2/repository/org/codehaus/jackson/jackson-jaxrs/1.9.13/jackson-jaxrs-1.9.13.jar:/home/runner/.m2/repository/org/apache/ranger/ranger-plugins-cred/2.3.0/ranger-plugins-cred-2.3.0.jar:/home/runner/.m2/repository/org/apache/ranger/ranger-plugins-audit/2.3.0/ranger-plugins-audit-2.3.0.jar:/home/runner/.m2/repository/org/apache/kafka/kafka-clients/2.8.1/kafka-clients-2.8.1.jar:/home/runner/.m2/repository/com/github/luben/zstd-jni/1.4.9-1/zstd-jni-1.4.9-1.jar:/home/runner/.m2/repository/org/apache/solr/solr-solrj/8.6.3/solr-solrj-8.6.3.jar:/home/runner/.m2/repository/org/slf4j/jcl-over-slf4j/1.7.24/jcl-over-slf4j-1.7.24.jar:/home/runner/.m2/repository/org/eclipse/jetty/jetty-client/9.4.31.v20200723/jetty-client-9.4.31.v20200723.jar:/home/runner/.m2/repository/org/apache/httpcomponents/httpmime/4.5.6/httpmime-4.5.6.jar:/home/runner/.m2/repository/org/apache/httpcomponents/httpcore-nio/4.4.6/httpcore-nio-4.4.6.jar:/home/runner/.m2/repository/org/apache/httpcomponents/httpasyncclient/4.1.3/httpasyncclient-4.1.3.jar:/home/runner/.m2/repository/com/carrotsearch/hppc/0.8.0/hppc-0.8.0.jar:/home/runner/.m2/repository/org/apache/hive/hive-storage-api/2.7.2/hive-storage-api-2.7.2.jar:/home/runner/.m2/repository/org/apache/orc/orc-core/1.5.8/orc-core-1.5.8.jar:/home/runner/.m2/repository/com/amazonaws/aws-java-sdk-bundle/1.12.125/aws-java-sdk-bundle-1.12.125.jar:/home/runner/.m2/repository/net/java/dev/jna/jna/5.2.0/jna-5.2.0.jar:/home/runner/.m2/repository/net/java/dev/jna/jna-platform/5.2.0/jna-platform-5.2.0.jar:/home/runner/.m2/repository/com/kstruct/gethostname4j/0.0.2/gethostname4j-0.0.2.jar:/home/runner/.m2/repository/org/apache/ranger/ranger-plugin-classloader/2.3.0/ranger-plugin-classloader-2.3.0.jar:/home/runner/.m2/repository/org/apache/hadoop/hadoop-minikdc/3.3.1/hadoop-minikdc-3.3.1.jar:/home/runner/.m2/repository/org/apache/kerby/kerb-simplekdc/1.0.1/kerb-simplekdc-1.0.1.jar:/home/runner/.m2/repository/org/apache/kerby/kerb-client/1.0.1/kerb-client-1.0.1.jar:/home/runner/.m2/repository/org/apache/kerby/kerby-config/1.0.1/kerby-config-1.0.1.jar:/home/runner/.m2/repository/org/apache/kerby/kerb-common/1.0.1/kerb-common-1.0.1.jar:/home/runner/.m2/repository/org/apache/kerby/kerb-crypto/1.0.1/kerb-crypto-1.0.1.jar:/home/runner/.m2/repository/org/apache/kerby/kerb-util/1.0.1/kerb-util-1.0.1.jar:/home/runner/.m2/repository/org/apache/kerby/token-provider/1.0.1/token-provider-1.0.1.jar:/home/runner/.m2/repository/org/apache/kerby/kerb-admin/1.0.1/kerb-admin-1.0.1.jar:/home/runner/.m2/repository/org/apache/kerby/kerb-server/1.0.1/kerb-server-1.0.1.jar:/home/runner/.m2/repository/org/apache/kerby/kerb-identity/1.0.1/kerb-identity-1.0.1.jar:/home/runner/.m2/repository/org/apache/kerby/kerby-xdr/1.0.1/kerby-xdr-1.0.1.jar:/home/runner/.m2/repository/org/slf4j/slf4j-log4j12/1.7.30/slf4j-log4j12-1.7.30.jar:/home/runner/.m2/repository/org/apache/ozone/ozone-s3gateway/1.3.0-SNAPSHOT/ozone-s3gateway-1.3.0-SNAPSHOT.jar:/home/runner/.m2/repository/org/javassist/javassist/3.21.0-GA/javassist-3.21.0-GA.jar:/home/runner/.m2/repository/org/jboss/weld/servlet/weld-servlet/2.4.7.Final/weld-servlet-2.4.7.Final.jar:/home/runner/.m2/repository/org/glassfish/jersey/containers/jersey-container-servlet-core/2.33/jersey-container-servlet-core-2.33.jar:/home/runner/.m2/repository/org/glassfish/hk2/external/jakarta.inject/2.6.1/jakarta.inject-2.6.1.jar:/home/runner/.m2/repository/org/glassfish/jersey/core/jersey-common/2.33/jersey-common-2.33.jar:/home/runner/.m2/repository/jakarta/ws/rs/jakarta.ws.rs-api/2.1.6/jakarta.ws.rs-api-2.1.6.jar:/home/runner/.m2/repository/org/glassfish/jersey/ext/cdi/jersey-cdi1x/2.33/jersey-cdi1x-2.33.jar:/home/runner/.m2/repository/org/glassfish/jersey/inject/jersey-hk2/2.33/jersey-hk2-2.33.jar:/home/runner/.m2/repository/org/glassfish/hk2/hk2-locator/2.6.1/hk2-locator-2.6.1.jar:/home/runner/.m2/repository/org/glassfish/jersey/media/jersey-media-jaxb/2.33/jersey-media-jaxb-2.33.jar:/home/runner/.m2/repository/org/glassfish/hk2/osgi-resource-locator/1.0.3/osgi-resource-locator-1.0.3.jar:/home/runner/.m2/repository/org/glassfish/hk2/hk2-api/2.5.0/hk2-api-2.5.0.jar:/home/runner/.m2/repository/org/glassfish/hk2/hk2-utils/2.5.0/hk2-utils-2.5.0.jar:/home/runner/.m2/repository/org/glassfish/hk2/external/aopalliance-repackaged/2.5.0/aopalliance-repackaged-2.5.0.jar:/home/runner/.m2/repository/com/fasterxml/jackson/dataformat/jackson-dataformat-xml/2.13.2/jackson-dataformat-xml-2.13.2.jar:/home/runner/.m2/repository/com/fasterxml/jackson/core/jackson-core/2.13.2/jackson-core-2.13.2.jar:/home/runner/.m2/repository/org/codehaus/woodstox/stax2-api/3.1.4/stax2-api-3.1.4.jar:/home/runner/.m2/repository/com/fasterxml/woodstox/woodstox-core/5.0.3/woodstox-core-5.0.3.jar:/home/runner/.m2/repository/com/fasterxml/jackson/module/jackson-module-jaxb-annotations/2.13.2/jackson-module-jaxb-annotations-2.13.2.jar:/home/runner/.m2/repository/jakarta/xml/bind/jakarta.xml.bind-api/2.3.3/jakarta.xml.bind-api-2.3.3.jar:/home/runner/.m2/repository/jakarta/activation/jakarta.activation-api/1.2.1/jakarta.activation-api-1.2.1.jar:/home/runner/.m2/repository/javax/enterprise/cdi-api/1.2/cdi-api-1.2.jar:/home/runner/.m2/repository/javax/el/javax.el-api/3.0.0/javax.el-api-3.0.0.jar:/home/runner/.m2/repository/javax/interceptor/javax.interceptor-api/1.2/javax.interceptor-api-1.2.jar:/home/runner/.m2/repository/javax/inject/javax.inject/1/javax.inject-1.jar:/home/runner/.m2/repository/javax/xml/bind/jaxb-api/2.3.0/jaxb-api-2.3.0.jar:/home/runner/.m2/repository/org/glassfish/jaxb/jaxb-runtime/2.3.0.1/jaxb-runtime-2.3.0.1.jar:/home/runner/.m2/repository/org/glassfish/jaxb/jaxb-core/2.3.0.1/jaxb-core-2.3.0.1.jar:/home/runner/.m2/repository/org/glassfish/jaxb/txw2/2.3.0.1/txw2-2.3.0.1.jar:/home/runner/.m2/repository/com/sun/istack/istack-commons-runtime/3.0.5/istack-commons-runtime-3.0.5.jar:/home/runner/.m2/repository/org/jvnet/staxex/stax-ex/1.7.8/stax-ex-1.7.8.jar:/home/runner/.m2/repository/com/sun/xml/fastinfoset/FastInfoset/1.2.13/FastInfoset-1.2.13.jar:/home/runner/.m2/repository/javax/activation/activation/1.1.1/activation-1.1.1.jar:/home/runner/.m2/repository/io/grpc/grpc-protobuf/1.44.0/grpc-protobuf-1.44.0.jar:/home/runner/.m2/repository/io/grpc/grpc-api/1.44.0/grpc-api-1.44.0.jar:/home/runner/.m2/repository/io/grpc/grpc-context/1.44.0/grpc-context-1.44.0.jar:/home/runner/.m2/repository/com/google/api/grpc/proto-google-common-protos/2.0.1/proto-google-common-protos-2.0.1.jar:/home/runner/.m2/repository/io/grpc/grpc-protobuf-lite/1.44.0/grpc-protobuf-lite-1.44.0.jar:/home/runner/.m2/repository/io/grpc/grpc-stub/1.44.0/grpc-stub-1.44.0.jar:/home/runner/.m2/repository/io/netty/netty-transport/4.1.79.Final/netty-transport-4.1.79.Final.jar:/home/runner/.m2/repository/io/netty/netty-resolver/4.1.79.Final/netty-resolver-4.1.79.Final.jar:/home/runner/.m2/repository/org/apache/ozone/ozone-csi/1.3.0-SNAPSHOT/ozone-csi-1.3.0-SNAPSHOT.jar:/home/runner/.m2/repository/com/google/protobuf/protobuf-java-util/3.19.2/protobuf-java-util-3.19.2.jar:/home/runner/.m2/repository/com/google/code/gson/gson/2.9.0/gson-2.9.0.jar:/home/runner/.m2/repository/org/apache/ozone/hdds-config/1.3.0-SNAPSHOT/hdds-config-1.3.0-SNAPSHOT.jar:/home/runner/.m2/repository/io/netty/netty-transport-native-epoll/4.1.79.Final/netty-transport-native-epoll-4.1.79.Final-linux-x86_64.jar:/home/runner/.m2/repository/io/netty/netty-transport-classes-epoll/4.1.79.Final/netty-transport-classes-epoll-4.1.79.Final.jar:/home/runner/.m2/repository/io/netty/netty-transport-native-unix-common/4.1.79.Final/netty-transport-native-unix-common-4.1.79.Final.jar:/home/runner/.m2/repository/org/apache/ozone/ozone-recon/1.3.0-SNAPSHOT/ozone-recon-1.3.0-SNAPSHOT.jar:/home/runner/.m2/repository/org/apache/ozone/ozone-reconcodegen/1.3.0-SNAPSHOT/ozone-reconcodegen-1.3.0-SNAPSHOT.jar:/home/runner/.m2/repository/com/google/inject/extensions/guice-multibindings/4.0/guice-multibindings-4.0.jar:/home/runner/.m2/repository/com/google/inject/guice/4.0/guice-4.0.jar:/home/runner/.m2/repository/aopalliance/aopalliance/1.0/aopalliance-1.0.jar:/home/runner/.m2/repository/com/google/inject/extensions/guice-assistedinject/4.0/guice-assistedinject-4.0.jar:/home/runner/.m2/repository/com/google/inject/extensions/guice-servlet/4.0/guice-servlet-4.0.jar:/home/runner/.m2/repository/org/glassfish/jersey/containers/jersey-container-servlet/2.33/jersey-container-servlet-2.33.jar:/home/runner/.m2/repository/org/glassfish/hk2/guice-bridge/2.5.0/guice-bridge-2.5.0.jar:/home/runner/.m2/repository/org/glassfish/jersey/core/jersey-server/2.33/jersey-server-2.33.jar:/home/runner/.m2/repository/org/glassfish/jersey/core/jersey-client/2.33/jersey-client-2.33.jar:/home/runner/.m2/repository/jakarta/annotation/jakarta.annotation-api/1.3.5/jakarta.annotation-api-1.3.5.jar:/home/runner/.m2/repository/jakarta/validation/jakarta.validation-api/2.0.2/jakarta.validation-api-2.0.2.jar:/home/runner/.m2/repository/org/glassfish/jersey/media/jersey-media-json-jackson/2.33/jersey-media-json-jackson-2.33.jar:/home/runner/.m2/repository/org/glassfish/jersey/ext/jersey-entity-filtering/2.33/jersey-entity-filtering-2.33.jar:/home/runner/.m2/repository/org/jooq/jooq/3.11.10/jooq-3.11.10.jar:/home/runner/.m2/repository/org/jooq/jooq-meta/3.11.10/jooq-meta-3.11.10.jar:/home/runner/.m2/repository/org/jooq/jooq-codegen/3.11.10/jooq-codegen-3.11.10.jar:/home/runner/.m2/repository/com/jolbox/bonecp/0.8.0.RELEASE/bonecp-0.8.0.RELEASE.jar:/home/runner/.m2/repository/org/apache/derby/derby/10.14.2.0/derby-10.14.2.0.jar:/home/runner/.m2/repository/org/xerial/sqlite-jdbc/3.25.2/sqlite-jdbc-3.25.2.jar:/home/runner/.m2/repository/org/springframework/spring-jdbc/5.2.20.RELEASE/spring-jdbc-5.2.20.RELEASE.jar:/home/runner/.m2/repository/org/springframework/spring-beans/5.2.20.RELEASE/spring-beans-5.2.20.RELEASE.jar:/home/runner/.m2/repository/org/springframework/spring-core/5.2.20.RELEASE/spring-core-5.2.20.RELEASE.jar:/home/runner/.m2/repository/org/springframework/spring-jcl/5.2.20.RELEASE/spring-jcl-5.2.20.RELEASE.jar:/home/runner/.m2/repository/org/springframework/spring-tx/5.2.20.RELEASE/spring-tx-5.2.20.RELEASE.jar:/home/runner/.m2/repository/org/apache/ozone/ozone-client/1.3.0-SNAPSHOT/ozone-client-1.3.0-SNAPSHOT.jar:/home/runner/.m2/repository/org/apache/ozone/hdds-erasurecode/1.3.0-SNAPSHOT/hdds-erasurecode-1.3.0-SNAPSHOT.jar:/home/runner/.m2/repository/com/github/spotbugs/spotbugs-annotations/3.1.12/spotbugs-annotations-3.1.12.jar:/home/runner/.m2/repository/org/apache/ozone/ozone-filesystem/1.3.0-SNAPSHOT/ozone-filesystem-1.3.0-SNAPSHOT.jar:/home/runner/.m2/repository/org/apache/ozone/ozone-filesystem-common/1.3.0-SNAPSHOT/ozone-filesystem-common-1.3.0-SNAPSHOT.jar:/home/runner/.m2/repository/org/apache/ozone/ozone-tools/1.3.0-SNAPSHOT/ozone-tools-1.3.0-SNAPSHOT.jar:/home/runner/.m2/repository/org/apache/ratis/ratis-tools/2.3.0/ratis-tools-2.3.0.jar:/home/runner/.m2/repository/com/amazonaws/aws-java-sdk-core/1.12.261/aws-java-sdk-core-1.12.261.jar:/home/runner/.m2/repository/org/apache/httpcomponents/httpclient/4.5.13/httpclient-4.5.13.jar:/home/runner/.m2/repository/org/apache/httpcomponents/httpcore/4.4.13/httpcore-4.4.13.jar:/home/runner/.m2/repository/software/amazon/ion/ion-java/1.0.2/ion-java-1.0.2.jar:/home/runner/.m2/repository/com/fasterxml/jackson/dataformat/jackson-dataformat-cbor/2.13.2/jackson-dataformat-cbor-2.13.2.jar:/home/runner/.m2/repository/joda-time/joda-time/2.8.1/joda-time-2.8.1.jar:/home/runner/.m2/repository/com/amazonaws/aws-java-sdk-s3/1.12.261/aws-java-sdk-s3-1.12.261.jar:/home/runner/.m2/repository/com/amazonaws/aws-java-sdk-kms/1.12.261/aws-java-sdk-kms-1.12.261.jar:/home/runner/.m2/repository/com/amazonaws/jmespath-java/1.12.261/jmespath-java-1.12.261.jar:/home/runner/.m2/repository/org/kohsuke/metainf-services/metainf-services/1.8/metainf-services-1.8.jar:/home/runner/.m2/repository/org/apache/ozone/hdds-tools/1.3.0-SNAPSHOT/hdds-tools-1.3.0-SNAPSHOT.jar:/home/runner/.m2/repository/commons-cli/commons-cli/1.2/commons-cli-1.2.jar:/home/runner/.m2/repository/org/apache/commons/commons-lang3/3.7/commons-lang3-3.7.jar:/home/runner/.m2/repository/org/apache/ozone/ozone-manager/1.3.0-SNAPSHOT/ozone-manager-1.3.0-SNAPSHOT-tests.jar:/home/runner/.m2/repository/org/apache/ozone/hdds-common/1.3.0-SNAPSHOT/hdds-common-1.3.0-SNAPSHOT-tests.jar:/home/runner/.m2/repository/org/apache/ozone/hdds-hadoop-dependency-client/1.3.0-SNAPSHOT/hdds-hadoop-dependency-client-1.3.0-SNAPSHOT.jar:/home/runner/.m2/repository/info/picocli/picocli/4.6.1/picocli-4.6.1.jar:/home/runner/.m2/repository/com/fasterxml/jackson/core/jackson-annotations/2.13.2/jackson-annotations-2.13.2.jar:/home/runner/.m2/repository/com/fasterxml/jackson/datatype/jackson-datatype-jsr310/2.13.2/jackson-datatype-jsr310-2.13.2.jar:/home/runner/.m2/repository/javax/annotation/javax.annotation-api/1.2/javax.annotation-api-1.2.jar:/home/runner/.m2/repository/org/apache/ratis/ratis-server/2.3.0/ratis-server-2.3.0.jar:/home/runner/.m2/repository/org/apache/ratis/ratis-client/2.3.0/ratis-client-2.3.0.jar:/home/runner/.m2/repository/org/apache/ratis/ratis-server-api/2.3.0/ratis-server-api-2.3.0.jar:/home/runner/.m2/repository/org/apache/ratis/ratis-metrics/2.3.0/ratis-metrics-2.3.0.jar:/home/runner/.m2/repository/org/apache/ratis/ratis-netty/2.3.0/ratis-netty-2.3.0.jar:/home/runner/.m2/repository/org/apache/ratis/ratis-grpc/2.3.0/ratis-grpc-2.3.0.jar:/home/runner/.m2/repository/org/apache/logging/log4j/log4j-api/2.17.1/log4j-api-2.17.1.jar:/home/runner/.m2/repository/org/apache/commons/commons-pool2/2.6.0/commons-pool2-2.6.0.jar:/home/runner/.m2/repository/org/bouncycastle/bcpkix-jdk15on/1.67/bcpkix-jdk15on-1.67.jar:/home/runner/.m2/repository/commons-validator/commons-validator/1.6/commons-validator-1.6.jar:/home/runner/.m2/repository/commons-beanutils/commons-beanutils/1.9.4/commons-beanutils-1.9.4.jar:/home/runner/.m2/repository/commons-digester/commons-digester/1.8.1/commons-digester-1.8.1.jar:/home/runner/.m2/repository/commons-collections/commons-collections/3.2.2/commons-collections-3.2.2.jar:/home/runner/.m2/repository/io/jaegertracing/jaeger-client/1.6.0/jaeger-client-1.6.0.jar:/home/runner/.m2/repository/io/jaegertracing/jaeger-thrift/1.6.0/jaeger-thrift-1.6.0.jar:/home/runner/.m2/repository/org/apache/thrift/libthrift/0.14.1/libthrift-0.14.1.jar:/home/runner/.m2/repository/com/squareup/okhttp3/okhttp/4.9.0/okhttp-4.9.0.jar:/home/runner/.m2/repository/com/squareup/okio/okio/2.8.0/okio-2.8.0.jar:/home/runner/.m2/repository/io/jaegertracing/jaeger-core/1.6.0/jaeger-core-1.6.0.jar:/home/runner/.m2/repository/io/jaegertracing/jaeger-tracerresolver/1.6.0/jaeger-tracerresolver-1.6.0.jar:/home/runner/.m2/repository/io/opentracing/contrib/opentracing-tracerresolver/0.1.8/opentracing-tracerresolver-0.1.8.jar:/home/runner/.m2/repository/org/jetbrains/kotlin/kotlin-stdlib/1.6.21/kotlin-stdlib-1.6.21.jar:/home/runner/.m2/repository/org/jetbrains/kotlin/kotlin-stdlib-common/1.6.21/kotlin-stdlib-common-1.6.21.jar:/home/runner/.m2/repository/org/jetbrains/annotations/13.0/annotations-13.0.jar:/home/runner/.m2/repository/io/opentracing/opentracing-util/0.33.0/opentracing-util-0.33.0.jar:/home/runner/.m2/repository/io/opentracing/opentracing-api/0.33.0/opentracing-api-0.33.0.jar:/home/runner/.m2/repository/io/opentracing/opentracing-noop/0.33.0/opentracing-noop-0.33.0.jar:/home/runner/.m2/repository/org/yaml/snakeyaml/1.26/snakeyaml-1.26.jar:/home/runner/.m2/repository/org/apache/ozone/hdds-interface-admin/1.3.0-SNAPSHOT/hdds-interface-admin-1.3.0-SNAPSHOT.jar:/home/runner/.m2/repository/junit/junit/4.13.1/junit-4.13.1.jar:/home/runner/.m2/repository/org/hamcrest/hamcrest-core/1.3/hamcrest-core-1.3.jar:/home/runner/.m2/repository/org/junit/jupiter/junit-jupiter-api/5.8.2/junit-jupiter-api-5.8.2.jar:/home/runner/.m2/repository/org/opentest4j/opentest4j/1.2.0/opentest4j-1.2.0.jar:/home/runner/.m2/repository/org/junit/platform/junit-platform-commons/1.8.2/junit-platform-commons-1.8.2.jar:/home/runner/.m2/repository/org/apiguardian/apiguardian-api/1.1.2/apiguardian-api-1.1.2.jar:/home/runner/.m2/repository/org/junit/jupiter/junit-jupiter-params/5.8.2/junit-jupiter-params-5.8.2.jar:/home/runner/.m2/repository/org/junit/jupiter/junit-jupiter-migrationsupport/5.8.2/junit-jupiter-migrationsupport-5.8.2.jar:/home/runner/.m2/repository/org/junit/jupiter/junit-jupiter-engine/5.8.2/junit-jupiter-engine-5.8.2.jar:/home/runner/.m2/repository/org/junit/platform/junit-platform-engine/1.8.2/junit-platform-engine-1.8.2.jar:/home/runner/.m2/repository/org/junit/vintage/junit-vintage-engine/5.8.2/junit-vintage-engine-5.8.2.jar:/home/runner/.m2/repository/org/junit/platform/junit-platform-launcher/1.8.2/junit-platform-launcher-1.8.2.jar:/home/runner/.m2/repository/org/mockito/mockito-core/2.28.2/mockito-core-2.28.2.jar:/home/runner/.m2/repository/net/bytebuddy/byte-buddy/1.9.10/byte-buddy-1.9.10.jar:/home/runner/.m2/repository/net/bytebuddy/byte-buddy-agent/1.9.10/byte-buddy-agent-1.9.10.jar:/home/runner/.m2/repository/org/objenesis/objenesis/1.0/objenesis-1.0.jar:/home/runner/.m2/repository/org/apache/hadoop/hadoop-kms/3.3.1/hadoop-kms-3.3.1.jar:/home/runner/.m2/repository/org/apache/hadoop/hadoop-auth/3.3.1/hadoop-auth-3.3.1.jar:/home/runner/.m2/repository/com/nimbusds/nimbus-jose-jwt/7.9/nimbus-jose-jwt-7.9.jar:/home/runner/.m2/repository/com/github/stephenc/jcip/jcip-annotations/1.0-1/jcip-annotations-1.0-1.jar:/home/runner/.m2/repository/net/minidev/json-smart/2.4.7/json-smart-2.4.7.jar:/home/runner/.m2/repository/net/minidev/accessors-smart/2.4.7/accessors-smart-2.4.7.jar:/home/runner/.m2/repository/org/ow2/asm/asm/5.0.4/asm-5.0.4.jar:/home/runner/.m2/repository/org/apache/zookeeper/zookeeper/3.5.6/zookeeper-3.5.6.jar:/home/runner/.m2/repository/org/apache/zookeeper/zookeeper-jute/3.5.6/zookeeper-jute-3.5.6.jar:/home/runner/.m2/repository/org/apache/yetus/audience-annotations/0.5.0/audience-annotations-0.5.0.jar:/home/runner/.m2/repository/org/apache/curator/curator-framework/4.2.0/curator-framework-4.2.0.jar:/home/runner/.m2/repository/org/apache/hadoop/thirdparty/hadoop-shaded-guava/1.1.1/hadoop-shaded-guava-1.1.1.jar:/home/runner/.m2/repository/com/sun/jersey/jersey-core/1.19/jersey-core-1.19.jar:/home/runner/.m2/repository/javax/ws/rs/jsr311-api/1.1.1/jsr311-api-1.1.1.jar:/home/runner/.m2/repository/com/sun/jersey/jersey-server/1.19/jersey-server-1.19.jar:/home/runner/.m2/repository/javax/servlet/javax.servlet-api/3.1.0/javax.servlet-api-3.1.0.jar:/home/runner/.m2/repository/org/eclipse/jetty/jetty-server/9.4.43.v20210629/jetty-server-9.4.43.v20210629.jar:/home/runner/.m2/repository/org/eclipse/jetty/jetty-http/9.4.43.v20210629/jetty-http-9.4.43.v20210629.jar:/home/runner/.m2/repository/org/eclipse/jetty/jetty-io/9.4.43.v20210629/jetty-io-9.4.43.v20210629.jar:/home/runner/.m2/repository/org/eclipse/jetty/jetty-webapp/9.4.43.v20210629/jetty-webapp-9.4.43.v20210629.jar:/home/runner/.m2/repository/org/eclipse/jetty/jetty-xml/9.4.43.v20210629/jetty-xml-9.4.43.v20210629.jar:/home/runner/.m2/repository/org/apache/hadoop/hadoop-common/3.3.1/hadoop-common-3.3.1.jar:/home/runner/.m2/repository/org/apache/commons/commons-math3/3.1.1/commons-math3-3.1.1.jar:/home/runner/.m2/repository/commons-net/commons-net/3.6/commons-net-3.6.jar:/home/runner/.m2/repository/com/sun/jersey/jersey-servlet/1.19/jersey-servlet-1.19.jar:/home/runner/.m2/repository/com/sun/jersey/jersey-json/1.19/jersey-json-1.19.jar:/home/runner/.m2/repository/org/codehaus/jettison/jettison/1.1/jettison-1.1.jar:/home/runner/.m2/repository/com/sun/xml/bind/jaxb-impl/2.2.3-1/jaxb-impl-2.2.3-1.jar:/home/runner/.m2/repository/org/codehaus/jackson/jackson-xc/1.9.2/jackson-xc-1.9.2.jar:/home/runner/.m2/repository/org/apache/commons/commons-configuration2/2.1.1/commons-configuration2-2.1.1.jar:/home/runner/.m2/repository/org/apache/commons/commons-text/1.4/commons-text-1.4.jar:/home/runner/.m2/repository/com/google/re2j/re2j/1.1/re2j-1.1.jar:/home/runner/.m2/repository/com/jcraft/jsch/0.1.54/jsch-0.1.54.jar:/home/runner/.m2/repository/org/apache/curator/curator-client/4.2.0/curator-client-4.2.0.jar:/home/runner/.m2/repository/org/apache/curator/curator-recipes/4.2.0/curator-recipes-4.2.0.jar:/home/runner/.m2/repository/org/apache/kerby/kerb-core/1.0.1/kerb-core-1.0.1.jar:/home/runner/.m2/repository/org/apache/kerby/kerby-pkix/1.0.1/kerby-pkix-1.0.1.jar:/home/runner/.m2/repository/org/apache/kerby/kerby-asn1/1.0.1/kerby-asn1-1.0.1.jar:/home/runner/.m2/repository/org/apache/kerby/kerby-util/1.0.1/kerby-util-1.0.1.jar:/home/runner/.m2/repository/dnsjava/dnsjava/2.1.7/dnsjava-2.1.7.jar:/home/runner/.m2/repository/org/xerial/snappy/snappy-java/1.1.8.2/snappy-java-1.1.8.2.jar:/home/runner/.m2/repository/org/slf4j/jul-to-slf4j/1.7.30/jul-to-slf4j-1.7.30.jar:/home/runner/.m2/repository/org/eclipse/jetty/jetty-util/9.4.43.v20210629/jetty-util-9.4.43.v20210629.jar:/home/runner/.m2/repository/com/fasterxml/jackson/core/jackson-databind/2.13.2.2/jackson-databind-2.13.2.2.jar:/home/runner/.m2/repository/org/apache/hadoop/hadoop-kms/3.3.1/hadoop-kms-3.3.1-tests.jar:/home/runner/.m2/repository/org/apache/ozone/hdds-server-scm/1.3.0-SNAPSHOT/hdds-server-scm-1.3.0-SNAPSHOT-tests.jar:/home/runner/.m2/repository/org/apache/ozone/hdds-container-service/1.3.0-SNAPSHOT/hdds-container-service-1.3.0-SNAPSHOT-tests.jar:/home/runner/.m2/repository/commons-codec/commons-codec/1.11/commons-codec-1.11.jar:/home/runner/.m2/repository/io/netty/netty-codec/4.1.79.Final/netty-codec-4.1.79.Final.jar:/home/runner/.m2/repository/io/netty/netty-handler/4.1.79.Final/netty-handler-4.1.79.Final.jar:/home/runner/.m2/repository/org/apache/ozone/hdds-hadoop-dependency-test/1.3.0-SNAPSHOT/hdds-hadoop-dependency-test-1.3.0-SNAPSHOT.jar:/home/runner/.m2/repository/org/apache/hadoop/hadoop-common/3.3.1/hadoop-common-3.3.1-tests.jar:/home/runner/.m2/repository/org/assertj/assertj-core/3.12.2/assertj-core-3.12.2.jar:/home/runner/.m2/repository/org/apache/hadoop/hadoop-hdfs/3.3.1/hadoop-hdfs-3.3.1-tests.jar:/home/runner/.m2/repository/org/eclipse/jetty/jetty-util-ajax/9.4.43.v20210629/jetty-util-ajax-9.4.43.v20210629.jar:/home/runner/.m2/repository/commons-daemon/commons-daemon/1.0.13/commons-daemon-1.0.13.jar:/home/runner/.m2/repository/io/netty/netty/3.10.6.Final/netty-3.10.6.Final.jar:/home/runner/.m2/repository/io/netty/netty-all/4.1.79.Final/netty-all-4.1.79.Final.jar:/home/runner/.m2/repository/io/netty/netty-codec-dns/4.1.79.Final/netty-codec-dns-4.1.79.Final.jar:/home/runner/.m2/repository/io/netty/netty-codec-haproxy/4.1.79.Final/netty-codec-haproxy-4.1.79.Final.jar:/home/runner/.m2/repository/io/netty/netty-codec-memcache/4.1.79.Final/netty-codec-memcache-4.1.79.Final.jar:/home/runner/.m2/repository/io/netty/netty-codec-mqtt/4.1.79.Final/netty-codec-mqtt-4.1.79.Final.jar:/home/runner/.m2/repository/io/netty/netty-codec-redis/4.1.79.Final/netty-codec-redis-4.1.79.Final.jar:/home/runner/.m2/repository/io/netty/netty-codec-smtp/4.1.79.Final/netty-codec-smtp-4.1.79.Final.jar:/home/runner/.m2/repository/io/netty/netty-codec-stomp/4.1.79.Final/netty-codec-stomp-4.1.79.Final.jar:/home/runner/.m2/repository/io/netty/netty-codec-xml/4.1.79.Final/netty-codec-xml-4.1.79.Final.jar:/home/runner/.m2/repository/io/netty/netty-resolver-dns/4.1.79.Final/netty-resolver-dns-4.1.79.Final.jar:/home/runner/.m2/repository/io/netty/netty-transport-rxtx/4.1.79.Final/netty-transport-rxtx-4.1.79.Final.jar:/home/runner/.m2/repository/io/netty/netty-transport-sctp/4.1.79.Final/netty-transport-sctp-4.1.79.Final.jar:/home/runner/.m2/repository/io/netty/netty-transport-udt/4.1.79.Final/netty-transport-udt-4.1.79.Final.jar:/home/runner/.m2/repository/io/netty/netty-transport-classes-kqueue/4.1.79.Final/netty-transport-classes-kqueue-4.1.79.Final.jar:/home/runner/.m2/repository/io/netty/netty-resolver-dns-classes-macos/4.1.79.Final/netty-resolver-dns-classes-macos-4.1.79.Final.jar:/home/runner/.m2/repository/io/netty/netty-transport-native-epoll/4.1.79.Final/netty-transport-native-epoll-4.1.79.Final-linux-aarch_64.jar:/home/runner/.m2/repository/io/netty/netty-transport-native-kqueue/4.1.79.Final/netty-transport-native-kqueue-4.1.79.Final-osx-x86_64.jar:/home/runner/.m2/repository/io/netty/netty-transport-native-kqueue/4.1.79.Final/netty-transport-native-kqueue-4.1.79.Final-osx-aarch_64.jar:/home/runner/.m2/repository/io/netty/netty-resolver-dns-native-macos/4.1.79.Final/netty-resolver-dns-native-macos-4.1.79.Final-osx-x86_64.jar:/home/runner/.m2/repository/io/netty/netty-resolver-dns-native-macos/4.1.79.Final/netty-resolver-dns-native-macos-4.1.79.Final-osx-aarch_64.jar:/home/runner/.m2/repository/org/apache/htrace/htrace-core4/4.1.0-incubating/htrace-core4-4.1.0-incubating.jar:/home/runner/.m2/repository/org/fusesource/leveldbjni/leveldbjni-all/1.8/leveldbjni-all-1.8.jar:/home/runner/.m2/repository/org/apache/hadoop/hadoop-distcp/3.3.1/hadoop-distcp-3.3.1.jar:/home/runner/.m2/repository/org/apache/hadoop/hadoop-mapreduce-client-jobclient/3.3.1/hadoop-mapreduce-client-jobclient-3.3.1.jar:/home/runner/.m2/repository/org/apache/hadoop/hadoop-mapreduce-client-common/3.3.1/hadoop-mapreduce-client-common-3.3.1.jar:/home/runner/.m2/repository/org/apache/hadoop/hadoop-yarn-common/3.3.1/hadoop-yarn-common-3.3.1.jar:/home/runner/.m2/repository/org/apache/hadoop/hadoop-yarn-api/3.3.1/hadoop-yarn-api-3.3.1.jar:/home/runner/.m2/repository/com/sun/jersey/contribs/jersey-guice/1.19/jersey-guice-1.19.jar:/home/runner/.m2/repository/com/fasterxml/jackson/jaxrs/jackson-jaxrs-json-provider/2.13.2/jackson-jaxrs-json-provider-2.13.2.jar:/home/runner/.m2/repository/com/fasterxml/jackson/jaxrs/jackson-jaxrs-base/2.13.2/jackson-jaxrs-base-2.13.2.jar:/home/runner/.m2/repository/org/apache/hadoop/hadoop-yarn-client/3.3.1/hadoop-yarn-client-3.3.1.jar:/home/runner/.m2/repository/org/eclipse/jetty/websocket/websocket-client/9.4.40.v20210413/websocket-client-9.4.40.v20210413.jar:/home/runner/.m2/repository/org/eclipse/jetty/websocket/websocket-common/9.4.40.v20210413/websocket-common-9.4.40.v20210413.jar:/home/runner/.m2/repository/org/eclipse/jetty/websocket/websocket-api/9.4.40.v20210413/websocket-api-9.4.40.v20210413.jar:/home/runner/.m2/repository/org/jline/jline/3.9.0/jline-3.9.0.jar:/home/runner/.m2/repository/org/apache/hadoop/hadoop-mapreduce-client-core/3.3.1/hadoop-mapreduce-client-core-3.3.1.jar:/home/runner/.m2/repository/org/apache/avro/avro/1.7.7/avro-1.7.7.jar:/home/runner/.m2/repository/org/codehaus/jackson/jackson-core-asl/1.9.13/jackson-core-asl-1.9.13.jar:/home/runner/.m2/repository/org/codehaus/jackson/jackson-mapper-asl/1.9.13/jackson-mapper-asl-1.9.13.jar:/home/runner/.m2/repository/com/thoughtworks/paranamer/paranamer/2.3/paranamer-2.3.jar:/home/runner/.m2/repository/org/apache/hadoop/hadoop-annotations/3.3.1/hadoop-annotations-3.3.1.jar:/usr/lib/jvm/temurin-8-jdk-amd64/jre/../lib/tools.jar:/home/runner/.m2/repository/org/apache/hadoop/hadoop-distcp/3.3.1/hadoop-distcp-3.3.1-tests.jar:/home/runner/.m2/repository/org/apache/ratis/ratis-common/2.3.0/ratis-common-2.3.0.jar:/home/runner/.m2/repository/org/apache/ratis/ratis-thirdparty-misc/1.0.0/ratis-thirdparty-misc-1.0.0.jar:/home/runner/.m2/repository/org/apache/ratis/ratis-proto/2.3.0/ratis-proto-2.3.0.jar:/home/runner/.m2/repository/org/apache/ozone/ozone-annotation-processing/1.3.0-SNAPSHOT/ozone-annotation-processing-1.3.0-SNAPSHOT.jar:"/>
    <property name="sun.cpu.endian" value="little"/>
    <property name="user.home" value="/home/runner"/>
    <property name="user.language" value="en"/>
    <property name="java.specification.vendor" value="Oracle Corporation"/>
    <property name="java.home" value="/usr/lib/jvm/temurin-8-jdk-amd64/jre"/>
    <property name="java.security.krb5.conf" value="/home/runner/work/ozone/ozone/hadoop-ozone/integration-test/target/test-classes/krb5.conf"/>
    <property name="basedir" value="/home/runner/work/ozone/ozone/hadoop-ozone/integration-test"/>
    <property name="file.separator" value="/"/>
    <property name="line.separator" value="&#10;"/>
    <property name="java.vm.specification.vendor" value="Oracle Corporation"/>
    <property name="java.specification.name" value="Java Platform API Specification"/>
    <property name="java.awt.graphicsenv" value="sun.awt.X11GraphicsEnvironment"/>
    <property name="skip.installnpx" value="true"/>
    <property name="surefire.real.class.path" value="/home/runner/work/ozone/ozone/hadoop-ozone/integration-test/target/surefire/surefirebooter31697919823292889.jar:/home/runner/.m2/repository/org/jacoco/org.jacoco.agent/0.8.5/org.jacoco.agent-0.8.5-runtime.jar"/>
    <property name="hadoop.log.dir" value="/home/runner/work/ozone/ozone/hadoop-ozone/integration-test/target/log"/>
    <property name="sun.boot.class.path" value="/usr/lib/jvm/temurin-8-jdk-amd64/jre/lib/resources.jar:/usr/lib/jvm/temurin-8-jdk-amd64/jre/lib/rt.jar:/usr/lib/jvm/temurin-8-jdk-amd64/jre/lib/sunrsasign.jar:/usr/lib/jvm/temurin-8-jdk-amd64/jre/lib/jsse.jar:/usr/lib/jvm/temurin-8-jdk-amd64/jre/lib/jce.jar:/usr/lib/jvm/temurin-8-jdk-amd64/jre/lib/charsets.jar:/usr/lib/jvm/temurin-8-jdk-amd64/jre/lib/jfr.jar:/usr/lib/jvm/temurin-8-jdk-amd64/jre/classes"/>
    <property name="sun.management.compiler" value="HotSpot 64-Bit Tiered Compilers"/>
    <property name="skip.npx" value="true"/>
    <property name="java.runtime.version" value="1.8.0_332-b09"/>
    <property name="java.net.preferIPv4Stack" value="true"/>
    <property name="user.name" value="runner"/>
    <property name="path.separator" value=":"/>
    <property name="java.security.egd" value="file:///dev/urandom"/>
    <property name="os.version" value="5.4.0-1086-azure"/>
    <property name="java.endorsed.dirs" value="/usr/lib/jvm/temurin-8-jdk-amd64/jre/lib/endorsed"/>
    <property name="java.runtime.name" value="OpenJDK Runtime Environment"/>
    <property name="file.encoding" value="UTF-8"/>
    <property name="java.vm.name" value="OpenJDK 64-Bit Server VM"/>
    <property name="test.build.webapps" value=""/>
    <property name="localRepository" value="/home/runner/.m2/repository"/>
    <property name="jetty.git.hash" value="526006ecfa3af7f1a27ef3a288e2bef7ea9dd7e8"/>
    <property name="java.vendor.url.bug" value="https://github.com/adoptium/adoptium-support/issues"/>
    <property name="java.io.tmpdir" value="/tmp"/>
    <property name="require.test.libhadoop" value=""/>
    <property name="java.version" value="1.8.0_332"/>
    <property name="user.dir" value="/home/runner/work/ozone/ozone/hadoop-ozone/integration-test"/>
    <property name="os.arch" value="amd64"/>
    <property name="java.vm.specification.name" value="Java Virtual Machine Specification"/>
    <property name="test.build.classes" value="/home/runner/work/ozone/ozone/hadoop-ozone/integration-test/target/test-classes"/>
    <property name="java.awt.printerjob" value="sun.print.PSPrinterJob"/>
    <property name="sun.os.patch.level" value="unknown"/>
    <property name="hadoop.tmp.dir" value="/home/runner/work/ozone/ozone/hadoop-ozone/integration-test/target/tmp"/>
    <property name="java.library.path" value="/usr/java/packages/lib/amd64:/usr/lib64:/lib64:/lib:/usr/lib"/>
    <property name="java.vm.info" value="mixed mode"/>
    <property name="java.vendor" value="Temurin"/>
    <property name="java.vm.version" value="25.332-b09"/>
    <property name="java.ext.dirs" value="/usr/lib/jvm/temurin-8-jdk-amd64/jre/lib/ext:/usr/java/packages/lib/ext"/>
    <property name="sun.io.unicode.encoding" value="UnicodeLittle"/>
    <property name="java.class.version" value="52.0"/>
  </properties>
  <testcase name="testRenameFile" classname="TestRootedOzoneFileSystem" time="0.553">
    <system-out><![CDATA[2022-07-30 01:47:12,504 [main] WARN  server.ServerUtils (ServerUtils.java:getScmDbDir(148)) - ozone.scm.db.dirs is not configured. We recommend adding this setting. Falling back to ozone.metadata.dirs instead.
2022-07-30 01:47:12,583 [main] WARN  server.ServerUtils (ServerUtils.java:getScmDbDir(148)) - ozone.scm.db.dirs is not configured. We recommend adding this setting. Falling back to ozone.metadata.dirs instead.
2022-07-30 01:47:12,587 [main] INFO  ha.SCMHANodeDetails (SCMHANodeDetails.java:loadSCMHAConfig(209)) - ServiceID for StorageContainerManager is null
2022-07-30 01:47:12,599 [main] WARN  ha.SCMHANodeDetails (SCMHANodeDetails.java:validateSCMHAConfig(182)) - Invalid config ozone.scm.ratis.enable. The config was not specified, but the default value true conflicts with the expected config value false. Falling back to the expected value. Current State of SCM: SCM is running in Non-HA without Ratis Ratis SCM -> Non Ratis SCM or Non HA SCM -> HA SCM is not supported
2022-07-30 01:47:12,600 [main] INFO  ha.SCMHANodeDetails (SCMHANodeDetails.java:loadSCMHAConfig(214)) - ozone.scm.default.service.id is not defined, falling back to ozone.scm.service.ids to find serviceID for StorageContainerManager if it is HA enabled cluster
2022-07-30 01:47:13,095 [main] WARN  utils.HAUtils (HAUtils.java:getMetaDir(342)) - ozone.scm.db.dirs is not configured. We recommend adding this setting. Falling back to ozone.metadata.dirs instead.
2022-07-30 01:47:13,314 [main] WARN  db.DBStoreBuilder (DBStoreBuilder.java:applyDBDefinition(145)) - ozone.scm.db.dirs is not configured. We recommend adding this setting. Falling back to ozone.metadata.dirs instead.
2022-07-30 01:47:13,526 [main] INFO  net.NodeSchemaLoader (NodeSchemaLoader.java:loadSchemaFromFile(129)) - Loading schema from [jar:file:/home/runner/.m2/repository/org/apache/ozone/hdds-common/1.3.0-SNAPSHOT/hdds-common-1.3.0-SNAPSHOT.jar!/network-topology-default.xml]
2022-07-30 01:47:13,527 [main] INFO  net.NodeSchemaLoader (NodeSchemaLoader.java:loadSchema(176)) - Loading network topology layer schema file
2022-07-30 01:47:13,568 [main] INFO  metrics.MetricRegistries (MetricRegistriesLoader.java:load(64)) - Loaded MetricRegistries class org.apache.ratis.metrics.impl.MetricRegistriesImpl
2022-07-30 01:47:13,574 [main] INFO  upgrade.AbstractLayoutVersionManager (AbstractLayoutVersionManager.java:init(83)) - Initializing Layout version manager with metadata layout = DATANODE_SCHEMA_V3 (version = 4), software layout = DATANODE_SCHEMA_V3 (version = 4)
2022-07-30 01:47:13,784 [main] INFO  reflections.Reflections (Reflections.java:scan(232)) - Reflections took 138 ms to scan 7 urls, producing 132 keys and 321 values 
2022-07-30 01:47:13,883 [main] INFO  ha.SequenceIdGenerator (SequenceIdGenerator.java:upgradeToSequenceId(349)) - upgrade localId to 109611004723200000
2022-07-30 01:47:13,883 [main] INFO  ha.SequenceIdGenerator (SequenceIdGenerator.java:upgradeToSequenceId(359)) - upgrade delTxnId to 0
2022-07-30 01:47:13,887 [main] INFO  ha.SequenceIdGenerator (SequenceIdGenerator.java:upgradeToSequenceId(376)) - upgrade containerId to 0
2022-07-30 01:47:13,889 [main] INFO  ha.SequenceIdGenerator (SequenceIdGenerator.java:<init>(220)) - Init the HA SequenceIdGenerator.
2022-07-30 01:47:13,929 [main] WARN  server.ServerUtils (ServerUtils.java:sanitizeUserArgs(73)) - ozone.scm.stale.node.interval value = 300000 is larger than max = 100000 based on the key value of ozone.scm.heartbeat.thread.interval, reset to the max value 100000.
2022-07-30 01:47:13,929 [main] WARN  server.ServerUtils (ServerUtils.java:sanitizeUserArgs(73)) - ozone.scm.stale.node.interval value = 300000 is larger than max = 100000 based on the key value of ozone.scm.heartbeat.thread.interval, reset to the max value 100000.
2022-07-30 01:47:13,936 [main] INFO  node.SCMNodeManager (SCMNodeManager.java:<init>(149)) - Entering startup safe mode.
2022-07-30 01:47:13,951 [main] INFO  algorithms.ContainerPlacementPolicyFactory (ContainerPlacementPolicyFactory.java:getPolicyInternal(86)) - Create container placement policy of type org.apache.hadoop.hdds.scm.container.placement.algorithms.SCMContainerPlacementRandom
2022-07-30 01:47:13,954 [main] INFO  algorithms.ContainerPlacementPolicyFactory (ContainerPlacementPolicyFactory.java:getPolicyInternal(86)) - Create container placement policy of type org.apache.hadoop.hdds.scm.container.placement.algorithms.SCMContainerPlacementRackScatter
2022-07-30 01:47:13,963 [main] INFO  pipeline.PipelineStateManagerImpl (PipelineStateManagerImpl.java:initialize(78)) - No pipeline exists in current db
2022-07-30 01:47:14,001 [main] INFO  algorithms.LeaderChoosePolicyFactory (LeaderChoosePolicyFactory.java:getPolicy(57)) - Create leader choose policy of type org.apache.hadoop.hdds.scm.pipeline.leader.choose.algorithms.MinLeaderCountChoosePolicy
2022-07-30 01:47:14,001 [main] INFO  algorithms.ContainerPlacementPolicyFactory (ContainerPlacementPolicyFactory.java:getPolicyInternal(86)) - Create container placement policy of type org.apache.hadoop.hdds.scm.container.placement.algorithms.SCMContainerPlacementRackScatter
2022-07-30 01:47:14,015 [main] INFO  ha.SCMServiceManager (SCMServiceManager.java:register(42)) - Registering service BackgroundPipelineCreator.
2022-07-30 01:47:14,015 [main] INFO  pipeline.BackgroundPipelineCreator (BackgroundPipelineCreator.java:start(124)) - Starting RatisPipelineUtilsThread.
2022-07-30 01:47:14,020 [main] INFO  BackgroundPipelineScrubber (BackgroundSCMService.java:start(68)) - Starting BackgroundPipelineScrubber Service.
2022-07-30 01:47:14,023 [main] INFO  ha.SCMServiceManager (SCMServiceManager.java:register(42)) - Registering service BackgroundPipelineScrubber.
2022-07-30 01:47:14,031 [main] INFO  ExpiredContainerReplicaOpScrubber (BackgroundSCMService.java:start(68)) - Starting ExpiredContainerReplicaOpScrubber Service.
2022-07-30 01:47:14,031 [main] INFO  ha.SCMServiceManager (SCMServiceManager.java:register(42)) - Registering service ExpiredContainerReplicaOpScrubber.
2022-07-30 01:47:14,064 [main] INFO  algorithms.PipelineChoosePolicyFactory (PipelineChoosePolicyFactory.java:createPipelineChoosePolicyFromClass(73)) - Create pipeline choose policy of type org.apache.hadoop.hdds.scm.pipeline.choose.algorithms.RandomPipelineChoosePolicy
2022-07-30 01:47:14,082 [main] INFO  ha.SCMServiceManager (SCMServiceManager.java:register(42)) - Registering service SCMBlockDeletingService.
2022-07-30 01:47:14,122 [main] INFO  replication.ReplicationManager (ReplicationManager.java:start(200)) - Starting Replication Monitor Thread.
2022-07-30 01:47:14,135 [ReplicationMonitor] INFO  replication.ReplicationManager (ReplicationManager.java:processAll(249)) - Replication Manager is not ready to run until 3000ms after safemode exit
2022-07-30 01:47:14,135 [main] INFO  UnderReplicatedQueueThread (BackgroundSCMService.java:start(68)) - Starting UnderReplicatedQueueThread Service.
2022-07-30 01:47:14,135 [main] INFO  ha.SCMServiceManager (SCMServiceManager.java:register(42)) - Registering service UnderReplicatedQueueThread.
2022-07-30 01:47:14,137 [main] INFO  OverReplicatedQueueThread (BackgroundSCMService.java:start(68)) - Starting OverReplicatedQueueThread Service.
2022-07-30 01:47:14,137 [main] INFO  ha.SCMServiceManager (SCMServiceManager.java:register(42)) - Registering service OverReplicatedQueueThread.
2022-07-30 01:47:14,138 [main] INFO  ha.SCMServiceManager (SCMServiceManager.java:register(42)) - Registering service ReplicationManager.
2022-07-30 01:47:14,146 [main] INFO  safemode.ContainerSafeModeRule (ContainerSafeModeRule.java:<init>(89)) - containers with one replica threshold count 0
2022-07-30 01:47:14,150 [main] INFO  safemode.HealthyPipelineSafeModeRule (HealthyPipelineSafeModeRule.java:initializeRule(169)) - Total pipeline count is 0, healthy pipeline threshold count is 1
2022-07-30 01:47:14,153 [main] INFO  safemode.OneReplicaPipelineSafeModeRule (OneReplicaPipelineSafeModeRule.java:initializeRule(180)) - Total pipeline count is 0, pipeline's with at least one datanode reported threshold count is 0
2022-07-30 01:47:14,466 [main] INFO  audit.AuditLogger (AuditLogger.java:refreshDebugCmdSet(126)) - Refresh DebugCmdSet for SCMAudit to [].
2022-07-30 01:47:14,495 [main] INFO  ipc.CallQueueManager (CallQueueManager.java:<init>(90)) - Using callQueue: class java.util.concurrent.LinkedBlockingQueue, queueCapacity: 2000, scheduler: class org.apache.hadoop.ipc.DefaultRpcScheduler, ipcBackoff: false.
2022-07-30 01:47:14,534 [Socket Reader #1 for port 0] INFO  ipc.Server (Server.java:run(1265)) - Starting Socket Reader #1 for port 0
2022-07-30 01:47:14,587 [Listener at 0.0.0.0/33517] INFO  audit.AuditLogger (AuditLogger.java:refreshDebugCmdSet(126)) - Refresh DebugCmdSet for SCMAudit to [].
2022-07-30 01:47:14,592 [Listener at 0.0.0.0/33517] INFO  ipc.CallQueueManager (CallQueueManager.java:<init>(90)) - Using callQueue: class java.util.concurrent.LinkedBlockingQueue, queueCapacity: 2000, scheduler: class org.apache.hadoop.ipc.DefaultRpcScheduler, ipcBackoff: false.
2022-07-30 01:47:14,593 [Socket Reader #1 for port 0] INFO  ipc.Server (Server.java:run(1265)) - Starting Socket Reader #1 for port 0
2022-07-30 01:47:14,625 [Listener at 0.0.0.0/34915] INFO  audit.AuditLogger (AuditLogger.java:refreshDebugCmdSet(126)) - Refresh DebugCmdSet for SCMAudit to [].
2022-07-30 01:47:14,635 [Listener at 0.0.0.0/34915] INFO  ipc.CallQueueManager (CallQueueManager.java:<init>(90)) - Using callQueue: class java.util.concurrent.LinkedBlockingQueue, queueCapacity: 2000, scheduler: class org.apache.hadoop.ipc.DefaultRpcScheduler, ipcBackoff: false.
2022-07-30 01:47:14,640 [Socket Reader #1 for port 0] INFO  ipc.Server (Server.java:run(1265)) - Starting Socket Reader #1 for port 0
2022-07-30 01:47:14,695 [Listener at 0.0.0.0/38627] INFO  ha.SCMServiceManager (SCMServiceManager.java:register(42)) - Registering service ContainerBalancer.
2022-07-30 01:47:14,696 [Listener at 0.0.0.0/38627] INFO  server.StorageContainerManager (StorageContainerManager.java:<init>(406)) - 
Container Balancer status:
Key                            Value
Running                        false
Container Balancer Configuration values:
Key                                                Value
Threshold                                          10
Max Datanodes to Involve per Iteration(percent)    20
Max Size to Move per Iteration                     500GB
Max Size Entering Target per Iteration             26GB
Max Size Leaving Source per Iteration              26GB

2022-07-30 01:47:14,696 [Listener at 0.0.0.0/38627] WARN  events.EventQueue (EventQueue.java:fireEvent(216)) - No event handler registered for event TypedEvent{payloadType=SafeModeStatus, name='Safe mode status'}
2022-07-30 01:47:14,697 [Listener at 0.0.0.0/38627] INFO  ha.SCMContext (SCMContext.java:updateSafeModeStatus(228)) - Update SafeModeStatus from SafeModeStatus{safeModeStatus=true, preCheckPassed=false} to SafeModeStatus{safeModeStatus=true, preCheckPassed=false}.
2022-07-30 01:47:14,700 [Listener at 0.0.0.0/38627] INFO  server.StorageContainerManager (StorageContainerManager.java:start(1460)) - StorageContainerLocationProtocol RPC server is listening at /0.0.0.0:38627
2022-07-30 01:47:14,781 [Listener at 0.0.0.0/38627] WARN  impl.MetricsConfig (MetricsConfig.java:loadFirst(136)) - Cannot locate configuration: tried hadoop-metrics2-storagecontainermanager.properties,hadoop-metrics2.properties
2022-07-30 01:47:14,795 [Listener at 0.0.0.0/38627] INFO  impl.MetricsSystemImpl (MetricsSystemImpl.java:startTimer(378)) - Scheduled Metric snapshot period at 10 second(s).
2022-07-30 01:47:14,796 [Listener at 0.0.0.0/38627] INFO  impl.MetricsSystemImpl (MetricsSystemImpl.java:start(191)) - StorageContainerManager metrics system started
2022-07-30 01:47:15,118 [Listener at 0.0.0.0/38627] INFO  server.SCMClientProtocolServer (SCMClientProtocolServer.java:start(170)) - RPC server for Client  is listening at /0.0.0.0:38627
2022-07-30 01:47:15,118 [IPC Server Responder] INFO  ipc.Server (Server.java:run(1507)) - IPC Server Responder: starting
2022-07-30 01:47:15,119 [IPC Server listener on 0] INFO  ipc.Server (Server.java:run(1344)) - IPC Server listener on 0: starting
2022-07-30 01:47:15,124 [Listener at 0.0.0.0/38627] INFO  server.StorageContainerManager (StorageContainerManager.java:start(1475)) - ScmBlockLocationProtocol RPC server is listening at /0.0.0.0:34915
2022-07-30 01:47:15,124 [Listener at 0.0.0.0/38627] INFO  server.SCMBlockProtocolServer (SCMBlockProtocolServer.java:start(152)) - RPC server for Block Protocol is listening at /0.0.0.0:34915
2022-07-30 01:47:15,125 [IPC Server Responder] INFO  ipc.Server (Server.java:run(1507)) - IPC Server Responder: starting
2022-07-30 01:47:15,125 [IPC Server listener on 0] INFO  ipc.Server (Server.java:run(1344)) - IPC Server listener on 0: starting
2022-07-30 01:47:15,133 [Listener at 0.0.0.0/38627] INFO  server.SCMDatanodeProtocolServer (SCMDatanodeProtocolServer.java:start(186)) - ScmDatanodeProtocol RPC server for DataNodes is listening at /0.0.0.0:33517
2022-07-30 01:47:15,134 [IPC Server Responder] INFO  ipc.Server (Server.java:run(1507)) - IPC Server Responder: starting
2022-07-30 01:47:15,134 [IPC Server listener on 0] INFO  ipc.Server (Server.java:run(1344)) - IPC Server listener on 0: starting
2022-07-30 01:47:15,159 [org.apache.hadoop.util.JvmPauseMonitor$Monitor@7524125c] INFO  util.JvmPauseMonitor (JvmPauseMonitor.java:run(188)) - Starting JVM pause monitor
2022-07-30 01:47:15,173 [Listener at 0.0.0.0/38627] INFO  http.BaseHttpServer (BaseHttpServer.java:newHttpServer2BuilderForOzone(209)) - Starting Web-server for scm at: http://0.0.0.0:0
2022-07-30 01:47:15,173 [Listener at 0.0.0.0/38627] INFO  http.BaseHttpServer (BaseHttpServer.java:<init>(107)) - Hadoop Security Enabled: false Ozone Security Enabled: false Ozone HTTP Security Enabled: false 
2022-07-30 01:47:15,203 [Listener at 0.0.0.0/38627] INFO  util.log (Log.java:initialized(170)) - Logging initialized @4581ms to org.eclipse.jetty.util.log.Slf4jLog
2022-07-30 01:47:15,316 [Listener at 0.0.0.0/38627] INFO  server.AuthenticationFilter (AuthenticationFilter.java:constructSecretProvider(240)) - Unable to initialize FileSignerSecretProvider, falling back to use random secrets.
2022-07-30 01:47:15,323 [Listener at 0.0.0.0/38627] WARN  http.HttpRequestLog (HttpRequestLog.java:getRequestLog(103)) - Jetty request log can only be enabled using Log4j
2022-07-30 01:47:15,329 [Listener at 0.0.0.0/38627] INFO  http.HttpServer2 (HttpServer2.java:addGlobalFilter(1029)) - Added global filter 'safety' (class=org.apache.hadoop.hdds.server.http.HttpServer2$QuotingInputFilter)
2022-07-30 01:47:15,332 [Listener at 0.0.0.0/38627] INFO  http.HttpServer2 (HttpServer2.java:addFilter(1005)) - Added filter static_user_filter (class=org.apache.hadoop.http.lib.StaticUserWebFilter$StaticUserFilter) to context scm
2022-07-30 01:47:15,332 [Listener at 0.0.0.0/38627] INFO  http.HttpServer2 (HttpServer2.java:addFilter(1013)) - Added filter static_user_filter (class=org.apache.hadoop.http.lib.StaticUserWebFilter$StaticUserFilter) to context logs
2022-07-30 01:47:15,332 [Listener at 0.0.0.0/38627] INFO  http.HttpServer2 (HttpServer2.java:addFilter(1013)) - Added filter static_user_filter (class=org.apache.hadoop.http.lib.StaticUserWebFilter$StaticUserFilter) to context static
2022-07-30 01:47:15,373 [Listener at 0.0.0.0/38627] INFO  http.HttpServer2 (HttpServer2.java:bindListener(1248)) - Jetty bound to port 43569
2022-07-30 01:47:15,375 [Listener at 0.0.0.0/38627] INFO  server.Server (Server.java:doStart(375)) - jetty-9.4.43.v20210629; built: 2021-06-30T11:07:22.254Z; git: 526006ecfa3af7f1a27ef3a288e2bef7ea9dd7e8; jvm 1.8.0_332-b09
2022-07-30 01:47:15,404 [Listener at 0.0.0.0/38627] INFO  server.session (DefaultSessionIdManager.java:doStart(334)) - DefaultSessionIdManager workerName=node0
2022-07-30 01:47:15,405 [Listener at 0.0.0.0/38627] INFO  server.session (DefaultSessionIdManager.java:doStart(339)) - No SessionScavenger set, using defaults
2022-07-30 01:47:15,407 [Listener at 0.0.0.0/38627] INFO  server.session (HouseKeeper.java:startScavenging(132)) - node0 Scavenging every 660000ms
2022-07-30 01:47:15,421 [Listener at 0.0.0.0/38627] INFO  handler.ContextHandler (ContextHandler.java:doStart(915)) - Started o.e.j.s.ServletContextHandler@78e59b04{logs,/logs,file:///home/runner/work/ozone/ozone/hadoop-ozone/integration-test/target/log,AVAILABLE}
2022-07-30 01:47:15,422 [Listener at 0.0.0.0/38627] INFO  handler.ContextHandler (ContextHandler.java:doStart(915)) - Started o.e.j.s.ServletContextHandler@4f5df012{static,/static,file:///home/runner/work/ozone/ozone/hadoop-ozone/integration-test/target/test-classes/webapps/static,AVAILABLE}
2022-07-30 01:47:15,473 [Listener at 0.0.0.0/38627] INFO  handler.ContextHandler (ContextHandler.java:doStart(915)) - Started o.e.j.w.WebAppContext@4411a0fe{scm,/,file:///home/runner/work/ozone/ozone/hadoop-ozone/integration-test/target/test-classes/webapps/scm/,AVAILABLE}{file:/home/runner/work/ozone/ozone/hadoop-ozone/integration-test/target/test-classes/webapps/scm}
2022-07-30 01:47:15,485 [Listener at 0.0.0.0/38627] INFO  server.AbstractConnector (AbstractConnector.java:doStart(331)) - Started ServerConnector@7d12fb85{HTTP/1.1, (http/1.1)}{0.0.0.0:43569}
2022-07-30 01:47:15,485 [Listener at 0.0.0.0/38627] INFO  server.Server (Server.java:doStart(415)) - Started @4864ms
2022-07-30 01:47:15,487 [Listener at 0.0.0.0/38627] INFO  impl.MetricsSinkAdapter (MetricsSinkAdapter.java:start(204)) - Sink prometheus started
2022-07-30 01:47:15,487 [Listener at 0.0.0.0/38627] INFO  impl.MetricsSystemImpl (MetricsSystemImpl.java:registerSink(305)) - Registered sink prometheus
2022-07-30 01:47:15,489 [Listener at 0.0.0.0/38627] INFO  http.BaseHttpServer (BaseHttpServer.java:updateConnectorAddress(329)) - HTTP server of scm listening at http://0.0.0.0:43569
2022-07-30 01:47:15,490 [Listener at 0.0.0.0/38627] WARN  server.ServerUtils (ServerUtils.java:getDBPath(225)) - ozone.om.db.dirs is not configured. We recommend adding this setting. Falling back to ozone.metadata.dirs instead.
2022-07-30 01:47:15,548 [Listener at 0.0.0.0/38627] INFO  audit.AuditLogger (AuditLogger.java:refreshDebugCmdSet(126)) - Refresh DebugCmdSet for OMAudit to [].
2022-07-30 01:47:15,644 [Listener at 0.0.0.0/38627] INFO  ha.OMHANodeDetails (OMHANodeDetails.java:loadOMHAConfig(115)) - ozone.om.internal.service.id is not defined, falling back to ozone.om.service.ids to find serviceID for OzoneManager if it is HA enabled cluster
2022-07-30 01:47:15,647 [Listener at 0.0.0.0/38627] INFO  ha.OMHANodeDetails (OMHANodeDetails.java:loadOMHAConfig(226)) - Configuration does not have ozone.om.address set. Falling back to the default OM address /127.0.0.1:0
2022-07-30 01:47:15,647 [Listener at 0.0.0.0/38627] INFO  ha.OMHANodeDetails (OMHANodeDetails.java:getOMNodeDetailsForNonHA(254)) - OM Service ID is not set. Setting it to the default ID: omServiceIdDefault
2022-07-30 01:47:15,648 [Listener at 0.0.0.0/38627] INFO  ha.OMHANodeDetails (OMHANodeDetails.java:getOMNodeDetailsForNonHA(261)) - OM Node ID is not set. Setting it to the default ID: om1
2022-07-30 01:47:15,651 [Listener at 0.0.0.0/38627] WARN  server.ServerUtils (ServerUtils.java:getDBPath(225)) - ozone.om.db.dirs is not configured. We recommend adding this setting. Falling back to ozone.metadata.dirs instead.
2022-07-30 01:47:15,653 [Listener at 0.0.0.0/38627] INFO  upgrade.AbstractLayoutVersionManager (AbstractLayoutVersionManager.java:init(83)) - Initializing Layout version manager with metadata layout = MULTITENANCY_SCHEMA (version = 3), software layout = MULTITENANCY_SCHEMA (version = 3)
2022-07-30 01:47:15,758 [Listener at 0.0.0.0/38627] INFO  reflections.Reflections (Reflections.java:scan(232)) - Reflections took 99 ms to scan 2 urls, producing 152 keys and 424 values [using 2 cores]
2022-07-30 01:47:15,768 [Listener at 0.0.0.0/38627] INFO  upgrade.OMLayoutVersionManager (OMLayoutVersionManager.java:lambda$0(115)) - Skipping Upgrade Action MockOmUpgradeAction since it has been finalized.
2022-07-30 01:47:15,774 [Listener at 0.0.0.0/38627] WARN  server.ServerUtils (ServerUtils.java:getDBPath(225)) - ozone.om.db.dirs is not configured. We recommend adding this setting. Falling back to ozone.metadata.dirs instead.
2022-07-30 01:47:15,945 [Listener at 0.0.0.0/38627] INFO  proxy.SCMBlockLocationFailoverProxyProvider (SCMBlockLocationFailoverProxyProvider.java:<init>(114)) - Created block location fail-over proxy with 1 nodes: [nodeId=scmNodeId,nodeAddress=/0.0.0.0:34915]
2022-07-30 01:47:15,979 [Listener at 0.0.0.0/38627] INFO  proxy.SCMBlockLocationFailoverProxyProvider (SCMBlockLocationFailoverProxyProvider.java:<init>(114)) - Created block location fail-over proxy with 1 nodes: [nodeId=scmNodeId,nodeAddress=/0.0.0.0:34915]
2022-07-30 01:47:16,233 [Listener at 0.0.0.0/38627] WARN  server.ServerUtils (ServerUtils.java:getDBPath(225)) - ozone.om.db.dirs is not configured. We recommend adding this setting. Falling back to ozone.metadata.dirs instead.
2022-07-30 01:47:16,241 [Listener at 0.0.0.0/38627] INFO  codec.OmKeyInfoCodec (OmKeyInfoCodec.java:<init>(49)) - OmKeyInfoCodec ignorePipeline = true
2022-07-30 01:47:16,244 [Listener at 0.0.0.0/38627] INFO  codec.RepeatedOmKeyInfoCodec (RepeatedOmKeyInfoCodec.java:<init>(41)) - RepeatedOmKeyInfoCodec ignorePipeline = true
2022-07-30 01:47:16,433 [Listener at 0.0.0.0/38627] INFO  om.OzoneManager (OzoneManager.java:instantiateServices(696)) - S3 Multi-Tenancy is disabled
2022-07-30 01:47:16,539 [Listener at 0.0.0.0/38627] INFO  om.OzoneManager (OzoneManager.java:addS3GVolumeToDB(4307)) - Created Volume s3v With Owner runner required for S3Gateway operations.
2022-07-30 01:47:16,597 [Listener at 0.0.0.0/38627] WARN  server.ServerUtils (ServerUtils.java:getDefaultRatisDirectory(237)) - Storage directory for Ratis is not configured. It is a good idea to map this to an SSD disk. Falling back to ozone.metadata.dirs
2022-07-30 01:47:16,597 [Listener at 0.0.0.0/38627] WARN  utils.OzoneManagerRatisUtils (OzoneManagerRatisUtils.java:getOMRatisSnapshotDirectory(431)) - ozone.om.ratis.snapshot.dir is not configured. Falling back to ozone.metadata.dirs config
2022-07-30 01:47:16,619 [Listener at 0.0.0.0/38627] WARN  server.ServerUtils (ServerUtils.java:getDefaultRatisDirectory(237)) - Storage directory for Ratis is not configured. It is a good idea to map this to an SSD disk. Falling back to ozone.metadata.dirs
2022-07-30 01:47:16,653 [Listener at 0.0.0.0/38627] INFO  ratis.OzoneManagerRatisServer (OzoneManagerRatisServer.java:<init>(159)) - Instantiating OM Ratis server with groupID: omServiceIdDefault and peers: localhost:9872
2022-07-30 01:47:16,662 [Listener at 0.0.0.0/38627] INFO  ratis.OzoneManagerStateMachine (OzoneManagerStateMachine.java:loadSnapshotInfoFromDB(632)) - LastAppliedIndex is set from TransactionInfo from OM DB as (t:0, i:~)
2022-07-30 01:47:16,721 [Listener at 0.0.0.0/38627] INFO  server.RaftServer (ConfUtils.java:logGet(46)) - raft.rpc.type = GRPC (default)
2022-07-30 01:47:16,822 [Listener at 0.0.0.0/38627] INFO  grpc.GrpcFactory (GrpcFactory.java:checkPooledByteBufAllocatorUseCacheForAllThreads(48)) - PERFORMANCE WARNING: useCacheForAllThreads is true that may cause Netty to create a lot garbage objects and, as a result, trigger GC.
	It is recommended to disable useCacheForAllThreads by setting -Dorg.apache.ratis.thirdparty.io.netty.allocator.useCacheForAllThreads=false in command line.
2022-07-30 01:47:16,827 [Listener at 0.0.0.0/38627] INFO  grpc.GrpcConfigKeys (ConfUtils.java:logGet(46)) - raft.grpc.admin.port = -1 (default)
2022-07-30 01:47:16,827 [Listener at 0.0.0.0/38627] INFO  grpc.GrpcConfigKeys (ConfUtils.java:logGet(46)) - raft.grpc.server.port = 9872 (custom)
2022-07-30 01:47:16,828 [Listener at 0.0.0.0/38627] INFO  grpc.GrpcConfigKeys (ConfUtils.java:logGet(46)) - raft.grpc.client.port = -1 (default)
2022-07-30 01:47:16,828 [Listener at 0.0.0.0/38627] INFO  grpc.GrpcConfigKeys (ConfUtils.java:logGet(46)) - raft.grpc.server.port = 9872 (custom)
2022-07-30 01:47:16,828 [Listener at 0.0.0.0/38627] INFO  grpc.GrpcConfigKeys (ConfUtils.java:logGet(46)) - raft.grpc.server.port = 9872 (custom)
2022-07-30 01:47:16,829 [Listener at 0.0.0.0/38627] INFO  server.GrpcService (ConfUtils.java:logGet(46)) - raft.grpc.message.size.max = 33554432 (custom)
2022-07-30 01:47:16,830 [Listener at 0.0.0.0/38627] INFO  server.RaftServerConfigKeys (ConfUtils.java:logGet(46)) - raft.server.log.appender.buffer.byte-limit = 33554432 (custom)
2022-07-30 01:47:16,831 [Listener at 0.0.0.0/38627] INFO  server.GrpcService (ConfUtils.java:logGet(46)) - raft.grpc.flow.control.window = 1MB (=1048576) (default)
2022-07-30 01:47:16,832 [Listener at 0.0.0.0/38627] INFO  server.RaftServerConfigKeys (ConfUtils.java:logGet(46)) - raft.server.rpc.request.timeout = 3000ms (default)
2022-07-30 01:47:16,851 [Listener at 0.0.0.0/38627] INFO  grpc.GrpcConfigKeys (ConfUtils.java:logGet(46)) - raft.grpc.server.async.request.thread.pool.cached = true (default)
2022-07-30 01:47:16,852 [Listener at 0.0.0.0/38627] INFO  grpc.GrpcConfigKeys (ConfUtils.java:logGet(46)) - raft.grpc.server.async.request.thread.pool.size = 32 (default)
2022-07-30 01:47:17,183 [Listener at 0.0.0.0/38627] INFO  impl.DataStreamServerImpl (ConfUtils.java:logGet(46)) - raft.datastream.type = DISABLED (default)
2022-07-30 01:47:17,186 [Listener at 0.0.0.0/38627] INFO  server.RaftServerConfigKeys (ConfUtils.java:logGet(46)) - raft.server.threadpool.proxy.cached = true (default)
2022-07-30 01:47:17,187 [Listener at 0.0.0.0/38627] INFO  server.RaftServerConfigKeys (ConfUtils.java:logGet(46)) - raft.server.threadpool.proxy.size = 0 (default)
2022-07-30 01:47:17,187 [Listener at 0.0.0.0/38627] INFO  server.RaftServerConfigKeys (ConfUtils.java:logGet(46)) - raft.server.rpc.slowness.timeout = 120s (custom)
2022-07-30 01:47:17,188 [Listener at 0.0.0.0/38627] INFO  server.RaftServerConfigKeys (ConfUtils.java:logGet(46)) - raft.server.leaderelection.leader.step-down.wait-time = 10s (default)
2022-07-30 01:47:17,191 [Listener at 0.0.0.0/38627] INFO  server.RaftServerConfigKeys (ConfUtils.java:logGet(46)) - raft.server.storage.dir = [/home/runner/work/ozone/ozone/hadoop-ozone/integration-test/target/test-dir/MiniOzoneClusterImpl-4bb34576-a2e6-484c-bd4a-6e4bad1f8a8d/ozone-meta/ratis] (custom)
2022-07-30 01:47:17,201 [Listener at 0.0.0.0/38627] INFO  server.RaftServer (RaftServerProxy.java:addNew(96)) - om1: addNew group-C5BA1605619E:[om1|rpc:localhost:9872|priority:0] returns group-C5BA1605619E:java.util.concurrent.CompletableFuture@52999774[Not completed]
2022-07-30 01:47:17,201 [Listener at 0.0.0.0/38627] INFO  om.OzoneManager (OzoneManager.java:initializeRatisServer(1962)) - OzoneManager Ratis server initialized at port 9872
2022-07-30 01:47:17,212 [Listener at 0.0.0.0/38627] INFO  om.OzoneManager (OzoneManager.java:getRpcServer(1085)) - Creating RPC Server
2022-07-30 01:47:17,254 [pool-55-thread-1] INFO  server.RaftServer$Division (RaftServerImpl.java:<init>(190)) - om1: new RaftServerImpl for group-C5BA1605619E:[om1|rpc:localhost:9872|priority:0] with OzoneManagerStateMachine:uninitialized
2022-07-30 01:47:17,261 [pool-55-thread-1] INFO  server.RaftServerConfigKeys (ConfUtils.java:logGet(46)) - raft.server.rpc.timeout.min = 1s (custom)
2022-07-30 01:47:17,262 [pool-55-thread-1] INFO  server.RaftServerConfigKeys (ConfUtils.java:logGet(46)) - raft.server.rpc.timeout.max = 1200ms (custom)
2022-07-30 01:47:17,262 [pool-55-thread-1] INFO  server.RaftServerConfigKeys (ConfUtils.java:logGet(46)) - raft.server.rpc.sleep.time = 25ms (default)
2022-07-30 01:47:17,262 [pool-55-thread-1] INFO  server.RaftServerConfigKeys (ConfUtils.java:logGet(46)) - raft.server.rpc.slowness.timeout = 120s (custom)
2022-07-30 01:47:17,262 [pool-55-thread-1] INFO  server.RaftServerConfigKeys (ConfUtils.java:logGet(46)) - raft.server.leaderelection.leader.step-down.wait-time = 10s (default)
2022-07-30 01:47:17,262 [pool-55-thread-1] INFO  server.RaftServerConfigKeys (ConfUtils.java:logGet(46)) - raft.server.sleep.deviation.threshold = 300ms (default)
2022-07-30 01:47:17,279 [pool-55-thread-1] INFO  server.RaftServer$Division (ServerState.java:<init>(107)) - om1@group-C5BA1605619E: ConfigurationManager, init=-1: [om1|rpc:localhost:9872|priority:0], old=null, confs=<EMPTY_MAP>
2022-07-30 01:47:17,280 [pool-55-thread-1] INFO  server.RaftServerConfigKeys (ConfUtils.java:logGet(46)) - raft.server.storage.dir = [/home/runner/work/ozone/ozone/hadoop-ozone/integration-test/target/test-dir/MiniOzoneClusterImpl-4bb34576-a2e6-484c-bd4a-6e4bad1f8a8d/ozone-meta/ratis] (custom)
2022-07-30 01:47:17,291 [pool-55-thread-1] INFO  server.RaftServerConfigKeys (ConfUtils.java:logGet(46)) - raft.server.log.corruption.policy = EXCEPTION (default)
2022-07-30 01:47:17,292 [pool-55-thread-1] INFO  server.RaftServerConfigKeys (ConfUtils.java:logGet(46)) - raft.server.storage.free-space.min = 0MB (=0) (default)
2022-07-30 01:47:17,293 [pool-55-thread-1] INFO  storage.RaftStorageDirectory (RaftStorageDirectoryImpl.java:analyzeStorage(135)) - The storage directory /home/runner/work/ozone/ozone/hadoop-ozone/integration-test/target/test-dir/MiniOzoneClusterImpl-4bb34576-a2e6-484c-bd4a-6e4bad1f8a8d/ozone-meta/ratis/bf265839-605b-3f16-9796-c5ba1605619e does not exist. Creating ...
2022-07-30 01:47:17,300 [pool-55-thread-1] INFO  storage.RaftStorageDirectory (RaftStorageDirectoryImpl.java:tryLock(230)) - Lock on /home/runner/work/ozone/ozone/hadoop-ozone/integration-test/target/test-dir/MiniOzoneClusterImpl-4bb34576-a2e6-484c-bd4a-6e4bad1f8a8d/ozone-meta/ratis/bf265839-605b-3f16-9796-c5ba1605619e/in_use.lock acquired by nodename 10860@fv-az297-62
2022-07-30 01:47:17,318 [pool-55-thread-1] INFO  storage.RaftStorage (RaftStorageImpl.java:format(89)) - Storage directory /home/runner/work/ozone/ozone/hadoop-ozone/integration-test/target/test-dir/MiniOzoneClusterImpl-4bb34576-a2e6-484c-bd4a-6e4bad1f8a8d/ozone-meta/ratis/bf265839-605b-3f16-9796-c5ba1605619e has been successfully formatted.
2022-07-30 01:47:17,324 [pool-55-thread-1] INFO  server.RaftServerConfigKeys (ConfUtils.java:logGet(46)) - raft.server.notification.no-leader.timeout = 120s (custom)
2022-07-30 01:47:17,326 [pool-55-thread-1] INFO  server.RaftServerConfigKeys (ConfUtils.java:logGet(46)) - raft.server.log.use.memory = false (default)
2022-07-30 01:47:17,346 [pool-55-thread-1] INFO  server.RaftServerConfigKeys (ConfUtils.java:logGet(46)) - raft.server.log.purge.gap = 1000000 (custom)
2022-07-30 01:47:17,346 [pool-55-thread-1] INFO  server.RaftServerConfigKeys (ConfUtils.java:logGet(46)) - raft.server.log.appender.buffer.byte-limit = 33554432 (custom)
2022-07-30 01:47:17,356 [pool-55-thread-1] INFO  server.RaftServerConfigKeys (ConfUtils.java:logGet(46)) - raft.server.log.statemachine.data.read.timeout = 1000ms (default)
2022-07-30 01:47:17,412 [pool-55-thread-1] INFO  server.RaftServerConfigKeys (ConfUtils.java:logGet(46)) - raft.server.log.segment.size.max = 4194304 (custom)
2022-07-30 01:47:17,439 [pool-55-thread-1] INFO  server.RaftServerConfigKeys (ConfUtils.java:logGet(46)) - raft.server.log.segment.cache.num.max = 2 (custom)
2022-07-30 01:47:17,439 [pool-55-thread-1] INFO  server.RaftServerConfigKeys (ConfUtils.java:logGet(46)) - raft.server.log.segment.cache.size.max = 200MB (=209715200) (default)
2022-07-30 01:47:17,455 [pool-55-thread-1] INFO  segmented.SegmentedRaftLogWorker (SegmentedRaftLogWorker.java:<init>(187)) - new om1@group-C5BA1605619E-SegmentedRaftLogWorker for RaftStorageImpl:Storage Directory /home/runner/work/ozone/ozone/hadoop-ozone/integration-test/target/test-dir/MiniOzoneClusterImpl-4bb34576-a2e6-484c-bd4a-6e4bad1f8a8d/ozone-meta/ratis/bf265839-605b-3f16-9796-c5ba1605619e
2022-07-30 01:47:17,456 [pool-55-thread-1] INFO  server.RaftServerConfigKeys (ConfUtils.java:logGet(46)) - raft.server.log.queue.byte-limit = 64MB (=67108864) (default)
2022-07-30 01:47:17,456 [pool-55-thread-1] INFO  server.RaftServerConfigKeys (ConfUtils.java:logGet(46)) - raft.server.log.queue.element-limit = 4096 (default)
2022-07-30 01:47:17,458 [pool-55-thread-1] INFO  server.RaftServerConfigKeys (ConfUtils.java:logGet(46)) - raft.server.log.segment.size.max = 4194304 (custom)
2022-07-30 01:47:17,458 [pool-55-thread-1] INFO  server.RaftServerConfigKeys (ConfUtils.java:logGet(46)) - raft.server.log.preallocated.size = 4194304 (custom)
2022-07-30 01:47:17,459 [pool-55-thread-1] INFO  server.RaftServerConfigKeys (ConfUtils.java:logGet(46)) - raft.server.log.force.sync.num = 128 (default)
2022-07-30 01:47:17,461 [pool-55-thread-1] INFO  server.RaftServerConfigKeys (ConfUtils.java:logGet(46)) - raft.server.log.statemachine.data.sync = true (default)
2022-07-30 01:47:17,461 [pool-55-thread-1] INFO  server.RaftServerConfigKeys (ConfUtils.java:logGet(46)) - raft.server.log.statemachine.data.sync.timeout = 10s (default)
2022-07-30 01:47:17,461 [pool-55-thread-1] INFO  server.RaftServerConfigKeys (ConfUtils.java:logGet(46)) - raft.server.log.statemachine.data.sync.timeout.retry = -1 (default)
2022-07-30 01:47:17,521 [pool-55-thread-1] INFO  server.RaftServerConfigKeys (ConfUtils.java:logGet(46)) - raft.server.log.write.buffer.size = 64KB (=65536) (default)
2022-07-30 01:47:17,522 [pool-55-thread-1] INFO  server.RaftServerConfigKeys (ConfUtils.java:logGet(46)) - raft.server.log.unsafe-flush.enabled = false (default)
2022-07-30 01:47:17,522 [pool-55-thread-1] INFO  server.RaftServerConfigKeys (ConfUtils.java:logGet(46)) - raft.server.log.statemachine.data.caching.enabled = false (default)
2022-07-30 01:47:17,561 [pool-55-thread-1] INFO  segmented.SegmentedRaftLogWorker (SegmentedRaftLogWorker.java:lambda$new$0(135)) - om1@group-C5BA1605619E-SegmentedRaftLogWorker: flushIndex: setUnconditionally 0 -> -1
2022-07-30 01:47:17,561 [pool-55-thread-1] INFO  segmented.SegmentedRaftLogWorker (SegmentedRaftLogWorker.java:lambda$new$0(135)) - om1@group-C5BA1605619E-SegmentedRaftLogWorker: safeCacheEvictIndex: setUnconditionally 0 -> -1
2022-07-30 01:47:17,579 [pool-55-thread-1] INFO  server.RaftServerConfigKeys (ConfUtils.java:logGet(46)) - raft.server.snapshot.auto.trigger.enabled = true (custom)
2022-07-30 01:47:17,580 [pool-55-thread-1] INFO  server.RaftServerConfigKeys (ConfUtils.java:logGet(46)) - raft.server.snapshot.auto.trigger.threshold = 400000 (default)
2022-07-30 01:47:17,581 [pool-55-thread-1] INFO  server.RaftServerConfigKeys (ConfUtils.java:logGet(46)) - raft.server.snapshot.retention.file.num = -1 (default)
2022-07-30 01:47:17,581 [pool-55-thread-1] INFO  server.RaftServerConfigKeys (ConfUtils.java:logGet(46)) - raft.server.log.purge.upto.snapshot.index = true (custom)
2022-07-30 01:47:17,584 [pool-55-thread-1] INFO  server.RaftServerConfigKeys (ConfUtils.java:logGet(46)) - raft.server.retrycache.expirytime = 300s (custom)
2022-07-30 01:47:17,584 [pool-55-thread-1] INFO  server.RaftServerConfigKeys (ConfUtils.java:logGet(46)) - raft.server.retrycache.statistics.expirytime = 100μs (default)
2022-07-30 01:47:17,744 [pool-55-thread-1] INFO  server.RaftServerConfigKeys (ConfUtils.java:logGet(46)) - raft.server.log.appender.install.snapshot.enabled = false (custom)
2022-07-30 01:47:17,745 [pool-55-thread-1] INFO  server.RaftServerConfigKeys (ConfUtils.java:logGet(46)) - raft.server.threadpool.server.cached = true (default)
2022-07-30 01:47:17,745 [pool-55-thread-1] INFO  server.RaftServerConfigKeys (ConfUtils.java:logGet(46)) - raft.server.threadpool.server.size = 0 (default)
2022-07-30 01:47:17,745 [pool-55-thread-1] INFO  server.RaftServerConfigKeys (ConfUtils.java:logGet(46)) - raft.server.threadpool.client.cached = true (default)
2022-07-30 01:47:17,746 [pool-55-thread-1] INFO  server.RaftServerConfigKeys (ConfUtils.java:logGet(46)) - raft.server.threadpool.client.size = 0 (default)
2022-07-30 01:47:18,125 [Listener at 0.0.0.0/38627] INFO  reflections.Reflections (Reflections.java:scan(232)) - Reflections took 836 ms to scan 19 urls, producing 67 keys and 4138 values [using 2 cores]
2022-07-30 01:47:18,288 [Listener at 0.0.0.0/38627] INFO  ipc.CallQueueManager (CallQueueManager.java:<init>(90)) - Using callQueue: class java.util.concurrent.LinkedBlockingQueue, queueCapacity: 2000, scheduler: class org.apache.hadoop.ipc.DefaultRpcScheduler, ipcBackoff: false.
2022-07-30 01:47:18,289 [Socket Reader #1 for port 0] INFO  ipc.Server (Server.java:run(1265)) - Starting Socket Reader #1 for port 0
2022-07-30 01:47:18,317 [Listener at 127.0.0.1/39159] INFO  impl.MetricsSystemImpl (MetricsSystemImpl.java:init(158)) - OzoneManager metrics system started (again)
2022-07-30 01:47:18,328 [Listener at 127.0.0.1/39159] INFO  om.OzoneManager (OzoneManager.java:start(1469)) - OzoneManager RPC server is listening at localhost/127.0.0.1:39159
2022-07-30 01:47:18,329 [Listener at 127.0.0.1/39159] INFO  ratis.OzoneManagerRatisServer (OzoneManagerRatisServer.java:start(554)) - Starting OzoneManagerRatisServer om1 at port 9872
2022-07-30 01:47:18,331 [om1-impl-thread1] INFO  server.RaftServer$Division (RaftServerImpl.java:start(310)) - om1@group-C5BA1605619E: start as a follower, conf=-1: [om1|rpc:localhost:9872|priority:0], old=null
2022-07-30 01:47:18,332 [om1-impl-thread1] INFO  server.RaftServer$Division (RaftServerImpl.java:setRole(299)) - om1@group-C5BA1605619E: changes role from      null to FOLLOWER at term 0 for startAsFollower
2022-07-30 01:47:18,333 [om1-impl-thread1] INFO  impl.RoleInfo (RoleInfo.java:updateAndGet(139)) - om1: start om1@group-C5BA1605619E-FollowerState
2022-07-30 01:47:18,336 [om1-impl-thread1] INFO  util.JmxRegister (JmxRegister.java:tryRegister(44)) - Successfully registered JMX Bean with object name Ratis:service=RaftServer,group=group-C5BA1605619E,id=om1
2022-07-30 01:47:18,344 [Listener at 127.0.0.1/39159] INFO  server.RaftServer (RaftServerProxy.java:lambda$start$6(382)) - om1: start RPC server
2022-07-30 01:47:18,565 [Listener at 127.0.0.1/39159] INFO  server.GrpcService (GrpcService.java:startImpl(260)) - om1: GrpcService started, listening on 9872
2022-07-30 01:47:18,568 [Listener at 127.0.0.1/39159] INFO  om.OzoneManager (OzoneManager.java:start(1485)) - Version File has different layout version (3) than OM DB (null). That is expected if this OM has never been finalized to a newer layout version.
2022-07-30 01:47:18,569 [org.apache.ratis.util.JvmPauseMonitor$$Lambda$615/1033062816@5b26d717] INFO  util.JvmPauseMonitor (JvmPauseMonitor.java:run(103)) - JvmPauseMonitor-om1: Started
2022-07-30 01:47:18,590 [Listener at 127.0.0.1/39159] INFO  http.BaseHttpServer (BaseHttpServer.java:newHttpServer2BuilderForOzone(209)) - Starting Web-server for ozoneManager at: http://0.0.0.0:0
2022-07-30 01:47:18,590 [Listener at 127.0.0.1/39159] INFO  http.BaseHttpServer (BaseHttpServer.java:<init>(107)) - Hadoop Security Enabled: false Ozone Security Enabled: false Ozone HTTP Security Enabled: false 
2022-07-30 01:47:18,592 [Listener at 127.0.0.1/39159] INFO  server.AuthenticationFilter (AuthenticationFilter.java:constructSecretProvider(240)) - Unable to initialize FileSignerSecretProvider, falling back to use random secrets.
2022-07-30 01:47:18,593 [Listener at 127.0.0.1/39159] WARN  http.HttpRequestLog (HttpRequestLog.java:getRequestLog(103)) - Jetty request log can only be enabled using Log4j
2022-07-30 01:47:18,595 [Listener at 127.0.0.1/39159] INFO  http.HttpServer2 (HttpServer2.java:addGlobalFilter(1029)) - Added global filter 'safety' (class=org.apache.hadoop.hdds.server.http.HttpServer2$QuotingInputFilter)
2022-07-30 01:47:18,596 [Listener at 127.0.0.1/39159] INFO  http.HttpServer2 (HttpServer2.java:addFilter(1005)) - Added filter static_user_filter (class=org.apache.hadoop.http.lib.StaticUserWebFilter$StaticUserFilter) to context ozoneManager
2022-07-30 01:47:18,596 [Listener at 127.0.0.1/39159] INFO  http.HttpServer2 (HttpServer2.java:addFilter(1013)) - Added filter static_user_filter (class=org.apache.hadoop.http.lib.StaticUserWebFilter$StaticUserFilter) to context static
2022-07-30 01:47:18,597 [Listener at 127.0.0.1/39159] INFO  http.HttpServer2 (HttpServer2.java:addFilter(1013)) - Added filter static_user_filter (class=org.apache.hadoop.http.lib.StaticUserWebFilter$StaticUserFilter) to context logs
2022-07-30 01:47:18,600 [Listener at 127.0.0.1/39159] INFO  http.HttpServer2 (HttpServer2.java:bindListener(1248)) - Jetty bound to port 39519
2022-07-30 01:47:18,601 [Listener at 127.0.0.1/39159] INFO  server.Server (Server.java:doStart(375)) - jetty-9.4.43.v20210629; built: 2021-06-30T11:07:22.254Z; git: 526006ecfa3af7f1a27ef3a288e2bef7ea9dd7e8; jvm 1.8.0_332-b09
2022-07-30 01:47:18,603 [Listener at 127.0.0.1/39159] INFO  server.session (DefaultSessionIdManager.java:doStart(334)) - DefaultSessionIdManager workerName=node0
2022-07-30 01:47:18,603 [Listener at 127.0.0.1/39159] INFO  server.session (DefaultSessionIdManager.java:doStart(339)) - No SessionScavenger set, using defaults
2022-07-30 01:47:18,604 [Listener at 127.0.0.1/39159] INFO  server.session (HouseKeeper.java:startScavenging(132)) - node0 Scavenging every 600000ms
2022-07-30 01:47:18,604 [Listener at 127.0.0.1/39159] INFO  handler.ContextHandler (ContextHandler.java:doStart(915)) - Started o.e.j.s.ServletContextHandler@1107df15{logs,/logs,file:///home/runner/work/ozone/ozone/hadoop-ozone/integration-test/target/log,AVAILABLE}
2022-07-30 01:47:18,605 [Listener at 127.0.0.1/39159] INFO  handler.ContextHandler (ContextHandler.java:doStart(915)) - Started o.e.j.s.ServletContextHandler@8d70fd{static,/static,file:///home/runner/work/ozone/ozone/hadoop-ozone/integration-test/target/test-classes/webapps/static,AVAILABLE}
2022-07-30 01:47:18,609 [Listener at 127.0.0.1/39159] INFO  handler.ContextHandler (ContextHandler.java:doStart(915)) - Started o.e.j.w.WebAppContext@63098ef4{ozoneManager,/,file:///home/runner/work/ozone/ozone/hadoop-ozone/integration-test/target/test-classes/webapps/ozoneManager/,AVAILABLE}{file:/home/runner/work/ozone/ozone/hadoop-ozone/integration-test/target/test-classes/webapps/ozoneManager}
2022-07-30 01:47:18,616 [Listener at 127.0.0.1/39159] INFO  server.AbstractConnector (AbstractConnector.java:doStart(331)) - Started ServerConnector@7fabe964{HTTP/1.1, (http/1.1)}{0.0.0.0:39519}
2022-07-30 01:47:18,616 [Listener at 127.0.0.1/39159] INFO  server.Server (Server.java:doStart(415)) - Started @7994ms
2022-07-30 01:47:18,616 [Listener at 127.0.0.1/39159] WARN  impl.MetricsSystemImpl (MetricsSystemImpl.java:register(279)) - Sink prometheus already exists!
2022-07-30 01:47:18,617 [Listener at 127.0.0.1/39159] INFO  http.BaseHttpServer (BaseHttpServer.java:updateConnectorAddress(329)) - HTTP server of ozoneManager listening at http://0.0.0.0:39519
2022-07-30 01:47:18,619 [IPC Server Responder] INFO  ipc.Server (Server.java:run(1507)) - IPC Server Responder: starting
2022-07-30 01:47:18,620 [IPC Server listener on 0] INFO  ipc.Server (Server.java:run(1344)) - IPC Server listener on 0: starting
2022-07-30 01:47:18,669 [Listener at 127.0.0.1/39159] INFO  om.TrashPolicyOzone (TrashPolicyOzone.java:<init>(178)) - Ozone Manager trash configuration: Deletion interval = 0 minutes, Emptier interval = 0 minutes.
2022-07-30 01:47:18,679 [org.apache.hadoop.util.JvmPauseMonitor$Monitor@21b8e988] INFO  util.JvmPauseMonitor (JvmPauseMonitor.java:run(188)) - Starting JVM pause monitor
2022-07-30 01:47:18,868 [Listener at 127.0.0.1/39159] WARN  impl.MetricRegistriesImpl (MetricRegistriesImpl.java:addReporterRegistration(111)) - New reporters are added after registries were created. Some metrics will be missing from the reporter. Please add reporter before adding any new registry.
2022-07-30 01:47:18,869 [Listener at 127.0.0.1/39159] WARN  impl.MetricRegistriesImpl (MetricRegistriesImpl.java:addReporterRegistration(111)) - New reporters are added after registries were created. Some metrics will be missing from the reporter. Please add reporter before adding any new registry.
2022-07-30 01:47:18,869 [Listener at 127.0.0.1/39159] INFO  impl.MetricsSystemImpl (MetricsSystemImpl.java:init(158)) - HddsDatanode metrics system started (again)
2022-07-30 01:47:18,890 [Listener at 127.0.0.1/39159] INFO  ozone.HddsDatanodeService (HddsDatanodeService.java:start(236)) - HddsDatanodeService host:fv-az297-62.nmf1rxwemy4u5di1sxxf4ejcwb.jx.internal.cloudapp.net ip:10.1.0.37
2022-07-30 01:47:18,925 [Listener at 127.0.0.1/39159] INFO  upgrade.AbstractLayoutVersionManager (AbstractLayoutVersionManager.java:init(83)) - Initializing Layout version manager with metadata layout = DATANODE_SCHEMA_V3 (version = 4), software layout = DATANODE_SCHEMA_V3 (version = 4)
2022-07-30 01:47:18,986 [Listener at 127.0.0.1/39159] INFO  reflections.Reflections (Reflections.java:scan(232)) - Reflections took 60 ms to scan 7 urls, producing 132 keys and 321 values 
2022-07-30 01:47:18,990 [Listener at 127.0.0.1/39159] INFO  statemachine.DatanodeStateMachine (DatanodeStateMachine.java:getEndPointTaskThreadPoolSize(237)) - Datanode State Machine Task Thread Pool size 2
2022-07-30 01:47:19,048 [Listener at 127.0.0.1/39159] INFO  volume.HddsVolume (HddsVolume.java:<init>(116)) - Creating HddsVolume: /home/runner/work/ozone/ozone/hadoop-ozone/integration-test/target/test-dir/MiniOzoneClusterImpl-4bb34576-a2e6-484c-bd4a-6e4bad1f8a8d/datanode-0/data-0/containers/hdds of storage type : DISK capacity : 9223372036854775807
2022-07-30 01:47:19,051 [Listener at 127.0.0.1/39159] INFO  volume.MutableVolumeSet (MutableVolumeSet.java:initializeVolumeSet(174)) - Added Volume : /home/runner/work/ozone/ozone/hadoop-ozone/integration-test/target/test-dir/MiniOzoneClusterImpl-4bb34576-a2e6-484c-bd4a-6e4bad1f8a8d/datanode-0/data-0/containers/hdds to VolumeSet
2022-07-30 01:47:19,052 [Listener at 127.0.0.1/39159] INFO  volume.ThrottledAsyncChecker (ThrottledAsyncChecker.java:schedule(141)) - Scheduling a check for /home/runner/work/ozone/ozone/hadoop-ozone/integration-test/target/test-dir/MiniOzoneClusterImpl-4bb34576-a2e6-484c-bd4a-6e4bad1f8a8d/datanode-0/data-0/containers/hdds
2022-07-30 01:47:19,076 [Listener at 127.0.0.1/39159] INFO  volume.StorageVolumeChecker (StorageVolumeChecker.java:checkAllVolumes(202)) - Scheduled health check for volume /home/runner/work/ozone/ozone/hadoop-ozone/integration-test/target/test-dir/MiniOzoneClusterImpl-4bb34576-a2e6-484c-bd4a-6e4bad1f8a8d/datanode-0/data-0/containers/hdds
2022-07-30 01:47:19,094 [Listener at 127.0.0.1/39159] INFO  volume.MutableVolumeSet (MutableVolumeSet.java:initializeVolumeSet(174)) - Added Volume : /home/runner/work/ozone/ozone/hadoop-ozone/integration-test/target/test-dir/MiniOzoneClusterImpl-4bb34576-a2e6-484c-bd4a-6e4bad1f8a8d/datanode-0/data/ratis to VolumeSet
2022-07-30 01:47:19,094 [Listener at 127.0.0.1/39159] INFO  volume.ThrottledAsyncChecker (ThrottledAsyncChecker.java:schedule(141)) - Scheduling a check for /home/runner/work/ozone/ozone/hadoop-ozone/integration-test/target/test-dir/MiniOzoneClusterImpl-4bb34576-a2e6-484c-bd4a-6e4bad1f8a8d/datanode-0/data/ratis
2022-07-30 01:47:19,094 [Listener at 127.0.0.1/39159] INFO  volume.StorageVolumeChecker (StorageVolumeChecker.java:checkAllVolumes(202)) - Scheduled health check for volume /home/runner/work/ozone/ozone/hadoop-ozone/integration-test/target/test-dir/MiniOzoneClusterImpl-4bb34576-a2e6-484c-bd4a-6e4bad1f8a8d/datanode-0/data/ratis
2022-07-30 01:47:19,117 [Thread-136] INFO  ozoneimpl.ContainerReader (ContainerReader.java:readVolume(175)) - Finish verifying containers on volume /home/runner/work/ozone/ozone/hadoop-ozone/integration-test/target/test-dir/MiniOzoneClusterImpl-4bb34576-a2e6-484c-bd4a-6e4bad1f8a8d/datanode-0/data-0/containers/hdds
2022-07-30 01:47:19,117 [Listener at 127.0.0.1/39159] INFO  ozoneimpl.OzoneContainer (OzoneContainer.java:buildContainerSet(299)) - Build ContainerSet costs 0s
2022-07-30 01:47:19,165 [Listener at 127.0.0.1/39159] INFO  audit.AuditLogger (AuditLogger.java:refreshDebugCmdSet(126)) - Refresh DebugCmdSet for DNAudit to [].
2022-07-30 01:47:19,196 [Listener at 127.0.0.1/39159] INFO  server.RaftServer (ConfUtils.java:logGet(46)) - raft.rpc.type = GRPC (default)
2022-07-30 01:47:19,196 [Listener at 127.0.0.1/39159] INFO  grpc.GrpcFactory (GrpcFactory.java:checkPooledByteBufAllocatorUseCacheForAllThreads(48)) - PERFORMANCE WARNING: useCacheForAllThreads is true that may cause Netty to create a lot garbage objects and, as a result, trigger GC.
	It is recommended to disable useCacheForAllThreads by setting -Dorg.apache.ratis.thirdparty.io.netty.allocator.useCacheForAllThreads=false in command line.
2022-07-30 01:47:19,197 [Listener at 127.0.0.1/39159] INFO  grpc.GrpcConfigKeys (ConfUtils.java:logGet(46)) - raft.grpc.admin.port = 0 (custom)
2022-07-30 01:47:19,197 [Listener at 127.0.0.1/39159] INFO  grpc.GrpcConfigKeys (ConfUtils.java:logGet(46)) - raft.grpc.client.port = 0 (custom)
2022-07-30 01:47:19,197 [Listener at 127.0.0.1/39159] INFO  grpc.GrpcConfigKeys (ConfUtils.java:logGet(46)) - raft.grpc.server.port = 0 (default)
2022-07-30 01:47:19,197 [Listener at 127.0.0.1/39159] INFO  server.GrpcService (ConfUtils.java:logGet(46)) - raft.grpc.message.size.max = 32MB (=33554432) (custom)
2022-07-30 01:47:19,197 [Listener at 127.0.0.1/39159] INFO  server.RaftServerConfigKeys (ConfUtils.java:logGet(46)) - raft.server.log.appender.buffer.byte-limit = 33554432 (custom)
2022-07-30 01:47:19,198 [Listener at 127.0.0.1/39159] INFO  server.GrpcService (ConfUtils.java:logGet(46)) - raft.grpc.flow.control.window = 5MB (=5242880) (custom)
2022-07-30 01:47:19,198 [Listener at 127.0.0.1/39159] INFO  server.RaftServerConfigKeys (ConfUtils.java:logGet(46)) - raft.server.rpc.request.timeout = 60s (custom)
2022-07-30 01:47:19,198 [Listener at 127.0.0.1/39159] INFO  grpc.GrpcConfigKeys (ConfUtils.java:logGet(46)) - raft.grpc.server.async.request.thread.pool.cached = true (default)
2022-07-30 01:47:19,198 [Listener at 127.0.0.1/39159] INFO  grpc.GrpcConfigKeys (ConfUtils.java:logGet(46)) - raft.grpc.server.async.request.thread.pool.size = 32 (default)
2022-07-30 01:47:19,203 [Listener at 127.0.0.1/39159] INFO  impl.DataStreamServerImpl (ConfUtils.java:logGet(46)) - raft.datastream.type = DISABLED (default)
2022-07-30 01:47:19,204 [Listener at 127.0.0.1/39159] INFO  server.RaftServerConfigKeys (ConfUtils.java:logGet(46)) - raft.server.threadpool.proxy.cached = true (default)
2022-07-30 01:47:19,205 [Listener at 127.0.0.1/39159] INFO  server.RaftServerConfigKeys (ConfUtils.java:logGet(46)) - raft.server.threadpool.proxy.size = 0 (default)
2022-07-30 01:47:19,205 [Listener at 127.0.0.1/39159] INFO  server.RaftServerConfigKeys (ConfUtils.java:logGet(46)) - raft.server.rpc.slowness.timeout = 300s (custom)
2022-07-30 01:47:19,206 [Listener at 127.0.0.1/39159] INFO  server.RaftServerConfigKeys (ConfUtils.java:logGet(46)) - raft.server.leaderelection.leader.step-down.wait-time = 10s (default)
2022-07-30 01:47:19,209 [Listener at 127.0.0.1/39159] INFO  server.RaftServerConfigKeys (ConfUtils.java:logGet(46)) - raft.server.storage.dir = [/home/runner/work/ozone/ozone/hadoop-ozone/integration-test/target/test-dir/MiniOzoneClusterImpl-4bb34576-a2e6-484c-bd4a-6e4bad1f8a8d/datanode-0/data/ratis] (custom)
2022-07-30 01:47:19,235 [Listener at 127.0.0.1/39159] INFO  server.XceiverServerGrpc (XceiverServerGrpc.java:<init>(132)) - GrpcServer channel type EpollServerSocketChannel
2022-07-30 01:47:19,322 [Listener at 127.0.0.1/39159] INFO  http.BaseHttpServer (BaseHttpServer.java:newHttpServer2BuilderForOzone(209)) - Starting Web-server for hddsDatanode at: http://0.0.0.0:0
2022-07-30 01:47:19,322 [Listener at 127.0.0.1/39159] INFO  http.BaseHttpServer (BaseHttpServer.java:<init>(107)) - Hadoop Security Enabled: false Ozone Security Enabled: false Ozone HTTP Security Enabled: false 
2022-07-30 01:47:19,324 [Listener at 127.0.0.1/39159] INFO  server.AuthenticationFilter (AuthenticationFilter.java:constructSecretProvider(240)) - Unable to initialize FileSignerSecretProvider, falling back to use random secrets.
2022-07-30 01:47:19,327 [Listener at 127.0.0.1/39159] WARN  http.HttpRequestLog (HttpRequestLog.java:getRequestLog(103)) - Jetty request log can only be enabled using Log4j
2022-07-30 01:47:19,330 [Listener at 127.0.0.1/39159] INFO  http.HttpServer2 (HttpServer2.java:addGlobalFilter(1029)) - Added global filter 'safety' (class=org.apache.hadoop.hdds.server.http.HttpServer2$QuotingInputFilter)
2022-07-30 01:47:19,331 [Listener at 127.0.0.1/39159] INFO  http.HttpServer2 (HttpServer2.java:addFilter(1005)) - Added filter static_user_filter (class=org.apache.hadoop.http.lib.StaticUserWebFilter$StaticUserFilter) to context hddsDatanode
2022-07-30 01:47:19,331 [Listener at 127.0.0.1/39159] INFO  http.HttpServer2 (HttpServer2.java:addFilter(1013)) - Added filter static_user_filter (class=org.apache.hadoop.http.lib.StaticUserWebFilter$StaticUserFilter) to context logs
2022-07-30 01:47:19,331 [Listener at 127.0.0.1/39159] INFO  http.HttpServer2 (HttpServer2.java:addFilter(1013)) - Added filter static_user_filter (class=org.apache.hadoop.http.lib.StaticUserWebFilter$StaticUserFilter) to context static
2022-07-30 01:47:19,334 [Listener at 127.0.0.1/39159] INFO  http.HttpServer2 (HttpServer2.java:bindListener(1248)) - Jetty bound to port 35947
2022-07-30 01:47:19,335 [Listener at 127.0.0.1/39159] INFO  server.Server (Server.java:doStart(375)) - jetty-9.4.43.v20210629; built: 2021-06-30T11:07:22.254Z; git: 526006ecfa3af7f1a27ef3a288e2bef7ea9dd7e8; jvm 1.8.0_332-b09
2022-07-30 01:47:19,340 [Listener at 127.0.0.1/39159] INFO  server.session (DefaultSessionIdManager.java:doStart(334)) - DefaultSessionIdManager workerName=node0
2022-07-30 01:47:19,340 [Listener at 127.0.0.1/39159] INFO  server.session (DefaultSessionIdManager.java:doStart(339)) - No SessionScavenger set, using defaults
2022-07-30 01:47:19,340 [Listener at 127.0.0.1/39159] INFO  server.session (HouseKeeper.java:startScavenging(132)) - node0 Scavenging every 660000ms
2022-07-30 01:47:19,341 [Listener at 127.0.0.1/39159] INFO  handler.ContextHandler (ContextHandler.java:doStart(915)) - Started o.e.j.s.ServletContextHandler@7bce4a64{logs,/logs,file:///home/runner/work/ozone/ozone/hadoop-ozone/integration-test/target/log,AVAILABLE}
2022-07-30 01:47:19,341 [Listener at 127.0.0.1/39159] INFO  handler.ContextHandler (ContextHandler.java:doStart(915)) - Started o.e.j.s.ServletContextHandler@8cf7455{static,/static,jar:file:/home/runner/.m2/repository/org/apache/ozone/hdds-container-service/1.3.0-SNAPSHOT/hdds-container-service-1.3.0-SNAPSHOT.jar!/webapps/static,AVAILABLE}
2022-07-30 01:47:19,377 [om1@group-C5BA1605619E-FollowerState] INFO  impl.FollowerState (FollowerState.java:run(143)) - om1@group-C5BA1605619E-FollowerState: change to CANDIDATE, lastRpcElapsedTime:1044603741ns, electionTimeout:1024ms
2022-07-30 01:47:19,378 [om1@group-C5BA1605619E-FollowerState] INFO  impl.RoleInfo (RoleInfo.java:shutdownFollowerState(110)) - om1: shutdown om1@group-C5BA1605619E-FollowerState
2022-07-30 01:47:19,379 [om1@group-C5BA1605619E-FollowerState] INFO  server.RaftServer$Division (RaftServerImpl.java:setRole(299)) - om1@group-C5BA1605619E: changes role from  FOLLOWER to CANDIDATE at term 0 for changeToCandidate
2022-07-30 01:47:19,383 [om1@group-C5BA1605619E-FollowerState] INFO  server.RaftServerConfigKeys (ConfUtils.java:logGet(46)) - raft.server.leaderelection.pre-vote = false (custom)
2022-07-30 01:47:19,383 [om1@group-C5BA1605619E-FollowerState] INFO  impl.RoleInfo (RoleInfo.java:updateAndGet(139)) - om1: start om1@group-C5BA1605619E-LeaderElection1
2022-07-30 01:47:19,404 [om1@group-C5BA1605619E-LeaderElection1] INFO  impl.LeaderElection (LeaderElection.java:askForVotes(310)) - om1@group-C5BA1605619E-LeaderElection1 ELECTION round 0: submit vote requests at term 1 for -1: [om1|rpc:localhost:9872|priority:0], old=null
2022-07-30 01:47:19,405 [om1@group-C5BA1605619E-LeaderElection1] INFO  impl.LeaderElection (LeaderElection.java:askForVotes(312)) - om1@group-C5BA1605619E-LeaderElection1 ELECTION round 0: result PASSED (term=1)
2022-07-30 01:47:19,405 [om1@group-C5BA1605619E-LeaderElection1] INFO  impl.RoleInfo (RoleInfo.java:shutdownLeaderElection(130)) - om1: shutdown om1@group-C5BA1605619E-LeaderElection1
2022-07-30 01:47:19,406 [om1@group-C5BA1605619E-LeaderElection1] INFO  server.RaftServer$Division (RaftServerImpl.java:setRole(299)) - om1@group-C5BA1605619E: changes role from CANDIDATE to LEADER at term 1 for changeToLeader
2022-07-30 01:47:19,406 [om1@group-C5BA1605619E-LeaderElection1] INFO  server.RaftServer$Division (ServerState.java:setLeader(287)) - om1@group-C5BA1605619E: change Leader from null to om1 at term 1 for becomeLeader, leader elected after 2081ms
2022-07-30 01:47:19,412 [om1@group-C5BA1605619E-LeaderElection1] INFO  server.RaftServerConfigKeys (ConfUtils.java:logGet(46)) - raft.server.staging.catchup.gap = 1000 (default)
2022-07-30 01:47:19,427 [om1@group-C5BA1605619E-LeaderElection1] INFO  server.RaftServerConfigKeys (ConfUtils.java:logGet(46)) - raft.server.write.element-limit = 4096 (default)
2022-07-30 01:47:19,427 [om1@group-C5BA1605619E-LeaderElection1] INFO  server.RaftServerConfigKeys (ConfUtils.java:logGet(46)) - raft.server.write.byte-limit = 64MB (=67108864) (default)
2022-07-30 01:47:19,440 [om1@group-C5BA1605619E-LeaderElection1] INFO  server.RaftServerConfigKeys (ConfUtils.java:logGet(46)) - raft.server.watch.timeout = 10s (default)
2022-07-30 01:47:19,441 [om1@group-C5BA1605619E-LeaderElection1] INFO  server.RaftServerConfigKeys (ConfUtils.java:logGet(46)) - raft.server.watch.timeout.denomination = 1s (default)
2022-07-30 01:47:19,441 [om1@group-C5BA1605619E-LeaderElection1] INFO  server.RaftServerConfigKeys (ConfUtils.java:logGet(46)) - raft.server.watch.element-limit = 65536 (default)
2022-07-30 01:47:19,454 [om1@group-C5BA1605619E-LeaderElection1] INFO  server.RaftServerConfigKeys (ConfUtils.java:logGet(46)) - raft.server.write.element-limit = 4096 (default)
2022-07-30 01:47:19,456 [om1@group-C5BA1605619E-LeaderElection1] INFO  server.RaftServerConfigKeys (ConfUtils.java:logGet(46)) - raft.server.write.follower.gap.ratio.max = -1.0 (default)
2022-07-30 01:47:19,458 [om1@group-C5BA1605619E-LeaderElection1] INFO  impl.RoleInfo (RoleInfo.java:updateAndGet(139)) - om1: start om1@group-C5BA1605619E-LeaderStateImpl
2022-07-30 01:47:19,515 [om1@group-C5BA1605619E-LeaderElection1] INFO  segmented.SegmentedRaftLogWorker (SegmentedRaftLogWorker.java:startLogSegment(425)) - om1@group-C5BA1605619E-SegmentedRaftLogWorker: Starting segment from index:0
2022-07-30 01:47:19,587 [om1@group-C5BA1605619E-LeaderElection1] INFO  server.RaftServer$Division (ServerState.java:setRaftConf(393)) - om1@group-C5BA1605619E: set configuration 0: [om1|rpc:localhost:9872|admin:|client:|dataStream:|priority:0], old=null
2022-07-30 01:47:19,680 [Listener at 127.0.0.1/39159] INFO  handler.ContextHandler (ContextHandler.java:doStart(915)) - Started o.e.j.w.WebAppContext@6dd30df3{hddsDatanode,/,file:///tmp/jetty-0_0_0_0-35947-hdds-container-service-1_3_0-SNAPSHOT_jar-_-any-4341269891119812868/webapp/,AVAILABLE}{jar:file:/home/runner/.m2/repository/org/apache/ozone/hdds-container-service/1.3.0-SNAPSHOT/hdds-container-service-1.3.0-SNAPSHOT.jar!/webapps/hddsDatanode}
2022-07-30 01:47:19,681 [Listener at 127.0.0.1/39159] INFO  server.AbstractConnector (AbstractConnector.java:doStart(331)) - Started ServerConnector@7ada2568{HTTP/1.1, (http/1.1)}{0.0.0.0:35947}
2022-07-30 01:47:19,681 [Listener at 127.0.0.1/39159] INFO  server.Server (Server.java:doStart(415)) - Started @9060ms
2022-07-30 01:47:19,681 [Listener at 127.0.0.1/39159] WARN  impl.MetricsSystemImpl (MetricsSystemImpl.java:register(279)) - Sink prometheus already exists!
2022-07-30 01:47:19,682 [Listener at 127.0.0.1/39159] INFO  http.BaseHttpServer (BaseHttpServer.java:updateConnectorAddress(329)) - HTTP server of hddsDatanode listening at http://0.0.0.0:35947
2022-07-30 01:47:19,691 [Datanode State Machine Daemon Thread] INFO  statemachine.DatanodeStateMachine (DatanodeStateMachine.java:lambda$startDaemon$0(492)) - Ozone container server started.
2022-07-30 01:47:19,696 [Listener at 127.0.0.1/39159] WARN  impl.MetricRegistriesImpl (MetricRegistriesImpl.java:addReporterRegistration(111)) - New reporters are added after registries were created. Some metrics will be missing from the reporter. Please add reporter before adding any new registry.
2022-07-30 01:47:19,696 [Listener at 127.0.0.1/39159] WARN  impl.MetricRegistriesImpl (MetricRegistriesImpl.java:addReporterRegistration(111)) - New reporters are added after registries were created. Some metrics will be missing from the reporter. Please add reporter before adding any new registry.
2022-07-30 01:47:19,696 [Listener at 127.0.0.1/39159] INFO  impl.MetricsSystemImpl (MetricsSystemImpl.java:init(158)) - HddsDatanode metrics system started (again)
2022-07-30 01:47:19,727 [org.apache.hadoop.util.JvmPauseMonitor$Monitor@991fe38] INFO  util.JvmPauseMonitor (JvmPauseMonitor.java:run(188)) - Starting JVM pause monitor
2022-07-30 01:47:19,728 [Listener at 127.0.0.1/39159] INFO  ozone.HddsDatanodeService (HddsDatanodeService.java:start(236)) - HddsDatanodeService host:fv-az297-62.nmf1rxwemy4u5di1sxxf4ejcwb.jx.internal.cloudapp.net ip:10.1.0.37
2022-07-30 01:47:19,793 [om1@group-C5BA1605619E-SegmentedRaftLogWorker] INFO  segmented.SegmentedRaftLogWorker (SegmentedRaftLogWorker.java:execute(629)) - om1@group-C5BA1605619E-SegmentedRaftLogWorker: created new log segment /home/runner/work/ozone/ozone/hadoop-ozone/integration-test/target/test-dir/MiniOzoneClusterImpl-4bb34576-a2e6-484c-bd4a-6e4bad1f8a8d/ozone-meta/ratis/bf265839-605b-3f16-9796-c5ba1605619e/current/log_inprogress_0
2022-07-30 01:47:19,794 [Listener at 127.0.0.1/39159] INFO  upgrade.AbstractLayoutVersionManager (AbstractLayoutVersionManager.java:init(83)) - Initializing Layout version manager with metadata layout = DATANODE_SCHEMA_V3 (version = 4), software layout = DATANODE_SCHEMA_V3 (version = 4)
2022-07-30 01:47:19,869 [Datanode State Machine Task Thread - 0] INFO  datanode.InitDatanodeState (InitDatanodeState.java:persistContainerDatanodeDetails(138)) - DatanodeDetails is persisted to /home/runner/work/ozone/ozone/hadoop-ozone/integration-test/target/test-dir/MiniOzoneClusterImpl-4bb34576-a2e6-484c-bd4a-6e4bad1f8a8d/datanode-0/meta/datanode.id
2022-07-30 01:47:19,945 [Listener at 127.0.0.1/39159] INFO  reflections.Reflections (Reflections.java:scan(232)) - Reflections took 149 ms to scan 7 urls, producing 132 keys and 321 values 
2022-07-30 01:47:19,961 [Listener at 127.0.0.1/39159] INFO  statemachine.DatanodeStateMachine (DatanodeStateMachine.java:getEndPointTaskThreadPoolSize(237)) - Datanode State Machine Task Thread Pool size 2
2022-07-30 01:47:19,973 [Listener at 127.0.0.1/39159] INFO  volume.HddsVolume (HddsVolume.java:<init>(116)) - Creating HddsVolume: /home/runner/work/ozone/ozone/hadoop-ozone/integration-test/target/test-dir/MiniOzoneClusterImpl-4bb34576-a2e6-484c-bd4a-6e4bad1f8a8d/datanode-1/data-0/containers/hdds of storage type : DISK capacity : 9223372036854775807
2022-07-30 01:47:19,973 [Listener at 127.0.0.1/39159] INFO  volume.MutableVolumeSet (MutableVolumeSet.java:initializeVolumeSet(174)) - Added Volume : /home/runner/work/ozone/ozone/hadoop-ozone/integration-test/target/test-dir/MiniOzoneClusterImpl-4bb34576-a2e6-484c-bd4a-6e4bad1f8a8d/datanode-1/data-0/containers/hdds to VolumeSet
2022-07-30 01:47:19,973 [Listener at 127.0.0.1/39159] INFO  volume.ThrottledAsyncChecker (ThrottledAsyncChecker.java:schedule(141)) - Scheduling a check for /home/runner/work/ozone/ozone/hadoop-ozone/integration-test/target/test-dir/MiniOzoneClusterImpl-4bb34576-a2e6-484c-bd4a-6e4bad1f8a8d/datanode-1/data-0/containers/hdds
2022-07-30 01:47:19,976 [Listener at 127.0.0.1/39159] INFO  volume.StorageVolumeChecker (StorageVolumeChecker.java:checkAllVolumes(202)) - Scheduled health check for volume /home/runner/work/ozone/ozone/hadoop-ozone/integration-test/target/test-dir/MiniOzoneClusterImpl-4bb34576-a2e6-484c-bd4a-6e4bad1f8a8d/datanode-1/data-0/containers/hdds
2022-07-30 01:47:19,994 [Listener at 127.0.0.1/39159] INFO  volume.MutableVolumeSet (MutableVolumeSet.java:initializeVolumeSet(174)) - Added Volume : /home/runner/work/ozone/ozone/hadoop-ozone/integration-test/target/test-dir/MiniOzoneClusterImpl-4bb34576-a2e6-484c-bd4a-6e4bad1f8a8d/datanode-1/data/ratis to VolumeSet
2022-07-30 01:47:19,994 [Listener at 127.0.0.1/39159] INFO  volume.ThrottledAsyncChecker (ThrottledAsyncChecker.java:schedule(141)) - Scheduling a check for /home/runner/work/ozone/ozone/hadoop-ozone/integration-test/target/test-dir/MiniOzoneClusterImpl-4bb34576-a2e6-484c-bd4a-6e4bad1f8a8d/datanode-1/data/ratis
2022-07-30 01:47:19,995 [Listener at 127.0.0.1/39159] INFO  volume.StorageVolumeChecker (StorageVolumeChecker.java:checkAllVolumes(202)) - Scheduled health check for volume /home/runner/work/ozone/ozone/hadoop-ozone/integration-test/target/test-dir/MiniOzoneClusterImpl-4bb34576-a2e6-484c-bd4a-6e4bad1f8a8d/datanode-1/data/ratis
2022-07-30 01:47:20,015 [om1@group-C5BA1605619E-StateMachineUpdater] INFO  ratis.OzoneManagerStateMachine (OzoneManagerStateMachine.java:notifyConfigurationChanged(192)) - Received Configuration change notification from Ratis. New Peer list:
[id: "om1"
address: "localhost:9872"
]
2022-07-30 01:47:20,017 [Thread-151] INFO  ozoneimpl.ContainerReader (ContainerReader.java:readVolume(175)) - Finish verifying containers on volume /home/runner/work/ozone/ozone/hadoop-ozone/integration-test/target/test-dir/MiniOzoneClusterImpl-4bb34576-a2e6-484c-bd4a-6e4bad1f8a8d/datanode-1/data-0/containers/hdds
2022-07-30 01:47:20,019 [Listener at 127.0.0.1/39159] INFO  ozoneimpl.OzoneContainer (OzoneContainer.java:buildContainerSet(299)) - Build ContainerSet costs 0s
2022-07-30 01:47:20,026 [Listener at 127.0.0.1/39159] INFO  server.RaftServer (ConfUtils.java:logGet(46)) - raft.rpc.type = GRPC (default)
2022-07-30 01:47:20,026 [Listener at 127.0.0.1/39159] INFO  grpc.GrpcFactory (GrpcFactory.java:checkPooledByteBufAllocatorUseCacheForAllThreads(48)) - PERFORMANCE WARNING: useCacheForAllThreads is true that may cause Netty to create a lot garbage objects and, as a result, trigger GC.
	It is recommended to disable useCacheForAllThreads by setting -Dorg.apache.ratis.thirdparty.io.netty.allocator.useCacheForAllThreads=false in command line.
2022-07-30 01:47:20,026 [Listener at 127.0.0.1/39159] INFO  grpc.GrpcConfigKeys (ConfUtils.java:logGet(46)) - raft.grpc.admin.port = 0 (custom)
2022-07-30 01:47:20,027 [Listener at 127.0.0.1/39159] INFO  grpc.GrpcConfigKeys (ConfUtils.java:logGet(46)) - raft.grpc.client.port = 0 (custom)
2022-07-30 01:47:20,027 [Listener at 127.0.0.1/39159] INFO  grpc.GrpcConfigKeys (ConfUtils.java:logGet(46)) - raft.grpc.server.port = 0 (default)
2022-07-30 01:47:20,027 [Listener at 127.0.0.1/39159] INFO  server.GrpcService (ConfUtils.java:logGet(46)) - raft.grpc.message.size.max = 32MB (=33554432) (custom)
2022-07-30 01:47:20,027 [Listener at 127.0.0.1/39159] INFO  server.RaftServerConfigKeys (ConfUtils.java:logGet(46)) - raft.server.log.appender.buffer.byte-limit = 33554432 (custom)
2022-07-30 01:47:20,027 [Listener at 127.0.0.1/39159] INFO  server.GrpcService (ConfUtils.java:logGet(46)) - raft.grpc.flow.control.window = 5MB (=5242880) (custom)
2022-07-30 01:47:20,028 [Listener at 127.0.0.1/39159] INFO  server.RaftServerConfigKeys (ConfUtils.java:logGet(46)) - raft.server.rpc.request.timeout = 60s (custom)
2022-07-30 01:47:20,028 [Listener at 127.0.0.1/39159] INFO  grpc.GrpcConfigKeys (ConfUtils.java:logGet(46)) - raft.grpc.server.async.request.thread.pool.cached = true (default)
2022-07-30 01:47:20,028 [Listener at 127.0.0.1/39159] INFO  grpc.GrpcConfigKeys (ConfUtils.java:logGet(46)) - raft.grpc.server.async.request.thread.pool.size = 32 (default)
2022-07-30 01:47:20,030 [Listener at 127.0.0.1/39159] INFO  impl.DataStreamServerImpl (ConfUtils.java:logGet(46)) - raft.datastream.type = DISABLED (default)
2022-07-30 01:47:20,030 [Listener at 127.0.0.1/39159] INFO  server.RaftServerConfigKeys (ConfUtils.java:logGet(46)) - raft.server.threadpool.proxy.cached = true (default)
2022-07-30 01:47:20,030 [Listener at 127.0.0.1/39159] INFO  server.RaftServerConfigKeys (ConfUtils.java:logGet(46)) - raft.server.threadpool.proxy.size = 0 (default)
2022-07-30 01:47:20,030 [Listener at 127.0.0.1/39159] INFO  server.RaftServerConfigKeys (ConfUtils.java:logGet(46)) - raft.server.rpc.slowness.timeout = 300s (custom)
2022-07-30 01:47:20,030 [Listener at 127.0.0.1/39159] INFO  server.RaftServerConfigKeys (ConfUtils.java:logGet(46)) - raft.server.leaderelection.leader.step-down.wait-time = 10s (default)
2022-07-30 01:47:20,031 [Listener at 127.0.0.1/39159] INFO  server.RaftServerConfigKeys (ConfUtils.java:logGet(46)) - raft.server.storage.dir = [/home/runner/work/ozone/ozone/hadoop-ozone/integration-test/target/test-dir/MiniOzoneClusterImpl-4bb34576-a2e6-484c-bd4a-6e4bad1f8a8d/datanode-1/data/ratis] (custom)
2022-07-30 01:47:20,033 [Listener at 127.0.0.1/39159] INFO  server.XceiverServerGrpc (XceiverServerGrpc.java:<init>(132)) - GrpcServer channel type EpollServerSocketChannel
2022-07-30 01:47:20,040 [Listener at 127.0.0.1/39159] INFO  http.BaseHttpServer (BaseHttpServer.java:newHttpServer2BuilderForOzone(209)) - Starting Web-server for hddsDatanode at: http://0.0.0.0:0
2022-07-30 01:47:20,040 [Listener at 127.0.0.1/39159] INFO  http.BaseHttpServer (BaseHttpServer.java:<init>(107)) - Hadoop Security Enabled: false Ozone Security Enabled: false Ozone HTTP Security Enabled: false 
2022-07-30 01:47:20,042 [Listener at 127.0.0.1/39159] INFO  server.AuthenticationFilter (AuthenticationFilter.java:constructSecretProvider(240)) - Unable to initialize FileSignerSecretProvider, falling back to use random secrets.
2022-07-30 01:47:20,042 [Listener at 127.0.0.1/39159] WARN  http.HttpRequestLog (HttpRequestLog.java:getRequestLog(103)) - Jetty request log can only be enabled using Log4j
2022-07-30 01:47:20,044 [Listener at 127.0.0.1/39159] INFO  http.HttpServer2 (HttpServer2.java:addGlobalFilter(1029)) - Added global filter 'safety' (class=org.apache.hadoop.hdds.server.http.HttpServer2$QuotingInputFilter)
2022-07-30 01:47:20,045 [Listener at 127.0.0.1/39159] INFO  http.HttpServer2 (HttpServer2.java:addFilter(1005)) - Added filter static_user_filter (class=org.apache.hadoop.http.lib.StaticUserWebFilter$StaticUserFilter) to context hddsDatanode
2022-07-30 01:47:20,045 [Listener at 127.0.0.1/39159] INFO  http.HttpServer2 (HttpServer2.java:addFilter(1013)) - Added filter static_user_filter (class=org.apache.hadoop.http.lib.StaticUserWebFilter$StaticUserFilter) to context logs
2022-07-30 01:47:20,045 [Listener at 127.0.0.1/39159] INFO  http.HttpServer2 (HttpServer2.java:addFilter(1013)) - Added filter static_user_filter (class=org.apache.hadoop.http.lib.StaticUserWebFilter$StaticUserFilter) to context static
2022-07-30 01:47:20,046 [Listener at 127.0.0.1/39159] INFO  http.HttpServer2 (HttpServer2.java:bindListener(1248)) - Jetty bound to port 43037
2022-07-30 01:47:20,048 [Listener at 127.0.0.1/39159] INFO  server.Server (Server.java:doStart(375)) - jetty-9.4.43.v20210629; built: 2021-06-30T11:07:22.254Z; git: 526006ecfa3af7f1a27ef3a288e2bef7ea9dd7e8; jvm 1.8.0_332-b09
2022-07-30 01:47:20,055 [Listener at 127.0.0.1/39159] INFO  server.session (DefaultSessionIdManager.java:doStart(334)) - DefaultSessionIdManager workerName=node0
2022-07-30 01:47:20,056 [Listener at 127.0.0.1/39159] INFO  server.session (DefaultSessionIdManager.java:doStart(339)) - No SessionScavenger set, using defaults
2022-07-30 01:47:20,056 [Listener at 127.0.0.1/39159] INFO  server.session (HouseKeeper.java:startScavenging(132)) - node0 Scavenging every 660000ms
2022-07-30 01:47:20,057 [Listener at 127.0.0.1/39159] INFO  handler.ContextHandler (ContextHandler.java:doStart(915)) - Started o.e.j.s.ServletContextHandler@3e1ec8ed{logs,/logs,file:///home/runner/work/ozone/ozone/hadoop-ozone/integration-test/target/log,AVAILABLE}
2022-07-30 01:47:20,057 [Listener at 127.0.0.1/39159] INFO  handler.ContextHandler (ContextHandler.java:doStart(915)) - Started o.e.j.s.ServletContextHandler@3b66175{static,/static,jar:file:/home/runner/.m2/repository/org/apache/ozone/hdds-container-service/1.3.0-SNAPSHOT/hdds-container-service-1.3.0-SNAPSHOT.jar!/webapps/static,AVAILABLE}
2022-07-30 01:47:20,250 [Listener at 127.0.0.1/39159] INFO  handler.ContextHandler (ContextHandler.java:doStart(915)) - Started o.e.j.w.WebAppContext@7edcebb7{hddsDatanode,/,file:///tmp/jetty-0_0_0_0-43037-hdds-container-service-1_3_0-SNAPSHOT_jar-_-any-6817166125712774201/webapp/,AVAILABLE}{jar:file:/home/runner/.m2/repository/org/apache/ozone/hdds-container-service/1.3.0-SNAPSHOT/hdds-container-service-1.3.0-SNAPSHOT.jar!/webapps/hddsDatanode}
2022-07-30 01:47:20,251 [Listener at 127.0.0.1/39159] INFO  server.AbstractConnector (AbstractConnector.java:doStart(331)) - Started ServerConnector@37e92213{HTTP/1.1, (http/1.1)}{0.0.0.0:43037}
2022-07-30 01:47:20,252 [Listener at 127.0.0.1/39159] INFO  server.Server (Server.java:doStart(415)) - Started @9630ms
2022-07-30 01:47:20,252 [Listener at 127.0.0.1/39159] WARN  impl.MetricsSystemImpl (MetricsSystemImpl.java:register(279)) - Sink prometheus already exists!
2022-07-30 01:47:20,253 [Listener at 127.0.0.1/39159] INFO  http.BaseHttpServer (BaseHttpServer.java:updateConnectorAddress(329)) - HTTP server of hddsDatanode listening at http://0.0.0.0:43037
2022-07-30 01:47:20,256 [Listener at 127.0.0.1/39159] WARN  impl.MetricRegistriesImpl (MetricRegistriesImpl.java:addReporterRegistration(111)) - New reporters are added after registries were created. Some metrics will be missing from the reporter. Please add reporter before adding any new registry.
2022-07-30 01:47:20,256 [Listener at 127.0.0.1/39159] WARN  impl.MetricRegistriesImpl (MetricRegistriesImpl.java:addReporterRegistration(111)) - New reporters are added after registries were created. Some metrics will be missing from the reporter. Please add reporter before adding any new registry.
2022-07-30 01:47:20,256 [Listener at 127.0.0.1/39159] INFO  impl.MetricsSystemImpl (MetricsSystemImpl.java:init(158)) - HddsDatanode metrics system started (again)
2022-07-30 01:47:20,259 [Datanode State Machine Daemon Thread] INFO  statemachine.DatanodeStateMachine (DatanodeStateMachine.java:lambda$startDaemon$0(492)) - Ozone container server started.
2022-07-30 01:47:20,271 [Listener at 127.0.0.1/39159] INFO  ozone.HddsDatanodeService (HddsDatanodeService.java:start(236)) - HddsDatanodeService host:fv-az297-62.nmf1rxwemy4u5di1sxxf4ejcwb.jx.internal.cloudapp.net ip:10.1.0.37
2022-07-30 01:47:20,282 [org.apache.hadoop.util.JvmPauseMonitor$Monitor@3f07426d] INFO  util.JvmPauseMonitor (JvmPauseMonitor.java:run(188)) - Starting JVM pause monitor
2022-07-30 01:47:20,296 [Datanode State Machine Task Thread - 0] INFO  datanode.InitDatanodeState (InitDatanodeState.java:persistContainerDatanodeDetails(138)) - DatanodeDetails is persisted to /home/runner/work/ozone/ozone/hadoop-ozone/integration-test/target/test-dir/MiniOzoneClusterImpl-4bb34576-a2e6-484c-bd4a-6e4bad1f8a8d/datanode-1/meta/datanode.id
2022-07-30 01:47:20,307 [Listener at 127.0.0.1/39159] INFO  upgrade.AbstractLayoutVersionManager (AbstractLayoutVersionManager.java:init(83)) - Initializing Layout version manager with metadata layout = DATANODE_SCHEMA_V3 (version = 4), software layout = DATANODE_SCHEMA_V3 (version = 4)
2022-07-30 01:47:20,356 [Listener at 127.0.0.1/39159] INFO  reflections.Reflections (Reflections.java:scan(232)) - Reflections took 48 ms to scan 7 urls, producing 132 keys and 321 values 
2022-07-30 01:47:20,358 [Listener at 127.0.0.1/39159] INFO  statemachine.DatanodeStateMachine (DatanodeStateMachine.java:getEndPointTaskThreadPoolSize(237)) - Datanode State Machine Task Thread Pool size 2
2022-07-30 01:47:20,361 [Listener at 127.0.0.1/39159] INFO  volume.HddsVolume (HddsVolume.java:<init>(116)) - Creating HddsVolume: /home/runner/work/ozone/ozone/hadoop-ozone/integration-test/target/test-dir/MiniOzoneClusterImpl-4bb34576-a2e6-484c-bd4a-6e4bad1f8a8d/datanode-2/data-0/containers/hdds of storage type : DISK capacity : 9223372036854775807
2022-07-30 01:47:20,361 [Listener at 127.0.0.1/39159] INFO  volume.MutableVolumeSet (MutableVolumeSet.java:initializeVolumeSet(174)) - Added Volume : /home/runner/work/ozone/ozone/hadoop-ozone/integration-test/target/test-dir/MiniOzoneClusterImpl-4bb34576-a2e6-484c-bd4a-6e4bad1f8a8d/datanode-2/data-0/containers/hdds to VolumeSet
2022-07-30 01:47:20,361 [Listener at 127.0.0.1/39159] INFO  volume.ThrottledAsyncChecker (ThrottledAsyncChecker.java:schedule(141)) - Scheduling a check for /home/runner/work/ozone/ozone/hadoop-ozone/integration-test/target/test-dir/MiniOzoneClusterImpl-4bb34576-a2e6-484c-bd4a-6e4bad1f8a8d/datanode-2/data-0/containers/hdds
2022-07-30 01:47:20,365 [Listener at 127.0.0.1/39159] INFO  volume.StorageVolumeChecker (StorageVolumeChecker.java:checkAllVolumes(202)) - Scheduled health check for volume /home/runner/work/ozone/ozone/hadoop-ozone/integration-test/target/test-dir/MiniOzoneClusterImpl-4bb34576-a2e6-484c-bd4a-6e4bad1f8a8d/datanode-2/data-0/containers/hdds
2022-07-30 01:47:20,378 [Listener at 127.0.0.1/39159] INFO  volume.MutableVolumeSet (MutableVolumeSet.java:initializeVolumeSet(174)) - Added Volume : /home/runner/work/ozone/ozone/hadoop-ozone/integration-test/target/test-dir/MiniOzoneClusterImpl-4bb34576-a2e6-484c-bd4a-6e4bad1f8a8d/datanode-2/data/ratis to VolumeSet
2022-07-30 01:47:20,378 [Listener at 127.0.0.1/39159] INFO  volume.ThrottledAsyncChecker (ThrottledAsyncChecker.java:schedule(141)) - Scheduling a check for /home/runner/work/ozone/ozone/hadoop-ozone/integration-test/target/test-dir/MiniOzoneClusterImpl-4bb34576-a2e6-484c-bd4a-6e4bad1f8a8d/datanode-2/data/ratis
2022-07-30 01:47:20,378 [Listener at 127.0.0.1/39159] INFO  volume.StorageVolumeChecker (StorageVolumeChecker.java:checkAllVolumes(202)) - Scheduled health check for volume /home/runner/work/ozone/ozone/hadoop-ozone/integration-test/target/test-dir/MiniOzoneClusterImpl-4bb34576-a2e6-484c-bd4a-6e4bad1f8a8d/datanode-2/data/ratis
2022-07-30 01:47:20,391 [Thread-164] INFO  ozoneimpl.ContainerReader (ContainerReader.java:readVolume(175)) - Finish verifying containers on volume /home/runner/work/ozone/ozone/hadoop-ozone/integration-test/target/test-dir/MiniOzoneClusterImpl-4bb34576-a2e6-484c-bd4a-6e4bad1f8a8d/datanode-2/data-0/containers/hdds
2022-07-30 01:47:20,391 [Listener at 127.0.0.1/39159] INFO  ozoneimpl.OzoneContainer (OzoneContainer.java:buildContainerSet(299)) - Build ContainerSet costs 0s
2022-07-30 01:47:20,394 [Listener at 127.0.0.1/39159] INFO  server.RaftServer (ConfUtils.java:logGet(46)) - raft.rpc.type = GRPC (default)
2022-07-30 01:47:20,394 [Listener at 127.0.0.1/39159] INFO  grpc.GrpcFactory (GrpcFactory.java:checkPooledByteBufAllocatorUseCacheForAllThreads(48)) - PERFORMANCE WARNING: useCacheForAllThreads is true that may cause Netty to create a lot garbage objects and, as a result, trigger GC.
	It is recommended to disable useCacheForAllThreads by setting -Dorg.apache.ratis.thirdparty.io.netty.allocator.useCacheForAllThreads=false in command line.
2022-07-30 01:47:20,395 [Listener at 127.0.0.1/39159] INFO  grpc.GrpcConfigKeys (ConfUtils.java:logGet(46)) - raft.grpc.admin.port = 0 (custom)
2022-07-30 01:47:20,395 [Listener at 127.0.0.1/39159] INFO  grpc.GrpcConfigKeys (ConfUtils.java:logGet(46)) - raft.grpc.client.port = 0 (custom)
2022-07-30 01:47:20,395 [Listener at 127.0.0.1/39159] INFO  grpc.GrpcConfigKeys (ConfUtils.java:logGet(46)) - raft.grpc.server.port = 0 (default)
2022-07-30 01:47:20,395 [Listener at 127.0.0.1/39159] INFO  server.GrpcService (ConfUtils.java:logGet(46)) - raft.grpc.message.size.max = 32MB (=33554432) (custom)
2022-07-30 01:47:20,395 [Listener at 127.0.0.1/39159] INFO  server.RaftServerConfigKeys (ConfUtils.java:logGet(46)) - raft.server.log.appender.buffer.byte-limit = 33554432 (custom)
2022-07-30 01:47:20,397 [Listener at 127.0.0.1/39159] INFO  server.GrpcService (ConfUtils.java:logGet(46)) - raft.grpc.flow.control.window = 5MB (=5242880) (custom)
2022-07-30 01:47:20,398 [Listener at 127.0.0.1/39159] INFO  server.RaftServerConfigKeys (ConfUtils.java:logGet(46)) - raft.server.rpc.request.timeout = 60s (custom)
2022-07-30 01:47:20,398 [Listener at 127.0.0.1/39159] INFO  grpc.GrpcConfigKeys (ConfUtils.java:logGet(46)) - raft.grpc.server.async.request.thread.pool.cached = true (default)
2022-07-30 01:47:20,398 [Listener at 127.0.0.1/39159] INFO  grpc.GrpcConfigKeys (ConfUtils.java:logGet(46)) - raft.grpc.server.async.request.thread.pool.size = 32 (default)
2022-07-30 01:47:20,400 [Listener at 127.0.0.1/39159] INFO  impl.DataStreamServerImpl (ConfUtils.java:logGet(46)) - raft.datastream.type = DISABLED (default)
2022-07-30 01:47:20,400 [Listener at 127.0.0.1/39159] INFO  server.RaftServerConfigKeys (ConfUtils.java:logGet(46)) - raft.server.threadpool.proxy.cached = true (default)
2022-07-30 01:47:20,400 [Listener at 127.0.0.1/39159] INFO  server.RaftServerConfigKeys (ConfUtils.java:logGet(46)) - raft.server.threadpool.proxy.size = 0 (default)
2022-07-30 01:47:20,401 [Listener at 127.0.0.1/39159] INFO  server.RaftServerConfigKeys (ConfUtils.java:logGet(46)) - raft.server.rpc.slowness.timeout = 300s (custom)
2022-07-30 01:47:20,404 [Listener at 127.0.0.1/39159] INFO  server.RaftServerConfigKeys (ConfUtils.java:logGet(46)) - raft.server.leaderelection.leader.step-down.wait-time = 10s (default)
2022-07-30 01:47:20,404 [Listener at 127.0.0.1/39159] INFO  server.RaftServerConfigKeys (ConfUtils.java:logGet(46)) - raft.server.storage.dir = [/home/runner/work/ozone/ozone/hadoop-ozone/integration-test/target/test-dir/MiniOzoneClusterImpl-4bb34576-a2e6-484c-bd4a-6e4bad1f8a8d/datanode-2/data/ratis] (custom)
2022-07-30 01:47:20,406 [Listener at 127.0.0.1/39159] INFO  server.XceiverServerGrpc (XceiverServerGrpc.java:<init>(132)) - GrpcServer channel type EpollServerSocketChannel
2022-07-30 01:47:20,411 [Listener at 127.0.0.1/39159] INFO  http.BaseHttpServer (BaseHttpServer.java:newHttpServer2BuilderForOzone(209)) - Starting Web-server for hddsDatanode at: http://0.0.0.0:0
2022-07-30 01:47:20,412 [Listener at 127.0.0.1/39159] INFO  http.BaseHttpServer (BaseHttpServer.java:<init>(107)) - Hadoop Security Enabled: false Ozone Security Enabled: false Ozone HTTP Security Enabled: false 
2022-07-30 01:47:20,414 [Listener at 127.0.0.1/39159] INFO  server.AuthenticationFilter (AuthenticationFilter.java:constructSecretProvider(240)) - Unable to initialize FileSignerSecretProvider, falling back to use random secrets.
2022-07-30 01:47:20,414 [Listener at 127.0.0.1/39159] WARN  http.HttpRequestLog (HttpRequestLog.java:getRequestLog(103)) - Jetty request log can only be enabled using Log4j
2022-07-30 01:47:20,415 [Listener at 127.0.0.1/39159] INFO  http.HttpServer2 (HttpServer2.java:addGlobalFilter(1029)) - Added global filter 'safety' (class=org.apache.hadoop.hdds.server.http.HttpServer2$QuotingInputFilter)
2022-07-30 01:47:20,416 [Listener at 127.0.0.1/39159] INFO  http.HttpServer2 (HttpServer2.java:addFilter(1005)) - Added filter static_user_filter (class=org.apache.hadoop.http.lib.StaticUserWebFilter$StaticUserFilter) to context hddsDatanode
2022-07-30 01:47:20,416 [Listener at 127.0.0.1/39159] INFO  http.HttpServer2 (HttpServer2.java:addFilter(1013)) - Added filter static_user_filter (class=org.apache.hadoop.http.lib.StaticUserWebFilter$StaticUserFilter) to context logs
2022-07-30 01:47:20,417 [Listener at 127.0.0.1/39159] INFO  http.HttpServer2 (HttpServer2.java:addFilter(1013)) - Added filter static_user_filter (class=org.apache.hadoop.http.lib.StaticUserWebFilter$StaticUserFilter) to context static
2022-07-30 01:47:20,417 [Listener at 127.0.0.1/39159] INFO  http.HttpServer2 (HttpServer2.java:bindListener(1248)) - Jetty bound to port 38629
2022-07-30 01:47:20,417 [Listener at 127.0.0.1/39159] INFO  server.Server (Server.java:doStart(375)) - jetty-9.4.43.v20210629; built: 2021-06-30T11:07:22.254Z; git: 526006ecfa3af7f1a27ef3a288e2bef7ea9dd7e8; jvm 1.8.0_332-b09
2022-07-30 01:47:20,420 [Listener at 127.0.0.1/39159] INFO  server.session (DefaultSessionIdManager.java:doStart(334)) - DefaultSessionIdManager workerName=node0
2022-07-30 01:47:20,421 [Listener at 127.0.0.1/39159] INFO  server.session (DefaultSessionIdManager.java:doStart(339)) - No SessionScavenger set, using defaults
2022-07-30 01:47:20,421 [Listener at 127.0.0.1/39159] INFO  server.session (HouseKeeper.java:startScavenging(132)) - node0 Scavenging every 600000ms
2022-07-30 01:47:20,422 [Listener at 127.0.0.1/39159] INFO  handler.ContextHandler (ContextHandler.java:doStart(915)) - Started o.e.j.s.ServletContextHandler@556ef86d{logs,/logs,file:///home/runner/work/ozone/ozone/hadoop-ozone/integration-test/target/log,AVAILABLE}
2022-07-30 01:47:20,422 [Listener at 127.0.0.1/39159] INFO  handler.ContextHandler (ContextHandler.java:doStart(915)) - Started o.e.j.s.ServletContextHandler@1764625a{static,/static,jar:file:/home/runner/.m2/repository/org/apache/ozone/hdds-container-service/1.3.0-SNAPSHOT/hdds-container-service-1.3.0-SNAPSHOT.jar!/webapps/static,AVAILABLE}
2022-07-30 01:47:20,606 [Listener at 127.0.0.1/39159] INFO  handler.ContextHandler (ContextHandler.java:doStart(915)) - Started o.e.j.w.WebAppContext@6abb34a5{hddsDatanode,/,file:///tmp/jetty-0_0_0_0-38629-hdds-container-service-1_3_0-SNAPSHOT_jar-_-any-7381424165623379800/webapp/,AVAILABLE}{jar:file:/home/runner/.m2/repository/org/apache/ozone/hdds-container-service/1.3.0-SNAPSHOT/hdds-container-service-1.3.0-SNAPSHOT.jar!/webapps/hddsDatanode}
2022-07-30 01:47:20,607 [Listener at 127.0.0.1/39159] INFO  server.AbstractConnector (AbstractConnector.java:doStart(331)) - Started ServerConnector@6cf87ba6{HTTP/1.1, (http/1.1)}{0.0.0.0:38629}
2022-07-30 01:47:20,607 [Listener at 127.0.0.1/39159] INFO  server.Server (Server.java:doStart(415)) - Started @9986ms
2022-07-30 01:47:20,607 [Listener at 127.0.0.1/39159] WARN  impl.MetricsSystemImpl (MetricsSystemImpl.java:register(279)) - Sink prometheus already exists!
2022-07-30 01:47:20,608 [Listener at 127.0.0.1/39159] INFO  http.BaseHttpServer (BaseHttpServer.java:updateConnectorAddress(329)) - HTTP server of hddsDatanode listening at http://0.0.0.0:38629
2022-07-30 01:47:20,610 [Listener at 127.0.0.1/39159] WARN  impl.MetricRegistriesImpl (MetricRegistriesImpl.java:addReporterRegistration(111)) - New reporters are added after registries were created. Some metrics will be missing from the reporter. Please add reporter before adding any new registry.
2022-07-30 01:47:20,610 [Listener at 127.0.0.1/39159] WARN  impl.MetricRegistriesImpl (MetricRegistriesImpl.java:addReporterRegistration(111)) - New reporters are added after registries were created. Some metrics will be missing from the reporter. Please add reporter before adding any new registry.
2022-07-30 01:47:20,611 [Listener at 127.0.0.1/39159] INFO  impl.MetricsSystemImpl (MetricsSystemImpl.java:init(158)) - HddsDatanode metrics system started (again)
2022-07-30 01:47:20,615 [Datanode State Machine Daemon Thread] INFO  statemachine.DatanodeStateMachine (DatanodeStateMachine.java:lambda$startDaemon$0(492)) - Ozone container server started.
2022-07-30 01:47:20,624 [Listener at 127.0.0.1/39159] INFO  ozone.HddsDatanodeService (HddsDatanodeService.java:start(236)) - HddsDatanodeService host:fv-az297-62.nmf1rxwemy4u5di1sxxf4ejcwb.jx.internal.cloudapp.net ip:10.1.0.37
2022-07-30 01:47:20,632 [org.apache.hadoop.util.JvmPauseMonitor$Monitor@7a379ced] INFO  util.JvmPauseMonitor (JvmPauseMonitor.java:run(188)) - Starting JVM pause monitor
2022-07-30 01:47:20,637 [Datanode State Machine Task Thread - 0] INFO  datanode.InitDatanodeState (InitDatanodeState.java:persistContainerDatanodeDetails(138)) - DatanodeDetails is persisted to /home/runner/work/ozone/ozone/hadoop-ozone/integration-test/target/test-dir/MiniOzoneClusterImpl-4bb34576-a2e6-484c-bd4a-6e4bad1f8a8d/datanode-2/meta/datanode.id
2022-07-30 01:47:20,652 [Listener at 127.0.0.1/39159] INFO  upgrade.AbstractLayoutVersionManager (AbstractLayoutVersionManager.java:init(83)) - Initializing Layout version manager with metadata layout = DATANODE_SCHEMA_V3 (version = 4), software layout = DATANODE_SCHEMA_V3 (version = 4)
2022-07-30 01:47:20,699 [Listener at 127.0.0.1/39159] INFO  reflections.Reflections (Reflections.java:scan(232)) - Reflections took 45 ms to scan 7 urls, producing 132 keys and 321 values 
2022-07-30 01:47:20,701 [Listener at 127.0.0.1/39159] INFO  statemachine.DatanodeStateMachine (DatanodeStateMachine.java:getEndPointTaskThreadPoolSize(237)) - Datanode State Machine Task Thread Pool size 2
2022-07-30 01:47:20,703 [Listener at 127.0.0.1/39159] INFO  volume.HddsVolume (HddsVolume.java:<init>(116)) - Creating HddsVolume: /home/runner/work/ozone/ozone/hadoop-ozone/integration-test/target/test-dir/MiniOzoneClusterImpl-4bb34576-a2e6-484c-bd4a-6e4bad1f8a8d/datanode-3/data-0/containers/hdds of storage type : DISK capacity : 9223372036854775807
2022-07-30 01:47:20,704 [Listener at 127.0.0.1/39159] INFO  volume.MutableVolumeSet (MutableVolumeSet.java:initializeVolumeSet(174)) - Added Volume : /home/runner/work/ozone/ozone/hadoop-ozone/integration-test/target/test-dir/MiniOzoneClusterImpl-4bb34576-a2e6-484c-bd4a-6e4bad1f8a8d/datanode-3/data-0/containers/hdds to VolumeSet
2022-07-30 01:47:20,704 [Listener at 127.0.0.1/39159] INFO  volume.ThrottledAsyncChecker (ThrottledAsyncChecker.java:schedule(141)) - Scheduling a check for /home/runner/work/ozone/ozone/hadoop-ozone/integration-test/target/test-dir/MiniOzoneClusterImpl-4bb34576-a2e6-484c-bd4a-6e4bad1f8a8d/datanode-3/data-0/containers/hdds
2022-07-30 01:47:20,705 [Listener at 127.0.0.1/39159] INFO  volume.StorageVolumeChecker (StorageVolumeChecker.java:checkAllVolumes(202)) - Scheduled health check for volume /home/runner/work/ozone/ozone/hadoop-ozone/integration-test/target/test-dir/MiniOzoneClusterImpl-4bb34576-a2e6-484c-bd4a-6e4bad1f8a8d/datanode-3/data-0/containers/hdds
2022-07-30 01:47:20,716 [Listener at 127.0.0.1/39159] INFO  volume.MutableVolumeSet (MutableVolumeSet.java:initializeVolumeSet(174)) - Added Volume : /home/runner/work/ozone/ozone/hadoop-ozone/integration-test/target/test-dir/MiniOzoneClusterImpl-4bb34576-a2e6-484c-bd4a-6e4bad1f8a8d/datanode-3/data/ratis to VolumeSet
2022-07-30 01:47:20,716 [Listener at 127.0.0.1/39159] INFO  volume.ThrottledAsyncChecker (ThrottledAsyncChecker.java:schedule(141)) - Scheduling a check for /home/runner/work/ozone/ozone/hadoop-ozone/integration-test/target/test-dir/MiniOzoneClusterImpl-4bb34576-a2e6-484c-bd4a-6e4bad1f8a8d/datanode-3/data/ratis
2022-07-30 01:47:20,716 [Listener at 127.0.0.1/39159] INFO  volume.StorageVolumeChecker (StorageVolumeChecker.java:checkAllVolumes(202)) - Scheduled health check for volume /home/runner/work/ozone/ozone/hadoop-ozone/integration-test/target/test-dir/MiniOzoneClusterImpl-4bb34576-a2e6-484c-bd4a-6e4bad1f8a8d/datanode-3/data/ratis
2022-07-30 01:47:20,730 [Thread-177] INFO  ozoneimpl.ContainerReader (ContainerReader.java:readVolume(175)) - Finish verifying containers on volume /home/runner/work/ozone/ozone/hadoop-ozone/integration-test/target/test-dir/MiniOzoneClusterImpl-4bb34576-a2e6-484c-bd4a-6e4bad1f8a8d/datanode-3/data-0/containers/hdds
2022-07-30 01:47:20,730 [Listener at 127.0.0.1/39159] INFO  ozoneimpl.OzoneContainer (OzoneContainer.java:buildContainerSet(299)) - Build ContainerSet costs 0s
2022-07-30 01:47:20,733 [Listener at 127.0.0.1/39159] INFO  server.RaftServer (ConfUtils.java:logGet(46)) - raft.rpc.type = GRPC (default)
2022-07-30 01:47:20,733 [Listener at 127.0.0.1/39159] INFO  grpc.GrpcFactory (GrpcFactory.java:checkPooledByteBufAllocatorUseCacheForAllThreads(48)) - PERFORMANCE WARNING: useCacheForAllThreads is true that may cause Netty to create a lot garbage objects and, as a result, trigger GC.
	It is recommended to disable useCacheForAllThreads by setting -Dorg.apache.ratis.thirdparty.io.netty.allocator.useCacheForAllThreads=false in command line.
2022-07-30 01:47:20,733 [Listener at 127.0.0.1/39159] INFO  grpc.GrpcConfigKeys (ConfUtils.java:logGet(46)) - raft.grpc.admin.port = 0 (custom)
2022-07-30 01:47:20,734 [Listener at 127.0.0.1/39159] INFO  grpc.GrpcConfigKeys (ConfUtils.java:logGet(46)) - raft.grpc.client.port = 0 (custom)
2022-07-30 01:47:20,734 [Listener at 127.0.0.1/39159] INFO  grpc.GrpcConfigKeys (ConfUtils.java:logGet(46)) - raft.grpc.server.port = 0 (default)
2022-07-30 01:47:20,734 [Listener at 127.0.0.1/39159] INFO  server.GrpcService (ConfUtils.java:logGet(46)) - raft.grpc.message.size.max = 32MB (=33554432) (custom)
2022-07-30 01:47:20,734 [Listener at 127.0.0.1/39159] INFO  server.RaftServerConfigKeys (ConfUtils.java:logGet(46)) - raft.server.log.appender.buffer.byte-limit = 33554432 (custom)
2022-07-30 01:47:20,734 [Listener at 127.0.0.1/39159] INFO  server.GrpcService (ConfUtils.java:logGet(46)) - raft.grpc.flow.control.window = 5MB (=5242880) (custom)
2022-07-30 01:47:20,735 [Listener at 127.0.0.1/39159] INFO  server.RaftServerConfigKeys (ConfUtils.java:logGet(46)) - raft.server.rpc.request.timeout = 60s (custom)
2022-07-30 01:47:20,735 [Listener at 127.0.0.1/39159] INFO  grpc.GrpcConfigKeys (ConfUtils.java:logGet(46)) - raft.grpc.server.async.request.thread.pool.cached = true (default)
2022-07-30 01:47:20,735 [Listener at 127.0.0.1/39159] INFO  grpc.GrpcConfigKeys (ConfUtils.java:logGet(46)) - raft.grpc.server.async.request.thread.pool.size = 32 (default)
2022-07-30 01:47:20,736 [Listener at 127.0.0.1/39159] INFO  impl.DataStreamServerImpl (ConfUtils.java:logGet(46)) - raft.datastream.type = DISABLED (default)
2022-07-30 01:47:20,736 [Listener at 127.0.0.1/39159] INFO  server.RaftServerConfigKeys (ConfUtils.java:logGet(46)) - raft.server.threadpool.proxy.cached = true (default)
2022-07-30 01:47:20,737 [Listener at 127.0.0.1/39159] INFO  server.RaftServerConfigKeys (ConfUtils.java:logGet(46)) - raft.server.threadpool.proxy.size = 0 (default)
2022-07-30 01:47:20,737 [Listener at 127.0.0.1/39159] INFO  server.RaftServerConfigKeys (ConfUtils.java:logGet(46)) - raft.server.rpc.slowness.timeout = 300s (custom)
2022-07-30 01:47:20,737 [Listener at 127.0.0.1/39159] INFO  server.RaftServerConfigKeys (ConfUtils.java:logGet(46)) - raft.server.leaderelection.leader.step-down.wait-time = 10s (default)
2022-07-30 01:47:20,737 [Listener at 127.0.0.1/39159] INFO  server.RaftServerConfigKeys (ConfUtils.java:logGet(46)) - raft.server.storage.dir = [/home/runner/work/ozone/ozone/hadoop-ozone/integration-test/target/test-dir/MiniOzoneClusterImpl-4bb34576-a2e6-484c-bd4a-6e4bad1f8a8d/datanode-3/data/ratis] (custom)
2022-07-30 01:47:20,739 [Listener at 127.0.0.1/39159] INFO  server.XceiverServerGrpc (XceiverServerGrpc.java:<init>(132)) - GrpcServer channel type EpollServerSocketChannel
2022-07-30 01:47:20,743 [Listener at 127.0.0.1/39159] INFO  http.BaseHttpServer (BaseHttpServer.java:newHttpServer2BuilderForOzone(209)) - Starting Web-server for hddsDatanode at: http://0.0.0.0:0
2022-07-30 01:47:20,743 [Listener at 127.0.0.1/39159] INFO  http.BaseHttpServer (BaseHttpServer.java:<init>(107)) - Hadoop Security Enabled: false Ozone Security Enabled: false Ozone HTTP Security Enabled: false 
2022-07-30 01:47:20,744 [Listener at 127.0.0.1/39159] INFO  server.AuthenticationFilter (AuthenticationFilter.java:constructSecretProvider(240)) - Unable to initialize FileSignerSecretProvider, falling back to use random secrets.
2022-07-30 01:47:20,745 [Listener at 127.0.0.1/39159] WARN  http.HttpRequestLog (HttpRequestLog.java:getRequestLog(103)) - Jetty request log can only be enabled using Log4j
2022-07-30 01:47:20,746 [Listener at 127.0.0.1/39159] INFO  http.HttpServer2 (HttpServer2.java:addGlobalFilter(1029)) - Added global filter 'safety' (class=org.apache.hadoop.hdds.server.http.HttpServer2$QuotingInputFilter)
2022-07-30 01:47:20,747 [Listener at 127.0.0.1/39159] INFO  http.HttpServer2 (HttpServer2.java:addFilter(1005)) - Added filter static_user_filter (class=org.apache.hadoop.http.lib.StaticUserWebFilter$StaticUserFilter) to context hddsDatanode
2022-07-30 01:47:20,747 [Listener at 127.0.0.1/39159] INFO  http.HttpServer2 (HttpServer2.java:addFilter(1013)) - Added filter static_user_filter (class=org.apache.hadoop.http.lib.StaticUserWebFilter$StaticUserFilter) to context logs
2022-07-30 01:47:20,747 [Listener at 127.0.0.1/39159] INFO  http.HttpServer2 (HttpServer2.java:addFilter(1013)) - Added filter static_user_filter (class=org.apache.hadoop.http.lib.StaticUserWebFilter$StaticUserFilter) to context static
2022-07-30 01:47:20,748 [Listener at 127.0.0.1/39159] INFO  http.HttpServer2 (HttpServer2.java:bindListener(1248)) - Jetty bound to port 45723
2022-07-30 01:47:20,748 [Listener at 127.0.0.1/39159] INFO  server.Server (Server.java:doStart(375)) - jetty-9.4.43.v20210629; built: 2021-06-30T11:07:22.254Z; git: 526006ecfa3af7f1a27ef3a288e2bef7ea9dd7e8; jvm 1.8.0_332-b09
2022-07-30 01:47:20,750 [Listener at 127.0.0.1/39159] INFO  server.session (DefaultSessionIdManager.java:doStart(334)) - DefaultSessionIdManager workerName=node0
2022-07-30 01:47:20,750 [Listener at 127.0.0.1/39159] INFO  server.session (DefaultSessionIdManager.java:doStart(339)) - No SessionScavenger set, using defaults
2022-07-30 01:47:20,751 [Listener at 127.0.0.1/39159] INFO  server.session (HouseKeeper.java:startScavenging(132)) - node0 Scavenging every 660000ms
2022-07-30 01:47:20,751 [Listener at 127.0.0.1/39159] INFO  handler.ContextHandler (ContextHandler.java:doStart(915)) - Started o.e.j.s.ServletContextHandler@16a475d3{logs,/logs,file:///home/runner/work/ozone/ozone/hadoop-ozone/integration-test/target/log,AVAILABLE}
2022-07-30 01:47:20,752 [Listener at 127.0.0.1/39159] INFO  handler.ContextHandler (ContextHandler.java:doStart(915)) - Started o.e.j.s.ServletContextHandler@1e22ff5f{static,/static,jar:file:/home/runner/.m2/repository/org/apache/ozone/hdds-container-service/1.3.0-SNAPSHOT/hdds-container-service-1.3.0-SNAPSHOT.jar!/webapps/static,AVAILABLE}
2022-07-30 01:47:20,935 [Listener at 127.0.0.1/39159] INFO  handler.ContextHandler (ContextHandler.java:doStart(915)) - Started o.e.j.w.WebAppContext@4e1b36e6{hddsDatanode,/,file:///tmp/jetty-0_0_0_0-45723-hdds-container-service-1_3_0-SNAPSHOT_jar-_-any-4394035903437382095/webapp/,AVAILABLE}{jar:file:/home/runner/.m2/repository/org/apache/ozone/hdds-container-service/1.3.0-SNAPSHOT/hdds-container-service-1.3.0-SNAPSHOT.jar!/webapps/hddsDatanode}
2022-07-30 01:47:20,937 [Listener at 127.0.0.1/39159] INFO  server.AbstractConnector (AbstractConnector.java:doStart(331)) - Started ServerConnector@367d620d{HTTP/1.1, (http/1.1)}{0.0.0.0:45723}
2022-07-30 01:47:20,937 [Listener at 127.0.0.1/39159] INFO  server.Server (Server.java:doStart(415)) - Started @10316ms
2022-07-30 01:47:20,937 [Listener at 127.0.0.1/39159] WARN  impl.MetricsSystemImpl (MetricsSystemImpl.java:register(279)) - Sink prometheus already exists!
2022-07-30 01:47:20,938 [Listener at 127.0.0.1/39159] INFO  http.BaseHttpServer (BaseHttpServer.java:updateConnectorAddress(329)) - HTTP server of hddsDatanode listening at http://0.0.0.0:45723
2022-07-30 01:47:20,943 [Datanode State Machine Daemon Thread] INFO  statemachine.DatanodeStateMachine (DatanodeStateMachine.java:lambda$startDaemon$0(492)) - Ozone container server started.
2022-07-30 01:47:20,943 [Listener at 127.0.0.1/39159] WARN  impl.MetricRegistriesImpl (MetricRegistriesImpl.java:addReporterRegistration(111)) - New reporters are added after registries were created. Some metrics will be missing from the reporter. Please add reporter before adding any new registry.
2022-07-30 01:47:20,944 [Listener at 127.0.0.1/39159] WARN  impl.MetricRegistriesImpl (MetricRegistriesImpl.java:addReporterRegistration(111)) - New reporters are added after registries were created. Some metrics will be missing from the reporter. Please add reporter before adding any new registry.
2022-07-30 01:47:20,944 [Listener at 127.0.0.1/39159] INFO  impl.MetricsSystemImpl (MetricsSystemImpl.java:init(158)) - HddsDatanode metrics system started (again)
2022-07-30 01:47:20,955 [Listener at 127.0.0.1/39159] INFO  ozone.HddsDatanodeService (HddsDatanodeService.java:start(236)) - HddsDatanodeService host:fv-az297-62.nmf1rxwemy4u5di1sxxf4ejcwb.jx.internal.cloudapp.net ip:10.1.0.37
2022-07-30 01:47:20,957 [org.apache.hadoop.util.JvmPauseMonitor$Monitor@3178883d] INFO  util.JvmPauseMonitor (JvmPauseMonitor.java:run(188)) - Starting JVM pause monitor
2022-07-30 01:47:20,967 [Datanode State Machine Task Thread - 0] INFO  datanode.InitDatanodeState (InitDatanodeState.java:persistContainerDatanodeDetails(138)) - DatanodeDetails is persisted to /home/runner/work/ozone/ozone/hadoop-ozone/integration-test/target/test-dir/MiniOzoneClusterImpl-4bb34576-a2e6-484c-bd4a-6e4bad1f8a8d/datanode-3/meta/datanode.id
2022-07-30 01:47:20,985 [Listener at 127.0.0.1/39159] INFO  upgrade.AbstractLayoutVersionManager (AbstractLayoutVersionManager.java:init(83)) - Initializing Layout version manager with metadata layout = DATANODE_SCHEMA_V3 (version = 4), software layout = DATANODE_SCHEMA_V3 (version = 4)
2022-07-30 01:47:21,032 [Listener at 127.0.0.1/39159] INFO  reflections.Reflections (Reflections.java:scan(232)) - Reflections took 46 ms to scan 7 urls, producing 132 keys and 321 values 
2022-07-30 01:47:21,033 [Listener at 127.0.0.1/39159] INFO  statemachine.DatanodeStateMachine (DatanodeStateMachine.java:getEndPointTaskThreadPoolSize(237)) - Datanode State Machine Task Thread Pool size 2
2022-07-30 01:47:21,040 [Listener at 127.0.0.1/39159] INFO  volume.HddsVolume (HddsVolume.java:<init>(116)) - Creating HddsVolume: /home/runner/work/ozone/ozone/hadoop-ozone/integration-test/target/test-dir/MiniOzoneClusterImpl-4bb34576-a2e6-484c-bd4a-6e4bad1f8a8d/datanode-4/data-0/containers/hdds of storage type : DISK capacity : 9223372036854775807
2022-07-30 01:47:21,040 [Listener at 127.0.0.1/39159] INFO  volume.MutableVolumeSet (MutableVolumeSet.java:initializeVolumeSet(174)) - Added Volume : /home/runner/work/ozone/ozone/hadoop-ozone/integration-test/target/test-dir/MiniOzoneClusterImpl-4bb34576-a2e6-484c-bd4a-6e4bad1f8a8d/datanode-4/data-0/containers/hdds to VolumeSet
2022-07-30 01:47:21,040 [Listener at 127.0.0.1/39159] INFO  volume.ThrottledAsyncChecker (ThrottledAsyncChecker.java:schedule(141)) - Scheduling a check for /home/runner/work/ozone/ozone/hadoop-ozone/integration-test/target/test-dir/MiniOzoneClusterImpl-4bb34576-a2e6-484c-bd4a-6e4bad1f8a8d/datanode-4/data-0/containers/hdds
2022-07-30 01:47:21,046 [Listener at 127.0.0.1/39159] INFO  volume.StorageVolumeChecker (StorageVolumeChecker.java:checkAllVolumes(202)) - Scheduled health check for volume /home/runner/work/ozone/ozone/hadoop-ozone/integration-test/target/test-dir/MiniOzoneClusterImpl-4bb34576-a2e6-484c-bd4a-6e4bad1f8a8d/datanode-4/data-0/containers/hdds
2022-07-30 01:47:21,059 [Listener at 127.0.0.1/39159] INFO  volume.MutableVolumeSet (MutableVolumeSet.java:initializeVolumeSet(174)) - Added Volume : /home/runner/work/ozone/ozone/hadoop-ozone/integration-test/target/test-dir/MiniOzoneClusterImpl-4bb34576-a2e6-484c-bd4a-6e4bad1f8a8d/datanode-4/data/ratis to VolumeSet
2022-07-30 01:47:21,059 [Listener at 127.0.0.1/39159] INFO  volume.ThrottledAsyncChecker (ThrottledAsyncChecker.java:schedule(141)) - Scheduling a check for /home/runner/work/ozone/ozone/hadoop-ozone/integration-test/target/test-dir/MiniOzoneClusterImpl-4bb34576-a2e6-484c-bd4a-6e4bad1f8a8d/datanode-4/data/ratis
2022-07-30 01:47:21,060 [Listener at 127.0.0.1/39159] INFO  volume.StorageVolumeChecker (StorageVolumeChecker.java:checkAllVolumes(202)) - Scheduled health check for volume /home/runner/work/ozone/ozone/hadoop-ozone/integration-test/target/test-dir/MiniOzoneClusterImpl-4bb34576-a2e6-484c-bd4a-6e4bad1f8a8d/datanode-4/data/ratis
2022-07-30 01:47:21,073 [Thread-190] INFO  ozoneimpl.ContainerReader (ContainerReader.java:readVolume(175)) - Finish verifying containers on volume /home/runner/work/ozone/ozone/hadoop-ozone/integration-test/target/test-dir/MiniOzoneClusterImpl-4bb34576-a2e6-484c-bd4a-6e4bad1f8a8d/datanode-4/data-0/containers/hdds
2022-07-30 01:47:21,073 [Listener at 127.0.0.1/39159] INFO  ozoneimpl.OzoneContainer (OzoneContainer.java:buildContainerSet(299)) - Build ContainerSet costs 0s
2022-07-30 01:47:21,076 [Listener at 127.0.0.1/39159] INFO  server.RaftServer (ConfUtils.java:logGet(46)) - raft.rpc.type = GRPC (default)
2022-07-30 01:47:21,076 [Listener at 127.0.0.1/39159] INFO  grpc.GrpcFactory (GrpcFactory.java:checkPooledByteBufAllocatorUseCacheForAllThreads(48)) - PERFORMANCE WARNING: useCacheForAllThreads is true that may cause Netty to create a lot garbage objects and, as a result, trigger GC.
	It is recommended to disable useCacheForAllThreads by setting -Dorg.apache.ratis.thirdparty.io.netty.allocator.useCacheForAllThreads=false in command line.
2022-07-30 01:47:21,077 [Listener at 127.0.0.1/39159] INFO  grpc.GrpcConfigKeys (ConfUtils.java:logGet(46)) - raft.grpc.admin.port = 0 (custom)
2022-07-30 01:47:21,077 [Listener at 127.0.0.1/39159] INFO  grpc.GrpcConfigKeys (ConfUtils.java:logGet(46)) - raft.grpc.client.port = 0 (custom)
2022-07-30 01:47:21,077 [Listener at 127.0.0.1/39159] INFO  grpc.GrpcConfigKeys (ConfUtils.java:logGet(46)) - raft.grpc.server.port = 0 (default)
2022-07-30 01:47:21,077 [Listener at 127.0.0.1/39159] INFO  server.GrpcService (ConfUtils.java:logGet(46)) - raft.grpc.message.size.max = 32MB (=33554432) (custom)
2022-07-30 01:47:21,077 [Listener at 127.0.0.1/39159] INFO  server.RaftServerConfigKeys (ConfUtils.java:logGet(46)) - raft.server.log.appender.buffer.byte-limit = 33554432 (custom)
2022-07-30 01:47:21,077 [Listener at 127.0.0.1/39159] INFO  server.GrpcService (ConfUtils.java:logGet(46)) - raft.grpc.flow.control.window = 5MB (=5242880) (custom)
2022-07-30 01:47:21,077 [Listener at 127.0.0.1/39159] INFO  server.RaftServerConfigKeys (ConfUtils.java:logGet(46)) - raft.server.rpc.request.timeout = 60s (custom)
2022-07-30 01:47:21,078 [Listener at 127.0.0.1/39159] INFO  grpc.GrpcConfigKeys (ConfUtils.java:logGet(46)) - raft.grpc.server.async.request.thread.pool.cached = true (default)
2022-07-30 01:47:21,078 [Listener at 127.0.0.1/39159] INFO  grpc.GrpcConfigKeys (ConfUtils.java:logGet(46)) - raft.grpc.server.async.request.thread.pool.size = 32 (default)
2022-07-30 01:47:21,079 [Listener at 127.0.0.1/39159] INFO  impl.DataStreamServerImpl (ConfUtils.java:logGet(46)) - raft.datastream.type = DISABLED (default)
2022-07-30 01:47:21,079 [Listener at 127.0.0.1/39159] INFO  server.RaftServerConfigKeys (ConfUtils.java:logGet(46)) - raft.server.threadpool.proxy.cached = true (default)
2022-07-30 01:47:21,079 [Listener at 127.0.0.1/39159] INFO  server.RaftServerConfigKeys (ConfUtils.java:logGet(46)) - raft.server.threadpool.proxy.size = 0 (default)
2022-07-30 01:47:21,080 [Listener at 127.0.0.1/39159] INFO  server.RaftServerConfigKeys (ConfUtils.java:logGet(46)) - raft.server.rpc.slowness.timeout = 300s (custom)
2022-07-30 01:47:21,080 [Listener at 127.0.0.1/39159] INFO  server.RaftServerConfigKeys (ConfUtils.java:logGet(46)) - raft.server.leaderelection.leader.step-down.wait-time = 10s (default)
2022-07-30 01:47:21,080 [Listener at 127.0.0.1/39159] INFO  server.RaftServerConfigKeys (ConfUtils.java:logGet(46)) - raft.server.storage.dir = [/home/runner/work/ozone/ozone/hadoop-ozone/integration-test/target/test-dir/MiniOzoneClusterImpl-4bb34576-a2e6-484c-bd4a-6e4bad1f8a8d/datanode-4/data/ratis] (custom)
2022-07-30 01:47:21,082 [Listener at 127.0.0.1/39159] INFO  server.XceiverServerGrpc (XceiverServerGrpc.java:<init>(132)) - GrpcServer channel type EpollServerSocketChannel
2022-07-30 01:47:21,086 [Listener at 127.0.0.1/39159] INFO  http.BaseHttpServer (BaseHttpServer.java:newHttpServer2BuilderForOzone(209)) - Starting Web-server for hddsDatanode at: http://0.0.0.0:0
2022-07-30 01:47:21,087 [Listener at 127.0.0.1/39159] INFO  http.BaseHttpServer (BaseHttpServer.java:<init>(107)) - Hadoop Security Enabled: false Ozone Security Enabled: false Ozone HTTP Security Enabled: false 
2022-07-30 01:47:21,088 [Listener at 127.0.0.1/39159] INFO  server.AuthenticationFilter (AuthenticationFilter.java:constructSecretProvider(240)) - Unable to initialize FileSignerSecretProvider, falling back to use random secrets.
2022-07-30 01:47:21,091 [Listener at 127.0.0.1/39159] WARN  http.HttpRequestLog (HttpRequestLog.java:getRequestLog(103)) - Jetty request log can only be enabled using Log4j
2022-07-30 01:47:21,093 [Listener at 127.0.0.1/39159] INFO  http.HttpServer2 (HttpServer2.java:addGlobalFilter(1029)) - Added global filter 'safety' (class=org.apache.hadoop.hdds.server.http.HttpServer2$QuotingInputFilter)
2022-07-30 01:47:21,094 [Listener at 127.0.0.1/39159] INFO  http.HttpServer2 (HttpServer2.java:addFilter(1005)) - Added filter static_user_filter (class=org.apache.hadoop.http.lib.StaticUserWebFilter$StaticUserFilter) to context hddsDatanode
2022-07-30 01:47:21,094 [Listener at 127.0.0.1/39159] INFO  http.HttpServer2 (HttpServer2.java:addFilter(1013)) - Added filter static_user_filter (class=org.apache.hadoop.http.lib.StaticUserWebFilter$StaticUserFilter) to context logs
2022-07-30 01:47:21,094 [Listener at 127.0.0.1/39159] INFO  http.HttpServer2 (HttpServer2.java:addFilter(1013)) - Added filter static_user_filter (class=org.apache.hadoop.http.lib.StaticUserWebFilter$StaticUserFilter) to context static
2022-07-30 01:47:21,095 [Listener at 127.0.0.1/39159] INFO  http.HttpServer2 (HttpServer2.java:bindListener(1248)) - Jetty bound to port 38457
2022-07-30 01:47:21,095 [Listener at 127.0.0.1/39159] INFO  server.Server (Server.java:doStart(375)) - jetty-9.4.43.v20210629; built: 2021-06-30T11:07:22.254Z; git: 526006ecfa3af7f1a27ef3a288e2bef7ea9dd7e8; jvm 1.8.0_332-b09
2022-07-30 01:47:21,097 [Listener at 127.0.0.1/39159] INFO  server.session (DefaultSessionIdManager.java:doStart(334)) - DefaultSessionIdManager workerName=node0
2022-07-30 01:47:21,097 [Listener at 127.0.0.1/39159] INFO  server.session (DefaultSessionIdManager.java:doStart(339)) - No SessionScavenger set, using defaults
2022-07-30 01:47:21,097 [Listener at 127.0.0.1/39159] INFO  server.session (HouseKeeper.java:startScavenging(132)) - node0 Scavenging every 600000ms
2022-07-30 01:47:21,098 [Listener at 127.0.0.1/39159] INFO  handler.ContextHandler (ContextHandler.java:doStart(915)) - Started o.e.j.s.ServletContextHandler@5b1e62a9{logs,/logs,file:///home/runner/work/ozone/ozone/hadoop-ozone/integration-test/target/log,AVAILABLE}
2022-07-30 01:47:21,098 [Listener at 127.0.0.1/39159] INFO  handler.ContextHandler (ContextHandler.java:doStart(915)) - Started o.e.j.s.ServletContextHandler@1e2c25d4{static,/static,jar:file:/home/runner/.m2/repository/org/apache/ozone/hdds-container-service/1.3.0-SNAPSHOT/hdds-container-service-1.3.0-SNAPSHOT.jar!/webapps/static,AVAILABLE}
2022-07-30 01:47:21,286 [Listener at 127.0.0.1/39159] INFO  handler.ContextHandler (ContextHandler.java:doStart(915)) - Started o.e.j.w.WebAppContext@2d8581af{hddsDatanode,/,file:///tmp/jetty-0_0_0_0-38457-hdds-container-service-1_3_0-SNAPSHOT_jar-_-any-6898388569030860393/webapp/,AVAILABLE}{jar:file:/home/runner/.m2/repository/org/apache/ozone/hdds-container-service/1.3.0-SNAPSHOT/hdds-container-service-1.3.0-SNAPSHOT.jar!/webapps/hddsDatanode}
2022-07-30 01:47:21,288 [Listener at 127.0.0.1/39159] INFO  server.AbstractConnector (AbstractConnector.java:doStart(331)) - Started ServerConnector@19e1a98{HTTP/1.1, (http/1.1)}{0.0.0.0:38457}
2022-07-30 01:47:21,288 [Listener at 127.0.0.1/39159] INFO  server.Server (Server.java:doStart(415)) - Started @10666ms
2022-07-30 01:47:21,288 [Listener at 127.0.0.1/39159] WARN  impl.MetricsSystemImpl (MetricsSystemImpl.java:register(279)) - Sink prometheus already exists!
2022-07-30 01:47:21,289 [Listener at 127.0.0.1/39159] INFO  http.BaseHttpServer (BaseHttpServer.java:updateConnectorAddress(329)) - HTTP server of hddsDatanode listening at http://0.0.0.0:38457
2022-07-30 01:47:21,290 [Datanode State Machine Daemon Thread] INFO  statemachine.DatanodeStateMachine (DatanodeStateMachine.java:lambda$startDaemon$0(492)) - Ozone container server started.
2022-07-30 01:47:21,296 [Listener at 127.0.0.1/39159] INFO  ozone.MiniOzoneClusterImpl (MiniOzoneClusterImpl.java:lambda$waitForClusterToBeReady$0(216)) - Waiting for nodes to be ready. Got 0 of 5 DN Heartbeats.
2022-07-30 01:47:21,296 [Listener at 127.0.0.1/39159] INFO  ozone.MiniOzoneClusterImpl (MiniOzoneClusterImpl.java:lambda$waitForClusterToBeReady$0(219)) - Waiting for cluster to exit safe mode
2022-07-30 01:47:21,297 [Listener at 127.0.0.1/39159] INFO  ozone.MiniOzoneClusterImpl (MiniOzoneClusterImpl.java:lambda$waitForClusterToBeReady$0(221)) - SCM became leader
2022-07-30 01:47:21,300 [org.apache.hadoop.util.JvmPauseMonitor$Monitor@4e20cc20] INFO  util.JvmPauseMonitor (JvmPauseMonitor.java:run(188)) - Starting JVM pause monitor
2022-07-30 01:47:21,302 [Datanode State Machine Task Thread - 0] INFO  datanode.InitDatanodeState (InitDatanodeState.java:persistContainerDatanodeDetails(138)) - DatanodeDetails is persisted to /home/runner/work/ozone/ozone/hadoop-ozone/integration-test/target/test-dir/MiniOzoneClusterImpl-4bb34576-a2e6-484c-bd4a-6e4bad1f8a8d/datanode-4/meta/datanode.id
2022-07-30 01:47:21,815 [EndpointStateMachine task thread for /0.0.0.0:33517 - 0 ] INFO  volume.HddsVolume (HddsVolume.java:createDbStore(309)) - SchemaV3 db is created and loaded at /home/runner/work/ozone/ozone/hadoop-ozone/integration-test/target/test-dir/MiniOzoneClusterImpl-4bb34576-a2e6-484c-bd4a-6e4bad1f8a8d/datanode-0/data-0/containers/hdds/4bb34576-a2e6-484c-bd4a-6e4bad1f8a8d/DS-61ecb311-8413-409c-89ad-9f618addce3a/container.db for volume DS-61ecb311-8413-409c-89ad-9f618addce3a
2022-07-30 01:47:21,818 [EndpointStateMachine task thread for /0.0.0.0:33517 - 0 ] INFO  volume.HddsVolume (HddsVolume.java:closeDbStore(340)) - SchemaV3 db is stopped at /home/runner/work/ozone/ozone/hadoop-ozone/integration-test/target/test-dir/MiniOzoneClusterImpl-4bb34576-a2e6-484c-bd4a-6e4bad1f8a8d/datanode-0/data-0/containers/hdds/4bb34576-a2e6-484c-bd4a-6e4bad1f8a8d/DS-61ecb311-8413-409c-89ad-9f618addce3a/container.db for volume DS-61ecb311-8413-409c-89ad-9f618addce3a
2022-07-30 01:47:21,818 [EndpointStateMachine task thread for /0.0.0.0:33517 - 0 ] INFO  ozoneimpl.OzoneContainer (OzoneContainer.java:start(377)) - Attempting to start container services.
2022-07-30 01:47:21,823 [EndpointStateMachine task thread for /0.0.0.0:33517 - 0 ] INFO  ozoneimpl.OzoneContainer (OzoneContainer.java:startContainerScrub(312)) - Background container scanner has been disabled.
2022-07-30 01:47:21,825 [EndpointStateMachine task thread for /0.0.0.0:33517 - 0 ] INFO  replication.ReplicationServer (ReplicationServer.java:start(111)) - ReplicationServer is started using port 34491
2022-07-30 01:47:21,828 [EndpointStateMachine task thread for /0.0.0.0:33517 - 0 ] INFO  ratis.XceiverServerRatis (XceiverServerRatis.java:start(481)) - Starting XceiverServerRatis 6021f7c2-427d-4cd8-a216-b0a112acbfad
2022-07-30 01:47:21,828 [EndpointStateMachine task thread for /0.0.0.0:33517 - 0 ] INFO  server.RaftServer (RaftServerProxy.java:lambda$start$6(382)) - 6021f7c2-427d-4cd8-a216-b0a112acbfad: start RPC server
2022-07-30 01:47:21,830 [EndpointStateMachine task thread for /0.0.0.0:33517 - 0 ] INFO  server.GrpcService (GrpcService.java:startImpl(260)) - 6021f7c2-427d-4cd8-a216-b0a112acbfad: GrpcService started, listening on 41905
2022-07-30 01:47:21,830 [EndpointStateMachine task thread for /0.0.0.0:33517 - 0 ] INFO  ratis.XceiverServerRatis (XceiverServerRatis.java:getRealPort(502)) - XceiverServerRatis 6021f7c2-427d-4cd8-a216-b0a112acbfad is started using port 41905 for RATIS
2022-07-30 01:47:21,830 [org.apache.ratis.util.JvmPauseMonitor$$Lambda$615/1033062816@4a23eecc] INFO  util.JvmPauseMonitor (JvmPauseMonitor.java:run(103)) - JvmPauseMonitor-6021f7c2-427d-4cd8-a216-b0a112acbfad: Started
2022-07-30 01:47:21,831 [EndpointStateMachine task thread for /0.0.0.0:33517 - 0 ] INFO  ratis.XceiverServerRatis (XceiverServerRatis.java:getRealPort(502)) - XceiverServerRatis 6021f7c2-427d-4cd8-a216-b0a112acbfad is started using port 41905 for RATIS_ADMIN
2022-07-30 01:47:21,831 [EndpointStateMachine task thread for /0.0.0.0:33517 - 0 ] INFO  ratis.XceiverServerRatis (XceiverServerRatis.java:getRealPort(502)) - XceiverServerRatis 6021f7c2-427d-4cd8-a216-b0a112acbfad is started using port 41905 for RATIS_SERVER
2022-07-30 01:47:21,833 [EndpointStateMachine task thread for /0.0.0.0:33517 - 0 ] INFO  server.XceiverServerGrpc (XceiverServerGrpc.java:start(180)) - XceiverServerGrpc 6021f7c2-427d-4cd8-a216-b0a112acbfad is started using port 36869
2022-07-30 01:47:22,300 [Listener at 127.0.0.1/39159] INFO  ozone.MiniOzoneClusterImpl (MiniOzoneClusterImpl.java:lambda$waitForClusterToBeReady$0(216)) - Waiting for nodes to be ready. Got 0 of 5 DN Heartbeats.
2022-07-30 01:47:22,300 [Listener at 127.0.0.1/39159] INFO  ozone.MiniOzoneClusterImpl (MiniOzoneClusterImpl.java:lambda$waitForClusterToBeReady$0(219)) - Waiting for cluster to exit safe mode
2022-07-30 01:47:22,300 [Listener at 127.0.0.1/39159] INFO  ozone.MiniOzoneClusterImpl (MiniOzoneClusterImpl.java:lambda$waitForClusterToBeReady$0(221)) - SCM became leader
2022-07-30 01:47:22,325 [EndpointStateMachine task thread for /0.0.0.0:33517 - 0 ] INFO  volume.HddsVolume (HddsVolume.java:createDbStore(309)) - SchemaV3 db is created and loaded at /home/runner/work/ozone/ozone/hadoop-ozone/integration-test/target/test-dir/MiniOzoneClusterImpl-4bb34576-a2e6-484c-bd4a-6e4bad1f8a8d/datanode-1/data-0/containers/hdds/4bb34576-a2e6-484c-bd4a-6e4bad1f8a8d/DS-db5c3afe-8f2e-42ec-9d2d-848018943936/container.db for volume DS-db5c3afe-8f2e-42ec-9d2d-848018943936
2022-07-30 01:47:22,325 [EndpointStateMachine task thread for /0.0.0.0:33517 - 0 ] INFO  volume.HddsVolume (HddsVolume.java:closeDbStore(340)) - SchemaV3 db is stopped at /home/runner/work/ozone/ozone/hadoop-ozone/integration-test/target/test-dir/MiniOzoneClusterImpl-4bb34576-a2e6-484c-bd4a-6e4bad1f8a8d/datanode-1/data-0/containers/hdds/4bb34576-a2e6-484c-bd4a-6e4bad1f8a8d/DS-db5c3afe-8f2e-42ec-9d2d-848018943936/container.db for volume DS-db5c3afe-8f2e-42ec-9d2d-848018943936
2022-07-30 01:47:22,325 [EndpointStateMachine task thread for /0.0.0.0:33517 - 0 ] INFO  ozoneimpl.OzoneContainer (OzoneContainer.java:start(377)) - Attempting to start container services.
2022-07-30 01:47:22,325 [EndpointStateMachine task thread for /0.0.0.0:33517 - 0 ] INFO  ozoneimpl.OzoneContainer (OzoneContainer.java:startContainerScrub(312)) - Background container scanner has been disabled.
2022-07-30 01:47:22,327 [EndpointStateMachine task thread for /0.0.0.0:33517 - 0 ] INFO  replication.ReplicationServer (ReplicationServer.java:start(111)) - ReplicationServer is started using port 37379
2022-07-30 01:47:22,328 [EndpointStateMachine task thread for /0.0.0.0:33517 - 0 ] INFO  ratis.XceiverServerRatis (XceiverServerRatis.java:start(481)) - Starting XceiverServerRatis 2f82598e-6ad5-4b85-a1e1-fdafd308d280
2022-07-30 01:47:22,329 [EndpointStateMachine task thread for /0.0.0.0:33517 - 0 ] INFO  server.RaftServer (RaftServerProxy.java:lambda$start$6(382)) - 2f82598e-6ad5-4b85-a1e1-fdafd308d280: start RPC server
2022-07-30 01:47:22,330 [EndpointStateMachine task thread for /0.0.0.0:33517 - 0 ] INFO  server.GrpcService (GrpcService.java:startImpl(260)) - 2f82598e-6ad5-4b85-a1e1-fdafd308d280: GrpcService started, listening on 45671
2022-07-30 01:47:22,330 [EndpointStateMachine task thread for /0.0.0.0:33517 - 0 ] INFO  ratis.XceiverServerRatis (XceiverServerRatis.java:getRealPort(502)) - XceiverServerRatis 2f82598e-6ad5-4b85-a1e1-fdafd308d280 is started using port 45671 for RATIS
2022-07-30 01:47:22,330 [org.apache.ratis.util.JvmPauseMonitor$$Lambda$615/1033062816@7c57728c] INFO  util.JvmPauseMonitor (JvmPauseMonitor.java:run(103)) - JvmPauseMonitor-2f82598e-6ad5-4b85-a1e1-fdafd308d280: Started
2022-07-30 01:47:22,330 [EndpointStateMachine task thread for /0.0.0.0:33517 - 0 ] INFO  ratis.XceiverServerRatis (XceiverServerRatis.java:getRealPort(502)) - XceiverServerRatis 2f82598e-6ad5-4b85-a1e1-fdafd308d280 is started using port 45671 for RATIS_ADMIN
2022-07-30 01:47:22,330 [EndpointStateMachine task thread for /0.0.0.0:33517 - 0 ] INFO  ratis.XceiverServerRatis (XceiverServerRatis.java:getRealPort(502)) - XceiverServerRatis 2f82598e-6ad5-4b85-a1e1-fdafd308d280 is started using port 45671 for RATIS_SERVER
2022-07-30 01:47:22,333 [EndpointStateMachine task thread for /0.0.0.0:33517 - 0 ] INFO  server.XceiverServerGrpc (XceiverServerGrpc.java:start(180)) - XceiverServerGrpc 2f82598e-6ad5-4b85-a1e1-fdafd308d280 is started using port 40131
2022-07-30 01:47:22,669 [EndpointStateMachine task thread for /0.0.0.0:33517 - 0 ] INFO  volume.HddsVolume (HddsVolume.java:createDbStore(309)) - SchemaV3 db is created and loaded at /home/runner/work/ozone/ozone/hadoop-ozone/integration-test/target/test-dir/MiniOzoneClusterImpl-4bb34576-a2e6-484c-bd4a-6e4bad1f8a8d/datanode-2/data-0/containers/hdds/4bb34576-a2e6-484c-bd4a-6e4bad1f8a8d/DS-97e5ab23-ba6a-43f9-88d9-25b98ef16b28/container.db for volume DS-97e5ab23-ba6a-43f9-88d9-25b98ef16b28
2022-07-30 01:47:22,670 [EndpointStateMachine task thread for /0.0.0.0:33517 - 0 ] INFO  volume.HddsVolume (HddsVolume.java:closeDbStore(340)) - SchemaV3 db is stopped at /home/runner/work/ozone/ozone/hadoop-ozone/integration-test/target/test-dir/MiniOzoneClusterImpl-4bb34576-a2e6-484c-bd4a-6e4bad1f8a8d/datanode-2/data-0/containers/hdds/4bb34576-a2e6-484c-bd4a-6e4bad1f8a8d/DS-97e5ab23-ba6a-43f9-88d9-25b98ef16b28/container.db for volume DS-97e5ab23-ba6a-43f9-88d9-25b98ef16b28
2022-07-30 01:47:22,670 [EndpointStateMachine task thread for /0.0.0.0:33517 - 0 ] INFO  ozoneimpl.OzoneContainer (OzoneContainer.java:start(377)) - Attempting to start container services.
2022-07-30 01:47:22,670 [EndpointStateMachine task thread for /0.0.0.0:33517 - 0 ] INFO  ozoneimpl.OzoneContainer (OzoneContainer.java:startContainerScrub(312)) - Background container scanner has been disabled.
2022-07-30 01:47:22,673 [EndpointStateMachine task thread for /0.0.0.0:33517 - 0 ] INFO  replication.ReplicationServer (ReplicationServer.java:start(111)) - ReplicationServer is started using port 34701
2022-07-30 01:47:22,673 [EndpointStateMachine task thread for /0.0.0.0:33517 - 0 ] INFO  ratis.XceiverServerRatis (XceiverServerRatis.java:start(481)) - Starting XceiverServerRatis 3b7c218c-5ec1-49c6-951e-2891968f85c7
2022-07-30 01:47:22,675 [EndpointStateMachine task thread for /0.0.0.0:33517 - 0 ] INFO  server.RaftServer (RaftServerProxy.java:lambda$start$6(382)) - 3b7c218c-5ec1-49c6-951e-2891968f85c7: start RPC server
2022-07-30 01:47:22,678 [EndpointStateMachine task thread for /0.0.0.0:33517 - 0 ] INFO  server.GrpcService (GrpcService.java:startImpl(260)) - 3b7c218c-5ec1-49c6-951e-2891968f85c7: GrpcService started, listening on 34587
2022-07-30 01:47:22,679 [EndpointStateMachine task thread for /0.0.0.0:33517 - 0 ] INFO  ratis.XceiverServerRatis (XceiverServerRatis.java:getRealPort(502)) - XceiverServerRatis 3b7c218c-5ec1-49c6-951e-2891968f85c7 is started using port 34587 for RATIS
2022-07-30 01:47:22,679 [org.apache.ratis.util.JvmPauseMonitor$$Lambda$615/1033062816@2e212b1d] INFO  util.JvmPauseMonitor (JvmPauseMonitor.java:run(103)) - JvmPauseMonitor-3b7c218c-5ec1-49c6-951e-2891968f85c7: Started
2022-07-30 01:47:22,679 [EndpointStateMachine task thread for /0.0.0.0:33517 - 0 ] INFO  ratis.XceiverServerRatis (XceiverServerRatis.java:getRealPort(502)) - XceiverServerRatis 3b7c218c-5ec1-49c6-951e-2891968f85c7 is started using port 34587 for RATIS_ADMIN
2022-07-30 01:47:22,680 [EndpointStateMachine task thread for /0.0.0.0:33517 - 0 ] INFO  ratis.XceiverServerRatis (XceiverServerRatis.java:getRealPort(502)) - XceiverServerRatis 3b7c218c-5ec1-49c6-951e-2891968f85c7 is started using port 34587 for RATIS_SERVER
2022-07-30 01:47:22,683 [EndpointStateMachine task thread for /0.0.0.0:33517 - 0 ] INFO  server.XceiverServerGrpc (XceiverServerGrpc.java:start(180)) - XceiverServerGrpc 3b7c218c-5ec1-49c6-951e-2891968f85c7 is started using port 39201
2022-07-30 01:47:22,993 [EndpointStateMachine task thread for /0.0.0.0:33517 - 0 ] INFO  volume.HddsVolume (HddsVolume.java:createDbStore(309)) - SchemaV3 db is created and loaded at /home/runner/work/ozone/ozone/hadoop-ozone/integration-test/target/test-dir/MiniOzoneClusterImpl-4bb34576-a2e6-484c-bd4a-6e4bad1f8a8d/datanode-3/data-0/containers/hdds/4bb34576-a2e6-484c-bd4a-6e4bad1f8a8d/DS-aed480d0-c78e-43e4-aeb7-c03e55e8934e/container.db for volume DS-aed480d0-c78e-43e4-aeb7-c03e55e8934e
2022-07-30 01:47:22,994 [EndpointStateMachine task thread for /0.0.0.0:33517 - 0 ] INFO  volume.HddsVolume (HddsVolume.java:closeDbStore(340)) - SchemaV3 db is stopped at /home/runner/work/ozone/ozone/hadoop-ozone/integration-test/target/test-dir/MiniOzoneClusterImpl-4bb34576-a2e6-484c-bd4a-6e4bad1f8a8d/datanode-3/data-0/containers/hdds/4bb34576-a2e6-484c-bd4a-6e4bad1f8a8d/DS-aed480d0-c78e-43e4-aeb7-c03e55e8934e/container.db for volume DS-aed480d0-c78e-43e4-aeb7-c03e55e8934e
2022-07-30 01:47:22,994 [EndpointStateMachine task thread for /0.0.0.0:33517 - 0 ] INFO  ozoneimpl.OzoneContainer (OzoneContainer.java:start(377)) - Attempting to start container services.
2022-07-30 01:47:22,994 [EndpointStateMachine task thread for /0.0.0.0:33517 - 0 ] INFO  ozoneimpl.OzoneContainer (OzoneContainer.java:startContainerScrub(312)) - Background container scanner has been disabled.
2022-07-30 01:47:23,000 [EndpointStateMachine task thread for /0.0.0.0:33517 - 0 ] INFO  replication.ReplicationServer (ReplicationServer.java:start(111)) - ReplicationServer is started using port 46353
2022-07-30 01:47:23,001 [EndpointStateMachine task thread for /0.0.0.0:33517 - 0 ] INFO  ratis.XceiverServerRatis (XceiverServerRatis.java:start(481)) - Starting XceiverServerRatis 80984b04-daae-4601-a6da-1d0fb91944be
2022-07-30 01:47:23,002 [EndpointStateMachine task thread for /0.0.0.0:33517 - 0 ] INFO  server.RaftServer (RaftServerProxy.java:lambda$start$6(382)) - 80984b04-daae-4601-a6da-1d0fb91944be: start RPC server
2022-07-30 01:47:23,004 [EndpointStateMachine task thread for /0.0.0.0:33517 - 0 ] INFO  server.GrpcService (GrpcService.java:startImpl(260)) - 80984b04-daae-4601-a6da-1d0fb91944be: GrpcService started, listening on 36247
2022-07-30 01:47:23,004 [EndpointStateMachine task thread for /0.0.0.0:33517 - 0 ] INFO  ratis.XceiverServerRatis (XceiverServerRatis.java:getRealPort(502)) - XceiverServerRatis 80984b04-daae-4601-a6da-1d0fb91944be is started using port 36247 for RATIS
2022-07-30 01:47:23,004 [org.apache.ratis.util.JvmPauseMonitor$$Lambda$615/1033062816@211d3177] INFO  util.JvmPauseMonitor (JvmPauseMonitor.java:run(103)) - JvmPauseMonitor-80984b04-daae-4601-a6da-1d0fb91944be: Started
2022-07-30 01:47:23,004 [EndpointStateMachine task thread for /0.0.0.0:33517 - 0 ] INFO  ratis.XceiverServerRatis (XceiverServerRatis.java:getRealPort(502)) - XceiverServerRatis 80984b04-daae-4601-a6da-1d0fb91944be is started using port 36247 for RATIS_ADMIN
2022-07-30 01:47:23,004 [EndpointStateMachine task thread for /0.0.0.0:33517 - 0 ] INFO  ratis.XceiverServerRatis (XceiverServerRatis.java:getRealPort(502)) - XceiverServerRatis 80984b04-daae-4601-a6da-1d0fb91944be is started using port 36247 for RATIS_SERVER
2022-07-30 01:47:23,008 [EndpointStateMachine task thread for /0.0.0.0:33517 - 0 ] INFO  server.XceiverServerGrpc (XceiverServerGrpc.java:start(180)) - XceiverServerGrpc 80984b04-daae-4601-a6da-1d0fb91944be is started using port 37031
2022-07-30 01:47:23,303 [Listener at 127.0.0.1/39159] INFO  ozone.MiniOzoneClusterImpl (MiniOzoneClusterImpl.java:lambda$waitForClusterToBeReady$0(216)) - Waiting for nodes to be ready. Got 0 of 5 DN Heartbeats.
2022-07-30 01:47:23,303 [Listener at 127.0.0.1/39159] INFO  ozone.MiniOzoneClusterImpl (MiniOzoneClusterImpl.java:lambda$waitForClusterToBeReady$0(219)) - Waiting for cluster to exit safe mode
2022-07-30 01:47:23,303 [Listener at 127.0.0.1/39159] INFO  ozone.MiniOzoneClusterImpl (MiniOzoneClusterImpl.java:lambda$waitForClusterToBeReady$0(221)) - SCM became leader
2022-07-30 01:47:23,340 [EndpointStateMachine task thread for /0.0.0.0:33517 - 0 ] INFO  volume.HddsVolume (HddsVolume.java:createDbStore(309)) - SchemaV3 db is created and loaded at /home/runner/work/ozone/ozone/hadoop-ozone/integration-test/target/test-dir/MiniOzoneClusterImpl-4bb34576-a2e6-484c-bd4a-6e4bad1f8a8d/datanode-4/data-0/containers/hdds/4bb34576-a2e6-484c-bd4a-6e4bad1f8a8d/DS-9975cc3d-6932-44f6-95ff-eb15e9c796be/container.db for volume DS-9975cc3d-6932-44f6-95ff-eb15e9c796be
2022-07-30 01:47:23,341 [EndpointStateMachine task thread for /0.0.0.0:33517 - 0 ] INFO  volume.HddsVolume (HddsVolume.java:closeDbStore(340)) - SchemaV3 db is stopped at /home/runner/work/ozone/ozone/hadoop-ozone/integration-test/target/test-dir/MiniOzoneClusterImpl-4bb34576-a2e6-484c-bd4a-6e4bad1f8a8d/datanode-4/data-0/containers/hdds/4bb34576-a2e6-484c-bd4a-6e4bad1f8a8d/DS-9975cc3d-6932-44f6-95ff-eb15e9c796be/container.db for volume DS-9975cc3d-6932-44f6-95ff-eb15e9c796be
2022-07-30 01:47:23,341 [EndpointStateMachine task thread for /0.0.0.0:33517 - 0 ] INFO  ozoneimpl.OzoneContainer (OzoneContainer.java:start(377)) - Attempting to start container services.
2022-07-30 01:47:23,341 [EndpointStateMachine task thread for /0.0.0.0:33517 - 0 ] INFO  ozoneimpl.OzoneContainer (OzoneContainer.java:startContainerScrub(312)) - Background container scanner has been disabled.
2022-07-30 01:47:23,344 [EndpointStateMachine task thread for /0.0.0.0:33517 - 0 ] INFO  replication.ReplicationServer (ReplicationServer.java:start(111)) - ReplicationServer is started using port 40525
2022-07-30 01:47:23,344 [EndpointStateMachine task thread for /0.0.0.0:33517 - 0 ] INFO  ratis.XceiverServerRatis (XceiverServerRatis.java:start(481)) - Starting XceiverServerRatis 0f487d5e-71b7-4e1e-9748-4ae099f19241
2022-07-30 01:47:23,345 [EndpointStateMachine task thread for /0.0.0.0:33517 - 0 ] INFO  server.RaftServer (RaftServerProxy.java:lambda$start$6(382)) - 0f487d5e-71b7-4e1e-9748-4ae099f19241: start RPC server
2022-07-30 01:47:23,349 [EndpointStateMachine task thread for /0.0.0.0:33517 - 0 ] INFO  server.GrpcService (GrpcService.java:startImpl(260)) - 0f487d5e-71b7-4e1e-9748-4ae099f19241: GrpcService started, listening on 42109
2022-07-30 01:47:23,350 [EndpointStateMachine task thread for /0.0.0.0:33517 - 0 ] INFO  ratis.XceiverServerRatis (XceiverServerRatis.java:getRealPort(502)) - XceiverServerRatis 0f487d5e-71b7-4e1e-9748-4ae099f19241 is started using port 42109 for RATIS
2022-07-30 01:47:23,350 [org.apache.ratis.util.JvmPauseMonitor$$Lambda$615/1033062816@c097d0d] INFO  util.JvmPauseMonitor (JvmPauseMonitor.java:run(103)) - JvmPauseMonitor-0f487d5e-71b7-4e1e-9748-4ae099f19241: Started
2022-07-30 01:47:23,350 [EndpointStateMachine task thread for /0.0.0.0:33517 - 0 ] INFO  ratis.XceiverServerRatis (XceiverServerRatis.java:getRealPort(502)) - XceiverServerRatis 0f487d5e-71b7-4e1e-9748-4ae099f19241 is started using port 42109 for RATIS_ADMIN
2022-07-30 01:47:23,350 [EndpointStateMachine task thread for /0.0.0.0:33517 - 0 ] INFO  ratis.XceiverServerRatis (XceiverServerRatis.java:getRealPort(502)) - XceiverServerRatis 0f487d5e-71b7-4e1e-9748-4ae099f19241 is started using port 42109 for RATIS_SERVER
2022-07-30 01:47:23,353 [EndpointStateMachine task thread for /0.0.0.0:33517 - 0 ] INFO  server.XceiverServerGrpc (XceiverServerGrpc.java:start(180)) - XceiverServerGrpc 0f487d5e-71b7-4e1e-9748-4ae099f19241 is started using port 33799
2022-07-30 01:47:23,743 [IPC Server handler 3 on default port 33517] INFO  net.NetworkTopologyImpl (NetworkTopologyImpl.java:add(112)) - Added a new node: /default-rack/6021f7c2-427d-4cd8-a216-b0a112acbfad
2022-07-30 01:47:23,747 [IPC Server handler 3 on default port 33517] INFO  node.SCMNodeManager (SCMNodeManager.java:register(397)) - Registered Data node : 6021f7c2-427d-4cd8-a216-b0a112acbfad{ip: 10.1.0.37, host: fv-az297-62.nmf1rxwemy4u5di1sxxf4ejcwb.jx.internal.cloudapp.net, ports: [REPLICATION=34491, RATIS=41905, RATIS_ADMIN=41905, RATIS_SERVER=41905, STANDALONE=36869], networkLocation: /default-rack, certSerialId: null, persistedOpState: null, persistedOpStateExpiryEpochSec: 0}
2022-07-30 01:47:23,749 [EventQueue-NewNodeForNewNodeHandler] INFO  pipeline.BackgroundPipelineCreator (BackgroundPipelineCreator.java:notifyEventTriggered(276)) - trigger a one-shot run on RatisPipelineUtilsThread.
2022-07-30 01:47:23,751 [EventQueue-NodeRegistrationContainerReportForContainerSafeModeRule] INFO  safemode.SCMSafeModeManager (SCMSafeModeManager.java:validateSafeModeExitRules(204)) - ContainerSafeModeRule rule is successfully validated
2022-07-30 01:47:23,751 [EventQueue-NodeRegistrationContainerReportForDataNodeSafeModeRule] INFO  safemode.SCMSafeModeManager (DataNodeSafeModeRule.java:process(71)) - SCM in safe mode. 1 DataNodes registered, 3 required.
2022-07-30 01:47:23,752 [EventQueue-PipelineReportForOneReplicaPipelineSafeModeRule] INFO  safemode.SCMSafeModeManager (SCMSafeModeManager.java:validateSafeModeExitRules(204)) - AtleastOneDatanodeReportedRule rule is successfully validated
2022-07-30 01:47:23,761 [RatisPipelineUtilsThread - 0] INFO  pipeline.RatisPipelineProvider (RatisPipelineProvider.java:lambda$create$0(195)) - Sending CreatePipelineCommand for pipeline:PipelineID=8d3d4a0b-430a-4037-a052-a5c85c979773 to datanode:6021f7c2-427d-4cd8-a216-b0a112acbfad
2022-07-30 01:47:23,771 [RatisPipelineUtilsThread - 0] INFO  pipeline.PipelineStateManagerImpl (PipelineStateManagerImpl.java:addPipeline(103)) - Created pipeline Pipeline[ Id: 8d3d4a0b-430a-4037-a052-a5c85c979773, Nodes: 6021f7c2-427d-4cd8-a216-b0a112acbfad{ip: 10.1.0.37, host: fv-az297-62.nmf1rxwemy4u5di1sxxf4ejcwb.jx.internal.cloudapp.net, ports: [REPLICATION=34491, RATIS=41905, RATIS_ADMIN=41905, RATIS_SERVER=41905, STANDALONE=36869], networkLocation: /default-rack, certSerialId: null, persistedOpState: IN_SERVICE, persistedOpStateExpiryEpochSec: 0}, ReplicationConfig: RATIS/ONE, State:ALLOCATED, leaderId:, CreationTimestamp2022-07-30T01:47:23.757Z[Etc/UTC]].
2022-07-30 01:47:24,286 [IPC Server handler 0 on default port 33517] INFO  net.NetworkTopologyImpl (NetworkTopologyImpl.java:add(112)) - Added a new node: /default-rack/2f82598e-6ad5-4b85-a1e1-fdafd308d280
2022-07-30 01:47:24,286 [IPC Server handler 0 on default port 33517] INFO  node.SCMNodeManager (SCMNodeManager.java:register(397)) - Registered Data node : 2f82598e-6ad5-4b85-a1e1-fdafd308d280{ip: 10.1.0.37, host: fv-az297-62.nmf1rxwemy4u5di1sxxf4ejcwb.jx.internal.cloudapp.net, ports: [REPLICATION=37379, RATIS=45671, RATIS_ADMIN=45671, RATIS_SERVER=45671, STANDALONE=40131], networkLocation: /default-rack, certSerialId: null, persistedOpState: null, persistedOpStateExpiryEpochSec: 0}
2022-07-30 01:47:24,287 [EventQueue-NewNodeForNewNodeHandler] INFO  pipeline.BackgroundPipelineCreator (BackgroundPipelineCreator.java:notifyEventTriggered(276)) - trigger a one-shot run on RatisPipelineUtilsThread.
2022-07-30 01:47:24,287 [EventQueue-NodeRegistrationContainerReportForDataNodeSafeModeRule] INFO  safemode.SCMSafeModeManager (DataNodeSafeModeRule.java:process(71)) - SCM in safe mode. 2 DataNodes registered, 3 required.
2022-07-30 01:47:24,289 [RatisPipelineUtilsThread - 0] INFO  pipeline.RatisPipelineProvider (RatisPipelineProvider.java:lambda$create$0(195)) - Sending CreatePipelineCommand for pipeline:PipelineID=27e2b228-8fc8-4fc3-8f35-49c41cbd19ab to datanode:2f82598e-6ad5-4b85-a1e1-fdafd308d280
2022-07-30 01:47:24,290 [RatisPipelineUtilsThread - 0] INFO  pipeline.PipelineStateManagerImpl (PipelineStateManagerImpl.java:addPipeline(103)) - Created pipeline Pipeline[ Id: 27e2b228-8fc8-4fc3-8f35-49c41cbd19ab, Nodes: 2f82598e-6ad5-4b85-a1e1-fdafd308d280{ip: 10.1.0.37, host: fv-az297-62.nmf1rxwemy4u5di1sxxf4ejcwb.jx.internal.cloudapp.net, ports: [REPLICATION=37379, RATIS=45671, RATIS_ADMIN=45671, RATIS_SERVER=45671, STANDALONE=40131], networkLocation: /default-rack, certSerialId: null, persistedOpState: IN_SERVICE, persistedOpStateExpiryEpochSec: 0}, ReplicationConfig: RATIS/ONE, State:ALLOCATED, leaderId:, CreationTimestamp2022-07-30T01:47:24.289Z[Etc/UTC]].
2022-07-30 01:47:24,304 [Listener at 127.0.0.1/39159] INFO  ozone.MiniOzoneClusterImpl (MiniOzoneClusterImpl.java:lambda$waitForClusterToBeReady$0(216)) - Waiting for nodes to be ready. Got 2 of 5 DN Heartbeats.
2022-07-30 01:47:24,304 [Listener at 127.0.0.1/39159] INFO  ozone.MiniOzoneClusterImpl (MiniOzoneClusterImpl.java:lambda$waitForClusterToBeReady$0(219)) - Waiting for cluster to exit safe mode
2022-07-30 01:47:24,304 [Listener at 127.0.0.1/39159] INFO  ozone.MiniOzoneClusterImpl (MiniOzoneClusterImpl.java:lambda$waitForClusterToBeReady$0(221)) - SCM became leader
2022-07-30 01:47:24,634 [IPC Server handler 3 on default port 33517] INFO  net.NetworkTopologyImpl (NetworkTopologyImpl.java:add(112)) - Added a new node: /default-rack/3b7c218c-5ec1-49c6-951e-2891968f85c7
2022-07-30 01:47:24,635 [IPC Server handler 3 on default port 33517] INFO  node.SCMNodeManager (SCMNodeManager.java:register(397)) - Registered Data node : 3b7c218c-5ec1-49c6-951e-2891968f85c7{ip: 10.1.0.37, host: fv-az297-62.nmf1rxwemy4u5di1sxxf4ejcwb.jx.internal.cloudapp.net, ports: [REPLICATION=34701, RATIS=34587, RATIS_ADMIN=34587, RATIS_SERVER=34587, STANDALONE=39201], networkLocation: /default-rack, certSerialId: null, persistedOpState: null, persistedOpStateExpiryEpochSec: 0}
2022-07-30 01:47:24,635 [EventQueue-NewNodeForNewNodeHandler] INFO  pipeline.BackgroundPipelineCreator (BackgroundPipelineCreator.java:notifyEventTriggered(276)) - trigger a one-shot run on RatisPipelineUtilsThread.
2022-07-30 01:47:24,636 [RatisPipelineUtilsThread - 0] INFO  pipeline.RatisPipelineProvider (RatisPipelineProvider.java:lambda$create$0(195)) - Sending CreatePipelineCommand for pipeline:PipelineID=bb4dd93e-fe79-48ff-8267-fa5cd32714b5 to datanode:3b7c218c-5ec1-49c6-951e-2891968f85c7
2022-07-30 01:47:24,636 [EventQueue-NodeRegistrationContainerReportForDataNodeSafeModeRule] INFO  safemode.SCMSafeModeManager (DataNodeSafeModeRule.java:process(71)) - SCM in safe mode. 3 DataNodes registered, 3 required.
2022-07-30 01:47:24,636 [EventQueue-NodeRegistrationContainerReportForDataNodeSafeModeRule] INFO  safemode.SCMSafeModeManager (SCMSafeModeManager.java:validateSafeModeExitRules(204)) - DataNodeSafeModeRule rule is successfully validated
2022-07-30 01:47:24,636 [EventQueue-NodeRegistrationContainerReportForDataNodeSafeModeRule] INFO  safemode.SCMSafeModeManager (SCMSafeModeManager.java:completePreCheck(233)) - All SCM safe mode pre check rules have passed
2022-07-30 01:47:24,636 [EventQueue-NodeRegistrationContainerReportForDataNodeSafeModeRule] WARN  events.EventQueue (EventQueue.java:fireEvent(216)) - No event handler registered for event TypedEvent{payloadType=SafeModeStatus, name='Safe mode status'}
2022-07-30 01:47:24,636 [EventQueue-NodeRegistrationContainerReportForDataNodeSafeModeRule] INFO  ha.SCMContext (SCMContext.java:updateSafeModeStatus(228)) - Update SafeModeStatus from SafeModeStatus{safeModeStatus=true, preCheckPassed=false} to SafeModeStatus{safeModeStatus=true, preCheckPassed=true}.
2022-07-30 01:47:24,636 [EventQueue-NodeRegistrationContainerReportForDataNodeSafeModeRule] INFO  pipeline.BackgroundPipelineCreator (BackgroundPipelineCreator.java:notifyEventTriggered(276)) - trigger a one-shot run on RatisPipelineUtilsThread.
2022-07-30 01:47:24,637 [RatisPipelineUtilsThread - 0] INFO  pipeline.PipelineStateManagerImpl (PipelineStateManagerImpl.java:addPipeline(103)) - Created pipeline Pipeline[ Id: bb4dd93e-fe79-48ff-8267-fa5cd32714b5, Nodes: 3b7c218c-5ec1-49c6-951e-2891968f85c7{ip: 10.1.0.37, host: fv-az297-62.nmf1rxwemy4u5di1sxxf4ejcwb.jx.internal.cloudapp.net, ports: [REPLICATION=34701, RATIS=34587, RATIS_ADMIN=34587, RATIS_SERVER=34587, STANDALONE=39201], networkLocation: /default-rack, certSerialId: null, persistedOpState: IN_SERVICE, persistedOpStateExpiryEpochSec: 0}, ReplicationConfig: RATIS/ONE, State:ALLOCATED, leaderId:, CreationTimestamp2022-07-30T01:47:24.636Z[Etc/UTC]].
2022-07-30 01:47:24,641 [RatisPipelineUtilsThread - 0] INFO  pipeline.RatisPipelineProvider (RatisPipelineProvider.java:lambda$create$0(195)) - Sending CreatePipelineCommand for pipeline:PipelineID=e7d2eecc-8f07-4db4-a1f6-82a1f304f3ba to datanode:3b7c218c-5ec1-49c6-951e-2891968f85c7
2022-07-30 01:47:24,641 [RatisPipelineUtilsThread - 0] INFO  pipeline.RatisPipelineProvider (RatisPipelineProvider.java:lambda$create$0(195)) - Sending CreatePipelineCommand for pipeline:PipelineID=e7d2eecc-8f07-4db4-a1f6-82a1f304f3ba to datanode:2f82598e-6ad5-4b85-a1e1-fdafd308d280
2022-07-30 01:47:24,641 [RatisPipelineUtilsThread - 0] INFO  pipeline.RatisPipelineProvider (RatisPipelineProvider.java:lambda$create$0(195)) - Sending CreatePipelineCommand for pipeline:PipelineID=e7d2eecc-8f07-4db4-a1f6-82a1f304f3ba to datanode:6021f7c2-427d-4cd8-a216-b0a112acbfad
2022-07-30 01:47:24,642 [RatisPipelineUtilsThread - 0] INFO  pipeline.PipelineStateManagerImpl (PipelineStateManagerImpl.java:addPipeline(103)) - Created pipeline Pipeline[ Id: e7d2eecc-8f07-4db4-a1f6-82a1f304f3ba, Nodes: 3b7c218c-5ec1-49c6-951e-2891968f85c7{ip: 10.1.0.37, host: fv-az297-62.nmf1rxwemy4u5di1sxxf4ejcwb.jx.internal.cloudapp.net, ports: [REPLICATION=34701, RATIS=34587, RATIS_ADMIN=34587, RATIS_SERVER=34587, STANDALONE=39201], networkLocation: /default-rack, certSerialId: null, persistedOpState: IN_SERVICE, persistedOpStateExpiryEpochSec: 0}2f82598e-6ad5-4b85-a1e1-fdafd308d280{ip: 10.1.0.37, host: fv-az297-62.nmf1rxwemy4u5di1sxxf4ejcwb.jx.internal.cloudapp.net, ports: [REPLICATION=37379, RATIS=45671, RATIS_ADMIN=45671, RATIS_SERVER=45671, STANDALONE=40131], networkLocation: /default-rack, certSerialId: null, persistedOpState: IN_SERVICE, persistedOpStateExpiryEpochSec: 0}6021f7c2-427d-4cd8-a216-b0a112acbfad{ip: 10.1.0.37, host: fv-az297-62.nmf1rxwemy4u5di1sxxf4ejcwb.jx.internal.cloudapp.net, ports: [REPLICATION=34491, RATIS=41905, RATIS_ADMIN=41905, RATIS_SERVER=41905, STANDALONE=36869], networkLocation: /default-rack, certSerialId: null, persistedOpState: IN_SERVICE, persistedOpStateExpiryEpochSec: 0}, ReplicationConfig: RATIS/THREE, State:ALLOCATED, leaderId:, CreationTimestamp2022-07-30T01:47:24.641Z[Etc/UTC]].
2022-07-30 01:47:24,644 [RatisPipelineUtilsThread - 0] INFO  pipeline.RatisPipelineProvider (RatisPipelineProvider.java:lambda$create$0(195)) - Sending CreatePipelineCommand for pipeline:PipelineID=55cb4280-88ef-4f3e-a094-bf03bd903e3b to datanode:2f82598e-6ad5-4b85-a1e1-fdafd308d280
2022-07-30 01:47:24,645 [RatisPipelineUtilsThread - 0] INFO  pipeline.RatisPipelineProvider (RatisPipelineProvider.java:lambda$create$0(195)) - Sending CreatePipelineCommand for pipeline:PipelineID=55cb4280-88ef-4f3e-a094-bf03bd903e3b to datanode:6021f7c2-427d-4cd8-a216-b0a112acbfad
2022-07-30 01:47:24,645 [RatisPipelineUtilsThread - 0] INFO  pipeline.RatisPipelineProvider (RatisPipelineProvider.java:lambda$create$0(195)) - Sending CreatePipelineCommand for pipeline:PipelineID=55cb4280-88ef-4f3e-a094-bf03bd903e3b to datanode:3b7c218c-5ec1-49c6-951e-2891968f85c7
2022-07-30 01:47:24,646 [RatisPipelineUtilsThread - 0] INFO  pipeline.PipelineStateManagerImpl (PipelineStateManagerImpl.java:addPipeline(103)) - Created pipeline Pipeline[ Id: 55cb4280-88ef-4f3e-a094-bf03bd903e3b, Nodes: 2f82598e-6ad5-4b85-a1e1-fdafd308d280{ip: 10.1.0.37, host: fv-az297-62.nmf1rxwemy4u5di1sxxf4ejcwb.jx.internal.cloudapp.net, ports: [REPLICATION=37379, RATIS=45671, RATIS_ADMIN=45671, RATIS_SERVER=45671, STANDALONE=40131], networkLocation: /default-rack, certSerialId: null, persistedOpState: IN_SERVICE, persistedOpStateExpiryEpochSec: 0}6021f7c2-427d-4cd8-a216-b0a112acbfad{ip: 10.1.0.37, host: fv-az297-62.nmf1rxwemy4u5di1sxxf4ejcwb.jx.internal.cloudapp.net, ports: [REPLICATION=34491, RATIS=41905, RATIS_ADMIN=41905, RATIS_SERVER=41905, STANDALONE=36869], networkLocation: /default-rack, certSerialId: null, persistedOpState: IN_SERVICE, persistedOpStateExpiryEpochSec: 0}3b7c218c-5ec1-49c6-951e-2891968f85c7{ip: 10.1.0.37, host: fv-az297-62.nmf1rxwemy4u5di1sxxf4ejcwb.jx.internal.cloudapp.net, ports: [REPLICATION=34701, RATIS=34587, RATIS_ADMIN=34587, RATIS_SERVER=34587, STANDALONE=39201], networkLocation: /default-rack, certSerialId: null, persistedOpState: IN_SERVICE, persistedOpStateExpiryEpochSec: 0}, ReplicationConfig: RATIS/THREE, State:ALLOCATED, leaderId:, CreationTimestamp2022-07-30T01:47:24.644Z[Etc/UTC]].
2022-07-30 01:47:24,647 [RatisPipelineUtilsThread - 0] INFO  pipeline.PipelineManagerImpl (PipelineManagerImpl.java:recordMetricsForPipeline(796)) - Pipeline: PipelineID=55cb4280-88ef-4f3e-a094-bf03bd903e3b contains same datanodes as previous pipelines: PipelineID=e7d2eecc-8f07-4db4-a1f6-82a1f304f3ba nodeIds: 2f82598e-6ad5-4b85-a1e1-fdafd308d280, 6021f7c2-427d-4cd8-a216-b0a112acbfad, 3b7c218c-5ec1-49c6-951e-2891968f85c7
2022-07-30 01:47:24,958 [IPC Server handler 4 on default port 33517] INFO  net.NetworkTopologyImpl (NetworkTopologyImpl.java:add(112)) - Added a new node: /default-rack/80984b04-daae-4601-a6da-1d0fb91944be
2022-07-30 01:47:24,959 [IPC Server handler 4 on default port 33517] INFO  node.SCMNodeManager (SCMNodeManager.java:register(397)) - Registered Data node : 80984b04-daae-4601-a6da-1d0fb91944be{ip: 10.1.0.37, host: fv-az297-62.nmf1rxwemy4u5di1sxxf4ejcwb.jx.internal.cloudapp.net, ports: [REPLICATION=46353, RATIS=36247, RATIS_ADMIN=36247, RATIS_SERVER=36247, STANDALONE=37031], networkLocation: /default-rack, certSerialId: null, persistedOpState: null, persistedOpStateExpiryEpochSec: 0}
2022-07-30 01:47:24,960 [EventQueue-NewNodeForNewNodeHandler] INFO  pipeline.BackgroundPipelineCreator (BackgroundPipelineCreator.java:notifyEventTriggered(276)) - trigger a one-shot run on RatisPipelineUtilsThread.
2022-07-30 01:47:24,960 [RatisPipelineUtilsThread - 0] INFO  pipeline.RatisPipelineProvider (RatisPipelineProvider.java:lambda$create$0(195)) - Sending CreatePipelineCommand for pipeline:PipelineID=fd25662b-221d-4b52-ae54-f94a41f2bf3c to datanode:80984b04-daae-4601-a6da-1d0fb91944be
2022-07-30 01:47:24,961 [RatisPipelineUtilsThread - 0] INFO  pipeline.PipelineStateManagerImpl (PipelineStateManagerImpl.java:addPipeline(103)) - Created pipeline Pipeline[ Id: fd25662b-221d-4b52-ae54-f94a41f2bf3c, Nodes: 80984b04-daae-4601-a6da-1d0fb91944be{ip: 10.1.0.37, host: fv-az297-62.nmf1rxwemy4u5di1sxxf4ejcwb.jx.internal.cloudapp.net, ports: [REPLICATION=46353, RATIS=36247, RATIS_ADMIN=36247, RATIS_SERVER=36247, STANDALONE=37031], networkLocation: /default-rack, certSerialId: null, persistedOpState: IN_SERVICE, persistedOpStateExpiryEpochSec: 0}, ReplicationConfig: RATIS/ONE, State:ALLOCATED, leaderId:, CreationTimestamp2022-07-30T01:47:24.960Z[Etc/UTC]].
2022-07-30 01:47:25,304 [IPC Server handler 2 on default port 33517] INFO  net.NetworkTopologyImpl (NetworkTopologyImpl.java:add(112)) - Added a new node: /default-rack/0f487d5e-71b7-4e1e-9748-4ae099f19241
2022-07-30 01:47:25,304 [IPC Server handler 2 on default port 33517] INFO  node.SCMNodeManager (SCMNodeManager.java:register(397)) - Registered Data node : 0f487d5e-71b7-4e1e-9748-4ae099f19241{ip: 10.1.0.37, host: fv-az297-62.nmf1rxwemy4u5di1sxxf4ejcwb.jx.internal.cloudapp.net, ports: [REPLICATION=40525, RATIS=42109, RATIS_ADMIN=42109, RATIS_SERVER=42109, STANDALONE=33799], networkLocation: /default-rack, certSerialId: null, persistedOpState: null, persistedOpStateExpiryEpochSec: 0}
2022-07-30 01:47:25,304 [Listener at 127.0.0.1/39159] INFO  ozone.MiniOzoneClusterImpl (MiniOzoneClusterImpl.java:lambda$waitForClusterToBeReady$0(216)) - Nodes are ready. Got 5 of 5 DN Heartbeats.
2022-07-30 01:47:25,305 [Listener at 127.0.0.1/39159] INFO  ozone.MiniOzoneClusterImpl (MiniOzoneClusterImpl.java:lambda$waitForClusterToBeReady$0(219)) - Waiting for cluster to exit safe mode
2022-07-30 01:47:25,306 [Listener at 127.0.0.1/39159] INFO  ozone.MiniOzoneClusterImpl (MiniOzoneClusterImpl.java:lambda$waitForClusterToBeReady$0(221)) - SCM became leader
2022-07-30 01:47:25,304 [EventQueue-NewNodeForNewNodeHandler] INFO  pipeline.BackgroundPipelineCreator (BackgroundPipelineCreator.java:notifyEventTriggered(276)) - trigger a one-shot run on RatisPipelineUtilsThread.
2022-07-30 01:47:25,307 [RatisPipelineUtilsThread - 0] INFO  pipeline.RatisPipelineProvider (RatisPipelineProvider.java:lambda$create$0(195)) - Sending CreatePipelineCommand for pipeline:PipelineID=fcbaf0f9-2516-4e44-b0e1-c77882487a2f to datanode:0f487d5e-71b7-4e1e-9748-4ae099f19241
2022-07-30 01:47:25,307 [RatisPipelineUtilsThread - 0] INFO  pipeline.PipelineStateManagerImpl (PipelineStateManagerImpl.java:addPipeline(103)) - Created pipeline Pipeline[ Id: fcbaf0f9-2516-4e44-b0e1-c77882487a2f, Nodes: 0f487d5e-71b7-4e1e-9748-4ae099f19241{ip: 10.1.0.37, host: fv-az297-62.nmf1rxwemy4u5di1sxxf4ejcwb.jx.internal.cloudapp.net, ports: [REPLICATION=40525, RATIS=42109, RATIS_ADMIN=42109, RATIS_SERVER=42109, STANDALONE=33799], networkLocation: /default-rack, certSerialId: null, persistedOpState: IN_SERVICE, persistedOpStateExpiryEpochSec: 0}, ReplicationConfig: RATIS/ONE, State:ALLOCATED, leaderId:, CreationTimestamp2022-07-30T01:47:25.307Z[Etc/UTC]].
2022-07-30 01:47:26,306 [Listener at 127.0.0.1/39159] INFO  ozone.MiniOzoneClusterImpl (MiniOzoneClusterImpl.java:lambda$waitForClusterToBeReady$0(216)) - Nodes are ready. Got 5 of 5 DN Heartbeats.
2022-07-30 01:47:26,306 [Listener at 127.0.0.1/39159] INFO  ozone.MiniOzoneClusterImpl (MiniOzoneClusterImpl.java:lambda$waitForClusterToBeReady$0(219)) - Waiting for cluster to exit safe mode
2022-07-30 01:47:26,306 [Listener at 127.0.0.1/39159] INFO  ozone.MiniOzoneClusterImpl (MiniOzoneClusterImpl.java:lambda$waitForClusterToBeReady$0(221)) - SCM became leader
2022-07-30 01:47:26,737 [Command processor thread] INFO  server.RaftServer (RaftServerProxy.java:addNew(96)) - 6021f7c2-427d-4cd8-a216-b0a112acbfad: addNew group-A5C85C979773:[6021f7c2-427d-4cd8-a216-b0a112acbfad|rpc:10.1.0.37:41905|priority:1] returns group-A5C85C979773:java.util.concurrent.CompletableFuture@4ad593c5[Not completed]
2022-07-30 01:47:26,748 [pool-73-thread-1] INFO  server.RaftServer$Division (RaftServerImpl.java:<init>(190)) - 6021f7c2-427d-4cd8-a216-b0a112acbfad: new RaftServerImpl for group-A5C85C979773:[6021f7c2-427d-4cd8-a216-b0a112acbfad|rpc:10.1.0.37:41905|priority:1] with ContainerStateMachine:uninitialized
2022-07-30 01:47:26,748 [pool-73-thread-1] INFO  server.RaftServerConfigKeys (ConfUtils.java:logGet(46)) - raft.server.rpc.timeout.min = 5s (custom)
2022-07-30 01:47:26,749 [pool-73-thread-1] INFO  server.RaftServerConfigKeys (ConfUtils.java:logGet(46)) - raft.server.rpc.timeout.max = 5200ms (custom)
2022-07-30 01:47:26,749 [pool-73-thread-1] INFO  server.RaftServerConfigKeys (ConfUtils.java:logGet(46)) - raft.server.rpc.sleep.time = 25ms (default)
2022-07-30 01:47:26,749 [pool-73-thread-1] INFO  server.RaftServerConfigKeys (ConfUtils.java:logGet(46)) - raft.server.rpc.slowness.timeout = 300s (custom)
2022-07-30 01:47:26,749 [pool-73-thread-1] INFO  server.RaftServerConfigKeys (ConfUtils.java:logGet(46)) - raft.server.leaderelection.leader.step-down.wait-time = 10s (default)
2022-07-30 01:47:26,749 [pool-73-thread-1] INFO  server.RaftServerConfigKeys (ConfUtils.java:logGet(46)) - raft.server.sleep.deviation.threshold = 300ms (default)
2022-07-30 01:47:26,749 [pool-73-thread-1] INFO  server.RaftServer$Division (ServerState.java:<init>(107)) - 6021f7c2-427d-4cd8-a216-b0a112acbfad@group-A5C85C979773: ConfigurationManager, init=-1: [6021f7c2-427d-4cd8-a216-b0a112acbfad|rpc:10.1.0.37:41905|priority:1], old=null, confs=<EMPTY_MAP>
2022-07-30 01:47:26,749 [pool-73-thread-1] INFO  server.RaftServerConfigKeys (ConfUtils.java:logGet(46)) - raft.server.storage.dir = [/home/runner/work/ozone/ozone/hadoop-ozone/integration-test/target/test-dir/MiniOzoneClusterImpl-4bb34576-a2e6-484c-bd4a-6e4bad1f8a8d/datanode-0/data/ratis] (custom)
2022-07-30 01:47:26,749 [pool-73-thread-1] INFO  server.RaftServerConfigKeys (ConfUtils.java:logGet(46)) - raft.server.log.corruption.policy = EXCEPTION (default)
2022-07-30 01:47:26,749 [pool-73-thread-1] INFO  server.RaftServerConfigKeys (ConfUtils.java:logGet(46)) - raft.server.storage.free-space.min = 0MB (=0) (default)
2022-07-30 01:47:26,750 [pool-73-thread-1] INFO  storage.RaftStorageDirectory (RaftStorageDirectoryImpl.java:analyzeStorage(135)) - The storage directory /home/runner/work/ozone/ozone/hadoop-ozone/integration-test/target/test-dir/MiniOzoneClusterImpl-4bb34576-a2e6-484c-bd4a-6e4bad1f8a8d/datanode-0/data/ratis/8d3d4a0b-430a-4037-a052-a5c85c979773 does not exist. Creating ...
2022-07-30 01:47:26,752 [pool-73-thread-1] INFO  storage.RaftStorageDirectory (RaftStorageDirectoryImpl.java:tryLock(230)) - Lock on /home/runner/work/ozone/ozone/hadoop-ozone/integration-test/target/test-dir/MiniOzoneClusterImpl-4bb34576-a2e6-484c-bd4a-6e4bad1f8a8d/datanode-0/data/ratis/8d3d4a0b-430a-4037-a052-a5c85c979773/in_use.lock acquired by nodename 10860@fv-az297-62
2022-07-30 01:47:26,753 [pool-73-thread-1] INFO  storage.RaftStorage (RaftStorageImpl.java:format(89)) - Storage directory /home/runner/work/ozone/ozone/hadoop-ozone/integration-test/target/test-dir/MiniOzoneClusterImpl-4bb34576-a2e6-484c-bd4a-6e4bad1f8a8d/datanode-0/data/ratis/8d3d4a0b-430a-4037-a052-a5c85c979773 has been successfully formatted.
2022-07-30 01:47:26,758 [pool-73-thread-1] INFO  ratis.ContainerStateMachine (ContainerStateMachine.java:loadSnapshot(236)) - group-A5C85C979773: The snapshot info is null. Setting the last applied indexto:(t:0, i:~)
2022-07-30 01:47:26,759 [pool-73-thread-1] INFO  server.RaftServerConfigKeys (ConfUtils.java:logGet(46)) - raft.server.notification.no-leader.timeout = 300s (custom)
2022-07-30 01:47:26,759 [pool-73-thread-1] INFO  server.RaftServerConfigKeys (ConfUtils.java:logGet(46)) - raft.server.log.use.memory = false (default)
2022-07-30 01:47:26,759 [pool-73-thread-1] INFO  server.RaftServerConfigKeys (ConfUtils.java:logGet(46)) - raft.server.log.purge.gap = 1000000 (custom)
2022-07-30 01:47:26,759 [pool-73-thread-1] INFO  server.RaftServerConfigKeys (ConfUtils.java:logGet(46)) - raft.server.log.appender.buffer.byte-limit = 33554432 (custom)
2022-07-30 01:47:26,759 [pool-73-thread-1] INFO  server.RaftServerConfigKeys (ConfUtils.java:logGet(46)) - raft.server.log.statemachine.data.read.timeout = 1000ms (default)
2022-07-30 01:47:26,759 [pool-73-thread-1] INFO  server.RaftServerConfigKeys (ConfUtils.java:logGet(46)) - raft.server.log.segment.size.max = 1048576 (custom)
2022-07-30 01:47:26,760 [pool-73-thread-1] INFO  server.RaftServerConfigKeys (ConfUtils.java:logGet(46)) - raft.server.log.segment.cache.num.max = 2 (custom)
2022-07-30 01:47:26,760 [pool-73-thread-1] INFO  server.RaftServerConfigKeys (ConfUtils.java:logGet(46)) - raft.server.log.segment.cache.size.max = 200MB (=209715200) (default)
2022-07-30 01:47:26,760 [pool-73-thread-1] INFO  segmented.SegmentedRaftLogWorker (SegmentedRaftLogWorker.java:<init>(187)) - new 6021f7c2-427d-4cd8-a216-b0a112acbfad@group-A5C85C979773-SegmentedRaftLogWorker for RaftStorageImpl:Storage Directory /home/runner/work/ozone/ozone/hadoop-ozone/integration-test/target/test-dir/MiniOzoneClusterImpl-4bb34576-a2e6-484c-bd4a-6e4bad1f8a8d/datanode-0/data/ratis/8d3d4a0b-430a-4037-a052-a5c85c979773
2022-07-30 01:47:26,761 [pool-73-thread-1] INFO  server.RaftServerConfigKeys (ConfUtils.java:logGet(46)) - raft.server.log.queue.byte-limit = 4294967296 (custom)
2022-07-30 01:47:26,761 [pool-73-thread-1] INFO  server.RaftServerConfigKeys (ConfUtils.java:logGet(46)) - raft.server.log.queue.element-limit = 1024 (custom)
2022-07-30 01:47:26,761 [pool-73-thread-1] INFO  server.RaftServerConfigKeys (ConfUtils.java:logGet(46)) - raft.server.log.segment.size.max = 1048576 (custom)
2022-07-30 01:47:26,761 [pool-73-thread-1] INFO  server.RaftServerConfigKeys (ConfUtils.java:logGet(46)) - raft.server.log.preallocated.size = 16384 (custom)
2022-07-30 01:47:26,761 [pool-73-thread-1] INFO  server.RaftServerConfigKeys (ConfUtils.java:logGet(46)) - raft.server.log.force.sync.num = 128 (default)
2022-07-30 01:47:26,761 [pool-73-thread-1] INFO  server.RaftServerConfigKeys (ConfUtils.java:logGet(46)) - raft.server.log.statemachine.data.sync = true (default)
2022-07-30 01:47:26,761 [pool-73-thread-1] INFO  server.RaftServerConfigKeys (ConfUtils.java:logGet(46)) - raft.server.log.statemachine.data.sync.timeout = 10s (default)
2022-07-30 01:47:26,762 [pool-73-thread-1] INFO  server.RaftServerConfigKeys (ConfUtils.java:logGet(46)) - raft.server.log.statemachine.data.sync.timeout.retry = -1 (default)
2022-07-30 01:47:26,764 [pool-73-thread-1] INFO  server.RaftServerConfigKeys (ConfUtils.java:logGet(46)) - raft.server.log.write.buffer.size = 1048576 (custom)
2022-07-30 01:47:26,764 [pool-73-thread-1] INFO  server.RaftServerConfigKeys (ConfUtils.java:logGet(46)) - raft.server.log.unsafe-flush.enabled = false (default)
2022-07-30 01:47:26,764 [pool-73-thread-1] INFO  server.RaftServerConfigKeys (ConfUtils.java:logGet(46)) - raft.server.log.statemachine.data.caching.enabled = true (custom)
2022-07-30 01:47:26,764 [pool-73-thread-1] INFO  segmented.SegmentedRaftLogWorker (SegmentedRaftLogWorker.java:lambda$new$0(135)) - 6021f7c2-427d-4cd8-a216-b0a112acbfad@group-A5C85C979773-SegmentedRaftLogWorker: flushIndex: setUnconditionally 0 -> -1
2022-07-30 01:47:26,764 [pool-73-thread-1] INFO  segmented.SegmentedRaftLogWorker (SegmentedRaftLogWorker.java:lambda$new$0(135)) - 6021f7c2-427d-4cd8-a216-b0a112acbfad@group-A5C85C979773-SegmentedRaftLogWorker: safeCacheEvictIndex: setUnconditionally 0 -> -1
2022-07-30 01:47:26,775 [pool-73-thread-1] INFO  server.RaftServerConfigKeys (ConfUtils.java:logGet(46)) - raft.server.snapshot.auto.trigger.enabled = true (custom)
2022-07-30 01:47:26,776 [pool-73-thread-1] INFO  server.RaftServerConfigKeys (ConfUtils.java:logGet(46)) - raft.server.snapshot.auto.trigger.threshold = 10000 (custom)
2022-07-30 01:47:26,776 [pool-73-thread-1] INFO  server.RaftServerConfigKeys (ConfUtils.java:logGet(46)) - raft.server.snapshot.retention.file.num = 5 (custom)
2022-07-30 01:47:26,776 [pool-73-thread-1] INFO  server.RaftServerConfigKeys (ConfUtils.java:logGet(46)) - raft.server.log.purge.upto.snapshot.index = false (default)
2022-07-30 01:47:26,776 [pool-73-thread-1] INFO  server.RaftServerConfigKeys (ConfUtils.java:logGet(46)) - raft.server.retrycache.expirytime = 600000ms (custom)
2022-07-30 01:47:26,776 [pool-73-thread-1] INFO  server.RaftServerConfigKeys (ConfUtils.java:logGet(46)) - raft.server.retrycache.statistics.expirytime = 100μs (default)
2022-07-30 01:47:26,779 [pool-73-thread-1] INFO  server.RaftServerConfigKeys (ConfUtils.java:logGet(46)) - raft.server.log.appender.install.snapshot.enabled = false (custom)
2022-07-30 01:47:26,779 [pool-73-thread-1] INFO  server.RaftServerConfigKeys (ConfUtils.java:logGet(46)) - raft.server.threadpool.server.cached = true (default)
2022-07-30 01:47:26,779 [pool-73-thread-1] INFO  server.RaftServerConfigKeys (ConfUtils.java:logGet(46)) - raft.server.threadpool.server.size = 0 (default)
2022-07-30 01:47:26,779 [pool-73-thread-1] INFO  server.RaftServerConfigKeys (ConfUtils.java:logGet(46)) - raft.server.threadpool.client.cached = true (default)
2022-07-30 01:47:26,779 [pool-73-thread-1] INFO  server.RaftServerConfigKeys (ConfUtils.java:logGet(46)) - raft.server.threadpool.client.size = 0 (default)
2022-07-30 01:47:26,779 [pool-73-thread-1] INFO  server.RaftServer$Division (RaftServerImpl.java:start(310)) - 6021f7c2-427d-4cd8-a216-b0a112acbfad@group-A5C85C979773: start as a follower, conf=-1: [6021f7c2-427d-4cd8-a216-b0a112acbfad|rpc:10.1.0.37:41905|priority:1], old=null
2022-07-30 01:47:26,780 [pool-73-thread-1] INFO  server.RaftServer$Division (RaftServerImpl.java:setRole(299)) - 6021f7c2-427d-4cd8-a216-b0a112acbfad@group-A5C85C979773: changes role from      null to FOLLOWER at term 0 for startAsFollower
2022-07-30 01:47:26,780 [pool-73-thread-1] INFO  impl.RoleInfo (RoleInfo.java:updateAndGet(139)) - 6021f7c2-427d-4cd8-a216-b0a112acbfad: start 6021f7c2-427d-4cd8-a216-b0a112acbfad@group-A5C85C979773-FollowerState
2022-07-30 01:47:26,785 [pool-73-thread-1] INFO  util.JmxRegister (JmxRegister.java:tryRegister(44)) - Successfully registered JMX Bean with object name Ratis:service=RaftServer,group=group-A5C85C979773,id=6021f7c2-427d-4cd8-a216-b0a112acbfad
2022-07-30 01:47:26,797 [EventQueue-PipelineReportForPipelineReportHandler] INFO  pipeline.PipelineManagerImpl (PipelineManagerImpl.java:openPipeline(367)) - Pipeline Pipeline[ Id: 8d3d4a0b-430a-4037-a052-a5c85c979773, Nodes: 6021f7c2-427d-4cd8-a216-b0a112acbfad{ip: 10.1.0.37, host: fv-az297-62.nmf1rxwemy4u5di1sxxf4ejcwb.jx.internal.cloudapp.net, ports: [REPLICATION=34491, RATIS=41905, RATIS_ADMIN=41905, RATIS_SERVER=41905, STANDALONE=36869], networkLocation: /default-rack, certSerialId: null, persistedOpState: IN_SERVICE, persistedOpStateExpiryEpochSec: 0}, ReplicationConfig: RATIS/ONE, State:ALLOCATED, leaderId:6021f7c2-427d-4cd8-a216-b0a112acbfad, CreationTimestamp2022-07-30T01:47:23.757Z[Etc/UTC]] moved to OPEN state
2022-07-30 01:47:26,801 [EventQueue-OpenPipelineForHealthyPipelineSafeModeRule] INFO  safemode.SCMSafeModeManager (HealthyPipelineSafeModeRule.java:process(137)) - SCM in safe mode. Healthy pipelines reported count is 0, required healthy pipeline reported count is 1
2022-07-30 01:47:26,806 [Command processor thread] INFO  ratis.XceiverServerRatis (XceiverServerRatis.java:addGroup(765)) - Created group PipelineID=8d3d4a0b-430a-4037-a052-a5c85c979773
2022-07-30 01:47:26,807 [Command processor thread] INFO  commandhandler.CreatePipelineCommandHandler (CreatePipelineCommandHandler.java:handle(113)) - Created Pipeline RATIS ONE PipelineID=8d3d4a0b-430a-4037-a052-a5c85c979773.
2022-07-30 01:47:26,807 [Command processor thread] INFO  server.RaftServer (RaftServerProxy.java:addNew(96)) - 6021f7c2-427d-4cd8-a216-b0a112acbfad: addNew group-82A1F304F3BA:[2f82598e-6ad5-4b85-a1e1-fdafd308d280|rpc:10.1.0.37:45671|priority:0, 6021f7c2-427d-4cd8-a216-b0a112acbfad|rpc:10.1.0.37:41905|priority:0, 3b7c218c-5ec1-49c6-951e-2891968f85c7|rpc:10.1.0.37:34587|priority:1] returns group-82A1F304F3BA:java.util.concurrent.CompletableFuture@5e3aaa62[Not completed]
2022-07-30 01:47:26,809 [pool-73-thread-1] INFO  server.RaftServer$Division (RaftServerImpl.java:<init>(190)) - 6021f7c2-427d-4cd8-a216-b0a112acbfad: new RaftServerImpl for group-82A1F304F3BA:[2f82598e-6ad5-4b85-a1e1-fdafd308d280|rpc:10.1.0.37:45671|priority:0, 6021f7c2-427d-4cd8-a216-b0a112acbfad|rpc:10.1.0.37:41905|priority:0, 3b7c218c-5ec1-49c6-951e-2891968f85c7|rpc:10.1.0.37:34587|priority:1] with ContainerStateMachine:uninitialized
2022-07-30 01:47:26,810 [pool-73-thread-1] INFO  server.RaftServerConfigKeys (ConfUtils.java:logGet(46)) - raft.server.rpc.timeout.min = 5s (custom)
2022-07-30 01:47:26,810 [pool-73-thread-1] INFO  server.RaftServerConfigKeys (ConfUtils.java:logGet(46)) - raft.server.rpc.timeout.max = 5200ms (custom)
2022-07-30 01:47:26,810 [pool-73-thread-1] INFO  server.RaftServerConfigKeys (ConfUtils.java:logGet(46)) - raft.server.rpc.sleep.time = 25ms (default)
2022-07-30 01:47:26,810 [pool-73-thread-1] INFO  server.RaftServerConfigKeys (ConfUtils.java:logGet(46)) - raft.server.rpc.slowness.timeout = 300s (custom)
2022-07-30 01:47:26,810 [pool-73-thread-1] INFO  server.RaftServerConfigKeys (ConfUtils.java:logGet(46)) - raft.server.leaderelection.leader.step-down.wait-time = 10s (default)
2022-07-30 01:47:26,810 [pool-73-thread-1] INFO  server.RaftServerConfigKeys (ConfUtils.java:logGet(46)) - raft.server.sleep.deviation.threshold = 300ms (default)
2022-07-30 01:47:26,810 [pool-73-thread-1] INFO  server.RaftServer$Division (ServerState.java:<init>(107)) - 6021f7c2-427d-4cd8-a216-b0a112acbfad@group-82A1F304F3BA: ConfigurationManager, init=-1: [2f82598e-6ad5-4b85-a1e1-fdafd308d280|rpc:10.1.0.37:45671|priority:0, 6021f7c2-427d-4cd8-a216-b0a112acbfad|rpc:10.1.0.37:41905|priority:0, 3b7c218c-5ec1-49c6-951e-2891968f85c7|rpc:10.1.0.37:34587|priority:1], old=null, confs=<EMPTY_MAP>
2022-07-30 01:47:26,810 [pool-73-thread-1] INFO  server.RaftServerConfigKeys (ConfUtils.java:logGet(46)) - raft.server.storage.dir = [/home/runner/work/ozone/ozone/hadoop-ozone/integration-test/target/test-dir/MiniOzoneClusterImpl-4bb34576-a2e6-484c-bd4a-6e4bad1f8a8d/datanode-0/data/ratis] (custom)
2022-07-30 01:47:26,810 [pool-73-thread-1] INFO  server.RaftServerConfigKeys (ConfUtils.java:logGet(46)) - raft.server.log.corruption.policy = EXCEPTION (default)
2022-07-30 01:47:26,810 [pool-73-thread-1] INFO  server.RaftServerConfigKeys (ConfUtils.java:logGet(46)) - raft.server.storage.free-space.min = 0MB (=0) (default)
2022-07-30 01:47:26,812 [pool-73-thread-1] INFO  storage.RaftStorageDirectory (RaftStorageDirectoryImpl.java:analyzeStorage(135)) - The storage directory /home/runner/work/ozone/ozone/hadoop-ozone/integration-test/target/test-dir/MiniOzoneClusterImpl-4bb34576-a2e6-484c-bd4a-6e4bad1f8a8d/datanode-0/data/ratis/e7d2eecc-8f07-4db4-a1f6-82a1f304f3ba does not exist. Creating ...
2022-07-30 01:47:26,814 [pool-73-thread-1] INFO  storage.RaftStorageDirectory (RaftStorageDirectoryImpl.java:tryLock(230)) - Lock on /home/runner/work/ozone/ozone/hadoop-ozone/integration-test/target/test-dir/MiniOzoneClusterImpl-4bb34576-a2e6-484c-bd4a-6e4bad1f8a8d/datanode-0/data/ratis/e7d2eecc-8f07-4db4-a1f6-82a1f304f3ba/in_use.lock acquired by nodename 10860@fv-az297-62
2022-07-30 01:47:26,815 [pool-73-thread-1] INFO  storage.RaftStorage (RaftStorageImpl.java:format(89)) - Storage directory /home/runner/work/ozone/ozone/hadoop-ozone/integration-test/target/test-dir/MiniOzoneClusterImpl-4bb34576-a2e6-484c-bd4a-6e4bad1f8a8d/datanode-0/data/ratis/e7d2eecc-8f07-4db4-a1f6-82a1f304f3ba has been successfully formatted.
2022-07-30 01:47:26,816 [pool-73-thread-1] INFO  ratis.ContainerStateMachine (ContainerStateMachine.java:loadSnapshot(236)) - group-82A1F304F3BA: The snapshot info is null. Setting the last applied indexto:(t:0, i:~)
2022-07-30 01:47:26,816 [pool-73-thread-1] INFO  server.RaftServerConfigKeys (ConfUtils.java:logGet(46)) - raft.server.notification.no-leader.timeout = 300s (custom)
2022-07-30 01:47:26,816 [pool-73-thread-1] INFO  server.RaftServerConfigKeys (ConfUtils.java:logGet(46)) - raft.server.log.use.memory = false (default)
2022-07-30 01:47:26,816 [pool-73-thread-1] INFO  server.RaftServerConfigKeys (ConfUtils.java:logGet(46)) - raft.server.log.purge.gap = 1000000 (custom)
2022-07-30 01:47:26,816 [pool-73-thread-1] INFO  server.RaftServerConfigKeys (ConfUtils.java:logGet(46)) - raft.server.log.appender.buffer.byte-limit = 33554432 (custom)
2022-07-30 01:47:26,816 [pool-73-thread-1] INFO  server.RaftServerConfigKeys (ConfUtils.java:logGet(46)) - raft.server.log.statemachine.data.read.timeout = 1000ms (default)
2022-07-30 01:47:26,816 [pool-73-thread-1] INFO  server.RaftServerConfigKeys (ConfUtils.java:logGet(46)) - raft.server.log.segment.size.max = 1048576 (custom)
2022-07-30 01:47:26,818 [EventQueue-OpenPipelineForHealthyPipelineSafeModeRule] INFO  safemode.SCMSafeModeManager (HealthyPipelineSafeModeRule.java:process(137)) - SCM in safe mode. Healthy pipelines reported count is 0, required healthy pipeline reported count is 1
2022-07-30 01:47:26,819 [pool-73-thread-1] INFO  server.RaftServerConfigKeys (ConfUtils.java:logGet(46)) - raft.server.log.segment.cache.num.max = 2 (custom)
2022-07-30 01:47:26,819 [pool-73-thread-1] INFO  server.RaftServerConfigKeys (ConfUtils.java:logGet(46)) - raft.server.log.segment.cache.size.max = 200MB (=209715200) (default)
2022-07-30 01:47:26,820 [pool-73-thread-1] INFO  segmented.SegmentedRaftLogWorker (SegmentedRaftLogWorker.java:<init>(187)) - new 6021f7c2-427d-4cd8-a216-b0a112acbfad@group-82A1F304F3BA-SegmentedRaftLogWorker for RaftStorageImpl:Storage Directory /home/runner/work/ozone/ozone/hadoop-ozone/integration-test/target/test-dir/MiniOzoneClusterImpl-4bb34576-a2e6-484c-bd4a-6e4bad1f8a8d/datanode-0/data/ratis/e7d2eecc-8f07-4db4-a1f6-82a1f304f3ba
2022-07-30 01:47:26,820 [pool-73-thread-1] INFO  server.RaftServerConfigKeys (ConfUtils.java:logGet(46)) - raft.server.log.queue.byte-limit = 4294967296 (custom)
2022-07-30 01:47:26,820 [pool-73-thread-1] INFO  server.RaftServerConfigKeys (ConfUtils.java:logGet(46)) - raft.server.log.queue.element-limit = 1024 (custom)
2022-07-30 01:47:26,820 [pool-73-thread-1] INFO  server.RaftServerConfigKeys (ConfUtils.java:logGet(46)) - raft.server.log.segment.size.max = 1048576 (custom)
2022-07-30 01:47:26,820 [pool-73-thread-1] INFO  server.RaftServerConfigKeys (ConfUtils.java:logGet(46)) - raft.server.log.preallocated.size = 16384 (custom)
2022-07-30 01:47:26,820 [pool-73-thread-1] INFO  server.RaftServerConfigKeys (ConfUtils.java:logGet(46)) - raft.server.log.force.sync.num = 128 (default)
2022-07-30 01:47:26,820 [pool-73-thread-1] INFO  server.RaftServerConfigKeys (ConfUtils.java:logGet(46)) - raft.server.log.statemachine.data.sync = true (default)
2022-07-30 01:47:26,820 [pool-73-thread-1] INFO  server.RaftServerConfigKeys (ConfUtils.java:logGet(46)) - raft.server.log.statemachine.data.sync.timeout = 10s (default)
2022-07-30 01:47:26,820 [pool-73-thread-1] INFO  server.RaftServerConfigKeys (ConfUtils.java:logGet(46)) - raft.server.log.statemachine.data.sync.timeout.retry = -1 (default)
2022-07-30 01:47:26,822 [pool-73-thread-1] INFO  server.RaftServerConfigKeys (ConfUtils.java:logGet(46)) - raft.server.log.write.buffer.size = 1048576 (custom)
2022-07-30 01:47:26,823 [pool-73-thread-1] INFO  server.RaftServerConfigKeys (ConfUtils.java:logGet(46)) - raft.server.log.unsafe-flush.enabled = false (default)
2022-07-30 01:47:26,823 [pool-73-thread-1] INFO  server.RaftServerConfigKeys (ConfUtils.java:logGet(46)) - raft.server.log.statemachine.data.caching.enabled = true (custom)
2022-07-30 01:47:26,823 [pool-73-thread-1] INFO  segmented.SegmentedRaftLogWorker (SegmentedRaftLogWorker.java:lambda$new$0(135)) - 6021f7c2-427d-4cd8-a216-b0a112acbfad@group-82A1F304F3BA-SegmentedRaftLogWorker: flushIndex: setUnconditionally 0 -> -1
2022-07-30 01:47:26,823 [pool-73-thread-1] INFO  segmented.SegmentedRaftLogWorker (SegmentedRaftLogWorker.java:lambda$new$0(135)) - 6021f7c2-427d-4cd8-a216-b0a112acbfad@group-82A1F304F3BA-SegmentedRaftLogWorker: safeCacheEvictIndex: setUnconditionally 0 -> -1
2022-07-30 01:47:26,828 [pool-73-thread-1] INFO  server.RaftServerConfigKeys (ConfUtils.java:logGet(46)) - raft.server.snapshot.auto.trigger.enabled = true (custom)
2022-07-30 01:47:26,828 [pool-73-thread-1] INFO  server.RaftServerConfigKeys (ConfUtils.java:logGet(46)) - raft.server.snapshot.auto.trigger.threshold = 10000 (custom)
2022-07-30 01:47:26,828 [pool-73-thread-1] INFO  server.RaftServerConfigKeys (ConfUtils.java:logGet(46)) - raft.server.snapshot.retention.file.num = 5 (custom)
2022-07-30 01:47:26,828 [pool-73-thread-1] INFO  server.RaftServerConfigKeys (ConfUtils.java:logGet(46)) - raft.server.log.purge.upto.snapshot.index = false (default)
2022-07-30 01:47:26,828 [pool-73-thread-1] INFO  server.RaftServerConfigKeys (ConfUtils.java:logGet(46)) - raft.server.retrycache.expirytime = 600000ms (custom)
2022-07-30 01:47:26,828 [pool-73-thread-1] INFO  server.RaftServerConfigKeys (ConfUtils.java:logGet(46)) - raft.server.retrycache.statistics.expirytime = 100μs (default)
2022-07-30 01:47:26,833 [pool-73-thread-1] INFO  server.RaftServerConfigKeys (ConfUtils.java:logGet(46)) - raft.server.log.appender.install.snapshot.enabled = false (custom)
2022-07-30 01:47:26,833 [pool-73-thread-1] INFO  server.RaftServerConfigKeys (ConfUtils.java:logGet(46)) - raft.server.threadpool.server.cached = true (default)
2022-07-30 01:47:26,833 [pool-73-thread-1] INFO  server.RaftServerConfigKeys (ConfUtils.java:logGet(46)) - raft.server.threadpool.server.size = 0 (default)
2022-07-30 01:47:26,833 [pool-73-thread-1] INFO  server.RaftServerConfigKeys (ConfUtils.java:logGet(46)) - raft.server.threadpool.client.cached = true (default)
2022-07-30 01:47:26,833 [pool-73-thread-1] INFO  server.RaftServerConfigKeys (ConfUtils.java:logGet(46)) - raft.server.threadpool.client.size = 0 (default)
2022-07-30 01:47:26,833 [pool-73-thread-1] INFO  server.RaftServer$Division (RaftServerImpl.java:start(310)) - 6021f7c2-427d-4cd8-a216-b0a112acbfad@group-82A1F304F3BA: start as a follower, conf=-1: [2f82598e-6ad5-4b85-a1e1-fdafd308d280|rpc:10.1.0.37:45671|priority:0, 6021f7c2-427d-4cd8-a216-b0a112acbfad|rpc:10.1.0.37:41905|priority:0, 3b7c218c-5ec1-49c6-951e-2891968f85c7|rpc:10.1.0.37:34587|priority:1], old=null
2022-07-30 01:47:26,833 [pool-73-thread-1] INFO  server.RaftServer$Division (RaftServerImpl.java:setRole(299)) - 6021f7c2-427d-4cd8-a216-b0a112acbfad@group-82A1F304F3BA: changes role from      null to FOLLOWER at term 0 for startAsFollower
2022-07-30 01:47:26,833 [pool-73-thread-1] INFO  impl.RoleInfo (RoleInfo.java:updateAndGet(139)) - 6021f7c2-427d-4cd8-a216-b0a112acbfad: start 6021f7c2-427d-4cd8-a216-b0a112acbfad@group-82A1F304F3BA-FollowerState
2022-07-30 01:47:26,834 [pool-73-thread-1] INFO  util.JmxRegister (JmxRegister.java:tryRegister(44)) - Successfully registered JMX Bean with object name Ratis:service=RaftServer,group=group-82A1F304F3BA,id=6021f7c2-427d-4cd8-a216-b0a112acbfad
2022-07-30 01:47:26,839 [Command processor thread] INFO  ratis.XceiverServerRatis (XceiverServerRatis.java:addGroup(765)) - Created group PipelineID=e7d2eecc-8f07-4db4-a1f6-82a1f304f3ba
2022-07-30 01:47:27,285 [Command processor thread] INFO  server.RaftServer (RaftServerProxy.java:addNew(96)) - 2f82598e-6ad5-4b85-a1e1-fdafd308d280: addNew group-49C41CBD19AB:[2f82598e-6ad5-4b85-a1e1-fdafd308d280|rpc:10.1.0.37:45671|priority:1] returns group-49C41CBD19AB:java.util.concurrent.CompletableFuture@6461841e[Not completed]
2022-07-30 01:47:27,288 [pool-96-thread-1] INFO  server.RaftServer$Division (RaftServerImpl.java:<init>(190)) - 2f82598e-6ad5-4b85-a1e1-fdafd308d280: new RaftServerImpl for group-49C41CBD19AB:[2f82598e-6ad5-4b85-a1e1-fdafd308d280|rpc:10.1.0.37:45671|priority:1] with ContainerStateMachine:uninitialized
2022-07-30 01:47:27,288 [pool-96-thread-1] INFO  server.RaftServerConfigKeys (ConfUtils.java:logGet(46)) - raft.server.rpc.timeout.min = 5s (custom)
2022-07-30 01:47:27,288 [pool-96-thread-1] INFO  server.RaftServerConfigKeys (ConfUtils.java:logGet(46)) - raft.server.rpc.timeout.max = 5200ms (custom)
2022-07-30 01:47:27,288 [pool-96-thread-1] INFO  server.RaftServerConfigKeys (ConfUtils.java:logGet(46)) - raft.server.rpc.sleep.time = 25ms (default)
2022-07-30 01:47:27,290 [pool-96-thread-1] INFO  server.RaftServerConfigKeys (ConfUtils.java:logGet(46)) - raft.server.rpc.slowness.timeout = 300s (custom)
2022-07-30 01:47:27,290 [pool-96-thread-1] INFO  server.RaftServerConfigKeys (ConfUtils.java:logGet(46)) - raft.server.leaderelection.leader.step-down.wait-time = 10s (default)
2022-07-30 01:47:27,291 [pool-96-thread-1] INFO  server.RaftServerConfigKeys (ConfUtils.java:logGet(46)) - raft.server.sleep.deviation.threshold = 300ms (default)
2022-07-30 01:47:27,291 [pool-96-thread-1] INFO  server.RaftServer$Division (ServerState.java:<init>(107)) - 2f82598e-6ad5-4b85-a1e1-fdafd308d280@group-49C41CBD19AB: ConfigurationManager, init=-1: [2f82598e-6ad5-4b85-a1e1-fdafd308d280|rpc:10.1.0.37:45671|priority:1], old=null, confs=<EMPTY_MAP>
2022-07-30 01:47:27,291 [pool-96-thread-1] INFO  server.RaftServerConfigKeys (ConfUtils.java:logGet(46)) - raft.server.storage.dir = [/home/runner/work/ozone/ozone/hadoop-ozone/integration-test/target/test-dir/MiniOzoneClusterImpl-4bb34576-a2e6-484c-bd4a-6e4bad1f8a8d/datanode-1/data/ratis] (custom)
2022-07-30 01:47:27,291 [pool-96-thread-1] INFO  server.RaftServerConfigKeys (ConfUtils.java:logGet(46)) - raft.server.log.corruption.policy = EXCEPTION (default)
2022-07-30 01:47:27,291 [pool-96-thread-1] INFO  server.RaftServerConfigKeys (ConfUtils.java:logGet(46)) - raft.server.storage.free-space.min = 0MB (=0) (default)
2022-07-30 01:47:27,291 [pool-96-thread-1] INFO  storage.RaftStorageDirectory (RaftStorageDirectoryImpl.java:analyzeStorage(135)) - The storage directory /home/runner/work/ozone/ozone/hadoop-ozone/integration-test/target/test-dir/MiniOzoneClusterImpl-4bb34576-a2e6-484c-bd4a-6e4bad1f8a8d/datanode-1/data/ratis/27e2b228-8fc8-4fc3-8f35-49c41cbd19ab does not exist. Creating ...
2022-07-30 01:47:27,298 [pool-96-thread-1] INFO  storage.RaftStorageDirectory (RaftStorageDirectoryImpl.java:tryLock(230)) - Lock on /home/runner/work/ozone/ozone/hadoop-ozone/integration-test/target/test-dir/MiniOzoneClusterImpl-4bb34576-a2e6-484c-bd4a-6e4bad1f8a8d/datanode-1/data/ratis/27e2b228-8fc8-4fc3-8f35-49c41cbd19ab/in_use.lock acquired by nodename 10860@fv-az297-62
2022-07-30 01:47:27,300 [pool-96-thread-1] INFO  storage.RaftStorage (RaftStorageImpl.java:format(89)) - Storage directory /home/runner/work/ozone/ozone/hadoop-ozone/integration-test/target/test-dir/MiniOzoneClusterImpl-4bb34576-a2e6-484c-bd4a-6e4bad1f8a8d/datanode-1/data/ratis/27e2b228-8fc8-4fc3-8f35-49c41cbd19ab has been successfully formatted.
2022-07-30 01:47:27,301 [pool-96-thread-1] INFO  ratis.ContainerStateMachine (ContainerStateMachine.java:loadSnapshot(236)) - group-49C41CBD19AB: The snapshot info is null. Setting the last applied indexto:(t:0, i:~)
2022-07-30 01:47:27,304 [pool-96-thread-1] INFO  server.RaftServerConfigKeys (ConfUtils.java:logGet(46)) - raft.server.notification.no-leader.timeout = 300s (custom)
2022-07-30 01:47:27,304 [pool-96-thread-1] INFO  server.RaftServerConfigKeys (ConfUtils.java:logGet(46)) - raft.server.log.use.memory = false (default)
2022-07-30 01:47:27,304 [pool-96-thread-1] INFO  server.RaftServerConfigKeys (ConfUtils.java:logGet(46)) - raft.server.log.purge.gap = 1000000 (custom)
2022-07-30 01:47:27,305 [pool-96-thread-1] INFO  server.RaftServerConfigKeys (ConfUtils.java:logGet(46)) - raft.server.log.appender.buffer.byte-limit = 33554432 (custom)
2022-07-30 01:47:27,305 [pool-96-thread-1] INFO  server.RaftServerConfigKeys (ConfUtils.java:logGet(46)) - raft.server.log.statemachine.data.read.timeout = 1000ms (default)
2022-07-30 01:47:27,305 [pool-96-thread-1] INFO  server.RaftServerConfigKeys (ConfUtils.java:logGet(46)) - raft.server.log.segment.size.max = 1048576 (custom)
2022-07-30 01:47:27,307 [Listener at 127.0.0.1/39159] INFO  ozone.MiniOzoneClusterImpl (MiniOzoneClusterImpl.java:lambda$waitForClusterToBeReady$0(216)) - Nodes are ready. Got 5 of 5 DN Heartbeats.
2022-07-30 01:47:27,307 [Listener at 127.0.0.1/39159] INFO  ozone.MiniOzoneClusterImpl (MiniOzoneClusterImpl.java:lambda$waitForClusterToBeReady$0(219)) - Waiting for cluster to exit safe mode
2022-07-30 01:47:27,307 [Listener at 127.0.0.1/39159] INFO  ozone.MiniOzoneClusterImpl (MiniOzoneClusterImpl.java:lambda$waitForClusterToBeReady$0(221)) - SCM became leader
2022-07-30 01:47:27,311 [EventQueue-PipelineReportForPipelineReportHandler] INFO  pipeline.PipelineManagerImpl (PipelineManagerImpl.java:openPipeline(367)) - Pipeline Pipeline[ Id: 27e2b228-8fc8-4fc3-8f35-49c41cbd19ab, Nodes: 2f82598e-6ad5-4b85-a1e1-fdafd308d280{ip: 10.1.0.37, host: fv-az297-62.nmf1rxwemy4u5di1sxxf4ejcwb.jx.internal.cloudapp.net, ports: [REPLICATION=37379, RATIS=45671, RATIS_ADMIN=45671, RATIS_SERVER=45671, STANDALONE=40131], networkLocation: /default-rack, certSerialId: null, persistedOpState: IN_SERVICE, persistedOpStateExpiryEpochSec: 0}, ReplicationConfig: RATIS/ONE, State:ALLOCATED, leaderId:2f82598e-6ad5-4b85-a1e1-fdafd308d280, CreationTimestamp2022-07-30T01:47:24.289Z[Etc/UTC]] moved to OPEN state
2022-07-30 01:47:27,312 [EventQueue-OpenPipelineForHealthyPipelineSafeModeRule] INFO  safemode.SCMSafeModeManager (HealthyPipelineSafeModeRule.java:process(137)) - SCM in safe mode. Healthy pipelines reported count is 0, required healthy pipeline reported count is 1
2022-07-30 01:47:27,318 [pool-96-thread-1] INFO  server.RaftServerConfigKeys (ConfUtils.java:logGet(46)) - raft.server.log.segment.cache.num.max = 2 (custom)
2022-07-30 01:47:27,319 [pool-96-thread-1] INFO  server.RaftServerConfigKeys (ConfUtils.java:logGet(46)) - raft.server.log.segment.cache.size.max = 200MB (=209715200) (default)
2022-07-30 01:47:27,319 [pool-96-thread-1] INFO  segmented.SegmentedRaftLogWorker (SegmentedRaftLogWorker.java:<init>(187)) - new 2f82598e-6ad5-4b85-a1e1-fdafd308d280@group-49C41CBD19AB-SegmentedRaftLogWorker for RaftStorageImpl:Storage Directory /home/runner/work/ozone/ozone/hadoop-ozone/integration-test/target/test-dir/MiniOzoneClusterImpl-4bb34576-a2e6-484c-bd4a-6e4bad1f8a8d/datanode-1/data/ratis/27e2b228-8fc8-4fc3-8f35-49c41cbd19ab
2022-07-30 01:47:27,319 [pool-96-thread-1] INFO  server.RaftServerConfigKeys (ConfUtils.java:logGet(46)) - raft.server.log.queue.byte-limit = 4294967296 (custom)
2022-07-30 01:47:27,319 [pool-96-thread-1] INFO  server.RaftServerConfigKeys (ConfUtils.java:logGet(46)) - raft.server.log.queue.element-limit = 1024 (custom)
2022-07-30 01:47:27,323 [pool-96-thread-1] INFO  server.RaftServerConfigKeys (ConfUtils.java:logGet(46)) - raft.server.log.segment.size.max = 1048576 (custom)
2022-07-30 01:47:27,323 [pool-96-thread-1] INFO  server.RaftServerConfigKeys (ConfUtils.java:logGet(46)) - raft.server.log.preallocated.size = 16384 (custom)
2022-07-30 01:47:27,324 [pool-96-thread-1] INFO  server.RaftServerConfigKeys (ConfUtils.java:logGet(46)) - raft.server.log.force.sync.num = 128 (default)
2022-07-30 01:47:27,324 [pool-96-thread-1] INFO  server.RaftServerConfigKeys (ConfUtils.java:logGet(46)) - raft.server.log.statemachine.data.sync = true (default)
2022-07-30 01:47:27,324 [pool-96-thread-1] INFO  server.RaftServerConfigKeys (ConfUtils.java:logGet(46)) - raft.server.log.statemachine.data.sync.timeout = 10s (default)
2022-07-30 01:47:27,324 [pool-96-thread-1] INFO  server.RaftServerConfigKeys (ConfUtils.java:logGet(46)) - raft.server.log.statemachine.data.sync.timeout.retry = -1 (default)
2022-07-30 01:47:27,330 [pool-96-thread-1] INFO  server.RaftServerConfigKeys (ConfUtils.java:logGet(46)) - raft.server.log.write.buffer.size = 1048576 (custom)
2022-07-30 01:47:27,330 [pool-96-thread-1] INFO  server.RaftServerConfigKeys (ConfUtils.java:logGet(46)) - raft.server.log.unsafe-flush.enabled = false (default)
2022-07-30 01:47:27,330 [pool-96-thread-1] INFO  server.RaftServerConfigKeys (ConfUtils.java:logGet(46)) - raft.server.log.statemachine.data.caching.enabled = true (custom)
2022-07-30 01:47:27,330 [pool-96-thread-1] INFO  segmented.SegmentedRaftLogWorker (SegmentedRaftLogWorker.java:lambda$new$0(135)) - 2f82598e-6ad5-4b85-a1e1-fdafd308d280@group-49C41CBD19AB-SegmentedRaftLogWorker: flushIndex: setUnconditionally 0 -> -1
2022-07-30 01:47:27,330 [pool-96-thread-1] INFO  segmented.SegmentedRaftLogWorker (SegmentedRaftLogWorker.java:lambda$new$0(135)) - 2f82598e-6ad5-4b85-a1e1-fdafd308d280@group-49C41CBD19AB-SegmentedRaftLogWorker: safeCacheEvictIndex: setUnconditionally 0 -> -1
2022-07-30 01:47:27,339 [pool-96-thread-1] INFO  server.RaftServerConfigKeys (ConfUtils.java:logGet(46)) - raft.server.snapshot.auto.trigger.enabled = true (custom)
2022-07-30 01:47:27,340 [pool-96-thread-1] INFO  server.RaftServerConfigKeys (ConfUtils.java:logGet(46)) - raft.server.snapshot.auto.trigger.threshold = 10000 (custom)
2022-07-30 01:47:27,340 [pool-96-thread-1] INFO  server.RaftServerConfigKeys (ConfUtils.java:logGet(46)) - raft.server.snapshot.retention.file.num = 5 (custom)
2022-07-30 01:47:27,340 [pool-96-thread-1] INFO  server.RaftServerConfigKeys (ConfUtils.java:logGet(46)) - raft.server.log.purge.upto.snapshot.index = false (default)
2022-07-30 01:47:27,340 [pool-96-thread-1] INFO  server.RaftServerConfigKeys (ConfUtils.java:logGet(46)) - raft.server.retrycache.expirytime = 600000ms (custom)
2022-07-30 01:47:27,340 [pool-96-thread-1] INFO  server.RaftServerConfigKeys (ConfUtils.java:logGet(46)) - raft.server.retrycache.statistics.expirytime = 100μs (default)
2022-07-30 01:47:27,342 [pool-96-thread-1] INFO  server.RaftServerConfigKeys (ConfUtils.java:logGet(46)) - raft.server.log.appender.install.snapshot.enabled = false (custom)
2022-07-30 01:47:27,342 [pool-96-thread-1] INFO  server.RaftServerConfigKeys (ConfUtils.java:logGet(46)) - raft.server.threadpool.server.cached = true (default)
2022-07-30 01:47:27,342 [pool-96-thread-1] INFO  server.RaftServerConfigKeys (ConfUtils.java:logGet(46)) - raft.server.threadpool.server.size = 0 (default)
2022-07-30 01:47:27,342 [pool-96-thread-1] INFO  server.RaftServerConfigKeys (ConfUtils.java:logGet(46)) - raft.server.threadpool.client.cached = true (default)
2022-07-30 01:47:27,342 [pool-96-thread-1] INFO  server.RaftServerConfigKeys (ConfUtils.java:logGet(46)) - raft.server.threadpool.client.size = 0 (default)
2022-07-30 01:47:27,342 [pool-96-thread-1] INFO  server.RaftServer$Division (RaftServerImpl.java:start(310)) - 2f82598e-6ad5-4b85-a1e1-fdafd308d280@group-49C41CBD19AB: start as a follower, conf=-1: [2f82598e-6ad5-4b85-a1e1-fdafd308d280|rpc:10.1.0.37:45671|priority:1], old=null
2022-07-30 01:47:27,345 [pool-96-thread-1] INFO  server.RaftServer$Division (RaftServerImpl.java:setRole(299)) - 2f82598e-6ad5-4b85-a1e1-fdafd308d280@group-49C41CBD19AB: changes role from      null to FOLLOWER at term 0 for startAsFollower
2022-07-30 01:47:27,345 [pool-96-thread-1] INFO  impl.RoleInfo (RoleInfo.java:updateAndGet(139)) - 2f82598e-6ad5-4b85-a1e1-fdafd308d280: start 2f82598e-6ad5-4b85-a1e1-fdafd308d280@group-49C41CBD19AB-FollowerState
2022-07-30 01:47:27,348 [pool-96-thread-1] INFO  util.JmxRegister (JmxRegister.java:tryRegister(44)) - Successfully registered JMX Bean with object name Ratis:service=RaftServer,group=group-49C41CBD19AB,id=2f82598e-6ad5-4b85-a1e1-fdafd308d280
2022-07-30 01:47:27,350 [Command processor thread] INFO  ratis.XceiverServerRatis (XceiverServerRatis.java:addGroup(765)) - Created group PipelineID=27e2b228-8fc8-4fc3-8f35-49c41cbd19ab
2022-07-30 01:47:27,350 [Command processor thread] INFO  commandhandler.CreatePipelineCommandHandler (CreatePipelineCommandHandler.java:handle(113)) - Created Pipeline RATIS ONE PipelineID=27e2b228-8fc8-4fc3-8f35-49c41cbd19ab.
2022-07-30 01:47:27,351 [Command processor thread] INFO  server.RaftServer (RaftServerProxy.java:addNew(96)) - 2f82598e-6ad5-4b85-a1e1-fdafd308d280: addNew group-82A1F304F3BA:[2f82598e-6ad5-4b85-a1e1-fdafd308d280|rpc:10.1.0.37:45671|priority:0, 6021f7c2-427d-4cd8-a216-b0a112acbfad|rpc:10.1.0.37:41905|priority:0, 3b7c218c-5ec1-49c6-951e-2891968f85c7|rpc:10.1.0.37:34587|priority:1] returns group-82A1F304F3BA:java.util.concurrent.CompletableFuture@605e1c4a[Not completed]
2022-07-30 01:47:27,352 [pool-96-thread-1] INFO  server.RaftServer$Division (RaftServerImpl.java:<init>(190)) - 2f82598e-6ad5-4b85-a1e1-fdafd308d280: new RaftServerImpl for group-82A1F304F3BA:[2f82598e-6ad5-4b85-a1e1-fdafd308d280|rpc:10.1.0.37:45671|priority:0, 6021f7c2-427d-4cd8-a216-b0a112acbfad|rpc:10.1.0.37:41905|priority:0, 3b7c218c-5ec1-49c6-951e-2891968f85c7|rpc:10.1.0.37:34587|priority:1] with ContainerStateMachine:uninitialized
2022-07-30 01:47:27,352 [pool-96-thread-1] INFO  server.RaftServerConfigKeys (ConfUtils.java:logGet(46)) - raft.server.rpc.timeout.min = 5s (custom)
2022-07-30 01:47:27,352 [pool-96-thread-1] INFO  server.RaftServerConfigKeys (ConfUtils.java:logGet(46)) - raft.server.rpc.timeout.max = 5200ms (custom)
2022-07-30 01:47:27,353 [pool-96-thread-1] INFO  server.RaftServerConfigKeys (ConfUtils.java:logGet(46)) - raft.server.rpc.sleep.time = 25ms (default)
2022-07-30 01:47:27,353 [pool-96-thread-1] INFO  server.RaftServerConfigKeys (ConfUtils.java:logGet(46)) - raft.server.rpc.slowness.timeout = 300s (custom)
2022-07-30 01:47:27,353 [pool-96-thread-1] INFO  server.RaftServerConfigKeys (ConfUtils.java:logGet(46)) - raft.server.leaderelection.leader.step-down.wait-time = 10s (default)
2022-07-30 01:47:27,353 [pool-96-thread-1] INFO  server.RaftServerConfigKeys (ConfUtils.java:logGet(46)) - raft.server.sleep.deviation.threshold = 300ms (default)
2022-07-30 01:47:27,353 [pool-96-thread-1] INFO  server.RaftServer$Division (ServerState.java:<init>(107)) - 2f82598e-6ad5-4b85-a1e1-fdafd308d280@group-82A1F304F3BA: ConfigurationManager, init=-1: [2f82598e-6ad5-4b85-a1e1-fdafd308d280|rpc:10.1.0.37:45671|priority:0, 6021f7c2-427d-4cd8-a216-b0a112acbfad|rpc:10.1.0.37:41905|priority:0, 3b7c218c-5ec1-49c6-951e-2891968f85c7|rpc:10.1.0.37:34587|priority:1], old=null, confs=<EMPTY_MAP>
2022-07-30 01:47:27,353 [pool-96-thread-1] INFO  server.RaftServerConfigKeys (ConfUtils.java:logGet(46)) - raft.server.storage.dir = [/home/runner/work/ozone/ozone/hadoop-ozone/integration-test/target/test-dir/MiniOzoneClusterImpl-4bb34576-a2e6-484c-bd4a-6e4bad1f8a8d/datanode-1/data/ratis] (custom)
2022-07-30 01:47:27,353 [pool-96-thread-1] INFO  server.RaftServerConfigKeys (ConfUtils.java:logGet(46)) - raft.server.log.corruption.policy = EXCEPTION (default)
2022-07-30 01:47:27,353 [pool-96-thread-1] INFO  server.RaftServerConfigKeys (ConfUtils.java:logGet(46)) - raft.server.storage.free-space.min = 0MB (=0) (default)
2022-07-30 01:47:27,353 [pool-96-thread-1] INFO  storage.RaftStorageDirectory (RaftStorageDirectoryImpl.java:analyzeStorage(135)) - The storage directory /home/runner/work/ozone/ozone/hadoop-ozone/integration-test/target/test-dir/MiniOzoneClusterImpl-4bb34576-a2e6-484c-bd4a-6e4bad1f8a8d/datanode-1/data/ratis/e7d2eecc-8f07-4db4-a1f6-82a1f304f3ba does not exist. Creating ...
2022-07-30 01:47:27,367 [pool-96-thread-1] INFO  storage.RaftStorageDirectory (RaftStorageDirectoryImpl.java:tryLock(230)) - Lock on /home/runner/work/ozone/ozone/hadoop-ozone/integration-test/target/test-dir/MiniOzoneClusterImpl-4bb34576-a2e6-484c-bd4a-6e4bad1f8a8d/datanode-1/data/ratis/e7d2eecc-8f07-4db4-a1f6-82a1f304f3ba/in_use.lock acquired by nodename 10860@fv-az297-62
2022-07-30 01:47:27,368 [pool-96-thread-1] INFO  storage.RaftStorage (RaftStorageImpl.java:format(89)) - Storage directory /home/runner/work/ozone/ozone/hadoop-ozone/integration-test/target/test-dir/MiniOzoneClusterImpl-4bb34576-a2e6-484c-bd4a-6e4bad1f8a8d/datanode-1/data/ratis/e7d2eecc-8f07-4db4-a1f6-82a1f304f3ba has been successfully formatted.
2022-07-30 01:47:27,369 [pool-96-thread-1] INFO  ratis.ContainerStateMachine (ContainerStateMachine.java:loadSnapshot(236)) - group-82A1F304F3BA: The snapshot info is null. Setting the last applied indexto:(t:0, i:~)
2022-07-30 01:47:27,369 [pool-96-thread-1] INFO  server.RaftServerConfigKeys (ConfUtils.java:logGet(46)) - raft.server.notification.no-leader.timeout = 300s (custom)
2022-07-30 01:47:27,369 [pool-96-thread-1] INFO  server.RaftServerConfigKeys (ConfUtils.java:logGet(46)) - raft.server.log.use.memory = false (default)
2022-07-30 01:47:27,369 [pool-96-thread-1] INFO  server.RaftServerConfigKeys (ConfUtils.java:logGet(46)) - raft.server.log.purge.gap = 1000000 (custom)
2022-07-30 01:47:27,369 [pool-96-thread-1] INFO  server.RaftServerConfigKeys (ConfUtils.java:logGet(46)) - raft.server.log.appender.buffer.byte-limit = 33554432 (custom)
2022-07-30 01:47:27,369 [pool-96-thread-1] INFO  server.RaftServerConfigKeys (ConfUtils.java:logGet(46)) - raft.server.log.statemachine.data.read.timeout = 1000ms (default)
2022-07-30 01:47:27,370 [pool-96-thread-1] INFO  server.RaftServerConfigKeys (ConfUtils.java:logGet(46)) - raft.server.log.segment.size.max = 1048576 (custom)
2022-07-30 01:47:27,371 [pool-96-thread-1] INFO  server.RaftServerConfigKeys (ConfUtils.java:logGet(46)) - raft.server.log.segment.cache.num.max = 2 (custom)
2022-07-30 01:47:27,371 [pool-96-thread-1] INFO  server.RaftServerConfigKeys (ConfUtils.java:logGet(46)) - raft.server.log.segment.cache.size.max = 200MB (=209715200) (default)
2022-07-30 01:47:27,371 [pool-96-thread-1] INFO  segmented.SegmentedRaftLogWorker (SegmentedRaftLogWorker.java:<init>(187)) - new 2f82598e-6ad5-4b85-a1e1-fdafd308d280@group-82A1F304F3BA-SegmentedRaftLogWorker for RaftStorageImpl:Storage Directory /home/runner/work/ozone/ozone/hadoop-ozone/integration-test/target/test-dir/MiniOzoneClusterImpl-4bb34576-a2e6-484c-bd4a-6e4bad1f8a8d/datanode-1/data/ratis/e7d2eecc-8f07-4db4-a1f6-82a1f304f3ba
2022-07-30 01:47:27,371 [pool-96-thread-1] INFO  server.RaftServerConfigKeys (ConfUtils.java:logGet(46)) - raft.server.log.queue.byte-limit = 4294967296 (custom)
2022-07-30 01:47:27,371 [pool-96-thread-1] INFO  server.RaftServerConfigKeys (ConfUtils.java:logGet(46)) - raft.server.log.queue.element-limit = 1024 (custom)
2022-07-30 01:47:27,371 [pool-96-thread-1] INFO  server.RaftServerConfigKeys (ConfUtils.java:logGet(46)) - raft.server.log.segment.size.max = 1048576 (custom)
2022-07-30 01:47:27,371 [pool-96-thread-1] INFO  server.RaftServerConfigKeys (ConfUtils.java:logGet(46)) - raft.server.log.preallocated.size = 16384 (custom)
2022-07-30 01:47:27,371 [pool-96-thread-1] INFO  server.RaftServerConfigKeys (ConfUtils.java:logGet(46)) - raft.server.log.force.sync.num = 128 (default)
2022-07-30 01:47:27,371 [pool-96-thread-1] INFO  server.RaftServerConfigKeys (ConfUtils.java:logGet(46)) - raft.server.log.statemachine.data.sync = true (default)
2022-07-30 01:47:27,371 [pool-96-thread-1] INFO  server.RaftServerConfigKeys (ConfUtils.java:logGet(46)) - raft.server.log.statemachine.data.sync.timeout = 10s (default)
2022-07-30 01:47:27,371 [pool-96-thread-1] INFO  server.RaftServerConfigKeys (ConfUtils.java:logGet(46)) - raft.server.log.statemachine.data.sync.timeout.retry = -1 (default)
2022-07-30 01:47:27,373 [pool-96-thread-1] INFO  server.RaftServerConfigKeys (ConfUtils.java:logGet(46)) - raft.server.log.write.buffer.size = 1048576 (custom)
2022-07-30 01:47:27,373 [pool-96-thread-1] INFO  server.RaftServerConfigKeys (ConfUtils.java:logGet(46)) - raft.server.log.unsafe-flush.enabled = false (default)
2022-07-30 01:47:27,373 [pool-96-thread-1] INFO  server.RaftServerConfigKeys (ConfUtils.java:logGet(46)) - raft.server.log.statemachine.data.caching.enabled = true (custom)
2022-07-30 01:47:27,373 [pool-96-thread-1] INFO  segmented.SegmentedRaftLogWorker (SegmentedRaftLogWorker.java:lambda$new$0(135)) - 2f82598e-6ad5-4b85-a1e1-fdafd308d280@group-82A1F304F3BA-SegmentedRaftLogWorker: flushIndex: setUnconditionally 0 -> -1
2022-07-30 01:47:27,373 [pool-96-thread-1] INFO  segmented.SegmentedRaftLogWorker (SegmentedRaftLogWorker.java:lambda$new$0(135)) - 2f82598e-6ad5-4b85-a1e1-fdafd308d280@group-82A1F304F3BA-SegmentedRaftLogWorker: safeCacheEvictIndex: setUnconditionally 0 -> -1
2022-07-30 01:47:27,381 [EventQueue-OpenPipelineForHealthyPipelineSafeModeRule] INFO  safemode.SCMSafeModeManager (HealthyPipelineSafeModeRule.java:process(137)) - SCM in safe mode. Healthy pipelines reported count is 0, required healthy pipeline reported count is 1
2022-07-30 01:47:27,382 [pool-96-thread-1] INFO  server.RaftServerConfigKeys (ConfUtils.java:logGet(46)) - raft.server.snapshot.auto.trigger.enabled = true (custom)
2022-07-30 01:47:27,382 [pool-96-thread-1] INFO  server.RaftServerConfigKeys (ConfUtils.java:logGet(46)) - raft.server.snapshot.auto.trigger.threshold = 10000 (custom)
2022-07-30 01:47:27,382 [pool-96-thread-1] INFO  server.RaftServerConfigKeys (ConfUtils.java:logGet(46)) - raft.server.snapshot.retention.file.num = 5 (custom)
2022-07-30 01:47:27,382 [pool-96-thread-1] INFO  server.RaftServerConfigKeys (ConfUtils.java:logGet(46)) - raft.server.log.purge.upto.snapshot.index = false (default)
2022-07-30 01:47:27,382 [pool-96-thread-1] INFO  server.RaftServerConfigKeys (ConfUtils.java:logGet(46)) - raft.server.retrycache.expirytime = 600000ms (custom)
2022-07-30 01:47:27,382 [pool-96-thread-1] INFO  server.RaftServerConfigKeys (ConfUtils.java:logGet(46)) - raft.server.retrycache.statistics.expirytime = 100μs (default)
2022-07-30 01:47:27,384 [pool-96-thread-1] INFO  server.RaftServerConfigKeys (ConfUtils.java:logGet(46)) - raft.server.log.appender.install.snapshot.enabled = false (custom)
2022-07-30 01:47:27,384 [pool-96-thread-1] INFO  server.RaftServerConfigKeys (ConfUtils.java:logGet(46)) - raft.server.threadpool.server.cached = true (default)
2022-07-30 01:47:27,384 [pool-96-thread-1] INFO  server.RaftServerConfigKeys (ConfUtils.java:logGet(46)) - raft.server.threadpool.server.size = 0 (default)
2022-07-30 01:47:27,385 [pool-96-thread-1] INFO  server.RaftServerConfigKeys (ConfUtils.java:logGet(46)) - raft.server.threadpool.client.cached = true (default)
2022-07-30 01:47:27,385 [pool-96-thread-1] INFO  server.RaftServerConfigKeys (ConfUtils.java:logGet(46)) - raft.server.threadpool.client.size = 0 (default)
2022-07-30 01:47:27,385 [pool-96-thread-1] INFO  server.RaftServer$Division (RaftServerImpl.java:start(310)) - 2f82598e-6ad5-4b85-a1e1-fdafd308d280@group-82A1F304F3BA: start as a follower, conf=-1: [2f82598e-6ad5-4b85-a1e1-fdafd308d280|rpc:10.1.0.37:45671|priority:0, 6021f7c2-427d-4cd8-a216-b0a112acbfad|rpc:10.1.0.37:41905|priority:0, 3b7c218c-5ec1-49c6-951e-2891968f85c7|rpc:10.1.0.37:34587|priority:1], old=null
2022-07-30 01:47:27,385 [pool-96-thread-1] INFO  server.RaftServer$Division (RaftServerImpl.java:setRole(299)) - 2f82598e-6ad5-4b85-a1e1-fdafd308d280@group-82A1F304F3BA: changes role from      null to FOLLOWER at term 0 for startAsFollower
2022-07-30 01:47:27,386 [pool-96-thread-1] INFO  impl.RoleInfo (RoleInfo.java:updateAndGet(139)) - 2f82598e-6ad5-4b85-a1e1-fdafd308d280: start 2f82598e-6ad5-4b85-a1e1-fdafd308d280@group-82A1F304F3BA-FollowerState
2022-07-30 01:47:27,396 [pool-96-thread-1] INFO  util.JmxRegister (JmxRegister.java:tryRegister(44)) - Successfully registered JMX Bean with object name Ratis:service=RaftServer,group=group-82A1F304F3BA,id=2f82598e-6ad5-4b85-a1e1-fdafd308d280
2022-07-30 01:47:27,401 [Command processor thread] INFO  ratis.XceiverServerRatis (XceiverServerRatis.java:addGroup(765)) - Created group PipelineID=e7d2eecc-8f07-4db4-a1f6-82a1f304f3ba
2022-07-30 01:47:27,493 [grpc-default-executor-1] INFO  server.RaftServer (RaftServerProxy.java:addNew(96)) - 3b7c218c-5ec1-49c6-951e-2891968f85c7: addNew group-82A1F304F3BA:[2f82598e-6ad5-4b85-a1e1-fdafd308d280|rpc:10.1.0.37:45671|dataStream:|priority:0, 6021f7c2-427d-4cd8-a216-b0a112acbfad|rpc:10.1.0.37:41905|dataStream:|priority:0, 3b7c218c-5ec1-49c6-951e-2891968f85c7|rpc:10.1.0.37:34587|dataStream:|priority:1] returns group-82A1F304F3BA:java.util.concurrent.CompletableFuture@23f5fc77[Not completed]
2022-07-30 01:47:27,495 [pool-119-thread-1] INFO  server.RaftServer$Division (RaftServerImpl.java:<init>(190)) - 3b7c218c-5ec1-49c6-951e-2891968f85c7: new RaftServerImpl for group-82A1F304F3BA:[2f82598e-6ad5-4b85-a1e1-fdafd308d280|rpc:10.1.0.37:45671|dataStream:|priority:0, 6021f7c2-427d-4cd8-a216-b0a112acbfad|rpc:10.1.0.37:41905|dataStream:|priority:0, 3b7c218c-5ec1-49c6-951e-2891968f85c7|rpc:10.1.0.37:34587|dataStream:|priority:1] with ContainerStateMachine:uninitialized
2022-07-30 01:47:27,496 [pool-119-thread-1] INFO  server.RaftServerConfigKeys (ConfUtils.java:logGet(46)) - raft.server.rpc.timeout.min = 5s (custom)
2022-07-30 01:47:27,496 [pool-119-thread-1] INFO  server.RaftServerConfigKeys (ConfUtils.java:logGet(46)) - raft.server.rpc.timeout.max = 5200ms (custom)
2022-07-30 01:47:27,496 [pool-119-thread-1] INFO  server.RaftServerConfigKeys (ConfUtils.java:logGet(46)) - raft.server.rpc.sleep.time = 25ms (default)
2022-07-30 01:47:27,496 [pool-119-thread-1] INFO  server.RaftServerConfigKeys (ConfUtils.java:logGet(46)) - raft.server.rpc.slowness.timeout = 300s (custom)
2022-07-30 01:47:27,496 [pool-119-thread-1] INFO  server.RaftServerConfigKeys (ConfUtils.java:logGet(46)) - raft.server.leaderelection.leader.step-down.wait-time = 10s (default)
2022-07-30 01:47:27,496 [pool-119-thread-1] INFO  server.RaftServerConfigKeys (ConfUtils.java:logGet(46)) - raft.server.sleep.deviation.threshold = 300ms (default)
2022-07-30 01:47:27,496 [pool-119-thread-1] INFO  server.RaftServer$Division (ServerState.java:<init>(107)) - 3b7c218c-5ec1-49c6-951e-2891968f85c7@group-82A1F304F3BA: ConfigurationManager, init=-1: [2f82598e-6ad5-4b85-a1e1-fdafd308d280|rpc:10.1.0.37:45671|dataStream:|priority:0, 6021f7c2-427d-4cd8-a216-b0a112acbfad|rpc:10.1.0.37:41905|dataStream:|priority:0, 3b7c218c-5ec1-49c6-951e-2891968f85c7|rpc:10.1.0.37:34587|dataStream:|priority:1], old=null, confs=<EMPTY_MAP>
2022-07-30 01:47:27,496 [pool-119-thread-1] INFO  server.RaftServerConfigKeys (ConfUtils.java:logGet(46)) - raft.server.storage.dir = [/home/runner/work/ozone/ozone/hadoop-ozone/integration-test/target/test-dir/MiniOzoneClusterImpl-4bb34576-a2e6-484c-bd4a-6e4bad1f8a8d/datanode-2/data/ratis] (custom)
2022-07-30 01:47:27,497 [pool-119-thread-1] INFO  server.RaftServerConfigKeys (ConfUtils.java:logGet(46)) - raft.server.log.corruption.policy = EXCEPTION (default)
2022-07-30 01:47:27,497 [pool-119-thread-1] INFO  server.RaftServerConfigKeys (ConfUtils.java:logGet(46)) - raft.server.storage.free-space.min = 0MB (=0) (default)
2022-07-30 01:47:27,497 [pool-119-thread-1] INFO  storage.RaftStorageDirectory (RaftStorageDirectoryImpl.java:analyzeStorage(135)) - The storage directory /home/runner/work/ozone/ozone/hadoop-ozone/integration-test/target/test-dir/MiniOzoneClusterImpl-4bb34576-a2e6-484c-bd4a-6e4bad1f8a8d/datanode-2/data/ratis/e7d2eecc-8f07-4db4-a1f6-82a1f304f3ba does not exist. Creating ...
2022-07-30 01:47:27,501 [pool-119-thread-1] INFO  storage.RaftStorageDirectory (RaftStorageDirectoryImpl.java:tryLock(230)) - Lock on /home/runner/work/ozone/ozone/hadoop-ozone/integration-test/target/test-dir/MiniOzoneClusterImpl-4bb34576-a2e6-484c-bd4a-6e4bad1f8a8d/datanode-2/data/ratis/e7d2eecc-8f07-4db4-a1f6-82a1f304f3ba/in_use.lock acquired by nodename 10860@fv-az297-62
2022-07-30 01:47:27,504 [pool-119-thread-1] INFO  storage.RaftStorage (RaftStorageImpl.java:format(89)) - Storage directory /home/runner/work/ozone/ozone/hadoop-ozone/integration-test/target/test-dir/MiniOzoneClusterImpl-4bb34576-a2e6-484c-bd4a-6e4bad1f8a8d/datanode-2/data/ratis/e7d2eecc-8f07-4db4-a1f6-82a1f304f3ba has been successfully formatted.
2022-07-30 01:47:27,505 [pool-119-thread-1] INFO  ratis.ContainerStateMachine (ContainerStateMachine.java:loadSnapshot(236)) - group-82A1F304F3BA: The snapshot info is null. Setting the last applied indexto:(t:0, i:~)
2022-07-30 01:47:27,505 [pool-119-thread-1] INFO  server.RaftServerConfigKeys (ConfUtils.java:logGet(46)) - raft.server.notification.no-leader.timeout = 300s (custom)
2022-07-30 01:47:27,506 [pool-119-thread-1] INFO  server.RaftServerConfigKeys (ConfUtils.java:logGet(46)) - raft.server.log.use.memory = false (default)
2022-07-30 01:47:27,506 [pool-119-thread-1] INFO  server.RaftServerConfigKeys (ConfUtils.java:logGet(46)) - raft.server.log.purge.gap = 1000000 (custom)
2022-07-30 01:47:27,506 [pool-119-thread-1] INFO  server.RaftServerConfigKeys (ConfUtils.java:logGet(46)) - raft.server.log.appender.buffer.byte-limit = 33554432 (custom)
2022-07-30 01:47:27,506 [pool-119-thread-1] INFO  server.RaftServerConfigKeys (ConfUtils.java:logGet(46)) - raft.server.log.statemachine.data.read.timeout = 1000ms (default)
2022-07-30 01:47:27,509 [pool-119-thread-1] INFO  server.RaftServerConfigKeys (ConfUtils.java:logGet(46)) - raft.server.log.segment.size.max = 1048576 (custom)
2022-07-30 01:47:27,509 [pool-119-thread-1] INFO  server.RaftServerConfigKeys (ConfUtils.java:logGet(46)) - raft.server.log.segment.cache.num.max = 2 (custom)
2022-07-30 01:47:27,509 [pool-119-thread-1] INFO  server.RaftServerConfigKeys (ConfUtils.java:logGet(46)) - raft.server.log.segment.cache.size.max = 200MB (=209715200) (default)
2022-07-30 01:47:27,510 [pool-119-thread-1] INFO  segmented.SegmentedRaftLogWorker (SegmentedRaftLogWorker.java:<init>(187)) - new 3b7c218c-5ec1-49c6-951e-2891968f85c7@group-82A1F304F3BA-SegmentedRaftLogWorker for RaftStorageImpl:Storage Directory /home/runner/work/ozone/ozone/hadoop-ozone/integration-test/target/test-dir/MiniOzoneClusterImpl-4bb34576-a2e6-484c-bd4a-6e4bad1f8a8d/datanode-2/data/ratis/e7d2eecc-8f07-4db4-a1f6-82a1f304f3ba
2022-07-30 01:47:27,510 [pool-119-thread-1] INFO  server.RaftServerConfigKeys (ConfUtils.java:logGet(46)) - raft.server.log.queue.byte-limit = 4294967296 (custom)
2022-07-30 01:47:27,510 [pool-119-thread-1] INFO  server.RaftServerConfigKeys (ConfUtils.java:logGet(46)) - raft.server.log.queue.element-limit = 1024 (custom)
2022-07-30 01:47:27,510 [pool-119-thread-1] INFO  server.RaftServerConfigKeys (ConfUtils.java:logGet(46)) - raft.server.log.segment.size.max = 1048576 (custom)
2022-07-30 01:47:27,510 [pool-119-thread-1] INFO  server.RaftServerConfigKeys (ConfUtils.java:logGet(46)) - raft.server.log.preallocated.size = 16384 (custom)
2022-07-30 01:47:27,510 [pool-119-thread-1] INFO  server.RaftServerConfigKeys (ConfUtils.java:logGet(46)) - raft.server.log.force.sync.num = 128 (default)
2022-07-30 01:47:27,510 [pool-119-thread-1] INFO  server.RaftServerConfigKeys (ConfUtils.java:logGet(46)) - raft.server.log.statemachine.data.sync = true (default)
2022-07-30 01:47:27,510 [pool-119-thread-1] INFO  server.RaftServerConfigKeys (ConfUtils.java:logGet(46)) - raft.server.log.statemachine.data.sync.timeout = 10s (default)
2022-07-30 01:47:27,510 [pool-119-thread-1] INFO  server.RaftServerConfigKeys (ConfUtils.java:logGet(46)) - raft.server.log.statemachine.data.sync.timeout.retry = -1 (default)
2022-07-30 01:47:27,511 [pool-119-thread-1] INFO  server.RaftServerConfigKeys (ConfUtils.java:logGet(46)) - raft.server.log.write.buffer.size = 1048576 (custom)
2022-07-30 01:47:27,512 [pool-119-thread-1] INFO  server.RaftServerConfigKeys (ConfUtils.java:logGet(46)) - raft.server.log.unsafe-flush.enabled = false (default)
2022-07-30 01:47:27,514 [pool-119-thread-1] INFO  server.RaftServerConfigKeys (ConfUtils.java:logGet(46)) - raft.server.log.statemachine.data.caching.enabled = true (custom)
2022-07-30 01:47:27,515 [pool-119-thread-1] INFO  segmented.SegmentedRaftLogWorker (SegmentedRaftLogWorker.java:lambda$new$0(135)) - 3b7c218c-5ec1-49c6-951e-2891968f85c7@group-82A1F304F3BA-SegmentedRaftLogWorker: flushIndex: setUnconditionally 0 -> -1
2022-07-30 01:47:27,515 [pool-119-thread-1] INFO  segmented.SegmentedRaftLogWorker (SegmentedRaftLogWorker.java:lambda$new$0(135)) - 3b7c218c-5ec1-49c6-951e-2891968f85c7@group-82A1F304F3BA-SegmentedRaftLogWorker: safeCacheEvictIndex: setUnconditionally 0 -> -1
2022-07-30 01:47:27,522 [pool-119-thread-1] INFO  server.RaftServerConfigKeys (ConfUtils.java:logGet(46)) - raft.server.snapshot.auto.trigger.enabled = true (custom)
2022-07-30 01:47:27,522 [pool-119-thread-1] INFO  server.RaftServerConfigKeys (ConfUtils.java:logGet(46)) - raft.server.snapshot.auto.trigger.threshold = 10000 (custom)
2022-07-30 01:47:27,522 [pool-119-thread-1] INFO  server.RaftServerConfigKeys (ConfUtils.java:logGet(46)) - raft.server.snapshot.retention.file.num = 5 (custom)
2022-07-30 01:47:27,522 [pool-119-thread-1] INFO  server.RaftServerConfigKeys (ConfUtils.java:logGet(46)) - raft.server.log.purge.upto.snapshot.index = false (default)
2022-07-30 01:47:27,522 [pool-119-thread-1] INFO  server.RaftServerConfigKeys (ConfUtils.java:logGet(46)) - raft.server.retrycache.expirytime = 600000ms (custom)
2022-07-30 01:47:27,522 [pool-119-thread-1] INFO  server.RaftServerConfigKeys (ConfUtils.java:logGet(46)) - raft.server.retrycache.statistics.expirytime = 100μs (default)
2022-07-30 01:47:27,524 [pool-119-thread-1] INFO  server.RaftServerConfigKeys (ConfUtils.java:logGet(46)) - raft.server.log.appender.install.snapshot.enabled = false (custom)
2022-07-30 01:47:27,524 [pool-119-thread-1] INFO  server.RaftServerConfigKeys (ConfUtils.java:logGet(46)) - raft.server.threadpool.server.cached = true (default)
2022-07-30 01:47:27,524 [pool-119-thread-1] INFO  server.RaftServerConfigKeys (ConfUtils.java:logGet(46)) - raft.server.threadpool.server.size = 0 (default)
2022-07-30 01:47:27,524 [pool-119-thread-1] INFO  server.RaftServerConfigKeys (ConfUtils.java:logGet(46)) - raft.server.threadpool.client.cached = true (default)
2022-07-30 01:47:27,524 [pool-119-thread-1] INFO  server.RaftServerConfigKeys (ConfUtils.java:logGet(46)) - raft.server.threadpool.client.size = 0 (default)
2022-07-30 01:47:27,524 [pool-119-thread-1] INFO  server.RaftServer$Division (RaftServerImpl.java:start(310)) - 3b7c218c-5ec1-49c6-951e-2891968f85c7@group-82A1F304F3BA: start as a follower, conf=-1: [2f82598e-6ad5-4b85-a1e1-fdafd308d280|rpc:10.1.0.37:45671|dataStream:|priority:0, 6021f7c2-427d-4cd8-a216-b0a112acbfad|rpc:10.1.0.37:41905|dataStream:|priority:0, 3b7c218c-5ec1-49c6-951e-2891968f85c7|rpc:10.1.0.37:34587|dataStream:|priority:1], old=null
2022-07-30 01:47:27,524 [pool-119-thread-1] INFO  server.RaftServer$Division (RaftServerImpl.java:setRole(299)) - 3b7c218c-5ec1-49c6-951e-2891968f85c7@group-82A1F304F3BA: changes role from      null to FOLLOWER at term 0 for startAsFollower
2022-07-30 01:47:27,524 [pool-119-thread-1] INFO  impl.RoleInfo (RoleInfo.java:updateAndGet(139)) - 3b7c218c-5ec1-49c6-951e-2891968f85c7: start 3b7c218c-5ec1-49c6-951e-2891968f85c7@group-82A1F304F3BA-FollowerState
2022-07-30 01:47:27,541 [pool-119-thread-1] INFO  util.JmxRegister (JmxRegister.java:tryRegister(44)) - Successfully registered JMX Bean with object name Ratis:service=RaftServer,group=group-82A1F304F3BA,id=3b7c218c-5ec1-49c6-951e-2891968f85c7
2022-07-30 01:47:27,604 [Command processor thread] INFO  commandhandler.CreatePipelineCommandHandler (CreatePipelineCommandHandler.java:handle(113)) - Created Pipeline RATIS THREE PipelineID=e7d2eecc-8f07-4db4-a1f6-82a1f304f3ba.
2022-07-30 01:47:27,604 [Command processor thread] INFO  server.RaftServer (RaftServerProxy.java:addNew(96)) - 2f82598e-6ad5-4b85-a1e1-fdafd308d280: addNew group-BF03BD903E3B:[2f82598e-6ad5-4b85-a1e1-fdafd308d280|rpc:10.1.0.37:45671|priority:0, 6021f7c2-427d-4cd8-a216-b0a112acbfad|rpc:10.1.0.37:41905|priority:1, 3b7c218c-5ec1-49c6-951e-2891968f85c7|rpc:10.1.0.37:34587|priority:0] returns group-BF03BD903E3B:java.util.concurrent.CompletableFuture@79cbe493[Not completed]
2022-07-30 01:47:27,606 [pool-96-thread-1] INFO  server.RaftServer$Division (RaftServerImpl.java:<init>(190)) - 2f82598e-6ad5-4b85-a1e1-fdafd308d280: new RaftServerImpl for group-BF03BD903E3B:[2f82598e-6ad5-4b85-a1e1-fdafd308d280|rpc:10.1.0.37:45671|priority:0, 6021f7c2-427d-4cd8-a216-b0a112acbfad|rpc:10.1.0.37:41905|priority:1, 3b7c218c-5ec1-49c6-951e-2891968f85c7|rpc:10.1.0.37:34587|priority:0] with ContainerStateMachine:uninitialized
2022-07-30 01:47:27,606 [pool-96-thread-1] INFO  server.RaftServerConfigKeys (ConfUtils.java:logGet(46)) - raft.server.rpc.timeout.min = 5s (custom)
2022-07-30 01:47:27,606 [pool-96-thread-1] INFO  server.RaftServerConfigKeys (ConfUtils.java:logGet(46)) - raft.server.rpc.timeout.max = 5200ms (custom)
2022-07-30 01:47:27,606 [pool-96-thread-1] INFO  server.RaftServerConfigKeys (ConfUtils.java:logGet(46)) - raft.server.rpc.sleep.time = 25ms (default)
2022-07-30 01:47:27,606 [pool-96-thread-1] INFO  server.RaftServerConfigKeys (ConfUtils.java:logGet(46)) - raft.server.rpc.slowness.timeout = 300s (custom)
2022-07-30 01:47:27,606 [pool-96-thread-1] INFO  server.RaftServerConfigKeys (ConfUtils.java:logGet(46)) - raft.server.leaderelection.leader.step-down.wait-time = 10s (default)
2022-07-30 01:47:27,606 [pool-96-thread-1] INFO  server.RaftServerConfigKeys (ConfUtils.java:logGet(46)) - raft.server.sleep.deviation.threshold = 300ms (default)
2022-07-30 01:47:27,607 [pool-96-thread-1] INFO  server.RaftServer$Division (ServerState.java:<init>(107)) - 2f82598e-6ad5-4b85-a1e1-fdafd308d280@group-BF03BD903E3B: ConfigurationManager, init=-1: [2f82598e-6ad5-4b85-a1e1-fdafd308d280|rpc:10.1.0.37:45671|priority:0, 6021f7c2-427d-4cd8-a216-b0a112acbfad|rpc:10.1.0.37:41905|priority:1, 3b7c218c-5ec1-49c6-951e-2891968f85c7|rpc:10.1.0.37:34587|priority:0], old=null, confs=<EMPTY_MAP>
2022-07-30 01:47:27,607 [pool-96-thread-1] INFO  server.RaftServerConfigKeys (ConfUtils.java:logGet(46)) - raft.server.storage.dir = [/home/runner/work/ozone/ozone/hadoop-ozone/integration-test/target/test-dir/MiniOzoneClusterImpl-4bb34576-a2e6-484c-bd4a-6e4bad1f8a8d/datanode-1/data/ratis] (custom)
2022-07-30 01:47:27,607 [pool-96-thread-1] INFO  server.RaftServerConfigKeys (ConfUtils.java:logGet(46)) - raft.server.log.corruption.policy = EXCEPTION (default)
2022-07-30 01:47:27,608 [pool-96-thread-1] INFO  server.RaftServerConfigKeys (ConfUtils.java:logGet(46)) - raft.server.storage.free-space.min = 0MB (=0) (default)
2022-07-30 01:47:27,608 [pool-96-thread-1] INFO  storage.RaftStorageDirectory (RaftStorageDirectoryImpl.java:analyzeStorage(135)) - The storage directory /home/runner/work/ozone/ozone/hadoop-ozone/integration-test/target/test-dir/MiniOzoneClusterImpl-4bb34576-a2e6-484c-bd4a-6e4bad1f8a8d/datanode-1/data/ratis/55cb4280-88ef-4f3e-a094-bf03bd903e3b does not exist. Creating ...
2022-07-30 01:47:27,609 [pool-96-thread-1] INFO  storage.RaftStorageDirectory (RaftStorageDirectoryImpl.java:tryLock(230)) - Lock on /home/runner/work/ozone/ozone/hadoop-ozone/integration-test/target/test-dir/MiniOzoneClusterImpl-4bb34576-a2e6-484c-bd4a-6e4bad1f8a8d/datanode-1/data/ratis/55cb4280-88ef-4f3e-a094-bf03bd903e3b/in_use.lock acquired by nodename 10860@fv-az297-62
2022-07-30 01:47:27,610 [pool-96-thread-1] INFO  storage.RaftStorage (RaftStorageImpl.java:format(89)) - Storage directory /home/runner/work/ozone/ozone/hadoop-ozone/integration-test/target/test-dir/MiniOzoneClusterImpl-4bb34576-a2e6-484c-bd4a-6e4bad1f8a8d/datanode-1/data/ratis/55cb4280-88ef-4f3e-a094-bf03bd903e3b has been successfully formatted.
2022-07-30 01:47:27,610 [pool-96-thread-1] INFO  ratis.ContainerStateMachine (ContainerStateMachine.java:loadSnapshot(236)) - group-BF03BD903E3B: The snapshot info is null. Setting the last applied indexto:(t:0, i:~)
2022-07-30 01:47:27,611 [pool-96-thread-1] INFO  server.RaftServerConfigKeys (ConfUtils.java:logGet(46)) - raft.server.notification.no-leader.timeout = 300s (custom)
2022-07-30 01:47:27,611 [pool-96-thread-1] INFO  server.RaftServerConfigKeys (ConfUtils.java:logGet(46)) - raft.server.log.use.memory = false (default)
2022-07-30 01:47:27,611 [pool-96-thread-1] INFO  server.RaftServerConfigKeys (ConfUtils.java:logGet(46)) - raft.server.log.purge.gap = 1000000 (custom)
2022-07-30 01:47:27,611 [pool-96-thread-1] INFO  server.RaftServerConfigKeys (ConfUtils.java:logGet(46)) - raft.server.log.appender.buffer.byte-limit = 33554432 (custom)
2022-07-30 01:47:27,611 [pool-96-thread-1] INFO  server.RaftServerConfigKeys (ConfUtils.java:logGet(46)) - raft.server.log.statemachine.data.read.timeout = 1000ms (default)
2022-07-30 01:47:27,613 [EventQueue-OpenPipelineForHealthyPipelineSafeModeRule] INFO  safemode.SCMSafeModeManager (HealthyPipelineSafeModeRule.java:process(137)) - SCM in safe mode. Healthy pipelines reported count is 0, required healthy pipeline reported count is 1
2022-07-30 01:47:27,613 [pool-96-thread-1] INFO  server.RaftServerConfigKeys (ConfUtils.java:logGet(46)) - raft.server.log.segment.size.max = 1048576 (custom)
2022-07-30 01:47:27,614 [pool-96-thread-1] INFO  server.RaftServerConfigKeys (ConfUtils.java:logGet(46)) - raft.server.log.segment.cache.num.max = 2 (custom)
2022-07-30 01:47:27,614 [pool-96-thread-1] INFO  server.RaftServerConfigKeys (ConfUtils.java:logGet(46)) - raft.server.log.segment.cache.size.max = 200MB (=209715200) (default)
2022-07-30 01:47:27,614 [pool-96-thread-1] INFO  segmented.SegmentedRaftLogWorker (SegmentedRaftLogWorker.java:<init>(187)) - new 2f82598e-6ad5-4b85-a1e1-fdafd308d280@group-BF03BD903E3B-SegmentedRaftLogWorker for RaftStorageImpl:Storage Directory /home/runner/work/ozone/ozone/hadoop-ozone/integration-test/target/test-dir/MiniOzoneClusterImpl-4bb34576-a2e6-484c-bd4a-6e4bad1f8a8d/datanode-1/data/ratis/55cb4280-88ef-4f3e-a094-bf03bd903e3b
2022-07-30 01:47:27,614 [pool-96-thread-1] INFO  server.RaftServerConfigKeys (ConfUtils.java:logGet(46)) - raft.server.log.queue.byte-limit = 4294967296 (custom)
2022-07-30 01:47:27,614 [pool-96-thread-1] INFO  server.RaftServerConfigKeys (ConfUtils.java:logGet(46)) - raft.server.log.queue.element-limit = 1024 (custom)
2022-07-30 01:47:27,621 [pool-96-thread-1] INFO  server.RaftServerConfigKeys (ConfUtils.java:logGet(46)) - raft.server.log.segment.size.max = 1048576 (custom)
2022-07-30 01:47:27,626 [pool-96-thread-1] INFO  server.RaftServerConfigKeys (ConfUtils.java:logGet(46)) - raft.server.log.preallocated.size = 16384 (custom)
2022-07-30 01:47:27,630 [pool-96-thread-1] INFO  server.RaftServerConfigKeys (ConfUtils.java:logGet(46)) - raft.server.log.force.sync.num = 128 (default)
2022-07-30 01:47:27,630 [pool-96-thread-1] INFO  server.RaftServerConfigKeys (ConfUtils.java:logGet(46)) - raft.server.log.statemachine.data.sync = true (default)
2022-07-30 01:47:27,630 [pool-96-thread-1] INFO  server.RaftServerConfigKeys (ConfUtils.java:logGet(46)) - raft.server.log.statemachine.data.sync.timeout = 10s (default)
2022-07-30 01:47:27,630 [pool-96-thread-1] INFO  server.RaftServerConfigKeys (ConfUtils.java:logGet(46)) - raft.server.log.statemachine.data.sync.timeout.retry = -1 (default)
2022-07-30 01:47:27,631 [pool-96-thread-1] INFO  server.RaftServerConfigKeys (ConfUtils.java:logGet(46)) - raft.server.log.write.buffer.size = 1048576 (custom)
2022-07-30 01:47:27,632 [pool-96-thread-1] INFO  server.RaftServerConfigKeys (ConfUtils.java:logGet(46)) - raft.server.log.unsafe-flush.enabled = false (default)
2022-07-30 01:47:27,632 [pool-96-thread-1] INFO  server.RaftServerConfigKeys (ConfUtils.java:logGet(46)) - raft.server.log.statemachine.data.caching.enabled = true (custom)
2022-07-30 01:47:27,632 [Command processor thread] INFO  server.RaftServer (RaftServerProxy.java:addNew(96)) - 3b7c218c-5ec1-49c6-951e-2891968f85c7: addNew group-FA5CD32714B5:[3b7c218c-5ec1-49c6-951e-2891968f85c7|rpc:10.1.0.37:34587|priority:1] returns group-FA5CD32714B5:java.util.concurrent.CompletableFuture@5abf3ac2[Not completed]
2022-07-30 01:47:27,632 [pool-96-thread-1] INFO  segmented.SegmentedRaftLogWorker (SegmentedRaftLogWorker.java:lambda$new$0(135)) - 2f82598e-6ad5-4b85-a1e1-fdafd308d280@group-BF03BD903E3B-SegmentedRaftLogWorker: flushIndex: setUnconditionally 0 -> -1
2022-07-30 01:47:27,632 [pool-96-thread-1] INFO  segmented.SegmentedRaftLogWorker (SegmentedRaftLogWorker.java:lambda$new$0(135)) - 2f82598e-6ad5-4b85-a1e1-fdafd308d280@group-BF03BD903E3B-SegmentedRaftLogWorker: safeCacheEvictIndex: setUnconditionally 0 -> -1
2022-07-30 01:47:27,633 [pool-96-thread-1] INFO  server.RaftServerConfigKeys (ConfUtils.java:logGet(46)) - raft.server.snapshot.auto.trigger.enabled = true (custom)
2022-07-30 01:47:27,633 [pool-96-thread-1] INFO  server.RaftServerConfigKeys (ConfUtils.java:logGet(46)) - raft.server.snapshot.auto.trigger.threshold = 10000 (custom)
2022-07-30 01:47:27,633 [pool-96-thread-1] INFO  server.RaftServerConfigKeys (ConfUtils.java:logGet(46)) - raft.server.snapshot.retention.file.num = 5 (custom)
2022-07-30 01:47:27,633 [pool-96-thread-1] INFO  server.RaftServerConfigKeys (ConfUtils.java:logGet(46)) - raft.server.log.purge.upto.snapshot.index = false (default)
2022-07-30 01:47:27,633 [pool-119-thread-1] INFO  server.RaftServer$Division (RaftServerImpl.java:<init>(190)) - 3b7c218c-5ec1-49c6-951e-2891968f85c7: new RaftServerImpl for group-FA5CD32714B5:[3b7c218c-5ec1-49c6-951e-2891968f85c7|rpc:10.1.0.37:34587|priority:1] with ContainerStateMachine:uninitialized
2022-07-30 01:47:27,633 [pool-96-thread-1] INFO  server.RaftServerConfigKeys (ConfUtils.java:logGet(46)) - raft.server.retrycache.expirytime = 600000ms (custom)
2022-07-30 01:47:27,633 [pool-119-thread-1] INFO  server.RaftServerConfigKeys (ConfUtils.java:logGet(46)) - raft.server.rpc.timeout.min = 5s (custom)
2022-07-30 01:47:27,633 [pool-96-thread-1] INFO  server.RaftServerConfigKeys (ConfUtils.java:logGet(46)) - raft.server.retrycache.statistics.expirytime = 100μs (default)
2022-07-30 01:47:27,635 [pool-96-thread-1] INFO  server.RaftServerConfigKeys (ConfUtils.java:logGet(46)) - raft.server.log.appender.install.snapshot.enabled = false (custom)
2022-07-30 01:47:27,635 [pool-96-thread-1] INFO  server.RaftServerConfigKeys (ConfUtils.java:logGet(46)) - raft.server.threadpool.server.cached = true (default)
2022-07-30 01:47:27,635 [pool-96-thread-1] INFO  server.RaftServerConfigKeys (ConfUtils.java:logGet(46)) - raft.server.threadpool.server.size = 0 (default)
2022-07-30 01:47:27,635 [pool-96-thread-1] INFO  server.RaftServerConfigKeys (ConfUtils.java:logGet(46)) - raft.server.threadpool.client.cached = true (default)
2022-07-30 01:47:27,635 [pool-96-thread-1] INFO  server.RaftServerConfigKeys (ConfUtils.java:logGet(46)) - raft.server.threadpool.client.size = 0 (default)
2022-07-30 01:47:27,635 [pool-96-thread-1] INFO  server.RaftServer$Division (RaftServerImpl.java:start(310)) - 2f82598e-6ad5-4b85-a1e1-fdafd308d280@group-BF03BD903E3B: start as a follower, conf=-1: [2f82598e-6ad5-4b85-a1e1-fdafd308d280|rpc:10.1.0.37:45671|priority:0, 6021f7c2-427d-4cd8-a216-b0a112acbfad|rpc:10.1.0.37:41905|priority:1, 3b7c218c-5ec1-49c6-951e-2891968f85c7|rpc:10.1.0.37:34587|priority:0], old=null
2022-07-30 01:47:27,635 [pool-96-thread-1] INFO  server.RaftServer$Division (RaftServerImpl.java:setRole(299)) - 2f82598e-6ad5-4b85-a1e1-fdafd308d280@group-BF03BD903E3B: changes role from      null to FOLLOWER at term 0 for startAsFollower
2022-07-30 01:47:27,635 [pool-96-thread-1] INFO  impl.RoleInfo (RoleInfo.java:updateAndGet(139)) - 2f82598e-6ad5-4b85-a1e1-fdafd308d280: start 2f82598e-6ad5-4b85-a1e1-fdafd308d280@group-BF03BD903E3B-FollowerState
2022-07-30 01:47:27,633 [pool-119-thread-1] INFO  server.RaftServerConfigKeys (ConfUtils.java:logGet(46)) - raft.server.rpc.timeout.max = 5200ms (custom)
2022-07-30 01:47:27,635 [pool-119-thread-1] INFO  server.RaftServerConfigKeys (ConfUtils.java:logGet(46)) - raft.server.rpc.sleep.time = 25ms (default)
2022-07-30 01:47:27,635 [pool-119-thread-1] INFO  server.RaftServerConfigKeys (ConfUtils.java:logGet(46)) - raft.server.rpc.slowness.timeout = 300s (custom)
2022-07-30 01:47:27,635 [pool-119-thread-1] INFO  server.RaftServerConfigKeys (ConfUtils.java:logGet(46)) - raft.server.leaderelection.leader.step-down.wait-time = 10s (default)
2022-07-30 01:47:27,635 [pool-119-thread-1] INFO  server.RaftServerConfigKeys (ConfUtils.java:logGet(46)) - raft.server.sleep.deviation.threshold = 300ms (default)
2022-07-30 01:47:27,636 [pool-119-thread-1] INFO  server.RaftServer$Division (ServerState.java:<init>(107)) - 3b7c218c-5ec1-49c6-951e-2891968f85c7@group-FA5CD32714B5: ConfigurationManager, init=-1: [3b7c218c-5ec1-49c6-951e-2891968f85c7|rpc:10.1.0.37:34587|priority:1], old=null, confs=<EMPTY_MAP>
2022-07-30 01:47:27,636 [pool-119-thread-1] INFO  server.RaftServerConfigKeys (ConfUtils.java:logGet(46)) - raft.server.storage.dir = [/home/runner/work/ozone/ozone/hadoop-ozone/integration-test/target/test-dir/MiniOzoneClusterImpl-4bb34576-a2e6-484c-bd4a-6e4bad1f8a8d/datanode-2/data/ratis] (custom)
2022-07-30 01:47:27,636 [pool-119-thread-1] INFO  server.RaftServerConfigKeys (ConfUtils.java:logGet(46)) - raft.server.log.corruption.policy = EXCEPTION (default)
2022-07-30 01:47:27,636 [pool-119-thread-1] INFO  server.RaftServerConfigKeys (ConfUtils.java:logGet(46)) - raft.server.storage.free-space.min = 0MB (=0) (default)
2022-07-30 01:47:27,636 [pool-119-thread-1] INFO  storage.RaftStorageDirectory (RaftStorageDirectoryImpl.java:analyzeStorage(135)) - The storage directory /home/runner/work/ozone/ozone/hadoop-ozone/integration-test/target/test-dir/MiniOzoneClusterImpl-4bb34576-a2e6-484c-bd4a-6e4bad1f8a8d/datanode-2/data/ratis/bb4dd93e-fe79-48ff-8267-fa5cd32714b5 does not exist. Creating ...
2022-07-30 01:47:27,637 [pool-119-thread-1] INFO  storage.RaftStorageDirectory (RaftStorageDirectoryImpl.java:tryLock(230)) - Lock on /home/runner/work/ozone/ozone/hadoop-ozone/integration-test/target/test-dir/MiniOzoneClusterImpl-4bb34576-a2e6-484c-bd4a-6e4bad1f8a8d/datanode-2/data/ratis/bb4dd93e-fe79-48ff-8267-fa5cd32714b5/in_use.lock acquired by nodename 10860@fv-az297-62
2022-07-30 01:47:27,638 [pool-119-thread-1] INFO  storage.RaftStorage (RaftStorageImpl.java:format(89)) - Storage directory /home/runner/work/ozone/ozone/hadoop-ozone/integration-test/target/test-dir/MiniOzoneClusterImpl-4bb34576-a2e6-484c-bd4a-6e4bad1f8a8d/datanode-2/data/ratis/bb4dd93e-fe79-48ff-8267-fa5cd32714b5 has been successfully formatted.
2022-07-30 01:47:27,642 [pool-96-thread-1] INFO  util.JmxRegister (JmxRegister.java:tryRegister(44)) - Successfully registered JMX Bean with object name Ratis:service=RaftServer,group=group-BF03BD903E3B,id=2f82598e-6ad5-4b85-a1e1-fdafd308d280
2022-07-30 01:47:27,644 [Command processor thread] INFO  ratis.XceiverServerRatis (XceiverServerRatis.java:addGroup(765)) - Created group PipelineID=55cb4280-88ef-4f3e-a094-bf03bd903e3b
2022-07-30 01:47:27,644 [pool-119-thread-1] INFO  ratis.ContainerStateMachine (ContainerStateMachine.java:loadSnapshot(236)) - group-FA5CD32714B5: The snapshot info is null. Setting the last applied indexto:(t:0, i:~)
2022-07-30 01:47:27,653 [pool-119-thread-1] INFO  server.RaftServerConfigKeys (ConfUtils.java:logGet(46)) - raft.server.notification.no-leader.timeout = 300s (custom)
2022-07-30 01:47:27,653 [pool-119-thread-1] INFO  server.RaftServerConfigKeys (ConfUtils.java:logGet(46)) - raft.server.log.use.memory = false (default)
2022-07-30 01:47:27,653 [pool-119-thread-1] INFO  server.RaftServerConfigKeys (ConfUtils.java:logGet(46)) - raft.server.log.purge.gap = 1000000 (custom)
2022-07-30 01:47:27,653 [pool-119-thread-1] INFO  server.RaftServerConfigKeys (ConfUtils.java:logGet(46)) - raft.server.log.appender.buffer.byte-limit = 33554432 (custom)
2022-07-30 01:47:27,653 [pool-119-thread-1] INFO  server.RaftServerConfigKeys (ConfUtils.java:logGet(46)) - raft.server.log.statemachine.data.read.timeout = 1000ms (default)
2022-07-30 01:47:27,653 [pool-119-thread-1] INFO  server.RaftServerConfigKeys (ConfUtils.java:logGet(46)) - raft.server.log.segment.size.max = 1048576 (custom)
2022-07-30 01:47:27,654 [pool-119-thread-1] INFO  server.RaftServerConfigKeys (ConfUtils.java:logGet(46)) - raft.server.log.segment.cache.num.max = 2 (custom)
2022-07-30 01:47:27,654 [pool-119-thread-1] INFO  server.RaftServerConfigKeys (ConfUtils.java:logGet(46)) - raft.server.log.segment.cache.size.max = 200MB (=209715200) (default)
2022-07-30 01:47:27,654 [pool-119-thread-1] INFO  segmented.SegmentedRaftLogWorker (SegmentedRaftLogWorker.java:<init>(187)) - new 3b7c218c-5ec1-49c6-951e-2891968f85c7@group-FA5CD32714B5-SegmentedRaftLogWorker for RaftStorageImpl:Storage Directory /home/runner/work/ozone/ozone/hadoop-ozone/integration-test/target/test-dir/MiniOzoneClusterImpl-4bb34576-a2e6-484c-bd4a-6e4bad1f8a8d/datanode-2/data/ratis/bb4dd93e-fe79-48ff-8267-fa5cd32714b5
2022-07-30 01:47:27,654 [pool-119-thread-1] INFO  server.RaftServerConfigKeys (ConfUtils.java:logGet(46)) - raft.server.log.queue.byte-limit = 4294967296 (custom)
2022-07-30 01:47:27,654 [pool-119-thread-1] INFO  server.RaftServerConfigKeys (ConfUtils.java:logGet(46)) - raft.server.log.queue.element-limit = 1024 (custom)
2022-07-30 01:47:27,654 [pool-119-thread-1] INFO  server.RaftServerConfigKeys (ConfUtils.java:logGet(46)) - raft.server.log.segment.size.max = 1048576 (custom)
2022-07-30 01:47:27,654 [pool-119-thread-1] INFO  server.RaftServerConfigKeys (ConfUtils.java:logGet(46)) - raft.server.log.preallocated.size = 16384 (custom)
2022-07-30 01:47:27,654 [pool-119-thread-1] INFO  server.RaftServerConfigKeys (ConfUtils.java:logGet(46)) - raft.server.log.force.sync.num = 128 (default)
2022-07-30 01:47:27,654 [pool-119-thread-1] INFO  server.RaftServerConfigKeys (ConfUtils.java:logGet(46)) - raft.server.log.statemachine.data.sync = true (default)
2022-07-30 01:47:27,655 [pool-119-thread-1] INFO  server.RaftServerConfigKeys (ConfUtils.java:logGet(46)) - raft.server.log.statemachine.data.sync.timeout = 10s (default)
2022-07-30 01:47:27,655 [pool-119-thread-1] INFO  server.RaftServerConfigKeys (ConfUtils.java:logGet(46)) - raft.server.log.statemachine.data.sync.timeout.retry = -1 (default)
2022-07-30 01:47:27,656 [pool-119-thread-1] INFO  server.RaftServerConfigKeys (ConfUtils.java:logGet(46)) - raft.server.log.write.buffer.size = 1048576 (custom)
2022-07-30 01:47:27,656 [pool-119-thread-1] INFO  server.RaftServerConfigKeys (ConfUtils.java:logGet(46)) - raft.server.log.unsafe-flush.enabled = false (default)
2022-07-30 01:47:27,656 [pool-119-thread-1] INFO  server.RaftServerConfigKeys (ConfUtils.java:logGet(46)) - raft.server.log.statemachine.data.caching.enabled = true (custom)
2022-07-30 01:47:27,656 [pool-119-thread-1] INFO  segmented.SegmentedRaftLogWorker (SegmentedRaftLogWorker.java:lambda$new$0(135)) - 3b7c218c-5ec1-49c6-951e-2891968f85c7@group-FA5CD32714B5-SegmentedRaftLogWorker: flushIndex: setUnconditionally 0 -> -1
2022-07-30 01:47:27,656 [pool-119-thread-1] INFO  segmented.SegmentedRaftLogWorker (SegmentedRaftLogWorker.java:lambda$new$0(135)) - 3b7c218c-5ec1-49c6-951e-2891968f85c7@group-FA5CD32714B5-SegmentedRaftLogWorker: safeCacheEvictIndex: setUnconditionally 0 -> -1
2022-07-30 01:47:27,656 [pool-119-thread-1] INFO  server.RaftServerConfigKeys (ConfUtils.java:logGet(46)) - raft.server.snapshot.auto.trigger.enabled = true (custom)
2022-07-30 01:47:27,657 [pool-119-thread-1] INFO  server.RaftServerConfigKeys (ConfUtils.java:logGet(46)) - raft.server.snapshot.auto.trigger.threshold = 10000 (custom)
2022-07-30 01:47:27,657 [pool-119-thread-1] INFO  server.RaftServerConfigKeys (ConfUtils.java:logGet(46)) - raft.server.snapshot.retention.file.num = 5 (custom)
2022-07-30 01:47:27,657 [pool-119-thread-1] INFO  server.RaftServerConfigKeys (ConfUtils.java:logGet(46)) - raft.server.log.purge.upto.snapshot.index = false (default)
2022-07-30 01:47:27,657 [pool-119-thread-1] INFO  server.RaftServerConfigKeys (ConfUtils.java:logGet(46)) - raft.server.retrycache.expirytime = 600000ms (custom)
2022-07-30 01:47:27,657 [pool-119-thread-1] INFO  server.RaftServerConfigKeys (ConfUtils.java:logGet(46)) - raft.server.retrycache.statistics.expirytime = 100μs (default)
2022-07-30 01:47:27,658 [pool-119-thread-1] INFO  server.RaftServerConfigKeys (ConfUtils.java:logGet(46)) - raft.server.log.appender.install.snapshot.enabled = false (custom)
2022-07-30 01:47:27,659 [pool-119-thread-1] INFO  server.RaftServerConfigKeys (ConfUtils.java:logGet(46)) - raft.server.threadpool.server.cached = true (default)
2022-07-30 01:47:27,659 [pool-119-thread-1] INFO  server.RaftServerConfigKeys (ConfUtils.java:logGet(46)) - raft.server.threadpool.server.size = 0 (default)
2022-07-30 01:47:27,659 [pool-119-thread-1] INFO  server.RaftServerConfigKeys (ConfUtils.java:logGet(46)) - raft.server.threadpool.client.cached = true (default)
2022-07-30 01:47:27,659 [pool-119-thread-1] INFO  server.RaftServerConfigKeys (ConfUtils.java:logGet(46)) - raft.server.threadpool.client.size = 0 (default)
2022-07-30 01:47:27,659 [pool-119-thread-1] INFO  server.RaftServer$Division (RaftServerImpl.java:start(310)) - 3b7c218c-5ec1-49c6-951e-2891968f85c7@group-FA5CD32714B5: start as a follower, conf=-1: [3b7c218c-5ec1-49c6-951e-2891968f85c7|rpc:10.1.0.37:34587|priority:1], old=null
2022-07-30 01:47:27,659 [pool-119-thread-1] INFO  server.RaftServer$Division (RaftServerImpl.java:setRole(299)) - 3b7c218c-5ec1-49c6-951e-2891968f85c7@group-FA5CD32714B5: changes role from      null to FOLLOWER at term 0 for startAsFollower
2022-07-30 01:47:27,659 [pool-119-thread-1] INFO  impl.RoleInfo (RoleInfo.java:updateAndGet(139)) - 3b7c218c-5ec1-49c6-951e-2891968f85c7: start 3b7c218c-5ec1-49c6-951e-2891968f85c7@group-FA5CD32714B5-FollowerState
2022-07-30 01:47:27,659 [pool-119-thread-1] INFO  util.JmxRegister (JmxRegister.java:tryRegister(44)) - Successfully registered JMX Bean with object name Ratis:service=RaftServer,group=group-FA5CD32714B5,id=3b7c218c-5ec1-49c6-951e-2891968f85c7
2022-07-30 01:47:27,660 [Command processor thread] INFO  ratis.XceiverServerRatis (XceiverServerRatis.java:addGroup(765)) - Created group PipelineID=bb4dd93e-fe79-48ff-8267-fa5cd32714b5
2022-07-30 01:47:27,660 [Command processor thread] INFO  commandhandler.CreatePipelineCommandHandler (CreatePipelineCommandHandler.java:handle(113)) - Created Pipeline RATIS ONE PipelineID=bb4dd93e-fe79-48ff-8267-fa5cd32714b5.
2022-07-30 01:47:27,661 [Command processor thread] INFO  server.RaftServer (RaftServerProxy.java:addNew(96)) - 3b7c218c-5ec1-49c6-951e-2891968f85c7: addNew group-BF03BD903E3B:[2f82598e-6ad5-4b85-a1e1-fdafd308d280|rpc:10.1.0.37:45671|priority:0, 6021f7c2-427d-4cd8-a216-b0a112acbfad|rpc:10.1.0.37:41905|priority:1, 3b7c218c-5ec1-49c6-951e-2891968f85c7|rpc:10.1.0.37:34587|priority:0] returns group-BF03BD903E3B:java.util.concurrent.CompletableFuture@5478cfe5[Not completed]
2022-07-30 01:47:27,666 [EventQueue-PipelineReportForPipelineReportHandler] INFO  pipeline.PipelineManagerImpl (PipelineManagerImpl.java:openPipeline(367)) - Pipeline Pipeline[ Id: bb4dd93e-fe79-48ff-8267-fa5cd32714b5, Nodes: 3b7c218c-5ec1-49c6-951e-2891968f85c7{ip: 10.1.0.37, host: fv-az297-62.nmf1rxwemy4u5di1sxxf4ejcwb.jx.internal.cloudapp.net, ports: [REPLICATION=34701, RATIS=34587, RATIS_ADMIN=34587, RATIS_SERVER=34587, STANDALONE=39201], networkLocation: /default-rack, certSerialId: null, persistedOpState: IN_SERVICE, persistedOpStateExpiryEpochSec: 0}, ReplicationConfig: RATIS/ONE, State:ALLOCATED, leaderId:3b7c218c-5ec1-49c6-951e-2891968f85c7, CreationTimestamp2022-07-30T01:47:24.636Z[Etc/UTC]] moved to OPEN state
2022-07-30 01:47:27,667 [EventQueue-OpenPipelineForHealthyPipelineSafeModeRule] INFO  safemode.SCMSafeModeManager (HealthyPipelineSafeModeRule.java:process(137)) - SCM in safe mode. Healthy pipelines reported count is 0, required healthy pipeline reported count is 1
2022-07-30 01:47:27,668 [pool-119-thread-1] INFO  server.RaftServer$Division (RaftServerImpl.java:<init>(190)) - 3b7c218c-5ec1-49c6-951e-2891968f85c7: new RaftServerImpl for group-BF03BD903E3B:[2f82598e-6ad5-4b85-a1e1-fdafd308d280|rpc:10.1.0.37:45671|priority:0, 6021f7c2-427d-4cd8-a216-b0a112acbfad|rpc:10.1.0.37:41905|priority:1, 3b7c218c-5ec1-49c6-951e-2891968f85c7|rpc:10.1.0.37:34587|priority:0] with ContainerStateMachine:uninitialized
2022-07-30 01:47:27,669 [pool-119-thread-1] INFO  server.RaftServerConfigKeys (ConfUtils.java:logGet(46)) - raft.server.rpc.timeout.min = 5s (custom)
2022-07-30 01:47:27,669 [pool-119-thread-1] INFO  server.RaftServerConfigKeys (ConfUtils.java:logGet(46)) - raft.server.rpc.timeout.max = 5200ms (custom)
2022-07-30 01:47:27,669 [pool-119-thread-1] INFO  server.RaftServerConfigKeys (ConfUtils.java:logGet(46)) - raft.server.rpc.sleep.time = 25ms (default)
2022-07-30 01:47:27,669 [pool-119-thread-1] INFO  server.RaftServerConfigKeys (ConfUtils.java:logGet(46)) - raft.server.rpc.slowness.timeout = 300s (custom)
2022-07-30 01:47:27,669 [pool-119-thread-1] INFO  server.RaftServerConfigKeys (ConfUtils.java:logGet(46)) - raft.server.leaderelection.leader.step-down.wait-time = 10s (default)
2022-07-30 01:47:27,669 [pool-119-thread-1] INFO  server.RaftServerConfigKeys (ConfUtils.java:logGet(46)) - raft.server.sleep.deviation.threshold = 300ms (default)
2022-07-30 01:47:27,669 [pool-119-thread-1] INFO  server.RaftServer$Division (ServerState.java:<init>(107)) - 3b7c218c-5ec1-49c6-951e-2891968f85c7@group-BF03BD903E3B: ConfigurationManager, init=-1: [2f82598e-6ad5-4b85-a1e1-fdafd308d280|rpc:10.1.0.37:45671|priority:0, 6021f7c2-427d-4cd8-a216-b0a112acbfad|rpc:10.1.0.37:41905|priority:1, 3b7c218c-5ec1-49c6-951e-2891968f85c7|rpc:10.1.0.37:34587|priority:0], old=null, confs=<EMPTY_MAP>
2022-07-30 01:47:27,669 [pool-119-thread-1] INFO  server.RaftServerConfigKeys (ConfUtils.java:logGet(46)) - raft.server.storage.dir = [/home/runner/work/ozone/ozone/hadoop-ozone/integration-test/target/test-dir/MiniOzoneClusterImpl-4bb34576-a2e6-484c-bd4a-6e4bad1f8a8d/datanode-2/data/ratis] (custom)
2022-07-30 01:47:27,670 [pool-119-thread-1] INFO  server.RaftServerConfigKeys (ConfUtils.java:logGet(46)) - raft.server.log.corruption.policy = EXCEPTION (default)
2022-07-30 01:47:27,670 [pool-119-thread-1] INFO  server.RaftServerConfigKeys (ConfUtils.java:logGet(46)) - raft.server.storage.free-space.min = 0MB (=0) (default)
2022-07-30 01:47:27,670 [pool-119-thread-1] INFO  storage.RaftStorageDirectory (RaftStorageDirectoryImpl.java:analyzeStorage(135)) - The storage directory /home/runner/work/ozone/ozone/hadoop-ozone/integration-test/target/test-dir/MiniOzoneClusterImpl-4bb34576-a2e6-484c-bd4a-6e4bad1f8a8d/datanode-2/data/ratis/55cb4280-88ef-4f3e-a094-bf03bd903e3b does not exist. Creating ...
2022-07-30 01:47:27,672 [pool-119-thread-1] INFO  storage.RaftStorageDirectory (RaftStorageDirectoryImpl.java:tryLock(230)) - Lock on /home/runner/work/ozone/ozone/hadoop-ozone/integration-test/target/test-dir/MiniOzoneClusterImpl-4bb34576-a2e6-484c-bd4a-6e4bad1f8a8d/datanode-2/data/ratis/55cb4280-88ef-4f3e-a094-bf03bd903e3b/in_use.lock acquired by nodename 10860@fv-az297-62
2022-07-30 01:47:27,672 [Command processor thread] INFO  commandhandler.CreatePipelineCommandHandler (CreatePipelineCommandHandler.java:handle(113)) - Created Pipeline RATIS THREE PipelineID=e7d2eecc-8f07-4db4-a1f6-82a1f304f3ba.
2022-07-30 01:47:27,673 [Command processor thread] INFO  server.RaftServer (RaftServerProxy.java:addNew(96)) - 6021f7c2-427d-4cd8-a216-b0a112acbfad: addNew group-BF03BD903E3B:[2f82598e-6ad5-4b85-a1e1-fdafd308d280|rpc:10.1.0.37:45671|priority:0, 6021f7c2-427d-4cd8-a216-b0a112acbfad|rpc:10.1.0.37:41905|priority:1, 3b7c218c-5ec1-49c6-951e-2891968f85c7|rpc:10.1.0.37:34587|priority:0] returns group-BF03BD903E3B:java.util.concurrent.CompletableFuture@528feb3e[Not completed]
2022-07-30 01:47:27,674 [pool-73-thread-1] INFO  server.RaftServer$Division (RaftServerImpl.java:<init>(190)) - 6021f7c2-427d-4cd8-a216-b0a112acbfad: new RaftServerImpl for group-BF03BD903E3B:[2f82598e-6ad5-4b85-a1e1-fdafd308d280|rpc:10.1.0.37:45671|priority:0, 6021f7c2-427d-4cd8-a216-b0a112acbfad|rpc:10.1.0.37:41905|priority:1, 3b7c218c-5ec1-49c6-951e-2891968f85c7|rpc:10.1.0.37:34587|priority:0] with ContainerStateMachine:uninitialized
2022-07-30 01:47:27,674 [pool-73-thread-1] INFO  server.RaftServerConfigKeys (ConfUtils.java:logGet(46)) - raft.server.rpc.timeout.min = 5s (custom)
2022-07-30 01:47:27,674 [pool-73-thread-1] INFO  server.RaftServerConfigKeys (ConfUtils.java:logGet(46)) - raft.server.rpc.timeout.max = 5200ms (custom)
2022-07-30 01:47:27,674 [pool-73-thread-1] INFO  server.RaftServerConfigKeys (ConfUtils.java:logGet(46)) - raft.server.rpc.sleep.time = 25ms (default)
2022-07-30 01:47:27,674 [pool-73-thread-1] INFO  server.RaftServerConfigKeys (ConfUtils.java:logGet(46)) - raft.server.rpc.slowness.timeout = 300s (custom)
2022-07-30 01:47:27,674 [pool-73-thread-1] INFO  server.RaftServerConfigKeys (ConfUtils.java:logGet(46)) - raft.server.leaderelection.leader.step-down.wait-time = 10s (default)
2022-07-30 01:47:27,674 [pool-73-thread-1] INFO  server.RaftServerConfigKeys (ConfUtils.java:logGet(46)) - raft.server.sleep.deviation.threshold = 300ms (default)
2022-07-30 01:47:27,674 [pool-73-thread-1] INFO  server.RaftServer$Division (ServerState.java:<init>(107)) - 6021f7c2-427d-4cd8-a216-b0a112acbfad@group-BF03BD903E3B: ConfigurationManager, init=-1: [2f82598e-6ad5-4b85-a1e1-fdafd308d280|rpc:10.1.0.37:45671|priority:0, 6021f7c2-427d-4cd8-a216-b0a112acbfad|rpc:10.1.0.37:41905|priority:1, 3b7c218c-5ec1-49c6-951e-2891968f85c7|rpc:10.1.0.37:34587|priority:0], old=null, confs=<EMPTY_MAP>
2022-07-30 01:47:27,674 [pool-73-thread-1] INFO  server.RaftServerConfigKeys (ConfUtils.java:logGet(46)) - raft.server.storage.dir = [/home/runner/work/ozone/ozone/hadoop-ozone/integration-test/target/test-dir/MiniOzoneClusterImpl-4bb34576-a2e6-484c-bd4a-6e4bad1f8a8d/datanode-0/data/ratis] (custom)
2022-07-30 01:47:27,675 [pool-73-thread-1] INFO  server.RaftServerConfigKeys (ConfUtils.java:logGet(46)) - raft.server.log.corruption.policy = EXCEPTION (default)
2022-07-30 01:47:27,675 [pool-73-thread-1] INFO  server.RaftServerConfigKeys (ConfUtils.java:logGet(46)) - raft.server.storage.free-space.min = 0MB (=0) (default)
2022-07-30 01:47:27,675 [pool-73-thread-1] INFO  storage.RaftStorageDirectory (RaftStorageDirectoryImpl.java:analyzeStorage(135)) - The storage directory /home/runner/work/ozone/ozone/hadoop-ozone/integration-test/target/test-dir/MiniOzoneClusterImpl-4bb34576-a2e6-484c-bd4a-6e4bad1f8a8d/datanode-0/data/ratis/55cb4280-88ef-4f3e-a094-bf03bd903e3b does not exist. Creating ...
2022-07-30 01:47:27,676 [pool-119-thread-1] INFO  storage.RaftStorage (RaftStorageImpl.java:format(89)) - Storage directory /home/runner/work/ozone/ozone/hadoop-ozone/integration-test/target/test-dir/MiniOzoneClusterImpl-4bb34576-a2e6-484c-bd4a-6e4bad1f8a8d/datanode-2/data/ratis/55cb4280-88ef-4f3e-a094-bf03bd903e3b has been successfully formatted.
2022-07-30 01:47:27,676 [pool-119-thread-1] INFO  ratis.ContainerStateMachine (ContainerStateMachine.java:loadSnapshot(236)) - group-BF03BD903E3B: The snapshot info is null. Setting the last applied indexto:(t:0, i:~)
2022-07-30 01:47:27,676 [pool-119-thread-1] INFO  server.RaftServerConfigKeys (ConfUtils.java:logGet(46)) - raft.server.notification.no-leader.timeout = 300s (custom)
2022-07-30 01:47:27,676 [pool-119-thread-1] INFO  server.RaftServerConfigKeys (ConfUtils.java:logGet(46)) - raft.server.log.use.memory = false (default)
2022-07-30 01:47:27,676 [pool-119-thread-1] INFO  server.RaftServerConfigKeys (ConfUtils.java:logGet(46)) - raft.server.log.purge.gap = 1000000 (custom)
2022-07-30 01:47:27,676 [pool-119-thread-1] INFO  server.RaftServerConfigKeys (ConfUtils.java:logGet(46)) - raft.server.log.appender.buffer.byte-limit = 33554432 (custom)
2022-07-30 01:47:27,676 [pool-119-thread-1] INFO  server.RaftServerConfigKeys (ConfUtils.java:logGet(46)) - raft.server.log.statemachine.data.read.timeout = 1000ms (default)
2022-07-30 01:47:27,677 [pool-119-thread-1] INFO  server.RaftServerConfigKeys (ConfUtils.java:logGet(46)) - raft.server.log.segment.size.max = 1048576 (custom)
2022-07-30 01:47:27,677 [pool-73-thread-1] INFO  storage.RaftStorageDirectory (RaftStorageDirectoryImpl.java:tryLock(230)) - Lock on /home/runner/work/ozone/ozone/hadoop-ozone/integration-test/target/test-dir/MiniOzoneClusterImpl-4bb34576-a2e6-484c-bd4a-6e4bad1f8a8d/datanode-0/data/ratis/55cb4280-88ef-4f3e-a094-bf03bd903e3b/in_use.lock acquired by nodename 10860@fv-az297-62
2022-07-30 01:47:27,678 [pool-119-thread-1] INFO  server.RaftServerConfigKeys (ConfUtils.java:logGet(46)) - raft.server.log.segment.cache.num.max = 2 (custom)
2022-07-30 01:47:27,678 [pool-119-thread-1] INFO  server.RaftServerConfigKeys (ConfUtils.java:logGet(46)) - raft.server.log.segment.cache.size.max = 200MB (=209715200) (default)
2022-07-30 01:47:27,679 [pool-119-thread-1] INFO  segmented.SegmentedRaftLogWorker (SegmentedRaftLogWorker.java:<init>(187)) - new 3b7c218c-5ec1-49c6-951e-2891968f85c7@group-BF03BD903E3B-SegmentedRaftLogWorker for RaftStorageImpl:Storage Directory /home/runner/work/ozone/ozone/hadoop-ozone/integration-test/target/test-dir/MiniOzoneClusterImpl-4bb34576-a2e6-484c-bd4a-6e4bad1f8a8d/datanode-2/data/ratis/55cb4280-88ef-4f3e-a094-bf03bd903e3b
2022-07-30 01:47:27,679 [EventQueue-OpenPipelineForHealthyPipelineSafeModeRule] INFO  safemode.SCMSafeModeManager (HealthyPipelineSafeModeRule.java:process(137)) - SCM in safe mode. Healthy pipelines reported count is 0, required healthy pipeline reported count is 1
2022-07-30 01:47:27,679 [pool-119-thread-1] INFO  server.RaftServerConfigKeys (ConfUtils.java:logGet(46)) - raft.server.log.queue.byte-limit = 4294967296 (custom)
2022-07-30 01:47:27,679 [pool-119-thread-1] INFO  server.RaftServerConfigKeys (ConfUtils.java:logGet(46)) - raft.server.log.queue.element-limit = 1024 (custom)
2022-07-30 01:47:27,679 [pool-119-thread-1] INFO  server.RaftServerConfigKeys (ConfUtils.java:logGet(46)) - raft.server.log.segment.size.max = 1048576 (custom)
2022-07-30 01:47:27,679 [pool-119-thread-1] INFO  server.RaftServerConfigKeys (ConfUtils.java:logGet(46)) - raft.server.log.preallocated.size = 16384 (custom)
2022-07-30 01:47:27,680 [pool-119-thread-1] INFO  server.RaftServerConfigKeys (ConfUtils.java:logGet(46)) - raft.server.log.force.sync.num = 128 (default)
2022-07-30 01:47:27,680 [pool-119-thread-1] INFO  server.RaftServerConfigKeys (ConfUtils.java:logGet(46)) - raft.server.log.statemachine.data.sync = true (default)
2022-07-30 01:47:27,680 [pool-119-thread-1] INFO  server.RaftServerConfigKeys (ConfUtils.java:logGet(46)) - raft.server.log.statemachine.data.sync.timeout = 10s (default)
2022-07-30 01:47:27,680 [pool-119-thread-1] INFO  server.RaftServerConfigKeys (ConfUtils.java:logGet(46)) - raft.server.log.statemachine.data.sync.timeout.retry = -1 (default)
2022-07-30 01:47:27,681 [pool-119-thread-1] INFO  server.RaftServerConfigKeys (ConfUtils.java:logGet(46)) - raft.server.log.write.buffer.size = 1048576 (custom)
2022-07-30 01:47:27,681 [pool-119-thread-1] INFO  server.RaftServerConfigKeys (ConfUtils.java:logGet(46)) - raft.server.log.unsafe-flush.enabled = false (default)
2022-07-30 01:47:27,681 [pool-119-thread-1] INFO  server.RaftServerConfigKeys (ConfUtils.java:logGet(46)) - raft.server.log.statemachine.data.caching.enabled = true (custom)
2022-07-30 01:47:27,681 [pool-119-thread-1] INFO  segmented.SegmentedRaftLogWorker (SegmentedRaftLogWorker.java:lambda$new$0(135)) - 3b7c218c-5ec1-49c6-951e-2891968f85c7@group-BF03BD903E3B-SegmentedRaftLogWorker: flushIndex: setUnconditionally 0 -> -1
2022-07-30 01:47:27,681 [pool-119-thread-1] INFO  segmented.SegmentedRaftLogWorker (SegmentedRaftLogWorker.java:lambda$new$0(135)) - 3b7c218c-5ec1-49c6-951e-2891968f85c7@group-BF03BD903E3B-SegmentedRaftLogWorker: safeCacheEvictIndex: setUnconditionally 0 -> -1
2022-07-30 01:47:27,686 [pool-73-thread-1] INFO  storage.RaftStorage (RaftStorageImpl.java:format(89)) - Storage directory /home/runner/work/ozone/ozone/hadoop-ozone/integration-test/target/test-dir/MiniOzoneClusterImpl-4bb34576-a2e6-484c-bd4a-6e4bad1f8a8d/datanode-0/data/ratis/55cb4280-88ef-4f3e-a094-bf03bd903e3b has been successfully formatted.
2022-07-30 01:47:27,686 [pool-119-thread-1] INFO  server.RaftServerConfigKeys (ConfUtils.java:logGet(46)) - raft.server.snapshot.auto.trigger.enabled = true (custom)
2022-07-30 01:47:27,687 [pool-119-thread-1] INFO  server.RaftServerConfigKeys (ConfUtils.java:logGet(46)) - raft.server.snapshot.auto.trigger.threshold = 10000 (custom)
2022-07-30 01:47:27,687 [pool-119-thread-1] INFO  server.RaftServerConfigKeys (ConfUtils.java:logGet(46)) - raft.server.snapshot.retention.file.num = 5 (custom)
2022-07-30 01:47:27,687 [pool-73-thread-1] INFO  ratis.ContainerStateMachine (ContainerStateMachine.java:loadSnapshot(236)) - group-BF03BD903E3B: The snapshot info is null. Setting the last applied indexto:(t:0, i:~)
2022-07-30 01:47:27,689 [pool-119-thread-1] INFO  server.RaftServerConfigKeys (ConfUtils.java:logGet(46)) - raft.server.log.purge.upto.snapshot.index = false (default)
2022-07-30 01:47:27,690 [pool-73-thread-1] INFO  server.RaftServerConfigKeys (ConfUtils.java:logGet(46)) - raft.server.notification.no-leader.timeout = 300s (custom)
2022-07-30 01:47:27,691 [EventQueue-OpenPipelineForHealthyPipelineSafeModeRule] INFO  safemode.SCMSafeModeManager (HealthyPipelineSafeModeRule.java:process(137)) - SCM in safe mode. Healthy pipelines reported count is 0, required healthy pipeline reported count is 1
2022-07-30 01:47:27,690 [pool-119-thread-1] INFO  server.RaftServerConfigKeys (ConfUtils.java:logGet(46)) - raft.server.retrycache.expirytime = 600000ms (custom)
2022-07-30 01:47:27,692 [pool-73-thread-1] INFO  server.RaftServerConfigKeys (ConfUtils.java:logGet(46)) - raft.server.log.use.memory = false (default)
2022-07-30 01:47:27,693 [pool-119-thread-1] INFO  server.RaftServerConfigKeys (ConfUtils.java:logGet(46)) - raft.server.retrycache.statistics.expirytime = 100μs (default)
2022-07-30 01:47:27,693 [pool-73-thread-1] INFO  server.RaftServerConfigKeys (ConfUtils.java:logGet(46)) - raft.server.log.purge.gap = 1000000 (custom)
2022-07-30 01:47:27,693 [pool-73-thread-1] INFO  server.RaftServerConfigKeys (ConfUtils.java:logGet(46)) - raft.server.log.appender.buffer.byte-limit = 33554432 (custom)
2022-07-30 01:47:27,693 [pool-73-thread-1] INFO  server.RaftServerConfigKeys (ConfUtils.java:logGet(46)) - raft.server.log.statemachine.data.read.timeout = 1000ms (default)
2022-07-30 01:47:27,693 [pool-73-thread-1] INFO  server.RaftServerConfigKeys (ConfUtils.java:logGet(46)) - raft.server.log.segment.size.max = 1048576 (custom)
2022-07-30 01:47:27,695 [pool-73-thread-1] INFO  server.RaftServerConfigKeys (ConfUtils.java:logGet(46)) - raft.server.log.segment.cache.num.max = 2 (custom)
2022-07-30 01:47:27,695 [pool-73-thread-1] INFO  server.RaftServerConfigKeys (ConfUtils.java:logGet(46)) - raft.server.log.segment.cache.size.max = 200MB (=209715200) (default)
2022-07-30 01:47:27,695 [pool-73-thread-1] INFO  segmented.SegmentedRaftLogWorker (SegmentedRaftLogWorker.java:<init>(187)) - new 6021f7c2-427d-4cd8-a216-b0a112acbfad@group-BF03BD903E3B-SegmentedRaftLogWorker for RaftStorageImpl:Storage Directory /home/runner/work/ozone/ozone/hadoop-ozone/integration-test/target/test-dir/MiniOzoneClusterImpl-4bb34576-a2e6-484c-bd4a-6e4bad1f8a8d/datanode-0/data/ratis/55cb4280-88ef-4f3e-a094-bf03bd903e3b
2022-07-30 01:47:27,696 [pool-73-thread-1] INFO  server.RaftServerConfigKeys (ConfUtils.java:logGet(46)) - raft.server.log.queue.byte-limit = 4294967296 (custom)
2022-07-30 01:47:27,696 [pool-73-thread-1] INFO  server.RaftServerConfigKeys (ConfUtils.java:logGet(46)) - raft.server.log.queue.element-limit = 1024 (custom)
2022-07-30 01:47:27,696 [pool-73-thread-1] INFO  server.RaftServerConfigKeys (ConfUtils.java:logGet(46)) - raft.server.log.segment.size.max = 1048576 (custom)
2022-07-30 01:47:27,696 [pool-73-thread-1] INFO  server.RaftServerConfigKeys (ConfUtils.java:logGet(46)) - raft.server.log.preallocated.size = 16384 (custom)
2022-07-30 01:47:27,696 [pool-73-thread-1] INFO  server.RaftServerConfigKeys (ConfUtils.java:logGet(46)) - raft.server.log.force.sync.num = 128 (default)
2022-07-30 01:47:27,696 [pool-119-thread-1] INFO  server.RaftServerConfigKeys (ConfUtils.java:logGet(46)) - raft.server.log.appender.install.snapshot.enabled = false (custom)
2022-07-30 01:47:27,697 [pool-119-thread-1] INFO  server.RaftServerConfigKeys (ConfUtils.java:logGet(46)) - raft.server.threadpool.server.cached = true (default)
2022-07-30 01:47:27,701 [pool-119-thread-1] INFO  server.RaftServerConfigKeys (ConfUtils.java:logGet(46)) - raft.server.threadpool.server.size = 0 (default)
2022-07-30 01:47:27,701 [pool-119-thread-1] INFO  server.RaftServerConfigKeys (ConfUtils.java:logGet(46)) - raft.server.threadpool.client.cached = true (default)
2022-07-30 01:47:27,701 [pool-119-thread-1] INFO  server.RaftServerConfigKeys (ConfUtils.java:logGet(46)) - raft.server.threadpool.client.size = 0 (default)
2022-07-30 01:47:27,701 [pool-119-thread-1] INFO  server.RaftServer$Division (RaftServerImpl.java:start(310)) - 3b7c218c-5ec1-49c6-951e-2891968f85c7@group-BF03BD903E3B: start as a follower, conf=-1: [2f82598e-6ad5-4b85-a1e1-fdafd308d280|rpc:10.1.0.37:45671|priority:0, 6021f7c2-427d-4cd8-a216-b0a112acbfad|rpc:10.1.0.37:41905|priority:1, 3b7c218c-5ec1-49c6-951e-2891968f85c7|rpc:10.1.0.37:34587|priority:0], old=null
2022-07-30 01:47:27,701 [pool-119-thread-1] INFO  server.RaftServer$Division (RaftServerImpl.java:setRole(299)) - 3b7c218c-5ec1-49c6-951e-2891968f85c7@group-BF03BD903E3B: changes role from      null to FOLLOWER at term 0 for startAsFollower
2022-07-30 01:47:27,701 [pool-119-thread-1] INFO  impl.RoleInfo (RoleInfo.java:updateAndGet(139)) - 3b7c218c-5ec1-49c6-951e-2891968f85c7: start 3b7c218c-5ec1-49c6-951e-2891968f85c7@group-BF03BD903E3B-FollowerState
2022-07-30 01:47:27,696 [pool-73-thread-1] INFO  server.RaftServerConfigKeys (ConfUtils.java:logGet(46)) - raft.server.log.statemachine.data.sync = true (default)
2022-07-30 01:47:27,702 [pool-73-thread-1] INFO  server.RaftServerConfigKeys (ConfUtils.java:logGet(46)) - raft.server.log.statemachine.data.sync.timeout = 10s (default)
2022-07-30 01:47:27,702 [pool-73-thread-1] INFO  server.RaftServerConfigKeys (ConfUtils.java:logGet(46)) - raft.server.log.statemachine.data.sync.timeout.retry = -1 (default)
2022-07-30 01:47:27,710 [pool-119-thread-1] INFO  util.JmxRegister (JmxRegister.java:tryRegister(44)) - Successfully registered JMX Bean with object name Ratis:service=RaftServer,group=group-BF03BD903E3B,id=3b7c218c-5ec1-49c6-951e-2891968f85c7
2022-07-30 01:47:27,711 [pool-73-thread-1] INFO  server.RaftServerConfigKeys (ConfUtils.java:logGet(46)) - raft.server.log.write.buffer.size = 1048576 (custom)
2022-07-30 01:47:27,711 [pool-73-thread-1] INFO  server.RaftServerConfigKeys (ConfUtils.java:logGet(46)) - raft.server.log.unsafe-flush.enabled = false (default)
2022-07-30 01:47:27,712 [pool-73-thread-1] INFO  server.RaftServerConfigKeys (ConfUtils.java:logGet(46)) - raft.server.log.statemachine.data.caching.enabled = true (custom)
2022-07-30 01:47:27,712 [pool-73-thread-1] INFO  segmented.SegmentedRaftLogWorker (SegmentedRaftLogWorker.java:lambda$new$0(135)) - 6021f7c2-427d-4cd8-a216-b0a112acbfad@group-BF03BD903E3B-SegmentedRaftLogWorker: flushIndex: setUnconditionally 0 -> -1
2022-07-30 01:47:27,712 [pool-73-thread-1] INFO  segmented.SegmentedRaftLogWorker (SegmentedRaftLogWorker.java:lambda$new$0(135)) - 6021f7c2-427d-4cd8-a216-b0a112acbfad@group-BF03BD903E3B-SegmentedRaftLogWorker: safeCacheEvictIndex: setUnconditionally 0 -> -1
2022-07-30 01:47:27,712 [Command processor thread] INFO  ratis.XceiverServerRatis (XceiverServerRatis.java:addGroup(765)) - Created group PipelineID=55cb4280-88ef-4f3e-a094-bf03bd903e3b
2022-07-30 01:47:27,720 [pool-73-thread-1] INFO  server.RaftServerConfigKeys (ConfUtils.java:logGet(46)) - raft.server.snapshot.auto.trigger.enabled = true (custom)
2022-07-30 01:47:27,720 [pool-73-thread-1] INFO  server.RaftServerConfigKeys (ConfUtils.java:logGet(46)) - raft.server.snapshot.auto.trigger.threshold = 10000 (custom)
2022-07-30 01:47:27,721 [pool-73-thread-1] INFO  server.RaftServerConfigKeys (ConfUtils.java:logGet(46)) - raft.server.snapshot.retention.file.num = 5 (custom)
2022-07-30 01:47:27,721 [pool-73-thread-1] INFO  server.RaftServerConfigKeys (ConfUtils.java:logGet(46)) - raft.server.log.purge.upto.snapshot.index = false (default)
2022-07-30 01:47:27,721 [pool-73-thread-1] INFO  server.RaftServerConfigKeys (ConfUtils.java:logGet(46)) - raft.server.retrycache.expirytime = 600000ms (custom)
2022-07-30 01:47:27,721 [pool-73-thread-1] INFO  server.RaftServerConfigKeys (ConfUtils.java:logGet(46)) - raft.server.retrycache.statistics.expirytime = 100μs (default)
2022-07-30 01:47:27,722 [pool-73-thread-1] INFO  server.RaftServerConfigKeys (ConfUtils.java:logGet(46)) - raft.server.log.appender.install.snapshot.enabled = false (custom)
2022-07-30 01:47:27,722 [pool-73-thread-1] INFO  server.RaftServerConfigKeys (ConfUtils.java:logGet(46)) - raft.server.threadpool.server.cached = true (default)
2022-07-30 01:47:27,722 [pool-73-thread-1] INFO  server.RaftServerConfigKeys (ConfUtils.java:logGet(46)) - raft.server.threadpool.server.size = 0 (default)
2022-07-30 01:47:27,722 [pool-73-thread-1] INFO  server.RaftServerConfigKeys (ConfUtils.java:logGet(46)) - raft.server.threadpool.client.cached = true (default)
2022-07-30 01:47:27,722 [pool-73-thread-1] INFO  server.RaftServerConfigKeys (ConfUtils.java:logGet(46)) - raft.server.threadpool.client.size = 0 (default)
2022-07-30 01:47:27,722 [pool-73-thread-1] INFO  server.RaftServer$Division (RaftServerImpl.java:start(310)) - 6021f7c2-427d-4cd8-a216-b0a112acbfad@group-BF03BD903E3B: start as a follower, conf=-1: [2f82598e-6ad5-4b85-a1e1-fdafd308d280|rpc:10.1.0.37:45671|priority:0, 6021f7c2-427d-4cd8-a216-b0a112acbfad|rpc:10.1.0.37:41905|priority:1, 3b7c218c-5ec1-49c6-951e-2891968f85c7|rpc:10.1.0.37:34587|priority:0], old=null
2022-07-30 01:47:27,722 [pool-73-thread-1] INFO  server.RaftServer$Division (RaftServerImpl.java:setRole(299)) - 6021f7c2-427d-4cd8-a216-b0a112acbfad@group-BF03BD903E3B: changes role from      null to FOLLOWER at term 0 for startAsFollower
2022-07-30 01:47:27,723 [pool-73-thread-1] INFO  impl.RoleInfo (RoleInfo.java:updateAndGet(139)) - 6021f7c2-427d-4cd8-a216-b0a112acbfad: start 6021f7c2-427d-4cd8-a216-b0a112acbfad@group-BF03BD903E3B-FollowerState
2022-07-30 01:47:27,731 [pool-73-thread-1] INFO  util.JmxRegister (JmxRegister.java:tryRegister(44)) - Successfully registered JMX Bean with object name Ratis:service=RaftServer,group=group-BF03BD903E3B,id=6021f7c2-427d-4cd8-a216-b0a112acbfad
2022-07-30 01:47:27,738 [Command processor thread] INFO  ratis.XceiverServerRatis (XceiverServerRatis.java:addGroup(765)) - Created group PipelineID=55cb4280-88ef-4f3e-a094-bf03bd903e3b
2022-07-30 01:47:27,779 [Command processor thread] INFO  commandhandler.CreatePipelineCommandHandler (CreatePipelineCommandHandler.java:handle(113)) - Created Pipeline RATIS THREE PipelineID=55cb4280-88ef-4f3e-a094-bf03bd903e3b.
2022-07-30 01:47:27,836 [Command processor thread] INFO  commandhandler.CreatePipelineCommandHandler (CreatePipelineCommandHandler.java:handle(113)) - Created Pipeline RATIS THREE PipelineID=55cb4280-88ef-4f3e-a094-bf03bd903e3b.
2022-07-30 01:47:27,845 [Command processor thread] INFO  commandhandler.CreatePipelineCommandHandler (CreatePipelineCommandHandler.java:handle(113)) - Created Pipeline RATIS THREE PipelineID=55cb4280-88ef-4f3e-a094-bf03bd903e3b.
2022-07-30 01:47:27,958 [Command processor thread] INFO  server.RaftServer (RaftServerProxy.java:addNew(96)) - 80984b04-daae-4601-a6da-1d0fb91944be: addNew group-F94A41F2BF3C:[80984b04-daae-4601-a6da-1d0fb91944be|rpc:10.1.0.37:36247|priority:1] returns group-F94A41F2BF3C:java.util.concurrent.CompletableFuture@73a8fb20[Not completed]
2022-07-30 01:47:27,965 [pool-142-thread-1] INFO  server.RaftServer$Division (RaftServerImpl.java:<init>(190)) - 80984b04-daae-4601-a6da-1d0fb91944be: new RaftServerImpl for group-F94A41F2BF3C:[80984b04-daae-4601-a6da-1d0fb91944be|rpc:10.1.0.37:36247|priority:1] with ContainerStateMachine:uninitialized
2022-07-30 01:47:27,965 [pool-142-thread-1] INFO  server.RaftServerConfigKeys (ConfUtils.java:logGet(46)) - raft.server.rpc.timeout.min = 5s (custom)
2022-07-30 01:47:27,965 [pool-142-thread-1] INFO  server.RaftServerConfigKeys (ConfUtils.java:logGet(46)) - raft.server.rpc.timeout.max = 5200ms (custom)
2022-07-30 01:47:27,965 [pool-142-thread-1] INFO  server.RaftServerConfigKeys (ConfUtils.java:logGet(46)) - raft.server.rpc.sleep.time = 25ms (default)
2022-07-30 01:47:27,965 [pool-142-thread-1] INFO  server.RaftServerConfigKeys (ConfUtils.java:logGet(46)) - raft.server.rpc.slowness.timeout = 300s (custom)
2022-07-30 01:47:27,965 [pool-142-thread-1] INFO  server.RaftServerConfigKeys (ConfUtils.java:logGet(46)) - raft.server.leaderelection.leader.step-down.wait-time = 10s (default)
2022-07-30 01:47:27,965 [pool-142-thread-1] INFO  server.RaftServerConfigKeys (ConfUtils.java:logGet(46)) - raft.server.sleep.deviation.threshold = 300ms (default)
2022-07-30 01:47:27,965 [pool-142-thread-1] INFO  server.RaftServer$Division (ServerState.java:<init>(107)) - 80984b04-daae-4601-a6da-1d0fb91944be@group-F94A41F2BF3C: ConfigurationManager, init=-1: [80984b04-daae-4601-a6da-1d0fb91944be|rpc:10.1.0.37:36247|priority:1], old=null, confs=<EMPTY_MAP>
2022-07-30 01:47:27,965 [pool-142-thread-1] INFO  server.RaftServerConfigKeys (ConfUtils.java:logGet(46)) - raft.server.storage.dir = [/home/runner/work/ozone/ozone/hadoop-ozone/integration-test/target/test-dir/MiniOzoneClusterImpl-4bb34576-a2e6-484c-bd4a-6e4bad1f8a8d/datanode-3/data/ratis] (custom)
2022-07-30 01:47:27,966 [pool-142-thread-1] INFO  server.RaftServerConfigKeys (ConfUtils.java:logGet(46)) - raft.server.log.corruption.policy = EXCEPTION (default)
2022-07-30 01:47:27,966 [pool-142-thread-1] INFO  server.RaftServerConfigKeys (ConfUtils.java:logGet(46)) - raft.server.storage.free-space.min = 0MB (=0) (default)
2022-07-30 01:47:27,966 [pool-142-thread-1] INFO  storage.RaftStorageDirectory (RaftStorageDirectoryImpl.java:analyzeStorage(135)) - The storage directory /home/runner/work/ozone/ozone/hadoop-ozone/integration-test/target/test-dir/MiniOzoneClusterImpl-4bb34576-a2e6-484c-bd4a-6e4bad1f8a8d/datanode-3/data/ratis/fd25662b-221d-4b52-ae54-f94a41f2bf3c does not exist. Creating ...
2022-07-30 01:47:27,969 [pool-142-thread-1] INFO  storage.RaftStorageDirectory (RaftStorageDirectoryImpl.java:tryLock(230)) - Lock on /home/runner/work/ozone/ozone/hadoop-ozone/integration-test/target/test-dir/MiniOzoneClusterImpl-4bb34576-a2e6-484c-bd4a-6e4bad1f8a8d/datanode-3/data/ratis/fd25662b-221d-4b52-ae54-f94a41f2bf3c/in_use.lock acquired by nodename 10860@fv-az297-62
2022-07-30 01:47:27,971 [pool-142-thread-1] INFO  storage.RaftStorage (RaftStorageImpl.java:format(89)) - Storage directory /home/runner/work/ozone/ozone/hadoop-ozone/integration-test/target/test-dir/MiniOzoneClusterImpl-4bb34576-a2e6-484c-bd4a-6e4bad1f8a8d/datanode-3/data/ratis/fd25662b-221d-4b52-ae54-f94a41f2bf3c has been successfully formatted.
2022-07-30 01:47:27,972 [pool-142-thread-1] INFO  ratis.ContainerStateMachine (ContainerStateMachine.java:loadSnapshot(236)) - group-F94A41F2BF3C: The snapshot info is null. Setting the last applied indexto:(t:0, i:~)
2022-07-30 01:47:27,972 [pool-142-thread-1] INFO  server.RaftServerConfigKeys (ConfUtils.java:logGet(46)) - raft.server.notification.no-leader.timeout = 300s (custom)
2022-07-30 01:47:27,973 [pool-142-thread-1] INFO  server.RaftServerConfigKeys (ConfUtils.java:logGet(46)) - raft.server.log.use.memory = false (default)
2022-07-30 01:47:27,973 [pool-142-thread-1] INFO  server.RaftServerConfigKeys (ConfUtils.java:logGet(46)) - raft.server.log.purge.gap = 1000000 (custom)
2022-07-30 01:47:27,973 [pool-142-thread-1] INFO  server.RaftServerConfigKeys (ConfUtils.java:logGet(46)) - raft.server.log.appender.buffer.byte-limit = 33554432 (custom)
2022-07-30 01:47:27,973 [pool-142-thread-1] INFO  server.RaftServerConfigKeys (ConfUtils.java:logGet(46)) - raft.server.log.statemachine.data.read.timeout = 1000ms (default)
2022-07-30 01:47:27,975 [EventQueue-PipelineReportForPipelineReportHandler] INFO  pipeline.PipelineManagerImpl (PipelineManagerImpl.java:openPipeline(367)) - Pipeline Pipeline[ Id: fd25662b-221d-4b52-ae54-f94a41f2bf3c, Nodes: 80984b04-daae-4601-a6da-1d0fb91944be{ip: 10.1.0.37, host: fv-az297-62.nmf1rxwemy4u5di1sxxf4ejcwb.jx.internal.cloudapp.net, ports: [REPLICATION=46353, RATIS=36247, RATIS_ADMIN=36247, RATIS_SERVER=36247, STANDALONE=37031], networkLocation: /default-rack, certSerialId: null, persistedOpState: IN_SERVICE, persistedOpStateExpiryEpochSec: 0}, ReplicationConfig: RATIS/ONE, State:ALLOCATED, leaderId:80984b04-daae-4601-a6da-1d0fb91944be, CreationTimestamp2022-07-30T01:47:24.960Z[Etc/UTC]] moved to OPEN state
2022-07-30 01:47:27,975 [EventQueue-OpenPipelineForHealthyPipelineSafeModeRule] INFO  safemode.SCMSafeModeManager (HealthyPipelineSafeModeRule.java:process(137)) - SCM in safe mode. Healthy pipelines reported count is 0, required healthy pipeline reported count is 1
2022-07-30 01:47:27,976 [pool-142-thread-1] INFO  server.RaftServerConfigKeys (ConfUtils.java:logGet(46)) - raft.server.log.segment.size.max = 1048576 (custom)
2022-07-30 01:47:27,977 [pool-142-thread-1] INFO  server.RaftServerConfigKeys (ConfUtils.java:logGet(46)) - raft.server.log.segment.cache.num.max = 2 (custom)
2022-07-30 01:47:27,977 [pool-142-thread-1] INFO  server.RaftServerConfigKeys (ConfUtils.java:logGet(46)) - raft.server.log.segment.cache.size.max = 200MB (=209715200) (default)
2022-07-30 01:47:27,977 [pool-142-thread-1] INFO  segmented.SegmentedRaftLogWorker (SegmentedRaftLogWorker.java:<init>(187)) - new 80984b04-daae-4601-a6da-1d0fb91944be@group-F94A41F2BF3C-SegmentedRaftLogWorker for RaftStorageImpl:Storage Directory /home/runner/work/ozone/ozone/hadoop-ozone/integration-test/target/test-dir/MiniOzoneClusterImpl-4bb34576-a2e6-484c-bd4a-6e4bad1f8a8d/datanode-3/data/ratis/fd25662b-221d-4b52-ae54-f94a41f2bf3c
2022-07-30 01:47:27,977 [pool-142-thread-1] INFO  server.RaftServerConfigKeys (ConfUtils.java:logGet(46)) - raft.server.log.queue.byte-limit = 4294967296 (custom)
2022-07-30 01:47:27,978 [pool-142-thread-1] INFO  server.RaftServerConfigKeys (ConfUtils.java:logGet(46)) - raft.server.log.queue.element-limit = 1024 (custom)
2022-07-30 01:47:27,978 [pool-142-thread-1] INFO  server.RaftServerConfigKeys (ConfUtils.java:logGet(46)) - raft.server.log.segment.size.max = 1048576 (custom)
2022-07-30 01:47:27,978 [pool-142-thread-1] INFO  server.RaftServerConfigKeys (ConfUtils.java:logGet(46)) - raft.server.log.preallocated.size = 16384 (custom)
2022-07-30 01:47:27,978 [pool-142-thread-1] INFO  server.RaftServerConfigKeys (ConfUtils.java:logGet(46)) - raft.server.log.force.sync.num = 128 (default)
2022-07-30 01:47:27,978 [pool-142-thread-1] INFO  server.RaftServerConfigKeys (ConfUtils.java:logGet(46)) - raft.server.log.statemachine.data.sync = true (default)
2022-07-30 01:47:27,978 [pool-142-thread-1] INFO  server.RaftServerConfigKeys (ConfUtils.java:logGet(46)) - raft.server.log.statemachine.data.sync.timeout = 10s (default)
2022-07-30 01:47:27,978 [pool-142-thread-1] INFO  server.RaftServerConfigKeys (ConfUtils.java:logGet(46)) - raft.server.log.statemachine.data.sync.timeout.retry = -1 (default)
2022-07-30 01:47:27,979 [pool-142-thread-1] INFO  server.RaftServerConfigKeys (ConfUtils.java:logGet(46)) - raft.server.log.write.buffer.size = 1048576 (custom)
2022-07-30 01:47:27,980 [pool-142-thread-1] INFO  server.RaftServerConfigKeys (ConfUtils.java:logGet(46)) - raft.server.log.unsafe-flush.enabled = false (default)
2022-07-30 01:47:27,980 [pool-142-thread-1] INFO  server.RaftServerConfigKeys (ConfUtils.java:logGet(46)) - raft.server.log.statemachine.data.caching.enabled = true (custom)
2022-07-30 01:47:27,980 [pool-142-thread-1] INFO  segmented.SegmentedRaftLogWorker (SegmentedRaftLogWorker.java:lambda$new$0(135)) - 80984b04-daae-4601-a6da-1d0fb91944be@group-F94A41F2BF3C-SegmentedRaftLogWorker: flushIndex: setUnconditionally 0 -> -1
2022-07-30 01:47:27,980 [pool-142-thread-1] INFO  segmented.SegmentedRaftLogWorker (SegmentedRaftLogWorker.java:lambda$new$0(135)) - 80984b04-daae-4601-a6da-1d0fb91944be@group-F94A41F2BF3C-SegmentedRaftLogWorker: safeCacheEvictIndex: setUnconditionally 0 -> -1
2022-07-30 01:47:27,983 [pool-142-thread-1] INFO  server.RaftServerConfigKeys (ConfUtils.java:logGet(46)) - raft.server.snapshot.auto.trigger.enabled = true (custom)
2022-07-30 01:47:27,983 [pool-142-thread-1] INFO  server.RaftServerConfigKeys (ConfUtils.java:logGet(46)) - raft.server.snapshot.auto.trigger.threshold = 10000 (custom)
2022-07-30 01:47:27,983 [pool-142-thread-1] INFO  server.RaftServerConfigKeys (ConfUtils.java:logGet(46)) - raft.server.snapshot.retention.file.num = 5 (custom)
2022-07-30 01:47:27,983 [pool-142-thread-1] INFO  server.RaftServerConfigKeys (ConfUtils.java:logGet(46)) - raft.server.log.purge.upto.snapshot.index = false (default)
2022-07-30 01:47:27,983 [pool-142-thread-1] INFO  server.RaftServerConfigKeys (ConfUtils.java:logGet(46)) - raft.server.retrycache.expirytime = 600000ms (custom)
2022-07-30 01:47:27,983 [pool-142-thread-1] INFO  server.RaftServerConfigKeys (ConfUtils.java:logGet(46)) - raft.server.retrycache.statistics.expirytime = 100μs (default)
2022-07-30 01:47:27,984 [pool-142-thread-1] INFO  server.RaftServerConfigKeys (ConfUtils.java:logGet(46)) - raft.server.log.appender.install.snapshot.enabled = false (custom)
2022-07-30 01:47:27,985 [pool-142-thread-1] INFO  server.RaftServerConfigKeys (ConfUtils.java:logGet(46)) - raft.server.threadpool.server.cached = true (default)
2022-07-30 01:47:27,985 [pool-142-thread-1] INFO  server.RaftServerConfigKeys (ConfUtils.java:logGet(46)) - raft.server.threadpool.server.size = 0 (default)
2022-07-30 01:47:27,985 [pool-142-thread-1] INFO  server.RaftServerConfigKeys (ConfUtils.java:logGet(46)) - raft.server.threadpool.client.cached = true (default)
2022-07-30 01:47:27,985 [pool-142-thread-1] INFO  server.RaftServerConfigKeys (ConfUtils.java:logGet(46)) - raft.server.threadpool.client.size = 0 (default)
2022-07-30 01:47:27,985 [pool-142-thread-1] INFO  server.RaftServer$Division (RaftServerImpl.java:start(310)) - 80984b04-daae-4601-a6da-1d0fb91944be@group-F94A41F2BF3C: start as a follower, conf=-1: [80984b04-daae-4601-a6da-1d0fb91944be|rpc:10.1.0.37:36247|priority:1], old=null
2022-07-30 01:47:27,985 [pool-142-thread-1] INFO  server.RaftServer$Division (RaftServerImpl.java:setRole(299)) - 80984b04-daae-4601-a6da-1d0fb91944be@group-F94A41F2BF3C: changes role from      null to FOLLOWER at term 0 for startAsFollower
2022-07-30 01:47:27,985 [pool-142-thread-1] INFO  impl.RoleInfo (RoleInfo.java:updateAndGet(139)) - 80984b04-daae-4601-a6da-1d0fb91944be: start 80984b04-daae-4601-a6da-1d0fb91944be@group-F94A41F2BF3C-FollowerState
2022-07-30 01:47:27,985 [pool-142-thread-1] INFO  util.JmxRegister (JmxRegister.java:tryRegister(44)) - Successfully registered JMX Bean with object name Ratis:service=RaftServer,group=group-F94A41F2BF3C,id=80984b04-daae-4601-a6da-1d0fb91944be
2022-07-30 01:47:27,986 [Command processor thread] INFO  ratis.XceiverServerRatis (XceiverServerRatis.java:addGroup(765)) - Created group PipelineID=fd25662b-221d-4b52-ae54-f94a41f2bf3c
2022-07-30 01:47:27,986 [Command processor thread] INFO  commandhandler.CreatePipelineCommandHandler (CreatePipelineCommandHandler.java:handle(113)) - Created Pipeline RATIS ONE PipelineID=fd25662b-221d-4b52-ae54-f94a41f2bf3c.
2022-07-30 01:47:28,303 [Command processor thread] INFO  server.RaftServer (RaftServerProxy.java:addNew(96)) - 0f487d5e-71b7-4e1e-9748-4ae099f19241: addNew group-C77882487A2F:[0f487d5e-71b7-4e1e-9748-4ae099f19241|rpc:10.1.0.37:42109|priority:1] returns group-C77882487A2F:java.util.concurrent.CompletableFuture@2b6a46c[Not completed]
2022-07-30 01:47:28,305 [pool-165-thread-1] INFO  server.RaftServer$Division (RaftServerImpl.java:<init>(190)) - 0f487d5e-71b7-4e1e-9748-4ae099f19241: new RaftServerImpl for group-C77882487A2F:[0f487d5e-71b7-4e1e-9748-4ae099f19241|rpc:10.1.0.37:42109|priority:1] with ContainerStateMachine:uninitialized
2022-07-30 01:47:28,305 [pool-165-thread-1] INFO  server.RaftServerConfigKeys (ConfUtils.java:logGet(46)) - raft.server.rpc.timeout.min = 5s (custom)
2022-07-30 01:47:28,305 [pool-165-thread-1] INFO  server.RaftServerConfigKeys (ConfUtils.java:logGet(46)) - raft.server.rpc.timeout.max = 5200ms (custom)
2022-07-30 01:47:28,305 [pool-165-thread-1] INFO  server.RaftServerConfigKeys (ConfUtils.java:logGet(46)) - raft.server.rpc.sleep.time = 25ms (default)
2022-07-30 01:47:28,305 [pool-165-thread-1] INFO  server.RaftServerConfigKeys (ConfUtils.java:logGet(46)) - raft.server.rpc.slowness.timeout = 300s (custom)
2022-07-30 01:47:28,305 [pool-165-thread-1] INFO  server.RaftServerConfigKeys (ConfUtils.java:logGet(46)) - raft.server.leaderelection.leader.step-down.wait-time = 10s (default)
2022-07-30 01:47:28,305 [pool-165-thread-1] INFO  server.RaftServerConfigKeys (ConfUtils.java:logGet(46)) - raft.server.sleep.deviation.threshold = 300ms (default)
2022-07-30 01:47:28,305 [pool-165-thread-1] INFO  server.RaftServer$Division (ServerState.java:<init>(107)) - 0f487d5e-71b7-4e1e-9748-4ae099f19241@group-C77882487A2F: ConfigurationManager, init=-1: [0f487d5e-71b7-4e1e-9748-4ae099f19241|rpc:10.1.0.37:42109|priority:1], old=null, confs=<EMPTY_MAP>
2022-07-30 01:47:28,305 [pool-165-thread-1] INFO  server.RaftServerConfigKeys (ConfUtils.java:logGet(46)) - raft.server.storage.dir = [/home/runner/work/ozone/ozone/hadoop-ozone/integration-test/target/test-dir/MiniOzoneClusterImpl-4bb34576-a2e6-484c-bd4a-6e4bad1f8a8d/datanode-4/data/ratis] (custom)
2022-07-30 01:47:28,306 [pool-165-thread-1] INFO  server.RaftServerConfigKeys (ConfUtils.java:logGet(46)) - raft.server.log.corruption.policy = EXCEPTION (default)
2022-07-30 01:47:28,306 [pool-165-thread-1] INFO  server.RaftServerConfigKeys (ConfUtils.java:logGet(46)) - raft.server.storage.free-space.min = 0MB (=0) (default)
2022-07-30 01:47:28,306 [pool-165-thread-1] INFO  storage.RaftStorageDirectory (RaftStorageDirectoryImpl.java:analyzeStorage(135)) - The storage directory /home/runner/work/ozone/ozone/hadoop-ozone/integration-test/target/test-dir/MiniOzoneClusterImpl-4bb34576-a2e6-484c-bd4a-6e4bad1f8a8d/datanode-4/data/ratis/fcbaf0f9-2516-4e44-b0e1-c77882487a2f does not exist. Creating ...
2022-07-30 01:47:28,307 [pool-165-thread-1] INFO  storage.RaftStorageDirectory (RaftStorageDirectoryImpl.java:tryLock(230)) - Lock on /home/runner/work/ozone/ozone/hadoop-ozone/integration-test/target/test-dir/MiniOzoneClusterImpl-4bb34576-a2e6-484c-bd4a-6e4bad1f8a8d/datanode-4/data/ratis/fcbaf0f9-2516-4e44-b0e1-c77882487a2f/in_use.lock acquired by nodename 10860@fv-az297-62
2022-07-30 01:47:28,308 [Listener at 127.0.0.1/39159] INFO  ozone.MiniOzoneClusterImpl (MiniOzoneClusterImpl.java:lambda$waitForClusterToBeReady$0(216)) - Nodes are ready. Got 5 of 5 DN Heartbeats.
2022-07-30 01:47:28,308 [Listener at 127.0.0.1/39159] INFO  ozone.MiniOzoneClusterImpl (MiniOzoneClusterImpl.java:lambda$waitForClusterToBeReady$0(219)) - Waiting for cluster to exit safe mode
2022-07-30 01:47:28,308 [Listener at 127.0.0.1/39159] INFO  ozone.MiniOzoneClusterImpl (MiniOzoneClusterImpl.java:lambda$waitForClusterToBeReady$0(221)) - SCM became leader
2022-07-30 01:47:28,309 [pool-165-thread-1] INFO  storage.RaftStorage (RaftStorageImpl.java:format(89)) - Storage directory /home/runner/work/ozone/ozone/hadoop-ozone/integration-test/target/test-dir/MiniOzoneClusterImpl-4bb34576-a2e6-484c-bd4a-6e4bad1f8a8d/datanode-4/data/ratis/fcbaf0f9-2516-4e44-b0e1-c77882487a2f has been successfully formatted.
2022-07-30 01:47:28,312 [pool-165-thread-1] INFO  ratis.ContainerStateMachine (ContainerStateMachine.java:loadSnapshot(236)) - group-C77882487A2F: The snapshot info is null. Setting the last applied indexto:(t:0, i:~)
2022-07-30 01:47:28,314 [EventQueue-PipelineReportForPipelineReportHandler] INFO  pipeline.PipelineManagerImpl (PipelineManagerImpl.java:openPipeline(367)) - Pipeline Pipeline[ Id: fcbaf0f9-2516-4e44-b0e1-c77882487a2f, Nodes: 0f487d5e-71b7-4e1e-9748-4ae099f19241{ip: 10.1.0.37, host: fv-az297-62.nmf1rxwemy4u5di1sxxf4ejcwb.jx.internal.cloudapp.net, ports: [REPLICATION=40525, RATIS=42109, RATIS_ADMIN=42109, RATIS_SERVER=42109, STANDALONE=33799], networkLocation: /default-rack, certSerialId: null, persistedOpState: IN_SERVICE, persistedOpStateExpiryEpochSec: 0}, ReplicationConfig: RATIS/ONE, State:ALLOCATED, leaderId:0f487d5e-71b7-4e1e-9748-4ae099f19241, CreationTimestamp2022-07-30T01:47:25.307Z[Etc/UTC]] moved to OPEN state
2022-07-30 01:47:28,314 [pool-165-thread-1] INFO  server.RaftServerConfigKeys (ConfUtils.java:logGet(46)) - raft.server.notification.no-leader.timeout = 300s (custom)
2022-07-30 01:47:28,314 [pool-165-thread-1] INFO  server.RaftServerConfigKeys (ConfUtils.java:logGet(46)) - raft.server.log.use.memory = false (default)
2022-07-30 01:47:28,314 [pool-165-thread-1] INFO  server.RaftServerConfigKeys (ConfUtils.java:logGet(46)) - raft.server.log.purge.gap = 1000000 (custom)
2022-07-30 01:47:28,315 [pool-165-thread-1] INFO  server.RaftServerConfigKeys (ConfUtils.java:logGet(46)) - raft.server.log.appender.buffer.byte-limit = 33554432 (custom)
2022-07-30 01:47:28,315 [pool-165-thread-1] INFO  server.RaftServerConfigKeys (ConfUtils.java:logGet(46)) - raft.server.log.statemachine.data.read.timeout = 1000ms (default)
2022-07-30 01:47:28,315 [EventQueue-OpenPipelineForHealthyPipelineSafeModeRule] INFO  safemode.SCMSafeModeManager (HealthyPipelineSafeModeRule.java:process(137)) - SCM in safe mode. Healthy pipelines reported count is 0, required healthy pipeline reported count is 1
2022-07-30 01:47:28,315 [pool-165-thread-1] INFO  server.RaftServerConfigKeys (ConfUtils.java:logGet(46)) - raft.server.log.segment.size.max = 1048576 (custom)
2022-07-30 01:47:28,316 [pool-165-thread-1] INFO  server.RaftServerConfigKeys (ConfUtils.java:logGet(46)) - raft.server.log.segment.cache.num.max = 2 (custom)
2022-07-30 01:47:28,316 [pool-165-thread-1] INFO  server.RaftServerConfigKeys (ConfUtils.java:logGet(46)) - raft.server.log.segment.cache.size.max = 200MB (=209715200) (default)
2022-07-30 01:47:28,316 [pool-165-thread-1] INFO  segmented.SegmentedRaftLogWorker (SegmentedRaftLogWorker.java:<init>(187)) - new 0f487d5e-71b7-4e1e-9748-4ae099f19241@group-C77882487A2F-SegmentedRaftLogWorker for RaftStorageImpl:Storage Directory /home/runner/work/ozone/ozone/hadoop-ozone/integration-test/target/test-dir/MiniOzoneClusterImpl-4bb34576-a2e6-484c-bd4a-6e4bad1f8a8d/datanode-4/data/ratis/fcbaf0f9-2516-4e44-b0e1-c77882487a2f
2022-07-30 01:47:28,316 [pool-165-thread-1] INFO  server.RaftServerConfigKeys (ConfUtils.java:logGet(46)) - raft.server.log.queue.byte-limit = 4294967296 (custom)
2022-07-30 01:47:28,316 [pool-165-thread-1] INFO  server.RaftServerConfigKeys (ConfUtils.java:logGet(46)) - raft.server.log.queue.element-limit = 1024 (custom)
2022-07-30 01:47:28,316 [pool-165-thread-1] INFO  server.RaftServerConfigKeys (ConfUtils.java:logGet(46)) - raft.server.log.segment.size.max = 1048576 (custom)
2022-07-30 01:47:28,316 [pool-165-thread-1] INFO  server.RaftServerConfigKeys (ConfUtils.java:logGet(46)) - raft.server.log.preallocated.size = 16384 (custom)
2022-07-30 01:47:28,316 [pool-165-thread-1] INFO  server.RaftServerConfigKeys (ConfUtils.java:logGet(46)) - raft.server.log.force.sync.num = 128 (default)
2022-07-30 01:47:28,316 [pool-165-thread-1] INFO  server.RaftServerConfigKeys (ConfUtils.java:logGet(46)) - raft.server.log.statemachine.data.sync = true (default)
2022-07-30 01:47:28,317 [pool-165-thread-1] INFO  server.RaftServerConfigKeys (ConfUtils.java:logGet(46)) - raft.server.log.statemachine.data.sync.timeout = 10s (default)
2022-07-30 01:47:28,317 [pool-165-thread-1] INFO  server.RaftServerConfigKeys (ConfUtils.java:logGet(46)) - raft.server.log.statemachine.data.sync.timeout.retry = -1 (default)
2022-07-30 01:47:28,319 [pool-165-thread-1] INFO  server.RaftServerConfigKeys (ConfUtils.java:logGet(46)) - raft.server.log.write.buffer.size = 1048576 (custom)
2022-07-30 01:47:28,320 [pool-165-thread-1] INFO  server.RaftServerConfigKeys (ConfUtils.java:logGet(46)) - raft.server.log.unsafe-flush.enabled = false (default)
2022-07-30 01:47:28,320 [pool-165-thread-1] INFO  server.RaftServerConfigKeys (ConfUtils.java:logGet(46)) - raft.server.log.statemachine.data.caching.enabled = true (custom)
2022-07-30 01:47:28,321 [pool-165-thread-1] INFO  segmented.SegmentedRaftLogWorker (SegmentedRaftLogWorker.java:lambda$new$0(135)) - 0f487d5e-71b7-4e1e-9748-4ae099f19241@group-C77882487A2F-SegmentedRaftLogWorker: flushIndex: setUnconditionally 0 -> -1
2022-07-30 01:47:28,321 [pool-165-thread-1] INFO  segmented.SegmentedRaftLogWorker (SegmentedRaftLogWorker.java:lambda$new$0(135)) - 0f487d5e-71b7-4e1e-9748-4ae099f19241@group-C77882487A2F-SegmentedRaftLogWorker: safeCacheEvictIndex: setUnconditionally 0 -> -1
2022-07-30 01:47:28,321 [pool-165-thread-1] INFO  server.RaftServerConfigKeys (ConfUtils.java:logGet(46)) - raft.server.snapshot.auto.trigger.enabled = true (custom)
2022-07-30 01:47:28,321 [pool-165-thread-1] INFO  server.RaftServerConfigKeys (ConfUtils.java:logGet(46)) - raft.server.snapshot.auto.trigger.threshold = 10000 (custom)
2022-07-30 01:47:28,321 [pool-165-thread-1] INFO  server.RaftServerConfigKeys (ConfUtils.java:logGet(46)) - raft.server.snapshot.retention.file.num = 5 (custom)
2022-07-30 01:47:28,321 [pool-165-thread-1] INFO  server.RaftServerConfigKeys (ConfUtils.java:logGet(46)) - raft.server.log.purge.upto.snapshot.index = false (default)
2022-07-30 01:47:28,321 [pool-165-thread-1] INFO  server.RaftServerConfigKeys (ConfUtils.java:logGet(46)) - raft.server.retrycache.expirytime = 600000ms (custom)
2022-07-30 01:47:28,321 [pool-165-thread-1] INFO  server.RaftServerConfigKeys (ConfUtils.java:logGet(46)) - raft.server.retrycache.statistics.expirytime = 100μs (default)
2022-07-30 01:47:28,323 [pool-165-thread-1] INFO  server.RaftServerConfigKeys (ConfUtils.java:logGet(46)) - raft.server.log.appender.install.snapshot.enabled = false (custom)
2022-07-30 01:47:28,323 [pool-165-thread-1] INFO  server.RaftServerConfigKeys (ConfUtils.java:logGet(46)) - raft.server.threadpool.server.cached = true (default)
2022-07-30 01:47:28,323 [pool-165-thread-1] INFO  server.RaftServerConfigKeys (ConfUtils.java:logGet(46)) - raft.server.threadpool.server.size = 0 (default)
2022-07-30 01:47:28,323 [pool-165-thread-1] INFO  server.RaftServerConfigKeys (ConfUtils.java:logGet(46)) - raft.server.threadpool.client.cached = true (default)
2022-07-30 01:47:28,323 [pool-165-thread-1] INFO  server.RaftServerConfigKeys (ConfUtils.java:logGet(46)) - raft.server.threadpool.client.size = 0 (default)
2022-07-30 01:47:28,323 [pool-165-thread-1] INFO  server.RaftServer$Division (RaftServerImpl.java:start(310)) - 0f487d5e-71b7-4e1e-9748-4ae099f19241@group-C77882487A2F: start as a follower, conf=-1: [0f487d5e-71b7-4e1e-9748-4ae099f19241|rpc:10.1.0.37:42109|priority:1], old=null
2022-07-30 01:47:28,323 [pool-165-thread-1] INFO  server.RaftServer$Division (RaftServerImpl.java:setRole(299)) - 0f487d5e-71b7-4e1e-9748-4ae099f19241@group-C77882487A2F: changes role from      null to FOLLOWER at term 0 for startAsFollower
2022-07-30 01:47:28,323 [pool-165-thread-1] INFO  impl.RoleInfo (RoleInfo.java:updateAndGet(139)) - 0f487d5e-71b7-4e1e-9748-4ae099f19241: start 0f487d5e-71b7-4e1e-9748-4ae099f19241@group-C77882487A2F-FollowerState
2022-07-30 01:47:28,324 [pool-165-thread-1] INFO  util.JmxRegister (JmxRegister.java:tryRegister(44)) - Successfully registered JMX Bean with object name Ratis:service=RaftServer,group=group-C77882487A2F,id=0f487d5e-71b7-4e1e-9748-4ae099f19241
2022-07-30 01:47:28,324 [Command processor thread] INFO  ratis.XceiverServerRatis (XceiverServerRatis.java:addGroup(765)) - Created group PipelineID=fcbaf0f9-2516-4e44-b0e1-c77882487a2f
2022-07-30 01:47:28,324 [Command processor thread] INFO  commandhandler.CreatePipelineCommandHandler (CreatePipelineCommandHandler.java:handle(113)) - Created Pipeline RATIS ONE PipelineID=fcbaf0f9-2516-4e44-b0e1-c77882487a2f.
2022-07-30 01:47:29,308 [Listener at 127.0.0.1/39159] INFO  ozone.MiniOzoneClusterImpl (MiniOzoneClusterImpl.java:lambda$waitForClusterToBeReady$0(216)) - Nodes are ready. Got 5 of 5 DN Heartbeats.
2022-07-30 01:47:29,309 [Listener at 127.0.0.1/39159] INFO  ozone.MiniOzoneClusterImpl (MiniOzoneClusterImpl.java:lambda$waitForClusterToBeReady$0(219)) - Waiting for cluster to exit safe mode
2022-07-30 01:47:29,309 [Listener at 127.0.0.1/39159] INFO  ozone.MiniOzoneClusterImpl (MiniOzoneClusterImpl.java:lambda$waitForClusterToBeReady$0(221)) - SCM became leader
2022-07-30 01:47:30,309 [Listener at 127.0.0.1/39159] INFO  ozone.MiniOzoneClusterImpl (MiniOzoneClusterImpl.java:lambda$waitForClusterToBeReady$0(216)) - Nodes are ready. Got 5 of 5 DN Heartbeats.
2022-07-30 01:47:30,309 [Listener at 127.0.0.1/39159] INFO  ozone.MiniOzoneClusterImpl (MiniOzoneClusterImpl.java:lambda$waitForClusterToBeReady$0(219)) - Waiting for cluster to exit safe mode
2022-07-30 01:47:30,309 [Listener at 127.0.0.1/39159] INFO  ozone.MiniOzoneClusterImpl (MiniOzoneClusterImpl.java:lambda$waitForClusterToBeReady$0(221)) - SCM became leader
2022-07-30 01:47:31,310 [Listener at 127.0.0.1/39159] INFO  ozone.MiniOzoneClusterImpl (MiniOzoneClusterImpl.java:lambda$waitForClusterToBeReady$0(216)) - Nodes are ready. Got 5 of 5 DN Heartbeats.
2022-07-30 01:47:31,310 [Listener at 127.0.0.1/39159] INFO  ozone.MiniOzoneClusterImpl (MiniOzoneClusterImpl.java:lambda$waitForClusterToBeReady$0(219)) - Waiting for cluster to exit safe mode
2022-07-30 01:47:31,310 [Listener at 127.0.0.1/39159] INFO  ozone.MiniOzoneClusterImpl (MiniOzoneClusterImpl.java:lambda$waitForClusterToBeReady$0(221)) - SCM became leader
2022-07-30 01:47:31,809 [6021f7c2-427d-4cd8-a216-b0a112acbfad@group-A5C85C979773-FollowerState] INFO  impl.FollowerState (FollowerState.java:run(143)) - 6021f7c2-427d-4cd8-a216-b0a112acbfad@group-A5C85C979773-FollowerState: change to CANDIDATE, lastRpcElapsedTime:5029055729ns, electionTimeout:5023ms
2022-07-30 01:47:31,809 [6021f7c2-427d-4cd8-a216-b0a112acbfad@group-A5C85C979773-FollowerState] INFO  impl.RoleInfo (RoleInfo.java:shutdownFollowerState(110)) - 6021f7c2-427d-4cd8-a216-b0a112acbfad: shutdown 6021f7c2-427d-4cd8-a216-b0a112acbfad@group-A5C85C979773-FollowerState
2022-07-30 01:47:31,809 [6021f7c2-427d-4cd8-a216-b0a112acbfad@group-A5C85C979773-FollowerState] INFO  server.RaftServer$Division (RaftServerImpl.java:setRole(299)) - 6021f7c2-427d-4cd8-a216-b0a112acbfad@group-A5C85C979773: changes role from  FOLLOWER to CANDIDATE at term 0 for changeToCandidate
2022-07-30 01:47:31,809 [6021f7c2-427d-4cd8-a216-b0a112acbfad@group-A5C85C979773-FollowerState] INFO  server.RaftServerConfigKeys (ConfUtils.java:logGet(46)) - raft.server.leaderelection.pre-vote = false (custom)
2022-07-30 01:47:31,809 [6021f7c2-427d-4cd8-a216-b0a112acbfad@group-A5C85C979773-FollowerState] INFO  impl.RoleInfo (RoleInfo.java:updateAndGet(139)) - 6021f7c2-427d-4cd8-a216-b0a112acbfad: start 6021f7c2-427d-4cd8-a216-b0a112acbfad@group-A5C85C979773-LeaderElection2
2022-07-30 01:47:31,813 [6021f7c2-427d-4cd8-a216-b0a112acbfad@group-A5C85C979773-LeaderElection2] INFO  impl.LeaderElection (LeaderElection.java:askForVotes(310)) - 6021f7c2-427d-4cd8-a216-b0a112acbfad@group-A5C85C979773-LeaderElection2 ELECTION round 0: submit vote requests at term 1 for -1: [6021f7c2-427d-4cd8-a216-b0a112acbfad|rpc:10.1.0.37:41905|priority:1], old=null
2022-07-30 01:47:31,813 [6021f7c2-427d-4cd8-a216-b0a112acbfad@group-A5C85C979773-LeaderElection2] INFO  impl.LeaderElection (LeaderElection.java:askForVotes(312)) - 6021f7c2-427d-4cd8-a216-b0a112acbfad@group-A5C85C979773-LeaderElection2 ELECTION round 0: result PASSED (term=1)
2022-07-30 01:47:31,813 [6021f7c2-427d-4cd8-a216-b0a112acbfad@group-A5C85C979773-LeaderElection2] INFO  impl.RoleInfo (RoleInfo.java:shutdownLeaderElection(130)) - 6021f7c2-427d-4cd8-a216-b0a112acbfad: shutdown 6021f7c2-427d-4cd8-a216-b0a112acbfad@group-A5C85C979773-LeaderElection2
2022-07-30 01:47:31,813 [6021f7c2-427d-4cd8-a216-b0a112acbfad@group-A5C85C979773-LeaderElection2] INFO  server.RaftServer$Division (RaftServerImpl.java:setRole(299)) - 6021f7c2-427d-4cd8-a216-b0a112acbfad@group-A5C85C979773: changes role from CANDIDATE to LEADER at term 1 for changeToLeader
2022-07-30 01:47:31,813 [6021f7c2-427d-4cd8-a216-b0a112acbfad@group-A5C85C979773-LeaderElection2] INFO  ratis.XceiverServerRatis (XceiverServerRatis.java:handleLeaderChangedNotification(863)) - Leader change notification received for group: group-A5C85C979773 with new leaderId: 6021f7c2-427d-4cd8-a216-b0a112acbfad
2022-07-30 01:47:31,813 [6021f7c2-427d-4cd8-a216-b0a112acbfad@group-A5C85C979773-LeaderElection2] INFO  server.RaftServer$Division (ServerState.java:setLeader(287)) - 6021f7c2-427d-4cd8-a216-b0a112acbfad@group-A5C85C979773: change Leader from null to 6021f7c2-427d-4cd8-a216-b0a112acbfad at term 1 for becomeLeader, leader elected after 5054ms
2022-07-30 01:47:31,813 [6021f7c2-427d-4cd8-a216-b0a112acbfad@group-A5C85C979773-LeaderElection2] INFO  server.RaftServerConfigKeys (ConfUtils.java:logGet(46)) - raft.server.staging.catchup.gap = 1000 (default)
2022-07-30 01:47:31,817 [EventQueue-OpenPipelineForHealthyPipelineSafeModeRule] INFO  safemode.SCMSafeModeManager (HealthyPipelineSafeModeRule.java:process(137)) - SCM in safe mode. Healthy pipelines reported count is 0, required healthy pipeline reported count is 1
2022-07-30 01:47:31,817 [6021f7c2-427d-4cd8-a216-b0a112acbfad@group-A5C85C979773-LeaderElection2] INFO  server.RaftServerConfigKeys (ConfUtils.java:logGet(46)) - raft.server.write.element-limit = 1024 (custom)
2022-07-30 01:47:31,817 [6021f7c2-427d-4cd8-a216-b0a112acbfad@group-A5C85C979773-LeaderElection2] INFO  server.RaftServerConfigKeys (ConfUtils.java:logGet(46)) - raft.server.write.byte-limit = 1024 M (=1073741824) (custom)
2022-07-30 01:47:31,817 [6021f7c2-427d-4cd8-a216-b0a112acbfad@group-A5C85C979773-LeaderElection2] INFO  server.RaftServerConfigKeys (ConfUtils.java:logGet(46)) - raft.server.watch.timeout = 180s (custom)
2022-07-30 01:47:31,818 [6021f7c2-427d-4cd8-a216-b0a112acbfad@group-A5C85C979773-LeaderElection2] INFO  server.RaftServerConfigKeys (ConfUtils.java:logGet(46)) - raft.server.watch.timeout.denomination = 1s (default)
2022-07-30 01:47:31,818 [6021f7c2-427d-4cd8-a216-b0a112acbfad@group-A5C85C979773-LeaderElection2] INFO  server.RaftServerConfigKeys (ConfUtils.java:logGet(46)) - raft.server.watch.element-limit = 65536 (default)
2022-07-30 01:47:31,818 [6021f7c2-427d-4cd8-a216-b0a112acbfad@group-A5C85C979773-LeaderElection2] INFO  server.RaftServerConfigKeys (ConfUtils.java:logGet(46)) - raft.server.write.element-limit = 1024 (custom)
2022-07-30 01:47:31,818 [6021f7c2-427d-4cd8-a216-b0a112acbfad@group-A5C85C979773-LeaderElection2] INFO  server.RaftServerConfigKeys (ConfUtils.java:logGet(46)) - raft.server.write.follower.gap.ratio.max = -1.0 (default)
2022-07-30 01:47:31,818 [6021f7c2-427d-4cd8-a216-b0a112acbfad@group-A5C85C979773-LeaderElection2] INFO  impl.RoleInfo (RoleInfo.java:updateAndGet(139)) - 6021f7c2-427d-4cd8-a216-b0a112acbfad: start 6021f7c2-427d-4cd8-a216-b0a112acbfad@group-A5C85C979773-LeaderStateImpl
2022-07-30 01:47:31,818 [6021f7c2-427d-4cd8-a216-b0a112acbfad@group-A5C85C979773-LeaderElection2] INFO  segmented.SegmentedRaftLogWorker (SegmentedRaftLogWorker.java:startLogSegment(425)) - 6021f7c2-427d-4cd8-a216-b0a112acbfad@group-A5C85C979773-SegmentedRaftLogWorker: Starting segment from index:0
2022-07-30 01:47:31,821 [6021f7c2-427d-4cd8-a216-b0a112acbfad@group-A5C85C979773-SegmentedRaftLogWorker] INFO  segmented.SegmentedRaftLogWorker (SegmentedRaftLogWorker.java:execute(629)) - 6021f7c2-427d-4cd8-a216-b0a112acbfad@group-A5C85C979773-SegmentedRaftLogWorker: created new log segment /home/runner/work/ozone/ozone/hadoop-ozone/integration-test/target/test-dir/MiniOzoneClusterImpl-4bb34576-a2e6-484c-bd4a-6e4bad1f8a8d/datanode-0/data/ratis/8d3d4a0b-430a-4037-a052-a5c85c979773/current/log_inprogress_0
2022-07-30 01:47:31,821 [6021f7c2-427d-4cd8-a216-b0a112acbfad@group-A5C85C979773-LeaderElection2] INFO  server.RaftServer$Division (ServerState.java:setRaftConf(393)) - 6021f7c2-427d-4cd8-a216-b0a112acbfad@group-A5C85C979773: set configuration 0: [6021f7c2-427d-4cd8-a216-b0a112acbfad|rpc:10.1.0.37:41905|dataStream:|priority:1], old=null
2022-07-30 01:47:31,964 [6021f7c2-427d-4cd8-a216-b0a112acbfad@group-82A1F304F3BA-FollowerState] INFO  impl.FollowerState (FollowerState.java:run(143)) - 6021f7c2-427d-4cd8-a216-b0a112acbfad@group-82A1F304F3BA-FollowerState: change to CANDIDATE, lastRpcElapsedTime:5130291550ns, electionTimeout:5125ms
2022-07-30 01:47:31,965 [6021f7c2-427d-4cd8-a216-b0a112acbfad@group-82A1F304F3BA-FollowerState] INFO  impl.RoleInfo (RoleInfo.java:shutdownFollowerState(110)) - 6021f7c2-427d-4cd8-a216-b0a112acbfad: shutdown 6021f7c2-427d-4cd8-a216-b0a112acbfad@group-82A1F304F3BA-FollowerState
2022-07-30 01:47:31,965 [6021f7c2-427d-4cd8-a216-b0a112acbfad@group-82A1F304F3BA-FollowerState] INFO  server.RaftServer$Division (RaftServerImpl.java:setRole(299)) - 6021f7c2-427d-4cd8-a216-b0a112acbfad@group-82A1F304F3BA: changes role from  FOLLOWER to CANDIDATE at term 0 for changeToCandidate
2022-07-30 01:47:31,965 [6021f7c2-427d-4cd8-a216-b0a112acbfad@group-82A1F304F3BA-FollowerState] INFO  server.RaftServerConfigKeys (ConfUtils.java:logGet(46)) - raft.server.leaderelection.pre-vote = false (custom)
2022-07-30 01:47:31,965 [6021f7c2-427d-4cd8-a216-b0a112acbfad@group-82A1F304F3BA-FollowerState] INFO  impl.RoleInfo (RoleInfo.java:updateAndGet(139)) - 6021f7c2-427d-4cd8-a216-b0a112acbfad: start 6021f7c2-427d-4cd8-a216-b0a112acbfad@group-82A1F304F3BA-LeaderElection3
2022-07-30 01:47:31,968 [6021f7c2-427d-4cd8-a216-b0a112acbfad@group-82A1F304F3BA-LeaderElection3] INFO  impl.LeaderElection (LeaderElection.java:askForVotes(310)) - 6021f7c2-427d-4cd8-a216-b0a112acbfad@group-82A1F304F3BA-LeaderElection3 ELECTION round 0: submit vote requests at term 1 for -1: [2f82598e-6ad5-4b85-a1e1-fdafd308d280|rpc:10.1.0.37:45671|priority:0, 6021f7c2-427d-4cd8-a216-b0a112acbfad|rpc:10.1.0.37:41905|priority:0, 3b7c218c-5ec1-49c6-951e-2891968f85c7|rpc:10.1.0.37:34587|priority:1], old=null
2022-07-30 01:47:31,997 [grpc-default-executor-0] INFO  server.RaftServer$Division (RaftServerImpl.java:requestVote(1152)) - 2f82598e-6ad5-4b85-a1e1-fdafd308d280@group-82A1F304F3BA: receive requestVote(ELECTION, 6021f7c2-427d-4cd8-a216-b0a112acbfad, group-82A1F304F3BA, 1, (t:0, i:0))
2022-07-30 01:47:31,999 [grpc-default-executor-0] INFO  impl.VoteContext (VoteContext.java:log(48)) - 2f82598e-6ad5-4b85-a1e1-fdafd308d280@group-82A1F304F3BA-FOLLOWER: accept ELECTION from 6021f7c2-427d-4cd8-a216-b0a112acbfad: our priority 0 <= candidate's priority 0
2022-07-30 01:47:32,008 [grpc-default-executor-0] INFO  server.RaftServer$Division (RaftServerImpl.java:setRole(299)) - 2f82598e-6ad5-4b85-a1e1-fdafd308d280@group-82A1F304F3BA: changes role from  FOLLOWER to FOLLOWER at term 1 for candidate:6021f7c2-427d-4cd8-a216-b0a112acbfad
2022-07-30 01:47:32,008 [grpc-default-executor-0] INFO  impl.RoleInfo (RoleInfo.java:shutdownFollowerState(110)) - 2f82598e-6ad5-4b85-a1e1-fdafd308d280: shutdown 2f82598e-6ad5-4b85-a1e1-fdafd308d280@group-82A1F304F3BA-FollowerState
2022-07-30 01:47:32,008 [grpc-default-executor-0] INFO  impl.RoleInfo (RoleInfo.java:updateAndGet(139)) - 2f82598e-6ad5-4b85-a1e1-fdafd308d280: start 2f82598e-6ad5-4b85-a1e1-fdafd308d280@group-82A1F304F3BA-FollowerState
2022-07-30 01:47:32,009 [2f82598e-6ad5-4b85-a1e1-fdafd308d280@group-82A1F304F3BA-FollowerState] INFO  impl.FollowerState (FollowerState.java:run(152)) - 2f82598e-6ad5-4b85-a1e1-fdafd308d280@group-82A1F304F3BA-FollowerState was interrupted
2022-07-30 01:47:32,014 [grpc-default-executor-0] INFO  server.RaftServer$Division (RaftServerImpl.java:requestVote(1184)) - 2f82598e-6ad5-4b85-a1e1-fdafd308d280@group-82A1F304F3BA replies to ELECTION vote request: 6021f7c2-427d-4cd8-a216-b0a112acbfad<-2f82598e-6ad5-4b85-a1e1-fdafd308d280#0:OK-t1. Peer's state: 2f82598e-6ad5-4b85-a1e1-fdafd308d280@group-82A1F304F3BA:t1, leader=null, voted=6021f7c2-427d-4cd8-a216-b0a112acbfad, raftlog=2f82598e-6ad5-4b85-a1e1-fdafd308d280@group-82A1F304F3BA-SegmentedRaftLog:OPENED:c-1, conf=-1: [2f82598e-6ad5-4b85-a1e1-fdafd308d280|rpc:10.1.0.37:45671|priority:0, 6021f7c2-427d-4cd8-a216-b0a112acbfad|rpc:10.1.0.37:41905|priority:0, 3b7c218c-5ec1-49c6-951e-2891968f85c7|rpc:10.1.0.37:34587|priority:1], old=null
2022-07-30 01:47:32,016 [grpc-default-executor-1] INFO  server.RaftServer$Division (RaftServerImpl.java:requestVote(1152)) - 3b7c218c-5ec1-49c6-951e-2891968f85c7@group-82A1F304F3BA: receive requestVote(ELECTION, 6021f7c2-427d-4cd8-a216-b0a112acbfad, group-82A1F304F3BA, 1, (t:0, i:0))
2022-07-30 01:47:32,016 [grpc-default-executor-1] INFO  impl.VoteContext (VoteContext.java:log(48)) - 3b7c218c-5ec1-49c6-951e-2891968f85c7@group-82A1F304F3BA-FOLLOWER: reject ELECTION from 6021f7c2-427d-4cd8-a216-b0a112acbfad: our priority 1 > candidate's priority 0
2022-07-30 01:47:32,017 [grpc-default-executor-1] INFO  server.RaftServer$Division (RaftServerImpl.java:setRole(299)) - 3b7c218c-5ec1-49c6-951e-2891968f85c7@group-82A1F304F3BA: changes role from  FOLLOWER to FOLLOWER at term 1 for candidate:6021f7c2-427d-4cd8-a216-b0a112acbfad
2022-07-30 01:47:32,017 [grpc-default-executor-1] INFO  impl.RoleInfo (RoleInfo.java:shutdownFollowerState(110)) - 3b7c218c-5ec1-49c6-951e-2891968f85c7: shutdown 3b7c218c-5ec1-49c6-951e-2891968f85c7@group-82A1F304F3BA-FollowerState
2022-07-30 01:47:32,017 [grpc-default-executor-1] INFO  impl.RoleInfo (RoleInfo.java:updateAndGet(139)) - 3b7c218c-5ec1-49c6-951e-2891968f85c7: start 3b7c218c-5ec1-49c6-951e-2891968f85c7@group-82A1F304F3BA-FollowerState
2022-07-30 01:47:32,018 [3b7c218c-5ec1-49c6-951e-2891968f85c7@group-82A1F304F3BA-FollowerState] INFO  impl.FollowerState (FollowerState.java:run(152)) - 3b7c218c-5ec1-49c6-951e-2891968f85c7@group-82A1F304F3BA-FollowerState was interrupted
2022-07-30 01:47:32,020 [grpc-default-executor-1] INFO  server.RaftServer$Division (RaftServerImpl.java:requestVote(1184)) - 3b7c218c-5ec1-49c6-951e-2891968f85c7@group-82A1F304F3BA replies to ELECTION vote request: 6021f7c2-427d-4cd8-a216-b0a112acbfad<-3b7c218c-5ec1-49c6-951e-2891968f85c7#0:FAIL-t1. Peer's state: 3b7c218c-5ec1-49c6-951e-2891968f85c7@group-82A1F304F3BA:t1, leader=null, voted=null, raftlog=3b7c218c-5ec1-49c6-951e-2891968f85c7@group-82A1F304F3BA-SegmentedRaftLog:OPENED:c-1, conf=-1: [2f82598e-6ad5-4b85-a1e1-fdafd308d280|rpc:10.1.0.37:45671|dataStream:|priority:0, 6021f7c2-427d-4cd8-a216-b0a112acbfad|rpc:10.1.0.37:41905|dataStream:|priority:0, 3b7c218c-5ec1-49c6-951e-2891968f85c7|rpc:10.1.0.37:34587|dataStream:|priority:1], old=null
2022-07-30 01:47:32,024 [6021f7c2-427d-4cd8-a216-b0a112acbfad@group-82A1F304F3BA-LeaderElection3] INFO  impl.LeaderElection (LeaderElection.java:logAndReturn(90)) - 6021f7c2-427d-4cd8-a216-b0a112acbfad@group-82A1F304F3BA-LeaderElection3: ELECTION REJECTED received 2 response(s) and 0 exception(s):
2022-07-30 01:47:32,024 [6021f7c2-427d-4cd8-a216-b0a112acbfad@group-82A1F304F3BA-LeaderElection3] INFO  impl.LeaderElection (LeaderElection.java:logAndReturn(94)) -   Response 0: 6021f7c2-427d-4cd8-a216-b0a112acbfad<-2f82598e-6ad5-4b85-a1e1-fdafd308d280#0:OK-t1
2022-07-30 01:47:32,024 [6021f7c2-427d-4cd8-a216-b0a112acbfad@group-82A1F304F3BA-LeaderElection3] INFO  impl.LeaderElection (LeaderElection.java:logAndReturn(94)) -   Response 1: 6021f7c2-427d-4cd8-a216-b0a112acbfad<-3b7c218c-5ec1-49c6-951e-2891968f85c7#0:FAIL-t1
2022-07-30 01:47:32,024 [6021f7c2-427d-4cd8-a216-b0a112acbfad@group-82A1F304F3BA-LeaderElection3] INFO  impl.LeaderElection (LeaderElection.java:askForVotes(312)) - 6021f7c2-427d-4cd8-a216-b0a112acbfad@group-82A1F304F3BA-LeaderElection3 ELECTION round 0: result REJECTED
2022-07-30 01:47:32,025 [6021f7c2-427d-4cd8-a216-b0a112acbfad@group-82A1F304F3BA-LeaderElection3] INFO  server.RaftServer$Division (RaftServerImpl.java:setRole(299)) - 6021f7c2-427d-4cd8-a216-b0a112acbfad@group-82A1F304F3BA: changes role from CANDIDATE to FOLLOWER at term 1 for REJECTED
2022-07-30 01:47:32,025 [6021f7c2-427d-4cd8-a216-b0a112acbfad@group-82A1F304F3BA-LeaderElection3] INFO  impl.RoleInfo (RoleInfo.java:shutdownLeaderElection(130)) - 6021f7c2-427d-4cd8-a216-b0a112acbfad: shutdown 6021f7c2-427d-4cd8-a216-b0a112acbfad@group-82A1F304F3BA-LeaderElection3
2022-07-30 01:47:32,025 [6021f7c2-427d-4cd8-a216-b0a112acbfad@group-82A1F304F3BA-LeaderElection3] INFO  impl.RoleInfo (RoleInfo.java:updateAndGet(139)) - 6021f7c2-427d-4cd8-a216-b0a112acbfad: start 6021f7c2-427d-4cd8-a216-b0a112acbfad@group-82A1F304F3BA-FollowerState
2022-07-30 01:47:32,310 [Listener at 127.0.0.1/39159] INFO  ozone.MiniOzoneClusterImpl (MiniOzoneClusterImpl.java:lambda$waitForClusterToBeReady$0(216)) - Nodes are ready. Got 5 of 5 DN Heartbeats.
2022-07-30 01:47:32,311 [Listener at 127.0.0.1/39159] INFO  ozone.MiniOzoneClusterImpl (MiniOzoneClusterImpl.java:lambda$waitForClusterToBeReady$0(219)) - Waiting for cluster to exit safe mode
2022-07-30 01:47:32,312 [Listener at 127.0.0.1/39159] INFO  ozone.MiniOzoneClusterImpl (MiniOzoneClusterImpl.java:lambda$waitForClusterToBeReady$0(221)) - SCM became leader
2022-07-30 01:47:32,372 [2f82598e-6ad5-4b85-a1e1-fdafd308d280@group-49C41CBD19AB-FollowerState] INFO  impl.FollowerState (FollowerState.java:run(143)) - 2f82598e-6ad5-4b85-a1e1-fdafd308d280@group-49C41CBD19AB-FollowerState: change to CANDIDATE, lastRpcElapsedTime:5026658134ns, electionTimeout:5024ms
2022-07-30 01:47:32,372 [2f82598e-6ad5-4b85-a1e1-fdafd308d280@group-49C41CBD19AB-FollowerState] INFO  impl.RoleInfo (RoleInfo.java:shutdownFollowerState(110)) - 2f82598e-6ad5-4b85-a1e1-fdafd308d280: shutdown 2f82598e-6ad5-4b85-a1e1-fdafd308d280@group-49C41CBD19AB-FollowerState
2022-07-30 01:47:32,372 [2f82598e-6ad5-4b85-a1e1-fdafd308d280@group-49C41CBD19AB-FollowerState] INFO  server.RaftServer$Division (RaftServerImpl.java:setRole(299)) - 2f82598e-6ad5-4b85-a1e1-fdafd308d280@group-49C41CBD19AB: changes role from  FOLLOWER to CANDIDATE at term 0 for changeToCandidate
2022-07-30 01:47:32,373 [2f82598e-6ad5-4b85-a1e1-fdafd308d280@group-49C41CBD19AB-FollowerState] INFO  server.RaftServerConfigKeys (ConfUtils.java:logGet(46)) - raft.server.leaderelection.pre-vote = false (custom)
2022-07-30 01:47:32,373 [2f82598e-6ad5-4b85-a1e1-fdafd308d280@group-49C41CBD19AB-FollowerState] INFO  impl.RoleInfo (RoleInfo.java:updateAndGet(139)) - 2f82598e-6ad5-4b85-a1e1-fdafd308d280: start 2f82598e-6ad5-4b85-a1e1-fdafd308d280@group-49C41CBD19AB-LeaderElection4
2022-07-30 01:47:32,376 [2f82598e-6ad5-4b85-a1e1-fdafd308d280@group-49C41CBD19AB-LeaderElection4] INFO  impl.LeaderElection (LeaderElection.java:askForVotes(310)) - 2f82598e-6ad5-4b85-a1e1-fdafd308d280@group-49C41CBD19AB-LeaderElection4 ELECTION round 0: submit vote requests at term 1 for -1: [2f82598e-6ad5-4b85-a1e1-fdafd308d280|rpc:10.1.0.37:45671|priority:1], old=null
2022-07-30 01:47:32,377 [2f82598e-6ad5-4b85-a1e1-fdafd308d280@group-49C41CBD19AB-LeaderElection4] INFO  impl.LeaderElection (LeaderElection.java:askForVotes(312)) - 2f82598e-6ad5-4b85-a1e1-fdafd308d280@group-49C41CBD19AB-LeaderElection4 ELECTION round 0: result PASSED (term=1)
2022-07-30 01:47:32,377 [2f82598e-6ad5-4b85-a1e1-fdafd308d280@group-49C41CBD19AB-LeaderElection4] INFO  impl.RoleInfo (RoleInfo.java:shutdownLeaderElection(130)) - 2f82598e-6ad5-4b85-a1e1-fdafd308d280: shutdown 2f82598e-6ad5-4b85-a1e1-fdafd308d280@group-49C41CBD19AB-LeaderElection4
2022-07-30 01:47:32,377 [2f82598e-6ad5-4b85-a1e1-fdafd308d280@group-49C41CBD19AB-LeaderElection4] INFO  server.RaftServer$Division (RaftServerImpl.java:setRole(299)) - 2f82598e-6ad5-4b85-a1e1-fdafd308d280@group-49C41CBD19AB: changes role from CANDIDATE to LEADER at term 1 for changeToLeader
2022-07-30 01:47:32,377 [2f82598e-6ad5-4b85-a1e1-fdafd308d280@group-49C41CBD19AB-LeaderElection4] INFO  ratis.XceiverServerRatis (XceiverServerRatis.java:handleLeaderChangedNotification(863)) - Leader change notification received for group: group-49C41CBD19AB with new leaderId: 2f82598e-6ad5-4b85-a1e1-fdafd308d280
2022-07-30 01:47:32,378 [2f82598e-6ad5-4b85-a1e1-fdafd308d280@group-49C41CBD19AB-LeaderElection4] INFO  server.RaftServer$Division (ServerState.java:setLeader(287)) - 2f82598e-6ad5-4b85-a1e1-fdafd308d280@group-49C41CBD19AB: change Leader from null to 2f82598e-6ad5-4b85-a1e1-fdafd308d280 at term 1 for becomeLeader, leader elected after 5073ms
2022-07-30 01:47:32,378 [2f82598e-6ad5-4b85-a1e1-fdafd308d280@group-49C41CBD19AB-LeaderElection4] INFO  server.RaftServerConfigKeys (ConfUtils.java:logGet(46)) - raft.server.staging.catchup.gap = 1000 (default)
2022-07-30 01:47:32,378 [2f82598e-6ad5-4b85-a1e1-fdafd308d280@group-49C41CBD19AB-LeaderElection4] INFO  server.RaftServerConfigKeys (ConfUtils.java:logGet(46)) - raft.server.write.element-limit = 1024 (custom)
2022-07-30 01:47:32,378 [2f82598e-6ad5-4b85-a1e1-fdafd308d280@group-49C41CBD19AB-LeaderElection4] INFO  server.RaftServerConfigKeys (ConfUtils.java:logGet(46)) - raft.server.write.byte-limit = 1024 M (=1073741824) (custom)
2022-07-30 01:47:32,379 [2f82598e-6ad5-4b85-a1e1-fdafd308d280@group-49C41CBD19AB-LeaderElection4] INFO  server.RaftServerConfigKeys (ConfUtils.java:logGet(46)) - raft.server.watch.timeout = 180s (custom)
2022-07-30 01:47:32,379 [2f82598e-6ad5-4b85-a1e1-fdafd308d280@group-49C41CBD19AB-LeaderElection4] INFO  server.RaftServerConfigKeys (ConfUtils.java:logGet(46)) - raft.server.watch.timeout.denomination = 1s (default)
2022-07-30 01:47:32,379 [2f82598e-6ad5-4b85-a1e1-fdafd308d280@group-49C41CBD19AB-LeaderElection4] INFO  server.RaftServerConfigKeys (ConfUtils.java:logGet(46)) - raft.server.watch.element-limit = 65536 (default)
2022-07-30 01:47:32,379 [2f82598e-6ad5-4b85-a1e1-fdafd308d280@group-49C41CBD19AB-LeaderElection4] INFO  server.RaftServerConfigKeys (ConfUtils.java:logGet(46)) - raft.server.write.element-limit = 1024 (custom)
2022-07-30 01:47:32,379 [2f82598e-6ad5-4b85-a1e1-fdafd308d280@group-49C41CBD19AB-LeaderElection4] INFO  server.RaftServerConfigKeys (ConfUtils.java:logGet(46)) - raft.server.write.follower.gap.ratio.max = -1.0 (default)
2022-07-30 01:47:32,379 [2f82598e-6ad5-4b85-a1e1-fdafd308d280@group-49C41CBD19AB-LeaderElection4] INFO  impl.RoleInfo (RoleInfo.java:updateAndGet(139)) - 2f82598e-6ad5-4b85-a1e1-fdafd308d280: start 2f82598e-6ad5-4b85-a1e1-fdafd308d280@group-49C41CBD19AB-LeaderStateImpl
2022-07-30 01:47:32,379 [2f82598e-6ad5-4b85-a1e1-fdafd308d280@group-49C41CBD19AB-LeaderElection4] INFO  segmented.SegmentedRaftLogWorker (SegmentedRaftLogWorker.java:startLogSegment(425)) - 2f82598e-6ad5-4b85-a1e1-fdafd308d280@group-49C41CBD19AB-SegmentedRaftLogWorker: Starting segment from index:0
2022-07-30 01:47:32,381 [2f82598e-6ad5-4b85-a1e1-fdafd308d280@group-49C41CBD19AB-SegmentedRaftLogWorker] INFO  segmented.SegmentedRaftLogWorker (SegmentedRaftLogWorker.java:execute(629)) - 2f82598e-6ad5-4b85-a1e1-fdafd308d280@group-49C41CBD19AB-SegmentedRaftLogWorker: created new log segment /home/runner/work/ozone/ozone/hadoop-ozone/integration-test/target/test-dir/MiniOzoneClusterImpl-4bb34576-a2e6-484c-bd4a-6e4bad1f8a8d/datanode-1/data/ratis/27e2b228-8fc8-4fc3-8f35-49c41cbd19ab/current/log_inprogress_0
2022-07-30 01:47:32,384 [EventQueue-OpenPipelineForHealthyPipelineSafeModeRule] INFO  safemode.SCMSafeModeManager (HealthyPipelineSafeModeRule.java:process(137)) - SCM in safe mode. Healthy pipelines reported count is 0, required healthy pipeline reported count is 1
2022-07-30 01:47:32,387 [2f82598e-6ad5-4b85-a1e1-fdafd308d280@group-49C41CBD19AB-LeaderElection4] INFO  server.RaftServer$Division (ServerState.java:setRaftConf(393)) - 2f82598e-6ad5-4b85-a1e1-fdafd308d280@group-49C41CBD19AB: set configuration 0: [2f82598e-6ad5-4b85-a1e1-fdafd308d280|rpc:10.1.0.37:45671|dataStream:|priority:1], old=null
2022-07-30 01:47:32,667 [2f82598e-6ad5-4b85-a1e1-fdafd308d280@group-BF03BD903E3B-FollowerState] INFO  impl.FollowerState (FollowerState.java:run(143)) - 2f82598e-6ad5-4b85-a1e1-fdafd308d280@group-BF03BD903E3B-FollowerState: change to CANDIDATE, lastRpcElapsedTime:5032423142ns, electionTimeout:5025ms
2022-07-30 01:47:32,668 [2f82598e-6ad5-4b85-a1e1-fdafd308d280@group-BF03BD903E3B-FollowerState] INFO  impl.RoleInfo (RoleInfo.java:shutdownFollowerState(110)) - 2f82598e-6ad5-4b85-a1e1-fdafd308d280: shutdown 2f82598e-6ad5-4b85-a1e1-fdafd308d280@group-BF03BD903E3B-FollowerState
2022-07-30 01:47:32,668 [2f82598e-6ad5-4b85-a1e1-fdafd308d280@group-BF03BD903E3B-FollowerState] INFO  server.RaftServer$Division (RaftServerImpl.java:setRole(299)) - 2f82598e-6ad5-4b85-a1e1-fdafd308d280@group-BF03BD903E3B: changes role from  FOLLOWER to CANDIDATE at term 0 for changeToCandidate
2022-07-30 01:47:32,668 [2f82598e-6ad5-4b85-a1e1-fdafd308d280@group-BF03BD903E3B-FollowerState] INFO  server.RaftServerConfigKeys (ConfUtils.java:logGet(46)) - raft.server.leaderelection.pre-vote = false (custom)
2022-07-30 01:47:32,668 [2f82598e-6ad5-4b85-a1e1-fdafd308d280@group-BF03BD903E3B-FollowerState] INFO  impl.RoleInfo (RoleInfo.java:updateAndGet(139)) - 2f82598e-6ad5-4b85-a1e1-fdafd308d280: start 2f82598e-6ad5-4b85-a1e1-fdafd308d280@group-BF03BD903E3B-LeaderElection5
2022-07-30 01:47:32,672 [2f82598e-6ad5-4b85-a1e1-fdafd308d280@group-BF03BD903E3B-LeaderElection5] INFO  impl.LeaderElection (LeaderElection.java:askForVotes(310)) - 2f82598e-6ad5-4b85-a1e1-fdafd308d280@group-BF03BD903E3B-LeaderElection5 ELECTION round 0: submit vote requests at term 1 for -1: [2f82598e-6ad5-4b85-a1e1-fdafd308d280|rpc:10.1.0.37:45671|priority:0, 6021f7c2-427d-4cd8-a216-b0a112acbfad|rpc:10.1.0.37:41905|priority:1, 3b7c218c-5ec1-49c6-951e-2891968f85c7|rpc:10.1.0.37:34587|priority:0], old=null
2022-07-30 01:47:32,695 [grpc-default-executor-1] INFO  server.RaftServer$Division (RaftServerImpl.java:requestVote(1152)) - 6021f7c2-427d-4cd8-a216-b0a112acbfad@group-BF03BD903E3B: receive requestVote(ELECTION, 2f82598e-6ad5-4b85-a1e1-fdafd308d280, group-BF03BD903E3B, 1, (t:0, i:0))
2022-07-30 01:47:32,695 [grpc-default-executor-1] INFO  impl.VoteContext (VoteContext.java:log(48)) - 6021f7c2-427d-4cd8-a216-b0a112acbfad@group-BF03BD903E3B-FOLLOWER: reject ELECTION from 2f82598e-6ad5-4b85-a1e1-fdafd308d280: our priority 1 > candidate's priority 0
2022-07-30 01:47:32,695 [grpc-default-executor-1] INFO  server.RaftServer$Division (RaftServerImpl.java:setRole(299)) - 6021f7c2-427d-4cd8-a216-b0a112acbfad@group-BF03BD903E3B: changes role from  FOLLOWER to FOLLOWER at term 1 for candidate:2f82598e-6ad5-4b85-a1e1-fdafd308d280
2022-07-30 01:47:32,695 [grpc-default-executor-1] INFO  impl.RoleInfo (RoleInfo.java:shutdownFollowerState(110)) - 6021f7c2-427d-4cd8-a216-b0a112acbfad: shutdown 6021f7c2-427d-4cd8-a216-b0a112acbfad@group-BF03BD903E3B-FollowerState
2022-07-30 01:47:32,695 [grpc-default-executor-1] INFO  impl.RoleInfo (RoleInfo.java:updateAndGet(139)) - 6021f7c2-427d-4cd8-a216-b0a112acbfad: start 6021f7c2-427d-4cd8-a216-b0a112acbfad@group-BF03BD903E3B-FollowerState
2022-07-30 01:47:32,695 [6021f7c2-427d-4cd8-a216-b0a112acbfad@group-BF03BD903E3B-FollowerState] INFO  impl.FollowerState (FollowerState.java:run(152)) - 6021f7c2-427d-4cd8-a216-b0a112acbfad@group-BF03BD903E3B-FollowerState was interrupted
2022-07-30 01:47:32,698 [grpc-default-executor-1] INFO  server.RaftServer$Division (RaftServerImpl.java:requestVote(1184)) - 6021f7c2-427d-4cd8-a216-b0a112acbfad@group-BF03BD903E3B replies to ELECTION vote request: 2f82598e-6ad5-4b85-a1e1-fdafd308d280<-6021f7c2-427d-4cd8-a216-b0a112acbfad#0:FAIL-t1. Peer's state: 6021f7c2-427d-4cd8-a216-b0a112acbfad@group-BF03BD903E3B:t1, leader=null, voted=null, raftlog=6021f7c2-427d-4cd8-a216-b0a112acbfad@group-BF03BD903E3B-SegmentedRaftLog:OPENED:c-1, conf=-1: [2f82598e-6ad5-4b85-a1e1-fdafd308d280|rpc:10.1.0.37:45671|priority:0, 6021f7c2-427d-4cd8-a216-b0a112acbfad|rpc:10.1.0.37:41905|priority:1, 3b7c218c-5ec1-49c6-951e-2891968f85c7|rpc:10.1.0.37:34587|priority:0], old=null
2022-07-30 01:47:32,703 [2f82598e-6ad5-4b85-a1e1-fdafd308d280@group-BF03BD903E3B-LeaderElection5] INFO  impl.LeaderElection (LeaderElection.java:logAndReturn(90)) - 2f82598e-6ad5-4b85-a1e1-fdafd308d280@group-BF03BD903E3B-LeaderElection5: ELECTION REJECTED received 1 response(s) and 0 exception(s):
2022-07-30 01:47:32,703 [2f82598e-6ad5-4b85-a1e1-fdafd308d280@group-BF03BD903E3B-LeaderElection5] INFO  impl.LeaderElection (LeaderElection.java:logAndReturn(94)) -   Response 0: 2f82598e-6ad5-4b85-a1e1-fdafd308d280<-6021f7c2-427d-4cd8-a216-b0a112acbfad#0:FAIL-t1
2022-07-30 01:47:32,703 [2f82598e-6ad5-4b85-a1e1-fdafd308d280@group-BF03BD903E3B-LeaderElection5] INFO  impl.LeaderElection (LeaderElection.java:askForVotes(312)) - 2f82598e-6ad5-4b85-a1e1-fdafd308d280@group-BF03BD903E3B-LeaderElection5 ELECTION round 0: result REJECTED
2022-07-30 01:47:32,703 [2f82598e-6ad5-4b85-a1e1-fdafd308d280@group-BF03BD903E3B-LeaderElection5] INFO  server.RaftServer$Division (RaftServerImpl.java:setRole(299)) - 2f82598e-6ad5-4b85-a1e1-fdafd308d280@group-BF03BD903E3B: changes role from CANDIDATE to FOLLOWER at term 1 for REJECTED
2022-07-30 01:47:32,703 [2f82598e-6ad5-4b85-a1e1-fdafd308d280@group-BF03BD903E3B-LeaderElection5] INFO  impl.RoleInfo (RoleInfo.java:shutdownLeaderElection(130)) - 2f82598e-6ad5-4b85-a1e1-fdafd308d280: shutdown 2f82598e-6ad5-4b85-a1e1-fdafd308d280@group-BF03BD903E3B-LeaderElection5
2022-07-30 01:47:32,703 [2f82598e-6ad5-4b85-a1e1-fdafd308d280@group-BF03BD903E3B-LeaderElection5] INFO  impl.RoleInfo (RoleInfo.java:updateAndGet(139)) - 2f82598e-6ad5-4b85-a1e1-fdafd308d280: start 2f82598e-6ad5-4b85-a1e1-fdafd308d280@group-BF03BD903E3B-FollowerState
2022-07-30 01:47:32,704 [grpc-default-executor-1] INFO  server.RaftServer$Division (RaftServerImpl.java:requestVote(1152)) - 3b7c218c-5ec1-49c6-951e-2891968f85c7@group-BF03BD903E3B: receive requestVote(ELECTION, 2f82598e-6ad5-4b85-a1e1-fdafd308d280, group-BF03BD903E3B, 1, (t:0, i:0))
2022-07-30 01:47:32,705 [grpc-default-executor-1] INFO  impl.VoteContext (VoteContext.java:log(48)) - 3b7c218c-5ec1-49c6-951e-2891968f85c7@group-BF03BD903E3B-FOLLOWER: accept ELECTION from 2f82598e-6ad5-4b85-a1e1-fdafd308d280: our priority 0 <= candidate's priority 0
2022-07-30 01:47:32,705 [grpc-default-executor-1] INFO  server.RaftServer$Division (RaftServerImpl.java:setRole(299)) - 3b7c218c-5ec1-49c6-951e-2891968f85c7@group-BF03BD903E3B: changes role from  FOLLOWER to FOLLOWER at term 1 for candidate:2f82598e-6ad5-4b85-a1e1-fdafd308d280
2022-07-30 01:47:32,705 [grpc-default-executor-1] INFO  impl.RoleInfo (RoleInfo.java:shutdownFollowerState(110)) - 3b7c218c-5ec1-49c6-951e-2891968f85c7: shutdown 3b7c218c-5ec1-49c6-951e-2891968f85c7@group-BF03BD903E3B-FollowerState
2022-07-30 01:47:32,706 [3b7c218c-5ec1-49c6-951e-2891968f85c7@group-BF03BD903E3B-FollowerState] INFO  impl.FollowerState (FollowerState.java:run(152)) - 3b7c218c-5ec1-49c6-951e-2891968f85c7@group-BF03BD903E3B-FollowerState was interrupted
2022-07-30 01:47:32,706 [grpc-default-executor-1] INFO  impl.RoleInfo (RoleInfo.java:updateAndGet(139)) - 3b7c218c-5ec1-49c6-951e-2891968f85c7: start 3b7c218c-5ec1-49c6-951e-2891968f85c7@group-BF03BD903E3B-FollowerState
2022-07-30 01:47:32,711 [grpc-default-executor-1] INFO  server.RaftServer$Division (RaftServerImpl.java:requestVote(1184)) - 3b7c218c-5ec1-49c6-951e-2891968f85c7@group-BF03BD903E3B replies to ELECTION vote request: 2f82598e-6ad5-4b85-a1e1-fdafd308d280<-3b7c218c-5ec1-49c6-951e-2891968f85c7#0:OK-t1. Peer's state: 3b7c218c-5ec1-49c6-951e-2891968f85c7@group-BF03BD903E3B:t1, leader=null, voted=2f82598e-6ad5-4b85-a1e1-fdafd308d280, raftlog=3b7c218c-5ec1-49c6-951e-2891968f85c7@group-BF03BD903E3B-SegmentedRaftLog:OPENED:c-1, conf=-1: [2f82598e-6ad5-4b85-a1e1-fdafd308d280|rpc:10.1.0.37:45671|priority:0, 6021f7c2-427d-4cd8-a216-b0a112acbfad|rpc:10.1.0.37:41905|priority:1, 3b7c218c-5ec1-49c6-951e-2891968f85c7|rpc:10.1.0.37:34587|priority:0], old=null
2022-07-30 01:47:32,840 [3b7c218c-5ec1-49c6-951e-2891968f85c7@group-FA5CD32714B5-FollowerState] INFO  impl.FollowerState (FollowerState.java:run(143)) - 3b7c218c-5ec1-49c6-951e-2891968f85c7@group-FA5CD32714B5-FollowerState: change to CANDIDATE, lastRpcElapsedTime:5181028405ns, electionTimeout:5180ms
2022-07-30 01:47:32,840 [3b7c218c-5ec1-49c6-951e-2891968f85c7@group-FA5CD32714B5-FollowerState] INFO  impl.RoleInfo (RoleInfo.java:shutdownFollowerState(110)) - 3b7c218c-5ec1-49c6-951e-2891968f85c7: shutdown 3b7c218c-5ec1-49c6-951e-2891968f85c7@group-FA5CD32714B5-FollowerState
2022-07-30 01:47:32,840 [3b7c218c-5ec1-49c6-951e-2891968f85c7@group-FA5CD32714B5-FollowerState] INFO  server.RaftServer$Division (RaftServerImpl.java:setRole(299)) - 3b7c218c-5ec1-49c6-951e-2891968f85c7@group-FA5CD32714B5: changes role from  FOLLOWER to CANDIDATE at term 0 for changeToCandidate
2022-07-30 01:47:32,841 [3b7c218c-5ec1-49c6-951e-2891968f85c7@group-FA5CD32714B5-FollowerState] INFO  server.RaftServerConfigKeys (ConfUtils.java:logGet(46)) - raft.server.leaderelection.pre-vote = false (custom)
2022-07-30 01:47:32,841 [3b7c218c-5ec1-49c6-951e-2891968f85c7@group-FA5CD32714B5-FollowerState] INFO  impl.RoleInfo (RoleInfo.java:updateAndGet(139)) - 3b7c218c-5ec1-49c6-951e-2891968f85c7: start 3b7c218c-5ec1-49c6-951e-2891968f85c7@group-FA5CD32714B5-LeaderElection6
2022-07-30 01:47:32,844 [3b7c218c-5ec1-49c6-951e-2891968f85c7@group-FA5CD32714B5-LeaderElection6] INFO  impl.LeaderElection (LeaderElection.java:askForVotes(310)) - 3b7c218c-5ec1-49c6-951e-2891968f85c7@group-FA5CD32714B5-LeaderElection6 ELECTION round 0: submit vote requests at term 1 for -1: [3b7c218c-5ec1-49c6-951e-2891968f85c7|rpc:10.1.0.37:34587|priority:1], old=null
2022-07-30 01:47:32,845 [3b7c218c-5ec1-49c6-951e-2891968f85c7@group-FA5CD32714B5-LeaderElection6] INFO  impl.LeaderElection (LeaderElection.java:askForVotes(312)) - 3b7c218c-5ec1-49c6-951e-2891968f85c7@group-FA5CD32714B5-LeaderElection6 ELECTION round 0: result PASSED (term=1)
2022-07-30 01:47:32,845 [3b7c218c-5ec1-49c6-951e-2891968f85c7@group-FA5CD32714B5-LeaderElection6] INFO  impl.RoleInfo (RoleInfo.java:shutdownLeaderElection(130)) - 3b7c218c-5ec1-49c6-951e-2891968f85c7: shutdown 3b7c218c-5ec1-49c6-951e-2891968f85c7@group-FA5CD32714B5-LeaderElection6
2022-07-30 01:47:32,845 [3b7c218c-5ec1-49c6-951e-2891968f85c7@group-FA5CD32714B5-LeaderElection6] INFO  server.RaftServer$Division (RaftServerImpl.java:setRole(299)) - 3b7c218c-5ec1-49c6-951e-2891968f85c7@group-FA5CD32714B5: changes role from CANDIDATE to LEADER at term 1 for changeToLeader
2022-07-30 01:47:32,845 [3b7c218c-5ec1-49c6-951e-2891968f85c7@group-FA5CD32714B5-LeaderElection6] INFO  ratis.XceiverServerRatis (XceiverServerRatis.java:handleLeaderChangedNotification(863)) - Leader change notification received for group: group-FA5CD32714B5 with new leaderId: 3b7c218c-5ec1-49c6-951e-2891968f85c7
2022-07-30 01:47:32,846 [3b7c218c-5ec1-49c6-951e-2891968f85c7@group-FA5CD32714B5-LeaderElection6] INFO  server.RaftServer$Division (ServerState.java:setLeader(287)) - 3b7c218c-5ec1-49c6-951e-2891968f85c7@group-FA5CD32714B5: change Leader from null to 3b7c218c-5ec1-49c6-951e-2891968f85c7 at term 1 for becomeLeader, leader elected after 5192ms
2022-07-30 01:47:32,846 [3b7c218c-5ec1-49c6-951e-2891968f85c7@group-FA5CD32714B5-LeaderElection6] INFO  server.RaftServerConfigKeys (ConfUtils.java:logGet(46)) - raft.server.staging.catchup.gap = 1000 (default)
2022-07-30 01:47:32,847 [3b7c218c-5ec1-49c6-951e-2891968f85c7@group-FA5CD32714B5-LeaderElection6] INFO  server.RaftServerConfigKeys (ConfUtils.java:logGet(46)) - raft.server.write.element-limit = 1024 (custom)
2022-07-30 01:47:32,847 [3b7c218c-5ec1-49c6-951e-2891968f85c7@group-FA5CD32714B5-LeaderElection6] INFO  server.RaftServerConfigKeys (ConfUtils.java:logGet(46)) - raft.server.write.byte-limit = 1024 M (=1073741824) (custom)
2022-07-30 01:47:32,847 [3b7c218c-5ec1-49c6-951e-2891968f85c7@group-FA5CD32714B5-LeaderElection6] INFO  server.RaftServerConfigKeys (ConfUtils.java:logGet(46)) - raft.server.watch.timeout = 180s (custom)
2022-07-30 01:47:32,848 [3b7c218c-5ec1-49c6-951e-2891968f85c7@group-FA5CD32714B5-LeaderElection6] INFO  server.RaftServerConfigKeys (ConfUtils.java:logGet(46)) - raft.server.watch.timeout.denomination = 1s (default)
2022-07-30 01:47:32,848 [3b7c218c-5ec1-49c6-951e-2891968f85c7@group-FA5CD32714B5-LeaderElection6] INFO  server.RaftServerConfigKeys (ConfUtils.java:logGet(46)) - raft.server.watch.element-limit = 65536 (default)
2022-07-30 01:47:32,848 [3b7c218c-5ec1-49c6-951e-2891968f85c7@group-FA5CD32714B5-LeaderElection6] INFO  server.RaftServerConfigKeys (ConfUtils.java:logGet(46)) - raft.server.write.element-limit = 1024 (custom)
2022-07-30 01:47:32,848 [3b7c218c-5ec1-49c6-951e-2891968f85c7@group-FA5CD32714B5-LeaderElection6] INFO  server.RaftServerConfigKeys (ConfUtils.java:logGet(46)) - raft.server.write.follower.gap.ratio.max = -1.0 (default)
2022-07-30 01:47:32,848 [3b7c218c-5ec1-49c6-951e-2891968f85c7@group-FA5CD32714B5-LeaderElection6] INFO  impl.RoleInfo (RoleInfo.java:updateAndGet(139)) - 3b7c218c-5ec1-49c6-951e-2891968f85c7: start 3b7c218c-5ec1-49c6-951e-2891968f85c7@group-FA5CD32714B5-LeaderStateImpl
2022-07-30 01:47:32,848 [3b7c218c-5ec1-49c6-951e-2891968f85c7@group-FA5CD32714B5-LeaderElection6] INFO  segmented.SegmentedRaftLogWorker (SegmentedRaftLogWorker.java:startLogSegment(425)) - 3b7c218c-5ec1-49c6-951e-2891968f85c7@group-FA5CD32714B5-SegmentedRaftLogWorker: Starting segment from index:0
2022-07-30 01:47:32,850 [EventQueue-OpenPipelineForHealthyPipelineSafeModeRule] INFO  safemode.SCMSafeModeManager (HealthyPipelineSafeModeRule.java:process(137)) - SCM in safe mode. Healthy pipelines reported count is 0, required healthy pipeline reported count is 1
2022-07-30 01:47:32,852 [3b7c218c-5ec1-49c6-951e-2891968f85c7@group-FA5CD32714B5-LeaderElection6] INFO  server.RaftServer$Division (ServerState.java:setRaftConf(393)) - 3b7c218c-5ec1-49c6-951e-2891968f85c7@group-FA5CD32714B5: set configuration 0: [3b7c218c-5ec1-49c6-951e-2891968f85c7|rpc:10.1.0.37:34587|dataStream:|priority:1], old=null
2022-07-30 01:47:32,854 [3b7c218c-5ec1-49c6-951e-2891968f85c7@group-FA5CD32714B5-SegmentedRaftLogWorker] INFO  segmented.SegmentedRaftLogWorker (SegmentedRaftLogWorker.java:execute(629)) - 3b7c218c-5ec1-49c6-951e-2891968f85c7@group-FA5CD32714B5-SegmentedRaftLogWorker: created new log segment /home/runner/work/ozone/ozone/hadoop-ozone/integration-test/target/test-dir/MiniOzoneClusterImpl-4bb34576-a2e6-484c-bd4a-6e4bad1f8a8d/datanode-2/data/ratis/bb4dd93e-fe79-48ff-8267-fa5cd32714b5/current/log_inprogress_0
2022-07-30 01:47:33,009 [80984b04-daae-4601-a6da-1d0fb91944be@group-F94A41F2BF3C-FollowerState] INFO  impl.FollowerState (FollowerState.java:run(143)) - 80984b04-daae-4601-a6da-1d0fb91944be@group-F94A41F2BF3C-FollowerState: change to CANDIDATE, lastRpcElapsedTime:5024009828ns, electionTimeout:5023ms
2022-07-30 01:47:33,010 [80984b04-daae-4601-a6da-1d0fb91944be@group-F94A41F2BF3C-FollowerState] INFO  impl.RoleInfo (RoleInfo.java:shutdownFollowerState(110)) - 80984b04-daae-4601-a6da-1d0fb91944be: shutdown 80984b04-daae-4601-a6da-1d0fb91944be@group-F94A41F2BF3C-FollowerState
2022-07-30 01:47:33,010 [80984b04-daae-4601-a6da-1d0fb91944be@group-F94A41F2BF3C-FollowerState] INFO  server.RaftServer$Division (RaftServerImpl.java:setRole(299)) - 80984b04-daae-4601-a6da-1d0fb91944be@group-F94A41F2BF3C: changes role from  FOLLOWER to CANDIDATE at term 0 for changeToCandidate
2022-07-30 01:47:33,010 [80984b04-daae-4601-a6da-1d0fb91944be@group-F94A41F2BF3C-FollowerState] INFO  server.RaftServerConfigKeys (ConfUtils.java:logGet(46)) - raft.server.leaderelection.pre-vote = false (custom)
2022-07-30 01:47:33,010 [80984b04-daae-4601-a6da-1d0fb91944be@group-F94A41F2BF3C-FollowerState] INFO  impl.RoleInfo (RoleInfo.java:updateAndGet(139)) - 80984b04-daae-4601-a6da-1d0fb91944be: start 80984b04-daae-4601-a6da-1d0fb91944be@group-F94A41F2BF3C-LeaderElection7
2022-07-30 01:47:33,013 [80984b04-daae-4601-a6da-1d0fb91944be@group-F94A41F2BF3C-LeaderElection7] INFO  impl.LeaderElection (LeaderElection.java:askForVotes(310)) - 80984b04-daae-4601-a6da-1d0fb91944be@group-F94A41F2BF3C-LeaderElection7 ELECTION round 0: submit vote requests at term 1 for -1: [80984b04-daae-4601-a6da-1d0fb91944be|rpc:10.1.0.37:36247|priority:1], old=null
2022-07-30 01:47:33,013 [80984b04-daae-4601-a6da-1d0fb91944be@group-F94A41F2BF3C-LeaderElection7] INFO  impl.LeaderElection (LeaderElection.java:askForVotes(312)) - 80984b04-daae-4601-a6da-1d0fb91944be@group-F94A41F2BF3C-LeaderElection7 ELECTION round 0: result PASSED (term=1)
2022-07-30 01:47:33,013 [80984b04-daae-4601-a6da-1d0fb91944be@group-F94A41F2BF3C-LeaderElection7] INFO  impl.RoleInfo (RoleInfo.java:shutdownLeaderElection(130)) - 80984b04-daae-4601-a6da-1d0fb91944be: shutdown 80984b04-daae-4601-a6da-1d0fb91944be@group-F94A41F2BF3C-LeaderElection7
2022-07-30 01:47:33,013 [80984b04-daae-4601-a6da-1d0fb91944be@group-F94A41F2BF3C-LeaderElection7] INFO  server.RaftServer$Division (RaftServerImpl.java:setRole(299)) - 80984b04-daae-4601-a6da-1d0fb91944be@group-F94A41F2BF3C: changes role from CANDIDATE to LEADER at term 1 for changeToLeader
2022-07-30 01:47:33,013 [80984b04-daae-4601-a6da-1d0fb91944be@group-F94A41F2BF3C-LeaderElection7] INFO  ratis.XceiverServerRatis (XceiverServerRatis.java:handleLeaderChangedNotification(863)) - Leader change notification received for group: group-F94A41F2BF3C with new leaderId: 80984b04-daae-4601-a6da-1d0fb91944be
2022-07-30 01:47:33,013 [80984b04-daae-4601-a6da-1d0fb91944be@group-F94A41F2BF3C-LeaderElection7] INFO  server.RaftServer$Division (ServerState.java:setLeader(287)) - 80984b04-daae-4601-a6da-1d0fb91944be@group-F94A41F2BF3C: change Leader from null to 80984b04-daae-4601-a6da-1d0fb91944be at term 1 for becomeLeader, leader elected after 5040ms
2022-07-30 01:47:33,014 [80984b04-daae-4601-a6da-1d0fb91944be@group-F94A41F2BF3C-LeaderElection7] INFO  server.RaftServerConfigKeys (ConfUtils.java:logGet(46)) - raft.server.staging.catchup.gap = 1000 (default)
2022-07-30 01:47:33,014 [80984b04-daae-4601-a6da-1d0fb91944be@group-F94A41F2BF3C-LeaderElection7] INFO  server.RaftServerConfigKeys (ConfUtils.java:logGet(46)) - raft.server.write.element-limit = 1024 (custom)
2022-07-30 01:47:33,014 [80984b04-daae-4601-a6da-1d0fb91944be@group-F94A41F2BF3C-LeaderElection7] INFO  server.RaftServerConfigKeys (ConfUtils.java:logGet(46)) - raft.server.write.byte-limit = 1024 M (=1073741824) (custom)
2022-07-30 01:47:33,015 [80984b04-daae-4601-a6da-1d0fb91944be@group-F94A41F2BF3C-LeaderElection7] INFO  server.RaftServerConfigKeys (ConfUtils.java:logGet(46)) - raft.server.watch.timeout = 180s (custom)
2022-07-30 01:47:33,015 [80984b04-daae-4601-a6da-1d0fb91944be@group-F94A41F2BF3C-LeaderElection7] INFO  server.RaftServerConfigKeys (ConfUtils.java:logGet(46)) - raft.server.watch.timeout.denomination = 1s (default)
2022-07-30 01:47:33,015 [80984b04-daae-4601-a6da-1d0fb91944be@group-F94A41F2BF3C-LeaderElection7] INFO  server.RaftServerConfigKeys (ConfUtils.java:logGet(46)) - raft.server.watch.element-limit = 65536 (default)
2022-07-30 01:47:33,015 [80984b04-daae-4601-a6da-1d0fb91944be@group-F94A41F2BF3C-LeaderElection7] INFO  server.RaftServerConfigKeys (ConfUtils.java:logGet(46)) - raft.server.write.element-limit = 1024 (custom)
2022-07-30 01:47:33,015 [80984b04-daae-4601-a6da-1d0fb91944be@group-F94A41F2BF3C-LeaderElection7] INFO  server.RaftServerConfigKeys (ConfUtils.java:logGet(46)) - raft.server.write.follower.gap.ratio.max = -1.0 (default)
2022-07-30 01:47:33,015 [80984b04-daae-4601-a6da-1d0fb91944be@group-F94A41F2BF3C-LeaderElection7] INFO  impl.RoleInfo (RoleInfo.java:updateAndGet(139)) - 80984b04-daae-4601-a6da-1d0fb91944be: start 80984b04-daae-4601-a6da-1d0fb91944be@group-F94A41F2BF3C-LeaderStateImpl
2022-07-30 01:47:33,016 [EventQueue-OpenPipelineForHealthyPipelineSafeModeRule] INFO  safemode.SCMSafeModeManager (HealthyPipelineSafeModeRule.java:process(137)) - SCM in safe mode. Healthy pipelines reported count is 0, required healthy pipeline reported count is 1
2022-07-30 01:47:33,016 [80984b04-daae-4601-a6da-1d0fb91944be@group-F94A41F2BF3C-LeaderElection7] INFO  segmented.SegmentedRaftLogWorker (SegmentedRaftLogWorker.java:startLogSegment(425)) - 80984b04-daae-4601-a6da-1d0fb91944be@group-F94A41F2BF3C-SegmentedRaftLogWorker: Starting segment from index:0
2022-07-30 01:47:33,020 [80984b04-daae-4601-a6da-1d0fb91944be@group-F94A41F2BF3C-SegmentedRaftLogWorker] INFO  segmented.SegmentedRaftLogWorker (SegmentedRaftLogWorker.java:execute(629)) - 80984b04-daae-4601-a6da-1d0fb91944be@group-F94A41F2BF3C-SegmentedRaftLogWorker: created new log segment /home/runner/work/ozone/ozone/hadoop-ozone/integration-test/target/test-dir/MiniOzoneClusterImpl-4bb34576-a2e6-484c-bd4a-6e4bad1f8a8d/datanode-3/data/ratis/fd25662b-221d-4b52-ae54-f94a41f2bf3c/current/log_inprogress_0
2022-07-30 01:47:33,022 [80984b04-daae-4601-a6da-1d0fb91944be@group-F94A41F2BF3C-LeaderElection7] INFO  server.RaftServer$Division (ServerState.java:setRaftConf(393)) - 80984b04-daae-4601-a6da-1d0fb91944be@group-F94A41F2BF3C: set configuration 0: [80984b04-daae-4601-a6da-1d0fb91944be|rpc:10.1.0.37:36247|dataStream:|priority:1], old=null
2022-07-30 01:47:33,312 [Listener at 127.0.0.1/39159] INFO  ozone.MiniOzoneClusterImpl (MiniOzoneClusterImpl.java:lambda$waitForClusterToBeReady$0(216)) - Nodes are ready. Got 5 of 5 DN Heartbeats.
2022-07-30 01:47:33,312 [Listener at 127.0.0.1/39159] INFO  ozone.MiniOzoneClusterImpl (MiniOzoneClusterImpl.java:lambda$waitForClusterToBeReady$0(219)) - Waiting for cluster to exit safe mode
2022-07-30 01:47:33,312 [Listener at 127.0.0.1/39159] INFO  ozone.MiniOzoneClusterImpl (MiniOzoneClusterImpl.java:lambda$waitForClusterToBeReady$0(221)) - SCM became leader
2022-07-30 01:47:33,435 [0f487d5e-71b7-4e1e-9748-4ae099f19241@group-C77882487A2F-FollowerState] INFO  impl.FollowerState (FollowerState.java:run(143)) - 0f487d5e-71b7-4e1e-9748-4ae099f19241@group-C77882487A2F-FollowerState: change to CANDIDATE, lastRpcElapsedTime:5112006759ns, electionTimeout:5111ms
2022-07-30 01:47:33,436 [0f487d5e-71b7-4e1e-9748-4ae099f19241@group-C77882487A2F-FollowerState] INFO  impl.RoleInfo (RoleInfo.java:shutdownFollowerState(110)) - 0f487d5e-71b7-4e1e-9748-4ae099f19241: shutdown 0f487d5e-71b7-4e1e-9748-4ae099f19241@group-C77882487A2F-FollowerState
2022-07-30 01:47:33,436 [0f487d5e-71b7-4e1e-9748-4ae099f19241@group-C77882487A2F-FollowerState] INFO  server.RaftServer$Division (RaftServerImpl.java:setRole(299)) - 0f487d5e-71b7-4e1e-9748-4ae099f19241@group-C77882487A2F: changes role from  FOLLOWER to CANDIDATE at term 0 for changeToCandidate
2022-07-30 01:47:33,436 [0f487d5e-71b7-4e1e-9748-4ae099f19241@group-C77882487A2F-FollowerState] INFO  server.RaftServerConfigKeys (ConfUtils.java:logGet(46)) - raft.server.leaderelection.pre-vote = false (custom)
2022-07-30 01:47:33,436 [0f487d5e-71b7-4e1e-9748-4ae099f19241@group-C77882487A2F-FollowerState] INFO  impl.RoleInfo (RoleInfo.java:updateAndGet(139)) - 0f487d5e-71b7-4e1e-9748-4ae099f19241: start 0f487d5e-71b7-4e1e-9748-4ae099f19241@group-C77882487A2F-LeaderElection8
2022-07-30 01:47:33,442 [0f487d5e-71b7-4e1e-9748-4ae099f19241@group-C77882487A2F-LeaderElection8] INFO  impl.LeaderElection (LeaderElection.java:askForVotes(310)) - 0f487d5e-71b7-4e1e-9748-4ae099f19241@group-C77882487A2F-LeaderElection8 ELECTION round 0: submit vote requests at term 1 for -1: [0f487d5e-71b7-4e1e-9748-4ae099f19241|rpc:10.1.0.37:42109|priority:1], old=null
2022-07-30 01:47:33,444 [0f487d5e-71b7-4e1e-9748-4ae099f19241@group-C77882487A2F-LeaderElection8] INFO  impl.LeaderElection (LeaderElection.java:askForVotes(312)) - 0f487d5e-71b7-4e1e-9748-4ae099f19241@group-C77882487A2F-LeaderElection8 ELECTION round 0: result PASSED (term=1)
2022-07-30 01:47:33,444 [0f487d5e-71b7-4e1e-9748-4ae099f19241@group-C77882487A2F-LeaderElection8] INFO  impl.RoleInfo (RoleInfo.java:shutdownLeaderElection(130)) - 0f487d5e-71b7-4e1e-9748-4ae099f19241: shutdown 0f487d5e-71b7-4e1e-9748-4ae099f19241@group-C77882487A2F-LeaderElection8
2022-07-30 01:47:33,444 [0f487d5e-71b7-4e1e-9748-4ae099f19241@group-C77882487A2F-LeaderElection8] INFO  server.RaftServer$Division (RaftServerImpl.java:setRole(299)) - 0f487d5e-71b7-4e1e-9748-4ae099f19241@group-C77882487A2F: changes role from CANDIDATE to LEADER at term 1 for changeToLeader
2022-07-30 01:47:33,444 [0f487d5e-71b7-4e1e-9748-4ae099f19241@group-C77882487A2F-LeaderElection8] INFO  ratis.XceiverServerRatis (XceiverServerRatis.java:handleLeaderChangedNotification(863)) - Leader change notification received for group: group-C77882487A2F with new leaderId: 0f487d5e-71b7-4e1e-9748-4ae099f19241
2022-07-30 01:47:33,445 [0f487d5e-71b7-4e1e-9748-4ae099f19241@group-C77882487A2F-LeaderElection8] INFO  server.RaftServer$Division (ServerState.java:setLeader(287)) - 0f487d5e-71b7-4e1e-9748-4ae099f19241@group-C77882487A2F: change Leader from null to 0f487d5e-71b7-4e1e-9748-4ae099f19241 at term 1 for becomeLeader, leader elected after 5130ms
2022-07-30 01:47:33,445 [0f487d5e-71b7-4e1e-9748-4ae099f19241@group-C77882487A2F-LeaderElection8] INFO  server.RaftServerConfigKeys (ConfUtils.java:logGet(46)) - raft.server.staging.catchup.gap = 1000 (default)
2022-07-30 01:47:33,445 [0f487d5e-71b7-4e1e-9748-4ae099f19241@group-C77882487A2F-LeaderElection8] INFO  server.RaftServerConfigKeys (ConfUtils.java:logGet(46)) - raft.server.write.element-limit = 1024 (custom)
2022-07-30 01:47:33,446 [0f487d5e-71b7-4e1e-9748-4ae099f19241@group-C77882487A2F-LeaderElection8] INFO  server.RaftServerConfigKeys (ConfUtils.java:logGet(46)) - raft.server.write.byte-limit = 1024 M (=1073741824) (custom)
2022-07-30 01:47:33,446 [EventQueue-OpenPipelineForHealthyPipelineSafeModeRule] INFO  safemode.SCMSafeModeManager (HealthyPipelineSafeModeRule.java:process(137)) - SCM in safe mode. Healthy pipelines reported count is 0, required healthy pipeline reported count is 1
2022-07-30 01:47:33,446 [0f487d5e-71b7-4e1e-9748-4ae099f19241@group-C77882487A2F-LeaderElection8] INFO  server.RaftServerConfigKeys (ConfUtils.java:logGet(46)) - raft.server.watch.timeout = 180s (custom)
2022-07-30 01:47:33,446 [0f487d5e-71b7-4e1e-9748-4ae099f19241@group-C77882487A2F-LeaderElection8] INFO  server.RaftServerConfigKeys (ConfUtils.java:logGet(46)) - raft.server.watch.timeout.denomination = 1s (default)
2022-07-30 01:47:33,447 [0f487d5e-71b7-4e1e-9748-4ae099f19241@group-C77882487A2F-LeaderElection8] INFO  server.RaftServerConfigKeys (ConfUtils.java:logGet(46)) - raft.server.watch.element-limit = 65536 (default)
2022-07-30 01:47:33,447 [0f487d5e-71b7-4e1e-9748-4ae099f19241@group-C77882487A2F-LeaderElection8] INFO  server.RaftServerConfigKeys (ConfUtils.java:logGet(46)) - raft.server.write.element-limit = 1024 (custom)
2022-07-30 01:47:33,447 [0f487d5e-71b7-4e1e-9748-4ae099f19241@group-C77882487A2F-LeaderElection8] INFO  server.RaftServerConfigKeys (ConfUtils.java:logGet(46)) - raft.server.write.follower.gap.ratio.max = -1.0 (default)
2022-07-30 01:47:33,447 [0f487d5e-71b7-4e1e-9748-4ae099f19241@group-C77882487A2F-LeaderElection8] INFO  impl.RoleInfo (RoleInfo.java:updateAndGet(139)) - 0f487d5e-71b7-4e1e-9748-4ae099f19241: start 0f487d5e-71b7-4e1e-9748-4ae099f19241@group-C77882487A2F-LeaderStateImpl
2022-07-30 01:47:33,447 [0f487d5e-71b7-4e1e-9748-4ae099f19241@group-C77882487A2F-LeaderElection8] INFO  segmented.SegmentedRaftLogWorker (SegmentedRaftLogWorker.java:startLogSegment(425)) - 0f487d5e-71b7-4e1e-9748-4ae099f19241@group-C77882487A2F-SegmentedRaftLogWorker: Starting segment from index:0
2022-07-30 01:47:33,449 [0f487d5e-71b7-4e1e-9748-4ae099f19241@group-C77882487A2F-LeaderElection8] INFO  server.RaftServer$Division (ServerState.java:setRaftConf(393)) - 0f487d5e-71b7-4e1e-9748-4ae099f19241@group-C77882487A2F: set configuration 0: [0f487d5e-71b7-4e1e-9748-4ae099f19241|rpc:10.1.0.37:42109|dataStream:|priority:1], old=null
2022-07-30 01:47:33,450 [0f487d5e-71b7-4e1e-9748-4ae099f19241@group-C77882487A2F-SegmentedRaftLogWorker] INFO  segmented.SegmentedRaftLogWorker (SegmentedRaftLogWorker.java:execute(629)) - 0f487d5e-71b7-4e1e-9748-4ae099f19241@group-C77882487A2F-SegmentedRaftLogWorker: created new log segment /home/runner/work/ozone/ozone/hadoop-ozone/integration-test/target/test-dir/MiniOzoneClusterImpl-4bb34576-a2e6-484c-bd4a-6e4bad1f8a8d/datanode-4/data/ratis/fcbaf0f9-2516-4e44-b0e1-c77882487a2f/current/log_inprogress_0
2022-07-30 01:47:34,313 [Listener at 127.0.0.1/39159] INFO  ozone.MiniOzoneClusterImpl (MiniOzoneClusterImpl.java:lambda$waitForClusterToBeReady$0(216)) - Nodes are ready. Got 5 of 5 DN Heartbeats.
2022-07-30 01:47:34,313 [Listener at 127.0.0.1/39159] INFO  ozone.MiniOzoneClusterImpl (MiniOzoneClusterImpl.java:lambda$waitForClusterToBeReady$0(219)) - Waiting for cluster to exit safe mode
2022-07-30 01:47:34,313 [Listener at 127.0.0.1/39159] INFO  ozone.MiniOzoneClusterImpl (MiniOzoneClusterImpl.java:lambda$waitForClusterToBeReady$0(221)) - SCM became leader
2022-07-30 01:47:35,313 [Listener at 127.0.0.1/39159] INFO  ozone.MiniOzoneClusterImpl (MiniOzoneClusterImpl.java:lambda$waitForClusterToBeReady$0(216)) - Nodes are ready. Got 5 of 5 DN Heartbeats.
2022-07-30 01:47:35,314 [Listener at 127.0.0.1/39159] INFO  ozone.MiniOzoneClusterImpl (MiniOzoneClusterImpl.java:lambda$waitForClusterToBeReady$0(219)) - Waiting for cluster to exit safe mode
2022-07-30 01:47:35,314 [Listener at 127.0.0.1/39159] INFO  ozone.MiniOzoneClusterImpl (MiniOzoneClusterImpl.java:lambda$waitForClusterToBeReady$0(221)) - SCM became leader
2022-07-30 01:47:36,314 [Listener at 127.0.0.1/39159] INFO  ozone.MiniOzoneClusterImpl (MiniOzoneClusterImpl.java:lambda$waitForClusterToBeReady$0(216)) - Nodes are ready. Got 5 of 5 DN Heartbeats.
2022-07-30 01:47:36,314 [Listener at 127.0.0.1/39159] INFO  ozone.MiniOzoneClusterImpl (MiniOzoneClusterImpl.java:lambda$waitForClusterToBeReady$0(219)) - Waiting for cluster to exit safe mode
2022-07-30 01:47:36,314 [Listener at 127.0.0.1/39159] INFO  ozone.MiniOzoneClusterImpl (MiniOzoneClusterImpl.java:lambda$waitForClusterToBeReady$0(221)) - SCM became leader
2022-07-30 01:47:37,036 [6021f7c2-427d-4cd8-a216-b0a112acbfad@group-82A1F304F3BA-FollowerState] INFO  impl.FollowerState (FollowerState.java:run(143)) - 6021f7c2-427d-4cd8-a216-b0a112acbfad@group-82A1F304F3BA-FollowerState: change to CANDIDATE, lastRpcElapsedTime:5010376375ns, electionTimeout:5010ms
2022-07-30 01:47:37,036 [6021f7c2-427d-4cd8-a216-b0a112acbfad@group-82A1F304F3BA-FollowerState] INFO  impl.RoleInfo (RoleInfo.java:shutdownFollowerState(110)) - 6021f7c2-427d-4cd8-a216-b0a112acbfad: shutdown 6021f7c2-427d-4cd8-a216-b0a112acbfad@group-82A1F304F3BA-FollowerState
2022-07-30 01:47:37,036 [6021f7c2-427d-4cd8-a216-b0a112acbfad@group-82A1F304F3BA-FollowerState] INFO  server.RaftServer$Division (RaftServerImpl.java:setRole(299)) - 6021f7c2-427d-4cd8-a216-b0a112acbfad@group-82A1F304F3BA: changes role from  FOLLOWER to CANDIDATE at term 1 for changeToCandidate
2022-07-30 01:47:37,036 [6021f7c2-427d-4cd8-a216-b0a112acbfad@group-82A1F304F3BA-FollowerState] INFO  server.RaftServerConfigKeys (ConfUtils.java:logGet(46)) - raft.server.leaderelection.pre-vote = false (custom)
2022-07-30 01:47:37,036 [6021f7c2-427d-4cd8-a216-b0a112acbfad@group-82A1F304F3BA-FollowerState] INFO  impl.RoleInfo (RoleInfo.java:updateAndGet(139)) - 6021f7c2-427d-4cd8-a216-b0a112acbfad: start 6021f7c2-427d-4cd8-a216-b0a112acbfad@group-82A1F304F3BA-LeaderElection9
2022-07-30 01:47:37,039 [6021f7c2-427d-4cd8-a216-b0a112acbfad@group-82A1F304F3BA-LeaderElection9] INFO  impl.LeaderElection (LeaderElection.java:askForVotes(310)) - 6021f7c2-427d-4cd8-a216-b0a112acbfad@group-82A1F304F3BA-LeaderElection9 ELECTION round 0: submit vote requests at term 2 for -1: [2f82598e-6ad5-4b85-a1e1-fdafd308d280|rpc:10.1.0.37:45671|priority:0, 6021f7c2-427d-4cd8-a216-b0a112acbfad|rpc:10.1.0.37:41905|priority:0, 3b7c218c-5ec1-49c6-951e-2891968f85c7|rpc:10.1.0.37:34587|priority:1], old=null
2022-07-30 01:47:37,048 [grpc-default-executor-1] INFO  server.RaftServer$Division (RaftServerImpl.java:requestVote(1152)) - 2f82598e-6ad5-4b85-a1e1-fdafd308d280@group-82A1F304F3BA: receive requestVote(ELECTION, 6021f7c2-427d-4cd8-a216-b0a112acbfad, group-82A1F304F3BA, 2, (t:0, i:0))
2022-07-30 01:47:37,051 [grpc-default-executor-1] INFO  impl.VoteContext (VoteContext.java:log(48)) - 2f82598e-6ad5-4b85-a1e1-fdafd308d280@group-82A1F304F3BA-FOLLOWER: accept ELECTION from 6021f7c2-427d-4cd8-a216-b0a112acbfad: our priority 0 <= candidate's priority 0
2022-07-30 01:47:37,051 [grpc-default-executor-0] INFO  server.RaftServer$Division (RaftServerImpl.java:requestVote(1152)) - 3b7c218c-5ec1-49c6-951e-2891968f85c7@group-82A1F304F3BA: receive requestVote(ELECTION, 6021f7c2-427d-4cd8-a216-b0a112acbfad, group-82A1F304F3BA, 2, (t:0, i:0))
2022-07-30 01:47:37,051 [grpc-default-executor-1] INFO  server.RaftServer$Division (RaftServerImpl.java:setRole(299)) - 2f82598e-6ad5-4b85-a1e1-fdafd308d280@group-82A1F304F3BA: changes role from  FOLLOWER to FOLLOWER at term 2 for candidate:6021f7c2-427d-4cd8-a216-b0a112acbfad
2022-07-30 01:47:37,051 [grpc-default-executor-1] INFO  impl.RoleInfo (RoleInfo.java:shutdownFollowerState(110)) - 2f82598e-6ad5-4b85-a1e1-fdafd308d280: shutdown 2f82598e-6ad5-4b85-a1e1-fdafd308d280@group-82A1F304F3BA-FollowerState
2022-07-30 01:47:37,051 [grpc-default-executor-1] INFO  impl.RoleInfo (RoleInfo.java:updateAndGet(139)) - 2f82598e-6ad5-4b85-a1e1-fdafd308d280: start 2f82598e-6ad5-4b85-a1e1-fdafd308d280@group-82A1F304F3BA-FollowerState
2022-07-30 01:47:37,051 [2f82598e-6ad5-4b85-a1e1-fdafd308d280@group-82A1F304F3BA-FollowerState] INFO  impl.FollowerState (FollowerState.java:run(152)) - 2f82598e-6ad5-4b85-a1e1-fdafd308d280@group-82A1F304F3BA-FollowerState was interrupted
2022-07-30 01:47:37,056 [grpc-default-executor-0] INFO  impl.VoteContext (VoteContext.java:log(48)) - 3b7c218c-5ec1-49c6-951e-2891968f85c7@group-82A1F304F3BA-FOLLOWER: reject ELECTION from 6021f7c2-427d-4cd8-a216-b0a112acbfad: our priority 1 > candidate's priority 0
2022-07-30 01:47:37,056 [grpc-default-executor-0] INFO  server.RaftServer$Division (RaftServerImpl.java:setRole(299)) - 3b7c218c-5ec1-49c6-951e-2891968f85c7@group-82A1F304F3BA: changes role from  FOLLOWER to FOLLOWER at term 2 for candidate:6021f7c2-427d-4cd8-a216-b0a112acbfad
2022-07-30 01:47:37,056 [grpc-default-executor-0] INFO  impl.RoleInfo (RoleInfo.java:shutdownFollowerState(110)) - 3b7c218c-5ec1-49c6-951e-2891968f85c7: shutdown 3b7c218c-5ec1-49c6-951e-2891968f85c7@group-82A1F304F3BA-FollowerState
2022-07-30 01:47:37,057 [grpc-default-executor-0] INFO  impl.RoleInfo (RoleInfo.java:updateAndGet(139)) - 3b7c218c-5ec1-49c6-951e-2891968f85c7: start 3b7c218c-5ec1-49c6-951e-2891968f85c7@group-82A1F304F3BA-FollowerState
2022-07-30 01:47:37,057 [3b7c218c-5ec1-49c6-951e-2891968f85c7@group-82A1F304F3BA-FollowerState] INFO  impl.FollowerState (FollowerState.java:run(152)) - 3b7c218c-5ec1-49c6-951e-2891968f85c7@group-82A1F304F3BA-FollowerState was interrupted
2022-07-30 01:47:37,069 [grpc-default-executor-1] INFO  server.RaftServer$Division (RaftServerImpl.java:requestVote(1184)) - 2f82598e-6ad5-4b85-a1e1-fdafd308d280@group-82A1F304F3BA replies to ELECTION vote request: 6021f7c2-427d-4cd8-a216-b0a112acbfad<-2f82598e-6ad5-4b85-a1e1-fdafd308d280#0:OK-t2. Peer's state: 2f82598e-6ad5-4b85-a1e1-fdafd308d280@group-82A1F304F3BA:t2, leader=null, voted=6021f7c2-427d-4cd8-a216-b0a112acbfad, raftlog=2f82598e-6ad5-4b85-a1e1-fdafd308d280@group-82A1F304F3BA-SegmentedRaftLog:OPENED:c-1, conf=-1: [2f82598e-6ad5-4b85-a1e1-fdafd308d280|rpc:10.1.0.37:45671|priority:0, 6021f7c2-427d-4cd8-a216-b0a112acbfad|rpc:10.1.0.37:41905|priority:0, 3b7c218c-5ec1-49c6-951e-2891968f85c7|rpc:10.1.0.37:34587|priority:1], old=null
2022-07-30 01:47:37,069 [grpc-default-executor-0] INFO  server.RaftServer$Division (RaftServerImpl.java:requestVote(1184)) - 3b7c218c-5ec1-49c6-951e-2891968f85c7@group-82A1F304F3BA replies to ELECTION vote request: 6021f7c2-427d-4cd8-a216-b0a112acbfad<-3b7c218c-5ec1-49c6-951e-2891968f85c7#0:FAIL-t2. Peer's state: 3b7c218c-5ec1-49c6-951e-2891968f85c7@group-82A1F304F3BA:t2, leader=null, voted=null, raftlog=3b7c218c-5ec1-49c6-951e-2891968f85c7@group-82A1F304F3BA-SegmentedRaftLog:OPENED:c-1, conf=-1: [2f82598e-6ad5-4b85-a1e1-fdafd308d280|rpc:10.1.0.37:45671|dataStream:|priority:0, 6021f7c2-427d-4cd8-a216-b0a112acbfad|rpc:10.1.0.37:41905|dataStream:|priority:0, 3b7c218c-5ec1-49c6-951e-2891968f85c7|rpc:10.1.0.37:34587|dataStream:|priority:1], old=null
2022-07-30 01:47:37,073 [6021f7c2-427d-4cd8-a216-b0a112acbfad@group-82A1F304F3BA-LeaderElection9] INFO  impl.LeaderElection (LeaderElection.java:logAndReturn(90)) - 6021f7c2-427d-4cd8-a216-b0a112acbfad@group-82A1F304F3BA-LeaderElection9: ELECTION REJECTED received 1 response(s) and 0 exception(s):
2022-07-30 01:47:37,073 [6021f7c2-427d-4cd8-a216-b0a112acbfad@group-82A1F304F3BA-LeaderElection9] INFO  impl.LeaderElection (LeaderElection.java:logAndReturn(94)) -   Response 0: 6021f7c2-427d-4cd8-a216-b0a112acbfad<-3b7c218c-5ec1-49c6-951e-2891968f85c7#0:FAIL-t2
2022-07-30 01:47:37,073 [6021f7c2-427d-4cd8-a216-b0a112acbfad@group-82A1F304F3BA-LeaderElection9] INFO  impl.LeaderElection (LeaderElection.java:askForVotes(312)) - 6021f7c2-427d-4cd8-a216-b0a112acbfad@group-82A1F304F3BA-LeaderElection9 ELECTION round 0: result REJECTED
2022-07-30 01:47:37,073 [6021f7c2-427d-4cd8-a216-b0a112acbfad@group-82A1F304F3BA-LeaderElection9] INFO  server.RaftServer$Division (RaftServerImpl.java:setRole(299)) - 6021f7c2-427d-4cd8-a216-b0a112acbfad@group-82A1F304F3BA: changes role from CANDIDATE to FOLLOWER at term 2 for REJECTED
2022-07-30 01:47:37,074 [6021f7c2-427d-4cd8-a216-b0a112acbfad@group-82A1F304F3BA-LeaderElection9] INFO  impl.RoleInfo (RoleInfo.java:shutdownLeaderElection(130)) - 6021f7c2-427d-4cd8-a216-b0a112acbfad: shutdown 6021f7c2-427d-4cd8-a216-b0a112acbfad@group-82A1F304F3BA-LeaderElection9
2022-07-30 01:47:37,074 [6021f7c2-427d-4cd8-a216-b0a112acbfad@group-82A1F304F3BA-LeaderElection9] INFO  impl.RoleInfo (RoleInfo.java:updateAndGet(139)) - 6021f7c2-427d-4cd8-a216-b0a112acbfad: start 6021f7c2-427d-4cd8-a216-b0a112acbfad@group-82A1F304F3BA-FollowerState
2022-07-30 01:47:37,315 [Listener at 127.0.0.1/39159] INFO  ozone.MiniOzoneClusterImpl (MiniOzoneClusterImpl.java:lambda$waitForClusterToBeReady$0(216)) - Nodes are ready. Got 5 of 5 DN Heartbeats.
2022-07-30 01:47:37,316 [Listener at 127.0.0.1/39159] INFO  ozone.MiniOzoneClusterImpl (MiniOzoneClusterImpl.java:lambda$waitForClusterToBeReady$0(219)) - Waiting for cluster to exit safe mode
2022-07-30 01:47:37,316 [Listener at 127.0.0.1/39159] INFO  ozone.MiniOzoneClusterImpl (MiniOzoneClusterImpl.java:lambda$waitForClusterToBeReady$0(221)) - SCM became leader
2022-07-30 01:47:37,737 [6021f7c2-427d-4cd8-a216-b0a112acbfad@group-BF03BD903E3B-FollowerState] INFO  impl.FollowerState (FollowerState.java:run(143)) - 6021f7c2-427d-4cd8-a216-b0a112acbfad@group-BF03BD903E3B-FollowerState: change to CANDIDATE, lastRpcElapsedTime:5041902125ns, electionTimeout:5039ms
2022-07-30 01:47:37,737 [6021f7c2-427d-4cd8-a216-b0a112acbfad@group-BF03BD903E3B-FollowerState] INFO  impl.RoleInfo (RoleInfo.java:shutdownFollowerState(110)) - 6021f7c2-427d-4cd8-a216-b0a112acbfad: shutdown 6021f7c2-427d-4cd8-a216-b0a112acbfad@group-BF03BD903E3B-FollowerState
2022-07-30 01:47:37,738 [6021f7c2-427d-4cd8-a216-b0a112acbfad@group-BF03BD903E3B-FollowerState] INFO  server.RaftServer$Division (RaftServerImpl.java:setRole(299)) - 6021f7c2-427d-4cd8-a216-b0a112acbfad@group-BF03BD903E3B: changes role from  FOLLOWER to CANDIDATE at term 1 for changeToCandidate
2022-07-30 01:47:37,738 [6021f7c2-427d-4cd8-a216-b0a112acbfad@group-BF03BD903E3B-FollowerState] INFO  server.RaftServerConfigKeys (ConfUtils.java:logGet(46)) - raft.server.leaderelection.pre-vote = false (custom)
2022-07-30 01:47:37,738 [6021f7c2-427d-4cd8-a216-b0a112acbfad@group-BF03BD903E3B-FollowerState] INFO  impl.RoleInfo (RoleInfo.java:updateAndGet(139)) - 6021f7c2-427d-4cd8-a216-b0a112acbfad: start 6021f7c2-427d-4cd8-a216-b0a112acbfad@group-BF03BD903E3B-LeaderElection10
2022-07-30 01:47:37,740 [6021f7c2-427d-4cd8-a216-b0a112acbfad@group-BF03BD903E3B-LeaderElection10] INFO  impl.LeaderElection (LeaderElection.java:askForVotes(310)) - 6021f7c2-427d-4cd8-a216-b0a112acbfad@group-BF03BD903E3B-LeaderElection10 ELECTION round 0: submit vote requests at term 2 for -1: [2f82598e-6ad5-4b85-a1e1-fdafd308d280|rpc:10.1.0.37:45671|priority:0, 6021f7c2-427d-4cd8-a216-b0a112acbfad|rpc:10.1.0.37:41905|priority:1, 3b7c218c-5ec1-49c6-951e-2891968f85c7|rpc:10.1.0.37:34587|priority:0], old=null
2022-07-30 01:47:37,744 [grpc-default-executor-1] INFO  server.RaftServer$Division (RaftServerImpl.java:requestVote(1152)) - 3b7c218c-5ec1-49c6-951e-2891968f85c7@group-BF03BD903E3B: receive requestVote(ELECTION, 6021f7c2-427d-4cd8-a216-b0a112acbfad, group-BF03BD903E3B, 2, (t:0, i:0))
2022-07-30 01:47:37,744 [grpc-default-executor-1] INFO  impl.VoteContext (VoteContext.java:log(48)) - 3b7c218c-5ec1-49c6-951e-2891968f85c7@group-BF03BD903E3B-FOLLOWER: accept ELECTION from 6021f7c2-427d-4cd8-a216-b0a112acbfad: our priority 0 <= candidate's priority 1
2022-07-30 01:47:37,744 [grpc-default-executor-1] INFO  server.RaftServer$Division (RaftServerImpl.java:setRole(299)) - 3b7c218c-5ec1-49c6-951e-2891968f85c7@group-BF03BD903E3B: changes role from  FOLLOWER to FOLLOWER at term 2 for candidate:6021f7c2-427d-4cd8-a216-b0a112acbfad
2022-07-30 01:47:37,744 [grpc-default-executor-1] INFO  impl.RoleInfo (RoleInfo.java:shutdownFollowerState(110)) - 3b7c218c-5ec1-49c6-951e-2891968f85c7: shutdown 3b7c218c-5ec1-49c6-951e-2891968f85c7@group-BF03BD903E3B-FollowerState
2022-07-30 01:47:37,744 [grpc-default-executor-1] INFO  impl.RoleInfo (RoleInfo.java:updateAndGet(139)) - 3b7c218c-5ec1-49c6-951e-2891968f85c7: start 3b7c218c-5ec1-49c6-951e-2891968f85c7@group-BF03BD903E3B-FollowerState
2022-07-30 01:47:37,745 [3b7c218c-5ec1-49c6-951e-2891968f85c7@group-BF03BD903E3B-FollowerState] INFO  impl.FollowerState (FollowerState.java:run(152)) - 3b7c218c-5ec1-49c6-951e-2891968f85c7@group-BF03BD903E3B-FollowerState was interrupted
2022-07-30 01:47:37,747 [grpc-default-executor-0] INFO  server.RaftServer$Division (RaftServerImpl.java:requestVote(1152)) - 2f82598e-6ad5-4b85-a1e1-fdafd308d280@group-BF03BD903E3B: receive requestVote(ELECTION, 6021f7c2-427d-4cd8-a216-b0a112acbfad, group-BF03BD903E3B, 2, (t:0, i:0))
2022-07-30 01:47:37,747 [grpc-default-executor-0] INFO  impl.VoteContext (VoteContext.java:log(48)) - 2f82598e-6ad5-4b85-a1e1-fdafd308d280@group-BF03BD903E3B-FOLLOWER: accept ELECTION from 6021f7c2-427d-4cd8-a216-b0a112acbfad: our priority 0 <= candidate's priority 1
2022-07-30 01:47:37,747 [grpc-default-executor-0] INFO  server.RaftServer$Division (RaftServerImpl.java:setRole(299)) - 2f82598e-6ad5-4b85-a1e1-fdafd308d280@group-BF03BD903E3B: changes role from  FOLLOWER to FOLLOWER at term 2 for candidate:6021f7c2-427d-4cd8-a216-b0a112acbfad
2022-07-30 01:47:37,747 [grpc-default-executor-0] INFO  impl.RoleInfo (RoleInfo.java:shutdownFollowerState(110)) - 2f82598e-6ad5-4b85-a1e1-fdafd308d280: shutdown 2f82598e-6ad5-4b85-a1e1-fdafd308d280@group-BF03BD903E3B-FollowerState
2022-07-30 01:47:37,747 [grpc-default-executor-0] INFO  impl.RoleInfo (RoleInfo.java:updateAndGet(139)) - 2f82598e-6ad5-4b85-a1e1-fdafd308d280: start 2f82598e-6ad5-4b85-a1e1-fdafd308d280@group-BF03BD903E3B-FollowerState
2022-07-30 01:47:37,747 [grpc-default-executor-1] INFO  server.RaftServer$Division (RaftServerImpl.java:requestVote(1184)) - 3b7c218c-5ec1-49c6-951e-2891968f85c7@group-BF03BD903E3B replies to ELECTION vote request: 6021f7c2-427d-4cd8-a216-b0a112acbfad<-3b7c218c-5ec1-49c6-951e-2891968f85c7#0:OK-t2. Peer's state: 3b7c218c-5ec1-49c6-951e-2891968f85c7@group-BF03BD903E3B:t2, leader=null, voted=6021f7c2-427d-4cd8-a216-b0a112acbfad, raftlog=3b7c218c-5ec1-49c6-951e-2891968f85c7@group-BF03BD903E3B-SegmentedRaftLog:OPENED:c-1, conf=-1: [2f82598e-6ad5-4b85-a1e1-fdafd308d280|rpc:10.1.0.37:45671|priority:0, 6021f7c2-427d-4cd8-a216-b0a112acbfad|rpc:10.1.0.37:41905|priority:1, 3b7c218c-5ec1-49c6-951e-2891968f85c7|rpc:10.1.0.37:34587|priority:0], old=null
2022-07-30 01:47:37,747 [2f82598e-6ad5-4b85-a1e1-fdafd308d280@group-BF03BD903E3B-FollowerState] INFO  impl.FollowerState (FollowerState.java:run(152)) - 2f82598e-6ad5-4b85-a1e1-fdafd308d280@group-BF03BD903E3B-FollowerState was interrupted
2022-07-30 01:47:37,758 [grpc-default-executor-0] INFO  server.RaftServer$Division (RaftServerImpl.java:requestVote(1184)) - 2f82598e-6ad5-4b85-a1e1-fdafd308d280@group-BF03BD903E3B replies to ELECTION vote request: 6021f7c2-427d-4cd8-a216-b0a112acbfad<-2f82598e-6ad5-4b85-a1e1-fdafd308d280#0:OK-t2. Peer's state: 2f82598e-6ad5-4b85-a1e1-fdafd308d280@group-BF03BD903E3B:t2, leader=null, voted=6021f7c2-427d-4cd8-a216-b0a112acbfad, raftlog=2f82598e-6ad5-4b85-a1e1-fdafd308d280@group-BF03BD903E3B-SegmentedRaftLog:OPENED:c-1, conf=-1: [2f82598e-6ad5-4b85-a1e1-fdafd308d280|rpc:10.1.0.37:45671|priority:0, 6021f7c2-427d-4cd8-a216-b0a112acbfad|rpc:10.1.0.37:41905|priority:1, 3b7c218c-5ec1-49c6-951e-2891968f85c7|rpc:10.1.0.37:34587|priority:0], old=null
2022-07-30 01:47:37,760 [6021f7c2-427d-4cd8-a216-b0a112acbfad@group-BF03BD903E3B-LeaderElection10] INFO  impl.LeaderElection (LeaderElection.java:logAndReturn(90)) - 6021f7c2-427d-4cd8-a216-b0a112acbfad@group-BF03BD903E3B-LeaderElection10: ELECTION PASSED received 1 response(s) and 0 exception(s):
2022-07-30 01:47:37,760 [6021f7c2-427d-4cd8-a216-b0a112acbfad@group-BF03BD903E3B-LeaderElection10] INFO  impl.LeaderElection (LeaderElection.java:logAndReturn(94)) -   Response 0: 6021f7c2-427d-4cd8-a216-b0a112acbfad<-3b7c218c-5ec1-49c6-951e-2891968f85c7#0:OK-t2
2022-07-30 01:47:37,760 [6021f7c2-427d-4cd8-a216-b0a112acbfad@group-BF03BD903E3B-LeaderElection10] INFO  impl.LeaderElection (LeaderElection.java:askForVotes(312)) - 6021f7c2-427d-4cd8-a216-b0a112acbfad@group-BF03BD903E3B-LeaderElection10 ELECTION round 0: result PASSED
2022-07-30 01:47:37,760 [6021f7c2-427d-4cd8-a216-b0a112acbfad@group-BF03BD903E3B-LeaderElection10] INFO  impl.RoleInfo (RoleInfo.java:shutdownLeaderElection(130)) - 6021f7c2-427d-4cd8-a216-b0a112acbfad: shutdown 6021f7c2-427d-4cd8-a216-b0a112acbfad@group-BF03BD903E3B-LeaderElection10
2022-07-30 01:47:37,760 [6021f7c2-427d-4cd8-a216-b0a112acbfad@group-BF03BD903E3B-LeaderElection10] INFO  server.RaftServer$Division (RaftServerImpl.java:setRole(299)) - 6021f7c2-427d-4cd8-a216-b0a112acbfad@group-BF03BD903E3B: changes role from CANDIDATE to LEADER at term 2 for changeToLeader
2022-07-30 01:47:37,760 [6021f7c2-427d-4cd8-a216-b0a112acbfad@group-BF03BD903E3B-LeaderElection10] INFO  ratis.XceiverServerRatis (XceiverServerRatis.java:handleLeaderChangedNotification(863)) - Leader change notification received for group: group-BF03BD903E3B with new leaderId: 6021f7c2-427d-4cd8-a216-b0a112acbfad
2022-07-30 01:47:37,760 [6021f7c2-427d-4cd8-a216-b0a112acbfad@group-BF03BD903E3B-LeaderElection10] INFO  server.RaftServer$Division (ServerState.java:setLeader(287)) - 6021f7c2-427d-4cd8-a216-b0a112acbfad@group-BF03BD903E3B: change Leader from null to 6021f7c2-427d-4cd8-a216-b0a112acbfad at term 2 for becomeLeader, leader elected after 10070ms
2022-07-30 01:47:37,760 [6021f7c2-427d-4cd8-a216-b0a112acbfad@group-BF03BD903E3B-LeaderElection10] INFO  server.RaftServerConfigKeys (ConfUtils.java:logGet(46)) - raft.server.staging.catchup.gap = 1000 (default)
2022-07-30 01:47:37,762 [EventQueue-OpenPipelineForHealthyPipelineSafeModeRule] INFO  safemode.SCMSafeModeManager (HealthyPipelineSafeModeRule.java:process(137)) - SCM in safe mode. Healthy pipelines reported count is 0, required healthy pipeline reported count is 1
2022-07-30 01:47:37,762 [6021f7c2-427d-4cd8-a216-b0a112acbfad@group-BF03BD903E3B-LeaderElection10] INFO  server.RaftServerConfigKeys (ConfUtils.java:logGet(46)) - raft.server.write.element-limit = 1024 (custom)
2022-07-30 01:47:37,762 [EventQueue-PipelineReportForPipelineReportHandler] INFO  pipeline.PipelineManagerImpl (PipelineManagerImpl.java:openPipeline(367)) - Pipeline Pipeline[ Id: 55cb4280-88ef-4f3e-a094-bf03bd903e3b, Nodes: 2f82598e-6ad5-4b85-a1e1-fdafd308d280{ip: 10.1.0.37, host: fv-az297-62.nmf1rxwemy4u5di1sxxf4ejcwb.jx.internal.cloudapp.net, ports: [REPLICATION=37379, RATIS=45671, RATIS_ADMIN=45671, RATIS_SERVER=45671, STANDALONE=40131], networkLocation: /default-rack, certSerialId: null, persistedOpState: IN_SERVICE, persistedOpStateExpiryEpochSec: 0}6021f7c2-427d-4cd8-a216-b0a112acbfad{ip: 10.1.0.37, host: fv-az297-62.nmf1rxwemy4u5di1sxxf4ejcwb.jx.internal.cloudapp.net, ports: [REPLICATION=34491, RATIS=41905, RATIS_ADMIN=41905, RATIS_SERVER=41905, STANDALONE=36869], networkLocation: /default-rack, certSerialId: null, persistedOpState: IN_SERVICE, persistedOpStateExpiryEpochSec: 0}3b7c218c-5ec1-49c6-951e-2891968f85c7{ip: 10.1.0.37, host: fv-az297-62.nmf1rxwemy4u5di1sxxf4ejcwb.jx.internal.cloudapp.net, ports: [REPLICATION=34701, RATIS=34587, RATIS_ADMIN=34587, RATIS_SERVER=34587, STANDALONE=39201], networkLocation: /default-rack, certSerialId: null, persistedOpState: IN_SERVICE, persistedOpStateExpiryEpochSec: 0}, ReplicationConfig: RATIS/THREE, State:ALLOCATED, leaderId:6021f7c2-427d-4cd8-a216-b0a112acbfad, CreationTimestamp2022-07-30T01:47:24.644Z[Etc/UTC]] moved to OPEN state
2022-07-30 01:47:37,763 [6021f7c2-427d-4cd8-a216-b0a112acbfad@group-BF03BD903E3B-LeaderElection10] INFO  server.RaftServerConfigKeys (ConfUtils.java:logGet(46)) - raft.server.write.byte-limit = 1024 M (=1073741824) (custom)
2022-07-30 01:47:37,763 [6021f7c2-427d-4cd8-a216-b0a112acbfad@group-BF03BD903E3B-LeaderElection10] INFO  server.RaftServerConfigKeys (ConfUtils.java:logGet(46)) - raft.server.watch.timeout = 180s (custom)
2022-07-30 01:47:37,763 [6021f7c2-427d-4cd8-a216-b0a112acbfad@group-BF03BD903E3B-LeaderElection10] INFO  server.RaftServerConfigKeys (ConfUtils.java:logGet(46)) - raft.server.watch.timeout.denomination = 1s (default)
2022-07-30 01:47:37,763 [6021f7c2-427d-4cd8-a216-b0a112acbfad@group-BF03BD903E3B-LeaderElection10] INFO  server.RaftServerConfigKeys (ConfUtils.java:logGet(46)) - raft.server.watch.element-limit = 65536 (default)
2022-07-30 01:47:37,764 [6021f7c2-427d-4cd8-a216-b0a112acbfad@group-BF03BD903E3B-LeaderElection10] INFO  server.RaftServerConfigKeys (ConfUtils.java:logGet(46)) - raft.server.write.element-limit = 1024 (custom)
2022-07-30 01:47:37,764 [6021f7c2-427d-4cd8-a216-b0a112acbfad@group-BF03BD903E3B-LeaderElection10] INFO  server.RaftServerConfigKeys (ConfUtils.java:logGet(46)) - raft.server.write.follower.gap.ratio.max = -1.0 (default)
2022-07-30 01:47:37,768 [EventQueue-OpenPipelineForHealthyPipelineSafeModeRule] INFO  safemode.SCMSafeModeManager (HealthyPipelineSafeModeRule.java:process(137)) - SCM in safe mode. Healthy pipelines reported count is 1, required healthy pipeline reported count is 1
2022-07-30 01:47:37,768 [EventQueue-OpenPipelineForHealthyPipelineSafeModeRule] INFO  safemode.SCMSafeModeManager (SCMSafeModeManager.java:validateSafeModeExitRules(204)) - HealthyPipelineSafeModeRule rule is successfully validated
2022-07-30 01:47:37,768 [EventQueue-OpenPipelineForHealthyPipelineSafeModeRule] INFO  safemode.SCMSafeModeManager (SCMSafeModeManager.java:validateSafeModeExitRules(219)) - ScmSafeModeManager, all rules are successfully validated
2022-07-30 01:47:37,768 [EventQueue-OpenPipelineForHealthyPipelineSafeModeRule] INFO  safemode.SCMSafeModeManager (SCMSafeModeManager.java:exitSafeMode(248)) - SCM exiting safe mode.
2022-07-30 01:47:37,768 [EventQueue-OpenPipelineForHealthyPipelineSafeModeRule] WARN  events.EventQueue (EventQueue.java:fireEvent(216)) - No event handler registered for event TypedEvent{payloadType=SafeModeStatus, name='Safe mode status'}
2022-07-30 01:47:37,768 [EventQueue-OpenPipelineForHealthyPipelineSafeModeRule] INFO  ha.SCMContext (SCMContext.java:updateSafeModeStatus(228)) - Update SafeModeStatus from SafeModeStatus{safeModeStatus=true, preCheckPassed=true} to SafeModeStatus{safeModeStatus=false, preCheckPassed=true}.
2022-07-30 01:47:37,768 [EventQueue-OpenPipelineForHealthyPipelineSafeModeRule] INFO  pipeline.BackgroundPipelineCreator (BackgroundPipelineCreator.java:notifyStatusChanged(254)) - Service BackgroundPipelineCreator transitions to RUNNING.
2022-07-30 01:47:37,769 [EventQueue-OpenPipelineForHealthyPipelineSafeModeRule] INFO  BackgroundPipelineScrubber (BackgroundSCMService.java:notifyStatusChanged(82)) - Service BackgroundPipelineScrubber transitions to RUNNING.
2022-07-30 01:47:37,769 [EventQueue-OpenPipelineForHealthyPipelineSafeModeRule] INFO  ExpiredContainerReplicaOpScrubber (BackgroundSCMService.java:notifyStatusChanged(82)) - Service ExpiredContainerReplicaOpScrubber transitions to RUNNING.
2022-07-30 01:47:37,769 [EventQueue-OpenPipelineForHealthyPipelineSafeModeRule] INFO  UnderReplicatedQueueThread (BackgroundSCMService.java:notifyStatusChanged(82)) - Service UnderReplicatedQueueThread transitions to RUNNING.
2022-07-30 01:47:37,769 [EventQueue-OpenPipelineForHealthyPipelineSafeModeRule] INFO  OverReplicatedQueueThread (BackgroundSCMService.java:notifyStatusChanged(82)) - Service OverReplicatedQueueThread transitions to RUNNING.
2022-07-30 01:47:37,769 [EventQueue-OpenPipelineForHealthyPipelineSafeModeRule] INFO  replication.ReplicationManager (ReplicationManager.java:notifyStatusChanged(642)) - Service ReplicationManager transitions to RUNNING.
2022-07-30 01:47:37,769 [EventQueue-OpenPipelineForHealthyPipelineSafeModeRule] WARN  balancer.ContainerBalancer (ContainerBalancer.java:shouldRun(904)) - Could not find persisted configuration for ContainerBalancer when checking if ContainerBalancer should run. ContainerBalancer should not run now.
2022-07-30 01:47:37,775 [6021f7c2-427d-4cd8-a216-b0a112acbfad@group-BF03BD903E3B-LeaderElection10] INFO  server.RaftServerConfigKeys (ConfUtils.java:logGet(46)) - raft.server.log.appender.snapshot.chunk.size.max = 16MB (=16777216) (default)
2022-07-30 01:47:37,775 [6021f7c2-427d-4cd8-a216-b0a112acbfad@group-BF03BD903E3B-LeaderElection10] INFO  server.RaftServerConfigKeys (ConfUtils.java:logGet(46)) - raft.server.log.appender.buffer.byte-limit = 33554432 (custom)
2022-07-30 01:47:37,776 [6021f7c2-427d-4cd8-a216-b0a112acbfad@group-BF03BD903E3B-LeaderElection10] INFO  server.RaftServerConfigKeys (ConfUtils.java:logGet(46)) - raft.server.log.appender.buffer.element-limit = 1 (custom)
2022-07-30 01:47:37,778 [6021f7c2-427d-4cd8-a216-b0a112acbfad@group-BF03BD903E3B-LeaderElection10] INFO  grpc.GrpcConfigKeys (ConfUtils.java:logGet(46)) - raft.grpc.server.leader.outstanding.appends.max = 128 (default)
2022-07-30 01:47:37,778 [6021f7c2-427d-4cd8-a216-b0a112acbfad@group-BF03BD903E3B-LeaderElection10] INFO  server.RaftServerConfigKeys (ConfUtils.java:logGet(46)) - raft.server.rpc.request.timeout = 60s (custom)
2022-07-30 01:47:37,779 [6021f7c2-427d-4cd8-a216-b0a112acbfad@group-BF03BD903E3B-LeaderElection10] INFO  server.RaftServerConfigKeys (ConfUtils.java:logGet(46)) - raft.server.log.appender.install.snapshot.enabled = false (custom)
2022-07-30 01:47:37,781 [6021f7c2-427d-4cd8-a216-b0a112acbfad@group-BF03BD903E3B-LeaderElection10] INFO  server.RaftServerConfigKeys (ConfUtils.java:logGet(46)) - raft.server.log.appender.snapshot.chunk.size.max = 16MB (=16777216) (default)
2022-07-30 01:47:37,781 [6021f7c2-427d-4cd8-a216-b0a112acbfad@group-BF03BD903E3B-LeaderElection10] INFO  server.RaftServerConfigKeys (ConfUtils.java:logGet(46)) - raft.server.log.appender.buffer.byte-limit = 33554432 (custom)
2022-07-30 01:47:37,781 [6021f7c2-427d-4cd8-a216-b0a112acbfad@group-BF03BD903E3B-LeaderElection10] INFO  server.RaftServerConfigKeys (ConfUtils.java:logGet(46)) - raft.server.log.appender.buffer.element-limit = 1 (custom)
2022-07-30 01:47:37,781 [6021f7c2-427d-4cd8-a216-b0a112acbfad@group-BF03BD903E3B-LeaderElection10] INFO  grpc.GrpcConfigKeys (ConfUtils.java:logGet(46)) - raft.grpc.server.leader.outstanding.appends.max = 128 (default)
2022-07-30 01:47:37,781 [6021f7c2-427d-4cd8-a216-b0a112acbfad@group-BF03BD903E3B-LeaderElection10] INFO  server.RaftServerConfigKeys (ConfUtils.java:logGet(46)) - raft.server.rpc.request.timeout = 60s (custom)
2022-07-30 01:47:37,781 [6021f7c2-427d-4cd8-a216-b0a112acbfad@group-BF03BD903E3B-LeaderElection10] INFO  server.RaftServerConfigKeys (ConfUtils.java:logGet(46)) - raft.server.log.appender.install.snapshot.enabled = false (custom)
2022-07-30 01:47:37,782 [6021f7c2-427d-4cd8-a216-b0a112acbfad@group-BF03BD903E3B-LeaderElection10] INFO  impl.RoleInfo (RoleInfo.java:updateAndGet(139)) - 6021f7c2-427d-4cd8-a216-b0a112acbfad: start 6021f7c2-427d-4cd8-a216-b0a112acbfad@group-BF03BD903E3B-LeaderStateImpl
2022-07-30 01:47:37,783 [6021f7c2-427d-4cd8-a216-b0a112acbfad@group-BF03BD903E3B-LeaderElection10] INFO  segmented.SegmentedRaftLogWorker (SegmentedRaftLogWorker.java:startLogSegment(425)) - 6021f7c2-427d-4cd8-a216-b0a112acbfad@group-BF03BD903E3B-SegmentedRaftLogWorker: Starting segment from index:0
2022-07-30 01:47:37,786 [6021f7c2-427d-4cd8-a216-b0a112acbfad@group-BF03BD903E3B-LeaderElection10] INFO  server.RaftServer$Division (ServerState.java:setRaftConf(393)) - 6021f7c2-427d-4cd8-a216-b0a112acbfad@group-BF03BD903E3B: set configuration 0: [2f82598e-6ad5-4b85-a1e1-fdafd308d280|rpc:10.1.0.37:45671|dataStream:|priority:0, 6021f7c2-427d-4cd8-a216-b0a112acbfad|rpc:10.1.0.37:41905|dataStream:|priority:1, 3b7c218c-5ec1-49c6-951e-2891968f85c7|rpc:10.1.0.37:34587|dataStream:|priority:0], old=null
2022-07-30 01:47:37,787 [6021f7c2-427d-4cd8-a216-b0a112acbfad@group-BF03BD903E3B-SegmentedRaftLogWorker] INFO  segmented.SegmentedRaftLogWorker (SegmentedRaftLogWorker.java:execute(629)) - 6021f7c2-427d-4cd8-a216-b0a112acbfad@group-BF03BD903E3B-SegmentedRaftLogWorker: created new log segment /home/runner/work/ozone/ozone/hadoop-ozone/integration-test/target/test-dir/MiniOzoneClusterImpl-4bb34576-a2e6-484c-bd4a-6e4bad1f8a8d/datanode-0/data/ratis/55cb4280-88ef-4f3e-a094-bf03bd903e3b/current/log_inprogress_0
2022-07-30 01:47:37,815 [3b7c218c-5ec1-49c6-951e-2891968f85c7-server-thread1] INFO  ratis.XceiverServerRatis (XceiverServerRatis.java:handleLeaderChangedNotification(863)) - Leader change notification received for group: group-BF03BD903E3B with new leaderId: 6021f7c2-427d-4cd8-a216-b0a112acbfad
2022-07-30 01:47:37,820 [3b7c218c-5ec1-49c6-951e-2891968f85c7-server-thread1] INFO  server.RaftServer$Division (ServerState.java:setLeader(287)) - 3b7c218c-5ec1-49c6-951e-2891968f85c7@group-BF03BD903E3B: change Leader from null to 6021f7c2-427d-4cd8-a216-b0a112acbfad at term 2 for appendEntries, leader elected after 10139ms
2022-07-30 01:47:37,821 [2f82598e-6ad5-4b85-a1e1-fdafd308d280-server-thread1] INFO  ratis.XceiverServerRatis (XceiverServerRatis.java:handleLeaderChangedNotification(863)) - Leader change notification received for group: group-BF03BD903E3B with new leaderId: 6021f7c2-427d-4cd8-a216-b0a112acbfad
2022-07-30 01:47:37,821 [2f82598e-6ad5-4b85-a1e1-fdafd308d280-server-thread1] INFO  server.RaftServer$Division (ServerState.java:setLeader(287)) - 2f82598e-6ad5-4b85-a1e1-fdafd308d280@group-BF03BD903E3B: change Leader from null to 6021f7c2-427d-4cd8-a216-b0a112acbfad at term 2 for appendEntries, leader elected after 10210ms
2022-07-30 01:47:37,845 [2f82598e-6ad5-4b85-a1e1-fdafd308d280-server-thread1] INFO  server.RaftServer$Division (ServerState.java:setRaftConf(393)) - 2f82598e-6ad5-4b85-a1e1-fdafd308d280@group-BF03BD903E3B: set configuration 0: [2f82598e-6ad5-4b85-a1e1-fdafd308d280|rpc:10.1.0.37:45671|dataStream:|priority:0, 6021f7c2-427d-4cd8-a216-b0a112acbfad|rpc:10.1.0.37:41905|dataStream:|priority:1, 3b7c218c-5ec1-49c6-951e-2891968f85c7|rpc:10.1.0.37:34587|dataStream:|priority:0], old=null
2022-07-30 01:47:37,845 [3b7c218c-5ec1-49c6-951e-2891968f85c7-server-thread1] INFO  server.RaftServer$Division (ServerState.java:setRaftConf(393)) - 3b7c218c-5ec1-49c6-951e-2891968f85c7@group-BF03BD903E3B: set configuration 0: [2f82598e-6ad5-4b85-a1e1-fdafd308d280|rpc:10.1.0.37:45671|dataStream:|priority:0, 6021f7c2-427d-4cd8-a216-b0a112acbfad|rpc:10.1.0.37:41905|dataStream:|priority:1, 3b7c218c-5ec1-49c6-951e-2891968f85c7|rpc:10.1.0.37:34587|dataStream:|priority:0], old=null
2022-07-30 01:47:37,845 [3b7c218c-5ec1-49c6-951e-2891968f85c7-server-thread1] INFO  segmented.SegmentedRaftLogWorker (SegmentedRaftLogWorker.java:startLogSegment(425)) - 3b7c218c-5ec1-49c6-951e-2891968f85c7@group-BF03BD903E3B-SegmentedRaftLogWorker: Starting segment from index:0
2022-07-30 01:47:37,847 [2f82598e-6ad5-4b85-a1e1-fdafd308d280-server-thread1] INFO  segmented.SegmentedRaftLogWorker (SegmentedRaftLogWorker.java:startLogSegment(425)) - 2f82598e-6ad5-4b85-a1e1-fdafd308d280@group-BF03BD903E3B-SegmentedRaftLogWorker: Starting segment from index:0
2022-07-30 01:47:37,847 [3b7c218c-5ec1-49c6-951e-2891968f85c7@group-BF03BD903E3B-SegmentedRaftLogWorker] INFO  segmented.SegmentedRaftLogWorker (SegmentedRaftLogWorker.java:execute(629)) - 3b7c218c-5ec1-49c6-951e-2891968f85c7@group-BF03BD903E3B-SegmentedRaftLogWorker: created new log segment /home/runner/work/ozone/ozone/hadoop-ozone/integration-test/target/test-dir/MiniOzoneClusterImpl-4bb34576-a2e6-484c-bd4a-6e4bad1f8a8d/datanode-2/data/ratis/55cb4280-88ef-4f3e-a094-bf03bd903e3b/current/log_inprogress_0
2022-07-30 01:47:37,851 [2f82598e-6ad5-4b85-a1e1-fdafd308d280@group-BF03BD903E3B-SegmentedRaftLogWorker] INFO  segmented.SegmentedRaftLogWorker (SegmentedRaftLogWorker.java:execute(629)) - 2f82598e-6ad5-4b85-a1e1-fdafd308d280@group-BF03BD903E3B-SegmentedRaftLogWorker: created new log segment /home/runner/work/ozone/ozone/hadoop-ozone/integration-test/target/test-dir/MiniOzoneClusterImpl-4bb34576-a2e6-484c-bd4a-6e4bad1f8a8d/datanode-1/data/ratis/55cb4280-88ef-4f3e-a094-bf03bd903e3b/current/log_inprogress_0
2022-07-30 01:47:38,316 [Listener at 127.0.0.1/39159] INFO  ozone.MiniOzoneClusterImpl (MiniOzoneClusterImpl.java:lambda$waitForClusterToBeReady$0(216)) - Nodes are ready. Got 5 of 5 DN Heartbeats.
2022-07-30 01:47:38,317 [Listener at 127.0.0.1/39159] INFO  ozone.MiniOzoneClusterImpl (MiniOzoneClusterImpl.java:lambda$waitForClusterToBeReady$0(219)) - Cluster exits safe mode
2022-07-30 01:47:38,317 [Listener at 127.0.0.1/39159] INFO  ozone.MiniOzoneClusterImpl (MiniOzoneClusterImpl.java:lambda$waitForClusterToBeReady$0(221)) - SCM became leader
2022-07-30 01:47:39,047 [Time-limited test] INFO  rpc.RpcClient (RpcClient.java:createVolume(468)) - Creating Volume: volume11109, with user97140 as owner and space quota set to -1 bytes, counts quota set to -1
2022-07-30 01:47:39,103 [OM StateMachine ApplyTransaction Thread - 0] INFO  volume.OMVolumeCreateRequest (OMVolumeCreateRequest.java:validateAndUpdateCache(195)) - created volume:volume11109 for user:user97140
2022-07-30 01:47:39,128 [Time-limited test] INFO  rpc.RpcClient (RpcClient.java:createBucket(671)) - Creating Bucket: volume11109/bucket59220, with bucket layout LEGACY, runner as owner, Versioning false, Storage Type set to DISK and Encryption set to false 
2022-07-30 01:47:39,145 [OM StateMachine ApplyTransaction Thread - 0] INFO  bucket.OMBucketCreateRequest (OMBucketCreateRequest.java:validateAndUpdateCache(260)) - created bucket: bucket59220 of layout LEGACY in volume: volume11109
2022-07-30 01:47:39,244 [IPC Server handler 1 on default port 34915] INFO  ha.SequenceIdGenerator (SequenceIdGenerator.java:getNextId(128)) - Allocate a batch for containerId, change lastId from 0 to 1000.
2022-07-30 01:47:39,254 [IPC Server handler 1 on default port 34915] WARN  ha.SequenceIdGenerator (SequenceIdGenerator.java:allocateBatch(237)) - Failed to allocate a batch for localId, expected lastId is 0, actual lastId is 109611004723200000.
2022-07-30 01:47:39,254 [IPC Server handler 1 on default port 34915] INFO  ha.SequenceIdGenerator (SequenceIdGenerator.java:getNextId(128)) - Allocate a batch for localId, change lastId from 109611004723200000 to 109611004723201000.
01:47:39.330 [IPC Server handler 18 on default port 39159] ERROR OMAudit - user=runner | ip=127.0.0.1 | op=GET_FILE_STATUS {volume=volume11109, bucket=bucket59220, key=dir130/file1, dataSize=0, replicationConfig=null} | ret=FAILURE
org.apache.hadoop.ozone.om.exceptions.OMException: Unable to get file status: volume: volume11109 bucket: bucket59220 key: dir130/file1
	at org.apache.hadoop.ozone.om.KeyManagerImpl.getOzoneFileStatus(KeyManagerImpl.java:1311) ~[ozone-manager-1.3.0-SNAPSHOT.jar:?]
	at org.apache.hadoop.ozone.om.KeyManagerImpl.getFileStatus(KeyManagerImpl.java:1241) ~[ozone-manager-1.3.0-SNAPSHOT.jar:?]
	at org.apache.hadoop.ozone.om.OzoneManager.getFileStatus(OzoneManager.java:3467) ~[ozone-manager-1.3.0-SNAPSHOT.jar:?]
	at org.apache.hadoop.ozone.protocolPB.OzoneManagerRequestHandler.getOzoneFileStatus(OzoneManagerRequestHandler.java:878) ~[ozone-manager-1.3.0-SNAPSHOT.jar:?]
	at org.apache.hadoop.ozone.protocolPB.OzoneManagerRequestHandler.handleReadRequest(OzoneManagerRequestHandler.java:224) ~[ozone-manager-1.3.0-SNAPSHOT.jar:?]
	at org.apache.hadoop.ozone.protocolPB.OzoneManagerProtocolServerSideTranslatorPB.submitReadRequestToOM(OzoneManagerProtocolServerSideTranslatorPB.java:226) ~[ozone-manager-1.3.0-SNAPSHOT.jar:?]
	at org.apache.hadoop.ozone.protocolPB.OzoneManagerProtocolServerSideTranslatorPB.processRequest(OzoneManagerProtocolServerSideTranslatorPB.java:175) ~[ozone-manager-1.3.0-SNAPSHOT.jar:?]
	at org.apache.hadoop.hdds.server.OzoneProtocolMessageDispatcher.processRequest(OzoneProtocolMessageDispatcher.java:87) [hdds-server-framework-1.3.0-SNAPSHOT.jar:?]
	at org.apache.hadoop.ozone.protocolPB.OzoneManagerProtocolServerSideTranslatorPB.submitRequest(OzoneManagerProtocolServerSideTranslatorPB.java:147) [ozone-manager-1.3.0-SNAPSHOT.jar:?]
	at org.apache.hadoop.ozone.protocol.proto.OzoneManagerProtocolProtos$OzoneManagerService$2.callBlockingMethod(OzoneManagerProtocolProtos.java) [ozone-interface-client-1.3.0-SNAPSHOT.jar:?]
	at org.apache.hadoop.ipc.ProtobufRpcEngine$Server.processCall(ProtobufRpcEngine.java:466) [hadoop-common-3.3.1.jar:?]
	at org.apache.hadoop.ipc.ProtobufRpcEngine2$Server$ProtoBufRpcInvoker.call(ProtobufRpcEngine2.java:574) [hadoop-common-3.3.1.jar:?]
	at org.apache.hadoop.ipc.ProtobufRpcEngine2$Server$ProtoBufRpcInvoker.call(ProtobufRpcEngine2.java:552) [hadoop-common-3.3.1.jar:?]
	at org.apache.hadoop.ipc.RPC$Server.call(RPC.java:1093) [hadoop-common-3.3.1.jar:?]
	at org.apache.hadoop.ipc.Server$RpcCall.run(Server.java:1035) [hadoop-common-3.3.1.jar:?]
	at org.apache.hadoop.ipc.Server$RpcCall.run(Server.java:963) [hadoop-common-3.3.1.jar:?]
	at java.security.AccessController.doPrivileged(Native Method) ~[?:1.8.0_332]
	at javax.security.auth.Subject.doAs(Subject.java:422) [?:1.8.0_332]
	at org.apache.hadoop.security.UserGroupInformation.doAs(UserGroupInformation.java:1878) [hadoop-common-3.3.1.jar:?]
	at org.apache.hadoop.ipc.Server$Handler.run(Server.java:2966) [hadoop-common-3.3.1.jar:?]
]]></system-out>
  </testcase>
  <testcase name="testRenameFile" classname="TestRootedOzoneFileSystem" time="0.319">
    <system-out><![CDATA[2022-07-30 01:48:01,909 [Listener at 127.0.0.1/39159] INFO  ozone.MiniOzoneClusterImpl (MiniOzoneClusterImpl.java:shutdown(448)) - Shutting down the Mini Ozone Cluster
2022-07-30 01:48:01,910 [Listener at 127.0.0.1/39159] INFO  ozone.MiniOzoneClusterImpl (MiniOzoneClusterImpl.java:stop(463)) - Stopping the Mini Ozone Cluster
2022-07-30 01:48:01,910 [Listener at 127.0.0.1/39159] INFO  ozone.MiniOzoneClusterImpl (MiniOzoneClusterImpl.java:stopOM(545)) - Stopping the OzoneManager
2022-07-30 01:48:01,910 [Listener at 127.0.0.1/39159] INFO  om.OzoneManager (OzoneManager.java:stop(2021)) - om1[localhost:0]: Stopping Ozone Manager
2022-07-30 01:48:01,910 [Listener at 127.0.0.1/39159] INFO  ipc.Server (Server.java:stop(3414)) - Stopping server on 39159
2022-07-30 01:48:01,917 [IPC Server listener on 0] INFO  ipc.Server (Server.java:run(1376)) - Stopping IPC Server listener on 0
2022-07-30 01:48:01,918 [IPC Server Responder] INFO  ipc.Server (Server.java:run(1512)) - Stopping IPC Server Responder
2022-07-30 01:48:01,919 [Listener at 127.0.0.1/39159] INFO  server.RaftServer (RaftServerProxy.java:lambda$close$7(398)) - om1: close
2022-07-30 01:48:01,919 [Listener at 127.0.0.1/39159] INFO  server.RaftServer$Division (RaftServerImpl.java:lambda$close$4(434)) - om1@group-C5BA1605619E: shutdown
2022-07-30 01:48:01,920 [Listener at 127.0.0.1/39159] INFO  util.JmxRegister (JmxRegister.java:unregister(73)) - Successfully un-registered JMX Bean with object name Ratis:service=RaftServer,group=group-C5BA1605619E,id=om1
2022-07-30 01:48:01,920 [Listener at 127.0.0.1/39159] INFO  impl.RoleInfo (RoleInfo.java:shutdownLeaderState(93)) - om1: shutdown om1@group-C5BA1605619E-LeaderStateImpl
2022-07-30 01:48:01,920 [Listener at 127.0.0.1/39159] INFO  impl.PendingRequests (PendingRequests.java:sendNotLeaderResponses(282)) - om1@group-C5BA1605619E-PendingRequests: sendNotLeaderResponses
2022-07-30 01:48:01,923 [Listener at 127.0.0.1/39159] INFO  impl.StateMachineUpdater (StateMachineUpdater.java:stopAndJoin(153)) - om1@group-C5BA1605619E-StateMachineUpdater: set stopIndex = 6852
2022-07-30 01:48:01,924 [om1@group-C5BA1605619E-StateMachineUpdater] INFO  ratis.OzoneManagerStateMachine (OzoneManagerStateMachine.java:takeSnapshot(441)) - Current Snapshot Index (t:1, i:6852)
2022-07-30 01:48:01,925 [om1@group-C5BA1605619E-StateMachineUpdater] INFO  impl.StateMachineUpdater (StateMachineUpdater.java:takeSnapshot(287)) - om1@group-C5BA1605619E-StateMachineUpdater: Took a snapshot at index 6852
2022-07-30 01:48:01,926 [om1@group-C5BA1605619E-StateMachineUpdater] INFO  impl.StateMachineUpdater (StateMachineUpdater.java:lambda$new$0(92)) - om1@group-C5BA1605619E-StateMachineUpdater: snapshotIndex: updateIncreasingly -1 -> 6852
2022-07-30 01:48:01,926 [om1@group-C5BA1605619E-StateMachineUpdater] INFO  ratis.OzoneManagerStateMachine (OzoneManagerStateMachine.java:close(495)) - StateMachine has shutdown. Shutdown OzoneManager if not already shutdown.
2022-07-30 01:48:01,926 [om1@group-C5BA1605619E-StateMachineUpdater] INFO  ratis.OzoneManagerDoubleBuffer (OzoneManagerDoubleBuffer.java:stop(466)) - Stopping OMDoubleBuffer flush thread
2022-07-30 01:48:01,927 [OMDoubleBufferFlushThread] INFO  ratis.OzoneManagerDoubleBuffer (OzoneManagerDoubleBuffer.java:flushTransactions(385)) - OMDoubleBuffer flush thread OMDoubleBufferFlushThread is interrupted and will exit.
2022-07-30 01:48:01,928 [Listener at 127.0.0.1/39159] INFO  server.RaftServer$Division (ServerState.java:close(429)) - om1@group-C5BA1605619E: closes. applyIndex: 6852
2022-07-30 01:48:01,931 [om1@group-C5BA1605619E-SegmentedRaftLogWorker] INFO  segmented.SegmentedRaftLogWorker (SegmentedRaftLogWorker.java:run(336)) - om1@group-C5BA1605619E-SegmentedRaftLogWorker was interrupted, exiting. There are 0 tasks remaining in the queue.
2022-07-30 01:48:01,934 [Listener at 127.0.0.1/39159] INFO  segmented.SegmentedRaftLogWorker (SegmentedRaftLogWorker.java:close(246)) - om1@group-C5BA1605619E-SegmentedRaftLogWorker close()
2022-07-30 01:48:01,936 [Listener at 127.0.0.1/39159] INFO  server.GrpcService (GrpcService.java:closeImpl(269)) - om1: shutdown server with port 9872 now
2022-07-30 01:48:01,943 [Listener at 127.0.0.1/39159] INFO  server.GrpcService (GrpcService.java:closeImpl(278)) - om1: shutdown server with port 9872 successfully
2022-07-30 01:48:01,944 [org.apache.ratis.util.JvmPauseMonitor$$Lambda$615/1033062816@5b26d717] INFO  util.JvmPauseMonitor (JvmPauseMonitor.java:run(109)) - JvmPauseMonitor-om1: Stopped
2022-07-30 01:48:01,944 [Listener at 127.0.0.1/39159] INFO  ratis.OzoneManagerStateMachine (OzoneManagerStateMachine.java:close(495)) - StateMachine has shutdown. Shutdown OzoneManager if not already shutdown.
2022-07-30 01:48:01,945 [Listener at 127.0.0.1/39159] INFO  ratis.OzoneManagerDoubleBuffer (OzoneManagerDoubleBuffer.java:stop(478)) - OMDoubleBuffer flush thread is not running.
2022-07-30 01:48:01,945 [Listener at 127.0.0.1/39159] INFO  utils.BackgroundService (BackgroundService.java:shutdown(141)) - Shutting down service KeyDeletingService
2022-07-30 01:48:01,945 [Listener at 127.0.0.1/39159] INFO  utils.BackgroundService (BackgroundService.java:shutdown(141)) - Shutting down service DirectoryDeletingService
2022-07-30 01:48:01,946 [Listener at 127.0.0.1/39159] INFO  utils.BackgroundService (BackgroundService.java:shutdown(141)) - Shutting down service OpenKeyCleanupService
2022-07-30 01:48:01,949 [Listener at 127.0.0.1/39159] INFO  handler.ContextHandler (ContextHandler.java:doStop(1153)) - Stopped o.e.j.w.WebAppContext@63098ef4{ozoneManager,/,null,STOPPED}{file:/home/runner/work/ozone/ozone/hadoop-ozone/integration-test/target/test-classes/webapps/ozoneManager}
2022-07-30 01:48:01,953 [Listener at 127.0.0.1/39159] INFO  server.AbstractConnector (AbstractConnector.java:doStop(381)) - Stopped ServerConnector@7fabe964{HTTP/1.1, (http/1.1)}{0.0.0.0:0}
2022-07-30 01:48:01,953 [Listener at 127.0.0.1/39159] INFO  server.session (HouseKeeper.java:stopScavenging(149)) - node0 Stopped scavenging
2022-07-30 01:48:01,954 [Listener at 127.0.0.1/39159] INFO  handler.ContextHandler (ContextHandler.java:doStop(1153)) - Stopped o.e.j.s.ServletContextHandler@8d70fd{static,/static,file:///home/runner/work/ozone/ozone/hadoop-ozone/integration-test/target/test-classes/webapps/static,STOPPED}
2022-07-30 01:48:01,954 [Listener at 127.0.0.1/39159] INFO  handler.ContextHandler (ContextHandler.java:doStop(1153)) - Stopped o.e.j.s.ServletContextHandler@1107df15{logs,/logs,file:///home/runner/work/ozone/ozone/hadoop-ozone/integration-test/target/log,STOPPED}
2022-07-30 01:48:01,956 [Trash Emptier] ERROR om.TrashPolicyOzone (TrashPolicyOzone.java:run(251)) - Error attempting to shutdown
java.lang.InterruptedException
	at java.util.concurrent.locks.AbstractQueuedSynchronizer$ConditionObject.awaitNanos(AbstractQueuedSynchronizer.java:2067)
	at java.util.concurrent.ThreadPoolExecutor.awaitTermination(ThreadPoolExecutor.java:1475)
	at org.apache.hadoop.ozone.om.TrashPolicyOzone$Emptier.run(TrashPolicyOzone.java:249)
	at java.lang.Thread.run(Thread.java:750)
2022-07-30 01:48:01,956 [Trash Emptier] ERROR util.ExitUtils (ExitUtils.java:terminate(133)) - Terminating with exit status -1: Thread[Trash Emptier,5,main] has thrown an uncaught exception
java.lang.UnsupportedOperationException: fs.getUri() not implemented in TrashOzoneFileSystem
	at org.apache.hadoop.ozone.om.TrashOzoneFileSystem.getUri(TrashOzoneFileSystem.java:126)
	at org.apache.hadoop.fs.FileSystem.close(FileSystem.java:2592)
	at org.apache.hadoop.ozone.om.TrashPolicyOzone$Emptier.run(TrashPolicyOzone.java:243)
	at java.lang.Thread.run(Thread.java:750)
2022-07-30 01:48:01,959 [Listener at 127.0.0.1/39159] INFO  ozone.MiniOzoneClusterImpl (MiniOzoneClusterImpl.java:stopDatanodes(522)) - Stopping the HddsDatanodes
2022-07-30 01:48:06,962 [Listener at 127.0.0.1/39159] INFO  ozoneimpl.OzoneContainer (OzoneContainer.java:stop(399)) - Attempting to stop container services.
2022-07-30 01:48:06,962 [ForkJoinPool.commonPool-worker-0] INFO  ozoneimpl.OzoneContainer (OzoneContainer.java:stop(399)) - Attempting to stop container services.
2022-07-30 01:48:06,967 [ForkJoinPool.commonPool-worker-0] INFO  server.RaftServer (RaftServerProxy.java:lambda$close$7(398)) - 2f82598e-6ad5-4b85-a1e1-fdafd308d280: close
2022-07-30 01:48:06,968 [ForkJoinPool.commonPool-worker-0] INFO  server.RaftServer$Division (RaftServerImpl.java:lambda$close$4(434)) - 2f82598e-6ad5-4b85-a1e1-fdafd308d280@group-82A1F304F3BA: shutdown
2022-07-30 01:48:06,968 [ForkJoinPool.commonPool-worker-0] INFO  util.JmxRegister (JmxRegister.java:unregister(73)) - Successfully un-registered JMX Bean with object name Ratis:service=RaftServer,group=group-82A1F304F3BA,id=2f82598e-6ad5-4b85-a1e1-fdafd308d280
2022-07-30 01:48:06,968 [ForkJoinPool.commonPool-worker-0] INFO  impl.RoleInfo (RoleInfo.java:shutdownFollowerState(110)) - 2f82598e-6ad5-4b85-a1e1-fdafd308d280: shutdown 2f82598e-6ad5-4b85-a1e1-fdafd308d280@group-82A1F304F3BA-FollowerState
2022-07-30 01:48:06,968 [ForkJoinPool.commonPool-worker-0] INFO  impl.StateMachineUpdater (StateMachineUpdater.java:stopAndJoin(153)) - 2f82598e-6ad5-4b85-a1e1-fdafd308d280@group-82A1F304F3BA-StateMachineUpdater: set stopIndex = 0
2022-07-30 01:48:06,968 [2f82598e-6ad5-4b85-a1e1-fdafd308d280@group-82A1F304F3BA-StateMachineUpdater] INFO  ratis.ContainerStateMachine (ContainerStateMachine.java:takeSnapshot(304)) - group-82A1F304F3BA: Taking a snapshot at:(t:5, i:0) file /home/runner/work/ozone/ozone/hadoop-ozone/integration-test/target/test-dir/MiniOzoneClusterImpl-4bb34576-a2e6-484c-bd4a-6e4bad1f8a8d/datanode-1/data/ratis/e7d2eecc-8f07-4db4-a1f6-82a1f304f3ba/sm/snapshot.5_0
2022-07-30 01:48:06,968 [2f82598e-6ad5-4b85-a1e1-fdafd308d280@group-82A1F304F3BA-FollowerState] INFO  impl.FollowerState (FollowerState.java:run(152)) - 2f82598e-6ad5-4b85-a1e1-fdafd308d280@group-82A1F304F3BA-FollowerState was interrupted
2022-07-30 01:48:06,973 [Listener at 127.0.0.1/39159] INFO  server.RaftServer (RaftServerProxy.java:lambda$close$7(398)) - 3b7c218c-5ec1-49c6-951e-2891968f85c7: close
2022-07-30 01:48:06,973 [Listener at 127.0.0.1/39159] INFO  server.RaftServer$Division (RaftServerImpl.java:lambda$close$4(434)) - 3b7c218c-5ec1-49c6-951e-2891968f85c7@group-82A1F304F3BA: shutdown
2022-07-30 01:48:06,974 [Listener at 127.0.0.1/39159] INFO  util.JmxRegister (JmxRegister.java:unregister(73)) - Successfully un-registered JMX Bean with object name Ratis:service=RaftServer,group=group-82A1F304F3BA,id=3b7c218c-5ec1-49c6-951e-2891968f85c7
2022-07-30 01:48:06,974 [Listener at 127.0.0.1/39159] INFO  impl.RoleInfo (RoleInfo.java:shutdownLeaderState(93)) - 3b7c218c-5ec1-49c6-951e-2891968f85c7: shutdown 3b7c218c-5ec1-49c6-951e-2891968f85c7@group-82A1F304F3BA-LeaderStateImpl
2022-07-30 01:48:06,974 [3b7c218c-5ec1-49c6-951e-2891968f85c7@group-82A1F304F3BA->2f82598e-6ad5-4b85-a1e1-fdafd308d280-GrpcLogAppender-LogAppenderDaemon] WARN  server.GrpcLogAppender (GrpcLogAppender.java:mayWait(171)) - 3b7c218c-5ec1-49c6-951e-2891968f85c7@group-82A1F304F3BA->2f82598e-6ad5-4b85-a1e1-fdafd308d280-GrpcLogAppender: Wait interrupted by java.lang.InterruptedException
2022-07-30 01:48:06,976 [grpc-default-executor-1] INFO  server.GrpcServerProtocolService (GrpcServerProtocolService.java:onCompleted(140)) - 2f82598e-6ad5-4b85-a1e1-fdafd308d280: Completed APPEND_ENTRIES, lastRequest: 3b7c218c-5ec1-49c6-951e-2891968f85c7->2f82598e-6ad5-4b85-a1e1-fdafd308d280#1-t5,previous=(t:0, i:0),leaderCommit=-1,initializing? true,entries: size=1, first=(t:5, i:0), CONFIGURATIONENTRY
2022-07-30 01:48:06,977 [Listener at 127.0.0.1/39159] INFO  impl.PendingRequests (PendingRequests.java:sendNotLeaderResponses(282)) - 3b7c218c-5ec1-49c6-951e-2891968f85c7@group-82A1F304F3BA-PendingRequests: sendNotLeaderResponses
2022-07-30 01:48:06,978 [3b7c218c-5ec1-49c6-951e-2891968f85c7@group-82A1F304F3BA-StateMachineUpdater] INFO  ratis.ContainerStateMachine (ContainerStateMachine.java:takeSnapshot(304)) - group-82A1F304F3BA: Taking a snapshot at:(t:5, i:0) file /home/runner/work/ozone/ozone/hadoop-ozone/integration-test/target/test-dir/MiniOzoneClusterImpl-4bb34576-a2e6-484c-bd4a-6e4bad1f8a8d/datanode-2/data/ratis/e7d2eecc-8f07-4db4-a1f6-82a1f304f3ba/sm/snapshot.5_0
2022-07-30 01:48:06,978 [Listener at 127.0.0.1/39159] INFO  impl.StateMachineUpdater (StateMachineUpdater.java:stopAndJoin(153)) - 3b7c218c-5ec1-49c6-951e-2891968f85c7@group-82A1F304F3BA-StateMachineUpdater: set stopIndex = 0
2022-07-30 01:48:06,976 [grpc-default-executor-3] INFO  server.GrpcLogAppender (GrpcLogAppender.java:onCompleted(339)) - 3b7c218c-5ec1-49c6-951e-2891968f85c7@group-82A1F304F3BA->2f82598e-6ad5-4b85-a1e1-fdafd308d280-AppendLogResponseHandler: follower responses appendEntries COMPLETED
2022-07-30 01:48:06,983 [grpc-default-executor-3] INFO  leader.FollowerInfo (FollowerInfoImpl.java:lambda$new$0(48)) - 3b7c218c-5ec1-49c6-951e-2891968f85c7@group-82A1F304F3BA->2f82598e-6ad5-4b85-a1e1-fdafd308d280: nextIndex: updateUnconditionally 1 -> 0
2022-07-30 01:48:06,988 [3b7c218c-5ec1-49c6-951e-2891968f85c7@group-82A1F304F3BA->6021f7c2-427d-4cd8-a216-b0a112acbfad-GrpcLogAppender-LogAppenderDaemon] WARN  server.GrpcLogAppender (GrpcLogAppender.java:mayWait(171)) - 3b7c218c-5ec1-49c6-951e-2891968f85c7@group-82A1F304F3BA->6021f7c2-427d-4cd8-a216-b0a112acbfad-GrpcLogAppender: Wait interrupted by java.lang.InterruptedException
2022-07-30 01:48:06,989 [grpc-default-executor-3] INFO  server.GrpcServerProtocolService (GrpcServerProtocolService.java:onCompleted(140)) - 6021f7c2-427d-4cd8-a216-b0a112acbfad: Completed APPEND_ENTRIES, lastRequest: 3b7c218c-5ec1-49c6-951e-2891968f85c7->6021f7c2-427d-4cd8-a216-b0a112acbfad#1-t5,previous=(t:0, i:0),leaderCommit=0,initializing? true,entries: size=1, first=(t:5, i:0), CONFIGURATIONENTRY
2022-07-30 01:48:06,991 [grpc-default-executor-1] INFO  server.GrpcLogAppender (GrpcLogAppender.java:onCompleted(339)) - 3b7c218c-5ec1-49c6-951e-2891968f85c7@group-82A1F304F3BA->6021f7c2-427d-4cd8-a216-b0a112acbfad-AppendLogResponseHandler: follower responses appendEntries COMPLETED
2022-07-30 01:48:06,991 [grpc-default-executor-1] INFO  leader.FollowerInfo (FollowerInfoImpl.java:lambda$new$0(48)) - 3b7c218c-5ec1-49c6-951e-2891968f85c7@group-82A1F304F3BA->6021f7c2-427d-4cd8-a216-b0a112acbfad: nextIndex: updateUnconditionally 1 -> 0
2022-07-30 01:48:07,005 [2f82598e-6ad5-4b85-a1e1-fdafd308d280@group-82A1F304F3BA-StateMachineUpdater] INFO  ratis.ContainerStateMachine (ContainerStateMachine.java:takeSnapshot(315)) - group-82A1F304F3BA: Finished taking a snapshot at:(t:5, i:0) file:/home/runner/work/ozone/ozone/hadoop-ozone/integration-test/target/test-dir/MiniOzoneClusterImpl-4bb34576-a2e6-484c-bd4a-6e4bad1f8a8d/datanode-1/data/ratis/e7d2eecc-8f07-4db4-a1f6-82a1f304f3ba/sm/snapshot.5_0 took: 36 ms
2022-07-30 01:48:07,005 [3b7c218c-5ec1-49c6-951e-2891968f85c7@group-82A1F304F3BA-StateMachineUpdater] INFO  ratis.ContainerStateMachine (ContainerStateMachine.java:takeSnapshot(315)) - group-82A1F304F3BA: Finished taking a snapshot at:(t:5, i:0) file:/home/runner/work/ozone/ozone/hadoop-ozone/integration-test/target/test-dir/MiniOzoneClusterImpl-4bb34576-a2e6-484c-bd4a-6e4bad1f8a8d/datanode-2/data/ratis/e7d2eecc-8f07-4db4-a1f6-82a1f304f3ba/sm/snapshot.5_0 took: 27 ms
2022-07-30 01:48:07,006 [2f82598e-6ad5-4b85-a1e1-fdafd308d280@group-82A1F304F3BA-StateMachineUpdater] INFO  impl.StateMachineUpdater (StateMachineUpdater.java:takeSnapshot(287)) - 2f82598e-6ad5-4b85-a1e1-fdafd308d280@group-82A1F304F3BA-StateMachineUpdater: Took a snapshot at index 0
2022-07-30 01:48:07,006 [3b7c218c-5ec1-49c6-951e-2891968f85c7@group-82A1F304F3BA-StateMachineUpdater] INFO  impl.StateMachineUpdater (StateMachineUpdater.java:takeSnapshot(287)) - 3b7c218c-5ec1-49c6-951e-2891968f85c7@group-82A1F304F3BA-StateMachineUpdater: Took a snapshot at index 0
2022-07-30 01:48:07,006 [2f82598e-6ad5-4b85-a1e1-fdafd308d280@group-82A1F304F3BA-StateMachineUpdater] INFO  impl.StateMachineUpdater (StateMachineUpdater.java:lambda$new$0(92)) - 2f82598e-6ad5-4b85-a1e1-fdafd308d280@group-82A1F304F3BA-StateMachineUpdater: snapshotIndex: updateIncreasingly -1 -> 0
2022-07-30 01:48:07,006 [3b7c218c-5ec1-49c6-951e-2891968f85c7@group-82A1F304F3BA-StateMachineUpdater] INFO  impl.StateMachineUpdater (StateMachineUpdater.java:lambda$new$0(92)) - 3b7c218c-5ec1-49c6-951e-2891968f85c7@group-82A1F304F3BA-StateMachineUpdater: snapshotIndex: updateIncreasingly -1 -> 0
2022-07-30 01:48:07,011 [ForkJoinPool.commonPool-worker-0] INFO  server.RaftServer$Division (ServerState.java:close(429)) - 2f82598e-6ad5-4b85-a1e1-fdafd308d280@group-82A1F304F3BA: closes. applyIndex: 0
2022-07-30 01:48:07,011 [Listener at 127.0.0.1/39159] INFO  server.RaftServer$Division (ServerState.java:close(429)) - 3b7c218c-5ec1-49c6-951e-2891968f85c7@group-82A1F304F3BA: closes. applyIndex: 0
2022-07-30 01:48:07,011 [2f82598e-6ad5-4b85-a1e1-fdafd308d280@group-82A1F304F3BA-SegmentedRaftLogWorker] INFO  segmented.SegmentedRaftLogWorker (SegmentedRaftLogWorker.java:run(336)) - 2f82598e-6ad5-4b85-a1e1-fdafd308d280@group-82A1F304F3BA-SegmentedRaftLogWorker was interrupted, exiting. There are 0 tasks remaining in the queue.
2022-07-30 01:48:07,011 [3b7c218c-5ec1-49c6-951e-2891968f85c7@group-82A1F304F3BA-SegmentedRaftLogWorker] INFO  segmented.SegmentedRaftLogWorker (SegmentedRaftLogWorker.java:run(336)) - 3b7c218c-5ec1-49c6-951e-2891968f85c7@group-82A1F304F3BA-SegmentedRaftLogWorker was interrupted, exiting. There are 0 tasks remaining in the queue.
2022-07-30 01:48:07,012 [ForkJoinPool.commonPool-worker-0] INFO  segmented.SegmentedRaftLogWorker (SegmentedRaftLogWorker.java:close(246)) - 2f82598e-6ad5-4b85-a1e1-fdafd308d280@group-82A1F304F3BA-SegmentedRaftLogWorker close()
2022-07-30 01:48:07,013 [Listener at 127.0.0.1/39159] INFO  segmented.SegmentedRaftLogWorker (SegmentedRaftLogWorker.java:close(246)) - 3b7c218c-5ec1-49c6-951e-2891968f85c7@group-82A1F304F3BA-SegmentedRaftLogWorker close()
2022-07-30 01:48:07,014 [Listener at 127.0.0.1/39159] INFO  server.RaftServer$Division (RaftServerImpl.java:lambda$close$4(434)) - 3b7c218c-5ec1-49c6-951e-2891968f85c7@group-BF03BD903E3B: shutdown
2022-07-30 01:48:07,014 [Listener at 127.0.0.1/39159] INFO  util.JmxRegister (JmxRegister.java:unregister(73)) - Successfully un-registered JMX Bean with object name Ratis:service=RaftServer,group=group-BF03BD903E3B,id=3b7c218c-5ec1-49c6-951e-2891968f85c7
2022-07-30 01:48:07,014 [Listener at 127.0.0.1/39159] INFO  impl.RoleInfo (RoleInfo.java:shutdownFollowerState(110)) - 3b7c218c-5ec1-49c6-951e-2891968f85c7: shutdown 3b7c218c-5ec1-49c6-951e-2891968f85c7@group-BF03BD903E3B-FollowerState
2022-07-30 01:48:07,014 [Listener at 127.0.0.1/39159] INFO  impl.StateMachineUpdater (StateMachineUpdater.java:stopAndJoin(153)) - 3b7c218c-5ec1-49c6-951e-2891968f85c7@group-BF03BD903E3B-StateMachineUpdater: set stopIndex = 31
2022-07-30 01:48:07,014 [3b7c218c-5ec1-49c6-951e-2891968f85c7@group-BF03BD903E3B-StateMachineUpdater] INFO  ratis.ContainerStateMachine (ContainerStateMachine.java:takeSnapshot(304)) - group-BF03BD903E3B: Taking a snapshot at:(t:2, i:31) file /home/runner/work/ozone/ozone/hadoop-ozone/integration-test/target/test-dir/MiniOzoneClusterImpl-4bb34576-a2e6-484c-bd4a-6e4bad1f8a8d/datanode-2/data/ratis/55cb4280-88ef-4f3e-a094-bf03bd903e3b/sm/snapshot.2_31
2022-07-30 01:48:07,015 [3b7c218c-5ec1-49c6-951e-2891968f85c7@group-BF03BD903E3B-FollowerState] INFO  impl.FollowerState (FollowerState.java:run(152)) - 3b7c218c-5ec1-49c6-951e-2891968f85c7@group-BF03BD903E3B-FollowerState was interrupted
2022-07-30 01:48:07,015 [ForkJoinPool.commonPool-worker-0] INFO  server.RaftServer$Division (RaftServerImpl.java:lambda$close$4(434)) - 2f82598e-6ad5-4b85-a1e1-fdafd308d280@group-49C41CBD19AB: shutdown
2022-07-30 01:48:07,015 [ForkJoinPool.commonPool-worker-0] INFO  util.JmxRegister (JmxRegister.java:unregister(73)) - Successfully un-registered JMX Bean with object name Ratis:service=RaftServer,group=group-49C41CBD19AB,id=2f82598e-6ad5-4b85-a1e1-fdafd308d280
2022-07-30 01:48:07,015 [ForkJoinPool.commonPool-worker-0] INFO  impl.RoleInfo (RoleInfo.java:shutdownLeaderState(93)) - 2f82598e-6ad5-4b85-a1e1-fdafd308d280: shutdown 2f82598e-6ad5-4b85-a1e1-fdafd308d280@group-49C41CBD19AB-LeaderStateImpl
2022-07-30 01:48:07,015 [ForkJoinPool.commonPool-worker-0] INFO  impl.PendingRequests (PendingRequests.java:sendNotLeaderResponses(282)) - 2f82598e-6ad5-4b85-a1e1-fdafd308d280@group-49C41CBD19AB-PendingRequests: sendNotLeaderResponses
2022-07-30 01:48:07,016 [ForkJoinPool.commonPool-worker-0] INFO  impl.StateMachineUpdater (StateMachineUpdater.java:stopAndJoin(153)) - 2f82598e-6ad5-4b85-a1e1-fdafd308d280@group-49C41CBD19AB-StateMachineUpdater: set stopIndex = 0
2022-07-30 01:48:07,018 [2f82598e-6ad5-4b85-a1e1-fdafd308d280@group-49C41CBD19AB-StateMachineUpdater] INFO  ratis.ContainerStateMachine (ContainerStateMachine.java:takeSnapshot(304)) - group-49C41CBD19AB: Taking a snapshot at:(t:1, i:0) file /home/runner/work/ozone/ozone/hadoop-ozone/integration-test/target/test-dir/MiniOzoneClusterImpl-4bb34576-a2e6-484c-bd4a-6e4bad1f8a8d/datanode-1/data/ratis/27e2b228-8fc8-4fc3-8f35-49c41cbd19ab/sm/snapshot.1_0
2022-07-30 01:48:07,020 [2f82598e-6ad5-4b85-a1e1-fdafd308d280@group-49C41CBD19AB-StateMachineUpdater] INFO  ratis.ContainerStateMachine (ContainerStateMachine.java:takeSnapshot(315)) - group-49C41CBD19AB: Finished taking a snapshot at:(t:1, i:0) file:/home/runner/work/ozone/ozone/hadoop-ozone/integration-test/target/test-dir/MiniOzoneClusterImpl-4bb34576-a2e6-484c-bd4a-6e4bad1f8a8d/datanode-1/data/ratis/27e2b228-8fc8-4fc3-8f35-49c41cbd19ab/sm/snapshot.1_0 took: 2 ms
2022-07-30 01:48:07,020 [3b7c218c-5ec1-49c6-951e-2891968f85c7@group-BF03BD903E3B-StateMachineUpdater] INFO  ratis.ContainerStateMachine (ContainerStateMachine.java:takeSnapshot(315)) - group-BF03BD903E3B: Finished taking a snapshot at:(t:2, i:31) file:/home/runner/work/ozone/ozone/hadoop-ozone/integration-test/target/test-dir/MiniOzoneClusterImpl-4bb34576-a2e6-484c-bd4a-6e4bad1f8a8d/datanode-2/data/ratis/55cb4280-88ef-4f3e-a094-bf03bd903e3b/sm/snapshot.2_31 took: 6 ms
2022-07-30 01:48:07,021 [2f82598e-6ad5-4b85-a1e1-fdafd308d280@group-49C41CBD19AB-StateMachineUpdater] INFO  impl.StateMachineUpdater (StateMachineUpdater.java:takeSnapshot(287)) - 2f82598e-6ad5-4b85-a1e1-fdafd308d280@group-49C41CBD19AB-StateMachineUpdater: Took a snapshot at index 0
2022-07-30 01:48:07,021 [2f82598e-6ad5-4b85-a1e1-fdafd308d280@group-49C41CBD19AB-StateMachineUpdater] INFO  impl.StateMachineUpdater (StateMachineUpdater.java:lambda$new$0(92)) - 2f82598e-6ad5-4b85-a1e1-fdafd308d280@group-49C41CBD19AB-StateMachineUpdater: snapshotIndex: updateIncreasingly -1 -> 0
2022-07-30 01:48:07,021 [3b7c218c-5ec1-49c6-951e-2891968f85c7@group-BF03BD903E3B-StateMachineUpdater] INFO  impl.StateMachineUpdater (StateMachineUpdater.java:takeSnapshot(287)) - 3b7c218c-5ec1-49c6-951e-2891968f85c7@group-BF03BD903E3B-StateMachineUpdater: Took a snapshot at index 31
2022-07-30 01:48:07,021 [3b7c218c-5ec1-49c6-951e-2891968f85c7@group-BF03BD903E3B-StateMachineUpdater] INFO  impl.StateMachineUpdater (StateMachineUpdater.java:lambda$new$0(92)) - 3b7c218c-5ec1-49c6-951e-2891968f85c7@group-BF03BD903E3B-StateMachineUpdater: snapshotIndex: updateIncreasingly -1 -> 31
2022-07-30 01:48:07,021 [ForkJoinPool.commonPool-worker-0] INFO  server.RaftServer$Division (ServerState.java:close(429)) - 2f82598e-6ad5-4b85-a1e1-fdafd308d280@group-49C41CBD19AB: closes. applyIndex: 0
2022-07-30 01:48:07,021 [2f82598e-6ad5-4b85-a1e1-fdafd308d280@group-49C41CBD19AB-SegmentedRaftLogWorker] INFO  segmented.SegmentedRaftLogWorker (SegmentedRaftLogWorker.java:run(336)) - 2f82598e-6ad5-4b85-a1e1-fdafd308d280@group-49C41CBD19AB-SegmentedRaftLogWorker was interrupted, exiting. There are 0 tasks remaining in the queue.
2022-07-30 01:48:07,022 [ForkJoinPool.commonPool-worker-0] INFO  segmented.SegmentedRaftLogWorker (SegmentedRaftLogWorker.java:close(246)) - 2f82598e-6ad5-4b85-a1e1-fdafd308d280@group-49C41CBD19AB-SegmentedRaftLogWorker close()
2022-07-30 01:48:07,023 [ForkJoinPool.commonPool-worker-0] INFO  server.RaftServer$Division (RaftServerImpl.java:lambda$close$4(434)) - 2f82598e-6ad5-4b85-a1e1-fdafd308d280@group-BF03BD903E3B: shutdown
2022-07-30 01:48:07,023 [ForkJoinPool.commonPool-worker-0] INFO  util.JmxRegister (JmxRegister.java:unregister(73)) - Successfully un-registered JMX Bean with object name Ratis:service=RaftServer,group=group-BF03BD903E3B,id=2f82598e-6ad5-4b85-a1e1-fdafd308d280
2022-07-30 01:48:07,023 [ForkJoinPool.commonPool-worker-0] INFO  impl.RoleInfo (RoleInfo.java:shutdownFollowerState(110)) - 2f82598e-6ad5-4b85-a1e1-fdafd308d280: shutdown 2f82598e-6ad5-4b85-a1e1-fdafd308d280@group-BF03BD903E3B-FollowerState
2022-07-30 01:48:07,023 [ForkJoinPool.commonPool-worker-0] INFO  impl.StateMachineUpdater (StateMachineUpdater.java:stopAndJoin(153)) - 2f82598e-6ad5-4b85-a1e1-fdafd308d280@group-BF03BD903E3B-StateMachineUpdater: set stopIndex = 31
2022-07-30 01:48:07,023 [2f82598e-6ad5-4b85-a1e1-fdafd308d280@group-BF03BD903E3B-StateMachineUpdater] INFO  ratis.ContainerStateMachine (ContainerStateMachine.java:takeSnapshot(304)) - group-BF03BD903E3B: Taking a snapshot at:(t:2, i:31) file /home/runner/work/ozone/ozone/hadoop-ozone/integration-test/target/test-dir/MiniOzoneClusterImpl-4bb34576-a2e6-484c-bd4a-6e4bad1f8a8d/datanode-1/data/ratis/55cb4280-88ef-4f3e-a094-bf03bd903e3b/sm/snapshot.2_31
2022-07-30 01:48:07,023 [2f82598e-6ad5-4b85-a1e1-fdafd308d280@group-BF03BD903E3B-FollowerState] INFO  impl.FollowerState (FollowerState.java:run(152)) - 2f82598e-6ad5-4b85-a1e1-fdafd308d280@group-BF03BD903E3B-FollowerState was interrupted
2022-07-30 01:48:07,024 [Listener at 127.0.0.1/39159] INFO  server.RaftServer$Division (ServerState.java:close(429)) - 3b7c218c-5ec1-49c6-951e-2891968f85c7@group-BF03BD903E3B: closes. applyIndex: 31
2022-07-30 01:48:07,024 [3b7c218c-5ec1-49c6-951e-2891968f85c7@group-BF03BD903E3B-SegmentedRaftLogWorker] INFO  segmented.SegmentedRaftLogWorker (SegmentedRaftLogWorker.java:run(336)) - 3b7c218c-5ec1-49c6-951e-2891968f85c7@group-BF03BD903E3B-SegmentedRaftLogWorker was interrupted, exiting. There are 0 tasks remaining in the queue.
2022-07-30 01:48:07,025 [Listener at 127.0.0.1/39159] INFO  segmented.SegmentedRaftLogWorker (SegmentedRaftLogWorker.java:close(246)) - 3b7c218c-5ec1-49c6-951e-2891968f85c7@group-BF03BD903E3B-SegmentedRaftLogWorker close()
2022-07-30 01:48:07,026 [Listener at 127.0.0.1/39159] INFO  server.RaftServer$Division (RaftServerImpl.java:lambda$close$4(434)) - 3b7c218c-5ec1-49c6-951e-2891968f85c7@group-FA5CD32714B5: shutdown
2022-07-30 01:48:07,026 [Listener at 127.0.0.1/39159] INFO  util.JmxRegister (JmxRegister.java:unregister(73)) - Successfully un-registered JMX Bean with object name Ratis:service=RaftServer,group=group-FA5CD32714B5,id=3b7c218c-5ec1-49c6-951e-2891968f85c7
2022-07-30 01:48:07,026 [Listener at 127.0.0.1/39159] INFO  impl.RoleInfo (RoleInfo.java:shutdownLeaderState(93)) - 3b7c218c-5ec1-49c6-951e-2891968f85c7: shutdown 3b7c218c-5ec1-49c6-951e-2891968f85c7@group-FA5CD32714B5-LeaderStateImpl
2022-07-30 01:48:07,026 [Listener at 127.0.0.1/39159] INFO  impl.PendingRequests (PendingRequests.java:sendNotLeaderResponses(282)) - 3b7c218c-5ec1-49c6-951e-2891968f85c7@group-FA5CD32714B5-PendingRequests: sendNotLeaderResponses
2022-07-30 01:48:07,027 [2f82598e-6ad5-4b85-a1e1-fdafd308d280@group-BF03BD903E3B-StateMachineUpdater] INFO  ratis.ContainerStateMachine (ContainerStateMachine.java:takeSnapshot(315)) - group-BF03BD903E3B: Finished taking a snapshot at:(t:2, i:31) file:/home/runner/work/ozone/ozone/hadoop-ozone/integration-test/target/test-dir/MiniOzoneClusterImpl-4bb34576-a2e6-484c-bd4a-6e4bad1f8a8d/datanode-1/data/ratis/55cb4280-88ef-4f3e-a094-bf03bd903e3b/sm/snapshot.2_31 took: 4 ms
2022-07-30 01:48:07,027 [2f82598e-6ad5-4b85-a1e1-fdafd308d280@group-BF03BD903E3B-StateMachineUpdater] INFO  impl.StateMachineUpdater (StateMachineUpdater.java:takeSnapshot(287)) - 2f82598e-6ad5-4b85-a1e1-fdafd308d280@group-BF03BD903E3B-StateMachineUpdater: Took a snapshot at index 31
2022-07-30 01:48:07,027 [2f82598e-6ad5-4b85-a1e1-fdafd308d280@group-BF03BD903E3B-StateMachineUpdater] INFO  impl.StateMachineUpdater (StateMachineUpdater.java:lambda$new$0(92)) - 2f82598e-6ad5-4b85-a1e1-fdafd308d280@group-BF03BD903E3B-StateMachineUpdater: snapshotIndex: updateIncreasingly -1 -> 31
2022-07-30 01:48:07,028 [ForkJoinPool.commonPool-worker-0] INFO  server.RaftServer$Division (ServerState.java:close(429)) - 2f82598e-6ad5-4b85-a1e1-fdafd308d280@group-BF03BD903E3B: closes. applyIndex: 31
2022-07-30 01:48:07,029 [2f82598e-6ad5-4b85-a1e1-fdafd308d280@group-BF03BD903E3B-SegmentedRaftLogWorker] INFO  segmented.SegmentedRaftLogWorker (SegmentedRaftLogWorker.java:run(336)) - 2f82598e-6ad5-4b85-a1e1-fdafd308d280@group-BF03BD903E3B-SegmentedRaftLogWorker was interrupted, exiting. There are 0 tasks remaining in the queue.
2022-07-30 01:48:07,029 [Listener at 127.0.0.1/39159] INFO  impl.StateMachineUpdater (StateMachineUpdater.java:stopAndJoin(153)) - 3b7c218c-5ec1-49c6-951e-2891968f85c7@group-FA5CD32714B5-StateMachineUpdater: set stopIndex = 0
2022-07-30 01:48:07,029 [3b7c218c-5ec1-49c6-951e-2891968f85c7@group-FA5CD32714B5-StateMachineUpdater] INFO  ratis.ContainerStateMachine (ContainerStateMachine.java:takeSnapshot(304)) - group-FA5CD32714B5: Taking a snapshot at:(t:1, i:0) file /home/runner/work/ozone/ozone/hadoop-ozone/integration-test/target/test-dir/MiniOzoneClusterImpl-4bb34576-a2e6-484c-bd4a-6e4bad1f8a8d/datanode-2/data/ratis/bb4dd93e-fe79-48ff-8267-fa5cd32714b5/sm/snapshot.1_0
2022-07-30 01:48:07,031 [ForkJoinPool.commonPool-worker-0] INFO  segmented.SegmentedRaftLogWorker (SegmentedRaftLogWorker.java:close(246)) - 2f82598e-6ad5-4b85-a1e1-fdafd308d280@group-BF03BD903E3B-SegmentedRaftLogWorker close()
2022-07-30 01:48:07,035 [ForkJoinPool.commonPool-worker-0] INFO  server.GrpcService (GrpcService.java:closeImpl(269)) - 2f82598e-6ad5-4b85-a1e1-fdafd308d280: shutdown server with port 45671 now
2022-07-30 01:48:07,036 [3b7c218c-5ec1-49c6-951e-2891968f85c7@group-FA5CD32714B5-StateMachineUpdater] INFO  ratis.ContainerStateMachine (ContainerStateMachine.java:takeSnapshot(315)) - group-FA5CD32714B5: Finished taking a snapshot at:(t:1, i:0) file:/home/runner/work/ozone/ozone/hadoop-ozone/integration-test/target/test-dir/MiniOzoneClusterImpl-4bb34576-a2e6-484c-bd4a-6e4bad1f8a8d/datanode-2/data/ratis/bb4dd93e-fe79-48ff-8267-fa5cd32714b5/sm/snapshot.1_0 took: 6 ms
2022-07-30 01:48:07,036 [3b7c218c-5ec1-49c6-951e-2891968f85c7@group-FA5CD32714B5-StateMachineUpdater] INFO  impl.StateMachineUpdater (StateMachineUpdater.java:takeSnapshot(287)) - 3b7c218c-5ec1-49c6-951e-2891968f85c7@group-FA5CD32714B5-StateMachineUpdater: Took a snapshot at index 0
2022-07-30 01:48:07,036 [3b7c218c-5ec1-49c6-951e-2891968f85c7@group-FA5CD32714B5-StateMachineUpdater] INFO  impl.StateMachineUpdater (StateMachineUpdater.java:lambda$new$0(92)) - 3b7c218c-5ec1-49c6-951e-2891968f85c7@group-FA5CD32714B5-StateMachineUpdater: snapshotIndex: updateIncreasingly -1 -> 0
2022-07-30 01:48:07,036 [Listener at 127.0.0.1/39159] INFO  server.RaftServer$Division (ServerState.java:close(429)) - 3b7c218c-5ec1-49c6-951e-2891968f85c7@group-FA5CD32714B5: closes. applyIndex: 0
2022-07-30 01:48:07,042 [3b7c218c-5ec1-49c6-951e-2891968f85c7@group-FA5CD32714B5-SegmentedRaftLogWorker] INFO  segmented.SegmentedRaftLogWorker (SegmentedRaftLogWorker.java:run(336)) - 3b7c218c-5ec1-49c6-951e-2891968f85c7@group-FA5CD32714B5-SegmentedRaftLogWorker was interrupted, exiting. There are 0 tasks remaining in the queue.
2022-07-30 01:48:07,043 [Listener at 127.0.0.1/39159] INFO  segmented.SegmentedRaftLogWorker (SegmentedRaftLogWorker.java:close(246)) - 3b7c218c-5ec1-49c6-951e-2891968f85c7@group-FA5CD32714B5-SegmentedRaftLogWorker close()
2022-07-30 01:48:07,046 [grpc-default-executor-3] WARN  server.GrpcServerProtocolService (LogUtils.java:warn(122)) - 2f82598e-6ad5-4b85-a1e1-fdafd308d280: installSnapshot onError, lastRequest: 6021f7c2-427d-4cd8-a216-b0a112acbfad->2f82598e-6ad5-4b85-a1e1-fdafd308d280#525-t2,previous=(t:2, i:30),leaderCommit=29,initializing? true,entries: size=1, first=(t:2, i:31), METADATAENTRY(c:29): org.apache.ratis.thirdparty.io.grpc.StatusRuntimeException: CANCELLED: client cancelled
2022-07-30 01:48:07,050 [Listener at 127.0.0.1/39159] INFO  server.GrpcService (GrpcService.java:closeImpl(269)) - 3b7c218c-5ec1-49c6-951e-2891968f85c7: shutdown server with port 34587 now
2022-07-30 01:48:07,052 [grpc-default-executor-3] WARN  server.GrpcLogAppender (LogUtils.java:warn(122)) - 6021f7c2-427d-4cd8-a216-b0a112acbfad@group-BF03BD903E3B->2f82598e-6ad5-4b85-a1e1-fdafd308d280-AppendLogResponseHandler: Failed appendEntries: org.apache.ratis.thirdparty.io.grpc.StatusRuntimeException: CANCELLED: RST_STREAM closed stream. HTTP/2 error code: CANCEL
2022-07-30 01:48:07,053 [grpc-default-executor-3] INFO  leader.FollowerInfo (FollowerInfoImpl.java:lambda$new$0(48)) - 6021f7c2-427d-4cd8-a216-b0a112acbfad@group-BF03BD903E3B->2f82598e-6ad5-4b85-a1e1-fdafd308d280: nextIndex: updateUnconditionally 32 -> 31
2022-07-30 01:48:07,059 [grpc-default-executor-3] WARN  server.GrpcServerProtocolService (LogUtils.java:warn(122)) - 3b7c218c-5ec1-49c6-951e-2891968f85c7: installSnapshot onError, lastRequest: 6021f7c2-427d-4cd8-a216-b0a112acbfad->3b7c218c-5ec1-49c6-951e-2891968f85c7#525-t2,previous=(t:2, i:30),leaderCommit=29,initializing? true,entries: size=1, first=(t:2, i:31), METADATAENTRY(c:29): org.apache.ratis.thirdparty.io.grpc.StatusRuntimeException: CANCELLED: client cancelled
2022-07-30 01:48:07,061 [grpc-default-executor-3] WARN  server.GrpcLogAppender (LogUtils.java:warn(122)) - 6021f7c2-427d-4cd8-a216-b0a112acbfad@group-BF03BD903E3B->3b7c218c-5ec1-49c6-951e-2891968f85c7-AppendLogResponseHandler: Failed appendEntries: org.apache.ratis.thirdparty.io.grpc.StatusRuntimeException: CANCELLED: RST_STREAM closed stream. HTTP/2 error code: CANCEL
2022-07-30 01:48:07,062 [grpc-default-executor-3] INFO  leader.FollowerInfo (FollowerInfoImpl.java:lambda$new$0(48)) - 6021f7c2-427d-4cd8-a216-b0a112acbfad@group-BF03BD903E3B->3b7c218c-5ec1-49c6-951e-2891968f85c7: nextIndex: updateUnconditionally 32 -> 31
2022-07-30 01:48:07,064 [ForkJoinPool.commonPool-worker-0] INFO  server.GrpcService (GrpcService.java:closeImpl(278)) - 2f82598e-6ad5-4b85-a1e1-fdafd308d280: shutdown server with port 45671 successfully
2022-07-30 01:48:07,064 [org.apache.ratis.util.JvmPauseMonitor$$Lambda$615/1033062816@7c57728c] INFO  util.JvmPauseMonitor (JvmPauseMonitor.java:run(109)) - JvmPauseMonitor-2f82598e-6ad5-4b85-a1e1-fdafd308d280: Stopped
2022-07-30 01:48:07,070 [Listener at 127.0.0.1/39159] INFO  server.GrpcService (GrpcService.java:closeImpl(278)) - 3b7c218c-5ec1-49c6-951e-2891968f85c7: shutdown server with port 34587 successfully
2022-07-30 01:48:07,070 [org.apache.ratis.util.JvmPauseMonitor$$Lambda$615/1033062816@2e212b1d] INFO  util.JvmPauseMonitor (JvmPauseMonitor.java:run(109)) - JvmPauseMonitor-3b7c218c-5ec1-49c6-951e-2891968f85c7: Stopped
2022-07-30 01:48:07,083 [grpc-default-executor-1] WARN  server.GrpcLogAppender (LogUtils.java:warn(122)) - 6021f7c2-427d-4cd8-a216-b0a112acbfad@group-BF03BD903E3B->3b7c218c-5ec1-49c6-951e-2891968f85c7-AppendLogResponseHandler: Failed appendEntries: org.apache.ratis.thirdparty.io.grpc.StatusRuntimeException: UNAVAILABLE: io exception
2022-07-30 01:48:07,084 [grpc-default-executor-1] INFO  leader.FollowerInfo (FollowerInfoImpl.java:lambda$new$0(48)) - 6021f7c2-427d-4cd8-a216-b0a112acbfad@group-BF03BD903E3B->3b7c218c-5ec1-49c6-951e-2891968f85c7: nextIndex: updateUnconditionally 32 -> 31
2022-07-30 01:48:07,086 [grpc-default-executor-3] WARN  server.GrpcLogAppender (LogUtils.java:warn(122)) - 6021f7c2-427d-4cd8-a216-b0a112acbfad@group-BF03BD903E3B->2f82598e-6ad5-4b85-a1e1-fdafd308d280-AppendLogResponseHandler: Failed appendEntries: org.apache.ratis.thirdparty.io.grpc.StatusRuntimeException: UNAVAILABLE: io exception
2022-07-30 01:48:07,086 [grpc-default-executor-3] INFO  leader.FollowerInfo (FollowerInfoImpl.java:lambda$new$0(48)) - 6021f7c2-427d-4cd8-a216-b0a112acbfad@group-BF03BD903E3B->2f82598e-6ad5-4b85-a1e1-fdafd308d280: nextIndex: updateUnconditionally 32 -> 31
2022-07-30 01:48:07,524 [grpc-default-executor-3] WARN  server.GrpcLogAppender (LogUtils.java:warn(122)) - 6021f7c2-427d-4cd8-a216-b0a112acbfad@group-BF03BD903E3B->3b7c218c-5ec1-49c6-951e-2891968f85c7-AppendLogResponseHandler: Failed appendEntries: org.apache.ratis.thirdparty.io.grpc.StatusRuntimeException: UNAVAILABLE: io exception
2022-07-30 01:48:07,525 [grpc-default-executor-3] INFO  leader.FollowerInfo (FollowerInfoImpl.java:lambda$new$0(48)) - 6021f7c2-427d-4cd8-a216-b0a112acbfad@group-BF03BD903E3B->3b7c218c-5ec1-49c6-951e-2891968f85c7: nextIndex: updateUnconditionally 32 -> 31
2022-07-30 01:48:07,530 [grpc-default-executor-3] WARN  server.GrpcLogAppender (LogUtils.java:warn(122)) - 6021f7c2-427d-4cd8-a216-b0a112acbfad@group-BF03BD903E3B->2f82598e-6ad5-4b85-a1e1-fdafd308d280-AppendLogResponseHandler: Failed appendEntries: org.apache.ratis.thirdparty.io.grpc.StatusRuntimeException: UNAVAILABLE: io exception
2022-07-30 01:48:07,530 [grpc-default-executor-3] INFO  leader.FollowerInfo (FollowerInfoImpl.java:lambda$new$0(48)) - 6021f7c2-427d-4cd8-a216-b0a112acbfad@group-BF03BD903E3B->2f82598e-6ad5-4b85-a1e1-fdafd308d280: nextIndex: updateUnconditionally 32 -> 31
2022-07-30 01:48:08,775 [grpc-default-executor-3] WARN  server.GrpcLogAppender (LogUtils.java:warn(122)) - 6021f7c2-427d-4cd8-a216-b0a112acbfad@group-BF03BD903E3B->3b7c218c-5ec1-49c6-951e-2891968f85c7-AppendLogResponseHandler: Failed appendEntries: org.apache.ratis.thirdparty.io.grpc.StatusRuntimeException: UNAVAILABLE: io exception
2022-07-30 01:48:08,776 [grpc-default-executor-3] INFO  leader.FollowerInfo (FollowerInfoImpl.java:lambda$new$0(48)) - 6021f7c2-427d-4cd8-a216-b0a112acbfad@group-BF03BD903E3B->3b7c218c-5ec1-49c6-951e-2891968f85c7: nextIndex: updateUnconditionally 32 -> 31
2022-07-30 01:48:08,780 [grpc-default-executor-3] WARN  server.GrpcLogAppender (LogUtils.java:warn(122)) - 6021f7c2-427d-4cd8-a216-b0a112acbfad@group-BF03BD903E3B->2f82598e-6ad5-4b85-a1e1-fdafd308d280-AppendLogResponseHandler: Failed appendEntries: org.apache.ratis.thirdparty.io.grpc.StatusRuntimeException: UNAVAILABLE: io exception
2022-07-30 01:48:08,781 [grpc-default-executor-3] INFO  leader.FollowerInfo (FollowerInfoImpl.java:lambda$new$0(48)) - 6021f7c2-427d-4cd8-a216-b0a112acbfad@group-BF03BD903E3B->2f82598e-6ad5-4b85-a1e1-fdafd308d280: nextIndex: updateUnconditionally 32 -> 31
2022-07-30 01:48:09,113 [Listener at 127.0.0.1/39159] INFO  utils.BackgroundService (BackgroundService.java:shutdown(141)) - Shutting down service BlockDeletingService
2022-07-30 01:48:09,115 [ForkJoinPool.commonPool-worker-0] INFO  utils.BackgroundService (BackgroundService.java:shutdown(141)) - Shutting down service BlockDeletingService
2022-07-30 01:48:09,116 [ForkJoinPool.commonPool-worker-0] INFO  utils.BackgroundService (BackgroundService.java:shutdown(141)) - Shutting down service StaleRecoveringContainerScrubbingService
2022-07-30 01:48:09,117 [Listener at 127.0.0.1/39159] INFO  utils.BackgroundService (BackgroundService.java:shutdown(141)) - Shutting down service StaleRecoveringContainerScrubbingService
2022-07-30 01:48:10,026 [grpc-default-executor-3] WARN  server.GrpcLogAppender (LogUtils.java:warn(122)) - 6021f7c2-427d-4cd8-a216-b0a112acbfad@group-BF03BD903E3B->3b7c218c-5ec1-49c6-951e-2891968f85c7-AppendLogResponseHandler: Failed appendEntries: org.apache.ratis.thirdparty.io.grpc.StatusRuntimeException: UNAVAILABLE: io exception
2022-07-30 01:48:10,026 [grpc-default-executor-3] INFO  leader.FollowerInfo (FollowerInfoImpl.java:lambda$new$0(48)) - 6021f7c2-427d-4cd8-a216-b0a112acbfad@group-BF03BD903E3B->3b7c218c-5ec1-49c6-951e-2891968f85c7: nextIndex: updateUnconditionally 32 -> 31
2022-07-30 01:48:10,031 [grpc-default-executor-3] WARN  server.GrpcLogAppender (LogUtils.java:warn(122)) - 6021f7c2-427d-4cd8-a216-b0a112acbfad@group-BF03BD903E3B->2f82598e-6ad5-4b85-a1e1-fdafd308d280-AppendLogResponseHandler: Failed appendEntries: org.apache.ratis.thirdparty.io.grpc.StatusRuntimeException: UNAVAILABLE: io exception
2022-07-30 01:48:10,031 [grpc-default-executor-3] INFO  leader.FollowerInfo (FollowerInfoImpl.java:lambda$new$0(48)) - 6021f7c2-427d-4cd8-a216-b0a112acbfad@group-BF03BD903E3B->2f82598e-6ad5-4b85-a1e1-fdafd308d280: nextIndex: updateUnconditionally 32 -> 31
2022-07-30 01:48:10,970 [6021f7c2-427d-4cd8-a216-b0a112acbfad@group-BF03BD903E3B-LeaderStateImpl] WARN  server.RaftServer$Division (LeaderStateImpl.java:checkLeadership(1018)) - 6021f7c2-427d-4cd8-a216-b0a112acbfad@group-BF03BD903E3B-LeaderStateImpl: Lost leadership on term: 2. Election timeout: 5200ms. In charge for: 33210ms. Conf: 0: [2f82598e-6ad5-4b85-a1e1-fdafd308d280|rpc:10.1.0.37:45671|dataStream:|priority:0, 6021f7c2-427d-4cd8-a216-b0a112acbfad|rpc:10.1.0.37:41905|dataStream:|priority:1, 3b7c218c-5ec1-49c6-951e-2891968f85c7|rpc:10.1.0.37:34587|dataStream:|priority:0], old=null
2022-07-30 01:48:10,971 [6021f7c2-427d-4cd8-a216-b0a112acbfad@group-BF03BD903E3B-LeaderStateImpl] WARN  server.RaftServer$Division (LeaderStateImpl.java:lambda$checkLeadership$17(1022)) - Follower 6021f7c2-427d-4cd8-a216-b0a112acbfad@group-BF03BD903E3B->2f82598e-6ad5-4b85-a1e1-fdafd308d280(c31,m31,n31, attendVote=true, lastRpcSendTime=940, lastRpcResponseTime=5941)
2022-07-30 01:48:10,971 [6021f7c2-427d-4cd8-a216-b0a112acbfad@group-BF03BD903E3B-LeaderStateImpl] WARN  server.RaftServer$Division (LeaderStateImpl.java:lambda$checkLeadership$17(1022)) - Follower 6021f7c2-427d-4cd8-a216-b0a112acbfad@group-BF03BD903E3B->3b7c218c-5ec1-49c6-951e-2891968f85c7(c31,m31,n31, attendVote=true, lastRpcSendTime=945, lastRpcResponseTime=5948)
2022-07-30 01:48:10,971 [6021f7c2-427d-4cd8-a216-b0a112acbfad@group-BF03BD903E3B-LeaderStateImpl] INFO  server.RaftServer$Division (RaftServerImpl.java:setRole(299)) - 6021f7c2-427d-4cd8-a216-b0a112acbfad@group-BF03BD903E3B: changes role from    LEADER to FOLLOWER at term 2 for StepDownReason:LOST_MAJORITY_HEARTBEATS
2022-07-30 01:48:10,971 [6021f7c2-427d-4cd8-a216-b0a112acbfad@group-BF03BD903E3B-LeaderStateImpl] INFO  impl.RoleInfo (RoleInfo.java:shutdownLeaderState(93)) - 6021f7c2-427d-4cd8-a216-b0a112acbfad: shutdown 6021f7c2-427d-4cd8-a216-b0a112acbfad@group-BF03BD903E3B-LeaderStateImpl
2022-07-30 01:48:10,972 [6021f7c2-427d-4cd8-a216-b0a112acbfad@group-BF03BD903E3B->2f82598e-6ad5-4b85-a1e1-fdafd308d280-GrpcLogAppender-LogAppenderDaemon] WARN  server.GrpcLogAppender (GrpcLogAppender.java:mayWait(171)) - 6021f7c2-427d-4cd8-a216-b0a112acbfad@group-BF03BD903E3B->2f82598e-6ad5-4b85-a1e1-fdafd308d280-GrpcLogAppender: Wait interrupted by java.lang.InterruptedException
2022-07-30 01:48:10,972 [6021f7c2-427d-4cd8-a216-b0a112acbfad@group-BF03BD903E3B-LeaderStateImpl] INFO  impl.PendingRequests (PendingRequests.java:sendNotLeaderResponses(282)) - 6021f7c2-427d-4cd8-a216-b0a112acbfad@group-BF03BD903E3B-PendingRequests: sendNotLeaderResponses
2022-07-30 01:48:10,975 [6021f7c2-427d-4cd8-a216-b0a112acbfad@group-BF03BD903E3B->3b7c218c-5ec1-49c6-951e-2891968f85c7-GrpcLogAppender-LogAppenderDaemon] WARN  server.GrpcLogAppender (GrpcLogAppender.java:mayWait(171)) - 6021f7c2-427d-4cd8-a216-b0a112acbfad@group-BF03BD903E3B->3b7c218c-5ec1-49c6-951e-2891968f85c7-GrpcLogAppender: Wait interrupted by java.lang.InterruptedException
2022-07-30 01:48:10,976 [6021f7c2-427d-4cd8-a216-b0a112acbfad@group-BF03BD903E3B-LeaderStateImpl] INFO  impl.RoleInfo (RoleInfo.java:updateAndGet(139)) - 6021f7c2-427d-4cd8-a216-b0a112acbfad: start 6021f7c2-427d-4cd8-a216-b0a112acbfad@group-BF03BD903E3B-FollowerState
2022-07-30 01:48:12,127 [ForkJoinPool.commonPool-worker-0] INFO  statemachine.DatanodeStateMachine (DatanodeStateMachine.java:stopDaemon(580)) - Ozone container server stopped.
2022-07-30 01:48:12,134 [Listener at 127.0.0.1/39159] INFO  statemachine.DatanodeStateMachine (DatanodeStateMachine.java:stopDaemon(580)) - Ozone container server stopped.
2022-07-30 01:48:12,149 [Listener at 127.0.0.1/39159] INFO  handler.ContextHandler (ContextHandler.java:doStop(1153)) - Stopped o.e.j.w.WebAppContext@6abb34a5{hddsDatanode,/,null,STOPPED}{jar:file:/home/runner/.m2/repository/org/apache/ozone/hdds-container-service/1.3.0-SNAPSHOT/hdds-container-service-1.3.0-SNAPSHOT.jar!/webapps/hddsDatanode}
2022-07-30 01:48:12,150 [ForkJoinPool.commonPool-worker-0] INFO  handler.ContextHandler (ContextHandler.java:doStop(1153)) - Stopped o.e.j.w.WebAppContext@7edcebb7{hddsDatanode,/,null,STOPPED}{jar:file:/home/runner/.m2/repository/org/apache/ozone/hdds-container-service/1.3.0-SNAPSHOT/hdds-container-service-1.3.0-SNAPSHOT.jar!/webapps/hddsDatanode}
2022-07-30 01:48:12,151 [ForkJoinPool.commonPool-worker-0] INFO  server.AbstractConnector (AbstractConnector.java:doStop(381)) - Stopped ServerConnector@37e92213{HTTP/1.1, (http/1.1)}{0.0.0.0:0}
2022-07-30 01:48:12,152 [ForkJoinPool.commonPool-worker-0] INFO  server.session (HouseKeeper.java:stopScavenging(149)) - node0 Stopped scavenging
2022-07-30 01:48:12,153 [ForkJoinPool.commonPool-worker-0] INFO  handler.ContextHandler (ContextHandler.java:doStop(1153)) - Stopped o.e.j.s.ServletContextHandler@3b66175{static,/static,jar:file:/home/runner/.m2/repository/org/apache/ozone/hdds-container-service/1.3.0-SNAPSHOT/hdds-container-service-1.3.0-SNAPSHOT.jar!/webapps/static,STOPPED}
2022-07-30 01:48:12,154 [ForkJoinPool.commonPool-worker-0] INFO  handler.ContextHandler (ContextHandler.java:doStop(1153)) - Stopped o.e.j.s.ServletContextHandler@3e1ec8ed{logs,/logs,file:///home/runner/work/ozone/ozone/hadoop-ozone/integration-test/target/log,STOPPED}
2022-07-30 01:48:12,154 [Listener at 127.0.0.1/39159] INFO  server.AbstractConnector (AbstractConnector.java:doStop(381)) - Stopped ServerConnector@6cf87ba6{HTTP/1.1, (http/1.1)}{0.0.0.0:0}
2022-07-30 01:48:12,154 [Listener at 127.0.0.1/39159] INFO  server.session (HouseKeeper.java:stopScavenging(149)) - node0 Stopped scavenging
2022-07-30 01:48:12,155 [Listener at 127.0.0.1/39159] INFO  handler.ContextHandler (ContextHandler.java:doStop(1153)) - Stopped o.e.j.s.ServletContextHandler@1764625a{static,/static,jar:file:/home/runner/.m2/repository/org/apache/ozone/hdds-container-service/1.3.0-SNAPSHOT/hdds-container-service-1.3.0-SNAPSHOT.jar!/webapps/static,STOPPED}
2022-07-30 01:48:12,158 [Listener at 127.0.0.1/39159] INFO  handler.ContextHandler (ContextHandler.java:doStop(1153)) - Stopped o.e.j.s.ServletContextHandler@556ef86d{logs,/logs,file:///home/runner/work/ozone/ozone/hadoop-ozone/integration-test/target/log,STOPPED}
2022-07-30 01:48:12,948 [6021f7c2-427d-4cd8-a216-b0a112acbfad@group-82A1F304F3BA-FollowerState] INFO  impl.FollowerState (FollowerState.java:run(143)) - 6021f7c2-427d-4cd8-a216-b0a112acbfad@group-82A1F304F3BA-FollowerState: change to CANDIDATE, lastRpcElapsedTime:7923859492ns, electionTimeout:5040ms
2022-07-30 01:48:12,948 [6021f7c2-427d-4cd8-a216-b0a112acbfad@group-82A1F304F3BA-FollowerState] INFO  impl.RoleInfo (RoleInfo.java:shutdownFollowerState(110)) - 6021f7c2-427d-4cd8-a216-b0a112acbfad: shutdown 6021f7c2-427d-4cd8-a216-b0a112acbfad@group-82A1F304F3BA-FollowerState
2022-07-30 01:48:12,948 [6021f7c2-427d-4cd8-a216-b0a112acbfad@group-82A1F304F3BA-FollowerState] INFO  server.RaftServer$Division (RaftServerImpl.java:setRole(299)) - 6021f7c2-427d-4cd8-a216-b0a112acbfad@group-82A1F304F3BA: changes role from  FOLLOWER to CANDIDATE at term 5 for changeToCandidate
2022-07-30 01:48:12,948 [6021f7c2-427d-4cd8-a216-b0a112acbfad@group-82A1F304F3BA-FollowerState] INFO  server.RaftServerConfigKeys (ConfUtils.java:logGet(46)) - raft.server.leaderelection.pre-vote = false (custom)
2022-07-30 01:48:12,948 [6021f7c2-427d-4cd8-a216-b0a112acbfad@group-82A1F304F3BA-FollowerState] INFO  impl.RoleInfo (RoleInfo.java:updateAndGet(139)) - 6021f7c2-427d-4cd8-a216-b0a112acbfad: start 6021f7c2-427d-4cd8-a216-b0a112acbfad@group-82A1F304F3BA-LeaderElection15
2022-07-30 01:48:12,952 [6021f7c2-427d-4cd8-a216-b0a112acbfad@group-82A1F304F3BA-LeaderElection15] INFO  server.RaftServer$Division (ServerState.java:setLeader(287)) - 6021f7c2-427d-4cd8-a216-b0a112acbfad@group-82A1F304F3BA: change Leader from 3b7c218c-5ec1-49c6-951e-2891968f85c7 to null at term 5 for ELECTION
2022-07-30 01:48:12,982 [6021f7c2-427d-4cd8-a216-b0a112acbfad@group-82A1F304F3BA-LeaderElection15] INFO  impl.LeaderElection (LeaderElection.java:askForVotes(310)) - 6021f7c2-427d-4cd8-a216-b0a112acbfad@group-82A1F304F3BA-LeaderElection15 ELECTION round 0: submit vote requests at term 6 for 0: [2f82598e-6ad5-4b85-a1e1-fdafd308d280|rpc:10.1.0.37:45671|dataStream:|priority:0, 6021f7c2-427d-4cd8-a216-b0a112acbfad|rpc:10.1.0.37:41905|dataStream:|priority:0, 3b7c218c-5ec1-49c6-951e-2891968f85c7|rpc:10.1.0.37:34587|dataStream:|priority:1], old=null
2022-07-30 01:48:12,997 [6021f7c2-427d-4cd8-a216-b0a112acbfad@group-82A1F304F3BA-LeaderElection15] INFO  impl.LeaderElection (LogUtils.java:infoOrTrace(137)) - 6021f7c2-427d-4cd8-a216-b0a112acbfad@group-82A1F304F3BA-LeaderElection15 got exception when requesting votes: java.util.concurrent.ExecutionException: org.apache.ratis.thirdparty.io.grpc.StatusRuntimeException: UNAVAILABLE: io exception
2022-07-30 01:48:13,000 [6021f7c2-427d-4cd8-a216-b0a112acbfad@group-82A1F304F3BA-LeaderElection15] INFO  impl.LeaderElection (LogUtils.java:infoOrTrace(137)) - 6021f7c2-427d-4cd8-a216-b0a112acbfad@group-82A1F304F3BA-LeaderElection15 got exception when requesting votes: java.util.concurrent.ExecutionException: org.apache.ratis.thirdparty.io.grpc.StatusRuntimeException: UNAVAILABLE: io exception
2022-07-30 01:48:13,000 [6021f7c2-427d-4cd8-a216-b0a112acbfad@group-82A1F304F3BA-LeaderElection15] INFO  impl.LeaderElection (LeaderElection.java:logAndReturn(90)) - 6021f7c2-427d-4cd8-a216-b0a112acbfad@group-82A1F304F3BA-LeaderElection15: ELECTION REJECTED received 0 response(s) and 2 exception(s):
2022-07-30 01:48:13,000 [6021f7c2-427d-4cd8-a216-b0a112acbfad@group-82A1F304F3BA-LeaderElection15] INFO  impl.LeaderElection (LogUtils.java:infoOrTrace(137)) -   Exception 0: java.util.concurrent.ExecutionException: org.apache.ratis.thirdparty.io.grpc.StatusRuntimeException: UNAVAILABLE: io exception
2022-07-30 01:48:13,000 [6021f7c2-427d-4cd8-a216-b0a112acbfad@group-82A1F304F3BA-LeaderElection15] INFO  impl.LeaderElection (LogUtils.java:infoOrTrace(137)) -   Exception 1: java.util.concurrent.ExecutionException: org.apache.ratis.thirdparty.io.grpc.StatusRuntimeException: UNAVAILABLE: io exception
2022-07-30 01:48:13,000 [6021f7c2-427d-4cd8-a216-b0a112acbfad@group-82A1F304F3BA-LeaderElection15] INFO  impl.LeaderElection (LeaderElection.java:askForVotes(312)) - 6021f7c2-427d-4cd8-a216-b0a112acbfad@group-82A1F304F3BA-LeaderElection15 ELECTION round 0: result REJECTED
2022-07-30 01:48:13,000 [6021f7c2-427d-4cd8-a216-b0a112acbfad@group-82A1F304F3BA-LeaderElection15] INFO  server.RaftServer$Division (RaftServerImpl.java:setRole(299)) - 6021f7c2-427d-4cd8-a216-b0a112acbfad@group-82A1F304F3BA: changes role from CANDIDATE to FOLLOWER at term 6 for REJECTED
2022-07-30 01:48:13,000 [6021f7c2-427d-4cd8-a216-b0a112acbfad@group-82A1F304F3BA-LeaderElection15] INFO  impl.RoleInfo (RoleInfo.java:shutdownLeaderElection(130)) - 6021f7c2-427d-4cd8-a216-b0a112acbfad: shutdown 6021f7c2-427d-4cd8-a216-b0a112acbfad@group-82A1F304F3BA-LeaderElection15
2022-07-30 01:48:13,000 [6021f7c2-427d-4cd8-a216-b0a112acbfad@group-82A1F304F3BA-LeaderElection15] INFO  impl.RoleInfo (RoleInfo.java:updateAndGet(139)) - 6021f7c2-427d-4cd8-a216-b0a112acbfad: start 6021f7c2-427d-4cd8-a216-b0a112acbfad@group-82A1F304F3BA-FollowerState
2022-07-30 01:48:14,138 [UnderReplicatedQueueThreadThread] INFO  replication.UnderReplicatedProcessor (UnderReplicatedProcessor.java:processAll(85)) - Processed 0 under replicated containers, failed processing 0
2022-07-30 01:48:14,147 [OverReplicatedQueueThreadThread] INFO  replication.OverReplicatedProcessor (OverReplicatedProcessor.java:processAll(83)) - Processed 0 over replicated containers, failed processing 0
2022-07-30 01:48:16,155 [6021f7c2-427d-4cd8-a216-b0a112acbfad@group-BF03BD903E3B-FollowerState] INFO  impl.FollowerState (FollowerState.java:lostMajorityHeartbeatsRecently(108)) - 6021f7c2-427d-4cd8-a216-b0a112acbfad@group-BF03BD903E3B-FollowerState: Skipping leader election since it stepped down recently (elapsed = 5179ms < waitTime = 10s)
2022-07-30 01:48:17,156 [ForkJoinPool.commonPool-worker-0] INFO  ozoneimpl.OzoneContainer (OzoneContainer.java:stop(399)) - Attempting to stop container services.
2022-07-30 01:48:17,157 [ForkJoinPool.commonPool-worker-0] INFO  server.RaftServer (RaftServerProxy.java:lambda$close$7(398)) - 6021f7c2-427d-4cd8-a216-b0a112acbfad: close
2022-07-30 01:48:17,157 [ForkJoinPool.commonPool-worker-0] INFO  server.RaftServer$Division (RaftServerImpl.java:lambda$close$4(434)) - 6021f7c2-427d-4cd8-a216-b0a112acbfad@group-82A1F304F3BA: shutdown
2022-07-30 01:48:17,157 [ForkJoinPool.commonPool-worker-0] INFO  util.JmxRegister (JmxRegister.java:unregister(73)) - Successfully un-registered JMX Bean with object name Ratis:service=RaftServer,group=group-82A1F304F3BA,id=6021f7c2-427d-4cd8-a216-b0a112acbfad
2022-07-30 01:48:17,157 [ForkJoinPool.commonPool-worker-0] INFO  impl.RoleInfo (RoleInfo.java:shutdownFollowerState(110)) - 6021f7c2-427d-4cd8-a216-b0a112acbfad: shutdown 6021f7c2-427d-4cd8-a216-b0a112acbfad@group-82A1F304F3BA-FollowerState
2022-07-30 01:48:17,158 [ForkJoinPool.commonPool-worker-0] INFO  impl.StateMachineUpdater (StateMachineUpdater.java:stopAndJoin(153)) - 6021f7c2-427d-4cd8-a216-b0a112acbfad@group-82A1F304F3BA-StateMachineUpdater: set stopIndex = 0
2022-07-30 01:48:17,158 [6021f7c2-427d-4cd8-a216-b0a112acbfad@group-82A1F304F3BA-StateMachineUpdater] INFO  ratis.ContainerStateMachine (ContainerStateMachine.java:takeSnapshot(304)) - group-82A1F304F3BA: Taking a snapshot at:(t:5, i:0) file /home/runner/work/ozone/ozone/hadoop-ozone/integration-test/target/test-dir/MiniOzoneClusterImpl-4bb34576-a2e6-484c-bd4a-6e4bad1f8a8d/datanode-0/data/ratis/e7d2eecc-8f07-4db4-a1f6-82a1f304f3ba/sm/snapshot.5_0
2022-07-30 01:48:17,158 [6021f7c2-427d-4cd8-a216-b0a112acbfad@group-82A1F304F3BA-FollowerState] INFO  impl.FollowerState (FollowerState.java:run(152)) - 6021f7c2-427d-4cd8-a216-b0a112acbfad@group-82A1F304F3BA-FollowerState was interrupted
2022-07-30 01:48:17,160 [6021f7c2-427d-4cd8-a216-b0a112acbfad@group-82A1F304F3BA-StateMachineUpdater] INFO  ratis.ContainerStateMachine (ContainerStateMachine.java:takeSnapshot(315)) - group-82A1F304F3BA: Finished taking a snapshot at:(t:5, i:0) file:/home/runner/work/ozone/ozone/hadoop-ozone/integration-test/target/test-dir/MiniOzoneClusterImpl-4bb34576-a2e6-484c-bd4a-6e4bad1f8a8d/datanode-0/data/ratis/e7d2eecc-8f07-4db4-a1f6-82a1f304f3ba/sm/snapshot.5_0 took: 2 ms
2022-07-30 01:48:17,160 [6021f7c2-427d-4cd8-a216-b0a112acbfad@group-82A1F304F3BA-StateMachineUpdater] INFO  impl.StateMachineUpdater (StateMachineUpdater.java:takeSnapshot(287)) - 6021f7c2-427d-4cd8-a216-b0a112acbfad@group-82A1F304F3BA-StateMachineUpdater: Took a snapshot at index 0
2022-07-30 01:48:17,160 [6021f7c2-427d-4cd8-a216-b0a112acbfad@group-82A1F304F3BA-StateMachineUpdater] INFO  impl.StateMachineUpdater (StateMachineUpdater.java:lambda$new$0(92)) - 6021f7c2-427d-4cd8-a216-b0a112acbfad@group-82A1F304F3BA-StateMachineUpdater: snapshotIndex: updateIncreasingly -1 -> 0
2022-07-30 01:48:17,161 [ForkJoinPool.commonPool-worker-0] INFO  server.RaftServer$Division (ServerState.java:close(429)) - 6021f7c2-427d-4cd8-a216-b0a112acbfad@group-82A1F304F3BA: closes. applyIndex: 0
2022-07-30 01:48:17,161 [6021f7c2-427d-4cd8-a216-b0a112acbfad@group-82A1F304F3BA-SegmentedRaftLogWorker] INFO  segmented.SegmentedRaftLogWorker (SegmentedRaftLogWorker.java:run(336)) - 6021f7c2-427d-4cd8-a216-b0a112acbfad@group-82A1F304F3BA-SegmentedRaftLogWorker was interrupted, exiting. There are 0 tasks remaining in the queue.
2022-07-30 01:48:17,162 [ForkJoinPool.commonPool-worker-0] INFO  segmented.SegmentedRaftLogWorker (SegmentedRaftLogWorker.java:close(246)) - 6021f7c2-427d-4cd8-a216-b0a112acbfad@group-82A1F304F3BA-SegmentedRaftLogWorker close()
2022-07-30 01:48:17,163 [ForkJoinPool.commonPool-worker-0] INFO  server.RaftServer$Division (RaftServerImpl.java:lambda$close$4(434)) - 6021f7c2-427d-4cd8-a216-b0a112acbfad@group-A5C85C979773: shutdown
2022-07-30 01:48:17,163 [ForkJoinPool.commonPool-worker-0] INFO  util.JmxRegister (JmxRegister.java:unregister(73)) - Successfully un-registered JMX Bean with object name Ratis:service=RaftServer,group=group-A5C85C979773,id=6021f7c2-427d-4cd8-a216-b0a112acbfad
2022-07-30 01:48:17,163 [ForkJoinPool.commonPool-worker-0] INFO  impl.RoleInfo (RoleInfo.java:shutdownLeaderState(93)) - 6021f7c2-427d-4cd8-a216-b0a112acbfad: shutdown 6021f7c2-427d-4cd8-a216-b0a112acbfad@group-A5C85C979773-LeaderStateImpl
2022-07-30 01:48:17,163 [ForkJoinPool.commonPool-worker-0] INFO  impl.PendingRequests (PendingRequests.java:sendNotLeaderResponses(282)) - 6021f7c2-427d-4cd8-a216-b0a112acbfad@group-A5C85C979773-PendingRequests: sendNotLeaderResponses
2022-07-30 01:48:17,165 [6021f7c2-427d-4cd8-a216-b0a112acbfad@group-A5C85C979773-StateMachineUpdater] INFO  ratis.ContainerStateMachine (ContainerStateMachine.java:takeSnapshot(304)) - group-A5C85C979773: Taking a snapshot at:(t:1, i:0) file /home/runner/work/ozone/ozone/hadoop-ozone/integration-test/target/test-dir/MiniOzoneClusterImpl-4bb34576-a2e6-484c-bd4a-6e4bad1f8a8d/datanode-0/data/ratis/8d3d4a0b-430a-4037-a052-a5c85c979773/sm/snapshot.1_0
2022-07-30 01:48:17,165 [ForkJoinPool.commonPool-worker-0] INFO  impl.StateMachineUpdater (StateMachineUpdater.java:stopAndJoin(153)) - 6021f7c2-427d-4cd8-a216-b0a112acbfad@group-A5C85C979773-StateMachineUpdater: set stopIndex = 0
2022-07-30 01:48:17,166 [6021f7c2-427d-4cd8-a216-b0a112acbfad@group-A5C85C979773-StateMachineUpdater] INFO  ratis.ContainerStateMachine (ContainerStateMachine.java:takeSnapshot(315)) - group-A5C85C979773: Finished taking a snapshot at:(t:1, i:0) file:/home/runner/work/ozone/ozone/hadoop-ozone/integration-test/target/test-dir/MiniOzoneClusterImpl-4bb34576-a2e6-484c-bd4a-6e4bad1f8a8d/datanode-0/data/ratis/8d3d4a0b-430a-4037-a052-a5c85c979773/sm/snapshot.1_0 took: 1 ms
2022-07-30 01:48:17,166 [6021f7c2-427d-4cd8-a216-b0a112acbfad@group-A5C85C979773-StateMachineUpdater] INFO  impl.StateMachineUpdater (StateMachineUpdater.java:takeSnapshot(287)) - 6021f7c2-427d-4cd8-a216-b0a112acbfad@group-A5C85C979773-StateMachineUpdater: Took a snapshot at index 0
2022-07-30 01:48:17,166 [6021f7c2-427d-4cd8-a216-b0a112acbfad@group-A5C85C979773-StateMachineUpdater] INFO  impl.StateMachineUpdater (StateMachineUpdater.java:lambda$new$0(92)) - 6021f7c2-427d-4cd8-a216-b0a112acbfad@group-A5C85C979773-StateMachineUpdater: snapshotIndex: updateIncreasingly -1 -> 0
2022-07-30 01:48:17,168 [Listener at 127.0.0.1/39159] INFO  ozoneimpl.OzoneContainer (OzoneContainer.java:stop(399)) - Attempting to stop container services.
2022-07-30 01:48:17,169 [Listener at 127.0.0.1/39159] INFO  server.RaftServer (RaftServerProxy.java:lambda$close$7(398)) - 0f487d5e-71b7-4e1e-9748-4ae099f19241: close
2022-07-30 01:48:17,169 [Listener at 127.0.0.1/39159] INFO  server.RaftServer$Division (RaftServerImpl.java:lambda$close$4(434)) - 0f487d5e-71b7-4e1e-9748-4ae099f19241@group-C77882487A2F: shutdown
2022-07-30 01:48:17,169 [Listener at 127.0.0.1/39159] INFO  util.JmxRegister (JmxRegister.java:unregister(73)) - Successfully un-registered JMX Bean with object name Ratis:service=RaftServer,group=group-C77882487A2F,id=0f487d5e-71b7-4e1e-9748-4ae099f19241
2022-07-30 01:48:17,169 [Listener at 127.0.0.1/39159] INFO  impl.RoleInfo (RoleInfo.java:shutdownLeaderState(93)) - 0f487d5e-71b7-4e1e-9748-4ae099f19241: shutdown 0f487d5e-71b7-4e1e-9748-4ae099f19241@group-C77882487A2F-LeaderStateImpl
2022-07-30 01:48:17,169 [Listener at 127.0.0.1/39159] INFO  impl.PendingRequests (PendingRequests.java:sendNotLeaderResponses(282)) - 0f487d5e-71b7-4e1e-9748-4ae099f19241@group-C77882487A2F-PendingRequests: sendNotLeaderResponses
2022-07-30 01:48:17,170 [Listener at 127.0.0.1/39159] INFO  impl.StateMachineUpdater (StateMachineUpdater.java:stopAndJoin(153)) - 0f487d5e-71b7-4e1e-9748-4ae099f19241@group-C77882487A2F-StateMachineUpdater: set stopIndex = 0
2022-07-30 01:48:17,170 [0f487d5e-71b7-4e1e-9748-4ae099f19241@group-C77882487A2F-StateMachineUpdater] INFO  ratis.ContainerStateMachine (ContainerStateMachine.java:takeSnapshot(304)) - group-C77882487A2F: Taking a snapshot at:(t:1, i:0) file /home/runner/work/ozone/ozone/hadoop-ozone/integration-test/target/test-dir/MiniOzoneClusterImpl-4bb34576-a2e6-484c-bd4a-6e4bad1f8a8d/datanode-4/data/ratis/fcbaf0f9-2516-4e44-b0e1-c77882487a2f/sm/snapshot.1_0
2022-07-30 01:48:17,171 [0f487d5e-71b7-4e1e-9748-4ae099f19241@group-C77882487A2F-StateMachineUpdater] INFO  ratis.ContainerStateMachine (ContainerStateMachine.java:takeSnapshot(315)) - group-C77882487A2F: Finished taking a snapshot at:(t:1, i:0) file:/home/runner/work/ozone/ozone/hadoop-ozone/integration-test/target/test-dir/MiniOzoneClusterImpl-4bb34576-a2e6-484c-bd4a-6e4bad1f8a8d/datanode-4/data/ratis/fcbaf0f9-2516-4e44-b0e1-c77882487a2f/sm/snapshot.1_0 took: 1 ms
2022-07-30 01:48:17,171 [0f487d5e-71b7-4e1e-9748-4ae099f19241@group-C77882487A2F-StateMachineUpdater] INFO  impl.StateMachineUpdater (StateMachineUpdater.java:takeSnapshot(287)) - 0f487d5e-71b7-4e1e-9748-4ae099f19241@group-C77882487A2F-StateMachineUpdater: Took a snapshot at index 0
2022-07-30 01:48:17,171 [0f487d5e-71b7-4e1e-9748-4ae099f19241@group-C77882487A2F-StateMachineUpdater] INFO  impl.StateMachineUpdater (StateMachineUpdater.java:lambda$new$0(92)) - 0f487d5e-71b7-4e1e-9748-4ae099f19241@group-C77882487A2F-StateMachineUpdater: snapshotIndex: updateIncreasingly -1 -> 0
2022-07-30 01:48:17,172 [Listener at 127.0.0.1/39159] INFO  server.RaftServer$Division (ServerState.java:close(429)) - 0f487d5e-71b7-4e1e-9748-4ae099f19241@group-C77882487A2F: closes. applyIndex: 0
2022-07-30 01:48:17,172 [0f487d5e-71b7-4e1e-9748-4ae099f19241@group-C77882487A2F-SegmentedRaftLogWorker] INFO  segmented.SegmentedRaftLogWorker (SegmentedRaftLogWorker.java:run(336)) - 0f487d5e-71b7-4e1e-9748-4ae099f19241@group-C77882487A2F-SegmentedRaftLogWorker was interrupted, exiting. There are 0 tasks remaining in the queue.
2022-07-30 01:48:17,172 [Listener at 127.0.0.1/39159] INFO  segmented.SegmentedRaftLogWorker (SegmentedRaftLogWorker.java:close(246)) - 0f487d5e-71b7-4e1e-9748-4ae099f19241@group-C77882487A2F-SegmentedRaftLogWorker close()
2022-07-30 01:48:17,173 [Listener at 127.0.0.1/39159] INFO  server.GrpcService (GrpcService.java:closeImpl(269)) - 0f487d5e-71b7-4e1e-9748-4ae099f19241: shutdown server with port 42109 now
2022-07-30 01:48:17,173 [ForkJoinPool.commonPool-worker-0] INFO  server.RaftServer$Division (ServerState.java:close(429)) - 6021f7c2-427d-4cd8-a216-b0a112acbfad@group-A5C85C979773: closes. applyIndex: 0
2022-07-30 01:48:17,174 [6021f7c2-427d-4cd8-a216-b0a112acbfad@group-A5C85C979773-SegmentedRaftLogWorker] INFO  segmented.SegmentedRaftLogWorker (SegmentedRaftLogWorker.java:run(336)) - 6021f7c2-427d-4cd8-a216-b0a112acbfad@group-A5C85C979773-SegmentedRaftLogWorker was interrupted, exiting. There are 0 tasks remaining in the queue.
2022-07-30 01:48:17,174 [ForkJoinPool.commonPool-worker-0] INFO  segmented.SegmentedRaftLogWorker (SegmentedRaftLogWorker.java:close(246)) - 6021f7c2-427d-4cd8-a216-b0a112acbfad@group-A5C85C979773-SegmentedRaftLogWorker close()
2022-07-30 01:48:17,174 [Listener at 127.0.0.1/39159] INFO  server.GrpcService (GrpcService.java:closeImpl(278)) - 0f487d5e-71b7-4e1e-9748-4ae099f19241: shutdown server with port 42109 successfully
2022-07-30 01:48:17,177 [org.apache.ratis.util.JvmPauseMonitor$$Lambda$615/1033062816@c097d0d] INFO  util.JvmPauseMonitor (JvmPauseMonitor.java:run(109)) - JvmPauseMonitor-0f487d5e-71b7-4e1e-9748-4ae099f19241: Stopped
2022-07-30 01:48:17,176 [ForkJoinPool.commonPool-worker-0] INFO  server.RaftServer$Division (RaftServerImpl.java:lambda$close$4(434)) - 6021f7c2-427d-4cd8-a216-b0a112acbfad@group-BF03BD903E3B: shutdown
2022-07-30 01:48:17,177 [ForkJoinPool.commonPool-worker-0] INFO  util.JmxRegister (JmxRegister.java:unregister(73)) - Successfully un-registered JMX Bean with object name Ratis:service=RaftServer,group=group-BF03BD903E3B,id=6021f7c2-427d-4cd8-a216-b0a112acbfad
2022-07-30 01:48:17,177 [ForkJoinPool.commonPool-worker-0] INFO  impl.RoleInfo (RoleInfo.java:shutdownFollowerState(110)) - 6021f7c2-427d-4cd8-a216-b0a112acbfad: shutdown 6021f7c2-427d-4cd8-a216-b0a112acbfad@group-BF03BD903E3B-FollowerState
2022-07-30 01:48:17,177 [6021f7c2-427d-4cd8-a216-b0a112acbfad@group-BF03BD903E3B-FollowerState] INFO  impl.FollowerState (FollowerState.java:run(152)) - 6021f7c2-427d-4cd8-a216-b0a112acbfad@group-BF03BD903E3B-FollowerState was interrupted
2022-07-30 01:48:17,177 [ForkJoinPool.commonPool-worker-0] INFO  impl.StateMachineUpdater (StateMachineUpdater.java:stopAndJoin(153)) - 6021f7c2-427d-4cd8-a216-b0a112acbfad@group-BF03BD903E3B-StateMachineUpdater: set stopIndex = 31
2022-07-30 01:48:17,177 [6021f7c2-427d-4cd8-a216-b0a112acbfad@group-BF03BD903E3B-StateMachineUpdater] INFO  ratis.ContainerStateMachine (ContainerStateMachine.java:takeSnapshot(304)) - group-BF03BD903E3B: Taking a snapshot at:(t:2, i:31) file /home/runner/work/ozone/ozone/hadoop-ozone/integration-test/target/test-dir/MiniOzoneClusterImpl-4bb34576-a2e6-484c-bd4a-6e4bad1f8a8d/datanode-0/data/ratis/55cb4280-88ef-4f3e-a094-bf03bd903e3b/sm/snapshot.2_31
2022-07-30 01:48:17,180 [6021f7c2-427d-4cd8-a216-b0a112acbfad@group-BF03BD903E3B-StateMachineUpdater] INFO  ratis.ContainerStateMachine (ContainerStateMachine.java:takeSnapshot(315)) - group-BF03BD903E3B: Finished taking a snapshot at:(t:2, i:31) file:/home/runner/work/ozone/ozone/hadoop-ozone/integration-test/target/test-dir/MiniOzoneClusterImpl-4bb34576-a2e6-484c-bd4a-6e4bad1f8a8d/datanode-0/data/ratis/55cb4280-88ef-4f3e-a094-bf03bd903e3b/sm/snapshot.2_31 took: 3 ms
2022-07-30 01:48:17,180 [6021f7c2-427d-4cd8-a216-b0a112acbfad@group-BF03BD903E3B-StateMachineUpdater] INFO  impl.StateMachineUpdater (StateMachineUpdater.java:takeSnapshot(287)) - 6021f7c2-427d-4cd8-a216-b0a112acbfad@group-BF03BD903E3B-StateMachineUpdater: Took a snapshot at index 31
2022-07-30 01:48:17,180 [6021f7c2-427d-4cd8-a216-b0a112acbfad@group-BF03BD903E3B-StateMachineUpdater] INFO  impl.StateMachineUpdater (StateMachineUpdater.java:lambda$new$0(92)) - 6021f7c2-427d-4cd8-a216-b0a112acbfad@group-BF03BD903E3B-StateMachineUpdater: snapshotIndex: updateIncreasingly -1 -> 31
2022-07-30 01:48:17,186 [ForkJoinPool.commonPool-worker-0] INFO  server.RaftServer$Division (ServerState.java:close(429)) - 6021f7c2-427d-4cd8-a216-b0a112acbfad@group-BF03BD903E3B: closes. applyIndex: 31
2022-07-30 01:48:17,187 [6021f7c2-427d-4cd8-a216-b0a112acbfad@group-BF03BD903E3B-SegmentedRaftLogWorker] INFO  segmented.SegmentedRaftLogWorker (SegmentedRaftLogWorker.java:run(336)) - 6021f7c2-427d-4cd8-a216-b0a112acbfad@group-BF03BD903E3B-SegmentedRaftLogWorker was interrupted, exiting. There are 0 tasks remaining in the queue.
2022-07-30 01:48:17,189 [ForkJoinPool.commonPool-worker-0] INFO  segmented.SegmentedRaftLogWorker (SegmentedRaftLogWorker.java:close(246)) - 6021f7c2-427d-4cd8-a216-b0a112acbfad@group-BF03BD903E3B-SegmentedRaftLogWorker close()
2022-07-30 01:48:17,192 [ForkJoinPool.commonPool-worker-0] INFO  server.GrpcService (GrpcService.java:closeImpl(269)) - 6021f7c2-427d-4cd8-a216-b0a112acbfad: shutdown server with port 41905 now
2022-07-30 01:48:17,193 [ForkJoinPool.commonPool-worker-0] INFO  server.GrpcService (GrpcService.java:closeImpl(278)) - 6021f7c2-427d-4cd8-a216-b0a112acbfad: shutdown server with port 41905 successfully
2022-07-30 01:48:17,194 [org.apache.ratis.util.JvmPauseMonitor$$Lambda$615/1033062816@4a23eecc] INFO  util.JvmPauseMonitor (JvmPauseMonitor.java:run(109)) - JvmPauseMonitor-6021f7c2-427d-4cd8-a216-b0a112acbfad: Stopped
2022-07-30 01:48:19,215 [Listener at 127.0.0.1/39159] INFO  utils.BackgroundService (BackgroundService.java:shutdown(141)) - Shutting down service BlockDeletingService
2022-07-30 01:48:19,216 [Listener at 127.0.0.1/39159] INFO  utils.BackgroundService (BackgroundService.java:shutdown(141)) - Shutting down service StaleRecoveringContainerScrubbingService
2022-07-30 01:48:19,218 [ForkJoinPool.commonPool-worker-0] INFO  utils.BackgroundService (BackgroundService.java:shutdown(141)) - Shutting down service BlockDeletingService
2022-07-30 01:48:19,220 [ForkJoinPool.commonPool-worker-0] INFO  utils.BackgroundService (BackgroundService.java:shutdown(141)) - Shutting down service StaleRecoveringContainerScrubbingService
2022-07-30 01:48:22,219 [Listener at 127.0.0.1/39159] INFO  statemachine.DatanodeStateMachine (DatanodeStateMachine.java:stopDaemon(580)) - Ozone container server stopped.
2022-07-30 01:48:22,225 [ForkJoinPool.commonPool-worker-0] INFO  statemachine.DatanodeStateMachine (DatanodeStateMachine.java:stopDaemon(580)) - Ozone container server stopped.
2022-07-30 01:48:22,242 [Listener at 127.0.0.1/39159] INFO  handler.ContextHandler (ContextHandler.java:doStop(1153)) - Stopped o.e.j.w.WebAppContext@2d8581af{hddsDatanode,/,null,STOPPED}{jar:file:/home/runner/.m2/repository/org/apache/ozone/hdds-container-service/1.3.0-SNAPSHOT/hdds-container-service-1.3.0-SNAPSHOT.jar!/webapps/hddsDatanode}
2022-07-30 01:48:22,252 [ForkJoinPool.commonPool-worker-0] INFO  handler.ContextHandler (ContextHandler.java:doStop(1153)) - Stopped o.e.j.w.WebAppContext@6dd30df3{hddsDatanode,/,null,STOPPED}{jar:file:/home/runner/.m2/repository/org/apache/ozone/hdds-container-service/1.3.0-SNAPSHOT/hdds-container-service-1.3.0-SNAPSHOT.jar!/webapps/hddsDatanode}
2022-07-30 01:48:22,254 [ForkJoinPool.commonPool-worker-0] INFO  server.AbstractConnector (AbstractConnector.java:doStop(381)) - Stopped ServerConnector@7ada2568{HTTP/1.1, (http/1.1)}{0.0.0.0:0}
2022-07-30 01:48:22,254 [ForkJoinPool.commonPool-worker-0] INFO  server.session (HouseKeeper.java:stopScavenging(149)) - node0 Stopped scavenging
2022-07-30 01:48:22,255 [Listener at 127.0.0.1/39159] INFO  server.AbstractConnector (AbstractConnector.java:doStop(381)) - Stopped ServerConnector@19e1a98{HTTP/1.1, (http/1.1)}{0.0.0.0:0}
2022-07-30 01:48:22,259 [ForkJoinPool.commonPool-worker-0] INFO  handler.ContextHandler (ContextHandler.java:doStop(1153)) - Stopped o.e.j.s.ServletContextHandler@8cf7455{static,/static,jar:file:/home/runner/.m2/repository/org/apache/ozone/hdds-container-service/1.3.0-SNAPSHOT/hdds-container-service-1.3.0-SNAPSHOT.jar!/webapps/static,STOPPED}
2022-07-30 01:48:22,265 [Listener at 127.0.0.1/39159] INFO  server.session (HouseKeeper.java:stopScavenging(149)) - node0 Stopped scavenging
2022-07-30 01:48:22,265 [Listener at 127.0.0.1/39159] INFO  handler.ContextHandler (ContextHandler.java:doStop(1153)) - Stopped o.e.j.s.ServletContextHandler@1e2c25d4{static,/static,jar:file:/home/runner/.m2/repository/org/apache/ozone/hdds-container-service/1.3.0-SNAPSHOT/hdds-container-service-1.3.0-SNAPSHOT.jar!/webapps/static,STOPPED}
2022-07-30 01:48:22,265 [Listener at 127.0.0.1/39159] INFO  handler.ContextHandler (ContextHandler.java:doStop(1153)) - Stopped o.e.j.s.ServletContextHandler@5b1e62a9{logs,/logs,file:///home/runner/work/ozone/ozone/hadoop-ozone/integration-test/target/log,STOPPED}
2022-07-30 01:48:22,265 [ForkJoinPool.commonPool-worker-0] INFO  handler.ContextHandler (ContextHandler.java:doStop(1153)) - Stopped o.e.j.s.ServletContextHandler@7bce4a64{logs,/logs,file:///home/runner/work/ozone/ozone/hadoop-ozone/integration-test/target/log,STOPPED}
2022-07-30 01:48:27,269 [Listener at 127.0.0.1/39159] INFO  ozoneimpl.OzoneContainer (OzoneContainer.java:stop(399)) - Attempting to stop container services.
2022-07-30 01:48:27,270 [Listener at 127.0.0.1/39159] INFO  server.RaftServer (RaftServerProxy.java:lambda$close$7(398)) - 80984b04-daae-4601-a6da-1d0fb91944be: close
2022-07-30 01:48:27,270 [Listener at 127.0.0.1/39159] INFO  server.RaftServer$Division (RaftServerImpl.java:lambda$close$4(434)) - 80984b04-daae-4601-a6da-1d0fb91944be@group-F94A41F2BF3C: shutdown
2022-07-30 01:48:27,270 [Listener at 127.0.0.1/39159] INFO  util.JmxRegister (JmxRegister.java:unregister(73)) - Successfully un-registered JMX Bean with object name Ratis:service=RaftServer,group=group-F94A41F2BF3C,id=80984b04-daae-4601-a6da-1d0fb91944be
2022-07-30 01:48:27,271 [Listener at 127.0.0.1/39159] INFO  impl.RoleInfo (RoleInfo.java:shutdownLeaderState(93)) - 80984b04-daae-4601-a6da-1d0fb91944be: shutdown 80984b04-daae-4601-a6da-1d0fb91944be@group-F94A41F2BF3C-LeaderStateImpl
2022-07-30 01:48:27,271 [Listener at 127.0.0.1/39159] INFO  impl.PendingRequests (PendingRequests.java:sendNotLeaderResponses(282)) - 80984b04-daae-4601-a6da-1d0fb91944be@group-F94A41F2BF3C-PendingRequests: sendNotLeaderResponses
2022-07-30 01:48:27,271 [80984b04-daae-4601-a6da-1d0fb91944be@group-F94A41F2BF3C-StateMachineUpdater] INFO  ratis.ContainerStateMachine (ContainerStateMachine.java:takeSnapshot(304)) - group-F94A41F2BF3C: Taking a snapshot at:(t:1, i:0) file /home/runner/work/ozone/ozone/hadoop-ozone/integration-test/target/test-dir/MiniOzoneClusterImpl-4bb34576-a2e6-484c-bd4a-6e4bad1f8a8d/datanode-3/data/ratis/fd25662b-221d-4b52-ae54-f94a41f2bf3c/sm/snapshot.1_0
2022-07-30 01:48:27,272 [Listener at 127.0.0.1/39159] INFO  impl.StateMachineUpdater (StateMachineUpdater.java:stopAndJoin(153)) - 80984b04-daae-4601-a6da-1d0fb91944be@group-F94A41F2BF3C-StateMachineUpdater: set stopIndex = 0
2022-07-30 01:48:27,279 [80984b04-daae-4601-a6da-1d0fb91944be@group-F94A41F2BF3C-StateMachineUpdater] INFO  ratis.ContainerStateMachine (ContainerStateMachine.java:takeSnapshot(315)) - group-F94A41F2BF3C: Finished taking a snapshot at:(t:1, i:0) file:/home/runner/work/ozone/ozone/hadoop-ozone/integration-test/target/test-dir/MiniOzoneClusterImpl-4bb34576-a2e6-484c-bd4a-6e4bad1f8a8d/datanode-3/data/ratis/fd25662b-221d-4b52-ae54-f94a41f2bf3c/sm/snapshot.1_0 took: 8 ms
2022-07-30 01:48:27,279 [80984b04-daae-4601-a6da-1d0fb91944be@group-F94A41F2BF3C-StateMachineUpdater] INFO  impl.StateMachineUpdater (StateMachineUpdater.java:takeSnapshot(287)) - 80984b04-daae-4601-a6da-1d0fb91944be@group-F94A41F2BF3C-StateMachineUpdater: Took a snapshot at index 0
2022-07-30 01:48:27,279 [80984b04-daae-4601-a6da-1d0fb91944be@group-F94A41F2BF3C-StateMachineUpdater] INFO  impl.StateMachineUpdater (StateMachineUpdater.java:lambda$new$0(92)) - 80984b04-daae-4601-a6da-1d0fb91944be@group-F94A41F2BF3C-StateMachineUpdater: snapshotIndex: updateIncreasingly -1 -> 0
2022-07-30 01:48:27,280 [Listener at 127.0.0.1/39159] INFO  server.RaftServer$Division (ServerState.java:close(429)) - 80984b04-daae-4601-a6da-1d0fb91944be@group-F94A41F2BF3C: closes. applyIndex: 0
2022-07-30 01:48:27,280 [80984b04-daae-4601-a6da-1d0fb91944be@group-F94A41F2BF3C-SegmentedRaftLogWorker] INFO  segmented.SegmentedRaftLogWorker (SegmentedRaftLogWorker.java:run(336)) - 80984b04-daae-4601-a6da-1d0fb91944be@group-F94A41F2BF3C-SegmentedRaftLogWorker was interrupted, exiting. There are 0 tasks remaining in the queue.
2022-07-30 01:48:27,280 [Listener at 127.0.0.1/39159] INFO  segmented.SegmentedRaftLogWorker (SegmentedRaftLogWorker.java:close(246)) - 80984b04-daae-4601-a6da-1d0fb91944be@group-F94A41F2BF3C-SegmentedRaftLogWorker close()
2022-07-30 01:48:27,281 [Listener at 127.0.0.1/39159] INFO  server.GrpcService (GrpcService.java:closeImpl(269)) - 80984b04-daae-4601-a6da-1d0fb91944be: shutdown server with port 36247 now
2022-07-30 01:48:27,285 [Listener at 127.0.0.1/39159] INFO  server.GrpcService (GrpcService.java:closeImpl(278)) - 80984b04-daae-4601-a6da-1d0fb91944be: shutdown server with port 36247 successfully
2022-07-30 01:48:27,285 [org.apache.ratis.util.JvmPauseMonitor$$Lambda$615/1033062816@211d3177] INFO  util.JvmPauseMonitor (JvmPauseMonitor.java:run(109)) - JvmPauseMonitor-80984b04-daae-4601-a6da-1d0fb91944be: Stopped
2022-07-30 01:48:29,298 [Listener at 127.0.0.1/39159] INFO  utils.BackgroundService (BackgroundService.java:shutdown(141)) - Shutting down service BlockDeletingService
2022-07-30 01:48:29,303 [Listener at 127.0.0.1/39159] INFO  utils.BackgroundService (BackgroundService.java:shutdown(141)) - Shutting down service StaleRecoveringContainerScrubbingService
2022-07-30 01:48:32,305 [Listener at 127.0.0.1/39159] INFO  statemachine.DatanodeStateMachine (DatanodeStateMachine.java:stopDaemon(580)) - Ozone container server stopped.
2022-07-30 01:48:32,318 [Listener at 127.0.0.1/39159] INFO  handler.ContextHandler (ContextHandler.java:doStop(1153)) - Stopped o.e.j.w.WebAppContext@4e1b36e6{hddsDatanode,/,null,STOPPED}{jar:file:/home/runner/.m2/repository/org/apache/ozone/hdds-container-service/1.3.0-SNAPSHOT/hdds-container-service-1.3.0-SNAPSHOT.jar!/webapps/hddsDatanode}
2022-07-30 01:48:32,333 [Listener at 127.0.0.1/39159] INFO  server.AbstractConnector (AbstractConnector.java:doStop(381)) - Stopped ServerConnector@367d620d{HTTP/1.1, (http/1.1)}{0.0.0.0:0}
2022-07-30 01:48:32,333 [Listener at 127.0.0.1/39159] INFO  server.session (HouseKeeper.java:stopScavenging(149)) - node0 Stopped scavenging
2022-07-30 01:48:32,333 [Listener at 127.0.0.1/39159] INFO  handler.ContextHandler (ContextHandler.java:doStop(1153)) - Stopped o.e.j.s.ServletContextHandler@1e22ff5f{static,/static,jar:file:/home/runner/.m2/repository/org/apache/ozone/hdds-container-service/1.3.0-SNAPSHOT/hdds-container-service-1.3.0-SNAPSHOT.jar!/webapps/static,STOPPED}
2022-07-30 01:48:32,334 [Listener at 127.0.0.1/39159] INFO  handler.ContextHandler (ContextHandler.java:doStop(1153)) - Stopped o.e.j.s.ServletContextHandler@16a475d3{logs,/logs,file:///home/runner/work/ozone/ozone/hadoop-ozone/integration-test/target/log,STOPPED}
2022-07-30 01:48:32,336 [Listener at 127.0.0.1/39159] INFO  ozone.MiniOzoneClusterImpl (MiniOzoneClusterImpl.java:stopSCM(537)) - Stopping the StorageContainerManager
2022-07-30 01:48:32,336 [Listener at 127.0.0.1/39159] INFO  server.StorageContainerManager (StorageContainerManager.java:stop(1552)) - Container Balancer is not running.
2022-07-30 01:48:32,336 [Listener at 127.0.0.1/39159] INFO  server.StorageContainerManager (StorageContainerManager.java:stop(1559)) - Stopping Replication Manager Service.
2022-07-30 01:48:32,336 [Listener at 127.0.0.1/39159] INFO  replication.ReplicationManager (ReplicationManager.java:stop(233)) - Stopping Replication Monitor Thread.
2022-07-30 01:48:32,336 [Listener at 127.0.0.1/39159] INFO  server.StorageContainerManager (StorageContainerManager.java:stop(1566)) - Stopping the Datanode Admin Monitor.
2022-07-30 01:48:32,336 [ReplicationMonitor] INFO  replication.ReplicationManager (ReplicationManager.java:run(466)) - Replication Monitor Thread is stopped
2022-07-30 01:48:32,336 [Listener at 127.0.0.1/39159] INFO  server.StorageContainerManager (StorageContainerManager.java:stop(1573)) - Stopping Lease Manager of the command watchers
2022-07-30 01:48:32,340 [Listener at 127.0.0.1/39159] INFO  server.StorageContainerManager (StorageContainerManager.java:stop(1580)) - Stopping datanode service RPC server
2022-07-30 01:48:32,340 [Listener at 127.0.0.1/39159] INFO  server.SCMDatanodeProtocolServer (SCMDatanodeProtocolServer.java:stop(414)) - Stopping the RPC server for DataNodes
2022-07-30 01:48:32,340 [Listener at 127.0.0.1/39159] INFO  ipc.Server (Server.java:stop(3414)) - Stopping server on 33517
2022-07-30 01:48:32,341 [IPC Server listener on 0] INFO  ipc.Server (Server.java:run(1376)) - Stopping IPC Server listener on 0
2022-07-30 01:48:32,347 [IPC Server Responder] INFO  ipc.Server (Server.java:run(1512)) - Stopping IPC Server Responder
2022-07-30 01:48:32,439 [SCM Heartbeat Processing Thread - 0] WARN  node.NodeStateManager (NodeStateManager.java:scheduleNextHealthCheck(870)) - Current Thread is interrupted, shutting down HB processing thread for Node Manager.
2022-07-30 01:48:32,440 [Listener at 127.0.0.1/39159] INFO  server.StorageContainerManager (StorageContainerManager.java:stop(1588)) - Stopping block service RPC server
2022-07-30 01:48:32,440 [Listener at 127.0.0.1/39159] INFO  server.SCMBlockProtocolServer (SCMBlockProtocolServer.java:stop(161)) - Stopping the RPC server for Block Protocol
2022-07-30 01:48:32,440 [Listener at 127.0.0.1/39159] INFO  ipc.Server (Server.java:stop(3414)) - Stopping server on 34915
2022-07-30 01:48:32,442 [Listener at 127.0.0.1/39159] INFO  server.StorageContainerManager (StorageContainerManager.java:stop(1595)) - Stopping the StorageContainerLocationProtocol RPC server
2022-07-30 01:48:32,442 [Listener at 127.0.0.1/39159] INFO  server.SCMClientProtocolServer (SCMClientProtocolServer.java:stop(179)) - Stopping the RPC server for Client Protocol
2022-07-30 01:48:32,442 [Listener at 127.0.0.1/39159] INFO  ipc.Server (Server.java:stop(3414)) - Stopping server on 38627
2022-07-30 01:48:32,442 [IPC Server Responder] INFO  ipc.Server (Server.java:run(1512)) - Stopping IPC Server Responder
2022-07-30 01:48:32,444 [IPC Server listener on 0] INFO  ipc.Server (Server.java:run(1376)) - Stopping IPC Server listener on 0
2022-07-30 01:48:32,444 [Listener at 127.0.0.1/39159] INFO  server.StorageContainerManager (StorageContainerManager.java:stop(1602)) - Stopping Storage Container Manager HTTP server.
2022-07-30 01:48:32,445 [Listener at 127.0.0.1/39159] INFO  handler.ContextHandler (ContextHandler.java:doStop(1153)) - Stopped o.e.j.w.WebAppContext@4411a0fe{scm,/,null,STOPPED}{file:/home/runner/work/ozone/ozone/hadoop-ozone/integration-test/target/test-classes/webapps/scm}
2022-07-30 01:48:32,445 [IPC Server Responder] INFO  ipc.Server (Server.java:run(1512)) - Stopping IPC Server Responder
2022-07-30 01:48:32,446 [IPC Server listener on 0] INFO  ipc.Server (Server.java:run(1376)) - Stopping IPC Server listener on 0
2022-07-30 01:48:32,448 [Listener at 127.0.0.1/39159] INFO  server.AbstractConnector (AbstractConnector.java:doStop(381)) - Stopped ServerConnector@7d12fb85{HTTP/1.1, (http/1.1)}{0.0.0.0:0}
2022-07-30 01:48:32,448 [Listener at 127.0.0.1/39159] INFO  server.session (HouseKeeper.java:stopScavenging(149)) - node0 Stopped scavenging
2022-07-30 01:48:32,448 [Listener at 127.0.0.1/39159] INFO  handler.ContextHandler (ContextHandler.java:doStop(1153)) - Stopped o.e.j.s.ServletContextHandler@4f5df012{static,/static,file:///home/runner/work/ozone/ozone/hadoop-ozone/integration-test/target/test-classes/webapps/static,STOPPED}
2022-07-30 01:48:32,448 [Listener at 127.0.0.1/39159] INFO  handler.ContextHandler (ContextHandler.java:doStop(1153)) - Stopped o.e.j.s.ServletContextHandler@78e59b04{logs,/logs,file:///home/runner/work/ozone/ozone/hadoop-ozone/integration-test/target/log,STOPPED}
2022-07-30 01:48:32,452 [Listener at 127.0.0.1/39159] INFO  server.StorageContainerManager (StorageContainerManager.java:stop(1613)) - Stopping Block Manager Service.
2022-07-30 01:48:32,452 [Listener at 127.0.0.1/39159] INFO  utils.BackgroundService (BackgroundService.java:shutdown(141)) - Shutting down service SCMBlockDeletingService
2022-07-30 01:48:32,453 [Listener at 127.0.0.1/39159] INFO  utils.BackgroundService (BackgroundService.java:shutdown(141)) - Shutting down service SCMBlockDeletingService
2022-07-30 01:48:32,453 [Listener at 127.0.0.1/39159] INFO  server.StorageContainerManager (StorageContainerManager.java:stop(1640)) - Stopping SCM Event Queue.
2022-07-30 01:48:32,462 [Listener at 127.0.0.1/39159] INFO  server.StorageContainerManager (StorageContainerManager.java:stop(1651)) - Stopping SCM HA services.
2022-07-30 01:48:32,462 [Listener at 127.0.0.1/39159] INFO  pipeline.BackgroundPipelineCreator (BackgroundPipelineCreator.java:stop(149)) - Stopping RatisPipelineUtilsThread.
2022-07-30 01:48:32,463 [RatisPipelineUtilsThread - 0] WARN  pipeline.BackgroundPipelineCreator (BackgroundPipelineCreator.java:run(180)) - RatisPipelineUtilsThread is interrupted.
2022-07-30 01:48:32,463 [Listener at 127.0.0.1/39159] INFO  BackgroundPipelineScrubber (BackgroundSCMService.java:stop(126)) - Stopping BackgroundPipelineScrubber Service.
2022-07-30 01:48:32,463 [Listener at 127.0.0.1/39159] INFO  server.StorageContainerManager (StorageContainerManager.java:stop(1661)) - Stopping SCM MetadataStore.
2022-07-30 01:48:32,464 [BackgroundPipelineScrubberThread] WARN  BackgroundPipelineScrubber (BackgroundSCMService.java:run(110)) - BackgroundPipelineScrubber is interrupted, exit
2022-07-30 01:48:32,476 [Listener at 127.0.0.1/39159] INFO  impl.MetricsSystemImpl (MetricsSystemImpl.java:stop(210)) - Stopping XceiverClientMetrics metrics system...
2022-07-30 01:48:32,503 [prometheus] INFO  impl.MetricsSinkAdapter (MetricsSinkAdapter.java:publishMetricsFromQueue(141)) - prometheus thread interrupted.
2022-07-30 01:48:32,504 [Listener at 127.0.0.1/39159] INFO  impl.MetricsSystemImpl (MetricsSystemImpl.java:stop(216)) - XceiverClientMetrics metrics system stopped.
2022-07-30 01:48:32,789 [Listener at 127.0.0.1/39159] WARN  server.ServerUtils (ServerUtils.java:getScmDbDir(148)) - ozone.scm.db.dirs is not configured. We recommend adding this setting. Falling back to ozone.metadata.dirs instead.
2022-07-30 01:48:32,806 [Listener at 127.0.0.1/39159] WARN  server.ServerUtils (ServerUtils.java:getScmDbDir(148)) - ozone.scm.db.dirs is not configured. We recommend adding this setting. Falling back to ozone.metadata.dirs instead.
2022-07-30 01:48:32,807 [Listener at 127.0.0.1/39159] INFO  ha.SCMHANodeDetails (SCMHANodeDetails.java:loadSCMHAConfig(209)) - ServiceID for StorageContainerManager is null
2022-07-30 01:48:32,807 [Listener at 127.0.0.1/39159] INFO  ha.SCMHANodeDetails (SCMHANodeDetails.java:loadSCMHAConfig(214)) - ozone.scm.default.service.id is not defined, falling back to ozone.scm.service.ids to find serviceID for StorageContainerManager if it is HA enabled cluster
2022-07-30 01:48:32,808 [Listener at 127.0.0.1/39159] WARN  utils.HAUtils (HAUtils.java:getMetaDir(342)) - ozone.scm.db.dirs is not configured. We recommend adding this setting. Falling back to ozone.metadata.dirs instead.
2022-07-30 01:48:32,812 [Listener at 127.0.0.1/39159] WARN  db.DBStoreBuilder (DBStoreBuilder.java:applyDBDefinition(145)) - ozone.scm.db.dirs is not configured. We recommend adding this setting. Falling back to ozone.metadata.dirs instead.
2022-07-30 01:48:33,107 [Listener at 127.0.0.1/39159] INFO  net.NodeSchemaLoader (NodeSchemaLoader.java:loadSchemaFromFile(129)) - Loading schema from [jar:file:/home/runner/.m2/repository/org/apache/ozone/hdds-common/1.3.0-SNAPSHOT/hdds-common-1.3.0-SNAPSHOT.jar!/network-topology-default.xml]
2022-07-30 01:48:33,107 [Listener at 127.0.0.1/39159] INFO  net.NodeSchemaLoader (NodeSchemaLoader.java:loadSchema(176)) - Loading network topology layer schema file
2022-07-30 01:48:33,125 [Listener at 127.0.0.1/39159] WARN  impl.MetricRegistriesImpl (MetricRegistriesImpl.java:addReporterRegistration(111)) - New reporters are added after registries were created. Some metrics will be missing from the reporter. Please add reporter before adding any new registry.
2022-07-30 01:48:33,125 [Listener at 127.0.0.1/39159] WARN  impl.MetricRegistriesImpl (MetricRegistriesImpl.java:addReporterRegistration(111)) - New reporters are added after registries were created. Some metrics will be missing from the reporter. Please add reporter before adding any new registry.
2022-07-30 01:48:33,126 [Listener at 127.0.0.1/39159] INFO  upgrade.AbstractLayoutVersionManager (AbstractLayoutVersionManager.java:init(83)) - Initializing Layout version manager with metadata layout = DATANODE_SCHEMA_V3 (version = 4), software layout = DATANODE_SCHEMA_V3 (version = 4)
2022-07-30 01:48:33,246 [Listener at 127.0.0.1/39159] INFO  reflections.Reflections (Reflections.java:scan(232)) - Reflections took 114 ms to scan 7 urls, producing 132 keys and 321 values 
2022-07-30 01:48:33,248 [Listener at 127.0.0.1/39159] INFO  ha.SequenceIdGenerator (SequenceIdGenerator.java:upgradeToSequenceId(349)) - upgrade localId to 109611004723200000
2022-07-30 01:48:33,248 [Listener at 127.0.0.1/39159] INFO  ha.SequenceIdGenerator (SequenceIdGenerator.java:upgradeToSequenceId(359)) - upgrade delTxnId to 0
2022-07-30 01:48:33,248 [Listener at 127.0.0.1/39159] INFO  ha.SequenceIdGenerator (SequenceIdGenerator.java:upgradeToSequenceId(376)) - upgrade containerId to 0
2022-07-30 01:48:33,248 [Listener at 127.0.0.1/39159] INFO  ha.SequenceIdGenerator (SequenceIdGenerator.java:<init>(220)) - Init the HA SequenceIdGenerator.
2022-07-30 01:48:33,249 [Listener at 127.0.0.1/39159] WARN  server.ServerUtils (ServerUtils.java:sanitizeUserArgs(73)) - ozone.scm.stale.node.interval value = 300000 is larger than max = 100000 based on the key value of ozone.scm.heartbeat.thread.interval, reset to the max value 100000.
2022-07-30 01:48:33,249 [Listener at 127.0.0.1/39159] WARN  server.ServerUtils (ServerUtils.java:sanitizeUserArgs(73)) - ozone.scm.stale.node.interval value = 300000 is larger than max = 100000 based on the key value of ozone.scm.heartbeat.thread.interval, reset to the max value 100000.
2022-07-30 01:48:33,274 [Listener at 127.0.0.1/39159] INFO  node.SCMNodeManager (SCMNodeManager.java:<init>(149)) - Entering startup safe mode.
2022-07-30 01:48:33,275 [Listener at 127.0.0.1/39159] INFO  algorithms.ContainerPlacementPolicyFactory (ContainerPlacementPolicyFactory.java:getPolicyInternal(86)) - Create container placement policy of type org.apache.hadoop.hdds.scm.container.placement.algorithms.SCMContainerPlacementRandom
2022-07-30 01:48:33,275 [Listener at 127.0.0.1/39159] INFO  algorithms.ContainerPlacementPolicyFactory (ContainerPlacementPolicyFactory.java:getPolicyInternal(86)) - Create container placement policy of type org.apache.hadoop.hdds.scm.container.placement.algorithms.SCMContainerPlacementRackScatter
2022-07-30 01:48:33,275 [Listener at 127.0.0.1/39159] INFO  pipeline.PipelineStateManagerImpl (PipelineStateManagerImpl.java:initialize(78)) - No pipeline exists in current db
2022-07-30 01:48:33,276 [Listener at 127.0.0.1/39159] INFO  algorithms.LeaderChoosePolicyFactory (LeaderChoosePolicyFactory.java:getPolicy(57)) - Create leader choose policy of type org.apache.hadoop.hdds.scm.pipeline.leader.choose.algorithms.MinLeaderCountChoosePolicy
2022-07-30 01:48:33,276 [Listener at 127.0.0.1/39159] INFO  algorithms.ContainerPlacementPolicyFactory (ContainerPlacementPolicyFactory.java:getPolicyInternal(86)) - Create container placement policy of type org.apache.hadoop.hdds.scm.container.placement.algorithms.SCMContainerPlacementRackScatter
2022-07-30 01:48:33,276 [Listener at 127.0.0.1/39159] INFO  ha.SCMServiceManager (SCMServiceManager.java:register(42)) - Registering service BackgroundPipelineCreator.
2022-07-30 01:48:33,276 [Listener at 127.0.0.1/39159] INFO  pipeline.BackgroundPipelineCreator (BackgroundPipelineCreator.java:start(124)) - Starting RatisPipelineUtilsThread.
2022-07-30 01:48:33,278 [Listener at 127.0.0.1/39159] INFO  BackgroundPipelineScrubber (BackgroundSCMService.java:start(68)) - Starting BackgroundPipelineScrubber Service.
2022-07-30 01:48:33,280 [Listener at 127.0.0.1/39159] INFO  ha.SCMServiceManager (SCMServiceManager.java:register(42)) - Registering service BackgroundPipelineScrubber.
2022-07-30 01:48:33,281 [Listener at 127.0.0.1/39159] INFO  ExpiredContainerReplicaOpScrubber (BackgroundSCMService.java:start(68)) - Starting ExpiredContainerReplicaOpScrubber Service.
2022-07-30 01:48:33,287 [Listener at 127.0.0.1/39159] INFO  ha.SCMServiceManager (SCMServiceManager.java:register(42)) - Registering service ExpiredContainerReplicaOpScrubber.
2022-07-30 01:48:33,288 [Listener at 127.0.0.1/39159] INFO  algorithms.PipelineChoosePolicyFactory (PipelineChoosePolicyFactory.java:createPipelineChoosePolicyFromClass(73)) - Create pipeline choose policy of type org.apache.hadoop.hdds.scm.pipeline.choose.algorithms.RandomPipelineChoosePolicy
2022-07-30 01:48:33,289 [Listener at 127.0.0.1/39159] INFO  ha.SCMServiceManager (SCMServiceManager.java:register(42)) - Registering service SCMBlockDeletingService.
2022-07-30 01:48:33,289 [Listener at 127.0.0.1/39159] INFO  replication.ReplicationManager (ReplicationManager.java:start(200)) - Starting Replication Monitor Thread.
2022-07-30 01:48:33,290 [Listener at 127.0.0.1/39159] INFO  UnderReplicatedQueueThread (BackgroundSCMService.java:start(68)) - Starting UnderReplicatedQueueThread Service.
2022-07-30 01:48:33,298 [Listener at 127.0.0.1/39159] INFO  ha.SCMServiceManager (SCMServiceManager.java:register(42)) - Registering service UnderReplicatedQueueThread.
2022-07-30 01:48:33,298 [Listener at 127.0.0.1/39159] INFO  OverReplicatedQueueThread (BackgroundSCMService.java:start(68)) - Starting OverReplicatedQueueThread Service.
2022-07-30 01:48:33,298 [Listener at 127.0.0.1/39159] INFO  ha.SCMServiceManager (SCMServiceManager.java:register(42)) - Registering service OverReplicatedQueueThread.
2022-07-30 01:48:33,299 [Listener at 127.0.0.1/39159] INFO  ha.SCMServiceManager (SCMServiceManager.java:register(42)) - Registering service ReplicationManager.
2022-07-30 01:48:33,299 [Listener at 127.0.0.1/39159] INFO  safemode.ContainerSafeModeRule (ContainerSafeModeRule.java:<init>(89)) - containers with one replica threshold count 0
2022-07-30 01:48:33,299 [Listener at 127.0.0.1/39159] INFO  safemode.HealthyPipelineSafeModeRule (HealthyPipelineSafeModeRule.java:initializeRule(169)) - Total pipeline count is 0, healthy pipeline threshold count is 1
2022-07-30 01:48:33,300 [Listener at 127.0.0.1/39159] INFO  safemode.OneReplicaPipelineSafeModeRule (OneReplicaPipelineSafeModeRule.java:initializeRule(180)) - Total pipeline count is 0, pipeline's with at least one datanode reported threshold count is 0
2022-07-30 01:48:33,306 [Listener at 127.0.0.1/39159] INFO  ipc.CallQueueManager (CallQueueManager.java:<init>(90)) - Using callQueue: class java.util.concurrent.LinkedBlockingQueue, queueCapacity: 2000, scheduler: class org.apache.hadoop.ipc.DefaultRpcScheduler, ipcBackoff: false.
2022-07-30 01:48:33,310 [ReplicationMonitor] INFO  replication.ReplicationManager (ReplicationManager.java:processAll(249)) - Replication Manager is not ready to run until 3000ms after safemode exit
2022-07-30 01:48:33,324 [Listener at 0.0.0.0/39231] INFO  ipc.CallQueueManager (CallQueueManager.java:<init>(90)) - Using callQueue: class java.util.concurrent.LinkedBlockingQueue, queueCapacity: 2000, scheduler: class org.apache.hadoop.ipc.DefaultRpcScheduler, ipcBackoff: false.
2022-07-30 01:48:33,324 [Socket Reader #1 for port 0] INFO  ipc.Server (Server.java:run(1265)) - Starting Socket Reader #1 for port 0
2022-07-30 01:48:33,325 [Listener at 0.0.0.0/36209] INFO  ipc.CallQueueManager (CallQueueManager.java:<init>(90)) - Using callQueue: class java.util.concurrent.LinkedBlockingQueue, queueCapacity: 2000, scheduler: class org.apache.hadoop.ipc.DefaultRpcScheduler, ipcBackoff: false.
2022-07-30 01:48:33,326 [Socket Reader #1 for port 0] INFO  ipc.Server (Server.java:run(1265)) - Starting Socket Reader #1 for port 0
2022-07-30 01:48:33,331 [Socket Reader #1 for port 0] INFO  ipc.Server (Server.java:run(1265)) - Starting Socket Reader #1 for port 0
2022-07-30 01:48:33,405 [Listener at 0.0.0.0/34821] INFO  ha.SCMServiceManager (SCMServiceManager.java:register(42)) - Registering service ContainerBalancer.
2022-07-30 01:48:33,405 [Listener at 0.0.0.0/34821] INFO  server.StorageContainerManager (StorageContainerManager.java:<init>(406)) - 
Container Balancer status:
Key                            Value
Running                        false
Container Balancer Configuration values:
Key                                                Value
Threshold                                          10
Max Datanodes to Involve per Iteration(percent)    20
Max Size to Move per Iteration                     500GB
Max Size Entering Target per Iteration             26GB
Max Size Leaving Source per Iteration              26GB

2022-07-30 01:48:33,405 [Listener at 0.0.0.0/34821] WARN  events.EventQueue (EventQueue.java:fireEvent(216)) - No event handler registered for event TypedEvent{payloadType=SafeModeStatus, name='Safe mode status'}
2022-07-30 01:48:33,405 [Listener at 0.0.0.0/34821] INFO  ha.SCMContext (SCMContext.java:updateSafeModeStatus(228)) - Update SafeModeStatus from SafeModeStatus{safeModeStatus=true, preCheckPassed=false} to SafeModeStatus{safeModeStatus=true, preCheckPassed=false}.
2022-07-30 01:48:33,407 [Listener at 0.0.0.0/34821] INFO  server.StorageContainerManager (StorageContainerManager.java:start(1460)) - StorageContainerLocationProtocol RPC server is listening at /0.0.0.0:34821
2022-07-30 01:48:33,420 [Listener at 0.0.0.0/34821] WARN  impl.MetricsConfig (MetricsConfig.java:loadFirst(136)) - Cannot locate configuration: tried hadoop-metrics2-storagecontainermanager.properties,hadoop-metrics2.properties
2022-07-30 01:48:33,424 [Listener at 0.0.0.0/34821] INFO  impl.MetricsSystemImpl (MetricsSystemImpl.java:startTimer(378)) - Scheduled Metric snapshot period at 10 second(s).
2022-07-30 01:48:33,425 [Listener at 0.0.0.0/34821] INFO  impl.MetricsSystemImpl (MetricsSystemImpl.java:start(191)) - StorageContainerManager metrics system started
2022-07-30 01:48:33,459 [Listener at 0.0.0.0/34821] INFO  impl.MetricsSinkAdapter (MetricsSinkAdapter.java:start(204)) - Sink prometheus started
2022-07-30 01:48:33,484 [Listener at 0.0.0.0/34821] INFO  impl.MetricsSystemImpl (MetricsSystemImpl.java:registerSink(305)) - Registered sink prometheus
2022-07-30 01:48:33,521 [Listener at 0.0.0.0/34821] INFO  server.SCMClientProtocolServer (SCMClientProtocolServer.java:start(170)) - RPC server for Client  is listening at /0.0.0.0:34821
2022-07-30 01:48:33,527 [IPC Server Responder] INFO  ipc.Server (Server.java:run(1507)) - IPC Server Responder: starting
2022-07-30 01:48:33,541 [IPC Server listener on 0] INFO  ipc.Server (Server.java:run(1344)) - IPC Server listener on 0: starting
2022-07-30 01:48:33,555 [Listener at 0.0.0.0/34821] INFO  server.StorageContainerManager (StorageContainerManager.java:start(1475)) - ScmBlockLocationProtocol RPC server is listening at /0.0.0.0:36209
2022-07-30 01:48:33,556 [Listener at 0.0.0.0/34821] INFO  server.SCMBlockProtocolServer (SCMBlockProtocolServer.java:start(152)) - RPC server for Block Protocol is listening at /0.0.0.0:36209
2022-07-30 01:48:33,562 [IPC Server Responder] INFO  ipc.Server (Server.java:run(1507)) - IPC Server Responder: starting
2022-07-30 01:48:33,562 [IPC Server listener on 0] INFO  ipc.Server (Server.java:run(1344)) - IPC Server listener on 0: starting
2022-07-30 01:48:33,631 [Listener at 0.0.0.0/34821] INFO  server.SCMDatanodeProtocolServer (SCMDatanodeProtocolServer.java:start(186)) - ScmDatanodeProtocol RPC server for DataNodes is listening at /0.0.0.0:39231
2022-07-30 01:48:33,632 [IPC Server Responder] INFO  ipc.Server (Server.java:run(1507)) - IPC Server Responder: starting
2022-07-30 01:48:33,632 [IPC Server listener on 0] INFO  ipc.Server (Server.java:run(1344)) - IPC Server listener on 0: starting
2022-07-30 01:48:33,682 [Listener at 0.0.0.0/34821] INFO  http.BaseHttpServer (BaseHttpServer.java:newHttpServer2BuilderForOzone(209)) - Starting Web-server for scm at: http://0.0.0.0:0
2022-07-30 01:48:33,683 [Listener at 0.0.0.0/34821] INFO  http.BaseHttpServer (BaseHttpServer.java:<init>(107)) - Hadoop Security Enabled: false Ozone Security Enabled: false Ozone HTTP Security Enabled: false 
2022-07-30 01:48:33,685 [org.apache.hadoop.util.JvmPauseMonitor$Monitor@35f375] INFO  util.JvmPauseMonitor (JvmPauseMonitor.java:run(188)) - Starting JVM pause monitor
2022-07-30 01:48:33,685 [Listener at 0.0.0.0/34821] INFO  server.AuthenticationFilter (AuthenticationFilter.java:constructSecretProvider(240)) - Unable to initialize FileSignerSecretProvider, falling back to use random secrets.
2022-07-30 01:48:33,703 [Listener at 0.0.0.0/34821] WARN  http.HttpRequestLog (HttpRequestLog.java:getRequestLog(103)) - Jetty request log can only be enabled using Log4j
2022-07-30 01:48:33,705 [Listener at 0.0.0.0/34821] INFO  http.HttpServer2 (HttpServer2.java:addGlobalFilter(1029)) - Added global filter 'safety' (class=org.apache.hadoop.hdds.server.http.HttpServer2$QuotingInputFilter)
2022-07-30 01:48:33,721 [Listener at 0.0.0.0/34821] INFO  http.HttpServer2 (HttpServer2.java:addFilter(1005)) - Added filter static_user_filter (class=org.apache.hadoop.http.lib.StaticUserWebFilter$StaticUserFilter) to context scm
2022-07-30 01:48:33,721 [Listener at 0.0.0.0/34821] INFO  http.HttpServer2 (HttpServer2.java:addFilter(1013)) - Added filter static_user_filter (class=org.apache.hadoop.http.lib.StaticUserWebFilter$StaticUserFilter) to context logs
2022-07-30 01:48:33,721 [Listener at 0.0.0.0/34821] INFO  http.HttpServer2 (HttpServer2.java:addFilter(1013)) - Added filter static_user_filter (class=org.apache.hadoop.http.lib.StaticUserWebFilter$StaticUserFilter) to context static
2022-07-30 01:48:33,723 [Listener at 0.0.0.0/34821] INFO  http.HttpServer2 (HttpServer2.java:bindListener(1248)) - Jetty bound to port 44817
2022-07-30 01:48:33,723 [Listener at 0.0.0.0/34821] INFO  server.Server (Server.java:doStart(375)) - jetty-9.4.43.v20210629; built: 2021-06-30T11:07:22.254Z; git: 526006ecfa3af7f1a27ef3a288e2bef7ea9dd7e8; jvm 1.8.0_332-b09
2022-07-30 01:48:33,736 [Listener at 0.0.0.0/34821] INFO  server.session (DefaultSessionIdManager.java:doStart(334)) - DefaultSessionIdManager workerName=node0
2022-07-30 01:48:33,736 [Listener at 0.0.0.0/34821] INFO  server.session (DefaultSessionIdManager.java:doStart(339)) - No SessionScavenger set, using defaults
2022-07-30 01:48:33,736 [Listener at 0.0.0.0/34821] INFO  server.session (HouseKeeper.java:startScavenging(132)) - node0 Scavenging every 660000ms
2022-07-30 01:48:33,745 [Listener at 0.0.0.0/34821] INFO  handler.ContextHandler (ContextHandler.java:doStart(915)) - Started o.e.j.s.ServletContextHandler@73781be{logs,/logs,file:///home/runner/work/ozone/ozone/hadoop-ozone/integration-test/target/log,AVAILABLE}
2022-07-30 01:48:33,745 [Listener at 0.0.0.0/34821] INFO  handler.ContextHandler (ContextHandler.java:doStart(915)) - Started o.e.j.s.ServletContextHandler@26e729ea{static,/static,file:///home/runner/work/ozone/ozone/hadoop-ozone/integration-test/target/test-classes/webapps/static,AVAILABLE}
2022-07-30 01:48:33,766 [Listener at 0.0.0.0/34821] INFO  handler.ContextHandler (ContextHandler.java:doStart(915)) - Started o.e.j.w.WebAppContext@699b019c{scm,/,file:///home/runner/work/ozone/ozone/hadoop-ozone/integration-test/target/test-classes/webapps/scm/,AVAILABLE}{file:/home/runner/work/ozone/ozone/hadoop-ozone/integration-test/target/test-classes/webapps/scm}
2022-07-30 01:48:33,777 [Listener at 0.0.0.0/34821] INFO  server.AbstractConnector (AbstractConnector.java:doStart(331)) - Started ServerConnector@47ca97ee{HTTP/1.1, (http/1.1)}{0.0.0.0:44817}
2022-07-30 01:48:33,777 [Listener at 0.0.0.0/34821] INFO  server.Server (Server.java:doStart(415)) - Started @83155ms
2022-07-30 01:48:33,777 [Listener at 0.0.0.0/34821] WARN  impl.MetricsSystemImpl (MetricsSystemImpl.java:register(279)) - Sink prometheus already exists!
2022-07-30 01:48:33,778 [Listener at 0.0.0.0/34821] INFO  http.BaseHttpServer (BaseHttpServer.java:updateConnectorAddress(329)) - HTTP server of scm listening at http://0.0.0.0:44817
2022-07-30 01:48:33,779 [Listener at 0.0.0.0/34821] WARN  server.ServerUtils (ServerUtils.java:getDBPath(225)) - ozone.om.db.dirs is not configured. We recommend adding this setting. Falling back to ozone.metadata.dirs instead.
2022-07-30 01:48:33,782 [Listener at 0.0.0.0/34821] INFO  ha.OMHANodeDetails (OMHANodeDetails.java:loadOMHAConfig(115)) - ozone.om.internal.service.id is not defined, falling back to ozone.om.service.ids to find serviceID for OzoneManager if it is HA enabled cluster
2022-07-30 01:48:33,782 [Listener at 0.0.0.0/34821] INFO  ha.OMHANodeDetails (OMHANodeDetails.java:loadOMHAConfig(226)) - Configuration does not have ozone.om.address set. Falling back to the default OM address /127.0.0.1:0
2022-07-30 01:48:33,782 [Listener at 0.0.0.0/34821] INFO  ha.OMHANodeDetails (OMHANodeDetails.java:getOMNodeDetailsForNonHA(254)) - OM Service ID is not set. Setting it to the default ID: omServiceIdDefault
2022-07-30 01:48:33,782 [Listener at 0.0.0.0/34821] INFO  ha.OMHANodeDetails (OMHANodeDetails.java:getOMNodeDetailsForNonHA(261)) - OM Node ID is not set. Setting it to the default ID: om1
2022-07-30 01:48:33,783 [Listener at 0.0.0.0/34821] WARN  server.ServerUtils (ServerUtils.java:getDBPath(225)) - ozone.om.db.dirs is not configured. We recommend adding this setting. Falling back to ozone.metadata.dirs instead.
2022-07-30 01:48:33,783 [Listener at 0.0.0.0/34821] INFO  upgrade.AbstractLayoutVersionManager (AbstractLayoutVersionManager.java:init(83)) - Initializing Layout version manager with metadata layout = MULTITENANCY_SCHEMA (version = 3), software layout = MULTITENANCY_SCHEMA (version = 3)
2022-07-30 01:48:34,053 [Listener at 0.0.0.0/34821] INFO  reflections.Reflections (Reflections.java:scan(232)) - Reflections took 269 ms to scan 2 urls, producing 152 keys and 424 values [using 2 cores]
2022-07-30 01:48:34,053 [Listener at 0.0.0.0/34821] INFO  upgrade.OMLayoutVersionManager (OMLayoutVersionManager.java:lambda$0(115)) - Skipping Upgrade Action MockOmUpgradeAction since it has been finalized.
2022-07-30 01:48:34,054 [Listener at 0.0.0.0/34821] WARN  server.ServerUtils (ServerUtils.java:getDBPath(225)) - ozone.om.db.dirs is not configured. We recommend adding this setting. Falling back to ozone.metadata.dirs instead.
2022-07-30 01:48:34,054 [Listener at 0.0.0.0/34821] INFO  proxy.SCMBlockLocationFailoverProxyProvider (SCMBlockLocationFailoverProxyProvider.java:<init>(114)) - Created block location fail-over proxy with 1 nodes: [nodeId=scmNodeId,nodeAddress=/0.0.0.0:36209]
2022-07-30 01:48:34,056 [Listener at 0.0.0.0/34821] INFO  proxy.SCMBlockLocationFailoverProxyProvider (SCMBlockLocationFailoverProxyProvider.java:<init>(114)) - Created block location fail-over proxy with 1 nodes: [nodeId=scmNodeId,nodeAddress=/0.0.0.0:36209]
2022-07-30 01:48:34,074 [Listener at 0.0.0.0/34821] WARN  server.ServerUtils (ServerUtils.java:getDBPath(225)) - ozone.om.db.dirs is not configured. We recommend adding this setting. Falling back to ozone.metadata.dirs instead.
2022-07-30 01:48:34,075 [Listener at 0.0.0.0/34821] INFO  codec.OmKeyInfoCodec (OmKeyInfoCodec.java:<init>(49)) - OmKeyInfoCodec ignorePipeline = true
2022-07-30 01:48:34,075 [Listener at 0.0.0.0/34821] INFO  codec.RepeatedOmKeyInfoCodec (RepeatedOmKeyInfoCodec.java:<init>(41)) - RepeatedOmKeyInfoCodec ignorePipeline = true
2022-07-30 01:48:34,482 [Listener at 0.0.0.0/34821] INFO  om.OzoneManager (OzoneManager.java:instantiateServices(696)) - S3 Multi-Tenancy is disabled
2022-07-30 01:48:34,483 [Listener at 0.0.0.0/34821] INFO  om.OzoneManager (OzoneManager.java:addS3GVolumeToDB(4307)) - Created Volume s3v With Owner runner required for S3Gateway operations.
2022-07-30 01:48:34,485 [Listener at 0.0.0.0/34821] WARN  server.ServerUtils (ServerUtils.java:getDefaultRatisDirectory(237)) - Storage directory for Ratis is not configured. It is a good idea to map this to an SSD disk. Falling back to ozone.metadata.dirs
2022-07-30 01:48:34,485 [Listener at 0.0.0.0/34821] WARN  utils.OzoneManagerRatisUtils (OzoneManagerRatisUtils.java:getOMRatisSnapshotDirectory(431)) - ozone.om.ratis.snapshot.dir is not configured. Falling back to ozone.metadata.dirs config
2022-07-30 01:48:34,485 [Listener at 0.0.0.0/34821] WARN  impl.MetricRegistriesImpl (MetricRegistriesImpl.java:addReporterRegistration(111)) - New reporters are added after registries were created. Some metrics will be missing from the reporter. Please add reporter before adding any new registry.
2022-07-30 01:48:34,485 [Listener at 0.0.0.0/34821] WARN  impl.MetricRegistriesImpl (MetricRegistriesImpl.java:addReporterRegistration(111)) - New reporters are added after registries were created. Some metrics will be missing from the reporter. Please add reporter before adding any new registry.
2022-07-30 01:48:34,485 [Listener at 0.0.0.0/34821] WARN  server.ServerUtils (ServerUtils.java:getDefaultRatisDirectory(237)) - Storage directory for Ratis is not configured. It is a good idea to map this to an SSD disk. Falling back to ozone.metadata.dirs
2022-07-30 01:48:34,487 [Listener at 0.0.0.0/34821] INFO  ratis.OzoneManagerRatisServer (OzoneManagerRatisServer.java:<init>(159)) - Instantiating OM Ratis server with groupID: omServiceIdDefault and peers: localhost:9872
2022-07-30 01:48:34,487 [Listener at 0.0.0.0/34821] INFO  ratis.OzoneManagerStateMachine (OzoneManagerStateMachine.java:loadSnapshotInfoFromDB(632)) - LastAppliedIndex is set from TransactionInfo from OM DB as (t:0, i:~)
2022-07-30 01:48:34,497 [Listener at 0.0.0.0/34821] INFO  server.RaftServer (ConfUtils.java:logGet(46)) - raft.rpc.type = GRPC (default)
2022-07-30 01:48:34,497 [Listener at 0.0.0.0/34821] INFO  grpc.GrpcFactory (GrpcFactory.java:checkPooledByteBufAllocatorUseCacheForAllThreads(48)) - PERFORMANCE WARNING: useCacheForAllThreads is true that may cause Netty to create a lot garbage objects and, as a result, trigger GC.
	It is recommended to disable useCacheForAllThreads by setting -Dorg.apache.ratis.thirdparty.io.netty.allocator.useCacheForAllThreads=false in command line.
2022-07-30 01:48:34,497 [Listener at 0.0.0.0/34821] INFO  grpc.GrpcConfigKeys (ConfUtils.java:logGet(46)) - raft.grpc.admin.port = -1 (default)
2022-07-30 01:48:34,498 [Listener at 0.0.0.0/34821] INFO  grpc.GrpcConfigKeys (ConfUtils.java:logGet(46)) - raft.grpc.server.port = 9872 (custom)
2022-07-30 01:48:34,498 [Listener at 0.0.0.0/34821] INFO  grpc.GrpcConfigKeys (ConfUtils.java:logGet(46)) - raft.grpc.client.port = -1 (default)
2022-07-30 01:48:34,498 [Listener at 0.0.0.0/34821] INFO  grpc.GrpcConfigKeys (ConfUtils.java:logGet(46)) - raft.grpc.server.port = 9872 (custom)
2022-07-30 01:48:34,498 [Listener at 0.0.0.0/34821] INFO  grpc.GrpcConfigKeys (ConfUtils.java:logGet(46)) - raft.grpc.server.port = 9872 (custom)
2022-07-30 01:48:34,498 [Listener at 0.0.0.0/34821] INFO  server.GrpcService (ConfUtils.java:logGet(46)) - raft.grpc.message.size.max = 33554432 (custom)
2022-07-30 01:48:34,498 [Listener at 0.0.0.0/34821] INFO  server.RaftServerConfigKeys (ConfUtils.java:logGet(46)) - raft.server.log.appender.buffer.byte-limit = 33554432 (custom)
2022-07-30 01:48:34,498 [Listener at 0.0.0.0/34821] INFO  server.GrpcService (ConfUtils.java:logGet(46)) - raft.grpc.flow.control.window = 1MB (=1048576) (default)
2022-07-30 01:48:34,498 [Listener at 0.0.0.0/34821] INFO  server.RaftServerConfigKeys (ConfUtils.java:logGet(46)) - raft.server.rpc.request.timeout = 3000ms (default)
2022-07-30 01:48:34,499 [Listener at 0.0.0.0/34821] INFO  grpc.GrpcConfigKeys (ConfUtils.java:logGet(46)) - raft.grpc.server.async.request.thread.pool.cached = true (default)
2022-07-30 01:48:34,499 [Listener at 0.0.0.0/34821] INFO  grpc.GrpcConfigKeys (ConfUtils.java:logGet(46)) - raft.grpc.server.async.request.thread.pool.size = 32 (default)
2022-07-30 01:48:34,501 [Listener at 0.0.0.0/34821] INFO  impl.DataStreamServerImpl (ConfUtils.java:logGet(46)) - raft.datastream.type = DISABLED (default)
2022-07-30 01:48:34,501 [Listener at 0.0.0.0/34821] INFO  server.RaftServerConfigKeys (ConfUtils.java:logGet(46)) - raft.server.threadpool.proxy.cached = true (default)
2022-07-30 01:48:34,501 [Listener at 0.0.0.0/34821] INFO  server.RaftServerConfigKeys (ConfUtils.java:logGet(46)) - raft.server.threadpool.proxy.size = 0 (default)
2022-07-30 01:48:34,501 [Listener at 0.0.0.0/34821] INFO  server.RaftServerConfigKeys (ConfUtils.java:logGet(46)) - raft.server.rpc.slowness.timeout = 120s (custom)
2022-07-30 01:48:34,501 [Listener at 0.0.0.0/34821] INFO  server.RaftServerConfigKeys (ConfUtils.java:logGet(46)) - raft.server.leaderelection.leader.step-down.wait-time = 10s (default)
2022-07-30 01:48:34,502 [Listener at 0.0.0.0/34821] INFO  server.RaftServerConfigKeys (ConfUtils.java:logGet(46)) - raft.server.storage.dir = [/home/runner/work/ozone/ozone/hadoop-ozone/integration-test/target/test-dir/MiniOzoneClusterImpl-c8472f64-5143-4d61-85a0-9e96bab939e3/ozone-meta/ratis] (custom)
2022-07-30 01:48:34,503 [Listener at 0.0.0.0/34821] INFO  server.RaftServer (RaftServerProxy.java:addNew(96)) - om1: addNew group-C5BA1605619E:[om1|rpc:localhost:9872|priority:0] returns group-C5BA1605619E:java.util.concurrent.CompletableFuture@5db00e50[Not completed]
2022-07-30 01:48:34,503 [Listener at 0.0.0.0/34821] INFO  om.OzoneManager (OzoneManager.java:initializeRatisServer(1962)) - OzoneManager Ratis server initialized at port 9872
2022-07-30 01:48:34,504 [Listener at 0.0.0.0/34821] INFO  om.OzoneManager (OzoneManager.java:getRpcServer(1085)) - Creating RPC Server
2022-07-30 01:48:34,532 [pool-317-thread-1] INFO  server.RaftServer$Division (RaftServerImpl.java:<init>(190)) - om1: new RaftServerImpl for group-C5BA1605619E:[om1|rpc:localhost:9872|priority:0] with OzoneManagerStateMachine:uninitialized
2022-07-30 01:48:34,532 [pool-317-thread-1] INFO  server.RaftServerConfigKeys (ConfUtils.java:logGet(46)) - raft.server.rpc.timeout.min = 1s (custom)
2022-07-30 01:48:34,532 [pool-317-thread-1] INFO  server.RaftServerConfigKeys (ConfUtils.java:logGet(46)) - raft.server.rpc.timeout.max = 1200ms (custom)
2022-07-30 01:48:34,532 [pool-317-thread-1] INFO  server.RaftServerConfigKeys (ConfUtils.java:logGet(46)) - raft.server.rpc.sleep.time = 25ms (default)
2022-07-30 01:48:34,532 [pool-317-thread-1] INFO  server.RaftServerConfigKeys (ConfUtils.java:logGet(46)) - raft.server.rpc.slowness.timeout = 120s (custom)
2022-07-30 01:48:34,532 [pool-317-thread-1] INFO  server.RaftServerConfigKeys (ConfUtils.java:logGet(46)) - raft.server.leaderelection.leader.step-down.wait-time = 10s (default)
2022-07-30 01:48:34,532 [pool-317-thread-1] INFO  server.RaftServerConfigKeys (ConfUtils.java:logGet(46)) - raft.server.sleep.deviation.threshold = 300ms (default)
2022-07-30 01:48:34,532 [pool-317-thread-1] INFO  server.RaftServer$Division (ServerState.java:<init>(107)) - om1@group-C5BA1605619E: ConfigurationManager, init=-1: [om1|rpc:localhost:9872|priority:0], old=null, confs=<EMPTY_MAP>
2022-07-30 01:48:34,532 [pool-317-thread-1] INFO  server.RaftServerConfigKeys (ConfUtils.java:logGet(46)) - raft.server.storage.dir = [/home/runner/work/ozone/ozone/hadoop-ozone/integration-test/target/test-dir/MiniOzoneClusterImpl-c8472f64-5143-4d61-85a0-9e96bab939e3/ozone-meta/ratis] (custom)
2022-07-30 01:48:34,532 [pool-317-thread-1] INFO  server.RaftServerConfigKeys (ConfUtils.java:logGet(46)) - raft.server.log.corruption.policy = EXCEPTION (default)
2022-07-30 01:48:34,533 [pool-317-thread-1] INFO  server.RaftServerConfigKeys (ConfUtils.java:logGet(46)) - raft.server.storage.free-space.min = 0MB (=0) (default)
2022-07-30 01:48:34,533 [pool-317-thread-1] INFO  storage.RaftStorageDirectory (RaftStorageDirectoryImpl.java:analyzeStorage(135)) - The storage directory /home/runner/work/ozone/ozone/hadoop-ozone/integration-test/target/test-dir/MiniOzoneClusterImpl-c8472f64-5143-4d61-85a0-9e96bab939e3/ozone-meta/ratis/bf265839-605b-3f16-9796-c5ba1605619e does not exist. Creating ...
2022-07-30 01:48:34,536 [pool-317-thread-1] INFO  storage.RaftStorageDirectory (RaftStorageDirectoryImpl.java:tryLock(230)) - Lock on /home/runner/work/ozone/ozone/hadoop-ozone/integration-test/target/test-dir/MiniOzoneClusterImpl-c8472f64-5143-4d61-85a0-9e96bab939e3/ozone-meta/ratis/bf265839-605b-3f16-9796-c5ba1605619e/in_use.lock acquired by nodename 10860@fv-az297-62
2022-07-30 01:48:34,563 [pool-317-thread-1] INFO  storage.RaftStorage (RaftStorageImpl.java:format(89)) - Storage directory /home/runner/work/ozone/ozone/hadoop-ozone/integration-test/target/test-dir/MiniOzoneClusterImpl-c8472f64-5143-4d61-85a0-9e96bab939e3/ozone-meta/ratis/bf265839-605b-3f16-9796-c5ba1605619e has been successfully formatted.
2022-07-30 01:48:34,575 [pool-317-thread-1] INFO  server.RaftServerConfigKeys (ConfUtils.java:logGet(46)) - raft.server.notification.no-leader.timeout = 120s (custom)
2022-07-30 01:48:34,575 [pool-317-thread-1] INFO  server.RaftServerConfigKeys (ConfUtils.java:logGet(46)) - raft.server.log.use.memory = false (default)
2022-07-30 01:48:34,576 [pool-317-thread-1] INFO  server.RaftServerConfigKeys (ConfUtils.java:logGet(46)) - raft.server.log.purge.gap = 1000000 (custom)
2022-07-30 01:48:34,576 [pool-317-thread-1] INFO  server.RaftServerConfigKeys (ConfUtils.java:logGet(46)) - raft.server.log.appender.buffer.byte-limit = 33554432 (custom)
2022-07-30 01:48:34,576 [pool-317-thread-1] INFO  server.RaftServerConfigKeys (ConfUtils.java:logGet(46)) - raft.server.log.statemachine.data.read.timeout = 1000ms (default)
2022-07-30 01:48:34,576 [pool-317-thread-1] INFO  server.RaftServerConfigKeys (ConfUtils.java:logGet(46)) - raft.server.log.segment.size.max = 4194304 (custom)
2022-07-30 01:48:34,577 [pool-317-thread-1] INFO  server.RaftServerConfigKeys (ConfUtils.java:logGet(46)) - raft.server.log.segment.cache.num.max = 2 (custom)
2022-07-30 01:48:34,577 [pool-317-thread-1] INFO  server.RaftServerConfigKeys (ConfUtils.java:logGet(46)) - raft.server.log.segment.cache.size.max = 200MB (=209715200) (default)
2022-07-30 01:48:34,577 [pool-317-thread-1] INFO  segmented.SegmentedRaftLogWorker (SegmentedRaftLogWorker.java:<init>(187)) - new om1@group-C5BA1605619E-SegmentedRaftLogWorker for RaftStorageImpl:Storage Directory /home/runner/work/ozone/ozone/hadoop-ozone/integration-test/target/test-dir/MiniOzoneClusterImpl-c8472f64-5143-4d61-85a0-9e96bab939e3/ozone-meta/ratis/bf265839-605b-3f16-9796-c5ba1605619e
2022-07-30 01:48:34,577 [pool-317-thread-1] INFO  server.RaftServerConfigKeys (ConfUtils.java:logGet(46)) - raft.server.log.queue.byte-limit = 64MB (=67108864) (default)
2022-07-30 01:48:34,577 [pool-317-thread-1] INFO  server.RaftServerConfigKeys (ConfUtils.java:logGet(46)) - raft.server.log.queue.element-limit = 4096 (default)
2022-07-30 01:48:34,577 [pool-317-thread-1] INFO  server.RaftServerConfigKeys (ConfUtils.java:logGet(46)) - raft.server.log.segment.size.max = 4194304 (custom)
2022-07-30 01:48:34,577 [pool-317-thread-1] INFO  server.RaftServerConfigKeys (ConfUtils.java:logGet(46)) - raft.server.log.preallocated.size = 4194304 (custom)
2022-07-30 01:48:34,577 [pool-317-thread-1] INFO  server.RaftServerConfigKeys (ConfUtils.java:logGet(46)) - raft.server.log.force.sync.num = 128 (default)
2022-07-30 01:48:34,577 [pool-317-thread-1] INFO  server.RaftServerConfigKeys (ConfUtils.java:logGet(46)) - raft.server.log.statemachine.data.sync = true (default)
2022-07-30 01:48:34,577 [pool-317-thread-1] INFO  server.RaftServerConfigKeys (ConfUtils.java:logGet(46)) - raft.server.log.statemachine.data.sync.timeout = 10s (default)
2022-07-30 01:48:34,577 [pool-317-thread-1] INFO  server.RaftServerConfigKeys (ConfUtils.java:logGet(46)) - raft.server.log.statemachine.data.sync.timeout.retry = -1 (default)
2022-07-30 01:48:34,578 [pool-317-thread-1] INFO  server.RaftServerConfigKeys (ConfUtils.java:logGet(46)) - raft.server.log.write.buffer.size = 64KB (=65536) (default)
2022-07-30 01:48:34,578 [pool-317-thread-1] INFO  server.RaftServerConfigKeys (ConfUtils.java:logGet(46)) - raft.server.log.unsafe-flush.enabled = false (default)
2022-07-30 01:48:34,578 [pool-317-thread-1] INFO  server.RaftServerConfigKeys (ConfUtils.java:logGet(46)) - raft.server.log.statemachine.data.caching.enabled = false (default)
2022-07-30 01:48:34,578 [pool-317-thread-1] INFO  segmented.SegmentedRaftLogWorker (SegmentedRaftLogWorker.java:lambda$new$0(135)) - om1@group-C5BA1605619E-SegmentedRaftLogWorker: flushIndex: setUnconditionally 0 -> -1
2022-07-30 01:48:34,579 [pool-317-thread-1] INFO  segmented.SegmentedRaftLogWorker (SegmentedRaftLogWorker.java:lambda$new$0(135)) - om1@group-C5BA1605619E-SegmentedRaftLogWorker: safeCacheEvictIndex: setUnconditionally 0 -> -1
2022-07-30 01:48:34,592 [pool-317-thread-1] INFO  server.RaftServerConfigKeys (ConfUtils.java:logGet(46)) - raft.server.snapshot.auto.trigger.enabled = true (custom)
2022-07-30 01:48:34,592 [pool-317-thread-1] INFO  server.RaftServerConfigKeys (ConfUtils.java:logGet(46)) - raft.server.snapshot.auto.trigger.threshold = 400000 (default)
2022-07-30 01:48:34,592 [pool-317-thread-1] INFO  server.RaftServerConfigKeys (ConfUtils.java:logGet(46)) - raft.server.snapshot.retention.file.num = -1 (default)
2022-07-30 01:48:34,592 [pool-317-thread-1] INFO  server.RaftServerConfigKeys (ConfUtils.java:logGet(46)) - raft.server.log.purge.upto.snapshot.index = true (custom)
2022-07-30 01:48:34,592 [pool-317-thread-1] INFO  server.RaftServerConfigKeys (ConfUtils.java:logGet(46)) - raft.server.retrycache.expirytime = 300s (custom)
2022-07-30 01:48:34,592 [pool-317-thread-1] INFO  server.RaftServerConfigKeys (ConfUtils.java:logGet(46)) - raft.server.retrycache.statistics.expirytime = 100μs (default)
2022-07-30 01:48:34,620 [pool-317-thread-1] INFO  server.RaftServerConfigKeys (ConfUtils.java:logGet(46)) - raft.server.log.appender.install.snapshot.enabled = false (custom)
2022-07-30 01:48:34,620 [pool-317-thread-1] INFO  server.RaftServerConfigKeys (ConfUtils.java:logGet(46)) - raft.server.threadpool.server.cached = true (default)
2022-07-30 01:48:34,620 [pool-317-thread-1] INFO  server.RaftServerConfigKeys (ConfUtils.java:logGet(46)) - raft.server.threadpool.server.size = 0 (default)
2022-07-30 01:48:34,620 [pool-317-thread-1] INFO  server.RaftServerConfigKeys (ConfUtils.java:logGet(46)) - raft.server.threadpool.client.cached = true (default)
2022-07-30 01:48:34,620 [pool-317-thread-1] INFO  server.RaftServerConfigKeys (ConfUtils.java:logGet(46)) - raft.server.threadpool.client.size = 0 (default)
2022-07-30 01:48:35,752 [Listener at 0.0.0.0/34821] INFO  reflections.Reflections (Reflections.java:scan(232)) - Reflections took 1247 ms to scan 19 urls, producing 67 keys and 4138 values [using 2 cores]
2022-07-30 01:48:35,753 [Listener at 0.0.0.0/34821] INFO  ipc.CallQueueManager (CallQueueManager.java:<init>(90)) - Using callQueue: class java.util.concurrent.LinkedBlockingQueue, queueCapacity: 2000, scheduler: class org.apache.hadoop.ipc.DefaultRpcScheduler, ipcBackoff: false.
2022-07-30 01:48:35,755 [Socket Reader #1 for port 0] INFO  ipc.Server (Server.java:run(1265)) - Starting Socket Reader #1 for port 0
2022-07-30 01:48:35,818 [Listener at 127.0.0.1/43571] INFO  impl.MetricsSystemImpl (MetricsSystemImpl.java:init(158)) - OzoneManager metrics system started (again)
2022-07-30 01:48:35,842 [Listener at 127.0.0.1/43571] INFO  om.OzoneManager (OzoneManager.java:start(1469)) - OzoneManager RPC server is listening at localhost/127.0.0.1:43571
2022-07-30 01:48:35,842 [Listener at 127.0.0.1/43571] INFO  ratis.OzoneManagerRatisServer (OzoneManagerRatisServer.java:start(554)) - Starting OzoneManagerRatisServer om1 at port 9872
2022-07-30 01:48:35,863 [om1-impl-thread1] INFO  server.RaftServer$Division (RaftServerImpl.java:start(310)) - om1@group-C5BA1605619E: start as a follower, conf=-1: [om1|rpc:localhost:9872|priority:0], old=null
2022-07-30 01:48:35,864 [om1-impl-thread1] INFO  server.RaftServer$Division (RaftServerImpl.java:setRole(299)) - om1@group-C5BA1605619E: changes role from      null to FOLLOWER at term 0 for startAsFollower
2022-07-30 01:48:35,864 [om1-impl-thread1] INFO  impl.RoleInfo (RoleInfo.java:updateAndGet(139)) - om1: start om1@group-C5BA1605619E-FollowerState
2022-07-30 01:48:35,872 [om1-impl-thread1] INFO  util.JmxRegister (JmxRegister.java:tryRegister(44)) - Successfully registered JMX Bean with object name Ratis:service=RaftServer,group=group-C5BA1605619E,id=om1
2022-07-30 01:48:35,875 [Listener at 127.0.0.1/43571] INFO  server.RaftServer (RaftServerProxy.java:lambda$start$6(382)) - om1: start RPC server
2022-07-30 01:48:35,924 [Listener at 127.0.0.1/43571] INFO  server.GrpcService (GrpcService.java:startImpl(260)) - om1: GrpcService started, listening on 9872
2022-07-30 01:48:35,924 [Listener at 127.0.0.1/43571] INFO  om.OzoneManager (OzoneManager.java:start(1485)) - Version File has different layout version (3) than OM DB (null). That is expected if this OM has never been finalized to a newer layout version.
2022-07-30 01:48:35,927 [org.apache.ratis.util.JvmPauseMonitor$$Lambda$615/1033062816@3c3b644b] INFO  util.JvmPauseMonitor (JvmPauseMonitor.java:run(103)) - JvmPauseMonitor-om1: Started
2022-07-30 01:48:35,940 [Listener at 127.0.0.1/43571] INFO  http.BaseHttpServer (BaseHttpServer.java:newHttpServer2BuilderForOzone(209)) - Starting Web-server for ozoneManager at: http://0.0.0.0:0
2022-07-30 01:48:35,940 [Listener at 127.0.0.1/43571] INFO  http.BaseHttpServer (BaseHttpServer.java:<init>(107)) - Hadoop Security Enabled: false Ozone Security Enabled: false Ozone HTTP Security Enabled: false 
2022-07-30 01:48:35,941 [Listener at 127.0.0.1/43571] INFO  server.AuthenticationFilter (AuthenticationFilter.java:constructSecretProvider(240)) - Unable to initialize FileSignerSecretProvider, falling back to use random secrets.
2022-07-30 01:48:35,953 [Listener at 127.0.0.1/43571] WARN  http.HttpRequestLog (HttpRequestLog.java:getRequestLog(103)) - Jetty request log can only be enabled using Log4j
2022-07-30 01:48:35,962 [Listener at 127.0.0.1/43571] INFO  http.HttpServer2 (HttpServer2.java:addGlobalFilter(1029)) - Added global filter 'safety' (class=org.apache.hadoop.hdds.server.http.HttpServer2$QuotingInputFilter)
2022-07-30 01:48:35,963 [Listener at 127.0.0.1/43571] INFO  http.HttpServer2 (HttpServer2.java:addFilter(1005)) - Added filter static_user_filter (class=org.apache.hadoop.http.lib.StaticUserWebFilter$StaticUserFilter) to context ozoneManager
2022-07-30 01:48:35,963 [Listener at 127.0.0.1/43571] INFO  http.HttpServer2 (HttpServer2.java:addFilter(1013)) - Added filter static_user_filter (class=org.apache.hadoop.http.lib.StaticUserWebFilter$StaticUserFilter) to context static
2022-07-30 01:48:35,963 [Listener at 127.0.0.1/43571] INFO  http.HttpServer2 (HttpServer2.java:addFilter(1013)) - Added filter static_user_filter (class=org.apache.hadoop.http.lib.StaticUserWebFilter$StaticUserFilter) to context logs
2022-07-30 01:48:35,964 [Listener at 127.0.0.1/43571] INFO  http.HttpServer2 (HttpServer2.java:bindListener(1248)) - Jetty bound to port 43843
2022-07-30 01:48:35,964 [Listener at 127.0.0.1/43571] INFO  server.Server (Server.java:doStart(375)) - jetty-9.4.43.v20210629; built: 2021-06-30T11:07:22.254Z; git: 526006ecfa3af7f1a27ef3a288e2bef7ea9dd7e8; jvm 1.8.0_332-b09
2022-07-30 01:48:35,996 [Listener at 127.0.0.1/43571] INFO  server.session (DefaultSessionIdManager.java:doStart(334)) - DefaultSessionIdManager workerName=node0
2022-07-30 01:48:35,996 [Listener at 127.0.0.1/43571] INFO  server.session (DefaultSessionIdManager.java:doStart(339)) - No SessionScavenger set, using defaults
2022-07-30 01:48:35,996 [Listener at 127.0.0.1/43571] INFO  server.session (HouseKeeper.java:startScavenging(132)) - node0 Scavenging every 660000ms
2022-07-30 01:48:36,020 [Listener at 127.0.0.1/43571] INFO  handler.ContextHandler (ContextHandler.java:doStart(915)) - Started o.e.j.s.ServletContextHandler@26a814e6{logs,/logs,file:///home/runner/work/ozone/ozone/hadoop-ozone/integration-test/target/log,AVAILABLE}
2022-07-30 01:48:36,020 [Listener at 127.0.0.1/43571] INFO  handler.ContextHandler (ContextHandler.java:doStart(915)) - Started o.e.j.s.ServletContextHandler@2586ccb7{static,/static,file:///home/runner/work/ozone/ozone/hadoop-ozone/integration-test/target/test-classes/webapps/static,AVAILABLE}
2022-07-30 01:48:36,024 [Listener at 127.0.0.1/43571] INFO  handler.ContextHandler (ContextHandler.java:doStart(915)) - Started o.e.j.w.WebAppContext@29e954ad{ozoneManager,/,file:///home/runner/work/ozone/ozone/hadoop-ozone/integration-test/target/test-classes/webapps/ozoneManager/,AVAILABLE}{file:/home/runner/work/ozone/ozone/hadoop-ozone/integration-test/target/test-classes/webapps/ozoneManager}
2022-07-30 01:48:36,028 [Listener at 127.0.0.1/43571] INFO  server.AbstractConnector (AbstractConnector.java:doStart(331)) - Started ServerConnector@518e87dd{HTTP/1.1, (http/1.1)}{0.0.0.0:43843}
2022-07-30 01:48:36,028 [Listener at 127.0.0.1/43571] INFO  server.Server (Server.java:doStart(415)) - Started @85407ms
2022-07-30 01:48:36,028 [Listener at 127.0.0.1/43571] WARN  impl.MetricsSystemImpl (MetricsSystemImpl.java:register(279)) - Sink prometheus already exists!
2022-07-30 01:48:36,029 [Listener at 127.0.0.1/43571] INFO  http.BaseHttpServer (BaseHttpServer.java:updateConnectorAddress(329)) - HTTP server of ozoneManager listening at http://0.0.0.0:43843
2022-07-30 01:48:36,039 [IPC Server Responder] INFO  ipc.Server (Server.java:run(1507)) - IPC Server Responder: starting
2022-07-30 01:48:36,040 [IPC Server listener on 0] INFO  ipc.Server (Server.java:run(1344)) - IPC Server listener on 0: starting
2022-07-30 01:48:36,099 [Listener at 127.0.0.1/43571] INFO  om.TrashPolicyOzone (TrashPolicyOzone.java:<init>(178)) - Ozone Manager trash configuration: Deletion interval = 0 minutes, Emptier interval = 0 minutes.
2022-07-30 01:48:36,155 [org.apache.hadoop.util.JvmPauseMonitor$Monitor@5b5b772d] INFO  util.JvmPauseMonitor (JvmPauseMonitor.java:run(188)) - Starting JVM pause monitor
2022-07-30 01:48:36,209 [Listener at 127.0.0.1/43571] WARN  impl.MetricRegistriesImpl (MetricRegistriesImpl.java:addReporterRegistration(111)) - New reporters are added after registries were created. Some metrics will be missing from the reporter. Please add reporter before adding any new registry.
2022-07-30 01:48:36,210 [Listener at 127.0.0.1/43571] WARN  impl.MetricRegistriesImpl (MetricRegistriesImpl.java:addReporterRegistration(111)) - New reporters are added after registries were created. Some metrics will be missing from the reporter. Please add reporter before adding any new registry.
2022-07-30 01:48:36,210 [Listener at 127.0.0.1/43571] INFO  impl.MetricsSystemImpl (MetricsSystemImpl.java:init(158)) - HddsDatanode metrics system started (again)
2022-07-30 01:48:36,232 [Listener at 127.0.0.1/43571] INFO  ozone.HddsDatanodeService (HddsDatanodeService.java:start(236)) - HddsDatanodeService host:fv-az297-62.nmf1rxwemy4u5di1sxxf4ejcwb.jx.internal.cloudapp.net ip:10.1.0.37
2022-07-30 01:48:36,321 [Listener at 127.0.0.1/43571] INFO  upgrade.AbstractLayoutVersionManager (AbstractLayoutVersionManager.java:init(83)) - Initializing Layout version manager with metadata layout = DATANODE_SCHEMA_V3 (version = 4), software layout = DATANODE_SCHEMA_V3 (version = 4)
2022-07-30 01:48:36,453 [Listener at 127.0.0.1/43571] INFO  reflections.Reflections (Reflections.java:scan(232)) - Reflections took 131 ms to scan 7 urls, producing 132 keys and 321 values 
2022-07-30 01:48:36,463 [Listener at 127.0.0.1/43571] INFO  statemachine.DatanodeStateMachine (DatanodeStateMachine.java:getEndPointTaskThreadPoolSize(237)) - Datanode State Machine Task Thread Pool size 2
2022-07-30 01:48:36,485 [Listener at 127.0.0.1/43571] INFO  volume.HddsVolume (HddsVolume.java:<init>(116)) - Creating HddsVolume: /home/runner/work/ozone/ozone/hadoop-ozone/integration-test/target/test-dir/MiniOzoneClusterImpl-c8472f64-5143-4d61-85a0-9e96bab939e3/datanode-0/data-0/containers/hdds of storage type : DISK capacity : 9223372036854775807
2022-07-30 01:48:36,486 [Listener at 127.0.0.1/43571] INFO  volume.MutableVolumeSet (MutableVolumeSet.java:initializeVolumeSet(174)) - Added Volume : /home/runner/work/ozone/ozone/hadoop-ozone/integration-test/target/test-dir/MiniOzoneClusterImpl-c8472f64-5143-4d61-85a0-9e96bab939e3/datanode-0/data-0/containers/hdds to VolumeSet
2022-07-30 01:48:36,486 [Listener at 127.0.0.1/43571] INFO  volume.ThrottledAsyncChecker (ThrottledAsyncChecker.java:schedule(141)) - Scheduling a check for /home/runner/work/ozone/ozone/hadoop-ozone/integration-test/target/test-dir/MiniOzoneClusterImpl-c8472f64-5143-4d61-85a0-9e96bab939e3/datanode-0/data-0/containers/hdds
2022-07-30 01:48:36,499 [Listener at 127.0.0.1/43571] INFO  volume.StorageVolumeChecker (StorageVolumeChecker.java:checkAllVolumes(202)) - Scheduled health check for volume /home/runner/work/ozone/ozone/hadoop-ozone/integration-test/target/test-dir/MiniOzoneClusterImpl-c8472f64-5143-4d61-85a0-9e96bab939e3/datanode-0/data-0/containers/hdds
2022-07-30 01:48:36,511 [Listener at 127.0.0.1/43571] INFO  volume.MutableVolumeSet (MutableVolumeSet.java:initializeVolumeSet(174)) - Added Volume : /home/runner/work/ozone/ozone/hadoop-ozone/integration-test/target/test-dir/MiniOzoneClusterImpl-c8472f64-5143-4d61-85a0-9e96bab939e3/datanode-0/data/ratis to VolumeSet
2022-07-30 01:48:36,519 [Listener at 127.0.0.1/43571] INFO  volume.ThrottledAsyncChecker (ThrottledAsyncChecker.java:schedule(141)) - Scheduling a check for /home/runner/work/ozone/ozone/hadoop-ozone/integration-test/target/test-dir/MiniOzoneClusterImpl-c8472f64-5143-4d61-85a0-9e96bab939e3/datanode-0/data/ratis
2022-07-30 01:48:36,521 [Listener at 127.0.0.1/43571] INFO  volume.StorageVolumeChecker (StorageVolumeChecker.java:checkAllVolumes(202)) - Scheduled health check for volume /home/runner/work/ozone/ozone/hadoop-ozone/integration-test/target/test-dir/MiniOzoneClusterImpl-c8472f64-5143-4d61-85a0-9e96bab939e3/datanode-0/data/ratis
2022-07-30 01:48:36,541 [Thread-659] INFO  ozoneimpl.ContainerReader (ContainerReader.java:readVolume(175)) - Finish verifying containers on volume /home/runner/work/ozone/ozone/hadoop-ozone/integration-test/target/test-dir/MiniOzoneClusterImpl-c8472f64-5143-4d61-85a0-9e96bab939e3/datanode-0/data-0/containers/hdds
2022-07-30 01:48:36,541 [Listener at 127.0.0.1/43571] INFO  ozoneimpl.OzoneContainer (OzoneContainer.java:buildContainerSet(299)) - Build ContainerSet costs 0s
2022-07-30 01:48:36,558 [Listener at 127.0.0.1/43571] INFO  server.RaftServer (ConfUtils.java:logGet(46)) - raft.rpc.type = GRPC (default)
2022-07-30 01:48:36,558 [Listener at 127.0.0.1/43571] INFO  grpc.GrpcFactory (GrpcFactory.java:checkPooledByteBufAllocatorUseCacheForAllThreads(48)) - PERFORMANCE WARNING: useCacheForAllThreads is true that may cause Netty to create a lot garbage objects and, as a result, trigger GC.
	It is recommended to disable useCacheForAllThreads by setting -Dorg.apache.ratis.thirdparty.io.netty.allocator.useCacheForAllThreads=false in command line.
2022-07-30 01:48:36,558 [Listener at 127.0.0.1/43571] INFO  grpc.GrpcConfigKeys (ConfUtils.java:logGet(46)) - raft.grpc.admin.port = 0 (custom)
2022-07-30 01:48:36,558 [Listener at 127.0.0.1/43571] INFO  grpc.GrpcConfigKeys (ConfUtils.java:logGet(46)) - raft.grpc.client.port = 0 (custom)
2022-07-30 01:48:36,558 [Listener at 127.0.0.1/43571] INFO  grpc.GrpcConfigKeys (ConfUtils.java:logGet(46)) - raft.grpc.server.port = 0 (default)
2022-07-30 01:48:36,558 [Listener at 127.0.0.1/43571] INFO  server.GrpcService (ConfUtils.java:logGet(46)) - raft.grpc.message.size.max = 32MB (=33554432) (custom)
2022-07-30 01:48:36,559 [Listener at 127.0.0.1/43571] INFO  server.RaftServerConfigKeys (ConfUtils.java:logGet(46)) - raft.server.log.appender.buffer.byte-limit = 33554432 (custom)
2022-07-30 01:48:36,559 [Listener at 127.0.0.1/43571] INFO  server.GrpcService (ConfUtils.java:logGet(46)) - raft.grpc.flow.control.window = 5MB (=5242880) (custom)
2022-07-30 01:48:36,559 [Listener at 127.0.0.1/43571] INFO  server.RaftServerConfigKeys (ConfUtils.java:logGet(46)) - raft.server.rpc.request.timeout = 60s (custom)
2022-07-30 01:48:36,559 [Listener at 127.0.0.1/43571] INFO  grpc.GrpcConfigKeys (ConfUtils.java:logGet(46)) - raft.grpc.server.async.request.thread.pool.cached = true (default)
2022-07-30 01:48:36,559 [Listener at 127.0.0.1/43571] INFO  grpc.GrpcConfigKeys (ConfUtils.java:logGet(46)) - raft.grpc.server.async.request.thread.pool.size = 32 (default)
2022-07-30 01:48:36,561 [Listener at 127.0.0.1/43571] INFO  impl.DataStreamServerImpl (ConfUtils.java:logGet(46)) - raft.datastream.type = DISABLED (default)
2022-07-30 01:48:36,561 [Listener at 127.0.0.1/43571] INFO  server.RaftServerConfigKeys (ConfUtils.java:logGet(46)) - raft.server.threadpool.proxy.cached = true (default)
2022-07-30 01:48:36,561 [Listener at 127.0.0.1/43571] INFO  server.RaftServerConfigKeys (ConfUtils.java:logGet(46)) - raft.server.threadpool.proxy.size = 0 (default)
2022-07-30 01:48:36,561 [Listener at 127.0.0.1/43571] INFO  server.RaftServerConfigKeys (ConfUtils.java:logGet(46)) - raft.server.rpc.slowness.timeout = 300s (custom)
2022-07-30 01:48:36,562 [Listener at 127.0.0.1/43571] INFO  server.RaftServerConfigKeys (ConfUtils.java:logGet(46)) - raft.server.leaderelection.leader.step-down.wait-time = 10s (default)
2022-07-30 01:48:36,562 [Listener at 127.0.0.1/43571] INFO  server.RaftServerConfigKeys (ConfUtils.java:logGet(46)) - raft.server.storage.dir = [/home/runner/work/ozone/ozone/hadoop-ozone/integration-test/target/test-dir/MiniOzoneClusterImpl-c8472f64-5143-4d61-85a0-9e96bab939e3/datanode-0/data/ratis] (custom)
2022-07-30 01:48:36,563 [Listener at 127.0.0.1/43571] INFO  server.XceiverServerGrpc (XceiverServerGrpc.java:<init>(132)) - GrpcServer channel type EpollServerSocketChannel
2022-07-30 01:48:36,567 [Listener at 127.0.0.1/43571] INFO  http.BaseHttpServer (BaseHttpServer.java:newHttpServer2BuilderForOzone(209)) - Starting Web-server for hddsDatanode at: http://0.0.0.0:0
2022-07-30 01:48:36,567 [Listener at 127.0.0.1/43571] INFO  http.BaseHttpServer (BaseHttpServer.java:<init>(107)) - Hadoop Security Enabled: false Ozone Security Enabled: false Ozone HTTP Security Enabled: false 
2022-07-30 01:48:36,569 [Listener at 127.0.0.1/43571] INFO  server.AuthenticationFilter (AuthenticationFilter.java:constructSecretProvider(240)) - Unable to initialize FileSignerSecretProvider, falling back to use random secrets.
2022-07-30 01:48:36,569 [Listener at 127.0.0.1/43571] WARN  http.HttpRequestLog (HttpRequestLog.java:getRequestLog(103)) - Jetty request log can only be enabled using Log4j
2022-07-30 01:48:36,570 [Listener at 127.0.0.1/43571] INFO  http.HttpServer2 (HttpServer2.java:addGlobalFilter(1029)) - Added global filter 'safety' (class=org.apache.hadoop.hdds.server.http.HttpServer2$QuotingInputFilter)
2022-07-30 01:48:36,571 [Listener at 127.0.0.1/43571] INFO  http.HttpServer2 (HttpServer2.java:addFilter(1005)) - Added filter static_user_filter (class=org.apache.hadoop.http.lib.StaticUserWebFilter$StaticUserFilter) to context hddsDatanode
2022-07-30 01:48:36,571 [Listener at 127.0.0.1/43571] INFO  http.HttpServer2 (HttpServer2.java:addFilter(1013)) - Added filter static_user_filter (class=org.apache.hadoop.http.lib.StaticUserWebFilter$StaticUserFilter) to context logs
2022-07-30 01:48:36,571 [Listener at 127.0.0.1/43571] INFO  http.HttpServer2 (HttpServer2.java:addFilter(1013)) - Added filter static_user_filter (class=org.apache.hadoop.http.lib.StaticUserWebFilter$StaticUserFilter) to context static
2022-07-30 01:48:36,574 [Listener at 127.0.0.1/43571] INFO  http.HttpServer2 (HttpServer2.java:bindListener(1248)) - Jetty bound to port 44515
2022-07-30 01:48:36,574 [Listener at 127.0.0.1/43571] INFO  server.Server (Server.java:doStart(375)) - jetty-9.4.43.v20210629; built: 2021-06-30T11:07:22.254Z; git: 526006ecfa3af7f1a27ef3a288e2bef7ea9dd7e8; jvm 1.8.0_332-b09
2022-07-30 01:48:36,576 [Listener at 127.0.0.1/43571] INFO  server.session (DefaultSessionIdManager.java:doStart(334)) - DefaultSessionIdManager workerName=node0
2022-07-30 01:48:36,576 [Listener at 127.0.0.1/43571] INFO  server.session (DefaultSessionIdManager.java:doStart(339)) - No SessionScavenger set, using defaults
2022-07-30 01:48:36,576 [Listener at 127.0.0.1/43571] INFO  server.session (HouseKeeper.java:startScavenging(132)) - node0 Scavenging every 660000ms
2022-07-30 01:48:36,577 [Listener at 127.0.0.1/43571] INFO  handler.ContextHandler (ContextHandler.java:doStart(915)) - Started o.e.j.s.ServletContextHandler@6b3f6903{logs,/logs,file:///home/runner/work/ozone/ozone/hadoop-ozone/integration-test/target/log,AVAILABLE}
2022-07-30 01:48:36,578 [Listener at 127.0.0.1/43571] INFO  handler.ContextHandler (ContextHandler.java:doStart(915)) - Started o.e.j.s.ServletContextHandler@10211d9e{static,/static,jar:file:/home/runner/.m2/repository/org/apache/ozone/hdds-container-service/1.3.0-SNAPSHOT/hdds-container-service-1.3.0-SNAPSHOT.jar!/webapps/static,AVAILABLE}
2022-07-30 01:48:36,890 [Listener at 127.0.0.1/43571] INFO  handler.ContextHandler (ContextHandler.java:doStart(915)) - Started o.e.j.w.WebAppContext@4913d4{hddsDatanode,/,file:///tmp/jetty-0_0_0_0-44515-hdds-container-service-1_3_0-SNAPSHOT_jar-_-any-6965656485445293183/webapp/,AVAILABLE}{jar:file:/home/runner/.m2/repository/org/apache/ozone/hdds-container-service/1.3.0-SNAPSHOT/hdds-container-service-1.3.0-SNAPSHOT.jar!/webapps/hddsDatanode}
2022-07-30 01:48:36,900 [Listener at 127.0.0.1/43571] INFO  server.AbstractConnector (AbstractConnector.java:doStart(331)) - Started ServerConnector@6598309b{HTTP/1.1, (http/1.1)}{0.0.0.0:44515}
2022-07-30 01:48:36,900 [Listener at 127.0.0.1/43571] INFO  server.Server (Server.java:doStart(415)) - Started @86279ms
2022-07-30 01:48:36,900 [Listener at 127.0.0.1/43571] WARN  impl.MetricsSystemImpl (MetricsSystemImpl.java:register(279)) - Sink prometheus already exists!
2022-07-30 01:48:36,903 [Listener at 127.0.0.1/43571] INFO  http.BaseHttpServer (BaseHttpServer.java:updateConnectorAddress(329)) - HTTP server of hddsDatanode listening at http://0.0.0.0:44515
2022-07-30 01:48:36,905 [Listener at 127.0.0.1/43571] WARN  impl.MetricRegistriesImpl (MetricRegistriesImpl.java:addReporterRegistration(111)) - New reporters are added after registries were created. Some metrics will be missing from the reporter. Please add reporter before adding any new registry.
2022-07-30 01:48:36,905 [Listener at 127.0.0.1/43571] WARN  impl.MetricRegistriesImpl (MetricRegistriesImpl.java:addReporterRegistration(111)) - New reporters are added after registries were created. Some metrics will be missing from the reporter. Please add reporter before adding any new registry.
2022-07-30 01:48:36,905 [Listener at 127.0.0.1/43571] INFO  impl.MetricsSystemImpl (MetricsSystemImpl.java:init(158)) - HddsDatanode metrics system started (again)
2022-07-30 01:48:36,921 [Datanode State Machine Daemon Thread] INFO  statemachine.DatanodeStateMachine (DatanodeStateMachine.java:lambda$startDaemon$0(492)) - Ozone container server started.
2022-07-30 01:48:36,929 [Listener at 127.0.0.1/43571] INFO  ozone.HddsDatanodeService (HddsDatanodeService.java:start(236)) - HddsDatanodeService host:fv-az297-62.nmf1rxwemy4u5di1sxxf4ejcwb.jx.internal.cloudapp.net ip:10.1.0.37
2022-07-30 01:48:36,930 [om1@group-C5BA1605619E-FollowerState] INFO  impl.FollowerState (FollowerState.java:run(143)) - om1@group-C5BA1605619E-FollowerState: change to CANDIDATE, lastRpcElapsedTime:1065806218ns, electionTimeout:1055ms
2022-07-30 01:48:36,930 [om1@group-C5BA1605619E-FollowerState] INFO  impl.RoleInfo (RoleInfo.java:shutdownFollowerState(110)) - om1: shutdown om1@group-C5BA1605619E-FollowerState
2022-07-30 01:48:36,930 [om1@group-C5BA1605619E-FollowerState] INFO  server.RaftServer$Division (RaftServerImpl.java:setRole(299)) - om1@group-C5BA1605619E: changes role from  FOLLOWER to CANDIDATE at term 0 for changeToCandidate
2022-07-30 01:48:36,931 [Datanode State Machine Task Thread - 0] INFO  datanode.InitDatanodeState (InitDatanodeState.java:persistContainerDatanodeDetails(138)) - DatanodeDetails is persisted to /home/runner/work/ozone/ozone/hadoop-ozone/integration-test/target/test-dir/MiniOzoneClusterImpl-c8472f64-5143-4d61-85a0-9e96bab939e3/datanode-0/meta/datanode.id
2022-07-30 01:48:36,936 [org.apache.hadoop.util.JvmPauseMonitor$Monitor@2dcc32a6] INFO  util.JvmPauseMonitor (JvmPauseMonitor.java:run(188)) - Starting JVM pause monitor
2022-07-30 01:48:36,943 [om1@group-C5BA1605619E-FollowerState] INFO  server.RaftServerConfigKeys (ConfUtils.java:logGet(46)) - raft.server.leaderelection.pre-vote = false (custom)
2022-07-30 01:48:36,943 [om1@group-C5BA1605619E-FollowerState] INFO  impl.RoleInfo (RoleInfo.java:updateAndGet(139)) - om1: start om1@group-C5BA1605619E-LeaderElection16
2022-07-30 01:48:36,973 [om1@group-C5BA1605619E-LeaderElection16] INFO  impl.LeaderElection (LeaderElection.java:askForVotes(310)) - om1@group-C5BA1605619E-LeaderElection16 ELECTION round 0: submit vote requests at term 1 for -1: [om1|rpc:localhost:9872|priority:0], old=null
2022-07-30 01:48:36,973 [om1@group-C5BA1605619E-LeaderElection16] INFO  impl.LeaderElection (LeaderElection.java:askForVotes(312)) - om1@group-C5BA1605619E-LeaderElection16 ELECTION round 0: result PASSED (term=1)
2022-07-30 01:48:36,973 [om1@group-C5BA1605619E-LeaderElection16] INFO  impl.RoleInfo (RoleInfo.java:shutdownLeaderElection(130)) - om1: shutdown om1@group-C5BA1605619E-LeaderElection16
2022-07-30 01:48:36,973 [om1@group-C5BA1605619E-LeaderElection16] INFO  server.RaftServer$Division (RaftServerImpl.java:setRole(299)) - om1@group-C5BA1605619E: changes role from CANDIDATE to LEADER at term 1 for changeToLeader
2022-07-30 01:48:36,974 [om1@group-C5BA1605619E-LeaderElection16] INFO  server.RaftServer$Division (ServerState.java:setLeader(287)) - om1@group-C5BA1605619E: change Leader from null to om1 at term 1 for becomeLeader, leader elected after 2398ms
2022-07-30 01:48:36,974 [om1@group-C5BA1605619E-LeaderElection16] INFO  server.RaftServerConfigKeys (ConfUtils.java:logGet(46)) - raft.server.staging.catchup.gap = 1000 (default)
2022-07-30 01:48:36,975 [om1@group-C5BA1605619E-LeaderElection16] INFO  server.RaftServerConfigKeys (ConfUtils.java:logGet(46)) - raft.server.write.element-limit = 4096 (default)
2022-07-30 01:48:36,975 [om1@group-C5BA1605619E-LeaderElection16] INFO  server.RaftServerConfigKeys (ConfUtils.java:logGet(46)) - raft.server.write.byte-limit = 64MB (=67108864) (default)
2022-07-30 01:48:36,975 [om1@group-C5BA1605619E-LeaderElection16] INFO  server.RaftServerConfigKeys (ConfUtils.java:logGet(46)) - raft.server.watch.timeout = 10s (default)
2022-07-30 01:48:36,975 [om1@group-C5BA1605619E-LeaderElection16] INFO  server.RaftServerConfigKeys (ConfUtils.java:logGet(46)) - raft.server.watch.timeout.denomination = 1s (default)
2022-07-30 01:48:36,975 [om1@group-C5BA1605619E-LeaderElection16] INFO  server.RaftServerConfigKeys (ConfUtils.java:logGet(46)) - raft.server.watch.element-limit = 65536 (default)
2022-07-30 01:48:36,975 [om1@group-C5BA1605619E-LeaderElection16] INFO  server.RaftServerConfigKeys (ConfUtils.java:logGet(46)) - raft.server.write.element-limit = 4096 (default)
2022-07-30 01:48:36,976 [om1@group-C5BA1605619E-LeaderElection16] INFO  server.RaftServerConfigKeys (ConfUtils.java:logGet(46)) - raft.server.write.follower.gap.ratio.max = -1.0 (default)
2022-07-30 01:48:36,977 [om1@group-C5BA1605619E-LeaderElection16] INFO  impl.RoleInfo (RoleInfo.java:updateAndGet(139)) - om1: start om1@group-C5BA1605619E-LeaderStateImpl
2022-07-30 01:48:36,977 [om1@group-C5BA1605619E-LeaderElection16] INFO  segmented.SegmentedRaftLogWorker (SegmentedRaftLogWorker.java:startLogSegment(425)) - om1@group-C5BA1605619E-SegmentedRaftLogWorker: Starting segment from index:0
2022-07-30 01:48:36,980 [om1@group-C5BA1605619E-LeaderElection16] INFO  server.RaftServer$Division (ServerState.java:setRaftConf(393)) - om1@group-C5BA1605619E: set configuration 0: [om1|rpc:localhost:9872|admin:|client:|dataStream:|priority:0], old=null
2022-07-30 01:48:36,996 [om1@group-C5BA1605619E-SegmentedRaftLogWorker] INFO  segmented.SegmentedRaftLogWorker (SegmentedRaftLogWorker.java:execute(629)) - om1@group-C5BA1605619E-SegmentedRaftLogWorker: created new log segment /home/runner/work/ozone/ozone/hadoop-ozone/integration-test/target/test-dir/MiniOzoneClusterImpl-c8472f64-5143-4d61-85a0-9e96bab939e3/ozone-meta/ratis/bf265839-605b-3f16-9796-c5ba1605619e/current/log_inprogress_0
2022-07-30 01:48:36,998 [om1@group-C5BA1605619E-StateMachineUpdater] INFO  ratis.OzoneManagerStateMachine (OzoneManagerStateMachine.java:notifyConfigurationChanged(192)) - Received Configuration change notification from Ratis. New Peer list:
[id: "om1"
address: "localhost:9872"
]
2022-07-30 01:48:37,011 [Listener at 127.0.0.1/43571] INFO  upgrade.AbstractLayoutVersionManager (AbstractLayoutVersionManager.java:init(83)) - Initializing Layout version manager with metadata layout = DATANODE_SCHEMA_V3 (version = 4), software layout = DATANODE_SCHEMA_V3 (version = 4)
2022-07-30 01:48:37,097 [Listener at 127.0.0.1/43571] INFO  reflections.Reflections (Reflections.java:scan(232)) - Reflections took 83 ms to scan 7 urls, producing 132 keys and 321 values 
2022-07-30 01:48:37,116 [Listener at 127.0.0.1/43571] INFO  statemachine.DatanodeStateMachine (DatanodeStateMachine.java:getEndPointTaskThreadPoolSize(237)) - Datanode State Machine Task Thread Pool size 2
2022-07-30 01:48:37,123 [Listener at 127.0.0.1/43571] INFO  volume.HddsVolume (HddsVolume.java:<init>(116)) - Creating HddsVolume: /home/runner/work/ozone/ozone/hadoop-ozone/integration-test/target/test-dir/MiniOzoneClusterImpl-c8472f64-5143-4d61-85a0-9e96bab939e3/datanode-1/data-0/containers/hdds of storage type : DISK capacity : 9223372036854775807
2022-07-30 01:48:37,124 [Listener at 127.0.0.1/43571] INFO  volume.MutableVolumeSet (MutableVolumeSet.java:initializeVolumeSet(174)) - Added Volume : /home/runner/work/ozone/ozone/hadoop-ozone/integration-test/target/test-dir/MiniOzoneClusterImpl-c8472f64-5143-4d61-85a0-9e96bab939e3/datanode-1/data-0/containers/hdds to VolumeSet
2022-07-30 01:48:37,124 [Listener at 127.0.0.1/43571] INFO  volume.ThrottledAsyncChecker (ThrottledAsyncChecker.java:schedule(141)) - Scheduling a check for /home/runner/work/ozone/ozone/hadoop-ozone/integration-test/target/test-dir/MiniOzoneClusterImpl-c8472f64-5143-4d61-85a0-9e96bab939e3/datanode-1/data-0/containers/hdds
2022-07-30 01:48:37,143 [Listener at 127.0.0.1/43571] INFO  volume.StorageVolumeChecker (StorageVolumeChecker.java:checkAllVolumes(202)) - Scheduled health check for volume /home/runner/work/ozone/ozone/hadoop-ozone/integration-test/target/test-dir/MiniOzoneClusterImpl-c8472f64-5143-4d61-85a0-9e96bab939e3/datanode-1/data-0/containers/hdds
2022-07-30 01:48:37,159 [Listener at 127.0.0.1/43571] INFO  volume.MutableVolumeSet (MutableVolumeSet.java:initializeVolumeSet(174)) - Added Volume : /home/runner/work/ozone/ozone/hadoop-ozone/integration-test/target/test-dir/MiniOzoneClusterImpl-c8472f64-5143-4d61-85a0-9e96bab939e3/datanode-1/data/ratis to VolumeSet
2022-07-30 01:48:37,160 [Listener at 127.0.0.1/43571] INFO  volume.ThrottledAsyncChecker (ThrottledAsyncChecker.java:schedule(141)) - Scheduling a check for /home/runner/work/ozone/ozone/hadoop-ozone/integration-test/target/test-dir/MiniOzoneClusterImpl-c8472f64-5143-4d61-85a0-9e96bab939e3/datanode-1/data/ratis
2022-07-30 01:48:37,160 [Listener at 127.0.0.1/43571] INFO  volume.StorageVolumeChecker (StorageVolumeChecker.java:checkAllVolumes(202)) - Scheduled health check for volume /home/runner/work/ozone/ozone/hadoop-ozone/integration-test/target/test-dir/MiniOzoneClusterImpl-c8472f64-5143-4d61-85a0-9e96bab939e3/datanode-1/data/ratis
2022-07-30 01:48:37,185 [Thread-674] INFO  ozoneimpl.ContainerReader (ContainerReader.java:readVolume(175)) - Finish verifying containers on volume /home/runner/work/ozone/ozone/hadoop-ozone/integration-test/target/test-dir/MiniOzoneClusterImpl-c8472f64-5143-4d61-85a0-9e96bab939e3/datanode-1/data-0/containers/hdds
2022-07-30 01:48:37,185 [Listener at 127.0.0.1/43571] INFO  ozoneimpl.OzoneContainer (OzoneContainer.java:buildContainerSet(299)) - Build ContainerSet costs 0s
2022-07-30 01:48:37,187 [Listener at 127.0.0.1/43571] INFO  server.RaftServer (ConfUtils.java:logGet(46)) - raft.rpc.type = GRPC (default)
2022-07-30 01:48:37,195 [Listener at 127.0.0.1/43571] INFO  grpc.GrpcFactory (GrpcFactory.java:checkPooledByteBufAllocatorUseCacheForAllThreads(48)) - PERFORMANCE WARNING: useCacheForAllThreads is true that may cause Netty to create a lot garbage objects and, as a result, trigger GC.
	It is recommended to disable useCacheForAllThreads by setting -Dorg.apache.ratis.thirdparty.io.netty.allocator.useCacheForAllThreads=false in command line.
2022-07-30 01:48:37,196 [Listener at 127.0.0.1/43571] INFO  grpc.GrpcConfigKeys (ConfUtils.java:logGet(46)) - raft.grpc.admin.port = 0 (custom)
2022-07-30 01:48:37,196 [Listener at 127.0.0.1/43571] INFO  grpc.GrpcConfigKeys (ConfUtils.java:logGet(46)) - raft.grpc.client.port = 0 (custom)
2022-07-30 01:48:37,206 [Listener at 127.0.0.1/43571] INFO  grpc.GrpcConfigKeys (ConfUtils.java:logGet(46)) - raft.grpc.server.port = 0 (default)
2022-07-30 01:48:37,206 [Listener at 127.0.0.1/43571] INFO  server.GrpcService (ConfUtils.java:logGet(46)) - raft.grpc.message.size.max = 32MB (=33554432) (custom)
2022-07-30 01:48:37,206 [Listener at 127.0.0.1/43571] INFO  server.RaftServerConfigKeys (ConfUtils.java:logGet(46)) - raft.server.log.appender.buffer.byte-limit = 33554432 (custom)
2022-07-30 01:48:37,206 [Listener at 127.0.0.1/43571] INFO  server.GrpcService (ConfUtils.java:logGet(46)) - raft.grpc.flow.control.window = 5MB (=5242880) (custom)
2022-07-30 01:48:37,206 [Listener at 127.0.0.1/43571] INFO  server.RaftServerConfigKeys (ConfUtils.java:logGet(46)) - raft.server.rpc.request.timeout = 60s (custom)
2022-07-30 01:48:37,207 [Listener at 127.0.0.1/43571] INFO  grpc.GrpcConfigKeys (ConfUtils.java:logGet(46)) - raft.grpc.server.async.request.thread.pool.cached = true (default)
2022-07-30 01:48:37,207 [Listener at 127.0.0.1/43571] INFO  grpc.GrpcConfigKeys (ConfUtils.java:logGet(46)) - raft.grpc.server.async.request.thread.pool.size = 32 (default)
2022-07-30 01:48:37,210 [Listener at 127.0.0.1/43571] INFO  impl.DataStreamServerImpl (ConfUtils.java:logGet(46)) - raft.datastream.type = DISABLED (default)
2022-07-30 01:48:37,210 [Listener at 127.0.0.1/43571] INFO  server.RaftServerConfigKeys (ConfUtils.java:logGet(46)) - raft.server.threadpool.proxy.cached = true (default)
2022-07-30 01:48:37,210 [Listener at 127.0.0.1/43571] INFO  server.RaftServerConfigKeys (ConfUtils.java:logGet(46)) - raft.server.threadpool.proxy.size = 0 (default)
2022-07-30 01:48:37,210 [Listener at 127.0.0.1/43571] INFO  server.RaftServerConfigKeys (ConfUtils.java:logGet(46)) - raft.server.rpc.slowness.timeout = 300s (custom)
2022-07-30 01:48:37,211 [Listener at 127.0.0.1/43571] INFO  server.RaftServerConfigKeys (ConfUtils.java:logGet(46)) - raft.server.leaderelection.leader.step-down.wait-time = 10s (default)
2022-07-30 01:48:37,211 [Listener at 127.0.0.1/43571] INFO  server.RaftServerConfigKeys (ConfUtils.java:logGet(46)) - raft.server.storage.dir = [/home/runner/work/ozone/ozone/hadoop-ozone/integration-test/target/test-dir/MiniOzoneClusterImpl-c8472f64-5143-4d61-85a0-9e96bab939e3/datanode-1/data/ratis] (custom)
2022-07-30 01:48:37,213 [Listener at 127.0.0.1/43571] INFO  server.XceiverServerGrpc (XceiverServerGrpc.java:<init>(132)) - GrpcServer channel type EpollServerSocketChannel
2022-07-30 01:48:37,223 [Listener at 127.0.0.1/43571] INFO  http.BaseHttpServer (BaseHttpServer.java:newHttpServer2BuilderForOzone(209)) - Starting Web-server for hddsDatanode at: http://0.0.0.0:0
2022-07-30 01:48:37,223 [Listener at 127.0.0.1/43571] INFO  http.BaseHttpServer (BaseHttpServer.java:<init>(107)) - Hadoop Security Enabled: false Ozone Security Enabled: false Ozone HTTP Security Enabled: false 
2022-07-30 01:48:37,225 [Listener at 127.0.0.1/43571] INFO  server.AuthenticationFilter (AuthenticationFilter.java:constructSecretProvider(240)) - Unable to initialize FileSignerSecretProvider, falling back to use random secrets.
2022-07-30 01:48:37,240 [Listener at 127.0.0.1/43571] WARN  http.HttpRequestLog (HttpRequestLog.java:getRequestLog(103)) - Jetty request log can only be enabled using Log4j
2022-07-30 01:48:37,241 [Listener at 127.0.0.1/43571] INFO  http.HttpServer2 (HttpServer2.java:addGlobalFilter(1029)) - Added global filter 'safety' (class=org.apache.hadoop.hdds.server.http.HttpServer2$QuotingInputFilter)
2022-07-30 01:48:37,242 [Listener at 127.0.0.1/43571] INFO  http.HttpServer2 (HttpServer2.java:addFilter(1005)) - Added filter static_user_filter (class=org.apache.hadoop.http.lib.StaticUserWebFilter$StaticUserFilter) to context hddsDatanode
2022-07-30 01:48:37,242 [Listener at 127.0.0.1/43571] INFO  http.HttpServer2 (HttpServer2.java:addFilter(1013)) - Added filter static_user_filter (class=org.apache.hadoop.http.lib.StaticUserWebFilter$StaticUserFilter) to context logs
2022-07-30 01:48:37,242 [Listener at 127.0.0.1/43571] INFO  http.HttpServer2 (HttpServer2.java:addFilter(1013)) - Added filter static_user_filter (class=org.apache.hadoop.http.lib.StaticUserWebFilter$StaticUserFilter) to context static
2022-07-30 01:48:37,242 [Listener at 127.0.0.1/43571] INFO  http.HttpServer2 (HttpServer2.java:bindListener(1248)) - Jetty bound to port 45601
2022-07-30 01:48:37,243 [Listener at 127.0.0.1/43571] INFO  server.Server (Server.java:doStart(375)) - jetty-9.4.43.v20210629; built: 2021-06-30T11:07:22.254Z; git: 526006ecfa3af7f1a27ef3a288e2bef7ea9dd7e8; jvm 1.8.0_332-b09
2022-07-30 01:48:37,248 [Listener at 127.0.0.1/43571] INFO  server.session (DefaultSessionIdManager.java:doStart(334)) - DefaultSessionIdManager workerName=node0
2022-07-30 01:48:37,248 [Listener at 127.0.0.1/43571] INFO  server.session (DefaultSessionIdManager.java:doStart(339)) - No SessionScavenger set, using defaults
2022-07-30 01:48:37,249 [Listener at 127.0.0.1/43571] INFO  server.session (HouseKeeper.java:startScavenging(132)) - node0 Scavenging every 660000ms
2022-07-30 01:48:37,262 [Listener at 127.0.0.1/43571] INFO  handler.ContextHandler (ContextHandler.java:doStart(915)) - Started o.e.j.s.ServletContextHandler@363a1a03{logs,/logs,file:///home/runner/work/ozone/ozone/hadoop-ozone/integration-test/target/log,AVAILABLE}
2022-07-30 01:48:37,263 [Listener at 127.0.0.1/43571] INFO  handler.ContextHandler (ContextHandler.java:doStart(915)) - Started o.e.j.s.ServletContextHandler@13eab6d7{static,/static,jar:file:/home/runner/.m2/repository/org/apache/ozone/hdds-container-service/1.3.0-SNAPSHOT/hdds-container-service-1.3.0-SNAPSHOT.jar!/webapps/static,AVAILABLE}
2022-07-30 01:48:37,720 [Listener at 127.0.0.1/43571] INFO  handler.ContextHandler (ContextHandler.java:doStart(915)) - Started o.e.j.w.WebAppContext@715b4be6{hddsDatanode,/,file:///tmp/jetty-0_0_0_0-45601-hdds-container-service-1_3_0-SNAPSHOT_jar-_-any-4340149844570836635/webapp/,AVAILABLE}{jar:file:/home/runner/.m2/repository/org/apache/ozone/hdds-container-service/1.3.0-SNAPSHOT/hdds-container-service-1.3.0-SNAPSHOT.jar!/webapps/hddsDatanode}
2022-07-30 01:48:37,739 [Listener at 127.0.0.1/43571] INFO  server.AbstractConnector (AbstractConnector.java:doStart(331)) - Started ServerConnector@7f25ff1f{HTTP/1.1, (http/1.1)}{0.0.0.0:45601}
2022-07-30 01:48:37,739 [Listener at 127.0.0.1/43571] INFO  server.Server (Server.java:doStart(415)) - Started @87117ms
2022-07-30 01:48:37,739 [Listener at 127.0.0.1/43571] WARN  impl.MetricsSystemImpl (MetricsSystemImpl.java:register(279)) - Sink prometheus already exists!
2022-07-30 01:48:37,740 [Listener at 127.0.0.1/43571] INFO  http.BaseHttpServer (BaseHttpServer.java:updateConnectorAddress(329)) - HTTP server of hddsDatanode listening at http://0.0.0.0:45601
2022-07-30 01:48:37,749 [Listener at 127.0.0.1/43571] WARN  impl.MetricRegistriesImpl (MetricRegistriesImpl.java:addReporterRegistration(111)) - New reporters are added after registries were created. Some metrics will be missing from the reporter. Please add reporter before adding any new registry.
2022-07-30 01:48:37,749 [Listener at 127.0.0.1/43571] WARN  impl.MetricRegistriesImpl (MetricRegistriesImpl.java:addReporterRegistration(111)) - New reporters are added after registries were created. Some metrics will be missing from the reporter. Please add reporter before adding any new registry.
2022-07-30 01:48:37,750 [Listener at 127.0.0.1/43571] INFO  impl.MetricsSystemImpl (MetricsSystemImpl.java:init(158)) - HddsDatanode metrics system started (again)
2022-07-30 01:48:37,756 [Datanode State Machine Daemon Thread] INFO  statemachine.DatanodeStateMachine (DatanodeStateMachine.java:lambda$startDaemon$0(492)) - Ozone container server started.
2022-07-30 01:48:37,839 [org.apache.hadoop.util.JvmPauseMonitor$Monitor@66ae5923] INFO  util.JvmPauseMonitor (JvmPauseMonitor.java:run(188)) - Starting JVM pause monitor
2022-07-30 01:48:37,854 [Listener at 127.0.0.1/43571] INFO  ozone.HddsDatanodeService (HddsDatanodeService.java:start(236)) - HddsDatanodeService host:fv-az297-62.nmf1rxwemy4u5di1sxxf4ejcwb.jx.internal.cloudapp.net ip:10.1.0.37
2022-07-30 01:48:37,861 [Datanode State Machine Task Thread - 0] INFO  datanode.InitDatanodeState (InitDatanodeState.java:persistContainerDatanodeDetails(138)) - DatanodeDetails is persisted to /home/runner/work/ozone/ozone/hadoop-ozone/integration-test/target/test-dir/MiniOzoneClusterImpl-c8472f64-5143-4d61-85a0-9e96bab939e3/datanode-1/meta/datanode.id
2022-07-30 01:48:37,916 [Listener at 127.0.0.1/43571] INFO  upgrade.AbstractLayoutVersionManager (AbstractLayoutVersionManager.java:init(83)) - Initializing Layout version manager with metadata layout = DATANODE_SCHEMA_V3 (version = 4), software layout = DATANODE_SCHEMA_V3 (version = 4)
2022-07-30 01:48:38,049 [Listener at 127.0.0.1/43571] INFO  reflections.Reflections (Reflections.java:scan(232)) - Reflections took 131 ms to scan 7 urls, producing 132 keys and 321 values 
2022-07-30 01:48:38,056 [Listener at 127.0.0.1/43571] INFO  statemachine.DatanodeStateMachine (DatanodeStateMachine.java:getEndPointTaskThreadPoolSize(237)) - Datanode State Machine Task Thread Pool size 2
2022-07-30 01:48:38,068 [Listener at 127.0.0.1/43571] INFO  volume.HddsVolume (HddsVolume.java:<init>(116)) - Creating HddsVolume: /home/runner/work/ozone/ozone/hadoop-ozone/integration-test/target/test-dir/MiniOzoneClusterImpl-c8472f64-5143-4d61-85a0-9e96bab939e3/datanode-2/data-0/containers/hdds of storage type : DISK capacity : 9223372036854775807
2022-07-30 01:48:38,068 [Listener at 127.0.0.1/43571] INFO  volume.MutableVolumeSet (MutableVolumeSet.java:initializeVolumeSet(174)) - Added Volume : /home/runner/work/ozone/ozone/hadoop-ozone/integration-test/target/test-dir/MiniOzoneClusterImpl-c8472f64-5143-4d61-85a0-9e96bab939e3/datanode-2/data-0/containers/hdds to VolumeSet
2022-07-30 01:48:38,068 [Listener at 127.0.0.1/43571] INFO  volume.ThrottledAsyncChecker (ThrottledAsyncChecker.java:schedule(141)) - Scheduling a check for /home/runner/work/ozone/ozone/hadoop-ozone/integration-test/target/test-dir/MiniOzoneClusterImpl-c8472f64-5143-4d61-85a0-9e96bab939e3/datanode-2/data-0/containers/hdds
2022-07-30 01:48:38,071 [Listener at 127.0.0.1/43571] INFO  volume.StorageVolumeChecker (StorageVolumeChecker.java:checkAllVolumes(202)) - Scheduled health check for volume /home/runner/work/ozone/ozone/hadoop-ozone/integration-test/target/test-dir/MiniOzoneClusterImpl-c8472f64-5143-4d61-85a0-9e96bab939e3/datanode-2/data-0/containers/hdds
2022-07-30 01:48:38,100 [Listener at 127.0.0.1/43571] INFO  volume.MutableVolumeSet (MutableVolumeSet.java:initializeVolumeSet(174)) - Added Volume : /home/runner/work/ozone/ozone/hadoop-ozone/integration-test/target/test-dir/MiniOzoneClusterImpl-c8472f64-5143-4d61-85a0-9e96bab939e3/datanode-2/data/ratis to VolumeSet
2022-07-30 01:48:38,101 [Listener at 127.0.0.1/43571] INFO  volume.ThrottledAsyncChecker (ThrottledAsyncChecker.java:schedule(141)) - Scheduling a check for /home/runner/work/ozone/ozone/hadoop-ozone/integration-test/target/test-dir/MiniOzoneClusterImpl-c8472f64-5143-4d61-85a0-9e96bab939e3/datanode-2/data/ratis
2022-07-30 01:48:38,101 [Listener at 127.0.0.1/43571] INFO  volume.StorageVolumeChecker (StorageVolumeChecker.java:checkAllVolumes(202)) - Scheduled health check for volume /home/runner/work/ozone/ozone/hadoop-ozone/integration-test/target/test-dir/MiniOzoneClusterImpl-c8472f64-5143-4d61-85a0-9e96bab939e3/datanode-2/data/ratis
2022-07-30 01:48:38,119 [Thread-687] INFO  ozoneimpl.ContainerReader (ContainerReader.java:readVolume(175)) - Finish verifying containers on volume /home/runner/work/ozone/ozone/hadoop-ozone/integration-test/target/test-dir/MiniOzoneClusterImpl-c8472f64-5143-4d61-85a0-9e96bab939e3/datanode-2/data-0/containers/hdds
2022-07-30 01:48:38,121 [Listener at 127.0.0.1/43571] INFO  ozoneimpl.OzoneContainer (OzoneContainer.java:buildContainerSet(299)) - Build ContainerSet costs 0s
2022-07-30 01:48:38,123 [Listener at 127.0.0.1/43571] INFO  server.RaftServer (ConfUtils.java:logGet(46)) - raft.rpc.type = GRPC (default)
2022-07-30 01:48:38,123 [Listener at 127.0.0.1/43571] INFO  grpc.GrpcFactory (GrpcFactory.java:checkPooledByteBufAllocatorUseCacheForAllThreads(48)) - PERFORMANCE WARNING: useCacheForAllThreads is true that may cause Netty to create a lot garbage objects and, as a result, trigger GC.
	It is recommended to disable useCacheForAllThreads by setting -Dorg.apache.ratis.thirdparty.io.netty.allocator.useCacheForAllThreads=false in command line.
2022-07-30 01:48:38,124 [Listener at 127.0.0.1/43571] INFO  grpc.GrpcConfigKeys (ConfUtils.java:logGet(46)) - raft.grpc.admin.port = 0 (custom)
2022-07-30 01:48:38,124 [Listener at 127.0.0.1/43571] INFO  grpc.GrpcConfigKeys (ConfUtils.java:logGet(46)) - raft.grpc.client.port = 0 (custom)
2022-07-30 01:48:38,124 [Listener at 127.0.0.1/43571] INFO  grpc.GrpcConfigKeys (ConfUtils.java:logGet(46)) - raft.grpc.server.port = 0 (default)
2022-07-30 01:48:38,124 [Listener at 127.0.0.1/43571] INFO  server.GrpcService (ConfUtils.java:logGet(46)) - raft.grpc.message.size.max = 32MB (=33554432) (custom)
2022-07-30 01:48:38,124 [Listener at 127.0.0.1/43571] INFO  server.RaftServerConfigKeys (ConfUtils.java:logGet(46)) - raft.server.log.appender.buffer.byte-limit = 33554432 (custom)
2022-07-30 01:48:38,124 [Listener at 127.0.0.1/43571] INFO  server.GrpcService (ConfUtils.java:logGet(46)) - raft.grpc.flow.control.window = 5MB (=5242880) (custom)
2022-07-30 01:48:38,125 [Listener at 127.0.0.1/43571] INFO  server.RaftServerConfigKeys (ConfUtils.java:logGet(46)) - raft.server.rpc.request.timeout = 60s (custom)
2022-07-30 01:48:38,125 [Listener at 127.0.0.1/43571] INFO  grpc.GrpcConfigKeys (ConfUtils.java:logGet(46)) - raft.grpc.server.async.request.thread.pool.cached = true (default)
2022-07-30 01:48:38,125 [Listener at 127.0.0.1/43571] INFO  grpc.GrpcConfigKeys (ConfUtils.java:logGet(46)) - raft.grpc.server.async.request.thread.pool.size = 32 (default)
2022-07-30 01:48:38,126 [Listener at 127.0.0.1/43571] INFO  impl.DataStreamServerImpl (ConfUtils.java:logGet(46)) - raft.datastream.type = DISABLED (default)
2022-07-30 01:48:38,126 [Listener at 127.0.0.1/43571] INFO  server.RaftServerConfigKeys (ConfUtils.java:logGet(46)) - raft.server.threadpool.proxy.cached = true (default)
2022-07-30 01:48:38,126 [Listener at 127.0.0.1/43571] INFO  server.RaftServerConfigKeys (ConfUtils.java:logGet(46)) - raft.server.threadpool.proxy.size = 0 (default)
2022-07-30 01:48:38,127 [Listener at 127.0.0.1/43571] INFO  server.RaftServerConfigKeys (ConfUtils.java:logGet(46)) - raft.server.rpc.slowness.timeout = 300s (custom)
2022-07-30 01:48:38,127 [Listener at 127.0.0.1/43571] INFO  server.RaftServerConfigKeys (ConfUtils.java:logGet(46)) - raft.server.leaderelection.leader.step-down.wait-time = 10s (default)
2022-07-30 01:48:38,127 [Listener at 127.0.0.1/43571] INFO  server.RaftServerConfigKeys (ConfUtils.java:logGet(46)) - raft.server.storage.dir = [/home/runner/work/ozone/ozone/hadoop-ozone/integration-test/target/test-dir/MiniOzoneClusterImpl-c8472f64-5143-4d61-85a0-9e96bab939e3/datanode-2/data/ratis] (custom)
2022-07-30 01:48:38,138 [Listener at 127.0.0.1/43571] INFO  server.XceiverServerGrpc (XceiverServerGrpc.java:<init>(132)) - GrpcServer channel type EpollServerSocketChannel
2022-07-30 01:48:38,143 [Listener at 127.0.0.1/43571] INFO  http.BaseHttpServer (BaseHttpServer.java:newHttpServer2BuilderForOzone(209)) - Starting Web-server for hddsDatanode at: http://0.0.0.0:0
2022-07-30 01:48:38,143 [Listener at 127.0.0.1/43571] INFO  http.BaseHttpServer (BaseHttpServer.java:<init>(107)) - Hadoop Security Enabled: false Ozone Security Enabled: false Ozone HTTP Security Enabled: false 
2022-07-30 01:48:38,145 [Listener at 127.0.0.1/43571] INFO  server.AuthenticationFilter (AuthenticationFilter.java:constructSecretProvider(240)) - Unable to initialize FileSignerSecretProvider, falling back to use random secrets.
2022-07-30 01:48:38,159 [Listener at 127.0.0.1/43571] WARN  http.HttpRequestLog (HttpRequestLog.java:getRequestLog(103)) - Jetty request log can only be enabled using Log4j
2022-07-30 01:48:38,160 [Listener at 127.0.0.1/43571] INFO  http.HttpServer2 (HttpServer2.java:addGlobalFilter(1029)) - Added global filter 'safety' (class=org.apache.hadoop.hdds.server.http.HttpServer2$QuotingInputFilter)
2022-07-30 01:48:38,161 [Listener at 127.0.0.1/43571] INFO  http.HttpServer2 (HttpServer2.java:addFilter(1005)) - Added filter static_user_filter (class=org.apache.hadoop.http.lib.StaticUserWebFilter$StaticUserFilter) to context hddsDatanode
2022-07-30 01:48:38,161 [Listener at 127.0.0.1/43571] INFO  http.HttpServer2 (HttpServer2.java:addFilter(1013)) - Added filter static_user_filter (class=org.apache.hadoop.http.lib.StaticUserWebFilter$StaticUserFilter) to context static
2022-07-30 01:48:38,161 [Listener at 127.0.0.1/43571] INFO  http.HttpServer2 (HttpServer2.java:addFilter(1013)) - Added filter static_user_filter (class=org.apache.hadoop.http.lib.StaticUserWebFilter$StaticUserFilter) to context logs
2022-07-30 01:48:38,162 [Listener at 127.0.0.1/43571] INFO  http.HttpServer2 (HttpServer2.java:bindListener(1248)) - Jetty bound to port 45075
2022-07-30 01:48:38,162 [Listener at 127.0.0.1/43571] INFO  server.Server (Server.java:doStart(375)) - jetty-9.4.43.v20210629; built: 2021-06-30T11:07:22.254Z; git: 526006ecfa3af7f1a27ef3a288e2bef7ea9dd7e8; jvm 1.8.0_332-b09
2022-07-30 01:48:38,220 [Listener at 127.0.0.1/43571] INFO  server.session (DefaultSessionIdManager.java:doStart(334)) - DefaultSessionIdManager workerName=node0
2022-07-30 01:48:38,221 [Listener at 127.0.0.1/43571] INFO  server.session (DefaultSessionIdManager.java:doStart(339)) - No SessionScavenger set, using defaults
2022-07-30 01:48:38,221 [Listener at 127.0.0.1/43571] INFO  server.session (HouseKeeper.java:startScavenging(132)) - node0 Scavenging every 600000ms
2022-07-30 01:48:38,228 [Listener at 127.0.0.1/43571] INFO  handler.ContextHandler (ContextHandler.java:doStart(915)) - Started o.e.j.s.ServletContextHandler@108eff20{logs,/logs,file:///home/runner/work/ozone/ozone/hadoop-ozone/integration-test/target/log,AVAILABLE}
2022-07-30 01:48:38,229 [Listener at 127.0.0.1/43571] INFO  handler.ContextHandler (ContextHandler.java:doStart(915)) - Started o.e.j.s.ServletContextHandler@44af0b9a{static,/static,jar:file:/home/runner/.m2/repository/org/apache/ozone/hdds-container-service/1.3.0-SNAPSHOT/hdds-container-service-1.3.0-SNAPSHOT.jar!/webapps/static,AVAILABLE}
2022-07-30 01:48:38,648 [Listener at 127.0.0.1/43571] INFO  handler.ContextHandler (ContextHandler.java:doStart(915)) - Started o.e.j.w.WebAppContext@7b30a3ad{hddsDatanode,/,file:///tmp/jetty-0_0_0_0-45075-hdds-container-service-1_3_0-SNAPSHOT_jar-_-any-762653072024304161/webapp/,AVAILABLE}{jar:file:/home/runner/.m2/repository/org/apache/ozone/hdds-container-service/1.3.0-SNAPSHOT/hdds-container-service-1.3.0-SNAPSHOT.jar!/webapps/hddsDatanode}
2022-07-30 01:48:38,655 [Listener at 127.0.0.1/43571] INFO  server.AbstractConnector (AbstractConnector.java:doStart(331)) - Started ServerConnector@27f89d3b{HTTP/1.1, (http/1.1)}{0.0.0.0:45075}
2022-07-30 01:48:38,655 [Listener at 127.0.0.1/43571] INFO  server.Server (Server.java:doStart(415)) - Started @88033ms
2022-07-30 01:48:38,655 [Listener at 127.0.0.1/43571] WARN  impl.MetricsSystemImpl (MetricsSystemImpl.java:register(279)) - Sink prometheus already exists!
2022-07-30 01:48:38,656 [Listener at 127.0.0.1/43571] INFO  http.BaseHttpServer (BaseHttpServer.java:updateConnectorAddress(329)) - HTTP server of hddsDatanode listening at http://0.0.0.0:45075
2022-07-30 01:48:38,656 [Listener at 127.0.0.1/43571] WARN  impl.MetricRegistriesImpl (MetricRegistriesImpl.java:addReporterRegistration(111)) - New reporters are added after registries were created. Some metrics will be missing from the reporter. Please add reporter before adding any new registry.
2022-07-30 01:48:38,657 [Listener at 127.0.0.1/43571] WARN  impl.MetricRegistriesImpl (MetricRegistriesImpl.java:addReporterRegistration(111)) - New reporters are added after registries were created. Some metrics will be missing from the reporter. Please add reporter before adding any new registry.
2022-07-30 01:48:38,657 [Listener at 127.0.0.1/43571] INFO  impl.MetricsSystemImpl (MetricsSystemImpl.java:init(158)) - HddsDatanode metrics system started (again)
2022-07-30 01:48:38,673 [Datanode State Machine Daemon Thread] INFO  statemachine.DatanodeStateMachine (DatanodeStateMachine.java:lambda$startDaemon$0(492)) - Ozone container server started.
2022-07-30 01:48:38,696 [org.apache.hadoop.util.JvmPauseMonitor$Monitor@20054f62] INFO  util.JvmPauseMonitor (JvmPauseMonitor.java:run(188)) - Starting JVM pause monitor
2022-07-30 01:48:38,707 [Listener at 127.0.0.1/43571] INFO  ozone.HddsDatanodeService (HddsDatanodeService.java:start(236)) - HddsDatanodeService host:fv-az297-62.nmf1rxwemy4u5di1sxxf4ejcwb.jx.internal.cloudapp.net ip:10.1.0.37
2022-07-30 01:48:38,713 [Datanode State Machine Task Thread - 0] INFO  datanode.InitDatanodeState (InitDatanodeState.java:persistContainerDatanodeDetails(138)) - DatanodeDetails is persisted to /home/runner/work/ozone/ozone/hadoop-ozone/integration-test/target/test-dir/MiniOzoneClusterImpl-c8472f64-5143-4d61-85a0-9e96bab939e3/datanode-2/meta/datanode.id
2022-07-30 01:48:38,765 [Listener at 127.0.0.1/43571] INFO  upgrade.AbstractLayoutVersionManager (AbstractLayoutVersionManager.java:init(83)) - Initializing Layout version manager with metadata layout = DATANODE_SCHEMA_V3 (version = 4), software layout = DATANODE_SCHEMA_V3 (version = 4)
2022-07-30 01:48:38,865 [Listener at 127.0.0.1/43571] INFO  reflections.Reflections (Reflections.java:scan(232)) - Reflections took 92 ms to scan 7 urls, producing 132 keys and 321 values 
2022-07-30 01:48:38,890 [Listener at 127.0.0.1/43571] INFO  statemachine.DatanodeStateMachine (DatanodeStateMachine.java:getEndPointTaskThreadPoolSize(237)) - Datanode State Machine Task Thread Pool size 2
2022-07-30 01:48:38,892 [Listener at 127.0.0.1/43571] INFO  volume.HddsVolume (HddsVolume.java:<init>(116)) - Creating HddsVolume: /home/runner/work/ozone/ozone/hadoop-ozone/integration-test/target/test-dir/MiniOzoneClusterImpl-c8472f64-5143-4d61-85a0-9e96bab939e3/datanode-3/data-0/containers/hdds of storage type : DISK capacity : 9223372036854775807
2022-07-30 01:48:38,893 [Listener at 127.0.0.1/43571] INFO  volume.MutableVolumeSet (MutableVolumeSet.java:initializeVolumeSet(174)) - Added Volume : /home/runner/work/ozone/ozone/hadoop-ozone/integration-test/target/test-dir/MiniOzoneClusterImpl-c8472f64-5143-4d61-85a0-9e96bab939e3/datanode-3/data-0/containers/hdds to VolumeSet
2022-07-30 01:48:38,893 [Listener at 127.0.0.1/43571] INFO  volume.ThrottledAsyncChecker (ThrottledAsyncChecker.java:schedule(141)) - Scheduling a check for /home/runner/work/ozone/ozone/hadoop-ozone/integration-test/target/test-dir/MiniOzoneClusterImpl-c8472f64-5143-4d61-85a0-9e96bab939e3/datanode-3/data-0/containers/hdds
2022-07-30 01:48:38,894 [Listener at 127.0.0.1/43571] INFO  volume.StorageVolumeChecker (StorageVolumeChecker.java:checkAllVolumes(202)) - Scheduled health check for volume /home/runner/work/ozone/ozone/hadoop-ozone/integration-test/target/test-dir/MiniOzoneClusterImpl-c8472f64-5143-4d61-85a0-9e96bab939e3/datanode-3/data-0/containers/hdds
2022-07-30 01:48:38,916 [Listener at 127.0.0.1/43571] INFO  volume.MutableVolumeSet (MutableVolumeSet.java:initializeVolumeSet(174)) - Added Volume : /home/runner/work/ozone/ozone/hadoop-ozone/integration-test/target/test-dir/MiniOzoneClusterImpl-c8472f64-5143-4d61-85a0-9e96bab939e3/datanode-3/data/ratis to VolumeSet
2022-07-30 01:48:38,917 [Listener at 127.0.0.1/43571] INFO  volume.ThrottledAsyncChecker (ThrottledAsyncChecker.java:schedule(141)) - Scheduling a check for /home/runner/work/ozone/ozone/hadoop-ozone/integration-test/target/test-dir/MiniOzoneClusterImpl-c8472f64-5143-4d61-85a0-9e96bab939e3/datanode-3/data/ratis
2022-07-30 01:48:38,922 [Listener at 127.0.0.1/43571] INFO  volume.StorageVolumeChecker (StorageVolumeChecker.java:checkAllVolumes(202)) - Scheduled health check for volume /home/runner/work/ozone/ozone/hadoop-ozone/integration-test/target/test-dir/MiniOzoneClusterImpl-c8472f64-5143-4d61-85a0-9e96bab939e3/datanode-3/data/ratis
2022-07-30 01:48:38,975 [Thread-701] INFO  ozoneimpl.ContainerReader (ContainerReader.java:readVolume(175)) - Finish verifying containers on volume /home/runner/work/ozone/ozone/hadoop-ozone/integration-test/target/test-dir/MiniOzoneClusterImpl-c8472f64-5143-4d61-85a0-9e96bab939e3/datanode-3/data-0/containers/hdds
2022-07-30 01:48:38,976 [Listener at 127.0.0.1/43571] INFO  ozoneimpl.OzoneContainer (OzoneContainer.java:buildContainerSet(299)) - Build ContainerSet costs 0s
2022-07-30 01:48:38,978 [Listener at 127.0.0.1/43571] INFO  server.RaftServer (ConfUtils.java:logGet(46)) - raft.rpc.type = GRPC (default)
2022-07-30 01:48:38,978 [Listener at 127.0.0.1/43571] INFO  grpc.GrpcFactory (GrpcFactory.java:checkPooledByteBufAllocatorUseCacheForAllThreads(48)) - PERFORMANCE WARNING: useCacheForAllThreads is true that may cause Netty to create a lot garbage objects and, as a result, trigger GC.
	It is recommended to disable useCacheForAllThreads by setting -Dorg.apache.ratis.thirdparty.io.netty.allocator.useCacheForAllThreads=false in command line.
2022-07-30 01:48:38,978 [Listener at 127.0.0.1/43571] INFO  grpc.GrpcConfigKeys (ConfUtils.java:logGet(46)) - raft.grpc.admin.port = 0 (custom)
2022-07-30 01:48:38,978 [Listener at 127.0.0.1/43571] INFO  grpc.GrpcConfigKeys (ConfUtils.java:logGet(46)) - raft.grpc.client.port = 0 (custom)
2022-07-30 01:48:38,978 [Listener at 127.0.0.1/43571] INFO  grpc.GrpcConfigKeys (ConfUtils.java:logGet(46)) - raft.grpc.server.port = 0 (default)
2022-07-30 01:48:38,978 [Listener at 127.0.0.1/43571] INFO  server.GrpcService (ConfUtils.java:logGet(46)) - raft.grpc.message.size.max = 32MB (=33554432) (custom)
2022-07-30 01:48:38,979 [Listener at 127.0.0.1/43571] INFO  server.RaftServerConfigKeys (ConfUtils.java:logGet(46)) - raft.server.log.appender.buffer.byte-limit = 33554432 (custom)
2022-07-30 01:48:38,979 [Listener at 127.0.0.1/43571] INFO  server.GrpcService (ConfUtils.java:logGet(46)) - raft.grpc.flow.control.window = 5MB (=5242880) (custom)
2022-07-30 01:48:38,979 [Listener at 127.0.0.1/43571] INFO  server.RaftServerConfigKeys (ConfUtils.java:logGet(46)) - raft.server.rpc.request.timeout = 60s (custom)
2022-07-30 01:48:38,979 [Listener at 127.0.0.1/43571] INFO  grpc.GrpcConfigKeys (ConfUtils.java:logGet(46)) - raft.grpc.server.async.request.thread.pool.cached = true (default)
2022-07-30 01:48:38,979 [Listener at 127.0.0.1/43571] INFO  grpc.GrpcConfigKeys (ConfUtils.java:logGet(46)) - raft.grpc.server.async.request.thread.pool.size = 32 (default)
2022-07-30 01:48:38,980 [Listener at 127.0.0.1/43571] INFO  impl.DataStreamServerImpl (ConfUtils.java:logGet(46)) - raft.datastream.type = DISABLED (default)
2022-07-30 01:48:38,981 [Listener at 127.0.0.1/43571] INFO  server.RaftServerConfigKeys (ConfUtils.java:logGet(46)) - raft.server.threadpool.proxy.cached = true (default)
2022-07-30 01:48:38,981 [Listener at 127.0.0.1/43571] INFO  server.RaftServerConfigKeys (ConfUtils.java:logGet(46)) - raft.server.threadpool.proxy.size = 0 (default)
2022-07-30 01:48:38,981 [Listener at 127.0.0.1/43571] INFO  server.RaftServerConfigKeys (ConfUtils.java:logGet(46)) - raft.server.rpc.slowness.timeout = 300s (custom)
2022-07-30 01:48:38,981 [Listener at 127.0.0.1/43571] INFO  server.RaftServerConfigKeys (ConfUtils.java:logGet(46)) - raft.server.leaderelection.leader.step-down.wait-time = 10s (default)
2022-07-30 01:48:38,981 [Listener at 127.0.0.1/43571] INFO  server.RaftServerConfigKeys (ConfUtils.java:logGet(46)) - raft.server.storage.dir = [/home/runner/work/ozone/ozone/hadoop-ozone/integration-test/target/test-dir/MiniOzoneClusterImpl-c8472f64-5143-4d61-85a0-9e96bab939e3/datanode-3/data/ratis] (custom)
2022-07-30 01:48:38,985 [Listener at 127.0.0.1/43571] INFO  server.XceiverServerGrpc (XceiverServerGrpc.java:<init>(132)) - GrpcServer channel type EpollServerSocketChannel
2022-07-30 01:48:39,016 [Listener at 127.0.0.1/43571] INFO  http.BaseHttpServer (BaseHttpServer.java:newHttpServer2BuilderForOzone(209)) - Starting Web-server for hddsDatanode at: http://0.0.0.0:0
2022-07-30 01:48:39,016 [Listener at 127.0.0.1/43571] INFO  http.BaseHttpServer (BaseHttpServer.java:<init>(107)) - Hadoop Security Enabled: false Ozone Security Enabled: false Ozone HTTP Security Enabled: false 
2022-07-30 01:48:39,017 [Listener at 127.0.0.1/43571] INFO  server.AuthenticationFilter (AuthenticationFilter.java:constructSecretProvider(240)) - Unable to initialize FileSignerSecretProvider, falling back to use random secrets.
2022-07-30 01:48:39,030 [Listener at 127.0.0.1/43571] WARN  http.HttpRequestLog (HttpRequestLog.java:getRequestLog(103)) - Jetty request log can only be enabled using Log4j
2022-07-30 01:48:39,031 [Listener at 127.0.0.1/43571] INFO  http.HttpServer2 (HttpServer2.java:addGlobalFilter(1029)) - Added global filter 'safety' (class=org.apache.hadoop.hdds.server.http.HttpServer2$QuotingInputFilter)
2022-07-30 01:48:39,032 [Listener at 127.0.0.1/43571] INFO  http.HttpServer2 (HttpServer2.java:addFilter(1005)) - Added filter static_user_filter (class=org.apache.hadoop.http.lib.StaticUserWebFilter$StaticUserFilter) to context hddsDatanode
2022-07-30 01:48:39,032 [Listener at 127.0.0.1/43571] INFO  http.HttpServer2 (HttpServer2.java:addFilter(1013)) - Added filter static_user_filter (class=org.apache.hadoop.http.lib.StaticUserWebFilter$StaticUserFilter) to context static
2022-07-30 01:48:39,033 [Listener at 127.0.0.1/43571] INFO  http.HttpServer2 (HttpServer2.java:addFilter(1013)) - Added filter static_user_filter (class=org.apache.hadoop.http.lib.StaticUserWebFilter$StaticUserFilter) to context logs
2022-07-30 01:48:39,034 [Listener at 127.0.0.1/43571] INFO  http.HttpServer2 (HttpServer2.java:bindListener(1248)) - Jetty bound to port 38251
2022-07-30 01:48:39,034 [Listener at 127.0.0.1/43571] INFO  server.Server (Server.java:doStart(375)) - jetty-9.4.43.v20210629; built: 2021-06-30T11:07:22.254Z; git: 526006ecfa3af7f1a27ef3a288e2bef7ea9dd7e8; jvm 1.8.0_332-b09
2022-07-30 01:48:39,048 [EndpointStateMachine task thread for /0.0.0.0:39231 - 0 ] INFO  volume.HddsVolume (HddsVolume.java:createDbStore(309)) - SchemaV3 db is created and loaded at /home/runner/work/ozone/ozone/hadoop-ozone/integration-test/target/test-dir/MiniOzoneClusterImpl-c8472f64-5143-4d61-85a0-9e96bab939e3/datanode-0/data-0/containers/hdds/c8472f64-5143-4d61-85a0-9e96bab939e3/DS-dff3eafd-12e3-44e6-8b9f-d3ff8786db6e/container.db for volume DS-dff3eafd-12e3-44e6-8b9f-d3ff8786db6e
2022-07-30 01:48:39,057 [EndpointStateMachine task thread for /0.0.0.0:39231 - 0 ] INFO  volume.HddsVolume (HddsVolume.java:closeDbStore(340)) - SchemaV3 db is stopped at /home/runner/work/ozone/ozone/hadoop-ozone/integration-test/target/test-dir/MiniOzoneClusterImpl-c8472f64-5143-4d61-85a0-9e96bab939e3/datanode-0/data-0/containers/hdds/c8472f64-5143-4d61-85a0-9e96bab939e3/DS-dff3eafd-12e3-44e6-8b9f-d3ff8786db6e/container.db for volume DS-dff3eafd-12e3-44e6-8b9f-d3ff8786db6e
2022-07-30 01:48:39,057 [EndpointStateMachine task thread for /0.0.0.0:39231 - 0 ] INFO  ozoneimpl.OzoneContainer (OzoneContainer.java:start(377)) - Attempting to start container services.
2022-07-30 01:48:39,057 [EndpointStateMachine task thread for /0.0.0.0:39231 - 0 ] INFO  ozoneimpl.OzoneContainer (OzoneContainer.java:startContainerScrub(312)) - Background container scanner has been disabled.
2022-07-30 01:48:39,061 [EndpointStateMachine task thread for /0.0.0.0:39231 - 0 ] INFO  replication.ReplicationServer (ReplicationServer.java:start(111)) - ReplicationServer is started using port 37513
2022-07-30 01:48:39,061 [EndpointStateMachine task thread for /0.0.0.0:39231 - 0 ] INFO  ratis.XceiverServerRatis (XceiverServerRatis.java:start(481)) - Starting XceiverServerRatis ba3de65c-e6c9-495e-8613-4120736e14c0
2022-07-30 01:48:39,062 [EndpointStateMachine task thread for /0.0.0.0:39231 - 0 ] INFO  server.RaftServer (RaftServerProxy.java:lambda$start$6(382)) - ba3de65c-e6c9-495e-8613-4120736e14c0: start RPC server
2022-07-30 01:48:39,072 [Listener at 127.0.0.1/43571] INFO  server.session (DefaultSessionIdManager.java:doStart(334)) - DefaultSessionIdManager workerName=node0
2022-07-30 01:48:39,072 [Listener at 127.0.0.1/43571] INFO  server.session (DefaultSessionIdManager.java:doStart(339)) - No SessionScavenger set, using defaults
2022-07-30 01:48:39,073 [Listener at 127.0.0.1/43571] INFO  server.session (HouseKeeper.java:startScavenging(132)) - node0 Scavenging every 600000ms
2022-07-30 01:48:39,073 [Listener at 127.0.0.1/43571] INFO  handler.ContextHandler (ContextHandler.java:doStart(915)) - Started o.e.j.s.ServletContextHandler@18f6525d{logs,/logs,file:///home/runner/work/ozone/ozone/hadoop-ozone/integration-test/target/log,AVAILABLE}
2022-07-30 01:48:39,074 [Listener at 127.0.0.1/43571] INFO  handler.ContextHandler (ContextHandler.java:doStart(915)) - Started o.e.j.s.ServletContextHandler@5cd761b0{static,/static,jar:file:/home/runner/.m2/repository/org/apache/ozone/hdds-container-service/1.3.0-SNAPSHOT/hdds-container-service-1.3.0-SNAPSHOT.jar!/webapps/static,AVAILABLE}
2022-07-30 01:48:39,093 [EndpointStateMachine task thread for /0.0.0.0:39231 - 0 ] INFO  server.GrpcService (GrpcService.java:startImpl(260)) - ba3de65c-e6c9-495e-8613-4120736e14c0: GrpcService started, listening on 34507
2022-07-30 01:48:39,093 [EndpointStateMachine task thread for /0.0.0.0:39231 - 0 ] INFO  ratis.XceiverServerRatis (XceiverServerRatis.java:getRealPort(502)) - XceiverServerRatis ba3de65c-e6c9-495e-8613-4120736e14c0 is started using port 34507 for RATIS
2022-07-30 01:48:39,093 [EndpointStateMachine task thread for /0.0.0.0:39231 - 0 ] INFO  ratis.XceiverServerRatis (XceiverServerRatis.java:getRealPort(502)) - XceiverServerRatis ba3de65c-e6c9-495e-8613-4120736e14c0 is started using port 34507 for RATIS_ADMIN
2022-07-30 01:48:39,093 [EndpointStateMachine task thread for /0.0.0.0:39231 - 0 ] INFO  ratis.XceiverServerRatis (XceiverServerRatis.java:getRealPort(502)) - XceiverServerRatis ba3de65c-e6c9-495e-8613-4120736e14c0 is started using port 34507 for RATIS_SERVER
2022-07-30 01:48:39,093 [org.apache.ratis.util.JvmPauseMonitor$$Lambda$615/1033062816@7e378ca4] INFO  util.JvmPauseMonitor (JvmPauseMonitor.java:run(103)) - JvmPauseMonitor-ba3de65c-e6c9-495e-8613-4120736e14c0: Started
2022-07-30 01:48:39,111 [EndpointStateMachine task thread for /0.0.0.0:39231 - 0 ] INFO  server.XceiverServerGrpc (XceiverServerGrpc.java:start(180)) - XceiverServerGrpc ba3de65c-e6c9-495e-8613-4120736e14c0 is started using port 43961
2022-07-30 01:48:39,486 [Listener at 127.0.0.1/43571] INFO  handler.ContextHandler (ContextHandler.java:doStart(915)) - Started o.e.j.w.WebAppContext@5ab43a59{hddsDatanode,/,file:///tmp/jetty-0_0_0_0-38251-hdds-container-service-1_3_0-SNAPSHOT_jar-_-any-3224576627377260317/webapp/,AVAILABLE}{jar:file:/home/runner/.m2/repository/org/apache/ozone/hdds-container-service/1.3.0-SNAPSHOT/hdds-container-service-1.3.0-SNAPSHOT.jar!/webapps/hddsDatanode}
2022-07-30 01:48:39,498 [Listener at 127.0.0.1/43571] INFO  server.AbstractConnector (AbstractConnector.java:doStart(331)) - Started ServerConnector@5245b5e0{HTTP/1.1, (http/1.1)}{0.0.0.0:38251}
2022-07-30 01:48:39,498 [Listener at 127.0.0.1/43571] INFO  server.Server (Server.java:doStart(415)) - Started @88876ms
2022-07-30 01:48:39,498 [Listener at 127.0.0.1/43571] WARN  impl.MetricsSystemImpl (MetricsSystemImpl.java:register(279)) - Sink prometheus already exists!
2022-07-30 01:48:39,500 [Listener at 127.0.0.1/43571] INFO  http.BaseHttpServer (BaseHttpServer.java:updateConnectorAddress(329)) - HTTP server of hddsDatanode listening at http://0.0.0.0:38251
2022-07-30 01:48:39,510 [Listener at 127.0.0.1/43571] WARN  impl.MetricRegistriesImpl (MetricRegistriesImpl.java:addReporterRegistration(111)) - New reporters are added after registries were created. Some metrics will be missing from the reporter. Please add reporter before adding any new registry.
2022-07-30 01:48:39,511 [Listener at 127.0.0.1/43571] WARN  impl.MetricRegistriesImpl (MetricRegistriesImpl.java:addReporterRegistration(111)) - New reporters are added after registries were created. Some metrics will be missing from the reporter. Please add reporter before adding any new registry.
2022-07-30 01:48:39,511 [Listener at 127.0.0.1/43571] INFO  impl.MetricsSystemImpl (MetricsSystemImpl.java:init(158)) - HddsDatanode metrics system started (again)
2022-07-30 01:48:39,523 [Datanode State Machine Daemon Thread] INFO  statemachine.DatanodeStateMachine (DatanodeStateMachine.java:lambda$startDaemon$0(492)) - Ozone container server started.
2022-07-30 01:48:39,546 [Listener at 127.0.0.1/43571] INFO  ozone.HddsDatanodeService (HddsDatanodeService.java:start(236)) - HddsDatanodeService host:fv-az297-62.nmf1rxwemy4u5di1sxxf4ejcwb.jx.internal.cloudapp.net ip:10.1.0.37
2022-07-30 01:48:39,584 [org.apache.hadoop.util.JvmPauseMonitor$Monitor@26a76ee4] INFO  util.JvmPauseMonitor (JvmPauseMonitor.java:run(188)) - Starting JVM pause monitor
2022-07-30 01:48:39,589 [Datanode State Machine Task Thread - 0] INFO  datanode.InitDatanodeState (InitDatanodeState.java:persistContainerDatanodeDetails(138)) - DatanodeDetails is persisted to /home/runner/work/ozone/ozone/hadoop-ozone/integration-test/target/test-dir/MiniOzoneClusterImpl-c8472f64-5143-4d61-85a0-9e96bab939e3/datanode-3/meta/datanode.id
2022-07-30 01:48:39,613 [Listener at 127.0.0.1/43571] INFO  upgrade.AbstractLayoutVersionManager (AbstractLayoutVersionManager.java:init(83)) - Initializing Layout version manager with metadata layout = DATANODE_SCHEMA_V3 (version = 4), software layout = DATANODE_SCHEMA_V3 (version = 4)
2022-07-30 01:48:39,734 [Listener at 127.0.0.1/43571] INFO  reflections.Reflections (Reflections.java:scan(232)) - Reflections took 120 ms to scan 7 urls, producing 132 keys and 321 values 
2022-07-30 01:48:39,737 [Listener at 127.0.0.1/43571] INFO  statemachine.DatanodeStateMachine (DatanodeStateMachine.java:getEndPointTaskThreadPoolSize(237)) - Datanode State Machine Task Thread Pool size 2
2022-07-30 01:48:39,738 [Listener at 127.0.0.1/43571] INFO  volume.HddsVolume (HddsVolume.java:<init>(116)) - Creating HddsVolume: /home/runner/work/ozone/ozone/hadoop-ozone/integration-test/target/test-dir/MiniOzoneClusterImpl-c8472f64-5143-4d61-85a0-9e96bab939e3/datanode-4/data-0/containers/hdds of storage type : DISK capacity : 9223372036854775807
2022-07-30 01:48:39,739 [Listener at 127.0.0.1/43571] INFO  volume.MutableVolumeSet (MutableVolumeSet.java:initializeVolumeSet(174)) - Added Volume : /home/runner/work/ozone/ozone/hadoop-ozone/integration-test/target/test-dir/MiniOzoneClusterImpl-c8472f64-5143-4d61-85a0-9e96bab939e3/datanode-4/data-0/containers/hdds to VolumeSet
2022-07-30 01:48:39,739 [Listener at 127.0.0.1/43571] INFO  volume.ThrottledAsyncChecker (ThrottledAsyncChecker.java:schedule(141)) - Scheduling a check for /home/runner/work/ozone/ozone/hadoop-ozone/integration-test/target/test-dir/MiniOzoneClusterImpl-c8472f64-5143-4d61-85a0-9e96bab939e3/datanode-4/data-0/containers/hdds
2022-07-30 01:48:39,739 [Listener at 127.0.0.1/43571] INFO  volume.StorageVolumeChecker (StorageVolumeChecker.java:checkAllVolumes(202)) - Scheduled health check for volume /home/runner/work/ozone/ozone/hadoop-ozone/integration-test/target/test-dir/MiniOzoneClusterImpl-c8472f64-5143-4d61-85a0-9e96bab939e3/datanode-4/data-0/containers/hdds
2022-07-30 01:48:39,751 [Listener at 127.0.0.1/43571] INFO  volume.MutableVolumeSet (MutableVolumeSet.java:initializeVolumeSet(174)) - Added Volume : /home/runner/work/ozone/ozone/hadoop-ozone/integration-test/target/test-dir/MiniOzoneClusterImpl-c8472f64-5143-4d61-85a0-9e96bab939e3/datanode-4/data/ratis to VolumeSet
2022-07-30 01:48:39,751 [Listener at 127.0.0.1/43571] INFO  volume.ThrottledAsyncChecker (ThrottledAsyncChecker.java:schedule(141)) - Scheduling a check for /home/runner/work/ozone/ozone/hadoop-ozone/integration-test/target/test-dir/MiniOzoneClusterImpl-c8472f64-5143-4d61-85a0-9e96bab939e3/datanode-4/data/ratis
2022-07-30 01:48:39,751 [Listener at 127.0.0.1/43571] INFO  volume.StorageVolumeChecker (StorageVolumeChecker.java:checkAllVolumes(202)) - Scheduled health check for volume /home/runner/work/ozone/ozone/hadoop-ozone/integration-test/target/test-dir/MiniOzoneClusterImpl-c8472f64-5143-4d61-85a0-9e96bab939e3/datanode-4/data/ratis
2022-07-30 01:48:39,791 [Thread-719] INFO  ozoneimpl.ContainerReader (ContainerReader.java:readVolume(175)) - Finish verifying containers on volume /home/runner/work/ozone/ozone/hadoop-ozone/integration-test/target/test-dir/MiniOzoneClusterImpl-c8472f64-5143-4d61-85a0-9e96bab939e3/datanode-4/data-0/containers/hdds
2022-07-30 01:48:39,791 [Listener at 127.0.0.1/43571] INFO  ozoneimpl.OzoneContainer (OzoneContainer.java:buildContainerSet(299)) - Build ContainerSet costs 0s
2022-07-30 01:48:39,800 [Listener at 127.0.0.1/43571] INFO  server.RaftServer (ConfUtils.java:logGet(46)) - raft.rpc.type = GRPC (default)
2022-07-30 01:48:39,801 [Listener at 127.0.0.1/43571] INFO  grpc.GrpcFactory (GrpcFactory.java:checkPooledByteBufAllocatorUseCacheForAllThreads(48)) - PERFORMANCE WARNING: useCacheForAllThreads is true that may cause Netty to create a lot garbage objects and, as a result, trigger GC.
	It is recommended to disable useCacheForAllThreads by setting -Dorg.apache.ratis.thirdparty.io.netty.allocator.useCacheForAllThreads=false in command line.
2022-07-30 01:48:39,801 [Listener at 127.0.0.1/43571] INFO  grpc.GrpcConfigKeys (ConfUtils.java:logGet(46)) - raft.grpc.admin.port = 0 (custom)
2022-07-30 01:48:39,801 [Listener at 127.0.0.1/43571] INFO  grpc.GrpcConfigKeys (ConfUtils.java:logGet(46)) - raft.grpc.client.port = 0 (custom)
2022-07-30 01:48:39,801 [Listener at 127.0.0.1/43571] INFO  grpc.GrpcConfigKeys (ConfUtils.java:logGet(46)) - raft.grpc.server.port = 0 (default)
2022-07-30 01:48:39,801 [Listener at 127.0.0.1/43571] INFO  server.GrpcService (ConfUtils.java:logGet(46)) - raft.grpc.message.size.max = 32MB (=33554432) (custom)
2022-07-30 01:48:39,801 [Listener at 127.0.0.1/43571] INFO  server.RaftServerConfigKeys (ConfUtils.java:logGet(46)) - raft.server.log.appender.buffer.byte-limit = 33554432 (custom)
2022-07-30 01:48:39,801 [Listener at 127.0.0.1/43571] INFO  server.GrpcService (ConfUtils.java:logGet(46)) - raft.grpc.flow.control.window = 5MB (=5242880) (custom)
2022-07-30 01:48:39,802 [Listener at 127.0.0.1/43571] INFO  server.RaftServerConfigKeys (ConfUtils.java:logGet(46)) - raft.server.rpc.request.timeout = 60s (custom)
2022-07-30 01:48:39,802 [Listener at 127.0.0.1/43571] INFO  grpc.GrpcConfigKeys (ConfUtils.java:logGet(46)) - raft.grpc.server.async.request.thread.pool.cached = true (default)
2022-07-30 01:48:39,802 [Listener at 127.0.0.1/43571] INFO  grpc.GrpcConfigKeys (ConfUtils.java:logGet(46)) - raft.grpc.server.async.request.thread.pool.size = 32 (default)
2022-07-30 01:48:39,803 [Listener at 127.0.0.1/43571] INFO  impl.DataStreamServerImpl (ConfUtils.java:logGet(46)) - raft.datastream.type = DISABLED (default)
2022-07-30 01:48:39,803 [Listener at 127.0.0.1/43571] INFO  server.RaftServerConfigKeys (ConfUtils.java:logGet(46)) - raft.server.threadpool.proxy.cached = true (default)
2022-07-30 01:48:39,804 [Listener at 127.0.0.1/43571] INFO  server.RaftServerConfigKeys (ConfUtils.java:logGet(46)) - raft.server.threadpool.proxy.size = 0 (default)
2022-07-30 01:48:39,804 [Listener at 127.0.0.1/43571] INFO  server.RaftServerConfigKeys (ConfUtils.java:logGet(46)) - raft.server.rpc.slowness.timeout = 300s (custom)
2022-07-30 01:48:39,804 [Listener at 127.0.0.1/43571] INFO  server.RaftServerConfigKeys (ConfUtils.java:logGet(46)) - raft.server.leaderelection.leader.step-down.wait-time = 10s (default)
2022-07-30 01:48:39,804 [Listener at 127.0.0.1/43571] INFO  server.RaftServerConfigKeys (ConfUtils.java:logGet(46)) - raft.server.storage.dir = [/home/runner/work/ozone/ozone/hadoop-ozone/integration-test/target/test-dir/MiniOzoneClusterImpl-c8472f64-5143-4d61-85a0-9e96bab939e3/datanode-4/data/ratis] (custom)
2022-07-30 01:48:39,819 [Listener at 127.0.0.1/43571] INFO  server.XceiverServerGrpc (XceiverServerGrpc.java:<init>(132)) - GrpcServer channel type EpollServerSocketChannel
2022-07-30 01:48:39,830 [Listener at 127.0.0.1/43571] INFO  http.BaseHttpServer (BaseHttpServer.java:newHttpServer2BuilderForOzone(209)) - Starting Web-server for hddsDatanode at: http://0.0.0.0:0
2022-07-30 01:48:39,830 [Listener at 127.0.0.1/43571] INFO  http.BaseHttpServer (BaseHttpServer.java:<init>(107)) - Hadoop Security Enabled: false Ozone Security Enabled: false Ozone HTTP Security Enabled: false 
2022-07-30 01:48:39,831 [Listener at 127.0.0.1/43571] INFO  server.AuthenticationFilter (AuthenticationFilter.java:constructSecretProvider(240)) - Unable to initialize FileSignerSecretProvider, falling back to use random secrets.
2022-07-30 01:48:39,832 [Listener at 127.0.0.1/43571] WARN  http.HttpRequestLog (HttpRequestLog.java:getRequestLog(103)) - Jetty request log can only be enabled using Log4j
2022-07-30 01:48:39,833 [Listener at 127.0.0.1/43571] INFO  http.HttpServer2 (HttpServer2.java:addGlobalFilter(1029)) - Added global filter 'safety' (class=org.apache.hadoop.hdds.server.http.HttpServer2$QuotingInputFilter)
2022-07-30 01:48:39,833 [Listener at 127.0.0.1/43571] INFO  http.HttpServer2 (HttpServer2.java:addFilter(1005)) - Added filter static_user_filter (class=org.apache.hadoop.http.lib.StaticUserWebFilter$StaticUserFilter) to context hddsDatanode
2022-07-30 01:48:39,834 [Listener at 127.0.0.1/43571] INFO  http.HttpServer2 (HttpServer2.java:addFilter(1013)) - Added filter static_user_filter (class=org.apache.hadoop.http.lib.StaticUserWebFilter$StaticUserFilter) to context static
2022-07-30 01:48:39,834 [Listener at 127.0.0.1/43571] INFO  http.HttpServer2 (HttpServer2.java:addFilter(1013)) - Added filter static_user_filter (class=org.apache.hadoop.http.lib.StaticUserWebFilter$StaticUserFilter) to context logs
2022-07-30 01:48:39,834 [Listener at 127.0.0.1/43571] INFO  http.HttpServer2 (HttpServer2.java:bindListener(1248)) - Jetty bound to port 45049
2022-07-30 01:48:39,834 [Listener at 127.0.0.1/43571] INFO  server.Server (Server.java:doStart(375)) - jetty-9.4.43.v20210629; built: 2021-06-30T11:07:22.254Z; git: 526006ecfa3af7f1a27ef3a288e2bef7ea9dd7e8; jvm 1.8.0_332-b09
2022-07-30 01:48:39,843 [Listener at 127.0.0.1/43571] INFO  server.session (DefaultSessionIdManager.java:doStart(334)) - DefaultSessionIdManager workerName=node0
2022-07-30 01:48:39,843 [Listener at 127.0.0.1/43571] INFO  server.session (DefaultSessionIdManager.java:doStart(339)) - No SessionScavenger set, using defaults
2022-07-30 01:48:39,843 [Listener at 127.0.0.1/43571] INFO  server.session (HouseKeeper.java:startScavenging(132)) - node0 Scavenging every 600000ms
2022-07-30 01:48:39,858 [Listener at 127.0.0.1/43571] INFO  handler.ContextHandler (ContextHandler.java:doStart(915)) - Started o.e.j.s.ServletContextHandler@4966235c{logs,/logs,file:///home/runner/work/ozone/ozone/hadoop-ozone/integration-test/target/log,AVAILABLE}
2022-07-30 01:48:39,858 [Listener at 127.0.0.1/43571] INFO  handler.ContextHandler (ContextHandler.java:doStart(915)) - Started o.e.j.s.ServletContextHandler@55571f5e{static,/static,jar:file:/home/runner/.m2/repository/org/apache/ozone/hdds-container-service/1.3.0-SNAPSHOT/hdds-container-service-1.3.0-SNAPSHOT.jar!/webapps/static,AVAILABLE}
2022-07-30 01:48:39,981 [EndpointStateMachine task thread for /0.0.0.0:39231 - 0 ] INFO  volume.HddsVolume (HddsVolume.java:createDbStore(309)) - SchemaV3 db is created and loaded at /home/runner/work/ozone/ozone/hadoop-ozone/integration-test/target/test-dir/MiniOzoneClusterImpl-c8472f64-5143-4d61-85a0-9e96bab939e3/datanode-1/data-0/containers/hdds/c8472f64-5143-4d61-85a0-9e96bab939e3/DS-19649d69-5923-4015-8302-4087314b3d26/container.db for volume DS-19649d69-5923-4015-8302-4087314b3d26
2022-07-30 01:48:40,000 [EndpointStateMachine task thread for /0.0.0.0:39231 - 0 ] INFO  volume.HddsVolume (HddsVolume.java:closeDbStore(340)) - SchemaV3 db is stopped at /home/runner/work/ozone/ozone/hadoop-ozone/integration-test/target/test-dir/MiniOzoneClusterImpl-c8472f64-5143-4d61-85a0-9e96bab939e3/datanode-1/data-0/containers/hdds/c8472f64-5143-4d61-85a0-9e96bab939e3/DS-19649d69-5923-4015-8302-4087314b3d26/container.db for volume DS-19649d69-5923-4015-8302-4087314b3d26
2022-07-30 01:48:40,000 [EndpointStateMachine task thread for /0.0.0.0:39231 - 0 ] INFO  ozoneimpl.OzoneContainer (OzoneContainer.java:start(377)) - Attempting to start container services.
2022-07-30 01:48:40,000 [EndpointStateMachine task thread for /0.0.0.0:39231 - 0 ] INFO  ozoneimpl.OzoneContainer (OzoneContainer.java:startContainerScrub(312)) - Background container scanner has been disabled.
2022-07-30 01:48:40,013 [EndpointStateMachine task thread for /0.0.0.0:39231 - 0 ] INFO  replication.ReplicationServer (ReplicationServer.java:start(111)) - ReplicationServer is started using port 33769
2022-07-30 01:48:40,013 [EndpointStateMachine task thread for /0.0.0.0:39231 - 0 ] INFO  ratis.XceiverServerRatis (XceiverServerRatis.java:start(481)) - Starting XceiverServerRatis 7e99fd26-7598-4594-b7f2-81741e43f67c
2022-07-30 01:48:40,014 [EndpointStateMachine task thread for /0.0.0.0:39231 - 0 ] INFO  server.RaftServer (RaftServerProxy.java:lambda$start$6(382)) - 7e99fd26-7598-4594-b7f2-81741e43f67c: start RPC server
2022-07-30 01:48:40,030 [EndpointStateMachine task thread for /0.0.0.0:39231 - 0 ] INFO  server.GrpcService (GrpcService.java:startImpl(260)) - 7e99fd26-7598-4594-b7f2-81741e43f67c: GrpcService started, listening on 40277
2022-07-30 01:48:40,030 [EndpointStateMachine task thread for /0.0.0.0:39231 - 0 ] INFO  ratis.XceiverServerRatis (XceiverServerRatis.java:getRealPort(502)) - XceiverServerRatis 7e99fd26-7598-4594-b7f2-81741e43f67c is started using port 40277 for RATIS
2022-07-30 01:48:40,030 [EndpointStateMachine task thread for /0.0.0.0:39231 - 0 ] INFO  ratis.XceiverServerRatis (XceiverServerRatis.java:getRealPort(502)) - XceiverServerRatis 7e99fd26-7598-4594-b7f2-81741e43f67c is started using port 40277 for RATIS_ADMIN
2022-07-30 01:48:40,030 [EndpointStateMachine task thread for /0.0.0.0:39231 - 0 ] INFO  ratis.XceiverServerRatis (XceiverServerRatis.java:getRealPort(502)) - XceiverServerRatis 7e99fd26-7598-4594-b7f2-81741e43f67c is started using port 40277 for RATIS_SERVER
2022-07-30 01:48:40,056 [org.apache.ratis.util.JvmPauseMonitor$$Lambda$615/1033062816@6240903f] INFO  util.JvmPauseMonitor (JvmPauseMonitor.java:run(103)) - JvmPauseMonitor-7e99fd26-7598-4594-b7f2-81741e43f67c: Started
2022-07-30 01:48:40,068 [EndpointStateMachine task thread for /0.0.0.0:39231 - 0 ] INFO  server.XceiverServerGrpc (XceiverServerGrpc.java:start(180)) - XceiverServerGrpc 7e99fd26-7598-4594-b7f2-81741e43f67c is started using port 41239
2022-07-30 01:48:40,382 [Listener at 127.0.0.1/43571] INFO  handler.ContextHandler (ContextHandler.java:doStart(915)) - Started o.e.j.w.WebAppContext@61dc3d30{hddsDatanode,/,file:///tmp/jetty-0_0_0_0-45049-hdds-container-service-1_3_0-SNAPSHOT_jar-_-any-3035306806290494038/webapp/,AVAILABLE}{jar:file:/home/runner/.m2/repository/org/apache/ozone/hdds-container-service/1.3.0-SNAPSHOT/hdds-container-service-1.3.0-SNAPSHOT.jar!/webapps/hddsDatanode}
2022-07-30 01:48:40,384 [Listener at 127.0.0.1/43571] INFO  server.AbstractConnector (AbstractConnector.java:doStart(331)) - Started ServerConnector@7f264c79{HTTP/1.1, (http/1.1)}{0.0.0.0:45049}
2022-07-30 01:48:40,384 [Listener at 127.0.0.1/43571] INFO  server.Server (Server.java:doStart(415)) - Started @89762ms
2022-07-30 01:48:40,384 [Listener at 127.0.0.1/43571] WARN  impl.MetricsSystemImpl (MetricsSystemImpl.java:register(279)) - Sink prometheus already exists!
2022-07-30 01:48:40,392 [Listener at 127.0.0.1/43571] INFO  http.BaseHttpServer (BaseHttpServer.java:updateConnectorAddress(329)) - HTTP server of hddsDatanode listening at http://0.0.0.0:45049
2022-07-30 01:48:40,404 [Listener at 127.0.0.1/43571] INFO  ozone.MiniOzoneClusterImpl (MiniOzoneClusterImpl.java:lambda$waitForClusterToBeReady$0(216)) - Waiting for nodes to be ready. Got 0 of 5 DN Heartbeats.
2022-07-30 01:48:40,404 [Listener at 127.0.0.1/43571] INFO  ozone.MiniOzoneClusterImpl (MiniOzoneClusterImpl.java:lambda$waitForClusterToBeReady$0(219)) - Waiting for cluster to exit safe mode
2022-07-30 01:48:40,404 [Listener at 127.0.0.1/43571] INFO  ozone.MiniOzoneClusterImpl (MiniOzoneClusterImpl.java:lambda$waitForClusterToBeReady$0(221)) - SCM became leader
2022-07-30 01:48:40,407 [Datanode State Machine Daemon Thread] INFO  statemachine.DatanodeStateMachine (DatanodeStateMachine.java:lambda$startDaemon$0(492)) - Ozone container server started.
2022-07-30 01:48:40,473 [org.apache.hadoop.util.JvmPauseMonitor$Monitor@57de8e1a] INFO  util.JvmPauseMonitor (JvmPauseMonitor.java:run(188)) - Starting JVM pause monitor
2022-07-30 01:48:40,477 [Datanode State Machine Task Thread - 0] INFO  datanode.InitDatanodeState (InitDatanodeState.java:persistContainerDatanodeDetails(138)) - DatanodeDetails is persisted to /home/runner/work/ozone/ozone/hadoop-ozone/integration-test/target/test-dir/MiniOzoneClusterImpl-c8472f64-5143-4d61-85a0-9e96bab939e3/datanode-4/meta/datanode.id
2022-07-30 01:48:40,798 [EndpointStateMachine task thread for /0.0.0.0:39231 - 0 ] INFO  volume.HddsVolume (HddsVolume.java:createDbStore(309)) - SchemaV3 db is created and loaded at /home/runner/work/ozone/ozone/hadoop-ozone/integration-test/target/test-dir/MiniOzoneClusterImpl-c8472f64-5143-4d61-85a0-9e96bab939e3/datanode-2/data-0/containers/hdds/c8472f64-5143-4d61-85a0-9e96bab939e3/DS-d8ef7962-6ded-4538-b8b3-cf034f37de4d/container.db for volume DS-d8ef7962-6ded-4538-b8b3-cf034f37de4d
2022-07-30 01:48:40,807 [EndpointStateMachine task thread for /0.0.0.0:39231 - 0 ] INFO  volume.HddsVolume (HddsVolume.java:closeDbStore(340)) - SchemaV3 db is stopped at /home/runner/work/ozone/ozone/hadoop-ozone/integration-test/target/test-dir/MiniOzoneClusterImpl-c8472f64-5143-4d61-85a0-9e96bab939e3/datanode-2/data-0/containers/hdds/c8472f64-5143-4d61-85a0-9e96bab939e3/DS-d8ef7962-6ded-4538-b8b3-cf034f37de4d/container.db for volume DS-d8ef7962-6ded-4538-b8b3-cf034f37de4d
2022-07-30 01:48:40,807 [EndpointStateMachine task thread for /0.0.0.0:39231 - 0 ] INFO  ozoneimpl.OzoneContainer (OzoneContainer.java:start(377)) - Attempting to start container services.
2022-07-30 01:48:40,807 [EndpointStateMachine task thread for /0.0.0.0:39231 - 0 ] INFO  ozoneimpl.OzoneContainer (OzoneContainer.java:startContainerScrub(312)) - Background container scanner has been disabled.
2022-07-30 01:48:40,820 [EndpointStateMachine task thread for /0.0.0.0:39231 - 0 ] INFO  replication.ReplicationServer (ReplicationServer.java:start(111)) - ReplicationServer is started using port 45691
2022-07-30 01:48:40,822 [EndpointStateMachine task thread for /0.0.0.0:39231 - 0 ] INFO  ratis.XceiverServerRatis (XceiverServerRatis.java:start(481)) - Starting XceiverServerRatis a8954817-1d70-4f19-b814-29be41487240
2022-07-30 01:48:40,832 [EndpointStateMachine task thread for /0.0.0.0:39231 - 0 ] INFO  server.RaftServer (RaftServerProxy.java:lambda$start$6(382)) - a8954817-1d70-4f19-b814-29be41487240: start RPC server
2022-07-30 01:48:40,847 [EndpointStateMachine task thread for /0.0.0.0:39231 - 0 ] INFO  server.GrpcService (GrpcService.java:startImpl(260)) - a8954817-1d70-4f19-b814-29be41487240: GrpcService started, listening on 46247
2022-07-30 01:48:40,847 [EndpointStateMachine task thread for /0.0.0.0:39231 - 0 ] INFO  ratis.XceiverServerRatis (XceiverServerRatis.java:getRealPort(502)) - XceiverServerRatis a8954817-1d70-4f19-b814-29be41487240 is started using port 46247 for RATIS
2022-07-30 01:48:40,847 [EndpointStateMachine task thread for /0.0.0.0:39231 - 0 ] INFO  ratis.XceiverServerRatis (XceiverServerRatis.java:getRealPort(502)) - XceiverServerRatis a8954817-1d70-4f19-b814-29be41487240 is started using port 46247 for RATIS_ADMIN
2022-07-30 01:48:40,847 [EndpointStateMachine task thread for /0.0.0.0:39231 - 0 ] INFO  ratis.XceiverServerRatis (XceiverServerRatis.java:getRealPort(502)) - XceiverServerRatis a8954817-1d70-4f19-b814-29be41487240 is started using port 46247 for RATIS_SERVER
2022-07-30 01:48:40,847 [org.apache.ratis.util.JvmPauseMonitor$$Lambda$615/1033062816@26a92b4a] INFO  util.JvmPauseMonitor (JvmPauseMonitor.java:run(103)) - JvmPauseMonitor-a8954817-1d70-4f19-b814-29be41487240: Started
2022-07-30 01:48:40,856 [EndpointStateMachine task thread for /0.0.0.0:39231 - 0 ] INFO  server.XceiverServerGrpc (XceiverServerGrpc.java:start(180)) - XceiverServerGrpc a8954817-1d70-4f19-b814-29be41487240 is started using port 44433
2022-07-30 01:48:40,932 [IPC Server handler 1 on default port 39231] INFO  net.NetworkTopologyImpl (NetworkTopologyImpl.java:add(112)) - Added a new node: /default-rack/ba3de65c-e6c9-495e-8613-4120736e14c0
2022-07-30 01:48:40,932 [IPC Server handler 1 on default port 39231] INFO  node.SCMNodeManager (SCMNodeManager.java:register(397)) - Registered Data node : ba3de65c-e6c9-495e-8613-4120736e14c0{ip: 10.1.0.37, host: fv-az297-62.nmf1rxwemy4u5di1sxxf4ejcwb.jx.internal.cloudapp.net, ports: [REPLICATION=37513, RATIS=34507, RATIS_ADMIN=34507, RATIS_SERVER=34507, STANDALONE=43961], networkLocation: /default-rack, certSerialId: null, persistedOpState: null, persistedOpStateExpiryEpochSec: 0}
2022-07-30 01:48:40,934 [EventQueue-NodeRegistrationContainerReportForContainerSafeModeRule] INFO  safemode.SCMSafeModeManager (SCMSafeModeManager.java:validateSafeModeExitRules(204)) - ContainerSafeModeRule rule is successfully validated
2022-07-30 01:48:40,935 [EventQueue-NodeRegistrationContainerReportForDataNodeSafeModeRule] INFO  safemode.SCMSafeModeManager (DataNodeSafeModeRule.java:process(71)) - SCM in safe mode. 1 DataNodes registered, 3 required.
2022-07-30 01:48:40,948 [EventQueue-PipelineReportForOneReplicaPipelineSafeModeRule] INFO  safemode.SCMSafeModeManager (SCMSafeModeManager.java:validateSafeModeExitRules(204)) - AtleastOneDatanodeReportedRule rule is successfully validated
2022-07-30 01:48:40,948 [EventQueue-NewNodeForNewNodeHandler] INFO  pipeline.BackgroundPipelineCreator (BackgroundPipelineCreator.java:notifyEventTriggered(276)) - trigger a one-shot run on RatisPipelineUtilsThread.
2022-07-30 01:48:40,949 [RatisPipelineUtilsThread - 0] INFO  pipeline.RatisPipelineProvider (RatisPipelineProvider.java:lambda$create$0(195)) - Sending CreatePipelineCommand for pipeline:PipelineID=30c27125-b7a7-4a1f-ad57-a7f6dc9a48ba to datanode:ba3de65c-e6c9-495e-8613-4120736e14c0
2022-07-30 01:48:40,960 [RatisPipelineUtilsThread - 0] INFO  pipeline.PipelineStateManagerImpl (PipelineStateManagerImpl.java:addPipeline(103)) - Created pipeline Pipeline[ Id: 30c27125-b7a7-4a1f-ad57-a7f6dc9a48ba, Nodes: ba3de65c-e6c9-495e-8613-4120736e14c0{ip: 10.1.0.37, host: fv-az297-62.nmf1rxwemy4u5di1sxxf4ejcwb.jx.internal.cloudapp.net, ports: [REPLICATION=37513, RATIS=34507, RATIS_ADMIN=34507, RATIS_SERVER=34507, STANDALONE=43961], networkLocation: /default-rack, certSerialId: null, persistedOpState: IN_SERVICE, persistedOpStateExpiryEpochSec: 0}, ReplicationConfig: RATIS/ONE, State:ALLOCATED, leaderId:, CreationTimestamp2022-07-30T01:48:40.949Z[Etc/UTC]].
2022-07-30 01:48:41,404 [Listener at 127.0.0.1/43571] INFO  ozone.MiniOzoneClusterImpl (MiniOzoneClusterImpl.java:lambda$waitForClusterToBeReady$0(216)) - Waiting for nodes to be ready. Got 1 of 5 DN Heartbeats.
2022-07-30 01:48:41,405 [Listener at 127.0.0.1/43571] INFO  ozone.MiniOzoneClusterImpl (MiniOzoneClusterImpl.java:lambda$waitForClusterToBeReady$0(219)) - Waiting for cluster to exit safe mode
2022-07-30 01:48:41,405 [Listener at 127.0.0.1/43571] INFO  ozone.MiniOzoneClusterImpl (MiniOzoneClusterImpl.java:lambda$waitForClusterToBeReady$0(221)) - SCM became leader
2022-07-30 01:48:41,698 [EndpointStateMachine task thread for /0.0.0.0:39231 - 0 ] INFO  volume.HddsVolume (HddsVolume.java:createDbStore(309)) - SchemaV3 db is created and loaded at /home/runner/work/ozone/ozone/hadoop-ozone/integration-test/target/test-dir/MiniOzoneClusterImpl-c8472f64-5143-4d61-85a0-9e96bab939e3/datanode-3/data-0/containers/hdds/c8472f64-5143-4d61-85a0-9e96bab939e3/DS-1ce77366-81b9-4a27-8ad5-d7620645ac20/container.db for volume DS-1ce77366-81b9-4a27-8ad5-d7620645ac20
2022-07-30 01:48:41,699 [EndpointStateMachine task thread for /0.0.0.0:39231 - 0 ] INFO  volume.HddsVolume (HddsVolume.java:closeDbStore(340)) - SchemaV3 db is stopped at /home/runner/work/ozone/ozone/hadoop-ozone/integration-test/target/test-dir/MiniOzoneClusterImpl-c8472f64-5143-4d61-85a0-9e96bab939e3/datanode-3/data-0/containers/hdds/c8472f64-5143-4d61-85a0-9e96bab939e3/DS-1ce77366-81b9-4a27-8ad5-d7620645ac20/container.db for volume DS-1ce77366-81b9-4a27-8ad5-d7620645ac20
2022-07-30 01:48:41,699 [EndpointStateMachine task thread for /0.0.0.0:39231 - 0 ] INFO  ozoneimpl.OzoneContainer (OzoneContainer.java:start(377)) - Attempting to start container services.
2022-07-30 01:48:41,699 [EndpointStateMachine task thread for /0.0.0.0:39231 - 0 ] INFO  ozoneimpl.OzoneContainer (OzoneContainer.java:startContainerScrub(312)) - Background container scanner has been disabled.
2022-07-30 01:48:41,710 [EndpointStateMachine task thread for /0.0.0.0:39231 - 0 ] INFO  replication.ReplicationServer (ReplicationServer.java:start(111)) - ReplicationServer is started using port 41957
2022-07-30 01:48:41,710 [EndpointStateMachine task thread for /0.0.0.0:39231 - 0 ] INFO  ratis.XceiverServerRatis (XceiverServerRatis.java:start(481)) - Starting XceiverServerRatis 584f7c35-64f1-4103-804c-22c4f8184f79
2022-07-30 01:48:41,711 [EndpointStateMachine task thread for /0.0.0.0:39231 - 0 ] INFO  server.RaftServer (RaftServerProxy.java:lambda$start$6(382)) - 584f7c35-64f1-4103-804c-22c4f8184f79: start RPC server
2022-07-30 01:48:41,730 [EndpointStateMachine task thread for /0.0.0.0:39231 - 0 ] INFO  server.GrpcService (GrpcService.java:startImpl(260)) - 584f7c35-64f1-4103-804c-22c4f8184f79: GrpcService started, listening on 33221
2022-07-30 01:48:41,730 [EndpointStateMachine task thread for /0.0.0.0:39231 - 0 ] INFO  ratis.XceiverServerRatis (XceiverServerRatis.java:getRealPort(502)) - XceiverServerRatis 584f7c35-64f1-4103-804c-22c4f8184f79 is started using port 33221 for RATIS
2022-07-30 01:48:41,730 [EndpointStateMachine task thread for /0.0.0.0:39231 - 0 ] INFO  ratis.XceiverServerRatis (XceiverServerRatis.java:getRealPort(502)) - XceiverServerRatis 584f7c35-64f1-4103-804c-22c4f8184f79 is started using port 33221 for RATIS_ADMIN
2022-07-30 01:48:41,730 [EndpointStateMachine task thread for /0.0.0.0:39231 - 0 ] INFO  ratis.XceiverServerRatis (XceiverServerRatis.java:getRealPort(502)) - XceiverServerRatis 584f7c35-64f1-4103-804c-22c4f8184f79 is started using port 33221 for RATIS_SERVER
2022-07-30 01:48:41,742 [org.apache.ratis.util.JvmPauseMonitor$$Lambda$615/1033062816@82ad0a5] INFO  util.JvmPauseMonitor (JvmPauseMonitor.java:run(103)) - JvmPauseMonitor-584f7c35-64f1-4103-804c-22c4f8184f79: Started
2022-07-30 01:48:41,756 [EndpointStateMachine task thread for /0.0.0.0:39231 - 0 ] INFO  server.XceiverServerGrpc (XceiverServerGrpc.java:start(180)) - XceiverServerGrpc 584f7c35-64f1-4103-804c-22c4f8184f79 is started using port 41055
2022-07-30 01:48:41,837 [IPC Server handler 1 on default port 39231] INFO  net.NetworkTopologyImpl (NetworkTopologyImpl.java:add(112)) - Added a new node: /default-rack/7e99fd26-7598-4594-b7f2-81741e43f67c
2022-07-30 01:48:41,837 [IPC Server handler 1 on default port 39231] INFO  node.SCMNodeManager (SCMNodeManager.java:register(397)) - Registered Data node : 7e99fd26-7598-4594-b7f2-81741e43f67c{ip: 10.1.0.37, host: fv-az297-62.nmf1rxwemy4u5di1sxxf4ejcwb.jx.internal.cloudapp.net, ports: [REPLICATION=33769, RATIS=40277, RATIS_ADMIN=40277, RATIS_SERVER=40277, STANDALONE=41239], networkLocation: /default-rack, certSerialId: null, persistedOpState: null, persistedOpStateExpiryEpochSec: 0}
2022-07-30 01:48:41,837 [EventQueue-NewNodeForNewNodeHandler] INFO  pipeline.BackgroundPipelineCreator (BackgroundPipelineCreator.java:notifyEventTriggered(276)) - trigger a one-shot run on RatisPipelineUtilsThread.
2022-07-30 01:48:41,840 [EventQueue-NodeRegistrationContainerReportForDataNodeSafeModeRule] INFO  safemode.SCMSafeModeManager (DataNodeSafeModeRule.java:process(71)) - SCM in safe mode. 2 DataNodes registered, 3 required.
2022-07-30 01:48:41,841 [RatisPipelineUtilsThread - 0] INFO  pipeline.RatisPipelineProvider (RatisPipelineProvider.java:lambda$create$0(195)) - Sending CreatePipelineCommand for pipeline:PipelineID=82c93a42-215d-41b0-8a1c-2626f122829b to datanode:7e99fd26-7598-4594-b7f2-81741e43f67c
2022-07-30 01:48:41,842 [RatisPipelineUtilsThread - 0] INFO  pipeline.PipelineStateManagerImpl (PipelineStateManagerImpl.java:addPipeline(103)) - Created pipeline Pipeline[ Id: 82c93a42-215d-41b0-8a1c-2626f122829b, Nodes: 7e99fd26-7598-4594-b7f2-81741e43f67c{ip: 10.1.0.37, host: fv-az297-62.nmf1rxwemy4u5di1sxxf4ejcwb.jx.internal.cloudapp.net, ports: [REPLICATION=33769, RATIS=40277, RATIS_ADMIN=40277, RATIS_SERVER=40277, STANDALONE=41239], networkLocation: /default-rack, certSerialId: null, persistedOpState: IN_SERVICE, persistedOpStateExpiryEpochSec: 0}, ReplicationConfig: RATIS/ONE, State:ALLOCATED, leaderId:, CreationTimestamp2022-07-30T01:48:41.841Z[Etc/UTC]].
2022-07-30 01:48:42,405 [Listener at 127.0.0.1/43571] INFO  ozone.MiniOzoneClusterImpl (MiniOzoneClusterImpl.java:lambda$waitForClusterToBeReady$0(216)) - Waiting for nodes to be ready. Got 2 of 5 DN Heartbeats.
2022-07-30 01:48:42,405 [Listener at 127.0.0.1/43571] INFO  ozone.MiniOzoneClusterImpl (MiniOzoneClusterImpl.java:lambda$waitForClusterToBeReady$0(219)) - Waiting for cluster to exit safe mode
2022-07-30 01:48:42,405 [Listener at 127.0.0.1/43571] INFO  ozone.MiniOzoneClusterImpl (MiniOzoneClusterImpl.java:lambda$waitForClusterToBeReady$0(221)) - SCM became leader
2022-07-30 01:48:42,558 [EndpointStateMachine task thread for /0.0.0.0:39231 - 0 ] INFO  volume.HddsVolume (HddsVolume.java:createDbStore(309)) - SchemaV3 db is created and loaded at /home/runner/work/ozone/ozone/hadoop-ozone/integration-test/target/test-dir/MiniOzoneClusterImpl-c8472f64-5143-4d61-85a0-9e96bab939e3/datanode-4/data-0/containers/hdds/c8472f64-5143-4d61-85a0-9e96bab939e3/DS-a04eebc9-11ca-4ead-82b9-4673c2242be4/container.db for volume DS-a04eebc9-11ca-4ead-82b9-4673c2242be4
2022-07-30 01:48:42,558 [EndpointStateMachine task thread for /0.0.0.0:39231 - 0 ] INFO  volume.HddsVolume (HddsVolume.java:closeDbStore(340)) - SchemaV3 db is stopped at /home/runner/work/ozone/ozone/hadoop-ozone/integration-test/target/test-dir/MiniOzoneClusterImpl-c8472f64-5143-4d61-85a0-9e96bab939e3/datanode-4/data-0/containers/hdds/c8472f64-5143-4d61-85a0-9e96bab939e3/DS-a04eebc9-11ca-4ead-82b9-4673c2242be4/container.db for volume DS-a04eebc9-11ca-4ead-82b9-4673c2242be4
2022-07-30 01:48:42,558 [EndpointStateMachine task thread for /0.0.0.0:39231 - 0 ] INFO  ozoneimpl.OzoneContainer (OzoneContainer.java:start(377)) - Attempting to start container services.
2022-07-30 01:48:42,559 [EndpointStateMachine task thread for /0.0.0.0:39231 - 0 ] INFO  ozoneimpl.OzoneContainer (OzoneContainer.java:startContainerScrub(312)) - Background container scanner has been disabled.
2022-07-30 01:48:42,563 [EndpointStateMachine task thread for /0.0.0.0:39231 - 0 ] INFO  replication.ReplicationServer (ReplicationServer.java:start(111)) - ReplicationServer is started using port 32853
2022-07-30 01:48:42,563 [EndpointStateMachine task thread for /0.0.0.0:39231 - 0 ] INFO  ratis.XceiverServerRatis (XceiverServerRatis.java:start(481)) - Starting XceiverServerRatis 0afd43b6-07b3-44a6-8ea4-53b5cafc6713
2022-07-30 01:48:42,581 [EndpointStateMachine task thread for /0.0.0.0:39231 - 0 ] INFO  server.RaftServer (RaftServerProxy.java:lambda$start$6(382)) - 0afd43b6-07b3-44a6-8ea4-53b5cafc6713: start RPC server
2022-07-30 01:48:42,588 [EndpointStateMachine task thread for /0.0.0.0:39231 - 0 ] INFO  server.GrpcService (GrpcService.java:startImpl(260)) - 0afd43b6-07b3-44a6-8ea4-53b5cafc6713: GrpcService started, listening on 37931
2022-07-30 01:48:42,589 [EndpointStateMachine task thread for /0.0.0.0:39231 - 0 ] INFO  ratis.XceiverServerRatis (XceiverServerRatis.java:getRealPort(502)) - XceiverServerRatis 0afd43b6-07b3-44a6-8ea4-53b5cafc6713 is started using port 37931 for RATIS
2022-07-30 01:48:42,589 [EndpointStateMachine task thread for /0.0.0.0:39231 - 0 ] INFO  ratis.XceiverServerRatis (XceiverServerRatis.java:getRealPort(502)) - XceiverServerRatis 0afd43b6-07b3-44a6-8ea4-53b5cafc6713 is started using port 37931 for RATIS_ADMIN
2022-07-30 01:48:42,589 [EndpointStateMachine task thread for /0.0.0.0:39231 - 0 ] INFO  ratis.XceiverServerRatis (XceiverServerRatis.java:getRealPort(502)) - XceiverServerRatis 0afd43b6-07b3-44a6-8ea4-53b5cafc6713 is started using port 37931 for RATIS_SERVER
2022-07-30 01:48:42,590 [org.apache.ratis.util.JvmPauseMonitor$$Lambda$615/1033062816@19702ee3] INFO  util.JvmPauseMonitor (JvmPauseMonitor.java:run(103)) - JvmPauseMonitor-0afd43b6-07b3-44a6-8ea4-53b5cafc6713: Started
2022-07-30 01:48:42,605 [EndpointStateMachine task thread for /0.0.0.0:39231 - 0 ] INFO  server.XceiverServerGrpc (XceiverServerGrpc.java:start(180)) - XceiverServerGrpc 0afd43b6-07b3-44a6-8ea4-53b5cafc6713 is started using port 46469
2022-07-30 01:48:42,696 [IPC Server handler 0 on default port 39231] INFO  net.NetworkTopologyImpl (NetworkTopologyImpl.java:add(112)) - Added a new node: /default-rack/a8954817-1d70-4f19-b814-29be41487240
2022-07-30 01:48:42,696 [IPC Server handler 0 on default port 39231] INFO  node.SCMNodeManager (SCMNodeManager.java:register(397)) - Registered Data node : a8954817-1d70-4f19-b814-29be41487240{ip: 10.1.0.37, host: fv-az297-62.nmf1rxwemy4u5di1sxxf4ejcwb.jx.internal.cloudapp.net, ports: [REPLICATION=45691, RATIS=46247, RATIS_ADMIN=46247, RATIS_SERVER=46247, STANDALONE=44433], networkLocation: /default-rack, certSerialId: null, persistedOpState: null, persistedOpStateExpiryEpochSec: 0}
2022-07-30 01:48:42,697 [EventQueue-NewNodeForNewNodeHandler] INFO  pipeline.BackgroundPipelineCreator (BackgroundPipelineCreator.java:notifyEventTriggered(276)) - trigger a one-shot run on RatisPipelineUtilsThread.
2022-07-30 01:48:42,697 [EventQueue-NodeRegistrationContainerReportForDataNodeSafeModeRule] INFO  safemode.SCMSafeModeManager (DataNodeSafeModeRule.java:process(71)) - SCM in safe mode. 3 DataNodes registered, 3 required.
2022-07-30 01:48:42,697 [EventQueue-NodeRegistrationContainerReportForDataNodeSafeModeRule] INFO  safemode.SCMSafeModeManager (SCMSafeModeManager.java:validateSafeModeExitRules(204)) - DataNodeSafeModeRule rule is successfully validated
2022-07-30 01:48:42,697 [EventQueue-NodeRegistrationContainerReportForDataNodeSafeModeRule] INFO  safemode.SCMSafeModeManager (SCMSafeModeManager.java:completePreCheck(233)) - All SCM safe mode pre check rules have passed
2022-07-30 01:48:42,697 [EventQueue-NodeRegistrationContainerReportForDataNodeSafeModeRule] WARN  events.EventQueue (EventQueue.java:fireEvent(216)) - No event handler registered for event TypedEvent{payloadType=SafeModeStatus, name='Safe mode status'}
2022-07-30 01:48:42,697 [EventQueue-NodeRegistrationContainerReportForDataNodeSafeModeRule] INFO  ha.SCMContext (SCMContext.java:updateSafeModeStatus(228)) - Update SafeModeStatus from SafeModeStatus{safeModeStatus=true, preCheckPassed=false} to SafeModeStatus{safeModeStatus=true, preCheckPassed=true}.
2022-07-30 01:48:42,697 [EventQueue-NodeRegistrationContainerReportForDataNodeSafeModeRule] INFO  pipeline.BackgroundPipelineCreator (BackgroundPipelineCreator.java:notifyEventTriggered(276)) - trigger a one-shot run on RatisPipelineUtilsThread.
2022-07-30 01:48:42,698 [RatisPipelineUtilsThread - 0] INFO  pipeline.RatisPipelineProvider (RatisPipelineProvider.java:lambda$create$0(195)) - Sending CreatePipelineCommand for pipeline:PipelineID=8105e1b6-a03e-4921-b9a7-d67549bce49d to datanode:a8954817-1d70-4f19-b814-29be41487240
2022-07-30 01:48:42,698 [RatisPipelineUtilsThread - 0] INFO  pipeline.PipelineStateManagerImpl (PipelineStateManagerImpl.java:addPipeline(103)) - Created pipeline Pipeline[ Id: 8105e1b6-a03e-4921-b9a7-d67549bce49d, Nodes: a8954817-1d70-4f19-b814-29be41487240{ip: 10.1.0.37, host: fv-az297-62.nmf1rxwemy4u5di1sxxf4ejcwb.jx.internal.cloudapp.net, ports: [REPLICATION=45691, RATIS=46247, RATIS_ADMIN=46247, RATIS_SERVER=46247, STANDALONE=44433], networkLocation: /default-rack, certSerialId: null, persistedOpState: IN_SERVICE, persistedOpStateExpiryEpochSec: 0}, ReplicationConfig: RATIS/ONE, State:ALLOCATED, leaderId:, CreationTimestamp2022-07-30T01:48:42.698Z[Etc/UTC]].
2022-07-30 01:48:42,699 [RatisPipelineUtilsThread - 0] INFO  pipeline.RatisPipelineProvider (RatisPipelineProvider.java:lambda$create$0(195)) - Sending CreatePipelineCommand for pipeline:PipelineID=3872e03d-ccf4-4ed0-9a86-0dcd7174b461 to datanode:ba3de65c-e6c9-495e-8613-4120736e14c0
2022-07-30 01:48:42,699 [RatisPipelineUtilsThread - 0] INFO  pipeline.RatisPipelineProvider (RatisPipelineProvider.java:lambda$create$0(195)) - Sending CreatePipelineCommand for pipeline:PipelineID=3872e03d-ccf4-4ed0-9a86-0dcd7174b461 to datanode:a8954817-1d70-4f19-b814-29be41487240
2022-07-30 01:48:42,699 [RatisPipelineUtilsThread - 0] INFO  pipeline.RatisPipelineProvider (RatisPipelineProvider.java:lambda$create$0(195)) - Sending CreatePipelineCommand for pipeline:PipelineID=3872e03d-ccf4-4ed0-9a86-0dcd7174b461 to datanode:7e99fd26-7598-4594-b7f2-81741e43f67c
2022-07-30 01:48:42,699 [RatisPipelineUtilsThread - 0] INFO  pipeline.PipelineStateManagerImpl (PipelineStateManagerImpl.java:addPipeline(103)) - Created pipeline Pipeline[ Id: 3872e03d-ccf4-4ed0-9a86-0dcd7174b461, Nodes: ba3de65c-e6c9-495e-8613-4120736e14c0{ip: 10.1.0.37, host: fv-az297-62.nmf1rxwemy4u5di1sxxf4ejcwb.jx.internal.cloudapp.net, ports: [REPLICATION=37513, RATIS=34507, RATIS_ADMIN=34507, RATIS_SERVER=34507, STANDALONE=43961], networkLocation: /default-rack, certSerialId: null, persistedOpState: IN_SERVICE, persistedOpStateExpiryEpochSec: 0}a8954817-1d70-4f19-b814-29be41487240{ip: 10.1.0.37, host: fv-az297-62.nmf1rxwemy4u5di1sxxf4ejcwb.jx.internal.cloudapp.net, ports: [REPLICATION=45691, RATIS=46247, RATIS_ADMIN=46247, RATIS_SERVER=46247, STANDALONE=44433], networkLocation: /default-rack, certSerialId: null, persistedOpState: IN_SERVICE, persistedOpStateExpiryEpochSec: 0}7e99fd26-7598-4594-b7f2-81741e43f67c{ip: 10.1.0.37, host: fv-az297-62.nmf1rxwemy4u5di1sxxf4ejcwb.jx.internal.cloudapp.net, ports: [REPLICATION=33769, RATIS=40277, RATIS_ADMIN=40277, RATIS_SERVER=40277, STANDALONE=41239], networkLocation: /default-rack, certSerialId: null, persistedOpState: IN_SERVICE, persistedOpStateExpiryEpochSec: 0}, ReplicationConfig: RATIS/THREE, State:ALLOCATED, leaderId:, CreationTimestamp2022-07-30T01:48:42.699Z[Etc/UTC]].
2022-07-30 01:48:42,700 [RatisPipelineUtilsThread - 0] INFO  pipeline.RatisPipelineProvider (RatisPipelineProvider.java:lambda$create$0(195)) - Sending CreatePipelineCommand for pipeline:PipelineID=16f0266c-a4ab-40f2-a290-92a57c94f017 to datanode:ba3de65c-e6c9-495e-8613-4120736e14c0
2022-07-30 01:48:42,700 [RatisPipelineUtilsThread - 0] INFO  pipeline.RatisPipelineProvider (RatisPipelineProvider.java:lambda$create$0(195)) - Sending CreatePipelineCommand for pipeline:PipelineID=16f0266c-a4ab-40f2-a290-92a57c94f017 to datanode:7e99fd26-7598-4594-b7f2-81741e43f67c
2022-07-30 01:48:42,700 [RatisPipelineUtilsThread - 0] INFO  pipeline.RatisPipelineProvider (RatisPipelineProvider.java:lambda$create$0(195)) - Sending CreatePipelineCommand for pipeline:PipelineID=16f0266c-a4ab-40f2-a290-92a57c94f017 to datanode:a8954817-1d70-4f19-b814-29be41487240
2022-07-30 01:48:42,700 [RatisPipelineUtilsThread - 0] INFO  pipeline.PipelineStateManagerImpl (PipelineStateManagerImpl.java:addPipeline(103)) - Created pipeline Pipeline[ Id: 16f0266c-a4ab-40f2-a290-92a57c94f017, Nodes: ba3de65c-e6c9-495e-8613-4120736e14c0{ip: 10.1.0.37, host: fv-az297-62.nmf1rxwemy4u5di1sxxf4ejcwb.jx.internal.cloudapp.net, ports: [REPLICATION=37513, RATIS=34507, RATIS_ADMIN=34507, RATIS_SERVER=34507, STANDALONE=43961], networkLocation: /default-rack, certSerialId: null, persistedOpState: IN_SERVICE, persistedOpStateExpiryEpochSec: 0}7e99fd26-7598-4594-b7f2-81741e43f67c{ip: 10.1.0.37, host: fv-az297-62.nmf1rxwemy4u5di1sxxf4ejcwb.jx.internal.cloudapp.net, ports: [REPLICATION=33769, RATIS=40277, RATIS_ADMIN=40277, RATIS_SERVER=40277, STANDALONE=41239], networkLocation: /default-rack, certSerialId: null, persistedOpState: IN_SERVICE, persistedOpStateExpiryEpochSec: 0}a8954817-1d70-4f19-b814-29be41487240{ip: 10.1.0.37, host: fv-az297-62.nmf1rxwemy4u5di1sxxf4ejcwb.jx.internal.cloudapp.net, ports: [REPLICATION=45691, RATIS=46247, RATIS_ADMIN=46247, RATIS_SERVER=46247, STANDALONE=44433], networkLocation: /default-rack, certSerialId: null, persistedOpState: IN_SERVICE, persistedOpStateExpiryEpochSec: 0}, ReplicationConfig: RATIS/THREE, State:ALLOCATED, leaderId:, CreationTimestamp2022-07-30T01:48:42.700Z[Etc/UTC]].
2022-07-30 01:48:42,701 [RatisPipelineUtilsThread - 0] INFO  pipeline.PipelineManagerImpl (PipelineManagerImpl.java:recordMetricsForPipeline(796)) - Pipeline: PipelineID=16f0266c-a4ab-40f2-a290-92a57c94f017 contains same datanodes as previous pipelines: PipelineID=3872e03d-ccf4-4ed0-9a86-0dcd7174b461 nodeIds: ba3de65c-e6c9-495e-8613-4120736e14c0, 7e99fd26-7598-4594-b7f2-81741e43f67c, a8954817-1d70-4f19-b814-29be41487240
2022-07-30 01:48:43,406 [Listener at 127.0.0.1/43571] INFO  ozone.MiniOzoneClusterImpl (MiniOzoneClusterImpl.java:lambda$waitForClusterToBeReady$0(216)) - Waiting for nodes to be ready. Got 3 of 5 DN Heartbeats.
2022-07-30 01:48:43,406 [Listener at 127.0.0.1/43571] INFO  ozone.MiniOzoneClusterImpl (MiniOzoneClusterImpl.java:lambda$waitForClusterToBeReady$0(219)) - Waiting for cluster to exit safe mode
2022-07-30 01:48:43,406 [Listener at 127.0.0.1/43571] INFO  ozone.MiniOzoneClusterImpl (MiniOzoneClusterImpl.java:lambda$waitForClusterToBeReady$0(221)) - SCM became leader
2022-07-30 01:48:43,584 [IPC Server handler 3 on default port 39231] INFO  net.NetworkTopologyImpl (NetworkTopologyImpl.java:add(112)) - Added a new node: /default-rack/584f7c35-64f1-4103-804c-22c4f8184f79
2022-07-30 01:48:43,585 [IPC Server handler 3 on default port 39231] INFO  node.SCMNodeManager (SCMNodeManager.java:register(397)) - Registered Data node : 584f7c35-64f1-4103-804c-22c4f8184f79{ip: 10.1.0.37, host: fv-az297-62.nmf1rxwemy4u5di1sxxf4ejcwb.jx.internal.cloudapp.net, ports: [REPLICATION=41957, RATIS=33221, RATIS_ADMIN=33221, RATIS_SERVER=33221, STANDALONE=41055], networkLocation: /default-rack, certSerialId: null, persistedOpState: null, persistedOpStateExpiryEpochSec: 0}
2022-07-30 01:48:43,585 [EventQueue-NewNodeForNewNodeHandler] INFO  pipeline.BackgroundPipelineCreator (BackgroundPipelineCreator.java:notifyEventTriggered(276)) - trigger a one-shot run on RatisPipelineUtilsThread.
2022-07-30 01:48:43,586 [RatisPipelineUtilsThread - 0] INFO  pipeline.RatisPipelineProvider (RatisPipelineProvider.java:lambda$create$0(195)) - Sending CreatePipelineCommand for pipeline:PipelineID=c45bf84c-02c6-4d52-902d-5859f036e09c to datanode:584f7c35-64f1-4103-804c-22c4f8184f79
2022-07-30 01:48:43,590 [RatisPipelineUtilsThread - 0] INFO  pipeline.PipelineStateManagerImpl (PipelineStateManagerImpl.java:addPipeline(103)) - Created pipeline Pipeline[ Id: c45bf84c-02c6-4d52-902d-5859f036e09c, Nodes: 584f7c35-64f1-4103-804c-22c4f8184f79{ip: 10.1.0.37, host: fv-az297-62.nmf1rxwemy4u5di1sxxf4ejcwb.jx.internal.cloudapp.net, ports: [REPLICATION=41957, RATIS=33221, RATIS_ADMIN=33221, RATIS_SERVER=33221, STANDALONE=41055], networkLocation: /default-rack, certSerialId: null, persistedOpState: IN_SERVICE, persistedOpStateExpiryEpochSec: 0}, ReplicationConfig: RATIS/ONE, State:ALLOCATED, leaderId:, CreationTimestamp2022-07-30T01:48:43.586Z[Etc/UTC]].
2022-07-30 01:48:43,931 [Command processor thread] INFO  server.RaftServer (RaftServerProxy.java:addNew(96)) - ba3de65c-e6c9-495e-8613-4120736e14c0: addNew group-A7F6DC9A48BA:[ba3de65c-e6c9-495e-8613-4120736e14c0|rpc:10.1.0.37:34507|priority:1] returns group-A7F6DC9A48BA:java.util.concurrent.CompletableFuture@60082290[Not completed]
2022-07-30 01:48:43,933 [pool-333-thread-1] INFO  server.RaftServer$Division (RaftServerImpl.java:<init>(190)) - ba3de65c-e6c9-495e-8613-4120736e14c0: new RaftServerImpl for group-A7F6DC9A48BA:[ba3de65c-e6c9-495e-8613-4120736e14c0|rpc:10.1.0.37:34507|priority:1] with ContainerStateMachine:uninitialized
2022-07-30 01:48:43,933 [pool-333-thread-1] INFO  server.RaftServerConfigKeys (ConfUtils.java:logGet(46)) - raft.server.rpc.timeout.min = 5s (custom)
2022-07-30 01:48:43,933 [pool-333-thread-1] INFO  server.RaftServerConfigKeys (ConfUtils.java:logGet(46)) - raft.server.rpc.timeout.max = 5200ms (custom)
2022-07-30 01:48:43,933 [pool-333-thread-1] INFO  server.RaftServerConfigKeys (ConfUtils.java:logGet(46)) - raft.server.rpc.sleep.time = 25ms (default)
2022-07-30 01:48:43,933 [pool-333-thread-1] INFO  server.RaftServerConfigKeys (ConfUtils.java:logGet(46)) - raft.server.rpc.slowness.timeout = 300s (custom)
2022-07-30 01:48:43,933 [pool-333-thread-1] INFO  server.RaftServerConfigKeys (ConfUtils.java:logGet(46)) - raft.server.leaderelection.leader.step-down.wait-time = 10s (default)
2022-07-30 01:48:43,933 [pool-333-thread-1] INFO  server.RaftServerConfigKeys (ConfUtils.java:logGet(46)) - raft.server.sleep.deviation.threshold = 300ms (default)
2022-07-30 01:48:43,933 [pool-333-thread-1] INFO  server.RaftServer$Division (ServerState.java:<init>(107)) - ba3de65c-e6c9-495e-8613-4120736e14c0@group-A7F6DC9A48BA: ConfigurationManager, init=-1: [ba3de65c-e6c9-495e-8613-4120736e14c0|rpc:10.1.0.37:34507|priority:1], old=null, confs=<EMPTY_MAP>
2022-07-30 01:48:43,933 [pool-333-thread-1] INFO  server.RaftServerConfigKeys (ConfUtils.java:logGet(46)) - raft.server.storage.dir = [/home/runner/work/ozone/ozone/hadoop-ozone/integration-test/target/test-dir/MiniOzoneClusterImpl-c8472f64-5143-4d61-85a0-9e96bab939e3/datanode-0/data/ratis] (custom)
2022-07-30 01:48:43,934 [pool-333-thread-1] INFO  server.RaftServerConfigKeys (ConfUtils.java:logGet(46)) - raft.server.log.corruption.policy = EXCEPTION (default)
2022-07-30 01:48:43,934 [pool-333-thread-1] INFO  server.RaftServerConfigKeys (ConfUtils.java:logGet(46)) - raft.server.storage.free-space.min = 0MB (=0) (default)
2022-07-30 01:48:43,934 [pool-333-thread-1] INFO  storage.RaftStorageDirectory (RaftStorageDirectoryImpl.java:analyzeStorage(135)) - The storage directory /home/runner/work/ozone/ozone/hadoop-ozone/integration-test/target/test-dir/MiniOzoneClusterImpl-c8472f64-5143-4d61-85a0-9e96bab939e3/datanode-0/data/ratis/30c27125-b7a7-4a1f-ad57-a7f6dc9a48ba does not exist. Creating ...
2022-07-30 01:48:43,943 [pool-333-thread-1] INFO  storage.RaftStorageDirectory (RaftStorageDirectoryImpl.java:tryLock(230)) - Lock on /home/runner/work/ozone/ozone/hadoop-ozone/integration-test/target/test-dir/MiniOzoneClusterImpl-c8472f64-5143-4d61-85a0-9e96bab939e3/datanode-0/data/ratis/30c27125-b7a7-4a1f-ad57-a7f6dc9a48ba/in_use.lock acquired by nodename 10860@fv-az297-62
2022-07-30 01:48:43,946 [pool-333-thread-1] INFO  storage.RaftStorage (RaftStorageImpl.java:format(89)) - Storage directory /home/runner/work/ozone/ozone/hadoop-ozone/integration-test/target/test-dir/MiniOzoneClusterImpl-c8472f64-5143-4d61-85a0-9e96bab939e3/datanode-0/data/ratis/30c27125-b7a7-4a1f-ad57-a7f6dc9a48ba has been successfully formatted.
2022-07-30 01:48:43,952 [pool-333-thread-1] INFO  ratis.ContainerStateMachine (ContainerStateMachine.java:loadSnapshot(236)) - group-A7F6DC9A48BA: The snapshot info is null. Setting the last applied indexto:(t:0, i:~)
2022-07-30 01:48:43,952 [pool-333-thread-1] INFO  server.RaftServerConfigKeys (ConfUtils.java:logGet(46)) - raft.server.notification.no-leader.timeout = 300s (custom)
2022-07-30 01:48:43,952 [EventQueue-PipelineReportForPipelineReportHandler] INFO  pipeline.PipelineManagerImpl (PipelineManagerImpl.java:openPipeline(367)) - Pipeline Pipeline[ Id: 30c27125-b7a7-4a1f-ad57-a7f6dc9a48ba, Nodes: ba3de65c-e6c9-495e-8613-4120736e14c0{ip: 10.1.0.37, host: fv-az297-62.nmf1rxwemy4u5di1sxxf4ejcwb.jx.internal.cloudapp.net, ports: [REPLICATION=37513, RATIS=34507, RATIS_ADMIN=34507, RATIS_SERVER=34507, STANDALONE=43961], networkLocation: /default-rack, certSerialId: null, persistedOpState: IN_SERVICE, persistedOpStateExpiryEpochSec: 0}, ReplicationConfig: RATIS/ONE, State:ALLOCATED, leaderId:ba3de65c-e6c9-495e-8613-4120736e14c0, CreationTimestamp2022-07-30T01:48:40.949Z[Etc/UTC]] moved to OPEN state
2022-07-30 01:48:43,960 [pool-333-thread-1] INFO  server.RaftServerConfigKeys (ConfUtils.java:logGet(46)) - raft.server.log.use.memory = false (default)
2022-07-30 01:48:43,961 [pool-333-thread-1] INFO  server.RaftServerConfigKeys (ConfUtils.java:logGet(46)) - raft.server.log.purge.gap = 1000000 (custom)
2022-07-30 01:48:43,961 [pool-333-thread-1] INFO  server.RaftServerConfigKeys (ConfUtils.java:logGet(46)) - raft.server.log.appender.buffer.byte-limit = 33554432 (custom)
2022-07-30 01:48:43,961 [pool-333-thread-1] INFO  server.RaftServerConfigKeys (ConfUtils.java:logGet(46)) - raft.server.log.statemachine.data.read.timeout = 1000ms (default)
2022-07-30 01:48:43,961 [pool-333-thread-1] INFO  server.RaftServerConfigKeys (ConfUtils.java:logGet(46)) - raft.server.log.segment.size.max = 1048576 (custom)
2022-07-30 01:48:43,961 [pool-333-thread-1] INFO  server.RaftServerConfigKeys (ConfUtils.java:logGet(46)) - raft.server.log.segment.cache.num.max = 2 (custom)
2022-07-30 01:48:43,962 [pool-333-thread-1] INFO  server.RaftServerConfigKeys (ConfUtils.java:logGet(46)) - raft.server.log.segment.cache.size.max = 200MB (=209715200) (default)
2022-07-30 01:48:43,962 [pool-333-thread-1] INFO  segmented.SegmentedRaftLogWorker (SegmentedRaftLogWorker.java:<init>(187)) - new ba3de65c-e6c9-495e-8613-4120736e14c0@group-A7F6DC9A48BA-SegmentedRaftLogWorker for RaftStorageImpl:Storage Directory /home/runner/work/ozone/ozone/hadoop-ozone/integration-test/target/test-dir/MiniOzoneClusterImpl-c8472f64-5143-4d61-85a0-9e96bab939e3/datanode-0/data/ratis/30c27125-b7a7-4a1f-ad57-a7f6dc9a48ba
2022-07-30 01:48:43,962 [pool-333-thread-1] INFO  server.RaftServerConfigKeys (ConfUtils.java:logGet(46)) - raft.server.log.queue.byte-limit = 4294967296 (custom)
2022-07-30 01:48:43,962 [pool-333-thread-1] INFO  server.RaftServerConfigKeys (ConfUtils.java:logGet(46)) - raft.server.log.queue.element-limit = 1024 (custom)
2022-07-30 01:48:43,962 [pool-333-thread-1] INFO  server.RaftServerConfigKeys (ConfUtils.java:logGet(46)) - raft.server.log.segment.size.max = 1048576 (custom)
2022-07-30 01:48:43,962 [pool-333-thread-1] INFO  server.RaftServerConfigKeys (ConfUtils.java:logGet(46)) - raft.server.log.preallocated.size = 16384 (custom)
2022-07-30 01:48:43,962 [pool-333-thread-1] INFO  server.RaftServerConfigKeys (ConfUtils.java:logGet(46)) - raft.server.log.force.sync.num = 128 (default)
2022-07-30 01:48:43,962 [pool-333-thread-1] INFO  server.RaftServerConfigKeys (ConfUtils.java:logGet(46)) - raft.server.log.statemachine.data.sync = true (default)
2022-07-30 01:48:43,962 [pool-333-thread-1] INFO  server.RaftServerConfigKeys (ConfUtils.java:logGet(46)) - raft.server.log.statemachine.data.sync.timeout = 10s (default)
2022-07-30 01:48:43,962 [pool-333-thread-1] INFO  server.RaftServerConfigKeys (ConfUtils.java:logGet(46)) - raft.server.log.statemachine.data.sync.timeout.retry = -1 (default)
2022-07-30 01:48:43,965 [pool-333-thread-1] INFO  server.RaftServerConfigKeys (ConfUtils.java:logGet(46)) - raft.server.log.write.buffer.size = 1048576 (custom)
2022-07-30 01:48:43,966 [pool-333-thread-1] INFO  server.RaftServerConfigKeys (ConfUtils.java:logGet(46)) - raft.server.log.unsafe-flush.enabled = false (default)
2022-07-30 01:48:43,966 [pool-333-thread-1] INFO  server.RaftServerConfigKeys (ConfUtils.java:logGet(46)) - raft.server.log.statemachine.data.caching.enabled = true (custom)
2022-07-30 01:48:43,966 [pool-333-thread-1] INFO  segmented.SegmentedRaftLogWorker (SegmentedRaftLogWorker.java:lambda$new$0(135)) - ba3de65c-e6c9-495e-8613-4120736e14c0@group-A7F6DC9A48BA-SegmentedRaftLogWorker: flushIndex: setUnconditionally 0 -> -1
2022-07-30 01:48:43,966 [pool-333-thread-1] INFO  segmented.SegmentedRaftLogWorker (SegmentedRaftLogWorker.java:lambda$new$0(135)) - ba3de65c-e6c9-495e-8613-4120736e14c0@group-A7F6DC9A48BA-SegmentedRaftLogWorker: safeCacheEvictIndex: setUnconditionally 0 -> -1
2022-07-30 01:48:43,991 [EventQueue-OpenPipelineForHealthyPipelineSafeModeRule] INFO  safemode.SCMSafeModeManager (HealthyPipelineSafeModeRule.java:process(137)) - SCM in safe mode. Healthy pipelines reported count is 0, required healthy pipeline reported count is 1
2022-07-30 01:48:43,997 [pool-333-thread-1] INFO  server.RaftServerConfigKeys (ConfUtils.java:logGet(46)) - raft.server.snapshot.auto.trigger.enabled = true (custom)
2022-07-30 01:48:43,997 [pool-333-thread-1] INFO  server.RaftServerConfigKeys (ConfUtils.java:logGet(46)) - raft.server.snapshot.auto.trigger.threshold = 10000 (custom)
2022-07-30 01:48:43,998 [pool-333-thread-1] INFO  server.RaftServerConfigKeys (ConfUtils.java:logGet(46)) - raft.server.snapshot.retention.file.num = 5 (custom)
2022-07-30 01:48:43,998 [pool-333-thread-1] INFO  server.RaftServerConfigKeys (ConfUtils.java:logGet(46)) - raft.server.log.purge.upto.snapshot.index = false (default)
2022-07-30 01:48:43,998 [pool-333-thread-1] INFO  server.RaftServerConfigKeys (ConfUtils.java:logGet(46)) - raft.server.retrycache.expirytime = 600000ms (custom)
2022-07-30 01:48:43,998 [pool-333-thread-1] INFO  server.RaftServerConfigKeys (ConfUtils.java:logGet(46)) - raft.server.retrycache.statistics.expirytime = 100μs (default)
2022-07-30 01:48:44,000 [pool-333-thread-1] INFO  server.RaftServerConfigKeys (ConfUtils.java:logGet(46)) - raft.server.log.appender.install.snapshot.enabled = false (custom)
2022-07-30 01:48:44,000 [pool-333-thread-1] INFO  server.RaftServerConfigKeys (ConfUtils.java:logGet(46)) - raft.server.threadpool.server.cached = true (default)
2022-07-30 01:48:44,000 [pool-333-thread-1] INFO  server.RaftServerConfigKeys (ConfUtils.java:logGet(46)) - raft.server.threadpool.server.size = 0 (default)
2022-07-30 01:48:44,000 [pool-333-thread-1] INFO  server.RaftServerConfigKeys (ConfUtils.java:logGet(46)) - raft.server.threadpool.client.cached = true (default)
2022-07-30 01:48:44,000 [pool-333-thread-1] INFO  server.RaftServerConfigKeys (ConfUtils.java:logGet(46)) - raft.server.threadpool.client.size = 0 (default)
2022-07-30 01:48:44,000 [pool-333-thread-1] INFO  server.RaftServer$Division (RaftServerImpl.java:start(310)) - ba3de65c-e6c9-495e-8613-4120736e14c0@group-A7F6DC9A48BA: start as a follower, conf=-1: [ba3de65c-e6c9-495e-8613-4120736e14c0|rpc:10.1.0.37:34507|priority:1], old=null
2022-07-30 01:48:44,000 [pool-333-thread-1] INFO  server.RaftServer$Division (RaftServerImpl.java:setRole(299)) - ba3de65c-e6c9-495e-8613-4120736e14c0@group-A7F6DC9A48BA: changes role from      null to FOLLOWER at term 0 for startAsFollower
2022-07-30 01:48:44,000 [pool-333-thread-1] INFO  impl.RoleInfo (RoleInfo.java:updateAndGet(139)) - ba3de65c-e6c9-495e-8613-4120736e14c0: start ba3de65c-e6c9-495e-8613-4120736e14c0@group-A7F6DC9A48BA-FollowerState
2022-07-30 01:48:44,011 [pool-333-thread-1] INFO  util.JmxRegister (JmxRegister.java:tryRegister(44)) - Successfully registered JMX Bean with object name Ratis:service=RaftServer,group=group-A7F6DC9A48BA,id=ba3de65c-e6c9-495e-8613-4120736e14c0
2022-07-30 01:48:44,012 [Command processor thread] INFO  ratis.XceiverServerRatis (XceiverServerRatis.java:addGroup(765)) - Created group PipelineID=30c27125-b7a7-4a1f-ad57-a7f6dc9a48ba
2022-07-30 01:48:44,012 [Command processor thread] INFO  commandhandler.CreatePipelineCommandHandler (CreatePipelineCommandHandler.java:handle(113)) - Created Pipeline RATIS ONE PipelineID=30c27125-b7a7-4a1f-ad57-a7f6dc9a48ba.
2022-07-30 01:48:44,013 [Command processor thread] INFO  server.RaftServer (RaftServerProxy.java:addNew(96)) - ba3de65c-e6c9-495e-8613-4120736e14c0: addNew group-0DCD7174B461:[7e99fd26-7598-4594-b7f2-81741e43f67c|rpc:10.1.0.37:40277|priority:0, a8954817-1d70-4f19-b814-29be41487240|rpc:10.1.0.37:46247|priority:1, ba3de65c-e6c9-495e-8613-4120736e14c0|rpc:10.1.0.37:34507|priority:0] returns group-0DCD7174B461:java.util.concurrent.CompletableFuture@6437aa49[Not completed]
2022-07-30 01:48:44,014 [pool-333-thread-1] INFO  server.RaftServer$Division (RaftServerImpl.java:<init>(190)) - ba3de65c-e6c9-495e-8613-4120736e14c0: new RaftServerImpl for group-0DCD7174B461:[7e99fd26-7598-4594-b7f2-81741e43f67c|rpc:10.1.0.37:40277|priority:0, a8954817-1d70-4f19-b814-29be41487240|rpc:10.1.0.37:46247|priority:1, ba3de65c-e6c9-495e-8613-4120736e14c0|rpc:10.1.0.37:34507|priority:0] with ContainerStateMachine:uninitialized
2022-07-30 01:48:44,014 [pool-333-thread-1] INFO  server.RaftServerConfigKeys (ConfUtils.java:logGet(46)) - raft.server.rpc.timeout.min = 5s (custom)
2022-07-30 01:48:44,014 [pool-333-thread-1] INFO  server.RaftServerConfigKeys (ConfUtils.java:logGet(46)) - raft.server.rpc.timeout.max = 5200ms (custom)
2022-07-30 01:48:44,014 [pool-333-thread-1] INFO  server.RaftServerConfigKeys (ConfUtils.java:logGet(46)) - raft.server.rpc.sleep.time = 25ms (default)
2022-07-30 01:48:44,014 [pool-333-thread-1] INFO  server.RaftServerConfigKeys (ConfUtils.java:logGet(46)) - raft.server.rpc.slowness.timeout = 300s (custom)
2022-07-30 01:48:44,014 [pool-333-thread-1] INFO  server.RaftServerConfigKeys (ConfUtils.java:logGet(46)) - raft.server.leaderelection.leader.step-down.wait-time = 10s (default)
2022-07-30 01:48:44,014 [pool-333-thread-1] INFO  server.RaftServerConfigKeys (ConfUtils.java:logGet(46)) - raft.server.sleep.deviation.threshold = 300ms (default)
2022-07-30 01:48:44,014 [pool-333-thread-1] INFO  server.RaftServer$Division (ServerState.java:<init>(107)) - ba3de65c-e6c9-495e-8613-4120736e14c0@group-0DCD7174B461: ConfigurationManager, init=-1: [7e99fd26-7598-4594-b7f2-81741e43f67c|rpc:10.1.0.37:40277|priority:0, a8954817-1d70-4f19-b814-29be41487240|rpc:10.1.0.37:46247|priority:1, ba3de65c-e6c9-495e-8613-4120736e14c0|rpc:10.1.0.37:34507|priority:0], old=null, confs=<EMPTY_MAP>
2022-07-30 01:48:44,014 [pool-333-thread-1] INFO  server.RaftServerConfigKeys (ConfUtils.java:logGet(46)) - raft.server.storage.dir = [/home/runner/work/ozone/ozone/hadoop-ozone/integration-test/target/test-dir/MiniOzoneClusterImpl-c8472f64-5143-4d61-85a0-9e96bab939e3/datanode-0/data/ratis] (custom)
2022-07-30 01:48:44,014 [pool-333-thread-1] INFO  server.RaftServerConfigKeys (ConfUtils.java:logGet(46)) - raft.server.log.corruption.policy = EXCEPTION (default)
2022-07-30 01:48:44,014 [pool-333-thread-1] INFO  server.RaftServerConfigKeys (ConfUtils.java:logGet(46)) - raft.server.storage.free-space.min = 0MB (=0) (default)
2022-07-30 01:48:44,015 [pool-333-thread-1] INFO  storage.RaftStorageDirectory (RaftStorageDirectoryImpl.java:analyzeStorage(135)) - The storage directory /home/runner/work/ozone/ozone/hadoop-ozone/integration-test/target/test-dir/MiniOzoneClusterImpl-c8472f64-5143-4d61-85a0-9e96bab939e3/datanode-0/data/ratis/3872e03d-ccf4-4ed0-9a86-0dcd7174b461 does not exist. Creating ...
2022-07-30 01:48:44,020 [pool-333-thread-1] INFO  storage.RaftStorageDirectory (RaftStorageDirectoryImpl.java:tryLock(230)) - Lock on /home/runner/work/ozone/ozone/hadoop-ozone/integration-test/target/test-dir/MiniOzoneClusterImpl-c8472f64-5143-4d61-85a0-9e96bab939e3/datanode-0/data/ratis/3872e03d-ccf4-4ed0-9a86-0dcd7174b461/in_use.lock acquired by nodename 10860@fv-az297-62
2022-07-30 01:48:44,028 [pool-333-thread-1] INFO  storage.RaftStorage (RaftStorageImpl.java:format(89)) - Storage directory /home/runner/work/ozone/ozone/hadoop-ozone/integration-test/target/test-dir/MiniOzoneClusterImpl-c8472f64-5143-4d61-85a0-9e96bab939e3/datanode-0/data/ratis/3872e03d-ccf4-4ed0-9a86-0dcd7174b461 has been successfully formatted.
2022-07-30 01:48:44,028 [pool-333-thread-1] INFO  ratis.ContainerStateMachine (ContainerStateMachine.java:loadSnapshot(236)) - group-0DCD7174B461: The snapshot info is null. Setting the last applied indexto:(t:0, i:~)
2022-07-30 01:48:44,028 [pool-333-thread-1] INFO  server.RaftServerConfigKeys (ConfUtils.java:logGet(46)) - raft.server.notification.no-leader.timeout = 300s (custom)
2022-07-30 01:48:44,028 [pool-333-thread-1] INFO  server.RaftServerConfigKeys (ConfUtils.java:logGet(46)) - raft.server.log.use.memory = false (default)
2022-07-30 01:48:44,029 [pool-333-thread-1] INFO  server.RaftServerConfigKeys (ConfUtils.java:logGet(46)) - raft.server.log.purge.gap = 1000000 (custom)
2022-07-30 01:48:44,029 [pool-333-thread-1] INFO  server.RaftServerConfigKeys (ConfUtils.java:logGet(46)) - raft.server.log.appender.buffer.byte-limit = 33554432 (custom)
2022-07-30 01:48:44,029 [pool-333-thread-1] INFO  server.RaftServerConfigKeys (ConfUtils.java:logGet(46)) - raft.server.log.statemachine.data.read.timeout = 1000ms (default)
2022-07-30 01:48:44,029 [pool-333-thread-1] INFO  server.RaftServerConfigKeys (ConfUtils.java:logGet(46)) - raft.server.log.segment.size.max = 1048576 (custom)
2022-07-30 01:48:44,030 [pool-333-thread-1] INFO  server.RaftServerConfigKeys (ConfUtils.java:logGet(46)) - raft.server.log.segment.cache.num.max = 2 (custom)
2022-07-30 01:48:44,030 [pool-333-thread-1] INFO  server.RaftServerConfigKeys (ConfUtils.java:logGet(46)) - raft.server.log.segment.cache.size.max = 200MB (=209715200) (default)
2022-07-30 01:48:44,030 [pool-333-thread-1] INFO  segmented.SegmentedRaftLogWorker (SegmentedRaftLogWorker.java:<init>(187)) - new ba3de65c-e6c9-495e-8613-4120736e14c0@group-0DCD7174B461-SegmentedRaftLogWorker for RaftStorageImpl:Storage Directory /home/runner/work/ozone/ozone/hadoop-ozone/integration-test/target/test-dir/MiniOzoneClusterImpl-c8472f64-5143-4d61-85a0-9e96bab939e3/datanode-0/data/ratis/3872e03d-ccf4-4ed0-9a86-0dcd7174b461
2022-07-30 01:48:44,030 [pool-333-thread-1] INFO  server.RaftServerConfigKeys (ConfUtils.java:logGet(46)) - raft.server.log.queue.byte-limit = 4294967296 (custom)
2022-07-30 01:48:44,030 [pool-333-thread-1] INFO  server.RaftServerConfigKeys (ConfUtils.java:logGet(46)) - raft.server.log.queue.element-limit = 1024 (custom)
2022-07-30 01:48:44,030 [pool-333-thread-1] INFO  server.RaftServerConfigKeys (ConfUtils.java:logGet(46)) - raft.server.log.segment.size.max = 1048576 (custom)
2022-07-30 01:48:44,030 [pool-333-thread-1] INFO  server.RaftServerConfigKeys (ConfUtils.java:logGet(46)) - raft.server.log.preallocated.size = 16384 (custom)
2022-07-30 01:48:44,030 [pool-333-thread-1] INFO  server.RaftServerConfigKeys (ConfUtils.java:logGet(46)) - raft.server.log.force.sync.num = 128 (default)
2022-07-30 01:48:44,030 [pool-333-thread-1] INFO  server.RaftServerConfigKeys (ConfUtils.java:logGet(46)) - raft.server.log.statemachine.data.sync = true (default)
2022-07-30 01:48:44,031 [EventQueue-OpenPipelineForHealthyPipelineSafeModeRule] INFO  safemode.SCMSafeModeManager (HealthyPipelineSafeModeRule.java:process(137)) - SCM in safe mode. Healthy pipelines reported count is 0, required healthy pipeline reported count is 1
2022-07-30 01:48:44,032 [pool-333-thread-1] INFO  server.RaftServerConfigKeys (ConfUtils.java:logGet(46)) - raft.server.log.statemachine.data.sync.timeout = 10s (default)
2022-07-30 01:48:44,032 [pool-333-thread-1] INFO  server.RaftServerConfigKeys (ConfUtils.java:logGet(46)) - raft.server.log.statemachine.data.sync.timeout.retry = -1 (default)
2022-07-30 01:48:44,033 [pool-333-thread-1] INFO  server.RaftServerConfigKeys (ConfUtils.java:logGet(46)) - raft.server.log.write.buffer.size = 1048576 (custom)
2022-07-30 01:48:44,040 [pool-333-thread-1] INFO  server.RaftServerConfigKeys (ConfUtils.java:logGet(46)) - raft.server.log.unsafe-flush.enabled = false (default)
2022-07-30 01:48:44,040 [pool-333-thread-1] INFO  server.RaftServerConfigKeys (ConfUtils.java:logGet(46)) - raft.server.log.statemachine.data.caching.enabled = true (custom)
2022-07-30 01:48:44,040 [pool-333-thread-1] INFO  segmented.SegmentedRaftLogWorker (SegmentedRaftLogWorker.java:lambda$new$0(135)) - ba3de65c-e6c9-495e-8613-4120736e14c0@group-0DCD7174B461-SegmentedRaftLogWorker: flushIndex: setUnconditionally 0 -> -1
2022-07-30 01:48:44,040 [pool-333-thread-1] INFO  segmented.SegmentedRaftLogWorker (SegmentedRaftLogWorker.java:lambda$new$0(135)) - ba3de65c-e6c9-495e-8613-4120736e14c0@group-0DCD7174B461-SegmentedRaftLogWorker: safeCacheEvictIndex: setUnconditionally 0 -> -1
2022-07-30 01:48:44,043 [pool-333-thread-1] INFO  server.RaftServerConfigKeys (ConfUtils.java:logGet(46)) - raft.server.snapshot.auto.trigger.enabled = true (custom)
2022-07-30 01:48:44,043 [pool-333-thread-1] INFO  server.RaftServerConfigKeys (ConfUtils.java:logGet(46)) - raft.server.snapshot.auto.trigger.threshold = 10000 (custom)
2022-07-30 01:48:44,044 [pool-333-thread-1] INFO  server.RaftServerConfigKeys (ConfUtils.java:logGet(46)) - raft.server.snapshot.retention.file.num = 5 (custom)
2022-07-30 01:48:44,044 [pool-333-thread-1] INFO  server.RaftServerConfigKeys (ConfUtils.java:logGet(46)) - raft.server.log.purge.upto.snapshot.index = false (default)
2022-07-30 01:48:44,044 [pool-333-thread-1] INFO  server.RaftServerConfigKeys (ConfUtils.java:logGet(46)) - raft.server.retrycache.expirytime = 600000ms (custom)
2022-07-30 01:48:44,044 [pool-333-thread-1] INFO  server.RaftServerConfigKeys (ConfUtils.java:logGet(46)) - raft.server.retrycache.statistics.expirytime = 100μs (default)
2022-07-30 01:48:44,045 [pool-333-thread-1] INFO  server.RaftServerConfigKeys (ConfUtils.java:logGet(46)) - raft.server.log.appender.install.snapshot.enabled = false (custom)
2022-07-30 01:48:44,045 [pool-333-thread-1] INFO  server.RaftServerConfigKeys (ConfUtils.java:logGet(46)) - raft.server.threadpool.server.cached = true (default)
2022-07-30 01:48:44,045 [pool-333-thread-1] INFO  server.RaftServerConfigKeys (ConfUtils.java:logGet(46)) - raft.server.threadpool.server.size = 0 (default)
2022-07-30 01:48:44,045 [pool-333-thread-1] INFO  server.RaftServerConfigKeys (ConfUtils.java:logGet(46)) - raft.server.threadpool.client.cached = true (default)
2022-07-30 01:48:44,045 [pool-333-thread-1] INFO  server.RaftServerConfigKeys (ConfUtils.java:logGet(46)) - raft.server.threadpool.client.size = 0 (default)
2022-07-30 01:48:44,046 [pool-333-thread-1] INFO  server.RaftServer$Division (RaftServerImpl.java:start(310)) - ba3de65c-e6c9-495e-8613-4120736e14c0@group-0DCD7174B461: start as a follower, conf=-1: [7e99fd26-7598-4594-b7f2-81741e43f67c|rpc:10.1.0.37:40277|priority:0, a8954817-1d70-4f19-b814-29be41487240|rpc:10.1.0.37:46247|priority:1, ba3de65c-e6c9-495e-8613-4120736e14c0|rpc:10.1.0.37:34507|priority:0], old=null
2022-07-30 01:48:44,046 [pool-333-thread-1] INFO  server.RaftServer$Division (RaftServerImpl.java:setRole(299)) - ba3de65c-e6c9-495e-8613-4120736e14c0@group-0DCD7174B461: changes role from      null to FOLLOWER at term 0 for startAsFollower
2022-07-30 01:48:44,046 [pool-333-thread-1] INFO  impl.RoleInfo (RoleInfo.java:updateAndGet(139)) - ba3de65c-e6c9-495e-8613-4120736e14c0: start ba3de65c-e6c9-495e-8613-4120736e14c0@group-0DCD7174B461-FollowerState
2022-07-30 01:48:44,054 [pool-333-thread-1] INFO  util.JmxRegister (JmxRegister.java:tryRegister(44)) - Successfully registered JMX Bean with object name Ratis:service=RaftServer,group=group-0DCD7174B461,id=ba3de65c-e6c9-495e-8613-4120736e14c0
2022-07-30 01:48:44,060 [Command processor thread] INFO  ratis.XceiverServerRatis (XceiverServerRatis.java:addGroup(765)) - Created group PipelineID=3872e03d-ccf4-4ed0-9a86-0dcd7174b461
2022-07-30 01:48:44,132 [grpc-default-executor-0] INFO  server.RaftServer (RaftServerProxy.java:addNew(96)) - a8954817-1d70-4f19-b814-29be41487240: addNew group-0DCD7174B461:[7e99fd26-7598-4594-b7f2-81741e43f67c|rpc:10.1.0.37:40277|dataStream:|priority:0, a8954817-1d70-4f19-b814-29be41487240|rpc:10.1.0.37:46247|dataStream:|priority:1, ba3de65c-e6c9-495e-8613-4120736e14c0|rpc:10.1.0.37:34507|dataStream:|priority:0] returns group-0DCD7174B461:java.util.concurrent.CompletableFuture@79146d2[Not completed]
2022-07-30 01:48:44,139 [UnderReplicatedQueueThreadThread] INFO  replication.UnderReplicatedProcessor (UnderReplicatedProcessor.java:processAll(85)) - Processed 0 under replicated containers, failed processing 0
2022-07-30 01:48:44,144 [pool-379-thread-1] INFO  server.RaftServer$Division (RaftServerImpl.java:<init>(190)) - a8954817-1d70-4f19-b814-29be41487240: new RaftServerImpl for group-0DCD7174B461:[7e99fd26-7598-4594-b7f2-81741e43f67c|rpc:10.1.0.37:40277|dataStream:|priority:0, a8954817-1d70-4f19-b814-29be41487240|rpc:10.1.0.37:46247|dataStream:|priority:1, ba3de65c-e6c9-495e-8613-4120736e14c0|rpc:10.1.0.37:34507|dataStream:|priority:0] with ContainerStateMachine:uninitialized
2022-07-30 01:48:44,145 [pool-379-thread-1] INFO  server.RaftServerConfigKeys (ConfUtils.java:logGet(46)) - raft.server.rpc.timeout.min = 5s (custom)
2022-07-30 01:48:44,145 [pool-379-thread-1] INFO  server.RaftServerConfigKeys (ConfUtils.java:logGet(46)) - raft.server.rpc.timeout.max = 5200ms (custom)
2022-07-30 01:48:44,145 [pool-379-thread-1] INFO  server.RaftServerConfigKeys (ConfUtils.java:logGet(46)) - raft.server.rpc.sleep.time = 25ms (default)
2022-07-30 01:48:44,145 [pool-379-thread-1] INFO  server.RaftServerConfigKeys (ConfUtils.java:logGet(46)) - raft.server.rpc.slowness.timeout = 300s (custom)
2022-07-30 01:48:44,145 [pool-379-thread-1] INFO  server.RaftServerConfigKeys (ConfUtils.java:logGet(46)) - raft.server.leaderelection.leader.step-down.wait-time = 10s (default)
2022-07-30 01:48:44,145 [pool-379-thread-1] INFO  server.RaftServerConfigKeys (ConfUtils.java:logGet(46)) - raft.server.sleep.deviation.threshold = 300ms (default)
2022-07-30 01:48:44,145 [pool-379-thread-1] INFO  server.RaftServer$Division (ServerState.java:<init>(107)) - a8954817-1d70-4f19-b814-29be41487240@group-0DCD7174B461: ConfigurationManager, init=-1: [7e99fd26-7598-4594-b7f2-81741e43f67c|rpc:10.1.0.37:40277|dataStream:|priority:0, a8954817-1d70-4f19-b814-29be41487240|rpc:10.1.0.37:46247|dataStream:|priority:1, ba3de65c-e6c9-495e-8613-4120736e14c0|rpc:10.1.0.37:34507|dataStream:|priority:0], old=null, confs=<EMPTY_MAP>
2022-07-30 01:48:44,145 [pool-379-thread-1] INFO  server.RaftServerConfigKeys (ConfUtils.java:logGet(46)) - raft.server.storage.dir = [/home/runner/work/ozone/ozone/hadoop-ozone/integration-test/target/test-dir/MiniOzoneClusterImpl-c8472f64-5143-4d61-85a0-9e96bab939e3/datanode-2/data/ratis] (custom)
2022-07-30 01:48:44,145 [pool-379-thread-1] INFO  server.RaftServerConfigKeys (ConfUtils.java:logGet(46)) - raft.server.log.corruption.policy = EXCEPTION (default)
2022-07-30 01:48:44,145 [pool-379-thread-1] INFO  server.RaftServerConfigKeys (ConfUtils.java:logGet(46)) - raft.server.storage.free-space.min = 0MB (=0) (default)
2022-07-30 01:48:44,145 [pool-379-thread-1] INFO  storage.RaftStorageDirectory (RaftStorageDirectoryImpl.java:analyzeStorage(135)) - The storage directory /home/runner/work/ozone/ozone/hadoop-ozone/integration-test/target/test-dir/MiniOzoneClusterImpl-c8472f64-5143-4d61-85a0-9e96bab939e3/datanode-2/data/ratis/3872e03d-ccf4-4ed0-9a86-0dcd7174b461 does not exist. Creating ...
2022-07-30 01:48:44,147 [OverReplicatedQueueThreadThread] INFO  replication.OverReplicatedProcessor (OverReplicatedProcessor.java:processAll(83)) - Processed 0 over replicated containers, failed processing 0
2022-07-30 01:48:44,153 [pool-379-thread-1] INFO  storage.RaftStorageDirectory (RaftStorageDirectoryImpl.java:tryLock(230)) - Lock on /home/runner/work/ozone/ozone/hadoop-ozone/integration-test/target/test-dir/MiniOzoneClusterImpl-c8472f64-5143-4d61-85a0-9e96bab939e3/datanode-2/data/ratis/3872e03d-ccf4-4ed0-9a86-0dcd7174b461/in_use.lock acquired by nodename 10860@fv-az297-62
2022-07-30 01:48:44,155 [pool-379-thread-1] INFO  storage.RaftStorage (RaftStorageImpl.java:format(89)) - Storage directory /home/runner/work/ozone/ozone/hadoop-ozone/integration-test/target/test-dir/MiniOzoneClusterImpl-c8472f64-5143-4d61-85a0-9e96bab939e3/datanode-2/data/ratis/3872e03d-ccf4-4ed0-9a86-0dcd7174b461 has been successfully formatted.
2022-07-30 01:48:44,156 [pool-379-thread-1] INFO  ratis.ContainerStateMachine (ContainerStateMachine.java:loadSnapshot(236)) - group-0DCD7174B461: The snapshot info is null. Setting the last applied indexto:(t:0, i:~)
2022-07-30 01:48:44,156 [pool-379-thread-1] INFO  server.RaftServerConfigKeys (ConfUtils.java:logGet(46)) - raft.server.notification.no-leader.timeout = 300s (custom)
2022-07-30 01:48:44,156 [pool-379-thread-1] INFO  server.RaftServerConfigKeys (ConfUtils.java:logGet(46)) - raft.server.log.use.memory = false (default)
2022-07-30 01:48:44,156 [pool-379-thread-1] INFO  server.RaftServerConfigKeys (ConfUtils.java:logGet(46)) - raft.server.log.purge.gap = 1000000 (custom)
2022-07-30 01:48:44,156 [pool-379-thread-1] INFO  server.RaftServerConfigKeys (ConfUtils.java:logGet(46)) - raft.server.log.appender.buffer.byte-limit = 33554432 (custom)
2022-07-30 01:48:44,156 [pool-379-thread-1] INFO  server.RaftServerConfigKeys (ConfUtils.java:logGet(46)) - raft.server.log.statemachine.data.read.timeout = 1000ms (default)
2022-07-30 01:48:44,156 [pool-379-thread-1] INFO  server.RaftServerConfigKeys (ConfUtils.java:logGet(46)) - raft.server.log.segment.size.max = 1048576 (custom)
2022-07-30 01:48:44,159 [pool-379-thread-1] INFO  server.RaftServerConfigKeys (ConfUtils.java:logGet(46)) - raft.server.log.segment.cache.num.max = 2 (custom)
2022-07-30 01:48:44,159 [pool-379-thread-1] INFO  server.RaftServerConfigKeys (ConfUtils.java:logGet(46)) - raft.server.log.segment.cache.size.max = 200MB (=209715200) (default)
2022-07-30 01:48:44,164 [pool-379-thread-1] INFO  segmented.SegmentedRaftLogWorker (SegmentedRaftLogWorker.java:<init>(187)) - new a8954817-1d70-4f19-b814-29be41487240@group-0DCD7174B461-SegmentedRaftLogWorker for RaftStorageImpl:Storage Directory /home/runner/work/ozone/ozone/hadoop-ozone/integration-test/target/test-dir/MiniOzoneClusterImpl-c8472f64-5143-4d61-85a0-9e96bab939e3/datanode-2/data/ratis/3872e03d-ccf4-4ed0-9a86-0dcd7174b461
2022-07-30 01:48:44,164 [pool-379-thread-1] INFO  server.RaftServerConfigKeys (ConfUtils.java:logGet(46)) - raft.server.log.queue.byte-limit = 4294967296 (custom)
2022-07-30 01:48:44,164 [pool-379-thread-1] INFO  server.RaftServerConfigKeys (ConfUtils.java:logGet(46)) - raft.server.log.queue.element-limit = 1024 (custom)
2022-07-30 01:48:44,166 [pool-379-thread-1] INFO  server.RaftServerConfigKeys (ConfUtils.java:logGet(46)) - raft.server.log.segment.size.max = 1048576 (custom)
2022-07-30 01:48:44,166 [pool-379-thread-1] INFO  server.RaftServerConfigKeys (ConfUtils.java:logGet(46)) - raft.server.log.preallocated.size = 16384 (custom)
2022-07-30 01:48:44,166 [pool-379-thread-1] INFO  server.RaftServerConfigKeys (ConfUtils.java:logGet(46)) - raft.server.log.force.sync.num = 128 (default)
2022-07-30 01:48:44,166 [pool-379-thread-1] INFO  server.RaftServerConfigKeys (ConfUtils.java:logGet(46)) - raft.server.log.statemachine.data.sync = true (default)
2022-07-30 01:48:44,167 [pool-379-thread-1] INFO  server.RaftServerConfigKeys (ConfUtils.java:logGet(46)) - raft.server.log.statemachine.data.sync.timeout = 10s (default)
2022-07-30 01:48:44,167 [pool-379-thread-1] INFO  server.RaftServerConfigKeys (ConfUtils.java:logGet(46)) - raft.server.log.statemachine.data.sync.timeout.retry = -1 (default)
2022-07-30 01:48:44,181 [pool-379-thread-1] INFO  server.RaftServerConfigKeys (ConfUtils.java:logGet(46)) - raft.server.log.write.buffer.size = 1048576 (custom)
2022-07-30 01:48:44,181 [pool-379-thread-1] INFO  server.RaftServerConfigKeys (ConfUtils.java:logGet(46)) - raft.server.log.unsafe-flush.enabled = false (default)
2022-07-30 01:48:44,181 [pool-379-thread-1] INFO  server.RaftServerConfigKeys (ConfUtils.java:logGet(46)) - raft.server.log.statemachine.data.caching.enabled = true (custom)
2022-07-30 01:48:44,181 [pool-379-thread-1] INFO  segmented.SegmentedRaftLogWorker (SegmentedRaftLogWorker.java:lambda$new$0(135)) - a8954817-1d70-4f19-b814-29be41487240@group-0DCD7174B461-SegmentedRaftLogWorker: flushIndex: setUnconditionally 0 -> -1
2022-07-30 01:48:44,195 [pool-379-thread-1] INFO  segmented.SegmentedRaftLogWorker (SegmentedRaftLogWorker.java:lambda$new$0(135)) - a8954817-1d70-4f19-b814-29be41487240@group-0DCD7174B461-SegmentedRaftLogWorker: safeCacheEvictIndex: setUnconditionally 0 -> -1
2022-07-30 01:48:44,199 [pool-379-thread-1] INFO  server.RaftServerConfigKeys (ConfUtils.java:logGet(46)) - raft.server.snapshot.auto.trigger.enabled = true (custom)
2022-07-30 01:48:44,199 [pool-379-thread-1] INFO  server.RaftServerConfigKeys (ConfUtils.java:logGet(46)) - raft.server.snapshot.auto.trigger.threshold = 10000 (custom)
2022-07-30 01:48:44,199 [pool-379-thread-1] INFO  server.RaftServerConfigKeys (ConfUtils.java:logGet(46)) - raft.server.snapshot.retention.file.num = 5 (custom)
2022-07-30 01:48:44,199 [pool-379-thread-1] INFO  server.RaftServerConfigKeys (ConfUtils.java:logGet(46)) - raft.server.log.purge.upto.snapshot.index = false (default)
2022-07-30 01:48:44,199 [pool-379-thread-1] INFO  server.RaftServerConfigKeys (ConfUtils.java:logGet(46)) - raft.server.retrycache.expirytime = 600000ms (custom)
2022-07-30 01:48:44,199 [pool-379-thread-1] INFO  server.RaftServerConfigKeys (ConfUtils.java:logGet(46)) - raft.server.retrycache.statistics.expirytime = 100μs (default)
2022-07-30 01:48:44,202 [pool-379-thread-1] INFO  server.RaftServerConfigKeys (ConfUtils.java:logGet(46)) - raft.server.log.appender.install.snapshot.enabled = false (custom)
2022-07-30 01:48:44,202 [pool-379-thread-1] INFO  server.RaftServerConfigKeys (ConfUtils.java:logGet(46)) - raft.server.threadpool.server.cached = true (default)
2022-07-30 01:48:44,202 [pool-379-thread-1] INFO  server.RaftServerConfigKeys (ConfUtils.java:logGet(46)) - raft.server.threadpool.server.size = 0 (default)
2022-07-30 01:48:44,202 [pool-379-thread-1] INFO  server.RaftServerConfigKeys (ConfUtils.java:logGet(46)) - raft.server.threadpool.client.cached = true (default)
2022-07-30 01:48:44,202 [pool-379-thread-1] INFO  server.RaftServerConfigKeys (ConfUtils.java:logGet(46)) - raft.server.threadpool.client.size = 0 (default)
2022-07-30 01:48:44,202 [pool-379-thread-1] INFO  server.RaftServer$Division (RaftServerImpl.java:start(310)) - a8954817-1d70-4f19-b814-29be41487240@group-0DCD7174B461: start as a follower, conf=-1: [7e99fd26-7598-4594-b7f2-81741e43f67c|rpc:10.1.0.37:40277|dataStream:|priority:0, a8954817-1d70-4f19-b814-29be41487240|rpc:10.1.0.37:46247|dataStream:|priority:1, ba3de65c-e6c9-495e-8613-4120736e14c0|rpc:10.1.0.37:34507|dataStream:|priority:0], old=null
2022-07-30 01:48:44,202 [pool-379-thread-1] INFO  server.RaftServer$Division (RaftServerImpl.java:setRole(299)) - a8954817-1d70-4f19-b814-29be41487240@group-0DCD7174B461: changes role from      null to FOLLOWER at term 0 for startAsFollower
2022-07-30 01:48:44,202 [pool-379-thread-1] INFO  impl.RoleInfo (RoleInfo.java:updateAndGet(139)) - a8954817-1d70-4f19-b814-29be41487240: start a8954817-1d70-4f19-b814-29be41487240@group-0DCD7174B461-FollowerState
2022-07-30 01:48:44,214 [pool-379-thread-1] INFO  util.JmxRegister (JmxRegister.java:tryRegister(44)) - Successfully registered JMX Bean with object name Ratis:service=RaftServer,group=group-0DCD7174B461,id=a8954817-1d70-4f19-b814-29be41487240
2022-07-30 01:48:44,292 [grpc-default-executor-0] INFO  server.RaftServer (RaftServerProxy.java:addNew(96)) - 7e99fd26-7598-4594-b7f2-81741e43f67c: addNew group-0DCD7174B461:[7e99fd26-7598-4594-b7f2-81741e43f67c|rpc:10.1.0.37:40277|dataStream:|priority:0, a8954817-1d70-4f19-b814-29be41487240|rpc:10.1.0.37:46247|dataStream:|priority:1, ba3de65c-e6c9-495e-8613-4120736e14c0|rpc:10.1.0.37:34507|dataStream:|priority:0] returns group-0DCD7174B461:java.util.concurrent.CompletableFuture@54ed77ae[Not completed]
2022-07-30 01:48:44,293 [pool-356-thread-1] INFO  server.RaftServer$Division (RaftServerImpl.java:<init>(190)) - 7e99fd26-7598-4594-b7f2-81741e43f67c: new RaftServerImpl for group-0DCD7174B461:[7e99fd26-7598-4594-b7f2-81741e43f67c|rpc:10.1.0.37:40277|dataStream:|priority:0, a8954817-1d70-4f19-b814-29be41487240|rpc:10.1.0.37:46247|dataStream:|priority:1, ba3de65c-e6c9-495e-8613-4120736e14c0|rpc:10.1.0.37:34507|dataStream:|priority:0] with ContainerStateMachine:uninitialized
2022-07-30 01:48:44,293 [pool-356-thread-1] INFO  server.RaftServerConfigKeys (ConfUtils.java:logGet(46)) - raft.server.rpc.timeout.min = 5s (custom)
2022-07-30 01:48:44,293 [pool-356-thread-1] INFO  server.RaftServerConfigKeys (ConfUtils.java:logGet(46)) - raft.server.rpc.timeout.max = 5200ms (custom)
2022-07-30 01:48:44,293 [pool-356-thread-1] INFO  server.RaftServerConfigKeys (ConfUtils.java:logGet(46)) - raft.server.rpc.sleep.time = 25ms (default)
2022-07-30 01:48:44,293 [pool-356-thread-1] INFO  server.RaftServerConfigKeys (ConfUtils.java:logGet(46)) - raft.server.rpc.slowness.timeout = 300s (custom)
2022-07-30 01:48:44,293 [pool-356-thread-1] INFO  server.RaftServerConfigKeys (ConfUtils.java:logGet(46)) - raft.server.leaderelection.leader.step-down.wait-time = 10s (default)
2022-07-30 01:48:44,293 [pool-356-thread-1] INFO  server.RaftServerConfigKeys (ConfUtils.java:logGet(46)) - raft.server.sleep.deviation.threshold = 300ms (default)
2022-07-30 01:48:44,294 [pool-356-thread-1] INFO  server.RaftServer$Division (ServerState.java:<init>(107)) - 7e99fd26-7598-4594-b7f2-81741e43f67c@group-0DCD7174B461: ConfigurationManager, init=-1: [7e99fd26-7598-4594-b7f2-81741e43f67c|rpc:10.1.0.37:40277|dataStream:|priority:0, a8954817-1d70-4f19-b814-29be41487240|rpc:10.1.0.37:46247|dataStream:|priority:1, ba3de65c-e6c9-495e-8613-4120736e14c0|rpc:10.1.0.37:34507|dataStream:|priority:0], old=null, confs=<EMPTY_MAP>
2022-07-30 01:48:44,294 [pool-356-thread-1] INFO  server.RaftServerConfigKeys (ConfUtils.java:logGet(46)) - raft.server.storage.dir = [/home/runner/work/ozone/ozone/hadoop-ozone/integration-test/target/test-dir/MiniOzoneClusterImpl-c8472f64-5143-4d61-85a0-9e96bab939e3/datanode-1/data/ratis] (custom)
2022-07-30 01:48:44,294 [pool-356-thread-1] INFO  server.RaftServerConfigKeys (ConfUtils.java:logGet(46)) - raft.server.log.corruption.policy = EXCEPTION (default)
2022-07-30 01:48:44,294 [pool-356-thread-1] INFO  server.RaftServerConfigKeys (ConfUtils.java:logGet(46)) - raft.server.storage.free-space.min = 0MB (=0) (default)
2022-07-30 01:48:44,294 [pool-356-thread-1] INFO  storage.RaftStorageDirectory (RaftStorageDirectoryImpl.java:analyzeStorage(135)) - The storage directory /home/runner/work/ozone/ozone/hadoop-ozone/integration-test/target/test-dir/MiniOzoneClusterImpl-c8472f64-5143-4d61-85a0-9e96bab939e3/datanode-1/data/ratis/3872e03d-ccf4-4ed0-9a86-0dcd7174b461 does not exist. Creating ...
2022-07-30 01:48:44,302 [pool-356-thread-1] INFO  storage.RaftStorageDirectory (RaftStorageDirectoryImpl.java:tryLock(230)) - Lock on /home/runner/work/ozone/ozone/hadoop-ozone/integration-test/target/test-dir/MiniOzoneClusterImpl-c8472f64-5143-4d61-85a0-9e96bab939e3/datanode-1/data/ratis/3872e03d-ccf4-4ed0-9a86-0dcd7174b461/in_use.lock acquired by nodename 10860@fv-az297-62
2022-07-30 01:48:44,306 [pool-356-thread-1] INFO  storage.RaftStorage (RaftStorageImpl.java:format(89)) - Storage directory /home/runner/work/ozone/ozone/hadoop-ozone/integration-test/target/test-dir/MiniOzoneClusterImpl-c8472f64-5143-4d61-85a0-9e96bab939e3/datanode-1/data/ratis/3872e03d-ccf4-4ed0-9a86-0dcd7174b461 has been successfully formatted.
2022-07-30 01:48:44,308 [pool-356-thread-1] INFO  ratis.ContainerStateMachine (ContainerStateMachine.java:loadSnapshot(236)) - group-0DCD7174B461: The snapshot info is null. Setting the last applied indexto:(t:0, i:~)
2022-07-30 01:48:44,308 [pool-356-thread-1] INFO  server.RaftServerConfigKeys (ConfUtils.java:logGet(46)) - raft.server.notification.no-leader.timeout = 300s (custom)
2022-07-30 01:48:44,308 [pool-356-thread-1] INFO  server.RaftServerConfigKeys (ConfUtils.java:logGet(46)) - raft.server.log.use.memory = false (default)
2022-07-30 01:48:44,309 [pool-356-thread-1] INFO  server.RaftServerConfigKeys (ConfUtils.java:logGet(46)) - raft.server.log.purge.gap = 1000000 (custom)
2022-07-30 01:48:44,309 [pool-356-thread-1] INFO  server.RaftServerConfigKeys (ConfUtils.java:logGet(46)) - raft.server.log.appender.buffer.byte-limit = 33554432 (custom)
2022-07-30 01:48:44,309 [pool-356-thread-1] INFO  server.RaftServerConfigKeys (ConfUtils.java:logGet(46)) - raft.server.log.statemachine.data.read.timeout = 1000ms (default)
2022-07-30 01:48:44,309 [pool-356-thread-1] INFO  server.RaftServerConfigKeys (ConfUtils.java:logGet(46)) - raft.server.log.segment.size.max = 1048576 (custom)
2022-07-30 01:48:44,309 [pool-356-thread-1] INFO  server.RaftServerConfigKeys (ConfUtils.java:logGet(46)) - raft.server.log.segment.cache.num.max = 2 (custom)
2022-07-30 01:48:44,309 [pool-356-thread-1] INFO  server.RaftServerConfigKeys (ConfUtils.java:logGet(46)) - raft.server.log.segment.cache.size.max = 200MB (=209715200) (default)
2022-07-30 01:48:44,309 [pool-356-thread-1] INFO  segmented.SegmentedRaftLogWorker (SegmentedRaftLogWorker.java:<init>(187)) - new 7e99fd26-7598-4594-b7f2-81741e43f67c@group-0DCD7174B461-SegmentedRaftLogWorker for RaftStorageImpl:Storage Directory /home/runner/work/ozone/ozone/hadoop-ozone/integration-test/target/test-dir/MiniOzoneClusterImpl-c8472f64-5143-4d61-85a0-9e96bab939e3/datanode-1/data/ratis/3872e03d-ccf4-4ed0-9a86-0dcd7174b461
2022-07-30 01:48:44,310 [pool-356-thread-1] INFO  server.RaftServerConfigKeys (ConfUtils.java:logGet(46)) - raft.server.log.queue.byte-limit = 4294967296 (custom)
2022-07-30 01:48:44,310 [pool-356-thread-1] INFO  server.RaftServerConfigKeys (ConfUtils.java:logGet(46)) - raft.server.log.queue.element-limit = 1024 (custom)
2022-07-30 01:48:44,310 [pool-356-thread-1] INFO  server.RaftServerConfigKeys (ConfUtils.java:logGet(46)) - raft.server.log.segment.size.max = 1048576 (custom)
2022-07-30 01:48:44,310 [pool-356-thread-1] INFO  server.RaftServerConfigKeys (ConfUtils.java:logGet(46)) - raft.server.log.preallocated.size = 16384 (custom)
2022-07-30 01:48:44,310 [pool-356-thread-1] INFO  server.RaftServerConfigKeys (ConfUtils.java:logGet(46)) - raft.server.log.force.sync.num = 128 (default)
2022-07-30 01:48:44,310 [pool-356-thread-1] INFO  server.RaftServerConfigKeys (ConfUtils.java:logGet(46)) - raft.server.log.statemachine.data.sync = true (default)
2022-07-30 01:48:44,310 [pool-356-thread-1] INFO  server.RaftServerConfigKeys (ConfUtils.java:logGet(46)) - raft.server.log.statemachine.data.sync.timeout = 10s (default)
2022-07-30 01:48:44,310 [pool-356-thread-1] INFO  server.RaftServerConfigKeys (ConfUtils.java:logGet(46)) - raft.server.log.statemachine.data.sync.timeout.retry = -1 (default)
2022-07-30 01:48:44,326 [pool-356-thread-1] INFO  server.RaftServerConfigKeys (ConfUtils.java:logGet(46)) - raft.server.log.write.buffer.size = 1048576 (custom)
2022-07-30 01:48:44,326 [pool-356-thread-1] INFO  server.RaftServerConfigKeys (ConfUtils.java:logGet(46)) - raft.server.log.unsafe-flush.enabled = false (default)
2022-07-30 01:48:44,327 [pool-356-thread-1] INFO  server.RaftServerConfigKeys (ConfUtils.java:logGet(46)) - raft.server.log.statemachine.data.caching.enabled = true (custom)
2022-07-30 01:48:44,327 [pool-356-thread-1] INFO  segmented.SegmentedRaftLogWorker (SegmentedRaftLogWorker.java:lambda$new$0(135)) - 7e99fd26-7598-4594-b7f2-81741e43f67c@group-0DCD7174B461-SegmentedRaftLogWorker: flushIndex: setUnconditionally 0 -> -1
2022-07-30 01:48:44,327 [pool-356-thread-1] INFO  segmented.SegmentedRaftLogWorker (SegmentedRaftLogWorker.java:lambda$new$0(135)) - 7e99fd26-7598-4594-b7f2-81741e43f67c@group-0DCD7174B461-SegmentedRaftLogWorker: safeCacheEvictIndex: setUnconditionally 0 -> -1
2022-07-30 01:48:44,343 [pool-356-thread-1] INFO  server.RaftServerConfigKeys (ConfUtils.java:logGet(46)) - raft.server.snapshot.auto.trigger.enabled = true (custom)
2022-07-30 01:48:44,344 [pool-356-thread-1] INFO  server.RaftServerConfigKeys (ConfUtils.java:logGet(46)) - raft.server.snapshot.auto.trigger.threshold = 10000 (custom)
2022-07-30 01:48:44,344 [pool-356-thread-1] INFO  server.RaftServerConfigKeys (ConfUtils.java:logGet(46)) - raft.server.snapshot.retention.file.num = 5 (custom)
2022-07-30 01:48:44,344 [pool-356-thread-1] INFO  server.RaftServerConfigKeys (ConfUtils.java:logGet(46)) - raft.server.log.purge.upto.snapshot.index = false (default)
2022-07-30 01:48:44,344 [pool-356-thread-1] INFO  server.RaftServerConfigKeys (ConfUtils.java:logGet(46)) - raft.server.retrycache.expirytime = 600000ms (custom)
2022-07-30 01:48:44,344 [pool-356-thread-1] INFO  server.RaftServerConfigKeys (ConfUtils.java:logGet(46)) - raft.server.retrycache.statistics.expirytime = 100μs (default)
2022-07-30 01:48:44,345 [pool-356-thread-1] INFO  server.RaftServerConfigKeys (ConfUtils.java:logGet(46)) - raft.server.log.appender.install.snapshot.enabled = false (custom)
2022-07-30 01:48:44,345 [pool-356-thread-1] INFO  server.RaftServerConfigKeys (ConfUtils.java:logGet(46)) - raft.server.threadpool.server.cached = true (default)
2022-07-30 01:48:44,345 [pool-356-thread-1] INFO  server.RaftServerConfigKeys (ConfUtils.java:logGet(46)) - raft.server.threadpool.server.size = 0 (default)
2022-07-30 01:48:44,346 [pool-356-thread-1] INFO  server.RaftServerConfigKeys (ConfUtils.java:logGet(46)) - raft.server.threadpool.client.cached = true (default)
2022-07-30 01:48:44,346 [pool-356-thread-1] INFO  server.RaftServerConfigKeys (ConfUtils.java:logGet(46)) - raft.server.threadpool.client.size = 0 (default)
2022-07-30 01:48:44,346 [pool-356-thread-1] INFO  server.RaftServer$Division (RaftServerImpl.java:start(310)) - 7e99fd26-7598-4594-b7f2-81741e43f67c@group-0DCD7174B461: start as a follower, conf=-1: [7e99fd26-7598-4594-b7f2-81741e43f67c|rpc:10.1.0.37:40277|dataStream:|priority:0, a8954817-1d70-4f19-b814-29be41487240|rpc:10.1.0.37:46247|dataStream:|priority:1, ba3de65c-e6c9-495e-8613-4120736e14c0|rpc:10.1.0.37:34507|dataStream:|priority:0], old=null
2022-07-30 01:48:44,346 [pool-356-thread-1] INFO  server.RaftServer$Division (RaftServerImpl.java:setRole(299)) - 7e99fd26-7598-4594-b7f2-81741e43f67c@group-0DCD7174B461: changes role from      null to FOLLOWER at term 0 for startAsFollower
2022-07-30 01:48:44,346 [pool-356-thread-1] INFO  impl.RoleInfo (RoleInfo.java:updateAndGet(139)) - 7e99fd26-7598-4594-b7f2-81741e43f67c: start 7e99fd26-7598-4594-b7f2-81741e43f67c@group-0DCD7174B461-FollowerState
2022-07-30 01:48:44,359 [pool-356-thread-1] INFO  util.JmxRegister (JmxRegister.java:tryRegister(44)) - Successfully registered JMX Bean with object name Ratis:service=RaftServer,group=group-0DCD7174B461,id=7e99fd26-7598-4594-b7f2-81741e43f67c
2022-07-30 01:48:44,398 [Command processor thread] INFO  commandhandler.CreatePipelineCommandHandler (CreatePipelineCommandHandler.java:handle(113)) - Created Pipeline RATIS THREE PipelineID=3872e03d-ccf4-4ed0-9a86-0dcd7174b461.
2022-07-30 01:48:44,398 [Command processor thread] INFO  server.RaftServer (RaftServerProxy.java:addNew(96)) - ba3de65c-e6c9-495e-8613-4120736e14c0: addNew group-92A57C94F017:[7e99fd26-7598-4594-b7f2-81741e43f67c|rpc:10.1.0.37:40277|priority:1, a8954817-1d70-4f19-b814-29be41487240|rpc:10.1.0.37:46247|priority:0, ba3de65c-e6c9-495e-8613-4120736e14c0|rpc:10.1.0.37:34507|priority:0] returns group-92A57C94F017:java.util.concurrent.CompletableFuture@2b07fc94[Not completed]
2022-07-30 01:48:44,399 [pool-333-thread-1] INFO  server.RaftServer$Division (RaftServerImpl.java:<init>(190)) - ba3de65c-e6c9-495e-8613-4120736e14c0: new RaftServerImpl for group-92A57C94F017:[7e99fd26-7598-4594-b7f2-81741e43f67c|rpc:10.1.0.37:40277|priority:1, a8954817-1d70-4f19-b814-29be41487240|rpc:10.1.0.37:46247|priority:0, ba3de65c-e6c9-495e-8613-4120736e14c0|rpc:10.1.0.37:34507|priority:0] with ContainerStateMachine:uninitialized
2022-07-30 01:48:44,399 [pool-333-thread-1] INFO  server.RaftServerConfigKeys (ConfUtils.java:logGet(46)) - raft.server.rpc.timeout.min = 5s (custom)
2022-07-30 01:48:44,399 [pool-333-thread-1] INFO  server.RaftServerConfigKeys (ConfUtils.java:logGet(46)) - raft.server.rpc.timeout.max = 5200ms (custom)
2022-07-30 01:48:44,399 [pool-333-thread-1] INFO  server.RaftServerConfigKeys (ConfUtils.java:logGet(46)) - raft.server.rpc.sleep.time = 25ms (default)
2022-07-30 01:48:44,399 [pool-333-thread-1] INFO  server.RaftServerConfigKeys (ConfUtils.java:logGet(46)) - raft.server.rpc.slowness.timeout = 300s (custom)
2022-07-30 01:48:44,399 [pool-333-thread-1] INFO  server.RaftServerConfigKeys (ConfUtils.java:logGet(46)) - raft.server.leaderelection.leader.step-down.wait-time = 10s (default)
2022-07-30 01:48:44,399 [pool-333-thread-1] INFO  server.RaftServerConfigKeys (ConfUtils.java:logGet(46)) - raft.server.sleep.deviation.threshold = 300ms (default)
2022-07-30 01:48:44,400 [pool-333-thread-1] INFO  server.RaftServer$Division (ServerState.java:<init>(107)) - ba3de65c-e6c9-495e-8613-4120736e14c0@group-92A57C94F017: ConfigurationManager, init=-1: [7e99fd26-7598-4594-b7f2-81741e43f67c|rpc:10.1.0.37:40277|priority:1, a8954817-1d70-4f19-b814-29be41487240|rpc:10.1.0.37:46247|priority:0, ba3de65c-e6c9-495e-8613-4120736e14c0|rpc:10.1.0.37:34507|priority:0], old=null, confs=<EMPTY_MAP>
2022-07-30 01:48:44,400 [pool-333-thread-1] INFO  server.RaftServerConfigKeys (ConfUtils.java:logGet(46)) - raft.server.storage.dir = [/home/runner/work/ozone/ozone/hadoop-ozone/integration-test/target/test-dir/MiniOzoneClusterImpl-c8472f64-5143-4d61-85a0-9e96bab939e3/datanode-0/data/ratis] (custom)
2022-07-30 01:48:44,400 [pool-333-thread-1] INFO  server.RaftServerConfigKeys (ConfUtils.java:logGet(46)) - raft.server.log.corruption.policy = EXCEPTION (default)
2022-07-30 01:48:44,400 [pool-333-thread-1] INFO  server.RaftServerConfigKeys (ConfUtils.java:logGet(46)) - raft.server.storage.free-space.min = 0MB (=0) (default)
2022-07-30 01:48:44,400 [pool-333-thread-1] INFO  storage.RaftStorageDirectory (RaftStorageDirectoryImpl.java:analyzeStorage(135)) - The storage directory /home/runner/work/ozone/ozone/hadoop-ozone/integration-test/target/test-dir/MiniOzoneClusterImpl-c8472f64-5143-4d61-85a0-9e96bab939e3/datanode-0/data/ratis/16f0266c-a4ab-40f2-a290-92a57c94f017 does not exist. Creating ...
2022-07-30 01:48:44,401 [pool-333-thread-1] INFO  storage.RaftStorageDirectory (RaftStorageDirectoryImpl.java:tryLock(230)) - Lock on /home/runner/work/ozone/ozone/hadoop-ozone/integration-test/target/test-dir/MiniOzoneClusterImpl-c8472f64-5143-4d61-85a0-9e96bab939e3/datanode-0/data/ratis/16f0266c-a4ab-40f2-a290-92a57c94f017/in_use.lock acquired by nodename 10860@fv-az297-62
2022-07-30 01:48:44,405 [pool-333-thread-1] INFO  storage.RaftStorage (RaftStorageImpl.java:format(89)) - Storage directory /home/runner/work/ozone/ozone/hadoop-ozone/integration-test/target/test-dir/MiniOzoneClusterImpl-c8472f64-5143-4d61-85a0-9e96bab939e3/datanode-0/data/ratis/16f0266c-a4ab-40f2-a290-92a57c94f017 has been successfully formatted.
2022-07-30 01:48:44,405 [pool-333-thread-1] INFO  ratis.ContainerStateMachine (ContainerStateMachine.java:loadSnapshot(236)) - group-92A57C94F017: The snapshot info is null. Setting the last applied indexto:(t:0, i:~)
2022-07-30 01:48:44,406 [pool-333-thread-1] INFO  server.RaftServerConfigKeys (ConfUtils.java:logGet(46)) - raft.server.notification.no-leader.timeout = 300s (custom)
2022-07-30 01:48:44,406 [pool-333-thread-1] INFO  server.RaftServerConfigKeys (ConfUtils.java:logGet(46)) - raft.server.log.use.memory = false (default)
2022-07-30 01:48:44,406 [pool-333-thread-1] INFO  server.RaftServerConfigKeys (ConfUtils.java:logGet(46)) - raft.server.log.purge.gap = 1000000 (custom)
2022-07-30 01:48:44,406 [pool-333-thread-1] INFO  server.RaftServerConfigKeys (ConfUtils.java:logGet(46)) - raft.server.log.appender.buffer.byte-limit = 33554432 (custom)
2022-07-30 01:48:44,407 [pool-333-thread-1] INFO  server.RaftServerConfigKeys (ConfUtils.java:logGet(46)) - raft.server.log.statemachine.data.read.timeout = 1000ms (default)
2022-07-30 01:48:44,407 [EventQueue-OpenPipelineForHealthyPipelineSafeModeRule] INFO  safemode.SCMSafeModeManager (HealthyPipelineSafeModeRule.java:process(137)) - SCM in safe mode. Healthy pipelines reported count is 0, required healthy pipeline reported count is 1
2022-07-30 01:48:44,407 [Listener at 127.0.0.1/43571] INFO  ozone.MiniOzoneClusterImpl (MiniOzoneClusterImpl.java:lambda$waitForClusterToBeReady$0(216)) - Waiting for nodes to be ready. Got 4 of 5 DN Heartbeats.
2022-07-30 01:48:44,407 [Listener at 127.0.0.1/43571] INFO  ozone.MiniOzoneClusterImpl (MiniOzoneClusterImpl.java:lambda$waitForClusterToBeReady$0(219)) - Waiting for cluster to exit safe mode
2022-07-30 01:48:44,407 [Listener at 127.0.0.1/43571] INFO  ozone.MiniOzoneClusterImpl (MiniOzoneClusterImpl.java:lambda$waitForClusterToBeReady$0(221)) - SCM became leader
2022-07-30 01:48:44,407 [pool-333-thread-1] INFO  server.RaftServerConfigKeys (ConfUtils.java:logGet(46)) - raft.server.log.segment.size.max = 1048576 (custom)
2022-07-30 01:48:44,409 [pool-333-thread-1] INFO  server.RaftServerConfigKeys (ConfUtils.java:logGet(46)) - raft.server.log.segment.cache.num.max = 2 (custom)
2022-07-30 01:48:44,409 [pool-333-thread-1] INFO  server.RaftServerConfigKeys (ConfUtils.java:logGet(46)) - raft.server.log.segment.cache.size.max = 200MB (=209715200) (default)
2022-07-30 01:48:44,409 [pool-333-thread-1] INFO  segmented.SegmentedRaftLogWorker (SegmentedRaftLogWorker.java:<init>(187)) - new ba3de65c-e6c9-495e-8613-4120736e14c0@group-92A57C94F017-SegmentedRaftLogWorker for RaftStorageImpl:Storage Directory /home/runner/work/ozone/ozone/hadoop-ozone/integration-test/target/test-dir/MiniOzoneClusterImpl-c8472f64-5143-4d61-85a0-9e96bab939e3/datanode-0/data/ratis/16f0266c-a4ab-40f2-a290-92a57c94f017
2022-07-30 01:48:44,409 [pool-333-thread-1] INFO  server.RaftServerConfigKeys (ConfUtils.java:logGet(46)) - raft.server.log.queue.byte-limit = 4294967296 (custom)
2022-07-30 01:48:44,409 [pool-333-thread-1] INFO  server.RaftServerConfigKeys (ConfUtils.java:logGet(46)) - raft.server.log.queue.element-limit = 1024 (custom)
2022-07-30 01:48:44,409 [pool-333-thread-1] INFO  server.RaftServerConfigKeys (ConfUtils.java:logGet(46)) - raft.server.log.segment.size.max = 1048576 (custom)
2022-07-30 01:48:44,409 [pool-333-thread-1] INFO  server.RaftServerConfigKeys (ConfUtils.java:logGet(46)) - raft.server.log.preallocated.size = 16384 (custom)
2022-07-30 01:48:44,409 [pool-333-thread-1] INFO  server.RaftServerConfigKeys (ConfUtils.java:logGet(46)) - raft.server.log.force.sync.num = 128 (default)
2022-07-30 01:48:44,409 [pool-333-thread-1] INFO  server.RaftServerConfigKeys (ConfUtils.java:logGet(46)) - raft.server.log.statemachine.data.sync = true (default)
2022-07-30 01:48:44,409 [pool-333-thread-1] INFO  server.RaftServerConfigKeys (ConfUtils.java:logGet(46)) - raft.server.log.statemachine.data.sync.timeout = 10s (default)
2022-07-30 01:48:44,409 [pool-333-thread-1] INFO  server.RaftServerConfigKeys (ConfUtils.java:logGet(46)) - raft.server.log.statemachine.data.sync.timeout.retry = -1 (default)
2022-07-30 01:48:44,411 [pool-333-thread-1] INFO  server.RaftServerConfigKeys (ConfUtils.java:logGet(46)) - raft.server.log.write.buffer.size = 1048576 (custom)
2022-07-30 01:48:44,411 [pool-333-thread-1] INFO  server.RaftServerConfigKeys (ConfUtils.java:logGet(46)) - raft.server.log.unsafe-flush.enabled = false (default)
2022-07-30 01:48:44,412 [pool-333-thread-1] INFO  server.RaftServerConfigKeys (ConfUtils.java:logGet(46)) - raft.server.log.statemachine.data.caching.enabled = true (custom)
2022-07-30 01:48:44,412 [pool-333-thread-1] INFO  segmented.SegmentedRaftLogWorker (SegmentedRaftLogWorker.java:lambda$new$0(135)) - ba3de65c-e6c9-495e-8613-4120736e14c0@group-92A57C94F017-SegmentedRaftLogWorker: flushIndex: setUnconditionally 0 -> -1
2022-07-30 01:48:44,412 [pool-333-thread-1] INFO  segmented.SegmentedRaftLogWorker (SegmentedRaftLogWorker.java:lambda$new$0(135)) - ba3de65c-e6c9-495e-8613-4120736e14c0@group-92A57C94F017-SegmentedRaftLogWorker: safeCacheEvictIndex: setUnconditionally 0 -> -1
2022-07-30 01:48:44,422 [pool-333-thread-1] INFO  server.RaftServerConfigKeys (ConfUtils.java:logGet(46)) - raft.server.snapshot.auto.trigger.enabled = true (custom)
2022-07-30 01:48:44,422 [pool-333-thread-1] INFO  server.RaftServerConfigKeys (ConfUtils.java:logGet(46)) - raft.server.snapshot.auto.trigger.threshold = 10000 (custom)
2022-07-30 01:48:44,422 [pool-333-thread-1] INFO  server.RaftServerConfigKeys (ConfUtils.java:logGet(46)) - raft.server.snapshot.retention.file.num = 5 (custom)
2022-07-30 01:48:44,422 [pool-333-thread-1] INFO  server.RaftServerConfigKeys (ConfUtils.java:logGet(46)) - raft.server.log.purge.upto.snapshot.index = false (default)
2022-07-30 01:48:44,422 [pool-333-thread-1] INFO  server.RaftServerConfigKeys (ConfUtils.java:logGet(46)) - raft.server.retrycache.expirytime = 600000ms (custom)
2022-07-30 01:48:44,422 [pool-333-thread-1] INFO  server.RaftServerConfigKeys (ConfUtils.java:logGet(46)) - raft.server.retrycache.statistics.expirytime = 100μs (default)
2022-07-30 01:48:44,424 [pool-333-thread-1] INFO  server.RaftServerConfigKeys (ConfUtils.java:logGet(46)) - raft.server.log.appender.install.snapshot.enabled = false (custom)
2022-07-30 01:48:44,424 [pool-333-thread-1] INFO  server.RaftServerConfigKeys (ConfUtils.java:logGet(46)) - raft.server.threadpool.server.cached = true (default)
2022-07-30 01:48:44,424 [pool-333-thread-1] INFO  server.RaftServerConfigKeys (ConfUtils.java:logGet(46)) - raft.server.threadpool.server.size = 0 (default)
2022-07-30 01:48:44,424 [pool-333-thread-1] INFO  server.RaftServerConfigKeys (ConfUtils.java:logGet(46)) - raft.server.threadpool.client.cached = true (default)
2022-07-30 01:48:44,424 [pool-333-thread-1] INFO  server.RaftServerConfigKeys (ConfUtils.java:logGet(46)) - raft.server.threadpool.client.size = 0 (default)
2022-07-30 01:48:44,424 [pool-333-thread-1] INFO  server.RaftServer$Division (RaftServerImpl.java:start(310)) - ba3de65c-e6c9-495e-8613-4120736e14c0@group-92A57C94F017: start as a follower, conf=-1: [7e99fd26-7598-4594-b7f2-81741e43f67c|rpc:10.1.0.37:40277|priority:1, a8954817-1d70-4f19-b814-29be41487240|rpc:10.1.0.37:46247|priority:0, ba3de65c-e6c9-495e-8613-4120736e14c0|rpc:10.1.0.37:34507|priority:0], old=null
2022-07-30 01:48:44,424 [pool-333-thread-1] INFO  server.RaftServer$Division (RaftServerImpl.java:setRole(299)) - ba3de65c-e6c9-495e-8613-4120736e14c0@group-92A57C94F017: changes role from      null to FOLLOWER at term 0 for startAsFollower
2022-07-30 01:48:44,425 [pool-333-thread-1] INFO  impl.RoleInfo (RoleInfo.java:updateAndGet(139)) - ba3de65c-e6c9-495e-8613-4120736e14c0: start ba3de65c-e6c9-495e-8613-4120736e14c0@group-92A57C94F017-FollowerState
2022-07-30 01:48:44,431 [pool-333-thread-1] INFO  util.JmxRegister (JmxRegister.java:tryRegister(44)) - Successfully registered JMX Bean with object name Ratis:service=RaftServer,group=group-92A57C94F017,id=ba3de65c-e6c9-495e-8613-4120736e14c0
2022-07-30 01:48:44,438 [Command processor thread] INFO  ratis.XceiverServerRatis (XceiverServerRatis.java:addGroup(765)) - Created group PipelineID=16f0266c-a4ab-40f2-a290-92a57c94f017
2022-07-30 01:48:44,474 [IPC Server handler 9 on default port 39231] INFO  net.NetworkTopologyImpl (NetworkTopologyImpl.java:add(112)) - Added a new node: /default-rack/0afd43b6-07b3-44a6-8ea4-53b5cafc6713
2022-07-30 01:48:44,475 [IPC Server handler 9 on default port 39231] INFO  node.SCMNodeManager (SCMNodeManager.java:register(397)) - Registered Data node : 0afd43b6-07b3-44a6-8ea4-53b5cafc6713{ip: 10.1.0.37, host: fv-az297-62.nmf1rxwemy4u5di1sxxf4ejcwb.jx.internal.cloudapp.net, ports: [REPLICATION=32853, RATIS=37931, RATIS_ADMIN=37931, RATIS_SERVER=37931, STANDALONE=46469], networkLocation: /default-rack, certSerialId: null, persistedOpState: null, persistedOpStateExpiryEpochSec: 0}
2022-07-30 01:48:44,475 [EventQueue-NewNodeForNewNodeHandler] INFO  pipeline.BackgroundPipelineCreator (BackgroundPipelineCreator.java:notifyEventTriggered(276)) - trigger a one-shot run on RatisPipelineUtilsThread.
2022-07-30 01:48:44,476 [RatisPipelineUtilsThread - 0] INFO  pipeline.RatisPipelineProvider (RatisPipelineProvider.java:lambda$create$0(195)) - Sending CreatePipelineCommand for pipeline:PipelineID=c71b2388-eb55-43e8-be7e-8785e2bfc9b7 to datanode:0afd43b6-07b3-44a6-8ea4-53b5cafc6713
2022-07-30 01:48:44,476 [RatisPipelineUtilsThread - 0] INFO  pipeline.PipelineStateManagerImpl (PipelineStateManagerImpl.java:addPipeline(103)) - Created pipeline Pipeline[ Id: c71b2388-eb55-43e8-be7e-8785e2bfc9b7, Nodes: 0afd43b6-07b3-44a6-8ea4-53b5cafc6713{ip: 10.1.0.37, host: fv-az297-62.nmf1rxwemy4u5di1sxxf4ejcwb.jx.internal.cloudapp.net, ports: [REPLICATION=32853, RATIS=37931, RATIS_ADMIN=37931, RATIS_SERVER=37931, STANDALONE=46469], networkLocation: /default-rack, certSerialId: null, persistedOpState: IN_SERVICE, persistedOpStateExpiryEpochSec: 0}, ReplicationConfig: RATIS/ONE, State:ALLOCATED, leaderId:, CreationTimestamp2022-07-30T01:48:44.476Z[Etc/UTC]].
2022-07-30 01:48:44,488 [grpc-default-executor-0] INFO  server.RaftServer (RaftServerProxy.java:addNew(96)) - 7e99fd26-7598-4594-b7f2-81741e43f67c: addNew group-92A57C94F017:[7e99fd26-7598-4594-b7f2-81741e43f67c|rpc:10.1.0.37:40277|dataStream:|priority:1, a8954817-1d70-4f19-b814-29be41487240|rpc:10.1.0.37:46247|dataStream:|priority:0, ba3de65c-e6c9-495e-8613-4120736e14c0|rpc:10.1.0.37:34507|dataStream:|priority:0] returns group-92A57C94F017:java.util.concurrent.CompletableFuture@4c2e5777[Not completed]
2022-07-30 01:48:44,489 [pool-356-thread-1] INFO  server.RaftServer$Division (RaftServerImpl.java:<init>(190)) - 7e99fd26-7598-4594-b7f2-81741e43f67c: new RaftServerImpl for group-92A57C94F017:[7e99fd26-7598-4594-b7f2-81741e43f67c|rpc:10.1.0.37:40277|dataStream:|priority:1, a8954817-1d70-4f19-b814-29be41487240|rpc:10.1.0.37:46247|dataStream:|priority:0, ba3de65c-e6c9-495e-8613-4120736e14c0|rpc:10.1.0.37:34507|dataStream:|priority:0] with ContainerStateMachine:uninitialized
2022-07-30 01:48:44,489 [pool-356-thread-1] INFO  server.RaftServerConfigKeys (ConfUtils.java:logGet(46)) - raft.server.rpc.timeout.min = 5s (custom)
2022-07-30 01:48:44,489 [pool-356-thread-1] INFO  server.RaftServerConfigKeys (ConfUtils.java:logGet(46)) - raft.server.rpc.timeout.max = 5200ms (custom)
2022-07-30 01:48:44,490 [pool-356-thread-1] INFO  server.RaftServerConfigKeys (ConfUtils.java:logGet(46)) - raft.server.rpc.sleep.time = 25ms (default)
2022-07-30 01:48:44,490 [pool-356-thread-1] INFO  server.RaftServerConfigKeys (ConfUtils.java:logGet(46)) - raft.server.rpc.slowness.timeout = 300s (custom)
2022-07-30 01:48:44,490 [pool-356-thread-1] INFO  server.RaftServerConfigKeys (ConfUtils.java:logGet(46)) - raft.server.leaderelection.leader.step-down.wait-time = 10s (default)
2022-07-30 01:48:44,490 [pool-356-thread-1] INFO  server.RaftServerConfigKeys (ConfUtils.java:logGet(46)) - raft.server.sleep.deviation.threshold = 300ms (default)
2022-07-30 01:48:44,490 [pool-356-thread-1] INFO  server.RaftServer$Division (ServerState.java:<init>(107)) - 7e99fd26-7598-4594-b7f2-81741e43f67c@group-92A57C94F017: ConfigurationManager, init=-1: [7e99fd26-7598-4594-b7f2-81741e43f67c|rpc:10.1.0.37:40277|dataStream:|priority:1, a8954817-1d70-4f19-b814-29be41487240|rpc:10.1.0.37:46247|dataStream:|priority:0, ba3de65c-e6c9-495e-8613-4120736e14c0|rpc:10.1.0.37:34507|dataStream:|priority:0], old=null, confs=<EMPTY_MAP>
2022-07-30 01:48:44,490 [pool-356-thread-1] INFO  server.RaftServerConfigKeys (ConfUtils.java:logGet(46)) - raft.server.storage.dir = [/home/runner/work/ozone/ozone/hadoop-ozone/integration-test/target/test-dir/MiniOzoneClusterImpl-c8472f64-5143-4d61-85a0-9e96bab939e3/datanode-1/data/ratis] (custom)
2022-07-30 01:48:44,490 [pool-356-thread-1] INFO  server.RaftServerConfigKeys (ConfUtils.java:logGet(46)) - raft.server.log.corruption.policy = EXCEPTION (default)
2022-07-30 01:48:44,490 [pool-356-thread-1] INFO  server.RaftServerConfigKeys (ConfUtils.java:logGet(46)) - raft.server.storage.free-space.min = 0MB (=0) (default)
2022-07-30 01:48:44,490 [pool-356-thread-1] INFO  storage.RaftStorageDirectory (RaftStorageDirectoryImpl.java:analyzeStorage(135)) - The storage directory /home/runner/work/ozone/ozone/hadoop-ozone/integration-test/target/test-dir/MiniOzoneClusterImpl-c8472f64-5143-4d61-85a0-9e96bab939e3/datanode-1/data/ratis/16f0266c-a4ab-40f2-a290-92a57c94f017 does not exist. Creating ...
2022-07-30 01:48:44,493 [pool-356-thread-1] INFO  storage.RaftStorageDirectory (RaftStorageDirectoryImpl.java:tryLock(230)) - Lock on /home/runner/work/ozone/ozone/hadoop-ozone/integration-test/target/test-dir/MiniOzoneClusterImpl-c8472f64-5143-4d61-85a0-9e96bab939e3/datanode-1/data/ratis/16f0266c-a4ab-40f2-a290-92a57c94f017/in_use.lock acquired by nodename 10860@fv-az297-62
2022-07-30 01:48:44,497 [pool-356-thread-1] INFO  storage.RaftStorage (RaftStorageImpl.java:format(89)) - Storage directory /home/runner/work/ozone/ozone/hadoop-ozone/integration-test/target/test-dir/MiniOzoneClusterImpl-c8472f64-5143-4d61-85a0-9e96bab939e3/datanode-1/data/ratis/16f0266c-a4ab-40f2-a290-92a57c94f017 has been successfully formatted.
2022-07-30 01:48:44,497 [pool-356-thread-1] INFO  ratis.ContainerStateMachine (ContainerStateMachine.java:loadSnapshot(236)) - group-92A57C94F017: The snapshot info is null. Setting the last applied indexto:(t:0, i:~)
2022-07-30 01:48:44,497 [pool-356-thread-1] INFO  server.RaftServerConfigKeys (ConfUtils.java:logGet(46)) - raft.server.notification.no-leader.timeout = 300s (custom)
2022-07-30 01:48:44,497 [pool-356-thread-1] INFO  server.RaftServerConfigKeys (ConfUtils.java:logGet(46)) - raft.server.log.use.memory = false (default)
2022-07-30 01:48:44,497 [pool-356-thread-1] INFO  server.RaftServerConfigKeys (ConfUtils.java:logGet(46)) - raft.server.log.purge.gap = 1000000 (custom)
2022-07-30 01:48:44,497 [pool-356-thread-1] INFO  server.RaftServerConfigKeys (ConfUtils.java:logGet(46)) - raft.server.log.appender.buffer.byte-limit = 33554432 (custom)
2022-07-30 01:48:44,497 [pool-356-thread-1] INFO  server.RaftServerConfigKeys (ConfUtils.java:logGet(46)) - raft.server.log.statemachine.data.read.timeout = 1000ms (default)
2022-07-30 01:48:44,498 [pool-356-thread-1] INFO  server.RaftServerConfigKeys (ConfUtils.java:logGet(46)) - raft.server.log.segment.size.max = 1048576 (custom)
2022-07-30 01:48:44,498 [pool-356-thread-1] INFO  server.RaftServerConfigKeys (ConfUtils.java:logGet(46)) - raft.server.log.segment.cache.num.max = 2 (custom)
2022-07-30 01:48:44,498 [pool-356-thread-1] INFO  server.RaftServerConfigKeys (ConfUtils.java:logGet(46)) - raft.server.log.segment.cache.size.max = 200MB (=209715200) (default)
2022-07-30 01:48:44,498 [pool-356-thread-1] INFO  segmented.SegmentedRaftLogWorker (SegmentedRaftLogWorker.java:<init>(187)) - new 7e99fd26-7598-4594-b7f2-81741e43f67c@group-92A57C94F017-SegmentedRaftLogWorker for RaftStorageImpl:Storage Directory /home/runner/work/ozone/ozone/hadoop-ozone/integration-test/target/test-dir/MiniOzoneClusterImpl-c8472f64-5143-4d61-85a0-9e96bab939e3/datanode-1/data/ratis/16f0266c-a4ab-40f2-a290-92a57c94f017
2022-07-30 01:48:44,498 [pool-356-thread-1] INFO  server.RaftServerConfigKeys (ConfUtils.java:logGet(46)) - raft.server.log.queue.byte-limit = 4294967296 (custom)
2022-07-30 01:48:44,501 [pool-356-thread-1] INFO  server.RaftServerConfigKeys (ConfUtils.java:logGet(46)) - raft.server.log.queue.element-limit = 1024 (custom)
2022-07-30 01:48:44,501 [pool-356-thread-1] INFO  server.RaftServerConfigKeys (ConfUtils.java:logGet(46)) - raft.server.log.segment.size.max = 1048576 (custom)
2022-07-30 01:48:44,501 [pool-356-thread-1] INFO  server.RaftServerConfigKeys (ConfUtils.java:logGet(46)) - raft.server.log.preallocated.size = 16384 (custom)
2022-07-30 01:48:44,501 [pool-356-thread-1] INFO  server.RaftServerConfigKeys (ConfUtils.java:logGet(46)) - raft.server.log.force.sync.num = 128 (default)
2022-07-30 01:48:44,501 [pool-356-thread-1] INFO  server.RaftServerConfigKeys (ConfUtils.java:logGet(46)) - raft.server.log.statemachine.data.sync = true (default)
2022-07-30 01:48:44,501 [pool-356-thread-1] INFO  server.RaftServerConfigKeys (ConfUtils.java:logGet(46)) - raft.server.log.statemachine.data.sync.timeout = 10s (default)
2022-07-30 01:48:44,501 [pool-356-thread-1] INFO  server.RaftServerConfigKeys (ConfUtils.java:logGet(46)) - raft.server.log.statemachine.data.sync.timeout.retry = -1 (default)
2022-07-30 01:48:44,502 [pool-356-thread-1] INFO  server.RaftServerConfigKeys (ConfUtils.java:logGet(46)) - raft.server.log.write.buffer.size = 1048576 (custom)
2022-07-30 01:48:44,503 [pool-356-thread-1] INFO  server.RaftServerConfigKeys (ConfUtils.java:logGet(46)) - raft.server.log.unsafe-flush.enabled = false (default)
2022-07-30 01:48:44,503 [pool-356-thread-1] INFO  server.RaftServerConfigKeys (ConfUtils.java:logGet(46)) - raft.server.log.statemachine.data.caching.enabled = true (custom)
2022-07-30 01:48:44,503 [pool-356-thread-1] INFO  segmented.SegmentedRaftLogWorker (SegmentedRaftLogWorker.java:lambda$new$0(135)) - 7e99fd26-7598-4594-b7f2-81741e43f67c@group-92A57C94F017-SegmentedRaftLogWorker: flushIndex: setUnconditionally 0 -> -1
2022-07-30 01:48:44,504 [pool-356-thread-1] INFO  segmented.SegmentedRaftLogWorker (SegmentedRaftLogWorker.java:lambda$new$0(135)) - 7e99fd26-7598-4594-b7f2-81741e43f67c@group-92A57C94F017-SegmentedRaftLogWorker: safeCacheEvictIndex: setUnconditionally 0 -> -1
2022-07-30 01:48:44,513 [pool-356-thread-1] INFO  server.RaftServerConfigKeys (ConfUtils.java:logGet(46)) - raft.server.snapshot.auto.trigger.enabled = true (custom)
2022-07-30 01:48:44,513 [pool-356-thread-1] INFO  server.RaftServerConfigKeys (ConfUtils.java:logGet(46)) - raft.server.snapshot.auto.trigger.threshold = 10000 (custom)
2022-07-30 01:48:44,513 [pool-356-thread-1] INFO  server.RaftServerConfigKeys (ConfUtils.java:logGet(46)) - raft.server.snapshot.retention.file.num = 5 (custom)
2022-07-30 01:48:44,513 [pool-356-thread-1] INFO  server.RaftServerConfigKeys (ConfUtils.java:logGet(46)) - raft.server.log.purge.upto.snapshot.index = false (default)
2022-07-30 01:48:44,514 [pool-356-thread-1] INFO  server.RaftServerConfigKeys (ConfUtils.java:logGet(46)) - raft.server.retrycache.expirytime = 600000ms (custom)
2022-07-30 01:48:44,514 [pool-356-thread-1] INFO  server.RaftServerConfigKeys (ConfUtils.java:logGet(46)) - raft.server.retrycache.statistics.expirytime = 100μs (default)
2022-07-30 01:48:44,515 [pool-356-thread-1] INFO  server.RaftServerConfigKeys (ConfUtils.java:logGet(46)) - raft.server.log.appender.install.snapshot.enabled = false (custom)
2022-07-30 01:48:44,515 [pool-356-thread-1] INFO  server.RaftServerConfigKeys (ConfUtils.java:logGet(46)) - raft.server.threadpool.server.cached = true (default)
2022-07-30 01:48:44,515 [pool-356-thread-1] INFO  server.RaftServerConfigKeys (ConfUtils.java:logGet(46)) - raft.server.threadpool.server.size = 0 (default)
2022-07-30 01:48:44,515 [pool-356-thread-1] INFO  server.RaftServerConfigKeys (ConfUtils.java:logGet(46)) - raft.server.threadpool.client.cached = true (default)
2022-07-30 01:48:44,516 [pool-356-thread-1] INFO  server.RaftServerConfigKeys (ConfUtils.java:logGet(46)) - raft.server.threadpool.client.size = 0 (default)
2022-07-30 01:48:44,516 [pool-356-thread-1] INFO  server.RaftServer$Division (RaftServerImpl.java:start(310)) - 7e99fd26-7598-4594-b7f2-81741e43f67c@group-92A57C94F017: start as a follower, conf=-1: [7e99fd26-7598-4594-b7f2-81741e43f67c|rpc:10.1.0.37:40277|dataStream:|priority:1, a8954817-1d70-4f19-b814-29be41487240|rpc:10.1.0.37:46247|dataStream:|priority:0, ba3de65c-e6c9-495e-8613-4120736e14c0|rpc:10.1.0.37:34507|dataStream:|priority:0], old=null
2022-07-30 01:48:44,516 [pool-356-thread-1] INFO  server.RaftServer$Division (RaftServerImpl.java:setRole(299)) - 7e99fd26-7598-4594-b7f2-81741e43f67c@group-92A57C94F017: changes role from      null to FOLLOWER at term 0 for startAsFollower
2022-07-30 01:48:44,516 [pool-356-thread-1] INFO  impl.RoleInfo (RoleInfo.java:updateAndGet(139)) - 7e99fd26-7598-4594-b7f2-81741e43f67c: start 7e99fd26-7598-4594-b7f2-81741e43f67c@group-92A57C94F017-FollowerState
2022-07-30 01:48:44,522 [pool-356-thread-1] INFO  util.JmxRegister (JmxRegister.java:tryRegister(44)) - Successfully registered JMX Bean with object name Ratis:service=RaftServer,group=group-92A57C94F017,id=7e99fd26-7598-4594-b7f2-81741e43f67c
2022-07-30 01:48:44,560 [grpc-default-executor-0] INFO  server.RaftServer (RaftServerProxy.java:addNew(96)) - a8954817-1d70-4f19-b814-29be41487240: addNew group-92A57C94F017:[7e99fd26-7598-4594-b7f2-81741e43f67c|rpc:10.1.0.37:40277|dataStream:|priority:1, a8954817-1d70-4f19-b814-29be41487240|rpc:10.1.0.37:46247|dataStream:|priority:0, ba3de65c-e6c9-495e-8613-4120736e14c0|rpc:10.1.0.37:34507|dataStream:|priority:0] returns group-92A57C94F017:java.util.concurrent.CompletableFuture@587af12d[Not completed]
2022-07-30 01:48:44,561 [pool-379-thread-1] INFO  server.RaftServer$Division (RaftServerImpl.java:<init>(190)) - a8954817-1d70-4f19-b814-29be41487240: new RaftServerImpl for group-92A57C94F017:[7e99fd26-7598-4594-b7f2-81741e43f67c|rpc:10.1.0.37:40277|dataStream:|priority:1, a8954817-1d70-4f19-b814-29be41487240|rpc:10.1.0.37:46247|dataStream:|priority:0, ba3de65c-e6c9-495e-8613-4120736e14c0|rpc:10.1.0.37:34507|dataStream:|priority:0] with ContainerStateMachine:uninitialized
2022-07-30 01:48:44,561 [pool-379-thread-1] INFO  server.RaftServerConfigKeys (ConfUtils.java:logGet(46)) - raft.server.rpc.timeout.min = 5s (custom)
2022-07-30 01:48:44,561 [pool-379-thread-1] INFO  server.RaftServerConfigKeys (ConfUtils.java:logGet(46)) - raft.server.rpc.timeout.max = 5200ms (custom)
2022-07-30 01:48:44,561 [pool-379-thread-1] INFO  server.RaftServerConfigKeys (ConfUtils.java:logGet(46)) - raft.server.rpc.sleep.time = 25ms (default)
2022-07-30 01:48:44,561 [pool-379-thread-1] INFO  server.RaftServerConfigKeys (ConfUtils.java:logGet(46)) - raft.server.rpc.slowness.timeout = 300s (custom)
2022-07-30 01:48:44,561 [pool-379-thread-1] INFO  server.RaftServerConfigKeys (ConfUtils.java:logGet(46)) - raft.server.leaderelection.leader.step-down.wait-time = 10s (default)
2022-07-30 01:48:44,561 [pool-379-thread-1] INFO  server.RaftServerConfigKeys (ConfUtils.java:logGet(46)) - raft.server.sleep.deviation.threshold = 300ms (default)
2022-07-30 01:48:44,561 [pool-379-thread-1] INFO  server.RaftServer$Division (ServerState.java:<init>(107)) - a8954817-1d70-4f19-b814-29be41487240@group-92A57C94F017: ConfigurationManager, init=-1: [7e99fd26-7598-4594-b7f2-81741e43f67c|rpc:10.1.0.37:40277|dataStream:|priority:1, a8954817-1d70-4f19-b814-29be41487240|rpc:10.1.0.37:46247|dataStream:|priority:0, ba3de65c-e6c9-495e-8613-4120736e14c0|rpc:10.1.0.37:34507|dataStream:|priority:0], old=null, confs=<EMPTY_MAP>
2022-07-30 01:48:44,562 [pool-379-thread-1] INFO  server.RaftServerConfigKeys (ConfUtils.java:logGet(46)) - raft.server.storage.dir = [/home/runner/work/ozone/ozone/hadoop-ozone/integration-test/target/test-dir/MiniOzoneClusterImpl-c8472f64-5143-4d61-85a0-9e96bab939e3/datanode-2/data/ratis] (custom)
2022-07-30 01:48:44,562 [pool-379-thread-1] INFO  server.RaftServerConfigKeys (ConfUtils.java:logGet(46)) - raft.server.log.corruption.policy = EXCEPTION (default)
2022-07-30 01:48:44,562 [pool-379-thread-1] INFO  server.RaftServerConfigKeys (ConfUtils.java:logGet(46)) - raft.server.storage.free-space.min = 0MB (=0) (default)
2022-07-30 01:48:44,562 [pool-379-thread-1] INFO  storage.RaftStorageDirectory (RaftStorageDirectoryImpl.java:analyzeStorage(135)) - The storage directory /home/runner/work/ozone/ozone/hadoop-ozone/integration-test/target/test-dir/MiniOzoneClusterImpl-c8472f64-5143-4d61-85a0-9e96bab939e3/datanode-2/data/ratis/16f0266c-a4ab-40f2-a290-92a57c94f017 does not exist. Creating ...
2022-07-30 01:48:44,570 [pool-379-thread-1] INFO  storage.RaftStorageDirectory (RaftStorageDirectoryImpl.java:tryLock(230)) - Lock on /home/runner/work/ozone/ozone/hadoop-ozone/integration-test/target/test-dir/MiniOzoneClusterImpl-c8472f64-5143-4d61-85a0-9e96bab939e3/datanode-2/data/ratis/16f0266c-a4ab-40f2-a290-92a57c94f017/in_use.lock acquired by nodename 10860@fv-az297-62
2022-07-30 01:48:44,572 [pool-379-thread-1] INFO  storage.RaftStorage (RaftStorageImpl.java:format(89)) - Storage directory /home/runner/work/ozone/ozone/hadoop-ozone/integration-test/target/test-dir/MiniOzoneClusterImpl-c8472f64-5143-4d61-85a0-9e96bab939e3/datanode-2/data/ratis/16f0266c-a4ab-40f2-a290-92a57c94f017 has been successfully formatted.
2022-07-30 01:48:44,573 [pool-379-thread-1] INFO  ratis.ContainerStateMachine (ContainerStateMachine.java:loadSnapshot(236)) - group-92A57C94F017: The snapshot info is null. Setting the last applied indexto:(t:0, i:~)
2022-07-30 01:48:44,573 [pool-379-thread-1] INFO  server.RaftServerConfigKeys (ConfUtils.java:logGet(46)) - raft.server.notification.no-leader.timeout = 300s (custom)
2022-07-30 01:48:44,574 [pool-379-thread-1] INFO  server.RaftServerConfigKeys (ConfUtils.java:logGet(46)) - raft.server.log.use.memory = false (default)
2022-07-30 01:48:44,574 [pool-379-thread-1] INFO  server.RaftServerConfigKeys (ConfUtils.java:logGet(46)) - raft.server.log.purge.gap = 1000000 (custom)
2022-07-30 01:48:44,574 [pool-379-thread-1] INFO  server.RaftServerConfigKeys (ConfUtils.java:logGet(46)) - raft.server.log.appender.buffer.byte-limit = 33554432 (custom)
2022-07-30 01:48:44,574 [pool-379-thread-1] INFO  server.RaftServerConfigKeys (ConfUtils.java:logGet(46)) - raft.server.log.statemachine.data.read.timeout = 1000ms (default)
2022-07-30 01:48:44,574 [pool-379-thread-1] INFO  server.RaftServerConfigKeys (ConfUtils.java:logGet(46)) - raft.server.log.segment.size.max = 1048576 (custom)
2022-07-30 01:48:44,575 [pool-379-thread-1] INFO  server.RaftServerConfigKeys (ConfUtils.java:logGet(46)) - raft.server.log.segment.cache.num.max = 2 (custom)
2022-07-30 01:48:44,575 [pool-379-thread-1] INFO  server.RaftServerConfigKeys (ConfUtils.java:logGet(46)) - raft.server.log.segment.cache.size.max = 200MB (=209715200) (default)
2022-07-30 01:48:44,575 [pool-379-thread-1] INFO  segmented.SegmentedRaftLogWorker (SegmentedRaftLogWorker.java:<init>(187)) - new a8954817-1d70-4f19-b814-29be41487240@group-92A57C94F017-SegmentedRaftLogWorker for RaftStorageImpl:Storage Directory /home/runner/work/ozone/ozone/hadoop-ozone/integration-test/target/test-dir/MiniOzoneClusterImpl-c8472f64-5143-4d61-85a0-9e96bab939e3/datanode-2/data/ratis/16f0266c-a4ab-40f2-a290-92a57c94f017
2022-07-30 01:48:44,575 [pool-379-thread-1] INFO  server.RaftServerConfigKeys (ConfUtils.java:logGet(46)) - raft.server.log.queue.byte-limit = 4294967296 (custom)
2022-07-30 01:48:44,575 [pool-379-thread-1] INFO  server.RaftServerConfigKeys (ConfUtils.java:logGet(46)) - raft.server.log.queue.element-limit = 1024 (custom)
2022-07-30 01:48:44,575 [pool-379-thread-1] INFO  server.RaftServerConfigKeys (ConfUtils.java:logGet(46)) - raft.server.log.segment.size.max = 1048576 (custom)
2022-07-30 01:48:44,575 [pool-379-thread-1] INFO  server.RaftServerConfigKeys (ConfUtils.java:logGet(46)) - raft.server.log.preallocated.size = 16384 (custom)
2022-07-30 01:48:44,575 [pool-379-thread-1] INFO  server.RaftServerConfigKeys (ConfUtils.java:logGet(46)) - raft.server.log.force.sync.num = 128 (default)
2022-07-30 01:48:44,575 [pool-379-thread-1] INFO  server.RaftServerConfigKeys (ConfUtils.java:logGet(46)) - raft.server.log.statemachine.data.sync = true (default)
2022-07-30 01:48:44,575 [pool-379-thread-1] INFO  server.RaftServerConfigKeys (ConfUtils.java:logGet(46)) - raft.server.log.statemachine.data.sync.timeout = 10s (default)
2022-07-30 01:48:44,575 [pool-379-thread-1] INFO  server.RaftServerConfigKeys (ConfUtils.java:logGet(46)) - raft.server.log.statemachine.data.sync.timeout.retry = -1 (default)
2022-07-30 01:48:44,577 [pool-379-thread-1] INFO  server.RaftServerConfigKeys (ConfUtils.java:logGet(46)) - raft.server.log.write.buffer.size = 1048576 (custom)
2022-07-30 01:48:44,577 [pool-379-thread-1] INFO  server.RaftServerConfigKeys (ConfUtils.java:logGet(46)) - raft.server.log.unsafe-flush.enabled = false (default)
2022-07-30 01:48:44,577 [pool-379-thread-1] INFO  server.RaftServerConfigKeys (ConfUtils.java:logGet(46)) - raft.server.log.statemachine.data.caching.enabled = true (custom)
2022-07-30 01:48:44,578 [pool-379-thread-1] INFO  segmented.SegmentedRaftLogWorker (SegmentedRaftLogWorker.java:lambda$new$0(135)) - a8954817-1d70-4f19-b814-29be41487240@group-92A57C94F017-SegmentedRaftLogWorker: flushIndex: setUnconditionally 0 -> -1
2022-07-30 01:48:44,578 [pool-379-thread-1] INFO  segmented.SegmentedRaftLogWorker (SegmentedRaftLogWorker.java:lambda$new$0(135)) - a8954817-1d70-4f19-b814-29be41487240@group-92A57C94F017-SegmentedRaftLogWorker: safeCacheEvictIndex: setUnconditionally 0 -> -1
2022-07-30 01:48:44,584 [pool-379-thread-1] INFO  server.RaftServerConfigKeys (ConfUtils.java:logGet(46)) - raft.server.snapshot.auto.trigger.enabled = true (custom)
2022-07-30 01:48:44,584 [pool-379-thread-1] INFO  server.RaftServerConfigKeys (ConfUtils.java:logGet(46)) - raft.server.snapshot.auto.trigger.threshold = 10000 (custom)
2022-07-30 01:48:44,584 [pool-379-thread-1] INFO  server.RaftServerConfigKeys (ConfUtils.java:logGet(46)) - raft.server.snapshot.retention.file.num = 5 (custom)
2022-07-30 01:48:44,584 [pool-379-thread-1] INFO  server.RaftServerConfigKeys (ConfUtils.java:logGet(46)) - raft.server.log.purge.upto.snapshot.index = false (default)
2022-07-30 01:48:44,584 [pool-379-thread-1] INFO  server.RaftServerConfigKeys (ConfUtils.java:logGet(46)) - raft.server.retrycache.expirytime = 600000ms (custom)
2022-07-30 01:48:44,584 [pool-379-thread-1] INFO  server.RaftServerConfigKeys (ConfUtils.java:logGet(46)) - raft.server.retrycache.statistics.expirytime = 100μs (default)
2022-07-30 01:48:44,588 [pool-379-thread-1] INFO  server.RaftServerConfigKeys (ConfUtils.java:logGet(46)) - raft.server.log.appender.install.snapshot.enabled = false (custom)
2022-07-30 01:48:44,588 [pool-379-thread-1] INFO  server.RaftServerConfigKeys (ConfUtils.java:logGet(46)) - raft.server.threadpool.server.cached = true (default)
2022-07-30 01:48:44,588 [pool-379-thread-1] INFO  server.RaftServerConfigKeys (ConfUtils.java:logGet(46)) - raft.server.threadpool.server.size = 0 (default)
2022-07-30 01:48:44,588 [pool-379-thread-1] INFO  server.RaftServerConfigKeys (ConfUtils.java:logGet(46)) - raft.server.threadpool.client.cached = true (default)
2022-07-30 01:48:44,589 [pool-379-thread-1] INFO  server.RaftServerConfigKeys (ConfUtils.java:logGet(46)) - raft.server.threadpool.client.size = 0 (default)
2022-07-30 01:48:44,589 [pool-379-thread-1] INFO  server.RaftServer$Division (RaftServerImpl.java:start(310)) - a8954817-1d70-4f19-b814-29be41487240@group-92A57C94F017: start as a follower, conf=-1: [7e99fd26-7598-4594-b7f2-81741e43f67c|rpc:10.1.0.37:40277|dataStream:|priority:1, a8954817-1d70-4f19-b814-29be41487240|rpc:10.1.0.37:46247|dataStream:|priority:0, ba3de65c-e6c9-495e-8613-4120736e14c0|rpc:10.1.0.37:34507|dataStream:|priority:0], old=null
2022-07-30 01:48:44,589 [pool-379-thread-1] INFO  server.RaftServer$Division (RaftServerImpl.java:setRole(299)) - a8954817-1d70-4f19-b814-29be41487240@group-92A57C94F017: changes role from      null to FOLLOWER at term 0 for startAsFollower
2022-07-30 01:48:44,589 [pool-379-thread-1] INFO  impl.RoleInfo (RoleInfo.java:updateAndGet(139)) - a8954817-1d70-4f19-b814-29be41487240: start a8954817-1d70-4f19-b814-29be41487240@group-92A57C94F017-FollowerState
2022-07-30 01:48:44,619 [pool-379-thread-1] INFO  util.JmxRegister (JmxRegister.java:tryRegister(44)) - Successfully registered JMX Bean with object name Ratis:service=RaftServer,group=group-92A57C94F017,id=a8954817-1d70-4f19-b814-29be41487240
2022-07-30 01:48:44,630 [Command processor thread] INFO  commandhandler.CreatePipelineCommandHandler (CreatePipelineCommandHandler.java:handle(113)) - Created Pipeline RATIS THREE PipelineID=16f0266c-a4ab-40f2-a290-92a57c94f017.
2022-07-30 01:48:44,836 [Command processor thread] INFO  server.RaftServer (RaftServerProxy.java:addNew(96)) - 7e99fd26-7598-4594-b7f2-81741e43f67c: addNew group-2626F122829B:[7e99fd26-7598-4594-b7f2-81741e43f67c|rpc:10.1.0.37:40277|priority:1] returns group-2626F122829B:java.util.concurrent.CompletableFuture@7f7ce224[Not completed]
2022-07-30 01:48:44,837 [pool-356-thread-1] INFO  server.RaftServer$Division (RaftServerImpl.java:<init>(190)) - 7e99fd26-7598-4594-b7f2-81741e43f67c: new RaftServerImpl for group-2626F122829B:[7e99fd26-7598-4594-b7f2-81741e43f67c|rpc:10.1.0.37:40277|priority:1] with ContainerStateMachine:uninitialized
2022-07-30 01:48:44,837 [pool-356-thread-1] INFO  server.RaftServerConfigKeys (ConfUtils.java:logGet(46)) - raft.server.rpc.timeout.min = 5s (custom)
2022-07-30 01:48:44,837 [pool-356-thread-1] INFO  server.RaftServerConfigKeys (ConfUtils.java:logGet(46)) - raft.server.rpc.timeout.max = 5200ms (custom)
2022-07-30 01:48:44,837 [pool-356-thread-1] INFO  server.RaftServerConfigKeys (ConfUtils.java:logGet(46)) - raft.server.rpc.sleep.time = 25ms (default)
2022-07-30 01:48:44,837 [pool-356-thread-1] INFO  server.RaftServerConfigKeys (ConfUtils.java:logGet(46)) - raft.server.rpc.slowness.timeout = 300s (custom)
2022-07-30 01:48:44,838 [pool-356-thread-1] INFO  server.RaftServerConfigKeys (ConfUtils.java:logGet(46)) - raft.server.leaderelection.leader.step-down.wait-time = 10s (default)
2022-07-30 01:48:44,838 [pool-356-thread-1] INFO  server.RaftServerConfigKeys (ConfUtils.java:logGet(46)) - raft.server.sleep.deviation.threshold = 300ms (default)
2022-07-30 01:48:44,838 [pool-356-thread-1] INFO  server.RaftServer$Division (ServerState.java:<init>(107)) - 7e99fd26-7598-4594-b7f2-81741e43f67c@group-2626F122829B: ConfigurationManager, init=-1: [7e99fd26-7598-4594-b7f2-81741e43f67c|rpc:10.1.0.37:40277|priority:1], old=null, confs=<EMPTY_MAP>
2022-07-30 01:48:44,838 [pool-356-thread-1] INFO  server.RaftServerConfigKeys (ConfUtils.java:logGet(46)) - raft.server.storage.dir = [/home/runner/work/ozone/ozone/hadoop-ozone/integration-test/target/test-dir/MiniOzoneClusterImpl-c8472f64-5143-4d61-85a0-9e96bab939e3/datanode-1/data/ratis] (custom)
2022-07-30 01:48:44,838 [pool-356-thread-1] INFO  server.RaftServerConfigKeys (ConfUtils.java:logGet(46)) - raft.server.log.corruption.policy = EXCEPTION (default)
2022-07-30 01:48:44,838 [pool-356-thread-1] INFO  server.RaftServerConfigKeys (ConfUtils.java:logGet(46)) - raft.server.storage.free-space.min = 0MB (=0) (default)
2022-07-30 01:48:44,838 [pool-356-thread-1] INFO  storage.RaftStorageDirectory (RaftStorageDirectoryImpl.java:analyzeStorage(135)) - The storage directory /home/runner/work/ozone/ozone/hadoop-ozone/integration-test/target/test-dir/MiniOzoneClusterImpl-c8472f64-5143-4d61-85a0-9e96bab939e3/datanode-1/data/ratis/82c93a42-215d-41b0-8a1c-2626f122829b does not exist. Creating ...
2022-07-30 01:48:44,844 [pool-356-thread-1] INFO  storage.RaftStorageDirectory (RaftStorageDirectoryImpl.java:tryLock(230)) - Lock on /home/runner/work/ozone/ozone/hadoop-ozone/integration-test/target/test-dir/MiniOzoneClusterImpl-c8472f64-5143-4d61-85a0-9e96bab939e3/datanode-1/data/ratis/82c93a42-215d-41b0-8a1c-2626f122829b/in_use.lock acquired by nodename 10860@fv-az297-62
2022-07-30 01:48:44,846 [pool-356-thread-1] INFO  storage.RaftStorage (RaftStorageImpl.java:format(89)) - Storage directory /home/runner/work/ozone/ozone/hadoop-ozone/integration-test/target/test-dir/MiniOzoneClusterImpl-c8472f64-5143-4d61-85a0-9e96bab939e3/datanode-1/data/ratis/82c93a42-215d-41b0-8a1c-2626f122829b has been successfully formatted.
2022-07-30 01:48:44,846 [pool-356-thread-1] INFO  ratis.ContainerStateMachine (ContainerStateMachine.java:loadSnapshot(236)) - group-2626F122829B: The snapshot info is null. Setting the last applied indexto:(t:0, i:~)
2022-07-30 01:48:44,847 [pool-356-thread-1] INFO  server.RaftServerConfigKeys (ConfUtils.java:logGet(46)) - raft.server.notification.no-leader.timeout = 300s (custom)
2022-07-30 01:48:44,847 [pool-356-thread-1] INFO  server.RaftServerConfigKeys (ConfUtils.java:logGet(46)) - raft.server.log.use.memory = false (default)
2022-07-30 01:48:44,847 [pool-356-thread-1] INFO  server.RaftServerConfigKeys (ConfUtils.java:logGet(46)) - raft.server.log.purge.gap = 1000000 (custom)
2022-07-30 01:48:44,847 [pool-356-thread-1] INFO  server.RaftServerConfigKeys (ConfUtils.java:logGet(46)) - raft.server.log.appender.buffer.byte-limit = 33554432 (custom)
2022-07-30 01:48:44,847 [pool-356-thread-1] INFO  server.RaftServerConfigKeys (ConfUtils.java:logGet(46)) - raft.server.log.statemachine.data.read.timeout = 1000ms (default)
2022-07-30 01:48:44,847 [EventQueue-PipelineReportForPipelineReportHandler] INFO  pipeline.PipelineManagerImpl (PipelineManagerImpl.java:openPipeline(367)) - Pipeline Pipeline[ Id: 82c93a42-215d-41b0-8a1c-2626f122829b, Nodes: 7e99fd26-7598-4594-b7f2-81741e43f67c{ip: 10.1.0.37, host: fv-az297-62.nmf1rxwemy4u5di1sxxf4ejcwb.jx.internal.cloudapp.net, ports: [REPLICATION=33769, RATIS=40277, RATIS_ADMIN=40277, RATIS_SERVER=40277, STANDALONE=41239], networkLocation: /default-rack, certSerialId: null, persistedOpState: IN_SERVICE, persistedOpStateExpiryEpochSec: 0}, ReplicationConfig: RATIS/ONE, State:ALLOCATED, leaderId:7e99fd26-7598-4594-b7f2-81741e43f67c, CreationTimestamp2022-07-30T01:48:41.841Z[Etc/UTC]] moved to OPEN state
2022-07-30 01:48:44,847 [pool-356-thread-1] INFO  server.RaftServerConfigKeys (ConfUtils.java:logGet(46)) - raft.server.log.segment.size.max = 1048576 (custom)
2022-07-30 01:48:44,848 [EventQueue-OpenPipelineForHealthyPipelineSafeModeRule] INFO  safemode.SCMSafeModeManager (HealthyPipelineSafeModeRule.java:process(137)) - SCM in safe mode. Healthy pipelines reported count is 0, required healthy pipeline reported count is 1
2022-07-30 01:48:44,860 [pool-356-thread-1] INFO  server.RaftServerConfigKeys (ConfUtils.java:logGet(46)) - raft.server.log.segment.cache.num.max = 2 (custom)
2022-07-30 01:48:44,860 [pool-356-thread-1] INFO  server.RaftServerConfigKeys (ConfUtils.java:logGet(46)) - raft.server.log.segment.cache.size.max = 200MB (=209715200) (default)
2022-07-30 01:48:44,860 [pool-356-thread-1] INFO  segmented.SegmentedRaftLogWorker (SegmentedRaftLogWorker.java:<init>(187)) - new 7e99fd26-7598-4594-b7f2-81741e43f67c@group-2626F122829B-SegmentedRaftLogWorker for RaftStorageImpl:Storage Directory /home/runner/work/ozone/ozone/hadoop-ozone/integration-test/target/test-dir/MiniOzoneClusterImpl-c8472f64-5143-4d61-85a0-9e96bab939e3/datanode-1/data/ratis/82c93a42-215d-41b0-8a1c-2626f122829b
2022-07-30 01:48:44,860 [pool-356-thread-1] INFO  server.RaftServerConfigKeys (ConfUtils.java:logGet(46)) - raft.server.log.queue.byte-limit = 4294967296 (custom)
2022-07-30 01:48:44,860 [pool-356-thread-1] INFO  server.RaftServerConfigKeys (ConfUtils.java:logGet(46)) - raft.server.log.queue.element-limit = 1024 (custom)
2022-07-30 01:48:44,860 [pool-356-thread-1] INFO  server.RaftServerConfigKeys (ConfUtils.java:logGet(46)) - raft.server.log.segment.size.max = 1048576 (custom)
2022-07-30 01:48:44,860 [pool-356-thread-1] INFO  server.RaftServerConfigKeys (ConfUtils.java:logGet(46)) - raft.server.log.preallocated.size = 16384 (custom)
2022-07-30 01:48:44,860 [pool-356-thread-1] INFO  server.RaftServerConfigKeys (ConfUtils.java:logGet(46)) - raft.server.log.force.sync.num = 128 (default)
2022-07-30 01:48:44,860 [pool-356-thread-1] INFO  server.RaftServerConfigKeys (ConfUtils.java:logGet(46)) - raft.server.log.statemachine.data.sync = true (default)
2022-07-30 01:48:44,860 [pool-356-thread-1] INFO  server.RaftServerConfigKeys (ConfUtils.java:logGet(46)) - raft.server.log.statemachine.data.sync.timeout = 10s (default)
2022-07-30 01:48:44,860 [pool-356-thread-1] INFO  server.RaftServerConfigKeys (ConfUtils.java:logGet(46)) - raft.server.log.statemachine.data.sync.timeout.retry = -1 (default)
2022-07-30 01:48:44,862 [pool-356-thread-1] INFO  server.RaftServerConfigKeys (ConfUtils.java:logGet(46)) - raft.server.log.write.buffer.size = 1048576 (custom)
2022-07-30 01:48:44,862 [pool-356-thread-1] INFO  server.RaftServerConfigKeys (ConfUtils.java:logGet(46)) - raft.server.log.unsafe-flush.enabled = false (default)
2022-07-30 01:48:44,862 [pool-356-thread-1] INFO  server.RaftServerConfigKeys (ConfUtils.java:logGet(46)) - raft.server.log.statemachine.data.caching.enabled = true (custom)
2022-07-30 01:48:44,863 [pool-356-thread-1] INFO  segmented.SegmentedRaftLogWorker (SegmentedRaftLogWorker.java:lambda$new$0(135)) - 7e99fd26-7598-4594-b7f2-81741e43f67c@group-2626F122829B-SegmentedRaftLogWorker: flushIndex: setUnconditionally 0 -> -1
2022-07-30 01:48:44,863 [pool-356-thread-1] INFO  segmented.SegmentedRaftLogWorker (SegmentedRaftLogWorker.java:lambda$new$0(135)) - 7e99fd26-7598-4594-b7f2-81741e43f67c@group-2626F122829B-SegmentedRaftLogWorker: safeCacheEvictIndex: setUnconditionally 0 -> -1
2022-07-30 01:48:44,863 [pool-356-thread-1] INFO  server.RaftServerConfigKeys (ConfUtils.java:logGet(46)) - raft.server.snapshot.auto.trigger.enabled = true (custom)
2022-07-30 01:48:44,863 [pool-356-thread-1] INFO  server.RaftServerConfigKeys (ConfUtils.java:logGet(46)) - raft.server.snapshot.auto.trigger.threshold = 10000 (custom)
2022-07-30 01:48:44,863 [pool-356-thread-1] INFO  server.RaftServerConfigKeys (ConfUtils.java:logGet(46)) - raft.server.snapshot.retention.file.num = 5 (custom)
2022-07-30 01:48:44,863 [pool-356-thread-1] INFO  server.RaftServerConfigKeys (ConfUtils.java:logGet(46)) - raft.server.log.purge.upto.snapshot.index = false (default)
2022-07-30 01:48:44,863 [pool-356-thread-1] INFO  server.RaftServerConfigKeys (ConfUtils.java:logGet(46)) - raft.server.retrycache.expirytime = 600000ms (custom)
2022-07-30 01:48:44,863 [pool-356-thread-1] INFO  server.RaftServerConfigKeys (ConfUtils.java:logGet(46)) - raft.server.retrycache.statistics.expirytime = 100μs (default)
2022-07-30 01:48:44,865 [pool-356-thread-1] INFO  server.RaftServerConfigKeys (ConfUtils.java:logGet(46)) - raft.server.log.appender.install.snapshot.enabled = false (custom)
2022-07-30 01:48:44,865 [pool-356-thread-1] INFO  server.RaftServerConfigKeys (ConfUtils.java:logGet(46)) - raft.server.threadpool.server.cached = true (default)
2022-07-30 01:48:44,865 [pool-356-thread-1] INFO  server.RaftServerConfigKeys (ConfUtils.java:logGet(46)) - raft.server.threadpool.server.size = 0 (default)
2022-07-30 01:48:44,865 [pool-356-thread-1] INFO  server.RaftServerConfigKeys (ConfUtils.java:logGet(46)) - raft.server.threadpool.client.cached = true (default)
2022-07-30 01:48:44,865 [pool-356-thread-1] INFO  server.RaftServerConfigKeys (ConfUtils.java:logGet(46)) - raft.server.threadpool.client.size = 0 (default)
2022-07-30 01:48:44,865 [pool-356-thread-1] INFO  server.RaftServer$Division (RaftServerImpl.java:start(310)) - 7e99fd26-7598-4594-b7f2-81741e43f67c@group-2626F122829B: start as a follower, conf=-1: [7e99fd26-7598-4594-b7f2-81741e43f67c|rpc:10.1.0.37:40277|priority:1], old=null
2022-07-30 01:48:44,865 [pool-356-thread-1] INFO  server.RaftServer$Division (RaftServerImpl.java:setRole(299)) - 7e99fd26-7598-4594-b7f2-81741e43f67c@group-2626F122829B: changes role from      null to FOLLOWER at term 0 for startAsFollower
2022-07-30 01:48:44,865 [pool-356-thread-1] INFO  impl.RoleInfo (RoleInfo.java:updateAndGet(139)) - 7e99fd26-7598-4594-b7f2-81741e43f67c: start 7e99fd26-7598-4594-b7f2-81741e43f67c@group-2626F122829B-FollowerState
2022-07-30 01:48:44,882 [pool-356-thread-1] INFO  util.JmxRegister (JmxRegister.java:tryRegister(44)) - Successfully registered JMX Bean with object name Ratis:service=RaftServer,group=group-2626F122829B,id=7e99fd26-7598-4594-b7f2-81741e43f67c
2022-07-30 01:48:44,895 [Command processor thread] INFO  ratis.XceiverServerRatis (XceiverServerRatis.java:addGroup(765)) - Created group PipelineID=82c93a42-215d-41b0-8a1c-2626f122829b
2022-07-30 01:48:44,895 [Command processor thread] INFO  commandhandler.CreatePipelineCommandHandler (CreatePipelineCommandHandler.java:handle(113)) - Created Pipeline RATIS ONE PipelineID=82c93a42-215d-41b0-8a1c-2626f122829b.
2022-07-30 01:48:45,407 [Listener at 127.0.0.1/43571] INFO  ozone.MiniOzoneClusterImpl (MiniOzoneClusterImpl.java:lambda$waitForClusterToBeReady$0(216)) - Nodes are ready. Got 5 of 5 DN Heartbeats.
2022-07-30 01:48:45,408 [Listener at 127.0.0.1/43571] INFO  ozone.MiniOzoneClusterImpl (MiniOzoneClusterImpl.java:lambda$waitForClusterToBeReady$0(219)) - Waiting for cluster to exit safe mode
2022-07-30 01:48:45,408 [Listener at 127.0.0.1/43571] INFO  ozone.MiniOzoneClusterImpl (MiniOzoneClusterImpl.java:lambda$waitForClusterToBeReady$0(221)) - SCM became leader
2022-07-30 01:48:45,695 [Command processor thread] INFO  server.RaftServer (RaftServerProxy.java:addNew(96)) - a8954817-1d70-4f19-b814-29be41487240: addNew group-D67549BCE49D:[a8954817-1d70-4f19-b814-29be41487240|rpc:10.1.0.37:46247|priority:1] returns group-D67549BCE49D:java.util.concurrent.CompletableFuture@71ba6e1b[Not completed]
2022-07-30 01:48:45,696 [pool-379-thread-1] INFO  server.RaftServer$Division (RaftServerImpl.java:<init>(190)) - a8954817-1d70-4f19-b814-29be41487240: new RaftServerImpl for group-D67549BCE49D:[a8954817-1d70-4f19-b814-29be41487240|rpc:10.1.0.37:46247|priority:1] with ContainerStateMachine:uninitialized
2022-07-30 01:48:45,697 [pool-379-thread-1] INFO  server.RaftServerConfigKeys (ConfUtils.java:logGet(46)) - raft.server.rpc.timeout.min = 5s (custom)
2022-07-30 01:48:45,697 [pool-379-thread-1] INFO  server.RaftServerConfigKeys (ConfUtils.java:logGet(46)) - raft.server.rpc.timeout.max = 5200ms (custom)
2022-07-30 01:48:45,697 [pool-379-thread-1] INFO  server.RaftServerConfigKeys (ConfUtils.java:logGet(46)) - raft.server.rpc.sleep.time = 25ms (default)
2022-07-30 01:48:45,697 [pool-379-thread-1] INFO  server.RaftServerConfigKeys (ConfUtils.java:logGet(46)) - raft.server.rpc.slowness.timeout = 300s (custom)
2022-07-30 01:48:45,697 [pool-379-thread-1] INFO  server.RaftServerConfigKeys (ConfUtils.java:logGet(46)) - raft.server.leaderelection.leader.step-down.wait-time = 10s (default)
2022-07-30 01:48:45,697 [pool-379-thread-1] INFO  server.RaftServerConfigKeys (ConfUtils.java:logGet(46)) - raft.server.sleep.deviation.threshold = 300ms (default)
2022-07-30 01:48:45,697 [pool-379-thread-1] INFO  server.RaftServer$Division (ServerState.java:<init>(107)) - a8954817-1d70-4f19-b814-29be41487240@group-D67549BCE49D: ConfigurationManager, init=-1: [a8954817-1d70-4f19-b814-29be41487240|rpc:10.1.0.37:46247|priority:1], old=null, confs=<EMPTY_MAP>
2022-07-30 01:48:45,697 [pool-379-thread-1] INFO  server.RaftServerConfigKeys (ConfUtils.java:logGet(46)) - raft.server.storage.dir = [/home/runner/work/ozone/ozone/hadoop-ozone/integration-test/target/test-dir/MiniOzoneClusterImpl-c8472f64-5143-4d61-85a0-9e96bab939e3/datanode-2/data/ratis] (custom)
2022-07-30 01:48:45,697 [pool-379-thread-1] INFO  server.RaftServerConfigKeys (ConfUtils.java:logGet(46)) - raft.server.log.corruption.policy = EXCEPTION (default)
2022-07-30 01:48:45,697 [pool-379-thread-1] INFO  server.RaftServerConfigKeys (ConfUtils.java:logGet(46)) - raft.server.storage.free-space.min = 0MB (=0) (default)
2022-07-30 01:48:45,697 [pool-379-thread-1] INFO  storage.RaftStorageDirectory (RaftStorageDirectoryImpl.java:analyzeStorage(135)) - The storage directory /home/runner/work/ozone/ozone/hadoop-ozone/integration-test/target/test-dir/MiniOzoneClusterImpl-c8472f64-5143-4d61-85a0-9e96bab939e3/datanode-2/data/ratis/8105e1b6-a03e-4921-b9a7-d67549bce49d does not exist. Creating ...
2022-07-30 01:48:45,711 [pool-379-thread-1] INFO  storage.RaftStorageDirectory (RaftStorageDirectoryImpl.java:tryLock(230)) - Lock on /home/runner/work/ozone/ozone/hadoop-ozone/integration-test/target/test-dir/MiniOzoneClusterImpl-c8472f64-5143-4d61-85a0-9e96bab939e3/datanode-2/data/ratis/8105e1b6-a03e-4921-b9a7-d67549bce49d/in_use.lock acquired by nodename 10860@fv-az297-62
2022-07-30 01:48:45,713 [pool-379-thread-1] INFO  storage.RaftStorage (RaftStorageImpl.java:format(89)) - Storage directory /home/runner/work/ozone/ozone/hadoop-ozone/integration-test/target/test-dir/MiniOzoneClusterImpl-c8472f64-5143-4d61-85a0-9e96bab939e3/datanode-2/data/ratis/8105e1b6-a03e-4921-b9a7-d67549bce49d has been successfully formatted.
2022-07-30 01:48:45,714 [pool-379-thread-1] INFO  ratis.ContainerStateMachine (ContainerStateMachine.java:loadSnapshot(236)) - group-D67549BCE49D: The snapshot info is null. Setting the last applied indexto:(t:0, i:~)
2022-07-30 01:48:45,714 [pool-379-thread-1] INFO  server.RaftServerConfigKeys (ConfUtils.java:logGet(46)) - raft.server.notification.no-leader.timeout = 300s (custom)
2022-07-30 01:48:45,714 [pool-379-thread-1] INFO  server.RaftServerConfigKeys (ConfUtils.java:logGet(46)) - raft.server.log.use.memory = false (default)
2022-07-30 01:48:45,714 [pool-379-thread-1] INFO  server.RaftServerConfigKeys (ConfUtils.java:logGet(46)) - raft.server.log.purge.gap = 1000000 (custom)
2022-07-30 01:48:45,714 [pool-379-thread-1] INFO  server.RaftServerConfigKeys (ConfUtils.java:logGet(46)) - raft.server.log.appender.buffer.byte-limit = 33554432 (custom)
2022-07-30 01:48:45,714 [pool-379-thread-1] INFO  server.RaftServerConfigKeys (ConfUtils.java:logGet(46)) - raft.server.log.statemachine.data.read.timeout = 1000ms (default)
2022-07-30 01:48:45,715 [pool-379-thread-1] INFO  server.RaftServerConfigKeys (ConfUtils.java:logGet(46)) - raft.server.log.segment.size.max = 1048576 (custom)
2022-07-30 01:48:45,715 [EventQueue-PipelineReportForPipelineReportHandler] INFO  pipeline.PipelineManagerImpl (PipelineManagerImpl.java:openPipeline(367)) - Pipeline Pipeline[ Id: 8105e1b6-a03e-4921-b9a7-d67549bce49d, Nodes: a8954817-1d70-4f19-b814-29be41487240{ip: 10.1.0.37, host: fv-az297-62.nmf1rxwemy4u5di1sxxf4ejcwb.jx.internal.cloudapp.net, ports: [REPLICATION=45691, RATIS=46247, RATIS_ADMIN=46247, RATIS_SERVER=46247, STANDALONE=44433], networkLocation: /default-rack, certSerialId: null, persistedOpState: IN_SERVICE, persistedOpStateExpiryEpochSec: 0}, ReplicationConfig: RATIS/ONE, State:ALLOCATED, leaderId:a8954817-1d70-4f19-b814-29be41487240, CreationTimestamp2022-07-30T01:48:42.698Z[Etc/UTC]] moved to OPEN state
2022-07-30 01:48:45,716 [EventQueue-OpenPipelineForHealthyPipelineSafeModeRule] INFO  safemode.SCMSafeModeManager (HealthyPipelineSafeModeRule.java:process(137)) - SCM in safe mode. Healthy pipelines reported count is 0, required healthy pipeline reported count is 1
2022-07-30 01:48:45,715 [pool-379-thread-1] INFO  server.RaftServerConfigKeys (ConfUtils.java:logGet(46)) - raft.server.log.segment.cache.num.max = 2 (custom)
2022-07-30 01:48:45,716 [pool-379-thread-1] INFO  server.RaftServerConfigKeys (ConfUtils.java:logGet(46)) - raft.server.log.segment.cache.size.max = 200MB (=209715200) (default)
2022-07-30 01:48:45,716 [pool-379-thread-1] INFO  segmented.SegmentedRaftLogWorker (SegmentedRaftLogWorker.java:<init>(187)) - new a8954817-1d70-4f19-b814-29be41487240@group-D67549BCE49D-SegmentedRaftLogWorker for RaftStorageImpl:Storage Directory /home/runner/work/ozone/ozone/hadoop-ozone/integration-test/target/test-dir/MiniOzoneClusterImpl-c8472f64-5143-4d61-85a0-9e96bab939e3/datanode-2/data/ratis/8105e1b6-a03e-4921-b9a7-d67549bce49d
2022-07-30 01:48:45,716 [pool-379-thread-1] INFO  server.RaftServerConfigKeys (ConfUtils.java:logGet(46)) - raft.server.log.queue.byte-limit = 4294967296 (custom)
2022-07-30 01:48:45,716 [pool-379-thread-1] INFO  server.RaftServerConfigKeys (ConfUtils.java:logGet(46)) - raft.server.log.queue.element-limit = 1024 (custom)
2022-07-30 01:48:45,716 [pool-379-thread-1] INFO  server.RaftServerConfigKeys (ConfUtils.java:logGet(46)) - raft.server.log.segment.size.max = 1048576 (custom)
2022-07-30 01:48:45,716 [pool-379-thread-1] INFO  server.RaftServerConfigKeys (ConfUtils.java:logGet(46)) - raft.server.log.preallocated.size = 16384 (custom)
2022-07-30 01:48:45,716 [pool-379-thread-1] INFO  server.RaftServerConfigKeys (ConfUtils.java:logGet(46)) - raft.server.log.force.sync.num = 128 (default)
2022-07-30 01:48:45,716 [pool-379-thread-1] INFO  server.RaftServerConfigKeys (ConfUtils.java:logGet(46)) - raft.server.log.statemachine.data.sync = true (default)
2022-07-30 01:48:45,716 [pool-379-thread-1] INFO  server.RaftServerConfigKeys (ConfUtils.java:logGet(46)) - raft.server.log.statemachine.data.sync.timeout = 10s (default)
2022-07-30 01:48:45,716 [pool-379-thread-1] INFO  server.RaftServerConfigKeys (ConfUtils.java:logGet(46)) - raft.server.log.statemachine.data.sync.timeout.retry = -1 (default)
2022-07-30 01:48:45,720 [pool-379-thread-1] INFO  server.RaftServerConfigKeys (ConfUtils.java:logGet(46)) - raft.server.log.write.buffer.size = 1048576 (custom)
2022-07-30 01:48:45,720 [pool-379-thread-1] INFO  server.RaftServerConfigKeys (ConfUtils.java:logGet(46)) - raft.server.log.unsafe-flush.enabled = false (default)
2022-07-30 01:48:45,723 [pool-379-thread-1] INFO  server.RaftServerConfigKeys (ConfUtils.java:logGet(46)) - raft.server.log.statemachine.data.caching.enabled = true (custom)
2022-07-30 01:48:45,723 [pool-379-thread-1] INFO  segmented.SegmentedRaftLogWorker (SegmentedRaftLogWorker.java:lambda$new$0(135)) - a8954817-1d70-4f19-b814-29be41487240@group-D67549BCE49D-SegmentedRaftLogWorker: flushIndex: setUnconditionally 0 -> -1
2022-07-30 01:48:45,723 [pool-379-thread-1] INFO  segmented.SegmentedRaftLogWorker (SegmentedRaftLogWorker.java:lambda$new$0(135)) - a8954817-1d70-4f19-b814-29be41487240@group-D67549BCE49D-SegmentedRaftLogWorker: safeCacheEvictIndex: setUnconditionally 0 -> -1
2022-07-30 01:48:45,728 [pool-379-thread-1] INFO  server.RaftServerConfigKeys (ConfUtils.java:logGet(46)) - raft.server.snapshot.auto.trigger.enabled = true (custom)
2022-07-30 01:48:45,729 [pool-379-thread-1] INFO  server.RaftServerConfigKeys (ConfUtils.java:logGet(46)) - raft.server.snapshot.auto.trigger.threshold = 10000 (custom)
2022-07-30 01:48:45,729 [pool-379-thread-1] INFO  server.RaftServerConfigKeys (ConfUtils.java:logGet(46)) - raft.server.snapshot.retention.file.num = 5 (custom)
2022-07-30 01:48:45,729 [pool-379-thread-1] INFO  server.RaftServerConfigKeys (ConfUtils.java:logGet(46)) - raft.server.log.purge.upto.snapshot.index = false (default)
2022-07-30 01:48:45,729 [pool-379-thread-1] INFO  server.RaftServerConfigKeys (ConfUtils.java:logGet(46)) - raft.server.retrycache.expirytime = 600000ms (custom)
2022-07-30 01:48:45,729 [pool-379-thread-1] INFO  server.RaftServerConfigKeys (ConfUtils.java:logGet(46)) - raft.server.retrycache.statistics.expirytime = 100μs (default)
2022-07-30 01:48:45,730 [pool-379-thread-1] INFO  server.RaftServerConfigKeys (ConfUtils.java:logGet(46)) - raft.server.log.appender.install.snapshot.enabled = false (custom)
2022-07-30 01:48:45,730 [pool-379-thread-1] INFO  server.RaftServerConfigKeys (ConfUtils.java:logGet(46)) - raft.server.threadpool.server.cached = true (default)
2022-07-30 01:48:45,730 [pool-379-thread-1] INFO  server.RaftServerConfigKeys (ConfUtils.java:logGet(46)) - raft.server.threadpool.server.size = 0 (default)
2022-07-30 01:48:45,730 [pool-379-thread-1] INFO  server.RaftServerConfigKeys (ConfUtils.java:logGet(46)) - raft.server.threadpool.client.cached = true (default)
2022-07-30 01:48:45,730 [pool-379-thread-1] INFO  server.RaftServerConfigKeys (ConfUtils.java:logGet(46)) - raft.server.threadpool.client.size = 0 (default)
2022-07-30 01:48:45,730 [pool-379-thread-1] INFO  server.RaftServer$Division (RaftServerImpl.java:start(310)) - a8954817-1d70-4f19-b814-29be41487240@group-D67549BCE49D: start as a follower, conf=-1: [a8954817-1d70-4f19-b814-29be41487240|rpc:10.1.0.37:46247|priority:1], old=null
2022-07-30 01:48:45,730 [pool-379-thread-1] INFO  server.RaftServer$Division (RaftServerImpl.java:setRole(299)) - a8954817-1d70-4f19-b814-29be41487240@group-D67549BCE49D: changes role from      null to FOLLOWER at term 0 for startAsFollower
2022-07-30 01:48:45,731 [pool-379-thread-1] INFO  impl.RoleInfo (RoleInfo.java:updateAndGet(139)) - a8954817-1d70-4f19-b814-29be41487240: start a8954817-1d70-4f19-b814-29be41487240@group-D67549BCE49D-FollowerState
2022-07-30 01:48:45,732 [pool-379-thread-1] INFO  util.JmxRegister (JmxRegister.java:tryRegister(44)) - Successfully registered JMX Bean with object name Ratis:service=RaftServer,group=group-D67549BCE49D,id=a8954817-1d70-4f19-b814-29be41487240
2022-07-30 01:48:45,736 [Command processor thread] INFO  ratis.XceiverServerRatis (XceiverServerRatis.java:addGroup(765)) - Created group PipelineID=8105e1b6-a03e-4921-b9a7-d67549bce49d
2022-07-30 01:48:45,736 [Command processor thread] INFO  commandhandler.CreatePipelineCommandHandler (CreatePipelineCommandHandler.java:handle(113)) - Created Pipeline RATIS ONE PipelineID=8105e1b6-a03e-4921-b9a7-d67549bce49d.
2022-07-30 01:48:46,408 [Listener at 127.0.0.1/43571] INFO  ozone.MiniOzoneClusterImpl (MiniOzoneClusterImpl.java:lambda$waitForClusterToBeReady$0(216)) - Nodes are ready. Got 5 of 5 DN Heartbeats.
2022-07-30 01:48:46,408 [Listener at 127.0.0.1/43571] INFO  ozone.MiniOzoneClusterImpl (MiniOzoneClusterImpl.java:lambda$waitForClusterToBeReady$0(219)) - Waiting for cluster to exit safe mode
2022-07-30 01:48:46,409 [Listener at 127.0.0.1/43571] INFO  ozone.MiniOzoneClusterImpl (MiniOzoneClusterImpl.java:lambda$waitForClusterToBeReady$0(221)) - SCM became leader
2022-07-30 01:48:46,586 [Command processor thread] INFO  server.RaftServer (RaftServerProxy.java:addNew(96)) - 584f7c35-64f1-4103-804c-22c4f8184f79: addNew group-5859F036E09C:[584f7c35-64f1-4103-804c-22c4f8184f79|rpc:10.1.0.37:33221|priority:1] returns group-5859F036E09C:java.util.concurrent.CompletableFuture@73dba36f[Not completed]
2022-07-30 01:48:46,600 [pool-402-thread-1] INFO  server.RaftServer$Division (RaftServerImpl.java:<init>(190)) - 584f7c35-64f1-4103-804c-22c4f8184f79: new RaftServerImpl for group-5859F036E09C:[584f7c35-64f1-4103-804c-22c4f8184f79|rpc:10.1.0.37:33221|priority:1] with ContainerStateMachine:uninitialized
2022-07-30 01:48:46,601 [pool-402-thread-1] INFO  server.RaftServerConfigKeys (ConfUtils.java:logGet(46)) - raft.server.rpc.timeout.min = 5s (custom)
2022-07-30 01:48:46,601 [pool-402-thread-1] INFO  server.RaftServerConfigKeys (ConfUtils.java:logGet(46)) - raft.server.rpc.timeout.max = 5200ms (custom)
2022-07-30 01:48:46,601 [pool-402-thread-1] INFO  server.RaftServerConfigKeys (ConfUtils.java:logGet(46)) - raft.server.rpc.sleep.time = 25ms (default)
2022-07-30 01:48:46,601 [pool-402-thread-1] INFO  server.RaftServerConfigKeys (ConfUtils.java:logGet(46)) - raft.server.rpc.slowness.timeout = 300s (custom)
2022-07-30 01:48:46,601 [pool-402-thread-1] INFO  server.RaftServerConfigKeys (ConfUtils.java:logGet(46)) - raft.server.leaderelection.leader.step-down.wait-time = 10s (default)
2022-07-30 01:48:46,601 [pool-402-thread-1] INFO  server.RaftServerConfigKeys (ConfUtils.java:logGet(46)) - raft.server.sleep.deviation.threshold = 300ms (default)
2022-07-30 01:48:46,601 [pool-402-thread-1] INFO  server.RaftServer$Division (ServerState.java:<init>(107)) - 584f7c35-64f1-4103-804c-22c4f8184f79@group-5859F036E09C: ConfigurationManager, init=-1: [584f7c35-64f1-4103-804c-22c4f8184f79|rpc:10.1.0.37:33221|priority:1], old=null, confs=<EMPTY_MAP>
2022-07-30 01:48:46,601 [pool-402-thread-1] INFO  server.RaftServerConfigKeys (ConfUtils.java:logGet(46)) - raft.server.storage.dir = [/home/runner/work/ozone/ozone/hadoop-ozone/integration-test/target/test-dir/MiniOzoneClusterImpl-c8472f64-5143-4d61-85a0-9e96bab939e3/datanode-3/data/ratis] (custom)
2022-07-30 01:48:46,601 [pool-402-thread-1] INFO  server.RaftServerConfigKeys (ConfUtils.java:logGet(46)) - raft.server.log.corruption.policy = EXCEPTION (default)
2022-07-30 01:48:46,601 [pool-402-thread-1] INFO  server.RaftServerConfigKeys (ConfUtils.java:logGet(46)) - raft.server.storage.free-space.min = 0MB (=0) (default)
2022-07-30 01:48:46,601 [pool-402-thread-1] INFO  storage.RaftStorageDirectory (RaftStorageDirectoryImpl.java:analyzeStorage(135)) - The storage directory /home/runner/work/ozone/ozone/hadoop-ozone/integration-test/target/test-dir/MiniOzoneClusterImpl-c8472f64-5143-4d61-85a0-9e96bab939e3/datanode-3/data/ratis/c45bf84c-02c6-4d52-902d-5859f036e09c does not exist. Creating ...
2022-07-30 01:48:46,604 [pool-402-thread-1] INFO  storage.RaftStorageDirectory (RaftStorageDirectoryImpl.java:tryLock(230)) - Lock on /home/runner/work/ozone/ozone/hadoop-ozone/integration-test/target/test-dir/MiniOzoneClusterImpl-c8472f64-5143-4d61-85a0-9e96bab939e3/datanode-3/data/ratis/c45bf84c-02c6-4d52-902d-5859f036e09c/in_use.lock acquired by nodename 10860@fv-az297-62
2022-07-30 01:48:46,612 [pool-402-thread-1] INFO  storage.RaftStorage (RaftStorageImpl.java:format(89)) - Storage directory /home/runner/work/ozone/ozone/hadoop-ozone/integration-test/target/test-dir/MiniOzoneClusterImpl-c8472f64-5143-4d61-85a0-9e96bab939e3/datanode-3/data/ratis/c45bf84c-02c6-4d52-902d-5859f036e09c has been successfully formatted.
2022-07-30 01:48:46,624 [pool-402-thread-1] INFO  ratis.ContainerStateMachine (ContainerStateMachine.java:loadSnapshot(236)) - group-5859F036E09C: The snapshot info is null. Setting the last applied indexto:(t:0, i:~)
2022-07-30 01:48:46,625 [EventQueue-PipelineReportForPipelineReportHandler] INFO  pipeline.PipelineManagerImpl (PipelineManagerImpl.java:openPipeline(367)) - Pipeline Pipeline[ Id: c45bf84c-02c6-4d52-902d-5859f036e09c, Nodes: 584f7c35-64f1-4103-804c-22c4f8184f79{ip: 10.1.0.37, host: fv-az297-62.nmf1rxwemy4u5di1sxxf4ejcwb.jx.internal.cloudapp.net, ports: [REPLICATION=41957, RATIS=33221, RATIS_ADMIN=33221, RATIS_SERVER=33221, STANDALONE=41055], networkLocation: /default-rack, certSerialId: null, persistedOpState: IN_SERVICE, persistedOpStateExpiryEpochSec: 0}, ReplicationConfig: RATIS/ONE, State:ALLOCATED, leaderId:584f7c35-64f1-4103-804c-22c4f8184f79, CreationTimestamp2022-07-30T01:48:43.586Z[Etc/UTC]] moved to OPEN state
2022-07-30 01:48:46,625 [pool-402-thread-1] INFO  server.RaftServerConfigKeys (ConfUtils.java:logGet(46)) - raft.server.notification.no-leader.timeout = 300s (custom)
2022-07-30 01:48:46,625 [pool-402-thread-1] INFO  server.RaftServerConfigKeys (ConfUtils.java:logGet(46)) - raft.server.log.use.memory = false (default)
2022-07-30 01:48:46,625 [pool-402-thread-1] INFO  server.RaftServerConfigKeys (ConfUtils.java:logGet(46)) - raft.server.log.purge.gap = 1000000 (custom)
2022-07-30 01:48:46,625 [pool-402-thread-1] INFO  server.RaftServerConfigKeys (ConfUtils.java:logGet(46)) - raft.server.log.appender.buffer.byte-limit = 33554432 (custom)
2022-07-30 01:48:46,625 [pool-402-thread-1] INFO  server.RaftServerConfigKeys (ConfUtils.java:logGet(46)) - raft.server.log.statemachine.data.read.timeout = 1000ms (default)
2022-07-30 01:48:46,626 [pool-402-thread-1] INFO  server.RaftServerConfigKeys (ConfUtils.java:logGet(46)) - raft.server.log.segment.size.max = 1048576 (custom)
2022-07-30 01:48:46,626 [pool-402-thread-1] INFO  server.RaftServerConfigKeys (ConfUtils.java:logGet(46)) - raft.server.log.segment.cache.num.max = 2 (custom)
2022-07-30 01:48:46,626 [pool-402-thread-1] INFO  server.RaftServerConfigKeys (ConfUtils.java:logGet(46)) - raft.server.log.segment.cache.size.max = 200MB (=209715200) (default)
2022-07-30 01:48:46,626 [pool-402-thread-1] INFO  segmented.SegmentedRaftLogWorker (SegmentedRaftLogWorker.java:<init>(187)) - new 584f7c35-64f1-4103-804c-22c4f8184f79@group-5859F036E09C-SegmentedRaftLogWorker for RaftStorageImpl:Storage Directory /home/runner/work/ozone/ozone/hadoop-ozone/integration-test/target/test-dir/MiniOzoneClusterImpl-c8472f64-5143-4d61-85a0-9e96bab939e3/datanode-3/data/ratis/c45bf84c-02c6-4d52-902d-5859f036e09c
2022-07-30 01:48:46,626 [pool-402-thread-1] INFO  server.RaftServerConfigKeys (ConfUtils.java:logGet(46)) - raft.server.log.queue.byte-limit = 4294967296 (custom)
2022-07-30 01:48:46,626 [pool-402-thread-1] INFO  server.RaftServerConfigKeys (ConfUtils.java:logGet(46)) - raft.server.log.queue.element-limit = 1024 (custom)
2022-07-30 01:48:46,626 [pool-402-thread-1] INFO  server.RaftServerConfigKeys (ConfUtils.java:logGet(46)) - raft.server.log.segment.size.max = 1048576 (custom)
2022-07-30 01:48:46,626 [pool-402-thread-1] INFO  server.RaftServerConfigKeys (ConfUtils.java:logGet(46)) - raft.server.log.preallocated.size = 16384 (custom)
2022-07-30 01:48:46,626 [pool-402-thread-1] INFO  server.RaftServerConfigKeys (ConfUtils.java:logGet(46)) - raft.server.log.force.sync.num = 128 (default)
2022-07-30 01:48:46,627 [pool-402-thread-1] INFO  server.RaftServerConfigKeys (ConfUtils.java:logGet(46)) - raft.server.log.statemachine.data.sync = true (default)
2022-07-30 01:48:46,627 [pool-402-thread-1] INFO  server.RaftServerConfigKeys (ConfUtils.java:logGet(46)) - raft.server.log.statemachine.data.sync.timeout = 10s (default)
2022-07-30 01:48:46,627 [pool-402-thread-1] INFO  server.RaftServerConfigKeys (ConfUtils.java:logGet(46)) - raft.server.log.statemachine.data.sync.timeout.retry = -1 (default)
2022-07-30 01:48:46,625 [EventQueue-OpenPipelineForHealthyPipelineSafeModeRule] INFO  safemode.SCMSafeModeManager (HealthyPipelineSafeModeRule.java:process(137)) - SCM in safe mode. Healthy pipelines reported count is 0, required healthy pipeline reported count is 1
2022-07-30 01:48:46,635 [pool-402-thread-1] INFO  server.RaftServerConfigKeys (ConfUtils.java:logGet(46)) - raft.server.log.write.buffer.size = 1048576 (custom)
2022-07-30 01:48:46,635 [pool-402-thread-1] INFO  server.RaftServerConfigKeys (ConfUtils.java:logGet(46)) - raft.server.log.unsafe-flush.enabled = false (default)
2022-07-30 01:48:46,635 [pool-402-thread-1] INFO  server.RaftServerConfigKeys (ConfUtils.java:logGet(46)) - raft.server.log.statemachine.data.caching.enabled = true (custom)
2022-07-30 01:48:46,635 [pool-402-thread-1] INFO  segmented.SegmentedRaftLogWorker (SegmentedRaftLogWorker.java:lambda$new$0(135)) - 584f7c35-64f1-4103-804c-22c4f8184f79@group-5859F036E09C-SegmentedRaftLogWorker: flushIndex: setUnconditionally 0 -> -1
2022-07-30 01:48:46,635 [pool-402-thread-1] INFO  segmented.SegmentedRaftLogWorker (SegmentedRaftLogWorker.java:lambda$new$0(135)) - 584f7c35-64f1-4103-804c-22c4f8184f79@group-5859F036E09C-SegmentedRaftLogWorker: safeCacheEvictIndex: setUnconditionally 0 -> -1
2022-07-30 01:48:46,639 [pool-402-thread-1] INFO  server.RaftServerConfigKeys (ConfUtils.java:logGet(46)) - raft.server.snapshot.auto.trigger.enabled = true (custom)
2022-07-30 01:48:46,640 [pool-402-thread-1] INFO  server.RaftServerConfigKeys (ConfUtils.java:logGet(46)) - raft.server.snapshot.auto.trigger.threshold = 10000 (custom)
2022-07-30 01:48:46,640 [pool-402-thread-1] INFO  server.RaftServerConfigKeys (ConfUtils.java:logGet(46)) - raft.server.snapshot.retention.file.num = 5 (custom)
2022-07-30 01:48:46,640 [pool-402-thread-1] INFO  server.RaftServerConfigKeys (ConfUtils.java:logGet(46)) - raft.server.log.purge.upto.snapshot.index = false (default)
2022-07-30 01:48:46,640 [pool-402-thread-1] INFO  server.RaftServerConfigKeys (ConfUtils.java:logGet(46)) - raft.server.retrycache.expirytime = 600000ms (custom)
2022-07-30 01:48:46,640 [pool-402-thread-1] INFO  server.RaftServerConfigKeys (ConfUtils.java:logGet(46)) - raft.server.retrycache.statistics.expirytime = 100μs (default)
2022-07-30 01:48:46,641 [pool-402-thread-1] INFO  server.RaftServerConfigKeys (ConfUtils.java:logGet(46)) - raft.server.log.appender.install.snapshot.enabled = false (custom)
2022-07-30 01:48:46,641 [pool-402-thread-1] INFO  server.RaftServerConfigKeys (ConfUtils.java:logGet(46)) - raft.server.threadpool.server.cached = true (default)
2022-07-30 01:48:46,641 [pool-402-thread-1] INFO  server.RaftServerConfigKeys (ConfUtils.java:logGet(46)) - raft.server.threadpool.server.size = 0 (default)
2022-07-30 01:48:46,641 [pool-402-thread-1] INFO  server.RaftServerConfigKeys (ConfUtils.java:logGet(46)) - raft.server.threadpool.client.cached = true (default)
2022-07-30 01:48:46,641 [pool-402-thread-1] INFO  server.RaftServerConfigKeys (ConfUtils.java:logGet(46)) - raft.server.threadpool.client.size = 0 (default)
2022-07-30 01:48:46,641 [pool-402-thread-1] INFO  server.RaftServer$Division (RaftServerImpl.java:start(310)) - 584f7c35-64f1-4103-804c-22c4f8184f79@group-5859F036E09C: start as a follower, conf=-1: [584f7c35-64f1-4103-804c-22c4f8184f79|rpc:10.1.0.37:33221|priority:1], old=null
2022-07-30 01:48:46,641 [pool-402-thread-1] INFO  server.RaftServer$Division (RaftServerImpl.java:setRole(299)) - 584f7c35-64f1-4103-804c-22c4f8184f79@group-5859F036E09C: changes role from      null to FOLLOWER at term 0 for startAsFollower
2022-07-30 01:48:46,641 [pool-402-thread-1] INFO  impl.RoleInfo (RoleInfo.java:updateAndGet(139)) - 584f7c35-64f1-4103-804c-22c4f8184f79: start 584f7c35-64f1-4103-804c-22c4f8184f79@group-5859F036E09C-FollowerState
2022-07-30 01:48:46,642 [pool-402-thread-1] INFO  util.JmxRegister (JmxRegister.java:tryRegister(44)) - Successfully registered JMX Bean with object name Ratis:service=RaftServer,group=group-5859F036E09C,id=584f7c35-64f1-4103-804c-22c4f8184f79
2022-07-30 01:48:46,642 [Command processor thread] INFO  ratis.XceiverServerRatis (XceiverServerRatis.java:addGroup(765)) - Created group PipelineID=c45bf84c-02c6-4d52-902d-5859f036e09c
2022-07-30 01:48:46,642 [Command processor thread] INFO  commandhandler.CreatePipelineCommandHandler (CreatePipelineCommandHandler.java:handle(113)) - Created Pipeline RATIS ONE PipelineID=c45bf84c-02c6-4d52-902d-5859f036e09c.
2022-07-30 01:48:47,409 [Listener at 127.0.0.1/43571] INFO  ozone.MiniOzoneClusterImpl (MiniOzoneClusterImpl.java:lambda$waitForClusterToBeReady$0(216)) - Nodes are ready. Got 5 of 5 DN Heartbeats.
2022-07-30 01:48:47,410 [Listener at 127.0.0.1/43571] INFO  ozone.MiniOzoneClusterImpl (MiniOzoneClusterImpl.java:lambda$waitForClusterToBeReady$0(219)) - Waiting for cluster to exit safe mode
2022-07-30 01:48:47,410 [Listener at 127.0.0.1/43571] INFO  ozone.MiniOzoneClusterImpl (MiniOzoneClusterImpl.java:lambda$waitForClusterToBeReady$0(221)) - SCM became leader
2022-07-30 01:48:47,474 [Command processor thread] INFO  server.RaftServer (RaftServerProxy.java:addNew(96)) - 0afd43b6-07b3-44a6-8ea4-53b5cafc6713: addNew group-8785E2BFC9B7:[0afd43b6-07b3-44a6-8ea4-53b5cafc6713|rpc:10.1.0.37:37931|priority:1] returns group-8785E2BFC9B7:java.util.concurrent.CompletableFuture@5e3874e8[Not completed]
2022-07-30 01:48:47,477 [pool-429-thread-1] INFO  server.RaftServer$Division (RaftServerImpl.java:<init>(190)) - 0afd43b6-07b3-44a6-8ea4-53b5cafc6713: new RaftServerImpl for group-8785E2BFC9B7:[0afd43b6-07b3-44a6-8ea4-53b5cafc6713|rpc:10.1.0.37:37931|priority:1] with ContainerStateMachine:uninitialized
2022-07-30 01:48:47,477 [pool-429-thread-1] INFO  server.RaftServerConfigKeys (ConfUtils.java:logGet(46)) - raft.server.rpc.timeout.min = 5s (custom)
2022-07-30 01:48:47,477 [pool-429-thread-1] INFO  server.RaftServerConfigKeys (ConfUtils.java:logGet(46)) - raft.server.rpc.timeout.max = 5200ms (custom)
2022-07-30 01:48:47,477 [pool-429-thread-1] INFO  server.RaftServerConfigKeys (ConfUtils.java:logGet(46)) - raft.server.rpc.sleep.time = 25ms (default)
2022-07-30 01:48:47,477 [pool-429-thread-1] INFO  server.RaftServerConfigKeys (ConfUtils.java:logGet(46)) - raft.server.rpc.slowness.timeout = 300s (custom)
2022-07-30 01:48:47,477 [pool-429-thread-1] INFO  server.RaftServerConfigKeys (ConfUtils.java:logGet(46)) - raft.server.leaderelection.leader.step-down.wait-time = 10s (default)
2022-07-30 01:48:47,477 [pool-429-thread-1] INFO  server.RaftServerConfigKeys (ConfUtils.java:logGet(46)) - raft.server.sleep.deviation.threshold = 300ms (default)
2022-07-30 01:48:47,477 [pool-429-thread-1] INFO  server.RaftServer$Division (ServerState.java:<init>(107)) - 0afd43b6-07b3-44a6-8ea4-53b5cafc6713@group-8785E2BFC9B7: ConfigurationManager, init=-1: [0afd43b6-07b3-44a6-8ea4-53b5cafc6713|rpc:10.1.0.37:37931|priority:1], old=null, confs=<EMPTY_MAP>
2022-07-30 01:48:47,477 [pool-429-thread-1] INFO  server.RaftServerConfigKeys (ConfUtils.java:logGet(46)) - raft.server.storage.dir = [/home/runner/work/ozone/ozone/hadoop-ozone/integration-test/target/test-dir/MiniOzoneClusterImpl-c8472f64-5143-4d61-85a0-9e96bab939e3/datanode-4/data/ratis] (custom)
2022-07-30 01:48:47,478 [pool-429-thread-1] INFO  server.RaftServerConfigKeys (ConfUtils.java:logGet(46)) - raft.server.log.corruption.policy = EXCEPTION (default)
2022-07-30 01:48:47,478 [pool-429-thread-1] INFO  server.RaftServerConfigKeys (ConfUtils.java:logGet(46)) - raft.server.storage.free-space.min = 0MB (=0) (default)
2022-07-30 01:48:47,478 [pool-429-thread-1] INFO  storage.RaftStorageDirectory (RaftStorageDirectoryImpl.java:analyzeStorage(135)) - The storage directory /home/runner/work/ozone/ozone/hadoop-ozone/integration-test/target/test-dir/MiniOzoneClusterImpl-c8472f64-5143-4d61-85a0-9e96bab939e3/datanode-4/data/ratis/c71b2388-eb55-43e8-be7e-8785e2bfc9b7 does not exist. Creating ...
2022-07-30 01:48:47,481 [pool-429-thread-1] INFO  storage.RaftStorageDirectory (RaftStorageDirectoryImpl.java:tryLock(230)) - Lock on /home/runner/work/ozone/ozone/hadoop-ozone/integration-test/target/test-dir/MiniOzoneClusterImpl-c8472f64-5143-4d61-85a0-9e96bab939e3/datanode-4/data/ratis/c71b2388-eb55-43e8-be7e-8785e2bfc9b7/in_use.lock acquired by nodename 10860@fv-az297-62
2022-07-30 01:48:47,495 [pool-429-thread-1] INFO  storage.RaftStorage (RaftStorageImpl.java:format(89)) - Storage directory /home/runner/work/ozone/ozone/hadoop-ozone/integration-test/target/test-dir/MiniOzoneClusterImpl-c8472f64-5143-4d61-85a0-9e96bab939e3/datanode-4/data/ratis/c71b2388-eb55-43e8-be7e-8785e2bfc9b7 has been successfully formatted.
2022-07-30 01:48:47,505 [pool-429-thread-1] INFO  ratis.ContainerStateMachine (ContainerStateMachine.java:loadSnapshot(236)) - group-8785E2BFC9B7: The snapshot info is null. Setting the last applied indexto:(t:0, i:~)
2022-07-30 01:48:47,506 [pool-429-thread-1] INFO  server.RaftServerConfigKeys (ConfUtils.java:logGet(46)) - raft.server.notification.no-leader.timeout = 300s (custom)
2022-07-30 01:48:47,506 [pool-429-thread-1] INFO  server.RaftServerConfigKeys (ConfUtils.java:logGet(46)) - raft.server.log.use.memory = false (default)
2022-07-30 01:48:47,506 [pool-429-thread-1] INFO  server.RaftServerConfigKeys (ConfUtils.java:logGet(46)) - raft.server.log.purge.gap = 1000000 (custom)
2022-07-30 01:48:47,506 [pool-429-thread-1] INFO  server.RaftServerConfigKeys (ConfUtils.java:logGet(46)) - raft.server.log.appender.buffer.byte-limit = 33554432 (custom)
2022-07-30 01:48:47,506 [pool-429-thread-1] INFO  server.RaftServerConfigKeys (ConfUtils.java:logGet(46)) - raft.server.log.statemachine.data.read.timeout = 1000ms (default)
2022-07-30 01:48:47,506 [EventQueue-PipelineReportForPipelineReportHandler] INFO  pipeline.PipelineManagerImpl (PipelineManagerImpl.java:openPipeline(367)) - Pipeline Pipeline[ Id: c71b2388-eb55-43e8-be7e-8785e2bfc9b7, Nodes: 0afd43b6-07b3-44a6-8ea4-53b5cafc6713{ip: 10.1.0.37, host: fv-az297-62.nmf1rxwemy4u5di1sxxf4ejcwb.jx.internal.cloudapp.net, ports: [REPLICATION=32853, RATIS=37931, RATIS_ADMIN=37931, RATIS_SERVER=37931, STANDALONE=46469], networkLocation: /default-rack, certSerialId: null, persistedOpState: IN_SERVICE, persistedOpStateExpiryEpochSec: 0}, ReplicationConfig: RATIS/ONE, State:ALLOCATED, leaderId:0afd43b6-07b3-44a6-8ea4-53b5cafc6713, CreationTimestamp2022-07-30T01:48:44.476Z[Etc/UTC]] moved to OPEN state
2022-07-30 01:48:47,507 [EventQueue-OpenPipelineForHealthyPipelineSafeModeRule] INFO  safemode.SCMSafeModeManager (HealthyPipelineSafeModeRule.java:process(137)) - SCM in safe mode. Healthy pipelines reported count is 0, required healthy pipeline reported count is 1
2022-07-30 01:48:47,511 [pool-429-thread-1] INFO  server.RaftServerConfigKeys (ConfUtils.java:logGet(46)) - raft.server.log.segment.size.max = 1048576 (custom)
2022-07-30 01:48:47,511 [pool-429-thread-1] INFO  server.RaftServerConfigKeys (ConfUtils.java:logGet(46)) - raft.server.log.segment.cache.num.max = 2 (custom)
2022-07-30 01:48:47,511 [pool-429-thread-1] INFO  server.RaftServerConfigKeys (ConfUtils.java:logGet(46)) - raft.server.log.segment.cache.size.max = 200MB (=209715200) (default)
2022-07-30 01:48:47,511 [pool-429-thread-1] INFO  segmented.SegmentedRaftLogWorker (SegmentedRaftLogWorker.java:<init>(187)) - new 0afd43b6-07b3-44a6-8ea4-53b5cafc6713@group-8785E2BFC9B7-SegmentedRaftLogWorker for RaftStorageImpl:Storage Directory /home/runner/work/ozone/ozone/hadoop-ozone/integration-test/target/test-dir/MiniOzoneClusterImpl-c8472f64-5143-4d61-85a0-9e96bab939e3/datanode-4/data/ratis/c71b2388-eb55-43e8-be7e-8785e2bfc9b7
2022-07-30 01:48:47,511 [pool-429-thread-1] INFO  server.RaftServerConfigKeys (ConfUtils.java:logGet(46)) - raft.server.log.queue.byte-limit = 4294967296 (custom)
2022-07-30 01:48:47,511 [pool-429-thread-1] INFO  server.RaftServerConfigKeys (ConfUtils.java:logGet(46)) - raft.server.log.queue.element-limit = 1024 (custom)
2022-07-30 01:48:47,515 [pool-429-thread-1] INFO  server.RaftServerConfigKeys (ConfUtils.java:logGet(46)) - raft.server.log.segment.size.max = 1048576 (custom)
2022-07-30 01:48:47,515 [pool-429-thread-1] INFO  server.RaftServerConfigKeys (ConfUtils.java:logGet(46)) - raft.server.log.preallocated.size = 16384 (custom)
2022-07-30 01:48:47,515 [pool-429-thread-1] INFO  server.RaftServerConfigKeys (ConfUtils.java:logGet(46)) - raft.server.log.force.sync.num = 128 (default)
2022-07-30 01:48:47,515 [pool-429-thread-1] INFO  server.RaftServerConfigKeys (ConfUtils.java:logGet(46)) - raft.server.log.statemachine.data.sync = true (default)
2022-07-30 01:48:47,515 [pool-429-thread-1] INFO  server.RaftServerConfigKeys (ConfUtils.java:logGet(46)) - raft.server.log.statemachine.data.sync.timeout = 10s (default)
2022-07-30 01:48:47,515 [pool-429-thread-1] INFO  server.RaftServerConfigKeys (ConfUtils.java:logGet(46)) - raft.server.log.statemachine.data.sync.timeout.retry = -1 (default)
2022-07-30 01:48:47,520 [pool-429-thread-1] INFO  server.RaftServerConfigKeys (ConfUtils.java:logGet(46)) - raft.server.log.write.buffer.size = 1048576 (custom)
2022-07-30 01:48:47,520 [pool-429-thread-1] INFO  server.RaftServerConfigKeys (ConfUtils.java:logGet(46)) - raft.server.log.unsafe-flush.enabled = false (default)
2022-07-30 01:48:47,521 [pool-429-thread-1] INFO  server.RaftServerConfigKeys (ConfUtils.java:logGet(46)) - raft.server.log.statemachine.data.caching.enabled = true (custom)
2022-07-30 01:48:47,522 [pool-429-thread-1] INFO  segmented.SegmentedRaftLogWorker (SegmentedRaftLogWorker.java:lambda$new$0(135)) - 0afd43b6-07b3-44a6-8ea4-53b5cafc6713@group-8785E2BFC9B7-SegmentedRaftLogWorker: flushIndex: setUnconditionally 0 -> -1
2022-07-30 01:48:47,522 [pool-429-thread-1] INFO  segmented.SegmentedRaftLogWorker (SegmentedRaftLogWorker.java:lambda$new$0(135)) - 0afd43b6-07b3-44a6-8ea4-53b5cafc6713@group-8785E2BFC9B7-SegmentedRaftLogWorker: safeCacheEvictIndex: setUnconditionally 0 -> -1
2022-07-30 01:48:47,529 [pool-429-thread-1] INFO  server.RaftServerConfigKeys (ConfUtils.java:logGet(46)) - raft.server.snapshot.auto.trigger.enabled = true (custom)
2022-07-30 01:48:47,529 [pool-429-thread-1] INFO  server.RaftServerConfigKeys (ConfUtils.java:logGet(46)) - raft.server.snapshot.auto.trigger.threshold = 10000 (custom)
2022-07-30 01:48:47,529 [pool-429-thread-1] INFO  server.RaftServerConfigKeys (ConfUtils.java:logGet(46)) - raft.server.snapshot.retention.file.num = 5 (custom)
2022-07-30 01:48:47,529 [pool-429-thread-1] INFO  server.RaftServerConfigKeys (ConfUtils.java:logGet(46)) - raft.server.log.purge.upto.snapshot.index = false (default)
2022-07-30 01:48:47,529 [pool-429-thread-1] INFO  server.RaftServerConfigKeys (ConfUtils.java:logGet(46)) - raft.server.retrycache.expirytime = 600000ms (custom)
2022-07-30 01:48:47,529 [pool-429-thread-1] INFO  server.RaftServerConfigKeys (ConfUtils.java:logGet(46)) - raft.server.retrycache.statistics.expirytime = 100μs (default)
2022-07-30 01:48:47,531 [pool-429-thread-1] INFO  server.RaftServerConfigKeys (ConfUtils.java:logGet(46)) - raft.server.log.appender.install.snapshot.enabled = false (custom)
2022-07-30 01:48:47,531 [pool-429-thread-1] INFO  server.RaftServerConfigKeys (ConfUtils.java:logGet(46)) - raft.server.threadpool.server.cached = true (default)
2022-07-30 01:48:47,531 [pool-429-thread-1] INFO  server.RaftServerConfigKeys (ConfUtils.java:logGet(46)) - raft.server.threadpool.server.size = 0 (default)
2022-07-30 01:48:47,531 [pool-429-thread-1] INFO  server.RaftServerConfigKeys (ConfUtils.java:logGet(46)) - raft.server.threadpool.client.cached = true (default)
2022-07-30 01:48:47,531 [pool-429-thread-1] INFO  server.RaftServerConfigKeys (ConfUtils.java:logGet(46)) - raft.server.threadpool.client.size = 0 (default)
2022-07-30 01:48:47,531 [pool-429-thread-1] INFO  server.RaftServer$Division (RaftServerImpl.java:start(310)) - 0afd43b6-07b3-44a6-8ea4-53b5cafc6713@group-8785E2BFC9B7: start as a follower, conf=-1: [0afd43b6-07b3-44a6-8ea4-53b5cafc6713|rpc:10.1.0.37:37931|priority:1], old=null
2022-07-30 01:48:47,531 [pool-429-thread-1] INFO  server.RaftServer$Division (RaftServerImpl.java:setRole(299)) - 0afd43b6-07b3-44a6-8ea4-53b5cafc6713@group-8785E2BFC9B7: changes role from      null to FOLLOWER at term 0 for startAsFollower
2022-07-30 01:48:47,531 [pool-429-thread-1] INFO  impl.RoleInfo (RoleInfo.java:updateAndGet(139)) - 0afd43b6-07b3-44a6-8ea4-53b5cafc6713: start 0afd43b6-07b3-44a6-8ea4-53b5cafc6713@group-8785E2BFC9B7-FollowerState
2022-07-30 01:48:47,540 [pool-429-thread-1] INFO  util.JmxRegister (JmxRegister.java:tryRegister(44)) - Successfully registered JMX Bean with object name Ratis:service=RaftServer,group=group-8785E2BFC9B7,id=0afd43b6-07b3-44a6-8ea4-53b5cafc6713
2022-07-30 01:48:47,551 [Command processor thread] INFO  ratis.XceiverServerRatis (XceiverServerRatis.java:addGroup(765)) - Created group PipelineID=c71b2388-eb55-43e8-be7e-8785e2bfc9b7
2022-07-30 01:48:47,552 [Command processor thread] INFO  commandhandler.CreatePipelineCommandHandler (CreatePipelineCommandHandler.java:handle(113)) - Created Pipeline RATIS ONE PipelineID=c71b2388-eb55-43e8-be7e-8785e2bfc9b7.
2022-07-30 01:48:48,410 [Listener at 127.0.0.1/43571] INFO  ozone.MiniOzoneClusterImpl (MiniOzoneClusterImpl.java:lambda$waitForClusterToBeReady$0(216)) - Nodes are ready. Got 5 of 5 DN Heartbeats.
2022-07-30 01:48:48,410 [Listener at 127.0.0.1/43571] INFO  ozone.MiniOzoneClusterImpl (MiniOzoneClusterImpl.java:lambda$waitForClusterToBeReady$0(219)) - Waiting for cluster to exit safe mode
2022-07-30 01:48:48,411 [Listener at 127.0.0.1/43571] INFO  ozone.MiniOzoneClusterImpl (MiniOzoneClusterImpl.java:lambda$waitForClusterToBeReady$0(221)) - SCM became leader
2022-07-30 01:48:49,027 [ba3de65c-e6c9-495e-8613-4120736e14c0@group-A7F6DC9A48BA-FollowerState] INFO  impl.FollowerState (FollowerState.java:run(143)) - ba3de65c-e6c9-495e-8613-4120736e14c0@group-A7F6DC9A48BA-FollowerState: change to CANDIDATE, lastRpcElapsedTime:5026200289ns, electionTimeout:5015ms
2022-07-30 01:48:49,027 [ba3de65c-e6c9-495e-8613-4120736e14c0@group-A7F6DC9A48BA-FollowerState] INFO  impl.RoleInfo (RoleInfo.java:shutdownFollowerState(110)) - ba3de65c-e6c9-495e-8613-4120736e14c0: shutdown ba3de65c-e6c9-495e-8613-4120736e14c0@group-A7F6DC9A48BA-FollowerState
2022-07-30 01:48:49,027 [ba3de65c-e6c9-495e-8613-4120736e14c0@group-A7F6DC9A48BA-FollowerState] INFO  server.RaftServer$Division (RaftServerImpl.java:setRole(299)) - ba3de65c-e6c9-495e-8613-4120736e14c0@group-A7F6DC9A48BA: changes role from  FOLLOWER to CANDIDATE at term 0 for changeToCandidate
2022-07-30 01:48:49,027 [ba3de65c-e6c9-495e-8613-4120736e14c0@group-A7F6DC9A48BA-FollowerState] INFO  server.RaftServerConfigKeys (ConfUtils.java:logGet(46)) - raft.server.leaderelection.pre-vote = false (custom)
2022-07-30 01:48:49,027 [ba3de65c-e6c9-495e-8613-4120736e14c0@group-A7F6DC9A48BA-FollowerState] INFO  impl.RoleInfo (RoleInfo.java:updateAndGet(139)) - ba3de65c-e6c9-495e-8613-4120736e14c0: start ba3de65c-e6c9-495e-8613-4120736e14c0@group-A7F6DC9A48BA-LeaderElection17
2022-07-30 01:48:49,040 [ba3de65c-e6c9-495e-8613-4120736e14c0@group-A7F6DC9A48BA-LeaderElection17] INFO  impl.LeaderElection (LeaderElection.java:askForVotes(310)) - ba3de65c-e6c9-495e-8613-4120736e14c0@group-A7F6DC9A48BA-LeaderElection17 ELECTION round 0: submit vote requests at term 1 for -1: [ba3de65c-e6c9-495e-8613-4120736e14c0|rpc:10.1.0.37:34507|priority:1], old=null
2022-07-30 01:48:49,040 [ba3de65c-e6c9-495e-8613-4120736e14c0@group-A7F6DC9A48BA-LeaderElection17] INFO  impl.LeaderElection (LeaderElection.java:askForVotes(312)) - ba3de65c-e6c9-495e-8613-4120736e14c0@group-A7F6DC9A48BA-LeaderElection17 ELECTION round 0: result PASSED (term=1)
2022-07-30 01:48:49,040 [ba3de65c-e6c9-495e-8613-4120736e14c0@group-A7F6DC9A48BA-LeaderElection17] INFO  impl.RoleInfo (RoleInfo.java:shutdownLeaderElection(130)) - ba3de65c-e6c9-495e-8613-4120736e14c0: shutdown ba3de65c-e6c9-495e-8613-4120736e14c0@group-A7F6DC9A48BA-LeaderElection17
2022-07-30 01:48:49,040 [ba3de65c-e6c9-495e-8613-4120736e14c0@group-A7F6DC9A48BA-LeaderElection17] INFO  server.RaftServer$Division (RaftServerImpl.java:setRole(299)) - ba3de65c-e6c9-495e-8613-4120736e14c0@group-A7F6DC9A48BA: changes role from CANDIDATE to LEADER at term 1 for changeToLeader
2022-07-30 01:48:49,040 [ba3de65c-e6c9-495e-8613-4120736e14c0@group-A7F6DC9A48BA-LeaderElection17] INFO  ratis.XceiverServerRatis (XceiverServerRatis.java:handleLeaderChangedNotification(863)) - Leader change notification received for group: group-A7F6DC9A48BA with new leaderId: ba3de65c-e6c9-495e-8613-4120736e14c0
2022-07-30 01:48:49,040 [ba3de65c-e6c9-495e-8613-4120736e14c0@group-A7F6DC9A48BA-LeaderElection17] INFO  server.RaftServer$Division (ServerState.java:setLeader(287)) - ba3de65c-e6c9-495e-8613-4120736e14c0@group-A7F6DC9A48BA: change Leader from null to ba3de65c-e6c9-495e-8613-4120736e14c0 at term 1 for becomeLeader, leader elected after 5088ms
2022-07-30 01:48:49,043 [EventQueue-OpenPipelineForHealthyPipelineSafeModeRule] INFO  safemode.SCMSafeModeManager (HealthyPipelineSafeModeRule.java:process(137)) - SCM in safe mode. Healthy pipelines reported count is 0, required healthy pipeline reported count is 1
2022-07-30 01:48:49,044 [ba3de65c-e6c9-495e-8613-4120736e14c0@group-A7F6DC9A48BA-LeaderElection17] INFO  server.RaftServerConfigKeys (ConfUtils.java:logGet(46)) - raft.server.staging.catchup.gap = 1000 (default)
2022-07-30 01:48:49,047 [ba3de65c-e6c9-495e-8613-4120736e14c0@group-A7F6DC9A48BA-LeaderElection17] INFO  server.RaftServerConfigKeys (ConfUtils.java:logGet(46)) - raft.server.write.element-limit = 1024 (custom)
2022-07-30 01:48:49,047 [ba3de65c-e6c9-495e-8613-4120736e14c0@group-A7F6DC9A48BA-LeaderElection17] INFO  server.RaftServerConfigKeys (ConfUtils.java:logGet(46)) - raft.server.write.byte-limit = 1024 M (=1073741824) (custom)
2022-07-30 01:48:49,047 [ba3de65c-e6c9-495e-8613-4120736e14c0@group-A7F6DC9A48BA-LeaderElection17] INFO  server.RaftServerConfigKeys (ConfUtils.java:logGet(46)) - raft.server.watch.timeout = 180s (custom)
2022-07-30 01:48:49,048 [ba3de65c-e6c9-495e-8613-4120736e14c0@group-A7F6DC9A48BA-LeaderElection17] INFO  server.RaftServerConfigKeys (ConfUtils.java:logGet(46)) - raft.server.watch.timeout.denomination = 1s (default)
2022-07-30 01:48:49,048 [ba3de65c-e6c9-495e-8613-4120736e14c0@group-A7F6DC9A48BA-LeaderElection17] INFO  server.RaftServerConfigKeys (ConfUtils.java:logGet(46)) - raft.server.watch.element-limit = 65536 (default)
2022-07-30 01:48:49,048 [ba3de65c-e6c9-495e-8613-4120736e14c0@group-A7F6DC9A48BA-LeaderElection17] INFO  server.RaftServerConfigKeys (ConfUtils.java:logGet(46)) - raft.server.write.element-limit = 1024 (custom)
2022-07-30 01:48:49,048 [ba3de65c-e6c9-495e-8613-4120736e14c0@group-A7F6DC9A48BA-LeaderElection17] INFO  server.RaftServerConfigKeys (ConfUtils.java:logGet(46)) - raft.server.write.follower.gap.ratio.max = -1.0 (default)
2022-07-30 01:48:49,048 [ba3de65c-e6c9-495e-8613-4120736e14c0@group-A7F6DC9A48BA-LeaderElection17] INFO  impl.RoleInfo (RoleInfo.java:updateAndGet(139)) - ba3de65c-e6c9-495e-8613-4120736e14c0: start ba3de65c-e6c9-495e-8613-4120736e14c0@group-A7F6DC9A48BA-LeaderStateImpl
2022-07-30 01:48:49,048 [ba3de65c-e6c9-495e-8613-4120736e14c0@group-A7F6DC9A48BA-LeaderElection17] INFO  segmented.SegmentedRaftLogWorker (SegmentedRaftLogWorker.java:startLogSegment(425)) - ba3de65c-e6c9-495e-8613-4120736e14c0@group-A7F6DC9A48BA-SegmentedRaftLogWorker: Starting segment from index:0
2022-07-30 01:48:49,050 [ba3de65c-e6c9-495e-8613-4120736e14c0@group-A7F6DC9A48BA-SegmentedRaftLogWorker] INFO  segmented.SegmentedRaftLogWorker (SegmentedRaftLogWorker.java:execute(629)) - ba3de65c-e6c9-495e-8613-4120736e14c0@group-A7F6DC9A48BA-SegmentedRaftLogWorker: created new log segment /home/runner/work/ozone/ozone/hadoop-ozone/integration-test/target/test-dir/MiniOzoneClusterImpl-c8472f64-5143-4d61-85a0-9e96bab939e3/datanode-0/data/ratis/30c27125-b7a7-4a1f-ad57-a7f6dc9a48ba/current/log_inprogress_0
2022-07-30 01:48:49,058 [ba3de65c-e6c9-495e-8613-4120736e14c0@group-A7F6DC9A48BA-LeaderElection17] INFO  server.RaftServer$Division (ServerState.java:setRaftConf(393)) - ba3de65c-e6c9-495e-8613-4120736e14c0@group-A7F6DC9A48BA: set configuration 0: [ba3de65c-e6c9-495e-8613-4120736e14c0|rpc:10.1.0.37:34507|dataStream:|priority:1], old=null
2022-07-30 01:48:49,177 [ba3de65c-e6c9-495e-8613-4120736e14c0@group-0DCD7174B461-FollowerState] INFO  impl.FollowerState (FollowerState.java:run(143)) - ba3de65c-e6c9-495e-8613-4120736e14c0@group-0DCD7174B461-FollowerState: change to CANDIDATE, lastRpcElapsedTime:5131376137ns, electionTimeout:5122ms
2022-07-30 01:48:49,177 [ba3de65c-e6c9-495e-8613-4120736e14c0@group-0DCD7174B461-FollowerState] INFO  impl.RoleInfo (RoleInfo.java:shutdownFollowerState(110)) - ba3de65c-e6c9-495e-8613-4120736e14c0: shutdown ba3de65c-e6c9-495e-8613-4120736e14c0@group-0DCD7174B461-FollowerState
2022-07-30 01:48:49,177 [ba3de65c-e6c9-495e-8613-4120736e14c0@group-0DCD7174B461-FollowerState] INFO  server.RaftServer$Division (RaftServerImpl.java:setRole(299)) - ba3de65c-e6c9-495e-8613-4120736e14c0@group-0DCD7174B461: changes role from  FOLLOWER to CANDIDATE at term 0 for changeToCandidate
2022-07-30 01:48:49,178 [ba3de65c-e6c9-495e-8613-4120736e14c0@group-0DCD7174B461-FollowerState] INFO  server.RaftServerConfigKeys (ConfUtils.java:logGet(46)) - raft.server.leaderelection.pre-vote = false (custom)
2022-07-30 01:48:49,178 [ba3de65c-e6c9-495e-8613-4120736e14c0@group-0DCD7174B461-FollowerState] INFO  impl.RoleInfo (RoleInfo.java:updateAndGet(139)) - ba3de65c-e6c9-495e-8613-4120736e14c0: start ba3de65c-e6c9-495e-8613-4120736e14c0@group-0DCD7174B461-LeaderElection18
2022-07-30 01:48:49,198 [ba3de65c-e6c9-495e-8613-4120736e14c0@group-0DCD7174B461-LeaderElection18] INFO  impl.LeaderElection (LeaderElection.java:askForVotes(310)) - ba3de65c-e6c9-495e-8613-4120736e14c0@group-0DCD7174B461-LeaderElection18 ELECTION round 0: submit vote requests at term 1 for -1: [7e99fd26-7598-4594-b7f2-81741e43f67c|rpc:10.1.0.37:40277|priority:0, a8954817-1d70-4f19-b814-29be41487240|rpc:10.1.0.37:46247|priority:1, ba3de65c-e6c9-495e-8613-4120736e14c0|rpc:10.1.0.37:34507|priority:0], old=null
2022-07-30 01:48:49,277 [grpc-default-executor-0] INFO  server.RaftServer$Division (RaftServerImpl.java:requestVote(1152)) - 7e99fd26-7598-4594-b7f2-81741e43f67c@group-0DCD7174B461: receive requestVote(ELECTION, ba3de65c-e6c9-495e-8613-4120736e14c0, group-0DCD7174B461, 1, (t:0, i:0))
2022-07-30 01:48:49,277 [grpc-default-executor-0] INFO  impl.VoteContext (VoteContext.java:log(48)) - 7e99fd26-7598-4594-b7f2-81741e43f67c@group-0DCD7174B461-FOLLOWER: accept ELECTION from ba3de65c-e6c9-495e-8613-4120736e14c0: our priority 0 <= candidate's priority 0
2022-07-30 01:48:49,277 [grpc-default-executor-0] INFO  server.RaftServer$Division (RaftServerImpl.java:setRole(299)) - 7e99fd26-7598-4594-b7f2-81741e43f67c@group-0DCD7174B461: changes role from  FOLLOWER to FOLLOWER at term 1 for candidate:ba3de65c-e6c9-495e-8613-4120736e14c0
2022-07-30 01:48:49,277 [grpc-default-executor-0] INFO  impl.RoleInfo (RoleInfo.java:shutdownFollowerState(110)) - 7e99fd26-7598-4594-b7f2-81741e43f67c: shutdown 7e99fd26-7598-4594-b7f2-81741e43f67c@group-0DCD7174B461-FollowerState
2022-07-30 01:48:49,277 [grpc-default-executor-0] INFO  impl.RoleInfo (RoleInfo.java:updateAndGet(139)) - 7e99fd26-7598-4594-b7f2-81741e43f67c: start 7e99fd26-7598-4594-b7f2-81741e43f67c@group-0DCD7174B461-FollowerState
2022-07-30 01:48:49,277 [7e99fd26-7598-4594-b7f2-81741e43f67c@group-0DCD7174B461-FollowerState] INFO  impl.FollowerState (FollowerState.java:run(152)) - 7e99fd26-7598-4594-b7f2-81741e43f67c@group-0DCD7174B461-FollowerState was interrupted
2022-07-30 01:48:49,280 [grpc-default-executor-0] INFO  server.RaftServer$Division (RaftServerImpl.java:requestVote(1184)) - 7e99fd26-7598-4594-b7f2-81741e43f67c@group-0DCD7174B461 replies to ELECTION vote request: ba3de65c-e6c9-495e-8613-4120736e14c0<-7e99fd26-7598-4594-b7f2-81741e43f67c#0:OK-t1. Peer's state: 7e99fd26-7598-4594-b7f2-81741e43f67c@group-0DCD7174B461:t1, leader=null, voted=ba3de65c-e6c9-495e-8613-4120736e14c0, raftlog=7e99fd26-7598-4594-b7f2-81741e43f67c@group-0DCD7174B461-SegmentedRaftLog:OPENED:c-1, conf=-1: [7e99fd26-7598-4594-b7f2-81741e43f67c|rpc:10.1.0.37:40277|dataStream:|priority:0, a8954817-1d70-4f19-b814-29be41487240|rpc:10.1.0.37:46247|dataStream:|priority:1, ba3de65c-e6c9-495e-8613-4120736e14c0|rpc:10.1.0.37:34507|dataStream:|priority:0], old=null
2022-07-30 01:48:49,291 [a8954817-1d70-4f19-b814-29be41487240@group-0DCD7174B461-FollowerState] INFO  impl.FollowerState (FollowerState.java:run(143)) - a8954817-1d70-4f19-b814-29be41487240@group-0DCD7174B461-FollowerState: change to CANDIDATE, lastRpcElapsedTime:5088906481ns, electionTimeout:5077ms
2022-07-30 01:48:49,292 [a8954817-1d70-4f19-b814-29be41487240@group-0DCD7174B461-FollowerState] INFO  impl.RoleInfo (RoleInfo.java:shutdownFollowerState(110)) - a8954817-1d70-4f19-b814-29be41487240: shutdown a8954817-1d70-4f19-b814-29be41487240@group-0DCD7174B461-FollowerState
2022-07-30 01:48:49,303 [a8954817-1d70-4f19-b814-29be41487240@group-0DCD7174B461-FollowerState] INFO  server.RaftServer$Division (RaftServerImpl.java:setRole(299)) - a8954817-1d70-4f19-b814-29be41487240@group-0DCD7174B461: changes role from  FOLLOWER to CANDIDATE at term 0 for changeToCandidate
2022-07-30 01:48:49,303 [a8954817-1d70-4f19-b814-29be41487240@group-0DCD7174B461-FollowerState] INFO  server.RaftServerConfigKeys (ConfUtils.java:logGet(46)) - raft.server.leaderelection.pre-vote = false (custom)
2022-07-30 01:48:49,304 [a8954817-1d70-4f19-b814-29be41487240@group-0DCD7174B461-FollowerState] INFO  impl.RoleInfo (RoleInfo.java:updateAndGet(139)) - a8954817-1d70-4f19-b814-29be41487240: start a8954817-1d70-4f19-b814-29be41487240@group-0DCD7174B461-LeaderElection19
2022-07-30 01:48:49,304 [grpc-default-executor-0] INFO  server.RaftServer$Division (RaftServerImpl.java:requestVote(1152)) - a8954817-1d70-4f19-b814-29be41487240@group-0DCD7174B461: receive requestVote(ELECTION, ba3de65c-e6c9-495e-8613-4120736e14c0, group-0DCD7174B461, 1, (t:0, i:0))
2022-07-30 01:48:49,311 [grpc-default-executor-0] INFO  impl.VoteContext (VoteContext.java:log(48)) - a8954817-1d70-4f19-b814-29be41487240@group-0DCD7174B461-CANDIDATE: reject ELECTION from ba3de65c-e6c9-495e-8613-4120736e14c0: our priority 1 > candidate's priority 0
2022-07-30 01:48:49,312 [grpc-default-executor-0] INFO  server.RaftServer$Division (RaftServerImpl.java:setRole(299)) - a8954817-1d70-4f19-b814-29be41487240@group-0DCD7174B461: changes role from CANDIDATE to FOLLOWER at term 1 for candidate:ba3de65c-e6c9-495e-8613-4120736e14c0
2022-07-30 01:48:49,312 [grpc-default-executor-0] INFO  impl.RoleInfo (RoleInfo.java:shutdownLeaderElection(130)) - a8954817-1d70-4f19-b814-29be41487240: shutdown a8954817-1d70-4f19-b814-29be41487240@group-0DCD7174B461-LeaderElection19
2022-07-30 01:48:49,312 [grpc-default-executor-0] INFO  impl.RoleInfo (RoleInfo.java:updateAndGet(139)) - a8954817-1d70-4f19-b814-29be41487240: start a8954817-1d70-4f19-b814-29be41487240@group-0DCD7174B461-FollowerState
2022-07-30 01:48:49,325 [a8954817-1d70-4f19-b814-29be41487240@group-0DCD7174B461-LeaderElection19] INFO  impl.LeaderElection (LeaderElection.java:run(231)) - a8954817-1d70-4f19-b814-29be41487240@group-0DCD7174B461-LeaderElection19: skip running since this is already CLOSING
2022-07-30 01:48:49,329 [grpc-default-executor-0] INFO  server.RaftServer$Division (RaftServerImpl.java:requestVote(1184)) - a8954817-1d70-4f19-b814-29be41487240@group-0DCD7174B461 replies to ELECTION vote request: ba3de65c-e6c9-495e-8613-4120736e14c0<-a8954817-1d70-4f19-b814-29be41487240#0:FAIL-t1. Peer's state: a8954817-1d70-4f19-b814-29be41487240@group-0DCD7174B461:t1, leader=null, voted=null, raftlog=a8954817-1d70-4f19-b814-29be41487240@group-0DCD7174B461-SegmentedRaftLog:OPENED:c-1, conf=-1: [7e99fd26-7598-4594-b7f2-81741e43f67c|rpc:10.1.0.37:40277|dataStream:|priority:0, a8954817-1d70-4f19-b814-29be41487240|rpc:10.1.0.37:46247|dataStream:|priority:1, ba3de65c-e6c9-495e-8613-4120736e14c0|rpc:10.1.0.37:34507|dataStream:|priority:0], old=null
2022-07-30 01:48:49,331 [ba3de65c-e6c9-495e-8613-4120736e14c0@group-0DCD7174B461-LeaderElection18] INFO  impl.LeaderElection (LeaderElection.java:logAndReturn(90)) - ba3de65c-e6c9-495e-8613-4120736e14c0@group-0DCD7174B461-LeaderElection18: ELECTION REJECTED received 2 response(s) and 0 exception(s):
2022-07-30 01:48:49,331 [ba3de65c-e6c9-495e-8613-4120736e14c0@group-0DCD7174B461-LeaderElection18] INFO  impl.LeaderElection (LeaderElection.java:logAndReturn(94)) -   Response 0: ba3de65c-e6c9-495e-8613-4120736e14c0<-7e99fd26-7598-4594-b7f2-81741e43f67c#0:OK-t1
2022-07-30 01:48:49,331 [ba3de65c-e6c9-495e-8613-4120736e14c0@group-0DCD7174B461-LeaderElection18] INFO  impl.LeaderElection (LeaderElection.java:logAndReturn(94)) -   Response 1: ba3de65c-e6c9-495e-8613-4120736e14c0<-a8954817-1d70-4f19-b814-29be41487240#0:FAIL-t1
2022-07-30 01:48:49,331 [ba3de65c-e6c9-495e-8613-4120736e14c0@group-0DCD7174B461-LeaderElection18] INFO  impl.LeaderElection (LeaderElection.java:askForVotes(312)) - ba3de65c-e6c9-495e-8613-4120736e14c0@group-0DCD7174B461-LeaderElection18 ELECTION round 0: result REJECTED
2022-07-30 01:48:49,331 [ba3de65c-e6c9-495e-8613-4120736e14c0@group-0DCD7174B461-LeaderElection18] INFO  server.RaftServer$Division (RaftServerImpl.java:setRole(299)) - ba3de65c-e6c9-495e-8613-4120736e14c0@group-0DCD7174B461: changes role from CANDIDATE to FOLLOWER at term 1 for REJECTED
2022-07-30 01:48:49,331 [ba3de65c-e6c9-495e-8613-4120736e14c0@group-0DCD7174B461-LeaderElection18] INFO  impl.RoleInfo (RoleInfo.java:shutdownLeaderElection(130)) - ba3de65c-e6c9-495e-8613-4120736e14c0: shutdown ba3de65c-e6c9-495e-8613-4120736e14c0@group-0DCD7174B461-LeaderElection18
2022-07-30 01:48:49,332 [ba3de65c-e6c9-495e-8613-4120736e14c0@group-0DCD7174B461-LeaderElection18] INFO  impl.RoleInfo (RoleInfo.java:updateAndGet(139)) - ba3de65c-e6c9-495e-8613-4120736e14c0: start ba3de65c-e6c9-495e-8613-4120736e14c0@group-0DCD7174B461-FollowerState
2022-07-30 01:48:49,411 [Listener at 127.0.0.1/43571] INFO  ozone.MiniOzoneClusterImpl (MiniOzoneClusterImpl.java:lambda$waitForClusterToBeReady$0(216)) - Nodes are ready. Got 5 of 5 DN Heartbeats.
2022-07-30 01:48:49,411 [Listener at 127.0.0.1/43571] INFO  ozone.MiniOzoneClusterImpl (MiniOzoneClusterImpl.java:lambda$waitForClusterToBeReady$0(219)) - Waiting for cluster to exit safe mode
2022-07-30 01:48:49,411 [Listener at 127.0.0.1/43571] INFO  ozone.MiniOzoneClusterImpl (MiniOzoneClusterImpl.java:lambda$waitForClusterToBeReady$0(221)) - SCM became leader
2022-07-30 01:48:49,471 [ba3de65c-e6c9-495e-8613-4120736e14c0@group-92A57C94F017-FollowerState] INFO  impl.FollowerState (FollowerState.java:run(143)) - ba3de65c-e6c9-495e-8613-4120736e14c0@group-92A57C94F017-FollowerState: change to CANDIDATE, lastRpcElapsedTime:5046421524ns, electionTimeout:5038ms
2022-07-30 01:48:49,471 [ba3de65c-e6c9-495e-8613-4120736e14c0@group-92A57C94F017-FollowerState] INFO  impl.RoleInfo (RoleInfo.java:shutdownFollowerState(110)) - ba3de65c-e6c9-495e-8613-4120736e14c0: shutdown ba3de65c-e6c9-495e-8613-4120736e14c0@group-92A57C94F017-FollowerState
2022-07-30 01:48:49,472 [ba3de65c-e6c9-495e-8613-4120736e14c0@group-92A57C94F017-FollowerState] INFO  server.RaftServer$Division (RaftServerImpl.java:setRole(299)) - ba3de65c-e6c9-495e-8613-4120736e14c0@group-92A57C94F017: changes role from  FOLLOWER to CANDIDATE at term 0 for changeToCandidate
2022-07-30 01:48:49,472 [ba3de65c-e6c9-495e-8613-4120736e14c0@group-92A57C94F017-FollowerState] INFO  server.RaftServerConfigKeys (ConfUtils.java:logGet(46)) - raft.server.leaderelection.pre-vote = false (custom)
2022-07-30 01:48:49,472 [ba3de65c-e6c9-495e-8613-4120736e14c0@group-92A57C94F017-FollowerState] INFO  impl.RoleInfo (RoleInfo.java:updateAndGet(139)) - ba3de65c-e6c9-495e-8613-4120736e14c0: start ba3de65c-e6c9-495e-8613-4120736e14c0@group-92A57C94F017-LeaderElection20
2022-07-30 01:48:49,499 [ba3de65c-e6c9-495e-8613-4120736e14c0@group-92A57C94F017-LeaderElection20] INFO  impl.LeaderElection (LeaderElection.java:askForVotes(310)) - ba3de65c-e6c9-495e-8613-4120736e14c0@group-92A57C94F017-LeaderElection20 ELECTION round 0: submit vote requests at term 1 for -1: [7e99fd26-7598-4594-b7f2-81741e43f67c|rpc:10.1.0.37:40277|priority:1, a8954817-1d70-4f19-b814-29be41487240|rpc:10.1.0.37:46247|priority:0, ba3de65c-e6c9-495e-8613-4120736e14c0|rpc:10.1.0.37:34507|priority:0], old=null
2022-07-30 01:48:49,527 [grpc-default-executor-0] INFO  server.RaftServer$Division (RaftServerImpl.java:requestVote(1152)) - 7e99fd26-7598-4594-b7f2-81741e43f67c@group-92A57C94F017: receive requestVote(ELECTION, ba3de65c-e6c9-495e-8613-4120736e14c0, group-92A57C94F017, 1, (t:0, i:0))
2022-07-30 01:48:49,528 [grpc-default-executor-0] INFO  impl.VoteContext (VoteContext.java:log(48)) - 7e99fd26-7598-4594-b7f2-81741e43f67c@group-92A57C94F017-FOLLOWER: reject ELECTION from ba3de65c-e6c9-495e-8613-4120736e14c0: our priority 1 > candidate's priority 0
2022-07-30 01:48:49,528 [grpc-default-executor-0] INFO  server.RaftServer$Division (RaftServerImpl.java:setRole(299)) - 7e99fd26-7598-4594-b7f2-81741e43f67c@group-92A57C94F017: changes role from  FOLLOWER to FOLLOWER at term 1 for candidate:ba3de65c-e6c9-495e-8613-4120736e14c0
2022-07-30 01:48:49,528 [grpc-default-executor-0] INFO  impl.RoleInfo (RoleInfo.java:shutdownFollowerState(110)) - 7e99fd26-7598-4594-b7f2-81741e43f67c: shutdown 7e99fd26-7598-4594-b7f2-81741e43f67c@group-92A57C94F017-FollowerState
2022-07-30 01:48:49,528 [grpc-default-executor-0] INFO  impl.RoleInfo (RoleInfo.java:updateAndGet(139)) - 7e99fd26-7598-4594-b7f2-81741e43f67c: start 7e99fd26-7598-4594-b7f2-81741e43f67c@group-92A57C94F017-FollowerState
2022-07-30 01:48:49,529 [7e99fd26-7598-4594-b7f2-81741e43f67c@group-92A57C94F017-FollowerState] INFO  impl.FollowerState (FollowerState.java:run(152)) - 7e99fd26-7598-4594-b7f2-81741e43f67c@group-92A57C94F017-FollowerState was interrupted
2022-07-30 01:48:49,531 [grpc-default-executor-0] INFO  server.RaftServer$Division (RaftServerImpl.java:requestVote(1184)) - 7e99fd26-7598-4594-b7f2-81741e43f67c@group-92A57C94F017 replies to ELECTION vote request: ba3de65c-e6c9-495e-8613-4120736e14c0<-7e99fd26-7598-4594-b7f2-81741e43f67c#0:FAIL-t1. Peer's state: 7e99fd26-7598-4594-b7f2-81741e43f67c@group-92A57C94F017:t1, leader=null, voted=null, raftlog=7e99fd26-7598-4594-b7f2-81741e43f67c@group-92A57C94F017-SegmentedRaftLog:OPENED:c-1, conf=-1: [7e99fd26-7598-4594-b7f2-81741e43f67c|rpc:10.1.0.37:40277|dataStream:|priority:1, a8954817-1d70-4f19-b814-29be41487240|rpc:10.1.0.37:46247|dataStream:|priority:0, ba3de65c-e6c9-495e-8613-4120736e14c0|rpc:10.1.0.37:34507|dataStream:|priority:0], old=null
2022-07-30 01:48:49,532 [ba3de65c-e6c9-495e-8613-4120736e14c0@group-92A57C94F017-LeaderElection20] INFO  impl.LeaderElection (LeaderElection.java:logAndReturn(90)) - ba3de65c-e6c9-495e-8613-4120736e14c0@group-92A57C94F017-LeaderElection20: ELECTION REJECTED received 1 response(s) and 0 exception(s):
2022-07-30 01:48:49,532 [ba3de65c-e6c9-495e-8613-4120736e14c0@group-92A57C94F017-LeaderElection20] INFO  impl.LeaderElection (LeaderElection.java:logAndReturn(94)) -   Response 0: ba3de65c-e6c9-495e-8613-4120736e14c0<-7e99fd26-7598-4594-b7f2-81741e43f67c#0:FAIL-t1
2022-07-30 01:48:49,532 [ba3de65c-e6c9-495e-8613-4120736e14c0@group-92A57C94F017-LeaderElection20] INFO  impl.LeaderElection (LeaderElection.java:askForVotes(312)) - ba3de65c-e6c9-495e-8613-4120736e14c0@group-92A57C94F017-LeaderElection20 ELECTION round 0: result REJECTED
2022-07-30 01:48:49,533 [ba3de65c-e6c9-495e-8613-4120736e14c0@group-92A57C94F017-LeaderElection20] INFO  server.RaftServer$Division (RaftServerImpl.java:setRole(299)) - ba3de65c-e6c9-495e-8613-4120736e14c0@group-92A57C94F017: changes role from CANDIDATE to FOLLOWER at term 1 for REJECTED
2022-07-30 01:48:49,533 [ba3de65c-e6c9-495e-8613-4120736e14c0@group-92A57C94F017-LeaderElection20] INFO  impl.RoleInfo (RoleInfo.java:shutdownLeaderElection(130)) - ba3de65c-e6c9-495e-8613-4120736e14c0: shutdown ba3de65c-e6c9-495e-8613-4120736e14c0@group-92A57C94F017-LeaderElection20
2022-07-30 01:48:49,533 [ba3de65c-e6c9-495e-8613-4120736e14c0@group-92A57C94F017-LeaderElection20] INFO  impl.RoleInfo (RoleInfo.java:updateAndGet(139)) - ba3de65c-e6c9-495e-8613-4120736e14c0: start ba3de65c-e6c9-495e-8613-4120736e14c0@group-92A57C94F017-FollowerState
2022-07-30 01:48:49,543 [grpc-default-executor-1] INFO  server.RaftServer$Division (RaftServerImpl.java:requestVote(1152)) - a8954817-1d70-4f19-b814-29be41487240@group-92A57C94F017: receive requestVote(ELECTION, ba3de65c-e6c9-495e-8613-4120736e14c0, group-92A57C94F017, 1, (t:0, i:0))
2022-07-30 01:48:49,544 [grpc-default-executor-1] INFO  impl.VoteContext (VoteContext.java:log(48)) - a8954817-1d70-4f19-b814-29be41487240@group-92A57C94F017-FOLLOWER: accept ELECTION from ba3de65c-e6c9-495e-8613-4120736e14c0: our priority 0 <= candidate's priority 0
2022-07-30 01:48:49,544 [grpc-default-executor-1] INFO  server.RaftServer$Division (RaftServerImpl.java:setRole(299)) - a8954817-1d70-4f19-b814-29be41487240@group-92A57C94F017: changes role from  FOLLOWER to FOLLOWER at term 1 for candidate:ba3de65c-e6c9-495e-8613-4120736e14c0
2022-07-30 01:48:49,544 [grpc-default-executor-1] INFO  impl.RoleInfo (RoleInfo.java:shutdownFollowerState(110)) - a8954817-1d70-4f19-b814-29be41487240: shutdown a8954817-1d70-4f19-b814-29be41487240@group-92A57C94F017-FollowerState
2022-07-30 01:48:49,550 [grpc-default-executor-1] INFO  impl.RoleInfo (RoleInfo.java:updateAndGet(139)) - a8954817-1d70-4f19-b814-29be41487240: start a8954817-1d70-4f19-b814-29be41487240@group-92A57C94F017-FollowerState
2022-07-30 01:48:49,552 [grpc-default-executor-1] INFO  server.RaftServer$Division (RaftServerImpl.java:requestVote(1184)) - a8954817-1d70-4f19-b814-29be41487240@group-92A57C94F017 replies to ELECTION vote request: ba3de65c-e6c9-495e-8613-4120736e14c0<-a8954817-1d70-4f19-b814-29be41487240#0:OK-t1. Peer's state: a8954817-1d70-4f19-b814-29be41487240@group-92A57C94F017:t1, leader=null, voted=ba3de65c-e6c9-495e-8613-4120736e14c0, raftlog=a8954817-1d70-4f19-b814-29be41487240@group-92A57C94F017-SegmentedRaftLog:OPENED:c-1, conf=-1: [7e99fd26-7598-4594-b7f2-81741e43f67c|rpc:10.1.0.37:40277|dataStream:|priority:1, a8954817-1d70-4f19-b814-29be41487240|rpc:10.1.0.37:46247|dataStream:|priority:0, ba3de65c-e6c9-495e-8613-4120736e14c0|rpc:10.1.0.37:34507|dataStream:|priority:0], old=null
2022-07-30 01:48:49,553 [a8954817-1d70-4f19-b814-29be41487240@group-92A57C94F017-FollowerState] INFO  impl.FollowerState (FollowerState.java:run(152)) - a8954817-1d70-4f19-b814-29be41487240@group-92A57C94F017-FollowerState was interrupted
2022-07-30 01:48:50,015 [7e99fd26-7598-4594-b7f2-81741e43f67c@group-2626F122829B-FollowerState] INFO  impl.FollowerState (FollowerState.java:run(143)) - 7e99fd26-7598-4594-b7f2-81741e43f67c@group-2626F122829B-FollowerState: change to CANDIDATE, lastRpcElapsedTime:5149920805ns, electionTimeout:5132ms
2022-07-30 01:48:50,015 [7e99fd26-7598-4594-b7f2-81741e43f67c@group-2626F122829B-FollowerState] INFO  impl.RoleInfo (RoleInfo.java:shutdownFollowerState(110)) - 7e99fd26-7598-4594-b7f2-81741e43f67c: shutdown 7e99fd26-7598-4594-b7f2-81741e43f67c@group-2626F122829B-FollowerState
2022-07-30 01:48:50,016 [7e99fd26-7598-4594-b7f2-81741e43f67c@group-2626F122829B-FollowerState] INFO  server.RaftServer$Division (RaftServerImpl.java:setRole(299)) - 7e99fd26-7598-4594-b7f2-81741e43f67c@group-2626F122829B: changes role from  FOLLOWER to CANDIDATE at term 0 for changeToCandidate
2022-07-30 01:48:50,016 [7e99fd26-7598-4594-b7f2-81741e43f67c@group-2626F122829B-FollowerState] INFO  server.RaftServerConfigKeys (ConfUtils.java:logGet(46)) - raft.server.leaderelection.pre-vote = false (custom)
2022-07-30 01:48:50,016 [7e99fd26-7598-4594-b7f2-81741e43f67c@group-2626F122829B-FollowerState] INFO  impl.RoleInfo (RoleInfo.java:updateAndGet(139)) - 7e99fd26-7598-4594-b7f2-81741e43f67c: start 7e99fd26-7598-4594-b7f2-81741e43f67c@group-2626F122829B-LeaderElection21
2022-07-30 01:48:50,032 [7e99fd26-7598-4594-b7f2-81741e43f67c@group-2626F122829B-LeaderElection21] INFO  impl.LeaderElection (LeaderElection.java:askForVotes(310)) - 7e99fd26-7598-4594-b7f2-81741e43f67c@group-2626F122829B-LeaderElection21 ELECTION round 0: submit vote requests at term 1 for -1: [7e99fd26-7598-4594-b7f2-81741e43f67c|rpc:10.1.0.37:40277|priority:1], old=null
2022-07-30 01:48:50,032 [7e99fd26-7598-4594-b7f2-81741e43f67c@group-2626F122829B-LeaderElection21] INFO  impl.LeaderElection (LeaderElection.java:askForVotes(312)) - 7e99fd26-7598-4594-b7f2-81741e43f67c@group-2626F122829B-LeaderElection21 ELECTION round 0: result PASSED (term=1)
2022-07-30 01:48:50,032 [7e99fd26-7598-4594-b7f2-81741e43f67c@group-2626F122829B-LeaderElection21] INFO  impl.RoleInfo (RoleInfo.java:shutdownLeaderElection(130)) - 7e99fd26-7598-4594-b7f2-81741e43f67c: shutdown 7e99fd26-7598-4594-b7f2-81741e43f67c@group-2626F122829B-LeaderElection21
2022-07-30 01:48:50,032 [7e99fd26-7598-4594-b7f2-81741e43f67c@group-2626F122829B-LeaderElection21] INFO  server.RaftServer$Division (RaftServerImpl.java:setRole(299)) - 7e99fd26-7598-4594-b7f2-81741e43f67c@group-2626F122829B: changes role from CANDIDATE to LEADER at term 1 for changeToLeader
2022-07-30 01:48:50,032 [7e99fd26-7598-4594-b7f2-81741e43f67c@group-2626F122829B-LeaderElection21] INFO  ratis.XceiverServerRatis (XceiverServerRatis.java:handleLeaderChangedNotification(863)) - Leader change notification received for group: group-2626F122829B with new leaderId: 7e99fd26-7598-4594-b7f2-81741e43f67c
2022-07-30 01:48:50,034 [7e99fd26-7598-4594-b7f2-81741e43f67c@group-2626F122829B-LeaderElection21] INFO  server.RaftServer$Division (ServerState.java:setLeader(287)) - 7e99fd26-7598-4594-b7f2-81741e43f67c@group-2626F122829B: change Leader from null to 7e99fd26-7598-4594-b7f2-81741e43f67c at term 1 for becomeLeader, leader elected after 5185ms
2022-07-30 01:48:50,034 [7e99fd26-7598-4594-b7f2-81741e43f67c@group-2626F122829B-LeaderElection21] INFO  server.RaftServerConfigKeys (ConfUtils.java:logGet(46)) - raft.server.staging.catchup.gap = 1000 (default)
2022-07-30 01:48:50,035 [7e99fd26-7598-4594-b7f2-81741e43f67c@group-2626F122829B-LeaderElection21] INFO  server.RaftServerConfigKeys (ConfUtils.java:logGet(46)) - raft.server.write.element-limit = 1024 (custom)
2022-07-30 01:48:50,035 [EventQueue-OpenPipelineForHealthyPipelineSafeModeRule] INFO  safemode.SCMSafeModeManager (HealthyPipelineSafeModeRule.java:process(137)) - SCM in safe mode. Healthy pipelines reported count is 0, required healthy pipeline reported count is 1
2022-07-30 01:48:50,035 [7e99fd26-7598-4594-b7f2-81741e43f67c@group-2626F122829B-LeaderElection21] INFO  server.RaftServerConfigKeys (ConfUtils.java:logGet(46)) - raft.server.write.byte-limit = 1024 M (=1073741824) (custom)
2022-07-30 01:48:50,036 [7e99fd26-7598-4594-b7f2-81741e43f67c@group-2626F122829B-LeaderElection21] INFO  server.RaftServerConfigKeys (ConfUtils.java:logGet(46)) - raft.server.watch.timeout = 180s (custom)
2022-07-30 01:48:50,036 [7e99fd26-7598-4594-b7f2-81741e43f67c@group-2626F122829B-LeaderElection21] INFO  server.RaftServerConfigKeys (ConfUtils.java:logGet(46)) - raft.server.watch.timeout.denomination = 1s (default)
2022-07-30 01:48:50,036 [7e99fd26-7598-4594-b7f2-81741e43f67c@group-2626F122829B-LeaderElection21] INFO  server.RaftServerConfigKeys (ConfUtils.java:logGet(46)) - raft.server.watch.element-limit = 65536 (default)
2022-07-30 01:48:50,036 [7e99fd26-7598-4594-b7f2-81741e43f67c@group-2626F122829B-LeaderElection21] INFO  server.RaftServerConfigKeys (ConfUtils.java:logGet(46)) - raft.server.write.element-limit = 1024 (custom)
2022-07-30 01:48:50,036 [7e99fd26-7598-4594-b7f2-81741e43f67c@group-2626F122829B-LeaderElection21] INFO  server.RaftServerConfigKeys (ConfUtils.java:logGet(46)) - raft.server.write.follower.gap.ratio.max = -1.0 (default)
2022-07-30 01:48:50,036 [7e99fd26-7598-4594-b7f2-81741e43f67c@group-2626F122829B-LeaderElection21] INFO  impl.RoleInfo (RoleInfo.java:updateAndGet(139)) - 7e99fd26-7598-4594-b7f2-81741e43f67c: start 7e99fd26-7598-4594-b7f2-81741e43f67c@group-2626F122829B-LeaderStateImpl
2022-07-30 01:48:50,037 [7e99fd26-7598-4594-b7f2-81741e43f67c@group-2626F122829B-LeaderElection21] INFO  segmented.SegmentedRaftLogWorker (SegmentedRaftLogWorker.java:startLogSegment(425)) - 7e99fd26-7598-4594-b7f2-81741e43f67c@group-2626F122829B-SegmentedRaftLogWorker: Starting segment from index:0
2022-07-30 01:48:50,039 [7e99fd26-7598-4594-b7f2-81741e43f67c@group-2626F122829B-SegmentedRaftLogWorker] INFO  segmented.SegmentedRaftLogWorker (SegmentedRaftLogWorker.java:execute(629)) - 7e99fd26-7598-4594-b7f2-81741e43f67c@group-2626F122829B-SegmentedRaftLogWorker: created new log segment /home/runner/work/ozone/ozone/hadoop-ozone/integration-test/target/test-dir/MiniOzoneClusterImpl-c8472f64-5143-4d61-85a0-9e96bab939e3/datanode-1/data/ratis/82c93a42-215d-41b0-8a1c-2626f122829b/current/log_inprogress_0
2022-07-30 01:48:50,051 [7e99fd26-7598-4594-b7f2-81741e43f67c@group-2626F122829B-LeaderElection21] INFO  server.RaftServer$Division (ServerState.java:setRaftConf(393)) - 7e99fd26-7598-4594-b7f2-81741e43f67c@group-2626F122829B: set configuration 0: [7e99fd26-7598-4594-b7f2-81741e43f67c|rpc:10.1.0.37:40277|dataStream:|priority:1], old=null
2022-07-30 01:48:50,411 [Listener at 127.0.0.1/43571] INFO  ozone.MiniOzoneClusterImpl (MiniOzoneClusterImpl.java:lambda$waitForClusterToBeReady$0(216)) - Nodes are ready. Got 5 of 5 DN Heartbeats.
2022-07-30 01:48:50,412 [Listener at 127.0.0.1/43571] INFO  ozone.MiniOzoneClusterImpl (MiniOzoneClusterImpl.java:lambda$waitForClusterToBeReady$0(219)) - Waiting for cluster to exit safe mode
2022-07-30 01:48:50,412 [Listener at 127.0.0.1/43571] INFO  ozone.MiniOzoneClusterImpl (MiniOzoneClusterImpl.java:lambda$waitForClusterToBeReady$0(221)) - SCM became leader
2022-07-30 01:48:50,898 [a8954817-1d70-4f19-b814-29be41487240@group-D67549BCE49D-FollowerState] INFO  impl.FollowerState (FollowerState.java:run(143)) - a8954817-1d70-4f19-b814-29be41487240@group-D67549BCE49D-FollowerState: change to CANDIDATE, lastRpcElapsedTime:5167497838ns, electionTimeout:5165ms
2022-07-30 01:48:50,898 [a8954817-1d70-4f19-b814-29be41487240@group-D67549BCE49D-FollowerState] INFO  impl.RoleInfo (RoleInfo.java:shutdownFollowerState(110)) - a8954817-1d70-4f19-b814-29be41487240: shutdown a8954817-1d70-4f19-b814-29be41487240@group-D67549BCE49D-FollowerState
2022-07-30 01:48:50,898 [a8954817-1d70-4f19-b814-29be41487240@group-D67549BCE49D-FollowerState] INFO  server.RaftServer$Division (RaftServerImpl.java:setRole(299)) - a8954817-1d70-4f19-b814-29be41487240@group-D67549BCE49D: changes role from  FOLLOWER to CANDIDATE at term 0 for changeToCandidate
2022-07-30 01:48:50,899 [a8954817-1d70-4f19-b814-29be41487240@group-D67549BCE49D-FollowerState] INFO  server.RaftServerConfigKeys (ConfUtils.java:logGet(46)) - raft.server.leaderelection.pre-vote = false (custom)
2022-07-30 01:48:50,899 [a8954817-1d70-4f19-b814-29be41487240@group-D67549BCE49D-FollowerState] INFO  impl.RoleInfo (RoleInfo.java:updateAndGet(139)) - a8954817-1d70-4f19-b814-29be41487240: start a8954817-1d70-4f19-b814-29be41487240@group-D67549BCE49D-LeaderElection22
2022-07-30 01:48:50,914 [a8954817-1d70-4f19-b814-29be41487240@group-D67549BCE49D-LeaderElection22] INFO  impl.LeaderElection (LeaderElection.java:askForVotes(310)) - a8954817-1d70-4f19-b814-29be41487240@group-D67549BCE49D-LeaderElection22 ELECTION round 0: submit vote requests at term 1 for -1: [a8954817-1d70-4f19-b814-29be41487240|rpc:10.1.0.37:46247|priority:1], old=null
2022-07-30 01:48:50,914 [a8954817-1d70-4f19-b814-29be41487240@group-D67549BCE49D-LeaderElection22] INFO  impl.LeaderElection (LeaderElection.java:askForVotes(312)) - a8954817-1d70-4f19-b814-29be41487240@group-D67549BCE49D-LeaderElection22 ELECTION round 0: result PASSED (term=1)
2022-07-30 01:48:50,914 [a8954817-1d70-4f19-b814-29be41487240@group-D67549BCE49D-LeaderElection22] INFO  impl.RoleInfo (RoleInfo.java:shutdownLeaderElection(130)) - a8954817-1d70-4f19-b814-29be41487240: shutdown a8954817-1d70-4f19-b814-29be41487240@group-D67549BCE49D-LeaderElection22
2022-07-30 01:48:50,914 [a8954817-1d70-4f19-b814-29be41487240@group-D67549BCE49D-LeaderElection22] INFO  server.RaftServer$Division (RaftServerImpl.java:setRole(299)) - a8954817-1d70-4f19-b814-29be41487240@group-D67549BCE49D: changes role from CANDIDATE to LEADER at term 1 for changeToLeader
2022-07-30 01:48:50,914 [a8954817-1d70-4f19-b814-29be41487240@group-D67549BCE49D-LeaderElection22] INFO  ratis.XceiverServerRatis (XceiverServerRatis.java:handleLeaderChangedNotification(863)) - Leader change notification received for group: group-D67549BCE49D with new leaderId: a8954817-1d70-4f19-b814-29be41487240
2022-07-30 01:48:50,915 [EventQueue-OpenPipelineForHealthyPipelineSafeModeRule] INFO  safemode.SCMSafeModeManager (HealthyPipelineSafeModeRule.java:process(137)) - SCM in safe mode. Healthy pipelines reported count is 0, required healthy pipeline reported count is 1
2022-07-30 01:48:50,919 [a8954817-1d70-4f19-b814-29be41487240@group-D67549BCE49D-LeaderElection22] INFO  server.RaftServer$Division (ServerState.java:setLeader(287)) - a8954817-1d70-4f19-b814-29be41487240@group-D67549BCE49D: change Leader from null to a8954817-1d70-4f19-b814-29be41487240 at term 1 for becomeLeader, leader elected after 5200ms
2022-07-30 01:48:50,919 [a8954817-1d70-4f19-b814-29be41487240@group-D67549BCE49D-LeaderElection22] INFO  server.RaftServerConfigKeys (ConfUtils.java:logGet(46)) - raft.server.staging.catchup.gap = 1000 (default)
2022-07-30 01:48:50,923 [a8954817-1d70-4f19-b814-29be41487240@group-D67549BCE49D-LeaderElection22] INFO  server.RaftServerConfigKeys (ConfUtils.java:logGet(46)) - raft.server.write.element-limit = 1024 (custom)
2022-07-30 01:48:50,923 [a8954817-1d70-4f19-b814-29be41487240@group-D67549BCE49D-LeaderElection22] INFO  server.RaftServerConfigKeys (ConfUtils.java:logGet(46)) - raft.server.write.byte-limit = 1024 M (=1073741824) (custom)
2022-07-30 01:48:50,923 [a8954817-1d70-4f19-b814-29be41487240@group-D67549BCE49D-LeaderElection22] INFO  server.RaftServerConfigKeys (ConfUtils.java:logGet(46)) - raft.server.watch.timeout = 180s (custom)
2022-07-30 01:48:50,923 [a8954817-1d70-4f19-b814-29be41487240@group-D67549BCE49D-LeaderElection22] INFO  server.RaftServerConfigKeys (ConfUtils.java:logGet(46)) - raft.server.watch.timeout.denomination = 1s (default)
2022-07-30 01:48:50,923 [a8954817-1d70-4f19-b814-29be41487240@group-D67549BCE49D-LeaderElection22] INFO  server.RaftServerConfigKeys (ConfUtils.java:logGet(46)) - raft.server.watch.element-limit = 65536 (default)
2022-07-30 01:48:50,924 [a8954817-1d70-4f19-b814-29be41487240@group-D67549BCE49D-LeaderElection22] INFO  server.RaftServerConfigKeys (ConfUtils.java:logGet(46)) - raft.server.write.element-limit = 1024 (custom)
2022-07-30 01:48:50,924 [a8954817-1d70-4f19-b814-29be41487240@group-D67549BCE49D-LeaderElection22] INFO  server.RaftServerConfigKeys (ConfUtils.java:logGet(46)) - raft.server.write.follower.gap.ratio.max = -1.0 (default)
2022-07-30 01:48:50,924 [a8954817-1d70-4f19-b814-29be41487240@group-D67549BCE49D-LeaderElection22] INFO  impl.RoleInfo (RoleInfo.java:updateAndGet(139)) - a8954817-1d70-4f19-b814-29be41487240: start a8954817-1d70-4f19-b814-29be41487240@group-D67549BCE49D-LeaderStateImpl
2022-07-30 01:48:50,924 [a8954817-1d70-4f19-b814-29be41487240@group-D67549BCE49D-LeaderElection22] INFO  segmented.SegmentedRaftLogWorker (SegmentedRaftLogWorker.java:startLogSegment(425)) - a8954817-1d70-4f19-b814-29be41487240@group-D67549BCE49D-SegmentedRaftLogWorker: Starting segment from index:0
2022-07-30 01:48:50,926 [a8954817-1d70-4f19-b814-29be41487240@group-D67549BCE49D-LeaderElection22] INFO  server.RaftServer$Division (ServerState.java:setRaftConf(393)) - a8954817-1d70-4f19-b814-29be41487240@group-D67549BCE49D: set configuration 0: [a8954817-1d70-4f19-b814-29be41487240|rpc:10.1.0.37:46247|dataStream:|priority:1], old=null
2022-07-30 01:48:50,926 [a8954817-1d70-4f19-b814-29be41487240@group-D67549BCE49D-SegmentedRaftLogWorker] INFO  segmented.SegmentedRaftLogWorker (SegmentedRaftLogWorker.java:execute(629)) - a8954817-1d70-4f19-b814-29be41487240@group-D67549BCE49D-SegmentedRaftLogWorker: created new log segment /home/runner/work/ozone/ozone/hadoop-ozone/integration-test/target/test-dir/MiniOzoneClusterImpl-c8472f64-5143-4d61-85a0-9e96bab939e3/datanode-2/data/ratis/8105e1b6-a03e-4921-b9a7-d67549bce49d/current/log_inprogress_0
2022-07-30 01:48:51,412 [Listener at 127.0.0.1/43571] INFO  ozone.MiniOzoneClusterImpl (MiniOzoneClusterImpl.java:lambda$waitForClusterToBeReady$0(216)) - Nodes are ready. Got 5 of 5 DN Heartbeats.
2022-07-30 01:48:51,412 [Listener at 127.0.0.1/43571] INFO  ozone.MiniOzoneClusterImpl (MiniOzoneClusterImpl.java:lambda$waitForClusterToBeReady$0(219)) - Waiting for cluster to exit safe mode
2022-07-30 01:48:51,412 [Listener at 127.0.0.1/43571] INFO  ozone.MiniOzoneClusterImpl (MiniOzoneClusterImpl.java:lambda$waitForClusterToBeReady$0(221)) - SCM became leader
2022-07-30 01:48:51,806 [584f7c35-64f1-4103-804c-22c4f8184f79@group-5859F036E09C-FollowerState] INFO  impl.FollowerState (FollowerState.java:run(143)) - 584f7c35-64f1-4103-804c-22c4f8184f79@group-5859F036E09C-FollowerState: change to CANDIDATE, lastRpcElapsedTime:5164984636ns, electionTimeout:5161ms
2022-07-30 01:48:51,807 [584f7c35-64f1-4103-804c-22c4f8184f79@group-5859F036E09C-FollowerState] INFO  impl.RoleInfo (RoleInfo.java:shutdownFollowerState(110)) - 584f7c35-64f1-4103-804c-22c4f8184f79: shutdown 584f7c35-64f1-4103-804c-22c4f8184f79@group-5859F036E09C-FollowerState
2022-07-30 01:48:51,807 [584f7c35-64f1-4103-804c-22c4f8184f79@group-5859F036E09C-FollowerState] INFO  server.RaftServer$Division (RaftServerImpl.java:setRole(299)) - 584f7c35-64f1-4103-804c-22c4f8184f79@group-5859F036E09C: changes role from  FOLLOWER to CANDIDATE at term 0 for changeToCandidate
2022-07-30 01:48:51,807 [584f7c35-64f1-4103-804c-22c4f8184f79@group-5859F036E09C-FollowerState] INFO  server.RaftServerConfigKeys (ConfUtils.java:logGet(46)) - raft.server.leaderelection.pre-vote = false (custom)
2022-07-30 01:48:51,807 [584f7c35-64f1-4103-804c-22c4f8184f79@group-5859F036E09C-FollowerState] INFO  impl.RoleInfo (RoleInfo.java:updateAndGet(139)) - 584f7c35-64f1-4103-804c-22c4f8184f79: start 584f7c35-64f1-4103-804c-22c4f8184f79@group-5859F036E09C-LeaderElection23
2022-07-30 01:48:51,823 [584f7c35-64f1-4103-804c-22c4f8184f79@group-5859F036E09C-LeaderElection23] INFO  impl.LeaderElection (LeaderElection.java:askForVotes(310)) - 584f7c35-64f1-4103-804c-22c4f8184f79@group-5859F036E09C-LeaderElection23 ELECTION round 0: submit vote requests at term 1 for -1: [584f7c35-64f1-4103-804c-22c4f8184f79|rpc:10.1.0.37:33221|priority:1], old=null
2022-07-30 01:48:51,823 [584f7c35-64f1-4103-804c-22c4f8184f79@group-5859F036E09C-LeaderElection23] INFO  impl.LeaderElection (LeaderElection.java:askForVotes(312)) - 584f7c35-64f1-4103-804c-22c4f8184f79@group-5859F036E09C-LeaderElection23 ELECTION round 0: result PASSED (term=1)
2022-07-30 01:48:51,823 [584f7c35-64f1-4103-804c-22c4f8184f79@group-5859F036E09C-LeaderElection23] INFO  impl.RoleInfo (RoleInfo.java:shutdownLeaderElection(130)) - 584f7c35-64f1-4103-804c-22c4f8184f79: shutdown 584f7c35-64f1-4103-804c-22c4f8184f79@group-5859F036E09C-LeaderElection23
2022-07-30 01:48:51,823 [584f7c35-64f1-4103-804c-22c4f8184f79@group-5859F036E09C-LeaderElection23] INFO  server.RaftServer$Division (RaftServerImpl.java:setRole(299)) - 584f7c35-64f1-4103-804c-22c4f8184f79@group-5859F036E09C: changes role from CANDIDATE to LEADER at term 1 for changeToLeader
2022-07-30 01:48:51,823 [584f7c35-64f1-4103-804c-22c4f8184f79@group-5859F036E09C-LeaderElection23] INFO  ratis.XceiverServerRatis (XceiverServerRatis.java:handleLeaderChangedNotification(863)) - Leader change notification received for group: group-5859F036E09C with new leaderId: 584f7c35-64f1-4103-804c-22c4f8184f79
2022-07-30 01:48:51,828 [584f7c35-64f1-4103-804c-22c4f8184f79@group-5859F036E09C-LeaderElection23] INFO  server.RaftServer$Division (ServerState.java:setLeader(287)) - 584f7c35-64f1-4103-804c-22c4f8184f79@group-5859F036E09C: change Leader from null to 584f7c35-64f1-4103-804c-22c4f8184f79 at term 1 for becomeLeader, leader elected after 5198ms
2022-07-30 01:48:51,828 [584f7c35-64f1-4103-804c-22c4f8184f79@group-5859F036E09C-LeaderElection23] INFO  server.RaftServerConfigKeys (ConfUtils.java:logGet(46)) - raft.server.staging.catchup.gap = 1000 (default)
2022-07-30 01:48:51,829 [EventQueue-OpenPipelineForHealthyPipelineSafeModeRule] INFO  safemode.SCMSafeModeManager (HealthyPipelineSafeModeRule.java:process(137)) - SCM in safe mode. Healthy pipelines reported count is 0, required healthy pipeline reported count is 1
2022-07-30 01:48:51,830 [584f7c35-64f1-4103-804c-22c4f8184f79@group-5859F036E09C-LeaderElection23] INFO  server.RaftServerConfigKeys (ConfUtils.java:logGet(46)) - raft.server.write.element-limit = 1024 (custom)
2022-07-30 01:48:51,830 [584f7c35-64f1-4103-804c-22c4f8184f79@group-5859F036E09C-LeaderElection23] INFO  server.RaftServerConfigKeys (ConfUtils.java:logGet(46)) - raft.server.write.byte-limit = 1024 M (=1073741824) (custom)
2022-07-30 01:48:51,830 [584f7c35-64f1-4103-804c-22c4f8184f79@group-5859F036E09C-LeaderElection23] INFO  server.RaftServerConfigKeys (ConfUtils.java:logGet(46)) - raft.server.watch.timeout = 180s (custom)
2022-07-30 01:48:51,830 [584f7c35-64f1-4103-804c-22c4f8184f79@group-5859F036E09C-LeaderElection23] INFO  server.RaftServerConfigKeys (ConfUtils.java:logGet(46)) - raft.server.watch.timeout.denomination = 1s (default)
2022-07-30 01:48:51,830 [584f7c35-64f1-4103-804c-22c4f8184f79@group-5859F036E09C-LeaderElection23] INFO  server.RaftServerConfigKeys (ConfUtils.java:logGet(46)) - raft.server.watch.element-limit = 65536 (default)
2022-07-30 01:48:51,830 [584f7c35-64f1-4103-804c-22c4f8184f79@group-5859F036E09C-LeaderElection23] INFO  server.RaftServerConfigKeys (ConfUtils.java:logGet(46)) - raft.server.write.element-limit = 1024 (custom)
2022-07-30 01:48:51,830 [584f7c35-64f1-4103-804c-22c4f8184f79@group-5859F036E09C-LeaderElection23] INFO  server.RaftServerConfigKeys (ConfUtils.java:logGet(46)) - raft.server.write.follower.gap.ratio.max = -1.0 (default)
2022-07-30 01:48:51,830 [584f7c35-64f1-4103-804c-22c4f8184f79@group-5859F036E09C-LeaderElection23] INFO  impl.RoleInfo (RoleInfo.java:updateAndGet(139)) - 584f7c35-64f1-4103-804c-22c4f8184f79: start 584f7c35-64f1-4103-804c-22c4f8184f79@group-5859F036E09C-LeaderStateImpl
2022-07-30 01:48:51,831 [584f7c35-64f1-4103-804c-22c4f8184f79@group-5859F036E09C-LeaderElection23] INFO  segmented.SegmentedRaftLogWorker (SegmentedRaftLogWorker.java:startLogSegment(425)) - 584f7c35-64f1-4103-804c-22c4f8184f79@group-5859F036E09C-SegmentedRaftLogWorker: Starting segment from index:0
2022-07-30 01:48:51,834 [584f7c35-64f1-4103-804c-22c4f8184f79@group-5859F036E09C-SegmentedRaftLogWorker] INFO  segmented.SegmentedRaftLogWorker (SegmentedRaftLogWorker.java:execute(629)) - 584f7c35-64f1-4103-804c-22c4f8184f79@group-5859F036E09C-SegmentedRaftLogWorker: created new log segment /home/runner/work/ozone/ozone/hadoop-ozone/integration-test/target/test-dir/MiniOzoneClusterImpl-c8472f64-5143-4d61-85a0-9e96bab939e3/datanode-3/data/ratis/c45bf84c-02c6-4d52-902d-5859f036e09c/current/log_inprogress_0
2022-07-30 01:48:51,854 [584f7c35-64f1-4103-804c-22c4f8184f79@group-5859F036E09C-LeaderElection23] INFO  server.RaftServer$Division (ServerState.java:setRaftConf(393)) - 584f7c35-64f1-4103-804c-22c4f8184f79@group-5859F036E09C: set configuration 0: [584f7c35-64f1-4103-804c-22c4f8184f79|rpc:10.1.0.37:33221|dataStream:|priority:1], old=null
2022-07-30 01:48:52,412 [Listener at 127.0.0.1/43571] INFO  ozone.MiniOzoneClusterImpl (MiniOzoneClusterImpl.java:lambda$waitForClusterToBeReady$0(216)) - Nodes are ready. Got 5 of 5 DN Heartbeats.
2022-07-30 01:48:52,413 [Listener at 127.0.0.1/43571] INFO  ozone.MiniOzoneClusterImpl (MiniOzoneClusterImpl.java:lambda$waitForClusterToBeReady$0(219)) - Waiting for cluster to exit safe mode
2022-07-30 01:48:52,413 [Listener at 127.0.0.1/43571] INFO  ozone.MiniOzoneClusterImpl (MiniOzoneClusterImpl.java:lambda$waitForClusterToBeReady$0(221)) - SCM became leader
2022-07-30 01:48:52,567 [0afd43b6-07b3-44a6-8ea4-53b5cafc6713@group-8785E2BFC9B7-FollowerState] INFO  impl.FollowerState (FollowerState.java:run(143)) - 0afd43b6-07b3-44a6-8ea4-53b5cafc6713@group-8785E2BFC9B7-FollowerState: change to CANDIDATE, lastRpcElapsedTime:5035848203ns, electionTimeout:5027ms
2022-07-30 01:48:52,567 [0afd43b6-07b3-44a6-8ea4-53b5cafc6713@group-8785E2BFC9B7-FollowerState] INFO  impl.RoleInfo (RoleInfo.java:shutdownFollowerState(110)) - 0afd43b6-07b3-44a6-8ea4-53b5cafc6713: shutdown 0afd43b6-07b3-44a6-8ea4-53b5cafc6713@group-8785E2BFC9B7-FollowerState
2022-07-30 01:48:52,567 [0afd43b6-07b3-44a6-8ea4-53b5cafc6713@group-8785E2BFC9B7-FollowerState] INFO  server.RaftServer$Division (RaftServerImpl.java:setRole(299)) - 0afd43b6-07b3-44a6-8ea4-53b5cafc6713@group-8785E2BFC9B7: changes role from  FOLLOWER to CANDIDATE at term 0 for changeToCandidate
2022-07-30 01:48:52,567 [0afd43b6-07b3-44a6-8ea4-53b5cafc6713@group-8785E2BFC9B7-FollowerState] INFO  server.RaftServerConfigKeys (ConfUtils.java:logGet(46)) - raft.server.leaderelection.pre-vote = false (custom)
2022-07-30 01:48:52,567 [0afd43b6-07b3-44a6-8ea4-53b5cafc6713@group-8785E2BFC9B7-FollowerState] INFO  impl.RoleInfo (RoleInfo.java:updateAndGet(139)) - 0afd43b6-07b3-44a6-8ea4-53b5cafc6713: start 0afd43b6-07b3-44a6-8ea4-53b5cafc6713@group-8785E2BFC9B7-LeaderElection24
2022-07-30 01:48:52,596 [0afd43b6-07b3-44a6-8ea4-53b5cafc6713@group-8785E2BFC9B7-LeaderElection24] INFO  impl.LeaderElection (LeaderElection.java:askForVotes(310)) - 0afd43b6-07b3-44a6-8ea4-53b5cafc6713@group-8785E2BFC9B7-LeaderElection24 ELECTION round 0: submit vote requests at term 1 for -1: [0afd43b6-07b3-44a6-8ea4-53b5cafc6713|rpc:10.1.0.37:37931|priority:1], old=null
2022-07-30 01:48:52,596 [0afd43b6-07b3-44a6-8ea4-53b5cafc6713@group-8785E2BFC9B7-LeaderElection24] INFO  impl.LeaderElection (LeaderElection.java:askForVotes(312)) - 0afd43b6-07b3-44a6-8ea4-53b5cafc6713@group-8785E2BFC9B7-LeaderElection24 ELECTION round 0: result PASSED (term=1)
2022-07-30 01:48:52,596 [0afd43b6-07b3-44a6-8ea4-53b5cafc6713@group-8785E2BFC9B7-LeaderElection24] INFO  impl.RoleInfo (RoleInfo.java:shutdownLeaderElection(130)) - 0afd43b6-07b3-44a6-8ea4-53b5cafc6713: shutdown 0afd43b6-07b3-44a6-8ea4-53b5cafc6713@group-8785E2BFC9B7-LeaderElection24
2022-07-30 01:48:52,596 [0afd43b6-07b3-44a6-8ea4-53b5cafc6713@group-8785E2BFC9B7-LeaderElection24] INFO  server.RaftServer$Division (RaftServerImpl.java:setRole(299)) - 0afd43b6-07b3-44a6-8ea4-53b5cafc6713@group-8785E2BFC9B7: changes role from CANDIDATE to LEADER at term 1 for changeToLeader
2022-07-30 01:48:52,596 [0afd43b6-07b3-44a6-8ea4-53b5cafc6713@group-8785E2BFC9B7-LeaderElection24] INFO  ratis.XceiverServerRatis (XceiverServerRatis.java:handleLeaderChangedNotification(863)) - Leader change notification received for group: group-8785E2BFC9B7 with new leaderId: 0afd43b6-07b3-44a6-8ea4-53b5cafc6713
2022-07-30 01:48:52,596 [0afd43b6-07b3-44a6-8ea4-53b5cafc6713@group-8785E2BFC9B7-LeaderElection24] INFO  server.RaftServer$Division (ServerState.java:setLeader(287)) - 0afd43b6-07b3-44a6-8ea4-53b5cafc6713@group-8785E2BFC9B7: change Leader from null to 0afd43b6-07b3-44a6-8ea4-53b5cafc6713 at term 1 for becomeLeader, leader elected after 5090ms
2022-07-30 01:48:52,596 [0afd43b6-07b3-44a6-8ea4-53b5cafc6713@group-8785E2BFC9B7-LeaderElection24] INFO  server.RaftServerConfigKeys (ConfUtils.java:logGet(46)) - raft.server.staging.catchup.gap = 1000 (default)
2022-07-30 01:48:52,596 [0afd43b6-07b3-44a6-8ea4-53b5cafc6713@group-8785E2BFC9B7-LeaderElection24] INFO  server.RaftServerConfigKeys (ConfUtils.java:logGet(46)) - raft.server.write.element-limit = 1024 (custom)
2022-07-30 01:48:52,597 [0afd43b6-07b3-44a6-8ea4-53b5cafc6713@group-8785E2BFC9B7-LeaderElection24] INFO  server.RaftServerConfigKeys (ConfUtils.java:logGet(46)) - raft.server.write.byte-limit = 1024 M (=1073741824) (custom)
2022-07-30 01:48:52,597 [0afd43b6-07b3-44a6-8ea4-53b5cafc6713@group-8785E2BFC9B7-LeaderElection24] INFO  server.RaftServerConfigKeys (ConfUtils.java:logGet(46)) - raft.server.watch.timeout = 180s (custom)
2022-07-30 01:48:52,597 [0afd43b6-07b3-44a6-8ea4-53b5cafc6713@group-8785E2BFC9B7-LeaderElection24] INFO  server.RaftServerConfigKeys (ConfUtils.java:logGet(46)) - raft.server.watch.timeout.denomination = 1s (default)
2022-07-30 01:48:52,597 [0afd43b6-07b3-44a6-8ea4-53b5cafc6713@group-8785E2BFC9B7-LeaderElection24] INFO  server.RaftServerConfigKeys (ConfUtils.java:logGet(46)) - raft.server.watch.element-limit = 65536 (default)
2022-07-30 01:48:52,597 [EventQueue-OpenPipelineForHealthyPipelineSafeModeRule] INFO  safemode.SCMSafeModeManager (HealthyPipelineSafeModeRule.java:process(137)) - SCM in safe mode. Healthy pipelines reported count is 0, required healthy pipeline reported count is 1
2022-07-30 01:48:52,598 [0afd43b6-07b3-44a6-8ea4-53b5cafc6713@group-8785E2BFC9B7-LeaderElection24] INFO  server.RaftServerConfigKeys (ConfUtils.java:logGet(46)) - raft.server.write.element-limit = 1024 (custom)
2022-07-30 01:48:52,598 [0afd43b6-07b3-44a6-8ea4-53b5cafc6713@group-8785E2BFC9B7-LeaderElection24] INFO  server.RaftServerConfigKeys (ConfUtils.java:logGet(46)) - raft.server.write.follower.gap.ratio.max = -1.0 (default)
2022-07-30 01:48:52,598 [0afd43b6-07b3-44a6-8ea4-53b5cafc6713@group-8785E2BFC9B7-LeaderElection24] INFO  impl.RoleInfo (RoleInfo.java:updateAndGet(139)) - 0afd43b6-07b3-44a6-8ea4-53b5cafc6713: start 0afd43b6-07b3-44a6-8ea4-53b5cafc6713@group-8785E2BFC9B7-LeaderStateImpl
2022-07-30 01:48:52,598 [0afd43b6-07b3-44a6-8ea4-53b5cafc6713@group-8785E2BFC9B7-LeaderElection24] INFO  segmented.SegmentedRaftLogWorker (SegmentedRaftLogWorker.java:startLogSegment(425)) - 0afd43b6-07b3-44a6-8ea4-53b5cafc6713@group-8785E2BFC9B7-SegmentedRaftLogWorker: Starting segment from index:0
2022-07-30 01:48:52,600 [0afd43b6-07b3-44a6-8ea4-53b5cafc6713@group-8785E2BFC9B7-SegmentedRaftLogWorker] INFO  segmented.SegmentedRaftLogWorker (SegmentedRaftLogWorker.java:execute(629)) - 0afd43b6-07b3-44a6-8ea4-53b5cafc6713@group-8785E2BFC9B7-SegmentedRaftLogWorker: created new log segment /home/runner/work/ozone/ozone/hadoop-ozone/integration-test/target/test-dir/MiniOzoneClusterImpl-c8472f64-5143-4d61-85a0-9e96bab939e3/datanode-4/data/ratis/c71b2388-eb55-43e8-be7e-8785e2bfc9b7/current/log_inprogress_0
2022-07-30 01:48:52,607 [0afd43b6-07b3-44a6-8ea4-53b5cafc6713@group-8785E2BFC9B7-LeaderElection24] INFO  server.RaftServer$Division (ServerState.java:setRaftConf(393)) - 0afd43b6-07b3-44a6-8ea4-53b5cafc6713@group-8785E2BFC9B7: set configuration 0: [0afd43b6-07b3-44a6-8ea4-53b5cafc6713|rpc:10.1.0.37:37931|dataStream:|priority:1], old=null
2022-07-30 01:48:53,413 [Listener at 127.0.0.1/43571] INFO  ozone.MiniOzoneClusterImpl (MiniOzoneClusterImpl.java:lambda$waitForClusterToBeReady$0(216)) - Nodes are ready. Got 5 of 5 DN Heartbeats.
2022-07-30 01:48:53,413 [Listener at 127.0.0.1/43571] INFO  ozone.MiniOzoneClusterImpl (MiniOzoneClusterImpl.java:lambda$waitForClusterToBeReady$0(219)) - Waiting for cluster to exit safe mode
2022-07-30 01:48:53,414 [Listener at 127.0.0.1/43571] INFO  ozone.MiniOzoneClusterImpl (MiniOzoneClusterImpl.java:lambda$waitForClusterToBeReady$0(221)) - SCM became leader
2022-07-30 01:48:54,414 [Listener at 127.0.0.1/43571] INFO  ozone.MiniOzoneClusterImpl (MiniOzoneClusterImpl.java:lambda$waitForClusterToBeReady$0(216)) - Nodes are ready. Got 5 of 5 DN Heartbeats.
2022-07-30 01:48:54,414 [Listener at 127.0.0.1/43571] INFO  ozone.MiniOzoneClusterImpl (MiniOzoneClusterImpl.java:lambda$waitForClusterToBeReady$0(219)) - Waiting for cluster to exit safe mode
2022-07-30 01:48:54,414 [Listener at 127.0.0.1/43571] INFO  ozone.MiniOzoneClusterImpl (MiniOzoneClusterImpl.java:lambda$waitForClusterToBeReady$0(221)) - SCM became leader
2022-07-30 01:48:54,440 [a8954817-1d70-4f19-b814-29be41487240@group-0DCD7174B461-FollowerState] INFO  impl.FollowerState (FollowerState.java:run(143)) - a8954817-1d70-4f19-b814-29be41487240@group-0DCD7174B461-FollowerState: change to CANDIDATE, lastRpcElapsedTime:5128080156ns, electionTimeout:5103ms
2022-07-30 01:48:54,440 [a8954817-1d70-4f19-b814-29be41487240@group-0DCD7174B461-FollowerState] INFO  impl.RoleInfo (RoleInfo.java:shutdownFollowerState(110)) - a8954817-1d70-4f19-b814-29be41487240: shutdown a8954817-1d70-4f19-b814-29be41487240@group-0DCD7174B461-FollowerState
2022-07-30 01:48:54,440 [a8954817-1d70-4f19-b814-29be41487240@group-0DCD7174B461-FollowerState] INFO  server.RaftServer$Division (RaftServerImpl.java:setRole(299)) - a8954817-1d70-4f19-b814-29be41487240@group-0DCD7174B461: changes role from  FOLLOWER to CANDIDATE at term 1 for changeToCandidate
2022-07-30 01:48:54,440 [a8954817-1d70-4f19-b814-29be41487240@group-0DCD7174B461-FollowerState] INFO  server.RaftServerConfigKeys (ConfUtils.java:logGet(46)) - raft.server.leaderelection.pre-vote = false (custom)
2022-07-30 01:48:54,440 [a8954817-1d70-4f19-b814-29be41487240@group-0DCD7174B461-FollowerState] INFO  impl.RoleInfo (RoleInfo.java:updateAndGet(139)) - a8954817-1d70-4f19-b814-29be41487240: start a8954817-1d70-4f19-b814-29be41487240@group-0DCD7174B461-LeaderElection25
2022-07-30 01:48:54,447 [ba3de65c-e6c9-495e-8613-4120736e14c0@group-0DCD7174B461-FollowerState] INFO  impl.FollowerState (FollowerState.java:run(143)) - ba3de65c-e6c9-495e-8613-4120736e14c0@group-0DCD7174B461-FollowerState: change to CANDIDATE, lastRpcElapsedTime:5115080080ns, electionTimeout:5111ms
2022-07-30 01:48:54,447 [ba3de65c-e6c9-495e-8613-4120736e14c0@group-0DCD7174B461-FollowerState] INFO  impl.RoleInfo (RoleInfo.java:shutdownFollowerState(110)) - ba3de65c-e6c9-495e-8613-4120736e14c0: shutdown ba3de65c-e6c9-495e-8613-4120736e14c0@group-0DCD7174B461-FollowerState
2022-07-30 01:48:54,447 [ba3de65c-e6c9-495e-8613-4120736e14c0@group-0DCD7174B461-FollowerState] INFO  server.RaftServer$Division (RaftServerImpl.java:setRole(299)) - ba3de65c-e6c9-495e-8613-4120736e14c0@group-0DCD7174B461: changes role from  FOLLOWER to CANDIDATE at term 1 for changeToCandidate
2022-07-30 01:48:54,451 [ba3de65c-e6c9-495e-8613-4120736e14c0@group-0DCD7174B461-FollowerState] INFO  server.RaftServerConfigKeys (ConfUtils.java:logGet(46)) - raft.server.leaderelection.pre-vote = false (custom)
2022-07-30 01:48:54,452 [ba3de65c-e6c9-495e-8613-4120736e14c0@group-0DCD7174B461-FollowerState] INFO  impl.RoleInfo (RoleInfo.java:updateAndGet(139)) - ba3de65c-e6c9-495e-8613-4120736e14c0: start ba3de65c-e6c9-495e-8613-4120736e14c0@group-0DCD7174B461-LeaderElection26
2022-07-30 01:48:54,460 [a8954817-1d70-4f19-b814-29be41487240@group-0DCD7174B461-LeaderElection25] INFO  impl.LeaderElection (LeaderElection.java:askForVotes(310)) - a8954817-1d70-4f19-b814-29be41487240@group-0DCD7174B461-LeaderElection25 ELECTION round 0: submit vote requests at term 2 for -1: [7e99fd26-7598-4594-b7f2-81741e43f67c|rpc:10.1.0.37:40277|dataStream:|priority:0, a8954817-1d70-4f19-b814-29be41487240|rpc:10.1.0.37:46247|dataStream:|priority:1, ba3de65c-e6c9-495e-8613-4120736e14c0|rpc:10.1.0.37:34507|dataStream:|priority:0], old=null
2022-07-30 01:48:54,492 [grpc-default-executor-1] INFO  server.RaftServer$Division (RaftServerImpl.java:requestVote(1152)) - 7e99fd26-7598-4594-b7f2-81741e43f67c@group-0DCD7174B461: receive requestVote(ELECTION, a8954817-1d70-4f19-b814-29be41487240, group-0DCD7174B461, 2, (t:0, i:0))
2022-07-30 01:48:54,496 [grpc-default-executor-1] INFO  impl.VoteContext (VoteContext.java:log(48)) - 7e99fd26-7598-4594-b7f2-81741e43f67c@group-0DCD7174B461-FOLLOWER: accept ELECTION from a8954817-1d70-4f19-b814-29be41487240: our priority 0 <= candidate's priority 1
2022-07-30 01:48:54,496 [grpc-default-executor-1] INFO  server.RaftServer$Division (RaftServerImpl.java:setRole(299)) - 7e99fd26-7598-4594-b7f2-81741e43f67c@group-0DCD7174B461: changes role from  FOLLOWER to FOLLOWER at term 2 for candidate:a8954817-1d70-4f19-b814-29be41487240
2022-07-30 01:48:54,496 [grpc-default-executor-1] INFO  impl.RoleInfo (RoleInfo.java:shutdownFollowerState(110)) - 7e99fd26-7598-4594-b7f2-81741e43f67c: shutdown 7e99fd26-7598-4594-b7f2-81741e43f67c@group-0DCD7174B461-FollowerState
2022-07-30 01:48:54,496 [7e99fd26-7598-4594-b7f2-81741e43f67c@group-0DCD7174B461-FollowerState] INFO  impl.FollowerState (FollowerState.java:run(152)) - 7e99fd26-7598-4594-b7f2-81741e43f67c@group-0DCD7174B461-FollowerState was interrupted
2022-07-30 01:48:54,496 [grpc-default-executor-1] INFO  impl.RoleInfo (RoleInfo.java:updateAndGet(139)) - 7e99fd26-7598-4594-b7f2-81741e43f67c: start 7e99fd26-7598-4594-b7f2-81741e43f67c@group-0DCD7174B461-FollowerState
2022-07-30 01:48:54,500 [ba3de65c-e6c9-495e-8613-4120736e14c0@group-0DCD7174B461-LeaderElection26] INFO  impl.LeaderElection (LeaderElection.java:askForVotes(310)) - ba3de65c-e6c9-495e-8613-4120736e14c0@group-0DCD7174B461-LeaderElection26 ELECTION round 0: submit vote requests at term 2 for -1: [7e99fd26-7598-4594-b7f2-81741e43f67c|rpc:10.1.0.37:40277|priority:0, a8954817-1d70-4f19-b814-29be41487240|rpc:10.1.0.37:46247|priority:1, ba3de65c-e6c9-495e-8613-4120736e14c0|rpc:10.1.0.37:34507|priority:0], old=null
2022-07-30 01:48:54,501 [grpc-default-executor-1] INFO  server.RaftServer$Division (RaftServerImpl.java:requestVote(1184)) - 7e99fd26-7598-4594-b7f2-81741e43f67c@group-0DCD7174B461 replies to ELECTION vote request: a8954817-1d70-4f19-b814-29be41487240<-7e99fd26-7598-4594-b7f2-81741e43f67c#0:OK-t2. Peer's state: 7e99fd26-7598-4594-b7f2-81741e43f67c@group-0DCD7174B461:t2, leader=null, voted=a8954817-1d70-4f19-b814-29be41487240, raftlog=7e99fd26-7598-4594-b7f2-81741e43f67c@group-0DCD7174B461-SegmentedRaftLog:OPENED:c-1, conf=-1: [7e99fd26-7598-4594-b7f2-81741e43f67c|rpc:10.1.0.37:40277|dataStream:|priority:0, a8954817-1d70-4f19-b814-29be41487240|rpc:10.1.0.37:46247|dataStream:|priority:1, ba3de65c-e6c9-495e-8613-4120736e14c0|rpc:10.1.0.37:34507|dataStream:|priority:0], old=null
2022-07-30 01:48:54,518 [a8954817-1d70-4f19-b814-29be41487240@group-0DCD7174B461-LeaderElection25] INFO  impl.LeaderElection (LeaderElection.java:logAndReturn(90)) - a8954817-1d70-4f19-b814-29be41487240@group-0DCD7174B461-LeaderElection25: ELECTION PASSED received 1 response(s) and 0 exception(s):
2022-07-30 01:48:54,526 [a8954817-1d70-4f19-b814-29be41487240@group-0DCD7174B461-LeaderElection25] INFO  impl.LeaderElection (LeaderElection.java:logAndReturn(94)) -   Response 0: a8954817-1d70-4f19-b814-29be41487240<-7e99fd26-7598-4594-b7f2-81741e43f67c#0:OK-t2
2022-07-30 01:48:54,526 [a8954817-1d70-4f19-b814-29be41487240@group-0DCD7174B461-LeaderElection25] INFO  impl.LeaderElection (LeaderElection.java:askForVotes(312)) - a8954817-1d70-4f19-b814-29be41487240@group-0DCD7174B461-LeaderElection25 ELECTION round 0: result PASSED
2022-07-30 01:48:54,526 [a8954817-1d70-4f19-b814-29be41487240@group-0DCD7174B461-LeaderElection25] INFO  impl.RoleInfo (RoleInfo.java:shutdownLeaderElection(130)) - a8954817-1d70-4f19-b814-29be41487240: shutdown a8954817-1d70-4f19-b814-29be41487240@group-0DCD7174B461-LeaderElection25
2022-07-30 01:48:54,526 [a8954817-1d70-4f19-b814-29be41487240@group-0DCD7174B461-LeaderElection25] INFO  server.RaftServer$Division (RaftServerImpl.java:setRole(299)) - a8954817-1d70-4f19-b814-29be41487240@group-0DCD7174B461: changes role from CANDIDATE to LEADER at term 2 for changeToLeader
2022-07-30 01:48:54,526 [a8954817-1d70-4f19-b814-29be41487240@group-0DCD7174B461-LeaderElection25] INFO  ratis.XceiverServerRatis (XceiverServerRatis.java:handleLeaderChangedNotification(863)) - Leader change notification received for group: group-0DCD7174B461 with new leaderId: a8954817-1d70-4f19-b814-29be41487240
2022-07-30 01:48:54,526 [a8954817-1d70-4f19-b814-29be41487240@group-0DCD7174B461-LeaderElection25] INFO  server.RaftServer$Division (ServerState.java:setLeader(287)) - a8954817-1d70-4f19-b814-29be41487240@group-0DCD7174B461: change Leader from null to a8954817-1d70-4f19-b814-29be41487240 at term 2 for becomeLeader, leader elected after 10369ms
2022-07-30 01:48:54,526 [a8954817-1d70-4f19-b814-29be41487240@group-0DCD7174B461-LeaderElection25] INFO  server.RaftServerConfigKeys (ConfUtils.java:logGet(46)) - raft.server.staging.catchup.gap = 1000 (default)
2022-07-30 01:48:54,526 [a8954817-1d70-4f19-b814-29be41487240@group-0DCD7174B461-LeaderElection25] INFO  server.RaftServerConfigKeys (ConfUtils.java:logGet(46)) - raft.server.write.element-limit = 1024 (custom)
2022-07-30 01:48:54,526 [a8954817-1d70-4f19-b814-29be41487240@group-0DCD7174B461-LeaderElection25] INFO  server.RaftServerConfigKeys (ConfUtils.java:logGet(46)) - raft.server.write.byte-limit = 1024 M (=1073741824) (custom)
2022-07-30 01:48:54,527 [a8954817-1d70-4f19-b814-29be41487240@group-0DCD7174B461-LeaderElection25] INFO  server.RaftServerConfigKeys (ConfUtils.java:logGet(46)) - raft.server.watch.timeout = 180s (custom)
2022-07-30 01:48:54,527 [a8954817-1d70-4f19-b814-29be41487240@group-0DCD7174B461-LeaderElection25] INFO  server.RaftServerConfigKeys (ConfUtils.java:logGet(46)) - raft.server.watch.timeout.denomination = 1s (default)
2022-07-30 01:48:54,527 [a8954817-1d70-4f19-b814-29be41487240@group-0DCD7174B461-LeaderElection25] INFO  server.RaftServerConfigKeys (ConfUtils.java:logGet(46)) - raft.server.watch.element-limit = 65536 (default)
2022-07-30 01:48:54,527 [a8954817-1d70-4f19-b814-29be41487240@group-0DCD7174B461-LeaderElection25] INFO  server.RaftServerConfigKeys (ConfUtils.java:logGet(46)) - raft.server.write.element-limit = 1024 (custom)
2022-07-30 01:48:54,527 [a8954817-1d70-4f19-b814-29be41487240@group-0DCD7174B461-LeaderElection25] INFO  server.RaftServerConfigKeys (ConfUtils.java:logGet(46)) - raft.server.write.follower.gap.ratio.max = -1.0 (default)
2022-07-30 01:48:54,530 [a8954817-1d70-4f19-b814-29be41487240@group-0DCD7174B461-LeaderElection25] INFO  server.RaftServerConfigKeys (ConfUtils.java:logGet(46)) - raft.server.log.appender.snapshot.chunk.size.max = 16MB (=16777216) (default)
2022-07-30 01:48:54,530 [a8954817-1d70-4f19-b814-29be41487240@group-0DCD7174B461-LeaderElection25] INFO  server.RaftServerConfigKeys (ConfUtils.java:logGet(46)) - raft.server.log.appender.buffer.byte-limit = 33554432 (custom)
2022-07-30 01:48:54,530 [a8954817-1d70-4f19-b814-29be41487240@group-0DCD7174B461-LeaderElection25] INFO  server.RaftServerConfigKeys (ConfUtils.java:logGet(46)) - raft.server.log.appender.buffer.element-limit = 1 (custom)
2022-07-30 01:48:54,530 [a8954817-1d70-4f19-b814-29be41487240@group-0DCD7174B461-LeaderElection25] INFO  grpc.GrpcConfigKeys (ConfUtils.java:logGet(46)) - raft.grpc.server.leader.outstanding.appends.max = 128 (default)
2022-07-30 01:48:54,530 [a8954817-1d70-4f19-b814-29be41487240@group-0DCD7174B461-LeaderElection25] INFO  server.RaftServerConfigKeys (ConfUtils.java:logGet(46)) - raft.server.rpc.request.timeout = 60s (custom)
2022-07-30 01:48:54,530 [a8954817-1d70-4f19-b814-29be41487240@group-0DCD7174B461-LeaderElection25] INFO  server.RaftServerConfigKeys (ConfUtils.java:logGet(46)) - raft.server.log.appender.install.snapshot.enabled = false (custom)
2022-07-30 01:48:54,531 [a8954817-1d70-4f19-b814-29be41487240@group-0DCD7174B461-LeaderElection25] INFO  server.RaftServerConfigKeys (ConfUtils.java:logGet(46)) - raft.server.log.appender.snapshot.chunk.size.max = 16MB (=16777216) (default)
2022-07-30 01:48:54,531 [a8954817-1d70-4f19-b814-29be41487240@group-0DCD7174B461-LeaderElection25] INFO  server.RaftServerConfigKeys (ConfUtils.java:logGet(46)) - raft.server.log.appender.buffer.byte-limit = 33554432 (custom)
2022-07-30 01:48:54,531 [a8954817-1d70-4f19-b814-29be41487240@group-0DCD7174B461-LeaderElection25] INFO  server.RaftServerConfigKeys (ConfUtils.java:logGet(46)) - raft.server.log.appender.buffer.element-limit = 1 (custom)
2022-07-30 01:48:54,531 [a8954817-1d70-4f19-b814-29be41487240@group-0DCD7174B461-LeaderElection25] INFO  grpc.GrpcConfigKeys (ConfUtils.java:logGet(46)) - raft.grpc.server.leader.outstanding.appends.max = 128 (default)
2022-07-30 01:48:54,531 [a8954817-1d70-4f19-b814-29be41487240@group-0DCD7174B461-LeaderElection25] INFO  server.RaftServerConfigKeys (ConfUtils.java:logGet(46)) - raft.server.rpc.request.timeout = 60s (custom)
2022-07-30 01:48:54,536 [a8954817-1d70-4f19-b814-29be41487240@group-0DCD7174B461-LeaderElection25] INFO  server.RaftServerConfigKeys (ConfUtils.java:logGet(46)) - raft.server.log.appender.install.snapshot.enabled = false (custom)
2022-07-30 01:48:54,536 [a8954817-1d70-4f19-b814-29be41487240@group-0DCD7174B461-LeaderElection25] INFO  impl.RoleInfo (RoleInfo.java:updateAndGet(139)) - a8954817-1d70-4f19-b814-29be41487240: start a8954817-1d70-4f19-b814-29be41487240@group-0DCD7174B461-LeaderStateImpl
2022-07-30 01:48:54,536 [a8954817-1d70-4f19-b814-29be41487240@group-0DCD7174B461-LeaderElection25] INFO  segmented.SegmentedRaftLogWorker (SegmentedRaftLogWorker.java:startLogSegment(425)) - a8954817-1d70-4f19-b814-29be41487240@group-0DCD7174B461-SegmentedRaftLogWorker: Starting segment from index:0
2022-07-30 01:48:54,539 [a8954817-1d70-4f19-b814-29be41487240@group-0DCD7174B461-SegmentedRaftLogWorker] INFO  segmented.SegmentedRaftLogWorker (SegmentedRaftLogWorker.java:execute(629)) - a8954817-1d70-4f19-b814-29be41487240@group-0DCD7174B461-SegmentedRaftLogWorker: created new log segment /home/runner/work/ozone/ozone/hadoop-ozone/integration-test/target/test-dir/MiniOzoneClusterImpl-c8472f64-5143-4d61-85a0-9e96bab939e3/datanode-2/data/ratis/3872e03d-ccf4-4ed0-9a86-0dcd7174b461/current/log_inprogress_0
2022-07-30 01:48:54,556 [grpc-default-executor-1] INFO  server.RaftServer$Division (RaftServerImpl.java:requestVote(1152)) - ba3de65c-e6c9-495e-8613-4120736e14c0@group-0DCD7174B461: receive requestVote(ELECTION, a8954817-1d70-4f19-b814-29be41487240, group-0DCD7174B461, 2, (t:0, i:0))
2022-07-30 01:48:54,556 [grpc-default-executor-1] INFO  impl.VoteContext (VoteContext.java:log(48)) - ba3de65c-e6c9-495e-8613-4120736e14c0@group-0DCD7174B461-CANDIDATE: reject ELECTION from a8954817-1d70-4f19-b814-29be41487240: already has voted for ba3de65c-e6c9-495e-8613-4120736e14c0 at current term 2
2022-07-30 01:48:54,556 [grpc-default-executor-1] INFO  server.RaftServer$Division (RaftServerImpl.java:requestVote(1184)) - ba3de65c-e6c9-495e-8613-4120736e14c0@group-0DCD7174B461 replies to ELECTION vote request: a8954817-1d70-4f19-b814-29be41487240<-ba3de65c-e6c9-495e-8613-4120736e14c0#0:FAIL-t2. Peer's state: ba3de65c-e6c9-495e-8613-4120736e14c0@group-0DCD7174B461:t2, leader=null, voted=ba3de65c-e6c9-495e-8613-4120736e14c0, raftlog=ba3de65c-e6c9-495e-8613-4120736e14c0@group-0DCD7174B461-SegmentedRaftLog:OPENED:c-1, conf=-1: [7e99fd26-7598-4594-b7f2-81741e43f67c|rpc:10.1.0.37:40277|priority:0, a8954817-1d70-4f19-b814-29be41487240|rpc:10.1.0.37:46247|priority:1, ba3de65c-e6c9-495e-8613-4120736e14c0|rpc:10.1.0.37:34507|priority:0], old=null
2022-07-30 01:48:54,572 [a8954817-1d70-4f19-b814-29be41487240@group-0DCD7174B461-LeaderElection25] INFO  server.RaftServer$Division (ServerState.java:setRaftConf(393)) - a8954817-1d70-4f19-b814-29be41487240@group-0DCD7174B461: set configuration 0: [7e99fd26-7598-4594-b7f2-81741e43f67c|rpc:10.1.0.37:40277|dataStream:|priority:0, a8954817-1d70-4f19-b814-29be41487240|rpc:10.1.0.37:46247|dataStream:|priority:1, ba3de65c-e6c9-495e-8613-4120736e14c0|rpc:10.1.0.37:34507|dataStream:|priority:0], old=null
2022-07-30 01:48:54,576 [grpc-default-executor-0] INFO  server.RaftServer$Division (RaftServerImpl.java:requestVote(1152)) - a8954817-1d70-4f19-b814-29be41487240@group-0DCD7174B461: receive requestVote(ELECTION, ba3de65c-e6c9-495e-8613-4120736e14c0, group-0DCD7174B461, 2, (t:0, i:0))
2022-07-30 01:48:54,576 [grpc-default-executor-0] INFO  impl.VoteContext (VoteContext.java:log(48)) - a8954817-1d70-4f19-b814-29be41487240@group-0DCD7174B461-LEADER: reject ELECTION from ba3de65c-e6c9-495e-8613-4120736e14c0: already has voted for a8954817-1d70-4f19-b814-29be41487240 at current term 2
2022-07-30 01:48:54,576 [grpc-default-executor-0] INFO  server.RaftServer$Division (RaftServerImpl.java:requestVote(1184)) - a8954817-1d70-4f19-b814-29be41487240@group-0DCD7174B461 replies to ELECTION vote request: ba3de65c-e6c9-495e-8613-4120736e14c0<-a8954817-1d70-4f19-b814-29be41487240#0:FAIL-t2. Peer's state: a8954817-1d70-4f19-b814-29be41487240@group-0DCD7174B461:t2, leader=a8954817-1d70-4f19-b814-29be41487240, voted=a8954817-1d70-4f19-b814-29be41487240, raftlog=a8954817-1d70-4f19-b814-29be41487240@group-0DCD7174B461-SegmentedRaftLog:OPENED:c0, conf=0: [7e99fd26-7598-4594-b7f2-81741e43f67c|rpc:10.1.0.37:40277|dataStream:|priority:0, a8954817-1d70-4f19-b814-29be41487240|rpc:10.1.0.37:46247|dataStream:|priority:1, ba3de65c-e6c9-495e-8613-4120736e14c0|rpc:10.1.0.37:34507|dataStream:|priority:0], old=null
2022-07-30 01:48:54,582 [EventQueue-PipelineReportForPipelineReportHandler] INFO  pipeline.PipelineManagerImpl (PipelineManagerImpl.java:openPipeline(367)) - Pipeline Pipeline[ Id: 3872e03d-ccf4-4ed0-9a86-0dcd7174b461, Nodes: ba3de65c-e6c9-495e-8613-4120736e14c0{ip: 10.1.0.37, host: fv-az297-62.nmf1rxwemy4u5di1sxxf4ejcwb.jx.internal.cloudapp.net, ports: [REPLICATION=37513, RATIS=34507, RATIS_ADMIN=34507, RATIS_SERVER=34507, STANDALONE=43961], networkLocation: /default-rack, certSerialId: null, persistedOpState: IN_SERVICE, persistedOpStateExpiryEpochSec: 0}a8954817-1d70-4f19-b814-29be41487240{ip: 10.1.0.37, host: fv-az297-62.nmf1rxwemy4u5di1sxxf4ejcwb.jx.internal.cloudapp.net, ports: [REPLICATION=45691, RATIS=46247, RATIS_ADMIN=46247, RATIS_SERVER=46247, STANDALONE=44433], networkLocation: /default-rack, certSerialId: null, persistedOpState: IN_SERVICE, persistedOpStateExpiryEpochSec: 0}7e99fd26-7598-4594-b7f2-81741e43f67c{ip: 10.1.0.37, host: fv-az297-62.nmf1rxwemy4u5di1sxxf4ejcwb.jx.internal.cloudapp.net, ports: [REPLICATION=33769, RATIS=40277, RATIS_ADMIN=40277, RATIS_SERVER=40277, STANDALONE=41239], networkLocation: /default-rack, certSerialId: null, persistedOpState: IN_SERVICE, persistedOpStateExpiryEpochSec: 0}, ReplicationConfig: RATIS/THREE, State:ALLOCATED, leaderId:a8954817-1d70-4f19-b814-29be41487240, CreationTimestamp2022-07-30T01:48:42.699Z[Etc/UTC]] moved to OPEN state
2022-07-30 01:48:54,582 [ba3de65c-e6c9-495e-8613-4120736e14c0-server-thread1] INFO  server.RaftServer$Division (RaftServerImpl.java:setRole(299)) - ba3de65c-e6c9-495e-8613-4120736e14c0@group-0DCD7174B461: changes role from CANDIDATE to FOLLOWER at term 2 for appendEntries
2022-07-30 01:48:54,582 [EventQueue-OpenPipelineForHealthyPipelineSafeModeRule] INFO  safemode.SCMSafeModeManager (HealthyPipelineSafeModeRule.java:process(137)) - SCM in safe mode. Healthy pipelines reported count is 1, required healthy pipeline reported count is 1
2022-07-30 01:48:54,582 [ba3de65c-e6c9-495e-8613-4120736e14c0-server-thread1] INFO  impl.RoleInfo (RoleInfo.java:shutdownLeaderElection(130)) - ba3de65c-e6c9-495e-8613-4120736e14c0: shutdown ba3de65c-e6c9-495e-8613-4120736e14c0@group-0DCD7174B461-LeaderElection26
2022-07-30 01:48:54,583 [ba3de65c-e6c9-495e-8613-4120736e14c0-server-thread1] INFO  impl.RoleInfo (RoleInfo.java:updateAndGet(139)) - ba3de65c-e6c9-495e-8613-4120736e14c0: start ba3de65c-e6c9-495e-8613-4120736e14c0@group-0DCD7174B461-FollowerState
2022-07-30 01:48:54,583 [ba3de65c-e6c9-495e-8613-4120736e14c0-server-thread1] INFO  ratis.XceiverServerRatis (XceiverServerRatis.java:handleLeaderChangedNotification(863)) - Leader change notification received for group: group-0DCD7174B461 with new leaderId: a8954817-1d70-4f19-b814-29be41487240
2022-07-30 01:48:54,583 [ba3de65c-e6c9-495e-8613-4120736e14c0-server-thread1] INFO  server.RaftServer$Division (ServerState.java:setLeader(287)) - ba3de65c-e6c9-495e-8613-4120736e14c0@group-0DCD7174B461: change Leader from null to a8954817-1d70-4f19-b814-29be41487240 at term 2 for appendEntries, leader elected after 10554ms
2022-07-30 01:48:54,583 [ba3de65c-e6c9-495e-8613-4120736e14c0@group-0DCD7174B461-LeaderElection26] INFO  impl.LeaderElection (LeaderElection.java:logAndReturn(90)) - ba3de65c-e6c9-495e-8613-4120736e14c0@group-0DCD7174B461-LeaderElection26: ELECTION REJECTED received 1 response(s) and 0 exception(s):
2022-07-30 01:48:54,596 [ba3de65c-e6c9-495e-8613-4120736e14c0@group-0DCD7174B461-LeaderElection26] INFO  impl.LeaderElection (LeaderElection.java:logAndReturn(94)) -   Response 0: ba3de65c-e6c9-495e-8613-4120736e14c0<-a8954817-1d70-4f19-b814-29be41487240#0:FAIL-t2
2022-07-30 01:48:54,596 [ba3de65c-e6c9-495e-8613-4120736e14c0@group-0DCD7174B461-LeaderElection26] INFO  impl.LeaderElection (LeaderElection.java:askForVotes(312)) - ba3de65c-e6c9-495e-8613-4120736e14c0@group-0DCD7174B461-LeaderElection26 ELECTION round 0: result REJECTED
2022-07-30 01:48:54,582 [EventQueue-OpenPipelineForHealthyPipelineSafeModeRule] INFO  safemode.SCMSafeModeManager (SCMSafeModeManager.java:validateSafeModeExitRules(204)) - HealthyPipelineSafeModeRule rule is successfully validated
2022-07-30 01:48:54,596 [EventQueue-OpenPipelineForHealthyPipelineSafeModeRule] INFO  safemode.SCMSafeModeManager (SCMSafeModeManager.java:validateSafeModeExitRules(219)) - ScmSafeModeManager, all rules are successfully validated
2022-07-30 01:48:54,596 [grpc-default-executor-0] INFO  server.RaftServer$Division (RaftServerImpl.java:requestVote(1152)) - 7e99fd26-7598-4594-b7f2-81741e43f67c@group-0DCD7174B461: receive requestVote(ELECTION, ba3de65c-e6c9-495e-8613-4120736e14c0, group-0DCD7174B461, 2, (t:0, i:0))
2022-07-30 01:48:54,596 [grpc-default-executor-0] INFO  impl.VoteContext (VoteContext.java:log(48)) - 7e99fd26-7598-4594-b7f2-81741e43f67c@group-0DCD7174B461-FOLLOWER: reject ELECTION from ba3de65c-e6c9-495e-8613-4120736e14c0: already has voted for a8954817-1d70-4f19-b814-29be41487240 at current term 2
2022-07-30 01:48:54,596 [grpc-default-executor-0] INFO  server.RaftServer$Division (RaftServerImpl.java:requestVote(1184)) - 7e99fd26-7598-4594-b7f2-81741e43f67c@group-0DCD7174B461 replies to ELECTION vote request: ba3de65c-e6c9-495e-8613-4120736e14c0<-7e99fd26-7598-4594-b7f2-81741e43f67c#0:FAIL-t2. Peer's state: 7e99fd26-7598-4594-b7f2-81741e43f67c@group-0DCD7174B461:t2, leader=null, voted=a8954817-1d70-4f19-b814-29be41487240, raftlog=7e99fd26-7598-4594-b7f2-81741e43f67c@group-0DCD7174B461-SegmentedRaftLog:OPENED:c-1, conf=-1: [7e99fd26-7598-4594-b7f2-81741e43f67c|rpc:10.1.0.37:40277|dataStream:|priority:0, a8954817-1d70-4f19-b814-29be41487240|rpc:10.1.0.37:46247|dataStream:|priority:1, ba3de65c-e6c9-495e-8613-4120736e14c0|rpc:10.1.0.37:34507|dataStream:|priority:0], old=null
2022-07-30 01:48:54,596 [ba3de65c-e6c9-495e-8613-4120736e14c0-server-thread1] INFO  server.RaftServer$Division (ServerState.java:setRaftConf(393)) - ba3de65c-e6c9-495e-8613-4120736e14c0@group-0DCD7174B461: set configuration 0: [7e99fd26-7598-4594-b7f2-81741e43f67c|rpc:10.1.0.37:40277|dataStream:|priority:0, a8954817-1d70-4f19-b814-29be41487240|rpc:10.1.0.37:46247|dataStream:|priority:1, ba3de65c-e6c9-495e-8613-4120736e14c0|rpc:10.1.0.37:34507|dataStream:|priority:0], old=null
2022-07-30 01:48:54,597 [ba3de65c-e6c9-495e-8613-4120736e14c0-server-thread1] INFO  segmented.SegmentedRaftLogWorker (SegmentedRaftLogWorker.java:startLogSegment(425)) - ba3de65c-e6c9-495e-8613-4120736e14c0@group-0DCD7174B461-SegmentedRaftLogWorker: Starting segment from index:0
2022-07-30 01:48:54,596 [EventQueue-OpenPipelineForHealthyPipelineSafeModeRule] INFO  safemode.SCMSafeModeManager (SCMSafeModeManager.java:exitSafeMode(248)) - SCM exiting safe mode.
2022-07-30 01:48:54,597 [EventQueue-OpenPipelineForHealthyPipelineSafeModeRule] WARN  events.EventQueue (EventQueue.java:fireEvent(216)) - No event handler registered for event TypedEvent{payloadType=SafeModeStatus, name='Safe mode status'}
2022-07-30 01:48:54,597 [EventQueue-OpenPipelineForHealthyPipelineSafeModeRule] INFO  ha.SCMContext (SCMContext.java:updateSafeModeStatus(228)) - Update SafeModeStatus from SafeModeStatus{safeModeStatus=true, preCheckPassed=true} to SafeModeStatus{safeModeStatus=false, preCheckPassed=true}.
2022-07-30 01:48:54,597 [EventQueue-OpenPipelineForHealthyPipelineSafeModeRule] INFO  pipeline.BackgroundPipelineCreator (BackgroundPipelineCreator.java:notifyStatusChanged(254)) - Service BackgroundPipelineCreator transitions to RUNNING.
2022-07-30 01:48:54,597 [EventQueue-OpenPipelineForHealthyPipelineSafeModeRule] INFO  BackgroundPipelineScrubber (BackgroundSCMService.java:notifyStatusChanged(82)) - Service BackgroundPipelineScrubber transitions to RUNNING.
2022-07-30 01:48:54,597 [EventQueue-OpenPipelineForHealthyPipelineSafeModeRule] INFO  ExpiredContainerReplicaOpScrubber (BackgroundSCMService.java:notifyStatusChanged(82)) - Service ExpiredContainerReplicaOpScrubber transitions to RUNNING.
2022-07-30 01:48:54,597 [EventQueue-OpenPipelineForHealthyPipelineSafeModeRule] INFO  UnderReplicatedQueueThread (BackgroundSCMService.java:notifyStatusChanged(82)) - Service UnderReplicatedQueueThread transitions to RUNNING.
2022-07-30 01:48:54,597 [EventQueue-OpenPipelineForHealthyPipelineSafeModeRule] INFO  OverReplicatedQueueThread (BackgroundSCMService.java:notifyStatusChanged(82)) - Service OverReplicatedQueueThread transitions to RUNNING.
2022-07-30 01:48:54,597 [EventQueue-OpenPipelineForHealthyPipelineSafeModeRule] INFO  replication.ReplicationManager (ReplicationManager.java:notifyStatusChanged(642)) - Service ReplicationManager transitions to RUNNING.
2022-07-30 01:48:54,598 [EventQueue-OpenPipelineForHealthyPipelineSafeModeRule] WARN  balancer.ContainerBalancer (ContainerBalancer.java:shouldRun(904)) - Could not find persisted configuration for ContainerBalancer when checking if ContainerBalancer should run. ContainerBalancer should not run now.
2022-07-30 01:48:54,600 [ba3de65c-e6c9-495e-8613-4120736e14c0@group-0DCD7174B461-SegmentedRaftLogWorker] INFO  segmented.SegmentedRaftLogWorker (SegmentedRaftLogWorker.java:execute(629)) - ba3de65c-e6c9-495e-8613-4120736e14c0@group-0DCD7174B461-SegmentedRaftLogWorker: created new log segment /home/runner/work/ozone/ozone/hadoop-ozone/integration-test/target/test-dir/MiniOzoneClusterImpl-c8472f64-5143-4d61-85a0-9e96bab939e3/datanode-0/data/ratis/3872e03d-ccf4-4ed0-9a86-0dcd7174b461/current/log_inprogress_0
2022-07-30 01:48:54,627 [7e99fd26-7598-4594-b7f2-81741e43f67c-server-thread1] INFO  ratis.XceiverServerRatis (XceiverServerRatis.java:handleLeaderChangedNotification(863)) - Leader change notification received for group: group-0DCD7174B461 with new leaderId: a8954817-1d70-4f19-b814-29be41487240
2022-07-30 01:48:54,628 [7e99fd26-7598-4594-b7f2-81741e43f67c-server-thread1] INFO  server.RaftServer$Division (ServerState.java:setLeader(287)) - 7e99fd26-7598-4594-b7f2-81741e43f67c@group-0DCD7174B461: change Leader from null to a8954817-1d70-4f19-b814-29be41487240 at term 2 for appendEntries, leader elected after 10319ms
2022-07-30 01:48:54,641 [7e99fd26-7598-4594-b7f2-81741e43f67c-server-thread1] INFO  server.RaftServer$Division (ServerState.java:setRaftConf(393)) - 7e99fd26-7598-4594-b7f2-81741e43f67c@group-0DCD7174B461: set configuration 0: [7e99fd26-7598-4594-b7f2-81741e43f67c|rpc:10.1.0.37:40277|dataStream:|priority:0, a8954817-1d70-4f19-b814-29be41487240|rpc:10.1.0.37:46247|dataStream:|priority:1, ba3de65c-e6c9-495e-8613-4120736e14c0|rpc:10.1.0.37:34507|dataStream:|priority:0], old=null
2022-07-30 01:48:54,642 [7e99fd26-7598-4594-b7f2-81741e43f67c-server-thread1] INFO  segmented.SegmentedRaftLogWorker (SegmentedRaftLogWorker.java:startLogSegment(425)) - 7e99fd26-7598-4594-b7f2-81741e43f67c@group-0DCD7174B461-SegmentedRaftLogWorker: Starting segment from index:0
2022-07-30 01:48:54,644 [7e99fd26-7598-4594-b7f2-81741e43f67c@group-0DCD7174B461-SegmentedRaftLogWorker] INFO  segmented.SegmentedRaftLogWorker (SegmentedRaftLogWorker.java:execute(629)) - 7e99fd26-7598-4594-b7f2-81741e43f67c@group-0DCD7174B461-SegmentedRaftLogWorker: created new log segment /home/runner/work/ozone/ozone/hadoop-ozone/integration-test/target/test-dir/MiniOzoneClusterImpl-c8472f64-5143-4d61-85a0-9e96bab939e3/datanode-1/data/ratis/3872e03d-ccf4-4ed0-9a86-0dcd7174b461/current/log_inprogress_0
2022-07-30 01:48:54,685 [7e99fd26-7598-4594-b7f2-81741e43f67c@group-92A57C94F017-FollowerState] INFO  impl.FollowerState (FollowerState.java:run(143)) - 7e99fd26-7598-4594-b7f2-81741e43f67c@group-92A57C94F017-FollowerState: change to CANDIDATE, lastRpcElapsedTime:5156815304ns, electionTimeout:5135ms
2022-07-30 01:48:54,685 [7e99fd26-7598-4594-b7f2-81741e43f67c@group-92A57C94F017-FollowerState] INFO  impl.RoleInfo (RoleInfo.java:shutdownFollowerState(110)) - 7e99fd26-7598-4594-b7f2-81741e43f67c: shutdown 7e99fd26-7598-4594-b7f2-81741e43f67c@group-92A57C94F017-FollowerState
2022-07-30 01:48:54,685 [7e99fd26-7598-4594-b7f2-81741e43f67c@group-92A57C94F017-FollowerState] INFO  server.RaftServer$Division (RaftServerImpl.java:setRole(299)) - 7e99fd26-7598-4594-b7f2-81741e43f67c@group-92A57C94F017: changes role from  FOLLOWER to CANDIDATE at term 1 for changeToCandidate
2022-07-30 01:48:54,685 [7e99fd26-7598-4594-b7f2-81741e43f67c@group-92A57C94F017-FollowerState] INFO  server.RaftServerConfigKeys (ConfUtils.java:logGet(46)) - raft.server.leaderelection.pre-vote = false (custom)
2022-07-30 01:48:54,685 [7e99fd26-7598-4594-b7f2-81741e43f67c@group-92A57C94F017-FollowerState] INFO  impl.RoleInfo (RoleInfo.java:updateAndGet(139)) - 7e99fd26-7598-4594-b7f2-81741e43f67c: start 7e99fd26-7598-4594-b7f2-81741e43f67c@group-92A57C94F017-LeaderElection27
2022-07-30 01:48:54,707 [ba3de65c-e6c9-495e-8613-4120736e14c0@group-92A57C94F017-FollowerState] INFO  impl.FollowerState (FollowerState.java:run(143)) - ba3de65c-e6c9-495e-8613-4120736e14c0@group-92A57C94F017-FollowerState: change to CANDIDATE, lastRpcElapsedTime:5173916629ns, electionTimeout:5150ms
2022-07-30 01:48:54,707 [ba3de65c-e6c9-495e-8613-4120736e14c0@group-92A57C94F017-FollowerState] INFO  impl.RoleInfo (RoleInfo.java:shutdownFollowerState(110)) - ba3de65c-e6c9-495e-8613-4120736e14c0: shutdown ba3de65c-e6c9-495e-8613-4120736e14c0@group-92A57C94F017-FollowerState
2022-07-30 01:48:54,707 [ba3de65c-e6c9-495e-8613-4120736e14c0@group-92A57C94F017-FollowerState] INFO  server.RaftServer$Division (RaftServerImpl.java:setRole(299)) - ba3de65c-e6c9-495e-8613-4120736e14c0@group-92A57C94F017: changes role from  FOLLOWER to CANDIDATE at term 1 for changeToCandidate
2022-07-30 01:48:54,707 [ba3de65c-e6c9-495e-8613-4120736e14c0@group-92A57C94F017-FollowerState] INFO  server.RaftServerConfigKeys (ConfUtils.java:logGet(46)) - raft.server.leaderelection.pre-vote = false (custom)
2022-07-30 01:48:54,707 [ba3de65c-e6c9-495e-8613-4120736e14c0@group-92A57C94F017-FollowerState] INFO  impl.RoleInfo (RoleInfo.java:updateAndGet(139)) - ba3de65c-e6c9-495e-8613-4120736e14c0: start ba3de65c-e6c9-495e-8613-4120736e14c0@group-92A57C94F017-LeaderElection28
2022-07-30 01:48:54,740 [ba3de65c-e6c9-495e-8613-4120736e14c0@group-92A57C94F017-LeaderElection28] INFO  impl.LeaderElection (LeaderElection.java:askForVotes(310)) - ba3de65c-e6c9-495e-8613-4120736e14c0@group-92A57C94F017-LeaderElection28 ELECTION round 0: submit vote requests at term 2 for -1: [7e99fd26-7598-4594-b7f2-81741e43f67c|rpc:10.1.0.37:40277|priority:1, a8954817-1d70-4f19-b814-29be41487240|rpc:10.1.0.37:46247|priority:0, ba3de65c-e6c9-495e-8613-4120736e14c0|rpc:10.1.0.37:34507|priority:0], old=null
2022-07-30 01:48:54,747 [7e99fd26-7598-4594-b7f2-81741e43f67c@group-92A57C94F017-LeaderElection27] INFO  impl.LeaderElection (LeaderElection.java:askForVotes(310)) - 7e99fd26-7598-4594-b7f2-81741e43f67c@group-92A57C94F017-LeaderElection27 ELECTION round 0: submit vote requests at term 2 for -1: [7e99fd26-7598-4594-b7f2-81741e43f67c|rpc:10.1.0.37:40277|dataStream:|priority:1, a8954817-1d70-4f19-b814-29be41487240|rpc:10.1.0.37:46247|dataStream:|priority:0, ba3de65c-e6c9-495e-8613-4120736e14c0|rpc:10.1.0.37:34507|dataStream:|priority:0], old=null
2022-07-30 01:48:54,763 [grpc-default-executor-1] INFO  server.RaftServer$Division (RaftServerImpl.java:requestVote(1152)) - 7e99fd26-7598-4594-b7f2-81741e43f67c@group-92A57C94F017: receive requestVote(ELECTION, ba3de65c-e6c9-495e-8613-4120736e14c0, group-92A57C94F017, 2, (t:0, i:0))
2022-07-30 01:48:54,764 [grpc-default-executor-1] INFO  impl.VoteContext (VoteContext.java:log(48)) - 7e99fd26-7598-4594-b7f2-81741e43f67c@group-92A57C94F017-CANDIDATE: reject ELECTION from ba3de65c-e6c9-495e-8613-4120736e14c0: already has voted for 7e99fd26-7598-4594-b7f2-81741e43f67c at current term 2
2022-07-30 01:48:54,764 [grpc-default-executor-1] INFO  server.RaftServer$Division (RaftServerImpl.java:requestVote(1184)) - 7e99fd26-7598-4594-b7f2-81741e43f67c@group-92A57C94F017 replies to ELECTION vote request: ba3de65c-e6c9-495e-8613-4120736e14c0<-7e99fd26-7598-4594-b7f2-81741e43f67c#0:FAIL-t2. Peer's state: 7e99fd26-7598-4594-b7f2-81741e43f67c@group-92A57C94F017:t2, leader=null, voted=7e99fd26-7598-4594-b7f2-81741e43f67c, raftlog=7e99fd26-7598-4594-b7f2-81741e43f67c@group-92A57C94F017-SegmentedRaftLog:OPENED:c-1, conf=-1: [7e99fd26-7598-4594-b7f2-81741e43f67c|rpc:10.1.0.37:40277|dataStream:|priority:1, a8954817-1d70-4f19-b814-29be41487240|rpc:10.1.0.37:46247|dataStream:|priority:0, ba3de65c-e6c9-495e-8613-4120736e14c0|rpc:10.1.0.37:34507|dataStream:|priority:0], old=null
2022-07-30 01:48:54,764 [grpc-default-executor-3] INFO  server.RaftServer$Division (RaftServerImpl.java:requestVote(1152)) - a8954817-1d70-4f19-b814-29be41487240@group-92A57C94F017: receive requestVote(ELECTION, ba3de65c-e6c9-495e-8613-4120736e14c0, group-92A57C94F017, 2, (t:0, i:0))
2022-07-30 01:48:54,766 [ba3de65c-e6c9-495e-8613-4120736e14c0@group-92A57C94F017-LeaderElection28] INFO  impl.LeaderElection (LeaderElection.java:logAndReturn(90)) - ba3de65c-e6c9-495e-8613-4120736e14c0@group-92A57C94F017-LeaderElection28: ELECTION REJECTED received 1 response(s) and 0 exception(s):
2022-07-30 01:48:54,766 [ba3de65c-e6c9-495e-8613-4120736e14c0@group-92A57C94F017-LeaderElection28] INFO  impl.LeaderElection (LeaderElection.java:logAndReturn(94)) -   Response 0: ba3de65c-e6c9-495e-8613-4120736e14c0<-7e99fd26-7598-4594-b7f2-81741e43f67c#0:FAIL-t2
2022-07-30 01:48:54,766 [ba3de65c-e6c9-495e-8613-4120736e14c0@group-92A57C94F017-LeaderElection28] INFO  impl.LeaderElection (LeaderElection.java:askForVotes(312)) - ba3de65c-e6c9-495e-8613-4120736e14c0@group-92A57C94F017-LeaderElection28 ELECTION round 0: result REJECTED
2022-07-30 01:48:54,766 [ba3de65c-e6c9-495e-8613-4120736e14c0@group-92A57C94F017-LeaderElection28] INFO  server.RaftServer$Division (RaftServerImpl.java:setRole(299)) - ba3de65c-e6c9-495e-8613-4120736e14c0@group-92A57C94F017: changes role from CANDIDATE to FOLLOWER at term 2 for REJECTED
2022-07-30 01:48:54,766 [ba3de65c-e6c9-495e-8613-4120736e14c0@group-92A57C94F017-LeaderElection28] INFO  impl.RoleInfo (RoleInfo.java:shutdownLeaderElection(130)) - ba3de65c-e6c9-495e-8613-4120736e14c0: shutdown ba3de65c-e6c9-495e-8613-4120736e14c0@group-92A57C94F017-LeaderElection28
2022-07-30 01:48:54,766 [ba3de65c-e6c9-495e-8613-4120736e14c0@group-92A57C94F017-LeaderElection28] INFO  impl.RoleInfo (RoleInfo.java:updateAndGet(139)) - ba3de65c-e6c9-495e-8613-4120736e14c0: start ba3de65c-e6c9-495e-8613-4120736e14c0@group-92A57C94F017-FollowerState
2022-07-30 01:48:54,780 [grpc-default-executor-3] INFO  impl.VoteContext (VoteContext.java:log(48)) - a8954817-1d70-4f19-b814-29be41487240@group-92A57C94F017-FOLLOWER: accept ELECTION from ba3de65c-e6c9-495e-8613-4120736e14c0: our priority 0 <= candidate's priority 0
2022-07-30 01:48:54,780 [grpc-default-executor-3] INFO  server.RaftServer$Division (RaftServerImpl.java:setRole(299)) - a8954817-1d70-4f19-b814-29be41487240@group-92A57C94F017: changes role from  FOLLOWER to FOLLOWER at term 2 for candidate:ba3de65c-e6c9-495e-8613-4120736e14c0
2022-07-30 01:48:54,780 [grpc-default-executor-3] INFO  impl.RoleInfo (RoleInfo.java:shutdownFollowerState(110)) - a8954817-1d70-4f19-b814-29be41487240: shutdown a8954817-1d70-4f19-b814-29be41487240@group-92A57C94F017-FollowerState
2022-07-30 01:48:54,780 [grpc-default-executor-3] INFO  impl.RoleInfo (RoleInfo.java:updateAndGet(139)) - a8954817-1d70-4f19-b814-29be41487240: start a8954817-1d70-4f19-b814-29be41487240@group-92A57C94F017-FollowerState
2022-07-30 01:48:54,780 [a8954817-1d70-4f19-b814-29be41487240@group-92A57C94F017-FollowerState] INFO  impl.FollowerState (FollowerState.java:run(152)) - a8954817-1d70-4f19-b814-29be41487240@group-92A57C94F017-FollowerState was interrupted
2022-07-30 01:48:54,784 [grpc-default-executor-3] INFO  server.RaftServer$Division (RaftServerImpl.java:requestVote(1184)) - a8954817-1d70-4f19-b814-29be41487240@group-92A57C94F017 replies to ELECTION vote request: ba3de65c-e6c9-495e-8613-4120736e14c0<-a8954817-1d70-4f19-b814-29be41487240#0:OK-t2. Peer's state: a8954817-1d70-4f19-b814-29be41487240@group-92A57C94F017:t2, leader=null, voted=ba3de65c-e6c9-495e-8613-4120736e14c0, raftlog=a8954817-1d70-4f19-b814-29be41487240@group-92A57C94F017-SegmentedRaftLog:OPENED:c-1, conf=-1: [7e99fd26-7598-4594-b7f2-81741e43f67c|rpc:10.1.0.37:40277|dataStream:|priority:1, a8954817-1d70-4f19-b814-29be41487240|rpc:10.1.0.37:46247|dataStream:|priority:0, ba3de65c-e6c9-495e-8613-4120736e14c0|rpc:10.1.0.37:34507|dataStream:|priority:0], old=null
2022-07-30 01:48:54,815 [grpc-default-executor-3] INFO  server.RaftServer$Division (RaftServerImpl.java:requestVote(1152)) - a8954817-1d70-4f19-b814-29be41487240@group-92A57C94F017: receive requestVote(ELECTION, 7e99fd26-7598-4594-b7f2-81741e43f67c, group-92A57C94F017, 2, (t:0, i:0))
2022-07-30 01:48:54,815 [grpc-default-executor-3] INFO  impl.VoteContext (VoteContext.java:log(48)) - a8954817-1d70-4f19-b814-29be41487240@group-92A57C94F017-FOLLOWER: reject ELECTION from 7e99fd26-7598-4594-b7f2-81741e43f67c: already has voted for ba3de65c-e6c9-495e-8613-4120736e14c0 at current term 2
2022-07-30 01:48:54,815 [grpc-default-executor-3] INFO  server.RaftServer$Division (RaftServerImpl.java:requestVote(1184)) - a8954817-1d70-4f19-b814-29be41487240@group-92A57C94F017 replies to ELECTION vote request: 7e99fd26-7598-4594-b7f2-81741e43f67c<-a8954817-1d70-4f19-b814-29be41487240#0:FAIL-t2. Peer's state: a8954817-1d70-4f19-b814-29be41487240@group-92A57C94F017:t2, leader=null, voted=ba3de65c-e6c9-495e-8613-4120736e14c0, raftlog=a8954817-1d70-4f19-b814-29be41487240@group-92A57C94F017-SegmentedRaftLog:OPENED:c-1, conf=-1: [7e99fd26-7598-4594-b7f2-81741e43f67c|rpc:10.1.0.37:40277|dataStream:|priority:1, a8954817-1d70-4f19-b814-29be41487240|rpc:10.1.0.37:46247|dataStream:|priority:0, ba3de65c-e6c9-495e-8613-4120736e14c0|rpc:10.1.0.37:34507|dataStream:|priority:0], old=null
2022-07-30 01:48:54,830 [grpc-default-executor-3] INFO  server.RaftServer$Division (RaftServerImpl.java:requestVote(1152)) - ba3de65c-e6c9-495e-8613-4120736e14c0@group-92A57C94F017: receive requestVote(ELECTION, 7e99fd26-7598-4594-b7f2-81741e43f67c, group-92A57C94F017, 2, (t:0, i:0))
2022-07-30 01:48:54,830 [grpc-default-executor-3] INFO  impl.VoteContext (VoteContext.java:log(48)) - ba3de65c-e6c9-495e-8613-4120736e14c0@group-92A57C94F017-FOLLOWER: reject ELECTION from 7e99fd26-7598-4594-b7f2-81741e43f67c: already has voted for ba3de65c-e6c9-495e-8613-4120736e14c0 at current term 2
2022-07-30 01:48:54,831 [grpc-default-executor-3] INFO  server.RaftServer$Division (RaftServerImpl.java:requestVote(1184)) - ba3de65c-e6c9-495e-8613-4120736e14c0@group-92A57C94F017 replies to ELECTION vote request: 7e99fd26-7598-4594-b7f2-81741e43f67c<-ba3de65c-e6c9-495e-8613-4120736e14c0#0:FAIL-t2. Peer's state: ba3de65c-e6c9-495e-8613-4120736e14c0@group-92A57C94F017:t2, leader=null, voted=ba3de65c-e6c9-495e-8613-4120736e14c0, raftlog=ba3de65c-e6c9-495e-8613-4120736e14c0@group-92A57C94F017-SegmentedRaftLog:OPENED:c-1, conf=-1: [7e99fd26-7598-4594-b7f2-81741e43f67c|rpc:10.1.0.37:40277|priority:1, a8954817-1d70-4f19-b814-29be41487240|rpc:10.1.0.37:46247|priority:0, ba3de65c-e6c9-495e-8613-4120736e14c0|rpc:10.1.0.37:34507|priority:0], old=null
2022-07-30 01:48:54,839 [7e99fd26-7598-4594-b7f2-81741e43f67c@group-92A57C94F017-LeaderElection27] INFO  impl.LeaderElection (LeaderElection.java:logAndReturn(90)) - 7e99fd26-7598-4594-b7f2-81741e43f67c@group-92A57C94F017-LeaderElection27: ELECTION REJECTED received 2 response(s) and 0 exception(s):
2022-07-30 01:48:54,839 [7e99fd26-7598-4594-b7f2-81741e43f67c@group-92A57C94F017-LeaderElection27] INFO  impl.LeaderElection (LeaderElection.java:logAndReturn(94)) -   Response 0: 7e99fd26-7598-4594-b7f2-81741e43f67c<-a8954817-1d70-4f19-b814-29be41487240#0:FAIL-t2
2022-07-30 01:48:54,839 [7e99fd26-7598-4594-b7f2-81741e43f67c@group-92A57C94F017-LeaderElection27] INFO  impl.LeaderElection (LeaderElection.java:logAndReturn(94)) -   Response 1: 7e99fd26-7598-4594-b7f2-81741e43f67c<-ba3de65c-e6c9-495e-8613-4120736e14c0#0:FAIL-t2
2022-07-30 01:48:54,839 [7e99fd26-7598-4594-b7f2-81741e43f67c@group-92A57C94F017-LeaderElection27] INFO  impl.LeaderElection (LeaderElection.java:askForVotes(312)) - 7e99fd26-7598-4594-b7f2-81741e43f67c@group-92A57C94F017-LeaderElection27 ELECTION round 0: result REJECTED
2022-07-30 01:48:54,839 [7e99fd26-7598-4594-b7f2-81741e43f67c@group-92A57C94F017-LeaderElection27] INFO  server.RaftServer$Division (RaftServerImpl.java:setRole(299)) - 7e99fd26-7598-4594-b7f2-81741e43f67c@group-92A57C94F017: changes role from CANDIDATE to FOLLOWER at term 2 for REJECTED
2022-07-30 01:48:54,839 [7e99fd26-7598-4594-b7f2-81741e43f67c@group-92A57C94F017-LeaderElection27] INFO  impl.RoleInfo (RoleInfo.java:shutdownLeaderElection(130)) - 7e99fd26-7598-4594-b7f2-81741e43f67c: shutdown 7e99fd26-7598-4594-b7f2-81741e43f67c@group-92A57C94F017-LeaderElection27
2022-07-30 01:48:54,839 [7e99fd26-7598-4594-b7f2-81741e43f67c@group-92A57C94F017-LeaderElection27] INFO  impl.RoleInfo (RoleInfo.java:updateAndGet(139)) - 7e99fd26-7598-4594-b7f2-81741e43f67c: start 7e99fd26-7598-4594-b7f2-81741e43f67c@group-92A57C94F017-FollowerState
2022-07-30 01:48:55,414 [Listener at 127.0.0.1/43571] INFO  ozone.MiniOzoneClusterImpl (MiniOzoneClusterImpl.java:lambda$waitForClusterToBeReady$0(216)) - Nodes are ready. Got 5 of 5 DN Heartbeats.
2022-07-30 01:48:55,415 [Listener at 127.0.0.1/43571] INFO  ozone.MiniOzoneClusterImpl (MiniOzoneClusterImpl.java:lambda$waitForClusterToBeReady$0(219)) - Cluster exits safe mode
2022-07-30 01:48:55,415 [Listener at 127.0.0.1/43571] INFO  ozone.MiniOzoneClusterImpl (MiniOzoneClusterImpl.java:lambda$waitForClusterToBeReady$0(221)) - SCM became leader
2022-07-30 01:48:55,559 [Time-limited test] INFO  rpc.RpcClient (RpcClient.java:createVolume(468)) - Creating Volume: volume33691, with user09723 as owner and space quota set to -1 bytes, counts quota set to -1
2022-07-30 01:48:55,583 [OM StateMachine ApplyTransaction Thread - 0] INFO  volume.OMVolumeCreateRequest (OMVolumeCreateRequest.java:validateAndUpdateCache(195)) - created volume:volume33691 for user:user09723
2022-07-30 01:48:55,596 [Time-limited test] INFO  rpc.RpcClient (RpcClient.java:createBucket(671)) - Creating Bucket: volume33691/bucket92947, with bucket layout LEGACY, runner as owner, Versioning false, Storage Type set to DISK and Encryption set to false 
2022-07-30 01:48:55,604 [OM StateMachine ApplyTransaction Thread - 0] INFO  bucket.OMBucketCreateRequest (OMBucketCreateRequest.java:validateAndUpdateCache(260)) - created bucket: bucket92947 of layout LEGACY in volume: volume33691
2022-07-30 01:48:55,653 [IPC Server handler 19 on default port 36209] INFO  ha.SequenceIdGenerator (SequenceIdGenerator.java:getNextId(128)) - Allocate a batch for containerId, change lastId from 0 to 1000.
2022-07-30 01:48:55,653 [IPC Server handler 19 on default port 36209] WARN  ha.SequenceIdGenerator (SequenceIdGenerator.java:allocateBatch(237)) - Failed to allocate a batch for localId, expected lastId is 0, actual lastId is 109611004723200000.
2022-07-30 01:48:55,653 [IPC Server handler 19 on default port 36209] INFO  ha.SequenceIdGenerator (SequenceIdGenerator.java:getNextId(128)) - Allocate a batch for localId, change lastId from 109611004723200000 to 109611004723201000.
01:48:55.697 [IPC Server handler 16 on default port 43571] ERROR OMAudit - user=runner | ip=127.0.0.1 | op=GET_FILE_STATUS {volume=volume33691, bucket=bucket92947, key=dir732/file1, dataSize=0, replicationConfig=null} | ret=FAILURE
org.apache.hadoop.ozone.om.exceptions.OMException: Unable to get file status: volume: volume33691 bucket: bucket92947 key: dir732/file1
	at org.apache.hadoop.ozone.om.KeyManagerImpl.getOzoneFileStatus(KeyManagerImpl.java:1311) ~[ozone-manager-1.3.0-SNAPSHOT.jar:?]
	at org.apache.hadoop.ozone.om.KeyManagerImpl.getFileStatus(KeyManagerImpl.java:1241) ~[ozone-manager-1.3.0-SNAPSHOT.jar:?]
	at org.apache.hadoop.ozone.om.OzoneManager.getFileStatus(OzoneManager.java:3467) ~[ozone-manager-1.3.0-SNAPSHOT.jar:?]
	at org.apache.hadoop.ozone.protocolPB.OzoneManagerRequestHandler.getOzoneFileStatus(OzoneManagerRequestHandler.java:878) ~[ozone-manager-1.3.0-SNAPSHOT.jar:?]
	at org.apache.hadoop.ozone.protocolPB.OzoneManagerRequestHandler.handleReadRequest(OzoneManagerRequestHandler.java:224) ~[ozone-manager-1.3.0-SNAPSHOT.jar:?]
	at org.apache.hadoop.ozone.protocolPB.OzoneManagerProtocolServerSideTranslatorPB.submitReadRequestToOM(OzoneManagerProtocolServerSideTranslatorPB.java:226) ~[ozone-manager-1.3.0-SNAPSHOT.jar:?]
	at org.apache.hadoop.ozone.protocolPB.OzoneManagerProtocolServerSideTranslatorPB.processRequest(OzoneManagerProtocolServerSideTranslatorPB.java:175) ~[ozone-manager-1.3.0-SNAPSHOT.jar:?]
	at org.apache.hadoop.hdds.server.OzoneProtocolMessageDispatcher.processRequest(OzoneProtocolMessageDispatcher.java:87) [hdds-server-framework-1.3.0-SNAPSHOT.jar:?]
	at org.apache.hadoop.ozone.protocolPB.OzoneManagerProtocolServerSideTranslatorPB.submitRequest(OzoneManagerProtocolServerSideTranslatorPB.java:147) [ozone-manager-1.3.0-SNAPSHOT.jar:?]
	at org.apache.hadoop.ozone.protocol.proto.OzoneManagerProtocolProtos$OzoneManagerService$2.callBlockingMethod(OzoneManagerProtocolProtos.java) [ozone-interface-client-1.3.0-SNAPSHOT.jar:?]
	at org.apache.hadoop.ipc.ProtobufRpcEngine$Server.processCall(ProtobufRpcEngine.java:466) [hadoop-common-3.3.1.jar:?]
	at org.apache.hadoop.ipc.ProtobufRpcEngine2$Server$ProtoBufRpcInvoker.call(ProtobufRpcEngine2.java:574) [hadoop-common-3.3.1.jar:?]
	at org.apache.hadoop.ipc.ProtobufRpcEngine2$Server$ProtoBufRpcInvoker.call(ProtobufRpcEngine2.java:552) [hadoop-common-3.3.1.jar:?]
	at org.apache.hadoop.ipc.RPC$Server.call(RPC.java:1093) [hadoop-common-3.3.1.jar:?]
	at org.apache.hadoop.ipc.Server$RpcCall.run(Server.java:1035) [hadoop-common-3.3.1.jar:?]
	at org.apache.hadoop.ipc.Server$RpcCall.run(Server.java:963) [hadoop-common-3.3.1.jar:?]
	at java.security.AccessController.doPrivileged(Native Method) ~[?:1.8.0_332]
	at javax.security.auth.Subject.doAs(Subject.java:422) [?:1.8.0_332]
	at org.apache.hadoop.security.UserGroupInformation.doAs(UserGroupInformation.java:1878) [hadoop-common-3.3.1.jar:?]
	at org.apache.hadoop.ipc.Server$Handler.run(Server.java:2966) [hadoop-common-3.3.1.jar:?]
]]></system-out>
  </testcase>
  <testcase name="testRenameFile" classname="TestRootedOzoneFileSystem" time="0.264">
    <system-out><![CDATA[2022-07-30 01:49:18,976 [Listener at 127.0.0.1/43571] INFO  ozone.MiniOzoneClusterImpl (MiniOzoneClusterImpl.java:shutdown(448)) - Shutting down the Mini Ozone Cluster
2022-07-30 01:49:18,976 [Listener at 127.0.0.1/43571] INFO  ozone.MiniOzoneClusterImpl (MiniOzoneClusterImpl.java:stop(463)) - Stopping the Mini Ozone Cluster
2022-07-30 01:49:18,976 [Listener at 127.0.0.1/43571] INFO  ozone.MiniOzoneClusterImpl (MiniOzoneClusterImpl.java:stopOM(545)) - Stopping the OzoneManager
2022-07-30 01:49:18,976 [Listener at 127.0.0.1/43571] INFO  om.OzoneManager (OzoneManager.java:stop(2021)) - om1[localhost:0]: Stopping Ozone Manager
2022-07-30 01:49:18,976 [Listener at 127.0.0.1/43571] INFO  ipc.Server (Server.java:stop(3414)) - Stopping server on 43571
2022-07-30 01:49:18,995 [IPC Server listener on 0] INFO  ipc.Server (Server.java:run(1376)) - Stopping IPC Server listener on 0
2022-07-30 01:49:18,996 [Listener at 127.0.0.1/43571] INFO  server.RaftServer (RaftServerProxy.java:lambda$close$7(398)) - om1: close
2022-07-30 01:49:18,996 [Listener at 127.0.0.1/43571] INFO  server.RaftServer$Division (RaftServerImpl.java:lambda$close$4(434)) - om1@group-C5BA1605619E: shutdown
2022-07-30 01:49:18,996 [Listener at 127.0.0.1/43571] INFO  util.JmxRegister (JmxRegister.java:unregister(73)) - Successfully un-registered JMX Bean with object name Ratis:service=RaftServer,group=group-C5BA1605619E,id=om1
2022-07-30 01:49:18,996 [Listener at 127.0.0.1/43571] INFO  impl.RoleInfo (RoleInfo.java:shutdownLeaderState(93)) - om1: shutdown om1@group-C5BA1605619E-LeaderStateImpl
2022-07-30 01:49:18,996 [Listener at 127.0.0.1/43571] INFO  impl.PendingRequests (PendingRequests.java:sendNotLeaderResponses(282)) - om1@group-C5BA1605619E-PendingRequests: sendNotLeaderResponses
2022-07-30 01:49:19,001 [IPC Server Responder] INFO  ipc.Server (Server.java:run(1512)) - Stopping IPC Server Responder
2022-07-30 01:49:19,011 [Listener at 127.0.0.1/43571] INFO  impl.StateMachineUpdater (StateMachineUpdater.java:stopAndJoin(153)) - om1@group-C5BA1605619E-StateMachineUpdater: set stopIndex = 6846
2022-07-30 01:49:19,012 [om1@group-C5BA1605619E-StateMachineUpdater] INFO  ratis.OzoneManagerStateMachine (OzoneManagerStateMachine.java:takeSnapshot(441)) - Current Snapshot Index (t:1, i:6846)
2022-07-30 01:49:19,012 [om1@group-C5BA1605619E-StateMachineUpdater] INFO  impl.StateMachineUpdater (StateMachineUpdater.java:takeSnapshot(287)) - om1@group-C5BA1605619E-StateMachineUpdater: Took a snapshot at index 6846
2022-07-30 01:49:19,012 [om1@group-C5BA1605619E-StateMachineUpdater] INFO  impl.StateMachineUpdater (StateMachineUpdater.java:lambda$new$0(92)) - om1@group-C5BA1605619E-StateMachineUpdater: snapshotIndex: updateIncreasingly -1 -> 6846
2022-07-30 01:49:19,012 [om1@group-C5BA1605619E-StateMachineUpdater] INFO  ratis.OzoneManagerStateMachine (OzoneManagerStateMachine.java:close(495)) - StateMachine has shutdown. Shutdown OzoneManager if not already shutdown.
2022-07-30 01:49:19,012 [om1@group-C5BA1605619E-StateMachineUpdater] INFO  ratis.OzoneManagerDoubleBuffer (OzoneManagerDoubleBuffer.java:stop(466)) - Stopping OMDoubleBuffer flush thread
2022-07-30 01:49:19,020 [OMDoubleBufferFlushThread] INFO  ratis.OzoneManagerDoubleBuffer (OzoneManagerDoubleBuffer.java:flushTransactions(385)) - OMDoubleBuffer flush thread OMDoubleBufferFlushThread is interrupted and will exit.
2022-07-30 01:49:19,021 [Listener at 127.0.0.1/43571] INFO  server.RaftServer$Division (ServerState.java:close(429)) - om1@group-C5BA1605619E: closes. applyIndex: 6846
2022-07-30 01:49:19,021 [om1@group-C5BA1605619E-SegmentedRaftLogWorker] INFO  segmented.SegmentedRaftLogWorker (SegmentedRaftLogWorker.java:run(336)) - om1@group-C5BA1605619E-SegmentedRaftLogWorker was interrupted, exiting. There are 0 tasks remaining in the queue.
2022-07-30 01:49:19,025 [Listener at 127.0.0.1/43571] INFO  segmented.SegmentedRaftLogWorker (SegmentedRaftLogWorker.java:close(246)) - om1@group-C5BA1605619E-SegmentedRaftLogWorker close()
2022-07-30 01:49:19,026 [Listener at 127.0.0.1/43571] INFO  server.GrpcService (GrpcService.java:closeImpl(269)) - om1: shutdown server with port 9872 now
2022-07-30 01:49:19,027 [Listener at 127.0.0.1/43571] INFO  server.GrpcService (GrpcService.java:closeImpl(278)) - om1: shutdown server with port 9872 successfully
2022-07-30 01:49:19,028 [org.apache.ratis.util.JvmPauseMonitor$$Lambda$615/1033062816@3c3b644b] INFO  util.JvmPauseMonitor (JvmPauseMonitor.java:run(109)) - JvmPauseMonitor-om1: Stopped
2022-07-30 01:49:19,029 [Listener at 127.0.0.1/43571] INFO  ratis.OzoneManagerStateMachine (OzoneManagerStateMachine.java:close(495)) - StateMachine has shutdown. Shutdown OzoneManager if not already shutdown.
2022-07-30 01:49:19,029 [Listener at 127.0.0.1/43571] INFO  ratis.OzoneManagerDoubleBuffer (OzoneManagerDoubleBuffer.java:stop(478)) - OMDoubleBuffer flush thread is not running.
2022-07-30 01:49:19,029 [Listener at 127.0.0.1/43571] INFO  utils.BackgroundService (BackgroundService.java:shutdown(141)) - Shutting down service KeyDeletingService
2022-07-30 01:49:19,029 [Listener at 127.0.0.1/43571] INFO  utils.BackgroundService (BackgroundService.java:shutdown(141)) - Shutting down service DirectoryDeletingService
2022-07-30 01:49:19,031 [Listener at 127.0.0.1/43571] INFO  utils.BackgroundService (BackgroundService.java:shutdown(141)) - Shutting down service OpenKeyCleanupService
2022-07-30 01:49:19,032 [Listener at 127.0.0.1/43571] INFO  handler.ContextHandler (ContextHandler.java:doStop(1153)) - Stopped o.e.j.w.WebAppContext@29e954ad{ozoneManager,/,null,STOPPED}{file:/home/runner/work/ozone/ozone/hadoop-ozone/integration-test/target/test-classes/webapps/ozoneManager}
2022-07-30 01:49:19,033 [Listener at 127.0.0.1/43571] INFO  server.AbstractConnector (AbstractConnector.java:doStop(381)) - Stopped ServerConnector@518e87dd{HTTP/1.1, (http/1.1)}{0.0.0.0:0}
2022-07-30 01:49:19,033 [Listener at 127.0.0.1/43571] INFO  server.session (HouseKeeper.java:stopScavenging(149)) - node0 Stopped scavenging
2022-07-30 01:49:19,033 [Listener at 127.0.0.1/43571] INFO  handler.ContextHandler (ContextHandler.java:doStop(1153)) - Stopped o.e.j.s.ServletContextHandler@2586ccb7{static,/static,file:///home/runner/work/ozone/ozone/hadoop-ozone/integration-test/target/test-classes/webapps/static,STOPPED}
2022-07-30 01:49:19,033 [Listener at 127.0.0.1/43571] INFO  handler.ContextHandler (ContextHandler.java:doStop(1153)) - Stopped o.e.j.s.ServletContextHandler@26a814e6{logs,/logs,file:///home/runner/work/ozone/ozone/hadoop-ozone/integration-test/target/log,STOPPED}
2022-07-30 01:49:19,064 [Listener at 127.0.0.1/43571] INFO  ozone.MiniOzoneClusterImpl (MiniOzoneClusterImpl.java:stopDatanodes(522)) - Stopping the HddsDatanodes
2022-07-30 01:49:19,072 [Trash Emptier] ERROR util.ExitUtils (ExitUtils.java:terminate(133)) - Terminating with exit status -1: Thread[Trash Emptier,5,main] has thrown an uncaught exception
java.lang.UnsupportedOperationException: fs.getUri() not implemented in TrashOzoneFileSystem
	at org.apache.hadoop.ozone.om.TrashOzoneFileSystem.getUri(TrashOzoneFileSystem.java:126)
	at org.apache.hadoop.fs.FileSystem.close(FileSystem.java:2592)
	at org.apache.hadoop.ozone.om.TrashPolicyOzone$Emptier.run(TrashPolicyOzone.java:243)
	at java.lang.Thread.run(Thread.java:750)
2022-07-30 01:49:24,065 [Listener at 127.0.0.1/43571] INFO  ozoneimpl.OzoneContainer (OzoneContainer.java:stop(399)) - Attempting to stop container services.
2022-07-30 01:49:24,066 [Listener at 127.0.0.1/43571] INFO  server.RaftServer (RaftServerProxy.java:lambda$close$7(398)) - a8954817-1d70-4f19-b814-29be41487240: close
2022-07-30 01:49:24,067 [Listener at 127.0.0.1/43571] INFO  server.RaftServer$Division (RaftServerImpl.java:lambda$close$4(434)) - a8954817-1d70-4f19-b814-29be41487240@group-92A57C94F017: shutdown
2022-07-30 01:49:24,067 [Listener at 127.0.0.1/43571] INFO  util.JmxRegister (JmxRegister.java:unregister(73)) - Successfully un-registered JMX Bean with object name Ratis:service=RaftServer,group=group-92A57C94F017,id=a8954817-1d70-4f19-b814-29be41487240
2022-07-30 01:49:24,067 [Listener at 127.0.0.1/43571] INFO  impl.RoleInfo (RoleInfo.java:shutdownFollowerState(110)) - a8954817-1d70-4f19-b814-29be41487240: shutdown a8954817-1d70-4f19-b814-29be41487240@group-92A57C94F017-FollowerState
2022-07-30 01:49:24,067 [Listener at 127.0.0.1/43571] INFO  impl.StateMachineUpdater (StateMachineUpdater.java:stopAndJoin(153)) - a8954817-1d70-4f19-b814-29be41487240@group-92A57C94F017-StateMachineUpdater: set stopIndex = 4
2022-07-30 01:49:24,067 [a8954817-1d70-4f19-b814-29be41487240@group-92A57C94F017-FollowerState] INFO  impl.FollowerState (FollowerState.java:run(152)) - a8954817-1d70-4f19-b814-29be41487240@group-92A57C94F017-FollowerState was interrupted
2022-07-30 01:49:24,068 [a8954817-1d70-4f19-b814-29be41487240@group-92A57C94F017-StateMachineUpdater] INFO  ratis.ContainerStateMachine (ContainerStateMachine.java:takeSnapshot(304)) - group-92A57C94F017: Taking a snapshot at:(t:3, i:4) file /home/runner/work/ozone/ozone/hadoop-ozone/integration-test/target/test-dir/MiniOzoneClusterImpl-c8472f64-5143-4d61-85a0-9e96bab939e3/datanode-2/data/ratis/16f0266c-a4ab-40f2-a290-92a57c94f017/sm/snapshot.3_4
2022-07-30 01:49:24,073 [a8954817-1d70-4f19-b814-29be41487240@group-92A57C94F017-StateMachineUpdater] INFO  ratis.ContainerStateMachine (ContainerStateMachine.java:takeSnapshot(315)) - group-92A57C94F017: Finished taking a snapshot at:(t:3, i:4) file:/home/runner/work/ozone/ozone/hadoop-ozone/integration-test/target/test-dir/MiniOzoneClusterImpl-c8472f64-5143-4d61-85a0-9e96bab939e3/datanode-2/data/ratis/16f0266c-a4ab-40f2-a290-92a57c94f017/sm/snapshot.3_4 took: 6 ms
2022-07-30 01:49:24,073 [a8954817-1d70-4f19-b814-29be41487240@group-92A57C94F017-StateMachineUpdater] INFO  impl.StateMachineUpdater (StateMachineUpdater.java:takeSnapshot(287)) - a8954817-1d70-4f19-b814-29be41487240@group-92A57C94F017-StateMachineUpdater: Took a snapshot at index 4
2022-07-30 01:49:24,073 [a8954817-1d70-4f19-b814-29be41487240@group-92A57C94F017-StateMachineUpdater] INFO  impl.StateMachineUpdater (StateMachineUpdater.java:lambda$new$0(92)) - a8954817-1d70-4f19-b814-29be41487240@group-92A57C94F017-StateMachineUpdater: snapshotIndex: updateIncreasingly -1 -> 4
2022-07-30 01:49:24,074 [ForkJoinPool.commonPool-worker-1] INFO  ozoneimpl.OzoneContainer (OzoneContainer.java:stop(399)) - Attempting to stop container services.
2022-07-30 01:49:24,075 [ForkJoinPool.commonPool-worker-1] INFO  server.RaftServer (RaftServerProxy.java:lambda$close$7(398)) - 7e99fd26-7598-4594-b7f2-81741e43f67c: close
2022-07-30 01:49:24,075 [ForkJoinPool.commonPool-worker-1] INFO  server.RaftServer$Division (RaftServerImpl.java:lambda$close$4(434)) - 7e99fd26-7598-4594-b7f2-81741e43f67c@group-92A57C94F017: shutdown
2022-07-30 01:49:24,075 [ForkJoinPool.commonPool-worker-1] INFO  util.JmxRegister (JmxRegister.java:unregister(73)) - Successfully un-registered JMX Bean with object name Ratis:service=RaftServer,group=group-92A57C94F017,id=7e99fd26-7598-4594-b7f2-81741e43f67c
2022-07-30 01:49:24,075 [ForkJoinPool.commonPool-worker-1] INFO  impl.RoleInfo (RoleInfo.java:shutdownLeaderState(93)) - 7e99fd26-7598-4594-b7f2-81741e43f67c: shutdown 7e99fd26-7598-4594-b7f2-81741e43f67c@group-92A57C94F017-LeaderStateImpl
2022-07-30 01:49:24,075 [ForkJoinPool.commonPool-worker-1] INFO  impl.PendingRequests (PendingRequests.java:sendNotLeaderResponses(282)) - 7e99fd26-7598-4594-b7f2-81741e43f67c@group-92A57C94F017-PendingRequests: sendNotLeaderResponses
2022-07-30 01:49:24,075 [7e99fd26-7598-4594-b7f2-81741e43f67c@group-92A57C94F017->ba3de65c-e6c9-495e-8613-4120736e14c0-GrpcLogAppender-LogAppenderDaemon] WARN  server.GrpcLogAppender (GrpcLogAppender.java:mayWait(171)) - 7e99fd26-7598-4594-b7f2-81741e43f67c@group-92A57C94F017->ba3de65c-e6c9-495e-8613-4120736e14c0-GrpcLogAppender: Wait interrupted by java.lang.InterruptedException
2022-07-30 01:49:24,080 [Listener at 127.0.0.1/43571] INFO  server.RaftServer$Division (ServerState.java:close(429)) - a8954817-1d70-4f19-b814-29be41487240@group-92A57C94F017: closes. applyIndex: 4
2022-07-30 01:49:24,080 [a8954817-1d70-4f19-b814-29be41487240@group-92A57C94F017-SegmentedRaftLogWorker] INFO  segmented.SegmentedRaftLogWorker (SegmentedRaftLogWorker.java:run(336)) - a8954817-1d70-4f19-b814-29be41487240@group-92A57C94F017-SegmentedRaftLogWorker was interrupted, exiting. There are 0 tasks remaining in the queue.
2022-07-30 01:49:24,079 [7e99fd26-7598-4594-b7f2-81741e43f67c@group-92A57C94F017-StateMachineUpdater] INFO  ratis.ContainerStateMachine (ContainerStateMachine.java:takeSnapshot(304)) - group-92A57C94F017: Taking a snapshot at:(t:3, i:4) file /home/runner/work/ozone/ozone/hadoop-ozone/integration-test/target/test-dir/MiniOzoneClusterImpl-c8472f64-5143-4d61-85a0-9e96bab939e3/datanode-1/data/ratis/16f0266c-a4ab-40f2-a290-92a57c94f017/sm/snapshot.3_4
2022-07-30 01:49:24,085 [grpc-default-executor-1] INFO  server.GrpcServerProtocolService (GrpcServerProtocolService.java:onCompleted(140)) - ba3de65c-e6c9-495e-8613-4120736e14c0: Completed APPEND_ENTRIES, lastRequest: 7e99fd26-7598-4594-b7f2-81741e43f67c->ba3de65c-e6c9-495e-8613-4120736e14c0#10-t3,previous=(t:3, i:3),leaderCommit=2,initializing? true,entries: size=1, first=(t:3, i:4), METADATAENTRY(c:2)
2022-07-30 01:49:24,086 [grpc-default-executor-0] INFO  server.GrpcLogAppender (GrpcLogAppender.java:onCompleted(339)) - 7e99fd26-7598-4594-b7f2-81741e43f67c@group-92A57C94F017->ba3de65c-e6c9-495e-8613-4120736e14c0-AppendLogResponseHandler: follower responses appendEntries COMPLETED
2022-07-30 01:49:24,086 [grpc-default-executor-0] INFO  leader.FollowerInfo (FollowerInfoImpl.java:lambda$new$0(48)) - 7e99fd26-7598-4594-b7f2-81741e43f67c@group-92A57C94F017->ba3de65c-e6c9-495e-8613-4120736e14c0: nextIndex: updateUnconditionally 5 -> 4
2022-07-30 01:49:24,078 [ForkJoinPool.commonPool-worker-1] INFO  impl.StateMachineUpdater (StateMachineUpdater.java:stopAndJoin(153)) - 7e99fd26-7598-4594-b7f2-81741e43f67c@group-92A57C94F017-StateMachineUpdater: set stopIndex = 4
2022-07-30 01:49:24,075 [7e99fd26-7598-4594-b7f2-81741e43f67c@group-92A57C94F017->a8954817-1d70-4f19-b814-29be41487240-GrpcLogAppender-LogAppenderDaemon] WARN  server.GrpcLogAppender (GrpcLogAppender.java:mayWait(171)) - 7e99fd26-7598-4594-b7f2-81741e43f67c@group-92A57C94F017->a8954817-1d70-4f19-b814-29be41487240-GrpcLogAppender: Wait interrupted by java.lang.InterruptedException
2022-07-30 01:49:24,081 [Listener at 127.0.0.1/43571] INFO  segmented.SegmentedRaftLogWorker (SegmentedRaftLogWorker.java:close(246)) - a8954817-1d70-4f19-b814-29be41487240@group-92A57C94F017-SegmentedRaftLogWorker close()
2022-07-30 01:49:24,097 [grpc-default-executor-1] INFO  server.GrpcServerProtocolService (GrpcServerProtocolService.java:onCompleted(140)) - a8954817-1d70-4f19-b814-29be41487240: Completed APPEND_ENTRIES, lastRequest: 7e99fd26-7598-4594-b7f2-81741e43f67c->a8954817-1d70-4f19-b814-29be41487240#12-t3,previous=(t:3, i:3),leaderCommit=2,initializing? true,entries: size=1, first=(t:3, i:4), METADATAENTRY(c:2)
2022-07-30 01:49:24,098 [grpc-default-executor-0] INFO  server.GrpcLogAppender (GrpcLogAppender.java:onCompleted(339)) - 7e99fd26-7598-4594-b7f2-81741e43f67c@group-92A57C94F017->a8954817-1d70-4f19-b814-29be41487240-AppendLogResponseHandler: follower responses appendEntries COMPLETED
2022-07-30 01:49:24,098 [grpc-default-executor-0] INFO  leader.FollowerInfo (FollowerInfoImpl.java:lambda$new$0(48)) - 7e99fd26-7598-4594-b7f2-81741e43f67c@group-92A57C94F017->a8954817-1d70-4f19-b814-29be41487240: nextIndex: updateUnconditionally 5 -> 4
2022-07-30 01:49:24,102 [Listener at 127.0.0.1/43571] INFO  server.RaftServer$Division (RaftServerImpl.java:lambda$close$4(434)) - a8954817-1d70-4f19-b814-29be41487240@group-0DCD7174B461: shutdown
2022-07-30 01:49:24,102 [Listener at 127.0.0.1/43571] INFO  util.JmxRegister (JmxRegister.java:unregister(73)) - Successfully un-registered JMX Bean with object name Ratis:service=RaftServer,group=group-0DCD7174B461,id=a8954817-1d70-4f19-b814-29be41487240
2022-07-30 01:49:24,103 [Listener at 127.0.0.1/43571] INFO  impl.RoleInfo (RoleInfo.java:shutdownLeaderState(93)) - a8954817-1d70-4f19-b814-29be41487240: shutdown a8954817-1d70-4f19-b814-29be41487240@group-0DCD7174B461-LeaderStateImpl
2022-07-30 01:49:24,103 [Listener at 127.0.0.1/43571] INFO  impl.PendingRequests (PendingRequests.java:sendNotLeaderResponses(282)) - a8954817-1d70-4f19-b814-29be41487240@group-0DCD7174B461-PendingRequests: sendNotLeaderResponses
2022-07-30 01:49:24,103 [a8954817-1d70-4f19-b814-29be41487240@group-0DCD7174B461->7e99fd26-7598-4594-b7f2-81741e43f67c-GrpcLogAppender-LogAppenderDaemon] WARN  server.GrpcLogAppender (GrpcLogAppender.java:mayWait(171)) - a8954817-1d70-4f19-b814-29be41487240@group-0DCD7174B461->7e99fd26-7598-4594-b7f2-81741e43f67c-GrpcLogAppender: Wait interrupted by java.lang.InterruptedException
2022-07-30 01:49:24,104 [a8954817-1d70-4f19-b814-29be41487240@group-0DCD7174B461->ba3de65c-e6c9-495e-8613-4120736e14c0-GrpcLogAppender-LogAppenderDaemon] WARN  server.GrpcLogAppender (GrpcLogAppender.java:mayWait(171)) - a8954817-1d70-4f19-b814-29be41487240@group-0DCD7174B461->ba3de65c-e6c9-495e-8613-4120736e14c0-GrpcLogAppender: Wait interrupted by java.lang.InterruptedException
2022-07-30 01:49:24,104 [7e99fd26-7598-4594-b7f2-81741e43f67c@group-92A57C94F017-StateMachineUpdater] INFO  ratis.ContainerStateMachine (ContainerStateMachine.java:takeSnapshot(315)) - group-92A57C94F017: Finished taking a snapshot at:(t:3, i:4) file:/home/runner/work/ozone/ozone/hadoop-ozone/integration-test/target/test-dir/MiniOzoneClusterImpl-c8472f64-5143-4d61-85a0-9e96bab939e3/datanode-1/data/ratis/16f0266c-a4ab-40f2-a290-92a57c94f017/sm/snapshot.3_4 took: 26 ms
2022-07-30 01:49:24,104 [grpc-default-executor-0] INFO  server.GrpcServerProtocolService (GrpcServerProtocolService.java:onCompleted(140)) - ba3de65c-e6c9-495e-8613-4120736e14c0: Completed APPEND_ENTRIES, lastRequest: a8954817-1d70-4f19-b814-29be41487240->ba3de65c-e6c9-495e-8613-4120736e14c0#417-t2,previous=(t:2, i:26),leaderCommit=25,initializing? true,entries: size=1, first=(t:2, i:27), METADATAENTRY(c:25)
2022-07-30 01:49:24,104 [7e99fd26-7598-4594-b7f2-81741e43f67c@group-92A57C94F017-StateMachineUpdater] INFO  impl.StateMachineUpdater (StateMachineUpdater.java:takeSnapshot(287)) - 7e99fd26-7598-4594-b7f2-81741e43f67c@group-92A57C94F017-StateMachineUpdater: Took a snapshot at index 4
2022-07-30 01:49:24,104 [7e99fd26-7598-4594-b7f2-81741e43f67c@group-92A57C94F017-StateMachineUpdater] INFO  impl.StateMachineUpdater (StateMachineUpdater.java:lambda$new$0(92)) - 7e99fd26-7598-4594-b7f2-81741e43f67c@group-92A57C94F017-StateMachineUpdater: snapshotIndex: updateIncreasingly -1 -> 4
2022-07-30 01:49:24,104 [grpc-default-executor-3] INFO  server.GrpcLogAppender (GrpcLogAppender.java:onCompleted(339)) - a8954817-1d70-4f19-b814-29be41487240@group-0DCD7174B461->ba3de65c-e6c9-495e-8613-4120736e14c0-AppendLogResponseHandler: follower responses appendEntries COMPLETED
2022-07-30 01:49:24,105 [grpc-default-executor-3] INFO  leader.FollowerInfo (FollowerInfoImpl.java:lambda$new$0(48)) - a8954817-1d70-4f19-b814-29be41487240@group-0DCD7174B461->ba3de65c-e6c9-495e-8613-4120736e14c0: nextIndex: updateUnconditionally 28 -> 27
2022-07-30 01:49:24,105 [ForkJoinPool.commonPool-worker-1] INFO  server.RaftServer$Division (ServerState.java:close(429)) - 7e99fd26-7598-4594-b7f2-81741e43f67c@group-92A57C94F017: closes. applyIndex: 4
2022-07-30 01:49:24,105 [7e99fd26-7598-4594-b7f2-81741e43f67c@group-92A57C94F017-SegmentedRaftLogWorker] INFO  segmented.SegmentedRaftLogWorker (SegmentedRaftLogWorker.java:run(336)) - 7e99fd26-7598-4594-b7f2-81741e43f67c@group-92A57C94F017-SegmentedRaftLogWorker was interrupted, exiting. There are 0 tasks remaining in the queue.
2022-07-30 01:49:24,105 [grpc-default-executor-1] INFO  server.GrpcServerProtocolService (GrpcServerProtocolService.java:onCompleted(140)) - 7e99fd26-7598-4594-b7f2-81741e43f67c: Completed APPEND_ENTRIES, lastRequest: a8954817-1d70-4f19-b814-29be41487240->7e99fd26-7598-4594-b7f2-81741e43f67c#413-t2,previous=(t:2, i:26),leaderCommit=25,initializing? true,entries: size=1, first=(t:2, i:27), METADATAENTRY(c:25)
2022-07-30 01:49:24,106 [grpc-default-executor-0] INFO  server.GrpcLogAppender (GrpcLogAppender.java:onCompleted(339)) - a8954817-1d70-4f19-b814-29be41487240@group-0DCD7174B461->7e99fd26-7598-4594-b7f2-81741e43f67c-AppendLogResponseHandler: follower responses appendEntries COMPLETED
2022-07-30 01:49:24,106 [grpc-default-executor-0] INFO  leader.FollowerInfo (FollowerInfoImpl.java:lambda$new$0(48)) - a8954817-1d70-4f19-b814-29be41487240@group-0DCD7174B461->7e99fd26-7598-4594-b7f2-81741e43f67c: nextIndex: updateUnconditionally 28 -> 27
2022-07-30 01:49:24,109 [ForkJoinPool.commonPool-worker-1] INFO  segmented.SegmentedRaftLogWorker (SegmentedRaftLogWorker.java:close(246)) - 7e99fd26-7598-4594-b7f2-81741e43f67c@group-92A57C94F017-SegmentedRaftLogWorker close()
2022-07-30 01:49:24,110 [ForkJoinPool.commonPool-worker-1] INFO  server.RaftServer$Division (RaftServerImpl.java:lambda$close$4(434)) - 7e99fd26-7598-4594-b7f2-81741e43f67c@group-0DCD7174B461: shutdown
2022-07-30 01:49:24,111 [ForkJoinPool.commonPool-worker-1] INFO  util.JmxRegister (JmxRegister.java:unregister(73)) - Successfully un-registered JMX Bean with object name Ratis:service=RaftServer,group=group-0DCD7174B461,id=7e99fd26-7598-4594-b7f2-81741e43f67c
2022-07-30 01:49:24,111 [ForkJoinPool.commonPool-worker-1] INFO  impl.RoleInfo (RoleInfo.java:shutdownFollowerState(110)) - 7e99fd26-7598-4594-b7f2-81741e43f67c: shutdown 7e99fd26-7598-4594-b7f2-81741e43f67c@group-0DCD7174B461-FollowerState
2022-07-30 01:49:24,111 [ForkJoinPool.commonPool-worker-1] INFO  impl.StateMachineUpdater (StateMachineUpdater.java:stopAndJoin(153)) - 7e99fd26-7598-4594-b7f2-81741e43f67c@group-0DCD7174B461-StateMachineUpdater: set stopIndex = 27
2022-07-30 01:49:24,111 [7e99fd26-7598-4594-b7f2-81741e43f67c@group-0DCD7174B461-FollowerState] INFO  impl.FollowerState (FollowerState.java:run(152)) - 7e99fd26-7598-4594-b7f2-81741e43f67c@group-0DCD7174B461-FollowerState was interrupted
2022-07-30 01:49:24,111 [7e99fd26-7598-4594-b7f2-81741e43f67c@group-0DCD7174B461-StateMachineUpdater] INFO  ratis.ContainerStateMachine (ContainerStateMachine.java:takeSnapshot(304)) - group-0DCD7174B461: Taking a snapshot at:(t:2, i:27) file /home/runner/work/ozone/ozone/hadoop-ozone/integration-test/target/test-dir/MiniOzoneClusterImpl-c8472f64-5143-4d61-85a0-9e96bab939e3/datanode-1/data/ratis/3872e03d-ccf4-4ed0-9a86-0dcd7174b461/sm/snapshot.2_27
2022-07-30 01:49:24,113 [7e99fd26-7598-4594-b7f2-81741e43f67c@group-0DCD7174B461-StateMachineUpdater] INFO  ratis.ContainerStateMachine (ContainerStateMachine.java:takeSnapshot(315)) - group-0DCD7174B461: Finished taking a snapshot at:(t:2, i:27) file:/home/runner/work/ozone/ozone/hadoop-ozone/integration-test/target/test-dir/MiniOzoneClusterImpl-c8472f64-5143-4d61-85a0-9e96bab939e3/datanode-1/data/ratis/3872e03d-ccf4-4ed0-9a86-0dcd7174b461/sm/snapshot.2_27 took: 2 ms
2022-07-30 01:49:24,113 [7e99fd26-7598-4594-b7f2-81741e43f67c@group-0DCD7174B461-StateMachineUpdater] INFO  impl.StateMachineUpdater (StateMachineUpdater.java:takeSnapshot(287)) - 7e99fd26-7598-4594-b7f2-81741e43f67c@group-0DCD7174B461-StateMachineUpdater: Took a snapshot at index 27
2022-07-30 01:49:24,113 [7e99fd26-7598-4594-b7f2-81741e43f67c@group-0DCD7174B461-StateMachineUpdater] INFO  impl.StateMachineUpdater (StateMachineUpdater.java:lambda$new$0(92)) - 7e99fd26-7598-4594-b7f2-81741e43f67c@group-0DCD7174B461-StateMachineUpdater: snapshotIndex: updateIncreasingly -1 -> 27
2022-07-30 01:49:24,114 [ForkJoinPool.commonPool-worker-1] INFO  server.RaftServer$Division (ServerState.java:close(429)) - 7e99fd26-7598-4594-b7f2-81741e43f67c@group-0DCD7174B461: closes. applyIndex: 27
2022-07-30 01:49:24,115 [7e99fd26-7598-4594-b7f2-81741e43f67c@group-0DCD7174B461-SegmentedRaftLogWorker] INFO  segmented.SegmentedRaftLogWorker (SegmentedRaftLogWorker.java:run(336)) - 7e99fd26-7598-4594-b7f2-81741e43f67c@group-0DCD7174B461-SegmentedRaftLogWorker was interrupted, exiting. There are 0 tasks remaining in the queue.
2022-07-30 01:49:24,124 [ForkJoinPool.commonPool-worker-1] INFO  segmented.SegmentedRaftLogWorker (SegmentedRaftLogWorker.java:close(246)) - 7e99fd26-7598-4594-b7f2-81741e43f67c@group-0DCD7174B461-SegmentedRaftLogWorker close()
2022-07-30 01:49:24,125 [Listener at 127.0.0.1/43571] INFO  impl.StateMachineUpdater (StateMachineUpdater.java:stopAndJoin(153)) - a8954817-1d70-4f19-b814-29be41487240@group-0DCD7174B461-StateMachineUpdater: set stopIndex = 27
2022-07-30 01:49:24,126 [ForkJoinPool.commonPool-worker-1] INFO  server.RaftServer$Division (RaftServerImpl.java:lambda$close$4(434)) - 7e99fd26-7598-4594-b7f2-81741e43f67c@group-2626F122829B: shutdown
2022-07-30 01:49:24,126 [ForkJoinPool.commonPool-worker-1] INFO  util.JmxRegister (JmxRegister.java:unregister(73)) - Successfully un-registered JMX Bean with object name Ratis:service=RaftServer,group=group-2626F122829B,id=7e99fd26-7598-4594-b7f2-81741e43f67c
2022-07-30 01:49:24,126 [ForkJoinPool.commonPool-worker-1] INFO  impl.RoleInfo (RoleInfo.java:shutdownLeaderState(93)) - 7e99fd26-7598-4594-b7f2-81741e43f67c: shutdown 7e99fd26-7598-4594-b7f2-81741e43f67c@group-2626F122829B-LeaderStateImpl
2022-07-30 01:49:24,126 [ForkJoinPool.commonPool-worker-1] INFO  impl.PendingRequests (PendingRequests.java:sendNotLeaderResponses(282)) - 7e99fd26-7598-4594-b7f2-81741e43f67c@group-2626F122829B-PendingRequests: sendNotLeaderResponses
2022-07-30 01:49:24,127 [ForkJoinPool.commonPool-worker-1] INFO  impl.StateMachineUpdater (StateMachineUpdater.java:stopAndJoin(153)) - 7e99fd26-7598-4594-b7f2-81741e43f67c@group-2626F122829B-StateMachineUpdater: set stopIndex = 0
2022-07-30 01:49:24,127 [7e99fd26-7598-4594-b7f2-81741e43f67c@group-2626F122829B-StateMachineUpdater] INFO  ratis.ContainerStateMachine (ContainerStateMachine.java:takeSnapshot(304)) - group-2626F122829B: Taking a snapshot at:(t:1, i:0) file /home/runner/work/ozone/ozone/hadoop-ozone/integration-test/target/test-dir/MiniOzoneClusterImpl-c8472f64-5143-4d61-85a0-9e96bab939e3/datanode-1/data/ratis/82c93a42-215d-41b0-8a1c-2626f122829b/sm/snapshot.1_0
2022-07-30 01:49:24,128 [7e99fd26-7598-4594-b7f2-81741e43f67c@group-2626F122829B-StateMachineUpdater] INFO  ratis.ContainerStateMachine (ContainerStateMachine.java:takeSnapshot(315)) - group-2626F122829B: Finished taking a snapshot at:(t:1, i:0) file:/home/runner/work/ozone/ozone/hadoop-ozone/integration-test/target/test-dir/MiniOzoneClusterImpl-c8472f64-5143-4d61-85a0-9e96bab939e3/datanode-1/data/ratis/82c93a42-215d-41b0-8a1c-2626f122829b/sm/snapshot.1_0 took: 1 ms
2022-07-30 01:49:24,128 [7e99fd26-7598-4594-b7f2-81741e43f67c@group-2626F122829B-StateMachineUpdater] INFO  impl.StateMachineUpdater (StateMachineUpdater.java:takeSnapshot(287)) - 7e99fd26-7598-4594-b7f2-81741e43f67c@group-2626F122829B-StateMachineUpdater: Took a snapshot at index 0
2022-07-30 01:49:24,128 [7e99fd26-7598-4594-b7f2-81741e43f67c@group-2626F122829B-StateMachineUpdater] INFO  impl.StateMachineUpdater (StateMachineUpdater.java:lambda$new$0(92)) - 7e99fd26-7598-4594-b7f2-81741e43f67c@group-2626F122829B-StateMachineUpdater: snapshotIndex: updateIncreasingly -1 -> 0
2022-07-30 01:49:24,128 [ForkJoinPool.commonPool-worker-1] INFO  server.RaftServer$Division (ServerState.java:close(429)) - 7e99fd26-7598-4594-b7f2-81741e43f67c@group-2626F122829B: closes. applyIndex: 0
2022-07-30 01:49:24,131 [7e99fd26-7598-4594-b7f2-81741e43f67c@group-2626F122829B-SegmentedRaftLogWorker] INFO  segmented.SegmentedRaftLogWorker (SegmentedRaftLogWorker.java:run(336)) - 7e99fd26-7598-4594-b7f2-81741e43f67c@group-2626F122829B-SegmentedRaftLogWorker was interrupted, exiting. There are 0 tasks remaining in the queue.
2022-07-30 01:49:24,132 [ForkJoinPool.commonPool-worker-1] INFO  segmented.SegmentedRaftLogWorker (SegmentedRaftLogWorker.java:close(246)) - 7e99fd26-7598-4594-b7f2-81741e43f67c@group-2626F122829B-SegmentedRaftLogWorker close()
2022-07-30 01:49:24,132 [a8954817-1d70-4f19-b814-29be41487240@group-0DCD7174B461-StateMachineUpdater] INFO  ratis.ContainerStateMachine (ContainerStateMachine.java:takeSnapshot(304)) - group-0DCD7174B461: Taking a snapshot at:(t:2, i:27) file /home/runner/work/ozone/ozone/hadoop-ozone/integration-test/target/test-dir/MiniOzoneClusterImpl-c8472f64-5143-4d61-85a0-9e96bab939e3/datanode-2/data/ratis/3872e03d-ccf4-4ed0-9a86-0dcd7174b461/sm/snapshot.2_27
2022-07-30 01:49:24,136 [a8954817-1d70-4f19-b814-29be41487240@group-0DCD7174B461-StateMachineUpdater] INFO  ratis.ContainerStateMachine (ContainerStateMachine.java:takeSnapshot(315)) - group-0DCD7174B461: Finished taking a snapshot at:(t:2, i:27) file:/home/runner/work/ozone/ozone/hadoop-ozone/integration-test/target/test-dir/MiniOzoneClusterImpl-c8472f64-5143-4d61-85a0-9e96bab939e3/datanode-2/data/ratis/3872e03d-ccf4-4ed0-9a86-0dcd7174b461/sm/snapshot.2_27 took: 4 ms
2022-07-30 01:49:24,136 [a8954817-1d70-4f19-b814-29be41487240@group-0DCD7174B461-StateMachineUpdater] INFO  impl.StateMachineUpdater (StateMachineUpdater.java:takeSnapshot(287)) - a8954817-1d70-4f19-b814-29be41487240@group-0DCD7174B461-StateMachineUpdater: Took a snapshot at index 27
2022-07-30 01:49:24,136 [a8954817-1d70-4f19-b814-29be41487240@group-0DCD7174B461-StateMachineUpdater] INFO  impl.StateMachineUpdater (StateMachineUpdater.java:lambda$new$0(92)) - a8954817-1d70-4f19-b814-29be41487240@group-0DCD7174B461-StateMachineUpdater: snapshotIndex: updateIncreasingly -1 -> 27
2022-07-30 01:49:24,137 [Listener at 127.0.0.1/43571] INFO  server.RaftServer$Division (ServerState.java:close(429)) - a8954817-1d70-4f19-b814-29be41487240@group-0DCD7174B461: closes. applyIndex: 27
2022-07-30 01:49:24,137 [a8954817-1d70-4f19-b814-29be41487240@group-0DCD7174B461-SegmentedRaftLogWorker] INFO  segmented.SegmentedRaftLogWorker (SegmentedRaftLogWorker.java:run(336)) - a8954817-1d70-4f19-b814-29be41487240@group-0DCD7174B461-SegmentedRaftLogWorker was interrupted, exiting. There are 0 tasks remaining in the queue.
2022-07-30 01:49:24,138 [ForkJoinPool.commonPool-worker-1] INFO  server.GrpcService (GrpcService.java:closeImpl(269)) - 7e99fd26-7598-4594-b7f2-81741e43f67c: shutdown server with port 40277 now
2022-07-30 01:49:24,142 [Listener at 127.0.0.1/43571] INFO  segmented.SegmentedRaftLogWorker (SegmentedRaftLogWorker.java:close(246)) - a8954817-1d70-4f19-b814-29be41487240@group-0DCD7174B461-SegmentedRaftLogWorker close()
2022-07-30 01:49:24,153 [ForkJoinPool.commonPool-worker-1] INFO  server.GrpcService (GrpcService.java:closeImpl(278)) - 7e99fd26-7598-4594-b7f2-81741e43f67c: shutdown server with port 40277 successfully
2022-07-30 01:49:24,154 [org.apache.ratis.util.JvmPauseMonitor$$Lambda$615/1033062816@6240903f] INFO  util.JvmPauseMonitor (JvmPauseMonitor.java:run(109)) - JvmPauseMonitor-7e99fd26-7598-4594-b7f2-81741e43f67c: Stopped
2022-07-30 01:49:24,154 [Listener at 127.0.0.1/43571] INFO  server.RaftServer$Division (RaftServerImpl.java:lambda$close$4(434)) - a8954817-1d70-4f19-b814-29be41487240@group-D67549BCE49D: shutdown
2022-07-30 01:49:24,154 [Listener at 127.0.0.1/43571] INFO  util.JmxRegister (JmxRegister.java:unregister(73)) - Successfully un-registered JMX Bean with object name Ratis:service=RaftServer,group=group-D67549BCE49D,id=a8954817-1d70-4f19-b814-29be41487240
2022-07-30 01:49:24,154 [Listener at 127.0.0.1/43571] INFO  impl.RoleInfo (RoleInfo.java:shutdownLeaderState(93)) - a8954817-1d70-4f19-b814-29be41487240: shutdown a8954817-1d70-4f19-b814-29be41487240@group-D67549BCE49D-LeaderStateImpl
2022-07-30 01:49:24,154 [Listener at 127.0.0.1/43571] INFO  impl.PendingRequests (PendingRequests.java:sendNotLeaderResponses(282)) - a8954817-1d70-4f19-b814-29be41487240@group-D67549BCE49D-PendingRequests: sendNotLeaderResponses
2022-07-30 01:49:24,155 [Listener at 127.0.0.1/43571] INFO  impl.StateMachineUpdater (StateMachineUpdater.java:stopAndJoin(153)) - a8954817-1d70-4f19-b814-29be41487240@group-D67549BCE49D-StateMachineUpdater: set stopIndex = 0
2022-07-30 01:49:24,155 [a8954817-1d70-4f19-b814-29be41487240@group-D67549BCE49D-StateMachineUpdater] INFO  ratis.ContainerStateMachine (ContainerStateMachine.java:takeSnapshot(304)) - group-D67549BCE49D: Taking a snapshot at:(t:1, i:0) file /home/runner/work/ozone/ozone/hadoop-ozone/integration-test/target/test-dir/MiniOzoneClusterImpl-c8472f64-5143-4d61-85a0-9e96bab939e3/datanode-2/data/ratis/8105e1b6-a03e-4921-b9a7-d67549bce49d/sm/snapshot.1_0
2022-07-30 01:49:24,158 [a8954817-1d70-4f19-b814-29be41487240@group-D67549BCE49D-StateMachineUpdater] INFO  ratis.ContainerStateMachine (ContainerStateMachine.java:takeSnapshot(315)) - group-D67549BCE49D: Finished taking a snapshot at:(t:1, i:0) file:/home/runner/work/ozone/ozone/hadoop-ozone/integration-test/target/test-dir/MiniOzoneClusterImpl-c8472f64-5143-4d61-85a0-9e96bab939e3/datanode-2/data/ratis/8105e1b6-a03e-4921-b9a7-d67549bce49d/sm/snapshot.1_0 took: 3 ms
2022-07-30 01:49:24,158 [a8954817-1d70-4f19-b814-29be41487240@group-D67549BCE49D-StateMachineUpdater] INFO  impl.StateMachineUpdater (StateMachineUpdater.java:takeSnapshot(287)) - a8954817-1d70-4f19-b814-29be41487240@group-D67549BCE49D-StateMachineUpdater: Took a snapshot at index 0
2022-07-30 01:49:24,158 [a8954817-1d70-4f19-b814-29be41487240@group-D67549BCE49D-StateMachineUpdater] INFO  impl.StateMachineUpdater (StateMachineUpdater.java:lambda$new$0(92)) - a8954817-1d70-4f19-b814-29be41487240@group-D67549BCE49D-StateMachineUpdater: snapshotIndex: updateIncreasingly -1 -> 0
2022-07-30 01:49:24,159 [Listener at 127.0.0.1/43571] INFO  server.RaftServer$Division (ServerState.java:close(429)) - a8954817-1d70-4f19-b814-29be41487240@group-D67549BCE49D: closes. applyIndex: 0
2022-07-30 01:49:24,159 [a8954817-1d70-4f19-b814-29be41487240@group-D67549BCE49D-SegmentedRaftLogWorker] INFO  segmented.SegmentedRaftLogWorker (SegmentedRaftLogWorker.java:run(336)) - a8954817-1d70-4f19-b814-29be41487240@group-D67549BCE49D-SegmentedRaftLogWorker was interrupted, exiting. There are 0 tasks remaining in the queue.
2022-07-30 01:49:24,159 [Listener at 127.0.0.1/43571] INFO  segmented.SegmentedRaftLogWorker (SegmentedRaftLogWorker.java:close(246)) - a8954817-1d70-4f19-b814-29be41487240@group-D67549BCE49D-SegmentedRaftLogWorker close()
2022-07-30 01:49:24,165 [Listener at 127.0.0.1/43571] INFO  server.GrpcService (GrpcService.java:closeImpl(269)) - a8954817-1d70-4f19-b814-29be41487240: shutdown server with port 46247 now
2022-07-30 01:49:24,172 [Listener at 127.0.0.1/43571] INFO  server.GrpcService (GrpcService.java:closeImpl(278)) - a8954817-1d70-4f19-b814-29be41487240: shutdown server with port 46247 successfully
2022-07-30 01:49:24,175 [org.apache.ratis.util.JvmPauseMonitor$$Lambda$615/1033062816@26a92b4a] INFO  util.JvmPauseMonitor (JvmPauseMonitor.java:run(109)) - JvmPauseMonitor-a8954817-1d70-4f19-b814-29be41487240: Stopped
2022-07-30 01:49:26,215 [ForkJoinPool.commonPool-worker-1] INFO  utils.BackgroundService (BackgroundService.java:shutdown(141)) - Shutting down service BlockDeletingService
2022-07-30 01:49:26,215 [ForkJoinPool.commonPool-worker-1] INFO  utils.BackgroundService (BackgroundService.java:shutdown(141)) - Shutting down service StaleRecoveringContainerScrubbingService
2022-07-30 01:49:26,223 [Listener at 127.0.0.1/43571] INFO  utils.BackgroundService (BackgroundService.java:shutdown(141)) - Shutting down service BlockDeletingService
2022-07-30 01:49:26,224 [Listener at 127.0.0.1/43571] INFO  utils.BackgroundService (BackgroundService.java:shutdown(141)) - Shutting down service StaleRecoveringContainerScrubbingService
2022-07-30 01:49:29,220 [ForkJoinPool.commonPool-worker-1] INFO  statemachine.DatanodeStateMachine (DatanodeStateMachine.java:stopDaemon(580)) - Ozone container server stopped.
2022-07-30 01:49:29,247 [Listener at 127.0.0.1/43571] INFO  statemachine.DatanodeStateMachine (DatanodeStateMachine.java:stopDaemon(580)) - Ozone container server stopped.
2022-07-30 01:49:29,264 [Listener at 127.0.0.1/43571] INFO  handler.ContextHandler (ContextHandler.java:doStop(1153)) - Stopped o.e.j.w.WebAppContext@7b30a3ad{hddsDatanode,/,null,STOPPED}{jar:file:/home/runner/.m2/repository/org/apache/ozone/hdds-container-service/1.3.0-SNAPSHOT/hdds-container-service-1.3.0-SNAPSHOT.jar!/webapps/hddsDatanode}
2022-07-30 01:49:29,268 [Listener at 127.0.0.1/43571] INFO  server.AbstractConnector (AbstractConnector.java:doStop(381)) - Stopped ServerConnector@27f89d3b{HTTP/1.1, (http/1.1)}{0.0.0.0:0}
2022-07-30 01:49:29,268 [Listener at 127.0.0.1/43571] INFO  server.session (HouseKeeper.java:stopScavenging(149)) - node0 Stopped scavenging
2022-07-30 01:49:29,268 [Listener at 127.0.0.1/43571] INFO  handler.ContextHandler (ContextHandler.java:doStop(1153)) - Stopped o.e.j.s.ServletContextHandler@44af0b9a{static,/static,jar:file:/home/runner/.m2/repository/org/apache/ozone/hdds-container-service/1.3.0-SNAPSHOT/hdds-container-service-1.3.0-SNAPSHOT.jar!/webapps/static,STOPPED}
2022-07-30 01:49:29,268 [Listener at 127.0.0.1/43571] INFO  handler.ContextHandler (ContextHandler.java:doStop(1153)) - Stopped o.e.j.s.ServletContextHandler@108eff20{logs,/logs,file:///home/runner/work/ozone/ozone/hadoop-ozone/integration-test/target/log,STOPPED}
2022-07-30 01:49:29,283 [ForkJoinPool.commonPool-worker-1] INFO  handler.ContextHandler (ContextHandler.java:doStop(1153)) - Stopped o.e.j.w.WebAppContext@715b4be6{hddsDatanode,/,null,STOPPED}{jar:file:/home/runner/.m2/repository/org/apache/ozone/hdds-container-service/1.3.0-SNAPSHOT/hdds-container-service-1.3.0-SNAPSHOT.jar!/webapps/hddsDatanode}
2022-07-30 01:49:29,284 [ForkJoinPool.commonPool-worker-1] INFO  server.AbstractConnector (AbstractConnector.java:doStop(381)) - Stopped ServerConnector@7f25ff1f{HTTP/1.1, (http/1.1)}{0.0.0.0:0}
2022-07-30 01:49:29,284 [ForkJoinPool.commonPool-worker-1] INFO  server.session (HouseKeeper.java:stopScavenging(149)) - node0 Stopped scavenging
2022-07-30 01:49:29,285 [ForkJoinPool.commonPool-worker-1] INFO  handler.ContextHandler (ContextHandler.java:doStop(1153)) - Stopped o.e.j.s.ServletContextHandler@13eab6d7{static,/static,jar:file:/home/runner/.m2/repository/org/apache/ozone/hdds-container-service/1.3.0-SNAPSHOT/hdds-container-service-1.3.0-SNAPSHOT.jar!/webapps/static,STOPPED}
2022-07-30 01:49:29,286 [ForkJoinPool.commonPool-worker-1] INFO  handler.ContextHandler (ContextHandler.java:doStop(1153)) - Stopped o.e.j.s.ServletContextHandler@363a1a03{logs,/logs,file:///home/runner/work/ozone/ozone/hadoop-ozone/integration-test/target/log,STOPPED}
2022-07-30 01:49:30,412 [ba3de65c-e6c9-495e-8613-4120736e14c0@group-0DCD7174B461-FollowerState] INFO  impl.FollowerState (FollowerState.java:run(143)) - ba3de65c-e6c9-495e-8613-4120736e14c0@group-0DCD7174B461-FollowerState: change to CANDIDATE, lastRpcElapsedTime:7449133693ns, electionTimeout:5158ms
2022-07-30 01:49:30,412 [ba3de65c-e6c9-495e-8613-4120736e14c0@group-0DCD7174B461-FollowerState] INFO  impl.RoleInfo (RoleInfo.java:shutdownFollowerState(110)) - ba3de65c-e6c9-495e-8613-4120736e14c0: shutdown ba3de65c-e6c9-495e-8613-4120736e14c0@group-0DCD7174B461-FollowerState
2022-07-30 01:49:30,412 [ba3de65c-e6c9-495e-8613-4120736e14c0@group-0DCD7174B461-FollowerState] INFO  server.RaftServer$Division (RaftServerImpl.java:setRole(299)) - ba3de65c-e6c9-495e-8613-4120736e14c0@group-0DCD7174B461: changes role from  FOLLOWER to CANDIDATE at term 2 for changeToCandidate
2022-07-30 01:49:30,412 [ba3de65c-e6c9-495e-8613-4120736e14c0@group-0DCD7174B461-FollowerState] INFO  server.RaftServerConfigKeys (ConfUtils.java:logGet(46)) - raft.server.leaderelection.pre-vote = false (custom)
2022-07-30 01:49:30,412 [ba3de65c-e6c9-495e-8613-4120736e14c0@group-0DCD7174B461-FollowerState] INFO  impl.RoleInfo (RoleInfo.java:updateAndGet(139)) - ba3de65c-e6c9-495e-8613-4120736e14c0: start ba3de65c-e6c9-495e-8613-4120736e14c0@group-0DCD7174B461-LeaderElection31
2022-07-30 01:49:30,418 [ba3de65c-e6c9-495e-8613-4120736e14c0@group-0DCD7174B461-LeaderElection31] INFO  server.RaftServer$Division (ServerState.java:setLeader(287)) - ba3de65c-e6c9-495e-8613-4120736e14c0@group-0DCD7174B461: change Leader from a8954817-1d70-4f19-b814-29be41487240 to null at term 2 for ELECTION
2022-07-30 01:49:30,437 [ba3de65c-e6c9-495e-8613-4120736e14c0@group-0DCD7174B461-LeaderElection31] INFO  impl.LeaderElection (LeaderElection.java:askForVotes(310)) - ba3de65c-e6c9-495e-8613-4120736e14c0@group-0DCD7174B461-LeaderElection31 ELECTION round 0: submit vote requests at term 3 for 0: [7e99fd26-7598-4594-b7f2-81741e43f67c|rpc:10.1.0.37:40277|dataStream:|priority:0, a8954817-1d70-4f19-b814-29be41487240|rpc:10.1.0.37:46247|dataStream:|priority:1, ba3de65c-e6c9-495e-8613-4120736e14c0|rpc:10.1.0.37:34507|dataStream:|priority:0], old=null
2022-07-30 01:49:30,463 [ba3de65c-e6c9-495e-8613-4120736e14c0@group-0DCD7174B461-LeaderElection31] INFO  impl.LeaderElection (LogUtils.java:infoOrTrace(137)) - ba3de65c-e6c9-495e-8613-4120736e14c0@group-0DCD7174B461-LeaderElection31 got exception when requesting votes: java.util.concurrent.ExecutionException: org.apache.ratis.thirdparty.io.grpc.StatusRuntimeException: UNAVAILABLE: io exception
2022-07-30 01:49:30,477 [ba3de65c-e6c9-495e-8613-4120736e14c0@group-0DCD7174B461-LeaderElection31] INFO  impl.LeaderElection (LogUtils.java:infoOrTrace(137)) - ba3de65c-e6c9-495e-8613-4120736e14c0@group-0DCD7174B461-LeaderElection31 got exception when requesting votes: java.util.concurrent.ExecutionException: org.apache.ratis.thirdparty.io.grpc.StatusRuntimeException: UNAVAILABLE: io exception
2022-07-30 01:49:30,477 [ba3de65c-e6c9-495e-8613-4120736e14c0@group-0DCD7174B461-LeaderElection31] INFO  impl.LeaderElection (LeaderElection.java:logAndReturn(90)) - ba3de65c-e6c9-495e-8613-4120736e14c0@group-0DCD7174B461-LeaderElection31: ELECTION REJECTED received 0 response(s) and 2 exception(s):
2022-07-30 01:49:30,477 [ba3de65c-e6c9-495e-8613-4120736e14c0@group-0DCD7174B461-LeaderElection31] INFO  impl.LeaderElection (LogUtils.java:infoOrTrace(137)) -   Exception 0: java.util.concurrent.ExecutionException: org.apache.ratis.thirdparty.io.grpc.StatusRuntimeException: UNAVAILABLE: io exception
2022-07-30 01:49:30,477 [ba3de65c-e6c9-495e-8613-4120736e14c0@group-0DCD7174B461-LeaderElection31] INFO  impl.LeaderElection (LogUtils.java:infoOrTrace(137)) -   Exception 1: java.util.concurrent.ExecutionException: org.apache.ratis.thirdparty.io.grpc.StatusRuntimeException: UNAVAILABLE: io exception
2022-07-30 01:49:30,477 [ba3de65c-e6c9-495e-8613-4120736e14c0@group-0DCD7174B461-LeaderElection31] INFO  impl.LeaderElection (LeaderElection.java:askForVotes(312)) - ba3de65c-e6c9-495e-8613-4120736e14c0@group-0DCD7174B461-LeaderElection31 ELECTION round 0: result REJECTED
2022-07-30 01:49:30,477 [ba3de65c-e6c9-495e-8613-4120736e14c0@group-0DCD7174B461-LeaderElection31] INFO  server.RaftServer$Division (RaftServerImpl.java:setRole(299)) - ba3de65c-e6c9-495e-8613-4120736e14c0@group-0DCD7174B461: changes role from CANDIDATE to FOLLOWER at term 3 for REJECTED
2022-07-30 01:49:30,477 [ba3de65c-e6c9-495e-8613-4120736e14c0@group-0DCD7174B461-LeaderElection31] INFO  impl.RoleInfo (RoleInfo.java:shutdownLeaderElection(130)) - ba3de65c-e6c9-495e-8613-4120736e14c0: shutdown ba3de65c-e6c9-495e-8613-4120736e14c0@group-0DCD7174B461-LeaderElection31
2022-07-30 01:49:30,478 [ba3de65c-e6c9-495e-8613-4120736e14c0@group-0DCD7174B461-LeaderElection31] INFO  impl.RoleInfo (RoleInfo.java:updateAndGet(139)) - ba3de65c-e6c9-495e-8613-4120736e14c0: start ba3de65c-e6c9-495e-8613-4120736e14c0@group-0DCD7174B461-FollowerState
2022-07-30 01:49:30,521 [ba3de65c-e6c9-495e-8613-4120736e14c0@group-92A57C94F017-FollowerState] INFO  impl.FollowerState (FollowerState.java:run(143)) - ba3de65c-e6c9-495e-8613-4120736e14c0@group-92A57C94F017-FollowerState: change to CANDIDATE, lastRpcElapsedTime:8396941794ns, electionTimeout:5013ms
2022-07-30 01:49:30,521 [ba3de65c-e6c9-495e-8613-4120736e14c0@group-92A57C94F017-FollowerState] INFO  impl.RoleInfo (RoleInfo.java:shutdownFollowerState(110)) - ba3de65c-e6c9-495e-8613-4120736e14c0: shutdown ba3de65c-e6c9-495e-8613-4120736e14c0@group-92A57C94F017-FollowerState
2022-07-30 01:49:30,522 [ba3de65c-e6c9-495e-8613-4120736e14c0@group-92A57C94F017-FollowerState] INFO  server.RaftServer$Division (RaftServerImpl.java:setRole(299)) - ba3de65c-e6c9-495e-8613-4120736e14c0@group-92A57C94F017: changes role from  FOLLOWER to CANDIDATE at term 3 for changeToCandidate
2022-07-30 01:49:30,522 [ba3de65c-e6c9-495e-8613-4120736e14c0@group-92A57C94F017-FollowerState] INFO  server.RaftServerConfigKeys (ConfUtils.java:logGet(46)) - raft.server.leaderelection.pre-vote = false (custom)
2022-07-30 01:49:30,522 [ba3de65c-e6c9-495e-8613-4120736e14c0@group-92A57C94F017-FollowerState] INFO  impl.RoleInfo (RoleInfo.java:updateAndGet(139)) - ba3de65c-e6c9-495e-8613-4120736e14c0: start ba3de65c-e6c9-495e-8613-4120736e14c0@group-92A57C94F017-LeaderElection32
2022-07-30 01:49:30,533 [ba3de65c-e6c9-495e-8613-4120736e14c0@group-92A57C94F017-LeaderElection32] INFO  server.RaftServer$Division (ServerState.java:setLeader(287)) - ba3de65c-e6c9-495e-8613-4120736e14c0@group-92A57C94F017: change Leader from 7e99fd26-7598-4594-b7f2-81741e43f67c to null at term 3 for ELECTION
2022-07-30 01:49:30,541 [ba3de65c-e6c9-495e-8613-4120736e14c0@group-92A57C94F017-LeaderElection32] INFO  impl.LeaderElection (LeaderElection.java:askForVotes(310)) - ba3de65c-e6c9-495e-8613-4120736e14c0@group-92A57C94F017-LeaderElection32 ELECTION round 0: submit vote requests at term 4 for 0: [7e99fd26-7598-4594-b7f2-81741e43f67c|rpc:10.1.0.37:40277|dataStream:|priority:1, a8954817-1d70-4f19-b814-29be41487240|rpc:10.1.0.37:46247|dataStream:|priority:0, ba3de65c-e6c9-495e-8613-4120736e14c0|rpc:10.1.0.37:34507|dataStream:|priority:0], old=null
2022-07-30 01:49:30,547 [ba3de65c-e6c9-495e-8613-4120736e14c0@group-92A57C94F017-LeaderElection32] INFO  impl.LeaderElection (LogUtils.java:infoOrTrace(137)) - ba3de65c-e6c9-495e-8613-4120736e14c0@group-92A57C94F017-LeaderElection32 got exception when requesting votes: java.util.concurrent.ExecutionException: org.apache.ratis.thirdparty.io.grpc.StatusRuntimeException: UNAVAILABLE: io exception
2022-07-30 01:49:30,548 [ba3de65c-e6c9-495e-8613-4120736e14c0@group-92A57C94F017-LeaderElection32] INFO  impl.LeaderElection (LogUtils.java:infoOrTrace(137)) - ba3de65c-e6c9-495e-8613-4120736e14c0@group-92A57C94F017-LeaderElection32 got exception when requesting votes: java.util.concurrent.ExecutionException: org.apache.ratis.thirdparty.io.grpc.StatusRuntimeException: UNAVAILABLE: io exception
2022-07-30 01:49:30,548 [ba3de65c-e6c9-495e-8613-4120736e14c0@group-92A57C94F017-LeaderElection32] INFO  impl.LeaderElection (LeaderElection.java:logAndReturn(90)) - ba3de65c-e6c9-495e-8613-4120736e14c0@group-92A57C94F017-LeaderElection32: ELECTION REJECTED received 0 response(s) and 2 exception(s):
2022-07-30 01:49:30,548 [ba3de65c-e6c9-495e-8613-4120736e14c0@group-92A57C94F017-LeaderElection32] INFO  impl.LeaderElection (LogUtils.java:infoOrTrace(137)) -   Exception 0: java.util.concurrent.ExecutionException: org.apache.ratis.thirdparty.io.grpc.StatusRuntimeException: UNAVAILABLE: io exception
2022-07-30 01:49:30,548 [ba3de65c-e6c9-495e-8613-4120736e14c0@group-92A57C94F017-LeaderElection32] INFO  impl.LeaderElection (LogUtils.java:infoOrTrace(137)) -   Exception 1: java.util.concurrent.ExecutionException: org.apache.ratis.thirdparty.io.grpc.StatusRuntimeException: UNAVAILABLE: io exception
2022-07-30 01:49:30,548 [ba3de65c-e6c9-495e-8613-4120736e14c0@group-92A57C94F017-LeaderElection32] INFO  impl.LeaderElection (LeaderElection.java:askForVotes(312)) - ba3de65c-e6c9-495e-8613-4120736e14c0@group-92A57C94F017-LeaderElection32 ELECTION round 0: result REJECTED
2022-07-30 01:49:30,548 [ba3de65c-e6c9-495e-8613-4120736e14c0@group-92A57C94F017-LeaderElection32] INFO  server.RaftServer$Division (RaftServerImpl.java:setRole(299)) - ba3de65c-e6c9-495e-8613-4120736e14c0@group-92A57C94F017: changes role from CANDIDATE to FOLLOWER at term 4 for REJECTED
2022-07-30 01:49:30,549 [ba3de65c-e6c9-495e-8613-4120736e14c0@group-92A57C94F017-LeaderElection32] INFO  impl.RoleInfo (RoleInfo.java:shutdownLeaderElection(130)) - ba3de65c-e6c9-495e-8613-4120736e14c0: shutdown ba3de65c-e6c9-495e-8613-4120736e14c0@group-92A57C94F017-LeaderElection32
2022-07-30 01:49:30,549 [ba3de65c-e6c9-495e-8613-4120736e14c0@group-92A57C94F017-LeaderElection32] INFO  impl.RoleInfo (RoleInfo.java:updateAndGet(139)) - ba3de65c-e6c9-495e-8613-4120736e14c0: start ba3de65c-e6c9-495e-8613-4120736e14c0@group-92A57C94F017-FollowerState
2022-07-30 01:49:33,300 [UnderReplicatedQueueThreadThread] INFO  replication.UnderReplicatedProcessor (UnderReplicatedProcessor.java:processAll(85)) - Processed 0 under replicated containers, failed processing 0
2022-07-30 01:49:33,301 [OverReplicatedQueueThreadThread] INFO  replication.OverReplicatedProcessor (OverReplicatedProcessor.java:processAll(83)) - Processed 0 over replicated containers, failed processing 0
2022-07-30 01:49:34,284 [Listener at 127.0.0.1/43571] INFO  ozoneimpl.OzoneContainer (OzoneContainer.java:stop(399)) - Attempting to stop container services.
2022-07-30 01:49:34,285 [Listener at 127.0.0.1/43571] INFO  server.RaftServer (RaftServerProxy.java:lambda$close$7(398)) - 0afd43b6-07b3-44a6-8ea4-53b5cafc6713: close
2022-07-30 01:49:34,285 [Listener at 127.0.0.1/43571] INFO  server.RaftServer$Division (RaftServerImpl.java:lambda$close$4(434)) - 0afd43b6-07b3-44a6-8ea4-53b5cafc6713@group-8785E2BFC9B7: shutdown
2022-07-30 01:49:34,285 [Listener at 127.0.0.1/43571] INFO  util.JmxRegister (JmxRegister.java:unregister(73)) - Successfully un-registered JMX Bean with object name Ratis:service=RaftServer,group=group-8785E2BFC9B7,id=0afd43b6-07b3-44a6-8ea4-53b5cafc6713
2022-07-30 01:49:34,286 [Listener at 127.0.0.1/43571] INFO  impl.RoleInfo (RoleInfo.java:shutdownLeaderState(93)) - 0afd43b6-07b3-44a6-8ea4-53b5cafc6713: shutdown 0afd43b6-07b3-44a6-8ea4-53b5cafc6713@group-8785E2BFC9B7-LeaderStateImpl
2022-07-30 01:49:34,286 [Listener at 127.0.0.1/43571] INFO  impl.PendingRequests (PendingRequests.java:sendNotLeaderResponses(282)) - 0afd43b6-07b3-44a6-8ea4-53b5cafc6713@group-8785E2BFC9B7-PendingRequests: sendNotLeaderResponses
2022-07-30 01:49:34,287 [Listener at 127.0.0.1/43571] INFO  impl.StateMachineUpdater (StateMachineUpdater.java:stopAndJoin(153)) - 0afd43b6-07b3-44a6-8ea4-53b5cafc6713@group-8785E2BFC9B7-StateMachineUpdater: set stopIndex = 0
2022-07-30 01:49:34,287 [0afd43b6-07b3-44a6-8ea4-53b5cafc6713@group-8785E2BFC9B7-StateMachineUpdater] INFO  ratis.ContainerStateMachine (ContainerStateMachine.java:takeSnapshot(304)) - group-8785E2BFC9B7: Taking a snapshot at:(t:1, i:0) file /home/runner/work/ozone/ozone/hadoop-ozone/integration-test/target/test-dir/MiniOzoneClusterImpl-c8472f64-5143-4d61-85a0-9e96bab939e3/datanode-4/data/ratis/c71b2388-eb55-43e8-be7e-8785e2bfc9b7/sm/snapshot.1_0
2022-07-30 01:49:34,288 [0afd43b6-07b3-44a6-8ea4-53b5cafc6713@group-8785E2BFC9B7-StateMachineUpdater] INFO  ratis.ContainerStateMachine (ContainerStateMachine.java:takeSnapshot(315)) - group-8785E2BFC9B7: Finished taking a snapshot at:(t:1, i:0) file:/home/runner/work/ozone/ozone/hadoop-ozone/integration-test/target/test-dir/MiniOzoneClusterImpl-c8472f64-5143-4d61-85a0-9e96bab939e3/datanode-4/data/ratis/c71b2388-eb55-43e8-be7e-8785e2bfc9b7/sm/snapshot.1_0 took: 1 ms
2022-07-30 01:49:34,288 [0afd43b6-07b3-44a6-8ea4-53b5cafc6713@group-8785E2BFC9B7-StateMachineUpdater] INFO  impl.StateMachineUpdater (StateMachineUpdater.java:takeSnapshot(287)) - 0afd43b6-07b3-44a6-8ea4-53b5cafc6713@group-8785E2BFC9B7-StateMachineUpdater: Took a snapshot at index 0
2022-07-30 01:49:34,288 [0afd43b6-07b3-44a6-8ea4-53b5cafc6713@group-8785E2BFC9B7-StateMachineUpdater] INFO  impl.StateMachineUpdater (StateMachineUpdater.java:lambda$new$0(92)) - 0afd43b6-07b3-44a6-8ea4-53b5cafc6713@group-8785E2BFC9B7-StateMachineUpdater: snapshotIndex: updateIncreasingly -1 -> 0
2022-07-30 01:49:34,291 [Listener at 127.0.0.1/43571] INFO  server.RaftServer$Division (ServerState.java:close(429)) - 0afd43b6-07b3-44a6-8ea4-53b5cafc6713@group-8785E2BFC9B7: closes. applyIndex: 0
2022-07-30 01:49:34,292 [ForkJoinPool.commonPool-worker-1] INFO  ozoneimpl.OzoneContainer (OzoneContainer.java:stop(399)) - Attempting to stop container services.
2022-07-30 01:49:34,294 [ForkJoinPool.commonPool-worker-1] INFO  server.RaftServer (RaftServerProxy.java:lambda$close$7(398)) - ba3de65c-e6c9-495e-8613-4120736e14c0: close
2022-07-30 01:49:34,294 [ForkJoinPool.commonPool-worker-1] INFO  server.RaftServer$Division (RaftServerImpl.java:lambda$close$4(434)) - ba3de65c-e6c9-495e-8613-4120736e14c0@group-92A57C94F017: shutdown
2022-07-30 01:49:34,294 [ForkJoinPool.commonPool-worker-1] INFO  util.JmxRegister (JmxRegister.java:unregister(73)) - Successfully un-registered JMX Bean with object name Ratis:service=RaftServer,group=group-92A57C94F017,id=ba3de65c-e6c9-495e-8613-4120736e14c0
2022-07-30 01:49:34,294 [ForkJoinPool.commonPool-worker-1] INFO  impl.RoleInfo (RoleInfo.java:shutdownFollowerState(110)) - ba3de65c-e6c9-495e-8613-4120736e14c0: shutdown ba3de65c-e6c9-495e-8613-4120736e14c0@group-92A57C94F017-FollowerState
2022-07-30 01:49:34,294 [ForkJoinPool.commonPool-worker-1] INFO  impl.StateMachineUpdater (StateMachineUpdater.java:stopAndJoin(153)) - ba3de65c-e6c9-495e-8613-4120736e14c0@group-92A57C94F017-StateMachineUpdater: set stopIndex = 4
2022-07-30 01:49:34,294 [ba3de65c-e6c9-495e-8613-4120736e14c0@group-92A57C94F017-FollowerState] INFO  impl.FollowerState (FollowerState.java:run(152)) - ba3de65c-e6c9-495e-8613-4120736e14c0@group-92A57C94F017-FollowerState was interrupted
2022-07-30 01:49:34,294 [ba3de65c-e6c9-495e-8613-4120736e14c0@group-92A57C94F017-StateMachineUpdater] INFO  ratis.ContainerStateMachine (ContainerStateMachine.java:takeSnapshot(304)) - group-92A57C94F017: Taking a snapshot at:(t:3, i:4) file /home/runner/work/ozone/ozone/hadoop-ozone/integration-test/target/test-dir/MiniOzoneClusterImpl-c8472f64-5143-4d61-85a0-9e96bab939e3/datanode-0/data/ratis/16f0266c-a4ab-40f2-a290-92a57c94f017/sm/snapshot.3_4
2022-07-30 01:49:34,297 [0afd43b6-07b3-44a6-8ea4-53b5cafc6713@group-8785E2BFC9B7-SegmentedRaftLogWorker] INFO  segmented.SegmentedRaftLogWorker (SegmentedRaftLogWorker.java:run(336)) - 0afd43b6-07b3-44a6-8ea4-53b5cafc6713@group-8785E2BFC9B7-SegmentedRaftLogWorker was interrupted, exiting. There are 0 tasks remaining in the queue.
2022-07-30 01:49:34,298 [Listener at 127.0.0.1/43571] INFO  segmented.SegmentedRaftLogWorker (SegmentedRaftLogWorker.java:close(246)) - 0afd43b6-07b3-44a6-8ea4-53b5cafc6713@group-8785E2BFC9B7-SegmentedRaftLogWorker close()
2022-07-30 01:49:34,308 [ba3de65c-e6c9-495e-8613-4120736e14c0@group-92A57C94F017-StateMachineUpdater] INFO  ratis.ContainerStateMachine (ContainerStateMachine.java:takeSnapshot(315)) - group-92A57C94F017: Finished taking a snapshot at:(t:3, i:4) file:/home/runner/work/ozone/ozone/hadoop-ozone/integration-test/target/test-dir/MiniOzoneClusterImpl-c8472f64-5143-4d61-85a0-9e96bab939e3/datanode-0/data/ratis/16f0266c-a4ab-40f2-a290-92a57c94f017/sm/snapshot.3_4 took: 14 ms
2022-07-30 01:49:34,309 [ba3de65c-e6c9-495e-8613-4120736e14c0@group-92A57C94F017-StateMachineUpdater] INFO  impl.StateMachineUpdater (StateMachineUpdater.java:takeSnapshot(287)) - ba3de65c-e6c9-495e-8613-4120736e14c0@group-92A57C94F017-StateMachineUpdater: Took a snapshot at index 4
2022-07-30 01:49:34,309 [ba3de65c-e6c9-495e-8613-4120736e14c0@group-92A57C94F017-StateMachineUpdater] INFO  impl.StateMachineUpdater (StateMachineUpdater.java:lambda$new$0(92)) - ba3de65c-e6c9-495e-8613-4120736e14c0@group-92A57C94F017-StateMachineUpdater: snapshotIndex: updateIncreasingly -1 -> 4
2022-07-30 01:49:34,309 [ForkJoinPool.commonPool-worker-1] INFO  server.RaftServer$Division (ServerState.java:close(429)) - ba3de65c-e6c9-495e-8613-4120736e14c0@group-92A57C94F017: closes. applyIndex: 4
2022-07-30 01:49:34,309 [ba3de65c-e6c9-495e-8613-4120736e14c0@group-92A57C94F017-SegmentedRaftLogWorker] INFO  segmented.SegmentedRaftLogWorker (SegmentedRaftLogWorker.java:run(336)) - ba3de65c-e6c9-495e-8613-4120736e14c0@group-92A57C94F017-SegmentedRaftLogWorker was interrupted, exiting. There are 0 tasks remaining in the queue.
2022-07-30 01:49:34,310 [Listener at 127.0.0.1/43571] INFO  server.GrpcService (GrpcService.java:closeImpl(269)) - 0afd43b6-07b3-44a6-8ea4-53b5cafc6713: shutdown server with port 37931 now
2022-07-30 01:49:34,310 [ForkJoinPool.commonPool-worker-1] INFO  segmented.SegmentedRaftLogWorker (SegmentedRaftLogWorker.java:close(246)) - ba3de65c-e6c9-495e-8613-4120736e14c0@group-92A57C94F017-SegmentedRaftLogWorker close()
2022-07-30 01:49:34,311 [Listener at 127.0.0.1/43571] INFO  server.GrpcService (GrpcService.java:closeImpl(278)) - 0afd43b6-07b3-44a6-8ea4-53b5cafc6713: shutdown server with port 37931 successfully
2022-07-30 01:49:34,311 [ForkJoinPool.commonPool-worker-1] INFO  server.RaftServer$Division (RaftServerImpl.java:lambda$close$4(434)) - ba3de65c-e6c9-495e-8613-4120736e14c0@group-0DCD7174B461: shutdown
2022-07-30 01:49:34,311 [ForkJoinPool.commonPool-worker-1] INFO  util.JmxRegister (JmxRegister.java:unregister(73)) - Successfully un-registered JMX Bean with object name Ratis:service=RaftServer,group=group-0DCD7174B461,id=ba3de65c-e6c9-495e-8613-4120736e14c0
2022-07-30 01:49:34,311 [ForkJoinPool.commonPool-worker-1] INFO  impl.RoleInfo (RoleInfo.java:shutdownFollowerState(110)) - ba3de65c-e6c9-495e-8613-4120736e14c0: shutdown ba3de65c-e6c9-495e-8613-4120736e14c0@group-0DCD7174B461-FollowerState
2022-07-30 01:49:34,311 [ForkJoinPool.commonPool-worker-1] INFO  impl.StateMachineUpdater (StateMachineUpdater.java:stopAndJoin(153)) - ba3de65c-e6c9-495e-8613-4120736e14c0@group-0DCD7174B461-StateMachineUpdater: set stopIndex = 27
2022-07-30 01:49:34,312 [ba3de65c-e6c9-495e-8613-4120736e14c0@group-0DCD7174B461-StateMachineUpdater] INFO  ratis.ContainerStateMachine (ContainerStateMachine.java:takeSnapshot(304)) - group-0DCD7174B461: Taking a snapshot at:(t:2, i:27) file /home/runner/work/ozone/ozone/hadoop-ozone/integration-test/target/test-dir/MiniOzoneClusterImpl-c8472f64-5143-4d61-85a0-9e96bab939e3/datanode-0/data/ratis/3872e03d-ccf4-4ed0-9a86-0dcd7174b461/sm/snapshot.2_27
2022-07-30 01:49:34,311 [ba3de65c-e6c9-495e-8613-4120736e14c0@group-0DCD7174B461-FollowerState] INFO  impl.FollowerState (FollowerState.java:run(152)) - ba3de65c-e6c9-495e-8613-4120736e14c0@group-0DCD7174B461-FollowerState was interrupted
2022-07-30 01:49:34,312 [org.apache.ratis.util.JvmPauseMonitor$$Lambda$615/1033062816@19702ee3] INFO  util.JvmPauseMonitor (JvmPauseMonitor.java:run(109)) - JvmPauseMonitor-0afd43b6-07b3-44a6-8ea4-53b5cafc6713: Stopped
2022-07-30 01:49:34,314 [ba3de65c-e6c9-495e-8613-4120736e14c0@group-0DCD7174B461-StateMachineUpdater] INFO  ratis.ContainerStateMachine (ContainerStateMachine.java:takeSnapshot(315)) - group-0DCD7174B461: Finished taking a snapshot at:(t:2, i:27) file:/home/runner/work/ozone/ozone/hadoop-ozone/integration-test/target/test-dir/MiniOzoneClusterImpl-c8472f64-5143-4d61-85a0-9e96bab939e3/datanode-0/data/ratis/3872e03d-ccf4-4ed0-9a86-0dcd7174b461/sm/snapshot.2_27 took: 3 ms
2022-07-30 01:49:34,314 [ba3de65c-e6c9-495e-8613-4120736e14c0@group-0DCD7174B461-StateMachineUpdater] INFO  impl.StateMachineUpdater (StateMachineUpdater.java:takeSnapshot(287)) - ba3de65c-e6c9-495e-8613-4120736e14c0@group-0DCD7174B461-StateMachineUpdater: Took a snapshot at index 27
2022-07-30 01:49:34,314 [ba3de65c-e6c9-495e-8613-4120736e14c0@group-0DCD7174B461-StateMachineUpdater] INFO  impl.StateMachineUpdater (StateMachineUpdater.java:lambda$new$0(92)) - ba3de65c-e6c9-495e-8613-4120736e14c0@group-0DCD7174B461-StateMachineUpdater: snapshotIndex: updateIncreasingly -1 -> 27
2022-07-30 01:49:34,315 [ForkJoinPool.commonPool-worker-1] INFO  server.RaftServer$Division (ServerState.java:close(429)) - ba3de65c-e6c9-495e-8613-4120736e14c0@group-0DCD7174B461: closes. applyIndex: 27
2022-07-30 01:49:34,316 [ba3de65c-e6c9-495e-8613-4120736e14c0@group-0DCD7174B461-SegmentedRaftLogWorker] INFO  segmented.SegmentedRaftLogWorker (SegmentedRaftLogWorker.java:run(336)) - ba3de65c-e6c9-495e-8613-4120736e14c0@group-0DCD7174B461-SegmentedRaftLogWorker was interrupted, exiting. There are 0 tasks remaining in the queue.
2022-07-30 01:49:34,323 [ForkJoinPool.commonPool-worker-1] INFO  segmented.SegmentedRaftLogWorker (SegmentedRaftLogWorker.java:close(246)) - ba3de65c-e6c9-495e-8613-4120736e14c0@group-0DCD7174B461-SegmentedRaftLogWorker close()
2022-07-30 01:49:34,324 [ForkJoinPool.commonPool-worker-1] INFO  server.RaftServer$Division (RaftServerImpl.java:lambda$close$4(434)) - ba3de65c-e6c9-495e-8613-4120736e14c0@group-A7F6DC9A48BA: shutdown
2022-07-30 01:49:34,324 [ForkJoinPool.commonPool-worker-1] INFO  util.JmxRegister (JmxRegister.java:unregister(73)) - Successfully un-registered JMX Bean with object name Ratis:service=RaftServer,group=group-A7F6DC9A48BA,id=ba3de65c-e6c9-495e-8613-4120736e14c0
2022-07-30 01:49:34,324 [ForkJoinPool.commonPool-worker-1] INFO  impl.RoleInfo (RoleInfo.java:shutdownLeaderState(93)) - ba3de65c-e6c9-495e-8613-4120736e14c0: shutdown ba3de65c-e6c9-495e-8613-4120736e14c0@group-A7F6DC9A48BA-LeaderStateImpl
2022-07-30 01:49:34,324 [ForkJoinPool.commonPool-worker-1] INFO  impl.PendingRequests (PendingRequests.java:sendNotLeaderResponses(282)) - ba3de65c-e6c9-495e-8613-4120736e14c0@group-A7F6DC9A48BA-PendingRequests: sendNotLeaderResponses
2022-07-30 01:49:34,325 [ForkJoinPool.commonPool-worker-1] INFO  impl.StateMachineUpdater (StateMachineUpdater.java:stopAndJoin(153)) - ba3de65c-e6c9-495e-8613-4120736e14c0@group-A7F6DC9A48BA-StateMachineUpdater: set stopIndex = 0
2022-07-30 01:49:34,325 [ba3de65c-e6c9-495e-8613-4120736e14c0@group-A7F6DC9A48BA-StateMachineUpdater] INFO  ratis.ContainerStateMachine (ContainerStateMachine.java:takeSnapshot(304)) - group-A7F6DC9A48BA: Taking a snapshot at:(t:1, i:0) file /home/runner/work/ozone/ozone/hadoop-ozone/integration-test/target/test-dir/MiniOzoneClusterImpl-c8472f64-5143-4d61-85a0-9e96bab939e3/datanode-0/data/ratis/30c27125-b7a7-4a1f-ad57-a7f6dc9a48ba/sm/snapshot.1_0
2022-07-30 01:49:34,327 [ba3de65c-e6c9-495e-8613-4120736e14c0@group-A7F6DC9A48BA-StateMachineUpdater] INFO  ratis.ContainerStateMachine (ContainerStateMachine.java:takeSnapshot(315)) - group-A7F6DC9A48BA: Finished taking a snapshot at:(t:1, i:0) file:/home/runner/work/ozone/ozone/hadoop-ozone/integration-test/target/test-dir/MiniOzoneClusterImpl-c8472f64-5143-4d61-85a0-9e96bab939e3/datanode-0/data/ratis/30c27125-b7a7-4a1f-ad57-a7f6dc9a48ba/sm/snapshot.1_0 took: 2 ms
2022-07-30 01:49:34,327 [ba3de65c-e6c9-495e-8613-4120736e14c0@group-A7F6DC9A48BA-StateMachineUpdater] INFO  impl.StateMachineUpdater (StateMachineUpdater.java:takeSnapshot(287)) - ba3de65c-e6c9-495e-8613-4120736e14c0@group-A7F6DC9A48BA-StateMachineUpdater: Took a snapshot at index 0
2022-07-30 01:49:34,327 [ba3de65c-e6c9-495e-8613-4120736e14c0@group-A7F6DC9A48BA-StateMachineUpdater] INFO  impl.StateMachineUpdater (StateMachineUpdater.java:lambda$new$0(92)) - ba3de65c-e6c9-495e-8613-4120736e14c0@group-A7F6DC9A48BA-StateMachineUpdater: snapshotIndex: updateIncreasingly -1 -> 0
2022-07-30 01:49:34,327 [ForkJoinPool.commonPool-worker-1] INFO  server.RaftServer$Division (ServerState.java:close(429)) - ba3de65c-e6c9-495e-8613-4120736e14c0@group-A7F6DC9A48BA: closes. applyIndex: 0
2022-07-30 01:49:34,328 [ba3de65c-e6c9-495e-8613-4120736e14c0@group-A7F6DC9A48BA-SegmentedRaftLogWorker] INFO  segmented.SegmentedRaftLogWorker (SegmentedRaftLogWorker.java:run(336)) - ba3de65c-e6c9-495e-8613-4120736e14c0@group-A7F6DC9A48BA-SegmentedRaftLogWorker was interrupted, exiting. There are 0 tasks remaining in the queue.
2022-07-30 01:49:34,328 [ForkJoinPool.commonPool-worker-1] INFO  segmented.SegmentedRaftLogWorker (SegmentedRaftLogWorker.java:close(246)) - ba3de65c-e6c9-495e-8613-4120736e14c0@group-A7F6DC9A48BA-SegmentedRaftLogWorker close()
2022-07-30 01:49:34,328 [ForkJoinPool.commonPool-worker-1] INFO  server.GrpcService (GrpcService.java:closeImpl(269)) - ba3de65c-e6c9-495e-8613-4120736e14c0: shutdown server with port 34507 now
2022-07-30 01:49:34,337 [ForkJoinPool.commonPool-worker-1] INFO  server.GrpcService (GrpcService.java:closeImpl(278)) - ba3de65c-e6c9-495e-8613-4120736e14c0: shutdown server with port 34507 successfully
2022-07-30 01:49:34,337 [org.apache.ratis.util.JvmPauseMonitor$$Lambda$615/1033062816@7e378ca4] INFO  util.JvmPauseMonitor (JvmPauseMonitor.java:run(109)) - JvmPauseMonitor-ba3de65c-e6c9-495e-8613-4120736e14c0: Stopped
2022-07-30 01:49:36,340 [Listener at 127.0.0.1/43571] INFO  utils.BackgroundService (BackgroundService.java:shutdown(141)) - Shutting down service BlockDeletingService
2022-07-30 01:49:36,344 [Listener at 127.0.0.1/43571] INFO  utils.BackgroundService (BackgroundService.java:shutdown(141)) - Shutting down service StaleRecoveringContainerScrubbingService
2022-07-30 01:49:36,399 [ForkJoinPool.commonPool-worker-1] INFO  utils.BackgroundService (BackgroundService.java:shutdown(141)) - Shutting down service BlockDeletingService
2022-07-30 01:49:36,399 [ForkJoinPool.commonPool-worker-1] INFO  utils.BackgroundService (BackgroundService.java:shutdown(141)) - Shutting down service StaleRecoveringContainerScrubbingService
2022-07-30 01:49:39,371 [Listener at 127.0.0.1/43571] INFO  statemachine.DatanodeStateMachine (DatanodeStateMachine.java:stopDaemon(580)) - Ozone container server stopped.
2022-07-30 01:49:39,390 [Listener at 127.0.0.1/43571] INFO  handler.ContextHandler (ContextHandler.java:doStop(1153)) - Stopped o.e.j.w.WebAppContext@61dc3d30{hddsDatanode,/,null,STOPPED}{jar:file:/home/runner/.m2/repository/org/apache/ozone/hdds-container-service/1.3.0-SNAPSHOT/hdds-container-service-1.3.0-SNAPSHOT.jar!/webapps/hddsDatanode}
2022-07-30 01:49:39,393 [Listener at 127.0.0.1/43571] INFO  server.AbstractConnector (AbstractConnector.java:doStop(381)) - Stopped ServerConnector@7f264c79{HTTP/1.1, (http/1.1)}{0.0.0.0:0}
2022-07-30 01:49:39,394 [Listener at 127.0.0.1/43571] INFO  server.session (HouseKeeper.java:stopScavenging(149)) - node0 Stopped scavenging
2022-07-30 01:49:39,394 [Listener at 127.0.0.1/43571] INFO  handler.ContextHandler (ContextHandler.java:doStop(1153)) - Stopped o.e.j.s.ServletContextHandler@55571f5e{static,/static,jar:file:/home/runner/.m2/repository/org/apache/ozone/hdds-container-service/1.3.0-SNAPSHOT/hdds-container-service-1.3.0-SNAPSHOT.jar!/webapps/static,STOPPED}
2022-07-30 01:49:39,394 [Listener at 127.0.0.1/43571] INFO  handler.ContextHandler (ContextHandler.java:doStop(1153)) - Stopped o.e.j.s.ServletContextHandler@4966235c{logs,/logs,file:///home/runner/work/ozone/ozone/hadoop-ozone/integration-test/target/log,STOPPED}
2022-07-30 01:49:39,401 [ForkJoinPool.commonPool-worker-1] INFO  statemachine.DatanodeStateMachine (DatanodeStateMachine.java:stopDaemon(580)) - Ozone container server stopped.
2022-07-30 01:49:39,442 [ForkJoinPool.commonPool-worker-1] INFO  handler.ContextHandler (ContextHandler.java:doStop(1153)) - Stopped o.e.j.w.WebAppContext@4913d4{hddsDatanode,/,null,STOPPED}{jar:file:/home/runner/.m2/repository/org/apache/ozone/hdds-container-service/1.3.0-SNAPSHOT/hdds-container-service-1.3.0-SNAPSHOT.jar!/webapps/hddsDatanode}
2022-07-30 01:49:39,449 [ForkJoinPool.commonPool-worker-1] INFO  server.AbstractConnector (AbstractConnector.java:doStop(381)) - Stopped ServerConnector@6598309b{HTTP/1.1, (http/1.1)}{0.0.0.0:0}
2022-07-30 01:49:39,449 [ForkJoinPool.commonPool-worker-1] INFO  server.session (HouseKeeper.java:stopScavenging(149)) - node0 Stopped scavenging
2022-07-30 01:49:39,486 [ForkJoinPool.commonPool-worker-1] INFO  handler.ContextHandler (ContextHandler.java:doStop(1153)) - Stopped o.e.j.s.ServletContextHandler@10211d9e{static,/static,jar:file:/home/runner/.m2/repository/org/apache/ozone/hdds-container-service/1.3.0-SNAPSHOT/hdds-container-service-1.3.0-SNAPSHOT.jar!/webapps/static,STOPPED}
2022-07-30 01:49:39,488 [ForkJoinPool.commonPool-worker-1] INFO  handler.ContextHandler (ContextHandler.java:doStop(1153)) - Stopped o.e.j.s.ServletContextHandler@6b3f6903{logs,/logs,file:///home/runner/work/ozone/ozone/hadoop-ozone/integration-test/target/log,STOPPED}
2022-07-30 01:49:44,139 [UnderReplicatedQueueThreadThread] INFO  replication.UnderReplicatedProcessor (UnderReplicatedProcessor.java:processAll(85)) - Processed 0 under replicated containers, failed processing 0
2022-07-30 01:49:44,148 [OverReplicatedQueueThreadThread] INFO  replication.OverReplicatedProcessor (OverReplicatedProcessor.java:processAll(83)) - Processed 0 over replicated containers, failed processing 0
2022-07-30 01:49:44,434 [Listener at 127.0.0.1/43571] INFO  ozoneimpl.OzoneContainer (OzoneContainer.java:stop(399)) - Attempting to stop container services.
2022-07-30 01:49:44,435 [Listener at 127.0.0.1/43571] INFO  server.RaftServer (RaftServerProxy.java:lambda$close$7(398)) - 584f7c35-64f1-4103-804c-22c4f8184f79: close
2022-07-30 01:49:44,435 [Listener at 127.0.0.1/43571] INFO  server.RaftServer$Division (RaftServerImpl.java:lambda$close$4(434)) - 584f7c35-64f1-4103-804c-22c4f8184f79@group-5859F036E09C: shutdown
2022-07-30 01:49:44,435 [Listener at 127.0.0.1/43571] INFO  util.JmxRegister (JmxRegister.java:unregister(73)) - Successfully un-registered JMX Bean with object name Ratis:service=RaftServer,group=group-5859F036E09C,id=584f7c35-64f1-4103-804c-22c4f8184f79
2022-07-30 01:49:44,435 [Listener at 127.0.0.1/43571] INFO  impl.RoleInfo (RoleInfo.java:shutdownLeaderState(93)) - 584f7c35-64f1-4103-804c-22c4f8184f79: shutdown 584f7c35-64f1-4103-804c-22c4f8184f79@group-5859F036E09C-LeaderStateImpl
2022-07-30 01:49:44,436 [Listener at 127.0.0.1/43571] INFO  impl.PendingRequests (PendingRequests.java:sendNotLeaderResponses(282)) - 584f7c35-64f1-4103-804c-22c4f8184f79@group-5859F036E09C-PendingRequests: sendNotLeaderResponses
2022-07-30 01:49:44,437 [584f7c35-64f1-4103-804c-22c4f8184f79@group-5859F036E09C-StateMachineUpdater] INFO  ratis.ContainerStateMachine (ContainerStateMachine.java:takeSnapshot(304)) - group-5859F036E09C: Taking a snapshot at:(t:1, i:0) file /home/runner/work/ozone/ozone/hadoop-ozone/integration-test/target/test-dir/MiniOzoneClusterImpl-c8472f64-5143-4d61-85a0-9e96bab939e3/datanode-3/data/ratis/c45bf84c-02c6-4d52-902d-5859f036e09c/sm/snapshot.1_0
2022-07-30 01:49:44,437 [Listener at 127.0.0.1/43571] INFO  impl.StateMachineUpdater (StateMachineUpdater.java:stopAndJoin(153)) - 584f7c35-64f1-4103-804c-22c4f8184f79@group-5859F036E09C-StateMachineUpdater: set stopIndex = 0
2022-07-30 01:49:44,447 [584f7c35-64f1-4103-804c-22c4f8184f79@group-5859F036E09C-StateMachineUpdater] INFO  ratis.ContainerStateMachine (ContainerStateMachine.java:takeSnapshot(315)) - group-5859F036E09C: Finished taking a snapshot at:(t:1, i:0) file:/home/runner/work/ozone/ozone/hadoop-ozone/integration-test/target/test-dir/MiniOzoneClusterImpl-c8472f64-5143-4d61-85a0-9e96bab939e3/datanode-3/data/ratis/c45bf84c-02c6-4d52-902d-5859f036e09c/sm/snapshot.1_0 took: 10 ms
2022-07-30 01:49:44,447 [584f7c35-64f1-4103-804c-22c4f8184f79@group-5859F036E09C-StateMachineUpdater] INFO  impl.StateMachineUpdater (StateMachineUpdater.java:takeSnapshot(287)) - 584f7c35-64f1-4103-804c-22c4f8184f79@group-5859F036E09C-StateMachineUpdater: Took a snapshot at index 0
2022-07-30 01:49:44,447 [584f7c35-64f1-4103-804c-22c4f8184f79@group-5859F036E09C-StateMachineUpdater] INFO  impl.StateMachineUpdater (StateMachineUpdater.java:lambda$new$0(92)) - 584f7c35-64f1-4103-804c-22c4f8184f79@group-5859F036E09C-StateMachineUpdater: snapshotIndex: updateIncreasingly -1 -> 0
2022-07-30 01:49:44,447 [Listener at 127.0.0.1/43571] INFO  server.RaftServer$Division (ServerState.java:close(429)) - 584f7c35-64f1-4103-804c-22c4f8184f79@group-5859F036E09C: closes. applyIndex: 0
2022-07-30 01:49:44,448 [584f7c35-64f1-4103-804c-22c4f8184f79@group-5859F036E09C-SegmentedRaftLogWorker] INFO  segmented.SegmentedRaftLogWorker (SegmentedRaftLogWorker.java:run(336)) - 584f7c35-64f1-4103-804c-22c4f8184f79@group-5859F036E09C-SegmentedRaftLogWorker was interrupted, exiting. There are 0 tasks remaining in the queue.
2022-07-30 01:49:44,448 [Listener at 127.0.0.1/43571] INFO  segmented.SegmentedRaftLogWorker (SegmentedRaftLogWorker.java:close(246)) - 584f7c35-64f1-4103-804c-22c4f8184f79@group-5859F036E09C-SegmentedRaftLogWorker close()
2022-07-30 01:49:44,448 [Listener at 127.0.0.1/43571] INFO  server.GrpcService (GrpcService.java:closeImpl(269)) - 584f7c35-64f1-4103-804c-22c4f8184f79: shutdown server with port 33221 now
2022-07-30 01:49:44,459 [Listener at 127.0.0.1/43571] INFO  server.GrpcService (GrpcService.java:closeImpl(278)) - 584f7c35-64f1-4103-804c-22c4f8184f79: shutdown server with port 33221 successfully
2022-07-30 01:49:44,463 [org.apache.ratis.util.JvmPauseMonitor$$Lambda$615/1033062816@82ad0a5] INFO  util.JvmPauseMonitor (JvmPauseMonitor.java:run(109)) - JvmPauseMonitor-584f7c35-64f1-4103-804c-22c4f8184f79: Stopped
2022-07-30 01:49:46,496 [Listener at 127.0.0.1/43571] INFO  utils.BackgroundService (BackgroundService.java:shutdown(141)) - Shutting down service BlockDeletingService
2022-07-30 01:49:46,497 [Listener at 127.0.0.1/43571] INFO  utils.BackgroundService (BackgroundService.java:shutdown(141)) - Shutting down service StaleRecoveringContainerScrubbingService
2022-07-30 01:49:49,500 [Listener at 127.0.0.1/43571] INFO  statemachine.DatanodeStateMachine (DatanodeStateMachine.java:stopDaemon(580)) - Ozone container server stopped.
2022-07-30 01:49:49,524 [Listener at 127.0.0.1/43571] INFO  handler.ContextHandler (ContextHandler.java:doStop(1153)) - Stopped o.e.j.w.WebAppContext@5ab43a59{hddsDatanode,/,null,STOPPED}{jar:file:/home/runner/.m2/repository/org/apache/ozone/hdds-container-service/1.3.0-SNAPSHOT/hdds-container-service-1.3.0-SNAPSHOT.jar!/webapps/hddsDatanode}
2022-07-30 01:49:49,525 [Listener at 127.0.0.1/43571] INFO  server.AbstractConnector (AbstractConnector.java:doStop(381)) - Stopped ServerConnector@5245b5e0{HTTP/1.1, (http/1.1)}{0.0.0.0:0}
2022-07-30 01:49:49,525 [Listener at 127.0.0.1/43571] INFO  server.session (HouseKeeper.java:stopScavenging(149)) - node0 Stopped scavenging
2022-07-30 01:49:49,525 [Listener at 127.0.0.1/43571] INFO  handler.ContextHandler (ContextHandler.java:doStop(1153)) - Stopped o.e.j.s.ServletContextHandler@5cd761b0{static,/static,jar:file:/home/runner/.m2/repository/org/apache/ozone/hdds-container-service/1.3.0-SNAPSHOT/hdds-container-service-1.3.0-SNAPSHOT.jar!/webapps/static,STOPPED}
2022-07-30 01:49:49,526 [Listener at 127.0.0.1/43571] INFO  handler.ContextHandler (ContextHandler.java:doStop(1153)) - Stopped o.e.j.s.ServletContextHandler@18f6525d{logs,/logs,file:///home/runner/work/ozone/ozone/hadoop-ozone/integration-test/target/log,STOPPED}
2022-07-30 01:49:49,535 [Listener at 127.0.0.1/43571] INFO  ozone.MiniOzoneClusterImpl (MiniOzoneClusterImpl.java:stopSCM(537)) - Stopping the StorageContainerManager
2022-07-30 01:49:49,535 [Listener at 127.0.0.1/43571] INFO  server.StorageContainerManager (StorageContainerManager.java:stop(1552)) - Container Balancer is not running.
2022-07-30 01:49:49,535 [Listener at 127.0.0.1/43571] INFO  server.StorageContainerManager (StorageContainerManager.java:stop(1559)) - Stopping Replication Manager Service.
2022-07-30 01:49:49,535 [Listener at 127.0.0.1/43571] INFO  replication.ReplicationManager (ReplicationManager.java:stop(233)) - Stopping Replication Monitor Thread.
2022-07-30 01:49:49,535 [Listener at 127.0.0.1/43571] INFO  server.StorageContainerManager (StorageContainerManager.java:stop(1566)) - Stopping the Datanode Admin Monitor.
2022-07-30 01:49:49,535 [ReplicationMonitor] INFO  replication.ReplicationManager (ReplicationManager.java:run(466)) - Replication Monitor Thread is stopped
2022-07-30 01:49:49,538 [Listener at 127.0.0.1/43571] INFO  server.StorageContainerManager (StorageContainerManager.java:stop(1573)) - Stopping Lease Manager of the command watchers
2022-07-30 01:49:49,539 [Listener at 127.0.0.1/43571] INFO  server.StorageContainerManager (StorageContainerManager.java:stop(1580)) - Stopping datanode service RPC server
2022-07-30 01:49:49,539 [Listener at 127.0.0.1/43571] INFO  server.SCMDatanodeProtocolServer (SCMDatanodeProtocolServer.java:stop(414)) - Stopping the RPC server for DataNodes
2022-07-30 01:49:49,539 [Listener at 127.0.0.1/43571] INFO  ipc.Server (Server.java:stop(3414)) - Stopping server on 39231
2022-07-30 01:49:49,540 [IPC Server listener on 0] INFO  ipc.Server (Server.java:run(1376)) - Stopping IPC Server listener on 0
2022-07-30 01:49:49,562 [IPC Server Responder] INFO  ipc.Server (Server.java:run(1512)) - Stopping IPC Server Responder
2022-07-30 01:49:49,631 [SCM Heartbeat Processing Thread - 0] WARN  node.NodeStateManager (NodeStateManager.java:scheduleNextHealthCheck(870)) - Current Thread is interrupted, shutting down HB processing thread for Node Manager.
2022-07-30 01:49:49,631 [Listener at 127.0.0.1/43571] INFO  server.StorageContainerManager (StorageContainerManager.java:stop(1588)) - Stopping block service RPC server
2022-07-30 01:49:49,632 [Listener at 127.0.0.1/43571] INFO  server.SCMBlockProtocolServer (SCMBlockProtocolServer.java:stop(161)) - Stopping the RPC server for Block Protocol
2022-07-30 01:49:49,632 [Listener at 127.0.0.1/43571] INFO  ipc.Server (Server.java:stop(3414)) - Stopping server on 36209
2022-07-30 01:49:49,639 [Listener at 127.0.0.1/43571] INFO  server.StorageContainerManager (StorageContainerManager.java:stop(1595)) - Stopping the StorageContainerLocationProtocol RPC server
2022-07-30 01:49:49,639 [Listener at 127.0.0.1/43571] INFO  server.SCMClientProtocolServer (SCMClientProtocolServer.java:stop(179)) - Stopping the RPC server for Client Protocol
2022-07-30 01:49:49,639 [Listener at 127.0.0.1/43571] INFO  ipc.Server (Server.java:stop(3414)) - Stopping server on 34821
2022-07-30 01:49:49,639 [IPC Server Responder] INFO  ipc.Server (Server.java:run(1512)) - Stopping IPC Server Responder
2022-07-30 01:49:49,639 [IPC Server listener on 0] INFO  ipc.Server (Server.java:run(1376)) - Stopping IPC Server listener on 0
2022-07-30 01:49:49,657 [Listener at 127.0.0.1/43571] INFO  server.StorageContainerManager (StorageContainerManager.java:stop(1602)) - Stopping Storage Container Manager HTTP server.
2022-07-30 01:49:49,658 [Listener at 127.0.0.1/43571] INFO  handler.ContextHandler (ContextHandler.java:doStop(1153)) - Stopped o.e.j.w.WebAppContext@699b019c{scm,/,null,STOPPED}{file:/home/runner/work/ozone/ozone/hadoop-ozone/integration-test/target/test-classes/webapps/scm}
2022-07-30 01:49:49,658 [IPC Server listener on 0] INFO  ipc.Server (Server.java:run(1376)) - Stopping IPC Server listener on 0
2022-07-30 01:49:49,658 [IPC Server Responder] INFO  ipc.Server (Server.java:run(1512)) - Stopping IPC Server Responder
2022-07-30 01:49:49,667 [Listener at 127.0.0.1/43571] INFO  server.AbstractConnector (AbstractConnector.java:doStop(381)) - Stopped ServerConnector@47ca97ee{HTTP/1.1, (http/1.1)}{0.0.0.0:0}
2022-07-30 01:49:49,667 [Listener at 127.0.0.1/43571] INFO  server.session (HouseKeeper.java:stopScavenging(149)) - node0 Stopped scavenging
2022-07-30 01:49:49,667 [Listener at 127.0.0.1/43571] INFO  handler.ContextHandler (ContextHandler.java:doStop(1153)) - Stopped o.e.j.s.ServletContextHandler@26e729ea{static,/static,file:///home/runner/work/ozone/ozone/hadoop-ozone/integration-test/target/test-classes/webapps/static,STOPPED}
2022-07-30 01:49:49,668 [Listener at 127.0.0.1/43571] INFO  handler.ContextHandler (ContextHandler.java:doStop(1153)) - Stopped o.e.j.s.ServletContextHandler@73781be{logs,/logs,file:///home/runner/work/ozone/ozone/hadoop-ozone/integration-test/target/log,STOPPED}
2022-07-30 01:49:49,673 [Listener at 127.0.0.1/43571] INFO  server.StorageContainerManager (StorageContainerManager.java:stop(1613)) - Stopping Block Manager Service.
2022-07-30 01:49:49,673 [Listener at 127.0.0.1/43571] INFO  utils.BackgroundService (BackgroundService.java:shutdown(141)) - Shutting down service SCMBlockDeletingService
2022-07-30 01:49:49,674 [Listener at 127.0.0.1/43571] INFO  utils.BackgroundService (BackgroundService.java:shutdown(141)) - Shutting down service SCMBlockDeletingService
2022-07-30 01:49:49,674 [Listener at 127.0.0.1/43571] INFO  server.StorageContainerManager (StorageContainerManager.java:stop(1640)) - Stopping SCM Event Queue.
2022-07-30 01:49:49,675 [Listener at 127.0.0.1/43571] INFO  server.StorageContainerManager (StorageContainerManager.java:stop(1651)) - Stopping SCM HA services.
2022-07-30 01:49:49,675 [Listener at 127.0.0.1/43571] INFO  pipeline.BackgroundPipelineCreator (BackgroundPipelineCreator.java:stop(149)) - Stopping RatisPipelineUtilsThread.
2022-07-30 01:49:49,676 [RatisPipelineUtilsThread - 0] WARN  pipeline.BackgroundPipelineCreator (BackgroundPipelineCreator.java:run(180)) - RatisPipelineUtilsThread is interrupted.
2022-07-30 01:49:49,676 [Listener at 127.0.0.1/43571] INFO  BackgroundPipelineScrubber (BackgroundSCMService.java:stop(126)) - Stopping BackgroundPipelineScrubber Service.
2022-07-30 01:49:49,676 [BackgroundPipelineScrubberThread] WARN  BackgroundPipelineScrubber (BackgroundSCMService.java:run(110)) - BackgroundPipelineScrubber is interrupted, exit
2022-07-30 01:49:49,676 [Listener at 127.0.0.1/43571] INFO  server.StorageContainerManager (StorageContainerManager.java:stop(1661)) - Stopping SCM MetadataStore.
2022-07-30 01:49:49,678 [Listener at 127.0.0.1/43571] INFO  impl.MetricsSystemImpl (MetricsSystemImpl.java:stop(210)) - Stopping HddsDatanode metrics system...
2022-07-30 01:49:49,730 [prometheus] INFO  impl.MetricsSinkAdapter (MetricsSinkAdapter.java:publishMetricsFromQueue(141)) - prometheus thread interrupted.
2022-07-30 01:49:49,730 [Listener at 127.0.0.1/43571] INFO  impl.MetricsSystemImpl (MetricsSystemImpl.java:stop(216)) - HddsDatanode metrics system stopped.
2022-07-30 01:49:50,015 [Listener at 127.0.0.1/43571] WARN  server.ServerUtils (ServerUtils.java:getScmDbDir(148)) - ozone.scm.db.dirs is not configured. We recommend adding this setting. Falling back to ozone.metadata.dirs instead.
2022-07-30 01:49:50,029 [Listener at 127.0.0.1/43571] WARN  server.ServerUtils (ServerUtils.java:getScmDbDir(148)) - ozone.scm.db.dirs is not configured. We recommend adding this setting. Falling back to ozone.metadata.dirs instead.
2022-07-30 01:49:50,029 [Listener at 127.0.0.1/43571] INFO  ha.SCMHANodeDetails (SCMHANodeDetails.java:loadSCMHAConfig(209)) - ServiceID for StorageContainerManager is null
2022-07-30 01:49:50,029 [Listener at 127.0.0.1/43571] INFO  ha.SCMHANodeDetails (SCMHANodeDetails.java:loadSCMHAConfig(214)) - ozone.scm.default.service.id is not defined, falling back to ozone.scm.service.ids to find serviceID for StorageContainerManager if it is HA enabled cluster
2022-07-30 01:49:50,031 [Listener at 127.0.0.1/43571] WARN  utils.HAUtils (HAUtils.java:getMetaDir(342)) - ozone.scm.db.dirs is not configured. We recommend adding this setting. Falling back to ozone.metadata.dirs instead.
2022-07-30 01:49:50,035 [Listener at 127.0.0.1/43571] WARN  db.DBStoreBuilder (DBStoreBuilder.java:applyDBDefinition(145)) - ozone.scm.db.dirs is not configured. We recommend adding this setting. Falling back to ozone.metadata.dirs instead.
2022-07-30 01:49:50,362 [Listener at 127.0.0.1/43571] INFO  net.NodeSchemaLoader (NodeSchemaLoader.java:loadSchemaFromFile(129)) - Loading schema from [jar:file:/home/runner/.m2/repository/org/apache/ozone/hdds-common/1.3.0-SNAPSHOT/hdds-common-1.3.0-SNAPSHOT.jar!/network-topology-default.xml]
2022-07-30 01:49:50,371 [Listener at 127.0.0.1/43571] INFO  net.NodeSchemaLoader (NodeSchemaLoader.java:loadSchema(176)) - Loading network topology layer schema file
2022-07-30 01:49:50,398 [Listener at 127.0.0.1/43571] WARN  impl.MetricRegistriesImpl (MetricRegistriesImpl.java:addReporterRegistration(111)) - New reporters are added after registries were created. Some metrics will be missing from the reporter. Please add reporter before adding any new registry.
2022-07-30 01:49:50,398 [Listener at 127.0.0.1/43571] WARN  impl.MetricRegistriesImpl (MetricRegistriesImpl.java:addReporterRegistration(111)) - New reporters are added after registries were created. Some metrics will be missing from the reporter. Please add reporter before adding any new registry.
2022-07-30 01:49:50,398 [Listener at 127.0.0.1/43571] INFO  upgrade.AbstractLayoutVersionManager (AbstractLayoutVersionManager.java:init(83)) - Initializing Layout version manager with metadata layout = DATANODE_SCHEMA_V3 (version = 4), software layout = DATANODE_SCHEMA_V3 (version = 4)
2022-07-30 01:49:50,495 [Listener at 127.0.0.1/43571] INFO  reflections.Reflections (Reflections.java:scan(232)) - Reflections took 86 ms to scan 7 urls, producing 132 keys and 321 values 
2022-07-30 01:49:50,508 [Listener at 127.0.0.1/43571] INFO  ha.SequenceIdGenerator (SequenceIdGenerator.java:upgradeToSequenceId(349)) - upgrade localId to 109611004723200000
2022-07-30 01:49:50,508 [Listener at 127.0.0.1/43571] INFO  ha.SequenceIdGenerator (SequenceIdGenerator.java:upgradeToSequenceId(359)) - upgrade delTxnId to 0
2022-07-30 01:49:50,509 [Listener at 127.0.0.1/43571] INFO  ha.SequenceIdGenerator (SequenceIdGenerator.java:upgradeToSequenceId(376)) - upgrade containerId to 0
2022-07-30 01:49:50,509 [Listener at 127.0.0.1/43571] INFO  ha.SequenceIdGenerator (SequenceIdGenerator.java:<init>(220)) - Init the HA SequenceIdGenerator.
2022-07-30 01:49:50,510 [Listener at 127.0.0.1/43571] WARN  server.ServerUtils (ServerUtils.java:sanitizeUserArgs(73)) - ozone.scm.stale.node.interval value = 300000 is larger than max = 100000 based on the key value of ozone.scm.heartbeat.thread.interval, reset to the max value 100000.
2022-07-30 01:49:50,510 [Listener at 127.0.0.1/43571] WARN  server.ServerUtils (ServerUtils.java:sanitizeUserArgs(73)) - ozone.scm.stale.node.interval value = 300000 is larger than max = 100000 based on the key value of ozone.scm.heartbeat.thread.interval, reset to the max value 100000.
2022-07-30 01:49:50,511 [Listener at 127.0.0.1/43571] INFO  node.SCMNodeManager (SCMNodeManager.java:<init>(149)) - Entering startup safe mode.
2022-07-30 01:49:50,512 [Listener at 127.0.0.1/43571] INFO  algorithms.ContainerPlacementPolicyFactory (ContainerPlacementPolicyFactory.java:getPolicyInternal(86)) - Create container placement policy of type org.apache.hadoop.hdds.scm.container.placement.algorithms.SCMContainerPlacementRandom
2022-07-30 01:49:50,512 [Listener at 127.0.0.1/43571] INFO  algorithms.ContainerPlacementPolicyFactory (ContainerPlacementPolicyFactory.java:getPolicyInternal(86)) - Create container placement policy of type org.apache.hadoop.hdds.scm.container.placement.algorithms.SCMContainerPlacementRackScatter
2022-07-30 01:49:50,512 [Listener at 127.0.0.1/43571] INFO  pipeline.PipelineStateManagerImpl (PipelineStateManagerImpl.java:initialize(78)) - No pipeline exists in current db
2022-07-30 01:49:50,512 [Listener at 127.0.0.1/43571] INFO  algorithms.LeaderChoosePolicyFactory (LeaderChoosePolicyFactory.java:getPolicy(57)) - Create leader choose policy of type org.apache.hadoop.hdds.scm.pipeline.leader.choose.algorithms.MinLeaderCountChoosePolicy
2022-07-30 01:49:50,513 [Listener at 127.0.0.1/43571] INFO  algorithms.ContainerPlacementPolicyFactory (ContainerPlacementPolicyFactory.java:getPolicyInternal(86)) - Create container placement policy of type org.apache.hadoop.hdds.scm.container.placement.algorithms.SCMContainerPlacementRackScatter
2022-07-30 01:49:50,513 [Listener at 127.0.0.1/43571] INFO  ha.SCMServiceManager (SCMServiceManager.java:register(42)) - Registering service BackgroundPipelineCreator.
2022-07-30 01:49:50,513 [Listener at 127.0.0.1/43571] INFO  pipeline.BackgroundPipelineCreator (BackgroundPipelineCreator.java:start(124)) - Starting RatisPipelineUtilsThread.
2022-07-30 01:49:50,513 [Listener at 127.0.0.1/43571] INFO  BackgroundPipelineScrubber (BackgroundSCMService.java:start(68)) - Starting BackgroundPipelineScrubber Service.
2022-07-30 01:49:50,516 [Listener at 127.0.0.1/43571] INFO  ha.SCMServiceManager (SCMServiceManager.java:register(42)) - Registering service BackgroundPipelineScrubber.
2022-07-30 01:49:50,516 [Listener at 127.0.0.1/43571] INFO  ExpiredContainerReplicaOpScrubber (BackgroundSCMService.java:start(68)) - Starting ExpiredContainerReplicaOpScrubber Service.
2022-07-30 01:49:50,517 [Listener at 127.0.0.1/43571] INFO  ha.SCMServiceManager (SCMServiceManager.java:register(42)) - Registering service ExpiredContainerReplicaOpScrubber.
2022-07-30 01:49:50,517 [Listener at 127.0.0.1/43571] INFO  algorithms.PipelineChoosePolicyFactory (PipelineChoosePolicyFactory.java:createPipelineChoosePolicyFromClass(73)) - Create pipeline choose policy of type org.apache.hadoop.hdds.scm.pipeline.choose.algorithms.RandomPipelineChoosePolicy
2022-07-30 01:49:50,518 [Listener at 127.0.0.1/43571] INFO  ha.SCMServiceManager (SCMServiceManager.java:register(42)) - Registering service SCMBlockDeletingService.
2022-07-30 01:49:50,518 [Listener at 127.0.0.1/43571] INFO  replication.ReplicationManager (ReplicationManager.java:start(200)) - Starting Replication Monitor Thread.
2022-07-30 01:49:50,519 [Listener at 127.0.0.1/43571] INFO  UnderReplicatedQueueThread (BackgroundSCMService.java:start(68)) - Starting UnderReplicatedQueueThread Service.
2022-07-30 01:49:50,519 [Listener at 127.0.0.1/43571] INFO  ha.SCMServiceManager (SCMServiceManager.java:register(42)) - Registering service UnderReplicatedQueueThread.
2022-07-30 01:49:50,519 [Listener at 127.0.0.1/43571] INFO  OverReplicatedQueueThread (BackgroundSCMService.java:start(68)) - Starting OverReplicatedQueueThread Service.
2022-07-30 01:49:50,520 [Listener at 127.0.0.1/43571] INFO  ha.SCMServiceManager (SCMServiceManager.java:register(42)) - Registering service OverReplicatedQueueThread.
2022-07-30 01:49:50,520 [Listener at 127.0.0.1/43571] INFO  ha.SCMServiceManager (SCMServiceManager.java:register(42)) - Registering service ReplicationManager.
2022-07-30 01:49:50,520 [Listener at 127.0.0.1/43571] INFO  safemode.ContainerSafeModeRule (ContainerSafeModeRule.java:<init>(89)) - containers with one replica threshold count 0
2022-07-30 01:49:50,521 [Listener at 127.0.0.1/43571] INFO  safemode.HealthyPipelineSafeModeRule (HealthyPipelineSafeModeRule.java:initializeRule(169)) - Total pipeline count is 0, healthy pipeline threshold count is 1
2022-07-30 01:49:50,521 [Listener at 127.0.0.1/43571] INFO  safemode.OneReplicaPipelineSafeModeRule (OneReplicaPipelineSafeModeRule.java:initializeRule(180)) - Total pipeline count is 0, pipeline's with at least one datanode reported threshold count is 0
2022-07-30 01:49:50,526 [Listener at 127.0.0.1/43571] INFO  ipc.CallQueueManager (CallQueueManager.java:<init>(90)) - Using callQueue: class java.util.concurrent.LinkedBlockingQueue, queueCapacity: 2000, scheduler: class org.apache.hadoop.ipc.DefaultRpcScheduler, ipcBackoff: false.
2022-07-30 01:49:50,530 [Socket Reader #1 for port 0] INFO  ipc.Server (Server.java:run(1265)) - Starting Socket Reader #1 for port 0
2022-07-30 01:49:50,530 [Listener at 0.0.0.0/33937] INFO  ipc.CallQueueManager (CallQueueManager.java:<init>(90)) - Using callQueue: class java.util.concurrent.LinkedBlockingQueue, queueCapacity: 2000, scheduler: class org.apache.hadoop.ipc.DefaultRpcScheduler, ipcBackoff: false.
2022-07-30 01:49:50,531 [Socket Reader #1 for port 0] INFO  ipc.Server (Server.java:run(1265)) - Starting Socket Reader #1 for port 0
2022-07-30 01:49:50,532 [Listener at 0.0.0.0/34313] INFO  ipc.CallQueueManager (CallQueueManager.java:<init>(90)) - Using callQueue: class java.util.concurrent.LinkedBlockingQueue, queueCapacity: 2000, scheduler: class org.apache.hadoop.ipc.DefaultRpcScheduler, ipcBackoff: false.
2022-07-30 01:49:50,532 [Socket Reader #1 for port 0] INFO  ipc.Server (Server.java:run(1265)) - Starting Socket Reader #1 for port 0
2022-07-30 01:49:50,537 [ReplicationMonitor] INFO  replication.ReplicationManager (ReplicationManager.java:processAll(249)) - Replication Manager is not ready to run until 3000ms after safemode exit
2022-07-30 01:49:50,602 [Listener at 0.0.0.0/34919] INFO  ha.SCMServiceManager (SCMServiceManager.java:register(42)) - Registering service ContainerBalancer.
2022-07-30 01:49:50,602 [Listener at 0.0.0.0/34919] INFO  server.StorageContainerManager (StorageContainerManager.java:<init>(406)) - 
Container Balancer status:
Key                            Value
Running                        false
Container Balancer Configuration values:
Key                                                Value
Threshold                                          10
Max Datanodes to Involve per Iteration(percent)    20
Max Size to Move per Iteration                     500GB
Max Size Entering Target per Iteration             26GB
Max Size Leaving Source per Iteration              26GB

2022-07-30 01:49:50,602 [Listener at 0.0.0.0/34919] WARN  events.EventQueue (EventQueue.java:fireEvent(216)) - No event handler registered for event TypedEvent{payloadType=SafeModeStatus, name='Safe mode status'}
2022-07-30 01:49:50,603 [Listener at 0.0.0.0/34919] INFO  ha.SCMContext (SCMContext.java:updateSafeModeStatus(228)) - Update SafeModeStatus from SafeModeStatus{safeModeStatus=true, preCheckPassed=false} to SafeModeStatus{safeModeStatus=true, preCheckPassed=false}.
2022-07-30 01:49:50,613 [Listener at 0.0.0.0/34919] INFO  server.StorageContainerManager (StorageContainerManager.java:start(1460)) - StorageContainerLocationProtocol RPC server is listening at /0.0.0.0:34919
2022-07-30 01:49:50,614 [Listener at 0.0.0.0/34919] WARN  impl.MetricsConfig (MetricsConfig.java:loadFirst(136)) - Cannot locate configuration: tried hadoop-metrics2-storagecontainermanager.properties,hadoop-metrics2.properties
2022-07-30 01:49:50,618 [Listener at 0.0.0.0/34919] INFO  impl.MetricsSystemImpl (MetricsSystemImpl.java:startTimer(378)) - Scheduled Metric snapshot period at 10 second(s).
2022-07-30 01:49:50,618 [Listener at 0.0.0.0/34919] INFO  impl.MetricsSystemImpl (MetricsSystemImpl.java:start(191)) - StorageContainerManager metrics system started
2022-07-30 01:49:50,683 [Listener at 0.0.0.0/34919] INFO  impl.MetricsSinkAdapter (MetricsSinkAdapter.java:start(204)) - Sink prometheus started
2022-07-30 01:49:50,684 [Listener at 0.0.0.0/34919] INFO  impl.MetricsSystemImpl (MetricsSystemImpl.java:registerSink(305)) - Registered sink prometheus
2022-07-30 01:49:50,728 [Listener at 0.0.0.0/34919] INFO  server.SCMClientProtocolServer (SCMClientProtocolServer.java:start(170)) - RPC server for Client  is listening at /0.0.0.0:34919
2022-07-30 01:49:50,733 [IPC Server Responder] INFO  ipc.Server (Server.java:run(1507)) - IPC Server Responder: starting
2022-07-30 01:49:50,734 [IPC Server listener on 0] INFO  ipc.Server (Server.java:run(1344)) - IPC Server listener on 0: starting
2022-07-30 01:49:50,783 [Listener at 0.0.0.0/34919] INFO  server.StorageContainerManager (StorageContainerManager.java:start(1475)) - ScmBlockLocationProtocol RPC server is listening at /0.0.0.0:34313
2022-07-30 01:49:50,784 [Listener at 0.0.0.0/34919] INFO  server.SCMBlockProtocolServer (SCMBlockProtocolServer.java:start(152)) - RPC server for Block Protocol is listening at /0.0.0.0:34313
2022-07-30 01:49:50,788 [IPC Server Responder] INFO  ipc.Server (Server.java:run(1507)) - IPC Server Responder: starting
2022-07-30 01:49:50,789 [IPC Server listener on 0] INFO  ipc.Server (Server.java:run(1344)) - IPC Server listener on 0: starting
2022-07-30 01:49:50,791 [Listener at 0.0.0.0/34919] INFO  server.SCMDatanodeProtocolServer (SCMDatanodeProtocolServer.java:start(186)) - ScmDatanodeProtocol RPC server for DataNodes is listening at /0.0.0.0:33937
2022-07-30 01:49:50,791 [IPC Server Responder] INFO  ipc.Server (Server.java:run(1507)) - IPC Server Responder: starting
2022-07-30 01:49:50,792 [IPC Server listener on 0] INFO  ipc.Server (Server.java:run(1344)) - IPC Server listener on 0: starting
2022-07-30 01:49:50,800 [Listener at 0.0.0.0/34919] INFO  http.BaseHttpServer (BaseHttpServer.java:newHttpServer2BuilderForOzone(209)) - Starting Web-server for scm at: http://0.0.0.0:0
2022-07-30 01:49:50,800 [Listener at 0.0.0.0/34919] INFO  http.BaseHttpServer (BaseHttpServer.java:<init>(107)) - Hadoop Security Enabled: false Ozone Security Enabled: false Ozone HTTP Security Enabled: false 
2022-07-30 01:49:50,802 [Listener at 0.0.0.0/34919] INFO  server.AuthenticationFilter (AuthenticationFilter.java:constructSecretProvider(240)) - Unable to initialize FileSignerSecretProvider, falling back to use random secrets.
2022-07-30 01:49:50,802 [Listener at 0.0.0.0/34919] WARN  http.HttpRequestLog (HttpRequestLog.java:getRequestLog(103)) - Jetty request log can only be enabled using Log4j
2022-07-30 01:49:50,804 [Listener at 0.0.0.0/34919] INFO  http.HttpServer2 (HttpServer2.java:addGlobalFilter(1029)) - Added global filter 'safety' (class=org.apache.hadoop.hdds.server.http.HttpServer2$QuotingInputFilter)
2022-07-30 01:49:50,804 [Listener at 0.0.0.0/34919] INFO  http.HttpServer2 (HttpServer2.java:addFilter(1005)) - Added filter static_user_filter (class=org.apache.hadoop.http.lib.StaticUserWebFilter$StaticUserFilter) to context scm
2022-07-30 01:49:50,804 [Listener at 0.0.0.0/34919] INFO  http.HttpServer2 (HttpServer2.java:addFilter(1013)) - Added filter static_user_filter (class=org.apache.hadoop.http.lib.StaticUserWebFilter$StaticUserFilter) to context static
2022-07-30 01:49:50,805 [Listener at 0.0.0.0/34919] INFO  http.HttpServer2 (HttpServer2.java:addFilter(1013)) - Added filter static_user_filter (class=org.apache.hadoop.http.lib.StaticUserWebFilter$StaticUserFilter) to context logs
2022-07-30 01:49:50,807 [Listener at 0.0.0.0/34919] INFO  http.HttpServer2 (HttpServer2.java:bindListener(1248)) - Jetty bound to port 34019
2022-07-30 01:49:50,831 [Listener at 0.0.0.0/34919] INFO  server.Server (Server.java:doStart(375)) - jetty-9.4.43.v20210629; built: 2021-06-30T11:07:22.254Z; git: 526006ecfa3af7f1a27ef3a288e2bef7ea9dd7e8; jvm 1.8.0_332-b09
2022-07-30 01:49:50,814 [org.apache.hadoop.util.JvmPauseMonitor$Monitor@18bcbb4a] INFO  util.JvmPauseMonitor (JvmPauseMonitor.java:run(188)) - Starting JVM pause monitor
2022-07-30 01:49:50,842 [Listener at 0.0.0.0/34919] INFO  server.session (DefaultSessionIdManager.java:doStart(334)) - DefaultSessionIdManager workerName=node0
2022-07-30 01:49:50,842 [Listener at 0.0.0.0/34919] INFO  server.session (DefaultSessionIdManager.java:doStart(339)) - No SessionScavenger set, using defaults
2022-07-30 01:49:50,842 [Listener at 0.0.0.0/34919] INFO  server.session (HouseKeeper.java:startScavenging(132)) - node0 Scavenging every 660000ms
2022-07-30 01:49:50,846 [Listener at 0.0.0.0/34919] INFO  handler.ContextHandler (ContextHandler.java:doStart(915)) - Started o.e.j.s.ServletContextHandler@1a686df0{logs,/logs,file:///home/runner/work/ozone/ozone/hadoop-ozone/integration-test/target/log,AVAILABLE}
2022-07-30 01:49:50,846 [Listener at 0.0.0.0/34919] INFO  handler.ContextHandler (ContextHandler.java:doStart(915)) - Started o.e.j.s.ServletContextHandler@4e119850{static,/static,file:///home/runner/work/ozone/ozone/hadoop-ozone/integration-test/target/test-classes/webapps/static,AVAILABLE}
2022-07-30 01:49:50,849 [Listener at 0.0.0.0/34919] INFO  handler.ContextHandler (ContextHandler.java:doStart(915)) - Started o.e.j.w.WebAppContext@4ef5d9f0{scm,/,file:///home/runner/work/ozone/ozone/hadoop-ozone/integration-test/target/test-classes/webapps/scm/,AVAILABLE}{file:/home/runner/work/ozone/ozone/hadoop-ozone/integration-test/target/test-classes/webapps/scm}
2022-07-30 01:49:50,885 [Listener at 0.0.0.0/34919] INFO  server.AbstractConnector (AbstractConnector.java:doStart(331)) - Started ServerConnector@21fe8a00{HTTP/1.1, (http/1.1)}{0.0.0.0:34019}
2022-07-30 01:49:50,891 [Listener at 0.0.0.0/34919] INFO  server.Server (Server.java:doStart(415)) - Started @160270ms
2022-07-30 01:49:50,892 [Listener at 0.0.0.0/34919] WARN  impl.MetricsSystemImpl (MetricsSystemImpl.java:register(279)) - Sink prometheus already exists!
2022-07-30 01:49:50,898 [Listener at 0.0.0.0/34919] INFO  http.BaseHttpServer (BaseHttpServer.java:updateConnectorAddress(329)) - HTTP server of scm listening at http://0.0.0.0:34019
2022-07-30 01:49:50,898 [Listener at 0.0.0.0/34919] WARN  server.ServerUtils (ServerUtils.java:getDBPath(225)) - ozone.om.db.dirs is not configured. We recommend adding this setting. Falling back to ozone.metadata.dirs instead.
2022-07-30 01:49:50,905 [Listener at 0.0.0.0/34919] INFO  ha.OMHANodeDetails (OMHANodeDetails.java:loadOMHAConfig(115)) - ozone.om.internal.service.id is not defined, falling back to ozone.om.service.ids to find serviceID for OzoneManager if it is HA enabled cluster
2022-07-30 01:49:50,905 [Listener at 0.0.0.0/34919] INFO  ha.OMHANodeDetails (OMHANodeDetails.java:loadOMHAConfig(226)) - Configuration does not have ozone.om.address set. Falling back to the default OM address /127.0.0.1:0
2022-07-30 01:49:50,905 [Listener at 0.0.0.0/34919] INFO  ha.OMHANodeDetails (OMHANodeDetails.java:getOMNodeDetailsForNonHA(254)) - OM Service ID is not set. Setting it to the default ID: omServiceIdDefault
2022-07-30 01:49:50,906 [Listener at 0.0.0.0/34919] INFO  ha.OMHANodeDetails (OMHANodeDetails.java:getOMNodeDetailsForNonHA(261)) - OM Node ID is not set. Setting it to the default ID: om1
2022-07-30 01:49:50,906 [Listener at 0.0.0.0/34919] WARN  server.ServerUtils (ServerUtils.java:getDBPath(225)) - ozone.om.db.dirs is not configured. We recommend adding this setting. Falling back to ozone.metadata.dirs instead.
2022-07-30 01:49:50,907 [Listener at 0.0.0.0/34919] INFO  upgrade.AbstractLayoutVersionManager (AbstractLayoutVersionManager.java:init(83)) - Initializing Layout version manager with metadata layout = MULTITENANCY_SCHEMA (version = 3), software layout = MULTITENANCY_SCHEMA (version = 3)
2022-07-30 01:49:51,077 [Listener at 0.0.0.0/34919] INFO  reflections.Reflections (Reflections.java:scan(232)) - Reflections took 165 ms to scan 2 urls, producing 152 keys and 424 values [using 2 cores]
2022-07-30 01:49:51,077 [Listener at 0.0.0.0/34919] INFO  upgrade.OMLayoutVersionManager (OMLayoutVersionManager.java:lambda$0(115)) - Skipping Upgrade Action MockOmUpgradeAction since it has been finalized.
2022-07-30 01:49:51,077 [Listener at 0.0.0.0/34919] WARN  server.ServerUtils (ServerUtils.java:getDBPath(225)) - ozone.om.db.dirs is not configured. We recommend adding this setting. Falling back to ozone.metadata.dirs instead.
2022-07-30 01:49:51,079 [Listener at 0.0.0.0/34919] INFO  proxy.SCMBlockLocationFailoverProxyProvider (SCMBlockLocationFailoverProxyProvider.java:<init>(114)) - Created block location fail-over proxy with 1 nodes: [nodeId=scmNodeId,nodeAddress=/0.0.0.0:34313]
2022-07-30 01:49:51,080 [Listener at 0.0.0.0/34919] INFO  proxy.SCMBlockLocationFailoverProxyProvider (SCMBlockLocationFailoverProxyProvider.java:<init>(114)) - Created block location fail-over proxy with 1 nodes: [nodeId=scmNodeId,nodeAddress=/0.0.0.0:34313]
2022-07-30 01:49:51,109 [Listener at 0.0.0.0/34919] WARN  server.ServerUtils (ServerUtils.java:getDBPath(225)) - ozone.om.db.dirs is not configured. We recommend adding this setting. Falling back to ozone.metadata.dirs instead.
2022-07-30 01:49:51,110 [Listener at 0.0.0.0/34919] INFO  codec.OmKeyInfoCodec (OmKeyInfoCodec.java:<init>(49)) - OmKeyInfoCodec ignorePipeline = true
2022-07-30 01:49:51,110 [Listener at 0.0.0.0/34919] INFO  codec.RepeatedOmKeyInfoCodec (RepeatedOmKeyInfoCodec.java:<init>(41)) - RepeatedOmKeyInfoCodec ignorePipeline = true
2022-07-30 01:49:51,632 [Listener at 0.0.0.0/34919] INFO  om.OzoneManager (OzoneManager.java:instantiateServices(696)) - S3 Multi-Tenancy is disabled
2022-07-30 01:49:51,636 [Listener at 0.0.0.0/34919] INFO  om.OzoneManager (OzoneManager.java:addS3GVolumeToDB(4307)) - Created Volume s3v With Owner runner required for S3Gateway operations.
2022-07-30 01:49:51,637 [Listener at 0.0.0.0/34919] INFO  om.OzoneManager (OzoneManager.java:getRpcServer(1085)) - Creating RPC Server
2022-07-30 01:49:52,832 [Listener at 0.0.0.0/34919] INFO  reflections.Reflections (Reflections.java:scan(232)) - Reflections took 1187 ms to scan 19 urls, producing 67 keys and 4138 values [using 2 cores]
2022-07-30 01:49:52,833 [Listener at 0.0.0.0/34919] INFO  ipc.CallQueueManager (CallQueueManager.java:<init>(90)) - Using callQueue: class java.util.concurrent.LinkedBlockingQueue, queueCapacity: 2000, scheduler: class org.apache.hadoop.ipc.DefaultRpcScheduler, ipcBackoff: false.
2022-07-30 01:49:52,836 [Socket Reader #1 for port 0] INFO  ipc.Server (Server.java:run(1265)) - Starting Socket Reader #1 for port 0
2022-07-30 01:49:52,900 [Listener at 127.0.0.1/41659] INFO  impl.MetricsSystemImpl (MetricsSystemImpl.java:init(158)) - OzoneManager metrics system started (again)
2022-07-30 01:49:52,927 [Listener at 127.0.0.1/41659] INFO  om.OzoneManager (OzoneManager.java:start(1469)) - OzoneManager RPC server is listening at localhost/127.0.0.1:41659
2022-07-30 01:49:52,927 [Listener at 127.0.0.1/41659] INFO  om.OzoneManager (OzoneManager.java:start(1485)) - Version File has different layout version (3) than OM DB (null). That is expected if this OM has never been finalized to a newer layout version.
2022-07-30 01:49:52,935 [Listener at 127.0.0.1/41659] INFO  http.BaseHttpServer (BaseHttpServer.java:newHttpServer2BuilderForOzone(209)) - Starting Web-server for ozoneManager at: http://0.0.0.0:0
2022-07-30 01:49:52,936 [Listener at 127.0.0.1/41659] INFO  http.BaseHttpServer (BaseHttpServer.java:<init>(107)) - Hadoop Security Enabled: false Ozone Security Enabled: false Ozone HTTP Security Enabled: false 
2022-07-30 01:49:52,940 [Listener at 127.0.0.1/41659] INFO  server.AuthenticationFilter (AuthenticationFilter.java:constructSecretProvider(240)) - Unable to initialize FileSignerSecretProvider, falling back to use random secrets.
2022-07-30 01:49:52,948 [Listener at 127.0.0.1/41659] WARN  http.HttpRequestLog (HttpRequestLog.java:getRequestLog(103)) - Jetty request log can only be enabled using Log4j
2022-07-30 01:49:52,949 [Listener at 127.0.0.1/41659] INFO  http.HttpServer2 (HttpServer2.java:addGlobalFilter(1029)) - Added global filter 'safety' (class=org.apache.hadoop.hdds.server.http.HttpServer2$QuotingInputFilter)
2022-07-30 01:49:52,950 [Listener at 127.0.0.1/41659] INFO  http.HttpServer2 (HttpServer2.java:addFilter(1005)) - Added filter static_user_filter (class=org.apache.hadoop.http.lib.StaticUserWebFilter$StaticUserFilter) to context ozoneManager
2022-07-30 01:49:52,950 [Listener at 127.0.0.1/41659] INFO  http.HttpServer2 (HttpServer2.java:addFilter(1013)) - Added filter static_user_filter (class=org.apache.hadoop.http.lib.StaticUserWebFilter$StaticUserFilter) to context static
2022-07-30 01:49:52,951 [Listener at 127.0.0.1/41659] INFO  http.HttpServer2 (HttpServer2.java:addFilter(1013)) - Added filter static_user_filter (class=org.apache.hadoop.http.lib.StaticUserWebFilter$StaticUserFilter) to context logs
2022-07-30 01:49:52,956 [Listener at 127.0.0.1/41659] INFO  http.HttpServer2 (HttpServer2.java:bindListener(1248)) - Jetty bound to port 44977
2022-07-30 01:49:52,956 [Listener at 127.0.0.1/41659] INFO  server.Server (Server.java:doStart(375)) - jetty-9.4.43.v20210629; built: 2021-06-30T11:07:22.254Z; git: 526006ecfa3af7f1a27ef3a288e2bef7ea9dd7e8; jvm 1.8.0_332-b09
2022-07-30 01:49:52,965 [Listener at 127.0.0.1/41659] INFO  server.session (DefaultSessionIdManager.java:doStart(334)) - DefaultSessionIdManager workerName=node0
2022-07-30 01:49:52,965 [Listener at 127.0.0.1/41659] INFO  server.session (DefaultSessionIdManager.java:doStart(339)) - No SessionScavenger set, using defaults
2022-07-30 01:49:52,966 [Listener at 127.0.0.1/41659] INFO  server.session (HouseKeeper.java:startScavenging(132)) - node0 Scavenging every 600000ms
2022-07-30 01:49:52,967 [Listener at 127.0.0.1/41659] INFO  handler.ContextHandler (ContextHandler.java:doStart(915)) - Started o.e.j.s.ServletContextHandler@5352c3ac{logs,/logs,file:///home/runner/work/ozone/ozone/hadoop-ozone/integration-test/target/log,AVAILABLE}
2022-07-30 01:49:52,967 [Listener at 127.0.0.1/41659] INFO  handler.ContextHandler (ContextHandler.java:doStart(915)) - Started o.e.j.s.ServletContextHandler@31a6626f{static,/static,file:///home/runner/work/ozone/ozone/hadoop-ozone/integration-test/target/test-classes/webapps/static,AVAILABLE}
2022-07-30 01:49:53,270 [Listener at 127.0.0.1/41659] INFO  handler.ContextHandler (ContextHandler.java:doStart(915)) - Started o.e.j.w.WebAppContext@2eb7372a{ozoneManager,/,file:///home/runner/work/ozone/ozone/hadoop-ozone/integration-test/target/test-classes/webapps/ozoneManager/,AVAILABLE}{file:/home/runner/work/ozone/ozone/hadoop-ozone/integration-test/target/test-classes/webapps/ozoneManager}
2022-07-30 01:49:53,308 [Listener at 127.0.0.1/41659] INFO  server.AbstractConnector (AbstractConnector.java:doStart(331)) - Started ServerConnector@5b68827c{HTTP/1.1, (http/1.1)}{0.0.0.0:44977}
2022-07-30 01:49:53,308 [Listener at 127.0.0.1/41659] INFO  server.Server (Server.java:doStart(415)) - Started @162687ms
2022-07-30 01:49:53,308 [Listener at 127.0.0.1/41659] WARN  impl.MetricsSystemImpl (MetricsSystemImpl.java:register(279)) - Sink prometheus already exists!
2022-07-30 01:49:53,324 [Listener at 127.0.0.1/41659] INFO  http.BaseHttpServer (BaseHttpServer.java:updateConnectorAddress(329)) - HTTP server of ozoneManager listening at http://0.0.0.0:44977
2022-07-30 01:49:53,327 [IPC Server Responder] INFO  ipc.Server (Server.java:run(1507)) - IPC Server Responder: starting
2022-07-30 01:49:53,336 [IPC Server listener on 0] INFO  ipc.Server (Server.java:run(1344)) - IPC Server listener on 0: starting
2022-07-30 01:49:53,360 [Listener at 127.0.0.1/41659] INFO  om.TrashPolicyOzone (TrashPolicyOzone.java:<init>(178)) - Ozone Manager trash configuration: Deletion interval = 0 minutes, Emptier interval = 0 minutes.
2022-07-30 01:49:53,389 [org.apache.hadoop.util.JvmPauseMonitor$Monitor@4caa03a9] INFO  util.JvmPauseMonitor (JvmPauseMonitor.java:run(188)) - Starting JVM pause monitor
2022-07-30 01:49:53,435 [Listener at 127.0.0.1/41659] WARN  impl.MetricRegistriesImpl (MetricRegistriesImpl.java:addReporterRegistration(111)) - New reporters are added after registries were created. Some metrics will be missing from the reporter. Please add reporter before adding any new registry.
2022-07-30 01:49:53,435 [Listener at 127.0.0.1/41659] WARN  impl.MetricRegistriesImpl (MetricRegistriesImpl.java:addReporterRegistration(111)) - New reporters are added after registries were created. Some metrics will be missing from the reporter. Please add reporter before adding any new registry.
2022-07-30 01:49:53,435 [Listener at 127.0.0.1/41659] INFO  impl.MetricsSystemImpl (MetricsSystemImpl.java:init(158)) - HddsDatanode metrics system started (again)
2022-07-30 01:49:53,471 [Listener at 127.0.0.1/41659] INFO  ozone.HddsDatanodeService (HddsDatanodeService.java:start(236)) - HddsDatanodeService host:fv-az297-62.nmf1rxwemy4u5di1sxxf4ejcwb.jx.internal.cloudapp.net ip:10.1.0.37
2022-07-30 01:49:53,548 [Listener at 127.0.0.1/41659] INFO  upgrade.AbstractLayoutVersionManager (AbstractLayoutVersionManager.java:init(83)) - Initializing Layout version manager with metadata layout = DATANODE_SCHEMA_V3 (version = 4), software layout = DATANODE_SCHEMA_V3 (version = 4)
2022-07-30 01:49:53,646 [Listener at 127.0.0.1/41659] INFO  reflections.Reflections (Reflections.java:scan(232)) - Reflections took 97 ms to scan 7 urls, producing 132 keys and 321 values 
2022-07-30 01:49:53,658 [Listener at 127.0.0.1/41659] INFO  statemachine.DatanodeStateMachine (DatanodeStateMachine.java:getEndPointTaskThreadPoolSize(237)) - Datanode State Machine Task Thread Pool size 2
2022-07-30 01:49:53,660 [Listener at 127.0.0.1/41659] INFO  volume.HddsVolume (HddsVolume.java:<init>(116)) - Creating HddsVolume: /home/runner/work/ozone/ozone/hadoop-ozone/integration-test/target/test-dir/MiniOzoneClusterImpl-aa47c88b-9cdf-4da5-a3b2-16d3d6598e2f/datanode-0/data-0/containers/hdds of storage type : DISK capacity : 9223372036854775807
2022-07-30 01:49:53,661 [Listener at 127.0.0.1/41659] INFO  volume.MutableVolumeSet (MutableVolumeSet.java:initializeVolumeSet(174)) - Added Volume : /home/runner/work/ozone/ozone/hadoop-ozone/integration-test/target/test-dir/MiniOzoneClusterImpl-aa47c88b-9cdf-4da5-a3b2-16d3d6598e2f/datanode-0/data-0/containers/hdds to VolumeSet
2022-07-30 01:49:53,661 [Listener at 127.0.0.1/41659] INFO  volume.ThrottledAsyncChecker (ThrottledAsyncChecker.java:schedule(141)) - Scheduling a check for /home/runner/work/ozone/ozone/hadoop-ozone/integration-test/target/test-dir/MiniOzoneClusterImpl-aa47c88b-9cdf-4da5-a3b2-16d3d6598e2f/datanode-0/data-0/containers/hdds
2022-07-30 01:49:53,664 [Listener at 127.0.0.1/41659] INFO  volume.StorageVolumeChecker (StorageVolumeChecker.java:checkAllVolumes(202)) - Scheduled health check for volume /home/runner/work/ozone/ozone/hadoop-ozone/integration-test/target/test-dir/MiniOzoneClusterImpl-aa47c88b-9cdf-4da5-a3b2-16d3d6598e2f/datanode-0/data-0/containers/hdds
2022-07-30 01:49:53,696 [Listener at 127.0.0.1/41659] INFO  volume.MutableVolumeSet (MutableVolumeSet.java:initializeVolumeSet(174)) - Added Volume : /home/runner/work/ozone/ozone/hadoop-ozone/integration-test/target/test-dir/MiniOzoneClusterImpl-aa47c88b-9cdf-4da5-a3b2-16d3d6598e2f/datanode-0/data/ratis to VolumeSet
2022-07-30 01:49:53,696 [Listener at 127.0.0.1/41659] INFO  volume.ThrottledAsyncChecker (ThrottledAsyncChecker.java:schedule(141)) - Scheduling a check for /home/runner/work/ozone/ozone/hadoop-ozone/integration-test/target/test-dir/MiniOzoneClusterImpl-aa47c88b-9cdf-4da5-a3b2-16d3d6598e2f/datanode-0/data/ratis
2022-07-30 01:49:53,696 [Listener at 127.0.0.1/41659] INFO  volume.StorageVolumeChecker (StorageVolumeChecker.java:checkAllVolumes(202)) - Scheduled health check for volume /home/runner/work/ozone/ozone/hadoop-ozone/integration-test/target/test-dir/MiniOzoneClusterImpl-aa47c88b-9cdf-4da5-a3b2-16d3d6598e2f/datanode-0/data/ratis
2022-07-30 01:49:53,741 [Thread-1178] INFO  ozoneimpl.ContainerReader (ContainerReader.java:readVolume(175)) - Finish verifying containers on volume /home/runner/work/ozone/ozone/hadoop-ozone/integration-test/target/test-dir/MiniOzoneClusterImpl-aa47c88b-9cdf-4da5-a3b2-16d3d6598e2f/datanode-0/data-0/containers/hdds
2022-07-30 01:49:53,741 [Listener at 127.0.0.1/41659] INFO  ozoneimpl.OzoneContainer (OzoneContainer.java:buildContainerSet(299)) - Build ContainerSet costs 0s
2022-07-30 01:49:53,743 [Listener at 127.0.0.1/41659] INFO  server.RaftServer (ConfUtils.java:logGet(46)) - raft.rpc.type = GRPC (default)
2022-07-30 01:49:53,743 [Listener at 127.0.0.1/41659] INFO  grpc.GrpcFactory (GrpcFactory.java:checkPooledByteBufAllocatorUseCacheForAllThreads(48)) - PERFORMANCE WARNING: useCacheForAllThreads is true that may cause Netty to create a lot garbage objects and, as a result, trigger GC.
	It is recommended to disable useCacheForAllThreads by setting -Dorg.apache.ratis.thirdparty.io.netty.allocator.useCacheForAllThreads=false in command line.
2022-07-30 01:49:53,744 [Listener at 127.0.0.1/41659] INFO  grpc.GrpcConfigKeys (ConfUtils.java:logGet(46)) - raft.grpc.admin.port = 0 (custom)
2022-07-30 01:49:53,744 [Listener at 127.0.0.1/41659] INFO  grpc.GrpcConfigKeys (ConfUtils.java:logGet(46)) - raft.grpc.client.port = 0 (custom)
2022-07-30 01:49:53,744 [Listener at 127.0.0.1/41659] INFO  grpc.GrpcConfigKeys (ConfUtils.java:logGet(46)) - raft.grpc.server.port = 0 (default)
2022-07-30 01:49:53,744 [Listener at 127.0.0.1/41659] INFO  server.GrpcService (ConfUtils.java:logGet(46)) - raft.grpc.message.size.max = 32MB (=33554432) (custom)
2022-07-30 01:49:53,744 [Listener at 127.0.0.1/41659] INFO  server.RaftServerConfigKeys (ConfUtils.java:logGet(46)) - raft.server.log.appender.buffer.byte-limit = 33554432 (custom)
2022-07-30 01:49:53,744 [Listener at 127.0.0.1/41659] INFO  server.GrpcService (ConfUtils.java:logGet(46)) - raft.grpc.flow.control.window = 5MB (=5242880) (custom)
2022-07-30 01:49:53,744 [Listener at 127.0.0.1/41659] INFO  server.RaftServerConfigKeys (ConfUtils.java:logGet(46)) - raft.server.rpc.request.timeout = 60s (custom)
2022-07-30 01:49:53,745 [Listener at 127.0.0.1/41659] INFO  grpc.GrpcConfigKeys (ConfUtils.java:logGet(46)) - raft.grpc.server.async.request.thread.pool.cached = true (default)
2022-07-30 01:49:53,745 [Listener at 127.0.0.1/41659] INFO  grpc.GrpcConfigKeys (ConfUtils.java:logGet(46)) - raft.grpc.server.async.request.thread.pool.size = 32 (default)
2022-07-30 01:49:53,746 [Listener at 127.0.0.1/41659] INFO  impl.DataStreamServerImpl (ConfUtils.java:logGet(46)) - raft.datastream.type = DISABLED (default)
2022-07-30 01:49:53,746 [Listener at 127.0.0.1/41659] INFO  server.RaftServerConfigKeys (ConfUtils.java:logGet(46)) - raft.server.threadpool.proxy.cached = true (default)
2022-07-30 01:49:53,746 [Listener at 127.0.0.1/41659] INFO  server.RaftServerConfigKeys (ConfUtils.java:logGet(46)) - raft.server.threadpool.proxy.size = 0 (default)
2022-07-30 01:49:53,746 [Listener at 127.0.0.1/41659] INFO  server.RaftServerConfigKeys (ConfUtils.java:logGet(46)) - raft.server.rpc.slowness.timeout = 300s (custom)
2022-07-30 01:49:53,747 [Listener at 127.0.0.1/41659] INFO  server.RaftServerConfigKeys (ConfUtils.java:logGet(46)) - raft.server.leaderelection.leader.step-down.wait-time = 10s (default)
2022-07-30 01:49:53,747 [Listener at 127.0.0.1/41659] INFO  server.RaftServerConfigKeys (ConfUtils.java:logGet(46)) - raft.server.storage.dir = [/home/runner/work/ozone/ozone/hadoop-ozone/integration-test/target/test-dir/MiniOzoneClusterImpl-aa47c88b-9cdf-4da5-a3b2-16d3d6598e2f/datanode-0/data/ratis] (custom)
2022-07-30 01:49:53,748 [Listener at 127.0.0.1/41659] INFO  server.XceiverServerGrpc (XceiverServerGrpc.java:<init>(132)) - GrpcServer channel type EpollServerSocketChannel
2022-07-30 01:49:53,751 [Listener at 127.0.0.1/41659] INFO  http.BaseHttpServer (BaseHttpServer.java:newHttpServer2BuilderForOzone(209)) - Starting Web-server for hddsDatanode at: http://0.0.0.0:0
2022-07-30 01:49:53,751 [Listener at 127.0.0.1/41659] INFO  http.BaseHttpServer (BaseHttpServer.java:<init>(107)) - Hadoop Security Enabled: false Ozone Security Enabled: false Ozone HTTP Security Enabled: false 
2022-07-30 01:49:53,764 [Listener at 127.0.0.1/41659] INFO  server.AuthenticationFilter (AuthenticationFilter.java:constructSecretProvider(240)) - Unable to initialize FileSignerSecretProvider, falling back to use random secrets.
2022-07-30 01:49:53,777 [Listener at 127.0.0.1/41659] WARN  http.HttpRequestLog (HttpRequestLog.java:getRequestLog(103)) - Jetty request log can only be enabled using Log4j
2022-07-30 01:49:53,779 [Listener at 127.0.0.1/41659] INFO  http.HttpServer2 (HttpServer2.java:addGlobalFilter(1029)) - Added global filter 'safety' (class=org.apache.hadoop.hdds.server.http.HttpServer2$QuotingInputFilter)
2022-07-30 01:49:53,780 [Listener at 127.0.0.1/41659] INFO  http.HttpServer2 (HttpServer2.java:addFilter(1005)) - Added filter static_user_filter (class=org.apache.hadoop.http.lib.StaticUserWebFilter$StaticUserFilter) to context hddsDatanode
2022-07-30 01:49:53,780 [Listener at 127.0.0.1/41659] INFO  http.HttpServer2 (HttpServer2.java:addFilter(1013)) - Added filter static_user_filter (class=org.apache.hadoop.http.lib.StaticUserWebFilter$StaticUserFilter) to context static
2022-07-30 01:49:53,780 [Listener at 127.0.0.1/41659] INFO  http.HttpServer2 (HttpServer2.java:addFilter(1013)) - Added filter static_user_filter (class=org.apache.hadoop.http.lib.StaticUserWebFilter$StaticUserFilter) to context logs
2022-07-30 01:49:53,780 [Listener at 127.0.0.1/41659] INFO  http.HttpServer2 (HttpServer2.java:bindListener(1248)) - Jetty bound to port 38001
2022-07-30 01:49:53,780 [Listener at 127.0.0.1/41659] INFO  server.Server (Server.java:doStart(375)) - jetty-9.4.43.v20210629; built: 2021-06-30T11:07:22.254Z; git: 526006ecfa3af7f1a27ef3a288e2bef7ea9dd7e8; jvm 1.8.0_332-b09
2022-07-30 01:49:53,795 [Listener at 127.0.0.1/41659] INFO  server.session (DefaultSessionIdManager.java:doStart(334)) - DefaultSessionIdManager workerName=node0
2022-07-30 01:49:53,796 [Listener at 127.0.0.1/41659] INFO  server.session (DefaultSessionIdManager.java:doStart(339)) - No SessionScavenger set, using defaults
2022-07-30 01:49:53,796 [Listener at 127.0.0.1/41659] INFO  server.session (HouseKeeper.java:startScavenging(132)) - node0 Scavenging every 660000ms
2022-07-30 01:49:53,800 [Listener at 127.0.0.1/41659] INFO  handler.ContextHandler (ContextHandler.java:doStart(915)) - Started o.e.j.s.ServletContextHandler@5ef49a1a{logs,/logs,file:///home/runner/work/ozone/ozone/hadoop-ozone/integration-test/target/log,AVAILABLE}
2022-07-30 01:49:53,800 [Listener at 127.0.0.1/41659] INFO  handler.ContextHandler (ContextHandler.java:doStart(915)) - Started o.e.j.s.ServletContextHandler@69049281{static,/static,jar:file:/home/runner/.m2/repository/org/apache/ozone/hdds-container-service/1.3.0-SNAPSHOT/hdds-container-service-1.3.0-SNAPSHOT.jar!/webapps/static,AVAILABLE}
2022-07-30 01:49:54,172 [Listener at 127.0.0.1/41659] INFO  handler.ContextHandler (ContextHandler.java:doStart(915)) - Started o.e.j.w.WebAppContext@705ef9d5{hddsDatanode,/,file:///tmp/jetty-0_0_0_0-38001-hdds-container-service-1_3_0-SNAPSHOT_jar-_-any-4254066275139021401/webapp/,AVAILABLE}{jar:file:/home/runner/.m2/repository/org/apache/ozone/hdds-container-service/1.3.0-SNAPSHOT/hdds-container-service-1.3.0-SNAPSHOT.jar!/webapps/hddsDatanode}
2022-07-30 01:49:54,184 [Listener at 127.0.0.1/41659] INFO  server.AbstractConnector (AbstractConnector.java:doStart(331)) - Started ServerConnector@19a36c8f{HTTP/1.1, (http/1.1)}{0.0.0.0:38001}
2022-07-30 01:49:54,184 [Listener at 127.0.0.1/41659] INFO  server.Server (Server.java:doStart(415)) - Started @163563ms
2022-07-30 01:49:54,184 [Listener at 127.0.0.1/41659] WARN  impl.MetricsSystemImpl (MetricsSystemImpl.java:register(279)) - Sink prometheus already exists!
2022-07-30 01:49:54,185 [Listener at 127.0.0.1/41659] INFO  http.BaseHttpServer (BaseHttpServer.java:updateConnectorAddress(329)) - HTTP server of hddsDatanode listening at http://0.0.0.0:38001
2022-07-30 01:49:54,194 [Listener at 127.0.0.1/41659] WARN  impl.MetricRegistriesImpl (MetricRegistriesImpl.java:addReporterRegistration(111)) - New reporters are added after registries were created. Some metrics will be missing from the reporter. Please add reporter before adding any new registry.
2022-07-30 01:49:54,194 [Listener at 127.0.0.1/41659] WARN  impl.MetricRegistriesImpl (MetricRegistriesImpl.java:addReporterRegistration(111)) - New reporters are added after registries were created. Some metrics will be missing from the reporter. Please add reporter before adding any new registry.
2022-07-30 01:49:54,194 [Listener at 127.0.0.1/41659] INFO  impl.MetricsSystemImpl (MetricsSystemImpl.java:init(158)) - HddsDatanode metrics system started (again)
2022-07-30 01:49:54,200 [Datanode State Machine Daemon Thread] INFO  statemachine.DatanodeStateMachine (DatanodeStateMachine.java:lambda$startDaemon$0(492)) - Ozone container server started.
2022-07-30 01:49:54,258 [org.apache.hadoop.util.JvmPauseMonitor$Monitor@528ab349] INFO  util.JvmPauseMonitor (JvmPauseMonitor.java:run(188)) - Starting JVM pause monitor
2022-07-30 01:49:54,259 [Listener at 127.0.0.1/41659] INFO  ozone.HddsDatanodeService (HddsDatanodeService.java:start(236)) - HddsDatanodeService host:fv-az297-62.nmf1rxwemy4u5di1sxxf4ejcwb.jx.internal.cloudapp.net ip:10.1.0.37
2022-07-30 01:49:54,263 [Datanode State Machine Task Thread - 0] INFO  datanode.InitDatanodeState (InitDatanodeState.java:persistContainerDatanodeDetails(138)) - DatanodeDetails is persisted to /home/runner/work/ozone/ozone/hadoop-ozone/integration-test/target/test-dir/MiniOzoneClusterImpl-aa47c88b-9cdf-4da5-a3b2-16d3d6598e2f/datanode-0/meta/datanode.id
2022-07-30 01:49:54,328 [Listener at 127.0.0.1/41659] INFO  upgrade.AbstractLayoutVersionManager (AbstractLayoutVersionManager.java:init(83)) - Initializing Layout version manager with metadata layout = DATANODE_SCHEMA_V3 (version = 4), software layout = DATANODE_SCHEMA_V3 (version = 4)
2022-07-30 01:49:54,427 [Listener at 127.0.0.1/41659] INFO  reflections.Reflections (Reflections.java:scan(232)) - Reflections took 96 ms to scan 7 urls, producing 132 keys and 321 values 
2022-07-30 01:49:54,430 [Listener at 127.0.0.1/41659] INFO  statemachine.DatanodeStateMachine (DatanodeStateMachine.java:getEndPointTaskThreadPoolSize(237)) - Datanode State Machine Task Thread Pool size 2
2022-07-30 01:49:54,431 [Listener at 127.0.0.1/41659] INFO  volume.HddsVolume (HddsVolume.java:<init>(116)) - Creating HddsVolume: /home/runner/work/ozone/ozone/hadoop-ozone/integration-test/target/test-dir/MiniOzoneClusterImpl-aa47c88b-9cdf-4da5-a3b2-16d3d6598e2f/datanode-1/data-0/containers/hdds of storage type : DISK capacity : 9223372036854775807
2022-07-30 01:49:54,431 [Listener at 127.0.0.1/41659] INFO  volume.MutableVolumeSet (MutableVolumeSet.java:initializeVolumeSet(174)) - Added Volume : /home/runner/work/ozone/ozone/hadoop-ozone/integration-test/target/test-dir/MiniOzoneClusterImpl-aa47c88b-9cdf-4da5-a3b2-16d3d6598e2f/datanode-1/data-0/containers/hdds to VolumeSet
2022-07-30 01:49:54,431 [Listener at 127.0.0.1/41659] INFO  volume.ThrottledAsyncChecker (ThrottledAsyncChecker.java:schedule(141)) - Scheduling a check for /home/runner/work/ozone/ozone/hadoop-ozone/integration-test/target/test-dir/MiniOzoneClusterImpl-aa47c88b-9cdf-4da5-a3b2-16d3d6598e2f/datanode-1/data-0/containers/hdds
2022-07-30 01:49:54,448 [Listener at 127.0.0.1/41659] INFO  volume.StorageVolumeChecker (StorageVolumeChecker.java:checkAllVolumes(202)) - Scheduled health check for volume /home/runner/work/ozone/ozone/hadoop-ozone/integration-test/target/test-dir/MiniOzoneClusterImpl-aa47c88b-9cdf-4da5-a3b2-16d3d6598e2f/datanode-1/data-0/containers/hdds
2022-07-30 01:49:54,479 [Listener at 127.0.0.1/41659] INFO  volume.MutableVolumeSet (MutableVolumeSet.java:initializeVolumeSet(174)) - Added Volume : /home/runner/work/ozone/ozone/hadoop-ozone/integration-test/target/test-dir/MiniOzoneClusterImpl-aa47c88b-9cdf-4da5-a3b2-16d3d6598e2f/datanode-1/data/ratis to VolumeSet
2022-07-30 01:49:54,479 [Listener at 127.0.0.1/41659] INFO  volume.ThrottledAsyncChecker (ThrottledAsyncChecker.java:schedule(141)) - Scheduling a check for /home/runner/work/ozone/ozone/hadoop-ozone/integration-test/target/test-dir/MiniOzoneClusterImpl-aa47c88b-9cdf-4da5-a3b2-16d3d6598e2f/datanode-1/data/ratis
2022-07-30 01:49:54,480 [Listener at 127.0.0.1/41659] INFO  volume.StorageVolumeChecker (StorageVolumeChecker.java:checkAllVolumes(202)) - Scheduled health check for volume /home/runner/work/ozone/ozone/hadoop-ozone/integration-test/target/test-dir/MiniOzoneClusterImpl-aa47c88b-9cdf-4da5-a3b2-16d3d6598e2f/datanode-1/data/ratis
2022-07-30 01:49:54,510 [Thread-1191] INFO  ozoneimpl.ContainerReader (ContainerReader.java:readVolume(175)) - Finish verifying containers on volume /home/runner/work/ozone/ozone/hadoop-ozone/integration-test/target/test-dir/MiniOzoneClusterImpl-aa47c88b-9cdf-4da5-a3b2-16d3d6598e2f/datanode-1/data-0/containers/hdds
2022-07-30 01:49:54,510 [Listener at 127.0.0.1/41659] INFO  ozoneimpl.OzoneContainer (OzoneContainer.java:buildContainerSet(299)) - Build ContainerSet costs 0s
2022-07-30 01:49:54,513 [Listener at 127.0.0.1/41659] INFO  server.RaftServer (ConfUtils.java:logGet(46)) - raft.rpc.type = GRPC (default)
2022-07-30 01:49:54,513 [Listener at 127.0.0.1/41659] INFO  grpc.GrpcFactory (GrpcFactory.java:checkPooledByteBufAllocatorUseCacheForAllThreads(48)) - PERFORMANCE WARNING: useCacheForAllThreads is true that may cause Netty to create a lot garbage objects and, as a result, trigger GC.
	It is recommended to disable useCacheForAllThreads by setting -Dorg.apache.ratis.thirdparty.io.netty.allocator.useCacheForAllThreads=false in command line.
2022-07-30 01:49:54,514 [Listener at 127.0.0.1/41659] INFO  grpc.GrpcConfigKeys (ConfUtils.java:logGet(46)) - raft.grpc.admin.port = 0 (custom)
2022-07-30 01:49:54,514 [Listener at 127.0.0.1/41659] INFO  grpc.GrpcConfigKeys (ConfUtils.java:logGet(46)) - raft.grpc.client.port = 0 (custom)
2022-07-30 01:49:54,514 [Listener at 127.0.0.1/41659] INFO  grpc.GrpcConfigKeys (ConfUtils.java:logGet(46)) - raft.grpc.server.port = 0 (default)
2022-07-30 01:49:54,514 [Listener at 127.0.0.1/41659] INFO  server.GrpcService (ConfUtils.java:logGet(46)) - raft.grpc.message.size.max = 32MB (=33554432) (custom)
2022-07-30 01:49:54,514 [Listener at 127.0.0.1/41659] INFO  server.RaftServerConfigKeys (ConfUtils.java:logGet(46)) - raft.server.log.appender.buffer.byte-limit = 33554432 (custom)
2022-07-30 01:49:54,514 [Listener at 127.0.0.1/41659] INFO  server.GrpcService (ConfUtils.java:logGet(46)) - raft.grpc.flow.control.window = 5MB (=5242880) (custom)
2022-07-30 01:49:54,515 [Listener at 127.0.0.1/41659] INFO  server.RaftServerConfigKeys (ConfUtils.java:logGet(46)) - raft.server.rpc.request.timeout = 60s (custom)
2022-07-30 01:49:54,515 [Listener at 127.0.0.1/41659] INFO  grpc.GrpcConfigKeys (ConfUtils.java:logGet(46)) - raft.grpc.server.async.request.thread.pool.cached = true (default)
2022-07-30 01:49:54,515 [Listener at 127.0.0.1/41659] INFO  grpc.GrpcConfigKeys (ConfUtils.java:logGet(46)) - raft.grpc.server.async.request.thread.pool.size = 32 (default)
2022-07-30 01:49:54,530 [Listener at 127.0.0.1/41659] INFO  impl.DataStreamServerImpl (ConfUtils.java:logGet(46)) - raft.datastream.type = DISABLED (default)
2022-07-30 01:49:54,530 [Listener at 127.0.0.1/41659] INFO  server.RaftServerConfigKeys (ConfUtils.java:logGet(46)) - raft.server.threadpool.proxy.cached = true (default)
2022-07-30 01:49:54,530 [Listener at 127.0.0.1/41659] INFO  server.RaftServerConfigKeys (ConfUtils.java:logGet(46)) - raft.server.threadpool.proxy.size = 0 (default)
2022-07-30 01:49:54,531 [Listener at 127.0.0.1/41659] INFO  server.RaftServerConfigKeys (ConfUtils.java:logGet(46)) - raft.server.rpc.slowness.timeout = 300s (custom)
2022-07-30 01:49:54,531 [Listener at 127.0.0.1/41659] INFO  server.RaftServerConfigKeys (ConfUtils.java:logGet(46)) - raft.server.leaderelection.leader.step-down.wait-time = 10s (default)
2022-07-30 01:49:54,531 [Listener at 127.0.0.1/41659] INFO  server.RaftServerConfigKeys (ConfUtils.java:logGet(46)) - raft.server.storage.dir = [/home/runner/work/ozone/ozone/hadoop-ozone/integration-test/target/test-dir/MiniOzoneClusterImpl-aa47c88b-9cdf-4da5-a3b2-16d3d6598e2f/datanode-1/data/ratis] (custom)
2022-07-30 01:49:54,543 [Listener at 127.0.0.1/41659] INFO  server.XceiverServerGrpc (XceiverServerGrpc.java:<init>(132)) - GrpcServer channel type EpollServerSocketChannel
2022-07-30 01:49:54,549 [Listener at 127.0.0.1/41659] INFO  http.BaseHttpServer (BaseHttpServer.java:newHttpServer2BuilderForOzone(209)) - Starting Web-server for hddsDatanode at: http://0.0.0.0:0
2022-07-30 01:49:54,549 [Listener at 127.0.0.1/41659] INFO  http.BaseHttpServer (BaseHttpServer.java:<init>(107)) - Hadoop Security Enabled: false Ozone Security Enabled: false Ozone HTTP Security Enabled: false 
2022-07-30 01:49:54,550 [Listener at 127.0.0.1/41659] INFO  server.AuthenticationFilter (AuthenticationFilter.java:constructSecretProvider(240)) - Unable to initialize FileSignerSecretProvider, falling back to use random secrets.
2022-07-30 01:49:54,558 [Listener at 127.0.0.1/41659] WARN  http.HttpRequestLog (HttpRequestLog.java:getRequestLog(103)) - Jetty request log can only be enabled using Log4j
2022-07-30 01:49:54,561 [Listener at 127.0.0.1/41659] INFO  http.HttpServer2 (HttpServer2.java:addGlobalFilter(1029)) - Added global filter 'safety' (class=org.apache.hadoop.hdds.server.http.HttpServer2$QuotingInputFilter)
2022-07-30 01:49:54,563 [Listener at 127.0.0.1/41659] INFO  http.HttpServer2 (HttpServer2.java:addFilter(1005)) - Added filter static_user_filter (class=org.apache.hadoop.http.lib.StaticUserWebFilter$StaticUserFilter) to context hddsDatanode
2022-07-30 01:49:54,563 [Listener at 127.0.0.1/41659] INFO  http.HttpServer2 (HttpServer2.java:addFilter(1013)) - Added filter static_user_filter (class=org.apache.hadoop.http.lib.StaticUserWebFilter$StaticUserFilter) to context static
2022-07-30 01:49:54,563 [Listener at 127.0.0.1/41659] INFO  http.HttpServer2 (HttpServer2.java:addFilter(1013)) - Added filter static_user_filter (class=org.apache.hadoop.http.lib.StaticUserWebFilter$StaticUserFilter) to context logs
2022-07-30 01:49:54,564 [Listener at 127.0.0.1/41659] INFO  http.HttpServer2 (HttpServer2.java:bindListener(1248)) - Jetty bound to port 39649
2022-07-30 01:49:54,564 [Listener at 127.0.0.1/41659] INFO  server.Server (Server.java:doStart(375)) - jetty-9.4.43.v20210629; built: 2021-06-30T11:07:22.254Z; git: 526006ecfa3af7f1a27ef3a288e2bef7ea9dd7e8; jvm 1.8.0_332-b09
2022-07-30 01:49:54,566 [Listener at 127.0.0.1/41659] INFO  server.session (DefaultSessionIdManager.java:doStart(334)) - DefaultSessionIdManager workerName=node0
2022-07-30 01:49:54,567 [Listener at 127.0.0.1/41659] INFO  server.session (DefaultSessionIdManager.java:doStart(339)) - No SessionScavenger set, using defaults
2022-07-30 01:49:54,567 [Listener at 127.0.0.1/41659] INFO  server.session (HouseKeeper.java:startScavenging(132)) - node0 Scavenging every 600000ms
2022-07-30 01:49:54,567 [Listener at 127.0.0.1/41659] INFO  handler.ContextHandler (ContextHandler.java:doStart(915)) - Started o.e.j.s.ServletContextHandler@36536a0f{logs,/logs,file:///home/runner/work/ozone/ozone/hadoop-ozone/integration-test/target/log,AVAILABLE}
2022-07-30 01:49:54,568 [Listener at 127.0.0.1/41659] INFO  handler.ContextHandler (ContextHandler.java:doStart(915)) - Started o.e.j.s.ServletContextHandler@61a384b1{static,/static,jar:file:/home/runner/.m2/repository/org/apache/ozone/hdds-container-service/1.3.0-SNAPSHOT/hdds-container-service-1.3.0-SNAPSHOT.jar!/webapps/static,AVAILABLE}
2022-07-30 01:49:54,995 [Listener at 127.0.0.1/41659] INFO  handler.ContextHandler (ContextHandler.java:doStart(915)) - Started o.e.j.w.WebAppContext@72dfcc72{hddsDatanode,/,file:///tmp/jetty-0_0_0_0-39649-hdds-container-service-1_3_0-SNAPSHOT_jar-_-any-594917285470019241/webapp/,AVAILABLE}{jar:file:/home/runner/.m2/repository/org/apache/ozone/hdds-container-service/1.3.0-SNAPSHOT/hdds-container-service-1.3.0-SNAPSHOT.jar!/webapps/hddsDatanode}
2022-07-30 01:49:55,004 [Listener at 127.0.0.1/41659] INFO  server.AbstractConnector (AbstractConnector.java:doStart(331)) - Started ServerConnector@2e7ea527{HTTP/1.1, (http/1.1)}{0.0.0.0:39649}
2022-07-30 01:49:55,005 [Listener at 127.0.0.1/41659] INFO  server.Server (Server.java:doStart(415)) - Started @164383ms
2022-07-30 01:49:55,005 [Listener at 127.0.0.1/41659] WARN  impl.MetricsSystemImpl (MetricsSystemImpl.java:register(279)) - Sink prometheus already exists!
2022-07-30 01:49:55,012 [Listener at 127.0.0.1/41659] INFO  http.BaseHttpServer (BaseHttpServer.java:updateConnectorAddress(329)) - HTTP server of hddsDatanode listening at http://0.0.0.0:39649
2022-07-30 01:49:55,016 [Listener at 127.0.0.1/41659] WARN  impl.MetricRegistriesImpl (MetricRegistriesImpl.java:addReporterRegistration(111)) - New reporters are added after registries were created. Some metrics will be missing from the reporter. Please add reporter before adding any new registry.
2022-07-30 01:49:55,016 [Listener at 127.0.0.1/41659] WARN  impl.MetricRegistriesImpl (MetricRegistriesImpl.java:addReporterRegistration(111)) - New reporters are added after registries were created. Some metrics will be missing from the reporter. Please add reporter before adding any new registry.
2022-07-30 01:49:55,016 [Listener at 127.0.0.1/41659] INFO  impl.MetricsSystemImpl (MetricsSystemImpl.java:init(158)) - HddsDatanode metrics system started (again)
2022-07-30 01:49:55,031 [Datanode State Machine Daemon Thread] INFO  statemachine.DatanodeStateMachine (DatanodeStateMachine.java:lambda$startDaemon$0(492)) - Ozone container server started.
2022-07-30 01:49:55,068 [Listener at 127.0.0.1/41659] INFO  ozone.HddsDatanodeService (HddsDatanodeService.java:start(236)) - HddsDatanodeService host:fv-az297-62.nmf1rxwemy4u5di1sxxf4ejcwb.jx.internal.cloudapp.net ip:10.1.0.37
2022-07-30 01:49:55,101 [org.apache.hadoop.util.JvmPauseMonitor$Monitor@4d50d709] INFO  util.JvmPauseMonitor (JvmPauseMonitor.java:run(188)) - Starting JVM pause monitor
2022-07-30 01:49:55,129 [Listener at 127.0.0.1/41659] INFO  upgrade.AbstractLayoutVersionManager (AbstractLayoutVersionManager.java:init(83)) - Initializing Layout version manager with metadata layout = DATANODE_SCHEMA_V3 (version = 4), software layout = DATANODE_SCHEMA_V3 (version = 4)
2022-07-30 01:49:55,136 [Datanode State Machine Task Thread - 0] INFO  datanode.InitDatanodeState (InitDatanodeState.java:persistContainerDatanodeDetails(138)) - DatanodeDetails is persisted to /home/runner/work/ozone/ozone/hadoop-ozone/integration-test/target/test-dir/MiniOzoneClusterImpl-aa47c88b-9cdf-4da5-a3b2-16d3d6598e2f/datanode-1/meta/datanode.id
2022-07-30 01:49:55,235 [Listener at 127.0.0.1/41659] INFO  reflections.Reflections (Reflections.java:scan(232)) - Reflections took 105 ms to scan 7 urls, producing 132 keys and 321 values 
2022-07-30 01:49:55,259 [Listener at 127.0.0.1/41659] INFO  statemachine.DatanodeStateMachine (DatanodeStateMachine.java:getEndPointTaskThreadPoolSize(237)) - Datanode State Machine Task Thread Pool size 2
2022-07-30 01:49:55,262 [Listener at 127.0.0.1/41659] INFO  volume.HddsVolume (HddsVolume.java:<init>(116)) - Creating HddsVolume: /home/runner/work/ozone/ozone/hadoop-ozone/integration-test/target/test-dir/MiniOzoneClusterImpl-aa47c88b-9cdf-4da5-a3b2-16d3d6598e2f/datanode-2/data-0/containers/hdds of storage type : DISK capacity : 9223372036854775807
2022-07-30 01:49:55,262 [Listener at 127.0.0.1/41659] INFO  volume.MutableVolumeSet (MutableVolumeSet.java:initializeVolumeSet(174)) - Added Volume : /home/runner/work/ozone/ozone/hadoop-ozone/integration-test/target/test-dir/MiniOzoneClusterImpl-aa47c88b-9cdf-4da5-a3b2-16d3d6598e2f/datanode-2/data-0/containers/hdds to VolumeSet
2022-07-30 01:49:55,263 [Listener at 127.0.0.1/41659] INFO  volume.ThrottledAsyncChecker (ThrottledAsyncChecker.java:schedule(141)) - Scheduling a check for /home/runner/work/ozone/ozone/hadoop-ozone/integration-test/target/test-dir/MiniOzoneClusterImpl-aa47c88b-9cdf-4da5-a3b2-16d3d6598e2f/datanode-2/data-0/containers/hdds
2022-07-30 01:49:55,263 [Listener at 127.0.0.1/41659] INFO  volume.StorageVolumeChecker (StorageVolumeChecker.java:checkAllVolumes(202)) - Scheduled health check for volume /home/runner/work/ozone/ozone/hadoop-ozone/integration-test/target/test-dir/MiniOzoneClusterImpl-aa47c88b-9cdf-4da5-a3b2-16d3d6598e2f/datanode-2/data-0/containers/hdds
2022-07-30 01:49:55,278 [Listener at 127.0.0.1/41659] INFO  volume.MutableVolumeSet (MutableVolumeSet.java:initializeVolumeSet(174)) - Added Volume : /home/runner/work/ozone/ozone/hadoop-ozone/integration-test/target/test-dir/MiniOzoneClusterImpl-aa47c88b-9cdf-4da5-a3b2-16d3d6598e2f/datanode-2/data/ratis to VolumeSet
2022-07-30 01:49:55,278 [Listener at 127.0.0.1/41659] INFO  volume.ThrottledAsyncChecker (ThrottledAsyncChecker.java:schedule(141)) - Scheduling a check for /home/runner/work/ozone/ozone/hadoop-ozone/integration-test/target/test-dir/MiniOzoneClusterImpl-aa47c88b-9cdf-4da5-a3b2-16d3d6598e2f/datanode-2/data/ratis
2022-07-30 01:49:55,278 [Listener at 127.0.0.1/41659] INFO  volume.StorageVolumeChecker (StorageVolumeChecker.java:checkAllVolumes(202)) - Scheduled health check for volume /home/runner/work/ozone/ozone/hadoop-ozone/integration-test/target/test-dir/MiniOzoneClusterImpl-aa47c88b-9cdf-4da5-a3b2-16d3d6598e2f/datanode-2/data/ratis
2022-07-30 01:49:55,301 [Thread-1204] INFO  ozoneimpl.ContainerReader (ContainerReader.java:readVolume(175)) - Finish verifying containers on volume /home/runner/work/ozone/ozone/hadoop-ozone/integration-test/target/test-dir/MiniOzoneClusterImpl-aa47c88b-9cdf-4da5-a3b2-16d3d6598e2f/datanode-2/data-0/containers/hdds
2022-07-30 01:49:55,301 [Listener at 127.0.0.1/41659] INFO  ozoneimpl.OzoneContainer (OzoneContainer.java:buildContainerSet(299)) - Build ContainerSet costs 0s
2022-07-30 01:49:55,303 [Listener at 127.0.0.1/41659] INFO  server.RaftServer (ConfUtils.java:logGet(46)) - raft.rpc.type = GRPC (default)
2022-07-30 01:49:55,303 [Listener at 127.0.0.1/41659] INFO  grpc.GrpcFactory (GrpcFactory.java:checkPooledByteBufAllocatorUseCacheForAllThreads(48)) - PERFORMANCE WARNING: useCacheForAllThreads is true that may cause Netty to create a lot garbage objects and, as a result, trigger GC.
	It is recommended to disable useCacheForAllThreads by setting -Dorg.apache.ratis.thirdparty.io.netty.allocator.useCacheForAllThreads=false in command line.
2022-07-30 01:49:55,303 [Listener at 127.0.0.1/41659] INFO  grpc.GrpcConfigKeys (ConfUtils.java:logGet(46)) - raft.grpc.admin.port = 0 (custom)
2022-07-30 01:49:55,304 [Listener at 127.0.0.1/41659] INFO  grpc.GrpcConfigKeys (ConfUtils.java:logGet(46)) - raft.grpc.client.port = 0 (custom)
2022-07-30 01:49:55,306 [Listener at 127.0.0.1/41659] INFO  grpc.GrpcConfigKeys (ConfUtils.java:logGet(46)) - raft.grpc.server.port = 0 (default)
2022-07-30 01:49:55,306 [Listener at 127.0.0.1/41659] INFO  server.GrpcService (ConfUtils.java:logGet(46)) - raft.grpc.message.size.max = 32MB (=33554432) (custom)
2022-07-30 01:49:55,306 [Listener at 127.0.0.1/41659] INFO  server.RaftServerConfigKeys (ConfUtils.java:logGet(46)) - raft.server.log.appender.buffer.byte-limit = 33554432 (custom)
2022-07-30 01:49:55,306 [Listener at 127.0.0.1/41659] INFO  server.GrpcService (ConfUtils.java:logGet(46)) - raft.grpc.flow.control.window = 5MB (=5242880) (custom)
2022-07-30 01:49:55,307 [Listener at 127.0.0.1/41659] INFO  server.RaftServerConfigKeys (ConfUtils.java:logGet(46)) - raft.server.rpc.request.timeout = 60s (custom)
2022-07-30 01:49:55,307 [Listener at 127.0.0.1/41659] INFO  grpc.GrpcConfigKeys (ConfUtils.java:logGet(46)) - raft.grpc.server.async.request.thread.pool.cached = true (default)
2022-07-30 01:49:55,307 [Listener at 127.0.0.1/41659] INFO  grpc.GrpcConfigKeys (ConfUtils.java:logGet(46)) - raft.grpc.server.async.request.thread.pool.size = 32 (default)
2022-07-30 01:49:55,308 [Listener at 127.0.0.1/41659] INFO  impl.DataStreamServerImpl (ConfUtils.java:logGet(46)) - raft.datastream.type = DISABLED (default)
2022-07-30 01:49:55,308 [Listener at 127.0.0.1/41659] INFO  server.RaftServerConfigKeys (ConfUtils.java:logGet(46)) - raft.server.threadpool.proxy.cached = true (default)
2022-07-30 01:49:55,308 [Listener at 127.0.0.1/41659] INFO  server.RaftServerConfigKeys (ConfUtils.java:logGet(46)) - raft.server.threadpool.proxy.size = 0 (default)
2022-07-30 01:49:55,309 [Listener at 127.0.0.1/41659] INFO  server.RaftServerConfigKeys (ConfUtils.java:logGet(46)) - raft.server.rpc.slowness.timeout = 300s (custom)
2022-07-30 01:49:55,310 [Listener at 127.0.0.1/41659] INFO  server.RaftServerConfigKeys (ConfUtils.java:logGet(46)) - raft.server.leaderelection.leader.step-down.wait-time = 10s (default)
2022-07-30 01:49:55,310 [Listener at 127.0.0.1/41659] INFO  server.RaftServerConfigKeys (ConfUtils.java:logGet(46)) - raft.server.storage.dir = [/home/runner/work/ozone/ozone/hadoop-ozone/integration-test/target/test-dir/MiniOzoneClusterImpl-aa47c88b-9cdf-4da5-a3b2-16d3d6598e2f/datanode-2/data/ratis] (custom)
2022-07-30 01:49:55,311 [Listener at 127.0.0.1/41659] INFO  server.XceiverServerGrpc (XceiverServerGrpc.java:<init>(132)) - GrpcServer channel type EpollServerSocketChannel
2022-07-30 01:49:55,314 [Listener at 127.0.0.1/41659] INFO  http.BaseHttpServer (BaseHttpServer.java:newHttpServer2BuilderForOzone(209)) - Starting Web-server for hddsDatanode at: http://0.0.0.0:0
2022-07-30 01:49:55,314 [Listener at 127.0.0.1/41659] INFO  http.BaseHttpServer (BaseHttpServer.java:<init>(107)) - Hadoop Security Enabled: false Ozone Security Enabled: false Ozone HTTP Security Enabled: false 
2022-07-30 01:49:55,315 [Listener at 127.0.0.1/41659] INFO  server.AuthenticationFilter (AuthenticationFilter.java:constructSecretProvider(240)) - Unable to initialize FileSignerSecretProvider, falling back to use random secrets.
2022-07-30 01:49:55,320 [Listener at 127.0.0.1/41659] WARN  http.HttpRequestLog (HttpRequestLog.java:getRequestLog(103)) - Jetty request log can only be enabled using Log4j
2022-07-30 01:49:55,321 [Listener at 127.0.0.1/41659] INFO  http.HttpServer2 (HttpServer2.java:addGlobalFilter(1029)) - Added global filter 'safety' (class=org.apache.hadoop.hdds.server.http.HttpServer2$QuotingInputFilter)
2022-07-30 01:49:55,321 [Listener at 127.0.0.1/41659] INFO  http.HttpServer2 (HttpServer2.java:addFilter(1005)) - Added filter static_user_filter (class=org.apache.hadoop.http.lib.StaticUserWebFilter$StaticUserFilter) to context hddsDatanode
2022-07-30 01:49:55,322 [Listener at 127.0.0.1/41659] INFO  http.HttpServer2 (HttpServer2.java:addFilter(1013)) - Added filter static_user_filter (class=org.apache.hadoop.http.lib.StaticUserWebFilter$StaticUserFilter) to context logs
2022-07-30 01:49:55,322 [Listener at 127.0.0.1/41659] INFO  http.HttpServer2 (HttpServer2.java:addFilter(1013)) - Added filter static_user_filter (class=org.apache.hadoop.http.lib.StaticUserWebFilter$StaticUserFilter) to context static
2022-07-30 01:49:55,322 [Listener at 127.0.0.1/41659] INFO  http.HttpServer2 (HttpServer2.java:bindListener(1248)) - Jetty bound to port 42303
2022-07-30 01:49:55,322 [Listener at 127.0.0.1/41659] INFO  server.Server (Server.java:doStart(375)) - jetty-9.4.43.v20210629; built: 2021-06-30T11:07:22.254Z; git: 526006ecfa3af7f1a27ef3a288e2bef7ea9dd7e8; jvm 1.8.0_332-b09
2022-07-30 01:49:55,331 [Listener at 127.0.0.1/41659] INFO  server.session (DefaultSessionIdManager.java:doStart(334)) - DefaultSessionIdManager workerName=node0
2022-07-30 01:49:55,331 [Listener at 127.0.0.1/41659] INFO  server.session (DefaultSessionIdManager.java:doStart(339)) - No SessionScavenger set, using defaults
2022-07-30 01:49:55,331 [Listener at 127.0.0.1/41659] INFO  server.session (HouseKeeper.java:startScavenging(132)) - node0 Scavenging every 600000ms
2022-07-30 01:49:55,376 [Listener at 127.0.0.1/41659] INFO  handler.ContextHandler (ContextHandler.java:doStart(915)) - Started o.e.j.s.ServletContextHandler@1e88664d{logs,/logs,file:///home/runner/work/ozone/ozone/hadoop-ozone/integration-test/target/log,AVAILABLE}
2022-07-30 01:49:55,376 [Listener at 127.0.0.1/41659] INFO  handler.ContextHandler (ContextHandler.java:doStart(915)) - Started o.e.j.s.ServletContextHandler@2df6f170{static,/static,jar:file:/home/runner/.m2/repository/org/apache/ozone/hdds-container-service/1.3.0-SNAPSHOT/hdds-container-service-1.3.0-SNAPSHOT.jar!/webapps/static,AVAILABLE}
2022-07-30 01:49:55,787 [Listener at 127.0.0.1/41659] INFO  handler.ContextHandler (ContextHandler.java:doStart(915)) - Started o.e.j.w.WebAppContext@2d976e51{hddsDatanode,/,file:///tmp/jetty-0_0_0_0-42303-hdds-container-service-1_3_0-SNAPSHOT_jar-_-any-1666102155238627552/webapp/,AVAILABLE}{jar:file:/home/runner/.m2/repository/org/apache/ozone/hdds-container-service/1.3.0-SNAPSHOT/hdds-container-service-1.3.0-SNAPSHOT.jar!/webapps/hddsDatanode}
2022-07-30 01:49:55,804 [Listener at 127.0.0.1/41659] INFO  server.AbstractConnector (AbstractConnector.java:doStart(331)) - Started ServerConnector@6e746639{HTTP/1.1, (http/1.1)}{0.0.0.0:42303}
2022-07-30 01:49:55,805 [Listener at 127.0.0.1/41659] INFO  server.Server (Server.java:doStart(415)) - Started @165183ms
2022-07-30 01:49:55,805 [Listener at 127.0.0.1/41659] WARN  impl.MetricsSystemImpl (MetricsSystemImpl.java:register(279)) - Sink prometheus already exists!
2022-07-30 01:49:55,812 [Listener at 127.0.0.1/41659] INFO  http.BaseHttpServer (BaseHttpServer.java:updateConnectorAddress(329)) - HTTP server of hddsDatanode listening at http://0.0.0.0:42303
2022-07-30 01:49:55,816 [Listener at 127.0.0.1/41659] WARN  impl.MetricRegistriesImpl (MetricRegistriesImpl.java:addReporterRegistration(111)) - New reporters are added after registries were created. Some metrics will be missing from the reporter. Please add reporter before adding any new registry.
2022-07-30 01:49:55,816 [Listener at 127.0.0.1/41659] WARN  impl.MetricRegistriesImpl (MetricRegistriesImpl.java:addReporterRegistration(111)) - New reporters are added after registries were created. Some metrics will be missing from the reporter. Please add reporter before adding any new registry.
2022-07-30 01:49:55,817 [Listener at 127.0.0.1/41659] INFO  impl.MetricsSystemImpl (MetricsSystemImpl.java:init(158)) - HddsDatanode metrics system started (again)
2022-07-30 01:49:55,823 [Datanode State Machine Daemon Thread] INFO  statemachine.DatanodeStateMachine (DatanodeStateMachine.java:lambda$startDaemon$0(492)) - Ozone container server started.
2022-07-30 01:49:55,839 [org.apache.hadoop.util.JvmPauseMonitor$Monitor@1558ef13] INFO  util.JvmPauseMonitor (JvmPauseMonitor.java:run(188)) - Starting JVM pause monitor
2022-07-30 01:49:55,845 [Listener at 127.0.0.1/41659] INFO  ozone.HddsDatanodeService (HddsDatanodeService.java:start(236)) - HddsDatanodeService host:fv-az297-62.nmf1rxwemy4u5di1sxxf4ejcwb.jx.internal.cloudapp.net ip:10.1.0.37
2022-07-30 01:49:55,846 [Datanode State Machine Task Thread - 0] INFO  datanode.InitDatanodeState (InitDatanodeState.java:persistContainerDatanodeDetails(138)) - DatanodeDetails is persisted to /home/runner/work/ozone/ozone/hadoop-ozone/integration-test/target/test-dir/MiniOzoneClusterImpl-aa47c88b-9cdf-4da5-a3b2-16d3d6598e2f/datanode-2/meta/datanode.id
2022-07-30 01:49:55,906 [Listener at 127.0.0.1/41659] INFO  upgrade.AbstractLayoutVersionManager (AbstractLayoutVersionManager.java:init(83)) - Initializing Layout version manager with metadata layout = DATANODE_SCHEMA_V3 (version = 4), software layout = DATANODE_SCHEMA_V3 (version = 4)
2022-07-30 01:49:56,075 [Listener at 127.0.0.1/41659] INFO  reflections.Reflections (Reflections.java:scan(232)) - Reflections took 168 ms to scan 7 urls, producing 132 keys and 321 values 
2022-07-30 01:49:56,076 [Listener at 127.0.0.1/41659] INFO  statemachine.DatanodeStateMachine (DatanodeStateMachine.java:getEndPointTaskThreadPoolSize(237)) - Datanode State Machine Task Thread Pool size 2
2022-07-30 01:49:56,112 [Listener at 127.0.0.1/41659] INFO  volume.HddsVolume (HddsVolume.java:<init>(116)) - Creating HddsVolume: /home/runner/work/ozone/ozone/hadoop-ozone/integration-test/target/test-dir/MiniOzoneClusterImpl-aa47c88b-9cdf-4da5-a3b2-16d3d6598e2f/datanode-3/data-0/containers/hdds of storage type : DISK capacity : 9223372036854775807
2022-07-30 01:49:56,113 [Listener at 127.0.0.1/41659] INFO  volume.MutableVolumeSet (MutableVolumeSet.java:initializeVolumeSet(174)) - Added Volume : /home/runner/work/ozone/ozone/hadoop-ozone/integration-test/target/test-dir/MiniOzoneClusterImpl-aa47c88b-9cdf-4da5-a3b2-16d3d6598e2f/datanode-3/data-0/containers/hdds to VolumeSet
2022-07-30 01:49:56,113 [Listener at 127.0.0.1/41659] INFO  volume.ThrottledAsyncChecker (ThrottledAsyncChecker.java:schedule(141)) - Scheduling a check for /home/runner/work/ozone/ozone/hadoop-ozone/integration-test/target/test-dir/MiniOzoneClusterImpl-aa47c88b-9cdf-4da5-a3b2-16d3d6598e2f/datanode-3/data-0/containers/hdds
2022-07-30 01:49:56,125 [Listener at 127.0.0.1/41659] INFO  volume.StorageVolumeChecker (StorageVolumeChecker.java:checkAllVolumes(202)) - Scheduled health check for volume /home/runner/work/ozone/ozone/hadoop-ozone/integration-test/target/test-dir/MiniOzoneClusterImpl-aa47c88b-9cdf-4da5-a3b2-16d3d6598e2f/datanode-3/data-0/containers/hdds
2022-07-30 01:49:56,158 [Listener at 127.0.0.1/41659] INFO  volume.MutableVolumeSet (MutableVolumeSet.java:initializeVolumeSet(174)) - Added Volume : /home/runner/work/ozone/ozone/hadoop-ozone/integration-test/target/test-dir/MiniOzoneClusterImpl-aa47c88b-9cdf-4da5-a3b2-16d3d6598e2f/datanode-3/data/ratis to VolumeSet
2022-07-30 01:49:56,158 [Listener at 127.0.0.1/41659] INFO  volume.ThrottledAsyncChecker (ThrottledAsyncChecker.java:schedule(141)) - Scheduling a check for /home/runner/work/ozone/ozone/hadoop-ozone/integration-test/target/test-dir/MiniOzoneClusterImpl-aa47c88b-9cdf-4da5-a3b2-16d3d6598e2f/datanode-3/data/ratis
2022-07-30 01:49:56,211 [Listener at 127.0.0.1/41659] INFO  volume.StorageVolumeChecker (StorageVolumeChecker.java:checkAllVolumes(202)) - Scheduled health check for volume /home/runner/work/ozone/ozone/hadoop-ozone/integration-test/target/test-dir/MiniOzoneClusterImpl-aa47c88b-9cdf-4da5-a3b2-16d3d6598e2f/datanode-3/data/ratis
2022-07-30 01:49:56,253 [Thread-1217] INFO  ozoneimpl.ContainerReader (ContainerReader.java:readVolume(175)) - Finish verifying containers on volume /home/runner/work/ozone/ozone/hadoop-ozone/integration-test/target/test-dir/MiniOzoneClusterImpl-aa47c88b-9cdf-4da5-a3b2-16d3d6598e2f/datanode-3/data-0/containers/hdds
2022-07-30 01:49:56,253 [Listener at 127.0.0.1/41659] INFO  ozoneimpl.OzoneContainer (OzoneContainer.java:buildContainerSet(299)) - Build ContainerSet costs 0s
2022-07-30 01:49:56,267 [Listener at 127.0.0.1/41659] INFO  server.RaftServer (ConfUtils.java:logGet(46)) - raft.rpc.type = GRPC (default)
2022-07-30 01:49:56,267 [Listener at 127.0.0.1/41659] INFO  grpc.GrpcFactory (GrpcFactory.java:checkPooledByteBufAllocatorUseCacheForAllThreads(48)) - PERFORMANCE WARNING: useCacheForAllThreads is true that may cause Netty to create a lot garbage objects and, as a result, trigger GC.
	It is recommended to disable useCacheForAllThreads by setting -Dorg.apache.ratis.thirdparty.io.netty.allocator.useCacheForAllThreads=false in command line.
2022-07-30 01:49:56,268 [Listener at 127.0.0.1/41659] INFO  grpc.GrpcConfigKeys (ConfUtils.java:logGet(46)) - raft.grpc.admin.port = 0 (custom)
2022-07-30 01:49:56,268 [Listener at 127.0.0.1/41659] INFO  grpc.GrpcConfigKeys (ConfUtils.java:logGet(46)) - raft.grpc.client.port = 0 (custom)
2022-07-30 01:49:56,268 [Listener at 127.0.0.1/41659] INFO  grpc.GrpcConfigKeys (ConfUtils.java:logGet(46)) - raft.grpc.server.port = 0 (default)
2022-07-30 01:49:56,268 [Listener at 127.0.0.1/41659] INFO  server.GrpcService (ConfUtils.java:logGet(46)) - raft.grpc.message.size.max = 32MB (=33554432) (custom)
2022-07-30 01:49:56,268 [Listener at 127.0.0.1/41659] INFO  server.RaftServerConfigKeys (ConfUtils.java:logGet(46)) - raft.server.log.appender.buffer.byte-limit = 33554432 (custom)
2022-07-30 01:49:56,269 [Listener at 127.0.0.1/41659] INFO  server.GrpcService (ConfUtils.java:logGet(46)) - raft.grpc.flow.control.window = 5MB (=5242880) (custom)
2022-07-30 01:49:56,269 [Listener at 127.0.0.1/41659] INFO  server.RaftServerConfigKeys (ConfUtils.java:logGet(46)) - raft.server.rpc.request.timeout = 60s (custom)
2022-07-30 01:49:56,269 [Listener at 127.0.0.1/41659] INFO  grpc.GrpcConfigKeys (ConfUtils.java:logGet(46)) - raft.grpc.server.async.request.thread.pool.cached = true (default)
2022-07-30 01:49:56,269 [Listener at 127.0.0.1/41659] INFO  grpc.GrpcConfigKeys (ConfUtils.java:logGet(46)) - raft.grpc.server.async.request.thread.pool.size = 32 (default)
2022-07-30 01:49:56,273 [Listener at 127.0.0.1/41659] INFO  impl.DataStreamServerImpl (ConfUtils.java:logGet(46)) - raft.datastream.type = DISABLED (default)
2022-07-30 01:49:56,273 [Listener at 127.0.0.1/41659] INFO  server.RaftServerConfigKeys (ConfUtils.java:logGet(46)) - raft.server.threadpool.proxy.cached = true (default)
2022-07-30 01:49:56,274 [Listener at 127.0.0.1/41659] INFO  server.RaftServerConfigKeys (ConfUtils.java:logGet(46)) - raft.server.threadpool.proxy.size = 0 (default)
2022-07-30 01:49:56,274 [Listener at 127.0.0.1/41659] INFO  server.RaftServerConfigKeys (ConfUtils.java:logGet(46)) - raft.server.rpc.slowness.timeout = 300s (custom)
2022-07-30 01:49:56,274 [Listener at 127.0.0.1/41659] INFO  server.RaftServerConfigKeys (ConfUtils.java:logGet(46)) - raft.server.leaderelection.leader.step-down.wait-time = 10s (default)
2022-07-30 01:49:56,274 [Listener at 127.0.0.1/41659] INFO  server.RaftServerConfigKeys (ConfUtils.java:logGet(46)) - raft.server.storage.dir = [/home/runner/work/ozone/ozone/hadoop-ozone/integration-test/target/test-dir/MiniOzoneClusterImpl-aa47c88b-9cdf-4da5-a3b2-16d3d6598e2f/datanode-3/data/ratis] (custom)
2022-07-30 01:49:56,312 [Listener at 127.0.0.1/41659] INFO  server.XceiverServerGrpc (XceiverServerGrpc.java:<init>(132)) - GrpcServer channel type EpollServerSocketChannel
2022-07-30 01:49:56,321 [Listener at 127.0.0.1/41659] INFO  http.BaseHttpServer (BaseHttpServer.java:newHttpServer2BuilderForOzone(209)) - Starting Web-server for hddsDatanode at: http://0.0.0.0:0
2022-07-30 01:49:56,321 [Listener at 127.0.0.1/41659] INFO  http.BaseHttpServer (BaseHttpServer.java:<init>(107)) - Hadoop Security Enabled: false Ozone Security Enabled: false Ozone HTTP Security Enabled: false 
2022-07-30 01:49:56,356 [Listener at 127.0.0.1/41659] INFO  server.AuthenticationFilter (AuthenticationFilter.java:constructSecretProvider(240)) - Unable to initialize FileSignerSecretProvider, falling back to use random secrets.
2022-07-30 01:49:56,374 [Listener at 127.0.0.1/41659] WARN  http.HttpRequestLog (HttpRequestLog.java:getRequestLog(103)) - Jetty request log can only be enabled using Log4j
2022-07-30 01:49:56,375 [Listener at 127.0.0.1/41659] INFO  http.HttpServer2 (HttpServer2.java:addGlobalFilter(1029)) - Added global filter 'safety' (class=org.apache.hadoop.hdds.server.http.HttpServer2$QuotingInputFilter)
2022-07-30 01:49:56,375 [Listener at 127.0.0.1/41659] INFO  http.HttpServer2 (HttpServer2.java:addFilter(1005)) - Added filter static_user_filter (class=org.apache.hadoop.http.lib.StaticUserWebFilter$StaticUserFilter) to context hddsDatanode
2022-07-30 01:49:56,376 [Listener at 127.0.0.1/41659] INFO  http.HttpServer2 (HttpServer2.java:addFilter(1013)) - Added filter static_user_filter (class=org.apache.hadoop.http.lib.StaticUserWebFilter$StaticUserFilter) to context static
2022-07-30 01:49:56,376 [Listener at 127.0.0.1/41659] INFO  http.HttpServer2 (HttpServer2.java:addFilter(1013)) - Added filter static_user_filter (class=org.apache.hadoop.http.lib.StaticUserWebFilter$StaticUserFilter) to context logs
2022-07-30 01:49:56,376 [Listener at 127.0.0.1/41659] INFO  http.HttpServer2 (HttpServer2.java:bindListener(1248)) - Jetty bound to port 39617
2022-07-30 01:49:56,376 [Listener at 127.0.0.1/41659] INFO  server.Server (Server.java:doStart(375)) - jetty-9.4.43.v20210629; built: 2021-06-30T11:07:22.254Z; git: 526006ecfa3af7f1a27ef3a288e2bef7ea9dd7e8; jvm 1.8.0_332-b09
2022-07-30 01:49:56,384 [EndpointStateMachine task thread for /0.0.0.0:33937 - 0 ] INFO  volume.HddsVolume (HddsVolume.java:createDbStore(309)) - SchemaV3 db is created and loaded at /home/runner/work/ozone/ozone/hadoop-ozone/integration-test/target/test-dir/MiniOzoneClusterImpl-aa47c88b-9cdf-4da5-a3b2-16d3d6598e2f/datanode-0/data-0/containers/hdds/aa47c88b-9cdf-4da5-a3b2-16d3d6598e2f/DS-0977cb35-acb3-4bbe-a8cc-6d8c41e4b9c4/container.db for volume DS-0977cb35-acb3-4bbe-a8cc-6d8c41e4b9c4
2022-07-30 01:49:56,399 [Listener at 127.0.0.1/41659] INFO  server.session (DefaultSessionIdManager.java:doStart(334)) - DefaultSessionIdManager workerName=node0
2022-07-30 01:49:56,399 [Listener at 127.0.0.1/41659] INFO  server.session (DefaultSessionIdManager.java:doStart(339)) - No SessionScavenger set, using defaults
2022-07-30 01:49:56,402 [Listener at 127.0.0.1/41659] INFO  server.session (HouseKeeper.java:startScavenging(132)) - node0 Scavenging every 600000ms
2022-07-30 01:49:56,402 [EndpointStateMachine task thread for /0.0.0.0:33937 - 0 ] INFO  volume.HddsVolume (HddsVolume.java:closeDbStore(340)) - SchemaV3 db is stopped at /home/runner/work/ozone/ozone/hadoop-ozone/integration-test/target/test-dir/MiniOzoneClusterImpl-aa47c88b-9cdf-4da5-a3b2-16d3d6598e2f/datanode-0/data-0/containers/hdds/aa47c88b-9cdf-4da5-a3b2-16d3d6598e2f/DS-0977cb35-acb3-4bbe-a8cc-6d8c41e4b9c4/container.db for volume DS-0977cb35-acb3-4bbe-a8cc-6d8c41e4b9c4
2022-07-30 01:49:56,402 [EndpointStateMachine task thread for /0.0.0.0:33937 - 0 ] INFO  ozoneimpl.OzoneContainer (OzoneContainer.java:start(377)) - Attempting to start container services.
2022-07-30 01:49:56,402 [EndpointStateMachine task thread for /0.0.0.0:33937 - 0 ] INFO  ozoneimpl.OzoneContainer (OzoneContainer.java:startContainerScrub(312)) - Background container scanner has been disabled.
2022-07-30 01:49:56,403 [Listener at 127.0.0.1/41659] INFO  handler.ContextHandler (ContextHandler.java:doStart(915)) - Started o.e.j.s.ServletContextHandler@499054ac{logs,/logs,file:///home/runner/work/ozone/ozone/hadoop-ozone/integration-test/target/log,AVAILABLE}
2022-07-30 01:49:56,403 [Listener at 127.0.0.1/41659] INFO  handler.ContextHandler (ContextHandler.java:doStart(915)) - Started o.e.j.s.ServletContextHandler@250cbfdf{static,/static,jar:file:/home/runner/.m2/repository/org/apache/ozone/hdds-container-service/1.3.0-SNAPSHOT/hdds-container-service-1.3.0-SNAPSHOT.jar!/webapps/static,AVAILABLE}
2022-07-30 01:49:56,448 [EndpointStateMachine task thread for /0.0.0.0:33937 - 0 ] INFO  replication.ReplicationServer (ReplicationServer.java:start(111)) - ReplicationServer is started using port 45321
2022-07-30 01:49:56,448 [EndpointStateMachine task thread for /0.0.0.0:33937 - 0 ] INFO  ratis.XceiverServerRatis (XceiverServerRatis.java:start(481)) - Starting XceiverServerRatis fffd16ef-e5b7-4790-a173-7212d78e76a6
2022-07-30 01:49:56,449 [EndpointStateMachine task thread for /0.0.0.0:33937 - 0 ] INFO  server.RaftServer (RaftServerProxy.java:lambda$start$6(382)) - fffd16ef-e5b7-4790-a173-7212d78e76a6: start RPC server
2022-07-30 01:49:56,461 [EndpointStateMachine task thread for /0.0.0.0:33937 - 0 ] INFO  server.GrpcService (GrpcService.java:startImpl(260)) - fffd16ef-e5b7-4790-a173-7212d78e76a6: GrpcService started, listening on 35259
2022-07-30 01:49:56,461 [EndpointStateMachine task thread for /0.0.0.0:33937 - 0 ] INFO  ratis.XceiverServerRatis (XceiverServerRatis.java:getRealPort(502)) - XceiverServerRatis fffd16ef-e5b7-4790-a173-7212d78e76a6 is started using port 35259 for RATIS
2022-07-30 01:49:56,461 [EndpointStateMachine task thread for /0.0.0.0:33937 - 0 ] INFO  ratis.XceiverServerRatis (XceiverServerRatis.java:getRealPort(502)) - XceiverServerRatis fffd16ef-e5b7-4790-a173-7212d78e76a6 is started using port 35259 for RATIS_ADMIN
2022-07-30 01:49:56,461 [EndpointStateMachine task thread for /0.0.0.0:33937 - 0 ] INFO  ratis.XceiverServerRatis (XceiverServerRatis.java:getRealPort(502)) - XceiverServerRatis fffd16ef-e5b7-4790-a173-7212d78e76a6 is started using port 35259 for RATIS_SERVER
2022-07-30 01:49:56,462 [org.apache.ratis.util.JvmPauseMonitor$$Lambda$615/1033062816@707b8cc5] INFO  util.JvmPauseMonitor (JvmPauseMonitor.java:run(103)) - JvmPauseMonitor-fffd16ef-e5b7-4790-a173-7212d78e76a6: Started
2022-07-30 01:49:56,513 [EndpointStateMachine task thread for /0.0.0.0:33937 - 0 ] INFO  server.XceiverServerGrpc (XceiverServerGrpc.java:start(180)) - XceiverServerGrpc fffd16ef-e5b7-4790-a173-7212d78e76a6 is started using port 34937
2022-07-30 01:49:56,843 [Listener at 127.0.0.1/41659] INFO  handler.ContextHandler (ContextHandler.java:doStart(915)) - Started o.e.j.w.WebAppContext@274bd56{hddsDatanode,/,file:///tmp/jetty-0_0_0_0-39617-hdds-container-service-1_3_0-SNAPSHOT_jar-_-any-5821750752687024821/webapp/,AVAILABLE}{jar:file:/home/runner/.m2/repository/org/apache/ozone/hdds-container-service/1.3.0-SNAPSHOT/hdds-container-service-1.3.0-SNAPSHOT.jar!/webapps/hddsDatanode}
2022-07-30 01:49:56,895 [Listener at 127.0.0.1/41659] INFO  server.AbstractConnector (AbstractConnector.java:doStart(331)) - Started ServerConnector@4c89f60b{HTTP/1.1, (http/1.1)}{0.0.0.0:39617}
2022-07-30 01:49:56,896 [Listener at 127.0.0.1/41659] INFO  server.Server (Server.java:doStart(415)) - Started @166274ms
2022-07-30 01:49:56,896 [Listener at 127.0.0.1/41659] WARN  impl.MetricsSystemImpl (MetricsSystemImpl.java:register(279)) - Sink prometheus already exists!
2022-07-30 01:49:56,900 [Listener at 127.0.0.1/41659] INFO  http.BaseHttpServer (BaseHttpServer.java:updateConnectorAddress(329)) - HTTP server of hddsDatanode listening at http://0.0.0.0:39617
2022-07-30 01:49:56,930 [Listener at 127.0.0.1/41659] WARN  impl.MetricRegistriesImpl (MetricRegistriesImpl.java:addReporterRegistration(111)) - New reporters are added after registries were created. Some metrics will be missing from the reporter. Please add reporter before adding any new registry.
2022-07-30 01:49:56,930 [Listener at 127.0.0.1/41659] WARN  impl.MetricRegistriesImpl (MetricRegistriesImpl.java:addReporterRegistration(111)) - New reporters are added after registries were created. Some metrics will be missing from the reporter. Please add reporter before adding any new registry.
2022-07-30 01:49:56,930 [Listener at 127.0.0.1/41659] INFO  impl.MetricsSystemImpl (MetricsSystemImpl.java:init(158)) - HddsDatanode metrics system started (again)
2022-07-30 01:49:56,941 [Datanode State Machine Daemon Thread] INFO  statemachine.DatanodeStateMachine (DatanodeStateMachine.java:lambda$startDaemon$0(492)) - Ozone container server started.
2022-07-30 01:49:56,975 [org.apache.hadoop.util.JvmPauseMonitor$Monitor@f4a97ed] INFO  util.JvmPauseMonitor (JvmPauseMonitor.java:run(188)) - Starting JVM pause monitor
2022-07-30 01:49:56,990 [Listener at 127.0.0.1/41659] INFO  ozone.HddsDatanodeService (HddsDatanodeService.java:start(236)) - HddsDatanodeService host:fv-az297-62.nmf1rxwemy4u5di1sxxf4ejcwb.jx.internal.cloudapp.net ip:10.1.0.37
2022-07-30 01:49:56,998 [Datanode State Machine Task Thread - 0] INFO  datanode.InitDatanodeState (InitDatanodeState.java:persistContainerDatanodeDetails(138)) - DatanodeDetails is persisted to /home/runner/work/ozone/ozone/hadoop-ozone/integration-test/target/test-dir/MiniOzoneClusterImpl-aa47c88b-9cdf-4da5-a3b2-16d3d6598e2f/datanode-3/meta/datanode.id
2022-07-30 01:49:57,028 [Listener at 127.0.0.1/41659] INFO  upgrade.AbstractLayoutVersionManager (AbstractLayoutVersionManager.java:init(83)) - Initializing Layout version manager with metadata layout = DATANODE_SCHEMA_V3 (version = 4), software layout = DATANODE_SCHEMA_V3 (version = 4)
2022-07-30 01:49:57,106 [Listener at 127.0.0.1/41659] INFO  reflections.Reflections (Reflections.java:scan(232)) - Reflections took 77 ms to scan 7 urls, producing 132 keys and 321 values 
2022-07-30 01:49:57,109 [Listener at 127.0.0.1/41659] INFO  statemachine.DatanodeStateMachine (DatanodeStateMachine.java:getEndPointTaskThreadPoolSize(237)) - Datanode State Machine Task Thread Pool size 2
2022-07-30 01:49:57,123 [Listener at 127.0.0.1/41659] INFO  volume.HddsVolume (HddsVolume.java:<init>(116)) - Creating HddsVolume: /home/runner/work/ozone/ozone/hadoop-ozone/integration-test/target/test-dir/MiniOzoneClusterImpl-aa47c88b-9cdf-4da5-a3b2-16d3d6598e2f/datanode-4/data-0/containers/hdds of storage type : DISK capacity : 9223372036854775807
2022-07-30 01:49:57,124 [Listener at 127.0.0.1/41659] INFO  volume.MutableVolumeSet (MutableVolumeSet.java:initializeVolumeSet(174)) - Added Volume : /home/runner/work/ozone/ozone/hadoop-ozone/integration-test/target/test-dir/MiniOzoneClusterImpl-aa47c88b-9cdf-4da5-a3b2-16d3d6598e2f/datanode-4/data-0/containers/hdds to VolumeSet
2022-07-30 01:49:57,124 [Listener at 127.0.0.1/41659] INFO  volume.ThrottledAsyncChecker (ThrottledAsyncChecker.java:schedule(141)) - Scheduling a check for /home/runner/work/ozone/ozone/hadoop-ozone/integration-test/target/test-dir/MiniOzoneClusterImpl-aa47c88b-9cdf-4da5-a3b2-16d3d6598e2f/datanode-4/data-0/containers/hdds
2022-07-30 01:49:57,144 [Listener at 127.0.0.1/41659] INFO  volume.StorageVolumeChecker (StorageVolumeChecker.java:checkAllVolumes(202)) - Scheduled health check for volume /home/runner/work/ozone/ozone/hadoop-ozone/integration-test/target/test-dir/MiniOzoneClusterImpl-aa47c88b-9cdf-4da5-a3b2-16d3d6598e2f/datanode-4/data-0/containers/hdds
2022-07-30 01:49:57,168 [Listener at 127.0.0.1/41659] INFO  volume.MutableVolumeSet (MutableVolumeSet.java:initializeVolumeSet(174)) - Added Volume : /home/runner/work/ozone/ozone/hadoop-ozone/integration-test/target/test-dir/MiniOzoneClusterImpl-aa47c88b-9cdf-4da5-a3b2-16d3d6598e2f/datanode-4/data/ratis to VolumeSet
2022-07-30 01:49:57,169 [Listener at 127.0.0.1/41659] INFO  volume.ThrottledAsyncChecker (ThrottledAsyncChecker.java:schedule(141)) - Scheduling a check for /home/runner/work/ozone/ozone/hadoop-ozone/integration-test/target/test-dir/MiniOzoneClusterImpl-aa47c88b-9cdf-4da5-a3b2-16d3d6598e2f/datanode-4/data/ratis
2022-07-30 01:49:57,169 [Listener at 127.0.0.1/41659] INFO  volume.StorageVolumeChecker (StorageVolumeChecker.java:checkAllVolumes(202)) - Scheduled health check for volume /home/runner/work/ozone/ozone/hadoop-ozone/integration-test/target/test-dir/MiniOzoneClusterImpl-aa47c88b-9cdf-4da5-a3b2-16d3d6598e2f/datanode-4/data/ratis
2022-07-30 01:49:57,200 [EndpointStateMachine task thread for /0.0.0.0:33937 - 0 ] INFO  volume.HddsVolume (HddsVolume.java:createDbStore(309)) - SchemaV3 db is created and loaded at /home/runner/work/ozone/ozone/hadoop-ozone/integration-test/target/test-dir/MiniOzoneClusterImpl-aa47c88b-9cdf-4da5-a3b2-16d3d6598e2f/datanode-1/data-0/containers/hdds/aa47c88b-9cdf-4da5-a3b2-16d3d6598e2f/DS-876eb151-8551-452d-a1f9-ca80cb3d5e5a/container.db for volume DS-876eb151-8551-452d-a1f9-ca80cb3d5e5a
2022-07-30 01:49:57,216 [EndpointStateMachine task thread for /0.0.0.0:33937 - 0 ] INFO  volume.HddsVolume (HddsVolume.java:closeDbStore(340)) - SchemaV3 db is stopped at /home/runner/work/ozone/ozone/hadoop-ozone/integration-test/target/test-dir/MiniOzoneClusterImpl-aa47c88b-9cdf-4da5-a3b2-16d3d6598e2f/datanode-1/data-0/containers/hdds/aa47c88b-9cdf-4da5-a3b2-16d3d6598e2f/DS-876eb151-8551-452d-a1f9-ca80cb3d5e5a/container.db for volume DS-876eb151-8551-452d-a1f9-ca80cb3d5e5a
2022-07-30 01:49:57,216 [EndpointStateMachine task thread for /0.0.0.0:33937 - 0 ] INFO  ozoneimpl.OzoneContainer (OzoneContainer.java:start(377)) - Attempting to start container services.
2022-07-30 01:49:57,216 [EndpointStateMachine task thread for /0.0.0.0:33937 - 0 ] INFO  ozoneimpl.OzoneContainer (OzoneContainer.java:startContainerScrub(312)) - Background container scanner has been disabled.
2022-07-30 01:49:57,219 [EndpointStateMachine task thread for /0.0.0.0:33937 - 0 ] INFO  replication.ReplicationServer (ReplicationServer.java:start(111)) - ReplicationServer is started using port 40773
2022-07-30 01:49:57,219 [EndpointStateMachine task thread for /0.0.0.0:33937 - 0 ] INFO  ratis.XceiverServerRatis (XceiverServerRatis.java:start(481)) - Starting XceiverServerRatis fb78403e-0909-4251-8a90-abb070a55978
2022-07-30 01:49:57,220 [EndpointStateMachine task thread for /0.0.0.0:33937 - 0 ] INFO  server.RaftServer (RaftServerProxy.java:lambda$start$6(382)) - fb78403e-0909-4251-8a90-abb070a55978: start RPC server
2022-07-30 01:49:57,225 [EndpointStateMachine task thread for /0.0.0.0:33937 - 0 ] INFO  server.GrpcService (GrpcService.java:startImpl(260)) - fb78403e-0909-4251-8a90-abb070a55978: GrpcService started, listening on 34863
2022-07-30 01:49:57,225 [EndpointStateMachine task thread for /0.0.0.0:33937 - 0 ] INFO  ratis.XceiverServerRatis (XceiverServerRatis.java:getRealPort(502)) - XceiverServerRatis fb78403e-0909-4251-8a90-abb070a55978 is started using port 34863 for RATIS
2022-07-30 01:49:57,225 [EndpointStateMachine task thread for /0.0.0.0:33937 - 0 ] INFO  ratis.XceiverServerRatis (XceiverServerRatis.java:getRealPort(502)) - XceiverServerRatis fb78403e-0909-4251-8a90-abb070a55978 is started using port 34863 for RATIS_ADMIN
2022-07-30 01:49:57,225 [EndpointStateMachine task thread for /0.0.0.0:33937 - 0 ] INFO  ratis.XceiverServerRatis (XceiverServerRatis.java:getRealPort(502)) - XceiverServerRatis fb78403e-0909-4251-8a90-abb070a55978 is started using port 34863 for RATIS_SERVER
2022-07-30 01:49:57,226 [org.apache.ratis.util.JvmPauseMonitor$$Lambda$615/1033062816@5663cfb0] INFO  util.JvmPauseMonitor (JvmPauseMonitor.java:run(103)) - JvmPauseMonitor-fb78403e-0909-4251-8a90-abb070a55978: Started
2022-07-30 01:49:57,235 [Thread-1237] INFO  ozoneimpl.ContainerReader (ContainerReader.java:readVolume(175)) - Finish verifying containers on volume /home/runner/work/ozone/ozone/hadoop-ozone/integration-test/target/test-dir/MiniOzoneClusterImpl-aa47c88b-9cdf-4da5-a3b2-16d3d6598e2f/datanode-4/data-0/containers/hdds
2022-07-30 01:49:57,235 [Listener at 127.0.0.1/41659] INFO  ozoneimpl.OzoneContainer (OzoneContainer.java:buildContainerSet(299)) - Build ContainerSet costs 0s
2022-07-30 01:49:57,253 [Listener at 127.0.0.1/41659] INFO  server.RaftServer (ConfUtils.java:logGet(46)) - raft.rpc.type = GRPC (default)
2022-07-30 01:49:57,254 [Listener at 127.0.0.1/41659] INFO  grpc.GrpcFactory (GrpcFactory.java:checkPooledByteBufAllocatorUseCacheForAllThreads(48)) - PERFORMANCE WARNING: useCacheForAllThreads is true that may cause Netty to create a lot garbage objects and, as a result, trigger GC.
	It is recommended to disable useCacheForAllThreads by setting -Dorg.apache.ratis.thirdparty.io.netty.allocator.useCacheForAllThreads=false in command line.
2022-07-30 01:49:57,254 [Listener at 127.0.0.1/41659] INFO  grpc.GrpcConfigKeys (ConfUtils.java:logGet(46)) - raft.grpc.admin.port = 0 (custom)
2022-07-30 01:49:57,254 [Listener at 127.0.0.1/41659] INFO  grpc.GrpcConfigKeys (ConfUtils.java:logGet(46)) - raft.grpc.client.port = 0 (custom)
2022-07-30 01:49:57,254 [Listener at 127.0.0.1/41659] INFO  grpc.GrpcConfigKeys (ConfUtils.java:logGet(46)) - raft.grpc.server.port = 0 (default)
2022-07-30 01:49:57,254 [Listener at 127.0.0.1/41659] INFO  server.GrpcService (ConfUtils.java:logGet(46)) - raft.grpc.message.size.max = 32MB (=33554432) (custom)
2022-07-30 01:49:57,254 [Listener at 127.0.0.1/41659] INFO  server.RaftServerConfigKeys (ConfUtils.java:logGet(46)) - raft.server.log.appender.buffer.byte-limit = 33554432 (custom)
2022-07-30 01:49:57,254 [Listener at 127.0.0.1/41659] INFO  server.GrpcService (ConfUtils.java:logGet(46)) - raft.grpc.flow.control.window = 5MB (=5242880) (custom)
2022-07-30 01:49:57,255 [Listener at 127.0.0.1/41659] INFO  server.RaftServerConfigKeys (ConfUtils.java:logGet(46)) - raft.server.rpc.request.timeout = 60s (custom)
2022-07-30 01:49:57,255 [Listener at 127.0.0.1/41659] INFO  grpc.GrpcConfigKeys (ConfUtils.java:logGet(46)) - raft.grpc.server.async.request.thread.pool.cached = true (default)
2022-07-30 01:49:57,255 [Listener at 127.0.0.1/41659] INFO  grpc.GrpcConfigKeys (ConfUtils.java:logGet(46)) - raft.grpc.server.async.request.thread.pool.size = 32 (default)
2022-07-30 01:49:57,262 [EndpointStateMachine task thread for /0.0.0.0:33937 - 0 ] INFO  server.XceiverServerGrpc (XceiverServerGrpc.java:start(180)) - XceiverServerGrpc fb78403e-0909-4251-8a90-abb070a55978 is started using port 33057
2022-07-30 01:49:57,283 [Listener at 127.0.0.1/41659] INFO  impl.DataStreamServerImpl (ConfUtils.java:logGet(46)) - raft.datastream.type = DISABLED (default)
2022-07-30 01:49:57,283 [Listener at 127.0.0.1/41659] INFO  server.RaftServerConfigKeys (ConfUtils.java:logGet(46)) - raft.server.threadpool.proxy.cached = true (default)
2022-07-30 01:49:57,283 [Listener at 127.0.0.1/41659] INFO  server.RaftServerConfigKeys (ConfUtils.java:logGet(46)) - raft.server.threadpool.proxy.size = 0 (default)
2022-07-30 01:49:57,283 [Listener at 127.0.0.1/41659] INFO  server.RaftServerConfigKeys (ConfUtils.java:logGet(46)) - raft.server.rpc.slowness.timeout = 300s (custom)
2022-07-30 01:49:57,284 [Listener at 127.0.0.1/41659] INFO  server.RaftServerConfigKeys (ConfUtils.java:logGet(46)) - raft.server.leaderelection.leader.step-down.wait-time = 10s (default)
2022-07-30 01:49:57,284 [Listener at 127.0.0.1/41659] INFO  server.RaftServerConfigKeys (ConfUtils.java:logGet(46)) - raft.server.storage.dir = [/home/runner/work/ozone/ozone/hadoop-ozone/integration-test/target/test-dir/MiniOzoneClusterImpl-aa47c88b-9cdf-4da5-a3b2-16d3d6598e2f/datanode-4/data/ratis] (custom)
2022-07-30 01:49:57,286 [Listener at 127.0.0.1/41659] INFO  server.XceiverServerGrpc (XceiverServerGrpc.java:<init>(132)) - GrpcServer channel type EpollServerSocketChannel
2022-07-30 01:49:57,296 [Listener at 127.0.0.1/41659] INFO  http.BaseHttpServer (BaseHttpServer.java:newHttpServer2BuilderForOzone(209)) - Starting Web-server for hddsDatanode at: http://0.0.0.0:0
2022-07-30 01:49:57,296 [Listener at 127.0.0.1/41659] INFO  http.BaseHttpServer (BaseHttpServer.java:<init>(107)) - Hadoop Security Enabled: false Ozone Security Enabled: false Ozone HTTP Security Enabled: false 
2022-07-30 01:49:57,298 [Listener at 127.0.0.1/41659] INFO  server.AuthenticationFilter (AuthenticationFilter.java:constructSecretProvider(240)) - Unable to initialize FileSignerSecretProvider, falling back to use random secrets.
2022-07-30 01:49:57,298 [Listener at 127.0.0.1/41659] WARN  http.HttpRequestLog (HttpRequestLog.java:getRequestLog(103)) - Jetty request log can only be enabled using Log4j
2022-07-30 01:49:57,299 [Listener at 127.0.0.1/41659] INFO  http.HttpServer2 (HttpServer2.java:addGlobalFilter(1029)) - Added global filter 'safety' (class=org.apache.hadoop.hdds.server.http.HttpServer2$QuotingInputFilter)
2022-07-30 01:49:57,300 [Listener at 127.0.0.1/41659] INFO  http.HttpServer2 (HttpServer2.java:addFilter(1005)) - Added filter static_user_filter (class=org.apache.hadoop.http.lib.StaticUserWebFilter$StaticUserFilter) to context hddsDatanode
2022-07-30 01:49:57,300 [Listener at 127.0.0.1/41659] INFO  http.HttpServer2 (HttpServer2.java:addFilter(1013)) - Added filter static_user_filter (class=org.apache.hadoop.http.lib.StaticUserWebFilter$StaticUserFilter) to context static
2022-07-30 01:49:57,300 [Listener at 127.0.0.1/41659] INFO  http.HttpServer2 (HttpServer2.java:addFilter(1013)) - Added filter static_user_filter (class=org.apache.hadoop.http.lib.StaticUserWebFilter$StaticUserFilter) to context logs
2022-07-30 01:49:57,300 [Listener at 127.0.0.1/41659] INFO  http.HttpServer2 (HttpServer2.java:bindListener(1248)) - Jetty bound to port 37965
2022-07-30 01:49:57,300 [Listener at 127.0.0.1/41659] INFO  server.Server (Server.java:doStart(375)) - jetty-9.4.43.v20210629; built: 2021-06-30T11:07:22.254Z; git: 526006ecfa3af7f1a27ef3a288e2bef7ea9dd7e8; jvm 1.8.0_332-b09
2022-07-30 01:49:57,337 [Listener at 127.0.0.1/41659] INFO  server.session (DefaultSessionIdManager.java:doStart(334)) - DefaultSessionIdManager workerName=node0
2022-07-30 01:49:57,337 [Listener at 127.0.0.1/41659] INFO  server.session (DefaultSessionIdManager.java:doStart(339)) - No SessionScavenger set, using defaults
2022-07-30 01:49:57,337 [Listener at 127.0.0.1/41659] INFO  server.session (HouseKeeper.java:startScavenging(132)) - node0 Scavenging every 600000ms
2022-07-30 01:49:57,338 [Listener at 127.0.0.1/41659] INFO  handler.ContextHandler (ContextHandler.java:doStart(915)) - Started o.e.j.s.ServletContextHandler@735a9993{logs,/logs,file:///home/runner/work/ozone/ozone/hadoop-ozone/integration-test/target/log,AVAILABLE}
2022-07-30 01:49:57,339 [Listener at 127.0.0.1/41659] INFO  handler.ContextHandler (ContextHandler.java:doStart(915)) - Started o.e.j.s.ServletContextHandler@25525c7a{static,/static,jar:file:/home/runner/.m2/repository/org/apache/ozone/hdds-container-service/1.3.0-SNAPSHOT/hdds-container-service-1.3.0-SNAPSHOT.jar!/webapps/static,AVAILABLE}
2022-07-30 01:49:57,786 [Listener at 127.0.0.1/41659] INFO  handler.ContextHandler (ContextHandler.java:doStart(915)) - Started o.e.j.w.WebAppContext@cc2089{hddsDatanode,/,file:///tmp/jetty-0_0_0_0-37965-hdds-container-service-1_3_0-SNAPSHOT_jar-_-any-2330210199737833151/webapp/,AVAILABLE}{jar:file:/home/runner/.m2/repository/org/apache/ozone/hdds-container-service/1.3.0-SNAPSHOT/hdds-container-service-1.3.0-SNAPSHOT.jar!/webapps/hddsDatanode}
2022-07-30 01:49:57,804 [Listener at 127.0.0.1/41659] INFO  server.AbstractConnector (AbstractConnector.java:doStart(331)) - Started ServerConnector@1449ffba{HTTP/1.1, (http/1.1)}{0.0.0.0:37965}
2022-07-30 01:49:57,804 [Listener at 127.0.0.1/41659] INFO  server.Server (Server.java:doStart(415)) - Started @167183ms
2022-07-30 01:49:57,804 [Listener at 127.0.0.1/41659] WARN  impl.MetricsSystemImpl (MetricsSystemImpl.java:register(279)) - Sink prometheus already exists!
2022-07-30 01:49:57,806 [Listener at 127.0.0.1/41659] INFO  http.BaseHttpServer (BaseHttpServer.java:updateConnectorAddress(329)) - HTTP server of hddsDatanode listening at http://0.0.0.0:37965
2022-07-30 01:49:57,809 [Listener at 127.0.0.1/41659] INFO  ozone.MiniOzoneClusterImpl (MiniOzoneClusterImpl.java:lambda$waitForClusterToBeReady$0(216)) - Waiting for nodes to be ready. Got 0 of 5 DN Heartbeats.
2022-07-30 01:49:57,810 [Listener at 127.0.0.1/41659] INFO  ozone.MiniOzoneClusterImpl (MiniOzoneClusterImpl.java:lambda$waitForClusterToBeReady$0(219)) - Waiting for cluster to exit safe mode
2022-07-30 01:49:57,810 [Listener at 127.0.0.1/41659] INFO  ozone.MiniOzoneClusterImpl (MiniOzoneClusterImpl.java:lambda$waitForClusterToBeReady$0(221)) - SCM became leader
2022-07-30 01:49:57,813 [Datanode State Machine Daemon Thread] INFO  statemachine.DatanodeStateMachine (DatanodeStateMachine.java:lambda$startDaemon$0(492)) - Ozone container server started.
2022-07-30 01:49:57,895 [Datanode State Machine Task Thread - 0] INFO  datanode.InitDatanodeState (InitDatanodeState.java:persistContainerDatanodeDetails(138)) - DatanodeDetails is persisted to /home/runner/work/ozone/ozone/hadoop-ozone/integration-test/target/test-dir/MiniOzoneClusterImpl-aa47c88b-9cdf-4da5-a3b2-16d3d6598e2f/datanode-4/meta/datanode.id
2022-07-30 01:49:57,904 [org.apache.hadoop.util.JvmPauseMonitor$Monitor@67141751] INFO  util.JvmPauseMonitor (JvmPauseMonitor.java:run(188)) - Starting JVM pause monitor
2022-07-30 01:49:57,967 [EndpointStateMachine task thread for /0.0.0.0:33937 - 0 ] INFO  volume.HddsVolume (HddsVolume.java:createDbStore(309)) - SchemaV3 db is created and loaded at /home/runner/work/ozone/ozone/hadoop-ozone/integration-test/target/test-dir/MiniOzoneClusterImpl-aa47c88b-9cdf-4da5-a3b2-16d3d6598e2f/datanode-2/data-0/containers/hdds/aa47c88b-9cdf-4da5-a3b2-16d3d6598e2f/DS-8da0f75e-2d63-40e7-abbc-99662fd355c8/container.db for volume DS-8da0f75e-2d63-40e7-abbc-99662fd355c8
2022-07-30 01:49:57,980 [EndpointStateMachine task thread for /0.0.0.0:33937 - 0 ] INFO  volume.HddsVolume (HddsVolume.java:closeDbStore(340)) - SchemaV3 db is stopped at /home/runner/work/ozone/ozone/hadoop-ozone/integration-test/target/test-dir/MiniOzoneClusterImpl-aa47c88b-9cdf-4da5-a3b2-16d3d6598e2f/datanode-2/data-0/containers/hdds/aa47c88b-9cdf-4da5-a3b2-16d3d6598e2f/DS-8da0f75e-2d63-40e7-abbc-99662fd355c8/container.db for volume DS-8da0f75e-2d63-40e7-abbc-99662fd355c8
2022-07-30 01:49:57,980 [EndpointStateMachine task thread for /0.0.0.0:33937 - 0 ] INFO  ozoneimpl.OzoneContainer (OzoneContainer.java:start(377)) - Attempting to start container services.
2022-07-30 01:49:57,982 [EndpointStateMachine task thread for /0.0.0.0:33937 - 0 ] INFO  ozoneimpl.OzoneContainer (OzoneContainer.java:startContainerScrub(312)) - Background container scanner has been disabled.
2022-07-30 01:49:58,007 [EndpointStateMachine task thread for /0.0.0.0:33937 - 0 ] INFO  replication.ReplicationServer (ReplicationServer.java:start(111)) - ReplicationServer is started using port 36385
2022-07-30 01:49:58,020 [EndpointStateMachine task thread for /0.0.0.0:33937 - 0 ] INFO  ratis.XceiverServerRatis (XceiverServerRatis.java:start(481)) - Starting XceiverServerRatis 55bd67d6-70e0-4a0b-ba40-fbb5acf7f14f
2022-07-30 01:49:58,029 [EndpointStateMachine task thread for /0.0.0.0:33937 - 0 ] INFO  server.RaftServer (RaftServerProxy.java:lambda$start$6(382)) - 55bd67d6-70e0-4a0b-ba40-fbb5acf7f14f: start RPC server
2022-07-30 01:49:58,033 [EndpointStateMachine task thread for /0.0.0.0:33937 - 0 ] INFO  server.GrpcService (GrpcService.java:startImpl(260)) - 55bd67d6-70e0-4a0b-ba40-fbb5acf7f14f: GrpcService started, listening on 45159
2022-07-30 01:49:58,033 [EndpointStateMachine task thread for /0.0.0.0:33937 - 0 ] INFO  ratis.XceiverServerRatis (XceiverServerRatis.java:getRealPort(502)) - XceiverServerRatis 55bd67d6-70e0-4a0b-ba40-fbb5acf7f14f is started using port 45159 for RATIS
2022-07-30 01:49:58,034 [EndpointStateMachine task thread for /0.0.0.0:33937 - 0 ] INFO  ratis.XceiverServerRatis (XceiverServerRatis.java:getRealPort(502)) - XceiverServerRatis 55bd67d6-70e0-4a0b-ba40-fbb5acf7f14f is started using port 45159 for RATIS_ADMIN
2022-07-30 01:49:58,034 [EndpointStateMachine task thread for /0.0.0.0:33937 - 0 ] INFO  ratis.XceiverServerRatis (XceiverServerRatis.java:getRealPort(502)) - XceiverServerRatis 55bd67d6-70e0-4a0b-ba40-fbb5acf7f14f is started using port 45159 for RATIS_SERVER
2022-07-30 01:49:58,034 [org.apache.ratis.util.JvmPauseMonitor$$Lambda$615/1033062816@7b905667] INFO  util.JvmPauseMonitor (JvmPauseMonitor.java:run(103)) - JvmPauseMonitor-55bd67d6-70e0-4a0b-ba40-fbb5acf7f14f: Started
2022-07-30 01:49:58,076 [EndpointStateMachine task thread for /0.0.0.0:33937 - 0 ] INFO  server.XceiverServerGrpc (XceiverServerGrpc.java:start(180)) - XceiverServerGrpc 55bd67d6-70e0-4a0b-ba40-fbb5acf7f14f is started using port 37223
2022-07-30 01:49:58,251 [IPC Server handler 15 on default port 33937] INFO  net.NetworkTopologyImpl (NetworkTopologyImpl.java:add(112)) - Added a new node: /default-rack/fffd16ef-e5b7-4790-a173-7212d78e76a6
2022-07-30 01:49:58,252 [IPC Server handler 15 on default port 33937] INFO  node.SCMNodeManager (SCMNodeManager.java:register(397)) - Registered Data node : fffd16ef-e5b7-4790-a173-7212d78e76a6{ip: 10.1.0.37, host: fv-az297-62.nmf1rxwemy4u5di1sxxf4ejcwb.jx.internal.cloudapp.net, ports: [REPLICATION=45321, RATIS=35259, RATIS_ADMIN=35259, RATIS_SERVER=35259, STANDALONE=34937], networkLocation: /default-rack, certSerialId: null, persistedOpState: null, persistedOpStateExpiryEpochSec: 0}
2022-07-30 01:49:58,263 [EventQueue-NodeRegistrationContainerReportForDataNodeSafeModeRule] INFO  safemode.SCMSafeModeManager (DataNodeSafeModeRule.java:process(71)) - SCM in safe mode. 1 DataNodes registered, 3 required.
2022-07-30 01:49:58,264 [EventQueue-NodeRegistrationContainerReportForContainerSafeModeRule] INFO  safemode.SCMSafeModeManager (SCMSafeModeManager.java:validateSafeModeExitRules(204)) - ContainerSafeModeRule rule is successfully validated
2022-07-30 01:49:58,273 [EventQueue-NewNodeForNewNodeHandler] INFO  pipeline.BackgroundPipelineCreator (BackgroundPipelineCreator.java:notifyEventTriggered(276)) - trigger a one-shot run on RatisPipelineUtilsThread.
2022-07-30 01:49:58,274 [RatisPipelineUtilsThread - 0] INFO  pipeline.RatisPipelineProvider (RatisPipelineProvider.java:lambda$create$0(195)) - Sending CreatePipelineCommand for pipeline:PipelineID=490db04a-3e07-45fd-af1f-08bca0090457 to datanode:fffd16ef-e5b7-4790-a173-7212d78e76a6
2022-07-30 01:49:58,274 [RatisPipelineUtilsThread - 0] INFO  pipeline.PipelineStateManagerImpl (PipelineStateManagerImpl.java:addPipeline(103)) - Created pipeline Pipeline[ Id: 490db04a-3e07-45fd-af1f-08bca0090457, Nodes: fffd16ef-e5b7-4790-a173-7212d78e76a6{ip: 10.1.0.37, host: fv-az297-62.nmf1rxwemy4u5di1sxxf4ejcwb.jx.internal.cloudapp.net, ports: [REPLICATION=45321, RATIS=35259, RATIS_ADMIN=35259, RATIS_SERVER=35259, STANDALONE=34937], networkLocation: /default-rack, certSerialId: null, persistedOpState: IN_SERVICE, persistedOpStateExpiryEpochSec: 0}, ReplicationConfig: RATIS/ONE, State:ALLOCATED, leaderId:, CreationTimestamp2022-07-30T01:49:58.274Z[Etc/UTC]].
2022-07-30 01:49:58,277 [EventQueue-PipelineReportForOneReplicaPipelineSafeModeRule] INFO  safemode.SCMSafeModeManager (SCMSafeModeManager.java:validateSafeModeExitRules(204)) - AtleastOneDatanodeReportedRule rule is successfully validated
2022-07-30 01:49:58,810 [Listener at 127.0.0.1/41659] INFO  ozone.MiniOzoneClusterImpl (MiniOzoneClusterImpl.java:lambda$waitForClusterToBeReady$0(216)) - Waiting for nodes to be ready. Got 1 of 5 DN Heartbeats.
2022-07-30 01:49:58,811 [Listener at 127.0.0.1/41659] INFO  ozone.MiniOzoneClusterImpl (MiniOzoneClusterImpl.java:lambda$waitForClusterToBeReady$0(219)) - Waiting for cluster to exit safe mode
2022-07-30 01:49:58,812 [Listener at 127.0.0.1/41659] INFO  ozone.MiniOzoneClusterImpl (MiniOzoneClusterImpl.java:lambda$waitForClusterToBeReady$0(221)) - SCM became leader
2022-07-30 01:49:59,095 [EndpointStateMachine task thread for /0.0.0.0:33937 - 0 ] INFO  volume.HddsVolume (HddsVolume.java:createDbStore(309)) - SchemaV3 db is created and loaded at /home/runner/work/ozone/ozone/hadoop-ozone/integration-test/target/test-dir/MiniOzoneClusterImpl-aa47c88b-9cdf-4da5-a3b2-16d3d6598e2f/datanode-3/data-0/containers/hdds/aa47c88b-9cdf-4da5-a3b2-16d3d6598e2f/DS-74813db0-5282-422c-bf60-cb8136ece86d/container.db for volume DS-74813db0-5282-422c-bf60-cb8136ece86d
2022-07-30 01:49:59,096 [EndpointStateMachine task thread for /0.0.0.0:33937 - 0 ] INFO  volume.HddsVolume (HddsVolume.java:closeDbStore(340)) - SchemaV3 db is stopped at /home/runner/work/ozone/ozone/hadoop-ozone/integration-test/target/test-dir/MiniOzoneClusterImpl-aa47c88b-9cdf-4da5-a3b2-16d3d6598e2f/datanode-3/data-0/containers/hdds/aa47c88b-9cdf-4da5-a3b2-16d3d6598e2f/DS-74813db0-5282-422c-bf60-cb8136ece86d/container.db for volume DS-74813db0-5282-422c-bf60-cb8136ece86d
2022-07-30 01:49:59,096 [EndpointStateMachine task thread for /0.0.0.0:33937 - 0 ] INFO  ozoneimpl.OzoneContainer (OzoneContainer.java:start(377)) - Attempting to start container services.
2022-07-30 01:49:59,096 [EndpointStateMachine task thread for /0.0.0.0:33937 - 0 ] INFO  ozoneimpl.OzoneContainer (OzoneContainer.java:startContainerScrub(312)) - Background container scanner has been disabled.
2022-07-30 01:49:59,115 [EndpointStateMachine task thread for /0.0.0.0:33937 - 0 ] INFO  replication.ReplicationServer (ReplicationServer.java:start(111)) - ReplicationServer is started using port 39783
2022-07-30 01:49:59,127 [IPC Server handler 0 on default port 33937] INFO  net.NetworkTopologyImpl (NetworkTopologyImpl.java:add(112)) - Added a new node: /default-rack/fb78403e-0909-4251-8a90-abb070a55978
2022-07-30 01:49:59,129 [IPC Server handler 0 on default port 33937] INFO  node.SCMNodeManager (SCMNodeManager.java:register(397)) - Registered Data node : fb78403e-0909-4251-8a90-abb070a55978{ip: 10.1.0.37, host: fv-az297-62.nmf1rxwemy4u5di1sxxf4ejcwb.jx.internal.cloudapp.net, ports: [REPLICATION=40773, RATIS=34863, RATIS_ADMIN=34863, RATIS_SERVER=34863, STANDALONE=33057], networkLocation: /default-rack, certSerialId: null, persistedOpState: null, persistedOpStateExpiryEpochSec: 0}
2022-07-30 01:49:59,129 [EventQueue-NewNodeForNewNodeHandler] INFO  pipeline.BackgroundPipelineCreator (BackgroundPipelineCreator.java:notifyEventTriggered(276)) - trigger a one-shot run on RatisPipelineUtilsThread.
2022-07-30 01:49:59,135 [EventQueue-NodeRegistrationContainerReportForDataNodeSafeModeRule] INFO  safemode.SCMSafeModeManager (DataNodeSafeModeRule.java:process(71)) - SCM in safe mode. 2 DataNodes registered, 3 required.
2022-07-30 01:49:59,135 [EndpointStateMachine task thread for /0.0.0.0:33937 - 0 ] INFO  ratis.XceiverServerRatis (XceiverServerRatis.java:start(481)) - Starting XceiverServerRatis c11d40f5-2ff8-42c9-a625-81b414132345
2022-07-30 01:49:59,141 [EndpointStateMachine task thread for /0.0.0.0:33937 - 0 ] INFO  server.RaftServer (RaftServerProxy.java:lambda$start$6(382)) - c11d40f5-2ff8-42c9-a625-81b414132345: start RPC server
2022-07-30 01:49:59,161 [EndpointStateMachine task thread for /0.0.0.0:33937 - 0 ] INFO  server.GrpcService (GrpcService.java:startImpl(260)) - c11d40f5-2ff8-42c9-a625-81b414132345: GrpcService started, listening on 40483
2022-07-30 01:49:59,162 [EndpointStateMachine task thread for /0.0.0.0:33937 - 0 ] INFO  ratis.XceiverServerRatis (XceiverServerRatis.java:getRealPort(502)) - XceiverServerRatis c11d40f5-2ff8-42c9-a625-81b414132345 is started using port 40483 for RATIS
2022-07-30 01:49:59,162 [EndpointStateMachine task thread for /0.0.0.0:33937 - 0 ] INFO  ratis.XceiverServerRatis (XceiverServerRatis.java:getRealPort(502)) - XceiverServerRatis c11d40f5-2ff8-42c9-a625-81b414132345 is started using port 40483 for RATIS_ADMIN
2022-07-30 01:49:59,162 [EndpointStateMachine task thread for /0.0.0.0:33937 - 0 ] INFO  ratis.XceiverServerRatis (XceiverServerRatis.java:getRealPort(502)) - XceiverServerRatis c11d40f5-2ff8-42c9-a625-81b414132345 is started using port 40483 for RATIS_SERVER
2022-07-30 01:49:59,176 [org.apache.ratis.util.JvmPauseMonitor$$Lambda$615/1033062816@619b64d0] INFO  util.JvmPauseMonitor (JvmPauseMonitor.java:run(103)) - JvmPauseMonitor-c11d40f5-2ff8-42c9-a625-81b414132345: Started
2022-07-30 01:49:59,184 [RatisPipelineUtilsThread - 0] INFO  pipeline.RatisPipelineProvider (RatisPipelineProvider.java:lambda$create$0(195)) - Sending CreatePipelineCommand for pipeline:PipelineID=3aecd29b-bb45-4fd9-a682-ab0d8628dd53 to datanode:fb78403e-0909-4251-8a90-abb070a55978
2022-07-30 01:49:59,191 [RatisPipelineUtilsThread - 0] INFO  pipeline.PipelineStateManagerImpl (PipelineStateManagerImpl.java:addPipeline(103)) - Created pipeline Pipeline[ Id: 3aecd29b-bb45-4fd9-a682-ab0d8628dd53, Nodes: fb78403e-0909-4251-8a90-abb070a55978{ip: 10.1.0.37, host: fv-az297-62.nmf1rxwemy4u5di1sxxf4ejcwb.jx.internal.cloudapp.net, ports: [REPLICATION=40773, RATIS=34863, RATIS_ADMIN=34863, RATIS_SERVER=34863, STANDALONE=33057], networkLocation: /default-rack, certSerialId: null, persistedOpState: IN_SERVICE, persistedOpStateExpiryEpochSec: 0}, ReplicationConfig: RATIS/ONE, State:ALLOCATED, leaderId:, CreationTimestamp2022-07-30T01:49:59.184Z[Etc/UTC]].
2022-07-30 01:49:59,214 [EndpointStateMachine task thread for /0.0.0.0:33937 - 0 ] INFO  server.XceiverServerGrpc (XceiverServerGrpc.java:start(180)) - XceiverServerGrpc c11d40f5-2ff8-42c9-a625-81b414132345 is started using port 34185
2022-07-30 01:49:59,813 [Listener at 127.0.0.1/41659] INFO  ozone.MiniOzoneClusterImpl (MiniOzoneClusterImpl.java:lambda$waitForClusterToBeReady$0(216)) - Waiting for nodes to be ready. Got 2 of 5 DN Heartbeats.
2022-07-30 01:49:59,814 [Listener at 127.0.0.1/41659] INFO  ozone.MiniOzoneClusterImpl (MiniOzoneClusterImpl.java:lambda$waitForClusterToBeReady$0(219)) - Waiting for cluster to exit safe mode
2022-07-30 01:49:59,814 [Listener at 127.0.0.1/41659] INFO  ozone.MiniOzoneClusterImpl (MiniOzoneClusterImpl.java:lambda$waitForClusterToBeReady$0(221)) - SCM became leader
2022-07-30 01:49:59,841 [IPC Server handler 1 on default port 33937] INFO  net.NetworkTopologyImpl (NetworkTopologyImpl.java:add(112)) - Added a new node: /default-rack/55bd67d6-70e0-4a0b-ba40-fbb5acf7f14f
2022-07-30 01:49:59,841 [IPC Server handler 1 on default port 33937] INFO  node.SCMNodeManager (SCMNodeManager.java:register(397)) - Registered Data node : 55bd67d6-70e0-4a0b-ba40-fbb5acf7f14f{ip: 10.1.0.37, host: fv-az297-62.nmf1rxwemy4u5di1sxxf4ejcwb.jx.internal.cloudapp.net, ports: [REPLICATION=36385, RATIS=45159, RATIS_ADMIN=45159, RATIS_SERVER=45159, STANDALONE=37223], networkLocation: /default-rack, certSerialId: null, persistedOpState: null, persistedOpStateExpiryEpochSec: 0}
2022-07-30 01:49:59,841 [EventQueue-NewNodeForNewNodeHandler] INFO  pipeline.BackgroundPipelineCreator (BackgroundPipelineCreator.java:notifyEventTriggered(276)) - trigger a one-shot run on RatisPipelineUtilsThread.
2022-07-30 01:49:59,842 [EventQueue-NodeRegistrationContainerReportForDataNodeSafeModeRule] INFO  safemode.SCMSafeModeManager (DataNodeSafeModeRule.java:process(71)) - SCM in safe mode. 3 DataNodes registered, 3 required.
2022-07-30 01:49:59,842 [EventQueue-NodeRegistrationContainerReportForDataNodeSafeModeRule] INFO  safemode.SCMSafeModeManager (SCMSafeModeManager.java:validateSafeModeExitRules(204)) - DataNodeSafeModeRule rule is successfully validated
2022-07-30 01:49:59,842 [EventQueue-NodeRegistrationContainerReportForDataNodeSafeModeRule] INFO  safemode.SCMSafeModeManager (SCMSafeModeManager.java:completePreCheck(233)) - All SCM safe mode pre check rules have passed
2022-07-30 01:49:59,842 [EventQueue-NodeRegistrationContainerReportForDataNodeSafeModeRule] WARN  events.EventQueue (EventQueue.java:fireEvent(216)) - No event handler registered for event TypedEvent{payloadType=SafeModeStatus, name='Safe mode status'}
2022-07-30 01:49:59,842 [EventQueue-NodeRegistrationContainerReportForDataNodeSafeModeRule] INFO  ha.SCMContext (SCMContext.java:updateSafeModeStatus(228)) - Update SafeModeStatus from SafeModeStatus{safeModeStatus=true, preCheckPassed=false} to SafeModeStatus{safeModeStatus=true, preCheckPassed=true}.
2022-07-30 01:49:59,842 [EventQueue-NodeRegistrationContainerReportForDataNodeSafeModeRule] INFO  pipeline.BackgroundPipelineCreator (BackgroundPipelineCreator.java:notifyEventTriggered(276)) - trigger a one-shot run on RatisPipelineUtilsThread.
2022-07-30 01:49:59,842 [RatisPipelineUtilsThread - 0] INFO  pipeline.RatisPipelineProvider (RatisPipelineProvider.java:lambda$create$0(195)) - Sending CreatePipelineCommand for pipeline:PipelineID=684ffaed-e9b8-4aea-8a7a-05afccae1f13 to datanode:55bd67d6-70e0-4a0b-ba40-fbb5acf7f14f
2022-07-30 01:49:59,843 [RatisPipelineUtilsThread - 0] INFO  pipeline.PipelineStateManagerImpl (PipelineStateManagerImpl.java:addPipeline(103)) - Created pipeline Pipeline[ Id: 684ffaed-e9b8-4aea-8a7a-05afccae1f13, Nodes: 55bd67d6-70e0-4a0b-ba40-fbb5acf7f14f{ip: 10.1.0.37, host: fv-az297-62.nmf1rxwemy4u5di1sxxf4ejcwb.jx.internal.cloudapp.net, ports: [REPLICATION=36385, RATIS=45159, RATIS_ADMIN=45159, RATIS_SERVER=45159, STANDALONE=37223], networkLocation: /default-rack, certSerialId: null, persistedOpState: IN_SERVICE, persistedOpStateExpiryEpochSec: 0}, ReplicationConfig: RATIS/ONE, State:ALLOCATED, leaderId:, CreationTimestamp2022-07-30T01:49:59.842Z[Etc/UTC]].
2022-07-30 01:49:59,843 [RatisPipelineUtilsThread - 0] INFO  pipeline.RatisPipelineProvider (RatisPipelineProvider.java:lambda$create$0(195)) - Sending CreatePipelineCommand for pipeline:PipelineID=a1b8c25b-7ef5-4d04-abdb-c5efa702d848 to datanode:55bd67d6-70e0-4a0b-ba40-fbb5acf7f14f
2022-07-30 01:49:59,843 [RatisPipelineUtilsThread - 0] INFO  pipeline.RatisPipelineProvider (RatisPipelineProvider.java:lambda$create$0(195)) - Sending CreatePipelineCommand for pipeline:PipelineID=a1b8c25b-7ef5-4d04-abdb-c5efa702d848 to datanode:fb78403e-0909-4251-8a90-abb070a55978
2022-07-30 01:49:59,843 [RatisPipelineUtilsThread - 0] INFO  pipeline.RatisPipelineProvider (RatisPipelineProvider.java:lambda$create$0(195)) - Sending CreatePipelineCommand for pipeline:PipelineID=a1b8c25b-7ef5-4d04-abdb-c5efa702d848 to datanode:fffd16ef-e5b7-4790-a173-7212d78e76a6
2022-07-30 01:49:59,844 [RatisPipelineUtilsThread - 0] INFO  pipeline.PipelineStateManagerImpl (PipelineStateManagerImpl.java:addPipeline(103)) - Created pipeline Pipeline[ Id: a1b8c25b-7ef5-4d04-abdb-c5efa702d848, Nodes: 55bd67d6-70e0-4a0b-ba40-fbb5acf7f14f{ip: 10.1.0.37, host: fv-az297-62.nmf1rxwemy4u5di1sxxf4ejcwb.jx.internal.cloudapp.net, ports: [REPLICATION=36385, RATIS=45159, RATIS_ADMIN=45159, RATIS_SERVER=45159, STANDALONE=37223], networkLocation: /default-rack, certSerialId: null, persistedOpState: IN_SERVICE, persistedOpStateExpiryEpochSec: 0}fb78403e-0909-4251-8a90-abb070a55978{ip: 10.1.0.37, host: fv-az297-62.nmf1rxwemy4u5di1sxxf4ejcwb.jx.internal.cloudapp.net, ports: [REPLICATION=40773, RATIS=34863, RATIS_ADMIN=34863, RATIS_SERVER=34863, STANDALONE=33057], networkLocation: /default-rack, certSerialId: null, persistedOpState: IN_SERVICE, persistedOpStateExpiryEpochSec: 0}fffd16ef-e5b7-4790-a173-7212d78e76a6{ip: 10.1.0.37, host: fv-az297-62.nmf1rxwemy4u5di1sxxf4ejcwb.jx.internal.cloudapp.net, ports: [REPLICATION=45321, RATIS=35259, RATIS_ADMIN=35259, RATIS_SERVER=35259, STANDALONE=34937], networkLocation: /default-rack, certSerialId: null, persistedOpState: IN_SERVICE, persistedOpStateExpiryEpochSec: 0}, ReplicationConfig: RATIS/THREE, State:ALLOCATED, leaderId:, CreationTimestamp2022-07-30T01:49:59.843Z[Etc/UTC]].
2022-07-30 01:49:59,844 [RatisPipelineUtilsThread - 0] INFO  pipeline.RatisPipelineProvider (RatisPipelineProvider.java:lambda$create$0(195)) - Sending CreatePipelineCommand for pipeline:PipelineID=ade1f269-edfe-4124-a855-5f0821b3b682 to datanode:fb78403e-0909-4251-8a90-abb070a55978
2022-07-30 01:49:59,844 [RatisPipelineUtilsThread - 0] INFO  pipeline.RatisPipelineProvider (RatisPipelineProvider.java:lambda$create$0(195)) - Sending CreatePipelineCommand for pipeline:PipelineID=ade1f269-edfe-4124-a855-5f0821b3b682 to datanode:fffd16ef-e5b7-4790-a173-7212d78e76a6
2022-07-30 01:49:59,844 [RatisPipelineUtilsThread - 0] INFO  pipeline.RatisPipelineProvider (RatisPipelineProvider.java:lambda$create$0(195)) - Sending CreatePipelineCommand for pipeline:PipelineID=ade1f269-edfe-4124-a855-5f0821b3b682 to datanode:55bd67d6-70e0-4a0b-ba40-fbb5acf7f14f
2022-07-30 01:49:59,845 [RatisPipelineUtilsThread - 0] INFO  pipeline.PipelineStateManagerImpl (PipelineStateManagerImpl.java:addPipeline(103)) - Created pipeline Pipeline[ Id: ade1f269-edfe-4124-a855-5f0821b3b682, Nodes: fb78403e-0909-4251-8a90-abb070a55978{ip: 10.1.0.37, host: fv-az297-62.nmf1rxwemy4u5di1sxxf4ejcwb.jx.internal.cloudapp.net, ports: [REPLICATION=40773, RATIS=34863, RATIS_ADMIN=34863, RATIS_SERVER=34863, STANDALONE=33057], networkLocation: /default-rack, certSerialId: null, persistedOpState: IN_SERVICE, persistedOpStateExpiryEpochSec: 0}fffd16ef-e5b7-4790-a173-7212d78e76a6{ip: 10.1.0.37, host: fv-az297-62.nmf1rxwemy4u5di1sxxf4ejcwb.jx.internal.cloudapp.net, ports: [REPLICATION=45321, RATIS=35259, RATIS_ADMIN=35259, RATIS_SERVER=35259, STANDALONE=34937], networkLocation: /default-rack, certSerialId: null, persistedOpState: IN_SERVICE, persistedOpStateExpiryEpochSec: 0}55bd67d6-70e0-4a0b-ba40-fbb5acf7f14f{ip: 10.1.0.37, host: fv-az297-62.nmf1rxwemy4u5di1sxxf4ejcwb.jx.internal.cloudapp.net, ports: [REPLICATION=36385, RATIS=45159, RATIS_ADMIN=45159, RATIS_SERVER=45159, STANDALONE=37223], networkLocation: /default-rack, certSerialId: null, persistedOpState: IN_SERVICE, persistedOpStateExpiryEpochSec: 0}, ReplicationConfig: RATIS/THREE, State:ALLOCATED, leaderId:, CreationTimestamp2022-07-30T01:49:59.844Z[Etc/UTC]].
2022-07-30 01:49:59,845 [RatisPipelineUtilsThread - 0] INFO  pipeline.PipelineManagerImpl (PipelineManagerImpl.java:recordMetricsForPipeline(796)) - Pipeline: PipelineID=ade1f269-edfe-4124-a855-5f0821b3b682 contains same datanodes as previous pipelines: PipelineID=a1b8c25b-7ef5-4d04-abdb-c5efa702d848 nodeIds: fb78403e-0909-4251-8a90-abb070a55978, fffd16ef-e5b7-4790-a173-7212d78e76a6, 55bd67d6-70e0-4a0b-ba40-fbb5acf7f14f
2022-07-30 01:49:59,961 [EndpointStateMachine task thread for /0.0.0.0:33937 - 0 ] INFO  volume.HddsVolume (HddsVolume.java:createDbStore(309)) - SchemaV3 db is created and loaded at /home/runner/work/ozone/ozone/hadoop-ozone/integration-test/target/test-dir/MiniOzoneClusterImpl-aa47c88b-9cdf-4da5-a3b2-16d3d6598e2f/datanode-4/data-0/containers/hdds/aa47c88b-9cdf-4da5-a3b2-16d3d6598e2f/DS-83394c9b-1553-45b7-9aec-7fa4db318ae4/container.db for volume DS-83394c9b-1553-45b7-9aec-7fa4db318ae4
2022-07-30 01:49:59,962 [EndpointStateMachine task thread for /0.0.0.0:33937 - 0 ] INFO  volume.HddsVolume (HddsVolume.java:closeDbStore(340)) - SchemaV3 db is stopped at /home/runner/work/ozone/ozone/hadoop-ozone/integration-test/target/test-dir/MiniOzoneClusterImpl-aa47c88b-9cdf-4da5-a3b2-16d3d6598e2f/datanode-4/data-0/containers/hdds/aa47c88b-9cdf-4da5-a3b2-16d3d6598e2f/DS-83394c9b-1553-45b7-9aec-7fa4db318ae4/container.db for volume DS-83394c9b-1553-45b7-9aec-7fa4db318ae4
2022-07-30 01:49:59,962 [EndpointStateMachine task thread for /0.0.0.0:33937 - 0 ] INFO  ozoneimpl.OzoneContainer (OzoneContainer.java:start(377)) - Attempting to start container services.
2022-07-30 01:49:59,962 [EndpointStateMachine task thread for /0.0.0.0:33937 - 0 ] INFO  ozoneimpl.OzoneContainer (OzoneContainer.java:startContainerScrub(312)) - Background container scanner has been disabled.
2022-07-30 01:49:59,982 [EndpointStateMachine task thread for /0.0.0.0:33937 - 0 ] INFO  replication.ReplicationServer (ReplicationServer.java:start(111)) - ReplicationServer is started using port 42535
2022-07-30 01:49:59,983 [EndpointStateMachine task thread for /0.0.0.0:33937 - 0 ] INFO  ratis.XceiverServerRatis (XceiverServerRatis.java:start(481)) - Starting XceiverServerRatis 24d77853-f262-4375-acb2-e63396fe6765
2022-07-30 01:49:59,986 [EndpointStateMachine task thread for /0.0.0.0:33937 - 0 ] INFO  server.RaftServer (RaftServerProxy.java:lambda$start$6(382)) - 24d77853-f262-4375-acb2-e63396fe6765: start RPC server
2022-07-30 01:49:59,999 [EndpointStateMachine task thread for /0.0.0.0:33937 - 0 ] INFO  server.GrpcService (GrpcService.java:startImpl(260)) - 24d77853-f262-4375-acb2-e63396fe6765: GrpcService started, listening on 43689
2022-07-30 01:50:00,000 [EndpointStateMachine task thread for /0.0.0.0:33937 - 0 ] INFO  ratis.XceiverServerRatis (XceiverServerRatis.java:getRealPort(502)) - XceiverServerRatis 24d77853-f262-4375-acb2-e63396fe6765 is started using port 43689 for RATIS
2022-07-30 01:50:00,000 [EndpointStateMachine task thread for /0.0.0.0:33937 - 0 ] INFO  ratis.XceiverServerRatis (XceiverServerRatis.java:getRealPort(502)) - XceiverServerRatis 24d77853-f262-4375-acb2-e63396fe6765 is started using port 43689 for RATIS_ADMIN
2022-07-30 01:50:00,000 [EndpointStateMachine task thread for /0.0.0.0:33937 - 0 ] INFO  ratis.XceiverServerRatis (XceiverServerRatis.java:getRealPort(502)) - XceiverServerRatis 24d77853-f262-4375-acb2-e63396fe6765 is started using port 43689 for RATIS_SERVER
2022-07-30 01:50:00,003 [org.apache.ratis.util.JvmPauseMonitor$$Lambda$615/1033062816@1d58f79c] INFO  util.JvmPauseMonitor (JvmPauseMonitor.java:run(103)) - JvmPauseMonitor-24d77853-f262-4375-acb2-e63396fe6765: Started
2022-07-30 01:50:00,028 [EndpointStateMachine task thread for /0.0.0.0:33937 - 0 ] INFO  server.XceiverServerGrpc (XceiverServerGrpc.java:start(180)) - XceiverServerGrpc 24d77853-f262-4375-acb2-e63396fe6765 is started using port 37287
2022-07-30 01:50:00,814 [Listener at 127.0.0.1/41659] INFO  ozone.MiniOzoneClusterImpl (MiniOzoneClusterImpl.java:lambda$waitForClusterToBeReady$0(216)) - Waiting for nodes to be ready. Got 3 of 5 DN Heartbeats.
2022-07-30 01:50:00,814 [Listener at 127.0.0.1/41659] INFO  ozone.MiniOzoneClusterImpl (MiniOzoneClusterImpl.java:lambda$waitForClusterToBeReady$0(219)) - Waiting for cluster to exit safe mode
2022-07-30 01:50:00,815 [Listener at 127.0.0.1/41659] INFO  ozone.MiniOzoneClusterImpl (MiniOzoneClusterImpl.java:lambda$waitForClusterToBeReady$0(221)) - SCM became leader
2022-07-30 01:50:00,977 [IPC Server handler 15 on default port 33937] INFO  net.NetworkTopologyImpl (NetworkTopologyImpl.java:add(112)) - Added a new node: /default-rack/c11d40f5-2ff8-42c9-a625-81b414132345
2022-07-30 01:50:00,978 [IPC Server handler 15 on default port 33937] INFO  node.SCMNodeManager (SCMNodeManager.java:register(397)) - Registered Data node : c11d40f5-2ff8-42c9-a625-81b414132345{ip: 10.1.0.37, host: fv-az297-62.nmf1rxwemy4u5di1sxxf4ejcwb.jx.internal.cloudapp.net, ports: [REPLICATION=39783, RATIS=40483, RATIS_ADMIN=40483, RATIS_SERVER=40483, STANDALONE=34185], networkLocation: /default-rack, certSerialId: null, persistedOpState: null, persistedOpStateExpiryEpochSec: 0}
2022-07-30 01:50:00,978 [EventQueue-NewNodeForNewNodeHandler] INFO  pipeline.BackgroundPipelineCreator (BackgroundPipelineCreator.java:notifyEventTriggered(276)) - trigger a one-shot run on RatisPipelineUtilsThread.
2022-07-30 01:50:00,979 [RatisPipelineUtilsThread - 0] INFO  pipeline.RatisPipelineProvider (RatisPipelineProvider.java:lambda$create$0(195)) - Sending CreatePipelineCommand for pipeline:PipelineID=df791cac-ff06-4aa7-b7f4-d919dfc5148b to datanode:c11d40f5-2ff8-42c9-a625-81b414132345
2022-07-30 01:50:00,979 [RatisPipelineUtilsThread - 0] INFO  pipeline.PipelineStateManagerImpl (PipelineStateManagerImpl.java:addPipeline(103)) - Created pipeline Pipeline[ Id: df791cac-ff06-4aa7-b7f4-d919dfc5148b, Nodes: c11d40f5-2ff8-42c9-a625-81b414132345{ip: 10.1.0.37, host: fv-az297-62.nmf1rxwemy4u5di1sxxf4ejcwb.jx.internal.cloudapp.net, ports: [REPLICATION=39783, RATIS=40483, RATIS_ADMIN=40483, RATIS_SERVER=40483, STANDALONE=34185], networkLocation: /default-rack, certSerialId: null, persistedOpState: IN_SERVICE, persistedOpStateExpiryEpochSec: 0}, ReplicationConfig: RATIS/ONE, State:ALLOCATED, leaderId:, CreationTimestamp2022-07-30T01:50:00.979Z[Etc/UTC]].
2022-07-30 01:50:01,253 [Command processor thread] INFO  server.RaftServer (RaftServerProxy.java:addNew(96)) - fffd16ef-e5b7-4790-a173-7212d78e76a6: addNew group-08BCA0090457:[fffd16ef-e5b7-4790-a173-7212d78e76a6|rpc:10.1.0.37:35259|priority:1] returns group-08BCA0090457:java.util.concurrent.CompletableFuture@4902373f[Not completed]
2022-07-30 01:50:01,270 [pool-601-thread-1] INFO  server.RaftServer$Division (RaftServerImpl.java:<init>(190)) - fffd16ef-e5b7-4790-a173-7212d78e76a6: new RaftServerImpl for group-08BCA0090457:[fffd16ef-e5b7-4790-a173-7212d78e76a6|rpc:10.1.0.37:35259|priority:1] with ContainerStateMachine:uninitialized
2022-07-30 01:50:01,270 [pool-601-thread-1] INFO  server.RaftServerConfigKeys (ConfUtils.java:logGet(46)) - raft.server.rpc.timeout.min = 5s (custom)
2022-07-30 01:50:01,270 [pool-601-thread-1] INFO  server.RaftServerConfigKeys (ConfUtils.java:logGet(46)) - raft.server.rpc.timeout.max = 5200ms (custom)
2022-07-30 01:50:01,270 [pool-601-thread-1] INFO  server.RaftServerConfigKeys (ConfUtils.java:logGet(46)) - raft.server.rpc.sleep.time = 25ms (default)
2022-07-30 01:50:01,270 [pool-601-thread-1] INFO  server.RaftServerConfigKeys (ConfUtils.java:logGet(46)) - raft.server.rpc.slowness.timeout = 300s (custom)
2022-07-30 01:50:01,270 [pool-601-thread-1] INFO  server.RaftServerConfigKeys (ConfUtils.java:logGet(46)) - raft.server.leaderelection.leader.step-down.wait-time = 10s (default)
2022-07-30 01:50:01,270 [pool-601-thread-1] INFO  server.RaftServerConfigKeys (ConfUtils.java:logGet(46)) - raft.server.sleep.deviation.threshold = 300ms (default)
2022-07-30 01:50:01,270 [pool-601-thread-1] INFO  server.RaftServer$Division (ServerState.java:<init>(107)) - fffd16ef-e5b7-4790-a173-7212d78e76a6@group-08BCA0090457: ConfigurationManager, init=-1: [fffd16ef-e5b7-4790-a173-7212d78e76a6|rpc:10.1.0.37:35259|priority:1], old=null, confs=<EMPTY_MAP>
2022-07-30 01:50:01,270 [pool-601-thread-1] INFO  server.RaftServerConfigKeys (ConfUtils.java:logGet(46)) - raft.server.storage.dir = [/home/runner/work/ozone/ozone/hadoop-ozone/integration-test/target/test-dir/MiniOzoneClusterImpl-aa47c88b-9cdf-4da5-a3b2-16d3d6598e2f/datanode-0/data/ratis] (custom)
2022-07-30 01:50:01,270 [pool-601-thread-1] INFO  server.RaftServerConfigKeys (ConfUtils.java:logGet(46)) - raft.server.log.corruption.policy = EXCEPTION (default)
2022-07-30 01:50:01,271 [pool-601-thread-1] INFO  server.RaftServerConfigKeys (ConfUtils.java:logGet(46)) - raft.server.storage.free-space.min = 0MB (=0) (default)
2022-07-30 01:50:01,271 [pool-601-thread-1] INFO  storage.RaftStorageDirectory (RaftStorageDirectoryImpl.java:analyzeStorage(135)) - The storage directory /home/runner/work/ozone/ozone/hadoop-ozone/integration-test/target/test-dir/MiniOzoneClusterImpl-aa47c88b-9cdf-4da5-a3b2-16d3d6598e2f/datanode-0/data/ratis/490db04a-3e07-45fd-af1f-08bca0090457 does not exist. Creating ...
2022-07-30 01:50:01,272 [pool-601-thread-1] INFO  storage.RaftStorageDirectory (RaftStorageDirectoryImpl.java:tryLock(230)) - Lock on /home/runner/work/ozone/ozone/hadoop-ozone/integration-test/target/test-dir/MiniOzoneClusterImpl-aa47c88b-9cdf-4da5-a3b2-16d3d6598e2f/datanode-0/data/ratis/490db04a-3e07-45fd-af1f-08bca0090457/in_use.lock acquired by nodename 10860@fv-az297-62
2022-07-30 01:50:01,273 [pool-601-thread-1] INFO  storage.RaftStorage (RaftStorageImpl.java:format(89)) - Storage directory /home/runner/work/ozone/ozone/hadoop-ozone/integration-test/target/test-dir/MiniOzoneClusterImpl-aa47c88b-9cdf-4da5-a3b2-16d3d6598e2f/datanode-0/data/ratis/490db04a-3e07-45fd-af1f-08bca0090457 has been successfully formatted.
2022-07-30 01:50:01,285 [pool-601-thread-1] INFO  ratis.ContainerStateMachine (ContainerStateMachine.java:loadSnapshot(236)) - group-08BCA0090457: The snapshot info is null. Setting the last applied indexto:(t:0, i:~)
2022-07-30 01:50:01,285 [pool-601-thread-1] INFO  server.RaftServerConfigKeys (ConfUtils.java:logGet(46)) - raft.server.notification.no-leader.timeout = 300s (custom)
2022-07-30 01:50:01,285 [pool-601-thread-1] INFO  server.RaftServerConfigKeys (ConfUtils.java:logGet(46)) - raft.server.log.use.memory = false (default)
2022-07-30 01:50:01,285 [pool-601-thread-1] INFO  server.RaftServerConfigKeys (ConfUtils.java:logGet(46)) - raft.server.log.purge.gap = 1000000 (custom)
2022-07-30 01:50:01,285 [pool-601-thread-1] INFO  server.RaftServerConfigKeys (ConfUtils.java:logGet(46)) - raft.server.log.appender.buffer.byte-limit = 33554432 (custom)
2022-07-30 01:50:01,285 [pool-601-thread-1] INFO  server.RaftServerConfigKeys (ConfUtils.java:logGet(46)) - raft.server.log.statemachine.data.read.timeout = 1000ms (default)
2022-07-30 01:50:01,285 [pool-601-thread-1] INFO  server.RaftServerConfigKeys (ConfUtils.java:logGet(46)) - raft.server.log.segment.size.max = 1048576 (custom)
2022-07-30 01:50:01,286 [pool-601-thread-1] INFO  server.RaftServerConfigKeys (ConfUtils.java:logGet(46)) - raft.server.log.segment.cache.num.max = 2 (custom)
2022-07-30 01:50:01,286 [pool-601-thread-1] INFO  server.RaftServerConfigKeys (ConfUtils.java:logGet(46)) - raft.server.log.segment.cache.size.max = 200MB (=209715200) (default)
2022-07-30 01:50:01,286 [pool-601-thread-1] INFO  segmented.SegmentedRaftLogWorker (SegmentedRaftLogWorker.java:<init>(187)) - new fffd16ef-e5b7-4790-a173-7212d78e76a6@group-08BCA0090457-SegmentedRaftLogWorker for RaftStorageImpl:Storage Directory /home/runner/work/ozone/ozone/hadoop-ozone/integration-test/target/test-dir/MiniOzoneClusterImpl-aa47c88b-9cdf-4da5-a3b2-16d3d6598e2f/datanode-0/data/ratis/490db04a-3e07-45fd-af1f-08bca0090457
2022-07-30 01:50:01,286 [pool-601-thread-1] INFO  server.RaftServerConfigKeys (ConfUtils.java:logGet(46)) - raft.server.log.queue.byte-limit = 4294967296 (custom)
2022-07-30 01:50:01,286 [pool-601-thread-1] INFO  server.RaftServerConfigKeys (ConfUtils.java:logGet(46)) - raft.server.log.queue.element-limit = 1024 (custom)
2022-07-30 01:50:01,286 [pool-601-thread-1] INFO  server.RaftServerConfigKeys (ConfUtils.java:logGet(46)) - raft.server.log.segment.size.max = 1048576 (custom)
2022-07-30 01:50:01,286 [pool-601-thread-1] INFO  server.RaftServerConfigKeys (ConfUtils.java:logGet(46)) - raft.server.log.preallocated.size = 16384 (custom)
2022-07-30 01:50:01,286 [pool-601-thread-1] INFO  server.RaftServerConfigKeys (ConfUtils.java:logGet(46)) - raft.server.log.force.sync.num = 128 (default)
2022-07-30 01:50:01,286 [pool-601-thread-1] INFO  server.RaftServerConfigKeys (ConfUtils.java:logGet(46)) - raft.server.log.statemachine.data.sync = true (default)
2022-07-30 01:50:01,286 [pool-601-thread-1] INFO  server.RaftServerConfigKeys (ConfUtils.java:logGet(46)) - raft.server.log.statemachine.data.sync.timeout = 10s (default)
2022-07-30 01:50:01,286 [pool-601-thread-1] INFO  server.RaftServerConfigKeys (ConfUtils.java:logGet(46)) - raft.server.log.statemachine.data.sync.timeout.retry = -1 (default)
2022-07-30 01:50:01,287 [pool-601-thread-1] INFO  server.RaftServerConfigKeys (ConfUtils.java:logGet(46)) - raft.server.log.write.buffer.size = 1048576 (custom)
2022-07-30 01:50:01,288 [pool-601-thread-1] INFO  server.RaftServerConfigKeys (ConfUtils.java:logGet(46)) - raft.server.log.unsafe-flush.enabled = false (default)
2022-07-30 01:50:01,288 [pool-601-thread-1] INFO  server.RaftServerConfigKeys (ConfUtils.java:logGet(46)) - raft.server.log.statemachine.data.caching.enabled = true (custom)
2022-07-30 01:50:01,288 [pool-601-thread-1] INFO  segmented.SegmentedRaftLogWorker (SegmentedRaftLogWorker.java:lambda$new$0(135)) - fffd16ef-e5b7-4790-a173-7212d78e76a6@group-08BCA0090457-SegmentedRaftLogWorker: flushIndex: setUnconditionally 0 -> -1
2022-07-30 01:50:01,288 [pool-601-thread-1] INFO  segmented.SegmentedRaftLogWorker (SegmentedRaftLogWorker.java:lambda$new$0(135)) - fffd16ef-e5b7-4790-a173-7212d78e76a6@group-08BCA0090457-SegmentedRaftLogWorker: safeCacheEvictIndex: setUnconditionally 0 -> -1
2022-07-30 01:50:01,288 [EventQueue-PipelineReportForPipelineReportHandler] INFO  pipeline.PipelineManagerImpl (PipelineManagerImpl.java:openPipeline(367)) - Pipeline Pipeline[ Id: 490db04a-3e07-45fd-af1f-08bca0090457, Nodes: fffd16ef-e5b7-4790-a173-7212d78e76a6{ip: 10.1.0.37, host: fv-az297-62.nmf1rxwemy4u5di1sxxf4ejcwb.jx.internal.cloudapp.net, ports: [REPLICATION=45321, RATIS=35259, RATIS_ADMIN=35259, RATIS_SERVER=35259, STANDALONE=34937], networkLocation: /default-rack, certSerialId: null, persistedOpState: IN_SERVICE, persistedOpStateExpiryEpochSec: 0}, ReplicationConfig: RATIS/ONE, State:ALLOCATED, leaderId:fffd16ef-e5b7-4790-a173-7212d78e76a6, CreationTimestamp2022-07-30T01:49:58.274Z[Etc/UTC]] moved to OPEN state
2022-07-30 01:50:01,298 [pool-601-thread-1] INFO  server.RaftServerConfigKeys (ConfUtils.java:logGet(46)) - raft.server.snapshot.auto.trigger.enabled = true (custom)
2022-07-30 01:50:01,298 [pool-601-thread-1] INFO  server.RaftServerConfigKeys (ConfUtils.java:logGet(46)) - raft.server.snapshot.auto.trigger.threshold = 10000 (custom)
2022-07-30 01:50:01,298 [pool-601-thread-1] INFO  server.RaftServerConfigKeys (ConfUtils.java:logGet(46)) - raft.server.snapshot.retention.file.num = 5 (custom)
2022-07-30 01:50:01,298 [pool-601-thread-1] INFO  server.RaftServerConfigKeys (ConfUtils.java:logGet(46)) - raft.server.log.purge.upto.snapshot.index = false (default)
2022-07-30 01:50:01,298 [pool-601-thread-1] INFO  server.RaftServerConfigKeys (ConfUtils.java:logGet(46)) - raft.server.retrycache.expirytime = 600000ms (custom)
2022-07-30 01:50:01,299 [pool-601-thread-1] INFO  server.RaftServerConfigKeys (ConfUtils.java:logGet(46)) - raft.server.retrycache.statistics.expirytime = 100μs (default)
2022-07-30 01:50:01,300 [pool-601-thread-1] INFO  server.RaftServerConfigKeys (ConfUtils.java:logGet(46)) - raft.server.log.appender.install.snapshot.enabled = false (custom)
2022-07-30 01:50:01,300 [pool-601-thread-1] INFO  server.RaftServerConfigKeys (ConfUtils.java:logGet(46)) - raft.server.threadpool.server.cached = true (default)
2022-07-30 01:50:01,300 [pool-601-thread-1] INFO  server.RaftServerConfigKeys (ConfUtils.java:logGet(46)) - raft.server.threadpool.server.size = 0 (default)
2022-07-30 01:50:01,300 [pool-601-thread-1] INFO  server.RaftServerConfigKeys (ConfUtils.java:logGet(46)) - raft.server.threadpool.client.cached = true (default)
2022-07-30 01:50:01,300 [pool-601-thread-1] INFO  server.RaftServerConfigKeys (ConfUtils.java:logGet(46)) - raft.server.threadpool.client.size = 0 (default)
2022-07-30 01:50:01,300 [pool-601-thread-1] INFO  server.RaftServer$Division (RaftServerImpl.java:start(310)) - fffd16ef-e5b7-4790-a173-7212d78e76a6@group-08BCA0090457: start as a follower, conf=-1: [fffd16ef-e5b7-4790-a173-7212d78e76a6|rpc:10.1.0.37:35259|priority:1], old=null
2022-07-30 01:50:01,300 [pool-601-thread-1] INFO  server.RaftServer$Division (RaftServerImpl.java:setRole(299)) - fffd16ef-e5b7-4790-a173-7212d78e76a6@group-08BCA0090457: changes role from      null to FOLLOWER at term 0 for startAsFollower
2022-07-30 01:50:01,300 [pool-601-thread-1] INFO  impl.RoleInfo (RoleInfo.java:updateAndGet(139)) - fffd16ef-e5b7-4790-a173-7212d78e76a6: start fffd16ef-e5b7-4790-a173-7212d78e76a6@group-08BCA0090457-FollowerState
2022-07-30 01:50:01,312 [pool-601-thread-1] INFO  util.JmxRegister (JmxRegister.java:tryRegister(44)) - Successfully registered JMX Bean with object name Ratis:service=RaftServer,group=group-08BCA0090457,id=fffd16ef-e5b7-4790-a173-7212d78e76a6
2022-07-30 01:50:01,346 [Command processor thread] INFO  ratis.XceiverServerRatis (XceiverServerRatis.java:addGroup(765)) - Created group PipelineID=490db04a-3e07-45fd-af1f-08bca0090457
2022-07-30 01:50:01,346 [Command processor thread] INFO  commandhandler.CreatePipelineCommandHandler (CreatePipelineCommandHandler.java:handle(113)) - Created Pipeline RATIS ONE PipelineID=490db04a-3e07-45fd-af1f-08bca0090457.
2022-07-30 01:50:01,347 [Command processor thread] INFO  server.RaftServer (RaftServerProxy.java:addNew(96)) - fffd16ef-e5b7-4790-a173-7212d78e76a6: addNew group-C5EFA702D848:[fb78403e-0909-4251-8a90-abb070a55978|rpc:10.1.0.37:34863|priority:1, fffd16ef-e5b7-4790-a173-7212d78e76a6|rpc:10.1.0.37:35259|priority:0, 55bd67d6-70e0-4a0b-ba40-fbb5acf7f14f|rpc:10.1.0.37:45159|priority:0] returns group-C5EFA702D848:java.util.concurrent.CompletableFuture@4d3daac7[Not completed]
2022-07-30 01:50:01,348 [pool-601-thread-1] INFO  server.RaftServer$Division (RaftServerImpl.java:<init>(190)) - fffd16ef-e5b7-4790-a173-7212d78e76a6: new RaftServerImpl for group-C5EFA702D848:[fb78403e-0909-4251-8a90-abb070a55978|rpc:10.1.0.37:34863|priority:1, fffd16ef-e5b7-4790-a173-7212d78e76a6|rpc:10.1.0.37:35259|priority:0, 55bd67d6-70e0-4a0b-ba40-fbb5acf7f14f|rpc:10.1.0.37:45159|priority:0] with ContainerStateMachine:uninitialized
2022-07-30 01:50:01,348 [pool-601-thread-1] INFO  server.RaftServerConfigKeys (ConfUtils.java:logGet(46)) - raft.server.rpc.timeout.min = 5s (custom)
2022-07-30 01:50:01,348 [pool-601-thread-1] INFO  server.RaftServerConfigKeys (ConfUtils.java:logGet(46)) - raft.server.rpc.timeout.max = 5200ms (custom)
2022-07-30 01:50:01,348 [pool-601-thread-1] INFO  server.RaftServerConfigKeys (ConfUtils.java:logGet(46)) - raft.server.rpc.sleep.time = 25ms (default)
2022-07-30 01:50:01,348 [pool-601-thread-1] INFO  server.RaftServerConfigKeys (ConfUtils.java:logGet(46)) - raft.server.rpc.slowness.timeout = 300s (custom)
2022-07-30 01:50:01,348 [pool-601-thread-1] INFO  server.RaftServerConfigKeys (ConfUtils.java:logGet(46)) - raft.server.leaderelection.leader.step-down.wait-time = 10s (default)
2022-07-30 01:50:01,348 [pool-601-thread-1] INFO  server.RaftServerConfigKeys (ConfUtils.java:logGet(46)) - raft.server.sleep.deviation.threshold = 300ms (default)
2022-07-30 01:50:01,349 [pool-601-thread-1] INFO  server.RaftServer$Division (ServerState.java:<init>(107)) - fffd16ef-e5b7-4790-a173-7212d78e76a6@group-C5EFA702D848: ConfigurationManager, init=-1: [fb78403e-0909-4251-8a90-abb070a55978|rpc:10.1.0.37:34863|priority:1, fffd16ef-e5b7-4790-a173-7212d78e76a6|rpc:10.1.0.37:35259|priority:0, 55bd67d6-70e0-4a0b-ba40-fbb5acf7f14f|rpc:10.1.0.37:45159|priority:0], old=null, confs=<EMPTY_MAP>
2022-07-30 01:50:01,349 [pool-601-thread-1] INFO  server.RaftServerConfigKeys (ConfUtils.java:logGet(46)) - raft.server.storage.dir = [/home/runner/work/ozone/ozone/hadoop-ozone/integration-test/target/test-dir/MiniOzoneClusterImpl-aa47c88b-9cdf-4da5-a3b2-16d3d6598e2f/datanode-0/data/ratis] (custom)
2022-07-30 01:50:01,349 [pool-601-thread-1] INFO  server.RaftServerConfigKeys (ConfUtils.java:logGet(46)) - raft.server.log.corruption.policy = EXCEPTION (default)
2022-07-30 01:50:01,350 [pool-601-thread-1] INFO  server.RaftServerConfigKeys (ConfUtils.java:logGet(46)) - raft.server.storage.free-space.min = 0MB (=0) (default)
2022-07-30 01:50:01,350 [pool-601-thread-1] INFO  storage.RaftStorageDirectory (RaftStorageDirectoryImpl.java:analyzeStorage(135)) - The storage directory /home/runner/work/ozone/ozone/hadoop-ozone/integration-test/target/test-dir/MiniOzoneClusterImpl-aa47c88b-9cdf-4da5-a3b2-16d3d6598e2f/datanode-0/data/ratis/a1b8c25b-7ef5-4d04-abdb-c5efa702d848 does not exist. Creating ...
2022-07-30 01:50:01,361 [pool-601-thread-1] INFO  storage.RaftStorageDirectory (RaftStorageDirectoryImpl.java:tryLock(230)) - Lock on /home/runner/work/ozone/ozone/hadoop-ozone/integration-test/target/test-dir/MiniOzoneClusterImpl-aa47c88b-9cdf-4da5-a3b2-16d3d6598e2f/datanode-0/data/ratis/a1b8c25b-7ef5-4d04-abdb-c5efa702d848/in_use.lock acquired by nodename 10860@fv-az297-62
2022-07-30 01:50:01,372 [pool-601-thread-1] INFO  storage.RaftStorage (RaftStorageImpl.java:format(89)) - Storage directory /home/runner/work/ozone/ozone/hadoop-ozone/integration-test/target/test-dir/MiniOzoneClusterImpl-aa47c88b-9cdf-4da5-a3b2-16d3d6598e2f/datanode-0/data/ratis/a1b8c25b-7ef5-4d04-abdb-c5efa702d848 has been successfully formatted.
2022-07-30 01:50:01,373 [pool-601-thread-1] INFO  ratis.ContainerStateMachine (ContainerStateMachine.java:loadSnapshot(236)) - group-C5EFA702D848: The snapshot info is null. Setting the last applied indexto:(t:0, i:~)
2022-07-30 01:50:01,373 [pool-601-thread-1] INFO  server.RaftServerConfigKeys (ConfUtils.java:logGet(46)) - raft.server.notification.no-leader.timeout = 300s (custom)
2022-07-30 01:50:01,373 [pool-601-thread-1] INFO  server.RaftServerConfigKeys (ConfUtils.java:logGet(46)) - raft.server.log.use.memory = false (default)
2022-07-30 01:50:01,373 [pool-601-thread-1] INFO  server.RaftServerConfigKeys (ConfUtils.java:logGet(46)) - raft.server.log.purge.gap = 1000000 (custom)
2022-07-30 01:50:01,373 [pool-601-thread-1] INFO  server.RaftServerConfigKeys (ConfUtils.java:logGet(46)) - raft.server.log.appender.buffer.byte-limit = 33554432 (custom)
2022-07-30 01:50:01,373 [pool-601-thread-1] INFO  server.RaftServerConfigKeys (ConfUtils.java:logGet(46)) - raft.server.log.statemachine.data.read.timeout = 1000ms (default)
2022-07-30 01:50:01,374 [pool-601-thread-1] INFO  server.RaftServerConfigKeys (ConfUtils.java:logGet(46)) - raft.server.log.segment.size.max = 1048576 (custom)
2022-07-30 01:50:01,381 [pool-601-thread-1] INFO  server.RaftServerConfigKeys (ConfUtils.java:logGet(46)) - raft.server.log.segment.cache.num.max = 2 (custom)
2022-07-30 01:50:01,381 [pool-601-thread-1] INFO  server.RaftServerConfigKeys (ConfUtils.java:logGet(46)) - raft.server.log.segment.cache.size.max = 200MB (=209715200) (default)
2022-07-30 01:50:01,381 [pool-601-thread-1] INFO  segmented.SegmentedRaftLogWorker (SegmentedRaftLogWorker.java:<init>(187)) - new fffd16ef-e5b7-4790-a173-7212d78e76a6@group-C5EFA702D848-SegmentedRaftLogWorker for RaftStorageImpl:Storage Directory /home/runner/work/ozone/ozone/hadoop-ozone/integration-test/target/test-dir/MiniOzoneClusterImpl-aa47c88b-9cdf-4da5-a3b2-16d3d6598e2f/datanode-0/data/ratis/a1b8c25b-7ef5-4d04-abdb-c5efa702d848
2022-07-30 01:50:01,381 [pool-601-thread-1] INFO  server.RaftServerConfigKeys (ConfUtils.java:logGet(46)) - raft.server.log.queue.byte-limit = 4294967296 (custom)
2022-07-30 01:50:01,382 [pool-601-thread-1] INFO  server.RaftServerConfigKeys (ConfUtils.java:logGet(46)) - raft.server.log.queue.element-limit = 1024 (custom)
2022-07-30 01:50:01,382 [pool-601-thread-1] INFO  server.RaftServerConfigKeys (ConfUtils.java:logGet(46)) - raft.server.log.segment.size.max = 1048576 (custom)
2022-07-30 01:50:01,382 [pool-601-thread-1] INFO  server.RaftServerConfigKeys (ConfUtils.java:logGet(46)) - raft.server.log.preallocated.size = 16384 (custom)
2022-07-30 01:50:01,382 [pool-601-thread-1] INFO  server.RaftServerConfigKeys (ConfUtils.java:logGet(46)) - raft.server.log.force.sync.num = 128 (default)
2022-07-30 01:50:01,382 [pool-601-thread-1] INFO  server.RaftServerConfigKeys (ConfUtils.java:logGet(46)) - raft.server.log.statemachine.data.sync = true (default)
2022-07-30 01:50:01,382 [pool-601-thread-1] INFO  server.RaftServerConfigKeys (ConfUtils.java:logGet(46)) - raft.server.log.statemachine.data.sync.timeout = 10s (default)
2022-07-30 01:50:01,382 [pool-601-thread-1] INFO  server.RaftServerConfigKeys (ConfUtils.java:logGet(46)) - raft.server.log.statemachine.data.sync.timeout.retry = -1 (default)
2022-07-30 01:50:01,388 [pool-601-thread-1] INFO  server.RaftServerConfigKeys (ConfUtils.java:logGet(46)) - raft.server.log.write.buffer.size = 1048576 (custom)
2022-07-30 01:50:01,389 [pool-601-thread-1] INFO  server.RaftServerConfigKeys (ConfUtils.java:logGet(46)) - raft.server.log.unsafe-flush.enabled = false (default)
2022-07-30 01:50:01,389 [pool-601-thread-1] INFO  server.RaftServerConfigKeys (ConfUtils.java:logGet(46)) - raft.server.log.statemachine.data.caching.enabled = true (custom)
2022-07-30 01:50:01,389 [pool-601-thread-1] INFO  segmented.SegmentedRaftLogWorker (SegmentedRaftLogWorker.java:lambda$new$0(135)) - fffd16ef-e5b7-4790-a173-7212d78e76a6@group-C5EFA702D848-SegmentedRaftLogWorker: flushIndex: setUnconditionally 0 -> -1
2022-07-30 01:50:01,389 [pool-601-thread-1] INFO  segmented.SegmentedRaftLogWorker (SegmentedRaftLogWorker.java:lambda$new$0(135)) - fffd16ef-e5b7-4790-a173-7212d78e76a6@group-C5EFA702D848-SegmentedRaftLogWorker: safeCacheEvictIndex: setUnconditionally 0 -> -1
2022-07-30 01:50:01,396 [EventQueue-OpenPipelineForHealthyPipelineSafeModeRule] INFO  safemode.SCMSafeModeManager (HealthyPipelineSafeModeRule.java:process(137)) - SCM in safe mode. Healthy pipelines reported count is 0, required healthy pipeline reported count is 1
2022-07-30 01:50:01,396 [pool-601-thread-1] INFO  server.RaftServerConfigKeys (ConfUtils.java:logGet(46)) - raft.server.snapshot.auto.trigger.enabled = true (custom)
2022-07-30 01:50:01,396 [EventQueue-OpenPipelineForHealthyPipelineSafeModeRule] INFO  safemode.SCMSafeModeManager (HealthyPipelineSafeModeRule.java:process(137)) - SCM in safe mode. Healthy pipelines reported count is 0, required healthy pipeline reported count is 1
2022-07-30 01:50:01,396 [pool-601-thread-1] INFO  server.RaftServerConfigKeys (ConfUtils.java:logGet(46)) - raft.server.snapshot.auto.trigger.threshold = 10000 (custom)
2022-07-30 01:50:01,397 [pool-601-thread-1] INFO  server.RaftServerConfigKeys (ConfUtils.java:logGet(46)) - raft.server.snapshot.retention.file.num = 5 (custom)
2022-07-30 01:50:01,397 [pool-601-thread-1] INFO  server.RaftServerConfigKeys (ConfUtils.java:logGet(46)) - raft.server.log.purge.upto.snapshot.index = false (default)
2022-07-30 01:50:01,397 [pool-601-thread-1] INFO  server.RaftServerConfigKeys (ConfUtils.java:logGet(46)) - raft.server.retrycache.expirytime = 600000ms (custom)
2022-07-30 01:50:01,397 [pool-601-thread-1] INFO  server.RaftServerConfigKeys (ConfUtils.java:logGet(46)) - raft.server.retrycache.statistics.expirytime = 100μs (default)
2022-07-30 01:50:01,398 [pool-601-thread-1] INFO  server.RaftServerConfigKeys (ConfUtils.java:logGet(46)) - raft.server.log.appender.install.snapshot.enabled = false (custom)
2022-07-30 01:50:01,398 [pool-601-thread-1] INFO  server.RaftServerConfigKeys (ConfUtils.java:logGet(46)) - raft.server.threadpool.server.cached = true (default)
2022-07-30 01:50:01,398 [pool-601-thread-1] INFO  server.RaftServerConfigKeys (ConfUtils.java:logGet(46)) - raft.server.threadpool.server.size = 0 (default)
2022-07-30 01:50:01,398 [pool-601-thread-1] INFO  server.RaftServerConfigKeys (ConfUtils.java:logGet(46)) - raft.server.threadpool.client.cached = true (default)
2022-07-30 01:50:01,398 [pool-601-thread-1] INFO  server.RaftServerConfigKeys (ConfUtils.java:logGet(46)) - raft.server.threadpool.client.size = 0 (default)
2022-07-30 01:50:01,398 [pool-601-thread-1] INFO  server.RaftServer$Division (RaftServerImpl.java:start(310)) - fffd16ef-e5b7-4790-a173-7212d78e76a6@group-C5EFA702D848: start as a follower, conf=-1: [fb78403e-0909-4251-8a90-abb070a55978|rpc:10.1.0.37:34863|priority:1, fffd16ef-e5b7-4790-a173-7212d78e76a6|rpc:10.1.0.37:35259|priority:0, 55bd67d6-70e0-4a0b-ba40-fbb5acf7f14f|rpc:10.1.0.37:45159|priority:0], old=null
2022-07-30 01:50:01,398 [pool-601-thread-1] INFO  server.RaftServer$Division (RaftServerImpl.java:setRole(299)) - fffd16ef-e5b7-4790-a173-7212d78e76a6@group-C5EFA702D848: changes role from      null to FOLLOWER at term 0 for startAsFollower
2022-07-30 01:50:01,398 [pool-601-thread-1] INFO  impl.RoleInfo (RoleInfo.java:updateAndGet(139)) - fffd16ef-e5b7-4790-a173-7212d78e76a6: start fffd16ef-e5b7-4790-a173-7212d78e76a6@group-C5EFA702D848-FollowerState
2022-07-30 01:50:01,418 [pool-601-thread-1] INFO  util.JmxRegister (JmxRegister.java:tryRegister(44)) - Successfully registered JMX Bean with object name Ratis:service=RaftServer,group=group-C5EFA702D848,id=fffd16ef-e5b7-4790-a173-7212d78e76a6
2022-07-30 01:50:01,431 [Command processor thread] INFO  ratis.XceiverServerRatis (XceiverServerRatis.java:addGroup(765)) - Created group PipelineID=a1b8c25b-7ef5-4d04-abdb-c5efa702d848
2022-07-30 01:50:01,518 [grpc-default-executor-0] INFO  server.RaftServer (RaftServerProxy.java:addNew(96)) - 55bd67d6-70e0-4a0b-ba40-fbb5acf7f14f: addNew group-C5EFA702D848:[fb78403e-0909-4251-8a90-abb070a55978|rpc:10.1.0.37:34863|dataStream:|priority:1, fffd16ef-e5b7-4790-a173-7212d78e76a6|rpc:10.1.0.37:35259|dataStream:|priority:0, 55bd67d6-70e0-4a0b-ba40-fbb5acf7f14f|rpc:10.1.0.37:45159|dataStream:|priority:0] returns group-C5EFA702D848:java.util.concurrent.CompletableFuture@5fa7c81d[Not completed]
2022-07-30 01:50:01,535 [pool-647-thread-1] INFO  server.RaftServer$Division (RaftServerImpl.java:<init>(190)) - 55bd67d6-70e0-4a0b-ba40-fbb5acf7f14f: new RaftServerImpl for group-C5EFA702D848:[fb78403e-0909-4251-8a90-abb070a55978|rpc:10.1.0.37:34863|dataStream:|priority:1, fffd16ef-e5b7-4790-a173-7212d78e76a6|rpc:10.1.0.37:35259|dataStream:|priority:0, 55bd67d6-70e0-4a0b-ba40-fbb5acf7f14f|rpc:10.1.0.37:45159|dataStream:|priority:0] with ContainerStateMachine:uninitialized
2022-07-30 01:50:01,538 [pool-647-thread-1] INFO  server.RaftServerConfigKeys (ConfUtils.java:logGet(46)) - raft.server.rpc.timeout.min = 5s (custom)
2022-07-30 01:50:01,538 [pool-647-thread-1] INFO  server.RaftServerConfigKeys (ConfUtils.java:logGet(46)) - raft.server.rpc.timeout.max = 5200ms (custom)
2022-07-30 01:50:01,538 [pool-647-thread-1] INFO  server.RaftServerConfigKeys (ConfUtils.java:logGet(46)) - raft.server.rpc.sleep.time = 25ms (default)
2022-07-30 01:50:01,538 [pool-647-thread-1] INFO  server.RaftServerConfigKeys (ConfUtils.java:logGet(46)) - raft.server.rpc.slowness.timeout = 300s (custom)
2022-07-30 01:50:01,538 [pool-647-thread-1] INFO  server.RaftServerConfigKeys (ConfUtils.java:logGet(46)) - raft.server.leaderelection.leader.step-down.wait-time = 10s (default)
2022-07-30 01:50:01,539 [pool-647-thread-1] INFO  server.RaftServerConfigKeys (ConfUtils.java:logGet(46)) - raft.server.sleep.deviation.threshold = 300ms (default)
2022-07-30 01:50:01,539 [pool-647-thread-1] INFO  server.RaftServer$Division (ServerState.java:<init>(107)) - 55bd67d6-70e0-4a0b-ba40-fbb5acf7f14f@group-C5EFA702D848: ConfigurationManager, init=-1: [fb78403e-0909-4251-8a90-abb070a55978|rpc:10.1.0.37:34863|dataStream:|priority:1, fffd16ef-e5b7-4790-a173-7212d78e76a6|rpc:10.1.0.37:35259|dataStream:|priority:0, 55bd67d6-70e0-4a0b-ba40-fbb5acf7f14f|rpc:10.1.0.37:45159|dataStream:|priority:0], old=null, confs=<EMPTY_MAP>
2022-07-30 01:50:01,539 [pool-647-thread-1] INFO  server.RaftServerConfigKeys (ConfUtils.java:logGet(46)) - raft.server.storage.dir = [/home/runner/work/ozone/ozone/hadoop-ozone/integration-test/target/test-dir/MiniOzoneClusterImpl-aa47c88b-9cdf-4da5-a3b2-16d3d6598e2f/datanode-2/data/ratis] (custom)
2022-07-30 01:50:01,539 [pool-647-thread-1] INFO  server.RaftServerConfigKeys (ConfUtils.java:logGet(46)) - raft.server.log.corruption.policy = EXCEPTION (default)
2022-07-30 01:50:01,539 [pool-647-thread-1] INFO  server.RaftServerConfigKeys (ConfUtils.java:logGet(46)) - raft.server.storage.free-space.min = 0MB (=0) (default)
2022-07-30 01:50:01,539 [pool-647-thread-1] INFO  storage.RaftStorageDirectory (RaftStorageDirectoryImpl.java:analyzeStorage(135)) - The storage directory /home/runner/work/ozone/ozone/hadoop-ozone/integration-test/target/test-dir/MiniOzoneClusterImpl-aa47c88b-9cdf-4da5-a3b2-16d3d6598e2f/datanode-2/data/ratis/a1b8c25b-7ef5-4d04-abdb-c5efa702d848 does not exist. Creating ...
2022-07-30 01:50:01,541 [pool-647-thread-1] INFO  storage.RaftStorageDirectory (RaftStorageDirectoryImpl.java:tryLock(230)) - Lock on /home/runner/work/ozone/ozone/hadoop-ozone/integration-test/target/test-dir/MiniOzoneClusterImpl-aa47c88b-9cdf-4da5-a3b2-16d3d6598e2f/datanode-2/data/ratis/a1b8c25b-7ef5-4d04-abdb-c5efa702d848/in_use.lock acquired by nodename 10860@fv-az297-62
2022-07-30 01:50:01,542 [pool-647-thread-1] INFO  storage.RaftStorage (RaftStorageImpl.java:format(89)) - Storage directory /home/runner/work/ozone/ozone/hadoop-ozone/integration-test/target/test-dir/MiniOzoneClusterImpl-aa47c88b-9cdf-4da5-a3b2-16d3d6598e2f/datanode-2/data/ratis/a1b8c25b-7ef5-4d04-abdb-c5efa702d848 has been successfully formatted.
2022-07-30 01:50:01,549 [pool-647-thread-1] INFO  ratis.ContainerStateMachine (ContainerStateMachine.java:loadSnapshot(236)) - group-C5EFA702D848: The snapshot info is null. Setting the last applied indexto:(t:0, i:~)
2022-07-30 01:50:01,549 [pool-647-thread-1] INFO  server.RaftServerConfigKeys (ConfUtils.java:logGet(46)) - raft.server.notification.no-leader.timeout = 300s (custom)
2022-07-30 01:50:01,550 [pool-647-thread-1] INFO  server.RaftServerConfigKeys (ConfUtils.java:logGet(46)) - raft.server.log.use.memory = false (default)
2022-07-30 01:50:01,550 [pool-647-thread-1] INFO  server.RaftServerConfigKeys (ConfUtils.java:logGet(46)) - raft.server.log.purge.gap = 1000000 (custom)
2022-07-30 01:50:01,550 [pool-647-thread-1] INFO  server.RaftServerConfigKeys (ConfUtils.java:logGet(46)) - raft.server.log.appender.buffer.byte-limit = 33554432 (custom)
2022-07-30 01:50:01,550 [pool-647-thread-1] INFO  server.RaftServerConfigKeys (ConfUtils.java:logGet(46)) - raft.server.log.statemachine.data.read.timeout = 1000ms (default)
2022-07-30 01:50:01,550 [pool-647-thread-1] INFO  server.RaftServerConfigKeys (ConfUtils.java:logGet(46)) - raft.server.log.segment.size.max = 1048576 (custom)
2022-07-30 01:50:01,550 [pool-647-thread-1] INFO  server.RaftServerConfigKeys (ConfUtils.java:logGet(46)) - raft.server.log.segment.cache.num.max = 2 (custom)
2022-07-30 01:50:01,550 [pool-647-thread-1] INFO  server.RaftServerConfigKeys (ConfUtils.java:logGet(46)) - raft.server.log.segment.cache.size.max = 200MB (=209715200) (default)
2022-07-30 01:50:01,551 [pool-647-thread-1] INFO  segmented.SegmentedRaftLogWorker (SegmentedRaftLogWorker.java:<init>(187)) - new 55bd67d6-70e0-4a0b-ba40-fbb5acf7f14f@group-C5EFA702D848-SegmentedRaftLogWorker for RaftStorageImpl:Storage Directory /home/runner/work/ozone/ozone/hadoop-ozone/integration-test/target/test-dir/MiniOzoneClusterImpl-aa47c88b-9cdf-4da5-a3b2-16d3d6598e2f/datanode-2/data/ratis/a1b8c25b-7ef5-4d04-abdb-c5efa702d848
2022-07-30 01:50:01,551 [pool-647-thread-1] INFO  server.RaftServerConfigKeys (ConfUtils.java:logGet(46)) - raft.server.log.queue.byte-limit = 4294967296 (custom)
2022-07-30 01:50:01,551 [pool-647-thread-1] INFO  server.RaftServerConfigKeys (ConfUtils.java:logGet(46)) - raft.server.log.queue.element-limit = 1024 (custom)
2022-07-30 01:50:01,551 [pool-647-thread-1] INFO  server.RaftServerConfigKeys (ConfUtils.java:logGet(46)) - raft.server.log.segment.size.max = 1048576 (custom)
2022-07-30 01:50:01,551 [pool-647-thread-1] INFO  server.RaftServerConfigKeys (ConfUtils.java:logGet(46)) - raft.server.log.preallocated.size = 16384 (custom)
2022-07-30 01:50:01,551 [pool-647-thread-1] INFO  server.RaftServerConfigKeys (ConfUtils.java:logGet(46)) - raft.server.log.force.sync.num = 128 (default)
2022-07-30 01:50:01,551 [pool-647-thread-1] INFO  server.RaftServerConfigKeys (ConfUtils.java:logGet(46)) - raft.server.log.statemachine.data.sync = true (default)
2022-07-30 01:50:01,551 [pool-647-thread-1] INFO  server.RaftServerConfigKeys (ConfUtils.java:logGet(46)) - raft.server.log.statemachine.data.sync.timeout = 10s (default)
2022-07-30 01:50:01,551 [pool-647-thread-1] INFO  server.RaftServerConfigKeys (ConfUtils.java:logGet(46)) - raft.server.log.statemachine.data.sync.timeout.retry = -1 (default)
2022-07-30 01:50:01,564 [pool-647-thread-1] INFO  server.RaftServerConfigKeys (ConfUtils.java:logGet(46)) - raft.server.log.write.buffer.size = 1048576 (custom)
2022-07-30 01:50:01,564 [pool-647-thread-1] INFO  server.RaftServerConfigKeys (ConfUtils.java:logGet(46)) - raft.server.log.unsafe-flush.enabled = false (default)
2022-07-30 01:50:01,564 [pool-647-thread-1] INFO  server.RaftServerConfigKeys (ConfUtils.java:logGet(46)) - raft.server.log.statemachine.data.caching.enabled = true (custom)
2022-07-30 01:50:01,565 [pool-647-thread-1] INFO  segmented.SegmentedRaftLogWorker (SegmentedRaftLogWorker.java:lambda$new$0(135)) - 55bd67d6-70e0-4a0b-ba40-fbb5acf7f14f@group-C5EFA702D848-SegmentedRaftLogWorker: flushIndex: setUnconditionally 0 -> -1
2022-07-30 01:50:01,565 [pool-647-thread-1] INFO  segmented.SegmentedRaftLogWorker (SegmentedRaftLogWorker.java:lambda$new$0(135)) - 55bd67d6-70e0-4a0b-ba40-fbb5acf7f14f@group-C5EFA702D848-SegmentedRaftLogWorker: safeCacheEvictIndex: setUnconditionally 0 -> -1
2022-07-30 01:50:01,565 [pool-647-thread-1] INFO  server.RaftServerConfigKeys (ConfUtils.java:logGet(46)) - raft.server.snapshot.auto.trigger.enabled = true (custom)
2022-07-30 01:50:01,565 [pool-647-thread-1] INFO  server.RaftServerConfigKeys (ConfUtils.java:logGet(46)) - raft.server.snapshot.auto.trigger.threshold = 10000 (custom)
2022-07-30 01:50:01,565 [pool-647-thread-1] INFO  server.RaftServerConfigKeys (ConfUtils.java:logGet(46)) - raft.server.snapshot.retention.file.num = 5 (custom)
2022-07-30 01:50:01,565 [pool-647-thread-1] INFO  server.RaftServerConfigKeys (ConfUtils.java:logGet(46)) - raft.server.log.purge.upto.snapshot.index = false (default)
2022-07-30 01:50:01,565 [pool-647-thread-1] INFO  server.RaftServerConfigKeys (ConfUtils.java:logGet(46)) - raft.server.retrycache.expirytime = 600000ms (custom)
2022-07-30 01:50:01,565 [pool-647-thread-1] INFO  server.RaftServerConfigKeys (ConfUtils.java:logGet(46)) - raft.server.retrycache.statistics.expirytime = 100μs (default)
2022-07-30 01:50:01,566 [pool-647-thread-1] INFO  server.RaftServerConfigKeys (ConfUtils.java:logGet(46)) - raft.server.log.appender.install.snapshot.enabled = false (custom)
2022-07-30 01:50:01,566 [pool-647-thread-1] INFO  server.RaftServerConfigKeys (ConfUtils.java:logGet(46)) - raft.server.threadpool.server.cached = true (default)
2022-07-30 01:50:01,567 [pool-647-thread-1] INFO  server.RaftServerConfigKeys (ConfUtils.java:logGet(46)) - raft.server.threadpool.server.size = 0 (default)
2022-07-30 01:50:01,567 [pool-647-thread-1] INFO  server.RaftServerConfigKeys (ConfUtils.java:logGet(46)) - raft.server.threadpool.client.cached = true (default)
2022-07-30 01:50:01,567 [pool-647-thread-1] INFO  server.RaftServerConfigKeys (ConfUtils.java:logGet(46)) - raft.server.threadpool.client.size = 0 (default)
2022-07-30 01:50:01,567 [pool-647-thread-1] INFO  server.RaftServer$Division (RaftServerImpl.java:start(310)) - 55bd67d6-70e0-4a0b-ba40-fbb5acf7f14f@group-C5EFA702D848: start as a follower, conf=-1: [fb78403e-0909-4251-8a90-abb070a55978|rpc:10.1.0.37:34863|dataStream:|priority:1, fffd16ef-e5b7-4790-a173-7212d78e76a6|rpc:10.1.0.37:35259|dataStream:|priority:0, 55bd67d6-70e0-4a0b-ba40-fbb5acf7f14f|rpc:10.1.0.37:45159|dataStream:|priority:0], old=null
2022-07-30 01:50:01,567 [pool-647-thread-1] INFO  server.RaftServer$Division (RaftServerImpl.java:setRole(299)) - 55bd67d6-70e0-4a0b-ba40-fbb5acf7f14f@group-C5EFA702D848: changes role from      null to FOLLOWER at term 0 for startAsFollower
2022-07-30 01:50:01,567 [pool-647-thread-1] INFO  impl.RoleInfo (RoleInfo.java:updateAndGet(139)) - 55bd67d6-70e0-4a0b-ba40-fbb5acf7f14f: start 55bd67d6-70e0-4a0b-ba40-fbb5acf7f14f@group-C5EFA702D848-FollowerState
2022-07-30 01:50:01,568 [pool-647-thread-1] INFO  util.JmxRegister (JmxRegister.java:tryRegister(44)) - Successfully registered JMX Bean with object name Ratis:service=RaftServer,group=group-C5EFA702D848,id=55bd67d6-70e0-4a0b-ba40-fbb5acf7f14f
2022-07-30 01:50:01,681 [grpc-default-executor-0] INFO  server.RaftServer (RaftServerProxy.java:addNew(96)) - fb78403e-0909-4251-8a90-abb070a55978: addNew group-C5EFA702D848:[fb78403e-0909-4251-8a90-abb070a55978|rpc:10.1.0.37:34863|dataStream:|priority:1, fffd16ef-e5b7-4790-a173-7212d78e76a6|rpc:10.1.0.37:35259|dataStream:|priority:0, 55bd67d6-70e0-4a0b-ba40-fbb5acf7f14f|rpc:10.1.0.37:45159|dataStream:|priority:0] returns group-C5EFA702D848:java.util.concurrent.CompletableFuture@1c902198[Not completed]
2022-07-30 01:50:01,687 [pool-624-thread-1] INFO  server.RaftServer$Division (RaftServerImpl.java:<init>(190)) - fb78403e-0909-4251-8a90-abb070a55978: new RaftServerImpl for group-C5EFA702D848:[fb78403e-0909-4251-8a90-abb070a55978|rpc:10.1.0.37:34863|dataStream:|priority:1, fffd16ef-e5b7-4790-a173-7212d78e76a6|rpc:10.1.0.37:35259|dataStream:|priority:0, 55bd67d6-70e0-4a0b-ba40-fbb5acf7f14f|rpc:10.1.0.37:45159|dataStream:|priority:0] with ContainerStateMachine:uninitialized
2022-07-30 01:50:01,687 [pool-624-thread-1] INFO  server.RaftServerConfigKeys (ConfUtils.java:logGet(46)) - raft.server.rpc.timeout.min = 5s (custom)
2022-07-30 01:50:01,687 [pool-624-thread-1] INFO  server.RaftServerConfigKeys (ConfUtils.java:logGet(46)) - raft.server.rpc.timeout.max = 5200ms (custom)
2022-07-30 01:50:01,688 [pool-624-thread-1] INFO  server.RaftServerConfigKeys (ConfUtils.java:logGet(46)) - raft.server.rpc.sleep.time = 25ms (default)
2022-07-30 01:50:01,688 [pool-624-thread-1] INFO  server.RaftServerConfigKeys (ConfUtils.java:logGet(46)) - raft.server.rpc.slowness.timeout = 300s (custom)
2022-07-30 01:50:01,688 [pool-624-thread-1] INFO  server.RaftServerConfigKeys (ConfUtils.java:logGet(46)) - raft.server.leaderelection.leader.step-down.wait-time = 10s (default)
2022-07-30 01:50:01,688 [pool-624-thread-1] INFO  server.RaftServerConfigKeys (ConfUtils.java:logGet(46)) - raft.server.sleep.deviation.threshold = 300ms (default)
2022-07-30 01:50:01,688 [pool-624-thread-1] INFO  server.RaftServer$Division (ServerState.java:<init>(107)) - fb78403e-0909-4251-8a90-abb070a55978@group-C5EFA702D848: ConfigurationManager, init=-1: [fb78403e-0909-4251-8a90-abb070a55978|rpc:10.1.0.37:34863|dataStream:|priority:1, fffd16ef-e5b7-4790-a173-7212d78e76a6|rpc:10.1.0.37:35259|dataStream:|priority:0, 55bd67d6-70e0-4a0b-ba40-fbb5acf7f14f|rpc:10.1.0.37:45159|dataStream:|priority:0], old=null, confs=<EMPTY_MAP>
2022-07-30 01:50:01,688 [pool-624-thread-1] INFO  server.RaftServerConfigKeys (ConfUtils.java:logGet(46)) - raft.server.storage.dir = [/home/runner/work/ozone/ozone/hadoop-ozone/integration-test/target/test-dir/MiniOzoneClusterImpl-aa47c88b-9cdf-4da5-a3b2-16d3d6598e2f/datanode-1/data/ratis] (custom)
2022-07-30 01:50:01,688 [pool-624-thread-1] INFO  server.RaftServerConfigKeys (ConfUtils.java:logGet(46)) - raft.server.log.corruption.policy = EXCEPTION (default)
2022-07-30 01:50:01,688 [pool-624-thread-1] INFO  server.RaftServerConfigKeys (ConfUtils.java:logGet(46)) - raft.server.storage.free-space.min = 0MB (=0) (default)
2022-07-30 01:50:01,688 [pool-624-thread-1] INFO  storage.RaftStorageDirectory (RaftStorageDirectoryImpl.java:analyzeStorage(135)) - The storage directory /home/runner/work/ozone/ozone/hadoop-ozone/integration-test/target/test-dir/MiniOzoneClusterImpl-aa47c88b-9cdf-4da5-a3b2-16d3d6598e2f/datanode-1/data/ratis/a1b8c25b-7ef5-4d04-abdb-c5efa702d848 does not exist. Creating ...
2022-07-30 01:50:01,694 [pool-624-thread-1] INFO  storage.RaftStorageDirectory (RaftStorageDirectoryImpl.java:tryLock(230)) - Lock on /home/runner/work/ozone/ozone/hadoop-ozone/integration-test/target/test-dir/MiniOzoneClusterImpl-aa47c88b-9cdf-4da5-a3b2-16d3d6598e2f/datanode-1/data/ratis/a1b8c25b-7ef5-4d04-abdb-c5efa702d848/in_use.lock acquired by nodename 10860@fv-az297-62
2022-07-30 01:50:01,703 [pool-624-thread-1] INFO  storage.RaftStorage (RaftStorageImpl.java:format(89)) - Storage directory /home/runner/work/ozone/ozone/hadoop-ozone/integration-test/target/test-dir/MiniOzoneClusterImpl-aa47c88b-9cdf-4da5-a3b2-16d3d6598e2f/datanode-1/data/ratis/a1b8c25b-7ef5-4d04-abdb-c5efa702d848 has been successfully formatted.
2022-07-30 01:50:01,715 [pool-624-thread-1] INFO  ratis.ContainerStateMachine (ContainerStateMachine.java:loadSnapshot(236)) - group-C5EFA702D848: The snapshot info is null. Setting the last applied indexto:(t:0, i:~)
2022-07-30 01:50:01,716 [pool-624-thread-1] INFO  server.RaftServerConfigKeys (ConfUtils.java:logGet(46)) - raft.server.notification.no-leader.timeout = 300s (custom)
2022-07-30 01:50:01,716 [pool-624-thread-1] INFO  server.RaftServerConfigKeys (ConfUtils.java:logGet(46)) - raft.server.log.use.memory = false (default)
2022-07-30 01:50:01,716 [pool-624-thread-1] INFO  server.RaftServerConfigKeys (ConfUtils.java:logGet(46)) - raft.server.log.purge.gap = 1000000 (custom)
2022-07-30 01:50:01,718 [pool-624-thread-1] INFO  server.RaftServerConfigKeys (ConfUtils.java:logGet(46)) - raft.server.log.appender.buffer.byte-limit = 33554432 (custom)
2022-07-30 01:50:01,718 [pool-624-thread-1] INFO  server.RaftServerConfigKeys (ConfUtils.java:logGet(46)) - raft.server.log.statemachine.data.read.timeout = 1000ms (default)
2022-07-30 01:50:01,719 [pool-624-thread-1] INFO  server.RaftServerConfigKeys (ConfUtils.java:logGet(46)) - raft.server.log.segment.size.max = 1048576 (custom)
2022-07-30 01:50:01,719 [pool-624-thread-1] INFO  server.RaftServerConfigKeys (ConfUtils.java:logGet(46)) - raft.server.log.segment.cache.num.max = 2 (custom)
2022-07-30 01:50:01,719 [pool-624-thread-1] INFO  server.RaftServerConfigKeys (ConfUtils.java:logGet(46)) - raft.server.log.segment.cache.size.max = 200MB (=209715200) (default)
2022-07-30 01:50:01,719 [pool-624-thread-1] INFO  segmented.SegmentedRaftLogWorker (SegmentedRaftLogWorker.java:<init>(187)) - new fb78403e-0909-4251-8a90-abb070a55978@group-C5EFA702D848-SegmentedRaftLogWorker for RaftStorageImpl:Storage Directory /home/runner/work/ozone/ozone/hadoop-ozone/integration-test/target/test-dir/MiniOzoneClusterImpl-aa47c88b-9cdf-4da5-a3b2-16d3d6598e2f/datanode-1/data/ratis/a1b8c25b-7ef5-4d04-abdb-c5efa702d848
2022-07-30 01:50:01,719 [pool-624-thread-1] INFO  server.RaftServerConfigKeys (ConfUtils.java:logGet(46)) - raft.server.log.queue.byte-limit = 4294967296 (custom)
2022-07-30 01:50:01,719 [pool-624-thread-1] INFO  server.RaftServerConfigKeys (ConfUtils.java:logGet(46)) - raft.server.log.queue.element-limit = 1024 (custom)
2022-07-30 01:50:01,719 [pool-624-thread-1] INFO  server.RaftServerConfigKeys (ConfUtils.java:logGet(46)) - raft.server.log.segment.size.max = 1048576 (custom)
2022-07-30 01:50:01,719 [pool-624-thread-1] INFO  server.RaftServerConfigKeys (ConfUtils.java:logGet(46)) - raft.server.log.preallocated.size = 16384 (custom)
2022-07-30 01:50:01,719 [pool-624-thread-1] INFO  server.RaftServerConfigKeys (ConfUtils.java:logGet(46)) - raft.server.log.force.sync.num = 128 (default)
2022-07-30 01:50:01,720 [pool-624-thread-1] INFO  server.RaftServerConfigKeys (ConfUtils.java:logGet(46)) - raft.server.log.statemachine.data.sync = true (default)
2022-07-30 01:50:01,720 [pool-624-thread-1] INFO  server.RaftServerConfigKeys (ConfUtils.java:logGet(46)) - raft.server.log.statemachine.data.sync.timeout = 10s (default)
2022-07-30 01:50:01,720 [pool-624-thread-1] INFO  server.RaftServerConfigKeys (ConfUtils.java:logGet(46)) - raft.server.log.statemachine.data.sync.timeout.retry = -1 (default)
2022-07-30 01:50:01,720 [pool-624-thread-1] INFO  server.RaftServerConfigKeys (ConfUtils.java:logGet(46)) - raft.server.log.write.buffer.size = 1048576 (custom)
2022-07-30 01:50:01,721 [pool-624-thread-1] INFO  server.RaftServerConfigKeys (ConfUtils.java:logGet(46)) - raft.server.log.unsafe-flush.enabled = false (default)
2022-07-30 01:50:01,721 [pool-624-thread-1] INFO  server.RaftServerConfigKeys (ConfUtils.java:logGet(46)) - raft.server.log.statemachine.data.caching.enabled = true (custom)
2022-07-30 01:50:01,721 [pool-624-thread-1] INFO  segmented.SegmentedRaftLogWorker (SegmentedRaftLogWorker.java:lambda$new$0(135)) - fb78403e-0909-4251-8a90-abb070a55978@group-C5EFA702D848-SegmentedRaftLogWorker: flushIndex: setUnconditionally 0 -> -1
2022-07-30 01:50:01,721 [pool-624-thread-1] INFO  segmented.SegmentedRaftLogWorker (SegmentedRaftLogWorker.java:lambda$new$0(135)) - fb78403e-0909-4251-8a90-abb070a55978@group-C5EFA702D848-SegmentedRaftLogWorker: safeCacheEvictIndex: setUnconditionally 0 -> -1
2022-07-30 01:50:01,735 [pool-624-thread-1] INFO  server.RaftServerConfigKeys (ConfUtils.java:logGet(46)) - raft.server.snapshot.auto.trigger.enabled = true (custom)
2022-07-30 01:50:01,735 [pool-624-thread-1] INFO  server.RaftServerConfigKeys (ConfUtils.java:logGet(46)) - raft.server.snapshot.auto.trigger.threshold = 10000 (custom)
2022-07-30 01:50:01,736 [pool-624-thread-1] INFO  server.RaftServerConfigKeys (ConfUtils.java:logGet(46)) - raft.server.snapshot.retention.file.num = 5 (custom)
2022-07-30 01:50:01,736 [pool-624-thread-1] INFO  server.RaftServerConfigKeys (ConfUtils.java:logGet(46)) - raft.server.log.purge.upto.snapshot.index = false (default)
2022-07-30 01:50:01,736 [pool-624-thread-1] INFO  server.RaftServerConfigKeys (ConfUtils.java:logGet(46)) - raft.server.retrycache.expirytime = 600000ms (custom)
2022-07-30 01:50:01,736 [pool-624-thread-1] INFO  server.RaftServerConfigKeys (ConfUtils.java:logGet(46)) - raft.server.retrycache.statistics.expirytime = 100μs (default)
2022-07-30 01:50:01,737 [pool-624-thread-1] INFO  server.RaftServerConfigKeys (ConfUtils.java:logGet(46)) - raft.server.log.appender.install.snapshot.enabled = false (custom)
2022-07-30 01:50:01,737 [pool-624-thread-1] INFO  server.RaftServerConfigKeys (ConfUtils.java:logGet(46)) - raft.server.threadpool.server.cached = true (default)
2022-07-30 01:50:01,737 [pool-624-thread-1] INFO  server.RaftServerConfigKeys (ConfUtils.java:logGet(46)) - raft.server.threadpool.server.size = 0 (default)
2022-07-30 01:50:01,737 [pool-624-thread-1] INFO  server.RaftServerConfigKeys (ConfUtils.java:logGet(46)) - raft.server.threadpool.client.cached = true (default)
2022-07-30 01:50:01,737 [pool-624-thread-1] INFO  server.RaftServerConfigKeys (ConfUtils.java:logGet(46)) - raft.server.threadpool.client.size = 0 (default)
2022-07-30 01:50:01,737 [pool-624-thread-1] INFO  server.RaftServer$Division (RaftServerImpl.java:start(310)) - fb78403e-0909-4251-8a90-abb070a55978@group-C5EFA702D848: start as a follower, conf=-1: [fb78403e-0909-4251-8a90-abb070a55978|rpc:10.1.0.37:34863|dataStream:|priority:1, fffd16ef-e5b7-4790-a173-7212d78e76a6|rpc:10.1.0.37:35259|dataStream:|priority:0, 55bd67d6-70e0-4a0b-ba40-fbb5acf7f14f|rpc:10.1.0.37:45159|dataStream:|priority:0], old=null
2022-07-30 01:50:01,737 [pool-624-thread-1] INFO  server.RaftServer$Division (RaftServerImpl.java:setRole(299)) - fb78403e-0909-4251-8a90-abb070a55978@group-C5EFA702D848: changes role from      null to FOLLOWER at term 0 for startAsFollower
2022-07-30 01:50:01,738 [pool-624-thread-1] INFO  impl.RoleInfo (RoleInfo.java:updateAndGet(139)) - fb78403e-0909-4251-8a90-abb070a55978: start fb78403e-0909-4251-8a90-abb070a55978@group-C5EFA702D848-FollowerState
2022-07-30 01:50:01,759 [pool-624-thread-1] INFO  util.JmxRegister (JmxRegister.java:tryRegister(44)) - Successfully registered JMX Bean with object name Ratis:service=RaftServer,group=group-C5EFA702D848,id=fb78403e-0909-4251-8a90-abb070a55978
2022-07-30 01:50:01,797 [Command processor thread] INFO  commandhandler.CreatePipelineCommandHandler (CreatePipelineCommandHandler.java:handle(113)) - Created Pipeline RATIS THREE PipelineID=a1b8c25b-7ef5-4d04-abdb-c5efa702d848.
2022-07-30 01:50:01,797 [Command processor thread] INFO  server.RaftServer (RaftServerProxy.java:addNew(96)) - fffd16ef-e5b7-4790-a173-7212d78e76a6: addNew group-5F0821B3B682:[fb78403e-0909-4251-8a90-abb070a55978|rpc:10.1.0.37:34863|priority:0, fffd16ef-e5b7-4790-a173-7212d78e76a6|rpc:10.1.0.37:35259|priority:1, 55bd67d6-70e0-4a0b-ba40-fbb5acf7f14f|rpc:10.1.0.37:45159|priority:0] returns group-5F0821B3B682:java.util.concurrent.CompletableFuture@2de99556[Not completed]
2022-07-30 01:50:01,798 [pool-601-thread-1] INFO  server.RaftServer$Division (RaftServerImpl.java:<init>(190)) - fffd16ef-e5b7-4790-a173-7212d78e76a6: new RaftServerImpl for group-5F0821B3B682:[fb78403e-0909-4251-8a90-abb070a55978|rpc:10.1.0.37:34863|priority:0, fffd16ef-e5b7-4790-a173-7212d78e76a6|rpc:10.1.0.37:35259|priority:1, 55bd67d6-70e0-4a0b-ba40-fbb5acf7f14f|rpc:10.1.0.37:45159|priority:0] with ContainerStateMachine:uninitialized
2022-07-30 01:50:01,798 [pool-601-thread-1] INFO  server.RaftServerConfigKeys (ConfUtils.java:logGet(46)) - raft.server.rpc.timeout.min = 5s (custom)
2022-07-30 01:50:01,798 [pool-601-thread-1] INFO  server.RaftServerConfigKeys (ConfUtils.java:logGet(46)) - raft.server.rpc.timeout.max = 5200ms (custom)
2022-07-30 01:50:01,798 [pool-601-thread-1] INFO  server.RaftServerConfigKeys (ConfUtils.java:logGet(46)) - raft.server.rpc.sleep.time = 25ms (default)
2022-07-30 01:50:01,798 [pool-601-thread-1] INFO  server.RaftServerConfigKeys (ConfUtils.java:logGet(46)) - raft.server.rpc.slowness.timeout = 300s (custom)
2022-07-30 01:50:01,799 [pool-601-thread-1] INFO  server.RaftServerConfigKeys (ConfUtils.java:logGet(46)) - raft.server.leaderelection.leader.step-down.wait-time = 10s (default)
2022-07-30 01:50:01,799 [pool-601-thread-1] INFO  server.RaftServerConfigKeys (ConfUtils.java:logGet(46)) - raft.server.sleep.deviation.threshold = 300ms (default)
2022-07-30 01:50:01,799 [pool-601-thread-1] INFO  server.RaftServer$Division (ServerState.java:<init>(107)) - fffd16ef-e5b7-4790-a173-7212d78e76a6@group-5F0821B3B682: ConfigurationManager, init=-1: [fb78403e-0909-4251-8a90-abb070a55978|rpc:10.1.0.37:34863|priority:0, fffd16ef-e5b7-4790-a173-7212d78e76a6|rpc:10.1.0.37:35259|priority:1, 55bd67d6-70e0-4a0b-ba40-fbb5acf7f14f|rpc:10.1.0.37:45159|priority:0], old=null, confs=<EMPTY_MAP>
2022-07-30 01:50:01,799 [pool-601-thread-1] INFO  server.RaftServerConfigKeys (ConfUtils.java:logGet(46)) - raft.server.storage.dir = [/home/runner/work/ozone/ozone/hadoop-ozone/integration-test/target/test-dir/MiniOzoneClusterImpl-aa47c88b-9cdf-4da5-a3b2-16d3d6598e2f/datanode-0/data/ratis] (custom)
2022-07-30 01:50:01,799 [pool-601-thread-1] INFO  server.RaftServerConfigKeys (ConfUtils.java:logGet(46)) - raft.server.log.corruption.policy = EXCEPTION (default)
2022-07-30 01:50:01,799 [pool-601-thread-1] INFO  server.RaftServerConfigKeys (ConfUtils.java:logGet(46)) - raft.server.storage.free-space.min = 0MB (=0) (default)
2022-07-30 01:50:01,799 [pool-601-thread-1] INFO  storage.RaftStorageDirectory (RaftStorageDirectoryImpl.java:analyzeStorage(135)) - The storage directory /home/runner/work/ozone/ozone/hadoop-ozone/integration-test/target/test-dir/MiniOzoneClusterImpl-aa47c88b-9cdf-4da5-a3b2-16d3d6598e2f/datanode-0/data/ratis/ade1f269-edfe-4124-a855-5f0821b3b682 does not exist. Creating ...
2022-07-30 01:50:01,802 [pool-601-thread-1] INFO  storage.RaftStorageDirectory (RaftStorageDirectoryImpl.java:tryLock(230)) - Lock on /home/runner/work/ozone/ozone/hadoop-ozone/integration-test/target/test-dir/MiniOzoneClusterImpl-aa47c88b-9cdf-4da5-a3b2-16d3d6598e2f/datanode-0/data/ratis/ade1f269-edfe-4124-a855-5f0821b3b682/in_use.lock acquired by nodename 10860@fv-az297-62
2022-07-30 01:50:01,809 [pool-601-thread-1] INFO  storage.RaftStorage (RaftStorageImpl.java:format(89)) - Storage directory /home/runner/work/ozone/ozone/hadoop-ozone/integration-test/target/test-dir/MiniOzoneClusterImpl-aa47c88b-9cdf-4da5-a3b2-16d3d6598e2f/datanode-0/data/ratis/ade1f269-edfe-4124-a855-5f0821b3b682 has been successfully formatted.
2022-07-30 01:50:01,809 [pool-601-thread-1] INFO  ratis.ContainerStateMachine (ContainerStateMachine.java:loadSnapshot(236)) - group-5F0821B3B682: The snapshot info is null. Setting the last applied indexto:(t:0, i:~)
2022-07-30 01:50:01,809 [pool-601-thread-1] INFO  server.RaftServerConfigKeys (ConfUtils.java:logGet(46)) - raft.server.notification.no-leader.timeout = 300s (custom)
2022-07-30 01:50:01,809 [pool-601-thread-1] INFO  server.RaftServerConfigKeys (ConfUtils.java:logGet(46)) - raft.server.log.use.memory = false (default)
2022-07-30 01:50:01,810 [pool-601-thread-1] INFO  server.RaftServerConfigKeys (ConfUtils.java:logGet(46)) - raft.server.log.purge.gap = 1000000 (custom)
2022-07-30 01:50:01,810 [pool-601-thread-1] INFO  server.RaftServerConfigKeys (ConfUtils.java:logGet(46)) - raft.server.log.appender.buffer.byte-limit = 33554432 (custom)
2022-07-30 01:50:01,810 [pool-601-thread-1] INFO  server.RaftServerConfigKeys (ConfUtils.java:logGet(46)) - raft.server.log.statemachine.data.read.timeout = 1000ms (default)
2022-07-30 01:50:01,810 [pool-601-thread-1] INFO  server.RaftServerConfigKeys (ConfUtils.java:logGet(46)) - raft.server.log.segment.size.max = 1048576 (custom)
2022-07-30 01:50:01,810 [pool-601-thread-1] INFO  server.RaftServerConfigKeys (ConfUtils.java:logGet(46)) - raft.server.log.segment.cache.num.max = 2 (custom)
2022-07-30 01:50:01,810 [pool-601-thread-1] INFO  server.RaftServerConfigKeys (ConfUtils.java:logGet(46)) - raft.server.log.segment.cache.size.max = 200MB (=209715200) (default)
2022-07-30 01:50:01,810 [pool-601-thread-1] INFO  segmented.SegmentedRaftLogWorker (SegmentedRaftLogWorker.java:<init>(187)) - new fffd16ef-e5b7-4790-a173-7212d78e76a6@group-5F0821B3B682-SegmentedRaftLogWorker for RaftStorageImpl:Storage Directory /home/runner/work/ozone/ozone/hadoop-ozone/integration-test/target/test-dir/MiniOzoneClusterImpl-aa47c88b-9cdf-4da5-a3b2-16d3d6598e2f/datanode-0/data/ratis/ade1f269-edfe-4124-a855-5f0821b3b682
2022-07-30 01:50:01,810 [pool-601-thread-1] INFO  server.RaftServerConfigKeys (ConfUtils.java:logGet(46)) - raft.server.log.queue.byte-limit = 4294967296 (custom)
2022-07-30 01:50:01,810 [pool-601-thread-1] INFO  server.RaftServerConfigKeys (ConfUtils.java:logGet(46)) - raft.server.log.queue.element-limit = 1024 (custom)
2022-07-30 01:50:01,810 [pool-601-thread-1] INFO  server.RaftServerConfigKeys (ConfUtils.java:logGet(46)) - raft.server.log.segment.size.max = 1048576 (custom)
2022-07-30 01:50:01,811 [pool-601-thread-1] INFO  server.RaftServerConfigKeys (ConfUtils.java:logGet(46)) - raft.server.log.preallocated.size = 16384 (custom)
2022-07-30 01:50:01,811 [pool-601-thread-1] INFO  server.RaftServerConfigKeys (ConfUtils.java:logGet(46)) - raft.server.log.force.sync.num = 128 (default)
2022-07-30 01:50:01,811 [pool-601-thread-1] INFO  server.RaftServerConfigKeys (ConfUtils.java:logGet(46)) - raft.server.log.statemachine.data.sync = true (default)
2022-07-30 01:50:01,811 [pool-601-thread-1] INFO  server.RaftServerConfigKeys (ConfUtils.java:logGet(46)) - raft.server.log.statemachine.data.sync.timeout = 10s (default)
2022-07-30 01:50:01,811 [pool-601-thread-1] INFO  server.RaftServerConfigKeys (ConfUtils.java:logGet(46)) - raft.server.log.statemachine.data.sync.timeout.retry = -1 (default)
2022-07-30 01:50:01,812 [pool-601-thread-1] INFO  server.RaftServerConfigKeys (ConfUtils.java:logGet(46)) - raft.server.log.write.buffer.size = 1048576 (custom)
2022-07-30 01:50:01,812 [pool-601-thread-1] INFO  server.RaftServerConfigKeys (ConfUtils.java:logGet(46)) - raft.server.log.unsafe-flush.enabled = false (default)
2022-07-30 01:50:01,812 [pool-601-thread-1] INFO  server.RaftServerConfigKeys (ConfUtils.java:logGet(46)) - raft.server.log.statemachine.data.caching.enabled = true (custom)
2022-07-30 01:50:01,812 [EventQueue-OpenPipelineForHealthyPipelineSafeModeRule] INFO  safemode.SCMSafeModeManager (HealthyPipelineSafeModeRule.java:process(137)) - SCM in safe mode. Healthy pipelines reported count is 0, required healthy pipeline reported count is 1
2022-07-30 01:50:01,813 [pool-601-thread-1] INFO  segmented.SegmentedRaftLogWorker (SegmentedRaftLogWorker.java:lambda$new$0(135)) - fffd16ef-e5b7-4790-a173-7212d78e76a6@group-5F0821B3B682-SegmentedRaftLogWorker: flushIndex: setUnconditionally 0 -> -1
2022-07-30 01:50:01,813 [pool-601-thread-1] INFO  segmented.SegmentedRaftLogWorker (SegmentedRaftLogWorker.java:lambda$new$0(135)) - fffd16ef-e5b7-4790-a173-7212d78e76a6@group-5F0821B3B682-SegmentedRaftLogWorker: safeCacheEvictIndex: setUnconditionally 0 -> -1
2022-07-30 01:50:01,815 [Listener at 127.0.0.1/41659] INFO  ozone.MiniOzoneClusterImpl (MiniOzoneClusterImpl.java:lambda$waitForClusterToBeReady$0(216)) - Waiting for nodes to be ready. Got 4 of 5 DN Heartbeats.
2022-07-30 01:50:01,815 [Listener at 127.0.0.1/41659] INFO  ozone.MiniOzoneClusterImpl (MiniOzoneClusterImpl.java:lambda$waitForClusterToBeReady$0(219)) - Waiting for cluster to exit safe mode
2022-07-30 01:50:01,815 [Listener at 127.0.0.1/41659] INFO  ozone.MiniOzoneClusterImpl (MiniOzoneClusterImpl.java:lambda$waitForClusterToBeReady$0(221)) - SCM became leader
2022-07-30 01:50:01,839 [pool-601-thread-1] INFO  server.RaftServerConfigKeys (ConfUtils.java:logGet(46)) - raft.server.snapshot.auto.trigger.enabled = true (custom)
2022-07-30 01:50:01,839 [pool-601-thread-1] INFO  server.RaftServerConfigKeys (ConfUtils.java:logGet(46)) - raft.server.snapshot.auto.trigger.threshold = 10000 (custom)
2022-07-30 01:50:01,839 [pool-601-thread-1] INFO  server.RaftServerConfigKeys (ConfUtils.java:logGet(46)) - raft.server.snapshot.retention.file.num = 5 (custom)
2022-07-30 01:50:01,839 [pool-601-thread-1] INFO  server.RaftServerConfigKeys (ConfUtils.java:logGet(46)) - raft.server.log.purge.upto.snapshot.index = false (default)
2022-07-30 01:50:01,839 [pool-601-thread-1] INFO  server.RaftServerConfigKeys (ConfUtils.java:logGet(46)) - raft.server.retrycache.expirytime = 600000ms (custom)
2022-07-30 01:50:01,839 [pool-601-thread-1] INFO  server.RaftServerConfigKeys (ConfUtils.java:logGet(46)) - raft.server.retrycache.statistics.expirytime = 100μs (default)
2022-07-30 01:50:01,840 [pool-601-thread-1] INFO  server.RaftServerConfigKeys (ConfUtils.java:logGet(46)) - raft.server.log.appender.install.snapshot.enabled = false (custom)
2022-07-30 01:50:01,840 [pool-601-thread-1] INFO  server.RaftServerConfigKeys (ConfUtils.java:logGet(46)) - raft.server.threadpool.server.cached = true (default)
2022-07-30 01:50:01,840 [pool-601-thread-1] INFO  server.RaftServerConfigKeys (ConfUtils.java:logGet(46)) - raft.server.threadpool.server.size = 0 (default)
2022-07-30 01:50:01,840 [pool-601-thread-1] INFO  server.RaftServerConfigKeys (ConfUtils.java:logGet(46)) - raft.server.threadpool.client.cached = true (default)
2022-07-30 01:50:01,840 [pool-601-thread-1] INFO  server.RaftServerConfigKeys (ConfUtils.java:logGet(46)) - raft.server.threadpool.client.size = 0 (default)
2022-07-30 01:50:01,840 [pool-601-thread-1] INFO  server.RaftServer$Division (RaftServerImpl.java:start(310)) - fffd16ef-e5b7-4790-a173-7212d78e76a6@group-5F0821B3B682: start as a follower, conf=-1: [fb78403e-0909-4251-8a90-abb070a55978|rpc:10.1.0.37:34863|priority:0, fffd16ef-e5b7-4790-a173-7212d78e76a6|rpc:10.1.0.37:35259|priority:1, 55bd67d6-70e0-4a0b-ba40-fbb5acf7f14f|rpc:10.1.0.37:45159|priority:0], old=null
2022-07-30 01:50:01,841 [pool-601-thread-1] INFO  server.RaftServer$Division (RaftServerImpl.java:setRole(299)) - fffd16ef-e5b7-4790-a173-7212d78e76a6@group-5F0821B3B682: changes role from      null to FOLLOWER at term 0 for startAsFollower
2022-07-30 01:50:01,841 [pool-601-thread-1] INFO  impl.RoleInfo (RoleInfo.java:updateAndGet(139)) - fffd16ef-e5b7-4790-a173-7212d78e76a6: start fffd16ef-e5b7-4790-a173-7212d78e76a6@group-5F0821B3B682-FollowerState
2022-07-30 01:50:01,845 [pool-601-thread-1] INFO  util.JmxRegister (JmxRegister.java:tryRegister(44)) - Successfully registered JMX Bean with object name Ratis:service=RaftServer,group=group-5F0821B3B682,id=fffd16ef-e5b7-4790-a173-7212d78e76a6
2022-07-30 01:50:01,862 [Command processor thread] INFO  ratis.XceiverServerRatis (XceiverServerRatis.java:addGroup(765)) - Created group PipelineID=ade1f269-edfe-4124-a855-5f0821b3b682
2022-07-30 01:50:01,886 [IPC Server handler 6 on default port 33937] INFO  net.NetworkTopologyImpl (NetworkTopologyImpl.java:add(112)) - Added a new node: /default-rack/24d77853-f262-4375-acb2-e63396fe6765
2022-07-30 01:50:01,886 [IPC Server handler 6 on default port 33937] INFO  node.SCMNodeManager (SCMNodeManager.java:register(397)) - Registered Data node : 24d77853-f262-4375-acb2-e63396fe6765{ip: 10.1.0.37, host: fv-az297-62.nmf1rxwemy4u5di1sxxf4ejcwb.jx.internal.cloudapp.net, ports: [REPLICATION=42535, RATIS=43689, RATIS_ADMIN=43689, RATIS_SERVER=43689, STANDALONE=37287], networkLocation: /default-rack, certSerialId: null, persistedOpState: null, persistedOpStateExpiryEpochSec: 0}
2022-07-30 01:50:01,887 [EventQueue-NewNodeForNewNodeHandler] INFO  pipeline.BackgroundPipelineCreator (BackgroundPipelineCreator.java:notifyEventTriggered(276)) - trigger a one-shot run on RatisPipelineUtilsThread.
2022-07-30 01:50:01,887 [RatisPipelineUtilsThread - 0] INFO  pipeline.RatisPipelineProvider (RatisPipelineProvider.java:lambda$create$0(195)) - Sending CreatePipelineCommand for pipeline:PipelineID=a3feba5f-060a-4a00-820a-58462574862c to datanode:24d77853-f262-4375-acb2-e63396fe6765
2022-07-30 01:50:01,888 [RatisPipelineUtilsThread - 0] INFO  pipeline.PipelineStateManagerImpl (PipelineStateManagerImpl.java:addPipeline(103)) - Created pipeline Pipeline[ Id: a3feba5f-060a-4a00-820a-58462574862c, Nodes: 24d77853-f262-4375-acb2-e63396fe6765{ip: 10.1.0.37, host: fv-az297-62.nmf1rxwemy4u5di1sxxf4ejcwb.jx.internal.cloudapp.net, ports: [REPLICATION=42535, RATIS=43689, RATIS_ADMIN=43689, RATIS_SERVER=43689, STANDALONE=37287], networkLocation: /default-rack, certSerialId: null, persistedOpState: IN_SERVICE, persistedOpStateExpiryEpochSec: 0}, ReplicationConfig: RATIS/ONE, State:ALLOCATED, leaderId:, CreationTimestamp2022-07-30T01:50:01.887Z[Etc/UTC]].
2022-07-30 01:50:01,903 [grpc-default-executor-0] INFO  server.RaftServer (RaftServerProxy.java:addNew(96)) - fb78403e-0909-4251-8a90-abb070a55978: addNew group-5F0821B3B682:[fb78403e-0909-4251-8a90-abb070a55978|rpc:10.1.0.37:34863|dataStream:|priority:0, fffd16ef-e5b7-4790-a173-7212d78e76a6|rpc:10.1.0.37:35259|dataStream:|priority:1, 55bd67d6-70e0-4a0b-ba40-fbb5acf7f14f|rpc:10.1.0.37:45159|dataStream:|priority:0] returns group-5F0821B3B682:java.util.concurrent.CompletableFuture@ba7bae9[Not completed]
2022-07-30 01:50:01,904 [pool-624-thread-1] INFO  server.RaftServer$Division (RaftServerImpl.java:<init>(190)) - fb78403e-0909-4251-8a90-abb070a55978: new RaftServerImpl for group-5F0821B3B682:[fb78403e-0909-4251-8a90-abb070a55978|rpc:10.1.0.37:34863|dataStream:|priority:0, fffd16ef-e5b7-4790-a173-7212d78e76a6|rpc:10.1.0.37:35259|dataStream:|priority:1, 55bd67d6-70e0-4a0b-ba40-fbb5acf7f14f|rpc:10.1.0.37:45159|dataStream:|priority:0] with ContainerStateMachine:uninitialized
2022-07-30 01:50:01,904 [pool-624-thread-1] INFO  server.RaftServerConfigKeys (ConfUtils.java:logGet(46)) - raft.server.rpc.timeout.min = 5s (custom)
2022-07-30 01:50:01,904 [pool-624-thread-1] INFO  server.RaftServerConfigKeys (ConfUtils.java:logGet(46)) - raft.server.rpc.timeout.max = 5200ms (custom)
2022-07-30 01:50:01,904 [pool-624-thread-1] INFO  server.RaftServerConfigKeys (ConfUtils.java:logGet(46)) - raft.server.rpc.sleep.time = 25ms (default)
2022-07-30 01:50:01,904 [pool-624-thread-1] INFO  server.RaftServerConfigKeys (ConfUtils.java:logGet(46)) - raft.server.rpc.slowness.timeout = 300s (custom)
2022-07-30 01:50:01,904 [pool-624-thread-1] INFO  server.RaftServerConfigKeys (ConfUtils.java:logGet(46)) - raft.server.leaderelection.leader.step-down.wait-time = 10s (default)
2022-07-30 01:50:01,904 [pool-624-thread-1] INFO  server.RaftServerConfigKeys (ConfUtils.java:logGet(46)) - raft.server.sleep.deviation.threshold = 300ms (default)
2022-07-30 01:50:01,904 [pool-624-thread-1] INFO  server.RaftServer$Division (ServerState.java:<init>(107)) - fb78403e-0909-4251-8a90-abb070a55978@group-5F0821B3B682: ConfigurationManager, init=-1: [fb78403e-0909-4251-8a90-abb070a55978|rpc:10.1.0.37:34863|dataStream:|priority:0, fffd16ef-e5b7-4790-a173-7212d78e76a6|rpc:10.1.0.37:35259|dataStream:|priority:1, 55bd67d6-70e0-4a0b-ba40-fbb5acf7f14f|rpc:10.1.0.37:45159|dataStream:|priority:0], old=null, confs=<EMPTY_MAP>
2022-07-30 01:50:01,904 [pool-624-thread-1] INFO  server.RaftServerConfigKeys (ConfUtils.java:logGet(46)) - raft.server.storage.dir = [/home/runner/work/ozone/ozone/hadoop-ozone/integration-test/target/test-dir/MiniOzoneClusterImpl-aa47c88b-9cdf-4da5-a3b2-16d3d6598e2f/datanode-1/data/ratis] (custom)
2022-07-30 01:50:01,905 [pool-624-thread-1] INFO  server.RaftServerConfigKeys (ConfUtils.java:logGet(46)) - raft.server.log.corruption.policy = EXCEPTION (default)
2022-07-30 01:50:01,905 [pool-624-thread-1] INFO  server.RaftServerConfigKeys (ConfUtils.java:logGet(46)) - raft.server.storage.free-space.min = 0MB (=0) (default)
2022-07-30 01:50:01,905 [pool-624-thread-1] INFO  storage.RaftStorageDirectory (RaftStorageDirectoryImpl.java:analyzeStorage(135)) - The storage directory /home/runner/work/ozone/ozone/hadoop-ozone/integration-test/target/test-dir/MiniOzoneClusterImpl-aa47c88b-9cdf-4da5-a3b2-16d3d6598e2f/datanode-1/data/ratis/ade1f269-edfe-4124-a855-5f0821b3b682 does not exist. Creating ...
2022-07-30 01:50:01,909 [pool-624-thread-1] INFO  storage.RaftStorageDirectory (RaftStorageDirectoryImpl.java:tryLock(230)) - Lock on /home/runner/work/ozone/ozone/hadoop-ozone/integration-test/target/test-dir/MiniOzoneClusterImpl-aa47c88b-9cdf-4da5-a3b2-16d3d6598e2f/datanode-1/data/ratis/ade1f269-edfe-4124-a855-5f0821b3b682/in_use.lock acquired by nodename 10860@fv-az297-62
2022-07-30 01:50:01,915 [pool-624-thread-1] INFO  storage.RaftStorage (RaftStorageImpl.java:format(89)) - Storage directory /home/runner/work/ozone/ozone/hadoop-ozone/integration-test/target/test-dir/MiniOzoneClusterImpl-aa47c88b-9cdf-4da5-a3b2-16d3d6598e2f/datanode-1/data/ratis/ade1f269-edfe-4124-a855-5f0821b3b682 has been successfully formatted.
2022-07-30 01:50:01,916 [pool-624-thread-1] INFO  ratis.ContainerStateMachine (ContainerStateMachine.java:loadSnapshot(236)) - group-5F0821B3B682: The snapshot info is null. Setting the last applied indexto:(t:0, i:~)
2022-07-30 01:50:01,916 [pool-624-thread-1] INFO  server.RaftServerConfigKeys (ConfUtils.java:logGet(46)) - raft.server.notification.no-leader.timeout = 300s (custom)
2022-07-30 01:50:01,917 [pool-624-thread-1] INFO  server.RaftServerConfigKeys (ConfUtils.java:logGet(46)) - raft.server.log.use.memory = false (default)
2022-07-30 01:50:01,917 [pool-624-thread-1] INFO  server.RaftServerConfigKeys (ConfUtils.java:logGet(46)) - raft.server.log.purge.gap = 1000000 (custom)
2022-07-30 01:50:01,917 [pool-624-thread-1] INFO  server.RaftServerConfigKeys (ConfUtils.java:logGet(46)) - raft.server.log.appender.buffer.byte-limit = 33554432 (custom)
2022-07-30 01:50:01,917 [pool-624-thread-1] INFO  server.RaftServerConfigKeys (ConfUtils.java:logGet(46)) - raft.server.log.statemachine.data.read.timeout = 1000ms (default)
2022-07-30 01:50:01,917 [pool-624-thread-1] INFO  server.RaftServerConfigKeys (ConfUtils.java:logGet(46)) - raft.server.log.segment.size.max = 1048576 (custom)
2022-07-30 01:50:01,918 [pool-624-thread-1] INFO  server.RaftServerConfigKeys (ConfUtils.java:logGet(46)) - raft.server.log.segment.cache.num.max = 2 (custom)
2022-07-30 01:50:01,918 [pool-624-thread-1] INFO  server.RaftServerConfigKeys (ConfUtils.java:logGet(46)) - raft.server.log.segment.cache.size.max = 200MB (=209715200) (default)
2022-07-30 01:50:01,918 [pool-624-thread-1] INFO  segmented.SegmentedRaftLogWorker (SegmentedRaftLogWorker.java:<init>(187)) - new fb78403e-0909-4251-8a90-abb070a55978@group-5F0821B3B682-SegmentedRaftLogWorker for RaftStorageImpl:Storage Directory /home/runner/work/ozone/ozone/hadoop-ozone/integration-test/target/test-dir/MiniOzoneClusterImpl-aa47c88b-9cdf-4da5-a3b2-16d3d6598e2f/datanode-1/data/ratis/ade1f269-edfe-4124-a855-5f0821b3b682
2022-07-30 01:50:01,918 [pool-624-thread-1] INFO  server.RaftServerConfigKeys (ConfUtils.java:logGet(46)) - raft.server.log.queue.byte-limit = 4294967296 (custom)
2022-07-30 01:50:01,918 [pool-624-thread-1] INFO  server.RaftServerConfigKeys (ConfUtils.java:logGet(46)) - raft.server.log.queue.element-limit = 1024 (custom)
2022-07-30 01:50:01,918 [pool-624-thread-1] INFO  server.RaftServerConfigKeys (ConfUtils.java:logGet(46)) - raft.server.log.segment.size.max = 1048576 (custom)
2022-07-30 01:50:01,918 [pool-624-thread-1] INFO  server.RaftServerConfigKeys (ConfUtils.java:logGet(46)) - raft.server.log.preallocated.size = 16384 (custom)
2022-07-30 01:50:01,918 [pool-624-thread-1] INFO  server.RaftServerConfigKeys (ConfUtils.java:logGet(46)) - raft.server.log.force.sync.num = 128 (default)
2022-07-30 01:50:01,918 [pool-624-thread-1] INFO  server.RaftServerConfigKeys (ConfUtils.java:logGet(46)) - raft.server.log.statemachine.data.sync = true (default)
2022-07-30 01:50:01,918 [pool-624-thread-1] INFO  server.RaftServerConfigKeys (ConfUtils.java:logGet(46)) - raft.server.log.statemachine.data.sync.timeout = 10s (default)
2022-07-30 01:50:01,918 [pool-624-thread-1] INFO  server.RaftServerConfigKeys (ConfUtils.java:logGet(46)) - raft.server.log.statemachine.data.sync.timeout.retry = -1 (default)
2022-07-30 01:50:01,919 [pool-624-thread-1] INFO  server.RaftServerConfigKeys (ConfUtils.java:logGet(46)) - raft.server.log.write.buffer.size = 1048576 (custom)
2022-07-30 01:50:01,920 [pool-624-thread-1] INFO  server.RaftServerConfigKeys (ConfUtils.java:logGet(46)) - raft.server.log.unsafe-flush.enabled = false (default)
2022-07-30 01:50:01,920 [pool-624-thread-1] INFO  server.RaftServerConfigKeys (ConfUtils.java:logGet(46)) - raft.server.log.statemachine.data.caching.enabled = true (custom)
2022-07-30 01:50:01,920 [pool-624-thread-1] INFO  segmented.SegmentedRaftLogWorker (SegmentedRaftLogWorker.java:lambda$new$0(135)) - fb78403e-0909-4251-8a90-abb070a55978@group-5F0821B3B682-SegmentedRaftLogWorker: flushIndex: setUnconditionally 0 -> -1
2022-07-30 01:50:01,920 [pool-624-thread-1] INFO  segmented.SegmentedRaftLogWorker (SegmentedRaftLogWorker.java:lambda$new$0(135)) - fb78403e-0909-4251-8a90-abb070a55978@group-5F0821B3B682-SegmentedRaftLogWorker: safeCacheEvictIndex: setUnconditionally 0 -> -1
2022-07-30 01:50:01,925 [pool-624-thread-1] INFO  server.RaftServerConfigKeys (ConfUtils.java:logGet(46)) - raft.server.snapshot.auto.trigger.enabled = true (custom)
2022-07-30 01:50:01,925 [pool-624-thread-1] INFO  server.RaftServerConfigKeys (ConfUtils.java:logGet(46)) - raft.server.snapshot.auto.trigger.threshold = 10000 (custom)
2022-07-30 01:50:01,925 [pool-624-thread-1] INFO  server.RaftServerConfigKeys (ConfUtils.java:logGet(46)) - raft.server.snapshot.retention.file.num = 5 (custom)
2022-07-30 01:50:01,925 [pool-624-thread-1] INFO  server.RaftServerConfigKeys (ConfUtils.java:logGet(46)) - raft.server.log.purge.upto.snapshot.index = false (default)
2022-07-30 01:50:01,925 [pool-624-thread-1] INFO  server.RaftServerConfigKeys (ConfUtils.java:logGet(46)) - raft.server.retrycache.expirytime = 600000ms (custom)
2022-07-30 01:50:01,925 [pool-624-thread-1] INFO  server.RaftServerConfigKeys (ConfUtils.java:logGet(46)) - raft.server.retrycache.statistics.expirytime = 100μs (default)
2022-07-30 01:50:01,926 [pool-624-thread-1] INFO  server.RaftServerConfigKeys (ConfUtils.java:logGet(46)) - raft.server.log.appender.install.snapshot.enabled = false (custom)
2022-07-30 01:50:01,926 [pool-624-thread-1] INFO  server.RaftServerConfigKeys (ConfUtils.java:logGet(46)) - raft.server.threadpool.server.cached = true (default)
2022-07-30 01:50:01,926 [pool-624-thread-1] INFO  server.RaftServerConfigKeys (ConfUtils.java:logGet(46)) - raft.server.threadpool.server.size = 0 (default)
2022-07-30 01:50:01,926 [pool-624-thread-1] INFO  server.RaftServerConfigKeys (ConfUtils.java:logGet(46)) - raft.server.threadpool.client.cached = true (default)
2022-07-30 01:50:01,926 [pool-624-thread-1] INFO  server.RaftServerConfigKeys (ConfUtils.java:logGet(46)) - raft.server.threadpool.client.size = 0 (default)
2022-07-30 01:50:01,926 [pool-624-thread-1] INFO  server.RaftServer$Division (RaftServerImpl.java:start(310)) - fb78403e-0909-4251-8a90-abb070a55978@group-5F0821B3B682: start as a follower, conf=-1: [fb78403e-0909-4251-8a90-abb070a55978|rpc:10.1.0.37:34863|dataStream:|priority:0, fffd16ef-e5b7-4790-a173-7212d78e76a6|rpc:10.1.0.37:35259|dataStream:|priority:1, 55bd67d6-70e0-4a0b-ba40-fbb5acf7f14f|rpc:10.1.0.37:45159|dataStream:|priority:0], old=null
2022-07-30 01:50:01,926 [pool-624-thread-1] INFO  server.RaftServer$Division (RaftServerImpl.java:setRole(299)) - fb78403e-0909-4251-8a90-abb070a55978@group-5F0821B3B682: changes role from      null to FOLLOWER at term 0 for startAsFollower
2022-07-30 01:50:01,926 [pool-624-thread-1] INFO  impl.RoleInfo (RoleInfo.java:updateAndGet(139)) - fb78403e-0909-4251-8a90-abb070a55978: start fb78403e-0909-4251-8a90-abb070a55978@group-5F0821B3B682-FollowerState
2022-07-30 01:50:01,927 [pool-624-thread-1] INFO  util.JmxRegister (JmxRegister.java:tryRegister(44)) - Successfully registered JMX Bean with object name Ratis:service=RaftServer,group=group-5F0821B3B682,id=fb78403e-0909-4251-8a90-abb070a55978
2022-07-30 01:50:01,998 [grpc-default-executor-0] INFO  server.RaftServer (RaftServerProxy.java:addNew(96)) - 55bd67d6-70e0-4a0b-ba40-fbb5acf7f14f: addNew group-5F0821B3B682:[fb78403e-0909-4251-8a90-abb070a55978|rpc:10.1.0.37:34863|dataStream:|priority:0, fffd16ef-e5b7-4790-a173-7212d78e76a6|rpc:10.1.0.37:35259|dataStream:|priority:1, 55bd67d6-70e0-4a0b-ba40-fbb5acf7f14f|rpc:10.1.0.37:45159|dataStream:|priority:0] returns group-5F0821B3B682:java.util.concurrent.CompletableFuture@54964fc5[Not completed]
2022-07-30 01:50:01,999 [pool-647-thread-1] INFO  server.RaftServer$Division (RaftServerImpl.java:<init>(190)) - 55bd67d6-70e0-4a0b-ba40-fbb5acf7f14f: new RaftServerImpl for group-5F0821B3B682:[fb78403e-0909-4251-8a90-abb070a55978|rpc:10.1.0.37:34863|dataStream:|priority:0, fffd16ef-e5b7-4790-a173-7212d78e76a6|rpc:10.1.0.37:35259|dataStream:|priority:1, 55bd67d6-70e0-4a0b-ba40-fbb5acf7f14f|rpc:10.1.0.37:45159|dataStream:|priority:0] with ContainerStateMachine:uninitialized
2022-07-30 01:50:01,999 [pool-647-thread-1] INFO  server.RaftServerConfigKeys (ConfUtils.java:logGet(46)) - raft.server.rpc.timeout.min = 5s (custom)
2022-07-30 01:50:01,999 [pool-647-thread-1] INFO  server.RaftServerConfigKeys (ConfUtils.java:logGet(46)) - raft.server.rpc.timeout.max = 5200ms (custom)
2022-07-30 01:50:01,999 [pool-647-thread-1] INFO  server.RaftServerConfigKeys (ConfUtils.java:logGet(46)) - raft.server.rpc.sleep.time = 25ms (default)
2022-07-30 01:50:01,999 [pool-647-thread-1] INFO  server.RaftServerConfigKeys (ConfUtils.java:logGet(46)) - raft.server.rpc.slowness.timeout = 300s (custom)
2022-07-30 01:50:01,999 [pool-647-thread-1] INFO  server.RaftServerConfigKeys (ConfUtils.java:logGet(46)) - raft.server.leaderelection.leader.step-down.wait-time = 10s (default)
2022-07-30 01:50:01,999 [pool-647-thread-1] INFO  server.RaftServerConfigKeys (ConfUtils.java:logGet(46)) - raft.server.sleep.deviation.threshold = 300ms (default)
2022-07-30 01:50:02,000 [pool-647-thread-1] INFO  server.RaftServer$Division (ServerState.java:<init>(107)) - 55bd67d6-70e0-4a0b-ba40-fbb5acf7f14f@group-5F0821B3B682: ConfigurationManager, init=-1: [fb78403e-0909-4251-8a90-abb070a55978|rpc:10.1.0.37:34863|dataStream:|priority:0, fffd16ef-e5b7-4790-a173-7212d78e76a6|rpc:10.1.0.37:35259|dataStream:|priority:1, 55bd67d6-70e0-4a0b-ba40-fbb5acf7f14f|rpc:10.1.0.37:45159|dataStream:|priority:0], old=null, confs=<EMPTY_MAP>
2022-07-30 01:50:02,000 [pool-647-thread-1] INFO  server.RaftServerConfigKeys (ConfUtils.java:logGet(46)) - raft.server.storage.dir = [/home/runner/work/ozone/ozone/hadoop-ozone/integration-test/target/test-dir/MiniOzoneClusterImpl-aa47c88b-9cdf-4da5-a3b2-16d3d6598e2f/datanode-2/data/ratis] (custom)
2022-07-30 01:50:02,000 [pool-647-thread-1] INFO  server.RaftServerConfigKeys (ConfUtils.java:logGet(46)) - raft.server.log.corruption.policy = EXCEPTION (default)
2022-07-30 01:50:02,000 [pool-647-thread-1] INFO  server.RaftServerConfigKeys (ConfUtils.java:logGet(46)) - raft.server.storage.free-space.min = 0MB (=0) (default)
2022-07-30 01:50:02,000 [pool-647-thread-1] INFO  storage.RaftStorageDirectory (RaftStorageDirectoryImpl.java:analyzeStorage(135)) - The storage directory /home/runner/work/ozone/ozone/hadoop-ozone/integration-test/target/test-dir/MiniOzoneClusterImpl-aa47c88b-9cdf-4da5-a3b2-16d3d6598e2f/datanode-2/data/ratis/ade1f269-edfe-4124-a855-5f0821b3b682 does not exist. Creating ...
2022-07-30 01:50:02,003 [pool-647-thread-1] INFO  storage.RaftStorageDirectory (RaftStorageDirectoryImpl.java:tryLock(230)) - Lock on /home/runner/work/ozone/ozone/hadoop-ozone/integration-test/target/test-dir/MiniOzoneClusterImpl-aa47c88b-9cdf-4da5-a3b2-16d3d6598e2f/datanode-2/data/ratis/ade1f269-edfe-4124-a855-5f0821b3b682/in_use.lock acquired by nodename 10860@fv-az297-62
2022-07-30 01:50:02,006 [pool-647-thread-1] INFO  storage.RaftStorage (RaftStorageImpl.java:format(89)) - Storage directory /home/runner/work/ozone/ozone/hadoop-ozone/integration-test/target/test-dir/MiniOzoneClusterImpl-aa47c88b-9cdf-4da5-a3b2-16d3d6598e2f/datanode-2/data/ratis/ade1f269-edfe-4124-a855-5f0821b3b682 has been successfully formatted.
2022-07-30 01:50:02,006 [pool-647-thread-1] INFO  ratis.ContainerStateMachine (ContainerStateMachine.java:loadSnapshot(236)) - group-5F0821B3B682: The snapshot info is null. Setting the last applied indexto:(t:0, i:~)
2022-07-30 01:50:02,007 [pool-647-thread-1] INFO  server.RaftServerConfigKeys (ConfUtils.java:logGet(46)) - raft.server.notification.no-leader.timeout = 300s (custom)
2022-07-30 01:50:02,007 [pool-647-thread-1] INFO  server.RaftServerConfigKeys (ConfUtils.java:logGet(46)) - raft.server.log.use.memory = false (default)
2022-07-30 01:50:02,007 [pool-647-thread-1] INFO  server.RaftServerConfigKeys (ConfUtils.java:logGet(46)) - raft.server.log.purge.gap = 1000000 (custom)
2022-07-30 01:50:02,007 [pool-647-thread-1] INFO  server.RaftServerConfigKeys (ConfUtils.java:logGet(46)) - raft.server.log.appender.buffer.byte-limit = 33554432 (custom)
2022-07-30 01:50:02,007 [pool-647-thread-1] INFO  server.RaftServerConfigKeys (ConfUtils.java:logGet(46)) - raft.server.log.statemachine.data.read.timeout = 1000ms (default)
2022-07-30 01:50:02,007 [pool-647-thread-1] INFO  server.RaftServerConfigKeys (ConfUtils.java:logGet(46)) - raft.server.log.segment.size.max = 1048576 (custom)
2022-07-30 01:50:02,008 [pool-647-thread-1] INFO  server.RaftServerConfigKeys (ConfUtils.java:logGet(46)) - raft.server.log.segment.cache.num.max = 2 (custom)
2022-07-30 01:50:02,008 [pool-647-thread-1] INFO  server.RaftServerConfigKeys (ConfUtils.java:logGet(46)) - raft.server.log.segment.cache.size.max = 200MB (=209715200) (default)
2022-07-30 01:50:02,008 [pool-647-thread-1] INFO  segmented.SegmentedRaftLogWorker (SegmentedRaftLogWorker.java:<init>(187)) - new 55bd67d6-70e0-4a0b-ba40-fbb5acf7f14f@group-5F0821B3B682-SegmentedRaftLogWorker for RaftStorageImpl:Storage Directory /home/runner/work/ozone/ozone/hadoop-ozone/integration-test/target/test-dir/MiniOzoneClusterImpl-aa47c88b-9cdf-4da5-a3b2-16d3d6598e2f/datanode-2/data/ratis/ade1f269-edfe-4124-a855-5f0821b3b682
2022-07-30 01:50:02,008 [pool-647-thread-1] INFO  server.RaftServerConfigKeys (ConfUtils.java:logGet(46)) - raft.server.log.queue.byte-limit = 4294967296 (custom)
2022-07-30 01:50:02,008 [pool-647-thread-1] INFO  server.RaftServerConfigKeys (ConfUtils.java:logGet(46)) - raft.server.log.queue.element-limit = 1024 (custom)
2022-07-30 01:50:02,008 [pool-647-thread-1] INFO  server.RaftServerConfigKeys (ConfUtils.java:logGet(46)) - raft.server.log.segment.size.max = 1048576 (custom)
2022-07-30 01:50:02,008 [pool-647-thread-1] INFO  server.RaftServerConfigKeys (ConfUtils.java:logGet(46)) - raft.server.log.preallocated.size = 16384 (custom)
2022-07-30 01:50:02,008 [pool-647-thread-1] INFO  server.RaftServerConfigKeys (ConfUtils.java:logGet(46)) - raft.server.log.force.sync.num = 128 (default)
2022-07-30 01:50:02,008 [pool-647-thread-1] INFO  server.RaftServerConfigKeys (ConfUtils.java:logGet(46)) - raft.server.log.statemachine.data.sync = true (default)
2022-07-30 01:50:02,008 [pool-647-thread-1] INFO  server.RaftServerConfigKeys (ConfUtils.java:logGet(46)) - raft.server.log.statemachine.data.sync.timeout = 10s (default)
2022-07-30 01:50:02,008 [pool-647-thread-1] INFO  server.RaftServerConfigKeys (ConfUtils.java:logGet(46)) - raft.server.log.statemachine.data.sync.timeout.retry = -1 (default)
2022-07-30 01:50:02,009 [pool-647-thread-1] INFO  server.RaftServerConfigKeys (ConfUtils.java:logGet(46)) - raft.server.log.write.buffer.size = 1048576 (custom)
2022-07-30 01:50:02,010 [pool-647-thread-1] INFO  server.RaftServerConfigKeys (ConfUtils.java:logGet(46)) - raft.server.log.unsafe-flush.enabled = false (default)
2022-07-30 01:50:02,010 [pool-647-thread-1] INFO  server.RaftServerConfigKeys (ConfUtils.java:logGet(46)) - raft.server.log.statemachine.data.caching.enabled = true (custom)
2022-07-30 01:50:02,013 [pool-647-thread-1] INFO  segmented.SegmentedRaftLogWorker (SegmentedRaftLogWorker.java:lambda$new$0(135)) - 55bd67d6-70e0-4a0b-ba40-fbb5acf7f14f@group-5F0821B3B682-SegmentedRaftLogWorker: flushIndex: setUnconditionally 0 -> -1
2022-07-30 01:50:02,013 [pool-647-thread-1] INFO  segmented.SegmentedRaftLogWorker (SegmentedRaftLogWorker.java:lambda$new$0(135)) - 55bd67d6-70e0-4a0b-ba40-fbb5acf7f14f@group-5F0821B3B682-SegmentedRaftLogWorker: safeCacheEvictIndex: setUnconditionally 0 -> -1
2022-07-30 01:50:02,013 [pool-647-thread-1] INFO  server.RaftServerConfigKeys (ConfUtils.java:logGet(46)) - raft.server.snapshot.auto.trigger.enabled = true (custom)
2022-07-30 01:50:02,013 [pool-647-thread-1] INFO  server.RaftServerConfigKeys (ConfUtils.java:logGet(46)) - raft.server.snapshot.auto.trigger.threshold = 10000 (custom)
2022-07-30 01:50:02,013 [pool-647-thread-1] INFO  server.RaftServerConfigKeys (ConfUtils.java:logGet(46)) - raft.server.snapshot.retention.file.num = 5 (custom)
2022-07-30 01:50:02,014 [pool-647-thread-1] INFO  server.RaftServerConfigKeys (ConfUtils.java:logGet(46)) - raft.server.log.purge.upto.snapshot.index = false (default)
2022-07-30 01:50:02,014 [pool-647-thread-1] INFO  server.RaftServerConfigKeys (ConfUtils.java:logGet(46)) - raft.server.retrycache.expirytime = 600000ms (custom)
2022-07-30 01:50:02,014 [pool-647-thread-1] INFO  server.RaftServerConfigKeys (ConfUtils.java:logGet(46)) - raft.server.retrycache.statistics.expirytime = 100μs (default)
2022-07-30 01:50:02,015 [pool-647-thread-1] INFO  server.RaftServerConfigKeys (ConfUtils.java:logGet(46)) - raft.server.log.appender.install.snapshot.enabled = false (custom)
2022-07-30 01:50:02,015 [pool-647-thread-1] INFO  server.RaftServerConfigKeys (ConfUtils.java:logGet(46)) - raft.server.threadpool.server.cached = true (default)
2022-07-30 01:50:02,015 [pool-647-thread-1] INFO  server.RaftServerConfigKeys (ConfUtils.java:logGet(46)) - raft.server.threadpool.server.size = 0 (default)
2022-07-30 01:50:02,015 [pool-647-thread-1] INFO  server.RaftServerConfigKeys (ConfUtils.java:logGet(46)) - raft.server.threadpool.client.cached = true (default)
2022-07-30 01:50:02,015 [pool-647-thread-1] INFO  server.RaftServerConfigKeys (ConfUtils.java:logGet(46)) - raft.server.threadpool.client.size = 0 (default)
2022-07-30 01:50:02,015 [pool-647-thread-1] INFO  server.RaftServer$Division (RaftServerImpl.java:start(310)) - 55bd67d6-70e0-4a0b-ba40-fbb5acf7f14f@group-5F0821B3B682: start as a follower, conf=-1: [fb78403e-0909-4251-8a90-abb070a55978|rpc:10.1.0.37:34863|dataStream:|priority:0, fffd16ef-e5b7-4790-a173-7212d78e76a6|rpc:10.1.0.37:35259|dataStream:|priority:1, 55bd67d6-70e0-4a0b-ba40-fbb5acf7f14f|rpc:10.1.0.37:45159|dataStream:|priority:0], old=null
2022-07-30 01:50:02,015 [pool-647-thread-1] INFO  server.RaftServer$Division (RaftServerImpl.java:setRole(299)) - 55bd67d6-70e0-4a0b-ba40-fbb5acf7f14f@group-5F0821B3B682: changes role from      null to FOLLOWER at term 0 for startAsFollower
2022-07-30 01:50:02,015 [pool-647-thread-1] INFO  impl.RoleInfo (RoleInfo.java:updateAndGet(139)) - 55bd67d6-70e0-4a0b-ba40-fbb5acf7f14f: start 55bd67d6-70e0-4a0b-ba40-fbb5acf7f14f@group-5F0821B3B682-FollowerState
2022-07-30 01:50:02,026 [pool-647-thread-1] INFO  util.JmxRegister (JmxRegister.java:tryRegister(44)) - Successfully registered JMX Bean with object name Ratis:service=RaftServer,group=group-5F0821B3B682,id=55bd67d6-70e0-4a0b-ba40-fbb5acf7f14f
2022-07-30 01:50:02,053 [Command processor thread] INFO  commandhandler.CreatePipelineCommandHandler (CreatePipelineCommandHandler.java:handle(113)) - Created Pipeline RATIS THREE PipelineID=ade1f269-edfe-4124-a855-5f0821b3b682.
2022-07-30 01:50:02,101 [Command processor thread] INFO  server.RaftServer (RaftServerProxy.java:addNew(96)) - fb78403e-0909-4251-8a90-abb070a55978: addNew group-AB0D8628DD53:[fb78403e-0909-4251-8a90-abb070a55978|rpc:10.1.0.37:34863|priority:1] returns group-AB0D8628DD53:java.util.concurrent.CompletableFuture@75f2c7ff[Not completed]
2022-07-30 01:50:02,102 [pool-624-thread-1] INFO  server.RaftServer$Division (RaftServerImpl.java:<init>(190)) - fb78403e-0909-4251-8a90-abb070a55978: new RaftServerImpl for group-AB0D8628DD53:[fb78403e-0909-4251-8a90-abb070a55978|rpc:10.1.0.37:34863|priority:1] with ContainerStateMachine:uninitialized
2022-07-30 01:50:02,102 [pool-624-thread-1] INFO  server.RaftServerConfigKeys (ConfUtils.java:logGet(46)) - raft.server.rpc.timeout.min = 5s (custom)
2022-07-30 01:50:02,102 [pool-624-thread-1] INFO  server.RaftServerConfigKeys (ConfUtils.java:logGet(46)) - raft.server.rpc.timeout.max = 5200ms (custom)
2022-07-30 01:50:02,102 [pool-624-thread-1] INFO  server.RaftServerConfigKeys (ConfUtils.java:logGet(46)) - raft.server.rpc.sleep.time = 25ms (default)
2022-07-30 01:50:02,102 [pool-624-thread-1] INFO  server.RaftServerConfigKeys (ConfUtils.java:logGet(46)) - raft.server.rpc.slowness.timeout = 300s (custom)
2022-07-30 01:50:02,102 [pool-624-thread-1] INFO  server.RaftServerConfigKeys (ConfUtils.java:logGet(46)) - raft.server.leaderelection.leader.step-down.wait-time = 10s (default)
2022-07-30 01:50:02,102 [pool-624-thread-1] INFO  server.RaftServerConfigKeys (ConfUtils.java:logGet(46)) - raft.server.sleep.deviation.threshold = 300ms (default)
2022-07-30 01:50:02,102 [pool-624-thread-1] INFO  server.RaftServer$Division (ServerState.java:<init>(107)) - fb78403e-0909-4251-8a90-abb070a55978@group-AB0D8628DD53: ConfigurationManager, init=-1: [fb78403e-0909-4251-8a90-abb070a55978|rpc:10.1.0.37:34863|priority:1], old=null, confs=<EMPTY_MAP>
2022-07-30 01:50:02,102 [pool-624-thread-1] INFO  server.RaftServerConfigKeys (ConfUtils.java:logGet(46)) - raft.server.storage.dir = [/home/runner/work/ozone/ozone/hadoop-ozone/integration-test/target/test-dir/MiniOzoneClusterImpl-aa47c88b-9cdf-4da5-a3b2-16d3d6598e2f/datanode-1/data/ratis] (custom)
2022-07-30 01:50:02,102 [pool-624-thread-1] INFO  server.RaftServerConfigKeys (ConfUtils.java:logGet(46)) - raft.server.log.corruption.policy = EXCEPTION (default)
2022-07-30 01:50:02,102 [pool-624-thread-1] INFO  server.RaftServerConfigKeys (ConfUtils.java:logGet(46)) - raft.server.storage.free-space.min = 0MB (=0) (default)
2022-07-30 01:50:02,102 [pool-624-thread-1] INFO  storage.RaftStorageDirectory (RaftStorageDirectoryImpl.java:analyzeStorage(135)) - The storage directory /home/runner/work/ozone/ozone/hadoop-ozone/integration-test/target/test-dir/MiniOzoneClusterImpl-aa47c88b-9cdf-4da5-a3b2-16d3d6598e2f/datanode-1/data/ratis/3aecd29b-bb45-4fd9-a682-ab0d8628dd53 does not exist. Creating ...
2022-07-30 01:50:02,105 [pool-624-thread-1] INFO  storage.RaftStorageDirectory (RaftStorageDirectoryImpl.java:tryLock(230)) - Lock on /home/runner/work/ozone/ozone/hadoop-ozone/integration-test/target/test-dir/MiniOzoneClusterImpl-aa47c88b-9cdf-4da5-a3b2-16d3d6598e2f/datanode-1/data/ratis/3aecd29b-bb45-4fd9-a682-ab0d8628dd53/in_use.lock acquired by nodename 10860@fv-az297-62
2022-07-30 01:50:02,107 [pool-624-thread-1] INFO  storage.RaftStorage (RaftStorageImpl.java:format(89)) - Storage directory /home/runner/work/ozone/ozone/hadoop-ozone/integration-test/target/test-dir/MiniOzoneClusterImpl-aa47c88b-9cdf-4da5-a3b2-16d3d6598e2f/datanode-1/data/ratis/3aecd29b-bb45-4fd9-a682-ab0d8628dd53 has been successfully formatted.
2022-07-30 01:50:02,108 [pool-624-thread-1] INFO  ratis.ContainerStateMachine (ContainerStateMachine.java:loadSnapshot(236)) - group-AB0D8628DD53: The snapshot info is null. Setting the last applied indexto:(t:0, i:~)
2022-07-30 01:50:02,109 [pool-624-thread-1] INFO  server.RaftServerConfigKeys (ConfUtils.java:logGet(46)) - raft.server.notification.no-leader.timeout = 300s (custom)
2022-07-30 01:50:02,109 [pool-624-thread-1] INFO  server.RaftServerConfigKeys (ConfUtils.java:logGet(46)) - raft.server.log.use.memory = false (default)
2022-07-30 01:50:02,109 [pool-624-thread-1] INFO  server.RaftServerConfigKeys (ConfUtils.java:logGet(46)) - raft.server.log.purge.gap = 1000000 (custom)
2022-07-30 01:50:02,109 [pool-624-thread-1] INFO  server.RaftServerConfigKeys (ConfUtils.java:logGet(46)) - raft.server.log.appender.buffer.byte-limit = 33554432 (custom)
2022-07-30 01:50:02,109 [pool-624-thread-1] INFO  server.RaftServerConfigKeys (ConfUtils.java:logGet(46)) - raft.server.log.statemachine.data.read.timeout = 1000ms (default)
2022-07-30 01:50:02,109 [pool-624-thread-1] INFO  server.RaftServerConfigKeys (ConfUtils.java:logGet(46)) - raft.server.log.segment.size.max = 1048576 (custom)
2022-07-30 01:50:02,110 [pool-624-thread-1] INFO  server.RaftServerConfigKeys (ConfUtils.java:logGet(46)) - raft.server.log.segment.cache.num.max = 2 (custom)
2022-07-30 01:50:02,110 [pool-624-thread-1] INFO  server.RaftServerConfigKeys (ConfUtils.java:logGet(46)) - raft.server.log.segment.cache.size.max = 200MB (=209715200) (default)
2022-07-30 01:50:02,112 [EventQueue-PipelineReportForPipelineReportHandler] INFO  pipeline.PipelineManagerImpl (PipelineManagerImpl.java:openPipeline(367)) - Pipeline Pipeline[ Id: 3aecd29b-bb45-4fd9-a682-ab0d8628dd53, Nodes: fb78403e-0909-4251-8a90-abb070a55978{ip: 10.1.0.37, host: fv-az297-62.nmf1rxwemy4u5di1sxxf4ejcwb.jx.internal.cloudapp.net, ports: [REPLICATION=40773, RATIS=34863, RATIS_ADMIN=34863, RATIS_SERVER=34863, STANDALONE=33057], networkLocation: /default-rack, certSerialId: null, persistedOpState: IN_SERVICE, persistedOpStateExpiryEpochSec: 0}, ReplicationConfig: RATIS/ONE, State:ALLOCATED, leaderId:fb78403e-0909-4251-8a90-abb070a55978, CreationTimestamp2022-07-30T01:49:59.184Z[Etc/UTC]] moved to OPEN state
2022-07-30 01:50:02,112 [EventQueue-OpenPipelineForHealthyPipelineSafeModeRule] INFO  safemode.SCMSafeModeManager (HealthyPipelineSafeModeRule.java:process(137)) - SCM in safe mode. Healthy pipelines reported count is 0, required healthy pipeline reported count is 1
2022-07-30 01:50:02,113 [pool-624-thread-1] INFO  segmented.SegmentedRaftLogWorker (SegmentedRaftLogWorker.java:<init>(187)) - new fb78403e-0909-4251-8a90-abb070a55978@group-AB0D8628DD53-SegmentedRaftLogWorker for RaftStorageImpl:Storage Directory /home/runner/work/ozone/ozone/hadoop-ozone/integration-test/target/test-dir/MiniOzoneClusterImpl-aa47c88b-9cdf-4da5-a3b2-16d3d6598e2f/datanode-1/data/ratis/3aecd29b-bb45-4fd9-a682-ab0d8628dd53
2022-07-30 01:50:02,113 [pool-624-thread-1] INFO  server.RaftServerConfigKeys (ConfUtils.java:logGet(46)) - raft.server.log.queue.byte-limit = 4294967296 (custom)
2022-07-30 01:50:02,114 [pool-624-thread-1] INFO  server.RaftServerConfigKeys (ConfUtils.java:logGet(46)) - raft.server.log.queue.element-limit = 1024 (custom)
2022-07-30 01:50:02,114 [pool-624-thread-1] INFO  server.RaftServerConfigKeys (ConfUtils.java:logGet(46)) - raft.server.log.segment.size.max = 1048576 (custom)
2022-07-30 01:50:02,114 [pool-624-thread-1] INFO  server.RaftServerConfigKeys (ConfUtils.java:logGet(46)) - raft.server.log.preallocated.size = 16384 (custom)
2022-07-30 01:50:02,114 [pool-624-thread-1] INFO  server.RaftServerConfigKeys (ConfUtils.java:logGet(46)) - raft.server.log.force.sync.num = 128 (default)
2022-07-30 01:50:02,114 [pool-624-thread-1] INFO  server.RaftServerConfigKeys (ConfUtils.java:logGet(46)) - raft.server.log.statemachine.data.sync = true (default)
2022-07-30 01:50:02,114 [pool-624-thread-1] INFO  server.RaftServerConfigKeys (ConfUtils.java:logGet(46)) - raft.server.log.statemachine.data.sync.timeout = 10s (default)
2022-07-30 01:50:02,114 [pool-624-thread-1] INFO  server.RaftServerConfigKeys (ConfUtils.java:logGet(46)) - raft.server.log.statemachine.data.sync.timeout.retry = -1 (default)
2022-07-30 01:50:02,115 [pool-624-thread-1] INFO  server.RaftServerConfigKeys (ConfUtils.java:logGet(46)) - raft.server.log.write.buffer.size = 1048576 (custom)
2022-07-30 01:50:02,115 [pool-624-thread-1] INFO  server.RaftServerConfigKeys (ConfUtils.java:logGet(46)) - raft.server.log.unsafe-flush.enabled = false (default)
2022-07-30 01:50:02,116 [pool-624-thread-1] INFO  server.RaftServerConfigKeys (ConfUtils.java:logGet(46)) - raft.server.log.statemachine.data.caching.enabled = true (custom)
2022-07-30 01:50:02,116 [pool-624-thread-1] INFO  segmented.SegmentedRaftLogWorker (SegmentedRaftLogWorker.java:lambda$new$0(135)) - fb78403e-0909-4251-8a90-abb070a55978@group-AB0D8628DD53-SegmentedRaftLogWorker: flushIndex: setUnconditionally 0 -> -1
2022-07-30 01:50:02,116 [pool-624-thread-1] INFO  segmented.SegmentedRaftLogWorker (SegmentedRaftLogWorker.java:lambda$new$0(135)) - fb78403e-0909-4251-8a90-abb070a55978@group-AB0D8628DD53-SegmentedRaftLogWorker: safeCacheEvictIndex: setUnconditionally 0 -> -1
2022-07-30 01:50:02,118 [pool-624-thread-1] INFO  server.RaftServerConfigKeys (ConfUtils.java:logGet(46)) - raft.server.snapshot.auto.trigger.enabled = true (custom)
2022-07-30 01:50:02,118 [pool-624-thread-1] INFO  server.RaftServerConfigKeys (ConfUtils.java:logGet(46)) - raft.server.snapshot.auto.trigger.threshold = 10000 (custom)
2022-07-30 01:50:02,118 [pool-624-thread-1] INFO  server.RaftServerConfigKeys (ConfUtils.java:logGet(46)) - raft.server.snapshot.retention.file.num = 5 (custom)
2022-07-30 01:50:02,118 [pool-624-thread-1] INFO  server.RaftServerConfigKeys (ConfUtils.java:logGet(46)) - raft.server.log.purge.upto.snapshot.index = false (default)
2022-07-30 01:50:02,119 [pool-624-thread-1] INFO  server.RaftServerConfigKeys (ConfUtils.java:logGet(46)) - raft.server.retrycache.expirytime = 600000ms (custom)
2022-07-30 01:50:02,119 [pool-624-thread-1] INFO  server.RaftServerConfigKeys (ConfUtils.java:logGet(46)) - raft.server.retrycache.statistics.expirytime = 100μs (default)
2022-07-30 01:50:02,120 [pool-624-thread-1] INFO  server.RaftServerConfigKeys (ConfUtils.java:logGet(46)) - raft.server.log.appender.install.snapshot.enabled = false (custom)
2022-07-30 01:50:02,120 [pool-624-thread-1] INFO  server.RaftServerConfigKeys (ConfUtils.java:logGet(46)) - raft.server.threadpool.server.cached = true (default)
2022-07-30 01:50:02,120 [pool-624-thread-1] INFO  server.RaftServerConfigKeys (ConfUtils.java:logGet(46)) - raft.server.threadpool.server.size = 0 (default)
2022-07-30 01:50:02,120 [pool-624-thread-1] INFO  server.RaftServerConfigKeys (ConfUtils.java:logGet(46)) - raft.server.threadpool.client.cached = true (default)
2022-07-30 01:50:02,120 [pool-624-thread-1] INFO  server.RaftServerConfigKeys (ConfUtils.java:logGet(46)) - raft.server.threadpool.client.size = 0 (default)
2022-07-30 01:50:02,120 [pool-624-thread-1] INFO  server.RaftServer$Division (RaftServerImpl.java:start(310)) - fb78403e-0909-4251-8a90-abb070a55978@group-AB0D8628DD53: start as a follower, conf=-1: [fb78403e-0909-4251-8a90-abb070a55978|rpc:10.1.0.37:34863|priority:1], old=null
2022-07-30 01:50:02,120 [pool-624-thread-1] INFO  server.RaftServer$Division (RaftServerImpl.java:setRole(299)) - fb78403e-0909-4251-8a90-abb070a55978@group-AB0D8628DD53: changes role from      null to FOLLOWER at term 0 for startAsFollower
2022-07-30 01:50:02,120 [pool-624-thread-1] INFO  impl.RoleInfo (RoleInfo.java:updateAndGet(139)) - fb78403e-0909-4251-8a90-abb070a55978: start fb78403e-0909-4251-8a90-abb070a55978@group-AB0D8628DD53-FollowerState
2022-07-30 01:50:02,122 [pool-624-thread-1] INFO  util.JmxRegister (JmxRegister.java:tryRegister(44)) - Successfully registered JMX Bean with object name Ratis:service=RaftServer,group=group-AB0D8628DD53,id=fb78403e-0909-4251-8a90-abb070a55978
2022-07-30 01:50:02,122 [Command processor thread] INFO  ratis.XceiverServerRatis (XceiverServerRatis.java:addGroup(765)) - Created group PipelineID=3aecd29b-bb45-4fd9-a682-ab0d8628dd53
2022-07-30 01:50:02,123 [Command processor thread] INFO  commandhandler.CreatePipelineCommandHandler (CreatePipelineCommandHandler.java:handle(113)) - Created Pipeline RATIS ONE PipelineID=3aecd29b-bb45-4fd9-a682-ab0d8628dd53.
2022-07-30 01:50:02,815 [Listener at 127.0.0.1/41659] INFO  ozone.MiniOzoneClusterImpl (MiniOzoneClusterImpl.java:lambda$waitForClusterToBeReady$0(216)) - Nodes are ready. Got 5 of 5 DN Heartbeats.
2022-07-30 01:50:02,816 [Listener at 127.0.0.1/41659] INFO  ozone.MiniOzoneClusterImpl (MiniOzoneClusterImpl.java:lambda$waitForClusterToBeReady$0(219)) - Waiting for cluster to exit safe mode
2022-07-30 01:50:02,816 [Listener at 127.0.0.1/41659] INFO  ozone.MiniOzoneClusterImpl (MiniOzoneClusterImpl.java:lambda$waitForClusterToBeReady$0(221)) - SCM became leader
2022-07-30 01:50:02,843 [Command processor thread] INFO  server.RaftServer (RaftServerProxy.java:addNew(96)) - 55bd67d6-70e0-4a0b-ba40-fbb5acf7f14f: addNew group-05AFCCAE1F13:[55bd67d6-70e0-4a0b-ba40-fbb5acf7f14f|rpc:10.1.0.37:45159|priority:1] returns group-05AFCCAE1F13:java.util.concurrent.CompletableFuture@47910d1a[Not completed]
2022-07-30 01:50:02,844 [pool-647-thread-1] INFO  server.RaftServer$Division (RaftServerImpl.java:<init>(190)) - 55bd67d6-70e0-4a0b-ba40-fbb5acf7f14f: new RaftServerImpl for group-05AFCCAE1F13:[55bd67d6-70e0-4a0b-ba40-fbb5acf7f14f|rpc:10.1.0.37:45159|priority:1] with ContainerStateMachine:uninitialized
2022-07-30 01:50:02,844 [pool-647-thread-1] INFO  server.RaftServerConfigKeys (ConfUtils.java:logGet(46)) - raft.server.rpc.timeout.min = 5s (custom)
2022-07-30 01:50:02,844 [pool-647-thread-1] INFO  server.RaftServerConfigKeys (ConfUtils.java:logGet(46)) - raft.server.rpc.timeout.max = 5200ms (custom)
2022-07-30 01:50:02,844 [pool-647-thread-1] INFO  server.RaftServerConfigKeys (ConfUtils.java:logGet(46)) - raft.server.rpc.sleep.time = 25ms (default)
2022-07-30 01:50:02,844 [pool-647-thread-1] INFO  server.RaftServerConfigKeys (ConfUtils.java:logGet(46)) - raft.server.rpc.slowness.timeout = 300s (custom)
2022-07-30 01:50:02,844 [pool-647-thread-1] INFO  server.RaftServerConfigKeys (ConfUtils.java:logGet(46)) - raft.server.leaderelection.leader.step-down.wait-time = 10s (default)
2022-07-30 01:50:02,844 [pool-647-thread-1] INFO  server.RaftServerConfigKeys (ConfUtils.java:logGet(46)) - raft.server.sleep.deviation.threshold = 300ms (default)
2022-07-30 01:50:02,844 [pool-647-thread-1] INFO  server.RaftServer$Division (ServerState.java:<init>(107)) - 55bd67d6-70e0-4a0b-ba40-fbb5acf7f14f@group-05AFCCAE1F13: ConfigurationManager, init=-1: [55bd67d6-70e0-4a0b-ba40-fbb5acf7f14f|rpc:10.1.0.37:45159|priority:1], old=null, confs=<EMPTY_MAP>
2022-07-30 01:50:02,844 [pool-647-thread-1] INFO  server.RaftServerConfigKeys (ConfUtils.java:logGet(46)) - raft.server.storage.dir = [/home/runner/work/ozone/ozone/hadoop-ozone/integration-test/target/test-dir/MiniOzoneClusterImpl-aa47c88b-9cdf-4da5-a3b2-16d3d6598e2f/datanode-2/data/ratis] (custom)
2022-07-30 01:50:02,845 [pool-647-thread-1] INFO  server.RaftServerConfigKeys (ConfUtils.java:logGet(46)) - raft.server.log.corruption.policy = EXCEPTION (default)
2022-07-30 01:50:02,845 [pool-647-thread-1] INFO  server.RaftServerConfigKeys (ConfUtils.java:logGet(46)) - raft.server.storage.free-space.min = 0MB (=0) (default)
2022-07-30 01:50:02,845 [pool-647-thread-1] INFO  storage.RaftStorageDirectory (RaftStorageDirectoryImpl.java:analyzeStorage(135)) - The storage directory /home/runner/work/ozone/ozone/hadoop-ozone/integration-test/target/test-dir/MiniOzoneClusterImpl-aa47c88b-9cdf-4da5-a3b2-16d3d6598e2f/datanode-2/data/ratis/684ffaed-e9b8-4aea-8a7a-05afccae1f13 does not exist. Creating ...
2022-07-30 01:50:02,848 [pool-647-thread-1] INFO  storage.RaftStorageDirectory (RaftStorageDirectoryImpl.java:tryLock(230)) - Lock on /home/runner/work/ozone/ozone/hadoop-ozone/integration-test/target/test-dir/MiniOzoneClusterImpl-aa47c88b-9cdf-4da5-a3b2-16d3d6598e2f/datanode-2/data/ratis/684ffaed-e9b8-4aea-8a7a-05afccae1f13/in_use.lock acquired by nodename 10860@fv-az297-62
2022-07-30 01:50:02,863 [pool-647-thread-1] INFO  storage.RaftStorage (RaftStorageImpl.java:format(89)) - Storage directory /home/runner/work/ozone/ozone/hadoop-ozone/integration-test/target/test-dir/MiniOzoneClusterImpl-aa47c88b-9cdf-4da5-a3b2-16d3d6598e2f/datanode-2/data/ratis/684ffaed-e9b8-4aea-8a7a-05afccae1f13 has been successfully formatted.
2022-07-30 01:50:02,864 [pool-647-thread-1] INFO  ratis.ContainerStateMachine (ContainerStateMachine.java:loadSnapshot(236)) - group-05AFCCAE1F13: The snapshot info is null. Setting the last applied indexto:(t:0, i:~)
2022-07-30 01:50:02,864 [pool-647-thread-1] INFO  server.RaftServerConfigKeys (ConfUtils.java:logGet(46)) - raft.server.notification.no-leader.timeout = 300s (custom)
2022-07-30 01:50:02,864 [pool-647-thread-1] INFO  server.RaftServerConfigKeys (ConfUtils.java:logGet(46)) - raft.server.log.use.memory = false (default)
2022-07-30 01:50:02,864 [pool-647-thread-1] INFO  server.RaftServerConfigKeys (ConfUtils.java:logGet(46)) - raft.server.log.purge.gap = 1000000 (custom)
2022-07-30 01:50:02,864 [pool-647-thread-1] INFO  server.RaftServerConfigKeys (ConfUtils.java:logGet(46)) - raft.server.log.appender.buffer.byte-limit = 33554432 (custom)
2022-07-30 01:50:02,864 [pool-647-thread-1] INFO  server.RaftServerConfigKeys (ConfUtils.java:logGet(46)) - raft.server.log.statemachine.data.read.timeout = 1000ms (default)
2022-07-30 01:50:02,865 [EventQueue-PipelineReportForPipelineReportHandler] INFO  pipeline.PipelineManagerImpl (PipelineManagerImpl.java:openPipeline(367)) - Pipeline Pipeline[ Id: 684ffaed-e9b8-4aea-8a7a-05afccae1f13, Nodes: 55bd67d6-70e0-4a0b-ba40-fbb5acf7f14f{ip: 10.1.0.37, host: fv-az297-62.nmf1rxwemy4u5di1sxxf4ejcwb.jx.internal.cloudapp.net, ports: [REPLICATION=36385, RATIS=45159, RATIS_ADMIN=45159, RATIS_SERVER=45159, STANDALONE=37223], networkLocation: /default-rack, certSerialId: null, persistedOpState: IN_SERVICE, persistedOpStateExpiryEpochSec: 0}, ReplicationConfig: RATIS/ONE, State:ALLOCATED, leaderId:55bd67d6-70e0-4a0b-ba40-fbb5acf7f14f, CreationTimestamp2022-07-30T01:49:59.842Z[Etc/UTC]] moved to OPEN state
2022-07-30 01:50:02,865 [EventQueue-OpenPipelineForHealthyPipelineSafeModeRule] INFO  safemode.SCMSafeModeManager (HealthyPipelineSafeModeRule.java:process(137)) - SCM in safe mode. Healthy pipelines reported count is 0, required healthy pipeline reported count is 1
2022-07-30 01:50:02,866 [pool-647-thread-1] INFO  server.RaftServerConfigKeys (ConfUtils.java:logGet(46)) - raft.server.log.segment.size.max = 1048576 (custom)
2022-07-30 01:50:02,866 [pool-647-thread-1] INFO  server.RaftServerConfigKeys (ConfUtils.java:logGet(46)) - raft.server.log.segment.cache.num.max = 2 (custom)
2022-07-30 01:50:02,866 [pool-647-thread-1] INFO  server.RaftServerConfigKeys (ConfUtils.java:logGet(46)) - raft.server.log.segment.cache.size.max = 200MB (=209715200) (default)
2022-07-30 01:50:02,866 [pool-647-thread-1] INFO  segmented.SegmentedRaftLogWorker (SegmentedRaftLogWorker.java:<init>(187)) - new 55bd67d6-70e0-4a0b-ba40-fbb5acf7f14f@group-05AFCCAE1F13-SegmentedRaftLogWorker for RaftStorageImpl:Storage Directory /home/runner/work/ozone/ozone/hadoop-ozone/integration-test/target/test-dir/MiniOzoneClusterImpl-aa47c88b-9cdf-4da5-a3b2-16d3d6598e2f/datanode-2/data/ratis/684ffaed-e9b8-4aea-8a7a-05afccae1f13
2022-07-30 01:50:02,866 [pool-647-thread-1] INFO  server.RaftServerConfigKeys (ConfUtils.java:logGet(46)) - raft.server.log.queue.byte-limit = 4294967296 (custom)
2022-07-30 01:50:02,866 [pool-647-thread-1] INFO  server.RaftServerConfigKeys (ConfUtils.java:logGet(46)) - raft.server.log.queue.element-limit = 1024 (custom)
2022-07-30 01:50:02,866 [pool-647-thread-1] INFO  server.RaftServerConfigKeys (ConfUtils.java:logGet(46)) - raft.server.log.segment.size.max = 1048576 (custom)
2022-07-30 01:50:02,866 [pool-647-thread-1] INFO  server.RaftServerConfigKeys (ConfUtils.java:logGet(46)) - raft.server.log.preallocated.size = 16384 (custom)
2022-07-30 01:50:02,866 [pool-647-thread-1] INFO  server.RaftServerConfigKeys (ConfUtils.java:logGet(46)) - raft.server.log.force.sync.num = 128 (default)
2022-07-30 01:50:02,866 [pool-647-thread-1] INFO  server.RaftServerConfigKeys (ConfUtils.java:logGet(46)) - raft.server.log.statemachine.data.sync = true (default)
2022-07-30 01:50:02,867 [pool-647-thread-1] INFO  server.RaftServerConfigKeys (ConfUtils.java:logGet(46)) - raft.server.log.statemachine.data.sync.timeout = 10s (default)
2022-07-30 01:50:02,867 [pool-647-thread-1] INFO  server.RaftServerConfigKeys (ConfUtils.java:logGet(46)) - raft.server.log.statemachine.data.sync.timeout.retry = -1 (default)
2022-07-30 01:50:02,867 [pool-647-thread-1] INFO  server.RaftServerConfigKeys (ConfUtils.java:logGet(46)) - raft.server.log.write.buffer.size = 1048576 (custom)
2022-07-30 01:50:02,872 [pool-647-thread-1] INFO  server.RaftServerConfigKeys (ConfUtils.java:logGet(46)) - raft.server.log.unsafe-flush.enabled = false (default)
2022-07-30 01:50:02,872 [pool-647-thread-1] INFO  server.RaftServerConfigKeys (ConfUtils.java:logGet(46)) - raft.server.log.statemachine.data.caching.enabled = true (custom)
2022-07-30 01:50:02,872 [pool-647-thread-1] INFO  segmented.SegmentedRaftLogWorker (SegmentedRaftLogWorker.java:lambda$new$0(135)) - 55bd67d6-70e0-4a0b-ba40-fbb5acf7f14f@group-05AFCCAE1F13-SegmentedRaftLogWorker: flushIndex: setUnconditionally 0 -> -1
2022-07-30 01:50:02,872 [pool-647-thread-1] INFO  segmented.SegmentedRaftLogWorker (SegmentedRaftLogWorker.java:lambda$new$0(135)) - 55bd67d6-70e0-4a0b-ba40-fbb5acf7f14f@group-05AFCCAE1F13-SegmentedRaftLogWorker: safeCacheEvictIndex: setUnconditionally 0 -> -1
2022-07-30 01:50:02,874 [pool-647-thread-1] INFO  server.RaftServerConfigKeys (ConfUtils.java:logGet(46)) - raft.server.snapshot.auto.trigger.enabled = true (custom)
2022-07-30 01:50:02,874 [pool-647-thread-1] INFO  server.RaftServerConfigKeys (ConfUtils.java:logGet(46)) - raft.server.snapshot.auto.trigger.threshold = 10000 (custom)
2022-07-30 01:50:02,874 [pool-647-thread-1] INFO  server.RaftServerConfigKeys (ConfUtils.java:logGet(46)) - raft.server.snapshot.retention.file.num = 5 (custom)
2022-07-30 01:50:02,874 [pool-647-thread-1] INFO  server.RaftServerConfigKeys (ConfUtils.java:logGet(46)) - raft.server.log.purge.upto.snapshot.index = false (default)
2022-07-30 01:50:02,874 [pool-647-thread-1] INFO  server.RaftServerConfigKeys (ConfUtils.java:logGet(46)) - raft.server.retrycache.expirytime = 600000ms (custom)
2022-07-30 01:50:02,874 [pool-647-thread-1] INFO  server.RaftServerConfigKeys (ConfUtils.java:logGet(46)) - raft.server.retrycache.statistics.expirytime = 100μs (default)
2022-07-30 01:50:02,884 [pool-647-thread-1] INFO  server.RaftServerConfigKeys (ConfUtils.java:logGet(46)) - raft.server.log.appender.install.snapshot.enabled = false (custom)
2022-07-30 01:50:02,884 [pool-647-thread-1] INFO  server.RaftServerConfigKeys (ConfUtils.java:logGet(46)) - raft.server.threadpool.server.cached = true (default)
2022-07-30 01:50:02,884 [pool-647-thread-1] INFO  server.RaftServerConfigKeys (ConfUtils.java:logGet(46)) - raft.server.threadpool.server.size = 0 (default)
2022-07-30 01:50:02,885 [pool-647-thread-1] INFO  server.RaftServerConfigKeys (ConfUtils.java:logGet(46)) - raft.server.threadpool.client.cached = true (default)
2022-07-30 01:50:02,885 [pool-647-thread-1] INFO  server.RaftServerConfigKeys (ConfUtils.java:logGet(46)) - raft.server.threadpool.client.size = 0 (default)
2022-07-30 01:50:02,885 [pool-647-thread-1] INFO  server.RaftServer$Division (RaftServerImpl.java:start(310)) - 55bd67d6-70e0-4a0b-ba40-fbb5acf7f14f@group-05AFCCAE1F13: start as a follower, conf=-1: [55bd67d6-70e0-4a0b-ba40-fbb5acf7f14f|rpc:10.1.0.37:45159|priority:1], old=null
2022-07-30 01:50:02,885 [pool-647-thread-1] INFO  server.RaftServer$Division (RaftServerImpl.java:setRole(299)) - 55bd67d6-70e0-4a0b-ba40-fbb5acf7f14f@group-05AFCCAE1F13: changes role from      null to FOLLOWER at term 0 for startAsFollower
2022-07-30 01:50:02,885 [pool-647-thread-1] INFO  impl.RoleInfo (RoleInfo.java:updateAndGet(139)) - 55bd67d6-70e0-4a0b-ba40-fbb5acf7f14f: start 55bd67d6-70e0-4a0b-ba40-fbb5acf7f14f@group-05AFCCAE1F13-FollowerState
2022-07-30 01:50:02,895 [pool-647-thread-1] INFO  util.JmxRegister (JmxRegister.java:tryRegister(44)) - Successfully registered JMX Bean with object name Ratis:service=RaftServer,group=group-05AFCCAE1F13,id=55bd67d6-70e0-4a0b-ba40-fbb5acf7f14f
2022-07-30 01:50:02,910 [Command processor thread] INFO  ratis.XceiverServerRatis (XceiverServerRatis.java:addGroup(765)) - Created group PipelineID=684ffaed-e9b8-4aea-8a7a-05afccae1f13
2022-07-30 01:50:02,910 [Command processor thread] INFO  commandhandler.CreatePipelineCommandHandler (CreatePipelineCommandHandler.java:handle(113)) - Created Pipeline RATIS ONE PipelineID=684ffaed-e9b8-4aea-8a7a-05afccae1f13.
2022-07-30 01:50:03,300 [UnderReplicatedQueueThreadThread] INFO  replication.UnderReplicatedProcessor (UnderReplicatedProcessor.java:processAll(85)) - Processed 0 under replicated containers, failed processing 0
2022-07-30 01:50:03,301 [OverReplicatedQueueThreadThread] INFO  replication.OverReplicatedProcessor (OverReplicatedProcessor.java:processAll(83)) - Processed 0 over replicated containers, failed processing 0
2022-07-30 01:50:03,816 [Listener at 127.0.0.1/41659] INFO  ozone.MiniOzoneClusterImpl (MiniOzoneClusterImpl.java:lambda$waitForClusterToBeReady$0(216)) - Nodes are ready. Got 5 of 5 DN Heartbeats.
2022-07-30 01:50:03,816 [Listener at 127.0.0.1/41659] INFO  ozone.MiniOzoneClusterImpl (MiniOzoneClusterImpl.java:lambda$waitForClusterToBeReady$0(219)) - Waiting for cluster to exit safe mode
2022-07-30 01:50:03,816 [Listener at 127.0.0.1/41659] INFO  ozone.MiniOzoneClusterImpl (MiniOzoneClusterImpl.java:lambda$waitForClusterToBeReady$0(221)) - SCM became leader
2022-07-30 01:50:03,977 [Command processor thread] INFO  server.RaftServer (RaftServerProxy.java:addNew(96)) - c11d40f5-2ff8-42c9-a625-81b414132345: addNew group-D919DFC5148B:[c11d40f5-2ff8-42c9-a625-81b414132345|rpc:10.1.0.37:40483|priority:1] returns group-D919DFC5148B:java.util.concurrent.CompletableFuture@16ef28ce[Not completed]
2022-07-30 01:50:03,988 [pool-670-thread-1] INFO  server.RaftServer$Division (RaftServerImpl.java:<init>(190)) - c11d40f5-2ff8-42c9-a625-81b414132345: new RaftServerImpl for group-D919DFC5148B:[c11d40f5-2ff8-42c9-a625-81b414132345|rpc:10.1.0.37:40483|priority:1] with ContainerStateMachine:uninitialized
2022-07-30 01:50:03,989 [pool-670-thread-1] INFO  server.RaftServerConfigKeys (ConfUtils.java:logGet(46)) - raft.server.rpc.timeout.min = 5s (custom)
2022-07-30 01:50:03,989 [pool-670-thread-1] INFO  server.RaftServerConfigKeys (ConfUtils.java:logGet(46)) - raft.server.rpc.timeout.max = 5200ms (custom)
2022-07-30 01:50:03,989 [pool-670-thread-1] INFO  server.RaftServerConfigKeys (ConfUtils.java:logGet(46)) - raft.server.rpc.sleep.time = 25ms (default)
2022-07-30 01:50:03,989 [pool-670-thread-1] INFO  server.RaftServerConfigKeys (ConfUtils.java:logGet(46)) - raft.server.rpc.slowness.timeout = 300s (custom)
2022-07-30 01:50:03,989 [pool-670-thread-1] INFO  server.RaftServerConfigKeys (ConfUtils.java:logGet(46)) - raft.server.leaderelection.leader.step-down.wait-time = 10s (default)
2022-07-30 01:50:03,989 [pool-670-thread-1] INFO  server.RaftServerConfigKeys (ConfUtils.java:logGet(46)) - raft.server.sleep.deviation.threshold = 300ms (default)
2022-07-30 01:50:03,989 [pool-670-thread-1] INFO  server.RaftServer$Division (ServerState.java:<init>(107)) - c11d40f5-2ff8-42c9-a625-81b414132345@group-D919DFC5148B: ConfigurationManager, init=-1: [c11d40f5-2ff8-42c9-a625-81b414132345|rpc:10.1.0.37:40483|priority:1], old=null, confs=<EMPTY_MAP>
2022-07-30 01:50:03,989 [pool-670-thread-1] INFO  server.RaftServerConfigKeys (ConfUtils.java:logGet(46)) - raft.server.storage.dir = [/home/runner/work/ozone/ozone/hadoop-ozone/integration-test/target/test-dir/MiniOzoneClusterImpl-aa47c88b-9cdf-4da5-a3b2-16d3d6598e2f/datanode-3/data/ratis] (custom)
2022-07-30 01:50:03,989 [pool-670-thread-1] INFO  server.RaftServerConfigKeys (ConfUtils.java:logGet(46)) - raft.server.log.corruption.policy = EXCEPTION (default)
2022-07-30 01:50:03,989 [pool-670-thread-1] INFO  server.RaftServerConfigKeys (ConfUtils.java:logGet(46)) - raft.server.storage.free-space.min = 0MB (=0) (default)
2022-07-30 01:50:03,989 [pool-670-thread-1] INFO  storage.RaftStorageDirectory (RaftStorageDirectoryImpl.java:analyzeStorage(135)) - The storage directory /home/runner/work/ozone/ozone/hadoop-ozone/integration-test/target/test-dir/MiniOzoneClusterImpl-aa47c88b-9cdf-4da5-a3b2-16d3d6598e2f/datanode-3/data/ratis/df791cac-ff06-4aa7-b7f4-d919dfc5148b does not exist. Creating ...
2022-07-30 01:50:03,992 [pool-670-thread-1] INFO  storage.RaftStorageDirectory (RaftStorageDirectoryImpl.java:tryLock(230)) - Lock on /home/runner/work/ozone/ozone/hadoop-ozone/integration-test/target/test-dir/MiniOzoneClusterImpl-aa47c88b-9cdf-4da5-a3b2-16d3d6598e2f/datanode-3/data/ratis/df791cac-ff06-4aa7-b7f4-d919dfc5148b/in_use.lock acquired by nodename 10860@fv-az297-62
2022-07-30 01:50:03,997 [pool-670-thread-1] INFO  storage.RaftStorage (RaftStorageImpl.java:format(89)) - Storage directory /home/runner/work/ozone/ozone/hadoop-ozone/integration-test/target/test-dir/MiniOzoneClusterImpl-aa47c88b-9cdf-4da5-a3b2-16d3d6598e2f/datanode-3/data/ratis/df791cac-ff06-4aa7-b7f4-d919dfc5148b has been successfully formatted.
2022-07-30 01:50:04,025 [EventQueue-PipelineReportForPipelineReportHandler] INFO  pipeline.PipelineManagerImpl (PipelineManagerImpl.java:openPipeline(367)) - Pipeline Pipeline[ Id: df791cac-ff06-4aa7-b7f4-d919dfc5148b, Nodes: c11d40f5-2ff8-42c9-a625-81b414132345{ip: 10.1.0.37, host: fv-az297-62.nmf1rxwemy4u5di1sxxf4ejcwb.jx.internal.cloudapp.net, ports: [REPLICATION=39783, RATIS=40483, RATIS_ADMIN=40483, RATIS_SERVER=40483, STANDALONE=34185], networkLocation: /default-rack, certSerialId: null, persistedOpState: IN_SERVICE, persistedOpStateExpiryEpochSec: 0}, ReplicationConfig: RATIS/ONE, State:ALLOCATED, leaderId:c11d40f5-2ff8-42c9-a625-81b414132345, CreationTimestamp2022-07-30T01:50:00.979Z[Etc/UTC]] moved to OPEN state
2022-07-30 01:50:04,026 [EventQueue-OpenPipelineForHealthyPipelineSafeModeRule] INFO  safemode.SCMSafeModeManager (HealthyPipelineSafeModeRule.java:process(137)) - SCM in safe mode. Healthy pipelines reported count is 0, required healthy pipeline reported count is 1
2022-07-30 01:50:04,026 [pool-670-thread-1] INFO  ratis.ContainerStateMachine (ContainerStateMachine.java:loadSnapshot(236)) - group-D919DFC5148B: The snapshot info is null. Setting the last applied indexto:(t:0, i:~)
2022-07-30 01:50:04,026 [pool-670-thread-1] INFO  server.RaftServerConfigKeys (ConfUtils.java:logGet(46)) - raft.server.notification.no-leader.timeout = 300s (custom)
2022-07-30 01:50:04,026 [pool-670-thread-1] INFO  server.RaftServerConfigKeys (ConfUtils.java:logGet(46)) - raft.server.log.use.memory = false (default)
2022-07-30 01:50:04,026 [pool-670-thread-1] INFO  server.RaftServerConfigKeys (ConfUtils.java:logGet(46)) - raft.server.log.purge.gap = 1000000 (custom)
2022-07-30 01:50:04,026 [pool-670-thread-1] INFO  server.RaftServerConfigKeys (ConfUtils.java:logGet(46)) - raft.server.log.appender.buffer.byte-limit = 33554432 (custom)
2022-07-30 01:50:04,026 [pool-670-thread-1] INFO  server.RaftServerConfigKeys (ConfUtils.java:logGet(46)) - raft.server.log.statemachine.data.read.timeout = 1000ms (default)
2022-07-30 01:50:04,027 [pool-670-thread-1] INFO  server.RaftServerConfigKeys (ConfUtils.java:logGet(46)) - raft.server.log.segment.size.max = 1048576 (custom)
2022-07-30 01:50:04,027 [pool-670-thread-1] INFO  server.RaftServerConfigKeys (ConfUtils.java:logGet(46)) - raft.server.log.segment.cache.num.max = 2 (custom)
2022-07-30 01:50:04,027 [pool-670-thread-1] INFO  server.RaftServerConfigKeys (ConfUtils.java:logGet(46)) - raft.server.log.segment.cache.size.max = 200MB (=209715200) (default)
2022-07-30 01:50:04,027 [pool-670-thread-1] INFO  segmented.SegmentedRaftLogWorker (SegmentedRaftLogWorker.java:<init>(187)) - new c11d40f5-2ff8-42c9-a625-81b414132345@group-D919DFC5148B-SegmentedRaftLogWorker for RaftStorageImpl:Storage Directory /home/runner/work/ozone/ozone/hadoop-ozone/integration-test/target/test-dir/MiniOzoneClusterImpl-aa47c88b-9cdf-4da5-a3b2-16d3d6598e2f/datanode-3/data/ratis/df791cac-ff06-4aa7-b7f4-d919dfc5148b
2022-07-30 01:50:04,027 [pool-670-thread-1] INFO  server.RaftServerConfigKeys (ConfUtils.java:logGet(46)) - raft.server.log.queue.byte-limit = 4294967296 (custom)
2022-07-30 01:50:04,027 [pool-670-thread-1] INFO  server.RaftServerConfigKeys (ConfUtils.java:logGet(46)) - raft.server.log.queue.element-limit = 1024 (custom)
2022-07-30 01:50:04,030 [pool-670-thread-1] INFO  server.RaftServerConfigKeys (ConfUtils.java:logGet(46)) - raft.server.log.segment.size.max = 1048576 (custom)
2022-07-30 01:50:04,030 [pool-670-thread-1] INFO  server.RaftServerConfigKeys (ConfUtils.java:logGet(46)) - raft.server.log.preallocated.size = 16384 (custom)
2022-07-30 01:50:04,030 [pool-670-thread-1] INFO  server.RaftServerConfigKeys (ConfUtils.java:logGet(46)) - raft.server.log.force.sync.num = 128 (default)
2022-07-30 01:50:04,030 [pool-670-thread-1] INFO  server.RaftServerConfigKeys (ConfUtils.java:logGet(46)) - raft.server.log.statemachine.data.sync = true (default)
2022-07-30 01:50:04,030 [pool-670-thread-1] INFO  server.RaftServerConfigKeys (ConfUtils.java:logGet(46)) - raft.server.log.statemachine.data.sync.timeout = 10s (default)
2022-07-30 01:50:04,030 [pool-670-thread-1] INFO  server.RaftServerConfigKeys (ConfUtils.java:logGet(46)) - raft.server.log.statemachine.data.sync.timeout.retry = -1 (default)
2022-07-30 01:50:04,031 [pool-670-thread-1] INFO  server.RaftServerConfigKeys (ConfUtils.java:logGet(46)) - raft.server.log.write.buffer.size = 1048576 (custom)
2022-07-30 01:50:04,032 [pool-670-thread-1] INFO  server.RaftServerConfigKeys (ConfUtils.java:logGet(46)) - raft.server.log.unsafe-flush.enabled = false (default)
2022-07-30 01:50:04,032 [pool-670-thread-1] INFO  server.RaftServerConfigKeys (ConfUtils.java:logGet(46)) - raft.server.log.statemachine.data.caching.enabled = true (custom)
2022-07-30 01:50:04,032 [pool-670-thread-1] INFO  segmented.SegmentedRaftLogWorker (SegmentedRaftLogWorker.java:lambda$new$0(135)) - c11d40f5-2ff8-42c9-a625-81b414132345@group-D919DFC5148B-SegmentedRaftLogWorker: flushIndex: setUnconditionally 0 -> -1
2022-07-30 01:50:04,032 [pool-670-thread-1] INFO  segmented.SegmentedRaftLogWorker (SegmentedRaftLogWorker.java:lambda$new$0(135)) - c11d40f5-2ff8-42c9-a625-81b414132345@group-D919DFC5148B-SegmentedRaftLogWorker: safeCacheEvictIndex: setUnconditionally 0 -> -1
2022-07-30 01:50:04,051 [pool-670-thread-1] INFO  server.RaftServerConfigKeys (ConfUtils.java:logGet(46)) - raft.server.snapshot.auto.trigger.enabled = true (custom)
2022-07-30 01:50:04,075 [pool-670-thread-1] INFO  server.RaftServerConfigKeys (ConfUtils.java:logGet(46)) - raft.server.snapshot.auto.trigger.threshold = 10000 (custom)
2022-07-30 01:50:04,075 [pool-670-thread-1] INFO  server.RaftServerConfigKeys (ConfUtils.java:logGet(46)) - raft.server.snapshot.retention.file.num = 5 (custom)
2022-07-30 01:50:04,076 [pool-670-thread-1] INFO  server.RaftServerConfigKeys (ConfUtils.java:logGet(46)) - raft.server.log.purge.upto.snapshot.index = false (default)
2022-07-30 01:50:04,076 [pool-670-thread-1] INFO  server.RaftServerConfigKeys (ConfUtils.java:logGet(46)) - raft.server.retrycache.expirytime = 600000ms (custom)
2022-07-30 01:50:04,076 [pool-670-thread-1] INFO  server.RaftServerConfigKeys (ConfUtils.java:logGet(46)) - raft.server.retrycache.statistics.expirytime = 100μs (default)
2022-07-30 01:50:04,077 [pool-670-thread-1] INFO  server.RaftServerConfigKeys (ConfUtils.java:logGet(46)) - raft.server.log.appender.install.snapshot.enabled = false (custom)
2022-07-30 01:50:04,077 [pool-670-thread-1] INFO  server.RaftServerConfigKeys (ConfUtils.java:logGet(46)) - raft.server.threadpool.server.cached = true (default)
2022-07-30 01:50:04,077 [pool-670-thread-1] INFO  server.RaftServerConfigKeys (ConfUtils.java:logGet(46)) - raft.server.threadpool.server.size = 0 (default)
2022-07-30 01:50:04,078 [pool-670-thread-1] INFO  server.RaftServerConfigKeys (ConfUtils.java:logGet(46)) - raft.server.threadpool.client.cached = true (default)
2022-07-30 01:50:04,078 [pool-670-thread-1] INFO  server.RaftServerConfigKeys (ConfUtils.java:logGet(46)) - raft.server.threadpool.client.size = 0 (default)
2022-07-30 01:50:04,078 [pool-670-thread-1] INFO  server.RaftServer$Division (RaftServerImpl.java:start(310)) - c11d40f5-2ff8-42c9-a625-81b414132345@group-D919DFC5148B: start as a follower, conf=-1: [c11d40f5-2ff8-42c9-a625-81b414132345|rpc:10.1.0.37:40483|priority:1], old=null
2022-07-30 01:50:04,078 [pool-670-thread-1] INFO  server.RaftServer$Division (RaftServerImpl.java:setRole(299)) - c11d40f5-2ff8-42c9-a625-81b414132345@group-D919DFC5148B: changes role from      null to FOLLOWER at term 0 for startAsFollower
2022-07-30 01:50:04,078 [pool-670-thread-1] INFO  impl.RoleInfo (RoleInfo.java:updateAndGet(139)) - c11d40f5-2ff8-42c9-a625-81b414132345: start c11d40f5-2ff8-42c9-a625-81b414132345@group-D919DFC5148B-FollowerState
2022-07-30 01:50:04,089 [pool-670-thread-1] INFO  util.JmxRegister (JmxRegister.java:tryRegister(44)) - Successfully registered JMX Bean with object name Ratis:service=RaftServer,group=group-D919DFC5148B,id=c11d40f5-2ff8-42c9-a625-81b414132345
2022-07-30 01:50:04,109 [Command processor thread] INFO  ratis.XceiverServerRatis (XceiverServerRatis.java:addGroup(765)) - Created group PipelineID=df791cac-ff06-4aa7-b7f4-d919dfc5148b
2022-07-30 01:50:04,109 [Command processor thread] INFO  commandhandler.CreatePipelineCommandHandler (CreatePipelineCommandHandler.java:handle(113)) - Created Pipeline RATIS ONE PipelineID=df791cac-ff06-4aa7-b7f4-d919dfc5148b.
2022-07-30 01:50:04,816 [Listener at 127.0.0.1/41659] INFO  ozone.MiniOzoneClusterImpl (MiniOzoneClusterImpl.java:lambda$waitForClusterToBeReady$0(216)) - Nodes are ready. Got 5 of 5 DN Heartbeats.
2022-07-30 01:50:04,817 [Listener at 127.0.0.1/41659] INFO  ozone.MiniOzoneClusterImpl (MiniOzoneClusterImpl.java:lambda$waitForClusterToBeReady$0(219)) - Waiting for cluster to exit safe mode
2022-07-30 01:50:04,817 [Listener at 127.0.0.1/41659] INFO  ozone.MiniOzoneClusterImpl (MiniOzoneClusterImpl.java:lambda$waitForClusterToBeReady$0(221)) - SCM became leader
2022-07-30 01:50:04,887 [Command processor thread] INFO  server.RaftServer (RaftServerProxy.java:addNew(96)) - 24d77853-f262-4375-acb2-e63396fe6765: addNew group-58462574862C:[24d77853-f262-4375-acb2-e63396fe6765|rpc:10.1.0.37:43689|priority:1] returns group-58462574862C:java.util.concurrent.CompletableFuture@1d1ecfcc[Not completed]
2022-07-30 01:50:04,889 [pool-702-thread-1] INFO  server.RaftServer$Division (RaftServerImpl.java:<init>(190)) - 24d77853-f262-4375-acb2-e63396fe6765: new RaftServerImpl for group-58462574862C:[24d77853-f262-4375-acb2-e63396fe6765|rpc:10.1.0.37:43689|priority:1] with ContainerStateMachine:uninitialized
2022-07-30 01:50:04,889 [pool-702-thread-1] INFO  server.RaftServerConfigKeys (ConfUtils.java:logGet(46)) - raft.server.rpc.timeout.min = 5s (custom)
2022-07-30 01:50:04,889 [pool-702-thread-1] INFO  server.RaftServerConfigKeys (ConfUtils.java:logGet(46)) - raft.server.rpc.timeout.max = 5200ms (custom)
2022-07-30 01:50:04,889 [pool-702-thread-1] INFO  server.RaftServerConfigKeys (ConfUtils.java:logGet(46)) - raft.server.rpc.sleep.time = 25ms (default)
2022-07-30 01:50:04,889 [pool-702-thread-1] INFO  server.RaftServerConfigKeys (ConfUtils.java:logGet(46)) - raft.server.rpc.slowness.timeout = 300s (custom)
2022-07-30 01:50:04,889 [pool-702-thread-1] INFO  server.RaftServerConfigKeys (ConfUtils.java:logGet(46)) - raft.server.leaderelection.leader.step-down.wait-time = 10s (default)
2022-07-30 01:50:04,889 [pool-702-thread-1] INFO  server.RaftServerConfigKeys (ConfUtils.java:logGet(46)) - raft.server.sleep.deviation.threshold = 300ms (default)
2022-07-30 01:50:04,890 [pool-702-thread-1] INFO  server.RaftServer$Division (ServerState.java:<init>(107)) - 24d77853-f262-4375-acb2-e63396fe6765@group-58462574862C: ConfigurationManager, init=-1: [24d77853-f262-4375-acb2-e63396fe6765|rpc:10.1.0.37:43689|priority:1], old=null, confs=<EMPTY_MAP>
2022-07-30 01:50:04,890 [pool-702-thread-1] INFO  server.RaftServerConfigKeys (ConfUtils.java:logGet(46)) - raft.server.storage.dir = [/home/runner/work/ozone/ozone/hadoop-ozone/integration-test/target/test-dir/MiniOzoneClusterImpl-aa47c88b-9cdf-4da5-a3b2-16d3d6598e2f/datanode-4/data/ratis] (custom)
2022-07-30 01:50:04,890 [pool-702-thread-1] INFO  server.RaftServerConfigKeys (ConfUtils.java:logGet(46)) - raft.server.log.corruption.policy = EXCEPTION (default)
2022-07-30 01:50:04,890 [pool-702-thread-1] INFO  server.RaftServerConfigKeys (ConfUtils.java:logGet(46)) - raft.server.storage.free-space.min = 0MB (=0) (default)
2022-07-30 01:50:04,890 [pool-702-thread-1] INFO  storage.RaftStorageDirectory (RaftStorageDirectoryImpl.java:analyzeStorage(135)) - The storage directory /home/runner/work/ozone/ozone/hadoop-ozone/integration-test/target/test-dir/MiniOzoneClusterImpl-aa47c88b-9cdf-4da5-a3b2-16d3d6598e2f/datanode-4/data/ratis/a3feba5f-060a-4a00-820a-58462574862c does not exist. Creating ...
2022-07-30 01:50:04,891 [pool-702-thread-1] INFO  storage.RaftStorageDirectory (RaftStorageDirectoryImpl.java:tryLock(230)) - Lock on /home/runner/work/ozone/ozone/hadoop-ozone/integration-test/target/test-dir/MiniOzoneClusterImpl-aa47c88b-9cdf-4da5-a3b2-16d3d6598e2f/datanode-4/data/ratis/a3feba5f-060a-4a00-820a-58462574862c/in_use.lock acquired by nodename 10860@fv-az297-62
2022-07-30 01:50:04,892 [pool-702-thread-1] INFO  storage.RaftStorage (RaftStorageImpl.java:format(89)) - Storage directory /home/runner/work/ozone/ozone/hadoop-ozone/integration-test/target/test-dir/MiniOzoneClusterImpl-aa47c88b-9cdf-4da5-a3b2-16d3d6598e2f/datanode-4/data/ratis/a3feba5f-060a-4a00-820a-58462574862c has been successfully formatted.
2022-07-30 01:50:04,908 [pool-702-thread-1] INFO  ratis.ContainerStateMachine (ContainerStateMachine.java:loadSnapshot(236)) - group-58462574862C: The snapshot info is null. Setting the last applied indexto:(t:0, i:~)
2022-07-30 01:50:04,908 [pool-702-thread-1] INFO  server.RaftServerConfigKeys (ConfUtils.java:logGet(46)) - raft.server.notification.no-leader.timeout = 300s (custom)
2022-07-30 01:50:04,912 [pool-702-thread-1] INFO  server.RaftServerConfigKeys (ConfUtils.java:logGet(46)) - raft.server.log.use.memory = false (default)
2022-07-30 01:50:04,912 [EventQueue-PipelineReportForPipelineReportHandler] INFO  pipeline.PipelineManagerImpl (PipelineManagerImpl.java:openPipeline(367)) - Pipeline Pipeline[ Id: a3feba5f-060a-4a00-820a-58462574862c, Nodes: 24d77853-f262-4375-acb2-e63396fe6765{ip: 10.1.0.37, host: fv-az297-62.nmf1rxwemy4u5di1sxxf4ejcwb.jx.internal.cloudapp.net, ports: [REPLICATION=42535, RATIS=43689, RATIS_ADMIN=43689, RATIS_SERVER=43689, STANDALONE=37287], networkLocation: /default-rack, certSerialId: null, persistedOpState: IN_SERVICE, persistedOpStateExpiryEpochSec: 0}, ReplicationConfig: RATIS/ONE, State:ALLOCATED, leaderId:24d77853-f262-4375-acb2-e63396fe6765, CreationTimestamp2022-07-30T01:50:01.887Z[Etc/UTC]] moved to OPEN state
2022-07-30 01:50:04,912 [pool-702-thread-1] INFO  server.RaftServerConfigKeys (ConfUtils.java:logGet(46)) - raft.server.log.purge.gap = 1000000 (custom)
2022-07-30 01:50:04,912 [pool-702-thread-1] INFO  server.RaftServerConfigKeys (ConfUtils.java:logGet(46)) - raft.server.log.appender.buffer.byte-limit = 33554432 (custom)
2022-07-30 01:50:04,912 [pool-702-thread-1] INFO  server.RaftServerConfigKeys (ConfUtils.java:logGet(46)) - raft.server.log.statemachine.data.read.timeout = 1000ms (default)
2022-07-30 01:50:04,912 [EventQueue-OpenPipelineForHealthyPipelineSafeModeRule] INFO  safemode.SCMSafeModeManager (HealthyPipelineSafeModeRule.java:process(137)) - SCM in safe mode. Healthy pipelines reported count is 0, required healthy pipeline reported count is 1
2022-07-30 01:50:04,912 [pool-702-thread-1] INFO  server.RaftServerConfigKeys (ConfUtils.java:logGet(46)) - raft.server.log.segment.size.max = 1048576 (custom)
2022-07-30 01:50:04,913 [pool-702-thread-1] INFO  server.RaftServerConfigKeys (ConfUtils.java:logGet(46)) - raft.server.log.segment.cache.num.max = 2 (custom)
2022-07-30 01:50:04,913 [pool-702-thread-1] INFO  server.RaftServerConfigKeys (ConfUtils.java:logGet(46)) - raft.server.log.segment.cache.size.max = 200MB (=209715200) (default)
2022-07-30 01:50:04,913 [pool-702-thread-1] INFO  segmented.SegmentedRaftLogWorker (SegmentedRaftLogWorker.java:<init>(187)) - new 24d77853-f262-4375-acb2-e63396fe6765@group-58462574862C-SegmentedRaftLogWorker for RaftStorageImpl:Storage Directory /home/runner/work/ozone/ozone/hadoop-ozone/integration-test/target/test-dir/MiniOzoneClusterImpl-aa47c88b-9cdf-4da5-a3b2-16d3d6598e2f/datanode-4/data/ratis/a3feba5f-060a-4a00-820a-58462574862c
2022-07-30 01:50:04,913 [pool-702-thread-1] INFO  server.RaftServerConfigKeys (ConfUtils.java:logGet(46)) - raft.server.log.queue.byte-limit = 4294967296 (custom)
2022-07-30 01:50:04,913 [pool-702-thread-1] INFO  server.RaftServerConfigKeys (ConfUtils.java:logGet(46)) - raft.server.log.queue.element-limit = 1024 (custom)
2022-07-30 01:50:04,913 [pool-702-thread-1] INFO  server.RaftServerConfigKeys (ConfUtils.java:logGet(46)) - raft.server.log.segment.size.max = 1048576 (custom)
2022-07-30 01:50:04,913 [pool-702-thread-1] INFO  server.RaftServerConfigKeys (ConfUtils.java:logGet(46)) - raft.server.log.preallocated.size = 16384 (custom)
2022-07-30 01:50:04,913 [pool-702-thread-1] INFO  server.RaftServerConfigKeys (ConfUtils.java:logGet(46)) - raft.server.log.force.sync.num = 128 (default)
2022-07-30 01:50:04,913 [pool-702-thread-1] INFO  server.RaftServerConfigKeys (ConfUtils.java:logGet(46)) - raft.server.log.statemachine.data.sync = true (default)
2022-07-30 01:50:04,913 [pool-702-thread-1] INFO  server.RaftServerConfigKeys (ConfUtils.java:logGet(46)) - raft.server.log.statemachine.data.sync.timeout = 10s (default)
2022-07-30 01:50:04,913 [pool-702-thread-1] INFO  server.RaftServerConfigKeys (ConfUtils.java:logGet(46)) - raft.server.log.statemachine.data.sync.timeout.retry = -1 (default)
2022-07-30 01:50:04,914 [pool-702-thread-1] INFO  server.RaftServerConfigKeys (ConfUtils.java:logGet(46)) - raft.server.log.write.buffer.size = 1048576 (custom)
2022-07-30 01:50:04,915 [pool-702-thread-1] INFO  server.RaftServerConfigKeys (ConfUtils.java:logGet(46)) - raft.server.log.unsafe-flush.enabled = false (default)
2022-07-30 01:50:04,915 [pool-702-thread-1] INFO  server.RaftServerConfigKeys (ConfUtils.java:logGet(46)) - raft.server.log.statemachine.data.caching.enabled = true (custom)
2022-07-30 01:50:04,915 [pool-702-thread-1] INFO  segmented.SegmentedRaftLogWorker (SegmentedRaftLogWorker.java:lambda$new$0(135)) - 24d77853-f262-4375-acb2-e63396fe6765@group-58462574862C-SegmentedRaftLogWorker: flushIndex: setUnconditionally 0 -> -1
2022-07-30 01:50:04,915 [pool-702-thread-1] INFO  segmented.SegmentedRaftLogWorker (SegmentedRaftLogWorker.java:lambda$new$0(135)) - 24d77853-f262-4375-acb2-e63396fe6765@group-58462574862C-SegmentedRaftLogWorker: safeCacheEvictIndex: setUnconditionally 0 -> -1
2022-07-30 01:50:04,915 [pool-702-thread-1] INFO  server.RaftServerConfigKeys (ConfUtils.java:logGet(46)) - raft.server.snapshot.auto.trigger.enabled = true (custom)
2022-07-30 01:50:04,916 [pool-702-thread-1] INFO  server.RaftServerConfigKeys (ConfUtils.java:logGet(46)) - raft.server.snapshot.auto.trigger.threshold = 10000 (custom)
2022-07-30 01:50:04,916 [pool-702-thread-1] INFO  server.RaftServerConfigKeys (ConfUtils.java:logGet(46)) - raft.server.snapshot.retention.file.num = 5 (custom)
2022-07-30 01:50:04,916 [pool-702-thread-1] INFO  server.RaftServerConfigKeys (ConfUtils.java:logGet(46)) - raft.server.log.purge.upto.snapshot.index = false (default)
2022-07-30 01:50:04,916 [pool-702-thread-1] INFO  server.RaftServerConfigKeys (ConfUtils.java:logGet(46)) - raft.server.retrycache.expirytime = 600000ms (custom)
2022-07-30 01:50:04,916 [pool-702-thread-1] INFO  server.RaftServerConfigKeys (ConfUtils.java:logGet(46)) - raft.server.retrycache.statistics.expirytime = 100μs (default)
2022-07-30 01:50:04,917 [pool-702-thread-1] INFO  server.RaftServerConfigKeys (ConfUtils.java:logGet(46)) - raft.server.log.appender.install.snapshot.enabled = false (custom)
2022-07-30 01:50:04,917 [pool-702-thread-1] INFO  server.RaftServerConfigKeys (ConfUtils.java:logGet(46)) - raft.server.threadpool.server.cached = true (default)
2022-07-30 01:50:04,917 [pool-702-thread-1] INFO  server.RaftServerConfigKeys (ConfUtils.java:logGet(46)) - raft.server.threadpool.server.size = 0 (default)
2022-07-30 01:50:04,917 [pool-702-thread-1] INFO  server.RaftServerConfigKeys (ConfUtils.java:logGet(46)) - raft.server.threadpool.client.cached = true (default)
2022-07-30 01:50:04,917 [pool-702-thread-1] INFO  server.RaftServerConfigKeys (ConfUtils.java:logGet(46)) - raft.server.threadpool.client.size = 0 (default)
2022-07-30 01:50:04,917 [pool-702-thread-1] INFO  server.RaftServer$Division (RaftServerImpl.java:start(310)) - 24d77853-f262-4375-acb2-e63396fe6765@group-58462574862C: start as a follower, conf=-1: [24d77853-f262-4375-acb2-e63396fe6765|rpc:10.1.0.37:43689|priority:1], old=null
2022-07-30 01:50:04,917 [pool-702-thread-1] INFO  server.RaftServer$Division (RaftServerImpl.java:setRole(299)) - 24d77853-f262-4375-acb2-e63396fe6765@group-58462574862C: changes role from      null to FOLLOWER at term 0 for startAsFollower
2022-07-30 01:50:04,917 [pool-702-thread-1] INFO  impl.RoleInfo (RoleInfo.java:updateAndGet(139)) - 24d77853-f262-4375-acb2-e63396fe6765: start 24d77853-f262-4375-acb2-e63396fe6765@group-58462574862C-FollowerState
2022-07-30 01:50:04,928 [pool-702-thread-1] INFO  util.JmxRegister (JmxRegister.java:tryRegister(44)) - Successfully registered JMX Bean with object name Ratis:service=RaftServer,group=group-58462574862C,id=24d77853-f262-4375-acb2-e63396fe6765
2022-07-30 01:50:04,929 [Command processor thread] INFO  ratis.XceiverServerRatis (XceiverServerRatis.java:addGroup(765)) - Created group PipelineID=a3feba5f-060a-4a00-820a-58462574862c
2022-07-30 01:50:04,929 [Command processor thread] INFO  commandhandler.CreatePipelineCommandHandler (CreatePipelineCommandHandler.java:handle(113)) - Created Pipeline RATIS ONE PipelineID=a3feba5f-060a-4a00-820a-58462574862c.
2022-07-30 01:50:05,819 [Listener at 127.0.0.1/41659] INFO  ozone.MiniOzoneClusterImpl (MiniOzoneClusterImpl.java:lambda$waitForClusterToBeReady$0(216)) - Nodes are ready. Got 5 of 5 DN Heartbeats.
2022-07-30 01:50:05,819 [Listener at 127.0.0.1/41659] INFO  ozone.MiniOzoneClusterImpl (MiniOzoneClusterImpl.java:lambda$waitForClusterToBeReady$0(219)) - Waiting for cluster to exit safe mode
2022-07-30 01:50:05,819 [Listener at 127.0.0.1/41659] INFO  ozone.MiniOzoneClusterImpl (MiniOzoneClusterImpl.java:lambda$waitForClusterToBeReady$0(221)) - SCM became leader
2022-07-30 01:50:06,414 [fffd16ef-e5b7-4790-a173-7212d78e76a6@group-08BCA0090457-FollowerState] INFO  impl.FollowerState (FollowerState.java:run(143)) - fffd16ef-e5b7-4790-a173-7212d78e76a6@group-08BCA0090457-FollowerState: change to CANDIDATE, lastRpcElapsedTime:5113919980ns, electionTimeout:5098ms
2022-07-30 01:50:06,414 [fffd16ef-e5b7-4790-a173-7212d78e76a6@group-08BCA0090457-FollowerState] INFO  impl.RoleInfo (RoleInfo.java:shutdownFollowerState(110)) - fffd16ef-e5b7-4790-a173-7212d78e76a6: shutdown fffd16ef-e5b7-4790-a173-7212d78e76a6@group-08BCA0090457-FollowerState
2022-07-30 01:50:06,415 [fffd16ef-e5b7-4790-a173-7212d78e76a6@group-08BCA0090457-FollowerState] INFO  server.RaftServer$Division (RaftServerImpl.java:setRole(299)) - fffd16ef-e5b7-4790-a173-7212d78e76a6@group-08BCA0090457: changes role from  FOLLOWER to CANDIDATE at term 0 for changeToCandidate
2022-07-30 01:50:06,415 [fffd16ef-e5b7-4790-a173-7212d78e76a6@group-08BCA0090457-FollowerState] INFO  server.RaftServerConfigKeys (ConfUtils.java:logGet(46)) - raft.server.leaderelection.pre-vote = false (custom)
2022-07-30 01:50:06,415 [fffd16ef-e5b7-4790-a173-7212d78e76a6@group-08BCA0090457-FollowerState] INFO  impl.RoleInfo (RoleInfo.java:updateAndGet(139)) - fffd16ef-e5b7-4790-a173-7212d78e76a6: start fffd16ef-e5b7-4790-a173-7212d78e76a6@group-08BCA0090457-LeaderElection33
2022-07-30 01:50:06,425 [fffd16ef-e5b7-4790-a173-7212d78e76a6@group-C5EFA702D848-FollowerState] INFO  impl.FollowerState (FollowerState.java:run(143)) - fffd16ef-e5b7-4790-a173-7212d78e76a6@group-C5EFA702D848-FollowerState: change to CANDIDATE, lastRpcElapsedTime:5026892209ns, electionTimeout:5005ms
2022-07-30 01:50:06,426 [fffd16ef-e5b7-4790-a173-7212d78e76a6@group-C5EFA702D848-FollowerState] INFO  impl.RoleInfo (RoleInfo.java:shutdownFollowerState(110)) - fffd16ef-e5b7-4790-a173-7212d78e76a6: shutdown fffd16ef-e5b7-4790-a173-7212d78e76a6@group-C5EFA702D848-FollowerState
2022-07-30 01:50:06,426 [fffd16ef-e5b7-4790-a173-7212d78e76a6@group-C5EFA702D848-FollowerState] INFO  server.RaftServer$Division (RaftServerImpl.java:setRole(299)) - fffd16ef-e5b7-4790-a173-7212d78e76a6@group-C5EFA702D848: changes role from  FOLLOWER to CANDIDATE at term 0 for changeToCandidate
2022-07-30 01:50:06,426 [fffd16ef-e5b7-4790-a173-7212d78e76a6@group-C5EFA702D848-FollowerState] INFO  server.RaftServerConfigKeys (ConfUtils.java:logGet(46)) - raft.server.leaderelection.pre-vote = false (custom)
2022-07-30 01:50:06,426 [fffd16ef-e5b7-4790-a173-7212d78e76a6@group-C5EFA702D848-FollowerState] INFO  impl.RoleInfo (RoleInfo.java:updateAndGet(139)) - fffd16ef-e5b7-4790-a173-7212d78e76a6: start fffd16ef-e5b7-4790-a173-7212d78e76a6@group-C5EFA702D848-LeaderElection34
2022-07-30 01:50:06,460 [fffd16ef-e5b7-4790-a173-7212d78e76a6@group-08BCA0090457-LeaderElection33] INFO  impl.LeaderElection (LeaderElection.java:askForVotes(310)) - fffd16ef-e5b7-4790-a173-7212d78e76a6@group-08BCA0090457-LeaderElection33 ELECTION round 0: submit vote requests at term 1 for -1: [fffd16ef-e5b7-4790-a173-7212d78e76a6|rpc:10.1.0.37:35259|priority:1], old=null
2022-07-30 01:50:06,460 [fffd16ef-e5b7-4790-a173-7212d78e76a6@group-08BCA0090457-LeaderElection33] INFO  impl.LeaderElection (LeaderElection.java:askForVotes(312)) - fffd16ef-e5b7-4790-a173-7212d78e76a6@group-08BCA0090457-LeaderElection33 ELECTION round 0: result PASSED (term=1)
2022-07-30 01:50:06,460 [fffd16ef-e5b7-4790-a173-7212d78e76a6@group-08BCA0090457-LeaderElection33] INFO  impl.RoleInfo (RoleInfo.java:shutdownLeaderElection(130)) - fffd16ef-e5b7-4790-a173-7212d78e76a6: shutdown fffd16ef-e5b7-4790-a173-7212d78e76a6@group-08BCA0090457-LeaderElection33
2022-07-30 01:50:06,460 [fffd16ef-e5b7-4790-a173-7212d78e76a6@group-08BCA0090457-LeaderElection33] INFO  server.RaftServer$Division (RaftServerImpl.java:setRole(299)) - fffd16ef-e5b7-4790-a173-7212d78e76a6@group-08BCA0090457: changes role from CANDIDATE to LEADER at term 1 for changeToLeader
2022-07-30 01:50:06,460 [fffd16ef-e5b7-4790-a173-7212d78e76a6@group-08BCA0090457-LeaderElection33] INFO  ratis.XceiverServerRatis (XceiverServerRatis.java:handleLeaderChangedNotification(863)) - Leader change notification received for group: group-08BCA0090457 with new leaderId: fffd16ef-e5b7-4790-a173-7212d78e76a6
2022-07-30 01:50:06,460 [fffd16ef-e5b7-4790-a173-7212d78e76a6@group-08BCA0090457-LeaderElection33] INFO  server.RaftServer$Division (ServerState.java:setLeader(287)) - fffd16ef-e5b7-4790-a173-7212d78e76a6@group-08BCA0090457: change Leader from null to fffd16ef-e5b7-4790-a173-7212d78e76a6 at term 1 for becomeLeader, leader elected after 5175ms
2022-07-30 01:50:06,460 [fffd16ef-e5b7-4790-a173-7212d78e76a6@group-08BCA0090457-LeaderElection33] INFO  server.RaftServerConfigKeys (ConfUtils.java:logGet(46)) - raft.server.staging.catchup.gap = 1000 (default)
2022-07-30 01:50:06,461 [fffd16ef-e5b7-4790-a173-7212d78e76a6@group-08BCA0090457-LeaderElection33] INFO  server.RaftServerConfigKeys (ConfUtils.java:logGet(46)) - raft.server.write.element-limit = 1024 (custom)
2022-07-30 01:50:06,461 [fffd16ef-e5b7-4790-a173-7212d78e76a6@group-08BCA0090457-LeaderElection33] INFO  server.RaftServerConfigKeys (ConfUtils.java:logGet(46)) - raft.server.write.byte-limit = 1024 M (=1073741824) (custom)
2022-07-30 01:50:06,461 [fffd16ef-e5b7-4790-a173-7212d78e76a6@group-08BCA0090457-LeaderElection33] INFO  server.RaftServerConfigKeys (ConfUtils.java:logGet(46)) - raft.server.watch.timeout = 180s (custom)
2022-07-30 01:50:06,461 [fffd16ef-e5b7-4790-a173-7212d78e76a6@group-08BCA0090457-LeaderElection33] INFO  server.RaftServerConfigKeys (ConfUtils.java:logGet(46)) - raft.server.watch.timeout.denomination = 1s (default)
2022-07-30 01:50:06,461 [fffd16ef-e5b7-4790-a173-7212d78e76a6@group-08BCA0090457-LeaderElection33] INFO  server.RaftServerConfigKeys (ConfUtils.java:logGet(46)) - raft.server.watch.element-limit = 65536 (default)
2022-07-30 01:50:06,461 [fffd16ef-e5b7-4790-a173-7212d78e76a6@group-08BCA0090457-LeaderElection33] INFO  server.RaftServerConfigKeys (ConfUtils.java:logGet(46)) - raft.server.write.element-limit = 1024 (custom)
2022-07-30 01:50:06,461 [fffd16ef-e5b7-4790-a173-7212d78e76a6@group-08BCA0090457-LeaderElection33] INFO  server.RaftServerConfigKeys (ConfUtils.java:logGet(46)) - raft.server.write.follower.gap.ratio.max = -1.0 (default)
2022-07-30 01:50:06,461 [fffd16ef-e5b7-4790-a173-7212d78e76a6@group-08BCA0090457-LeaderElection33] INFO  impl.RoleInfo (RoleInfo.java:updateAndGet(139)) - fffd16ef-e5b7-4790-a173-7212d78e76a6: start fffd16ef-e5b7-4790-a173-7212d78e76a6@group-08BCA0090457-LeaderStateImpl
2022-07-30 01:50:06,462 [fffd16ef-e5b7-4790-a173-7212d78e76a6@group-08BCA0090457-LeaderElection33] INFO  segmented.SegmentedRaftLogWorker (SegmentedRaftLogWorker.java:startLogSegment(425)) - fffd16ef-e5b7-4790-a173-7212d78e76a6@group-08BCA0090457-SegmentedRaftLogWorker: Starting segment from index:0
2022-07-30 01:50:06,463 [fffd16ef-e5b7-4790-a173-7212d78e76a6@group-C5EFA702D848-LeaderElection34] INFO  impl.LeaderElection (LeaderElection.java:askForVotes(310)) - fffd16ef-e5b7-4790-a173-7212d78e76a6@group-C5EFA702D848-LeaderElection34 ELECTION round 0: submit vote requests at term 1 for -1: [fb78403e-0909-4251-8a90-abb070a55978|rpc:10.1.0.37:34863|priority:1, fffd16ef-e5b7-4790-a173-7212d78e76a6|rpc:10.1.0.37:35259|priority:0, 55bd67d6-70e0-4a0b-ba40-fbb5acf7f14f|rpc:10.1.0.37:45159|priority:0], old=null
2022-07-30 01:50:06,464 [EventQueue-OpenPipelineForHealthyPipelineSafeModeRule] INFO  safemode.SCMSafeModeManager (HealthyPipelineSafeModeRule.java:process(137)) - SCM in safe mode. Healthy pipelines reported count is 0, required healthy pipeline reported count is 1
2022-07-30 01:50:06,466 [fffd16ef-e5b7-4790-a173-7212d78e76a6@group-08BCA0090457-SegmentedRaftLogWorker] INFO  segmented.SegmentedRaftLogWorker (SegmentedRaftLogWorker.java:execute(629)) - fffd16ef-e5b7-4790-a173-7212d78e76a6@group-08BCA0090457-SegmentedRaftLogWorker: created new log segment /home/runner/work/ozone/ozone/hadoop-ozone/integration-test/target/test-dir/MiniOzoneClusterImpl-aa47c88b-9cdf-4da5-a3b2-16d3d6598e2f/datanode-0/data/ratis/490db04a-3e07-45fd-af1f-08bca0090457/current/log_inprogress_0
2022-07-30 01:50:06,527 [fffd16ef-e5b7-4790-a173-7212d78e76a6@group-08BCA0090457-LeaderElection33] INFO  server.RaftServer$Division (ServerState.java:setRaftConf(393)) - fffd16ef-e5b7-4790-a173-7212d78e76a6@group-08BCA0090457: set configuration 0: [fffd16ef-e5b7-4790-a173-7212d78e76a6|rpc:10.1.0.37:35259|dataStream:|priority:1], old=null
2022-07-30 01:50:06,548 [grpc-default-executor-0] INFO  server.RaftServer$Division (RaftServerImpl.java:requestVote(1152)) - fb78403e-0909-4251-8a90-abb070a55978@group-C5EFA702D848: receive requestVote(ELECTION, fffd16ef-e5b7-4790-a173-7212d78e76a6, group-C5EFA702D848, 1, (t:0, i:0))
2022-07-30 01:50:06,548 [grpc-default-executor-0] INFO  impl.VoteContext (VoteContext.java:log(48)) - fb78403e-0909-4251-8a90-abb070a55978@group-C5EFA702D848-FOLLOWER: reject ELECTION from fffd16ef-e5b7-4790-a173-7212d78e76a6: our priority 1 > candidate's priority 0
2022-07-30 01:50:06,548 [grpc-default-executor-0] INFO  server.RaftServer$Division (RaftServerImpl.java:setRole(299)) - fb78403e-0909-4251-8a90-abb070a55978@group-C5EFA702D848: changes role from  FOLLOWER to FOLLOWER at term 1 for candidate:fffd16ef-e5b7-4790-a173-7212d78e76a6
2022-07-30 01:50:06,548 [grpc-default-executor-0] INFO  impl.RoleInfo (RoleInfo.java:shutdownFollowerState(110)) - fb78403e-0909-4251-8a90-abb070a55978: shutdown fb78403e-0909-4251-8a90-abb070a55978@group-C5EFA702D848-FollowerState
2022-07-30 01:50:06,548 [grpc-default-executor-0] INFO  impl.RoleInfo (RoleInfo.java:updateAndGet(139)) - fb78403e-0909-4251-8a90-abb070a55978: start fb78403e-0909-4251-8a90-abb070a55978@group-C5EFA702D848-FollowerState
2022-07-30 01:50:06,549 [fb78403e-0909-4251-8a90-abb070a55978@group-C5EFA702D848-FollowerState] INFO  impl.FollowerState (FollowerState.java:run(152)) - fb78403e-0909-4251-8a90-abb070a55978@group-C5EFA702D848-FollowerState was interrupted
2022-07-30 01:50:06,571 [grpc-default-executor-0] INFO  server.RaftServer$Division (RaftServerImpl.java:requestVote(1184)) - fb78403e-0909-4251-8a90-abb070a55978@group-C5EFA702D848 replies to ELECTION vote request: fffd16ef-e5b7-4790-a173-7212d78e76a6<-fb78403e-0909-4251-8a90-abb070a55978#0:FAIL-t1. Peer's state: fb78403e-0909-4251-8a90-abb070a55978@group-C5EFA702D848:t1, leader=null, voted=null, raftlog=fb78403e-0909-4251-8a90-abb070a55978@group-C5EFA702D848-SegmentedRaftLog:OPENED:c-1, conf=-1: [fb78403e-0909-4251-8a90-abb070a55978|rpc:10.1.0.37:34863|dataStream:|priority:1, fffd16ef-e5b7-4790-a173-7212d78e76a6|rpc:10.1.0.37:35259|dataStream:|priority:0, 55bd67d6-70e0-4a0b-ba40-fbb5acf7f14f|rpc:10.1.0.37:45159|dataStream:|priority:0], old=null
2022-07-30 01:50:06,578 [fffd16ef-e5b7-4790-a173-7212d78e76a6@group-C5EFA702D848-LeaderElection34] INFO  impl.LeaderElection (LeaderElection.java:logAndReturn(90)) - fffd16ef-e5b7-4790-a173-7212d78e76a6@group-C5EFA702D848-LeaderElection34: ELECTION REJECTED received 1 response(s) and 0 exception(s):
2022-07-30 01:50:06,578 [fffd16ef-e5b7-4790-a173-7212d78e76a6@group-C5EFA702D848-LeaderElection34] INFO  impl.LeaderElection (LeaderElection.java:logAndReturn(94)) -   Response 0: fffd16ef-e5b7-4790-a173-7212d78e76a6<-fb78403e-0909-4251-8a90-abb070a55978#0:FAIL-t1
2022-07-30 01:50:06,578 [fffd16ef-e5b7-4790-a173-7212d78e76a6@group-C5EFA702D848-LeaderElection34] INFO  impl.LeaderElection (LeaderElection.java:askForVotes(312)) - fffd16ef-e5b7-4790-a173-7212d78e76a6@group-C5EFA702D848-LeaderElection34 ELECTION round 0: result REJECTED
2022-07-30 01:50:06,578 [fffd16ef-e5b7-4790-a173-7212d78e76a6@group-C5EFA702D848-LeaderElection34] INFO  server.RaftServer$Division (RaftServerImpl.java:setRole(299)) - fffd16ef-e5b7-4790-a173-7212d78e76a6@group-C5EFA702D848: changes role from CANDIDATE to FOLLOWER at term 1 for REJECTED
2022-07-30 01:50:06,578 [fffd16ef-e5b7-4790-a173-7212d78e76a6@group-C5EFA702D848-LeaderElection34] INFO  impl.RoleInfo (RoleInfo.java:shutdownLeaderElection(130)) - fffd16ef-e5b7-4790-a173-7212d78e76a6: shutdown fffd16ef-e5b7-4790-a173-7212d78e76a6@group-C5EFA702D848-LeaderElection34
2022-07-30 01:50:06,578 [fffd16ef-e5b7-4790-a173-7212d78e76a6@group-C5EFA702D848-LeaderElection34] INFO  impl.RoleInfo (RoleInfo.java:updateAndGet(139)) - fffd16ef-e5b7-4790-a173-7212d78e76a6: start fffd16ef-e5b7-4790-a173-7212d78e76a6@group-C5EFA702D848-FollowerState
2022-07-30 01:50:06,590 [grpc-default-executor-1] INFO  server.RaftServer$Division (RaftServerImpl.java:requestVote(1152)) - 55bd67d6-70e0-4a0b-ba40-fbb5acf7f14f@group-C5EFA702D848: receive requestVote(ELECTION, fffd16ef-e5b7-4790-a173-7212d78e76a6, group-C5EFA702D848, 1, (t:0, i:0))
2022-07-30 01:50:06,590 [grpc-default-executor-1] INFO  impl.VoteContext (VoteContext.java:log(48)) - 55bd67d6-70e0-4a0b-ba40-fbb5acf7f14f@group-C5EFA702D848-FOLLOWER: accept ELECTION from fffd16ef-e5b7-4790-a173-7212d78e76a6: our priority 0 <= candidate's priority 0
2022-07-30 01:50:06,590 [grpc-default-executor-1] INFO  server.RaftServer$Division (RaftServerImpl.java:setRole(299)) - 55bd67d6-70e0-4a0b-ba40-fbb5acf7f14f@group-C5EFA702D848: changes role from  FOLLOWER to FOLLOWER at term 1 for candidate:fffd16ef-e5b7-4790-a173-7212d78e76a6
2022-07-30 01:50:06,591 [grpc-default-executor-1] INFO  impl.RoleInfo (RoleInfo.java:shutdownFollowerState(110)) - 55bd67d6-70e0-4a0b-ba40-fbb5acf7f14f: shutdown 55bd67d6-70e0-4a0b-ba40-fbb5acf7f14f@group-C5EFA702D848-FollowerState
2022-07-30 01:50:06,591 [55bd67d6-70e0-4a0b-ba40-fbb5acf7f14f@group-C5EFA702D848-FollowerState] INFO  impl.FollowerState (FollowerState.java:run(152)) - 55bd67d6-70e0-4a0b-ba40-fbb5acf7f14f@group-C5EFA702D848-FollowerState was interrupted
2022-07-30 01:50:06,591 [grpc-default-executor-1] INFO  impl.RoleInfo (RoleInfo.java:updateAndGet(139)) - 55bd67d6-70e0-4a0b-ba40-fbb5acf7f14f: start 55bd67d6-70e0-4a0b-ba40-fbb5acf7f14f@group-C5EFA702D848-FollowerState
2022-07-30 01:50:06,595 [grpc-default-executor-1] INFO  server.RaftServer$Division (RaftServerImpl.java:requestVote(1184)) - 55bd67d6-70e0-4a0b-ba40-fbb5acf7f14f@group-C5EFA702D848 replies to ELECTION vote request: fffd16ef-e5b7-4790-a173-7212d78e76a6<-55bd67d6-70e0-4a0b-ba40-fbb5acf7f14f#0:OK-t1. Peer's state: 55bd67d6-70e0-4a0b-ba40-fbb5acf7f14f@group-C5EFA702D848:t1, leader=null, voted=fffd16ef-e5b7-4790-a173-7212d78e76a6, raftlog=55bd67d6-70e0-4a0b-ba40-fbb5acf7f14f@group-C5EFA702D848-SegmentedRaftLog:OPENED:c-1, conf=-1: [fb78403e-0909-4251-8a90-abb070a55978|rpc:10.1.0.37:34863|dataStream:|priority:1, fffd16ef-e5b7-4790-a173-7212d78e76a6|rpc:10.1.0.37:35259|dataStream:|priority:0, 55bd67d6-70e0-4a0b-ba40-fbb5acf7f14f|rpc:10.1.0.37:45159|dataStream:|priority:0], old=null
2022-07-30 01:50:06,819 [Listener at 127.0.0.1/41659] INFO  ozone.MiniOzoneClusterImpl (MiniOzoneClusterImpl.java:lambda$waitForClusterToBeReady$0(216)) - Nodes are ready. Got 5 of 5 DN Heartbeats.
2022-07-30 01:50:06,819 [Listener at 127.0.0.1/41659] INFO  ozone.MiniOzoneClusterImpl (MiniOzoneClusterImpl.java:lambda$waitForClusterToBeReady$0(219)) - Waiting for cluster to exit safe mode
2022-07-30 01:50:06,820 [Listener at 127.0.0.1/41659] INFO  ozone.MiniOzoneClusterImpl (MiniOzoneClusterImpl.java:lambda$waitForClusterToBeReady$0(221)) - SCM became leader
2022-07-30 01:50:06,955 [fffd16ef-e5b7-4790-a173-7212d78e76a6@group-5F0821B3B682-FollowerState] INFO  impl.FollowerState (FollowerState.java:run(143)) - fffd16ef-e5b7-4790-a173-7212d78e76a6@group-5F0821B3B682-FollowerState: change to CANDIDATE, lastRpcElapsedTime:5114328589ns, electionTimeout:5109ms
2022-07-30 01:50:06,955 [fffd16ef-e5b7-4790-a173-7212d78e76a6@group-5F0821B3B682-FollowerState] INFO  impl.RoleInfo (RoleInfo.java:shutdownFollowerState(110)) - fffd16ef-e5b7-4790-a173-7212d78e76a6: shutdown fffd16ef-e5b7-4790-a173-7212d78e76a6@group-5F0821B3B682-FollowerState
2022-07-30 01:50:06,955 [fffd16ef-e5b7-4790-a173-7212d78e76a6@group-5F0821B3B682-FollowerState] INFO  server.RaftServer$Division (RaftServerImpl.java:setRole(299)) - fffd16ef-e5b7-4790-a173-7212d78e76a6@group-5F0821B3B682: changes role from  FOLLOWER to CANDIDATE at term 0 for changeToCandidate
2022-07-30 01:50:06,955 [fffd16ef-e5b7-4790-a173-7212d78e76a6@group-5F0821B3B682-FollowerState] INFO  server.RaftServerConfigKeys (ConfUtils.java:logGet(46)) - raft.server.leaderelection.pre-vote = false (custom)
2022-07-30 01:50:06,955 [fffd16ef-e5b7-4790-a173-7212d78e76a6@group-5F0821B3B682-FollowerState] INFO  impl.RoleInfo (RoleInfo.java:updateAndGet(139)) - fffd16ef-e5b7-4790-a173-7212d78e76a6: start fffd16ef-e5b7-4790-a173-7212d78e76a6@group-5F0821B3B682-LeaderElection35
2022-07-30 01:50:06,964 [fb78403e-0909-4251-8a90-abb070a55978@group-5F0821B3B682-FollowerState] INFO  impl.FollowerState (FollowerState.java:run(143)) - fb78403e-0909-4251-8a90-abb070a55978@group-5F0821B3B682-FollowerState: change to CANDIDATE, lastRpcElapsedTime:5037890204ns, electionTimeout:5037ms
2022-07-30 01:50:06,964 [fb78403e-0909-4251-8a90-abb070a55978@group-5F0821B3B682-FollowerState] INFO  impl.RoleInfo (RoleInfo.java:shutdownFollowerState(110)) - fb78403e-0909-4251-8a90-abb070a55978: shutdown fb78403e-0909-4251-8a90-abb070a55978@group-5F0821B3B682-FollowerState
2022-07-30 01:50:06,964 [fb78403e-0909-4251-8a90-abb070a55978@group-5F0821B3B682-FollowerState] INFO  server.RaftServer$Division (RaftServerImpl.java:setRole(299)) - fb78403e-0909-4251-8a90-abb070a55978@group-5F0821B3B682: changes role from  FOLLOWER to CANDIDATE at term 0 for changeToCandidate
2022-07-30 01:50:06,979 [fb78403e-0909-4251-8a90-abb070a55978@group-5F0821B3B682-FollowerState] INFO  server.RaftServerConfigKeys (ConfUtils.java:logGet(46)) - raft.server.leaderelection.pre-vote = false (custom)
2022-07-30 01:50:06,980 [fb78403e-0909-4251-8a90-abb070a55978@group-5F0821B3B682-FollowerState] INFO  impl.RoleInfo (RoleInfo.java:updateAndGet(139)) - fb78403e-0909-4251-8a90-abb070a55978: start fb78403e-0909-4251-8a90-abb070a55978@group-5F0821B3B682-LeaderElection36
2022-07-30 01:50:06,989 [fffd16ef-e5b7-4790-a173-7212d78e76a6@group-5F0821B3B682-LeaderElection35] INFO  impl.LeaderElection (LeaderElection.java:askForVotes(310)) - fffd16ef-e5b7-4790-a173-7212d78e76a6@group-5F0821B3B682-LeaderElection35 ELECTION round 0: submit vote requests at term 1 for -1: [fb78403e-0909-4251-8a90-abb070a55978|rpc:10.1.0.37:34863|priority:0, fffd16ef-e5b7-4790-a173-7212d78e76a6|rpc:10.1.0.37:35259|priority:1, 55bd67d6-70e0-4a0b-ba40-fbb5acf7f14f|rpc:10.1.0.37:45159|priority:0], old=null
2022-07-30 01:50:07,013 [grpc-default-executor-1] INFO  server.RaftServer$Division (RaftServerImpl.java:requestVote(1152)) - fb78403e-0909-4251-8a90-abb070a55978@group-5F0821B3B682: receive requestVote(ELECTION, fffd16ef-e5b7-4790-a173-7212d78e76a6, group-5F0821B3B682, 1, (t:0, i:0))
2022-07-30 01:50:07,014 [fb78403e-0909-4251-8a90-abb070a55978@group-5F0821B3B682-LeaderElection36] INFO  impl.LeaderElection (LeaderElection.java:askForVotes(310)) - fb78403e-0909-4251-8a90-abb070a55978@group-5F0821B3B682-LeaderElection36 ELECTION round 0: submit vote requests at term 1 for -1: [fb78403e-0909-4251-8a90-abb070a55978|rpc:10.1.0.37:34863|dataStream:|priority:0, fffd16ef-e5b7-4790-a173-7212d78e76a6|rpc:10.1.0.37:35259|dataStream:|priority:1, 55bd67d6-70e0-4a0b-ba40-fbb5acf7f14f|rpc:10.1.0.37:45159|dataStream:|priority:0], old=null
2022-07-30 01:50:07,017 [grpc-default-executor-1] INFO  impl.VoteContext (VoteContext.java:log(48)) - fb78403e-0909-4251-8a90-abb070a55978@group-5F0821B3B682-CANDIDATE: reject ELECTION from fffd16ef-e5b7-4790-a173-7212d78e76a6: already has voted for fb78403e-0909-4251-8a90-abb070a55978 at current term 1
2022-07-30 01:50:07,017 [grpc-default-executor-1] INFO  server.RaftServer$Division (RaftServerImpl.java:requestVote(1184)) - fb78403e-0909-4251-8a90-abb070a55978@group-5F0821B3B682 replies to ELECTION vote request: fffd16ef-e5b7-4790-a173-7212d78e76a6<-fb78403e-0909-4251-8a90-abb070a55978#0:FAIL-t1. Peer's state: fb78403e-0909-4251-8a90-abb070a55978@group-5F0821B3B682:t1, leader=null, voted=fb78403e-0909-4251-8a90-abb070a55978, raftlog=fb78403e-0909-4251-8a90-abb070a55978@group-5F0821B3B682-SegmentedRaftLog:OPENED:c-1, conf=-1: [fb78403e-0909-4251-8a90-abb070a55978|rpc:10.1.0.37:34863|dataStream:|priority:0, fffd16ef-e5b7-4790-a173-7212d78e76a6|rpc:10.1.0.37:35259|dataStream:|priority:1, 55bd67d6-70e0-4a0b-ba40-fbb5acf7f14f|rpc:10.1.0.37:45159|dataStream:|priority:0], old=null
2022-07-30 01:50:07,046 [grpc-default-executor-1] INFO  server.RaftServer$Division (RaftServerImpl.java:requestVote(1152)) - 55bd67d6-70e0-4a0b-ba40-fbb5acf7f14f@group-5F0821B3B682: receive requestVote(ELECTION, fffd16ef-e5b7-4790-a173-7212d78e76a6, group-5F0821B3B682, 1, (t:0, i:0))
2022-07-30 01:50:07,046 [grpc-default-executor-1] INFO  impl.VoteContext (VoteContext.java:log(48)) - 55bd67d6-70e0-4a0b-ba40-fbb5acf7f14f@group-5F0821B3B682-FOLLOWER: accept ELECTION from fffd16ef-e5b7-4790-a173-7212d78e76a6: our priority 0 <= candidate's priority 1
2022-07-30 01:50:07,046 [grpc-default-executor-1] INFO  server.RaftServer$Division (RaftServerImpl.java:setRole(299)) - 55bd67d6-70e0-4a0b-ba40-fbb5acf7f14f@group-5F0821B3B682: changes role from  FOLLOWER to FOLLOWER at term 1 for candidate:fffd16ef-e5b7-4790-a173-7212d78e76a6
2022-07-30 01:50:07,046 [grpc-default-executor-1] INFO  impl.RoleInfo (RoleInfo.java:shutdownFollowerState(110)) - 55bd67d6-70e0-4a0b-ba40-fbb5acf7f14f: shutdown 55bd67d6-70e0-4a0b-ba40-fbb5acf7f14f@group-5F0821B3B682-FollowerState
2022-07-30 01:50:07,046 [grpc-default-executor-1] INFO  impl.RoleInfo (RoleInfo.java:updateAndGet(139)) - 55bd67d6-70e0-4a0b-ba40-fbb5acf7f14f: start 55bd67d6-70e0-4a0b-ba40-fbb5acf7f14f@group-5F0821B3B682-FollowerState
2022-07-30 01:50:07,047 [55bd67d6-70e0-4a0b-ba40-fbb5acf7f14f@group-5F0821B3B682-FollowerState] INFO  impl.FollowerState (FollowerState.java:run(152)) - 55bd67d6-70e0-4a0b-ba40-fbb5acf7f14f@group-5F0821B3B682-FollowerState was interrupted
2022-07-30 01:50:07,055 [grpc-default-executor-1] INFO  server.RaftServer$Division (RaftServerImpl.java:requestVote(1184)) - 55bd67d6-70e0-4a0b-ba40-fbb5acf7f14f@group-5F0821B3B682 replies to ELECTION vote request: fffd16ef-e5b7-4790-a173-7212d78e76a6<-55bd67d6-70e0-4a0b-ba40-fbb5acf7f14f#0:OK-t1. Peer's state: 55bd67d6-70e0-4a0b-ba40-fbb5acf7f14f@group-5F0821B3B682:t1, leader=null, voted=fffd16ef-e5b7-4790-a173-7212d78e76a6, raftlog=55bd67d6-70e0-4a0b-ba40-fbb5acf7f14f@group-5F0821B3B682-SegmentedRaftLog:OPENED:c-1, conf=-1: [fb78403e-0909-4251-8a90-abb070a55978|rpc:10.1.0.37:34863|dataStream:|priority:0, fffd16ef-e5b7-4790-a173-7212d78e76a6|rpc:10.1.0.37:35259|dataStream:|priority:1, 55bd67d6-70e0-4a0b-ba40-fbb5acf7f14f|rpc:10.1.0.37:45159|dataStream:|priority:0], old=null
2022-07-30 01:50:07,056 [fffd16ef-e5b7-4790-a173-7212d78e76a6@group-5F0821B3B682-LeaderElection35] INFO  impl.LeaderElection (LeaderElection.java:logAndReturn(90)) - fffd16ef-e5b7-4790-a173-7212d78e76a6@group-5F0821B3B682-LeaderElection35: ELECTION PASSED received 2 response(s) and 0 exception(s):
2022-07-30 01:50:07,056 [fffd16ef-e5b7-4790-a173-7212d78e76a6@group-5F0821B3B682-LeaderElection35] INFO  impl.LeaderElection (LeaderElection.java:logAndReturn(94)) -   Response 0: fffd16ef-e5b7-4790-a173-7212d78e76a6<-fb78403e-0909-4251-8a90-abb070a55978#0:FAIL-t1
2022-07-30 01:50:07,056 [fffd16ef-e5b7-4790-a173-7212d78e76a6@group-5F0821B3B682-LeaderElection35] INFO  impl.LeaderElection (LeaderElection.java:logAndReturn(94)) -   Response 1: fffd16ef-e5b7-4790-a173-7212d78e76a6<-55bd67d6-70e0-4a0b-ba40-fbb5acf7f14f#0:OK-t1
2022-07-30 01:50:07,057 [fffd16ef-e5b7-4790-a173-7212d78e76a6@group-5F0821B3B682-LeaderElection35] INFO  impl.LeaderElection (LeaderElection.java:askForVotes(312)) - fffd16ef-e5b7-4790-a173-7212d78e76a6@group-5F0821B3B682-LeaderElection35 ELECTION round 0: result PASSED
2022-07-30 01:50:07,057 [fffd16ef-e5b7-4790-a173-7212d78e76a6@group-5F0821B3B682-LeaderElection35] INFO  impl.RoleInfo (RoleInfo.java:shutdownLeaderElection(130)) - fffd16ef-e5b7-4790-a173-7212d78e76a6: shutdown fffd16ef-e5b7-4790-a173-7212d78e76a6@group-5F0821B3B682-LeaderElection35
2022-07-30 01:50:07,057 [fffd16ef-e5b7-4790-a173-7212d78e76a6@group-5F0821B3B682-LeaderElection35] INFO  server.RaftServer$Division (RaftServerImpl.java:setRole(299)) - fffd16ef-e5b7-4790-a173-7212d78e76a6@group-5F0821B3B682: changes role from CANDIDATE to LEADER at term 1 for changeToLeader
2022-07-30 01:50:07,057 [fffd16ef-e5b7-4790-a173-7212d78e76a6@group-5F0821B3B682-LeaderElection35] INFO  ratis.XceiverServerRatis (XceiverServerRatis.java:handleLeaderChangedNotification(863)) - Leader change notification received for group: group-5F0821B3B682 with new leaderId: fffd16ef-e5b7-4790-a173-7212d78e76a6
2022-07-30 01:50:07,057 [fffd16ef-e5b7-4790-a173-7212d78e76a6@group-5F0821B3B682-LeaderElection35] INFO  server.RaftServer$Division (ServerState.java:setLeader(287)) - fffd16ef-e5b7-4790-a173-7212d78e76a6@group-5F0821B3B682: change Leader from null to fffd16ef-e5b7-4790-a173-7212d78e76a6 at term 1 for becomeLeader, leader elected after 5247ms
2022-07-30 01:50:07,057 [fffd16ef-e5b7-4790-a173-7212d78e76a6@group-5F0821B3B682-LeaderElection35] INFO  server.RaftServerConfigKeys (ConfUtils.java:logGet(46)) - raft.server.staging.catchup.gap = 1000 (default)
2022-07-30 01:50:07,057 [fffd16ef-e5b7-4790-a173-7212d78e76a6@group-5F0821B3B682-LeaderElection35] INFO  server.RaftServerConfigKeys (ConfUtils.java:logGet(46)) - raft.server.write.element-limit = 1024 (custom)
2022-07-30 01:50:07,057 [fffd16ef-e5b7-4790-a173-7212d78e76a6@group-5F0821B3B682-LeaderElection35] INFO  server.RaftServerConfigKeys (ConfUtils.java:logGet(46)) - raft.server.write.byte-limit = 1024 M (=1073741824) (custom)
2022-07-30 01:50:07,058 [fffd16ef-e5b7-4790-a173-7212d78e76a6@group-5F0821B3B682-LeaderElection35] INFO  server.RaftServerConfigKeys (ConfUtils.java:logGet(46)) - raft.server.watch.timeout = 180s (custom)
2022-07-30 01:50:07,058 [fffd16ef-e5b7-4790-a173-7212d78e76a6@group-5F0821B3B682-LeaderElection35] INFO  server.RaftServerConfigKeys (ConfUtils.java:logGet(46)) - raft.server.watch.timeout.denomination = 1s (default)
2022-07-30 01:50:07,058 [fffd16ef-e5b7-4790-a173-7212d78e76a6@group-5F0821B3B682-LeaderElection35] INFO  server.RaftServerConfigKeys (ConfUtils.java:logGet(46)) - raft.server.watch.element-limit = 65536 (default)
2022-07-30 01:50:07,058 [fffd16ef-e5b7-4790-a173-7212d78e76a6@group-5F0821B3B682-LeaderElection35] INFO  server.RaftServerConfigKeys (ConfUtils.java:logGet(46)) - raft.server.write.element-limit = 1024 (custom)
2022-07-30 01:50:07,058 [fffd16ef-e5b7-4790-a173-7212d78e76a6@group-5F0821B3B682-LeaderElection35] INFO  server.RaftServerConfigKeys (ConfUtils.java:logGet(46)) - raft.server.write.follower.gap.ratio.max = -1.0 (default)
2022-07-30 01:50:07,059 [fffd16ef-e5b7-4790-a173-7212d78e76a6@group-5F0821B3B682-LeaderElection35] INFO  server.RaftServerConfigKeys (ConfUtils.java:logGet(46)) - raft.server.log.appender.snapshot.chunk.size.max = 16MB (=16777216) (default)
2022-07-30 01:50:07,059 [fffd16ef-e5b7-4790-a173-7212d78e76a6@group-5F0821B3B682-LeaderElection35] INFO  server.RaftServerConfigKeys (ConfUtils.java:logGet(46)) - raft.server.log.appender.buffer.byte-limit = 33554432 (custom)
2022-07-30 01:50:07,059 [fffd16ef-e5b7-4790-a173-7212d78e76a6@group-5F0821B3B682-LeaderElection35] INFO  server.RaftServerConfigKeys (ConfUtils.java:logGet(46)) - raft.server.log.appender.buffer.element-limit = 1 (custom)
2022-07-30 01:50:07,059 [fffd16ef-e5b7-4790-a173-7212d78e76a6@group-5F0821B3B682-LeaderElection35] INFO  grpc.GrpcConfigKeys (ConfUtils.java:logGet(46)) - raft.grpc.server.leader.outstanding.appends.max = 128 (default)
2022-07-30 01:50:07,059 [fffd16ef-e5b7-4790-a173-7212d78e76a6@group-5F0821B3B682-LeaderElection35] INFO  server.RaftServerConfigKeys (ConfUtils.java:logGet(46)) - raft.server.rpc.request.timeout = 60s (custom)
2022-07-30 01:50:07,059 [fffd16ef-e5b7-4790-a173-7212d78e76a6@group-5F0821B3B682-LeaderElection35] INFO  server.RaftServerConfigKeys (ConfUtils.java:logGet(46)) - raft.server.log.appender.install.snapshot.enabled = false (custom)
2022-07-30 01:50:07,061 [EventQueue-PipelineReportForPipelineReportHandler] INFO  pipeline.PipelineManagerImpl (PipelineManagerImpl.java:openPipeline(367)) - Pipeline Pipeline[ Id: ade1f269-edfe-4124-a855-5f0821b3b682, Nodes: fb78403e-0909-4251-8a90-abb070a55978{ip: 10.1.0.37, host: fv-az297-62.nmf1rxwemy4u5di1sxxf4ejcwb.jx.internal.cloudapp.net, ports: [REPLICATION=40773, RATIS=34863, RATIS_ADMIN=34863, RATIS_SERVER=34863, STANDALONE=33057], networkLocation: /default-rack, certSerialId: null, persistedOpState: IN_SERVICE, persistedOpStateExpiryEpochSec: 0}fffd16ef-e5b7-4790-a173-7212d78e76a6{ip: 10.1.0.37, host: fv-az297-62.nmf1rxwemy4u5di1sxxf4ejcwb.jx.internal.cloudapp.net, ports: [REPLICATION=45321, RATIS=35259, RATIS_ADMIN=35259, RATIS_SERVER=35259, STANDALONE=34937], networkLocation: /default-rack, certSerialId: null, persistedOpState: IN_SERVICE, persistedOpStateExpiryEpochSec: 0}55bd67d6-70e0-4a0b-ba40-fbb5acf7f14f{ip: 10.1.0.37, host: fv-az297-62.nmf1rxwemy4u5di1sxxf4ejcwb.jx.internal.cloudapp.net, ports: [REPLICATION=36385, RATIS=45159, RATIS_ADMIN=45159, RATIS_SERVER=45159, STANDALONE=37223], networkLocation: /default-rack, certSerialId: null, persistedOpState: IN_SERVICE, persistedOpStateExpiryEpochSec: 0}, ReplicationConfig: RATIS/THREE, State:ALLOCATED, leaderId:fffd16ef-e5b7-4790-a173-7212d78e76a6, CreationTimestamp2022-07-30T01:49:59.844Z[Etc/UTC]] moved to OPEN state
2022-07-30 01:50:07,069 [grpc-default-executor-0] INFO  server.RaftServer$Division (RaftServerImpl.java:requestVote(1152)) - fffd16ef-e5b7-4790-a173-7212d78e76a6@group-5F0821B3B682: receive requestVote(ELECTION, fb78403e-0909-4251-8a90-abb070a55978, group-5F0821B3B682, 1, (t:0, i:0))
2022-07-30 01:50:07,078 [fffd16ef-e5b7-4790-a173-7212d78e76a6@group-5F0821B3B682-LeaderElection35] INFO  server.RaftServerConfigKeys (ConfUtils.java:logGet(46)) - raft.server.log.appender.snapshot.chunk.size.max = 16MB (=16777216) (default)
2022-07-30 01:50:07,078 [fffd16ef-e5b7-4790-a173-7212d78e76a6@group-5F0821B3B682-LeaderElection35] INFO  server.RaftServerConfigKeys (ConfUtils.java:logGet(46)) - raft.server.log.appender.buffer.byte-limit = 33554432 (custom)
2022-07-30 01:50:07,078 [fffd16ef-e5b7-4790-a173-7212d78e76a6@group-5F0821B3B682-LeaderElection35] INFO  server.RaftServerConfigKeys (ConfUtils.java:logGet(46)) - raft.server.log.appender.buffer.element-limit = 1 (custom)
2022-07-30 01:50:07,079 [fffd16ef-e5b7-4790-a173-7212d78e76a6@group-5F0821B3B682-LeaderElection35] INFO  grpc.GrpcConfigKeys (ConfUtils.java:logGet(46)) - raft.grpc.server.leader.outstanding.appends.max = 128 (default)
2022-07-30 01:50:07,079 [fffd16ef-e5b7-4790-a173-7212d78e76a6@group-5F0821B3B682-LeaderElection35] INFO  server.RaftServerConfigKeys (ConfUtils.java:logGet(46)) - raft.server.rpc.request.timeout = 60s (custom)
2022-07-30 01:50:07,079 [fffd16ef-e5b7-4790-a173-7212d78e76a6@group-5F0821B3B682-LeaderElection35] INFO  server.RaftServerConfigKeys (ConfUtils.java:logGet(46)) - raft.server.log.appender.install.snapshot.enabled = false (custom)
2022-07-30 01:50:07,079 [fffd16ef-e5b7-4790-a173-7212d78e76a6@group-5F0821B3B682-LeaderElection35] INFO  impl.RoleInfo (RoleInfo.java:updateAndGet(139)) - fffd16ef-e5b7-4790-a173-7212d78e76a6: start fffd16ef-e5b7-4790-a173-7212d78e76a6@group-5F0821B3B682-LeaderStateImpl
2022-07-30 01:50:07,079 [fffd16ef-e5b7-4790-a173-7212d78e76a6@group-5F0821B3B682-LeaderElection35] INFO  segmented.SegmentedRaftLogWorker (SegmentedRaftLogWorker.java:startLogSegment(425)) - fffd16ef-e5b7-4790-a173-7212d78e76a6@group-5F0821B3B682-SegmentedRaftLogWorker: Starting segment from index:0
2022-07-30 01:50:07,087 [EventQueue-OpenPipelineForHealthyPipelineSafeModeRule] INFO  safemode.SCMSafeModeManager (HealthyPipelineSafeModeRule.java:process(137)) - SCM in safe mode. Healthy pipelines reported count is 0, required healthy pipeline reported count is 1
2022-07-30 01:50:07,087 [EventQueue-OpenPipelineForHealthyPipelineSafeModeRule] INFO  safemode.SCMSafeModeManager (HealthyPipelineSafeModeRule.java:process(137)) - SCM in safe mode. Healthy pipelines reported count is 1, required healthy pipeline reported count is 1
2022-07-30 01:50:07,087 [EventQueue-OpenPipelineForHealthyPipelineSafeModeRule] INFO  safemode.SCMSafeModeManager (SCMSafeModeManager.java:validateSafeModeExitRules(204)) - HealthyPipelineSafeModeRule rule is successfully validated
2022-07-30 01:50:07,088 [EventQueue-OpenPipelineForHealthyPipelineSafeModeRule] INFO  safemode.SCMSafeModeManager (SCMSafeModeManager.java:validateSafeModeExitRules(219)) - ScmSafeModeManager, all rules are successfully validated
2022-07-30 01:50:07,088 [EventQueue-OpenPipelineForHealthyPipelineSafeModeRule] INFO  safemode.SCMSafeModeManager (SCMSafeModeManager.java:exitSafeMode(248)) - SCM exiting safe mode.
2022-07-30 01:50:07,088 [EventQueue-OpenPipelineForHealthyPipelineSafeModeRule] WARN  events.EventQueue (EventQueue.java:fireEvent(216)) - No event handler registered for event TypedEvent{payloadType=SafeModeStatus, name='Safe mode status'}
2022-07-30 01:50:07,088 [EventQueue-OpenPipelineForHealthyPipelineSafeModeRule] INFO  ha.SCMContext (SCMContext.java:updateSafeModeStatus(228)) - Update SafeModeStatus from SafeModeStatus{safeModeStatus=true, preCheckPassed=true} to SafeModeStatus{safeModeStatus=false, preCheckPassed=true}.
2022-07-30 01:50:07,088 [EventQueue-OpenPipelineForHealthyPipelineSafeModeRule] INFO  pipeline.BackgroundPipelineCreator (BackgroundPipelineCreator.java:notifyStatusChanged(254)) - Service BackgroundPipelineCreator transitions to RUNNING.
2022-07-30 01:50:07,088 [EventQueue-OpenPipelineForHealthyPipelineSafeModeRule] INFO  BackgroundPipelineScrubber (BackgroundSCMService.java:notifyStatusChanged(82)) - Service BackgroundPipelineScrubber transitions to RUNNING.
2022-07-30 01:50:07,088 [EventQueue-OpenPipelineForHealthyPipelineSafeModeRule] INFO  ExpiredContainerReplicaOpScrubber (BackgroundSCMService.java:notifyStatusChanged(82)) - Service ExpiredContainerReplicaOpScrubber transitions to RUNNING.
2022-07-30 01:50:07,088 [EventQueue-OpenPipelineForHealthyPipelineSafeModeRule] INFO  UnderReplicatedQueueThread (BackgroundSCMService.java:notifyStatusChanged(82)) - Service UnderReplicatedQueueThread transitions to RUNNING.
2022-07-30 01:50:07,088 [EventQueue-OpenPipelineForHealthyPipelineSafeModeRule] INFO  OverReplicatedQueueThread (BackgroundSCMService.java:notifyStatusChanged(82)) - Service OverReplicatedQueueThread transitions to RUNNING.
2022-07-30 01:50:07,088 [EventQueue-OpenPipelineForHealthyPipelineSafeModeRule] INFO  replication.ReplicationManager (ReplicationManager.java:notifyStatusChanged(642)) - Service ReplicationManager transitions to RUNNING.
2022-07-30 01:50:07,088 [EventQueue-OpenPipelineForHealthyPipelineSafeModeRule] WARN  balancer.ContainerBalancer (ContainerBalancer.java:shouldRun(904)) - Could not find persisted configuration for ContainerBalancer when checking if ContainerBalancer should run. ContainerBalancer should not run now.
2022-07-30 01:50:07,132 [fffd16ef-e5b7-4790-a173-7212d78e76a6@group-5F0821B3B682-LeaderElection35] INFO  server.RaftServer$Division (ServerState.java:setRaftConf(393)) - fffd16ef-e5b7-4790-a173-7212d78e76a6@group-5F0821B3B682: set configuration 0: [fb78403e-0909-4251-8a90-abb070a55978|rpc:10.1.0.37:34863|dataStream:|priority:0, fffd16ef-e5b7-4790-a173-7212d78e76a6|rpc:10.1.0.37:35259|dataStream:|priority:1, 55bd67d6-70e0-4a0b-ba40-fbb5acf7f14f|rpc:10.1.0.37:45159|dataStream:|priority:0], old=null
2022-07-30 01:50:07,133 [grpc-default-executor-0] INFO  impl.VoteContext (VoteContext.java:log(48)) - fffd16ef-e5b7-4790-a173-7212d78e76a6@group-5F0821B3B682-LEADER: reject ELECTION from fb78403e-0909-4251-8a90-abb070a55978: already has voted for fffd16ef-e5b7-4790-a173-7212d78e76a6 at current term 1
2022-07-30 01:50:07,133 [grpc-default-executor-0] INFO  server.RaftServer$Division (RaftServerImpl.java:requestVote(1184)) - fffd16ef-e5b7-4790-a173-7212d78e76a6@group-5F0821B3B682 replies to ELECTION vote request: fb78403e-0909-4251-8a90-abb070a55978<-fffd16ef-e5b7-4790-a173-7212d78e76a6#0:FAIL-t1. Peer's state: fffd16ef-e5b7-4790-a173-7212d78e76a6@group-5F0821B3B682:t1, leader=fffd16ef-e5b7-4790-a173-7212d78e76a6, voted=fffd16ef-e5b7-4790-a173-7212d78e76a6, raftlog=fffd16ef-e5b7-4790-a173-7212d78e76a6@group-5F0821B3B682-SegmentedRaftLog:OPENED:c-1, conf=0: [fb78403e-0909-4251-8a90-abb070a55978|rpc:10.1.0.37:34863|dataStream:|priority:0, fffd16ef-e5b7-4790-a173-7212d78e76a6|rpc:10.1.0.37:35259|dataStream:|priority:1, 55bd67d6-70e0-4a0b-ba40-fbb5acf7f14f|rpc:10.1.0.37:45159|dataStream:|priority:0], old=null
2022-07-30 01:50:07,135 [fffd16ef-e5b7-4790-a173-7212d78e76a6@group-5F0821B3B682-SegmentedRaftLogWorker] INFO  segmented.SegmentedRaftLogWorker (SegmentedRaftLogWorker.java:execute(629)) - fffd16ef-e5b7-4790-a173-7212d78e76a6@group-5F0821B3B682-SegmentedRaftLogWorker: created new log segment /home/runner/work/ozone/ozone/hadoop-ozone/integration-test/target/test-dir/MiniOzoneClusterImpl-aa47c88b-9cdf-4da5-a3b2-16d3d6598e2f/datanode-0/data/ratis/ade1f269-edfe-4124-a855-5f0821b3b682/current/log_inprogress_0
2022-07-30 01:50:07,191 [fb78403e-0909-4251-8a90-abb070a55978-server-thread1] INFO  server.RaftServer$Division (RaftServerImpl.java:setRole(299)) - fb78403e-0909-4251-8a90-abb070a55978@group-5F0821B3B682: changes role from CANDIDATE to FOLLOWER at term 1 for appendEntries
2022-07-30 01:50:07,191 [fb78403e-0909-4251-8a90-abb070a55978-server-thread1] INFO  impl.RoleInfo (RoleInfo.java:shutdownLeaderElection(130)) - fb78403e-0909-4251-8a90-abb070a55978: shutdown fb78403e-0909-4251-8a90-abb070a55978@group-5F0821B3B682-LeaderElection36
2022-07-30 01:50:07,191 [fb78403e-0909-4251-8a90-abb070a55978-server-thread1] INFO  impl.RoleInfo (RoleInfo.java:updateAndGet(139)) - fb78403e-0909-4251-8a90-abb070a55978: start fb78403e-0909-4251-8a90-abb070a55978@group-5F0821B3B682-FollowerState
2022-07-30 01:50:07,202 [fb78403e-0909-4251-8a90-abb070a55978-server-thread1] INFO  ratis.XceiverServerRatis (XceiverServerRatis.java:handleLeaderChangedNotification(863)) - Leader change notification received for group: group-5F0821B3B682 with new leaderId: fffd16ef-e5b7-4790-a173-7212d78e76a6
2022-07-30 01:50:07,202 [fb78403e-0909-4251-8a90-abb070a55978-server-thread1] INFO  server.RaftServer$Division (ServerState.java:setLeader(287)) - fb78403e-0909-4251-8a90-abb070a55978@group-5F0821B3B682: change Leader from null to fffd16ef-e5b7-4790-a173-7212d78e76a6 at term 1 for appendEntries, leader elected after 5285ms
2022-07-30 01:50:07,214 [fb78403e-0909-4251-8a90-abb070a55978@group-5F0821B3B682-LeaderElection36] INFO  impl.LeaderElection (LeaderElection.java:logAndReturn(90)) - fb78403e-0909-4251-8a90-abb070a55978@group-5F0821B3B682-LeaderElection36: ELECTION REJECTED received 1 response(s) and 0 exception(s):
2022-07-30 01:50:07,214 [fb78403e-0909-4251-8a90-abb070a55978@group-5F0821B3B682-LeaderElection36] INFO  impl.LeaderElection (LeaderElection.java:logAndReturn(94)) -   Response 0: fb78403e-0909-4251-8a90-abb070a55978<-fffd16ef-e5b7-4790-a173-7212d78e76a6#0:FAIL-t1
2022-07-30 01:50:07,214 [fb78403e-0909-4251-8a90-abb070a55978@group-5F0821B3B682-LeaderElection36] INFO  impl.LeaderElection (LeaderElection.java:askForVotes(312)) - fb78403e-0909-4251-8a90-abb070a55978@group-5F0821B3B682-LeaderElection36 ELECTION round 0: result REJECTED
2022-07-30 01:50:07,214 [grpc-default-executor-0] INFO  server.RaftServer$Division (RaftServerImpl.java:requestVote(1152)) - 55bd67d6-70e0-4a0b-ba40-fbb5acf7f14f@group-5F0821B3B682: receive requestVote(ELECTION, fb78403e-0909-4251-8a90-abb070a55978, group-5F0821B3B682, 1, (t:0, i:0))
2022-07-30 01:50:07,214 [grpc-default-executor-0] INFO  impl.VoteContext (VoteContext.java:log(48)) - 55bd67d6-70e0-4a0b-ba40-fbb5acf7f14f@group-5F0821B3B682-FOLLOWER: reject ELECTION from fb78403e-0909-4251-8a90-abb070a55978: already has voted for fffd16ef-e5b7-4790-a173-7212d78e76a6 at current term 1
2022-07-30 01:50:07,215 [grpc-default-executor-0] INFO  server.RaftServer$Division (RaftServerImpl.java:requestVote(1184)) - 55bd67d6-70e0-4a0b-ba40-fbb5acf7f14f@group-5F0821B3B682 replies to ELECTION vote request: fb78403e-0909-4251-8a90-abb070a55978<-55bd67d6-70e0-4a0b-ba40-fbb5acf7f14f#0:FAIL-t1. Peer's state: 55bd67d6-70e0-4a0b-ba40-fbb5acf7f14f@group-5F0821B3B682:t1, leader=null, voted=fffd16ef-e5b7-4790-a173-7212d78e76a6, raftlog=55bd67d6-70e0-4a0b-ba40-fbb5acf7f14f@group-5F0821B3B682-SegmentedRaftLog:OPENED:c-1, conf=-1: [fb78403e-0909-4251-8a90-abb070a55978|rpc:10.1.0.37:34863|dataStream:|priority:0, fffd16ef-e5b7-4790-a173-7212d78e76a6|rpc:10.1.0.37:35259|dataStream:|priority:1, 55bd67d6-70e0-4a0b-ba40-fbb5acf7f14f|rpc:10.1.0.37:45159|dataStream:|priority:0], old=null
2022-07-30 01:50:07,231 [55bd67d6-70e0-4a0b-ba40-fbb5acf7f14f-server-thread1] INFO  ratis.XceiverServerRatis (XceiverServerRatis.java:handleLeaderChangedNotification(863)) - Leader change notification received for group: group-5F0821B3B682 with new leaderId: fffd16ef-e5b7-4790-a173-7212d78e76a6
2022-07-30 01:50:07,231 [55bd67d6-70e0-4a0b-ba40-fbb5acf7f14f-server-thread1] INFO  server.RaftServer$Division (ServerState.java:setLeader(287)) - 55bd67d6-70e0-4a0b-ba40-fbb5acf7f14f@group-5F0821B3B682: change Leader from null to fffd16ef-e5b7-4790-a173-7212d78e76a6 at term 1 for appendEntries, leader elected after 5224ms
2022-07-30 01:50:07,245 [fb78403e-0909-4251-8a90-abb070a55978-server-thread1] INFO  server.RaftServer$Division (ServerState.java:setRaftConf(393)) - fb78403e-0909-4251-8a90-abb070a55978@group-5F0821B3B682: set configuration 0: [fb78403e-0909-4251-8a90-abb070a55978|rpc:10.1.0.37:34863|dataStream:|priority:0, fffd16ef-e5b7-4790-a173-7212d78e76a6|rpc:10.1.0.37:35259|dataStream:|priority:1, 55bd67d6-70e0-4a0b-ba40-fbb5acf7f14f|rpc:10.1.0.37:45159|dataStream:|priority:0], old=null
2022-07-30 01:50:07,245 [fb78403e-0909-4251-8a90-abb070a55978-server-thread1] INFO  segmented.SegmentedRaftLogWorker (SegmentedRaftLogWorker.java:startLogSegment(425)) - fb78403e-0909-4251-8a90-abb070a55978@group-5F0821B3B682-SegmentedRaftLogWorker: Starting segment from index:0
2022-07-30 01:50:07,253 [fb78403e-0909-4251-8a90-abb070a55978@group-5F0821B3B682-SegmentedRaftLogWorker] INFO  segmented.SegmentedRaftLogWorker (SegmentedRaftLogWorker.java:execute(629)) - fb78403e-0909-4251-8a90-abb070a55978@group-5F0821B3B682-SegmentedRaftLogWorker: created new log segment /home/runner/work/ozone/ozone/hadoop-ozone/integration-test/target/test-dir/MiniOzoneClusterImpl-aa47c88b-9cdf-4da5-a3b2-16d3d6598e2f/datanode-1/data/ratis/ade1f269-edfe-4124-a855-5f0821b3b682/current/log_inprogress_0
2022-07-30 01:50:07,289 [fb78403e-0909-4251-8a90-abb070a55978@group-AB0D8628DD53-FollowerState] INFO  impl.FollowerState (FollowerState.java:run(143)) - fb78403e-0909-4251-8a90-abb070a55978@group-AB0D8628DD53-FollowerState: change to CANDIDATE, lastRpcElapsedTime:5168893673ns, electionTimeout:5167ms
2022-07-30 01:50:07,290 [fb78403e-0909-4251-8a90-abb070a55978@group-AB0D8628DD53-FollowerState] INFO  impl.RoleInfo (RoleInfo.java:shutdownFollowerState(110)) - fb78403e-0909-4251-8a90-abb070a55978: shutdown fb78403e-0909-4251-8a90-abb070a55978@group-AB0D8628DD53-FollowerState
2022-07-30 01:50:07,290 [fb78403e-0909-4251-8a90-abb070a55978@group-AB0D8628DD53-FollowerState] INFO  server.RaftServer$Division (RaftServerImpl.java:setRole(299)) - fb78403e-0909-4251-8a90-abb070a55978@group-AB0D8628DD53: changes role from  FOLLOWER to CANDIDATE at term 0 for changeToCandidate
2022-07-30 01:50:07,290 [fb78403e-0909-4251-8a90-abb070a55978@group-AB0D8628DD53-FollowerState] INFO  server.RaftServerConfigKeys (ConfUtils.java:logGet(46)) - raft.server.leaderelection.pre-vote = false (custom)
2022-07-30 01:50:07,290 [fb78403e-0909-4251-8a90-abb070a55978@group-AB0D8628DD53-FollowerState] INFO  impl.RoleInfo (RoleInfo.java:updateAndGet(139)) - fb78403e-0909-4251-8a90-abb070a55978: start fb78403e-0909-4251-8a90-abb070a55978@group-AB0D8628DD53-LeaderElection37
2022-07-30 01:50:07,316 [fb78403e-0909-4251-8a90-abb070a55978@group-AB0D8628DD53-LeaderElection37] INFO  impl.LeaderElection (LeaderElection.java:askForVotes(310)) - fb78403e-0909-4251-8a90-abb070a55978@group-AB0D8628DD53-LeaderElection37 ELECTION round 0: submit vote requests at term 1 for -1: [fb78403e-0909-4251-8a90-abb070a55978|rpc:10.1.0.37:34863|priority:1], old=null
2022-07-30 01:50:07,316 [fb78403e-0909-4251-8a90-abb070a55978@group-AB0D8628DD53-LeaderElection37] INFO  impl.LeaderElection (LeaderElection.java:askForVotes(312)) - fb78403e-0909-4251-8a90-abb070a55978@group-AB0D8628DD53-LeaderElection37 ELECTION round 0: result PASSED (term=1)
2022-07-30 01:50:07,316 [fb78403e-0909-4251-8a90-abb070a55978@group-AB0D8628DD53-LeaderElection37] INFO  impl.RoleInfo (RoleInfo.java:shutdownLeaderElection(130)) - fb78403e-0909-4251-8a90-abb070a55978: shutdown fb78403e-0909-4251-8a90-abb070a55978@group-AB0D8628DD53-LeaderElection37
2022-07-30 01:50:07,316 [fb78403e-0909-4251-8a90-abb070a55978@group-AB0D8628DD53-LeaderElection37] INFO  server.RaftServer$Division (RaftServerImpl.java:setRole(299)) - fb78403e-0909-4251-8a90-abb070a55978@group-AB0D8628DD53: changes role from CANDIDATE to LEADER at term 1 for changeToLeader
2022-07-30 01:50:07,316 [fb78403e-0909-4251-8a90-abb070a55978@group-AB0D8628DD53-LeaderElection37] INFO  ratis.XceiverServerRatis (XceiverServerRatis.java:handleLeaderChangedNotification(863)) - Leader change notification received for group: group-AB0D8628DD53 with new leaderId: fb78403e-0909-4251-8a90-abb070a55978
2022-07-30 01:50:07,316 [fb78403e-0909-4251-8a90-abb070a55978@group-AB0D8628DD53-LeaderElection37] INFO  server.RaftServer$Division (ServerState.java:setLeader(287)) - fb78403e-0909-4251-8a90-abb070a55978@group-AB0D8628DD53: change Leader from null to fb78403e-0909-4251-8a90-abb070a55978 at term 1 for becomeLeader, leader elected after 5207ms
2022-07-30 01:50:07,317 [fb78403e-0909-4251-8a90-abb070a55978@group-AB0D8628DD53-LeaderElection37] INFO  server.RaftServerConfigKeys (ConfUtils.java:logGet(46)) - raft.server.staging.catchup.gap = 1000 (default)
2022-07-30 01:50:07,317 [fb78403e-0909-4251-8a90-abb070a55978@group-AB0D8628DD53-LeaderElection37] INFO  server.RaftServerConfigKeys (ConfUtils.java:logGet(46)) - raft.server.write.element-limit = 1024 (custom)
2022-07-30 01:50:07,317 [fb78403e-0909-4251-8a90-abb070a55978@group-AB0D8628DD53-LeaderElection37] INFO  server.RaftServerConfigKeys (ConfUtils.java:logGet(46)) - raft.server.write.byte-limit = 1024 M (=1073741824) (custom)
2022-07-30 01:50:07,317 [fb78403e-0909-4251-8a90-abb070a55978@group-AB0D8628DD53-LeaderElection37] INFO  server.RaftServerConfigKeys (ConfUtils.java:logGet(46)) - raft.server.watch.timeout = 180s (custom)
2022-07-30 01:50:07,317 [fb78403e-0909-4251-8a90-abb070a55978@group-AB0D8628DD53-LeaderElection37] INFO  server.RaftServerConfigKeys (ConfUtils.java:logGet(46)) - raft.server.watch.timeout.denomination = 1s (default)
2022-07-30 01:50:07,317 [fb78403e-0909-4251-8a90-abb070a55978@group-AB0D8628DD53-LeaderElection37] INFO  server.RaftServerConfigKeys (ConfUtils.java:logGet(46)) - raft.server.watch.element-limit = 65536 (default)
2022-07-30 01:50:07,319 [fb78403e-0909-4251-8a90-abb070a55978@group-AB0D8628DD53-LeaderElection37] INFO  server.RaftServerConfigKeys (ConfUtils.java:logGet(46)) - raft.server.write.element-limit = 1024 (custom)
2022-07-30 01:50:07,319 [fb78403e-0909-4251-8a90-abb070a55978@group-AB0D8628DD53-LeaderElection37] INFO  server.RaftServerConfigKeys (ConfUtils.java:logGet(46)) - raft.server.write.follower.gap.ratio.max = -1.0 (default)
2022-07-30 01:50:07,319 [fb78403e-0909-4251-8a90-abb070a55978@group-AB0D8628DD53-LeaderElection37] INFO  impl.RoleInfo (RoleInfo.java:updateAndGet(139)) - fb78403e-0909-4251-8a90-abb070a55978: start fb78403e-0909-4251-8a90-abb070a55978@group-AB0D8628DD53-LeaderStateImpl
2022-07-30 01:50:07,321 [fb78403e-0909-4251-8a90-abb070a55978@group-AB0D8628DD53-LeaderElection37] INFO  segmented.SegmentedRaftLogWorker (SegmentedRaftLogWorker.java:startLogSegment(425)) - fb78403e-0909-4251-8a90-abb070a55978@group-AB0D8628DD53-SegmentedRaftLogWorker: Starting segment from index:0
2022-07-30 01:50:07,324 [fb78403e-0909-4251-8a90-abb070a55978@group-AB0D8628DD53-SegmentedRaftLogWorker] INFO  segmented.SegmentedRaftLogWorker (SegmentedRaftLogWorker.java:execute(629)) - fb78403e-0909-4251-8a90-abb070a55978@group-AB0D8628DD53-SegmentedRaftLogWorker: created new log segment /home/runner/work/ozone/ozone/hadoop-ozone/integration-test/target/test-dir/MiniOzoneClusterImpl-aa47c88b-9cdf-4da5-a3b2-16d3d6598e2f/datanode-1/data/ratis/3aecd29b-bb45-4fd9-a682-ab0d8628dd53/current/log_inprogress_0
2022-07-30 01:50:07,335 [55bd67d6-70e0-4a0b-ba40-fbb5acf7f14f-server-thread1] INFO  server.RaftServer$Division (ServerState.java:setRaftConf(393)) - 55bd67d6-70e0-4a0b-ba40-fbb5acf7f14f@group-5F0821B3B682: set configuration 0: [fb78403e-0909-4251-8a90-abb070a55978|rpc:10.1.0.37:34863|dataStream:|priority:0, fffd16ef-e5b7-4790-a173-7212d78e76a6|rpc:10.1.0.37:35259|dataStream:|priority:1, 55bd67d6-70e0-4a0b-ba40-fbb5acf7f14f|rpc:10.1.0.37:45159|dataStream:|priority:0], old=null
2022-07-30 01:50:07,335 [55bd67d6-70e0-4a0b-ba40-fbb5acf7f14f-server-thread1] INFO  segmented.SegmentedRaftLogWorker (SegmentedRaftLogWorker.java:startLogSegment(425)) - 55bd67d6-70e0-4a0b-ba40-fbb5acf7f14f@group-5F0821B3B682-SegmentedRaftLogWorker: Starting segment from index:0
2022-07-30 01:50:07,338 [55bd67d6-70e0-4a0b-ba40-fbb5acf7f14f@group-5F0821B3B682-SegmentedRaftLogWorker] INFO  segmented.SegmentedRaftLogWorker (SegmentedRaftLogWorker.java:execute(629)) - 55bd67d6-70e0-4a0b-ba40-fbb5acf7f14f@group-5F0821B3B682-SegmentedRaftLogWorker: created new log segment /home/runner/work/ozone/ozone/hadoop-ozone/integration-test/target/test-dir/MiniOzoneClusterImpl-aa47c88b-9cdf-4da5-a3b2-16d3d6598e2f/datanode-2/data/ratis/ade1f269-edfe-4124-a855-5f0821b3b682/current/log_inprogress_0
2022-07-30 01:50:07,361 [fb78403e-0909-4251-8a90-abb070a55978@group-AB0D8628DD53-LeaderElection37] INFO  server.RaftServer$Division (ServerState.java:setRaftConf(393)) - fb78403e-0909-4251-8a90-abb070a55978@group-AB0D8628DD53: set configuration 0: [fb78403e-0909-4251-8a90-abb070a55978|rpc:10.1.0.37:34863|dataStream:|priority:1], old=null
2022-07-30 01:50:07,820 [Listener at 127.0.0.1/41659] INFO  ozone.MiniOzoneClusterImpl (MiniOzoneClusterImpl.java:lambda$waitForClusterToBeReady$0(216)) - Nodes are ready. Got 5 of 5 DN Heartbeats.
2022-07-30 01:50:07,820 [Listener at 127.0.0.1/41659] INFO  ozone.MiniOzoneClusterImpl (MiniOzoneClusterImpl.java:lambda$waitForClusterToBeReady$0(219)) - Cluster exits safe mode
2022-07-30 01:50:07,820 [Listener at 127.0.0.1/41659] INFO  ozone.MiniOzoneClusterImpl (MiniOzoneClusterImpl.java:lambda$waitForClusterToBeReady$0(221)) - SCM became leader
2022-07-30 01:50:07,897 [Time-limited test] INFO  rpc.RpcClient (RpcClient.java:createVolume(468)) - Creating Volume: volume03401, with user89193 as owner and space quota set to -1 bytes, counts quota set to -1
2022-07-30 01:50:07,899 [IPC Server handler 4 on default port 41659] INFO  volume.OMVolumeCreateRequest (OMVolumeCreateRequest.java:validateAndUpdateCache(195)) - created volume:volume03401 for user:user89193
2022-07-30 01:50:07,941 [Time-limited test] INFO  rpc.RpcClient (RpcClient.java:createBucket(671)) - Creating Bucket: volume03401/bucket57323, with bucket layout LEGACY, runner as owner, Versioning false, Storage Type set to DISK and Encryption set to false 
2022-07-30 01:50:07,948 [IPC Server handler 6 on default port 41659] INFO  bucket.OMBucketCreateRequest (OMBucketCreateRequest.java:validateAndUpdateCache(260)) - created bucket: bucket57323 of layout LEGACY in volume: volume03401
2022-07-30 01:50:07,990 [55bd67d6-70e0-4a0b-ba40-fbb5acf7f14f@group-05AFCCAE1F13-FollowerState] INFO  impl.FollowerState (FollowerState.java:run(143)) - 55bd67d6-70e0-4a0b-ba40-fbb5acf7f14f@group-05AFCCAE1F13-FollowerState: change to CANDIDATE, lastRpcElapsedTime:5105243448ns, electionTimeout:5081ms
2022-07-30 01:50:07,990 [55bd67d6-70e0-4a0b-ba40-fbb5acf7f14f@group-05AFCCAE1F13-FollowerState] INFO  impl.RoleInfo (RoleInfo.java:shutdownFollowerState(110)) - 55bd67d6-70e0-4a0b-ba40-fbb5acf7f14f: shutdown 55bd67d6-70e0-4a0b-ba40-fbb5acf7f14f@group-05AFCCAE1F13-FollowerState
2022-07-30 01:50:07,990 [55bd67d6-70e0-4a0b-ba40-fbb5acf7f14f@group-05AFCCAE1F13-FollowerState] INFO  server.RaftServer$Division (RaftServerImpl.java:setRole(299)) - 55bd67d6-70e0-4a0b-ba40-fbb5acf7f14f@group-05AFCCAE1F13: changes role from  FOLLOWER to CANDIDATE at term 0 for changeToCandidate
2022-07-30 01:50:07,990 [55bd67d6-70e0-4a0b-ba40-fbb5acf7f14f@group-05AFCCAE1F13-FollowerState] INFO  server.RaftServerConfigKeys (ConfUtils.java:logGet(46)) - raft.server.leaderelection.pre-vote = false (custom)
2022-07-30 01:50:07,991 [55bd67d6-70e0-4a0b-ba40-fbb5acf7f14f@group-05AFCCAE1F13-FollowerState] INFO  impl.RoleInfo (RoleInfo.java:updateAndGet(139)) - 55bd67d6-70e0-4a0b-ba40-fbb5acf7f14f: start 55bd67d6-70e0-4a0b-ba40-fbb5acf7f14f@group-05AFCCAE1F13-LeaderElection38
2022-07-30 01:50:08,003 [IPC Server handler 0 on default port 34313] INFO  ha.SequenceIdGenerator (SequenceIdGenerator.java:getNextId(128)) - Allocate a batch for containerId, change lastId from 0 to 1000.
2022-07-30 01:50:08,003 [IPC Server handler 0 on default port 34313] WARN  ha.SequenceIdGenerator (SequenceIdGenerator.java:allocateBatch(237)) - Failed to allocate a batch for localId, expected lastId is 0, actual lastId is 109611004723200000.
2022-07-30 01:50:08,004 [IPC Server handler 0 on default port 34313] INFO  ha.SequenceIdGenerator (SequenceIdGenerator.java:getNextId(128)) - Allocate a batch for localId, change lastId from 109611004723200000 to 109611004723201000.
2022-07-30 01:50:08,027 [55bd67d6-70e0-4a0b-ba40-fbb5acf7f14f@group-05AFCCAE1F13-LeaderElection38] INFO  impl.LeaderElection (LeaderElection.java:askForVotes(310)) - 55bd67d6-70e0-4a0b-ba40-fbb5acf7f14f@group-05AFCCAE1F13-LeaderElection38 ELECTION round 0: submit vote requests at term 1 for -1: [55bd67d6-70e0-4a0b-ba40-fbb5acf7f14f|rpc:10.1.0.37:45159|priority:1], old=null
2022-07-30 01:50:08,028 [55bd67d6-70e0-4a0b-ba40-fbb5acf7f14f@group-05AFCCAE1F13-LeaderElection38] INFO  impl.LeaderElection (LeaderElection.java:askForVotes(312)) - 55bd67d6-70e0-4a0b-ba40-fbb5acf7f14f@group-05AFCCAE1F13-LeaderElection38 ELECTION round 0: result PASSED (term=1)
2022-07-30 01:50:08,028 [55bd67d6-70e0-4a0b-ba40-fbb5acf7f14f@group-05AFCCAE1F13-LeaderElection38] INFO  impl.RoleInfo (RoleInfo.java:shutdownLeaderElection(130)) - 55bd67d6-70e0-4a0b-ba40-fbb5acf7f14f: shutdown 55bd67d6-70e0-4a0b-ba40-fbb5acf7f14f@group-05AFCCAE1F13-LeaderElection38
2022-07-30 01:50:08,028 [55bd67d6-70e0-4a0b-ba40-fbb5acf7f14f@group-05AFCCAE1F13-LeaderElection38] INFO  server.RaftServer$Division (RaftServerImpl.java:setRole(299)) - 55bd67d6-70e0-4a0b-ba40-fbb5acf7f14f@group-05AFCCAE1F13: changes role from CANDIDATE to LEADER at term 1 for changeToLeader
2022-07-30 01:50:08,028 [55bd67d6-70e0-4a0b-ba40-fbb5acf7f14f@group-05AFCCAE1F13-LeaderElection38] INFO  ratis.XceiverServerRatis (XceiverServerRatis.java:handleLeaderChangedNotification(863)) - Leader change notification received for group: group-05AFCCAE1F13 with new leaderId: 55bd67d6-70e0-4a0b-ba40-fbb5acf7f14f
2022-07-30 01:50:08,028 [55bd67d6-70e0-4a0b-ba40-fbb5acf7f14f@group-05AFCCAE1F13-LeaderElection38] INFO  server.RaftServer$Division (ServerState.java:setLeader(287)) - 55bd67d6-70e0-4a0b-ba40-fbb5acf7f14f@group-05AFCCAE1F13: change Leader from null to 55bd67d6-70e0-4a0b-ba40-fbb5acf7f14f at term 1 for becomeLeader, leader elected after 5163ms
2022-07-30 01:50:08,028 [55bd67d6-70e0-4a0b-ba40-fbb5acf7f14f@group-05AFCCAE1F13-LeaderElection38] INFO  server.RaftServerConfigKeys (ConfUtils.java:logGet(46)) - raft.server.staging.catchup.gap = 1000 (default)
2022-07-30 01:50:08,029 [55bd67d6-70e0-4a0b-ba40-fbb5acf7f14f@group-05AFCCAE1F13-LeaderElection38] INFO  server.RaftServerConfigKeys (ConfUtils.java:logGet(46)) - raft.server.write.element-limit = 1024 (custom)
2022-07-30 01:50:08,029 [55bd67d6-70e0-4a0b-ba40-fbb5acf7f14f@group-05AFCCAE1F13-LeaderElection38] INFO  server.RaftServerConfigKeys (ConfUtils.java:logGet(46)) - raft.server.write.byte-limit = 1024 M (=1073741824) (custom)
2022-07-30 01:50:08,029 [55bd67d6-70e0-4a0b-ba40-fbb5acf7f14f@group-05AFCCAE1F13-LeaderElection38] INFO  server.RaftServerConfigKeys (ConfUtils.java:logGet(46)) - raft.server.watch.timeout = 180s (custom)
2022-07-30 01:50:08,029 [55bd67d6-70e0-4a0b-ba40-fbb5acf7f14f@group-05AFCCAE1F13-LeaderElection38] INFO  server.RaftServerConfigKeys (ConfUtils.java:logGet(46)) - raft.server.watch.timeout.denomination = 1s (default)
2022-07-30 01:50:08,029 [55bd67d6-70e0-4a0b-ba40-fbb5acf7f14f@group-05AFCCAE1F13-LeaderElection38] INFO  server.RaftServerConfigKeys (ConfUtils.java:logGet(46)) - raft.server.watch.element-limit = 65536 (default)
2022-07-30 01:50:08,029 [55bd67d6-70e0-4a0b-ba40-fbb5acf7f14f@group-05AFCCAE1F13-LeaderElection38] INFO  server.RaftServerConfigKeys (ConfUtils.java:logGet(46)) - raft.server.write.element-limit = 1024 (custom)
2022-07-30 01:50:08,029 [55bd67d6-70e0-4a0b-ba40-fbb5acf7f14f@group-05AFCCAE1F13-LeaderElection38] INFO  server.RaftServerConfigKeys (ConfUtils.java:logGet(46)) - raft.server.write.follower.gap.ratio.max = -1.0 (default)
2022-07-30 01:50:08,029 [55bd67d6-70e0-4a0b-ba40-fbb5acf7f14f@group-05AFCCAE1F13-LeaderElection38] INFO  impl.RoleInfo (RoleInfo.java:updateAndGet(139)) - 55bd67d6-70e0-4a0b-ba40-fbb5acf7f14f: start 55bd67d6-70e0-4a0b-ba40-fbb5acf7f14f@group-05AFCCAE1F13-LeaderStateImpl
2022-07-30 01:50:08,030 [55bd67d6-70e0-4a0b-ba40-fbb5acf7f14f@group-05AFCCAE1F13-LeaderElection38] INFO  segmented.SegmentedRaftLogWorker (SegmentedRaftLogWorker.java:startLogSegment(425)) - 55bd67d6-70e0-4a0b-ba40-fbb5acf7f14f@group-05AFCCAE1F13-SegmentedRaftLogWorker: Starting segment from index:0
2022-07-30 01:50:08,037 [55bd67d6-70e0-4a0b-ba40-fbb5acf7f14f@group-05AFCCAE1F13-SegmentedRaftLogWorker] INFO  segmented.SegmentedRaftLogWorker (SegmentedRaftLogWorker.java:execute(629)) - 55bd67d6-70e0-4a0b-ba40-fbb5acf7f14f@group-05AFCCAE1F13-SegmentedRaftLogWorker: created new log segment /home/runner/work/ozone/ozone/hadoop-ozone/integration-test/target/test-dir/MiniOzoneClusterImpl-aa47c88b-9cdf-4da5-a3b2-16d3d6598e2f/datanode-2/data/ratis/684ffaed-e9b8-4aea-8a7a-05afccae1f13/current/log_inprogress_0
2022-07-30 01:50:08,041 [55bd67d6-70e0-4a0b-ba40-fbb5acf7f14f@group-05AFCCAE1F13-LeaderElection38] INFO  server.RaftServer$Division (ServerState.java:setRaftConf(393)) - 55bd67d6-70e0-4a0b-ba40-fbb5acf7f14f@group-05AFCCAE1F13: set configuration 0: [55bd67d6-70e0-4a0b-ba40-fbb5acf7f14f|rpc:10.1.0.37:45159|dataStream:|priority:1], old=null
01:50:08.072 [IPC Server handler 12 on default port 41659] ERROR OMAudit - user=runner | ip=127.0.0.1 | op=GET_FILE_STATUS {volume=volume03401, bucket=bucket57323, key=dir68/file1, dataSize=0, replicationConfig=null} | ret=FAILURE
org.apache.hadoop.ozone.om.exceptions.OMException: Unable to get file status: volume: volume03401 bucket: bucket57323 key: dir68/file1
	at org.apache.hadoop.ozone.om.KeyManagerImpl.getOzoneFileStatus(KeyManagerImpl.java:1311) ~[ozone-manager-1.3.0-SNAPSHOT.jar:?]
	at org.apache.hadoop.ozone.om.KeyManagerImpl.getFileStatus(KeyManagerImpl.java:1241) ~[ozone-manager-1.3.0-SNAPSHOT.jar:?]
	at org.apache.hadoop.ozone.om.OzoneManager.getFileStatus(OzoneManager.java:3467) ~[ozone-manager-1.3.0-SNAPSHOT.jar:?]
	at org.apache.hadoop.ozone.protocolPB.OzoneManagerRequestHandler.getOzoneFileStatus(OzoneManagerRequestHandler.java:878) ~[ozone-manager-1.3.0-SNAPSHOT.jar:?]
	at org.apache.hadoop.ozone.protocolPB.OzoneManagerRequestHandler.handleReadRequest(OzoneManagerRequestHandler.java:224) ~[ozone-manager-1.3.0-SNAPSHOT.jar:?]
	at org.apache.hadoop.ozone.protocolPB.OzoneManagerProtocolServerSideTranslatorPB.submitRequestDirectlyToOM(OzoneManagerProtocolServerSideTranslatorPB.java:276) ~[ozone-manager-1.3.0-SNAPSHOT.jar:?]
	at org.apache.hadoop.ozone.protocolPB.OzoneManagerProtocolServerSideTranslatorPB.processRequest(OzoneManagerProtocolServerSideTranslatorPB.java:205) ~[ozone-manager-1.3.0-SNAPSHOT.jar:?]
	at org.apache.hadoop.hdds.server.OzoneProtocolMessageDispatcher.processRequest(OzoneProtocolMessageDispatcher.java:87) [hdds-server-framework-1.3.0-SNAPSHOT.jar:?]
	at org.apache.hadoop.ozone.protocolPB.OzoneManagerProtocolServerSideTranslatorPB.submitRequest(OzoneManagerProtocolServerSideTranslatorPB.java:147) [ozone-manager-1.3.0-SNAPSHOT.jar:?]
	at org.apache.hadoop.ozone.protocol.proto.OzoneManagerProtocolProtos$OzoneManagerService$2.callBlockingMethod(OzoneManagerProtocolProtos.java) [ozone-interface-client-1.3.0-SNAPSHOT.jar:?]
	at org.apache.hadoop.ipc.ProtobufRpcEngine$Server.processCall(ProtobufRpcEngine.java:466) [hadoop-common-3.3.1.jar:?]
	at org.apache.hadoop.ipc.ProtobufRpcEngine2$Server$ProtoBufRpcInvoker.call(ProtobufRpcEngine2.java:574) [hadoop-common-3.3.1.jar:?]
	at org.apache.hadoop.ipc.ProtobufRpcEngine2$Server$ProtoBufRpcInvoker.call(ProtobufRpcEngine2.java:552) [hadoop-common-3.3.1.jar:?]
	at org.apache.hadoop.ipc.RPC$Server.call(RPC.java:1093) [hadoop-common-3.3.1.jar:?]
	at org.apache.hadoop.ipc.Server$RpcCall.run(Server.java:1035) [hadoop-common-3.3.1.jar:?]
	at org.apache.hadoop.ipc.Server$RpcCall.run(Server.java:963) [hadoop-common-3.3.1.jar:?]
	at java.security.AccessController.doPrivileged(Native Method) ~[?:1.8.0_332]
	at javax.security.auth.Subject.doAs(Subject.java:422) [?:1.8.0_332]
	at org.apache.hadoop.security.UserGroupInformation.doAs(UserGroupInformation.java:1878) [hadoop-common-3.3.1.jar:?]
	at org.apache.hadoop.ipc.Server$Handler.run(Server.java:2966) [hadoop-common-3.3.1.jar:?]
]]></system-out>
  </testcase>
  <testcase name="testRenameFile" classname="TestRootedOzoneFileSystem" time="0.413">
    <system-out><![CDATA[2022-07-30 01:50:34,421 [Listener at 127.0.0.1/41659] INFO  ozone.MiniOzoneClusterImpl (MiniOzoneClusterImpl.java:shutdown(448)) - Shutting down the Mini Ozone Cluster
2022-07-30 01:50:34,421 [Listener at 127.0.0.1/41659] INFO  ozone.MiniOzoneClusterImpl (MiniOzoneClusterImpl.java:stop(463)) - Stopping the Mini Ozone Cluster
2022-07-30 01:50:34,421 [Listener at 127.0.0.1/41659] INFO  ozone.MiniOzoneClusterImpl (MiniOzoneClusterImpl.java:stopOM(545)) - Stopping the OzoneManager
2022-07-30 01:50:34,421 [Listener at 127.0.0.1/41659] INFO  om.OzoneManager (OzoneManager.java:stop(2021)) - om1[localhost:0]: Stopping Ozone Manager
2022-07-30 01:50:34,421 [Listener at 127.0.0.1/41659] INFO  ipc.Server (Server.java:stop(3414)) - Stopping server on 41659
2022-07-30 01:50:34,431 [IPC Server Responder] INFO  ipc.Server (Server.java:run(1512)) - Stopping IPC Server Responder
2022-07-30 01:50:34,432 [Listener at 127.0.0.1/41659] INFO  ratis.OzoneManagerDoubleBuffer (OzoneManagerDoubleBuffer.java:stop(466)) - Stopping OMDoubleBuffer flush thread
2022-07-30 01:50:34,432 [OMDoubleBufferFlushThread] INFO  ratis.OzoneManagerDoubleBuffer (OzoneManagerDoubleBuffer.java:flushTransactions(385)) - OMDoubleBuffer flush thread OMDoubleBufferFlushThread is interrupted and will exit.
2022-07-30 01:50:34,432 [IPC Server listener on 0] INFO  ipc.Server (Server.java:run(1376)) - Stopping IPC Server listener on 0
2022-07-30 01:50:34,436 [Listener at 127.0.0.1/41659] INFO  utils.BackgroundService (BackgroundService.java:shutdown(141)) - Shutting down service KeyDeletingService
2022-07-30 01:50:34,448 [Listener at 127.0.0.1/41659] INFO  utils.BackgroundService (BackgroundService.java:shutdown(141)) - Shutting down service DirectoryDeletingService
2022-07-30 01:50:34,448 [Listener at 127.0.0.1/41659] INFO  utils.BackgroundService (BackgroundService.java:shutdown(141)) - Shutting down service OpenKeyCleanupService
2022-07-30 01:50:34,449 [Listener at 127.0.0.1/41659] INFO  handler.ContextHandler (ContextHandler.java:doStop(1153)) - Stopped o.e.j.w.WebAppContext@2eb7372a{ozoneManager,/,null,STOPPED}{file:/home/runner/work/ozone/ozone/hadoop-ozone/integration-test/target/test-classes/webapps/ozoneManager}
2022-07-30 01:50:34,472 [Listener at 127.0.0.1/41659] INFO  server.AbstractConnector (AbstractConnector.java:doStop(381)) - Stopped ServerConnector@5b68827c{HTTP/1.1, (http/1.1)}{0.0.0.0:0}
2022-07-30 01:50:34,472 [Listener at 127.0.0.1/41659] INFO  server.session (HouseKeeper.java:stopScavenging(149)) - node0 Stopped scavenging
2022-07-30 01:50:34,472 [Listener at 127.0.0.1/41659] INFO  handler.ContextHandler (ContextHandler.java:doStop(1153)) - Stopped o.e.j.s.ServletContextHandler@31a6626f{static,/static,file:///home/runner/work/ozone/ozone/hadoop-ozone/integration-test/target/test-classes/webapps/static,STOPPED}
2022-07-30 01:50:34,472 [Listener at 127.0.0.1/41659] INFO  handler.ContextHandler (ContextHandler.java:doStop(1153)) - Stopped o.e.j.s.ServletContextHandler@5352c3ac{logs,/logs,file:///home/runner/work/ozone/ozone/hadoop-ozone/integration-test/target/log,STOPPED}
2022-07-30 01:50:34,474 [Trash Emptier] ERROR util.ExitUtils (ExitUtils.java:terminate(133)) - Terminating with exit status -1: Thread[Trash Emptier,5,main] has thrown an uncaught exception
java.lang.UnsupportedOperationException: fs.getUri() not implemented in TrashOzoneFileSystem
	at org.apache.hadoop.ozone.om.TrashOzoneFileSystem.getUri(TrashOzoneFileSystem.java:126)
	at org.apache.hadoop.fs.FileSystem.close(FileSystem.java:2592)
	at org.apache.hadoop.ozone.om.TrashPolicyOzone$Emptier.run(TrashPolicyOzone.java:243)
	at java.lang.Thread.run(Thread.java:750)
2022-07-30 01:50:34,481 [Listener at 127.0.0.1/41659] INFO  ozone.MiniOzoneClusterImpl (MiniOzoneClusterImpl.java:stopDatanodes(522)) - Stopping the HddsDatanodes
2022-07-30 01:50:39,485 [ForkJoinPool.commonPool-worker-0] INFO  ozoneimpl.OzoneContainer (OzoneContainer.java:stop(399)) - Attempting to stop container services.
2022-07-30 01:50:39,489 [ForkJoinPool.commonPool-worker-0] INFO  server.RaftServer (RaftServerProxy.java:lambda$close$7(398)) - fb78403e-0909-4251-8a90-abb070a55978: close
2022-07-30 01:50:39,489 [ForkJoinPool.commonPool-worker-0] INFO  server.RaftServer$Division (RaftServerImpl.java:lambda$close$4(434)) - fb78403e-0909-4251-8a90-abb070a55978@group-C5EFA702D848: shutdown
2022-07-30 01:50:39,489 [ForkJoinPool.commonPool-worker-0] INFO  util.JmxRegister (JmxRegister.java:unregister(73)) - Successfully un-registered JMX Bean with object name Ratis:service=RaftServer,group=group-C5EFA702D848,id=fb78403e-0909-4251-8a90-abb070a55978
2022-07-30 01:50:39,489 [ForkJoinPool.commonPool-worker-0] INFO  impl.RoleInfo (RoleInfo.java:shutdownLeaderState(93)) - fb78403e-0909-4251-8a90-abb070a55978: shutdown fb78403e-0909-4251-8a90-abb070a55978@group-C5EFA702D848-LeaderStateImpl
2022-07-30 01:50:39,489 [ForkJoinPool.commonPool-worker-0] INFO  impl.PendingRequests (PendingRequests.java:sendNotLeaderResponses(282)) - fb78403e-0909-4251-8a90-abb070a55978@group-C5EFA702D848-PendingRequests: sendNotLeaderResponses
2022-07-30 01:50:39,489 [fb78403e-0909-4251-8a90-abb070a55978@group-C5EFA702D848->55bd67d6-70e0-4a0b-ba40-fbb5acf7f14f-GrpcLogAppender-LogAppenderDaemon] WARN  server.GrpcLogAppender (GrpcLogAppender.java:mayWait(171)) - fb78403e-0909-4251-8a90-abb070a55978@group-C5EFA702D848->55bd67d6-70e0-4a0b-ba40-fbb5acf7f14f-GrpcLogAppender: Wait interrupted by java.lang.InterruptedException
2022-07-30 01:50:39,490 [grpc-default-executor-5] INFO  server.GrpcServerProtocolService (GrpcServerProtocolService.java:onCompleted(140)) - 55bd67d6-70e0-4a0b-ba40-fbb5acf7f14f: Completed APPEND_ENTRIES, lastRequest: fb78403e-0909-4251-8a90-abb070a55978->55bd67d6-70e0-4a0b-ba40-fbb5acf7f14f#163-t2,previous=(t:2, i:7),leaderCommit=6,initializing? true,entries: size=1, first=(t:2, i:8), METADATAENTRY(c:6)
2022-07-30 01:50:39,490 [fb78403e-0909-4251-8a90-abb070a55978@group-C5EFA702D848->fffd16ef-e5b7-4790-a173-7212d78e76a6-GrpcLogAppender-LogAppenderDaemon] WARN  server.GrpcLogAppender (GrpcLogAppender.java:mayWait(171)) - fb78403e-0909-4251-8a90-abb070a55978@group-C5EFA702D848->fffd16ef-e5b7-4790-a173-7212d78e76a6-GrpcLogAppender: Wait interrupted by java.lang.InterruptedException
2022-07-30 01:50:39,491 [grpc-default-executor-0] INFO  server.GrpcLogAppender (GrpcLogAppender.java:onCompleted(339)) - fb78403e-0909-4251-8a90-abb070a55978@group-C5EFA702D848->55bd67d6-70e0-4a0b-ba40-fbb5acf7f14f-AppendLogResponseHandler: follower responses appendEntries COMPLETED
2022-07-30 01:50:39,491 [grpc-default-executor-5] INFO  server.GrpcServerProtocolService (GrpcServerProtocolService.java:onCompleted(140)) - fffd16ef-e5b7-4790-a173-7212d78e76a6: Completed APPEND_ENTRIES, lastRequest: fb78403e-0909-4251-8a90-abb070a55978->fffd16ef-e5b7-4790-a173-7212d78e76a6#165-t2,previous=(t:2, i:7),leaderCommit=6,initializing? true,entries: size=1, first=(t:2, i:8), METADATAENTRY(c:6)
2022-07-30 01:50:39,491 [grpc-default-executor-0] INFO  leader.FollowerInfo (FollowerInfoImpl.java:lambda$new$0(48)) - fb78403e-0909-4251-8a90-abb070a55978@group-C5EFA702D848->55bd67d6-70e0-4a0b-ba40-fbb5acf7f14f: nextIndex: updateUnconditionally 9 -> 8
2022-07-30 01:50:39,492 [grpc-default-executor-0] INFO  server.GrpcLogAppender (GrpcLogAppender.java:onCompleted(339)) - fb78403e-0909-4251-8a90-abb070a55978@group-C5EFA702D848->fffd16ef-e5b7-4790-a173-7212d78e76a6-AppendLogResponseHandler: follower responses appendEntries COMPLETED
2022-07-30 01:50:39,492 [grpc-default-executor-0] INFO  leader.FollowerInfo (FollowerInfoImpl.java:lambda$new$0(48)) - fb78403e-0909-4251-8a90-abb070a55978@group-C5EFA702D848->fffd16ef-e5b7-4790-a173-7212d78e76a6: nextIndex: updateUnconditionally 9 -> 8
2022-07-30 01:50:39,511 [Listener at 127.0.0.1/41659] INFO  ozoneimpl.OzoneContainer (OzoneContainer.java:stop(399)) - Attempting to stop container services.
2022-07-30 01:50:39,495 [ForkJoinPool.commonPool-worker-0] INFO  impl.StateMachineUpdater (StateMachineUpdater.java:stopAndJoin(153)) - fb78403e-0909-4251-8a90-abb070a55978@group-C5EFA702D848-StateMachineUpdater: set stopIndex = 8
2022-07-30 01:50:39,495 [fb78403e-0909-4251-8a90-abb070a55978@group-C5EFA702D848-StateMachineUpdater] INFO  ratis.ContainerStateMachine (ContainerStateMachine.java:takeSnapshot(304)) - group-C5EFA702D848: Taking a snapshot at:(t:2, i:8) file /home/runner/work/ozone/ozone/hadoop-ozone/integration-test/target/test-dir/MiniOzoneClusterImpl-aa47c88b-9cdf-4da5-a3b2-16d3d6598e2f/datanode-1/data/ratis/a1b8c25b-7ef5-4d04-abdb-c5efa702d848/sm/snapshot.2_8
2022-07-30 01:50:39,515 [Listener at 127.0.0.1/41659] INFO  server.RaftServer (RaftServerProxy.java:lambda$close$7(398)) - 55bd67d6-70e0-4a0b-ba40-fbb5acf7f14f: close
2022-07-30 01:50:39,515 [Listener at 127.0.0.1/41659] INFO  server.RaftServer$Division (RaftServerImpl.java:lambda$close$4(434)) - 55bd67d6-70e0-4a0b-ba40-fbb5acf7f14f@group-05AFCCAE1F13: shutdown
2022-07-30 01:50:39,515 [Listener at 127.0.0.1/41659] INFO  util.JmxRegister (JmxRegister.java:unregister(73)) - Successfully un-registered JMX Bean with object name Ratis:service=RaftServer,group=group-05AFCCAE1F13,id=55bd67d6-70e0-4a0b-ba40-fbb5acf7f14f
2022-07-30 01:50:39,516 [Listener at 127.0.0.1/41659] INFO  impl.RoleInfo (RoleInfo.java:shutdownLeaderState(93)) - 55bd67d6-70e0-4a0b-ba40-fbb5acf7f14f: shutdown 55bd67d6-70e0-4a0b-ba40-fbb5acf7f14f@group-05AFCCAE1F13-LeaderStateImpl
2022-07-30 01:50:39,516 [Listener at 127.0.0.1/41659] INFO  impl.PendingRequests (PendingRequests.java:sendNotLeaderResponses(282)) - 55bd67d6-70e0-4a0b-ba40-fbb5acf7f14f@group-05AFCCAE1F13-PendingRequests: sendNotLeaderResponses
2022-07-30 01:50:39,517 [Listener at 127.0.0.1/41659] INFO  impl.StateMachineUpdater (StateMachineUpdater.java:stopAndJoin(153)) - 55bd67d6-70e0-4a0b-ba40-fbb5acf7f14f@group-05AFCCAE1F13-StateMachineUpdater: set stopIndex = 0
2022-07-30 01:50:39,516 [fb78403e-0909-4251-8a90-abb070a55978@group-C5EFA702D848-StateMachineUpdater] INFO  ratis.ContainerStateMachine (ContainerStateMachine.java:takeSnapshot(315)) - group-C5EFA702D848: Finished taking a snapshot at:(t:2, i:8) file:/home/runner/work/ozone/ozone/hadoop-ozone/integration-test/target/test-dir/MiniOzoneClusterImpl-aa47c88b-9cdf-4da5-a3b2-16d3d6598e2f/datanode-1/data/ratis/a1b8c25b-7ef5-4d04-abdb-c5efa702d848/sm/snapshot.2_8 took: 20 ms
2022-07-30 01:50:39,517 [fb78403e-0909-4251-8a90-abb070a55978@group-C5EFA702D848-StateMachineUpdater] INFO  impl.StateMachineUpdater (StateMachineUpdater.java:takeSnapshot(287)) - fb78403e-0909-4251-8a90-abb070a55978@group-C5EFA702D848-StateMachineUpdater: Took a snapshot at index 8
2022-07-30 01:50:39,517 [fb78403e-0909-4251-8a90-abb070a55978@group-C5EFA702D848-StateMachineUpdater] INFO  impl.StateMachineUpdater (StateMachineUpdater.java:lambda$new$0(92)) - fb78403e-0909-4251-8a90-abb070a55978@group-C5EFA702D848-StateMachineUpdater: snapshotIndex: updateIncreasingly -1 -> 8
2022-07-30 01:50:39,518 [55bd67d6-70e0-4a0b-ba40-fbb5acf7f14f@group-05AFCCAE1F13-StateMachineUpdater] INFO  ratis.ContainerStateMachine (ContainerStateMachine.java:takeSnapshot(304)) - group-05AFCCAE1F13: Taking a snapshot at:(t:1, i:0) file /home/runner/work/ozone/ozone/hadoop-ozone/integration-test/target/test-dir/MiniOzoneClusterImpl-aa47c88b-9cdf-4da5-a3b2-16d3d6598e2f/datanode-2/data/ratis/684ffaed-e9b8-4aea-8a7a-05afccae1f13/sm/snapshot.1_0
2022-07-30 01:50:39,518 [ForkJoinPool.commonPool-worker-0] INFO  server.RaftServer$Division (ServerState.java:close(429)) - fb78403e-0909-4251-8a90-abb070a55978@group-C5EFA702D848: closes. applyIndex: 8
2022-07-30 01:50:39,518 [fb78403e-0909-4251-8a90-abb070a55978@group-C5EFA702D848-SegmentedRaftLogWorker] INFO  segmented.SegmentedRaftLogWorker (SegmentedRaftLogWorker.java:run(336)) - fb78403e-0909-4251-8a90-abb070a55978@group-C5EFA702D848-SegmentedRaftLogWorker was interrupted, exiting. There are 0 tasks remaining in the queue.
2022-07-30 01:50:39,520 [ForkJoinPool.commonPool-worker-0] INFO  segmented.SegmentedRaftLogWorker (SegmentedRaftLogWorker.java:close(246)) - fb78403e-0909-4251-8a90-abb070a55978@group-C5EFA702D848-SegmentedRaftLogWorker close()
2022-07-30 01:50:39,521 [ForkJoinPool.commonPool-worker-0] INFO  server.RaftServer$Division (RaftServerImpl.java:lambda$close$4(434)) - fb78403e-0909-4251-8a90-abb070a55978@group-5F0821B3B682: shutdown
2022-07-30 01:50:39,521 [ForkJoinPool.commonPool-worker-0] INFO  util.JmxRegister (JmxRegister.java:unregister(73)) - Successfully un-registered JMX Bean with object name Ratis:service=RaftServer,group=group-5F0821B3B682,id=fb78403e-0909-4251-8a90-abb070a55978
2022-07-30 01:50:39,521 [ForkJoinPool.commonPool-worker-0] INFO  impl.RoleInfo (RoleInfo.java:shutdownFollowerState(110)) - fb78403e-0909-4251-8a90-abb070a55978: shutdown fb78403e-0909-4251-8a90-abb070a55978@group-5F0821B3B682-FollowerState
2022-07-30 01:50:39,521 [ForkJoinPool.commonPool-worker-0] INFO  impl.StateMachineUpdater (StateMachineUpdater.java:stopAndJoin(153)) - fb78403e-0909-4251-8a90-abb070a55978@group-5F0821B3B682-StateMachineUpdater: set stopIndex = 24
2022-07-30 01:50:39,521 [fb78403e-0909-4251-8a90-abb070a55978@group-5F0821B3B682-FollowerState] INFO  impl.FollowerState (FollowerState.java:run(152)) - fb78403e-0909-4251-8a90-abb070a55978@group-5F0821B3B682-FollowerState was interrupted
2022-07-30 01:50:39,534 [55bd67d6-70e0-4a0b-ba40-fbb5acf7f14f@group-05AFCCAE1F13-StateMachineUpdater] INFO  ratis.ContainerStateMachine (ContainerStateMachine.java:takeSnapshot(315)) - group-05AFCCAE1F13: Finished taking a snapshot at:(t:1, i:0) file:/home/runner/work/ozone/ozone/hadoop-ozone/integration-test/target/test-dir/MiniOzoneClusterImpl-aa47c88b-9cdf-4da5-a3b2-16d3d6598e2f/datanode-2/data/ratis/684ffaed-e9b8-4aea-8a7a-05afccae1f13/sm/snapshot.1_0 took: 15 ms
2022-07-30 01:50:39,534 [55bd67d6-70e0-4a0b-ba40-fbb5acf7f14f@group-05AFCCAE1F13-StateMachineUpdater] INFO  impl.StateMachineUpdater (StateMachineUpdater.java:takeSnapshot(287)) - 55bd67d6-70e0-4a0b-ba40-fbb5acf7f14f@group-05AFCCAE1F13-StateMachineUpdater: Took a snapshot at index 0
2022-07-30 01:50:39,534 [55bd67d6-70e0-4a0b-ba40-fbb5acf7f14f@group-05AFCCAE1F13-StateMachineUpdater] INFO  impl.StateMachineUpdater (StateMachineUpdater.java:lambda$new$0(92)) - 55bd67d6-70e0-4a0b-ba40-fbb5acf7f14f@group-05AFCCAE1F13-StateMachineUpdater: snapshotIndex: updateIncreasingly -1 -> 0
2022-07-30 01:50:39,536 [fb78403e-0909-4251-8a90-abb070a55978@group-5F0821B3B682-StateMachineUpdater] INFO  ratis.ContainerStateMachine (ContainerStateMachine.java:takeSnapshot(304)) - group-5F0821B3B682: Taking a snapshot at:(t:1, i:24) file /home/runner/work/ozone/ozone/hadoop-ozone/integration-test/target/test-dir/MiniOzoneClusterImpl-aa47c88b-9cdf-4da5-a3b2-16d3d6598e2f/datanode-1/data/ratis/ade1f269-edfe-4124-a855-5f0821b3b682/sm/snapshot.1_24
2022-07-30 01:50:39,538 [Listener at 127.0.0.1/41659] INFO  server.RaftServer$Division (ServerState.java:close(429)) - 55bd67d6-70e0-4a0b-ba40-fbb5acf7f14f@group-05AFCCAE1F13: closes. applyIndex: 0
2022-07-30 01:50:39,539 [55bd67d6-70e0-4a0b-ba40-fbb5acf7f14f@group-05AFCCAE1F13-SegmentedRaftLogWorker] INFO  segmented.SegmentedRaftLogWorker (SegmentedRaftLogWorker.java:run(336)) - 55bd67d6-70e0-4a0b-ba40-fbb5acf7f14f@group-05AFCCAE1F13-SegmentedRaftLogWorker was interrupted, exiting. There are 0 tasks remaining in the queue.
2022-07-30 01:50:39,539 [Listener at 127.0.0.1/41659] INFO  segmented.SegmentedRaftLogWorker (SegmentedRaftLogWorker.java:close(246)) - 55bd67d6-70e0-4a0b-ba40-fbb5acf7f14f@group-05AFCCAE1F13-SegmentedRaftLogWorker close()
2022-07-30 01:50:39,540 [fb78403e-0909-4251-8a90-abb070a55978@group-5F0821B3B682-StateMachineUpdater] INFO  ratis.ContainerStateMachine (ContainerStateMachine.java:takeSnapshot(315)) - group-5F0821B3B682: Finished taking a snapshot at:(t:1, i:24) file:/home/runner/work/ozone/ozone/hadoop-ozone/integration-test/target/test-dir/MiniOzoneClusterImpl-aa47c88b-9cdf-4da5-a3b2-16d3d6598e2f/datanode-1/data/ratis/ade1f269-edfe-4124-a855-5f0821b3b682/sm/snapshot.1_24 took: 5 ms
2022-07-30 01:50:39,540 [fb78403e-0909-4251-8a90-abb070a55978@group-5F0821B3B682-StateMachineUpdater] INFO  impl.StateMachineUpdater (StateMachineUpdater.java:takeSnapshot(287)) - fb78403e-0909-4251-8a90-abb070a55978@group-5F0821B3B682-StateMachineUpdater: Took a snapshot at index 24
2022-07-30 01:50:39,540 [fb78403e-0909-4251-8a90-abb070a55978@group-5F0821B3B682-StateMachineUpdater] INFO  impl.StateMachineUpdater (StateMachineUpdater.java:lambda$new$0(92)) - fb78403e-0909-4251-8a90-abb070a55978@group-5F0821B3B682-StateMachineUpdater: snapshotIndex: updateIncreasingly -1 -> 24
2022-07-30 01:50:39,541 [ForkJoinPool.commonPool-worker-0] INFO  server.RaftServer$Division (ServerState.java:close(429)) - fb78403e-0909-4251-8a90-abb070a55978@group-5F0821B3B682: closes. applyIndex: 24
2022-07-30 01:50:39,542 [fb78403e-0909-4251-8a90-abb070a55978@group-5F0821B3B682-SegmentedRaftLogWorker] INFO  segmented.SegmentedRaftLogWorker (SegmentedRaftLogWorker.java:run(336)) - fb78403e-0909-4251-8a90-abb070a55978@group-5F0821B3B682-SegmentedRaftLogWorker was interrupted, exiting. There are 0 tasks remaining in the queue.
2022-07-30 01:50:39,542 [Listener at 127.0.0.1/41659] INFO  server.RaftServer$Division (RaftServerImpl.java:lambda$close$4(434)) - 55bd67d6-70e0-4a0b-ba40-fbb5acf7f14f@group-C5EFA702D848: shutdown
2022-07-30 01:50:39,542 [Listener at 127.0.0.1/41659] INFO  util.JmxRegister (JmxRegister.java:unregister(73)) - Successfully un-registered JMX Bean with object name Ratis:service=RaftServer,group=group-C5EFA702D848,id=55bd67d6-70e0-4a0b-ba40-fbb5acf7f14f
2022-07-30 01:50:39,542 [Listener at 127.0.0.1/41659] INFO  impl.RoleInfo (RoleInfo.java:shutdownFollowerState(110)) - 55bd67d6-70e0-4a0b-ba40-fbb5acf7f14f: shutdown 55bd67d6-70e0-4a0b-ba40-fbb5acf7f14f@group-C5EFA702D848-FollowerState
2022-07-30 01:50:39,544 [55bd67d6-70e0-4a0b-ba40-fbb5acf7f14f@group-C5EFA702D848-StateMachineUpdater] INFO  ratis.ContainerStateMachine (ContainerStateMachine.java:takeSnapshot(304)) - group-C5EFA702D848: Taking a snapshot at:(t:2, i:8) file /home/runner/work/ozone/ozone/hadoop-ozone/integration-test/target/test-dir/MiniOzoneClusterImpl-aa47c88b-9cdf-4da5-a3b2-16d3d6598e2f/datanode-2/data/ratis/a1b8c25b-7ef5-4d04-abdb-c5efa702d848/sm/snapshot.2_8
2022-07-30 01:50:39,544 [Listener at 127.0.0.1/41659] INFO  impl.StateMachineUpdater (StateMachineUpdater.java:stopAndJoin(153)) - 55bd67d6-70e0-4a0b-ba40-fbb5acf7f14f@group-C5EFA702D848-StateMachineUpdater: set stopIndex = 8
2022-07-30 01:50:39,545 [ForkJoinPool.commonPool-worker-0] INFO  segmented.SegmentedRaftLogWorker (SegmentedRaftLogWorker.java:close(246)) - fb78403e-0909-4251-8a90-abb070a55978@group-5F0821B3B682-SegmentedRaftLogWorker close()
2022-07-30 01:50:39,546 [ForkJoinPool.commonPool-worker-0] INFO  server.RaftServer$Division (RaftServerImpl.java:lambda$close$4(434)) - fb78403e-0909-4251-8a90-abb070a55978@group-AB0D8628DD53: shutdown
2022-07-30 01:50:39,546 [ForkJoinPool.commonPool-worker-0] INFO  util.JmxRegister (JmxRegister.java:unregister(73)) - Successfully un-registered JMX Bean with object name Ratis:service=RaftServer,group=group-AB0D8628DD53,id=fb78403e-0909-4251-8a90-abb070a55978
2022-07-30 01:50:39,546 [ForkJoinPool.commonPool-worker-0] INFO  impl.RoleInfo (RoleInfo.java:shutdownLeaderState(93)) - fb78403e-0909-4251-8a90-abb070a55978: shutdown fb78403e-0909-4251-8a90-abb070a55978@group-AB0D8628DD53-LeaderStateImpl
2022-07-30 01:50:39,546 [ForkJoinPool.commonPool-worker-0] INFO  impl.PendingRequests (PendingRequests.java:sendNotLeaderResponses(282)) - fb78403e-0909-4251-8a90-abb070a55978@group-AB0D8628DD53-PendingRequests: sendNotLeaderResponses
2022-07-30 01:50:39,547 [fb78403e-0909-4251-8a90-abb070a55978@group-AB0D8628DD53-StateMachineUpdater] INFO  ratis.ContainerStateMachine (ContainerStateMachine.java:takeSnapshot(304)) - group-AB0D8628DD53: Taking a snapshot at:(t:1, i:0) file /home/runner/work/ozone/ozone/hadoop-ozone/integration-test/target/test-dir/MiniOzoneClusterImpl-aa47c88b-9cdf-4da5-a3b2-16d3d6598e2f/datanode-1/data/ratis/3aecd29b-bb45-4fd9-a682-ab0d8628dd53/sm/snapshot.1_0
2022-07-30 01:50:39,547 [ForkJoinPool.commonPool-worker-0] INFO  impl.StateMachineUpdater (StateMachineUpdater.java:stopAndJoin(153)) - fb78403e-0909-4251-8a90-abb070a55978@group-AB0D8628DD53-StateMachineUpdater: set stopIndex = 0
2022-07-30 01:50:39,548 [fb78403e-0909-4251-8a90-abb070a55978@group-AB0D8628DD53-StateMachineUpdater] INFO  ratis.ContainerStateMachine (ContainerStateMachine.java:takeSnapshot(315)) - group-AB0D8628DD53: Finished taking a snapshot at:(t:1, i:0) file:/home/runner/work/ozone/ozone/hadoop-ozone/integration-test/target/test-dir/MiniOzoneClusterImpl-aa47c88b-9cdf-4da5-a3b2-16d3d6598e2f/datanode-1/data/ratis/3aecd29b-bb45-4fd9-a682-ab0d8628dd53/sm/snapshot.1_0 took: 1 ms
2022-07-30 01:50:39,548 [fb78403e-0909-4251-8a90-abb070a55978@group-AB0D8628DD53-StateMachineUpdater] INFO  impl.StateMachineUpdater (StateMachineUpdater.java:takeSnapshot(287)) - fb78403e-0909-4251-8a90-abb070a55978@group-AB0D8628DD53-StateMachineUpdater: Took a snapshot at index 0
2022-07-30 01:50:39,548 [fb78403e-0909-4251-8a90-abb070a55978@group-AB0D8628DD53-StateMachineUpdater] INFO  impl.StateMachineUpdater (StateMachineUpdater.java:lambda$new$0(92)) - fb78403e-0909-4251-8a90-abb070a55978@group-AB0D8628DD53-StateMachineUpdater: snapshotIndex: updateIncreasingly -1 -> 0
2022-07-30 01:50:39,548 [ForkJoinPool.commonPool-worker-0] INFO  server.RaftServer$Division (ServerState.java:close(429)) - fb78403e-0909-4251-8a90-abb070a55978@group-AB0D8628DD53: closes. applyIndex: 0
2022-07-30 01:50:39,549 [fb78403e-0909-4251-8a90-abb070a55978@group-AB0D8628DD53-SegmentedRaftLogWorker] INFO  segmented.SegmentedRaftLogWorker (SegmentedRaftLogWorker.java:run(336)) - fb78403e-0909-4251-8a90-abb070a55978@group-AB0D8628DD53-SegmentedRaftLogWorker was interrupted, exiting. There are 0 tasks remaining in the queue.
2022-07-30 01:50:39,549 [ForkJoinPool.commonPool-worker-0] INFO  segmented.SegmentedRaftLogWorker (SegmentedRaftLogWorker.java:close(246)) - fb78403e-0909-4251-8a90-abb070a55978@group-AB0D8628DD53-SegmentedRaftLogWorker close()
2022-07-30 01:50:39,556 [ForkJoinPool.commonPool-worker-0] INFO  server.GrpcService (GrpcService.java:closeImpl(269)) - fb78403e-0909-4251-8a90-abb070a55978: shutdown server with port 34863 now
2022-07-30 01:50:39,557 [55bd67d6-70e0-4a0b-ba40-fbb5acf7f14f@group-C5EFA702D848-StateMachineUpdater] INFO  ratis.ContainerStateMachine (ContainerStateMachine.java:takeSnapshot(315)) - group-C5EFA702D848: Finished taking a snapshot at:(t:2, i:8) file:/home/runner/work/ozone/ozone/hadoop-ozone/integration-test/target/test-dir/MiniOzoneClusterImpl-aa47c88b-9cdf-4da5-a3b2-16d3d6598e2f/datanode-2/data/ratis/a1b8c25b-7ef5-4d04-abdb-c5efa702d848/sm/snapshot.2_8 took: 14 ms
2022-07-30 01:50:39,557 [55bd67d6-70e0-4a0b-ba40-fbb5acf7f14f@group-C5EFA702D848-StateMachineUpdater] INFO  impl.StateMachineUpdater (StateMachineUpdater.java:takeSnapshot(287)) - 55bd67d6-70e0-4a0b-ba40-fbb5acf7f14f@group-C5EFA702D848-StateMachineUpdater: Took a snapshot at index 8
2022-07-30 01:50:39,557 [55bd67d6-70e0-4a0b-ba40-fbb5acf7f14f@group-C5EFA702D848-StateMachineUpdater] INFO  impl.StateMachineUpdater (StateMachineUpdater.java:lambda$new$0(92)) - 55bd67d6-70e0-4a0b-ba40-fbb5acf7f14f@group-C5EFA702D848-StateMachineUpdater: snapshotIndex: updateIncreasingly -1 -> 8
2022-07-30 01:50:39,557 [grpc-default-executor-5] WARN  server.GrpcServerProtocolService (LogUtils.java:warn(122)) - fb78403e-0909-4251-8a90-abb070a55978: installSnapshot onError, lastRequest: fffd16ef-e5b7-4790-a173-7212d78e76a6->fb78403e-0909-4251-8a90-abb070a55978#245-t1,previous=(t:1, i:23),leaderCommit=22,initializing? true,entries: size=1, first=(t:1, i:24), METADATAENTRY(c:22): org.apache.ratis.thirdparty.io.grpc.StatusRuntimeException: CANCELLED: client cancelled
2022-07-30 01:50:39,558 [55bd67d6-70e0-4a0b-ba40-fbb5acf7f14f@group-C5EFA702D848-FollowerState] INFO  impl.FollowerState (FollowerState.java:run(152)) - 55bd67d6-70e0-4a0b-ba40-fbb5acf7f14f@group-C5EFA702D848-FollowerState was interrupted
2022-07-30 01:50:39,558 [Listener at 127.0.0.1/41659] INFO  server.RaftServer$Division (ServerState.java:close(429)) - 55bd67d6-70e0-4a0b-ba40-fbb5acf7f14f@group-C5EFA702D848: closes. applyIndex: 8
2022-07-30 01:50:39,565 [grpc-default-executor-4] WARN  server.GrpcLogAppender (LogUtils.java:warn(122)) - fffd16ef-e5b7-4790-a173-7212d78e76a6@group-5F0821B3B682->fb78403e-0909-4251-8a90-abb070a55978-AppendLogResponseHandler: Failed appendEntries: org.apache.ratis.thirdparty.io.grpc.StatusRuntimeException: CANCELLED: RST_STREAM closed stream. HTTP/2 error code: CANCEL
2022-07-30 01:50:39,566 [grpc-default-executor-4] INFO  leader.FollowerInfo (FollowerInfoImpl.java:lambda$new$0(48)) - fffd16ef-e5b7-4790-a173-7212d78e76a6@group-5F0821B3B682->fb78403e-0909-4251-8a90-abb070a55978: nextIndex: updateUnconditionally 25 -> 24
2022-07-30 01:50:39,572 [ForkJoinPool.commonPool-worker-0] INFO  server.GrpcService (GrpcService.java:closeImpl(278)) - fb78403e-0909-4251-8a90-abb070a55978: shutdown server with port 34863 successfully
2022-07-30 01:50:39,573 [org.apache.ratis.util.JvmPauseMonitor$$Lambda$615/1033062816@5663cfb0] INFO  util.JvmPauseMonitor (JvmPauseMonitor.java:run(109)) - JvmPauseMonitor-fb78403e-0909-4251-8a90-abb070a55978: Stopped
2022-07-30 01:50:39,579 [grpc-default-executor-5] WARN  server.GrpcLogAppender (LogUtils.java:warn(122)) - fffd16ef-e5b7-4790-a173-7212d78e76a6@group-5F0821B3B682->fb78403e-0909-4251-8a90-abb070a55978-AppendLogResponseHandler: Failed appendEntries: org.apache.ratis.thirdparty.io.grpc.StatusRuntimeException: UNAVAILABLE: io exception
2022-07-30 01:50:39,580 [grpc-default-executor-5] INFO  leader.FollowerInfo (FollowerInfoImpl.java:lambda$new$0(48)) - fffd16ef-e5b7-4790-a173-7212d78e76a6@group-5F0821B3B682->fb78403e-0909-4251-8a90-abb070a55978: nextIndex: updateUnconditionally 25 -> 24
2022-07-30 01:50:39,581 [55bd67d6-70e0-4a0b-ba40-fbb5acf7f14f@group-C5EFA702D848-SegmentedRaftLogWorker] INFO  segmented.SegmentedRaftLogWorker (SegmentedRaftLogWorker.java:run(336)) - 55bd67d6-70e0-4a0b-ba40-fbb5acf7f14f@group-C5EFA702D848-SegmentedRaftLogWorker was interrupted, exiting. There are 0 tasks remaining in the queue.
2022-07-30 01:50:39,604 [Listener at 127.0.0.1/41659] INFO  segmented.SegmentedRaftLogWorker (SegmentedRaftLogWorker.java:close(246)) - 55bd67d6-70e0-4a0b-ba40-fbb5acf7f14f@group-C5EFA702D848-SegmentedRaftLogWorker close()
2022-07-30 01:50:39,605 [Listener at 127.0.0.1/41659] INFO  server.RaftServer$Division (RaftServerImpl.java:lambda$close$4(434)) - 55bd67d6-70e0-4a0b-ba40-fbb5acf7f14f@group-5F0821B3B682: shutdown
2022-07-30 01:50:39,605 [Listener at 127.0.0.1/41659] INFO  util.JmxRegister (JmxRegister.java:unregister(73)) - Successfully un-registered JMX Bean with object name Ratis:service=RaftServer,group=group-5F0821B3B682,id=55bd67d6-70e0-4a0b-ba40-fbb5acf7f14f
2022-07-30 01:50:39,606 [Listener at 127.0.0.1/41659] INFO  impl.RoleInfo (RoleInfo.java:shutdownFollowerState(110)) - 55bd67d6-70e0-4a0b-ba40-fbb5acf7f14f: shutdown 55bd67d6-70e0-4a0b-ba40-fbb5acf7f14f@group-5F0821B3B682-FollowerState
2022-07-30 01:50:39,606 [Listener at 127.0.0.1/41659] INFO  impl.StateMachineUpdater (StateMachineUpdater.java:stopAndJoin(153)) - 55bd67d6-70e0-4a0b-ba40-fbb5acf7f14f@group-5F0821B3B682-StateMachineUpdater: set stopIndex = 24
2022-07-30 01:50:39,606 [55bd67d6-70e0-4a0b-ba40-fbb5acf7f14f@group-5F0821B3B682-StateMachineUpdater] INFO  ratis.ContainerStateMachine (ContainerStateMachine.java:takeSnapshot(304)) - group-5F0821B3B682: Taking a snapshot at:(t:1, i:24) file /home/runner/work/ozone/ozone/hadoop-ozone/integration-test/target/test-dir/MiniOzoneClusterImpl-aa47c88b-9cdf-4da5-a3b2-16d3d6598e2f/datanode-2/data/ratis/ade1f269-edfe-4124-a855-5f0821b3b682/sm/snapshot.1_24
2022-07-30 01:50:39,606 [55bd67d6-70e0-4a0b-ba40-fbb5acf7f14f@group-5F0821B3B682-FollowerState] INFO  impl.FollowerState (FollowerState.java:run(152)) - 55bd67d6-70e0-4a0b-ba40-fbb5acf7f14f@group-5F0821B3B682-FollowerState was interrupted
2022-07-30 01:50:39,607 [55bd67d6-70e0-4a0b-ba40-fbb5acf7f14f@group-5F0821B3B682-StateMachineUpdater] INFO  ratis.ContainerStateMachine (ContainerStateMachine.java:takeSnapshot(315)) - group-5F0821B3B682: Finished taking a snapshot at:(t:1, i:24) file:/home/runner/work/ozone/ozone/hadoop-ozone/integration-test/target/test-dir/MiniOzoneClusterImpl-aa47c88b-9cdf-4da5-a3b2-16d3d6598e2f/datanode-2/data/ratis/ade1f269-edfe-4124-a855-5f0821b3b682/sm/snapshot.1_24 took: 1 ms
2022-07-30 01:50:39,607 [55bd67d6-70e0-4a0b-ba40-fbb5acf7f14f@group-5F0821B3B682-StateMachineUpdater] INFO  impl.StateMachineUpdater (StateMachineUpdater.java:takeSnapshot(287)) - 55bd67d6-70e0-4a0b-ba40-fbb5acf7f14f@group-5F0821B3B682-StateMachineUpdater: Took a snapshot at index 24
2022-07-30 01:50:39,608 [55bd67d6-70e0-4a0b-ba40-fbb5acf7f14f@group-5F0821B3B682-StateMachineUpdater] INFO  impl.StateMachineUpdater (StateMachineUpdater.java:lambda$new$0(92)) - 55bd67d6-70e0-4a0b-ba40-fbb5acf7f14f@group-5F0821B3B682-StateMachineUpdater: snapshotIndex: updateIncreasingly -1 -> 24
2022-07-30 01:50:39,608 [Listener at 127.0.0.1/41659] INFO  server.RaftServer$Division (ServerState.java:close(429)) - 55bd67d6-70e0-4a0b-ba40-fbb5acf7f14f@group-5F0821B3B682: closes. applyIndex: 24
2022-07-30 01:50:39,610 [55bd67d6-70e0-4a0b-ba40-fbb5acf7f14f@group-5F0821B3B682-SegmentedRaftLogWorker] INFO  segmented.SegmentedRaftLogWorker (SegmentedRaftLogWorker.java:run(336)) - 55bd67d6-70e0-4a0b-ba40-fbb5acf7f14f@group-5F0821B3B682-SegmentedRaftLogWorker was interrupted, exiting. There are 0 tasks remaining in the queue.
2022-07-30 01:50:39,611 [Listener at 127.0.0.1/41659] INFO  segmented.SegmentedRaftLogWorker (SegmentedRaftLogWorker.java:close(246)) - 55bd67d6-70e0-4a0b-ba40-fbb5acf7f14f@group-5F0821B3B682-SegmentedRaftLogWorker close()
2022-07-30 01:50:39,612 [Listener at 127.0.0.1/41659] INFO  server.GrpcService (GrpcService.java:closeImpl(269)) - 55bd67d6-70e0-4a0b-ba40-fbb5acf7f14f: shutdown server with port 45159 now
2022-07-30 01:50:39,613 [grpc-default-executor-4] WARN  server.GrpcServerProtocolService (LogUtils.java:warn(122)) - 55bd67d6-70e0-4a0b-ba40-fbb5acf7f14f: installSnapshot onError, lastRequest: fffd16ef-e5b7-4790-a173-7212d78e76a6->55bd67d6-70e0-4a0b-ba40-fbb5acf7f14f#231-t1,previous=(t:1, i:23),leaderCommit=22,initializing? true,entries: size=1, first=(t:1, i:24), METADATAENTRY(c:22): org.apache.ratis.thirdparty.io.grpc.StatusRuntimeException: CANCELLED: client cancelled
2022-07-30 01:50:39,613 [Listener at 127.0.0.1/41659] INFO  server.GrpcService (GrpcService.java:closeImpl(278)) - 55bd67d6-70e0-4a0b-ba40-fbb5acf7f14f: shutdown server with port 45159 successfully
2022-07-30 01:50:39,613 [grpc-default-executor-0] WARN  server.GrpcLogAppender (LogUtils.java:warn(122)) - fffd16ef-e5b7-4790-a173-7212d78e76a6@group-5F0821B3B682->55bd67d6-70e0-4a0b-ba40-fbb5acf7f14f-AppendLogResponseHandler: Failed appendEntries: org.apache.ratis.thirdparty.io.grpc.StatusRuntimeException: CANCELLED: RST_STREAM closed stream. HTTP/2 error code: CANCEL
2022-07-30 01:50:39,614 [grpc-default-executor-0] INFO  leader.FollowerInfo (FollowerInfoImpl.java:lambda$new$0(48)) - fffd16ef-e5b7-4790-a173-7212d78e76a6@group-5F0821B3B682->55bd67d6-70e0-4a0b-ba40-fbb5acf7f14f: nextIndex: updateUnconditionally 25 -> 24
2022-07-30 01:50:39,614 [org.apache.ratis.util.JvmPauseMonitor$$Lambda$615/1033062816@7b905667] INFO  util.JvmPauseMonitor (JvmPauseMonitor.java:run(109)) - JvmPauseMonitor-55bd67d6-70e0-4a0b-ba40-fbb5acf7f14f: Stopped
2022-07-30 01:50:39,627 [grpc-default-executor-0] WARN  server.GrpcLogAppender (LogUtils.java:warn(122)) - fffd16ef-e5b7-4790-a173-7212d78e76a6@group-5F0821B3B682->55bd67d6-70e0-4a0b-ba40-fbb5acf7f14f-AppendLogResponseHandler: Failed appendEntries: org.apache.ratis.thirdparty.io.grpc.StatusRuntimeException: UNAVAILABLE: io exception
2022-07-30 01:50:39,627 [grpc-default-executor-0] INFO  leader.FollowerInfo (FollowerInfoImpl.java:lambda$new$0(48)) - fffd16ef-e5b7-4790-a173-7212d78e76a6@group-5F0821B3B682->55bd67d6-70e0-4a0b-ba40-fbb5acf7f14f: nextIndex: updateUnconditionally 25 -> 24
2022-07-30 01:50:40,885 [grpc-default-executor-0] WARN  server.GrpcLogAppender (LogUtils.java:warn(122)) - fffd16ef-e5b7-4790-a173-7212d78e76a6@group-5F0821B3B682->55bd67d6-70e0-4a0b-ba40-fbb5acf7f14f-AppendLogResponseHandler: Failed appendEntries: org.apache.ratis.thirdparty.io.grpc.StatusRuntimeException: UNAVAILABLE: io exception
2022-07-30 01:50:40,887 [grpc-default-executor-0] INFO  leader.FollowerInfo (FollowerInfoImpl.java:lambda$new$0(48)) - fffd16ef-e5b7-4790-a173-7212d78e76a6@group-5F0821B3B682->55bd67d6-70e0-4a0b-ba40-fbb5acf7f14f: nextIndex: updateUnconditionally 25 -> 24
2022-07-30 01:50:40,891 [grpc-default-executor-0] WARN  server.GrpcLogAppender (LogUtils.java:warn(122)) - fffd16ef-e5b7-4790-a173-7212d78e76a6@group-5F0821B3B682->fb78403e-0909-4251-8a90-abb070a55978-AppendLogResponseHandler: Failed appendEntries: org.apache.ratis.thirdparty.io.grpc.StatusRuntimeException: UNAVAILABLE: io exception
2022-07-30 01:50:40,892 [grpc-default-executor-0] INFO  leader.FollowerInfo (FollowerInfoImpl.java:lambda$new$0(48)) - fffd16ef-e5b7-4790-a173-7212d78e76a6@group-5F0821B3B682->fb78403e-0909-4251-8a90-abb070a55978: nextIndex: updateUnconditionally 25 -> 24
2022-07-30 01:50:41,651 [ForkJoinPool.commonPool-worker-0] INFO  utils.BackgroundService (BackgroundService.java:shutdown(141)) - Shutting down service BlockDeletingService
2022-07-30 01:50:41,651 [ForkJoinPool.commonPool-worker-0] INFO  utils.BackgroundService (BackgroundService.java:shutdown(141)) - Shutting down service StaleRecoveringContainerScrubbingService
2022-07-30 01:50:41,658 [Listener at 127.0.0.1/41659] INFO  utils.BackgroundService (BackgroundService.java:shutdown(141)) - Shutting down service BlockDeletingService
2022-07-30 01:50:41,658 [Listener at 127.0.0.1/41659] INFO  utils.BackgroundService (BackgroundService.java:shutdown(141)) - Shutting down service StaleRecoveringContainerScrubbingService
2022-07-30 01:50:42,136 [grpc-default-executor-0] WARN  server.GrpcLogAppender (LogUtils.java:warn(122)) - fffd16ef-e5b7-4790-a173-7212d78e76a6@group-5F0821B3B682->55bd67d6-70e0-4a0b-ba40-fbb5acf7f14f-AppendLogResponseHandler: Failed appendEntries: org.apache.ratis.thirdparty.io.grpc.StatusRuntimeException: UNAVAILABLE: io exception
2022-07-30 01:50:42,139 [grpc-default-executor-0] INFO  leader.FollowerInfo (FollowerInfoImpl.java:lambda$new$0(48)) - fffd16ef-e5b7-4790-a173-7212d78e76a6@group-5F0821B3B682->55bd67d6-70e0-4a0b-ba40-fbb5acf7f14f: nextIndex: updateUnconditionally 25 -> 24
2022-07-30 01:50:42,142 [grpc-default-executor-0] WARN  server.GrpcLogAppender (LogUtils.java:warn(122)) - fffd16ef-e5b7-4790-a173-7212d78e76a6@group-5F0821B3B682->fb78403e-0909-4251-8a90-abb070a55978-AppendLogResponseHandler: Failed appendEntries: org.apache.ratis.thirdparty.io.grpc.StatusRuntimeException: UNAVAILABLE: io exception
2022-07-30 01:50:42,142 [grpc-default-executor-0] INFO  leader.FollowerInfo (FollowerInfoImpl.java:lambda$new$0(48)) - fffd16ef-e5b7-4790-a173-7212d78e76a6@group-5F0821B3B682->fb78403e-0909-4251-8a90-abb070a55978: nextIndex: updateUnconditionally 25 -> 24
2022-07-30 01:50:43,386 [grpc-default-executor-0] WARN  server.GrpcLogAppender (LogUtils.java:warn(122)) - fffd16ef-e5b7-4790-a173-7212d78e76a6@group-5F0821B3B682->55bd67d6-70e0-4a0b-ba40-fbb5acf7f14f-AppendLogResponseHandler: Failed appendEntries: org.apache.ratis.thirdparty.io.grpc.StatusRuntimeException: UNAVAILABLE: io exception
2022-07-30 01:50:43,392 [grpc-default-executor-5] WARN  server.GrpcLogAppender (LogUtils.java:warn(122)) - fffd16ef-e5b7-4790-a173-7212d78e76a6@group-5F0821B3B682->fb78403e-0909-4251-8a90-abb070a55978-AppendLogResponseHandler: Failed appendEntries: org.apache.ratis.thirdparty.io.grpc.StatusRuntimeException: UNAVAILABLE: io exception
2022-07-30 01:50:43,393 [grpc-default-executor-5] INFO  leader.FollowerInfo (FollowerInfoImpl.java:lambda$new$0(48)) - fffd16ef-e5b7-4790-a173-7212d78e76a6@group-5F0821B3B682->fb78403e-0909-4251-8a90-abb070a55978: nextIndex: updateUnconditionally 25 -> 24
2022-07-30 01:50:43,400 [grpc-default-executor-0] INFO  leader.FollowerInfo (FollowerInfoImpl.java:lambda$new$0(48)) - fffd16ef-e5b7-4790-a173-7212d78e76a6@group-5F0821B3B682->55bd67d6-70e0-4a0b-ba40-fbb5acf7f14f: nextIndex: updateUnconditionally 25 -> 24
2022-07-30 01:50:44,140 [UnderReplicatedQueueThreadThread] INFO  replication.UnderReplicatedProcessor (UnderReplicatedProcessor.java:processAll(85)) - Processed 0 under replicated containers, failed processing 0
2022-07-30 01:50:44,148 [OverReplicatedQueueThreadThread] INFO  replication.OverReplicatedProcessor (OverReplicatedProcessor.java:processAll(83)) - Processed 0 over replicated containers, failed processing 0
2022-07-30 01:50:44,637 [grpc-default-executor-0] WARN  server.GrpcLogAppender (LogUtils.java:warn(122)) - fffd16ef-e5b7-4790-a173-7212d78e76a6@group-5F0821B3B682->55bd67d6-70e0-4a0b-ba40-fbb5acf7f14f-AppendLogResponseHandler: Failed appendEntries: org.apache.ratis.thirdparty.io.grpc.StatusRuntimeException: UNAVAILABLE: io exception
2022-07-30 01:50:44,637 [grpc-default-executor-0] INFO  leader.FollowerInfo (FollowerInfoImpl.java:lambda$new$0(48)) - fffd16ef-e5b7-4790-a173-7212d78e76a6@group-5F0821B3B682->55bd67d6-70e0-4a0b-ba40-fbb5acf7f14f: nextIndex: updateUnconditionally 25 -> 24
2022-07-30 01:50:44,643 [grpc-default-executor-0] WARN  server.GrpcLogAppender (LogUtils.java:warn(122)) - fffd16ef-e5b7-4790-a173-7212d78e76a6@group-5F0821B3B682->fb78403e-0909-4251-8a90-abb070a55978-AppendLogResponseHandler: Failed appendEntries: org.apache.ratis.thirdparty.io.grpc.StatusRuntimeException: UNAVAILABLE: io exception
2022-07-30 01:50:44,643 [grpc-default-executor-0] INFO  leader.FollowerInfo (FollowerInfoImpl.java:lambda$new$0(48)) - fffd16ef-e5b7-4790-a173-7212d78e76a6@group-5F0821B3B682->fb78403e-0909-4251-8a90-abb070a55978: nextIndex: updateUnconditionally 25 -> 24
2022-07-30 01:50:44,666 [Listener at 127.0.0.1/41659] INFO  statemachine.DatanodeStateMachine (DatanodeStateMachine.java:stopDaemon(580)) - Ozone container server stopped.
2022-07-30 01:50:44,691 [ForkJoinPool.commonPool-worker-0] INFO  statemachine.DatanodeStateMachine (DatanodeStateMachine.java:stopDaemon(580)) - Ozone container server stopped.
2022-07-30 01:50:44,716 [Listener at 127.0.0.1/41659] INFO  handler.ContextHandler (ContextHandler.java:doStop(1153)) - Stopped o.e.j.w.WebAppContext@2d976e51{hddsDatanode,/,null,STOPPED}{jar:file:/home/runner/.m2/repository/org/apache/ozone/hdds-container-service/1.3.0-SNAPSHOT/hdds-container-service-1.3.0-SNAPSHOT.jar!/webapps/hddsDatanode}
2022-07-30 01:50:44,722 [Listener at 127.0.0.1/41659] INFO  server.AbstractConnector (AbstractConnector.java:doStop(381)) - Stopped ServerConnector@6e746639{HTTP/1.1, (http/1.1)}{0.0.0.0:0}
2022-07-30 01:50:44,722 [Listener at 127.0.0.1/41659] INFO  server.session (HouseKeeper.java:stopScavenging(149)) - node0 Stopped scavenging
2022-07-30 01:50:44,722 [Listener at 127.0.0.1/41659] INFO  handler.ContextHandler (ContextHandler.java:doStop(1153)) - Stopped o.e.j.s.ServletContextHandler@2df6f170{static,/static,jar:file:/home/runner/.m2/repository/org/apache/ozone/hdds-container-service/1.3.0-SNAPSHOT/hdds-container-service-1.3.0-SNAPSHOT.jar!/webapps/static,STOPPED}
2022-07-30 01:50:44,723 [Listener at 127.0.0.1/41659] INFO  handler.ContextHandler (ContextHandler.java:doStop(1153)) - Stopped o.e.j.s.ServletContextHandler@1e88664d{logs,/logs,file:///home/runner/work/ozone/ozone/hadoop-ozone/integration-test/target/log,STOPPED}
2022-07-30 01:50:44,744 [ForkJoinPool.commonPool-worker-0] INFO  handler.ContextHandler (ContextHandler.java:doStop(1153)) - Stopped o.e.j.w.WebAppContext@72dfcc72{hddsDatanode,/,null,STOPPED}{jar:file:/home/runner/.m2/repository/org/apache/ozone/hdds-container-service/1.3.0-SNAPSHOT/hdds-container-service-1.3.0-SNAPSHOT.jar!/webapps/hddsDatanode}
2022-07-30 01:50:44,745 [ForkJoinPool.commonPool-worker-0] INFO  server.AbstractConnector (AbstractConnector.java:doStop(381)) - Stopped ServerConnector@2e7ea527{HTTP/1.1, (http/1.1)}{0.0.0.0:0}
2022-07-30 01:50:44,745 [ForkJoinPool.commonPool-worker-0] INFO  server.session (HouseKeeper.java:stopScavenging(149)) - node0 Stopped scavenging
2022-07-30 01:50:44,747 [ForkJoinPool.commonPool-worker-0] INFO  handler.ContextHandler (ContextHandler.java:doStop(1153)) - Stopped o.e.j.s.ServletContextHandler@61a384b1{static,/static,jar:file:/home/runner/.m2/repository/org/apache/ozone/hdds-container-service/1.3.0-SNAPSHOT/hdds-container-service-1.3.0-SNAPSHOT.jar!/webapps/static,STOPPED}
2022-07-30 01:50:44,762 [ForkJoinPool.commonPool-worker-0] INFO  handler.ContextHandler (ContextHandler.java:doStop(1153)) - Stopped o.e.j.s.ServletContextHandler@36536a0f{logs,/logs,file:///home/runner/work/ozone/ozone/hadoop-ozone/integration-test/target/log,STOPPED}
2022-07-30 01:50:45,891 [grpc-default-executor-0] WARN  server.GrpcLogAppender (LogUtils.java:warn(122)) - fffd16ef-e5b7-4790-a173-7212d78e76a6@group-5F0821B3B682->55bd67d6-70e0-4a0b-ba40-fbb5acf7f14f-AppendLogResponseHandler: Failed appendEntries: org.apache.ratis.thirdparty.io.grpc.StatusRuntimeException: UNAVAILABLE: io exception
2022-07-30 01:50:45,892 [grpc-default-executor-0] INFO  leader.FollowerInfo (FollowerInfoImpl.java:lambda$new$0(48)) - fffd16ef-e5b7-4790-a173-7212d78e76a6@group-5F0821B3B682->55bd67d6-70e0-4a0b-ba40-fbb5acf7f14f: nextIndex: updateUnconditionally 25 -> 24
2022-07-30 01:50:45,894 [grpc-default-executor-0] WARN  server.GrpcLogAppender (LogUtils.java:warn(122)) - fffd16ef-e5b7-4790-a173-7212d78e76a6@group-5F0821B3B682->fb78403e-0909-4251-8a90-abb070a55978-AppendLogResponseHandler: Failed appendEntries: org.apache.ratis.thirdparty.io.grpc.StatusRuntimeException: UNAVAILABLE: io exception
2022-07-30 01:50:45,895 [grpc-default-executor-0] INFO  leader.FollowerInfo (FollowerInfoImpl.java:lambda$new$0(48)) - fffd16ef-e5b7-4790-a173-7212d78e76a6@group-5F0821B3B682->fb78403e-0909-4251-8a90-abb070a55978: nextIndex: updateUnconditionally 25 -> 24
2022-07-30 01:50:47,098 [fffd16ef-e5b7-4790-a173-7212d78e76a6@group-5F0821B3B682-LeaderStateImpl] WARN  server.RaftServer$Division (LeaderStateImpl.java:checkLeadership(1018)) - fffd16ef-e5b7-4790-a173-7212d78e76a6@group-5F0821B3B682-LeaderStateImpl: Lost leadership on term: 1. Election timeout: 5200ms. In charge for: 40041ms. Conf: 0: [fb78403e-0909-4251-8a90-abb070a55978|rpc:10.1.0.37:34863|dataStream:|priority:0, fffd16ef-e5b7-4790-a173-7212d78e76a6|rpc:10.1.0.37:35259|dataStream:|priority:1, 55bd67d6-70e0-4a0b-ba40-fbb5acf7f14f|rpc:10.1.0.37:45159|dataStream:|priority:0], old=null
2022-07-30 01:50:47,098 [fffd16ef-e5b7-4790-a173-7212d78e76a6@group-5F0821B3B682-LeaderStateImpl] WARN  server.RaftServer$Division (LeaderStateImpl.java:lambda$checkLeadership$17(1022)) - Follower fffd16ef-e5b7-4790-a173-7212d78e76a6@group-5F0821B3B682->fb78403e-0909-4251-8a90-abb070a55978(c24,m24,n24, attendVote=true, lastRpcSendTime=1203, lastRpcResponseTime=8708)
2022-07-30 01:50:47,098 [fffd16ef-e5b7-4790-a173-7212d78e76a6@group-5F0821B3B682-LeaderStateImpl] WARN  server.RaftServer$Division (LeaderStateImpl.java:lambda$checkLeadership$17(1022)) - Follower fffd16ef-e5b7-4790-a173-7212d78e76a6@group-5F0821B3B682->55bd67d6-70e0-4a0b-ba40-fbb5acf7f14f(c24,m24,n24, attendVote=true, lastRpcSendTime=1207, lastRpcResponseTime=8714)
2022-07-30 01:50:47,098 [fffd16ef-e5b7-4790-a173-7212d78e76a6@group-5F0821B3B682-LeaderStateImpl] INFO  server.RaftServer$Division (RaftServerImpl.java:setRole(299)) - fffd16ef-e5b7-4790-a173-7212d78e76a6@group-5F0821B3B682: changes role from    LEADER to FOLLOWER at term 1 for StepDownReason:LOST_MAJORITY_HEARTBEATS
2022-07-30 01:50:47,098 [fffd16ef-e5b7-4790-a173-7212d78e76a6@group-5F0821B3B682-LeaderStateImpl] INFO  impl.RoleInfo (RoleInfo.java:shutdownLeaderState(93)) - fffd16ef-e5b7-4790-a173-7212d78e76a6: shutdown fffd16ef-e5b7-4790-a173-7212d78e76a6@group-5F0821B3B682-LeaderStateImpl
2022-07-30 01:50:47,099 [fffd16ef-e5b7-4790-a173-7212d78e76a6@group-5F0821B3B682-LeaderStateImpl] INFO  impl.PendingRequests (PendingRequests.java:sendNotLeaderResponses(282)) - fffd16ef-e5b7-4790-a173-7212d78e76a6@group-5F0821B3B682-PendingRequests: sendNotLeaderResponses
2022-07-30 01:50:47,099 [fffd16ef-e5b7-4790-a173-7212d78e76a6@group-5F0821B3B682->fb78403e-0909-4251-8a90-abb070a55978-GrpcLogAppender-LogAppenderDaemon] WARN  server.GrpcLogAppender (GrpcLogAppender.java:mayWait(171)) - fffd16ef-e5b7-4790-a173-7212d78e76a6@group-5F0821B3B682->fb78403e-0909-4251-8a90-abb070a55978-GrpcLogAppender: Wait interrupted by java.lang.InterruptedException
2022-07-30 01:50:47,099 [fffd16ef-e5b7-4790-a173-7212d78e76a6@group-5F0821B3B682->55bd67d6-70e0-4a0b-ba40-fbb5acf7f14f-GrpcLogAppender-LogAppenderDaemon] WARN  server.GrpcLogAppender (GrpcLogAppender.java:mayWait(171)) - fffd16ef-e5b7-4790-a173-7212d78e76a6@group-5F0821B3B682->55bd67d6-70e0-4a0b-ba40-fbb5acf7f14f-GrpcLogAppender: Wait interrupted by java.lang.InterruptedException
2022-07-30 01:50:47,102 [fffd16ef-e5b7-4790-a173-7212d78e76a6@group-5F0821B3B682-LeaderStateImpl] INFO  impl.RoleInfo (RoleInfo.java:updateAndGet(139)) - fffd16ef-e5b7-4790-a173-7212d78e76a6: start fffd16ef-e5b7-4790-a173-7212d78e76a6@group-5F0821B3B682-FollowerState
2022-07-30 01:50:47,491 [fffd16ef-e5b7-4790-a173-7212d78e76a6@group-C5EFA702D848-FollowerState] INFO  impl.FollowerState (FollowerState.java:run(143)) - fffd16ef-e5b7-4790-a173-7212d78e76a6@group-C5EFA702D848-FollowerState: change to CANDIDATE, lastRpcElapsedTime:8122822288ns, electionTimeout:5019ms
2022-07-30 01:50:47,491 [fffd16ef-e5b7-4790-a173-7212d78e76a6@group-C5EFA702D848-FollowerState] INFO  impl.RoleInfo (RoleInfo.java:shutdownFollowerState(110)) - fffd16ef-e5b7-4790-a173-7212d78e76a6: shutdown fffd16ef-e5b7-4790-a173-7212d78e76a6@group-C5EFA702D848-FollowerState
2022-07-30 01:50:47,491 [fffd16ef-e5b7-4790-a173-7212d78e76a6@group-C5EFA702D848-FollowerState] INFO  server.RaftServer$Division (RaftServerImpl.java:setRole(299)) - fffd16ef-e5b7-4790-a173-7212d78e76a6@group-C5EFA702D848: changes role from  FOLLOWER to CANDIDATE at term 2 for changeToCandidate
2022-07-30 01:50:47,491 [fffd16ef-e5b7-4790-a173-7212d78e76a6@group-C5EFA702D848-FollowerState] INFO  server.RaftServerConfigKeys (ConfUtils.java:logGet(46)) - raft.server.leaderelection.pre-vote = false (custom)
2022-07-30 01:50:47,491 [fffd16ef-e5b7-4790-a173-7212d78e76a6@group-C5EFA702D848-FollowerState] INFO  impl.RoleInfo (RoleInfo.java:updateAndGet(139)) - fffd16ef-e5b7-4790-a173-7212d78e76a6: start fffd16ef-e5b7-4790-a173-7212d78e76a6@group-C5EFA702D848-LeaderElection42
2022-07-30 01:50:47,498 [fffd16ef-e5b7-4790-a173-7212d78e76a6@group-C5EFA702D848-LeaderElection42] INFO  server.RaftServer$Division (ServerState.java:setLeader(287)) - fffd16ef-e5b7-4790-a173-7212d78e76a6@group-C5EFA702D848: change Leader from fb78403e-0909-4251-8a90-abb070a55978 to null at term 2 for ELECTION
2022-07-30 01:50:47,509 [fffd16ef-e5b7-4790-a173-7212d78e76a6@group-C5EFA702D848-LeaderElection42] INFO  impl.LeaderElection (LeaderElection.java:askForVotes(310)) - fffd16ef-e5b7-4790-a173-7212d78e76a6@group-C5EFA702D848-LeaderElection42 ELECTION round 0: submit vote requests at term 3 for 0: [fb78403e-0909-4251-8a90-abb070a55978|rpc:10.1.0.37:34863|dataStream:|priority:1, fffd16ef-e5b7-4790-a173-7212d78e76a6|rpc:10.1.0.37:35259|dataStream:|priority:0, 55bd67d6-70e0-4a0b-ba40-fbb5acf7f14f|rpc:10.1.0.37:45159|dataStream:|priority:0], old=null
2022-07-30 01:50:47,531 [fffd16ef-e5b7-4790-a173-7212d78e76a6@group-C5EFA702D848-LeaderElection42] INFO  impl.LeaderElection (LogUtils.java:infoOrTrace(137)) - fffd16ef-e5b7-4790-a173-7212d78e76a6@group-C5EFA702D848-LeaderElection42 got exception when requesting votes: java.util.concurrent.ExecutionException: org.apache.ratis.thirdparty.io.grpc.StatusRuntimeException: UNAVAILABLE: io exception
2022-07-30 01:50:47,531 [fffd16ef-e5b7-4790-a173-7212d78e76a6@group-C5EFA702D848-LeaderElection42] INFO  impl.LeaderElection (LogUtils.java:infoOrTrace(137)) - fffd16ef-e5b7-4790-a173-7212d78e76a6@group-C5EFA702D848-LeaderElection42 got exception when requesting votes: java.util.concurrent.ExecutionException: org.apache.ratis.thirdparty.io.grpc.StatusRuntimeException: UNAVAILABLE: io exception
2022-07-30 01:50:47,531 [fffd16ef-e5b7-4790-a173-7212d78e76a6@group-C5EFA702D848-LeaderElection42] INFO  impl.LeaderElection (LeaderElection.java:logAndReturn(90)) - fffd16ef-e5b7-4790-a173-7212d78e76a6@group-C5EFA702D848-LeaderElection42: ELECTION REJECTED received 0 response(s) and 2 exception(s):
2022-07-30 01:50:47,531 [fffd16ef-e5b7-4790-a173-7212d78e76a6@group-C5EFA702D848-LeaderElection42] INFO  impl.LeaderElection (LogUtils.java:infoOrTrace(137)) -   Exception 0: java.util.concurrent.ExecutionException: org.apache.ratis.thirdparty.io.grpc.StatusRuntimeException: UNAVAILABLE: io exception
2022-07-30 01:50:47,531 [fffd16ef-e5b7-4790-a173-7212d78e76a6@group-C5EFA702D848-LeaderElection42] INFO  impl.LeaderElection (LogUtils.java:infoOrTrace(137)) -   Exception 1: java.util.concurrent.ExecutionException: org.apache.ratis.thirdparty.io.grpc.StatusRuntimeException: UNAVAILABLE: io exception
2022-07-30 01:50:47,531 [fffd16ef-e5b7-4790-a173-7212d78e76a6@group-C5EFA702D848-LeaderElection42] INFO  impl.LeaderElection (LeaderElection.java:askForVotes(312)) - fffd16ef-e5b7-4790-a173-7212d78e76a6@group-C5EFA702D848-LeaderElection42 ELECTION round 0: result REJECTED
2022-07-30 01:50:47,531 [fffd16ef-e5b7-4790-a173-7212d78e76a6@group-C5EFA702D848-LeaderElection42] INFO  server.RaftServer$Division (RaftServerImpl.java:setRole(299)) - fffd16ef-e5b7-4790-a173-7212d78e76a6@group-C5EFA702D848: changes role from CANDIDATE to FOLLOWER at term 3 for REJECTED
2022-07-30 01:50:47,531 [fffd16ef-e5b7-4790-a173-7212d78e76a6@group-C5EFA702D848-LeaderElection42] INFO  impl.RoleInfo (RoleInfo.java:shutdownLeaderElection(130)) - fffd16ef-e5b7-4790-a173-7212d78e76a6: shutdown fffd16ef-e5b7-4790-a173-7212d78e76a6@group-C5EFA702D848-LeaderElection42
2022-07-30 01:50:47,531 [fffd16ef-e5b7-4790-a173-7212d78e76a6@group-C5EFA702D848-LeaderElection42] INFO  impl.RoleInfo (RoleInfo.java:updateAndGet(139)) - fffd16ef-e5b7-4790-a173-7212d78e76a6: start fffd16ef-e5b7-4790-a173-7212d78e76a6@group-C5EFA702D848-FollowerState
2022-07-30 01:50:49,732 [Listener at 127.0.0.1/41659] INFO  ozoneimpl.OzoneContainer (OzoneContainer.java:stop(399)) - Attempting to stop container services.
2022-07-30 01:50:49,734 [Listener at 127.0.0.1/41659] INFO  server.RaftServer (RaftServerProxy.java:lambda$close$7(398)) - 24d77853-f262-4375-acb2-e63396fe6765: close
2022-07-30 01:50:49,734 [Listener at 127.0.0.1/41659] INFO  server.RaftServer$Division (RaftServerImpl.java:lambda$close$4(434)) - 24d77853-f262-4375-acb2-e63396fe6765@group-58462574862C: shutdown
2022-07-30 01:50:49,735 [Listener at 127.0.0.1/41659] INFO  util.JmxRegister (JmxRegister.java:unregister(73)) - Successfully un-registered JMX Bean with object name Ratis:service=RaftServer,group=group-58462574862C,id=24d77853-f262-4375-acb2-e63396fe6765
2022-07-30 01:50:49,735 [Listener at 127.0.0.1/41659] INFO  impl.RoleInfo (RoleInfo.java:shutdownLeaderState(93)) - 24d77853-f262-4375-acb2-e63396fe6765: shutdown 24d77853-f262-4375-acb2-e63396fe6765@group-58462574862C-LeaderStateImpl
2022-07-30 01:50:49,735 [Listener at 127.0.0.1/41659] INFO  impl.PendingRequests (PendingRequests.java:sendNotLeaderResponses(282)) - 24d77853-f262-4375-acb2-e63396fe6765@group-58462574862C-PendingRequests: sendNotLeaderResponses
2022-07-30 01:50:49,736 [Listener at 127.0.0.1/41659] INFO  impl.StateMachineUpdater (StateMachineUpdater.java:stopAndJoin(153)) - 24d77853-f262-4375-acb2-e63396fe6765@group-58462574862C-StateMachineUpdater: set stopIndex = 0
2022-07-30 01:50:49,736 [24d77853-f262-4375-acb2-e63396fe6765@group-58462574862C-StateMachineUpdater] INFO  ratis.ContainerStateMachine (ContainerStateMachine.java:takeSnapshot(304)) - group-58462574862C: Taking a snapshot at:(t:1, i:0) file /home/runner/work/ozone/ozone/hadoop-ozone/integration-test/target/test-dir/MiniOzoneClusterImpl-aa47c88b-9cdf-4da5-a3b2-16d3d6598e2f/datanode-4/data/ratis/a3feba5f-060a-4a00-820a-58462574862c/sm/snapshot.1_0
2022-07-30 01:50:49,737 [24d77853-f262-4375-acb2-e63396fe6765@group-58462574862C-StateMachineUpdater] INFO  ratis.ContainerStateMachine (ContainerStateMachine.java:takeSnapshot(315)) - group-58462574862C: Finished taking a snapshot at:(t:1, i:0) file:/home/runner/work/ozone/ozone/hadoop-ozone/integration-test/target/test-dir/MiniOzoneClusterImpl-aa47c88b-9cdf-4da5-a3b2-16d3d6598e2f/datanode-4/data/ratis/a3feba5f-060a-4a00-820a-58462574862c/sm/snapshot.1_0 took: 1 ms
2022-07-30 01:50:49,738 [24d77853-f262-4375-acb2-e63396fe6765@group-58462574862C-StateMachineUpdater] INFO  impl.StateMachineUpdater (StateMachineUpdater.java:takeSnapshot(287)) - 24d77853-f262-4375-acb2-e63396fe6765@group-58462574862C-StateMachineUpdater: Took a snapshot at index 0
2022-07-30 01:50:49,738 [24d77853-f262-4375-acb2-e63396fe6765@group-58462574862C-StateMachineUpdater] INFO  impl.StateMachineUpdater (StateMachineUpdater.java:lambda$new$0(92)) - 24d77853-f262-4375-acb2-e63396fe6765@group-58462574862C-StateMachineUpdater: snapshotIndex: updateIncreasingly -1 -> 0
2022-07-30 01:50:49,747 [Listener at 127.0.0.1/41659] INFO  server.RaftServer$Division (ServerState.java:close(429)) - 24d77853-f262-4375-acb2-e63396fe6765@group-58462574862C: closes. applyIndex: 0
2022-07-30 01:50:49,748 [24d77853-f262-4375-acb2-e63396fe6765@group-58462574862C-SegmentedRaftLogWorker] INFO  segmented.SegmentedRaftLogWorker (SegmentedRaftLogWorker.java:run(336)) - 24d77853-f262-4375-acb2-e63396fe6765@group-58462574862C-SegmentedRaftLogWorker was interrupted, exiting. There are 0 tasks remaining in the queue.
2022-07-30 01:50:49,765 [ForkJoinPool.commonPool-worker-0] INFO  ozoneimpl.OzoneContainer (OzoneContainer.java:stop(399)) - Attempting to stop container services.
2022-07-30 01:50:49,765 [Listener at 127.0.0.1/41659] INFO  segmented.SegmentedRaftLogWorker (SegmentedRaftLogWorker.java:close(246)) - 24d77853-f262-4375-acb2-e63396fe6765@group-58462574862C-SegmentedRaftLogWorker close()
2022-07-30 01:50:49,784 [Listener at 127.0.0.1/41659] INFO  server.GrpcService (GrpcService.java:closeImpl(269)) - 24d77853-f262-4375-acb2-e63396fe6765: shutdown server with port 43689 now
2022-07-30 01:50:49,786 [ForkJoinPool.commonPool-worker-0] INFO  server.RaftServer (RaftServerProxy.java:lambda$close$7(398)) - fffd16ef-e5b7-4790-a173-7212d78e76a6: close
2022-07-30 01:50:49,786 [ForkJoinPool.commonPool-worker-0] INFO  server.RaftServer$Division (RaftServerImpl.java:lambda$close$4(434)) - fffd16ef-e5b7-4790-a173-7212d78e76a6@group-08BCA0090457: shutdown
2022-07-30 01:50:49,786 [ForkJoinPool.commonPool-worker-0] INFO  util.JmxRegister (JmxRegister.java:unregister(73)) - Successfully un-registered JMX Bean with object name Ratis:service=RaftServer,group=group-08BCA0090457,id=fffd16ef-e5b7-4790-a173-7212d78e76a6
2022-07-30 01:50:49,786 [ForkJoinPool.commonPool-worker-0] INFO  impl.RoleInfo (RoleInfo.java:shutdownLeaderState(93)) - fffd16ef-e5b7-4790-a173-7212d78e76a6: shutdown fffd16ef-e5b7-4790-a173-7212d78e76a6@group-08BCA0090457-LeaderStateImpl
2022-07-30 01:50:49,786 [ForkJoinPool.commonPool-worker-0] INFO  impl.PendingRequests (PendingRequests.java:sendNotLeaderResponses(282)) - fffd16ef-e5b7-4790-a173-7212d78e76a6@group-08BCA0090457-PendingRequests: sendNotLeaderResponses
2022-07-30 01:50:49,787 [ForkJoinPool.commonPool-worker-0] INFO  impl.StateMachineUpdater (StateMachineUpdater.java:stopAndJoin(153)) - fffd16ef-e5b7-4790-a173-7212d78e76a6@group-08BCA0090457-StateMachineUpdater: set stopIndex = 0
2022-07-30 01:50:49,787 [fffd16ef-e5b7-4790-a173-7212d78e76a6@group-08BCA0090457-StateMachineUpdater] INFO  ratis.ContainerStateMachine (ContainerStateMachine.java:takeSnapshot(304)) - group-08BCA0090457: Taking a snapshot at:(t:1, i:0) file /home/runner/work/ozone/ozone/hadoop-ozone/integration-test/target/test-dir/MiniOzoneClusterImpl-aa47c88b-9cdf-4da5-a3b2-16d3d6598e2f/datanode-0/data/ratis/490db04a-3e07-45fd-af1f-08bca0090457/sm/snapshot.1_0
2022-07-30 01:50:49,787 [Listener at 127.0.0.1/41659] INFO  server.GrpcService (GrpcService.java:closeImpl(278)) - 24d77853-f262-4375-acb2-e63396fe6765: shutdown server with port 43689 successfully
2022-07-30 01:50:49,788 [org.apache.ratis.util.JvmPauseMonitor$$Lambda$615/1033062816@1d58f79c] INFO  util.JvmPauseMonitor (JvmPauseMonitor.java:run(109)) - JvmPauseMonitor-24d77853-f262-4375-acb2-e63396fe6765: Stopped
2022-07-30 01:50:49,789 [fffd16ef-e5b7-4790-a173-7212d78e76a6@group-08BCA0090457-StateMachineUpdater] INFO  ratis.ContainerStateMachine (ContainerStateMachine.java:takeSnapshot(315)) - group-08BCA0090457: Finished taking a snapshot at:(t:1, i:0) file:/home/runner/work/ozone/ozone/hadoop-ozone/integration-test/target/test-dir/MiniOzoneClusterImpl-aa47c88b-9cdf-4da5-a3b2-16d3d6598e2f/datanode-0/data/ratis/490db04a-3e07-45fd-af1f-08bca0090457/sm/snapshot.1_0 took: 2 ms
2022-07-30 01:50:49,790 [fffd16ef-e5b7-4790-a173-7212d78e76a6@group-08BCA0090457-StateMachineUpdater] INFO  impl.StateMachineUpdater (StateMachineUpdater.java:takeSnapshot(287)) - fffd16ef-e5b7-4790-a173-7212d78e76a6@group-08BCA0090457-StateMachineUpdater: Took a snapshot at index 0
2022-07-30 01:50:49,790 [fffd16ef-e5b7-4790-a173-7212d78e76a6@group-08BCA0090457-StateMachineUpdater] INFO  impl.StateMachineUpdater (StateMachineUpdater.java:lambda$new$0(92)) - fffd16ef-e5b7-4790-a173-7212d78e76a6@group-08BCA0090457-StateMachineUpdater: snapshotIndex: updateIncreasingly -1 -> 0
2022-07-30 01:50:49,790 [ForkJoinPool.commonPool-worker-0] INFO  server.RaftServer$Division (ServerState.java:close(429)) - fffd16ef-e5b7-4790-a173-7212d78e76a6@group-08BCA0090457: closes. applyIndex: 0
2022-07-30 01:50:49,790 [fffd16ef-e5b7-4790-a173-7212d78e76a6@group-08BCA0090457-SegmentedRaftLogWorker] INFO  segmented.SegmentedRaftLogWorker (SegmentedRaftLogWorker.java:run(336)) - fffd16ef-e5b7-4790-a173-7212d78e76a6@group-08BCA0090457-SegmentedRaftLogWorker was interrupted, exiting. There are 0 tasks remaining in the queue.
2022-07-30 01:50:49,790 [ForkJoinPool.commonPool-worker-0] INFO  segmented.SegmentedRaftLogWorker (SegmentedRaftLogWorker.java:close(246)) - fffd16ef-e5b7-4790-a173-7212d78e76a6@group-08BCA0090457-SegmentedRaftLogWorker close()
2022-07-30 01:50:49,792 [ForkJoinPool.commonPool-worker-0] INFO  server.RaftServer$Division (RaftServerImpl.java:lambda$close$4(434)) - fffd16ef-e5b7-4790-a173-7212d78e76a6@group-C5EFA702D848: shutdown
2022-07-30 01:50:49,792 [ForkJoinPool.commonPool-worker-0] INFO  util.JmxRegister (JmxRegister.java:unregister(73)) - Successfully un-registered JMX Bean with object name Ratis:service=RaftServer,group=group-C5EFA702D848,id=fffd16ef-e5b7-4790-a173-7212d78e76a6
2022-07-30 01:50:49,792 [ForkJoinPool.commonPool-worker-0] INFO  impl.RoleInfo (RoleInfo.java:shutdownFollowerState(110)) - fffd16ef-e5b7-4790-a173-7212d78e76a6: shutdown fffd16ef-e5b7-4790-a173-7212d78e76a6@group-C5EFA702D848-FollowerState
2022-07-30 01:50:49,792 [ForkJoinPool.commonPool-worker-0] INFO  impl.StateMachineUpdater (StateMachineUpdater.java:stopAndJoin(153)) - fffd16ef-e5b7-4790-a173-7212d78e76a6@group-C5EFA702D848-StateMachineUpdater: set stopIndex = 8
2022-07-30 01:50:49,792 [fffd16ef-e5b7-4790-a173-7212d78e76a6@group-C5EFA702D848-FollowerState] INFO  impl.FollowerState (FollowerState.java:run(152)) - fffd16ef-e5b7-4790-a173-7212d78e76a6@group-C5EFA702D848-FollowerState was interrupted
2022-07-30 01:50:49,801 [fffd16ef-e5b7-4790-a173-7212d78e76a6@group-C5EFA702D848-StateMachineUpdater] INFO  ratis.ContainerStateMachine (ContainerStateMachine.java:takeSnapshot(304)) - group-C5EFA702D848: Taking a snapshot at:(t:2, i:8) file /home/runner/work/ozone/ozone/hadoop-ozone/integration-test/target/test-dir/MiniOzoneClusterImpl-aa47c88b-9cdf-4da5-a3b2-16d3d6598e2f/datanode-0/data/ratis/a1b8c25b-7ef5-4d04-abdb-c5efa702d848/sm/snapshot.2_8
2022-07-30 01:50:49,802 [fffd16ef-e5b7-4790-a173-7212d78e76a6@group-C5EFA702D848-StateMachineUpdater] INFO  ratis.ContainerStateMachine (ContainerStateMachine.java:takeSnapshot(315)) - group-C5EFA702D848: Finished taking a snapshot at:(t:2, i:8) file:/home/runner/work/ozone/ozone/hadoop-ozone/integration-test/target/test-dir/MiniOzoneClusterImpl-aa47c88b-9cdf-4da5-a3b2-16d3d6598e2f/datanode-0/data/ratis/a1b8c25b-7ef5-4d04-abdb-c5efa702d848/sm/snapshot.2_8 took: 1 ms
2022-07-30 01:50:49,803 [fffd16ef-e5b7-4790-a173-7212d78e76a6@group-C5EFA702D848-StateMachineUpdater] INFO  impl.StateMachineUpdater (StateMachineUpdater.java:takeSnapshot(287)) - fffd16ef-e5b7-4790-a173-7212d78e76a6@group-C5EFA702D848-StateMachineUpdater: Took a snapshot at index 8
2022-07-30 01:50:49,803 [fffd16ef-e5b7-4790-a173-7212d78e76a6@group-C5EFA702D848-StateMachineUpdater] INFO  impl.StateMachineUpdater (StateMachineUpdater.java:lambda$new$0(92)) - fffd16ef-e5b7-4790-a173-7212d78e76a6@group-C5EFA702D848-StateMachineUpdater: snapshotIndex: updateIncreasingly -1 -> 8
2022-07-30 01:50:49,808 [ForkJoinPool.commonPool-worker-0] INFO  server.RaftServer$Division (ServerState.java:close(429)) - fffd16ef-e5b7-4790-a173-7212d78e76a6@group-C5EFA702D848: closes. applyIndex: 8
2022-07-30 01:50:49,809 [fffd16ef-e5b7-4790-a173-7212d78e76a6@group-C5EFA702D848-SegmentedRaftLogWorker] INFO  segmented.SegmentedRaftLogWorker (SegmentedRaftLogWorker.java:run(336)) - fffd16ef-e5b7-4790-a173-7212d78e76a6@group-C5EFA702D848-SegmentedRaftLogWorker was interrupted, exiting. There are 0 tasks remaining in the queue.
2022-07-30 01:50:49,810 [ForkJoinPool.commonPool-worker-0] INFO  segmented.SegmentedRaftLogWorker (SegmentedRaftLogWorker.java:close(246)) - fffd16ef-e5b7-4790-a173-7212d78e76a6@group-C5EFA702D848-SegmentedRaftLogWorker close()
2022-07-30 01:50:49,815 [ForkJoinPool.commonPool-worker-0] INFO  server.RaftServer$Division (RaftServerImpl.java:lambda$close$4(434)) - fffd16ef-e5b7-4790-a173-7212d78e76a6@group-5F0821B3B682: shutdown
2022-07-30 01:50:49,816 [ForkJoinPool.commonPool-worker-0] INFO  util.JmxRegister (JmxRegister.java:unregister(73)) - Successfully un-registered JMX Bean with object name Ratis:service=RaftServer,group=group-5F0821B3B682,id=fffd16ef-e5b7-4790-a173-7212d78e76a6
2022-07-30 01:50:49,816 [ForkJoinPool.commonPool-worker-0] INFO  impl.RoleInfo (RoleInfo.java:shutdownFollowerState(110)) - fffd16ef-e5b7-4790-a173-7212d78e76a6: shutdown fffd16ef-e5b7-4790-a173-7212d78e76a6@group-5F0821B3B682-FollowerState
2022-07-30 01:50:49,816 [fffd16ef-e5b7-4790-a173-7212d78e76a6@group-5F0821B3B682-FollowerState] INFO  impl.FollowerState (FollowerState.java:run(152)) - fffd16ef-e5b7-4790-a173-7212d78e76a6@group-5F0821B3B682-FollowerState was interrupted
2022-07-30 01:50:49,816 [fffd16ef-e5b7-4790-a173-7212d78e76a6@group-5F0821B3B682-StateMachineUpdater] INFO  ratis.ContainerStateMachine (ContainerStateMachine.java:takeSnapshot(304)) - group-5F0821B3B682: Taking a snapshot at:(t:1, i:24) file /home/runner/work/ozone/ozone/hadoop-ozone/integration-test/target/test-dir/MiniOzoneClusterImpl-aa47c88b-9cdf-4da5-a3b2-16d3d6598e2f/datanode-0/data/ratis/ade1f269-edfe-4124-a855-5f0821b3b682/sm/snapshot.1_24
2022-07-30 01:50:49,816 [ForkJoinPool.commonPool-worker-0] INFO  impl.StateMachineUpdater (StateMachineUpdater.java:stopAndJoin(153)) - fffd16ef-e5b7-4790-a173-7212d78e76a6@group-5F0821B3B682-StateMachineUpdater: set stopIndex = 24
2022-07-30 01:50:49,817 [fffd16ef-e5b7-4790-a173-7212d78e76a6@group-5F0821B3B682-StateMachineUpdater] INFO  ratis.ContainerStateMachine (ContainerStateMachine.java:takeSnapshot(315)) - group-5F0821B3B682: Finished taking a snapshot at:(t:1, i:24) file:/home/runner/work/ozone/ozone/hadoop-ozone/integration-test/target/test-dir/MiniOzoneClusterImpl-aa47c88b-9cdf-4da5-a3b2-16d3d6598e2f/datanode-0/data/ratis/ade1f269-edfe-4124-a855-5f0821b3b682/sm/snapshot.1_24 took: 1 ms
2022-07-30 01:50:49,817 [fffd16ef-e5b7-4790-a173-7212d78e76a6@group-5F0821B3B682-StateMachineUpdater] INFO  impl.StateMachineUpdater (StateMachineUpdater.java:takeSnapshot(287)) - fffd16ef-e5b7-4790-a173-7212d78e76a6@group-5F0821B3B682-StateMachineUpdater: Took a snapshot at index 24
2022-07-30 01:50:49,818 [fffd16ef-e5b7-4790-a173-7212d78e76a6@group-5F0821B3B682-StateMachineUpdater] INFO  impl.StateMachineUpdater (StateMachineUpdater.java:lambda$new$0(92)) - fffd16ef-e5b7-4790-a173-7212d78e76a6@group-5F0821B3B682-StateMachineUpdater: snapshotIndex: updateIncreasingly -1 -> 24
2022-07-30 01:50:49,818 [ForkJoinPool.commonPool-worker-0] INFO  server.RaftServer$Division (ServerState.java:close(429)) - fffd16ef-e5b7-4790-a173-7212d78e76a6@group-5F0821B3B682: closes. applyIndex: 24
2022-07-30 01:50:49,818 [fffd16ef-e5b7-4790-a173-7212d78e76a6@group-5F0821B3B682-SegmentedRaftLogWorker] INFO  segmented.SegmentedRaftLogWorker (SegmentedRaftLogWorker.java:run(336)) - fffd16ef-e5b7-4790-a173-7212d78e76a6@group-5F0821B3B682-SegmentedRaftLogWorker was interrupted, exiting. There are 0 tasks remaining in the queue.
2022-07-30 01:50:49,819 [ForkJoinPool.commonPool-worker-0] INFO  segmented.SegmentedRaftLogWorker (SegmentedRaftLogWorker.java:close(246)) - fffd16ef-e5b7-4790-a173-7212d78e76a6@group-5F0821B3B682-SegmentedRaftLogWorker close()
2022-07-30 01:50:49,821 [ForkJoinPool.commonPool-worker-0] INFO  server.GrpcService (GrpcService.java:closeImpl(269)) - fffd16ef-e5b7-4790-a173-7212d78e76a6: shutdown server with port 35259 now
2022-07-30 01:50:49,840 [ForkJoinPool.commonPool-worker-0] INFO  server.GrpcService (GrpcService.java:closeImpl(278)) - fffd16ef-e5b7-4790-a173-7212d78e76a6: shutdown server with port 35259 successfully
2022-07-30 01:50:49,841 [org.apache.ratis.util.JvmPauseMonitor$$Lambda$615/1033062816@707b8cc5] INFO  util.JvmPauseMonitor (JvmPauseMonitor.java:run(109)) - JvmPauseMonitor-fffd16ef-e5b7-4790-a173-7212d78e76a6: Stopped
2022-07-30 01:50:50,522 [OverReplicatedQueueThreadThread] INFO  replication.OverReplicatedProcessor (OverReplicatedProcessor.java:processAll(83)) - Processed 0 over replicated containers, failed processing 0
2022-07-30 01:50:50,524 [UnderReplicatedQueueThreadThread] INFO  replication.UnderReplicatedProcessor (UnderReplicatedProcessor.java:processAll(85)) - Processed 0 under replicated containers, failed processing 0
2022-07-30 01:50:51,829 [Listener at 127.0.0.1/41659] INFO  utils.BackgroundService (BackgroundService.java:shutdown(141)) - Shutting down service BlockDeletingService
2022-07-30 01:50:51,830 [Listener at 127.0.0.1/41659] INFO  utils.BackgroundService (BackgroundService.java:shutdown(141)) - Shutting down service StaleRecoveringContainerScrubbingService
2022-07-30 01:50:51,916 [ForkJoinPool.commonPool-worker-0] INFO  utils.BackgroundService (BackgroundService.java:shutdown(141)) - Shutting down service BlockDeletingService
2022-07-30 01:50:51,917 [ForkJoinPool.commonPool-worker-0] INFO  utils.BackgroundService (BackgroundService.java:shutdown(141)) - Shutting down service StaleRecoveringContainerScrubbingService
2022-07-30 01:50:54,837 [Listener at 127.0.0.1/41659] INFO  statemachine.DatanodeStateMachine (DatanodeStateMachine.java:stopDaemon(580)) - Ozone container server stopped.
2022-07-30 01:50:54,846 [Listener at 127.0.0.1/41659] INFO  handler.ContextHandler (ContextHandler.java:doStop(1153)) - Stopped o.e.j.w.WebAppContext@cc2089{hddsDatanode,/,null,STOPPED}{jar:file:/home/runner/.m2/repository/org/apache/ozone/hdds-container-service/1.3.0-SNAPSHOT/hdds-container-service-1.3.0-SNAPSHOT.jar!/webapps/hddsDatanode}
2022-07-30 01:50:54,850 [Listener at 127.0.0.1/41659] INFO  server.AbstractConnector (AbstractConnector.java:doStop(381)) - Stopped ServerConnector@1449ffba{HTTP/1.1, (http/1.1)}{0.0.0.0:0}
2022-07-30 01:50:54,850 [Listener at 127.0.0.1/41659] INFO  server.session (HouseKeeper.java:stopScavenging(149)) - node0 Stopped scavenging
2022-07-30 01:50:54,850 [Listener at 127.0.0.1/41659] INFO  handler.ContextHandler (ContextHandler.java:doStop(1153)) - Stopped o.e.j.s.ServletContextHandler@25525c7a{static,/static,jar:file:/home/runner/.m2/repository/org/apache/ozone/hdds-container-service/1.3.0-SNAPSHOT/hdds-container-service-1.3.0-SNAPSHOT.jar!/webapps/static,STOPPED}
2022-07-30 01:50:54,851 [Listener at 127.0.0.1/41659] INFO  handler.ContextHandler (ContextHandler.java:doStop(1153)) - Stopped o.e.j.s.ServletContextHandler@735a9993{logs,/logs,file:///home/runner/work/ozone/ozone/hadoop-ozone/integration-test/target/log,STOPPED}
2022-07-30 01:50:54,932 [ForkJoinPool.commonPool-worker-0] INFO  statemachine.DatanodeStateMachine (DatanodeStateMachine.java:stopDaemon(580)) - Ozone container server stopped.
2022-07-30 01:50:54,958 [ForkJoinPool.commonPool-worker-0] INFO  handler.ContextHandler (ContextHandler.java:doStop(1153)) - Stopped o.e.j.w.WebAppContext@705ef9d5{hddsDatanode,/,null,STOPPED}{jar:file:/home/runner/.m2/repository/org/apache/ozone/hdds-container-service/1.3.0-SNAPSHOT/hdds-container-service-1.3.0-SNAPSHOT.jar!/webapps/hddsDatanode}
2022-07-30 01:50:54,960 [ForkJoinPool.commonPool-worker-0] INFO  server.AbstractConnector (AbstractConnector.java:doStop(381)) - Stopped ServerConnector@19a36c8f{HTTP/1.1, (http/1.1)}{0.0.0.0:0}
2022-07-30 01:50:54,960 [ForkJoinPool.commonPool-worker-0] INFO  server.session (HouseKeeper.java:stopScavenging(149)) - node0 Stopped scavenging
2022-07-30 01:50:54,969 [ForkJoinPool.commonPool-worker-0] INFO  handler.ContextHandler (ContextHandler.java:doStop(1153)) - Stopped o.e.j.s.ServletContextHandler@69049281{static,/static,jar:file:/home/runner/.m2/repository/org/apache/ozone/hdds-container-service/1.3.0-SNAPSHOT/hdds-container-service-1.3.0-SNAPSHOT.jar!/webapps/static,STOPPED}
2022-07-30 01:50:54,981 [ForkJoinPool.commonPool-worker-0] INFO  handler.ContextHandler (ContextHandler.java:doStop(1153)) - Stopped o.e.j.s.ServletContextHandler@5ef49a1a{logs,/logs,file:///home/runner/work/ozone/ozone/hadoop-ozone/integration-test/target/log,STOPPED}
2022-07-30 01:50:59,856 [Listener at 127.0.0.1/41659] INFO  ozoneimpl.OzoneContainer (OzoneContainer.java:stop(399)) - Attempting to stop container services.
2022-07-30 01:50:59,857 [Listener at 127.0.0.1/41659] INFO  server.RaftServer (RaftServerProxy.java:lambda$close$7(398)) - c11d40f5-2ff8-42c9-a625-81b414132345: close
2022-07-30 01:50:59,857 [Listener at 127.0.0.1/41659] INFO  server.RaftServer$Division (RaftServerImpl.java:lambda$close$4(434)) - c11d40f5-2ff8-42c9-a625-81b414132345@group-D919DFC5148B: shutdown
2022-07-30 01:50:59,857 [Listener at 127.0.0.1/41659] INFO  util.JmxRegister (JmxRegister.java:unregister(73)) - Successfully un-registered JMX Bean with object name Ratis:service=RaftServer,group=group-D919DFC5148B,id=c11d40f5-2ff8-42c9-a625-81b414132345
2022-07-30 01:50:59,857 [Listener at 127.0.0.1/41659] INFO  impl.RoleInfo (RoleInfo.java:shutdownLeaderState(93)) - c11d40f5-2ff8-42c9-a625-81b414132345: shutdown c11d40f5-2ff8-42c9-a625-81b414132345@group-D919DFC5148B-LeaderStateImpl
2022-07-30 01:50:59,858 [Listener at 127.0.0.1/41659] INFO  impl.PendingRequests (PendingRequests.java:sendNotLeaderResponses(282)) - c11d40f5-2ff8-42c9-a625-81b414132345@group-D919DFC5148B-PendingRequests: sendNotLeaderResponses
2022-07-30 01:50:59,858 [Listener at 127.0.0.1/41659] INFO  impl.StateMachineUpdater (StateMachineUpdater.java:stopAndJoin(153)) - c11d40f5-2ff8-42c9-a625-81b414132345@group-D919DFC5148B-StateMachineUpdater: set stopIndex = 0
2022-07-30 01:50:59,864 [c11d40f5-2ff8-42c9-a625-81b414132345@group-D919DFC5148B-StateMachineUpdater] INFO  ratis.ContainerStateMachine (ContainerStateMachine.java:takeSnapshot(304)) - group-D919DFC5148B: Taking a snapshot at:(t:1, i:0) file /home/runner/work/ozone/ozone/hadoop-ozone/integration-test/target/test-dir/MiniOzoneClusterImpl-aa47c88b-9cdf-4da5-a3b2-16d3d6598e2f/datanode-3/data/ratis/df791cac-ff06-4aa7-b7f4-d919dfc5148b/sm/snapshot.1_0
2022-07-30 01:50:59,868 [c11d40f5-2ff8-42c9-a625-81b414132345@group-D919DFC5148B-StateMachineUpdater] INFO  ratis.ContainerStateMachine (ContainerStateMachine.java:takeSnapshot(315)) - group-D919DFC5148B: Finished taking a snapshot at:(t:1, i:0) file:/home/runner/work/ozone/ozone/hadoop-ozone/integration-test/target/test-dir/MiniOzoneClusterImpl-aa47c88b-9cdf-4da5-a3b2-16d3d6598e2f/datanode-3/data/ratis/df791cac-ff06-4aa7-b7f4-d919dfc5148b/sm/snapshot.1_0 took: 5 ms
2022-07-30 01:50:59,868 [c11d40f5-2ff8-42c9-a625-81b414132345@group-D919DFC5148B-StateMachineUpdater] INFO  impl.StateMachineUpdater (StateMachineUpdater.java:takeSnapshot(287)) - c11d40f5-2ff8-42c9-a625-81b414132345@group-D919DFC5148B-StateMachineUpdater: Took a snapshot at index 0
2022-07-30 01:50:59,869 [c11d40f5-2ff8-42c9-a625-81b414132345@group-D919DFC5148B-StateMachineUpdater] INFO  impl.StateMachineUpdater (StateMachineUpdater.java:lambda$new$0(92)) - c11d40f5-2ff8-42c9-a625-81b414132345@group-D919DFC5148B-StateMachineUpdater: snapshotIndex: updateIncreasingly -1 -> 0
2022-07-30 01:50:59,869 [Listener at 127.0.0.1/41659] INFO  server.RaftServer$Division (ServerState.java:close(429)) - c11d40f5-2ff8-42c9-a625-81b414132345@group-D919DFC5148B: closes. applyIndex: 0
2022-07-30 01:50:59,869 [c11d40f5-2ff8-42c9-a625-81b414132345@group-D919DFC5148B-SegmentedRaftLogWorker] INFO  segmented.SegmentedRaftLogWorker (SegmentedRaftLogWorker.java:run(336)) - c11d40f5-2ff8-42c9-a625-81b414132345@group-D919DFC5148B-SegmentedRaftLogWorker was interrupted, exiting. There are 0 tasks remaining in the queue.
2022-07-30 01:50:59,869 [Listener at 127.0.0.1/41659] INFO  segmented.SegmentedRaftLogWorker (SegmentedRaftLogWorker.java:close(246)) - c11d40f5-2ff8-42c9-a625-81b414132345@group-D919DFC5148B-SegmentedRaftLogWorker close()
2022-07-30 01:50:59,872 [Listener at 127.0.0.1/41659] INFO  server.GrpcService (GrpcService.java:closeImpl(269)) - c11d40f5-2ff8-42c9-a625-81b414132345: shutdown server with port 40483 now
2022-07-30 01:50:59,876 [Listener at 127.0.0.1/41659] INFO  server.GrpcService (GrpcService.java:closeImpl(278)) - c11d40f5-2ff8-42c9-a625-81b414132345: shutdown server with port 40483 successfully
2022-07-30 01:50:59,876 [org.apache.ratis.util.JvmPauseMonitor$$Lambda$615/1033062816@619b64d0] INFO  util.JvmPauseMonitor (JvmPauseMonitor.java:run(109)) - JvmPauseMonitor-c11d40f5-2ff8-42c9-a625-81b414132345: Stopped
2022-07-30 01:51:01,904 [Listener at 127.0.0.1/41659] INFO  utils.BackgroundService (BackgroundService.java:shutdown(141)) - Shutting down service BlockDeletingService
2022-07-30 01:51:01,912 [Listener at 127.0.0.1/41659] INFO  utils.BackgroundService (BackgroundService.java:shutdown(141)) - Shutting down service StaleRecoveringContainerScrubbingService
2022-07-30 01:51:03,301 [UnderReplicatedQueueThreadThread] INFO  replication.UnderReplicatedProcessor (UnderReplicatedProcessor.java:processAll(85)) - Processed 0 under replicated containers, failed processing 0
2022-07-30 01:51:03,302 [OverReplicatedQueueThreadThread] INFO  replication.OverReplicatedProcessor (OverReplicatedProcessor.java:processAll(83)) - Processed 0 over replicated containers, failed processing 0
2022-07-30 01:51:04,919 [Listener at 127.0.0.1/41659] INFO  statemachine.DatanodeStateMachine (DatanodeStateMachine.java:stopDaemon(580)) - Ozone container server stopped.
2022-07-30 01:51:04,933 [Listener at 127.0.0.1/41659] INFO  handler.ContextHandler (ContextHandler.java:doStop(1153)) - Stopped o.e.j.w.WebAppContext@274bd56{hddsDatanode,/,null,STOPPED}{jar:file:/home/runner/.m2/repository/org/apache/ozone/hdds-container-service/1.3.0-SNAPSHOT/hdds-container-service-1.3.0-SNAPSHOT.jar!/webapps/hddsDatanode}
2022-07-30 01:51:04,947 [Listener at 127.0.0.1/41659] INFO  server.AbstractConnector (AbstractConnector.java:doStop(381)) - Stopped ServerConnector@4c89f60b{HTTP/1.1, (http/1.1)}{0.0.0.0:0}
2022-07-30 01:51:04,951 [Listener at 127.0.0.1/41659] INFO  server.session (HouseKeeper.java:stopScavenging(149)) - node0 Stopped scavenging
2022-07-30 01:51:04,951 [Listener at 127.0.0.1/41659] INFO  handler.ContextHandler (ContextHandler.java:doStop(1153)) - Stopped o.e.j.s.ServletContextHandler@250cbfdf{static,/static,jar:file:/home/runner/.m2/repository/org/apache/ozone/hdds-container-service/1.3.0-SNAPSHOT/hdds-container-service-1.3.0-SNAPSHOT.jar!/webapps/static,STOPPED}
2022-07-30 01:51:04,951 [Listener at 127.0.0.1/41659] INFO  handler.ContextHandler (ContextHandler.java:doStop(1153)) - Stopped o.e.j.s.ServletContextHandler@499054ac{logs,/logs,file:///home/runner/work/ozone/ozone/hadoop-ozone/integration-test/target/log,STOPPED}
2022-07-30 01:51:04,953 [Listener at 127.0.0.1/41659] INFO  ozone.MiniOzoneClusterImpl (MiniOzoneClusterImpl.java:stopSCM(537)) - Stopping the StorageContainerManager
2022-07-30 01:51:04,953 [Listener at 127.0.0.1/41659] INFO  server.StorageContainerManager (StorageContainerManager.java:stop(1552)) - Container Balancer is not running.
2022-07-30 01:51:04,953 [Listener at 127.0.0.1/41659] INFO  server.StorageContainerManager (StorageContainerManager.java:stop(1559)) - Stopping Replication Manager Service.
2022-07-30 01:51:04,953 [Listener at 127.0.0.1/41659] INFO  replication.ReplicationManager (ReplicationManager.java:stop(233)) - Stopping Replication Monitor Thread.
2022-07-30 01:51:04,953 [ReplicationMonitor] INFO  replication.ReplicationManager (ReplicationManager.java:run(466)) - Replication Monitor Thread is stopped
2022-07-30 01:51:04,955 [Listener at 127.0.0.1/41659] INFO  server.StorageContainerManager (StorageContainerManager.java:stop(1566)) - Stopping the Datanode Admin Monitor.
2022-07-30 01:51:04,955 [Listener at 127.0.0.1/41659] INFO  server.StorageContainerManager (StorageContainerManager.java:stop(1573)) - Stopping Lease Manager of the command watchers
2022-07-30 01:51:04,955 [Listener at 127.0.0.1/41659] INFO  server.StorageContainerManager (StorageContainerManager.java:stop(1580)) - Stopping datanode service RPC server
2022-07-30 01:51:04,956 [Listener at 127.0.0.1/41659] INFO  server.SCMDatanodeProtocolServer (SCMDatanodeProtocolServer.java:stop(414)) - Stopping the RPC server for DataNodes
2022-07-30 01:51:04,956 [Listener at 127.0.0.1/41659] INFO  ipc.Server (Server.java:stop(3414)) - Stopping server on 33937
2022-07-30 01:51:04,978 [IPC Server listener on 0] INFO  ipc.Server (Server.java:run(1376)) - Stopping IPC Server listener on 0
2022-07-30 01:51:04,997 [IPC Server Responder] INFO  ipc.Server (Server.java:run(1512)) - Stopping IPC Server Responder
2022-07-30 01:51:05,075 [SCM Heartbeat Processing Thread - 0] WARN  node.NodeStateManager (NodeStateManager.java:scheduleNextHealthCheck(870)) - Current Thread is interrupted, shutting down HB processing thread for Node Manager.
2022-07-30 01:51:05,075 [Listener at 127.0.0.1/41659] INFO  server.StorageContainerManager (StorageContainerManager.java:stop(1588)) - Stopping block service RPC server
2022-07-30 01:51:05,075 [Listener at 127.0.0.1/41659] INFO  server.SCMBlockProtocolServer (SCMBlockProtocolServer.java:stop(161)) - Stopping the RPC server for Block Protocol
2022-07-30 01:51:05,075 [Listener at 127.0.0.1/41659] INFO  ipc.Server (Server.java:stop(3414)) - Stopping server on 34313
2022-07-30 01:51:05,078 [IPC Server listener on 0] INFO  ipc.Server (Server.java:run(1376)) - Stopping IPC Server listener on 0
2022-07-30 01:51:05,116 [Listener at 127.0.0.1/41659] INFO  server.StorageContainerManager (StorageContainerManager.java:stop(1595)) - Stopping the StorageContainerLocationProtocol RPC server
2022-07-30 01:51:05,116 [Listener at 127.0.0.1/41659] INFO  server.SCMClientProtocolServer (SCMClientProtocolServer.java:stop(179)) - Stopping the RPC server for Client Protocol
2022-07-30 01:51:05,116 [Listener at 127.0.0.1/41659] INFO  ipc.Server (Server.java:stop(3414)) - Stopping server on 34919
2022-07-30 01:51:05,116 [IPC Server Responder] INFO  ipc.Server (Server.java:run(1512)) - Stopping IPC Server Responder
2022-07-30 01:51:05,118 [IPC Server Responder] INFO  ipc.Server (Server.java:run(1512)) - Stopping IPC Server Responder
2022-07-30 01:51:05,119 [IPC Server listener on 0] INFO  ipc.Server (Server.java:run(1376)) - Stopping IPC Server listener on 0
2022-07-30 01:51:05,118 [Listener at 127.0.0.1/41659] INFO  server.StorageContainerManager (StorageContainerManager.java:stop(1602)) - Stopping Storage Container Manager HTTP server.
2022-07-30 01:51:05,132 [Listener at 127.0.0.1/41659] INFO  handler.ContextHandler (ContextHandler.java:doStop(1153)) - Stopped o.e.j.w.WebAppContext@4ef5d9f0{scm,/,null,STOPPED}{file:/home/runner/work/ozone/ozone/hadoop-ozone/integration-test/target/test-classes/webapps/scm}
2022-07-30 01:51:05,137 [Listener at 127.0.0.1/41659] INFO  server.AbstractConnector (AbstractConnector.java:doStop(381)) - Stopped ServerConnector@21fe8a00{HTTP/1.1, (http/1.1)}{0.0.0.0:0}
2022-07-30 01:51:05,137 [Listener at 127.0.0.1/41659] INFO  server.session (HouseKeeper.java:stopScavenging(149)) - node0 Stopped scavenging
2022-07-30 01:51:05,138 [Listener at 127.0.0.1/41659] INFO  handler.ContextHandler (ContextHandler.java:doStop(1153)) - Stopped o.e.j.s.ServletContextHandler@4e119850{static,/static,file:///home/runner/work/ozone/ozone/hadoop-ozone/integration-test/target/test-classes/webapps/static,STOPPED}
2022-07-30 01:51:05,138 [Listener at 127.0.0.1/41659] INFO  handler.ContextHandler (ContextHandler.java:doStop(1153)) - Stopped o.e.j.s.ServletContextHandler@1a686df0{logs,/logs,file:///home/runner/work/ozone/ozone/hadoop-ozone/integration-test/target/log,STOPPED}
2022-07-30 01:51:05,140 [Listener at 127.0.0.1/41659] INFO  server.StorageContainerManager (StorageContainerManager.java:stop(1613)) - Stopping Block Manager Service.
2022-07-30 01:51:05,140 [Listener at 127.0.0.1/41659] INFO  utils.BackgroundService (BackgroundService.java:shutdown(141)) - Shutting down service SCMBlockDeletingService
2022-07-30 01:51:05,140 [Listener at 127.0.0.1/41659] INFO  utils.BackgroundService (BackgroundService.java:shutdown(141)) - Shutting down service SCMBlockDeletingService
2022-07-30 01:51:05,140 [Listener at 127.0.0.1/41659] INFO  server.StorageContainerManager (StorageContainerManager.java:stop(1640)) - Stopping SCM Event Queue.
2022-07-30 01:51:05,142 [Listener at 127.0.0.1/41659] INFO  server.StorageContainerManager (StorageContainerManager.java:stop(1651)) - Stopping SCM HA services.
2022-07-30 01:51:05,142 [Listener at 127.0.0.1/41659] INFO  pipeline.BackgroundPipelineCreator (BackgroundPipelineCreator.java:stop(149)) - Stopping RatisPipelineUtilsThread.
2022-07-30 01:51:05,143 [RatisPipelineUtilsThread - 0] WARN  pipeline.BackgroundPipelineCreator (BackgroundPipelineCreator.java:run(180)) - RatisPipelineUtilsThread is interrupted.
2022-07-30 01:51:05,143 [BackgroundPipelineScrubberThread] WARN  BackgroundPipelineScrubber (BackgroundSCMService.java:run(110)) - BackgroundPipelineScrubber is interrupted, exit
2022-07-30 01:51:05,143 [Listener at 127.0.0.1/41659] INFO  BackgroundPipelineScrubber (BackgroundSCMService.java:stop(126)) - Stopping BackgroundPipelineScrubber Service.
2022-07-30 01:51:05,143 [Listener at 127.0.0.1/41659] INFO  server.StorageContainerManager (StorageContainerManager.java:stop(1661)) - Stopping SCM MetadataStore.
2022-07-30 01:51:05,146 [Listener at 127.0.0.1/41659] INFO  impl.MetricsSystemImpl (MetricsSystemImpl.java:stop(210)) - Stopping HddsDatanode metrics system...
2022-07-30 01:51:05,199 [prometheus] INFO  impl.MetricsSinkAdapter (MetricsSinkAdapter.java:publishMetricsFromQueue(141)) - prometheus thread interrupted.
2022-07-30 01:51:05,200 [Listener at 127.0.0.1/41659] INFO  impl.MetricsSystemImpl (MetricsSystemImpl.java:stop(216)) - HddsDatanode metrics system stopped.
2022-07-30 01:51:05,548 [Listener at 127.0.0.1/41659] WARN  server.ServerUtils (ServerUtils.java:getScmDbDir(148)) - ozone.scm.db.dirs is not configured. We recommend adding this setting. Falling back to ozone.metadata.dirs instead.
2022-07-30 01:51:05,555 [Listener at 127.0.0.1/41659] WARN  server.ServerUtils (ServerUtils.java:getScmDbDir(148)) - ozone.scm.db.dirs is not configured. We recommend adding this setting. Falling back to ozone.metadata.dirs instead.
2022-07-30 01:51:05,556 [Listener at 127.0.0.1/41659] INFO  ha.SCMHANodeDetails (SCMHANodeDetails.java:loadSCMHAConfig(209)) - ServiceID for StorageContainerManager is null
2022-07-30 01:51:05,556 [Listener at 127.0.0.1/41659] INFO  ha.SCMHANodeDetails (SCMHANodeDetails.java:loadSCMHAConfig(214)) - ozone.scm.default.service.id is not defined, falling back to ozone.scm.service.ids to find serviceID for StorageContainerManager if it is HA enabled cluster
2022-07-30 01:51:05,557 [Listener at 127.0.0.1/41659] WARN  utils.HAUtils (HAUtils.java:getMetaDir(342)) - ozone.scm.db.dirs is not configured. We recommend adding this setting. Falling back to ozone.metadata.dirs instead.
2022-07-30 01:51:05,558 [Listener at 127.0.0.1/41659] WARN  db.DBStoreBuilder (DBStoreBuilder.java:applyDBDefinition(145)) - ozone.scm.db.dirs is not configured. We recommend adding this setting. Falling back to ozone.metadata.dirs instead.
2022-07-30 01:51:05,981 [Listener at 127.0.0.1/41659] INFO  net.NodeSchemaLoader (NodeSchemaLoader.java:loadSchemaFromFile(129)) - Loading schema from [jar:file:/home/runner/.m2/repository/org/apache/ozone/hdds-common/1.3.0-SNAPSHOT/hdds-common-1.3.0-SNAPSHOT.jar!/network-topology-default.xml]
2022-07-30 01:51:05,982 [Listener at 127.0.0.1/41659] INFO  net.NodeSchemaLoader (NodeSchemaLoader.java:loadSchema(176)) - Loading network topology layer schema file
2022-07-30 01:51:05,996 [Listener at 127.0.0.1/41659] WARN  impl.MetricRegistriesImpl (MetricRegistriesImpl.java:addReporterRegistration(111)) - New reporters are added after registries were created. Some metrics will be missing from the reporter. Please add reporter before adding any new registry.
2022-07-30 01:51:05,996 [Listener at 127.0.0.1/41659] WARN  impl.MetricRegistriesImpl (MetricRegistriesImpl.java:addReporterRegistration(111)) - New reporters are added after registries were created. Some metrics will be missing from the reporter. Please add reporter before adding any new registry.
2022-07-30 01:51:05,997 [Listener at 127.0.0.1/41659] INFO  upgrade.AbstractLayoutVersionManager (AbstractLayoutVersionManager.java:init(83)) - Initializing Layout version manager with metadata layout = DATANODE_SCHEMA_V3 (version = 4), software layout = DATANODE_SCHEMA_V3 (version = 4)
2022-07-30 01:51:06,153 [Listener at 127.0.0.1/41659] INFO  reflections.Reflections (Reflections.java:scan(232)) - Reflections took 155 ms to scan 7 urls, producing 132 keys and 321 values 
2022-07-30 01:51:06,157 [Listener at 127.0.0.1/41659] INFO  ha.SequenceIdGenerator (SequenceIdGenerator.java:upgradeToSequenceId(349)) - upgrade localId to 109611004723200000
2022-07-30 01:51:06,157 [Listener at 127.0.0.1/41659] INFO  ha.SequenceIdGenerator (SequenceIdGenerator.java:upgradeToSequenceId(359)) - upgrade delTxnId to 0
2022-07-30 01:51:06,157 [Listener at 127.0.0.1/41659] INFO  ha.SequenceIdGenerator (SequenceIdGenerator.java:upgradeToSequenceId(376)) - upgrade containerId to 0
2022-07-30 01:51:06,157 [Listener at 127.0.0.1/41659] INFO  ha.SequenceIdGenerator (SequenceIdGenerator.java:<init>(220)) - Init the HA SequenceIdGenerator.
2022-07-30 01:51:06,158 [Listener at 127.0.0.1/41659] WARN  server.ServerUtils (ServerUtils.java:sanitizeUserArgs(73)) - ozone.scm.stale.node.interval value = 300000 is larger than max = 100000 based on the key value of ozone.scm.heartbeat.thread.interval, reset to the max value 100000.
2022-07-30 01:51:06,158 [Listener at 127.0.0.1/41659] WARN  server.ServerUtils (ServerUtils.java:sanitizeUserArgs(73)) - ozone.scm.stale.node.interval value = 300000 is larger than max = 100000 based on the key value of ozone.scm.heartbeat.thread.interval, reset to the max value 100000.
2022-07-30 01:51:06,158 [Listener at 127.0.0.1/41659] INFO  node.SCMNodeManager (SCMNodeManager.java:<init>(149)) - Entering startup safe mode.
2022-07-30 01:51:06,159 [Listener at 127.0.0.1/41659] INFO  algorithms.ContainerPlacementPolicyFactory (ContainerPlacementPolicyFactory.java:getPolicyInternal(86)) - Create container placement policy of type org.apache.hadoop.hdds.scm.container.placement.algorithms.SCMContainerPlacementRandom
2022-07-30 01:51:06,159 [Listener at 127.0.0.1/41659] INFO  algorithms.ContainerPlacementPolicyFactory (ContainerPlacementPolicyFactory.java:getPolicyInternal(86)) - Create container placement policy of type org.apache.hadoop.hdds.scm.container.placement.algorithms.SCMContainerPlacementRackScatter
2022-07-30 01:51:06,159 [Listener at 127.0.0.1/41659] INFO  pipeline.PipelineStateManagerImpl (PipelineStateManagerImpl.java:initialize(78)) - No pipeline exists in current db
2022-07-30 01:51:06,159 [Listener at 127.0.0.1/41659] INFO  algorithms.LeaderChoosePolicyFactory (LeaderChoosePolicyFactory.java:getPolicy(57)) - Create leader choose policy of type org.apache.hadoop.hdds.scm.pipeline.leader.choose.algorithms.MinLeaderCountChoosePolicy
2022-07-30 01:51:06,160 [Listener at 127.0.0.1/41659] INFO  algorithms.ContainerPlacementPolicyFactory (ContainerPlacementPolicyFactory.java:getPolicyInternal(86)) - Create container placement policy of type org.apache.hadoop.hdds.scm.container.placement.algorithms.SCMContainerPlacementRackScatter
2022-07-30 01:51:06,160 [Listener at 127.0.0.1/41659] INFO  ha.SCMServiceManager (SCMServiceManager.java:register(42)) - Registering service BackgroundPipelineCreator.
2022-07-30 01:51:06,160 [Listener at 127.0.0.1/41659] INFO  pipeline.BackgroundPipelineCreator (BackgroundPipelineCreator.java:start(124)) - Starting RatisPipelineUtilsThread.
2022-07-30 01:51:06,164 [Listener at 127.0.0.1/41659] INFO  BackgroundPipelineScrubber (BackgroundSCMService.java:start(68)) - Starting BackgroundPipelineScrubber Service.
2022-07-30 01:51:06,166 [Listener at 127.0.0.1/41659] INFO  ha.SCMServiceManager (SCMServiceManager.java:register(42)) - Registering service BackgroundPipelineScrubber.
2022-07-30 01:51:06,167 [Listener at 127.0.0.1/41659] INFO  ExpiredContainerReplicaOpScrubber (BackgroundSCMService.java:start(68)) - Starting ExpiredContainerReplicaOpScrubber Service.
2022-07-30 01:51:06,169 [Listener at 127.0.0.1/41659] INFO  ha.SCMServiceManager (SCMServiceManager.java:register(42)) - Registering service ExpiredContainerReplicaOpScrubber.
2022-07-30 01:51:06,169 [Listener at 127.0.0.1/41659] INFO  algorithms.PipelineChoosePolicyFactory (PipelineChoosePolicyFactory.java:createPipelineChoosePolicyFromClass(73)) - Create pipeline choose policy of type org.apache.hadoop.hdds.scm.pipeline.choose.algorithms.RandomPipelineChoosePolicy
2022-07-30 01:51:06,170 [Listener at 127.0.0.1/41659] INFO  ha.SCMServiceManager (SCMServiceManager.java:register(42)) - Registering service SCMBlockDeletingService.
2022-07-30 01:51:06,170 [Listener at 127.0.0.1/41659] INFO  replication.ReplicationManager (ReplicationManager.java:start(200)) - Starting Replication Monitor Thread.
2022-07-30 01:51:06,172 [Listener at 127.0.0.1/41659] INFO  UnderReplicatedQueueThread (BackgroundSCMService.java:start(68)) - Starting UnderReplicatedQueueThread Service.
2022-07-30 01:51:06,174 [Listener at 127.0.0.1/41659] INFO  ha.SCMServiceManager (SCMServiceManager.java:register(42)) - Registering service UnderReplicatedQueueThread.
2022-07-30 01:51:06,174 [Listener at 127.0.0.1/41659] INFO  OverReplicatedQueueThread (BackgroundSCMService.java:start(68)) - Starting OverReplicatedQueueThread Service.
2022-07-30 01:51:06,176 [Listener at 127.0.0.1/41659] INFO  ha.SCMServiceManager (SCMServiceManager.java:register(42)) - Registering service OverReplicatedQueueThread.
2022-07-30 01:51:06,176 [Listener at 127.0.0.1/41659] INFO  ha.SCMServiceManager (SCMServiceManager.java:register(42)) - Registering service ReplicationManager.
2022-07-30 01:51:06,177 [Listener at 127.0.0.1/41659] INFO  safemode.ContainerSafeModeRule (ContainerSafeModeRule.java:<init>(89)) - containers with one replica threshold count 0
2022-07-30 01:51:06,177 [Listener at 127.0.0.1/41659] INFO  safemode.HealthyPipelineSafeModeRule (HealthyPipelineSafeModeRule.java:initializeRule(169)) - Total pipeline count is 0, healthy pipeline threshold count is 1
2022-07-30 01:51:06,177 [Listener at 127.0.0.1/41659] INFO  safemode.OneReplicaPipelineSafeModeRule (OneReplicaPipelineSafeModeRule.java:initializeRule(180)) - Total pipeline count is 0, pipeline's with at least one datanode reported threshold count is 0
2022-07-30 01:51:06,179 [Listener at 127.0.0.1/41659] INFO  ipc.CallQueueManager (CallQueueManager.java:<init>(90)) - Using callQueue: class java.util.concurrent.LinkedBlockingQueue, queueCapacity: 2000, scheduler: class org.apache.hadoop.ipc.DefaultRpcScheduler, ipcBackoff: false.
2022-07-30 01:51:06,184 [ReplicationMonitor] INFO  replication.ReplicationManager (ReplicationManager.java:processAll(249)) - Replication Manager is not ready to run until 3000ms after safemode exit
2022-07-30 01:51:06,210 [Socket Reader #1 for port 0] INFO  ipc.Server (Server.java:run(1265)) - Starting Socket Reader #1 for port 0
2022-07-30 01:51:06,212 [Listener at 0.0.0.0/45389] INFO  ipc.CallQueueManager (CallQueueManager.java:<init>(90)) - Using callQueue: class java.util.concurrent.LinkedBlockingQueue, queueCapacity: 2000, scheduler: class org.apache.hadoop.ipc.DefaultRpcScheduler, ipcBackoff: false.
2022-07-30 01:51:06,228 [Socket Reader #1 for port 0] INFO  ipc.Server (Server.java:run(1265)) - Starting Socket Reader #1 for port 0
2022-07-30 01:51:06,236 [Listener at 0.0.0.0/37039] INFO  ipc.CallQueueManager (CallQueueManager.java:<init>(90)) - Using callQueue: class java.util.concurrent.LinkedBlockingQueue, queueCapacity: 2000, scheduler: class org.apache.hadoop.ipc.DefaultRpcScheduler, ipcBackoff: false.
2022-07-30 01:51:06,244 [Socket Reader #1 for port 0] INFO  ipc.Server (Server.java:run(1265)) - Starting Socket Reader #1 for port 0
2022-07-30 01:51:06,343 [Listener at 0.0.0.0/36447] INFO  ha.SCMServiceManager (SCMServiceManager.java:register(42)) - Registering service ContainerBalancer.
2022-07-30 01:51:06,343 [Listener at 0.0.0.0/36447] INFO  server.StorageContainerManager (StorageContainerManager.java:<init>(406)) - 
Container Balancer status:
Key                            Value
Running                        false
Container Balancer Configuration values:
Key                                                Value
Threshold                                          10
Max Datanodes to Involve per Iteration(percent)    20
Max Size to Move per Iteration                     500GB
Max Size Entering Target per Iteration             26GB
Max Size Leaving Source per Iteration              26GB

2022-07-30 01:51:06,343 [Listener at 0.0.0.0/36447] WARN  events.EventQueue (EventQueue.java:fireEvent(216)) - No event handler registered for event TypedEvent{payloadType=SafeModeStatus, name='Safe mode status'}
2022-07-30 01:51:06,344 [Listener at 0.0.0.0/36447] INFO  ha.SCMContext (SCMContext.java:updateSafeModeStatus(228)) - Update SafeModeStatus from SafeModeStatus{safeModeStatus=true, preCheckPassed=false} to SafeModeStatus{safeModeStatus=true, preCheckPassed=false}.
2022-07-30 01:51:06,344 [Listener at 0.0.0.0/36447] INFO  server.StorageContainerManager (StorageContainerManager.java:start(1460)) - StorageContainerLocationProtocol RPC server is listening at /0.0.0.0:36447
2022-07-30 01:51:06,363 [Listener at 0.0.0.0/36447] WARN  impl.MetricsConfig (MetricsConfig.java:loadFirst(136)) - Cannot locate configuration: tried hadoop-metrics2-storagecontainermanager.properties,hadoop-metrics2.properties
2022-07-30 01:51:06,370 [Listener at 0.0.0.0/36447] INFO  impl.MetricsSystemImpl (MetricsSystemImpl.java:startTimer(378)) - Scheduled Metric snapshot period at 10 second(s).
2022-07-30 01:51:06,370 [Listener at 0.0.0.0/36447] INFO  impl.MetricsSystemImpl (MetricsSystemImpl.java:start(191)) - StorageContainerManager metrics system started
2022-07-30 01:51:06,551 [Listener at 0.0.0.0/36447] INFO  impl.MetricsSinkAdapter (MetricsSinkAdapter.java:start(204)) - Sink prometheus started
2022-07-30 01:51:06,554 [Listener at 0.0.0.0/36447] INFO  impl.MetricsSystemImpl (MetricsSystemImpl.java:registerSink(305)) - Registered sink prometheus
2022-07-30 01:51:06,608 [Listener at 0.0.0.0/36447] INFO  server.SCMClientProtocolServer (SCMClientProtocolServer.java:start(170)) - RPC server for Client  is listening at /0.0.0.0:36447
2022-07-30 01:51:06,609 [IPC Server Responder] INFO  ipc.Server (Server.java:run(1507)) - IPC Server Responder: starting
2022-07-30 01:51:06,609 [IPC Server listener on 0] INFO  ipc.Server (Server.java:run(1344)) - IPC Server listener on 0: starting
2022-07-30 01:51:06,620 [Listener at 0.0.0.0/36447] INFO  server.StorageContainerManager (StorageContainerManager.java:start(1475)) - ScmBlockLocationProtocol RPC server is listening at /0.0.0.0:37039
2022-07-30 01:51:06,620 [Listener at 0.0.0.0/36447] INFO  server.SCMBlockProtocolServer (SCMBlockProtocolServer.java:start(152)) - RPC server for Block Protocol is listening at /0.0.0.0:37039
2022-07-30 01:51:06,620 [IPC Server Responder] INFO  ipc.Server (Server.java:run(1507)) - IPC Server Responder: starting
2022-07-30 01:51:06,620 [IPC Server listener on 0] INFO  ipc.Server (Server.java:run(1344)) - IPC Server listener on 0: starting
2022-07-30 01:51:06,630 [Listener at 0.0.0.0/36447] INFO  server.SCMDatanodeProtocolServer (SCMDatanodeProtocolServer.java:start(186)) - ScmDatanodeProtocol RPC server for DataNodes is listening at /0.0.0.0:45389
2022-07-30 01:51:06,630 [IPC Server Responder] INFO  ipc.Server (Server.java:run(1507)) - IPC Server Responder: starting
2022-07-30 01:51:06,630 [IPC Server listener on 0] INFO  ipc.Server (Server.java:run(1344)) - IPC Server listener on 0: starting
2022-07-30 01:51:06,656 [Listener at 0.0.0.0/36447] INFO  http.BaseHttpServer (BaseHttpServer.java:newHttpServer2BuilderForOzone(209)) - Starting Web-server for scm at: http://0.0.0.0:0
2022-07-30 01:51:06,656 [Listener at 0.0.0.0/36447] INFO  http.BaseHttpServer (BaseHttpServer.java:<init>(107)) - Hadoop Security Enabled: false Ozone Security Enabled: false Ozone HTTP Security Enabled: false 
2022-07-30 01:51:06,657 [Listener at 0.0.0.0/36447] INFO  server.AuthenticationFilter (AuthenticationFilter.java:constructSecretProvider(240)) - Unable to initialize FileSignerSecretProvider, falling back to use random secrets.
2022-07-30 01:51:06,656 [org.apache.hadoop.util.JvmPauseMonitor$Monitor@736e2c32] INFO  util.JvmPauseMonitor (JvmPauseMonitor.java:run(188)) - Starting JVM pause monitor
2022-07-30 01:51:06,682 [Listener at 0.0.0.0/36447] WARN  http.HttpRequestLog (HttpRequestLog.java:getRequestLog(103)) - Jetty request log can only be enabled using Log4j
2022-07-30 01:51:06,739 [Listener at 0.0.0.0/36447] INFO  http.HttpServer2 (HttpServer2.java:addGlobalFilter(1029)) - Added global filter 'safety' (class=org.apache.hadoop.hdds.server.http.HttpServer2$QuotingInputFilter)
2022-07-30 01:51:06,740 [Listener at 0.0.0.0/36447] INFO  http.HttpServer2 (HttpServer2.java:addFilter(1005)) - Added filter static_user_filter (class=org.apache.hadoop.http.lib.StaticUserWebFilter$StaticUserFilter) to context scm
2022-07-30 01:51:06,740 [Listener at 0.0.0.0/36447] INFO  http.HttpServer2 (HttpServer2.java:addFilter(1013)) - Added filter static_user_filter (class=org.apache.hadoop.http.lib.StaticUserWebFilter$StaticUserFilter) to context static
2022-07-30 01:51:06,740 [Listener at 0.0.0.0/36447] INFO  http.HttpServer2 (HttpServer2.java:addFilter(1013)) - Added filter static_user_filter (class=org.apache.hadoop.http.lib.StaticUserWebFilter$StaticUserFilter) to context logs
2022-07-30 01:51:06,741 [Listener at 0.0.0.0/36447] INFO  http.HttpServer2 (HttpServer2.java:bindListener(1248)) - Jetty bound to port 33699
2022-07-30 01:51:06,741 [Listener at 0.0.0.0/36447] INFO  server.Server (Server.java:doStart(375)) - jetty-9.4.43.v20210629; built: 2021-06-30T11:07:22.254Z; git: 526006ecfa3af7f1a27ef3a288e2bef7ea9dd7e8; jvm 1.8.0_332-b09
2022-07-30 01:51:06,742 [Listener at 0.0.0.0/36447] INFO  server.session (DefaultSessionIdManager.java:doStart(334)) - DefaultSessionIdManager workerName=node0
2022-07-30 01:51:06,743 [Listener at 0.0.0.0/36447] INFO  server.session (DefaultSessionIdManager.java:doStart(339)) - No SessionScavenger set, using defaults
2022-07-30 01:51:06,743 [Listener at 0.0.0.0/36447] INFO  server.session (HouseKeeper.java:startScavenging(132)) - node0 Scavenging every 600000ms
2022-07-30 01:51:06,744 [Listener at 0.0.0.0/36447] INFO  handler.ContextHandler (ContextHandler.java:doStart(915)) - Started o.e.j.s.ServletContextHandler@7cfa515{logs,/logs,file:///home/runner/work/ozone/ozone/hadoop-ozone/integration-test/target/log,AVAILABLE}
2022-07-30 01:51:06,744 [Listener at 0.0.0.0/36447] INFO  handler.ContextHandler (ContextHandler.java:doStart(915)) - Started o.e.j.s.ServletContextHandler@4e38994c{static,/static,file:///home/runner/work/ozone/ozone/hadoop-ozone/integration-test/target/test-classes/webapps/static,AVAILABLE}
2022-07-30 01:51:06,782 [Listener at 0.0.0.0/36447] INFO  handler.ContextHandler (ContextHandler.java:doStart(915)) - Started o.e.j.w.WebAppContext@1ffde4c8{scm,/,file:///home/runner/work/ozone/ozone/hadoop-ozone/integration-test/target/test-classes/webapps/scm/,AVAILABLE}{file:/home/runner/work/ozone/ozone/hadoop-ozone/integration-test/target/test-classes/webapps/scm}
2022-07-30 01:51:06,784 [Listener at 0.0.0.0/36447] INFO  server.AbstractConnector (AbstractConnector.java:doStart(331)) - Started ServerConnector@40f5d58b{HTTP/1.1, (http/1.1)}{0.0.0.0:33699}
2022-07-30 01:51:06,784 [Listener at 0.0.0.0/36447] INFO  server.Server (Server.java:doStart(415)) - Started @236163ms
2022-07-30 01:51:06,784 [Listener at 0.0.0.0/36447] WARN  impl.MetricsSystemImpl (MetricsSystemImpl.java:register(279)) - Sink prometheus already exists!
2022-07-30 01:51:06,785 [Listener at 0.0.0.0/36447] INFO  http.BaseHttpServer (BaseHttpServer.java:updateConnectorAddress(329)) - HTTP server of scm listening at http://0.0.0.0:33699
2022-07-30 01:51:06,785 [Listener at 0.0.0.0/36447] WARN  server.ServerUtils (ServerUtils.java:getDBPath(225)) - ozone.om.db.dirs is not configured. We recommend adding this setting. Falling back to ozone.metadata.dirs instead.
2022-07-30 01:51:06,787 [Listener at 0.0.0.0/36447] INFO  ha.OMHANodeDetails (OMHANodeDetails.java:loadOMHAConfig(115)) - ozone.om.internal.service.id is not defined, falling back to ozone.om.service.ids to find serviceID for OzoneManager if it is HA enabled cluster
2022-07-30 01:51:06,787 [Listener at 0.0.0.0/36447] INFO  ha.OMHANodeDetails (OMHANodeDetails.java:loadOMHAConfig(226)) - Configuration does not have ozone.om.address set. Falling back to the default OM address /127.0.0.1:0
2022-07-30 01:51:06,787 [Listener at 0.0.0.0/36447] INFO  ha.OMHANodeDetails (OMHANodeDetails.java:getOMNodeDetailsForNonHA(254)) - OM Service ID is not set. Setting it to the default ID: omServiceIdDefault
2022-07-30 01:51:06,787 [Listener at 0.0.0.0/36447] INFO  ha.OMHANodeDetails (OMHANodeDetails.java:getOMNodeDetailsForNonHA(261)) - OM Node ID is not set. Setting it to the default ID: om1
2022-07-30 01:51:06,822 [Listener at 0.0.0.0/36447] WARN  server.ServerUtils (ServerUtils.java:getDBPath(225)) - ozone.om.db.dirs is not configured. We recommend adding this setting. Falling back to ozone.metadata.dirs instead.
2022-07-30 01:51:06,822 [Listener at 0.0.0.0/36447] INFO  upgrade.AbstractLayoutVersionManager (AbstractLayoutVersionManager.java:init(83)) - Initializing Layout version manager with metadata layout = MULTITENANCY_SCHEMA (version = 3), software layout = MULTITENANCY_SCHEMA (version = 3)
2022-07-30 01:51:06,984 [Listener at 0.0.0.0/36447] INFO  reflections.Reflections (Reflections.java:scan(232)) - Reflections took 161 ms to scan 2 urls, producing 152 keys and 424 values [using 2 cores]
2022-07-30 01:51:06,985 [Listener at 0.0.0.0/36447] INFO  upgrade.OMLayoutVersionManager (OMLayoutVersionManager.java:lambda$0(115)) - Skipping Upgrade Action MockOmUpgradeAction since it has been finalized.
2022-07-30 01:51:06,985 [Listener at 0.0.0.0/36447] WARN  server.ServerUtils (ServerUtils.java:getDBPath(225)) - ozone.om.db.dirs is not configured. We recommend adding this setting. Falling back to ozone.metadata.dirs instead.
2022-07-30 01:51:06,985 [Listener at 0.0.0.0/36447] INFO  proxy.SCMBlockLocationFailoverProxyProvider (SCMBlockLocationFailoverProxyProvider.java:<init>(114)) - Created block location fail-over proxy with 1 nodes: [nodeId=scmNodeId,nodeAddress=/0.0.0.0:37039]
2022-07-30 01:51:06,986 [Listener at 0.0.0.0/36447] INFO  proxy.SCMBlockLocationFailoverProxyProvider (SCMBlockLocationFailoverProxyProvider.java:<init>(114)) - Created block location fail-over proxy with 1 nodes: [nodeId=scmNodeId,nodeAddress=/0.0.0.0:37039]
2022-07-30 01:51:07,015 [Listener at 0.0.0.0/36447] WARN  server.ServerUtils (ServerUtils.java:getDBPath(225)) - ozone.om.db.dirs is not configured. We recommend adding this setting. Falling back to ozone.metadata.dirs instead.
2022-07-30 01:51:07,015 [Listener at 0.0.0.0/36447] INFO  codec.OmKeyInfoCodec (OmKeyInfoCodec.java:<init>(49)) - OmKeyInfoCodec ignorePipeline = true
2022-07-30 01:51:07,015 [Listener at 0.0.0.0/36447] INFO  codec.RepeatedOmKeyInfoCodec (RepeatedOmKeyInfoCodec.java:<init>(41)) - RepeatedOmKeyInfoCodec ignorePipeline = true
2022-07-30 01:51:07,633 [Listener at 0.0.0.0/36447] INFO  om.OzoneManager (OzoneManager.java:instantiateServices(696)) - S3 Multi-Tenancy is disabled
2022-07-30 01:51:07,645 [Listener at 0.0.0.0/36447] INFO  om.OzoneManager (OzoneManager.java:addS3GVolumeToDB(4307)) - Created Volume s3v With Owner runner required for S3Gateway operations.
2022-07-30 01:51:07,645 [Listener at 0.0.0.0/36447] WARN  server.ServerUtils (ServerUtils.java:getDefaultRatisDirectory(237)) - Storage directory for Ratis is not configured. It is a good idea to map this to an SSD disk. Falling back to ozone.metadata.dirs
2022-07-30 01:51:07,645 [Listener at 0.0.0.0/36447] WARN  utils.OzoneManagerRatisUtils (OzoneManagerRatisUtils.java:getOMRatisSnapshotDirectory(431)) - ozone.om.ratis.snapshot.dir is not configured. Falling back to ozone.metadata.dirs config
2022-07-30 01:51:07,646 [Listener at 0.0.0.0/36447] WARN  impl.MetricRegistriesImpl (MetricRegistriesImpl.java:addReporterRegistration(111)) - New reporters are added after registries were created. Some metrics will be missing from the reporter. Please add reporter before adding any new registry.
2022-07-30 01:51:07,646 [Listener at 0.0.0.0/36447] WARN  impl.MetricRegistriesImpl (MetricRegistriesImpl.java:addReporterRegistration(111)) - New reporters are added after registries were created. Some metrics will be missing from the reporter. Please add reporter before adding any new registry.
2022-07-30 01:51:07,646 [Listener at 0.0.0.0/36447] WARN  server.ServerUtils (ServerUtils.java:getDefaultRatisDirectory(237)) - Storage directory for Ratis is not configured. It is a good idea to map this to an SSD disk. Falling back to ozone.metadata.dirs
2022-07-30 01:51:07,647 [Listener at 0.0.0.0/36447] INFO  ratis.OzoneManagerRatisServer (OzoneManagerRatisServer.java:<init>(159)) - Instantiating OM Ratis server with groupID: omServiceIdDefault and peers: localhost:9872
2022-07-30 01:51:07,647 [Listener at 0.0.0.0/36447] INFO  ratis.OzoneManagerStateMachine (OzoneManagerStateMachine.java:loadSnapshotInfoFromDB(632)) - LastAppliedIndex is set from TransactionInfo from OM DB as (t:0, i:~)
2022-07-30 01:51:07,647 [Listener at 0.0.0.0/36447] INFO  server.RaftServer (ConfUtils.java:logGet(46)) - raft.rpc.type = GRPC (default)
2022-07-30 01:51:07,648 [Listener at 0.0.0.0/36447] INFO  grpc.GrpcFactory (GrpcFactory.java:checkPooledByteBufAllocatorUseCacheForAllThreads(48)) - PERFORMANCE WARNING: useCacheForAllThreads is true that may cause Netty to create a lot garbage objects and, as a result, trigger GC.
	It is recommended to disable useCacheForAllThreads by setting -Dorg.apache.ratis.thirdparty.io.netty.allocator.useCacheForAllThreads=false in command line.
2022-07-30 01:51:07,648 [Listener at 0.0.0.0/36447] INFO  grpc.GrpcConfigKeys (ConfUtils.java:logGet(46)) - raft.grpc.admin.port = -1 (default)
2022-07-30 01:51:07,648 [Listener at 0.0.0.0/36447] INFO  grpc.GrpcConfigKeys (ConfUtils.java:logGet(46)) - raft.grpc.server.port = 9872 (custom)
2022-07-30 01:51:07,648 [Listener at 0.0.0.0/36447] INFO  grpc.GrpcConfigKeys (ConfUtils.java:logGet(46)) - raft.grpc.client.port = -1 (default)
2022-07-30 01:51:07,648 [Listener at 0.0.0.0/36447] INFO  grpc.GrpcConfigKeys (ConfUtils.java:logGet(46)) - raft.grpc.server.port = 9872 (custom)
2022-07-30 01:51:07,648 [Listener at 0.0.0.0/36447] INFO  grpc.GrpcConfigKeys (ConfUtils.java:logGet(46)) - raft.grpc.server.port = 9872 (custom)
2022-07-30 01:51:07,648 [Listener at 0.0.0.0/36447] INFO  server.GrpcService (ConfUtils.java:logGet(46)) - raft.grpc.message.size.max = 33554432 (custom)
2022-07-30 01:51:07,648 [Listener at 0.0.0.0/36447] INFO  server.RaftServerConfigKeys (ConfUtils.java:logGet(46)) - raft.server.log.appender.buffer.byte-limit = 33554432 (custom)
2022-07-30 01:51:07,649 [Listener at 0.0.0.0/36447] INFO  server.GrpcService (ConfUtils.java:logGet(46)) - raft.grpc.flow.control.window = 1MB (=1048576) (default)
2022-07-30 01:51:07,649 [Listener at 0.0.0.0/36447] INFO  server.RaftServerConfigKeys (ConfUtils.java:logGet(46)) - raft.server.rpc.request.timeout = 3000ms (default)
2022-07-30 01:51:07,649 [Listener at 0.0.0.0/36447] INFO  grpc.GrpcConfigKeys (ConfUtils.java:logGet(46)) - raft.grpc.server.async.request.thread.pool.cached = true (default)
2022-07-30 01:51:07,649 [Listener at 0.0.0.0/36447] INFO  grpc.GrpcConfigKeys (ConfUtils.java:logGet(46)) - raft.grpc.server.async.request.thread.pool.size = 32 (default)
2022-07-30 01:51:07,650 [Listener at 0.0.0.0/36447] INFO  impl.DataStreamServerImpl (ConfUtils.java:logGet(46)) - raft.datastream.type = DISABLED (default)
2022-07-30 01:51:07,651 [Listener at 0.0.0.0/36447] INFO  server.RaftServerConfigKeys (ConfUtils.java:logGet(46)) - raft.server.threadpool.proxy.cached = true (default)
2022-07-30 01:51:07,651 [Listener at 0.0.0.0/36447] INFO  server.RaftServerConfigKeys (ConfUtils.java:logGet(46)) - raft.server.threadpool.proxy.size = 0 (default)
2022-07-30 01:51:07,651 [Listener at 0.0.0.0/36447] INFO  server.RaftServerConfigKeys (ConfUtils.java:logGet(46)) - raft.server.rpc.slowness.timeout = 120s (custom)
2022-07-30 01:51:07,651 [Listener at 0.0.0.0/36447] INFO  server.RaftServerConfigKeys (ConfUtils.java:logGet(46)) - raft.server.leaderelection.leader.step-down.wait-time = 10s (default)
2022-07-30 01:51:07,656 [Listener at 0.0.0.0/36447] INFO  server.RaftServerConfigKeys (ConfUtils.java:logGet(46)) - raft.server.storage.dir = [/home/runner/work/ozone/ozone/hadoop-ozone/integration-test/target/test-dir/MiniOzoneClusterImpl-82f5a944-0aea-4e62-8f89-f91bfebfb0a1/ozone-meta/ratis] (custom)
2022-07-30 01:51:07,663 [Listener at 0.0.0.0/36447] INFO  server.RaftServer (RaftServerProxy.java:addNew(96)) - om1: addNew group-C5BA1605619E:[om1|rpc:localhost:9872|priority:0] returns group-C5BA1605619E:java.util.concurrent.CompletableFuture@403235cc[Not completed]
2022-07-30 01:51:07,663 [Listener at 0.0.0.0/36447] INFO  om.OzoneManager (OzoneManager.java:initializeRatisServer(1962)) - OzoneManager Ratis server initialized at port 9872
2022-07-30 01:51:07,664 [Listener at 0.0.0.0/36447] INFO  om.OzoneManager (OzoneManager.java:getRpcServer(1085)) - Creating RPC Server
2022-07-30 01:51:07,666 [pool-858-thread-1] INFO  server.RaftServer$Division (RaftServerImpl.java:<init>(190)) - om1: new RaftServerImpl for group-C5BA1605619E:[om1|rpc:localhost:9872|priority:0] with OzoneManagerStateMachine:uninitialized
2022-07-30 01:51:07,666 [pool-858-thread-1] INFO  server.RaftServerConfigKeys (ConfUtils.java:logGet(46)) - raft.server.rpc.timeout.min = 1s (custom)
2022-07-30 01:51:07,666 [pool-858-thread-1] INFO  server.RaftServerConfigKeys (ConfUtils.java:logGet(46)) - raft.server.rpc.timeout.max = 1200ms (custom)
2022-07-30 01:51:07,666 [pool-858-thread-1] INFO  server.RaftServerConfigKeys (ConfUtils.java:logGet(46)) - raft.server.rpc.sleep.time = 25ms (default)
2022-07-30 01:51:07,666 [pool-858-thread-1] INFO  server.RaftServerConfigKeys (ConfUtils.java:logGet(46)) - raft.server.rpc.slowness.timeout = 120s (custom)
2022-07-30 01:51:07,666 [pool-858-thread-1] INFO  server.RaftServerConfigKeys (ConfUtils.java:logGet(46)) - raft.server.leaderelection.leader.step-down.wait-time = 10s (default)
2022-07-30 01:51:07,666 [pool-858-thread-1] INFO  server.RaftServerConfigKeys (ConfUtils.java:logGet(46)) - raft.server.sleep.deviation.threshold = 300ms (default)
2022-07-30 01:51:07,666 [pool-858-thread-1] INFO  server.RaftServer$Division (ServerState.java:<init>(107)) - om1@group-C5BA1605619E: ConfigurationManager, init=-1: [om1|rpc:localhost:9872|priority:0], old=null, confs=<EMPTY_MAP>
2022-07-30 01:51:07,666 [pool-858-thread-1] INFO  server.RaftServerConfigKeys (ConfUtils.java:logGet(46)) - raft.server.storage.dir = [/home/runner/work/ozone/ozone/hadoop-ozone/integration-test/target/test-dir/MiniOzoneClusterImpl-82f5a944-0aea-4e62-8f89-f91bfebfb0a1/ozone-meta/ratis] (custom)
2022-07-30 01:51:07,667 [pool-858-thread-1] INFO  server.RaftServerConfigKeys (ConfUtils.java:logGet(46)) - raft.server.log.corruption.policy = EXCEPTION (default)
2022-07-30 01:51:07,667 [pool-858-thread-1] INFO  server.RaftServerConfigKeys (ConfUtils.java:logGet(46)) - raft.server.storage.free-space.min = 0MB (=0) (default)
2022-07-30 01:51:07,667 [pool-858-thread-1] INFO  storage.RaftStorageDirectory (RaftStorageDirectoryImpl.java:analyzeStorage(135)) - The storage directory /home/runner/work/ozone/ozone/hadoop-ozone/integration-test/target/test-dir/MiniOzoneClusterImpl-82f5a944-0aea-4e62-8f89-f91bfebfb0a1/ozone-meta/ratis/bf265839-605b-3f16-9796-c5ba1605619e does not exist. Creating ...
2022-07-30 01:51:07,676 [pool-858-thread-1] INFO  storage.RaftStorageDirectory (RaftStorageDirectoryImpl.java:tryLock(230)) - Lock on /home/runner/work/ozone/ozone/hadoop-ozone/integration-test/target/test-dir/MiniOzoneClusterImpl-82f5a944-0aea-4e62-8f89-f91bfebfb0a1/ozone-meta/ratis/bf265839-605b-3f16-9796-c5ba1605619e/in_use.lock acquired by nodename 10860@fv-az297-62
2022-07-30 01:51:07,708 [pool-858-thread-1] INFO  storage.RaftStorage (RaftStorageImpl.java:format(89)) - Storage directory /home/runner/work/ozone/ozone/hadoop-ozone/integration-test/target/test-dir/MiniOzoneClusterImpl-82f5a944-0aea-4e62-8f89-f91bfebfb0a1/ozone-meta/ratis/bf265839-605b-3f16-9796-c5ba1605619e has been successfully formatted.
2022-07-30 01:51:07,708 [pool-858-thread-1] INFO  server.RaftServerConfigKeys (ConfUtils.java:logGet(46)) - raft.server.notification.no-leader.timeout = 120s (custom)
2022-07-30 01:51:07,709 [pool-858-thread-1] INFO  server.RaftServerConfigKeys (ConfUtils.java:logGet(46)) - raft.server.log.use.memory = false (default)
2022-07-30 01:51:07,709 [pool-858-thread-1] INFO  server.RaftServerConfigKeys (ConfUtils.java:logGet(46)) - raft.server.log.purge.gap = 1000000 (custom)
2022-07-30 01:51:07,709 [pool-858-thread-1] INFO  server.RaftServerConfigKeys (ConfUtils.java:logGet(46)) - raft.server.log.appender.buffer.byte-limit = 33554432 (custom)
2022-07-30 01:51:07,709 [pool-858-thread-1] INFO  server.RaftServerConfigKeys (ConfUtils.java:logGet(46)) - raft.server.log.statemachine.data.read.timeout = 1000ms (default)
2022-07-30 01:51:07,709 [pool-858-thread-1] INFO  server.RaftServerConfigKeys (ConfUtils.java:logGet(46)) - raft.server.log.segment.size.max = 4194304 (custom)
2022-07-30 01:51:07,709 [pool-858-thread-1] INFO  server.RaftServerConfigKeys (ConfUtils.java:logGet(46)) - raft.server.log.segment.cache.num.max = 2 (custom)
2022-07-30 01:51:07,709 [pool-858-thread-1] INFO  server.RaftServerConfigKeys (ConfUtils.java:logGet(46)) - raft.server.log.segment.cache.size.max = 200MB (=209715200) (default)
2022-07-30 01:51:07,709 [pool-858-thread-1] INFO  segmented.SegmentedRaftLogWorker (SegmentedRaftLogWorker.java:<init>(187)) - new om1@group-C5BA1605619E-SegmentedRaftLogWorker for RaftStorageImpl:Storage Directory /home/runner/work/ozone/ozone/hadoop-ozone/integration-test/target/test-dir/MiniOzoneClusterImpl-82f5a944-0aea-4e62-8f89-f91bfebfb0a1/ozone-meta/ratis/bf265839-605b-3f16-9796-c5ba1605619e
2022-07-30 01:51:07,710 [pool-858-thread-1] INFO  server.RaftServerConfigKeys (ConfUtils.java:logGet(46)) - raft.server.log.queue.byte-limit = 64MB (=67108864) (default)
2022-07-30 01:51:07,710 [pool-858-thread-1] INFO  server.RaftServerConfigKeys (ConfUtils.java:logGet(46)) - raft.server.log.queue.element-limit = 4096 (default)
2022-07-30 01:51:07,710 [pool-858-thread-1] INFO  server.RaftServerConfigKeys (ConfUtils.java:logGet(46)) - raft.server.log.segment.size.max = 4194304 (custom)
2022-07-30 01:51:07,710 [pool-858-thread-1] INFO  server.RaftServerConfigKeys (ConfUtils.java:logGet(46)) - raft.server.log.preallocated.size = 4194304 (custom)
2022-07-30 01:51:07,710 [pool-858-thread-1] INFO  server.RaftServerConfigKeys (ConfUtils.java:logGet(46)) - raft.server.log.force.sync.num = 128 (default)
2022-07-30 01:51:07,710 [pool-858-thread-1] INFO  server.RaftServerConfigKeys (ConfUtils.java:logGet(46)) - raft.server.log.statemachine.data.sync = true (default)
2022-07-30 01:51:07,710 [pool-858-thread-1] INFO  server.RaftServerConfigKeys (ConfUtils.java:logGet(46)) - raft.server.log.statemachine.data.sync.timeout = 10s (default)
2022-07-30 01:51:07,710 [pool-858-thread-1] INFO  server.RaftServerConfigKeys (ConfUtils.java:logGet(46)) - raft.server.log.statemachine.data.sync.timeout.retry = -1 (default)
2022-07-30 01:51:07,711 [pool-858-thread-1] INFO  server.RaftServerConfigKeys (ConfUtils.java:logGet(46)) - raft.server.log.write.buffer.size = 64KB (=65536) (default)
2022-07-30 01:51:07,711 [pool-858-thread-1] INFO  server.RaftServerConfigKeys (ConfUtils.java:logGet(46)) - raft.server.log.unsafe-flush.enabled = false (default)
2022-07-30 01:51:07,712 [pool-858-thread-1] INFO  server.RaftServerConfigKeys (ConfUtils.java:logGet(46)) - raft.server.log.statemachine.data.caching.enabled = false (default)
2022-07-30 01:51:07,715 [pool-858-thread-1] INFO  segmented.SegmentedRaftLogWorker (SegmentedRaftLogWorker.java:lambda$new$0(135)) - om1@group-C5BA1605619E-SegmentedRaftLogWorker: flushIndex: setUnconditionally 0 -> -1
2022-07-30 01:51:07,715 [pool-858-thread-1] INFO  segmented.SegmentedRaftLogWorker (SegmentedRaftLogWorker.java:lambda$new$0(135)) - om1@group-C5BA1605619E-SegmentedRaftLogWorker: safeCacheEvictIndex: setUnconditionally 0 -> -1
2022-07-30 01:51:07,720 [pool-858-thread-1] INFO  server.RaftServerConfigKeys (ConfUtils.java:logGet(46)) - raft.server.snapshot.auto.trigger.enabled = true (custom)
2022-07-30 01:51:07,720 [pool-858-thread-1] INFO  server.RaftServerConfigKeys (ConfUtils.java:logGet(46)) - raft.server.snapshot.auto.trigger.threshold = 400000 (default)
2022-07-30 01:51:07,720 [pool-858-thread-1] INFO  server.RaftServerConfigKeys (ConfUtils.java:logGet(46)) - raft.server.snapshot.retention.file.num = -1 (default)
2022-07-30 01:51:07,720 [pool-858-thread-1] INFO  server.RaftServerConfigKeys (ConfUtils.java:logGet(46)) - raft.server.log.purge.upto.snapshot.index = true (custom)
2022-07-30 01:51:07,720 [pool-858-thread-1] INFO  server.RaftServerConfigKeys (ConfUtils.java:logGet(46)) - raft.server.retrycache.expirytime = 300s (custom)
2022-07-30 01:51:07,720 [pool-858-thread-1] INFO  server.RaftServerConfigKeys (ConfUtils.java:logGet(46)) - raft.server.retrycache.statistics.expirytime = 100μs (default)
2022-07-30 01:51:07,721 [pool-858-thread-1] INFO  server.RaftServerConfigKeys (ConfUtils.java:logGet(46)) - raft.server.log.appender.install.snapshot.enabled = false (custom)
2022-07-30 01:51:07,721 [pool-858-thread-1] INFO  server.RaftServerConfigKeys (ConfUtils.java:logGet(46)) - raft.server.threadpool.server.cached = true (default)
2022-07-30 01:51:07,721 [pool-858-thread-1] INFO  server.RaftServerConfigKeys (ConfUtils.java:logGet(46)) - raft.server.threadpool.server.size = 0 (default)
2022-07-30 01:51:07,721 [pool-858-thread-1] INFO  server.RaftServerConfigKeys (ConfUtils.java:logGet(46)) - raft.server.threadpool.client.cached = true (default)
2022-07-30 01:51:07,721 [pool-858-thread-1] INFO  server.RaftServerConfigKeys (ConfUtils.java:logGet(46)) - raft.server.threadpool.client.size = 0 (default)
2022-07-30 01:51:08,823 [Listener at 0.0.0.0/36447] INFO  reflections.Reflections (Reflections.java:scan(232)) - Reflections took 1158 ms to scan 19 urls, producing 67 keys and 4138 values [using 2 cores]
2022-07-30 01:51:08,825 [Listener at 0.0.0.0/36447] INFO  ipc.CallQueueManager (CallQueueManager.java:<init>(90)) - Using callQueue: class java.util.concurrent.LinkedBlockingQueue, queueCapacity: 2000, scheduler: class org.apache.hadoop.ipc.DefaultRpcScheduler, ipcBackoff: false.
2022-07-30 01:51:08,825 [Socket Reader #1 for port 0] INFO  ipc.Server (Server.java:run(1265)) - Starting Socket Reader #1 for port 0
2022-07-30 01:51:08,875 [Listener at 127.0.0.1/42455] INFO  impl.MetricsSystemImpl (MetricsSystemImpl.java:init(158)) - OzoneManager metrics system started (again)
2022-07-30 01:51:08,908 [Listener at 127.0.0.1/42455] INFO  om.OzoneManager (OzoneManager.java:start(1469)) - OzoneManager RPC server is listening at localhost/127.0.0.1:42455
2022-07-30 01:51:08,909 [Listener at 127.0.0.1/42455] INFO  ratis.OzoneManagerRatisServer (OzoneManagerRatisServer.java:start(554)) - Starting OzoneManagerRatisServer om1 at port 9872
2022-07-30 01:51:08,909 [om1-impl-thread1] INFO  server.RaftServer$Division (RaftServerImpl.java:start(310)) - om1@group-C5BA1605619E: start as a follower, conf=-1: [om1|rpc:localhost:9872|priority:0], old=null
2022-07-30 01:51:08,909 [om1-impl-thread1] INFO  server.RaftServer$Division (RaftServerImpl.java:setRole(299)) - om1@group-C5BA1605619E: changes role from      null to FOLLOWER at term 0 for startAsFollower
2022-07-30 01:51:08,909 [om1-impl-thread1] INFO  impl.RoleInfo (RoleInfo.java:updateAndGet(139)) - om1: start om1@group-C5BA1605619E-FollowerState
2022-07-30 01:51:08,912 [om1-impl-thread1] INFO  util.JmxRegister (JmxRegister.java:tryRegister(44)) - Successfully registered JMX Bean with object name Ratis:service=RaftServer,group=group-C5BA1605619E,id=om1
2022-07-30 01:51:08,919 [Listener at 127.0.0.1/42455] INFO  server.RaftServer (RaftServerProxy.java:lambda$start$6(382)) - om1: start RPC server
2022-07-30 01:51:08,958 [Listener at 127.0.0.1/42455] INFO  server.GrpcService (GrpcService.java:startImpl(260)) - om1: GrpcService started, listening on 9872
2022-07-30 01:51:08,959 [Listener at 127.0.0.1/42455] INFO  om.OzoneManager (OzoneManager.java:start(1485)) - Version File has different layout version (3) than OM DB (null). That is expected if this OM has never been finalized to a newer layout version.
2022-07-30 01:51:08,959 [org.apache.ratis.util.JvmPauseMonitor$$Lambda$615/1033062816@3f1b551] INFO  util.JvmPauseMonitor (JvmPauseMonitor.java:run(103)) - JvmPauseMonitor-om1: Started
2022-07-30 01:51:08,974 [Listener at 127.0.0.1/42455] INFO  http.BaseHttpServer (BaseHttpServer.java:newHttpServer2BuilderForOzone(209)) - Starting Web-server for ozoneManager at: http://0.0.0.0:0
2022-07-30 01:51:08,984 [Listener at 127.0.0.1/42455] INFO  http.BaseHttpServer (BaseHttpServer.java:<init>(107)) - Hadoop Security Enabled: false Ozone Security Enabled: false Ozone HTTP Security Enabled: false 
2022-07-30 01:51:08,985 [Listener at 127.0.0.1/42455] INFO  server.AuthenticationFilter (AuthenticationFilter.java:constructSecretProvider(240)) - Unable to initialize FileSignerSecretProvider, falling back to use random secrets.
2022-07-30 01:51:08,998 [Listener at 127.0.0.1/42455] WARN  http.HttpRequestLog (HttpRequestLog.java:getRequestLog(103)) - Jetty request log can only be enabled using Log4j
2022-07-30 01:51:08,999 [Listener at 127.0.0.1/42455] INFO  http.HttpServer2 (HttpServer2.java:addGlobalFilter(1029)) - Added global filter 'safety' (class=org.apache.hadoop.hdds.server.http.HttpServer2$QuotingInputFilter)
2022-07-30 01:51:09,000 [Listener at 127.0.0.1/42455] INFO  http.HttpServer2 (HttpServer2.java:addFilter(1005)) - Added filter static_user_filter (class=org.apache.hadoop.http.lib.StaticUserWebFilter$StaticUserFilter) to context ozoneManager
2022-07-30 01:51:09,000 [Listener at 127.0.0.1/42455] INFO  http.HttpServer2 (HttpServer2.java:addFilter(1013)) - Added filter static_user_filter (class=org.apache.hadoop.http.lib.StaticUserWebFilter$StaticUserFilter) to context static
2022-07-30 01:51:09,000 [Listener at 127.0.0.1/42455] INFO  http.HttpServer2 (HttpServer2.java:addFilter(1013)) - Added filter static_user_filter (class=org.apache.hadoop.http.lib.StaticUserWebFilter$StaticUserFilter) to context logs
2022-07-30 01:51:09,000 [Listener at 127.0.0.1/42455] INFO  http.HttpServer2 (HttpServer2.java:bindListener(1248)) - Jetty bound to port 37523
2022-07-30 01:51:09,001 [Listener at 127.0.0.1/42455] INFO  server.Server (Server.java:doStart(375)) - jetty-9.4.43.v20210629; built: 2021-06-30T11:07:22.254Z; git: 526006ecfa3af7f1a27ef3a288e2bef7ea9dd7e8; jvm 1.8.0_332-b09
2022-07-30 01:51:09,012 [Listener at 127.0.0.1/42455] INFO  server.session (DefaultSessionIdManager.java:doStart(334)) - DefaultSessionIdManager workerName=node0
2022-07-30 01:51:09,012 [Listener at 127.0.0.1/42455] INFO  server.session (DefaultSessionIdManager.java:doStart(339)) - No SessionScavenger set, using defaults
2022-07-30 01:51:09,013 [Listener at 127.0.0.1/42455] INFO  server.session (HouseKeeper.java:startScavenging(132)) - node0 Scavenging every 600000ms
2022-07-30 01:51:09,013 [Listener at 127.0.0.1/42455] INFO  handler.ContextHandler (ContextHandler.java:doStart(915)) - Started o.e.j.s.ServletContextHandler@90b1516{logs,/logs,file:///home/runner/work/ozone/ozone/hadoop-ozone/integration-test/target/log,AVAILABLE}
2022-07-30 01:51:09,014 [Listener at 127.0.0.1/42455] INFO  handler.ContextHandler (ContextHandler.java:doStart(915)) - Started o.e.j.s.ServletContextHandler@4791daa0{static,/static,file:///home/runner/work/ozone/ozone/hadoop-ozone/integration-test/target/test-classes/webapps/static,AVAILABLE}
2022-07-30 01:51:09,022 [Listener at 127.0.0.1/42455] INFO  handler.ContextHandler (ContextHandler.java:doStart(915)) - Started o.e.j.w.WebAppContext@1d8b3c6c{ozoneManager,/,file:///home/runner/work/ozone/ozone/hadoop-ozone/integration-test/target/test-classes/webapps/ozoneManager/,AVAILABLE}{file:/home/runner/work/ozone/ozone/hadoop-ozone/integration-test/target/test-classes/webapps/ozoneManager}
2022-07-30 01:51:09,028 [Listener at 127.0.0.1/42455] INFO  server.AbstractConnector (AbstractConnector.java:doStart(331)) - Started ServerConnector@1be7388c{HTTP/1.1, (http/1.1)}{0.0.0.0:37523}
2022-07-30 01:51:09,029 [Listener at 127.0.0.1/42455] INFO  server.Server (Server.java:doStart(415)) - Started @238407ms
2022-07-30 01:51:09,029 [Listener at 127.0.0.1/42455] WARN  impl.MetricsSystemImpl (MetricsSystemImpl.java:register(279)) - Sink prometheus already exists!
2022-07-30 01:51:09,036 [Listener at 127.0.0.1/42455] INFO  http.BaseHttpServer (BaseHttpServer.java:updateConnectorAddress(329)) - HTTP server of ozoneManager listening at http://0.0.0.0:37523
2022-07-30 01:51:09,037 [IPC Server Responder] INFO  ipc.Server (Server.java:run(1507)) - IPC Server Responder: starting
2022-07-30 01:51:09,038 [IPC Server listener on 0] INFO  ipc.Server (Server.java:run(1344)) - IPC Server listener on 0: starting
2022-07-30 01:51:09,078 [Listener at 127.0.0.1/42455] INFO  om.TrashPolicyOzone (TrashPolicyOzone.java:<init>(178)) - Ozone Manager trash configuration: Deletion interval = 0 minutes, Emptier interval = 0 minutes.
2022-07-30 01:51:09,103 [org.apache.hadoop.util.JvmPauseMonitor$Monitor@60b60d23] INFO  util.JvmPauseMonitor (JvmPauseMonitor.java:run(188)) - Starting JVM pause monitor
2022-07-30 01:51:09,158 [Listener at 127.0.0.1/42455] WARN  impl.MetricRegistriesImpl (MetricRegistriesImpl.java:addReporterRegistration(111)) - New reporters are added after registries were created. Some metrics will be missing from the reporter. Please add reporter before adding any new registry.
2022-07-30 01:51:09,159 [Listener at 127.0.0.1/42455] WARN  impl.MetricRegistriesImpl (MetricRegistriesImpl.java:addReporterRegistration(111)) - New reporters are added after registries were created. Some metrics will be missing from the reporter. Please add reporter before adding any new registry.
2022-07-30 01:51:09,159 [Listener at 127.0.0.1/42455] INFO  impl.MetricsSystemImpl (MetricsSystemImpl.java:init(158)) - HddsDatanode metrics system started (again)
2022-07-30 01:51:09,176 [Listener at 127.0.0.1/42455] INFO  ozone.HddsDatanodeService (HddsDatanodeService.java:start(236)) - HddsDatanodeService host:fv-az297-62.nmf1rxwemy4u5di1sxxf4ejcwb.jx.internal.cloudapp.net ip:10.1.0.37
2022-07-30 01:51:09,264 [Listener at 127.0.0.1/42455] INFO  upgrade.AbstractLayoutVersionManager (AbstractLayoutVersionManager.java:init(83)) - Initializing Layout version manager with metadata layout = DATANODE_SCHEMA_V3 (version = 4), software layout = DATANODE_SCHEMA_V3 (version = 4)
2022-07-30 01:51:09,453 [Listener at 127.0.0.1/42455] INFO  reflections.Reflections (Reflections.java:scan(232)) - Reflections took 188 ms to scan 7 urls, producing 132 keys and 321 values 
2022-07-30 01:51:09,454 [Listener at 127.0.0.1/42455] INFO  statemachine.DatanodeStateMachine (DatanodeStateMachine.java:getEndPointTaskThreadPoolSize(237)) - Datanode State Machine Task Thread Pool size 2
2022-07-30 01:51:09,461 [Listener at 127.0.0.1/42455] INFO  volume.HddsVolume (HddsVolume.java:<init>(116)) - Creating HddsVolume: /home/runner/work/ozone/ozone/hadoop-ozone/integration-test/target/test-dir/MiniOzoneClusterImpl-82f5a944-0aea-4e62-8f89-f91bfebfb0a1/datanode-0/data-0/containers/hdds of storage type : DISK capacity : 9223372036854775807
2022-07-30 01:51:09,461 [Listener at 127.0.0.1/42455] INFO  volume.MutableVolumeSet (MutableVolumeSet.java:initializeVolumeSet(174)) - Added Volume : /home/runner/work/ozone/ozone/hadoop-ozone/integration-test/target/test-dir/MiniOzoneClusterImpl-82f5a944-0aea-4e62-8f89-f91bfebfb0a1/datanode-0/data-0/containers/hdds to VolumeSet
2022-07-30 01:51:09,461 [Listener at 127.0.0.1/42455] INFO  volume.ThrottledAsyncChecker (ThrottledAsyncChecker.java:schedule(141)) - Scheduling a check for /home/runner/work/ozone/ozone/hadoop-ozone/integration-test/target/test-dir/MiniOzoneClusterImpl-82f5a944-0aea-4e62-8f89-f91bfebfb0a1/datanode-0/data-0/containers/hdds
2022-07-30 01:51:09,464 [Listener at 127.0.0.1/42455] INFO  volume.StorageVolumeChecker (StorageVolumeChecker.java:checkAllVolumes(202)) - Scheduled health check for volume /home/runner/work/ozone/ozone/hadoop-ozone/integration-test/target/test-dir/MiniOzoneClusterImpl-82f5a944-0aea-4e62-8f89-f91bfebfb0a1/datanode-0/data-0/containers/hdds
2022-07-30 01:51:09,490 [Listener at 127.0.0.1/42455] INFO  volume.MutableVolumeSet (MutableVolumeSet.java:initializeVolumeSet(174)) - Added Volume : /home/runner/work/ozone/ozone/hadoop-ozone/integration-test/target/test-dir/MiniOzoneClusterImpl-82f5a944-0aea-4e62-8f89-f91bfebfb0a1/datanode-0/data/ratis to VolumeSet
2022-07-30 01:51:09,491 [Listener at 127.0.0.1/42455] INFO  volume.ThrottledAsyncChecker (ThrottledAsyncChecker.java:schedule(141)) - Scheduling a check for /home/runner/work/ozone/ozone/hadoop-ozone/integration-test/target/test-dir/MiniOzoneClusterImpl-82f5a944-0aea-4e62-8f89-f91bfebfb0a1/datanode-0/data/ratis
2022-07-30 01:51:09,491 [Listener at 127.0.0.1/42455] INFO  volume.StorageVolumeChecker (StorageVolumeChecker.java:checkAllVolumes(202)) - Scheduled health check for volume /home/runner/work/ozone/ozone/hadoop-ozone/integration-test/target/test-dir/MiniOzoneClusterImpl-82f5a944-0aea-4e62-8f89-f91bfebfb0a1/datanode-0/data/ratis
2022-07-30 01:51:09,529 [Thread-1681] INFO  ozoneimpl.ContainerReader (ContainerReader.java:readVolume(175)) - Finish verifying containers on volume /home/runner/work/ozone/ozone/hadoop-ozone/integration-test/target/test-dir/MiniOzoneClusterImpl-82f5a944-0aea-4e62-8f89-f91bfebfb0a1/datanode-0/data-0/containers/hdds
2022-07-30 01:51:09,529 [Listener at 127.0.0.1/42455] INFO  ozoneimpl.OzoneContainer (OzoneContainer.java:buildContainerSet(299)) - Build ContainerSet costs 0s
2022-07-30 01:51:09,532 [Listener at 127.0.0.1/42455] INFO  server.RaftServer (ConfUtils.java:logGet(46)) - raft.rpc.type = GRPC (default)
2022-07-30 01:51:09,532 [Listener at 127.0.0.1/42455] INFO  grpc.GrpcFactory (GrpcFactory.java:checkPooledByteBufAllocatorUseCacheForAllThreads(48)) - PERFORMANCE WARNING: useCacheForAllThreads is true that may cause Netty to create a lot garbage objects and, as a result, trigger GC.
	It is recommended to disable useCacheForAllThreads by setting -Dorg.apache.ratis.thirdparty.io.netty.allocator.useCacheForAllThreads=false in command line.
2022-07-30 01:51:09,532 [Listener at 127.0.0.1/42455] INFO  grpc.GrpcConfigKeys (ConfUtils.java:logGet(46)) - raft.grpc.admin.port = 0 (custom)
2022-07-30 01:51:09,532 [Listener at 127.0.0.1/42455] INFO  grpc.GrpcConfigKeys (ConfUtils.java:logGet(46)) - raft.grpc.client.port = 0 (custom)
2022-07-30 01:51:09,532 [Listener at 127.0.0.1/42455] INFO  grpc.GrpcConfigKeys (ConfUtils.java:logGet(46)) - raft.grpc.server.port = 0 (default)
2022-07-30 01:51:09,533 [Listener at 127.0.0.1/42455] INFO  server.GrpcService (ConfUtils.java:logGet(46)) - raft.grpc.message.size.max = 32MB (=33554432) (custom)
2022-07-30 01:51:09,533 [Listener at 127.0.0.1/42455] INFO  server.RaftServerConfigKeys (ConfUtils.java:logGet(46)) - raft.server.log.appender.buffer.byte-limit = 33554432 (custom)
2022-07-30 01:51:09,533 [Listener at 127.0.0.1/42455] INFO  server.GrpcService (ConfUtils.java:logGet(46)) - raft.grpc.flow.control.window = 5MB (=5242880) (custom)
2022-07-30 01:51:09,533 [Listener at 127.0.0.1/42455] INFO  server.RaftServerConfigKeys (ConfUtils.java:logGet(46)) - raft.server.rpc.request.timeout = 60s (custom)
2022-07-30 01:51:09,533 [Listener at 127.0.0.1/42455] INFO  grpc.GrpcConfigKeys (ConfUtils.java:logGet(46)) - raft.grpc.server.async.request.thread.pool.cached = true (default)
2022-07-30 01:51:09,533 [Listener at 127.0.0.1/42455] INFO  grpc.GrpcConfigKeys (ConfUtils.java:logGet(46)) - raft.grpc.server.async.request.thread.pool.size = 32 (default)
2022-07-30 01:51:09,534 [Listener at 127.0.0.1/42455] INFO  impl.DataStreamServerImpl (ConfUtils.java:logGet(46)) - raft.datastream.type = DISABLED (default)
2022-07-30 01:51:09,534 [Listener at 127.0.0.1/42455] INFO  server.RaftServerConfigKeys (ConfUtils.java:logGet(46)) - raft.server.threadpool.proxy.cached = true (default)
2022-07-30 01:51:09,534 [Listener at 127.0.0.1/42455] INFO  server.RaftServerConfigKeys (ConfUtils.java:logGet(46)) - raft.server.threadpool.proxy.size = 0 (default)
2022-07-30 01:51:09,535 [Listener at 127.0.0.1/42455] INFO  server.RaftServerConfigKeys (ConfUtils.java:logGet(46)) - raft.server.rpc.slowness.timeout = 300s (custom)
2022-07-30 01:51:09,535 [Listener at 127.0.0.1/42455] INFO  server.RaftServerConfigKeys (ConfUtils.java:logGet(46)) - raft.server.leaderelection.leader.step-down.wait-time = 10s (default)
2022-07-30 01:51:09,535 [Listener at 127.0.0.1/42455] INFO  server.RaftServerConfigKeys (ConfUtils.java:logGet(46)) - raft.server.storage.dir = [/home/runner/work/ozone/ozone/hadoop-ozone/integration-test/target/test-dir/MiniOzoneClusterImpl-82f5a944-0aea-4e62-8f89-f91bfebfb0a1/datanode-0/data/ratis] (custom)
2022-07-30 01:51:09,557 [Listener at 127.0.0.1/42455] INFO  server.XceiverServerGrpc (XceiverServerGrpc.java:<init>(132)) - GrpcServer channel type EpollServerSocketChannel
2022-07-30 01:51:09,565 [Listener at 127.0.0.1/42455] INFO  http.BaseHttpServer (BaseHttpServer.java:newHttpServer2BuilderForOzone(209)) - Starting Web-server for hddsDatanode at: http://0.0.0.0:0
2022-07-30 01:51:09,565 [Listener at 127.0.0.1/42455] INFO  http.BaseHttpServer (BaseHttpServer.java:<init>(107)) - Hadoop Security Enabled: false Ozone Security Enabled: false Ozone HTTP Security Enabled: false 
2022-07-30 01:51:09,568 [Listener at 127.0.0.1/42455] INFO  server.AuthenticationFilter (AuthenticationFilter.java:constructSecretProvider(240)) - Unable to initialize FileSignerSecretProvider, falling back to use random secrets.
2022-07-30 01:51:09,569 [Listener at 127.0.0.1/42455] WARN  http.HttpRequestLog (HttpRequestLog.java:getRequestLog(103)) - Jetty request log can only be enabled using Log4j
2022-07-30 01:51:09,570 [Listener at 127.0.0.1/42455] INFO  http.HttpServer2 (HttpServer2.java:addGlobalFilter(1029)) - Added global filter 'safety' (class=org.apache.hadoop.hdds.server.http.HttpServer2$QuotingInputFilter)
2022-07-30 01:51:09,570 [Listener at 127.0.0.1/42455] INFO  http.HttpServer2 (HttpServer2.java:addFilter(1005)) - Added filter static_user_filter (class=org.apache.hadoop.http.lib.StaticUserWebFilter$StaticUserFilter) to context hddsDatanode
2022-07-30 01:51:09,571 [Listener at 127.0.0.1/42455] INFO  http.HttpServer2 (HttpServer2.java:addFilter(1013)) - Added filter static_user_filter (class=org.apache.hadoop.http.lib.StaticUserWebFilter$StaticUserFilter) to context logs
2022-07-30 01:51:09,571 [Listener at 127.0.0.1/42455] INFO  http.HttpServer2 (HttpServer2.java:addFilter(1013)) - Added filter static_user_filter (class=org.apache.hadoop.http.lib.StaticUserWebFilter$StaticUserFilter) to context static
2022-07-30 01:51:09,595 [Listener at 127.0.0.1/42455] INFO  http.HttpServer2 (HttpServer2.java:bindListener(1248)) - Jetty bound to port 46287
2022-07-30 01:51:09,596 [Listener at 127.0.0.1/42455] INFO  server.Server (Server.java:doStart(375)) - jetty-9.4.43.v20210629; built: 2021-06-30T11:07:22.254Z; git: 526006ecfa3af7f1a27ef3a288e2bef7ea9dd7e8; jvm 1.8.0_332-b09
2022-07-30 01:51:09,604 [Listener at 127.0.0.1/42455] INFO  server.session (DefaultSessionIdManager.java:doStart(334)) - DefaultSessionIdManager workerName=node0
2022-07-30 01:51:09,604 [Listener at 127.0.0.1/42455] INFO  server.session (DefaultSessionIdManager.java:doStart(339)) - No SessionScavenger set, using defaults
2022-07-30 01:51:09,604 [Listener at 127.0.0.1/42455] INFO  server.session (HouseKeeper.java:startScavenging(132)) - node0 Scavenging every 660000ms
2022-07-30 01:51:09,605 [Listener at 127.0.0.1/42455] INFO  handler.ContextHandler (ContextHandler.java:doStart(915)) - Started o.e.j.s.ServletContextHandler@7a9e4532{logs,/logs,file:///home/runner/work/ozone/ozone/hadoop-ozone/integration-test/target/log,AVAILABLE}
2022-07-30 01:51:09,605 [Listener at 127.0.0.1/42455] INFO  handler.ContextHandler (ContextHandler.java:doStart(915)) - Started o.e.j.s.ServletContextHandler@451cd813{static,/static,jar:file:/home/runner/.m2/repository/org/apache/ozone/hdds-container-service/1.3.0-SNAPSHOT/hdds-container-service-1.3.0-SNAPSHOT.jar!/webapps/static,AVAILABLE}
2022-07-30 01:51:10,057 [om1@group-C5BA1605619E-FollowerState] INFO  impl.FollowerState (FollowerState.java:run(143)) - om1@group-C5BA1605619E-FollowerState: change to CANDIDATE, lastRpcElapsedTime:1147619068ns, electionTimeout:1144ms
2022-07-30 01:51:10,057 [om1@group-C5BA1605619E-FollowerState] INFO  impl.RoleInfo (RoleInfo.java:shutdownFollowerState(110)) - om1: shutdown om1@group-C5BA1605619E-FollowerState
2022-07-30 01:51:10,057 [om1@group-C5BA1605619E-FollowerState] INFO  server.RaftServer$Division (RaftServerImpl.java:setRole(299)) - om1@group-C5BA1605619E: changes role from  FOLLOWER to CANDIDATE at term 0 for changeToCandidate
2022-07-30 01:51:10,057 [om1@group-C5BA1605619E-FollowerState] INFO  server.RaftServerConfigKeys (ConfUtils.java:logGet(46)) - raft.server.leaderelection.pre-vote = false (custom)
2022-07-30 01:51:10,057 [om1@group-C5BA1605619E-FollowerState] INFO  impl.RoleInfo (RoleInfo.java:updateAndGet(139)) - om1: start om1@group-C5BA1605619E-LeaderElection43
2022-07-30 01:51:10,157 [om1@group-C5BA1605619E-LeaderElection43] INFO  impl.LeaderElection (LeaderElection.java:askForVotes(310)) - om1@group-C5BA1605619E-LeaderElection43 ELECTION round 0: submit vote requests at term 1 for -1: [om1|rpc:localhost:9872|priority:0], old=null
2022-07-30 01:51:10,158 [om1@group-C5BA1605619E-LeaderElection43] INFO  impl.LeaderElection (LeaderElection.java:askForVotes(312)) - om1@group-C5BA1605619E-LeaderElection43 ELECTION round 0: result PASSED (term=1)
2022-07-30 01:51:10,158 [om1@group-C5BA1605619E-LeaderElection43] INFO  impl.RoleInfo (RoleInfo.java:shutdownLeaderElection(130)) - om1: shutdown om1@group-C5BA1605619E-LeaderElection43
2022-07-30 01:51:10,158 [om1@group-C5BA1605619E-LeaderElection43] INFO  server.RaftServer$Division (RaftServerImpl.java:setRole(299)) - om1@group-C5BA1605619E: changes role from CANDIDATE to LEADER at term 1 for changeToLeader
2022-07-30 01:51:10,158 [om1@group-C5BA1605619E-LeaderElection43] INFO  server.RaftServer$Division (ServerState.java:setLeader(287)) - om1@group-C5BA1605619E: change Leader from null to om1 at term 1 for becomeLeader, leader elected after 2449ms
2022-07-30 01:51:10,158 [om1@group-C5BA1605619E-LeaderElection43] INFO  server.RaftServerConfigKeys (ConfUtils.java:logGet(46)) - raft.server.staging.catchup.gap = 1000 (default)
2022-07-30 01:51:10,158 [om1@group-C5BA1605619E-LeaderElection43] INFO  server.RaftServerConfigKeys (ConfUtils.java:logGet(46)) - raft.server.write.element-limit = 4096 (default)
2022-07-30 01:51:10,158 [om1@group-C5BA1605619E-LeaderElection43] INFO  server.RaftServerConfigKeys (ConfUtils.java:logGet(46)) - raft.server.write.byte-limit = 64MB (=67108864) (default)
2022-07-30 01:51:10,158 [om1@group-C5BA1605619E-LeaderElection43] INFO  server.RaftServerConfigKeys (ConfUtils.java:logGet(46)) - raft.server.watch.timeout = 10s (default)
2022-07-30 01:51:10,159 [om1@group-C5BA1605619E-LeaderElection43] INFO  server.RaftServerConfigKeys (ConfUtils.java:logGet(46)) - raft.server.watch.timeout.denomination = 1s (default)
2022-07-30 01:51:10,159 [om1@group-C5BA1605619E-LeaderElection43] INFO  server.RaftServerConfigKeys (ConfUtils.java:logGet(46)) - raft.server.watch.element-limit = 65536 (default)
2022-07-30 01:51:10,159 [om1@group-C5BA1605619E-LeaderElection43] INFO  server.RaftServerConfigKeys (ConfUtils.java:logGet(46)) - raft.server.write.element-limit = 4096 (default)
2022-07-30 01:51:10,159 [om1@group-C5BA1605619E-LeaderElection43] INFO  server.RaftServerConfigKeys (ConfUtils.java:logGet(46)) - raft.server.write.follower.gap.ratio.max = -1.0 (default)
2022-07-30 01:51:10,159 [om1@group-C5BA1605619E-LeaderElection43] INFO  impl.RoleInfo (RoleInfo.java:updateAndGet(139)) - om1: start om1@group-C5BA1605619E-LeaderStateImpl
2022-07-30 01:51:10,159 [om1@group-C5BA1605619E-LeaderElection43] INFO  segmented.SegmentedRaftLogWorker (SegmentedRaftLogWorker.java:startLogSegment(425)) - om1@group-C5BA1605619E-SegmentedRaftLogWorker: Starting segment from index:0
2022-07-30 01:51:10,174 [om1@group-C5BA1605619E-LeaderElection43] INFO  server.RaftServer$Division (ServerState.java:setRaftConf(393)) - om1@group-C5BA1605619E: set configuration 0: [om1|rpc:localhost:9872|admin:|client:|dataStream:|priority:0], old=null
2022-07-30 01:51:10,177 [om1@group-C5BA1605619E-SegmentedRaftLogWorker] INFO  segmented.SegmentedRaftLogWorker (SegmentedRaftLogWorker.java:execute(629)) - om1@group-C5BA1605619E-SegmentedRaftLogWorker: created new log segment /home/runner/work/ozone/ozone/hadoop-ozone/integration-test/target/test-dir/MiniOzoneClusterImpl-82f5a944-0aea-4e62-8f89-f91bfebfb0a1/ozone-meta/ratis/bf265839-605b-3f16-9796-c5ba1605619e/current/log_inprogress_0
2022-07-30 01:51:10,178 [om1@group-C5BA1605619E-StateMachineUpdater] INFO  ratis.OzoneManagerStateMachine (OzoneManagerStateMachine.java:notifyConfigurationChanged(192)) - Received Configuration change notification from Ratis. New Peer list:
[id: "om1"
address: "localhost:9872"
]
2022-07-30 01:51:10,303 [Listener at 127.0.0.1/42455] INFO  handler.ContextHandler (ContextHandler.java:doStart(915)) - Started o.e.j.w.WebAppContext@62430c20{hddsDatanode,/,file:///tmp/jetty-0_0_0_0-46287-hdds-container-service-1_3_0-SNAPSHOT_jar-_-any-3011370879990719209/webapp/,AVAILABLE}{jar:file:/home/runner/.m2/repository/org/apache/ozone/hdds-container-service/1.3.0-SNAPSHOT/hdds-container-service-1.3.0-SNAPSHOT.jar!/webapps/hddsDatanode}
2022-07-30 01:51:10,322 [Listener at 127.0.0.1/42455] INFO  server.AbstractConnector (AbstractConnector.java:doStart(331)) - Started ServerConnector@d117e88{HTTP/1.1, (http/1.1)}{0.0.0.0:46287}
2022-07-30 01:51:10,323 [Listener at 127.0.0.1/42455] INFO  server.Server (Server.java:doStart(415)) - Started @239701ms
2022-07-30 01:51:10,323 [Listener at 127.0.0.1/42455] WARN  impl.MetricsSystemImpl (MetricsSystemImpl.java:register(279)) - Sink prometheus already exists!
2022-07-30 01:51:10,324 [Listener at 127.0.0.1/42455] INFO  http.BaseHttpServer (BaseHttpServer.java:updateConnectorAddress(329)) - HTTP server of hddsDatanode listening at http://0.0.0.0:46287
2022-07-30 01:51:10,324 [Listener at 127.0.0.1/42455] WARN  impl.MetricRegistriesImpl (MetricRegistriesImpl.java:addReporterRegistration(111)) - New reporters are added after registries were created. Some metrics will be missing from the reporter. Please add reporter before adding any new registry.
2022-07-30 01:51:10,324 [Listener at 127.0.0.1/42455] WARN  impl.MetricRegistriesImpl (MetricRegistriesImpl.java:addReporterRegistration(111)) - New reporters are added after registries were created. Some metrics will be missing from the reporter. Please add reporter before adding any new registry.
2022-07-30 01:51:10,324 [Listener at 127.0.0.1/42455] INFO  impl.MetricsSystemImpl (MetricsSystemImpl.java:init(158)) - HddsDatanode metrics system started (again)
2022-07-30 01:51:10,331 [Datanode State Machine Daemon Thread] INFO  statemachine.DatanodeStateMachine (DatanodeStateMachine.java:lambda$startDaemon$0(492)) - Ozone container server started.
2022-07-30 01:51:10,362 [Listener at 127.0.0.1/42455] INFO  ozone.HddsDatanodeService (HddsDatanodeService.java:start(236)) - HddsDatanodeService host:fv-az297-62.nmf1rxwemy4u5di1sxxf4ejcwb.jx.internal.cloudapp.net ip:10.1.0.37
2022-07-30 01:51:10,376 [org.apache.hadoop.util.JvmPauseMonitor$Monitor@3685ae1e] INFO  util.JvmPauseMonitor (JvmPauseMonitor.java:run(188)) - Starting JVM pause monitor
2022-07-30 01:51:10,379 [Datanode State Machine Task Thread - 0] INFO  datanode.InitDatanodeState (InitDatanodeState.java:persistContainerDatanodeDetails(138)) - DatanodeDetails is persisted to /home/runner/work/ozone/ozone/hadoop-ozone/integration-test/target/test-dir/MiniOzoneClusterImpl-82f5a944-0aea-4e62-8f89-f91bfebfb0a1/datanode-0/meta/datanode.id
2022-07-30 01:51:10,460 [Listener at 127.0.0.1/42455] INFO  upgrade.AbstractLayoutVersionManager (AbstractLayoutVersionManager.java:init(83)) - Initializing Layout version manager with metadata layout = DATANODE_SCHEMA_V3 (version = 4), software layout = DATANODE_SCHEMA_V3 (version = 4)
2022-07-30 01:51:10,561 [Listener at 127.0.0.1/42455] INFO  reflections.Reflections (Reflections.java:scan(232)) - Reflections took 99 ms to scan 7 urls, producing 132 keys and 321 values 
2022-07-30 01:51:10,562 [Listener at 127.0.0.1/42455] INFO  statemachine.DatanodeStateMachine (DatanodeStateMachine.java:getEndPointTaskThreadPoolSize(237)) - Datanode State Machine Task Thread Pool size 2
2022-07-30 01:51:10,581 [Listener at 127.0.0.1/42455] INFO  volume.HddsVolume (HddsVolume.java:<init>(116)) - Creating HddsVolume: /home/runner/work/ozone/ozone/hadoop-ozone/integration-test/target/test-dir/MiniOzoneClusterImpl-82f5a944-0aea-4e62-8f89-f91bfebfb0a1/datanode-1/data-0/containers/hdds of storage type : DISK capacity : 9223372036854775807
2022-07-30 01:51:10,581 [Listener at 127.0.0.1/42455] INFO  volume.MutableVolumeSet (MutableVolumeSet.java:initializeVolumeSet(174)) - Added Volume : /home/runner/work/ozone/ozone/hadoop-ozone/integration-test/target/test-dir/MiniOzoneClusterImpl-82f5a944-0aea-4e62-8f89-f91bfebfb0a1/datanode-1/data-0/containers/hdds to VolumeSet
2022-07-30 01:51:10,581 [Listener at 127.0.0.1/42455] INFO  volume.ThrottledAsyncChecker (ThrottledAsyncChecker.java:schedule(141)) - Scheduling a check for /home/runner/work/ozone/ozone/hadoop-ozone/integration-test/target/test-dir/MiniOzoneClusterImpl-82f5a944-0aea-4e62-8f89-f91bfebfb0a1/datanode-1/data-0/containers/hdds
2022-07-30 01:51:10,591 [Listener at 127.0.0.1/42455] INFO  volume.StorageVolumeChecker (StorageVolumeChecker.java:checkAllVolumes(202)) - Scheduled health check for volume /home/runner/work/ozone/ozone/hadoop-ozone/integration-test/target/test-dir/MiniOzoneClusterImpl-82f5a944-0aea-4e62-8f89-f91bfebfb0a1/datanode-1/data-0/containers/hdds
2022-07-30 01:51:10,605 [Listener at 127.0.0.1/42455] INFO  volume.MutableVolumeSet (MutableVolumeSet.java:initializeVolumeSet(174)) - Added Volume : /home/runner/work/ozone/ozone/hadoop-ozone/integration-test/target/test-dir/MiniOzoneClusterImpl-82f5a944-0aea-4e62-8f89-f91bfebfb0a1/datanode-1/data/ratis to VolumeSet
2022-07-30 01:51:10,605 [Listener at 127.0.0.1/42455] INFO  volume.ThrottledAsyncChecker (ThrottledAsyncChecker.java:schedule(141)) - Scheduling a check for /home/runner/work/ozone/ozone/hadoop-ozone/integration-test/target/test-dir/MiniOzoneClusterImpl-82f5a944-0aea-4e62-8f89-f91bfebfb0a1/datanode-1/data/ratis
2022-07-30 01:51:10,605 [Listener at 127.0.0.1/42455] INFO  volume.StorageVolumeChecker (StorageVolumeChecker.java:checkAllVolumes(202)) - Scheduled health check for volume /home/runner/work/ozone/ozone/hadoop-ozone/integration-test/target/test-dir/MiniOzoneClusterImpl-82f5a944-0aea-4e62-8f89-f91bfebfb0a1/datanode-1/data/ratis
2022-07-30 01:51:10,617 [Thread-1696] INFO  ozoneimpl.ContainerReader (ContainerReader.java:readVolume(175)) - Finish verifying containers on volume /home/runner/work/ozone/ozone/hadoop-ozone/integration-test/target/test-dir/MiniOzoneClusterImpl-82f5a944-0aea-4e62-8f89-f91bfebfb0a1/datanode-1/data-0/containers/hdds
2022-07-30 01:51:10,617 [Listener at 127.0.0.1/42455] INFO  ozoneimpl.OzoneContainer (OzoneContainer.java:buildContainerSet(299)) - Build ContainerSet costs 0s
2022-07-30 01:51:10,619 [Listener at 127.0.0.1/42455] INFO  server.RaftServer (ConfUtils.java:logGet(46)) - raft.rpc.type = GRPC (default)
2022-07-30 01:51:10,630 [Listener at 127.0.0.1/42455] INFO  grpc.GrpcFactory (GrpcFactory.java:checkPooledByteBufAllocatorUseCacheForAllThreads(48)) - PERFORMANCE WARNING: useCacheForAllThreads is true that may cause Netty to create a lot garbage objects and, as a result, trigger GC.
	It is recommended to disable useCacheForAllThreads by setting -Dorg.apache.ratis.thirdparty.io.netty.allocator.useCacheForAllThreads=false in command line.
2022-07-30 01:51:10,630 [Listener at 127.0.0.1/42455] INFO  grpc.GrpcConfigKeys (ConfUtils.java:logGet(46)) - raft.grpc.admin.port = 0 (custom)
2022-07-30 01:51:10,632 [Listener at 127.0.0.1/42455] INFO  grpc.GrpcConfigKeys (ConfUtils.java:logGet(46)) - raft.grpc.client.port = 0 (custom)
2022-07-30 01:51:10,632 [Listener at 127.0.0.1/42455] INFO  grpc.GrpcConfigKeys (ConfUtils.java:logGet(46)) - raft.grpc.server.port = 0 (default)
2022-07-30 01:51:10,645 [Listener at 127.0.0.1/42455] INFO  server.GrpcService (ConfUtils.java:logGet(46)) - raft.grpc.message.size.max = 32MB (=33554432) (custom)
2022-07-30 01:51:10,645 [Listener at 127.0.0.1/42455] INFO  server.RaftServerConfigKeys (ConfUtils.java:logGet(46)) - raft.server.log.appender.buffer.byte-limit = 33554432 (custom)
2022-07-30 01:51:10,645 [Listener at 127.0.0.1/42455] INFO  server.GrpcService (ConfUtils.java:logGet(46)) - raft.grpc.flow.control.window = 5MB (=5242880) (custom)
2022-07-30 01:51:10,646 [Listener at 127.0.0.1/42455] INFO  server.RaftServerConfigKeys (ConfUtils.java:logGet(46)) - raft.server.rpc.request.timeout = 60s (custom)
2022-07-30 01:51:10,646 [Listener at 127.0.0.1/42455] INFO  grpc.GrpcConfigKeys (ConfUtils.java:logGet(46)) - raft.grpc.server.async.request.thread.pool.cached = true (default)
2022-07-30 01:51:10,646 [Listener at 127.0.0.1/42455] INFO  grpc.GrpcConfigKeys (ConfUtils.java:logGet(46)) - raft.grpc.server.async.request.thread.pool.size = 32 (default)
2022-07-30 01:51:10,647 [Listener at 127.0.0.1/42455] INFO  impl.DataStreamServerImpl (ConfUtils.java:logGet(46)) - raft.datastream.type = DISABLED (default)
2022-07-30 01:51:10,655 [Listener at 127.0.0.1/42455] INFO  server.RaftServerConfigKeys (ConfUtils.java:logGet(46)) - raft.server.threadpool.proxy.cached = true (default)
2022-07-30 01:51:10,656 [Listener at 127.0.0.1/42455] INFO  server.RaftServerConfigKeys (ConfUtils.java:logGet(46)) - raft.server.threadpool.proxy.size = 0 (default)
2022-07-30 01:51:10,656 [Listener at 127.0.0.1/42455] INFO  server.RaftServerConfigKeys (ConfUtils.java:logGet(46)) - raft.server.rpc.slowness.timeout = 300s (custom)
2022-07-30 01:51:10,656 [Listener at 127.0.0.1/42455] INFO  server.RaftServerConfigKeys (ConfUtils.java:logGet(46)) - raft.server.leaderelection.leader.step-down.wait-time = 10s (default)
2022-07-30 01:51:10,656 [Listener at 127.0.0.1/42455] INFO  server.RaftServerConfigKeys (ConfUtils.java:logGet(46)) - raft.server.storage.dir = [/home/runner/work/ozone/ozone/hadoop-ozone/integration-test/target/test-dir/MiniOzoneClusterImpl-82f5a944-0aea-4e62-8f89-f91bfebfb0a1/datanode-1/data/ratis] (custom)
2022-07-30 01:51:10,681 [Listener at 127.0.0.1/42455] INFO  server.XceiverServerGrpc (XceiverServerGrpc.java:<init>(132)) - GrpcServer channel type EpollServerSocketChannel
2022-07-30 01:51:10,692 [Listener at 127.0.0.1/42455] INFO  http.BaseHttpServer (BaseHttpServer.java:newHttpServer2BuilderForOzone(209)) - Starting Web-server for hddsDatanode at: http://0.0.0.0:0
2022-07-30 01:51:10,692 [Listener at 127.0.0.1/42455] INFO  http.BaseHttpServer (BaseHttpServer.java:<init>(107)) - Hadoop Security Enabled: false Ozone Security Enabled: false Ozone HTTP Security Enabled: false 
2022-07-30 01:51:10,693 [Listener at 127.0.0.1/42455] INFO  server.AuthenticationFilter (AuthenticationFilter.java:constructSecretProvider(240)) - Unable to initialize FileSignerSecretProvider, falling back to use random secrets.
2022-07-30 01:51:10,708 [Listener at 127.0.0.1/42455] WARN  http.HttpRequestLog (HttpRequestLog.java:getRequestLog(103)) - Jetty request log can only be enabled using Log4j
2022-07-30 01:51:10,709 [Listener at 127.0.0.1/42455] INFO  http.HttpServer2 (HttpServer2.java:addGlobalFilter(1029)) - Added global filter 'safety' (class=org.apache.hadoop.hdds.server.http.HttpServer2$QuotingInputFilter)
2022-07-30 01:51:10,710 [Listener at 127.0.0.1/42455] INFO  http.HttpServer2 (HttpServer2.java:addFilter(1005)) - Added filter static_user_filter (class=org.apache.hadoop.http.lib.StaticUserWebFilter$StaticUserFilter) to context hddsDatanode
2022-07-30 01:51:10,710 [Listener at 127.0.0.1/42455] INFO  http.HttpServer2 (HttpServer2.java:addFilter(1013)) - Added filter static_user_filter (class=org.apache.hadoop.http.lib.StaticUserWebFilter$StaticUserFilter) to context logs
2022-07-30 01:51:10,710 [Listener at 127.0.0.1/42455] INFO  http.HttpServer2 (HttpServer2.java:addFilter(1013)) - Added filter static_user_filter (class=org.apache.hadoop.http.lib.StaticUserWebFilter$StaticUserFilter) to context static
2022-07-30 01:51:10,711 [Listener at 127.0.0.1/42455] INFO  http.HttpServer2 (HttpServer2.java:bindListener(1248)) - Jetty bound to port 37423
2022-07-30 01:51:10,711 [Listener at 127.0.0.1/42455] INFO  server.Server (Server.java:doStart(375)) - jetty-9.4.43.v20210629; built: 2021-06-30T11:07:22.254Z; git: 526006ecfa3af7f1a27ef3a288e2bef7ea9dd7e8; jvm 1.8.0_332-b09
2022-07-30 01:51:10,713 [Listener at 127.0.0.1/42455] INFO  server.session (DefaultSessionIdManager.java:doStart(334)) - DefaultSessionIdManager workerName=node0
2022-07-30 01:51:10,714 [Listener at 127.0.0.1/42455] INFO  server.session (DefaultSessionIdManager.java:doStart(339)) - No SessionScavenger set, using defaults
2022-07-30 01:51:10,714 [Listener at 127.0.0.1/42455] INFO  server.session (HouseKeeper.java:startScavenging(132)) - node0 Scavenging every 660000ms
2022-07-30 01:51:10,714 [Listener at 127.0.0.1/42455] INFO  handler.ContextHandler (ContextHandler.java:doStart(915)) - Started o.e.j.s.ServletContextHandler@867fd56{logs,/logs,file:///home/runner/work/ozone/ozone/hadoop-ozone/integration-test/target/log,AVAILABLE}
2022-07-30 01:51:10,715 [Listener at 127.0.0.1/42455] INFO  handler.ContextHandler (ContextHandler.java:doStart(915)) - Started o.e.j.s.ServletContextHandler@25a47b1c{static,/static,jar:file:/home/runner/.m2/repository/org/apache/ozone/hdds-container-service/1.3.0-SNAPSHOT/hdds-container-service-1.3.0-SNAPSHOT.jar!/webapps/static,AVAILABLE}
2022-07-30 01:51:11,178 [Listener at 127.0.0.1/42455] INFO  handler.ContextHandler (ContextHandler.java:doStart(915)) - Started o.e.j.w.WebAppContext@68b31aa2{hddsDatanode,/,file:///tmp/jetty-0_0_0_0-37423-hdds-container-service-1_3_0-SNAPSHOT_jar-_-any-4190354295624157494/webapp/,AVAILABLE}{jar:file:/home/runner/.m2/repository/org/apache/ozone/hdds-container-service/1.3.0-SNAPSHOT/hdds-container-service-1.3.0-SNAPSHOT.jar!/webapps/hddsDatanode}
2022-07-30 01:51:11,192 [Listener at 127.0.0.1/42455] INFO  server.AbstractConnector (AbstractConnector.java:doStart(331)) - Started ServerConnector@69e34852{HTTP/1.1, (http/1.1)}{0.0.0.0:37423}
2022-07-30 01:51:11,192 [Listener at 127.0.0.1/42455] INFO  server.Server (Server.java:doStart(415)) - Started @240571ms
2022-07-30 01:51:11,192 [Listener at 127.0.0.1/42455] WARN  impl.MetricsSystemImpl (MetricsSystemImpl.java:register(279)) - Sink prometheus already exists!
2022-07-30 01:51:11,193 [Listener at 127.0.0.1/42455] INFO  http.BaseHttpServer (BaseHttpServer.java:updateConnectorAddress(329)) - HTTP server of hddsDatanode listening at http://0.0.0.0:37423
2022-07-30 01:51:11,195 [Listener at 127.0.0.1/42455] WARN  impl.MetricRegistriesImpl (MetricRegistriesImpl.java:addReporterRegistration(111)) - New reporters are added after registries were created. Some metrics will be missing from the reporter. Please add reporter before adding any new registry.
2022-07-30 01:51:11,195 [Listener at 127.0.0.1/42455] WARN  impl.MetricRegistriesImpl (MetricRegistriesImpl.java:addReporterRegistration(111)) - New reporters are added after registries were created. Some metrics will be missing from the reporter. Please add reporter before adding any new registry.
2022-07-30 01:51:11,195 [Listener at 127.0.0.1/42455] INFO  impl.MetricsSystemImpl (MetricsSystemImpl.java:init(158)) - HddsDatanode metrics system started (again)
2022-07-30 01:51:11,217 [Listener at 127.0.0.1/42455] INFO  ozone.HddsDatanodeService (HddsDatanodeService.java:start(236)) - HddsDatanodeService host:fv-az297-62.nmf1rxwemy4u5di1sxxf4ejcwb.jx.internal.cloudapp.net ip:10.1.0.37
2022-07-30 01:51:11,224 [Datanode State Machine Daemon Thread] INFO  statemachine.DatanodeStateMachine (DatanodeStateMachine.java:lambda$startDaemon$0(492)) - Ozone container server started.
2022-07-30 01:51:11,240 [org.apache.hadoop.util.JvmPauseMonitor$Monitor@587456ba] INFO  util.JvmPauseMonitor (JvmPauseMonitor.java:run(188)) - Starting JVM pause monitor
2022-07-30 01:51:11,252 [Datanode State Machine Task Thread - 0] INFO  datanode.InitDatanodeState (InitDatanodeState.java:persistContainerDatanodeDetails(138)) - DatanodeDetails is persisted to /home/runner/work/ozone/ozone/hadoop-ozone/integration-test/target/test-dir/MiniOzoneClusterImpl-82f5a944-0aea-4e62-8f89-f91bfebfb0a1/datanode-1/meta/datanode.id
2022-07-30 01:51:11,292 [Listener at 127.0.0.1/42455] INFO  upgrade.AbstractLayoutVersionManager (AbstractLayoutVersionManager.java:init(83)) - Initializing Layout version manager with metadata layout = DATANODE_SCHEMA_V3 (version = 4), software layout = DATANODE_SCHEMA_V3 (version = 4)
2022-07-30 01:51:11,405 [Listener at 127.0.0.1/42455] INFO  reflections.Reflections (Reflections.java:scan(232)) - Reflections took 112 ms to scan 7 urls, producing 132 keys and 321 values 
2022-07-30 01:51:11,408 [Listener at 127.0.0.1/42455] INFO  statemachine.DatanodeStateMachine (DatanodeStateMachine.java:getEndPointTaskThreadPoolSize(237)) - Datanode State Machine Task Thread Pool size 2
2022-07-30 01:51:11,409 [Listener at 127.0.0.1/42455] INFO  volume.HddsVolume (HddsVolume.java:<init>(116)) - Creating HddsVolume: /home/runner/work/ozone/ozone/hadoop-ozone/integration-test/target/test-dir/MiniOzoneClusterImpl-82f5a944-0aea-4e62-8f89-f91bfebfb0a1/datanode-2/data-0/containers/hdds of storage type : DISK capacity : 9223372036854775807
2022-07-30 01:51:11,409 [Listener at 127.0.0.1/42455] INFO  volume.MutableVolumeSet (MutableVolumeSet.java:initializeVolumeSet(174)) - Added Volume : /home/runner/work/ozone/ozone/hadoop-ozone/integration-test/target/test-dir/MiniOzoneClusterImpl-82f5a944-0aea-4e62-8f89-f91bfebfb0a1/datanode-2/data-0/containers/hdds to VolumeSet
2022-07-30 01:51:11,410 [Listener at 127.0.0.1/42455] INFO  volume.ThrottledAsyncChecker (ThrottledAsyncChecker.java:schedule(141)) - Scheduling a check for /home/runner/work/ozone/ozone/hadoop-ozone/integration-test/target/test-dir/MiniOzoneClusterImpl-82f5a944-0aea-4e62-8f89-f91bfebfb0a1/datanode-2/data-0/containers/hdds
2022-07-30 01:51:11,427 [Listener at 127.0.0.1/42455] INFO  volume.StorageVolumeChecker (StorageVolumeChecker.java:checkAllVolumes(202)) - Scheduled health check for volume /home/runner/work/ozone/ozone/hadoop-ozone/integration-test/target/test-dir/MiniOzoneClusterImpl-82f5a944-0aea-4e62-8f89-f91bfebfb0a1/datanode-2/data-0/containers/hdds
2022-07-30 01:51:11,439 [Listener at 127.0.0.1/42455] INFO  volume.MutableVolumeSet (MutableVolumeSet.java:initializeVolumeSet(174)) - Added Volume : /home/runner/work/ozone/ozone/hadoop-ozone/integration-test/target/test-dir/MiniOzoneClusterImpl-82f5a944-0aea-4e62-8f89-f91bfebfb0a1/datanode-2/data/ratis to VolumeSet
2022-07-30 01:51:11,439 [Listener at 127.0.0.1/42455] INFO  volume.ThrottledAsyncChecker (ThrottledAsyncChecker.java:schedule(141)) - Scheduling a check for /home/runner/work/ozone/ozone/hadoop-ozone/integration-test/target/test-dir/MiniOzoneClusterImpl-82f5a944-0aea-4e62-8f89-f91bfebfb0a1/datanode-2/data/ratis
2022-07-30 01:51:11,440 [Listener at 127.0.0.1/42455] INFO  volume.StorageVolumeChecker (StorageVolumeChecker.java:checkAllVolumes(202)) - Scheduled health check for volume /home/runner/work/ozone/ozone/hadoop-ozone/integration-test/target/test-dir/MiniOzoneClusterImpl-82f5a944-0aea-4e62-8f89-f91bfebfb0a1/datanode-2/data/ratis
2022-07-30 01:51:11,470 [Thread-1709] INFO  ozoneimpl.ContainerReader (ContainerReader.java:readVolume(175)) - Finish verifying containers on volume /home/runner/work/ozone/ozone/hadoop-ozone/integration-test/target/test-dir/MiniOzoneClusterImpl-82f5a944-0aea-4e62-8f89-f91bfebfb0a1/datanode-2/data-0/containers/hdds
2022-07-30 01:51:11,470 [Listener at 127.0.0.1/42455] INFO  ozoneimpl.OzoneContainer (OzoneContainer.java:buildContainerSet(299)) - Build ContainerSet costs 0s
2022-07-30 01:51:11,472 [Listener at 127.0.0.1/42455] INFO  server.RaftServer (ConfUtils.java:logGet(46)) - raft.rpc.type = GRPC (default)
2022-07-30 01:51:11,472 [Listener at 127.0.0.1/42455] INFO  grpc.GrpcFactory (GrpcFactory.java:checkPooledByteBufAllocatorUseCacheForAllThreads(48)) - PERFORMANCE WARNING: useCacheForAllThreads is true that may cause Netty to create a lot garbage objects and, as a result, trigger GC.
	It is recommended to disable useCacheForAllThreads by setting -Dorg.apache.ratis.thirdparty.io.netty.allocator.useCacheForAllThreads=false in command line.
2022-07-30 01:51:11,472 [Listener at 127.0.0.1/42455] INFO  grpc.GrpcConfigKeys (ConfUtils.java:logGet(46)) - raft.grpc.admin.port = 0 (custom)
2022-07-30 01:51:11,472 [Listener at 127.0.0.1/42455] INFO  grpc.GrpcConfigKeys (ConfUtils.java:logGet(46)) - raft.grpc.client.port = 0 (custom)
2022-07-30 01:51:11,472 [Listener at 127.0.0.1/42455] INFO  grpc.GrpcConfigKeys (ConfUtils.java:logGet(46)) - raft.grpc.server.port = 0 (default)
2022-07-30 01:51:11,472 [Listener at 127.0.0.1/42455] INFO  server.GrpcService (ConfUtils.java:logGet(46)) - raft.grpc.message.size.max = 32MB (=33554432) (custom)
2022-07-30 01:51:11,473 [Listener at 127.0.0.1/42455] INFO  server.RaftServerConfigKeys (ConfUtils.java:logGet(46)) - raft.server.log.appender.buffer.byte-limit = 33554432 (custom)
2022-07-30 01:51:11,473 [Listener at 127.0.0.1/42455] INFO  server.GrpcService (ConfUtils.java:logGet(46)) - raft.grpc.flow.control.window = 5MB (=5242880) (custom)
2022-07-30 01:51:11,473 [Listener at 127.0.0.1/42455] INFO  server.RaftServerConfigKeys (ConfUtils.java:logGet(46)) - raft.server.rpc.request.timeout = 60s (custom)
2022-07-30 01:51:11,473 [Listener at 127.0.0.1/42455] INFO  grpc.GrpcConfigKeys (ConfUtils.java:logGet(46)) - raft.grpc.server.async.request.thread.pool.cached = true (default)
2022-07-30 01:51:11,473 [Listener at 127.0.0.1/42455] INFO  grpc.GrpcConfigKeys (ConfUtils.java:logGet(46)) - raft.grpc.server.async.request.thread.pool.size = 32 (default)
2022-07-30 01:51:11,476 [Listener at 127.0.0.1/42455] INFO  impl.DataStreamServerImpl (ConfUtils.java:logGet(46)) - raft.datastream.type = DISABLED (default)
2022-07-30 01:51:11,476 [Listener at 127.0.0.1/42455] INFO  server.RaftServerConfigKeys (ConfUtils.java:logGet(46)) - raft.server.threadpool.proxy.cached = true (default)
2022-07-30 01:51:11,476 [Listener at 127.0.0.1/42455] INFO  server.RaftServerConfigKeys (ConfUtils.java:logGet(46)) - raft.server.threadpool.proxy.size = 0 (default)
2022-07-30 01:51:11,476 [Listener at 127.0.0.1/42455] INFO  server.RaftServerConfigKeys (ConfUtils.java:logGet(46)) - raft.server.rpc.slowness.timeout = 300s (custom)
2022-07-30 01:51:11,477 [Listener at 127.0.0.1/42455] INFO  server.RaftServerConfigKeys (ConfUtils.java:logGet(46)) - raft.server.leaderelection.leader.step-down.wait-time = 10s (default)
2022-07-30 01:51:11,477 [Listener at 127.0.0.1/42455] INFO  server.RaftServerConfigKeys (ConfUtils.java:logGet(46)) - raft.server.storage.dir = [/home/runner/work/ozone/ozone/hadoop-ozone/integration-test/target/test-dir/MiniOzoneClusterImpl-82f5a944-0aea-4e62-8f89-f91bfebfb0a1/datanode-2/data/ratis] (custom)
2022-07-30 01:51:11,485 [Listener at 127.0.0.1/42455] INFO  server.XceiverServerGrpc (XceiverServerGrpc.java:<init>(132)) - GrpcServer channel type EpollServerSocketChannel
2022-07-30 01:51:11,541 [Listener at 127.0.0.1/42455] INFO  http.BaseHttpServer (BaseHttpServer.java:newHttpServer2BuilderForOzone(209)) - Starting Web-server for hddsDatanode at: http://0.0.0.0:0
2022-07-30 01:51:11,541 [Listener at 127.0.0.1/42455] INFO  http.BaseHttpServer (BaseHttpServer.java:<init>(107)) - Hadoop Security Enabled: false Ozone Security Enabled: false Ozone HTTP Security Enabled: false 
2022-07-30 01:51:11,542 [Listener at 127.0.0.1/42455] INFO  server.AuthenticationFilter (AuthenticationFilter.java:constructSecretProvider(240)) - Unable to initialize FileSignerSecretProvider, falling back to use random secrets.
2022-07-30 01:51:11,548 [Listener at 127.0.0.1/42455] WARN  http.HttpRequestLog (HttpRequestLog.java:getRequestLog(103)) - Jetty request log can only be enabled using Log4j
2022-07-30 01:51:11,551 [Listener at 127.0.0.1/42455] INFO  http.HttpServer2 (HttpServer2.java:addGlobalFilter(1029)) - Added global filter 'safety' (class=org.apache.hadoop.hdds.server.http.HttpServer2$QuotingInputFilter)
2022-07-30 01:51:11,551 [Listener at 127.0.0.1/42455] INFO  http.HttpServer2 (HttpServer2.java:addFilter(1005)) - Added filter static_user_filter (class=org.apache.hadoop.http.lib.StaticUserWebFilter$StaticUserFilter) to context hddsDatanode
2022-07-30 01:51:11,551 [Listener at 127.0.0.1/42455] INFO  http.HttpServer2 (HttpServer2.java:addFilter(1013)) - Added filter static_user_filter (class=org.apache.hadoop.http.lib.StaticUserWebFilter$StaticUserFilter) to context static
2022-07-30 01:51:11,552 [Listener at 127.0.0.1/42455] INFO  http.HttpServer2 (HttpServer2.java:addFilter(1013)) - Added filter static_user_filter (class=org.apache.hadoop.http.lib.StaticUserWebFilter$StaticUserFilter) to context logs
2022-07-30 01:51:11,552 [Listener at 127.0.0.1/42455] INFO  http.HttpServer2 (HttpServer2.java:bindListener(1248)) - Jetty bound to port 38583
2022-07-30 01:51:11,552 [Listener at 127.0.0.1/42455] INFO  server.Server (Server.java:doStart(375)) - jetty-9.4.43.v20210629; built: 2021-06-30T11:07:22.254Z; git: 526006ecfa3af7f1a27ef3a288e2bef7ea9dd7e8; jvm 1.8.0_332-b09
2022-07-30 01:51:11,622 [Listener at 127.0.0.1/42455] INFO  server.session (DefaultSessionIdManager.java:doStart(334)) - DefaultSessionIdManager workerName=node0
2022-07-30 01:51:11,622 [Listener at 127.0.0.1/42455] INFO  server.session (DefaultSessionIdManager.java:doStart(339)) - No SessionScavenger set, using defaults
2022-07-30 01:51:11,623 [Listener at 127.0.0.1/42455] INFO  server.session (HouseKeeper.java:startScavenging(132)) - node0 Scavenging every 600000ms
2022-07-30 01:51:11,624 [Listener at 127.0.0.1/42455] INFO  handler.ContextHandler (ContextHandler.java:doStart(915)) - Started o.e.j.s.ServletContextHandler@d8d9c7a{logs,/logs,file:///home/runner/work/ozone/ozone/hadoop-ozone/integration-test/target/log,AVAILABLE}
2022-07-30 01:51:11,624 [Listener at 127.0.0.1/42455] INFO  handler.ContextHandler (ContextHandler.java:doStart(915)) - Started o.e.j.s.ServletContextHandler@eb1d961{static,/static,jar:file:/home/runner/.m2/repository/org/apache/ozone/hdds-container-service/1.3.0-SNAPSHOT/hdds-container-service-1.3.0-SNAPSHOT.jar!/webapps/static,AVAILABLE}
2022-07-30 01:51:12,160 [Listener at 127.0.0.1/42455] INFO  handler.ContextHandler (ContextHandler.java:doStart(915)) - Started o.e.j.w.WebAppContext@2bcd5abf{hddsDatanode,/,file:///tmp/jetty-0_0_0_0-38583-hdds-container-service-1_3_0-SNAPSHOT_jar-_-any-5112219973447737627/webapp/,AVAILABLE}{jar:file:/home/runner/.m2/repository/org/apache/ozone/hdds-container-service/1.3.0-SNAPSHOT/hdds-container-service-1.3.0-SNAPSHOT.jar!/webapps/hddsDatanode}
2022-07-30 01:51:12,163 [Listener at 127.0.0.1/42455] INFO  server.AbstractConnector (AbstractConnector.java:doStart(331)) - Started ServerConnector@9ed2b30{HTTP/1.1, (http/1.1)}{0.0.0.0:38583}
2022-07-30 01:51:12,163 [Listener at 127.0.0.1/42455] INFO  server.Server (Server.java:doStart(415)) - Started @241541ms
2022-07-30 01:51:12,163 [Listener at 127.0.0.1/42455] WARN  impl.MetricsSystemImpl (MetricsSystemImpl.java:register(279)) - Sink prometheus already exists!
2022-07-30 01:51:12,164 [Listener at 127.0.0.1/42455] INFO  http.BaseHttpServer (BaseHttpServer.java:updateConnectorAddress(329)) - HTTP server of hddsDatanode listening at http://0.0.0.0:38583
2022-07-30 01:51:12,164 [Listener at 127.0.0.1/42455] WARN  impl.MetricRegistriesImpl (MetricRegistriesImpl.java:addReporterRegistration(111)) - New reporters are added after registries were created. Some metrics will be missing from the reporter. Please add reporter before adding any new registry.
2022-07-30 01:51:12,164 [Listener at 127.0.0.1/42455] WARN  impl.MetricRegistriesImpl (MetricRegistriesImpl.java:addReporterRegistration(111)) - New reporters are added after registries were created. Some metrics will be missing from the reporter. Please add reporter before adding any new registry.
2022-07-30 01:51:12,164 [Listener at 127.0.0.1/42455] INFO  impl.MetricsSystemImpl (MetricsSystemImpl.java:init(158)) - HddsDatanode metrics system started (again)
2022-07-30 01:51:12,177 [Datanode State Machine Daemon Thread] INFO  statemachine.DatanodeStateMachine (DatanodeStateMachine.java:lambda$startDaemon$0(492)) - Ozone container server started.
2022-07-30 01:51:12,263 [org.apache.hadoop.util.JvmPauseMonitor$Monitor@19b4e264] INFO  util.JvmPauseMonitor (JvmPauseMonitor.java:run(188)) - Starting JVM pause monitor
2022-07-30 01:51:12,264 [Listener at 127.0.0.1/42455] INFO  ozone.HddsDatanodeService (HddsDatanodeService.java:start(236)) - HddsDatanodeService host:fv-az297-62.nmf1rxwemy4u5di1sxxf4ejcwb.jx.internal.cloudapp.net ip:10.1.0.37
2022-07-30 01:51:12,267 [Datanode State Machine Task Thread - 0] INFO  datanode.InitDatanodeState (InitDatanodeState.java:persistContainerDatanodeDetails(138)) - DatanodeDetails is persisted to /home/runner/work/ozone/ozone/hadoop-ozone/integration-test/target/test-dir/MiniOzoneClusterImpl-82f5a944-0aea-4e62-8f89-f91bfebfb0a1/datanode-2/meta/datanode.id
2022-07-30 01:51:12,334 [Listener at 127.0.0.1/42455] INFO  upgrade.AbstractLayoutVersionManager (AbstractLayoutVersionManager.java:init(83)) - Initializing Layout version manager with metadata layout = DATANODE_SCHEMA_V3 (version = 4), software layout = DATANODE_SCHEMA_V3 (version = 4)
2022-07-30 01:51:12,445 [Listener at 127.0.0.1/42455] INFO  reflections.Reflections (Reflections.java:scan(232)) - Reflections took 110 ms to scan 7 urls, producing 132 keys and 321 values 
2022-07-30 01:51:12,447 [Listener at 127.0.0.1/42455] INFO  statemachine.DatanodeStateMachine (DatanodeStateMachine.java:getEndPointTaskThreadPoolSize(237)) - Datanode State Machine Task Thread Pool size 2
2022-07-30 01:51:12,448 [Listener at 127.0.0.1/42455] INFO  volume.HddsVolume (HddsVolume.java:<init>(116)) - Creating HddsVolume: /home/runner/work/ozone/ozone/hadoop-ozone/integration-test/target/test-dir/MiniOzoneClusterImpl-82f5a944-0aea-4e62-8f89-f91bfebfb0a1/datanode-3/data-0/containers/hdds of storage type : DISK capacity : 9223372036854775807
2022-07-30 01:51:12,449 [Listener at 127.0.0.1/42455] INFO  volume.MutableVolumeSet (MutableVolumeSet.java:initializeVolumeSet(174)) - Added Volume : /home/runner/work/ozone/ozone/hadoop-ozone/integration-test/target/test-dir/MiniOzoneClusterImpl-82f5a944-0aea-4e62-8f89-f91bfebfb0a1/datanode-3/data-0/containers/hdds to VolumeSet
2022-07-30 01:51:12,449 [Listener at 127.0.0.1/42455] INFO  volume.ThrottledAsyncChecker (ThrottledAsyncChecker.java:schedule(141)) - Scheduling a check for /home/runner/work/ozone/ozone/hadoop-ozone/integration-test/target/test-dir/MiniOzoneClusterImpl-82f5a944-0aea-4e62-8f89-f91bfebfb0a1/datanode-3/data-0/containers/hdds
2022-07-30 01:51:12,449 [Listener at 127.0.0.1/42455] INFO  volume.StorageVolumeChecker (StorageVolumeChecker.java:checkAllVolumes(202)) - Scheduled health check for volume /home/runner/work/ozone/ozone/hadoop-ozone/integration-test/target/test-dir/MiniOzoneClusterImpl-82f5a944-0aea-4e62-8f89-f91bfebfb0a1/datanode-3/data-0/containers/hdds
2022-07-30 01:51:12,466 [Listener at 127.0.0.1/42455] INFO  volume.MutableVolumeSet (MutableVolumeSet.java:initializeVolumeSet(174)) - Added Volume : /home/runner/work/ozone/ozone/hadoop-ozone/integration-test/target/test-dir/MiniOzoneClusterImpl-82f5a944-0aea-4e62-8f89-f91bfebfb0a1/datanode-3/data/ratis to VolumeSet
2022-07-30 01:51:12,466 [Listener at 127.0.0.1/42455] INFO  volume.ThrottledAsyncChecker (ThrottledAsyncChecker.java:schedule(141)) - Scheduling a check for /home/runner/work/ozone/ozone/hadoop-ozone/integration-test/target/test-dir/MiniOzoneClusterImpl-82f5a944-0aea-4e62-8f89-f91bfebfb0a1/datanode-3/data/ratis
2022-07-30 01:51:12,467 [Listener at 127.0.0.1/42455] INFO  volume.StorageVolumeChecker (StorageVolumeChecker.java:checkAllVolumes(202)) - Scheduled health check for volume /home/runner/work/ozone/ozone/hadoop-ozone/integration-test/target/test-dir/MiniOzoneClusterImpl-82f5a944-0aea-4e62-8f89-f91bfebfb0a1/datanode-3/data/ratis
2022-07-30 01:51:12,504 [EndpointStateMachine task thread for /0.0.0.0:45389 - 0 ] INFO  volume.HddsVolume (HddsVolume.java:createDbStore(309)) - SchemaV3 db is created and loaded at /home/runner/work/ozone/ozone/hadoop-ozone/integration-test/target/test-dir/MiniOzoneClusterImpl-82f5a944-0aea-4e62-8f89-f91bfebfb0a1/datanode-0/data-0/containers/hdds/82f5a944-0aea-4e62-8f89-f91bfebfb0a1/DS-695f8c9d-19a4-4746-a4d8-8815b08a3a5d/container.db for volume DS-695f8c9d-19a4-4746-a4d8-8815b08a3a5d
2022-07-30 01:51:12,509 [EndpointStateMachine task thread for /0.0.0.0:45389 - 0 ] INFO  volume.HddsVolume (HddsVolume.java:closeDbStore(340)) - SchemaV3 db is stopped at /home/runner/work/ozone/ozone/hadoop-ozone/integration-test/target/test-dir/MiniOzoneClusterImpl-82f5a944-0aea-4e62-8f89-f91bfebfb0a1/datanode-0/data-0/containers/hdds/82f5a944-0aea-4e62-8f89-f91bfebfb0a1/DS-695f8c9d-19a4-4746-a4d8-8815b08a3a5d/container.db for volume DS-695f8c9d-19a4-4746-a4d8-8815b08a3a5d
2022-07-30 01:51:12,525 [Thread-1723] INFO  ozoneimpl.ContainerReader (ContainerReader.java:readVolume(175)) - Finish verifying containers on volume /home/runner/work/ozone/ozone/hadoop-ozone/integration-test/target/test-dir/MiniOzoneClusterImpl-82f5a944-0aea-4e62-8f89-f91bfebfb0a1/datanode-3/data-0/containers/hdds
2022-07-30 01:51:12,527 [EndpointStateMachine task thread for /0.0.0.0:45389 - 0 ] INFO  ozoneimpl.OzoneContainer (OzoneContainer.java:start(377)) - Attempting to start container services.
2022-07-30 01:51:12,528 [EndpointStateMachine task thread for /0.0.0.0:45389 - 0 ] INFO  ozoneimpl.OzoneContainer (OzoneContainer.java:startContainerScrub(312)) - Background container scanner has been disabled.
2022-07-30 01:51:12,528 [Listener at 127.0.0.1/42455] INFO  ozoneimpl.OzoneContainer (OzoneContainer.java:buildContainerSet(299)) - Build ContainerSet costs 0s
2022-07-30 01:51:12,534 [EndpointStateMachine task thread for /0.0.0.0:45389 - 0 ] INFO  replication.ReplicationServer (ReplicationServer.java:start(111)) - ReplicationServer is started using port 45777
2022-07-30 01:51:12,535 [EndpointStateMachine task thread for /0.0.0.0:45389 - 0 ] INFO  ratis.XceiverServerRatis (XceiverServerRatis.java:start(481)) - Starting XceiverServerRatis 764da7f4-576c-4739-b8ba-4f387767ddcb
2022-07-30 01:51:12,535 [EndpointStateMachine task thread for /0.0.0.0:45389 - 0 ] INFO  server.RaftServer (RaftServerProxy.java:lambda$start$6(382)) - 764da7f4-576c-4739-b8ba-4f387767ddcb: start RPC server
2022-07-30 01:51:12,549 [EndpointStateMachine task thread for /0.0.0.0:45389 - 0 ] INFO  server.GrpcService (GrpcService.java:startImpl(260)) - 764da7f4-576c-4739-b8ba-4f387767ddcb: GrpcService started, listening on 40341
2022-07-30 01:51:12,549 [EndpointStateMachine task thread for /0.0.0.0:45389 - 0 ] INFO  ratis.XceiverServerRatis (XceiverServerRatis.java:getRealPort(502)) - XceiverServerRatis 764da7f4-576c-4739-b8ba-4f387767ddcb is started using port 40341 for RATIS
2022-07-30 01:51:12,549 [EndpointStateMachine task thread for /0.0.0.0:45389 - 0 ] INFO  ratis.XceiverServerRatis (XceiverServerRatis.java:getRealPort(502)) - XceiverServerRatis 764da7f4-576c-4739-b8ba-4f387767ddcb is started using port 40341 for RATIS_ADMIN
2022-07-30 01:51:12,549 [EndpointStateMachine task thread for /0.0.0.0:45389 - 0 ] INFO  ratis.XceiverServerRatis (XceiverServerRatis.java:getRealPort(502)) - XceiverServerRatis 764da7f4-576c-4739-b8ba-4f387767ddcb is started using port 40341 for RATIS_SERVER
2022-07-30 01:51:12,550 [org.apache.ratis.util.JvmPauseMonitor$$Lambda$615/1033062816@37c8f1ed] INFO  util.JvmPauseMonitor (JvmPauseMonitor.java:run(103)) - JvmPauseMonitor-764da7f4-576c-4739-b8ba-4f387767ddcb: Started
2022-07-30 01:51:12,568 [Listener at 127.0.0.1/42455] INFO  server.RaftServer (ConfUtils.java:logGet(46)) - raft.rpc.type = GRPC (default)
2022-07-30 01:51:12,568 [Listener at 127.0.0.1/42455] INFO  grpc.GrpcFactory (GrpcFactory.java:checkPooledByteBufAllocatorUseCacheForAllThreads(48)) - PERFORMANCE WARNING: useCacheForAllThreads is true that may cause Netty to create a lot garbage objects and, as a result, trigger GC.
	It is recommended to disable useCacheForAllThreads by setting -Dorg.apache.ratis.thirdparty.io.netty.allocator.useCacheForAllThreads=false in command line.
2022-07-30 01:51:12,568 [Listener at 127.0.0.1/42455] INFO  grpc.GrpcConfigKeys (ConfUtils.java:logGet(46)) - raft.grpc.admin.port = 0 (custom)
2022-07-30 01:51:12,568 [Listener at 127.0.0.1/42455] INFO  grpc.GrpcConfigKeys (ConfUtils.java:logGet(46)) - raft.grpc.client.port = 0 (custom)
2022-07-30 01:51:12,568 [Listener at 127.0.0.1/42455] INFO  grpc.GrpcConfigKeys (ConfUtils.java:logGet(46)) - raft.grpc.server.port = 0 (default)
2022-07-30 01:51:12,568 [Listener at 127.0.0.1/42455] INFO  server.GrpcService (ConfUtils.java:logGet(46)) - raft.grpc.message.size.max = 32MB (=33554432) (custom)
2022-07-30 01:51:12,568 [Listener at 127.0.0.1/42455] INFO  server.RaftServerConfigKeys (ConfUtils.java:logGet(46)) - raft.server.log.appender.buffer.byte-limit = 33554432 (custom)
2022-07-30 01:51:12,569 [Listener at 127.0.0.1/42455] INFO  server.GrpcService (ConfUtils.java:logGet(46)) - raft.grpc.flow.control.window = 5MB (=5242880) (custom)
2022-07-30 01:51:12,569 [Listener at 127.0.0.1/42455] INFO  server.RaftServerConfigKeys (ConfUtils.java:logGet(46)) - raft.server.rpc.request.timeout = 60s (custom)
2022-07-30 01:51:12,569 [Listener at 127.0.0.1/42455] INFO  grpc.GrpcConfigKeys (ConfUtils.java:logGet(46)) - raft.grpc.server.async.request.thread.pool.cached = true (default)
2022-07-30 01:51:12,569 [Listener at 127.0.0.1/42455] INFO  grpc.GrpcConfigKeys (ConfUtils.java:logGet(46)) - raft.grpc.server.async.request.thread.pool.size = 32 (default)
2022-07-30 01:51:12,597 [Listener at 127.0.0.1/42455] INFO  impl.DataStreamServerImpl (ConfUtils.java:logGet(46)) - raft.datastream.type = DISABLED (default)
2022-07-30 01:51:12,598 [Listener at 127.0.0.1/42455] INFO  server.RaftServerConfigKeys (ConfUtils.java:logGet(46)) - raft.server.threadpool.proxy.cached = true (default)
2022-07-30 01:51:12,598 [Listener at 127.0.0.1/42455] INFO  server.RaftServerConfigKeys (ConfUtils.java:logGet(46)) - raft.server.threadpool.proxy.size = 0 (default)
2022-07-30 01:51:12,598 [Listener at 127.0.0.1/42455] INFO  server.RaftServerConfigKeys (ConfUtils.java:logGet(46)) - raft.server.rpc.slowness.timeout = 300s (custom)
2022-07-30 01:51:12,598 [Listener at 127.0.0.1/42455] INFO  server.RaftServerConfigKeys (ConfUtils.java:logGet(46)) - raft.server.leaderelection.leader.step-down.wait-time = 10s (default)
2022-07-30 01:51:12,598 [Listener at 127.0.0.1/42455] INFO  server.RaftServerConfigKeys (ConfUtils.java:logGet(46)) - raft.server.storage.dir = [/home/runner/work/ozone/ozone/hadoop-ozone/integration-test/target/test-dir/MiniOzoneClusterImpl-82f5a944-0aea-4e62-8f89-f91bfebfb0a1/datanode-3/data/ratis] (custom)
2022-07-30 01:51:12,600 [EndpointStateMachine task thread for /0.0.0.0:45389 - 0 ] INFO  server.XceiverServerGrpc (XceiverServerGrpc.java:start(180)) - XceiverServerGrpc 764da7f4-576c-4739-b8ba-4f387767ddcb is started using port 46769
2022-07-30 01:51:12,602 [Listener at 127.0.0.1/42455] INFO  server.XceiverServerGrpc (XceiverServerGrpc.java:<init>(132)) - GrpcServer channel type EpollServerSocketChannel
2022-07-30 01:51:12,629 [Listener at 127.0.0.1/42455] INFO  http.BaseHttpServer (BaseHttpServer.java:newHttpServer2BuilderForOzone(209)) - Starting Web-server for hddsDatanode at: http://0.0.0.0:0
2022-07-30 01:51:12,629 [Listener at 127.0.0.1/42455] INFO  http.BaseHttpServer (BaseHttpServer.java:<init>(107)) - Hadoop Security Enabled: false Ozone Security Enabled: false Ozone HTTP Security Enabled: false 
2022-07-30 01:51:12,630 [Listener at 127.0.0.1/42455] INFO  server.AuthenticationFilter (AuthenticationFilter.java:constructSecretProvider(240)) - Unable to initialize FileSignerSecretProvider, falling back to use random secrets.
2022-07-30 01:51:12,643 [Listener at 127.0.0.1/42455] WARN  http.HttpRequestLog (HttpRequestLog.java:getRequestLog(103)) - Jetty request log can only be enabled using Log4j
2022-07-30 01:51:12,647 [Listener at 127.0.0.1/42455] INFO  http.HttpServer2 (HttpServer2.java:addGlobalFilter(1029)) - Added global filter 'safety' (class=org.apache.hadoop.hdds.server.http.HttpServer2$QuotingInputFilter)
2022-07-30 01:51:12,647 [Listener at 127.0.0.1/42455] INFO  http.HttpServer2 (HttpServer2.java:addFilter(1005)) - Added filter static_user_filter (class=org.apache.hadoop.http.lib.StaticUserWebFilter$StaticUserFilter) to context hddsDatanode
2022-07-30 01:51:12,647 [Listener at 127.0.0.1/42455] INFO  http.HttpServer2 (HttpServer2.java:addFilter(1013)) - Added filter static_user_filter (class=org.apache.hadoop.http.lib.StaticUserWebFilter$StaticUserFilter) to context static
2022-07-30 01:51:12,648 [Listener at 127.0.0.1/42455] INFO  http.HttpServer2 (HttpServer2.java:addFilter(1013)) - Added filter static_user_filter (class=org.apache.hadoop.http.lib.StaticUserWebFilter$StaticUserFilter) to context logs
2022-07-30 01:51:12,652 [Listener at 127.0.0.1/42455] INFO  http.HttpServer2 (HttpServer2.java:bindListener(1248)) - Jetty bound to port 36157
2022-07-30 01:51:12,652 [Listener at 127.0.0.1/42455] INFO  server.Server (Server.java:doStart(375)) - jetty-9.4.43.v20210629; built: 2021-06-30T11:07:22.254Z; git: 526006ecfa3af7f1a27ef3a288e2bef7ea9dd7e8; jvm 1.8.0_332-b09
2022-07-30 01:51:12,662 [Listener at 127.0.0.1/42455] INFO  server.session (DefaultSessionIdManager.java:doStart(334)) - DefaultSessionIdManager workerName=node0
2022-07-30 01:51:12,662 [Listener at 127.0.0.1/42455] INFO  server.session (DefaultSessionIdManager.java:doStart(339)) - No SessionScavenger set, using defaults
2022-07-30 01:51:12,662 [Listener at 127.0.0.1/42455] INFO  server.session (HouseKeeper.java:startScavenging(132)) - node0 Scavenging every 660000ms
2022-07-30 01:51:12,663 [Listener at 127.0.0.1/42455] INFO  handler.ContextHandler (ContextHandler.java:doStart(915)) - Started o.e.j.s.ServletContextHandler@4d93b0cf{logs,/logs,file:///home/runner/work/ozone/ozone/hadoop-ozone/integration-test/target/log,AVAILABLE}
2022-07-30 01:51:12,663 [Listener at 127.0.0.1/42455] INFO  handler.ContextHandler (ContextHandler.java:doStart(915)) - Started o.e.j.s.ServletContextHandler@2dbe0f6c{static,/static,jar:file:/home/runner/.m2/repository/org/apache/ozone/hdds-container-service/1.3.0-SNAPSHOT/hdds-container-service-1.3.0-SNAPSHOT.jar!/webapps/static,AVAILABLE}
2022-07-30 01:51:13,033 [Listener at 127.0.0.1/42455] INFO  handler.ContextHandler (ContextHandler.java:doStart(915)) - Started o.e.j.w.WebAppContext@643b1df9{hddsDatanode,/,file:///tmp/jetty-0_0_0_0-36157-hdds-container-service-1_3_0-SNAPSHOT_jar-_-any-2350979591643866964/webapp/,AVAILABLE}{jar:file:/home/runner/.m2/repository/org/apache/ozone/hdds-container-service/1.3.0-SNAPSHOT/hdds-container-service-1.3.0-SNAPSHOT.jar!/webapps/hddsDatanode}
2022-07-30 01:51:13,062 [Listener at 127.0.0.1/42455] INFO  server.AbstractConnector (AbstractConnector.java:doStart(331)) - Started ServerConnector@1240dda0{HTTP/1.1, (http/1.1)}{0.0.0.0:36157}
2022-07-30 01:51:13,063 [Listener at 127.0.0.1/42455] INFO  server.Server (Server.java:doStart(415)) - Started @242441ms
2022-07-30 01:51:13,063 [Listener at 127.0.0.1/42455] WARN  impl.MetricsSystemImpl (MetricsSystemImpl.java:register(279)) - Sink prometheus already exists!
2022-07-30 01:51:13,064 [Listener at 127.0.0.1/42455] INFO  http.BaseHttpServer (BaseHttpServer.java:updateConnectorAddress(329)) - HTTP server of hddsDatanode listening at http://0.0.0.0:36157
2022-07-30 01:51:13,076 [Listener at 127.0.0.1/42455] WARN  impl.MetricRegistriesImpl (MetricRegistriesImpl.java:addReporterRegistration(111)) - New reporters are added after registries were created. Some metrics will be missing from the reporter. Please add reporter before adding any new registry.
2022-07-30 01:51:13,076 [Listener at 127.0.0.1/42455] WARN  impl.MetricRegistriesImpl (MetricRegistriesImpl.java:addReporterRegistration(111)) - New reporters are added after registries were created. Some metrics will be missing from the reporter. Please add reporter before adding any new registry.
2022-07-30 01:51:13,076 [Listener at 127.0.0.1/42455] INFO  impl.MetricsSystemImpl (MetricsSystemImpl.java:init(158)) - HddsDatanode metrics system started (again)
2022-07-30 01:51:13,087 [Datanode State Machine Daemon Thread] INFO  statemachine.DatanodeStateMachine (DatanodeStateMachine.java:lambda$startDaemon$0(492)) - Ozone container server started.
2022-07-30 01:51:13,101 [Listener at 127.0.0.1/42455] INFO  ozone.HddsDatanodeService (HddsDatanodeService.java:start(236)) - HddsDatanodeService host:fv-az297-62.nmf1rxwemy4u5di1sxxf4ejcwb.jx.internal.cloudapp.net ip:10.1.0.37
2022-07-30 01:51:13,146 [org.apache.hadoop.util.JvmPauseMonitor$Monitor@3a6c94e0] INFO  util.JvmPauseMonitor (JvmPauseMonitor.java:run(188)) - Starting JVM pause monitor
2022-07-30 01:51:13,149 [Datanode State Machine Task Thread - 0] INFO  datanode.InitDatanodeState (InitDatanodeState.java:persistContainerDatanodeDetails(138)) - DatanodeDetails is persisted to /home/runner/work/ozone/ozone/hadoop-ozone/integration-test/target/test-dir/MiniOzoneClusterImpl-82f5a944-0aea-4e62-8f89-f91bfebfb0a1/datanode-3/meta/datanode.id
2022-07-30 01:51:13,180 [Listener at 127.0.0.1/42455] INFO  upgrade.AbstractLayoutVersionManager (AbstractLayoutVersionManager.java:init(83)) - Initializing Layout version manager with metadata layout = DATANODE_SCHEMA_V3 (version = 4), software layout = DATANODE_SCHEMA_V3 (version = 4)
2022-07-30 01:51:13,298 [Listener at 127.0.0.1/42455] INFO  reflections.Reflections (Reflections.java:scan(232)) - Reflections took 117 ms to scan 7 urls, producing 132 keys and 321 values 
2022-07-30 01:51:13,306 [Listener at 127.0.0.1/42455] INFO  statemachine.DatanodeStateMachine (DatanodeStateMachine.java:getEndPointTaskThreadPoolSize(237)) - Datanode State Machine Task Thread Pool size 2
2022-07-30 01:51:13,308 [Listener at 127.0.0.1/42455] INFO  volume.HddsVolume (HddsVolume.java:<init>(116)) - Creating HddsVolume: /home/runner/work/ozone/ozone/hadoop-ozone/integration-test/target/test-dir/MiniOzoneClusterImpl-82f5a944-0aea-4e62-8f89-f91bfebfb0a1/datanode-4/data-0/containers/hdds of storage type : DISK capacity : 9223372036854775807
2022-07-30 01:51:13,308 [Listener at 127.0.0.1/42455] INFO  volume.MutableVolumeSet (MutableVolumeSet.java:initializeVolumeSet(174)) - Added Volume : /home/runner/work/ozone/ozone/hadoop-ozone/integration-test/target/test-dir/MiniOzoneClusterImpl-82f5a944-0aea-4e62-8f89-f91bfebfb0a1/datanode-4/data-0/containers/hdds to VolumeSet
2022-07-30 01:51:13,308 [Listener at 127.0.0.1/42455] INFO  volume.ThrottledAsyncChecker (ThrottledAsyncChecker.java:schedule(141)) - Scheduling a check for /home/runner/work/ozone/ozone/hadoop-ozone/integration-test/target/test-dir/MiniOzoneClusterImpl-82f5a944-0aea-4e62-8f89-f91bfebfb0a1/datanode-4/data-0/containers/hdds
2022-07-30 01:51:13,309 [Listener at 127.0.0.1/42455] INFO  volume.StorageVolumeChecker (StorageVolumeChecker.java:checkAllVolumes(202)) - Scheduled health check for volume /home/runner/work/ozone/ozone/hadoop-ozone/integration-test/target/test-dir/MiniOzoneClusterImpl-82f5a944-0aea-4e62-8f89-f91bfebfb0a1/datanode-4/data-0/containers/hdds
2022-07-30 01:51:13,323 [Listener at 127.0.0.1/42455] INFO  volume.MutableVolumeSet (MutableVolumeSet.java:initializeVolumeSet(174)) - Added Volume : /home/runner/work/ozone/ozone/hadoop-ozone/integration-test/target/test-dir/MiniOzoneClusterImpl-82f5a944-0aea-4e62-8f89-f91bfebfb0a1/datanode-4/data/ratis to VolumeSet
2022-07-30 01:51:13,324 [Listener at 127.0.0.1/42455] INFO  volume.ThrottledAsyncChecker (ThrottledAsyncChecker.java:schedule(141)) - Scheduling a check for /home/runner/work/ozone/ozone/hadoop-ozone/integration-test/target/test-dir/MiniOzoneClusterImpl-82f5a944-0aea-4e62-8f89-f91bfebfb0a1/datanode-4/data/ratis
2022-07-30 01:51:13,324 [Listener at 127.0.0.1/42455] INFO  volume.StorageVolumeChecker (StorageVolumeChecker.java:checkAllVolumes(202)) - Scheduled health check for volume /home/runner/work/ozone/ozone/hadoop-ozone/integration-test/target/test-dir/MiniOzoneClusterImpl-82f5a944-0aea-4e62-8f89-f91bfebfb0a1/datanode-4/data/ratis
2022-07-30 01:51:13,359 [Thread-1741] INFO  ozoneimpl.ContainerReader (ContainerReader.java:readVolume(175)) - Finish verifying containers on volume /home/runner/work/ozone/ozone/hadoop-ozone/integration-test/target/test-dir/MiniOzoneClusterImpl-82f5a944-0aea-4e62-8f89-f91bfebfb0a1/datanode-4/data-0/containers/hdds
2022-07-30 01:51:13,359 [Listener at 127.0.0.1/42455] INFO  ozoneimpl.OzoneContainer (OzoneContainer.java:buildContainerSet(299)) - Build ContainerSet costs 0s
2022-07-30 01:51:13,362 [Listener at 127.0.0.1/42455] INFO  server.RaftServer (ConfUtils.java:logGet(46)) - raft.rpc.type = GRPC (default)
2022-07-30 01:51:13,362 [Listener at 127.0.0.1/42455] INFO  grpc.GrpcFactory (GrpcFactory.java:checkPooledByteBufAllocatorUseCacheForAllThreads(48)) - PERFORMANCE WARNING: useCacheForAllThreads is true that may cause Netty to create a lot garbage objects and, as a result, trigger GC.
	It is recommended to disable useCacheForAllThreads by setting -Dorg.apache.ratis.thirdparty.io.netty.allocator.useCacheForAllThreads=false in command line.
2022-07-30 01:51:13,362 [Listener at 127.0.0.1/42455] INFO  grpc.GrpcConfigKeys (ConfUtils.java:logGet(46)) - raft.grpc.admin.port = 0 (custom)
2022-07-30 01:51:13,362 [Listener at 127.0.0.1/42455] INFO  grpc.GrpcConfigKeys (ConfUtils.java:logGet(46)) - raft.grpc.client.port = 0 (custom)
2022-07-30 01:51:13,362 [Listener at 127.0.0.1/42455] INFO  grpc.GrpcConfigKeys (ConfUtils.java:logGet(46)) - raft.grpc.server.port = 0 (default)
2022-07-30 01:51:13,363 [Listener at 127.0.0.1/42455] INFO  server.GrpcService (ConfUtils.java:logGet(46)) - raft.grpc.message.size.max = 32MB (=33554432) (custom)
2022-07-30 01:51:13,363 [Listener at 127.0.0.1/42455] INFO  server.RaftServerConfigKeys (ConfUtils.java:logGet(46)) - raft.server.log.appender.buffer.byte-limit = 33554432 (custom)
2022-07-30 01:51:13,363 [Listener at 127.0.0.1/42455] INFO  server.GrpcService (ConfUtils.java:logGet(46)) - raft.grpc.flow.control.window = 5MB (=5242880) (custom)
2022-07-30 01:51:13,363 [Listener at 127.0.0.1/42455] INFO  server.RaftServerConfigKeys (ConfUtils.java:logGet(46)) - raft.server.rpc.request.timeout = 60s (custom)
2022-07-30 01:51:13,363 [Listener at 127.0.0.1/42455] INFO  grpc.GrpcConfigKeys (ConfUtils.java:logGet(46)) - raft.grpc.server.async.request.thread.pool.cached = true (default)
2022-07-30 01:51:13,363 [Listener at 127.0.0.1/42455] INFO  grpc.GrpcConfigKeys (ConfUtils.java:logGet(46)) - raft.grpc.server.async.request.thread.pool.size = 32 (default)
2022-07-30 01:51:13,365 [Listener at 127.0.0.1/42455] INFO  impl.DataStreamServerImpl (ConfUtils.java:logGet(46)) - raft.datastream.type = DISABLED (default)
2022-07-30 01:51:13,365 [Listener at 127.0.0.1/42455] INFO  server.RaftServerConfigKeys (ConfUtils.java:logGet(46)) - raft.server.threadpool.proxy.cached = true (default)
2022-07-30 01:51:13,365 [Listener at 127.0.0.1/42455] INFO  server.RaftServerConfigKeys (ConfUtils.java:logGet(46)) - raft.server.threadpool.proxy.size = 0 (default)
2022-07-30 01:51:13,365 [Listener at 127.0.0.1/42455] INFO  server.RaftServerConfigKeys (ConfUtils.java:logGet(46)) - raft.server.rpc.slowness.timeout = 300s (custom)
2022-07-30 01:51:13,365 [Listener at 127.0.0.1/42455] INFO  server.RaftServerConfigKeys (ConfUtils.java:logGet(46)) - raft.server.leaderelection.leader.step-down.wait-time = 10s (default)
2022-07-30 01:51:13,365 [Listener at 127.0.0.1/42455] INFO  server.RaftServerConfigKeys (ConfUtils.java:logGet(46)) - raft.server.storage.dir = [/home/runner/work/ozone/ozone/hadoop-ozone/integration-test/target/test-dir/MiniOzoneClusterImpl-82f5a944-0aea-4e62-8f89-f91bfebfb0a1/datanode-4/data/ratis] (custom)
2022-07-30 01:51:13,367 [Listener at 127.0.0.1/42455] INFO  server.XceiverServerGrpc (XceiverServerGrpc.java:<init>(132)) - GrpcServer channel type EpollServerSocketChannel
2022-07-30 01:51:13,423 [Listener at 127.0.0.1/42455] INFO  http.BaseHttpServer (BaseHttpServer.java:newHttpServer2BuilderForOzone(209)) - Starting Web-server for hddsDatanode at: http://0.0.0.0:0
2022-07-30 01:51:13,423 [Listener at 127.0.0.1/42455] INFO  http.BaseHttpServer (BaseHttpServer.java:<init>(107)) - Hadoop Security Enabled: false Ozone Security Enabled: false Ozone HTTP Security Enabled: false 
2022-07-30 01:51:13,424 [Listener at 127.0.0.1/42455] INFO  server.AuthenticationFilter (AuthenticationFilter.java:constructSecretProvider(240)) - Unable to initialize FileSignerSecretProvider, falling back to use random secrets.
2022-07-30 01:51:13,468 [EndpointStateMachine task thread for /0.0.0.0:45389 - 0 ] INFO  volume.HddsVolume (HddsVolume.java:createDbStore(309)) - SchemaV3 db is created and loaded at /home/runner/work/ozone/ozone/hadoop-ozone/integration-test/target/test-dir/MiniOzoneClusterImpl-82f5a944-0aea-4e62-8f89-f91bfebfb0a1/datanode-1/data-0/containers/hdds/82f5a944-0aea-4e62-8f89-f91bfebfb0a1/DS-dff7800d-1e61-4ae5-bfc2-50c5b9123eb4/container.db for volume DS-dff7800d-1e61-4ae5-bfc2-50c5b9123eb4
2022-07-30 01:51:13,476 [EndpointStateMachine task thread for /0.0.0.0:45389 - 0 ] INFO  volume.HddsVolume (HddsVolume.java:closeDbStore(340)) - SchemaV3 db is stopped at /home/runner/work/ozone/ozone/hadoop-ozone/integration-test/target/test-dir/MiniOzoneClusterImpl-82f5a944-0aea-4e62-8f89-f91bfebfb0a1/datanode-1/data-0/containers/hdds/82f5a944-0aea-4e62-8f89-f91bfebfb0a1/DS-dff7800d-1e61-4ae5-bfc2-50c5b9123eb4/container.db for volume DS-dff7800d-1e61-4ae5-bfc2-50c5b9123eb4
2022-07-30 01:51:13,477 [EndpointStateMachine task thread for /0.0.0.0:45389 - 0 ] INFO  ozoneimpl.OzoneContainer (OzoneContainer.java:start(377)) - Attempting to start container services.
2022-07-30 01:51:13,477 [EndpointStateMachine task thread for /0.0.0.0:45389 - 0 ] INFO  ozoneimpl.OzoneContainer (OzoneContainer.java:startContainerScrub(312)) - Background container scanner has been disabled.
2022-07-30 01:51:13,479 [EndpointStateMachine task thread for /0.0.0.0:45389 - 0 ] INFO  replication.ReplicationServer (ReplicationServer.java:start(111)) - ReplicationServer is started using port 39821
2022-07-30 01:51:13,479 [Listener at 127.0.0.1/42455] WARN  http.HttpRequestLog (HttpRequestLog.java:getRequestLog(103)) - Jetty request log can only be enabled using Log4j
2022-07-30 01:51:13,480 [Listener at 127.0.0.1/42455] INFO  http.HttpServer2 (HttpServer2.java:addGlobalFilter(1029)) - Added global filter 'safety' (class=org.apache.hadoop.hdds.server.http.HttpServer2$QuotingInputFilter)
2022-07-30 01:51:13,481 [Listener at 127.0.0.1/42455] INFO  http.HttpServer2 (HttpServer2.java:addFilter(1005)) - Added filter static_user_filter (class=org.apache.hadoop.http.lib.StaticUserWebFilter$StaticUserFilter) to context hddsDatanode
2022-07-30 01:51:13,481 [Listener at 127.0.0.1/42455] INFO  http.HttpServer2 (HttpServer2.java:addFilter(1013)) - Added filter static_user_filter (class=org.apache.hadoop.http.lib.StaticUserWebFilter$StaticUserFilter) to context logs
2022-07-30 01:51:13,481 [Listener at 127.0.0.1/42455] INFO  http.HttpServer2 (HttpServer2.java:addFilter(1013)) - Added filter static_user_filter (class=org.apache.hadoop.http.lib.StaticUserWebFilter$StaticUserFilter) to context static
2022-07-30 01:51:13,482 [Listener at 127.0.0.1/42455] INFO  http.HttpServer2 (HttpServer2.java:bindListener(1248)) - Jetty bound to port 46249
2022-07-30 01:51:13,482 [Listener at 127.0.0.1/42455] INFO  server.Server (Server.java:doStart(375)) - jetty-9.4.43.v20210629; built: 2021-06-30T11:07:22.254Z; git: 526006ecfa3af7f1a27ef3a288e2bef7ea9dd7e8; jvm 1.8.0_332-b09
2022-07-30 01:51:13,483 [Listener at 127.0.0.1/42455] INFO  server.session (DefaultSessionIdManager.java:doStart(334)) - DefaultSessionIdManager workerName=node0
2022-07-30 01:51:13,483 [Listener at 127.0.0.1/42455] INFO  server.session (DefaultSessionIdManager.java:doStart(339)) - No SessionScavenger set, using defaults
2022-07-30 01:51:13,484 [Listener at 127.0.0.1/42455] INFO  server.session (HouseKeeper.java:startScavenging(132)) - node0 Scavenging every 600000ms
2022-07-30 01:51:13,496 [Listener at 127.0.0.1/42455] INFO  handler.ContextHandler (ContextHandler.java:doStart(915)) - Started o.e.j.s.ServletContextHandler@1868793d{logs,/logs,file:///home/runner/work/ozone/ozone/hadoop-ozone/integration-test/target/log,AVAILABLE}
2022-07-30 01:51:13,496 [Listener at 127.0.0.1/42455] INFO  handler.ContextHandler (ContextHandler.java:doStart(915)) - Started o.e.j.s.ServletContextHandler@3eaea785{static,/static,jar:file:/home/runner/.m2/repository/org/apache/ozone/hdds-container-service/1.3.0-SNAPSHOT/hdds-container-service-1.3.0-SNAPSHOT.jar!/webapps/static,AVAILABLE}
2022-07-30 01:51:13,516 [EndpointStateMachine task thread for /0.0.0.0:45389 - 0 ] INFO  ratis.XceiverServerRatis (XceiverServerRatis.java:start(481)) - Starting XceiverServerRatis da7e3490-bd6e-4553-a90b-b6c1b406431b
2022-07-30 01:51:13,517 [EndpointStateMachine task thread for /0.0.0.0:45389 - 0 ] INFO  server.RaftServer (RaftServerProxy.java:lambda$start$6(382)) - da7e3490-bd6e-4553-a90b-b6c1b406431b: start RPC server
2022-07-30 01:51:13,587 [EndpointStateMachine task thread for /0.0.0.0:45389 - 0 ] INFO  server.GrpcService (GrpcService.java:startImpl(260)) - da7e3490-bd6e-4553-a90b-b6c1b406431b: GrpcService started, listening on 39503
2022-07-30 01:51:13,599 [EndpointStateMachine task thread for /0.0.0.0:45389 - 0 ] INFO  ratis.XceiverServerRatis (XceiverServerRatis.java:getRealPort(502)) - XceiverServerRatis da7e3490-bd6e-4553-a90b-b6c1b406431b is started using port 39503 for RATIS
2022-07-30 01:51:13,599 [EndpointStateMachine task thread for /0.0.0.0:45389 - 0 ] INFO  ratis.XceiverServerRatis (XceiverServerRatis.java:getRealPort(502)) - XceiverServerRatis da7e3490-bd6e-4553-a90b-b6c1b406431b is started using port 39503 for RATIS_ADMIN
2022-07-30 01:51:13,600 [EndpointStateMachine task thread for /0.0.0.0:45389 - 0 ] INFO  ratis.XceiverServerRatis (XceiverServerRatis.java:getRealPort(502)) - XceiverServerRatis da7e3490-bd6e-4553-a90b-b6c1b406431b is started using port 39503 for RATIS_SERVER
2022-07-30 01:51:13,602 [org.apache.ratis.util.JvmPauseMonitor$$Lambda$615/1033062816@fd13bfe] INFO  util.JvmPauseMonitor (JvmPauseMonitor.java:run(103)) - JvmPauseMonitor-da7e3490-bd6e-4553-a90b-b6c1b406431b: Started
2022-07-30 01:51:13,648 [EndpointStateMachine task thread for /0.0.0.0:45389 - 0 ] INFO  server.XceiverServerGrpc (XceiverServerGrpc.java:start(180)) - XceiverServerGrpc da7e3490-bd6e-4553-a90b-b6c1b406431b is started using port 42013
2022-07-30 01:51:13,962 [Listener at 127.0.0.1/42455] INFO  handler.ContextHandler (ContextHandler.java:doStart(915)) - Started o.e.j.w.WebAppContext@21814915{hddsDatanode,/,file:///tmp/jetty-0_0_0_0-46249-hdds-container-service-1_3_0-SNAPSHOT_jar-_-any-3575335299734583469/webapp/,AVAILABLE}{jar:file:/home/runner/.m2/repository/org/apache/ozone/hdds-container-service/1.3.0-SNAPSHOT/hdds-container-service-1.3.0-SNAPSHOT.jar!/webapps/hddsDatanode}
2022-07-30 01:51:14,003 [Listener at 127.0.0.1/42455] INFO  server.AbstractConnector (AbstractConnector.java:doStart(331)) - Started ServerConnector@1453c0f3{HTTP/1.1, (http/1.1)}{0.0.0.0:46249}
2022-07-30 01:51:14,003 [Listener at 127.0.0.1/42455] INFO  server.Server (Server.java:doStart(415)) - Started @243382ms
2022-07-30 01:51:14,003 [Listener at 127.0.0.1/42455] WARN  impl.MetricsSystemImpl (MetricsSystemImpl.java:register(279)) - Sink prometheus already exists!
2022-07-30 01:51:14,019 [Listener at 127.0.0.1/42455] INFO  http.BaseHttpServer (BaseHttpServer.java:updateConnectorAddress(329)) - HTTP server of hddsDatanode listening at http://0.0.0.0:46249
2022-07-30 01:51:14,043 [Listener at 127.0.0.1/42455] INFO  ozone.MiniOzoneClusterImpl (MiniOzoneClusterImpl.java:lambda$waitForClusterToBeReady$0(216)) - Waiting for nodes to be ready. Got 0 of 5 DN Heartbeats.
2022-07-30 01:51:14,043 [Listener at 127.0.0.1/42455] INFO  ozone.MiniOzoneClusterImpl (MiniOzoneClusterImpl.java:lambda$waitForClusterToBeReady$0(219)) - Waiting for cluster to exit safe mode
2022-07-30 01:51:14,043 [Listener at 127.0.0.1/42455] INFO  ozone.MiniOzoneClusterImpl (MiniOzoneClusterImpl.java:lambda$waitForClusterToBeReady$0(221)) - SCM became leader
2022-07-30 01:51:14,044 [Datanode State Machine Daemon Thread] INFO  statemachine.DatanodeStateMachine (DatanodeStateMachine.java:lambda$startDaemon$0(492)) - Ozone container server started.
2022-07-30 01:51:14,140 [org.apache.hadoop.util.JvmPauseMonitor$Monitor@9f6401b] INFO  util.JvmPauseMonitor (JvmPauseMonitor.java:run(188)) - Starting JVM pause monitor
2022-07-30 01:51:14,140 [UnderReplicatedQueueThreadThread] INFO  replication.UnderReplicatedProcessor (UnderReplicatedProcessor.java:processAll(85)) - Processed 0 under replicated containers, failed processing 0
2022-07-30 01:51:14,141 [Datanode State Machine Task Thread - 0] INFO  datanode.InitDatanodeState (InitDatanodeState.java:persistContainerDatanodeDetails(138)) - DatanodeDetails is persisted to /home/runner/work/ozone/ozone/hadoop-ozone/integration-test/target/test-dir/MiniOzoneClusterImpl-82f5a944-0aea-4e62-8f89-f91bfebfb0a1/datanode-4/meta/datanode.id
2022-07-30 01:51:14,153 [OverReplicatedQueueThreadThread] INFO  replication.OverReplicatedProcessor (OverReplicatedProcessor.java:processAll(83)) - Processed 0 over replicated containers, failed processing 0
2022-07-30 01:51:14,381 [IPC Server handler 2 on default port 45389] INFO  net.NetworkTopologyImpl (NetworkTopologyImpl.java:add(112)) - Added a new node: /default-rack/764da7f4-576c-4739-b8ba-4f387767ddcb
2022-07-30 01:51:14,381 [IPC Server handler 2 on default port 45389] INFO  node.SCMNodeManager (SCMNodeManager.java:register(397)) - Registered Data node : 764da7f4-576c-4739-b8ba-4f387767ddcb{ip: 10.1.0.37, host: fv-az297-62.nmf1rxwemy4u5di1sxxf4ejcwb.jx.internal.cloudapp.net, ports: [REPLICATION=45777, RATIS=40341, RATIS_ADMIN=40341, RATIS_SERVER=40341, STANDALONE=46769], networkLocation: /default-rack, certSerialId: null, persistedOpState: null, persistedOpStateExpiryEpochSec: 0}
2022-07-30 01:51:14,388 [EventQueue-NodeRegistrationContainerReportForContainerSafeModeRule] INFO  safemode.SCMSafeModeManager (SCMSafeModeManager.java:validateSafeModeExitRules(204)) - ContainerSafeModeRule rule is successfully validated
2022-07-30 01:51:14,388 [EventQueue-NodeRegistrationContainerReportForDataNodeSafeModeRule] INFO  safemode.SCMSafeModeManager (DataNodeSafeModeRule.java:process(71)) - SCM in safe mode. 1 DataNodes registered, 3 required.
2022-07-30 01:51:14,431 [EventQueue-NewNodeForNewNodeHandler] INFO  pipeline.BackgroundPipelineCreator (BackgroundPipelineCreator.java:notifyEventTriggered(276)) - trigger a one-shot run on RatisPipelineUtilsThread.
2022-07-30 01:51:14,431 [EventQueue-PipelineReportForOneReplicaPipelineSafeModeRule] INFO  safemode.SCMSafeModeManager (SCMSafeModeManager.java:validateSafeModeExitRules(204)) - AtleastOneDatanodeReportedRule rule is successfully validated
2022-07-30 01:51:14,431 [RatisPipelineUtilsThread - 0] INFO  pipeline.RatisPipelineProvider (RatisPipelineProvider.java:lambda$create$0(195)) - Sending CreatePipelineCommand for pipeline:PipelineID=30b72703-133c-40d2-ab60-9c0850e9da61 to datanode:764da7f4-576c-4739-b8ba-4f387767ddcb
2022-07-30 01:51:14,436 [RatisPipelineUtilsThread - 0] INFO  pipeline.PipelineStateManagerImpl (PipelineStateManagerImpl.java:addPipeline(103)) - Created pipeline Pipeline[ Id: 30b72703-133c-40d2-ab60-9c0850e9da61, Nodes: 764da7f4-576c-4739-b8ba-4f387767ddcb{ip: 10.1.0.37, host: fv-az297-62.nmf1rxwemy4u5di1sxxf4ejcwb.jx.internal.cloudapp.net, ports: [REPLICATION=45777, RATIS=40341, RATIS_ADMIN=40341, RATIS_SERVER=40341, STANDALONE=46769], networkLocation: /default-rack, certSerialId: null, persistedOpState: IN_SERVICE, persistedOpStateExpiryEpochSec: 0}, ReplicationConfig: RATIS/ONE, State:ALLOCATED, leaderId:, CreationTimestamp2022-07-30T01:51:14.431Z[Etc/UTC]].
2022-07-30 01:51:14,480 [EndpointStateMachine task thread for /0.0.0.0:45389 - 0 ] INFO  volume.HddsVolume (HddsVolume.java:createDbStore(309)) - SchemaV3 db is created and loaded at /home/runner/work/ozone/ozone/hadoop-ozone/integration-test/target/test-dir/MiniOzoneClusterImpl-82f5a944-0aea-4e62-8f89-f91bfebfb0a1/datanode-2/data-0/containers/hdds/82f5a944-0aea-4e62-8f89-f91bfebfb0a1/DS-382be410-6aef-4b71-9287-e8406017567e/container.db for volume DS-382be410-6aef-4b71-9287-e8406017567e
2022-07-30 01:51:14,480 [EndpointStateMachine task thread for /0.0.0.0:45389 - 0 ] INFO  volume.HddsVolume (HddsVolume.java:closeDbStore(340)) - SchemaV3 db is stopped at /home/runner/work/ozone/ozone/hadoop-ozone/integration-test/target/test-dir/MiniOzoneClusterImpl-82f5a944-0aea-4e62-8f89-f91bfebfb0a1/datanode-2/data-0/containers/hdds/82f5a944-0aea-4e62-8f89-f91bfebfb0a1/DS-382be410-6aef-4b71-9287-e8406017567e/container.db for volume DS-382be410-6aef-4b71-9287-e8406017567e
2022-07-30 01:51:14,480 [EndpointStateMachine task thread for /0.0.0.0:45389 - 0 ] INFO  ozoneimpl.OzoneContainer (OzoneContainer.java:start(377)) - Attempting to start container services.
2022-07-30 01:51:14,480 [EndpointStateMachine task thread for /0.0.0.0:45389 - 0 ] INFO  ozoneimpl.OzoneContainer (OzoneContainer.java:startContainerScrub(312)) - Background container scanner has been disabled.
2022-07-30 01:51:14,502 [EndpointStateMachine task thread for /0.0.0.0:45389 - 0 ] INFO  replication.ReplicationServer (ReplicationServer.java:start(111)) - ReplicationServer is started using port 33749
2022-07-30 01:51:14,503 [EndpointStateMachine task thread for /0.0.0.0:45389 - 0 ] INFO  ratis.XceiverServerRatis (XceiverServerRatis.java:start(481)) - Starting XceiverServerRatis 625bdddd-b23f-4a62-9edb-0ce5ae5b2b03
2022-07-30 01:51:14,555 [EndpointStateMachine task thread for /0.0.0.0:45389 - 0 ] INFO  server.RaftServer (RaftServerProxy.java:lambda$start$6(382)) - 625bdddd-b23f-4a62-9edb-0ce5ae5b2b03: start RPC server
2022-07-30 01:51:14,595 [EndpointStateMachine task thread for /0.0.0.0:45389 - 0 ] INFO  server.GrpcService (GrpcService.java:startImpl(260)) - 625bdddd-b23f-4a62-9edb-0ce5ae5b2b03: GrpcService started, listening on 39839
2022-07-30 01:51:14,595 [EndpointStateMachine task thread for /0.0.0.0:45389 - 0 ] INFO  ratis.XceiverServerRatis (XceiverServerRatis.java:getRealPort(502)) - XceiverServerRatis 625bdddd-b23f-4a62-9edb-0ce5ae5b2b03 is started using port 39839 for RATIS
2022-07-30 01:51:14,595 [EndpointStateMachine task thread for /0.0.0.0:45389 - 0 ] INFO  ratis.XceiverServerRatis (XceiverServerRatis.java:getRealPort(502)) - XceiverServerRatis 625bdddd-b23f-4a62-9edb-0ce5ae5b2b03 is started using port 39839 for RATIS_ADMIN
2022-07-30 01:51:14,595 [EndpointStateMachine task thread for /0.0.0.0:45389 - 0 ] INFO  ratis.XceiverServerRatis (XceiverServerRatis.java:getRealPort(502)) - XceiverServerRatis 625bdddd-b23f-4a62-9edb-0ce5ae5b2b03 is started using port 39839 for RATIS_SERVER
2022-07-30 01:51:14,595 [org.apache.ratis.util.JvmPauseMonitor$$Lambda$615/1033062816@2f545cd0] INFO  util.JvmPauseMonitor (JvmPauseMonitor.java:run(103)) - JvmPauseMonitor-625bdddd-b23f-4a62-9edb-0ce5ae5b2b03: Started
2022-07-30 01:51:14,640 [EndpointStateMachine task thread for /0.0.0.0:45389 - 0 ] INFO  server.XceiverServerGrpc (XceiverServerGrpc.java:start(180)) - XceiverServerGrpc 625bdddd-b23f-4a62-9edb-0ce5ae5b2b03 is started using port 38743
2022-07-30 01:51:15,044 [Listener at 127.0.0.1/42455] INFO  ozone.MiniOzoneClusterImpl (MiniOzoneClusterImpl.java:lambda$waitForClusterToBeReady$0(216)) - Waiting for nodes to be ready. Got 1 of 5 DN Heartbeats.
2022-07-30 01:51:15,044 [Listener at 127.0.0.1/42455] INFO  ozone.MiniOzoneClusterImpl (MiniOzoneClusterImpl.java:lambda$waitForClusterToBeReady$0(219)) - Waiting for cluster to exit safe mode
2022-07-30 01:51:15,044 [Listener at 127.0.0.1/42455] INFO  ozone.MiniOzoneClusterImpl (MiniOzoneClusterImpl.java:lambda$waitForClusterToBeReady$0(221)) - SCM became leader
2022-07-30 01:51:15,243 [IPC Server handler 1 on default port 45389] INFO  net.NetworkTopologyImpl (NetworkTopologyImpl.java:add(112)) - Added a new node: /default-rack/da7e3490-bd6e-4553-a90b-b6c1b406431b
2022-07-30 01:51:15,243 [IPC Server handler 1 on default port 45389] INFO  node.SCMNodeManager (SCMNodeManager.java:register(397)) - Registered Data node : da7e3490-bd6e-4553-a90b-b6c1b406431b{ip: 10.1.0.37, host: fv-az297-62.nmf1rxwemy4u5di1sxxf4ejcwb.jx.internal.cloudapp.net, ports: [REPLICATION=39821, RATIS=39503, RATIS_ADMIN=39503, RATIS_SERVER=39503, STANDALONE=42013], networkLocation: /default-rack, certSerialId: null, persistedOpState: null, persistedOpStateExpiryEpochSec: 0}
2022-07-30 01:51:15,243 [EventQueue-NewNodeForNewNodeHandler] INFO  pipeline.BackgroundPipelineCreator (BackgroundPipelineCreator.java:notifyEventTriggered(276)) - trigger a one-shot run on RatisPipelineUtilsThread.
2022-07-30 01:51:15,275 [EventQueue-NodeRegistrationContainerReportForDataNodeSafeModeRule] INFO  safemode.SCMSafeModeManager (DataNodeSafeModeRule.java:process(71)) - SCM in safe mode. 2 DataNodes registered, 3 required.
2022-07-30 01:51:15,292 [RatisPipelineUtilsThread - 0] INFO  pipeline.RatisPipelineProvider (RatisPipelineProvider.java:lambda$create$0(195)) - Sending CreatePipelineCommand for pipeline:PipelineID=39d0162d-8c61-4d5d-b89a-bc96d2e0ec77 to datanode:da7e3490-bd6e-4553-a90b-b6c1b406431b
2022-07-30 01:51:15,292 [RatisPipelineUtilsThread - 0] INFO  pipeline.PipelineStateManagerImpl (PipelineStateManagerImpl.java:addPipeline(103)) - Created pipeline Pipeline[ Id: 39d0162d-8c61-4d5d-b89a-bc96d2e0ec77, Nodes: da7e3490-bd6e-4553-a90b-b6c1b406431b{ip: 10.1.0.37, host: fv-az297-62.nmf1rxwemy4u5di1sxxf4ejcwb.jx.internal.cloudapp.net, ports: [REPLICATION=39821, RATIS=39503, RATIS_ADMIN=39503, RATIS_SERVER=39503, STANDALONE=42013], networkLocation: /default-rack, certSerialId: null, persistedOpState: IN_SERVICE, persistedOpStateExpiryEpochSec: 0}, ReplicationConfig: RATIS/ONE, State:ALLOCATED, leaderId:, CreationTimestamp2022-07-30T01:51:15.292Z[Etc/UTC]].
2022-07-30 01:51:15,320 [EndpointStateMachine task thread for /0.0.0.0:45389 - 0 ] INFO  volume.HddsVolume (HddsVolume.java:createDbStore(309)) - SchemaV3 db is created and loaded at /home/runner/work/ozone/ozone/hadoop-ozone/integration-test/target/test-dir/MiniOzoneClusterImpl-82f5a944-0aea-4e62-8f89-f91bfebfb0a1/datanode-3/data-0/containers/hdds/82f5a944-0aea-4e62-8f89-f91bfebfb0a1/DS-bb015a70-2302-4ee5-a513-183c682604ef/container.db for volume DS-bb015a70-2302-4ee5-a513-183c682604ef
2022-07-30 01:51:15,321 [EndpointStateMachine task thread for /0.0.0.0:45389 - 0 ] INFO  volume.HddsVolume (HddsVolume.java:closeDbStore(340)) - SchemaV3 db is stopped at /home/runner/work/ozone/ozone/hadoop-ozone/integration-test/target/test-dir/MiniOzoneClusterImpl-82f5a944-0aea-4e62-8f89-f91bfebfb0a1/datanode-3/data-0/containers/hdds/82f5a944-0aea-4e62-8f89-f91bfebfb0a1/DS-bb015a70-2302-4ee5-a513-183c682604ef/container.db for volume DS-bb015a70-2302-4ee5-a513-183c682604ef
2022-07-30 01:51:15,321 [EndpointStateMachine task thread for /0.0.0.0:45389 - 0 ] INFO  ozoneimpl.OzoneContainer (OzoneContainer.java:start(377)) - Attempting to start container services.
2022-07-30 01:51:15,321 [EndpointStateMachine task thread for /0.0.0.0:45389 - 0 ] INFO  ozoneimpl.OzoneContainer (OzoneContainer.java:startContainerScrub(312)) - Background container scanner has been disabled.
2022-07-30 01:51:15,357 [EndpointStateMachine task thread for /0.0.0.0:45389 - 0 ] INFO  replication.ReplicationServer (ReplicationServer.java:start(111)) - ReplicationServer is started using port 39187
2022-07-30 01:51:15,364 [EndpointStateMachine task thread for /0.0.0.0:45389 - 0 ] INFO  ratis.XceiverServerRatis (XceiverServerRatis.java:start(481)) - Starting XceiverServerRatis 90590539-81e8-4913-a697-525e65d2cf7e
2022-07-30 01:51:15,365 [EndpointStateMachine task thread for /0.0.0.0:45389 - 0 ] INFO  server.RaftServer (RaftServerProxy.java:lambda$start$6(382)) - 90590539-81e8-4913-a697-525e65d2cf7e: start RPC server
2022-07-30 01:51:15,377 [EndpointStateMachine task thread for /0.0.0.0:45389 - 0 ] INFO  server.GrpcService (GrpcService.java:startImpl(260)) - 90590539-81e8-4913-a697-525e65d2cf7e: GrpcService started, listening on 42215
2022-07-30 01:51:15,379 [EndpointStateMachine task thread for /0.0.0.0:45389 - 0 ] INFO  ratis.XceiverServerRatis (XceiverServerRatis.java:getRealPort(502)) - XceiverServerRatis 90590539-81e8-4913-a697-525e65d2cf7e is started using port 42215 for RATIS
2022-07-30 01:51:15,379 [EndpointStateMachine task thread for /0.0.0.0:45389 - 0 ] INFO  ratis.XceiverServerRatis (XceiverServerRatis.java:getRealPort(502)) - XceiverServerRatis 90590539-81e8-4913-a697-525e65d2cf7e is started using port 42215 for RATIS_ADMIN
2022-07-30 01:51:15,380 [EndpointStateMachine task thread for /0.0.0.0:45389 - 0 ] INFO  ratis.XceiverServerRatis (XceiverServerRatis.java:getRealPort(502)) - XceiverServerRatis 90590539-81e8-4913-a697-525e65d2cf7e is started using port 42215 for RATIS_SERVER
2022-07-30 01:51:15,380 [org.apache.ratis.util.JvmPauseMonitor$$Lambda$615/1033062816@4f0904d3] INFO  util.JvmPauseMonitor (JvmPauseMonitor.java:run(103)) - JvmPauseMonitor-90590539-81e8-4913-a697-525e65d2cf7e: Started
2022-07-30 01:51:15,424 [EndpointStateMachine task thread for /0.0.0.0:45389 - 0 ] INFO  server.XceiverServerGrpc (XceiverServerGrpc.java:start(180)) - XceiverServerGrpc 90590539-81e8-4913-a697-525e65d2cf7e is started using port 41193
2022-07-30 01:51:16,044 [Listener at 127.0.0.1/42455] INFO  ozone.MiniOzoneClusterImpl (MiniOzoneClusterImpl.java:lambda$waitForClusterToBeReady$0(216)) - Waiting for nodes to be ready. Got 2 of 5 DN Heartbeats.
2022-07-30 01:51:16,045 [Listener at 127.0.0.1/42455] INFO  ozone.MiniOzoneClusterImpl (MiniOzoneClusterImpl.java:lambda$waitForClusterToBeReady$0(219)) - Waiting for cluster to exit safe mode
2022-07-30 01:51:16,045 [Listener at 127.0.0.1/42455] INFO  ozone.MiniOzoneClusterImpl (MiniOzoneClusterImpl.java:lambda$waitForClusterToBeReady$0(221)) - SCM became leader
2022-07-30 01:51:16,251 [EndpointStateMachine task thread for /0.0.0.0:45389 - 0 ] INFO  volume.HddsVolume (HddsVolume.java:createDbStore(309)) - SchemaV3 db is created and loaded at /home/runner/work/ozone/ozone/hadoop-ozone/integration-test/target/test-dir/MiniOzoneClusterImpl-82f5a944-0aea-4e62-8f89-f91bfebfb0a1/datanode-4/data-0/containers/hdds/82f5a944-0aea-4e62-8f89-f91bfebfb0a1/DS-3b34e24c-a4fb-4c57-aeac-3416d668b2d0/container.db for volume DS-3b34e24c-a4fb-4c57-aeac-3416d668b2d0
2022-07-30 01:51:16,251 [EndpointStateMachine task thread for /0.0.0.0:45389 - 0 ] INFO  volume.HddsVolume (HddsVolume.java:closeDbStore(340)) - SchemaV3 db is stopped at /home/runner/work/ozone/ozone/hadoop-ozone/integration-test/target/test-dir/MiniOzoneClusterImpl-82f5a944-0aea-4e62-8f89-f91bfebfb0a1/datanode-4/data-0/containers/hdds/82f5a944-0aea-4e62-8f89-f91bfebfb0a1/DS-3b34e24c-a4fb-4c57-aeac-3416d668b2d0/container.db for volume DS-3b34e24c-a4fb-4c57-aeac-3416d668b2d0
2022-07-30 01:51:16,252 [EndpointStateMachine task thread for /0.0.0.0:45389 - 0 ] INFO  ozoneimpl.OzoneContainer (OzoneContainer.java:start(377)) - Attempting to start container services.
2022-07-30 01:51:16,252 [EndpointStateMachine task thread for /0.0.0.0:45389 - 0 ] INFO  ozoneimpl.OzoneContainer (OzoneContainer.java:startContainerScrub(312)) - Background container scanner has been disabled.
2022-07-30 01:51:16,272 [IPC Server handler 1 on default port 45389] INFO  net.NetworkTopologyImpl (NetworkTopologyImpl.java:add(112)) - Added a new node: /default-rack/625bdddd-b23f-4a62-9edb-0ce5ae5b2b03
2022-07-30 01:51:16,272 [IPC Server handler 1 on default port 45389] INFO  node.SCMNodeManager (SCMNodeManager.java:register(397)) - Registered Data node : 625bdddd-b23f-4a62-9edb-0ce5ae5b2b03{ip: 10.1.0.37, host: fv-az297-62.nmf1rxwemy4u5di1sxxf4ejcwb.jx.internal.cloudapp.net, ports: [REPLICATION=33749, RATIS=39839, RATIS_ADMIN=39839, RATIS_SERVER=39839, STANDALONE=38743], networkLocation: /default-rack, certSerialId: null, persistedOpState: null, persistedOpStateExpiryEpochSec: 0}
2022-07-30 01:51:16,272 [EventQueue-NewNodeForNewNodeHandler] INFO  pipeline.BackgroundPipelineCreator (BackgroundPipelineCreator.java:notifyEventTriggered(276)) - trigger a one-shot run on RatisPipelineUtilsThread.
2022-07-30 01:51:16,272 [EventQueue-NodeRegistrationContainerReportForDataNodeSafeModeRule] INFO  safemode.SCMSafeModeManager (DataNodeSafeModeRule.java:process(71)) - SCM in safe mode. 3 DataNodes registered, 3 required.
2022-07-30 01:51:16,272 [EventQueue-NodeRegistrationContainerReportForDataNodeSafeModeRule] INFO  safemode.SCMSafeModeManager (SCMSafeModeManager.java:validateSafeModeExitRules(204)) - DataNodeSafeModeRule rule is successfully validated
2022-07-30 01:51:16,272 [EventQueue-NodeRegistrationContainerReportForDataNodeSafeModeRule] INFO  safemode.SCMSafeModeManager (SCMSafeModeManager.java:completePreCheck(233)) - All SCM safe mode pre check rules have passed
2022-07-30 01:51:16,272 [EventQueue-NodeRegistrationContainerReportForDataNodeSafeModeRule] WARN  events.EventQueue (EventQueue.java:fireEvent(216)) - No event handler registered for event TypedEvent{payloadType=SafeModeStatus, name='Safe mode status'}
2022-07-30 01:51:16,272 [EventQueue-NodeRegistrationContainerReportForDataNodeSafeModeRule] INFO  ha.SCMContext (SCMContext.java:updateSafeModeStatus(228)) - Update SafeModeStatus from SafeModeStatus{safeModeStatus=true, preCheckPassed=false} to SafeModeStatus{safeModeStatus=true, preCheckPassed=true}.
2022-07-30 01:51:16,273 [EventQueue-NodeRegistrationContainerReportForDataNodeSafeModeRule] INFO  pipeline.BackgroundPipelineCreator (BackgroundPipelineCreator.java:notifyEventTriggered(276)) - trigger a one-shot run on RatisPipelineUtilsThread.
2022-07-30 01:51:16,273 [RatisPipelineUtilsThread - 0] INFO  pipeline.RatisPipelineProvider (RatisPipelineProvider.java:lambda$create$0(195)) - Sending CreatePipelineCommand for pipeline:PipelineID=5c9a08f5-ab05-463c-905b-93113d146d99 to datanode:625bdddd-b23f-4a62-9edb-0ce5ae5b2b03
2022-07-30 01:51:16,273 [RatisPipelineUtilsThread - 0] INFO  pipeline.PipelineStateManagerImpl (PipelineStateManagerImpl.java:addPipeline(103)) - Created pipeline Pipeline[ Id: 5c9a08f5-ab05-463c-905b-93113d146d99, Nodes: 625bdddd-b23f-4a62-9edb-0ce5ae5b2b03{ip: 10.1.0.37, host: fv-az297-62.nmf1rxwemy4u5di1sxxf4ejcwb.jx.internal.cloudapp.net, ports: [REPLICATION=33749, RATIS=39839, RATIS_ADMIN=39839, RATIS_SERVER=39839, STANDALONE=38743], networkLocation: /default-rack, certSerialId: null, persistedOpState: IN_SERVICE, persistedOpStateExpiryEpochSec: 0}, ReplicationConfig: RATIS/ONE, State:ALLOCATED, leaderId:, CreationTimestamp2022-07-30T01:51:16.273Z[Etc/UTC]].
2022-07-30 01:51:16,274 [RatisPipelineUtilsThread - 0] INFO  pipeline.RatisPipelineProvider (RatisPipelineProvider.java:lambda$create$0(195)) - Sending CreatePipelineCommand for pipeline:PipelineID=6491e7ae-b4a5-4357-b192-4825e10c280c to datanode:625bdddd-b23f-4a62-9edb-0ce5ae5b2b03
2022-07-30 01:51:16,274 [RatisPipelineUtilsThread - 0] INFO  pipeline.RatisPipelineProvider (RatisPipelineProvider.java:lambda$create$0(195)) - Sending CreatePipelineCommand for pipeline:PipelineID=6491e7ae-b4a5-4357-b192-4825e10c280c to datanode:764da7f4-576c-4739-b8ba-4f387767ddcb
2022-07-30 01:51:16,274 [RatisPipelineUtilsThread - 0] INFO  pipeline.RatisPipelineProvider (RatisPipelineProvider.java:lambda$create$0(195)) - Sending CreatePipelineCommand for pipeline:PipelineID=6491e7ae-b4a5-4357-b192-4825e10c280c to datanode:da7e3490-bd6e-4553-a90b-b6c1b406431b
2022-07-30 01:51:16,274 [RatisPipelineUtilsThread - 0] INFO  pipeline.PipelineStateManagerImpl (PipelineStateManagerImpl.java:addPipeline(103)) - Created pipeline Pipeline[ Id: 6491e7ae-b4a5-4357-b192-4825e10c280c, Nodes: 625bdddd-b23f-4a62-9edb-0ce5ae5b2b03{ip: 10.1.0.37, host: fv-az297-62.nmf1rxwemy4u5di1sxxf4ejcwb.jx.internal.cloudapp.net, ports: [REPLICATION=33749, RATIS=39839, RATIS_ADMIN=39839, RATIS_SERVER=39839, STANDALONE=38743], networkLocation: /default-rack, certSerialId: null, persistedOpState: IN_SERVICE, persistedOpStateExpiryEpochSec: 0}764da7f4-576c-4739-b8ba-4f387767ddcb{ip: 10.1.0.37, host: fv-az297-62.nmf1rxwemy4u5di1sxxf4ejcwb.jx.internal.cloudapp.net, ports: [REPLICATION=45777, RATIS=40341, RATIS_ADMIN=40341, RATIS_SERVER=40341, STANDALONE=46769], networkLocation: /default-rack, certSerialId: null, persistedOpState: IN_SERVICE, persistedOpStateExpiryEpochSec: 0}da7e3490-bd6e-4553-a90b-b6c1b406431b{ip: 10.1.0.37, host: fv-az297-62.nmf1rxwemy4u5di1sxxf4ejcwb.jx.internal.cloudapp.net, ports: [REPLICATION=39821, RATIS=39503, RATIS_ADMIN=39503, RATIS_SERVER=39503, STANDALONE=42013], networkLocation: /default-rack, certSerialId: null, persistedOpState: IN_SERVICE, persistedOpStateExpiryEpochSec: 0}, ReplicationConfig: RATIS/THREE, State:ALLOCATED, leaderId:, CreationTimestamp2022-07-30T01:51:16.274Z[Etc/UTC]].
2022-07-30 01:51:16,274 [RatisPipelineUtilsThread - 0] INFO  pipeline.RatisPipelineProvider (RatisPipelineProvider.java:lambda$create$0(195)) - Sending CreatePipelineCommand for pipeline:PipelineID=959eb944-99a7-44cc-9081-f9f44761267b to datanode:764da7f4-576c-4739-b8ba-4f387767ddcb
2022-07-30 01:51:16,274 [RatisPipelineUtilsThread - 0] INFO  pipeline.RatisPipelineProvider (RatisPipelineProvider.java:lambda$create$0(195)) - Sending CreatePipelineCommand for pipeline:PipelineID=959eb944-99a7-44cc-9081-f9f44761267b to datanode:625bdddd-b23f-4a62-9edb-0ce5ae5b2b03
2022-07-30 01:51:16,274 [RatisPipelineUtilsThread - 0] INFO  pipeline.RatisPipelineProvider (RatisPipelineProvider.java:lambda$create$0(195)) - Sending CreatePipelineCommand for pipeline:PipelineID=959eb944-99a7-44cc-9081-f9f44761267b to datanode:da7e3490-bd6e-4553-a90b-b6c1b406431b
2022-07-30 01:51:16,275 [RatisPipelineUtilsThread - 0] INFO  pipeline.PipelineStateManagerImpl (PipelineStateManagerImpl.java:addPipeline(103)) - Created pipeline Pipeline[ Id: 959eb944-99a7-44cc-9081-f9f44761267b, Nodes: 764da7f4-576c-4739-b8ba-4f387767ddcb{ip: 10.1.0.37, host: fv-az297-62.nmf1rxwemy4u5di1sxxf4ejcwb.jx.internal.cloudapp.net, ports: [REPLICATION=45777, RATIS=40341, RATIS_ADMIN=40341, RATIS_SERVER=40341, STANDALONE=46769], networkLocation: /default-rack, certSerialId: null, persistedOpState: IN_SERVICE, persistedOpStateExpiryEpochSec: 0}625bdddd-b23f-4a62-9edb-0ce5ae5b2b03{ip: 10.1.0.37, host: fv-az297-62.nmf1rxwemy4u5di1sxxf4ejcwb.jx.internal.cloudapp.net, ports: [REPLICATION=33749, RATIS=39839, RATIS_ADMIN=39839, RATIS_SERVER=39839, STANDALONE=38743], networkLocation: /default-rack, certSerialId: null, persistedOpState: IN_SERVICE, persistedOpStateExpiryEpochSec: 0}da7e3490-bd6e-4553-a90b-b6c1b406431b{ip: 10.1.0.37, host: fv-az297-62.nmf1rxwemy4u5di1sxxf4ejcwb.jx.internal.cloudapp.net, ports: [REPLICATION=39821, RATIS=39503, RATIS_ADMIN=39503, RATIS_SERVER=39503, STANDALONE=42013], networkLocation: /default-rack, certSerialId: null, persistedOpState: IN_SERVICE, persistedOpStateExpiryEpochSec: 0}, ReplicationConfig: RATIS/THREE, State:ALLOCATED, leaderId:, CreationTimestamp2022-07-30T01:51:16.274Z[Etc/UTC]].
2022-07-30 01:51:16,275 [RatisPipelineUtilsThread - 0] INFO  pipeline.PipelineManagerImpl (PipelineManagerImpl.java:recordMetricsForPipeline(796)) - Pipeline: PipelineID=959eb944-99a7-44cc-9081-f9f44761267b contains same datanodes as previous pipelines: PipelineID=6491e7ae-b4a5-4357-b192-4825e10c280c nodeIds: 764da7f4-576c-4739-b8ba-4f387767ddcb, 625bdddd-b23f-4a62-9edb-0ce5ae5b2b03, da7e3490-bd6e-4553-a90b-b6c1b406431b
2022-07-30 01:51:16,279 [EndpointStateMachine task thread for /0.0.0.0:45389 - 0 ] INFO  replication.ReplicationServer (ReplicationServer.java:start(111)) - ReplicationServer is started using port 40651
2022-07-30 01:51:16,282 [EndpointStateMachine task thread for /0.0.0.0:45389 - 0 ] INFO  ratis.XceiverServerRatis (XceiverServerRatis.java:start(481)) - Starting XceiverServerRatis feac6527-f4a3-4b35-b8b4-09fad8d49da5
2022-07-30 01:51:16,288 [EndpointStateMachine task thread for /0.0.0.0:45389 - 0 ] INFO  server.RaftServer (RaftServerProxy.java:lambda$start$6(382)) - feac6527-f4a3-4b35-b8b4-09fad8d49da5: start RPC server
2022-07-30 01:51:16,300 [EndpointStateMachine task thread for /0.0.0.0:45389 - 0 ] INFO  server.GrpcService (GrpcService.java:startImpl(260)) - feac6527-f4a3-4b35-b8b4-09fad8d49da5: GrpcService started, listening on 42307
2022-07-30 01:51:16,308 [EndpointStateMachine task thread for /0.0.0.0:45389 - 0 ] INFO  ratis.XceiverServerRatis (XceiverServerRatis.java:getRealPort(502)) - XceiverServerRatis feac6527-f4a3-4b35-b8b4-09fad8d49da5 is started using port 42307 for RATIS
2022-07-30 01:51:16,308 [EndpointStateMachine task thread for /0.0.0.0:45389 - 0 ] INFO  ratis.XceiverServerRatis (XceiverServerRatis.java:getRealPort(502)) - XceiverServerRatis feac6527-f4a3-4b35-b8b4-09fad8d49da5 is started using port 42307 for RATIS_ADMIN
2022-07-30 01:51:16,308 [EndpointStateMachine task thread for /0.0.0.0:45389 - 0 ] INFO  ratis.XceiverServerRatis (XceiverServerRatis.java:getRealPort(502)) - XceiverServerRatis feac6527-f4a3-4b35-b8b4-09fad8d49da5 is started using port 42307 for RATIS_SERVER
2022-07-30 01:51:16,308 [org.apache.ratis.util.JvmPauseMonitor$$Lambda$615/1033062816@287217d4] INFO  util.JvmPauseMonitor (JvmPauseMonitor.java:run(103)) - JvmPauseMonitor-feac6527-f4a3-4b35-b8b4-09fad8d49da5: Started
2022-07-30 01:51:16,475 [EndpointStateMachine task thread for /0.0.0.0:45389 - 0 ] INFO  server.XceiverServerGrpc (XceiverServerGrpc.java:start(180)) - XceiverServerGrpc feac6527-f4a3-4b35-b8b4-09fad8d49da5 is started using port 42513
2022-07-30 01:51:17,047 [Listener at 127.0.0.1/42455] INFO  ozone.MiniOzoneClusterImpl (MiniOzoneClusterImpl.java:lambda$waitForClusterToBeReady$0(216)) - Waiting for nodes to be ready. Got 3 of 5 DN Heartbeats.
2022-07-30 01:51:17,048 [Listener at 127.0.0.1/42455] INFO  ozone.MiniOzoneClusterImpl (MiniOzoneClusterImpl.java:lambda$waitForClusterToBeReady$0(219)) - Waiting for cluster to exit safe mode
2022-07-30 01:51:17,048 [Listener at 127.0.0.1/42455] INFO  ozone.MiniOzoneClusterImpl (MiniOzoneClusterImpl.java:lambda$waitForClusterToBeReady$0(221)) - SCM became leader
2022-07-30 01:51:17,147 [IPC Server handler 0 on default port 45389] INFO  net.NetworkTopologyImpl (NetworkTopologyImpl.java:add(112)) - Added a new node: /default-rack/90590539-81e8-4913-a697-525e65d2cf7e
2022-07-30 01:51:17,147 [IPC Server handler 0 on default port 45389] INFO  node.SCMNodeManager (SCMNodeManager.java:register(397)) - Registered Data node : 90590539-81e8-4913-a697-525e65d2cf7e{ip: 10.1.0.37, host: fv-az297-62.nmf1rxwemy4u5di1sxxf4ejcwb.jx.internal.cloudapp.net, ports: [REPLICATION=39187, RATIS=42215, RATIS_ADMIN=42215, RATIS_SERVER=42215, STANDALONE=41193], networkLocation: /default-rack, certSerialId: null, persistedOpState: null, persistedOpStateExpiryEpochSec: 0}
2022-07-30 01:51:17,148 [EventQueue-NewNodeForNewNodeHandler] INFO  pipeline.BackgroundPipelineCreator (BackgroundPipelineCreator.java:notifyEventTriggered(276)) - trigger a one-shot run on RatisPipelineUtilsThread.
2022-07-30 01:51:17,148 [RatisPipelineUtilsThread - 0] INFO  pipeline.RatisPipelineProvider (RatisPipelineProvider.java:lambda$create$0(195)) - Sending CreatePipelineCommand for pipeline:PipelineID=ebbda556-5148-4aef-b6b5-3bfc21b4b52e to datanode:90590539-81e8-4913-a697-525e65d2cf7e
2022-07-30 01:51:17,149 [RatisPipelineUtilsThread - 0] INFO  pipeline.PipelineStateManagerImpl (PipelineStateManagerImpl.java:addPipeline(103)) - Created pipeline Pipeline[ Id: ebbda556-5148-4aef-b6b5-3bfc21b4b52e, Nodes: 90590539-81e8-4913-a697-525e65d2cf7e{ip: 10.1.0.37, host: fv-az297-62.nmf1rxwemy4u5di1sxxf4ejcwb.jx.internal.cloudapp.net, ports: [REPLICATION=39187, RATIS=42215, RATIS_ADMIN=42215, RATIS_SERVER=42215, STANDALONE=41193], networkLocation: /default-rack, certSerialId: null, persistedOpState: IN_SERVICE, persistedOpStateExpiryEpochSec: 0}, ReplicationConfig: RATIS/ONE, State:ALLOCATED, leaderId:, CreationTimestamp2022-07-30T01:51:17.148Z[Etc/UTC]].
2022-07-30 01:51:17,380 [Command processor thread] INFO  server.RaftServer (RaftServerProxy.java:addNew(96)) - 764da7f4-576c-4739-b8ba-4f387767ddcb: addNew group-9C0850E9DA61:[764da7f4-576c-4739-b8ba-4f387767ddcb|rpc:10.1.0.37:40341|priority:1] returns group-9C0850E9DA61:java.util.concurrent.CompletableFuture@5db34124[Not completed]
2022-07-30 01:51:17,390 [pool-874-thread-1] INFO  server.RaftServer$Division (RaftServerImpl.java:<init>(190)) - 764da7f4-576c-4739-b8ba-4f387767ddcb: new RaftServerImpl for group-9C0850E9DA61:[764da7f4-576c-4739-b8ba-4f387767ddcb|rpc:10.1.0.37:40341|priority:1] with ContainerStateMachine:uninitialized
2022-07-30 01:51:17,390 [pool-874-thread-1] INFO  server.RaftServerConfigKeys (ConfUtils.java:logGet(46)) - raft.server.rpc.timeout.min = 5s (custom)
2022-07-30 01:51:17,390 [pool-874-thread-1] INFO  server.RaftServerConfigKeys (ConfUtils.java:logGet(46)) - raft.server.rpc.timeout.max = 5200ms (custom)
2022-07-30 01:51:17,390 [pool-874-thread-1] INFO  server.RaftServerConfigKeys (ConfUtils.java:logGet(46)) - raft.server.rpc.sleep.time = 25ms (default)
2022-07-30 01:51:17,391 [pool-874-thread-1] INFO  server.RaftServerConfigKeys (ConfUtils.java:logGet(46)) - raft.server.rpc.slowness.timeout = 300s (custom)
2022-07-30 01:51:17,391 [pool-874-thread-1] INFO  server.RaftServerConfigKeys (ConfUtils.java:logGet(46)) - raft.server.leaderelection.leader.step-down.wait-time = 10s (default)
2022-07-30 01:51:17,391 [pool-874-thread-1] INFO  server.RaftServerConfigKeys (ConfUtils.java:logGet(46)) - raft.server.sleep.deviation.threshold = 300ms (default)
2022-07-30 01:51:17,391 [pool-874-thread-1] INFO  server.RaftServer$Division (ServerState.java:<init>(107)) - 764da7f4-576c-4739-b8ba-4f387767ddcb@group-9C0850E9DA61: ConfigurationManager, init=-1: [764da7f4-576c-4739-b8ba-4f387767ddcb|rpc:10.1.0.37:40341|priority:1], old=null, confs=<EMPTY_MAP>
2022-07-30 01:51:17,391 [pool-874-thread-1] INFO  server.RaftServerConfigKeys (ConfUtils.java:logGet(46)) - raft.server.storage.dir = [/home/runner/work/ozone/ozone/hadoop-ozone/integration-test/target/test-dir/MiniOzoneClusterImpl-82f5a944-0aea-4e62-8f89-f91bfebfb0a1/datanode-0/data/ratis] (custom)
2022-07-30 01:51:17,391 [pool-874-thread-1] INFO  server.RaftServerConfigKeys (ConfUtils.java:logGet(46)) - raft.server.log.corruption.policy = EXCEPTION (default)
2022-07-30 01:51:17,391 [pool-874-thread-1] INFO  server.RaftServerConfigKeys (ConfUtils.java:logGet(46)) - raft.server.storage.free-space.min = 0MB (=0) (default)
2022-07-30 01:51:17,391 [pool-874-thread-1] INFO  storage.RaftStorageDirectory (RaftStorageDirectoryImpl.java:analyzeStorage(135)) - The storage directory /home/runner/work/ozone/ozone/hadoop-ozone/integration-test/target/test-dir/MiniOzoneClusterImpl-82f5a944-0aea-4e62-8f89-f91bfebfb0a1/datanode-0/data/ratis/30b72703-133c-40d2-ab60-9c0850e9da61 does not exist. Creating ...
2022-07-30 01:51:17,414 [pool-874-thread-1] INFO  storage.RaftStorageDirectory (RaftStorageDirectoryImpl.java:tryLock(230)) - Lock on /home/runner/work/ozone/ozone/hadoop-ozone/integration-test/target/test-dir/MiniOzoneClusterImpl-82f5a944-0aea-4e62-8f89-f91bfebfb0a1/datanode-0/data/ratis/30b72703-133c-40d2-ab60-9c0850e9da61/in_use.lock acquired by nodename 10860@fv-az297-62
2022-07-30 01:51:17,425 [pool-874-thread-1] INFO  storage.RaftStorage (RaftStorageImpl.java:format(89)) - Storage directory /home/runner/work/ozone/ozone/hadoop-ozone/integration-test/target/test-dir/MiniOzoneClusterImpl-82f5a944-0aea-4e62-8f89-f91bfebfb0a1/datanode-0/data/ratis/30b72703-133c-40d2-ab60-9c0850e9da61 has been successfully formatted.
2022-07-30 01:51:17,444 [pool-874-thread-1] INFO  ratis.ContainerStateMachine (ContainerStateMachine.java:loadSnapshot(236)) - group-9C0850E9DA61: The snapshot info is null. Setting the last applied indexto:(t:0, i:~)
2022-07-30 01:51:17,444 [pool-874-thread-1] INFO  server.RaftServerConfigKeys (ConfUtils.java:logGet(46)) - raft.server.notification.no-leader.timeout = 300s (custom)
2022-07-30 01:51:17,444 [pool-874-thread-1] INFO  server.RaftServerConfigKeys (ConfUtils.java:logGet(46)) - raft.server.log.use.memory = false (default)
2022-07-30 01:51:17,444 [pool-874-thread-1] INFO  server.RaftServerConfigKeys (ConfUtils.java:logGet(46)) - raft.server.log.purge.gap = 1000000 (custom)
2022-07-30 01:51:17,444 [pool-874-thread-1] INFO  server.RaftServerConfigKeys (ConfUtils.java:logGet(46)) - raft.server.log.appender.buffer.byte-limit = 33554432 (custom)
2022-07-30 01:51:17,444 [pool-874-thread-1] INFO  server.RaftServerConfigKeys (ConfUtils.java:logGet(46)) - raft.server.log.statemachine.data.read.timeout = 1000ms (default)
2022-07-30 01:51:17,445 [pool-874-thread-1] INFO  server.RaftServerConfigKeys (ConfUtils.java:logGet(46)) - raft.server.log.segment.size.max = 1048576 (custom)
2022-07-30 01:51:17,445 [EventQueue-PipelineReportForPipelineReportHandler] INFO  pipeline.PipelineManagerImpl (PipelineManagerImpl.java:openPipeline(367)) - Pipeline Pipeline[ Id: 30b72703-133c-40d2-ab60-9c0850e9da61, Nodes: 764da7f4-576c-4739-b8ba-4f387767ddcb{ip: 10.1.0.37, host: fv-az297-62.nmf1rxwemy4u5di1sxxf4ejcwb.jx.internal.cloudapp.net, ports: [REPLICATION=45777, RATIS=40341, RATIS_ADMIN=40341, RATIS_SERVER=40341, STANDALONE=46769], networkLocation: /default-rack, certSerialId: null, persistedOpState: IN_SERVICE, persistedOpStateExpiryEpochSec: 0}, ReplicationConfig: RATIS/ONE, State:ALLOCATED, leaderId:764da7f4-576c-4739-b8ba-4f387767ddcb, CreationTimestamp2022-07-30T01:51:14.431Z[Etc/UTC]] moved to OPEN state
2022-07-30 01:51:17,464 [pool-874-thread-1] INFO  server.RaftServerConfigKeys (ConfUtils.java:logGet(46)) - raft.server.log.segment.cache.num.max = 2 (custom)
2022-07-30 01:51:17,464 [pool-874-thread-1] INFO  server.RaftServerConfigKeys (ConfUtils.java:logGet(46)) - raft.server.log.segment.cache.size.max = 200MB (=209715200) (default)
2022-07-30 01:51:17,464 [pool-874-thread-1] INFO  segmented.SegmentedRaftLogWorker (SegmentedRaftLogWorker.java:<init>(187)) - new 764da7f4-576c-4739-b8ba-4f387767ddcb@group-9C0850E9DA61-SegmentedRaftLogWorker for RaftStorageImpl:Storage Directory /home/runner/work/ozone/ozone/hadoop-ozone/integration-test/target/test-dir/MiniOzoneClusterImpl-82f5a944-0aea-4e62-8f89-f91bfebfb0a1/datanode-0/data/ratis/30b72703-133c-40d2-ab60-9c0850e9da61
2022-07-30 01:51:17,464 [pool-874-thread-1] INFO  server.RaftServerConfigKeys (ConfUtils.java:logGet(46)) - raft.server.log.queue.byte-limit = 4294967296 (custom)
2022-07-30 01:51:17,464 [pool-874-thread-1] INFO  server.RaftServerConfigKeys (ConfUtils.java:logGet(46)) - raft.server.log.queue.element-limit = 1024 (custom)
2022-07-30 01:51:17,464 [pool-874-thread-1] INFO  server.RaftServerConfigKeys (ConfUtils.java:logGet(46)) - raft.server.log.segment.size.max = 1048576 (custom)
2022-07-30 01:51:17,464 [pool-874-thread-1] INFO  server.RaftServerConfigKeys (ConfUtils.java:logGet(46)) - raft.server.log.preallocated.size = 16384 (custom)
2022-07-30 01:51:17,464 [pool-874-thread-1] INFO  server.RaftServerConfigKeys (ConfUtils.java:logGet(46)) - raft.server.log.force.sync.num = 128 (default)
2022-07-30 01:51:17,464 [pool-874-thread-1] INFO  server.RaftServerConfigKeys (ConfUtils.java:logGet(46)) - raft.server.log.statemachine.data.sync = true (default)
2022-07-30 01:51:17,464 [pool-874-thread-1] INFO  server.RaftServerConfigKeys (ConfUtils.java:logGet(46)) - raft.server.log.statemachine.data.sync.timeout = 10s (default)
2022-07-30 01:51:17,464 [pool-874-thread-1] INFO  server.RaftServerConfigKeys (ConfUtils.java:logGet(46)) - raft.server.log.statemachine.data.sync.timeout.retry = -1 (default)
2022-07-30 01:51:17,465 [pool-874-thread-1] INFO  server.RaftServerConfigKeys (ConfUtils.java:logGet(46)) - raft.server.log.write.buffer.size = 1048576 (custom)
2022-07-30 01:51:17,466 [pool-874-thread-1] INFO  server.RaftServerConfigKeys (ConfUtils.java:logGet(46)) - raft.server.log.unsafe-flush.enabled = false (default)
2022-07-30 01:51:17,466 [pool-874-thread-1] INFO  server.RaftServerConfigKeys (ConfUtils.java:logGet(46)) - raft.server.log.statemachine.data.caching.enabled = true (custom)
2022-07-30 01:51:17,466 [pool-874-thread-1] INFO  segmented.SegmentedRaftLogWorker (SegmentedRaftLogWorker.java:lambda$new$0(135)) - 764da7f4-576c-4739-b8ba-4f387767ddcb@group-9C0850E9DA61-SegmentedRaftLogWorker: flushIndex: setUnconditionally 0 -> -1
2022-07-30 01:51:17,466 [pool-874-thread-1] INFO  segmented.SegmentedRaftLogWorker (SegmentedRaftLogWorker.java:lambda$new$0(135)) - 764da7f4-576c-4739-b8ba-4f387767ddcb@group-9C0850E9DA61-SegmentedRaftLogWorker: safeCacheEvictIndex: setUnconditionally 0 -> -1
2022-07-30 01:51:17,466 [EventQueue-OpenPipelineForHealthyPipelineSafeModeRule] INFO  safemode.SCMSafeModeManager (HealthyPipelineSafeModeRule.java:process(137)) - SCM in safe mode. Healthy pipelines reported count is 0, required healthy pipeline reported count is 1
2022-07-30 01:51:17,467 [pool-874-thread-1] INFO  server.RaftServerConfigKeys (ConfUtils.java:logGet(46)) - raft.server.snapshot.auto.trigger.enabled = true (custom)
2022-07-30 01:51:17,467 [pool-874-thread-1] INFO  server.RaftServerConfigKeys (ConfUtils.java:logGet(46)) - raft.server.snapshot.auto.trigger.threshold = 10000 (custom)
2022-07-30 01:51:17,467 [pool-874-thread-1] INFO  server.RaftServerConfigKeys (ConfUtils.java:logGet(46)) - raft.server.snapshot.retention.file.num = 5 (custom)
2022-07-30 01:51:17,467 [pool-874-thread-1] INFO  server.RaftServerConfigKeys (ConfUtils.java:logGet(46)) - raft.server.log.purge.upto.snapshot.index = false (default)
2022-07-30 01:51:17,467 [pool-874-thread-1] INFO  server.RaftServerConfigKeys (ConfUtils.java:logGet(46)) - raft.server.retrycache.expirytime = 600000ms (custom)
2022-07-30 01:51:17,467 [pool-874-thread-1] INFO  server.RaftServerConfigKeys (ConfUtils.java:logGet(46)) - raft.server.retrycache.statistics.expirytime = 100μs (default)
2022-07-30 01:51:17,469 [pool-874-thread-1] INFO  server.RaftServerConfigKeys (ConfUtils.java:logGet(46)) - raft.server.log.appender.install.snapshot.enabled = false (custom)
2022-07-30 01:51:17,469 [pool-874-thread-1] INFO  server.RaftServerConfigKeys (ConfUtils.java:logGet(46)) - raft.server.threadpool.server.cached = true (default)
2022-07-30 01:51:17,469 [pool-874-thread-1] INFO  server.RaftServerConfigKeys (ConfUtils.java:logGet(46)) - raft.server.threadpool.server.size = 0 (default)
2022-07-30 01:51:17,469 [pool-874-thread-1] INFO  server.RaftServerConfigKeys (ConfUtils.java:logGet(46)) - raft.server.threadpool.client.cached = true (default)
2022-07-30 01:51:17,469 [pool-874-thread-1] INFO  server.RaftServerConfigKeys (ConfUtils.java:logGet(46)) - raft.server.threadpool.client.size = 0 (default)
2022-07-30 01:51:17,469 [pool-874-thread-1] INFO  server.RaftServer$Division (RaftServerImpl.java:start(310)) - 764da7f4-576c-4739-b8ba-4f387767ddcb@group-9C0850E9DA61: start as a follower, conf=-1: [764da7f4-576c-4739-b8ba-4f387767ddcb|rpc:10.1.0.37:40341|priority:1], old=null
2022-07-30 01:51:17,469 [pool-874-thread-1] INFO  server.RaftServer$Division (RaftServerImpl.java:setRole(299)) - 764da7f4-576c-4739-b8ba-4f387767ddcb@group-9C0850E9DA61: changes role from      null to FOLLOWER at term 0 for startAsFollower
2022-07-30 01:51:17,469 [pool-874-thread-1] INFO  impl.RoleInfo (RoleInfo.java:updateAndGet(139)) - 764da7f4-576c-4739-b8ba-4f387767ddcb: start 764da7f4-576c-4739-b8ba-4f387767ddcb@group-9C0850E9DA61-FollowerState
2022-07-30 01:51:17,469 [pool-874-thread-1] INFO  util.JmxRegister (JmxRegister.java:tryRegister(44)) - Successfully registered JMX Bean with object name Ratis:service=RaftServer,group=group-9C0850E9DA61,id=764da7f4-576c-4739-b8ba-4f387767ddcb
2022-07-30 01:51:17,470 [Command processor thread] INFO  ratis.XceiverServerRatis (XceiverServerRatis.java:addGroup(765)) - Created group PipelineID=30b72703-133c-40d2-ab60-9c0850e9da61
2022-07-30 01:51:17,470 [Command processor thread] INFO  commandhandler.CreatePipelineCommandHandler (CreatePipelineCommandHandler.java:handle(113)) - Created Pipeline RATIS ONE PipelineID=30b72703-133c-40d2-ab60-9c0850e9da61.
2022-07-30 01:51:17,470 [Command processor thread] INFO  server.RaftServer (RaftServerProxy.java:addNew(96)) - 764da7f4-576c-4739-b8ba-4f387767ddcb: addNew group-4825E10C280C:[764da7f4-576c-4739-b8ba-4f387767ddcb|rpc:10.1.0.37:40341|priority:1, 625bdddd-b23f-4a62-9edb-0ce5ae5b2b03|rpc:10.1.0.37:39839|priority:0, da7e3490-bd6e-4553-a90b-b6c1b406431b|rpc:10.1.0.37:39503|priority:0] returns group-4825E10C280C:java.util.concurrent.CompletableFuture@598cde4a[Not completed]
2022-07-30 01:51:17,471 [pool-874-thread-1] INFO  server.RaftServer$Division (RaftServerImpl.java:<init>(190)) - 764da7f4-576c-4739-b8ba-4f387767ddcb: new RaftServerImpl for group-4825E10C280C:[764da7f4-576c-4739-b8ba-4f387767ddcb|rpc:10.1.0.37:40341|priority:1, 625bdddd-b23f-4a62-9edb-0ce5ae5b2b03|rpc:10.1.0.37:39839|priority:0, da7e3490-bd6e-4553-a90b-b6c1b406431b|rpc:10.1.0.37:39503|priority:0] with ContainerStateMachine:uninitialized
2022-07-30 01:51:17,471 [pool-874-thread-1] INFO  server.RaftServerConfigKeys (ConfUtils.java:logGet(46)) - raft.server.rpc.timeout.min = 5s (custom)
2022-07-30 01:51:17,471 [pool-874-thread-1] INFO  server.RaftServerConfigKeys (ConfUtils.java:logGet(46)) - raft.server.rpc.timeout.max = 5200ms (custom)
2022-07-30 01:51:17,471 [pool-874-thread-1] INFO  server.RaftServerConfigKeys (ConfUtils.java:logGet(46)) - raft.server.rpc.sleep.time = 25ms (default)
2022-07-30 01:51:17,471 [pool-874-thread-1] INFO  server.RaftServerConfigKeys (ConfUtils.java:logGet(46)) - raft.server.rpc.slowness.timeout = 300s (custom)
2022-07-30 01:51:17,471 [pool-874-thread-1] INFO  server.RaftServerConfigKeys (ConfUtils.java:logGet(46)) - raft.server.leaderelection.leader.step-down.wait-time = 10s (default)
2022-07-30 01:51:17,471 [pool-874-thread-1] INFO  server.RaftServerConfigKeys (ConfUtils.java:logGet(46)) - raft.server.sleep.deviation.threshold = 300ms (default)
2022-07-30 01:51:17,471 [pool-874-thread-1] INFO  server.RaftServer$Division (ServerState.java:<init>(107)) - 764da7f4-576c-4739-b8ba-4f387767ddcb@group-4825E10C280C: ConfigurationManager, init=-1: [764da7f4-576c-4739-b8ba-4f387767ddcb|rpc:10.1.0.37:40341|priority:1, 625bdddd-b23f-4a62-9edb-0ce5ae5b2b03|rpc:10.1.0.37:39839|priority:0, da7e3490-bd6e-4553-a90b-b6c1b406431b|rpc:10.1.0.37:39503|priority:0], old=null, confs=<EMPTY_MAP>
2022-07-30 01:51:17,471 [pool-874-thread-1] INFO  server.RaftServerConfigKeys (ConfUtils.java:logGet(46)) - raft.server.storage.dir = [/home/runner/work/ozone/ozone/hadoop-ozone/integration-test/target/test-dir/MiniOzoneClusterImpl-82f5a944-0aea-4e62-8f89-f91bfebfb0a1/datanode-0/data/ratis] (custom)
2022-07-30 01:51:17,472 [pool-874-thread-1] INFO  server.RaftServerConfigKeys (ConfUtils.java:logGet(46)) - raft.server.log.corruption.policy = EXCEPTION (default)
2022-07-30 01:51:17,472 [pool-874-thread-1] INFO  server.RaftServerConfigKeys (ConfUtils.java:logGet(46)) - raft.server.storage.free-space.min = 0MB (=0) (default)
2022-07-30 01:51:17,472 [pool-874-thread-1] INFO  storage.RaftStorageDirectory (RaftStorageDirectoryImpl.java:analyzeStorage(135)) - The storage directory /home/runner/work/ozone/ozone/hadoop-ozone/integration-test/target/test-dir/MiniOzoneClusterImpl-82f5a944-0aea-4e62-8f89-f91bfebfb0a1/datanode-0/data/ratis/6491e7ae-b4a5-4357-b192-4825e10c280c does not exist. Creating ...
2022-07-30 01:51:17,473 [pool-874-thread-1] INFO  storage.RaftStorageDirectory (RaftStorageDirectoryImpl.java:tryLock(230)) - Lock on /home/runner/work/ozone/ozone/hadoop-ozone/integration-test/target/test-dir/MiniOzoneClusterImpl-82f5a944-0aea-4e62-8f89-f91bfebfb0a1/datanode-0/data/ratis/6491e7ae-b4a5-4357-b192-4825e10c280c/in_use.lock acquired by nodename 10860@fv-az297-62
2022-07-30 01:51:17,474 [pool-874-thread-1] INFO  storage.RaftStorage (RaftStorageImpl.java:format(89)) - Storage directory /home/runner/work/ozone/ozone/hadoop-ozone/integration-test/target/test-dir/MiniOzoneClusterImpl-82f5a944-0aea-4e62-8f89-f91bfebfb0a1/datanode-0/data/ratis/6491e7ae-b4a5-4357-b192-4825e10c280c has been successfully formatted.
2022-07-30 01:51:17,475 [pool-874-thread-1] INFO  ratis.ContainerStateMachine (ContainerStateMachine.java:loadSnapshot(236)) - group-4825E10C280C: The snapshot info is null. Setting the last applied indexto:(t:0, i:~)
2022-07-30 01:51:17,475 [pool-874-thread-1] INFO  server.RaftServerConfigKeys (ConfUtils.java:logGet(46)) - raft.server.notification.no-leader.timeout = 300s (custom)
2022-07-30 01:51:17,475 [pool-874-thread-1] INFO  server.RaftServerConfigKeys (ConfUtils.java:logGet(46)) - raft.server.log.use.memory = false (default)
2022-07-30 01:51:17,475 [pool-874-thread-1] INFO  server.RaftServerConfigKeys (ConfUtils.java:logGet(46)) - raft.server.log.purge.gap = 1000000 (custom)
2022-07-30 01:51:17,477 [pool-874-thread-1] INFO  server.RaftServerConfigKeys (ConfUtils.java:logGet(46)) - raft.server.log.appender.buffer.byte-limit = 33554432 (custom)
2022-07-30 01:51:17,477 [pool-874-thread-1] INFO  server.RaftServerConfigKeys (ConfUtils.java:logGet(46)) - raft.server.log.statemachine.data.read.timeout = 1000ms (default)
2022-07-30 01:51:17,492 [pool-874-thread-1] INFO  server.RaftServerConfigKeys (ConfUtils.java:logGet(46)) - raft.server.log.segment.size.max = 1048576 (custom)
2022-07-30 01:51:17,492 [pool-874-thread-1] INFO  server.RaftServerConfigKeys (ConfUtils.java:logGet(46)) - raft.server.log.segment.cache.num.max = 2 (custom)
2022-07-30 01:51:17,492 [pool-874-thread-1] INFO  server.RaftServerConfigKeys (ConfUtils.java:logGet(46)) - raft.server.log.segment.cache.size.max = 200MB (=209715200) (default)
2022-07-30 01:51:17,492 [pool-874-thread-1] INFO  segmented.SegmentedRaftLogWorker (SegmentedRaftLogWorker.java:<init>(187)) - new 764da7f4-576c-4739-b8ba-4f387767ddcb@group-4825E10C280C-SegmentedRaftLogWorker for RaftStorageImpl:Storage Directory /home/runner/work/ozone/ozone/hadoop-ozone/integration-test/target/test-dir/MiniOzoneClusterImpl-82f5a944-0aea-4e62-8f89-f91bfebfb0a1/datanode-0/data/ratis/6491e7ae-b4a5-4357-b192-4825e10c280c
2022-07-30 01:51:17,492 [pool-874-thread-1] INFO  server.RaftServerConfigKeys (ConfUtils.java:logGet(46)) - raft.server.log.queue.byte-limit = 4294967296 (custom)
2022-07-30 01:51:17,492 [pool-874-thread-1] INFO  server.RaftServerConfigKeys (ConfUtils.java:logGet(46)) - raft.server.log.queue.element-limit = 1024 (custom)
2022-07-30 01:51:17,492 [pool-874-thread-1] INFO  server.RaftServerConfigKeys (ConfUtils.java:logGet(46)) - raft.server.log.segment.size.max = 1048576 (custom)
2022-07-30 01:51:17,492 [pool-874-thread-1] INFO  server.RaftServerConfigKeys (ConfUtils.java:logGet(46)) - raft.server.log.preallocated.size = 16384 (custom)
2022-07-30 01:51:17,492 [pool-874-thread-1] INFO  server.RaftServerConfigKeys (ConfUtils.java:logGet(46)) - raft.server.log.force.sync.num = 128 (default)
2022-07-30 01:51:17,493 [pool-874-thread-1] INFO  server.RaftServerConfigKeys (ConfUtils.java:logGet(46)) - raft.server.log.statemachine.data.sync = true (default)
2022-07-30 01:51:17,493 [pool-874-thread-1] INFO  server.RaftServerConfigKeys (ConfUtils.java:logGet(46)) - raft.server.log.statemachine.data.sync.timeout = 10s (default)
2022-07-30 01:51:17,493 [pool-874-thread-1] INFO  server.RaftServerConfigKeys (ConfUtils.java:logGet(46)) - raft.server.log.statemachine.data.sync.timeout.retry = -1 (default)
2022-07-30 01:51:17,494 [pool-874-thread-1] INFO  server.RaftServerConfigKeys (ConfUtils.java:logGet(46)) - raft.server.log.write.buffer.size = 1048576 (custom)
2022-07-30 01:51:17,494 [pool-874-thread-1] INFO  server.RaftServerConfigKeys (ConfUtils.java:logGet(46)) - raft.server.log.unsafe-flush.enabled = false (default)
2022-07-30 01:51:17,494 [pool-874-thread-1] INFO  server.RaftServerConfigKeys (ConfUtils.java:logGet(46)) - raft.server.log.statemachine.data.caching.enabled = true (custom)
2022-07-30 01:51:17,495 [pool-874-thread-1] INFO  segmented.SegmentedRaftLogWorker (SegmentedRaftLogWorker.java:lambda$new$0(135)) - 764da7f4-576c-4739-b8ba-4f387767ddcb@group-4825E10C280C-SegmentedRaftLogWorker: flushIndex: setUnconditionally 0 -> -1
2022-07-30 01:51:17,495 [pool-874-thread-1] INFO  segmented.SegmentedRaftLogWorker (SegmentedRaftLogWorker.java:lambda$new$0(135)) - 764da7f4-576c-4739-b8ba-4f387767ddcb@group-4825E10C280C-SegmentedRaftLogWorker: safeCacheEvictIndex: setUnconditionally 0 -> -1
2022-07-30 01:51:17,515 [EventQueue-OpenPipelineForHealthyPipelineSafeModeRule] INFO  safemode.SCMSafeModeManager (HealthyPipelineSafeModeRule.java:process(137)) - SCM in safe mode. Healthy pipelines reported count is 0, required healthy pipeline reported count is 1
2022-07-30 01:51:17,520 [pool-874-thread-1] INFO  server.RaftServerConfigKeys (ConfUtils.java:logGet(46)) - raft.server.snapshot.auto.trigger.enabled = true (custom)
2022-07-30 01:51:17,520 [pool-874-thread-1] INFO  server.RaftServerConfigKeys (ConfUtils.java:logGet(46)) - raft.server.snapshot.auto.trigger.threshold = 10000 (custom)
2022-07-30 01:51:17,520 [pool-874-thread-1] INFO  server.RaftServerConfigKeys (ConfUtils.java:logGet(46)) - raft.server.snapshot.retention.file.num = 5 (custom)
2022-07-30 01:51:17,520 [pool-874-thread-1] INFO  server.RaftServerConfigKeys (ConfUtils.java:logGet(46)) - raft.server.log.purge.upto.snapshot.index = false (default)
2022-07-30 01:51:17,520 [pool-874-thread-1] INFO  server.RaftServerConfigKeys (ConfUtils.java:logGet(46)) - raft.server.retrycache.expirytime = 600000ms (custom)
2022-07-30 01:51:17,520 [pool-874-thread-1] INFO  server.RaftServerConfigKeys (ConfUtils.java:logGet(46)) - raft.server.retrycache.statistics.expirytime = 100μs (default)
2022-07-30 01:51:17,521 [pool-874-thread-1] INFO  server.RaftServerConfigKeys (ConfUtils.java:logGet(46)) - raft.server.log.appender.install.snapshot.enabled = false (custom)
2022-07-30 01:51:17,521 [pool-874-thread-1] INFO  server.RaftServerConfigKeys (ConfUtils.java:logGet(46)) - raft.server.threadpool.server.cached = true (default)
2022-07-30 01:51:17,521 [pool-874-thread-1] INFO  server.RaftServerConfigKeys (ConfUtils.java:logGet(46)) - raft.server.threadpool.server.size = 0 (default)
2022-07-30 01:51:17,521 [pool-874-thread-1] INFO  server.RaftServerConfigKeys (ConfUtils.java:logGet(46)) - raft.server.threadpool.client.cached = true (default)
2022-07-30 01:51:17,522 [pool-874-thread-1] INFO  server.RaftServerConfigKeys (ConfUtils.java:logGet(46)) - raft.server.threadpool.client.size = 0 (default)
2022-07-30 01:51:17,522 [pool-874-thread-1] INFO  server.RaftServer$Division (RaftServerImpl.java:start(310)) - 764da7f4-576c-4739-b8ba-4f387767ddcb@group-4825E10C280C: start as a follower, conf=-1: [764da7f4-576c-4739-b8ba-4f387767ddcb|rpc:10.1.0.37:40341|priority:1, 625bdddd-b23f-4a62-9edb-0ce5ae5b2b03|rpc:10.1.0.37:39839|priority:0, da7e3490-bd6e-4553-a90b-b6c1b406431b|rpc:10.1.0.37:39503|priority:0], old=null
2022-07-30 01:51:17,522 [pool-874-thread-1] INFO  server.RaftServer$Division (RaftServerImpl.java:setRole(299)) - 764da7f4-576c-4739-b8ba-4f387767ddcb@group-4825E10C280C: changes role from      null to FOLLOWER at term 0 for startAsFollower
2022-07-30 01:51:17,522 [pool-874-thread-1] INFO  impl.RoleInfo (RoleInfo.java:updateAndGet(139)) - 764da7f4-576c-4739-b8ba-4f387767ddcb: start 764da7f4-576c-4739-b8ba-4f387767ddcb@group-4825E10C280C-FollowerState
2022-07-30 01:51:17,552 [pool-874-thread-1] INFO  util.JmxRegister (JmxRegister.java:tryRegister(44)) - Successfully registered JMX Bean with object name Ratis:service=RaftServer,group=group-4825E10C280C,id=764da7f4-576c-4739-b8ba-4f387767ddcb
2022-07-30 01:51:17,565 [Command processor thread] INFO  ratis.XceiverServerRatis (XceiverServerRatis.java:addGroup(765)) - Created group PipelineID=6491e7ae-b4a5-4357-b192-4825e10c280c
2022-07-30 01:51:17,633 [grpc-default-executor-0] INFO  server.RaftServer (RaftServerProxy.java:addNew(96)) - 625bdddd-b23f-4a62-9edb-0ce5ae5b2b03: addNew group-4825E10C280C:[764da7f4-576c-4739-b8ba-4f387767ddcb|rpc:10.1.0.37:40341|dataStream:|priority:1, 625bdddd-b23f-4a62-9edb-0ce5ae5b2b03|rpc:10.1.0.37:39839|dataStream:|priority:0, da7e3490-bd6e-4553-a90b-b6c1b406431b|rpc:10.1.0.37:39503|dataStream:|priority:0] returns group-4825E10C280C:java.util.concurrent.CompletableFuture@7601bc4e[Not completed]
2022-07-30 01:51:17,634 [pool-920-thread-1] INFO  server.RaftServer$Division (RaftServerImpl.java:<init>(190)) - 625bdddd-b23f-4a62-9edb-0ce5ae5b2b03: new RaftServerImpl for group-4825E10C280C:[764da7f4-576c-4739-b8ba-4f387767ddcb|rpc:10.1.0.37:40341|dataStream:|priority:1, 625bdddd-b23f-4a62-9edb-0ce5ae5b2b03|rpc:10.1.0.37:39839|dataStream:|priority:0, da7e3490-bd6e-4553-a90b-b6c1b406431b|rpc:10.1.0.37:39503|dataStream:|priority:0] with ContainerStateMachine:uninitialized
2022-07-30 01:51:17,634 [pool-920-thread-1] INFO  server.RaftServerConfigKeys (ConfUtils.java:logGet(46)) - raft.server.rpc.timeout.min = 5s (custom)
2022-07-30 01:51:17,634 [pool-920-thread-1] INFO  server.RaftServerConfigKeys (ConfUtils.java:logGet(46)) - raft.server.rpc.timeout.max = 5200ms (custom)
2022-07-30 01:51:17,634 [pool-920-thread-1] INFO  server.RaftServerConfigKeys (ConfUtils.java:logGet(46)) - raft.server.rpc.sleep.time = 25ms (default)
2022-07-30 01:51:17,634 [pool-920-thread-1] INFO  server.RaftServerConfigKeys (ConfUtils.java:logGet(46)) - raft.server.rpc.slowness.timeout = 300s (custom)
2022-07-30 01:51:17,634 [pool-920-thread-1] INFO  server.RaftServerConfigKeys (ConfUtils.java:logGet(46)) - raft.server.leaderelection.leader.step-down.wait-time = 10s (default)
2022-07-30 01:51:17,634 [pool-920-thread-1] INFO  server.RaftServerConfigKeys (ConfUtils.java:logGet(46)) - raft.server.sleep.deviation.threshold = 300ms (default)
2022-07-30 01:51:17,635 [pool-920-thread-1] INFO  server.RaftServer$Division (ServerState.java:<init>(107)) - 625bdddd-b23f-4a62-9edb-0ce5ae5b2b03@group-4825E10C280C: ConfigurationManager, init=-1: [764da7f4-576c-4739-b8ba-4f387767ddcb|rpc:10.1.0.37:40341|dataStream:|priority:1, 625bdddd-b23f-4a62-9edb-0ce5ae5b2b03|rpc:10.1.0.37:39839|dataStream:|priority:0, da7e3490-bd6e-4553-a90b-b6c1b406431b|rpc:10.1.0.37:39503|dataStream:|priority:0], old=null, confs=<EMPTY_MAP>
2022-07-30 01:51:17,635 [pool-920-thread-1] INFO  server.RaftServerConfigKeys (ConfUtils.java:logGet(46)) - raft.server.storage.dir = [/home/runner/work/ozone/ozone/hadoop-ozone/integration-test/target/test-dir/MiniOzoneClusterImpl-82f5a944-0aea-4e62-8f89-f91bfebfb0a1/datanode-2/data/ratis] (custom)
2022-07-30 01:51:17,635 [pool-920-thread-1] INFO  server.RaftServerConfigKeys (ConfUtils.java:logGet(46)) - raft.server.log.corruption.policy = EXCEPTION (default)
2022-07-30 01:51:17,635 [pool-920-thread-1] INFO  server.RaftServerConfigKeys (ConfUtils.java:logGet(46)) - raft.server.storage.free-space.min = 0MB (=0) (default)
2022-07-30 01:51:17,635 [pool-920-thread-1] INFO  storage.RaftStorageDirectory (RaftStorageDirectoryImpl.java:analyzeStorage(135)) - The storage directory /home/runner/work/ozone/ozone/hadoop-ozone/integration-test/target/test-dir/MiniOzoneClusterImpl-82f5a944-0aea-4e62-8f89-f91bfebfb0a1/datanode-2/data/ratis/6491e7ae-b4a5-4357-b192-4825e10c280c does not exist. Creating ...
2022-07-30 01:51:17,651 [pool-920-thread-1] INFO  storage.RaftStorageDirectory (RaftStorageDirectoryImpl.java:tryLock(230)) - Lock on /home/runner/work/ozone/ozone/hadoop-ozone/integration-test/target/test-dir/MiniOzoneClusterImpl-82f5a944-0aea-4e62-8f89-f91bfebfb0a1/datanode-2/data/ratis/6491e7ae-b4a5-4357-b192-4825e10c280c/in_use.lock acquired by nodename 10860@fv-az297-62
2022-07-30 01:51:17,654 [pool-920-thread-1] INFO  storage.RaftStorage (RaftStorageImpl.java:format(89)) - Storage directory /home/runner/work/ozone/ozone/hadoop-ozone/integration-test/target/test-dir/MiniOzoneClusterImpl-82f5a944-0aea-4e62-8f89-f91bfebfb0a1/datanode-2/data/ratis/6491e7ae-b4a5-4357-b192-4825e10c280c has been successfully formatted.
2022-07-30 01:51:17,668 [pool-920-thread-1] INFO  ratis.ContainerStateMachine (ContainerStateMachine.java:loadSnapshot(236)) - group-4825E10C280C: The snapshot info is null. Setting the last applied indexto:(t:0, i:~)
2022-07-30 01:51:17,669 [pool-920-thread-1] INFO  server.RaftServerConfigKeys (ConfUtils.java:logGet(46)) - raft.server.notification.no-leader.timeout = 300s (custom)
2022-07-30 01:51:17,669 [pool-920-thread-1] INFO  server.RaftServerConfigKeys (ConfUtils.java:logGet(46)) - raft.server.log.use.memory = false (default)
2022-07-30 01:51:17,669 [pool-920-thread-1] INFO  server.RaftServerConfigKeys (ConfUtils.java:logGet(46)) - raft.server.log.purge.gap = 1000000 (custom)
2022-07-30 01:51:17,669 [pool-920-thread-1] INFO  server.RaftServerConfigKeys (ConfUtils.java:logGet(46)) - raft.server.log.appender.buffer.byte-limit = 33554432 (custom)
2022-07-30 01:51:17,669 [pool-920-thread-1] INFO  server.RaftServerConfigKeys (ConfUtils.java:logGet(46)) - raft.server.log.statemachine.data.read.timeout = 1000ms (default)
2022-07-30 01:51:17,669 [pool-920-thread-1] INFO  server.RaftServerConfigKeys (ConfUtils.java:logGet(46)) - raft.server.log.segment.size.max = 1048576 (custom)
2022-07-30 01:51:17,670 [pool-920-thread-1] INFO  server.RaftServerConfigKeys (ConfUtils.java:logGet(46)) - raft.server.log.segment.cache.num.max = 2 (custom)
2022-07-30 01:51:17,670 [pool-920-thread-1] INFO  server.RaftServerConfigKeys (ConfUtils.java:logGet(46)) - raft.server.log.segment.cache.size.max = 200MB (=209715200) (default)
2022-07-30 01:51:17,670 [pool-920-thread-1] INFO  segmented.SegmentedRaftLogWorker (SegmentedRaftLogWorker.java:<init>(187)) - new 625bdddd-b23f-4a62-9edb-0ce5ae5b2b03@group-4825E10C280C-SegmentedRaftLogWorker for RaftStorageImpl:Storage Directory /home/runner/work/ozone/ozone/hadoop-ozone/integration-test/target/test-dir/MiniOzoneClusterImpl-82f5a944-0aea-4e62-8f89-f91bfebfb0a1/datanode-2/data/ratis/6491e7ae-b4a5-4357-b192-4825e10c280c
2022-07-30 01:51:17,670 [pool-920-thread-1] INFO  server.RaftServerConfigKeys (ConfUtils.java:logGet(46)) - raft.server.log.queue.byte-limit = 4294967296 (custom)
2022-07-30 01:51:17,670 [pool-920-thread-1] INFO  server.RaftServerConfigKeys (ConfUtils.java:logGet(46)) - raft.server.log.queue.element-limit = 1024 (custom)
2022-07-30 01:51:17,670 [pool-920-thread-1] INFO  server.RaftServerConfigKeys (ConfUtils.java:logGet(46)) - raft.server.log.segment.size.max = 1048576 (custom)
2022-07-30 01:51:17,670 [pool-920-thread-1] INFO  server.RaftServerConfigKeys (ConfUtils.java:logGet(46)) - raft.server.log.preallocated.size = 16384 (custom)
2022-07-30 01:51:17,670 [pool-920-thread-1] INFO  server.RaftServerConfigKeys (ConfUtils.java:logGet(46)) - raft.server.log.force.sync.num = 128 (default)
2022-07-30 01:51:17,670 [pool-920-thread-1] INFO  server.RaftServerConfigKeys (ConfUtils.java:logGet(46)) - raft.server.log.statemachine.data.sync = true (default)
2022-07-30 01:51:17,670 [pool-920-thread-1] INFO  server.RaftServerConfigKeys (ConfUtils.java:logGet(46)) - raft.server.log.statemachine.data.sync.timeout = 10s (default)
2022-07-30 01:51:17,670 [pool-920-thread-1] INFO  server.RaftServerConfigKeys (ConfUtils.java:logGet(46)) - raft.server.log.statemachine.data.sync.timeout.retry = -1 (default)
2022-07-30 01:51:17,671 [pool-920-thread-1] INFO  server.RaftServerConfigKeys (ConfUtils.java:logGet(46)) - raft.server.log.write.buffer.size = 1048576 (custom)
2022-07-30 01:51:17,672 [pool-920-thread-1] INFO  server.RaftServerConfigKeys (ConfUtils.java:logGet(46)) - raft.server.log.unsafe-flush.enabled = false (default)
2022-07-30 01:51:17,672 [pool-920-thread-1] INFO  server.RaftServerConfigKeys (ConfUtils.java:logGet(46)) - raft.server.log.statemachine.data.caching.enabled = true (custom)
2022-07-30 01:51:17,672 [pool-920-thread-1] INFO  segmented.SegmentedRaftLogWorker (SegmentedRaftLogWorker.java:lambda$new$0(135)) - 625bdddd-b23f-4a62-9edb-0ce5ae5b2b03@group-4825E10C280C-SegmentedRaftLogWorker: flushIndex: setUnconditionally 0 -> -1
2022-07-30 01:51:17,672 [pool-920-thread-1] INFO  segmented.SegmentedRaftLogWorker (SegmentedRaftLogWorker.java:lambda$new$0(135)) - 625bdddd-b23f-4a62-9edb-0ce5ae5b2b03@group-4825E10C280C-SegmentedRaftLogWorker: safeCacheEvictIndex: setUnconditionally 0 -> -1
2022-07-30 01:51:17,678 [pool-920-thread-1] INFO  server.RaftServerConfigKeys (ConfUtils.java:logGet(46)) - raft.server.snapshot.auto.trigger.enabled = true (custom)
2022-07-30 01:51:17,678 [pool-920-thread-1] INFO  server.RaftServerConfigKeys (ConfUtils.java:logGet(46)) - raft.server.snapshot.auto.trigger.threshold = 10000 (custom)
2022-07-30 01:51:17,678 [pool-920-thread-1] INFO  server.RaftServerConfigKeys (ConfUtils.java:logGet(46)) - raft.server.snapshot.retention.file.num = 5 (custom)
2022-07-30 01:51:17,678 [pool-920-thread-1] INFO  server.RaftServerConfigKeys (ConfUtils.java:logGet(46)) - raft.server.log.purge.upto.snapshot.index = false (default)
2022-07-30 01:51:17,678 [pool-920-thread-1] INFO  server.RaftServerConfigKeys (ConfUtils.java:logGet(46)) - raft.server.retrycache.expirytime = 600000ms (custom)
2022-07-30 01:51:17,678 [pool-920-thread-1] INFO  server.RaftServerConfigKeys (ConfUtils.java:logGet(46)) - raft.server.retrycache.statistics.expirytime = 100μs (default)
2022-07-30 01:51:17,680 [pool-920-thread-1] INFO  server.RaftServerConfigKeys (ConfUtils.java:logGet(46)) - raft.server.log.appender.install.snapshot.enabled = false (custom)
2022-07-30 01:51:17,680 [pool-920-thread-1] INFO  server.RaftServerConfigKeys (ConfUtils.java:logGet(46)) - raft.server.threadpool.server.cached = true (default)
2022-07-30 01:51:17,680 [pool-920-thread-1] INFO  server.RaftServerConfigKeys (ConfUtils.java:logGet(46)) - raft.server.threadpool.server.size = 0 (default)
2022-07-30 01:51:17,680 [pool-920-thread-1] INFO  server.RaftServerConfigKeys (ConfUtils.java:logGet(46)) - raft.server.threadpool.client.cached = true (default)
2022-07-30 01:51:17,680 [pool-920-thread-1] INFO  server.RaftServerConfigKeys (ConfUtils.java:logGet(46)) - raft.server.threadpool.client.size = 0 (default)
2022-07-30 01:51:17,680 [pool-920-thread-1] INFO  server.RaftServer$Division (RaftServerImpl.java:start(310)) - 625bdddd-b23f-4a62-9edb-0ce5ae5b2b03@group-4825E10C280C: start as a follower, conf=-1: [764da7f4-576c-4739-b8ba-4f387767ddcb|rpc:10.1.0.37:40341|dataStream:|priority:1, 625bdddd-b23f-4a62-9edb-0ce5ae5b2b03|rpc:10.1.0.37:39839|dataStream:|priority:0, da7e3490-bd6e-4553-a90b-b6c1b406431b|rpc:10.1.0.37:39503|dataStream:|priority:0], old=null
2022-07-30 01:51:17,680 [pool-920-thread-1] INFO  server.RaftServer$Division (RaftServerImpl.java:setRole(299)) - 625bdddd-b23f-4a62-9edb-0ce5ae5b2b03@group-4825E10C280C: changes role from      null to FOLLOWER at term 0 for startAsFollower
2022-07-30 01:51:17,680 [pool-920-thread-1] INFO  impl.RoleInfo (RoleInfo.java:updateAndGet(139)) - 625bdddd-b23f-4a62-9edb-0ce5ae5b2b03: start 625bdddd-b23f-4a62-9edb-0ce5ae5b2b03@group-4825E10C280C-FollowerState
2022-07-30 01:51:17,693 [pool-920-thread-1] INFO  util.JmxRegister (JmxRegister.java:tryRegister(44)) - Successfully registered JMX Bean with object name Ratis:service=RaftServer,group=group-4825E10C280C,id=625bdddd-b23f-4a62-9edb-0ce5ae5b2b03
2022-07-30 01:51:17,837 [grpc-default-executor-0] INFO  server.RaftServer (RaftServerProxy.java:addNew(96)) - da7e3490-bd6e-4553-a90b-b6c1b406431b: addNew group-4825E10C280C:[764da7f4-576c-4739-b8ba-4f387767ddcb|rpc:10.1.0.37:40341|dataStream:|priority:1, 625bdddd-b23f-4a62-9edb-0ce5ae5b2b03|rpc:10.1.0.37:39839|dataStream:|priority:0, da7e3490-bd6e-4553-a90b-b6c1b406431b|rpc:10.1.0.37:39503|dataStream:|priority:0] returns group-4825E10C280C:java.util.concurrent.CompletableFuture@7381818b[Not completed]
2022-07-30 01:51:17,842 [pool-897-thread-1] INFO  server.RaftServer$Division (RaftServerImpl.java:<init>(190)) - da7e3490-bd6e-4553-a90b-b6c1b406431b: new RaftServerImpl for group-4825E10C280C:[764da7f4-576c-4739-b8ba-4f387767ddcb|rpc:10.1.0.37:40341|dataStream:|priority:1, 625bdddd-b23f-4a62-9edb-0ce5ae5b2b03|rpc:10.1.0.37:39839|dataStream:|priority:0, da7e3490-bd6e-4553-a90b-b6c1b406431b|rpc:10.1.0.37:39503|dataStream:|priority:0] with ContainerStateMachine:uninitialized
2022-07-30 01:51:17,843 [pool-897-thread-1] INFO  server.RaftServerConfigKeys (ConfUtils.java:logGet(46)) - raft.server.rpc.timeout.min = 5s (custom)
2022-07-30 01:51:17,843 [pool-897-thread-1] INFO  server.RaftServerConfigKeys (ConfUtils.java:logGet(46)) - raft.server.rpc.timeout.max = 5200ms (custom)
2022-07-30 01:51:17,843 [pool-897-thread-1] INFO  server.RaftServerConfigKeys (ConfUtils.java:logGet(46)) - raft.server.rpc.sleep.time = 25ms (default)
2022-07-30 01:51:17,843 [pool-897-thread-1] INFO  server.RaftServerConfigKeys (ConfUtils.java:logGet(46)) - raft.server.rpc.slowness.timeout = 300s (custom)
2022-07-30 01:51:17,843 [pool-897-thread-1] INFO  server.RaftServerConfigKeys (ConfUtils.java:logGet(46)) - raft.server.leaderelection.leader.step-down.wait-time = 10s (default)
2022-07-30 01:51:17,843 [pool-897-thread-1] INFO  server.RaftServerConfigKeys (ConfUtils.java:logGet(46)) - raft.server.sleep.deviation.threshold = 300ms (default)
2022-07-30 01:51:17,843 [pool-897-thread-1] INFO  server.RaftServer$Division (ServerState.java:<init>(107)) - da7e3490-bd6e-4553-a90b-b6c1b406431b@group-4825E10C280C: ConfigurationManager, init=-1: [764da7f4-576c-4739-b8ba-4f387767ddcb|rpc:10.1.0.37:40341|dataStream:|priority:1, 625bdddd-b23f-4a62-9edb-0ce5ae5b2b03|rpc:10.1.0.37:39839|dataStream:|priority:0, da7e3490-bd6e-4553-a90b-b6c1b406431b|rpc:10.1.0.37:39503|dataStream:|priority:0], old=null, confs=<EMPTY_MAP>
2022-07-30 01:51:17,843 [pool-897-thread-1] INFO  server.RaftServerConfigKeys (ConfUtils.java:logGet(46)) - raft.server.storage.dir = [/home/runner/work/ozone/ozone/hadoop-ozone/integration-test/target/test-dir/MiniOzoneClusterImpl-82f5a944-0aea-4e62-8f89-f91bfebfb0a1/datanode-1/data/ratis] (custom)
2022-07-30 01:51:17,843 [pool-897-thread-1] INFO  server.RaftServerConfigKeys (ConfUtils.java:logGet(46)) - raft.server.log.corruption.policy = EXCEPTION (default)
2022-07-30 01:51:17,843 [pool-897-thread-1] INFO  server.RaftServerConfigKeys (ConfUtils.java:logGet(46)) - raft.server.storage.free-space.min = 0MB (=0) (default)
2022-07-30 01:51:17,843 [pool-897-thread-1] INFO  storage.RaftStorageDirectory (RaftStorageDirectoryImpl.java:analyzeStorage(135)) - The storage directory /home/runner/work/ozone/ozone/hadoop-ozone/integration-test/target/test-dir/MiniOzoneClusterImpl-82f5a944-0aea-4e62-8f89-f91bfebfb0a1/datanode-1/data/ratis/6491e7ae-b4a5-4357-b192-4825e10c280c does not exist. Creating ...
2022-07-30 01:51:17,844 [pool-897-thread-1] INFO  storage.RaftStorageDirectory (RaftStorageDirectoryImpl.java:tryLock(230)) - Lock on /home/runner/work/ozone/ozone/hadoop-ozone/integration-test/target/test-dir/MiniOzoneClusterImpl-82f5a944-0aea-4e62-8f89-f91bfebfb0a1/datanode-1/data/ratis/6491e7ae-b4a5-4357-b192-4825e10c280c/in_use.lock acquired by nodename 10860@fv-az297-62
2022-07-30 01:51:17,845 [pool-897-thread-1] INFO  storage.RaftStorage (RaftStorageImpl.java:format(89)) - Storage directory /home/runner/work/ozone/ozone/hadoop-ozone/integration-test/target/test-dir/MiniOzoneClusterImpl-82f5a944-0aea-4e62-8f89-f91bfebfb0a1/datanode-1/data/ratis/6491e7ae-b4a5-4357-b192-4825e10c280c has been successfully formatted.
2022-07-30 01:51:17,859 [pool-897-thread-1] INFO  ratis.ContainerStateMachine (ContainerStateMachine.java:loadSnapshot(236)) - group-4825E10C280C: The snapshot info is null. Setting the last applied indexto:(t:0, i:~)
2022-07-30 01:51:17,860 [pool-897-thread-1] INFO  server.RaftServerConfigKeys (ConfUtils.java:logGet(46)) - raft.server.notification.no-leader.timeout = 300s (custom)
2022-07-30 01:51:17,860 [pool-897-thread-1] INFO  server.RaftServerConfigKeys (ConfUtils.java:logGet(46)) - raft.server.log.use.memory = false (default)
2022-07-30 01:51:17,860 [pool-897-thread-1] INFO  server.RaftServerConfigKeys (ConfUtils.java:logGet(46)) - raft.server.log.purge.gap = 1000000 (custom)
2022-07-30 01:51:17,860 [pool-897-thread-1] INFO  server.RaftServerConfigKeys (ConfUtils.java:logGet(46)) - raft.server.log.appender.buffer.byte-limit = 33554432 (custom)
2022-07-30 01:51:17,860 [pool-897-thread-1] INFO  server.RaftServerConfigKeys (ConfUtils.java:logGet(46)) - raft.server.log.statemachine.data.read.timeout = 1000ms (default)
2022-07-30 01:51:17,860 [pool-897-thread-1] INFO  server.RaftServerConfigKeys (ConfUtils.java:logGet(46)) - raft.server.log.segment.size.max = 1048576 (custom)
2022-07-30 01:51:17,861 [pool-897-thread-1] INFO  server.RaftServerConfigKeys (ConfUtils.java:logGet(46)) - raft.server.log.segment.cache.num.max = 2 (custom)
2022-07-30 01:51:17,861 [pool-897-thread-1] INFO  server.RaftServerConfigKeys (ConfUtils.java:logGet(46)) - raft.server.log.segment.cache.size.max = 200MB (=209715200) (default)
2022-07-30 01:51:17,861 [pool-897-thread-1] INFO  segmented.SegmentedRaftLogWorker (SegmentedRaftLogWorker.java:<init>(187)) - new da7e3490-bd6e-4553-a90b-b6c1b406431b@group-4825E10C280C-SegmentedRaftLogWorker for RaftStorageImpl:Storage Directory /home/runner/work/ozone/ozone/hadoop-ozone/integration-test/target/test-dir/MiniOzoneClusterImpl-82f5a944-0aea-4e62-8f89-f91bfebfb0a1/datanode-1/data/ratis/6491e7ae-b4a5-4357-b192-4825e10c280c
2022-07-30 01:51:17,861 [pool-897-thread-1] INFO  server.RaftServerConfigKeys (ConfUtils.java:logGet(46)) - raft.server.log.queue.byte-limit = 4294967296 (custom)
2022-07-30 01:51:17,861 [pool-897-thread-1] INFO  server.RaftServerConfigKeys (ConfUtils.java:logGet(46)) - raft.server.log.queue.element-limit = 1024 (custom)
2022-07-30 01:51:17,861 [pool-897-thread-1] INFO  server.RaftServerConfigKeys (ConfUtils.java:logGet(46)) - raft.server.log.segment.size.max = 1048576 (custom)
2022-07-30 01:51:17,861 [pool-897-thread-1] INFO  server.RaftServerConfigKeys (ConfUtils.java:logGet(46)) - raft.server.log.preallocated.size = 16384 (custom)
2022-07-30 01:51:17,861 [pool-897-thread-1] INFO  server.RaftServerConfigKeys (ConfUtils.java:logGet(46)) - raft.server.log.force.sync.num = 128 (default)
2022-07-30 01:51:17,861 [pool-897-thread-1] INFO  server.RaftServerConfigKeys (ConfUtils.java:logGet(46)) - raft.server.log.statemachine.data.sync = true (default)
2022-07-30 01:51:17,861 [pool-897-thread-1] INFO  server.RaftServerConfigKeys (ConfUtils.java:logGet(46)) - raft.server.log.statemachine.data.sync.timeout = 10s (default)
2022-07-30 01:51:17,861 [pool-897-thread-1] INFO  server.RaftServerConfigKeys (ConfUtils.java:logGet(46)) - raft.server.log.statemachine.data.sync.timeout.retry = -1 (default)
2022-07-30 01:51:17,862 [pool-897-thread-1] INFO  server.RaftServerConfigKeys (ConfUtils.java:logGet(46)) - raft.server.log.write.buffer.size = 1048576 (custom)
2022-07-30 01:51:17,863 [pool-897-thread-1] INFO  server.RaftServerConfigKeys (ConfUtils.java:logGet(46)) - raft.server.log.unsafe-flush.enabled = false (default)
2022-07-30 01:51:17,863 [pool-897-thread-1] INFO  server.RaftServerConfigKeys (ConfUtils.java:logGet(46)) - raft.server.log.statemachine.data.caching.enabled = true (custom)
2022-07-30 01:51:17,863 [pool-897-thread-1] INFO  segmented.SegmentedRaftLogWorker (SegmentedRaftLogWorker.java:lambda$new$0(135)) - da7e3490-bd6e-4553-a90b-b6c1b406431b@group-4825E10C280C-SegmentedRaftLogWorker: flushIndex: setUnconditionally 0 -> -1
2022-07-30 01:51:17,863 [pool-897-thread-1] INFO  segmented.SegmentedRaftLogWorker (SegmentedRaftLogWorker.java:lambda$new$0(135)) - da7e3490-bd6e-4553-a90b-b6c1b406431b@group-4825E10C280C-SegmentedRaftLogWorker: safeCacheEvictIndex: setUnconditionally 0 -> -1
2022-07-30 01:51:17,870 [pool-897-thread-1] INFO  server.RaftServerConfigKeys (ConfUtils.java:logGet(46)) - raft.server.snapshot.auto.trigger.enabled = true (custom)
2022-07-30 01:51:17,870 [pool-897-thread-1] INFO  server.RaftServerConfigKeys (ConfUtils.java:logGet(46)) - raft.server.snapshot.auto.trigger.threshold = 10000 (custom)
2022-07-30 01:51:17,870 [pool-897-thread-1] INFO  server.RaftServerConfigKeys (ConfUtils.java:logGet(46)) - raft.server.snapshot.retention.file.num = 5 (custom)
2022-07-30 01:51:17,870 [pool-897-thread-1] INFO  server.RaftServerConfigKeys (ConfUtils.java:logGet(46)) - raft.server.log.purge.upto.snapshot.index = false (default)
2022-07-30 01:51:17,870 [pool-897-thread-1] INFO  server.RaftServerConfigKeys (ConfUtils.java:logGet(46)) - raft.server.retrycache.expirytime = 600000ms (custom)
2022-07-30 01:51:17,870 [pool-897-thread-1] INFO  server.RaftServerConfigKeys (ConfUtils.java:logGet(46)) - raft.server.retrycache.statistics.expirytime = 100μs (default)
2022-07-30 01:51:17,872 [pool-897-thread-1] INFO  server.RaftServerConfigKeys (ConfUtils.java:logGet(46)) - raft.server.log.appender.install.snapshot.enabled = false (custom)
2022-07-30 01:51:17,872 [pool-897-thread-1] INFO  server.RaftServerConfigKeys (ConfUtils.java:logGet(46)) - raft.server.threadpool.server.cached = true (default)
2022-07-30 01:51:17,872 [pool-897-thread-1] INFO  server.RaftServerConfigKeys (ConfUtils.java:logGet(46)) - raft.server.threadpool.server.size = 0 (default)
2022-07-30 01:51:17,872 [pool-897-thread-1] INFO  server.RaftServerConfigKeys (ConfUtils.java:logGet(46)) - raft.server.threadpool.client.cached = true (default)
2022-07-30 01:51:17,872 [pool-897-thread-1] INFO  server.RaftServerConfigKeys (ConfUtils.java:logGet(46)) - raft.server.threadpool.client.size = 0 (default)
2022-07-30 01:51:17,872 [pool-897-thread-1] INFO  server.RaftServer$Division (RaftServerImpl.java:start(310)) - da7e3490-bd6e-4553-a90b-b6c1b406431b@group-4825E10C280C: start as a follower, conf=-1: [764da7f4-576c-4739-b8ba-4f387767ddcb|rpc:10.1.0.37:40341|dataStream:|priority:1, 625bdddd-b23f-4a62-9edb-0ce5ae5b2b03|rpc:10.1.0.37:39839|dataStream:|priority:0, da7e3490-bd6e-4553-a90b-b6c1b406431b|rpc:10.1.0.37:39503|dataStream:|priority:0], old=null
2022-07-30 01:51:17,872 [pool-897-thread-1] INFO  server.RaftServer$Division (RaftServerImpl.java:setRole(299)) - da7e3490-bd6e-4553-a90b-b6c1b406431b@group-4825E10C280C: changes role from      null to FOLLOWER at term 0 for startAsFollower
2022-07-30 01:51:17,872 [pool-897-thread-1] INFO  impl.RoleInfo (RoleInfo.java:updateAndGet(139)) - da7e3490-bd6e-4553-a90b-b6c1b406431b: start da7e3490-bd6e-4553-a90b-b6c1b406431b@group-4825E10C280C-FollowerState
2022-07-30 01:51:17,873 [pool-897-thread-1] INFO  util.JmxRegister (JmxRegister.java:tryRegister(44)) - Successfully registered JMX Bean with object name Ratis:service=RaftServer,group=group-4825E10C280C,id=da7e3490-bd6e-4553-a90b-b6c1b406431b
2022-07-30 01:51:17,886 [Command processor thread] INFO  commandhandler.CreatePipelineCommandHandler (CreatePipelineCommandHandler.java:handle(113)) - Created Pipeline RATIS THREE PipelineID=6491e7ae-b4a5-4357-b192-4825e10c280c.
2022-07-30 01:51:17,887 [Command processor thread] INFO  server.RaftServer (RaftServerProxy.java:addNew(96)) - 764da7f4-576c-4739-b8ba-4f387767ddcb: addNew group-F9F44761267B:[764da7f4-576c-4739-b8ba-4f387767ddcb|rpc:10.1.0.37:40341|priority:0, 625bdddd-b23f-4a62-9edb-0ce5ae5b2b03|rpc:10.1.0.37:39839|priority:0, da7e3490-bd6e-4553-a90b-b6c1b406431b|rpc:10.1.0.37:39503|priority:1] returns group-F9F44761267B:java.util.concurrent.CompletableFuture@5ba06afa[Not completed]
2022-07-30 01:51:17,887 [pool-874-thread-1] INFO  server.RaftServer$Division (RaftServerImpl.java:<init>(190)) - 764da7f4-576c-4739-b8ba-4f387767ddcb: new RaftServerImpl for group-F9F44761267B:[764da7f4-576c-4739-b8ba-4f387767ddcb|rpc:10.1.0.37:40341|priority:0, 625bdddd-b23f-4a62-9edb-0ce5ae5b2b03|rpc:10.1.0.37:39839|priority:0, da7e3490-bd6e-4553-a90b-b6c1b406431b|rpc:10.1.0.37:39503|priority:1] with ContainerStateMachine:uninitialized
2022-07-30 01:51:17,887 [pool-874-thread-1] INFO  server.RaftServerConfigKeys (ConfUtils.java:logGet(46)) - raft.server.rpc.timeout.min = 5s (custom)
2022-07-30 01:51:17,887 [pool-874-thread-1] INFO  server.RaftServerConfigKeys (ConfUtils.java:logGet(46)) - raft.server.rpc.timeout.max = 5200ms (custom)
2022-07-30 01:51:17,887 [pool-874-thread-1] INFO  server.RaftServerConfigKeys (ConfUtils.java:logGet(46)) - raft.server.rpc.sleep.time = 25ms (default)
2022-07-30 01:51:17,888 [pool-874-thread-1] INFO  server.RaftServerConfigKeys (ConfUtils.java:logGet(46)) - raft.server.rpc.slowness.timeout = 300s (custom)
2022-07-30 01:51:17,888 [pool-874-thread-1] INFO  server.RaftServerConfigKeys (ConfUtils.java:logGet(46)) - raft.server.leaderelection.leader.step-down.wait-time = 10s (default)
2022-07-30 01:51:17,888 [pool-874-thread-1] INFO  server.RaftServerConfigKeys (ConfUtils.java:logGet(46)) - raft.server.sleep.deviation.threshold = 300ms (default)
2022-07-30 01:51:17,888 [pool-874-thread-1] INFO  server.RaftServer$Division (ServerState.java:<init>(107)) - 764da7f4-576c-4739-b8ba-4f387767ddcb@group-F9F44761267B: ConfigurationManager, init=-1: [764da7f4-576c-4739-b8ba-4f387767ddcb|rpc:10.1.0.37:40341|priority:0, 625bdddd-b23f-4a62-9edb-0ce5ae5b2b03|rpc:10.1.0.37:39839|priority:0, da7e3490-bd6e-4553-a90b-b6c1b406431b|rpc:10.1.0.37:39503|priority:1], old=null, confs=<EMPTY_MAP>
2022-07-30 01:51:17,888 [pool-874-thread-1] INFO  server.RaftServerConfigKeys (ConfUtils.java:logGet(46)) - raft.server.storage.dir = [/home/runner/work/ozone/ozone/hadoop-ozone/integration-test/target/test-dir/MiniOzoneClusterImpl-82f5a944-0aea-4e62-8f89-f91bfebfb0a1/datanode-0/data/ratis] (custom)
2022-07-30 01:51:17,888 [pool-874-thread-1] INFO  server.RaftServerConfigKeys (ConfUtils.java:logGet(46)) - raft.server.log.corruption.policy = EXCEPTION (default)
2022-07-30 01:51:17,888 [pool-874-thread-1] INFO  server.RaftServerConfigKeys (ConfUtils.java:logGet(46)) - raft.server.storage.free-space.min = 0MB (=0) (default)
2022-07-30 01:51:17,888 [pool-874-thread-1] INFO  storage.RaftStorageDirectory (RaftStorageDirectoryImpl.java:analyzeStorage(135)) - The storage directory /home/runner/work/ozone/ozone/hadoop-ozone/integration-test/target/test-dir/MiniOzoneClusterImpl-82f5a944-0aea-4e62-8f89-f91bfebfb0a1/datanode-0/data/ratis/959eb944-99a7-44cc-9081-f9f44761267b does not exist. Creating ...
2022-07-30 01:51:17,890 [pool-874-thread-1] INFO  storage.RaftStorageDirectory (RaftStorageDirectoryImpl.java:tryLock(230)) - Lock on /home/runner/work/ozone/ozone/hadoop-ozone/integration-test/target/test-dir/MiniOzoneClusterImpl-82f5a944-0aea-4e62-8f89-f91bfebfb0a1/datanode-0/data/ratis/959eb944-99a7-44cc-9081-f9f44761267b/in_use.lock acquired by nodename 10860@fv-az297-62
2022-07-30 01:51:17,892 [pool-874-thread-1] INFO  storage.RaftStorage (RaftStorageImpl.java:format(89)) - Storage directory /home/runner/work/ozone/ozone/hadoop-ozone/integration-test/target/test-dir/MiniOzoneClusterImpl-82f5a944-0aea-4e62-8f89-f91bfebfb0a1/datanode-0/data/ratis/959eb944-99a7-44cc-9081-f9f44761267b has been successfully formatted.
2022-07-30 01:51:17,892 [pool-874-thread-1] INFO  ratis.ContainerStateMachine (ContainerStateMachine.java:loadSnapshot(236)) - group-F9F44761267B: The snapshot info is null. Setting the last applied indexto:(t:0, i:~)
2022-07-30 01:51:17,892 [pool-874-thread-1] INFO  server.RaftServerConfigKeys (ConfUtils.java:logGet(46)) - raft.server.notification.no-leader.timeout = 300s (custom)
2022-07-30 01:51:17,892 [pool-874-thread-1] INFO  server.RaftServerConfigKeys (ConfUtils.java:logGet(46)) - raft.server.log.use.memory = false (default)
2022-07-30 01:51:17,892 [pool-874-thread-1] INFO  server.RaftServerConfigKeys (ConfUtils.java:logGet(46)) - raft.server.log.purge.gap = 1000000 (custom)
2022-07-30 01:51:17,892 [pool-874-thread-1] INFO  server.RaftServerConfigKeys (ConfUtils.java:logGet(46)) - raft.server.log.appender.buffer.byte-limit = 33554432 (custom)
2022-07-30 01:51:17,892 [pool-874-thread-1] INFO  server.RaftServerConfigKeys (ConfUtils.java:logGet(46)) - raft.server.log.statemachine.data.read.timeout = 1000ms (default)
2022-07-30 01:51:17,892 [pool-874-thread-1] INFO  server.RaftServerConfigKeys (ConfUtils.java:logGet(46)) - raft.server.log.segment.size.max = 1048576 (custom)
2022-07-30 01:51:17,893 [pool-874-thread-1] INFO  server.RaftServerConfigKeys (ConfUtils.java:logGet(46)) - raft.server.log.segment.cache.num.max = 2 (custom)
2022-07-30 01:51:17,893 [pool-874-thread-1] INFO  server.RaftServerConfigKeys (ConfUtils.java:logGet(46)) - raft.server.log.segment.cache.size.max = 200MB (=209715200) (default)
2022-07-30 01:51:17,893 [pool-874-thread-1] INFO  segmented.SegmentedRaftLogWorker (SegmentedRaftLogWorker.java:<init>(187)) - new 764da7f4-576c-4739-b8ba-4f387767ddcb@group-F9F44761267B-SegmentedRaftLogWorker for RaftStorageImpl:Storage Directory /home/runner/work/ozone/ozone/hadoop-ozone/integration-test/target/test-dir/MiniOzoneClusterImpl-82f5a944-0aea-4e62-8f89-f91bfebfb0a1/datanode-0/data/ratis/959eb944-99a7-44cc-9081-f9f44761267b
2022-07-30 01:51:17,893 [pool-874-thread-1] INFO  server.RaftServerConfigKeys (ConfUtils.java:logGet(46)) - raft.server.log.queue.byte-limit = 4294967296 (custom)
2022-07-30 01:51:17,893 [pool-874-thread-1] INFO  server.RaftServerConfigKeys (ConfUtils.java:logGet(46)) - raft.server.log.queue.element-limit = 1024 (custom)
2022-07-30 01:51:17,893 [pool-874-thread-1] INFO  server.RaftServerConfigKeys (ConfUtils.java:logGet(46)) - raft.server.log.segment.size.max = 1048576 (custom)
2022-07-30 01:51:17,893 [pool-874-thread-1] INFO  server.RaftServerConfigKeys (ConfUtils.java:logGet(46)) - raft.server.log.preallocated.size = 16384 (custom)
2022-07-30 01:51:17,893 [pool-874-thread-1] INFO  server.RaftServerConfigKeys (ConfUtils.java:logGet(46)) - raft.server.log.force.sync.num = 128 (default)
2022-07-30 01:51:17,893 [pool-874-thread-1] INFO  server.RaftServerConfigKeys (ConfUtils.java:logGet(46)) - raft.server.log.statemachine.data.sync = true (default)
2022-07-30 01:51:17,893 [pool-874-thread-1] INFO  server.RaftServerConfigKeys (ConfUtils.java:logGet(46)) - raft.server.log.statemachine.data.sync.timeout = 10s (default)
2022-07-30 01:51:17,893 [pool-874-thread-1] INFO  server.RaftServerConfigKeys (ConfUtils.java:logGet(46)) - raft.server.log.statemachine.data.sync.timeout.retry = -1 (default)
2022-07-30 01:51:17,894 [pool-874-thread-1] INFO  server.RaftServerConfigKeys (ConfUtils.java:logGet(46)) - raft.server.log.write.buffer.size = 1048576 (custom)
2022-07-30 01:51:17,895 [pool-874-thread-1] INFO  server.RaftServerConfigKeys (ConfUtils.java:logGet(46)) - raft.server.log.unsafe-flush.enabled = false (default)
2022-07-30 01:51:17,895 [pool-874-thread-1] INFO  server.RaftServerConfigKeys (ConfUtils.java:logGet(46)) - raft.server.log.statemachine.data.caching.enabled = true (custom)
2022-07-30 01:51:17,895 [pool-874-thread-1] INFO  segmented.SegmentedRaftLogWorker (SegmentedRaftLogWorker.java:lambda$new$0(135)) - 764da7f4-576c-4739-b8ba-4f387767ddcb@group-F9F44761267B-SegmentedRaftLogWorker: flushIndex: setUnconditionally 0 -> -1
2022-07-30 01:51:17,896 [EventQueue-OpenPipelineForHealthyPipelineSafeModeRule] INFO  safemode.SCMSafeModeManager (HealthyPipelineSafeModeRule.java:process(137)) - SCM in safe mode. Healthy pipelines reported count is 0, required healthy pipeline reported count is 1
2022-07-30 01:51:17,903 [pool-874-thread-1] INFO  segmented.SegmentedRaftLogWorker (SegmentedRaftLogWorker.java:lambda$new$0(135)) - 764da7f4-576c-4739-b8ba-4f387767ddcb@group-F9F44761267B-SegmentedRaftLogWorker: safeCacheEvictIndex: setUnconditionally 0 -> -1
2022-07-30 01:51:17,928 [pool-874-thread-1] INFO  server.RaftServerConfigKeys (ConfUtils.java:logGet(46)) - raft.server.snapshot.auto.trigger.enabled = true (custom)
2022-07-30 01:51:17,928 [pool-874-thread-1] INFO  server.RaftServerConfigKeys (ConfUtils.java:logGet(46)) - raft.server.snapshot.auto.trigger.threshold = 10000 (custom)
2022-07-30 01:51:17,928 [pool-874-thread-1] INFO  server.RaftServerConfigKeys (ConfUtils.java:logGet(46)) - raft.server.snapshot.retention.file.num = 5 (custom)
2022-07-30 01:51:17,928 [pool-874-thread-1] INFO  server.RaftServerConfigKeys (ConfUtils.java:logGet(46)) - raft.server.log.purge.upto.snapshot.index = false (default)
2022-07-30 01:51:17,928 [pool-874-thread-1] INFO  server.RaftServerConfigKeys (ConfUtils.java:logGet(46)) - raft.server.retrycache.expirytime = 600000ms (custom)
2022-07-30 01:51:17,928 [pool-874-thread-1] INFO  server.RaftServerConfigKeys (ConfUtils.java:logGet(46)) - raft.server.retrycache.statistics.expirytime = 100μs (default)
2022-07-30 01:51:17,930 [pool-874-thread-1] INFO  server.RaftServerConfigKeys (ConfUtils.java:logGet(46)) - raft.server.log.appender.install.snapshot.enabled = false (custom)
2022-07-30 01:51:17,930 [pool-874-thread-1] INFO  server.RaftServerConfigKeys (ConfUtils.java:logGet(46)) - raft.server.threadpool.server.cached = true (default)
2022-07-30 01:51:17,930 [pool-874-thread-1] INFO  server.RaftServerConfigKeys (ConfUtils.java:logGet(46)) - raft.server.threadpool.server.size = 0 (default)
2022-07-30 01:51:17,930 [pool-874-thread-1] INFO  server.RaftServerConfigKeys (ConfUtils.java:logGet(46)) - raft.server.threadpool.client.cached = true (default)
2022-07-30 01:51:17,930 [pool-874-thread-1] INFO  server.RaftServerConfigKeys (ConfUtils.java:logGet(46)) - raft.server.threadpool.client.size = 0 (default)
2022-07-30 01:51:17,930 [pool-874-thread-1] INFO  server.RaftServer$Division (RaftServerImpl.java:start(310)) - 764da7f4-576c-4739-b8ba-4f387767ddcb@group-F9F44761267B: start as a follower, conf=-1: [764da7f4-576c-4739-b8ba-4f387767ddcb|rpc:10.1.0.37:40341|priority:0, 625bdddd-b23f-4a62-9edb-0ce5ae5b2b03|rpc:10.1.0.37:39839|priority:0, da7e3490-bd6e-4553-a90b-b6c1b406431b|rpc:10.1.0.37:39503|priority:1], old=null
2022-07-30 01:51:17,932 [pool-874-thread-1] INFO  server.RaftServer$Division (RaftServerImpl.java:setRole(299)) - 764da7f4-576c-4739-b8ba-4f387767ddcb@group-F9F44761267B: changes role from      null to FOLLOWER at term 0 for startAsFollower
2022-07-30 01:51:17,932 [pool-874-thread-1] INFO  impl.RoleInfo (RoleInfo.java:updateAndGet(139)) - 764da7f4-576c-4739-b8ba-4f387767ddcb: start 764da7f4-576c-4739-b8ba-4f387767ddcb@group-F9F44761267B-FollowerState
2022-07-30 01:51:17,934 [pool-874-thread-1] INFO  util.JmxRegister (JmxRegister.java:tryRegister(44)) - Successfully registered JMX Bean with object name Ratis:service=RaftServer,group=group-F9F44761267B,id=764da7f4-576c-4739-b8ba-4f387767ddcb
2022-07-30 01:51:17,948 [Command processor thread] INFO  ratis.XceiverServerRatis (XceiverServerRatis.java:addGroup(765)) - Created group PipelineID=959eb944-99a7-44cc-9081-f9f44761267b
2022-07-30 01:51:18,004 [grpc-default-executor-0] INFO  server.RaftServer (RaftServerProxy.java:addNew(96)) - 625bdddd-b23f-4a62-9edb-0ce5ae5b2b03: addNew group-F9F44761267B:[764da7f4-576c-4739-b8ba-4f387767ddcb|rpc:10.1.0.37:40341|dataStream:|priority:0, 625bdddd-b23f-4a62-9edb-0ce5ae5b2b03|rpc:10.1.0.37:39839|dataStream:|priority:0, da7e3490-bd6e-4553-a90b-b6c1b406431b|rpc:10.1.0.37:39503|dataStream:|priority:1] returns group-F9F44761267B:java.util.concurrent.CompletableFuture@2e27f39f[Not completed]
2022-07-30 01:51:18,004 [pool-920-thread-1] INFO  server.RaftServer$Division (RaftServerImpl.java:<init>(190)) - 625bdddd-b23f-4a62-9edb-0ce5ae5b2b03: new RaftServerImpl for group-F9F44761267B:[764da7f4-576c-4739-b8ba-4f387767ddcb|rpc:10.1.0.37:40341|dataStream:|priority:0, 625bdddd-b23f-4a62-9edb-0ce5ae5b2b03|rpc:10.1.0.37:39839|dataStream:|priority:0, da7e3490-bd6e-4553-a90b-b6c1b406431b|rpc:10.1.0.37:39503|dataStream:|priority:1] with ContainerStateMachine:uninitialized
2022-07-30 01:51:18,004 [pool-920-thread-1] INFO  server.RaftServerConfigKeys (ConfUtils.java:logGet(46)) - raft.server.rpc.timeout.min = 5s (custom)
2022-07-30 01:51:18,004 [pool-920-thread-1] INFO  server.RaftServerConfigKeys (ConfUtils.java:logGet(46)) - raft.server.rpc.timeout.max = 5200ms (custom)
2022-07-30 01:51:18,004 [pool-920-thread-1] INFO  server.RaftServerConfigKeys (ConfUtils.java:logGet(46)) - raft.server.rpc.sleep.time = 25ms (default)
2022-07-30 01:51:18,004 [pool-920-thread-1] INFO  server.RaftServerConfigKeys (ConfUtils.java:logGet(46)) - raft.server.rpc.slowness.timeout = 300s (custom)
2022-07-30 01:51:18,004 [pool-920-thread-1] INFO  server.RaftServerConfigKeys (ConfUtils.java:logGet(46)) - raft.server.leaderelection.leader.step-down.wait-time = 10s (default)
2022-07-30 01:51:18,005 [pool-920-thread-1] INFO  server.RaftServerConfigKeys (ConfUtils.java:logGet(46)) - raft.server.sleep.deviation.threshold = 300ms (default)
2022-07-30 01:51:18,005 [pool-920-thread-1] INFO  server.RaftServer$Division (ServerState.java:<init>(107)) - 625bdddd-b23f-4a62-9edb-0ce5ae5b2b03@group-F9F44761267B: ConfigurationManager, init=-1: [764da7f4-576c-4739-b8ba-4f387767ddcb|rpc:10.1.0.37:40341|dataStream:|priority:0, 625bdddd-b23f-4a62-9edb-0ce5ae5b2b03|rpc:10.1.0.37:39839|dataStream:|priority:0, da7e3490-bd6e-4553-a90b-b6c1b406431b|rpc:10.1.0.37:39503|dataStream:|priority:1], old=null, confs=<EMPTY_MAP>
2022-07-30 01:51:18,005 [pool-920-thread-1] INFO  server.RaftServerConfigKeys (ConfUtils.java:logGet(46)) - raft.server.storage.dir = [/home/runner/work/ozone/ozone/hadoop-ozone/integration-test/target/test-dir/MiniOzoneClusterImpl-82f5a944-0aea-4e62-8f89-f91bfebfb0a1/datanode-2/data/ratis] (custom)
2022-07-30 01:51:18,005 [pool-920-thread-1] INFO  server.RaftServerConfigKeys (ConfUtils.java:logGet(46)) - raft.server.log.corruption.policy = EXCEPTION (default)
2022-07-30 01:51:18,005 [pool-920-thread-1] INFO  server.RaftServerConfigKeys (ConfUtils.java:logGet(46)) - raft.server.storage.free-space.min = 0MB (=0) (default)
2022-07-30 01:51:18,005 [pool-920-thread-1] INFO  storage.RaftStorageDirectory (RaftStorageDirectoryImpl.java:analyzeStorage(135)) - The storage directory /home/runner/work/ozone/ozone/hadoop-ozone/integration-test/target/test-dir/MiniOzoneClusterImpl-82f5a944-0aea-4e62-8f89-f91bfebfb0a1/datanode-2/data/ratis/959eb944-99a7-44cc-9081-f9f44761267b does not exist. Creating ...
2022-07-30 01:51:18,011 [pool-920-thread-1] INFO  storage.RaftStorageDirectory (RaftStorageDirectoryImpl.java:tryLock(230)) - Lock on /home/runner/work/ozone/ozone/hadoop-ozone/integration-test/target/test-dir/MiniOzoneClusterImpl-82f5a944-0aea-4e62-8f89-f91bfebfb0a1/datanode-2/data/ratis/959eb944-99a7-44cc-9081-f9f44761267b/in_use.lock acquired by nodename 10860@fv-az297-62
2022-07-30 01:51:18,014 [pool-920-thread-1] INFO  storage.RaftStorage (RaftStorageImpl.java:format(89)) - Storage directory /home/runner/work/ozone/ozone/hadoop-ozone/integration-test/target/test-dir/MiniOzoneClusterImpl-82f5a944-0aea-4e62-8f89-f91bfebfb0a1/datanode-2/data/ratis/959eb944-99a7-44cc-9081-f9f44761267b has been successfully formatted.
2022-07-30 01:51:18,014 [pool-920-thread-1] INFO  ratis.ContainerStateMachine (ContainerStateMachine.java:loadSnapshot(236)) - group-F9F44761267B: The snapshot info is null. Setting the last applied indexto:(t:0, i:~)
2022-07-30 01:51:18,014 [pool-920-thread-1] INFO  server.RaftServerConfigKeys (ConfUtils.java:logGet(46)) - raft.server.notification.no-leader.timeout = 300s (custom)
2022-07-30 01:51:18,014 [pool-920-thread-1] INFO  server.RaftServerConfigKeys (ConfUtils.java:logGet(46)) - raft.server.log.use.memory = false (default)
2022-07-30 01:51:18,014 [pool-920-thread-1] INFO  server.RaftServerConfigKeys (ConfUtils.java:logGet(46)) - raft.server.log.purge.gap = 1000000 (custom)
2022-07-30 01:51:18,014 [pool-920-thread-1] INFO  server.RaftServerConfigKeys (ConfUtils.java:logGet(46)) - raft.server.log.appender.buffer.byte-limit = 33554432 (custom)
2022-07-30 01:51:18,014 [pool-920-thread-1] INFO  server.RaftServerConfigKeys (ConfUtils.java:logGet(46)) - raft.server.log.statemachine.data.read.timeout = 1000ms (default)
2022-07-30 01:51:18,014 [pool-920-thread-1] INFO  server.RaftServerConfigKeys (ConfUtils.java:logGet(46)) - raft.server.log.segment.size.max = 1048576 (custom)
2022-07-30 01:51:18,015 [pool-920-thread-1] INFO  server.RaftServerConfigKeys (ConfUtils.java:logGet(46)) - raft.server.log.segment.cache.num.max = 2 (custom)
2022-07-30 01:51:18,015 [pool-920-thread-1] INFO  server.RaftServerConfigKeys (ConfUtils.java:logGet(46)) - raft.server.log.segment.cache.size.max = 200MB (=209715200) (default)
2022-07-30 01:51:18,015 [pool-920-thread-1] INFO  segmented.SegmentedRaftLogWorker (SegmentedRaftLogWorker.java:<init>(187)) - new 625bdddd-b23f-4a62-9edb-0ce5ae5b2b03@group-F9F44761267B-SegmentedRaftLogWorker for RaftStorageImpl:Storage Directory /home/runner/work/ozone/ozone/hadoop-ozone/integration-test/target/test-dir/MiniOzoneClusterImpl-82f5a944-0aea-4e62-8f89-f91bfebfb0a1/datanode-2/data/ratis/959eb944-99a7-44cc-9081-f9f44761267b
2022-07-30 01:51:18,015 [pool-920-thread-1] INFO  server.RaftServerConfigKeys (ConfUtils.java:logGet(46)) - raft.server.log.queue.byte-limit = 4294967296 (custom)
2022-07-30 01:51:18,015 [pool-920-thread-1] INFO  server.RaftServerConfigKeys (ConfUtils.java:logGet(46)) - raft.server.log.queue.element-limit = 1024 (custom)
2022-07-30 01:51:18,015 [pool-920-thread-1] INFO  server.RaftServerConfigKeys (ConfUtils.java:logGet(46)) - raft.server.log.segment.size.max = 1048576 (custom)
2022-07-30 01:51:18,015 [pool-920-thread-1] INFO  server.RaftServerConfigKeys (ConfUtils.java:logGet(46)) - raft.server.log.preallocated.size = 16384 (custom)
2022-07-30 01:51:18,018 [pool-920-thread-1] INFO  server.RaftServerConfigKeys (ConfUtils.java:logGet(46)) - raft.server.log.force.sync.num = 128 (default)
2022-07-30 01:51:18,018 [pool-920-thread-1] INFO  server.RaftServerConfigKeys (ConfUtils.java:logGet(46)) - raft.server.log.statemachine.data.sync = true (default)
2022-07-30 01:51:18,018 [pool-920-thread-1] INFO  server.RaftServerConfigKeys (ConfUtils.java:logGet(46)) - raft.server.log.statemachine.data.sync.timeout = 10s (default)
2022-07-30 01:51:18,018 [pool-920-thread-1] INFO  server.RaftServerConfigKeys (ConfUtils.java:logGet(46)) - raft.server.log.statemachine.data.sync.timeout.retry = -1 (default)
2022-07-30 01:51:18,027 [pool-920-thread-1] INFO  server.RaftServerConfigKeys (ConfUtils.java:logGet(46)) - raft.server.log.write.buffer.size = 1048576 (custom)
2022-07-30 01:51:18,028 [pool-920-thread-1] INFO  server.RaftServerConfigKeys (ConfUtils.java:logGet(46)) - raft.server.log.unsafe-flush.enabled = false (default)
2022-07-30 01:51:18,028 [pool-920-thread-1] INFO  server.RaftServerConfigKeys (ConfUtils.java:logGet(46)) - raft.server.log.statemachine.data.caching.enabled = true (custom)
2022-07-30 01:51:18,028 [pool-920-thread-1] INFO  segmented.SegmentedRaftLogWorker (SegmentedRaftLogWorker.java:lambda$new$0(135)) - 625bdddd-b23f-4a62-9edb-0ce5ae5b2b03@group-F9F44761267B-SegmentedRaftLogWorker: flushIndex: setUnconditionally 0 -> -1
2022-07-30 01:51:18,029 [pool-920-thread-1] INFO  segmented.SegmentedRaftLogWorker (SegmentedRaftLogWorker.java:lambda$new$0(135)) - 625bdddd-b23f-4a62-9edb-0ce5ae5b2b03@group-F9F44761267B-SegmentedRaftLogWorker: safeCacheEvictIndex: setUnconditionally 0 -> -1
2022-07-30 01:51:18,048 [Listener at 127.0.0.1/42455] INFO  ozone.MiniOzoneClusterImpl (MiniOzoneClusterImpl.java:lambda$waitForClusterToBeReady$0(216)) - Waiting for nodes to be ready. Got 4 of 5 DN Heartbeats.
2022-07-30 01:51:18,048 [Listener at 127.0.0.1/42455] INFO  ozone.MiniOzoneClusterImpl (MiniOzoneClusterImpl.java:lambda$waitForClusterToBeReady$0(219)) - Waiting for cluster to exit safe mode
2022-07-30 01:51:18,048 [Listener at 127.0.0.1/42455] INFO  ozone.MiniOzoneClusterImpl (MiniOzoneClusterImpl.java:lambda$waitForClusterToBeReady$0(221)) - SCM became leader
2022-07-30 01:51:18,052 [pool-920-thread-1] INFO  server.RaftServerConfigKeys (ConfUtils.java:logGet(46)) - raft.server.snapshot.auto.trigger.enabled = true (custom)
2022-07-30 01:51:18,053 [pool-920-thread-1] INFO  server.RaftServerConfigKeys (ConfUtils.java:logGet(46)) - raft.server.snapshot.auto.trigger.threshold = 10000 (custom)
2022-07-30 01:51:18,053 [pool-920-thread-1] INFO  server.RaftServerConfigKeys (ConfUtils.java:logGet(46)) - raft.server.snapshot.retention.file.num = 5 (custom)
2022-07-30 01:51:18,053 [pool-920-thread-1] INFO  server.RaftServerConfigKeys (ConfUtils.java:logGet(46)) - raft.server.log.purge.upto.snapshot.index = false (default)
2022-07-30 01:51:18,053 [pool-920-thread-1] INFO  server.RaftServerConfigKeys (ConfUtils.java:logGet(46)) - raft.server.retrycache.expirytime = 600000ms (custom)
2022-07-30 01:51:18,053 [pool-920-thread-1] INFO  server.RaftServerConfigKeys (ConfUtils.java:logGet(46)) - raft.server.retrycache.statistics.expirytime = 100μs (default)
2022-07-30 01:51:18,054 [pool-920-thread-1] INFO  server.RaftServerConfigKeys (ConfUtils.java:logGet(46)) - raft.server.log.appender.install.snapshot.enabled = false (custom)
2022-07-30 01:51:18,054 [pool-920-thread-1] INFO  server.RaftServerConfigKeys (ConfUtils.java:logGet(46)) - raft.server.threadpool.server.cached = true (default)
2022-07-30 01:51:18,054 [pool-920-thread-1] INFO  server.RaftServerConfigKeys (ConfUtils.java:logGet(46)) - raft.server.threadpool.server.size = 0 (default)
2022-07-30 01:51:18,054 [pool-920-thread-1] INFO  server.RaftServerConfigKeys (ConfUtils.java:logGet(46)) - raft.server.threadpool.client.cached = true (default)
2022-07-30 01:51:18,055 [pool-920-thread-1] INFO  server.RaftServerConfigKeys (ConfUtils.java:logGet(46)) - raft.server.threadpool.client.size = 0 (default)
2022-07-30 01:51:18,055 [pool-920-thread-1] INFO  server.RaftServer$Division (RaftServerImpl.java:start(310)) - 625bdddd-b23f-4a62-9edb-0ce5ae5b2b03@group-F9F44761267B: start as a follower, conf=-1: [764da7f4-576c-4739-b8ba-4f387767ddcb|rpc:10.1.0.37:40341|dataStream:|priority:0, 625bdddd-b23f-4a62-9edb-0ce5ae5b2b03|rpc:10.1.0.37:39839|dataStream:|priority:0, da7e3490-bd6e-4553-a90b-b6c1b406431b|rpc:10.1.0.37:39503|dataStream:|priority:1], old=null
2022-07-30 01:51:18,055 [pool-920-thread-1] INFO  server.RaftServer$Division (RaftServerImpl.java:setRole(299)) - 625bdddd-b23f-4a62-9edb-0ce5ae5b2b03@group-F9F44761267B: changes role from      null to FOLLOWER at term 0 for startAsFollower
2022-07-30 01:51:18,055 [pool-920-thread-1] INFO  impl.RoleInfo (RoleInfo.java:updateAndGet(139)) - 625bdddd-b23f-4a62-9edb-0ce5ae5b2b03: start 625bdddd-b23f-4a62-9edb-0ce5ae5b2b03@group-F9F44761267B-FollowerState
2022-07-30 01:51:18,077 [pool-920-thread-1] INFO  util.JmxRegister (JmxRegister.java:tryRegister(44)) - Successfully registered JMX Bean with object name Ratis:service=RaftServer,group=group-F9F44761267B,id=625bdddd-b23f-4a62-9edb-0ce5ae5b2b03
2022-07-30 01:51:18,154 [grpc-default-executor-0] INFO  server.RaftServer (RaftServerProxy.java:addNew(96)) - da7e3490-bd6e-4553-a90b-b6c1b406431b: addNew group-F9F44761267B:[764da7f4-576c-4739-b8ba-4f387767ddcb|rpc:10.1.0.37:40341|dataStream:|priority:0, 625bdddd-b23f-4a62-9edb-0ce5ae5b2b03|rpc:10.1.0.37:39839|dataStream:|priority:0, da7e3490-bd6e-4553-a90b-b6c1b406431b|rpc:10.1.0.37:39503|dataStream:|priority:1] returns group-F9F44761267B:java.util.concurrent.CompletableFuture@177cc909[Not completed]
2022-07-30 01:51:18,154 [IPC Server handler 19 on default port 45389] INFO  net.NetworkTopologyImpl (NetworkTopologyImpl.java:add(112)) - Added a new node: /default-rack/feac6527-f4a3-4b35-b8b4-09fad8d49da5
2022-07-30 01:51:18,154 [IPC Server handler 19 on default port 45389] INFO  node.SCMNodeManager (SCMNodeManager.java:register(397)) - Registered Data node : feac6527-f4a3-4b35-b8b4-09fad8d49da5{ip: 10.1.0.37, host: fv-az297-62.nmf1rxwemy4u5di1sxxf4ejcwb.jx.internal.cloudapp.net, ports: [REPLICATION=40651, RATIS=42307, RATIS_ADMIN=42307, RATIS_SERVER=42307, STANDALONE=42513], networkLocation: /default-rack, certSerialId: null, persistedOpState: null, persistedOpStateExpiryEpochSec: 0}
2022-07-30 01:51:18,155 [pool-897-thread-1] INFO  server.RaftServer$Division (RaftServerImpl.java:<init>(190)) - da7e3490-bd6e-4553-a90b-b6c1b406431b: new RaftServerImpl for group-F9F44761267B:[764da7f4-576c-4739-b8ba-4f387767ddcb|rpc:10.1.0.37:40341|dataStream:|priority:0, 625bdddd-b23f-4a62-9edb-0ce5ae5b2b03|rpc:10.1.0.37:39839|dataStream:|priority:0, da7e3490-bd6e-4553-a90b-b6c1b406431b|rpc:10.1.0.37:39503|dataStream:|priority:1] with ContainerStateMachine:uninitialized
2022-07-30 01:51:18,155 [pool-897-thread-1] INFO  server.RaftServerConfigKeys (ConfUtils.java:logGet(46)) - raft.server.rpc.timeout.min = 5s (custom)
2022-07-30 01:51:18,155 [pool-897-thread-1] INFO  server.RaftServerConfigKeys (ConfUtils.java:logGet(46)) - raft.server.rpc.timeout.max = 5200ms (custom)
2022-07-30 01:51:18,155 [pool-897-thread-1] INFO  server.RaftServerConfigKeys (ConfUtils.java:logGet(46)) - raft.server.rpc.sleep.time = 25ms (default)
2022-07-30 01:51:18,155 [pool-897-thread-1] INFO  server.RaftServerConfigKeys (ConfUtils.java:logGet(46)) - raft.server.rpc.slowness.timeout = 300s (custom)
2022-07-30 01:51:18,155 [pool-897-thread-1] INFO  server.RaftServerConfigKeys (ConfUtils.java:logGet(46)) - raft.server.leaderelection.leader.step-down.wait-time = 10s (default)
2022-07-30 01:51:18,155 [pool-897-thread-1] INFO  server.RaftServerConfigKeys (ConfUtils.java:logGet(46)) - raft.server.sleep.deviation.threshold = 300ms (default)
2022-07-30 01:51:18,155 [pool-897-thread-1] INFO  server.RaftServer$Division (ServerState.java:<init>(107)) - da7e3490-bd6e-4553-a90b-b6c1b406431b@group-F9F44761267B: ConfigurationManager, init=-1: [764da7f4-576c-4739-b8ba-4f387767ddcb|rpc:10.1.0.37:40341|dataStream:|priority:0, 625bdddd-b23f-4a62-9edb-0ce5ae5b2b03|rpc:10.1.0.37:39839|dataStream:|priority:0, da7e3490-bd6e-4553-a90b-b6c1b406431b|rpc:10.1.0.37:39503|dataStream:|priority:1], old=null, confs=<EMPTY_MAP>
2022-07-30 01:51:18,155 [pool-897-thread-1] INFO  server.RaftServerConfigKeys (ConfUtils.java:logGet(46)) - raft.server.storage.dir = [/home/runner/work/ozone/ozone/hadoop-ozone/integration-test/target/test-dir/MiniOzoneClusterImpl-82f5a944-0aea-4e62-8f89-f91bfebfb0a1/datanode-1/data/ratis] (custom)
2022-07-30 01:51:18,155 [pool-897-thread-1] INFO  server.RaftServerConfigKeys (ConfUtils.java:logGet(46)) - raft.server.log.corruption.policy = EXCEPTION (default)
2022-07-30 01:51:18,155 [pool-897-thread-1] INFO  server.RaftServerConfigKeys (ConfUtils.java:logGet(46)) - raft.server.storage.free-space.min = 0MB (=0) (default)
2022-07-30 01:51:18,161 [pool-897-thread-1] INFO  storage.RaftStorageDirectory (RaftStorageDirectoryImpl.java:analyzeStorage(135)) - The storage directory /home/runner/work/ozone/ozone/hadoop-ozone/integration-test/target/test-dir/MiniOzoneClusterImpl-82f5a944-0aea-4e62-8f89-f91bfebfb0a1/datanode-1/data/ratis/959eb944-99a7-44cc-9081-f9f44761267b does not exist. Creating ...
2022-07-30 01:51:18,155 [EventQueue-NewNodeForNewNodeHandler] INFO  pipeline.BackgroundPipelineCreator (BackgroundPipelineCreator.java:notifyEventTriggered(276)) - trigger a one-shot run on RatisPipelineUtilsThread.
2022-07-30 01:51:18,164 [pool-897-thread-1] INFO  storage.RaftStorageDirectory (RaftStorageDirectoryImpl.java:tryLock(230)) - Lock on /home/runner/work/ozone/ozone/hadoop-ozone/integration-test/target/test-dir/MiniOzoneClusterImpl-82f5a944-0aea-4e62-8f89-f91bfebfb0a1/datanode-1/data/ratis/959eb944-99a7-44cc-9081-f9f44761267b/in_use.lock acquired by nodename 10860@fv-az297-62
2022-07-30 01:51:18,168 [pool-897-thread-1] INFO  storage.RaftStorage (RaftStorageImpl.java:format(89)) - Storage directory /home/runner/work/ozone/ozone/hadoop-ozone/integration-test/target/test-dir/MiniOzoneClusterImpl-82f5a944-0aea-4e62-8f89-f91bfebfb0a1/datanode-1/data/ratis/959eb944-99a7-44cc-9081-f9f44761267b has been successfully formatted.
2022-07-30 01:51:18,168 [pool-897-thread-1] INFO  ratis.ContainerStateMachine (ContainerStateMachine.java:loadSnapshot(236)) - group-F9F44761267B: The snapshot info is null. Setting the last applied indexto:(t:0, i:~)
2022-07-30 01:51:18,169 [pool-897-thread-1] INFO  server.RaftServerConfigKeys (ConfUtils.java:logGet(46)) - raft.server.notification.no-leader.timeout = 300s (custom)
2022-07-30 01:51:18,169 [pool-897-thread-1] INFO  server.RaftServerConfigKeys (ConfUtils.java:logGet(46)) - raft.server.log.use.memory = false (default)
2022-07-30 01:51:18,169 [pool-897-thread-1] INFO  server.RaftServerConfigKeys (ConfUtils.java:logGet(46)) - raft.server.log.purge.gap = 1000000 (custom)
2022-07-30 01:51:18,169 [pool-897-thread-1] INFO  server.RaftServerConfigKeys (ConfUtils.java:logGet(46)) - raft.server.log.appender.buffer.byte-limit = 33554432 (custom)
2022-07-30 01:51:18,169 [pool-897-thread-1] INFO  server.RaftServerConfigKeys (ConfUtils.java:logGet(46)) - raft.server.log.statemachine.data.read.timeout = 1000ms (default)
2022-07-30 01:51:18,169 [pool-897-thread-1] INFO  server.RaftServerConfigKeys (ConfUtils.java:logGet(46)) - raft.server.log.segment.size.max = 1048576 (custom)
2022-07-30 01:51:18,170 [pool-897-thread-1] INFO  server.RaftServerConfigKeys (ConfUtils.java:logGet(46)) - raft.server.log.segment.cache.num.max = 2 (custom)
2022-07-30 01:51:18,170 [pool-897-thread-1] INFO  server.RaftServerConfigKeys (ConfUtils.java:logGet(46)) - raft.server.log.segment.cache.size.max = 200MB (=209715200) (default)
2022-07-30 01:51:18,170 [pool-897-thread-1] INFO  segmented.SegmentedRaftLogWorker (SegmentedRaftLogWorker.java:<init>(187)) - new da7e3490-bd6e-4553-a90b-b6c1b406431b@group-F9F44761267B-SegmentedRaftLogWorker for RaftStorageImpl:Storage Directory /home/runner/work/ozone/ozone/hadoop-ozone/integration-test/target/test-dir/MiniOzoneClusterImpl-82f5a944-0aea-4e62-8f89-f91bfebfb0a1/datanode-1/data/ratis/959eb944-99a7-44cc-9081-f9f44761267b
2022-07-30 01:51:18,170 [pool-897-thread-1] INFO  server.RaftServerConfigKeys (ConfUtils.java:logGet(46)) - raft.server.log.queue.byte-limit = 4294967296 (custom)
2022-07-30 01:51:18,170 [pool-897-thread-1] INFO  server.RaftServerConfigKeys (ConfUtils.java:logGet(46)) - raft.server.log.queue.element-limit = 1024 (custom)
2022-07-30 01:51:18,170 [pool-897-thread-1] INFO  server.RaftServerConfigKeys (ConfUtils.java:logGet(46)) - raft.server.log.segment.size.max = 1048576 (custom)
2022-07-30 01:51:18,170 [pool-897-thread-1] INFO  server.RaftServerConfigKeys (ConfUtils.java:logGet(46)) - raft.server.log.preallocated.size = 16384 (custom)
2022-07-30 01:51:18,170 [pool-897-thread-1] INFO  server.RaftServerConfigKeys (ConfUtils.java:logGet(46)) - raft.server.log.force.sync.num = 128 (default)
2022-07-30 01:51:18,171 [pool-897-thread-1] INFO  server.RaftServerConfigKeys (ConfUtils.java:logGet(46)) - raft.server.log.statemachine.data.sync = true (default)
2022-07-30 01:51:18,171 [pool-897-thread-1] INFO  server.RaftServerConfigKeys (ConfUtils.java:logGet(46)) - raft.server.log.statemachine.data.sync.timeout = 10s (default)
2022-07-30 01:51:18,171 [pool-897-thread-1] INFO  server.RaftServerConfigKeys (ConfUtils.java:logGet(46)) - raft.server.log.statemachine.data.sync.timeout.retry = -1 (default)
2022-07-30 01:51:18,172 [pool-897-thread-1] INFO  server.RaftServerConfigKeys (ConfUtils.java:logGet(46)) - raft.server.log.write.buffer.size = 1048576 (custom)
2022-07-30 01:51:18,172 [pool-897-thread-1] INFO  server.RaftServerConfigKeys (ConfUtils.java:logGet(46)) - raft.server.log.unsafe-flush.enabled = false (default)
2022-07-30 01:51:18,172 [pool-897-thread-1] INFO  server.RaftServerConfigKeys (ConfUtils.java:logGet(46)) - raft.server.log.statemachine.data.caching.enabled = true (custom)
2022-07-30 01:51:18,173 [pool-897-thread-1] INFO  segmented.SegmentedRaftLogWorker (SegmentedRaftLogWorker.java:lambda$new$0(135)) - da7e3490-bd6e-4553-a90b-b6c1b406431b@group-F9F44761267B-SegmentedRaftLogWorker: flushIndex: setUnconditionally 0 -> -1
2022-07-30 01:51:18,173 [pool-897-thread-1] INFO  segmented.SegmentedRaftLogWorker (SegmentedRaftLogWorker.java:lambda$new$0(135)) - da7e3490-bd6e-4553-a90b-b6c1b406431b@group-F9F44761267B-SegmentedRaftLogWorker: safeCacheEvictIndex: setUnconditionally 0 -> -1
2022-07-30 01:51:18,197 [RatisPipelineUtilsThread - 0] INFO  pipeline.RatisPipelineProvider (RatisPipelineProvider.java:lambda$create$0(195)) - Sending CreatePipelineCommand for pipeline:PipelineID=450c294f-2a2b-43b9-9e9b-d4c431024cb4 to datanode:feac6527-f4a3-4b35-b8b4-09fad8d49da5
2022-07-30 01:51:18,197 [RatisPipelineUtilsThread - 0] INFO  pipeline.PipelineStateManagerImpl (PipelineStateManagerImpl.java:addPipeline(103)) - Created pipeline Pipeline[ Id: 450c294f-2a2b-43b9-9e9b-d4c431024cb4, Nodes: feac6527-f4a3-4b35-b8b4-09fad8d49da5{ip: 10.1.0.37, host: fv-az297-62.nmf1rxwemy4u5di1sxxf4ejcwb.jx.internal.cloudapp.net, ports: [REPLICATION=40651, RATIS=42307, RATIS_ADMIN=42307, RATIS_SERVER=42307, STANDALONE=42513], networkLocation: /default-rack, certSerialId: null, persistedOpState: IN_SERVICE, persistedOpStateExpiryEpochSec: 0}, ReplicationConfig: RATIS/ONE, State:ALLOCATED, leaderId:, CreationTimestamp2022-07-30T01:51:18.197Z[Etc/UTC]].
2022-07-30 01:51:18,235 [pool-897-thread-1] INFO  server.RaftServerConfigKeys (ConfUtils.java:logGet(46)) - raft.server.snapshot.auto.trigger.enabled = true (custom)
2022-07-30 01:51:18,235 [pool-897-thread-1] INFO  server.RaftServerConfigKeys (ConfUtils.java:logGet(46)) - raft.server.snapshot.auto.trigger.threshold = 10000 (custom)
2022-07-30 01:51:18,235 [pool-897-thread-1] INFO  server.RaftServerConfigKeys (ConfUtils.java:logGet(46)) - raft.server.snapshot.retention.file.num = 5 (custom)
2022-07-30 01:51:18,235 [pool-897-thread-1] INFO  server.RaftServerConfigKeys (ConfUtils.java:logGet(46)) - raft.server.log.purge.upto.snapshot.index = false (default)
2022-07-30 01:51:18,236 [pool-897-thread-1] INFO  server.RaftServerConfigKeys (ConfUtils.java:logGet(46)) - raft.server.retrycache.expirytime = 600000ms (custom)
2022-07-30 01:51:18,236 [pool-897-thread-1] INFO  server.RaftServerConfigKeys (ConfUtils.java:logGet(46)) - raft.server.retrycache.statistics.expirytime = 100μs (default)
2022-07-30 01:51:18,237 [pool-897-thread-1] INFO  server.RaftServerConfigKeys (ConfUtils.java:logGet(46)) - raft.server.log.appender.install.snapshot.enabled = false (custom)
2022-07-30 01:51:18,237 [pool-897-thread-1] INFO  server.RaftServerConfigKeys (ConfUtils.java:logGet(46)) - raft.server.threadpool.server.cached = true (default)
2022-07-30 01:51:18,237 [pool-897-thread-1] INFO  server.RaftServerConfigKeys (ConfUtils.java:logGet(46)) - raft.server.threadpool.server.size = 0 (default)
2022-07-30 01:51:18,237 [pool-897-thread-1] INFO  server.RaftServerConfigKeys (ConfUtils.java:logGet(46)) - raft.server.threadpool.client.cached = true (default)
2022-07-30 01:51:18,237 [pool-897-thread-1] INFO  server.RaftServerConfigKeys (ConfUtils.java:logGet(46)) - raft.server.threadpool.client.size = 0 (default)
2022-07-30 01:51:18,237 [pool-897-thread-1] INFO  server.RaftServer$Division (RaftServerImpl.java:start(310)) - da7e3490-bd6e-4553-a90b-b6c1b406431b@group-F9F44761267B: start as a follower, conf=-1: [764da7f4-576c-4739-b8ba-4f387767ddcb|rpc:10.1.0.37:40341|dataStream:|priority:0, 625bdddd-b23f-4a62-9edb-0ce5ae5b2b03|rpc:10.1.0.37:39839|dataStream:|priority:0, da7e3490-bd6e-4553-a90b-b6c1b406431b|rpc:10.1.0.37:39503|dataStream:|priority:1], old=null
2022-07-30 01:51:18,237 [pool-897-thread-1] INFO  server.RaftServer$Division (RaftServerImpl.java:setRole(299)) - da7e3490-bd6e-4553-a90b-b6c1b406431b@group-F9F44761267B: changes role from      null to FOLLOWER at term 0 for startAsFollower
2022-07-30 01:51:18,237 [pool-897-thread-1] INFO  impl.RoleInfo (RoleInfo.java:updateAndGet(139)) - da7e3490-bd6e-4553-a90b-b6c1b406431b: start da7e3490-bd6e-4553-a90b-b6c1b406431b@group-F9F44761267B-FollowerState
2022-07-30 01:51:18,242 [Command processor thread] INFO  server.RaftServer (RaftServerProxy.java:addNew(96)) - da7e3490-bd6e-4553-a90b-b6c1b406431b: addNew group-BC96D2E0EC77:[da7e3490-bd6e-4553-a90b-b6c1b406431b|rpc:10.1.0.37:39503|priority:1] returns group-BC96D2E0EC77:java.util.concurrent.CompletableFuture@134dc6b9[Not completed]
2022-07-30 01:51:18,245 [pool-897-thread-1] INFO  util.JmxRegister (JmxRegister.java:tryRegister(44)) - Successfully registered JMX Bean with object name Ratis:service=RaftServer,group=group-F9F44761267B,id=da7e3490-bd6e-4553-a90b-b6c1b406431b
2022-07-30 01:51:18,247 [pool-897-thread-1] INFO  server.RaftServer$Division (RaftServerImpl.java:<init>(190)) - da7e3490-bd6e-4553-a90b-b6c1b406431b: new RaftServerImpl for group-BC96D2E0EC77:[da7e3490-bd6e-4553-a90b-b6c1b406431b|rpc:10.1.0.37:39503|priority:1] with ContainerStateMachine:uninitialized
2022-07-30 01:51:18,247 [pool-897-thread-1] INFO  server.RaftServerConfigKeys (ConfUtils.java:logGet(46)) - raft.server.rpc.timeout.min = 5s (custom)
2022-07-30 01:51:18,247 [pool-897-thread-1] INFO  server.RaftServerConfigKeys (ConfUtils.java:logGet(46)) - raft.server.rpc.timeout.max = 5200ms (custom)
2022-07-30 01:51:18,247 [pool-897-thread-1] INFO  server.RaftServerConfigKeys (ConfUtils.java:logGet(46)) - raft.server.rpc.sleep.time = 25ms (default)
2022-07-30 01:51:18,247 [pool-897-thread-1] INFO  server.RaftServerConfigKeys (ConfUtils.java:logGet(46)) - raft.server.rpc.slowness.timeout = 300s (custom)
2022-07-30 01:51:18,247 [pool-897-thread-1] INFO  server.RaftServerConfigKeys (ConfUtils.java:logGet(46)) - raft.server.leaderelection.leader.step-down.wait-time = 10s (default)
2022-07-30 01:51:18,247 [pool-897-thread-1] INFO  server.RaftServerConfigKeys (ConfUtils.java:logGet(46)) - raft.server.sleep.deviation.threshold = 300ms (default)
2022-07-30 01:51:18,247 [pool-897-thread-1] INFO  server.RaftServer$Division (ServerState.java:<init>(107)) - da7e3490-bd6e-4553-a90b-b6c1b406431b@group-BC96D2E0EC77: ConfigurationManager, init=-1: [da7e3490-bd6e-4553-a90b-b6c1b406431b|rpc:10.1.0.37:39503|priority:1], old=null, confs=<EMPTY_MAP>
2022-07-30 01:51:18,247 [pool-897-thread-1] INFO  server.RaftServerConfigKeys (ConfUtils.java:logGet(46)) - raft.server.storage.dir = [/home/runner/work/ozone/ozone/hadoop-ozone/integration-test/target/test-dir/MiniOzoneClusterImpl-82f5a944-0aea-4e62-8f89-f91bfebfb0a1/datanode-1/data/ratis] (custom)
2022-07-30 01:51:18,248 [pool-897-thread-1] INFO  server.RaftServerConfigKeys (ConfUtils.java:logGet(46)) - raft.server.log.corruption.policy = EXCEPTION (default)
2022-07-30 01:51:18,248 [pool-897-thread-1] INFO  server.RaftServerConfigKeys (ConfUtils.java:logGet(46)) - raft.server.storage.free-space.min = 0MB (=0) (default)
2022-07-30 01:51:18,248 [pool-897-thread-1] INFO  storage.RaftStorageDirectory (RaftStorageDirectoryImpl.java:analyzeStorage(135)) - The storage directory /home/runner/work/ozone/ozone/hadoop-ozone/integration-test/target/test-dir/MiniOzoneClusterImpl-82f5a944-0aea-4e62-8f89-f91bfebfb0a1/datanode-1/data/ratis/39d0162d-8c61-4d5d-b89a-bc96d2e0ec77 does not exist. Creating ...
2022-07-30 01:51:18,268 [pool-897-thread-1] INFO  storage.RaftStorageDirectory (RaftStorageDirectoryImpl.java:tryLock(230)) - Lock on /home/runner/work/ozone/ozone/hadoop-ozone/integration-test/target/test-dir/MiniOzoneClusterImpl-82f5a944-0aea-4e62-8f89-f91bfebfb0a1/datanode-1/data/ratis/39d0162d-8c61-4d5d-b89a-bc96d2e0ec77/in_use.lock acquired by nodename 10860@fv-az297-62
2022-07-30 01:51:18,277 [Command processor thread] INFO  commandhandler.CreatePipelineCommandHandler (CreatePipelineCommandHandler.java:handle(113)) - Created Pipeline RATIS THREE PipelineID=959eb944-99a7-44cc-9081-f9f44761267b.
2022-07-30 01:51:18,288 [pool-897-thread-1] INFO  storage.RaftStorage (RaftStorageImpl.java:format(89)) - Storage directory /home/runner/work/ozone/ozone/hadoop-ozone/integration-test/target/test-dir/MiniOzoneClusterImpl-82f5a944-0aea-4e62-8f89-f91bfebfb0a1/datanode-1/data/ratis/39d0162d-8c61-4d5d-b89a-bc96d2e0ec77 has been successfully formatted.
2022-07-30 01:51:18,289 [pool-897-thread-1] INFO  ratis.ContainerStateMachine (ContainerStateMachine.java:loadSnapshot(236)) - group-BC96D2E0EC77: The snapshot info is null. Setting the last applied indexto:(t:0, i:~)
2022-07-30 01:51:18,289 [pool-897-thread-1] INFO  server.RaftServerConfigKeys (ConfUtils.java:logGet(46)) - raft.server.notification.no-leader.timeout = 300s (custom)
2022-07-30 01:51:18,289 [pool-897-thread-1] INFO  server.RaftServerConfigKeys (ConfUtils.java:logGet(46)) - raft.server.log.use.memory = false (default)
2022-07-30 01:51:18,289 [pool-897-thread-1] INFO  server.RaftServerConfigKeys (ConfUtils.java:logGet(46)) - raft.server.log.purge.gap = 1000000 (custom)
2022-07-30 01:51:18,289 [pool-897-thread-1] INFO  server.RaftServerConfigKeys (ConfUtils.java:logGet(46)) - raft.server.log.appender.buffer.byte-limit = 33554432 (custom)
2022-07-30 01:51:18,289 [pool-897-thread-1] INFO  server.RaftServerConfigKeys (ConfUtils.java:logGet(46)) - raft.server.log.statemachine.data.read.timeout = 1000ms (default)
2022-07-30 01:51:18,289 [pool-897-thread-1] INFO  server.RaftServerConfigKeys (ConfUtils.java:logGet(46)) - raft.server.log.segment.size.max = 1048576 (custom)
2022-07-30 01:51:18,290 [pool-897-thread-1] INFO  server.RaftServerConfigKeys (ConfUtils.java:logGet(46)) - raft.server.log.segment.cache.num.max = 2 (custom)
2022-07-30 01:51:18,290 [pool-897-thread-1] INFO  server.RaftServerConfigKeys (ConfUtils.java:logGet(46)) - raft.server.log.segment.cache.size.max = 200MB (=209715200) (default)
2022-07-30 01:51:18,290 [pool-897-thread-1] INFO  segmented.SegmentedRaftLogWorker (SegmentedRaftLogWorker.java:<init>(187)) - new da7e3490-bd6e-4553-a90b-b6c1b406431b@group-BC96D2E0EC77-SegmentedRaftLogWorker for RaftStorageImpl:Storage Directory /home/runner/work/ozone/ozone/hadoop-ozone/integration-test/target/test-dir/MiniOzoneClusterImpl-82f5a944-0aea-4e62-8f89-f91bfebfb0a1/datanode-1/data/ratis/39d0162d-8c61-4d5d-b89a-bc96d2e0ec77
2022-07-30 01:51:18,290 [pool-897-thread-1] INFO  server.RaftServerConfigKeys (ConfUtils.java:logGet(46)) - raft.server.log.queue.byte-limit = 4294967296 (custom)
2022-07-30 01:51:18,290 [pool-897-thread-1] INFO  server.RaftServerConfigKeys (ConfUtils.java:logGet(46)) - raft.server.log.queue.element-limit = 1024 (custom)
2022-07-30 01:51:18,290 [pool-897-thread-1] INFO  server.RaftServerConfigKeys (ConfUtils.java:logGet(46)) - raft.server.log.segment.size.max = 1048576 (custom)
2022-07-30 01:51:18,290 [pool-897-thread-1] INFO  server.RaftServerConfigKeys (ConfUtils.java:logGet(46)) - raft.server.log.preallocated.size = 16384 (custom)
2022-07-30 01:51:18,290 [pool-897-thread-1] INFO  server.RaftServerConfigKeys (ConfUtils.java:logGet(46)) - raft.server.log.force.sync.num = 128 (default)
2022-07-30 01:51:18,290 [pool-897-thread-1] INFO  server.RaftServerConfigKeys (ConfUtils.java:logGet(46)) - raft.server.log.statemachine.data.sync = true (default)
2022-07-30 01:51:18,290 [pool-897-thread-1] INFO  server.RaftServerConfigKeys (ConfUtils.java:logGet(46)) - raft.server.log.statemachine.data.sync.timeout = 10s (default)
2022-07-30 01:51:18,290 [pool-897-thread-1] INFO  server.RaftServerConfigKeys (ConfUtils.java:logGet(46)) - raft.server.log.statemachine.data.sync.timeout.retry = -1 (default)
2022-07-30 01:51:18,292 [EventQueue-PipelineReportForPipelineReportHandler] INFO  pipeline.PipelineManagerImpl (PipelineManagerImpl.java:openPipeline(367)) - Pipeline Pipeline[ Id: 39d0162d-8c61-4d5d-b89a-bc96d2e0ec77, Nodes: da7e3490-bd6e-4553-a90b-b6c1b406431b{ip: 10.1.0.37, host: fv-az297-62.nmf1rxwemy4u5di1sxxf4ejcwb.jx.internal.cloudapp.net, ports: [REPLICATION=39821, RATIS=39503, RATIS_ADMIN=39503, RATIS_SERVER=39503, STANDALONE=42013], networkLocation: /default-rack, certSerialId: null, persistedOpState: IN_SERVICE, persistedOpStateExpiryEpochSec: 0}, ReplicationConfig: RATIS/ONE, State:ALLOCATED, leaderId:da7e3490-bd6e-4553-a90b-b6c1b406431b, CreationTimestamp2022-07-30T01:51:15.292Z[Etc/UTC]] moved to OPEN state
2022-07-30 01:51:18,292 [pool-897-thread-1] INFO  server.RaftServerConfigKeys (ConfUtils.java:logGet(46)) - raft.server.log.write.buffer.size = 1048576 (custom)
2022-07-30 01:51:18,292 [EventQueue-OpenPipelineForHealthyPipelineSafeModeRule] INFO  safemode.SCMSafeModeManager (HealthyPipelineSafeModeRule.java:process(137)) - SCM in safe mode. Healthy pipelines reported count is 0, required healthy pipeline reported count is 1
2022-07-30 01:51:18,293 [pool-897-thread-1] INFO  server.RaftServerConfigKeys (ConfUtils.java:logGet(46)) - raft.server.log.unsafe-flush.enabled = false (default)
2022-07-30 01:51:18,293 [pool-897-thread-1] INFO  server.RaftServerConfigKeys (ConfUtils.java:logGet(46)) - raft.server.log.statemachine.data.caching.enabled = true (custom)
2022-07-30 01:51:18,293 [pool-897-thread-1] INFO  segmented.SegmentedRaftLogWorker (SegmentedRaftLogWorker.java:lambda$new$0(135)) - da7e3490-bd6e-4553-a90b-b6c1b406431b@group-BC96D2E0EC77-SegmentedRaftLogWorker: flushIndex: setUnconditionally 0 -> -1
2022-07-30 01:51:18,293 [pool-897-thread-1] INFO  segmented.SegmentedRaftLogWorker (SegmentedRaftLogWorker.java:lambda$new$0(135)) - da7e3490-bd6e-4553-a90b-b6c1b406431b@group-BC96D2E0EC77-SegmentedRaftLogWorker: safeCacheEvictIndex: setUnconditionally 0 -> -1
2022-07-30 01:51:18,294 [pool-897-thread-1] INFO  server.RaftServerConfigKeys (ConfUtils.java:logGet(46)) - raft.server.snapshot.auto.trigger.enabled = true (custom)
2022-07-30 01:51:18,294 [pool-897-thread-1] INFO  server.RaftServerConfigKeys (ConfUtils.java:logGet(46)) - raft.server.snapshot.auto.trigger.threshold = 10000 (custom)
2022-07-30 01:51:18,294 [pool-897-thread-1] INFO  server.RaftServerConfigKeys (ConfUtils.java:logGet(46)) - raft.server.snapshot.retention.file.num = 5 (custom)
2022-07-30 01:51:18,294 [pool-897-thread-1] INFO  server.RaftServerConfigKeys (ConfUtils.java:logGet(46)) - raft.server.log.purge.upto.snapshot.index = false (default)
2022-07-30 01:51:18,294 [pool-897-thread-1] INFO  server.RaftServerConfigKeys (ConfUtils.java:logGet(46)) - raft.server.retrycache.expirytime = 600000ms (custom)
2022-07-30 01:51:18,294 [pool-897-thread-1] INFO  server.RaftServerConfigKeys (ConfUtils.java:logGet(46)) - raft.server.retrycache.statistics.expirytime = 100μs (default)
2022-07-30 01:51:18,296 [pool-897-thread-1] INFO  server.RaftServerConfigKeys (ConfUtils.java:logGet(46)) - raft.server.log.appender.install.snapshot.enabled = false (custom)
2022-07-30 01:51:18,296 [pool-897-thread-1] INFO  server.RaftServerConfigKeys (ConfUtils.java:logGet(46)) - raft.server.threadpool.server.cached = true (default)
2022-07-30 01:51:18,296 [pool-897-thread-1] INFO  server.RaftServerConfigKeys (ConfUtils.java:logGet(46)) - raft.server.threadpool.server.size = 0 (default)
2022-07-30 01:51:18,296 [pool-897-thread-1] INFO  server.RaftServerConfigKeys (ConfUtils.java:logGet(46)) - raft.server.threadpool.client.cached = true (default)
2022-07-30 01:51:18,296 [pool-897-thread-1] INFO  server.RaftServerConfigKeys (ConfUtils.java:logGet(46)) - raft.server.threadpool.client.size = 0 (default)
2022-07-30 01:51:18,296 [pool-897-thread-1] INFO  server.RaftServer$Division (RaftServerImpl.java:start(310)) - da7e3490-bd6e-4553-a90b-b6c1b406431b@group-BC96D2E0EC77: start as a follower, conf=-1: [da7e3490-bd6e-4553-a90b-b6c1b406431b|rpc:10.1.0.37:39503|priority:1], old=null
2022-07-30 01:51:18,296 [pool-897-thread-1] INFO  server.RaftServer$Division (RaftServerImpl.java:setRole(299)) - da7e3490-bd6e-4553-a90b-b6c1b406431b@group-BC96D2E0EC77: changes role from      null to FOLLOWER at term 0 for startAsFollower
2022-07-30 01:51:18,296 [pool-897-thread-1] INFO  impl.RoleInfo (RoleInfo.java:updateAndGet(139)) - da7e3490-bd6e-4553-a90b-b6c1b406431b: start da7e3490-bd6e-4553-a90b-b6c1b406431b@group-BC96D2E0EC77-FollowerState
2022-07-30 01:51:18,304 [pool-897-thread-1] INFO  util.JmxRegister (JmxRegister.java:tryRegister(44)) - Successfully registered JMX Bean with object name Ratis:service=RaftServer,group=group-BC96D2E0EC77,id=da7e3490-bd6e-4553-a90b-b6c1b406431b
2022-07-30 01:51:18,307 [Command processor thread] INFO  ratis.XceiverServerRatis (XceiverServerRatis.java:addGroup(765)) - Created group PipelineID=39d0162d-8c61-4d5d-b89a-bc96d2e0ec77
2022-07-30 01:51:18,307 [Command processor thread] INFO  commandhandler.CreatePipelineCommandHandler (CreatePipelineCommandHandler.java:handle(113)) - Created Pipeline RATIS ONE PipelineID=39d0162d-8c61-4d5d-b89a-bc96d2e0ec77.
2022-07-30 01:51:19,049 [Listener at 127.0.0.1/42455] INFO  ozone.MiniOzoneClusterImpl (MiniOzoneClusterImpl.java:lambda$waitForClusterToBeReady$0(216)) - Nodes are ready. Got 5 of 5 DN Heartbeats.
2022-07-30 01:51:19,049 [Listener at 127.0.0.1/42455] INFO  ozone.MiniOzoneClusterImpl (MiniOzoneClusterImpl.java:lambda$waitForClusterToBeReady$0(219)) - Waiting for cluster to exit safe mode
2022-07-30 01:51:19,049 [Listener at 127.0.0.1/42455] INFO  ozone.MiniOzoneClusterImpl (MiniOzoneClusterImpl.java:lambda$waitForClusterToBeReady$0(221)) - SCM became leader
2022-07-30 01:51:19,269 [Command processor thread] INFO  server.RaftServer (RaftServerProxy.java:addNew(96)) - 625bdddd-b23f-4a62-9edb-0ce5ae5b2b03: addNew group-93113D146D99:[625bdddd-b23f-4a62-9edb-0ce5ae5b2b03|rpc:10.1.0.37:39839|priority:1] returns group-93113D146D99:java.util.concurrent.CompletableFuture@5601a8f[Not completed]
2022-07-30 01:51:19,270 [pool-920-thread-1] INFO  server.RaftServer$Division (RaftServerImpl.java:<init>(190)) - 625bdddd-b23f-4a62-9edb-0ce5ae5b2b03: new RaftServerImpl for group-93113D146D99:[625bdddd-b23f-4a62-9edb-0ce5ae5b2b03|rpc:10.1.0.37:39839|priority:1] with ContainerStateMachine:uninitialized
2022-07-30 01:51:19,270 [pool-920-thread-1] INFO  server.RaftServerConfigKeys (ConfUtils.java:logGet(46)) - raft.server.rpc.timeout.min = 5s (custom)
2022-07-30 01:51:19,270 [pool-920-thread-1] INFO  server.RaftServerConfigKeys (ConfUtils.java:logGet(46)) - raft.server.rpc.timeout.max = 5200ms (custom)
2022-07-30 01:51:19,270 [pool-920-thread-1] INFO  server.RaftServerConfigKeys (ConfUtils.java:logGet(46)) - raft.server.rpc.sleep.time = 25ms (default)
2022-07-30 01:51:19,270 [pool-920-thread-1] INFO  server.RaftServerConfigKeys (ConfUtils.java:logGet(46)) - raft.server.rpc.slowness.timeout = 300s (custom)
2022-07-30 01:51:19,271 [pool-920-thread-1] INFO  server.RaftServerConfigKeys (ConfUtils.java:logGet(46)) - raft.server.leaderelection.leader.step-down.wait-time = 10s (default)
2022-07-30 01:51:19,271 [pool-920-thread-1] INFO  server.RaftServerConfigKeys (ConfUtils.java:logGet(46)) - raft.server.sleep.deviation.threshold = 300ms (default)
2022-07-30 01:51:19,271 [pool-920-thread-1] INFO  server.RaftServer$Division (ServerState.java:<init>(107)) - 625bdddd-b23f-4a62-9edb-0ce5ae5b2b03@group-93113D146D99: ConfigurationManager, init=-1: [625bdddd-b23f-4a62-9edb-0ce5ae5b2b03|rpc:10.1.0.37:39839|priority:1], old=null, confs=<EMPTY_MAP>
2022-07-30 01:51:19,271 [pool-920-thread-1] INFO  server.RaftServerConfigKeys (ConfUtils.java:logGet(46)) - raft.server.storage.dir = [/home/runner/work/ozone/ozone/hadoop-ozone/integration-test/target/test-dir/MiniOzoneClusterImpl-82f5a944-0aea-4e62-8f89-f91bfebfb0a1/datanode-2/data/ratis] (custom)
2022-07-30 01:51:19,271 [pool-920-thread-1] INFO  server.RaftServerConfigKeys (ConfUtils.java:logGet(46)) - raft.server.log.corruption.policy = EXCEPTION (default)
2022-07-30 01:51:19,271 [pool-920-thread-1] INFO  server.RaftServerConfigKeys (ConfUtils.java:logGet(46)) - raft.server.storage.free-space.min = 0MB (=0) (default)
2022-07-30 01:51:19,271 [pool-920-thread-1] INFO  storage.RaftStorageDirectory (RaftStorageDirectoryImpl.java:analyzeStorage(135)) - The storage directory /home/runner/work/ozone/ozone/hadoop-ozone/integration-test/target/test-dir/MiniOzoneClusterImpl-82f5a944-0aea-4e62-8f89-f91bfebfb0a1/datanode-2/data/ratis/5c9a08f5-ab05-463c-905b-93113d146d99 does not exist. Creating ...
2022-07-30 01:51:19,304 [pool-920-thread-1] INFO  storage.RaftStorageDirectory (RaftStorageDirectoryImpl.java:tryLock(230)) - Lock on /home/runner/work/ozone/ozone/hadoop-ozone/integration-test/target/test-dir/MiniOzoneClusterImpl-82f5a944-0aea-4e62-8f89-f91bfebfb0a1/datanode-2/data/ratis/5c9a08f5-ab05-463c-905b-93113d146d99/in_use.lock acquired by nodename 10860@fv-az297-62
2022-07-30 01:51:19,308 [pool-920-thread-1] INFO  storage.RaftStorage (RaftStorageImpl.java:format(89)) - Storage directory /home/runner/work/ozone/ozone/hadoop-ozone/integration-test/target/test-dir/MiniOzoneClusterImpl-82f5a944-0aea-4e62-8f89-f91bfebfb0a1/datanode-2/data/ratis/5c9a08f5-ab05-463c-905b-93113d146d99 has been successfully formatted.
2022-07-30 01:51:19,308 [pool-920-thread-1] INFO  ratis.ContainerStateMachine (ContainerStateMachine.java:loadSnapshot(236)) - group-93113D146D99: The snapshot info is null. Setting the last applied indexto:(t:0, i:~)
2022-07-30 01:51:19,308 [pool-920-thread-1] INFO  server.RaftServerConfigKeys (ConfUtils.java:logGet(46)) - raft.server.notification.no-leader.timeout = 300s (custom)
2022-07-30 01:51:19,308 [pool-920-thread-1] INFO  server.RaftServerConfigKeys (ConfUtils.java:logGet(46)) - raft.server.log.use.memory = false (default)
2022-07-30 01:51:19,308 [pool-920-thread-1] INFO  server.RaftServerConfigKeys (ConfUtils.java:logGet(46)) - raft.server.log.purge.gap = 1000000 (custom)
2022-07-30 01:51:19,308 [pool-920-thread-1] INFO  server.RaftServerConfigKeys (ConfUtils.java:logGet(46)) - raft.server.log.appender.buffer.byte-limit = 33554432 (custom)
2022-07-30 01:51:19,308 [pool-920-thread-1] INFO  server.RaftServerConfigKeys (ConfUtils.java:logGet(46)) - raft.server.log.statemachine.data.read.timeout = 1000ms (default)
2022-07-30 01:51:19,309 [pool-920-thread-1] INFO  server.RaftServerConfigKeys (ConfUtils.java:logGet(46)) - raft.server.log.segment.size.max = 1048576 (custom)
2022-07-30 01:51:19,309 [pool-920-thread-1] INFO  server.RaftServerConfigKeys (ConfUtils.java:logGet(46)) - raft.server.log.segment.cache.num.max = 2 (custom)
2022-07-30 01:51:19,309 [pool-920-thread-1] INFO  server.RaftServerConfigKeys (ConfUtils.java:logGet(46)) - raft.server.log.segment.cache.size.max = 200MB (=209715200) (default)
2022-07-30 01:51:19,309 [pool-920-thread-1] INFO  segmented.SegmentedRaftLogWorker (SegmentedRaftLogWorker.java:<init>(187)) - new 625bdddd-b23f-4a62-9edb-0ce5ae5b2b03@group-93113D146D99-SegmentedRaftLogWorker for RaftStorageImpl:Storage Directory /home/runner/work/ozone/ozone/hadoop-ozone/integration-test/target/test-dir/MiniOzoneClusterImpl-82f5a944-0aea-4e62-8f89-f91bfebfb0a1/datanode-2/data/ratis/5c9a08f5-ab05-463c-905b-93113d146d99
2022-07-30 01:51:19,309 [pool-920-thread-1] INFO  server.RaftServerConfigKeys (ConfUtils.java:logGet(46)) - raft.server.log.queue.byte-limit = 4294967296 (custom)
2022-07-30 01:51:19,309 [pool-920-thread-1] INFO  server.RaftServerConfigKeys (ConfUtils.java:logGet(46)) - raft.server.log.queue.element-limit = 1024 (custom)
2022-07-30 01:51:19,309 [pool-920-thread-1] INFO  server.RaftServerConfigKeys (ConfUtils.java:logGet(46)) - raft.server.log.segment.size.max = 1048576 (custom)
2022-07-30 01:51:19,309 [pool-920-thread-1] INFO  server.RaftServerConfigKeys (ConfUtils.java:logGet(46)) - raft.server.log.preallocated.size = 16384 (custom)
2022-07-30 01:51:19,309 [pool-920-thread-1] INFO  server.RaftServerConfigKeys (ConfUtils.java:logGet(46)) - raft.server.log.force.sync.num = 128 (default)
2022-07-30 01:51:19,309 [pool-920-thread-1] INFO  server.RaftServerConfigKeys (ConfUtils.java:logGet(46)) - raft.server.log.statemachine.data.sync = true (default)
2022-07-30 01:51:19,310 [pool-920-thread-1] INFO  server.RaftServerConfigKeys (ConfUtils.java:logGet(46)) - raft.server.log.statemachine.data.sync.timeout = 10s (default)
2022-07-30 01:51:19,310 [pool-920-thread-1] INFO  server.RaftServerConfigKeys (ConfUtils.java:logGet(46)) - raft.server.log.statemachine.data.sync.timeout.retry = -1 (default)
2022-07-30 01:51:19,311 [pool-920-thread-1] INFO  server.RaftServerConfigKeys (ConfUtils.java:logGet(46)) - raft.server.log.write.buffer.size = 1048576 (custom)
2022-07-30 01:51:19,312 [EventQueue-PipelineReportForPipelineReportHandler] INFO  pipeline.PipelineManagerImpl (PipelineManagerImpl.java:openPipeline(367)) - Pipeline Pipeline[ Id: 5c9a08f5-ab05-463c-905b-93113d146d99, Nodes: 625bdddd-b23f-4a62-9edb-0ce5ae5b2b03{ip: 10.1.0.37, host: fv-az297-62.nmf1rxwemy4u5di1sxxf4ejcwb.jx.internal.cloudapp.net, ports: [REPLICATION=33749, RATIS=39839, RATIS_ADMIN=39839, RATIS_SERVER=39839, STANDALONE=38743], networkLocation: /default-rack, certSerialId: null, persistedOpState: IN_SERVICE, persistedOpStateExpiryEpochSec: 0}, ReplicationConfig: RATIS/ONE, State:ALLOCATED, leaderId:625bdddd-b23f-4a62-9edb-0ce5ae5b2b03, CreationTimestamp2022-07-30T01:51:16.273Z[Etc/UTC]] moved to OPEN state
2022-07-30 01:51:19,312 [EventQueue-OpenPipelineForHealthyPipelineSafeModeRule] INFO  safemode.SCMSafeModeManager (HealthyPipelineSafeModeRule.java:process(137)) - SCM in safe mode. Healthy pipelines reported count is 0, required healthy pipeline reported count is 1
2022-07-30 01:51:19,313 [pool-920-thread-1] INFO  server.RaftServerConfigKeys (ConfUtils.java:logGet(46)) - raft.server.log.unsafe-flush.enabled = false (default)
2022-07-30 01:51:19,313 [pool-920-thread-1] INFO  server.RaftServerConfigKeys (ConfUtils.java:logGet(46)) - raft.server.log.statemachine.data.caching.enabled = true (custom)
2022-07-30 01:51:19,314 [pool-920-thread-1] INFO  segmented.SegmentedRaftLogWorker (SegmentedRaftLogWorker.java:lambda$new$0(135)) - 625bdddd-b23f-4a62-9edb-0ce5ae5b2b03@group-93113D146D99-SegmentedRaftLogWorker: flushIndex: setUnconditionally 0 -> -1
2022-07-30 01:51:19,314 [pool-920-thread-1] INFO  segmented.SegmentedRaftLogWorker (SegmentedRaftLogWorker.java:lambda$new$0(135)) - 625bdddd-b23f-4a62-9edb-0ce5ae5b2b03@group-93113D146D99-SegmentedRaftLogWorker: safeCacheEvictIndex: setUnconditionally 0 -> -1
2022-07-30 01:51:19,314 [pool-920-thread-1] INFO  server.RaftServerConfigKeys (ConfUtils.java:logGet(46)) - raft.server.snapshot.auto.trigger.enabled = true (custom)
2022-07-30 01:51:19,314 [pool-920-thread-1] INFO  server.RaftServerConfigKeys (ConfUtils.java:logGet(46)) - raft.server.snapshot.auto.trigger.threshold = 10000 (custom)
2022-07-30 01:51:19,314 [pool-920-thread-1] INFO  server.RaftServerConfigKeys (ConfUtils.java:logGet(46)) - raft.server.snapshot.retention.file.num = 5 (custom)
2022-07-30 01:51:19,314 [pool-920-thread-1] INFO  server.RaftServerConfigKeys (ConfUtils.java:logGet(46)) - raft.server.log.purge.upto.snapshot.index = false (default)
2022-07-30 01:51:19,314 [pool-920-thread-1] INFO  server.RaftServerConfigKeys (ConfUtils.java:logGet(46)) - raft.server.retrycache.expirytime = 600000ms (custom)
2022-07-30 01:51:19,314 [pool-920-thread-1] INFO  server.RaftServerConfigKeys (ConfUtils.java:logGet(46)) - raft.server.retrycache.statistics.expirytime = 100μs (default)
2022-07-30 01:51:19,316 [pool-920-thread-1] INFO  server.RaftServerConfigKeys (ConfUtils.java:logGet(46)) - raft.server.log.appender.install.snapshot.enabled = false (custom)
2022-07-30 01:51:19,316 [pool-920-thread-1] INFO  server.RaftServerConfigKeys (ConfUtils.java:logGet(46)) - raft.server.threadpool.server.cached = true (default)
2022-07-30 01:51:19,316 [pool-920-thread-1] INFO  server.RaftServerConfigKeys (ConfUtils.java:logGet(46)) - raft.server.threadpool.server.size = 0 (default)
2022-07-30 01:51:19,316 [pool-920-thread-1] INFO  server.RaftServerConfigKeys (ConfUtils.java:logGet(46)) - raft.server.threadpool.client.cached = true (default)
2022-07-30 01:51:19,316 [pool-920-thread-1] INFO  server.RaftServerConfigKeys (ConfUtils.java:logGet(46)) - raft.server.threadpool.client.size = 0 (default)
2022-07-30 01:51:19,316 [pool-920-thread-1] INFO  server.RaftServer$Division (RaftServerImpl.java:start(310)) - 625bdddd-b23f-4a62-9edb-0ce5ae5b2b03@group-93113D146D99: start as a follower, conf=-1: [625bdddd-b23f-4a62-9edb-0ce5ae5b2b03|rpc:10.1.0.37:39839|priority:1], old=null
2022-07-30 01:51:19,316 [pool-920-thread-1] INFO  server.RaftServer$Division (RaftServerImpl.java:setRole(299)) - 625bdddd-b23f-4a62-9edb-0ce5ae5b2b03@group-93113D146D99: changes role from      null to FOLLOWER at term 0 for startAsFollower
2022-07-30 01:51:19,316 [pool-920-thread-1] INFO  impl.RoleInfo (RoleInfo.java:updateAndGet(139)) - 625bdddd-b23f-4a62-9edb-0ce5ae5b2b03: start 625bdddd-b23f-4a62-9edb-0ce5ae5b2b03@group-93113D146D99-FollowerState
2022-07-30 01:51:19,335 [pool-920-thread-1] INFO  util.JmxRegister (JmxRegister.java:tryRegister(44)) - Successfully registered JMX Bean with object name Ratis:service=RaftServer,group=group-93113D146D99,id=625bdddd-b23f-4a62-9edb-0ce5ae5b2b03
2022-07-30 01:51:19,340 [Command processor thread] INFO  ratis.XceiverServerRatis (XceiverServerRatis.java:addGroup(765)) - Created group PipelineID=5c9a08f5-ab05-463c-905b-93113d146d99
2022-07-30 01:51:19,340 [Command processor thread] INFO  commandhandler.CreatePipelineCommandHandler (CreatePipelineCommandHandler.java:handle(113)) - Created Pipeline RATIS ONE PipelineID=5c9a08f5-ab05-463c-905b-93113d146d99.
2022-07-30 01:51:20,049 [Listener at 127.0.0.1/42455] INFO  ozone.MiniOzoneClusterImpl (MiniOzoneClusterImpl.java:lambda$waitForClusterToBeReady$0(216)) - Nodes are ready. Got 5 of 5 DN Heartbeats.
2022-07-30 01:51:20,049 [Listener at 127.0.0.1/42455] INFO  ozone.MiniOzoneClusterImpl (MiniOzoneClusterImpl.java:lambda$waitForClusterToBeReady$0(219)) - Waiting for cluster to exit safe mode
2022-07-30 01:51:20,049 [Listener at 127.0.0.1/42455] INFO  ozone.MiniOzoneClusterImpl (MiniOzoneClusterImpl.java:lambda$waitForClusterToBeReady$0(221)) - SCM became leader
2022-07-30 01:51:20,151 [Command processor thread] INFO  server.RaftServer (RaftServerProxy.java:addNew(96)) - 90590539-81e8-4913-a697-525e65d2cf7e: addNew group-3BFC21B4B52E:[90590539-81e8-4913-a697-525e65d2cf7e|rpc:10.1.0.37:42215|priority:1] returns group-3BFC21B4B52E:java.util.concurrent.CompletableFuture@3a1e54a0[Not completed]
2022-07-30 01:51:20,157 [pool-947-thread-1] INFO  server.RaftServer$Division (RaftServerImpl.java:<init>(190)) - 90590539-81e8-4913-a697-525e65d2cf7e: new RaftServerImpl for group-3BFC21B4B52E:[90590539-81e8-4913-a697-525e65d2cf7e|rpc:10.1.0.37:42215|priority:1] with ContainerStateMachine:uninitialized
2022-07-30 01:51:20,157 [pool-947-thread-1] INFO  server.RaftServerConfigKeys (ConfUtils.java:logGet(46)) - raft.server.rpc.timeout.min = 5s (custom)
2022-07-30 01:51:20,157 [pool-947-thread-1] INFO  server.RaftServerConfigKeys (ConfUtils.java:logGet(46)) - raft.server.rpc.timeout.max = 5200ms (custom)
2022-07-30 01:51:20,157 [pool-947-thread-1] INFO  server.RaftServerConfigKeys (ConfUtils.java:logGet(46)) - raft.server.rpc.sleep.time = 25ms (default)
2022-07-30 01:51:20,157 [pool-947-thread-1] INFO  server.RaftServerConfigKeys (ConfUtils.java:logGet(46)) - raft.server.rpc.slowness.timeout = 300s (custom)
2022-07-30 01:51:20,157 [pool-947-thread-1] INFO  server.RaftServerConfigKeys (ConfUtils.java:logGet(46)) - raft.server.leaderelection.leader.step-down.wait-time = 10s (default)
2022-07-30 01:51:20,157 [pool-947-thread-1] INFO  server.RaftServerConfigKeys (ConfUtils.java:logGet(46)) - raft.server.sleep.deviation.threshold = 300ms (default)
2022-07-30 01:51:20,158 [pool-947-thread-1] INFO  server.RaftServer$Division (ServerState.java:<init>(107)) - 90590539-81e8-4913-a697-525e65d2cf7e@group-3BFC21B4B52E: ConfigurationManager, init=-1: [90590539-81e8-4913-a697-525e65d2cf7e|rpc:10.1.0.37:42215|priority:1], old=null, confs=<EMPTY_MAP>
2022-07-30 01:51:20,158 [pool-947-thread-1] INFO  server.RaftServerConfigKeys (ConfUtils.java:logGet(46)) - raft.server.storage.dir = [/home/runner/work/ozone/ozone/hadoop-ozone/integration-test/target/test-dir/MiniOzoneClusterImpl-82f5a944-0aea-4e62-8f89-f91bfebfb0a1/datanode-3/data/ratis] (custom)
2022-07-30 01:51:20,158 [pool-947-thread-1] INFO  server.RaftServerConfigKeys (ConfUtils.java:logGet(46)) - raft.server.log.corruption.policy = EXCEPTION (default)
2022-07-30 01:51:20,158 [pool-947-thread-1] INFO  server.RaftServerConfigKeys (ConfUtils.java:logGet(46)) - raft.server.storage.free-space.min = 0MB (=0) (default)
2022-07-30 01:51:20,158 [pool-947-thread-1] INFO  storage.RaftStorageDirectory (RaftStorageDirectoryImpl.java:analyzeStorage(135)) - The storage directory /home/runner/work/ozone/ozone/hadoop-ozone/integration-test/target/test-dir/MiniOzoneClusterImpl-82f5a944-0aea-4e62-8f89-f91bfebfb0a1/datanode-3/data/ratis/ebbda556-5148-4aef-b6b5-3bfc21b4b52e does not exist. Creating ...
2022-07-30 01:51:20,163 [pool-947-thread-1] INFO  storage.RaftStorageDirectory (RaftStorageDirectoryImpl.java:tryLock(230)) - Lock on /home/runner/work/ozone/ozone/hadoop-ozone/integration-test/target/test-dir/MiniOzoneClusterImpl-82f5a944-0aea-4e62-8f89-f91bfebfb0a1/datanode-3/data/ratis/ebbda556-5148-4aef-b6b5-3bfc21b4b52e/in_use.lock acquired by nodename 10860@fv-az297-62
2022-07-30 01:51:20,178 [pool-947-thread-1] INFO  storage.RaftStorage (RaftStorageImpl.java:format(89)) - Storage directory /home/runner/work/ozone/ozone/hadoop-ozone/integration-test/target/test-dir/MiniOzoneClusterImpl-82f5a944-0aea-4e62-8f89-f91bfebfb0a1/datanode-3/data/ratis/ebbda556-5148-4aef-b6b5-3bfc21b4b52e has been successfully formatted.
2022-07-30 01:51:20,180 [pool-947-thread-1] INFO  ratis.ContainerStateMachine (ContainerStateMachine.java:loadSnapshot(236)) - group-3BFC21B4B52E: The snapshot info is null. Setting the last applied indexto:(t:0, i:~)
2022-07-30 01:51:20,182 [pool-947-thread-1] INFO  server.RaftServerConfigKeys (ConfUtils.java:logGet(46)) - raft.server.notification.no-leader.timeout = 300s (custom)
2022-07-30 01:51:20,182 [pool-947-thread-1] INFO  server.RaftServerConfigKeys (ConfUtils.java:logGet(46)) - raft.server.log.use.memory = false (default)
2022-07-30 01:51:20,182 [pool-947-thread-1] INFO  server.RaftServerConfigKeys (ConfUtils.java:logGet(46)) - raft.server.log.purge.gap = 1000000 (custom)
2022-07-30 01:51:20,182 [pool-947-thread-1] INFO  server.RaftServerConfigKeys (ConfUtils.java:logGet(46)) - raft.server.log.appender.buffer.byte-limit = 33554432 (custom)
2022-07-30 01:51:20,182 [pool-947-thread-1] INFO  server.RaftServerConfigKeys (ConfUtils.java:logGet(46)) - raft.server.log.statemachine.data.read.timeout = 1000ms (default)
2022-07-30 01:51:20,184 [EventQueue-PipelineReportForPipelineReportHandler] INFO  pipeline.PipelineManagerImpl (PipelineManagerImpl.java:openPipeline(367)) - Pipeline Pipeline[ Id: ebbda556-5148-4aef-b6b5-3bfc21b4b52e, Nodes: 90590539-81e8-4913-a697-525e65d2cf7e{ip: 10.1.0.37, host: fv-az297-62.nmf1rxwemy4u5di1sxxf4ejcwb.jx.internal.cloudapp.net, ports: [REPLICATION=39187, RATIS=42215, RATIS_ADMIN=42215, RATIS_SERVER=42215, STANDALONE=41193], networkLocation: /default-rack, certSerialId: null, persistedOpState: IN_SERVICE, persistedOpStateExpiryEpochSec: 0}, ReplicationConfig: RATIS/ONE, State:ALLOCATED, leaderId:90590539-81e8-4913-a697-525e65d2cf7e, CreationTimestamp2022-07-30T01:51:17.148Z[Etc/UTC]] moved to OPEN state
2022-07-30 01:51:20,185 [EventQueue-OpenPipelineForHealthyPipelineSafeModeRule] INFO  safemode.SCMSafeModeManager (HealthyPipelineSafeModeRule.java:process(137)) - SCM in safe mode. Healthy pipelines reported count is 0, required healthy pipeline reported count is 1
2022-07-30 01:51:20,185 [pool-947-thread-1] INFO  server.RaftServerConfigKeys (ConfUtils.java:logGet(46)) - raft.server.log.segment.size.max = 1048576 (custom)
2022-07-30 01:51:20,186 [pool-947-thread-1] INFO  server.RaftServerConfigKeys (ConfUtils.java:logGet(46)) - raft.server.log.segment.cache.num.max = 2 (custom)
2022-07-30 01:51:20,186 [pool-947-thread-1] INFO  server.RaftServerConfigKeys (ConfUtils.java:logGet(46)) - raft.server.log.segment.cache.size.max = 200MB (=209715200) (default)
2022-07-30 01:51:20,186 [pool-947-thread-1] INFO  segmented.SegmentedRaftLogWorker (SegmentedRaftLogWorker.java:<init>(187)) - new 90590539-81e8-4913-a697-525e65d2cf7e@group-3BFC21B4B52E-SegmentedRaftLogWorker for RaftStorageImpl:Storage Directory /home/runner/work/ozone/ozone/hadoop-ozone/integration-test/target/test-dir/MiniOzoneClusterImpl-82f5a944-0aea-4e62-8f89-f91bfebfb0a1/datanode-3/data/ratis/ebbda556-5148-4aef-b6b5-3bfc21b4b52e
2022-07-30 01:51:20,186 [pool-947-thread-1] INFO  server.RaftServerConfigKeys (ConfUtils.java:logGet(46)) - raft.server.log.queue.byte-limit = 4294967296 (custom)
2022-07-30 01:51:20,186 [pool-947-thread-1] INFO  server.RaftServerConfigKeys (ConfUtils.java:logGet(46)) - raft.server.log.queue.element-limit = 1024 (custom)
2022-07-30 01:51:20,186 [pool-947-thread-1] INFO  server.RaftServerConfigKeys (ConfUtils.java:logGet(46)) - raft.server.log.segment.size.max = 1048576 (custom)
2022-07-30 01:51:20,186 [pool-947-thread-1] INFO  server.RaftServerConfigKeys (ConfUtils.java:logGet(46)) - raft.server.log.preallocated.size = 16384 (custom)
2022-07-30 01:51:20,186 [pool-947-thread-1] INFO  server.RaftServerConfigKeys (ConfUtils.java:logGet(46)) - raft.server.log.force.sync.num = 128 (default)
2022-07-30 01:51:20,186 [pool-947-thread-1] INFO  server.RaftServerConfigKeys (ConfUtils.java:logGet(46)) - raft.server.log.statemachine.data.sync = true (default)
2022-07-30 01:51:20,186 [pool-947-thread-1] INFO  server.RaftServerConfigKeys (ConfUtils.java:logGet(46)) - raft.server.log.statemachine.data.sync.timeout = 10s (default)
2022-07-30 01:51:20,186 [pool-947-thread-1] INFO  server.RaftServerConfigKeys (ConfUtils.java:logGet(46)) - raft.server.log.statemachine.data.sync.timeout.retry = -1 (default)
2022-07-30 01:51:20,187 [pool-947-thread-1] INFO  server.RaftServerConfigKeys (ConfUtils.java:logGet(46)) - raft.server.log.write.buffer.size = 1048576 (custom)
2022-07-30 01:51:20,187 [pool-947-thread-1] INFO  server.RaftServerConfigKeys (ConfUtils.java:logGet(46)) - raft.server.log.unsafe-flush.enabled = false (default)
2022-07-30 01:51:20,187 [pool-947-thread-1] INFO  server.RaftServerConfigKeys (ConfUtils.java:logGet(46)) - raft.server.log.statemachine.data.caching.enabled = true (custom)
2022-07-30 01:51:20,188 [pool-947-thread-1] INFO  segmented.SegmentedRaftLogWorker (SegmentedRaftLogWorker.java:lambda$new$0(135)) - 90590539-81e8-4913-a697-525e65d2cf7e@group-3BFC21B4B52E-SegmentedRaftLogWorker: flushIndex: setUnconditionally 0 -> -1
2022-07-30 01:51:20,188 [pool-947-thread-1] INFO  segmented.SegmentedRaftLogWorker (SegmentedRaftLogWorker.java:lambda$new$0(135)) - 90590539-81e8-4913-a697-525e65d2cf7e@group-3BFC21B4B52E-SegmentedRaftLogWorker: safeCacheEvictIndex: setUnconditionally 0 -> -1
2022-07-30 01:51:20,195 [pool-947-thread-1] INFO  server.RaftServerConfigKeys (ConfUtils.java:logGet(46)) - raft.server.snapshot.auto.trigger.enabled = true (custom)
2022-07-30 01:51:20,195 [pool-947-thread-1] INFO  server.RaftServerConfigKeys (ConfUtils.java:logGet(46)) - raft.server.snapshot.auto.trigger.threshold = 10000 (custom)
2022-07-30 01:51:20,195 [pool-947-thread-1] INFO  server.RaftServerConfigKeys (ConfUtils.java:logGet(46)) - raft.server.snapshot.retention.file.num = 5 (custom)
2022-07-30 01:51:20,196 [pool-947-thread-1] INFO  server.RaftServerConfigKeys (ConfUtils.java:logGet(46)) - raft.server.log.purge.upto.snapshot.index = false (default)
2022-07-30 01:51:20,196 [pool-947-thread-1] INFO  server.RaftServerConfigKeys (ConfUtils.java:logGet(46)) - raft.server.retrycache.expirytime = 600000ms (custom)
2022-07-30 01:51:20,196 [pool-947-thread-1] INFO  server.RaftServerConfigKeys (ConfUtils.java:logGet(46)) - raft.server.retrycache.statistics.expirytime = 100μs (default)
2022-07-30 01:51:20,197 [pool-947-thread-1] INFO  server.RaftServerConfigKeys (ConfUtils.java:logGet(46)) - raft.server.log.appender.install.snapshot.enabled = false (custom)
2022-07-30 01:51:20,197 [pool-947-thread-1] INFO  server.RaftServerConfigKeys (ConfUtils.java:logGet(46)) - raft.server.threadpool.server.cached = true (default)
2022-07-30 01:51:20,197 [pool-947-thread-1] INFO  server.RaftServerConfigKeys (ConfUtils.java:logGet(46)) - raft.server.threadpool.server.size = 0 (default)
2022-07-30 01:51:20,197 [pool-947-thread-1] INFO  server.RaftServerConfigKeys (ConfUtils.java:logGet(46)) - raft.server.threadpool.client.cached = true (default)
2022-07-30 01:51:20,197 [pool-947-thread-1] INFO  server.RaftServerConfigKeys (ConfUtils.java:logGet(46)) - raft.server.threadpool.client.size = 0 (default)
2022-07-30 01:51:20,197 [pool-947-thread-1] INFO  server.RaftServer$Division (RaftServerImpl.java:start(310)) - 90590539-81e8-4913-a697-525e65d2cf7e@group-3BFC21B4B52E: start as a follower, conf=-1: [90590539-81e8-4913-a697-525e65d2cf7e|rpc:10.1.0.37:42215|priority:1], old=null
2022-07-30 01:51:20,197 [pool-947-thread-1] INFO  server.RaftServer$Division (RaftServerImpl.java:setRole(299)) - 90590539-81e8-4913-a697-525e65d2cf7e@group-3BFC21B4B52E: changes role from      null to FOLLOWER at term 0 for startAsFollower
2022-07-30 01:51:20,197 [pool-947-thread-1] INFO  impl.RoleInfo (RoleInfo.java:updateAndGet(139)) - 90590539-81e8-4913-a697-525e65d2cf7e: start 90590539-81e8-4913-a697-525e65d2cf7e@group-3BFC21B4B52E-FollowerState
2022-07-30 01:51:20,204 [pool-947-thread-1] INFO  util.JmxRegister (JmxRegister.java:tryRegister(44)) - Successfully registered JMX Bean with object name Ratis:service=RaftServer,group=group-3BFC21B4B52E,id=90590539-81e8-4913-a697-525e65d2cf7e
2022-07-30 01:51:20,205 [Command processor thread] INFO  ratis.XceiverServerRatis (XceiverServerRatis.java:addGroup(765)) - Created group PipelineID=ebbda556-5148-4aef-b6b5-3bfc21b4b52e
2022-07-30 01:51:20,205 [Command processor thread] INFO  commandhandler.CreatePipelineCommandHandler (CreatePipelineCommandHandler.java:handle(113)) - Created Pipeline RATIS ONE PipelineID=ebbda556-5148-4aef-b6b5-3bfc21b4b52e.
2022-07-30 01:51:20,522 [OverReplicatedQueueThreadThread] INFO  replication.OverReplicatedProcessor (OverReplicatedProcessor.java:processAll(83)) - Processed 0 over replicated containers, failed processing 0
2022-07-30 01:51:20,524 [UnderReplicatedQueueThreadThread] INFO  replication.UnderReplicatedProcessor (UnderReplicatedProcessor.java:processAll(85)) - Processed 0 under replicated containers, failed processing 0
2022-07-30 01:51:21,050 [Listener at 127.0.0.1/42455] INFO  ozone.MiniOzoneClusterImpl (MiniOzoneClusterImpl.java:lambda$waitForClusterToBeReady$0(216)) - Nodes are ready. Got 5 of 5 DN Heartbeats.
2022-07-30 01:51:21,050 [Listener at 127.0.0.1/42455] INFO  ozone.MiniOzoneClusterImpl (MiniOzoneClusterImpl.java:lambda$waitForClusterToBeReady$0(219)) - Waiting for cluster to exit safe mode
2022-07-30 01:51:21,050 [Listener at 127.0.0.1/42455] INFO  ozone.MiniOzoneClusterImpl (MiniOzoneClusterImpl.java:lambda$waitForClusterToBeReady$0(221)) - SCM became leader
2022-07-30 01:51:21,148 [Command processor thread] INFO  server.RaftServer (RaftServerProxy.java:addNew(96)) - feac6527-f4a3-4b35-b8b4-09fad8d49da5: addNew group-D4C431024CB4:[feac6527-f4a3-4b35-b8b4-09fad8d49da5|rpc:10.1.0.37:42307|priority:1] returns group-D4C431024CB4:java.util.concurrent.CompletableFuture@799a667[Not completed]
2022-07-30 01:51:21,162 [pool-970-thread-1] INFO  server.RaftServer$Division (RaftServerImpl.java:<init>(190)) - feac6527-f4a3-4b35-b8b4-09fad8d49da5: new RaftServerImpl for group-D4C431024CB4:[feac6527-f4a3-4b35-b8b4-09fad8d49da5|rpc:10.1.0.37:42307|priority:1] with ContainerStateMachine:uninitialized
2022-07-30 01:51:21,162 [pool-970-thread-1] INFO  server.RaftServerConfigKeys (ConfUtils.java:logGet(46)) - raft.server.rpc.timeout.min = 5s (custom)
2022-07-30 01:51:21,162 [pool-970-thread-1] INFO  server.RaftServerConfigKeys (ConfUtils.java:logGet(46)) - raft.server.rpc.timeout.max = 5200ms (custom)
2022-07-30 01:51:21,162 [pool-970-thread-1] INFO  server.RaftServerConfigKeys (ConfUtils.java:logGet(46)) - raft.server.rpc.sleep.time = 25ms (default)
2022-07-30 01:51:21,162 [pool-970-thread-1] INFO  server.RaftServerConfigKeys (ConfUtils.java:logGet(46)) - raft.server.rpc.slowness.timeout = 300s (custom)
2022-07-30 01:51:21,162 [pool-970-thread-1] INFO  server.RaftServerConfigKeys (ConfUtils.java:logGet(46)) - raft.server.leaderelection.leader.step-down.wait-time = 10s (default)
2022-07-30 01:51:21,162 [pool-970-thread-1] INFO  server.RaftServerConfigKeys (ConfUtils.java:logGet(46)) - raft.server.sleep.deviation.threshold = 300ms (default)
2022-07-30 01:51:21,162 [pool-970-thread-1] INFO  server.RaftServer$Division (ServerState.java:<init>(107)) - feac6527-f4a3-4b35-b8b4-09fad8d49da5@group-D4C431024CB4: ConfigurationManager, init=-1: [feac6527-f4a3-4b35-b8b4-09fad8d49da5|rpc:10.1.0.37:42307|priority:1], old=null, confs=<EMPTY_MAP>
2022-07-30 01:51:21,162 [pool-970-thread-1] INFO  server.RaftServerConfigKeys (ConfUtils.java:logGet(46)) - raft.server.storage.dir = [/home/runner/work/ozone/ozone/hadoop-ozone/integration-test/target/test-dir/MiniOzoneClusterImpl-82f5a944-0aea-4e62-8f89-f91bfebfb0a1/datanode-4/data/ratis] (custom)
2022-07-30 01:51:21,162 [pool-970-thread-1] INFO  server.RaftServerConfigKeys (ConfUtils.java:logGet(46)) - raft.server.log.corruption.policy = EXCEPTION (default)
2022-07-30 01:51:21,162 [pool-970-thread-1] INFO  server.RaftServerConfigKeys (ConfUtils.java:logGet(46)) - raft.server.storage.free-space.min = 0MB (=0) (default)
2022-07-30 01:51:21,162 [pool-970-thread-1] INFO  storage.RaftStorageDirectory (RaftStorageDirectoryImpl.java:analyzeStorage(135)) - The storage directory /home/runner/work/ozone/ozone/hadoop-ozone/integration-test/target/test-dir/MiniOzoneClusterImpl-82f5a944-0aea-4e62-8f89-f91bfebfb0a1/datanode-4/data/ratis/450c294f-2a2b-43b9-9e9b-d4c431024cb4 does not exist. Creating ...
2022-07-30 01:51:21,176 [pool-970-thread-1] INFO  storage.RaftStorageDirectory (RaftStorageDirectoryImpl.java:tryLock(230)) - Lock on /home/runner/work/ozone/ozone/hadoop-ozone/integration-test/target/test-dir/MiniOzoneClusterImpl-82f5a944-0aea-4e62-8f89-f91bfebfb0a1/datanode-4/data/ratis/450c294f-2a2b-43b9-9e9b-d4c431024cb4/in_use.lock acquired by nodename 10860@fv-az297-62
2022-07-30 01:51:21,187 [pool-970-thread-1] INFO  storage.RaftStorage (RaftStorageImpl.java:format(89)) - Storage directory /home/runner/work/ozone/ozone/hadoop-ozone/integration-test/target/test-dir/MiniOzoneClusterImpl-82f5a944-0aea-4e62-8f89-f91bfebfb0a1/datanode-4/data/ratis/450c294f-2a2b-43b9-9e9b-d4c431024cb4 has been successfully formatted.
2022-07-30 01:51:21,214 [pool-970-thread-1] INFO  ratis.ContainerStateMachine (ContainerStateMachine.java:loadSnapshot(236)) - group-D4C431024CB4: The snapshot info is null. Setting the last applied indexto:(t:0, i:~)
2022-07-30 01:51:21,214 [pool-970-thread-1] INFO  server.RaftServerConfigKeys (ConfUtils.java:logGet(46)) - raft.server.notification.no-leader.timeout = 300s (custom)
2022-07-30 01:51:21,214 [pool-970-thread-1] INFO  server.RaftServerConfigKeys (ConfUtils.java:logGet(46)) - raft.server.log.use.memory = false (default)
2022-07-30 01:51:21,214 [pool-970-thread-1] INFO  server.RaftServerConfigKeys (ConfUtils.java:logGet(46)) - raft.server.log.purge.gap = 1000000 (custom)
2022-07-30 01:51:21,214 [pool-970-thread-1] INFO  server.RaftServerConfigKeys (ConfUtils.java:logGet(46)) - raft.server.log.appender.buffer.byte-limit = 33554432 (custom)
2022-07-30 01:51:21,214 [pool-970-thread-1] INFO  server.RaftServerConfigKeys (ConfUtils.java:logGet(46)) - raft.server.log.statemachine.data.read.timeout = 1000ms (default)
2022-07-30 01:51:21,214 [pool-970-thread-1] INFO  server.RaftServerConfigKeys (ConfUtils.java:logGet(46)) - raft.server.log.segment.size.max = 1048576 (custom)
2022-07-30 01:51:21,215 [pool-970-thread-1] INFO  server.RaftServerConfigKeys (ConfUtils.java:logGet(46)) - raft.server.log.segment.cache.num.max = 2 (custom)
2022-07-30 01:51:21,215 [pool-970-thread-1] INFO  server.RaftServerConfigKeys (ConfUtils.java:logGet(46)) - raft.server.log.segment.cache.size.max = 200MB (=209715200) (default)
2022-07-30 01:51:21,215 [pool-970-thread-1] INFO  segmented.SegmentedRaftLogWorker (SegmentedRaftLogWorker.java:<init>(187)) - new feac6527-f4a3-4b35-b8b4-09fad8d49da5@group-D4C431024CB4-SegmentedRaftLogWorker for RaftStorageImpl:Storage Directory /home/runner/work/ozone/ozone/hadoop-ozone/integration-test/target/test-dir/MiniOzoneClusterImpl-82f5a944-0aea-4e62-8f89-f91bfebfb0a1/datanode-4/data/ratis/450c294f-2a2b-43b9-9e9b-d4c431024cb4
2022-07-30 01:51:21,215 [pool-970-thread-1] INFO  server.RaftServerConfigKeys (ConfUtils.java:logGet(46)) - raft.server.log.queue.byte-limit = 4294967296 (custom)
2022-07-30 01:51:21,220 [pool-970-thread-1] INFO  server.RaftServerConfigKeys (ConfUtils.java:logGet(46)) - raft.server.log.queue.element-limit = 1024 (custom)
2022-07-30 01:51:21,220 [pool-970-thread-1] INFO  server.RaftServerConfigKeys (ConfUtils.java:logGet(46)) - raft.server.log.segment.size.max = 1048576 (custom)
2022-07-30 01:51:21,220 [pool-970-thread-1] INFO  server.RaftServerConfigKeys (ConfUtils.java:logGet(46)) - raft.server.log.preallocated.size = 16384 (custom)
2022-07-30 01:51:21,220 [pool-970-thread-1] INFO  server.RaftServerConfigKeys (ConfUtils.java:logGet(46)) - raft.server.log.force.sync.num = 128 (default)
2022-07-30 01:51:21,220 [pool-970-thread-1] INFO  server.RaftServerConfigKeys (ConfUtils.java:logGet(46)) - raft.server.log.statemachine.data.sync = true (default)
2022-07-30 01:51:21,220 [pool-970-thread-1] INFO  server.RaftServerConfigKeys (ConfUtils.java:logGet(46)) - raft.server.log.statemachine.data.sync.timeout = 10s (default)
2022-07-30 01:51:21,220 [pool-970-thread-1] INFO  server.RaftServerConfigKeys (ConfUtils.java:logGet(46)) - raft.server.log.statemachine.data.sync.timeout.retry = -1 (default)
2022-07-30 01:51:21,221 [pool-970-thread-1] INFO  server.RaftServerConfigKeys (ConfUtils.java:logGet(46)) - raft.server.log.write.buffer.size = 1048576 (custom)
2022-07-30 01:51:21,222 [pool-970-thread-1] INFO  server.RaftServerConfigKeys (ConfUtils.java:logGet(46)) - raft.server.log.unsafe-flush.enabled = false (default)
2022-07-30 01:51:21,222 [pool-970-thread-1] INFO  server.RaftServerConfigKeys (ConfUtils.java:logGet(46)) - raft.server.log.statemachine.data.caching.enabled = true (custom)
2022-07-30 01:51:21,222 [pool-970-thread-1] INFO  segmented.SegmentedRaftLogWorker (SegmentedRaftLogWorker.java:lambda$new$0(135)) - feac6527-f4a3-4b35-b8b4-09fad8d49da5@group-D4C431024CB4-SegmentedRaftLogWorker: flushIndex: setUnconditionally 0 -> -1
2022-07-30 01:51:21,222 [pool-970-thread-1] INFO  segmented.SegmentedRaftLogWorker (SegmentedRaftLogWorker.java:lambda$new$0(135)) - feac6527-f4a3-4b35-b8b4-09fad8d49da5@group-D4C431024CB4-SegmentedRaftLogWorker: safeCacheEvictIndex: setUnconditionally 0 -> -1
2022-07-30 01:51:21,225 [pool-970-thread-1] INFO  server.RaftServerConfigKeys (ConfUtils.java:logGet(46)) - raft.server.snapshot.auto.trigger.enabled = true (custom)
2022-07-30 01:51:21,226 [pool-970-thread-1] INFO  server.RaftServerConfigKeys (ConfUtils.java:logGet(46)) - raft.server.snapshot.auto.trigger.threshold = 10000 (custom)
2022-07-30 01:51:21,226 [pool-970-thread-1] INFO  server.RaftServerConfigKeys (ConfUtils.java:logGet(46)) - raft.server.snapshot.retention.file.num = 5 (custom)
2022-07-30 01:51:21,226 [pool-970-thread-1] INFO  server.RaftServerConfigKeys (ConfUtils.java:logGet(46)) - raft.server.log.purge.upto.snapshot.index = false (default)
2022-07-30 01:51:21,226 [pool-970-thread-1] INFO  server.RaftServerConfigKeys (ConfUtils.java:logGet(46)) - raft.server.retrycache.expirytime = 600000ms (custom)
2022-07-30 01:51:21,226 [pool-970-thread-1] INFO  server.RaftServerConfigKeys (ConfUtils.java:logGet(46)) - raft.server.retrycache.statistics.expirytime = 100μs (default)
2022-07-30 01:51:21,229 [pool-970-thread-1] INFO  server.RaftServerConfigKeys (ConfUtils.java:logGet(46)) - raft.server.log.appender.install.snapshot.enabled = false (custom)
2022-07-30 01:51:21,229 [pool-970-thread-1] INFO  server.RaftServerConfigKeys (ConfUtils.java:logGet(46)) - raft.server.threadpool.server.cached = true (default)
2022-07-30 01:51:21,229 [pool-970-thread-1] INFO  server.RaftServerConfigKeys (ConfUtils.java:logGet(46)) - raft.server.threadpool.server.size = 0 (default)
2022-07-30 01:51:21,229 [pool-970-thread-1] INFO  server.RaftServerConfigKeys (ConfUtils.java:logGet(46)) - raft.server.threadpool.client.cached = true (default)
2022-07-30 01:51:21,229 [pool-970-thread-1] INFO  server.RaftServerConfigKeys (ConfUtils.java:logGet(46)) - raft.server.threadpool.client.size = 0 (default)
2022-07-30 01:51:21,229 [pool-970-thread-1] INFO  server.RaftServer$Division (RaftServerImpl.java:start(310)) - feac6527-f4a3-4b35-b8b4-09fad8d49da5@group-D4C431024CB4: start as a follower, conf=-1: [feac6527-f4a3-4b35-b8b4-09fad8d49da5|rpc:10.1.0.37:42307|priority:1], old=null
2022-07-30 01:51:21,229 [pool-970-thread-1] INFO  server.RaftServer$Division (RaftServerImpl.java:setRole(299)) - feac6527-f4a3-4b35-b8b4-09fad8d49da5@group-D4C431024CB4: changes role from      null to FOLLOWER at term 0 for startAsFollower
2022-07-30 01:51:21,229 [pool-970-thread-1] INFO  impl.RoleInfo (RoleInfo.java:updateAndGet(139)) - feac6527-f4a3-4b35-b8b4-09fad8d49da5: start feac6527-f4a3-4b35-b8b4-09fad8d49da5@group-D4C431024CB4-FollowerState
2022-07-30 01:51:21,237 [pool-970-thread-1] INFO  util.JmxRegister (JmxRegister.java:tryRegister(44)) - Successfully registered JMX Bean with object name Ratis:service=RaftServer,group=group-D4C431024CB4,id=feac6527-f4a3-4b35-b8b4-09fad8d49da5
2022-07-30 01:51:21,238 [Command processor thread] INFO  ratis.XceiverServerRatis (XceiverServerRatis.java:addGroup(765)) - Created group PipelineID=450c294f-2a2b-43b9-9e9b-d4c431024cb4
2022-07-30 01:51:21,238 [Command processor thread] INFO  commandhandler.CreatePipelineCommandHandler (CreatePipelineCommandHandler.java:handle(113)) - Created Pipeline RATIS ONE PipelineID=450c294f-2a2b-43b9-9e9b-d4c431024cb4.
2022-07-30 01:51:21,244 [EventQueue-PipelineReportForPipelineReportHandler] INFO  pipeline.PipelineManagerImpl (PipelineManagerImpl.java:openPipeline(367)) - Pipeline Pipeline[ Id: 450c294f-2a2b-43b9-9e9b-d4c431024cb4, Nodes: feac6527-f4a3-4b35-b8b4-09fad8d49da5{ip: 10.1.0.37, host: fv-az297-62.nmf1rxwemy4u5di1sxxf4ejcwb.jx.internal.cloudapp.net, ports: [REPLICATION=40651, RATIS=42307, RATIS_ADMIN=42307, RATIS_SERVER=42307, STANDALONE=42513], networkLocation: /default-rack, certSerialId: null, persistedOpState: IN_SERVICE, persistedOpStateExpiryEpochSec: 0}, ReplicationConfig: RATIS/ONE, State:ALLOCATED, leaderId:feac6527-f4a3-4b35-b8b4-09fad8d49da5, CreationTimestamp2022-07-30T01:51:18.197Z[Etc/UTC]] moved to OPEN state
2022-07-30 01:51:21,244 [EventQueue-OpenPipelineForHealthyPipelineSafeModeRule] INFO  safemode.SCMSafeModeManager (HealthyPipelineSafeModeRule.java:process(137)) - SCM in safe mode. Healthy pipelines reported count is 0, required healthy pipeline reported count is 1
2022-07-30 01:51:22,050 [Listener at 127.0.0.1/42455] INFO  ozone.MiniOzoneClusterImpl (MiniOzoneClusterImpl.java:lambda$waitForClusterToBeReady$0(216)) - Nodes are ready. Got 5 of 5 DN Heartbeats.
2022-07-30 01:51:22,050 [Listener at 127.0.0.1/42455] INFO  ozone.MiniOzoneClusterImpl (MiniOzoneClusterImpl.java:lambda$waitForClusterToBeReady$0(219)) - Waiting for cluster to exit safe mode
2022-07-30 01:51:22,051 [Listener at 127.0.0.1/42455] INFO  ozone.MiniOzoneClusterImpl (MiniOzoneClusterImpl.java:lambda$waitForClusterToBeReady$0(221)) - SCM became leader
2022-07-30 01:51:22,537 [764da7f4-576c-4739-b8ba-4f387767ddcb@group-9C0850E9DA61-FollowerState] INFO  impl.FollowerState (FollowerState.java:run(143)) - 764da7f4-576c-4739-b8ba-4f387767ddcb@group-9C0850E9DA61-FollowerState: change to CANDIDATE, lastRpcElapsedTime:5067980618ns, electionTimeout:5067ms
2022-07-30 01:51:22,537 [764da7f4-576c-4739-b8ba-4f387767ddcb@group-9C0850E9DA61-FollowerState] INFO  impl.RoleInfo (RoleInfo.java:shutdownFollowerState(110)) - 764da7f4-576c-4739-b8ba-4f387767ddcb: shutdown 764da7f4-576c-4739-b8ba-4f387767ddcb@group-9C0850E9DA61-FollowerState
2022-07-30 01:51:22,537 [764da7f4-576c-4739-b8ba-4f387767ddcb@group-9C0850E9DA61-FollowerState] INFO  server.RaftServer$Division (RaftServerImpl.java:setRole(299)) - 764da7f4-576c-4739-b8ba-4f387767ddcb@group-9C0850E9DA61: changes role from  FOLLOWER to CANDIDATE at term 0 for changeToCandidate
2022-07-30 01:51:22,537 [764da7f4-576c-4739-b8ba-4f387767ddcb@group-9C0850E9DA61-FollowerState] INFO  server.RaftServerConfigKeys (ConfUtils.java:logGet(46)) - raft.server.leaderelection.pre-vote = false (custom)
2022-07-30 01:51:22,537 [764da7f4-576c-4739-b8ba-4f387767ddcb@group-9C0850E9DA61-FollowerState] INFO  impl.RoleInfo (RoleInfo.java:updateAndGet(139)) - 764da7f4-576c-4739-b8ba-4f387767ddcb: start 764da7f4-576c-4739-b8ba-4f387767ddcb@group-9C0850E9DA61-LeaderElection44
2022-07-30 01:51:22,575 [764da7f4-576c-4739-b8ba-4f387767ddcb@group-9C0850E9DA61-LeaderElection44] INFO  impl.LeaderElection (LeaderElection.java:askForVotes(310)) - 764da7f4-576c-4739-b8ba-4f387767ddcb@group-9C0850E9DA61-LeaderElection44 ELECTION round 0: submit vote requests at term 1 for -1: [764da7f4-576c-4739-b8ba-4f387767ddcb|rpc:10.1.0.37:40341|priority:1], old=null
2022-07-30 01:51:22,576 [764da7f4-576c-4739-b8ba-4f387767ddcb@group-9C0850E9DA61-LeaderElection44] INFO  impl.LeaderElection (LeaderElection.java:askForVotes(312)) - 764da7f4-576c-4739-b8ba-4f387767ddcb@group-9C0850E9DA61-LeaderElection44 ELECTION round 0: result PASSED (term=1)
2022-07-30 01:51:22,576 [764da7f4-576c-4739-b8ba-4f387767ddcb@group-9C0850E9DA61-LeaderElection44] INFO  impl.RoleInfo (RoleInfo.java:shutdownLeaderElection(130)) - 764da7f4-576c-4739-b8ba-4f387767ddcb: shutdown 764da7f4-576c-4739-b8ba-4f387767ddcb@group-9C0850E9DA61-LeaderElection44
2022-07-30 01:51:22,576 [764da7f4-576c-4739-b8ba-4f387767ddcb@group-9C0850E9DA61-LeaderElection44] INFO  server.RaftServer$Division (RaftServerImpl.java:setRole(299)) - 764da7f4-576c-4739-b8ba-4f387767ddcb@group-9C0850E9DA61: changes role from CANDIDATE to LEADER at term 1 for changeToLeader
2022-07-30 01:51:22,576 [764da7f4-576c-4739-b8ba-4f387767ddcb@group-9C0850E9DA61-LeaderElection44] INFO  ratis.XceiverServerRatis (XceiverServerRatis.java:handleLeaderChangedNotification(863)) - Leader change notification received for group: group-9C0850E9DA61 with new leaderId: 764da7f4-576c-4739-b8ba-4f387767ddcb
2022-07-30 01:51:22,576 [764da7f4-576c-4739-b8ba-4f387767ddcb@group-9C0850E9DA61-LeaderElection44] INFO  server.RaftServer$Division (ServerState.java:setLeader(287)) - 764da7f4-576c-4739-b8ba-4f387767ddcb@group-9C0850E9DA61: change Leader from null to 764da7f4-576c-4739-b8ba-4f387767ddcb at term 1 for becomeLeader, leader elected after 5131ms
2022-07-30 01:51:22,576 [764da7f4-576c-4739-b8ba-4f387767ddcb@group-9C0850E9DA61-LeaderElection44] INFO  server.RaftServerConfigKeys (ConfUtils.java:logGet(46)) - raft.server.staging.catchup.gap = 1000 (default)
2022-07-30 01:51:22,576 [764da7f4-576c-4739-b8ba-4f387767ddcb@group-9C0850E9DA61-LeaderElection44] INFO  server.RaftServerConfigKeys (ConfUtils.java:logGet(46)) - raft.server.write.element-limit = 1024 (custom)
2022-07-30 01:51:22,576 [764da7f4-576c-4739-b8ba-4f387767ddcb@group-9C0850E9DA61-LeaderElection44] INFO  server.RaftServerConfigKeys (ConfUtils.java:logGet(46)) - raft.server.write.byte-limit = 1024 M (=1073741824) (custom)
2022-07-30 01:51:22,577 [764da7f4-576c-4739-b8ba-4f387767ddcb@group-9C0850E9DA61-LeaderElection44] INFO  server.RaftServerConfigKeys (ConfUtils.java:logGet(46)) - raft.server.watch.timeout = 180s (custom)
2022-07-30 01:51:22,577 [764da7f4-576c-4739-b8ba-4f387767ddcb@group-9C0850E9DA61-LeaderElection44] INFO  server.RaftServerConfigKeys (ConfUtils.java:logGet(46)) - raft.server.watch.timeout.denomination = 1s (default)
2022-07-30 01:51:22,577 [764da7f4-576c-4739-b8ba-4f387767ddcb@group-9C0850E9DA61-LeaderElection44] INFO  server.RaftServerConfigKeys (ConfUtils.java:logGet(46)) - raft.server.watch.element-limit = 65536 (default)
2022-07-30 01:51:22,577 [764da7f4-576c-4739-b8ba-4f387767ddcb@group-9C0850E9DA61-LeaderElection44] INFO  server.RaftServerConfigKeys (ConfUtils.java:logGet(46)) - raft.server.write.element-limit = 1024 (custom)
2022-07-30 01:51:22,577 [764da7f4-576c-4739-b8ba-4f387767ddcb@group-9C0850E9DA61-LeaderElection44] INFO  server.RaftServerConfigKeys (ConfUtils.java:logGet(46)) - raft.server.write.follower.gap.ratio.max = -1.0 (default)
2022-07-30 01:51:22,577 [764da7f4-576c-4739-b8ba-4f387767ddcb@group-9C0850E9DA61-LeaderElection44] INFO  impl.RoleInfo (RoleInfo.java:updateAndGet(139)) - 764da7f4-576c-4739-b8ba-4f387767ddcb: start 764da7f4-576c-4739-b8ba-4f387767ddcb@group-9C0850E9DA61-LeaderStateImpl
2022-07-30 01:51:22,577 [764da7f4-576c-4739-b8ba-4f387767ddcb@group-9C0850E9DA61-LeaderElection44] INFO  segmented.SegmentedRaftLogWorker (SegmentedRaftLogWorker.java:startLogSegment(425)) - 764da7f4-576c-4739-b8ba-4f387767ddcb@group-9C0850E9DA61-SegmentedRaftLogWorker: Starting segment from index:0
2022-07-30 01:51:22,595 [EventQueue-OpenPipelineForHealthyPipelineSafeModeRule] INFO  safemode.SCMSafeModeManager (HealthyPipelineSafeModeRule.java:process(137)) - SCM in safe mode. Healthy pipelines reported count is 0, required healthy pipeline reported count is 1
2022-07-30 01:51:22,600 [764da7f4-576c-4739-b8ba-4f387767ddcb@group-4825E10C280C-FollowerState] INFO  impl.FollowerState (FollowerState.java:run(143)) - 764da7f4-576c-4739-b8ba-4f387767ddcb@group-4825E10C280C-FollowerState: change to CANDIDATE, lastRpcElapsedTime:5078674606ns, electionTimeout:5048ms
2022-07-30 01:51:22,601 [764da7f4-576c-4739-b8ba-4f387767ddcb@group-4825E10C280C-FollowerState] INFO  impl.RoleInfo (RoleInfo.java:shutdownFollowerState(110)) - 764da7f4-576c-4739-b8ba-4f387767ddcb: shutdown 764da7f4-576c-4739-b8ba-4f387767ddcb@group-4825E10C280C-FollowerState
2022-07-30 01:51:22,601 [764da7f4-576c-4739-b8ba-4f387767ddcb@group-4825E10C280C-FollowerState] INFO  server.RaftServer$Division (RaftServerImpl.java:setRole(299)) - 764da7f4-576c-4739-b8ba-4f387767ddcb@group-4825E10C280C: changes role from  FOLLOWER to CANDIDATE at term 0 for changeToCandidate
2022-07-30 01:51:22,601 [764da7f4-576c-4739-b8ba-4f387767ddcb@group-4825E10C280C-FollowerState] INFO  server.RaftServerConfigKeys (ConfUtils.java:logGet(46)) - raft.server.leaderelection.pre-vote = false (custom)
2022-07-30 01:51:22,601 [764da7f4-576c-4739-b8ba-4f387767ddcb@group-4825E10C280C-FollowerState] INFO  impl.RoleInfo (RoleInfo.java:updateAndGet(139)) - 764da7f4-576c-4739-b8ba-4f387767ddcb: start 764da7f4-576c-4739-b8ba-4f387767ddcb@group-4825E10C280C-LeaderElection45
2022-07-30 01:51:22,619 [764da7f4-576c-4739-b8ba-4f387767ddcb@group-9C0850E9DA61-SegmentedRaftLogWorker] INFO  segmented.SegmentedRaftLogWorker (SegmentedRaftLogWorker.java:execute(629)) - 764da7f4-576c-4739-b8ba-4f387767ddcb@group-9C0850E9DA61-SegmentedRaftLogWorker: created new log segment /home/runner/work/ozone/ozone/hadoop-ozone/integration-test/target/test-dir/MiniOzoneClusterImpl-82f5a944-0aea-4e62-8f89-f91bfebfb0a1/datanode-0/data/ratis/30b72703-133c-40d2-ab60-9c0850e9da61/current/log_inprogress_0
2022-07-30 01:51:22,635 [764da7f4-576c-4739-b8ba-4f387767ddcb@group-9C0850E9DA61-LeaderElection44] INFO  server.RaftServer$Division (ServerState.java:setRaftConf(393)) - 764da7f4-576c-4739-b8ba-4f387767ddcb@group-9C0850E9DA61: set configuration 0: [764da7f4-576c-4739-b8ba-4f387767ddcb|rpc:10.1.0.37:40341|dataStream:|priority:1], old=null
2022-07-30 01:51:22,659 [764da7f4-576c-4739-b8ba-4f387767ddcb@group-4825E10C280C-LeaderElection45] INFO  impl.LeaderElection (LeaderElection.java:askForVotes(310)) - 764da7f4-576c-4739-b8ba-4f387767ddcb@group-4825E10C280C-LeaderElection45 ELECTION round 0: submit vote requests at term 1 for -1: [764da7f4-576c-4739-b8ba-4f387767ddcb|rpc:10.1.0.37:40341|priority:1, 625bdddd-b23f-4a62-9edb-0ce5ae5b2b03|rpc:10.1.0.37:39839|priority:0, da7e3490-bd6e-4553-a90b-b6c1b406431b|rpc:10.1.0.37:39503|priority:0], old=null
2022-07-30 01:51:22,728 [grpc-default-executor-0] INFO  server.RaftServer$Division (RaftServerImpl.java:requestVote(1152)) - 625bdddd-b23f-4a62-9edb-0ce5ae5b2b03@group-4825E10C280C: receive requestVote(ELECTION, 764da7f4-576c-4739-b8ba-4f387767ddcb, group-4825E10C280C, 1, (t:0, i:0))
2022-07-30 01:51:22,728 [grpc-default-executor-0] INFO  impl.VoteContext (VoteContext.java:log(48)) - 625bdddd-b23f-4a62-9edb-0ce5ae5b2b03@group-4825E10C280C-FOLLOWER: accept ELECTION from 764da7f4-576c-4739-b8ba-4f387767ddcb: our priority 0 <= candidate's priority 1
2022-07-30 01:51:22,728 [grpc-default-executor-0] INFO  server.RaftServer$Division (RaftServerImpl.java:setRole(299)) - 625bdddd-b23f-4a62-9edb-0ce5ae5b2b03@group-4825E10C280C: changes role from  FOLLOWER to FOLLOWER at term 1 for candidate:764da7f4-576c-4739-b8ba-4f387767ddcb
2022-07-30 01:51:22,728 [grpc-default-executor-0] INFO  impl.RoleInfo (RoleInfo.java:shutdownFollowerState(110)) - 625bdddd-b23f-4a62-9edb-0ce5ae5b2b03: shutdown 625bdddd-b23f-4a62-9edb-0ce5ae5b2b03@group-4825E10C280C-FollowerState
2022-07-30 01:51:22,729 [grpc-default-executor-0] INFO  impl.RoleInfo (RoleInfo.java:updateAndGet(139)) - 625bdddd-b23f-4a62-9edb-0ce5ae5b2b03: start 625bdddd-b23f-4a62-9edb-0ce5ae5b2b03@group-4825E10C280C-FollowerState
2022-07-30 01:51:22,729 [625bdddd-b23f-4a62-9edb-0ce5ae5b2b03@group-4825E10C280C-FollowerState] INFO  impl.FollowerState (FollowerState.java:run(152)) - 625bdddd-b23f-4a62-9edb-0ce5ae5b2b03@group-4825E10C280C-FollowerState was interrupted
2022-07-30 01:51:22,743 [grpc-default-executor-0] INFO  server.RaftServer$Division (RaftServerImpl.java:requestVote(1184)) - 625bdddd-b23f-4a62-9edb-0ce5ae5b2b03@group-4825E10C280C replies to ELECTION vote request: 764da7f4-576c-4739-b8ba-4f387767ddcb<-625bdddd-b23f-4a62-9edb-0ce5ae5b2b03#0:OK-t1. Peer's state: 625bdddd-b23f-4a62-9edb-0ce5ae5b2b03@group-4825E10C280C:t1, leader=null, voted=764da7f4-576c-4739-b8ba-4f387767ddcb, raftlog=625bdddd-b23f-4a62-9edb-0ce5ae5b2b03@group-4825E10C280C-SegmentedRaftLog:OPENED:c-1, conf=-1: [764da7f4-576c-4739-b8ba-4f387767ddcb|rpc:10.1.0.37:40341|dataStream:|priority:1, 625bdddd-b23f-4a62-9edb-0ce5ae5b2b03|rpc:10.1.0.37:39839|dataStream:|priority:0, da7e3490-bd6e-4553-a90b-b6c1b406431b|rpc:10.1.0.37:39503|dataStream:|priority:0], old=null
2022-07-30 01:51:22,787 [764da7f4-576c-4739-b8ba-4f387767ddcb@group-4825E10C280C-LeaderElection45] INFO  impl.LeaderElection (LeaderElection.java:logAndReturn(90)) - 764da7f4-576c-4739-b8ba-4f387767ddcb@group-4825E10C280C-LeaderElection45: ELECTION PASSED received 1 response(s) and 0 exception(s):
2022-07-30 01:51:22,788 [764da7f4-576c-4739-b8ba-4f387767ddcb@group-4825E10C280C-LeaderElection45] INFO  impl.LeaderElection (LeaderElection.java:logAndReturn(94)) -   Response 0: 764da7f4-576c-4739-b8ba-4f387767ddcb<-625bdddd-b23f-4a62-9edb-0ce5ae5b2b03#0:OK-t1
2022-07-30 01:51:22,788 [764da7f4-576c-4739-b8ba-4f387767ddcb@group-4825E10C280C-LeaderElection45] INFO  impl.LeaderElection (LeaderElection.java:askForVotes(312)) - 764da7f4-576c-4739-b8ba-4f387767ddcb@group-4825E10C280C-LeaderElection45 ELECTION round 0: result PASSED
2022-07-30 01:51:22,788 [764da7f4-576c-4739-b8ba-4f387767ddcb@group-4825E10C280C-LeaderElection45] INFO  impl.RoleInfo (RoleInfo.java:shutdownLeaderElection(130)) - 764da7f4-576c-4739-b8ba-4f387767ddcb: shutdown 764da7f4-576c-4739-b8ba-4f387767ddcb@group-4825E10C280C-LeaderElection45
2022-07-30 01:51:22,788 [764da7f4-576c-4739-b8ba-4f387767ddcb@group-4825E10C280C-LeaderElection45] INFO  server.RaftServer$Division (RaftServerImpl.java:setRole(299)) - 764da7f4-576c-4739-b8ba-4f387767ddcb@group-4825E10C280C: changes role from CANDIDATE to LEADER at term 1 for changeToLeader
2022-07-30 01:51:22,788 [764da7f4-576c-4739-b8ba-4f387767ddcb@group-4825E10C280C-LeaderElection45] INFO  ratis.XceiverServerRatis (XceiverServerRatis.java:handleLeaderChangedNotification(863)) - Leader change notification received for group: group-4825E10C280C with new leaderId: 764da7f4-576c-4739-b8ba-4f387767ddcb
2022-07-30 01:51:22,788 [764da7f4-576c-4739-b8ba-4f387767ddcb@group-4825E10C280C-LeaderElection45] INFO  server.RaftServer$Division (ServerState.java:setLeader(287)) - 764da7f4-576c-4739-b8ba-4f387767ddcb@group-4825E10C280C: change Leader from null to 764da7f4-576c-4739-b8ba-4f387767ddcb at term 1 for becomeLeader, leader elected after 5312ms
2022-07-30 01:51:22,788 [764da7f4-576c-4739-b8ba-4f387767ddcb@group-4825E10C280C-LeaderElection45] INFO  server.RaftServerConfigKeys (ConfUtils.java:logGet(46)) - raft.server.staging.catchup.gap = 1000 (default)
2022-07-30 01:51:22,788 [764da7f4-576c-4739-b8ba-4f387767ddcb@group-4825E10C280C-LeaderElection45] INFO  server.RaftServerConfigKeys (ConfUtils.java:logGet(46)) - raft.server.write.element-limit = 1024 (custom)
2022-07-30 01:51:22,788 [764da7f4-576c-4739-b8ba-4f387767ddcb@group-4825E10C280C-LeaderElection45] INFO  server.RaftServerConfigKeys (ConfUtils.java:logGet(46)) - raft.server.write.byte-limit = 1024 M (=1073741824) (custom)
2022-07-30 01:51:22,789 [764da7f4-576c-4739-b8ba-4f387767ddcb@group-4825E10C280C-LeaderElection45] INFO  server.RaftServerConfigKeys (ConfUtils.java:logGet(46)) - raft.server.watch.timeout = 180s (custom)
2022-07-30 01:51:22,789 [764da7f4-576c-4739-b8ba-4f387767ddcb@group-4825E10C280C-LeaderElection45] INFO  server.RaftServerConfigKeys (ConfUtils.java:logGet(46)) - raft.server.watch.timeout.denomination = 1s (default)
2022-07-30 01:51:22,789 [764da7f4-576c-4739-b8ba-4f387767ddcb@group-4825E10C280C-LeaderElection45] INFO  server.RaftServerConfigKeys (ConfUtils.java:logGet(46)) - raft.server.watch.element-limit = 65536 (default)
2022-07-30 01:51:22,789 [764da7f4-576c-4739-b8ba-4f387767ddcb@group-4825E10C280C-LeaderElection45] INFO  server.RaftServerConfigKeys (ConfUtils.java:logGet(46)) - raft.server.write.element-limit = 1024 (custom)
2022-07-30 01:51:22,789 [EventQueue-PipelineReportForPipelineReportHandler] INFO  pipeline.PipelineManagerImpl (PipelineManagerImpl.java:openPipeline(367)) - Pipeline Pipeline[ Id: 6491e7ae-b4a5-4357-b192-4825e10c280c, Nodes: 625bdddd-b23f-4a62-9edb-0ce5ae5b2b03{ip: 10.1.0.37, host: fv-az297-62.nmf1rxwemy4u5di1sxxf4ejcwb.jx.internal.cloudapp.net, ports: [REPLICATION=33749, RATIS=39839, RATIS_ADMIN=39839, RATIS_SERVER=39839, STANDALONE=38743], networkLocation: /default-rack, certSerialId: null, persistedOpState: IN_SERVICE, persistedOpStateExpiryEpochSec: 0}764da7f4-576c-4739-b8ba-4f387767ddcb{ip: 10.1.0.37, host: fv-az297-62.nmf1rxwemy4u5di1sxxf4ejcwb.jx.internal.cloudapp.net, ports: [REPLICATION=45777, RATIS=40341, RATIS_ADMIN=40341, RATIS_SERVER=40341, STANDALONE=46769], networkLocation: /default-rack, certSerialId: null, persistedOpState: IN_SERVICE, persistedOpStateExpiryEpochSec: 0}da7e3490-bd6e-4553-a90b-b6c1b406431b{ip: 10.1.0.37, host: fv-az297-62.nmf1rxwemy4u5di1sxxf4ejcwb.jx.internal.cloudapp.net, ports: [REPLICATION=39821, RATIS=39503, RATIS_ADMIN=39503, RATIS_SERVER=39503, STANDALONE=42013], networkLocation: /default-rack, certSerialId: null, persistedOpState: IN_SERVICE, persistedOpStateExpiryEpochSec: 0}, ReplicationConfig: RATIS/THREE, State:ALLOCATED, leaderId:764da7f4-576c-4739-b8ba-4f387767ddcb, CreationTimestamp2022-07-30T01:51:16.274Z[Etc/UTC]] moved to OPEN state
2022-07-30 01:51:22,789 [764da7f4-576c-4739-b8ba-4f387767ddcb@group-4825E10C280C-LeaderElection45] INFO  server.RaftServerConfigKeys (ConfUtils.java:logGet(46)) - raft.server.write.follower.gap.ratio.max = -1.0 (default)
2022-07-30 01:51:22,790 [EventQueue-OpenPipelineForHealthyPipelineSafeModeRule] INFO  safemode.SCMSafeModeManager (HealthyPipelineSafeModeRule.java:process(137)) - SCM in safe mode. Healthy pipelines reported count is 0, required healthy pipeline reported count is 1
2022-07-30 01:51:22,790 [EventQueue-OpenPipelineForHealthyPipelineSafeModeRule] INFO  safemode.SCMSafeModeManager (HealthyPipelineSafeModeRule.java:process(137)) - SCM in safe mode. Healthy pipelines reported count is 1, required healthy pipeline reported count is 1
2022-07-30 01:51:22,790 [EventQueue-OpenPipelineForHealthyPipelineSafeModeRule] INFO  safemode.SCMSafeModeManager (SCMSafeModeManager.java:validateSafeModeExitRules(204)) - HealthyPipelineSafeModeRule rule is successfully validated
2022-07-30 01:51:22,790 [EventQueue-OpenPipelineForHealthyPipelineSafeModeRule] INFO  safemode.SCMSafeModeManager (SCMSafeModeManager.java:validateSafeModeExitRules(219)) - ScmSafeModeManager, all rules are successfully validated
2022-07-30 01:51:22,790 [EventQueue-OpenPipelineForHealthyPipelineSafeModeRule] INFO  safemode.SCMSafeModeManager (SCMSafeModeManager.java:exitSafeMode(248)) - SCM exiting safe mode.
2022-07-30 01:51:22,790 [EventQueue-OpenPipelineForHealthyPipelineSafeModeRule] WARN  events.EventQueue (EventQueue.java:fireEvent(216)) - No event handler registered for event TypedEvent{payloadType=SafeModeStatus, name='Safe mode status'}
2022-07-30 01:51:22,790 [EventQueue-OpenPipelineForHealthyPipelineSafeModeRule] INFO  ha.SCMContext (SCMContext.java:updateSafeModeStatus(228)) - Update SafeModeStatus from SafeModeStatus{safeModeStatus=true, preCheckPassed=true} to SafeModeStatus{safeModeStatus=false, preCheckPassed=true}.
2022-07-30 01:51:22,790 [EventQueue-OpenPipelineForHealthyPipelineSafeModeRule] INFO  pipeline.BackgroundPipelineCreator (BackgroundPipelineCreator.java:notifyStatusChanged(254)) - Service BackgroundPipelineCreator transitions to RUNNING.
2022-07-30 01:51:22,790 [EventQueue-OpenPipelineForHealthyPipelineSafeModeRule] INFO  BackgroundPipelineScrubber (BackgroundSCMService.java:notifyStatusChanged(82)) - Service BackgroundPipelineScrubber transitions to RUNNING.
2022-07-30 01:51:22,790 [EventQueue-OpenPipelineForHealthyPipelineSafeModeRule] INFO  ExpiredContainerReplicaOpScrubber (BackgroundSCMService.java:notifyStatusChanged(82)) - Service ExpiredContainerReplicaOpScrubber transitions to RUNNING.
2022-07-30 01:51:22,790 [EventQueue-OpenPipelineForHealthyPipelineSafeModeRule] INFO  UnderReplicatedQueueThread (BackgroundSCMService.java:notifyStatusChanged(82)) - Service UnderReplicatedQueueThread transitions to RUNNING.
2022-07-30 01:51:22,790 [EventQueue-OpenPipelineForHealthyPipelineSafeModeRule] INFO  OverReplicatedQueueThread (BackgroundSCMService.java:notifyStatusChanged(82)) - Service OverReplicatedQueueThread transitions to RUNNING.
2022-07-30 01:51:22,790 [EventQueue-OpenPipelineForHealthyPipelineSafeModeRule] INFO  replication.ReplicationManager (ReplicationManager.java:notifyStatusChanged(642)) - Service ReplicationManager transitions to RUNNING.
2022-07-30 01:51:22,790 [EventQueue-OpenPipelineForHealthyPipelineSafeModeRule] WARN  balancer.ContainerBalancer (ContainerBalancer.java:shouldRun(904)) - Could not find persisted configuration for ContainerBalancer when checking if ContainerBalancer should run. ContainerBalancer should not run now.
2022-07-30 01:51:22,790 [764da7f4-576c-4739-b8ba-4f387767ddcb@group-4825E10C280C-LeaderElection45] INFO  server.RaftServerConfigKeys (ConfUtils.java:logGet(46)) - raft.server.log.appender.snapshot.chunk.size.max = 16MB (=16777216) (default)
2022-07-30 01:51:22,790 [764da7f4-576c-4739-b8ba-4f387767ddcb@group-4825E10C280C-LeaderElection45] INFO  server.RaftServerConfigKeys (ConfUtils.java:logGet(46)) - raft.server.log.appender.buffer.byte-limit = 33554432 (custom)
2022-07-30 01:51:22,790 [764da7f4-576c-4739-b8ba-4f387767ddcb@group-4825E10C280C-LeaderElection45] INFO  server.RaftServerConfigKeys (ConfUtils.java:logGet(46)) - raft.server.log.appender.buffer.element-limit = 1 (custom)
2022-07-30 01:51:22,791 [764da7f4-576c-4739-b8ba-4f387767ddcb@group-4825E10C280C-LeaderElection45] INFO  grpc.GrpcConfigKeys (ConfUtils.java:logGet(46)) - raft.grpc.server.leader.outstanding.appends.max = 128 (default)
2022-07-30 01:51:22,791 [764da7f4-576c-4739-b8ba-4f387767ddcb@group-4825E10C280C-LeaderElection45] INFO  server.RaftServerConfigKeys (ConfUtils.java:logGet(46)) - raft.server.rpc.request.timeout = 60s (custom)
2022-07-30 01:51:22,791 [764da7f4-576c-4739-b8ba-4f387767ddcb@group-4825E10C280C-LeaderElection45] INFO  server.RaftServerConfigKeys (ConfUtils.java:logGet(46)) - raft.server.log.appender.install.snapshot.enabled = false (custom)
2022-07-30 01:51:22,794 [764da7f4-576c-4739-b8ba-4f387767ddcb@group-4825E10C280C-LeaderElection45] INFO  server.RaftServerConfigKeys (ConfUtils.java:logGet(46)) - raft.server.log.appender.snapshot.chunk.size.max = 16MB (=16777216) (default)
2022-07-30 01:51:22,794 [764da7f4-576c-4739-b8ba-4f387767ddcb@group-4825E10C280C-LeaderElection45] INFO  server.RaftServerConfigKeys (ConfUtils.java:logGet(46)) - raft.server.log.appender.buffer.byte-limit = 33554432 (custom)
2022-07-30 01:51:22,798 [764da7f4-576c-4739-b8ba-4f387767ddcb@group-4825E10C280C-LeaderElection45] INFO  server.RaftServerConfigKeys (ConfUtils.java:logGet(46)) - raft.server.log.appender.buffer.element-limit = 1 (custom)
2022-07-30 01:51:22,798 [764da7f4-576c-4739-b8ba-4f387767ddcb@group-4825E10C280C-LeaderElection45] INFO  grpc.GrpcConfigKeys (ConfUtils.java:logGet(46)) - raft.grpc.server.leader.outstanding.appends.max = 128 (default)
2022-07-30 01:51:22,798 [764da7f4-576c-4739-b8ba-4f387767ddcb@group-4825E10C280C-LeaderElection45] INFO  server.RaftServerConfigKeys (ConfUtils.java:logGet(46)) - raft.server.rpc.request.timeout = 60s (custom)
2022-07-30 01:51:22,798 [764da7f4-576c-4739-b8ba-4f387767ddcb@group-4825E10C280C-LeaderElection45] INFO  server.RaftServerConfigKeys (ConfUtils.java:logGet(46)) - raft.server.log.appender.install.snapshot.enabled = false (custom)
2022-07-30 01:51:22,798 [764da7f4-576c-4739-b8ba-4f387767ddcb@group-4825E10C280C-LeaderElection45] INFO  impl.RoleInfo (RoleInfo.java:updateAndGet(139)) - 764da7f4-576c-4739-b8ba-4f387767ddcb: start 764da7f4-576c-4739-b8ba-4f387767ddcb@group-4825E10C280C-LeaderStateImpl
2022-07-30 01:51:22,798 [764da7f4-576c-4739-b8ba-4f387767ddcb@group-4825E10C280C-LeaderElection45] INFO  segmented.SegmentedRaftLogWorker (SegmentedRaftLogWorker.java:startLogSegment(425)) - 764da7f4-576c-4739-b8ba-4f387767ddcb@group-4825E10C280C-SegmentedRaftLogWorker: Starting segment from index:0
2022-07-30 01:51:22,807 [764da7f4-576c-4739-b8ba-4f387767ddcb@group-4825E10C280C-SegmentedRaftLogWorker] INFO  segmented.SegmentedRaftLogWorker (SegmentedRaftLogWorker.java:execute(629)) - 764da7f4-576c-4739-b8ba-4f387767ddcb@group-4825E10C280C-SegmentedRaftLogWorker: created new log segment /home/runner/work/ozone/ozone/hadoop-ozone/integration-test/target/test-dir/MiniOzoneClusterImpl-82f5a944-0aea-4e62-8f89-f91bfebfb0a1/datanode-0/data/ratis/6491e7ae-b4a5-4357-b192-4825e10c280c/current/log_inprogress_0
2022-07-30 01:51:22,825 [764da7f4-576c-4739-b8ba-4f387767ddcb@group-4825E10C280C-LeaderElection45] INFO  server.RaftServer$Division (ServerState.java:setRaftConf(393)) - 764da7f4-576c-4739-b8ba-4f387767ddcb@group-4825E10C280C: set configuration 0: [764da7f4-576c-4739-b8ba-4f387767ddcb|rpc:10.1.0.37:40341|dataStream:|priority:1, 625bdddd-b23f-4a62-9edb-0ce5ae5b2b03|rpc:10.1.0.37:39839|dataStream:|priority:0, da7e3490-bd6e-4553-a90b-b6c1b406431b|rpc:10.1.0.37:39503|dataStream:|priority:0], old=null
2022-07-30 01:51:22,834 [grpc-default-executor-1] INFO  server.RaftServer$Division (RaftServerImpl.java:requestVote(1152)) - da7e3490-bd6e-4553-a90b-b6c1b406431b@group-4825E10C280C: receive requestVote(ELECTION, 764da7f4-576c-4739-b8ba-4f387767ddcb, group-4825E10C280C, 1, (t:0, i:0))
2022-07-30 01:51:22,834 [grpc-default-executor-1] INFO  impl.VoteContext (VoteContext.java:log(48)) - da7e3490-bd6e-4553-a90b-b6c1b406431b@group-4825E10C280C-FOLLOWER: accept ELECTION from 764da7f4-576c-4739-b8ba-4f387767ddcb: our priority 0 <= candidate's priority 1
2022-07-30 01:51:22,834 [grpc-default-executor-1] INFO  server.RaftServer$Division (RaftServerImpl.java:setRole(299)) - da7e3490-bd6e-4553-a90b-b6c1b406431b@group-4825E10C280C: changes role from  FOLLOWER to FOLLOWER at term 1 for candidate:764da7f4-576c-4739-b8ba-4f387767ddcb
2022-07-30 01:51:22,834 [grpc-default-executor-1] INFO  impl.RoleInfo (RoleInfo.java:shutdownFollowerState(110)) - da7e3490-bd6e-4553-a90b-b6c1b406431b: shutdown da7e3490-bd6e-4553-a90b-b6c1b406431b@group-4825E10C280C-FollowerState
2022-07-30 01:51:22,835 [grpc-default-executor-1] INFO  impl.RoleInfo (RoleInfo.java:updateAndGet(139)) - da7e3490-bd6e-4553-a90b-b6c1b406431b: start da7e3490-bd6e-4553-a90b-b6c1b406431b@group-4825E10C280C-FollowerState
2022-07-30 01:51:22,835 [da7e3490-bd6e-4553-a90b-b6c1b406431b@group-4825E10C280C-FollowerState] INFO  impl.FollowerState (FollowerState.java:run(152)) - da7e3490-bd6e-4553-a90b-b6c1b406431b@group-4825E10C280C-FollowerState was interrupted
2022-07-30 01:51:22,844 [grpc-default-executor-1] INFO  server.RaftServer$Division (RaftServerImpl.java:requestVote(1184)) - da7e3490-bd6e-4553-a90b-b6c1b406431b@group-4825E10C280C replies to ELECTION vote request: 764da7f4-576c-4739-b8ba-4f387767ddcb<-da7e3490-bd6e-4553-a90b-b6c1b406431b#0:OK-t1. Peer's state: da7e3490-bd6e-4553-a90b-b6c1b406431b@group-4825E10C280C:t1, leader=null, voted=764da7f4-576c-4739-b8ba-4f387767ddcb, raftlog=da7e3490-bd6e-4553-a90b-b6c1b406431b@group-4825E10C280C-SegmentedRaftLog:OPENED:c-1, conf=-1: [764da7f4-576c-4739-b8ba-4f387767ddcb|rpc:10.1.0.37:40341|dataStream:|priority:1, 625bdddd-b23f-4a62-9edb-0ce5ae5b2b03|rpc:10.1.0.37:39839|dataStream:|priority:0, da7e3490-bd6e-4553-a90b-b6c1b406431b|rpc:10.1.0.37:39503|dataStream:|priority:0], old=null
2022-07-30 01:51:22,865 [625bdddd-b23f-4a62-9edb-0ce5ae5b2b03-server-thread1] INFO  ratis.XceiverServerRatis (XceiverServerRatis.java:handleLeaderChangedNotification(863)) - Leader change notification received for group: group-4825E10C280C with new leaderId: 764da7f4-576c-4739-b8ba-4f387767ddcb
2022-07-30 01:51:22,865 [625bdddd-b23f-4a62-9edb-0ce5ae5b2b03-server-thread1] INFO  server.RaftServer$Division (ServerState.java:setLeader(287)) - 625bdddd-b23f-4a62-9edb-0ce5ae5b2b03@group-4825E10C280C: change Leader from null to 764da7f4-576c-4739-b8ba-4f387767ddcb at term 1 for appendEntries, leader elected after 5196ms
2022-07-30 01:51:22,897 [625bdddd-b23f-4a62-9edb-0ce5ae5b2b03-server-thread1] INFO  server.RaftServer$Division (ServerState.java:setRaftConf(393)) - 625bdddd-b23f-4a62-9edb-0ce5ae5b2b03@group-4825E10C280C: set configuration 0: [764da7f4-576c-4739-b8ba-4f387767ddcb|rpc:10.1.0.37:40341|dataStream:|priority:1, 625bdddd-b23f-4a62-9edb-0ce5ae5b2b03|rpc:10.1.0.37:39839|dataStream:|priority:0, da7e3490-bd6e-4553-a90b-b6c1b406431b|rpc:10.1.0.37:39503|dataStream:|priority:0], old=null
2022-07-30 01:51:22,897 [625bdddd-b23f-4a62-9edb-0ce5ae5b2b03-server-thread1] INFO  segmented.SegmentedRaftLogWorker (SegmentedRaftLogWorker.java:startLogSegment(425)) - 625bdddd-b23f-4a62-9edb-0ce5ae5b2b03@group-4825E10C280C-SegmentedRaftLogWorker: Starting segment from index:0
2022-07-30 01:51:22,899 [625bdddd-b23f-4a62-9edb-0ce5ae5b2b03@group-4825E10C280C-SegmentedRaftLogWorker] INFO  segmented.SegmentedRaftLogWorker (SegmentedRaftLogWorker.java:execute(629)) - 625bdddd-b23f-4a62-9edb-0ce5ae5b2b03@group-4825E10C280C-SegmentedRaftLogWorker: created new log segment /home/runner/work/ozone/ozone/hadoop-ozone/integration-test/target/test-dir/MiniOzoneClusterImpl-82f5a944-0aea-4e62-8f89-f91bfebfb0a1/datanode-2/data/ratis/6491e7ae-b4a5-4357-b192-4825e10c280c/current/log_inprogress_0
2022-07-30 01:51:22,938 [da7e3490-bd6e-4553-a90b-b6c1b406431b-server-thread1] INFO  ratis.XceiverServerRatis (XceiverServerRatis.java:handleLeaderChangedNotification(863)) - Leader change notification received for group: group-4825E10C280C with new leaderId: 764da7f4-576c-4739-b8ba-4f387767ddcb
2022-07-30 01:51:22,938 [da7e3490-bd6e-4553-a90b-b6c1b406431b-server-thread1] INFO  server.RaftServer$Division (ServerState.java:setLeader(287)) - da7e3490-bd6e-4553-a90b-b6c1b406431b@group-4825E10C280C: change Leader from null to 764da7f4-576c-4739-b8ba-4f387767ddcb at term 1 for appendEntries, leader elected after 5078ms
2022-07-30 01:51:22,951 [da7e3490-bd6e-4553-a90b-b6c1b406431b-server-thread1] INFO  server.RaftServer$Division (ServerState.java:setRaftConf(393)) - da7e3490-bd6e-4553-a90b-b6c1b406431b@group-4825E10C280C: set configuration 0: [764da7f4-576c-4739-b8ba-4f387767ddcb|rpc:10.1.0.37:40341|dataStream:|priority:1, 625bdddd-b23f-4a62-9edb-0ce5ae5b2b03|rpc:10.1.0.37:39839|dataStream:|priority:0, da7e3490-bd6e-4553-a90b-b6c1b406431b|rpc:10.1.0.37:39503|dataStream:|priority:0], old=null
2022-07-30 01:51:22,952 [da7e3490-bd6e-4553-a90b-b6c1b406431b-server-thread1] INFO  segmented.SegmentedRaftLogWorker (SegmentedRaftLogWorker.java:startLogSegment(425)) - da7e3490-bd6e-4553-a90b-b6c1b406431b@group-4825E10C280C-SegmentedRaftLogWorker: Starting segment from index:0
2022-07-30 01:51:22,957 [da7e3490-bd6e-4553-a90b-b6c1b406431b@group-4825E10C280C-SegmentedRaftLogWorker] INFO  segmented.SegmentedRaftLogWorker (SegmentedRaftLogWorker.java:execute(629)) - da7e3490-bd6e-4553-a90b-b6c1b406431b@group-4825E10C280C-SegmentedRaftLogWorker: created new log segment /home/runner/work/ozone/ozone/hadoop-ozone/integration-test/target/test-dir/MiniOzoneClusterImpl-82f5a944-0aea-4e62-8f89-f91bfebfb0a1/datanode-1/data/ratis/6491e7ae-b4a5-4357-b192-4825e10c280c/current/log_inprogress_0
2022-07-30 01:51:23,051 [Listener at 127.0.0.1/42455] INFO  ozone.MiniOzoneClusterImpl (MiniOzoneClusterImpl.java:lambda$waitForClusterToBeReady$0(216)) - Nodes are ready. Got 5 of 5 DN Heartbeats.
2022-07-30 01:51:23,051 [Listener at 127.0.0.1/42455] INFO  ozone.MiniOzoneClusterImpl (MiniOzoneClusterImpl.java:lambda$waitForClusterToBeReady$0(219)) - Cluster exits safe mode
2022-07-30 01:51:23,051 [Listener at 127.0.0.1/42455] INFO  ozone.MiniOzoneClusterImpl (MiniOzoneClusterImpl.java:lambda$waitForClusterToBeReady$0(221)) - SCM became leader
2022-07-30 01:51:23,082 [764da7f4-576c-4739-b8ba-4f387767ddcb@group-F9F44761267B-FollowerState] INFO  impl.FollowerState (FollowerState.java:run(143)) - 764da7f4-576c-4739-b8ba-4f387767ddcb@group-F9F44761267B-FollowerState: change to CANDIDATE, lastRpcElapsedTime:5149578376ns, electionTimeout:5147ms
2022-07-30 01:51:23,082 [764da7f4-576c-4739-b8ba-4f387767ddcb@group-F9F44761267B-FollowerState] INFO  impl.RoleInfo (RoleInfo.java:shutdownFollowerState(110)) - 764da7f4-576c-4739-b8ba-4f387767ddcb: shutdown 764da7f4-576c-4739-b8ba-4f387767ddcb@group-F9F44761267B-FollowerState
2022-07-30 01:51:23,082 [764da7f4-576c-4739-b8ba-4f387767ddcb@group-F9F44761267B-FollowerState] INFO  server.RaftServer$Division (RaftServerImpl.java:setRole(299)) - 764da7f4-576c-4739-b8ba-4f387767ddcb@group-F9F44761267B: changes role from  FOLLOWER to CANDIDATE at term 0 for changeToCandidate
2022-07-30 01:51:23,095 [764da7f4-576c-4739-b8ba-4f387767ddcb@group-F9F44761267B-FollowerState] INFO  server.RaftServerConfigKeys (ConfUtils.java:logGet(46)) - raft.server.leaderelection.pre-vote = false (custom)
2022-07-30 01:51:23,095 [764da7f4-576c-4739-b8ba-4f387767ddcb@group-F9F44761267B-FollowerState] INFO  impl.RoleInfo (RoleInfo.java:updateAndGet(139)) - 764da7f4-576c-4739-b8ba-4f387767ddcb: start 764da7f4-576c-4739-b8ba-4f387767ddcb@group-F9F44761267B-LeaderElection46
2022-07-30 01:51:23,127 [764da7f4-576c-4739-b8ba-4f387767ddcb@group-F9F44761267B-LeaderElection46] INFO  impl.LeaderElection (LeaderElection.java:askForVotes(310)) - 764da7f4-576c-4739-b8ba-4f387767ddcb@group-F9F44761267B-LeaderElection46 ELECTION round 0: submit vote requests at term 1 for -1: [764da7f4-576c-4739-b8ba-4f387767ddcb|rpc:10.1.0.37:40341|priority:0, 625bdddd-b23f-4a62-9edb-0ce5ae5b2b03|rpc:10.1.0.37:39839|priority:0, da7e3490-bd6e-4553-a90b-b6c1b406431b|rpc:10.1.0.37:39503|priority:1], old=null
2022-07-30 01:51:23,143 [grpc-default-executor-2] INFO  server.RaftServer$Division (RaftServerImpl.java:requestVote(1152)) - 625bdddd-b23f-4a62-9edb-0ce5ae5b2b03@group-F9F44761267B: receive requestVote(ELECTION, 764da7f4-576c-4739-b8ba-4f387767ddcb, group-F9F44761267B, 1, (t:0, i:0))
2022-07-30 01:51:23,143 [grpc-default-executor-2] INFO  impl.VoteContext (VoteContext.java:log(48)) - 625bdddd-b23f-4a62-9edb-0ce5ae5b2b03@group-F9F44761267B-FOLLOWER: accept ELECTION from 764da7f4-576c-4739-b8ba-4f387767ddcb: our priority 0 <= candidate's priority 0
2022-07-30 01:51:23,143 [grpc-default-executor-2] INFO  server.RaftServer$Division (RaftServerImpl.java:setRole(299)) - 625bdddd-b23f-4a62-9edb-0ce5ae5b2b03@group-F9F44761267B: changes role from  FOLLOWER to FOLLOWER at term 1 for candidate:764da7f4-576c-4739-b8ba-4f387767ddcb
2022-07-30 01:51:23,143 [grpc-default-executor-2] INFO  impl.RoleInfo (RoleInfo.java:shutdownFollowerState(110)) - 625bdddd-b23f-4a62-9edb-0ce5ae5b2b03: shutdown 625bdddd-b23f-4a62-9edb-0ce5ae5b2b03@group-F9F44761267B-FollowerState
2022-07-30 01:51:23,143 [grpc-default-executor-2] INFO  impl.RoleInfo (RoleInfo.java:updateAndGet(139)) - 625bdddd-b23f-4a62-9edb-0ce5ae5b2b03: start 625bdddd-b23f-4a62-9edb-0ce5ae5b2b03@group-F9F44761267B-FollowerState
2022-07-30 01:51:23,146 [625bdddd-b23f-4a62-9edb-0ce5ae5b2b03@group-F9F44761267B-FollowerState] INFO  impl.FollowerState (FollowerState.java:run(152)) - 625bdddd-b23f-4a62-9edb-0ce5ae5b2b03@group-F9F44761267B-FollowerState was interrupted
2022-07-30 01:51:23,153 [grpc-default-executor-2] INFO  server.RaftServer$Division (RaftServerImpl.java:requestVote(1184)) - 625bdddd-b23f-4a62-9edb-0ce5ae5b2b03@group-F9F44761267B replies to ELECTION vote request: 764da7f4-576c-4739-b8ba-4f387767ddcb<-625bdddd-b23f-4a62-9edb-0ce5ae5b2b03#0:OK-t1. Peer's state: 625bdddd-b23f-4a62-9edb-0ce5ae5b2b03@group-F9F44761267B:t1, leader=null, voted=764da7f4-576c-4739-b8ba-4f387767ddcb, raftlog=625bdddd-b23f-4a62-9edb-0ce5ae5b2b03@group-F9F44761267B-SegmentedRaftLog:OPENED:c-1, conf=-1: [764da7f4-576c-4739-b8ba-4f387767ddcb|rpc:10.1.0.37:40341|dataStream:|priority:0, 625bdddd-b23f-4a62-9edb-0ce5ae5b2b03|rpc:10.1.0.37:39839|dataStream:|priority:0, da7e3490-bd6e-4553-a90b-b6c1b406431b|rpc:10.1.0.37:39503|dataStream:|priority:1], old=null
2022-07-30 01:51:23,165 [grpc-default-executor-3] INFO  server.RaftServer$Division (RaftServerImpl.java:requestVote(1152)) - da7e3490-bd6e-4553-a90b-b6c1b406431b@group-F9F44761267B: receive requestVote(ELECTION, 764da7f4-576c-4739-b8ba-4f387767ddcb, group-F9F44761267B, 1, (t:0, i:0))
2022-07-30 01:51:23,165 [grpc-default-executor-3] INFO  impl.VoteContext (VoteContext.java:log(48)) - da7e3490-bd6e-4553-a90b-b6c1b406431b@group-F9F44761267B-FOLLOWER: reject ELECTION from 764da7f4-576c-4739-b8ba-4f387767ddcb: our priority 1 > candidate's priority 0
2022-07-30 01:51:23,165 [grpc-default-executor-3] INFO  server.RaftServer$Division (RaftServerImpl.java:setRole(299)) - da7e3490-bd6e-4553-a90b-b6c1b406431b@group-F9F44761267B: changes role from  FOLLOWER to FOLLOWER at term 1 for candidate:764da7f4-576c-4739-b8ba-4f387767ddcb
2022-07-30 01:51:23,165 [grpc-default-executor-3] INFO  impl.RoleInfo (RoleInfo.java:shutdownFollowerState(110)) - da7e3490-bd6e-4553-a90b-b6c1b406431b: shutdown da7e3490-bd6e-4553-a90b-b6c1b406431b@group-F9F44761267B-FollowerState
2022-07-30 01:51:23,165 [grpc-default-executor-3] INFO  impl.RoleInfo (RoleInfo.java:updateAndGet(139)) - da7e3490-bd6e-4553-a90b-b6c1b406431b: start da7e3490-bd6e-4553-a90b-b6c1b406431b@group-F9F44761267B-FollowerState
2022-07-30 01:51:23,165 [da7e3490-bd6e-4553-a90b-b6c1b406431b@group-F9F44761267B-FollowerState] INFO  impl.FollowerState (FollowerState.java:run(152)) - da7e3490-bd6e-4553-a90b-b6c1b406431b@group-F9F44761267B-FollowerState was interrupted
2022-07-30 01:51:23,190 [Time-limited test] INFO  rpc.RpcClient (RpcClient.java:createVolume(468)) - Creating Volume: volume93978, with user92476 as owner and space quota set to -1 bytes, counts quota set to -1
2022-07-30 01:51:23,198 [grpc-default-executor-3] INFO  server.RaftServer$Division (RaftServerImpl.java:requestVote(1184)) - da7e3490-bd6e-4553-a90b-b6c1b406431b@group-F9F44761267B replies to ELECTION vote request: 764da7f4-576c-4739-b8ba-4f387767ddcb<-da7e3490-bd6e-4553-a90b-b6c1b406431b#0:FAIL-t1. Peer's state: da7e3490-bd6e-4553-a90b-b6c1b406431b@group-F9F44761267B:t1, leader=null, voted=null, raftlog=da7e3490-bd6e-4553-a90b-b6c1b406431b@group-F9F44761267B-SegmentedRaftLog:OPENED:c-1, conf=-1: [764da7f4-576c-4739-b8ba-4f387767ddcb|rpc:10.1.0.37:40341|dataStream:|priority:0, 625bdddd-b23f-4a62-9edb-0ce5ae5b2b03|rpc:10.1.0.37:39839|dataStream:|priority:0, da7e3490-bd6e-4553-a90b-b6c1b406431b|rpc:10.1.0.37:39503|dataStream:|priority:1], old=null
2022-07-30 01:51:23,199 [764da7f4-576c-4739-b8ba-4f387767ddcb@group-F9F44761267B-LeaderElection46] INFO  impl.LeaderElection (LeaderElection.java:logAndReturn(90)) - 764da7f4-576c-4739-b8ba-4f387767ddcb@group-F9F44761267B-LeaderElection46: ELECTION REJECTED received 2 response(s) and 0 exception(s):
2022-07-30 01:51:23,199 [764da7f4-576c-4739-b8ba-4f387767ddcb@group-F9F44761267B-LeaderElection46] INFO  impl.LeaderElection (LeaderElection.java:logAndReturn(94)) -   Response 0: 764da7f4-576c-4739-b8ba-4f387767ddcb<-625bdddd-b23f-4a62-9edb-0ce5ae5b2b03#0:OK-t1
2022-07-30 01:51:23,199 [764da7f4-576c-4739-b8ba-4f387767ddcb@group-F9F44761267B-LeaderElection46] INFO  impl.LeaderElection (LeaderElection.java:logAndReturn(94)) -   Response 1: 764da7f4-576c-4739-b8ba-4f387767ddcb<-da7e3490-bd6e-4553-a90b-b6c1b406431b#0:FAIL-t1
2022-07-30 01:51:23,199 [764da7f4-576c-4739-b8ba-4f387767ddcb@group-F9F44761267B-LeaderElection46] INFO  impl.LeaderElection (LeaderElection.java:askForVotes(312)) - 764da7f4-576c-4739-b8ba-4f387767ddcb@group-F9F44761267B-LeaderElection46 ELECTION round 0: result REJECTED
2022-07-30 01:51:23,200 [764da7f4-576c-4739-b8ba-4f387767ddcb@group-F9F44761267B-LeaderElection46] INFO  server.RaftServer$Division (RaftServerImpl.java:setRole(299)) - 764da7f4-576c-4739-b8ba-4f387767ddcb@group-F9F44761267B: changes role from CANDIDATE to FOLLOWER at term 1 for REJECTED
2022-07-30 01:51:23,200 [764da7f4-576c-4739-b8ba-4f387767ddcb@group-F9F44761267B-LeaderElection46] INFO  impl.RoleInfo (RoleInfo.java:shutdownLeaderElection(130)) - 764da7f4-576c-4739-b8ba-4f387767ddcb: shutdown 764da7f4-576c-4739-b8ba-4f387767ddcb@group-F9F44761267B-LeaderElection46
2022-07-30 01:51:23,200 [764da7f4-576c-4739-b8ba-4f387767ddcb@group-F9F44761267B-LeaderElection46] INFO  impl.RoleInfo (RoleInfo.java:updateAndGet(139)) - 764da7f4-576c-4739-b8ba-4f387767ddcb: start 764da7f4-576c-4739-b8ba-4f387767ddcb@group-F9F44761267B-FollowerState
2022-07-30 01:51:23,216 [OM StateMachine ApplyTransaction Thread - 0] INFO  volume.OMVolumeCreateRequest (OMVolumeCreateRequest.java:validateAndUpdateCache(195)) - created volume:volume93978 for user:user92476
2022-07-30 01:51:23,231 [Time-limited test] INFO  rpc.RpcClient (RpcClient.java:createBucket(671)) - Creating Bucket: volume93978/bucket01653, with bucket layout LEGACY, runner as owner, Versioning false, Storage Type set to DISK and Encryption set to false 
2022-07-30 01:51:23,236 [OM StateMachine ApplyTransaction Thread - 0] INFO  bucket.OMBucketCreateRequest (OMBucketCreateRequest.java:validateAndUpdateCache(260)) - created bucket: bucket01653 of layout LEGACY in volume: volume93978
2022-07-30 01:51:23,310 [IPC Server handler 3 on default port 37039] INFO  ha.SequenceIdGenerator (SequenceIdGenerator.java:getNextId(128)) - Allocate a batch for containerId, change lastId from 0 to 1000.
2022-07-30 01:51:23,310 [IPC Server handler 3 on default port 37039] WARN  ha.SequenceIdGenerator (SequenceIdGenerator.java:allocateBatch(237)) - Failed to allocate a batch for localId, expected lastId is 0, actual lastId is 109611004723200000.
2022-07-30 01:51:23,310 [IPC Server handler 3 on default port 37039] INFO  ha.SequenceIdGenerator (SequenceIdGenerator.java:getNextId(128)) - Allocate a batch for localId, change lastId from 109611004723200000 to 109611004723201000.
2022-07-30 01:51:23,359 [da7e3490-bd6e-4553-a90b-b6c1b406431b@group-BC96D2E0EC77-FollowerState] INFO  impl.FollowerState (FollowerState.java:run(143)) - da7e3490-bd6e-4553-a90b-b6c1b406431b@group-BC96D2E0EC77-FollowerState: change to CANDIDATE, lastRpcElapsedTime:5062300505ns, electionTimeout:5047ms
2022-07-30 01:51:23,359 [da7e3490-bd6e-4553-a90b-b6c1b406431b@group-BC96D2E0EC77-FollowerState] INFO  impl.RoleInfo (RoleInfo.java:shutdownFollowerState(110)) - da7e3490-bd6e-4553-a90b-b6c1b406431b: shutdown da7e3490-bd6e-4553-a90b-b6c1b406431b@group-BC96D2E0EC77-FollowerState
2022-07-30 01:51:23,359 [da7e3490-bd6e-4553-a90b-b6c1b406431b@group-BC96D2E0EC77-FollowerState] INFO  server.RaftServer$Division (RaftServerImpl.java:setRole(299)) - da7e3490-bd6e-4553-a90b-b6c1b406431b@group-BC96D2E0EC77: changes role from  FOLLOWER to CANDIDATE at term 0 for changeToCandidate
2022-07-30 01:51:23,371 [da7e3490-bd6e-4553-a90b-b6c1b406431b@group-BC96D2E0EC77-FollowerState] INFO  server.RaftServerConfigKeys (ConfUtils.java:logGet(46)) - raft.server.leaderelection.pre-vote = false (custom)
2022-07-30 01:51:23,371 [da7e3490-bd6e-4553-a90b-b6c1b406431b@group-BC96D2E0EC77-FollowerState] INFO  impl.RoleInfo (RoleInfo.java:updateAndGet(139)) - da7e3490-bd6e-4553-a90b-b6c1b406431b: start da7e3490-bd6e-4553-a90b-b6c1b406431b@group-BC96D2E0EC77-LeaderElection47
01:51:23.400 [IPC Server handler 3 on default port 42455] ERROR OMAudit - user=runner | ip=127.0.0.1 | op=GET_FILE_STATUS {volume=volume93978, bucket=bucket01653, key=dir557/file1, dataSize=0, replicationConfig=null} | ret=FAILURE
org.apache.hadoop.ozone.om.exceptions.OMException: Unable to get file status: volume: volume93978 bucket: bucket01653 key: dir557/file1
	at org.apache.hadoop.ozone.om.KeyManagerImpl.getOzoneFileStatus(KeyManagerImpl.java:1311) ~[ozone-manager-1.3.0-SNAPSHOT.jar:?]
	at org.apache.hadoop.ozone.om.KeyManagerImpl.getFileStatus(KeyManagerImpl.java:1241) ~[ozone-manager-1.3.0-SNAPSHOT.jar:?]
	at org.apache.hadoop.ozone.om.OzoneManager.getFileStatus(OzoneManager.java:3467) ~[ozone-manager-1.3.0-SNAPSHOT.jar:?]
	at org.apache.hadoop.ozone.protocolPB.OzoneManagerRequestHandler.getOzoneFileStatus(OzoneManagerRequestHandler.java:878) ~[ozone-manager-1.3.0-SNAPSHOT.jar:?]
	at org.apache.hadoop.ozone.protocolPB.OzoneManagerRequestHandler.handleReadRequest(OzoneManagerRequestHandler.java:224) ~[ozone-manager-1.3.0-SNAPSHOT.jar:?]
	at org.apache.hadoop.ozone.protocolPB.OzoneManagerProtocolServerSideTranslatorPB.submitReadRequestToOM(OzoneManagerProtocolServerSideTranslatorPB.java:226) ~[ozone-manager-1.3.0-SNAPSHOT.jar:?]
	at org.apache.hadoop.ozone.protocolPB.OzoneManagerProtocolServerSideTranslatorPB.processRequest(OzoneManagerProtocolServerSideTranslatorPB.java:175) ~[ozone-manager-1.3.0-SNAPSHOT.jar:?]
	at org.apache.hadoop.hdds.server.OzoneProtocolMessageDispatcher.processRequest(OzoneProtocolMessageDispatcher.java:87) [hdds-server-framework-1.3.0-SNAPSHOT.jar:?]
	at org.apache.hadoop.ozone.protocolPB.OzoneManagerProtocolServerSideTranslatorPB.submitRequest(OzoneManagerProtocolServerSideTranslatorPB.java:147) [ozone-manager-1.3.0-SNAPSHOT.jar:?]
	at org.apache.hadoop.ozone.protocol.proto.OzoneManagerProtocolProtos$OzoneManagerService$2.callBlockingMethod(OzoneManagerProtocolProtos.java) [ozone-interface-client-1.3.0-SNAPSHOT.jar:?]
	at org.apache.hadoop.ipc.ProtobufRpcEngine$Server.processCall(ProtobufRpcEngine.java:466) [hadoop-common-3.3.1.jar:?]
	at org.apache.hadoop.ipc.ProtobufRpcEngine2$Server$ProtoBufRpcInvoker.call(ProtobufRpcEngine2.java:574) [hadoop-common-3.3.1.jar:?]
	at org.apache.hadoop.ipc.ProtobufRpcEngine2$Server$ProtoBufRpcInvoker.call(ProtobufRpcEngine2.java:552) [hadoop-common-3.3.1.jar:?]
	at org.apache.hadoop.ipc.RPC$Server.call(RPC.java:1093) [hadoop-common-3.3.1.jar:?]
	at org.apache.hadoop.ipc.Server$RpcCall.run(Server.java:1035) [hadoop-common-3.3.1.jar:?]
	at org.apache.hadoop.ipc.Server$RpcCall.run(Server.java:963) [hadoop-common-3.3.1.jar:?]
	at java.security.AccessController.doPrivileged(Native Method) ~[?:1.8.0_332]
	at javax.security.auth.Subject.doAs(Subject.java:422) [?:1.8.0_332]
	at org.apache.hadoop.security.UserGroupInformation.doAs(UserGroupInformation.java:1878) [hadoop-common-3.3.1.jar:?]
	at org.apache.hadoop.ipc.Server$Handler.run(Server.java:2966) [hadoop-common-3.3.1.jar:?]
2022-07-30 01:51:23,409 [da7e3490-bd6e-4553-a90b-b6c1b406431b@group-BC96D2E0EC77-LeaderElection47] INFO  impl.LeaderElection (LeaderElection.java:askForVotes(310)) - da7e3490-bd6e-4553-a90b-b6c1b406431b@group-BC96D2E0EC77-LeaderElection47 ELECTION round 0: submit vote requests at term 1 for -1: [da7e3490-bd6e-4553-a90b-b6c1b406431b|rpc:10.1.0.37:39503|priority:1], old=null
2022-07-30 01:51:23,409 [da7e3490-bd6e-4553-a90b-b6c1b406431b@group-BC96D2E0EC77-LeaderElection47] INFO  impl.LeaderElection (LeaderElection.java:askForVotes(312)) - da7e3490-bd6e-4553-a90b-b6c1b406431b@group-BC96D2E0EC77-LeaderElection47 ELECTION round 0: result PASSED (term=1)
2022-07-30 01:51:23,409 [da7e3490-bd6e-4553-a90b-b6c1b406431b@group-BC96D2E0EC77-LeaderElection47] INFO  impl.RoleInfo (RoleInfo.java:shutdownLeaderElection(130)) - da7e3490-bd6e-4553-a90b-b6c1b406431b: shutdown da7e3490-bd6e-4553-a90b-b6c1b406431b@group-BC96D2E0EC77-LeaderElection47
2022-07-30 01:51:23,409 [da7e3490-bd6e-4553-a90b-b6c1b406431b@group-BC96D2E0EC77-LeaderElection47] INFO  server.RaftServer$Division (RaftServerImpl.java:setRole(299)) - da7e3490-bd6e-4553-a90b-b6c1b406431b@group-BC96D2E0EC77: changes role from CANDIDATE to LEADER at term 1 for changeToLeader
2022-07-30 01:51:23,409 [da7e3490-bd6e-4553-a90b-b6c1b406431b@group-BC96D2E0EC77-LeaderElection47] INFO  ratis.XceiverServerRatis (XceiverServerRatis.java:handleLeaderChangedNotification(863)) - Leader change notification received for group: group-BC96D2E0EC77 with new leaderId: da7e3490-bd6e-4553-a90b-b6c1b406431b
2022-07-30 01:51:23,410 [da7e3490-bd6e-4553-a90b-b6c1b406431b@group-BC96D2E0EC77-LeaderElection47] INFO  server.RaftServer$Division (ServerState.java:setLeader(287)) - da7e3490-bd6e-4553-a90b-b6c1b406431b@group-BC96D2E0EC77: change Leader from null to da7e3490-bd6e-4553-a90b-b6c1b406431b at term 1 for becomeLeader, leader elected after 5120ms
2022-07-30 01:51:23,410 [da7e3490-bd6e-4553-a90b-b6c1b406431b@group-BC96D2E0EC77-LeaderElection47] INFO  server.RaftServerConfigKeys (ConfUtils.java:logGet(46)) - raft.server.staging.catchup.gap = 1000 (default)
2022-07-30 01:51:23,410 [da7e3490-bd6e-4553-a90b-b6c1b406431b@group-BC96D2E0EC77-LeaderElection47] INFO  server.RaftServerConfigKeys (ConfUtils.java:logGet(46)) - raft.server.write.element-limit = 1024 (custom)
2022-07-30 01:51:23,410 [da7e3490-bd6e-4553-a90b-b6c1b406431b@group-BC96D2E0EC77-LeaderElection47] INFO  server.RaftServerConfigKeys (ConfUtils.java:logGet(46)) - raft.server.write.byte-limit = 1024 M (=1073741824) (custom)
2022-07-30 01:51:23,410 [da7e3490-bd6e-4553-a90b-b6c1b406431b@group-BC96D2E0EC77-LeaderElection47] INFO  server.RaftServerConfigKeys (ConfUtils.java:logGet(46)) - raft.server.watch.timeout = 180s (custom)
2022-07-30 01:51:23,410 [da7e3490-bd6e-4553-a90b-b6c1b406431b@group-BC96D2E0EC77-LeaderElection47] INFO  server.RaftServerConfigKeys (ConfUtils.java:logGet(46)) - raft.server.watch.timeout.denomination = 1s (default)
2022-07-30 01:51:23,410 [da7e3490-bd6e-4553-a90b-b6c1b406431b@group-BC96D2E0EC77-LeaderElection47] INFO  server.RaftServerConfigKeys (ConfUtils.java:logGet(46)) - raft.server.watch.element-limit = 65536 (default)
2022-07-30 01:51:23,410 [da7e3490-bd6e-4553-a90b-b6c1b406431b@group-BC96D2E0EC77-LeaderElection47] INFO  server.RaftServerConfigKeys (ConfUtils.java:logGet(46)) - raft.server.write.element-limit = 1024 (custom)
2022-07-30 01:51:23,411 [da7e3490-bd6e-4553-a90b-b6c1b406431b@group-BC96D2E0EC77-LeaderElection47] INFO  server.RaftServerConfigKeys (ConfUtils.java:logGet(46)) - raft.server.write.follower.gap.ratio.max = -1.0 (default)
2022-07-30 01:51:23,411 [da7e3490-bd6e-4553-a90b-b6c1b406431b@group-BC96D2E0EC77-LeaderElection47] INFO  impl.RoleInfo (RoleInfo.java:updateAndGet(139)) - da7e3490-bd6e-4553-a90b-b6c1b406431b: start da7e3490-bd6e-4553-a90b-b6c1b406431b@group-BC96D2E0EC77-LeaderStateImpl
2022-07-30 01:51:23,411 [da7e3490-bd6e-4553-a90b-b6c1b406431b@group-BC96D2E0EC77-LeaderElection47] INFO  segmented.SegmentedRaftLogWorker (SegmentedRaftLogWorker.java:startLogSegment(425)) - da7e3490-bd6e-4553-a90b-b6c1b406431b@group-BC96D2E0EC77-SegmentedRaftLogWorker: Starting segment from index:0
2022-07-30 01:51:23,412 [da7e3490-bd6e-4553-a90b-b6c1b406431b@group-BC96D2E0EC77-SegmentedRaftLogWorker] INFO  segmented.SegmentedRaftLogWorker (SegmentedRaftLogWorker.java:execute(629)) - da7e3490-bd6e-4553-a90b-b6c1b406431b@group-BC96D2E0EC77-SegmentedRaftLogWorker: created new log segment /home/runner/work/ozone/ozone/hadoop-ozone/integration-test/target/test-dir/MiniOzoneClusterImpl-82f5a944-0aea-4e62-8f89-f91bfebfb0a1/datanode-1/data/ratis/39d0162d-8c61-4d5d-b89a-bc96d2e0ec77/current/log_inprogress_0
2022-07-30 01:51:23,441 [da7e3490-bd6e-4553-a90b-b6c1b406431b@group-BC96D2E0EC77-LeaderElection47] INFO  server.RaftServer$Division (ServerState.java:setRaftConf(393)) - da7e3490-bd6e-4553-a90b-b6c1b406431b@group-BC96D2E0EC77: set configuration 0: [da7e3490-bd6e-4553-a90b-b6c1b406431b|rpc:10.1.0.37:39503|dataStream:|priority:1], old=null
]]></system-out>
  </testcase>
  <testcase name="testRenameFile" classname="TestRootedOzoneFileSystem" time="0.347">
    <system-out><![CDATA[2022-07-30 01:52:04,046 [Listener at 127.0.0.1/42455] INFO  ozone.MiniOzoneClusterImpl (MiniOzoneClusterImpl.java:shutdown(448)) - Shutting down the Mini Ozone Cluster
2022-07-30 01:52:04,047 [Listener at 127.0.0.1/42455] INFO  ozone.MiniOzoneClusterImpl (MiniOzoneClusterImpl.java:stop(463)) - Stopping the Mini Ozone Cluster
2022-07-30 01:52:04,047 [Listener at 127.0.0.1/42455] INFO  ozone.MiniOzoneClusterImpl (MiniOzoneClusterImpl.java:stopOM(545)) - Stopping the OzoneManager
2022-07-30 01:52:04,047 [Listener at 127.0.0.1/42455] INFO  om.OzoneManager (OzoneManager.java:stop(2021)) - om1[localhost:0]: Stopping Ozone Manager
2022-07-30 01:52:04,047 [Listener at 127.0.0.1/42455] INFO  ipc.Server (Server.java:stop(3414)) - Stopping server on 42455
2022-07-30 01:52:04,057 [IPC Server Responder] INFO  ipc.Server (Server.java:run(1512)) - Stopping IPC Server Responder
2022-07-30 01:52:04,057 [IPC Server listener on 0] INFO  ipc.Server (Server.java:run(1376)) - Stopping IPC Server listener on 0
2022-07-30 01:52:04,057 [Listener at 127.0.0.1/42455] INFO  server.RaftServer (RaftServerProxy.java:lambda$close$7(398)) - om1: close
2022-07-30 01:52:04,058 [Listener at 127.0.0.1/42455] INFO  server.RaftServer$Division (RaftServerImpl.java:lambda$close$4(434)) - om1@group-C5BA1605619E: shutdown
2022-07-30 01:52:04,058 [Listener at 127.0.0.1/42455] INFO  util.JmxRegister (JmxRegister.java:unregister(73)) - Successfully un-registered JMX Bean with object name Ratis:service=RaftServer,group=group-C5BA1605619E,id=om1
2022-07-30 01:52:04,058 [Listener at 127.0.0.1/42455] INFO  impl.RoleInfo (RoleInfo.java:shutdownLeaderState(93)) - om1: shutdown om1@group-C5BA1605619E-LeaderStateImpl
2022-07-30 01:52:04,058 [Listener at 127.0.0.1/42455] INFO  impl.PendingRequests (PendingRequests.java:sendNotLeaderResponses(282)) - om1@group-C5BA1605619E-PendingRequests: sendNotLeaderResponses
2022-07-30 01:52:04,064 [Listener at 127.0.0.1/42455] INFO  impl.StateMachineUpdater (StateMachineUpdater.java:stopAndJoin(153)) - om1@group-C5BA1605619E-StateMachineUpdater: set stopIndex = 6980
2022-07-30 01:52:04,074 [om1@group-C5BA1605619E-StateMachineUpdater] INFO  ratis.OzoneManagerStateMachine (OzoneManagerStateMachine.java:takeSnapshot(441)) - Current Snapshot Index (t:1, i:6980)
2022-07-30 01:52:04,074 [om1@group-C5BA1605619E-StateMachineUpdater] INFO  impl.StateMachineUpdater (StateMachineUpdater.java:takeSnapshot(287)) - om1@group-C5BA1605619E-StateMachineUpdater: Took a snapshot at index 6980
2022-07-30 01:52:04,074 [om1@group-C5BA1605619E-StateMachineUpdater] INFO  impl.StateMachineUpdater (StateMachineUpdater.java:lambda$new$0(92)) - om1@group-C5BA1605619E-StateMachineUpdater: snapshotIndex: updateIncreasingly -1 -> 6980
2022-07-30 01:52:04,074 [om1@group-C5BA1605619E-StateMachineUpdater] INFO  ratis.OzoneManagerStateMachine (OzoneManagerStateMachine.java:close(495)) - StateMachine has shutdown. Shutdown OzoneManager if not already shutdown.
2022-07-30 01:52:04,074 [om1@group-C5BA1605619E-StateMachineUpdater] INFO  ratis.OzoneManagerDoubleBuffer (OzoneManagerDoubleBuffer.java:stop(466)) - Stopping OMDoubleBuffer flush thread
2022-07-30 01:52:04,074 [OMDoubleBufferFlushThread] INFO  ratis.OzoneManagerDoubleBuffer (OzoneManagerDoubleBuffer.java:flushTransactions(385)) - OMDoubleBuffer flush thread OMDoubleBufferFlushThread is interrupted and will exit.
2022-07-30 01:52:04,131 [Listener at 127.0.0.1/42455] INFO  server.RaftServer$Division (ServerState.java:close(429)) - om1@group-C5BA1605619E: closes. applyIndex: 6980
2022-07-30 01:52:04,137 [om1@group-C5BA1605619E-SegmentedRaftLogWorker] INFO  segmented.SegmentedRaftLogWorker (SegmentedRaftLogWorker.java:run(336)) - om1@group-C5BA1605619E-SegmentedRaftLogWorker was interrupted, exiting. There are 0 tasks remaining in the queue.
2022-07-30 01:52:04,140 [Listener at 127.0.0.1/42455] INFO  segmented.SegmentedRaftLogWorker (SegmentedRaftLogWorker.java:close(246)) - om1@group-C5BA1605619E-SegmentedRaftLogWorker close()
2022-07-30 01:52:04,148 [Listener at 127.0.0.1/42455] INFO  server.GrpcService (GrpcService.java:closeImpl(269)) - om1: shutdown server with port 9872 now
2022-07-30 01:52:04,149 [Listener at 127.0.0.1/42455] INFO  server.GrpcService (GrpcService.java:closeImpl(278)) - om1: shutdown server with port 9872 successfully
2022-07-30 01:52:04,149 [org.apache.ratis.util.JvmPauseMonitor$$Lambda$615/1033062816@3f1b551] INFO  util.JvmPauseMonitor (JvmPauseMonitor.java:run(109)) - JvmPauseMonitor-om1: Stopped
2022-07-30 01:52:04,149 [Listener at 127.0.0.1/42455] INFO  ratis.OzoneManagerStateMachine (OzoneManagerStateMachine.java:close(495)) - StateMachine has shutdown. Shutdown OzoneManager if not already shutdown.
2022-07-30 01:52:04,149 [Listener at 127.0.0.1/42455] INFO  ratis.OzoneManagerDoubleBuffer (OzoneManagerDoubleBuffer.java:stop(478)) - OMDoubleBuffer flush thread is not running.
2022-07-30 01:52:04,149 [Listener at 127.0.0.1/42455] INFO  utils.BackgroundService (BackgroundService.java:shutdown(141)) - Shutting down service KeyDeletingService
2022-07-30 01:52:04,150 [Listener at 127.0.0.1/42455] INFO  utils.BackgroundService (BackgroundService.java:shutdown(141)) - Shutting down service DirectoryDeletingService
2022-07-30 01:52:04,150 [Listener at 127.0.0.1/42455] INFO  utils.BackgroundService (BackgroundService.java:shutdown(141)) - Shutting down service OpenKeyCleanupService
2022-07-30 01:52:04,166 [Listener at 127.0.0.1/42455] INFO  handler.ContextHandler (ContextHandler.java:doStop(1153)) - Stopped o.e.j.w.WebAppContext@1d8b3c6c{ozoneManager,/,null,STOPPED}{file:/home/runner/work/ozone/ozone/hadoop-ozone/integration-test/target/test-classes/webapps/ozoneManager}
2022-07-30 01:52:04,169 [Listener at 127.0.0.1/42455] INFO  server.AbstractConnector (AbstractConnector.java:doStop(381)) - Stopped ServerConnector@1be7388c{HTTP/1.1, (http/1.1)}{0.0.0.0:0}
2022-07-30 01:52:04,169 [Listener at 127.0.0.1/42455] INFO  server.session (HouseKeeper.java:stopScavenging(149)) - node0 Stopped scavenging
2022-07-30 01:52:04,169 [Listener at 127.0.0.1/42455] INFO  handler.ContextHandler (ContextHandler.java:doStop(1153)) - Stopped o.e.j.s.ServletContextHandler@4791daa0{static,/static,file:///home/runner/work/ozone/ozone/hadoop-ozone/integration-test/target/test-classes/webapps/static,STOPPED}
2022-07-30 01:52:04,169 [Listener at 127.0.0.1/42455] INFO  handler.ContextHandler (ContextHandler.java:doStop(1153)) - Stopped o.e.j.s.ServletContextHandler@90b1516{logs,/logs,file:///home/runner/work/ozone/ozone/hadoop-ozone/integration-test/target/log,STOPPED}
2022-07-30 01:52:04,173 [Trash Emptier] ERROR om.TrashPolicyOzone (TrashPolicyOzone.java:run(251)) - Error attempting to shutdown
java.lang.InterruptedException
	at java.util.concurrent.locks.AbstractQueuedSynchronizer$ConditionObject.awaitNanos(AbstractQueuedSynchronizer.java:2067)
	at java.util.concurrent.ThreadPoolExecutor.awaitTermination(ThreadPoolExecutor.java:1475)
	at org.apache.hadoop.ozone.om.TrashPolicyOzone$Emptier.run(TrashPolicyOzone.java:249)
	at java.lang.Thread.run(Thread.java:750)
2022-07-30 01:52:04,174 [Trash Emptier] ERROR util.ExitUtils (ExitUtils.java:terminate(133)) - Terminating with exit status -1: Thread[Trash Emptier,5,main] has thrown an uncaught exception
java.lang.UnsupportedOperationException: fs.getUri() not implemented in TrashOzoneFileSystem
	at org.apache.hadoop.ozone.om.TrashOzoneFileSystem.getUri(TrashOzoneFileSystem.java:126)
	at org.apache.hadoop.fs.FileSystem.close(FileSystem.java:2592)
	at org.apache.hadoop.ozone.om.TrashPolicyOzone$Emptier.run(TrashPolicyOzone.java:243)
	at java.lang.Thread.run(Thread.java:750)
2022-07-30 01:52:04,196 [Listener at 127.0.0.1/42455] INFO  ozone.MiniOzoneClusterImpl (MiniOzoneClusterImpl.java:stopDatanodes(522)) - Stopping the HddsDatanodes
2022-07-30 01:52:06,174 [UnderReplicatedQueueThreadThread] INFO  replication.UnderReplicatedProcessor (UnderReplicatedProcessor.java:processAll(85)) - Processed 0 under replicated containers, failed processing 0
2022-07-30 01:52:06,179 [OverReplicatedQueueThreadThread] INFO  replication.OverReplicatedProcessor (OverReplicatedProcessor.java:processAll(83)) - Processed 0 over replicated containers, failed processing 0
2022-07-30 01:52:09,197 [Listener at 127.0.0.1/42455] INFO  ozoneimpl.OzoneContainer (OzoneContainer.java:stop(399)) - Attempting to stop container services.
2022-07-30 01:52:09,200 [Listener at 127.0.0.1/42455] INFO  server.RaftServer (RaftServerProxy.java:lambda$close$7(398)) - 625bdddd-b23f-4a62-9edb-0ce5ae5b2b03: close
2022-07-30 01:52:09,200 [Listener at 127.0.0.1/42455] INFO  server.RaftServer$Division (RaftServerImpl.java:lambda$close$4(434)) - 625bdddd-b23f-4a62-9edb-0ce5ae5b2b03@group-93113D146D99: shutdown
2022-07-30 01:52:09,201 [Listener at 127.0.0.1/42455] INFO  util.JmxRegister (JmxRegister.java:unregister(73)) - Successfully un-registered JMX Bean with object name Ratis:service=RaftServer,group=group-93113D146D99,id=625bdddd-b23f-4a62-9edb-0ce5ae5b2b03
2022-07-30 01:52:09,201 [Listener at 127.0.0.1/42455] INFO  impl.RoleInfo (RoleInfo.java:shutdownLeaderState(93)) - 625bdddd-b23f-4a62-9edb-0ce5ae5b2b03: shutdown 625bdddd-b23f-4a62-9edb-0ce5ae5b2b03@group-93113D146D99-LeaderStateImpl
2022-07-30 01:52:09,201 [Listener at 127.0.0.1/42455] INFO  impl.PendingRequests (PendingRequests.java:sendNotLeaderResponses(282)) - 625bdddd-b23f-4a62-9edb-0ce5ae5b2b03@group-93113D146D99-PendingRequests: sendNotLeaderResponses
2022-07-30 01:52:09,202 [Listener at 127.0.0.1/42455] INFO  impl.StateMachineUpdater (StateMachineUpdater.java:stopAndJoin(153)) - 625bdddd-b23f-4a62-9edb-0ce5ae5b2b03@group-93113D146D99-StateMachineUpdater: set stopIndex = 0
2022-07-30 01:52:09,202 [625bdddd-b23f-4a62-9edb-0ce5ae5b2b03@group-93113D146D99-StateMachineUpdater] INFO  ratis.ContainerStateMachine (ContainerStateMachine.java:takeSnapshot(304)) - group-93113D146D99: Taking a snapshot at:(t:1, i:0) file /home/runner/work/ozone/ozone/hadoop-ozone/integration-test/target/test-dir/MiniOzoneClusterImpl-82f5a944-0aea-4e62-8f89-f91bfebfb0a1/datanode-2/data/ratis/5c9a08f5-ab05-463c-905b-93113d146d99/sm/snapshot.1_0
2022-07-30 01:52:09,205 [ForkJoinPool.commonPool-worker-1] INFO  ozoneimpl.OzoneContainer (OzoneContainer.java:stop(399)) - Attempting to stop container services.
2022-07-30 01:52:09,206 [ForkJoinPool.commonPool-worker-1] INFO  server.RaftServer (RaftServerProxy.java:lambda$close$7(398)) - da7e3490-bd6e-4553-a90b-b6c1b406431b: close
2022-07-30 01:52:09,206 [ForkJoinPool.commonPool-worker-1] INFO  server.RaftServer$Division (RaftServerImpl.java:lambda$close$4(434)) - da7e3490-bd6e-4553-a90b-b6c1b406431b@group-4825E10C280C: shutdown
2022-07-30 01:52:09,207 [625bdddd-b23f-4a62-9edb-0ce5ae5b2b03@group-93113D146D99-StateMachineUpdater] INFO  ratis.ContainerStateMachine (ContainerStateMachine.java:takeSnapshot(315)) - group-93113D146D99: Finished taking a snapshot at:(t:1, i:0) file:/home/runner/work/ozone/ozone/hadoop-ozone/integration-test/target/test-dir/MiniOzoneClusterImpl-82f5a944-0aea-4e62-8f89-f91bfebfb0a1/datanode-2/data/ratis/5c9a08f5-ab05-463c-905b-93113d146d99/sm/snapshot.1_0 took: 4 ms
2022-07-30 01:52:09,207 [ForkJoinPool.commonPool-worker-1] INFO  util.JmxRegister (JmxRegister.java:unregister(73)) - Successfully un-registered JMX Bean with object name Ratis:service=RaftServer,group=group-4825E10C280C,id=da7e3490-bd6e-4553-a90b-b6c1b406431b
2022-07-30 01:52:09,207 [ForkJoinPool.commonPool-worker-1] INFO  impl.RoleInfo (RoleInfo.java:shutdownFollowerState(110)) - da7e3490-bd6e-4553-a90b-b6c1b406431b: shutdown da7e3490-bd6e-4553-a90b-b6c1b406431b@group-4825E10C280C-FollowerState
2022-07-30 01:52:09,207 [ForkJoinPool.commonPool-worker-1] INFO  impl.StateMachineUpdater (StateMachineUpdater.java:stopAndJoin(153)) - da7e3490-bd6e-4553-a90b-b6c1b406431b@group-4825E10C280C-StateMachineUpdater: set stopIndex = 47
2022-07-30 01:52:09,207 [625bdddd-b23f-4a62-9edb-0ce5ae5b2b03@group-93113D146D99-StateMachineUpdater] INFO  impl.StateMachineUpdater (StateMachineUpdater.java:takeSnapshot(287)) - 625bdddd-b23f-4a62-9edb-0ce5ae5b2b03@group-93113D146D99-StateMachineUpdater: Took a snapshot at index 0
2022-07-30 01:52:09,207 [da7e3490-bd6e-4553-a90b-b6c1b406431b@group-4825E10C280C-FollowerState] INFO  impl.FollowerState (FollowerState.java:run(152)) - da7e3490-bd6e-4553-a90b-b6c1b406431b@group-4825E10C280C-FollowerState was interrupted
2022-07-30 01:52:09,207 [625bdddd-b23f-4a62-9edb-0ce5ae5b2b03@group-93113D146D99-StateMachineUpdater] INFO  impl.StateMachineUpdater (StateMachineUpdater.java:lambda$new$0(92)) - 625bdddd-b23f-4a62-9edb-0ce5ae5b2b03@group-93113D146D99-StateMachineUpdater: snapshotIndex: updateIncreasingly -1 -> 0
2022-07-30 01:52:09,222 [da7e3490-bd6e-4553-a90b-b6c1b406431b@group-4825E10C280C-StateMachineUpdater] INFO  ratis.ContainerStateMachine (ContainerStateMachine.java:takeSnapshot(304)) - group-4825E10C280C: Taking a snapshot at:(t:1, i:47) file /home/runner/work/ozone/ozone/hadoop-ozone/integration-test/target/test-dir/MiniOzoneClusterImpl-82f5a944-0aea-4e62-8f89-f91bfebfb0a1/datanode-1/data/ratis/6491e7ae-b4a5-4357-b192-4825e10c280c/sm/snapshot.1_47
2022-07-30 01:52:09,223 [Listener at 127.0.0.1/42455] INFO  server.RaftServer$Division (ServerState.java:close(429)) - 625bdddd-b23f-4a62-9edb-0ce5ae5b2b03@group-93113D146D99: closes. applyIndex: 0
2022-07-30 01:52:09,223 [625bdddd-b23f-4a62-9edb-0ce5ae5b2b03@group-93113D146D99-SegmentedRaftLogWorker] INFO  segmented.SegmentedRaftLogWorker (SegmentedRaftLogWorker.java:run(336)) - 625bdddd-b23f-4a62-9edb-0ce5ae5b2b03@group-93113D146D99-SegmentedRaftLogWorker was interrupted, exiting. There are 0 tasks remaining in the queue.
2022-07-30 01:52:09,223 [Listener at 127.0.0.1/42455] INFO  segmented.SegmentedRaftLogWorker (SegmentedRaftLogWorker.java:close(246)) - 625bdddd-b23f-4a62-9edb-0ce5ae5b2b03@group-93113D146D99-SegmentedRaftLogWorker close()
2022-07-30 01:52:09,225 [Listener at 127.0.0.1/42455] INFO  server.RaftServer$Division (RaftServerImpl.java:lambda$close$4(434)) - 625bdddd-b23f-4a62-9edb-0ce5ae5b2b03@group-4825E10C280C: shutdown
2022-07-30 01:52:09,225 [Listener at 127.0.0.1/42455] INFO  util.JmxRegister (JmxRegister.java:unregister(73)) - Successfully un-registered JMX Bean with object name Ratis:service=RaftServer,group=group-4825E10C280C,id=625bdddd-b23f-4a62-9edb-0ce5ae5b2b03
2022-07-30 01:52:09,225 [Listener at 127.0.0.1/42455] INFO  impl.RoleInfo (RoleInfo.java:shutdownFollowerState(110)) - 625bdddd-b23f-4a62-9edb-0ce5ae5b2b03: shutdown 625bdddd-b23f-4a62-9edb-0ce5ae5b2b03@group-4825E10C280C-FollowerState
2022-07-30 01:52:09,225 [Listener at 127.0.0.1/42455] INFO  impl.StateMachineUpdater (StateMachineUpdater.java:stopAndJoin(153)) - 625bdddd-b23f-4a62-9edb-0ce5ae5b2b03@group-4825E10C280C-StateMachineUpdater: set stopIndex = 47
2022-07-30 01:52:09,226 [625bdddd-b23f-4a62-9edb-0ce5ae5b2b03@group-4825E10C280C-FollowerState] INFO  impl.FollowerState (FollowerState.java:run(152)) - 625bdddd-b23f-4a62-9edb-0ce5ae5b2b03@group-4825E10C280C-FollowerState was interrupted
2022-07-30 01:52:09,226 [da7e3490-bd6e-4553-a90b-b6c1b406431b@group-4825E10C280C-StateMachineUpdater] INFO  ratis.ContainerStateMachine (ContainerStateMachine.java:takeSnapshot(315)) - group-4825E10C280C: Finished taking a snapshot at:(t:1, i:47) file:/home/runner/work/ozone/ozone/hadoop-ozone/integration-test/target/test-dir/MiniOzoneClusterImpl-82f5a944-0aea-4e62-8f89-f91bfebfb0a1/datanode-1/data/ratis/6491e7ae-b4a5-4357-b192-4825e10c280c/sm/snapshot.1_47 took: 3 ms
2022-07-30 01:52:09,226 [625bdddd-b23f-4a62-9edb-0ce5ae5b2b03@group-4825E10C280C-StateMachineUpdater] INFO  ratis.ContainerStateMachine (ContainerStateMachine.java:takeSnapshot(304)) - group-4825E10C280C: Taking a snapshot at:(t:1, i:47) file /home/runner/work/ozone/ozone/hadoop-ozone/integration-test/target/test-dir/MiniOzoneClusterImpl-82f5a944-0aea-4e62-8f89-f91bfebfb0a1/datanode-2/data/ratis/6491e7ae-b4a5-4357-b192-4825e10c280c/sm/snapshot.1_47
2022-07-30 01:52:09,226 [da7e3490-bd6e-4553-a90b-b6c1b406431b@group-4825E10C280C-StateMachineUpdater] INFO  impl.StateMachineUpdater (StateMachineUpdater.java:takeSnapshot(287)) - da7e3490-bd6e-4553-a90b-b6c1b406431b@group-4825E10C280C-StateMachineUpdater: Took a snapshot at index 47
2022-07-30 01:52:09,226 [da7e3490-bd6e-4553-a90b-b6c1b406431b@group-4825E10C280C-StateMachineUpdater] INFO  impl.StateMachineUpdater (StateMachineUpdater.java:lambda$new$0(92)) - da7e3490-bd6e-4553-a90b-b6c1b406431b@group-4825E10C280C-StateMachineUpdater: snapshotIndex: updateIncreasingly -1 -> 47
2022-07-30 01:52:09,248 [625bdddd-b23f-4a62-9edb-0ce5ae5b2b03@group-4825E10C280C-StateMachineUpdater] INFO  ratis.ContainerStateMachine (ContainerStateMachine.java:takeSnapshot(315)) - group-4825E10C280C: Finished taking a snapshot at:(t:1, i:47) file:/home/runner/work/ozone/ozone/hadoop-ozone/integration-test/target/test-dir/MiniOzoneClusterImpl-82f5a944-0aea-4e62-8f89-f91bfebfb0a1/datanode-2/data/ratis/6491e7ae-b4a5-4357-b192-4825e10c280c/sm/snapshot.1_47 took: 22 ms
2022-07-30 01:52:09,248 [625bdddd-b23f-4a62-9edb-0ce5ae5b2b03@group-4825E10C280C-StateMachineUpdater] INFO  impl.StateMachineUpdater (StateMachineUpdater.java:takeSnapshot(287)) - 625bdddd-b23f-4a62-9edb-0ce5ae5b2b03@group-4825E10C280C-StateMachineUpdater: Took a snapshot at index 47
2022-07-30 01:52:09,248 [625bdddd-b23f-4a62-9edb-0ce5ae5b2b03@group-4825E10C280C-StateMachineUpdater] INFO  impl.StateMachineUpdater (StateMachineUpdater.java:lambda$new$0(92)) - 625bdddd-b23f-4a62-9edb-0ce5ae5b2b03@group-4825E10C280C-StateMachineUpdater: snapshotIndex: updateIncreasingly -1 -> 47
2022-07-30 01:52:09,249 [ForkJoinPool.commonPool-worker-1] INFO  server.RaftServer$Division (ServerState.java:close(429)) - da7e3490-bd6e-4553-a90b-b6c1b406431b@group-4825E10C280C: closes. applyIndex: 47
2022-07-30 01:52:09,250 [da7e3490-bd6e-4553-a90b-b6c1b406431b@group-4825E10C280C-SegmentedRaftLogWorker] INFO  segmented.SegmentedRaftLogWorker (SegmentedRaftLogWorker.java:run(336)) - da7e3490-bd6e-4553-a90b-b6c1b406431b@group-4825E10C280C-SegmentedRaftLogWorker was interrupted, exiting. There are 0 tasks remaining in the queue.
2022-07-30 01:52:09,250 [ForkJoinPool.commonPool-worker-1] INFO  segmented.SegmentedRaftLogWorker (SegmentedRaftLogWorker.java:close(246)) - da7e3490-bd6e-4553-a90b-b6c1b406431b@group-4825E10C280C-SegmentedRaftLogWorker close()
2022-07-30 01:52:09,252 [ForkJoinPool.commonPool-worker-1] INFO  server.RaftServer$Division (RaftServerImpl.java:lambda$close$4(434)) - da7e3490-bd6e-4553-a90b-b6c1b406431b@group-BC96D2E0EC77: shutdown
2022-07-30 01:52:09,252 [ForkJoinPool.commonPool-worker-1] INFO  util.JmxRegister (JmxRegister.java:unregister(73)) - Successfully un-registered JMX Bean with object name Ratis:service=RaftServer,group=group-BC96D2E0EC77,id=da7e3490-bd6e-4553-a90b-b6c1b406431b
2022-07-30 01:52:09,252 [ForkJoinPool.commonPool-worker-1] INFO  impl.RoleInfo (RoleInfo.java:shutdownLeaderState(93)) - da7e3490-bd6e-4553-a90b-b6c1b406431b: shutdown da7e3490-bd6e-4553-a90b-b6c1b406431b@group-BC96D2E0EC77-LeaderStateImpl
2022-07-30 01:52:09,252 [ForkJoinPool.commonPool-worker-1] INFO  impl.PendingRequests (PendingRequests.java:sendNotLeaderResponses(282)) - da7e3490-bd6e-4553-a90b-b6c1b406431b@group-BC96D2E0EC77-PendingRequests: sendNotLeaderResponses
2022-07-30 01:52:09,253 [ForkJoinPool.commonPool-worker-1] INFO  impl.StateMachineUpdater (StateMachineUpdater.java:stopAndJoin(153)) - da7e3490-bd6e-4553-a90b-b6c1b406431b@group-BC96D2E0EC77-StateMachineUpdater: set stopIndex = 0
2022-07-30 01:52:09,253 [da7e3490-bd6e-4553-a90b-b6c1b406431b@group-BC96D2E0EC77-StateMachineUpdater] INFO  ratis.ContainerStateMachine (ContainerStateMachine.java:takeSnapshot(304)) - group-BC96D2E0EC77: Taking a snapshot at:(t:1, i:0) file /home/runner/work/ozone/ozone/hadoop-ozone/integration-test/target/test-dir/MiniOzoneClusterImpl-82f5a944-0aea-4e62-8f89-f91bfebfb0a1/datanode-1/data/ratis/39d0162d-8c61-4d5d-b89a-bc96d2e0ec77/sm/snapshot.1_0
2022-07-30 01:52:09,255 [da7e3490-bd6e-4553-a90b-b6c1b406431b@group-BC96D2E0EC77-StateMachineUpdater] INFO  ratis.ContainerStateMachine (ContainerStateMachine.java:takeSnapshot(315)) - group-BC96D2E0EC77: Finished taking a snapshot at:(t:1, i:0) file:/home/runner/work/ozone/ozone/hadoop-ozone/integration-test/target/test-dir/MiniOzoneClusterImpl-82f5a944-0aea-4e62-8f89-f91bfebfb0a1/datanode-1/data/ratis/39d0162d-8c61-4d5d-b89a-bc96d2e0ec77/sm/snapshot.1_0 took: 2 ms
2022-07-30 01:52:09,255 [da7e3490-bd6e-4553-a90b-b6c1b406431b@group-BC96D2E0EC77-StateMachineUpdater] INFO  impl.StateMachineUpdater (StateMachineUpdater.java:takeSnapshot(287)) - da7e3490-bd6e-4553-a90b-b6c1b406431b@group-BC96D2E0EC77-StateMachineUpdater: Took a snapshot at index 0
2022-07-30 01:52:09,255 [da7e3490-bd6e-4553-a90b-b6c1b406431b@group-BC96D2E0EC77-StateMachineUpdater] INFO  impl.StateMachineUpdater (StateMachineUpdater.java:lambda$new$0(92)) - da7e3490-bd6e-4553-a90b-b6c1b406431b@group-BC96D2E0EC77-StateMachineUpdater: snapshotIndex: updateIncreasingly -1 -> 0
2022-07-30 01:52:09,257 [ForkJoinPool.commonPool-worker-1] INFO  server.RaftServer$Division (ServerState.java:close(429)) - da7e3490-bd6e-4553-a90b-b6c1b406431b@group-BC96D2E0EC77: closes. applyIndex: 0
2022-07-30 01:52:09,257 [da7e3490-bd6e-4553-a90b-b6c1b406431b@group-BC96D2E0EC77-SegmentedRaftLogWorker] INFO  segmented.SegmentedRaftLogWorker (SegmentedRaftLogWorker.java:run(336)) - da7e3490-bd6e-4553-a90b-b6c1b406431b@group-BC96D2E0EC77-SegmentedRaftLogWorker was interrupted, exiting. There are 0 tasks remaining in the queue.
2022-07-30 01:52:09,257 [ForkJoinPool.commonPool-worker-1] INFO  segmented.SegmentedRaftLogWorker (SegmentedRaftLogWorker.java:close(246)) - da7e3490-bd6e-4553-a90b-b6c1b406431b@group-BC96D2E0EC77-SegmentedRaftLogWorker close()
2022-07-30 01:52:09,264 [ForkJoinPool.commonPool-worker-1] INFO  server.RaftServer$Division (RaftServerImpl.java:lambda$close$4(434)) - da7e3490-bd6e-4553-a90b-b6c1b406431b@group-F9F44761267B: shutdown
2022-07-30 01:52:09,264 [ForkJoinPool.commonPool-worker-1] INFO  util.JmxRegister (JmxRegister.java:unregister(73)) - Successfully un-registered JMX Bean with object name Ratis:service=RaftServer,group=group-F9F44761267B,id=da7e3490-bd6e-4553-a90b-b6c1b406431b
2022-07-30 01:52:09,264 [ForkJoinPool.commonPool-worker-1] INFO  impl.RoleInfo (RoleInfo.java:shutdownLeaderState(93)) - da7e3490-bd6e-4553-a90b-b6c1b406431b: shutdown da7e3490-bd6e-4553-a90b-b6c1b406431b@group-F9F44761267B-LeaderStateImpl
2022-07-30 01:52:09,264 [ForkJoinPool.commonPool-worker-1] INFO  impl.PendingRequests (PendingRequests.java:sendNotLeaderResponses(282)) - da7e3490-bd6e-4553-a90b-b6c1b406431b@group-F9F44761267B-PendingRequests: sendNotLeaderResponses
2022-07-30 01:52:09,266 [Listener at 127.0.0.1/42455] INFO  server.RaftServer$Division (ServerState.java:close(429)) - 625bdddd-b23f-4a62-9edb-0ce5ae5b2b03@group-4825E10C280C: closes. applyIndex: 47
2022-07-30 01:52:09,266 [625bdddd-b23f-4a62-9edb-0ce5ae5b2b03@group-4825E10C280C-SegmentedRaftLogWorker] INFO  segmented.SegmentedRaftLogWorker (SegmentedRaftLogWorker.java:run(336)) - 625bdddd-b23f-4a62-9edb-0ce5ae5b2b03@group-4825E10C280C-SegmentedRaftLogWorker was interrupted, exiting. There are 0 tasks remaining in the queue.
2022-07-30 01:52:09,266 [Listener at 127.0.0.1/42455] INFO  segmented.SegmentedRaftLogWorker (SegmentedRaftLogWorker.java:close(246)) - 625bdddd-b23f-4a62-9edb-0ce5ae5b2b03@group-4825E10C280C-SegmentedRaftLogWorker close()
2022-07-30 01:52:09,272 [Listener at 127.0.0.1/42455] INFO  server.RaftServer$Division (RaftServerImpl.java:lambda$close$4(434)) - 625bdddd-b23f-4a62-9edb-0ce5ae5b2b03@group-F9F44761267B: shutdown
2022-07-30 01:52:09,272 [Listener at 127.0.0.1/42455] INFO  util.JmxRegister (JmxRegister.java:unregister(73)) - Successfully un-registered JMX Bean with object name Ratis:service=RaftServer,group=group-F9F44761267B,id=625bdddd-b23f-4a62-9edb-0ce5ae5b2b03
2022-07-30 01:52:09,272 [Listener at 127.0.0.1/42455] INFO  impl.RoleInfo (RoleInfo.java:shutdownFollowerState(110)) - 625bdddd-b23f-4a62-9edb-0ce5ae5b2b03: shutdown 625bdddd-b23f-4a62-9edb-0ce5ae5b2b03@group-F9F44761267B-FollowerState
2022-07-30 01:52:09,272 [Listener at 127.0.0.1/42455] INFO  impl.StateMachineUpdater (StateMachineUpdater.java:stopAndJoin(153)) - 625bdddd-b23f-4a62-9edb-0ce5ae5b2b03@group-F9F44761267B-StateMachineUpdater: set stopIndex = 4
2022-07-30 01:52:09,272 [625bdddd-b23f-4a62-9edb-0ce5ae5b2b03@group-F9F44761267B-FollowerState] INFO  impl.FollowerState (FollowerState.java:run(152)) - 625bdddd-b23f-4a62-9edb-0ce5ae5b2b03@group-F9F44761267B-FollowerState was interrupted
2022-07-30 01:52:09,274 [ForkJoinPool.commonPool-worker-1] INFO  impl.StateMachineUpdater (StateMachineUpdater.java:stopAndJoin(153)) - da7e3490-bd6e-4553-a90b-b6c1b406431b@group-F9F44761267B-StateMachineUpdater: set stopIndex = 4
2022-07-30 01:52:09,280 [da7e3490-bd6e-4553-a90b-b6c1b406431b@group-F9F44761267B-StateMachineUpdater] INFO  ratis.ContainerStateMachine (ContainerStateMachine.java:takeSnapshot(304)) - group-F9F44761267B: Taking a snapshot at:(t:3, i:4) file /home/runner/work/ozone/ozone/hadoop-ozone/integration-test/target/test-dir/MiniOzoneClusterImpl-82f5a944-0aea-4e62-8f89-f91bfebfb0a1/datanode-1/data/ratis/959eb944-99a7-44cc-9081-f9f44761267b/sm/snapshot.3_4
2022-07-30 01:52:09,280 [da7e3490-bd6e-4553-a90b-b6c1b406431b@group-F9F44761267B->625bdddd-b23f-4a62-9edb-0ce5ae5b2b03-GrpcLogAppender-LogAppenderDaemon] WARN  server.GrpcLogAppender (GrpcLogAppender.java:mayWait(171)) - da7e3490-bd6e-4553-a90b-b6c1b406431b@group-F9F44761267B->625bdddd-b23f-4a62-9edb-0ce5ae5b2b03-GrpcLogAppender: Wait interrupted by java.lang.InterruptedException
2022-07-30 01:52:09,280 [da7e3490-bd6e-4553-a90b-b6c1b406431b@group-F9F44761267B->764da7f4-576c-4739-b8ba-4f387767ddcb-GrpcLogAppender-LogAppenderDaemon] WARN  server.GrpcLogAppender (GrpcLogAppender.java:mayWait(171)) - da7e3490-bd6e-4553-a90b-b6c1b406431b@group-F9F44761267B->764da7f4-576c-4739-b8ba-4f387767ddcb-GrpcLogAppender: Wait interrupted by java.lang.InterruptedException
2022-07-30 01:52:09,281 [grpc-default-executor-4] INFO  server.GrpcServerProtocolService (GrpcServerProtocolService.java:onCompleted(140)) - 764da7f4-576c-4739-b8ba-4f387767ddcb: Completed APPEND_ENTRIES, lastRequest: da7e3490-bd6e-4553-a90b-b6c1b406431b->764da7f4-576c-4739-b8ba-4f387767ddcb#11-t3,previous=(t:3, i:3),leaderCommit=2,initializing? true,entries: size=1, first=(t:3, i:4), METADATAENTRY(c:2)
2022-07-30 01:52:09,281 [grpc-default-executor-1] INFO  server.GrpcServerProtocolService (GrpcServerProtocolService.java:onCompleted(140)) - 625bdddd-b23f-4a62-9edb-0ce5ae5b2b03: Completed APPEND_ENTRIES, lastRequest: da7e3490-bd6e-4553-a90b-b6c1b406431b->625bdddd-b23f-4a62-9edb-0ce5ae5b2b03#13-t3,previous=(t:3, i:3),leaderCommit=2,initializing? true,entries: size=1, first=(t:3, i:4), METADATAENTRY(c:2)
2022-07-30 01:52:09,287 [da7e3490-bd6e-4553-a90b-b6c1b406431b@group-F9F44761267B-StateMachineUpdater] INFO  ratis.ContainerStateMachine (ContainerStateMachine.java:takeSnapshot(315)) - group-F9F44761267B: Finished taking a snapshot at:(t:3, i:4) file:/home/runner/work/ozone/ozone/hadoop-ozone/integration-test/target/test-dir/MiniOzoneClusterImpl-82f5a944-0aea-4e62-8f89-f91bfebfb0a1/datanode-1/data/ratis/959eb944-99a7-44cc-9081-f9f44761267b/sm/snapshot.3_4 took: 8 ms
2022-07-30 01:52:09,288 [da7e3490-bd6e-4553-a90b-b6c1b406431b@group-F9F44761267B-StateMachineUpdater] INFO  impl.StateMachineUpdater (StateMachineUpdater.java:takeSnapshot(287)) - da7e3490-bd6e-4553-a90b-b6c1b406431b@group-F9F44761267B-StateMachineUpdater: Took a snapshot at index 4
2022-07-30 01:52:09,288 [da7e3490-bd6e-4553-a90b-b6c1b406431b@group-F9F44761267B-StateMachineUpdater] INFO  impl.StateMachineUpdater (StateMachineUpdater.java:lambda$new$0(92)) - da7e3490-bd6e-4553-a90b-b6c1b406431b@group-F9F44761267B-StateMachineUpdater: snapshotIndex: updateIncreasingly -1 -> 4
2022-07-30 01:52:09,288 [ForkJoinPool.commonPool-worker-1] INFO  server.RaftServer$Division (ServerState.java:close(429)) - da7e3490-bd6e-4553-a90b-b6c1b406431b@group-F9F44761267B: closes. applyIndex: 4
2022-07-30 01:52:09,288 [da7e3490-bd6e-4553-a90b-b6c1b406431b@group-F9F44761267B-SegmentedRaftLogWorker] INFO  segmented.SegmentedRaftLogWorker (SegmentedRaftLogWorker.java:run(336)) - da7e3490-bd6e-4553-a90b-b6c1b406431b@group-F9F44761267B-SegmentedRaftLogWorker was interrupted, exiting. There are 0 tasks remaining in the queue.
2022-07-30 01:52:09,288 [ForkJoinPool.commonPool-worker-1] INFO  segmented.SegmentedRaftLogWorker (SegmentedRaftLogWorker.java:close(246)) - da7e3490-bd6e-4553-a90b-b6c1b406431b@group-F9F44761267B-SegmentedRaftLogWorker close()
2022-07-30 01:52:09,289 [grpc-default-executor-4] INFO  server.GrpcLogAppender (GrpcLogAppender.java:onCompleted(339)) - da7e3490-bd6e-4553-a90b-b6c1b406431b@group-F9F44761267B->764da7f4-576c-4739-b8ba-4f387767ddcb-AppendLogResponseHandler: follower responses appendEntries COMPLETED
2022-07-30 01:52:09,289 [grpc-default-executor-4] INFO  leader.FollowerInfo (FollowerInfoImpl.java:lambda$new$0(48)) - da7e3490-bd6e-4553-a90b-b6c1b406431b@group-F9F44761267B->764da7f4-576c-4739-b8ba-4f387767ddcb: nextIndex: updateUnconditionally 5 -> 4
2022-07-30 01:52:09,289 [grpc-default-executor-1] INFO  server.GrpcLogAppender (GrpcLogAppender.java:onCompleted(339)) - da7e3490-bd6e-4553-a90b-b6c1b406431b@group-F9F44761267B->625bdddd-b23f-4a62-9edb-0ce5ae5b2b03-AppendLogResponseHandler: follower responses appendEntries COMPLETED
2022-07-30 01:52:09,289 [grpc-default-executor-1] INFO  leader.FollowerInfo (FollowerInfoImpl.java:lambda$new$0(48)) - da7e3490-bd6e-4553-a90b-b6c1b406431b@group-F9F44761267B->625bdddd-b23f-4a62-9edb-0ce5ae5b2b03: nextIndex: updateUnconditionally 5 -> 4
2022-07-30 01:52:09,291 [625bdddd-b23f-4a62-9edb-0ce5ae5b2b03@group-F9F44761267B-StateMachineUpdater] INFO  ratis.ContainerStateMachine (ContainerStateMachine.java:takeSnapshot(304)) - group-F9F44761267B: Taking a snapshot at:(t:3, i:4) file /home/runner/work/ozone/ozone/hadoop-ozone/integration-test/target/test-dir/MiniOzoneClusterImpl-82f5a944-0aea-4e62-8f89-f91bfebfb0a1/datanode-2/data/ratis/959eb944-99a7-44cc-9081-f9f44761267b/sm/snapshot.3_4
2022-07-30 01:52:09,293 [625bdddd-b23f-4a62-9edb-0ce5ae5b2b03@group-F9F44761267B-StateMachineUpdater] INFO  ratis.ContainerStateMachine (ContainerStateMachine.java:takeSnapshot(315)) - group-F9F44761267B: Finished taking a snapshot at:(t:3, i:4) file:/home/runner/work/ozone/ozone/hadoop-ozone/integration-test/target/test-dir/MiniOzoneClusterImpl-82f5a944-0aea-4e62-8f89-f91bfebfb0a1/datanode-2/data/ratis/959eb944-99a7-44cc-9081-f9f44761267b/sm/snapshot.3_4 took: 2 ms
2022-07-30 01:52:09,293 [625bdddd-b23f-4a62-9edb-0ce5ae5b2b03@group-F9F44761267B-StateMachineUpdater] INFO  impl.StateMachineUpdater (StateMachineUpdater.java:takeSnapshot(287)) - 625bdddd-b23f-4a62-9edb-0ce5ae5b2b03@group-F9F44761267B-StateMachineUpdater: Took a snapshot at index 4
2022-07-30 01:52:09,293 [625bdddd-b23f-4a62-9edb-0ce5ae5b2b03@group-F9F44761267B-StateMachineUpdater] INFO  impl.StateMachineUpdater (StateMachineUpdater.java:lambda$new$0(92)) - 625bdddd-b23f-4a62-9edb-0ce5ae5b2b03@group-F9F44761267B-StateMachineUpdater: snapshotIndex: updateIncreasingly -1 -> 4
2022-07-30 01:52:09,295 [Listener at 127.0.0.1/42455] INFO  server.RaftServer$Division (ServerState.java:close(429)) - 625bdddd-b23f-4a62-9edb-0ce5ae5b2b03@group-F9F44761267B: closes. applyIndex: 4
2022-07-30 01:52:09,295 [625bdddd-b23f-4a62-9edb-0ce5ae5b2b03@group-F9F44761267B-SegmentedRaftLogWorker] INFO  segmented.SegmentedRaftLogWorker (SegmentedRaftLogWorker.java:run(336)) - 625bdddd-b23f-4a62-9edb-0ce5ae5b2b03@group-F9F44761267B-SegmentedRaftLogWorker was interrupted, exiting. There are 0 tasks remaining in the queue.
2022-07-30 01:52:09,295 [Listener at 127.0.0.1/42455] INFO  segmented.SegmentedRaftLogWorker (SegmentedRaftLogWorker.java:close(246)) - 625bdddd-b23f-4a62-9edb-0ce5ae5b2b03@group-F9F44761267B-SegmentedRaftLogWorker close()
2022-07-30 01:52:09,301 [ForkJoinPool.commonPool-worker-1] INFO  server.GrpcService (GrpcService.java:closeImpl(269)) - da7e3490-bd6e-4553-a90b-b6c1b406431b: shutdown server with port 39503 now
2022-07-30 01:52:09,302 [Listener at 127.0.0.1/42455] INFO  server.GrpcService (GrpcService.java:closeImpl(269)) - 625bdddd-b23f-4a62-9edb-0ce5ae5b2b03: shutdown server with port 39839 now
2022-07-30 01:52:09,318 [grpc-default-executor-6] WARN  server.GrpcServerProtocolService (LogUtils.java:warn(122)) - da7e3490-bd6e-4553-a90b-b6c1b406431b: installSnapshot onError, lastRequest: 764da7f4-576c-4739-b8ba-4f387767ddcb->da7e3490-bd6e-4553-a90b-b6c1b406431b#811-t1,previous=(t:1, i:46),leaderCommit=45,initializing? true,entries: size=1, first=(t:1, i:47), METADATAENTRY(c:45): org.apache.ratis.thirdparty.io.grpc.StatusRuntimeException: CANCELLED: client cancelled
2022-07-30 01:52:09,319 [grpc-default-executor-4] WARN  server.GrpcServerProtocolService (LogUtils.java:warn(122)) - 625bdddd-b23f-4a62-9edb-0ce5ae5b2b03: installSnapshot onError, lastRequest: 764da7f4-576c-4739-b8ba-4f387767ddcb->625bdddd-b23f-4a62-9edb-0ce5ae5b2b03#823-t1,previous=(t:1, i:46),leaderCommit=45,initializing? true,entries: size=1, first=(t:1, i:47), METADATAENTRY(c:45): org.apache.ratis.thirdparty.io.grpc.StatusRuntimeException: CANCELLED: client cancelled
2022-07-30 01:52:09,324 [ForkJoinPool.commonPool-worker-1] INFO  server.GrpcService (GrpcService.java:closeImpl(278)) - da7e3490-bd6e-4553-a90b-b6c1b406431b: shutdown server with port 39503 successfully
2022-07-30 01:52:09,325 [grpc-default-executor-6] WARN  server.GrpcLogAppender (LogUtils.java:warn(122)) - 764da7f4-576c-4739-b8ba-4f387767ddcb@group-4825E10C280C->625bdddd-b23f-4a62-9edb-0ce5ae5b2b03-AppendLogResponseHandler: Failed appendEntries: org.apache.ratis.thirdparty.io.grpc.StatusRuntimeException: CANCELLED: RST_STREAM closed stream. HTTP/2 error code: CANCEL
2022-07-30 01:52:09,325 [grpc-default-executor-6] INFO  leader.FollowerInfo (FollowerInfoImpl.java:lambda$new$0(48)) - 764da7f4-576c-4739-b8ba-4f387767ddcb@group-4825E10C280C->625bdddd-b23f-4a62-9edb-0ce5ae5b2b03: nextIndex: updateUnconditionally 48 -> 47
2022-07-30 01:52:09,329 [org.apache.ratis.util.JvmPauseMonitor$$Lambda$615/1033062816@fd13bfe] INFO  util.JvmPauseMonitor (JvmPauseMonitor.java:run(109)) - JvmPauseMonitor-da7e3490-bd6e-4553-a90b-b6c1b406431b: Stopped
2022-07-30 01:52:09,355 [grpc-default-executor-2] WARN  server.GrpcLogAppender (LogUtils.java:warn(122)) - 764da7f4-576c-4739-b8ba-4f387767ddcb@group-4825E10C280C->da7e3490-bd6e-4553-a90b-b6c1b406431b-AppendLogResponseHandler: Failed appendEntries: org.apache.ratis.thirdparty.io.grpc.StatusRuntimeException: CANCELLED: RST_STREAM closed stream. HTTP/2 error code: CANCEL
2022-07-30 01:52:09,356 [grpc-default-executor-2] INFO  leader.FollowerInfo (FollowerInfoImpl.java:lambda$new$0(48)) - 764da7f4-576c-4739-b8ba-4f387767ddcb@group-4825E10C280C->da7e3490-bd6e-4553-a90b-b6c1b406431b: nextIndex: updateUnconditionally 48 -> 47
2022-07-30 01:52:09,367 [Listener at 127.0.0.1/42455] INFO  server.GrpcService (GrpcService.java:closeImpl(278)) - 625bdddd-b23f-4a62-9edb-0ce5ae5b2b03: shutdown server with port 39839 successfully
2022-07-30 01:52:09,372 [grpc-default-executor-6] WARN  server.GrpcLogAppender (LogUtils.java:warn(122)) - 764da7f4-576c-4739-b8ba-4f387767ddcb@group-4825E10C280C->625bdddd-b23f-4a62-9edb-0ce5ae5b2b03-AppendLogResponseHandler: Failed appendEntries: org.apache.ratis.thirdparty.io.grpc.StatusRuntimeException: UNAVAILABLE: io exception
2022-07-30 01:52:09,373 [grpc-default-executor-6] INFO  leader.FollowerInfo (FollowerInfoImpl.java:lambda$new$0(48)) - 764da7f4-576c-4739-b8ba-4f387767ddcb@group-4825E10C280C->625bdddd-b23f-4a62-9edb-0ce5ae5b2b03: nextIndex: updateUnconditionally 48 -> 47
2022-07-30 01:52:09,383 [org.apache.ratis.util.JvmPauseMonitor$$Lambda$615/1033062816@2f545cd0] INFO  util.JvmPauseMonitor (JvmPauseMonitor.java:run(109)) - JvmPauseMonitor-625bdddd-b23f-4a62-9edb-0ce5ae5b2b03: Stopped
2022-07-30 01:52:09,407 [grpc-default-executor-2] WARN  server.GrpcLogAppender (LogUtils.java:warn(122)) - 764da7f4-576c-4739-b8ba-4f387767ddcb@group-4825E10C280C->da7e3490-bd6e-4553-a90b-b6c1b406431b-AppendLogResponseHandler: Failed appendEntries: org.apache.ratis.thirdparty.io.grpc.StatusRuntimeException: UNAVAILABLE: io exception
2022-07-30 01:52:09,407 [grpc-default-executor-2] INFO  leader.FollowerInfo (FollowerInfoImpl.java:lambda$new$0(48)) - 764da7f4-576c-4739-b8ba-4f387767ddcb@group-4825E10C280C->da7e3490-bd6e-4553-a90b-b6c1b406431b: nextIndex: updateUnconditionally 48 -> 47
2022-07-30 01:52:09,624 [grpc-default-executor-2] WARN  server.GrpcLogAppender (LogUtils.java:warn(122)) - 764da7f4-576c-4739-b8ba-4f387767ddcb@group-4825E10C280C->da7e3490-bd6e-4553-a90b-b6c1b406431b-AppendLogResponseHandler: Failed appendEntries: org.apache.ratis.thirdparty.io.grpc.StatusRuntimeException: UNAVAILABLE: io exception
2022-07-30 01:52:09,624 [grpc-default-executor-2] INFO  leader.FollowerInfo (FollowerInfoImpl.java:lambda$new$0(48)) - 764da7f4-576c-4739-b8ba-4f387767ddcb@group-4825E10C280C->da7e3490-bd6e-4553-a90b-b6c1b406431b: nextIndex: updateUnconditionally 48 -> 47
2022-07-30 01:52:09,638 [grpc-default-executor-2] WARN  server.GrpcLogAppender (LogUtils.java:warn(122)) - 764da7f4-576c-4739-b8ba-4f387767ddcb@group-4825E10C280C->625bdddd-b23f-4a62-9edb-0ce5ae5b2b03-AppendLogResponseHandler: Failed appendEntries: org.apache.ratis.thirdparty.io.grpc.StatusRuntimeException: UNAVAILABLE: io exception
2022-07-30 01:52:09,638 [grpc-default-executor-2] INFO  leader.FollowerInfo (FollowerInfoImpl.java:lambda$new$0(48)) - 764da7f4-576c-4739-b8ba-4f387767ddcb@group-4825E10C280C->625bdddd-b23f-4a62-9edb-0ce5ae5b2b03: nextIndex: updateUnconditionally 48 -> 47
2022-07-30 01:52:09,651 [grpc-default-executor-2] WARN  server.GrpcLogAppender (LogUtils.java:warn(122)) - 764da7f4-576c-4739-b8ba-4f387767ddcb@group-4825E10C280C->625bdddd-b23f-4a62-9edb-0ce5ae5b2b03-AppendLogResponseHandler: Failed appendEntries: org.apache.ratis.thirdparty.io.grpc.StatusRuntimeException: UNAVAILABLE: io exception
2022-07-30 01:52:09,657 [grpc-default-executor-2] INFO  leader.FollowerInfo (FollowerInfoImpl.java:lambda$new$0(48)) - 764da7f4-576c-4739-b8ba-4f387767ddcb@group-4825E10C280C->625bdddd-b23f-4a62-9edb-0ce5ae5b2b03: nextIndex: updateUnconditionally 48 -> 47
2022-07-30 01:52:10,875 [grpc-default-executor-2] WARN  server.GrpcLogAppender (LogUtils.java:warn(122)) - 764da7f4-576c-4739-b8ba-4f387767ddcb@group-4825E10C280C->da7e3490-bd6e-4553-a90b-b6c1b406431b-AppendLogResponseHandler: Failed appendEntries: org.apache.ratis.thirdparty.io.grpc.StatusRuntimeException: UNAVAILABLE: io exception
2022-07-30 01:52:10,876 [grpc-default-executor-2] INFO  leader.FollowerInfo (FollowerInfoImpl.java:lambda$new$0(48)) - 764da7f4-576c-4739-b8ba-4f387767ddcb@group-4825E10C280C->da7e3490-bd6e-4553-a90b-b6c1b406431b: nextIndex: updateUnconditionally 48 -> 47
2022-07-30 01:52:10,888 [grpc-default-executor-2] WARN  server.GrpcLogAppender (LogUtils.java:warn(122)) - 764da7f4-576c-4739-b8ba-4f387767ddcb@group-4825E10C280C->625bdddd-b23f-4a62-9edb-0ce5ae5b2b03-AppendLogResponseHandler: Failed appendEntries: org.apache.ratis.thirdparty.io.grpc.StatusRuntimeException: UNAVAILABLE: io exception
2022-07-30 01:52:10,889 [grpc-default-executor-2] INFO  leader.FollowerInfo (FollowerInfoImpl.java:lambda$new$0(48)) - 764da7f4-576c-4739-b8ba-4f387767ddcb@group-4825E10C280C->625bdddd-b23f-4a62-9edb-0ce5ae5b2b03: nextIndex: updateUnconditionally 48 -> 47
2022-07-30 01:52:11,390 [ForkJoinPool.commonPool-worker-1] INFO  utils.BackgroundService (BackgroundService.java:shutdown(141)) - Shutting down service BlockDeletingService
2022-07-30 01:52:11,391 [ForkJoinPool.commonPool-worker-1] INFO  utils.BackgroundService (BackgroundService.java:shutdown(141)) - Shutting down service StaleRecoveringContainerScrubbingService
2022-07-30 01:52:11,437 [Listener at 127.0.0.1/42455] INFO  utils.BackgroundService (BackgroundService.java:shutdown(141)) - Shutting down service BlockDeletingService
2022-07-30 01:52:11,437 [Listener at 127.0.0.1/42455] INFO  utils.BackgroundService (BackgroundService.java:shutdown(141)) - Shutting down service StaleRecoveringContainerScrubbingService
2022-07-30 01:52:12,127 [grpc-default-executor-2] WARN  server.GrpcLogAppender (LogUtils.java:warn(122)) - 764da7f4-576c-4739-b8ba-4f387767ddcb@group-4825E10C280C->da7e3490-bd6e-4553-a90b-b6c1b406431b-AppendLogResponseHandler: Failed appendEntries: org.apache.ratis.thirdparty.io.grpc.StatusRuntimeException: UNAVAILABLE: io exception
2022-07-30 01:52:12,127 [grpc-default-executor-2] INFO  leader.FollowerInfo (FollowerInfoImpl.java:lambda$new$0(48)) - 764da7f4-576c-4739-b8ba-4f387767ddcb@group-4825E10C280C->da7e3490-bd6e-4553-a90b-b6c1b406431b: nextIndex: updateUnconditionally 48 -> 47
2022-07-30 01:52:12,139 [grpc-default-executor-2] WARN  server.GrpcLogAppender (LogUtils.java:warn(122)) - 764da7f4-576c-4739-b8ba-4f387767ddcb@group-4825E10C280C->625bdddd-b23f-4a62-9edb-0ce5ae5b2b03-AppendLogResponseHandler: Failed appendEntries: org.apache.ratis.thirdparty.io.grpc.StatusRuntimeException: UNAVAILABLE: io exception
2022-07-30 01:52:12,139 [grpc-default-executor-2] INFO  leader.FollowerInfo (FollowerInfoImpl.java:lambda$new$0(48)) - 764da7f4-576c-4739-b8ba-4f387767ddcb@group-4825E10C280C->625bdddd-b23f-4a62-9edb-0ce5ae5b2b03: nextIndex: updateUnconditionally 48 -> 47
2022-07-30 01:52:13,380 [grpc-default-executor-2] WARN  server.GrpcLogAppender (LogUtils.java:warn(122)) - 764da7f4-576c-4739-b8ba-4f387767ddcb@group-4825E10C280C->da7e3490-bd6e-4553-a90b-b6c1b406431b-AppendLogResponseHandler: Failed appendEntries: org.apache.ratis.thirdparty.io.grpc.StatusRuntimeException: UNAVAILABLE: io exception
2022-07-30 01:52:13,380 [grpc-default-executor-2] INFO  leader.FollowerInfo (FollowerInfoImpl.java:lambda$new$0(48)) - 764da7f4-576c-4739-b8ba-4f387767ddcb@group-4825E10C280C->da7e3490-bd6e-4553-a90b-b6c1b406431b: nextIndex: updateUnconditionally 48 -> 47
2022-07-30 01:52:13,389 [grpc-default-executor-2] WARN  server.GrpcLogAppender (LogUtils.java:warn(122)) - 764da7f4-576c-4739-b8ba-4f387767ddcb@group-4825E10C280C->625bdddd-b23f-4a62-9edb-0ce5ae5b2b03-AppendLogResponseHandler: Failed appendEntries: org.apache.ratis.thirdparty.io.grpc.StatusRuntimeException: UNAVAILABLE: io exception
2022-07-30 01:52:13,389 [grpc-default-executor-2] INFO  leader.FollowerInfo (FollowerInfoImpl.java:lambda$new$0(48)) - 764da7f4-576c-4739-b8ba-4f387767ddcb@group-4825E10C280C->625bdddd-b23f-4a62-9edb-0ce5ae5b2b03: nextIndex: updateUnconditionally 48 -> 47
2022-07-30 01:52:14,143 [UnderReplicatedQueueThreadThread] INFO  replication.UnderReplicatedProcessor (UnderReplicatedProcessor.java:processAll(85)) - Processed 0 under replicated containers, failed processing 0
2022-07-30 01:52:14,154 [OverReplicatedQueueThreadThread] INFO  replication.OverReplicatedProcessor (OverReplicatedProcessor.java:processAll(83)) - Processed 0 over replicated containers, failed processing 0
2022-07-30 01:52:14,350 [764da7f4-576c-4739-b8ba-4f387767ddcb@group-F9F44761267B-FollowerState] INFO  impl.FollowerState (FollowerState.java:run(143)) - 764da7f4-576c-4739-b8ba-4f387767ddcb@group-F9F44761267B-FollowerState: change to CANDIDATE, lastRpcElapsedTime:7475276484ns, electionTimeout:5021ms
2022-07-30 01:52:14,350 [764da7f4-576c-4739-b8ba-4f387767ddcb@group-F9F44761267B-FollowerState] INFO  impl.RoleInfo (RoleInfo.java:shutdownFollowerState(110)) - 764da7f4-576c-4739-b8ba-4f387767ddcb: shutdown 764da7f4-576c-4739-b8ba-4f387767ddcb@group-F9F44761267B-FollowerState
2022-07-30 01:52:14,350 [764da7f4-576c-4739-b8ba-4f387767ddcb@group-F9F44761267B-FollowerState] INFO  server.RaftServer$Division (RaftServerImpl.java:setRole(299)) - 764da7f4-576c-4739-b8ba-4f387767ddcb@group-F9F44761267B: changes role from  FOLLOWER to CANDIDATE at term 3 for changeToCandidate
2022-07-30 01:52:14,350 [764da7f4-576c-4739-b8ba-4f387767ddcb@group-F9F44761267B-FollowerState] INFO  server.RaftServerConfigKeys (ConfUtils.java:logGet(46)) - raft.server.leaderelection.pre-vote = false (custom)
2022-07-30 01:52:14,350 [764da7f4-576c-4739-b8ba-4f387767ddcb@group-F9F44761267B-FollowerState] INFO  impl.RoleInfo (RoleInfo.java:updateAndGet(139)) - 764da7f4-576c-4739-b8ba-4f387767ddcb: start 764da7f4-576c-4739-b8ba-4f387767ddcb@group-F9F44761267B-LeaderElection57
2022-07-30 01:52:14,352 [764da7f4-576c-4739-b8ba-4f387767ddcb@group-F9F44761267B-LeaderElection57] INFO  server.RaftServer$Division (ServerState.java:setLeader(287)) - 764da7f4-576c-4739-b8ba-4f387767ddcb@group-F9F44761267B: change Leader from da7e3490-bd6e-4553-a90b-b6c1b406431b to null at term 3 for ELECTION
2022-07-30 01:52:14,369 [764da7f4-576c-4739-b8ba-4f387767ddcb@group-F9F44761267B-LeaderElection57] INFO  impl.LeaderElection (LeaderElection.java:askForVotes(310)) - 764da7f4-576c-4739-b8ba-4f387767ddcb@group-F9F44761267B-LeaderElection57 ELECTION round 0: submit vote requests at term 4 for 0: [764da7f4-576c-4739-b8ba-4f387767ddcb|rpc:10.1.0.37:40341|dataStream:|priority:0, 625bdddd-b23f-4a62-9edb-0ce5ae5b2b03|rpc:10.1.0.37:39839|dataStream:|priority:0, da7e3490-bd6e-4553-a90b-b6c1b406431b|rpc:10.1.0.37:39503|dataStream:|priority:1], old=null
2022-07-30 01:52:14,370 [764da7f4-576c-4739-b8ba-4f387767ddcb@group-F9F44761267B-LeaderElection57] INFO  impl.LeaderElection (LogUtils.java:infoOrTrace(137)) - 764da7f4-576c-4739-b8ba-4f387767ddcb@group-F9F44761267B-LeaderElection57 got exception when requesting votes: java.util.concurrent.ExecutionException: org.apache.ratis.thirdparty.io.grpc.StatusRuntimeException: UNAVAILABLE: io exception
2022-07-30 01:52:14,374 [764da7f4-576c-4739-b8ba-4f387767ddcb@group-F9F44761267B-LeaderElection57] INFO  impl.LeaderElection (LogUtils.java:infoOrTrace(137)) - 764da7f4-576c-4739-b8ba-4f387767ddcb@group-F9F44761267B-LeaderElection57 got exception when requesting votes: java.util.concurrent.ExecutionException: org.apache.ratis.thirdparty.io.grpc.StatusRuntimeException: UNAVAILABLE: io exception
2022-07-30 01:52:14,374 [764da7f4-576c-4739-b8ba-4f387767ddcb@group-F9F44761267B-LeaderElection57] INFO  impl.LeaderElection (LeaderElection.java:logAndReturn(90)) - 764da7f4-576c-4739-b8ba-4f387767ddcb@group-F9F44761267B-LeaderElection57: ELECTION REJECTED received 0 response(s) and 2 exception(s):
2022-07-30 01:52:14,374 [764da7f4-576c-4739-b8ba-4f387767ddcb@group-F9F44761267B-LeaderElection57] INFO  impl.LeaderElection (LogUtils.java:infoOrTrace(137)) -   Exception 0: java.util.concurrent.ExecutionException: org.apache.ratis.thirdparty.io.grpc.StatusRuntimeException: UNAVAILABLE: io exception
2022-07-30 01:52:14,374 [764da7f4-576c-4739-b8ba-4f387767ddcb@group-F9F44761267B-LeaderElection57] INFO  impl.LeaderElection (LogUtils.java:infoOrTrace(137)) -   Exception 1: java.util.concurrent.ExecutionException: org.apache.ratis.thirdparty.io.grpc.StatusRuntimeException: UNAVAILABLE: io exception
2022-07-30 01:52:14,374 [764da7f4-576c-4739-b8ba-4f387767ddcb@group-F9F44761267B-LeaderElection57] INFO  impl.LeaderElection (LeaderElection.java:askForVotes(312)) - 764da7f4-576c-4739-b8ba-4f387767ddcb@group-F9F44761267B-LeaderElection57 ELECTION round 0: result REJECTED
2022-07-30 01:52:14,374 [764da7f4-576c-4739-b8ba-4f387767ddcb@group-F9F44761267B-LeaderElection57] INFO  server.RaftServer$Division (RaftServerImpl.java:setRole(299)) - 764da7f4-576c-4739-b8ba-4f387767ddcb@group-F9F44761267B: changes role from CANDIDATE to FOLLOWER at term 4 for REJECTED
2022-07-30 01:52:14,374 [764da7f4-576c-4739-b8ba-4f387767ddcb@group-F9F44761267B-LeaderElection57] INFO  impl.RoleInfo (RoleInfo.java:shutdownLeaderElection(130)) - 764da7f4-576c-4739-b8ba-4f387767ddcb: shutdown 764da7f4-576c-4739-b8ba-4f387767ddcb@group-F9F44761267B-LeaderElection57
2022-07-30 01:52:14,374 [764da7f4-576c-4739-b8ba-4f387767ddcb@group-F9F44761267B-LeaderElection57] INFO  impl.RoleInfo (RoleInfo.java:updateAndGet(139)) - 764da7f4-576c-4739-b8ba-4f387767ddcb: start 764da7f4-576c-4739-b8ba-4f387767ddcb@group-F9F44761267B-FollowerState
2022-07-30 01:52:14,409 [ForkJoinPool.commonPool-worker-1] INFO  statemachine.DatanodeStateMachine (DatanodeStateMachine.java:stopDaemon(580)) - Ozone container server stopped.
2022-07-30 01:52:14,440 [Listener at 127.0.0.1/42455] INFO  statemachine.DatanodeStateMachine (DatanodeStateMachine.java:stopDaemon(580)) - Ozone container server stopped.
2022-07-30 01:52:14,491 [ForkJoinPool.commonPool-worker-1] INFO  handler.ContextHandler (ContextHandler.java:doStop(1153)) - Stopped o.e.j.w.WebAppContext@68b31aa2{hddsDatanode,/,null,STOPPED}{jar:file:/home/runner/.m2/repository/org/apache/ozone/hdds-container-service/1.3.0-SNAPSHOT/hdds-container-service-1.3.0-SNAPSHOT.jar!/webapps/hddsDatanode}
2022-07-30 01:52:14,492 [ForkJoinPool.commonPool-worker-1] INFO  server.AbstractConnector (AbstractConnector.java:doStop(381)) - Stopped ServerConnector@69e34852{HTTP/1.1, (http/1.1)}{0.0.0.0:0}
2022-07-30 01:52:14,492 [ForkJoinPool.commonPool-worker-1] INFO  server.session (HouseKeeper.java:stopScavenging(149)) - node0 Stopped scavenging
2022-07-30 01:52:14,497 [ForkJoinPool.commonPool-worker-1] INFO  handler.ContextHandler (ContextHandler.java:doStop(1153)) - Stopped o.e.j.s.ServletContextHandler@25a47b1c{static,/static,jar:file:/home/runner/.m2/repository/org/apache/ozone/hdds-container-service/1.3.0-SNAPSHOT/hdds-container-service-1.3.0-SNAPSHOT.jar!/webapps/static,STOPPED}
2022-07-30 01:52:14,497 [ForkJoinPool.commonPool-worker-1] INFO  handler.ContextHandler (ContextHandler.java:doStop(1153)) - Stopped o.e.j.s.ServletContextHandler@867fd56{logs,/logs,file:///home/runner/work/ozone/ozone/hadoop-ozone/integration-test/target/log,STOPPED}
2022-07-30 01:52:14,502 [Listener at 127.0.0.1/42455] INFO  handler.ContextHandler (ContextHandler.java:doStop(1153)) - Stopped o.e.j.w.WebAppContext@2bcd5abf{hddsDatanode,/,null,STOPPED}{jar:file:/home/runner/.m2/repository/org/apache/ozone/hdds-container-service/1.3.0-SNAPSHOT/hdds-container-service-1.3.0-SNAPSHOT.jar!/webapps/hddsDatanode}
2022-07-30 01:52:14,509 [Listener at 127.0.0.1/42455] INFO  server.AbstractConnector (AbstractConnector.java:doStop(381)) - Stopped ServerConnector@9ed2b30{HTTP/1.1, (http/1.1)}{0.0.0.0:0}
2022-07-30 01:52:14,509 [Listener at 127.0.0.1/42455] INFO  server.session (HouseKeeper.java:stopScavenging(149)) - node0 Stopped scavenging
2022-07-30 01:52:14,510 [Listener at 127.0.0.1/42455] INFO  handler.ContextHandler (ContextHandler.java:doStop(1153)) - Stopped o.e.j.s.ServletContextHandler@eb1d961{static,/static,jar:file:/home/runner/.m2/repository/org/apache/ozone/hdds-container-service/1.3.0-SNAPSHOT/hdds-container-service-1.3.0-SNAPSHOT.jar!/webapps/static,STOPPED}
2022-07-30 01:52:14,510 [Listener at 127.0.0.1/42455] INFO  handler.ContextHandler (ContextHandler.java:doStop(1153)) - Stopped o.e.j.s.ServletContextHandler@d8d9c7a{logs,/logs,file:///home/runner/work/ozone/ozone/hadoop-ozone/integration-test/target/log,STOPPED}
2022-07-30 01:52:14,630 [grpc-default-executor-2] WARN  server.GrpcLogAppender (LogUtils.java:warn(122)) - 764da7f4-576c-4739-b8ba-4f387767ddcb@group-4825E10C280C->da7e3490-bd6e-4553-a90b-b6c1b406431b-AppendLogResponseHandler: Failed appendEntries: org.apache.ratis.thirdparty.io.grpc.StatusRuntimeException: UNAVAILABLE: io exception
2022-07-30 01:52:14,631 [grpc-default-executor-2] INFO  leader.FollowerInfo (FollowerInfoImpl.java:lambda$new$0(48)) - 764da7f4-576c-4739-b8ba-4f387767ddcb@group-4825E10C280C->da7e3490-bd6e-4553-a90b-b6c1b406431b: nextIndex: updateUnconditionally 48 -> 47
2022-07-30 01:52:14,639 [grpc-default-executor-2] WARN  server.GrpcLogAppender (LogUtils.java:warn(122)) - 764da7f4-576c-4739-b8ba-4f387767ddcb@group-4825E10C280C->625bdddd-b23f-4a62-9edb-0ce5ae5b2b03-AppendLogResponseHandler: Failed appendEntries: org.apache.ratis.thirdparty.io.grpc.StatusRuntimeException: UNAVAILABLE: io exception
2022-07-30 01:52:14,640 [grpc-default-executor-2] INFO  leader.FollowerInfo (FollowerInfoImpl.java:lambda$new$0(48)) - 764da7f4-576c-4739-b8ba-4f387767ddcb@group-4825E10C280C->625bdddd-b23f-4a62-9edb-0ce5ae5b2b03: nextIndex: updateUnconditionally 48 -> 47
2022-07-30 01:52:15,881 [grpc-default-executor-2] WARN  server.GrpcLogAppender (LogUtils.java:warn(122)) - 764da7f4-576c-4739-b8ba-4f387767ddcb@group-4825E10C280C->da7e3490-bd6e-4553-a90b-b6c1b406431b-AppendLogResponseHandler: Failed appendEntries: org.apache.ratis.thirdparty.io.grpc.StatusRuntimeException: UNAVAILABLE: io exception
2022-07-30 01:52:15,882 [grpc-default-executor-2] INFO  leader.FollowerInfo (FollowerInfoImpl.java:lambda$new$0(48)) - 764da7f4-576c-4739-b8ba-4f387767ddcb@group-4825E10C280C->da7e3490-bd6e-4553-a90b-b6c1b406431b: nextIndex: updateUnconditionally 48 -> 47
2022-07-30 01:52:15,890 [grpc-default-executor-2] WARN  server.GrpcLogAppender (LogUtils.java:warn(122)) - 764da7f4-576c-4739-b8ba-4f387767ddcb@group-4825E10C280C->625bdddd-b23f-4a62-9edb-0ce5ae5b2b03-AppendLogResponseHandler: Failed appendEntries: org.apache.ratis.thirdparty.io.grpc.StatusRuntimeException: UNAVAILABLE: io exception
2022-07-30 01:52:15,890 [grpc-default-executor-2] INFO  leader.FollowerInfo (FollowerInfoImpl.java:lambda$new$0(48)) - 764da7f4-576c-4739-b8ba-4f387767ddcb@group-4825E10C280C->625bdddd-b23f-4a62-9edb-0ce5ae5b2b03: nextIndex: updateUnconditionally 48 -> 47
2022-07-30 01:52:15,907 [764da7f4-576c-4739-b8ba-4f387767ddcb@group-4825E10C280C-LeaderStateImpl] WARN  server.RaftServer$Division (LeaderStateImpl.java:checkLeadership(1018)) - 764da7f4-576c-4739-b8ba-4f387767ddcb@group-4825E10C280C-LeaderStateImpl: Lost leadership on term: 1. Election timeout: 5200ms. In charge for: 53119ms. Conf: 0: [764da7f4-576c-4739-b8ba-4f387767ddcb|rpc:10.1.0.37:40341|dataStream:|priority:1, 625bdddd-b23f-4a62-9edb-0ce5ae5b2b03|rpc:10.1.0.37:39839|dataStream:|priority:0, da7e3490-bd6e-4553-a90b-b6c1b406431b|rpc:10.1.0.37:39503|dataStream:|priority:0], old=null
2022-07-30 01:52:15,907 [764da7f4-576c-4739-b8ba-4f387767ddcb@group-4825E10C280C-LeaderStateImpl] WARN  server.RaftServer$Division (LeaderStateImpl.java:lambda$checkLeadership$17(1022)) - Follower 764da7f4-576c-4739-b8ba-4f387767ddcb@group-4825E10C280C->625bdddd-b23f-4a62-9edb-0ce5ae5b2b03(c47,m47,n47, attendVote=true, lastRpcSendTime=17, lastRpcResponseTime=8770)
2022-07-30 01:52:15,907 [764da7f4-576c-4739-b8ba-4f387767ddcb@group-4825E10C280C-LeaderStateImpl] WARN  server.RaftServer$Division (LeaderStateImpl.java:lambda$checkLeadership$17(1022)) - Follower 764da7f4-576c-4739-b8ba-4f387767ddcb@group-4825E10C280C->da7e3490-bd6e-4553-a90b-b6c1b406431b(c47,m47,n47, attendVote=true, lastRpcSendTime=26, lastRpcResponseTime=8784)
2022-07-30 01:52:15,907 [764da7f4-576c-4739-b8ba-4f387767ddcb@group-4825E10C280C-LeaderStateImpl] INFO  server.RaftServer$Division (RaftServerImpl.java:setRole(299)) - 764da7f4-576c-4739-b8ba-4f387767ddcb@group-4825E10C280C: changes role from    LEADER to FOLLOWER at term 1 for StepDownReason:LOST_MAJORITY_HEARTBEATS
2022-07-30 01:52:15,907 [764da7f4-576c-4739-b8ba-4f387767ddcb@group-4825E10C280C-LeaderStateImpl] INFO  impl.RoleInfo (RoleInfo.java:shutdownLeaderState(93)) - 764da7f4-576c-4739-b8ba-4f387767ddcb: shutdown 764da7f4-576c-4739-b8ba-4f387767ddcb@group-4825E10C280C-LeaderStateImpl
2022-07-30 01:52:15,908 [764da7f4-576c-4739-b8ba-4f387767ddcb@group-4825E10C280C-LeaderStateImpl] INFO  impl.PendingRequests (PendingRequests.java:sendNotLeaderResponses(282)) - 764da7f4-576c-4739-b8ba-4f387767ddcb@group-4825E10C280C-PendingRequests: sendNotLeaderResponses
2022-07-30 01:52:15,908 [764da7f4-576c-4739-b8ba-4f387767ddcb@group-4825E10C280C->625bdddd-b23f-4a62-9edb-0ce5ae5b2b03-GrpcLogAppender-LogAppenderDaemon] WARN  server.GrpcLogAppender (GrpcLogAppender.java:mayWait(171)) - 764da7f4-576c-4739-b8ba-4f387767ddcb@group-4825E10C280C->625bdddd-b23f-4a62-9edb-0ce5ae5b2b03-GrpcLogAppender: Wait interrupted by java.lang.InterruptedException
2022-07-30 01:52:15,908 [764da7f4-576c-4739-b8ba-4f387767ddcb@group-4825E10C280C->da7e3490-bd6e-4553-a90b-b6c1b406431b-GrpcLogAppender-LogAppenderDaemon] WARN  server.GrpcLogAppender (GrpcLogAppender.java:mayWait(171)) - 764da7f4-576c-4739-b8ba-4f387767ddcb@group-4825E10C280C->da7e3490-bd6e-4553-a90b-b6c1b406431b-GrpcLogAppender: Wait interrupted by java.lang.InterruptedException
2022-07-30 01:52:15,912 [764da7f4-576c-4739-b8ba-4f387767ddcb@group-4825E10C280C-LeaderStateImpl] INFO  impl.RoleInfo (RoleInfo.java:updateAndGet(139)) - 764da7f4-576c-4739-b8ba-4f387767ddcb: start 764da7f4-576c-4739-b8ba-4f387767ddcb@group-4825E10C280C-FollowerState
2022-07-30 01:52:19,500 [ForkJoinPool.commonPool-worker-1] INFO  ozoneimpl.OzoneContainer (OzoneContainer.java:stop(399)) - Attempting to stop container services.
2022-07-30 01:52:19,503 [ForkJoinPool.commonPool-worker-1] INFO  server.RaftServer (RaftServerProxy.java:lambda$close$7(398)) - 764da7f4-576c-4739-b8ba-4f387767ddcb: close
2022-07-30 01:52:19,503 [ForkJoinPool.commonPool-worker-1] INFO  server.RaftServer$Division (RaftServerImpl.java:lambda$close$4(434)) - 764da7f4-576c-4739-b8ba-4f387767ddcb@group-9C0850E9DA61: shutdown
2022-07-30 01:52:19,503 [ForkJoinPool.commonPool-worker-1] INFO  util.JmxRegister (JmxRegister.java:unregister(73)) - Successfully un-registered JMX Bean with object name Ratis:service=RaftServer,group=group-9C0850E9DA61,id=764da7f4-576c-4739-b8ba-4f387767ddcb
2022-07-30 01:52:19,503 [ForkJoinPool.commonPool-worker-1] INFO  impl.RoleInfo (RoleInfo.java:shutdownLeaderState(93)) - 764da7f4-576c-4739-b8ba-4f387767ddcb: shutdown 764da7f4-576c-4739-b8ba-4f387767ddcb@group-9C0850E9DA61-LeaderStateImpl
2022-07-30 01:52:19,503 [ForkJoinPool.commonPool-worker-1] INFO  impl.PendingRequests (PendingRequests.java:sendNotLeaderResponses(282)) - 764da7f4-576c-4739-b8ba-4f387767ddcb@group-9C0850E9DA61-PendingRequests: sendNotLeaderResponses
2022-07-30 01:52:19,504 [ForkJoinPool.commonPool-worker-1] INFO  impl.StateMachineUpdater (StateMachineUpdater.java:stopAndJoin(153)) - 764da7f4-576c-4739-b8ba-4f387767ddcb@group-9C0850E9DA61-StateMachineUpdater: set stopIndex = 0
2022-07-30 01:52:19,504 [764da7f4-576c-4739-b8ba-4f387767ddcb@group-9C0850E9DA61-StateMachineUpdater] INFO  ratis.ContainerStateMachine (ContainerStateMachine.java:takeSnapshot(304)) - group-9C0850E9DA61: Taking a snapshot at:(t:1, i:0) file /home/runner/work/ozone/ozone/hadoop-ozone/integration-test/target/test-dir/MiniOzoneClusterImpl-82f5a944-0aea-4e62-8f89-f91bfebfb0a1/datanode-0/data/ratis/30b72703-133c-40d2-ab60-9c0850e9da61/sm/snapshot.1_0
2022-07-30 01:52:19,507 [764da7f4-576c-4739-b8ba-4f387767ddcb@group-9C0850E9DA61-StateMachineUpdater] INFO  ratis.ContainerStateMachine (ContainerStateMachine.java:takeSnapshot(315)) - group-9C0850E9DA61: Finished taking a snapshot at:(t:1, i:0) file:/home/runner/work/ozone/ozone/hadoop-ozone/integration-test/target/test-dir/MiniOzoneClusterImpl-82f5a944-0aea-4e62-8f89-f91bfebfb0a1/datanode-0/data/ratis/30b72703-133c-40d2-ab60-9c0850e9da61/sm/snapshot.1_0 took: 2 ms
2022-07-30 01:52:19,507 [764da7f4-576c-4739-b8ba-4f387767ddcb@group-9C0850E9DA61-StateMachineUpdater] INFO  impl.StateMachineUpdater (StateMachineUpdater.java:takeSnapshot(287)) - 764da7f4-576c-4739-b8ba-4f387767ddcb@group-9C0850E9DA61-StateMachineUpdater: Took a snapshot at index 0
2022-07-30 01:52:19,507 [764da7f4-576c-4739-b8ba-4f387767ddcb@group-9C0850E9DA61-StateMachineUpdater] INFO  impl.StateMachineUpdater (StateMachineUpdater.java:lambda$new$0(92)) - 764da7f4-576c-4739-b8ba-4f387767ddcb@group-9C0850E9DA61-StateMachineUpdater: snapshotIndex: updateIncreasingly -1 -> 0
2022-07-30 01:52:19,507 [ForkJoinPool.commonPool-worker-1] INFO  server.RaftServer$Division (ServerState.java:close(429)) - 764da7f4-576c-4739-b8ba-4f387767ddcb@group-9C0850E9DA61: closes. applyIndex: 0
2022-07-30 01:52:19,508 [764da7f4-576c-4739-b8ba-4f387767ddcb@group-9C0850E9DA61-SegmentedRaftLogWorker] INFO  segmented.SegmentedRaftLogWorker (SegmentedRaftLogWorker.java:run(336)) - 764da7f4-576c-4739-b8ba-4f387767ddcb@group-9C0850E9DA61-SegmentedRaftLogWorker was interrupted, exiting. There are 0 tasks remaining in the queue.
2022-07-30 01:52:19,508 [ForkJoinPool.commonPool-worker-1] INFO  segmented.SegmentedRaftLogWorker (SegmentedRaftLogWorker.java:close(246)) - 764da7f4-576c-4739-b8ba-4f387767ddcb@group-9C0850E9DA61-SegmentedRaftLogWorker close()
2022-07-30 01:52:19,522 [Listener at 127.0.0.1/42455] INFO  ozoneimpl.OzoneContainer (OzoneContainer.java:stop(399)) - Attempting to stop container services.
2022-07-30 01:52:19,525 [Listener at 127.0.0.1/42455] INFO  server.RaftServer (RaftServerProxy.java:lambda$close$7(398)) - feac6527-f4a3-4b35-b8b4-09fad8d49da5: close
2022-07-30 01:52:19,525 [Listener at 127.0.0.1/42455] INFO  server.RaftServer$Division (RaftServerImpl.java:lambda$close$4(434)) - feac6527-f4a3-4b35-b8b4-09fad8d49da5@group-D4C431024CB4: shutdown
2022-07-30 01:52:19,526 [Listener at 127.0.0.1/42455] INFO  util.JmxRegister (JmxRegister.java:unregister(73)) - Successfully un-registered JMX Bean with object name Ratis:service=RaftServer,group=group-D4C431024CB4,id=feac6527-f4a3-4b35-b8b4-09fad8d49da5
2022-07-30 01:52:19,526 [Listener at 127.0.0.1/42455] INFO  impl.RoleInfo (RoleInfo.java:shutdownLeaderState(93)) - feac6527-f4a3-4b35-b8b4-09fad8d49da5: shutdown feac6527-f4a3-4b35-b8b4-09fad8d49da5@group-D4C431024CB4-LeaderStateImpl
2022-07-30 01:52:19,526 [Listener at 127.0.0.1/42455] INFO  impl.PendingRequests (PendingRequests.java:sendNotLeaderResponses(282)) - feac6527-f4a3-4b35-b8b4-09fad8d49da5@group-D4C431024CB4-PendingRequests: sendNotLeaderResponses
2022-07-30 01:52:19,527 [Listener at 127.0.0.1/42455] INFO  impl.StateMachineUpdater (StateMachineUpdater.java:stopAndJoin(153)) - feac6527-f4a3-4b35-b8b4-09fad8d49da5@group-D4C431024CB4-StateMachineUpdater: set stopIndex = 0
2022-07-30 01:52:19,527 [feac6527-f4a3-4b35-b8b4-09fad8d49da5@group-D4C431024CB4-StateMachineUpdater] INFO  ratis.ContainerStateMachine (ContainerStateMachine.java:takeSnapshot(304)) - group-D4C431024CB4: Taking a snapshot at:(t:1, i:0) file /home/runner/work/ozone/ozone/hadoop-ozone/integration-test/target/test-dir/MiniOzoneClusterImpl-82f5a944-0aea-4e62-8f89-f91bfebfb0a1/datanode-4/data/ratis/450c294f-2a2b-43b9-9e9b-d4c431024cb4/sm/snapshot.1_0
2022-07-30 01:52:19,528 [feac6527-f4a3-4b35-b8b4-09fad8d49da5@group-D4C431024CB4-StateMachineUpdater] INFO  ratis.ContainerStateMachine (ContainerStateMachine.java:takeSnapshot(315)) - group-D4C431024CB4: Finished taking a snapshot at:(t:1, i:0) file:/home/runner/work/ozone/ozone/hadoop-ozone/integration-test/target/test-dir/MiniOzoneClusterImpl-82f5a944-0aea-4e62-8f89-f91bfebfb0a1/datanode-4/data/ratis/450c294f-2a2b-43b9-9e9b-d4c431024cb4/sm/snapshot.1_0 took: 1 ms
2022-07-30 01:52:19,528 [feac6527-f4a3-4b35-b8b4-09fad8d49da5@group-D4C431024CB4-StateMachineUpdater] INFO  impl.StateMachineUpdater (StateMachineUpdater.java:takeSnapshot(287)) - feac6527-f4a3-4b35-b8b4-09fad8d49da5@group-D4C431024CB4-StateMachineUpdater: Took a snapshot at index 0
2022-07-30 01:52:19,528 [feac6527-f4a3-4b35-b8b4-09fad8d49da5@group-D4C431024CB4-StateMachineUpdater] INFO  impl.StateMachineUpdater (StateMachineUpdater.java:lambda$new$0(92)) - feac6527-f4a3-4b35-b8b4-09fad8d49da5@group-D4C431024CB4-StateMachineUpdater: snapshotIndex: updateIncreasingly -1 -> 0
2022-07-30 01:52:19,529 [ForkJoinPool.commonPool-worker-1] INFO  server.RaftServer$Division (RaftServerImpl.java:lambda$close$4(434)) - 764da7f4-576c-4739-b8ba-4f387767ddcb@group-4825E10C280C: shutdown
2022-07-30 01:52:19,529 [ForkJoinPool.commonPool-worker-1] INFO  util.JmxRegister (JmxRegister.java:unregister(73)) - Successfully un-registered JMX Bean with object name Ratis:service=RaftServer,group=group-4825E10C280C,id=764da7f4-576c-4739-b8ba-4f387767ddcb
2022-07-30 01:52:19,529 [ForkJoinPool.commonPool-worker-1] INFO  impl.RoleInfo (RoleInfo.java:shutdownFollowerState(110)) - 764da7f4-576c-4739-b8ba-4f387767ddcb: shutdown 764da7f4-576c-4739-b8ba-4f387767ddcb@group-4825E10C280C-FollowerState
2022-07-30 01:52:19,529 [ForkJoinPool.commonPool-worker-1] INFO  impl.StateMachineUpdater (StateMachineUpdater.java:stopAndJoin(153)) - 764da7f4-576c-4739-b8ba-4f387767ddcb@group-4825E10C280C-StateMachineUpdater: set stopIndex = 47
2022-07-30 01:52:19,530 [764da7f4-576c-4739-b8ba-4f387767ddcb@group-4825E10C280C-StateMachineUpdater] INFO  ratis.ContainerStateMachine (ContainerStateMachine.java:takeSnapshot(304)) - group-4825E10C280C: Taking a snapshot at:(t:1, i:47) file /home/runner/work/ozone/ozone/hadoop-ozone/integration-test/target/test-dir/MiniOzoneClusterImpl-82f5a944-0aea-4e62-8f89-f91bfebfb0a1/datanode-0/data/ratis/6491e7ae-b4a5-4357-b192-4825e10c280c/sm/snapshot.1_47
2022-07-30 01:52:19,529 [764da7f4-576c-4739-b8ba-4f387767ddcb@group-4825E10C280C-FollowerState] INFO  impl.FollowerState (FollowerState.java:run(152)) - 764da7f4-576c-4739-b8ba-4f387767ddcb@group-4825E10C280C-FollowerState was interrupted
2022-07-30 01:52:19,532 [764da7f4-576c-4739-b8ba-4f387767ddcb@group-4825E10C280C-StateMachineUpdater] INFO  ratis.ContainerStateMachine (ContainerStateMachine.java:takeSnapshot(315)) - group-4825E10C280C: Finished taking a snapshot at:(t:1, i:47) file:/home/runner/work/ozone/ozone/hadoop-ozone/integration-test/target/test-dir/MiniOzoneClusterImpl-82f5a944-0aea-4e62-8f89-f91bfebfb0a1/datanode-0/data/ratis/6491e7ae-b4a5-4357-b192-4825e10c280c/sm/snapshot.1_47 took: 2 ms
2022-07-30 01:52:19,532 [764da7f4-576c-4739-b8ba-4f387767ddcb@group-4825E10C280C-StateMachineUpdater] INFO  impl.StateMachineUpdater (StateMachineUpdater.java:takeSnapshot(287)) - 764da7f4-576c-4739-b8ba-4f387767ddcb@group-4825E10C280C-StateMachineUpdater: Took a snapshot at index 47
2022-07-30 01:52:19,533 [764da7f4-576c-4739-b8ba-4f387767ddcb@group-4825E10C280C-StateMachineUpdater] INFO  impl.StateMachineUpdater (StateMachineUpdater.java:lambda$new$0(92)) - 764da7f4-576c-4739-b8ba-4f387767ddcb@group-4825E10C280C-StateMachineUpdater: snapshotIndex: updateIncreasingly -1 -> 47
2022-07-30 01:52:19,536 [764da7f4-576c-4739-b8ba-4f387767ddcb@group-F9F44761267B-FollowerState] INFO  impl.FollowerState (FollowerState.java:run(143)) - 764da7f4-576c-4739-b8ba-4f387767ddcb@group-F9F44761267B-FollowerState: change to CANDIDATE, lastRpcElapsedTime:5161483952ns, electionTimeout:5157ms
2022-07-30 01:52:19,536 [764da7f4-576c-4739-b8ba-4f387767ddcb@group-F9F44761267B-FollowerState] INFO  impl.RoleInfo (RoleInfo.java:shutdownFollowerState(110)) - 764da7f4-576c-4739-b8ba-4f387767ddcb: shutdown 764da7f4-576c-4739-b8ba-4f387767ddcb@group-F9F44761267B-FollowerState
2022-07-30 01:52:19,536 [764da7f4-576c-4739-b8ba-4f387767ddcb@group-F9F44761267B-FollowerState] INFO  server.RaftServer$Division (RaftServerImpl.java:setRole(299)) - 764da7f4-576c-4739-b8ba-4f387767ddcb@group-F9F44761267B: changes role from  FOLLOWER to CANDIDATE at term 4 for changeToCandidate
2022-07-30 01:52:19,536 [764da7f4-576c-4739-b8ba-4f387767ddcb@group-F9F44761267B-FollowerState] INFO  server.RaftServerConfigKeys (ConfUtils.java:logGet(46)) - raft.server.leaderelection.pre-vote = false (custom)
2022-07-30 01:52:19,536 [764da7f4-576c-4739-b8ba-4f387767ddcb@group-F9F44761267B-FollowerState] INFO  impl.RoleInfo (RoleInfo.java:updateAndGet(139)) - 764da7f4-576c-4739-b8ba-4f387767ddcb: start 764da7f4-576c-4739-b8ba-4f387767ddcb@group-F9F44761267B-LeaderElection58
2022-07-30 01:52:19,537 [ForkJoinPool.commonPool-worker-1] INFO  server.RaftServer$Division (ServerState.java:close(429)) - 764da7f4-576c-4739-b8ba-4f387767ddcb@group-4825E10C280C: closes. applyIndex: 47
2022-07-30 01:52:19,555 [Listener at 127.0.0.1/42455] INFO  server.RaftServer$Division (ServerState.java:close(429)) - feac6527-f4a3-4b35-b8b4-09fad8d49da5@group-D4C431024CB4: closes. applyIndex: 0
2022-07-30 01:52:19,555 [feac6527-f4a3-4b35-b8b4-09fad8d49da5@group-D4C431024CB4-SegmentedRaftLogWorker] INFO  segmented.SegmentedRaftLogWorker (SegmentedRaftLogWorker.java:run(336)) - feac6527-f4a3-4b35-b8b4-09fad8d49da5@group-D4C431024CB4-SegmentedRaftLogWorker was interrupted, exiting. There are 0 tasks remaining in the queue.
2022-07-30 01:52:19,555 [Listener at 127.0.0.1/42455] INFO  segmented.SegmentedRaftLogWorker (SegmentedRaftLogWorker.java:close(246)) - feac6527-f4a3-4b35-b8b4-09fad8d49da5@group-D4C431024CB4-SegmentedRaftLogWorker close()
2022-07-30 01:52:19,558 [764da7f4-576c-4739-b8ba-4f387767ddcb@group-4825E10C280C-SegmentedRaftLogWorker] INFO  segmented.SegmentedRaftLogWorker (SegmentedRaftLogWorker.java:run(336)) - 764da7f4-576c-4739-b8ba-4f387767ddcb@group-4825E10C280C-SegmentedRaftLogWorker was interrupted, exiting. There are 0 tasks remaining in the queue.
2022-07-30 01:52:19,558 [ForkJoinPool.commonPool-worker-1] INFO  segmented.SegmentedRaftLogWorker (SegmentedRaftLogWorker.java:close(246)) - 764da7f4-576c-4739-b8ba-4f387767ddcb@group-4825E10C280C-SegmentedRaftLogWorker close()
2022-07-30 01:52:19,562 [Listener at 127.0.0.1/42455] INFO  server.GrpcService (GrpcService.java:closeImpl(269)) - feac6527-f4a3-4b35-b8b4-09fad8d49da5: shutdown server with port 42307 now
2022-07-30 01:52:19,562 [ForkJoinPool.commonPool-worker-1] INFO  server.RaftServer$Division (RaftServerImpl.java:lambda$close$4(434)) - 764da7f4-576c-4739-b8ba-4f387767ddcb@group-F9F44761267B: shutdown
2022-07-30 01:52:19,562 [ForkJoinPool.commonPool-worker-1] INFO  util.JmxRegister (JmxRegister.java:unregister(73)) - Successfully un-registered JMX Bean with object name Ratis:service=RaftServer,group=group-F9F44761267B,id=764da7f4-576c-4739-b8ba-4f387767ddcb
2022-07-30 01:52:19,562 [ForkJoinPool.commonPool-worker-1] INFO  impl.RoleInfo (RoleInfo.java:shutdownLeaderElection(130)) - 764da7f4-576c-4739-b8ba-4f387767ddcb: shutdown 764da7f4-576c-4739-b8ba-4f387767ddcb@group-F9F44761267B-LeaderElection58
2022-07-30 01:52:19,562 [ForkJoinPool.commonPool-worker-1] INFO  impl.StateMachineUpdater (StateMachineUpdater.java:stopAndJoin(153)) - 764da7f4-576c-4739-b8ba-4f387767ddcb@group-F9F44761267B-StateMachineUpdater: set stopIndex = 4
2022-07-30 01:52:19,568 [764da7f4-576c-4739-b8ba-4f387767ddcb@group-F9F44761267B-StateMachineUpdater] INFO  ratis.ContainerStateMachine (ContainerStateMachine.java:takeSnapshot(304)) - group-F9F44761267B: Taking a snapshot at:(t:3, i:4) file /home/runner/work/ozone/ozone/hadoop-ozone/integration-test/target/test-dir/MiniOzoneClusterImpl-82f5a944-0aea-4e62-8f89-f91bfebfb0a1/datanode-0/data/ratis/959eb944-99a7-44cc-9081-f9f44761267b/sm/snapshot.3_4
2022-07-30 01:52:19,568 [Listener at 127.0.0.1/42455] INFO  server.GrpcService (GrpcService.java:closeImpl(278)) - feac6527-f4a3-4b35-b8b4-09fad8d49da5: shutdown server with port 42307 successfully
2022-07-30 01:52:19,569 [org.apache.ratis.util.JvmPauseMonitor$$Lambda$615/1033062816@287217d4] INFO  util.JvmPauseMonitor (JvmPauseMonitor.java:run(109)) - JvmPauseMonitor-feac6527-f4a3-4b35-b8b4-09fad8d49da5: Stopped
2022-07-30 01:52:19,570 [764da7f4-576c-4739-b8ba-4f387767ddcb@group-F9F44761267B-StateMachineUpdater] INFO  ratis.ContainerStateMachine (ContainerStateMachine.java:takeSnapshot(315)) - group-F9F44761267B: Finished taking a snapshot at:(t:3, i:4) file:/home/runner/work/ozone/ozone/hadoop-ozone/integration-test/target/test-dir/MiniOzoneClusterImpl-82f5a944-0aea-4e62-8f89-f91bfebfb0a1/datanode-0/data/ratis/959eb944-99a7-44cc-9081-f9f44761267b/sm/snapshot.3_4 took: 3 ms
2022-07-30 01:52:19,570 [764da7f4-576c-4739-b8ba-4f387767ddcb@group-F9F44761267B-StateMachineUpdater] INFO  impl.StateMachineUpdater (StateMachineUpdater.java:takeSnapshot(287)) - 764da7f4-576c-4739-b8ba-4f387767ddcb@group-F9F44761267B-StateMachineUpdater: Took a snapshot at index 4
2022-07-30 01:52:19,570 [764da7f4-576c-4739-b8ba-4f387767ddcb@group-F9F44761267B-StateMachineUpdater] INFO  impl.StateMachineUpdater (StateMachineUpdater.java:lambda$new$0(92)) - 764da7f4-576c-4739-b8ba-4f387767ddcb@group-F9F44761267B-StateMachineUpdater: snapshotIndex: updateIncreasingly -1 -> 4
2022-07-30 01:52:19,571 [ForkJoinPool.commonPool-worker-1] INFO  server.RaftServer$Division (ServerState.java:close(429)) - 764da7f4-576c-4739-b8ba-4f387767ddcb@group-F9F44761267B: closes. applyIndex: 4
2022-07-30 01:52:19,571 [764da7f4-576c-4739-b8ba-4f387767ddcb@group-F9F44761267B-SegmentedRaftLogWorker] INFO  segmented.SegmentedRaftLogWorker (SegmentedRaftLogWorker.java:run(336)) - 764da7f4-576c-4739-b8ba-4f387767ddcb@group-F9F44761267B-SegmentedRaftLogWorker was interrupted, exiting. There are 0 tasks remaining in the queue.
2022-07-30 01:52:19,571 [ForkJoinPool.commonPool-worker-1] INFO  segmented.SegmentedRaftLogWorker (SegmentedRaftLogWorker.java:close(246)) - 764da7f4-576c-4739-b8ba-4f387767ddcb@group-F9F44761267B-SegmentedRaftLogWorker close()
2022-07-30 01:52:19,573 [ForkJoinPool.commonPool-worker-1] INFO  server.GrpcService (GrpcService.java:closeImpl(269)) - 764da7f4-576c-4739-b8ba-4f387767ddcb: shutdown server with port 40341 now
2022-07-30 01:52:19,574 [764da7f4-576c-4739-b8ba-4f387767ddcb@group-F9F44761267B-LeaderElection58] INFO  impl.LeaderElection (LeaderElection.java:askForVotes(310)) - 764da7f4-576c-4739-b8ba-4f387767ddcb@group-F9F44761267B-LeaderElection58 ELECTION round 0: submit vote requests at term 5 for 0: [764da7f4-576c-4739-b8ba-4f387767ddcb|rpc:10.1.0.37:40341|dataStream:|priority:0, 625bdddd-b23f-4a62-9edb-0ce5ae5b2b03|rpc:10.1.0.37:39839|dataStream:|priority:0, da7e3490-bd6e-4553-a90b-b6c1b406431b|rpc:10.1.0.37:39503|dataStream:|priority:1], old=null
2022-07-30 01:52:19,574 [764da7f4-576c-4739-b8ba-4f387767ddcb@group-F9F44761267B-LeaderElection58] INFO  impl.LeaderElection (LeaderElection.java:run(245)) - 764da7f4-576c-4739-b8ba-4f387767ddcb@group-F9F44761267B-LeaderElection58: IllegalArgumentException is safely ignored since this is already CLOSING
java.lang.IllegalArgumentException: 764da7f4-576c-4739-b8ba-4f387767ddcb@group-F9F44761267B-SegmentedRaftLog is expected to be opened but it is CLOSED
	at org.apache.ratis.util.OpenCloseState.assertOpen(OpenCloseState.java:63)
	at org.apache.ratis.server.raftlog.RaftLogBase.checkLogState(RaftLogBase.java:109)
	at org.apache.ratis.server.raftlog.segmented.SegmentedRaftLog.getLastEntryTermIndex(SegmentedRaftLog.java:340)
	at org.apache.ratis.server.impl.ServerState.getLastEntry(ServerState.java:316)
	at org.apache.ratis.server.impl.LeaderElection.submitRequestAndWaitResult(LeaderElection.java:283)
	at org.apache.ratis.server.impl.LeaderElection.askForVotes(LeaderElection.java:311)
	at org.apache.ratis.server.impl.LeaderElection.run(LeaderElection.java:238)
	at java.lang.Thread.run(Thread.java:750)
Caused by: org.apache.ratis.util.OpenCloseState$CloseTrace: Close 764da7f4-576c-4739-b8ba-4f387767ddcb@group-F9F44761267B-SegmentedRaftLog
	at org.apache.ratis.util.OpenCloseState.lambda$close$1(OpenCloseState.java:109)
	at java.util.concurrent.atomic.AtomicReference.getAndUpdate(AtomicReference.java:160)
	at org.apache.ratis.util.OpenCloseState.close(OpenCloseState.java:109)
	at org.apache.ratis.server.raftlog.RaftLogBase.close(RaftLogBase.java:358)
	at org.apache.ratis.server.raftlog.segmented.SegmentedRaftLog.close(SegmentedRaftLog.java:506)
	at org.apache.ratis.server.impl.ServerState.close(ServerState.java:431)
	at org.apache.ratis.server.impl.RaftServerImpl.lambda$close$4(RaftServerImpl.java:456)
	at org.apache.ratis.util.LifeCycle.lambda$checkStateAndClose$4(LifeCycle.java:299)
	at org.apache.ratis.util.LifeCycle.checkStateAndClose(LifeCycle.java:319)
	at org.apache.ratis.util.LifeCycle.checkStateAndClose(LifeCycle.java:297)
	at org.apache.ratis.server.impl.RaftServerImpl.close(RaftServerImpl.java:433)
	at org.apache.ratis.server.impl.RaftServerProxy$ImplMap.close(RaftServerProxy.java:130)
	at org.apache.ratis.server.impl.RaftServerProxy$ImplMap.lambda$close$0(RaftServerProxy.java:118)
	at java.util.stream.ForEachOps$ForEachOp$OfRef.accept(ForEachOps.java:183)
	at java.util.concurrent.ConcurrentHashMap$EntrySpliterator.forEachRemaining(ConcurrentHashMap.java:3606)
	at java.util.stream.AbstractPipeline.copyInto(AbstractPipeline.java:482)
	at java.util.stream.ForEachOps$ForEachTask.compute(ForEachOps.java:290)
	at java.util.concurrent.CountedCompleter.exec(CountedCompleter.java:731)
	at java.util.concurrent.ForkJoinTask.doExec(ForkJoinTask.java:289)
	at java.util.concurrent.ForkJoinPool.helpComplete(ForkJoinPool.java:1870)
	at java.util.concurrent.ForkJoinPool.awaitJoin(ForkJoinPool.java:2045)
	at java.util.concurrent.ForkJoinTask.doInvoke(ForkJoinTask.java:404)
	at java.util.concurrent.ForkJoinTask.invoke(ForkJoinTask.java:734)
	at java.util.stream.ForEachOps$ForEachOp.evaluateParallel(ForEachOps.java:159)
	at java.util.stream.ForEachOps$ForEachOp$OfRef.evaluateParallel(ForEachOps.java:173)
	at java.util.stream.AbstractPipeline.evaluate(AbstractPipeline.java:233)
	at java.util.stream.ReferencePipeline.forEach(ReferencePipeline.java:485)
	at java.util.stream.ReferencePipeline$Head.forEach(ReferencePipeline.java:650)
	at org.apache.ratis.server.impl.RaftServerProxy$ImplMap.close(RaftServerProxy.java:118)
	at org.apache.ratis.server.impl.RaftServerProxy.lambda$close$7(RaftServerProxy.java:399)
	at org.apache.ratis.util.LifeCycle.lambda$checkStateAndClose$4(LifeCycle.java:299)
	at org.apache.ratis.util.LifeCycle.checkStateAndClose(LifeCycle.java:319)
	at org.apache.ratis.util.LifeCycle.checkStateAndClose(LifeCycle.java:297)
	at org.apache.ratis.server.impl.RaftServerProxy.close(RaftServerProxy.java:397)
	at org.apache.hadoop.ozone.container.common.transport.server.ratis.XceiverServerRatis.stop(XceiverServerRatis.java:513)
	at org.apache.hadoop.ozone.container.ozoneimpl.OzoneContainer.stop(OzoneContainer.java:402)
	at org.apache.hadoop.ozone.container.common.statemachine.DatanodeStateMachine.close(DatanodeStateMachine.java:405)
	at org.apache.hadoop.ozone.container.common.statemachine.DatanodeStateMachine.stopDaemon(DatanodeStateMachine.java:579)
	at org.apache.hadoop.ozone.HddsDatanodeService.stop(HddsDatanodeService.java:571)
	at org.apache.hadoop.ozone.MiniOzoneClusterImpl.stopDatanode(MiniOzoneClusterImpl.java:530)
	at java.util.stream.ForEachOps$ForEachOp$OfRef.accept(ForEachOps.java:183)
	at java.util.ArrayList$ArrayListSpliterator.forEachRemaining(ArrayList.java:1384)
	at java.util.stream.AbstractPipeline.copyInto(AbstractPipeline.java:482)
	at java.util.stream.ForEachOps$ForEachTask.compute(ForEachOps.java:290)
	at java.util.concurrent.CountedCompleter.exec(CountedCompleter.java:731)
	at java.util.concurrent.ForkJoinTask.doExec(ForkJoinTask.java:289)
	at java.util.concurrent.ForkJoinPool$WorkQueue.execLocalTasks(ForkJoinPool.java:1040)
	at java.util.concurrent.ForkJoinPool$WorkQueue.runTask(ForkJoinPool.java:1058)
	at java.util.concurrent.ForkJoinPool.runWorker(ForkJoinPool.java:1692)
	at java.util.concurrent.ForkJoinWorkerThread.run(ForkJoinWorkerThread.java:175)
2022-07-30 01:52:19,609 [ForkJoinPool.commonPool-worker-1] INFO  server.GrpcService (GrpcService.java:closeImpl(278)) - 764da7f4-576c-4739-b8ba-4f387767ddcb: shutdown server with port 40341 successfully
2022-07-30 01:52:19,610 [org.apache.ratis.util.JvmPauseMonitor$$Lambda$615/1033062816@37c8f1ed] INFO  util.JvmPauseMonitor (JvmPauseMonitor.java:run(109)) - JvmPauseMonitor-764da7f4-576c-4739-b8ba-4f387767ddcb: Stopped
2022-07-30 01:52:20,523 [OverReplicatedQueueThreadThread] INFO  replication.OverReplicatedProcessor (OverReplicatedProcessor.java:processAll(83)) - Processed 0 over replicated containers, failed processing 0
2022-07-30 01:52:20,525 [UnderReplicatedQueueThreadThread] INFO  replication.UnderReplicatedProcessor (UnderReplicatedProcessor.java:processAll(85)) - Processed 0 under replicated containers, failed processing 0
2022-07-30 01:52:21,636 [Listener at 127.0.0.1/42455] INFO  utils.BackgroundService (BackgroundService.java:shutdown(141)) - Shutting down service BlockDeletingService
2022-07-30 01:52:21,636 [Listener at 127.0.0.1/42455] INFO  utils.BackgroundService (BackgroundService.java:shutdown(141)) - Shutting down service StaleRecoveringContainerScrubbingService
2022-07-30 01:52:21,674 [ForkJoinPool.commonPool-worker-1] INFO  utils.BackgroundService (BackgroundService.java:shutdown(141)) - Shutting down service BlockDeletingService
2022-07-30 01:52:21,674 [ForkJoinPool.commonPool-worker-1] INFO  utils.BackgroundService (BackgroundService.java:shutdown(141)) - Shutting down service StaleRecoveringContainerScrubbingService
2022-07-30 01:52:24,647 [Listener at 127.0.0.1/42455] INFO  statemachine.DatanodeStateMachine (DatanodeStateMachine.java:stopDaemon(580)) - Ozone container server stopped.
2022-07-30 01:52:24,657 [Listener at 127.0.0.1/42455] INFO  handler.ContextHandler (ContextHandler.java:doStop(1153)) - Stopped o.e.j.w.WebAppContext@21814915{hddsDatanode,/,null,STOPPED}{jar:file:/home/runner/.m2/repository/org/apache/ozone/hdds-container-service/1.3.0-SNAPSHOT/hdds-container-service-1.3.0-SNAPSHOT.jar!/webapps/hddsDatanode}
2022-07-30 01:52:24,659 [Listener at 127.0.0.1/42455] INFO  server.AbstractConnector (AbstractConnector.java:doStop(381)) - Stopped ServerConnector@1453c0f3{HTTP/1.1, (http/1.1)}{0.0.0.0:0}
2022-07-30 01:52:24,659 [Listener at 127.0.0.1/42455] INFO  server.session (HouseKeeper.java:stopScavenging(149)) - node0 Stopped scavenging
2022-07-30 01:52:24,660 [Listener at 127.0.0.1/42455] INFO  handler.ContextHandler (ContextHandler.java:doStop(1153)) - Stopped o.e.j.s.ServletContextHandler@3eaea785{static,/static,jar:file:/home/runner/.m2/repository/org/apache/ozone/hdds-container-service/1.3.0-SNAPSHOT/hdds-container-service-1.3.0-SNAPSHOT.jar!/webapps/static,STOPPED}
2022-07-30 01:52:24,660 [Listener at 127.0.0.1/42455] INFO  handler.ContextHandler (ContextHandler.java:doStop(1153)) - Stopped o.e.j.s.ServletContextHandler@1868793d{logs,/logs,file:///home/runner/work/ozone/ozone/hadoop-ozone/integration-test/target/log,STOPPED}
2022-07-30 01:52:24,696 [ForkJoinPool.commonPool-worker-1] INFO  statemachine.DatanodeStateMachine (DatanodeStateMachine.java:stopDaemon(580)) - Ozone container server stopped.
2022-07-30 01:52:24,749 [ForkJoinPool.commonPool-worker-1] INFO  handler.ContextHandler (ContextHandler.java:doStop(1153)) - Stopped o.e.j.w.WebAppContext@62430c20{hddsDatanode,/,null,STOPPED}{jar:file:/home/runner/.m2/repository/org/apache/ozone/hdds-container-service/1.3.0-SNAPSHOT/hdds-container-service-1.3.0-SNAPSHOT.jar!/webapps/hddsDatanode}
2022-07-30 01:52:24,761 [ForkJoinPool.commonPool-worker-1] INFO  server.AbstractConnector (AbstractConnector.java:doStop(381)) - Stopped ServerConnector@d117e88{HTTP/1.1, (http/1.1)}{0.0.0.0:0}
2022-07-30 01:52:24,761 [ForkJoinPool.commonPool-worker-1] INFO  server.session (HouseKeeper.java:stopScavenging(149)) - node0 Stopped scavenging
2022-07-30 01:52:24,761 [ForkJoinPool.commonPool-worker-1] INFO  handler.ContextHandler (ContextHandler.java:doStop(1153)) - Stopped o.e.j.s.ServletContextHandler@451cd813{static,/static,jar:file:/home/runner/.m2/repository/org/apache/ozone/hdds-container-service/1.3.0-SNAPSHOT/hdds-container-service-1.3.0-SNAPSHOT.jar!/webapps/static,STOPPED}
2022-07-30 01:52:24,762 [ForkJoinPool.commonPool-worker-1] INFO  handler.ContextHandler (ContextHandler.java:doStop(1153)) - Stopped o.e.j.s.ServletContextHandler@7a9e4532{logs,/logs,file:///home/runner/work/ozone/ozone/hadoop-ozone/integration-test/target/log,STOPPED}
2022-07-30 01:52:29,668 [Listener at 127.0.0.1/42455] INFO  ozoneimpl.OzoneContainer (OzoneContainer.java:stop(399)) - Attempting to stop container services.
2022-07-30 01:52:29,669 [Listener at 127.0.0.1/42455] INFO  server.RaftServer (RaftServerProxy.java:lambda$close$7(398)) - 90590539-81e8-4913-a697-525e65d2cf7e: close
2022-07-30 01:52:29,669 [Listener at 127.0.0.1/42455] INFO  server.RaftServer$Division (RaftServerImpl.java:lambda$close$4(434)) - 90590539-81e8-4913-a697-525e65d2cf7e@group-3BFC21B4B52E: shutdown
2022-07-30 01:52:29,669 [Listener at 127.0.0.1/42455] INFO  util.JmxRegister (JmxRegister.java:unregister(73)) - Successfully un-registered JMX Bean with object name Ratis:service=RaftServer,group=group-3BFC21B4B52E,id=90590539-81e8-4913-a697-525e65d2cf7e
2022-07-30 01:52:29,669 [Listener at 127.0.0.1/42455] INFO  impl.RoleInfo (RoleInfo.java:shutdownLeaderState(93)) - 90590539-81e8-4913-a697-525e65d2cf7e: shutdown 90590539-81e8-4913-a697-525e65d2cf7e@group-3BFC21B4B52E-LeaderStateImpl
2022-07-30 01:52:29,670 [Listener at 127.0.0.1/42455] INFO  impl.PendingRequests (PendingRequests.java:sendNotLeaderResponses(282)) - 90590539-81e8-4913-a697-525e65d2cf7e@group-3BFC21B4B52E-PendingRequests: sendNotLeaderResponses
2022-07-30 01:52:29,671 [Listener at 127.0.0.1/42455] INFO  impl.StateMachineUpdater (StateMachineUpdater.java:stopAndJoin(153)) - 90590539-81e8-4913-a697-525e65d2cf7e@group-3BFC21B4B52E-StateMachineUpdater: set stopIndex = 0
2022-07-30 01:52:29,674 [90590539-81e8-4913-a697-525e65d2cf7e@group-3BFC21B4B52E-StateMachineUpdater] INFO  ratis.ContainerStateMachine (ContainerStateMachine.java:takeSnapshot(304)) - group-3BFC21B4B52E: Taking a snapshot at:(t:1, i:0) file /home/runner/work/ozone/ozone/hadoop-ozone/integration-test/target/test-dir/MiniOzoneClusterImpl-82f5a944-0aea-4e62-8f89-f91bfebfb0a1/datanode-3/data/ratis/ebbda556-5148-4aef-b6b5-3bfc21b4b52e/sm/snapshot.1_0
2022-07-30 01:52:29,677 [90590539-81e8-4913-a697-525e65d2cf7e@group-3BFC21B4B52E-StateMachineUpdater] INFO  ratis.ContainerStateMachine (ContainerStateMachine.java:takeSnapshot(315)) - group-3BFC21B4B52E: Finished taking a snapshot at:(t:1, i:0) file:/home/runner/work/ozone/ozone/hadoop-ozone/integration-test/target/test-dir/MiniOzoneClusterImpl-82f5a944-0aea-4e62-8f89-f91bfebfb0a1/datanode-3/data/ratis/ebbda556-5148-4aef-b6b5-3bfc21b4b52e/sm/snapshot.1_0 took: 4 ms
2022-07-30 01:52:29,677 [90590539-81e8-4913-a697-525e65d2cf7e@group-3BFC21B4B52E-StateMachineUpdater] INFO  impl.StateMachineUpdater (StateMachineUpdater.java:takeSnapshot(287)) - 90590539-81e8-4913-a697-525e65d2cf7e@group-3BFC21B4B52E-StateMachineUpdater: Took a snapshot at index 0
2022-07-30 01:52:29,677 [90590539-81e8-4913-a697-525e65d2cf7e@group-3BFC21B4B52E-StateMachineUpdater] INFO  impl.StateMachineUpdater (StateMachineUpdater.java:lambda$new$0(92)) - 90590539-81e8-4913-a697-525e65d2cf7e@group-3BFC21B4B52E-StateMachineUpdater: snapshotIndex: updateIncreasingly -1 -> 0
2022-07-30 01:52:29,679 [Listener at 127.0.0.1/42455] INFO  server.RaftServer$Division (ServerState.java:close(429)) - 90590539-81e8-4913-a697-525e65d2cf7e@group-3BFC21B4B52E: closes. applyIndex: 0
2022-07-30 01:52:29,680 [90590539-81e8-4913-a697-525e65d2cf7e@group-3BFC21B4B52E-SegmentedRaftLogWorker] INFO  segmented.SegmentedRaftLogWorker (SegmentedRaftLogWorker.java:run(336)) - 90590539-81e8-4913-a697-525e65d2cf7e@group-3BFC21B4B52E-SegmentedRaftLogWorker was interrupted, exiting. There are 0 tasks remaining in the queue.
2022-07-30 01:52:29,680 [Listener at 127.0.0.1/42455] INFO  segmented.SegmentedRaftLogWorker (SegmentedRaftLogWorker.java:close(246)) - 90590539-81e8-4913-a697-525e65d2cf7e@group-3BFC21B4B52E-SegmentedRaftLogWorker close()
2022-07-30 01:52:29,680 [Listener at 127.0.0.1/42455] INFO  server.GrpcService (GrpcService.java:closeImpl(269)) - 90590539-81e8-4913-a697-525e65d2cf7e: shutdown server with port 42215 now
2022-07-30 01:52:29,687 [Listener at 127.0.0.1/42455] INFO  server.GrpcService (GrpcService.java:closeImpl(278)) - 90590539-81e8-4913-a697-525e65d2cf7e: shutdown server with port 42215 successfully
2022-07-30 01:52:29,688 [org.apache.ratis.util.JvmPauseMonitor$$Lambda$615/1033062816@4f0904d3] INFO  util.JvmPauseMonitor (JvmPauseMonitor.java:run(109)) - JvmPauseMonitor-90590539-81e8-4913-a697-525e65d2cf7e: Stopped
2022-07-30 01:52:31,770 [Listener at 127.0.0.1/42455] INFO  utils.BackgroundService (BackgroundService.java:shutdown(141)) - Shutting down service BlockDeletingService
2022-07-30 01:52:31,771 [Listener at 127.0.0.1/42455] INFO  utils.BackgroundService (BackgroundService.java:shutdown(141)) - Shutting down service StaleRecoveringContainerScrubbingService
2022-07-30 01:52:33,303 [UnderReplicatedQueueThreadThread] INFO  replication.UnderReplicatedProcessor (UnderReplicatedProcessor.java:processAll(85)) - Processed 0 under replicated containers, failed processing 0
2022-07-30 01:52:33,305 [OverReplicatedQueueThreadThread] INFO  replication.OverReplicatedProcessor (OverReplicatedProcessor.java:processAll(83)) - Processed 0 over replicated containers, failed processing 0
2022-07-30 01:52:34,815 [Listener at 127.0.0.1/42455] INFO  statemachine.DatanodeStateMachine (DatanodeStateMachine.java:stopDaemon(580)) - Ozone container server stopped.
2022-07-30 01:52:34,833 [Listener at 127.0.0.1/42455] INFO  handler.ContextHandler (ContextHandler.java:doStop(1153)) - Stopped o.e.j.w.WebAppContext@643b1df9{hddsDatanode,/,null,STOPPED}{jar:file:/home/runner/.m2/repository/org/apache/ozone/hdds-container-service/1.3.0-SNAPSHOT/hdds-container-service-1.3.0-SNAPSHOT.jar!/webapps/hddsDatanode}
2022-07-30 01:52:34,834 [Listener at 127.0.0.1/42455] INFO  server.AbstractConnector (AbstractConnector.java:doStop(381)) - Stopped ServerConnector@1240dda0{HTTP/1.1, (http/1.1)}{0.0.0.0:0}
2022-07-30 01:52:34,834 [Listener at 127.0.0.1/42455] INFO  server.session (HouseKeeper.java:stopScavenging(149)) - node0 Stopped scavenging
2022-07-30 01:52:34,834 [Listener at 127.0.0.1/42455] INFO  handler.ContextHandler (ContextHandler.java:doStop(1153)) - Stopped o.e.j.s.ServletContextHandler@2dbe0f6c{static,/static,jar:file:/home/runner/.m2/repository/org/apache/ozone/hdds-container-service/1.3.0-SNAPSHOT/hdds-container-service-1.3.0-SNAPSHOT.jar!/webapps/static,STOPPED}
2022-07-30 01:52:34,834 [Listener at 127.0.0.1/42455] INFO  handler.ContextHandler (ContextHandler.java:doStop(1153)) - Stopped o.e.j.s.ServletContextHandler@4d93b0cf{logs,/logs,file:///home/runner/work/ozone/ozone/hadoop-ozone/integration-test/target/log,STOPPED}
2022-07-30 01:52:34,840 [Listener at 127.0.0.1/42455] INFO  ozone.MiniOzoneClusterImpl (MiniOzoneClusterImpl.java:stopSCM(537)) - Stopping the StorageContainerManager
2022-07-30 01:52:34,840 [Listener at 127.0.0.1/42455] INFO  server.StorageContainerManager (StorageContainerManager.java:stop(1552)) - Container Balancer is not running.
2022-07-30 01:52:34,841 [Listener at 127.0.0.1/42455] INFO  server.StorageContainerManager (StorageContainerManager.java:stop(1559)) - Stopping Replication Manager Service.
2022-07-30 01:52:34,841 [Listener at 127.0.0.1/42455] INFO  replication.ReplicationManager (ReplicationManager.java:stop(233)) - Stopping Replication Monitor Thread.
2022-07-30 01:52:34,841 [ReplicationMonitor] INFO  replication.ReplicationManager (ReplicationManager.java:run(466)) - Replication Monitor Thread is stopped
2022-07-30 01:52:34,841 [Listener at 127.0.0.1/42455] INFO  server.StorageContainerManager (StorageContainerManager.java:stop(1566)) - Stopping the Datanode Admin Monitor.
2022-07-30 01:52:34,841 [Listener at 127.0.0.1/42455] INFO  server.StorageContainerManager (StorageContainerManager.java:stop(1573)) - Stopping Lease Manager of the command watchers
2022-07-30 01:52:34,841 [Listener at 127.0.0.1/42455] INFO  server.StorageContainerManager (StorageContainerManager.java:stop(1580)) - Stopping datanode service RPC server
2022-07-30 01:52:34,842 [Listener at 127.0.0.1/42455] INFO  server.SCMDatanodeProtocolServer (SCMDatanodeProtocolServer.java:stop(414)) - Stopping the RPC server for DataNodes
2022-07-30 01:52:34,842 [Listener at 127.0.0.1/42455] INFO  ipc.Server (Server.java:stop(3414)) - Stopping server on 45389
2022-07-30 01:52:34,844 [IPC Server listener on 0] INFO  ipc.Server (Server.java:run(1376)) - Stopping IPC Server listener on 0
2022-07-30 01:52:34,882 [IPC Server Responder] INFO  ipc.Server (Server.java:run(1512)) - Stopping IPC Server Responder
2022-07-30 01:52:34,894 [SCM Heartbeat Processing Thread - 0] WARN  node.NodeStateManager (NodeStateManager.java:scheduleNextHealthCheck(870)) - Current Thread is interrupted, shutting down HB processing thread for Node Manager.
2022-07-30 01:52:34,896 [Listener at 127.0.0.1/42455] INFO  server.StorageContainerManager (StorageContainerManager.java:stop(1588)) - Stopping block service RPC server
2022-07-30 01:52:34,896 [Listener at 127.0.0.1/42455] INFO  server.SCMBlockProtocolServer (SCMBlockProtocolServer.java:stop(161)) - Stopping the RPC server for Block Protocol
2022-07-30 01:52:34,896 [Listener at 127.0.0.1/42455] INFO  ipc.Server (Server.java:stop(3414)) - Stopping server on 37039
2022-07-30 01:52:34,911 [Listener at 127.0.0.1/42455] INFO  server.StorageContainerManager (StorageContainerManager.java:stop(1595)) - Stopping the StorageContainerLocationProtocol RPC server
2022-07-30 01:52:34,911 [Listener at 127.0.0.1/42455] INFO  server.SCMClientProtocolServer (SCMClientProtocolServer.java:stop(179)) - Stopping the RPC server for Client Protocol
2022-07-30 01:52:34,911 [Listener at 127.0.0.1/42455] INFO  ipc.Server (Server.java:stop(3414)) - Stopping server on 36447
2022-07-30 01:52:34,911 [IPC Server Responder] INFO  ipc.Server (Server.java:run(1512)) - Stopping IPC Server Responder
2022-07-30 01:52:34,912 [IPC Server listener on 0] INFO  ipc.Server (Server.java:run(1376)) - Stopping IPC Server listener on 0
2022-07-30 01:52:34,936 [Listener at 127.0.0.1/42455] INFO  server.StorageContainerManager (StorageContainerManager.java:stop(1602)) - Stopping Storage Container Manager HTTP server.
2022-07-30 01:52:34,936 [IPC Server listener on 0] INFO  ipc.Server (Server.java:run(1376)) - Stopping IPC Server listener on 0
2022-07-30 01:52:34,936 [IPC Server Responder] INFO  ipc.Server (Server.java:run(1512)) - Stopping IPC Server Responder
2022-07-30 01:52:34,937 [Listener at 127.0.0.1/42455] INFO  handler.ContextHandler (ContextHandler.java:doStop(1153)) - Stopped o.e.j.w.WebAppContext@1ffde4c8{scm,/,null,STOPPED}{file:/home/runner/work/ozone/ozone/hadoop-ozone/integration-test/target/test-classes/webapps/scm}
2022-07-30 01:52:34,975 [Listener at 127.0.0.1/42455] INFO  server.AbstractConnector (AbstractConnector.java:doStop(381)) - Stopped ServerConnector@40f5d58b{HTTP/1.1, (http/1.1)}{0.0.0.0:0}
2022-07-30 01:52:34,976 [Listener at 127.0.0.1/42455] INFO  server.session (HouseKeeper.java:stopScavenging(149)) - node0 Stopped scavenging
2022-07-30 01:52:34,976 [Listener at 127.0.0.1/42455] INFO  handler.ContextHandler (ContextHandler.java:doStop(1153)) - Stopped o.e.j.s.ServletContextHandler@4e38994c{static,/static,file:///home/runner/work/ozone/ozone/hadoop-ozone/integration-test/target/test-classes/webapps/static,STOPPED}
2022-07-30 01:52:34,976 [Listener at 127.0.0.1/42455] INFO  handler.ContextHandler (ContextHandler.java:doStop(1153)) - Stopped o.e.j.s.ServletContextHandler@7cfa515{logs,/logs,file:///home/runner/work/ozone/ozone/hadoop-ozone/integration-test/target/log,STOPPED}
2022-07-30 01:52:34,977 [Listener at 127.0.0.1/42455] INFO  server.StorageContainerManager (StorageContainerManager.java:stop(1613)) - Stopping Block Manager Service.
2022-07-30 01:52:34,977 [Listener at 127.0.0.1/42455] INFO  utils.BackgroundService (BackgroundService.java:shutdown(141)) - Shutting down service SCMBlockDeletingService
2022-07-30 01:52:34,978 [Listener at 127.0.0.1/42455] INFO  utils.BackgroundService (BackgroundService.java:shutdown(141)) - Shutting down service SCMBlockDeletingService
2022-07-30 01:52:34,978 [Listener at 127.0.0.1/42455] INFO  server.StorageContainerManager (StorageContainerManager.java:stop(1640)) - Stopping SCM Event Queue.
2022-07-30 01:52:34,981 [Listener at 127.0.0.1/42455] INFO  server.StorageContainerManager (StorageContainerManager.java:stop(1651)) - Stopping SCM HA services.
2022-07-30 01:52:34,981 [Listener at 127.0.0.1/42455] INFO  pipeline.BackgroundPipelineCreator (BackgroundPipelineCreator.java:stop(149)) - Stopping RatisPipelineUtilsThread.
2022-07-30 01:52:34,981 [RatisPipelineUtilsThread - 0] WARN  pipeline.BackgroundPipelineCreator (BackgroundPipelineCreator.java:run(180)) - RatisPipelineUtilsThread is interrupted.
2022-07-30 01:52:34,982 [Listener at 127.0.0.1/42455] INFO  BackgroundPipelineScrubber (BackgroundSCMService.java:stop(126)) - Stopping BackgroundPipelineScrubber Service.
2022-07-30 01:52:34,983 [Listener at 127.0.0.1/42455] INFO  server.StorageContainerManager (StorageContainerManager.java:stop(1661)) - Stopping SCM MetadataStore.
2022-07-30 01:52:34,983 [BackgroundPipelineScrubberThread] WARN  BackgroundPipelineScrubber (BackgroundSCMService.java:run(110)) - BackgroundPipelineScrubber is interrupted, exit
2022-07-30 01:52:34,986 [Listener at 127.0.0.1/42455] INFO  impl.MetricsSystemImpl (MetricsSystemImpl.java:stop(210)) - Stopping HddsDatanode metrics system...
2022-07-30 01:52:35,014 [prometheus] INFO  impl.MetricsSinkAdapter (MetricsSinkAdapter.java:publishMetricsFromQueue(141)) - prometheus thread interrupted.
2022-07-30 01:52:35,019 [Listener at 127.0.0.1/42455] INFO  impl.MetricsSystemImpl (MetricsSystemImpl.java:stop(216)) - HddsDatanode metrics system stopped.
2022-07-30 01:52:35,351 [Listener at 127.0.0.1/42455] WARN  server.ServerUtils (ServerUtils.java:getScmDbDir(148)) - ozone.scm.db.dirs is not configured. We recommend adding this setting. Falling back to ozone.metadata.dirs instead.
2022-07-30 01:52:35,356 [Listener at 127.0.0.1/42455] WARN  server.ServerUtils (ServerUtils.java:getScmDbDir(148)) - ozone.scm.db.dirs is not configured. We recommend adding this setting. Falling back to ozone.metadata.dirs instead.
2022-07-30 01:52:35,356 [Listener at 127.0.0.1/42455] INFO  ha.SCMHANodeDetails (SCMHANodeDetails.java:loadSCMHAConfig(209)) - ServiceID for StorageContainerManager is null
2022-07-30 01:52:35,356 [Listener at 127.0.0.1/42455] INFO  ha.SCMHANodeDetails (SCMHANodeDetails.java:loadSCMHAConfig(214)) - ozone.scm.default.service.id is not defined, falling back to ozone.scm.service.ids to find serviceID for StorageContainerManager if it is HA enabled cluster
2022-07-30 01:52:35,356 [Listener at 127.0.0.1/42455] WARN  utils.HAUtils (HAUtils.java:getMetaDir(342)) - ozone.scm.db.dirs is not configured. We recommend adding this setting. Falling back to ozone.metadata.dirs instead.
2022-07-30 01:52:35,357 [Listener at 127.0.0.1/42455] WARN  db.DBStoreBuilder (DBStoreBuilder.java:applyDBDefinition(145)) - ozone.scm.db.dirs is not configured. We recommend adding this setting. Falling back to ozone.metadata.dirs instead.
2022-07-30 01:52:35,695 [Listener at 127.0.0.1/42455] INFO  net.NodeSchemaLoader (NodeSchemaLoader.java:loadSchemaFromFile(129)) - Loading schema from [jar:file:/home/runner/.m2/repository/org/apache/ozone/hdds-common/1.3.0-SNAPSHOT/hdds-common-1.3.0-SNAPSHOT.jar!/network-topology-default.xml]
2022-07-30 01:52:35,702 [Listener at 127.0.0.1/42455] INFO  net.NodeSchemaLoader (NodeSchemaLoader.java:loadSchema(176)) - Loading network topology layer schema file
2022-07-30 01:52:35,707 [Listener at 127.0.0.1/42455] WARN  impl.MetricRegistriesImpl (MetricRegistriesImpl.java:addReporterRegistration(111)) - New reporters are added after registries were created. Some metrics will be missing from the reporter. Please add reporter before adding any new registry.
2022-07-30 01:52:35,707 [Listener at 127.0.0.1/42455] WARN  impl.MetricRegistriesImpl (MetricRegistriesImpl.java:addReporterRegistration(111)) - New reporters are added after registries were created. Some metrics will be missing from the reporter. Please add reporter before adding any new registry.
2022-07-30 01:52:35,707 [Listener at 127.0.0.1/42455] INFO  upgrade.AbstractLayoutVersionManager (AbstractLayoutVersionManager.java:init(83)) - Initializing Layout version manager with metadata layout = DATANODE_SCHEMA_V3 (version = 4), software layout = DATANODE_SCHEMA_V3 (version = 4)
2022-07-30 01:52:35,784 [Listener at 127.0.0.1/42455] INFO  reflections.Reflections (Reflections.java:scan(232)) - Reflections took 76 ms to scan 7 urls, producing 132 keys and 321 values 
2022-07-30 01:52:35,792 [Listener at 127.0.0.1/42455] INFO  ha.SequenceIdGenerator (SequenceIdGenerator.java:upgradeToSequenceId(349)) - upgrade localId to 109611004723200000
2022-07-30 01:52:35,792 [Listener at 127.0.0.1/42455] INFO  ha.SequenceIdGenerator (SequenceIdGenerator.java:upgradeToSequenceId(359)) - upgrade delTxnId to 0
2022-07-30 01:52:35,792 [Listener at 127.0.0.1/42455] INFO  ha.SequenceIdGenerator (SequenceIdGenerator.java:upgradeToSequenceId(376)) - upgrade containerId to 0
2022-07-30 01:52:35,792 [Listener at 127.0.0.1/42455] INFO  ha.SequenceIdGenerator (SequenceIdGenerator.java:<init>(220)) - Init the HA SequenceIdGenerator.
2022-07-30 01:52:35,792 [Listener at 127.0.0.1/42455] WARN  server.ServerUtils (ServerUtils.java:sanitizeUserArgs(73)) - ozone.scm.stale.node.interval value = 300000 is larger than max = 100000 based on the key value of ozone.scm.heartbeat.thread.interval, reset to the max value 100000.
2022-07-30 01:52:35,792 [Listener at 127.0.0.1/42455] WARN  server.ServerUtils (ServerUtils.java:sanitizeUserArgs(73)) - ozone.scm.stale.node.interval value = 300000 is larger than max = 100000 based on the key value of ozone.scm.heartbeat.thread.interval, reset to the max value 100000.
2022-07-30 01:52:35,800 [Listener at 127.0.0.1/42455] INFO  node.SCMNodeManager (SCMNodeManager.java:<init>(149)) - Entering startup safe mode.
2022-07-30 01:52:35,800 [Listener at 127.0.0.1/42455] INFO  algorithms.ContainerPlacementPolicyFactory (ContainerPlacementPolicyFactory.java:getPolicyInternal(86)) - Create container placement policy of type org.apache.hadoop.hdds.scm.container.placement.algorithms.SCMContainerPlacementRandom
2022-07-30 01:52:35,800 [Listener at 127.0.0.1/42455] INFO  algorithms.ContainerPlacementPolicyFactory (ContainerPlacementPolicyFactory.java:getPolicyInternal(86)) - Create container placement policy of type org.apache.hadoop.hdds.scm.container.placement.algorithms.SCMContainerPlacementRackScatter
2022-07-30 01:52:35,801 [Listener at 127.0.0.1/42455] INFO  pipeline.PipelineStateManagerImpl (PipelineStateManagerImpl.java:initialize(78)) - No pipeline exists in current db
2022-07-30 01:52:35,801 [Listener at 127.0.0.1/42455] INFO  algorithms.LeaderChoosePolicyFactory (LeaderChoosePolicyFactory.java:getPolicy(57)) - Create leader choose policy of type org.apache.hadoop.hdds.scm.pipeline.leader.choose.algorithms.MinLeaderCountChoosePolicy
2022-07-30 01:52:35,801 [Listener at 127.0.0.1/42455] INFO  algorithms.ContainerPlacementPolicyFactory (ContainerPlacementPolicyFactory.java:getPolicyInternal(86)) - Create container placement policy of type org.apache.hadoop.hdds.scm.container.placement.algorithms.SCMContainerPlacementRackScatter
2022-07-30 01:52:35,801 [Listener at 127.0.0.1/42455] INFO  ha.SCMServiceManager (SCMServiceManager.java:register(42)) - Registering service BackgroundPipelineCreator.
2022-07-30 01:52:35,801 [Listener at 127.0.0.1/42455] INFO  pipeline.BackgroundPipelineCreator (BackgroundPipelineCreator.java:start(124)) - Starting RatisPipelineUtilsThread.
2022-07-30 01:52:35,802 [Listener at 127.0.0.1/42455] INFO  BackgroundPipelineScrubber (BackgroundSCMService.java:start(68)) - Starting BackgroundPipelineScrubber Service.
2022-07-30 01:52:35,802 [Listener at 127.0.0.1/42455] INFO  ha.SCMServiceManager (SCMServiceManager.java:register(42)) - Registering service BackgroundPipelineScrubber.
2022-07-30 01:52:35,802 [Listener at 127.0.0.1/42455] INFO  ExpiredContainerReplicaOpScrubber (BackgroundSCMService.java:start(68)) - Starting ExpiredContainerReplicaOpScrubber Service.
2022-07-30 01:52:35,802 [Listener at 127.0.0.1/42455] INFO  ha.SCMServiceManager (SCMServiceManager.java:register(42)) - Registering service ExpiredContainerReplicaOpScrubber.
2022-07-30 01:52:35,803 [Listener at 127.0.0.1/42455] INFO  algorithms.PipelineChoosePolicyFactory (PipelineChoosePolicyFactory.java:createPipelineChoosePolicyFromClass(73)) - Create pipeline choose policy of type org.apache.hadoop.hdds.scm.pipeline.choose.algorithms.RandomPipelineChoosePolicy
2022-07-30 01:52:35,803 [Listener at 127.0.0.1/42455] INFO  ha.SCMServiceManager (SCMServiceManager.java:register(42)) - Registering service SCMBlockDeletingService.
2022-07-30 01:52:35,819 [Listener at 127.0.0.1/42455] INFO  replication.ReplicationManager (ReplicationManager.java:start(200)) - Starting Replication Monitor Thread.
2022-07-30 01:52:35,821 [Listener at 127.0.0.1/42455] INFO  UnderReplicatedQueueThread (BackgroundSCMService.java:start(68)) - Starting UnderReplicatedQueueThread Service.
2022-07-30 01:52:35,822 [Listener at 127.0.0.1/42455] INFO  ha.SCMServiceManager (SCMServiceManager.java:register(42)) - Registering service UnderReplicatedQueueThread.
2022-07-30 01:52:35,822 [Listener at 127.0.0.1/42455] INFO  OverReplicatedQueueThread (BackgroundSCMService.java:start(68)) - Starting OverReplicatedQueueThread Service.
2022-07-30 01:52:35,824 [Listener at 127.0.0.1/42455] INFO  ha.SCMServiceManager (SCMServiceManager.java:register(42)) - Registering service OverReplicatedQueueThread.
2022-07-30 01:52:35,824 [Listener at 127.0.0.1/42455] INFO  ha.SCMServiceManager (SCMServiceManager.java:register(42)) - Registering service ReplicationManager.
2022-07-30 01:52:35,824 [Listener at 127.0.0.1/42455] INFO  safemode.ContainerSafeModeRule (ContainerSafeModeRule.java:<init>(89)) - containers with one replica threshold count 0
2022-07-30 01:52:35,824 [Listener at 127.0.0.1/42455] INFO  safemode.HealthyPipelineSafeModeRule (HealthyPipelineSafeModeRule.java:initializeRule(169)) - Total pipeline count is 0, healthy pipeline threshold count is 1
2022-07-30 01:52:35,824 [Listener at 127.0.0.1/42455] INFO  safemode.OneReplicaPipelineSafeModeRule (OneReplicaPipelineSafeModeRule.java:initializeRule(180)) - Total pipeline count is 0, pipeline's with at least one datanode reported threshold count is 0
2022-07-30 01:52:35,826 [Listener at 127.0.0.1/42455] INFO  ipc.CallQueueManager (CallQueueManager.java:<init>(90)) - Using callQueue: class java.util.concurrent.LinkedBlockingQueue, queueCapacity: 2000, scheduler: class org.apache.hadoop.ipc.DefaultRpcScheduler, ipcBackoff: false.
2022-07-30 01:52:35,844 [Socket Reader #1 for port 0] INFO  ipc.Server (Server.java:run(1265)) - Starting Socket Reader #1 for port 0
2022-07-30 01:52:35,850 [Listener at 0.0.0.0/46277] INFO  ipc.CallQueueManager (CallQueueManager.java:<init>(90)) - Using callQueue: class java.util.concurrent.LinkedBlockingQueue, queueCapacity: 2000, scheduler: class org.apache.hadoop.ipc.DefaultRpcScheduler, ipcBackoff: false.
2022-07-30 01:52:35,854 [Socket Reader #1 for port 0] INFO  ipc.Server (Server.java:run(1265)) - Starting Socket Reader #1 for port 0
2022-07-30 01:52:35,856 [Listener at 0.0.0.0/46839] INFO  ipc.CallQueueManager (CallQueueManager.java:<init>(90)) - Using callQueue: class java.util.concurrent.LinkedBlockingQueue, queueCapacity: 2000, scheduler: class org.apache.hadoop.ipc.DefaultRpcScheduler, ipcBackoff: false.
2022-07-30 01:52:35,859 [Socket Reader #1 for port 0] INFO  ipc.Server (Server.java:run(1265)) - Starting Socket Reader #1 for port 0
2022-07-30 01:52:35,864 [ReplicationMonitor] INFO  replication.ReplicationManager (ReplicationManager.java:processAll(249)) - Replication Manager is not ready to run until 3000ms after safemode exit
2022-07-30 01:52:35,933 [Listener at 0.0.0.0/33957] INFO  ha.SCMServiceManager (SCMServiceManager.java:register(42)) - Registering service ContainerBalancer.
2022-07-30 01:52:35,933 [Listener at 0.0.0.0/33957] INFO  server.StorageContainerManager (StorageContainerManager.java:<init>(406)) - 
Container Balancer status:
Key                            Value
Running                        false
Container Balancer Configuration values:
Key                                                Value
Threshold                                          10
Max Datanodes to Involve per Iteration(percent)    20
Max Size to Move per Iteration                     500GB
Max Size Entering Target per Iteration             26GB
Max Size Leaving Source per Iteration              26GB

2022-07-30 01:52:35,934 [Listener at 0.0.0.0/33957] WARN  events.EventQueue (EventQueue.java:fireEvent(216)) - No event handler registered for event TypedEvent{payloadType=SafeModeStatus, name='Safe mode status'}
2022-07-30 01:52:35,934 [Listener at 0.0.0.0/33957] INFO  ha.SCMContext (SCMContext.java:updateSafeModeStatus(228)) - Update SafeModeStatus from SafeModeStatus{safeModeStatus=true, preCheckPassed=false} to SafeModeStatus{safeModeStatus=true, preCheckPassed=false}.
2022-07-30 01:52:35,934 [Listener at 0.0.0.0/33957] INFO  server.StorageContainerManager (StorageContainerManager.java:start(1460)) - StorageContainerLocationProtocol RPC server is listening at /0.0.0.0:33957
2022-07-30 01:52:35,935 [Listener at 0.0.0.0/33957] WARN  impl.MetricsConfig (MetricsConfig.java:loadFirst(136)) - Cannot locate configuration: tried hadoop-metrics2-storagecontainermanager.properties,hadoop-metrics2.properties
2022-07-30 01:52:35,936 [Listener at 0.0.0.0/33957] INFO  impl.MetricsSystemImpl (MetricsSystemImpl.java:startTimer(378)) - Scheduled Metric snapshot period at 10 second(s).
2022-07-30 01:52:35,936 [Listener at 0.0.0.0/33957] INFO  impl.MetricsSystemImpl (MetricsSystemImpl.java:start(191)) - StorageContainerManager metrics system started
2022-07-30 01:52:36,039 [Listener at 0.0.0.0/33957] INFO  impl.MetricsSinkAdapter (MetricsSinkAdapter.java:start(204)) - Sink prometheus started
2022-07-30 01:52:36,039 [Listener at 0.0.0.0/33957] INFO  impl.MetricsSystemImpl (MetricsSystemImpl.java:registerSink(305)) - Registered sink prometheus
2022-07-30 01:52:36,165 [Listener at 0.0.0.0/33957] INFO  server.SCMClientProtocolServer (SCMClientProtocolServer.java:start(170)) - RPC server for Client  is listening at /0.0.0.0:33957
2022-07-30 01:52:36,165 [IPC Server Responder] INFO  ipc.Server (Server.java:run(1507)) - IPC Server Responder: starting
2022-07-30 01:52:36,165 [IPC Server listener on 0] INFO  ipc.Server (Server.java:run(1344)) - IPC Server listener on 0: starting
2022-07-30 01:52:36,167 [Listener at 0.0.0.0/33957] INFO  server.StorageContainerManager (StorageContainerManager.java:start(1475)) - ScmBlockLocationProtocol RPC server is listening at /0.0.0.0:46839
2022-07-30 01:52:36,168 [Listener at 0.0.0.0/33957] INFO  server.SCMBlockProtocolServer (SCMBlockProtocolServer.java:start(152)) - RPC server for Block Protocol is listening at /0.0.0.0:46839
2022-07-30 01:52:36,169 [IPC Server Responder] INFO  ipc.Server (Server.java:run(1507)) - IPC Server Responder: starting
2022-07-30 01:52:36,169 [IPC Server listener on 0] INFO  ipc.Server (Server.java:run(1344)) - IPC Server listener on 0: starting
2022-07-30 01:52:36,174 [Listener at 0.0.0.0/33957] INFO  server.SCMDatanodeProtocolServer (SCMDatanodeProtocolServer.java:start(186)) - ScmDatanodeProtocol RPC server for DataNodes is listening at /0.0.0.0:46277
2022-07-30 01:52:36,174 [IPC Server Responder] INFO  ipc.Server (Server.java:run(1507)) - IPC Server Responder: starting
2022-07-30 01:52:36,174 [IPC Server listener on 0] INFO  ipc.Server (Server.java:run(1344)) - IPC Server listener on 0: starting
2022-07-30 01:52:36,175 [UnderReplicatedQueueThreadThread] INFO  replication.UnderReplicatedProcessor (UnderReplicatedProcessor.java:processAll(85)) - Processed 0 under replicated containers, failed processing 0
2022-07-30 01:52:36,178 [org.apache.hadoop.util.JvmPauseMonitor$Monitor@3f8e4419] INFO  util.JvmPauseMonitor (JvmPauseMonitor.java:run(188)) - Starting JVM pause monitor
2022-07-30 01:52:36,180 [OverReplicatedQueueThreadThread] INFO  replication.OverReplicatedProcessor (OverReplicatedProcessor.java:processAll(83)) - Processed 0 over replicated containers, failed processing 0
2022-07-30 01:52:36,193 [Listener at 0.0.0.0/33957] INFO  http.BaseHttpServer (BaseHttpServer.java:newHttpServer2BuilderForOzone(209)) - Starting Web-server for scm at: http://0.0.0.0:0
2022-07-30 01:52:36,193 [Listener at 0.0.0.0/33957] INFO  http.BaseHttpServer (BaseHttpServer.java:<init>(107)) - Hadoop Security Enabled: false Ozone Security Enabled: false Ozone HTTP Security Enabled: false 
2022-07-30 01:52:36,194 [Listener at 0.0.0.0/33957] INFO  server.AuthenticationFilter (AuthenticationFilter.java:constructSecretProvider(240)) - Unable to initialize FileSignerSecretProvider, falling back to use random secrets.
2022-07-30 01:52:36,198 [Listener at 0.0.0.0/33957] WARN  http.HttpRequestLog (HttpRequestLog.java:getRequestLog(103)) - Jetty request log can only be enabled using Log4j
2022-07-30 01:52:36,199 [Listener at 0.0.0.0/33957] INFO  http.HttpServer2 (HttpServer2.java:addGlobalFilter(1029)) - Added global filter 'safety' (class=org.apache.hadoop.hdds.server.http.HttpServer2$QuotingInputFilter)
2022-07-30 01:52:36,200 [Listener at 0.0.0.0/33957] INFO  http.HttpServer2 (HttpServer2.java:addFilter(1005)) - Added filter static_user_filter (class=org.apache.hadoop.http.lib.StaticUserWebFilter$StaticUserFilter) to context scm
2022-07-30 01:52:36,200 [Listener at 0.0.0.0/33957] INFO  http.HttpServer2 (HttpServer2.java:addFilter(1013)) - Added filter static_user_filter (class=org.apache.hadoop.http.lib.StaticUserWebFilter$StaticUserFilter) to context static
2022-07-30 01:52:36,200 [Listener at 0.0.0.0/33957] INFO  http.HttpServer2 (HttpServer2.java:addFilter(1013)) - Added filter static_user_filter (class=org.apache.hadoop.http.lib.StaticUserWebFilter$StaticUserFilter) to context logs
2022-07-30 01:52:36,202 [Listener at 0.0.0.0/33957] INFO  http.HttpServer2 (HttpServer2.java:bindListener(1248)) - Jetty bound to port 33829
2022-07-30 01:52:36,202 [Listener at 0.0.0.0/33957] INFO  server.Server (Server.java:doStart(375)) - jetty-9.4.43.v20210629; built: 2021-06-30T11:07:22.254Z; git: 526006ecfa3af7f1a27ef3a288e2bef7ea9dd7e8; jvm 1.8.0_332-b09
2022-07-30 01:52:36,203 [Listener at 0.0.0.0/33957] INFO  server.session (DefaultSessionIdManager.java:doStart(334)) - DefaultSessionIdManager workerName=node0
2022-07-30 01:52:36,204 [Listener at 0.0.0.0/33957] INFO  server.session (DefaultSessionIdManager.java:doStart(339)) - No SessionScavenger set, using defaults
2022-07-30 01:52:36,204 [Listener at 0.0.0.0/33957] INFO  server.session (HouseKeeper.java:startScavenging(132)) - node0 Scavenging every 660000ms
2022-07-30 01:52:36,205 [Listener at 0.0.0.0/33957] INFO  handler.ContextHandler (ContextHandler.java:doStart(915)) - Started o.e.j.s.ServletContextHandler@70436059{logs,/logs,file:///home/runner/work/ozone/ozone/hadoop-ozone/integration-test/target/log,AVAILABLE}
2022-07-30 01:52:36,205 [Listener at 0.0.0.0/33957] INFO  handler.ContextHandler (ContextHandler.java:doStart(915)) - Started o.e.j.s.ServletContextHandler@3e6f5d18{static,/static,file:///home/runner/work/ozone/ozone/hadoop-ozone/integration-test/target/test-classes/webapps/static,AVAILABLE}
2022-07-30 01:52:36,227 [Listener at 0.0.0.0/33957] INFO  handler.ContextHandler (ContextHandler.java:doStart(915)) - Started o.e.j.w.WebAppContext@2d4614f4{scm,/,file:///home/runner/work/ozone/ozone/hadoop-ozone/integration-test/target/test-classes/webapps/scm/,AVAILABLE}{file:/home/runner/work/ozone/ozone/hadoop-ozone/integration-test/target/test-classes/webapps/scm}
2022-07-30 01:52:36,271 [Listener at 0.0.0.0/33957] INFO  server.AbstractConnector (AbstractConnector.java:doStart(331)) - Started ServerConnector@5549c878{HTTP/1.1, (http/1.1)}{0.0.0.0:33829}
2022-07-30 01:52:36,271 [Listener at 0.0.0.0/33957] INFO  server.Server (Server.java:doStart(415)) - Started @325649ms
2022-07-30 01:52:36,271 [Listener at 0.0.0.0/33957] WARN  impl.MetricsSystemImpl (MetricsSystemImpl.java:register(279)) - Sink prometheus already exists!
2022-07-30 01:52:36,272 [Listener at 0.0.0.0/33957] INFO  http.BaseHttpServer (BaseHttpServer.java:updateConnectorAddress(329)) - HTTP server of scm listening at http://0.0.0.0:33829
2022-07-30 01:52:36,272 [Listener at 0.0.0.0/33957] WARN  server.ServerUtils (ServerUtils.java:getDBPath(225)) - ozone.om.db.dirs is not configured. We recommend adding this setting. Falling back to ozone.metadata.dirs instead.
2022-07-30 01:52:36,281 [Listener at 0.0.0.0/33957] INFO  ha.OMHANodeDetails (OMHANodeDetails.java:loadOMHAConfig(115)) - ozone.om.internal.service.id is not defined, falling back to ozone.om.service.ids to find serviceID for OzoneManager if it is HA enabled cluster
2022-07-30 01:52:36,281 [Listener at 0.0.0.0/33957] INFO  ha.OMHANodeDetails (OMHANodeDetails.java:loadOMHAConfig(226)) - Configuration does not have ozone.om.address set. Falling back to the default OM address /127.0.0.1:0
2022-07-30 01:52:36,282 [Listener at 0.0.0.0/33957] INFO  ha.OMHANodeDetails (OMHANodeDetails.java:getOMNodeDetailsForNonHA(254)) - OM Service ID is not set. Setting it to the default ID: omServiceIdDefault
2022-07-30 01:52:36,282 [Listener at 0.0.0.0/33957] INFO  ha.OMHANodeDetails (OMHANodeDetails.java:getOMNodeDetailsForNonHA(261)) - OM Node ID is not set. Setting it to the default ID: om1
2022-07-30 01:52:36,282 [Listener at 0.0.0.0/33957] WARN  server.ServerUtils (ServerUtils.java:getDBPath(225)) - ozone.om.db.dirs is not configured. We recommend adding this setting. Falling back to ozone.metadata.dirs instead.
2022-07-30 01:52:36,282 [Listener at 0.0.0.0/33957] INFO  upgrade.AbstractLayoutVersionManager (AbstractLayoutVersionManager.java:init(83)) - Initializing Layout version manager with metadata layout = MULTITENANCY_SCHEMA (version = 3), software layout = MULTITENANCY_SCHEMA (version = 3)
2022-07-30 01:52:36,617 [Listener at 0.0.0.0/33957] INFO  reflections.Reflections (Reflections.java:scan(232)) - Reflections took 334 ms to scan 2 urls, producing 152 keys and 424 values [using 2 cores]
2022-07-30 01:52:36,618 [Listener at 0.0.0.0/33957] INFO  upgrade.OMLayoutVersionManager (OMLayoutVersionManager.java:lambda$0(115)) - Skipping Upgrade Action MockOmUpgradeAction since it has been finalized.
2022-07-30 01:52:36,618 [Listener at 0.0.0.0/33957] WARN  server.ServerUtils (ServerUtils.java:getDBPath(225)) - ozone.om.db.dirs is not configured. We recommend adding this setting. Falling back to ozone.metadata.dirs instead.
2022-07-30 01:52:36,619 [Listener at 0.0.0.0/33957] INFO  proxy.SCMBlockLocationFailoverProxyProvider (SCMBlockLocationFailoverProxyProvider.java:<init>(114)) - Created block location fail-over proxy with 1 nodes: [nodeId=scmNodeId,nodeAddress=/0.0.0.0:46839]
2022-07-30 01:52:36,619 [Listener at 0.0.0.0/33957] INFO  proxy.SCMBlockLocationFailoverProxyProvider (SCMBlockLocationFailoverProxyProvider.java:<init>(114)) - Created block location fail-over proxy with 1 nodes: [nodeId=scmNodeId,nodeAddress=/0.0.0.0:46839]
2022-07-30 01:52:36,637 [Listener at 0.0.0.0/33957] WARN  server.ServerUtils (ServerUtils.java:getDBPath(225)) - ozone.om.db.dirs is not configured. We recommend adding this setting. Falling back to ozone.metadata.dirs instead.
2022-07-30 01:52:36,666 [Listener at 0.0.0.0/33957] INFO  codec.OmKeyInfoCodec (OmKeyInfoCodec.java:<init>(49)) - OmKeyInfoCodec ignorePipeline = true
2022-07-30 01:52:36,666 [Listener at 0.0.0.0/33957] INFO  codec.RepeatedOmKeyInfoCodec (RepeatedOmKeyInfoCodec.java:<init>(41)) - RepeatedOmKeyInfoCodec ignorePipeline = true
2022-07-30 01:52:37,222 [Listener at 0.0.0.0/33957] INFO  om.OzoneManager (OzoneManager.java:instantiateServices(696)) - S3 Multi-Tenancy is disabled
2022-07-30 01:52:37,300 [Listener at 0.0.0.0/33957] INFO  om.OzoneManager (OzoneManager.java:addS3GVolumeToDB(4307)) - Created Volume s3v With Owner runner required for S3Gateway operations.
2022-07-30 01:52:37,301 [Listener at 0.0.0.0/33957] INFO  om.OzoneManager (OzoneManager.java:getRpcServer(1085)) - Creating RPC Server
2022-07-30 01:52:38,254 [Listener at 0.0.0.0/33957] INFO  reflections.Reflections (Reflections.java:scan(232)) - Reflections took 946 ms to scan 19 urls, producing 67 keys and 4138 values [using 2 cores]
2022-07-30 01:52:38,255 [Listener at 0.0.0.0/33957] INFO  ipc.CallQueueManager (CallQueueManager.java:<init>(90)) - Using callQueue: class java.util.concurrent.LinkedBlockingQueue, queueCapacity: 2000, scheduler: class org.apache.hadoop.ipc.DefaultRpcScheduler, ipcBackoff: false.
2022-07-30 01:52:38,260 [Socket Reader #1 for port 0] INFO  ipc.Server (Server.java:run(1265)) - Starting Socket Reader #1 for port 0
2022-07-30 01:52:38,375 [Listener at 127.0.0.1/40433] INFO  impl.MetricsSystemImpl (MetricsSystemImpl.java:init(158)) - OzoneManager metrics system started (again)
2022-07-30 01:52:38,402 [Listener at 127.0.0.1/40433] INFO  om.OzoneManager (OzoneManager.java:start(1469)) - OzoneManager RPC server is listening at localhost/127.0.0.1:40433
2022-07-30 01:52:38,403 [Listener at 127.0.0.1/40433] INFO  om.OzoneManager (OzoneManager.java:start(1485)) - Version File has different layout version (3) than OM DB (null). That is expected if this OM has never been finalized to a newer layout version.
2022-07-30 01:52:38,414 [Listener at 127.0.0.1/40433] INFO  http.BaseHttpServer (BaseHttpServer.java:newHttpServer2BuilderForOzone(209)) - Starting Web-server for ozoneManager at: http://0.0.0.0:0
2022-07-30 01:52:38,414 [Listener at 127.0.0.1/40433] INFO  http.BaseHttpServer (BaseHttpServer.java:<init>(107)) - Hadoop Security Enabled: false Ozone Security Enabled: false Ozone HTTP Security Enabled: false 
2022-07-30 01:52:38,415 [Listener at 127.0.0.1/40433] INFO  server.AuthenticationFilter (AuthenticationFilter.java:constructSecretProvider(240)) - Unable to initialize FileSignerSecretProvider, falling back to use random secrets.
2022-07-30 01:52:38,421 [Listener at 127.0.0.1/40433] WARN  http.HttpRequestLog (HttpRequestLog.java:getRequestLog(103)) - Jetty request log can only be enabled using Log4j
2022-07-30 01:52:38,422 [Listener at 127.0.0.1/40433] INFO  http.HttpServer2 (HttpServer2.java:addGlobalFilter(1029)) - Added global filter 'safety' (class=org.apache.hadoop.hdds.server.http.HttpServer2$QuotingInputFilter)
2022-07-30 01:52:38,422 [Listener at 127.0.0.1/40433] INFO  http.HttpServer2 (HttpServer2.java:addFilter(1005)) - Added filter static_user_filter (class=org.apache.hadoop.http.lib.StaticUserWebFilter$StaticUserFilter) to context ozoneManager
2022-07-30 01:52:38,423 [Listener at 127.0.0.1/40433] INFO  http.HttpServer2 (HttpServer2.java:addFilter(1013)) - Added filter static_user_filter (class=org.apache.hadoop.http.lib.StaticUserWebFilter$StaticUserFilter) to context static
2022-07-30 01:52:38,423 [Listener at 127.0.0.1/40433] INFO  http.HttpServer2 (HttpServer2.java:addFilter(1013)) - Added filter static_user_filter (class=org.apache.hadoop.http.lib.StaticUserWebFilter$StaticUserFilter) to context logs
2022-07-30 01:52:38,423 [Listener at 127.0.0.1/40433] INFO  http.HttpServer2 (HttpServer2.java:bindListener(1248)) - Jetty bound to port 45079
2022-07-30 01:52:38,423 [Listener at 127.0.0.1/40433] INFO  server.Server (Server.java:doStart(375)) - jetty-9.4.43.v20210629; built: 2021-06-30T11:07:22.254Z; git: 526006ecfa3af7f1a27ef3a288e2bef7ea9dd7e8; jvm 1.8.0_332-b09
2022-07-30 01:52:38,437 [Listener at 127.0.0.1/40433] INFO  server.session (DefaultSessionIdManager.java:doStart(334)) - DefaultSessionIdManager workerName=node0
2022-07-30 01:52:38,437 [Listener at 127.0.0.1/40433] INFO  server.session (DefaultSessionIdManager.java:doStart(339)) - No SessionScavenger set, using defaults
2022-07-30 01:52:38,438 [Listener at 127.0.0.1/40433] INFO  server.session (HouseKeeper.java:startScavenging(132)) - node0 Scavenging every 660000ms
2022-07-30 01:52:38,438 [Listener at 127.0.0.1/40433] INFO  handler.ContextHandler (ContextHandler.java:doStart(915)) - Started o.e.j.s.ServletContextHandler@29458e18{logs,/logs,file:///home/runner/work/ozone/ozone/hadoop-ozone/integration-test/target/log,AVAILABLE}
2022-07-30 01:52:38,439 [Listener at 127.0.0.1/40433] INFO  handler.ContextHandler (ContextHandler.java:doStart(915)) - Started o.e.j.s.ServletContextHandler@3ada8d96{static,/static,file:///home/runner/work/ozone/ozone/hadoop-ozone/integration-test/target/test-classes/webapps/static,AVAILABLE}
2022-07-30 01:52:38,442 [Listener at 127.0.0.1/40433] INFO  handler.ContextHandler (ContextHandler.java:doStart(915)) - Started o.e.j.w.WebAppContext@5cfb0061{ozoneManager,/,file:///home/runner/work/ozone/ozone/hadoop-ozone/integration-test/target/test-classes/webapps/ozoneManager/,AVAILABLE}{file:/home/runner/work/ozone/ozone/hadoop-ozone/integration-test/target/test-classes/webapps/ozoneManager}
2022-07-30 01:52:38,463 [Listener at 127.0.0.1/40433] INFO  server.AbstractConnector (AbstractConnector.java:doStart(331)) - Started ServerConnector@5c87b3f{HTTP/1.1, (http/1.1)}{0.0.0.0:45079}
2022-07-30 01:52:38,464 [Listener at 127.0.0.1/40433] INFO  server.Server (Server.java:doStart(415)) - Started @327842ms
2022-07-30 01:52:38,464 [Listener at 127.0.0.1/40433] WARN  impl.MetricsSystemImpl (MetricsSystemImpl.java:register(279)) - Sink prometheus already exists!
2022-07-30 01:52:38,481 [Listener at 127.0.0.1/40433] INFO  http.BaseHttpServer (BaseHttpServer.java:updateConnectorAddress(329)) - HTTP server of ozoneManager listening at http://0.0.0.0:45079
2022-07-30 01:52:38,491 [IPC Server Responder] INFO  ipc.Server (Server.java:run(1507)) - IPC Server Responder: starting
2022-07-30 01:52:38,491 [IPC Server listener on 0] INFO  ipc.Server (Server.java:run(1344)) - IPC Server listener on 0: starting
2022-07-30 01:52:38,516 [Listener at 127.0.0.1/40433] INFO  om.TrashPolicyOzone (TrashPolicyOzone.java:<init>(178)) - Ozone Manager trash configuration: Deletion interval = 0 minutes, Emptier interval = 0 minutes.
2022-07-30 01:52:38,564 [org.apache.hadoop.util.JvmPauseMonitor$Monitor@6d4f102f] INFO  util.JvmPauseMonitor (JvmPauseMonitor.java:run(188)) - Starting JVM pause monitor
2022-07-30 01:52:38,573 [Listener at 127.0.0.1/40433] WARN  impl.MetricRegistriesImpl (MetricRegistriesImpl.java:addReporterRegistration(111)) - New reporters are added after registries were created. Some metrics will be missing from the reporter. Please add reporter before adding any new registry.
2022-07-30 01:52:38,573 [Listener at 127.0.0.1/40433] WARN  impl.MetricRegistriesImpl (MetricRegistriesImpl.java:addReporterRegistration(111)) - New reporters are added after registries were created. Some metrics will be missing from the reporter. Please add reporter before adding any new registry.
2022-07-30 01:52:38,573 [Listener at 127.0.0.1/40433] INFO  impl.MetricsSystemImpl (MetricsSystemImpl.java:init(158)) - HddsDatanode metrics system started (again)
2022-07-30 01:52:38,586 [Listener at 127.0.0.1/40433] INFO  ozone.HddsDatanodeService (HddsDatanodeService.java:start(236)) - HddsDatanodeService host:fv-az297-62.nmf1rxwemy4u5di1sxxf4ejcwb.jx.internal.cloudapp.net ip:10.1.0.37
2022-07-30 01:52:38,675 [Listener at 127.0.0.1/40433] INFO  upgrade.AbstractLayoutVersionManager (AbstractLayoutVersionManager.java:init(83)) - Initializing Layout version manager with metadata layout = DATANODE_SCHEMA_V3 (version = 4), software layout = DATANODE_SCHEMA_V3 (version = 4)
2022-07-30 01:52:38,782 [Listener at 127.0.0.1/40433] INFO  reflections.Reflections (Reflections.java:scan(232)) - Reflections took 106 ms to scan 7 urls, producing 132 keys and 321 values 
2022-07-30 01:52:38,799 [Listener at 127.0.0.1/40433] INFO  statemachine.DatanodeStateMachine (DatanodeStateMachine.java:getEndPointTaskThreadPoolSize(237)) - Datanode State Machine Task Thread Pool size 2
2022-07-30 01:52:38,806 [Listener at 127.0.0.1/40433] INFO  volume.HddsVolume (HddsVolume.java:<init>(116)) - Creating HddsVolume: /home/runner/work/ozone/ozone/hadoop-ozone/integration-test/target/test-dir/MiniOzoneClusterImpl-bc8b033d-3bc2-4820-b618-97820f252933/datanode-0/data-0/containers/hdds of storage type : DISK capacity : 9223372036854775807
2022-07-30 01:52:38,806 [Listener at 127.0.0.1/40433] INFO  volume.MutableVolumeSet (MutableVolumeSet.java:initializeVolumeSet(174)) - Added Volume : /home/runner/work/ozone/ozone/hadoop-ozone/integration-test/target/test-dir/MiniOzoneClusterImpl-bc8b033d-3bc2-4820-b618-97820f252933/datanode-0/data-0/containers/hdds to VolumeSet
2022-07-30 01:52:38,807 [Listener at 127.0.0.1/40433] INFO  volume.ThrottledAsyncChecker (ThrottledAsyncChecker.java:schedule(141)) - Scheduling a check for /home/runner/work/ozone/ozone/hadoop-ozone/integration-test/target/test-dir/MiniOzoneClusterImpl-bc8b033d-3bc2-4820-b618-97820f252933/datanode-0/data-0/containers/hdds
2022-07-30 01:52:38,840 [Listener at 127.0.0.1/40433] INFO  volume.StorageVolumeChecker (StorageVolumeChecker.java:checkAllVolumes(202)) - Scheduled health check for volume /home/runner/work/ozone/ozone/hadoop-ozone/integration-test/target/test-dir/MiniOzoneClusterImpl-bc8b033d-3bc2-4820-b618-97820f252933/datanode-0/data-0/containers/hdds
2022-07-30 01:52:38,865 [Listener at 127.0.0.1/40433] INFO  volume.MutableVolumeSet (MutableVolumeSet.java:initializeVolumeSet(174)) - Added Volume : /home/runner/work/ozone/ozone/hadoop-ozone/integration-test/target/test-dir/MiniOzoneClusterImpl-bc8b033d-3bc2-4820-b618-97820f252933/datanode-0/data/ratis to VolumeSet
2022-07-30 01:52:38,865 [Listener at 127.0.0.1/40433] INFO  volume.ThrottledAsyncChecker (ThrottledAsyncChecker.java:schedule(141)) - Scheduling a check for /home/runner/work/ozone/ozone/hadoop-ozone/integration-test/target/test-dir/MiniOzoneClusterImpl-bc8b033d-3bc2-4820-b618-97820f252933/datanode-0/data/ratis
2022-07-30 01:52:38,865 [Listener at 127.0.0.1/40433] INFO  volume.StorageVolumeChecker (StorageVolumeChecker.java:checkAllVolumes(202)) - Scheduled health check for volume /home/runner/work/ozone/ozone/hadoop-ozone/integration-test/target/test-dir/MiniOzoneClusterImpl-bc8b033d-3bc2-4820-b618-97820f252933/datanode-0/data/ratis
2022-07-30 01:52:38,891 [Thread-2260] INFO  ozoneimpl.ContainerReader (ContainerReader.java:readVolume(175)) - Finish verifying containers on volume /home/runner/work/ozone/ozone/hadoop-ozone/integration-test/target/test-dir/MiniOzoneClusterImpl-bc8b033d-3bc2-4820-b618-97820f252933/datanode-0/data-0/containers/hdds
2022-07-30 01:52:38,891 [Listener at 127.0.0.1/40433] INFO  ozoneimpl.OzoneContainer (OzoneContainer.java:buildContainerSet(299)) - Build ContainerSet costs 0s
2022-07-30 01:52:38,892 [Listener at 127.0.0.1/40433] INFO  server.RaftServer (ConfUtils.java:logGet(46)) - raft.rpc.type = GRPC (default)
2022-07-30 01:52:38,893 [Listener at 127.0.0.1/40433] INFO  grpc.GrpcFactory (GrpcFactory.java:checkPooledByteBufAllocatorUseCacheForAllThreads(48)) - PERFORMANCE WARNING: useCacheForAllThreads is true that may cause Netty to create a lot garbage objects and, as a result, trigger GC.
	It is recommended to disable useCacheForAllThreads by setting -Dorg.apache.ratis.thirdparty.io.netty.allocator.useCacheForAllThreads=false in command line.
2022-07-30 01:52:38,893 [Listener at 127.0.0.1/40433] INFO  grpc.GrpcConfigKeys (ConfUtils.java:logGet(46)) - raft.grpc.admin.port = 0 (custom)
2022-07-30 01:52:38,893 [Listener at 127.0.0.1/40433] INFO  grpc.GrpcConfigKeys (ConfUtils.java:logGet(46)) - raft.grpc.client.port = 0 (custom)
2022-07-30 01:52:38,893 [Listener at 127.0.0.1/40433] INFO  grpc.GrpcConfigKeys (ConfUtils.java:logGet(46)) - raft.grpc.server.port = 0 (default)
2022-07-30 01:52:38,893 [Listener at 127.0.0.1/40433] INFO  server.GrpcService (ConfUtils.java:logGet(46)) - raft.grpc.message.size.max = 32MB (=33554432) (custom)
2022-07-30 01:52:38,893 [Listener at 127.0.0.1/40433] INFO  server.RaftServerConfigKeys (ConfUtils.java:logGet(46)) - raft.server.log.appender.buffer.byte-limit = 33554432 (custom)
2022-07-30 01:52:38,893 [Listener at 127.0.0.1/40433] INFO  server.GrpcService (ConfUtils.java:logGet(46)) - raft.grpc.flow.control.window = 5MB (=5242880) (custom)
2022-07-30 01:52:38,893 [Listener at 127.0.0.1/40433] INFO  server.RaftServerConfigKeys (ConfUtils.java:logGet(46)) - raft.server.rpc.request.timeout = 60s (custom)
2022-07-30 01:52:38,894 [Listener at 127.0.0.1/40433] INFO  grpc.GrpcConfigKeys (ConfUtils.java:logGet(46)) - raft.grpc.server.async.request.thread.pool.cached = true (default)
2022-07-30 01:52:38,894 [Listener at 127.0.0.1/40433] INFO  grpc.GrpcConfigKeys (ConfUtils.java:logGet(46)) - raft.grpc.server.async.request.thread.pool.size = 32 (default)
2022-07-30 01:52:38,895 [Listener at 127.0.0.1/40433] INFO  impl.DataStreamServerImpl (ConfUtils.java:logGet(46)) - raft.datastream.type = DISABLED (default)
2022-07-30 01:52:38,895 [Listener at 127.0.0.1/40433] INFO  server.RaftServerConfigKeys (ConfUtils.java:logGet(46)) - raft.server.threadpool.proxy.cached = true (default)
2022-07-30 01:52:38,895 [Listener at 127.0.0.1/40433] INFO  server.RaftServerConfigKeys (ConfUtils.java:logGet(46)) - raft.server.threadpool.proxy.size = 0 (default)
2022-07-30 01:52:38,903 [Listener at 127.0.0.1/40433] INFO  server.RaftServerConfigKeys (ConfUtils.java:logGet(46)) - raft.server.rpc.slowness.timeout = 300s (custom)
2022-07-30 01:52:38,904 [Listener at 127.0.0.1/40433] INFO  server.RaftServerConfigKeys (ConfUtils.java:logGet(46)) - raft.server.leaderelection.leader.step-down.wait-time = 10s (default)
2022-07-30 01:52:38,904 [Listener at 127.0.0.1/40433] INFO  server.RaftServerConfigKeys (ConfUtils.java:logGet(46)) - raft.server.storage.dir = [/home/runner/work/ozone/ozone/hadoop-ozone/integration-test/target/test-dir/MiniOzoneClusterImpl-bc8b033d-3bc2-4820-b618-97820f252933/datanode-0/data/ratis] (custom)
2022-07-30 01:52:38,907 [Listener at 127.0.0.1/40433] INFO  server.XceiverServerGrpc (XceiverServerGrpc.java:<init>(132)) - GrpcServer channel type EpollServerSocketChannel
2022-07-30 01:52:38,909 [Listener at 127.0.0.1/40433] INFO  http.BaseHttpServer (BaseHttpServer.java:newHttpServer2BuilderForOzone(209)) - Starting Web-server for hddsDatanode at: http://0.0.0.0:0
2022-07-30 01:52:38,909 [Listener at 127.0.0.1/40433] INFO  http.BaseHttpServer (BaseHttpServer.java:<init>(107)) - Hadoop Security Enabled: false Ozone Security Enabled: false Ozone HTTP Security Enabled: false 
2022-07-30 01:52:38,910 [Listener at 127.0.0.1/40433] INFO  server.AuthenticationFilter (AuthenticationFilter.java:constructSecretProvider(240)) - Unable to initialize FileSignerSecretProvider, falling back to use random secrets.
2022-07-30 01:52:38,911 [Listener at 127.0.0.1/40433] WARN  http.HttpRequestLog (HttpRequestLog.java:getRequestLog(103)) - Jetty request log can only be enabled using Log4j
2022-07-30 01:52:38,922 [Listener at 127.0.0.1/40433] INFO  http.HttpServer2 (HttpServer2.java:addGlobalFilter(1029)) - Added global filter 'safety' (class=org.apache.hadoop.hdds.server.http.HttpServer2$QuotingInputFilter)
2022-07-30 01:52:38,922 [Listener at 127.0.0.1/40433] INFO  http.HttpServer2 (HttpServer2.java:addFilter(1005)) - Added filter static_user_filter (class=org.apache.hadoop.http.lib.StaticUserWebFilter$StaticUserFilter) to context hddsDatanode
2022-07-30 01:52:38,922 [Listener at 127.0.0.1/40433] INFO  http.HttpServer2 (HttpServer2.java:addFilter(1013)) - Added filter static_user_filter (class=org.apache.hadoop.http.lib.StaticUserWebFilter$StaticUserFilter) to context logs
2022-07-30 01:52:38,922 [Listener at 127.0.0.1/40433] INFO  http.HttpServer2 (HttpServer2.java:addFilter(1013)) - Added filter static_user_filter (class=org.apache.hadoop.http.lib.StaticUserWebFilter$StaticUserFilter) to context static
2022-07-30 01:52:38,923 [Listener at 127.0.0.1/40433] INFO  http.HttpServer2 (HttpServer2.java:bindListener(1248)) - Jetty bound to port 34629
2022-07-30 01:52:38,923 [Listener at 127.0.0.1/40433] INFO  server.Server (Server.java:doStart(375)) - jetty-9.4.43.v20210629; built: 2021-06-30T11:07:22.254Z; git: 526006ecfa3af7f1a27ef3a288e2bef7ea9dd7e8; jvm 1.8.0_332-b09
2022-07-30 01:52:38,940 [Listener at 127.0.0.1/40433] INFO  server.session (DefaultSessionIdManager.java:doStart(334)) - DefaultSessionIdManager workerName=node0
2022-07-30 01:52:38,940 [Listener at 127.0.0.1/40433] INFO  server.session (DefaultSessionIdManager.java:doStart(339)) - No SessionScavenger set, using defaults
2022-07-30 01:52:38,940 [Listener at 127.0.0.1/40433] INFO  server.session (HouseKeeper.java:startScavenging(132)) - node0 Scavenging every 660000ms
2022-07-30 01:52:38,941 [Listener at 127.0.0.1/40433] INFO  handler.ContextHandler (ContextHandler.java:doStart(915)) - Started o.e.j.s.ServletContextHandler@3a7cdcdd{logs,/logs,file:///home/runner/work/ozone/ozone/hadoop-ozone/integration-test/target/log,AVAILABLE}
2022-07-30 01:52:38,941 [Listener at 127.0.0.1/40433] INFO  handler.ContextHandler (ContextHandler.java:doStart(915)) - Started o.e.j.s.ServletContextHandler@74f4447d{static,/static,jar:file:/home/runner/.m2/repository/org/apache/ozone/hdds-container-service/1.3.0-SNAPSHOT/hdds-container-service-1.3.0-SNAPSHOT.jar!/webapps/static,AVAILABLE}
2022-07-30 01:52:39,292 [Listener at 127.0.0.1/40433] INFO  handler.ContextHandler (ContextHandler.java:doStart(915)) - Started o.e.j.w.WebAppContext@3d9671f8{hddsDatanode,/,file:///tmp/jetty-0_0_0_0-34629-hdds-container-service-1_3_0-SNAPSHOT_jar-_-any-879434967624090794/webapp/,AVAILABLE}{jar:file:/home/runner/.m2/repository/org/apache/ozone/hdds-container-service/1.3.0-SNAPSHOT/hdds-container-service-1.3.0-SNAPSHOT.jar!/webapps/hddsDatanode}
2022-07-30 01:52:39,294 [Listener at 127.0.0.1/40433] INFO  server.AbstractConnector (AbstractConnector.java:doStart(331)) - Started ServerConnector@3164f378{HTTP/1.1, (http/1.1)}{0.0.0.0:34629}
2022-07-30 01:52:39,294 [Listener at 127.0.0.1/40433] INFO  server.Server (Server.java:doStart(415)) - Started @328673ms
2022-07-30 01:52:39,294 [Listener at 127.0.0.1/40433] WARN  impl.MetricsSystemImpl (MetricsSystemImpl.java:register(279)) - Sink prometheus already exists!
2022-07-30 01:52:39,295 [Listener at 127.0.0.1/40433] INFO  http.BaseHttpServer (BaseHttpServer.java:updateConnectorAddress(329)) - HTTP server of hddsDatanode listening at http://0.0.0.0:34629
2022-07-30 01:52:39,300 [Listener at 127.0.0.1/40433] WARN  impl.MetricRegistriesImpl (MetricRegistriesImpl.java:addReporterRegistration(111)) - New reporters are added after registries were created. Some metrics will be missing from the reporter. Please add reporter before adding any new registry.
2022-07-30 01:52:39,300 [Listener at 127.0.0.1/40433] WARN  impl.MetricRegistriesImpl (MetricRegistriesImpl.java:addReporterRegistration(111)) - New reporters are added after registries were created. Some metrics will be missing from the reporter. Please add reporter before adding any new registry.
2022-07-30 01:52:39,300 [Listener at 127.0.0.1/40433] INFO  impl.MetricsSystemImpl (MetricsSystemImpl.java:init(158)) - HddsDatanode metrics system started (again)
2022-07-30 01:52:39,308 [Datanode State Machine Daemon Thread] INFO  statemachine.DatanodeStateMachine (DatanodeStateMachine.java:lambda$startDaemon$0(492)) - Ozone container server started.
2022-07-30 01:52:39,372 [org.apache.hadoop.util.JvmPauseMonitor$Monitor@1912693f] INFO  util.JvmPauseMonitor (JvmPauseMonitor.java:run(188)) - Starting JVM pause monitor
2022-07-30 01:52:39,381 [Datanode State Machine Task Thread - 0] INFO  datanode.InitDatanodeState (InitDatanodeState.java:persistContainerDatanodeDetails(138)) - DatanodeDetails is persisted to /home/runner/work/ozone/ozone/hadoop-ozone/integration-test/target/test-dir/MiniOzoneClusterImpl-bc8b033d-3bc2-4820-b618-97820f252933/datanode-0/meta/datanode.id
2022-07-30 01:52:39,414 [Listener at 127.0.0.1/40433] INFO  ozone.HddsDatanodeService (HddsDatanodeService.java:start(236)) - HddsDatanodeService host:fv-az297-62.nmf1rxwemy4u5di1sxxf4ejcwb.jx.internal.cloudapp.net ip:10.1.0.37
2022-07-30 01:52:39,511 [Listener at 127.0.0.1/40433] INFO  upgrade.AbstractLayoutVersionManager (AbstractLayoutVersionManager.java:init(83)) - Initializing Layout version manager with metadata layout = DATANODE_SCHEMA_V3 (version = 4), software layout = DATANODE_SCHEMA_V3 (version = 4)
2022-07-30 01:52:39,645 [Listener at 127.0.0.1/40433] INFO  reflections.Reflections (Reflections.java:scan(232)) - Reflections took 128 ms to scan 7 urls, producing 132 keys and 321 values 
2022-07-30 01:52:39,681 [Listener at 127.0.0.1/40433] INFO  statemachine.DatanodeStateMachine (DatanodeStateMachine.java:getEndPointTaskThreadPoolSize(237)) - Datanode State Machine Task Thread Pool size 2
2022-07-30 01:52:39,684 [Listener at 127.0.0.1/40433] INFO  volume.HddsVolume (HddsVolume.java:<init>(116)) - Creating HddsVolume: /home/runner/work/ozone/ozone/hadoop-ozone/integration-test/target/test-dir/MiniOzoneClusterImpl-bc8b033d-3bc2-4820-b618-97820f252933/datanode-1/data-0/containers/hdds of storage type : DISK capacity : 9223372036854775807
2022-07-30 01:52:39,684 [Listener at 127.0.0.1/40433] INFO  volume.MutableVolumeSet (MutableVolumeSet.java:initializeVolumeSet(174)) - Added Volume : /home/runner/work/ozone/ozone/hadoop-ozone/integration-test/target/test-dir/MiniOzoneClusterImpl-bc8b033d-3bc2-4820-b618-97820f252933/datanode-1/data-0/containers/hdds to VolumeSet
2022-07-30 01:52:39,684 [Listener at 127.0.0.1/40433] INFO  volume.ThrottledAsyncChecker (ThrottledAsyncChecker.java:schedule(141)) - Scheduling a check for /home/runner/work/ozone/ozone/hadoop-ozone/integration-test/target/test-dir/MiniOzoneClusterImpl-bc8b033d-3bc2-4820-b618-97820f252933/datanode-1/data-0/containers/hdds
2022-07-30 01:52:39,687 [Listener at 127.0.0.1/40433] INFO  volume.StorageVolumeChecker (StorageVolumeChecker.java:checkAllVolumes(202)) - Scheduled health check for volume /home/runner/work/ozone/ozone/hadoop-ozone/integration-test/target/test-dir/MiniOzoneClusterImpl-bc8b033d-3bc2-4820-b618-97820f252933/datanode-1/data-0/containers/hdds
2022-07-30 01:52:39,700 [Listener at 127.0.0.1/40433] INFO  volume.MutableVolumeSet (MutableVolumeSet.java:initializeVolumeSet(174)) - Added Volume : /home/runner/work/ozone/ozone/hadoop-ozone/integration-test/target/test-dir/MiniOzoneClusterImpl-bc8b033d-3bc2-4820-b618-97820f252933/datanode-1/data/ratis to VolumeSet
2022-07-30 01:52:39,700 [Listener at 127.0.0.1/40433] INFO  volume.ThrottledAsyncChecker (ThrottledAsyncChecker.java:schedule(141)) - Scheduling a check for /home/runner/work/ozone/ozone/hadoop-ozone/integration-test/target/test-dir/MiniOzoneClusterImpl-bc8b033d-3bc2-4820-b618-97820f252933/datanode-1/data/ratis
2022-07-30 01:52:39,701 [Listener at 127.0.0.1/40433] INFO  volume.StorageVolumeChecker (StorageVolumeChecker.java:checkAllVolumes(202)) - Scheduled health check for volume /home/runner/work/ozone/ozone/hadoop-ozone/integration-test/target/test-dir/MiniOzoneClusterImpl-bc8b033d-3bc2-4820-b618-97820f252933/datanode-1/data/ratis
2022-07-30 01:52:39,712 [Thread-2273] INFO  ozoneimpl.ContainerReader (ContainerReader.java:readVolume(175)) - Finish verifying containers on volume /home/runner/work/ozone/ozone/hadoop-ozone/integration-test/target/test-dir/MiniOzoneClusterImpl-bc8b033d-3bc2-4820-b618-97820f252933/datanode-1/data-0/containers/hdds
2022-07-30 01:52:39,712 [Listener at 127.0.0.1/40433] INFO  ozoneimpl.OzoneContainer (OzoneContainer.java:buildContainerSet(299)) - Build ContainerSet costs 0s
2022-07-30 01:52:39,714 [Listener at 127.0.0.1/40433] INFO  server.RaftServer (ConfUtils.java:logGet(46)) - raft.rpc.type = GRPC (default)
2022-07-30 01:52:39,714 [Listener at 127.0.0.1/40433] INFO  grpc.GrpcFactory (GrpcFactory.java:checkPooledByteBufAllocatorUseCacheForAllThreads(48)) - PERFORMANCE WARNING: useCacheForAllThreads is true that may cause Netty to create a lot garbage objects and, as a result, trigger GC.
	It is recommended to disable useCacheForAllThreads by setting -Dorg.apache.ratis.thirdparty.io.netty.allocator.useCacheForAllThreads=false in command line.
2022-07-30 01:52:39,714 [Listener at 127.0.0.1/40433] INFO  grpc.GrpcConfigKeys (ConfUtils.java:logGet(46)) - raft.grpc.admin.port = 0 (custom)
2022-07-30 01:52:39,714 [Listener at 127.0.0.1/40433] INFO  grpc.GrpcConfigKeys (ConfUtils.java:logGet(46)) - raft.grpc.client.port = 0 (custom)
2022-07-30 01:52:39,714 [Listener at 127.0.0.1/40433] INFO  grpc.GrpcConfigKeys (ConfUtils.java:logGet(46)) - raft.grpc.server.port = 0 (default)
2022-07-30 01:52:39,714 [Listener at 127.0.0.1/40433] INFO  server.GrpcService (ConfUtils.java:logGet(46)) - raft.grpc.message.size.max = 32MB (=33554432) (custom)
2022-07-30 01:52:39,715 [Listener at 127.0.0.1/40433] INFO  server.RaftServerConfigKeys (ConfUtils.java:logGet(46)) - raft.server.log.appender.buffer.byte-limit = 33554432 (custom)
2022-07-30 01:52:39,715 [Listener at 127.0.0.1/40433] INFO  server.GrpcService (ConfUtils.java:logGet(46)) - raft.grpc.flow.control.window = 5MB (=5242880) (custom)
2022-07-30 01:52:39,715 [Listener at 127.0.0.1/40433] INFO  server.RaftServerConfigKeys (ConfUtils.java:logGet(46)) - raft.server.rpc.request.timeout = 60s (custom)
2022-07-30 01:52:39,715 [Listener at 127.0.0.1/40433] INFO  grpc.GrpcConfigKeys (ConfUtils.java:logGet(46)) - raft.grpc.server.async.request.thread.pool.cached = true (default)
2022-07-30 01:52:39,716 [Listener at 127.0.0.1/40433] INFO  grpc.GrpcConfigKeys (ConfUtils.java:logGet(46)) - raft.grpc.server.async.request.thread.pool.size = 32 (default)
2022-07-30 01:52:39,717 [Listener at 127.0.0.1/40433] INFO  impl.DataStreamServerImpl (ConfUtils.java:logGet(46)) - raft.datastream.type = DISABLED (default)
2022-07-30 01:52:39,717 [Listener at 127.0.0.1/40433] INFO  server.RaftServerConfigKeys (ConfUtils.java:logGet(46)) - raft.server.threadpool.proxy.cached = true (default)
2022-07-30 01:52:39,717 [Listener at 127.0.0.1/40433] INFO  server.RaftServerConfigKeys (ConfUtils.java:logGet(46)) - raft.server.threadpool.proxy.size = 0 (default)
2022-07-30 01:52:39,717 [Listener at 127.0.0.1/40433] INFO  server.RaftServerConfigKeys (ConfUtils.java:logGet(46)) - raft.server.rpc.slowness.timeout = 300s (custom)
2022-07-30 01:52:39,717 [Listener at 127.0.0.1/40433] INFO  server.RaftServerConfigKeys (ConfUtils.java:logGet(46)) - raft.server.leaderelection.leader.step-down.wait-time = 10s (default)
2022-07-30 01:52:39,717 [Listener at 127.0.0.1/40433] INFO  server.RaftServerConfigKeys (ConfUtils.java:logGet(46)) - raft.server.storage.dir = [/home/runner/work/ozone/ozone/hadoop-ozone/integration-test/target/test-dir/MiniOzoneClusterImpl-bc8b033d-3bc2-4820-b618-97820f252933/datanode-1/data/ratis] (custom)
2022-07-30 01:52:39,720 [Listener at 127.0.0.1/40433] INFO  server.XceiverServerGrpc (XceiverServerGrpc.java:<init>(132)) - GrpcServer channel type EpollServerSocketChannel
2022-07-30 01:52:39,724 [Listener at 127.0.0.1/40433] INFO  http.BaseHttpServer (BaseHttpServer.java:newHttpServer2BuilderForOzone(209)) - Starting Web-server for hddsDatanode at: http://0.0.0.0:0
2022-07-30 01:52:39,724 [Listener at 127.0.0.1/40433] INFO  http.BaseHttpServer (BaseHttpServer.java:<init>(107)) - Hadoop Security Enabled: false Ozone Security Enabled: false Ozone HTTP Security Enabled: false 
2022-07-30 01:52:39,725 [Listener at 127.0.0.1/40433] INFO  server.AuthenticationFilter (AuthenticationFilter.java:constructSecretProvider(240)) - Unable to initialize FileSignerSecretProvider, falling back to use random secrets.
2022-07-30 01:52:39,729 [Listener at 127.0.0.1/40433] WARN  http.HttpRequestLog (HttpRequestLog.java:getRequestLog(103)) - Jetty request log can only be enabled using Log4j
2022-07-30 01:52:39,730 [Listener at 127.0.0.1/40433] INFO  http.HttpServer2 (HttpServer2.java:addGlobalFilter(1029)) - Added global filter 'safety' (class=org.apache.hadoop.hdds.server.http.HttpServer2$QuotingInputFilter)
2022-07-30 01:52:39,730 [Listener at 127.0.0.1/40433] INFO  http.HttpServer2 (HttpServer2.java:addFilter(1005)) - Added filter static_user_filter (class=org.apache.hadoop.http.lib.StaticUserWebFilter$StaticUserFilter) to context hddsDatanode
2022-07-30 01:52:39,731 [Listener at 127.0.0.1/40433] INFO  http.HttpServer2 (HttpServer2.java:addFilter(1013)) - Added filter static_user_filter (class=org.apache.hadoop.http.lib.StaticUserWebFilter$StaticUserFilter) to context logs
2022-07-30 01:52:39,737 [Listener at 127.0.0.1/40433] INFO  http.HttpServer2 (HttpServer2.java:addFilter(1013)) - Added filter static_user_filter (class=org.apache.hadoop.http.lib.StaticUserWebFilter$StaticUserFilter) to context static
2022-07-30 01:52:39,742 [Listener at 127.0.0.1/40433] INFO  http.HttpServer2 (HttpServer2.java:bindListener(1248)) - Jetty bound to port 36295
2022-07-30 01:52:39,742 [Listener at 127.0.0.1/40433] INFO  server.Server (Server.java:doStart(375)) - jetty-9.4.43.v20210629; built: 2021-06-30T11:07:22.254Z; git: 526006ecfa3af7f1a27ef3a288e2bef7ea9dd7e8; jvm 1.8.0_332-b09
2022-07-30 01:52:39,745 [Listener at 127.0.0.1/40433] INFO  server.session (DefaultSessionIdManager.java:doStart(334)) - DefaultSessionIdManager workerName=node0
2022-07-30 01:52:39,745 [Listener at 127.0.0.1/40433] INFO  server.session (DefaultSessionIdManager.java:doStart(339)) - No SessionScavenger set, using defaults
2022-07-30 01:52:39,746 [Listener at 127.0.0.1/40433] INFO  server.session (HouseKeeper.java:startScavenging(132)) - node0 Scavenging every 600000ms
2022-07-30 01:52:39,771 [Listener at 127.0.0.1/40433] INFO  handler.ContextHandler (ContextHandler.java:doStart(915)) - Started o.e.j.s.ServletContextHandler@463850ab{logs,/logs,file:///home/runner/work/ozone/ozone/hadoop-ozone/integration-test/target/log,AVAILABLE}
2022-07-30 01:52:39,771 [Listener at 127.0.0.1/40433] INFO  handler.ContextHandler (ContextHandler.java:doStart(915)) - Started o.e.j.s.ServletContextHandler@2370bf9d{static,/static,jar:file:/home/runner/.m2/repository/org/apache/ozone/hdds-container-service/1.3.0-SNAPSHOT/hdds-container-service-1.3.0-SNAPSHOT.jar!/webapps/static,AVAILABLE}
2022-07-30 01:52:40,132 [Listener at 127.0.0.1/40433] INFO  handler.ContextHandler (ContextHandler.java:doStart(915)) - Started o.e.j.w.WebAppContext@4eb8461e{hddsDatanode,/,file:///tmp/jetty-0_0_0_0-36295-hdds-container-service-1_3_0-SNAPSHOT_jar-_-any-8071574462950744035/webapp/,AVAILABLE}{jar:file:/home/runner/.m2/repository/org/apache/ozone/hdds-container-service/1.3.0-SNAPSHOT/hdds-container-service-1.3.0-SNAPSHOT.jar!/webapps/hddsDatanode}
2022-07-30 01:52:40,142 [Listener at 127.0.0.1/40433] INFO  server.AbstractConnector (AbstractConnector.java:doStart(331)) - Started ServerConnector@30552407{HTTP/1.1, (http/1.1)}{0.0.0.0:36295}
2022-07-30 01:52:40,142 [Listener at 127.0.0.1/40433] INFO  server.Server (Server.java:doStart(415)) - Started @329520ms
2022-07-30 01:52:40,142 [Listener at 127.0.0.1/40433] WARN  impl.MetricsSystemImpl (MetricsSystemImpl.java:register(279)) - Sink prometheus already exists!
2022-07-30 01:52:40,143 [Listener at 127.0.0.1/40433] INFO  http.BaseHttpServer (BaseHttpServer.java:updateConnectorAddress(329)) - HTTP server of hddsDatanode listening at http://0.0.0.0:36295
2022-07-30 01:52:40,143 [Listener at 127.0.0.1/40433] WARN  impl.MetricRegistriesImpl (MetricRegistriesImpl.java:addReporterRegistration(111)) - New reporters are added after registries were created. Some metrics will be missing from the reporter. Please add reporter before adding any new registry.
2022-07-30 01:52:40,143 [Listener at 127.0.0.1/40433] WARN  impl.MetricRegistriesImpl (MetricRegistriesImpl.java:addReporterRegistration(111)) - New reporters are added after registries were created. Some metrics will be missing from the reporter. Please add reporter before adding any new registry.
2022-07-30 01:52:40,143 [Listener at 127.0.0.1/40433] INFO  impl.MetricsSystemImpl (MetricsSystemImpl.java:init(158)) - HddsDatanode metrics system started (again)
2022-07-30 01:52:40,164 [Datanode State Machine Daemon Thread] INFO  statemachine.DatanodeStateMachine (DatanodeStateMachine.java:lambda$startDaemon$0(492)) - Ozone container server started.
2022-07-30 01:52:40,243 [org.apache.hadoop.util.JvmPauseMonitor$Monitor@c9a1da9] INFO  util.JvmPauseMonitor (JvmPauseMonitor.java:run(188)) - Starting JVM pause monitor
2022-07-30 01:52:40,274 [Listener at 127.0.0.1/40433] INFO  ozone.HddsDatanodeService (HddsDatanodeService.java:start(236)) - HddsDatanodeService host:fv-az297-62.nmf1rxwemy4u5di1sxxf4ejcwb.jx.internal.cloudapp.net ip:10.1.0.37
2022-07-30 01:52:40,284 [Datanode State Machine Task Thread - 0] INFO  datanode.InitDatanodeState (InitDatanodeState.java:persistContainerDatanodeDetails(138)) - DatanodeDetails is persisted to /home/runner/work/ozone/ozone/hadoop-ozone/integration-test/target/test-dir/MiniOzoneClusterImpl-bc8b033d-3bc2-4820-b618-97820f252933/datanode-1/meta/datanode.id
2022-07-30 01:52:40,348 [Listener at 127.0.0.1/40433] INFO  upgrade.AbstractLayoutVersionManager (AbstractLayoutVersionManager.java:init(83)) - Initializing Layout version manager with metadata layout = DATANODE_SCHEMA_V3 (version = 4), software layout = DATANODE_SCHEMA_V3 (version = 4)
2022-07-30 01:52:40,507 [Listener at 127.0.0.1/40433] INFO  reflections.Reflections (Reflections.java:scan(232)) - Reflections took 158 ms to scan 7 urls, producing 132 keys and 321 values 
2022-07-30 01:52:40,527 [Listener at 127.0.0.1/40433] INFO  statemachine.DatanodeStateMachine (DatanodeStateMachine.java:getEndPointTaskThreadPoolSize(237)) - Datanode State Machine Task Thread Pool size 2
2022-07-30 01:52:40,532 [Listener at 127.0.0.1/40433] INFO  volume.HddsVolume (HddsVolume.java:<init>(116)) - Creating HddsVolume: /home/runner/work/ozone/ozone/hadoop-ozone/integration-test/target/test-dir/MiniOzoneClusterImpl-bc8b033d-3bc2-4820-b618-97820f252933/datanode-2/data-0/containers/hdds of storage type : DISK capacity : 9223372036854775807
2022-07-30 01:52:40,533 [Listener at 127.0.0.1/40433] INFO  volume.MutableVolumeSet (MutableVolumeSet.java:initializeVolumeSet(174)) - Added Volume : /home/runner/work/ozone/ozone/hadoop-ozone/integration-test/target/test-dir/MiniOzoneClusterImpl-bc8b033d-3bc2-4820-b618-97820f252933/datanode-2/data-0/containers/hdds to VolumeSet
2022-07-30 01:52:40,533 [Listener at 127.0.0.1/40433] INFO  volume.ThrottledAsyncChecker (ThrottledAsyncChecker.java:schedule(141)) - Scheduling a check for /home/runner/work/ozone/ozone/hadoop-ozone/integration-test/target/test-dir/MiniOzoneClusterImpl-bc8b033d-3bc2-4820-b618-97820f252933/datanode-2/data-0/containers/hdds
2022-07-30 01:52:40,533 [Listener at 127.0.0.1/40433] INFO  volume.StorageVolumeChecker (StorageVolumeChecker.java:checkAllVolumes(202)) - Scheduled health check for volume /home/runner/work/ozone/ozone/hadoop-ozone/integration-test/target/test-dir/MiniOzoneClusterImpl-bc8b033d-3bc2-4820-b618-97820f252933/datanode-2/data-0/containers/hdds
2022-07-30 01:52:40,553 [Listener at 127.0.0.1/40433] INFO  volume.MutableVolumeSet (MutableVolumeSet.java:initializeVolumeSet(174)) - Added Volume : /home/runner/work/ozone/ozone/hadoop-ozone/integration-test/target/test-dir/MiniOzoneClusterImpl-bc8b033d-3bc2-4820-b618-97820f252933/datanode-2/data/ratis to VolumeSet
2022-07-30 01:52:40,553 [Listener at 127.0.0.1/40433] INFO  volume.ThrottledAsyncChecker (ThrottledAsyncChecker.java:schedule(141)) - Scheduling a check for /home/runner/work/ozone/ozone/hadoop-ozone/integration-test/target/test-dir/MiniOzoneClusterImpl-bc8b033d-3bc2-4820-b618-97820f252933/datanode-2/data/ratis
2022-07-30 01:52:40,554 [Listener at 127.0.0.1/40433] INFO  volume.StorageVolumeChecker (StorageVolumeChecker.java:checkAllVolumes(202)) - Scheduled health check for volume /home/runner/work/ozone/ozone/hadoop-ozone/integration-test/target/test-dir/MiniOzoneClusterImpl-bc8b033d-3bc2-4820-b618-97820f252933/datanode-2/data/ratis
2022-07-30 01:52:40,564 [Thread-2286] INFO  ozoneimpl.ContainerReader (ContainerReader.java:readVolume(175)) - Finish verifying containers on volume /home/runner/work/ozone/ozone/hadoop-ozone/integration-test/target/test-dir/MiniOzoneClusterImpl-bc8b033d-3bc2-4820-b618-97820f252933/datanode-2/data-0/containers/hdds
2022-07-30 01:52:40,565 [Listener at 127.0.0.1/40433] INFO  ozoneimpl.OzoneContainer (OzoneContainer.java:buildContainerSet(299)) - Build ContainerSet costs 0s
2022-07-30 01:52:40,566 [Listener at 127.0.0.1/40433] INFO  server.RaftServer (ConfUtils.java:logGet(46)) - raft.rpc.type = GRPC (default)
2022-07-30 01:52:40,566 [Listener at 127.0.0.1/40433] INFO  grpc.GrpcFactory (GrpcFactory.java:checkPooledByteBufAllocatorUseCacheForAllThreads(48)) - PERFORMANCE WARNING: useCacheForAllThreads is true that may cause Netty to create a lot garbage objects and, as a result, trigger GC.
	It is recommended to disable useCacheForAllThreads by setting -Dorg.apache.ratis.thirdparty.io.netty.allocator.useCacheForAllThreads=false in command line.
2022-07-30 01:52:40,566 [Listener at 127.0.0.1/40433] INFO  grpc.GrpcConfigKeys (ConfUtils.java:logGet(46)) - raft.grpc.admin.port = 0 (custom)
2022-07-30 01:52:40,567 [Listener at 127.0.0.1/40433] INFO  grpc.GrpcConfigKeys (ConfUtils.java:logGet(46)) - raft.grpc.client.port = 0 (custom)
2022-07-30 01:52:40,567 [Listener at 127.0.0.1/40433] INFO  grpc.GrpcConfigKeys (ConfUtils.java:logGet(46)) - raft.grpc.server.port = 0 (default)
2022-07-30 01:52:40,567 [Listener at 127.0.0.1/40433] INFO  server.GrpcService (ConfUtils.java:logGet(46)) - raft.grpc.message.size.max = 32MB (=33554432) (custom)
2022-07-30 01:52:40,567 [Listener at 127.0.0.1/40433] INFO  server.RaftServerConfigKeys (ConfUtils.java:logGet(46)) - raft.server.log.appender.buffer.byte-limit = 33554432 (custom)
2022-07-30 01:52:40,567 [Listener at 127.0.0.1/40433] INFO  server.GrpcService (ConfUtils.java:logGet(46)) - raft.grpc.flow.control.window = 5MB (=5242880) (custom)
2022-07-30 01:52:40,567 [Listener at 127.0.0.1/40433] INFO  server.RaftServerConfigKeys (ConfUtils.java:logGet(46)) - raft.server.rpc.request.timeout = 60s (custom)
2022-07-30 01:52:40,567 [Listener at 127.0.0.1/40433] INFO  grpc.GrpcConfigKeys (ConfUtils.java:logGet(46)) - raft.grpc.server.async.request.thread.pool.cached = true (default)
2022-07-30 01:52:40,589 [Listener at 127.0.0.1/40433] INFO  grpc.GrpcConfigKeys (ConfUtils.java:logGet(46)) - raft.grpc.server.async.request.thread.pool.size = 32 (default)
2022-07-30 01:52:40,591 [Listener at 127.0.0.1/40433] INFO  impl.DataStreamServerImpl (ConfUtils.java:logGet(46)) - raft.datastream.type = DISABLED (default)
2022-07-30 01:52:40,591 [Listener at 127.0.0.1/40433] INFO  server.RaftServerConfigKeys (ConfUtils.java:logGet(46)) - raft.server.threadpool.proxy.cached = true (default)
2022-07-30 01:52:40,591 [Listener at 127.0.0.1/40433] INFO  server.RaftServerConfigKeys (ConfUtils.java:logGet(46)) - raft.server.threadpool.proxy.size = 0 (default)
2022-07-30 01:52:40,591 [Listener at 127.0.0.1/40433] INFO  server.RaftServerConfigKeys (ConfUtils.java:logGet(46)) - raft.server.rpc.slowness.timeout = 300s (custom)
2022-07-30 01:52:40,591 [Listener at 127.0.0.1/40433] INFO  server.RaftServerConfigKeys (ConfUtils.java:logGet(46)) - raft.server.leaderelection.leader.step-down.wait-time = 10s (default)
2022-07-30 01:52:40,591 [Listener at 127.0.0.1/40433] INFO  server.RaftServerConfigKeys (ConfUtils.java:logGet(46)) - raft.server.storage.dir = [/home/runner/work/ozone/ozone/hadoop-ozone/integration-test/target/test-dir/MiniOzoneClusterImpl-bc8b033d-3bc2-4820-b618-97820f252933/datanode-2/data/ratis] (custom)
2022-07-30 01:52:40,593 [Listener at 127.0.0.1/40433] INFO  server.XceiverServerGrpc (XceiverServerGrpc.java:<init>(132)) - GrpcServer channel type EpollServerSocketChannel
2022-07-30 01:52:40,624 [Listener at 127.0.0.1/40433] INFO  http.BaseHttpServer (BaseHttpServer.java:newHttpServer2BuilderForOzone(209)) - Starting Web-server for hddsDatanode at: http://0.0.0.0:0
2022-07-30 01:52:40,624 [Listener at 127.0.0.1/40433] INFO  http.BaseHttpServer (BaseHttpServer.java:<init>(107)) - Hadoop Security Enabled: false Ozone Security Enabled: false Ozone HTTP Security Enabled: false 
2022-07-30 01:52:40,625 [Listener at 127.0.0.1/40433] INFO  server.AuthenticationFilter (AuthenticationFilter.java:constructSecretProvider(240)) - Unable to initialize FileSignerSecretProvider, falling back to use random secrets.
2022-07-30 01:52:40,627 [Listener at 127.0.0.1/40433] WARN  http.HttpRequestLog (HttpRequestLog.java:getRequestLog(103)) - Jetty request log can only be enabled using Log4j
2022-07-30 01:52:40,628 [Listener at 127.0.0.1/40433] INFO  http.HttpServer2 (HttpServer2.java:addGlobalFilter(1029)) - Added global filter 'safety' (class=org.apache.hadoop.hdds.server.http.HttpServer2$QuotingInputFilter)
2022-07-30 01:52:40,629 [Listener at 127.0.0.1/40433] INFO  http.HttpServer2 (HttpServer2.java:addFilter(1005)) - Added filter static_user_filter (class=org.apache.hadoop.http.lib.StaticUserWebFilter$StaticUserFilter) to context hddsDatanode
2022-07-30 01:52:40,629 [Listener at 127.0.0.1/40433] INFO  http.HttpServer2 (HttpServer2.java:addFilter(1013)) - Added filter static_user_filter (class=org.apache.hadoop.http.lib.StaticUserWebFilter$StaticUserFilter) to context logs
2022-07-30 01:52:40,629 [Listener at 127.0.0.1/40433] INFO  http.HttpServer2 (HttpServer2.java:addFilter(1013)) - Added filter static_user_filter (class=org.apache.hadoop.http.lib.StaticUserWebFilter$StaticUserFilter) to context static
2022-07-30 01:52:40,630 [Listener at 127.0.0.1/40433] INFO  http.HttpServer2 (HttpServer2.java:bindListener(1248)) - Jetty bound to port 43299
2022-07-30 01:52:40,630 [Listener at 127.0.0.1/40433] INFO  server.Server (Server.java:doStart(375)) - jetty-9.4.43.v20210629; built: 2021-06-30T11:07:22.254Z; git: 526006ecfa3af7f1a27ef3a288e2bef7ea9dd7e8; jvm 1.8.0_332-b09
2022-07-30 01:52:40,677 [Listener at 127.0.0.1/40433] INFO  server.session (DefaultSessionIdManager.java:doStart(334)) - DefaultSessionIdManager workerName=node0
2022-07-30 01:52:40,677 [Listener at 127.0.0.1/40433] INFO  server.session (DefaultSessionIdManager.java:doStart(339)) - No SessionScavenger set, using defaults
2022-07-30 01:52:40,677 [Listener at 127.0.0.1/40433] INFO  server.session (HouseKeeper.java:startScavenging(132)) - node0 Scavenging every 600000ms
2022-07-30 01:52:40,678 [Listener at 127.0.0.1/40433] INFO  handler.ContextHandler (ContextHandler.java:doStart(915)) - Started o.e.j.s.ServletContextHandler@6b0bad4b{logs,/logs,file:///home/runner/work/ozone/ozone/hadoop-ozone/integration-test/target/log,AVAILABLE}
2022-07-30 01:52:40,678 [Listener at 127.0.0.1/40433] INFO  handler.ContextHandler (ContextHandler.java:doStart(915)) - Started o.e.j.s.ServletContextHandler@2cf4e4db{static,/static,jar:file:/home/runner/.m2/repository/org/apache/ozone/hdds-container-service/1.3.0-SNAPSHOT/hdds-container-service-1.3.0-SNAPSHOT.jar!/webapps/static,AVAILABLE}
2022-07-30 01:52:41,155 [Listener at 127.0.0.1/40433] INFO  handler.ContextHandler (ContextHandler.java:doStart(915)) - Started o.e.j.w.WebAppContext@39cca34c{hddsDatanode,/,file:///tmp/jetty-0_0_0_0-43299-hdds-container-service-1_3_0-SNAPSHOT_jar-_-any-491081704790567762/webapp/,AVAILABLE}{jar:file:/home/runner/.m2/repository/org/apache/ozone/hdds-container-service/1.3.0-SNAPSHOT/hdds-container-service-1.3.0-SNAPSHOT.jar!/webapps/hddsDatanode}
2022-07-30 01:52:41,162 [Listener at 127.0.0.1/40433] INFO  server.AbstractConnector (AbstractConnector.java:doStart(331)) - Started ServerConnector@5d74a14{HTTP/1.1, (http/1.1)}{0.0.0.0:43299}
2022-07-30 01:52:41,162 [Listener at 127.0.0.1/40433] INFO  server.Server (Server.java:doStart(415)) - Started @330541ms
2022-07-30 01:52:41,162 [Listener at 127.0.0.1/40433] WARN  impl.MetricsSystemImpl (MetricsSystemImpl.java:register(279)) - Sink prometheus already exists!
2022-07-30 01:52:41,163 [Listener at 127.0.0.1/40433] INFO  http.BaseHttpServer (BaseHttpServer.java:updateConnectorAddress(329)) - HTTP server of hddsDatanode listening at http://0.0.0.0:43299
2022-07-30 01:52:41,173 [Datanode State Machine Daemon Thread] INFO  statemachine.DatanodeStateMachine (DatanodeStateMachine.java:lambda$startDaemon$0(492)) - Ozone container server started.
2022-07-30 01:52:41,173 [Listener at 127.0.0.1/40433] WARN  impl.MetricRegistriesImpl (MetricRegistriesImpl.java:addReporterRegistration(111)) - New reporters are added after registries were created. Some metrics will be missing from the reporter. Please add reporter before adding any new registry.
2022-07-30 01:52:41,187 [Listener at 127.0.0.1/40433] WARN  impl.MetricRegistriesImpl (MetricRegistriesImpl.java:addReporterRegistration(111)) - New reporters are added after registries were created. Some metrics will be missing from the reporter. Please add reporter before adding any new registry.
2022-07-30 01:52:41,188 [Listener at 127.0.0.1/40433] INFO  impl.MetricsSystemImpl (MetricsSystemImpl.java:init(158)) - HddsDatanode metrics system started (again)
2022-07-30 01:52:41,238 [org.apache.hadoop.util.JvmPauseMonitor$Monitor@6537a4ce] INFO  util.JvmPauseMonitor (JvmPauseMonitor.java:run(188)) - Starting JVM pause monitor
2022-07-30 01:52:41,248 [Datanode State Machine Task Thread - 0] INFO  datanode.InitDatanodeState (InitDatanodeState.java:persistContainerDatanodeDetails(138)) - DatanodeDetails is persisted to /home/runner/work/ozone/ozone/hadoop-ozone/integration-test/target/test-dir/MiniOzoneClusterImpl-bc8b033d-3bc2-4820-b618-97820f252933/datanode-2/meta/datanode.id
2022-07-30 01:52:41,265 [Listener at 127.0.0.1/40433] INFO  ozone.HddsDatanodeService (HddsDatanodeService.java:start(236)) - HddsDatanodeService host:fv-az297-62.nmf1rxwemy4u5di1sxxf4ejcwb.jx.internal.cloudapp.net ip:10.1.0.37
2022-07-30 01:52:41,313 [Listener at 127.0.0.1/40433] INFO  upgrade.AbstractLayoutVersionManager (AbstractLayoutVersionManager.java:init(83)) - Initializing Layout version manager with metadata layout = DATANODE_SCHEMA_V3 (version = 4), software layout = DATANODE_SCHEMA_V3 (version = 4)
2022-07-30 01:52:41,514 [Listener at 127.0.0.1/40433] INFO  reflections.Reflections (Reflections.java:scan(232)) - Reflections took 200 ms to scan 7 urls, producing 132 keys and 321 values 
2022-07-30 01:52:41,529 [Listener at 127.0.0.1/40433] INFO  statemachine.DatanodeStateMachine (DatanodeStateMachine.java:getEndPointTaskThreadPoolSize(237)) - Datanode State Machine Task Thread Pool size 2
2022-07-30 01:52:41,540 [Listener at 127.0.0.1/40433] INFO  volume.HddsVolume (HddsVolume.java:<init>(116)) - Creating HddsVolume: /home/runner/work/ozone/ozone/hadoop-ozone/integration-test/target/test-dir/MiniOzoneClusterImpl-bc8b033d-3bc2-4820-b618-97820f252933/datanode-3/data-0/containers/hdds of storage type : DISK capacity : 9223372036854775807
2022-07-30 01:52:41,540 [Listener at 127.0.0.1/40433] INFO  volume.MutableVolumeSet (MutableVolumeSet.java:initializeVolumeSet(174)) - Added Volume : /home/runner/work/ozone/ozone/hadoop-ozone/integration-test/target/test-dir/MiniOzoneClusterImpl-bc8b033d-3bc2-4820-b618-97820f252933/datanode-3/data-0/containers/hdds to VolumeSet
2022-07-30 01:52:41,541 [Listener at 127.0.0.1/40433] INFO  volume.ThrottledAsyncChecker (ThrottledAsyncChecker.java:schedule(141)) - Scheduling a check for /home/runner/work/ozone/ozone/hadoop-ozone/integration-test/target/test-dir/MiniOzoneClusterImpl-bc8b033d-3bc2-4820-b618-97820f252933/datanode-3/data-0/containers/hdds
2022-07-30 01:52:41,547 [EndpointStateMachine task thread for /0.0.0.0:46277 - 0 ] INFO  volume.HddsVolume (HddsVolume.java:createDbStore(309)) - SchemaV3 db is created and loaded at /home/runner/work/ozone/ozone/hadoop-ozone/integration-test/target/test-dir/MiniOzoneClusterImpl-bc8b033d-3bc2-4820-b618-97820f252933/datanode-0/data-0/containers/hdds/bc8b033d-3bc2-4820-b618-97820f252933/DS-8eb9365d-effc-4aaf-894c-ec6a58013dac/container.db for volume DS-8eb9365d-effc-4aaf-894c-ec6a58013dac
2022-07-30 01:52:41,553 [EndpointStateMachine task thread for /0.0.0.0:46277 - 0 ] INFO  volume.HddsVolume (HddsVolume.java:closeDbStore(340)) - SchemaV3 db is stopped at /home/runner/work/ozone/ozone/hadoop-ozone/integration-test/target/test-dir/MiniOzoneClusterImpl-bc8b033d-3bc2-4820-b618-97820f252933/datanode-0/data-0/containers/hdds/bc8b033d-3bc2-4820-b618-97820f252933/DS-8eb9365d-effc-4aaf-894c-ec6a58013dac/container.db for volume DS-8eb9365d-effc-4aaf-894c-ec6a58013dac
2022-07-30 01:52:41,553 [EndpointStateMachine task thread for /0.0.0.0:46277 - 0 ] INFO  ozoneimpl.OzoneContainer (OzoneContainer.java:start(377)) - Attempting to start container services.
2022-07-30 01:52:41,553 [EndpointStateMachine task thread for /0.0.0.0:46277 - 0 ] INFO  ozoneimpl.OzoneContainer (OzoneContainer.java:startContainerScrub(312)) - Background container scanner has been disabled.
2022-07-30 01:52:41,575 [Listener at 127.0.0.1/40433] INFO  volume.StorageVolumeChecker (StorageVolumeChecker.java:checkAllVolumes(202)) - Scheduled health check for volume /home/runner/work/ozone/ozone/hadoop-ozone/integration-test/target/test-dir/MiniOzoneClusterImpl-bc8b033d-3bc2-4820-b618-97820f252933/datanode-3/data-0/containers/hdds
2022-07-30 01:52:41,593 [Listener at 127.0.0.1/40433] INFO  volume.MutableVolumeSet (MutableVolumeSet.java:initializeVolumeSet(174)) - Added Volume : /home/runner/work/ozone/ozone/hadoop-ozone/integration-test/target/test-dir/MiniOzoneClusterImpl-bc8b033d-3bc2-4820-b618-97820f252933/datanode-3/data/ratis to VolumeSet
2022-07-30 01:52:41,593 [Listener at 127.0.0.1/40433] INFO  volume.ThrottledAsyncChecker (ThrottledAsyncChecker.java:schedule(141)) - Scheduling a check for /home/runner/work/ozone/ozone/hadoop-ozone/integration-test/target/test-dir/MiniOzoneClusterImpl-bc8b033d-3bc2-4820-b618-97820f252933/datanode-3/data/ratis
2022-07-30 01:52:41,593 [Listener at 127.0.0.1/40433] INFO  volume.StorageVolumeChecker (StorageVolumeChecker.java:checkAllVolumes(202)) - Scheduled health check for volume /home/runner/work/ozone/ozone/hadoop-ozone/integration-test/target/test-dir/MiniOzoneClusterImpl-bc8b033d-3bc2-4820-b618-97820f252933/datanode-3/data/ratis
2022-07-30 01:52:41,621 [EndpointStateMachine task thread for /0.0.0.0:46277 - 0 ] INFO  replication.ReplicationServer (ReplicationServer.java:start(111)) - ReplicationServer is started using port 35023
2022-07-30 01:52:41,624 [EndpointStateMachine task thread for /0.0.0.0:46277 - 0 ] INFO  ratis.XceiverServerRatis (XceiverServerRatis.java:start(481)) - Starting XceiverServerRatis 8f5c3faa-f143-4f3c-a1d4-a848eac4f418
2022-07-30 01:52:41,657 [EndpointStateMachine task thread for /0.0.0.0:46277 - 0 ] INFO  server.RaftServer (RaftServerProxy.java:lambda$start$6(382)) - 8f5c3faa-f143-4f3c-a1d4-a848eac4f418: start RPC server
2022-07-30 01:52:41,730 [EndpointStateMachine task thread for /0.0.0.0:46277 - 0 ] INFO  server.GrpcService (GrpcService.java:startImpl(260)) - 8f5c3faa-f143-4f3c-a1d4-a848eac4f418: GrpcService started, listening on 44703
2022-07-30 01:52:41,731 [EndpointStateMachine task thread for /0.0.0.0:46277 - 0 ] INFO  ratis.XceiverServerRatis (XceiverServerRatis.java:getRealPort(502)) - XceiverServerRatis 8f5c3faa-f143-4f3c-a1d4-a848eac4f418 is started using port 44703 for RATIS
2022-07-30 01:52:41,731 [EndpointStateMachine task thread for /0.0.0.0:46277 - 0 ] INFO  ratis.XceiverServerRatis (XceiverServerRatis.java:getRealPort(502)) - XceiverServerRatis 8f5c3faa-f143-4f3c-a1d4-a848eac4f418 is started using port 44703 for RATIS_ADMIN
2022-07-30 01:52:41,731 [EndpointStateMachine task thread for /0.0.0.0:46277 - 0 ] INFO  ratis.XceiverServerRatis (XceiverServerRatis.java:getRealPort(502)) - XceiverServerRatis 8f5c3faa-f143-4f3c-a1d4-a848eac4f418 is started using port 44703 for RATIS_SERVER
2022-07-30 01:52:41,732 [org.apache.ratis.util.JvmPauseMonitor$$Lambda$615/1033062816@38f579e3] INFO  util.JvmPauseMonitor (JvmPauseMonitor.java:run(103)) - JvmPauseMonitor-8f5c3faa-f143-4f3c-a1d4-a848eac4f418: Started
2022-07-30 01:52:41,750 [Thread-2300] INFO  ozoneimpl.ContainerReader (ContainerReader.java:readVolume(175)) - Finish verifying containers on volume /home/runner/work/ozone/ozone/hadoop-ozone/integration-test/target/test-dir/MiniOzoneClusterImpl-bc8b033d-3bc2-4820-b618-97820f252933/datanode-3/data-0/containers/hdds
2022-07-30 01:52:41,750 [Listener at 127.0.0.1/40433] INFO  ozoneimpl.OzoneContainer (OzoneContainer.java:buildContainerSet(299)) - Build ContainerSet costs 0s
2022-07-30 01:52:41,752 [Listener at 127.0.0.1/40433] INFO  server.RaftServer (ConfUtils.java:logGet(46)) - raft.rpc.type = GRPC (default)
2022-07-30 01:52:41,752 [Listener at 127.0.0.1/40433] INFO  grpc.GrpcFactory (GrpcFactory.java:checkPooledByteBufAllocatorUseCacheForAllThreads(48)) - PERFORMANCE WARNING: useCacheForAllThreads is true that may cause Netty to create a lot garbage objects and, as a result, trigger GC.
	It is recommended to disable useCacheForAllThreads by setting -Dorg.apache.ratis.thirdparty.io.netty.allocator.useCacheForAllThreads=false in command line.
2022-07-30 01:52:41,752 [Listener at 127.0.0.1/40433] INFO  grpc.GrpcConfigKeys (ConfUtils.java:logGet(46)) - raft.grpc.admin.port = 0 (custom)
2022-07-30 01:52:41,752 [Listener at 127.0.0.1/40433] INFO  grpc.GrpcConfigKeys (ConfUtils.java:logGet(46)) - raft.grpc.client.port = 0 (custom)
2022-07-30 01:52:41,752 [Listener at 127.0.0.1/40433] INFO  grpc.GrpcConfigKeys (ConfUtils.java:logGet(46)) - raft.grpc.server.port = 0 (default)
2022-07-30 01:52:41,753 [Listener at 127.0.0.1/40433] INFO  server.GrpcService (ConfUtils.java:logGet(46)) - raft.grpc.message.size.max = 32MB (=33554432) (custom)
2022-07-30 01:52:41,753 [Listener at 127.0.0.1/40433] INFO  server.RaftServerConfigKeys (ConfUtils.java:logGet(46)) - raft.server.log.appender.buffer.byte-limit = 33554432 (custom)
2022-07-30 01:52:41,753 [Listener at 127.0.0.1/40433] INFO  server.GrpcService (ConfUtils.java:logGet(46)) - raft.grpc.flow.control.window = 5MB (=5242880) (custom)
2022-07-30 01:52:41,753 [Listener at 127.0.0.1/40433] INFO  server.RaftServerConfigKeys (ConfUtils.java:logGet(46)) - raft.server.rpc.request.timeout = 60s (custom)
2022-07-30 01:52:41,753 [Listener at 127.0.0.1/40433] INFO  grpc.GrpcConfigKeys (ConfUtils.java:logGet(46)) - raft.grpc.server.async.request.thread.pool.cached = true (default)
2022-07-30 01:52:41,753 [Listener at 127.0.0.1/40433] INFO  grpc.GrpcConfigKeys (ConfUtils.java:logGet(46)) - raft.grpc.server.async.request.thread.pool.size = 32 (default)
2022-07-30 01:52:41,754 [Listener at 127.0.0.1/40433] INFO  impl.DataStreamServerImpl (ConfUtils.java:logGet(46)) - raft.datastream.type = DISABLED (default)
2022-07-30 01:52:41,755 [Listener at 127.0.0.1/40433] INFO  server.RaftServerConfigKeys (ConfUtils.java:logGet(46)) - raft.server.threadpool.proxy.cached = true (default)
2022-07-30 01:52:41,755 [Listener at 127.0.0.1/40433] INFO  server.RaftServerConfigKeys (ConfUtils.java:logGet(46)) - raft.server.threadpool.proxy.size = 0 (default)
2022-07-30 01:52:41,755 [Listener at 127.0.0.1/40433] INFO  server.RaftServerConfigKeys (ConfUtils.java:logGet(46)) - raft.server.rpc.slowness.timeout = 300s (custom)
2022-07-30 01:52:41,755 [Listener at 127.0.0.1/40433] INFO  server.RaftServerConfigKeys (ConfUtils.java:logGet(46)) - raft.server.leaderelection.leader.step-down.wait-time = 10s (default)
2022-07-30 01:52:41,755 [Listener at 127.0.0.1/40433] INFO  server.RaftServerConfigKeys (ConfUtils.java:logGet(46)) - raft.server.storage.dir = [/home/runner/work/ozone/ozone/hadoop-ozone/integration-test/target/test-dir/MiniOzoneClusterImpl-bc8b033d-3bc2-4820-b618-97820f252933/datanode-3/data/ratis] (custom)
2022-07-30 01:52:41,797 [EndpointStateMachine task thread for /0.0.0.0:46277 - 0 ] INFO  server.XceiverServerGrpc (XceiverServerGrpc.java:start(180)) - XceiverServerGrpc 8f5c3faa-f143-4f3c-a1d4-a848eac4f418 is started using port 35673
2022-07-30 01:52:41,820 [Listener at 127.0.0.1/40433] INFO  server.XceiverServerGrpc (XceiverServerGrpc.java:<init>(132)) - GrpcServer channel type EpollServerSocketChannel
2022-07-30 01:52:41,824 [Listener at 127.0.0.1/40433] INFO  http.BaseHttpServer (BaseHttpServer.java:newHttpServer2BuilderForOzone(209)) - Starting Web-server for hddsDatanode at: http://0.0.0.0:0
2022-07-30 01:52:41,824 [Listener at 127.0.0.1/40433] INFO  http.BaseHttpServer (BaseHttpServer.java:<init>(107)) - Hadoop Security Enabled: false Ozone Security Enabled: false Ozone HTTP Security Enabled: false 
2022-07-30 01:52:41,825 [Listener at 127.0.0.1/40433] INFO  server.AuthenticationFilter (AuthenticationFilter.java:constructSecretProvider(240)) - Unable to initialize FileSignerSecretProvider, falling back to use random secrets.
2022-07-30 01:52:41,825 [Listener at 127.0.0.1/40433] WARN  http.HttpRequestLog (HttpRequestLog.java:getRequestLog(103)) - Jetty request log can only be enabled using Log4j
2022-07-30 01:52:41,826 [Listener at 127.0.0.1/40433] INFO  http.HttpServer2 (HttpServer2.java:addGlobalFilter(1029)) - Added global filter 'safety' (class=org.apache.hadoop.hdds.server.http.HttpServer2$QuotingInputFilter)
2022-07-30 01:52:41,827 [Listener at 127.0.0.1/40433] INFO  http.HttpServer2 (HttpServer2.java:addFilter(1005)) - Added filter static_user_filter (class=org.apache.hadoop.http.lib.StaticUserWebFilter$StaticUserFilter) to context hddsDatanode
2022-07-30 01:52:41,827 [Listener at 127.0.0.1/40433] INFO  http.HttpServer2 (HttpServer2.java:addFilter(1013)) - Added filter static_user_filter (class=org.apache.hadoop.http.lib.StaticUserWebFilter$StaticUserFilter) to context logs
2022-07-30 01:52:41,827 [Listener at 127.0.0.1/40433] INFO  http.HttpServer2 (HttpServer2.java:addFilter(1013)) - Added filter static_user_filter (class=org.apache.hadoop.http.lib.StaticUserWebFilter$StaticUserFilter) to context static
2022-07-30 01:52:41,827 [Listener at 127.0.0.1/40433] INFO  http.HttpServer2 (HttpServer2.java:bindListener(1248)) - Jetty bound to port 42735
2022-07-30 01:52:41,828 [Listener at 127.0.0.1/40433] INFO  server.Server (Server.java:doStart(375)) - jetty-9.4.43.v20210629; built: 2021-06-30T11:07:22.254Z; git: 526006ecfa3af7f1a27ef3a288e2bef7ea9dd7e8; jvm 1.8.0_332-b09
2022-07-30 01:52:41,829 [Listener at 127.0.0.1/40433] INFO  server.session (DefaultSessionIdManager.java:doStart(334)) - DefaultSessionIdManager workerName=node0
2022-07-30 01:52:41,829 [Listener at 127.0.0.1/40433] INFO  server.session (DefaultSessionIdManager.java:doStart(339)) - No SessionScavenger set, using defaults
2022-07-30 01:52:41,829 [Listener at 127.0.0.1/40433] INFO  server.session (HouseKeeper.java:startScavenging(132)) - node0 Scavenging every 600000ms
2022-07-30 01:52:41,830 [Listener at 127.0.0.1/40433] INFO  handler.ContextHandler (ContextHandler.java:doStart(915)) - Started o.e.j.s.ServletContextHandler@733a1bc9{logs,/logs,file:///home/runner/work/ozone/ozone/hadoop-ozone/integration-test/target/log,AVAILABLE}
2022-07-30 01:52:41,830 [Listener at 127.0.0.1/40433] INFO  handler.ContextHandler (ContextHandler.java:doStart(915)) - Started o.e.j.s.ServletContextHandler@67657c88{static,/static,jar:file:/home/runner/.m2/repository/org/apache/ozone/hdds-container-service/1.3.0-SNAPSHOT/hdds-container-service-1.3.0-SNAPSHOT.jar!/webapps/static,AVAILABLE}
2022-07-30 01:52:42,300 [Listener at 127.0.0.1/40433] INFO  handler.ContextHandler (ContextHandler.java:doStart(915)) - Started o.e.j.w.WebAppContext@2c358728{hddsDatanode,/,file:///tmp/jetty-0_0_0_0-42735-hdds-container-service-1_3_0-SNAPSHOT_jar-_-any-1282958539363150174/webapp/,AVAILABLE}{jar:file:/home/runner/.m2/repository/org/apache/ozone/hdds-container-service/1.3.0-SNAPSHOT/hdds-container-service-1.3.0-SNAPSHOT.jar!/webapps/hddsDatanode}
2022-07-30 01:52:42,307 [Listener at 127.0.0.1/40433] INFO  server.AbstractConnector (AbstractConnector.java:doStart(331)) - Started ServerConnector@1f95559f{HTTP/1.1, (http/1.1)}{0.0.0.0:42735}
2022-07-30 01:52:42,307 [Listener at 127.0.0.1/40433] INFO  server.Server (Server.java:doStart(415)) - Started @331685ms
2022-07-30 01:52:42,307 [Listener at 127.0.0.1/40433] WARN  impl.MetricsSystemImpl (MetricsSystemImpl.java:register(279)) - Sink prometheus already exists!
2022-07-30 01:52:42,312 [Listener at 127.0.0.1/40433] INFO  http.BaseHttpServer (BaseHttpServer.java:updateConnectorAddress(329)) - HTTP server of hddsDatanode listening at http://0.0.0.0:42735
2022-07-30 01:52:42,319 [Listener at 127.0.0.1/40433] WARN  impl.MetricRegistriesImpl (MetricRegistriesImpl.java:addReporterRegistration(111)) - New reporters are added after registries were created. Some metrics will be missing from the reporter. Please add reporter before adding any new registry.
2022-07-30 01:52:42,320 [Listener at 127.0.0.1/40433] WARN  impl.MetricRegistriesImpl (MetricRegistriesImpl.java:addReporterRegistration(111)) - New reporters are added after registries were created. Some metrics will be missing from the reporter. Please add reporter before adding any new registry.
2022-07-30 01:52:42,320 [Listener at 127.0.0.1/40433] INFO  impl.MetricsSystemImpl (MetricsSystemImpl.java:init(158)) - HddsDatanode metrics system started (again)
2022-07-30 01:52:42,330 [Datanode State Machine Daemon Thread] INFO  statemachine.DatanodeStateMachine (DatanodeStateMachine.java:lambda$startDaemon$0(492)) - Ozone container server started.
2022-07-30 01:52:42,408 [EndpointStateMachine task thread for /0.0.0.0:46277 - 0 ] INFO  volume.HddsVolume (HddsVolume.java:createDbStore(309)) - SchemaV3 db is created and loaded at /home/runner/work/ozone/ozone/hadoop-ozone/integration-test/target/test-dir/MiniOzoneClusterImpl-bc8b033d-3bc2-4820-b618-97820f252933/datanode-1/data-0/containers/hdds/bc8b033d-3bc2-4820-b618-97820f252933/DS-2fd65c26-4a41-4c63-8d7b-e4e40115a830/container.db for volume DS-2fd65c26-4a41-4c63-8d7b-e4e40115a830
2022-07-30 01:52:42,409 [EndpointStateMachine task thread for /0.0.0.0:46277 - 0 ] INFO  volume.HddsVolume (HddsVolume.java:closeDbStore(340)) - SchemaV3 db is stopped at /home/runner/work/ozone/ozone/hadoop-ozone/integration-test/target/test-dir/MiniOzoneClusterImpl-bc8b033d-3bc2-4820-b618-97820f252933/datanode-1/data-0/containers/hdds/bc8b033d-3bc2-4820-b618-97820f252933/DS-2fd65c26-4a41-4c63-8d7b-e4e40115a830/container.db for volume DS-2fd65c26-4a41-4c63-8d7b-e4e40115a830
2022-07-30 01:52:42,409 [EndpointStateMachine task thread for /0.0.0.0:46277 - 0 ] INFO  ozoneimpl.OzoneContainer (OzoneContainer.java:start(377)) - Attempting to start container services.
2022-07-30 01:52:42,409 [EndpointStateMachine task thread for /0.0.0.0:46277 - 0 ] INFO  ozoneimpl.OzoneContainer (OzoneContainer.java:startContainerScrub(312)) - Background container scanner has been disabled.
2022-07-30 01:52:42,424 [org.apache.hadoop.util.JvmPauseMonitor$Monitor@35da8506] INFO  util.JvmPauseMonitor (JvmPauseMonitor.java:run(188)) - Starting JVM pause monitor
2022-07-30 01:52:42,432 [Listener at 127.0.0.1/40433] INFO  ozone.HddsDatanodeService (HddsDatanodeService.java:start(236)) - HddsDatanodeService host:fv-az297-62.nmf1rxwemy4u5di1sxxf4ejcwb.jx.internal.cloudapp.net ip:10.1.0.37
2022-07-30 01:52:42,468 [EndpointStateMachine task thread for /0.0.0.0:46277 - 0 ] INFO  replication.ReplicationServer (ReplicationServer.java:start(111)) - ReplicationServer is started using port 41873
2022-07-30 01:52:42,469 [EndpointStateMachine task thread for /0.0.0.0:46277 - 0 ] INFO  ratis.XceiverServerRatis (XceiverServerRatis.java:start(481)) - Starting XceiverServerRatis 65c0e71a-8f9a-4866-86b4-013512fa0d07
2022-07-30 01:52:42,487 [Listener at 127.0.0.1/40433] INFO  upgrade.AbstractLayoutVersionManager (AbstractLayoutVersionManager.java:init(83)) - Initializing Layout version manager with metadata layout = DATANODE_SCHEMA_V3 (version = 4), software layout = DATANODE_SCHEMA_V3 (version = 4)
2022-07-30 01:52:42,502 [EndpointStateMachine task thread for /0.0.0.0:46277 - 0 ] INFO  server.RaftServer (RaftServerProxy.java:lambda$start$6(382)) - 65c0e71a-8f9a-4866-86b4-013512fa0d07: start RPC server
2022-07-30 01:52:42,507 [EndpointStateMachine task thread for /0.0.0.0:46277 - 0 ] INFO  server.GrpcService (GrpcService.java:startImpl(260)) - 65c0e71a-8f9a-4866-86b4-013512fa0d07: GrpcService started, listening on 46743
2022-07-30 01:52:42,515 [EndpointStateMachine task thread for /0.0.0.0:46277 - 0 ] INFO  ratis.XceiverServerRatis (XceiverServerRatis.java:getRealPort(502)) - XceiverServerRatis 65c0e71a-8f9a-4866-86b4-013512fa0d07 is started using port 46743 for RATIS
2022-07-30 01:52:42,515 [org.apache.ratis.util.JvmPauseMonitor$$Lambda$615/1033062816@5aed15d5] INFO  util.JvmPauseMonitor (JvmPauseMonitor.java:run(103)) - JvmPauseMonitor-65c0e71a-8f9a-4866-86b4-013512fa0d07: Started
2022-07-30 01:52:42,515 [EndpointStateMachine task thread for /0.0.0.0:46277 - 0 ] INFO  ratis.XceiverServerRatis (XceiverServerRatis.java:getRealPort(502)) - XceiverServerRatis 65c0e71a-8f9a-4866-86b4-013512fa0d07 is started using port 46743 for RATIS_ADMIN
2022-07-30 01:52:42,516 [EndpointStateMachine task thread for /0.0.0.0:46277 - 0 ] INFO  ratis.XceiverServerRatis (XceiverServerRatis.java:getRealPort(502)) - XceiverServerRatis 65c0e71a-8f9a-4866-86b4-013512fa0d07 is started using port 46743 for RATIS_SERVER
2022-07-30 01:52:42,580 [Datanode State Machine Task Thread - 0] INFO  datanode.InitDatanodeState (InitDatanodeState.java:persistContainerDatanodeDetails(138)) - DatanodeDetails is persisted to /home/runner/work/ozone/ozone/hadoop-ozone/integration-test/target/test-dir/MiniOzoneClusterImpl-bc8b033d-3bc2-4820-b618-97820f252933/datanode-3/meta/datanode.id
2022-07-30 01:52:42,592 [EndpointStateMachine task thread for /0.0.0.0:46277 - 0 ] INFO  server.XceiverServerGrpc (XceiverServerGrpc.java:start(180)) - XceiverServerGrpc 65c0e71a-8f9a-4866-86b4-013512fa0d07 is started using port 43849
2022-07-30 01:52:42,649 [Listener at 127.0.0.1/40433] INFO  reflections.Reflections (Reflections.java:scan(232)) - Reflections took 160 ms to scan 7 urls, producing 132 keys and 321 values 
2022-07-30 01:52:42,650 [Listener at 127.0.0.1/40433] INFO  statemachine.DatanodeStateMachine (DatanodeStateMachine.java:getEndPointTaskThreadPoolSize(237)) - Datanode State Machine Task Thread Pool size 2
2022-07-30 01:52:42,660 [Listener at 127.0.0.1/40433] INFO  volume.HddsVolume (HddsVolume.java:<init>(116)) - Creating HddsVolume: /home/runner/work/ozone/ozone/hadoop-ozone/integration-test/target/test-dir/MiniOzoneClusterImpl-bc8b033d-3bc2-4820-b618-97820f252933/datanode-4/data-0/containers/hdds of storage type : DISK capacity : 9223372036854775807
2022-07-30 01:52:42,660 [Listener at 127.0.0.1/40433] INFO  volume.MutableVolumeSet (MutableVolumeSet.java:initializeVolumeSet(174)) - Added Volume : /home/runner/work/ozone/ozone/hadoop-ozone/integration-test/target/test-dir/MiniOzoneClusterImpl-bc8b033d-3bc2-4820-b618-97820f252933/datanode-4/data-0/containers/hdds to VolumeSet
2022-07-30 01:52:42,661 [Listener at 127.0.0.1/40433] INFO  volume.ThrottledAsyncChecker (ThrottledAsyncChecker.java:schedule(141)) - Scheduling a check for /home/runner/work/ozone/ozone/hadoop-ozone/integration-test/target/test-dir/MiniOzoneClusterImpl-bc8b033d-3bc2-4820-b618-97820f252933/datanode-4/data-0/containers/hdds
2022-07-30 01:52:42,664 [Listener at 127.0.0.1/40433] INFO  volume.StorageVolumeChecker (StorageVolumeChecker.java:checkAllVolumes(202)) - Scheduled health check for volume /home/runner/work/ozone/ozone/hadoop-ozone/integration-test/target/test-dir/MiniOzoneClusterImpl-bc8b033d-3bc2-4820-b618-97820f252933/datanode-4/data-0/containers/hdds
2022-07-30 01:52:42,674 [Listener at 127.0.0.1/40433] INFO  volume.MutableVolumeSet (MutableVolumeSet.java:initializeVolumeSet(174)) - Added Volume : /home/runner/work/ozone/ozone/hadoop-ozone/integration-test/target/test-dir/MiniOzoneClusterImpl-bc8b033d-3bc2-4820-b618-97820f252933/datanode-4/data/ratis to VolumeSet
2022-07-30 01:52:42,674 [Listener at 127.0.0.1/40433] INFO  volume.ThrottledAsyncChecker (ThrottledAsyncChecker.java:schedule(141)) - Scheduling a check for /home/runner/work/ozone/ozone/hadoop-ozone/integration-test/target/test-dir/MiniOzoneClusterImpl-bc8b033d-3bc2-4820-b618-97820f252933/datanode-4/data/ratis
2022-07-30 01:52:42,675 [Listener at 127.0.0.1/40433] INFO  volume.StorageVolumeChecker (StorageVolumeChecker.java:checkAllVolumes(202)) - Scheduled health check for volume /home/runner/work/ozone/ozone/hadoop-ozone/integration-test/target/test-dir/MiniOzoneClusterImpl-bc8b033d-3bc2-4820-b618-97820f252933/datanode-4/data/ratis
2022-07-30 01:52:42,708 [Thread-2323] INFO  ozoneimpl.ContainerReader (ContainerReader.java:readVolume(175)) - Finish verifying containers on volume /home/runner/work/ozone/ozone/hadoop-ozone/integration-test/target/test-dir/MiniOzoneClusterImpl-bc8b033d-3bc2-4820-b618-97820f252933/datanode-4/data-0/containers/hdds
2022-07-30 01:52:42,709 [Listener at 127.0.0.1/40433] INFO  ozoneimpl.OzoneContainer (OzoneContainer.java:buildContainerSet(299)) - Build ContainerSet costs 0s
2022-07-30 01:52:42,710 [Listener at 127.0.0.1/40433] INFO  server.RaftServer (ConfUtils.java:logGet(46)) - raft.rpc.type = GRPC (default)
2022-07-30 01:52:42,710 [Listener at 127.0.0.1/40433] INFO  grpc.GrpcFactory (GrpcFactory.java:checkPooledByteBufAllocatorUseCacheForAllThreads(48)) - PERFORMANCE WARNING: useCacheForAllThreads is true that may cause Netty to create a lot garbage objects and, as a result, trigger GC.
	It is recommended to disable useCacheForAllThreads by setting -Dorg.apache.ratis.thirdparty.io.netty.allocator.useCacheForAllThreads=false in command line.
2022-07-30 01:52:42,710 [Listener at 127.0.0.1/40433] INFO  grpc.GrpcConfigKeys (ConfUtils.java:logGet(46)) - raft.grpc.admin.port = 0 (custom)
2022-07-30 01:52:42,711 [Listener at 127.0.0.1/40433] INFO  grpc.GrpcConfigKeys (ConfUtils.java:logGet(46)) - raft.grpc.client.port = 0 (custom)
2022-07-30 01:52:42,711 [Listener at 127.0.0.1/40433] INFO  grpc.GrpcConfigKeys (ConfUtils.java:logGet(46)) - raft.grpc.server.port = 0 (default)
2022-07-30 01:52:42,711 [Listener at 127.0.0.1/40433] INFO  server.GrpcService (ConfUtils.java:logGet(46)) - raft.grpc.message.size.max = 32MB (=33554432) (custom)
2022-07-30 01:52:42,711 [Listener at 127.0.0.1/40433] INFO  server.RaftServerConfigKeys (ConfUtils.java:logGet(46)) - raft.server.log.appender.buffer.byte-limit = 33554432 (custom)
2022-07-30 01:52:42,711 [Listener at 127.0.0.1/40433] INFO  server.GrpcService (ConfUtils.java:logGet(46)) - raft.grpc.flow.control.window = 5MB (=5242880) (custom)
2022-07-30 01:52:42,711 [Listener at 127.0.0.1/40433] INFO  server.RaftServerConfigKeys (ConfUtils.java:logGet(46)) - raft.server.rpc.request.timeout = 60s (custom)
2022-07-30 01:52:42,716 [Listener at 127.0.0.1/40433] INFO  grpc.GrpcConfigKeys (ConfUtils.java:logGet(46)) - raft.grpc.server.async.request.thread.pool.cached = true (default)
2022-07-30 01:52:42,716 [Listener at 127.0.0.1/40433] INFO  grpc.GrpcConfigKeys (ConfUtils.java:logGet(46)) - raft.grpc.server.async.request.thread.pool.size = 32 (default)
2022-07-30 01:52:42,717 [Listener at 127.0.0.1/40433] INFO  impl.DataStreamServerImpl (ConfUtils.java:logGet(46)) - raft.datastream.type = DISABLED (default)
2022-07-30 01:52:42,717 [Listener at 127.0.0.1/40433] INFO  server.RaftServerConfigKeys (ConfUtils.java:logGet(46)) - raft.server.threadpool.proxy.cached = true (default)
2022-07-30 01:52:42,717 [Listener at 127.0.0.1/40433] INFO  server.RaftServerConfigKeys (ConfUtils.java:logGet(46)) - raft.server.threadpool.proxy.size = 0 (default)
2022-07-30 01:52:42,717 [Listener at 127.0.0.1/40433] INFO  server.RaftServerConfigKeys (ConfUtils.java:logGet(46)) - raft.server.rpc.slowness.timeout = 300s (custom)
2022-07-30 01:52:42,718 [Listener at 127.0.0.1/40433] INFO  server.RaftServerConfigKeys (ConfUtils.java:logGet(46)) - raft.server.leaderelection.leader.step-down.wait-time = 10s (default)
2022-07-30 01:52:42,718 [Listener at 127.0.0.1/40433] INFO  server.RaftServerConfigKeys (ConfUtils.java:logGet(46)) - raft.server.storage.dir = [/home/runner/work/ozone/ozone/hadoop-ozone/integration-test/target/test-dir/MiniOzoneClusterImpl-bc8b033d-3bc2-4820-b618-97820f252933/datanode-4/data/ratis] (custom)
2022-07-30 01:52:42,729 [Listener at 127.0.0.1/40433] INFO  server.XceiverServerGrpc (XceiverServerGrpc.java:<init>(132)) - GrpcServer channel type EpollServerSocketChannel
2022-07-30 01:52:42,732 [Listener at 127.0.0.1/40433] INFO  http.BaseHttpServer (BaseHttpServer.java:newHttpServer2BuilderForOzone(209)) - Starting Web-server for hddsDatanode at: http://0.0.0.0:0
2022-07-30 01:52:42,732 [Listener at 127.0.0.1/40433] INFO  http.BaseHttpServer (BaseHttpServer.java:<init>(107)) - Hadoop Security Enabled: false Ozone Security Enabled: false Ozone HTTP Security Enabled: false 
2022-07-30 01:52:42,733 [Listener at 127.0.0.1/40433] INFO  server.AuthenticationFilter (AuthenticationFilter.java:constructSecretProvider(240)) - Unable to initialize FileSignerSecretProvider, falling back to use random secrets.
2022-07-30 01:52:42,734 [Listener at 127.0.0.1/40433] WARN  http.HttpRequestLog (HttpRequestLog.java:getRequestLog(103)) - Jetty request log can only be enabled using Log4j
2022-07-30 01:52:42,735 [Listener at 127.0.0.1/40433] INFO  http.HttpServer2 (HttpServer2.java:addGlobalFilter(1029)) - Added global filter 'safety' (class=org.apache.hadoop.hdds.server.http.HttpServer2$QuotingInputFilter)
2022-07-30 01:52:42,735 [Listener at 127.0.0.1/40433] INFO  http.HttpServer2 (HttpServer2.java:addFilter(1005)) - Added filter static_user_filter (class=org.apache.hadoop.http.lib.StaticUserWebFilter$StaticUserFilter) to context hddsDatanode
2022-07-30 01:52:42,735 [Listener at 127.0.0.1/40433] INFO  http.HttpServer2 (HttpServer2.java:addFilter(1013)) - Added filter static_user_filter (class=org.apache.hadoop.http.lib.StaticUserWebFilter$StaticUserFilter) to context static
2022-07-30 01:52:42,735 [Listener at 127.0.0.1/40433] INFO  http.HttpServer2 (HttpServer2.java:addFilter(1013)) - Added filter static_user_filter (class=org.apache.hadoop.http.lib.StaticUserWebFilter$StaticUserFilter) to context logs
2022-07-30 01:52:42,736 [Listener at 127.0.0.1/40433] INFO  http.HttpServer2 (HttpServer2.java:bindListener(1248)) - Jetty bound to port 36063
2022-07-30 01:52:42,736 [Listener at 127.0.0.1/40433] INFO  server.Server (Server.java:doStart(375)) - jetty-9.4.43.v20210629; built: 2021-06-30T11:07:22.254Z; git: 526006ecfa3af7f1a27ef3a288e2bef7ea9dd7e8; jvm 1.8.0_332-b09
2022-07-30 01:52:42,737 [Listener at 127.0.0.1/40433] INFO  server.session (DefaultSessionIdManager.java:doStart(334)) - DefaultSessionIdManager workerName=node0
2022-07-30 01:52:42,737 [Listener at 127.0.0.1/40433] INFO  server.session (DefaultSessionIdManager.java:doStart(339)) - No SessionScavenger set, using defaults
2022-07-30 01:52:42,737 [Listener at 127.0.0.1/40433] INFO  server.session (HouseKeeper.java:startScavenging(132)) - node0 Scavenging every 600000ms
2022-07-30 01:52:42,738 [Listener at 127.0.0.1/40433] INFO  handler.ContextHandler (ContextHandler.java:doStart(915)) - Started o.e.j.s.ServletContextHandler@13bd2f20{logs,/logs,file:///home/runner/work/ozone/ozone/hadoop-ozone/integration-test/target/log,AVAILABLE}
2022-07-30 01:52:42,738 [Listener at 127.0.0.1/40433] INFO  handler.ContextHandler (ContextHandler.java:doStart(915)) - Started o.e.j.s.ServletContextHandler@2e4a888e{static,/static,jar:file:/home/runner/.m2/repository/org/apache/ozone/hdds-container-service/1.3.0-SNAPSHOT/hdds-container-service-1.3.0-SNAPSHOT.jar!/webapps/static,AVAILABLE}
2022-07-30 01:52:43,080 [Listener at 127.0.0.1/40433] INFO  handler.ContextHandler (ContextHandler.java:doStart(915)) - Started o.e.j.w.WebAppContext@74b0d987{hddsDatanode,/,file:///tmp/jetty-0_0_0_0-36063-hdds-container-service-1_3_0-SNAPSHOT_jar-_-any-6758266431383306375/webapp/,AVAILABLE}{jar:file:/home/runner/.m2/repository/org/apache/ozone/hdds-container-service/1.3.0-SNAPSHOT/hdds-container-service-1.3.0-SNAPSHOT.jar!/webapps/hddsDatanode}
2022-07-30 01:52:43,087 [Listener at 127.0.0.1/40433] INFO  server.AbstractConnector (AbstractConnector.java:doStart(331)) - Started ServerConnector@352b1322{HTTP/1.1, (http/1.1)}{0.0.0.0:36063}
2022-07-30 01:52:43,093 [Listener at 127.0.0.1/40433] INFO  server.Server (Server.java:doStart(415)) - Started @332471ms
2022-07-30 01:52:43,093 [Listener at 127.0.0.1/40433] WARN  impl.MetricsSystemImpl (MetricsSystemImpl.java:register(279)) - Sink prometheus already exists!
2022-07-30 01:52:43,093 [Listener at 127.0.0.1/40433] INFO  http.BaseHttpServer (BaseHttpServer.java:updateConnectorAddress(329)) - HTTP server of hddsDatanode listening at http://0.0.0.0:36063
2022-07-30 01:52:43,094 [Listener at 127.0.0.1/40433] INFO  ozone.MiniOzoneClusterImpl (MiniOzoneClusterImpl.java:lambda$waitForClusterToBeReady$0(216)) - Waiting for nodes to be ready. Got 0 of 5 DN Heartbeats.
2022-07-30 01:52:43,094 [Listener at 127.0.0.1/40433] INFO  ozone.MiniOzoneClusterImpl (MiniOzoneClusterImpl.java:lambda$waitForClusterToBeReady$0(219)) - Waiting for cluster to exit safe mode
2022-07-30 01:52:43,094 [Listener at 127.0.0.1/40433] INFO  ozone.MiniOzoneClusterImpl (MiniOzoneClusterImpl.java:lambda$waitForClusterToBeReady$0(221)) - SCM became leader
2022-07-30 01:52:43,094 [Datanode State Machine Daemon Thread] INFO  statemachine.DatanodeStateMachine (DatanodeStateMachine.java:lambda$startDaemon$0(492)) - Ozone container server started.
2022-07-30 01:52:43,132 [org.apache.hadoop.util.JvmPauseMonitor$Monitor@301939dd] INFO  util.JvmPauseMonitor (JvmPauseMonitor.java:run(188)) - Starting JVM pause monitor
2022-07-30 01:52:43,149 [Datanode State Machine Task Thread - 0] INFO  datanode.InitDatanodeState (InitDatanodeState.java:persistContainerDatanodeDetails(138)) - DatanodeDetails is persisted to /home/runner/work/ozone/ozone/hadoop-ozone/integration-test/target/test-dir/MiniOzoneClusterImpl-bc8b033d-3bc2-4820-b618-97820f252933/datanode-4/meta/datanode.id
2022-07-30 01:52:43,299 [EndpointStateMachine task thread for /0.0.0.0:46277 - 0 ] INFO  volume.HddsVolume (HddsVolume.java:createDbStore(309)) - SchemaV3 db is created and loaded at /home/runner/work/ozone/ozone/hadoop-ozone/integration-test/target/test-dir/MiniOzoneClusterImpl-bc8b033d-3bc2-4820-b618-97820f252933/datanode-2/data-0/containers/hdds/bc8b033d-3bc2-4820-b618-97820f252933/DS-8a1a8aa1-f1ac-485e-a228-f36ff7d4ad87/container.db for volume DS-8a1a8aa1-f1ac-485e-a228-f36ff7d4ad87
2022-07-30 01:52:43,338 [EndpointStateMachine task thread for /0.0.0.0:46277 - 0 ] INFO  volume.HddsVolume (HddsVolume.java:closeDbStore(340)) - SchemaV3 db is stopped at /home/runner/work/ozone/ozone/hadoop-ozone/integration-test/target/test-dir/MiniOzoneClusterImpl-bc8b033d-3bc2-4820-b618-97820f252933/datanode-2/data-0/containers/hdds/bc8b033d-3bc2-4820-b618-97820f252933/DS-8a1a8aa1-f1ac-485e-a228-f36ff7d4ad87/container.db for volume DS-8a1a8aa1-f1ac-485e-a228-f36ff7d4ad87
2022-07-30 01:52:43,338 [EndpointStateMachine task thread for /0.0.0.0:46277 - 0 ] INFO  ozoneimpl.OzoneContainer (OzoneContainer.java:start(377)) - Attempting to start container services.
2022-07-30 01:52:43,338 [EndpointStateMachine task thread for /0.0.0.0:46277 - 0 ] INFO  ozoneimpl.OzoneContainer (OzoneContainer.java:startContainerScrub(312)) - Background container scanner has been disabled.
2022-07-30 01:52:43,352 [EndpointStateMachine task thread for /0.0.0.0:46277 - 0 ] INFO  replication.ReplicationServer (ReplicationServer.java:start(111)) - ReplicationServer is started using port 42713
2022-07-30 01:52:43,353 [EndpointStateMachine task thread for /0.0.0.0:46277 - 0 ] INFO  ratis.XceiverServerRatis (XceiverServerRatis.java:start(481)) - Starting XceiverServerRatis 1c5a9a78-c73d-49f5-a922-d91982043581
2022-07-30 01:52:43,367 [EndpointStateMachine task thread for /0.0.0.0:46277 - 0 ] INFO  server.RaftServer (RaftServerProxy.java:lambda$start$6(382)) - 1c5a9a78-c73d-49f5-a922-d91982043581: start RPC server
2022-07-30 01:52:43,381 [IPC Server handler 11 on default port 46277] INFO  net.NetworkTopologyImpl (NetworkTopologyImpl.java:add(112)) - Added a new node: /default-rack/8f5c3faa-f143-4f3c-a1d4-a848eac4f418
2022-07-30 01:52:43,382 [IPC Server handler 11 on default port 46277] INFO  node.SCMNodeManager (SCMNodeManager.java:register(397)) - Registered Data node : 8f5c3faa-f143-4f3c-a1d4-a848eac4f418{ip: 10.1.0.37, host: fv-az297-62.nmf1rxwemy4u5di1sxxf4ejcwb.jx.internal.cloudapp.net, ports: [REPLICATION=35023, RATIS=44703, RATIS_ADMIN=44703, RATIS_SERVER=44703, STANDALONE=35673], networkLocation: /default-rack, certSerialId: null, persistedOpState: null, persistedOpStateExpiryEpochSec: 0}
2022-07-30 01:52:43,395 [EventQueue-NodeRegistrationContainerReportForDataNodeSafeModeRule] INFO  safemode.SCMSafeModeManager (DataNodeSafeModeRule.java:process(71)) - SCM in safe mode. 1 DataNodes registered, 3 required.
2022-07-30 01:52:43,396 [EventQueue-NodeRegistrationContainerReportForContainerSafeModeRule] INFO  safemode.SCMSafeModeManager (SCMSafeModeManager.java:validateSafeModeExitRules(204)) - ContainerSafeModeRule rule is successfully validated
2022-07-30 01:52:43,409 [EndpointStateMachine task thread for /0.0.0.0:46277 - 0 ] INFO  server.GrpcService (GrpcService.java:startImpl(260)) - 1c5a9a78-c73d-49f5-a922-d91982043581: GrpcService started, listening on 34069
2022-07-30 01:52:43,409 [EventQueue-NewNodeForNewNodeHandler] INFO  pipeline.BackgroundPipelineCreator (BackgroundPipelineCreator.java:notifyEventTriggered(276)) - trigger a one-shot run on RatisPipelineUtilsThread.
2022-07-30 01:52:43,409 [RatisPipelineUtilsThread - 0] INFO  pipeline.RatisPipelineProvider (RatisPipelineProvider.java:lambda$create$0(195)) - Sending CreatePipelineCommand for pipeline:PipelineID=8ec02819-2f19-417f-820c-8b4e379d06f0 to datanode:8f5c3faa-f143-4f3c-a1d4-a848eac4f418
2022-07-30 01:52:43,414 [EventQueue-PipelineReportForOneReplicaPipelineSafeModeRule] INFO  safemode.SCMSafeModeManager (SCMSafeModeManager.java:validateSafeModeExitRules(204)) - AtleastOneDatanodeReportedRule rule is successfully validated
2022-07-30 01:52:43,414 [EndpointStateMachine task thread for /0.0.0.0:46277 - 0 ] INFO  ratis.XceiverServerRatis (XceiverServerRatis.java:getRealPort(502)) - XceiverServerRatis 1c5a9a78-c73d-49f5-a922-d91982043581 is started using port 34069 for RATIS
2022-07-30 01:52:43,415 [EndpointStateMachine task thread for /0.0.0.0:46277 - 0 ] INFO  ratis.XceiverServerRatis (XceiverServerRatis.java:getRealPort(502)) - XceiverServerRatis 1c5a9a78-c73d-49f5-a922-d91982043581 is started using port 34069 for RATIS_ADMIN
2022-07-30 01:52:43,415 [EndpointStateMachine task thread for /0.0.0.0:46277 - 0 ] INFO  ratis.XceiverServerRatis (XceiverServerRatis.java:getRealPort(502)) - XceiverServerRatis 1c5a9a78-c73d-49f5-a922-d91982043581 is started using port 34069 for RATIS_SERVER
2022-07-30 01:52:43,415 [org.apache.ratis.util.JvmPauseMonitor$$Lambda$615/1033062816@5ffcb135] INFO  util.JvmPauseMonitor (JvmPauseMonitor.java:run(103)) - JvmPauseMonitor-1c5a9a78-c73d-49f5-a922-d91982043581: Started
2022-07-30 01:52:43,436 [EndpointStateMachine task thread for /0.0.0.0:46277 - 0 ] INFO  server.XceiverServerGrpc (XceiverServerGrpc.java:start(180)) - XceiverServerGrpc 1c5a9a78-c73d-49f5-a922-d91982043581 is started using port 34363
2022-07-30 01:52:43,442 [RatisPipelineUtilsThread - 0] INFO  pipeline.PipelineStateManagerImpl (PipelineStateManagerImpl.java:addPipeline(103)) - Created pipeline Pipeline[ Id: 8ec02819-2f19-417f-820c-8b4e379d06f0, Nodes: 8f5c3faa-f143-4f3c-a1d4-a848eac4f418{ip: 10.1.0.37, host: fv-az297-62.nmf1rxwemy4u5di1sxxf4ejcwb.jx.internal.cloudapp.net, ports: [REPLICATION=35023, RATIS=44703, RATIS_ADMIN=44703, RATIS_SERVER=44703, STANDALONE=35673], networkLocation: /default-rack, certSerialId: null, persistedOpState: IN_SERVICE, persistedOpStateExpiryEpochSec: 0}, ReplicationConfig: RATIS/ONE, State:ALLOCATED, leaderId:, CreationTimestamp2022-07-30T01:52:43.409Z[Etc/UTC]].
2022-07-30 01:52:44,094 [Listener at 127.0.0.1/40433] INFO  ozone.MiniOzoneClusterImpl (MiniOzoneClusterImpl.java:lambda$waitForClusterToBeReady$0(216)) - Waiting for nodes to be ready. Got 1 of 5 DN Heartbeats.
2022-07-30 01:52:44,094 [Listener at 127.0.0.1/40433] INFO  ozone.MiniOzoneClusterImpl (MiniOzoneClusterImpl.java:lambda$waitForClusterToBeReady$0(219)) - Waiting for cluster to exit safe mode
2022-07-30 01:52:44,094 [Listener at 127.0.0.1/40433] INFO  ozone.MiniOzoneClusterImpl (MiniOzoneClusterImpl.java:lambda$waitForClusterToBeReady$0(221)) - SCM became leader
2022-07-30 01:52:44,144 [UnderReplicatedQueueThreadThread] INFO  replication.UnderReplicatedProcessor (UnderReplicatedProcessor.java:processAll(85)) - Processed 0 under replicated containers, failed processing 0
2022-07-30 01:52:44,154 [OverReplicatedQueueThreadThread] INFO  replication.OverReplicatedProcessor (OverReplicatedProcessor.java:processAll(83)) - Processed 0 over replicated containers, failed processing 0
2022-07-30 01:52:44,246 [IPC Server handler 11 on default port 46277] INFO  net.NetworkTopologyImpl (NetworkTopologyImpl.java:add(112)) - Added a new node: /default-rack/65c0e71a-8f9a-4866-86b4-013512fa0d07
2022-07-30 01:52:44,246 [IPC Server handler 11 on default port 46277] INFO  node.SCMNodeManager (SCMNodeManager.java:register(397)) - Registered Data node : 65c0e71a-8f9a-4866-86b4-013512fa0d07{ip: 10.1.0.37, host: fv-az297-62.nmf1rxwemy4u5di1sxxf4ejcwb.jx.internal.cloudapp.net, ports: [REPLICATION=41873, RATIS=46743, RATIS_ADMIN=46743, RATIS_SERVER=46743, STANDALONE=43849], networkLocation: /default-rack, certSerialId: null, persistedOpState: null, persistedOpStateExpiryEpochSec: 0}
2022-07-30 01:52:44,247 [EventQueue-NewNodeForNewNodeHandler] INFO  pipeline.BackgroundPipelineCreator (BackgroundPipelineCreator.java:notifyEventTriggered(276)) - trigger a one-shot run on RatisPipelineUtilsThread.
2022-07-30 01:52:44,248 [EventQueue-NodeRegistrationContainerReportForDataNodeSafeModeRule] INFO  safemode.SCMSafeModeManager (DataNodeSafeModeRule.java:process(71)) - SCM in safe mode. 2 DataNodes registered, 3 required.
2022-07-30 01:52:44,250 [RatisPipelineUtilsThread - 0] INFO  pipeline.RatisPipelineProvider (RatisPipelineProvider.java:lambda$create$0(195)) - Sending CreatePipelineCommand for pipeline:PipelineID=1b2fe021-0fa9-4ffa-a5bc-4509551e3dd3 to datanode:65c0e71a-8f9a-4866-86b4-013512fa0d07
2022-07-30 01:52:44,250 [RatisPipelineUtilsThread - 0] INFO  pipeline.PipelineStateManagerImpl (PipelineStateManagerImpl.java:addPipeline(103)) - Created pipeline Pipeline[ Id: 1b2fe021-0fa9-4ffa-a5bc-4509551e3dd3, Nodes: 65c0e71a-8f9a-4866-86b4-013512fa0d07{ip: 10.1.0.37, host: fv-az297-62.nmf1rxwemy4u5di1sxxf4ejcwb.jx.internal.cloudapp.net, ports: [REPLICATION=41873, RATIS=46743, RATIS_ADMIN=46743, RATIS_SERVER=46743, STANDALONE=43849], networkLocation: /default-rack, certSerialId: null, persistedOpState: IN_SERVICE, persistedOpStateExpiryEpochSec: 0}, ReplicationConfig: RATIS/ONE, State:ALLOCATED, leaderId:, CreationTimestamp2022-07-30T01:52:44.250Z[Etc/UTC]].
2022-07-30 01:52:44,575 [EndpointStateMachine task thread for /0.0.0.0:46277 - 0 ] INFO  volume.HddsVolume (HddsVolume.java:createDbStore(309)) - SchemaV3 db is created and loaded at /home/runner/work/ozone/ozone/hadoop-ozone/integration-test/target/test-dir/MiniOzoneClusterImpl-bc8b033d-3bc2-4820-b618-97820f252933/datanode-3/data-0/containers/hdds/bc8b033d-3bc2-4820-b618-97820f252933/DS-66d4df99-e818-4b91-984f-b7bc50141c20/container.db for volume DS-66d4df99-e818-4b91-984f-b7bc50141c20
2022-07-30 01:52:44,575 [EndpointStateMachine task thread for /0.0.0.0:46277 - 0 ] INFO  volume.HddsVolume (HddsVolume.java:closeDbStore(340)) - SchemaV3 db is stopped at /home/runner/work/ozone/ozone/hadoop-ozone/integration-test/target/test-dir/MiniOzoneClusterImpl-bc8b033d-3bc2-4820-b618-97820f252933/datanode-3/data-0/containers/hdds/bc8b033d-3bc2-4820-b618-97820f252933/DS-66d4df99-e818-4b91-984f-b7bc50141c20/container.db for volume DS-66d4df99-e818-4b91-984f-b7bc50141c20
2022-07-30 01:52:44,575 [EndpointStateMachine task thread for /0.0.0.0:46277 - 0 ] INFO  ozoneimpl.OzoneContainer (OzoneContainer.java:start(377)) - Attempting to start container services.
2022-07-30 01:52:44,575 [EndpointStateMachine task thread for /0.0.0.0:46277 - 0 ] INFO  ozoneimpl.OzoneContainer (OzoneContainer.java:startContainerScrub(312)) - Background container scanner has been disabled.
2022-07-30 01:52:44,663 [EndpointStateMachine task thread for /0.0.0.0:46277 - 0 ] INFO  replication.ReplicationServer (ReplicationServer.java:start(111)) - ReplicationServer is started using port 37509
2022-07-30 01:52:44,665 [EndpointStateMachine task thread for /0.0.0.0:46277 - 0 ] INFO  ratis.XceiverServerRatis (XceiverServerRatis.java:start(481)) - Starting XceiverServerRatis 35046169-7c12-4186-af49-3ebd431ef7ed
2022-07-30 01:52:44,666 [EndpointStateMachine task thread for /0.0.0.0:46277 - 0 ] INFO  server.RaftServer (RaftServerProxy.java:lambda$start$6(382)) - 35046169-7c12-4186-af49-3ebd431ef7ed: start RPC server
2022-07-30 01:52:44,679 [EndpointStateMachine task thread for /0.0.0.0:46277 - 0 ] INFO  server.GrpcService (GrpcService.java:startImpl(260)) - 35046169-7c12-4186-af49-3ebd431ef7ed: GrpcService started, listening on 43679
2022-07-30 01:52:44,679 [EndpointStateMachine task thread for /0.0.0.0:46277 - 0 ] INFO  ratis.XceiverServerRatis (XceiverServerRatis.java:getRealPort(502)) - XceiverServerRatis 35046169-7c12-4186-af49-3ebd431ef7ed is started using port 43679 for RATIS
2022-07-30 01:52:44,679 [EndpointStateMachine task thread for /0.0.0.0:46277 - 0 ] INFO  ratis.XceiverServerRatis (XceiverServerRatis.java:getRealPort(502)) - XceiverServerRatis 35046169-7c12-4186-af49-3ebd431ef7ed is started using port 43679 for RATIS_ADMIN
2022-07-30 01:52:44,679 [EndpointStateMachine task thread for /0.0.0.0:46277 - 0 ] INFO  ratis.XceiverServerRatis (XceiverServerRatis.java:getRealPort(502)) - XceiverServerRatis 35046169-7c12-4186-af49-3ebd431ef7ed is started using port 43679 for RATIS_SERVER
2022-07-30 01:52:44,679 [org.apache.ratis.util.JvmPauseMonitor$$Lambda$615/1033062816@7d386e0e] INFO  util.JvmPauseMonitor (JvmPauseMonitor.java:run(103)) - JvmPauseMonitor-35046169-7c12-4186-af49-3ebd431ef7ed: Started
2022-07-30 01:52:44,728 [EndpointStateMachine task thread for /0.0.0.0:46277 - 0 ] INFO  server.XceiverServerGrpc (XceiverServerGrpc.java:start(180)) - XceiverServerGrpc 35046169-7c12-4186-af49-3ebd431ef7ed is started using port 37015
2022-07-30 01:52:45,095 [Listener at 127.0.0.1/40433] INFO  ozone.MiniOzoneClusterImpl (MiniOzoneClusterImpl.java:lambda$waitForClusterToBeReady$0(216)) - Waiting for nodes to be ready. Got 2 of 5 DN Heartbeats.
2022-07-30 01:52:45,095 [Listener at 127.0.0.1/40433] INFO  ozone.MiniOzoneClusterImpl (MiniOzoneClusterImpl.java:lambda$waitForClusterToBeReady$0(219)) - Waiting for cluster to exit safe mode
2022-07-30 01:52:45,095 [Listener at 127.0.0.1/40433] INFO  ozone.MiniOzoneClusterImpl (MiniOzoneClusterImpl.java:lambda$waitForClusterToBeReady$0(221)) - SCM became leader
2022-07-30 01:52:45,244 [IPC Server handler 11 on default port 46277] INFO  net.NetworkTopologyImpl (NetworkTopologyImpl.java:add(112)) - Added a new node: /default-rack/1c5a9a78-c73d-49f5-a922-d91982043581
2022-07-30 01:52:45,244 [IPC Server handler 11 on default port 46277] INFO  node.SCMNodeManager (SCMNodeManager.java:register(397)) - Registered Data node : 1c5a9a78-c73d-49f5-a922-d91982043581{ip: 10.1.0.37, host: fv-az297-62.nmf1rxwemy4u5di1sxxf4ejcwb.jx.internal.cloudapp.net, ports: [REPLICATION=42713, RATIS=34069, RATIS_ADMIN=34069, RATIS_SERVER=34069, STANDALONE=34363], networkLocation: /default-rack, certSerialId: null, persistedOpState: null, persistedOpStateExpiryEpochSec: 0}
2022-07-30 01:52:45,244 [EventQueue-NewNodeForNewNodeHandler] INFO  pipeline.BackgroundPipelineCreator (BackgroundPipelineCreator.java:notifyEventTriggered(276)) - trigger a one-shot run on RatisPipelineUtilsThread.
2022-07-30 01:52:45,251 [RatisPipelineUtilsThread - 0] INFO  pipeline.RatisPipelineProvider (RatisPipelineProvider.java:lambda$create$0(195)) - Sending CreatePipelineCommand for pipeline:PipelineID=eeb1bde2-f862-4e39-9fac-e16c22593b50 to datanode:1c5a9a78-c73d-49f5-a922-d91982043581
2022-07-30 01:52:45,251 [EventQueue-NodeRegistrationContainerReportForDataNodeSafeModeRule] INFO  safemode.SCMSafeModeManager (DataNodeSafeModeRule.java:process(71)) - SCM in safe mode. 3 DataNodes registered, 3 required.
2022-07-30 01:52:45,251 [EventQueue-NodeRegistrationContainerReportForDataNodeSafeModeRule] INFO  safemode.SCMSafeModeManager (SCMSafeModeManager.java:validateSafeModeExitRules(204)) - DataNodeSafeModeRule rule is successfully validated
2022-07-30 01:52:45,251 [EventQueue-NodeRegistrationContainerReportForDataNodeSafeModeRule] INFO  safemode.SCMSafeModeManager (SCMSafeModeManager.java:completePreCheck(233)) - All SCM safe mode pre check rules have passed
2022-07-30 01:52:45,251 [EventQueue-NodeRegistrationContainerReportForDataNodeSafeModeRule] WARN  events.EventQueue (EventQueue.java:fireEvent(216)) - No event handler registered for event TypedEvent{payloadType=SafeModeStatus, name='Safe mode status'}
2022-07-30 01:52:45,251 [EventQueue-NodeRegistrationContainerReportForDataNodeSafeModeRule] INFO  ha.SCMContext (SCMContext.java:updateSafeModeStatus(228)) - Update SafeModeStatus from SafeModeStatus{safeModeStatus=true, preCheckPassed=false} to SafeModeStatus{safeModeStatus=true, preCheckPassed=true}.
2022-07-30 01:52:45,251 [EventQueue-NodeRegistrationContainerReportForDataNodeSafeModeRule] INFO  pipeline.BackgroundPipelineCreator (BackgroundPipelineCreator.java:notifyEventTriggered(276)) - trigger a one-shot run on RatisPipelineUtilsThread.
2022-07-30 01:52:45,251 [RatisPipelineUtilsThread - 0] INFO  pipeline.PipelineStateManagerImpl (PipelineStateManagerImpl.java:addPipeline(103)) - Created pipeline Pipeline[ Id: eeb1bde2-f862-4e39-9fac-e16c22593b50, Nodes: 1c5a9a78-c73d-49f5-a922-d91982043581{ip: 10.1.0.37, host: fv-az297-62.nmf1rxwemy4u5di1sxxf4ejcwb.jx.internal.cloudapp.net, ports: [REPLICATION=42713, RATIS=34069, RATIS_ADMIN=34069, RATIS_SERVER=34069, STANDALONE=34363], networkLocation: /default-rack, certSerialId: null, persistedOpState: IN_SERVICE, persistedOpStateExpiryEpochSec: 0}, ReplicationConfig: RATIS/ONE, State:ALLOCATED, leaderId:, CreationTimestamp2022-07-30T01:52:45.251Z[Etc/UTC]].
2022-07-30 01:52:45,252 [RatisPipelineUtilsThread - 0] INFO  pipeline.RatisPipelineProvider (RatisPipelineProvider.java:lambda$create$0(195)) - Sending CreatePipelineCommand for pipeline:PipelineID=b76a3f20-9e11-4fd3-886a-8ec71b74f447 to datanode:1c5a9a78-c73d-49f5-a922-d91982043581
2022-07-30 01:52:45,252 [RatisPipelineUtilsThread - 0] INFO  pipeline.RatisPipelineProvider (RatisPipelineProvider.java:lambda$create$0(195)) - Sending CreatePipelineCommand for pipeline:PipelineID=b76a3f20-9e11-4fd3-886a-8ec71b74f447 to datanode:8f5c3faa-f143-4f3c-a1d4-a848eac4f418
2022-07-30 01:52:45,252 [RatisPipelineUtilsThread - 0] INFO  pipeline.RatisPipelineProvider (RatisPipelineProvider.java:lambda$create$0(195)) - Sending CreatePipelineCommand for pipeline:PipelineID=b76a3f20-9e11-4fd3-886a-8ec71b74f447 to datanode:65c0e71a-8f9a-4866-86b4-013512fa0d07
2022-07-30 01:52:45,252 [RatisPipelineUtilsThread - 0] INFO  pipeline.PipelineStateManagerImpl (PipelineStateManagerImpl.java:addPipeline(103)) - Created pipeline Pipeline[ Id: b76a3f20-9e11-4fd3-886a-8ec71b74f447, Nodes: 1c5a9a78-c73d-49f5-a922-d91982043581{ip: 10.1.0.37, host: fv-az297-62.nmf1rxwemy4u5di1sxxf4ejcwb.jx.internal.cloudapp.net, ports: [REPLICATION=42713, RATIS=34069, RATIS_ADMIN=34069, RATIS_SERVER=34069, STANDALONE=34363], networkLocation: /default-rack, certSerialId: null, persistedOpState: IN_SERVICE, persistedOpStateExpiryEpochSec: 0}8f5c3faa-f143-4f3c-a1d4-a848eac4f418{ip: 10.1.0.37, host: fv-az297-62.nmf1rxwemy4u5di1sxxf4ejcwb.jx.internal.cloudapp.net, ports: [REPLICATION=35023, RATIS=44703, RATIS_ADMIN=44703, RATIS_SERVER=44703, STANDALONE=35673], networkLocation: /default-rack, certSerialId: null, persistedOpState: IN_SERVICE, persistedOpStateExpiryEpochSec: 0}65c0e71a-8f9a-4866-86b4-013512fa0d07{ip: 10.1.0.37, host: fv-az297-62.nmf1rxwemy4u5di1sxxf4ejcwb.jx.internal.cloudapp.net, ports: [REPLICATION=41873, RATIS=46743, RATIS_ADMIN=46743, RATIS_SERVER=46743, STANDALONE=43849], networkLocation: /default-rack, certSerialId: null, persistedOpState: IN_SERVICE, persistedOpStateExpiryEpochSec: 0}, ReplicationConfig: RATIS/THREE, State:ALLOCATED, leaderId:, CreationTimestamp2022-07-30T01:52:45.252Z[Etc/UTC]].
2022-07-30 01:52:45,253 [RatisPipelineUtilsThread - 0] INFO  pipeline.RatisPipelineProvider (RatisPipelineProvider.java:lambda$create$0(195)) - Sending CreatePipelineCommand for pipeline:PipelineID=d9dd3c31-b632-4c80-a3bb-37e12f6e5303 to datanode:8f5c3faa-f143-4f3c-a1d4-a848eac4f418
2022-07-30 01:52:45,253 [RatisPipelineUtilsThread - 0] INFO  pipeline.RatisPipelineProvider (RatisPipelineProvider.java:lambda$create$0(195)) - Sending CreatePipelineCommand for pipeline:PipelineID=d9dd3c31-b632-4c80-a3bb-37e12f6e5303 to datanode:1c5a9a78-c73d-49f5-a922-d91982043581
2022-07-30 01:52:45,253 [RatisPipelineUtilsThread - 0] INFO  pipeline.RatisPipelineProvider (RatisPipelineProvider.java:lambda$create$0(195)) - Sending CreatePipelineCommand for pipeline:PipelineID=d9dd3c31-b632-4c80-a3bb-37e12f6e5303 to datanode:65c0e71a-8f9a-4866-86b4-013512fa0d07
2022-07-30 01:52:45,253 [RatisPipelineUtilsThread - 0] INFO  pipeline.PipelineStateManagerImpl (PipelineStateManagerImpl.java:addPipeline(103)) - Created pipeline Pipeline[ Id: d9dd3c31-b632-4c80-a3bb-37e12f6e5303, Nodes: 8f5c3faa-f143-4f3c-a1d4-a848eac4f418{ip: 10.1.0.37, host: fv-az297-62.nmf1rxwemy4u5di1sxxf4ejcwb.jx.internal.cloudapp.net, ports: [REPLICATION=35023, RATIS=44703, RATIS_ADMIN=44703, RATIS_SERVER=44703, STANDALONE=35673], networkLocation: /default-rack, certSerialId: null, persistedOpState: IN_SERVICE, persistedOpStateExpiryEpochSec: 0}1c5a9a78-c73d-49f5-a922-d91982043581{ip: 10.1.0.37, host: fv-az297-62.nmf1rxwemy4u5di1sxxf4ejcwb.jx.internal.cloudapp.net, ports: [REPLICATION=42713, RATIS=34069, RATIS_ADMIN=34069, RATIS_SERVER=34069, STANDALONE=34363], networkLocation: /default-rack, certSerialId: null, persistedOpState: IN_SERVICE, persistedOpStateExpiryEpochSec: 0}65c0e71a-8f9a-4866-86b4-013512fa0d07{ip: 10.1.0.37, host: fv-az297-62.nmf1rxwemy4u5di1sxxf4ejcwb.jx.internal.cloudapp.net, ports: [REPLICATION=41873, RATIS=46743, RATIS_ADMIN=46743, RATIS_SERVER=46743, STANDALONE=43849], networkLocation: /default-rack, certSerialId: null, persistedOpState: IN_SERVICE, persistedOpStateExpiryEpochSec: 0}, ReplicationConfig: RATIS/THREE, State:ALLOCATED, leaderId:, CreationTimestamp2022-07-30T01:52:45.253Z[Etc/UTC]].
2022-07-30 01:52:45,253 [RatisPipelineUtilsThread - 0] INFO  pipeline.PipelineManagerImpl (PipelineManagerImpl.java:recordMetricsForPipeline(796)) - Pipeline: PipelineID=d9dd3c31-b632-4c80-a3bb-37e12f6e5303 contains same datanodes as previous pipelines: PipelineID=b76a3f20-9e11-4fd3-886a-8ec71b74f447 nodeIds: 8f5c3faa-f143-4f3c-a1d4-a848eac4f418, 1c5a9a78-c73d-49f5-a922-d91982043581, 65c0e71a-8f9a-4866-86b4-013512fa0d07
2022-07-30 01:52:45,270 [EndpointStateMachine task thread for /0.0.0.0:46277 - 0 ] INFO  volume.HddsVolume (HddsVolume.java:createDbStore(309)) - SchemaV3 db is created and loaded at /home/runner/work/ozone/ozone/hadoop-ozone/integration-test/target/test-dir/MiniOzoneClusterImpl-bc8b033d-3bc2-4820-b618-97820f252933/datanode-4/data-0/containers/hdds/bc8b033d-3bc2-4820-b618-97820f252933/DS-fabcc9b3-c2e2-404c-9d50-b6fd6542e255/container.db for volume DS-fabcc9b3-c2e2-404c-9d50-b6fd6542e255
2022-07-30 01:52:45,274 [EndpointStateMachine task thread for /0.0.0.0:46277 - 0 ] INFO  volume.HddsVolume (HddsVolume.java:closeDbStore(340)) - SchemaV3 db is stopped at /home/runner/work/ozone/ozone/hadoop-ozone/integration-test/target/test-dir/MiniOzoneClusterImpl-bc8b033d-3bc2-4820-b618-97820f252933/datanode-4/data-0/containers/hdds/bc8b033d-3bc2-4820-b618-97820f252933/DS-fabcc9b3-c2e2-404c-9d50-b6fd6542e255/container.db for volume DS-fabcc9b3-c2e2-404c-9d50-b6fd6542e255
2022-07-30 01:52:45,274 [EndpointStateMachine task thread for /0.0.0.0:46277 - 0 ] INFO  ozoneimpl.OzoneContainer (OzoneContainer.java:start(377)) - Attempting to start container services.
2022-07-30 01:52:45,274 [EndpointStateMachine task thread for /0.0.0.0:46277 - 0 ] INFO  ozoneimpl.OzoneContainer (OzoneContainer.java:startContainerScrub(312)) - Background container scanner has been disabled.
2022-07-30 01:52:45,323 [EndpointStateMachine task thread for /0.0.0.0:46277 - 0 ] INFO  replication.ReplicationServer (ReplicationServer.java:start(111)) - ReplicationServer is started using port 45325
2022-07-30 01:52:45,347 [EndpointStateMachine task thread for /0.0.0.0:46277 - 0 ] INFO  ratis.XceiverServerRatis (XceiverServerRatis.java:start(481)) - Starting XceiverServerRatis 8dcd62ea-b122-4aef-891f-692e4d27e47e
2022-07-30 01:52:45,373 [EndpointStateMachine task thread for /0.0.0.0:46277 - 0 ] INFO  server.RaftServer (RaftServerProxy.java:lambda$start$6(382)) - 8dcd62ea-b122-4aef-891f-692e4d27e47e: start RPC server
2022-07-30 01:52:45,384 [EndpointStateMachine task thread for /0.0.0.0:46277 - 0 ] INFO  server.GrpcService (GrpcService.java:startImpl(260)) - 8dcd62ea-b122-4aef-891f-692e4d27e47e: GrpcService started, listening on 42953
2022-07-30 01:52:45,384 [EndpointStateMachine task thread for /0.0.0.0:46277 - 0 ] INFO  ratis.XceiverServerRatis (XceiverServerRatis.java:getRealPort(502)) - XceiverServerRatis 8dcd62ea-b122-4aef-891f-692e4d27e47e is started using port 42953 for RATIS
2022-07-30 01:52:45,385 [EndpointStateMachine task thread for /0.0.0.0:46277 - 0 ] INFO  ratis.XceiverServerRatis (XceiverServerRatis.java:getRealPort(502)) - XceiverServerRatis 8dcd62ea-b122-4aef-891f-692e4d27e47e is started using port 42953 for RATIS_ADMIN
2022-07-30 01:52:45,385 [EndpointStateMachine task thread for /0.0.0.0:46277 - 0 ] INFO  ratis.XceiverServerRatis (XceiverServerRatis.java:getRealPort(502)) - XceiverServerRatis 8dcd62ea-b122-4aef-891f-692e4d27e47e is started using port 42953 for RATIS_SERVER
2022-07-30 01:52:45,392 [org.apache.ratis.util.JvmPauseMonitor$$Lambda$615/1033062816@74c39485] INFO  util.JvmPauseMonitor (JvmPauseMonitor.java:run(103)) - JvmPauseMonitor-8dcd62ea-b122-4aef-891f-692e4d27e47e: Started
2022-07-30 01:52:45,448 [EndpointStateMachine task thread for /0.0.0.0:46277 - 0 ] INFO  server.XceiverServerGrpc (XceiverServerGrpc.java:start(180)) - XceiverServerGrpc 8dcd62ea-b122-4aef-891f-692e4d27e47e is started using port 46589
2022-07-30 01:52:46,097 [Listener at 127.0.0.1/40433] INFO  ozone.MiniOzoneClusterImpl (MiniOzoneClusterImpl.java:lambda$waitForClusterToBeReady$0(216)) - Waiting for nodes to be ready. Got 3 of 5 DN Heartbeats.
2022-07-30 01:52:46,097 [Listener at 127.0.0.1/40433] INFO  ozone.MiniOzoneClusterImpl (MiniOzoneClusterImpl.java:lambda$waitForClusterToBeReady$0(219)) - Waiting for cluster to exit safe mode
2022-07-30 01:52:46,097 [Listener at 127.0.0.1/40433] INFO  ozone.MiniOzoneClusterImpl (MiniOzoneClusterImpl.java:lambda$waitForClusterToBeReady$0(221)) - SCM became leader
2022-07-30 01:52:46,374 [Command processor thread] INFO  server.RaftServer (RaftServerProxy.java:addNew(96)) - 8f5c3faa-f143-4f3c-a1d4-a848eac4f418: addNew group-8B4E379D06F0:[8f5c3faa-f143-4f3c-a1d4-a848eac4f418|rpc:10.1.0.37:44703|priority:1] returns group-8B4E379D06F0:java.util.concurrent.CompletableFuture@2c6062b9[Not completed]
2022-07-30 01:52:46,396 [pool-1147-thread-1] INFO  server.RaftServer$Division (RaftServerImpl.java:<init>(190)) - 8f5c3faa-f143-4f3c-a1d4-a848eac4f418: new RaftServerImpl for group-8B4E379D06F0:[8f5c3faa-f143-4f3c-a1d4-a848eac4f418|rpc:10.1.0.37:44703|priority:1] with ContainerStateMachine:uninitialized
2022-07-30 01:52:46,396 [pool-1147-thread-1] INFO  server.RaftServerConfigKeys (ConfUtils.java:logGet(46)) - raft.server.rpc.timeout.min = 5s (custom)
2022-07-30 01:52:46,396 [pool-1147-thread-1] INFO  server.RaftServerConfigKeys (ConfUtils.java:logGet(46)) - raft.server.rpc.timeout.max = 5200ms (custom)
2022-07-30 01:52:46,396 [pool-1147-thread-1] INFO  server.RaftServerConfigKeys (ConfUtils.java:logGet(46)) - raft.server.rpc.sleep.time = 25ms (default)
2022-07-30 01:52:46,396 [pool-1147-thread-1] INFO  server.RaftServerConfigKeys (ConfUtils.java:logGet(46)) - raft.server.rpc.slowness.timeout = 300s (custom)
2022-07-30 01:52:46,396 [pool-1147-thread-1] INFO  server.RaftServerConfigKeys (ConfUtils.java:logGet(46)) - raft.server.leaderelection.leader.step-down.wait-time = 10s (default)
2022-07-30 01:52:46,397 [pool-1147-thread-1] INFO  server.RaftServerConfigKeys (ConfUtils.java:logGet(46)) - raft.server.sleep.deviation.threshold = 300ms (default)
2022-07-30 01:52:46,397 [pool-1147-thread-1] INFO  server.RaftServer$Division (ServerState.java:<init>(107)) - 8f5c3faa-f143-4f3c-a1d4-a848eac4f418@group-8B4E379D06F0: ConfigurationManager, init=-1: [8f5c3faa-f143-4f3c-a1d4-a848eac4f418|rpc:10.1.0.37:44703|priority:1], old=null, confs=<EMPTY_MAP>
2022-07-30 01:52:46,397 [pool-1147-thread-1] INFO  server.RaftServerConfigKeys (ConfUtils.java:logGet(46)) - raft.server.storage.dir = [/home/runner/work/ozone/ozone/hadoop-ozone/integration-test/target/test-dir/MiniOzoneClusterImpl-bc8b033d-3bc2-4820-b618-97820f252933/datanode-0/data/ratis] (custom)
2022-07-30 01:52:46,397 [pool-1147-thread-1] INFO  server.RaftServerConfigKeys (ConfUtils.java:logGet(46)) - raft.server.log.corruption.policy = EXCEPTION (default)
2022-07-30 01:52:46,397 [pool-1147-thread-1] INFO  server.RaftServerConfigKeys (ConfUtils.java:logGet(46)) - raft.server.storage.free-space.min = 0MB (=0) (default)
2022-07-30 01:52:46,397 [pool-1147-thread-1] INFO  storage.RaftStorageDirectory (RaftStorageDirectoryImpl.java:analyzeStorage(135)) - The storage directory /home/runner/work/ozone/ozone/hadoop-ozone/integration-test/target/test-dir/MiniOzoneClusterImpl-bc8b033d-3bc2-4820-b618-97820f252933/datanode-0/data/ratis/8ec02819-2f19-417f-820c-8b4e379d06f0 does not exist. Creating ...
2022-07-30 01:52:46,399 [pool-1147-thread-1] INFO  storage.RaftStorageDirectory (RaftStorageDirectoryImpl.java:tryLock(230)) - Lock on /home/runner/work/ozone/ozone/hadoop-ozone/integration-test/target/test-dir/MiniOzoneClusterImpl-bc8b033d-3bc2-4820-b618-97820f252933/datanode-0/data/ratis/8ec02819-2f19-417f-820c-8b4e379d06f0/in_use.lock acquired by nodename 10860@fv-az297-62
2022-07-30 01:52:46,400 [pool-1147-thread-1] INFO  storage.RaftStorage (RaftStorageImpl.java:format(89)) - Storage directory /home/runner/work/ozone/ozone/hadoop-ozone/integration-test/target/test-dir/MiniOzoneClusterImpl-bc8b033d-3bc2-4820-b618-97820f252933/datanode-0/data/ratis/8ec02819-2f19-417f-820c-8b4e379d06f0 has been successfully formatted.
2022-07-30 01:52:46,427 [IPC Server handler 18 on default port 46277] INFO  net.NetworkTopologyImpl (NetworkTopologyImpl.java:add(112)) - Added a new node: /default-rack/35046169-7c12-4186-af49-3ebd431ef7ed
2022-07-30 01:52:46,427 [IPC Server handler 18 on default port 46277] INFO  node.SCMNodeManager (SCMNodeManager.java:register(397)) - Registered Data node : 35046169-7c12-4186-af49-3ebd431ef7ed{ip: 10.1.0.37, host: fv-az297-62.nmf1rxwemy4u5di1sxxf4ejcwb.jx.internal.cloudapp.net, ports: [REPLICATION=37509, RATIS=43679, RATIS_ADMIN=43679, RATIS_SERVER=43679, STANDALONE=37015], networkLocation: /default-rack, certSerialId: null, persistedOpState: null, persistedOpStateExpiryEpochSec: 0}
2022-07-30 01:52:46,428 [EventQueue-NewNodeForNewNodeHandler] INFO  pipeline.BackgroundPipelineCreator (BackgroundPipelineCreator.java:notifyEventTriggered(276)) - trigger a one-shot run on RatisPipelineUtilsThread.
2022-07-30 01:52:46,428 [RatisPipelineUtilsThread - 0] INFO  pipeline.RatisPipelineProvider (RatisPipelineProvider.java:lambda$create$0(195)) - Sending CreatePipelineCommand for pipeline:PipelineID=e61e5bc7-0c21-43ee-b0fc-c8e707fda5a3 to datanode:35046169-7c12-4186-af49-3ebd431ef7ed
2022-07-30 01:52:46,428 [RatisPipelineUtilsThread - 0] INFO  pipeline.PipelineStateManagerImpl (PipelineStateManagerImpl.java:addPipeline(103)) - Created pipeline Pipeline[ Id: e61e5bc7-0c21-43ee-b0fc-c8e707fda5a3, Nodes: 35046169-7c12-4186-af49-3ebd431ef7ed{ip: 10.1.0.37, host: fv-az297-62.nmf1rxwemy4u5di1sxxf4ejcwb.jx.internal.cloudapp.net, ports: [REPLICATION=37509, RATIS=43679, RATIS_ADMIN=43679, RATIS_SERVER=43679, STANDALONE=37015], networkLocation: /default-rack, certSerialId: null, persistedOpState: IN_SERVICE, persistedOpStateExpiryEpochSec: 0}, ReplicationConfig: RATIS/ONE, State:ALLOCATED, leaderId:, CreationTimestamp2022-07-30T01:52:46.428Z[Etc/UTC]].
2022-07-30 01:52:46,433 [pool-1147-thread-1] INFO  ratis.ContainerStateMachine (ContainerStateMachine.java:loadSnapshot(236)) - group-8B4E379D06F0: The snapshot info is null. Setting the last applied indexto:(t:0, i:~)
2022-07-30 01:52:46,434 [pool-1147-thread-1] INFO  server.RaftServerConfigKeys (ConfUtils.java:logGet(46)) - raft.server.notification.no-leader.timeout = 300s (custom)
2022-07-30 01:52:46,434 [pool-1147-thread-1] INFO  server.RaftServerConfigKeys (ConfUtils.java:logGet(46)) - raft.server.log.use.memory = false (default)
2022-07-30 01:52:46,434 [pool-1147-thread-1] INFO  server.RaftServerConfigKeys (ConfUtils.java:logGet(46)) - raft.server.log.purge.gap = 1000000 (custom)
2022-07-30 01:52:46,434 [pool-1147-thread-1] INFO  server.RaftServerConfigKeys (ConfUtils.java:logGet(46)) - raft.server.log.appender.buffer.byte-limit = 33554432 (custom)
2022-07-30 01:52:46,434 [pool-1147-thread-1] INFO  server.RaftServerConfigKeys (ConfUtils.java:logGet(46)) - raft.server.log.statemachine.data.read.timeout = 1000ms (default)
2022-07-30 01:52:46,434 [pool-1147-thread-1] INFO  server.RaftServerConfigKeys (ConfUtils.java:logGet(46)) - raft.server.log.segment.size.max = 1048576 (custom)
2022-07-30 01:52:46,435 [pool-1147-thread-1] INFO  server.RaftServerConfigKeys (ConfUtils.java:logGet(46)) - raft.server.log.segment.cache.num.max = 2 (custom)
2022-07-30 01:52:46,435 [pool-1147-thread-1] INFO  server.RaftServerConfigKeys (ConfUtils.java:logGet(46)) - raft.server.log.segment.cache.size.max = 200MB (=209715200) (default)
2022-07-30 01:52:46,435 [pool-1147-thread-1] INFO  segmented.SegmentedRaftLogWorker (SegmentedRaftLogWorker.java:<init>(187)) - new 8f5c3faa-f143-4f3c-a1d4-a848eac4f418@group-8B4E379D06F0-SegmentedRaftLogWorker for RaftStorageImpl:Storage Directory /home/runner/work/ozone/ozone/hadoop-ozone/integration-test/target/test-dir/MiniOzoneClusterImpl-bc8b033d-3bc2-4820-b618-97820f252933/datanode-0/data/ratis/8ec02819-2f19-417f-820c-8b4e379d06f0
2022-07-30 01:52:46,435 [pool-1147-thread-1] INFO  server.RaftServerConfigKeys (ConfUtils.java:logGet(46)) - raft.server.log.queue.byte-limit = 4294967296 (custom)
2022-07-30 01:52:46,435 [pool-1147-thread-1] INFO  server.RaftServerConfigKeys (ConfUtils.java:logGet(46)) - raft.server.log.queue.element-limit = 1024 (custom)
2022-07-30 01:52:46,435 [pool-1147-thread-1] INFO  server.RaftServerConfigKeys (ConfUtils.java:logGet(46)) - raft.server.log.segment.size.max = 1048576 (custom)
2022-07-30 01:52:46,435 [pool-1147-thread-1] INFO  server.RaftServerConfigKeys (ConfUtils.java:logGet(46)) - raft.server.log.preallocated.size = 16384 (custom)
2022-07-30 01:52:46,435 [pool-1147-thread-1] INFO  server.RaftServerConfigKeys (ConfUtils.java:logGet(46)) - raft.server.log.force.sync.num = 128 (default)
2022-07-30 01:52:46,435 [pool-1147-thread-1] INFO  server.RaftServerConfigKeys (ConfUtils.java:logGet(46)) - raft.server.log.statemachine.data.sync = true (default)
2022-07-30 01:52:46,435 [pool-1147-thread-1] INFO  server.RaftServerConfigKeys (ConfUtils.java:logGet(46)) - raft.server.log.statemachine.data.sync.timeout = 10s (default)
2022-07-30 01:52:46,436 [EventQueue-PipelineReportForPipelineReportHandler] INFO  pipeline.PipelineManagerImpl (PipelineManagerImpl.java:openPipeline(367)) - Pipeline Pipeline[ Id: 8ec02819-2f19-417f-820c-8b4e379d06f0, Nodes: 8f5c3faa-f143-4f3c-a1d4-a848eac4f418{ip: 10.1.0.37, host: fv-az297-62.nmf1rxwemy4u5di1sxxf4ejcwb.jx.internal.cloudapp.net, ports: [REPLICATION=35023, RATIS=44703, RATIS_ADMIN=44703, RATIS_SERVER=44703, STANDALONE=35673], networkLocation: /default-rack, certSerialId: null, persistedOpState: IN_SERVICE, persistedOpStateExpiryEpochSec: 0}, ReplicationConfig: RATIS/ONE, State:ALLOCATED, leaderId:8f5c3faa-f143-4f3c-a1d4-a848eac4f418, CreationTimestamp2022-07-30T01:52:43.409Z[Etc/UTC]] moved to OPEN state
2022-07-30 01:52:46,447 [pool-1147-thread-1] INFO  server.RaftServerConfigKeys (ConfUtils.java:logGet(46)) - raft.server.log.statemachine.data.sync.timeout.retry = -1 (default)
2022-07-30 01:52:46,449 [pool-1147-thread-1] INFO  server.RaftServerConfigKeys (ConfUtils.java:logGet(46)) - raft.server.log.write.buffer.size = 1048576 (custom)
2022-07-30 01:52:46,449 [pool-1147-thread-1] INFO  server.RaftServerConfigKeys (ConfUtils.java:logGet(46)) - raft.server.log.unsafe-flush.enabled = false (default)
2022-07-30 01:52:46,449 [pool-1147-thread-1] INFO  server.RaftServerConfigKeys (ConfUtils.java:logGet(46)) - raft.server.log.statemachine.data.caching.enabled = true (custom)
2022-07-30 01:52:46,450 [pool-1147-thread-1] INFO  segmented.SegmentedRaftLogWorker (SegmentedRaftLogWorker.java:lambda$new$0(135)) - 8f5c3faa-f143-4f3c-a1d4-a848eac4f418@group-8B4E379D06F0-SegmentedRaftLogWorker: flushIndex: setUnconditionally 0 -> -1
2022-07-30 01:52:46,450 [pool-1147-thread-1] INFO  segmented.SegmentedRaftLogWorker (SegmentedRaftLogWorker.java:lambda$new$0(135)) - 8f5c3faa-f143-4f3c-a1d4-a848eac4f418@group-8B4E379D06F0-SegmentedRaftLogWorker: safeCacheEvictIndex: setUnconditionally 0 -> -1
2022-07-30 01:52:46,450 [pool-1147-thread-1] INFO  server.RaftServerConfigKeys (ConfUtils.java:logGet(46)) - raft.server.snapshot.auto.trigger.enabled = true (custom)
2022-07-30 01:52:46,450 [pool-1147-thread-1] INFO  server.RaftServerConfigKeys (ConfUtils.java:logGet(46)) - raft.server.snapshot.auto.trigger.threshold = 10000 (custom)
2022-07-30 01:52:46,450 [pool-1147-thread-1] INFO  server.RaftServerConfigKeys (ConfUtils.java:logGet(46)) - raft.server.snapshot.retention.file.num = 5 (custom)
2022-07-30 01:52:46,450 [pool-1147-thread-1] INFO  server.RaftServerConfigKeys (ConfUtils.java:logGet(46)) - raft.server.log.purge.upto.snapshot.index = false (default)
2022-07-30 01:52:46,450 [pool-1147-thread-1] INFO  server.RaftServerConfigKeys (ConfUtils.java:logGet(46)) - raft.server.retrycache.expirytime = 600000ms (custom)
2022-07-30 01:52:46,450 [pool-1147-thread-1] INFO  server.RaftServerConfigKeys (ConfUtils.java:logGet(46)) - raft.server.retrycache.statistics.expirytime = 100μs (default)
2022-07-30 01:52:46,452 [pool-1147-thread-1] INFO  server.RaftServerConfigKeys (ConfUtils.java:logGet(46)) - raft.server.log.appender.install.snapshot.enabled = false (custom)
2022-07-30 01:52:46,452 [pool-1147-thread-1] INFO  server.RaftServerConfigKeys (ConfUtils.java:logGet(46)) - raft.server.threadpool.server.cached = true (default)
2022-07-30 01:52:46,452 [pool-1147-thread-1] INFO  server.RaftServerConfigKeys (ConfUtils.java:logGet(46)) - raft.server.threadpool.server.size = 0 (default)
2022-07-30 01:52:46,452 [pool-1147-thread-1] INFO  server.RaftServerConfigKeys (ConfUtils.java:logGet(46)) - raft.server.threadpool.client.cached = true (default)
2022-07-30 01:52:46,452 [pool-1147-thread-1] INFO  server.RaftServerConfigKeys (ConfUtils.java:logGet(46)) - raft.server.threadpool.client.size = 0 (default)
2022-07-30 01:52:46,452 [pool-1147-thread-1] INFO  server.RaftServer$Division (RaftServerImpl.java:start(310)) - 8f5c3faa-f143-4f3c-a1d4-a848eac4f418@group-8B4E379D06F0: start as a follower, conf=-1: [8f5c3faa-f143-4f3c-a1d4-a848eac4f418|rpc:10.1.0.37:44703|priority:1], old=null
2022-07-30 01:52:46,452 [pool-1147-thread-1] INFO  server.RaftServer$Division (RaftServerImpl.java:setRole(299)) - 8f5c3faa-f143-4f3c-a1d4-a848eac4f418@group-8B4E379D06F0: changes role from      null to FOLLOWER at term 0 for startAsFollower
2022-07-30 01:52:46,453 [pool-1147-thread-1] INFO  impl.RoleInfo (RoleInfo.java:updateAndGet(139)) - 8f5c3faa-f143-4f3c-a1d4-a848eac4f418: start 8f5c3faa-f143-4f3c-a1d4-a848eac4f418@group-8B4E379D06F0-FollowerState
2022-07-30 01:52:46,453 [pool-1147-thread-1] INFO  util.JmxRegister (JmxRegister.java:tryRegister(44)) - Successfully registered JMX Bean with object name Ratis:service=RaftServer,group=group-8B4E379D06F0,id=8f5c3faa-f143-4f3c-a1d4-a848eac4f418
2022-07-30 01:52:46,454 [Command processor thread] INFO  ratis.XceiverServerRatis (XceiverServerRatis.java:addGroup(765)) - Created group PipelineID=8ec02819-2f19-417f-820c-8b4e379d06f0
2022-07-30 01:52:46,454 [Command processor thread] INFO  commandhandler.CreatePipelineCommandHandler (CreatePipelineCommandHandler.java:handle(113)) - Created Pipeline RATIS ONE PipelineID=8ec02819-2f19-417f-820c-8b4e379d06f0.
2022-07-30 01:52:46,454 [Command processor thread] INFO  server.RaftServer (RaftServerProxy.java:addNew(96)) - 8f5c3faa-f143-4f3c-a1d4-a848eac4f418: addNew group-8EC71B74F447:[65c0e71a-8f9a-4866-86b4-013512fa0d07|rpc:10.1.0.37:46743|priority:0, 8f5c3faa-f143-4f3c-a1d4-a848eac4f418|rpc:10.1.0.37:44703|priority:0, 1c5a9a78-c73d-49f5-a922-d91982043581|rpc:10.1.0.37:34069|priority:1] returns group-8EC71B74F447:java.util.concurrent.CompletableFuture@285fe3ed[Not completed]
2022-07-30 01:52:46,454 [pool-1147-thread-1] INFO  server.RaftServer$Division (RaftServerImpl.java:<init>(190)) - 8f5c3faa-f143-4f3c-a1d4-a848eac4f418: new RaftServerImpl for group-8EC71B74F447:[65c0e71a-8f9a-4866-86b4-013512fa0d07|rpc:10.1.0.37:46743|priority:0, 8f5c3faa-f143-4f3c-a1d4-a848eac4f418|rpc:10.1.0.37:44703|priority:0, 1c5a9a78-c73d-49f5-a922-d91982043581|rpc:10.1.0.37:34069|priority:1] with ContainerStateMachine:uninitialized
2022-07-30 01:52:46,455 [pool-1147-thread-1] INFO  server.RaftServerConfigKeys (ConfUtils.java:logGet(46)) - raft.server.rpc.timeout.min = 5s (custom)
2022-07-30 01:52:46,455 [pool-1147-thread-1] INFO  server.RaftServerConfigKeys (ConfUtils.java:logGet(46)) - raft.server.rpc.timeout.max = 5200ms (custom)
2022-07-30 01:52:46,455 [pool-1147-thread-1] INFO  server.RaftServerConfigKeys (ConfUtils.java:logGet(46)) - raft.server.rpc.sleep.time = 25ms (default)
2022-07-30 01:52:46,455 [pool-1147-thread-1] INFO  server.RaftServerConfigKeys (ConfUtils.java:logGet(46)) - raft.server.rpc.slowness.timeout = 300s (custom)
2022-07-30 01:52:46,455 [pool-1147-thread-1] INFO  server.RaftServerConfigKeys (ConfUtils.java:logGet(46)) - raft.server.leaderelection.leader.step-down.wait-time = 10s (default)
2022-07-30 01:52:46,455 [pool-1147-thread-1] INFO  server.RaftServerConfigKeys (ConfUtils.java:logGet(46)) - raft.server.sleep.deviation.threshold = 300ms (default)
2022-07-30 01:52:46,455 [pool-1147-thread-1] INFO  server.RaftServer$Division (ServerState.java:<init>(107)) - 8f5c3faa-f143-4f3c-a1d4-a848eac4f418@group-8EC71B74F447: ConfigurationManager, init=-1: [65c0e71a-8f9a-4866-86b4-013512fa0d07|rpc:10.1.0.37:46743|priority:0, 8f5c3faa-f143-4f3c-a1d4-a848eac4f418|rpc:10.1.0.37:44703|priority:0, 1c5a9a78-c73d-49f5-a922-d91982043581|rpc:10.1.0.37:34069|priority:1], old=null, confs=<EMPTY_MAP>
2022-07-30 01:52:46,455 [pool-1147-thread-1] INFO  server.RaftServerConfigKeys (ConfUtils.java:logGet(46)) - raft.server.storage.dir = [/home/runner/work/ozone/ozone/hadoop-ozone/integration-test/target/test-dir/MiniOzoneClusterImpl-bc8b033d-3bc2-4820-b618-97820f252933/datanode-0/data/ratis] (custom)
2022-07-30 01:52:46,455 [pool-1147-thread-1] INFO  server.RaftServerConfigKeys (ConfUtils.java:logGet(46)) - raft.server.log.corruption.policy = EXCEPTION (default)
2022-07-30 01:52:46,455 [pool-1147-thread-1] INFO  server.RaftServerConfigKeys (ConfUtils.java:logGet(46)) - raft.server.storage.free-space.min = 0MB (=0) (default)
2022-07-30 01:52:46,455 [pool-1147-thread-1] INFO  storage.RaftStorageDirectory (RaftStorageDirectoryImpl.java:analyzeStorage(135)) - The storage directory /home/runner/work/ozone/ozone/hadoop-ozone/integration-test/target/test-dir/MiniOzoneClusterImpl-bc8b033d-3bc2-4820-b618-97820f252933/datanode-0/data/ratis/b76a3f20-9e11-4fd3-886a-8ec71b74f447 does not exist. Creating ...
2022-07-30 01:52:46,456 [pool-1147-thread-1] INFO  storage.RaftStorageDirectory (RaftStorageDirectoryImpl.java:tryLock(230)) - Lock on /home/runner/work/ozone/ozone/hadoop-ozone/integration-test/target/test-dir/MiniOzoneClusterImpl-bc8b033d-3bc2-4820-b618-97820f252933/datanode-0/data/ratis/b76a3f20-9e11-4fd3-886a-8ec71b74f447/in_use.lock acquired by nodename 10860@fv-az297-62
2022-07-30 01:52:46,456 [EventQueue-OpenPipelineForHealthyPipelineSafeModeRule] INFO  safemode.SCMSafeModeManager (HealthyPipelineSafeModeRule.java:process(137)) - SCM in safe mode. Healthy pipelines reported count is 0, required healthy pipeline reported count is 1
2022-07-30 01:52:46,459 [pool-1147-thread-1] INFO  storage.RaftStorage (RaftStorageImpl.java:format(89)) - Storage directory /home/runner/work/ozone/ozone/hadoop-ozone/integration-test/target/test-dir/MiniOzoneClusterImpl-bc8b033d-3bc2-4820-b618-97820f252933/datanode-0/data/ratis/b76a3f20-9e11-4fd3-886a-8ec71b74f447 has been successfully formatted.
2022-07-30 01:52:46,459 [pool-1147-thread-1] INFO  ratis.ContainerStateMachine (ContainerStateMachine.java:loadSnapshot(236)) - group-8EC71B74F447: The snapshot info is null. Setting the last applied indexto:(t:0, i:~)
2022-07-30 01:52:46,459 [pool-1147-thread-1] INFO  server.RaftServerConfigKeys (ConfUtils.java:logGet(46)) - raft.server.notification.no-leader.timeout = 300s (custom)
2022-07-30 01:52:46,459 [pool-1147-thread-1] INFO  server.RaftServerConfigKeys (ConfUtils.java:logGet(46)) - raft.server.log.use.memory = false (default)
2022-07-30 01:52:46,459 [pool-1147-thread-1] INFO  server.RaftServerConfigKeys (ConfUtils.java:logGet(46)) - raft.server.log.purge.gap = 1000000 (custom)
2022-07-30 01:52:46,459 [pool-1147-thread-1] INFO  server.RaftServerConfigKeys (ConfUtils.java:logGet(46)) - raft.server.log.appender.buffer.byte-limit = 33554432 (custom)
2022-07-30 01:52:46,459 [pool-1147-thread-1] INFO  server.RaftServerConfigKeys (ConfUtils.java:logGet(46)) - raft.server.log.statemachine.data.read.timeout = 1000ms (default)
2022-07-30 01:52:46,460 [EventQueue-OpenPipelineForHealthyPipelineSafeModeRule] INFO  safemode.SCMSafeModeManager (HealthyPipelineSafeModeRule.java:process(137)) - SCM in safe mode. Healthy pipelines reported count is 0, required healthy pipeline reported count is 1
2022-07-30 01:52:46,460 [pool-1147-thread-1] INFO  server.RaftServerConfigKeys (ConfUtils.java:logGet(46)) - raft.server.log.segment.size.max = 1048576 (custom)
2022-07-30 01:52:46,461 [pool-1147-thread-1] INFO  server.RaftServerConfigKeys (ConfUtils.java:logGet(46)) - raft.server.log.segment.cache.num.max = 2 (custom)
2022-07-30 01:52:46,461 [pool-1147-thread-1] INFO  server.RaftServerConfigKeys (ConfUtils.java:logGet(46)) - raft.server.log.segment.cache.size.max = 200MB (=209715200) (default)
2022-07-30 01:52:46,461 [pool-1147-thread-1] INFO  segmented.SegmentedRaftLogWorker (SegmentedRaftLogWorker.java:<init>(187)) - new 8f5c3faa-f143-4f3c-a1d4-a848eac4f418@group-8EC71B74F447-SegmentedRaftLogWorker for RaftStorageImpl:Storage Directory /home/runner/work/ozone/ozone/hadoop-ozone/integration-test/target/test-dir/MiniOzoneClusterImpl-bc8b033d-3bc2-4820-b618-97820f252933/datanode-0/data/ratis/b76a3f20-9e11-4fd3-886a-8ec71b74f447
2022-07-30 01:52:46,461 [pool-1147-thread-1] INFO  server.RaftServerConfigKeys (ConfUtils.java:logGet(46)) - raft.server.log.queue.byte-limit = 4294967296 (custom)
2022-07-30 01:52:46,461 [pool-1147-thread-1] INFO  server.RaftServerConfigKeys (ConfUtils.java:logGet(46)) - raft.server.log.queue.element-limit = 1024 (custom)
2022-07-30 01:52:46,461 [pool-1147-thread-1] INFO  server.RaftServerConfigKeys (ConfUtils.java:logGet(46)) - raft.server.log.segment.size.max = 1048576 (custom)
2022-07-30 01:52:46,461 [pool-1147-thread-1] INFO  server.RaftServerConfigKeys (ConfUtils.java:logGet(46)) - raft.server.log.preallocated.size = 16384 (custom)
2022-07-30 01:52:46,461 [pool-1147-thread-1] INFO  server.RaftServerConfigKeys (ConfUtils.java:logGet(46)) - raft.server.log.force.sync.num = 128 (default)
2022-07-30 01:52:46,461 [pool-1147-thread-1] INFO  server.RaftServerConfigKeys (ConfUtils.java:logGet(46)) - raft.server.log.statemachine.data.sync = true (default)
2022-07-30 01:52:46,461 [pool-1147-thread-1] INFO  server.RaftServerConfigKeys (ConfUtils.java:logGet(46)) - raft.server.log.statemachine.data.sync.timeout = 10s (default)
2022-07-30 01:52:46,461 [pool-1147-thread-1] INFO  server.RaftServerConfigKeys (ConfUtils.java:logGet(46)) - raft.server.log.statemachine.data.sync.timeout.retry = -1 (default)
2022-07-30 01:52:46,462 [pool-1147-thread-1] INFO  server.RaftServerConfigKeys (ConfUtils.java:logGet(46)) - raft.server.log.write.buffer.size = 1048576 (custom)
2022-07-30 01:52:46,463 [pool-1147-thread-1] INFO  server.RaftServerConfigKeys (ConfUtils.java:logGet(46)) - raft.server.log.unsafe-flush.enabled = false (default)
2022-07-30 01:52:46,463 [pool-1147-thread-1] INFO  server.RaftServerConfigKeys (ConfUtils.java:logGet(46)) - raft.server.log.statemachine.data.caching.enabled = true (custom)
2022-07-30 01:52:46,468 [pool-1147-thread-1] INFO  segmented.SegmentedRaftLogWorker (SegmentedRaftLogWorker.java:lambda$new$0(135)) - 8f5c3faa-f143-4f3c-a1d4-a848eac4f418@group-8EC71B74F447-SegmentedRaftLogWorker: flushIndex: setUnconditionally 0 -> -1
2022-07-30 01:52:46,468 [pool-1147-thread-1] INFO  segmented.SegmentedRaftLogWorker (SegmentedRaftLogWorker.java:lambda$new$0(135)) - 8f5c3faa-f143-4f3c-a1d4-a848eac4f418@group-8EC71B74F447-SegmentedRaftLogWorker: safeCacheEvictIndex: setUnconditionally 0 -> -1
2022-07-30 01:52:46,468 [pool-1147-thread-1] INFO  server.RaftServerConfigKeys (ConfUtils.java:logGet(46)) - raft.server.snapshot.auto.trigger.enabled = true (custom)
2022-07-30 01:52:46,468 [pool-1147-thread-1] INFO  server.RaftServerConfigKeys (ConfUtils.java:logGet(46)) - raft.server.snapshot.auto.trigger.threshold = 10000 (custom)
2022-07-30 01:52:46,468 [pool-1147-thread-1] INFO  server.RaftServerConfigKeys (ConfUtils.java:logGet(46)) - raft.server.snapshot.retention.file.num = 5 (custom)
2022-07-30 01:52:46,468 [pool-1147-thread-1] INFO  server.RaftServerConfigKeys (ConfUtils.java:logGet(46)) - raft.server.log.purge.upto.snapshot.index = false (default)
2022-07-30 01:52:46,468 [pool-1147-thread-1] INFO  server.RaftServerConfigKeys (ConfUtils.java:logGet(46)) - raft.server.retrycache.expirytime = 600000ms (custom)
2022-07-30 01:52:46,468 [pool-1147-thread-1] INFO  server.RaftServerConfigKeys (ConfUtils.java:logGet(46)) - raft.server.retrycache.statistics.expirytime = 100μs (default)
2022-07-30 01:52:46,470 [pool-1147-thread-1] INFO  server.RaftServerConfigKeys (ConfUtils.java:logGet(46)) - raft.server.log.appender.install.snapshot.enabled = false (custom)
2022-07-30 01:52:46,470 [pool-1147-thread-1] INFO  server.RaftServerConfigKeys (ConfUtils.java:logGet(46)) - raft.server.threadpool.server.cached = true (default)
2022-07-30 01:52:46,470 [pool-1147-thread-1] INFO  server.RaftServerConfigKeys (ConfUtils.java:logGet(46)) - raft.server.threadpool.server.size = 0 (default)
2022-07-30 01:52:46,470 [pool-1147-thread-1] INFO  server.RaftServerConfigKeys (ConfUtils.java:logGet(46)) - raft.server.threadpool.client.cached = true (default)
2022-07-30 01:52:46,470 [pool-1147-thread-1] INFO  server.RaftServerConfigKeys (ConfUtils.java:logGet(46)) - raft.server.threadpool.client.size = 0 (default)
2022-07-30 01:52:46,470 [pool-1147-thread-1] INFO  server.RaftServer$Division (RaftServerImpl.java:start(310)) - 8f5c3faa-f143-4f3c-a1d4-a848eac4f418@group-8EC71B74F447: start as a follower, conf=-1: [65c0e71a-8f9a-4866-86b4-013512fa0d07|rpc:10.1.0.37:46743|priority:0, 8f5c3faa-f143-4f3c-a1d4-a848eac4f418|rpc:10.1.0.37:44703|priority:0, 1c5a9a78-c73d-49f5-a922-d91982043581|rpc:10.1.0.37:34069|priority:1], old=null
2022-07-30 01:52:46,470 [pool-1147-thread-1] INFO  server.RaftServer$Division (RaftServerImpl.java:setRole(299)) - 8f5c3faa-f143-4f3c-a1d4-a848eac4f418@group-8EC71B74F447: changes role from      null to FOLLOWER at term 0 for startAsFollower
2022-07-30 01:52:46,470 [pool-1147-thread-1] INFO  impl.RoleInfo (RoleInfo.java:updateAndGet(139)) - 8f5c3faa-f143-4f3c-a1d4-a848eac4f418: start 8f5c3faa-f143-4f3c-a1d4-a848eac4f418@group-8EC71B74F447-FollowerState
2022-07-30 01:52:46,485 [pool-1147-thread-1] INFO  util.JmxRegister (JmxRegister.java:tryRegister(44)) - Successfully registered JMX Bean with object name Ratis:service=RaftServer,group=group-8EC71B74F447,id=8f5c3faa-f143-4f3c-a1d4-a848eac4f418
2022-07-30 01:52:46,501 [Command processor thread] INFO  ratis.XceiverServerRatis (XceiverServerRatis.java:addGroup(765)) - Created group PipelineID=b76a3f20-9e11-4fd3-886a-8ec71b74f447
2022-07-30 01:52:46,575 [grpc-default-executor-0] INFO  server.RaftServer (RaftServerProxy.java:addNew(96)) - 1c5a9a78-c73d-49f5-a922-d91982043581: addNew group-8EC71B74F447:[65c0e71a-8f9a-4866-86b4-013512fa0d07|rpc:10.1.0.37:46743|dataStream:|priority:0, 8f5c3faa-f143-4f3c-a1d4-a848eac4f418|rpc:10.1.0.37:44703|dataStream:|priority:0, 1c5a9a78-c73d-49f5-a922-d91982043581|rpc:10.1.0.37:34069|dataStream:|priority:1] returns group-8EC71B74F447:java.util.concurrent.CompletableFuture@5f67abd0[Not completed]
2022-07-30 01:52:46,581 [pool-1193-thread-1] INFO  server.RaftServer$Division (RaftServerImpl.java:<init>(190)) - 1c5a9a78-c73d-49f5-a922-d91982043581: new RaftServerImpl for group-8EC71B74F447:[65c0e71a-8f9a-4866-86b4-013512fa0d07|rpc:10.1.0.37:46743|dataStream:|priority:0, 8f5c3faa-f143-4f3c-a1d4-a848eac4f418|rpc:10.1.0.37:44703|dataStream:|priority:0, 1c5a9a78-c73d-49f5-a922-d91982043581|rpc:10.1.0.37:34069|dataStream:|priority:1] with ContainerStateMachine:uninitialized
2022-07-30 01:52:46,581 [pool-1193-thread-1] INFO  server.RaftServerConfigKeys (ConfUtils.java:logGet(46)) - raft.server.rpc.timeout.min = 5s (custom)
2022-07-30 01:52:46,581 [pool-1193-thread-1] INFO  server.RaftServerConfigKeys (ConfUtils.java:logGet(46)) - raft.server.rpc.timeout.max = 5200ms (custom)
2022-07-30 01:52:46,595 [pool-1193-thread-1] INFO  server.RaftServerConfigKeys (ConfUtils.java:logGet(46)) - raft.server.rpc.sleep.time = 25ms (default)
2022-07-30 01:52:46,595 [pool-1193-thread-1] INFO  server.RaftServerConfigKeys (ConfUtils.java:logGet(46)) - raft.server.rpc.slowness.timeout = 300s (custom)
2022-07-30 01:52:46,596 [pool-1193-thread-1] INFO  server.RaftServerConfigKeys (ConfUtils.java:logGet(46)) - raft.server.leaderelection.leader.step-down.wait-time = 10s (default)
2022-07-30 01:52:46,596 [pool-1193-thread-1] INFO  server.RaftServerConfigKeys (ConfUtils.java:logGet(46)) - raft.server.sleep.deviation.threshold = 300ms (default)
2022-07-30 01:52:46,598 [pool-1193-thread-1] INFO  server.RaftServer$Division (ServerState.java:<init>(107)) - 1c5a9a78-c73d-49f5-a922-d91982043581@group-8EC71B74F447: ConfigurationManager, init=-1: [65c0e71a-8f9a-4866-86b4-013512fa0d07|rpc:10.1.0.37:46743|dataStream:|priority:0, 8f5c3faa-f143-4f3c-a1d4-a848eac4f418|rpc:10.1.0.37:44703|dataStream:|priority:0, 1c5a9a78-c73d-49f5-a922-d91982043581|rpc:10.1.0.37:34069|dataStream:|priority:1], old=null, confs=<EMPTY_MAP>
2022-07-30 01:52:46,598 [pool-1193-thread-1] INFO  server.RaftServerConfigKeys (ConfUtils.java:logGet(46)) - raft.server.storage.dir = [/home/runner/work/ozone/ozone/hadoop-ozone/integration-test/target/test-dir/MiniOzoneClusterImpl-bc8b033d-3bc2-4820-b618-97820f252933/datanode-2/data/ratis] (custom)
2022-07-30 01:52:46,598 [pool-1193-thread-1] INFO  server.RaftServerConfigKeys (ConfUtils.java:logGet(46)) - raft.server.log.corruption.policy = EXCEPTION (default)
2022-07-30 01:52:46,598 [pool-1193-thread-1] INFO  server.RaftServerConfigKeys (ConfUtils.java:logGet(46)) - raft.server.storage.free-space.min = 0MB (=0) (default)
2022-07-30 01:52:46,598 [pool-1193-thread-1] INFO  storage.RaftStorageDirectory (RaftStorageDirectoryImpl.java:analyzeStorage(135)) - The storage directory /home/runner/work/ozone/ozone/hadoop-ozone/integration-test/target/test-dir/MiniOzoneClusterImpl-bc8b033d-3bc2-4820-b618-97820f252933/datanode-2/data/ratis/b76a3f20-9e11-4fd3-886a-8ec71b74f447 does not exist. Creating ...
2022-07-30 01:52:46,602 [pool-1193-thread-1] INFO  storage.RaftStorageDirectory (RaftStorageDirectoryImpl.java:tryLock(230)) - Lock on /home/runner/work/ozone/ozone/hadoop-ozone/integration-test/target/test-dir/MiniOzoneClusterImpl-bc8b033d-3bc2-4820-b618-97820f252933/datanode-2/data/ratis/b76a3f20-9e11-4fd3-886a-8ec71b74f447/in_use.lock acquired by nodename 10860@fv-az297-62
2022-07-30 01:52:46,606 [pool-1193-thread-1] INFO  storage.RaftStorage (RaftStorageImpl.java:format(89)) - Storage directory /home/runner/work/ozone/ozone/hadoop-ozone/integration-test/target/test-dir/MiniOzoneClusterImpl-bc8b033d-3bc2-4820-b618-97820f252933/datanode-2/data/ratis/b76a3f20-9e11-4fd3-886a-8ec71b74f447 has been successfully formatted.
2022-07-30 01:52:46,607 [pool-1193-thread-1] INFO  ratis.ContainerStateMachine (ContainerStateMachine.java:loadSnapshot(236)) - group-8EC71B74F447: The snapshot info is null. Setting the last applied indexto:(t:0, i:~)
2022-07-30 01:52:46,647 [pool-1193-thread-1] INFO  server.RaftServerConfigKeys (ConfUtils.java:logGet(46)) - raft.server.notification.no-leader.timeout = 300s (custom)
2022-07-30 01:52:46,647 [pool-1193-thread-1] INFO  server.RaftServerConfigKeys (ConfUtils.java:logGet(46)) - raft.server.log.use.memory = false (default)
2022-07-30 01:52:46,647 [pool-1193-thread-1] INFO  server.RaftServerConfigKeys (ConfUtils.java:logGet(46)) - raft.server.log.purge.gap = 1000000 (custom)
2022-07-30 01:52:46,647 [pool-1193-thread-1] INFO  server.RaftServerConfigKeys (ConfUtils.java:logGet(46)) - raft.server.log.appender.buffer.byte-limit = 33554432 (custom)
2022-07-30 01:52:46,647 [pool-1193-thread-1] INFO  server.RaftServerConfigKeys (ConfUtils.java:logGet(46)) - raft.server.log.statemachine.data.read.timeout = 1000ms (default)
2022-07-30 01:52:46,647 [pool-1193-thread-1] INFO  server.RaftServerConfigKeys (ConfUtils.java:logGet(46)) - raft.server.log.segment.size.max = 1048576 (custom)
2022-07-30 01:52:46,652 [pool-1193-thread-1] INFO  server.RaftServerConfigKeys (ConfUtils.java:logGet(46)) - raft.server.log.segment.cache.num.max = 2 (custom)
2022-07-30 01:52:46,652 [pool-1193-thread-1] INFO  server.RaftServerConfigKeys (ConfUtils.java:logGet(46)) - raft.server.log.segment.cache.size.max = 200MB (=209715200) (default)
2022-07-30 01:52:46,652 [pool-1193-thread-1] INFO  segmented.SegmentedRaftLogWorker (SegmentedRaftLogWorker.java:<init>(187)) - new 1c5a9a78-c73d-49f5-a922-d91982043581@group-8EC71B74F447-SegmentedRaftLogWorker for RaftStorageImpl:Storage Directory /home/runner/work/ozone/ozone/hadoop-ozone/integration-test/target/test-dir/MiniOzoneClusterImpl-bc8b033d-3bc2-4820-b618-97820f252933/datanode-2/data/ratis/b76a3f20-9e11-4fd3-886a-8ec71b74f447
2022-07-30 01:52:46,652 [pool-1193-thread-1] INFO  server.RaftServerConfigKeys (ConfUtils.java:logGet(46)) - raft.server.log.queue.byte-limit = 4294967296 (custom)
2022-07-30 01:52:46,652 [pool-1193-thread-1] INFO  server.RaftServerConfigKeys (ConfUtils.java:logGet(46)) - raft.server.log.queue.element-limit = 1024 (custom)
2022-07-30 01:52:46,652 [pool-1193-thread-1] INFO  server.RaftServerConfigKeys (ConfUtils.java:logGet(46)) - raft.server.log.segment.size.max = 1048576 (custom)
2022-07-30 01:52:46,652 [pool-1193-thread-1] INFO  server.RaftServerConfigKeys (ConfUtils.java:logGet(46)) - raft.server.log.preallocated.size = 16384 (custom)
2022-07-30 01:52:46,652 [pool-1193-thread-1] INFO  server.RaftServerConfigKeys (ConfUtils.java:logGet(46)) - raft.server.log.force.sync.num = 128 (default)
2022-07-30 01:52:46,652 [pool-1193-thread-1] INFO  server.RaftServerConfigKeys (ConfUtils.java:logGet(46)) - raft.server.log.statemachine.data.sync = true (default)
2022-07-30 01:52:46,652 [pool-1193-thread-1] INFO  server.RaftServerConfigKeys (ConfUtils.java:logGet(46)) - raft.server.log.statemachine.data.sync.timeout = 10s (default)
2022-07-30 01:52:46,652 [pool-1193-thread-1] INFO  server.RaftServerConfigKeys (ConfUtils.java:logGet(46)) - raft.server.log.statemachine.data.sync.timeout.retry = -1 (default)
2022-07-30 01:52:46,653 [pool-1193-thread-1] INFO  server.RaftServerConfigKeys (ConfUtils.java:logGet(46)) - raft.server.log.write.buffer.size = 1048576 (custom)
2022-07-30 01:52:46,656 [pool-1193-thread-1] INFO  server.RaftServerConfigKeys (ConfUtils.java:logGet(46)) - raft.server.log.unsafe-flush.enabled = false (default)
2022-07-30 01:52:46,656 [pool-1193-thread-1] INFO  server.RaftServerConfigKeys (ConfUtils.java:logGet(46)) - raft.server.log.statemachine.data.caching.enabled = true (custom)
2022-07-30 01:52:46,656 [pool-1193-thread-1] INFO  segmented.SegmentedRaftLogWorker (SegmentedRaftLogWorker.java:lambda$new$0(135)) - 1c5a9a78-c73d-49f5-a922-d91982043581@group-8EC71B74F447-SegmentedRaftLogWorker: flushIndex: setUnconditionally 0 -> -1
2022-07-30 01:52:46,656 [pool-1193-thread-1] INFO  segmented.SegmentedRaftLogWorker (SegmentedRaftLogWorker.java:lambda$new$0(135)) - 1c5a9a78-c73d-49f5-a922-d91982043581@group-8EC71B74F447-SegmentedRaftLogWorker: safeCacheEvictIndex: setUnconditionally 0 -> -1
2022-07-30 01:52:46,671 [pool-1193-thread-1] INFO  server.RaftServerConfigKeys (ConfUtils.java:logGet(46)) - raft.server.snapshot.auto.trigger.enabled = true (custom)
2022-07-30 01:52:46,671 [pool-1193-thread-1] INFO  server.RaftServerConfigKeys (ConfUtils.java:logGet(46)) - raft.server.snapshot.auto.trigger.threshold = 10000 (custom)
2022-07-30 01:52:46,671 [pool-1193-thread-1] INFO  server.RaftServerConfigKeys (ConfUtils.java:logGet(46)) - raft.server.snapshot.retention.file.num = 5 (custom)
2022-07-30 01:52:46,671 [pool-1193-thread-1] INFO  server.RaftServerConfigKeys (ConfUtils.java:logGet(46)) - raft.server.log.purge.upto.snapshot.index = false (default)
2022-07-30 01:52:46,671 [pool-1193-thread-1] INFO  server.RaftServerConfigKeys (ConfUtils.java:logGet(46)) - raft.server.retrycache.expirytime = 600000ms (custom)
2022-07-30 01:52:46,671 [pool-1193-thread-1] INFO  server.RaftServerConfigKeys (ConfUtils.java:logGet(46)) - raft.server.retrycache.statistics.expirytime = 100μs (default)
2022-07-30 01:52:46,673 [pool-1193-thread-1] INFO  server.RaftServerConfigKeys (ConfUtils.java:logGet(46)) - raft.server.log.appender.install.snapshot.enabled = false (custom)
2022-07-30 01:52:46,673 [pool-1193-thread-1] INFO  server.RaftServerConfigKeys (ConfUtils.java:logGet(46)) - raft.server.threadpool.server.cached = true (default)
2022-07-30 01:52:46,673 [pool-1193-thread-1] INFO  server.RaftServerConfigKeys (ConfUtils.java:logGet(46)) - raft.server.threadpool.server.size = 0 (default)
2022-07-30 01:52:46,673 [pool-1193-thread-1] INFO  server.RaftServerConfigKeys (ConfUtils.java:logGet(46)) - raft.server.threadpool.client.cached = true (default)
2022-07-30 01:52:46,673 [pool-1193-thread-1] INFO  server.RaftServerConfigKeys (ConfUtils.java:logGet(46)) - raft.server.threadpool.client.size = 0 (default)
2022-07-30 01:52:46,673 [pool-1193-thread-1] INFO  server.RaftServer$Division (RaftServerImpl.java:start(310)) - 1c5a9a78-c73d-49f5-a922-d91982043581@group-8EC71B74F447: start as a follower, conf=-1: [65c0e71a-8f9a-4866-86b4-013512fa0d07|rpc:10.1.0.37:46743|dataStream:|priority:0, 8f5c3faa-f143-4f3c-a1d4-a848eac4f418|rpc:10.1.0.37:44703|dataStream:|priority:0, 1c5a9a78-c73d-49f5-a922-d91982043581|rpc:10.1.0.37:34069|dataStream:|priority:1], old=null
2022-07-30 01:52:46,673 [pool-1193-thread-1] INFO  server.RaftServer$Division (RaftServerImpl.java:setRole(299)) - 1c5a9a78-c73d-49f5-a922-d91982043581@group-8EC71B74F447: changes role from      null to FOLLOWER at term 0 for startAsFollower
2022-07-30 01:52:46,673 [pool-1193-thread-1] INFO  impl.RoleInfo (RoleInfo.java:updateAndGet(139)) - 1c5a9a78-c73d-49f5-a922-d91982043581: start 1c5a9a78-c73d-49f5-a922-d91982043581@group-8EC71B74F447-FollowerState
2022-07-30 01:52:46,675 [pool-1193-thread-1] INFO  util.JmxRegister (JmxRegister.java:tryRegister(44)) - Successfully registered JMX Bean with object name Ratis:service=RaftServer,group=group-8EC71B74F447,id=1c5a9a78-c73d-49f5-a922-d91982043581
2022-07-30 01:52:46,752 [grpc-default-executor-0] INFO  server.RaftServer (RaftServerProxy.java:addNew(96)) - 65c0e71a-8f9a-4866-86b4-013512fa0d07: addNew group-8EC71B74F447:[65c0e71a-8f9a-4866-86b4-013512fa0d07|rpc:10.1.0.37:46743|dataStream:|priority:0, 8f5c3faa-f143-4f3c-a1d4-a848eac4f418|rpc:10.1.0.37:44703|dataStream:|priority:0, 1c5a9a78-c73d-49f5-a922-d91982043581|rpc:10.1.0.37:34069|dataStream:|priority:1] returns group-8EC71B74F447:java.util.concurrent.CompletableFuture@4124f362[Not completed]
2022-07-30 01:52:46,758 [pool-1170-thread-1] INFO  server.RaftServer$Division (RaftServerImpl.java:<init>(190)) - 65c0e71a-8f9a-4866-86b4-013512fa0d07: new RaftServerImpl for group-8EC71B74F447:[65c0e71a-8f9a-4866-86b4-013512fa0d07|rpc:10.1.0.37:46743|dataStream:|priority:0, 8f5c3faa-f143-4f3c-a1d4-a848eac4f418|rpc:10.1.0.37:44703|dataStream:|priority:0, 1c5a9a78-c73d-49f5-a922-d91982043581|rpc:10.1.0.37:34069|dataStream:|priority:1] with ContainerStateMachine:uninitialized
2022-07-30 01:52:46,758 [pool-1170-thread-1] INFO  server.RaftServerConfigKeys (ConfUtils.java:logGet(46)) - raft.server.rpc.timeout.min = 5s (custom)
2022-07-30 01:52:46,758 [pool-1170-thread-1] INFO  server.RaftServerConfigKeys (ConfUtils.java:logGet(46)) - raft.server.rpc.timeout.max = 5200ms (custom)
2022-07-30 01:52:46,758 [pool-1170-thread-1] INFO  server.RaftServerConfigKeys (ConfUtils.java:logGet(46)) - raft.server.rpc.sleep.time = 25ms (default)
2022-07-30 01:52:46,758 [pool-1170-thread-1] INFO  server.RaftServerConfigKeys (ConfUtils.java:logGet(46)) - raft.server.rpc.slowness.timeout = 300s (custom)
2022-07-30 01:52:46,758 [pool-1170-thread-1] INFO  server.RaftServerConfigKeys (ConfUtils.java:logGet(46)) - raft.server.leaderelection.leader.step-down.wait-time = 10s (default)
2022-07-30 01:52:46,758 [pool-1170-thread-1] INFO  server.RaftServerConfigKeys (ConfUtils.java:logGet(46)) - raft.server.sleep.deviation.threshold = 300ms (default)
2022-07-30 01:52:46,758 [pool-1170-thread-1] INFO  server.RaftServer$Division (ServerState.java:<init>(107)) - 65c0e71a-8f9a-4866-86b4-013512fa0d07@group-8EC71B74F447: ConfigurationManager, init=-1: [65c0e71a-8f9a-4866-86b4-013512fa0d07|rpc:10.1.0.37:46743|dataStream:|priority:0, 8f5c3faa-f143-4f3c-a1d4-a848eac4f418|rpc:10.1.0.37:44703|dataStream:|priority:0, 1c5a9a78-c73d-49f5-a922-d91982043581|rpc:10.1.0.37:34069|dataStream:|priority:1], old=null, confs=<EMPTY_MAP>
2022-07-30 01:52:46,758 [pool-1170-thread-1] INFO  server.RaftServerConfigKeys (ConfUtils.java:logGet(46)) - raft.server.storage.dir = [/home/runner/work/ozone/ozone/hadoop-ozone/integration-test/target/test-dir/MiniOzoneClusterImpl-bc8b033d-3bc2-4820-b618-97820f252933/datanode-1/data/ratis] (custom)
2022-07-30 01:52:46,759 [pool-1170-thread-1] INFO  server.RaftServerConfigKeys (ConfUtils.java:logGet(46)) - raft.server.log.corruption.policy = EXCEPTION (default)
2022-07-30 01:52:46,759 [pool-1170-thread-1] INFO  server.RaftServerConfigKeys (ConfUtils.java:logGet(46)) - raft.server.storage.free-space.min = 0MB (=0) (default)
2022-07-30 01:52:46,759 [pool-1170-thread-1] INFO  storage.RaftStorageDirectory (RaftStorageDirectoryImpl.java:analyzeStorage(135)) - The storage directory /home/runner/work/ozone/ozone/hadoop-ozone/integration-test/target/test-dir/MiniOzoneClusterImpl-bc8b033d-3bc2-4820-b618-97820f252933/datanode-1/data/ratis/b76a3f20-9e11-4fd3-886a-8ec71b74f447 does not exist. Creating ...
2022-07-30 01:52:46,762 [pool-1170-thread-1] INFO  storage.RaftStorageDirectory (RaftStorageDirectoryImpl.java:tryLock(230)) - Lock on /home/runner/work/ozone/ozone/hadoop-ozone/integration-test/target/test-dir/MiniOzoneClusterImpl-bc8b033d-3bc2-4820-b618-97820f252933/datanode-1/data/ratis/b76a3f20-9e11-4fd3-886a-8ec71b74f447/in_use.lock acquired by nodename 10860@fv-az297-62
2022-07-30 01:52:46,763 [pool-1170-thread-1] INFO  storage.RaftStorage (RaftStorageImpl.java:format(89)) - Storage directory /home/runner/work/ozone/ozone/hadoop-ozone/integration-test/target/test-dir/MiniOzoneClusterImpl-bc8b033d-3bc2-4820-b618-97820f252933/datanode-1/data/ratis/b76a3f20-9e11-4fd3-886a-8ec71b74f447 has been successfully formatted.
2022-07-30 01:52:46,787 [pool-1170-thread-1] INFO  ratis.ContainerStateMachine (ContainerStateMachine.java:loadSnapshot(236)) - group-8EC71B74F447: The snapshot info is null. Setting the last applied indexto:(t:0, i:~)
2022-07-30 01:52:46,788 [pool-1170-thread-1] INFO  server.RaftServerConfigKeys (ConfUtils.java:logGet(46)) - raft.server.notification.no-leader.timeout = 300s (custom)
2022-07-30 01:52:46,788 [pool-1170-thread-1] INFO  server.RaftServerConfigKeys (ConfUtils.java:logGet(46)) - raft.server.log.use.memory = false (default)
2022-07-30 01:52:46,788 [pool-1170-thread-1] INFO  server.RaftServerConfigKeys (ConfUtils.java:logGet(46)) - raft.server.log.purge.gap = 1000000 (custom)
2022-07-30 01:52:46,788 [pool-1170-thread-1] INFO  server.RaftServerConfigKeys (ConfUtils.java:logGet(46)) - raft.server.log.appender.buffer.byte-limit = 33554432 (custom)
2022-07-30 01:52:46,788 [pool-1170-thread-1] INFO  server.RaftServerConfigKeys (ConfUtils.java:logGet(46)) - raft.server.log.statemachine.data.read.timeout = 1000ms (default)
2022-07-30 01:52:46,788 [pool-1170-thread-1] INFO  server.RaftServerConfigKeys (ConfUtils.java:logGet(46)) - raft.server.log.segment.size.max = 1048576 (custom)
2022-07-30 01:52:46,788 [pool-1170-thread-1] INFO  server.RaftServerConfigKeys (ConfUtils.java:logGet(46)) - raft.server.log.segment.cache.num.max = 2 (custom)
2022-07-30 01:52:46,789 [pool-1170-thread-1] INFO  server.RaftServerConfigKeys (ConfUtils.java:logGet(46)) - raft.server.log.segment.cache.size.max = 200MB (=209715200) (default)
2022-07-30 01:52:46,789 [pool-1170-thread-1] INFO  segmented.SegmentedRaftLogWorker (SegmentedRaftLogWorker.java:<init>(187)) - new 65c0e71a-8f9a-4866-86b4-013512fa0d07@group-8EC71B74F447-SegmentedRaftLogWorker for RaftStorageImpl:Storage Directory /home/runner/work/ozone/ozone/hadoop-ozone/integration-test/target/test-dir/MiniOzoneClusterImpl-bc8b033d-3bc2-4820-b618-97820f252933/datanode-1/data/ratis/b76a3f20-9e11-4fd3-886a-8ec71b74f447
2022-07-30 01:52:46,789 [pool-1170-thread-1] INFO  server.RaftServerConfigKeys (ConfUtils.java:logGet(46)) - raft.server.log.queue.byte-limit = 4294967296 (custom)
2022-07-30 01:52:46,789 [pool-1170-thread-1] INFO  server.RaftServerConfigKeys (ConfUtils.java:logGet(46)) - raft.server.log.queue.element-limit = 1024 (custom)
2022-07-30 01:52:46,789 [pool-1170-thread-1] INFO  server.RaftServerConfigKeys (ConfUtils.java:logGet(46)) - raft.server.log.segment.size.max = 1048576 (custom)
2022-07-30 01:52:46,789 [pool-1170-thread-1] INFO  server.RaftServerConfigKeys (ConfUtils.java:logGet(46)) - raft.server.log.preallocated.size = 16384 (custom)
2022-07-30 01:52:46,789 [pool-1170-thread-1] INFO  server.RaftServerConfigKeys (ConfUtils.java:logGet(46)) - raft.server.log.force.sync.num = 128 (default)
2022-07-30 01:52:46,789 [pool-1170-thread-1] INFO  server.RaftServerConfigKeys (ConfUtils.java:logGet(46)) - raft.server.log.statemachine.data.sync = true (default)
2022-07-30 01:52:46,789 [pool-1170-thread-1] INFO  server.RaftServerConfigKeys (ConfUtils.java:logGet(46)) - raft.server.log.statemachine.data.sync.timeout = 10s (default)
2022-07-30 01:52:46,789 [pool-1170-thread-1] INFO  server.RaftServerConfigKeys (ConfUtils.java:logGet(46)) - raft.server.log.statemachine.data.sync.timeout.retry = -1 (default)
2022-07-30 01:52:46,790 [pool-1170-thread-1] INFO  server.RaftServerConfigKeys (ConfUtils.java:logGet(46)) - raft.server.log.write.buffer.size = 1048576 (custom)
2022-07-30 01:52:46,791 [pool-1170-thread-1] INFO  server.RaftServerConfigKeys (ConfUtils.java:logGet(46)) - raft.server.log.unsafe-flush.enabled = false (default)
2022-07-30 01:52:46,791 [pool-1170-thread-1] INFO  server.RaftServerConfigKeys (ConfUtils.java:logGet(46)) - raft.server.log.statemachine.data.caching.enabled = true (custom)
2022-07-30 01:52:46,791 [pool-1170-thread-1] INFO  segmented.SegmentedRaftLogWorker (SegmentedRaftLogWorker.java:lambda$new$0(135)) - 65c0e71a-8f9a-4866-86b4-013512fa0d07@group-8EC71B74F447-SegmentedRaftLogWorker: flushIndex: setUnconditionally 0 -> -1
2022-07-30 01:52:46,791 [pool-1170-thread-1] INFO  segmented.SegmentedRaftLogWorker (SegmentedRaftLogWorker.java:lambda$new$0(135)) - 65c0e71a-8f9a-4866-86b4-013512fa0d07@group-8EC71B74F447-SegmentedRaftLogWorker: safeCacheEvictIndex: setUnconditionally 0 -> -1
2022-07-30 01:52:46,791 [pool-1170-thread-1] INFO  server.RaftServerConfigKeys (ConfUtils.java:logGet(46)) - raft.server.snapshot.auto.trigger.enabled = true (custom)
2022-07-30 01:52:46,791 [pool-1170-thread-1] INFO  server.RaftServerConfigKeys (ConfUtils.java:logGet(46)) - raft.server.snapshot.auto.trigger.threshold = 10000 (custom)
2022-07-30 01:52:46,792 [pool-1170-thread-1] INFO  server.RaftServerConfigKeys (ConfUtils.java:logGet(46)) - raft.server.snapshot.retention.file.num = 5 (custom)
2022-07-30 01:52:46,792 [pool-1170-thread-1] INFO  server.RaftServerConfigKeys (ConfUtils.java:logGet(46)) - raft.server.log.purge.upto.snapshot.index = false (default)
2022-07-30 01:52:46,792 [pool-1170-thread-1] INFO  server.RaftServerConfigKeys (ConfUtils.java:logGet(46)) - raft.server.retrycache.expirytime = 600000ms (custom)
2022-07-30 01:52:46,792 [pool-1170-thread-1] INFO  server.RaftServerConfigKeys (ConfUtils.java:logGet(46)) - raft.server.retrycache.statistics.expirytime = 100μs (default)
2022-07-30 01:52:46,794 [pool-1170-thread-1] INFO  server.RaftServerConfigKeys (ConfUtils.java:logGet(46)) - raft.server.log.appender.install.snapshot.enabled = false (custom)
2022-07-30 01:52:46,794 [pool-1170-thread-1] INFO  server.RaftServerConfigKeys (ConfUtils.java:logGet(46)) - raft.server.threadpool.server.cached = true (default)
2022-07-30 01:52:46,794 [pool-1170-thread-1] INFO  server.RaftServerConfigKeys (ConfUtils.java:logGet(46)) - raft.server.threadpool.server.size = 0 (default)
2022-07-30 01:52:46,794 [pool-1170-thread-1] INFO  server.RaftServerConfigKeys (ConfUtils.java:logGet(46)) - raft.server.threadpool.client.cached = true (default)
2022-07-30 01:52:46,794 [pool-1170-thread-1] INFO  server.RaftServerConfigKeys (ConfUtils.java:logGet(46)) - raft.server.threadpool.client.size = 0 (default)
2022-07-30 01:52:46,794 [pool-1170-thread-1] INFO  server.RaftServer$Division (RaftServerImpl.java:start(310)) - 65c0e71a-8f9a-4866-86b4-013512fa0d07@group-8EC71B74F447: start as a follower, conf=-1: [65c0e71a-8f9a-4866-86b4-013512fa0d07|rpc:10.1.0.37:46743|dataStream:|priority:0, 8f5c3faa-f143-4f3c-a1d4-a848eac4f418|rpc:10.1.0.37:44703|dataStream:|priority:0, 1c5a9a78-c73d-49f5-a922-d91982043581|rpc:10.1.0.37:34069|dataStream:|priority:1], old=null
2022-07-30 01:52:46,794 [pool-1170-thread-1] INFO  server.RaftServer$Division (RaftServerImpl.java:setRole(299)) - 65c0e71a-8f9a-4866-86b4-013512fa0d07@group-8EC71B74F447: changes role from      null to FOLLOWER at term 0 for startAsFollower
2022-07-30 01:52:46,794 [pool-1170-thread-1] INFO  impl.RoleInfo (RoleInfo.java:updateAndGet(139)) - 65c0e71a-8f9a-4866-86b4-013512fa0d07: start 65c0e71a-8f9a-4866-86b4-013512fa0d07@group-8EC71B74F447-FollowerState
2022-07-30 01:52:46,794 [pool-1170-thread-1] INFO  util.JmxRegister (JmxRegister.java:tryRegister(44)) - Successfully registered JMX Bean with object name Ratis:service=RaftServer,group=group-8EC71B74F447,id=65c0e71a-8f9a-4866-86b4-013512fa0d07
2022-07-30 01:52:46,800 [Command processor thread] INFO  commandhandler.CreatePipelineCommandHandler (CreatePipelineCommandHandler.java:handle(113)) - Created Pipeline RATIS THREE PipelineID=b76a3f20-9e11-4fd3-886a-8ec71b74f447.
2022-07-30 01:52:46,801 [Command processor thread] INFO  server.RaftServer (RaftServerProxy.java:addNew(96)) - 8f5c3faa-f143-4f3c-a1d4-a848eac4f418: addNew group-37E12F6E5303:[65c0e71a-8f9a-4866-86b4-013512fa0d07|rpc:10.1.0.37:46743|priority:0, 8f5c3faa-f143-4f3c-a1d4-a848eac4f418|rpc:10.1.0.37:44703|priority:1, 1c5a9a78-c73d-49f5-a922-d91982043581|rpc:10.1.0.37:34069|priority:0] returns group-37E12F6E5303:java.util.concurrent.CompletableFuture@45a64661[Not completed]
2022-07-30 01:52:46,801 [pool-1147-thread-1] INFO  server.RaftServer$Division (RaftServerImpl.java:<init>(190)) - 8f5c3faa-f143-4f3c-a1d4-a848eac4f418: new RaftServerImpl for group-37E12F6E5303:[65c0e71a-8f9a-4866-86b4-013512fa0d07|rpc:10.1.0.37:46743|priority:0, 8f5c3faa-f143-4f3c-a1d4-a848eac4f418|rpc:10.1.0.37:44703|priority:1, 1c5a9a78-c73d-49f5-a922-d91982043581|rpc:10.1.0.37:34069|priority:0] with ContainerStateMachine:uninitialized
2022-07-30 01:52:46,801 [pool-1147-thread-1] INFO  server.RaftServerConfigKeys (ConfUtils.java:logGet(46)) - raft.server.rpc.timeout.min = 5s (custom)
2022-07-30 01:52:46,801 [pool-1147-thread-1] INFO  server.RaftServerConfigKeys (ConfUtils.java:logGet(46)) - raft.server.rpc.timeout.max = 5200ms (custom)
2022-07-30 01:52:46,801 [pool-1147-thread-1] INFO  server.RaftServerConfigKeys (ConfUtils.java:logGet(46)) - raft.server.rpc.sleep.time = 25ms (default)
2022-07-30 01:52:46,801 [pool-1147-thread-1] INFO  server.RaftServerConfigKeys (ConfUtils.java:logGet(46)) - raft.server.rpc.slowness.timeout = 300s (custom)
2022-07-30 01:52:46,801 [pool-1147-thread-1] INFO  server.RaftServerConfigKeys (ConfUtils.java:logGet(46)) - raft.server.leaderelection.leader.step-down.wait-time = 10s (default)
2022-07-30 01:52:46,802 [pool-1147-thread-1] INFO  server.RaftServerConfigKeys (ConfUtils.java:logGet(46)) - raft.server.sleep.deviation.threshold = 300ms (default)
2022-07-30 01:52:46,802 [pool-1147-thread-1] INFO  server.RaftServer$Division (ServerState.java:<init>(107)) - 8f5c3faa-f143-4f3c-a1d4-a848eac4f418@group-37E12F6E5303: ConfigurationManager, init=-1: [65c0e71a-8f9a-4866-86b4-013512fa0d07|rpc:10.1.0.37:46743|priority:0, 8f5c3faa-f143-4f3c-a1d4-a848eac4f418|rpc:10.1.0.37:44703|priority:1, 1c5a9a78-c73d-49f5-a922-d91982043581|rpc:10.1.0.37:34069|priority:0], old=null, confs=<EMPTY_MAP>
2022-07-30 01:52:46,802 [pool-1147-thread-1] INFO  server.RaftServerConfigKeys (ConfUtils.java:logGet(46)) - raft.server.storage.dir = [/home/runner/work/ozone/ozone/hadoop-ozone/integration-test/target/test-dir/MiniOzoneClusterImpl-bc8b033d-3bc2-4820-b618-97820f252933/datanode-0/data/ratis] (custom)
2022-07-30 01:52:46,802 [pool-1147-thread-1] INFO  server.RaftServerConfigKeys (ConfUtils.java:logGet(46)) - raft.server.log.corruption.policy = EXCEPTION (default)
2022-07-30 01:52:46,802 [pool-1147-thread-1] INFO  server.RaftServerConfigKeys (ConfUtils.java:logGet(46)) - raft.server.storage.free-space.min = 0MB (=0) (default)
2022-07-30 01:52:46,802 [pool-1147-thread-1] INFO  storage.RaftStorageDirectory (RaftStorageDirectoryImpl.java:analyzeStorage(135)) - The storage directory /home/runner/work/ozone/ozone/hadoop-ozone/integration-test/target/test-dir/MiniOzoneClusterImpl-bc8b033d-3bc2-4820-b618-97820f252933/datanode-0/data/ratis/d9dd3c31-b632-4c80-a3bb-37e12f6e5303 does not exist. Creating ...
2022-07-30 01:52:46,810 [pool-1147-thread-1] INFO  storage.RaftStorageDirectory (RaftStorageDirectoryImpl.java:tryLock(230)) - Lock on /home/runner/work/ozone/ozone/hadoop-ozone/integration-test/target/test-dir/MiniOzoneClusterImpl-bc8b033d-3bc2-4820-b618-97820f252933/datanode-0/data/ratis/d9dd3c31-b632-4c80-a3bb-37e12f6e5303/in_use.lock acquired by nodename 10860@fv-az297-62
2022-07-30 01:52:46,814 [pool-1147-thread-1] INFO  storage.RaftStorage (RaftStorageImpl.java:format(89)) - Storage directory /home/runner/work/ozone/ozone/hadoop-ozone/integration-test/target/test-dir/MiniOzoneClusterImpl-bc8b033d-3bc2-4820-b618-97820f252933/datanode-0/data/ratis/d9dd3c31-b632-4c80-a3bb-37e12f6e5303 has been successfully formatted.
2022-07-30 01:52:46,814 [pool-1147-thread-1] INFO  ratis.ContainerStateMachine (ContainerStateMachine.java:loadSnapshot(236)) - group-37E12F6E5303: The snapshot info is null. Setting the last applied indexto:(t:0, i:~)
2022-07-30 01:52:46,815 [pool-1147-thread-1] INFO  server.RaftServerConfigKeys (ConfUtils.java:logGet(46)) - raft.server.notification.no-leader.timeout = 300s (custom)
2022-07-30 01:52:46,815 [pool-1147-thread-1] INFO  server.RaftServerConfigKeys (ConfUtils.java:logGet(46)) - raft.server.log.use.memory = false (default)
2022-07-30 01:52:46,815 [EventQueue-OpenPipelineForHealthyPipelineSafeModeRule] INFO  safemode.SCMSafeModeManager (HealthyPipelineSafeModeRule.java:process(137)) - SCM in safe mode. Healthy pipelines reported count is 0, required healthy pipeline reported count is 1
2022-07-30 01:52:46,815 [pool-1147-thread-1] INFO  server.RaftServerConfigKeys (ConfUtils.java:logGet(46)) - raft.server.log.purge.gap = 1000000 (custom)
2022-07-30 01:52:46,815 [pool-1147-thread-1] INFO  server.RaftServerConfigKeys (ConfUtils.java:logGet(46)) - raft.server.log.appender.buffer.byte-limit = 33554432 (custom)
2022-07-30 01:52:46,815 [pool-1147-thread-1] INFO  server.RaftServerConfigKeys (ConfUtils.java:logGet(46)) - raft.server.log.statemachine.data.read.timeout = 1000ms (default)
2022-07-30 01:52:46,816 [pool-1147-thread-1] INFO  server.RaftServerConfigKeys (ConfUtils.java:logGet(46)) - raft.server.log.segment.size.max = 1048576 (custom)
2022-07-30 01:52:46,816 [pool-1147-thread-1] INFO  server.RaftServerConfigKeys (ConfUtils.java:logGet(46)) - raft.server.log.segment.cache.num.max = 2 (custom)
2022-07-30 01:52:46,816 [pool-1147-thread-1] INFO  server.RaftServerConfigKeys (ConfUtils.java:logGet(46)) - raft.server.log.segment.cache.size.max = 200MB (=209715200) (default)
2022-07-30 01:52:46,816 [pool-1147-thread-1] INFO  segmented.SegmentedRaftLogWorker (SegmentedRaftLogWorker.java:<init>(187)) - new 8f5c3faa-f143-4f3c-a1d4-a848eac4f418@group-37E12F6E5303-SegmentedRaftLogWorker for RaftStorageImpl:Storage Directory /home/runner/work/ozone/ozone/hadoop-ozone/integration-test/target/test-dir/MiniOzoneClusterImpl-bc8b033d-3bc2-4820-b618-97820f252933/datanode-0/data/ratis/d9dd3c31-b632-4c80-a3bb-37e12f6e5303
2022-07-30 01:52:46,816 [pool-1147-thread-1] INFO  server.RaftServerConfigKeys (ConfUtils.java:logGet(46)) - raft.server.log.queue.byte-limit = 4294967296 (custom)
2022-07-30 01:52:46,816 [pool-1147-thread-1] INFO  server.RaftServerConfigKeys (ConfUtils.java:logGet(46)) - raft.server.log.queue.element-limit = 1024 (custom)
2022-07-30 01:52:46,816 [pool-1147-thread-1] INFO  server.RaftServerConfigKeys (ConfUtils.java:logGet(46)) - raft.server.log.segment.size.max = 1048576 (custom)
2022-07-30 01:52:46,816 [pool-1147-thread-1] INFO  server.RaftServerConfigKeys (ConfUtils.java:logGet(46)) - raft.server.log.preallocated.size = 16384 (custom)
2022-07-30 01:52:46,816 [pool-1147-thread-1] INFO  server.RaftServerConfigKeys (ConfUtils.java:logGet(46)) - raft.server.log.force.sync.num = 128 (default)
2022-07-30 01:52:46,816 [pool-1147-thread-1] INFO  server.RaftServerConfigKeys (ConfUtils.java:logGet(46)) - raft.server.log.statemachine.data.sync = true (default)
2022-07-30 01:52:46,816 [pool-1147-thread-1] INFO  server.RaftServerConfigKeys (ConfUtils.java:logGet(46)) - raft.server.log.statemachine.data.sync.timeout = 10s (default)
2022-07-30 01:52:46,817 [pool-1147-thread-1] INFO  server.RaftServerConfigKeys (ConfUtils.java:logGet(46)) - raft.server.log.statemachine.data.sync.timeout.retry = -1 (default)
2022-07-30 01:52:46,818 [pool-1147-thread-1] INFO  server.RaftServerConfigKeys (ConfUtils.java:logGet(46)) - raft.server.log.write.buffer.size = 1048576 (custom)
2022-07-30 01:52:46,818 [pool-1147-thread-1] INFO  server.RaftServerConfigKeys (ConfUtils.java:logGet(46)) - raft.server.log.unsafe-flush.enabled = false (default)
2022-07-30 01:52:46,818 [pool-1147-thread-1] INFO  server.RaftServerConfigKeys (ConfUtils.java:logGet(46)) - raft.server.log.statemachine.data.caching.enabled = true (custom)
2022-07-30 01:52:46,818 [pool-1147-thread-1] INFO  segmented.SegmentedRaftLogWorker (SegmentedRaftLogWorker.java:lambda$new$0(135)) - 8f5c3faa-f143-4f3c-a1d4-a848eac4f418@group-37E12F6E5303-SegmentedRaftLogWorker: flushIndex: setUnconditionally 0 -> -1
2022-07-30 01:52:46,818 [pool-1147-thread-1] INFO  segmented.SegmentedRaftLogWorker (SegmentedRaftLogWorker.java:lambda$new$0(135)) - 8f5c3faa-f143-4f3c-a1d4-a848eac4f418@group-37E12F6E5303-SegmentedRaftLogWorker: safeCacheEvictIndex: setUnconditionally 0 -> -1
2022-07-30 01:52:46,835 [pool-1147-thread-1] INFO  server.RaftServerConfigKeys (ConfUtils.java:logGet(46)) - raft.server.snapshot.auto.trigger.enabled = true (custom)
2022-07-30 01:52:46,835 [pool-1147-thread-1] INFO  server.RaftServerConfigKeys (ConfUtils.java:logGet(46)) - raft.server.snapshot.auto.trigger.threshold = 10000 (custom)
2022-07-30 01:52:46,835 [pool-1147-thread-1] INFO  server.RaftServerConfigKeys (ConfUtils.java:logGet(46)) - raft.server.snapshot.retention.file.num = 5 (custom)
2022-07-30 01:52:46,835 [pool-1147-thread-1] INFO  server.RaftServerConfigKeys (ConfUtils.java:logGet(46)) - raft.server.log.purge.upto.snapshot.index = false (default)
2022-07-30 01:52:46,835 [pool-1147-thread-1] INFO  server.RaftServerConfigKeys (ConfUtils.java:logGet(46)) - raft.server.retrycache.expirytime = 600000ms (custom)
2022-07-30 01:52:46,836 [pool-1147-thread-1] INFO  server.RaftServerConfigKeys (ConfUtils.java:logGet(46)) - raft.server.retrycache.statistics.expirytime = 100μs (default)
2022-07-30 01:52:46,837 [pool-1147-thread-1] INFO  server.RaftServerConfigKeys (ConfUtils.java:logGet(46)) - raft.server.log.appender.install.snapshot.enabled = false (custom)
2022-07-30 01:52:46,837 [pool-1147-thread-1] INFO  server.RaftServerConfigKeys (ConfUtils.java:logGet(46)) - raft.server.threadpool.server.cached = true (default)
2022-07-30 01:52:46,837 [pool-1147-thread-1] INFO  server.RaftServerConfigKeys (ConfUtils.java:logGet(46)) - raft.server.threadpool.server.size = 0 (default)
2022-07-30 01:52:46,837 [pool-1147-thread-1] INFO  server.RaftServerConfigKeys (ConfUtils.java:logGet(46)) - raft.server.threadpool.client.cached = true (default)
2022-07-30 01:52:46,837 [pool-1147-thread-1] INFO  server.RaftServerConfigKeys (ConfUtils.java:logGet(46)) - raft.server.threadpool.client.size = 0 (default)
2022-07-30 01:52:46,837 [pool-1147-thread-1] INFO  server.RaftServer$Division (RaftServerImpl.java:start(310)) - 8f5c3faa-f143-4f3c-a1d4-a848eac4f418@group-37E12F6E5303: start as a follower, conf=-1: [65c0e71a-8f9a-4866-86b4-013512fa0d07|rpc:10.1.0.37:46743|priority:0, 8f5c3faa-f143-4f3c-a1d4-a848eac4f418|rpc:10.1.0.37:44703|priority:1, 1c5a9a78-c73d-49f5-a922-d91982043581|rpc:10.1.0.37:34069|priority:0], old=null
2022-07-30 01:52:46,837 [pool-1147-thread-1] INFO  server.RaftServer$Division (RaftServerImpl.java:setRole(299)) - 8f5c3faa-f143-4f3c-a1d4-a848eac4f418@group-37E12F6E5303: changes role from      null to FOLLOWER at term 0 for startAsFollower
2022-07-30 01:52:46,837 [pool-1147-thread-1] INFO  impl.RoleInfo (RoleInfo.java:updateAndGet(139)) - 8f5c3faa-f143-4f3c-a1d4-a848eac4f418: start 8f5c3faa-f143-4f3c-a1d4-a848eac4f418@group-37E12F6E5303-FollowerState
2022-07-30 01:52:46,838 [pool-1147-thread-1] INFO  util.JmxRegister (JmxRegister.java:tryRegister(44)) - Successfully registered JMX Bean with object name Ratis:service=RaftServer,group=group-37E12F6E5303,id=8f5c3faa-f143-4f3c-a1d4-a848eac4f418
2022-07-30 01:52:46,839 [Command processor thread] INFO  ratis.XceiverServerRatis (XceiverServerRatis.java:addGroup(765)) - Created group PipelineID=d9dd3c31-b632-4c80-a3bb-37e12f6e5303
2022-07-30 01:52:46,878 [grpc-default-executor-0] INFO  server.RaftServer (RaftServerProxy.java:addNew(96)) - 1c5a9a78-c73d-49f5-a922-d91982043581: addNew group-37E12F6E5303:[65c0e71a-8f9a-4866-86b4-013512fa0d07|rpc:10.1.0.37:46743|dataStream:|priority:0, 8f5c3faa-f143-4f3c-a1d4-a848eac4f418|rpc:10.1.0.37:44703|dataStream:|priority:1, 1c5a9a78-c73d-49f5-a922-d91982043581|rpc:10.1.0.37:34069|dataStream:|priority:0] returns group-37E12F6E5303:java.util.concurrent.CompletableFuture@31b533a9[Not completed]
2022-07-30 01:52:46,879 [pool-1193-thread-1] INFO  server.RaftServer$Division (RaftServerImpl.java:<init>(190)) - 1c5a9a78-c73d-49f5-a922-d91982043581: new RaftServerImpl for group-37E12F6E5303:[65c0e71a-8f9a-4866-86b4-013512fa0d07|rpc:10.1.0.37:46743|dataStream:|priority:0, 8f5c3faa-f143-4f3c-a1d4-a848eac4f418|rpc:10.1.0.37:44703|dataStream:|priority:1, 1c5a9a78-c73d-49f5-a922-d91982043581|rpc:10.1.0.37:34069|dataStream:|priority:0] with ContainerStateMachine:uninitialized
2022-07-30 01:52:46,879 [pool-1193-thread-1] INFO  server.RaftServerConfigKeys (ConfUtils.java:logGet(46)) - raft.server.rpc.timeout.min = 5s (custom)
2022-07-30 01:52:46,879 [pool-1193-thread-1] INFO  server.RaftServerConfigKeys (ConfUtils.java:logGet(46)) - raft.server.rpc.timeout.max = 5200ms (custom)
2022-07-30 01:52:46,879 [pool-1193-thread-1] INFO  server.RaftServerConfigKeys (ConfUtils.java:logGet(46)) - raft.server.rpc.sleep.time = 25ms (default)
2022-07-30 01:52:46,879 [pool-1193-thread-1] INFO  server.RaftServerConfigKeys (ConfUtils.java:logGet(46)) - raft.server.rpc.slowness.timeout = 300s (custom)
2022-07-30 01:52:46,879 [pool-1193-thread-1] INFO  server.RaftServerConfigKeys (ConfUtils.java:logGet(46)) - raft.server.leaderelection.leader.step-down.wait-time = 10s (default)
2022-07-30 01:52:46,879 [pool-1193-thread-1] INFO  server.RaftServerConfigKeys (ConfUtils.java:logGet(46)) - raft.server.sleep.deviation.threshold = 300ms (default)
2022-07-30 01:52:46,879 [pool-1193-thread-1] INFO  server.RaftServer$Division (ServerState.java:<init>(107)) - 1c5a9a78-c73d-49f5-a922-d91982043581@group-37E12F6E5303: ConfigurationManager, init=-1: [65c0e71a-8f9a-4866-86b4-013512fa0d07|rpc:10.1.0.37:46743|dataStream:|priority:0, 8f5c3faa-f143-4f3c-a1d4-a848eac4f418|rpc:10.1.0.37:44703|dataStream:|priority:1, 1c5a9a78-c73d-49f5-a922-d91982043581|rpc:10.1.0.37:34069|dataStream:|priority:0], old=null, confs=<EMPTY_MAP>
2022-07-30 01:52:46,879 [pool-1193-thread-1] INFO  server.RaftServerConfigKeys (ConfUtils.java:logGet(46)) - raft.server.storage.dir = [/home/runner/work/ozone/ozone/hadoop-ozone/integration-test/target/test-dir/MiniOzoneClusterImpl-bc8b033d-3bc2-4820-b618-97820f252933/datanode-2/data/ratis] (custom)
2022-07-30 01:52:46,879 [pool-1193-thread-1] INFO  server.RaftServerConfigKeys (ConfUtils.java:logGet(46)) - raft.server.log.corruption.policy = EXCEPTION (default)
2022-07-30 01:52:46,879 [pool-1193-thread-1] INFO  server.RaftServerConfigKeys (ConfUtils.java:logGet(46)) - raft.server.storage.free-space.min = 0MB (=0) (default)
2022-07-30 01:52:46,880 [pool-1193-thread-1] INFO  storage.RaftStorageDirectory (RaftStorageDirectoryImpl.java:analyzeStorage(135)) - The storage directory /home/runner/work/ozone/ozone/hadoop-ozone/integration-test/target/test-dir/MiniOzoneClusterImpl-bc8b033d-3bc2-4820-b618-97820f252933/datanode-2/data/ratis/d9dd3c31-b632-4c80-a3bb-37e12f6e5303 does not exist. Creating ...
2022-07-30 01:52:46,884 [pool-1193-thread-1] INFO  storage.RaftStorageDirectory (RaftStorageDirectoryImpl.java:tryLock(230)) - Lock on /home/runner/work/ozone/ozone/hadoop-ozone/integration-test/target/test-dir/MiniOzoneClusterImpl-bc8b033d-3bc2-4820-b618-97820f252933/datanode-2/data/ratis/d9dd3c31-b632-4c80-a3bb-37e12f6e5303/in_use.lock acquired by nodename 10860@fv-az297-62
2022-07-30 01:52:46,885 [pool-1193-thread-1] INFO  storage.RaftStorage (RaftStorageImpl.java:format(89)) - Storage directory /home/runner/work/ozone/ozone/hadoop-ozone/integration-test/target/test-dir/MiniOzoneClusterImpl-bc8b033d-3bc2-4820-b618-97820f252933/datanode-2/data/ratis/d9dd3c31-b632-4c80-a3bb-37e12f6e5303 has been successfully formatted.
2022-07-30 01:52:46,886 [pool-1193-thread-1] INFO  ratis.ContainerStateMachine (ContainerStateMachine.java:loadSnapshot(236)) - group-37E12F6E5303: The snapshot info is null. Setting the last applied indexto:(t:0, i:~)
2022-07-30 01:52:46,886 [pool-1193-thread-1] INFO  server.RaftServerConfigKeys (ConfUtils.java:logGet(46)) - raft.server.notification.no-leader.timeout = 300s (custom)
2022-07-30 01:52:46,886 [pool-1193-thread-1] INFO  server.RaftServerConfigKeys (ConfUtils.java:logGet(46)) - raft.server.log.use.memory = false (default)
2022-07-30 01:52:46,886 [pool-1193-thread-1] INFO  server.RaftServerConfigKeys (ConfUtils.java:logGet(46)) - raft.server.log.purge.gap = 1000000 (custom)
2022-07-30 01:52:46,886 [pool-1193-thread-1] INFO  server.RaftServerConfigKeys (ConfUtils.java:logGet(46)) - raft.server.log.appender.buffer.byte-limit = 33554432 (custom)
2022-07-30 01:52:46,886 [pool-1193-thread-1] INFO  server.RaftServerConfigKeys (ConfUtils.java:logGet(46)) - raft.server.log.statemachine.data.read.timeout = 1000ms (default)
2022-07-30 01:52:46,886 [pool-1193-thread-1] INFO  server.RaftServerConfigKeys (ConfUtils.java:logGet(46)) - raft.server.log.segment.size.max = 1048576 (custom)
2022-07-30 01:52:46,887 [pool-1193-thread-1] INFO  server.RaftServerConfigKeys (ConfUtils.java:logGet(46)) - raft.server.log.segment.cache.num.max = 2 (custom)
2022-07-30 01:52:46,887 [pool-1193-thread-1] INFO  server.RaftServerConfigKeys (ConfUtils.java:logGet(46)) - raft.server.log.segment.cache.size.max = 200MB (=209715200) (default)
2022-07-30 01:52:46,887 [pool-1193-thread-1] INFO  segmented.SegmentedRaftLogWorker (SegmentedRaftLogWorker.java:<init>(187)) - new 1c5a9a78-c73d-49f5-a922-d91982043581@group-37E12F6E5303-SegmentedRaftLogWorker for RaftStorageImpl:Storage Directory /home/runner/work/ozone/ozone/hadoop-ozone/integration-test/target/test-dir/MiniOzoneClusterImpl-bc8b033d-3bc2-4820-b618-97820f252933/datanode-2/data/ratis/d9dd3c31-b632-4c80-a3bb-37e12f6e5303
2022-07-30 01:52:46,887 [pool-1193-thread-1] INFO  server.RaftServerConfigKeys (ConfUtils.java:logGet(46)) - raft.server.log.queue.byte-limit = 4294967296 (custom)
2022-07-30 01:52:46,887 [pool-1193-thread-1] INFO  server.RaftServerConfigKeys (ConfUtils.java:logGet(46)) - raft.server.log.queue.element-limit = 1024 (custom)
2022-07-30 01:52:46,887 [pool-1193-thread-1] INFO  server.RaftServerConfigKeys (ConfUtils.java:logGet(46)) - raft.server.log.segment.size.max = 1048576 (custom)
2022-07-30 01:52:46,887 [pool-1193-thread-1] INFO  server.RaftServerConfigKeys (ConfUtils.java:logGet(46)) - raft.server.log.preallocated.size = 16384 (custom)
2022-07-30 01:52:46,887 [pool-1193-thread-1] INFO  server.RaftServerConfigKeys (ConfUtils.java:logGet(46)) - raft.server.log.force.sync.num = 128 (default)
2022-07-30 01:52:46,887 [pool-1193-thread-1] INFO  server.RaftServerConfigKeys (ConfUtils.java:logGet(46)) - raft.server.log.statemachine.data.sync = true (default)
2022-07-30 01:52:46,887 [pool-1193-thread-1] INFO  server.RaftServerConfigKeys (ConfUtils.java:logGet(46)) - raft.server.log.statemachine.data.sync.timeout = 10s (default)
2022-07-30 01:52:46,895 [pool-1193-thread-1] INFO  server.RaftServerConfigKeys (ConfUtils.java:logGet(46)) - raft.server.log.statemachine.data.sync.timeout.retry = -1 (default)
2022-07-30 01:52:46,896 [pool-1193-thread-1] INFO  server.RaftServerConfigKeys (ConfUtils.java:logGet(46)) - raft.server.log.write.buffer.size = 1048576 (custom)
2022-07-30 01:52:46,897 [pool-1193-thread-1] INFO  server.RaftServerConfigKeys (ConfUtils.java:logGet(46)) - raft.server.log.unsafe-flush.enabled = false (default)
2022-07-30 01:52:46,897 [pool-1193-thread-1] INFO  server.RaftServerConfigKeys (ConfUtils.java:logGet(46)) - raft.server.log.statemachine.data.caching.enabled = true (custom)
2022-07-30 01:52:46,897 [pool-1193-thread-1] INFO  segmented.SegmentedRaftLogWorker (SegmentedRaftLogWorker.java:lambda$new$0(135)) - 1c5a9a78-c73d-49f5-a922-d91982043581@group-37E12F6E5303-SegmentedRaftLogWorker: flushIndex: setUnconditionally 0 -> -1
2022-07-30 01:52:46,897 [pool-1193-thread-1] INFO  segmented.SegmentedRaftLogWorker (SegmentedRaftLogWorker.java:lambda$new$0(135)) - 1c5a9a78-c73d-49f5-a922-d91982043581@group-37E12F6E5303-SegmentedRaftLogWorker: safeCacheEvictIndex: setUnconditionally 0 -> -1
2022-07-30 01:52:46,934 [pool-1193-thread-1] INFO  server.RaftServerConfigKeys (ConfUtils.java:logGet(46)) - raft.server.snapshot.auto.trigger.enabled = true (custom)
2022-07-30 01:52:46,934 [pool-1193-thread-1] INFO  server.RaftServerConfigKeys (ConfUtils.java:logGet(46)) - raft.server.snapshot.auto.trigger.threshold = 10000 (custom)
2022-07-30 01:52:46,934 [pool-1193-thread-1] INFO  server.RaftServerConfigKeys (ConfUtils.java:logGet(46)) - raft.server.snapshot.retention.file.num = 5 (custom)
2022-07-30 01:52:46,934 [pool-1193-thread-1] INFO  server.RaftServerConfigKeys (ConfUtils.java:logGet(46)) - raft.server.log.purge.upto.snapshot.index = false (default)
2022-07-30 01:52:46,934 [pool-1193-thread-1] INFO  server.RaftServerConfigKeys (ConfUtils.java:logGet(46)) - raft.server.retrycache.expirytime = 600000ms (custom)
2022-07-30 01:52:46,934 [pool-1193-thread-1] INFO  server.RaftServerConfigKeys (ConfUtils.java:logGet(46)) - raft.server.retrycache.statistics.expirytime = 100μs (default)
2022-07-30 01:52:46,936 [pool-1193-thread-1] INFO  server.RaftServerConfigKeys (ConfUtils.java:logGet(46)) - raft.server.log.appender.install.snapshot.enabled = false (custom)
2022-07-30 01:52:46,936 [pool-1193-thread-1] INFO  server.RaftServerConfigKeys (ConfUtils.java:logGet(46)) - raft.server.threadpool.server.cached = true (default)
2022-07-30 01:52:46,936 [pool-1193-thread-1] INFO  server.RaftServerConfigKeys (ConfUtils.java:logGet(46)) - raft.server.threadpool.server.size = 0 (default)
2022-07-30 01:52:46,936 [pool-1193-thread-1] INFO  server.RaftServerConfigKeys (ConfUtils.java:logGet(46)) - raft.server.threadpool.client.cached = true (default)
2022-07-30 01:52:46,936 [pool-1193-thread-1] INFO  server.RaftServerConfigKeys (ConfUtils.java:logGet(46)) - raft.server.threadpool.client.size = 0 (default)
2022-07-30 01:52:46,936 [pool-1193-thread-1] INFO  server.RaftServer$Division (RaftServerImpl.java:start(310)) - 1c5a9a78-c73d-49f5-a922-d91982043581@group-37E12F6E5303: start as a follower, conf=-1: [65c0e71a-8f9a-4866-86b4-013512fa0d07|rpc:10.1.0.37:46743|dataStream:|priority:0, 8f5c3faa-f143-4f3c-a1d4-a848eac4f418|rpc:10.1.0.37:44703|dataStream:|priority:1, 1c5a9a78-c73d-49f5-a922-d91982043581|rpc:10.1.0.37:34069|dataStream:|priority:0], old=null
2022-07-30 01:52:46,936 [pool-1193-thread-1] INFO  server.RaftServer$Division (RaftServerImpl.java:setRole(299)) - 1c5a9a78-c73d-49f5-a922-d91982043581@group-37E12F6E5303: changes role from      null to FOLLOWER at term 0 for startAsFollower
2022-07-30 01:52:46,936 [pool-1193-thread-1] INFO  impl.RoleInfo (RoleInfo.java:updateAndGet(139)) - 1c5a9a78-c73d-49f5-a922-d91982043581: start 1c5a9a78-c73d-49f5-a922-d91982043581@group-37E12F6E5303-FollowerState
2022-07-30 01:52:46,936 [pool-1193-thread-1] INFO  util.JmxRegister (JmxRegister.java:tryRegister(44)) - Successfully registered JMX Bean with object name Ratis:service=RaftServer,group=group-37E12F6E5303,id=1c5a9a78-c73d-49f5-a922-d91982043581
2022-07-30 01:52:47,071 [grpc-default-executor-0] INFO  server.RaftServer (RaftServerProxy.java:addNew(96)) - 65c0e71a-8f9a-4866-86b4-013512fa0d07: addNew group-37E12F6E5303:[65c0e71a-8f9a-4866-86b4-013512fa0d07|rpc:10.1.0.37:46743|dataStream:|priority:0, 8f5c3faa-f143-4f3c-a1d4-a848eac4f418|rpc:10.1.0.37:44703|dataStream:|priority:1, 1c5a9a78-c73d-49f5-a922-d91982043581|rpc:10.1.0.37:34069|dataStream:|priority:0] returns group-37E12F6E5303:java.util.concurrent.CompletableFuture@50e8d2c6[Not completed]
2022-07-30 01:52:47,098 [Listener at 127.0.0.1/40433] INFO  ozone.MiniOzoneClusterImpl (MiniOzoneClusterImpl.java:lambda$waitForClusterToBeReady$0(216)) - Waiting for nodes to be ready. Got 4 of 5 DN Heartbeats.
2022-07-30 01:52:47,098 [Listener at 127.0.0.1/40433] INFO  ozone.MiniOzoneClusterImpl (MiniOzoneClusterImpl.java:lambda$waitForClusterToBeReady$0(219)) - Waiting for cluster to exit safe mode
2022-07-30 01:52:47,098 [Listener at 127.0.0.1/40433] INFO  ozone.MiniOzoneClusterImpl (MiniOzoneClusterImpl.java:lambda$waitForClusterToBeReady$0(221)) - SCM became leader
2022-07-30 01:52:47,104 [pool-1170-thread-1] INFO  server.RaftServer$Division (RaftServerImpl.java:<init>(190)) - 65c0e71a-8f9a-4866-86b4-013512fa0d07: new RaftServerImpl for group-37E12F6E5303:[65c0e71a-8f9a-4866-86b4-013512fa0d07|rpc:10.1.0.37:46743|dataStream:|priority:0, 8f5c3faa-f143-4f3c-a1d4-a848eac4f418|rpc:10.1.0.37:44703|dataStream:|priority:1, 1c5a9a78-c73d-49f5-a922-d91982043581|rpc:10.1.0.37:34069|dataStream:|priority:0] with ContainerStateMachine:uninitialized
2022-07-30 01:52:47,104 [pool-1170-thread-1] INFO  server.RaftServerConfigKeys (ConfUtils.java:logGet(46)) - raft.server.rpc.timeout.min = 5s (custom)
2022-07-30 01:52:47,104 [pool-1170-thread-1] INFO  server.RaftServerConfigKeys (ConfUtils.java:logGet(46)) - raft.server.rpc.timeout.max = 5200ms (custom)
2022-07-30 01:52:47,104 [pool-1170-thread-1] INFO  server.RaftServerConfigKeys (ConfUtils.java:logGet(46)) - raft.server.rpc.sleep.time = 25ms (default)
2022-07-30 01:52:47,104 [pool-1170-thread-1] INFO  server.RaftServerConfigKeys (ConfUtils.java:logGet(46)) - raft.server.rpc.slowness.timeout = 300s (custom)
2022-07-30 01:52:47,104 [pool-1170-thread-1] INFO  server.RaftServerConfigKeys (ConfUtils.java:logGet(46)) - raft.server.leaderelection.leader.step-down.wait-time = 10s (default)
2022-07-30 01:52:47,104 [pool-1170-thread-1] INFO  server.RaftServerConfigKeys (ConfUtils.java:logGet(46)) - raft.server.sleep.deviation.threshold = 300ms (default)
2022-07-30 01:52:47,104 [pool-1170-thread-1] INFO  server.RaftServer$Division (ServerState.java:<init>(107)) - 65c0e71a-8f9a-4866-86b4-013512fa0d07@group-37E12F6E5303: ConfigurationManager, init=-1: [65c0e71a-8f9a-4866-86b4-013512fa0d07|rpc:10.1.0.37:46743|dataStream:|priority:0, 8f5c3faa-f143-4f3c-a1d4-a848eac4f418|rpc:10.1.0.37:44703|dataStream:|priority:1, 1c5a9a78-c73d-49f5-a922-d91982043581|rpc:10.1.0.37:34069|dataStream:|priority:0], old=null, confs=<EMPTY_MAP>
2022-07-30 01:52:47,105 [pool-1170-thread-1] INFO  server.RaftServerConfigKeys (ConfUtils.java:logGet(46)) - raft.server.storage.dir = [/home/runner/work/ozone/ozone/hadoop-ozone/integration-test/target/test-dir/MiniOzoneClusterImpl-bc8b033d-3bc2-4820-b618-97820f252933/datanode-1/data/ratis] (custom)
2022-07-30 01:52:47,105 [pool-1170-thread-1] INFO  server.RaftServerConfigKeys (ConfUtils.java:logGet(46)) - raft.server.log.corruption.policy = EXCEPTION (default)
2022-07-30 01:52:47,105 [pool-1170-thread-1] INFO  server.RaftServerConfigKeys (ConfUtils.java:logGet(46)) - raft.server.storage.free-space.min = 0MB (=0) (default)
2022-07-30 01:52:47,105 [pool-1170-thread-1] INFO  storage.RaftStorageDirectory (RaftStorageDirectoryImpl.java:analyzeStorage(135)) - The storage directory /home/runner/work/ozone/ozone/hadoop-ozone/integration-test/target/test-dir/MiniOzoneClusterImpl-bc8b033d-3bc2-4820-b618-97820f252933/datanode-1/data/ratis/d9dd3c31-b632-4c80-a3bb-37e12f6e5303 does not exist. Creating ...
2022-07-30 01:52:47,109 [pool-1170-thread-1] INFO  storage.RaftStorageDirectory (RaftStorageDirectoryImpl.java:tryLock(230)) - Lock on /home/runner/work/ozone/ozone/hadoop-ozone/integration-test/target/test-dir/MiniOzoneClusterImpl-bc8b033d-3bc2-4820-b618-97820f252933/datanode-1/data/ratis/d9dd3c31-b632-4c80-a3bb-37e12f6e5303/in_use.lock acquired by nodename 10860@fv-az297-62
2022-07-30 01:52:47,113 [pool-1170-thread-1] INFO  storage.RaftStorage (RaftStorageImpl.java:format(89)) - Storage directory /home/runner/work/ozone/ozone/hadoop-ozone/integration-test/target/test-dir/MiniOzoneClusterImpl-bc8b033d-3bc2-4820-b618-97820f252933/datanode-1/data/ratis/d9dd3c31-b632-4c80-a3bb-37e12f6e5303 has been successfully formatted.
2022-07-30 01:52:47,113 [pool-1170-thread-1] INFO  ratis.ContainerStateMachine (ContainerStateMachine.java:loadSnapshot(236)) - group-37E12F6E5303: The snapshot info is null. Setting the last applied indexto:(t:0, i:~)
2022-07-30 01:52:47,113 [pool-1170-thread-1] INFO  server.RaftServerConfigKeys (ConfUtils.java:logGet(46)) - raft.server.notification.no-leader.timeout = 300s (custom)
2022-07-30 01:52:47,113 [pool-1170-thread-1] INFO  server.RaftServerConfigKeys (ConfUtils.java:logGet(46)) - raft.server.log.use.memory = false (default)
2022-07-30 01:52:47,113 [pool-1170-thread-1] INFO  server.RaftServerConfigKeys (ConfUtils.java:logGet(46)) - raft.server.log.purge.gap = 1000000 (custom)
2022-07-30 01:52:47,113 [pool-1170-thread-1] INFO  server.RaftServerConfigKeys (ConfUtils.java:logGet(46)) - raft.server.log.appender.buffer.byte-limit = 33554432 (custom)
2022-07-30 01:52:47,113 [pool-1170-thread-1] INFO  server.RaftServerConfigKeys (ConfUtils.java:logGet(46)) - raft.server.log.statemachine.data.read.timeout = 1000ms (default)
2022-07-30 01:52:47,113 [pool-1170-thread-1] INFO  server.RaftServerConfigKeys (ConfUtils.java:logGet(46)) - raft.server.log.segment.size.max = 1048576 (custom)
2022-07-30 01:52:47,114 [pool-1170-thread-1] INFO  server.RaftServerConfigKeys (ConfUtils.java:logGet(46)) - raft.server.log.segment.cache.num.max = 2 (custom)
2022-07-30 01:52:47,114 [pool-1170-thread-1] INFO  server.RaftServerConfigKeys (ConfUtils.java:logGet(46)) - raft.server.log.segment.cache.size.max = 200MB (=209715200) (default)
2022-07-30 01:52:47,114 [pool-1170-thread-1] INFO  segmented.SegmentedRaftLogWorker (SegmentedRaftLogWorker.java:<init>(187)) - new 65c0e71a-8f9a-4866-86b4-013512fa0d07@group-37E12F6E5303-SegmentedRaftLogWorker for RaftStorageImpl:Storage Directory /home/runner/work/ozone/ozone/hadoop-ozone/integration-test/target/test-dir/MiniOzoneClusterImpl-bc8b033d-3bc2-4820-b618-97820f252933/datanode-1/data/ratis/d9dd3c31-b632-4c80-a3bb-37e12f6e5303
2022-07-30 01:52:47,114 [pool-1170-thread-1] INFO  server.RaftServerConfigKeys (ConfUtils.java:logGet(46)) - raft.server.log.queue.byte-limit = 4294967296 (custom)
2022-07-30 01:52:47,114 [pool-1170-thread-1] INFO  server.RaftServerConfigKeys (ConfUtils.java:logGet(46)) - raft.server.log.queue.element-limit = 1024 (custom)
2022-07-30 01:52:47,114 [pool-1170-thread-1] INFO  server.RaftServerConfigKeys (ConfUtils.java:logGet(46)) - raft.server.log.segment.size.max = 1048576 (custom)
2022-07-30 01:52:47,114 [pool-1170-thread-1] INFO  server.RaftServerConfigKeys (ConfUtils.java:logGet(46)) - raft.server.log.preallocated.size = 16384 (custom)
2022-07-30 01:52:47,114 [pool-1170-thread-1] INFO  server.RaftServerConfigKeys (ConfUtils.java:logGet(46)) - raft.server.log.force.sync.num = 128 (default)
2022-07-30 01:52:47,114 [pool-1170-thread-1] INFO  server.RaftServerConfigKeys (ConfUtils.java:logGet(46)) - raft.server.log.statemachine.data.sync = true (default)
2022-07-30 01:52:47,114 [pool-1170-thread-1] INFO  server.RaftServerConfigKeys (ConfUtils.java:logGet(46)) - raft.server.log.statemachine.data.sync.timeout = 10s (default)
2022-07-30 01:52:47,114 [pool-1170-thread-1] INFO  server.RaftServerConfigKeys (ConfUtils.java:logGet(46)) - raft.server.log.statemachine.data.sync.timeout.retry = -1 (default)
2022-07-30 01:52:47,120 [pool-1170-thread-1] INFO  server.RaftServerConfigKeys (ConfUtils.java:logGet(46)) - raft.server.log.write.buffer.size = 1048576 (custom)
2022-07-30 01:52:47,121 [pool-1170-thread-1] INFO  server.RaftServerConfigKeys (ConfUtils.java:logGet(46)) - raft.server.log.unsafe-flush.enabled = false (default)
2022-07-30 01:52:47,121 [pool-1170-thread-1] INFO  server.RaftServerConfigKeys (ConfUtils.java:logGet(46)) - raft.server.log.statemachine.data.caching.enabled = true (custom)
2022-07-30 01:52:47,121 [pool-1170-thread-1] INFO  segmented.SegmentedRaftLogWorker (SegmentedRaftLogWorker.java:lambda$new$0(135)) - 65c0e71a-8f9a-4866-86b4-013512fa0d07@group-37E12F6E5303-SegmentedRaftLogWorker: flushIndex: setUnconditionally 0 -> -1
2022-07-30 01:52:47,121 [pool-1170-thread-1] INFO  segmented.SegmentedRaftLogWorker (SegmentedRaftLogWorker.java:lambda$new$0(135)) - 65c0e71a-8f9a-4866-86b4-013512fa0d07@group-37E12F6E5303-SegmentedRaftLogWorker: safeCacheEvictIndex: setUnconditionally 0 -> -1
2022-07-30 01:52:47,131 [pool-1170-thread-1] INFO  server.RaftServerConfigKeys (ConfUtils.java:logGet(46)) - raft.server.snapshot.auto.trigger.enabled = true (custom)
2022-07-30 01:52:47,132 [pool-1170-thread-1] INFO  server.RaftServerConfigKeys (ConfUtils.java:logGet(46)) - raft.server.snapshot.auto.trigger.threshold = 10000 (custom)
2022-07-30 01:52:47,132 [pool-1170-thread-1] INFO  server.RaftServerConfigKeys (ConfUtils.java:logGet(46)) - raft.server.snapshot.retention.file.num = 5 (custom)
2022-07-30 01:52:47,132 [pool-1170-thread-1] INFO  server.RaftServerConfigKeys (ConfUtils.java:logGet(46)) - raft.server.log.purge.upto.snapshot.index = false (default)
2022-07-30 01:52:47,132 [pool-1170-thread-1] INFO  server.RaftServerConfigKeys (ConfUtils.java:logGet(46)) - raft.server.retrycache.expirytime = 600000ms (custom)
2022-07-30 01:52:47,132 [pool-1170-thread-1] INFO  server.RaftServerConfigKeys (ConfUtils.java:logGet(46)) - raft.server.retrycache.statistics.expirytime = 100μs (default)
2022-07-30 01:52:47,133 [pool-1170-thread-1] INFO  server.RaftServerConfigKeys (ConfUtils.java:logGet(46)) - raft.server.log.appender.install.snapshot.enabled = false (custom)
2022-07-30 01:52:47,133 [pool-1170-thread-1] INFO  server.RaftServerConfigKeys (ConfUtils.java:logGet(46)) - raft.server.threadpool.server.cached = true (default)
2022-07-30 01:52:47,133 [pool-1170-thread-1] INFO  server.RaftServerConfigKeys (ConfUtils.java:logGet(46)) - raft.server.threadpool.server.size = 0 (default)
2022-07-30 01:52:47,133 [pool-1170-thread-1] INFO  server.RaftServerConfigKeys (ConfUtils.java:logGet(46)) - raft.server.threadpool.client.cached = true (default)
2022-07-30 01:52:47,134 [pool-1170-thread-1] INFO  server.RaftServerConfigKeys (ConfUtils.java:logGet(46)) - raft.server.threadpool.client.size = 0 (default)
2022-07-30 01:52:47,134 [pool-1170-thread-1] INFO  server.RaftServer$Division (RaftServerImpl.java:start(310)) - 65c0e71a-8f9a-4866-86b4-013512fa0d07@group-37E12F6E5303: start as a follower, conf=-1: [65c0e71a-8f9a-4866-86b4-013512fa0d07|rpc:10.1.0.37:46743|dataStream:|priority:0, 8f5c3faa-f143-4f3c-a1d4-a848eac4f418|rpc:10.1.0.37:44703|dataStream:|priority:1, 1c5a9a78-c73d-49f5-a922-d91982043581|rpc:10.1.0.37:34069|dataStream:|priority:0], old=null
2022-07-30 01:52:47,134 [pool-1170-thread-1] INFO  server.RaftServer$Division (RaftServerImpl.java:setRole(299)) - 65c0e71a-8f9a-4866-86b4-013512fa0d07@group-37E12F6E5303: changes role from      null to FOLLOWER at term 0 for startAsFollower
2022-07-30 01:52:47,134 [pool-1170-thread-1] INFO  impl.RoleInfo (RoleInfo.java:updateAndGet(139)) - 65c0e71a-8f9a-4866-86b4-013512fa0d07: start 65c0e71a-8f9a-4866-86b4-013512fa0d07@group-37E12F6E5303-FollowerState
2022-07-30 01:52:47,144 [pool-1170-thread-1] INFO  util.JmxRegister (JmxRegister.java:tryRegister(44)) - Successfully registered JMX Bean with object name Ratis:service=RaftServer,group=group-37E12F6E5303,id=65c0e71a-8f9a-4866-86b4-013512fa0d07
2022-07-30 01:52:47,145 [IPC Server handler 6 on default port 46277] INFO  net.NetworkTopologyImpl (NetworkTopologyImpl.java:add(112)) - Added a new node: /default-rack/8dcd62ea-b122-4aef-891f-692e4d27e47e
2022-07-30 01:52:47,145 [IPC Server handler 6 on default port 46277] INFO  node.SCMNodeManager (SCMNodeManager.java:register(397)) - Registered Data node : 8dcd62ea-b122-4aef-891f-692e4d27e47e{ip: 10.1.0.37, host: fv-az297-62.nmf1rxwemy4u5di1sxxf4ejcwb.jx.internal.cloudapp.net, ports: [REPLICATION=45325, RATIS=42953, RATIS_ADMIN=42953, RATIS_SERVER=42953, STANDALONE=46589], networkLocation: /default-rack, certSerialId: null, persistedOpState: null, persistedOpStateExpiryEpochSec: 0}
2022-07-30 01:52:47,145 [EventQueue-NewNodeForNewNodeHandler] INFO  pipeline.BackgroundPipelineCreator (BackgroundPipelineCreator.java:notifyEventTriggered(276)) - trigger a one-shot run on RatisPipelineUtilsThread.
2022-07-30 01:52:47,145 [RatisPipelineUtilsThread - 0] INFO  pipeline.RatisPipelineProvider (RatisPipelineProvider.java:lambda$create$0(195)) - Sending CreatePipelineCommand for pipeline:PipelineID=699fd978-a517-4ef2-8148-b18ba0a509d2 to datanode:8dcd62ea-b122-4aef-891f-692e4d27e47e
2022-07-30 01:52:47,146 [RatisPipelineUtilsThread - 0] INFO  pipeline.PipelineStateManagerImpl (PipelineStateManagerImpl.java:addPipeline(103)) - Created pipeline Pipeline[ Id: 699fd978-a517-4ef2-8148-b18ba0a509d2, Nodes: 8dcd62ea-b122-4aef-891f-692e4d27e47e{ip: 10.1.0.37, host: fv-az297-62.nmf1rxwemy4u5di1sxxf4ejcwb.jx.internal.cloudapp.net, ports: [REPLICATION=45325, RATIS=42953, RATIS_ADMIN=42953, RATIS_SERVER=42953, STANDALONE=46589], networkLocation: /default-rack, certSerialId: null, persistedOpState: IN_SERVICE, persistedOpStateExpiryEpochSec: 0}, ReplicationConfig: RATIS/ONE, State:ALLOCATED, leaderId:, CreationTimestamp2022-07-30T01:52:47.145Z[Etc/UTC]].
2022-07-30 01:52:47,172 [Command processor thread] INFO  commandhandler.CreatePipelineCommandHandler (CreatePipelineCommandHandler.java:handle(113)) - Created Pipeline RATIS THREE PipelineID=d9dd3c31-b632-4c80-a3bb-37e12f6e5303.
2022-07-30 01:52:47,244 [Command processor thread] INFO  server.RaftServer (RaftServerProxy.java:addNew(96)) - 65c0e71a-8f9a-4866-86b4-013512fa0d07: addNew group-4509551E3DD3:[65c0e71a-8f9a-4866-86b4-013512fa0d07|rpc:10.1.0.37:46743|priority:1] returns group-4509551E3DD3:java.util.concurrent.CompletableFuture@b089469[Not completed]
2022-07-30 01:52:47,245 [pool-1170-thread-1] INFO  server.RaftServer$Division (RaftServerImpl.java:<init>(190)) - 65c0e71a-8f9a-4866-86b4-013512fa0d07: new RaftServerImpl for group-4509551E3DD3:[65c0e71a-8f9a-4866-86b4-013512fa0d07|rpc:10.1.0.37:46743|priority:1] with ContainerStateMachine:uninitialized
2022-07-30 01:52:47,245 [pool-1170-thread-1] INFO  server.RaftServerConfigKeys (ConfUtils.java:logGet(46)) - raft.server.rpc.timeout.min = 5s (custom)
2022-07-30 01:52:47,245 [pool-1170-thread-1] INFO  server.RaftServerConfigKeys (ConfUtils.java:logGet(46)) - raft.server.rpc.timeout.max = 5200ms (custom)
2022-07-30 01:52:47,245 [pool-1170-thread-1] INFO  server.RaftServerConfigKeys (ConfUtils.java:logGet(46)) - raft.server.rpc.sleep.time = 25ms (default)
2022-07-30 01:52:47,245 [pool-1170-thread-1] INFO  server.RaftServerConfigKeys (ConfUtils.java:logGet(46)) - raft.server.rpc.slowness.timeout = 300s (custom)
2022-07-30 01:52:47,245 [pool-1170-thread-1] INFO  server.RaftServerConfigKeys (ConfUtils.java:logGet(46)) - raft.server.leaderelection.leader.step-down.wait-time = 10s (default)
2022-07-30 01:52:47,245 [pool-1170-thread-1] INFO  server.RaftServerConfigKeys (ConfUtils.java:logGet(46)) - raft.server.sleep.deviation.threshold = 300ms (default)
2022-07-30 01:52:47,245 [pool-1170-thread-1] INFO  server.RaftServer$Division (ServerState.java:<init>(107)) - 65c0e71a-8f9a-4866-86b4-013512fa0d07@group-4509551E3DD3: ConfigurationManager, init=-1: [65c0e71a-8f9a-4866-86b4-013512fa0d07|rpc:10.1.0.37:46743|priority:1], old=null, confs=<EMPTY_MAP>
2022-07-30 01:52:47,245 [pool-1170-thread-1] INFO  server.RaftServerConfigKeys (ConfUtils.java:logGet(46)) - raft.server.storage.dir = [/home/runner/work/ozone/ozone/hadoop-ozone/integration-test/target/test-dir/MiniOzoneClusterImpl-bc8b033d-3bc2-4820-b618-97820f252933/datanode-1/data/ratis] (custom)
2022-07-30 01:52:47,245 [pool-1170-thread-1] INFO  server.RaftServerConfigKeys (ConfUtils.java:logGet(46)) - raft.server.log.corruption.policy = EXCEPTION (default)
2022-07-30 01:52:47,245 [pool-1170-thread-1] INFO  server.RaftServerConfigKeys (ConfUtils.java:logGet(46)) - raft.server.storage.free-space.min = 0MB (=0) (default)
2022-07-30 01:52:47,245 [pool-1170-thread-1] INFO  storage.RaftStorageDirectory (RaftStorageDirectoryImpl.java:analyzeStorage(135)) - The storage directory /home/runner/work/ozone/ozone/hadoop-ozone/integration-test/target/test-dir/MiniOzoneClusterImpl-bc8b033d-3bc2-4820-b618-97820f252933/datanode-1/data/ratis/1b2fe021-0fa9-4ffa-a5bc-4509551e3dd3 does not exist. Creating ...
2022-07-30 01:52:47,249 [pool-1170-thread-1] INFO  storage.RaftStorageDirectory (RaftStorageDirectoryImpl.java:tryLock(230)) - Lock on /home/runner/work/ozone/ozone/hadoop-ozone/integration-test/target/test-dir/MiniOzoneClusterImpl-bc8b033d-3bc2-4820-b618-97820f252933/datanode-1/data/ratis/1b2fe021-0fa9-4ffa-a5bc-4509551e3dd3/in_use.lock acquired by nodename 10860@fv-az297-62
2022-07-30 01:52:47,253 [pool-1170-thread-1] INFO  storage.RaftStorage (RaftStorageImpl.java:format(89)) - Storage directory /home/runner/work/ozone/ozone/hadoop-ozone/integration-test/target/test-dir/MiniOzoneClusterImpl-bc8b033d-3bc2-4820-b618-97820f252933/datanode-1/data/ratis/1b2fe021-0fa9-4ffa-a5bc-4509551e3dd3 has been successfully formatted.
2022-07-30 01:52:47,253 [pool-1170-thread-1] INFO  ratis.ContainerStateMachine (ContainerStateMachine.java:loadSnapshot(236)) - group-4509551E3DD3: The snapshot info is null. Setting the last applied indexto:(t:0, i:~)
2022-07-30 01:52:47,254 [pool-1170-thread-1] INFO  server.RaftServerConfigKeys (ConfUtils.java:logGet(46)) - raft.server.notification.no-leader.timeout = 300s (custom)
2022-07-30 01:52:47,254 [pool-1170-thread-1] INFO  server.RaftServerConfigKeys (ConfUtils.java:logGet(46)) - raft.server.log.use.memory = false (default)
2022-07-30 01:52:47,254 [EventQueue-PipelineReportForPipelineReportHandler] INFO  pipeline.PipelineManagerImpl (PipelineManagerImpl.java:openPipeline(367)) - Pipeline Pipeline[ Id: 1b2fe021-0fa9-4ffa-a5bc-4509551e3dd3, Nodes: 65c0e71a-8f9a-4866-86b4-013512fa0d07{ip: 10.1.0.37, host: fv-az297-62.nmf1rxwemy4u5di1sxxf4ejcwb.jx.internal.cloudapp.net, ports: [REPLICATION=41873, RATIS=46743, RATIS_ADMIN=46743, RATIS_SERVER=46743, STANDALONE=43849], networkLocation: /default-rack, certSerialId: null, persistedOpState: IN_SERVICE, persistedOpStateExpiryEpochSec: 0}, ReplicationConfig: RATIS/ONE, State:ALLOCATED, leaderId:65c0e71a-8f9a-4866-86b4-013512fa0d07, CreationTimestamp2022-07-30T01:52:44.250Z[Etc/UTC]] moved to OPEN state
2022-07-30 01:52:47,254 [EventQueue-OpenPipelineForHealthyPipelineSafeModeRule] INFO  safemode.SCMSafeModeManager (HealthyPipelineSafeModeRule.java:process(137)) - SCM in safe mode. Healthy pipelines reported count is 0, required healthy pipeline reported count is 1
2022-07-30 01:52:47,254 [pool-1170-thread-1] INFO  server.RaftServerConfigKeys (ConfUtils.java:logGet(46)) - raft.server.log.purge.gap = 1000000 (custom)
2022-07-30 01:52:47,254 [pool-1170-thread-1] INFO  server.RaftServerConfigKeys (ConfUtils.java:logGet(46)) - raft.server.log.appender.buffer.byte-limit = 33554432 (custom)
2022-07-30 01:52:47,254 [pool-1170-thread-1] INFO  server.RaftServerConfigKeys (ConfUtils.java:logGet(46)) - raft.server.log.statemachine.data.read.timeout = 1000ms (default)
2022-07-30 01:52:47,255 [pool-1170-thread-1] INFO  server.RaftServerConfigKeys (ConfUtils.java:logGet(46)) - raft.server.log.segment.size.max = 1048576 (custom)
2022-07-30 01:52:47,255 [pool-1170-thread-1] INFO  server.RaftServerConfigKeys (ConfUtils.java:logGet(46)) - raft.server.log.segment.cache.num.max = 2 (custom)
2022-07-30 01:52:47,257 [pool-1170-thread-1] INFO  server.RaftServerConfigKeys (ConfUtils.java:logGet(46)) - raft.server.log.segment.cache.size.max = 200MB (=209715200) (default)
2022-07-30 01:52:47,257 [pool-1170-thread-1] INFO  segmented.SegmentedRaftLogWorker (SegmentedRaftLogWorker.java:<init>(187)) - new 65c0e71a-8f9a-4866-86b4-013512fa0d07@group-4509551E3DD3-SegmentedRaftLogWorker for RaftStorageImpl:Storage Directory /home/runner/work/ozone/ozone/hadoop-ozone/integration-test/target/test-dir/MiniOzoneClusterImpl-bc8b033d-3bc2-4820-b618-97820f252933/datanode-1/data/ratis/1b2fe021-0fa9-4ffa-a5bc-4509551e3dd3
2022-07-30 01:52:47,257 [pool-1170-thread-1] INFO  server.RaftServerConfigKeys (ConfUtils.java:logGet(46)) - raft.server.log.queue.byte-limit = 4294967296 (custom)
2022-07-30 01:52:47,257 [pool-1170-thread-1] INFO  server.RaftServerConfigKeys (ConfUtils.java:logGet(46)) - raft.server.log.queue.element-limit = 1024 (custom)
2022-07-30 01:52:47,257 [pool-1170-thread-1] INFO  server.RaftServerConfigKeys (ConfUtils.java:logGet(46)) - raft.server.log.segment.size.max = 1048576 (custom)
2022-07-30 01:52:47,257 [pool-1170-thread-1] INFO  server.RaftServerConfigKeys (ConfUtils.java:logGet(46)) - raft.server.log.preallocated.size = 16384 (custom)
2022-07-30 01:52:47,257 [pool-1170-thread-1] INFO  server.RaftServerConfigKeys (ConfUtils.java:logGet(46)) - raft.server.log.force.sync.num = 128 (default)
2022-07-30 01:52:47,257 [pool-1170-thread-1] INFO  server.RaftServerConfigKeys (ConfUtils.java:logGet(46)) - raft.server.log.statemachine.data.sync = true (default)
2022-07-30 01:52:47,257 [pool-1170-thread-1] INFO  server.RaftServerConfigKeys (ConfUtils.java:logGet(46)) - raft.server.log.statemachine.data.sync.timeout = 10s (default)
2022-07-30 01:52:47,257 [pool-1170-thread-1] INFO  server.RaftServerConfigKeys (ConfUtils.java:logGet(46)) - raft.server.log.statemachine.data.sync.timeout.retry = -1 (default)
2022-07-30 01:52:47,258 [pool-1170-thread-1] INFO  server.RaftServerConfigKeys (ConfUtils.java:logGet(46)) - raft.server.log.write.buffer.size = 1048576 (custom)
2022-07-30 01:52:47,259 [pool-1170-thread-1] INFO  server.RaftServerConfigKeys (ConfUtils.java:logGet(46)) - raft.server.log.unsafe-flush.enabled = false (default)
2022-07-30 01:52:47,259 [pool-1170-thread-1] INFO  server.RaftServerConfigKeys (ConfUtils.java:logGet(46)) - raft.server.log.statemachine.data.caching.enabled = true (custom)
2022-07-30 01:52:47,259 [pool-1170-thread-1] INFO  segmented.SegmentedRaftLogWorker (SegmentedRaftLogWorker.java:lambda$new$0(135)) - 65c0e71a-8f9a-4866-86b4-013512fa0d07@group-4509551E3DD3-SegmentedRaftLogWorker: flushIndex: setUnconditionally 0 -> -1
2022-07-30 01:52:47,259 [pool-1170-thread-1] INFO  segmented.SegmentedRaftLogWorker (SegmentedRaftLogWorker.java:lambda$new$0(135)) - 65c0e71a-8f9a-4866-86b4-013512fa0d07@group-4509551E3DD3-SegmentedRaftLogWorker: safeCacheEvictIndex: setUnconditionally 0 -> -1
2022-07-30 01:52:47,259 [pool-1170-thread-1] INFO  server.RaftServerConfigKeys (ConfUtils.java:logGet(46)) - raft.server.snapshot.auto.trigger.enabled = true (custom)
2022-07-30 01:52:47,259 [pool-1170-thread-1] INFO  server.RaftServerConfigKeys (ConfUtils.java:logGet(46)) - raft.server.snapshot.auto.trigger.threshold = 10000 (custom)
2022-07-30 01:52:47,260 [pool-1170-thread-1] INFO  server.RaftServerConfigKeys (ConfUtils.java:logGet(46)) - raft.server.snapshot.retention.file.num = 5 (custom)
2022-07-30 01:52:47,260 [pool-1170-thread-1] INFO  server.RaftServerConfigKeys (ConfUtils.java:logGet(46)) - raft.server.log.purge.upto.snapshot.index = false (default)
2022-07-30 01:52:47,260 [pool-1170-thread-1] INFO  server.RaftServerConfigKeys (ConfUtils.java:logGet(46)) - raft.server.retrycache.expirytime = 600000ms (custom)
2022-07-30 01:52:47,260 [pool-1170-thread-1] INFO  server.RaftServerConfigKeys (ConfUtils.java:logGet(46)) - raft.server.retrycache.statistics.expirytime = 100μs (default)
2022-07-30 01:52:47,261 [pool-1170-thread-1] INFO  server.RaftServerConfigKeys (ConfUtils.java:logGet(46)) - raft.server.log.appender.install.snapshot.enabled = false (custom)
2022-07-30 01:52:47,261 [pool-1170-thread-1] INFO  server.RaftServerConfigKeys (ConfUtils.java:logGet(46)) - raft.server.threadpool.server.cached = true (default)
2022-07-30 01:52:47,261 [pool-1170-thread-1] INFO  server.RaftServerConfigKeys (ConfUtils.java:logGet(46)) - raft.server.threadpool.server.size = 0 (default)
2022-07-30 01:52:47,262 [pool-1170-thread-1] INFO  server.RaftServerConfigKeys (ConfUtils.java:logGet(46)) - raft.server.threadpool.client.cached = true (default)
2022-07-30 01:52:47,262 [pool-1170-thread-1] INFO  server.RaftServerConfigKeys (ConfUtils.java:logGet(46)) - raft.server.threadpool.client.size = 0 (default)
2022-07-30 01:52:47,262 [pool-1170-thread-1] INFO  server.RaftServer$Division (RaftServerImpl.java:start(310)) - 65c0e71a-8f9a-4866-86b4-013512fa0d07@group-4509551E3DD3: start as a follower, conf=-1: [65c0e71a-8f9a-4866-86b4-013512fa0d07|rpc:10.1.0.37:46743|priority:1], old=null
2022-07-30 01:52:47,262 [pool-1170-thread-1] INFO  server.RaftServer$Division (RaftServerImpl.java:setRole(299)) - 65c0e71a-8f9a-4866-86b4-013512fa0d07@group-4509551E3DD3: changes role from      null to FOLLOWER at term 0 for startAsFollower
2022-07-30 01:52:47,262 [pool-1170-thread-1] INFO  impl.RoleInfo (RoleInfo.java:updateAndGet(139)) - 65c0e71a-8f9a-4866-86b4-013512fa0d07: start 65c0e71a-8f9a-4866-86b4-013512fa0d07@group-4509551E3DD3-FollowerState
2022-07-30 01:52:47,262 [pool-1170-thread-1] INFO  util.JmxRegister (JmxRegister.java:tryRegister(44)) - Successfully registered JMX Bean with object name Ratis:service=RaftServer,group=group-4509551E3DD3,id=65c0e71a-8f9a-4866-86b4-013512fa0d07
2022-07-30 01:52:47,263 [Command processor thread] INFO  ratis.XceiverServerRatis (XceiverServerRatis.java:addGroup(765)) - Created group PipelineID=1b2fe021-0fa9-4ffa-a5bc-4509551e3dd3
2022-07-30 01:52:47,263 [Command processor thread] INFO  commandhandler.CreatePipelineCommandHandler (CreatePipelineCommandHandler.java:handle(113)) - Created Pipeline RATIS ONE PipelineID=1b2fe021-0fa9-4ffa-a5bc-4509551e3dd3.
2022-07-30 01:52:48,098 [Listener at 127.0.0.1/40433] INFO  ozone.MiniOzoneClusterImpl (MiniOzoneClusterImpl.java:lambda$waitForClusterToBeReady$0(216)) - Nodes are ready. Got 5 of 5 DN Heartbeats.
2022-07-30 01:52:48,099 [Listener at 127.0.0.1/40433] INFO  ozone.MiniOzoneClusterImpl (MiniOzoneClusterImpl.java:lambda$waitForClusterToBeReady$0(219)) - Waiting for cluster to exit safe mode
2022-07-30 01:52:48,099 [Listener at 127.0.0.1/40433] INFO  ozone.MiniOzoneClusterImpl (MiniOzoneClusterImpl.java:lambda$waitForClusterToBeReady$0(221)) - SCM became leader
2022-07-30 01:52:48,238 [Command processor thread] INFO  server.RaftServer (RaftServerProxy.java:addNew(96)) - 1c5a9a78-c73d-49f5-a922-d91982043581: addNew group-E16C22593B50:[1c5a9a78-c73d-49f5-a922-d91982043581|rpc:10.1.0.37:34069|priority:1] returns group-E16C22593B50:java.util.concurrent.CompletableFuture@42b5c436[Not completed]
2022-07-30 01:52:48,239 [pool-1193-thread-1] INFO  server.RaftServer$Division (RaftServerImpl.java:<init>(190)) - 1c5a9a78-c73d-49f5-a922-d91982043581: new RaftServerImpl for group-E16C22593B50:[1c5a9a78-c73d-49f5-a922-d91982043581|rpc:10.1.0.37:34069|priority:1] with ContainerStateMachine:uninitialized
2022-07-30 01:52:48,239 [pool-1193-thread-1] INFO  server.RaftServerConfigKeys (ConfUtils.java:logGet(46)) - raft.server.rpc.timeout.min = 5s (custom)
2022-07-30 01:52:48,239 [pool-1193-thread-1] INFO  server.RaftServerConfigKeys (ConfUtils.java:logGet(46)) - raft.server.rpc.timeout.max = 5200ms (custom)
2022-07-30 01:52:48,239 [pool-1193-thread-1] INFO  server.RaftServerConfigKeys (ConfUtils.java:logGet(46)) - raft.server.rpc.sleep.time = 25ms (default)
2022-07-30 01:52:48,239 [pool-1193-thread-1] INFO  server.RaftServerConfigKeys (ConfUtils.java:logGet(46)) - raft.server.rpc.slowness.timeout = 300s (custom)
2022-07-30 01:52:48,239 [pool-1193-thread-1] INFO  server.RaftServerConfigKeys (ConfUtils.java:logGet(46)) - raft.server.leaderelection.leader.step-down.wait-time = 10s (default)
2022-07-30 01:52:48,239 [pool-1193-thread-1] INFO  server.RaftServerConfigKeys (ConfUtils.java:logGet(46)) - raft.server.sleep.deviation.threshold = 300ms (default)
2022-07-30 01:52:48,239 [pool-1193-thread-1] INFO  server.RaftServer$Division (ServerState.java:<init>(107)) - 1c5a9a78-c73d-49f5-a922-d91982043581@group-E16C22593B50: ConfigurationManager, init=-1: [1c5a9a78-c73d-49f5-a922-d91982043581|rpc:10.1.0.37:34069|priority:1], old=null, confs=<EMPTY_MAP>
2022-07-30 01:52:48,239 [pool-1193-thread-1] INFO  server.RaftServerConfigKeys (ConfUtils.java:logGet(46)) - raft.server.storage.dir = [/home/runner/work/ozone/ozone/hadoop-ozone/integration-test/target/test-dir/MiniOzoneClusterImpl-bc8b033d-3bc2-4820-b618-97820f252933/datanode-2/data/ratis] (custom)
2022-07-30 01:52:48,240 [pool-1193-thread-1] INFO  server.RaftServerConfigKeys (ConfUtils.java:logGet(46)) - raft.server.log.corruption.policy = EXCEPTION (default)
2022-07-30 01:52:48,240 [pool-1193-thread-1] INFO  server.RaftServerConfigKeys (ConfUtils.java:logGet(46)) - raft.server.storage.free-space.min = 0MB (=0) (default)
2022-07-30 01:52:48,240 [pool-1193-thread-1] INFO  storage.RaftStorageDirectory (RaftStorageDirectoryImpl.java:analyzeStorage(135)) - The storage directory /home/runner/work/ozone/ozone/hadoop-ozone/integration-test/target/test-dir/MiniOzoneClusterImpl-bc8b033d-3bc2-4820-b618-97820f252933/datanode-2/data/ratis/eeb1bde2-f862-4e39-9fac-e16c22593b50 does not exist. Creating ...
2022-07-30 01:52:48,244 [pool-1193-thread-1] INFO  storage.RaftStorageDirectory (RaftStorageDirectoryImpl.java:tryLock(230)) - Lock on /home/runner/work/ozone/ozone/hadoop-ozone/integration-test/target/test-dir/MiniOzoneClusterImpl-bc8b033d-3bc2-4820-b618-97820f252933/datanode-2/data/ratis/eeb1bde2-f862-4e39-9fac-e16c22593b50/in_use.lock acquired by nodename 10860@fv-az297-62
2022-07-30 01:52:48,248 [pool-1193-thread-1] INFO  storage.RaftStorage (RaftStorageImpl.java:format(89)) - Storage directory /home/runner/work/ozone/ozone/hadoop-ozone/integration-test/target/test-dir/MiniOzoneClusterImpl-bc8b033d-3bc2-4820-b618-97820f252933/datanode-2/data/ratis/eeb1bde2-f862-4e39-9fac-e16c22593b50 has been successfully formatted.
2022-07-30 01:52:48,249 [pool-1193-thread-1] INFO  ratis.ContainerStateMachine (ContainerStateMachine.java:loadSnapshot(236)) - group-E16C22593B50: The snapshot info is null. Setting the last applied indexto:(t:0, i:~)
2022-07-30 01:52:48,249 [pool-1193-thread-1] INFO  server.RaftServerConfigKeys (ConfUtils.java:logGet(46)) - raft.server.notification.no-leader.timeout = 300s (custom)
2022-07-30 01:52:48,249 [pool-1193-thread-1] INFO  server.RaftServerConfigKeys (ConfUtils.java:logGet(46)) - raft.server.log.use.memory = false (default)
2022-07-30 01:52:48,249 [pool-1193-thread-1] INFO  server.RaftServerConfigKeys (ConfUtils.java:logGet(46)) - raft.server.log.purge.gap = 1000000 (custom)
2022-07-30 01:52:48,249 [pool-1193-thread-1] INFO  server.RaftServerConfigKeys (ConfUtils.java:logGet(46)) - raft.server.log.appender.buffer.byte-limit = 33554432 (custom)
2022-07-30 01:52:48,249 [pool-1193-thread-1] INFO  server.RaftServerConfigKeys (ConfUtils.java:logGet(46)) - raft.server.log.statemachine.data.read.timeout = 1000ms (default)
2022-07-30 01:52:48,249 [pool-1193-thread-1] INFO  server.RaftServerConfigKeys (ConfUtils.java:logGet(46)) - raft.server.log.segment.size.max = 1048576 (custom)
2022-07-30 01:52:48,250 [pool-1193-thread-1] INFO  server.RaftServerConfigKeys (ConfUtils.java:logGet(46)) - raft.server.log.segment.cache.num.max = 2 (custom)
2022-07-30 01:52:48,250 [pool-1193-thread-1] INFO  server.RaftServerConfigKeys (ConfUtils.java:logGet(46)) - raft.server.log.segment.cache.size.max = 200MB (=209715200) (default)
2022-07-30 01:52:48,250 [pool-1193-thread-1] INFO  segmented.SegmentedRaftLogWorker (SegmentedRaftLogWorker.java:<init>(187)) - new 1c5a9a78-c73d-49f5-a922-d91982043581@group-E16C22593B50-SegmentedRaftLogWorker for RaftStorageImpl:Storage Directory /home/runner/work/ozone/ozone/hadoop-ozone/integration-test/target/test-dir/MiniOzoneClusterImpl-bc8b033d-3bc2-4820-b618-97820f252933/datanode-2/data/ratis/eeb1bde2-f862-4e39-9fac-e16c22593b50
2022-07-30 01:52:48,250 [pool-1193-thread-1] INFO  server.RaftServerConfigKeys (ConfUtils.java:logGet(46)) - raft.server.log.queue.byte-limit = 4294967296 (custom)
2022-07-30 01:52:48,250 [pool-1193-thread-1] INFO  server.RaftServerConfigKeys (ConfUtils.java:logGet(46)) - raft.server.log.queue.element-limit = 1024 (custom)
2022-07-30 01:52:48,250 [pool-1193-thread-1] INFO  server.RaftServerConfigKeys (ConfUtils.java:logGet(46)) - raft.server.log.segment.size.max = 1048576 (custom)
2022-07-30 01:52:48,250 [pool-1193-thread-1] INFO  server.RaftServerConfigKeys (ConfUtils.java:logGet(46)) - raft.server.log.preallocated.size = 16384 (custom)
2022-07-30 01:52:48,250 [pool-1193-thread-1] INFO  server.RaftServerConfigKeys (ConfUtils.java:logGet(46)) - raft.server.log.force.sync.num = 128 (default)
2022-07-30 01:52:48,250 [pool-1193-thread-1] INFO  server.RaftServerConfigKeys (ConfUtils.java:logGet(46)) - raft.server.log.statemachine.data.sync = true (default)
2022-07-30 01:52:48,250 [pool-1193-thread-1] INFO  server.RaftServerConfigKeys (ConfUtils.java:logGet(46)) - raft.server.log.statemachine.data.sync.timeout = 10s (default)
2022-07-30 01:52:48,250 [pool-1193-thread-1] INFO  server.RaftServerConfigKeys (ConfUtils.java:logGet(46)) - raft.server.log.statemachine.data.sync.timeout.retry = -1 (default)
2022-07-30 01:52:48,252 [EventQueue-PipelineReportForPipelineReportHandler] INFO  pipeline.PipelineManagerImpl (PipelineManagerImpl.java:openPipeline(367)) - Pipeline Pipeline[ Id: eeb1bde2-f862-4e39-9fac-e16c22593b50, Nodes: 1c5a9a78-c73d-49f5-a922-d91982043581{ip: 10.1.0.37, host: fv-az297-62.nmf1rxwemy4u5di1sxxf4ejcwb.jx.internal.cloudapp.net, ports: [REPLICATION=42713, RATIS=34069, RATIS_ADMIN=34069, RATIS_SERVER=34069, STANDALONE=34363], networkLocation: /default-rack, certSerialId: null, persistedOpState: IN_SERVICE, persistedOpStateExpiryEpochSec: 0}, ReplicationConfig: RATIS/ONE, State:ALLOCATED, leaderId:1c5a9a78-c73d-49f5-a922-d91982043581, CreationTimestamp2022-07-30T01:52:45.251Z[Etc/UTC]] moved to OPEN state
2022-07-30 01:52:48,252 [EventQueue-OpenPipelineForHealthyPipelineSafeModeRule] INFO  safemode.SCMSafeModeManager (HealthyPipelineSafeModeRule.java:process(137)) - SCM in safe mode. Healthy pipelines reported count is 0, required healthy pipeline reported count is 1
2022-07-30 01:52:48,258 [pool-1193-thread-1] INFO  server.RaftServerConfigKeys (ConfUtils.java:logGet(46)) - raft.server.log.write.buffer.size = 1048576 (custom)
2022-07-30 01:52:48,258 [pool-1193-thread-1] INFO  server.RaftServerConfigKeys (ConfUtils.java:logGet(46)) - raft.server.log.unsafe-flush.enabled = false (default)
2022-07-30 01:52:48,258 [pool-1193-thread-1] INFO  server.RaftServerConfigKeys (ConfUtils.java:logGet(46)) - raft.server.log.statemachine.data.caching.enabled = true (custom)
2022-07-30 01:52:48,259 [pool-1193-thread-1] INFO  segmented.SegmentedRaftLogWorker (SegmentedRaftLogWorker.java:lambda$new$0(135)) - 1c5a9a78-c73d-49f5-a922-d91982043581@group-E16C22593B50-SegmentedRaftLogWorker: flushIndex: setUnconditionally 0 -> -1
2022-07-30 01:52:48,259 [pool-1193-thread-1] INFO  segmented.SegmentedRaftLogWorker (SegmentedRaftLogWorker.java:lambda$new$0(135)) - 1c5a9a78-c73d-49f5-a922-d91982043581@group-E16C22593B50-SegmentedRaftLogWorker: safeCacheEvictIndex: setUnconditionally 0 -> -1
2022-07-30 01:52:48,259 [pool-1193-thread-1] INFO  server.RaftServerConfigKeys (ConfUtils.java:logGet(46)) - raft.server.snapshot.auto.trigger.enabled = true (custom)
2022-07-30 01:52:48,259 [pool-1193-thread-1] INFO  server.RaftServerConfigKeys (ConfUtils.java:logGet(46)) - raft.server.snapshot.auto.trigger.threshold = 10000 (custom)
2022-07-30 01:52:48,259 [pool-1193-thread-1] INFO  server.RaftServerConfigKeys (ConfUtils.java:logGet(46)) - raft.server.snapshot.retention.file.num = 5 (custom)
2022-07-30 01:52:48,259 [pool-1193-thread-1] INFO  server.RaftServerConfigKeys (ConfUtils.java:logGet(46)) - raft.server.log.purge.upto.snapshot.index = false (default)
2022-07-30 01:52:48,259 [pool-1193-thread-1] INFO  server.RaftServerConfigKeys (ConfUtils.java:logGet(46)) - raft.server.retrycache.expirytime = 600000ms (custom)
2022-07-30 01:52:48,259 [pool-1193-thread-1] INFO  server.RaftServerConfigKeys (ConfUtils.java:logGet(46)) - raft.server.retrycache.statistics.expirytime = 100μs (default)
2022-07-30 01:52:48,262 [pool-1193-thread-1] INFO  server.RaftServerConfigKeys (ConfUtils.java:logGet(46)) - raft.server.log.appender.install.snapshot.enabled = false (custom)
2022-07-30 01:52:48,262 [pool-1193-thread-1] INFO  server.RaftServerConfigKeys (ConfUtils.java:logGet(46)) - raft.server.threadpool.server.cached = true (default)
2022-07-30 01:52:48,262 [pool-1193-thread-1] INFO  server.RaftServerConfigKeys (ConfUtils.java:logGet(46)) - raft.server.threadpool.server.size = 0 (default)
2022-07-30 01:52:48,262 [pool-1193-thread-1] INFO  server.RaftServerConfigKeys (ConfUtils.java:logGet(46)) - raft.server.threadpool.client.cached = true (default)
2022-07-30 01:52:48,263 [pool-1193-thread-1] INFO  server.RaftServerConfigKeys (ConfUtils.java:logGet(46)) - raft.server.threadpool.client.size = 0 (default)
2022-07-30 01:52:48,263 [pool-1193-thread-1] INFO  server.RaftServer$Division (RaftServerImpl.java:start(310)) - 1c5a9a78-c73d-49f5-a922-d91982043581@group-E16C22593B50: start as a follower, conf=-1: [1c5a9a78-c73d-49f5-a922-d91982043581|rpc:10.1.0.37:34069|priority:1], old=null
2022-07-30 01:52:48,263 [pool-1193-thread-1] INFO  server.RaftServer$Division (RaftServerImpl.java:setRole(299)) - 1c5a9a78-c73d-49f5-a922-d91982043581@group-E16C22593B50: changes role from      null to FOLLOWER at term 0 for startAsFollower
2022-07-30 01:52:48,263 [pool-1193-thread-1] INFO  impl.RoleInfo (RoleInfo.java:updateAndGet(139)) - 1c5a9a78-c73d-49f5-a922-d91982043581: start 1c5a9a78-c73d-49f5-a922-d91982043581@group-E16C22593B50-FollowerState
2022-07-30 01:52:48,266 [pool-1193-thread-1] INFO  util.JmxRegister (JmxRegister.java:tryRegister(44)) - Successfully registered JMX Bean with object name Ratis:service=RaftServer,group=group-E16C22593B50,id=1c5a9a78-c73d-49f5-a922-d91982043581
2022-07-30 01:52:48,268 [Command processor thread] INFO  ratis.XceiverServerRatis (XceiverServerRatis.java:addGroup(765)) - Created group PipelineID=eeb1bde2-f862-4e39-9fac-e16c22593b50
2022-07-30 01:52:48,268 [Command processor thread] INFO  commandhandler.CreatePipelineCommandHandler (CreatePipelineCommandHandler.java:handle(113)) - Created Pipeline RATIS ONE PipelineID=eeb1bde2-f862-4e39-9fac-e16c22593b50.
2022-07-30 01:52:49,099 [Listener at 127.0.0.1/40433] INFO  ozone.MiniOzoneClusterImpl (MiniOzoneClusterImpl.java:lambda$waitForClusterToBeReady$0(216)) - Nodes are ready. Got 5 of 5 DN Heartbeats.
2022-07-30 01:52:49,099 [Listener at 127.0.0.1/40433] INFO  ozone.MiniOzoneClusterImpl (MiniOzoneClusterImpl.java:lambda$waitForClusterToBeReady$0(219)) - Waiting for cluster to exit safe mode
2022-07-30 01:52:49,100 [Listener at 127.0.0.1/40433] INFO  ozone.MiniOzoneClusterImpl (MiniOzoneClusterImpl.java:lambda$waitForClusterToBeReady$0(221)) - SCM became leader
2022-07-30 01:52:49,429 [Command processor thread] INFO  server.RaftServer (RaftServerProxy.java:addNew(96)) - 35046169-7c12-4186-af49-3ebd431ef7ed: addNew group-C8E707FDA5A3:[35046169-7c12-4186-af49-3ebd431ef7ed|rpc:10.1.0.37:43679|priority:1] returns group-C8E707FDA5A3:java.util.concurrent.CompletableFuture@1a4c0fb3[Not completed]
2022-07-30 01:52:49,442 [pool-1221-thread-1] INFO  server.RaftServer$Division (RaftServerImpl.java:<init>(190)) - 35046169-7c12-4186-af49-3ebd431ef7ed: new RaftServerImpl for group-C8E707FDA5A3:[35046169-7c12-4186-af49-3ebd431ef7ed|rpc:10.1.0.37:43679|priority:1] with ContainerStateMachine:uninitialized
2022-07-30 01:52:49,443 [pool-1221-thread-1] INFO  server.RaftServerConfigKeys (ConfUtils.java:logGet(46)) - raft.server.rpc.timeout.min = 5s (custom)
2022-07-30 01:52:49,443 [pool-1221-thread-1] INFO  server.RaftServerConfigKeys (ConfUtils.java:logGet(46)) - raft.server.rpc.timeout.max = 5200ms (custom)
2022-07-30 01:52:49,443 [pool-1221-thread-1] INFO  server.RaftServerConfigKeys (ConfUtils.java:logGet(46)) - raft.server.rpc.sleep.time = 25ms (default)
2022-07-30 01:52:49,443 [pool-1221-thread-1] INFO  server.RaftServerConfigKeys (ConfUtils.java:logGet(46)) - raft.server.rpc.slowness.timeout = 300s (custom)
2022-07-30 01:52:49,443 [pool-1221-thread-1] INFO  server.RaftServerConfigKeys (ConfUtils.java:logGet(46)) - raft.server.leaderelection.leader.step-down.wait-time = 10s (default)
2022-07-30 01:52:49,443 [pool-1221-thread-1] INFO  server.RaftServerConfigKeys (ConfUtils.java:logGet(46)) - raft.server.sleep.deviation.threshold = 300ms (default)
2022-07-30 01:52:49,443 [pool-1221-thread-1] INFO  server.RaftServer$Division (ServerState.java:<init>(107)) - 35046169-7c12-4186-af49-3ebd431ef7ed@group-C8E707FDA5A3: ConfigurationManager, init=-1: [35046169-7c12-4186-af49-3ebd431ef7ed|rpc:10.1.0.37:43679|priority:1], old=null, confs=<EMPTY_MAP>
2022-07-30 01:52:49,443 [pool-1221-thread-1] INFO  server.RaftServerConfigKeys (ConfUtils.java:logGet(46)) - raft.server.storage.dir = [/home/runner/work/ozone/ozone/hadoop-ozone/integration-test/target/test-dir/MiniOzoneClusterImpl-bc8b033d-3bc2-4820-b618-97820f252933/datanode-3/data/ratis] (custom)
2022-07-30 01:52:49,443 [pool-1221-thread-1] INFO  server.RaftServerConfigKeys (ConfUtils.java:logGet(46)) - raft.server.log.corruption.policy = EXCEPTION (default)
2022-07-30 01:52:49,443 [pool-1221-thread-1] INFO  server.RaftServerConfigKeys (ConfUtils.java:logGet(46)) - raft.server.storage.free-space.min = 0MB (=0) (default)
2022-07-30 01:52:49,443 [pool-1221-thread-1] INFO  storage.RaftStorageDirectory (RaftStorageDirectoryImpl.java:analyzeStorage(135)) - The storage directory /home/runner/work/ozone/ozone/hadoop-ozone/integration-test/target/test-dir/MiniOzoneClusterImpl-bc8b033d-3bc2-4820-b618-97820f252933/datanode-3/data/ratis/e61e5bc7-0c21-43ee-b0fc-c8e707fda5a3 does not exist. Creating ...
2022-07-30 01:52:49,460 [pool-1221-thread-1] INFO  storage.RaftStorageDirectory (RaftStorageDirectoryImpl.java:tryLock(230)) - Lock on /home/runner/work/ozone/ozone/hadoop-ozone/integration-test/target/test-dir/MiniOzoneClusterImpl-bc8b033d-3bc2-4820-b618-97820f252933/datanode-3/data/ratis/e61e5bc7-0c21-43ee-b0fc-c8e707fda5a3/in_use.lock acquired by nodename 10860@fv-az297-62
2022-07-30 01:52:49,466 [pool-1221-thread-1] INFO  storage.RaftStorage (RaftStorageImpl.java:format(89)) - Storage directory /home/runner/work/ozone/ozone/hadoop-ozone/integration-test/target/test-dir/MiniOzoneClusterImpl-bc8b033d-3bc2-4820-b618-97820f252933/datanode-3/data/ratis/e61e5bc7-0c21-43ee-b0fc-c8e707fda5a3 has been successfully formatted.
2022-07-30 01:52:49,472 [EventQueue-PipelineReportForPipelineReportHandler] INFO  pipeline.PipelineManagerImpl (PipelineManagerImpl.java:openPipeline(367)) - Pipeline Pipeline[ Id: e61e5bc7-0c21-43ee-b0fc-c8e707fda5a3, Nodes: 35046169-7c12-4186-af49-3ebd431ef7ed{ip: 10.1.0.37, host: fv-az297-62.nmf1rxwemy4u5di1sxxf4ejcwb.jx.internal.cloudapp.net, ports: [REPLICATION=37509, RATIS=43679, RATIS_ADMIN=43679, RATIS_SERVER=43679, STANDALONE=37015], networkLocation: /default-rack, certSerialId: null, persistedOpState: IN_SERVICE, persistedOpStateExpiryEpochSec: 0}, ReplicationConfig: RATIS/ONE, State:ALLOCATED, leaderId:35046169-7c12-4186-af49-3ebd431ef7ed, CreationTimestamp2022-07-30T01:52:46.428Z[Etc/UTC]] moved to OPEN state
2022-07-30 01:52:49,472 [EventQueue-OpenPipelineForHealthyPipelineSafeModeRule] INFO  safemode.SCMSafeModeManager (HealthyPipelineSafeModeRule.java:process(137)) - SCM in safe mode. Healthy pipelines reported count is 0, required healthy pipeline reported count is 1
2022-07-30 01:52:49,472 [pool-1221-thread-1] INFO  ratis.ContainerStateMachine (ContainerStateMachine.java:loadSnapshot(236)) - group-C8E707FDA5A3: The snapshot info is null. Setting the last applied indexto:(t:0, i:~)
2022-07-30 01:52:49,472 [pool-1221-thread-1] INFO  server.RaftServerConfigKeys (ConfUtils.java:logGet(46)) - raft.server.notification.no-leader.timeout = 300s (custom)
2022-07-30 01:52:49,472 [pool-1221-thread-1] INFO  server.RaftServerConfigKeys (ConfUtils.java:logGet(46)) - raft.server.log.use.memory = false (default)
2022-07-30 01:52:49,472 [pool-1221-thread-1] INFO  server.RaftServerConfigKeys (ConfUtils.java:logGet(46)) - raft.server.log.purge.gap = 1000000 (custom)
2022-07-30 01:52:49,472 [pool-1221-thread-1] INFO  server.RaftServerConfigKeys (ConfUtils.java:logGet(46)) - raft.server.log.appender.buffer.byte-limit = 33554432 (custom)
2022-07-30 01:52:49,472 [pool-1221-thread-1] INFO  server.RaftServerConfigKeys (ConfUtils.java:logGet(46)) - raft.server.log.statemachine.data.read.timeout = 1000ms (default)
2022-07-30 01:52:49,473 [pool-1221-thread-1] INFO  server.RaftServerConfigKeys (ConfUtils.java:logGet(46)) - raft.server.log.segment.size.max = 1048576 (custom)
2022-07-30 01:52:49,473 [pool-1221-thread-1] INFO  server.RaftServerConfigKeys (ConfUtils.java:logGet(46)) - raft.server.log.segment.cache.num.max = 2 (custom)
2022-07-30 01:52:49,473 [pool-1221-thread-1] INFO  server.RaftServerConfigKeys (ConfUtils.java:logGet(46)) - raft.server.log.segment.cache.size.max = 200MB (=209715200) (default)
2022-07-30 01:52:49,473 [pool-1221-thread-1] INFO  segmented.SegmentedRaftLogWorker (SegmentedRaftLogWorker.java:<init>(187)) - new 35046169-7c12-4186-af49-3ebd431ef7ed@group-C8E707FDA5A3-SegmentedRaftLogWorker for RaftStorageImpl:Storage Directory /home/runner/work/ozone/ozone/hadoop-ozone/integration-test/target/test-dir/MiniOzoneClusterImpl-bc8b033d-3bc2-4820-b618-97820f252933/datanode-3/data/ratis/e61e5bc7-0c21-43ee-b0fc-c8e707fda5a3
2022-07-30 01:52:49,473 [pool-1221-thread-1] INFO  server.RaftServerConfigKeys (ConfUtils.java:logGet(46)) - raft.server.log.queue.byte-limit = 4294967296 (custom)
2022-07-30 01:52:49,473 [pool-1221-thread-1] INFO  server.RaftServerConfigKeys (ConfUtils.java:logGet(46)) - raft.server.log.queue.element-limit = 1024 (custom)
2022-07-30 01:52:49,473 [pool-1221-thread-1] INFO  server.RaftServerConfigKeys (ConfUtils.java:logGet(46)) - raft.server.log.segment.size.max = 1048576 (custom)
2022-07-30 01:52:49,473 [pool-1221-thread-1] INFO  server.RaftServerConfigKeys (ConfUtils.java:logGet(46)) - raft.server.log.preallocated.size = 16384 (custom)
2022-07-30 01:52:49,473 [pool-1221-thread-1] INFO  server.RaftServerConfigKeys (ConfUtils.java:logGet(46)) - raft.server.log.force.sync.num = 128 (default)
2022-07-30 01:52:49,473 [pool-1221-thread-1] INFO  server.RaftServerConfigKeys (ConfUtils.java:logGet(46)) - raft.server.log.statemachine.data.sync = true (default)
2022-07-30 01:52:49,473 [pool-1221-thread-1] INFO  server.RaftServerConfigKeys (ConfUtils.java:logGet(46)) - raft.server.log.statemachine.data.sync.timeout = 10s (default)
2022-07-30 01:52:49,474 [pool-1221-thread-1] INFO  server.RaftServerConfigKeys (ConfUtils.java:logGet(46)) - raft.server.log.statemachine.data.sync.timeout.retry = -1 (default)
2022-07-30 01:52:49,475 [pool-1221-thread-1] INFO  server.RaftServerConfigKeys (ConfUtils.java:logGet(46)) - raft.server.log.write.buffer.size = 1048576 (custom)
2022-07-30 01:52:49,475 [pool-1221-thread-1] INFO  server.RaftServerConfigKeys (ConfUtils.java:logGet(46)) - raft.server.log.unsafe-flush.enabled = false (default)
2022-07-30 01:52:49,475 [pool-1221-thread-1] INFO  server.RaftServerConfigKeys (ConfUtils.java:logGet(46)) - raft.server.log.statemachine.data.caching.enabled = true (custom)
2022-07-30 01:52:49,475 [pool-1221-thread-1] INFO  segmented.SegmentedRaftLogWorker (SegmentedRaftLogWorker.java:lambda$new$0(135)) - 35046169-7c12-4186-af49-3ebd431ef7ed@group-C8E707FDA5A3-SegmentedRaftLogWorker: flushIndex: setUnconditionally 0 -> -1
2022-07-30 01:52:49,476 [pool-1221-thread-1] INFO  segmented.SegmentedRaftLogWorker (SegmentedRaftLogWorker.java:lambda$new$0(135)) - 35046169-7c12-4186-af49-3ebd431ef7ed@group-C8E707FDA5A3-SegmentedRaftLogWorker: safeCacheEvictIndex: setUnconditionally 0 -> -1
2022-07-30 01:52:49,478 [pool-1221-thread-1] INFO  server.RaftServerConfigKeys (ConfUtils.java:logGet(46)) - raft.server.snapshot.auto.trigger.enabled = true (custom)
2022-07-30 01:52:49,478 [pool-1221-thread-1] INFO  server.RaftServerConfigKeys (ConfUtils.java:logGet(46)) - raft.server.snapshot.auto.trigger.threshold = 10000 (custom)
2022-07-30 01:52:49,478 [pool-1221-thread-1] INFO  server.RaftServerConfigKeys (ConfUtils.java:logGet(46)) - raft.server.snapshot.retention.file.num = 5 (custom)
2022-07-30 01:52:49,478 [pool-1221-thread-1] INFO  server.RaftServerConfigKeys (ConfUtils.java:logGet(46)) - raft.server.log.purge.upto.snapshot.index = false (default)
2022-07-30 01:52:49,478 [pool-1221-thread-1] INFO  server.RaftServerConfigKeys (ConfUtils.java:logGet(46)) - raft.server.retrycache.expirytime = 600000ms (custom)
2022-07-30 01:52:49,478 [pool-1221-thread-1] INFO  server.RaftServerConfigKeys (ConfUtils.java:logGet(46)) - raft.server.retrycache.statistics.expirytime = 100μs (default)
2022-07-30 01:52:49,480 [pool-1221-thread-1] INFO  server.RaftServerConfigKeys (ConfUtils.java:logGet(46)) - raft.server.log.appender.install.snapshot.enabled = false (custom)
2022-07-30 01:52:49,480 [pool-1221-thread-1] INFO  server.RaftServerConfigKeys (ConfUtils.java:logGet(46)) - raft.server.threadpool.server.cached = true (default)
2022-07-30 01:52:49,480 [pool-1221-thread-1] INFO  server.RaftServerConfigKeys (ConfUtils.java:logGet(46)) - raft.server.threadpool.server.size = 0 (default)
2022-07-30 01:52:49,480 [pool-1221-thread-1] INFO  server.RaftServerConfigKeys (ConfUtils.java:logGet(46)) - raft.server.threadpool.client.cached = true (default)
2022-07-30 01:52:49,480 [pool-1221-thread-1] INFO  server.RaftServerConfigKeys (ConfUtils.java:logGet(46)) - raft.server.threadpool.client.size = 0 (default)
2022-07-30 01:52:49,480 [pool-1221-thread-1] INFO  server.RaftServer$Division (RaftServerImpl.java:start(310)) - 35046169-7c12-4186-af49-3ebd431ef7ed@group-C8E707FDA5A3: start as a follower, conf=-1: [35046169-7c12-4186-af49-3ebd431ef7ed|rpc:10.1.0.37:43679|priority:1], old=null
2022-07-30 01:52:49,480 [pool-1221-thread-1] INFO  server.RaftServer$Division (RaftServerImpl.java:setRole(299)) - 35046169-7c12-4186-af49-3ebd431ef7ed@group-C8E707FDA5A3: changes role from      null to FOLLOWER at term 0 for startAsFollower
2022-07-30 01:52:49,480 [pool-1221-thread-1] INFO  impl.RoleInfo (RoleInfo.java:updateAndGet(139)) - 35046169-7c12-4186-af49-3ebd431ef7ed: start 35046169-7c12-4186-af49-3ebd431ef7ed@group-C8E707FDA5A3-FollowerState
2022-07-30 01:52:49,480 [pool-1221-thread-1] INFO  util.JmxRegister (JmxRegister.java:tryRegister(44)) - Successfully registered JMX Bean with object name Ratis:service=RaftServer,group=group-C8E707FDA5A3,id=35046169-7c12-4186-af49-3ebd431ef7ed
2022-07-30 01:52:49,481 [Command processor thread] INFO  ratis.XceiverServerRatis (XceiverServerRatis.java:addGroup(765)) - Created group PipelineID=e61e5bc7-0c21-43ee-b0fc-c8e707fda5a3
2022-07-30 01:52:49,481 [Command processor thread] INFO  commandhandler.CreatePipelineCommandHandler (CreatePipelineCommandHandler.java:handle(113)) - Created Pipeline RATIS ONE PipelineID=e61e5bc7-0c21-43ee-b0fc-c8e707fda5a3.
2022-07-30 01:52:50,103 [Listener at 127.0.0.1/40433] INFO  ozone.MiniOzoneClusterImpl (MiniOzoneClusterImpl.java:lambda$waitForClusterToBeReady$0(216)) - Nodes are ready. Got 5 of 5 DN Heartbeats.
2022-07-30 01:52:50,104 [Listener at 127.0.0.1/40433] INFO  ozone.MiniOzoneClusterImpl (MiniOzoneClusterImpl.java:lambda$waitForClusterToBeReady$0(219)) - Waiting for cluster to exit safe mode
2022-07-30 01:52:50,104 [Listener at 127.0.0.1/40433] INFO  ozone.MiniOzoneClusterImpl (MiniOzoneClusterImpl.java:lambda$waitForClusterToBeReady$0(221)) - SCM became leader
2022-07-30 01:52:50,136 [Command processor thread] INFO  server.RaftServer (RaftServerProxy.java:addNew(96)) - 8dcd62ea-b122-4aef-891f-692e4d27e47e: addNew group-B18BA0A509D2:[8dcd62ea-b122-4aef-891f-692e4d27e47e|rpc:10.1.0.37:42953|priority:1] returns group-B18BA0A509D2:java.util.concurrent.CompletableFuture@5ba48b3d[Not completed]
2022-07-30 01:52:50,141 [pool-1248-thread-1] INFO  server.RaftServer$Division (RaftServerImpl.java:<init>(190)) - 8dcd62ea-b122-4aef-891f-692e4d27e47e: new RaftServerImpl for group-B18BA0A509D2:[8dcd62ea-b122-4aef-891f-692e4d27e47e|rpc:10.1.0.37:42953|priority:1] with ContainerStateMachine:uninitialized
2022-07-30 01:52:50,141 [pool-1248-thread-1] INFO  server.RaftServerConfigKeys (ConfUtils.java:logGet(46)) - raft.server.rpc.timeout.min = 5s (custom)
2022-07-30 01:52:50,141 [pool-1248-thread-1] INFO  server.RaftServerConfigKeys (ConfUtils.java:logGet(46)) - raft.server.rpc.timeout.max = 5200ms (custom)
2022-07-30 01:52:50,141 [pool-1248-thread-1] INFO  server.RaftServerConfigKeys (ConfUtils.java:logGet(46)) - raft.server.rpc.sleep.time = 25ms (default)
2022-07-30 01:52:50,141 [pool-1248-thread-1] INFO  server.RaftServerConfigKeys (ConfUtils.java:logGet(46)) - raft.server.rpc.slowness.timeout = 300s (custom)
2022-07-30 01:52:50,141 [pool-1248-thread-1] INFO  server.RaftServerConfigKeys (ConfUtils.java:logGet(46)) - raft.server.leaderelection.leader.step-down.wait-time = 10s (default)
2022-07-30 01:52:50,141 [pool-1248-thread-1] INFO  server.RaftServerConfigKeys (ConfUtils.java:logGet(46)) - raft.server.sleep.deviation.threshold = 300ms (default)
2022-07-30 01:52:50,142 [pool-1248-thread-1] INFO  server.RaftServer$Division (ServerState.java:<init>(107)) - 8dcd62ea-b122-4aef-891f-692e4d27e47e@group-B18BA0A509D2: ConfigurationManager, init=-1: [8dcd62ea-b122-4aef-891f-692e4d27e47e|rpc:10.1.0.37:42953|priority:1], old=null, confs=<EMPTY_MAP>
2022-07-30 01:52:50,142 [pool-1248-thread-1] INFO  server.RaftServerConfigKeys (ConfUtils.java:logGet(46)) - raft.server.storage.dir = [/home/runner/work/ozone/ozone/hadoop-ozone/integration-test/target/test-dir/MiniOzoneClusterImpl-bc8b033d-3bc2-4820-b618-97820f252933/datanode-4/data/ratis] (custom)
2022-07-30 01:52:50,142 [pool-1248-thread-1] INFO  server.RaftServerConfigKeys (ConfUtils.java:logGet(46)) - raft.server.log.corruption.policy = EXCEPTION (default)
2022-07-30 01:52:50,142 [pool-1248-thread-1] INFO  server.RaftServerConfigKeys (ConfUtils.java:logGet(46)) - raft.server.storage.free-space.min = 0MB (=0) (default)
2022-07-30 01:52:50,142 [pool-1248-thread-1] INFO  storage.RaftStorageDirectory (RaftStorageDirectoryImpl.java:analyzeStorage(135)) - The storage directory /home/runner/work/ozone/ozone/hadoop-ozone/integration-test/target/test-dir/MiniOzoneClusterImpl-bc8b033d-3bc2-4820-b618-97820f252933/datanode-4/data/ratis/699fd978-a517-4ef2-8148-b18ba0a509d2 does not exist. Creating ...
2022-07-30 01:52:50,149 [pool-1248-thread-1] INFO  storage.RaftStorageDirectory (RaftStorageDirectoryImpl.java:tryLock(230)) - Lock on /home/runner/work/ozone/ozone/hadoop-ozone/integration-test/target/test-dir/MiniOzoneClusterImpl-bc8b033d-3bc2-4820-b618-97820f252933/datanode-4/data/ratis/699fd978-a517-4ef2-8148-b18ba0a509d2/in_use.lock acquired by nodename 10860@fv-az297-62
2022-07-30 01:52:50,153 [pool-1248-thread-1] INFO  storage.RaftStorage (RaftStorageImpl.java:format(89)) - Storage directory /home/runner/work/ozone/ozone/hadoop-ozone/integration-test/target/test-dir/MiniOzoneClusterImpl-bc8b033d-3bc2-4820-b618-97820f252933/datanode-4/data/ratis/699fd978-a517-4ef2-8148-b18ba0a509d2 has been successfully formatted.
2022-07-30 01:52:50,156 [pool-1248-thread-1] INFO  ratis.ContainerStateMachine (ContainerStateMachine.java:loadSnapshot(236)) - group-B18BA0A509D2: The snapshot info is null. Setting the last applied indexto:(t:0, i:~)
2022-07-30 01:52:50,156 [pool-1248-thread-1] INFO  server.RaftServerConfigKeys (ConfUtils.java:logGet(46)) - raft.server.notification.no-leader.timeout = 300s (custom)
2022-07-30 01:52:50,156 [pool-1248-thread-1] INFO  server.RaftServerConfigKeys (ConfUtils.java:logGet(46)) - raft.server.log.use.memory = false (default)
2022-07-30 01:52:50,156 [pool-1248-thread-1] INFO  server.RaftServerConfigKeys (ConfUtils.java:logGet(46)) - raft.server.log.purge.gap = 1000000 (custom)
2022-07-30 01:52:50,156 [pool-1248-thread-1] INFO  server.RaftServerConfigKeys (ConfUtils.java:logGet(46)) - raft.server.log.appender.buffer.byte-limit = 33554432 (custom)
2022-07-30 01:52:50,156 [pool-1248-thread-1] INFO  server.RaftServerConfigKeys (ConfUtils.java:logGet(46)) - raft.server.log.statemachine.data.read.timeout = 1000ms (default)
2022-07-30 01:52:50,157 [pool-1248-thread-1] INFO  server.RaftServerConfigKeys (ConfUtils.java:logGet(46)) - raft.server.log.segment.size.max = 1048576 (custom)
2022-07-30 01:52:50,157 [pool-1248-thread-1] INFO  server.RaftServerConfigKeys (ConfUtils.java:logGet(46)) - raft.server.log.segment.cache.num.max = 2 (custom)
2022-07-30 01:52:50,157 [pool-1248-thread-1] INFO  server.RaftServerConfigKeys (ConfUtils.java:logGet(46)) - raft.server.log.segment.cache.size.max = 200MB (=209715200) (default)
2022-07-30 01:52:50,157 [pool-1248-thread-1] INFO  segmented.SegmentedRaftLogWorker (SegmentedRaftLogWorker.java:<init>(187)) - new 8dcd62ea-b122-4aef-891f-692e4d27e47e@group-B18BA0A509D2-SegmentedRaftLogWorker for RaftStorageImpl:Storage Directory /home/runner/work/ozone/ozone/hadoop-ozone/integration-test/target/test-dir/MiniOzoneClusterImpl-bc8b033d-3bc2-4820-b618-97820f252933/datanode-4/data/ratis/699fd978-a517-4ef2-8148-b18ba0a509d2
2022-07-30 01:52:50,157 [pool-1248-thread-1] INFO  server.RaftServerConfigKeys (ConfUtils.java:logGet(46)) - raft.server.log.queue.byte-limit = 4294967296 (custom)
2022-07-30 01:52:50,157 [pool-1248-thread-1] INFO  server.RaftServerConfigKeys (ConfUtils.java:logGet(46)) - raft.server.log.queue.element-limit = 1024 (custom)
2022-07-30 01:52:50,157 [pool-1248-thread-1] INFO  server.RaftServerConfigKeys (ConfUtils.java:logGet(46)) - raft.server.log.segment.size.max = 1048576 (custom)
2022-07-30 01:52:50,157 [pool-1248-thread-1] INFO  server.RaftServerConfigKeys (ConfUtils.java:logGet(46)) - raft.server.log.preallocated.size = 16384 (custom)
2022-07-30 01:52:50,157 [pool-1248-thread-1] INFO  server.RaftServerConfigKeys (ConfUtils.java:logGet(46)) - raft.server.log.force.sync.num = 128 (default)
2022-07-30 01:52:50,157 [pool-1248-thread-1] INFO  server.RaftServerConfigKeys (ConfUtils.java:logGet(46)) - raft.server.log.statemachine.data.sync = true (default)
2022-07-30 01:52:50,158 [pool-1248-thread-1] INFO  server.RaftServerConfigKeys (ConfUtils.java:logGet(46)) - raft.server.log.statemachine.data.sync.timeout = 10s (default)
2022-07-30 01:52:50,158 [pool-1248-thread-1] INFO  server.RaftServerConfigKeys (ConfUtils.java:logGet(46)) - raft.server.log.statemachine.data.sync.timeout.retry = -1 (default)
2022-07-30 01:52:50,159 [pool-1248-thread-1] INFO  server.RaftServerConfigKeys (ConfUtils.java:logGet(46)) - raft.server.log.write.buffer.size = 1048576 (custom)
2022-07-30 01:52:50,159 [pool-1248-thread-1] INFO  server.RaftServerConfigKeys (ConfUtils.java:logGet(46)) - raft.server.log.unsafe-flush.enabled = false (default)
2022-07-30 01:52:50,159 [pool-1248-thread-1] INFO  server.RaftServerConfigKeys (ConfUtils.java:logGet(46)) - raft.server.log.statemachine.data.caching.enabled = true (custom)
2022-07-30 01:52:50,160 [pool-1248-thread-1] INFO  segmented.SegmentedRaftLogWorker (SegmentedRaftLogWorker.java:lambda$new$0(135)) - 8dcd62ea-b122-4aef-891f-692e4d27e47e@group-B18BA0A509D2-SegmentedRaftLogWorker: flushIndex: setUnconditionally 0 -> -1
2022-07-30 01:52:50,160 [pool-1248-thread-1] INFO  segmented.SegmentedRaftLogWorker (SegmentedRaftLogWorker.java:lambda$new$0(135)) - 8dcd62ea-b122-4aef-891f-692e4d27e47e@group-B18BA0A509D2-SegmentedRaftLogWorker: safeCacheEvictIndex: setUnconditionally 0 -> -1
2022-07-30 01:52:50,176 [pool-1248-thread-1] INFO  server.RaftServerConfigKeys (ConfUtils.java:logGet(46)) - raft.server.snapshot.auto.trigger.enabled = true (custom)
2022-07-30 01:52:50,176 [pool-1248-thread-1] INFO  server.RaftServerConfigKeys (ConfUtils.java:logGet(46)) - raft.server.snapshot.auto.trigger.threshold = 10000 (custom)
2022-07-30 01:52:50,176 [pool-1248-thread-1] INFO  server.RaftServerConfigKeys (ConfUtils.java:logGet(46)) - raft.server.snapshot.retention.file.num = 5 (custom)
2022-07-30 01:52:50,176 [pool-1248-thread-1] INFO  server.RaftServerConfigKeys (ConfUtils.java:logGet(46)) - raft.server.log.purge.upto.snapshot.index = false (default)
2022-07-30 01:52:50,176 [pool-1248-thread-1] INFO  server.RaftServerConfigKeys (ConfUtils.java:logGet(46)) - raft.server.retrycache.expirytime = 600000ms (custom)
2022-07-30 01:52:50,176 [pool-1248-thread-1] INFO  server.RaftServerConfigKeys (ConfUtils.java:logGet(46)) - raft.server.retrycache.statistics.expirytime = 100μs (default)
2022-07-30 01:52:50,178 [pool-1248-thread-1] INFO  server.RaftServerConfigKeys (ConfUtils.java:logGet(46)) - raft.server.log.appender.install.snapshot.enabled = false (custom)
2022-07-30 01:52:50,178 [pool-1248-thread-1] INFO  server.RaftServerConfigKeys (ConfUtils.java:logGet(46)) - raft.server.threadpool.server.cached = true (default)
2022-07-30 01:52:50,178 [pool-1248-thread-1] INFO  server.RaftServerConfigKeys (ConfUtils.java:logGet(46)) - raft.server.threadpool.server.size = 0 (default)
2022-07-30 01:52:50,178 [pool-1248-thread-1] INFO  server.RaftServerConfigKeys (ConfUtils.java:logGet(46)) - raft.server.threadpool.client.cached = true (default)
2022-07-30 01:52:50,178 [pool-1248-thread-1] INFO  server.RaftServerConfigKeys (ConfUtils.java:logGet(46)) - raft.server.threadpool.client.size = 0 (default)
2022-07-30 01:52:50,178 [pool-1248-thread-1] INFO  server.RaftServer$Division (RaftServerImpl.java:start(310)) - 8dcd62ea-b122-4aef-891f-692e4d27e47e@group-B18BA0A509D2: start as a follower, conf=-1: [8dcd62ea-b122-4aef-891f-692e4d27e47e|rpc:10.1.0.37:42953|priority:1], old=null
2022-07-30 01:52:50,178 [pool-1248-thread-1] INFO  server.RaftServer$Division (RaftServerImpl.java:setRole(299)) - 8dcd62ea-b122-4aef-891f-692e4d27e47e@group-B18BA0A509D2: changes role from      null to FOLLOWER at term 0 for startAsFollower
2022-07-30 01:52:50,178 [pool-1248-thread-1] INFO  impl.RoleInfo (RoleInfo.java:updateAndGet(139)) - 8dcd62ea-b122-4aef-891f-692e4d27e47e: start 8dcd62ea-b122-4aef-891f-692e4d27e47e@group-B18BA0A509D2-FollowerState
2022-07-30 01:52:50,179 [pool-1248-thread-1] INFO  util.JmxRegister (JmxRegister.java:tryRegister(44)) - Successfully registered JMX Bean with object name Ratis:service=RaftServer,group=group-B18BA0A509D2,id=8dcd62ea-b122-4aef-891f-692e4d27e47e
2022-07-30 01:52:50,187 [Command processor thread] INFO  ratis.XceiverServerRatis (XceiverServerRatis.java:addGroup(765)) - Created group PipelineID=699fd978-a517-4ef2-8148-b18ba0a509d2
2022-07-30 01:52:50,187 [Command processor thread] INFO  commandhandler.CreatePipelineCommandHandler (CreatePipelineCommandHandler.java:handle(113)) - Created Pipeline RATIS ONE PipelineID=699fd978-a517-4ef2-8148-b18ba0a509d2.
2022-07-30 01:52:50,210 [EventQueue-PipelineReportForPipelineReportHandler] INFO  pipeline.PipelineManagerImpl (PipelineManagerImpl.java:openPipeline(367)) - Pipeline Pipeline[ Id: 699fd978-a517-4ef2-8148-b18ba0a509d2, Nodes: 8dcd62ea-b122-4aef-891f-692e4d27e47e{ip: 10.1.0.37, host: fv-az297-62.nmf1rxwemy4u5di1sxxf4ejcwb.jx.internal.cloudapp.net, ports: [REPLICATION=45325, RATIS=42953, RATIS_ADMIN=42953, RATIS_SERVER=42953, STANDALONE=46589], networkLocation: /default-rack, certSerialId: null, persistedOpState: IN_SERVICE, persistedOpStateExpiryEpochSec: 0}, ReplicationConfig: RATIS/ONE, State:ALLOCATED, leaderId:8dcd62ea-b122-4aef-891f-692e4d27e47e, CreationTimestamp2022-07-30T01:52:47.145Z[Etc/UTC]] moved to OPEN state
2022-07-30 01:52:50,210 [EventQueue-OpenPipelineForHealthyPipelineSafeModeRule] INFO  safemode.SCMSafeModeManager (HealthyPipelineSafeModeRule.java:process(137)) - SCM in safe mode. Healthy pipelines reported count is 0, required healthy pipeline reported count is 1
2022-07-30 01:52:50,523 [OverReplicatedQueueThreadThread] INFO  replication.OverReplicatedProcessor (OverReplicatedProcessor.java:processAll(83)) - Processed 0 over replicated containers, failed processing 0
2022-07-30 01:52:50,525 [UnderReplicatedQueueThreadThread] INFO  replication.UnderReplicatedProcessor (UnderReplicatedProcessor.java:processAll(85)) - Processed 0 under replicated containers, failed processing 0
2022-07-30 01:52:51,104 [Listener at 127.0.0.1/40433] INFO  ozone.MiniOzoneClusterImpl (MiniOzoneClusterImpl.java:lambda$waitForClusterToBeReady$0(216)) - Nodes are ready. Got 5 of 5 DN Heartbeats.
2022-07-30 01:52:51,104 [Listener at 127.0.0.1/40433] INFO  ozone.MiniOzoneClusterImpl (MiniOzoneClusterImpl.java:lambda$waitForClusterToBeReady$0(219)) - Waiting for cluster to exit safe mode
2022-07-30 01:52:51,104 [Listener at 127.0.0.1/40433] INFO  ozone.MiniOzoneClusterImpl (MiniOzoneClusterImpl.java:lambda$waitForClusterToBeReady$0(221)) - SCM became leader
2022-07-30 01:52:51,552 [8f5c3faa-f143-4f3c-a1d4-a848eac4f418@group-8B4E379D06F0-FollowerState] INFO  impl.FollowerState (FollowerState.java:run(143)) - 8f5c3faa-f143-4f3c-a1d4-a848eac4f418@group-8B4E379D06F0-FollowerState: change to CANDIDATE, lastRpcElapsedTime:5099921889ns, electionTimeout:5099ms
2022-07-30 01:52:51,553 [8f5c3faa-f143-4f3c-a1d4-a848eac4f418@group-8B4E379D06F0-FollowerState] INFO  impl.RoleInfo (RoleInfo.java:shutdownFollowerState(110)) - 8f5c3faa-f143-4f3c-a1d4-a848eac4f418: shutdown 8f5c3faa-f143-4f3c-a1d4-a848eac4f418@group-8B4E379D06F0-FollowerState
2022-07-30 01:52:51,553 [8f5c3faa-f143-4f3c-a1d4-a848eac4f418@group-8B4E379D06F0-FollowerState] INFO  server.RaftServer$Division (RaftServerImpl.java:setRole(299)) - 8f5c3faa-f143-4f3c-a1d4-a848eac4f418@group-8B4E379D06F0: changes role from  FOLLOWER to CANDIDATE at term 0 for changeToCandidate
2022-07-30 01:52:51,553 [8f5c3faa-f143-4f3c-a1d4-a848eac4f418@group-8B4E379D06F0-FollowerState] INFO  server.RaftServerConfigKeys (ConfUtils.java:logGet(46)) - raft.server.leaderelection.pre-vote = false (custom)
2022-07-30 01:52:51,553 [8f5c3faa-f143-4f3c-a1d4-a848eac4f418@group-8B4E379D06F0-FollowerState] INFO  impl.RoleInfo (RoleInfo.java:updateAndGet(139)) - 8f5c3faa-f143-4f3c-a1d4-a848eac4f418: start 8f5c3faa-f143-4f3c-a1d4-a848eac4f418@group-8B4E379D06F0-LeaderElection59
2022-07-30 01:52:51,589 [8f5c3faa-f143-4f3c-a1d4-a848eac4f418@group-8B4E379D06F0-LeaderElection59] INFO  impl.LeaderElection (LeaderElection.java:askForVotes(310)) - 8f5c3faa-f143-4f3c-a1d4-a848eac4f418@group-8B4E379D06F0-LeaderElection59 ELECTION round 0: submit vote requests at term 1 for -1: [8f5c3faa-f143-4f3c-a1d4-a848eac4f418|rpc:10.1.0.37:44703|priority:1], old=null
2022-07-30 01:52:51,589 [8f5c3faa-f143-4f3c-a1d4-a848eac4f418@group-8B4E379D06F0-LeaderElection59] INFO  impl.LeaderElection (LeaderElection.java:askForVotes(312)) - 8f5c3faa-f143-4f3c-a1d4-a848eac4f418@group-8B4E379D06F0-LeaderElection59 ELECTION round 0: result PASSED (term=1)
2022-07-30 01:52:51,589 [8f5c3faa-f143-4f3c-a1d4-a848eac4f418@group-8B4E379D06F0-LeaderElection59] INFO  impl.RoleInfo (RoleInfo.java:shutdownLeaderElection(130)) - 8f5c3faa-f143-4f3c-a1d4-a848eac4f418: shutdown 8f5c3faa-f143-4f3c-a1d4-a848eac4f418@group-8B4E379D06F0-LeaderElection59
2022-07-30 01:52:51,590 [8f5c3faa-f143-4f3c-a1d4-a848eac4f418@group-8B4E379D06F0-LeaderElection59] INFO  server.RaftServer$Division (RaftServerImpl.java:setRole(299)) - 8f5c3faa-f143-4f3c-a1d4-a848eac4f418@group-8B4E379D06F0: changes role from CANDIDATE to LEADER at term 1 for changeToLeader
2022-07-30 01:52:51,590 [8f5c3faa-f143-4f3c-a1d4-a848eac4f418@group-8B4E379D06F0-LeaderElection59] INFO  ratis.XceiverServerRatis (XceiverServerRatis.java:handleLeaderChangedNotification(863)) - Leader change notification received for group: group-8B4E379D06F0 with new leaderId: 8f5c3faa-f143-4f3c-a1d4-a848eac4f418
2022-07-30 01:52:51,591 [EventQueue-OpenPipelineForHealthyPipelineSafeModeRule] INFO  safemode.SCMSafeModeManager (HealthyPipelineSafeModeRule.java:process(137)) - SCM in safe mode. Healthy pipelines reported count is 0, required healthy pipeline reported count is 1
2022-07-30 01:52:51,591 [8f5c3faa-f143-4f3c-a1d4-a848eac4f418@group-8B4E379D06F0-LeaderElection59] INFO  server.RaftServer$Division (ServerState.java:setLeader(287)) - 8f5c3faa-f143-4f3c-a1d4-a848eac4f418@group-8B4E379D06F0: change Leader from null to 8f5c3faa-f143-4f3c-a1d4-a848eac4f418 at term 1 for becomeLeader, leader elected after 5156ms
2022-07-30 01:52:51,602 [8f5c3faa-f143-4f3c-a1d4-a848eac4f418@group-8B4E379D06F0-LeaderElection59] INFO  server.RaftServerConfigKeys (ConfUtils.java:logGet(46)) - raft.server.staging.catchup.gap = 1000 (default)
2022-07-30 01:52:51,602 [8f5c3faa-f143-4f3c-a1d4-a848eac4f418@group-8B4E379D06F0-LeaderElection59] INFO  server.RaftServerConfigKeys (ConfUtils.java:logGet(46)) - raft.server.write.element-limit = 1024 (custom)
2022-07-30 01:52:51,602 [8f5c3faa-f143-4f3c-a1d4-a848eac4f418@group-8B4E379D06F0-LeaderElection59] INFO  server.RaftServerConfigKeys (ConfUtils.java:logGet(46)) - raft.server.write.byte-limit = 1024 M (=1073741824) (custom)
2022-07-30 01:52:51,602 [8f5c3faa-f143-4f3c-a1d4-a848eac4f418@group-8B4E379D06F0-LeaderElection59] INFO  server.RaftServerConfigKeys (ConfUtils.java:logGet(46)) - raft.server.watch.timeout = 180s (custom)
2022-07-30 01:52:51,602 [8f5c3faa-f143-4f3c-a1d4-a848eac4f418@group-8B4E379D06F0-LeaderElection59] INFO  server.RaftServerConfigKeys (ConfUtils.java:logGet(46)) - raft.server.watch.timeout.denomination = 1s (default)
2022-07-30 01:52:51,603 [8f5c3faa-f143-4f3c-a1d4-a848eac4f418@group-8B4E379D06F0-LeaderElection59] INFO  server.RaftServerConfigKeys (ConfUtils.java:logGet(46)) - raft.server.watch.element-limit = 65536 (default)
2022-07-30 01:52:51,604 [8f5c3faa-f143-4f3c-a1d4-a848eac4f418@group-8B4E379D06F0-LeaderElection59] INFO  server.RaftServerConfigKeys (ConfUtils.java:logGet(46)) - raft.server.write.element-limit = 1024 (custom)
2022-07-30 01:52:51,604 [8f5c3faa-f143-4f3c-a1d4-a848eac4f418@group-8B4E379D06F0-LeaderElection59] INFO  server.RaftServerConfigKeys (ConfUtils.java:logGet(46)) - raft.server.write.follower.gap.ratio.max = -1.0 (default)
2022-07-30 01:52:51,604 [8f5c3faa-f143-4f3c-a1d4-a848eac4f418@group-8B4E379D06F0-LeaderElection59] INFO  impl.RoleInfo (RoleInfo.java:updateAndGet(139)) - 8f5c3faa-f143-4f3c-a1d4-a848eac4f418: start 8f5c3faa-f143-4f3c-a1d4-a848eac4f418@group-8B4E379D06F0-LeaderStateImpl
2022-07-30 01:52:51,605 [8f5c3faa-f143-4f3c-a1d4-a848eac4f418@group-8B4E379D06F0-LeaderElection59] INFO  segmented.SegmentedRaftLogWorker (SegmentedRaftLogWorker.java:startLogSegment(425)) - 8f5c3faa-f143-4f3c-a1d4-a848eac4f418@group-8B4E379D06F0-SegmentedRaftLogWorker: Starting segment from index:0
2022-07-30 01:52:51,615 [8f5c3faa-f143-4f3c-a1d4-a848eac4f418@group-8B4E379D06F0-SegmentedRaftLogWorker] INFO  segmented.SegmentedRaftLogWorker (SegmentedRaftLogWorker.java:execute(629)) - 8f5c3faa-f143-4f3c-a1d4-a848eac4f418@group-8B4E379D06F0-SegmentedRaftLogWorker: created new log segment /home/runner/work/ozone/ozone/hadoop-ozone/integration-test/target/test-dir/MiniOzoneClusterImpl-bc8b033d-3bc2-4820-b618-97820f252933/datanode-0/data/ratis/8ec02819-2f19-417f-820c-8b4e379d06f0/current/log_inprogress_0
2022-07-30 01:52:51,626 [8f5c3faa-f143-4f3c-a1d4-a848eac4f418@group-8EC71B74F447-FollowerState] INFO  impl.FollowerState (FollowerState.java:run(143)) - 8f5c3faa-f143-4f3c-a1d4-a848eac4f418@group-8EC71B74F447-FollowerState: change to CANDIDATE, lastRpcElapsedTime:5155299691ns, electionTimeout:5139ms
2022-07-30 01:52:51,643 [8f5c3faa-f143-4f3c-a1d4-a848eac4f418@group-8EC71B74F447-FollowerState] INFO  impl.RoleInfo (RoleInfo.java:shutdownFollowerState(110)) - 8f5c3faa-f143-4f3c-a1d4-a848eac4f418: shutdown 8f5c3faa-f143-4f3c-a1d4-a848eac4f418@group-8EC71B74F447-FollowerState
2022-07-30 01:52:51,643 [8f5c3faa-f143-4f3c-a1d4-a848eac4f418@group-8EC71B74F447-FollowerState] INFO  server.RaftServer$Division (RaftServerImpl.java:setRole(299)) - 8f5c3faa-f143-4f3c-a1d4-a848eac4f418@group-8EC71B74F447: changes role from  FOLLOWER to CANDIDATE at term 0 for changeToCandidate
2022-07-30 01:52:51,643 [8f5c3faa-f143-4f3c-a1d4-a848eac4f418@group-8EC71B74F447-FollowerState] INFO  server.RaftServerConfigKeys (ConfUtils.java:logGet(46)) - raft.server.leaderelection.pre-vote = false (custom)
2022-07-30 01:52:51,643 [8f5c3faa-f143-4f3c-a1d4-a848eac4f418@group-8EC71B74F447-FollowerState] INFO  impl.RoleInfo (RoleInfo.java:updateAndGet(139)) - 8f5c3faa-f143-4f3c-a1d4-a848eac4f418: start 8f5c3faa-f143-4f3c-a1d4-a848eac4f418@group-8EC71B74F447-LeaderElection60
2022-07-30 01:52:51,616 [8f5c3faa-f143-4f3c-a1d4-a848eac4f418@group-8B4E379D06F0-LeaderElection59] INFO  server.RaftServer$Division (ServerState.java:setRaftConf(393)) - 8f5c3faa-f143-4f3c-a1d4-a848eac4f418@group-8B4E379D06F0: set configuration 0: [8f5c3faa-f143-4f3c-a1d4-a848eac4f418|rpc:10.1.0.37:44703|dataStream:|priority:1], old=null
2022-07-30 01:52:51,718 [8f5c3faa-f143-4f3c-a1d4-a848eac4f418@group-8EC71B74F447-LeaderElection60] INFO  impl.LeaderElection (LeaderElection.java:askForVotes(310)) - 8f5c3faa-f143-4f3c-a1d4-a848eac4f418@group-8EC71B74F447-LeaderElection60 ELECTION round 0: submit vote requests at term 1 for -1: [65c0e71a-8f9a-4866-86b4-013512fa0d07|rpc:10.1.0.37:46743|priority:0, 8f5c3faa-f143-4f3c-a1d4-a848eac4f418|rpc:10.1.0.37:44703|priority:0, 1c5a9a78-c73d-49f5-a922-d91982043581|rpc:10.1.0.37:34069|priority:1], old=null
2022-07-30 01:52:51,808 [grpc-default-executor-0] INFO  server.RaftServer$Division (RaftServerImpl.java:requestVote(1152)) - 1c5a9a78-c73d-49f5-a922-d91982043581@group-8EC71B74F447: receive requestVote(ELECTION, 8f5c3faa-f143-4f3c-a1d4-a848eac4f418, group-8EC71B74F447, 1, (t:0, i:0))
2022-07-30 01:52:51,808 [grpc-default-executor-0] INFO  impl.VoteContext (VoteContext.java:log(48)) - 1c5a9a78-c73d-49f5-a922-d91982043581@group-8EC71B74F447-FOLLOWER: reject ELECTION from 8f5c3faa-f143-4f3c-a1d4-a848eac4f418: our priority 1 > candidate's priority 0
2022-07-30 01:52:51,809 [grpc-default-executor-0] INFO  server.RaftServer$Division (RaftServerImpl.java:setRole(299)) - 1c5a9a78-c73d-49f5-a922-d91982043581@group-8EC71B74F447: changes role from  FOLLOWER to FOLLOWER at term 1 for candidate:8f5c3faa-f143-4f3c-a1d4-a848eac4f418
2022-07-30 01:52:51,809 [grpc-default-executor-0] INFO  impl.RoleInfo (RoleInfo.java:shutdownFollowerState(110)) - 1c5a9a78-c73d-49f5-a922-d91982043581: shutdown 1c5a9a78-c73d-49f5-a922-d91982043581@group-8EC71B74F447-FollowerState
2022-07-30 01:52:51,809 [grpc-default-executor-0] INFO  impl.RoleInfo (RoleInfo.java:updateAndGet(139)) - 1c5a9a78-c73d-49f5-a922-d91982043581: start 1c5a9a78-c73d-49f5-a922-d91982043581@group-8EC71B74F447-FollowerState
2022-07-30 01:52:51,809 [1c5a9a78-c73d-49f5-a922-d91982043581@group-8EC71B74F447-FollowerState] INFO  impl.FollowerState (FollowerState.java:run(152)) - 1c5a9a78-c73d-49f5-a922-d91982043581@group-8EC71B74F447-FollowerState was interrupted
2022-07-30 01:52:51,821 [grpc-default-executor-0] INFO  server.RaftServer$Division (RaftServerImpl.java:requestVote(1184)) - 1c5a9a78-c73d-49f5-a922-d91982043581@group-8EC71B74F447 replies to ELECTION vote request: 8f5c3faa-f143-4f3c-a1d4-a848eac4f418<-1c5a9a78-c73d-49f5-a922-d91982043581#0:FAIL-t1. Peer's state: 1c5a9a78-c73d-49f5-a922-d91982043581@group-8EC71B74F447:t1, leader=null, voted=null, raftlog=1c5a9a78-c73d-49f5-a922-d91982043581@group-8EC71B74F447-SegmentedRaftLog:OPENED:c-1, conf=-1: [65c0e71a-8f9a-4866-86b4-013512fa0d07|rpc:10.1.0.37:46743|dataStream:|priority:0, 8f5c3faa-f143-4f3c-a1d4-a848eac4f418|rpc:10.1.0.37:44703|dataStream:|priority:0, 1c5a9a78-c73d-49f5-a922-d91982043581|rpc:10.1.0.37:34069|dataStream:|priority:1], old=null
2022-07-30 01:52:51,845 [grpc-default-executor-1] INFO  server.RaftServer$Division (RaftServerImpl.java:requestVote(1152)) - 65c0e71a-8f9a-4866-86b4-013512fa0d07@group-8EC71B74F447: receive requestVote(ELECTION, 8f5c3faa-f143-4f3c-a1d4-a848eac4f418, group-8EC71B74F447, 1, (t:0, i:0))
2022-07-30 01:52:51,845 [grpc-default-executor-1] INFO  impl.VoteContext (VoteContext.java:log(48)) - 65c0e71a-8f9a-4866-86b4-013512fa0d07@group-8EC71B74F447-FOLLOWER: accept ELECTION from 8f5c3faa-f143-4f3c-a1d4-a848eac4f418: our priority 0 <= candidate's priority 0
2022-07-30 01:52:51,845 [grpc-default-executor-1] INFO  server.RaftServer$Division (RaftServerImpl.java:setRole(299)) - 65c0e71a-8f9a-4866-86b4-013512fa0d07@group-8EC71B74F447: changes role from  FOLLOWER to FOLLOWER at term 1 for candidate:8f5c3faa-f143-4f3c-a1d4-a848eac4f418
2022-07-30 01:52:51,845 [8f5c3faa-f143-4f3c-a1d4-a848eac4f418@group-8EC71B74F447-LeaderElection60] INFO  impl.LeaderElection (LeaderElection.java:logAndReturn(90)) - 8f5c3faa-f143-4f3c-a1d4-a848eac4f418@group-8EC71B74F447-LeaderElection60: ELECTION REJECTED received 1 response(s) and 0 exception(s):
2022-07-30 01:52:51,845 [grpc-default-executor-1] INFO  impl.RoleInfo (RoleInfo.java:shutdownFollowerState(110)) - 65c0e71a-8f9a-4866-86b4-013512fa0d07: shutdown 65c0e71a-8f9a-4866-86b4-013512fa0d07@group-8EC71B74F447-FollowerState
2022-07-30 01:52:51,845 [8f5c3faa-f143-4f3c-a1d4-a848eac4f418@group-8EC71B74F447-LeaderElection60] INFO  impl.LeaderElection (LeaderElection.java:logAndReturn(94)) -   Response 0: 8f5c3faa-f143-4f3c-a1d4-a848eac4f418<-1c5a9a78-c73d-49f5-a922-d91982043581#0:FAIL-t1
2022-07-30 01:52:51,845 [grpc-default-executor-1] INFO  impl.RoleInfo (RoleInfo.java:updateAndGet(139)) - 65c0e71a-8f9a-4866-86b4-013512fa0d07: start 65c0e71a-8f9a-4866-86b4-013512fa0d07@group-8EC71B74F447-FollowerState
2022-07-30 01:52:51,845 [65c0e71a-8f9a-4866-86b4-013512fa0d07@group-8EC71B74F447-FollowerState] INFO  impl.FollowerState (FollowerState.java:run(152)) - 65c0e71a-8f9a-4866-86b4-013512fa0d07@group-8EC71B74F447-FollowerState was interrupted
2022-07-30 01:52:51,845 [8f5c3faa-f143-4f3c-a1d4-a848eac4f418@group-8EC71B74F447-LeaderElection60] INFO  impl.LeaderElection (LeaderElection.java:askForVotes(312)) - 8f5c3faa-f143-4f3c-a1d4-a848eac4f418@group-8EC71B74F447-LeaderElection60 ELECTION round 0: result REJECTED
2022-07-30 01:52:51,847 [8f5c3faa-f143-4f3c-a1d4-a848eac4f418@group-8EC71B74F447-LeaderElection60] INFO  server.RaftServer$Division (RaftServerImpl.java:setRole(299)) - 8f5c3faa-f143-4f3c-a1d4-a848eac4f418@group-8EC71B74F447: changes role from CANDIDATE to FOLLOWER at term 1 for REJECTED
2022-07-30 01:52:51,847 [8f5c3faa-f143-4f3c-a1d4-a848eac4f418@group-8EC71B74F447-LeaderElection60] INFO  impl.RoleInfo (RoleInfo.java:shutdownLeaderElection(130)) - 8f5c3faa-f143-4f3c-a1d4-a848eac4f418: shutdown 8f5c3faa-f143-4f3c-a1d4-a848eac4f418@group-8EC71B74F447-LeaderElection60
2022-07-30 01:52:51,858 [grpc-default-executor-1] INFO  server.RaftServer$Division (RaftServerImpl.java:requestVote(1184)) - 65c0e71a-8f9a-4866-86b4-013512fa0d07@group-8EC71B74F447 replies to ELECTION vote request: 8f5c3faa-f143-4f3c-a1d4-a848eac4f418<-65c0e71a-8f9a-4866-86b4-013512fa0d07#0:OK-t1. Peer's state: 65c0e71a-8f9a-4866-86b4-013512fa0d07@group-8EC71B74F447:t1, leader=null, voted=8f5c3faa-f143-4f3c-a1d4-a848eac4f418, raftlog=65c0e71a-8f9a-4866-86b4-013512fa0d07@group-8EC71B74F447-SegmentedRaftLog:OPENED:c-1, conf=-1: [65c0e71a-8f9a-4866-86b4-013512fa0d07|rpc:10.1.0.37:46743|dataStream:|priority:0, 8f5c3faa-f143-4f3c-a1d4-a848eac4f418|rpc:10.1.0.37:44703|dataStream:|priority:0, 1c5a9a78-c73d-49f5-a922-d91982043581|rpc:10.1.0.37:34069|dataStream:|priority:1], old=null
2022-07-30 01:52:51,878 [8f5c3faa-f143-4f3c-a1d4-a848eac4f418@group-8EC71B74F447-LeaderElection60] INFO  impl.RoleInfo (RoleInfo.java:updateAndGet(139)) - 8f5c3faa-f143-4f3c-a1d4-a848eac4f418: start 8f5c3faa-f143-4f3c-a1d4-a848eac4f418@group-8EC71B74F447-FollowerState
2022-07-30 01:52:51,975 [8f5c3faa-f143-4f3c-a1d4-a848eac4f418@group-37E12F6E5303-FollowerState] INFO  impl.FollowerState (FollowerState.java:run(143)) - 8f5c3faa-f143-4f3c-a1d4-a848eac4f418@group-37E12F6E5303-FollowerState: change to CANDIDATE, lastRpcElapsedTime:5137835457ns, electionTimeout:5136ms
2022-07-30 01:52:51,975 [8f5c3faa-f143-4f3c-a1d4-a848eac4f418@group-37E12F6E5303-FollowerState] INFO  impl.RoleInfo (RoleInfo.java:shutdownFollowerState(110)) - 8f5c3faa-f143-4f3c-a1d4-a848eac4f418: shutdown 8f5c3faa-f143-4f3c-a1d4-a848eac4f418@group-37E12F6E5303-FollowerState
2022-07-30 01:52:51,976 [8f5c3faa-f143-4f3c-a1d4-a848eac4f418@group-37E12F6E5303-FollowerState] INFO  server.RaftServer$Division (RaftServerImpl.java:setRole(299)) - 8f5c3faa-f143-4f3c-a1d4-a848eac4f418@group-37E12F6E5303: changes role from  FOLLOWER to CANDIDATE at term 0 for changeToCandidate
2022-07-30 01:52:51,976 [8f5c3faa-f143-4f3c-a1d4-a848eac4f418@group-37E12F6E5303-FollowerState] INFO  server.RaftServerConfigKeys (ConfUtils.java:logGet(46)) - raft.server.leaderelection.pre-vote = false (custom)
2022-07-30 01:52:51,976 [8f5c3faa-f143-4f3c-a1d4-a848eac4f418@group-37E12F6E5303-FollowerState] INFO  impl.RoleInfo (RoleInfo.java:updateAndGet(139)) - 8f5c3faa-f143-4f3c-a1d4-a848eac4f418: start 8f5c3faa-f143-4f3c-a1d4-a848eac4f418@group-37E12F6E5303-LeaderElection61
2022-07-30 01:52:52,045 [8f5c3faa-f143-4f3c-a1d4-a848eac4f418@group-37E12F6E5303-LeaderElection61] INFO  impl.LeaderElection (LeaderElection.java:askForVotes(310)) - 8f5c3faa-f143-4f3c-a1d4-a848eac4f418@group-37E12F6E5303-LeaderElection61 ELECTION round 0: submit vote requests at term 1 for -1: [65c0e71a-8f9a-4866-86b4-013512fa0d07|rpc:10.1.0.37:46743|priority:0, 8f5c3faa-f143-4f3c-a1d4-a848eac4f418|rpc:10.1.0.37:44703|priority:1, 1c5a9a78-c73d-49f5-a922-d91982043581|rpc:10.1.0.37:34069|priority:0], old=null
2022-07-30 01:52:52,053 [grpc-default-executor-1] INFO  server.RaftServer$Division (RaftServerImpl.java:requestVote(1152)) - 65c0e71a-8f9a-4866-86b4-013512fa0d07@group-37E12F6E5303: receive requestVote(ELECTION, 8f5c3faa-f143-4f3c-a1d4-a848eac4f418, group-37E12F6E5303, 1, (t:0, i:0))
2022-07-30 01:52:52,053 [grpc-default-executor-1] INFO  impl.VoteContext (VoteContext.java:log(48)) - 65c0e71a-8f9a-4866-86b4-013512fa0d07@group-37E12F6E5303-FOLLOWER: accept ELECTION from 8f5c3faa-f143-4f3c-a1d4-a848eac4f418: our priority 0 <= candidate's priority 1
2022-07-30 01:52:52,053 [grpc-default-executor-1] INFO  server.RaftServer$Division (RaftServerImpl.java:setRole(299)) - 65c0e71a-8f9a-4866-86b4-013512fa0d07@group-37E12F6E5303: changes role from  FOLLOWER to FOLLOWER at term 1 for candidate:8f5c3faa-f143-4f3c-a1d4-a848eac4f418
2022-07-30 01:52:52,053 [grpc-default-executor-1] INFO  impl.RoleInfo (RoleInfo.java:shutdownFollowerState(110)) - 65c0e71a-8f9a-4866-86b4-013512fa0d07: shutdown 65c0e71a-8f9a-4866-86b4-013512fa0d07@group-37E12F6E5303-FollowerState
2022-07-30 01:52:52,053 [grpc-default-executor-1] INFO  impl.RoleInfo (RoleInfo.java:updateAndGet(139)) - 65c0e71a-8f9a-4866-86b4-013512fa0d07: start 65c0e71a-8f9a-4866-86b4-013512fa0d07@group-37E12F6E5303-FollowerState
2022-07-30 01:52:52,053 [65c0e71a-8f9a-4866-86b4-013512fa0d07@group-37E12F6E5303-FollowerState] INFO  impl.FollowerState (FollowerState.java:run(152)) - 65c0e71a-8f9a-4866-86b4-013512fa0d07@group-37E12F6E5303-FollowerState was interrupted
2022-07-30 01:52:52,091 [grpc-default-executor-0] INFO  server.RaftServer$Division (RaftServerImpl.java:requestVote(1152)) - 1c5a9a78-c73d-49f5-a922-d91982043581@group-37E12F6E5303: receive requestVote(ELECTION, 8f5c3faa-f143-4f3c-a1d4-a848eac4f418, group-37E12F6E5303, 1, (t:0, i:0))
2022-07-30 01:52:52,091 [grpc-default-executor-0] INFO  impl.VoteContext (VoteContext.java:log(48)) - 1c5a9a78-c73d-49f5-a922-d91982043581@group-37E12F6E5303-FOLLOWER: accept ELECTION from 8f5c3faa-f143-4f3c-a1d4-a848eac4f418: our priority 0 <= candidate's priority 1
2022-07-30 01:52:52,091 [grpc-default-executor-0] INFO  server.RaftServer$Division (RaftServerImpl.java:setRole(299)) - 1c5a9a78-c73d-49f5-a922-d91982043581@group-37E12F6E5303: changes role from  FOLLOWER to FOLLOWER at term 1 for candidate:8f5c3faa-f143-4f3c-a1d4-a848eac4f418
2022-07-30 01:52:52,091 [grpc-default-executor-0] INFO  impl.RoleInfo (RoleInfo.java:shutdownFollowerState(110)) - 1c5a9a78-c73d-49f5-a922-d91982043581: shutdown 1c5a9a78-c73d-49f5-a922-d91982043581@group-37E12F6E5303-FollowerState
2022-07-30 01:52:52,091 [grpc-default-executor-0] INFO  impl.RoleInfo (RoleInfo.java:updateAndGet(139)) - 1c5a9a78-c73d-49f5-a922-d91982043581: start 1c5a9a78-c73d-49f5-a922-d91982043581@group-37E12F6E5303-FollowerState
2022-07-30 01:52:52,091 [1c5a9a78-c73d-49f5-a922-d91982043581@group-37E12F6E5303-FollowerState] INFO  impl.FollowerState (FollowerState.java:run(152)) - 1c5a9a78-c73d-49f5-a922-d91982043581@group-37E12F6E5303-FollowerState was interrupted
2022-07-30 01:52:52,099 [grpc-default-executor-1] INFO  server.RaftServer$Division (RaftServerImpl.java:requestVote(1184)) - 65c0e71a-8f9a-4866-86b4-013512fa0d07@group-37E12F6E5303 replies to ELECTION vote request: 8f5c3faa-f143-4f3c-a1d4-a848eac4f418<-65c0e71a-8f9a-4866-86b4-013512fa0d07#0:OK-t1. Peer's state: 65c0e71a-8f9a-4866-86b4-013512fa0d07@group-37E12F6E5303:t1, leader=null, voted=8f5c3faa-f143-4f3c-a1d4-a848eac4f418, raftlog=65c0e71a-8f9a-4866-86b4-013512fa0d07@group-37E12F6E5303-SegmentedRaftLog:OPENED:c-1, conf=-1: [65c0e71a-8f9a-4866-86b4-013512fa0d07|rpc:10.1.0.37:46743|dataStream:|priority:0, 8f5c3faa-f143-4f3c-a1d4-a848eac4f418|rpc:10.1.0.37:44703|dataStream:|priority:1, 1c5a9a78-c73d-49f5-a922-d91982043581|rpc:10.1.0.37:34069|dataStream:|priority:0], old=null
2022-07-30 01:52:52,100 [8f5c3faa-f143-4f3c-a1d4-a848eac4f418@group-37E12F6E5303-LeaderElection61] INFO  impl.LeaderElection (LeaderElection.java:logAndReturn(90)) - 8f5c3faa-f143-4f3c-a1d4-a848eac4f418@group-37E12F6E5303-LeaderElection61: ELECTION PASSED received 1 response(s) and 0 exception(s):
2022-07-30 01:52:52,100 [8f5c3faa-f143-4f3c-a1d4-a848eac4f418@group-37E12F6E5303-LeaderElection61] INFO  impl.LeaderElection (LeaderElection.java:logAndReturn(94)) -   Response 0: 8f5c3faa-f143-4f3c-a1d4-a848eac4f418<-65c0e71a-8f9a-4866-86b4-013512fa0d07#0:OK-t1
2022-07-30 01:52:52,100 [8f5c3faa-f143-4f3c-a1d4-a848eac4f418@group-37E12F6E5303-LeaderElection61] INFO  impl.LeaderElection (LeaderElection.java:askForVotes(312)) - 8f5c3faa-f143-4f3c-a1d4-a848eac4f418@group-37E12F6E5303-LeaderElection61 ELECTION round 0: result PASSED
2022-07-30 01:52:52,100 [8f5c3faa-f143-4f3c-a1d4-a848eac4f418@group-37E12F6E5303-LeaderElection61] INFO  impl.RoleInfo (RoleInfo.java:shutdownLeaderElection(130)) - 8f5c3faa-f143-4f3c-a1d4-a848eac4f418: shutdown 8f5c3faa-f143-4f3c-a1d4-a848eac4f418@group-37E12F6E5303-LeaderElection61
2022-07-30 01:52:52,100 [8f5c3faa-f143-4f3c-a1d4-a848eac4f418@group-37E12F6E5303-LeaderElection61] INFO  server.RaftServer$Division (RaftServerImpl.java:setRole(299)) - 8f5c3faa-f143-4f3c-a1d4-a848eac4f418@group-37E12F6E5303: changes role from CANDIDATE to LEADER at term 1 for changeToLeader
2022-07-30 01:52:52,101 [8f5c3faa-f143-4f3c-a1d4-a848eac4f418@group-37E12F6E5303-LeaderElection61] INFO  ratis.XceiverServerRatis (XceiverServerRatis.java:handleLeaderChangedNotification(863)) - Leader change notification received for group: group-37E12F6E5303 with new leaderId: 8f5c3faa-f143-4f3c-a1d4-a848eac4f418
2022-07-30 01:52:52,101 [8f5c3faa-f143-4f3c-a1d4-a848eac4f418@group-37E12F6E5303-LeaderElection61] INFO  server.RaftServer$Division (ServerState.java:setLeader(287)) - 8f5c3faa-f143-4f3c-a1d4-a848eac4f418@group-37E12F6E5303: change Leader from null to 8f5c3faa-f143-4f3c-a1d4-a848eac4f418 at term 1 for becomeLeader, leader elected after 5285ms
2022-07-30 01:52:52,101 [8f5c3faa-f143-4f3c-a1d4-a848eac4f418@group-37E12F6E5303-LeaderElection61] INFO  server.RaftServerConfigKeys (ConfUtils.java:logGet(46)) - raft.server.staging.catchup.gap = 1000 (default)
2022-07-30 01:52:52,101 [8f5c3faa-f143-4f3c-a1d4-a848eac4f418@group-37E12F6E5303-LeaderElection61] INFO  server.RaftServerConfigKeys (ConfUtils.java:logGet(46)) - raft.server.write.element-limit = 1024 (custom)
2022-07-30 01:52:52,101 [8f5c3faa-f143-4f3c-a1d4-a848eac4f418@group-37E12F6E5303-LeaderElection61] INFO  server.RaftServerConfigKeys (ConfUtils.java:logGet(46)) - raft.server.write.byte-limit = 1024 M (=1073741824) (custom)
2022-07-30 01:52:52,102 [8f5c3faa-f143-4f3c-a1d4-a848eac4f418@group-37E12F6E5303-LeaderElection61] INFO  server.RaftServerConfigKeys (ConfUtils.java:logGet(46)) - raft.server.watch.timeout = 180s (custom)
2022-07-30 01:52:52,102 [8f5c3faa-f143-4f3c-a1d4-a848eac4f418@group-37E12F6E5303-LeaderElection61] INFO  server.RaftServerConfigKeys (ConfUtils.java:logGet(46)) - raft.server.watch.timeout.denomination = 1s (default)
2022-07-30 01:52:52,102 [8f5c3faa-f143-4f3c-a1d4-a848eac4f418@group-37E12F6E5303-LeaderElection61] INFO  server.RaftServerConfigKeys (ConfUtils.java:logGet(46)) - raft.server.watch.element-limit = 65536 (default)
2022-07-30 01:52:52,102 [8f5c3faa-f143-4f3c-a1d4-a848eac4f418@group-37E12F6E5303-LeaderElection61] INFO  server.RaftServerConfigKeys (ConfUtils.java:logGet(46)) - raft.server.write.element-limit = 1024 (custom)
2022-07-30 01:52:52,102 [8f5c3faa-f143-4f3c-a1d4-a848eac4f418@group-37E12F6E5303-LeaderElection61] INFO  server.RaftServerConfigKeys (ConfUtils.java:logGet(46)) - raft.server.write.follower.gap.ratio.max = -1.0 (default)
2022-07-30 01:52:52,103 [8f5c3faa-f143-4f3c-a1d4-a848eac4f418@group-37E12F6E5303-LeaderElection61] INFO  server.RaftServerConfigKeys (ConfUtils.java:logGet(46)) - raft.server.log.appender.snapshot.chunk.size.max = 16MB (=16777216) (default)
2022-07-30 01:52:52,103 [8f5c3faa-f143-4f3c-a1d4-a848eac4f418@group-37E12F6E5303-LeaderElection61] INFO  server.RaftServerConfigKeys (ConfUtils.java:logGet(46)) - raft.server.log.appender.buffer.byte-limit = 33554432 (custom)
2022-07-30 01:52:52,103 [8f5c3faa-f143-4f3c-a1d4-a848eac4f418@group-37E12F6E5303-LeaderElection61] INFO  server.RaftServerConfigKeys (ConfUtils.java:logGet(46)) - raft.server.log.appender.buffer.element-limit = 1 (custom)
2022-07-30 01:52:52,103 [8f5c3faa-f143-4f3c-a1d4-a848eac4f418@group-37E12F6E5303-LeaderElection61] INFO  grpc.GrpcConfigKeys (ConfUtils.java:logGet(46)) - raft.grpc.server.leader.outstanding.appends.max = 128 (default)
2022-07-30 01:52:52,103 [8f5c3faa-f143-4f3c-a1d4-a848eac4f418@group-37E12F6E5303-LeaderElection61] INFO  server.RaftServerConfigKeys (ConfUtils.java:logGet(46)) - raft.server.rpc.request.timeout = 60s (custom)
2022-07-30 01:52:52,103 [8f5c3faa-f143-4f3c-a1d4-a848eac4f418@group-37E12F6E5303-LeaderElection61] INFO  server.RaftServerConfigKeys (ConfUtils.java:logGet(46)) - raft.server.log.appender.install.snapshot.enabled = false (custom)
2022-07-30 01:52:52,105 [8f5c3faa-f143-4f3c-a1d4-a848eac4f418@group-37E12F6E5303-LeaderElection61] INFO  server.RaftServerConfigKeys (ConfUtils.java:logGet(46)) - raft.server.log.appender.snapshot.chunk.size.max = 16MB (=16777216) (default)
2022-07-30 01:52:52,105 [8f5c3faa-f143-4f3c-a1d4-a848eac4f418@group-37E12F6E5303-LeaderElection61] INFO  server.RaftServerConfigKeys (ConfUtils.java:logGet(46)) - raft.server.log.appender.buffer.byte-limit = 33554432 (custom)
2022-07-30 01:52:52,105 [8f5c3faa-f143-4f3c-a1d4-a848eac4f418@group-37E12F6E5303-LeaderElection61] INFO  server.RaftServerConfigKeys (ConfUtils.java:logGet(46)) - raft.server.log.appender.buffer.element-limit = 1 (custom)
2022-07-30 01:52:52,105 [8f5c3faa-f143-4f3c-a1d4-a848eac4f418@group-37E12F6E5303-LeaderElection61] INFO  grpc.GrpcConfigKeys (ConfUtils.java:logGet(46)) - raft.grpc.server.leader.outstanding.appends.max = 128 (default)
2022-07-30 01:52:52,105 [8f5c3faa-f143-4f3c-a1d4-a848eac4f418@group-37E12F6E5303-LeaderElection61] INFO  server.RaftServerConfigKeys (ConfUtils.java:logGet(46)) - raft.server.rpc.request.timeout = 60s (custom)
2022-07-30 01:52:52,105 [8f5c3faa-f143-4f3c-a1d4-a848eac4f418@group-37E12F6E5303-LeaderElection61] INFO  server.RaftServerConfigKeys (ConfUtils.java:logGet(46)) - raft.server.log.appender.install.snapshot.enabled = false (custom)
2022-07-30 01:52:52,106 [8f5c3faa-f143-4f3c-a1d4-a848eac4f418@group-37E12F6E5303-LeaderElection61] INFO  impl.RoleInfo (RoleInfo.java:updateAndGet(139)) - 8f5c3faa-f143-4f3c-a1d4-a848eac4f418: start 8f5c3faa-f143-4f3c-a1d4-a848eac4f418@group-37E12F6E5303-LeaderStateImpl
2022-07-30 01:52:52,106 [8f5c3faa-f143-4f3c-a1d4-a848eac4f418@group-37E12F6E5303-LeaderElection61] INFO  segmented.SegmentedRaftLogWorker (SegmentedRaftLogWorker.java:startLogSegment(425)) - 8f5c3faa-f143-4f3c-a1d4-a848eac4f418@group-37E12F6E5303-SegmentedRaftLogWorker: Starting segment from index:0
2022-07-30 01:52:52,107 [EventQueue-OpenPipelineForHealthyPipelineSafeModeRule] INFO  safemode.SCMSafeModeManager (HealthyPipelineSafeModeRule.java:process(137)) - SCM in safe mode. Healthy pipelines reported count is 0, required healthy pipeline reported count is 1
2022-07-30 01:52:52,107 [EventQueue-PipelineReportForPipelineReportHandler] INFO  pipeline.PipelineManagerImpl (PipelineManagerImpl.java:openPipeline(367)) - Pipeline Pipeline[ Id: d9dd3c31-b632-4c80-a3bb-37e12f6e5303, Nodes: 8f5c3faa-f143-4f3c-a1d4-a848eac4f418{ip: 10.1.0.37, host: fv-az297-62.nmf1rxwemy4u5di1sxxf4ejcwb.jx.internal.cloudapp.net, ports: [REPLICATION=35023, RATIS=44703, RATIS_ADMIN=44703, RATIS_SERVER=44703, STANDALONE=35673], networkLocation: /default-rack, certSerialId: null, persistedOpState: IN_SERVICE, persistedOpStateExpiryEpochSec: 0}1c5a9a78-c73d-49f5-a922-d91982043581{ip: 10.1.0.37, host: fv-az297-62.nmf1rxwemy4u5di1sxxf4ejcwb.jx.internal.cloudapp.net, ports: [REPLICATION=42713, RATIS=34069, RATIS_ADMIN=34069, RATIS_SERVER=34069, STANDALONE=34363], networkLocation: /default-rack, certSerialId: null, persistedOpState: IN_SERVICE, persistedOpStateExpiryEpochSec: 0}65c0e71a-8f9a-4866-86b4-013512fa0d07{ip: 10.1.0.37, host: fv-az297-62.nmf1rxwemy4u5di1sxxf4ejcwb.jx.internal.cloudapp.net, ports: [REPLICATION=41873, RATIS=46743, RATIS_ADMIN=46743, RATIS_SERVER=46743, STANDALONE=43849], networkLocation: /default-rack, certSerialId: null, persistedOpState: IN_SERVICE, persistedOpStateExpiryEpochSec: 0}, ReplicationConfig: RATIS/THREE, State:ALLOCATED, leaderId:8f5c3faa-f143-4f3c-a1d4-a848eac4f418, CreationTimestamp2022-07-30T01:52:45.253Z[Etc/UTC]] moved to OPEN state
2022-07-30 01:52:52,107 [Listener at 127.0.0.1/40433] INFO  ozone.MiniOzoneClusterImpl (MiniOzoneClusterImpl.java:lambda$waitForClusterToBeReady$0(216)) - Nodes are ready. Got 5 of 5 DN Heartbeats.
2022-07-30 01:52:52,108 [Listener at 127.0.0.1/40433] INFO  ozone.MiniOzoneClusterImpl (MiniOzoneClusterImpl.java:lambda$waitForClusterToBeReady$0(219)) - Waiting for cluster to exit safe mode
2022-07-30 01:52:52,108 [Listener at 127.0.0.1/40433] INFO  ozone.MiniOzoneClusterImpl (MiniOzoneClusterImpl.java:lambda$waitForClusterToBeReady$0(221)) - SCM became leader
2022-07-30 01:52:52,111 [EventQueue-OpenPipelineForHealthyPipelineSafeModeRule] INFO  safemode.SCMSafeModeManager (HealthyPipelineSafeModeRule.java:process(137)) - SCM in safe mode. Healthy pipelines reported count is 1, required healthy pipeline reported count is 1
2022-07-30 01:52:52,112 [EventQueue-OpenPipelineForHealthyPipelineSafeModeRule] INFO  safemode.SCMSafeModeManager (SCMSafeModeManager.java:validateSafeModeExitRules(204)) - HealthyPipelineSafeModeRule rule is successfully validated
2022-07-30 01:52:52,112 [EventQueue-OpenPipelineForHealthyPipelineSafeModeRule] INFO  safemode.SCMSafeModeManager (SCMSafeModeManager.java:validateSafeModeExitRules(219)) - ScmSafeModeManager, all rules are successfully validated
2022-07-30 01:52:52,112 [EventQueue-OpenPipelineForHealthyPipelineSafeModeRule] INFO  safemode.SCMSafeModeManager (SCMSafeModeManager.java:exitSafeMode(248)) - SCM exiting safe mode.
2022-07-30 01:52:52,112 [EventQueue-OpenPipelineForHealthyPipelineSafeModeRule] WARN  events.EventQueue (EventQueue.java:fireEvent(216)) - No event handler registered for event TypedEvent{payloadType=SafeModeStatus, name='Safe mode status'}
2022-07-30 01:52:52,112 [EventQueue-OpenPipelineForHealthyPipelineSafeModeRule] INFO  ha.SCMContext (SCMContext.java:updateSafeModeStatus(228)) - Update SafeModeStatus from SafeModeStatus{safeModeStatus=true, preCheckPassed=true} to SafeModeStatus{safeModeStatus=false, preCheckPassed=true}.
2022-07-30 01:52:52,112 [EventQueue-OpenPipelineForHealthyPipelineSafeModeRule] INFO  pipeline.BackgroundPipelineCreator (BackgroundPipelineCreator.java:notifyStatusChanged(254)) - Service BackgroundPipelineCreator transitions to RUNNING.
2022-07-30 01:52:52,112 [EventQueue-OpenPipelineForHealthyPipelineSafeModeRule] INFO  BackgroundPipelineScrubber (BackgroundSCMService.java:notifyStatusChanged(82)) - Service BackgroundPipelineScrubber transitions to RUNNING.
2022-07-30 01:52:52,112 [EventQueue-OpenPipelineForHealthyPipelineSafeModeRule] INFO  ExpiredContainerReplicaOpScrubber (BackgroundSCMService.java:notifyStatusChanged(82)) - Service ExpiredContainerReplicaOpScrubber transitions to RUNNING.
2022-07-30 01:52:52,112 [EventQueue-OpenPipelineForHealthyPipelineSafeModeRule] INFO  UnderReplicatedQueueThread (BackgroundSCMService.java:notifyStatusChanged(82)) - Service UnderReplicatedQueueThread transitions to RUNNING.
2022-07-30 01:52:52,112 [EventQueue-OpenPipelineForHealthyPipelineSafeModeRule] INFO  OverReplicatedQueueThread (BackgroundSCMService.java:notifyStatusChanged(82)) - Service OverReplicatedQueueThread transitions to RUNNING.
2022-07-30 01:52:52,112 [EventQueue-OpenPipelineForHealthyPipelineSafeModeRule] INFO  replication.ReplicationManager (ReplicationManager.java:notifyStatusChanged(642)) - Service ReplicationManager transitions to RUNNING.
2022-07-30 01:52:52,112 [EventQueue-OpenPipelineForHealthyPipelineSafeModeRule] WARN  balancer.ContainerBalancer (ContainerBalancer.java:shouldRun(904)) - Could not find persisted configuration for ContainerBalancer when checking if ContainerBalancer should run. ContainerBalancer should not run now.
2022-07-30 01:52:52,112 [8f5c3faa-f143-4f3c-a1d4-a848eac4f418@group-37E12F6E5303-SegmentedRaftLogWorker] INFO  segmented.SegmentedRaftLogWorker (SegmentedRaftLogWorker.java:execute(629)) - 8f5c3faa-f143-4f3c-a1d4-a848eac4f418@group-37E12F6E5303-SegmentedRaftLogWorker: created new log segment /home/runner/work/ozone/ozone/hadoop-ozone/integration-test/target/test-dir/MiniOzoneClusterImpl-bc8b033d-3bc2-4820-b618-97820f252933/datanode-0/data/ratis/d9dd3c31-b632-4c80-a3bb-37e12f6e5303/current/log_inprogress_0
2022-07-30 01:52:52,140 [8f5c3faa-f143-4f3c-a1d4-a848eac4f418@group-37E12F6E5303-LeaderElection61] INFO  server.RaftServer$Division (ServerState.java:setRaftConf(393)) - 8f5c3faa-f143-4f3c-a1d4-a848eac4f418@group-37E12F6E5303: set configuration 0: [65c0e71a-8f9a-4866-86b4-013512fa0d07|rpc:10.1.0.37:46743|dataStream:|priority:0, 8f5c3faa-f143-4f3c-a1d4-a848eac4f418|rpc:10.1.0.37:44703|dataStream:|priority:1, 1c5a9a78-c73d-49f5-a922-d91982043581|rpc:10.1.0.37:34069|dataStream:|priority:0], old=null
2022-07-30 01:52:52,191 [grpc-default-executor-0] INFO  server.RaftServer$Division (RaftServerImpl.java:requestVote(1184)) - 1c5a9a78-c73d-49f5-a922-d91982043581@group-37E12F6E5303 replies to ELECTION vote request: 8f5c3faa-f143-4f3c-a1d4-a848eac4f418<-1c5a9a78-c73d-49f5-a922-d91982043581#0:OK-t1. Peer's state: 1c5a9a78-c73d-49f5-a922-d91982043581@group-37E12F6E5303:t1, leader=null, voted=8f5c3faa-f143-4f3c-a1d4-a848eac4f418, raftlog=1c5a9a78-c73d-49f5-a922-d91982043581@group-37E12F6E5303-SegmentedRaftLog:OPENED:c-1, conf=-1: [65c0e71a-8f9a-4866-86b4-013512fa0d07|rpc:10.1.0.37:46743|dataStream:|priority:0, 8f5c3faa-f143-4f3c-a1d4-a848eac4f418|rpc:10.1.0.37:44703|dataStream:|priority:1, 1c5a9a78-c73d-49f5-a922-d91982043581|rpc:10.1.0.37:34069|dataStream:|priority:0], old=null
2022-07-30 01:52:52,258 [65c0e71a-8f9a-4866-86b4-013512fa0d07-server-thread1] INFO  ratis.XceiverServerRatis (XceiverServerRatis.java:handleLeaderChangedNotification(863)) - Leader change notification received for group: group-37E12F6E5303 with new leaderId: 8f5c3faa-f143-4f3c-a1d4-a848eac4f418
2022-07-30 01:52:52,258 [65c0e71a-8f9a-4866-86b4-013512fa0d07-server-thread1] INFO  server.RaftServer$Division (ServerState.java:setLeader(287)) - 65c0e71a-8f9a-4866-86b4-013512fa0d07@group-37E12F6E5303: change Leader from null to 8f5c3faa-f143-4f3c-a1d4-a848eac4f418 at term 1 for appendEntries, leader elected after 5144ms
2022-07-30 01:52:52,268 [65c0e71a-8f9a-4866-86b4-013512fa0d07-server-thread1] INFO  server.RaftServer$Division (ServerState.java:setRaftConf(393)) - 65c0e71a-8f9a-4866-86b4-013512fa0d07@group-37E12F6E5303: set configuration 0: [65c0e71a-8f9a-4866-86b4-013512fa0d07|rpc:10.1.0.37:46743|dataStream:|priority:0, 8f5c3faa-f143-4f3c-a1d4-a848eac4f418|rpc:10.1.0.37:44703|dataStream:|priority:1, 1c5a9a78-c73d-49f5-a922-d91982043581|rpc:10.1.0.37:34069|dataStream:|priority:0], old=null
2022-07-30 01:52:52,268 [65c0e71a-8f9a-4866-86b4-013512fa0d07-server-thread1] INFO  segmented.SegmentedRaftLogWorker (SegmentedRaftLogWorker.java:startLogSegment(425)) - 65c0e71a-8f9a-4866-86b4-013512fa0d07@group-37E12F6E5303-SegmentedRaftLogWorker: Starting segment from index:0
2022-07-30 01:52:52,279 [65c0e71a-8f9a-4866-86b4-013512fa0d07@group-37E12F6E5303-SegmentedRaftLogWorker] INFO  segmented.SegmentedRaftLogWorker (SegmentedRaftLogWorker.java:execute(629)) - 65c0e71a-8f9a-4866-86b4-013512fa0d07@group-37E12F6E5303-SegmentedRaftLogWorker: created new log segment /home/runner/work/ozone/ozone/hadoop-ozone/integration-test/target/test-dir/MiniOzoneClusterImpl-bc8b033d-3bc2-4820-b618-97820f252933/datanode-1/data/ratis/d9dd3c31-b632-4c80-a3bb-37e12f6e5303/current/log_inprogress_0
2022-07-30 01:52:52,281 [65c0e71a-8f9a-4866-86b4-013512fa0d07@group-4509551E3DD3-FollowerState] INFO  impl.FollowerState (FollowerState.java:run(143)) - 65c0e71a-8f9a-4866-86b4-013512fa0d07@group-4509551E3DD3-FollowerState: change to CANDIDATE, lastRpcElapsedTime:5019101062ns, electionTimeout:5018ms
2022-07-30 01:52:52,281 [65c0e71a-8f9a-4866-86b4-013512fa0d07@group-4509551E3DD3-FollowerState] INFO  impl.RoleInfo (RoleInfo.java:shutdownFollowerState(110)) - 65c0e71a-8f9a-4866-86b4-013512fa0d07: shutdown 65c0e71a-8f9a-4866-86b4-013512fa0d07@group-4509551E3DD3-FollowerState
2022-07-30 01:52:52,281 [65c0e71a-8f9a-4866-86b4-013512fa0d07@group-4509551E3DD3-FollowerState] INFO  server.RaftServer$Division (RaftServerImpl.java:setRole(299)) - 65c0e71a-8f9a-4866-86b4-013512fa0d07@group-4509551E3DD3: changes role from  FOLLOWER to CANDIDATE at term 0 for changeToCandidate
2022-07-30 01:52:52,281 [65c0e71a-8f9a-4866-86b4-013512fa0d07@group-4509551E3DD3-FollowerState] INFO  server.RaftServerConfigKeys (ConfUtils.java:logGet(46)) - raft.server.leaderelection.pre-vote = false (custom)
2022-07-30 01:52:52,281 [65c0e71a-8f9a-4866-86b4-013512fa0d07@group-4509551E3DD3-FollowerState] INFO  impl.RoleInfo (RoleInfo.java:updateAndGet(139)) - 65c0e71a-8f9a-4866-86b4-013512fa0d07: start 65c0e71a-8f9a-4866-86b4-013512fa0d07@group-4509551E3DD3-LeaderElection62
2022-07-30 01:52:52,286 [1c5a9a78-c73d-49f5-a922-d91982043581-server-thread1] INFO  ratis.XceiverServerRatis (XceiverServerRatis.java:handleLeaderChangedNotification(863)) - Leader change notification received for group: group-37E12F6E5303 with new leaderId: 8f5c3faa-f143-4f3c-a1d4-a848eac4f418
2022-07-30 01:52:52,286 [1c5a9a78-c73d-49f5-a922-d91982043581-server-thread1] INFO  server.RaftServer$Division (ServerState.java:setLeader(287)) - 1c5a9a78-c73d-49f5-a922-d91982043581@group-37E12F6E5303: change Leader from null to 8f5c3faa-f143-4f3c-a1d4-a848eac4f418 at term 1 for appendEntries, leader elected after 5400ms
2022-07-30 01:52:52,292 [1c5a9a78-c73d-49f5-a922-d91982043581-server-thread1] INFO  server.RaftServer$Division (ServerState.java:setRaftConf(393)) - 1c5a9a78-c73d-49f5-a922-d91982043581@group-37E12F6E5303: set configuration 0: [65c0e71a-8f9a-4866-86b4-013512fa0d07|rpc:10.1.0.37:46743|dataStream:|priority:0, 8f5c3faa-f143-4f3c-a1d4-a848eac4f418|rpc:10.1.0.37:44703|dataStream:|priority:1, 1c5a9a78-c73d-49f5-a922-d91982043581|rpc:10.1.0.37:34069|dataStream:|priority:0], old=null
2022-07-30 01:52:52,292 [1c5a9a78-c73d-49f5-a922-d91982043581-server-thread1] INFO  segmented.SegmentedRaftLogWorker (SegmentedRaftLogWorker.java:startLogSegment(425)) - 1c5a9a78-c73d-49f5-a922-d91982043581@group-37E12F6E5303-SegmentedRaftLogWorker: Starting segment from index:0
2022-07-30 01:52:52,305 [1c5a9a78-c73d-49f5-a922-d91982043581@group-37E12F6E5303-SegmentedRaftLogWorker] INFO  segmented.SegmentedRaftLogWorker (SegmentedRaftLogWorker.java:execute(629)) - 1c5a9a78-c73d-49f5-a922-d91982043581@group-37E12F6E5303-SegmentedRaftLogWorker: created new log segment /home/runner/work/ozone/ozone/hadoop-ozone/integration-test/target/test-dir/MiniOzoneClusterImpl-bc8b033d-3bc2-4820-b618-97820f252933/datanode-2/data/ratis/d9dd3c31-b632-4c80-a3bb-37e12f6e5303/current/log_inprogress_0
2022-07-30 01:52:52,324 [65c0e71a-8f9a-4866-86b4-013512fa0d07@group-4509551E3DD3-LeaderElection62] INFO  impl.LeaderElection (LeaderElection.java:askForVotes(310)) - 65c0e71a-8f9a-4866-86b4-013512fa0d07@group-4509551E3DD3-LeaderElection62 ELECTION round 0: submit vote requests at term 1 for -1: [65c0e71a-8f9a-4866-86b4-013512fa0d07|rpc:10.1.0.37:46743|priority:1], old=null
2022-07-30 01:52:52,324 [65c0e71a-8f9a-4866-86b4-013512fa0d07@group-4509551E3DD3-LeaderElection62] INFO  impl.LeaderElection (LeaderElection.java:askForVotes(312)) - 65c0e71a-8f9a-4866-86b4-013512fa0d07@group-4509551E3DD3-LeaderElection62 ELECTION round 0: result PASSED (term=1)
2022-07-30 01:52:52,324 [65c0e71a-8f9a-4866-86b4-013512fa0d07@group-4509551E3DD3-LeaderElection62] INFO  impl.RoleInfo (RoleInfo.java:shutdownLeaderElection(130)) - 65c0e71a-8f9a-4866-86b4-013512fa0d07: shutdown 65c0e71a-8f9a-4866-86b4-013512fa0d07@group-4509551E3DD3-LeaderElection62
2022-07-30 01:52:52,324 [65c0e71a-8f9a-4866-86b4-013512fa0d07@group-4509551E3DD3-LeaderElection62] INFO  server.RaftServer$Division (RaftServerImpl.java:setRole(299)) - 65c0e71a-8f9a-4866-86b4-013512fa0d07@group-4509551E3DD3: changes role from CANDIDATE to LEADER at term 1 for changeToLeader
2022-07-30 01:52:52,324 [65c0e71a-8f9a-4866-86b4-013512fa0d07@group-4509551E3DD3-LeaderElection62] INFO  ratis.XceiverServerRatis (XceiverServerRatis.java:handleLeaderChangedNotification(863)) - Leader change notification received for group: group-4509551E3DD3 with new leaderId: 65c0e71a-8f9a-4866-86b4-013512fa0d07
2022-07-30 01:52:52,325 [65c0e71a-8f9a-4866-86b4-013512fa0d07@group-4509551E3DD3-LeaderElection62] INFO  server.RaftServer$Division (ServerState.java:setLeader(287)) - 65c0e71a-8f9a-4866-86b4-013512fa0d07@group-4509551E3DD3: change Leader from null to 65c0e71a-8f9a-4866-86b4-013512fa0d07 at term 1 for becomeLeader, leader elected after 5070ms
2022-07-30 01:52:52,325 [65c0e71a-8f9a-4866-86b4-013512fa0d07@group-4509551E3DD3-LeaderElection62] INFO  server.RaftServerConfigKeys (ConfUtils.java:logGet(46)) - raft.server.staging.catchup.gap = 1000 (default)
2022-07-30 01:52:52,325 [65c0e71a-8f9a-4866-86b4-013512fa0d07@group-4509551E3DD3-LeaderElection62] INFO  server.RaftServerConfigKeys (ConfUtils.java:logGet(46)) - raft.server.write.element-limit = 1024 (custom)
2022-07-30 01:52:52,325 [65c0e71a-8f9a-4866-86b4-013512fa0d07@group-4509551E3DD3-LeaderElection62] INFO  server.RaftServerConfigKeys (ConfUtils.java:logGet(46)) - raft.server.write.byte-limit = 1024 M (=1073741824) (custom)
2022-07-30 01:52:52,325 [65c0e71a-8f9a-4866-86b4-013512fa0d07@group-4509551E3DD3-LeaderElection62] INFO  server.RaftServerConfigKeys (ConfUtils.java:logGet(46)) - raft.server.watch.timeout = 180s (custom)
2022-07-30 01:52:52,325 [65c0e71a-8f9a-4866-86b4-013512fa0d07@group-4509551E3DD3-LeaderElection62] INFO  server.RaftServerConfigKeys (ConfUtils.java:logGet(46)) - raft.server.watch.timeout.denomination = 1s (default)
2022-07-30 01:52:52,325 [65c0e71a-8f9a-4866-86b4-013512fa0d07@group-4509551E3DD3-LeaderElection62] INFO  server.RaftServerConfigKeys (ConfUtils.java:logGet(46)) - raft.server.watch.element-limit = 65536 (default)
2022-07-30 01:52:52,326 [65c0e71a-8f9a-4866-86b4-013512fa0d07@group-4509551E3DD3-LeaderElection62] INFO  server.RaftServerConfigKeys (ConfUtils.java:logGet(46)) - raft.server.write.element-limit = 1024 (custom)
2022-07-30 01:52:52,326 [65c0e71a-8f9a-4866-86b4-013512fa0d07@group-4509551E3DD3-LeaderElection62] INFO  server.RaftServerConfigKeys (ConfUtils.java:logGet(46)) - raft.server.write.follower.gap.ratio.max = -1.0 (default)
2022-07-30 01:52:52,326 [65c0e71a-8f9a-4866-86b4-013512fa0d07@group-4509551E3DD3-LeaderElection62] INFO  impl.RoleInfo (RoleInfo.java:updateAndGet(139)) - 65c0e71a-8f9a-4866-86b4-013512fa0d07: start 65c0e71a-8f9a-4866-86b4-013512fa0d07@group-4509551E3DD3-LeaderStateImpl
2022-07-30 01:52:52,326 [65c0e71a-8f9a-4866-86b4-013512fa0d07@group-4509551E3DD3-LeaderElection62] INFO  segmented.SegmentedRaftLogWorker (SegmentedRaftLogWorker.java:startLogSegment(425)) - 65c0e71a-8f9a-4866-86b4-013512fa0d07@group-4509551E3DD3-SegmentedRaftLogWorker: Starting segment from index:0
2022-07-30 01:52:52,335 [65c0e71a-8f9a-4866-86b4-013512fa0d07@group-4509551E3DD3-SegmentedRaftLogWorker] INFO  segmented.SegmentedRaftLogWorker (SegmentedRaftLogWorker.java:execute(629)) - 65c0e71a-8f9a-4866-86b4-013512fa0d07@group-4509551E3DD3-SegmentedRaftLogWorker: created new log segment /home/runner/work/ozone/ozone/hadoop-ozone/integration-test/target/test-dir/MiniOzoneClusterImpl-bc8b033d-3bc2-4820-b618-97820f252933/datanode-1/data/ratis/1b2fe021-0fa9-4ffa-a5bc-4509551e3dd3/current/log_inprogress_0
2022-07-30 01:52:52,352 [65c0e71a-8f9a-4866-86b4-013512fa0d07@group-4509551E3DD3-LeaderElection62] INFO  server.RaftServer$Division (ServerState.java:setRaftConf(393)) - 65c0e71a-8f9a-4866-86b4-013512fa0d07@group-4509551E3DD3: set configuration 0: [65c0e71a-8f9a-4866-86b4-013512fa0d07|rpc:10.1.0.37:46743|dataStream:|priority:1], old=null
2022-07-30 01:52:53,108 [Listener at 127.0.0.1/40433] INFO  ozone.MiniOzoneClusterImpl (MiniOzoneClusterImpl.java:lambda$waitForClusterToBeReady$0(216)) - Nodes are ready. Got 5 of 5 DN Heartbeats.
2022-07-30 01:52:53,108 [Listener at 127.0.0.1/40433] INFO  ozone.MiniOzoneClusterImpl (MiniOzoneClusterImpl.java:lambda$waitForClusterToBeReady$0(219)) - Cluster exits safe mode
2022-07-30 01:52:53,108 [Listener at 127.0.0.1/40433] INFO  ozone.MiniOzoneClusterImpl (MiniOzoneClusterImpl.java:lambda$waitForClusterToBeReady$0(221)) - SCM became leader
2022-07-30 01:52:53,316 [Time-limited test] INFO  rpc.RpcClient (RpcClient.java:createVolume(468)) - Creating Volume: volume22841, with user04396 as owner and space quota set to -1 bytes, counts quota set to -1
2022-07-30 01:52:53,328 [IPC Server handler 18 on default port 40433] INFO  volume.OMVolumeCreateRequest (OMVolumeCreateRequest.java:validateAndUpdateCache(195)) - created volume:volume22841 for user:user04396
2022-07-30 01:52:53,334 [Time-limited test] INFO  rpc.RpcClient (RpcClient.java:createBucket(671)) - Creating Bucket: volume22841/bucket25827, with bucket layout LEGACY, runner as owner, Versioning false, Storage Type set to DISK and Encryption set to false 
2022-07-30 01:52:53,336 [IPC Server handler 19 on default port 40433] INFO  bucket.OMBucketCreateRequest (OMBucketCreateRequest.java:validateAndUpdateCache(260)) - created bucket: bucket25827 of layout LEGACY in volume: volume22841
2022-07-30 01:52:53,388 [IPC Server handler 0 on default port 46839] INFO  ha.SequenceIdGenerator (SequenceIdGenerator.java:getNextId(128)) - Allocate a batch for containerId, change lastId from 0 to 1000.
2022-07-30 01:52:53,388 [IPC Server handler 0 on default port 46839] WARN  ha.SequenceIdGenerator (SequenceIdGenerator.java:allocateBatch(237)) - Failed to allocate a batch for localId, expected lastId is 0, actual lastId is 109611004723200000.
2022-07-30 01:52:53,389 [IPC Server handler 0 on default port 46839] INFO  ha.SequenceIdGenerator (SequenceIdGenerator.java:getNextId(128)) - Allocate a batch for localId, change lastId from 109611004723200000 to 109611004723201000.
2022-07-30 01:52:53,417 [1c5a9a78-c73d-49f5-a922-d91982043581@group-E16C22593B50-FollowerState] INFO  impl.FollowerState (FollowerState.java:run(143)) - 1c5a9a78-c73d-49f5-a922-d91982043581@group-E16C22593B50-FollowerState: change to CANDIDATE, lastRpcElapsedTime:5154119036ns, electionTimeout:5150ms
2022-07-30 01:52:53,417 [1c5a9a78-c73d-49f5-a922-d91982043581@group-E16C22593B50-FollowerState] INFO  impl.RoleInfo (RoleInfo.java:shutdownFollowerState(110)) - 1c5a9a78-c73d-49f5-a922-d91982043581: shutdown 1c5a9a78-c73d-49f5-a922-d91982043581@group-E16C22593B50-FollowerState
2022-07-30 01:52:53,417 [1c5a9a78-c73d-49f5-a922-d91982043581@group-E16C22593B50-FollowerState] INFO  server.RaftServer$Division (RaftServerImpl.java:setRole(299)) - 1c5a9a78-c73d-49f5-a922-d91982043581@group-E16C22593B50: changes role from  FOLLOWER to CANDIDATE at term 0 for changeToCandidate
2022-07-30 01:52:53,417 [1c5a9a78-c73d-49f5-a922-d91982043581@group-E16C22593B50-FollowerState] INFO  server.RaftServerConfigKeys (ConfUtils.java:logGet(46)) - raft.server.leaderelection.pre-vote = false (custom)
2022-07-30 01:52:53,417 [1c5a9a78-c73d-49f5-a922-d91982043581@group-E16C22593B50-FollowerState] INFO  impl.RoleInfo (RoleInfo.java:updateAndGet(139)) - 1c5a9a78-c73d-49f5-a922-d91982043581: start 1c5a9a78-c73d-49f5-a922-d91982043581@group-E16C22593B50-LeaderElection63
2022-07-30 01:52:53,470 [1c5a9a78-c73d-49f5-a922-d91982043581@group-E16C22593B50-LeaderElection63] INFO  impl.LeaderElection (LeaderElection.java:askForVotes(310)) - 1c5a9a78-c73d-49f5-a922-d91982043581@group-E16C22593B50-LeaderElection63 ELECTION round 0: submit vote requests at term 1 for -1: [1c5a9a78-c73d-49f5-a922-d91982043581|rpc:10.1.0.37:34069|priority:1], old=null
2022-07-30 01:52:53,470 [1c5a9a78-c73d-49f5-a922-d91982043581@group-E16C22593B50-LeaderElection63] INFO  impl.LeaderElection (LeaderElection.java:askForVotes(312)) - 1c5a9a78-c73d-49f5-a922-d91982043581@group-E16C22593B50-LeaderElection63 ELECTION round 0: result PASSED (term=1)
2022-07-30 01:52:53,470 [1c5a9a78-c73d-49f5-a922-d91982043581@group-E16C22593B50-LeaderElection63] INFO  impl.RoleInfo (RoleInfo.java:shutdownLeaderElection(130)) - 1c5a9a78-c73d-49f5-a922-d91982043581: shutdown 1c5a9a78-c73d-49f5-a922-d91982043581@group-E16C22593B50-LeaderElection63
2022-07-30 01:52:53,470 [1c5a9a78-c73d-49f5-a922-d91982043581@group-E16C22593B50-LeaderElection63] INFO  server.RaftServer$Division (RaftServerImpl.java:setRole(299)) - 1c5a9a78-c73d-49f5-a922-d91982043581@group-E16C22593B50: changes role from CANDIDATE to LEADER at term 1 for changeToLeader
2022-07-30 01:52:53,471 [1c5a9a78-c73d-49f5-a922-d91982043581@group-E16C22593B50-LeaderElection63] INFO  ratis.XceiverServerRatis (XceiverServerRatis.java:handleLeaderChangedNotification(863)) - Leader change notification received for group: group-E16C22593B50 with new leaderId: 1c5a9a78-c73d-49f5-a922-d91982043581
2022-07-30 01:52:53,471 [1c5a9a78-c73d-49f5-a922-d91982043581@group-E16C22593B50-LeaderElection63] INFO  server.RaftServer$Division (ServerState.java:setLeader(287)) - 1c5a9a78-c73d-49f5-a922-d91982043581@group-E16C22593B50: change Leader from null to 1c5a9a78-c73d-49f5-a922-d91982043581 at term 1 for becomeLeader, leader elected after 5221ms
2022-07-30 01:52:53,471 [1c5a9a78-c73d-49f5-a922-d91982043581@group-E16C22593B50-LeaderElection63] INFO  server.RaftServerConfigKeys (ConfUtils.java:logGet(46)) - raft.server.staging.catchup.gap = 1000 (default)
2022-07-30 01:52:53,471 [1c5a9a78-c73d-49f5-a922-d91982043581@group-E16C22593B50-LeaderElection63] INFO  server.RaftServerConfigKeys (ConfUtils.java:logGet(46)) - raft.server.write.element-limit = 1024 (custom)
2022-07-30 01:52:53,471 [1c5a9a78-c73d-49f5-a922-d91982043581@group-E16C22593B50-LeaderElection63] INFO  server.RaftServerConfigKeys (ConfUtils.java:logGet(46)) - raft.server.write.byte-limit = 1024 M (=1073741824) (custom)
01:52:53.473 [IPC Server handler 6 on default port 40433] ERROR OMAudit - user=runner | ip=127.0.0.1 | op=GET_FILE_STATUS {volume=volume22841, bucket=bucket25827, key=dir107/file1, dataSize=0, replicationConfig=null} | ret=FAILURE
org.apache.hadoop.ozone.om.exceptions.OMException: Unable to get file status: volume: volume22841 bucket: bucket25827 key: dir107/file1
	at org.apache.hadoop.ozone.om.KeyManagerImpl.getOzoneFileStatus(KeyManagerImpl.java:1311) ~[ozone-manager-1.3.0-SNAPSHOT.jar:?]
	at org.apache.hadoop.ozone.om.KeyManagerImpl.getFileStatus(KeyManagerImpl.java:1241) ~[ozone-manager-1.3.0-SNAPSHOT.jar:?]
	at org.apache.hadoop.ozone.om.OzoneManager.getFileStatus(OzoneManager.java:3467) ~[ozone-manager-1.3.0-SNAPSHOT.jar:?]
	at org.apache.hadoop.ozone.protocolPB.OzoneManagerRequestHandler.getOzoneFileStatus(OzoneManagerRequestHandler.java:878) ~[ozone-manager-1.3.0-SNAPSHOT.jar:?]
	at org.apache.hadoop.ozone.protocolPB.OzoneManagerRequestHandler.handleReadRequest(OzoneManagerRequestHandler.java:224) ~[ozone-manager-1.3.0-SNAPSHOT.jar:?]
	at org.apache.hadoop.ozone.protocolPB.OzoneManagerProtocolServerSideTranslatorPB.submitRequestDirectlyToOM(OzoneManagerProtocolServerSideTranslatorPB.java:276) ~[ozone-manager-1.3.0-SNAPSHOT.jar:?]
	at org.apache.hadoop.ozone.protocolPB.OzoneManagerProtocolServerSideTranslatorPB.processRequest(OzoneManagerProtocolServerSideTranslatorPB.java:205) ~[ozone-manager-1.3.0-SNAPSHOT.jar:?]
	at org.apache.hadoop.hdds.server.OzoneProtocolMessageDispatcher.processRequest(OzoneProtocolMessageDispatcher.java:87) [hdds-server-framework-1.3.0-SNAPSHOT.jar:?]
	at org.apache.hadoop.ozone.protocolPB.OzoneManagerProtocolServerSideTranslatorPB.submitRequest(OzoneManagerProtocolServerSideTranslatorPB.java:147) [ozone-manager-1.3.0-SNAPSHOT.jar:?]
	at org.apache.hadoop.ozone.protocol.proto.OzoneManagerProtocolProtos$OzoneManagerService$2.callBlockingMethod(OzoneManagerProtocolProtos.java) [ozone-interface-client-1.3.0-SNAPSHOT.jar:?]
	at org.apache.hadoop.ipc.ProtobufRpcEngine$Server.processCall(ProtobufRpcEngine.java:466) [hadoop-common-3.3.1.jar:?]
	at org.apache.hadoop.ipc.ProtobufRpcEngine2$Server$ProtoBufRpcInvoker.call(ProtobufRpcEngine2.java:574) [hadoop-common-3.3.1.jar:?]
	at org.apache.hadoop.ipc.ProtobufRpcEngine2$Server$ProtoBufRpcInvoker.call(ProtobufRpcEngine2.java:552) [hadoop-common-3.3.1.jar:?]
	at org.apache.hadoop.ipc.RPC$Server.call(RPC.java:1093) [hadoop-common-3.3.1.jar:?]
	at org.apache.hadoop.ipc.Server$RpcCall.run(Server.java:1035) [hadoop-common-3.3.1.jar:?]
	at org.apache.hadoop.ipc.Server$RpcCall.run(Server.java:963) [hadoop-common-3.3.1.jar:?]
	at java.security.AccessController.doPrivileged(Native Method) ~[?:1.8.0_332]
	at javax.security.auth.Subject.doAs(Subject.java:422) [?:1.8.0_332]
	at org.apache.hadoop.security.UserGroupInformation.doAs(UserGroupInformation.java:1878) [hadoop-common-3.3.1.jar:?]
	at org.apache.hadoop.ipc.Server$Handler.run(Server.java:2966) [hadoop-common-3.3.1.jar:?]
2022-07-30 01:52:53,471 [1c5a9a78-c73d-49f5-a922-d91982043581@group-E16C22593B50-LeaderElection63] INFO  server.RaftServerConfigKeys (ConfUtils.java:logGet(46)) - raft.server.watch.timeout = 180s (custom)
2022-07-30 01:52:53,480 [1c5a9a78-c73d-49f5-a922-d91982043581@group-E16C22593B50-LeaderElection63] INFO  server.RaftServerConfigKeys (ConfUtils.java:logGet(46)) - raft.server.watch.timeout.denomination = 1s (default)
2022-07-30 01:52:53,480 [1c5a9a78-c73d-49f5-a922-d91982043581@group-E16C22593B50-LeaderElection63] INFO  server.RaftServerConfigKeys (ConfUtils.java:logGet(46)) - raft.server.watch.element-limit = 65536 (default)
2022-07-30 01:52:53,480 [1c5a9a78-c73d-49f5-a922-d91982043581@group-E16C22593B50-LeaderElection63] INFO  server.RaftServerConfigKeys (ConfUtils.java:logGet(46)) - raft.server.write.element-limit = 1024 (custom)
2022-07-30 01:52:53,480 [1c5a9a78-c73d-49f5-a922-d91982043581@group-E16C22593B50-LeaderElection63] INFO  server.RaftServerConfigKeys (ConfUtils.java:logGet(46)) - raft.server.write.follower.gap.ratio.max = -1.0 (default)
2022-07-30 01:52:53,481 [1c5a9a78-c73d-49f5-a922-d91982043581@group-E16C22593B50-LeaderElection63] INFO  impl.RoleInfo (RoleInfo.java:updateAndGet(139)) - 1c5a9a78-c73d-49f5-a922-d91982043581: start 1c5a9a78-c73d-49f5-a922-d91982043581@group-E16C22593B50-LeaderStateImpl
2022-07-30 01:52:53,481 [1c5a9a78-c73d-49f5-a922-d91982043581@group-E16C22593B50-LeaderElection63] INFO  segmented.SegmentedRaftLogWorker (SegmentedRaftLogWorker.java:startLogSegment(425)) - 1c5a9a78-c73d-49f5-a922-d91982043581@group-E16C22593B50-SegmentedRaftLogWorker: Starting segment from index:0
2022-07-30 01:52:53,495 [1c5a9a78-c73d-49f5-a922-d91982043581@group-E16C22593B50-SegmentedRaftLogWorker] INFO  segmented.SegmentedRaftLogWorker (SegmentedRaftLogWorker.java:execute(629)) - 1c5a9a78-c73d-49f5-a922-d91982043581@group-E16C22593B50-SegmentedRaftLogWorker: created new log segment /home/runner/work/ozone/ozone/hadoop-ozone/integration-test/target/test-dir/MiniOzoneClusterImpl-bc8b033d-3bc2-4820-b618-97820f252933/datanode-2/data/ratis/eeb1bde2-f862-4e39-9fac-e16c22593b50/current/log_inprogress_0
2022-07-30 01:52:53,516 [1c5a9a78-c73d-49f5-a922-d91982043581@group-E16C22593B50-LeaderElection63] INFO  server.RaftServer$Division (ServerState.java:setRaftConf(393)) - 1c5a9a78-c73d-49f5-a922-d91982043581@group-E16C22593B50: set configuration 0: [1c5a9a78-c73d-49f5-a922-d91982043581|rpc:10.1.0.37:34069|dataStream:|priority:1], old=null
]]></system-out>
  </testcase>
  <testcase name="testListStatusRootAndVolumeRecursive" classname="TestRootedOzoneFileSystem" time="1.282">
    <system-out><![CDATA[2022-07-30 01:47:39,548 [Time-limited test] INFO  rpc.RpcClient (RpcClient.java:createVolume(468)) - Creating Volume: volume05222, with user86009 as owner and space quota set to -1 bytes, counts quota set to -1
2022-07-30 01:47:39,553 [OM StateMachine ApplyTransaction Thread - 0] INFO  volume.OMVolumeCreateRequest (OMVolumeCreateRequest.java:validateAndUpdateCache(195)) - created volume:volume05222 for user:user86009
2022-07-30 01:47:39,557 [Time-limited test] INFO  rpc.RpcClient (RpcClient.java:createBucket(671)) - Creating Bucket: volume05222/bucket47459, with bucket layout LEGACY, runner as owner, Versioning false, Storage Type set to DISK and Encryption set to false 
2022-07-30 01:47:39,560 [OM StateMachine ApplyTransaction Thread - 0] INFO  bucket.OMBucketCreateRequest (OMBucketCreateRequest.java:validateAndUpdateCache(260)) - created bucket: bucket47459 of layout LEGACY in volume: volume05222
2022-07-30 01:47:39,571 [Time-limited test] INFO  rpc.RpcClient (RpcClient.java:createVolume(468)) - Creating Volume: volume-63857, with runner as owner and space quota set to -1 bytes, counts quota set to -1
2022-07-30 01:47:39,578 [OM StateMachine ApplyTransaction Thread - 0] INFO  volume.OMVolumeCreateRequest (OMVolumeCreateRequest.java:validateAndUpdateCache(195)) - created volume:volume-63857 for user:runner
2022-07-30 01:47:39,581 [Time-limited test] INFO  rpc.RpcClient (RpcClient.java:createBucket(671)) - Creating Bucket: volume-63857/bucket-17855, with bucket layout LEGACY, runner as owner, Versioning false, Storage Type set to DISK and Encryption set to false 
2022-07-30 01:47:39,584 [OM StateMachine ApplyTransaction Thread - 0] INFO  bucket.OMBucketCreateRequest (OMBucketCreateRequest.java:validateAndUpdateCache(260)) - created bucket: bucket-17855 of layout LEGACY in volume: volume-63857
2022-07-30 01:47:39,654 [Time-limited test] INFO  impl.MetricsSystemImpl (MetricsSystemImpl.java:init(158)) - XceiverClientMetrics metrics system started (again)
2022-07-30 01:47:40,127 [Time-limited test] INFO  rpc.RpcClient (RpcClient.java:createVolume(468)) - Creating Volume: volume-67139, with runner as owner and space quota set to -1 bytes, counts quota set to -1
2022-07-30 01:47:40,132 [OM StateMachine ApplyTransaction Thread - 0] INFO  volume.OMVolumeCreateRequest (OMVolumeCreateRequest.java:validateAndUpdateCache(195)) - created volume:volume-67139 for user:runner
2022-07-30 01:47:40,136 [Time-limited test] INFO  rpc.RpcClient (RpcClient.java:createBucket(671)) - Creating Bucket: volume-67139/bucket-43079, with bucket layout LEGACY, runner as owner, Versioning false, Storage Type set to DISK and Encryption set to false 
2022-07-30 01:47:40,139 [OM StateMachine ApplyTransaction Thread - 0] INFO  bucket.OMBucketCreateRequest (OMBucketCreateRequest.java:validateAndUpdateCache(260)) - created bucket: bucket-43079 of layout LEGACY in volume: volume-67139
]]></system-out>
  </testcase>
  <testcase name="testListStatusRootAndVolumeRecursive" classname="TestRootedOzoneFileSystem" time="1.009">
    <system-out><![CDATA[2022-07-30 01:48:55,858 [Time-limited test] INFO  rpc.RpcClient (RpcClient.java:createVolume(468)) - Creating Volume: volume15737, with user68005 as owner and space quota set to -1 bytes, counts quota set to -1
2022-07-30 01:48:55,864 [OM StateMachine ApplyTransaction Thread - 0] INFO  volume.OMVolumeCreateRequest (OMVolumeCreateRequest.java:validateAndUpdateCache(195)) - created volume:volume15737 for user:user68005
2022-07-30 01:48:55,877 [Time-limited test] INFO  rpc.RpcClient (RpcClient.java:createBucket(671)) - Creating Bucket: volume15737/bucket20646, with bucket layout LEGACY, runner as owner, Versioning false, Storage Type set to DISK and Encryption set to false 
2022-07-30 01:48:55,880 [OM StateMachine ApplyTransaction Thread - 0] INFO  bucket.OMBucketCreateRequest (OMBucketCreateRequest.java:validateAndUpdateCache(260)) - created bucket: bucket20646 of layout LEGACY in volume: volume15737
01:48:55.882 [IPC Server handler 7 on default port 43571] ERROR OMAudit - user=runner | ip=127.0.0.1 | op=READ_BUCKET {volume=volume-91395, bucket=bucket-05368} | ret=FAILURE
org.apache.hadoop.ozone.om.exceptions.OMException: Volume not found when getting bucket info
	at org.apache.hadoop.ozone.om.BucketManagerImpl.getBucketInfo(BucketManagerImpl.java:127) ~[ozone-manager-1.3.0-SNAPSHOT.jar:?]
	at org.apache.hadoop.ozone.om.OzoneManager.getBucketInfo(OzoneManager.java:2779) ~[ozone-manager-1.3.0-SNAPSHOT.jar:?]
	at org.apache.hadoop.ozone.protocolPB.OzoneManagerRequestHandler.infoBucket(OzoneManagerRequestHandler.java:471) ~[ozone-manager-1.3.0-SNAPSHOT.jar:?]
	at org.apache.hadoop.ozone.protocolPB.OzoneManagerRequestHandler.handleReadRequest(OzoneManagerRequestHandler.java:174) ~[ozone-manager-1.3.0-SNAPSHOT.jar:?]
	at org.apache.hadoop.ozone.protocolPB.OzoneManagerProtocolServerSideTranslatorPB.submitReadRequestToOM(OzoneManagerProtocolServerSideTranslatorPB.java:226) ~[ozone-manager-1.3.0-SNAPSHOT.jar:?]
	at org.apache.hadoop.ozone.protocolPB.OzoneManagerProtocolServerSideTranslatorPB.processRequest(OzoneManagerProtocolServerSideTranslatorPB.java:175) ~[ozone-manager-1.3.0-SNAPSHOT.jar:?]
	at org.apache.hadoop.hdds.server.OzoneProtocolMessageDispatcher.processRequest(OzoneProtocolMessageDispatcher.java:87) [hdds-server-framework-1.3.0-SNAPSHOT.jar:?]
	at org.apache.hadoop.ozone.protocolPB.OzoneManagerProtocolServerSideTranslatorPB.submitRequest(OzoneManagerProtocolServerSideTranslatorPB.java:147) [ozone-manager-1.3.0-SNAPSHOT.jar:?]
	at org.apache.hadoop.ozone.protocol.proto.OzoneManagerProtocolProtos$OzoneManagerService$2.callBlockingMethod(OzoneManagerProtocolProtos.java) [ozone-interface-client-1.3.0-SNAPSHOT.jar:?]
	at org.apache.hadoop.ipc.ProtobufRpcEngine$Server.processCall(ProtobufRpcEngine.java:466) [hadoop-common-3.3.1.jar:?]
	at org.apache.hadoop.ipc.ProtobufRpcEngine2$Server$ProtoBufRpcInvoker.call(ProtobufRpcEngine2.java:574) [hadoop-common-3.3.1.jar:?]
	at org.apache.hadoop.ipc.ProtobufRpcEngine2$Server$ProtoBufRpcInvoker.call(ProtobufRpcEngine2.java:552) [hadoop-common-3.3.1.jar:?]
	at org.apache.hadoop.ipc.RPC$Server.call(RPC.java:1093) [hadoop-common-3.3.1.jar:?]
	at org.apache.hadoop.ipc.Server$RpcCall.run(Server.java:1035) [hadoop-common-3.3.1.jar:?]
	at org.apache.hadoop.ipc.Server$RpcCall.run(Server.java:963) [hadoop-common-3.3.1.jar:?]
	at java.security.AccessController.doPrivileged(Native Method) ~[?:1.8.0_332]
	at javax.security.auth.Subject.doAs(Subject.java:422) [?:1.8.0_332]
	at org.apache.hadoop.security.UserGroupInformation.doAs(UserGroupInformation.java:1878) [hadoop-common-3.3.1.jar:?]
	at org.apache.hadoop.ipc.Server$Handler.run(Server.java:2966) [hadoop-common-3.3.1.jar:?]
2022-07-30 01:48:55,883 [Time-limited test] INFO  rpc.RpcClient (RpcClient.java:createVolume(468)) - Creating Volume: volume-91395, with runner as owner and space quota set to -1 bytes, counts quota set to -1
2022-07-30 01:48:55,884 [OM StateMachine ApplyTransaction Thread - 0] INFO  volume.OMVolumeCreateRequest (OMVolumeCreateRequest.java:validateAndUpdateCache(195)) - created volume:volume-91395 for user:runner
2022-07-30 01:48:55,885 [Time-limited test] INFO  rpc.RpcClient (RpcClient.java:createBucket(671)) - Creating Bucket: volume-91395/bucket-05368, with bucket layout LEGACY, runner as owner, Versioning false, Storage Type set to DISK and Encryption set to false 
2022-07-30 01:48:55,887 [OM StateMachine ApplyTransaction Thread - 0] INFO  bucket.OMBucketCreateRequest (OMBucketCreateRequest.java:validateAndUpdateCache(260)) - created bucket: bucket-05368 of layout LEGACY in volume: volume-91395
01:48:56.350 [IPC Server handler 2 on default port 43571] ERROR OMAudit - user=runner | ip=127.0.0.1 | op=READ_BUCKET {volume=volume-21168, bucket=bucket-46879} | ret=FAILURE
org.apache.hadoop.ozone.om.exceptions.OMException: Volume not found when getting bucket info
	at org.apache.hadoop.ozone.om.BucketManagerImpl.getBucketInfo(BucketManagerImpl.java:127) ~[ozone-manager-1.3.0-SNAPSHOT.jar:?]
	at org.apache.hadoop.ozone.om.OzoneManager.getBucketInfo(OzoneManager.java:2779) ~[ozone-manager-1.3.0-SNAPSHOT.jar:?]
	at org.apache.hadoop.ozone.protocolPB.OzoneManagerRequestHandler.infoBucket(OzoneManagerRequestHandler.java:471) ~[ozone-manager-1.3.0-SNAPSHOT.jar:?]
	at org.apache.hadoop.ozone.protocolPB.OzoneManagerRequestHandler.handleReadRequest(OzoneManagerRequestHandler.java:174) ~[ozone-manager-1.3.0-SNAPSHOT.jar:?]
	at org.apache.hadoop.ozone.protocolPB.OzoneManagerProtocolServerSideTranslatorPB.submitReadRequestToOM(OzoneManagerProtocolServerSideTranslatorPB.java:226) ~[ozone-manager-1.3.0-SNAPSHOT.jar:?]
	at org.apache.hadoop.ozone.protocolPB.OzoneManagerProtocolServerSideTranslatorPB.processRequest(OzoneManagerProtocolServerSideTranslatorPB.java:175) ~[ozone-manager-1.3.0-SNAPSHOT.jar:?]
	at org.apache.hadoop.hdds.server.OzoneProtocolMessageDispatcher.processRequest(OzoneProtocolMessageDispatcher.java:87) [hdds-server-framework-1.3.0-SNAPSHOT.jar:?]
	at org.apache.hadoop.ozone.protocolPB.OzoneManagerProtocolServerSideTranslatorPB.submitRequest(OzoneManagerProtocolServerSideTranslatorPB.java:147) [ozone-manager-1.3.0-SNAPSHOT.jar:?]
	at org.apache.hadoop.ozone.protocol.proto.OzoneManagerProtocolProtos$OzoneManagerService$2.callBlockingMethod(OzoneManagerProtocolProtos.java) [ozone-interface-client-1.3.0-SNAPSHOT.jar:?]
	at org.apache.hadoop.ipc.ProtobufRpcEngine$Server.processCall(ProtobufRpcEngine.java:466) [hadoop-common-3.3.1.jar:?]
	at org.apache.hadoop.ipc.ProtobufRpcEngine2$Server$ProtoBufRpcInvoker.call(ProtobufRpcEngine2.java:574) [hadoop-common-3.3.1.jar:?]
	at org.apache.hadoop.ipc.ProtobufRpcEngine2$Server$ProtoBufRpcInvoker.call(ProtobufRpcEngine2.java:552) [hadoop-common-3.3.1.jar:?]
	at org.apache.hadoop.ipc.RPC$Server.call(RPC.java:1093) [hadoop-common-3.3.1.jar:?]
	at org.apache.hadoop.ipc.Server$RpcCall.run(Server.java:1035) [hadoop-common-3.3.1.jar:?]
	at org.apache.hadoop.ipc.Server$RpcCall.run(Server.java:963) [hadoop-common-3.3.1.jar:?]
	at java.security.AccessController.doPrivileged(Native Method) ~[?:1.8.0_332]
	at javax.security.auth.Subject.doAs(Subject.java:422) [?:1.8.0_332]
	at org.apache.hadoop.security.UserGroupInformation.doAs(UserGroupInformation.java:1878) [hadoop-common-3.3.1.jar:?]
	at org.apache.hadoop.ipc.Server$Handler.run(Server.java:2966) [hadoop-common-3.3.1.jar:?]
2022-07-30 01:48:56,351 [Time-limited test] INFO  rpc.RpcClient (RpcClient.java:createVolume(468)) - Creating Volume: volume-21168, with runner as owner and space quota set to -1 bytes, counts quota set to -1
2022-07-30 01:48:56,353 [OM StateMachine ApplyTransaction Thread - 0] INFO  volume.OMVolumeCreateRequest (OMVolumeCreateRequest.java:validateAndUpdateCache(195)) - created volume:volume-21168 for user:runner
2022-07-30 01:48:56,354 [Time-limited test] INFO  rpc.RpcClient (RpcClient.java:createBucket(671)) - Creating Bucket: volume-21168/bucket-46879, with bucket layout LEGACY, runner as owner, Versioning false, Storage Type set to DISK and Encryption set to false 
2022-07-30 01:48:56,357 [OM StateMachine ApplyTransaction Thread - 0] INFO  bucket.OMBucketCreateRequest (OMBucketCreateRequest.java:validateAndUpdateCache(260)) - created bucket: bucket-46879 of layout LEGACY in volume: volume-21168
]]></system-out>
  </testcase>
  <testcase name="testListStatusRootAndVolumeRecursive" classname="TestRootedOzoneFileSystem" time="0.999">
    <system-out><![CDATA[2022-07-30 01:50:08,172 [Time-limited test] INFO  rpc.RpcClient (RpcClient.java:createVolume(468)) - Creating Volume: volume44242, with user61891 as owner and space quota set to -1 bytes, counts quota set to -1
2022-07-30 01:50:08,172 [IPC Server handler 7 on default port 41659] INFO  volume.OMVolumeCreateRequest (OMVolumeCreateRequest.java:validateAndUpdateCache(195)) - created volume:volume44242 for user:user61891
2022-07-30 01:50:08,174 [Time-limited test] INFO  rpc.RpcClient (RpcClient.java:createBucket(671)) - Creating Bucket: volume44242/bucket12210, with bucket layout LEGACY, runner as owner, Versioning false, Storage Type set to DISK and Encryption set to false 
2022-07-30 01:50:08,177 [IPC Server handler 4 on default port 41659] INFO  bucket.OMBucketCreateRequest (OMBucketCreateRequest.java:validateAndUpdateCache(260)) - created bucket: bucket12210 of layout LEGACY in volume: volume44242
01:50:08.181 [IPC Server handler 5 on default port 41659] ERROR OMAudit - user=runner | ip=127.0.0.1 | op=READ_BUCKET {volume=volume-14536, bucket=bucket-56857} | ret=FAILURE
org.apache.hadoop.ozone.om.exceptions.OMException: Volume not found when getting bucket info
	at org.apache.hadoop.ozone.om.BucketManagerImpl.getBucketInfo(BucketManagerImpl.java:127) ~[ozone-manager-1.3.0-SNAPSHOT.jar:?]
	at org.apache.hadoop.ozone.om.OzoneManager.getBucketInfo(OzoneManager.java:2779) ~[ozone-manager-1.3.0-SNAPSHOT.jar:?]
	at org.apache.hadoop.ozone.protocolPB.OzoneManagerRequestHandler.infoBucket(OzoneManagerRequestHandler.java:471) ~[ozone-manager-1.3.0-SNAPSHOT.jar:?]
	at org.apache.hadoop.ozone.protocolPB.OzoneManagerRequestHandler.handleReadRequest(OzoneManagerRequestHandler.java:174) ~[ozone-manager-1.3.0-SNAPSHOT.jar:?]
	at org.apache.hadoop.ozone.protocolPB.OzoneManagerProtocolServerSideTranslatorPB.submitRequestDirectlyToOM(OzoneManagerProtocolServerSideTranslatorPB.java:276) ~[ozone-manager-1.3.0-SNAPSHOT.jar:?]
	at org.apache.hadoop.ozone.protocolPB.OzoneManagerProtocolServerSideTranslatorPB.processRequest(OzoneManagerProtocolServerSideTranslatorPB.java:205) ~[ozone-manager-1.3.0-SNAPSHOT.jar:?]
	at org.apache.hadoop.hdds.server.OzoneProtocolMessageDispatcher.processRequest(OzoneProtocolMessageDispatcher.java:87) [hdds-server-framework-1.3.0-SNAPSHOT.jar:?]
	at org.apache.hadoop.ozone.protocolPB.OzoneManagerProtocolServerSideTranslatorPB.submitRequest(OzoneManagerProtocolServerSideTranslatorPB.java:147) [ozone-manager-1.3.0-SNAPSHOT.jar:?]
	at org.apache.hadoop.ozone.protocol.proto.OzoneManagerProtocolProtos$OzoneManagerService$2.callBlockingMethod(OzoneManagerProtocolProtos.java) [ozone-interface-client-1.3.0-SNAPSHOT.jar:?]
	at org.apache.hadoop.ipc.ProtobufRpcEngine$Server.processCall(ProtobufRpcEngine.java:466) [hadoop-common-3.3.1.jar:?]
	at org.apache.hadoop.ipc.ProtobufRpcEngine2$Server$ProtoBufRpcInvoker.call(ProtobufRpcEngine2.java:574) [hadoop-common-3.3.1.jar:?]
	at org.apache.hadoop.ipc.ProtobufRpcEngine2$Server$ProtoBufRpcInvoker.call(ProtobufRpcEngine2.java:552) [hadoop-common-3.3.1.jar:?]
	at org.apache.hadoop.ipc.RPC$Server.call(RPC.java:1093) [hadoop-common-3.3.1.jar:?]
	at org.apache.hadoop.ipc.Server$RpcCall.run(Server.java:1035) [hadoop-common-3.3.1.jar:?]
	at org.apache.hadoop.ipc.Server$RpcCall.run(Server.java:963) [hadoop-common-3.3.1.jar:?]
	at java.security.AccessController.doPrivileged(Native Method) ~[?:1.8.0_332]
	at javax.security.auth.Subject.doAs(Subject.java:422) [?:1.8.0_332]
	at org.apache.hadoop.security.UserGroupInformation.doAs(UserGroupInformation.java:1878) [hadoop-common-3.3.1.jar:?]
	at org.apache.hadoop.ipc.Server$Handler.run(Server.java:2966) [hadoop-common-3.3.1.jar:?]
2022-07-30 01:50:08,182 [Time-limited test] INFO  rpc.RpcClient (RpcClient.java:createVolume(468)) - Creating Volume: volume-14536, with runner as owner and space quota set to -1 bytes, counts quota set to -1
2022-07-30 01:50:08,182 [IPC Server handler 17 on default port 41659] INFO  volume.OMVolumeCreateRequest (OMVolumeCreateRequest.java:validateAndUpdateCache(195)) - created volume:volume-14536 for user:runner
2022-07-30 01:50:08,187 [Time-limited test] INFO  rpc.RpcClient (RpcClient.java:createBucket(671)) - Creating Bucket: volume-14536/bucket-56857, with bucket layout LEGACY, runner as owner, Versioning false, Storage Type set to DISK and Encryption set to false 
2022-07-30 01:50:08,187 [IPC Server handler 19 on default port 41659] INFO  bucket.OMBucketCreateRequest (OMBucketCreateRequest.java:validateAndUpdateCache(260)) - created bucket: bucket-56857 of layout LEGACY in volume: volume-14536
01:50:08.613 [IPC Server handler 1 on default port 41659] ERROR OMAudit - user=runner | ip=127.0.0.1 | op=READ_BUCKET {volume=volume-70598, bucket=bucket-19655} | ret=FAILURE
org.apache.hadoop.ozone.om.exceptions.OMException: Volume not found when getting bucket info
	at org.apache.hadoop.ozone.om.BucketManagerImpl.getBucketInfo(BucketManagerImpl.java:127) ~[ozone-manager-1.3.0-SNAPSHOT.jar:?]
	at org.apache.hadoop.ozone.om.OzoneManager.getBucketInfo(OzoneManager.java:2779) ~[ozone-manager-1.3.0-SNAPSHOT.jar:?]
	at org.apache.hadoop.ozone.protocolPB.OzoneManagerRequestHandler.infoBucket(OzoneManagerRequestHandler.java:471) ~[ozone-manager-1.3.0-SNAPSHOT.jar:?]
	at org.apache.hadoop.ozone.protocolPB.OzoneManagerRequestHandler.handleReadRequest(OzoneManagerRequestHandler.java:174) ~[ozone-manager-1.3.0-SNAPSHOT.jar:?]
	at org.apache.hadoop.ozone.protocolPB.OzoneManagerProtocolServerSideTranslatorPB.submitRequestDirectlyToOM(OzoneManagerProtocolServerSideTranslatorPB.java:276) ~[ozone-manager-1.3.0-SNAPSHOT.jar:?]
	at org.apache.hadoop.ozone.protocolPB.OzoneManagerProtocolServerSideTranslatorPB.processRequest(OzoneManagerProtocolServerSideTranslatorPB.java:205) ~[ozone-manager-1.3.0-SNAPSHOT.jar:?]
	at org.apache.hadoop.hdds.server.OzoneProtocolMessageDispatcher.processRequest(OzoneProtocolMessageDispatcher.java:87) [hdds-server-framework-1.3.0-SNAPSHOT.jar:?]
	at org.apache.hadoop.ozone.protocolPB.OzoneManagerProtocolServerSideTranslatorPB.submitRequest(OzoneManagerProtocolServerSideTranslatorPB.java:147) [ozone-manager-1.3.0-SNAPSHOT.jar:?]
	at org.apache.hadoop.ozone.protocol.proto.OzoneManagerProtocolProtos$OzoneManagerService$2.callBlockingMethod(OzoneManagerProtocolProtos.java) [ozone-interface-client-1.3.0-SNAPSHOT.jar:?]
	at org.apache.hadoop.ipc.ProtobufRpcEngine$Server.processCall(ProtobufRpcEngine.java:466) [hadoop-common-3.3.1.jar:?]
	at org.apache.hadoop.ipc.ProtobufRpcEngine2$Server$ProtoBufRpcInvoker.call(ProtobufRpcEngine2.java:574) [hadoop-common-3.3.1.jar:?]
	at org.apache.hadoop.ipc.ProtobufRpcEngine2$Server$ProtoBufRpcInvoker.call(ProtobufRpcEngine2.java:552) [hadoop-common-3.3.1.jar:?]
	at org.apache.hadoop.ipc.RPC$Server.call(RPC.java:1093) [hadoop-common-3.3.1.jar:?]
	at org.apache.hadoop.ipc.Server$RpcCall.run(Server.java:1035) [hadoop-common-3.3.1.jar:?]
	at org.apache.hadoop.ipc.Server$RpcCall.run(Server.java:963) [hadoop-common-3.3.1.jar:?]
	at java.security.AccessController.doPrivileged(Native Method) ~[?:1.8.0_332]
	at javax.security.auth.Subject.doAs(Subject.java:422) [?:1.8.0_332]
	at org.apache.hadoop.security.UserGroupInformation.doAs(UserGroupInformation.java:1878) [hadoop-common-3.3.1.jar:?]
	at org.apache.hadoop.ipc.Server$Handler.run(Server.java:2966) [hadoop-common-3.3.1.jar:?]
2022-07-30 01:50:08,615 [Time-limited test] INFO  rpc.RpcClient (RpcClient.java:createVolume(468)) - Creating Volume: volume-70598, with runner as owner and space quota set to -1 bytes, counts quota set to -1
2022-07-30 01:50:08,616 [IPC Server handler 7 on default port 41659] INFO  volume.OMVolumeCreateRequest (OMVolumeCreateRequest.java:validateAndUpdateCache(195)) - created volume:volume-70598 for user:runner
2022-07-30 01:50:08,630 [Time-limited test] INFO  rpc.RpcClient (RpcClient.java:createBucket(671)) - Creating Bucket: volume-70598/bucket-19655, with bucket layout LEGACY, runner as owner, Versioning false, Storage Type set to DISK and Encryption set to false 
2022-07-30 01:50:08,631 [IPC Server handler 4 on default port 41659] INFO  bucket.OMBucketCreateRequest (OMBucketCreateRequest.java:validateAndUpdateCache(260)) - created bucket: bucket-19655 of layout LEGACY in volume: volume-70598
]]></system-out>
  </testcase>
  <testcase name="testListStatusRootAndVolumeRecursive" classname="TestRootedOzoneFileSystem" time="1.293">
    <system-out><![CDATA[2022-07-30 01:51:23,584 [Time-limited test] INFO  rpc.RpcClient (RpcClient.java:createVolume(468)) - Creating Volume: volume55086, with user37504 as owner and space quota set to -1 bytes, counts quota set to -1
2022-07-30 01:51:23,586 [OM StateMachine ApplyTransaction Thread - 0] INFO  volume.OMVolumeCreateRequest (OMVolumeCreateRequest.java:validateAndUpdateCache(195)) - created volume:volume55086 for user:user37504
2022-07-30 01:51:23,587 [Time-limited test] INFO  rpc.RpcClient (RpcClient.java:createBucket(671)) - Creating Bucket: volume55086/bucket62167, with bucket layout LEGACY, runner as owner, Versioning false, Storage Type set to DISK and Encryption set to false 
2022-07-30 01:51:23,588 [OM StateMachine ApplyTransaction Thread - 0] INFO  bucket.OMBucketCreateRequest (OMBucketCreateRequest.java:validateAndUpdateCache(260)) - created bucket: bucket62167 of layout LEGACY in volume: volume55086
01:51:23.593 [IPC Server handler 13 on default port 42455] ERROR OMAudit - user=runner | ip=127.0.0.1 | op=READ_BUCKET {volume=volume-47218, bucket=bucket-75182} | ret=FAILURE
org.apache.hadoop.ozone.om.exceptions.OMException: Volume not found when getting bucket info
	at org.apache.hadoop.ozone.om.BucketManagerImpl.getBucketInfo(BucketManagerImpl.java:127) ~[ozone-manager-1.3.0-SNAPSHOT.jar:?]
	at org.apache.hadoop.ozone.om.OzoneManager.getBucketInfo(OzoneManager.java:2779) ~[ozone-manager-1.3.0-SNAPSHOT.jar:?]
	at org.apache.hadoop.ozone.protocolPB.OzoneManagerRequestHandler.infoBucket(OzoneManagerRequestHandler.java:471) ~[ozone-manager-1.3.0-SNAPSHOT.jar:?]
	at org.apache.hadoop.ozone.protocolPB.OzoneManagerRequestHandler.handleReadRequest(OzoneManagerRequestHandler.java:174) ~[ozone-manager-1.3.0-SNAPSHOT.jar:?]
	at org.apache.hadoop.ozone.protocolPB.OzoneManagerProtocolServerSideTranslatorPB.submitReadRequestToOM(OzoneManagerProtocolServerSideTranslatorPB.java:226) ~[ozone-manager-1.3.0-SNAPSHOT.jar:?]
	at org.apache.hadoop.ozone.protocolPB.OzoneManagerProtocolServerSideTranslatorPB.processRequest(OzoneManagerProtocolServerSideTranslatorPB.java:175) ~[ozone-manager-1.3.0-SNAPSHOT.jar:?]
	at org.apache.hadoop.hdds.server.OzoneProtocolMessageDispatcher.processRequest(OzoneProtocolMessageDispatcher.java:87) [hdds-server-framework-1.3.0-SNAPSHOT.jar:?]
	at org.apache.hadoop.ozone.protocolPB.OzoneManagerProtocolServerSideTranslatorPB.submitRequest(OzoneManagerProtocolServerSideTranslatorPB.java:147) [ozone-manager-1.3.0-SNAPSHOT.jar:?]
	at org.apache.hadoop.ozone.protocol.proto.OzoneManagerProtocolProtos$OzoneManagerService$2.callBlockingMethod(OzoneManagerProtocolProtos.java) [ozone-interface-client-1.3.0-SNAPSHOT.jar:?]
	at org.apache.hadoop.ipc.ProtobufRpcEngine$Server.processCall(ProtobufRpcEngine.java:466) [hadoop-common-3.3.1.jar:?]
	at org.apache.hadoop.ipc.ProtobufRpcEngine2$Server$ProtoBufRpcInvoker.call(ProtobufRpcEngine2.java:574) [hadoop-common-3.3.1.jar:?]
	at org.apache.hadoop.ipc.ProtobufRpcEngine2$Server$ProtoBufRpcInvoker.call(ProtobufRpcEngine2.java:552) [hadoop-common-3.3.1.jar:?]
	at org.apache.hadoop.ipc.RPC$Server.call(RPC.java:1093) [hadoop-common-3.3.1.jar:?]
	at org.apache.hadoop.ipc.Server$RpcCall.run(Server.java:1035) [hadoop-common-3.3.1.jar:?]
	at org.apache.hadoop.ipc.Server$RpcCall.run(Server.java:963) [hadoop-common-3.3.1.jar:?]
	at java.security.AccessController.doPrivileged(Native Method) ~[?:1.8.0_332]
	at javax.security.auth.Subject.doAs(Subject.java:422) [?:1.8.0_332]
	at org.apache.hadoop.security.UserGroupInformation.doAs(UserGroupInformation.java:1878) [hadoop-common-3.3.1.jar:?]
	at org.apache.hadoop.ipc.Server$Handler.run(Server.java:2966) [hadoop-common-3.3.1.jar:?]
2022-07-30 01:51:23,593 [Time-limited test] INFO  rpc.RpcClient (RpcClient.java:createVolume(468)) - Creating Volume: volume-47218, with runner as owner and space quota set to -1 bytes, counts quota set to -1
2022-07-30 01:51:23,597 [OM StateMachine ApplyTransaction Thread - 0] INFO  volume.OMVolumeCreateRequest (OMVolumeCreateRequest.java:validateAndUpdateCache(195)) - created volume:volume-47218 for user:runner
2022-07-30 01:51:23,599 [Time-limited test] INFO  rpc.RpcClient (RpcClient.java:createBucket(671)) - Creating Bucket: volume-47218/bucket-75182, with bucket layout LEGACY, runner as owner, Versioning false, Storage Type set to DISK and Encryption set to false 
2022-07-30 01:51:23,600 [OM StateMachine ApplyTransaction Thread - 0] INFO  bucket.OMBucketCreateRequest (OMBucketCreateRequest.java:validateAndUpdateCache(260)) - created bucket: bucket-75182 of layout LEGACY in volume: volume-47218
01:51:24.180 [IPC Server handler 17 on default port 42455] ERROR OMAudit - user=runner | ip=127.0.0.1 | op=READ_BUCKET {volume=volume-34548, bucket=bucket-56200} | ret=FAILURE
org.apache.hadoop.ozone.om.exceptions.OMException: Volume not found when getting bucket info
	at org.apache.hadoop.ozone.om.BucketManagerImpl.getBucketInfo(BucketManagerImpl.java:127) ~[ozone-manager-1.3.0-SNAPSHOT.jar:?]
	at org.apache.hadoop.ozone.om.OzoneManager.getBucketInfo(OzoneManager.java:2779) ~[ozone-manager-1.3.0-SNAPSHOT.jar:?]
	at org.apache.hadoop.ozone.protocolPB.OzoneManagerRequestHandler.infoBucket(OzoneManagerRequestHandler.java:471) ~[ozone-manager-1.3.0-SNAPSHOT.jar:?]
	at org.apache.hadoop.ozone.protocolPB.OzoneManagerRequestHandler.handleReadRequest(OzoneManagerRequestHandler.java:174) ~[ozone-manager-1.3.0-SNAPSHOT.jar:?]
	at org.apache.hadoop.ozone.protocolPB.OzoneManagerProtocolServerSideTranslatorPB.submitReadRequestToOM(OzoneManagerProtocolServerSideTranslatorPB.java:226) ~[ozone-manager-1.3.0-SNAPSHOT.jar:?]
	at org.apache.hadoop.ozone.protocolPB.OzoneManagerProtocolServerSideTranslatorPB.processRequest(OzoneManagerProtocolServerSideTranslatorPB.java:175) ~[ozone-manager-1.3.0-SNAPSHOT.jar:?]
	at org.apache.hadoop.hdds.server.OzoneProtocolMessageDispatcher.processRequest(OzoneProtocolMessageDispatcher.java:87) [hdds-server-framework-1.3.0-SNAPSHOT.jar:?]
	at org.apache.hadoop.ozone.protocolPB.OzoneManagerProtocolServerSideTranslatorPB.submitRequest(OzoneManagerProtocolServerSideTranslatorPB.java:147) [ozone-manager-1.3.0-SNAPSHOT.jar:?]
	at org.apache.hadoop.ozone.protocol.proto.OzoneManagerProtocolProtos$OzoneManagerService$2.callBlockingMethod(OzoneManagerProtocolProtos.java) [ozone-interface-client-1.3.0-SNAPSHOT.jar:?]
	at org.apache.hadoop.ipc.ProtobufRpcEngine$Server.processCall(ProtobufRpcEngine.java:466) [hadoop-common-3.3.1.jar:?]
	at org.apache.hadoop.ipc.ProtobufRpcEngine2$Server$ProtoBufRpcInvoker.call(ProtobufRpcEngine2.java:574) [hadoop-common-3.3.1.jar:?]
	at org.apache.hadoop.ipc.ProtobufRpcEngine2$Server$ProtoBufRpcInvoker.call(ProtobufRpcEngine2.java:552) [hadoop-common-3.3.1.jar:?]
	at org.apache.hadoop.ipc.RPC$Server.call(RPC.java:1093) [hadoop-common-3.3.1.jar:?]
	at org.apache.hadoop.ipc.Server$RpcCall.run(Server.java:1035) [hadoop-common-3.3.1.jar:?]
	at org.apache.hadoop.ipc.Server$RpcCall.run(Server.java:963) [hadoop-common-3.3.1.jar:?]
	at java.security.AccessController.doPrivileged(Native Method) ~[?:1.8.0_332]
	at javax.security.auth.Subject.doAs(Subject.java:422) [?:1.8.0_332]
	at org.apache.hadoop.security.UserGroupInformation.doAs(UserGroupInformation.java:1878) [hadoop-common-3.3.1.jar:?]
	at org.apache.hadoop.ipc.Server$Handler.run(Server.java:2966) [hadoop-common-3.3.1.jar:?]
2022-07-30 01:51:24,181 [Time-limited test] INFO  rpc.RpcClient (RpcClient.java:createVolume(468)) - Creating Volume: volume-34548, with runner as owner and space quota set to -1 bytes, counts quota set to -1
2022-07-30 01:51:24,185 [OM StateMachine ApplyTransaction Thread - 0] INFO  volume.OMVolumeCreateRequest (OMVolumeCreateRequest.java:validateAndUpdateCache(195)) - created volume:volume-34548 for user:runner
2022-07-30 01:51:24,190 [Time-limited test] INFO  rpc.RpcClient (RpcClient.java:createBucket(671)) - Creating Bucket: volume-34548/bucket-56200, with bucket layout LEGACY, runner as owner, Versioning false, Storage Type set to DISK and Encryption set to false 
2022-07-30 01:51:24,193 [OM StateMachine ApplyTransaction Thread - 0] INFO  bucket.OMBucketCreateRequest (OMBucketCreateRequest.java:validateAndUpdateCache(260)) - created bucket: bucket-56200 of layout LEGACY in volume: volume-34548
2022-07-30 01:51:24,405 [625bdddd-b23f-4a62-9edb-0ce5ae5b2b03@group-93113D146D99-FollowerState] INFO  impl.FollowerState (FollowerState.java:run(143)) - 625bdddd-b23f-4a62-9edb-0ce5ae5b2b03@group-93113D146D99-FollowerState: change to CANDIDATE, lastRpcElapsedTime:5088375043ns, electionTimeout:5065ms
2022-07-30 01:51:24,405 [625bdddd-b23f-4a62-9edb-0ce5ae5b2b03@group-93113D146D99-FollowerState] INFO  impl.RoleInfo (RoleInfo.java:shutdownFollowerState(110)) - 625bdddd-b23f-4a62-9edb-0ce5ae5b2b03: shutdown 625bdddd-b23f-4a62-9edb-0ce5ae5b2b03@group-93113D146D99-FollowerState
2022-07-30 01:51:24,405 [625bdddd-b23f-4a62-9edb-0ce5ae5b2b03@group-93113D146D99-FollowerState] INFO  server.RaftServer$Division (RaftServerImpl.java:setRole(299)) - 625bdddd-b23f-4a62-9edb-0ce5ae5b2b03@group-93113D146D99: changes role from  FOLLOWER to CANDIDATE at term 0 for changeToCandidate
2022-07-30 01:51:24,405 [625bdddd-b23f-4a62-9edb-0ce5ae5b2b03@group-93113D146D99-FollowerState] INFO  server.RaftServerConfigKeys (ConfUtils.java:logGet(46)) - raft.server.leaderelection.pre-vote = false (custom)
2022-07-30 01:51:24,405 [625bdddd-b23f-4a62-9edb-0ce5ae5b2b03@group-93113D146D99-FollowerState] INFO  impl.RoleInfo (RoleInfo.java:updateAndGet(139)) - 625bdddd-b23f-4a62-9edb-0ce5ae5b2b03: start 625bdddd-b23f-4a62-9edb-0ce5ae5b2b03@group-93113D146D99-LeaderElection48
2022-07-30 01:51:24,471 [625bdddd-b23f-4a62-9edb-0ce5ae5b2b03@group-93113D146D99-LeaderElection48] INFO  impl.LeaderElection (LeaderElection.java:askForVotes(310)) - 625bdddd-b23f-4a62-9edb-0ce5ae5b2b03@group-93113D146D99-LeaderElection48 ELECTION round 0: submit vote requests at term 1 for -1: [625bdddd-b23f-4a62-9edb-0ce5ae5b2b03|rpc:10.1.0.37:39839|priority:1], old=null
2022-07-30 01:51:24,471 [625bdddd-b23f-4a62-9edb-0ce5ae5b2b03@group-93113D146D99-LeaderElection48] INFO  impl.LeaderElection (LeaderElection.java:askForVotes(312)) - 625bdddd-b23f-4a62-9edb-0ce5ae5b2b03@group-93113D146D99-LeaderElection48 ELECTION round 0: result PASSED (term=1)
2022-07-30 01:51:24,471 [625bdddd-b23f-4a62-9edb-0ce5ae5b2b03@group-93113D146D99-LeaderElection48] INFO  impl.RoleInfo (RoleInfo.java:shutdownLeaderElection(130)) - 625bdddd-b23f-4a62-9edb-0ce5ae5b2b03: shutdown 625bdddd-b23f-4a62-9edb-0ce5ae5b2b03@group-93113D146D99-LeaderElection48
2022-07-30 01:51:24,471 [625bdddd-b23f-4a62-9edb-0ce5ae5b2b03@group-93113D146D99-LeaderElection48] INFO  server.RaftServer$Division (RaftServerImpl.java:setRole(299)) - 625bdddd-b23f-4a62-9edb-0ce5ae5b2b03@group-93113D146D99: changes role from CANDIDATE to LEADER at term 1 for changeToLeader
2022-07-30 01:51:24,471 [625bdddd-b23f-4a62-9edb-0ce5ae5b2b03@group-93113D146D99-LeaderElection48] INFO  ratis.XceiverServerRatis (XceiverServerRatis.java:handleLeaderChangedNotification(863)) - Leader change notification received for group: group-93113D146D99 with new leaderId: 625bdddd-b23f-4a62-9edb-0ce5ae5b2b03
2022-07-30 01:51:24,471 [625bdddd-b23f-4a62-9edb-0ce5ae5b2b03@group-93113D146D99-LeaderElection48] INFO  server.RaftServer$Division (ServerState.java:setLeader(287)) - 625bdddd-b23f-4a62-9edb-0ce5ae5b2b03@group-93113D146D99: change Leader from null to 625bdddd-b23f-4a62-9edb-0ce5ae5b2b03 at term 1 for becomeLeader, leader elected after 5163ms
2022-07-30 01:51:24,471 [625bdddd-b23f-4a62-9edb-0ce5ae5b2b03@group-93113D146D99-LeaderElection48] INFO  server.RaftServerConfigKeys (ConfUtils.java:logGet(46)) - raft.server.staging.catchup.gap = 1000 (default)
2022-07-30 01:51:24,472 [625bdddd-b23f-4a62-9edb-0ce5ae5b2b03@group-93113D146D99-LeaderElection48] INFO  server.RaftServerConfigKeys (ConfUtils.java:logGet(46)) - raft.server.write.element-limit = 1024 (custom)
2022-07-30 01:51:24,472 [625bdddd-b23f-4a62-9edb-0ce5ae5b2b03@group-93113D146D99-LeaderElection48] INFO  server.RaftServerConfigKeys (ConfUtils.java:logGet(46)) - raft.server.write.byte-limit = 1024 M (=1073741824) (custom)
2022-07-30 01:51:24,472 [625bdddd-b23f-4a62-9edb-0ce5ae5b2b03@group-93113D146D99-LeaderElection48] INFO  server.RaftServerConfigKeys (ConfUtils.java:logGet(46)) - raft.server.watch.timeout = 180s (custom)
2022-07-30 01:51:24,472 [625bdddd-b23f-4a62-9edb-0ce5ae5b2b03@group-93113D146D99-LeaderElection48] INFO  server.RaftServerConfigKeys (ConfUtils.java:logGet(46)) - raft.server.watch.timeout.denomination = 1s (default)
2022-07-30 01:51:24,472 [625bdddd-b23f-4a62-9edb-0ce5ae5b2b03@group-93113D146D99-LeaderElection48] INFO  server.RaftServerConfigKeys (ConfUtils.java:logGet(46)) - raft.server.watch.element-limit = 65536 (default)
2022-07-30 01:51:24,472 [625bdddd-b23f-4a62-9edb-0ce5ae5b2b03@group-93113D146D99-LeaderElection48] INFO  server.RaftServerConfigKeys (ConfUtils.java:logGet(46)) - raft.server.write.element-limit = 1024 (custom)
2022-07-30 01:51:24,472 [625bdddd-b23f-4a62-9edb-0ce5ae5b2b03@group-93113D146D99-LeaderElection48] INFO  server.RaftServerConfigKeys (ConfUtils.java:logGet(46)) - raft.server.write.follower.gap.ratio.max = -1.0 (default)
2022-07-30 01:51:24,473 [625bdddd-b23f-4a62-9edb-0ce5ae5b2b03@group-93113D146D99-LeaderElection48] INFO  impl.RoleInfo (RoleInfo.java:updateAndGet(139)) - 625bdddd-b23f-4a62-9edb-0ce5ae5b2b03: start 625bdddd-b23f-4a62-9edb-0ce5ae5b2b03@group-93113D146D99-LeaderStateImpl
2022-07-30 01:51:24,473 [625bdddd-b23f-4a62-9edb-0ce5ae5b2b03@group-93113D146D99-LeaderElection48] INFO  segmented.SegmentedRaftLogWorker (SegmentedRaftLogWorker.java:startLogSegment(425)) - 625bdddd-b23f-4a62-9edb-0ce5ae5b2b03@group-93113D146D99-SegmentedRaftLogWorker: Starting segment from index:0
2022-07-30 01:51:24,476 [625bdddd-b23f-4a62-9edb-0ce5ae5b2b03@group-93113D146D99-SegmentedRaftLogWorker] INFO  segmented.SegmentedRaftLogWorker (SegmentedRaftLogWorker.java:execute(629)) - 625bdddd-b23f-4a62-9edb-0ce5ae5b2b03@group-93113D146D99-SegmentedRaftLogWorker: created new log segment /home/runner/work/ozone/ozone/hadoop-ozone/integration-test/target/test-dir/MiniOzoneClusterImpl-82f5a944-0aea-4e62-8f89-f91bfebfb0a1/datanode-2/data/ratis/5c9a08f5-ab05-463c-905b-93113d146d99/current/log_inprogress_0
2022-07-30 01:51:24,531 [625bdddd-b23f-4a62-9edb-0ce5ae5b2b03@group-93113D146D99-LeaderElection48] INFO  server.RaftServer$Division (ServerState.java:setRaftConf(393)) - 625bdddd-b23f-4a62-9edb-0ce5ae5b2b03@group-93113D146D99: set configuration 0: [625bdddd-b23f-4a62-9edb-0ce5ae5b2b03|rpc:10.1.0.37:39839|dataStream:|priority:1], old=null
]]></system-out>
  </testcase>
  <testcase name="testListStatusRootAndVolumeRecursive" classname="TestRootedOzoneFileSystem" time="1.306">
    <system-out><![CDATA[2022-07-30 01:52:53,594 [Time-limited test] INFO  rpc.RpcClient (RpcClient.java:createVolume(468)) - Creating Volume: volume54034, with user74316 as owner and space quota set to -1 bytes, counts quota set to -1
2022-07-30 01:52:53,595 [IPC Server handler 0 on default port 40433] INFO  volume.OMVolumeCreateRequest (OMVolumeCreateRequest.java:validateAndUpdateCache(195)) - created volume:volume54034 for user:user74316
2022-07-30 01:52:53,612 [Time-limited test] INFO  rpc.RpcClient (RpcClient.java:createBucket(671)) - Creating Bucket: volume54034/bucket94076, with bucket layout LEGACY, runner as owner, Versioning false, Storage Type set to DISK and Encryption set to false 
2022-07-30 01:52:53,612 [IPC Server handler 18 on default port 40433] INFO  bucket.OMBucketCreateRequest (OMBucketCreateRequest.java:validateAndUpdateCache(260)) - created bucket: bucket94076 of layout LEGACY in volume: volume54034
01:52:53.620 [IPC Server handler 11 on default port 40433] ERROR OMAudit - user=runner | ip=127.0.0.1 | op=READ_BUCKET {volume=volume-21393, bucket=bucket-14603} | ret=FAILURE
org.apache.hadoop.ozone.om.exceptions.OMException: Volume not found when getting bucket info
	at org.apache.hadoop.ozone.om.BucketManagerImpl.getBucketInfo(BucketManagerImpl.java:127) ~[ozone-manager-1.3.0-SNAPSHOT.jar:?]
	at org.apache.hadoop.ozone.om.OzoneManager.getBucketInfo(OzoneManager.java:2779) ~[ozone-manager-1.3.0-SNAPSHOT.jar:?]
	at org.apache.hadoop.ozone.protocolPB.OzoneManagerRequestHandler.infoBucket(OzoneManagerRequestHandler.java:471) ~[ozone-manager-1.3.0-SNAPSHOT.jar:?]
	at org.apache.hadoop.ozone.protocolPB.OzoneManagerRequestHandler.handleReadRequest(OzoneManagerRequestHandler.java:174) ~[ozone-manager-1.3.0-SNAPSHOT.jar:?]
	at org.apache.hadoop.ozone.protocolPB.OzoneManagerProtocolServerSideTranslatorPB.submitRequestDirectlyToOM(OzoneManagerProtocolServerSideTranslatorPB.java:276) ~[ozone-manager-1.3.0-SNAPSHOT.jar:?]
	at org.apache.hadoop.ozone.protocolPB.OzoneManagerProtocolServerSideTranslatorPB.processRequest(OzoneManagerProtocolServerSideTranslatorPB.java:205) ~[ozone-manager-1.3.0-SNAPSHOT.jar:?]
	at org.apache.hadoop.hdds.server.OzoneProtocolMessageDispatcher.processRequest(OzoneProtocolMessageDispatcher.java:87) [hdds-server-framework-1.3.0-SNAPSHOT.jar:?]
	at org.apache.hadoop.ozone.protocolPB.OzoneManagerProtocolServerSideTranslatorPB.submitRequest(OzoneManagerProtocolServerSideTranslatorPB.java:147) [ozone-manager-1.3.0-SNAPSHOT.jar:?]
	at org.apache.hadoop.ozone.protocol.proto.OzoneManagerProtocolProtos$OzoneManagerService$2.callBlockingMethod(OzoneManagerProtocolProtos.java) [ozone-interface-client-1.3.0-SNAPSHOT.jar:?]
	at org.apache.hadoop.ipc.ProtobufRpcEngine$Server.processCall(ProtobufRpcEngine.java:466) [hadoop-common-3.3.1.jar:?]
	at org.apache.hadoop.ipc.ProtobufRpcEngine2$Server$ProtoBufRpcInvoker.call(ProtobufRpcEngine2.java:574) [hadoop-common-3.3.1.jar:?]
	at org.apache.hadoop.ipc.ProtobufRpcEngine2$Server$ProtoBufRpcInvoker.call(ProtobufRpcEngine2.java:552) [hadoop-common-3.3.1.jar:?]
	at org.apache.hadoop.ipc.RPC$Server.call(RPC.java:1093) [hadoop-common-3.3.1.jar:?]
	at org.apache.hadoop.ipc.Server$RpcCall.run(Server.java:1035) [hadoop-common-3.3.1.jar:?]
	at org.apache.hadoop.ipc.Server$RpcCall.run(Server.java:963) [hadoop-common-3.3.1.jar:?]
	at java.security.AccessController.doPrivileged(Native Method) ~[?:1.8.0_332]
	at javax.security.auth.Subject.doAs(Subject.java:422) [?:1.8.0_332]
	at org.apache.hadoop.security.UserGroupInformation.doAs(UserGroupInformation.java:1878) [hadoop-common-3.3.1.jar:?]
	at org.apache.hadoop.ipc.Server$Handler.run(Server.java:2966) [hadoop-common-3.3.1.jar:?]
2022-07-30 01:52:53,621 [Time-limited test] INFO  rpc.RpcClient (RpcClient.java:createVolume(468)) - Creating Volume: volume-21393, with runner as owner and space quota set to -1 bytes, counts quota set to -1
2022-07-30 01:52:53,621 [IPC Server handler 9 on default port 40433] INFO  volume.OMVolumeCreateRequest (OMVolumeCreateRequest.java:validateAndUpdateCache(195)) - created volume:volume-21393 for user:runner
2022-07-30 01:52:53,622 [Time-limited test] INFO  rpc.RpcClient (RpcClient.java:createBucket(671)) - Creating Bucket: volume-21393/bucket-14603, with bucket layout LEGACY, runner as owner, Versioning false, Storage Type set to DISK and Encryption set to false 
2022-07-30 01:52:53,622 [IPC Server handler 15 on default port 40433] INFO  bucket.OMBucketCreateRequest (OMBucketCreateRequest.java:validateAndUpdateCache(260)) - created bucket: bucket-14603 of layout LEGACY in volume: volume-21393
01:52:54.216 [IPC Server handler 1 on default port 40433] ERROR OMAudit - user=runner | ip=127.0.0.1 | op=READ_BUCKET {volume=volume-86724, bucket=bucket-25646} | ret=FAILURE
org.apache.hadoop.ozone.om.exceptions.OMException: Volume not found when getting bucket info
	at org.apache.hadoop.ozone.om.BucketManagerImpl.getBucketInfo(BucketManagerImpl.java:127) ~[ozone-manager-1.3.0-SNAPSHOT.jar:?]
	at org.apache.hadoop.ozone.om.OzoneManager.getBucketInfo(OzoneManager.java:2779) ~[ozone-manager-1.3.0-SNAPSHOT.jar:?]
	at org.apache.hadoop.ozone.protocolPB.OzoneManagerRequestHandler.infoBucket(OzoneManagerRequestHandler.java:471) ~[ozone-manager-1.3.0-SNAPSHOT.jar:?]
	at org.apache.hadoop.ozone.protocolPB.OzoneManagerRequestHandler.handleReadRequest(OzoneManagerRequestHandler.java:174) ~[ozone-manager-1.3.0-SNAPSHOT.jar:?]
	at org.apache.hadoop.ozone.protocolPB.OzoneManagerProtocolServerSideTranslatorPB.submitRequestDirectlyToOM(OzoneManagerProtocolServerSideTranslatorPB.java:276) ~[ozone-manager-1.3.0-SNAPSHOT.jar:?]
	at org.apache.hadoop.ozone.protocolPB.OzoneManagerProtocolServerSideTranslatorPB.processRequest(OzoneManagerProtocolServerSideTranslatorPB.java:205) ~[ozone-manager-1.3.0-SNAPSHOT.jar:?]
	at org.apache.hadoop.hdds.server.OzoneProtocolMessageDispatcher.processRequest(OzoneProtocolMessageDispatcher.java:87) [hdds-server-framework-1.3.0-SNAPSHOT.jar:?]
	at org.apache.hadoop.ozone.protocolPB.OzoneManagerProtocolServerSideTranslatorPB.submitRequest(OzoneManagerProtocolServerSideTranslatorPB.java:147) [ozone-manager-1.3.0-SNAPSHOT.jar:?]
	at org.apache.hadoop.ozone.protocol.proto.OzoneManagerProtocolProtos$OzoneManagerService$2.callBlockingMethod(OzoneManagerProtocolProtos.java) [ozone-interface-client-1.3.0-SNAPSHOT.jar:?]
	at org.apache.hadoop.ipc.ProtobufRpcEngine$Server.processCall(ProtobufRpcEngine.java:466) [hadoop-common-3.3.1.jar:?]
	at org.apache.hadoop.ipc.ProtobufRpcEngine2$Server$ProtoBufRpcInvoker.call(ProtobufRpcEngine2.java:574) [hadoop-common-3.3.1.jar:?]
	at org.apache.hadoop.ipc.ProtobufRpcEngine2$Server$ProtoBufRpcInvoker.call(ProtobufRpcEngine2.java:552) [hadoop-common-3.3.1.jar:?]
	at org.apache.hadoop.ipc.RPC$Server.call(RPC.java:1093) [hadoop-common-3.3.1.jar:?]
	at org.apache.hadoop.ipc.Server$RpcCall.run(Server.java:1035) [hadoop-common-3.3.1.jar:?]
	at org.apache.hadoop.ipc.Server$RpcCall.run(Server.java:963) [hadoop-common-3.3.1.jar:?]
	at java.security.AccessController.doPrivileged(Native Method) ~[?:1.8.0_332]
	at javax.security.auth.Subject.doAs(Subject.java:422) [?:1.8.0_332]
	at org.apache.hadoop.security.UserGroupInformation.doAs(UserGroupInformation.java:1878) [hadoop-common-3.3.1.jar:?]
	at org.apache.hadoop.ipc.Server$Handler.run(Server.java:2966) [hadoop-common-3.3.1.jar:?]
2022-07-30 01:52:54,216 [Time-limited test] INFO  rpc.RpcClient (RpcClient.java:createVolume(468)) - Creating Volume: volume-86724, with runner as owner and space quota set to -1 bytes, counts quota set to -1
2022-07-30 01:52:54,217 [IPC Server handler 0 on default port 40433] INFO  volume.OMVolumeCreateRequest (OMVolumeCreateRequest.java:validateAndUpdateCache(195)) - created volume:volume-86724 for user:runner
2022-07-30 01:52:54,217 [Time-limited test] INFO  rpc.RpcClient (RpcClient.java:createBucket(671)) - Creating Bucket: volume-86724/bucket-25646, with bucket layout LEGACY, runner as owner, Versioning false, Storage Type set to DISK and Encryption set to false 
2022-07-30 01:52:54,218 [IPC Server handler 18 on default port 40433] INFO  bucket.OMBucketCreateRequest (OMBucketCreateRequest.java:validateAndUpdateCache(260)) - created bucket: bucket-25646 of layout LEGACY in volume: volume-86724
2022-07-30 01:52:54,663 [35046169-7c12-4186-af49-3ebd431ef7ed@group-C8E707FDA5A3-FollowerState] INFO  impl.FollowerState (FollowerState.java:run(143)) - 35046169-7c12-4186-af49-3ebd431ef7ed@group-C8E707FDA5A3-FollowerState: change to CANDIDATE, lastRpcElapsedTime:5183357984ns, electionTimeout:5176ms
2022-07-30 01:52:54,664 [35046169-7c12-4186-af49-3ebd431ef7ed@group-C8E707FDA5A3-FollowerState] INFO  impl.RoleInfo (RoleInfo.java:shutdownFollowerState(110)) - 35046169-7c12-4186-af49-3ebd431ef7ed: shutdown 35046169-7c12-4186-af49-3ebd431ef7ed@group-C8E707FDA5A3-FollowerState
2022-07-30 01:52:54,664 [35046169-7c12-4186-af49-3ebd431ef7ed@group-C8E707FDA5A3-FollowerState] INFO  server.RaftServer$Division (RaftServerImpl.java:setRole(299)) - 35046169-7c12-4186-af49-3ebd431ef7ed@group-C8E707FDA5A3: changes role from  FOLLOWER to CANDIDATE at term 0 for changeToCandidate
2022-07-30 01:52:54,664 [35046169-7c12-4186-af49-3ebd431ef7ed@group-C8E707FDA5A3-FollowerState] INFO  server.RaftServerConfigKeys (ConfUtils.java:logGet(46)) - raft.server.leaderelection.pre-vote = false (custom)
2022-07-30 01:52:54,664 [35046169-7c12-4186-af49-3ebd431ef7ed@group-C8E707FDA5A3-FollowerState] INFO  impl.RoleInfo (RoleInfo.java:updateAndGet(139)) - 35046169-7c12-4186-af49-3ebd431ef7ed: start 35046169-7c12-4186-af49-3ebd431ef7ed@group-C8E707FDA5A3-LeaderElection64
2022-07-30 01:52:54,754 [35046169-7c12-4186-af49-3ebd431ef7ed@group-C8E707FDA5A3-LeaderElection64] INFO  impl.LeaderElection (LeaderElection.java:askForVotes(310)) - 35046169-7c12-4186-af49-3ebd431ef7ed@group-C8E707FDA5A3-LeaderElection64 ELECTION round 0: submit vote requests at term 1 for -1: [35046169-7c12-4186-af49-3ebd431ef7ed|rpc:10.1.0.37:43679|priority:1], old=null
2022-07-30 01:52:54,755 [35046169-7c12-4186-af49-3ebd431ef7ed@group-C8E707FDA5A3-LeaderElection64] INFO  impl.LeaderElection (LeaderElection.java:askForVotes(312)) - 35046169-7c12-4186-af49-3ebd431ef7ed@group-C8E707FDA5A3-LeaderElection64 ELECTION round 0: result PASSED (term=1)
2022-07-30 01:52:54,755 [35046169-7c12-4186-af49-3ebd431ef7ed@group-C8E707FDA5A3-LeaderElection64] INFO  impl.RoleInfo (RoleInfo.java:shutdownLeaderElection(130)) - 35046169-7c12-4186-af49-3ebd431ef7ed: shutdown 35046169-7c12-4186-af49-3ebd431ef7ed@group-C8E707FDA5A3-LeaderElection64
2022-07-30 01:52:54,755 [35046169-7c12-4186-af49-3ebd431ef7ed@group-C8E707FDA5A3-LeaderElection64] INFO  server.RaftServer$Division (RaftServerImpl.java:setRole(299)) - 35046169-7c12-4186-af49-3ebd431ef7ed@group-C8E707FDA5A3: changes role from CANDIDATE to LEADER at term 1 for changeToLeader
2022-07-30 01:52:54,755 [35046169-7c12-4186-af49-3ebd431ef7ed@group-C8E707FDA5A3-LeaderElection64] INFO  ratis.XceiverServerRatis (XceiverServerRatis.java:handleLeaderChangedNotification(863)) - Leader change notification received for group: group-C8E707FDA5A3 with new leaderId: 35046169-7c12-4186-af49-3ebd431ef7ed
2022-07-30 01:52:54,755 [35046169-7c12-4186-af49-3ebd431ef7ed@group-C8E707FDA5A3-LeaderElection64] INFO  server.RaftServer$Division (ServerState.java:setLeader(287)) - 35046169-7c12-4186-af49-3ebd431ef7ed@group-C8E707FDA5A3: change Leader from null to 35046169-7c12-4186-af49-3ebd431ef7ed at term 1 for becomeLeader, leader elected after 5282ms
2022-07-30 01:52:54,755 [35046169-7c12-4186-af49-3ebd431ef7ed@group-C8E707FDA5A3-LeaderElection64] INFO  server.RaftServerConfigKeys (ConfUtils.java:logGet(46)) - raft.server.staging.catchup.gap = 1000 (default)
2022-07-30 01:52:54,756 [35046169-7c12-4186-af49-3ebd431ef7ed@group-C8E707FDA5A3-LeaderElection64] INFO  server.RaftServerConfigKeys (ConfUtils.java:logGet(46)) - raft.server.write.element-limit = 1024 (custom)
2022-07-30 01:52:54,756 [35046169-7c12-4186-af49-3ebd431ef7ed@group-C8E707FDA5A3-LeaderElection64] INFO  server.RaftServerConfigKeys (ConfUtils.java:logGet(46)) - raft.server.write.byte-limit = 1024 M (=1073741824) (custom)
2022-07-30 01:52:54,756 [35046169-7c12-4186-af49-3ebd431ef7ed@group-C8E707FDA5A3-LeaderElection64] INFO  server.RaftServerConfigKeys (ConfUtils.java:logGet(46)) - raft.server.watch.timeout = 180s (custom)
2022-07-30 01:52:54,756 [35046169-7c12-4186-af49-3ebd431ef7ed@group-C8E707FDA5A3-LeaderElection64] INFO  server.RaftServerConfigKeys (ConfUtils.java:logGet(46)) - raft.server.watch.timeout.denomination = 1s (default)
2022-07-30 01:52:54,756 [35046169-7c12-4186-af49-3ebd431ef7ed@group-C8E707FDA5A3-LeaderElection64] INFO  server.RaftServerConfigKeys (ConfUtils.java:logGet(46)) - raft.server.watch.element-limit = 65536 (default)
2022-07-30 01:52:54,756 [35046169-7c12-4186-af49-3ebd431ef7ed@group-C8E707FDA5A3-LeaderElection64] INFO  server.RaftServerConfigKeys (ConfUtils.java:logGet(46)) - raft.server.write.element-limit = 1024 (custom)
2022-07-30 01:52:54,757 [35046169-7c12-4186-af49-3ebd431ef7ed@group-C8E707FDA5A3-LeaderElection64] INFO  server.RaftServerConfigKeys (ConfUtils.java:logGet(46)) - raft.server.write.follower.gap.ratio.max = -1.0 (default)
2022-07-30 01:52:54,757 [35046169-7c12-4186-af49-3ebd431ef7ed@group-C8E707FDA5A3-LeaderElection64] INFO  impl.RoleInfo (RoleInfo.java:updateAndGet(139)) - 35046169-7c12-4186-af49-3ebd431ef7ed: start 35046169-7c12-4186-af49-3ebd431ef7ed@group-C8E707FDA5A3-LeaderStateImpl
2022-07-30 01:52:54,757 [35046169-7c12-4186-af49-3ebd431ef7ed@group-C8E707FDA5A3-LeaderElection64] INFO  segmented.SegmentedRaftLogWorker (SegmentedRaftLogWorker.java:startLogSegment(425)) - 35046169-7c12-4186-af49-3ebd431ef7ed@group-C8E707FDA5A3-SegmentedRaftLogWorker: Starting segment from index:0
2022-07-30 01:52:54,809 [35046169-7c12-4186-af49-3ebd431ef7ed@group-C8E707FDA5A3-SegmentedRaftLogWorker] INFO  segmented.SegmentedRaftLogWorker (SegmentedRaftLogWorker.java:execute(629)) - 35046169-7c12-4186-af49-3ebd431ef7ed@group-C8E707FDA5A3-SegmentedRaftLogWorker: created new log segment /home/runner/work/ozone/ozone/hadoop-ozone/integration-test/target/test-dir/MiniOzoneClusterImpl-bc8b033d-3bc2-4820-b618-97820f252933/datanode-3/data/ratis/e61e5bc7-0c21-43ee-b0fc-c8e707fda5a3/current/log_inprogress_0
2022-07-30 01:52:54,811 [35046169-7c12-4186-af49-3ebd431ef7ed@group-C8E707FDA5A3-LeaderElection64] INFO  server.RaftServer$Division (ServerState.java:setRaftConf(393)) - 35046169-7c12-4186-af49-3ebd431ef7ed@group-C8E707FDA5A3: set configuration 0: [35046169-7c12-4186-af49-3ebd431ef7ed|rpc:10.1.0.37:43679|dataStream:|priority:1], old=null
]]></system-out>
  </testcase>
  <testcase name="testTempMount" classname="TestRootedOzoneFileSystem" time="0.205">
    <system-out><![CDATA[2022-07-30 01:47:40,825 [Time-limited test] INFO  rpc.RpcClient (RpcClient.java:createVolume(468)) - Creating Volume: volume65146, with user64275 as owner and space quota set to -1 bytes, counts quota set to -1
2022-07-30 01:47:40,832 [OM StateMachine ApplyTransaction Thread - 0] INFO  volume.OMVolumeCreateRequest (OMVolumeCreateRequest.java:validateAndUpdateCache(195)) - created volume:volume65146 for user:user64275
2022-07-30 01:47:40,835 [Time-limited test] INFO  rpc.RpcClient (RpcClient.java:createBucket(671)) - Creating Bucket: volume65146/bucket58859, with bucket layout LEGACY, runner as owner, Versioning false, Storage Type set to DISK and Encryption set to false 
2022-07-30 01:47:40,838 [OM StateMachine ApplyTransaction Thread - 0] INFO  bucket.OMBucketCreateRequest (OMBucketCreateRequest.java:validateAndUpdateCache(260)) - created bucket: bucket58859 of layout LEGACY in volume: volume65146
2022-07-30 01:47:40,841 [Time-limited test] INFO  rpc.RpcClient (RpcClient.java:createVolume(468)) - Creating Volume: tmp, with runner as owner and space quota set to 9223372036854775807 bytes, counts quota set to 1000
2022-07-30 01:47:40,844 [OM StateMachine ApplyTransaction Thread - 0] INFO  volume.OMVolumeCreateRequest (OMVolumeCreateRequest.java:validateAndUpdateCache(195)) - created volume:tmp for user:runner
2022-07-30 01:47:40,851 [Time-limited test] INFO  rpc.RpcClient (RpcClient.java:createBucket(671)) - Creating Bucket: tmp/4bad0b8dd3074cd43f641c2ac22a3571, with bucket layout LEGACY, runner as owner, Versioning false, Storage Type set to DISK and Encryption set to false 
2022-07-30 01:47:40,855 [OM StateMachine ApplyTransaction Thread - 0] INFO  bucket.OMBucketCreateRequest (OMBucketCreateRequest.java:validateAndUpdateCache(260)) - created bucket: 4bad0b8dd3074cd43f641c2ac22a3571 of layout LEGACY in volume: tmp
]]></system-out>
  </testcase>
  <testcase name="testTempMount" classname="TestRootedOzoneFileSystem" time="0.258">
    <system-out><![CDATA[2022-07-30 01:48:56,838 [Time-limited test] INFO  rpc.RpcClient (RpcClient.java:createVolume(468)) - Creating Volume: volume56009, with user34589 as owner and space quota set to -1 bytes, counts quota set to -1
2022-07-30 01:48:56,840 [OM StateMachine ApplyTransaction Thread - 0] INFO  volume.OMVolumeCreateRequest (OMVolumeCreateRequest.java:validateAndUpdateCache(195)) - created volume:volume56009 for user:user34589
2022-07-30 01:48:56,841 [Time-limited test] INFO  rpc.RpcClient (RpcClient.java:createBucket(671)) - Creating Bucket: volume56009/bucket25021, with bucket layout LEGACY, runner as owner, Versioning false, Storage Type set to DISK and Encryption set to false 
2022-07-30 01:48:56,843 [OM StateMachine ApplyTransaction Thread - 0] INFO  bucket.OMBucketCreateRequest (OMBucketCreateRequest.java:validateAndUpdateCache(260)) - created bucket: bucket25021 of layout LEGACY in volume: volume56009
2022-07-30 01:48:56,844 [Time-limited test] INFO  rpc.RpcClient (RpcClient.java:createVolume(468)) - Creating Volume: tmp, with runner as owner and space quota set to 9223372036854775807 bytes, counts quota set to 1000
2022-07-30 01:48:56,846 [OM StateMachine ApplyTransaction Thread - 0] INFO  volume.OMVolumeCreateRequest (OMVolumeCreateRequest.java:validateAndUpdateCache(195)) - created volume:tmp for user:runner
01:48:56.849 [IPC Server handler 9 on default port 43571] ERROR OMAudit - user=runner | ip=127.0.0.1 | op=READ_BUCKET {volume=tmp, bucket=4bad0b8dd3074cd43f641c2ac22a3571} | ret=FAILURE
org.apache.hadoop.ozone.om.exceptions.OMException: Bucket not found
	at org.apache.hadoop.ozone.om.BucketManagerImpl.getBucketInfo(BucketManagerImpl.java:131) ~[ozone-manager-1.3.0-SNAPSHOT.jar:?]
	at org.apache.hadoop.ozone.om.OzoneManager.getBucketInfo(OzoneManager.java:2779) ~[ozone-manager-1.3.0-SNAPSHOT.jar:?]
	at org.apache.hadoop.ozone.protocolPB.OzoneManagerRequestHandler.infoBucket(OzoneManagerRequestHandler.java:471) ~[ozone-manager-1.3.0-SNAPSHOT.jar:?]
	at org.apache.hadoop.ozone.protocolPB.OzoneManagerRequestHandler.handleReadRequest(OzoneManagerRequestHandler.java:174) ~[ozone-manager-1.3.0-SNAPSHOT.jar:?]
	at org.apache.hadoop.ozone.protocolPB.OzoneManagerProtocolServerSideTranslatorPB.submitReadRequestToOM(OzoneManagerProtocolServerSideTranslatorPB.java:226) ~[ozone-manager-1.3.0-SNAPSHOT.jar:?]
	at org.apache.hadoop.ozone.protocolPB.OzoneManagerProtocolServerSideTranslatorPB.processRequest(OzoneManagerProtocolServerSideTranslatorPB.java:175) ~[ozone-manager-1.3.0-SNAPSHOT.jar:?]
	at org.apache.hadoop.hdds.server.OzoneProtocolMessageDispatcher.processRequest(OzoneProtocolMessageDispatcher.java:87) [hdds-server-framework-1.3.0-SNAPSHOT.jar:?]
	at org.apache.hadoop.ozone.protocolPB.OzoneManagerProtocolServerSideTranslatorPB.submitRequest(OzoneManagerProtocolServerSideTranslatorPB.java:147) [ozone-manager-1.3.0-SNAPSHOT.jar:?]
	at org.apache.hadoop.ozone.protocol.proto.OzoneManagerProtocolProtos$OzoneManagerService$2.callBlockingMethod(OzoneManagerProtocolProtos.java) [ozone-interface-client-1.3.0-SNAPSHOT.jar:?]
	at org.apache.hadoop.ipc.ProtobufRpcEngine$Server.processCall(ProtobufRpcEngine.java:466) [hadoop-common-3.3.1.jar:?]
	at org.apache.hadoop.ipc.ProtobufRpcEngine2$Server$ProtoBufRpcInvoker.call(ProtobufRpcEngine2.java:574) [hadoop-common-3.3.1.jar:?]
	at org.apache.hadoop.ipc.ProtobufRpcEngine2$Server$ProtoBufRpcInvoker.call(ProtobufRpcEngine2.java:552) [hadoop-common-3.3.1.jar:?]
	at org.apache.hadoop.ipc.RPC$Server.call(RPC.java:1093) [hadoop-common-3.3.1.jar:?]
	at org.apache.hadoop.ipc.Server$RpcCall.run(Server.java:1035) [hadoop-common-3.3.1.jar:?]
	at org.apache.hadoop.ipc.Server$RpcCall.run(Server.java:963) [hadoop-common-3.3.1.jar:?]
	at java.security.AccessController.doPrivileged(Native Method) ~[?:1.8.0_332]
	at javax.security.auth.Subject.doAs(Subject.java:422) [?:1.8.0_332]
	at org.apache.hadoop.security.UserGroupInformation.doAs(UserGroupInformation.java:1878) [hadoop-common-3.3.1.jar:?]
	at org.apache.hadoop.ipc.Server$Handler.run(Server.java:2966) [hadoop-common-3.3.1.jar:?]
01:48:56.850 [IPC Server handler 19 on default port 43571] ERROR OMAudit - user=runner | ip=127.0.0.1 | op=READ_BUCKET {volume=tmp, bucket=4bad0b8dd3074cd43f641c2ac22a3571} | ret=FAILURE
org.apache.hadoop.ozone.om.exceptions.OMException: Bucket not found
	at org.apache.hadoop.ozone.om.BucketManagerImpl.getBucketInfo(BucketManagerImpl.java:131) ~[ozone-manager-1.3.0-SNAPSHOT.jar:?]
	at org.apache.hadoop.ozone.om.OzoneManager.getBucketInfo(OzoneManager.java:2779) ~[ozone-manager-1.3.0-SNAPSHOT.jar:?]
	at org.apache.hadoop.ozone.protocolPB.OzoneManagerRequestHandler.infoBucket(OzoneManagerRequestHandler.java:471) ~[ozone-manager-1.3.0-SNAPSHOT.jar:?]
	at org.apache.hadoop.ozone.protocolPB.OzoneManagerRequestHandler.handleReadRequest(OzoneManagerRequestHandler.java:174) ~[ozone-manager-1.3.0-SNAPSHOT.jar:?]
	at org.apache.hadoop.ozone.protocolPB.OzoneManagerProtocolServerSideTranslatorPB.submitReadRequestToOM(OzoneManagerProtocolServerSideTranslatorPB.java:226) ~[ozone-manager-1.3.0-SNAPSHOT.jar:?]
	at org.apache.hadoop.ozone.protocolPB.OzoneManagerProtocolServerSideTranslatorPB.processRequest(OzoneManagerProtocolServerSideTranslatorPB.java:175) ~[ozone-manager-1.3.0-SNAPSHOT.jar:?]
	at org.apache.hadoop.hdds.server.OzoneProtocolMessageDispatcher.processRequest(OzoneProtocolMessageDispatcher.java:87) [hdds-server-framework-1.3.0-SNAPSHOT.jar:?]
	at org.apache.hadoop.ozone.protocolPB.OzoneManagerProtocolServerSideTranslatorPB.submitRequest(OzoneManagerProtocolServerSideTranslatorPB.java:147) [ozone-manager-1.3.0-SNAPSHOT.jar:?]
	at org.apache.hadoop.ozone.protocol.proto.OzoneManagerProtocolProtos$OzoneManagerService$2.callBlockingMethod(OzoneManagerProtocolProtos.java) [ozone-interface-client-1.3.0-SNAPSHOT.jar:?]
	at org.apache.hadoop.ipc.ProtobufRpcEngine$Server.processCall(ProtobufRpcEngine.java:466) [hadoop-common-3.3.1.jar:?]
	at org.apache.hadoop.ipc.ProtobufRpcEngine2$Server$ProtoBufRpcInvoker.call(ProtobufRpcEngine2.java:574) [hadoop-common-3.3.1.jar:?]
	at org.apache.hadoop.ipc.ProtobufRpcEngine2$Server$ProtoBufRpcInvoker.call(ProtobufRpcEngine2.java:552) [hadoop-common-3.3.1.jar:?]
	at org.apache.hadoop.ipc.RPC$Server.call(RPC.java:1093) [hadoop-common-3.3.1.jar:?]
	at org.apache.hadoop.ipc.Server$RpcCall.run(Server.java:1035) [hadoop-common-3.3.1.jar:?]
	at org.apache.hadoop.ipc.Server$RpcCall.run(Server.java:963) [hadoop-common-3.3.1.jar:?]
	at java.security.AccessController.doPrivileged(Native Method) ~[?:1.8.0_332]
	at javax.security.auth.Subject.doAs(Subject.java:422) [?:1.8.0_332]
	at org.apache.hadoop.security.UserGroupInformation.doAs(UserGroupInformation.java:1878) [hadoop-common-3.3.1.jar:?]
	at org.apache.hadoop.ipc.Server$Handler.run(Server.java:2966) [hadoop-common-3.3.1.jar:?]
2022-07-30 01:48:56,851 [Time-limited test] INFO  rpc.RpcClient (RpcClient.java:createBucket(671)) - Creating Bucket: tmp/4bad0b8dd3074cd43f641c2ac22a3571, with bucket layout LEGACY, runner as owner, Versioning false, Storage Type set to DISK and Encryption set to false 
2022-07-30 01:48:56,852 [OM StateMachine ApplyTransaction Thread - 0] INFO  bucket.OMBucketCreateRequest (OMBucketCreateRequest.java:validateAndUpdateCache(260)) - created bucket: 4bad0b8dd3074cd43f641c2ac22a3571 of layout LEGACY in volume: tmp
]]></system-out>
  </testcase>
  <testcase name="testTempMount" classname="TestRootedOzoneFileSystem" time="0.367">
    <system-out><![CDATA[2022-07-30 01:50:09,164 [c11d40f5-2ff8-42c9-a625-81b414132345@group-D919DFC5148B-FollowerState] INFO  impl.FollowerState (FollowerState.java:run(143)) - c11d40f5-2ff8-42c9-a625-81b414132345@group-D919DFC5148B-FollowerState: change to CANDIDATE, lastRpcElapsedTime:5085872131ns, electionTimeout:5071ms
2022-07-30 01:50:09,164 [c11d40f5-2ff8-42c9-a625-81b414132345@group-D919DFC5148B-FollowerState] INFO  impl.RoleInfo (RoleInfo.java:shutdownFollowerState(110)) - c11d40f5-2ff8-42c9-a625-81b414132345: shutdown c11d40f5-2ff8-42c9-a625-81b414132345@group-D919DFC5148B-FollowerState
2022-07-30 01:50:09,164 [c11d40f5-2ff8-42c9-a625-81b414132345@group-D919DFC5148B-FollowerState] INFO  server.RaftServer$Division (RaftServerImpl.java:setRole(299)) - c11d40f5-2ff8-42c9-a625-81b414132345@group-D919DFC5148B: changes role from  FOLLOWER to CANDIDATE at term 0 for changeToCandidate
2022-07-30 01:50:09,164 [c11d40f5-2ff8-42c9-a625-81b414132345@group-D919DFC5148B-FollowerState] INFO  server.RaftServerConfigKeys (ConfUtils.java:logGet(46)) - raft.server.leaderelection.pre-vote = false (custom)
2022-07-30 01:50:09,164 [c11d40f5-2ff8-42c9-a625-81b414132345@group-D919DFC5148B-FollowerState] INFO  impl.RoleInfo (RoleInfo.java:updateAndGet(139)) - c11d40f5-2ff8-42c9-a625-81b414132345: start c11d40f5-2ff8-42c9-a625-81b414132345@group-D919DFC5148B-LeaderElection39
2022-07-30 01:50:09,193 [Time-limited test] INFO  rpc.RpcClient (RpcClient.java:createVolume(468)) - Creating Volume: volume82932, with user61416 as owner and space quota set to -1 bytes, counts quota set to -1
2022-07-30 01:50:09,195 [IPC Server handler 11 on default port 41659] INFO  volume.OMVolumeCreateRequest (OMVolumeCreateRequest.java:validateAndUpdateCache(195)) - created volume:volume82932 for user:user61416
2022-07-30 01:50:09,195 [c11d40f5-2ff8-42c9-a625-81b414132345@group-D919DFC5148B-LeaderElection39] INFO  impl.LeaderElection (LeaderElection.java:askForVotes(310)) - c11d40f5-2ff8-42c9-a625-81b414132345@group-D919DFC5148B-LeaderElection39 ELECTION round 0: submit vote requests at term 1 for -1: [c11d40f5-2ff8-42c9-a625-81b414132345|rpc:10.1.0.37:40483|priority:1], old=null
2022-07-30 01:50:09,195 [c11d40f5-2ff8-42c9-a625-81b414132345@group-D919DFC5148B-LeaderElection39] INFO  impl.LeaderElection (LeaderElection.java:askForVotes(312)) - c11d40f5-2ff8-42c9-a625-81b414132345@group-D919DFC5148B-LeaderElection39 ELECTION round 0: result PASSED (term=1)
2022-07-30 01:50:09,195 [c11d40f5-2ff8-42c9-a625-81b414132345@group-D919DFC5148B-LeaderElection39] INFO  impl.RoleInfo (RoleInfo.java:shutdownLeaderElection(130)) - c11d40f5-2ff8-42c9-a625-81b414132345: shutdown c11d40f5-2ff8-42c9-a625-81b414132345@group-D919DFC5148B-LeaderElection39
2022-07-30 01:50:09,196 [c11d40f5-2ff8-42c9-a625-81b414132345@group-D919DFC5148B-LeaderElection39] INFO  server.RaftServer$Division (RaftServerImpl.java:setRole(299)) - c11d40f5-2ff8-42c9-a625-81b414132345@group-D919DFC5148B: changes role from CANDIDATE to LEADER at term 1 for changeToLeader
2022-07-30 01:50:09,196 [c11d40f5-2ff8-42c9-a625-81b414132345@group-D919DFC5148B-LeaderElection39] INFO  ratis.XceiverServerRatis (XceiverServerRatis.java:handleLeaderChangedNotification(863)) - Leader change notification received for group: group-D919DFC5148B with new leaderId: c11d40f5-2ff8-42c9-a625-81b414132345
2022-07-30 01:50:09,196 [c11d40f5-2ff8-42c9-a625-81b414132345@group-D919DFC5148B-LeaderElection39] INFO  server.RaftServer$Division (ServerState.java:setLeader(287)) - c11d40f5-2ff8-42c9-a625-81b414132345@group-D919DFC5148B: change Leader from null to c11d40f5-2ff8-42c9-a625-81b414132345 at term 1 for becomeLeader, leader elected after 5169ms
2022-07-30 01:50:09,196 [c11d40f5-2ff8-42c9-a625-81b414132345@group-D919DFC5148B-LeaderElection39] INFO  server.RaftServerConfigKeys (ConfUtils.java:logGet(46)) - raft.server.staging.catchup.gap = 1000 (default)
2022-07-30 01:50:09,196 [c11d40f5-2ff8-42c9-a625-81b414132345@group-D919DFC5148B-LeaderElection39] INFO  server.RaftServerConfigKeys (ConfUtils.java:logGet(46)) - raft.server.write.element-limit = 1024 (custom)
2022-07-30 01:50:09,196 [c11d40f5-2ff8-42c9-a625-81b414132345@group-D919DFC5148B-LeaderElection39] INFO  server.RaftServerConfigKeys (ConfUtils.java:logGet(46)) - raft.server.write.byte-limit = 1024 M (=1073741824) (custom)
2022-07-30 01:50:09,196 [c11d40f5-2ff8-42c9-a625-81b414132345@group-D919DFC5148B-LeaderElection39] INFO  server.RaftServerConfigKeys (ConfUtils.java:logGet(46)) - raft.server.watch.timeout = 180s (custom)
2022-07-30 01:50:09,196 [c11d40f5-2ff8-42c9-a625-81b414132345@group-D919DFC5148B-LeaderElection39] INFO  server.RaftServerConfigKeys (ConfUtils.java:logGet(46)) - raft.server.watch.timeout.denomination = 1s (default)
2022-07-30 01:50:09,197 [c11d40f5-2ff8-42c9-a625-81b414132345@group-D919DFC5148B-LeaderElection39] INFO  server.RaftServerConfigKeys (ConfUtils.java:logGet(46)) - raft.server.watch.element-limit = 65536 (default)
2022-07-30 01:50:09,197 [c11d40f5-2ff8-42c9-a625-81b414132345@group-D919DFC5148B-LeaderElection39] INFO  server.RaftServerConfigKeys (ConfUtils.java:logGet(46)) - raft.server.write.element-limit = 1024 (custom)
2022-07-30 01:50:09,197 [c11d40f5-2ff8-42c9-a625-81b414132345@group-D919DFC5148B-LeaderElection39] INFO  server.RaftServerConfigKeys (ConfUtils.java:logGet(46)) - raft.server.write.follower.gap.ratio.max = -1.0 (default)
2022-07-30 01:50:09,197 [c11d40f5-2ff8-42c9-a625-81b414132345@group-D919DFC5148B-LeaderElection39] INFO  impl.RoleInfo (RoleInfo.java:updateAndGet(139)) - c11d40f5-2ff8-42c9-a625-81b414132345: start c11d40f5-2ff8-42c9-a625-81b414132345@group-D919DFC5148B-LeaderStateImpl
2022-07-30 01:50:09,198 [c11d40f5-2ff8-42c9-a625-81b414132345@group-D919DFC5148B-LeaderElection39] INFO  segmented.SegmentedRaftLogWorker (SegmentedRaftLogWorker.java:startLogSegment(425)) - c11d40f5-2ff8-42c9-a625-81b414132345@group-D919DFC5148B-SegmentedRaftLogWorker: Starting segment from index:0
2022-07-30 01:50:09,198 [Time-limited test] INFO  rpc.RpcClient (RpcClient.java:createBucket(671)) - Creating Bucket: volume82932/bucket95534, with bucket layout LEGACY, runner as owner, Versioning false, Storage Type set to DISK and Encryption set to false 
2022-07-30 01:50:09,199 [c11d40f5-2ff8-42c9-a625-81b414132345@group-D919DFC5148B-SegmentedRaftLogWorker] INFO  segmented.SegmentedRaftLogWorker (SegmentedRaftLogWorker.java:execute(629)) - c11d40f5-2ff8-42c9-a625-81b414132345@group-D919DFC5148B-SegmentedRaftLogWorker: created new log segment /home/runner/work/ozone/ozone/hadoop-ozone/integration-test/target/test-dir/MiniOzoneClusterImpl-aa47c88b-9cdf-4da5-a3b2-16d3d6598e2f/datanode-3/data/ratis/df791cac-ff06-4aa7-b7f4-d919dfc5148b/current/log_inprogress_0
2022-07-30 01:50:09,200 [IPC Server handler 15 on default port 41659] INFO  bucket.OMBucketCreateRequest (OMBucketCreateRequest.java:validateAndUpdateCache(260)) - created bucket: bucket95534 of layout LEGACY in volume: volume82932
2022-07-30 01:50:09,203 [Time-limited test] INFO  rpc.RpcClient (RpcClient.java:createVolume(468)) - Creating Volume: tmp, with runner as owner and space quota set to 9223372036854775807 bytes, counts quota set to 1000
2022-07-30 01:50:09,203 [IPC Server handler 13 on default port 41659] INFO  volume.OMVolumeCreateRequest (OMVolumeCreateRequest.java:validateAndUpdateCache(195)) - created volume:tmp for user:runner
01:50:09.204 [IPC Server handler 9 on default port 41659] ERROR OMAudit - user=runner | ip=127.0.0.1 | op=READ_BUCKET {volume=tmp, bucket=4bad0b8dd3074cd43f641c2ac22a3571} | ret=FAILURE
org.apache.hadoop.ozone.om.exceptions.OMException: Bucket not found
	at org.apache.hadoop.ozone.om.BucketManagerImpl.getBucketInfo(BucketManagerImpl.java:131) ~[ozone-manager-1.3.0-SNAPSHOT.jar:?]
	at org.apache.hadoop.ozone.om.OzoneManager.getBucketInfo(OzoneManager.java:2779) ~[ozone-manager-1.3.0-SNAPSHOT.jar:?]
	at org.apache.hadoop.ozone.protocolPB.OzoneManagerRequestHandler.infoBucket(OzoneManagerRequestHandler.java:471) ~[ozone-manager-1.3.0-SNAPSHOT.jar:?]
	at org.apache.hadoop.ozone.protocolPB.OzoneManagerRequestHandler.handleReadRequest(OzoneManagerRequestHandler.java:174) ~[ozone-manager-1.3.0-SNAPSHOT.jar:?]
	at org.apache.hadoop.ozone.protocolPB.OzoneManagerProtocolServerSideTranslatorPB.submitRequestDirectlyToOM(OzoneManagerProtocolServerSideTranslatorPB.java:276) ~[ozone-manager-1.3.0-SNAPSHOT.jar:?]
	at org.apache.hadoop.ozone.protocolPB.OzoneManagerProtocolServerSideTranslatorPB.processRequest(OzoneManagerProtocolServerSideTranslatorPB.java:205) ~[ozone-manager-1.3.0-SNAPSHOT.jar:?]
	at org.apache.hadoop.hdds.server.OzoneProtocolMessageDispatcher.processRequest(OzoneProtocolMessageDispatcher.java:87) [hdds-server-framework-1.3.0-SNAPSHOT.jar:?]
	at org.apache.hadoop.ozone.protocolPB.OzoneManagerProtocolServerSideTranslatorPB.submitRequest(OzoneManagerProtocolServerSideTranslatorPB.java:147) [ozone-manager-1.3.0-SNAPSHOT.jar:?]
	at org.apache.hadoop.ozone.protocol.proto.OzoneManagerProtocolProtos$OzoneManagerService$2.callBlockingMethod(OzoneManagerProtocolProtos.java) [ozone-interface-client-1.3.0-SNAPSHOT.jar:?]
	at org.apache.hadoop.ipc.ProtobufRpcEngine$Server.processCall(ProtobufRpcEngine.java:466) [hadoop-common-3.3.1.jar:?]
	at org.apache.hadoop.ipc.ProtobufRpcEngine2$Server$ProtoBufRpcInvoker.call(ProtobufRpcEngine2.java:574) [hadoop-common-3.3.1.jar:?]
	at org.apache.hadoop.ipc.ProtobufRpcEngine2$Server$ProtoBufRpcInvoker.call(ProtobufRpcEngine2.java:552) [hadoop-common-3.3.1.jar:?]
	at org.apache.hadoop.ipc.RPC$Server.call(RPC.java:1093) [hadoop-common-3.3.1.jar:?]
	at org.apache.hadoop.ipc.Server$RpcCall.run(Server.java:1035) [hadoop-common-3.3.1.jar:?]
	at org.apache.hadoop.ipc.Server$RpcCall.run(Server.java:963) [hadoop-common-3.3.1.jar:?]
	at java.security.AccessController.doPrivileged(Native Method) ~[?:1.8.0_332]
	at javax.security.auth.Subject.doAs(Subject.java:422) [?:1.8.0_332]
	at org.apache.hadoop.security.UserGroupInformation.doAs(UserGroupInformation.java:1878) [hadoop-common-3.3.1.jar:?]
	at org.apache.hadoop.ipc.Server$Handler.run(Server.java:2966) [hadoop-common-3.3.1.jar:?]
2022-07-30 01:50:09,208 [c11d40f5-2ff8-42c9-a625-81b414132345@group-D919DFC5148B-LeaderElection39] INFO  server.RaftServer$Division (ServerState.java:setRaftConf(393)) - c11d40f5-2ff8-42c9-a625-81b414132345@group-D919DFC5148B: set configuration 0: [c11d40f5-2ff8-42c9-a625-81b414132345|rpc:10.1.0.37:40483|dataStream:|priority:1], old=null
01:50:09.205 [IPC Server handler 0 on default port 41659] ERROR OMAudit - user=runner | ip=127.0.0.1 | op=READ_BUCKET {volume=tmp, bucket=4bad0b8dd3074cd43f641c2ac22a3571} | ret=FAILURE
org.apache.hadoop.ozone.om.exceptions.OMException: Bucket not found
	at org.apache.hadoop.ozone.om.BucketManagerImpl.getBucketInfo(BucketManagerImpl.java:131) ~[ozone-manager-1.3.0-SNAPSHOT.jar:?]
	at org.apache.hadoop.ozone.om.OzoneManager.getBucketInfo(OzoneManager.java:2779) ~[ozone-manager-1.3.0-SNAPSHOT.jar:?]
	at org.apache.hadoop.ozone.protocolPB.OzoneManagerRequestHandler.infoBucket(OzoneManagerRequestHandler.java:471) ~[ozone-manager-1.3.0-SNAPSHOT.jar:?]
	at org.apache.hadoop.ozone.protocolPB.OzoneManagerRequestHandler.handleReadRequest(OzoneManagerRequestHandler.java:174) ~[ozone-manager-1.3.0-SNAPSHOT.jar:?]
	at org.apache.hadoop.ozone.protocolPB.OzoneManagerProtocolServerSideTranslatorPB.submitRequestDirectlyToOM(OzoneManagerProtocolServerSideTranslatorPB.java:276) ~[ozone-manager-1.3.0-SNAPSHOT.jar:?]
	at org.apache.hadoop.ozone.protocolPB.OzoneManagerProtocolServerSideTranslatorPB.processRequest(OzoneManagerProtocolServerSideTranslatorPB.java:205) ~[ozone-manager-1.3.0-SNAPSHOT.jar:?]
	at org.apache.hadoop.hdds.server.OzoneProtocolMessageDispatcher.processRequest(OzoneProtocolMessageDispatcher.java:87) [hdds-server-framework-1.3.0-SNAPSHOT.jar:?]
	at org.apache.hadoop.ozone.protocolPB.OzoneManagerProtocolServerSideTranslatorPB.submitRequest(OzoneManagerProtocolServerSideTranslatorPB.java:147) [ozone-manager-1.3.0-SNAPSHOT.jar:?]
	at org.apache.hadoop.ozone.protocol.proto.OzoneManagerProtocolProtos$OzoneManagerService$2.callBlockingMethod(OzoneManagerProtocolProtos.java) [ozone-interface-client-1.3.0-SNAPSHOT.jar:?]
	at org.apache.hadoop.ipc.ProtobufRpcEngine$Server.processCall(ProtobufRpcEngine.java:466) [hadoop-common-3.3.1.jar:?]
	at org.apache.hadoop.ipc.ProtobufRpcEngine2$Server$ProtoBufRpcInvoker.call(ProtobufRpcEngine2.java:574) [hadoop-common-3.3.1.jar:?]
	at org.apache.hadoop.ipc.ProtobufRpcEngine2$Server$ProtoBufRpcInvoker.call(ProtobufRpcEngine2.java:552) [hadoop-common-3.3.1.jar:?]
	at org.apache.hadoop.ipc.RPC$Server.call(RPC.java:1093) [hadoop-common-3.3.1.jar:?]
	at org.apache.hadoop.ipc.Server$RpcCall.run(Server.java:1035) [hadoop-common-3.3.1.jar:?]
	at org.apache.hadoop.ipc.Server$RpcCall.run(Server.java:963) [hadoop-common-3.3.1.jar:?]
	at java.security.AccessController.doPrivileged(Native Method) ~[?:1.8.0_332]
	at javax.security.auth.Subject.doAs(Subject.java:422) [?:1.8.0_332]
	at org.apache.hadoop.security.UserGroupInformation.doAs(UserGroupInformation.java:1878) [hadoop-common-3.3.1.jar:?]
	at org.apache.hadoop.ipc.Server$Handler.run(Server.java:2966) [hadoop-common-3.3.1.jar:?]
2022-07-30 01:50:09,225 [Time-limited test] INFO  rpc.RpcClient (RpcClient.java:createBucket(671)) - Creating Bucket: tmp/4bad0b8dd3074cd43f641c2ac22a3571, with bucket layout LEGACY, runner as owner, Versioning false, Storage Type set to DISK and Encryption set to false 
2022-07-30 01:50:09,226 [IPC Server handler 1 on default port 41659] INFO  bucket.OMBucketCreateRequest (OMBucketCreateRequest.java:validateAndUpdateCache(260)) - created bucket: 4bad0b8dd3074cd43f641c2ac22a3571 of layout LEGACY in volume: tmp
]]></system-out>
  </testcase>
  <testcase name="testTempMount" classname="TestRootedOzoneFileSystem" time="0.411">
    <system-out><![CDATA[2022-07-30 01:51:24,968 [Time-limited test] INFO  rpc.RpcClient (RpcClient.java:createVolume(468)) - Creating Volume: volume50896, with user93492 as owner and space quota set to -1 bytes, counts quota set to -1
2022-07-30 01:51:24,971 [OM StateMachine ApplyTransaction Thread - 0] INFO  volume.OMVolumeCreateRequest (OMVolumeCreateRequest.java:validateAndUpdateCache(195)) - created volume:volume50896 for user:user93492
2022-07-30 01:51:24,972 [Time-limited test] INFO  rpc.RpcClient (RpcClient.java:createBucket(671)) - Creating Bucket: volume50896/bucket34263, with bucket layout LEGACY, runner as owner, Versioning false, Storage Type set to DISK and Encryption set to false 
2022-07-30 01:51:24,975 [OM StateMachine ApplyTransaction Thread - 0] INFO  bucket.OMBucketCreateRequest (OMBucketCreateRequest.java:validateAndUpdateCache(260)) - created bucket: bucket34263 of layout LEGACY in volume: volume50896
2022-07-30 01:51:24,976 [Time-limited test] INFO  rpc.RpcClient (RpcClient.java:createVolume(468)) - Creating Volume: tmp, with runner as owner and space quota set to 9223372036854775807 bytes, counts quota set to 1000
2022-07-30 01:51:24,978 [OM StateMachine ApplyTransaction Thread - 0] INFO  volume.OMVolumeCreateRequest (OMVolumeCreateRequest.java:validateAndUpdateCache(195)) - created volume:tmp for user:runner
01:51:24.979 [IPC Server handler 14 on default port 42455] ERROR OMAudit - user=runner | ip=127.0.0.1 | op=READ_BUCKET {volume=tmp, bucket=4bad0b8dd3074cd43f641c2ac22a3571} | ret=FAILURE
org.apache.hadoop.ozone.om.exceptions.OMException: Bucket not found
	at org.apache.hadoop.ozone.om.BucketManagerImpl.getBucketInfo(BucketManagerImpl.java:131) ~[ozone-manager-1.3.0-SNAPSHOT.jar:?]
	at org.apache.hadoop.ozone.om.OzoneManager.getBucketInfo(OzoneManager.java:2779) ~[ozone-manager-1.3.0-SNAPSHOT.jar:?]
	at org.apache.hadoop.ozone.protocolPB.OzoneManagerRequestHandler.infoBucket(OzoneManagerRequestHandler.java:471) ~[ozone-manager-1.3.0-SNAPSHOT.jar:?]
	at org.apache.hadoop.ozone.protocolPB.OzoneManagerRequestHandler.handleReadRequest(OzoneManagerRequestHandler.java:174) ~[ozone-manager-1.3.0-SNAPSHOT.jar:?]
	at org.apache.hadoop.ozone.protocolPB.OzoneManagerProtocolServerSideTranslatorPB.submitReadRequestToOM(OzoneManagerProtocolServerSideTranslatorPB.java:226) ~[ozone-manager-1.3.0-SNAPSHOT.jar:?]
	at org.apache.hadoop.ozone.protocolPB.OzoneManagerProtocolServerSideTranslatorPB.processRequest(OzoneManagerProtocolServerSideTranslatorPB.java:175) ~[ozone-manager-1.3.0-SNAPSHOT.jar:?]
	at org.apache.hadoop.hdds.server.OzoneProtocolMessageDispatcher.processRequest(OzoneProtocolMessageDispatcher.java:87) [hdds-server-framework-1.3.0-SNAPSHOT.jar:?]
	at org.apache.hadoop.ozone.protocolPB.OzoneManagerProtocolServerSideTranslatorPB.submitRequest(OzoneManagerProtocolServerSideTranslatorPB.java:147) [ozone-manager-1.3.0-SNAPSHOT.jar:?]
	at org.apache.hadoop.ozone.protocol.proto.OzoneManagerProtocolProtos$OzoneManagerService$2.callBlockingMethod(OzoneManagerProtocolProtos.java) [ozone-interface-client-1.3.0-SNAPSHOT.jar:?]
	at org.apache.hadoop.ipc.ProtobufRpcEngine$Server.processCall(ProtobufRpcEngine.java:466) [hadoop-common-3.3.1.jar:?]
	at org.apache.hadoop.ipc.ProtobufRpcEngine2$Server$ProtoBufRpcInvoker.call(ProtobufRpcEngine2.java:574) [hadoop-common-3.3.1.jar:?]
	at org.apache.hadoop.ipc.ProtobufRpcEngine2$Server$ProtoBufRpcInvoker.call(ProtobufRpcEngine2.java:552) [hadoop-common-3.3.1.jar:?]
	at org.apache.hadoop.ipc.RPC$Server.call(RPC.java:1093) [hadoop-common-3.3.1.jar:?]
	at org.apache.hadoop.ipc.Server$RpcCall.run(Server.java:1035) [hadoop-common-3.3.1.jar:?]
	at org.apache.hadoop.ipc.Server$RpcCall.run(Server.java:963) [hadoop-common-3.3.1.jar:?]
	at java.security.AccessController.doPrivileged(Native Method) ~[?:1.8.0_332]
	at javax.security.auth.Subject.doAs(Subject.java:422) [?:1.8.0_332]
	at org.apache.hadoop.security.UserGroupInformation.doAs(UserGroupInformation.java:1878) [hadoop-common-3.3.1.jar:?]
	at org.apache.hadoop.ipc.Server$Handler.run(Server.java:2966) [hadoop-common-3.3.1.jar:?]
01:51:24.980 [IPC Server handler 16 on default port 42455] ERROR OMAudit - user=runner | ip=127.0.0.1 | op=READ_BUCKET {volume=tmp, bucket=4bad0b8dd3074cd43f641c2ac22a3571} | ret=FAILURE
org.apache.hadoop.ozone.om.exceptions.OMException: Bucket not found
	at org.apache.hadoop.ozone.om.BucketManagerImpl.getBucketInfo(BucketManagerImpl.java:131) ~[ozone-manager-1.3.0-SNAPSHOT.jar:?]
	at org.apache.hadoop.ozone.om.OzoneManager.getBucketInfo(OzoneManager.java:2779) ~[ozone-manager-1.3.0-SNAPSHOT.jar:?]
	at org.apache.hadoop.ozone.protocolPB.OzoneManagerRequestHandler.infoBucket(OzoneManagerRequestHandler.java:471) ~[ozone-manager-1.3.0-SNAPSHOT.jar:?]
	at org.apache.hadoop.ozone.protocolPB.OzoneManagerRequestHandler.handleReadRequest(OzoneManagerRequestHandler.java:174) ~[ozone-manager-1.3.0-SNAPSHOT.jar:?]
	at org.apache.hadoop.ozone.protocolPB.OzoneManagerProtocolServerSideTranslatorPB.submitReadRequestToOM(OzoneManagerProtocolServerSideTranslatorPB.java:226) ~[ozone-manager-1.3.0-SNAPSHOT.jar:?]
	at org.apache.hadoop.ozone.protocolPB.OzoneManagerProtocolServerSideTranslatorPB.processRequest(OzoneManagerProtocolServerSideTranslatorPB.java:175) ~[ozone-manager-1.3.0-SNAPSHOT.jar:?]
	at org.apache.hadoop.hdds.server.OzoneProtocolMessageDispatcher.processRequest(OzoneProtocolMessageDispatcher.java:87) [hdds-server-framework-1.3.0-SNAPSHOT.jar:?]
	at org.apache.hadoop.ozone.protocolPB.OzoneManagerProtocolServerSideTranslatorPB.submitRequest(OzoneManagerProtocolServerSideTranslatorPB.java:147) [ozone-manager-1.3.0-SNAPSHOT.jar:?]
	at org.apache.hadoop.ozone.protocol.proto.OzoneManagerProtocolProtos$OzoneManagerService$2.callBlockingMethod(OzoneManagerProtocolProtos.java) [ozone-interface-client-1.3.0-SNAPSHOT.jar:?]
	at org.apache.hadoop.ipc.ProtobufRpcEngine$Server.processCall(ProtobufRpcEngine.java:466) [hadoop-common-3.3.1.jar:?]
	at org.apache.hadoop.ipc.ProtobufRpcEngine2$Server$ProtoBufRpcInvoker.call(ProtobufRpcEngine2.java:574) [hadoop-common-3.3.1.jar:?]
	at org.apache.hadoop.ipc.ProtobufRpcEngine2$Server$ProtoBufRpcInvoker.call(ProtobufRpcEngine2.java:552) [hadoop-common-3.3.1.jar:?]
	at org.apache.hadoop.ipc.RPC$Server.call(RPC.java:1093) [hadoop-common-3.3.1.jar:?]
	at org.apache.hadoop.ipc.Server$RpcCall.run(Server.java:1035) [hadoop-common-3.3.1.jar:?]
	at org.apache.hadoop.ipc.Server$RpcCall.run(Server.java:963) [hadoop-common-3.3.1.jar:?]
	at java.security.AccessController.doPrivileged(Native Method) ~[?:1.8.0_332]
	at javax.security.auth.Subject.doAs(Subject.java:422) [?:1.8.0_332]
	at org.apache.hadoop.security.UserGroupInformation.doAs(UserGroupInformation.java:1878) [hadoop-common-3.3.1.jar:?]
	at org.apache.hadoop.ipc.Server$Handler.run(Server.java:2966) [hadoop-common-3.3.1.jar:?]
2022-07-30 01:51:24,981 [Time-limited test] INFO  rpc.RpcClient (RpcClient.java:createBucket(671)) - Creating Bucket: tmp/4bad0b8dd3074cd43f641c2ac22a3571, with bucket layout LEGACY, runner as owner, Versioning false, Storage Type set to DISK and Encryption set to false 
2022-07-30 01:51:24,982 [OM StateMachine ApplyTransaction Thread - 0] INFO  bucket.OMBucketCreateRequest (OMBucketCreateRequest.java:validateAndUpdateCache(260)) - created bucket: 4bad0b8dd3074cd43f641c2ac22a3571 of layout LEGACY in volume: tmp
]]></system-out>
  </testcase>
  <testcase name="testTempMount" classname="TestRootedOzoneFileSystem" time="0.399">
    <system-out><![CDATA[2022-07-30 01:52:54,939 [Time-limited test] INFO  rpc.RpcClient (RpcClient.java:createVolume(468)) - Creating Volume: volume14064, with user74620 as owner and space quota set to -1 bytes, counts quota set to -1
2022-07-30 01:52:54,940 [IPC Server handler 13 on default port 40433] INFO  volume.OMVolumeCreateRequest (OMVolumeCreateRequest.java:validateAndUpdateCache(195)) - created volume:volume14064 for user:user74620
2022-07-30 01:52:54,943 [Time-limited test] INFO  rpc.RpcClient (RpcClient.java:createBucket(671)) - Creating Bucket: volume14064/bucket33190, with bucket layout LEGACY, runner as owner, Versioning false, Storage Type set to DISK and Encryption set to false 
2022-07-30 01:52:54,944 [IPC Server handler 10 on default port 40433] INFO  bucket.OMBucketCreateRequest (OMBucketCreateRequest.java:validateAndUpdateCache(260)) - created bucket: bucket33190 of layout LEGACY in volume: volume14064
2022-07-30 01:52:54,944 [Time-limited test] INFO  rpc.RpcClient (RpcClient.java:createVolume(468)) - Creating Volume: tmp, with runner as owner and space quota set to 9223372036854775807 bytes, counts quota set to 1000
2022-07-30 01:52:54,945 [IPC Server handler 7 on default port 40433] INFO  volume.OMVolumeCreateRequest (OMVolumeCreateRequest.java:validateAndUpdateCache(195)) - created volume:tmp for user:runner
01:52:54.946 [IPC Server handler 5 on default port 40433] ERROR OMAudit - user=runner | ip=127.0.0.1 | op=READ_BUCKET {volume=tmp, bucket=4bad0b8dd3074cd43f641c2ac22a3571} | ret=FAILURE
org.apache.hadoop.ozone.om.exceptions.OMException: Bucket not found
	at org.apache.hadoop.ozone.om.BucketManagerImpl.getBucketInfo(BucketManagerImpl.java:131) ~[ozone-manager-1.3.0-SNAPSHOT.jar:?]
	at org.apache.hadoop.ozone.om.OzoneManager.getBucketInfo(OzoneManager.java:2779) ~[ozone-manager-1.3.0-SNAPSHOT.jar:?]
	at org.apache.hadoop.ozone.protocolPB.OzoneManagerRequestHandler.infoBucket(OzoneManagerRequestHandler.java:471) ~[ozone-manager-1.3.0-SNAPSHOT.jar:?]
	at org.apache.hadoop.ozone.protocolPB.OzoneManagerRequestHandler.handleReadRequest(OzoneManagerRequestHandler.java:174) ~[ozone-manager-1.3.0-SNAPSHOT.jar:?]
	at org.apache.hadoop.ozone.protocolPB.OzoneManagerProtocolServerSideTranslatorPB.submitRequestDirectlyToOM(OzoneManagerProtocolServerSideTranslatorPB.java:276) ~[ozone-manager-1.3.0-SNAPSHOT.jar:?]
	at org.apache.hadoop.ozone.protocolPB.OzoneManagerProtocolServerSideTranslatorPB.processRequest(OzoneManagerProtocolServerSideTranslatorPB.java:205) ~[ozone-manager-1.3.0-SNAPSHOT.jar:?]
	at org.apache.hadoop.hdds.server.OzoneProtocolMessageDispatcher.processRequest(OzoneProtocolMessageDispatcher.java:87) [hdds-server-framework-1.3.0-SNAPSHOT.jar:?]
	at org.apache.hadoop.ozone.protocolPB.OzoneManagerProtocolServerSideTranslatorPB.submitRequest(OzoneManagerProtocolServerSideTranslatorPB.java:147) [ozone-manager-1.3.0-SNAPSHOT.jar:?]
	at org.apache.hadoop.ozone.protocol.proto.OzoneManagerProtocolProtos$OzoneManagerService$2.callBlockingMethod(OzoneManagerProtocolProtos.java) [ozone-interface-client-1.3.0-SNAPSHOT.jar:?]
	at org.apache.hadoop.ipc.ProtobufRpcEngine$Server.processCall(ProtobufRpcEngine.java:466) [hadoop-common-3.3.1.jar:?]
	at org.apache.hadoop.ipc.ProtobufRpcEngine2$Server$ProtoBufRpcInvoker.call(ProtobufRpcEngine2.java:574) [hadoop-common-3.3.1.jar:?]
	at org.apache.hadoop.ipc.ProtobufRpcEngine2$Server$ProtoBufRpcInvoker.call(ProtobufRpcEngine2.java:552) [hadoop-common-3.3.1.jar:?]
	at org.apache.hadoop.ipc.RPC$Server.call(RPC.java:1093) [hadoop-common-3.3.1.jar:?]
	at org.apache.hadoop.ipc.Server$RpcCall.run(Server.java:1035) [hadoop-common-3.3.1.jar:?]
	at org.apache.hadoop.ipc.Server$RpcCall.run(Server.java:963) [hadoop-common-3.3.1.jar:?]
	at java.security.AccessController.doPrivileged(Native Method) ~[?:1.8.0_332]
	at javax.security.auth.Subject.doAs(Subject.java:422) [?:1.8.0_332]
	at org.apache.hadoop.security.UserGroupInformation.doAs(UserGroupInformation.java:1878) [hadoop-common-3.3.1.jar:?]
	at org.apache.hadoop.ipc.Server$Handler.run(Server.java:2966) [hadoop-common-3.3.1.jar:?]
01:52:54.948 [IPC Server handler 3 on default port 40433] ERROR OMAudit - user=runner | ip=127.0.0.1 | op=READ_BUCKET {volume=tmp, bucket=4bad0b8dd3074cd43f641c2ac22a3571} | ret=FAILURE
org.apache.hadoop.ozone.om.exceptions.OMException: Bucket not found
	at org.apache.hadoop.ozone.om.BucketManagerImpl.getBucketInfo(BucketManagerImpl.java:131) ~[ozone-manager-1.3.0-SNAPSHOT.jar:?]
	at org.apache.hadoop.ozone.om.OzoneManager.getBucketInfo(OzoneManager.java:2779) ~[ozone-manager-1.3.0-SNAPSHOT.jar:?]
	at org.apache.hadoop.ozone.protocolPB.OzoneManagerRequestHandler.infoBucket(OzoneManagerRequestHandler.java:471) ~[ozone-manager-1.3.0-SNAPSHOT.jar:?]
	at org.apache.hadoop.ozone.protocolPB.OzoneManagerRequestHandler.handleReadRequest(OzoneManagerRequestHandler.java:174) ~[ozone-manager-1.3.0-SNAPSHOT.jar:?]
	at org.apache.hadoop.ozone.protocolPB.OzoneManagerProtocolServerSideTranslatorPB.submitRequestDirectlyToOM(OzoneManagerProtocolServerSideTranslatorPB.java:276) ~[ozone-manager-1.3.0-SNAPSHOT.jar:?]
	at org.apache.hadoop.ozone.protocolPB.OzoneManagerProtocolServerSideTranslatorPB.processRequest(OzoneManagerProtocolServerSideTranslatorPB.java:205) ~[ozone-manager-1.3.0-SNAPSHOT.jar:?]
	at org.apache.hadoop.hdds.server.OzoneProtocolMessageDispatcher.processRequest(OzoneProtocolMessageDispatcher.java:87) [hdds-server-framework-1.3.0-SNAPSHOT.jar:?]
	at org.apache.hadoop.ozone.protocolPB.OzoneManagerProtocolServerSideTranslatorPB.submitRequest(OzoneManagerProtocolServerSideTranslatorPB.java:147) [ozone-manager-1.3.0-SNAPSHOT.jar:?]
	at org.apache.hadoop.ozone.protocol.proto.OzoneManagerProtocolProtos$OzoneManagerService$2.callBlockingMethod(OzoneManagerProtocolProtos.java) [ozone-interface-client-1.3.0-SNAPSHOT.jar:?]
	at org.apache.hadoop.ipc.ProtobufRpcEngine$Server.processCall(ProtobufRpcEngine.java:466) [hadoop-common-3.3.1.jar:?]
	at org.apache.hadoop.ipc.ProtobufRpcEngine2$Server$ProtoBufRpcInvoker.call(ProtobufRpcEngine2.java:574) [hadoop-common-3.3.1.jar:?]
	at org.apache.hadoop.ipc.ProtobufRpcEngine2$Server$ProtoBufRpcInvoker.call(ProtobufRpcEngine2.java:552) [hadoop-common-3.3.1.jar:?]
	at org.apache.hadoop.ipc.RPC$Server.call(RPC.java:1093) [hadoop-common-3.3.1.jar:?]
	at org.apache.hadoop.ipc.Server$RpcCall.run(Server.java:1035) [hadoop-common-3.3.1.jar:?]
	at org.apache.hadoop.ipc.Server$RpcCall.run(Server.java:963) [hadoop-common-3.3.1.jar:?]
	at java.security.AccessController.doPrivileged(Native Method) ~[?:1.8.0_332]
	at javax.security.auth.Subject.doAs(Subject.java:422) [?:1.8.0_332]
	at org.apache.hadoop.security.UserGroupInformation.doAs(UserGroupInformation.java:1878) [hadoop-common-3.3.1.jar:?]
	at org.apache.hadoop.ipc.Server$Handler.run(Server.java:2966) [hadoop-common-3.3.1.jar:?]
2022-07-30 01:52:54,948 [Time-limited test] INFO  rpc.RpcClient (RpcClient.java:createBucket(671)) - Creating Bucket: tmp/4bad0b8dd3074cd43f641c2ac22a3571, with bucket layout LEGACY, runner as owner, Versioning false, Storage Type set to DISK and Encryption set to false 
2022-07-30 01:52:54,949 [IPC Server handler 1 on default port 40433] INFO  bucket.OMBucketCreateRequest (OMBucketCreateRequest.java:validateAndUpdateCache(260)) - created bucket: 4bad0b8dd3074cd43f641c2ac22a3571 of layout LEGACY in volume: tmp
]]></system-out>
  </testcase>
  <testcase name="testListStatusRootAndVolumeNonRecursive" classname="TestRootedOzoneFileSystem" time="0.444">
    <system-out><![CDATA[2022-07-30 01:47:41,048 [Time-limited test] INFO  rpc.RpcClient (RpcClient.java:createVolume(468)) - Creating Volume: volume98266, with user22516 as owner and space quota set to -1 bytes, counts quota set to -1
2022-07-30 01:47:41,057 [OM StateMachine ApplyTransaction Thread - 0] INFO  volume.OMVolumeCreateRequest (OMVolumeCreateRequest.java:validateAndUpdateCache(195)) - created volume:volume98266 for user:user22516
2022-07-30 01:47:41,065 [Time-limited test] INFO  rpc.RpcClient (RpcClient.java:createBucket(671)) - Creating Bucket: volume98266/bucket08235, with bucket layout LEGACY, runner as owner, Versioning false, Storage Type set to DISK and Encryption set to false 
2022-07-30 01:47:41,069 [OM StateMachine ApplyTransaction Thread - 0] INFO  bucket.OMBucketCreateRequest (OMBucketCreateRequest.java:validateAndUpdateCache(260)) - created bucket: bucket08235 of layout LEGACY in volume: volume98266
2022-07-30 01:47:41,073 [Time-limited test] INFO  rpc.RpcClient (RpcClient.java:createVolume(468)) - Creating Volume: volume-18097, with runner as owner and space quota set to -1 bytes, counts quota set to -1
2022-07-30 01:47:41,076 [OM StateMachine ApplyTransaction Thread - 0] INFO  volume.OMVolumeCreateRequest (OMVolumeCreateRequest.java:validateAndUpdateCache(195)) - created volume:volume-18097 for user:runner
2022-07-30 01:47:41,078 [Time-limited test] INFO  rpc.RpcClient (RpcClient.java:createBucket(671)) - Creating Bucket: volume-18097/bucket-47644, with bucket layout LEGACY, runner as owner, Versioning false, Storage Type set to DISK and Encryption set to false 
2022-07-30 01:47:41,080 [OM StateMachine ApplyTransaction Thread - 0] INFO  bucket.OMBucketCreateRequest (OMBucketCreateRequest.java:validateAndUpdateCache(260)) - created bucket: bucket-47644 of layout LEGACY in volume: volume-18097
2022-07-30 01:47:41,180 [Time-limited test] INFO  rpc.RpcClient (RpcClient.java:createVolume(468)) - Creating Volume: volume-01568, with runner as owner and space quota set to -1 bytes, counts quota set to -1
2022-07-30 01:47:41,183 [OM StateMachine ApplyTransaction Thread - 0] INFO  volume.OMVolumeCreateRequest (OMVolumeCreateRequest.java:validateAndUpdateCache(195)) - created volume:volume-01568 for user:runner
2022-07-30 01:47:41,185 [Time-limited test] INFO  rpc.RpcClient (RpcClient.java:createBucket(671)) - Creating Bucket: volume-01568/bucket-03285, with bucket layout LEGACY, runner as owner, Versioning false, Storage Type set to DISK and Encryption set to false 
2022-07-30 01:47:41,187 [OM StateMachine ApplyTransaction Thread - 0] INFO  bucket.OMBucketCreateRequest (OMBucketCreateRequest.java:validateAndUpdateCache(260)) - created bucket: bucket-03285 of layout LEGACY in volume: volume-01568
]]></system-out>
  </testcase>
  <testcase name="testListStatusRootAndVolumeNonRecursive" classname="TestRootedOzoneFileSystem" time="0.454">
    <system-out><![CDATA[2022-07-30 01:48:57,099 [Time-limited test] INFO  rpc.RpcClient (RpcClient.java:createVolume(468)) - Creating Volume: volume85746, with user71758 as owner and space quota set to -1 bytes, counts quota set to -1
2022-07-30 01:48:57,106 [OM StateMachine ApplyTransaction Thread - 0] INFO  volume.OMVolumeCreateRequest (OMVolumeCreateRequest.java:validateAndUpdateCache(195)) - created volume:volume85746 for user:user71758
2022-07-30 01:48:57,107 [Time-limited test] INFO  rpc.RpcClient (RpcClient.java:createBucket(671)) - Creating Bucket: volume85746/bucket36349, with bucket layout LEGACY, runner as owner, Versioning false, Storage Type set to DISK and Encryption set to false 
2022-07-30 01:48:57,111 [OM StateMachine ApplyTransaction Thread - 0] INFO  bucket.OMBucketCreateRequest (OMBucketCreateRequest.java:validateAndUpdateCache(260)) - created bucket: bucket36349 of layout LEGACY in volume: volume85746
01:48:57.115 [IPC Server handler 12 on default port 43571] ERROR OMAudit - user=runner | ip=127.0.0.1 | op=READ_BUCKET {volume=volume-80817, bucket=bucket-09388} | ret=FAILURE
org.apache.hadoop.ozone.om.exceptions.OMException: Volume not found when getting bucket info
	at org.apache.hadoop.ozone.om.BucketManagerImpl.getBucketInfo(BucketManagerImpl.java:127) ~[ozone-manager-1.3.0-SNAPSHOT.jar:?]
	at org.apache.hadoop.ozone.om.OzoneManager.getBucketInfo(OzoneManager.java:2779) ~[ozone-manager-1.3.0-SNAPSHOT.jar:?]
	at org.apache.hadoop.ozone.protocolPB.OzoneManagerRequestHandler.infoBucket(OzoneManagerRequestHandler.java:471) ~[ozone-manager-1.3.0-SNAPSHOT.jar:?]
	at org.apache.hadoop.ozone.protocolPB.OzoneManagerRequestHandler.handleReadRequest(OzoneManagerRequestHandler.java:174) ~[ozone-manager-1.3.0-SNAPSHOT.jar:?]
	at org.apache.hadoop.ozone.protocolPB.OzoneManagerProtocolServerSideTranslatorPB.submitReadRequestToOM(OzoneManagerProtocolServerSideTranslatorPB.java:226) ~[ozone-manager-1.3.0-SNAPSHOT.jar:?]
	at org.apache.hadoop.ozone.protocolPB.OzoneManagerProtocolServerSideTranslatorPB.processRequest(OzoneManagerProtocolServerSideTranslatorPB.java:175) ~[ozone-manager-1.3.0-SNAPSHOT.jar:?]
	at org.apache.hadoop.hdds.server.OzoneProtocolMessageDispatcher.processRequest(OzoneProtocolMessageDispatcher.java:87) [hdds-server-framework-1.3.0-SNAPSHOT.jar:?]
	at org.apache.hadoop.ozone.protocolPB.OzoneManagerProtocolServerSideTranslatorPB.submitRequest(OzoneManagerProtocolServerSideTranslatorPB.java:147) [ozone-manager-1.3.0-SNAPSHOT.jar:?]
	at org.apache.hadoop.ozone.protocol.proto.OzoneManagerProtocolProtos$OzoneManagerService$2.callBlockingMethod(OzoneManagerProtocolProtos.java) [ozone-interface-client-1.3.0-SNAPSHOT.jar:?]
	at org.apache.hadoop.ipc.ProtobufRpcEngine$Server.processCall(ProtobufRpcEngine.java:466) [hadoop-common-3.3.1.jar:?]
	at org.apache.hadoop.ipc.ProtobufRpcEngine2$Server$ProtoBufRpcInvoker.call(ProtobufRpcEngine2.java:574) [hadoop-common-3.3.1.jar:?]
	at org.apache.hadoop.ipc.ProtobufRpcEngine2$Server$ProtoBufRpcInvoker.call(ProtobufRpcEngine2.java:552) [hadoop-common-3.3.1.jar:?]
	at org.apache.hadoop.ipc.RPC$Server.call(RPC.java:1093) [hadoop-common-3.3.1.jar:?]
	at org.apache.hadoop.ipc.Server$RpcCall.run(Server.java:1035) [hadoop-common-3.3.1.jar:?]
	at org.apache.hadoop.ipc.Server$RpcCall.run(Server.java:963) [hadoop-common-3.3.1.jar:?]
	at java.security.AccessController.doPrivileged(Native Method) ~[?:1.8.0_332]
	at javax.security.auth.Subject.doAs(Subject.java:422) [?:1.8.0_332]
	at org.apache.hadoop.security.UserGroupInformation.doAs(UserGroupInformation.java:1878) [hadoop-common-3.3.1.jar:?]
	at org.apache.hadoop.ipc.Server$Handler.run(Server.java:2966) [hadoop-common-3.3.1.jar:?]
2022-07-30 01:48:57,115 [Time-limited test] INFO  rpc.RpcClient (RpcClient.java:createVolume(468)) - Creating Volume: volume-80817, with runner as owner and space quota set to -1 bytes, counts quota set to -1
2022-07-30 01:48:57,117 [OM StateMachine ApplyTransaction Thread - 0] INFO  volume.OMVolumeCreateRequest (OMVolumeCreateRequest.java:validateAndUpdateCache(195)) - created volume:volume-80817 for user:runner
2022-07-30 01:48:57,118 [Time-limited test] INFO  rpc.RpcClient (RpcClient.java:createBucket(671)) - Creating Bucket: volume-80817/bucket-09388, with bucket layout LEGACY, runner as owner, Versioning false, Storage Type set to DISK and Encryption set to false 
2022-07-30 01:48:57,119 [OM StateMachine ApplyTransaction Thread - 0] INFO  bucket.OMBucketCreateRequest (OMBucketCreateRequest.java:validateAndUpdateCache(260)) - created bucket: bucket-09388 of layout LEGACY in volume: volume-80817
01:48:57.247 [IPC Server handler 3 on default port 43571] ERROR OMAudit - user=runner | ip=127.0.0.1 | op=READ_BUCKET {volume=volume-40779, bucket=bucket-19790} | ret=FAILURE
org.apache.hadoop.ozone.om.exceptions.OMException: Volume not found when getting bucket info
	at org.apache.hadoop.ozone.om.BucketManagerImpl.getBucketInfo(BucketManagerImpl.java:127) ~[ozone-manager-1.3.0-SNAPSHOT.jar:?]
	at org.apache.hadoop.ozone.om.OzoneManager.getBucketInfo(OzoneManager.java:2779) ~[ozone-manager-1.3.0-SNAPSHOT.jar:?]
	at org.apache.hadoop.ozone.protocolPB.OzoneManagerRequestHandler.infoBucket(OzoneManagerRequestHandler.java:471) ~[ozone-manager-1.3.0-SNAPSHOT.jar:?]
	at org.apache.hadoop.ozone.protocolPB.OzoneManagerRequestHandler.handleReadRequest(OzoneManagerRequestHandler.java:174) ~[ozone-manager-1.3.0-SNAPSHOT.jar:?]
	at org.apache.hadoop.ozone.protocolPB.OzoneManagerProtocolServerSideTranslatorPB.submitReadRequestToOM(OzoneManagerProtocolServerSideTranslatorPB.java:226) ~[ozone-manager-1.3.0-SNAPSHOT.jar:?]
	at org.apache.hadoop.ozone.protocolPB.OzoneManagerProtocolServerSideTranslatorPB.processRequest(OzoneManagerProtocolServerSideTranslatorPB.java:175) ~[ozone-manager-1.3.0-SNAPSHOT.jar:?]
	at org.apache.hadoop.hdds.server.OzoneProtocolMessageDispatcher.processRequest(OzoneProtocolMessageDispatcher.java:87) [hdds-server-framework-1.3.0-SNAPSHOT.jar:?]
	at org.apache.hadoop.ozone.protocolPB.OzoneManagerProtocolServerSideTranslatorPB.submitRequest(OzoneManagerProtocolServerSideTranslatorPB.java:147) [ozone-manager-1.3.0-SNAPSHOT.jar:?]
	at org.apache.hadoop.ozone.protocol.proto.OzoneManagerProtocolProtos$OzoneManagerService$2.callBlockingMethod(OzoneManagerProtocolProtos.java) [ozone-interface-client-1.3.0-SNAPSHOT.jar:?]
	at org.apache.hadoop.ipc.ProtobufRpcEngine$Server.processCall(ProtobufRpcEngine.java:466) [hadoop-common-3.3.1.jar:?]
	at org.apache.hadoop.ipc.ProtobufRpcEngine2$Server$ProtoBufRpcInvoker.call(ProtobufRpcEngine2.java:574) [hadoop-common-3.3.1.jar:?]
	at org.apache.hadoop.ipc.ProtobufRpcEngine2$Server$ProtoBufRpcInvoker.call(ProtobufRpcEngine2.java:552) [hadoop-common-3.3.1.jar:?]
	at org.apache.hadoop.ipc.RPC$Server.call(RPC.java:1093) [hadoop-common-3.3.1.jar:?]
	at org.apache.hadoop.ipc.Server$RpcCall.run(Server.java:1035) [hadoop-common-3.3.1.jar:?]
	at org.apache.hadoop.ipc.Server$RpcCall.run(Server.java:963) [hadoop-common-3.3.1.jar:?]
	at java.security.AccessController.doPrivileged(Native Method) ~[?:1.8.0_332]
	at javax.security.auth.Subject.doAs(Subject.java:422) [?:1.8.0_332]
	at org.apache.hadoop.security.UserGroupInformation.doAs(UserGroupInformation.java:1878) [hadoop-common-3.3.1.jar:?]
	at org.apache.hadoop.ipc.Server$Handler.run(Server.java:2966) [hadoop-common-3.3.1.jar:?]
2022-07-30 01:48:57,248 [Time-limited test] INFO  rpc.RpcClient (RpcClient.java:createVolume(468)) - Creating Volume: volume-40779, with runner as owner and space quota set to -1 bytes, counts quota set to -1
2022-07-30 01:48:57,249 [OM StateMachine ApplyTransaction Thread - 0] INFO  volume.OMVolumeCreateRequest (OMVolumeCreateRequest.java:validateAndUpdateCache(195)) - created volume:volume-40779 for user:runner
2022-07-30 01:48:57,250 [Time-limited test] INFO  rpc.RpcClient (RpcClient.java:createBucket(671)) - Creating Bucket: volume-40779/bucket-19790, with bucket layout LEGACY, runner as owner, Versioning false, Storage Type set to DISK and Encryption set to false 
2022-07-30 01:48:57,252 [OM StateMachine ApplyTransaction Thread - 0] INFO  bucket.OMBucketCreateRequest (OMBucketCreateRequest.java:validateAndUpdateCache(260)) - created bucket: bucket-19790 of layout LEGACY in volume: volume-40779
]]></system-out>
  </testcase>
  <testcase name="testListStatusRootAndVolumeNonRecursive" classname="TestRootedOzoneFileSystem" time="0.462">
    <system-out><![CDATA[2022-07-30 01:50:09,504 [Time-limited test] INFO  rpc.RpcClient (RpcClient.java:createVolume(468)) - Creating Volume: volume97027, with user74149 as owner and space quota set to -1 bytes, counts quota set to -1
2022-07-30 01:50:09,505 [IPC Server handler 4 on default port 41659] INFO  volume.OMVolumeCreateRequest (OMVolumeCreateRequest.java:validateAndUpdateCache(195)) - created volume:volume97027 for user:user74149
2022-07-30 01:50:09,511 [Time-limited test] INFO  rpc.RpcClient (RpcClient.java:createBucket(671)) - Creating Bucket: volume97027/bucket10739, with bucket layout LEGACY, runner as owner, Versioning false, Storage Type set to DISK and Encryption set to false 
2022-07-30 01:50:09,512 [IPC Server handler 6 on default port 41659] INFO  bucket.OMBucketCreateRequest (OMBucketCreateRequest.java:validateAndUpdateCache(260)) - created bucket: bucket10739 of layout LEGACY in volume: volume97027
01:50:09.514 [IPC Server handler 18 on default port 41659] ERROR OMAudit - user=runner | ip=127.0.0.1 | op=READ_BUCKET {volume=volume-77190, bucket=bucket-77050} | ret=FAILURE
org.apache.hadoop.ozone.om.exceptions.OMException: Volume not found when getting bucket info
	at org.apache.hadoop.ozone.om.BucketManagerImpl.getBucketInfo(BucketManagerImpl.java:127) ~[ozone-manager-1.3.0-SNAPSHOT.jar:?]
	at org.apache.hadoop.ozone.om.OzoneManager.getBucketInfo(OzoneManager.java:2779) ~[ozone-manager-1.3.0-SNAPSHOT.jar:?]
	at org.apache.hadoop.ozone.protocolPB.OzoneManagerRequestHandler.infoBucket(OzoneManagerRequestHandler.java:471) ~[ozone-manager-1.3.0-SNAPSHOT.jar:?]
	at org.apache.hadoop.ozone.protocolPB.OzoneManagerRequestHandler.handleReadRequest(OzoneManagerRequestHandler.java:174) ~[ozone-manager-1.3.0-SNAPSHOT.jar:?]
	at org.apache.hadoop.ozone.protocolPB.OzoneManagerProtocolServerSideTranslatorPB.submitRequestDirectlyToOM(OzoneManagerProtocolServerSideTranslatorPB.java:276) ~[ozone-manager-1.3.0-SNAPSHOT.jar:?]
	at org.apache.hadoop.ozone.protocolPB.OzoneManagerProtocolServerSideTranslatorPB.processRequest(OzoneManagerProtocolServerSideTranslatorPB.java:205) ~[ozone-manager-1.3.0-SNAPSHOT.jar:?]
	at org.apache.hadoop.hdds.server.OzoneProtocolMessageDispatcher.processRequest(OzoneProtocolMessageDispatcher.java:87) [hdds-server-framework-1.3.0-SNAPSHOT.jar:?]
	at org.apache.hadoop.ozone.protocolPB.OzoneManagerProtocolServerSideTranslatorPB.submitRequest(OzoneManagerProtocolServerSideTranslatorPB.java:147) [ozone-manager-1.3.0-SNAPSHOT.jar:?]
	at org.apache.hadoop.ozone.protocol.proto.OzoneManagerProtocolProtos$OzoneManagerService$2.callBlockingMethod(OzoneManagerProtocolProtos.java) [ozone-interface-client-1.3.0-SNAPSHOT.jar:?]
	at org.apache.hadoop.ipc.ProtobufRpcEngine$Server.processCall(ProtobufRpcEngine.java:466) [hadoop-common-3.3.1.jar:?]
	at org.apache.hadoop.ipc.ProtobufRpcEngine2$Server$ProtoBufRpcInvoker.call(ProtobufRpcEngine2.java:574) [hadoop-common-3.3.1.jar:?]
	at org.apache.hadoop.ipc.ProtobufRpcEngine2$Server$ProtoBufRpcInvoker.call(ProtobufRpcEngine2.java:552) [hadoop-common-3.3.1.jar:?]
	at org.apache.hadoop.ipc.RPC$Server.call(RPC.java:1093) [hadoop-common-3.3.1.jar:?]
	at org.apache.hadoop.ipc.Server$RpcCall.run(Server.java:1035) [hadoop-common-3.3.1.jar:?]
	at org.apache.hadoop.ipc.Server$RpcCall.run(Server.java:963) [hadoop-common-3.3.1.jar:?]
	at java.security.AccessController.doPrivileged(Native Method) ~[?:1.8.0_332]
	at javax.security.auth.Subject.doAs(Subject.java:422) [?:1.8.0_332]
	at org.apache.hadoop.security.UserGroupInformation.doAs(UserGroupInformation.java:1878) [hadoop-common-3.3.1.jar:?]
	at org.apache.hadoop.ipc.Server$Handler.run(Server.java:2966) [hadoop-common-3.3.1.jar:?]
2022-07-30 01:50:09,515 [Time-limited test] INFO  rpc.RpcClient (RpcClient.java:createVolume(468)) - Creating Volume: volume-77190, with runner as owner and space quota set to -1 bytes, counts quota set to -1
2022-07-30 01:50:09,516 [IPC Server handler 19 on default port 41659] INFO  volume.OMVolumeCreateRequest (OMVolumeCreateRequest.java:validateAndUpdateCache(195)) - created volume:volume-77190 for user:runner
2022-07-30 01:50:09,516 [Time-limited test] INFO  rpc.RpcClient (RpcClient.java:createBucket(671)) - Creating Bucket: volume-77190/bucket-77050, with bucket layout LEGACY, runner as owner, Versioning false, Storage Type set to DISK and Encryption set to false 
2022-07-30 01:50:09,517 [IPC Server handler 11 on default port 41659] INFO  bucket.OMBucketCreateRequest (OMBucketCreateRequest.java:validateAndUpdateCache(260)) - created bucket: bucket-77050 of layout LEGACY in volume: volume-77190
01:50:09.712 [IPC Server handler 3 on default port 41659] ERROR OMAudit - user=runner | ip=127.0.0.1 | op=READ_BUCKET {volume=volume-62768, bucket=bucket-87536} | ret=FAILURE
org.apache.hadoop.ozone.om.exceptions.OMException: Volume not found when getting bucket info
	at org.apache.hadoop.ozone.om.BucketManagerImpl.getBucketInfo(BucketManagerImpl.java:127) ~[ozone-manager-1.3.0-SNAPSHOT.jar:?]
	at org.apache.hadoop.ozone.om.OzoneManager.getBucketInfo(OzoneManager.java:2779) ~[ozone-manager-1.3.0-SNAPSHOT.jar:?]
	at org.apache.hadoop.ozone.protocolPB.OzoneManagerRequestHandler.infoBucket(OzoneManagerRequestHandler.java:471) ~[ozone-manager-1.3.0-SNAPSHOT.jar:?]
	at org.apache.hadoop.ozone.protocolPB.OzoneManagerRequestHandler.handleReadRequest(OzoneManagerRequestHandler.java:174) ~[ozone-manager-1.3.0-SNAPSHOT.jar:?]
	at org.apache.hadoop.ozone.protocolPB.OzoneManagerProtocolServerSideTranslatorPB.submitRequestDirectlyToOM(OzoneManagerProtocolServerSideTranslatorPB.java:276) ~[ozone-manager-1.3.0-SNAPSHOT.jar:?]
	at org.apache.hadoop.ozone.protocolPB.OzoneManagerProtocolServerSideTranslatorPB.processRequest(OzoneManagerProtocolServerSideTranslatorPB.java:205) ~[ozone-manager-1.3.0-SNAPSHOT.jar:?]
	at org.apache.hadoop.hdds.server.OzoneProtocolMessageDispatcher.processRequest(OzoneProtocolMessageDispatcher.java:87) [hdds-server-framework-1.3.0-SNAPSHOT.jar:?]
	at org.apache.hadoop.ozone.protocolPB.OzoneManagerProtocolServerSideTranslatorPB.submitRequest(OzoneManagerProtocolServerSideTranslatorPB.java:147) [ozone-manager-1.3.0-SNAPSHOT.jar:?]
	at org.apache.hadoop.ozone.protocol.proto.OzoneManagerProtocolProtos$OzoneManagerService$2.callBlockingMethod(OzoneManagerProtocolProtos.java) [ozone-interface-client-1.3.0-SNAPSHOT.jar:?]
	at org.apache.hadoop.ipc.ProtobufRpcEngine$Server.processCall(ProtobufRpcEngine.java:466) [hadoop-common-3.3.1.jar:?]
	at org.apache.hadoop.ipc.ProtobufRpcEngine2$Server$ProtoBufRpcInvoker.call(ProtobufRpcEngine2.java:574) [hadoop-common-3.3.1.jar:?]
	at org.apache.hadoop.ipc.ProtobufRpcEngine2$Server$ProtoBufRpcInvoker.call(ProtobufRpcEngine2.java:552) [hadoop-common-3.3.1.jar:?]
	at org.apache.hadoop.ipc.RPC$Server.call(RPC.java:1093) [hadoop-common-3.3.1.jar:?]
	at org.apache.hadoop.ipc.Server$RpcCall.run(Server.java:1035) [hadoop-common-3.3.1.jar:?]
	at org.apache.hadoop.ipc.Server$RpcCall.run(Server.java:963) [hadoop-common-3.3.1.jar:?]
	at java.security.AccessController.doPrivileged(Native Method) ~[?:1.8.0_332]
	at javax.security.auth.Subject.doAs(Subject.java:422) [?:1.8.0_332]
	at org.apache.hadoop.security.UserGroupInformation.doAs(UserGroupInformation.java:1878) [hadoop-common-3.3.1.jar:?]
	at org.apache.hadoop.ipc.Server$Handler.run(Server.java:2966) [hadoop-common-3.3.1.jar:?]
2022-07-30 01:50:09,712 [Time-limited test] INFO  rpc.RpcClient (RpcClient.java:createVolume(468)) - Creating Volume: volume-62768, with runner as owner and space quota set to -1 bytes, counts quota set to -1
2022-07-30 01:50:09,716 [IPC Server handler 4 on default port 41659] INFO  volume.OMVolumeCreateRequest (OMVolumeCreateRequest.java:validateAndUpdateCache(195)) - created volume:volume-62768 for user:runner
2022-07-30 01:50:09,716 [Time-limited test] INFO  rpc.RpcClient (RpcClient.java:createBucket(671)) - Creating Bucket: volume-62768/bucket-87536, with bucket layout LEGACY, runner as owner, Versioning false, Storage Type set to DISK and Encryption set to false 
2022-07-30 01:50:09,717 [IPC Server handler 6 on default port 41659] INFO  bucket.OMBucketCreateRequest (OMBucketCreateRequest.java:validateAndUpdateCache(260)) - created bucket: bucket-87536 of layout LEGACY in volume: volume-62768
]]></system-out>
  </testcase>
  <testcase name="testListStatusRootAndVolumeNonRecursive" classname="TestRootedOzoneFileSystem" time="0.817">
    <system-out><![CDATA[2022-07-30 01:51:25,284 [Time-limited test] INFO  rpc.RpcClient (RpcClient.java:createVolume(468)) - Creating Volume: volume48658, with user75236 as owner and space quota set to -1 bytes, counts quota set to -1
2022-07-30 01:51:25,287 [OM StateMachine ApplyTransaction Thread - 0] INFO  volume.OMVolumeCreateRequest (OMVolumeCreateRequest.java:validateAndUpdateCache(195)) - created volume:volume48658 for user:user75236
2022-07-30 01:51:25,288 [Time-limited test] INFO  rpc.RpcClient (RpcClient.java:createBucket(671)) - Creating Bucket: volume48658/bucket11654, with bucket layout LEGACY, runner as owner, Versioning false, Storage Type set to DISK and Encryption set to false 
2022-07-30 01:51:25,289 [OM StateMachine ApplyTransaction Thread - 0] INFO  bucket.OMBucketCreateRequest (OMBucketCreateRequest.java:validateAndUpdateCache(260)) - created bucket: bucket11654 of layout LEGACY in volume: volume48658
01:51:25.295 [IPC Server handler 10 on default port 42455] ERROR OMAudit - user=runner | ip=127.0.0.1 | op=READ_BUCKET {volume=volume-43211, bucket=bucket-31588} | ret=FAILURE
org.apache.hadoop.ozone.om.exceptions.OMException: Volume not found when getting bucket info
	at org.apache.hadoop.ozone.om.BucketManagerImpl.getBucketInfo(BucketManagerImpl.java:127) ~[ozone-manager-1.3.0-SNAPSHOT.jar:?]
	at org.apache.hadoop.ozone.om.OzoneManager.getBucketInfo(OzoneManager.java:2779) ~[ozone-manager-1.3.0-SNAPSHOT.jar:?]
	at org.apache.hadoop.ozone.protocolPB.OzoneManagerRequestHandler.infoBucket(OzoneManagerRequestHandler.java:471) ~[ozone-manager-1.3.0-SNAPSHOT.jar:?]
	at org.apache.hadoop.ozone.protocolPB.OzoneManagerRequestHandler.handleReadRequest(OzoneManagerRequestHandler.java:174) ~[ozone-manager-1.3.0-SNAPSHOT.jar:?]
	at org.apache.hadoop.ozone.protocolPB.OzoneManagerProtocolServerSideTranslatorPB.submitReadRequestToOM(OzoneManagerProtocolServerSideTranslatorPB.java:226) ~[ozone-manager-1.3.0-SNAPSHOT.jar:?]
	at org.apache.hadoop.ozone.protocolPB.OzoneManagerProtocolServerSideTranslatorPB.processRequest(OzoneManagerProtocolServerSideTranslatorPB.java:175) ~[ozone-manager-1.3.0-SNAPSHOT.jar:?]
	at org.apache.hadoop.hdds.server.OzoneProtocolMessageDispatcher.processRequest(OzoneProtocolMessageDispatcher.java:87) [hdds-server-framework-1.3.0-SNAPSHOT.jar:?]
	at org.apache.hadoop.ozone.protocolPB.OzoneManagerProtocolServerSideTranslatorPB.submitRequest(OzoneManagerProtocolServerSideTranslatorPB.java:147) [ozone-manager-1.3.0-SNAPSHOT.jar:?]
	at org.apache.hadoop.ozone.protocol.proto.OzoneManagerProtocolProtos$OzoneManagerService$2.callBlockingMethod(OzoneManagerProtocolProtos.java) [ozone-interface-client-1.3.0-SNAPSHOT.jar:?]
	at org.apache.hadoop.ipc.ProtobufRpcEngine$Server.processCall(ProtobufRpcEngine.java:466) [hadoop-common-3.3.1.jar:?]
	at org.apache.hadoop.ipc.ProtobufRpcEngine2$Server$ProtoBufRpcInvoker.call(ProtobufRpcEngine2.java:574) [hadoop-common-3.3.1.jar:?]
	at org.apache.hadoop.ipc.ProtobufRpcEngine2$Server$ProtoBufRpcInvoker.call(ProtobufRpcEngine2.java:552) [hadoop-common-3.3.1.jar:?]
	at org.apache.hadoop.ipc.RPC$Server.call(RPC.java:1093) [hadoop-common-3.3.1.jar:?]
	at org.apache.hadoop.ipc.Server$RpcCall.run(Server.java:1035) [hadoop-common-3.3.1.jar:?]
	at org.apache.hadoop.ipc.Server$RpcCall.run(Server.java:963) [hadoop-common-3.3.1.jar:?]
	at java.security.AccessController.doPrivileged(Native Method) ~[?:1.8.0_332]
	at javax.security.auth.Subject.doAs(Subject.java:422) [?:1.8.0_332]
	at org.apache.hadoop.security.UserGroupInformation.doAs(UserGroupInformation.java:1878) [hadoop-common-3.3.1.jar:?]
	at org.apache.hadoop.ipc.Server$Handler.run(Server.java:2966) [hadoop-common-3.3.1.jar:?]
2022-07-30 01:51:25,296 [Time-limited test] INFO  rpc.RpcClient (RpcClient.java:createVolume(468)) - Creating Volume: volume-43211, with runner as owner and space quota set to -1 bytes, counts quota set to -1
2022-07-30 01:51:25,301 [OM StateMachine ApplyTransaction Thread - 0] INFO  volume.OMVolumeCreateRequest (OMVolumeCreateRequest.java:validateAndUpdateCache(195)) - created volume:volume-43211 for user:runner
2022-07-30 01:51:25,301 [Time-limited test] INFO  rpc.RpcClient (RpcClient.java:createBucket(671)) - Creating Bucket: volume-43211/bucket-31588, with bucket layout LEGACY, runner as owner, Versioning false, Storage Type set to DISK and Encryption set to false 
2022-07-30 01:51:25,303 [OM StateMachine ApplyTransaction Thread - 0] INFO  bucket.OMBucketCreateRequest (OMBucketCreateRequest.java:validateAndUpdateCache(260)) - created bucket: bucket-31588 of layout LEGACY in volume: volume-43211
2022-07-30 01:51:25,372 [90590539-81e8-4913-a697-525e65d2cf7e@group-3BFC21B4B52E-FollowerState] INFO  impl.FollowerState (FollowerState.java:run(143)) - 90590539-81e8-4913-a697-525e65d2cf7e@group-3BFC21B4B52E-FollowerState: change to CANDIDATE, lastRpcElapsedTime:5174402257ns, electionTimeout:5167ms
2022-07-30 01:51:25,372 [90590539-81e8-4913-a697-525e65d2cf7e@group-3BFC21B4B52E-FollowerState] INFO  impl.RoleInfo (RoleInfo.java:shutdownFollowerState(110)) - 90590539-81e8-4913-a697-525e65d2cf7e: shutdown 90590539-81e8-4913-a697-525e65d2cf7e@group-3BFC21B4B52E-FollowerState
2022-07-30 01:51:25,372 [90590539-81e8-4913-a697-525e65d2cf7e@group-3BFC21B4B52E-FollowerState] INFO  server.RaftServer$Division (RaftServerImpl.java:setRole(299)) - 90590539-81e8-4913-a697-525e65d2cf7e@group-3BFC21B4B52E: changes role from  FOLLOWER to CANDIDATE at term 0 for changeToCandidate
2022-07-30 01:51:25,439 [90590539-81e8-4913-a697-525e65d2cf7e@group-3BFC21B4B52E-FollowerState] INFO  server.RaftServerConfigKeys (ConfUtils.java:logGet(46)) - raft.server.leaderelection.pre-vote = false (custom)
2022-07-30 01:51:25,440 [90590539-81e8-4913-a697-525e65d2cf7e@group-3BFC21B4B52E-FollowerState] INFO  impl.RoleInfo (RoleInfo.java:updateAndGet(139)) - 90590539-81e8-4913-a697-525e65d2cf7e: start 90590539-81e8-4913-a697-525e65d2cf7e@group-3BFC21B4B52E-LeaderElection49
2022-07-30 01:51:25,508 [90590539-81e8-4913-a697-525e65d2cf7e@group-3BFC21B4B52E-LeaderElection49] INFO  impl.LeaderElection (LeaderElection.java:askForVotes(310)) - 90590539-81e8-4913-a697-525e65d2cf7e@group-3BFC21B4B52E-LeaderElection49 ELECTION round 0: submit vote requests at term 1 for -1: [90590539-81e8-4913-a697-525e65d2cf7e|rpc:10.1.0.37:42215|priority:1], old=null
2022-07-30 01:51:25,508 [90590539-81e8-4913-a697-525e65d2cf7e@group-3BFC21B4B52E-LeaderElection49] INFO  impl.LeaderElection (LeaderElection.java:askForVotes(312)) - 90590539-81e8-4913-a697-525e65d2cf7e@group-3BFC21B4B52E-LeaderElection49 ELECTION round 0: result PASSED (term=1)
2022-07-30 01:51:25,509 [90590539-81e8-4913-a697-525e65d2cf7e@group-3BFC21B4B52E-LeaderElection49] INFO  impl.RoleInfo (RoleInfo.java:shutdownLeaderElection(130)) - 90590539-81e8-4913-a697-525e65d2cf7e: shutdown 90590539-81e8-4913-a697-525e65d2cf7e@group-3BFC21B4B52E-LeaderElection49
2022-07-30 01:51:25,509 [90590539-81e8-4913-a697-525e65d2cf7e@group-3BFC21B4B52E-LeaderElection49] INFO  server.RaftServer$Division (RaftServerImpl.java:setRole(299)) - 90590539-81e8-4913-a697-525e65d2cf7e@group-3BFC21B4B52E: changes role from CANDIDATE to LEADER at term 1 for changeToLeader
2022-07-30 01:51:25,509 [90590539-81e8-4913-a697-525e65d2cf7e@group-3BFC21B4B52E-LeaderElection49] INFO  ratis.XceiverServerRatis (XceiverServerRatis.java:handleLeaderChangedNotification(863)) - Leader change notification received for group: group-3BFC21B4B52E with new leaderId: 90590539-81e8-4913-a697-525e65d2cf7e
2022-07-30 01:51:25,541 [90590539-81e8-4913-a697-525e65d2cf7e@group-3BFC21B4B52E-LeaderElection49] INFO  server.RaftServer$Division (ServerState.java:setLeader(287)) - 90590539-81e8-4913-a697-525e65d2cf7e@group-3BFC21B4B52E: change Leader from null to 90590539-81e8-4913-a697-525e65d2cf7e at term 1 for becomeLeader, leader elected after 5326ms
2022-07-30 01:51:25,541 [90590539-81e8-4913-a697-525e65d2cf7e@group-3BFC21B4B52E-LeaderElection49] INFO  server.RaftServerConfigKeys (ConfUtils.java:logGet(46)) - raft.server.staging.catchup.gap = 1000 (default)
2022-07-30 01:51:25,592 [90590539-81e8-4913-a697-525e65d2cf7e@group-3BFC21B4B52E-LeaderElection49] INFO  server.RaftServerConfigKeys (ConfUtils.java:logGet(46)) - raft.server.write.element-limit = 1024 (custom)
2022-07-30 01:51:25,592 [90590539-81e8-4913-a697-525e65d2cf7e@group-3BFC21B4B52E-LeaderElection49] INFO  server.RaftServerConfigKeys (ConfUtils.java:logGet(46)) - raft.server.write.byte-limit = 1024 M (=1073741824) (custom)
2022-07-30 01:51:25,592 [90590539-81e8-4913-a697-525e65d2cf7e@group-3BFC21B4B52E-LeaderElection49] INFO  server.RaftServerConfigKeys (ConfUtils.java:logGet(46)) - raft.server.watch.timeout = 180s (custom)
2022-07-30 01:51:25,592 [90590539-81e8-4913-a697-525e65d2cf7e@group-3BFC21B4B52E-LeaderElection49] INFO  server.RaftServerConfigKeys (ConfUtils.java:logGet(46)) - raft.server.watch.timeout.denomination = 1s (default)
2022-07-30 01:51:25,592 [90590539-81e8-4913-a697-525e65d2cf7e@group-3BFC21B4B52E-LeaderElection49] INFO  server.RaftServerConfigKeys (ConfUtils.java:logGet(46)) - raft.server.watch.element-limit = 65536 (default)
2022-07-30 01:51:25,592 [90590539-81e8-4913-a697-525e65d2cf7e@group-3BFC21B4B52E-LeaderElection49] INFO  server.RaftServerConfigKeys (ConfUtils.java:logGet(46)) - raft.server.write.element-limit = 1024 (custom)
2022-07-30 01:51:25,592 [90590539-81e8-4913-a697-525e65d2cf7e@group-3BFC21B4B52E-LeaderElection49] INFO  server.RaftServerConfigKeys (ConfUtils.java:logGet(46)) - raft.server.write.follower.gap.ratio.max = -1.0 (default)
2022-07-30 01:51:25,592 [90590539-81e8-4913-a697-525e65d2cf7e@group-3BFC21B4B52E-LeaderElection49] INFO  impl.RoleInfo (RoleInfo.java:updateAndGet(139)) - 90590539-81e8-4913-a697-525e65d2cf7e: start 90590539-81e8-4913-a697-525e65d2cf7e@group-3BFC21B4B52E-LeaderStateImpl
2022-07-30 01:51:25,593 [90590539-81e8-4913-a697-525e65d2cf7e@group-3BFC21B4B52E-LeaderElection49] INFO  segmented.SegmentedRaftLogWorker (SegmentedRaftLogWorker.java:startLogSegment(425)) - 90590539-81e8-4913-a697-525e65d2cf7e@group-3BFC21B4B52E-SegmentedRaftLogWorker: Starting segment from index:0
2022-07-30 01:51:25,597 [90590539-81e8-4913-a697-525e65d2cf7e@group-3BFC21B4B52E-SegmentedRaftLogWorker] INFO  segmented.SegmentedRaftLogWorker (SegmentedRaftLogWorker.java:execute(629)) - 90590539-81e8-4913-a697-525e65d2cf7e@group-3BFC21B4B52E-SegmentedRaftLogWorker: created new log segment /home/runner/work/ozone/ozone/hadoop-ozone/integration-test/target/test-dir/MiniOzoneClusterImpl-82f5a944-0aea-4e62-8f89-f91bfebfb0a1/datanode-3/data/ratis/ebbda556-5148-4aef-b6b5-3bfc21b4b52e/current/log_inprogress_0
2022-07-30 01:51:25,637 [90590539-81e8-4913-a697-525e65d2cf7e@group-3BFC21B4B52E-LeaderElection49] INFO  server.RaftServer$Division (ServerState.java:setRaftConf(393)) - 90590539-81e8-4913-a697-525e65d2cf7e@group-3BFC21B4B52E: set configuration 0: [90590539-81e8-4913-a697-525e65d2cf7e|rpc:10.1.0.37:42215|dataStream:|priority:1], old=null
01:51:25.648 [IPC Server handler 0 on default port 42455] ERROR OMAudit - user=runner | ip=127.0.0.1 | op=READ_BUCKET {volume=volume-00011, bucket=bucket-23224} | ret=FAILURE
org.apache.hadoop.ozone.om.exceptions.OMException: Volume not found when getting bucket info
	at org.apache.hadoop.ozone.om.BucketManagerImpl.getBucketInfo(BucketManagerImpl.java:127) ~[ozone-manager-1.3.0-SNAPSHOT.jar:?]
	at org.apache.hadoop.ozone.om.OzoneManager.getBucketInfo(OzoneManager.java:2779) ~[ozone-manager-1.3.0-SNAPSHOT.jar:?]
	at org.apache.hadoop.ozone.protocolPB.OzoneManagerRequestHandler.infoBucket(OzoneManagerRequestHandler.java:471) ~[ozone-manager-1.3.0-SNAPSHOT.jar:?]
	at org.apache.hadoop.ozone.protocolPB.OzoneManagerRequestHandler.handleReadRequest(OzoneManagerRequestHandler.java:174) ~[ozone-manager-1.3.0-SNAPSHOT.jar:?]
	at org.apache.hadoop.ozone.protocolPB.OzoneManagerProtocolServerSideTranslatorPB.submitReadRequestToOM(OzoneManagerProtocolServerSideTranslatorPB.java:226) ~[ozone-manager-1.3.0-SNAPSHOT.jar:?]
	at org.apache.hadoop.ozone.protocolPB.OzoneManagerProtocolServerSideTranslatorPB.processRequest(OzoneManagerProtocolServerSideTranslatorPB.java:175) ~[ozone-manager-1.3.0-SNAPSHOT.jar:?]
	at org.apache.hadoop.hdds.server.OzoneProtocolMessageDispatcher.processRequest(OzoneProtocolMessageDispatcher.java:87) [hdds-server-framework-1.3.0-SNAPSHOT.jar:?]
	at org.apache.hadoop.ozone.protocolPB.OzoneManagerProtocolServerSideTranslatorPB.submitRequest(OzoneManagerProtocolServerSideTranslatorPB.java:147) [ozone-manager-1.3.0-SNAPSHOT.jar:?]
	at org.apache.hadoop.ozone.protocol.proto.OzoneManagerProtocolProtos$OzoneManagerService$2.callBlockingMethod(OzoneManagerProtocolProtos.java) [ozone-interface-client-1.3.0-SNAPSHOT.jar:?]
	at org.apache.hadoop.ipc.ProtobufRpcEngine$Server.processCall(ProtobufRpcEngine.java:466) [hadoop-common-3.3.1.jar:?]
	at org.apache.hadoop.ipc.ProtobufRpcEngine2$Server$ProtoBufRpcInvoker.call(ProtobufRpcEngine2.java:574) [hadoop-common-3.3.1.jar:?]
	at org.apache.hadoop.ipc.ProtobufRpcEngine2$Server$ProtoBufRpcInvoker.call(ProtobufRpcEngine2.java:552) [hadoop-common-3.3.1.jar:?]
	at org.apache.hadoop.ipc.RPC$Server.call(RPC.java:1093) [hadoop-common-3.3.1.jar:?]
	at org.apache.hadoop.ipc.Server$RpcCall.run(Server.java:1035) [hadoop-common-3.3.1.jar:?]
	at org.apache.hadoop.ipc.Server$RpcCall.run(Server.java:963) [hadoop-common-3.3.1.jar:?]
	at java.security.AccessController.doPrivileged(Native Method) ~[?:1.8.0_332]
	at javax.security.auth.Subject.doAs(Subject.java:422) [?:1.8.0_332]
	at org.apache.hadoop.security.UserGroupInformation.doAs(UserGroupInformation.java:1878) [hadoop-common-3.3.1.jar:?]
	at org.apache.hadoop.ipc.Server$Handler.run(Server.java:2966) [hadoop-common-3.3.1.jar:?]
2022-07-30 01:51:25,652 [Time-limited test] INFO  rpc.RpcClient (RpcClient.java:createVolume(468)) - Creating Volume: volume-00011, with runner as owner and space quota set to -1 bytes, counts quota set to -1
2022-07-30 01:51:25,659 [OM StateMachine ApplyTransaction Thread - 0] INFO  volume.OMVolumeCreateRequest (OMVolumeCreateRequest.java:validateAndUpdateCache(195)) - created volume:volume-00011 for user:runner
2022-07-30 01:51:25,664 [Time-limited test] INFO  rpc.RpcClient (RpcClient.java:createBucket(671)) - Creating Bucket: volume-00011/bucket-23224, with bucket layout LEGACY, runner as owner, Versioning false, Storage Type set to DISK and Encryption set to false 
2022-07-30 01:51:25,665 [OM StateMachine ApplyTransaction Thread - 0] INFO  bucket.OMBucketCreateRequest (OMBucketCreateRequest.java:validateAndUpdateCache(260)) - created bucket: bucket-23224 of layout LEGACY in volume: volume-00011
]]></system-out>
  </testcase>
  <testcase name="testListStatusRootAndVolumeNonRecursive" classname="TestRootedOzoneFileSystem" time="0.658">
    <system-out><![CDATA[2022-07-30 01:52:55,287 [8dcd62ea-b122-4aef-891f-692e4d27e47e@group-B18BA0A509D2-FollowerState] INFO  impl.FollowerState (FollowerState.java:run(143)) - 8dcd62ea-b122-4aef-891f-692e4d27e47e@group-B18BA0A509D2-FollowerState: change to CANDIDATE, lastRpcElapsedTime:5109247700ns, electionTimeout:5102ms
2022-07-30 01:52:55,288 [8dcd62ea-b122-4aef-891f-692e4d27e47e@group-B18BA0A509D2-FollowerState] INFO  impl.RoleInfo (RoleInfo.java:shutdownFollowerState(110)) - 8dcd62ea-b122-4aef-891f-692e4d27e47e: shutdown 8dcd62ea-b122-4aef-891f-692e4d27e47e@group-B18BA0A509D2-FollowerState
2022-07-30 01:52:55,288 [8dcd62ea-b122-4aef-891f-692e4d27e47e@group-B18BA0A509D2-FollowerState] INFO  server.RaftServer$Division (RaftServerImpl.java:setRole(299)) - 8dcd62ea-b122-4aef-891f-692e4d27e47e@group-B18BA0A509D2: changes role from  FOLLOWER to CANDIDATE at term 0 for changeToCandidate
2022-07-30 01:52:55,288 [8dcd62ea-b122-4aef-891f-692e4d27e47e@group-B18BA0A509D2-FollowerState] INFO  server.RaftServerConfigKeys (ConfUtils.java:logGet(46)) - raft.server.leaderelection.pre-vote = false (custom)
2022-07-30 01:52:55,288 [8dcd62ea-b122-4aef-891f-692e4d27e47e@group-B18BA0A509D2-FollowerState] INFO  impl.RoleInfo (RoleInfo.java:updateAndGet(139)) - 8dcd62ea-b122-4aef-891f-692e4d27e47e: start 8dcd62ea-b122-4aef-891f-692e4d27e47e@group-B18BA0A509D2-LeaderElection65
2022-07-30 01:52:55,309 [8dcd62ea-b122-4aef-891f-692e4d27e47e@group-B18BA0A509D2-LeaderElection65] INFO  impl.LeaderElection (LeaderElection.java:askForVotes(310)) - 8dcd62ea-b122-4aef-891f-692e4d27e47e@group-B18BA0A509D2-LeaderElection65 ELECTION round 0: submit vote requests at term 1 for -1: [8dcd62ea-b122-4aef-891f-692e4d27e47e|rpc:10.1.0.37:42953|priority:1], old=null
2022-07-30 01:52:55,309 [8dcd62ea-b122-4aef-891f-692e4d27e47e@group-B18BA0A509D2-LeaderElection65] INFO  impl.LeaderElection (LeaderElection.java:askForVotes(312)) - 8dcd62ea-b122-4aef-891f-692e4d27e47e@group-B18BA0A509D2-LeaderElection65 ELECTION round 0: result PASSED (term=1)
2022-07-30 01:52:55,309 [8dcd62ea-b122-4aef-891f-692e4d27e47e@group-B18BA0A509D2-LeaderElection65] INFO  impl.RoleInfo (RoleInfo.java:shutdownLeaderElection(130)) - 8dcd62ea-b122-4aef-891f-692e4d27e47e: shutdown 8dcd62ea-b122-4aef-891f-692e4d27e47e@group-B18BA0A509D2-LeaderElection65
2022-07-30 01:52:55,309 [8dcd62ea-b122-4aef-891f-692e4d27e47e@group-B18BA0A509D2-LeaderElection65] INFO  server.RaftServer$Division (RaftServerImpl.java:setRole(299)) - 8dcd62ea-b122-4aef-891f-692e4d27e47e@group-B18BA0A509D2: changes role from CANDIDATE to LEADER at term 1 for changeToLeader
2022-07-30 01:52:55,309 [8dcd62ea-b122-4aef-891f-692e4d27e47e@group-B18BA0A509D2-LeaderElection65] INFO  ratis.XceiverServerRatis (XceiverServerRatis.java:handleLeaderChangedNotification(863)) - Leader change notification received for group: group-B18BA0A509D2 with new leaderId: 8dcd62ea-b122-4aef-891f-692e4d27e47e
2022-07-30 01:52:55,309 [8dcd62ea-b122-4aef-891f-692e4d27e47e@group-B18BA0A509D2-LeaderElection65] INFO  server.RaftServer$Division (ServerState.java:setLeader(287)) - 8dcd62ea-b122-4aef-891f-692e4d27e47e@group-B18BA0A509D2: change Leader from null to 8dcd62ea-b122-4aef-891f-692e4d27e47e at term 1 for becomeLeader, leader elected after 5153ms
2022-07-30 01:52:55,309 [8dcd62ea-b122-4aef-891f-692e4d27e47e@group-B18BA0A509D2-LeaderElection65] INFO  server.RaftServerConfigKeys (ConfUtils.java:logGet(46)) - raft.server.staging.catchup.gap = 1000 (default)
2022-07-30 01:52:55,310 [8dcd62ea-b122-4aef-891f-692e4d27e47e@group-B18BA0A509D2-LeaderElection65] INFO  server.RaftServerConfigKeys (ConfUtils.java:logGet(46)) - raft.server.write.element-limit = 1024 (custom)
2022-07-30 01:52:55,310 [8dcd62ea-b122-4aef-891f-692e4d27e47e@group-B18BA0A509D2-LeaderElection65] INFO  server.RaftServerConfigKeys (ConfUtils.java:logGet(46)) - raft.server.write.byte-limit = 1024 M (=1073741824) (custom)
2022-07-30 01:52:55,310 [8dcd62ea-b122-4aef-891f-692e4d27e47e@group-B18BA0A509D2-LeaderElection65] INFO  server.RaftServerConfigKeys (ConfUtils.java:logGet(46)) - raft.server.watch.timeout = 180s (custom)
2022-07-30 01:52:55,310 [8dcd62ea-b122-4aef-891f-692e4d27e47e@group-B18BA0A509D2-LeaderElection65] INFO  server.RaftServerConfigKeys (ConfUtils.java:logGet(46)) - raft.server.watch.timeout.denomination = 1s (default)
2022-07-30 01:52:55,310 [8dcd62ea-b122-4aef-891f-692e4d27e47e@group-B18BA0A509D2-LeaderElection65] INFO  server.RaftServerConfigKeys (ConfUtils.java:logGet(46)) - raft.server.watch.element-limit = 65536 (default)
2022-07-30 01:52:55,310 [8dcd62ea-b122-4aef-891f-692e4d27e47e@group-B18BA0A509D2-LeaderElection65] INFO  server.RaftServerConfigKeys (ConfUtils.java:logGet(46)) - raft.server.write.element-limit = 1024 (custom)
2022-07-30 01:52:55,310 [8dcd62ea-b122-4aef-891f-692e4d27e47e@group-B18BA0A509D2-LeaderElection65] INFO  server.RaftServerConfigKeys (ConfUtils.java:logGet(46)) - raft.server.write.follower.gap.ratio.max = -1.0 (default)
2022-07-30 01:52:55,310 [8dcd62ea-b122-4aef-891f-692e4d27e47e@group-B18BA0A509D2-LeaderElection65] INFO  impl.RoleInfo (RoleInfo.java:updateAndGet(139)) - 8dcd62ea-b122-4aef-891f-692e4d27e47e: start 8dcd62ea-b122-4aef-891f-692e4d27e47e@group-B18BA0A509D2-LeaderStateImpl
2022-07-30 01:52:55,311 [8dcd62ea-b122-4aef-891f-692e4d27e47e@group-B18BA0A509D2-LeaderElection65] INFO  segmented.SegmentedRaftLogWorker (SegmentedRaftLogWorker.java:startLogSegment(425)) - 8dcd62ea-b122-4aef-891f-692e4d27e47e@group-B18BA0A509D2-SegmentedRaftLogWorker: Starting segment from index:0
2022-07-30 01:52:55,326 [8dcd62ea-b122-4aef-891f-692e4d27e47e@group-B18BA0A509D2-SegmentedRaftLogWorker] INFO  segmented.SegmentedRaftLogWorker (SegmentedRaftLogWorker.java:execute(629)) - 8dcd62ea-b122-4aef-891f-692e4d27e47e@group-B18BA0A509D2-SegmentedRaftLogWorker: created new log segment /home/runner/work/ozone/ozone/hadoop-ozone/integration-test/target/test-dir/MiniOzoneClusterImpl-bc8b033d-3bc2-4820-b618-97820f252933/datanode-4/data/ratis/699fd978-a517-4ef2-8148-b18ba0a509d2/current/log_inprogress_0
2022-07-30 01:52:55,338 [8dcd62ea-b122-4aef-891f-692e4d27e47e@group-B18BA0A509D2-LeaderElection65] INFO  server.RaftServer$Division (ServerState.java:setRaftConf(393)) - 8dcd62ea-b122-4aef-891f-692e4d27e47e@group-B18BA0A509D2: set configuration 0: [8dcd62ea-b122-4aef-891f-692e4d27e47e|rpc:10.1.0.37:42953|dataStream:|priority:1], old=null
2022-07-30 01:52:55,363 [Time-limited test] INFO  rpc.RpcClient (RpcClient.java:createVolume(468)) - Creating Volume: volume83503, with user74331 as owner and space quota set to -1 bytes, counts quota set to -1
2022-07-30 01:52:55,368 [IPC Server handler 18 on default port 40433] INFO  volume.OMVolumeCreateRequest (OMVolumeCreateRequest.java:validateAndUpdateCache(195)) - created volume:volume83503 for user:user74331
2022-07-30 01:52:55,369 [Time-limited test] INFO  rpc.RpcClient (RpcClient.java:createBucket(671)) - Creating Bucket: volume83503/bucket51785, with bucket layout LEGACY, runner as owner, Versioning false, Storage Type set to DISK and Encryption set to false 
2022-07-30 01:52:55,369 [IPC Server handler 19 on default port 40433] INFO  bucket.OMBucketCreateRequest (OMBucketCreateRequest.java:validateAndUpdateCache(260)) - created bucket: bucket51785 of layout LEGACY in volume: volume83503
01:52:55.371 [IPC Server handler 16 on default port 40433] ERROR OMAudit - user=runner | ip=127.0.0.1 | op=READ_BUCKET {volume=volume-43539, bucket=bucket-81872} | ret=FAILURE
org.apache.hadoop.ozone.om.exceptions.OMException: Volume not found when getting bucket info
	at org.apache.hadoop.ozone.om.BucketManagerImpl.getBucketInfo(BucketManagerImpl.java:127) ~[ozone-manager-1.3.0-SNAPSHOT.jar:?]
	at org.apache.hadoop.ozone.om.OzoneManager.getBucketInfo(OzoneManager.java:2779) ~[ozone-manager-1.3.0-SNAPSHOT.jar:?]
	at org.apache.hadoop.ozone.protocolPB.OzoneManagerRequestHandler.infoBucket(OzoneManagerRequestHandler.java:471) ~[ozone-manager-1.3.0-SNAPSHOT.jar:?]
	at org.apache.hadoop.ozone.protocolPB.OzoneManagerRequestHandler.handleReadRequest(OzoneManagerRequestHandler.java:174) ~[ozone-manager-1.3.0-SNAPSHOT.jar:?]
	at org.apache.hadoop.ozone.protocolPB.OzoneManagerProtocolServerSideTranslatorPB.submitRequestDirectlyToOM(OzoneManagerProtocolServerSideTranslatorPB.java:276) ~[ozone-manager-1.3.0-SNAPSHOT.jar:?]
	at org.apache.hadoop.ozone.protocolPB.OzoneManagerProtocolServerSideTranslatorPB.processRequest(OzoneManagerProtocolServerSideTranslatorPB.java:205) ~[ozone-manager-1.3.0-SNAPSHOT.jar:?]
	at org.apache.hadoop.hdds.server.OzoneProtocolMessageDispatcher.processRequest(OzoneProtocolMessageDispatcher.java:87) [hdds-server-framework-1.3.0-SNAPSHOT.jar:?]
	at org.apache.hadoop.ozone.protocolPB.OzoneManagerProtocolServerSideTranslatorPB.submitRequest(OzoneManagerProtocolServerSideTranslatorPB.java:147) [ozone-manager-1.3.0-SNAPSHOT.jar:?]
	at org.apache.hadoop.ozone.protocol.proto.OzoneManagerProtocolProtos$OzoneManagerService$2.callBlockingMethod(OzoneManagerProtocolProtos.java) [ozone-interface-client-1.3.0-SNAPSHOT.jar:?]
	at org.apache.hadoop.ipc.ProtobufRpcEngine$Server.processCall(ProtobufRpcEngine.java:466) [hadoop-common-3.3.1.jar:?]
	at org.apache.hadoop.ipc.ProtobufRpcEngine2$Server$ProtoBufRpcInvoker.call(ProtobufRpcEngine2.java:574) [hadoop-common-3.3.1.jar:?]
	at org.apache.hadoop.ipc.ProtobufRpcEngine2$Server$ProtoBufRpcInvoker.call(ProtobufRpcEngine2.java:552) [hadoop-common-3.3.1.jar:?]
	at org.apache.hadoop.ipc.RPC$Server.call(RPC.java:1093) [hadoop-common-3.3.1.jar:?]
	at org.apache.hadoop.ipc.Server$RpcCall.run(Server.java:1035) [hadoop-common-3.3.1.jar:?]
	at org.apache.hadoop.ipc.Server$RpcCall.run(Server.java:963) [hadoop-common-3.3.1.jar:?]
	at java.security.AccessController.doPrivileged(Native Method) ~[?:1.8.0_332]
	at javax.security.auth.Subject.doAs(Subject.java:422) [?:1.8.0_332]
	at org.apache.hadoop.security.UserGroupInformation.doAs(UserGroupInformation.java:1878) [hadoop-common-3.3.1.jar:?]
	at org.apache.hadoop.ipc.Server$Handler.run(Server.java:2966) [hadoop-common-3.3.1.jar:?]
2022-07-30 01:52:55,375 [Time-limited test] INFO  rpc.RpcClient (RpcClient.java:createVolume(468)) - Creating Volume: volume-43539, with runner as owner and space quota set to -1 bytes, counts quota set to -1
2022-07-30 01:52:55,376 [IPC Server handler 15 on default port 40433] INFO  volume.OMVolumeCreateRequest (OMVolumeCreateRequest.java:validateAndUpdateCache(195)) - created volume:volume-43539 for user:runner
2022-07-30 01:52:55,377 [Time-limited test] INFO  rpc.RpcClient (RpcClient.java:createBucket(671)) - Creating Bucket: volume-43539/bucket-81872, with bucket layout LEGACY, runner as owner, Versioning false, Storage Type set to DISK and Encryption set to false 
2022-07-30 01:52:55,377 [IPC Server handler 13 on default port 40433] INFO  bucket.OMBucketCreateRequest (OMBucketCreateRequest.java:validateAndUpdateCache(260)) - created bucket: bucket-81872 of layout LEGACY in volume: volume-43539
01:52:55.595 [IPC Server handler 4 on default port 40433] ERROR OMAudit - user=runner | ip=127.0.0.1 | op=READ_BUCKET {volume=volume-31087, bucket=bucket-82320} | ret=FAILURE
org.apache.hadoop.ozone.om.exceptions.OMException: Volume not found when getting bucket info
	at org.apache.hadoop.ozone.om.BucketManagerImpl.getBucketInfo(BucketManagerImpl.java:127) ~[ozone-manager-1.3.0-SNAPSHOT.jar:?]
	at org.apache.hadoop.ozone.om.OzoneManager.getBucketInfo(OzoneManager.java:2779) ~[ozone-manager-1.3.0-SNAPSHOT.jar:?]
	at org.apache.hadoop.ozone.protocolPB.OzoneManagerRequestHandler.infoBucket(OzoneManagerRequestHandler.java:471) ~[ozone-manager-1.3.0-SNAPSHOT.jar:?]
	at org.apache.hadoop.ozone.protocolPB.OzoneManagerRequestHandler.handleReadRequest(OzoneManagerRequestHandler.java:174) ~[ozone-manager-1.3.0-SNAPSHOT.jar:?]
	at org.apache.hadoop.ozone.protocolPB.OzoneManagerProtocolServerSideTranslatorPB.submitRequestDirectlyToOM(OzoneManagerProtocolServerSideTranslatorPB.java:276) ~[ozone-manager-1.3.0-SNAPSHOT.jar:?]
	at org.apache.hadoop.ozone.protocolPB.OzoneManagerProtocolServerSideTranslatorPB.processRequest(OzoneManagerProtocolServerSideTranslatorPB.java:205) ~[ozone-manager-1.3.0-SNAPSHOT.jar:?]
	at org.apache.hadoop.hdds.server.OzoneProtocolMessageDispatcher.processRequest(OzoneProtocolMessageDispatcher.java:87) [hdds-server-framework-1.3.0-SNAPSHOT.jar:?]
	at org.apache.hadoop.ozone.protocolPB.OzoneManagerProtocolServerSideTranslatorPB.submitRequest(OzoneManagerProtocolServerSideTranslatorPB.java:147) [ozone-manager-1.3.0-SNAPSHOT.jar:?]
	at org.apache.hadoop.ozone.protocol.proto.OzoneManagerProtocolProtos$OzoneManagerService$2.callBlockingMethod(OzoneManagerProtocolProtos.java) [ozone-interface-client-1.3.0-SNAPSHOT.jar:?]
	at org.apache.hadoop.ipc.ProtobufRpcEngine$Server.processCall(ProtobufRpcEngine.java:466) [hadoop-common-3.3.1.jar:?]
	at org.apache.hadoop.ipc.ProtobufRpcEngine2$Server$ProtoBufRpcInvoker.call(ProtobufRpcEngine2.java:574) [hadoop-common-3.3.1.jar:?]
	at org.apache.hadoop.ipc.ProtobufRpcEngine2$Server$ProtoBufRpcInvoker.call(ProtobufRpcEngine2.java:552) [hadoop-common-3.3.1.jar:?]
	at org.apache.hadoop.ipc.RPC$Server.call(RPC.java:1093) [hadoop-common-3.3.1.jar:?]
	at org.apache.hadoop.ipc.Server$RpcCall.run(Server.java:1035) [hadoop-common-3.3.1.jar:?]
	at org.apache.hadoop.ipc.Server$RpcCall.run(Server.java:963) [hadoop-common-3.3.1.jar:?]
	at java.security.AccessController.doPrivileged(Native Method) ~[?:1.8.0_332]
	at javax.security.auth.Subject.doAs(Subject.java:422) [?:1.8.0_332]
	at org.apache.hadoop.security.UserGroupInformation.doAs(UserGroupInformation.java:1878) [hadoop-common-3.3.1.jar:?]
	at org.apache.hadoop.ipc.Server$Handler.run(Server.java:2966) [hadoop-common-3.3.1.jar:?]
2022-07-30 01:52:55,595 [Time-limited test] INFO  rpc.RpcClient (RpcClient.java:createVolume(468)) - Creating Volume: volume-31087, with runner as owner and space quota set to -1 bytes, counts quota set to -1
2022-07-30 01:52:55,596 [IPC Server handler 18 on default port 40433] INFO  volume.OMVolumeCreateRequest (OMVolumeCreateRequest.java:validateAndUpdateCache(195)) - created volume:volume-31087 for user:runner
2022-07-30 01:52:55,632 [Time-limited test] INFO  rpc.RpcClient (RpcClient.java:createBucket(671)) - Creating Bucket: volume-31087/bucket-82320, with bucket layout LEGACY, runner as owner, Versioning false, Storage Type set to DISK and Encryption set to false 
2022-07-30 01:52:55,633 [IPC Server handler 19 on default port 40433] INFO  bucket.OMBucketCreateRequest (OMBucketCreateRequest.java:validateAndUpdateCache(260)) - created bucket: bucket-82320 of layout LEGACY in volume: volume-31087
]]></system-out>
  </testcase>
  <testcase name="testDeleteVolumeAndBucket" classname="TestRootedOzoneFileSystem" time="0.109">
    <system-out><![CDATA[2022-07-30 01:47:41,474 [Time-limited test] INFO  rpc.RpcClient (RpcClient.java:createVolume(468)) - Creating Volume: volume23754, with user87310 as owner and space quota set to -1 bytes, counts quota set to -1
2022-07-30 01:47:41,477 [OM StateMachine ApplyTransaction Thread - 0] INFO  volume.OMVolumeCreateRequest (OMVolumeCreateRequest.java:validateAndUpdateCache(195)) - created volume:volume23754 for user:user87310
2022-07-30 01:47:41,480 [Time-limited test] INFO  rpc.RpcClient (RpcClient.java:createBucket(671)) - Creating Bucket: volume23754/bucket44880, with bucket layout LEGACY, runner as owner, Versioning false, Storage Type set to DISK and Encryption set to false 
2022-07-30 01:47:41,483 [OM StateMachine ApplyTransaction Thread - 0] INFO  bucket.OMBucketCreateRequest (OMBucketCreateRequest.java:validateAndUpdateCache(260)) - created bucket: bucket44880 of layout LEGACY in volume: volume23754
2022-07-30 01:47:41,487 [Time-limited test] INFO  rpc.RpcClient (RpcClient.java:createVolume(468)) - Creating Volume: volume-58161, with runner as owner and space quota set to -1 bytes, counts quota set to -1
2022-07-30 01:47:41,489 [OM StateMachine ApplyTransaction Thread - 0] INFO  volume.OMVolumeCreateRequest (OMVolumeCreateRequest.java:validateAndUpdateCache(195)) - created volume:volume-58161 for user:runner
2022-07-30 01:47:41,491 [Time-limited test] INFO  rpc.RpcClient (RpcClient.java:createBucket(671)) - Creating Bucket: volume-58161/bucket2, with bucket layout LEGACY, runner as owner, Versioning false, Storage Type set to DISK and Encryption set to false 
2022-07-30 01:47:41,493 [OM StateMachine ApplyTransaction Thread - 0] INFO  bucket.OMBucketCreateRequest (OMBucketCreateRequest.java:validateAndUpdateCache(260)) - created bucket: bucket2 of layout LEGACY in volume: volume-58161
01:47:41.500 [OM StateMachine ApplyTransaction Thread - 0] ERROR OMAudit - user=runner | ip=127.0.0.1 | op=DELETE_VOLUME {volume=volume-58161} | ret=FAILURE
org.apache.hadoop.ozone.om.exceptions.OMException: null
	at org.apache.hadoop.ozone.om.request.volume.OMVolumeDeleteRequest.validateAndUpdateCache(OMVolumeDeleteRequest.java:122) ~[ozone-manager-1.3.0-SNAPSHOT.jar:?]
	at org.apache.hadoop.ozone.protocolPB.OzoneManagerRequestHandler.handleWriteRequest(OzoneManagerRequestHandler.java:300) ~[ozone-manager-1.3.0-SNAPSHOT.jar:?]
	at org.apache.hadoop.ozone.om.ratis.OzoneManagerStateMachine.runCommand(OzoneManagerStateMachine.java:529) ~[ozone-manager-1.3.0-SNAPSHOT.jar:?]
	at org.apache.hadoop.ozone.om.ratis.OzoneManagerStateMachine.lambda$1(OzoneManagerStateMachine.java:324) ~[ozone-manager-1.3.0-SNAPSHOT.jar:?]
	at java.util.concurrent.CompletableFuture$AsyncSupply.run(CompletableFuture.java:1604) [?:1.8.0_332]
	at java.util.concurrent.ThreadPoolExecutor.runWorker(ThreadPoolExecutor.java:1149) [?:1.8.0_332]
	at java.util.concurrent.ThreadPoolExecutor$Worker.run(ThreadPoolExecutor.java:624) [?:1.8.0_332]
	at java.lang.Thread.run(Thread.java:750) [?:1.8.0_332]
2022-07-30 01:47:41,501 [OM StateMachine ApplyTransaction Thread - 0] ERROR volume.OMVolumeDeleteRequest (OMVolumeDeleteRequest.java:validateAndUpdateCache(170)) - Volume deletion failed for user:runner volume:volume-58161
VOLUME_NOT_EMPTY org.apache.hadoop.ozone.om.exceptions.OMException
	at org.apache.hadoop.ozone.om.request.volume.OMVolumeDeleteRequest.validateAndUpdateCache(OMVolumeDeleteRequest.java:122)
	at org.apache.hadoop.ozone.protocolPB.OzoneManagerRequestHandler.handleWriteRequest(OzoneManagerRequestHandler.java:300)
	at org.apache.hadoop.ozone.om.ratis.OzoneManagerStateMachine.runCommand(OzoneManagerStateMachine.java:529)
	at org.apache.hadoop.ozone.om.ratis.OzoneManagerStateMachine.lambda$1(OzoneManagerStateMachine.java:324)
	at java.util.concurrent.CompletableFuture$AsyncSupply.run(CompletableFuture.java:1604)
	at java.util.concurrent.ThreadPoolExecutor.runWorker(ThreadPoolExecutor.java:1149)
	at java.util.concurrent.ThreadPoolExecutor$Worker.run(ThreadPoolExecutor.java:624)
	at java.lang.Thread.run(Thread.java:750)
]]></system-out>
  </testcase>
  <testcase name="testDeleteVolumeAndBucket" classname="TestRootedOzoneFileSystem" time="0.112">
    <system-out><![CDATA[2022-07-30 01:48:57,559 [Time-limited test] INFO  rpc.RpcClient (RpcClient.java:createVolume(468)) - Creating Volume: volume51577, with user82856 as owner and space quota set to -1 bytes, counts quota set to -1
2022-07-30 01:48:57,562 [OM StateMachine ApplyTransaction Thread - 0] INFO  volume.OMVolumeCreateRequest (OMVolumeCreateRequest.java:validateAndUpdateCache(195)) - created volume:volume51577 for user:user82856
2022-07-30 01:48:57,563 [Time-limited test] INFO  rpc.RpcClient (RpcClient.java:createBucket(671)) - Creating Bucket: volume51577/bucket12958, with bucket layout LEGACY, runner as owner, Versioning false, Storage Type set to DISK and Encryption set to false 
2022-07-30 01:48:57,564 [OM StateMachine ApplyTransaction Thread - 0] INFO  bucket.OMBucketCreateRequest (OMBucketCreateRequest.java:validateAndUpdateCache(260)) - created bucket: bucket12958 of layout LEGACY in volume: volume51577
01:48:57.566 [IPC Server handler 1 on default port 43571] ERROR OMAudit - user=runner | ip=127.0.0.1 | op=READ_BUCKET {volume=volume-75100, bucket=bucket2} | ret=FAILURE
org.apache.hadoop.ozone.om.exceptions.OMException: Volume not found when getting bucket info
	at org.apache.hadoop.ozone.om.BucketManagerImpl.getBucketInfo(BucketManagerImpl.java:127) ~[ozone-manager-1.3.0-SNAPSHOT.jar:?]
	at org.apache.hadoop.ozone.om.OzoneManager.getBucketInfo(OzoneManager.java:2779) ~[ozone-manager-1.3.0-SNAPSHOT.jar:?]
	at org.apache.hadoop.ozone.protocolPB.OzoneManagerRequestHandler.infoBucket(OzoneManagerRequestHandler.java:471) ~[ozone-manager-1.3.0-SNAPSHOT.jar:?]
	at org.apache.hadoop.ozone.protocolPB.OzoneManagerRequestHandler.handleReadRequest(OzoneManagerRequestHandler.java:174) ~[ozone-manager-1.3.0-SNAPSHOT.jar:?]
	at org.apache.hadoop.ozone.protocolPB.OzoneManagerProtocolServerSideTranslatorPB.submitReadRequestToOM(OzoneManagerProtocolServerSideTranslatorPB.java:226) ~[ozone-manager-1.3.0-SNAPSHOT.jar:?]
	at org.apache.hadoop.ozone.protocolPB.OzoneManagerProtocolServerSideTranslatorPB.processRequest(OzoneManagerProtocolServerSideTranslatorPB.java:175) ~[ozone-manager-1.3.0-SNAPSHOT.jar:?]
	at org.apache.hadoop.hdds.server.OzoneProtocolMessageDispatcher.processRequest(OzoneProtocolMessageDispatcher.java:87) [hdds-server-framework-1.3.0-SNAPSHOT.jar:?]
	at org.apache.hadoop.ozone.protocolPB.OzoneManagerProtocolServerSideTranslatorPB.submitRequest(OzoneManagerProtocolServerSideTranslatorPB.java:147) [ozone-manager-1.3.0-SNAPSHOT.jar:?]
	at org.apache.hadoop.ozone.protocol.proto.OzoneManagerProtocolProtos$OzoneManagerService$2.callBlockingMethod(OzoneManagerProtocolProtos.java) [ozone-interface-client-1.3.0-SNAPSHOT.jar:?]
	at org.apache.hadoop.ipc.ProtobufRpcEngine$Server.processCall(ProtobufRpcEngine.java:466) [hadoop-common-3.3.1.jar:?]
	at org.apache.hadoop.ipc.ProtobufRpcEngine2$Server$ProtoBufRpcInvoker.call(ProtobufRpcEngine2.java:574) [hadoop-common-3.3.1.jar:?]
	at org.apache.hadoop.ipc.ProtobufRpcEngine2$Server$ProtoBufRpcInvoker.call(ProtobufRpcEngine2.java:552) [hadoop-common-3.3.1.jar:?]
	at org.apache.hadoop.ipc.RPC$Server.call(RPC.java:1093) [hadoop-common-3.3.1.jar:?]
	at org.apache.hadoop.ipc.Server$RpcCall.run(Server.java:1035) [hadoop-common-3.3.1.jar:?]
	at org.apache.hadoop.ipc.Server$RpcCall.run(Server.java:963) [hadoop-common-3.3.1.jar:?]
	at java.security.AccessController.doPrivileged(Native Method) ~[?:1.8.0_332]
	at javax.security.auth.Subject.doAs(Subject.java:422) [?:1.8.0_332]
	at org.apache.hadoop.security.UserGroupInformation.doAs(UserGroupInformation.java:1878) [hadoop-common-3.3.1.jar:?]
	at org.apache.hadoop.ipc.Server$Handler.run(Server.java:2966) [hadoop-common-3.3.1.jar:?]
2022-07-30 01:48:57,566 [Time-limited test] INFO  rpc.RpcClient (RpcClient.java:createVolume(468)) - Creating Volume: volume-75100, with runner as owner and space quota set to -1 bytes, counts quota set to -1
2022-07-30 01:48:57,570 [OM StateMachine ApplyTransaction Thread - 0] INFO  volume.OMVolumeCreateRequest (OMVolumeCreateRequest.java:validateAndUpdateCache(195)) - created volume:volume-75100 for user:runner
2022-07-30 01:48:57,571 [Time-limited test] INFO  rpc.RpcClient (RpcClient.java:createBucket(671)) - Creating Bucket: volume-75100/bucket2, with bucket layout LEGACY, runner as owner, Versioning false, Storage Type set to DISK and Encryption set to false 
2022-07-30 01:48:57,573 [OM StateMachine ApplyTransaction Thread - 0] INFO  bucket.OMBucketCreateRequest (OMBucketCreateRequest.java:validateAndUpdateCache(260)) - created bucket: bucket2 of layout LEGACY in volume: volume-75100
01:48:57.576 [OM StateMachine ApplyTransaction Thread - 0] ERROR OMAudit - user=runner | ip=127.0.0.1 | op=DELETE_VOLUME {volume=volume-75100} | ret=FAILURE
org.apache.hadoop.ozone.om.exceptions.OMException: null
	at org.apache.hadoop.ozone.om.request.volume.OMVolumeDeleteRequest.validateAndUpdateCache(OMVolumeDeleteRequest.java:122) ~[ozone-manager-1.3.0-SNAPSHOT.jar:?]
	at org.apache.hadoop.ozone.protocolPB.OzoneManagerRequestHandler.handleWriteRequest(OzoneManagerRequestHandler.java:300) ~[ozone-manager-1.3.0-SNAPSHOT.jar:?]
	at org.apache.hadoop.ozone.om.ratis.OzoneManagerStateMachine.runCommand(OzoneManagerStateMachine.java:529) ~[ozone-manager-1.3.0-SNAPSHOT.jar:?]
	at org.apache.hadoop.ozone.om.ratis.OzoneManagerStateMachine.lambda$1(OzoneManagerStateMachine.java:324) ~[ozone-manager-1.3.0-SNAPSHOT.jar:?]
	at java.util.concurrent.CompletableFuture$AsyncSupply.run(CompletableFuture.java:1604) [?:1.8.0_332]
	at java.util.concurrent.ThreadPoolExecutor.runWorker(ThreadPoolExecutor.java:1149) [?:1.8.0_332]
	at java.util.concurrent.ThreadPoolExecutor$Worker.run(ThreadPoolExecutor.java:624) [?:1.8.0_332]
	at java.lang.Thread.run(Thread.java:750) [?:1.8.0_332]
2022-07-30 01:48:57,576 [OM StateMachine ApplyTransaction Thread - 0] ERROR volume.OMVolumeDeleteRequest (OMVolumeDeleteRequest.java:validateAndUpdateCache(170)) - Volume deletion failed for user:runner volume:volume-75100
VOLUME_NOT_EMPTY org.apache.hadoop.ozone.om.exceptions.OMException
	at org.apache.hadoop.ozone.om.request.volume.OMVolumeDeleteRequest.validateAndUpdateCache(OMVolumeDeleteRequest.java:122)
	at org.apache.hadoop.ozone.protocolPB.OzoneManagerRequestHandler.handleWriteRequest(OzoneManagerRequestHandler.java:300)
	at org.apache.hadoop.ozone.om.ratis.OzoneManagerStateMachine.runCommand(OzoneManagerStateMachine.java:529)
	at org.apache.hadoop.ozone.om.ratis.OzoneManagerStateMachine.lambda$1(OzoneManagerStateMachine.java:324)
	at java.util.concurrent.CompletableFuture$AsyncSupply.run(CompletableFuture.java:1604)
	at java.util.concurrent.ThreadPoolExecutor.runWorker(ThreadPoolExecutor.java:1149)
	at java.util.concurrent.ThreadPoolExecutor$Worker.run(ThreadPoolExecutor.java:624)
	at java.lang.Thread.run(Thread.java:750)
01:48:57.588 [IPC Server handler 6 on default port 43571] ERROR OMAudit - user=runner | ip=127.0.0.1 | op=READ_VOLUME {volume=volume-75100} | ret=FAILURE
org.apache.hadoop.ozone.om.exceptions.OMException: Volume volume-75100 is not found
	at org.apache.hadoop.ozone.om.VolumeManagerImpl.getVolumeInfo(VolumeManagerImpl.java:74) ~[ozone-manager-1.3.0-SNAPSHOT.jar:?]
	at org.apache.hadoop.ozone.om.OzoneManager.getVolumeInfo(OzoneManager.java:2603) ~[ozone-manager-1.3.0-SNAPSHOT.jar:?]
	at org.apache.hadoop.ozone.protocolPB.OzoneManagerRequestHandler.infoVolume(OzoneManagerRequestHandler.java:397) ~[ozone-manager-1.3.0-SNAPSHOT.jar:?]
	at org.apache.hadoop.ozone.protocolPB.OzoneManagerRequestHandler.handleReadRequest(OzoneManagerRequestHandler.java:164) ~[ozone-manager-1.3.0-SNAPSHOT.jar:?]
	at org.apache.hadoop.ozone.protocolPB.OzoneManagerProtocolServerSideTranslatorPB.submitReadRequestToOM(OzoneManagerProtocolServerSideTranslatorPB.java:226) ~[ozone-manager-1.3.0-SNAPSHOT.jar:?]
	at org.apache.hadoop.ozone.protocolPB.OzoneManagerProtocolServerSideTranslatorPB.processRequest(OzoneManagerProtocolServerSideTranslatorPB.java:175) ~[ozone-manager-1.3.0-SNAPSHOT.jar:?]
	at org.apache.hadoop.hdds.server.OzoneProtocolMessageDispatcher.processRequest(OzoneProtocolMessageDispatcher.java:87) [hdds-server-framework-1.3.0-SNAPSHOT.jar:?]
	at org.apache.hadoop.ozone.protocolPB.OzoneManagerProtocolServerSideTranslatorPB.submitRequest(OzoneManagerProtocolServerSideTranslatorPB.java:147) [ozone-manager-1.3.0-SNAPSHOT.jar:?]
	at org.apache.hadoop.ozone.protocol.proto.OzoneManagerProtocolProtos$OzoneManagerService$2.callBlockingMethod(OzoneManagerProtocolProtos.java) [ozone-interface-client-1.3.0-SNAPSHOT.jar:?]
	at org.apache.hadoop.ipc.ProtobufRpcEngine$Server.processCall(ProtobufRpcEngine.java:466) [hadoop-common-3.3.1.jar:?]
	at org.apache.hadoop.ipc.ProtobufRpcEngine2$Server$ProtoBufRpcInvoker.call(ProtobufRpcEngine2.java:574) [hadoop-common-3.3.1.jar:?]
	at org.apache.hadoop.ipc.ProtobufRpcEngine2$Server$ProtoBufRpcInvoker.call(ProtobufRpcEngine2.java:552) [hadoop-common-3.3.1.jar:?]
	at org.apache.hadoop.ipc.RPC$Server.call(RPC.java:1093) [hadoop-common-3.3.1.jar:?]
	at org.apache.hadoop.ipc.Server$RpcCall.run(Server.java:1035) [hadoop-common-3.3.1.jar:?]
	at org.apache.hadoop.ipc.Server$RpcCall.run(Server.java:963) [hadoop-common-3.3.1.jar:?]
	at java.security.AccessController.doPrivileged(Native Method) ~[?:1.8.0_332]
	at javax.security.auth.Subject.doAs(Subject.java:422) [?:1.8.0_332]
	at org.apache.hadoop.security.UserGroupInformation.doAs(UserGroupInformation.java:1878) [hadoop-common-3.3.1.jar:?]
	at org.apache.hadoop.ipc.Server$Handler.run(Server.java:2966) [hadoop-common-3.3.1.jar:?]
]]></system-out>
  </testcase>
  <testcase name="testDeleteVolumeAndBucket" classname="TestRootedOzoneFileSystem" time="0.125">
    <system-out><![CDATA[2022-07-30 01:50:09,968 [24d77853-f262-4375-acb2-e63396fe6765@group-58462574862C-FollowerState] INFO  impl.FollowerState (FollowerState.java:run(143)) - 24d77853-f262-4375-acb2-e63396fe6765@group-58462574862C-FollowerState: change to CANDIDATE, lastRpcElapsedTime:5050379930ns, electionTimeout:5039ms
2022-07-30 01:50:09,968 [24d77853-f262-4375-acb2-e63396fe6765@group-58462574862C-FollowerState] INFO  impl.RoleInfo (RoleInfo.java:shutdownFollowerState(110)) - 24d77853-f262-4375-acb2-e63396fe6765: shutdown 24d77853-f262-4375-acb2-e63396fe6765@group-58462574862C-FollowerState
2022-07-30 01:50:09,968 [24d77853-f262-4375-acb2-e63396fe6765@group-58462574862C-FollowerState] INFO  server.RaftServer$Division (RaftServerImpl.java:setRole(299)) - 24d77853-f262-4375-acb2-e63396fe6765@group-58462574862C: changes role from  FOLLOWER to CANDIDATE at term 0 for changeToCandidate
2022-07-30 01:50:09,968 [24d77853-f262-4375-acb2-e63396fe6765@group-58462574862C-FollowerState] INFO  server.RaftServerConfigKeys (ConfUtils.java:logGet(46)) - raft.server.leaderelection.pre-vote = false (custom)
2022-07-30 01:50:09,968 [24d77853-f262-4375-acb2-e63396fe6765@group-58462574862C-FollowerState] INFO  impl.RoleInfo (RoleInfo.java:updateAndGet(139)) - 24d77853-f262-4375-acb2-e63396fe6765: start 24d77853-f262-4375-acb2-e63396fe6765@group-58462574862C-LeaderElection40
2022-07-30 01:50:09,992 [24d77853-f262-4375-acb2-e63396fe6765@group-58462574862C-LeaderElection40] INFO  impl.LeaderElection (LeaderElection.java:askForVotes(310)) - 24d77853-f262-4375-acb2-e63396fe6765@group-58462574862C-LeaderElection40 ELECTION round 0: submit vote requests at term 1 for -1: [24d77853-f262-4375-acb2-e63396fe6765|rpc:10.1.0.37:43689|priority:1], old=null
2022-07-30 01:50:09,992 [24d77853-f262-4375-acb2-e63396fe6765@group-58462574862C-LeaderElection40] INFO  impl.LeaderElection (LeaderElection.java:askForVotes(312)) - 24d77853-f262-4375-acb2-e63396fe6765@group-58462574862C-LeaderElection40 ELECTION round 0: result PASSED (term=1)
2022-07-30 01:50:09,992 [24d77853-f262-4375-acb2-e63396fe6765@group-58462574862C-LeaderElection40] INFO  impl.RoleInfo (RoleInfo.java:shutdownLeaderElection(130)) - 24d77853-f262-4375-acb2-e63396fe6765: shutdown 24d77853-f262-4375-acb2-e63396fe6765@group-58462574862C-LeaderElection40
2022-07-30 01:50:09,992 [24d77853-f262-4375-acb2-e63396fe6765@group-58462574862C-LeaderElection40] INFO  server.RaftServer$Division (RaftServerImpl.java:setRole(299)) - 24d77853-f262-4375-acb2-e63396fe6765@group-58462574862C: changes role from CANDIDATE to LEADER at term 1 for changeToLeader
2022-07-30 01:50:09,992 [24d77853-f262-4375-acb2-e63396fe6765@group-58462574862C-LeaderElection40] INFO  ratis.XceiverServerRatis (XceiverServerRatis.java:handleLeaderChangedNotification(863)) - Leader change notification received for group: group-58462574862C with new leaderId: 24d77853-f262-4375-acb2-e63396fe6765
2022-07-30 01:50:10,005 [Time-limited test] INFO  rpc.RpcClient (RpcClient.java:createVolume(468)) - Creating Volume: volume75784, with user65123 as owner and space quota set to -1 bytes, counts quota set to -1
2022-07-30 01:50:10,008 [IPC Server handler 14 on default port 41659] INFO  volume.OMVolumeCreateRequest (OMVolumeCreateRequest.java:validateAndUpdateCache(195)) - created volume:volume75784 for user:user65123
2022-07-30 01:50:10,012 [Time-limited test] INFO  rpc.RpcClient (RpcClient.java:createBucket(671)) - Creating Bucket: volume75784/bucket14718, with bucket layout LEGACY, runner as owner, Versioning false, Storage Type set to DISK and Encryption set to false 
2022-07-30 01:50:10,012 [IPC Server handler 12 on default port 41659] INFO  bucket.OMBucketCreateRequest (OMBucketCreateRequest.java:validateAndUpdateCache(260)) - created bucket: bucket14718 of layout LEGACY in volume: volume75784
2022-07-30 01:50:10,017 [24d77853-f262-4375-acb2-e63396fe6765@group-58462574862C-LeaderElection40] INFO  server.RaftServer$Division (ServerState.java:setLeader(287)) - 24d77853-f262-4375-acb2-e63396fe6765@group-58462574862C: change Leader from null to 24d77853-f262-4375-acb2-e63396fe6765 at term 1 for becomeLeader, leader elected after 5083ms
2022-07-30 01:50:10,017 [24d77853-f262-4375-acb2-e63396fe6765@group-58462574862C-LeaderElection40] INFO  server.RaftServerConfigKeys (ConfUtils.java:logGet(46)) - raft.server.staging.catchup.gap = 1000 (default)
2022-07-30 01:50:10,017 [24d77853-f262-4375-acb2-e63396fe6765@group-58462574862C-LeaderElection40] INFO  server.RaftServerConfigKeys (ConfUtils.java:logGet(46)) - raft.server.write.element-limit = 1024 (custom)
2022-07-30 01:50:10,017 [24d77853-f262-4375-acb2-e63396fe6765@group-58462574862C-LeaderElection40] INFO  server.RaftServerConfigKeys (ConfUtils.java:logGet(46)) - raft.server.write.byte-limit = 1024 M (=1073741824) (custom)
2022-07-30 01:50:10,017 [24d77853-f262-4375-acb2-e63396fe6765@group-58462574862C-LeaderElection40] INFO  server.RaftServerConfigKeys (ConfUtils.java:logGet(46)) - raft.server.watch.timeout = 180s (custom)
2022-07-30 01:50:10,017 [24d77853-f262-4375-acb2-e63396fe6765@group-58462574862C-LeaderElection40] INFO  server.RaftServerConfigKeys (ConfUtils.java:logGet(46)) - raft.server.watch.timeout.denomination = 1s (default)
2022-07-30 01:50:10,017 [24d77853-f262-4375-acb2-e63396fe6765@group-58462574862C-LeaderElection40] INFO  server.RaftServerConfigKeys (ConfUtils.java:logGet(46)) - raft.server.watch.element-limit = 65536 (default)
2022-07-30 01:50:10,018 [24d77853-f262-4375-acb2-e63396fe6765@group-58462574862C-LeaderElection40] INFO  server.RaftServerConfigKeys (ConfUtils.java:logGet(46)) - raft.server.write.element-limit = 1024 (custom)
2022-07-30 01:50:10,018 [24d77853-f262-4375-acb2-e63396fe6765@group-58462574862C-LeaderElection40] INFO  server.RaftServerConfigKeys (ConfUtils.java:logGet(46)) - raft.server.write.follower.gap.ratio.max = -1.0 (default)
2022-07-30 01:50:10,018 [24d77853-f262-4375-acb2-e63396fe6765@group-58462574862C-LeaderElection40] INFO  impl.RoleInfo (RoleInfo.java:updateAndGet(139)) - 24d77853-f262-4375-acb2-e63396fe6765: start 24d77853-f262-4375-acb2-e63396fe6765@group-58462574862C-LeaderStateImpl
2022-07-30 01:50:10,018 [24d77853-f262-4375-acb2-e63396fe6765@group-58462574862C-LeaderElection40] INFO  segmented.SegmentedRaftLogWorker (SegmentedRaftLogWorker.java:startLogSegment(425)) - 24d77853-f262-4375-acb2-e63396fe6765@group-58462574862C-SegmentedRaftLogWorker: Starting segment from index:0
01:50:10.020 [IPC Server handler 2 on default port 41659] ERROR OMAudit - user=runner | ip=127.0.0.1 | op=READ_BUCKET {volume=volume-84860, bucket=bucket2} | ret=FAILURE
org.apache.hadoop.ozone.om.exceptions.OMException: Volume not found when getting bucket info
	at org.apache.hadoop.ozone.om.BucketManagerImpl.getBucketInfo(BucketManagerImpl.java:127) ~[ozone-manager-1.3.0-SNAPSHOT.jar:?]
	at org.apache.hadoop.ozone.om.OzoneManager.getBucketInfo(OzoneManager.java:2779) ~[ozone-manager-1.3.0-SNAPSHOT.jar:?]
	at org.apache.hadoop.ozone.protocolPB.OzoneManagerRequestHandler.infoBucket(OzoneManagerRequestHandler.java:471) ~[ozone-manager-1.3.0-SNAPSHOT.jar:?]
	at org.apache.hadoop.ozone.protocolPB.OzoneManagerRequestHandler.handleReadRequest(OzoneManagerRequestHandler.java:174) ~[ozone-manager-1.3.0-SNAPSHOT.jar:?]
	at org.apache.hadoop.ozone.protocolPB.OzoneManagerProtocolServerSideTranslatorPB.submitRequestDirectlyToOM(OzoneManagerProtocolServerSideTranslatorPB.java:276) ~[ozone-manager-1.3.0-SNAPSHOT.jar:?]
	at org.apache.hadoop.ozone.protocolPB.OzoneManagerProtocolServerSideTranslatorPB.processRequest(OzoneManagerProtocolServerSideTranslatorPB.java:205) ~[ozone-manager-1.3.0-SNAPSHOT.jar:?]
	at org.apache.hadoop.hdds.server.OzoneProtocolMessageDispatcher.processRequest(OzoneProtocolMessageDispatcher.java:87) [hdds-server-framework-1.3.0-SNAPSHOT.jar:?]
	at org.apache.hadoop.ozone.protocolPB.OzoneManagerProtocolServerSideTranslatorPB.submitRequest(OzoneManagerProtocolServerSideTranslatorPB.java:147) [ozone-manager-1.3.0-SNAPSHOT.jar:?]
	at org.apache.hadoop.ozone.protocol.proto.OzoneManagerProtocolProtos$OzoneManagerService$2.callBlockingMethod(OzoneManagerProtocolProtos.java) [ozone-interface-client-1.3.0-SNAPSHOT.jar:?]
	at org.apache.hadoop.ipc.ProtobufRpcEngine$Server.processCall(ProtobufRpcEngine.java:466) [hadoop-common-3.3.1.jar:?]
	at org.apache.hadoop.ipc.ProtobufRpcEngine2$Server$ProtoBufRpcInvoker.call(ProtobufRpcEngine2.java:574) [hadoop-common-3.3.1.jar:?]
	at org.apache.hadoop.ipc.ProtobufRpcEngine2$Server$ProtoBufRpcInvoker.call(ProtobufRpcEngine2.java:552) [hadoop-common-3.3.1.jar:?]
	at org.apache.hadoop.ipc.RPC$Server.call(RPC.java:1093) [hadoop-common-3.3.1.jar:?]
	at org.apache.hadoop.ipc.Server$RpcCall.run(Server.java:1035) [hadoop-common-3.3.1.jar:?]
	at org.apache.hadoop.ipc.Server$RpcCall.run(Server.java:963) [hadoop-common-3.3.1.jar:?]
	at java.security.AccessController.doPrivileged(Native Method) ~[?:1.8.0_332]
	at javax.security.auth.Subject.doAs(Subject.java:422) [?:1.8.0_332]
	at org.apache.hadoop.security.UserGroupInformation.doAs(UserGroupInformation.java:1878) [hadoop-common-3.3.1.jar:?]
	at org.apache.hadoop.ipc.Server$Handler.run(Server.java:2966) [hadoop-common-3.3.1.jar:?]
2022-07-30 01:50:10,020 [24d77853-f262-4375-acb2-e63396fe6765@group-58462574862C-SegmentedRaftLogWorker] INFO  segmented.SegmentedRaftLogWorker (SegmentedRaftLogWorker.java:execute(629)) - 24d77853-f262-4375-acb2-e63396fe6765@group-58462574862C-SegmentedRaftLogWorker: created new log segment /home/runner/work/ozone/ozone/hadoop-ozone/integration-test/target/test-dir/MiniOzoneClusterImpl-aa47c88b-9cdf-4da5-a3b2-16d3d6598e2f/datanode-4/data/ratis/a3feba5f-060a-4a00-820a-58462574862c/current/log_inprogress_0
2022-07-30 01:50:10,021 [Time-limited test] INFO  rpc.RpcClient (RpcClient.java:createVolume(468)) - Creating Volume: volume-84860, with runner as owner and space quota set to -1 bytes, counts quota set to -1
2022-07-30 01:50:10,026 [IPC Server handler 1 on default port 41659] INFO  volume.OMVolumeCreateRequest (OMVolumeCreateRequest.java:validateAndUpdateCache(195)) - created volume:volume-84860 for user:runner
2022-07-30 01:50:10,028 [24d77853-f262-4375-acb2-e63396fe6765@group-58462574862C-LeaderElection40] INFO  server.RaftServer$Division (ServerState.java:setRaftConf(393)) - 24d77853-f262-4375-acb2-e63396fe6765@group-58462574862C: set configuration 0: [24d77853-f262-4375-acb2-e63396fe6765|rpc:10.1.0.37:43689|dataStream:|priority:1], old=null
2022-07-30 01:50:10,037 [Time-limited test] INFO  rpc.RpcClient (RpcClient.java:createBucket(671)) - Creating Bucket: volume-84860/bucket2, with bucket layout LEGACY, runner as owner, Versioning false, Storage Type set to DISK and Encryption set to false 
2022-07-30 01:50:10,037 [IPC Server handler 3 on default port 41659] INFO  bucket.OMBucketCreateRequest (OMBucketCreateRequest.java:validateAndUpdateCache(260)) - created bucket: bucket2 of layout LEGACY in volume: volume-84860
01:50:10.044 [IPC Server handler 17 on default port 41659] ERROR OMAudit - user=runner | ip=127.0.0.1 | op=DELETE_VOLUME {volume=volume-84860} | ret=FAILURE
org.apache.hadoop.ozone.om.exceptions.OMException: null
	at org.apache.hadoop.ozone.om.request.volume.OMVolumeDeleteRequest.validateAndUpdateCache(OMVolumeDeleteRequest.java:122) ~[ozone-manager-1.3.0-SNAPSHOT.jar:?]
	at org.apache.hadoop.ozone.protocolPB.OzoneManagerRequestHandler.handleWriteRequest(OzoneManagerRequestHandler.java:300) ~[ozone-manager-1.3.0-SNAPSHOT.jar:?]
	at org.apache.hadoop.ozone.protocolPB.OzoneManagerProtocolServerSideTranslatorPB.submitRequestDirectlyToOM(OzoneManagerProtocolServerSideTranslatorPB.java:282) ~[ozone-manager-1.3.0-SNAPSHOT.jar:?]
	at org.apache.hadoop.ozone.protocolPB.OzoneManagerProtocolServerSideTranslatorPB.processRequest(OzoneManagerProtocolServerSideTranslatorPB.java:205) ~[ozone-manager-1.3.0-SNAPSHOT.jar:?]
	at org.apache.hadoop.hdds.server.OzoneProtocolMessageDispatcher.processRequest(OzoneProtocolMessageDispatcher.java:87) [hdds-server-framework-1.3.0-SNAPSHOT.jar:?]
	at org.apache.hadoop.ozone.protocolPB.OzoneManagerProtocolServerSideTranslatorPB.submitRequest(OzoneManagerProtocolServerSideTranslatorPB.java:147) [ozone-manager-1.3.0-SNAPSHOT.jar:?]
	at org.apache.hadoop.ozone.protocol.proto.OzoneManagerProtocolProtos$OzoneManagerService$2.callBlockingMethod(OzoneManagerProtocolProtos.java) [ozone-interface-client-1.3.0-SNAPSHOT.jar:?]
	at org.apache.hadoop.ipc.ProtobufRpcEngine$Server.processCall(ProtobufRpcEngine.java:466) [hadoop-common-3.3.1.jar:?]
	at org.apache.hadoop.ipc.ProtobufRpcEngine2$Server$ProtoBufRpcInvoker.call(ProtobufRpcEngine2.java:574) [hadoop-common-3.3.1.jar:?]
	at org.apache.hadoop.ipc.ProtobufRpcEngine2$Server$ProtoBufRpcInvoker.call(ProtobufRpcEngine2.java:552) [hadoop-common-3.3.1.jar:?]
	at org.apache.hadoop.ipc.RPC$Server.call(RPC.java:1093) [hadoop-common-3.3.1.jar:?]
	at org.apache.hadoop.ipc.Server$RpcCall.run(Server.java:1035) [hadoop-common-3.3.1.jar:?]
	at org.apache.hadoop.ipc.Server$RpcCall.run(Server.java:963) [hadoop-common-3.3.1.jar:?]
	at java.security.AccessController.doPrivileged(Native Method) ~[?:1.8.0_332]
	at javax.security.auth.Subject.doAs(Subject.java:422) [?:1.8.0_332]
	at org.apache.hadoop.security.UserGroupInformation.doAs(UserGroupInformation.java:1878) [hadoop-common-3.3.1.jar:?]
	at org.apache.hadoop.ipc.Server$Handler.run(Server.java:2966) [hadoop-common-3.3.1.jar:?]
2022-07-30 01:50:10,045 [IPC Server handler 17 on default port 41659] ERROR volume.OMVolumeDeleteRequest (OMVolumeDeleteRequest.java:validateAndUpdateCache(170)) - Volume deletion failed for user:runner volume:volume-84860
VOLUME_NOT_EMPTY org.apache.hadoop.ozone.om.exceptions.OMException
	at org.apache.hadoop.ozone.om.request.volume.OMVolumeDeleteRequest.validateAndUpdateCache(OMVolumeDeleteRequest.java:122)
	at org.apache.hadoop.ozone.protocolPB.OzoneManagerRequestHandler.handleWriteRequest(OzoneManagerRequestHandler.java:300)
	at org.apache.hadoop.ozone.protocolPB.OzoneManagerProtocolServerSideTranslatorPB.submitRequestDirectlyToOM(OzoneManagerProtocolServerSideTranslatorPB.java:282)
	at org.apache.hadoop.ozone.protocolPB.OzoneManagerProtocolServerSideTranslatorPB.processRequest(OzoneManagerProtocolServerSideTranslatorPB.java:205)
	at org.apache.hadoop.hdds.server.OzoneProtocolMessageDispatcher.processRequest(OzoneProtocolMessageDispatcher.java:87)
	at org.apache.hadoop.ozone.protocolPB.OzoneManagerProtocolServerSideTranslatorPB.submitRequest(OzoneManagerProtocolServerSideTranslatorPB.java:147)
	at org.apache.hadoop.ozone.protocol.proto.OzoneManagerProtocolProtos$OzoneManagerService$2.callBlockingMethod(OzoneManagerProtocolProtos.java)
	at org.apache.hadoop.ipc.ProtobufRpcEngine$Server.processCall(ProtobufRpcEngine.java:466)
	at org.apache.hadoop.ipc.ProtobufRpcEngine2$Server$ProtoBufRpcInvoker.call(ProtobufRpcEngine2.java:574)
	at org.apache.hadoop.ipc.ProtobufRpcEngine2$Server$ProtoBufRpcInvoker.call(ProtobufRpcEngine2.java:552)
	at org.apache.hadoop.ipc.RPC$Server.call(RPC.java:1093)
	at org.apache.hadoop.ipc.Server$RpcCall.run(Server.java:1035)
	at org.apache.hadoop.ipc.Server$RpcCall.run(Server.java:963)
	at java.security.AccessController.doPrivileged(Native Method)
	at javax.security.auth.Subject.doAs(Subject.java:422)
	at org.apache.hadoop.security.UserGroupInformation.doAs(UserGroupInformation.java:1878)
	at org.apache.hadoop.ipc.Server$Handler.run(Server.java:2966)
01:50:10.055 [IPC Server handler 8 on default port 41659] ERROR OMAudit - user=runner | ip=127.0.0.1 | op=READ_VOLUME {volume=volume-84860} | ret=FAILURE
org.apache.hadoop.ozone.om.exceptions.OMException: Volume volume-84860 is not found
	at org.apache.hadoop.ozone.om.VolumeManagerImpl.getVolumeInfo(VolumeManagerImpl.java:74) ~[ozone-manager-1.3.0-SNAPSHOT.jar:?]
	at org.apache.hadoop.ozone.om.OzoneManager.getVolumeInfo(OzoneManager.java:2603) ~[ozone-manager-1.3.0-SNAPSHOT.jar:?]
	at org.apache.hadoop.ozone.protocolPB.OzoneManagerRequestHandler.infoVolume(OzoneManagerRequestHandler.java:397) ~[ozone-manager-1.3.0-SNAPSHOT.jar:?]
	at org.apache.hadoop.ozone.protocolPB.OzoneManagerRequestHandler.handleReadRequest(OzoneManagerRequestHandler.java:164) ~[ozone-manager-1.3.0-SNAPSHOT.jar:?]
	at org.apache.hadoop.ozone.protocolPB.OzoneManagerProtocolServerSideTranslatorPB.submitRequestDirectlyToOM(OzoneManagerProtocolServerSideTranslatorPB.java:276) ~[ozone-manager-1.3.0-SNAPSHOT.jar:?]
	at org.apache.hadoop.ozone.protocolPB.OzoneManagerProtocolServerSideTranslatorPB.processRequest(OzoneManagerProtocolServerSideTranslatorPB.java:205) ~[ozone-manager-1.3.0-SNAPSHOT.jar:?]
	at org.apache.hadoop.hdds.server.OzoneProtocolMessageDispatcher.processRequest(OzoneProtocolMessageDispatcher.java:87) [hdds-server-framework-1.3.0-SNAPSHOT.jar:?]
	at org.apache.hadoop.ozone.protocolPB.OzoneManagerProtocolServerSideTranslatorPB.submitRequest(OzoneManagerProtocolServerSideTranslatorPB.java:147) [ozone-manager-1.3.0-SNAPSHOT.jar:?]
	at org.apache.hadoop.ozone.protocol.proto.OzoneManagerProtocolProtos$OzoneManagerService$2.callBlockingMethod(OzoneManagerProtocolProtos.java) [ozone-interface-client-1.3.0-SNAPSHOT.jar:?]
	at org.apache.hadoop.ipc.ProtobufRpcEngine$Server.processCall(ProtobufRpcEngine.java:466) [hadoop-common-3.3.1.jar:?]
	at org.apache.hadoop.ipc.ProtobufRpcEngine2$Server$ProtoBufRpcInvoker.call(ProtobufRpcEngine2.java:574) [hadoop-common-3.3.1.jar:?]
	at org.apache.hadoop.ipc.ProtobufRpcEngine2$Server$ProtoBufRpcInvoker.call(ProtobufRpcEngine2.java:552) [hadoop-common-3.3.1.jar:?]
	at org.apache.hadoop.ipc.RPC$Server.call(RPC.java:1093) [hadoop-common-3.3.1.jar:?]
	at org.apache.hadoop.ipc.Server$RpcCall.run(Server.java:1035) [hadoop-common-3.3.1.jar:?]
	at org.apache.hadoop.ipc.Server$RpcCall.run(Server.java:963) [hadoop-common-3.3.1.jar:?]
	at java.security.AccessController.doPrivileged(Native Method) ~[?:1.8.0_332]
	at javax.security.auth.Subject.doAs(Subject.java:422) [?:1.8.0_332]
	at org.apache.hadoop.security.UserGroupInformation.doAs(UserGroupInformation.java:1878) [hadoop-common-3.3.1.jar:?]
	at org.apache.hadoop.ipc.Server$Handler.run(Server.java:2966) [hadoop-common-3.3.1.jar:?]
]]></system-out>
  </testcase>
  <testcase name="testDeleteVolumeAndBucket" classname="TestRootedOzoneFileSystem" time="0.219">
    <system-out><![CDATA[2022-07-30 01:51:26,134 [Time-limited test] INFO  rpc.RpcClient (RpcClient.java:createVolume(468)) - Creating Volume: volume28214, with user31756 as owner and space quota set to -1 bytes, counts quota set to -1
2022-07-30 01:51:26,139 [OM StateMachine ApplyTransaction Thread - 0] INFO  volume.OMVolumeCreateRequest (OMVolumeCreateRequest.java:validateAndUpdateCache(195)) - created volume:volume28214 for user:user31756
2022-07-30 01:51:26,140 [Time-limited test] INFO  rpc.RpcClient (RpcClient.java:createBucket(671)) - Creating Bucket: volume28214/bucket08179, with bucket layout LEGACY, runner as owner, Versioning false, Storage Type set to DISK and Encryption set to false 
2022-07-30 01:51:26,142 [OM StateMachine ApplyTransaction Thread - 0] INFO  bucket.OMBucketCreateRequest (OMBucketCreateRequest.java:validateAndUpdateCache(260)) - created bucket: bucket08179 of layout LEGACY in volume: volume28214
01:51:26.144 [IPC Server handler 17 on default port 42455] ERROR OMAudit - user=runner | ip=127.0.0.1 | op=READ_BUCKET {volume=volume-69242, bucket=bucket2} | ret=FAILURE
org.apache.hadoop.ozone.om.exceptions.OMException: Volume not found when getting bucket info
	at org.apache.hadoop.ozone.om.BucketManagerImpl.getBucketInfo(BucketManagerImpl.java:127) ~[ozone-manager-1.3.0-SNAPSHOT.jar:?]
	at org.apache.hadoop.ozone.om.OzoneManager.getBucketInfo(OzoneManager.java:2779) ~[ozone-manager-1.3.0-SNAPSHOT.jar:?]
	at org.apache.hadoop.ozone.protocolPB.OzoneManagerRequestHandler.infoBucket(OzoneManagerRequestHandler.java:471) ~[ozone-manager-1.3.0-SNAPSHOT.jar:?]
	at org.apache.hadoop.ozone.protocolPB.OzoneManagerRequestHandler.handleReadRequest(OzoneManagerRequestHandler.java:174) ~[ozone-manager-1.3.0-SNAPSHOT.jar:?]
	at org.apache.hadoop.ozone.protocolPB.OzoneManagerProtocolServerSideTranslatorPB.submitReadRequestToOM(OzoneManagerProtocolServerSideTranslatorPB.java:226) ~[ozone-manager-1.3.0-SNAPSHOT.jar:?]
	at org.apache.hadoop.ozone.protocolPB.OzoneManagerProtocolServerSideTranslatorPB.processRequest(OzoneManagerProtocolServerSideTranslatorPB.java:175) ~[ozone-manager-1.3.0-SNAPSHOT.jar:?]
	at org.apache.hadoop.hdds.server.OzoneProtocolMessageDispatcher.processRequest(OzoneProtocolMessageDispatcher.java:87) [hdds-server-framework-1.3.0-SNAPSHOT.jar:?]
	at org.apache.hadoop.ozone.protocolPB.OzoneManagerProtocolServerSideTranslatorPB.submitRequest(OzoneManagerProtocolServerSideTranslatorPB.java:147) [ozone-manager-1.3.0-SNAPSHOT.jar:?]
	at org.apache.hadoop.ozone.protocol.proto.OzoneManagerProtocolProtos$OzoneManagerService$2.callBlockingMethod(OzoneManagerProtocolProtos.java) [ozone-interface-client-1.3.0-SNAPSHOT.jar:?]
	at org.apache.hadoop.ipc.ProtobufRpcEngine$Server.processCall(ProtobufRpcEngine.java:466) [hadoop-common-3.3.1.jar:?]
	at org.apache.hadoop.ipc.ProtobufRpcEngine2$Server$ProtoBufRpcInvoker.call(ProtobufRpcEngine2.java:574) [hadoop-common-3.3.1.jar:?]
	at org.apache.hadoop.ipc.ProtobufRpcEngine2$Server$ProtoBufRpcInvoker.call(ProtobufRpcEngine2.java:552) [hadoop-common-3.3.1.jar:?]
	at org.apache.hadoop.ipc.RPC$Server.call(RPC.java:1093) [hadoop-common-3.3.1.jar:?]
	at org.apache.hadoop.ipc.Server$RpcCall.run(Server.java:1035) [hadoop-common-3.3.1.jar:?]
	at org.apache.hadoop.ipc.Server$RpcCall.run(Server.java:963) [hadoop-common-3.3.1.jar:?]
	at java.security.AccessController.doPrivileged(Native Method) ~[?:1.8.0_332]
	at javax.security.auth.Subject.doAs(Subject.java:422) [?:1.8.0_332]
	at org.apache.hadoop.security.UserGroupInformation.doAs(UserGroupInformation.java:1878) [hadoop-common-3.3.1.jar:?]
	at org.apache.hadoop.ipc.Server$Handler.run(Server.java:2966) [hadoop-common-3.3.1.jar:?]
2022-07-30 01:51:26,145 [Time-limited test] INFO  rpc.RpcClient (RpcClient.java:createVolume(468)) - Creating Volume: volume-69242, with runner as owner and space quota set to -1 bytes, counts quota set to -1
2022-07-30 01:51:26,149 [OM StateMachine ApplyTransaction Thread - 0] INFO  volume.OMVolumeCreateRequest (OMVolumeCreateRequest.java:validateAndUpdateCache(195)) - created volume:volume-69242 for user:runner
2022-07-30 01:51:26,153 [Time-limited test] INFO  rpc.RpcClient (RpcClient.java:createBucket(671)) - Creating Bucket: volume-69242/bucket2, with bucket layout LEGACY, runner as owner, Versioning false, Storage Type set to DISK and Encryption set to false 
2022-07-30 01:51:26,158 [OM StateMachine ApplyTransaction Thread - 0] INFO  bucket.OMBucketCreateRequest (OMBucketCreateRequest.java:validateAndUpdateCache(260)) - created bucket: bucket2 of layout LEGACY in volume: volume-69242
01:51:26.181 [OM StateMachine ApplyTransaction Thread - 0] ERROR OMAudit - user=runner | ip=127.0.0.1 | op=DELETE_VOLUME {volume=volume-69242} | ret=FAILURE
org.apache.hadoop.ozone.om.exceptions.OMException: null
	at org.apache.hadoop.ozone.om.request.volume.OMVolumeDeleteRequest.validateAndUpdateCache(OMVolumeDeleteRequest.java:122) ~[ozone-manager-1.3.0-SNAPSHOT.jar:?]
	at org.apache.hadoop.ozone.protocolPB.OzoneManagerRequestHandler.handleWriteRequest(OzoneManagerRequestHandler.java:300) ~[ozone-manager-1.3.0-SNAPSHOT.jar:?]
	at org.apache.hadoop.ozone.om.ratis.OzoneManagerStateMachine.runCommand(OzoneManagerStateMachine.java:529) ~[ozone-manager-1.3.0-SNAPSHOT.jar:?]
	at org.apache.hadoop.ozone.om.ratis.OzoneManagerStateMachine.lambda$1(OzoneManagerStateMachine.java:324) ~[ozone-manager-1.3.0-SNAPSHOT.jar:?]
	at java.util.concurrent.CompletableFuture$AsyncSupply.run(CompletableFuture.java:1604) [?:1.8.0_332]
	at java.util.concurrent.ThreadPoolExecutor.runWorker(ThreadPoolExecutor.java:1149) [?:1.8.0_332]
	at java.util.concurrent.ThreadPoolExecutor$Worker.run(ThreadPoolExecutor.java:624) [?:1.8.0_332]
	at java.lang.Thread.run(Thread.java:750) [?:1.8.0_332]
2022-07-30 01:51:26,181 [OM StateMachine ApplyTransaction Thread - 0] ERROR volume.OMVolumeDeleteRequest (OMVolumeDeleteRequest.java:validateAndUpdateCache(170)) - Volume deletion failed for user:runner volume:volume-69242
VOLUME_NOT_EMPTY org.apache.hadoop.ozone.om.exceptions.OMException
	at org.apache.hadoop.ozone.om.request.volume.OMVolumeDeleteRequest.validateAndUpdateCache(OMVolumeDeleteRequest.java:122)
	at org.apache.hadoop.ozone.protocolPB.OzoneManagerRequestHandler.handleWriteRequest(OzoneManagerRequestHandler.java:300)
	at org.apache.hadoop.ozone.om.ratis.OzoneManagerStateMachine.runCommand(OzoneManagerStateMachine.java:529)
	at org.apache.hadoop.ozone.om.ratis.OzoneManagerStateMachine.lambda$1(OzoneManagerStateMachine.java:324)
	at java.util.concurrent.CompletableFuture$AsyncSupply.run(CompletableFuture.java:1604)
	at java.util.concurrent.ThreadPoolExecutor.runWorker(ThreadPoolExecutor.java:1149)
	at java.util.concurrent.ThreadPoolExecutor$Worker.run(ThreadPoolExecutor.java:624)
	at java.lang.Thread.run(Thread.java:750)
01:51:26.221 [IPC Server handler 1 on default port 42455] ERROR OMAudit - user=runner | ip=127.0.0.1 | op=READ_VOLUME {volume=volume-69242} | ret=FAILURE
org.apache.hadoop.ozone.om.exceptions.OMException: Volume volume-69242 is not found
	at org.apache.hadoop.ozone.om.VolumeManagerImpl.getVolumeInfo(VolumeManagerImpl.java:74) ~[ozone-manager-1.3.0-SNAPSHOT.jar:?]
	at org.apache.hadoop.ozone.om.OzoneManager.getVolumeInfo(OzoneManager.java:2603) ~[ozone-manager-1.3.0-SNAPSHOT.jar:?]
	at org.apache.hadoop.ozone.protocolPB.OzoneManagerRequestHandler.infoVolume(OzoneManagerRequestHandler.java:397) ~[ozone-manager-1.3.0-SNAPSHOT.jar:?]
	at org.apache.hadoop.ozone.protocolPB.OzoneManagerRequestHandler.handleReadRequest(OzoneManagerRequestHandler.java:164) ~[ozone-manager-1.3.0-SNAPSHOT.jar:?]
	at org.apache.hadoop.ozone.protocolPB.OzoneManagerProtocolServerSideTranslatorPB.submitReadRequestToOM(OzoneManagerProtocolServerSideTranslatorPB.java:226) ~[ozone-manager-1.3.0-SNAPSHOT.jar:?]
	at org.apache.hadoop.ozone.protocolPB.OzoneManagerProtocolServerSideTranslatorPB.processRequest(OzoneManagerProtocolServerSideTranslatorPB.java:175) ~[ozone-manager-1.3.0-SNAPSHOT.jar:?]
	at org.apache.hadoop.hdds.server.OzoneProtocolMessageDispatcher.processRequest(OzoneProtocolMessageDispatcher.java:87) [hdds-server-framework-1.3.0-SNAPSHOT.jar:?]
	at org.apache.hadoop.ozone.protocolPB.OzoneManagerProtocolServerSideTranslatorPB.submitRequest(OzoneManagerProtocolServerSideTranslatorPB.java:147) [ozone-manager-1.3.0-SNAPSHOT.jar:?]
	at org.apache.hadoop.ozone.protocol.proto.OzoneManagerProtocolProtos$OzoneManagerService$2.callBlockingMethod(OzoneManagerProtocolProtos.java) [ozone-interface-client-1.3.0-SNAPSHOT.jar:?]
	at org.apache.hadoop.ipc.ProtobufRpcEngine$Server.processCall(ProtobufRpcEngine.java:466) [hadoop-common-3.3.1.jar:?]
	at org.apache.hadoop.ipc.ProtobufRpcEngine2$Server$ProtoBufRpcInvoker.call(ProtobufRpcEngine2.java:574) [hadoop-common-3.3.1.jar:?]
	at org.apache.hadoop.ipc.ProtobufRpcEngine2$Server$ProtoBufRpcInvoker.call(ProtobufRpcEngine2.java:552) [hadoop-common-3.3.1.jar:?]
	at org.apache.hadoop.ipc.RPC$Server.call(RPC.java:1093) [hadoop-common-3.3.1.jar:?]
	at org.apache.hadoop.ipc.Server$RpcCall.run(Server.java:1035) [hadoop-common-3.3.1.jar:?]
	at org.apache.hadoop.ipc.Server$RpcCall.run(Server.java:963) [hadoop-common-3.3.1.jar:?]
	at java.security.AccessController.doPrivileged(Native Method) ~[?:1.8.0_332]
	at javax.security.auth.Subject.doAs(Subject.java:422) [?:1.8.0_332]
	at org.apache.hadoop.security.UserGroupInformation.doAs(UserGroupInformation.java:1878) [hadoop-common-3.3.1.jar:?]
	at org.apache.hadoop.ipc.Server$Handler.run(Server.java:2966) [hadoop-common-3.3.1.jar:?]
]]></system-out>
  </testcase>
  <testcase name="testDeleteVolumeAndBucket" classname="TestRootedOzoneFileSystem" time="0.216">
    <system-out><![CDATA[2022-07-30 01:52:56,042 [Time-limited test] INFO  rpc.RpcClient (RpcClient.java:createVolume(468)) - Creating Volume: volume30199, with user03896 as owner and space quota set to -1 bytes, counts quota set to -1
2022-07-30 01:52:56,075 [IPC Server handler 8 on default port 40433] INFO  volume.OMVolumeCreateRequest (OMVolumeCreateRequest.java:validateAndUpdateCache(195)) - created volume:volume30199 for user:user03896
2022-07-30 01:52:56,076 [Time-limited test] INFO  rpc.RpcClient (RpcClient.java:createBucket(671)) - Creating Bucket: volume30199/bucket11396, with bucket layout LEGACY, runner as owner, Versioning false, Storage Type set to DISK and Encryption set to false 
2022-07-30 01:52:56,078 [IPC Server handler 6 on default port 40433] INFO  bucket.OMBucketCreateRequest (OMBucketCreateRequest.java:validateAndUpdateCache(260)) - created bucket: bucket11396 of layout LEGACY in volume: volume30199
01:52:56.079 [IPC Server handler 2 on default port 40433] ERROR OMAudit - user=runner | ip=127.0.0.1 | op=READ_BUCKET {volume=volume-90198, bucket=bucket2} | ret=FAILURE
org.apache.hadoop.ozone.om.exceptions.OMException: Volume not found when getting bucket info
	at org.apache.hadoop.ozone.om.BucketManagerImpl.getBucketInfo(BucketManagerImpl.java:127) ~[ozone-manager-1.3.0-SNAPSHOT.jar:?]
	at org.apache.hadoop.ozone.om.OzoneManager.getBucketInfo(OzoneManager.java:2779) ~[ozone-manager-1.3.0-SNAPSHOT.jar:?]
	at org.apache.hadoop.ozone.protocolPB.OzoneManagerRequestHandler.infoBucket(OzoneManagerRequestHandler.java:471) ~[ozone-manager-1.3.0-SNAPSHOT.jar:?]
	at org.apache.hadoop.ozone.protocolPB.OzoneManagerRequestHandler.handleReadRequest(OzoneManagerRequestHandler.java:174) ~[ozone-manager-1.3.0-SNAPSHOT.jar:?]
	at org.apache.hadoop.ozone.protocolPB.OzoneManagerProtocolServerSideTranslatorPB.submitRequestDirectlyToOM(OzoneManagerProtocolServerSideTranslatorPB.java:276) ~[ozone-manager-1.3.0-SNAPSHOT.jar:?]
	at org.apache.hadoop.ozone.protocolPB.OzoneManagerProtocolServerSideTranslatorPB.processRequest(OzoneManagerProtocolServerSideTranslatorPB.java:205) ~[ozone-manager-1.3.0-SNAPSHOT.jar:?]
	at org.apache.hadoop.hdds.server.OzoneProtocolMessageDispatcher.processRequest(OzoneProtocolMessageDispatcher.java:87) [hdds-server-framework-1.3.0-SNAPSHOT.jar:?]
	at org.apache.hadoop.ozone.protocolPB.OzoneManagerProtocolServerSideTranslatorPB.submitRequest(OzoneManagerProtocolServerSideTranslatorPB.java:147) [ozone-manager-1.3.0-SNAPSHOT.jar:?]
	at org.apache.hadoop.ozone.protocol.proto.OzoneManagerProtocolProtos$OzoneManagerService$2.callBlockingMethod(OzoneManagerProtocolProtos.java) [ozone-interface-client-1.3.0-SNAPSHOT.jar:?]
	at org.apache.hadoop.ipc.ProtobufRpcEngine$Server.processCall(ProtobufRpcEngine.java:466) [hadoop-common-3.3.1.jar:?]
	at org.apache.hadoop.ipc.ProtobufRpcEngine2$Server$ProtoBufRpcInvoker.call(ProtobufRpcEngine2.java:574) [hadoop-common-3.3.1.jar:?]
	at org.apache.hadoop.ipc.ProtobufRpcEngine2$Server$ProtoBufRpcInvoker.call(ProtobufRpcEngine2.java:552) [hadoop-common-3.3.1.jar:?]
	at org.apache.hadoop.ipc.RPC$Server.call(RPC.java:1093) [hadoop-common-3.3.1.jar:?]
	at org.apache.hadoop.ipc.Server$RpcCall.run(Server.java:1035) [hadoop-common-3.3.1.jar:?]
	at org.apache.hadoop.ipc.Server$RpcCall.run(Server.java:963) [hadoop-common-3.3.1.jar:?]
	at java.security.AccessController.doPrivileged(Native Method) ~[?:1.8.0_332]
	at javax.security.auth.Subject.doAs(Subject.java:422) [?:1.8.0_332]
	at org.apache.hadoop.security.UserGroupInformation.doAs(UserGroupInformation.java:1878) [hadoop-common-3.3.1.jar:?]
	at org.apache.hadoop.ipc.Server$Handler.run(Server.java:2966) [hadoop-common-3.3.1.jar:?]
2022-07-30 01:52:56,080 [Time-limited test] INFO  rpc.RpcClient (RpcClient.java:createVolume(468)) - Creating Volume: volume-90198, with runner as owner and space quota set to -1 bytes, counts quota set to -1
2022-07-30 01:52:56,080 [IPC Server handler 1 on default port 40433] INFO  volume.OMVolumeCreateRequest (OMVolumeCreateRequest.java:validateAndUpdateCache(195)) - created volume:volume-90198 for user:runner
2022-07-30 01:52:56,081 [Time-limited test] INFO  rpc.RpcClient (RpcClient.java:createBucket(671)) - Creating Bucket: volume-90198/bucket2, with bucket layout LEGACY, runner as owner, Versioning false, Storage Type set to DISK and Encryption set to false 
2022-07-30 01:52:56,081 [IPC Server handler 4 on default port 40433] INFO  bucket.OMBucketCreateRequest (OMBucketCreateRequest.java:validateAndUpdateCache(260)) - created bucket: bucket2 of layout LEGACY in volume: volume-90198
01:52:56.083 [IPC Server handler 9 on default port 40433] ERROR OMAudit - user=runner | ip=127.0.0.1 | op=DELETE_VOLUME {volume=volume-90198} | ret=FAILURE
org.apache.hadoop.ozone.om.exceptions.OMException: null
	at org.apache.hadoop.ozone.om.request.volume.OMVolumeDeleteRequest.validateAndUpdateCache(OMVolumeDeleteRequest.java:122) ~[ozone-manager-1.3.0-SNAPSHOT.jar:?]
	at org.apache.hadoop.ozone.protocolPB.OzoneManagerRequestHandler.handleWriteRequest(OzoneManagerRequestHandler.java:300) ~[ozone-manager-1.3.0-SNAPSHOT.jar:?]
	at org.apache.hadoop.ozone.protocolPB.OzoneManagerProtocolServerSideTranslatorPB.submitRequestDirectlyToOM(OzoneManagerProtocolServerSideTranslatorPB.java:282) ~[ozone-manager-1.3.0-SNAPSHOT.jar:?]
	at org.apache.hadoop.ozone.protocolPB.OzoneManagerProtocolServerSideTranslatorPB.processRequest(OzoneManagerProtocolServerSideTranslatorPB.java:205) ~[ozone-manager-1.3.0-SNAPSHOT.jar:?]
	at org.apache.hadoop.hdds.server.OzoneProtocolMessageDispatcher.processRequest(OzoneProtocolMessageDispatcher.java:87) [hdds-server-framework-1.3.0-SNAPSHOT.jar:?]
	at org.apache.hadoop.ozone.protocolPB.OzoneManagerProtocolServerSideTranslatorPB.submitRequest(OzoneManagerProtocolServerSideTranslatorPB.java:147) [ozone-manager-1.3.0-SNAPSHOT.jar:?]
	at org.apache.hadoop.ozone.protocol.proto.OzoneManagerProtocolProtos$OzoneManagerService$2.callBlockingMethod(OzoneManagerProtocolProtos.java) [ozone-interface-client-1.3.0-SNAPSHOT.jar:?]
	at org.apache.hadoop.ipc.ProtobufRpcEngine$Server.processCall(ProtobufRpcEngine.java:466) [hadoop-common-3.3.1.jar:?]
	at org.apache.hadoop.ipc.ProtobufRpcEngine2$Server$ProtoBufRpcInvoker.call(ProtobufRpcEngine2.java:574) [hadoop-common-3.3.1.jar:?]
	at org.apache.hadoop.ipc.ProtobufRpcEngine2$Server$ProtoBufRpcInvoker.call(ProtobufRpcEngine2.java:552) [hadoop-common-3.3.1.jar:?]
	at org.apache.hadoop.ipc.RPC$Server.call(RPC.java:1093) [hadoop-common-3.3.1.jar:?]
	at org.apache.hadoop.ipc.Server$RpcCall.run(Server.java:1035) [hadoop-common-3.3.1.jar:?]
	at org.apache.hadoop.ipc.Server$RpcCall.run(Server.java:963) [hadoop-common-3.3.1.jar:?]
	at java.security.AccessController.doPrivileged(Native Method) ~[?:1.8.0_332]
	at javax.security.auth.Subject.doAs(Subject.java:422) [?:1.8.0_332]
	at org.apache.hadoop.security.UserGroupInformation.doAs(UserGroupInformation.java:1878) [hadoop-common-3.3.1.jar:?]
	at org.apache.hadoop.ipc.Server$Handler.run(Server.java:2966) [hadoop-common-3.3.1.jar:?]
2022-07-30 01:52:56,083 [IPC Server handler 9 on default port 40433] ERROR volume.OMVolumeDeleteRequest (OMVolumeDeleteRequest.java:validateAndUpdateCache(170)) - Volume deletion failed for user:runner volume:volume-90198
VOLUME_NOT_EMPTY org.apache.hadoop.ozone.om.exceptions.OMException
	at org.apache.hadoop.ozone.om.request.volume.OMVolumeDeleteRequest.validateAndUpdateCache(OMVolumeDeleteRequest.java:122)
	at org.apache.hadoop.ozone.protocolPB.OzoneManagerRequestHandler.handleWriteRequest(OzoneManagerRequestHandler.java:300)
	at org.apache.hadoop.ozone.protocolPB.OzoneManagerProtocolServerSideTranslatorPB.submitRequestDirectlyToOM(OzoneManagerProtocolServerSideTranslatorPB.java:282)
	at org.apache.hadoop.ozone.protocolPB.OzoneManagerProtocolServerSideTranslatorPB.processRequest(OzoneManagerProtocolServerSideTranslatorPB.java:205)
	at org.apache.hadoop.hdds.server.OzoneProtocolMessageDispatcher.processRequest(OzoneProtocolMessageDispatcher.java:87)
	at org.apache.hadoop.ozone.protocolPB.OzoneManagerProtocolServerSideTranslatorPB.submitRequest(OzoneManagerProtocolServerSideTranslatorPB.java:147)
	at org.apache.hadoop.ozone.protocol.proto.OzoneManagerProtocolProtos$OzoneManagerService$2.callBlockingMethod(OzoneManagerProtocolProtos.java)
	at org.apache.hadoop.ipc.ProtobufRpcEngine$Server.processCall(ProtobufRpcEngine.java:466)
	at org.apache.hadoop.ipc.ProtobufRpcEngine2$Server$ProtoBufRpcInvoker.call(ProtobufRpcEngine2.java:574)
	at org.apache.hadoop.ipc.ProtobufRpcEngine2$Server$ProtoBufRpcInvoker.call(ProtobufRpcEngine2.java:552)
	at org.apache.hadoop.ipc.RPC$Server.call(RPC.java:1093)
	at org.apache.hadoop.ipc.Server$RpcCall.run(Server.java:1035)
	at org.apache.hadoop.ipc.Server$RpcCall.run(Server.java:963)
	at java.security.AccessController.doPrivileged(Native Method)
	at javax.security.auth.Subject.doAs(Subject.java:422)
	at org.apache.hadoop.security.UserGroupInformation.doAs(UserGroupInformation.java:1878)
	at org.apache.hadoop.ipc.Server$Handler.run(Server.java:2966)
01:52:56.106 [IPC Server handler 17 on default port 40433] ERROR OMAudit - user=runner | ip=127.0.0.1 | op=READ_VOLUME {volume=volume-90198} | ret=FAILURE
org.apache.hadoop.ozone.om.exceptions.OMException: Volume volume-90198 is not found
	at org.apache.hadoop.ozone.om.VolumeManagerImpl.getVolumeInfo(VolumeManagerImpl.java:74) ~[ozone-manager-1.3.0-SNAPSHOT.jar:?]
	at org.apache.hadoop.ozone.om.OzoneManager.getVolumeInfo(OzoneManager.java:2603) ~[ozone-manager-1.3.0-SNAPSHOT.jar:?]
	at org.apache.hadoop.ozone.protocolPB.OzoneManagerRequestHandler.infoVolume(OzoneManagerRequestHandler.java:397) ~[ozone-manager-1.3.0-SNAPSHOT.jar:?]
	at org.apache.hadoop.ozone.protocolPB.OzoneManagerRequestHandler.handleReadRequest(OzoneManagerRequestHandler.java:164) ~[ozone-manager-1.3.0-SNAPSHOT.jar:?]
	at org.apache.hadoop.ozone.protocolPB.OzoneManagerProtocolServerSideTranslatorPB.submitRequestDirectlyToOM(OzoneManagerProtocolServerSideTranslatorPB.java:276) ~[ozone-manager-1.3.0-SNAPSHOT.jar:?]
	at org.apache.hadoop.ozone.protocolPB.OzoneManagerProtocolServerSideTranslatorPB.processRequest(OzoneManagerProtocolServerSideTranslatorPB.java:205) ~[ozone-manager-1.3.0-SNAPSHOT.jar:?]
	at org.apache.hadoop.hdds.server.OzoneProtocolMessageDispatcher.processRequest(OzoneProtocolMessageDispatcher.java:87) [hdds-server-framework-1.3.0-SNAPSHOT.jar:?]
	at org.apache.hadoop.ozone.protocolPB.OzoneManagerProtocolServerSideTranslatorPB.submitRequest(OzoneManagerProtocolServerSideTranslatorPB.java:147) [ozone-manager-1.3.0-SNAPSHOT.jar:?]
	at org.apache.hadoop.ozone.protocol.proto.OzoneManagerProtocolProtos$OzoneManagerService$2.callBlockingMethod(OzoneManagerProtocolProtos.java) [ozone-interface-client-1.3.0-SNAPSHOT.jar:?]
	at org.apache.hadoop.ipc.ProtobufRpcEngine$Server.processCall(ProtobufRpcEngine.java:466) [hadoop-common-3.3.1.jar:?]
	at org.apache.hadoop.ipc.ProtobufRpcEngine2$Server$ProtoBufRpcInvoker.call(ProtobufRpcEngine2.java:574) [hadoop-common-3.3.1.jar:?]
	at org.apache.hadoop.ipc.ProtobufRpcEngine2$Server$ProtoBufRpcInvoker.call(ProtobufRpcEngine2.java:552) [hadoop-common-3.3.1.jar:?]
	at org.apache.hadoop.ipc.RPC$Server.call(RPC.java:1093) [hadoop-common-3.3.1.jar:?]
	at org.apache.hadoop.ipc.Server$RpcCall.run(Server.java:1035) [hadoop-common-3.3.1.jar:?]
	at org.apache.hadoop.ipc.Server$RpcCall.run(Server.java:963) [hadoop-common-3.3.1.jar:?]
	at java.security.AccessController.doPrivileged(Native Method) ~[?:1.8.0_332]
	at javax.security.auth.Subject.doAs(Subject.java:422) [?:1.8.0_332]
	at org.apache.hadoop.security.UserGroupInformation.doAs(UserGroupInformation.java:1878) [hadoop-common-3.3.1.jar:?]
	at org.apache.hadoop.ipc.Server$Handler.run(Server.java:2966) [hadoop-common-3.3.1.jar:?]
]]></system-out>
  </testcase>
  <testcase name="testRenameDirToItsOwnSubDir" classname="TestRootedOzoneFileSystem" time="0.093">
    <system-out><![CDATA[2022-07-30 01:47:41,580 [Time-limited test] INFO  rpc.RpcClient (RpcClient.java:createVolume(468)) - Creating Volume: volume53108, with user37914 as owner and space quota set to -1 bytes, counts quota set to -1
2022-07-30 01:47:41,583 [OM StateMachine ApplyTransaction Thread - 0] INFO  volume.OMVolumeCreateRequest (OMVolumeCreateRequest.java:validateAndUpdateCache(195)) - created volume:volume53108 for user:user37914
2022-07-30 01:47:41,587 [Time-limited test] INFO  rpc.RpcClient (RpcClient.java:createBucket(671)) - Creating Bucket: volume53108/bucket00979, with bucket layout LEGACY, runner as owner, Versioning false, Storage Type set to DISK and Encryption set to false 
2022-07-30 01:47:41,590 [OM StateMachine ApplyTransaction Thread - 0] INFO  bucket.OMBucketCreateRequest (OMBucketCreateRequest.java:validateAndUpdateCache(260)) - created bucket: bucket00979 of layout LEGACY in volume: volume53108
2022-07-30 01:47:41,599 [Time-limited test] INFO  ozone.TestRootedOzoneFileSystem (TestRootedOzoneFileSystem.java:testRenameDirToItsOwnSubDir(1610)) - Created dir1 /volume53108/bucket00979/root/dir1/sub_dir1
2022-07-30 01:47:41,599 [Time-limited test] INFO  ozone.TestRootedOzoneFileSystem (TestRootedOzoneFileSystem.java:testRenameDirToItsOwnSubDir(1613)) - Rename op-> source:/volume53108/bucket00979/root to destin:/volume53108/bucket00979/root/dir1/sub_dir1
]]></system-out>
  </testcase>
  <testcase name="testRenameDirToItsOwnSubDir" classname="TestRootedOzoneFileSystem" time="0.078">
    <system-out><![CDATA[2022-07-30 01:48:57,645 [Time-limited test] INFO  rpc.RpcClient (RpcClient.java:createVolume(468)) - Creating Volume: volume80908, with user75631 as owner and space quota set to -1 bytes, counts quota set to -1
2022-07-30 01:48:57,648 [OM StateMachine ApplyTransaction Thread - 0] INFO  volume.OMVolumeCreateRequest (OMVolumeCreateRequest.java:validateAndUpdateCache(195)) - created volume:volume80908 for user:user75631
2022-07-30 01:48:57,650 [Time-limited test] INFO  rpc.RpcClient (RpcClient.java:createBucket(671)) - Creating Bucket: volume80908/bucket32337, with bucket layout LEGACY, runner as owner, Versioning false, Storage Type set to DISK and Encryption set to false 
2022-07-30 01:48:57,652 [OM StateMachine ApplyTransaction Thread - 0] INFO  bucket.OMBucketCreateRequest (OMBucketCreateRequest.java:validateAndUpdateCache(260)) - created bucket: bucket32337 of layout LEGACY in volume: volume80908
2022-07-30 01:48:57,655 [Time-limited test] INFO  ozone.TestRootedOzoneFileSystem (TestRootedOzoneFileSystem.java:testRenameDirToItsOwnSubDir(1610)) - Created dir1 /volume80908/bucket32337/root/dir1/sub_dir1
2022-07-30 01:48:57,655 [Time-limited test] INFO  ozone.TestRootedOzoneFileSystem (TestRootedOzoneFileSystem.java:testRenameDirToItsOwnSubDir(1613)) - Rename op-> source:/volume80908/bucket32337/root to destin:/volume80908/bucket32337/root/dir1/sub_dir1
]]></system-out>
  </testcase>
  <testcase name="testRenameDirToItsOwnSubDir" classname="TestRootedOzoneFileSystem" time="0.093">
    <system-out><![CDATA[2022-07-30 01:50:10,105 [Time-limited test] INFO  rpc.RpcClient (RpcClient.java:createVolume(468)) - Creating Volume: volume31694, with user83699 as owner and space quota set to -1 bytes, counts quota set to -1
2022-07-30 01:50:10,112 [IPC Server handler 4 on default port 41659] INFO  volume.OMVolumeCreateRequest (OMVolumeCreateRequest.java:validateAndUpdateCache(195)) - created volume:volume31694 for user:user83699
2022-07-30 01:50:10,115 [Time-limited test] INFO  rpc.RpcClient (RpcClient.java:createBucket(671)) - Creating Bucket: volume31694/bucket47577, with bucket layout LEGACY, runner as owner, Versioning false, Storage Type set to DISK and Encryption set to false 
2022-07-30 01:50:10,116 [IPC Server handler 6 on default port 41659] INFO  bucket.OMBucketCreateRequest (OMBucketCreateRequest.java:validateAndUpdateCache(260)) - created bucket: bucket47577 of layout LEGACY in volume: volume31694
2022-07-30 01:50:10,123 [Time-limited test] INFO  ozone.TestRootedOzoneFileSystem (TestRootedOzoneFileSystem.java:testRenameDirToItsOwnSubDir(1610)) - Created dir1 /volume31694/bucket47577/root/dir1/sub_dir1
2022-07-30 01:50:10,124 [Time-limited test] INFO  ozone.TestRootedOzoneFileSystem (TestRootedOzoneFileSystem.java:testRenameDirToItsOwnSubDir(1613)) - Rename op-> source:/volume31694/bucket47577/root to destin:/volume31694/bucket47577/root/dir1/sub_dir1
]]></system-out>
  </testcase>
  <testcase name="testRenameDirToItsOwnSubDir" classname="TestRootedOzoneFileSystem" time="0.186">
    <system-out><![CDATA[2022-07-30 01:51:26,368 [Time-limited test] INFO  rpc.RpcClient (RpcClient.java:createVolume(468)) - Creating Volume: volume06193, with user46083 as owner and space quota set to -1 bytes, counts quota set to -1
2022-07-30 01:51:26,376 [OM StateMachine ApplyTransaction Thread - 0] INFO  volume.OMVolumeCreateRequest (OMVolumeCreateRequest.java:validateAndUpdateCache(195)) - created volume:volume06193 for user:user46083
2022-07-30 01:51:26,376 [Time-limited test] INFO  rpc.RpcClient (RpcClient.java:createBucket(671)) - Creating Bucket: volume06193/bucket04696, with bucket layout LEGACY, runner as owner, Versioning false, Storage Type set to DISK and Encryption set to false 
2022-07-30 01:51:26,380 [OM StateMachine ApplyTransaction Thread - 0] INFO  bucket.OMBucketCreateRequest (OMBucketCreateRequest.java:validateAndUpdateCache(260)) - created bucket: bucket04696 of layout LEGACY in volume: volume06193
2022-07-30 01:51:26,382 [Time-limited test] INFO  ozone.TestRootedOzoneFileSystem (TestRootedOzoneFileSystem.java:testRenameDirToItsOwnSubDir(1610)) - Created dir1 /volume06193/bucket04696/root/dir1/sub_dir1
2022-07-30 01:51:26,383 [Time-limited test] INFO  ozone.TestRootedOzoneFileSystem (TestRootedOzoneFileSystem.java:testRenameDirToItsOwnSubDir(1613)) - Rename op-> source:/volume06193/bucket04696/root to destin:/volume06193/bucket04696/root/dir1/sub_dir1
2022-07-30 01:51:26,419 [feac6527-f4a3-4b35-b8b4-09fad8d49da5@group-D4C431024CB4-FollowerState] INFO  impl.FollowerState (FollowerState.java:run(143)) - feac6527-f4a3-4b35-b8b4-09fad8d49da5@group-D4C431024CB4-FollowerState: change to CANDIDATE, lastRpcElapsedTime:5189825508ns, electionTimeout:5181ms
2022-07-30 01:51:26,420 [feac6527-f4a3-4b35-b8b4-09fad8d49da5@group-D4C431024CB4-FollowerState] INFO  impl.RoleInfo (RoleInfo.java:shutdownFollowerState(110)) - feac6527-f4a3-4b35-b8b4-09fad8d49da5: shutdown feac6527-f4a3-4b35-b8b4-09fad8d49da5@group-D4C431024CB4-FollowerState
2022-07-30 01:51:26,420 [feac6527-f4a3-4b35-b8b4-09fad8d49da5@group-D4C431024CB4-FollowerState] INFO  server.RaftServer$Division (RaftServerImpl.java:setRole(299)) - feac6527-f4a3-4b35-b8b4-09fad8d49da5@group-D4C431024CB4: changes role from  FOLLOWER to CANDIDATE at term 0 for changeToCandidate
2022-07-30 01:51:26,420 [feac6527-f4a3-4b35-b8b4-09fad8d49da5@group-D4C431024CB4-FollowerState] INFO  server.RaftServerConfigKeys (ConfUtils.java:logGet(46)) - raft.server.leaderelection.pre-vote = false (custom)
2022-07-30 01:51:26,420 [feac6527-f4a3-4b35-b8b4-09fad8d49da5@group-D4C431024CB4-FollowerState] INFO  impl.RoleInfo (RoleInfo.java:updateAndGet(139)) - feac6527-f4a3-4b35-b8b4-09fad8d49da5: start feac6527-f4a3-4b35-b8b4-09fad8d49da5@group-D4C431024CB4-LeaderElection50
]]></system-out>
  </testcase>
  <testcase name="testRenameDirToItsOwnSubDir" classname="TestRootedOzoneFileSystem" time="0.207">
    <system-out><![CDATA[2022-07-30 01:52:56,306 [Time-limited test] INFO  rpc.RpcClient (RpcClient.java:createVolume(468)) - Creating Volume: volume22688, with user90077 as owner and space quota set to -1 bytes, counts quota set to -1
2022-07-30 01:52:56,316 [IPC Server handler 18 on default port 40433] INFO  volume.OMVolumeCreateRequest (OMVolumeCreateRequest.java:validateAndUpdateCache(195)) - created volume:volume22688 for user:user90077
2022-07-30 01:52:56,316 [Time-limited test] INFO  rpc.RpcClient (RpcClient.java:createBucket(671)) - Creating Bucket: volume22688/bucket82494, with bucket layout LEGACY, runner as owner, Versioning false, Storage Type set to DISK and Encryption set to false 
2022-07-30 01:52:56,317 [IPC Server handler 19 on default port 40433] INFO  bucket.OMBucketCreateRequest (OMBucketCreateRequest.java:validateAndUpdateCache(260)) - created bucket: bucket82494 of layout LEGACY in volume: volume22688
2022-07-30 01:52:56,318 [Time-limited test] INFO  ozone.TestRootedOzoneFileSystem (TestRootedOzoneFileSystem.java:testRenameDirToItsOwnSubDir(1610)) - Created dir1 /volume22688/bucket82494/root/dir1/sub_dir1
2022-07-30 01:52:56,318 [Time-limited test] INFO  ozone.TestRootedOzoneFileSystem (TestRootedOzoneFileSystem.java:testRenameDirToItsOwnSubDir(1613)) - Rename op-> source:/volume22688/bucket82494/root to destin:/volume22688/bucket82494/root/dir1/sub_dir1
]]></system-out>
  </testcase>
  <testcase name="testDeleteBucketLink" classname="TestRootedOzoneFileSystem" time="0.162">
    <system-out><![CDATA[2022-07-30 01:47:41,681 [Time-limited test] INFO  rpc.RpcClient (RpcClient.java:createVolume(468)) - Creating Volume: volume52014, with user93679 as owner and space quota set to -1 bytes, counts quota set to -1
2022-07-30 01:47:41,684 [OM StateMachine ApplyTransaction Thread - 0] INFO  volume.OMVolumeCreateRequest (OMVolumeCreateRequest.java:validateAndUpdateCache(195)) - created volume:volume52014 for user:user93679
2022-07-30 01:47:41,686 [Time-limited test] INFO  rpc.RpcClient (RpcClient.java:createBucket(671)) - Creating Bucket: volume52014/bucket17822, with bucket layout LEGACY, runner as owner, Versioning false, Storage Type set to DISK and Encryption set to false 
2022-07-30 01:47:41,689 [OM StateMachine ApplyTransaction Thread - 0] INFO  bucket.OMBucketCreateRequest (OMBucketCreateRequest.java:validateAndUpdateCache(260)) - created bucket: bucket17822 of layout LEGACY in volume: volume52014
2022-07-30 01:47:41,696 [Time-limited test] INFO  rpc.RpcClient (RpcClient.java:createVolume(468)) - Creating Volume: volume-04990, with runner as owner and space quota set to -1 bytes, counts quota set to -1
2022-07-30 01:47:41,698 [OM StateMachine ApplyTransaction Thread - 0] INFO  volume.OMVolumeCreateRequest (OMVolumeCreateRequest.java:validateAndUpdateCache(195)) - created volume:volume-04990 for user:runner
2022-07-30 01:47:41,700 [Time-limited test] INFO  rpc.RpcClient (RpcClient.java:createBucket(671)) - Creating Bucket: volume-04990/bucket, with bucket layout LEGACY, runner as owner, Versioning false, Storage Type set to DISK and Encryption set to false 
2022-07-30 01:47:41,702 [OM StateMachine ApplyTransaction Thread - 0] INFO  bucket.OMBucketCreateRequest (OMBucketCreateRequest.java:validateAndUpdateCache(260)) - created bucket: bucket of layout LEGACY in volume: volume-04990
2022-07-30 01:47:41,711 [Time-limited test] INFO  rpc.RpcClient (RpcClient.java:createVolume(468)) - Creating Volume: volume-58366, with runner as owner and space quota set to -1 bytes, counts quota set to -1
2022-07-30 01:47:41,713 [OM StateMachine ApplyTransaction Thread - 0] INFO  volume.OMVolumeCreateRequest (OMVolumeCreateRequest.java:validateAndUpdateCache(195)) - created volume:volume-58366 for user:runner
2022-07-30 01:47:41,715 [Time-limited test] INFO  rpc.RpcClient (RpcClient.java:createBucket(671)) - Creating Bucket: volume-58366/link, with server-side default bucket layout, runner as owner, Versioning false, Storage Type set to DISK and Encryption set to false 
2022-07-30 01:47:41,717 [OM StateMachine ApplyTransaction Thread - 0] INFO  bucket.OMBucketCreateRequest (OMBucketCreateRequest.java:validateAndUpdateCache(260)) - created bucket: link of layout LEGACY in volume: volume-58366
01:47:41.726 [OM StateMachine ApplyTransaction Thread - 0] ERROR OMAudit - user=runner | ip=127.0.0.1 | op=DELETE_VOLUME {volume=volume-58366} | ret=FAILURE
org.apache.hadoop.ozone.om.exceptions.OMException: null
	at org.apache.hadoop.ozone.om.request.volume.OMVolumeDeleteRequest.validateAndUpdateCache(OMVolumeDeleteRequest.java:122) ~[ozone-manager-1.3.0-SNAPSHOT.jar:?]
	at org.apache.hadoop.ozone.protocolPB.OzoneManagerRequestHandler.handleWriteRequest(OzoneManagerRequestHandler.java:300) ~[ozone-manager-1.3.0-SNAPSHOT.jar:?]
	at org.apache.hadoop.ozone.om.ratis.OzoneManagerStateMachine.runCommand(OzoneManagerStateMachine.java:529) ~[ozone-manager-1.3.0-SNAPSHOT.jar:?]
	at org.apache.hadoop.ozone.om.ratis.OzoneManagerStateMachine.lambda$1(OzoneManagerStateMachine.java:324) ~[ozone-manager-1.3.0-SNAPSHOT.jar:?]
	at java.util.concurrent.CompletableFuture$AsyncSupply.run(CompletableFuture.java:1604) [?:1.8.0_332]
	at java.util.concurrent.ThreadPoolExecutor.runWorker(ThreadPoolExecutor.java:1149) [?:1.8.0_332]
	at java.util.concurrent.ThreadPoolExecutor$Worker.run(ThreadPoolExecutor.java:624) [?:1.8.0_332]
	at java.lang.Thread.run(Thread.java:750) [?:1.8.0_332]
2022-07-30 01:47:41,727 [OM StateMachine ApplyTransaction Thread - 0] ERROR volume.OMVolumeDeleteRequest (OMVolumeDeleteRequest.java:validateAndUpdateCache(170)) - Volume deletion failed for user:runner volume:volume-58366
VOLUME_NOT_EMPTY org.apache.hadoop.ozone.om.exceptions.OMException
	at org.apache.hadoop.ozone.om.request.volume.OMVolumeDeleteRequest.validateAndUpdateCache(OMVolumeDeleteRequest.java:122)
	at org.apache.hadoop.ozone.protocolPB.OzoneManagerRequestHandler.handleWriteRequest(OzoneManagerRequestHandler.java:300)
	at org.apache.hadoop.ozone.om.ratis.OzoneManagerStateMachine.runCommand(OzoneManagerStateMachine.java:529)
	at org.apache.hadoop.ozone.om.ratis.OzoneManagerStateMachine.lambda$1(OzoneManagerStateMachine.java:324)
	at java.util.concurrent.CompletableFuture$AsyncSupply.run(CompletableFuture.java:1604)
	at java.util.concurrent.ThreadPoolExecutor.runWorker(ThreadPoolExecutor.java:1149)
	at java.util.concurrent.ThreadPoolExecutor$Worker.run(ThreadPoolExecutor.java:624)
	at java.lang.Thread.run(Thread.java:750)
]]></system-out>
  </testcase>
  <testcase name="testDeleteBucketLink" classname="TestRootedOzoneFileSystem" time="0.193">
    <system-out><![CDATA[2022-07-30 01:48:57,788 [Time-limited test] INFO  rpc.RpcClient (RpcClient.java:createVolume(468)) - Creating Volume: volume22832, with user72125 as owner and space quota set to -1 bytes, counts quota set to -1
2022-07-30 01:48:57,794 [OM StateMachine ApplyTransaction Thread - 0] INFO  volume.OMVolumeCreateRequest (OMVolumeCreateRequest.java:validateAndUpdateCache(195)) - created volume:volume22832 for user:user72125
2022-07-30 01:48:57,795 [Time-limited test] INFO  rpc.RpcClient (RpcClient.java:createBucket(671)) - Creating Bucket: volume22832/bucket62576, with bucket layout LEGACY, runner as owner, Versioning false, Storage Type set to DISK and Encryption set to false 
2022-07-30 01:48:57,798 [OM StateMachine ApplyTransaction Thread - 0] INFO  bucket.OMBucketCreateRequest (OMBucketCreateRequest.java:validateAndUpdateCache(260)) - created bucket: bucket62576 of layout LEGACY in volume: volume22832
01:48:57.799 [IPC Server handler 8 on default port 43571] ERROR OMAudit - user=runner | ip=127.0.0.1 | op=READ_BUCKET {volume=volume-75630, bucket=bucket} | ret=FAILURE
org.apache.hadoop.ozone.om.exceptions.OMException: Volume not found when getting bucket info
	at org.apache.hadoop.ozone.om.BucketManagerImpl.getBucketInfo(BucketManagerImpl.java:127) ~[ozone-manager-1.3.0-SNAPSHOT.jar:?]
	at org.apache.hadoop.ozone.om.OzoneManager.getBucketInfo(OzoneManager.java:2779) ~[ozone-manager-1.3.0-SNAPSHOT.jar:?]
	at org.apache.hadoop.ozone.protocolPB.OzoneManagerRequestHandler.infoBucket(OzoneManagerRequestHandler.java:471) ~[ozone-manager-1.3.0-SNAPSHOT.jar:?]
	at org.apache.hadoop.ozone.protocolPB.OzoneManagerRequestHandler.handleReadRequest(OzoneManagerRequestHandler.java:174) ~[ozone-manager-1.3.0-SNAPSHOT.jar:?]
	at org.apache.hadoop.ozone.protocolPB.OzoneManagerProtocolServerSideTranslatorPB.submitReadRequestToOM(OzoneManagerProtocolServerSideTranslatorPB.java:226) ~[ozone-manager-1.3.0-SNAPSHOT.jar:?]
	at org.apache.hadoop.ozone.protocolPB.OzoneManagerProtocolServerSideTranslatorPB.processRequest(OzoneManagerProtocolServerSideTranslatorPB.java:175) ~[ozone-manager-1.3.0-SNAPSHOT.jar:?]
	at org.apache.hadoop.hdds.server.OzoneProtocolMessageDispatcher.processRequest(OzoneProtocolMessageDispatcher.java:87) [hdds-server-framework-1.3.0-SNAPSHOT.jar:?]
	at org.apache.hadoop.ozone.protocolPB.OzoneManagerProtocolServerSideTranslatorPB.submitRequest(OzoneManagerProtocolServerSideTranslatorPB.java:147) [ozone-manager-1.3.0-SNAPSHOT.jar:?]
	at org.apache.hadoop.ozone.protocol.proto.OzoneManagerProtocolProtos$OzoneManagerService$2.callBlockingMethod(OzoneManagerProtocolProtos.java) [ozone-interface-client-1.3.0-SNAPSHOT.jar:?]
	at org.apache.hadoop.ipc.ProtobufRpcEngine$Server.processCall(ProtobufRpcEngine.java:466) [hadoop-common-3.3.1.jar:?]
	at org.apache.hadoop.ipc.ProtobufRpcEngine2$Server$ProtoBufRpcInvoker.call(ProtobufRpcEngine2.java:574) [hadoop-common-3.3.1.jar:?]
	at org.apache.hadoop.ipc.ProtobufRpcEngine2$Server$ProtoBufRpcInvoker.call(ProtobufRpcEngine2.java:552) [hadoop-common-3.3.1.jar:?]
	at org.apache.hadoop.ipc.RPC$Server.call(RPC.java:1093) [hadoop-common-3.3.1.jar:?]
	at org.apache.hadoop.ipc.Server$RpcCall.run(Server.java:1035) [hadoop-common-3.3.1.jar:?]
	at org.apache.hadoop.ipc.Server$RpcCall.run(Server.java:963) [hadoop-common-3.3.1.jar:?]
	at java.security.AccessController.doPrivileged(Native Method) ~[?:1.8.0_332]
	at javax.security.auth.Subject.doAs(Subject.java:422) [?:1.8.0_332]
	at org.apache.hadoop.security.UserGroupInformation.doAs(UserGroupInformation.java:1878) [hadoop-common-3.3.1.jar:?]
	at org.apache.hadoop.ipc.Server$Handler.run(Server.java:2966) [hadoop-common-3.3.1.jar:?]
2022-07-30 01:48:57,800 [Time-limited test] INFO  rpc.RpcClient (RpcClient.java:createVolume(468)) - Creating Volume: volume-75630, with runner as owner and space quota set to -1 bytes, counts quota set to -1
2022-07-30 01:48:57,806 [OM StateMachine ApplyTransaction Thread - 0] INFO  volume.OMVolumeCreateRequest (OMVolumeCreateRequest.java:validateAndUpdateCache(195)) - created volume:volume-75630 for user:runner
2022-07-30 01:48:57,807 [Time-limited test] INFO  rpc.RpcClient (RpcClient.java:createBucket(671)) - Creating Bucket: volume-75630/bucket, with bucket layout LEGACY, runner as owner, Versioning false, Storage Type set to DISK and Encryption set to false 
2022-07-30 01:48:57,808 [OM StateMachine ApplyTransaction Thread - 0] INFO  bucket.OMBucketCreateRequest (OMBucketCreateRequest.java:validateAndUpdateCache(260)) - created bucket: bucket of layout LEGACY in volume: volume-75630
2022-07-30 01:48:57,812 [Time-limited test] INFO  rpc.RpcClient (RpcClient.java:createVolume(468)) - Creating Volume: volume-08605, with runner as owner and space quota set to -1 bytes, counts quota set to -1
2022-07-30 01:48:57,815 [OM StateMachine ApplyTransaction Thread - 0] INFO  volume.OMVolumeCreateRequest (OMVolumeCreateRequest.java:validateAndUpdateCache(195)) - created volume:volume-08605 for user:runner
2022-07-30 01:48:57,817 [Time-limited test] INFO  rpc.RpcClient (RpcClient.java:createBucket(671)) - Creating Bucket: volume-08605/link, with server-side default bucket layout, runner as owner, Versioning false, Storage Type set to DISK and Encryption set to false 
2022-07-30 01:48:57,818 [OM StateMachine ApplyTransaction Thread - 0] INFO  bucket.OMBucketCreateRequest (OMBucketCreateRequest.java:validateAndUpdateCache(260)) - created bucket: link of layout LEGACY in volume: volume-08605
01:48:57.822 [OM StateMachine ApplyTransaction Thread - 0] ERROR OMAudit - user=runner | ip=127.0.0.1 | op=DELETE_VOLUME {volume=volume-08605} | ret=FAILURE
org.apache.hadoop.ozone.om.exceptions.OMException: null
	at org.apache.hadoop.ozone.om.request.volume.OMVolumeDeleteRequest.validateAndUpdateCache(OMVolumeDeleteRequest.java:122) ~[ozone-manager-1.3.0-SNAPSHOT.jar:?]
	at org.apache.hadoop.ozone.protocolPB.OzoneManagerRequestHandler.handleWriteRequest(OzoneManagerRequestHandler.java:300) ~[ozone-manager-1.3.0-SNAPSHOT.jar:?]
	at org.apache.hadoop.ozone.om.ratis.OzoneManagerStateMachine.runCommand(OzoneManagerStateMachine.java:529) ~[ozone-manager-1.3.0-SNAPSHOT.jar:?]
	at org.apache.hadoop.ozone.om.ratis.OzoneManagerStateMachine.lambda$1(OzoneManagerStateMachine.java:324) ~[ozone-manager-1.3.0-SNAPSHOT.jar:?]
	at java.util.concurrent.CompletableFuture$AsyncSupply.run(CompletableFuture.java:1604) [?:1.8.0_332]
	at java.util.concurrent.ThreadPoolExecutor.runWorker(ThreadPoolExecutor.java:1149) [?:1.8.0_332]
	at java.util.concurrent.ThreadPoolExecutor$Worker.run(ThreadPoolExecutor.java:624) [?:1.8.0_332]
	at java.lang.Thread.run(Thread.java:750) [?:1.8.0_332]
2022-07-30 01:48:57,822 [OM StateMachine ApplyTransaction Thread - 0] ERROR volume.OMVolumeDeleteRequest (OMVolumeDeleteRequest.java:validateAndUpdateCache(170)) - Volume deletion failed for user:runner volume:volume-08605
VOLUME_NOT_EMPTY org.apache.hadoop.ozone.om.exceptions.OMException
	at org.apache.hadoop.ozone.om.request.volume.OMVolumeDeleteRequest.validateAndUpdateCache(OMVolumeDeleteRequest.java:122)
	at org.apache.hadoop.ozone.protocolPB.OzoneManagerRequestHandler.handleWriteRequest(OzoneManagerRequestHandler.java:300)
	at org.apache.hadoop.ozone.om.ratis.OzoneManagerStateMachine.runCommand(OzoneManagerStateMachine.java:529)
	at org.apache.hadoop.ozone.om.ratis.OzoneManagerStateMachine.lambda$1(OzoneManagerStateMachine.java:324)
	at java.util.concurrent.CompletableFuture$AsyncSupply.run(CompletableFuture.java:1604)
	at java.util.concurrent.ThreadPoolExecutor.runWorker(ThreadPoolExecutor.java:1149)
	at java.util.concurrent.ThreadPoolExecutor$Worker.run(ThreadPoolExecutor.java:624)
	at java.lang.Thread.run(Thread.java:750)
01:48:57.832 [IPC Server handler 1 on default port 43571] ERROR OMAudit - user=runner | ip=127.0.0.1 | op=READ_BUCKET {volume=volume-08605, bucket=link} | ret=FAILURE
org.apache.hadoop.ozone.om.exceptions.OMException: Volume not found when getting bucket info
	at org.apache.hadoop.ozone.om.BucketManagerImpl.getBucketInfo(BucketManagerImpl.java:127) ~[ozone-manager-1.3.0-SNAPSHOT.jar:?]
	at org.apache.hadoop.ozone.om.OzoneManager.getBucketInfo(OzoneManager.java:2779) ~[ozone-manager-1.3.0-SNAPSHOT.jar:?]
	at org.apache.hadoop.ozone.protocolPB.OzoneManagerRequestHandler.infoBucket(OzoneManagerRequestHandler.java:471) ~[ozone-manager-1.3.0-SNAPSHOT.jar:?]
	at org.apache.hadoop.ozone.protocolPB.OzoneManagerRequestHandler.handleReadRequest(OzoneManagerRequestHandler.java:174) ~[ozone-manager-1.3.0-SNAPSHOT.jar:?]
	at org.apache.hadoop.ozone.protocolPB.OzoneManagerProtocolServerSideTranslatorPB.submitReadRequestToOM(OzoneManagerProtocolServerSideTranslatorPB.java:226) ~[ozone-manager-1.3.0-SNAPSHOT.jar:?]
	at org.apache.hadoop.ozone.protocolPB.OzoneManagerProtocolServerSideTranslatorPB.processRequest(OzoneManagerProtocolServerSideTranslatorPB.java:175) ~[ozone-manager-1.3.0-SNAPSHOT.jar:?]
	at org.apache.hadoop.hdds.server.OzoneProtocolMessageDispatcher.processRequest(OzoneProtocolMessageDispatcher.java:87) [hdds-server-framework-1.3.0-SNAPSHOT.jar:?]
	at org.apache.hadoop.ozone.protocolPB.OzoneManagerProtocolServerSideTranslatorPB.submitRequest(OzoneManagerProtocolServerSideTranslatorPB.java:147) [ozone-manager-1.3.0-SNAPSHOT.jar:?]
	at org.apache.hadoop.ozone.protocol.proto.OzoneManagerProtocolProtos$OzoneManagerService$2.callBlockingMethod(OzoneManagerProtocolProtos.java) [ozone-interface-client-1.3.0-SNAPSHOT.jar:?]
	at org.apache.hadoop.ipc.ProtobufRpcEngine$Server.processCall(ProtobufRpcEngine.java:466) [hadoop-common-3.3.1.jar:?]
	at org.apache.hadoop.ipc.ProtobufRpcEngine2$Server$ProtoBufRpcInvoker.call(ProtobufRpcEngine2.java:574) [hadoop-common-3.3.1.jar:?]
	at org.apache.hadoop.ipc.ProtobufRpcEngine2$Server$ProtoBufRpcInvoker.call(ProtobufRpcEngine2.java:552) [hadoop-common-3.3.1.jar:?]
	at org.apache.hadoop.ipc.RPC$Server.call(RPC.java:1093) [hadoop-common-3.3.1.jar:?]
	at org.apache.hadoop.ipc.Server$RpcCall.run(Server.java:1035) [hadoop-common-3.3.1.jar:?]
	at org.apache.hadoop.ipc.Server$RpcCall.run(Server.java:963) [hadoop-common-3.3.1.jar:?]
	at java.security.AccessController.doPrivileged(Native Method) ~[?:1.8.0_332]
	at javax.security.auth.Subject.doAs(Subject.java:422) [?:1.8.0_332]
	at org.apache.hadoop.security.UserGroupInformation.doAs(UserGroupInformation.java:1878) [hadoop-common-3.3.1.jar:?]
	at org.apache.hadoop.ipc.Server$Handler.run(Server.java:2966) [hadoop-common-3.3.1.jar:?]
]]></system-out>
  </testcase>
  <testcase name="testDeleteBucketLink" classname="TestRootedOzoneFileSystem" time="0.134">
    <system-out><![CDATA[2022-07-30 01:50:10,220 [Time-limited test] INFO  rpc.RpcClient (RpcClient.java:createVolume(468)) - Creating Volume: volume84814, with user23699 as owner and space quota set to -1 bytes, counts quota set to -1
2022-07-30 01:50:10,222 [IPC Server handler 1 on default port 41659] INFO  volume.OMVolumeCreateRequest (OMVolumeCreateRequest.java:validateAndUpdateCache(195)) - created volume:volume84814 for user:user23699
2022-07-30 01:50:10,228 [Time-limited test] INFO  rpc.RpcClient (RpcClient.java:createBucket(671)) - Creating Bucket: volume84814/bucket98772, with bucket layout LEGACY, runner as owner, Versioning false, Storage Type set to DISK and Encryption set to false 
2022-07-30 01:50:10,228 [IPC Server handler 3 on default port 41659] INFO  bucket.OMBucketCreateRequest (OMBucketCreateRequest.java:validateAndUpdateCache(260)) - created bucket: bucket98772 of layout LEGACY in volume: volume84814
01:50:10.230 [IPC Server handler 6 on default port 41659] ERROR OMAudit - user=runner | ip=127.0.0.1 | op=READ_BUCKET {volume=volume-75508, bucket=bucket} | ret=FAILURE
org.apache.hadoop.ozone.om.exceptions.OMException: Volume not found when getting bucket info
	at org.apache.hadoop.ozone.om.BucketManagerImpl.getBucketInfo(BucketManagerImpl.java:127) ~[ozone-manager-1.3.0-SNAPSHOT.jar:?]
	at org.apache.hadoop.ozone.om.OzoneManager.getBucketInfo(OzoneManager.java:2779) ~[ozone-manager-1.3.0-SNAPSHOT.jar:?]
	at org.apache.hadoop.ozone.protocolPB.OzoneManagerRequestHandler.infoBucket(OzoneManagerRequestHandler.java:471) ~[ozone-manager-1.3.0-SNAPSHOT.jar:?]
	at org.apache.hadoop.ozone.protocolPB.OzoneManagerRequestHandler.handleReadRequest(OzoneManagerRequestHandler.java:174) ~[ozone-manager-1.3.0-SNAPSHOT.jar:?]
	at org.apache.hadoop.ozone.protocolPB.OzoneManagerProtocolServerSideTranslatorPB.submitRequestDirectlyToOM(OzoneManagerProtocolServerSideTranslatorPB.java:276) ~[ozone-manager-1.3.0-SNAPSHOT.jar:?]
	at org.apache.hadoop.ozone.protocolPB.OzoneManagerProtocolServerSideTranslatorPB.processRequest(OzoneManagerProtocolServerSideTranslatorPB.java:205) ~[ozone-manager-1.3.0-SNAPSHOT.jar:?]
	at org.apache.hadoop.hdds.server.OzoneProtocolMessageDispatcher.processRequest(OzoneProtocolMessageDispatcher.java:87) [hdds-server-framework-1.3.0-SNAPSHOT.jar:?]
	at org.apache.hadoop.ozone.protocolPB.OzoneManagerProtocolServerSideTranslatorPB.submitRequest(OzoneManagerProtocolServerSideTranslatorPB.java:147) [ozone-manager-1.3.0-SNAPSHOT.jar:?]
	at org.apache.hadoop.ozone.protocol.proto.OzoneManagerProtocolProtos$OzoneManagerService$2.callBlockingMethod(OzoneManagerProtocolProtos.java) [ozone-interface-client-1.3.0-SNAPSHOT.jar:?]
	at org.apache.hadoop.ipc.ProtobufRpcEngine$Server.processCall(ProtobufRpcEngine.java:466) [hadoop-common-3.3.1.jar:?]
	at org.apache.hadoop.ipc.ProtobufRpcEngine2$Server$ProtoBufRpcInvoker.call(ProtobufRpcEngine2.java:574) [hadoop-common-3.3.1.jar:?]
	at org.apache.hadoop.ipc.ProtobufRpcEngine2$Server$ProtoBufRpcInvoker.call(ProtobufRpcEngine2.java:552) [hadoop-common-3.3.1.jar:?]
	at org.apache.hadoop.ipc.RPC$Server.call(RPC.java:1093) [hadoop-common-3.3.1.jar:?]
	at org.apache.hadoop.ipc.Server$RpcCall.run(Server.java:1035) [hadoop-common-3.3.1.jar:?]
	at org.apache.hadoop.ipc.Server$RpcCall.run(Server.java:963) [hadoop-common-3.3.1.jar:?]
	at java.security.AccessController.doPrivileged(Native Method) ~[?:1.8.0_332]
	at javax.security.auth.Subject.doAs(Subject.java:422) [?:1.8.0_332]
	at org.apache.hadoop.security.UserGroupInformation.doAs(UserGroupInformation.java:1878) [hadoop-common-3.3.1.jar:?]
	at org.apache.hadoop.ipc.Server$Handler.run(Server.java:2966) [hadoop-common-3.3.1.jar:?]
2022-07-30 01:50:10,230 [Time-limited test] INFO  rpc.RpcClient (RpcClient.java:createVolume(468)) - Creating Volume: volume-75508, with runner as owner and space quota set to -1 bytes, counts quota set to -1
2022-07-30 01:50:10,231 [IPC Server handler 5 on default port 41659] INFO  volume.OMVolumeCreateRequest (OMVolumeCreateRequest.java:validateAndUpdateCache(195)) - created volume:volume-75508 for user:runner
2022-07-30 01:50:10,251 [Time-limited test] INFO  rpc.RpcClient (RpcClient.java:createBucket(671)) - Creating Bucket: volume-75508/bucket, with bucket layout LEGACY, runner as owner, Versioning false, Storage Type set to DISK and Encryption set to false 
2022-07-30 01:50:10,251 [IPC Server handler 18 on default port 41659] INFO  bucket.OMBucketCreateRequest (OMBucketCreateRequest.java:validateAndUpdateCache(260)) - created bucket: bucket of layout LEGACY in volume: volume-75508
2022-07-30 01:50:10,253 [Time-limited test] INFO  rpc.RpcClient (RpcClient.java:createVolume(468)) - Creating Volume: volume-29559, with runner as owner and space quota set to -1 bytes, counts quota set to -1
2022-07-30 01:50:10,254 [IPC Server handler 14 on default port 41659] INFO  volume.OMVolumeCreateRequest (OMVolumeCreateRequest.java:validateAndUpdateCache(195)) - created volume:volume-29559 for user:runner
2022-07-30 01:50:10,254 [Time-limited test] INFO  rpc.RpcClient (RpcClient.java:createBucket(671)) - Creating Bucket: volume-29559/link, with server-side default bucket layout, runner as owner, Versioning false, Storage Type set to DISK and Encryption set to false 
2022-07-30 01:50:10,255 [IPC Server handler 12 on default port 41659] INFO  bucket.OMBucketCreateRequest (OMBucketCreateRequest.java:validateAndUpdateCache(260)) - created bucket: link of layout LEGACY in volume: volume-29559
01:50:10.266 [IPC Server handler 3 on default port 41659] ERROR OMAudit - user=runner | ip=127.0.0.1 | op=DELETE_VOLUME {volume=volume-29559} | ret=FAILURE
org.apache.hadoop.ozone.om.exceptions.OMException: null
	at org.apache.hadoop.ozone.om.request.volume.OMVolumeDeleteRequest.validateAndUpdateCache(OMVolumeDeleteRequest.java:122) ~[ozone-manager-1.3.0-SNAPSHOT.jar:?]
	at org.apache.hadoop.ozone.protocolPB.OzoneManagerRequestHandler.handleWriteRequest(OzoneManagerRequestHandler.java:300) ~[ozone-manager-1.3.0-SNAPSHOT.jar:?]
	at org.apache.hadoop.ozone.protocolPB.OzoneManagerProtocolServerSideTranslatorPB.submitRequestDirectlyToOM(OzoneManagerProtocolServerSideTranslatorPB.java:282) ~[ozone-manager-1.3.0-SNAPSHOT.jar:?]
	at org.apache.hadoop.ozone.protocolPB.OzoneManagerProtocolServerSideTranslatorPB.processRequest(OzoneManagerProtocolServerSideTranslatorPB.java:205) ~[ozone-manager-1.3.0-SNAPSHOT.jar:?]
	at org.apache.hadoop.hdds.server.OzoneProtocolMessageDispatcher.processRequest(OzoneProtocolMessageDispatcher.java:87) [hdds-server-framework-1.3.0-SNAPSHOT.jar:?]
	at org.apache.hadoop.ozone.protocolPB.OzoneManagerProtocolServerSideTranslatorPB.submitRequest(OzoneManagerProtocolServerSideTranslatorPB.java:147) [ozone-manager-1.3.0-SNAPSHOT.jar:?]
	at org.apache.hadoop.ozone.protocol.proto.OzoneManagerProtocolProtos$OzoneManagerService$2.callBlockingMethod(OzoneManagerProtocolProtos.java) [ozone-interface-client-1.3.0-SNAPSHOT.jar:?]
	at org.apache.hadoop.ipc.ProtobufRpcEngine$Server.processCall(ProtobufRpcEngine.java:466) [hadoop-common-3.3.1.jar:?]
	at org.apache.hadoop.ipc.ProtobufRpcEngine2$Server$ProtoBufRpcInvoker.call(ProtobufRpcEngine2.java:574) [hadoop-common-3.3.1.jar:?]
	at org.apache.hadoop.ipc.ProtobufRpcEngine2$Server$ProtoBufRpcInvoker.call(ProtobufRpcEngine2.java:552) [hadoop-common-3.3.1.jar:?]
	at org.apache.hadoop.ipc.RPC$Server.call(RPC.java:1093) [hadoop-common-3.3.1.jar:?]
	at org.apache.hadoop.ipc.Server$RpcCall.run(Server.java:1035) [hadoop-common-3.3.1.jar:?]
	at org.apache.hadoop.ipc.Server$RpcCall.run(Server.java:963) [hadoop-common-3.3.1.jar:?]
	at java.security.AccessController.doPrivileged(Native Method) ~[?:1.8.0_332]
	at javax.security.auth.Subject.doAs(Subject.java:422) [?:1.8.0_332]
	at org.apache.hadoop.security.UserGroupInformation.doAs(UserGroupInformation.java:1878) [hadoop-common-3.3.1.jar:?]
	at org.apache.hadoop.ipc.Server$Handler.run(Server.java:2966) [hadoop-common-3.3.1.jar:?]
2022-07-30 01:50:10,266 [IPC Server handler 3 on default port 41659] ERROR volume.OMVolumeDeleteRequest (OMVolumeDeleteRequest.java:validateAndUpdateCache(170)) - Volume deletion failed for user:runner volume:volume-29559
VOLUME_NOT_EMPTY org.apache.hadoop.ozone.om.exceptions.OMException
	at org.apache.hadoop.ozone.om.request.volume.OMVolumeDeleteRequest.validateAndUpdateCache(OMVolumeDeleteRequest.java:122)
	at org.apache.hadoop.ozone.protocolPB.OzoneManagerRequestHandler.handleWriteRequest(OzoneManagerRequestHandler.java:300)
	at org.apache.hadoop.ozone.protocolPB.OzoneManagerProtocolServerSideTranslatorPB.submitRequestDirectlyToOM(OzoneManagerProtocolServerSideTranslatorPB.java:282)
	at org.apache.hadoop.ozone.protocolPB.OzoneManagerProtocolServerSideTranslatorPB.processRequest(OzoneManagerProtocolServerSideTranslatorPB.java:205)
	at org.apache.hadoop.hdds.server.OzoneProtocolMessageDispatcher.processRequest(OzoneProtocolMessageDispatcher.java:87)
	at org.apache.hadoop.ozone.protocolPB.OzoneManagerProtocolServerSideTranslatorPB.submitRequest(OzoneManagerProtocolServerSideTranslatorPB.java:147)
	at org.apache.hadoop.ozone.protocol.proto.OzoneManagerProtocolProtos$OzoneManagerService$2.callBlockingMethod(OzoneManagerProtocolProtos.java)
	at org.apache.hadoop.ipc.ProtobufRpcEngine$Server.processCall(ProtobufRpcEngine.java:466)
	at org.apache.hadoop.ipc.ProtobufRpcEngine2$Server$ProtoBufRpcInvoker.call(ProtobufRpcEngine2.java:574)
	at org.apache.hadoop.ipc.ProtobufRpcEngine2$Server$ProtoBufRpcInvoker.call(ProtobufRpcEngine2.java:552)
	at org.apache.hadoop.ipc.RPC$Server.call(RPC.java:1093)
	at org.apache.hadoop.ipc.Server$RpcCall.run(Server.java:1035)
	at org.apache.hadoop.ipc.Server$RpcCall.run(Server.java:963)
	at java.security.AccessController.doPrivileged(Native Method)
	at javax.security.auth.Subject.doAs(Subject.java:422)
	at org.apache.hadoop.security.UserGroupInformation.doAs(UserGroupInformation.java:1878)
	at org.apache.hadoop.ipc.Server$Handler.run(Server.java:2966)
01:50:10.274 [IPC Server handler 2 on default port 41659] ERROR OMAudit - user=runner | ip=127.0.0.1 | op=READ_BUCKET {volume=volume-29559, bucket=link} | ret=FAILURE
org.apache.hadoop.ozone.om.exceptions.OMException: Volume not found when getting bucket info
	at org.apache.hadoop.ozone.om.BucketManagerImpl.getBucketInfo(BucketManagerImpl.java:127) ~[ozone-manager-1.3.0-SNAPSHOT.jar:?]
	at org.apache.hadoop.ozone.om.OzoneManager.getBucketInfo(OzoneManager.java:2779) ~[ozone-manager-1.3.0-SNAPSHOT.jar:?]
	at org.apache.hadoop.ozone.protocolPB.OzoneManagerRequestHandler.infoBucket(OzoneManagerRequestHandler.java:471) ~[ozone-manager-1.3.0-SNAPSHOT.jar:?]
	at org.apache.hadoop.ozone.protocolPB.OzoneManagerRequestHandler.handleReadRequest(OzoneManagerRequestHandler.java:174) ~[ozone-manager-1.3.0-SNAPSHOT.jar:?]
	at org.apache.hadoop.ozone.protocolPB.OzoneManagerProtocolServerSideTranslatorPB.submitRequestDirectlyToOM(OzoneManagerProtocolServerSideTranslatorPB.java:276) ~[ozone-manager-1.3.0-SNAPSHOT.jar:?]
	at org.apache.hadoop.ozone.protocolPB.OzoneManagerProtocolServerSideTranslatorPB.processRequest(OzoneManagerProtocolServerSideTranslatorPB.java:205) ~[ozone-manager-1.3.0-SNAPSHOT.jar:?]
	at org.apache.hadoop.hdds.server.OzoneProtocolMessageDispatcher.processRequest(OzoneProtocolMessageDispatcher.java:87) [hdds-server-framework-1.3.0-SNAPSHOT.jar:?]
	at org.apache.hadoop.ozone.protocolPB.OzoneManagerProtocolServerSideTranslatorPB.submitRequest(OzoneManagerProtocolServerSideTranslatorPB.java:147) [ozone-manager-1.3.0-SNAPSHOT.jar:?]
	at org.apache.hadoop.ozone.protocol.proto.OzoneManagerProtocolProtos$OzoneManagerService$2.callBlockingMethod(OzoneManagerProtocolProtos.java) [ozone-interface-client-1.3.0-SNAPSHOT.jar:?]
	at org.apache.hadoop.ipc.ProtobufRpcEngine$Server.processCall(ProtobufRpcEngine.java:466) [hadoop-common-3.3.1.jar:?]
	at org.apache.hadoop.ipc.ProtobufRpcEngine2$Server$ProtoBufRpcInvoker.call(ProtobufRpcEngine2.java:574) [hadoop-common-3.3.1.jar:?]
	at org.apache.hadoop.ipc.ProtobufRpcEngine2$Server$ProtoBufRpcInvoker.call(ProtobufRpcEngine2.java:552) [hadoop-common-3.3.1.jar:?]
	at org.apache.hadoop.ipc.RPC$Server.call(RPC.java:1093) [hadoop-common-3.3.1.jar:?]
	at org.apache.hadoop.ipc.Server$RpcCall.run(Server.java:1035) [hadoop-common-3.3.1.jar:?]
	at org.apache.hadoop.ipc.Server$RpcCall.run(Server.java:963) [hadoop-common-3.3.1.jar:?]
	at java.security.AccessController.doPrivileged(Native Method) ~[?:1.8.0_332]
	at javax.security.auth.Subject.doAs(Subject.java:422) [?:1.8.0_332]
	at org.apache.hadoop.security.UserGroupInformation.doAs(UserGroupInformation.java:1878) [hadoop-common-3.3.1.jar:?]
	at org.apache.hadoop.ipc.Server$Handler.run(Server.java:2966) [hadoop-common-3.3.1.jar:?]
]]></system-out>
  </testcase>
  <testcase name="testDeleteBucketLink" classname="TestRootedOzoneFileSystem" time="0.358">
    <system-out><![CDATA[2022-07-30 01:51:26,501 [feac6527-f4a3-4b35-b8b4-09fad8d49da5@group-D4C431024CB4-LeaderElection50] INFO  impl.LeaderElection (LeaderElection.java:askForVotes(310)) - feac6527-f4a3-4b35-b8b4-09fad8d49da5@group-D4C431024CB4-LeaderElection50 ELECTION round 0: submit vote requests at term 1 for -1: [feac6527-f4a3-4b35-b8b4-09fad8d49da5|rpc:10.1.0.37:42307|priority:1], old=null
2022-07-30 01:51:26,501 [feac6527-f4a3-4b35-b8b4-09fad8d49da5@group-D4C431024CB4-LeaderElection50] INFO  impl.LeaderElection (LeaderElection.java:askForVotes(312)) - feac6527-f4a3-4b35-b8b4-09fad8d49da5@group-D4C431024CB4-LeaderElection50 ELECTION round 0: result PASSED (term=1)
2022-07-30 01:51:26,501 [feac6527-f4a3-4b35-b8b4-09fad8d49da5@group-D4C431024CB4-LeaderElection50] INFO  impl.RoleInfo (RoleInfo.java:shutdownLeaderElection(130)) - feac6527-f4a3-4b35-b8b4-09fad8d49da5: shutdown feac6527-f4a3-4b35-b8b4-09fad8d49da5@group-D4C431024CB4-LeaderElection50
2022-07-30 01:51:26,502 [feac6527-f4a3-4b35-b8b4-09fad8d49da5@group-D4C431024CB4-LeaderElection50] INFO  server.RaftServer$Division (RaftServerImpl.java:setRole(299)) - feac6527-f4a3-4b35-b8b4-09fad8d49da5@group-D4C431024CB4: changes role from CANDIDATE to LEADER at term 1 for changeToLeader
2022-07-30 01:51:26,502 [feac6527-f4a3-4b35-b8b4-09fad8d49da5@group-D4C431024CB4-LeaderElection50] INFO  ratis.XceiverServerRatis (XceiverServerRatis.java:handleLeaderChangedNotification(863)) - Leader change notification received for group: group-D4C431024CB4 with new leaderId: feac6527-f4a3-4b35-b8b4-09fad8d49da5
2022-07-30 01:51:26,502 [feac6527-f4a3-4b35-b8b4-09fad8d49da5@group-D4C431024CB4-LeaderElection50] INFO  server.RaftServer$Division (ServerState.java:setLeader(287)) - feac6527-f4a3-4b35-b8b4-09fad8d49da5@group-D4C431024CB4: change Leader from null to feac6527-f4a3-4b35-b8b4-09fad8d49da5 at term 1 for becomeLeader, leader elected after 5287ms
2022-07-30 01:51:26,502 [feac6527-f4a3-4b35-b8b4-09fad8d49da5@group-D4C431024CB4-LeaderElection50] INFO  server.RaftServerConfigKeys (ConfUtils.java:logGet(46)) - raft.server.staging.catchup.gap = 1000 (default)
2022-07-30 01:51:26,502 [feac6527-f4a3-4b35-b8b4-09fad8d49da5@group-D4C431024CB4-LeaderElection50] INFO  server.RaftServerConfigKeys (ConfUtils.java:logGet(46)) - raft.server.write.element-limit = 1024 (custom)
2022-07-30 01:51:26,502 [feac6527-f4a3-4b35-b8b4-09fad8d49da5@group-D4C431024CB4-LeaderElection50] INFO  server.RaftServerConfigKeys (ConfUtils.java:logGet(46)) - raft.server.write.byte-limit = 1024 M (=1073741824) (custom)
2022-07-30 01:51:26,502 [feac6527-f4a3-4b35-b8b4-09fad8d49da5@group-D4C431024CB4-LeaderElection50] INFO  server.RaftServerConfigKeys (ConfUtils.java:logGet(46)) - raft.server.watch.timeout = 180s (custom)
2022-07-30 01:51:26,503 [feac6527-f4a3-4b35-b8b4-09fad8d49da5@group-D4C431024CB4-LeaderElection50] INFO  server.RaftServerConfigKeys (ConfUtils.java:logGet(46)) - raft.server.watch.timeout.denomination = 1s (default)
2022-07-30 01:51:26,503 [feac6527-f4a3-4b35-b8b4-09fad8d49da5@group-D4C431024CB4-LeaderElection50] INFO  server.RaftServerConfigKeys (ConfUtils.java:logGet(46)) - raft.server.watch.element-limit = 65536 (default)
2022-07-30 01:51:26,503 [feac6527-f4a3-4b35-b8b4-09fad8d49da5@group-D4C431024CB4-LeaderElection50] INFO  server.RaftServerConfigKeys (ConfUtils.java:logGet(46)) - raft.server.write.element-limit = 1024 (custom)
2022-07-30 01:51:26,503 [feac6527-f4a3-4b35-b8b4-09fad8d49da5@group-D4C431024CB4-LeaderElection50] INFO  server.RaftServerConfigKeys (ConfUtils.java:logGet(46)) - raft.server.write.follower.gap.ratio.max = -1.0 (default)
2022-07-30 01:51:26,503 [feac6527-f4a3-4b35-b8b4-09fad8d49da5@group-D4C431024CB4-LeaderElection50] INFO  impl.RoleInfo (RoleInfo.java:updateAndGet(139)) - feac6527-f4a3-4b35-b8b4-09fad8d49da5: start feac6527-f4a3-4b35-b8b4-09fad8d49da5@group-D4C431024CB4-LeaderStateImpl
2022-07-30 01:51:26,508 [feac6527-f4a3-4b35-b8b4-09fad8d49da5@group-D4C431024CB4-LeaderElection50] INFO  segmented.SegmentedRaftLogWorker (SegmentedRaftLogWorker.java:startLogSegment(425)) - feac6527-f4a3-4b35-b8b4-09fad8d49da5@group-D4C431024CB4-SegmentedRaftLogWorker: Starting segment from index:0
2022-07-30 01:51:26,513 [feac6527-f4a3-4b35-b8b4-09fad8d49da5@group-D4C431024CB4-SegmentedRaftLogWorker] INFO  segmented.SegmentedRaftLogWorker (SegmentedRaftLogWorker.java:execute(629)) - feac6527-f4a3-4b35-b8b4-09fad8d49da5@group-D4C431024CB4-SegmentedRaftLogWorker: created new log segment /home/runner/work/ozone/ozone/hadoop-ozone/integration-test/target/test-dir/MiniOzoneClusterImpl-82f5a944-0aea-4e62-8f89-f91bfebfb0a1/datanode-4/data/ratis/450c294f-2a2b-43b9-9e9b-d4c431024cb4/current/log_inprogress_0
2022-07-30 01:51:26,555 [feac6527-f4a3-4b35-b8b4-09fad8d49da5@group-D4C431024CB4-LeaderElection50] INFO  server.RaftServer$Division (ServerState.java:setRaftConf(393)) - feac6527-f4a3-4b35-b8b4-09fad8d49da5@group-D4C431024CB4: set configuration 0: [feac6527-f4a3-4b35-b8b4-09fad8d49da5|rpc:10.1.0.37:42307|dataStream:|priority:1], old=null
2022-07-30 01:51:26,637 [Time-limited test] INFO  rpc.RpcClient (RpcClient.java:createVolume(468)) - Creating Volume: volume95954, with user52088 as owner and space quota set to -1 bytes, counts quota set to -1
2022-07-30 01:51:26,641 [OM StateMachine ApplyTransaction Thread - 0] INFO  volume.OMVolumeCreateRequest (OMVolumeCreateRequest.java:validateAndUpdateCache(195)) - created volume:volume95954 for user:user52088
2022-07-30 01:51:26,643 [Time-limited test] INFO  rpc.RpcClient (RpcClient.java:createBucket(671)) - Creating Bucket: volume95954/bucket24208, with bucket layout LEGACY, runner as owner, Versioning false, Storage Type set to DISK and Encryption set to false 
2022-07-30 01:51:26,645 [OM StateMachine ApplyTransaction Thread - 0] INFO  bucket.OMBucketCreateRequest (OMBucketCreateRequest.java:validateAndUpdateCache(260)) - created bucket: bucket24208 of layout LEGACY in volume: volume95954
01:51:26.646 [IPC Server handler 13 on default port 42455] ERROR OMAudit - user=runner | ip=127.0.0.1 | op=READ_BUCKET {volume=volume-41794, bucket=bucket} | ret=FAILURE
org.apache.hadoop.ozone.om.exceptions.OMException: Volume not found when getting bucket info
	at org.apache.hadoop.ozone.om.BucketManagerImpl.getBucketInfo(BucketManagerImpl.java:127) ~[ozone-manager-1.3.0-SNAPSHOT.jar:?]
	at org.apache.hadoop.ozone.om.OzoneManager.getBucketInfo(OzoneManager.java:2779) ~[ozone-manager-1.3.0-SNAPSHOT.jar:?]
	at org.apache.hadoop.ozone.protocolPB.OzoneManagerRequestHandler.infoBucket(OzoneManagerRequestHandler.java:471) ~[ozone-manager-1.3.0-SNAPSHOT.jar:?]
	at org.apache.hadoop.ozone.protocolPB.OzoneManagerRequestHandler.handleReadRequest(OzoneManagerRequestHandler.java:174) ~[ozone-manager-1.3.0-SNAPSHOT.jar:?]
	at org.apache.hadoop.ozone.protocolPB.OzoneManagerProtocolServerSideTranslatorPB.submitReadRequestToOM(OzoneManagerProtocolServerSideTranslatorPB.java:226) ~[ozone-manager-1.3.0-SNAPSHOT.jar:?]
	at org.apache.hadoop.ozone.protocolPB.OzoneManagerProtocolServerSideTranslatorPB.processRequest(OzoneManagerProtocolServerSideTranslatorPB.java:175) ~[ozone-manager-1.3.0-SNAPSHOT.jar:?]
	at org.apache.hadoop.hdds.server.OzoneProtocolMessageDispatcher.processRequest(OzoneProtocolMessageDispatcher.java:87) [hdds-server-framework-1.3.0-SNAPSHOT.jar:?]
	at org.apache.hadoop.ozone.protocolPB.OzoneManagerProtocolServerSideTranslatorPB.submitRequest(OzoneManagerProtocolServerSideTranslatorPB.java:147) [ozone-manager-1.3.0-SNAPSHOT.jar:?]
	at org.apache.hadoop.ozone.protocol.proto.OzoneManagerProtocolProtos$OzoneManagerService$2.callBlockingMethod(OzoneManagerProtocolProtos.java) [ozone-interface-client-1.3.0-SNAPSHOT.jar:?]
	at org.apache.hadoop.ipc.ProtobufRpcEngine$Server.processCall(ProtobufRpcEngine.java:466) [hadoop-common-3.3.1.jar:?]
	at org.apache.hadoop.ipc.ProtobufRpcEngine2$Server$ProtoBufRpcInvoker.call(ProtobufRpcEngine2.java:574) [hadoop-common-3.3.1.jar:?]
	at org.apache.hadoop.ipc.ProtobufRpcEngine2$Server$ProtoBufRpcInvoker.call(ProtobufRpcEngine2.java:552) [hadoop-common-3.3.1.jar:?]
	at org.apache.hadoop.ipc.RPC$Server.call(RPC.java:1093) [hadoop-common-3.3.1.jar:?]
	at org.apache.hadoop.ipc.Server$RpcCall.run(Server.java:1035) [hadoop-common-3.3.1.jar:?]
	at org.apache.hadoop.ipc.Server$RpcCall.run(Server.java:963) [hadoop-common-3.3.1.jar:?]
	at java.security.AccessController.doPrivileged(Native Method) ~[?:1.8.0_332]
	at javax.security.auth.Subject.doAs(Subject.java:422) [?:1.8.0_332]
	at org.apache.hadoop.security.UserGroupInformation.doAs(UserGroupInformation.java:1878) [hadoop-common-3.3.1.jar:?]
	at org.apache.hadoop.ipc.Server$Handler.run(Server.java:2966) [hadoop-common-3.3.1.jar:?]
2022-07-30 01:51:26,647 [Time-limited test] INFO  rpc.RpcClient (RpcClient.java:createVolume(468)) - Creating Volume: volume-41794, with runner as owner and space quota set to -1 bytes, counts quota set to -1
2022-07-30 01:51:26,648 [OM StateMachine ApplyTransaction Thread - 0] INFO  volume.OMVolumeCreateRequest (OMVolumeCreateRequest.java:validateAndUpdateCache(195)) - created volume:volume-41794 for user:runner
2022-07-30 01:51:26,649 [Time-limited test] INFO  rpc.RpcClient (RpcClient.java:createBucket(671)) - Creating Bucket: volume-41794/bucket, with bucket layout LEGACY, runner as owner, Versioning false, Storage Type set to DISK and Encryption set to false 
2022-07-30 01:51:26,656 [OM StateMachine ApplyTransaction Thread - 0] INFO  bucket.OMBucketCreateRequest (OMBucketCreateRequest.java:validateAndUpdateCache(260)) - created bucket: bucket of layout LEGACY in volume: volume-41794
2022-07-30 01:51:26,660 [Time-limited test] INFO  rpc.RpcClient (RpcClient.java:createVolume(468)) - Creating Volume: volume-16618, with runner as owner and space quota set to -1 bytes, counts quota set to -1
2022-07-30 01:51:26,661 [OM StateMachine ApplyTransaction Thread - 0] INFO  volume.OMVolumeCreateRequest (OMVolumeCreateRequest.java:validateAndUpdateCache(195)) - created volume:volume-16618 for user:runner
2022-07-30 01:51:26,662 [Time-limited test] INFO  rpc.RpcClient (RpcClient.java:createBucket(671)) - Creating Bucket: volume-16618/link, with server-side default bucket layout, runner as owner, Versioning false, Storage Type set to DISK and Encryption set to false 
2022-07-30 01:51:26,672 [OM StateMachine ApplyTransaction Thread - 0] INFO  bucket.OMBucketCreateRequest (OMBucketCreateRequest.java:validateAndUpdateCache(260)) - created bucket: link of layout LEGACY in volume: volume-16618
01:51:26.700 [OM StateMachine ApplyTransaction Thread - 0] ERROR OMAudit - user=runner | ip=127.0.0.1 | op=DELETE_VOLUME {volume=volume-16618} | ret=FAILURE
org.apache.hadoop.ozone.om.exceptions.OMException: null
	at org.apache.hadoop.ozone.om.request.volume.OMVolumeDeleteRequest.validateAndUpdateCache(OMVolumeDeleteRequest.java:122) ~[ozone-manager-1.3.0-SNAPSHOT.jar:?]
	at org.apache.hadoop.ozone.protocolPB.OzoneManagerRequestHandler.handleWriteRequest(OzoneManagerRequestHandler.java:300) ~[ozone-manager-1.3.0-SNAPSHOT.jar:?]
	at org.apache.hadoop.ozone.om.ratis.OzoneManagerStateMachine.runCommand(OzoneManagerStateMachine.java:529) ~[ozone-manager-1.3.0-SNAPSHOT.jar:?]
	at org.apache.hadoop.ozone.om.ratis.OzoneManagerStateMachine.lambda$1(OzoneManagerStateMachine.java:324) ~[ozone-manager-1.3.0-SNAPSHOT.jar:?]
	at java.util.concurrent.CompletableFuture$AsyncSupply.run(CompletableFuture.java:1604) [?:1.8.0_332]
	at java.util.concurrent.ThreadPoolExecutor.runWorker(ThreadPoolExecutor.java:1149) [?:1.8.0_332]
	at java.util.concurrent.ThreadPoolExecutor$Worker.run(ThreadPoolExecutor.java:624) [?:1.8.0_332]
	at java.lang.Thread.run(Thread.java:750) [?:1.8.0_332]
2022-07-30 01:51:26,701 [OM StateMachine ApplyTransaction Thread - 0] ERROR volume.OMVolumeDeleteRequest (OMVolumeDeleteRequest.java:validateAndUpdateCache(170)) - Volume deletion failed for user:runner volume:volume-16618
VOLUME_NOT_EMPTY org.apache.hadoop.ozone.om.exceptions.OMException
	at org.apache.hadoop.ozone.om.request.volume.OMVolumeDeleteRequest.validateAndUpdateCache(OMVolumeDeleteRequest.java:122)
	at org.apache.hadoop.ozone.protocolPB.OzoneManagerRequestHandler.handleWriteRequest(OzoneManagerRequestHandler.java:300)
	at org.apache.hadoop.ozone.om.ratis.OzoneManagerStateMachine.runCommand(OzoneManagerStateMachine.java:529)
	at org.apache.hadoop.ozone.om.ratis.OzoneManagerStateMachine.lambda$1(OzoneManagerStateMachine.java:324)
	at java.util.concurrent.CompletableFuture$AsyncSupply.run(CompletableFuture.java:1604)
	at java.util.concurrent.ThreadPoolExecutor.runWorker(ThreadPoolExecutor.java:1149)
	at java.util.concurrent.ThreadPoolExecutor$Worker.run(ThreadPoolExecutor.java:624)
	at java.lang.Thread.run(Thread.java:750)
01:51:26.749 [IPC Server handler 17 on default port 42455] ERROR OMAudit - user=runner | ip=127.0.0.1 | op=READ_BUCKET {volume=volume-16618, bucket=link} | ret=FAILURE
org.apache.hadoop.ozone.om.exceptions.OMException: Volume not found when getting bucket info
	at org.apache.hadoop.ozone.om.BucketManagerImpl.getBucketInfo(BucketManagerImpl.java:127) ~[ozone-manager-1.3.0-SNAPSHOT.jar:?]
	at org.apache.hadoop.ozone.om.OzoneManager.getBucketInfo(OzoneManager.java:2779) ~[ozone-manager-1.3.0-SNAPSHOT.jar:?]
	at org.apache.hadoop.ozone.protocolPB.OzoneManagerRequestHandler.infoBucket(OzoneManagerRequestHandler.java:471) ~[ozone-manager-1.3.0-SNAPSHOT.jar:?]
	at org.apache.hadoop.ozone.protocolPB.OzoneManagerRequestHandler.handleReadRequest(OzoneManagerRequestHandler.java:174) ~[ozone-manager-1.3.0-SNAPSHOT.jar:?]
	at org.apache.hadoop.ozone.protocolPB.OzoneManagerProtocolServerSideTranslatorPB.submitReadRequestToOM(OzoneManagerProtocolServerSideTranslatorPB.java:226) ~[ozone-manager-1.3.0-SNAPSHOT.jar:?]
	at org.apache.hadoop.ozone.protocolPB.OzoneManagerProtocolServerSideTranslatorPB.processRequest(OzoneManagerProtocolServerSideTranslatorPB.java:175) ~[ozone-manager-1.3.0-SNAPSHOT.jar:?]
	at org.apache.hadoop.hdds.server.OzoneProtocolMessageDispatcher.processRequest(OzoneProtocolMessageDispatcher.java:87) [hdds-server-framework-1.3.0-SNAPSHOT.jar:?]
	at org.apache.hadoop.ozone.protocolPB.OzoneManagerProtocolServerSideTranslatorPB.submitRequest(OzoneManagerProtocolServerSideTranslatorPB.java:147) [ozone-manager-1.3.0-SNAPSHOT.jar:?]
	at org.apache.hadoop.ozone.protocol.proto.OzoneManagerProtocolProtos$OzoneManagerService$2.callBlockingMethod(OzoneManagerProtocolProtos.java) [ozone-interface-client-1.3.0-SNAPSHOT.jar:?]
	at org.apache.hadoop.ipc.ProtobufRpcEngine$Server.processCall(ProtobufRpcEngine.java:466) [hadoop-common-3.3.1.jar:?]
	at org.apache.hadoop.ipc.ProtobufRpcEngine2$Server$ProtoBufRpcInvoker.call(ProtobufRpcEngine2.java:574) [hadoop-common-3.3.1.jar:?]
	at org.apache.hadoop.ipc.ProtobufRpcEngine2$Server$ProtoBufRpcInvoker.call(ProtobufRpcEngine2.java:552) [hadoop-common-3.3.1.jar:?]
	at org.apache.hadoop.ipc.RPC$Server.call(RPC.java:1093) [hadoop-common-3.3.1.jar:?]
	at org.apache.hadoop.ipc.Server$RpcCall.run(Server.java:1035) [hadoop-common-3.3.1.jar:?]
	at org.apache.hadoop.ipc.Server$RpcCall.run(Server.java:963) [hadoop-common-3.3.1.jar:?]
	at java.security.AccessController.doPrivileged(Native Method) ~[?:1.8.0_332]
	at javax.security.auth.Subject.doAs(Subject.java:422) [?:1.8.0_332]
	at org.apache.hadoop.security.UserGroupInformation.doAs(UserGroupInformation.java:1878) [hadoop-common-3.3.1.jar:?]
	at org.apache.hadoop.ipc.Server$Handler.run(Server.java:2966) [hadoop-common-3.3.1.jar:?]
]]></system-out>
  </testcase>
  <testcase name="testDeleteBucketLink" classname="TestRootedOzoneFileSystem" time="0.207">
    <system-out><![CDATA[2022-07-30 01:52:56,455 [Time-limited test] INFO  rpc.RpcClient (RpcClient.java:createVolume(468)) - Creating Volume: volume27196, with user18511 as owner and space quota set to -1 bytes, counts quota set to -1
2022-07-30 01:52:56,456 [IPC Server handler 1 on default port 40433] INFO  volume.OMVolumeCreateRequest (OMVolumeCreateRequest.java:validateAndUpdateCache(195)) - created volume:volume27196 for user:user18511
2022-07-30 01:52:56,457 [Time-limited test] INFO  rpc.RpcClient (RpcClient.java:createBucket(671)) - Creating Bucket: volume27196/bucket74278, with bucket layout LEGACY, runner as owner, Versioning false, Storage Type set to DISK and Encryption set to false 
2022-07-30 01:52:56,458 [IPC Server handler 4 on default port 40433] INFO  bucket.OMBucketCreateRequest (OMBucketCreateRequest.java:validateAndUpdateCache(260)) - created bucket: bucket74278 of layout LEGACY in volume: volume27196
01:52:56.460 [IPC Server handler 19 on default port 40433] ERROR OMAudit - user=runner | ip=127.0.0.1 | op=READ_BUCKET {volume=volume-40211, bucket=bucket} | ret=FAILURE
org.apache.hadoop.ozone.om.exceptions.OMException: Volume not found when getting bucket info
	at org.apache.hadoop.ozone.om.BucketManagerImpl.getBucketInfo(BucketManagerImpl.java:127) ~[ozone-manager-1.3.0-SNAPSHOT.jar:?]
	at org.apache.hadoop.ozone.om.OzoneManager.getBucketInfo(OzoneManager.java:2779) ~[ozone-manager-1.3.0-SNAPSHOT.jar:?]
	at org.apache.hadoop.ozone.protocolPB.OzoneManagerRequestHandler.infoBucket(OzoneManagerRequestHandler.java:471) ~[ozone-manager-1.3.0-SNAPSHOT.jar:?]
	at org.apache.hadoop.ozone.protocolPB.OzoneManagerRequestHandler.handleReadRequest(OzoneManagerRequestHandler.java:174) ~[ozone-manager-1.3.0-SNAPSHOT.jar:?]
	at org.apache.hadoop.ozone.protocolPB.OzoneManagerProtocolServerSideTranslatorPB.submitRequestDirectlyToOM(OzoneManagerProtocolServerSideTranslatorPB.java:276) ~[ozone-manager-1.3.0-SNAPSHOT.jar:?]
	at org.apache.hadoop.ozone.protocolPB.OzoneManagerProtocolServerSideTranslatorPB.processRequest(OzoneManagerProtocolServerSideTranslatorPB.java:205) ~[ozone-manager-1.3.0-SNAPSHOT.jar:?]
	at org.apache.hadoop.hdds.server.OzoneProtocolMessageDispatcher.processRequest(OzoneProtocolMessageDispatcher.java:87) [hdds-server-framework-1.3.0-SNAPSHOT.jar:?]
	at org.apache.hadoop.ozone.protocolPB.OzoneManagerProtocolServerSideTranslatorPB.submitRequest(OzoneManagerProtocolServerSideTranslatorPB.java:147) [ozone-manager-1.3.0-SNAPSHOT.jar:?]
	at org.apache.hadoop.ozone.protocol.proto.OzoneManagerProtocolProtos$OzoneManagerService$2.callBlockingMethod(OzoneManagerProtocolProtos.java) [ozone-interface-client-1.3.0-SNAPSHOT.jar:?]
	at org.apache.hadoop.ipc.ProtobufRpcEngine$Server.processCall(ProtobufRpcEngine.java:466) [hadoop-common-3.3.1.jar:?]
	at org.apache.hadoop.ipc.ProtobufRpcEngine2$Server$ProtoBufRpcInvoker.call(ProtobufRpcEngine2.java:574) [hadoop-common-3.3.1.jar:?]
	at org.apache.hadoop.ipc.ProtobufRpcEngine2$Server$ProtoBufRpcInvoker.call(ProtobufRpcEngine2.java:552) [hadoop-common-3.3.1.jar:?]
	at org.apache.hadoop.ipc.RPC$Server.call(RPC.java:1093) [hadoop-common-3.3.1.jar:?]
	at org.apache.hadoop.ipc.Server$RpcCall.run(Server.java:1035) [hadoop-common-3.3.1.jar:?]
	at org.apache.hadoop.ipc.Server$RpcCall.run(Server.java:963) [hadoop-common-3.3.1.jar:?]
	at java.security.AccessController.doPrivileged(Native Method) ~[?:1.8.0_332]
	at javax.security.auth.Subject.doAs(Subject.java:422) [?:1.8.0_332]
	at org.apache.hadoop.security.UserGroupInformation.doAs(UserGroupInformation.java:1878) [hadoop-common-3.3.1.jar:?]
	at org.apache.hadoop.ipc.Server$Handler.run(Server.java:2966) [hadoop-common-3.3.1.jar:?]
2022-07-30 01:52:56,461 [Time-limited test] INFO  rpc.RpcClient (RpcClient.java:createVolume(468)) - Creating Volume: volume-40211, with runner as owner and space quota set to -1 bytes, counts quota set to -1
2022-07-30 01:52:56,462 [IPC Server handler 11 on default port 40433] INFO  volume.OMVolumeCreateRequest (OMVolumeCreateRequest.java:validateAndUpdateCache(195)) - created volume:volume-40211 for user:runner
2022-07-30 01:52:56,466 [Time-limited test] INFO  rpc.RpcClient (RpcClient.java:createBucket(671)) - Creating Bucket: volume-40211/bucket, with bucket layout LEGACY, runner as owner, Versioning false, Storage Type set to DISK and Encryption set to false 
2022-07-30 01:52:56,466 [IPC Server handler 16 on default port 40433] INFO  bucket.OMBucketCreateRequest (OMBucketCreateRequest.java:validateAndUpdateCache(260)) - created bucket: bucket of layout LEGACY in volume: volume-40211
2022-07-30 01:52:56,476 [Time-limited test] INFO  rpc.RpcClient (RpcClient.java:createVolume(468)) - Creating Volume: volume-70202, with runner as owner and space quota set to -1 bytes, counts quota set to -1
2022-07-30 01:52:56,479 [IPC Server handler 8 on default port 40433] INFO  volume.OMVolumeCreateRequest (OMVolumeCreateRequest.java:validateAndUpdateCache(195)) - created volume:volume-70202 for user:runner
2022-07-30 01:52:56,480 [Time-limited test] INFO  rpc.RpcClient (RpcClient.java:createBucket(671)) - Creating Bucket: volume-70202/link, with server-side default bucket layout, runner as owner, Versioning false, Storage Type set to DISK and Encryption set to false 
2022-07-30 01:52:56,480 [IPC Server handler 6 on default port 40433] INFO  bucket.OMBucketCreateRequest (OMBucketCreateRequest.java:validateAndUpdateCache(260)) - created bucket: link of layout LEGACY in volume: volume-70202
01:52:56.489 [IPC Server handler 4 on default port 40433] ERROR OMAudit - user=runner | ip=127.0.0.1 | op=DELETE_VOLUME {volume=volume-70202} | ret=FAILURE
org.apache.hadoop.ozone.om.exceptions.OMException: null
	at org.apache.hadoop.ozone.om.request.volume.OMVolumeDeleteRequest.validateAndUpdateCache(OMVolumeDeleteRequest.java:122) ~[ozone-manager-1.3.0-SNAPSHOT.jar:?]
	at org.apache.hadoop.ozone.protocolPB.OzoneManagerRequestHandler.handleWriteRequest(OzoneManagerRequestHandler.java:300) ~[ozone-manager-1.3.0-SNAPSHOT.jar:?]
	at org.apache.hadoop.ozone.protocolPB.OzoneManagerProtocolServerSideTranslatorPB.submitRequestDirectlyToOM(OzoneManagerProtocolServerSideTranslatorPB.java:282) ~[ozone-manager-1.3.0-SNAPSHOT.jar:?]
	at org.apache.hadoop.ozone.protocolPB.OzoneManagerProtocolServerSideTranslatorPB.processRequest(OzoneManagerProtocolServerSideTranslatorPB.java:205) ~[ozone-manager-1.3.0-SNAPSHOT.jar:?]
	at org.apache.hadoop.hdds.server.OzoneProtocolMessageDispatcher.processRequest(OzoneProtocolMessageDispatcher.java:87) [hdds-server-framework-1.3.0-SNAPSHOT.jar:?]
	at org.apache.hadoop.ozone.protocolPB.OzoneManagerProtocolServerSideTranslatorPB.submitRequest(OzoneManagerProtocolServerSideTranslatorPB.java:147) [ozone-manager-1.3.0-SNAPSHOT.jar:?]
	at org.apache.hadoop.ozone.protocol.proto.OzoneManagerProtocolProtos$OzoneManagerService$2.callBlockingMethod(OzoneManagerProtocolProtos.java) [ozone-interface-client-1.3.0-SNAPSHOT.jar:?]
	at org.apache.hadoop.ipc.ProtobufRpcEngine$Server.processCall(ProtobufRpcEngine.java:466) [hadoop-common-3.3.1.jar:?]
	at org.apache.hadoop.ipc.ProtobufRpcEngine2$Server$ProtoBufRpcInvoker.call(ProtobufRpcEngine2.java:574) [hadoop-common-3.3.1.jar:?]
	at org.apache.hadoop.ipc.ProtobufRpcEngine2$Server$ProtoBufRpcInvoker.call(ProtobufRpcEngine2.java:552) [hadoop-common-3.3.1.jar:?]
	at org.apache.hadoop.ipc.RPC$Server.call(RPC.java:1093) [hadoop-common-3.3.1.jar:?]
	at org.apache.hadoop.ipc.Server$RpcCall.run(Server.java:1035) [hadoop-common-3.3.1.jar:?]
	at org.apache.hadoop.ipc.Server$RpcCall.run(Server.java:963) [hadoop-common-3.3.1.jar:?]
	at java.security.AccessController.doPrivileged(Native Method) ~[?:1.8.0_332]
	at javax.security.auth.Subject.doAs(Subject.java:422) [?:1.8.0_332]
	at org.apache.hadoop.security.UserGroupInformation.doAs(UserGroupInformation.java:1878) [hadoop-common-3.3.1.jar:?]
	at org.apache.hadoop.ipc.Server$Handler.run(Server.java:2966) [hadoop-common-3.3.1.jar:?]
2022-07-30 01:52:56,489 [IPC Server handler 4 on default port 40433] ERROR volume.OMVolumeDeleteRequest (OMVolumeDeleteRequest.java:validateAndUpdateCache(170)) - Volume deletion failed for user:runner volume:volume-70202
VOLUME_NOT_EMPTY org.apache.hadoop.ozone.om.exceptions.OMException
	at org.apache.hadoop.ozone.om.request.volume.OMVolumeDeleteRequest.validateAndUpdateCache(OMVolumeDeleteRequest.java:122)
	at org.apache.hadoop.ozone.protocolPB.OzoneManagerRequestHandler.handleWriteRequest(OzoneManagerRequestHandler.java:300)
	at org.apache.hadoop.ozone.protocolPB.OzoneManagerProtocolServerSideTranslatorPB.submitRequestDirectlyToOM(OzoneManagerProtocolServerSideTranslatorPB.java:282)
	at org.apache.hadoop.ozone.protocolPB.OzoneManagerProtocolServerSideTranslatorPB.processRequest(OzoneManagerProtocolServerSideTranslatorPB.java:205)
	at org.apache.hadoop.hdds.server.OzoneProtocolMessageDispatcher.processRequest(OzoneProtocolMessageDispatcher.java:87)
	at org.apache.hadoop.ozone.protocolPB.OzoneManagerProtocolServerSideTranslatorPB.submitRequest(OzoneManagerProtocolServerSideTranslatorPB.java:147)
	at org.apache.hadoop.ozone.protocol.proto.OzoneManagerProtocolProtos$OzoneManagerService$2.callBlockingMethod(OzoneManagerProtocolProtos.java)
	at org.apache.hadoop.ipc.ProtobufRpcEngine$Server.processCall(ProtobufRpcEngine.java:466)
	at org.apache.hadoop.ipc.ProtobufRpcEngine2$Server$ProtoBufRpcInvoker.call(ProtobufRpcEngine2.java:574)
	at org.apache.hadoop.ipc.ProtobufRpcEngine2$Server$ProtoBufRpcInvoker.call(ProtobufRpcEngine2.java:552)
	at org.apache.hadoop.ipc.RPC$Server.call(RPC.java:1093)
	at org.apache.hadoop.ipc.Server$RpcCall.run(Server.java:1035)
	at org.apache.hadoop.ipc.Server$RpcCall.run(Server.java:963)
	at java.security.AccessController.doPrivileged(Native Method)
	at javax.security.auth.Subject.doAs(Subject.java:422)
	at org.apache.hadoop.security.UserGroupInformation.doAs(UserGroupInformation.java:1878)
	at org.apache.hadoop.ipc.Server$Handler.run(Server.java:2966)
01:52:56.511 [IPC Server handler 2 on default port 40433] ERROR OMAudit - user=runner | ip=127.0.0.1 | op=READ_BUCKET {volume=volume-70202, bucket=link} | ret=FAILURE
org.apache.hadoop.ozone.om.exceptions.OMException: Volume not found when getting bucket info
	at org.apache.hadoop.ozone.om.BucketManagerImpl.getBucketInfo(BucketManagerImpl.java:127) ~[ozone-manager-1.3.0-SNAPSHOT.jar:?]
	at org.apache.hadoop.ozone.om.OzoneManager.getBucketInfo(OzoneManager.java:2779) ~[ozone-manager-1.3.0-SNAPSHOT.jar:?]
	at org.apache.hadoop.ozone.protocolPB.OzoneManagerRequestHandler.infoBucket(OzoneManagerRequestHandler.java:471) ~[ozone-manager-1.3.0-SNAPSHOT.jar:?]
	at org.apache.hadoop.ozone.protocolPB.OzoneManagerRequestHandler.handleReadRequest(OzoneManagerRequestHandler.java:174) ~[ozone-manager-1.3.0-SNAPSHOT.jar:?]
	at org.apache.hadoop.ozone.protocolPB.OzoneManagerProtocolServerSideTranslatorPB.submitRequestDirectlyToOM(OzoneManagerProtocolServerSideTranslatorPB.java:276) ~[ozone-manager-1.3.0-SNAPSHOT.jar:?]
	at org.apache.hadoop.ozone.protocolPB.OzoneManagerProtocolServerSideTranslatorPB.processRequest(OzoneManagerProtocolServerSideTranslatorPB.java:205) ~[ozone-manager-1.3.0-SNAPSHOT.jar:?]
	at org.apache.hadoop.hdds.server.OzoneProtocolMessageDispatcher.processRequest(OzoneProtocolMessageDispatcher.java:87) [hdds-server-framework-1.3.0-SNAPSHOT.jar:?]
	at org.apache.hadoop.ozone.protocolPB.OzoneManagerProtocolServerSideTranslatorPB.submitRequest(OzoneManagerProtocolServerSideTranslatorPB.java:147) [ozone-manager-1.3.0-SNAPSHOT.jar:?]
	at org.apache.hadoop.ozone.protocol.proto.OzoneManagerProtocolProtos$OzoneManagerService$2.callBlockingMethod(OzoneManagerProtocolProtos.java) [ozone-interface-client-1.3.0-SNAPSHOT.jar:?]
	at org.apache.hadoop.ipc.ProtobufRpcEngine$Server.processCall(ProtobufRpcEngine.java:466) [hadoop-common-3.3.1.jar:?]
	at org.apache.hadoop.ipc.ProtobufRpcEngine2$Server$ProtoBufRpcInvoker.call(ProtobufRpcEngine2.java:574) [hadoop-common-3.3.1.jar:?]
	at org.apache.hadoop.ipc.ProtobufRpcEngine2$Server$ProtoBufRpcInvoker.call(ProtobufRpcEngine2.java:552) [hadoop-common-3.3.1.jar:?]
	at org.apache.hadoop.ipc.RPC$Server.call(RPC.java:1093) [hadoop-common-3.3.1.jar:?]
	at org.apache.hadoop.ipc.Server$RpcCall.run(Server.java:1035) [hadoop-common-3.3.1.jar:?]
	at org.apache.hadoop.ipc.Server$RpcCall.run(Server.java:963) [hadoop-common-3.3.1.jar:?]
	at java.security.AccessController.doPrivileged(Native Method) ~[?:1.8.0_332]
	at javax.security.auth.Subject.doAs(Subject.java:422) [?:1.8.0_332]
	at org.apache.hadoop.security.UserGroupInformation.doAs(UserGroupInformation.java:1878) [hadoop-common-3.3.1.jar:?]
	at org.apache.hadoop.ipc.Server$Handler.run(Server.java:2966) [hadoop-common-3.3.1.jar:?]
]]></system-out>
  </testcase>
  <testcase name="testOzoneFsServiceLoader" classname="TestRootedOzoneFileSystem" time="0.099">
    <system-out><![CDATA[2022-07-30 01:47:41,852 [Time-limited test] INFO  rpc.RpcClient (RpcClient.java:createVolume(468)) - Creating Volume: volume30258, with user17993 as owner and space quota set to -1 bytes, counts quota set to -1
2022-07-30 01:47:41,856 [OM StateMachine ApplyTransaction Thread - 0] INFO  volume.OMVolumeCreateRequest (OMVolumeCreateRequest.java:validateAndUpdateCache(195)) - created volume:volume30258 for user:user17993
2022-07-30 01:47:41,860 [Time-limited test] INFO  rpc.RpcClient (RpcClient.java:createBucket(671)) - Creating Bucket: volume30258/bucket01184, with bucket layout LEGACY, runner as owner, Versioning false, Storage Type set to DISK and Encryption set to false 
2022-07-30 01:47:41,862 [OM StateMachine ApplyTransaction Thread - 0] INFO  bucket.OMBucketCreateRequest (OMBucketCreateRequest.java:validateAndUpdateCache(260)) - created bucket: bucket01184 of layout LEGACY in volume: volume30258
]]></system-out>
  </testcase>
  <testcase name="testOzoneFsServiceLoader" classname="TestRootedOzoneFileSystem" time="0.19">
    <system-out><![CDATA[2022-07-30 01:48:57,972 [Time-limited test] INFO  rpc.RpcClient (RpcClient.java:createVolume(468)) - Creating Volume: volume84388, with user97111 as owner and space quota set to -1 bytes, counts quota set to -1
2022-07-30 01:48:57,974 [OM StateMachine ApplyTransaction Thread - 0] INFO  volume.OMVolumeCreateRequest (OMVolumeCreateRequest.java:validateAndUpdateCache(195)) - created volume:volume84388 for user:user97111
2022-07-30 01:48:57,976 [Time-limited test] INFO  rpc.RpcClient (RpcClient.java:createBucket(671)) - Creating Bucket: volume84388/bucket92858, with bucket layout LEGACY, runner as owner, Versioning false, Storage Type set to DISK and Encryption set to false 
2022-07-30 01:48:57,984 [OM StateMachine ApplyTransaction Thread - 0] INFO  bucket.OMBucketCreateRequest (OMBucketCreateRequest.java:validateAndUpdateCache(260)) - created bucket: bucket92858 of layout LEGACY in volume: volume84388
]]></system-out>
  </testcase>
  <testcase name="testOzoneFsServiceLoader" classname="TestRootedOzoneFileSystem" time="0.173">
    <system-out><![CDATA[2022-07-30 01:50:10,397 [Time-limited test] INFO  rpc.RpcClient (RpcClient.java:createVolume(468)) - Creating Volume: volume91304, with user41751 as owner and space quota set to -1 bytes, counts quota set to -1
2022-07-30 01:50:10,398 [IPC Server handler 9 on default port 41659] INFO  volume.OMVolumeCreateRequest (OMVolumeCreateRequest.java:validateAndUpdateCache(195)) - created volume:volume91304 for user:user41751
2022-07-30 01:50:10,398 [Time-limited test] INFO  rpc.RpcClient (RpcClient.java:createBucket(671)) - Creating Bucket: volume91304/bucket00067, with bucket layout LEGACY, runner as owner, Versioning false, Storage Type set to DISK and Encryption set to false 
2022-07-30 01:50:10,399 [IPC Server handler 2 on default port 41659] INFO  bucket.OMBucketCreateRequest (OMBucketCreateRequest.java:validateAndUpdateCache(260)) - created bucket: bucket00067 of layout LEGACY in volume: volume91304
]]></system-out>
  </testcase>
  <testcase name="testOzoneFsServiceLoader" classname="TestRootedOzoneFileSystem" time="0.217">
    <system-out><![CDATA[2022-07-30 01:51:26,879 [Time-limited test] INFO  rpc.RpcClient (RpcClient.java:createVolume(468)) - Creating Volume: volume25533, with user25783 as owner and space quota set to -1 bytes, counts quota set to -1
2022-07-30 01:51:26,889 [OM StateMachine ApplyTransaction Thread - 0] INFO  volume.OMVolumeCreateRequest (OMVolumeCreateRequest.java:validateAndUpdateCache(195)) - created volume:volume25533 for user:user25783
2022-07-30 01:51:26,890 [Time-limited test] INFO  rpc.RpcClient (RpcClient.java:createBucket(671)) - Creating Bucket: volume25533/bucket97148, with bucket layout LEGACY, runner as owner, Versioning false, Storage Type set to DISK and Encryption set to false 
2022-07-30 01:51:26,891 [OM StateMachine ApplyTransaction Thread - 0] INFO  bucket.OMBucketCreateRequest (OMBucketCreateRequest.java:validateAndUpdateCache(260)) - created bucket: bucket97148 of layout LEGACY in volume: volume25533
]]></system-out>
  </testcase>
  <testcase name="testOzoneFsServiceLoader" classname="TestRootedOzoneFileSystem" time="0.142">
    <system-out><![CDATA[2022-07-30 01:52:56,586 [Time-limited test] INFO  rpc.RpcClient (RpcClient.java:createVolume(468)) - Creating Volume: volume91915, with user31325 as owner and space quota set to -1 bytes, counts quota set to -1
2022-07-30 01:52:56,588 [IPC Server handler 5 on default port 40433] INFO  volume.OMVolumeCreateRequest (OMVolumeCreateRequest.java:validateAndUpdateCache(195)) - created volume:volume91915 for user:user31325
2022-07-30 01:52:56,596 [Time-limited test] INFO  rpc.RpcClient (RpcClient.java:createBucket(671)) - Creating Bucket: volume91915/bucket66983, with bucket layout LEGACY, runner as owner, Versioning false, Storage Type set to DISK and Encryption set to false 
2022-07-30 01:52:56,596 [IPC Server handler 2 on default port 40433] INFO  bucket.OMBucketCreateRequest (OMBucketCreateRequest.java:validateAndUpdateCache(260)) - created bucket: bucket66983 of layout LEGACY in volume: volume91915
]]></system-out>
  </testcase>
  <testcase name="testBucketDefaultsShouldNotBeInheritedToFileForNonEC" classname="TestRootedOzoneFileSystem" time="0.26">
    <system-out><![CDATA[2022-07-30 01:47:41,951 [Time-limited test] INFO  rpc.RpcClient (RpcClient.java:createVolume(468)) - Creating Volume: volume88277, with user34564 as owner and space quota set to -1 bytes, counts quota set to -1
2022-07-30 01:47:41,955 [OM StateMachine ApplyTransaction Thread - 0] INFO  volume.OMVolumeCreateRequest (OMVolumeCreateRequest.java:validateAndUpdateCache(195)) - created volume:volume88277 for user:user34564
2022-07-30 01:47:41,962 [Time-limited test] INFO  rpc.RpcClient (RpcClient.java:createBucket(671)) - Creating Bucket: volume88277/bucket32300, with bucket layout LEGACY, runner as owner, Versioning false, Storage Type set to DISK and Encryption set to false 
2022-07-30 01:47:41,965 [OM StateMachine ApplyTransaction Thread - 0] INFO  bucket.OMBucketCreateRequest (OMBucketCreateRequest.java:validateAndUpdateCache(260)) - created bucket: bucket32300 of layout LEGACY in volume: volume88277
2022-07-30 01:47:42,004 [Time-limited test] INFO  rpc.RpcClient (RpcClient.java:createVolume(468)) - Creating Volume: 92c39125-828c-44f2-bdba-603228f3d9ce, with user97737 as owner and space quota set to -1 bytes, counts quota set to -1
2022-07-30 01:47:42,009 [OM StateMachine ApplyTransaction Thread - 0] INFO  volume.OMVolumeCreateRequest (OMVolumeCreateRequest.java:validateAndUpdateCache(195)) - created volume:92c39125-828c-44f2-bdba-603228f3d9ce for user:user97737
2022-07-30 01:47:42,019 [Time-limited test] INFO  rpc.RpcClient (RpcClient.java:createBucket(671)) - Creating Bucket: 92c39125-828c-44f2-bdba-603228f3d9ce/1b4215e0-d630-48e9-8498-9fe32c65ecdb, with bucket layout LEGACY, runner as owner, Versioning false, Storage Type set to DISK and Encryption set to false 
2022-07-30 01:47:42,031 [OM StateMachine ApplyTransaction Thread - 0] INFO  bucket.OMBucketCreateRequest (OMBucketCreateRequest.java:validateAndUpdateCache(260)) - created bucket: 1b4215e0-d630-48e9-8498-9fe32c65ecdb of layout LEGACY in volume: 92c39125-828c-44f2-bdba-603228f3d9ce
2022-07-30 01:47:42,081 [6021f7c2-427d-4cd8-a216-b0a112acbfad@group-82A1F304F3BA-FollowerState] INFO  impl.FollowerState (FollowerState.java:run(143)) - 6021f7c2-427d-4cd8-a216-b0a112acbfad@group-82A1F304F3BA-FollowerState: change to CANDIDATE, lastRpcElapsedTime:5007343998ns, electionTimeout:5002ms
2022-07-30 01:47:42,081 [6021f7c2-427d-4cd8-a216-b0a112acbfad@group-82A1F304F3BA-FollowerState] INFO  impl.RoleInfo (RoleInfo.java:shutdownFollowerState(110)) - 6021f7c2-427d-4cd8-a216-b0a112acbfad: shutdown 6021f7c2-427d-4cd8-a216-b0a112acbfad@group-82A1F304F3BA-FollowerState
2022-07-30 01:47:42,081 [6021f7c2-427d-4cd8-a216-b0a112acbfad@group-82A1F304F3BA-FollowerState] INFO  server.RaftServer$Division (RaftServerImpl.java:setRole(299)) - 6021f7c2-427d-4cd8-a216-b0a112acbfad@group-82A1F304F3BA: changes role from  FOLLOWER to CANDIDATE at term 2 for changeToCandidate
2022-07-30 01:47:42,086 [6021f7c2-427d-4cd8-a216-b0a112acbfad@group-82A1F304F3BA-FollowerState] INFO  server.RaftServerConfigKeys (ConfUtils.java:logGet(46)) - raft.server.leaderelection.pre-vote = false (custom)
2022-07-30 01:47:42,086 [6021f7c2-427d-4cd8-a216-b0a112acbfad@group-82A1F304F3BA-FollowerState] INFO  impl.RoleInfo (RoleInfo.java:updateAndGet(139)) - 6021f7c2-427d-4cd8-a216-b0a112acbfad: start 6021f7c2-427d-4cd8-a216-b0a112acbfad@group-82A1F304F3BA-LeaderElection11
2022-07-30 01:47:42,094 [6021f7c2-427d-4cd8-a216-b0a112acbfad@group-82A1F304F3BA-LeaderElection11] INFO  impl.LeaderElection (LeaderElection.java:askForVotes(310)) - 6021f7c2-427d-4cd8-a216-b0a112acbfad@group-82A1F304F3BA-LeaderElection11 ELECTION round 0: submit vote requests at term 3 for -1: [2f82598e-6ad5-4b85-a1e1-fdafd308d280|rpc:10.1.0.37:45671|priority:0, 6021f7c2-427d-4cd8-a216-b0a112acbfad|rpc:10.1.0.37:41905|priority:0, 3b7c218c-5ec1-49c6-951e-2891968f85c7|rpc:10.1.0.37:34587|priority:1], old=null
2022-07-30 01:47:42,112 [grpc-default-executor-3] INFO  server.RaftServer$Division (RaftServerImpl.java:requestVote(1152)) - 2f82598e-6ad5-4b85-a1e1-fdafd308d280@group-82A1F304F3BA: receive requestVote(ELECTION, 6021f7c2-427d-4cd8-a216-b0a112acbfad, group-82A1F304F3BA, 3, (t:0, i:0))
2022-07-30 01:47:42,112 [grpc-default-executor-3] INFO  impl.VoteContext (VoteContext.java:log(48)) - 2f82598e-6ad5-4b85-a1e1-fdafd308d280@group-82A1F304F3BA-FOLLOWER: accept ELECTION from 6021f7c2-427d-4cd8-a216-b0a112acbfad: our priority 0 <= candidate's priority 0
2022-07-30 01:47:42,112 [grpc-default-executor-3] INFO  server.RaftServer$Division (RaftServerImpl.java:setRole(299)) - 2f82598e-6ad5-4b85-a1e1-fdafd308d280@group-82A1F304F3BA: changes role from  FOLLOWER to FOLLOWER at term 3 for candidate:6021f7c2-427d-4cd8-a216-b0a112acbfad
2022-07-30 01:47:42,112 [grpc-default-executor-3] INFO  impl.RoleInfo (RoleInfo.java:shutdownFollowerState(110)) - 2f82598e-6ad5-4b85-a1e1-fdafd308d280: shutdown 2f82598e-6ad5-4b85-a1e1-fdafd308d280@group-82A1F304F3BA-FollowerState
2022-07-30 01:47:42,112 [grpc-default-executor-3] INFO  impl.RoleInfo (RoleInfo.java:updateAndGet(139)) - 2f82598e-6ad5-4b85-a1e1-fdafd308d280: start 2f82598e-6ad5-4b85-a1e1-fdafd308d280@group-82A1F304F3BA-FollowerState
2022-07-30 01:47:42,112 [2f82598e-6ad5-4b85-a1e1-fdafd308d280@group-82A1F304F3BA-FollowerState] INFO  impl.FollowerState (FollowerState.java:run(152)) - 2f82598e-6ad5-4b85-a1e1-fdafd308d280@group-82A1F304F3BA-FollowerState was interrupted
2022-07-30 01:47:42,127 [grpc-default-executor-3] INFO  server.RaftServer$Division (RaftServerImpl.java:requestVote(1184)) - 2f82598e-6ad5-4b85-a1e1-fdafd308d280@group-82A1F304F3BA replies to ELECTION vote request: 6021f7c2-427d-4cd8-a216-b0a112acbfad<-2f82598e-6ad5-4b85-a1e1-fdafd308d280#0:OK-t3. Peer's state: 2f82598e-6ad5-4b85-a1e1-fdafd308d280@group-82A1F304F3BA:t3, leader=null, voted=6021f7c2-427d-4cd8-a216-b0a112acbfad, raftlog=2f82598e-6ad5-4b85-a1e1-fdafd308d280@group-82A1F304F3BA-SegmentedRaftLog:OPENED:c-1, conf=-1: [2f82598e-6ad5-4b85-a1e1-fdafd308d280|rpc:10.1.0.37:45671|priority:0, 6021f7c2-427d-4cd8-a216-b0a112acbfad|rpc:10.1.0.37:41905|priority:0, 3b7c218c-5ec1-49c6-951e-2891968f85c7|rpc:10.1.0.37:34587|priority:1], old=null
2022-07-30 01:47:42,129 [grpc-default-executor-0] INFO  server.RaftServer$Division (RaftServerImpl.java:requestVote(1152)) - 3b7c218c-5ec1-49c6-951e-2891968f85c7@group-82A1F304F3BA: receive requestVote(ELECTION, 6021f7c2-427d-4cd8-a216-b0a112acbfad, group-82A1F304F3BA, 3, (t:0, i:0))
2022-07-30 01:47:42,129 [grpc-default-executor-0] INFO  impl.VoteContext (VoteContext.java:log(48)) - 3b7c218c-5ec1-49c6-951e-2891968f85c7@group-82A1F304F3BA-FOLLOWER: reject ELECTION from 6021f7c2-427d-4cd8-a216-b0a112acbfad: our priority 1 > candidate's priority 0
2022-07-30 01:47:42,129 [grpc-default-executor-0] INFO  server.RaftServer$Division (RaftServerImpl.java:setRole(299)) - 3b7c218c-5ec1-49c6-951e-2891968f85c7@group-82A1F304F3BA: changes role from  FOLLOWER to FOLLOWER at term 3 for candidate:6021f7c2-427d-4cd8-a216-b0a112acbfad
2022-07-30 01:47:42,130 [grpc-default-executor-0] INFO  impl.RoleInfo (RoleInfo.java:shutdownFollowerState(110)) - 3b7c218c-5ec1-49c6-951e-2891968f85c7: shutdown 3b7c218c-5ec1-49c6-951e-2891968f85c7@group-82A1F304F3BA-FollowerState
2022-07-30 01:47:42,130 [grpc-default-executor-0] INFO  impl.RoleInfo (RoleInfo.java:updateAndGet(139)) - 3b7c218c-5ec1-49c6-951e-2891968f85c7: start 3b7c218c-5ec1-49c6-951e-2891968f85c7@group-82A1F304F3BA-FollowerState
2022-07-30 01:47:42,130 [3b7c218c-5ec1-49c6-951e-2891968f85c7@group-82A1F304F3BA-FollowerState] INFO  impl.FollowerState (FollowerState.java:run(152)) - 3b7c218c-5ec1-49c6-951e-2891968f85c7@group-82A1F304F3BA-FollowerState was interrupted
2022-07-30 01:47:42,132 [grpc-default-executor-0] INFO  server.RaftServer$Division (RaftServerImpl.java:requestVote(1184)) - 3b7c218c-5ec1-49c6-951e-2891968f85c7@group-82A1F304F3BA replies to ELECTION vote request: 6021f7c2-427d-4cd8-a216-b0a112acbfad<-3b7c218c-5ec1-49c6-951e-2891968f85c7#0:FAIL-t3. Peer's state: 3b7c218c-5ec1-49c6-951e-2891968f85c7@group-82A1F304F3BA:t3, leader=null, voted=null, raftlog=3b7c218c-5ec1-49c6-951e-2891968f85c7@group-82A1F304F3BA-SegmentedRaftLog:OPENED:c-1, conf=-1: [2f82598e-6ad5-4b85-a1e1-fdafd308d280|rpc:10.1.0.37:45671|dataStream:|priority:0, 6021f7c2-427d-4cd8-a216-b0a112acbfad|rpc:10.1.0.37:41905|dataStream:|priority:0, 3b7c218c-5ec1-49c6-951e-2891968f85c7|rpc:10.1.0.37:34587|dataStream:|priority:1], old=null
2022-07-30 01:47:42,135 [6021f7c2-427d-4cd8-a216-b0a112acbfad@group-82A1F304F3BA-LeaderElection11] INFO  impl.LeaderElection (LeaderElection.java:logAndReturn(90)) - 6021f7c2-427d-4cd8-a216-b0a112acbfad@group-82A1F304F3BA-LeaderElection11: ELECTION REJECTED received 2 response(s) and 0 exception(s):
2022-07-30 01:47:42,136 [6021f7c2-427d-4cd8-a216-b0a112acbfad@group-82A1F304F3BA-LeaderElection11] INFO  impl.LeaderElection (LeaderElection.java:logAndReturn(94)) -   Response 0: 6021f7c2-427d-4cd8-a216-b0a112acbfad<-2f82598e-6ad5-4b85-a1e1-fdafd308d280#0:OK-t3
2022-07-30 01:47:42,136 [6021f7c2-427d-4cd8-a216-b0a112acbfad@group-82A1F304F3BA-LeaderElection11] INFO  impl.LeaderElection (LeaderElection.java:logAndReturn(94)) -   Response 1: 6021f7c2-427d-4cd8-a216-b0a112acbfad<-3b7c218c-5ec1-49c6-951e-2891968f85c7#0:FAIL-t3
2022-07-30 01:47:42,136 [6021f7c2-427d-4cd8-a216-b0a112acbfad@group-82A1F304F3BA-LeaderElection11] INFO  impl.LeaderElection (LeaderElection.java:askForVotes(312)) - 6021f7c2-427d-4cd8-a216-b0a112acbfad@group-82A1F304F3BA-LeaderElection11 ELECTION round 0: result REJECTED
2022-07-30 01:47:42,136 [6021f7c2-427d-4cd8-a216-b0a112acbfad@group-82A1F304F3BA-LeaderElection11] INFO  server.RaftServer$Division (RaftServerImpl.java:setRole(299)) - 6021f7c2-427d-4cd8-a216-b0a112acbfad@group-82A1F304F3BA: changes role from CANDIDATE to FOLLOWER at term 3 for REJECTED
2022-07-30 01:47:42,136 [6021f7c2-427d-4cd8-a216-b0a112acbfad@group-82A1F304F3BA-LeaderElection11] INFO  impl.RoleInfo (RoleInfo.java:shutdownLeaderElection(130)) - 6021f7c2-427d-4cd8-a216-b0a112acbfad: shutdown 6021f7c2-427d-4cd8-a216-b0a112acbfad@group-82A1F304F3BA-LeaderElection11
2022-07-30 01:47:42,136 [6021f7c2-427d-4cd8-a216-b0a112acbfad@group-82A1F304F3BA-LeaderElection11] INFO  impl.RoleInfo (RoleInfo.java:updateAndGet(139)) - 6021f7c2-427d-4cd8-a216-b0a112acbfad: start 6021f7c2-427d-4cd8-a216-b0a112acbfad@group-82A1F304F3BA-FollowerState
]]></system-out>
  </testcase>
  <testcase name="testBucketDefaultsShouldNotBeInheritedToFileForNonEC" classname="TestRootedOzoneFileSystem" time="0.397">
    <system-out><![CDATA[2022-07-30 01:48:58,192 [Time-limited test] INFO  rpc.RpcClient (RpcClient.java:createVolume(468)) - Creating Volume: volume04930, with user70826 as owner and space quota set to -1 bytes, counts quota set to -1
2022-07-30 01:48:58,199 [OM StateMachine ApplyTransaction Thread - 0] INFO  volume.OMVolumeCreateRequest (OMVolumeCreateRequest.java:validateAndUpdateCache(195)) - created volume:volume04930 for user:user70826
2022-07-30 01:48:58,202 [Time-limited test] INFO  rpc.RpcClient (RpcClient.java:createBucket(671)) - Creating Bucket: volume04930/bucket49611, with bucket layout LEGACY, runner as owner, Versioning false, Storage Type set to DISK and Encryption set to false 
2022-07-30 01:48:58,216 [OM StateMachine ApplyTransaction Thread - 0] INFO  bucket.OMBucketCreateRequest (OMBucketCreateRequest.java:validateAndUpdateCache(260)) - created bucket: bucket49611 of layout LEGACY in volume: volume04930
2022-07-30 01:48:58,301 [Time-limited test] INFO  rpc.RpcClient (RpcClient.java:createVolume(468)) - Creating Volume: 6adbd127-2365-468b-9f85-93840348b1e8, with user21448 as owner and space quota set to -1 bytes, counts quota set to -1
2022-07-30 01:48:58,303 [OM StateMachine ApplyTransaction Thread - 0] INFO  volume.OMVolumeCreateRequest (OMVolumeCreateRequest.java:validateAndUpdateCache(195)) - created volume:6adbd127-2365-468b-9f85-93840348b1e8 for user:user21448
2022-07-30 01:48:58,304 [Time-limited test] INFO  rpc.RpcClient (RpcClient.java:createBucket(671)) - Creating Bucket: 6adbd127-2365-468b-9f85-93840348b1e8/cff6616f-7861-4ee1-97c4-37ad8a663048, with bucket layout LEGACY, runner as owner, Versioning false, Storage Type set to DISK and Encryption set to false 
2022-07-30 01:48:58,305 [OM StateMachine ApplyTransaction Thread - 0] INFO  bucket.OMBucketCreateRequest (OMBucketCreateRequest.java:validateAndUpdateCache(260)) - created bucket: cff6616f-7861-4ee1-97c4-37ad8a663048 of layout LEGACY in volume: 6adbd127-2365-468b-9f85-93840348b1e8
]]></system-out>
  </testcase>
  <testcase name="testBucketDefaultsShouldNotBeInheritedToFileForNonEC" classname="TestRootedOzoneFileSystem" time="0.304">
    <system-out><![CDATA[2022-07-30 01:50:10,534 [Time-limited test] INFO  rpc.RpcClient (RpcClient.java:createVolume(468)) - Creating Volume: volume14449, with user41303 as owner and space quota set to -1 bytes, counts quota set to -1
2022-07-30 01:50:10,535 [IPC Server handler 2 on default port 41659] INFO  volume.OMVolumeCreateRequest (OMVolumeCreateRequest.java:validateAndUpdateCache(195)) - created volume:volume14449 for user:user41303
2022-07-30 01:50:10,536 [Time-limited test] INFO  rpc.RpcClient (RpcClient.java:createBucket(671)) - Creating Bucket: volume14449/bucket67880, with bucket layout LEGACY, runner as owner, Versioning false, Storage Type set to DISK and Encryption set to false 
2022-07-30 01:50:10,536 [IPC Server handler 7 on default port 41659] INFO  bucket.OMBucketCreateRequest (OMBucketCreateRequest.java:validateAndUpdateCache(260)) - created bucket: bucket67880 of layout LEGACY in volume: volume14449
2022-07-30 01:50:10,586 [Time-limited test] INFO  rpc.RpcClient (RpcClient.java:createVolume(468)) - Creating Volume: 620ff068-3258-44ee-b0b8-7e5acdcad73f, with user85379 as owner and space quota set to -1 bytes, counts quota set to -1
2022-07-30 01:50:10,590 [IPC Server handler 8 on default port 41659] INFO  volume.OMVolumeCreateRequest (OMVolumeCreateRequest.java:validateAndUpdateCache(195)) - created volume:620ff068-3258-44ee-b0b8-7e5acdcad73f for user:user85379
2022-07-30 01:50:10,595 [Time-limited test] INFO  rpc.RpcClient (RpcClient.java:createBucket(671)) - Creating Bucket: 620ff068-3258-44ee-b0b8-7e5acdcad73f/21b9d1bf-28cb-4830-b493-1c35ee34b37f, with bucket layout LEGACY, runner as owner, Versioning false, Storage Type set to DISK and Encryption set to false 
2022-07-30 01:50:10,596 [IPC Server handler 5 on default port 41659] INFO  bucket.OMBucketCreateRequest (OMBucketCreateRequest.java:validateAndUpdateCache(260)) - created bucket: 21b9d1bf-28cb-4830-b493-1c35ee34b37f of layout LEGACY in volume: 620ff068-3258-44ee-b0b8-7e5acdcad73f
]]></system-out>
  </testcase>
  <testcase name="testBucketDefaultsShouldNotBeInheritedToFileForNonEC" classname="TestRootedOzoneFileSystem" time="0.556">
    <system-out><![CDATA[2022-07-30 01:51:27,184 [Time-limited test] INFO  rpc.RpcClient (RpcClient.java:createVolume(468)) - Creating Volume: volume02404, with user70617 as owner and space quota set to -1 bytes, counts quota set to -1
2022-07-30 01:51:27,200 [OM StateMachine ApplyTransaction Thread - 0] INFO  volume.OMVolumeCreateRequest (OMVolumeCreateRequest.java:validateAndUpdateCache(195)) - created volume:volume02404 for user:user70617
2022-07-30 01:51:27,201 [Time-limited test] INFO  rpc.RpcClient (RpcClient.java:createBucket(671)) - Creating Bucket: volume02404/bucket25166, with bucket layout LEGACY, runner as owner, Versioning false, Storage Type set to DISK and Encryption set to false 
2022-07-30 01:51:27,203 [OM StateMachine ApplyTransaction Thread - 0] INFO  bucket.OMBucketCreateRequest (OMBucketCreateRequest.java:validateAndUpdateCache(260)) - created bucket: bucket25166 of layout LEGACY in volume: volume02404
2022-07-30 01:51:27,272 [Time-limited test] INFO  rpc.RpcClient (RpcClient.java:createVolume(468)) - Creating Volume: 277a777e-b049-4f57-805c-f4cec37fadba, with user19445 as owner and space quota set to -1 bytes, counts quota set to -1
2022-07-30 01:51:27,277 [OM StateMachine ApplyTransaction Thread - 0] INFO  volume.OMVolumeCreateRequest (OMVolumeCreateRequest.java:validateAndUpdateCache(195)) - created volume:277a777e-b049-4f57-805c-f4cec37fadba for user:user19445
2022-07-30 01:51:27,277 [Time-limited test] INFO  rpc.RpcClient (RpcClient.java:createBucket(671)) - Creating Bucket: 277a777e-b049-4f57-805c-f4cec37fadba/b8094a85-933e-4d67-b905-89f7efc5367d, with bucket layout LEGACY, runner as owner, Versioning false, Storage Type set to DISK and Encryption set to false 
2022-07-30 01:51:27,292 [OM StateMachine ApplyTransaction Thread - 0] INFO  bucket.OMBucketCreateRequest (OMBucketCreateRequest.java:validateAndUpdateCache(260)) - created bucket: b8094a85-933e-4d67-b905-89f7efc5367d of layout LEGACY in volume: 277a777e-b049-4f57-805c-f4cec37fadba
]]></system-out>
  </testcase>
  <testcase name="testBucketDefaultsShouldNotBeInheritedToFileForNonEC" classname="TestRootedOzoneFileSystem" time="0.475">
    <system-out><![CDATA[2022-07-30 01:52:56,727 [Time-limited test] INFO  rpc.RpcClient (RpcClient.java:createVolume(468)) - Creating Volume: volume02755, with user64465 as owner and space quota set to -1 bytes, counts quota set to -1
2022-07-30 01:52:56,728 [IPC Server handler 2 on default port 40433] INFO  volume.OMVolumeCreateRequest (OMVolumeCreateRequest.java:validateAndUpdateCache(195)) - created volume:volume02755 for user:user64465
2022-07-30 01:52:56,731 [Time-limited test] INFO  rpc.RpcClient (RpcClient.java:createBucket(671)) - Creating Bucket: volume02755/bucket05299, with bucket layout LEGACY, runner as owner, Versioning false, Storage Type set to DISK and Encryption set to false 
2022-07-30 01:52:56,731 [IPC Server handler 0 on default port 40433] INFO  bucket.OMBucketCreateRequest (OMBucketCreateRequest.java:validateAndUpdateCache(260)) - created bucket: bucket05299 of layout LEGACY in volume: volume02755
2022-07-30 01:52:56,782 [Time-limited test] INFO  rpc.RpcClient (RpcClient.java:createVolume(468)) - Creating Volume: bdfe5554-3cd5-4055-99a0-8499557a6445, with user55801 as owner and space quota set to -1 bytes, counts quota set to -1
2022-07-30 01:52:56,783 [IPC Server handler 17 on default port 40433] INFO  volume.OMVolumeCreateRequest (OMVolumeCreateRequest.java:validateAndUpdateCache(195)) - created volume:bdfe5554-3cd5-4055-99a0-8499557a6445 for user:user55801
2022-07-30 01:52:56,788 [Time-limited test] INFO  rpc.RpcClient (RpcClient.java:createBucket(671)) - Creating Bucket: bdfe5554-3cd5-4055-99a0-8499557a6445/59d56606-7836-46b9-bcc4-920f55d4786a, with bucket layout LEGACY, runner as owner, Versioning false, Storage Type set to DISK and Encryption set to false 
2022-07-30 01:52:56,796 [IPC Server handler 11 on default port 40433] INFO  bucket.OMBucketCreateRequest (OMBucketCreateRequest.java:validateAndUpdateCache(260)) - created bucket: 59d56606-7836-46b9-bcc4-920f55d4786a of layout LEGACY in volume: bdfe5554-3cd5-4055-99a0-8499557a6445
2022-07-30 01:52:56,891 [8f5c3faa-f143-4f3c-a1d4-a848eac4f418@group-8EC71B74F447-FollowerState] INFO  impl.FollowerState (FollowerState.java:run(143)) - 8f5c3faa-f143-4f3c-a1d4-a848eac4f418@group-8EC71B74F447-FollowerState: change to CANDIDATE, lastRpcElapsedTime:5012448889ns, electionTimeout:5006ms
2022-07-30 01:52:56,891 [8f5c3faa-f143-4f3c-a1d4-a848eac4f418@group-8EC71B74F447-FollowerState] INFO  impl.RoleInfo (RoleInfo.java:shutdownFollowerState(110)) - 8f5c3faa-f143-4f3c-a1d4-a848eac4f418: shutdown 8f5c3faa-f143-4f3c-a1d4-a848eac4f418@group-8EC71B74F447-FollowerState
2022-07-30 01:52:56,891 [8f5c3faa-f143-4f3c-a1d4-a848eac4f418@group-8EC71B74F447-FollowerState] INFO  server.RaftServer$Division (RaftServerImpl.java:setRole(299)) - 8f5c3faa-f143-4f3c-a1d4-a848eac4f418@group-8EC71B74F447: changes role from  FOLLOWER to CANDIDATE at term 1 for changeToCandidate
2022-07-30 01:52:56,913 [8f5c3faa-f143-4f3c-a1d4-a848eac4f418@group-8EC71B74F447-FollowerState] INFO  server.RaftServerConfigKeys (ConfUtils.java:logGet(46)) - raft.server.leaderelection.pre-vote = false (custom)
2022-07-30 01:52:56,913 [8f5c3faa-f143-4f3c-a1d4-a848eac4f418@group-8EC71B74F447-FollowerState] INFO  impl.RoleInfo (RoleInfo.java:updateAndGet(139)) - 8f5c3faa-f143-4f3c-a1d4-a848eac4f418: start 8f5c3faa-f143-4f3c-a1d4-a848eac4f418@group-8EC71B74F447-LeaderElection66
2022-07-30 01:52:56,961 [1c5a9a78-c73d-49f5-a922-d91982043581@group-8EC71B74F447-FollowerState] INFO  impl.FollowerState (FollowerState.java:run(143)) - 1c5a9a78-c73d-49f5-a922-d91982043581@group-8EC71B74F447-FollowerState: change to CANDIDATE, lastRpcElapsedTime:5151962333ns, electionTimeout:5133ms
2022-07-30 01:52:56,961 [1c5a9a78-c73d-49f5-a922-d91982043581@group-8EC71B74F447-FollowerState] INFO  impl.RoleInfo (RoleInfo.java:shutdownFollowerState(110)) - 1c5a9a78-c73d-49f5-a922-d91982043581: shutdown 1c5a9a78-c73d-49f5-a922-d91982043581@group-8EC71B74F447-FollowerState
2022-07-30 01:52:56,961 [1c5a9a78-c73d-49f5-a922-d91982043581@group-8EC71B74F447-FollowerState] INFO  server.RaftServer$Division (RaftServerImpl.java:setRole(299)) - 1c5a9a78-c73d-49f5-a922-d91982043581@group-8EC71B74F447: changes role from  FOLLOWER to CANDIDATE at term 1 for changeToCandidate
2022-07-30 01:52:56,961 [1c5a9a78-c73d-49f5-a922-d91982043581@group-8EC71B74F447-FollowerState] INFO  server.RaftServerConfigKeys (ConfUtils.java:logGet(46)) - raft.server.leaderelection.pre-vote = false (custom)
2022-07-30 01:52:56,961 [1c5a9a78-c73d-49f5-a922-d91982043581@group-8EC71B74F447-FollowerState] INFO  impl.RoleInfo (RoleInfo.java:updateAndGet(139)) - 1c5a9a78-c73d-49f5-a922-d91982043581: start 1c5a9a78-c73d-49f5-a922-d91982043581@group-8EC71B74F447-LeaderElection67
2022-07-30 01:52:56,968 [8f5c3faa-f143-4f3c-a1d4-a848eac4f418@group-8EC71B74F447-LeaderElection66] INFO  impl.LeaderElection (LeaderElection.java:askForVotes(310)) - 8f5c3faa-f143-4f3c-a1d4-a848eac4f418@group-8EC71B74F447-LeaderElection66 ELECTION round 0: submit vote requests at term 2 for -1: [65c0e71a-8f9a-4866-86b4-013512fa0d07|rpc:10.1.0.37:46743|priority:0, 8f5c3faa-f143-4f3c-a1d4-a848eac4f418|rpc:10.1.0.37:44703|priority:0, 1c5a9a78-c73d-49f5-a922-d91982043581|rpc:10.1.0.37:34069|priority:1], old=null
2022-07-30 01:52:56,999 [1c5a9a78-c73d-49f5-a922-d91982043581@group-8EC71B74F447-LeaderElection67] INFO  impl.LeaderElection (LeaderElection.java:askForVotes(310)) - 1c5a9a78-c73d-49f5-a922-d91982043581@group-8EC71B74F447-LeaderElection67 ELECTION round 0: submit vote requests at term 2 for -1: [65c0e71a-8f9a-4866-86b4-013512fa0d07|rpc:10.1.0.37:46743|dataStream:|priority:0, 8f5c3faa-f143-4f3c-a1d4-a848eac4f418|rpc:10.1.0.37:44703|dataStream:|priority:0, 1c5a9a78-c73d-49f5-a922-d91982043581|rpc:10.1.0.37:34069|dataStream:|priority:1], old=null
2022-07-30 01:52:57,024 [grpc-default-executor-3] INFO  server.RaftServer$Division (RaftServerImpl.java:requestVote(1152)) - 65c0e71a-8f9a-4866-86b4-013512fa0d07@group-8EC71B74F447: receive requestVote(ELECTION, 8f5c3faa-f143-4f3c-a1d4-a848eac4f418, group-8EC71B74F447, 2, (t:0, i:0))
2022-07-30 01:52:57,030 [grpc-default-executor-3] INFO  impl.VoteContext (VoteContext.java:log(48)) - 65c0e71a-8f9a-4866-86b4-013512fa0d07@group-8EC71B74F447-FOLLOWER: accept ELECTION from 8f5c3faa-f143-4f3c-a1d4-a848eac4f418: our priority 0 <= candidate's priority 0
2022-07-30 01:52:57,030 [grpc-default-executor-3] INFO  server.RaftServer$Division (RaftServerImpl.java:setRole(299)) - 65c0e71a-8f9a-4866-86b4-013512fa0d07@group-8EC71B74F447: changes role from  FOLLOWER to FOLLOWER at term 2 for candidate:8f5c3faa-f143-4f3c-a1d4-a848eac4f418
2022-07-30 01:52:57,031 [grpc-default-executor-3] INFO  impl.RoleInfo (RoleInfo.java:shutdownFollowerState(110)) - 65c0e71a-8f9a-4866-86b4-013512fa0d07: shutdown 65c0e71a-8f9a-4866-86b4-013512fa0d07@group-8EC71B74F447-FollowerState
2022-07-30 01:52:57,031 [grpc-default-executor-3] INFO  impl.RoleInfo (RoleInfo.java:updateAndGet(139)) - 65c0e71a-8f9a-4866-86b4-013512fa0d07: start 65c0e71a-8f9a-4866-86b4-013512fa0d07@group-8EC71B74F447-FollowerState
2022-07-30 01:52:57,031 [65c0e71a-8f9a-4866-86b4-013512fa0d07@group-8EC71B74F447-FollowerState] INFO  impl.FollowerState (FollowerState.java:run(152)) - 65c0e71a-8f9a-4866-86b4-013512fa0d07@group-8EC71B74F447-FollowerState was interrupted
2022-07-30 01:52:57,065 [grpc-default-executor-2] INFO  server.RaftServer$Division (RaftServerImpl.java:requestVote(1152)) - 1c5a9a78-c73d-49f5-a922-d91982043581@group-8EC71B74F447: receive requestVote(ELECTION, 8f5c3faa-f143-4f3c-a1d4-a848eac4f418, group-8EC71B74F447, 2, (t:0, i:0))
2022-07-30 01:52:57,066 [grpc-default-executor-2] INFO  impl.VoteContext (VoteContext.java:log(48)) - 1c5a9a78-c73d-49f5-a922-d91982043581@group-8EC71B74F447-CANDIDATE: reject ELECTION from 8f5c3faa-f143-4f3c-a1d4-a848eac4f418: already has voted for 1c5a9a78-c73d-49f5-a922-d91982043581 at current term 2
2022-07-30 01:52:57,066 [grpc-default-executor-2] INFO  server.RaftServer$Division (RaftServerImpl.java:requestVote(1184)) - 1c5a9a78-c73d-49f5-a922-d91982043581@group-8EC71B74F447 replies to ELECTION vote request: 8f5c3faa-f143-4f3c-a1d4-a848eac4f418<-1c5a9a78-c73d-49f5-a922-d91982043581#0:FAIL-t2. Peer's state: 1c5a9a78-c73d-49f5-a922-d91982043581@group-8EC71B74F447:t2, leader=null, voted=1c5a9a78-c73d-49f5-a922-d91982043581, raftlog=1c5a9a78-c73d-49f5-a922-d91982043581@group-8EC71B74F447-SegmentedRaftLog:OPENED:c-1, conf=-1: [65c0e71a-8f9a-4866-86b4-013512fa0d07|rpc:10.1.0.37:46743|dataStream:|priority:0, 8f5c3faa-f143-4f3c-a1d4-a848eac4f418|rpc:10.1.0.37:44703|dataStream:|priority:0, 1c5a9a78-c73d-49f5-a922-d91982043581|rpc:10.1.0.37:34069|dataStream:|priority:1], old=null
2022-07-30 01:52:57,088 [8f5c3faa-f143-4f3c-a1d4-a848eac4f418@group-8EC71B74F447-LeaderElection66] INFO  impl.LeaderElection (LeaderElection.java:logAndReturn(90)) - 8f5c3faa-f143-4f3c-a1d4-a848eac4f418@group-8EC71B74F447-LeaderElection66: ELECTION REJECTED received 1 response(s) and 0 exception(s):
2022-07-30 01:52:57,088 [8f5c3faa-f143-4f3c-a1d4-a848eac4f418@group-8EC71B74F447-LeaderElection66] INFO  impl.LeaderElection (LeaderElection.java:logAndReturn(94)) -   Response 0: 8f5c3faa-f143-4f3c-a1d4-a848eac4f418<-1c5a9a78-c73d-49f5-a922-d91982043581#0:FAIL-t2
2022-07-30 01:52:57,088 [grpc-default-executor-3] INFO  server.RaftServer$Division (RaftServerImpl.java:requestVote(1184)) - 65c0e71a-8f9a-4866-86b4-013512fa0d07@group-8EC71B74F447 replies to ELECTION vote request: 8f5c3faa-f143-4f3c-a1d4-a848eac4f418<-65c0e71a-8f9a-4866-86b4-013512fa0d07#0:OK-t2. Peer's state: 65c0e71a-8f9a-4866-86b4-013512fa0d07@group-8EC71B74F447:t2, leader=null, voted=8f5c3faa-f143-4f3c-a1d4-a848eac4f418, raftlog=65c0e71a-8f9a-4866-86b4-013512fa0d07@group-8EC71B74F447-SegmentedRaftLog:OPENED:c-1, conf=-1: [65c0e71a-8f9a-4866-86b4-013512fa0d07|rpc:10.1.0.37:46743|dataStream:|priority:0, 8f5c3faa-f143-4f3c-a1d4-a848eac4f418|rpc:10.1.0.37:44703|dataStream:|priority:0, 1c5a9a78-c73d-49f5-a922-d91982043581|rpc:10.1.0.37:34069|dataStream:|priority:1], old=null
2022-07-30 01:52:57,088 [8f5c3faa-f143-4f3c-a1d4-a848eac4f418@group-8EC71B74F447-LeaderElection66] INFO  impl.LeaderElection (LeaderElection.java:askForVotes(312)) - 8f5c3faa-f143-4f3c-a1d4-a848eac4f418@group-8EC71B74F447-LeaderElection66 ELECTION round 0: result REJECTED
2022-07-30 01:52:57,088 [8f5c3faa-f143-4f3c-a1d4-a848eac4f418@group-8EC71B74F447-LeaderElection66] INFO  server.RaftServer$Division (RaftServerImpl.java:setRole(299)) - 8f5c3faa-f143-4f3c-a1d4-a848eac4f418@group-8EC71B74F447: changes role from CANDIDATE to FOLLOWER at term 2 for REJECTED
2022-07-30 01:52:57,088 [grpc-default-executor-2] INFO  server.RaftServer$Division (RaftServerImpl.java:requestVote(1152)) - 65c0e71a-8f9a-4866-86b4-013512fa0d07@group-8EC71B74F447: receive requestVote(ELECTION, 1c5a9a78-c73d-49f5-a922-d91982043581, group-8EC71B74F447, 2, (t:0, i:0))
2022-07-30 01:52:57,089 [grpc-default-executor-2] INFO  impl.VoteContext (VoteContext.java:log(48)) - 65c0e71a-8f9a-4866-86b4-013512fa0d07@group-8EC71B74F447-FOLLOWER: reject ELECTION from 1c5a9a78-c73d-49f5-a922-d91982043581: already has voted for 8f5c3faa-f143-4f3c-a1d4-a848eac4f418 at current term 2
2022-07-30 01:52:57,089 [grpc-default-executor-2] INFO  server.RaftServer$Division (RaftServerImpl.java:requestVote(1184)) - 65c0e71a-8f9a-4866-86b4-013512fa0d07@group-8EC71B74F447 replies to ELECTION vote request: 1c5a9a78-c73d-49f5-a922-d91982043581<-65c0e71a-8f9a-4866-86b4-013512fa0d07#0:FAIL-t2. Peer's state: 65c0e71a-8f9a-4866-86b4-013512fa0d07@group-8EC71B74F447:t2, leader=null, voted=8f5c3faa-f143-4f3c-a1d4-a848eac4f418, raftlog=65c0e71a-8f9a-4866-86b4-013512fa0d07@group-8EC71B74F447-SegmentedRaftLog:OPENED:c-1, conf=-1: [65c0e71a-8f9a-4866-86b4-013512fa0d07|rpc:10.1.0.37:46743|dataStream:|priority:0, 8f5c3faa-f143-4f3c-a1d4-a848eac4f418|rpc:10.1.0.37:44703|dataStream:|priority:0, 1c5a9a78-c73d-49f5-a922-d91982043581|rpc:10.1.0.37:34069|dataStream:|priority:1], old=null
2022-07-30 01:52:57,088 [8f5c3faa-f143-4f3c-a1d4-a848eac4f418@group-8EC71B74F447-LeaderElection66] INFO  impl.RoleInfo (RoleInfo.java:shutdownLeaderElection(130)) - 8f5c3faa-f143-4f3c-a1d4-a848eac4f418: shutdown 8f5c3faa-f143-4f3c-a1d4-a848eac4f418@group-8EC71B74F447-LeaderElection66
2022-07-30 01:52:57,089 [8f5c3faa-f143-4f3c-a1d4-a848eac4f418@group-8EC71B74F447-LeaderElection66] INFO  impl.RoleInfo (RoleInfo.java:updateAndGet(139)) - 8f5c3faa-f143-4f3c-a1d4-a848eac4f418: start 8f5c3faa-f143-4f3c-a1d4-a848eac4f418@group-8EC71B74F447-FollowerState
2022-07-30 01:52:57,089 [grpc-default-executor-0] INFO  server.RaftServer$Division (RaftServerImpl.java:requestVote(1152)) - 8f5c3faa-f143-4f3c-a1d4-a848eac4f418@group-8EC71B74F447: receive requestVote(ELECTION, 1c5a9a78-c73d-49f5-a922-d91982043581, group-8EC71B74F447, 2, (t:0, i:0))
2022-07-30 01:52:57,090 [grpc-default-executor-0] INFO  impl.VoteContext (VoteContext.java:log(48)) - 8f5c3faa-f143-4f3c-a1d4-a848eac4f418@group-8EC71B74F447-FOLLOWER: reject ELECTION from 1c5a9a78-c73d-49f5-a922-d91982043581: already has voted for 8f5c3faa-f143-4f3c-a1d4-a848eac4f418 at current term 2
2022-07-30 01:52:57,090 [grpc-default-executor-0] INFO  server.RaftServer$Division (RaftServerImpl.java:requestVote(1184)) - 8f5c3faa-f143-4f3c-a1d4-a848eac4f418@group-8EC71B74F447 replies to ELECTION vote request: 1c5a9a78-c73d-49f5-a922-d91982043581<-8f5c3faa-f143-4f3c-a1d4-a848eac4f418#0:FAIL-t2. Peer's state: 8f5c3faa-f143-4f3c-a1d4-a848eac4f418@group-8EC71B74F447:t2, leader=null, voted=8f5c3faa-f143-4f3c-a1d4-a848eac4f418, raftlog=8f5c3faa-f143-4f3c-a1d4-a848eac4f418@group-8EC71B74F447-SegmentedRaftLog:OPENED:c-1, conf=-1: [65c0e71a-8f9a-4866-86b4-013512fa0d07|rpc:10.1.0.37:46743|priority:0, 8f5c3faa-f143-4f3c-a1d4-a848eac4f418|rpc:10.1.0.37:44703|priority:0, 1c5a9a78-c73d-49f5-a922-d91982043581|rpc:10.1.0.37:34069|priority:1], old=null
2022-07-30 01:52:57,127 [1c5a9a78-c73d-49f5-a922-d91982043581@group-8EC71B74F447-LeaderElection67] INFO  impl.LeaderElection (LeaderElection.java:logAndReturn(90)) - 1c5a9a78-c73d-49f5-a922-d91982043581@group-8EC71B74F447-LeaderElection67: ELECTION REJECTED received 2 response(s) and 0 exception(s):
2022-07-30 01:52:57,127 [1c5a9a78-c73d-49f5-a922-d91982043581@group-8EC71B74F447-LeaderElection67] INFO  impl.LeaderElection (LeaderElection.java:logAndReturn(94)) -   Response 0: 1c5a9a78-c73d-49f5-a922-d91982043581<-65c0e71a-8f9a-4866-86b4-013512fa0d07#0:FAIL-t2
2022-07-30 01:52:57,127 [1c5a9a78-c73d-49f5-a922-d91982043581@group-8EC71B74F447-LeaderElection67] INFO  impl.LeaderElection (LeaderElection.java:logAndReturn(94)) -   Response 1: 1c5a9a78-c73d-49f5-a922-d91982043581<-8f5c3faa-f143-4f3c-a1d4-a848eac4f418#0:FAIL-t2
2022-07-30 01:52:57,128 [1c5a9a78-c73d-49f5-a922-d91982043581@group-8EC71B74F447-LeaderElection67] INFO  impl.LeaderElection (LeaderElection.java:askForVotes(312)) - 1c5a9a78-c73d-49f5-a922-d91982043581@group-8EC71B74F447-LeaderElection67 ELECTION round 0: result REJECTED
2022-07-30 01:52:57,128 [1c5a9a78-c73d-49f5-a922-d91982043581@group-8EC71B74F447-LeaderElection67] INFO  server.RaftServer$Division (RaftServerImpl.java:setRole(299)) - 1c5a9a78-c73d-49f5-a922-d91982043581@group-8EC71B74F447: changes role from CANDIDATE to FOLLOWER at term 2 for REJECTED
2022-07-30 01:52:57,128 [1c5a9a78-c73d-49f5-a922-d91982043581@group-8EC71B74F447-LeaderElection67] INFO  impl.RoleInfo (RoleInfo.java:shutdownLeaderElection(130)) - 1c5a9a78-c73d-49f5-a922-d91982043581: shutdown 1c5a9a78-c73d-49f5-a922-d91982043581@group-8EC71B74F447-LeaderElection67
2022-07-30 01:52:57,128 [1c5a9a78-c73d-49f5-a922-d91982043581@group-8EC71B74F447-LeaderElection67] INFO  impl.RoleInfo (RoleInfo.java:updateAndGet(139)) - 1c5a9a78-c73d-49f5-a922-d91982043581: start 1c5a9a78-c73d-49f5-a922-d91982043581@group-8EC71B74F447-FollowerState
]]></system-out>
  </testcase>
  <testcase name="testTrash" classname="TestRootedOzoneFileSystem" time="0">
    <skipped/>
  </testcase>
  <testcase name="testTrash" classname="TestRootedOzoneFileSystem" time="0">
    <skipped/>
  </testcase>
  <testcase name="testTrash" classname="TestRootedOzoneFileSystem" time="0">
    <skipped/>
  </testcase>
  <testcase name="testTrash" classname="TestRootedOzoneFileSystem" time="0">
    <skipped/>
  </testcase>
  <testcase name="testTrash" classname="TestRootedOzoneFileSystem" time="0">
    <skipped/>
  </testcase>
  <testcase name="testRenameDestinationParentDoesntExist" classname="TestRootedOzoneFileSystem" time="0.121">
    <system-out><![CDATA[2022-07-30 01:47:42,215 [Time-limited test] INFO  rpc.RpcClient (RpcClient.java:createVolume(468)) - Creating Volume: volume69392, with user93659 as owner and space quota set to -1 bytes, counts quota set to -1
2022-07-30 01:47:42,221 [OM StateMachine ApplyTransaction Thread - 0] INFO  volume.OMVolumeCreateRequest (OMVolumeCreateRequest.java:validateAndUpdateCache(195)) - created volume:volume69392 for user:user93659
2022-07-30 01:47:42,225 [Time-limited test] INFO  rpc.RpcClient (RpcClient.java:createBucket(671)) - Creating Bucket: volume69392/bucket49141, with bucket layout LEGACY, runner as owner, Versioning false, Storage Type set to DISK and Encryption set to false 
2022-07-30 01:47:42,227 [OM StateMachine ApplyTransaction Thread - 0] INFO  bucket.OMBucketCreateRequest (OMBucketCreateRequest.java:validateAndUpdateCache(260)) - created bucket: bucket49141 of layout LEGACY in volume: volume69392
01:47:42.241 [IPC Server handler 12 on default port 39159] ERROR OMAudit - user=runner | ip=127.0.0.1 | op=GET_FILE_STATUS {volume=volume69392, bucket=bucket49141, key=root_dir/b/c, dataSize=0, replicationConfig=null} | ret=FAILURE
org.apache.hadoop.ozone.om.exceptions.OMException: Unable to get file status: volume: volume69392 bucket: bucket49141 key: root_dir/b/c
	at org.apache.hadoop.ozone.om.KeyManagerImpl.getOzoneFileStatus(KeyManagerImpl.java:1311) ~[ozone-manager-1.3.0-SNAPSHOT.jar:?]
	at org.apache.hadoop.ozone.om.KeyManagerImpl.getFileStatus(KeyManagerImpl.java:1241) ~[ozone-manager-1.3.0-SNAPSHOT.jar:?]
	at org.apache.hadoop.ozone.om.OzoneManager.getFileStatus(OzoneManager.java:3467) ~[ozone-manager-1.3.0-SNAPSHOT.jar:?]
	at org.apache.hadoop.ozone.protocolPB.OzoneManagerRequestHandler.getOzoneFileStatus(OzoneManagerRequestHandler.java:878) ~[ozone-manager-1.3.0-SNAPSHOT.jar:?]
	at org.apache.hadoop.ozone.protocolPB.OzoneManagerRequestHandler.handleReadRequest(OzoneManagerRequestHandler.java:224) ~[ozone-manager-1.3.0-SNAPSHOT.jar:?]
	at org.apache.hadoop.ozone.protocolPB.OzoneManagerProtocolServerSideTranslatorPB.submitReadRequestToOM(OzoneManagerProtocolServerSideTranslatorPB.java:226) ~[ozone-manager-1.3.0-SNAPSHOT.jar:?]
	at org.apache.hadoop.ozone.protocolPB.OzoneManagerProtocolServerSideTranslatorPB.processRequest(OzoneManagerProtocolServerSideTranslatorPB.java:175) ~[ozone-manager-1.3.0-SNAPSHOT.jar:?]
	at org.apache.hadoop.hdds.server.OzoneProtocolMessageDispatcher.processRequest(OzoneProtocolMessageDispatcher.java:87) [hdds-server-framework-1.3.0-SNAPSHOT.jar:?]
	at org.apache.hadoop.ozone.protocolPB.OzoneManagerProtocolServerSideTranslatorPB.submitRequest(OzoneManagerProtocolServerSideTranslatorPB.java:147) [ozone-manager-1.3.0-SNAPSHOT.jar:?]
	at org.apache.hadoop.ozone.protocol.proto.OzoneManagerProtocolProtos$OzoneManagerService$2.callBlockingMethod(OzoneManagerProtocolProtos.java) [ozone-interface-client-1.3.0-SNAPSHOT.jar:?]
	at org.apache.hadoop.ipc.ProtobufRpcEngine$Server.processCall(ProtobufRpcEngine.java:466) [hadoop-common-3.3.1.jar:?]
	at org.apache.hadoop.ipc.ProtobufRpcEngine2$Server$ProtoBufRpcInvoker.call(ProtobufRpcEngine2.java:574) [hadoop-common-3.3.1.jar:?]
	at org.apache.hadoop.ipc.ProtobufRpcEngine2$Server$ProtoBufRpcInvoker.call(ProtobufRpcEngine2.java:552) [hadoop-common-3.3.1.jar:?]
	at org.apache.hadoop.ipc.RPC$Server.call(RPC.java:1093) [hadoop-common-3.3.1.jar:?]
	at org.apache.hadoop.ipc.Server$RpcCall.run(Server.java:1035) [hadoop-common-3.3.1.jar:?]
	at org.apache.hadoop.ipc.Server$RpcCall.run(Server.java:963) [hadoop-common-3.3.1.jar:?]
	at java.security.AccessController.doPrivileged(Native Method) ~[?:1.8.0_332]
	at javax.security.auth.Subject.doAs(Subject.java:422) [?:1.8.0_332]
	at org.apache.hadoop.security.UserGroupInformation.doAs(UserGroupInformation.java:1878) [hadoop-common-3.3.1.jar:?]
	at org.apache.hadoop.ipc.Server$Handler.run(Server.java:2966) [hadoop-common-3.3.1.jar:?]
01:47:42.244 [IPC Server handler 13 on default port 39159] ERROR OMAudit - user=runner | ip=127.0.0.1 | op=GET_FILE_STATUS {volume=volume69392, bucket=bucket49141, key=root_dir/b, dataSize=0, replicationConfig=null} | ret=FAILURE
org.apache.hadoop.ozone.om.exceptions.OMException: Unable to get file status: volume: volume69392 bucket: bucket49141 key: root_dir/b
	at org.apache.hadoop.ozone.om.KeyManagerImpl.getOzoneFileStatus(KeyManagerImpl.java:1311) ~[ozone-manager-1.3.0-SNAPSHOT.jar:?]
	at org.apache.hadoop.ozone.om.KeyManagerImpl.getFileStatus(KeyManagerImpl.java:1241) ~[ozone-manager-1.3.0-SNAPSHOT.jar:?]
	at org.apache.hadoop.ozone.om.OzoneManager.getFileStatus(OzoneManager.java:3467) ~[ozone-manager-1.3.0-SNAPSHOT.jar:?]
	at org.apache.hadoop.ozone.protocolPB.OzoneManagerRequestHandler.getOzoneFileStatus(OzoneManagerRequestHandler.java:878) ~[ozone-manager-1.3.0-SNAPSHOT.jar:?]
	at org.apache.hadoop.ozone.protocolPB.OzoneManagerRequestHandler.handleReadRequest(OzoneManagerRequestHandler.java:224) ~[ozone-manager-1.3.0-SNAPSHOT.jar:?]
	at org.apache.hadoop.ozone.protocolPB.OzoneManagerProtocolServerSideTranslatorPB.submitReadRequestToOM(OzoneManagerProtocolServerSideTranslatorPB.java:226) ~[ozone-manager-1.3.0-SNAPSHOT.jar:?]
	at org.apache.hadoop.ozone.protocolPB.OzoneManagerProtocolServerSideTranslatorPB.processRequest(OzoneManagerProtocolServerSideTranslatorPB.java:175) ~[ozone-manager-1.3.0-SNAPSHOT.jar:?]
	at org.apache.hadoop.hdds.server.OzoneProtocolMessageDispatcher.processRequest(OzoneProtocolMessageDispatcher.java:87) [hdds-server-framework-1.3.0-SNAPSHOT.jar:?]
	at org.apache.hadoop.ozone.protocolPB.OzoneManagerProtocolServerSideTranslatorPB.submitRequest(OzoneManagerProtocolServerSideTranslatorPB.java:147) [ozone-manager-1.3.0-SNAPSHOT.jar:?]
	at org.apache.hadoop.ozone.protocol.proto.OzoneManagerProtocolProtos$OzoneManagerService$2.callBlockingMethod(OzoneManagerProtocolProtos.java) [ozone-interface-client-1.3.0-SNAPSHOT.jar:?]
	at org.apache.hadoop.ipc.ProtobufRpcEngine$Server.processCall(ProtobufRpcEngine.java:466) [hadoop-common-3.3.1.jar:?]
	at org.apache.hadoop.ipc.ProtobufRpcEngine2$Server$ProtoBufRpcInvoker.call(ProtobufRpcEngine2.java:574) [hadoop-common-3.3.1.jar:?]
	at org.apache.hadoop.ipc.ProtobufRpcEngine2$Server$ProtoBufRpcInvoker.call(ProtobufRpcEngine2.java:552) [hadoop-common-3.3.1.jar:?]
	at org.apache.hadoop.ipc.RPC$Server.call(RPC.java:1093) [hadoop-common-3.3.1.jar:?]
	at org.apache.hadoop.ipc.Server$RpcCall.run(Server.java:1035) [hadoop-common-3.3.1.jar:?]
	at org.apache.hadoop.ipc.Server$RpcCall.run(Server.java:963) [hadoop-common-3.3.1.jar:?]
	at java.security.AccessController.doPrivileged(Native Method) ~[?:1.8.0_332]
	at javax.security.auth.Subject.doAs(Subject.java:422) [?:1.8.0_332]
	at org.apache.hadoop.security.UserGroupInformation.doAs(UserGroupInformation.java:1878) [hadoop-common-3.3.1.jar:?]
	at org.apache.hadoop.ipc.Server$Handler.run(Server.java:2966) [hadoop-common-3.3.1.jar:?]
01:47:42.267 [IPC Server handler 3 on default port 39159] ERROR OMAudit - user=runner | ip=127.0.0.1 | op=GET_FILE_STATUS {volume=volume69392, bucket=bucket49141, key=root_dir/file1/c, dataSize=0, replicationConfig=null} | ret=FAILURE
org.apache.hadoop.ozone.om.exceptions.OMException: Unable to get file status: volume: volume69392 bucket: bucket49141 key: root_dir/file1/c
	at org.apache.hadoop.ozone.om.KeyManagerImpl.getOzoneFileStatus(KeyManagerImpl.java:1311) ~[ozone-manager-1.3.0-SNAPSHOT.jar:?]
	at org.apache.hadoop.ozone.om.KeyManagerImpl.getFileStatus(KeyManagerImpl.java:1241) ~[ozone-manager-1.3.0-SNAPSHOT.jar:?]
	at org.apache.hadoop.ozone.om.OzoneManager.getFileStatus(OzoneManager.java:3467) ~[ozone-manager-1.3.0-SNAPSHOT.jar:?]
	at org.apache.hadoop.ozone.protocolPB.OzoneManagerRequestHandler.getOzoneFileStatus(OzoneManagerRequestHandler.java:878) ~[ozone-manager-1.3.0-SNAPSHOT.jar:?]
	at org.apache.hadoop.ozone.protocolPB.OzoneManagerRequestHandler.handleReadRequest(OzoneManagerRequestHandler.java:224) ~[ozone-manager-1.3.0-SNAPSHOT.jar:?]
	at org.apache.hadoop.ozone.protocolPB.OzoneManagerProtocolServerSideTranslatorPB.submitReadRequestToOM(OzoneManagerProtocolServerSideTranslatorPB.java:226) ~[ozone-manager-1.3.0-SNAPSHOT.jar:?]
	at org.apache.hadoop.ozone.protocolPB.OzoneManagerProtocolServerSideTranslatorPB.processRequest(OzoneManagerProtocolServerSideTranslatorPB.java:175) ~[ozone-manager-1.3.0-SNAPSHOT.jar:?]
	at org.apache.hadoop.hdds.server.OzoneProtocolMessageDispatcher.processRequest(OzoneProtocolMessageDispatcher.java:87) [hdds-server-framework-1.3.0-SNAPSHOT.jar:?]
	at org.apache.hadoop.ozone.protocolPB.OzoneManagerProtocolServerSideTranslatorPB.submitRequest(OzoneManagerProtocolServerSideTranslatorPB.java:147) [ozone-manager-1.3.0-SNAPSHOT.jar:?]
	at org.apache.hadoop.ozone.protocol.proto.OzoneManagerProtocolProtos$OzoneManagerService$2.callBlockingMethod(OzoneManagerProtocolProtos.java) [ozone-interface-client-1.3.0-SNAPSHOT.jar:?]
	at org.apache.hadoop.ipc.ProtobufRpcEngine$Server.processCall(ProtobufRpcEngine.java:466) [hadoop-common-3.3.1.jar:?]
	at org.apache.hadoop.ipc.ProtobufRpcEngine2$Server$ProtoBufRpcInvoker.call(ProtobufRpcEngine2.java:574) [hadoop-common-3.3.1.jar:?]
	at org.apache.hadoop.ipc.ProtobufRpcEngine2$Server$ProtoBufRpcInvoker.call(ProtobufRpcEngine2.java:552) [hadoop-common-3.3.1.jar:?]
	at org.apache.hadoop.ipc.RPC$Server.call(RPC.java:1093) [hadoop-common-3.3.1.jar:?]
	at org.apache.hadoop.ipc.Server$RpcCall.run(Server.java:1035) [hadoop-common-3.3.1.jar:?]
	at org.apache.hadoop.ipc.Server$RpcCall.run(Server.java:963) [hadoop-common-3.3.1.jar:?]
	at java.security.AccessController.doPrivileged(Native Method) ~[?:1.8.0_332]
	at javax.security.auth.Subject.doAs(Subject.java:422) [?:1.8.0_332]
	at org.apache.hadoop.security.UserGroupInformation.doAs(UserGroupInformation.java:1878) [hadoop-common-3.3.1.jar:?]
	at org.apache.hadoop.ipc.Server$Handler.run(Server.java:2966) [hadoop-common-3.3.1.jar:?]
]]></system-out>
  </testcase>
  <testcase name="testRenameDestinationParentDoesntExist" classname="TestRootedOzoneFileSystem" time="0.148">
    <system-out><![CDATA[2022-07-30 01:48:58,564 [Time-limited test] INFO  rpc.RpcClient (RpcClient.java:createVolume(468)) - Creating Volume: volume75630, with user62549 as owner and space quota set to -1 bytes, counts quota set to -1
2022-07-30 01:48:58,566 [OM StateMachine ApplyTransaction Thread - 0] INFO  volume.OMVolumeCreateRequest (OMVolumeCreateRequest.java:validateAndUpdateCache(195)) - created volume:volume75630 for user:user62549
2022-07-30 01:48:58,567 [Time-limited test] INFO  rpc.RpcClient (RpcClient.java:createBucket(671)) - Creating Bucket: volume75630/bucket36294, with bucket layout LEGACY, runner as owner, Versioning false, Storage Type set to DISK and Encryption set to false 
2022-07-30 01:48:58,568 [OM StateMachine ApplyTransaction Thread - 0] INFO  bucket.OMBucketCreateRequest (OMBucketCreateRequest.java:validateAndUpdateCache(260)) - created bucket: bucket36294 of layout LEGACY in volume: volume75630
01:48:58.573 [IPC Server handler 0 on default port 43571] ERROR OMAudit - user=runner | ip=127.0.0.1 | op=GET_FILE_STATUS {volume=volume75630, bucket=bucket36294, key=root_dir/b/c, dataSize=0, replicationConfig=null} | ret=FAILURE
org.apache.hadoop.ozone.om.exceptions.OMException: Unable to get file status: volume: volume75630 bucket: bucket36294 key: root_dir/b/c
	at org.apache.hadoop.ozone.om.KeyManagerImpl.getOzoneFileStatus(KeyManagerImpl.java:1311) ~[ozone-manager-1.3.0-SNAPSHOT.jar:?]
	at org.apache.hadoop.ozone.om.KeyManagerImpl.getFileStatus(KeyManagerImpl.java:1241) ~[ozone-manager-1.3.0-SNAPSHOT.jar:?]
	at org.apache.hadoop.ozone.om.OzoneManager.getFileStatus(OzoneManager.java:3467) ~[ozone-manager-1.3.0-SNAPSHOT.jar:?]
	at org.apache.hadoop.ozone.protocolPB.OzoneManagerRequestHandler.getOzoneFileStatus(OzoneManagerRequestHandler.java:878) ~[ozone-manager-1.3.0-SNAPSHOT.jar:?]
	at org.apache.hadoop.ozone.protocolPB.OzoneManagerRequestHandler.handleReadRequest(OzoneManagerRequestHandler.java:224) ~[ozone-manager-1.3.0-SNAPSHOT.jar:?]
	at org.apache.hadoop.ozone.protocolPB.OzoneManagerProtocolServerSideTranslatorPB.submitReadRequestToOM(OzoneManagerProtocolServerSideTranslatorPB.java:226) ~[ozone-manager-1.3.0-SNAPSHOT.jar:?]
	at org.apache.hadoop.ozone.protocolPB.OzoneManagerProtocolServerSideTranslatorPB.processRequest(OzoneManagerProtocolServerSideTranslatorPB.java:175) ~[ozone-manager-1.3.0-SNAPSHOT.jar:?]
	at org.apache.hadoop.hdds.server.OzoneProtocolMessageDispatcher.processRequest(OzoneProtocolMessageDispatcher.java:87) [hdds-server-framework-1.3.0-SNAPSHOT.jar:?]
	at org.apache.hadoop.ozone.protocolPB.OzoneManagerProtocolServerSideTranslatorPB.submitRequest(OzoneManagerProtocolServerSideTranslatorPB.java:147) [ozone-manager-1.3.0-SNAPSHOT.jar:?]
	at org.apache.hadoop.ozone.protocol.proto.OzoneManagerProtocolProtos$OzoneManagerService$2.callBlockingMethod(OzoneManagerProtocolProtos.java) [ozone-interface-client-1.3.0-SNAPSHOT.jar:?]
	at org.apache.hadoop.ipc.ProtobufRpcEngine$Server.processCall(ProtobufRpcEngine.java:466) [hadoop-common-3.3.1.jar:?]
	at org.apache.hadoop.ipc.ProtobufRpcEngine2$Server$ProtoBufRpcInvoker.call(ProtobufRpcEngine2.java:574) [hadoop-common-3.3.1.jar:?]
	at org.apache.hadoop.ipc.ProtobufRpcEngine2$Server$ProtoBufRpcInvoker.call(ProtobufRpcEngine2.java:552) [hadoop-common-3.3.1.jar:?]
	at org.apache.hadoop.ipc.RPC$Server.call(RPC.java:1093) [hadoop-common-3.3.1.jar:?]
	at org.apache.hadoop.ipc.Server$RpcCall.run(Server.java:1035) [hadoop-common-3.3.1.jar:?]
	at org.apache.hadoop.ipc.Server$RpcCall.run(Server.java:963) [hadoop-common-3.3.1.jar:?]
	at java.security.AccessController.doPrivileged(Native Method) ~[?:1.8.0_332]
	at javax.security.auth.Subject.doAs(Subject.java:422) [?:1.8.0_332]
	at org.apache.hadoop.security.UserGroupInformation.doAs(UserGroupInformation.java:1878) [hadoop-common-3.3.1.jar:?]
	at org.apache.hadoop.ipc.Server$Handler.run(Server.java:2966) [hadoop-common-3.3.1.jar:?]
01:48:58.574 [IPC Server handler 5 on default port 43571] ERROR OMAudit - user=runner | ip=127.0.0.1 | op=GET_FILE_STATUS {volume=volume75630, bucket=bucket36294, key=root_dir/b, dataSize=0, replicationConfig=null} | ret=FAILURE
org.apache.hadoop.ozone.om.exceptions.OMException: Unable to get file status: volume: volume75630 bucket: bucket36294 key: root_dir/b
	at org.apache.hadoop.ozone.om.KeyManagerImpl.getOzoneFileStatus(KeyManagerImpl.java:1311) ~[ozone-manager-1.3.0-SNAPSHOT.jar:?]
	at org.apache.hadoop.ozone.om.KeyManagerImpl.getFileStatus(KeyManagerImpl.java:1241) ~[ozone-manager-1.3.0-SNAPSHOT.jar:?]
	at org.apache.hadoop.ozone.om.OzoneManager.getFileStatus(OzoneManager.java:3467) ~[ozone-manager-1.3.0-SNAPSHOT.jar:?]
	at org.apache.hadoop.ozone.protocolPB.OzoneManagerRequestHandler.getOzoneFileStatus(OzoneManagerRequestHandler.java:878) ~[ozone-manager-1.3.0-SNAPSHOT.jar:?]
	at org.apache.hadoop.ozone.protocolPB.OzoneManagerRequestHandler.handleReadRequest(OzoneManagerRequestHandler.java:224) ~[ozone-manager-1.3.0-SNAPSHOT.jar:?]
	at org.apache.hadoop.ozone.protocolPB.OzoneManagerProtocolServerSideTranslatorPB.submitReadRequestToOM(OzoneManagerProtocolServerSideTranslatorPB.java:226) ~[ozone-manager-1.3.0-SNAPSHOT.jar:?]
	at org.apache.hadoop.ozone.protocolPB.OzoneManagerProtocolServerSideTranslatorPB.processRequest(OzoneManagerProtocolServerSideTranslatorPB.java:175) ~[ozone-manager-1.3.0-SNAPSHOT.jar:?]
	at org.apache.hadoop.hdds.server.OzoneProtocolMessageDispatcher.processRequest(OzoneProtocolMessageDispatcher.java:87) [hdds-server-framework-1.3.0-SNAPSHOT.jar:?]
	at org.apache.hadoop.ozone.protocolPB.OzoneManagerProtocolServerSideTranslatorPB.submitRequest(OzoneManagerProtocolServerSideTranslatorPB.java:147) [ozone-manager-1.3.0-SNAPSHOT.jar:?]
	at org.apache.hadoop.ozone.protocol.proto.OzoneManagerProtocolProtos$OzoneManagerService$2.callBlockingMethod(OzoneManagerProtocolProtos.java) [ozone-interface-client-1.3.0-SNAPSHOT.jar:?]
	at org.apache.hadoop.ipc.ProtobufRpcEngine$Server.processCall(ProtobufRpcEngine.java:466) [hadoop-common-3.3.1.jar:?]
	at org.apache.hadoop.ipc.ProtobufRpcEngine2$Server$ProtoBufRpcInvoker.call(ProtobufRpcEngine2.java:574) [hadoop-common-3.3.1.jar:?]
	at org.apache.hadoop.ipc.ProtobufRpcEngine2$Server$ProtoBufRpcInvoker.call(ProtobufRpcEngine2.java:552) [hadoop-common-3.3.1.jar:?]
	at org.apache.hadoop.ipc.RPC$Server.call(RPC.java:1093) [hadoop-common-3.3.1.jar:?]
	at org.apache.hadoop.ipc.Server$RpcCall.run(Server.java:1035) [hadoop-common-3.3.1.jar:?]
	at org.apache.hadoop.ipc.Server$RpcCall.run(Server.java:963) [hadoop-common-3.3.1.jar:?]
	at java.security.AccessController.doPrivileged(Native Method) ~[?:1.8.0_332]
	at javax.security.auth.Subject.doAs(Subject.java:422) [?:1.8.0_332]
	at org.apache.hadoop.security.UserGroupInformation.doAs(UserGroupInformation.java:1878) [hadoop-common-3.3.1.jar:?]
	at org.apache.hadoop.ipc.Server$Handler.run(Server.java:2966) [hadoop-common-3.3.1.jar:?]
01:48:58.585 [IPC Server handler 11 on default port 43571] ERROR OMAudit - user=runner | ip=127.0.0.1 | op=GET_FILE_STATUS {volume=volume75630, bucket=bucket36294, key=root_dir/file1/c, dataSize=0, replicationConfig=null} | ret=FAILURE
org.apache.hadoop.ozone.om.exceptions.OMException: Unable to get file status: volume: volume75630 bucket: bucket36294 key: root_dir/file1/c
	at org.apache.hadoop.ozone.om.KeyManagerImpl.getOzoneFileStatus(KeyManagerImpl.java:1311) ~[ozone-manager-1.3.0-SNAPSHOT.jar:?]
	at org.apache.hadoop.ozone.om.KeyManagerImpl.getFileStatus(KeyManagerImpl.java:1241) ~[ozone-manager-1.3.0-SNAPSHOT.jar:?]
	at org.apache.hadoop.ozone.om.OzoneManager.getFileStatus(OzoneManager.java:3467) ~[ozone-manager-1.3.0-SNAPSHOT.jar:?]
	at org.apache.hadoop.ozone.protocolPB.OzoneManagerRequestHandler.getOzoneFileStatus(OzoneManagerRequestHandler.java:878) ~[ozone-manager-1.3.0-SNAPSHOT.jar:?]
	at org.apache.hadoop.ozone.protocolPB.OzoneManagerRequestHandler.handleReadRequest(OzoneManagerRequestHandler.java:224) ~[ozone-manager-1.3.0-SNAPSHOT.jar:?]
	at org.apache.hadoop.ozone.protocolPB.OzoneManagerProtocolServerSideTranslatorPB.submitReadRequestToOM(OzoneManagerProtocolServerSideTranslatorPB.java:226) ~[ozone-manager-1.3.0-SNAPSHOT.jar:?]
	at org.apache.hadoop.ozone.protocolPB.OzoneManagerProtocolServerSideTranslatorPB.processRequest(OzoneManagerProtocolServerSideTranslatorPB.java:175) ~[ozone-manager-1.3.0-SNAPSHOT.jar:?]
	at org.apache.hadoop.hdds.server.OzoneProtocolMessageDispatcher.processRequest(OzoneProtocolMessageDispatcher.java:87) [hdds-server-framework-1.3.0-SNAPSHOT.jar:?]
	at org.apache.hadoop.ozone.protocolPB.OzoneManagerProtocolServerSideTranslatorPB.submitRequest(OzoneManagerProtocolServerSideTranslatorPB.java:147) [ozone-manager-1.3.0-SNAPSHOT.jar:?]
	at org.apache.hadoop.ozone.protocol.proto.OzoneManagerProtocolProtos$OzoneManagerService$2.callBlockingMethod(OzoneManagerProtocolProtos.java) [ozone-interface-client-1.3.0-SNAPSHOT.jar:?]
	at org.apache.hadoop.ipc.ProtobufRpcEngine$Server.processCall(ProtobufRpcEngine.java:466) [hadoop-common-3.3.1.jar:?]
	at org.apache.hadoop.ipc.ProtobufRpcEngine2$Server$ProtoBufRpcInvoker.call(ProtobufRpcEngine2.java:574) [hadoop-common-3.3.1.jar:?]
	at org.apache.hadoop.ipc.ProtobufRpcEngine2$Server$ProtoBufRpcInvoker.call(ProtobufRpcEngine2.java:552) [hadoop-common-3.3.1.jar:?]
	at org.apache.hadoop.ipc.RPC$Server.call(RPC.java:1093) [hadoop-common-3.3.1.jar:?]
	at org.apache.hadoop.ipc.Server$RpcCall.run(Server.java:1035) [hadoop-common-3.3.1.jar:?]
	at org.apache.hadoop.ipc.Server$RpcCall.run(Server.java:963) [hadoop-common-3.3.1.jar:?]
	at java.security.AccessController.doPrivileged(Native Method) ~[?:1.8.0_332]
	at javax.security.auth.Subject.doAs(Subject.java:422) [?:1.8.0_332]
	at org.apache.hadoop.security.UserGroupInformation.doAs(UserGroupInformation.java:1878) [hadoop-common-3.3.1.jar:?]
	at org.apache.hadoop.ipc.Server$Handler.run(Server.java:2966) [hadoop-common-3.3.1.jar:?]
]]></system-out>
  </testcase>
  <testcase name="testRenameDestinationParentDoesntExist" classname="TestRootedOzoneFileSystem" time="0.158">
    <system-out><![CDATA[2022-07-30 01:50:10,880 [Time-limited test] INFO  rpc.RpcClient (RpcClient.java:createVolume(468)) - Creating Volume: volume60616, with user03624 as owner and space quota set to -1 bytes, counts quota set to -1
2022-07-30 01:50:10,881 [IPC Server handler 11 on default port 41659] INFO  volume.OMVolumeCreateRequest (OMVolumeCreateRequest.java:validateAndUpdateCache(195)) - created volume:volume60616 for user:user03624
2022-07-30 01:50:10,884 [Time-limited test] INFO  rpc.RpcClient (RpcClient.java:createBucket(671)) - Creating Bucket: volume60616/bucket48816, with bucket layout LEGACY, runner as owner, Versioning false, Storage Type set to DISK and Encryption set to false 
2022-07-30 01:50:10,885 [IPC Server handler 15 on default port 41659] INFO  bucket.OMBucketCreateRequest (OMBucketCreateRequest.java:validateAndUpdateCache(260)) - created bucket: bucket48816 of layout LEGACY in volume: volume60616
01:50:10.888 [IPC Server handler 7 on default port 41659] ERROR OMAudit - user=runner | ip=127.0.0.1 | op=GET_FILE_STATUS {volume=volume60616, bucket=bucket48816, key=root_dir/b/c, dataSize=0, replicationConfig=null} | ret=FAILURE
org.apache.hadoop.ozone.om.exceptions.OMException: Unable to get file status: volume: volume60616 bucket: bucket48816 key: root_dir/b/c
	at org.apache.hadoop.ozone.om.KeyManagerImpl.getOzoneFileStatus(KeyManagerImpl.java:1311) ~[ozone-manager-1.3.0-SNAPSHOT.jar:?]
	at org.apache.hadoop.ozone.om.KeyManagerImpl.getFileStatus(KeyManagerImpl.java:1241) ~[ozone-manager-1.3.0-SNAPSHOT.jar:?]
	at org.apache.hadoop.ozone.om.OzoneManager.getFileStatus(OzoneManager.java:3467) ~[ozone-manager-1.3.0-SNAPSHOT.jar:?]
	at org.apache.hadoop.ozone.protocolPB.OzoneManagerRequestHandler.getOzoneFileStatus(OzoneManagerRequestHandler.java:878) ~[ozone-manager-1.3.0-SNAPSHOT.jar:?]
	at org.apache.hadoop.ozone.protocolPB.OzoneManagerRequestHandler.handleReadRequest(OzoneManagerRequestHandler.java:224) ~[ozone-manager-1.3.0-SNAPSHOT.jar:?]
	at org.apache.hadoop.ozone.protocolPB.OzoneManagerProtocolServerSideTranslatorPB.submitRequestDirectlyToOM(OzoneManagerProtocolServerSideTranslatorPB.java:276) ~[ozone-manager-1.3.0-SNAPSHOT.jar:?]
	at org.apache.hadoop.ozone.protocolPB.OzoneManagerProtocolServerSideTranslatorPB.processRequest(OzoneManagerProtocolServerSideTranslatorPB.java:205) ~[ozone-manager-1.3.0-SNAPSHOT.jar:?]
	at org.apache.hadoop.hdds.server.OzoneProtocolMessageDispatcher.processRequest(OzoneProtocolMessageDispatcher.java:87) [hdds-server-framework-1.3.0-SNAPSHOT.jar:?]
	at org.apache.hadoop.ozone.protocolPB.OzoneManagerProtocolServerSideTranslatorPB.submitRequest(OzoneManagerProtocolServerSideTranslatorPB.java:147) [ozone-manager-1.3.0-SNAPSHOT.jar:?]
	at org.apache.hadoop.ozone.protocol.proto.OzoneManagerProtocolProtos$OzoneManagerService$2.callBlockingMethod(OzoneManagerProtocolProtos.java) [ozone-interface-client-1.3.0-SNAPSHOT.jar:?]
	at org.apache.hadoop.ipc.ProtobufRpcEngine$Server.processCall(ProtobufRpcEngine.java:466) [hadoop-common-3.3.1.jar:?]
	at org.apache.hadoop.ipc.ProtobufRpcEngine2$Server$ProtoBufRpcInvoker.call(ProtobufRpcEngine2.java:574) [hadoop-common-3.3.1.jar:?]
	at org.apache.hadoop.ipc.ProtobufRpcEngine2$Server$ProtoBufRpcInvoker.call(ProtobufRpcEngine2.java:552) [hadoop-common-3.3.1.jar:?]
	at org.apache.hadoop.ipc.RPC$Server.call(RPC.java:1093) [hadoop-common-3.3.1.jar:?]
	at org.apache.hadoop.ipc.Server$RpcCall.run(Server.java:1035) [hadoop-common-3.3.1.jar:?]
	at org.apache.hadoop.ipc.Server$RpcCall.run(Server.java:963) [hadoop-common-3.3.1.jar:?]
	at java.security.AccessController.doPrivileged(Native Method) ~[?:1.8.0_332]
	at javax.security.auth.Subject.doAs(Subject.java:422) [?:1.8.0_332]
	at org.apache.hadoop.security.UserGroupInformation.doAs(UserGroupInformation.java:1878) [hadoop-common-3.3.1.jar:?]
	at org.apache.hadoop.ipc.Server$Handler.run(Server.java:2966) [hadoop-common-3.3.1.jar:?]
01:50:10.889 [IPC Server handler 4 on default port 41659] ERROR OMAudit - user=runner | ip=127.0.0.1 | op=GET_FILE_STATUS {volume=volume60616, bucket=bucket48816, key=root_dir/b, dataSize=0, replicationConfig=null} | ret=FAILURE
org.apache.hadoop.ozone.om.exceptions.OMException: Unable to get file status: volume: volume60616 bucket: bucket48816 key: root_dir/b
	at org.apache.hadoop.ozone.om.KeyManagerImpl.getOzoneFileStatus(KeyManagerImpl.java:1311) ~[ozone-manager-1.3.0-SNAPSHOT.jar:?]
	at org.apache.hadoop.ozone.om.KeyManagerImpl.getFileStatus(KeyManagerImpl.java:1241) ~[ozone-manager-1.3.0-SNAPSHOT.jar:?]
	at org.apache.hadoop.ozone.om.OzoneManager.getFileStatus(OzoneManager.java:3467) ~[ozone-manager-1.3.0-SNAPSHOT.jar:?]
	at org.apache.hadoop.ozone.protocolPB.OzoneManagerRequestHandler.getOzoneFileStatus(OzoneManagerRequestHandler.java:878) ~[ozone-manager-1.3.0-SNAPSHOT.jar:?]
	at org.apache.hadoop.ozone.protocolPB.OzoneManagerRequestHandler.handleReadRequest(OzoneManagerRequestHandler.java:224) ~[ozone-manager-1.3.0-SNAPSHOT.jar:?]
	at org.apache.hadoop.ozone.protocolPB.OzoneManagerProtocolServerSideTranslatorPB.submitRequestDirectlyToOM(OzoneManagerProtocolServerSideTranslatorPB.java:276) ~[ozone-manager-1.3.0-SNAPSHOT.jar:?]
	at org.apache.hadoop.ozone.protocolPB.OzoneManagerProtocolServerSideTranslatorPB.processRequest(OzoneManagerProtocolServerSideTranslatorPB.java:205) ~[ozone-manager-1.3.0-SNAPSHOT.jar:?]
	at org.apache.hadoop.hdds.server.OzoneProtocolMessageDispatcher.processRequest(OzoneProtocolMessageDispatcher.java:87) [hdds-server-framework-1.3.0-SNAPSHOT.jar:?]
	at org.apache.hadoop.ozone.protocolPB.OzoneManagerProtocolServerSideTranslatorPB.submitRequest(OzoneManagerProtocolServerSideTranslatorPB.java:147) [ozone-manager-1.3.0-SNAPSHOT.jar:?]
	at org.apache.hadoop.ozone.protocol.proto.OzoneManagerProtocolProtos$OzoneManagerService$2.callBlockingMethod(OzoneManagerProtocolProtos.java) [ozone-interface-client-1.3.0-SNAPSHOT.jar:?]
	at org.apache.hadoop.ipc.ProtobufRpcEngine$Server.processCall(ProtobufRpcEngine.java:466) [hadoop-common-3.3.1.jar:?]
	at org.apache.hadoop.ipc.ProtobufRpcEngine2$Server$ProtoBufRpcInvoker.call(ProtobufRpcEngine2.java:574) [hadoop-common-3.3.1.jar:?]
	at org.apache.hadoop.ipc.ProtobufRpcEngine2$Server$ProtoBufRpcInvoker.call(ProtobufRpcEngine2.java:552) [hadoop-common-3.3.1.jar:?]
	at org.apache.hadoop.ipc.RPC$Server.call(RPC.java:1093) [hadoop-common-3.3.1.jar:?]
	at org.apache.hadoop.ipc.Server$RpcCall.run(Server.java:1035) [hadoop-common-3.3.1.jar:?]
	at org.apache.hadoop.ipc.Server$RpcCall.run(Server.java:963) [hadoop-common-3.3.1.jar:?]
	at java.security.AccessController.doPrivileged(Native Method) ~[?:1.8.0_332]
	at javax.security.auth.Subject.doAs(Subject.java:422) [?:1.8.0_332]
	at org.apache.hadoop.security.UserGroupInformation.doAs(UserGroupInformation.java:1878) [hadoop-common-3.3.1.jar:?]
	at org.apache.hadoop.ipc.Server$Handler.run(Server.java:2966) [hadoop-common-3.3.1.jar:?]
01:50:10.905 [IPC Server handler 11 on default port 41659] ERROR OMAudit - user=runner | ip=127.0.0.1 | op=GET_FILE_STATUS {volume=volume60616, bucket=bucket48816, key=root_dir/file1/c, dataSize=0, replicationConfig=null} | ret=FAILURE
org.apache.hadoop.ozone.om.exceptions.OMException: Unable to get file status: volume: volume60616 bucket: bucket48816 key: root_dir/file1/c
	at org.apache.hadoop.ozone.om.KeyManagerImpl.getOzoneFileStatus(KeyManagerImpl.java:1311) ~[ozone-manager-1.3.0-SNAPSHOT.jar:?]
	at org.apache.hadoop.ozone.om.KeyManagerImpl.getFileStatus(KeyManagerImpl.java:1241) ~[ozone-manager-1.3.0-SNAPSHOT.jar:?]
	at org.apache.hadoop.ozone.om.OzoneManager.getFileStatus(OzoneManager.java:3467) ~[ozone-manager-1.3.0-SNAPSHOT.jar:?]
	at org.apache.hadoop.ozone.protocolPB.OzoneManagerRequestHandler.getOzoneFileStatus(OzoneManagerRequestHandler.java:878) ~[ozone-manager-1.3.0-SNAPSHOT.jar:?]
	at org.apache.hadoop.ozone.protocolPB.OzoneManagerRequestHandler.handleReadRequest(OzoneManagerRequestHandler.java:224) ~[ozone-manager-1.3.0-SNAPSHOT.jar:?]
	at org.apache.hadoop.ozone.protocolPB.OzoneManagerProtocolServerSideTranslatorPB.submitRequestDirectlyToOM(OzoneManagerProtocolServerSideTranslatorPB.java:276) ~[ozone-manager-1.3.0-SNAPSHOT.jar:?]
	at org.apache.hadoop.ozone.protocolPB.OzoneManagerProtocolServerSideTranslatorPB.processRequest(OzoneManagerProtocolServerSideTranslatorPB.java:205) ~[ozone-manager-1.3.0-SNAPSHOT.jar:?]
	at org.apache.hadoop.hdds.server.OzoneProtocolMessageDispatcher.processRequest(OzoneProtocolMessageDispatcher.java:87) [hdds-server-framework-1.3.0-SNAPSHOT.jar:?]
	at org.apache.hadoop.ozone.protocolPB.OzoneManagerProtocolServerSideTranslatorPB.submitRequest(OzoneManagerProtocolServerSideTranslatorPB.java:147) [ozone-manager-1.3.0-SNAPSHOT.jar:?]
	at org.apache.hadoop.ozone.protocol.proto.OzoneManagerProtocolProtos$OzoneManagerService$2.callBlockingMethod(OzoneManagerProtocolProtos.java) [ozone-interface-client-1.3.0-SNAPSHOT.jar:?]
	at org.apache.hadoop.ipc.ProtobufRpcEngine$Server.processCall(ProtobufRpcEngine.java:466) [hadoop-common-3.3.1.jar:?]
	at org.apache.hadoop.ipc.ProtobufRpcEngine2$Server$ProtoBufRpcInvoker.call(ProtobufRpcEngine2.java:574) [hadoop-common-3.3.1.jar:?]
	at org.apache.hadoop.ipc.ProtobufRpcEngine2$Server$ProtoBufRpcInvoker.call(ProtobufRpcEngine2.java:552) [hadoop-common-3.3.1.jar:?]
	at org.apache.hadoop.ipc.RPC$Server.call(RPC.java:1093) [hadoop-common-3.3.1.jar:?]
	at org.apache.hadoop.ipc.Server$RpcCall.run(Server.java:1035) [hadoop-common-3.3.1.jar:?]
	at org.apache.hadoop.ipc.Server$RpcCall.run(Server.java:963) [hadoop-common-3.3.1.jar:?]
	at java.security.AccessController.doPrivileged(Native Method) ~[?:1.8.0_332]
	at javax.security.auth.Subject.doAs(Subject.java:422) [?:1.8.0_332]
	at org.apache.hadoop.security.UserGroupInformation.doAs(UserGroupInformation.java:1878) [hadoop-common-3.3.1.jar:?]
	at org.apache.hadoop.ipc.Server$Handler.run(Server.java:2966) [hadoop-common-3.3.1.jar:?]
]]></system-out>
  </testcase>
  <testcase name="testRenameDestinationParentDoesntExist" classname="TestRootedOzoneFileSystem" time="0.17">
    <system-out><![CDATA[2022-07-30 01:51:27,633 [Time-limited test] INFO  rpc.RpcClient (RpcClient.java:createVolume(468)) - Creating Volume: volume69743, with user50475 as owner and space quota set to -1 bytes, counts quota set to -1
2022-07-30 01:51:27,637 [OM StateMachine ApplyTransaction Thread - 0] INFO  volume.OMVolumeCreateRequest (OMVolumeCreateRequest.java:validateAndUpdateCache(195)) - created volume:volume69743 for user:user50475
2022-07-30 01:51:27,638 [Time-limited test] INFO  rpc.RpcClient (RpcClient.java:createBucket(671)) - Creating Bucket: volume69743/bucket18394, with bucket layout LEGACY, runner as owner, Versioning false, Storage Type set to DISK and Encryption set to false 
2022-07-30 01:51:27,644 [OM StateMachine ApplyTransaction Thread - 0] INFO  bucket.OMBucketCreateRequest (OMBucketCreateRequest.java:validateAndUpdateCache(260)) - created bucket: bucket18394 of layout LEGACY in volume: volume69743
01:51:27.649 [IPC Server handler 18 on default port 42455] ERROR OMAudit - user=runner | ip=127.0.0.1 | op=GET_FILE_STATUS {volume=volume69743, bucket=bucket18394, key=root_dir/b/c, dataSize=0, replicationConfig=null} | ret=FAILURE
org.apache.hadoop.ozone.om.exceptions.OMException: Unable to get file status: volume: volume69743 bucket: bucket18394 key: root_dir/b/c
	at org.apache.hadoop.ozone.om.KeyManagerImpl.getOzoneFileStatus(KeyManagerImpl.java:1311) ~[ozone-manager-1.3.0-SNAPSHOT.jar:?]
	at org.apache.hadoop.ozone.om.KeyManagerImpl.getFileStatus(KeyManagerImpl.java:1241) ~[ozone-manager-1.3.0-SNAPSHOT.jar:?]
	at org.apache.hadoop.ozone.om.OzoneManager.getFileStatus(OzoneManager.java:3467) ~[ozone-manager-1.3.0-SNAPSHOT.jar:?]
	at org.apache.hadoop.ozone.protocolPB.OzoneManagerRequestHandler.getOzoneFileStatus(OzoneManagerRequestHandler.java:878) ~[ozone-manager-1.3.0-SNAPSHOT.jar:?]
	at org.apache.hadoop.ozone.protocolPB.OzoneManagerRequestHandler.handleReadRequest(OzoneManagerRequestHandler.java:224) ~[ozone-manager-1.3.0-SNAPSHOT.jar:?]
	at org.apache.hadoop.ozone.protocolPB.OzoneManagerProtocolServerSideTranslatorPB.submitReadRequestToOM(OzoneManagerProtocolServerSideTranslatorPB.java:226) ~[ozone-manager-1.3.0-SNAPSHOT.jar:?]
	at org.apache.hadoop.ozone.protocolPB.OzoneManagerProtocolServerSideTranslatorPB.processRequest(OzoneManagerProtocolServerSideTranslatorPB.java:175) ~[ozone-manager-1.3.0-SNAPSHOT.jar:?]
	at org.apache.hadoop.hdds.server.OzoneProtocolMessageDispatcher.processRequest(OzoneProtocolMessageDispatcher.java:87) [hdds-server-framework-1.3.0-SNAPSHOT.jar:?]
	at org.apache.hadoop.ozone.protocolPB.OzoneManagerProtocolServerSideTranslatorPB.submitRequest(OzoneManagerProtocolServerSideTranslatorPB.java:147) [ozone-manager-1.3.0-SNAPSHOT.jar:?]
	at org.apache.hadoop.ozone.protocol.proto.OzoneManagerProtocolProtos$OzoneManagerService$2.callBlockingMethod(OzoneManagerProtocolProtos.java) [ozone-interface-client-1.3.0-SNAPSHOT.jar:?]
	at org.apache.hadoop.ipc.ProtobufRpcEngine$Server.processCall(ProtobufRpcEngine.java:466) [hadoop-common-3.3.1.jar:?]
	at org.apache.hadoop.ipc.ProtobufRpcEngine2$Server$ProtoBufRpcInvoker.call(ProtobufRpcEngine2.java:574) [hadoop-common-3.3.1.jar:?]
	at org.apache.hadoop.ipc.ProtobufRpcEngine2$Server$ProtoBufRpcInvoker.call(ProtobufRpcEngine2.java:552) [hadoop-common-3.3.1.jar:?]
	at org.apache.hadoop.ipc.RPC$Server.call(RPC.java:1093) [hadoop-common-3.3.1.jar:?]
	at org.apache.hadoop.ipc.Server$RpcCall.run(Server.java:1035) [hadoop-common-3.3.1.jar:?]
	at org.apache.hadoop.ipc.Server$RpcCall.run(Server.java:963) [hadoop-common-3.3.1.jar:?]
	at java.security.AccessController.doPrivileged(Native Method) ~[?:1.8.0_332]
	at javax.security.auth.Subject.doAs(Subject.java:422) [?:1.8.0_332]
	at org.apache.hadoop.security.UserGroupInformation.doAs(UserGroupInformation.java:1878) [hadoop-common-3.3.1.jar:?]
	at org.apache.hadoop.ipc.Server$Handler.run(Server.java:2966) [hadoop-common-3.3.1.jar:?]
01:51:27.650 [IPC Server handler 15 on default port 42455] ERROR OMAudit - user=runner | ip=127.0.0.1 | op=GET_FILE_STATUS {volume=volume69743, bucket=bucket18394, key=root_dir/b, dataSize=0, replicationConfig=null} | ret=FAILURE
org.apache.hadoop.ozone.om.exceptions.OMException: Unable to get file status: volume: volume69743 bucket: bucket18394 key: root_dir/b
	at org.apache.hadoop.ozone.om.KeyManagerImpl.getOzoneFileStatus(KeyManagerImpl.java:1311) ~[ozone-manager-1.3.0-SNAPSHOT.jar:?]
	at org.apache.hadoop.ozone.om.KeyManagerImpl.getFileStatus(KeyManagerImpl.java:1241) ~[ozone-manager-1.3.0-SNAPSHOT.jar:?]
	at org.apache.hadoop.ozone.om.OzoneManager.getFileStatus(OzoneManager.java:3467) ~[ozone-manager-1.3.0-SNAPSHOT.jar:?]
	at org.apache.hadoop.ozone.protocolPB.OzoneManagerRequestHandler.getOzoneFileStatus(OzoneManagerRequestHandler.java:878) ~[ozone-manager-1.3.0-SNAPSHOT.jar:?]
	at org.apache.hadoop.ozone.protocolPB.OzoneManagerRequestHandler.handleReadRequest(OzoneManagerRequestHandler.java:224) ~[ozone-manager-1.3.0-SNAPSHOT.jar:?]
	at org.apache.hadoop.ozone.protocolPB.OzoneManagerProtocolServerSideTranslatorPB.submitReadRequestToOM(OzoneManagerProtocolServerSideTranslatorPB.java:226) ~[ozone-manager-1.3.0-SNAPSHOT.jar:?]
	at org.apache.hadoop.ozone.protocolPB.OzoneManagerProtocolServerSideTranslatorPB.processRequest(OzoneManagerProtocolServerSideTranslatorPB.java:175) ~[ozone-manager-1.3.0-SNAPSHOT.jar:?]
	at org.apache.hadoop.hdds.server.OzoneProtocolMessageDispatcher.processRequest(OzoneProtocolMessageDispatcher.java:87) [hdds-server-framework-1.3.0-SNAPSHOT.jar:?]
	at org.apache.hadoop.ozone.protocolPB.OzoneManagerProtocolServerSideTranslatorPB.submitRequest(OzoneManagerProtocolServerSideTranslatorPB.java:147) [ozone-manager-1.3.0-SNAPSHOT.jar:?]
	at org.apache.hadoop.ozone.protocol.proto.OzoneManagerProtocolProtos$OzoneManagerService$2.callBlockingMethod(OzoneManagerProtocolProtos.java) [ozone-interface-client-1.3.0-SNAPSHOT.jar:?]
	at org.apache.hadoop.ipc.ProtobufRpcEngine$Server.processCall(ProtobufRpcEngine.java:466) [hadoop-common-3.3.1.jar:?]
	at org.apache.hadoop.ipc.ProtobufRpcEngine2$Server$ProtoBufRpcInvoker.call(ProtobufRpcEngine2.java:574) [hadoop-common-3.3.1.jar:?]
	at org.apache.hadoop.ipc.ProtobufRpcEngine2$Server$ProtoBufRpcInvoker.call(ProtobufRpcEngine2.java:552) [hadoop-common-3.3.1.jar:?]
	at org.apache.hadoop.ipc.RPC$Server.call(RPC.java:1093) [hadoop-common-3.3.1.jar:?]
	at org.apache.hadoop.ipc.Server$RpcCall.run(Server.java:1035) [hadoop-common-3.3.1.jar:?]
	at org.apache.hadoop.ipc.Server$RpcCall.run(Server.java:963) [hadoop-common-3.3.1.jar:?]
	at java.security.AccessController.doPrivileged(Native Method) ~[?:1.8.0_332]
	at javax.security.auth.Subject.doAs(Subject.java:422) [?:1.8.0_332]
	at org.apache.hadoop.security.UserGroupInformation.doAs(UserGroupInformation.java:1878) [hadoop-common-3.3.1.jar:?]
	at org.apache.hadoop.ipc.Server$Handler.run(Server.java:2966) [hadoop-common-3.3.1.jar:?]
01:51:27.661 [IPC Server handler 7 on default port 42455] ERROR OMAudit - user=runner | ip=127.0.0.1 | op=GET_FILE_STATUS {volume=volume69743, bucket=bucket18394, key=root_dir/file1/c, dataSize=0, replicationConfig=null} | ret=FAILURE
org.apache.hadoop.ozone.om.exceptions.OMException: Unable to get file status: volume: volume69743 bucket: bucket18394 key: root_dir/file1/c
	at org.apache.hadoop.ozone.om.KeyManagerImpl.getOzoneFileStatus(KeyManagerImpl.java:1311) ~[ozone-manager-1.3.0-SNAPSHOT.jar:?]
	at org.apache.hadoop.ozone.om.KeyManagerImpl.getFileStatus(KeyManagerImpl.java:1241) ~[ozone-manager-1.3.0-SNAPSHOT.jar:?]
	at org.apache.hadoop.ozone.om.OzoneManager.getFileStatus(OzoneManager.java:3467) ~[ozone-manager-1.3.0-SNAPSHOT.jar:?]
	at org.apache.hadoop.ozone.protocolPB.OzoneManagerRequestHandler.getOzoneFileStatus(OzoneManagerRequestHandler.java:878) ~[ozone-manager-1.3.0-SNAPSHOT.jar:?]
	at org.apache.hadoop.ozone.protocolPB.OzoneManagerRequestHandler.handleReadRequest(OzoneManagerRequestHandler.java:224) ~[ozone-manager-1.3.0-SNAPSHOT.jar:?]
	at org.apache.hadoop.ozone.protocolPB.OzoneManagerProtocolServerSideTranslatorPB.submitReadRequestToOM(OzoneManagerProtocolServerSideTranslatorPB.java:226) ~[ozone-manager-1.3.0-SNAPSHOT.jar:?]
	at org.apache.hadoop.ozone.protocolPB.OzoneManagerProtocolServerSideTranslatorPB.processRequest(OzoneManagerProtocolServerSideTranslatorPB.java:175) ~[ozone-manager-1.3.0-SNAPSHOT.jar:?]
	at org.apache.hadoop.hdds.server.OzoneProtocolMessageDispatcher.processRequest(OzoneProtocolMessageDispatcher.java:87) [hdds-server-framework-1.3.0-SNAPSHOT.jar:?]
	at org.apache.hadoop.ozone.protocolPB.OzoneManagerProtocolServerSideTranslatorPB.submitRequest(OzoneManagerProtocolServerSideTranslatorPB.java:147) [ozone-manager-1.3.0-SNAPSHOT.jar:?]
	at org.apache.hadoop.ozone.protocol.proto.OzoneManagerProtocolProtos$OzoneManagerService$2.callBlockingMethod(OzoneManagerProtocolProtos.java) [ozone-interface-client-1.3.0-SNAPSHOT.jar:?]
	at org.apache.hadoop.ipc.ProtobufRpcEngine$Server.processCall(ProtobufRpcEngine.java:466) [hadoop-common-3.3.1.jar:?]
	at org.apache.hadoop.ipc.ProtobufRpcEngine2$Server$ProtoBufRpcInvoker.call(ProtobufRpcEngine2.java:574) [hadoop-common-3.3.1.jar:?]
	at org.apache.hadoop.ipc.ProtobufRpcEngine2$Server$ProtoBufRpcInvoker.call(ProtobufRpcEngine2.java:552) [hadoop-common-3.3.1.jar:?]
	at org.apache.hadoop.ipc.RPC$Server.call(RPC.java:1093) [hadoop-common-3.3.1.jar:?]
	at org.apache.hadoop.ipc.Server$RpcCall.run(Server.java:1035) [hadoop-common-3.3.1.jar:?]
	at org.apache.hadoop.ipc.Server$RpcCall.run(Server.java:963) [hadoop-common-3.3.1.jar:?]
	at java.security.AccessController.doPrivileged(Native Method) ~[?:1.8.0_332]
	at javax.security.auth.Subject.doAs(Subject.java:422) [?:1.8.0_332]
	at org.apache.hadoop.security.UserGroupInformation.doAs(UserGroupInformation.java:1878) [hadoop-common-3.3.1.jar:?]
	at org.apache.hadoop.ipc.Server$Handler.run(Server.java:2966) [hadoop-common-3.3.1.jar:?]
]]></system-out>
  </testcase>
  <testcase name="testRenameDestinationParentDoesntExist" classname="TestRootedOzoneFileSystem" time="0.138">
    <system-out><![CDATA[2022-07-30 01:52:57,212 [Time-limited test] INFO  rpc.RpcClient (RpcClient.java:createVolume(468)) - Creating Volume: volume20707, with user40709 as owner and space quota set to -1 bytes, counts quota set to -1
2022-07-30 01:52:57,213 [IPC Server handler 13 on default port 40433] INFO  volume.OMVolumeCreateRequest (OMVolumeCreateRequest.java:validateAndUpdateCache(195)) - created volume:volume20707 for user:user40709
2022-07-30 01:52:57,219 [Time-limited test] INFO  rpc.RpcClient (RpcClient.java:createBucket(671)) - Creating Bucket: volume20707/bucket79508, with bucket layout LEGACY, runner as owner, Versioning false, Storage Type set to DISK and Encryption set to false 
2022-07-30 01:52:57,220 [IPC Server handler 10 on default port 40433] INFO  bucket.OMBucketCreateRequest (OMBucketCreateRequest.java:validateAndUpdateCache(260)) - created bucket: bucket79508 of layout LEGACY in volume: volume20707
01:52:57.236 [IPC Server handler 0 on default port 40433] ERROR OMAudit - user=runner | ip=127.0.0.1 | op=GET_FILE_STATUS {volume=volume20707, bucket=bucket79508, key=root_dir/b/c, dataSize=0, replicationConfig=null} | ret=FAILURE
org.apache.hadoop.ozone.om.exceptions.OMException: Unable to get file status: volume: volume20707 bucket: bucket79508 key: root_dir/b/c
	at org.apache.hadoop.ozone.om.KeyManagerImpl.getOzoneFileStatus(KeyManagerImpl.java:1311) ~[ozone-manager-1.3.0-SNAPSHOT.jar:?]
	at org.apache.hadoop.ozone.om.KeyManagerImpl.getFileStatus(KeyManagerImpl.java:1241) ~[ozone-manager-1.3.0-SNAPSHOT.jar:?]
	at org.apache.hadoop.ozone.om.OzoneManager.getFileStatus(OzoneManager.java:3467) ~[ozone-manager-1.3.0-SNAPSHOT.jar:?]
	at org.apache.hadoop.ozone.protocolPB.OzoneManagerRequestHandler.getOzoneFileStatus(OzoneManagerRequestHandler.java:878) ~[ozone-manager-1.3.0-SNAPSHOT.jar:?]
	at org.apache.hadoop.ozone.protocolPB.OzoneManagerRequestHandler.handleReadRequest(OzoneManagerRequestHandler.java:224) ~[ozone-manager-1.3.0-SNAPSHOT.jar:?]
	at org.apache.hadoop.ozone.protocolPB.OzoneManagerProtocolServerSideTranslatorPB.submitRequestDirectlyToOM(OzoneManagerProtocolServerSideTranslatorPB.java:276) ~[ozone-manager-1.3.0-SNAPSHOT.jar:?]
	at org.apache.hadoop.ozone.protocolPB.OzoneManagerProtocolServerSideTranslatorPB.processRequest(OzoneManagerProtocolServerSideTranslatorPB.java:205) ~[ozone-manager-1.3.0-SNAPSHOT.jar:?]
	at org.apache.hadoop.hdds.server.OzoneProtocolMessageDispatcher.processRequest(OzoneProtocolMessageDispatcher.java:87) [hdds-server-framework-1.3.0-SNAPSHOT.jar:?]
	at org.apache.hadoop.ozone.protocolPB.OzoneManagerProtocolServerSideTranslatorPB.submitRequest(OzoneManagerProtocolServerSideTranslatorPB.java:147) [ozone-manager-1.3.0-SNAPSHOT.jar:?]
	at org.apache.hadoop.ozone.protocol.proto.OzoneManagerProtocolProtos$OzoneManagerService$2.callBlockingMethod(OzoneManagerProtocolProtos.java) [ozone-interface-client-1.3.0-SNAPSHOT.jar:?]
	at org.apache.hadoop.ipc.ProtobufRpcEngine$Server.processCall(ProtobufRpcEngine.java:466) [hadoop-common-3.3.1.jar:?]
	at org.apache.hadoop.ipc.ProtobufRpcEngine2$Server$ProtoBufRpcInvoker.call(ProtobufRpcEngine2.java:574) [hadoop-common-3.3.1.jar:?]
	at org.apache.hadoop.ipc.ProtobufRpcEngine2$Server$ProtoBufRpcInvoker.call(ProtobufRpcEngine2.java:552) [hadoop-common-3.3.1.jar:?]
	at org.apache.hadoop.ipc.RPC$Server.call(RPC.java:1093) [hadoop-common-3.3.1.jar:?]
	at org.apache.hadoop.ipc.Server$RpcCall.run(Server.java:1035) [hadoop-common-3.3.1.jar:?]
	at org.apache.hadoop.ipc.Server$RpcCall.run(Server.java:963) [hadoop-common-3.3.1.jar:?]
	at java.security.AccessController.doPrivileged(Native Method) ~[?:1.8.0_332]
	at javax.security.auth.Subject.doAs(Subject.java:422) [?:1.8.0_332]
	at org.apache.hadoop.security.UserGroupInformation.doAs(UserGroupInformation.java:1878) [hadoop-common-3.3.1.jar:?]
	at org.apache.hadoop.ipc.Server$Handler.run(Server.java:2966) [hadoop-common-3.3.1.jar:?]
01:52:57.241 [IPC Server handler 18 on default port 40433] ERROR OMAudit - user=runner | ip=127.0.0.1 | op=GET_FILE_STATUS {volume=volume20707, bucket=bucket79508, key=root_dir/b, dataSize=0, replicationConfig=null} | ret=FAILURE
org.apache.hadoop.ozone.om.exceptions.OMException: Unable to get file status: volume: volume20707 bucket: bucket79508 key: root_dir/b
	at org.apache.hadoop.ozone.om.KeyManagerImpl.getOzoneFileStatus(KeyManagerImpl.java:1311) ~[ozone-manager-1.3.0-SNAPSHOT.jar:?]
	at org.apache.hadoop.ozone.om.KeyManagerImpl.getFileStatus(KeyManagerImpl.java:1241) ~[ozone-manager-1.3.0-SNAPSHOT.jar:?]
	at org.apache.hadoop.ozone.om.OzoneManager.getFileStatus(OzoneManager.java:3467) ~[ozone-manager-1.3.0-SNAPSHOT.jar:?]
	at org.apache.hadoop.ozone.protocolPB.OzoneManagerRequestHandler.getOzoneFileStatus(OzoneManagerRequestHandler.java:878) ~[ozone-manager-1.3.0-SNAPSHOT.jar:?]
	at org.apache.hadoop.ozone.protocolPB.OzoneManagerRequestHandler.handleReadRequest(OzoneManagerRequestHandler.java:224) ~[ozone-manager-1.3.0-SNAPSHOT.jar:?]
	at org.apache.hadoop.ozone.protocolPB.OzoneManagerProtocolServerSideTranslatorPB.submitRequestDirectlyToOM(OzoneManagerProtocolServerSideTranslatorPB.java:276) ~[ozone-manager-1.3.0-SNAPSHOT.jar:?]
	at org.apache.hadoop.ozone.protocolPB.OzoneManagerProtocolServerSideTranslatorPB.processRequest(OzoneManagerProtocolServerSideTranslatorPB.java:205) ~[ozone-manager-1.3.0-SNAPSHOT.jar:?]
	at org.apache.hadoop.hdds.server.OzoneProtocolMessageDispatcher.processRequest(OzoneProtocolMessageDispatcher.java:87) [hdds-server-framework-1.3.0-SNAPSHOT.jar:?]
	at org.apache.hadoop.ozone.protocolPB.OzoneManagerProtocolServerSideTranslatorPB.submitRequest(OzoneManagerProtocolServerSideTranslatorPB.java:147) [ozone-manager-1.3.0-SNAPSHOT.jar:?]
	at org.apache.hadoop.ozone.protocol.proto.OzoneManagerProtocolProtos$OzoneManagerService$2.callBlockingMethod(OzoneManagerProtocolProtos.java) [ozone-interface-client-1.3.0-SNAPSHOT.jar:?]
	at org.apache.hadoop.ipc.ProtobufRpcEngine$Server.processCall(ProtobufRpcEngine.java:466) [hadoop-common-3.3.1.jar:?]
	at org.apache.hadoop.ipc.ProtobufRpcEngine2$Server$ProtoBufRpcInvoker.call(ProtobufRpcEngine2.java:574) [hadoop-common-3.3.1.jar:?]
	at org.apache.hadoop.ipc.ProtobufRpcEngine2$Server$ProtoBufRpcInvoker.call(ProtobufRpcEngine2.java:552) [hadoop-common-3.3.1.jar:?]
	at org.apache.hadoop.ipc.RPC$Server.call(RPC.java:1093) [hadoop-common-3.3.1.jar:?]
	at org.apache.hadoop.ipc.Server$RpcCall.run(Server.java:1035) [hadoop-common-3.3.1.jar:?]
	at org.apache.hadoop.ipc.Server$RpcCall.run(Server.java:963) [hadoop-common-3.3.1.jar:?]
	at java.security.AccessController.doPrivileged(Native Method) ~[?:1.8.0_332]
	at javax.security.auth.Subject.doAs(Subject.java:422) [?:1.8.0_332]
	at org.apache.hadoop.security.UserGroupInformation.doAs(UserGroupInformation.java:1878) [hadoop-common-3.3.1.jar:?]
	at org.apache.hadoop.ipc.Server$Handler.run(Server.java:2966) [hadoop-common-3.3.1.jar:?]
01:52:57.257 [IPC Server handler 13 on default port 40433] ERROR OMAudit - user=runner | ip=127.0.0.1 | op=GET_FILE_STATUS {volume=volume20707, bucket=bucket79508, key=root_dir/file1/c, dataSize=0, replicationConfig=null} | ret=FAILURE
org.apache.hadoop.ozone.om.exceptions.OMException: Unable to get file status: volume: volume20707 bucket: bucket79508 key: root_dir/file1/c
	at org.apache.hadoop.ozone.om.KeyManagerImpl.getOzoneFileStatus(KeyManagerImpl.java:1311) ~[ozone-manager-1.3.0-SNAPSHOT.jar:?]
	at org.apache.hadoop.ozone.om.KeyManagerImpl.getFileStatus(KeyManagerImpl.java:1241) ~[ozone-manager-1.3.0-SNAPSHOT.jar:?]
	at org.apache.hadoop.ozone.om.OzoneManager.getFileStatus(OzoneManager.java:3467) ~[ozone-manager-1.3.0-SNAPSHOT.jar:?]
	at org.apache.hadoop.ozone.protocolPB.OzoneManagerRequestHandler.getOzoneFileStatus(OzoneManagerRequestHandler.java:878) ~[ozone-manager-1.3.0-SNAPSHOT.jar:?]
	at org.apache.hadoop.ozone.protocolPB.OzoneManagerRequestHandler.handleReadRequest(OzoneManagerRequestHandler.java:224) ~[ozone-manager-1.3.0-SNAPSHOT.jar:?]
	at org.apache.hadoop.ozone.protocolPB.OzoneManagerProtocolServerSideTranslatorPB.submitRequestDirectlyToOM(OzoneManagerProtocolServerSideTranslatorPB.java:276) ~[ozone-manager-1.3.0-SNAPSHOT.jar:?]
	at org.apache.hadoop.ozone.protocolPB.OzoneManagerProtocolServerSideTranslatorPB.processRequest(OzoneManagerProtocolServerSideTranslatorPB.java:205) ~[ozone-manager-1.3.0-SNAPSHOT.jar:?]
	at org.apache.hadoop.hdds.server.OzoneProtocolMessageDispatcher.processRequest(OzoneProtocolMessageDispatcher.java:87) [hdds-server-framework-1.3.0-SNAPSHOT.jar:?]
	at org.apache.hadoop.ozone.protocolPB.OzoneManagerProtocolServerSideTranslatorPB.submitRequest(OzoneManagerProtocolServerSideTranslatorPB.java:147) [ozone-manager-1.3.0-SNAPSHOT.jar:?]
	at org.apache.hadoop.ozone.protocol.proto.OzoneManagerProtocolProtos$OzoneManagerService$2.callBlockingMethod(OzoneManagerProtocolProtos.java) [ozone-interface-client-1.3.0-SNAPSHOT.jar:?]
	at org.apache.hadoop.ipc.ProtobufRpcEngine$Server.processCall(ProtobufRpcEngine.java:466) [hadoop-common-3.3.1.jar:?]
	at org.apache.hadoop.ipc.ProtobufRpcEngine2$Server$ProtoBufRpcInvoker.call(ProtobufRpcEngine2.java:574) [hadoop-common-3.3.1.jar:?]
	at org.apache.hadoop.ipc.ProtobufRpcEngine2$Server$ProtoBufRpcInvoker.call(ProtobufRpcEngine2.java:552) [hadoop-common-3.3.1.jar:?]
	at org.apache.hadoop.ipc.RPC$Server.call(RPC.java:1093) [hadoop-common-3.3.1.jar:?]
	at org.apache.hadoop.ipc.Server$RpcCall.run(Server.java:1035) [hadoop-common-3.3.1.jar:?]
	at org.apache.hadoop.ipc.Server$RpcCall.run(Server.java:963) [hadoop-common-3.3.1.jar:?]
	at java.security.AccessController.doPrivileged(Native Method) ~[?:1.8.0_332]
	at javax.security.auth.Subject.doAs(Subject.java:422) [?:1.8.0_332]
	at org.apache.hadoop.security.UserGroupInformation.doAs(UserGroupInformation.java:1878) [hadoop-common-3.3.1.jar:?]
	at org.apache.hadoop.ipc.Server$Handler.run(Server.java:2966) [hadoop-common-3.3.1.jar:?]
]]></system-out>
  </testcase>
  <testcase name="testGetFileStatusRoot" classname="TestRootedOzoneFileSystem" time="0.063">
    <system-out><![CDATA[2022-07-30 01:47:42,325 [Time-limited test] INFO  rpc.RpcClient (RpcClient.java:createVolume(468)) - Creating Volume: volume52991, with user14331 as owner and space quota set to -1 bytes, counts quota set to -1
2022-07-30 01:47:42,332 [OM StateMachine ApplyTransaction Thread - 0] INFO  volume.OMVolumeCreateRequest (OMVolumeCreateRequest.java:validateAndUpdateCache(195)) - created volume:volume52991 for user:user14331
2022-07-30 01:47:42,335 [Time-limited test] INFO  rpc.RpcClient (RpcClient.java:createBucket(671)) - Creating Bucket: volume52991/bucket91858, with bucket layout LEGACY, runner as owner, Versioning false, Storage Type set to DISK and Encryption set to false 
2022-07-30 01:47:42,340 [OM StateMachine ApplyTransaction Thread - 0] INFO  bucket.OMBucketCreateRequest (OMBucketCreateRequest.java:validateAndUpdateCache(260)) - created bucket: bucket91858 of layout LEGACY in volume: volume52991
]]></system-out>
  </testcase>
  <testcase name="testGetFileStatusRoot" classname="TestRootedOzoneFileSystem" time="0.093">
    <system-out><![CDATA[2022-07-30 01:48:58,680 [Time-limited test] INFO  rpc.RpcClient (RpcClient.java:createVolume(468)) - Creating Volume: volume47914, with user67314 as owner and space quota set to -1 bytes, counts quota set to -1
2022-07-30 01:48:58,682 [OM StateMachine ApplyTransaction Thread - 0] INFO  volume.OMVolumeCreateRequest (OMVolumeCreateRequest.java:validateAndUpdateCache(195)) - created volume:volume47914 for user:user67314
2022-07-30 01:48:58,683 [Time-limited test] INFO  rpc.RpcClient (RpcClient.java:createBucket(671)) - Creating Bucket: volume47914/bucket49516, with bucket layout LEGACY, runner as owner, Versioning false, Storage Type set to DISK and Encryption set to false 
2022-07-30 01:48:58,685 [OM StateMachine ApplyTransaction Thread - 0] INFO  bucket.OMBucketCreateRequest (OMBucketCreateRequest.java:validateAndUpdateCache(260)) - created bucket: bucket49516 of layout LEGACY in volume: volume47914
]]></system-out>
  </testcase>
  <testcase name="testGetFileStatusRoot" classname="TestRootedOzoneFileSystem" time="0.131">
    <system-out><![CDATA[2022-07-30 01:50:11,029 [Time-limited test] INFO  rpc.RpcClient (RpcClient.java:createVolume(468)) - Creating Volume: volume33483, with user84843 as owner and space quota set to -1 bytes, counts quota set to -1
2022-07-30 01:50:11,030 [IPC Server handler 14 on default port 41659] INFO  volume.OMVolumeCreateRequest (OMVolumeCreateRequest.java:validateAndUpdateCache(195)) - created volume:volume33483 for user:user84843
2022-07-30 01:50:11,031 [Time-limited test] INFO  rpc.RpcClient (RpcClient.java:createBucket(671)) - Creating Bucket: volume33483/bucket62987, with bucket layout LEGACY, runner as owner, Versioning false, Storage Type set to DISK and Encryption set to false 
2022-07-30 01:50:11,031 [IPC Server handler 12 on default port 41659] INFO  bucket.OMBucketCreateRequest (OMBucketCreateRequest.java:validateAndUpdateCache(260)) - created bucket: bucket62987 of layout LEGACY in volume: volume33483
]]></system-out>
  </testcase>
  <testcase name="testGetFileStatusRoot" classname="TestRootedOzoneFileSystem" time="0.138">
    <system-out><![CDATA[2022-07-30 01:51:27,820 [Time-limited test] INFO  rpc.RpcClient (RpcClient.java:createVolume(468)) - Creating Volume: volume41029, with user84270 as owner and space quota set to -1 bytes, counts quota set to -1
2022-07-30 01:51:27,824 [OM StateMachine ApplyTransaction Thread - 0] INFO  volume.OMVolumeCreateRequest (OMVolumeCreateRequest.java:validateAndUpdateCache(195)) - created volume:volume41029 for user:user84270
2022-07-30 01:51:27,827 [Time-limited test] INFO  rpc.RpcClient (RpcClient.java:createBucket(671)) - Creating Bucket: volume41029/bucket23870, with bucket layout LEGACY, runner as owner, Versioning false, Storage Type set to DISK and Encryption set to false 
2022-07-30 01:51:27,836 [OM StateMachine ApplyTransaction Thread - 0] INFO  bucket.OMBucketCreateRequest (OMBucketCreateRequest.java:validateAndUpdateCache(260)) - created bucket: bucket23870 of layout LEGACY in volume: volume41029
]]></system-out>
  </testcase>
  <testcase name="testGetFileStatusRoot" classname="TestRootedOzoneFileSystem" time="0.097">
    <system-out><![CDATA[2022-07-30 01:52:57,364 [Time-limited test] INFO  rpc.RpcClient (RpcClient.java:createVolume(468)) - Creating Volume: volume22179, with user29406 as owner and space quota set to -1 bytes, counts quota set to -1
2022-07-30 01:52:57,367 [IPC Server handler 8 on default port 40433] INFO  volume.OMVolumeCreateRequest (OMVolumeCreateRequest.java:validateAndUpdateCache(195)) - created volume:volume22179 for user:user29406
2022-07-30 01:52:57,375 [Time-limited test] INFO  rpc.RpcClient (RpcClient.java:createBucket(671)) - Creating Bucket: volume22179/bucket42040, with bucket layout LEGACY, runner as owner, Versioning false, Storage Type set to DISK and Encryption set to false 
2022-07-30 01:52:57,376 [IPC Server handler 6 on default port 40433] INFO  bucket.OMBucketCreateRequest (OMBucketCreateRequest.java:validateAndUpdateCache(260)) - created bucket: bucket42040 of layout LEGACY in volume: volume22179
]]></system-out>
  </testcase>
  <testcase name="testCreateWithInvalidPaths" classname="TestRootedOzoneFileSystem" time="0.083">
    <system-out><![CDATA[2022-07-30 01:47:42,400 [Time-limited test] INFO  rpc.RpcClient (RpcClient.java:createVolume(468)) - Creating Volume: volume12231, with user16037 as owner and space quota set to -1 bytes, counts quota set to -1
2022-07-30 01:47:42,404 [OM StateMachine ApplyTransaction Thread - 0] INFO  volume.OMVolumeCreateRequest (OMVolumeCreateRequest.java:validateAndUpdateCache(195)) - created volume:volume12231 for user:user16037
2022-07-30 01:47:42,408 [Time-limited test] INFO  rpc.RpcClient (RpcClient.java:createBucket(671)) - Creating Bucket: volume12231/bucket26796, with bucket layout LEGACY, runner as owner, Versioning false, Storage Type set to DISK and Encryption set to false 
2022-07-30 01:47:42,416 [OM StateMachine ApplyTransaction Thread - 0] INFO  bucket.OMBucketCreateRequest (OMBucketCreateRequest.java:validateAndUpdateCache(260)) - created bucket: bucket26796 of layout LEGACY in volume: volume12231
]]></system-out>
  </testcase>
  <testcase name="testCreateWithInvalidPaths" classname="TestRootedOzoneFileSystem" time="0.127">
    <system-out><![CDATA[2022-07-30 01:48:58,792 [Time-limited test] INFO  rpc.RpcClient (RpcClient.java:createVolume(468)) - Creating Volume: volume51499, with user72420 as owner and space quota set to -1 bytes, counts quota set to -1
2022-07-30 01:48:58,796 [OM StateMachine ApplyTransaction Thread - 0] INFO  volume.OMVolumeCreateRequest (OMVolumeCreateRequest.java:validateAndUpdateCache(195)) - created volume:volume51499 for user:user72420
2022-07-30 01:48:58,798 [Time-limited test] INFO  rpc.RpcClient (RpcClient.java:createBucket(671)) - Creating Bucket: volume51499/bucket98077, with bucket layout LEGACY, runner as owner, Versioning false, Storage Type set to DISK and Encryption set to false 
2022-07-30 01:48:58,800 [OM StateMachine ApplyTransaction Thread - 0] INFO  bucket.OMBucketCreateRequest (OMBucketCreateRequest.java:validateAndUpdateCache(260)) - created bucket: bucket98077 of layout LEGACY in volume: volume51499
]]></system-out>
  </testcase>
  <testcase name="testCreateWithInvalidPaths" classname="TestRootedOzoneFileSystem" time="0.089">
    <system-out><![CDATA[2022-07-30 01:50:11,111 [Time-limited test] INFO  rpc.RpcClient (RpcClient.java:createVolume(468)) - Creating Volume: volume87232, with user85746 as owner and space quota set to -1 bytes, counts quota set to -1
2022-07-30 01:50:11,113 [IPC Server handler 12 on default port 41659] INFO  volume.OMVolumeCreateRequest (OMVolumeCreateRequest.java:validateAndUpdateCache(195)) - created volume:volume87232 for user:user85746
2022-07-30 01:50:11,114 [Time-limited test] INFO  rpc.RpcClient (RpcClient.java:createBucket(671)) - Creating Bucket: volume87232/bucket14542, with bucket layout LEGACY, runner as owner, Versioning false, Storage Type set to DISK and Encryption set to false 
2022-07-30 01:50:11,115 [IPC Server handler 0 on default port 41659] INFO  bucket.OMBucketCreateRequest (OMBucketCreateRequest.java:validateAndUpdateCache(260)) - created bucket: bucket14542 of layout LEGACY in volume: volume87232
]]></system-out>
  </testcase>
  <testcase name="testCreateWithInvalidPaths" classname="TestRootedOzoneFileSystem" time="0.166">
    <system-out><![CDATA[2022-07-30 01:51:27,986 [Time-limited test] INFO  rpc.RpcClient (RpcClient.java:createVolume(468)) - Creating Volume: volume27769, with user09586 as owner and space quota set to -1 bytes, counts quota set to -1
2022-07-30 01:51:28,000 [OM StateMachine ApplyTransaction Thread - 0] INFO  volume.OMVolumeCreateRequest (OMVolumeCreateRequest.java:validateAndUpdateCache(195)) - created volume:volume27769 for user:user09586
2022-07-30 01:51:28,003 [Time-limited test] INFO  rpc.RpcClient (RpcClient.java:createBucket(671)) - Creating Bucket: volume27769/bucket17720, with bucket layout LEGACY, runner as owner, Versioning false, Storage Type set to DISK and Encryption set to false 
2022-07-30 01:51:28,008 [OM StateMachine ApplyTransaction Thread - 0] INFO  bucket.OMBucketCreateRequest (OMBucketCreateRequest.java:validateAndUpdateCache(260)) - created bucket: bucket17720 of layout LEGACY in volume: volume27769
]]></system-out>
  </testcase>
  <testcase name="testCreateWithInvalidPaths" classname="TestRootedOzoneFileSystem" time="0.051">
    <system-out><![CDATA[2022-07-30 01:52:57,420 [Time-limited test] INFO  rpc.RpcClient (RpcClient.java:createVolume(468)) - Creating Volume: volume46167, with user28405 as owner and space quota set to -1 bytes, counts quota set to -1
2022-07-30 01:52:57,424 [IPC Server handler 6 on default port 40433] INFO  volume.OMVolumeCreateRequest (OMVolumeCreateRequest.java:validateAndUpdateCache(195)) - created volume:volume46167 for user:user28405
2022-07-30 01:52:57,432 [Time-limited test] INFO  rpc.RpcClient (RpcClient.java:createBucket(671)) - Creating Bucket: volume46167/bucket37168, with bucket layout LEGACY, runner as owner, Versioning false, Storage Type set to DISK and Encryption set to false 
2022-07-30 01:52:57,432 [IPC Server handler 3 on default port 40433] INFO  bucket.OMBucketCreateRequest (OMBucketCreateRequest.java:validateAndUpdateCache(260)) - created bucket: bucket37168 of layout LEGACY in volume: volume46167
]]></system-out>
  </testcase>
  <testcase name="testDeleteEmptyVolume" classname="TestRootedOzoneFileSystem" time="0.082">
    <system-out><![CDATA[2022-07-30 01:47:42,484 [Time-limited test] INFO  rpc.RpcClient (RpcClient.java:createVolume(468)) - Creating Volume: volume01460, with user58264 as owner and space quota set to -1 bytes, counts quota set to -1
2022-07-30 01:47:42,487 [OM StateMachine ApplyTransaction Thread - 0] INFO  volume.OMVolumeCreateRequest (OMVolumeCreateRequest.java:validateAndUpdateCache(195)) - created volume:volume01460 for user:user58264
2022-07-30 01:47:42,494 [Time-limited test] INFO  rpc.RpcClient (RpcClient.java:createBucket(671)) - Creating Bucket: volume01460/bucket02151, with bucket layout LEGACY, runner as owner, Versioning false, Storage Type set to DISK and Encryption set to false 
2022-07-30 01:47:42,496 [OM StateMachine ApplyTransaction Thread - 0] INFO  bucket.OMBucketCreateRequest (OMBucketCreateRequest.java:validateAndUpdateCache(260)) - created bucket: bucket02151 of layout LEGACY in volume: volume01460
2022-07-30 01:47:42,499 [Time-limited test] INFO  rpc.RpcClient (RpcClient.java:createVolume(468)) - Creating Volume: volume-95783, with runner as owner and space quota set to -1 bytes, counts quota set to -1
2022-07-30 01:47:42,503 [OM StateMachine ApplyTransaction Thread - 0] INFO  volume.OMVolumeCreateRequest (OMVolumeCreateRequest.java:validateAndUpdateCache(195)) - created volume:volume-95783 for user:runner
]]></system-out>
  </testcase>
  <testcase name="testDeleteEmptyVolume" classname="TestRootedOzoneFileSystem" time="0.137">
    <system-out><![CDATA[2022-07-30 01:48:58,932 [Time-limited test] INFO  rpc.RpcClient (RpcClient.java:createVolume(468)) - Creating Volume: volume66071, with user08393 as owner and space quota set to -1 bytes, counts quota set to -1
2022-07-30 01:48:58,936 [OM StateMachine ApplyTransaction Thread - 0] INFO  volume.OMVolumeCreateRequest (OMVolumeCreateRequest.java:validateAndUpdateCache(195)) - created volume:volume66071 for user:user08393
2022-07-30 01:48:58,937 [Time-limited test] INFO  rpc.RpcClient (RpcClient.java:createBucket(671)) - Creating Bucket: volume66071/bucket33027, with bucket layout LEGACY, runner as owner, Versioning false, Storage Type set to DISK and Encryption set to false 
2022-07-30 01:48:58,944 [OM StateMachine ApplyTransaction Thread - 0] INFO  bucket.OMBucketCreateRequest (OMBucketCreateRequest.java:validateAndUpdateCache(260)) - created bucket: bucket33027 of layout LEGACY in volume: volume66071
2022-07-30 01:48:58,946 [Time-limited test] INFO  rpc.RpcClient (RpcClient.java:createVolume(468)) - Creating Volume: volume-79713, with runner as owner and space quota set to -1 bytes, counts quota set to -1
2022-07-30 01:48:58,947 [OM StateMachine ApplyTransaction Thread - 0] INFO  volume.OMVolumeCreateRequest (OMVolumeCreateRequest.java:validateAndUpdateCache(195)) - created volume:volume-79713 for user:runner
01:48:58.950 [IPC Server handler 4 on default port 43571] ERROR OMAudit - user=runner | ip=127.0.0.1 | op=READ_VOLUME {volume=volume-79713} | ret=FAILURE
org.apache.hadoop.ozone.om.exceptions.OMException: Volume volume-79713 is not found
	at org.apache.hadoop.ozone.om.VolumeManagerImpl.getVolumeInfo(VolumeManagerImpl.java:74) ~[ozone-manager-1.3.0-SNAPSHOT.jar:?]
	at org.apache.hadoop.ozone.om.OzoneManager.getVolumeInfo(OzoneManager.java:2603) ~[ozone-manager-1.3.0-SNAPSHOT.jar:?]
	at org.apache.hadoop.ozone.protocolPB.OzoneManagerRequestHandler.infoVolume(OzoneManagerRequestHandler.java:397) ~[ozone-manager-1.3.0-SNAPSHOT.jar:?]
	at org.apache.hadoop.ozone.protocolPB.OzoneManagerRequestHandler.handleReadRequest(OzoneManagerRequestHandler.java:164) ~[ozone-manager-1.3.0-SNAPSHOT.jar:?]
	at org.apache.hadoop.ozone.protocolPB.OzoneManagerProtocolServerSideTranslatorPB.submitReadRequestToOM(OzoneManagerProtocolServerSideTranslatorPB.java:226) ~[ozone-manager-1.3.0-SNAPSHOT.jar:?]
	at org.apache.hadoop.ozone.protocolPB.OzoneManagerProtocolServerSideTranslatorPB.processRequest(OzoneManagerProtocolServerSideTranslatorPB.java:175) ~[ozone-manager-1.3.0-SNAPSHOT.jar:?]
	at org.apache.hadoop.hdds.server.OzoneProtocolMessageDispatcher.processRequest(OzoneProtocolMessageDispatcher.java:87) [hdds-server-framework-1.3.0-SNAPSHOT.jar:?]
	at org.apache.hadoop.ozone.protocolPB.OzoneManagerProtocolServerSideTranslatorPB.submitRequest(OzoneManagerProtocolServerSideTranslatorPB.java:147) [ozone-manager-1.3.0-SNAPSHOT.jar:?]
	at org.apache.hadoop.ozone.protocol.proto.OzoneManagerProtocolProtos$OzoneManagerService$2.callBlockingMethod(OzoneManagerProtocolProtos.java) [ozone-interface-client-1.3.0-SNAPSHOT.jar:?]
	at org.apache.hadoop.ipc.ProtobufRpcEngine$Server.processCall(ProtobufRpcEngine.java:466) [hadoop-common-3.3.1.jar:?]
	at org.apache.hadoop.ipc.ProtobufRpcEngine2$Server$ProtoBufRpcInvoker.call(ProtobufRpcEngine2.java:574) [hadoop-common-3.3.1.jar:?]
	at org.apache.hadoop.ipc.ProtobufRpcEngine2$Server$ProtoBufRpcInvoker.call(ProtobufRpcEngine2.java:552) [hadoop-common-3.3.1.jar:?]
	at org.apache.hadoop.ipc.RPC$Server.call(RPC.java:1093) [hadoop-common-3.3.1.jar:?]
	at org.apache.hadoop.ipc.Server$RpcCall.run(Server.java:1035) [hadoop-common-3.3.1.jar:?]
	at org.apache.hadoop.ipc.Server$RpcCall.run(Server.java:963) [hadoop-common-3.3.1.jar:?]
	at java.security.AccessController.doPrivileged(Native Method) ~[?:1.8.0_332]
	at javax.security.auth.Subject.doAs(Subject.java:422) [?:1.8.0_332]
	at org.apache.hadoop.security.UserGroupInformation.doAs(UserGroupInformation.java:1878) [hadoop-common-3.3.1.jar:?]
	at org.apache.hadoop.ipc.Server$Handler.run(Server.java:2966) [hadoop-common-3.3.1.jar:?]
]]></system-out>
  </testcase>
  <testcase name="testDeleteEmptyVolume" classname="TestRootedOzoneFileSystem" time="0.121">
    <system-out><![CDATA[2022-07-30 01:50:11,246 [Time-limited test] INFO  rpc.RpcClient (RpcClient.java:createVolume(468)) - Creating Volume: volume95949, with user73913 as owner and space quota set to -1 bytes, counts quota set to -1
2022-07-30 01:50:11,249 [IPC Server handler 0 on default port 41659] INFO  volume.OMVolumeCreateRequest (OMVolumeCreateRequest.java:validateAndUpdateCache(195)) - created volume:volume95949 for user:user73913
2022-07-30 01:50:11,253 [Time-limited test] INFO  rpc.RpcClient (RpcClient.java:createBucket(671)) - Creating Bucket: volume95949/bucket34298, with bucket layout LEGACY, runner as owner, Versioning false, Storage Type set to DISK and Encryption set to false 
2022-07-30 01:50:11,254 [IPC Server handler 1 on default port 41659] INFO  bucket.OMBucketCreateRequest (OMBucketCreateRequest.java:validateAndUpdateCache(260)) - created bucket: bucket34298 of layout LEGACY in volume: volume95949
2022-07-30 01:50:11,259 [Time-limited test] INFO  rpc.RpcClient (RpcClient.java:createVolume(468)) - Creating Volume: volume-23248, with runner as owner and space quota set to -1 bytes, counts quota set to -1
2022-07-30 01:50:11,259 [IPC Server handler 4 on default port 41659] INFO  volume.OMVolumeCreateRequest (OMVolumeCreateRequest.java:validateAndUpdateCache(195)) - created volume:volume-23248 for user:runner
01:50:11.261 [IPC Server handler 17 on default port 41659] ERROR OMAudit - user=runner | ip=127.0.0.1 | op=READ_VOLUME {volume=volume-23248} | ret=FAILURE
org.apache.hadoop.ozone.om.exceptions.OMException: Volume volume-23248 is not found
	at org.apache.hadoop.ozone.om.VolumeManagerImpl.getVolumeInfo(VolumeManagerImpl.java:74) ~[ozone-manager-1.3.0-SNAPSHOT.jar:?]
	at org.apache.hadoop.ozone.om.OzoneManager.getVolumeInfo(OzoneManager.java:2603) ~[ozone-manager-1.3.0-SNAPSHOT.jar:?]
	at org.apache.hadoop.ozone.protocolPB.OzoneManagerRequestHandler.infoVolume(OzoneManagerRequestHandler.java:397) ~[ozone-manager-1.3.0-SNAPSHOT.jar:?]
	at org.apache.hadoop.ozone.protocolPB.OzoneManagerRequestHandler.handleReadRequest(OzoneManagerRequestHandler.java:164) ~[ozone-manager-1.3.0-SNAPSHOT.jar:?]
	at org.apache.hadoop.ozone.protocolPB.OzoneManagerProtocolServerSideTranslatorPB.submitRequestDirectlyToOM(OzoneManagerProtocolServerSideTranslatorPB.java:276) ~[ozone-manager-1.3.0-SNAPSHOT.jar:?]
	at org.apache.hadoop.ozone.protocolPB.OzoneManagerProtocolServerSideTranslatorPB.processRequest(OzoneManagerProtocolServerSideTranslatorPB.java:205) ~[ozone-manager-1.3.0-SNAPSHOT.jar:?]
	at org.apache.hadoop.hdds.server.OzoneProtocolMessageDispatcher.processRequest(OzoneProtocolMessageDispatcher.java:87) [hdds-server-framework-1.3.0-SNAPSHOT.jar:?]
	at org.apache.hadoop.ozone.protocolPB.OzoneManagerProtocolServerSideTranslatorPB.submitRequest(OzoneManagerProtocolServerSideTranslatorPB.java:147) [ozone-manager-1.3.0-SNAPSHOT.jar:?]
	at org.apache.hadoop.ozone.protocol.proto.OzoneManagerProtocolProtos$OzoneManagerService$2.callBlockingMethod(OzoneManagerProtocolProtos.java) [ozone-interface-client-1.3.0-SNAPSHOT.jar:?]
	at org.apache.hadoop.ipc.ProtobufRpcEngine$Server.processCall(ProtobufRpcEngine.java:466) [hadoop-common-3.3.1.jar:?]
	at org.apache.hadoop.ipc.ProtobufRpcEngine2$Server$ProtoBufRpcInvoker.call(ProtobufRpcEngine2.java:574) [hadoop-common-3.3.1.jar:?]
	at org.apache.hadoop.ipc.ProtobufRpcEngine2$Server$ProtoBufRpcInvoker.call(ProtobufRpcEngine2.java:552) [hadoop-common-3.3.1.jar:?]
	at org.apache.hadoop.ipc.RPC$Server.call(RPC.java:1093) [hadoop-common-3.3.1.jar:?]
	at org.apache.hadoop.ipc.Server$RpcCall.run(Server.java:1035) [hadoop-common-3.3.1.jar:?]
	at org.apache.hadoop.ipc.Server$RpcCall.run(Server.java:963) [hadoop-common-3.3.1.jar:?]
	at java.security.AccessController.doPrivileged(Native Method) ~[?:1.8.0_332]
	at javax.security.auth.Subject.doAs(Subject.java:422) [?:1.8.0_332]
	at org.apache.hadoop.security.UserGroupInformation.doAs(UserGroupInformation.java:1878) [hadoop-common-3.3.1.jar:?]
	at org.apache.hadoop.ipc.Server$Handler.run(Server.java:2966) [hadoop-common-3.3.1.jar:?]
]]></system-out>
  </testcase>
  <testcase name="testDeleteEmptyVolume" classname="TestRootedOzoneFileSystem" time="0.173">
    <system-out><![CDATA[2022-07-30 01:51:28,163 [Time-limited test] INFO  rpc.RpcClient (RpcClient.java:createVolume(468)) - Creating Volume: volume96080, with user81884 as owner and space quota set to -1 bytes, counts quota set to -1
2022-07-30 01:51:28,166 [OM StateMachine ApplyTransaction Thread - 0] INFO  volume.OMVolumeCreateRequest (OMVolumeCreateRequest.java:validateAndUpdateCache(195)) - created volume:volume96080 for user:user81884
2022-07-30 01:51:28,167 [Time-limited test] INFO  rpc.RpcClient (RpcClient.java:createBucket(671)) - Creating Bucket: volume96080/bucket13422, with bucket layout LEGACY, runner as owner, Versioning false, Storage Type set to DISK and Encryption set to false 
2022-07-30 01:51:28,187 [OM StateMachine ApplyTransaction Thread - 0] INFO  bucket.OMBucketCreateRequest (OMBucketCreateRequest.java:validateAndUpdateCache(260)) - created bucket: bucket13422 of layout LEGACY in volume: volume96080
2022-07-30 01:51:28,189 [Time-limited test] INFO  rpc.RpcClient (RpcClient.java:createVolume(468)) - Creating Volume: volume-00497, with runner as owner and space quota set to -1 bytes, counts quota set to -1
2022-07-30 01:51:28,191 [OM StateMachine ApplyTransaction Thread - 0] INFO  volume.OMVolumeCreateRequest (OMVolumeCreateRequest.java:validateAndUpdateCache(195)) - created volume:volume-00497 for user:runner
01:51:28.194 [IPC Server handler 11 on default port 42455] ERROR OMAudit - user=runner | ip=127.0.0.1 | op=READ_VOLUME {volume=volume-00497} | ret=FAILURE
org.apache.hadoop.ozone.om.exceptions.OMException: Volume volume-00497 is not found
	at org.apache.hadoop.ozone.om.VolumeManagerImpl.getVolumeInfo(VolumeManagerImpl.java:74) ~[ozone-manager-1.3.0-SNAPSHOT.jar:?]
	at org.apache.hadoop.ozone.om.OzoneManager.getVolumeInfo(OzoneManager.java:2603) ~[ozone-manager-1.3.0-SNAPSHOT.jar:?]
	at org.apache.hadoop.ozone.protocolPB.OzoneManagerRequestHandler.infoVolume(OzoneManagerRequestHandler.java:397) ~[ozone-manager-1.3.0-SNAPSHOT.jar:?]
	at org.apache.hadoop.ozone.protocolPB.OzoneManagerRequestHandler.handleReadRequest(OzoneManagerRequestHandler.java:164) ~[ozone-manager-1.3.0-SNAPSHOT.jar:?]
	at org.apache.hadoop.ozone.protocolPB.OzoneManagerProtocolServerSideTranslatorPB.submitReadRequestToOM(OzoneManagerProtocolServerSideTranslatorPB.java:226) ~[ozone-manager-1.3.0-SNAPSHOT.jar:?]
	at org.apache.hadoop.ozone.protocolPB.OzoneManagerProtocolServerSideTranslatorPB.processRequest(OzoneManagerProtocolServerSideTranslatorPB.java:175) ~[ozone-manager-1.3.0-SNAPSHOT.jar:?]
	at org.apache.hadoop.hdds.server.OzoneProtocolMessageDispatcher.processRequest(OzoneProtocolMessageDispatcher.java:87) [hdds-server-framework-1.3.0-SNAPSHOT.jar:?]
	at org.apache.hadoop.ozone.protocolPB.OzoneManagerProtocolServerSideTranslatorPB.submitRequest(OzoneManagerProtocolServerSideTranslatorPB.java:147) [ozone-manager-1.3.0-SNAPSHOT.jar:?]
	at org.apache.hadoop.ozone.protocol.proto.OzoneManagerProtocolProtos$OzoneManagerService$2.callBlockingMethod(OzoneManagerProtocolProtos.java) [ozone-interface-client-1.3.0-SNAPSHOT.jar:?]
	at org.apache.hadoop.ipc.ProtobufRpcEngine$Server.processCall(ProtobufRpcEngine.java:466) [hadoop-common-3.3.1.jar:?]
	at org.apache.hadoop.ipc.ProtobufRpcEngine2$Server$ProtoBufRpcInvoker.call(ProtobufRpcEngine2.java:574) [hadoop-common-3.3.1.jar:?]
	at org.apache.hadoop.ipc.ProtobufRpcEngine2$Server$ProtoBufRpcInvoker.call(ProtobufRpcEngine2.java:552) [hadoop-common-3.3.1.jar:?]
	at org.apache.hadoop.ipc.RPC$Server.call(RPC.java:1093) [hadoop-common-3.3.1.jar:?]
	at org.apache.hadoop.ipc.Server$RpcCall.run(Server.java:1035) [hadoop-common-3.3.1.jar:?]
	at org.apache.hadoop.ipc.Server$RpcCall.run(Server.java:963) [hadoop-common-3.3.1.jar:?]
	at java.security.AccessController.doPrivileged(Native Method) ~[?:1.8.0_332]
	at javax.security.auth.Subject.doAs(Subject.java:422) [?:1.8.0_332]
	at org.apache.hadoop.security.UserGroupInformation.doAs(UserGroupInformation.java:1878) [hadoop-common-3.3.1.jar:?]
	at org.apache.hadoop.ipc.Server$Handler.run(Server.java:2966) [hadoop-common-3.3.1.jar:?]
]]></system-out>
  </testcase>
  <testcase name="testDeleteEmptyVolume" classname="TestRootedOzoneFileSystem" time="0.146">
    <system-out><![CDATA[2022-07-30 01:52:57,566 [Time-limited test] INFO  rpc.RpcClient (RpcClient.java:createVolume(468)) - Creating Volume: volume38211, with user17592 as owner and space quota set to -1 bytes, counts quota set to -1
2022-07-30 01:52:57,566 [IPC Server handler 3 on default port 40433] INFO  volume.OMVolumeCreateRequest (OMVolumeCreateRequest.java:validateAndUpdateCache(195)) - created volume:volume38211 for user:user17592
2022-07-30 01:52:57,570 [Time-limited test] INFO  rpc.RpcClient (RpcClient.java:createBucket(671)) - Creating Bucket: volume38211/bucket33399, with bucket layout LEGACY, runner as owner, Versioning false, Storage Type set to DISK and Encryption set to false 
2022-07-30 01:52:57,571 [IPC Server handler 1 on default port 40433] INFO  bucket.OMBucketCreateRequest (OMBucketCreateRequest.java:validateAndUpdateCache(260)) - created bucket: bucket33399 of layout LEGACY in volume: volume38211
2022-07-30 01:52:57,572 [Time-limited test] INFO  rpc.RpcClient (RpcClient.java:createVolume(468)) - Creating Volume: volume-69269, with runner as owner and space quota set to -1 bytes, counts quota set to -1
2022-07-30 01:52:57,573 [IPC Server handler 18 on default port 40433] INFO  volume.OMVolumeCreateRequest (OMVolumeCreateRequest.java:validateAndUpdateCache(195)) - created volume:volume-69269 for user:runner
01:52:57.577 [IPC Server handler 9 on default port 40433] ERROR OMAudit - user=runner | ip=127.0.0.1 | op=READ_VOLUME {volume=volume-69269} | ret=FAILURE
org.apache.hadoop.ozone.om.exceptions.OMException: Volume volume-69269 is not found
	at org.apache.hadoop.ozone.om.VolumeManagerImpl.getVolumeInfo(VolumeManagerImpl.java:74) ~[ozone-manager-1.3.0-SNAPSHOT.jar:?]
	at org.apache.hadoop.ozone.om.OzoneManager.getVolumeInfo(OzoneManager.java:2603) ~[ozone-manager-1.3.0-SNAPSHOT.jar:?]
	at org.apache.hadoop.ozone.protocolPB.OzoneManagerRequestHandler.infoVolume(OzoneManagerRequestHandler.java:397) ~[ozone-manager-1.3.0-SNAPSHOT.jar:?]
	at org.apache.hadoop.ozone.protocolPB.OzoneManagerRequestHandler.handleReadRequest(OzoneManagerRequestHandler.java:164) ~[ozone-manager-1.3.0-SNAPSHOT.jar:?]
	at org.apache.hadoop.ozone.protocolPB.OzoneManagerProtocolServerSideTranslatorPB.submitRequestDirectlyToOM(OzoneManagerProtocolServerSideTranslatorPB.java:276) ~[ozone-manager-1.3.0-SNAPSHOT.jar:?]
	at org.apache.hadoop.ozone.protocolPB.OzoneManagerProtocolServerSideTranslatorPB.processRequest(OzoneManagerProtocolServerSideTranslatorPB.java:205) ~[ozone-manager-1.3.0-SNAPSHOT.jar:?]
	at org.apache.hadoop.hdds.server.OzoneProtocolMessageDispatcher.processRequest(OzoneProtocolMessageDispatcher.java:87) [hdds-server-framework-1.3.0-SNAPSHOT.jar:?]
	at org.apache.hadoop.ozone.protocolPB.OzoneManagerProtocolServerSideTranslatorPB.submitRequest(OzoneManagerProtocolServerSideTranslatorPB.java:147) [ozone-manager-1.3.0-SNAPSHOT.jar:?]
	at org.apache.hadoop.ozone.protocol.proto.OzoneManagerProtocolProtos$OzoneManagerService$2.callBlockingMethod(OzoneManagerProtocolProtos.java) [ozone-interface-client-1.3.0-SNAPSHOT.jar:?]
	at org.apache.hadoop.ipc.ProtobufRpcEngine$Server.processCall(ProtobufRpcEngine.java:466) [hadoop-common-3.3.1.jar:?]
	at org.apache.hadoop.ipc.ProtobufRpcEngine2$Server$ProtoBufRpcInvoker.call(ProtobufRpcEngine2.java:574) [hadoop-common-3.3.1.jar:?]
	at org.apache.hadoop.ipc.ProtobufRpcEngine2$Server$ProtoBufRpcInvoker.call(ProtobufRpcEngine2.java:552) [hadoop-common-3.3.1.jar:?]
	at org.apache.hadoop.ipc.RPC$Server.call(RPC.java:1093) [hadoop-common-3.3.1.jar:?]
	at org.apache.hadoop.ipc.Server$RpcCall.run(Server.java:1035) [hadoop-common-3.3.1.jar:?]
	at org.apache.hadoop.ipc.Server$RpcCall.run(Server.java:963) [hadoop-common-3.3.1.jar:?]
	at java.security.AccessController.doPrivileged(Native Method) ~[?:1.8.0_332]
	at javax.security.auth.Subject.doAs(Subject.java:422) [?:1.8.0_332]
	at org.apache.hadoop.security.UserGroupInformation.doAs(UserGroupInformation.java:1878) [hadoop-common-3.3.1.jar:?]
	at org.apache.hadoop.ipc.Server$Handler.run(Server.java:2966) [hadoop-common-3.3.1.jar:?]
]]></system-out>
  </testcase>
  <testcase name="testListStatusRootAndVolumeContinuation" classname="TestRootedOzoneFileSystem" time="0">
    <skipped type="org.junit.AssumptionViolatedException"><![CDATA[org.junit.AssumptionViolatedException: FS Path is enabled. Skipping this test as it is not tuned for FS Path yet
	at org.junit.Assume.assumeTrue(Assume.java:68)
	at org.apache.hadoop.fs.ozone.TestRootedOzoneFileSystem.testListStatusRootAndVolumeContinuation(TestRootedOzoneFileSystem.java:912)
	at sun.reflect.NativeMethodAccessorImpl.invoke0(Native Method)
	at sun.reflect.NativeMethodAccessorImpl.invoke(NativeMethodAccessorImpl.java:62)
	at sun.reflect.DelegatingMethodAccessorImpl.invoke(DelegatingMethodAccessorImpl.java:43)
	at java.lang.reflect.Method.invoke(Method.java:498)
	at org.junit.runners.model.FrameworkMethod$1.runReflectiveCall(FrameworkMethod.java:59)
	at org.junit.internal.runners.model.ReflectiveCallable.run(ReflectiveCallable.java:12)
	at org.junit.runners.model.FrameworkMethod.invokeExplosively(FrameworkMethod.java:56)
	at org.junit.internal.runners.statements.InvokeMethod.evaluate(InvokeMethod.java:17)
	at org.junit.internal.runners.statements.RunBefores.evaluate(RunBefores.java:26)
	at org.junit.internal.runners.statements.RunAfters.evaluate(RunAfters.java:27)
	at org.junit.internal.runners.statements.FailOnTimeout$CallableStatement.call(FailOnTimeout.java:288)
	at org.junit.internal.runners.statements.FailOnTimeout$CallableStatement.call(FailOnTimeout.java:282)
	at java.util.concurrent.FutureTask.run(FutureTask.java:266)
	at java.lang.Thread.run(Thread.java:750)
]]></skipped>
    <system-out><![CDATA[2022-07-30 01:47:42,550 [Time-limited test] INFO  rpc.RpcClient (RpcClient.java:createVolume(468)) - Creating Volume: volume70946, with user14530 as owner and space quota set to -1 bytes, counts quota set to -1
2022-07-30 01:47:42,553 [OM StateMachine ApplyTransaction Thread - 0] INFO  volume.OMVolumeCreateRequest (OMVolumeCreateRequest.java:validateAndUpdateCache(195)) - created volume:volume70946 for user:user14530
2022-07-30 01:47:42,559 [Time-limited test] INFO  rpc.RpcClient (RpcClient.java:createBucket(671)) - Creating Bucket: volume70946/bucket58465, with bucket layout LEGACY, runner as owner, Versioning false, Storage Type set to DISK and Encryption set to false 
2022-07-30 01:47:42,561 [OM StateMachine ApplyTransaction Thread - 0] INFO  bucket.OMBucketCreateRequest (OMBucketCreateRequest.java:validateAndUpdateCache(260)) - created bucket: bucket58465 of layout LEGACY in volume: volume70946
]]></system-out>
  </testcase>
  <testcase name="testListStatusRootAndVolumeContinuation" classname="TestRootedOzoneFileSystem" time="0">
    <skipped type="org.junit.AssumptionViolatedException"><![CDATA[org.junit.AssumptionViolatedException: FS Path is enabled. Skipping this test as it is not tuned for FS Path yet
	at org.junit.Assume.assumeTrue(Assume.java:68)
	at org.apache.hadoop.fs.ozone.TestRootedOzoneFileSystem.testListStatusRootAndVolumeContinuation(TestRootedOzoneFileSystem.java:912)
	at sun.reflect.NativeMethodAccessorImpl.invoke0(Native Method)
	at sun.reflect.NativeMethodAccessorImpl.invoke(NativeMethodAccessorImpl.java:62)
	at sun.reflect.DelegatingMethodAccessorImpl.invoke(DelegatingMethodAccessorImpl.java:43)
	at java.lang.reflect.Method.invoke(Method.java:498)
	at org.junit.runners.model.FrameworkMethod$1.runReflectiveCall(FrameworkMethod.java:59)
	at org.junit.internal.runners.model.ReflectiveCallable.run(ReflectiveCallable.java:12)
	at org.junit.runners.model.FrameworkMethod.invokeExplosively(FrameworkMethod.java:56)
	at org.junit.internal.runners.statements.InvokeMethod.evaluate(InvokeMethod.java:17)
	at org.junit.internal.runners.statements.RunBefores.evaluate(RunBefores.java:26)
	at org.junit.internal.runners.statements.RunAfters.evaluate(RunAfters.java:27)
	at org.junit.internal.runners.statements.FailOnTimeout$CallableStatement.call(FailOnTimeout.java:288)
	at org.junit.internal.runners.statements.FailOnTimeout$CallableStatement.call(FailOnTimeout.java:282)
	at java.util.concurrent.FutureTask.run(FutureTask.java:266)
	at java.lang.Thread.run(Thread.java:750)
]]></skipped>
    <system-out><![CDATA[2022-07-30 01:48:59,057 [Time-limited test] INFO  rpc.RpcClient (RpcClient.java:createVolume(468)) - Creating Volume: volume54824, with user40320 as owner and space quota set to -1 bytes, counts quota set to -1
2022-07-30 01:48:59,059 [OM StateMachine ApplyTransaction Thread - 0] INFO  volume.OMVolumeCreateRequest (OMVolumeCreateRequest.java:validateAndUpdateCache(195)) - created volume:volume54824 for user:user40320
2022-07-30 01:48:59,068 [Time-limited test] INFO  rpc.RpcClient (RpcClient.java:createBucket(671)) - Creating Bucket: volume54824/bucket21267, with bucket layout LEGACY, runner as owner, Versioning false, Storage Type set to DISK and Encryption set to false 
2022-07-30 01:48:59,070 [OM StateMachine ApplyTransaction Thread - 0] INFO  bucket.OMBucketCreateRequest (OMBucketCreateRequest.java:validateAndUpdateCache(260)) - created bucket: bucket21267 of layout LEGACY in volume: volume54824
]]></system-out>
  </testcase>
  <testcase name="testListStatusRootAndVolumeContinuation" classname="TestRootedOzoneFileSystem" time="0">
    <skipped type="org.junit.AssumptionViolatedException"><![CDATA[org.junit.AssumptionViolatedException: FS Path is enabled. Skipping this test as it is not tuned for FS Path yet
	at org.junit.Assume.assumeTrue(Assume.java:68)
	at org.apache.hadoop.fs.ozone.TestRootedOzoneFileSystem.testListStatusRootAndVolumeContinuation(TestRootedOzoneFileSystem.java:912)
	at sun.reflect.NativeMethodAccessorImpl.invoke0(Native Method)
	at sun.reflect.NativeMethodAccessorImpl.invoke(NativeMethodAccessorImpl.java:62)
	at sun.reflect.DelegatingMethodAccessorImpl.invoke(DelegatingMethodAccessorImpl.java:43)
	at java.lang.reflect.Method.invoke(Method.java:498)
	at org.junit.runners.model.FrameworkMethod$1.runReflectiveCall(FrameworkMethod.java:59)
	at org.junit.internal.runners.model.ReflectiveCallable.run(ReflectiveCallable.java:12)
	at org.junit.runners.model.FrameworkMethod.invokeExplosively(FrameworkMethod.java:56)
	at org.junit.internal.runners.statements.InvokeMethod.evaluate(InvokeMethod.java:17)
	at org.junit.internal.runners.statements.RunBefores.evaluate(RunBefores.java:26)
	at org.junit.internal.runners.statements.RunAfters.evaluate(RunAfters.java:27)
	at org.junit.internal.runners.statements.FailOnTimeout$CallableStatement.call(FailOnTimeout.java:288)
	at org.junit.internal.runners.statements.FailOnTimeout$CallableStatement.call(FailOnTimeout.java:282)
	at java.util.concurrent.FutureTask.run(FutureTask.java:266)
	at java.lang.Thread.run(Thread.java:750)
]]></skipped>
    <system-out><![CDATA[2022-07-30 01:50:11,298 [Time-limited test] INFO  rpc.RpcClient (RpcClient.java:createVolume(468)) - Creating Volume: volume03991, with user00085 as owner and space quota set to -1 bytes, counts quota set to -1
2022-07-30 01:50:11,300 [IPC Server handler 5 on default port 41659] INFO  volume.OMVolumeCreateRequest (OMVolumeCreateRequest.java:validateAndUpdateCache(195)) - created volume:volume03991 for user:user00085
2022-07-30 01:50:11,301 [Time-limited test] INFO  rpc.RpcClient (RpcClient.java:createBucket(671)) - Creating Bucket: volume03991/bucket05041, with bucket layout LEGACY, runner as owner, Versioning false, Storage Type set to DISK and Encryption set to false 
2022-07-30 01:50:11,301 [IPC Server handler 18 on default port 41659] INFO  bucket.OMBucketCreateRequest (OMBucketCreateRequest.java:validateAndUpdateCache(260)) - created bucket: bucket05041 of layout LEGACY in volume: volume03991
]]></system-out>
  </testcase>
  <testcase name="testListStatusRootAndVolumeContinuation" classname="TestRootedOzoneFileSystem" time="4.643">
    <system-out><![CDATA[2022-07-30 01:51:28,261 [Time-limited test] INFO  rpc.RpcClient (RpcClient.java:createVolume(468)) - Creating Volume: volume02303, with user32858 as owner and space quota set to -1 bytes, counts quota set to -1
2022-07-30 01:51:28,275 [625bdddd-b23f-4a62-9edb-0ce5ae5b2b03@group-F9F44761267B-FollowerState] INFO  impl.FollowerState (FollowerState.java:run(143)) - 625bdddd-b23f-4a62-9edb-0ce5ae5b2b03@group-F9F44761267B-FollowerState: change to CANDIDATE, lastRpcElapsedTime:5122109235ns, electionTimeout:5088ms
2022-07-30 01:51:28,275 [625bdddd-b23f-4a62-9edb-0ce5ae5b2b03@group-F9F44761267B-FollowerState] INFO  impl.RoleInfo (RoleInfo.java:shutdownFollowerState(110)) - 625bdddd-b23f-4a62-9edb-0ce5ae5b2b03: shutdown 625bdddd-b23f-4a62-9edb-0ce5ae5b2b03@group-F9F44761267B-FollowerState
2022-07-30 01:51:28,275 [625bdddd-b23f-4a62-9edb-0ce5ae5b2b03@group-F9F44761267B-FollowerState] INFO  server.RaftServer$Division (RaftServerImpl.java:setRole(299)) - 625bdddd-b23f-4a62-9edb-0ce5ae5b2b03@group-F9F44761267B: changes role from  FOLLOWER to CANDIDATE at term 1 for changeToCandidate
2022-07-30 01:51:28,276 [625bdddd-b23f-4a62-9edb-0ce5ae5b2b03@group-F9F44761267B-FollowerState] INFO  server.RaftServerConfigKeys (ConfUtils.java:logGet(46)) - raft.server.leaderelection.pre-vote = false (custom)
2022-07-30 01:51:28,276 [625bdddd-b23f-4a62-9edb-0ce5ae5b2b03@group-F9F44761267B-FollowerState] INFO  impl.RoleInfo (RoleInfo.java:updateAndGet(139)) - 625bdddd-b23f-4a62-9edb-0ce5ae5b2b03: start 625bdddd-b23f-4a62-9edb-0ce5ae5b2b03@group-F9F44761267B-LeaderElection51
2022-07-30 01:51:28,276 [OM StateMachine ApplyTransaction Thread - 0] INFO  volume.OMVolumeCreateRequest (OMVolumeCreateRequest.java:validateAndUpdateCache(195)) - created volume:volume02303 for user:user32858
2022-07-30 01:51:28,277 [Time-limited test] INFO  rpc.RpcClient (RpcClient.java:createBucket(671)) - Creating Bucket: volume02303/bucket64459, with bucket layout LEGACY, runner as owner, Versioning false, Storage Type set to DISK and Encryption set to false 
2022-07-30 01:51:28,280 [da7e3490-bd6e-4553-a90b-b6c1b406431b@group-F9F44761267B-FollowerState] INFO  impl.FollowerState (FollowerState.java:run(143)) - da7e3490-bd6e-4553-a90b-b6c1b406431b@group-F9F44761267B-FollowerState: change to CANDIDATE, lastRpcElapsedTime:5114579362ns, electionTimeout:5099ms
2022-07-30 01:51:28,280 [da7e3490-bd6e-4553-a90b-b6c1b406431b@group-F9F44761267B-FollowerState] INFO  impl.RoleInfo (RoleInfo.java:shutdownFollowerState(110)) - da7e3490-bd6e-4553-a90b-b6c1b406431b: shutdown da7e3490-bd6e-4553-a90b-b6c1b406431b@group-F9F44761267B-FollowerState
2022-07-30 01:51:28,280 [da7e3490-bd6e-4553-a90b-b6c1b406431b@group-F9F44761267B-FollowerState] INFO  server.RaftServer$Division (RaftServerImpl.java:setRole(299)) - da7e3490-bd6e-4553-a90b-b6c1b406431b@group-F9F44761267B: changes role from  FOLLOWER to CANDIDATE at term 1 for changeToCandidate
2022-07-30 01:51:28,280 [da7e3490-bd6e-4553-a90b-b6c1b406431b@group-F9F44761267B-FollowerState] INFO  server.RaftServerConfigKeys (ConfUtils.java:logGet(46)) - raft.server.leaderelection.pre-vote = false (custom)
2022-07-30 01:51:28,280 [da7e3490-bd6e-4553-a90b-b6c1b406431b@group-F9F44761267B-FollowerState] INFO  impl.RoleInfo (RoleInfo.java:updateAndGet(139)) - da7e3490-bd6e-4553-a90b-b6c1b406431b: start da7e3490-bd6e-4553-a90b-b6c1b406431b@group-F9F44761267B-LeaderElection52
2022-07-30 01:51:28,280 [OM StateMachine ApplyTransaction Thread - 0] INFO  bucket.OMBucketCreateRequest (OMBucketCreateRequest.java:validateAndUpdateCache(260)) - created bucket: bucket64459 of layout LEGACY in volume: volume02303
01:51:28.284 [IPC Server handler 7 on default port 42455] ERROR OMAudit - user=runner | ip=127.0.0.1 | op=READ_BUCKET {volume=volume-04350, bucket=bucket-60414} | ret=FAILURE
org.apache.hadoop.ozone.om.exceptions.OMException: Volume not found when getting bucket info
	at org.apache.hadoop.ozone.om.BucketManagerImpl.getBucketInfo(BucketManagerImpl.java:127) ~[ozone-manager-1.3.0-SNAPSHOT.jar:?]
	at org.apache.hadoop.ozone.om.OzoneManager.getBucketInfo(OzoneManager.java:2779) ~[ozone-manager-1.3.0-SNAPSHOT.jar:?]
	at org.apache.hadoop.ozone.protocolPB.OzoneManagerRequestHandler.infoBucket(OzoneManagerRequestHandler.java:471) ~[ozone-manager-1.3.0-SNAPSHOT.jar:?]
	at org.apache.hadoop.ozone.protocolPB.OzoneManagerRequestHandler.handleReadRequest(OzoneManagerRequestHandler.java:174) ~[ozone-manager-1.3.0-SNAPSHOT.jar:?]
	at org.apache.hadoop.ozone.protocolPB.OzoneManagerProtocolServerSideTranslatorPB.submitReadRequestToOM(OzoneManagerProtocolServerSideTranslatorPB.java:226) ~[ozone-manager-1.3.0-SNAPSHOT.jar:?]
	at org.apache.hadoop.ozone.protocolPB.OzoneManagerProtocolServerSideTranslatorPB.processRequest(OzoneManagerProtocolServerSideTranslatorPB.java:175) ~[ozone-manager-1.3.0-SNAPSHOT.jar:?]
	at org.apache.hadoop.hdds.server.OzoneProtocolMessageDispatcher.processRequest(OzoneProtocolMessageDispatcher.java:87) [hdds-server-framework-1.3.0-SNAPSHOT.jar:?]
	at org.apache.hadoop.ozone.protocolPB.OzoneManagerProtocolServerSideTranslatorPB.submitRequest(OzoneManagerProtocolServerSideTranslatorPB.java:147) [ozone-manager-1.3.0-SNAPSHOT.jar:?]
	at org.apache.hadoop.ozone.protocol.proto.OzoneManagerProtocolProtos$OzoneManagerService$2.callBlockingMethod(OzoneManagerProtocolProtos.java) [ozone-interface-client-1.3.0-SNAPSHOT.jar:?]
	at org.apache.hadoop.ipc.ProtobufRpcEngine$Server.processCall(ProtobufRpcEngine.java:466) [hadoop-common-3.3.1.jar:?]
	at org.apache.hadoop.ipc.ProtobufRpcEngine2$Server$ProtoBufRpcInvoker.call(ProtobufRpcEngine2.java:574) [hadoop-common-3.3.1.jar:?]
	at org.apache.hadoop.ipc.ProtobufRpcEngine2$Server$ProtoBufRpcInvoker.call(ProtobufRpcEngine2.java:552) [hadoop-common-3.3.1.jar:?]
	at org.apache.hadoop.ipc.RPC$Server.call(RPC.java:1093) [hadoop-common-3.3.1.jar:?]
	at org.apache.hadoop.ipc.Server$RpcCall.run(Server.java:1035) [hadoop-common-3.3.1.jar:?]
	at org.apache.hadoop.ipc.Server$RpcCall.run(Server.java:963) [hadoop-common-3.3.1.jar:?]
	at java.security.AccessController.doPrivileged(Native Method) ~[?:1.8.0_332]
	at javax.security.auth.Subject.doAs(Subject.java:422) [?:1.8.0_332]
	at org.apache.hadoop.security.UserGroupInformation.doAs(UserGroupInformation.java:1878) [hadoop-common-3.3.1.jar:?]
	at org.apache.hadoop.ipc.Server$Handler.run(Server.java:2966) [hadoop-common-3.3.1.jar:?]
2022-07-30 01:51:28,284 [Time-limited test] INFO  rpc.RpcClient (RpcClient.java:createVolume(468)) - Creating Volume: volume-04350, with runner as owner and space quota set to -1 bytes, counts quota set to -1
2022-07-30 01:51:28,298 [OM StateMachine ApplyTransaction Thread - 0] INFO  volume.OMVolumeCreateRequest (OMVolumeCreateRequest.java:validateAndUpdateCache(195)) - created volume:volume-04350 for user:runner
2022-07-30 01:51:28,299 [Time-limited test] INFO  rpc.RpcClient (RpcClient.java:createBucket(671)) - Creating Bucket: volume-04350/bucket-60414, with bucket layout LEGACY, runner as owner, Versioning false, Storage Type set to DISK and Encryption set to false 
2022-07-30 01:51:28,302 [da7e3490-bd6e-4553-a90b-b6c1b406431b@group-F9F44761267B-LeaderElection52] INFO  impl.LeaderElection (LeaderElection.java:askForVotes(310)) - da7e3490-bd6e-4553-a90b-b6c1b406431b@group-F9F44761267B-LeaderElection52 ELECTION round 0: submit vote requests at term 2 for -1: [764da7f4-576c-4739-b8ba-4f387767ddcb|rpc:10.1.0.37:40341|dataStream:|priority:0, 625bdddd-b23f-4a62-9edb-0ce5ae5b2b03|rpc:10.1.0.37:39839|dataStream:|priority:0, da7e3490-bd6e-4553-a90b-b6c1b406431b|rpc:10.1.0.37:39503|dataStream:|priority:1], old=null
2022-07-30 01:51:28,303 [625bdddd-b23f-4a62-9edb-0ce5ae5b2b03@group-F9F44761267B-LeaderElection51] INFO  impl.LeaderElection (LeaderElection.java:askForVotes(310)) - 625bdddd-b23f-4a62-9edb-0ce5ae5b2b03@group-F9F44761267B-LeaderElection51 ELECTION round 0: submit vote requests at term 2 for -1: [764da7f4-576c-4739-b8ba-4f387767ddcb|rpc:10.1.0.37:40341|dataStream:|priority:0, 625bdddd-b23f-4a62-9edb-0ce5ae5b2b03|rpc:10.1.0.37:39839|dataStream:|priority:0, da7e3490-bd6e-4553-a90b-b6c1b406431b|rpc:10.1.0.37:39503|dataStream:|priority:1], old=null
2022-07-30 01:51:28,339 [OM StateMachine ApplyTransaction Thread - 0] INFO  bucket.OMBucketCreateRequest (OMBucketCreateRequest.java:validateAndUpdateCache(260)) - created bucket: bucket-60414 of layout LEGACY in volume: volume-04350
2022-07-30 01:51:28,359 [764da7f4-576c-4739-b8ba-4f387767ddcb@group-F9F44761267B-FollowerState] INFO  impl.FollowerState (FollowerState.java:run(143)) - 764da7f4-576c-4739-b8ba-4f387767ddcb@group-F9F44761267B-FollowerState: change to CANDIDATE, lastRpcElapsedTime:5159413387ns, electionTimeout:5152ms
2022-07-30 01:51:28,359 [764da7f4-576c-4739-b8ba-4f387767ddcb@group-F9F44761267B-FollowerState] INFO  impl.RoleInfo (RoleInfo.java:shutdownFollowerState(110)) - 764da7f4-576c-4739-b8ba-4f387767ddcb: shutdown 764da7f4-576c-4739-b8ba-4f387767ddcb@group-F9F44761267B-FollowerState
2022-07-30 01:51:28,359 [764da7f4-576c-4739-b8ba-4f387767ddcb@group-F9F44761267B-FollowerState] INFO  server.RaftServer$Division (RaftServerImpl.java:setRole(299)) - 764da7f4-576c-4739-b8ba-4f387767ddcb@group-F9F44761267B: changes role from  FOLLOWER to CANDIDATE at term 1 for changeToCandidate
2022-07-30 01:51:28,376 [764da7f4-576c-4739-b8ba-4f387767ddcb@group-F9F44761267B-FollowerState] INFO  server.RaftServerConfigKeys (ConfUtils.java:logGet(46)) - raft.server.leaderelection.pre-vote = false (custom)
2022-07-30 01:51:28,376 [764da7f4-576c-4739-b8ba-4f387767ddcb@group-F9F44761267B-FollowerState] INFO  impl.RoleInfo (RoleInfo.java:updateAndGet(139)) - 764da7f4-576c-4739-b8ba-4f387767ddcb: start 764da7f4-576c-4739-b8ba-4f387767ddcb@group-F9F44761267B-LeaderElection53
2022-07-30 01:51:28,480 [764da7f4-576c-4739-b8ba-4f387767ddcb@group-F9F44761267B-LeaderElection53] INFO  impl.LeaderElection (LeaderElection.java:askForVotes(310)) - 764da7f4-576c-4739-b8ba-4f387767ddcb@group-F9F44761267B-LeaderElection53 ELECTION round 0: submit vote requests at term 2 for -1: [764da7f4-576c-4739-b8ba-4f387767ddcb|rpc:10.1.0.37:40341|priority:0, 625bdddd-b23f-4a62-9edb-0ce5ae5b2b03|rpc:10.1.0.37:39839|priority:0, da7e3490-bd6e-4553-a90b-b6c1b406431b|rpc:10.1.0.37:39503|priority:1], old=null
2022-07-30 01:51:28,508 [grpc-default-executor-0] INFO  server.RaftServer$Division (RaftServerImpl.java:requestVote(1152)) - da7e3490-bd6e-4553-a90b-b6c1b406431b@group-F9F44761267B: receive requestVote(ELECTION, 764da7f4-576c-4739-b8ba-4f387767ddcb, group-F9F44761267B, 2, (t:0, i:0))
2022-07-30 01:51:28,508 [grpc-default-executor-0] INFO  impl.VoteContext (VoteContext.java:log(48)) - da7e3490-bd6e-4553-a90b-b6c1b406431b@group-F9F44761267B-CANDIDATE: reject ELECTION from 764da7f4-576c-4739-b8ba-4f387767ddcb: already has voted for da7e3490-bd6e-4553-a90b-b6c1b406431b at current term 2
2022-07-30 01:51:28,509 [grpc-default-executor-0] INFO  server.RaftServer$Division (RaftServerImpl.java:requestVote(1184)) - da7e3490-bd6e-4553-a90b-b6c1b406431b@group-F9F44761267B replies to ELECTION vote request: 764da7f4-576c-4739-b8ba-4f387767ddcb<-da7e3490-bd6e-4553-a90b-b6c1b406431b#0:FAIL-t2. Peer's state: da7e3490-bd6e-4553-a90b-b6c1b406431b@group-F9F44761267B:t2, leader=null, voted=da7e3490-bd6e-4553-a90b-b6c1b406431b, raftlog=da7e3490-bd6e-4553-a90b-b6c1b406431b@group-F9F44761267B-SegmentedRaftLog:OPENED:c-1, conf=-1: [764da7f4-576c-4739-b8ba-4f387767ddcb|rpc:10.1.0.37:40341|dataStream:|priority:0, 625bdddd-b23f-4a62-9edb-0ce5ae5b2b03|rpc:10.1.0.37:39839|dataStream:|priority:0, da7e3490-bd6e-4553-a90b-b6c1b406431b|rpc:10.1.0.37:39503|dataStream:|priority:1], old=null
2022-07-30 01:51:28,569 [grpc-default-executor-0] INFO  server.RaftServer$Division (RaftServerImpl.java:requestVote(1152)) - 625bdddd-b23f-4a62-9edb-0ce5ae5b2b03@group-F9F44761267B: receive requestVote(ELECTION, da7e3490-bd6e-4553-a90b-b6c1b406431b, group-F9F44761267B, 2, (t:0, i:0))
2022-07-30 01:51:28,569 [grpc-default-executor-0] INFO  impl.VoteContext (VoteContext.java:log(48)) - 625bdddd-b23f-4a62-9edb-0ce5ae5b2b03@group-F9F44761267B-CANDIDATE: reject ELECTION from da7e3490-bd6e-4553-a90b-b6c1b406431b: already has voted for 625bdddd-b23f-4a62-9edb-0ce5ae5b2b03 at current term 2
2022-07-30 01:51:28,569 [grpc-default-executor-0] INFO  server.RaftServer$Division (RaftServerImpl.java:requestVote(1184)) - 625bdddd-b23f-4a62-9edb-0ce5ae5b2b03@group-F9F44761267B replies to ELECTION vote request: da7e3490-bd6e-4553-a90b-b6c1b406431b<-625bdddd-b23f-4a62-9edb-0ce5ae5b2b03#0:FAIL-t2. Peer's state: 625bdddd-b23f-4a62-9edb-0ce5ae5b2b03@group-F9F44761267B:t2, leader=null, voted=625bdddd-b23f-4a62-9edb-0ce5ae5b2b03, raftlog=625bdddd-b23f-4a62-9edb-0ce5ae5b2b03@group-F9F44761267B-SegmentedRaftLog:OPENED:c-1, conf=-1: [764da7f4-576c-4739-b8ba-4f387767ddcb|rpc:10.1.0.37:40341|dataStream:|priority:0, 625bdddd-b23f-4a62-9edb-0ce5ae5b2b03|rpc:10.1.0.37:39839|dataStream:|priority:0, da7e3490-bd6e-4553-a90b-b6c1b406431b|rpc:10.1.0.37:39503|dataStream:|priority:1], old=null
2022-07-30 01:51:28,570 [grpc-default-executor-2] INFO  server.RaftServer$Division (RaftServerImpl.java:requestVote(1152)) - 625bdddd-b23f-4a62-9edb-0ce5ae5b2b03@group-F9F44761267B: receive requestVote(ELECTION, 764da7f4-576c-4739-b8ba-4f387767ddcb, group-F9F44761267B, 2, (t:0, i:0))
2022-07-30 01:51:28,570 [grpc-default-executor-2] INFO  impl.VoteContext (VoteContext.java:log(48)) - 625bdddd-b23f-4a62-9edb-0ce5ae5b2b03@group-F9F44761267B-CANDIDATE: reject ELECTION from 764da7f4-576c-4739-b8ba-4f387767ddcb: already has voted for 625bdddd-b23f-4a62-9edb-0ce5ae5b2b03 at current term 2
2022-07-30 01:51:28,570 [grpc-default-executor-2] INFO  server.RaftServer$Division (RaftServerImpl.java:requestVote(1184)) - 625bdddd-b23f-4a62-9edb-0ce5ae5b2b03@group-F9F44761267B replies to ELECTION vote request: 764da7f4-576c-4739-b8ba-4f387767ddcb<-625bdddd-b23f-4a62-9edb-0ce5ae5b2b03#0:FAIL-t2. Peer's state: 625bdddd-b23f-4a62-9edb-0ce5ae5b2b03@group-F9F44761267B:t2, leader=null, voted=625bdddd-b23f-4a62-9edb-0ce5ae5b2b03, raftlog=625bdddd-b23f-4a62-9edb-0ce5ae5b2b03@group-F9F44761267B-SegmentedRaftLog:OPENED:c-1, conf=-1: [764da7f4-576c-4739-b8ba-4f387767ddcb|rpc:10.1.0.37:40341|dataStream:|priority:0, 625bdddd-b23f-4a62-9edb-0ce5ae5b2b03|rpc:10.1.0.37:39839|dataStream:|priority:0, da7e3490-bd6e-4553-a90b-b6c1b406431b|rpc:10.1.0.37:39503|dataStream:|priority:1], old=null
2022-07-30 01:51:28,571 [grpc-default-executor-3] INFO  server.RaftServer$Division (RaftServerImpl.java:requestVote(1152)) - da7e3490-bd6e-4553-a90b-b6c1b406431b@group-F9F44761267B: receive requestVote(ELECTION, 625bdddd-b23f-4a62-9edb-0ce5ae5b2b03, group-F9F44761267B, 2, (t:0, i:0))
2022-07-30 01:51:28,571 [grpc-default-executor-3] INFO  impl.VoteContext (VoteContext.java:log(48)) - da7e3490-bd6e-4553-a90b-b6c1b406431b@group-F9F44761267B-CANDIDATE: reject ELECTION from 625bdddd-b23f-4a62-9edb-0ce5ae5b2b03: already has voted for da7e3490-bd6e-4553-a90b-b6c1b406431b at current term 2
2022-07-30 01:51:28,571 [grpc-default-executor-3] INFO  server.RaftServer$Division (RaftServerImpl.java:requestVote(1184)) - da7e3490-bd6e-4553-a90b-b6c1b406431b@group-F9F44761267B replies to ELECTION vote request: 625bdddd-b23f-4a62-9edb-0ce5ae5b2b03<-da7e3490-bd6e-4553-a90b-b6c1b406431b#0:FAIL-t2. Peer's state: da7e3490-bd6e-4553-a90b-b6c1b406431b@group-F9F44761267B:t2, leader=null, voted=da7e3490-bd6e-4553-a90b-b6c1b406431b, raftlog=da7e3490-bd6e-4553-a90b-b6c1b406431b@group-F9F44761267B-SegmentedRaftLog:OPENED:c-1, conf=-1: [764da7f4-576c-4739-b8ba-4f387767ddcb|rpc:10.1.0.37:40341|dataStream:|priority:0, 625bdddd-b23f-4a62-9edb-0ce5ae5b2b03|rpc:10.1.0.37:39839|dataStream:|priority:0, da7e3490-bd6e-4553-a90b-b6c1b406431b|rpc:10.1.0.37:39503|dataStream:|priority:1], old=null
2022-07-30 01:51:28,582 [764da7f4-576c-4739-b8ba-4f387767ddcb@group-F9F44761267B-LeaderElection53] INFO  impl.LeaderElection (LeaderElection.java:logAndReturn(90)) - 764da7f4-576c-4739-b8ba-4f387767ddcb@group-F9F44761267B-LeaderElection53: ELECTION REJECTED received 2 response(s) and 0 exception(s):
2022-07-30 01:51:28,582 [764da7f4-576c-4739-b8ba-4f387767ddcb@group-F9F44761267B-LeaderElection53] INFO  impl.LeaderElection (LeaderElection.java:logAndReturn(94)) -   Response 0: 764da7f4-576c-4739-b8ba-4f387767ddcb<-625bdddd-b23f-4a62-9edb-0ce5ae5b2b03#0:FAIL-t2
2022-07-30 01:51:28,582 [764da7f4-576c-4739-b8ba-4f387767ddcb@group-F9F44761267B-LeaderElection53] INFO  impl.LeaderElection (LeaderElection.java:logAndReturn(94)) -   Response 1: 764da7f4-576c-4739-b8ba-4f387767ddcb<-da7e3490-bd6e-4553-a90b-b6c1b406431b#0:FAIL-t2
2022-07-30 01:51:28,582 [764da7f4-576c-4739-b8ba-4f387767ddcb@group-F9F44761267B-LeaderElection53] INFO  impl.LeaderElection (LeaderElection.java:askForVotes(312)) - 764da7f4-576c-4739-b8ba-4f387767ddcb@group-F9F44761267B-LeaderElection53 ELECTION round 0: result REJECTED
2022-07-30 01:51:28,582 [764da7f4-576c-4739-b8ba-4f387767ddcb@group-F9F44761267B-LeaderElection53] INFO  server.RaftServer$Division (RaftServerImpl.java:setRole(299)) - 764da7f4-576c-4739-b8ba-4f387767ddcb@group-F9F44761267B: changes role from CANDIDATE to FOLLOWER at term 2 for REJECTED
2022-07-30 01:51:28,582 [764da7f4-576c-4739-b8ba-4f387767ddcb@group-F9F44761267B-LeaderElection53] INFO  impl.RoleInfo (RoleInfo.java:shutdownLeaderElection(130)) - 764da7f4-576c-4739-b8ba-4f387767ddcb: shutdown 764da7f4-576c-4739-b8ba-4f387767ddcb@group-F9F44761267B-LeaderElection53
2022-07-30 01:51:28,582 [764da7f4-576c-4739-b8ba-4f387767ddcb@group-F9F44761267B-LeaderElection53] INFO  impl.RoleInfo (RoleInfo.java:updateAndGet(139)) - 764da7f4-576c-4739-b8ba-4f387767ddcb: start 764da7f4-576c-4739-b8ba-4f387767ddcb@group-F9F44761267B-FollowerState
2022-07-30 01:51:28,582 [grpc-default-executor-3] INFO  server.RaftServer$Division (RaftServerImpl.java:requestVote(1152)) - 764da7f4-576c-4739-b8ba-4f387767ddcb@group-F9F44761267B: receive requestVote(ELECTION, da7e3490-bd6e-4553-a90b-b6c1b406431b, group-F9F44761267B, 2, (t:0, i:0))
2022-07-30 01:51:28,585 [grpc-default-executor-3] INFO  impl.VoteContext (VoteContext.java:log(48)) - 764da7f4-576c-4739-b8ba-4f387767ddcb@group-F9F44761267B-FOLLOWER: reject ELECTION from da7e3490-bd6e-4553-a90b-b6c1b406431b: already has voted for 764da7f4-576c-4739-b8ba-4f387767ddcb at current term 2
2022-07-30 01:51:28,585 [grpc-default-executor-3] INFO  server.RaftServer$Division (RaftServerImpl.java:requestVote(1184)) - 764da7f4-576c-4739-b8ba-4f387767ddcb@group-F9F44761267B replies to ELECTION vote request: da7e3490-bd6e-4553-a90b-b6c1b406431b<-764da7f4-576c-4739-b8ba-4f387767ddcb#0:FAIL-t2. Peer's state: 764da7f4-576c-4739-b8ba-4f387767ddcb@group-F9F44761267B:t2, leader=null, voted=764da7f4-576c-4739-b8ba-4f387767ddcb, raftlog=764da7f4-576c-4739-b8ba-4f387767ddcb@group-F9F44761267B-SegmentedRaftLog:OPENED:c-1, conf=-1: [764da7f4-576c-4739-b8ba-4f387767ddcb|rpc:10.1.0.37:40341|priority:0, 625bdddd-b23f-4a62-9edb-0ce5ae5b2b03|rpc:10.1.0.37:39839|priority:0, da7e3490-bd6e-4553-a90b-b6c1b406431b|rpc:10.1.0.37:39503|priority:1], old=null
2022-07-30 01:51:28,609 [625bdddd-b23f-4a62-9edb-0ce5ae5b2b03@group-F9F44761267B-LeaderElection51] INFO  impl.LeaderElection (LeaderElection.java:logAndReturn(90)) - 625bdddd-b23f-4a62-9edb-0ce5ae5b2b03@group-F9F44761267B-LeaderElection51: ELECTION REJECTED received 1 response(s) and 0 exception(s):
2022-07-30 01:51:28,609 [625bdddd-b23f-4a62-9edb-0ce5ae5b2b03@group-F9F44761267B-LeaderElection51] INFO  impl.LeaderElection (LeaderElection.java:logAndReturn(94)) -   Response 0: 625bdddd-b23f-4a62-9edb-0ce5ae5b2b03<-da7e3490-bd6e-4553-a90b-b6c1b406431b#0:FAIL-t2
2022-07-30 01:51:28,609 [625bdddd-b23f-4a62-9edb-0ce5ae5b2b03@group-F9F44761267B-LeaderElection51] INFO  impl.LeaderElection (LeaderElection.java:askForVotes(312)) - 625bdddd-b23f-4a62-9edb-0ce5ae5b2b03@group-F9F44761267B-LeaderElection51 ELECTION round 0: result REJECTED
2022-07-30 01:51:28,609 [625bdddd-b23f-4a62-9edb-0ce5ae5b2b03@group-F9F44761267B-LeaderElection51] INFO  server.RaftServer$Division (RaftServerImpl.java:setRole(299)) - 625bdddd-b23f-4a62-9edb-0ce5ae5b2b03@group-F9F44761267B: changes role from CANDIDATE to FOLLOWER at term 2 for REJECTED
2022-07-30 01:51:28,609 [625bdddd-b23f-4a62-9edb-0ce5ae5b2b03@group-F9F44761267B-LeaderElection51] INFO  impl.RoleInfo (RoleInfo.java:shutdownLeaderElection(130)) - 625bdddd-b23f-4a62-9edb-0ce5ae5b2b03: shutdown 625bdddd-b23f-4a62-9edb-0ce5ae5b2b03@group-F9F44761267B-LeaderElection51
2022-07-30 01:51:28,609 [625bdddd-b23f-4a62-9edb-0ce5ae5b2b03@group-F9F44761267B-LeaderElection51] INFO  impl.RoleInfo (RoleInfo.java:updateAndGet(139)) - 625bdddd-b23f-4a62-9edb-0ce5ae5b2b03: start 625bdddd-b23f-4a62-9edb-0ce5ae5b2b03@group-F9F44761267B-FollowerState
2022-07-30 01:51:28,609 [grpc-default-executor-0] INFO  server.RaftServer$Division (RaftServerImpl.java:requestVote(1152)) - 764da7f4-576c-4739-b8ba-4f387767ddcb@group-F9F44761267B: receive requestVote(ELECTION, 625bdddd-b23f-4a62-9edb-0ce5ae5b2b03, group-F9F44761267B, 2, (t:0, i:0))
2022-07-30 01:51:28,609 [grpc-default-executor-0] INFO  impl.VoteContext (VoteContext.java:log(48)) - 764da7f4-576c-4739-b8ba-4f387767ddcb@group-F9F44761267B-FOLLOWER: reject ELECTION from 625bdddd-b23f-4a62-9edb-0ce5ae5b2b03: already has voted for 764da7f4-576c-4739-b8ba-4f387767ddcb at current term 2
2022-07-30 01:51:28,609 [grpc-default-executor-0] INFO  server.RaftServer$Division (RaftServerImpl.java:requestVote(1184)) - 764da7f4-576c-4739-b8ba-4f387767ddcb@group-F9F44761267B replies to ELECTION vote request: 625bdddd-b23f-4a62-9edb-0ce5ae5b2b03<-764da7f4-576c-4739-b8ba-4f387767ddcb#0:FAIL-t2. Peer's state: 764da7f4-576c-4739-b8ba-4f387767ddcb@group-F9F44761267B:t2, leader=null, voted=764da7f4-576c-4739-b8ba-4f387767ddcb, raftlog=764da7f4-576c-4739-b8ba-4f387767ddcb@group-F9F44761267B-SegmentedRaftLog:OPENED:c-1, conf=-1: [764da7f4-576c-4739-b8ba-4f387767ddcb|rpc:10.1.0.37:40341|priority:0, 625bdddd-b23f-4a62-9edb-0ce5ae5b2b03|rpc:10.1.0.37:39839|priority:0, da7e3490-bd6e-4553-a90b-b6c1b406431b|rpc:10.1.0.37:39503|priority:1], old=null
2022-07-30 01:51:28,610 [da7e3490-bd6e-4553-a90b-b6c1b406431b@group-F9F44761267B-LeaderElection52] INFO  impl.LeaderElection (LeaderElection.java:logAndReturn(90)) - da7e3490-bd6e-4553-a90b-b6c1b406431b@group-F9F44761267B-LeaderElection52: ELECTION REJECTED received 2 response(s) and 0 exception(s):
2022-07-30 01:51:28,610 [da7e3490-bd6e-4553-a90b-b6c1b406431b@group-F9F44761267B-LeaderElection52] INFO  impl.LeaderElection (LeaderElection.java:logAndReturn(94)) -   Response 0: da7e3490-bd6e-4553-a90b-b6c1b406431b<-764da7f4-576c-4739-b8ba-4f387767ddcb#0:FAIL-t2
2022-07-30 01:51:28,610 [da7e3490-bd6e-4553-a90b-b6c1b406431b@group-F9F44761267B-LeaderElection52] INFO  impl.LeaderElection (LeaderElection.java:logAndReturn(94)) -   Response 1: da7e3490-bd6e-4553-a90b-b6c1b406431b<-625bdddd-b23f-4a62-9edb-0ce5ae5b2b03#0:FAIL-t2
2022-07-30 01:51:28,637 [da7e3490-bd6e-4553-a90b-b6c1b406431b@group-F9F44761267B-LeaderElection52] INFO  impl.LeaderElection (LeaderElection.java:askForVotes(312)) - da7e3490-bd6e-4553-a90b-b6c1b406431b@group-F9F44761267B-LeaderElection52 ELECTION round 0: result REJECTED
2022-07-30 01:51:28,637 [da7e3490-bd6e-4553-a90b-b6c1b406431b@group-F9F44761267B-LeaderElection52] INFO  server.RaftServer$Division (RaftServerImpl.java:setRole(299)) - da7e3490-bd6e-4553-a90b-b6c1b406431b@group-F9F44761267B: changes role from CANDIDATE to FOLLOWER at term 2 for REJECTED
2022-07-30 01:51:28,637 [da7e3490-bd6e-4553-a90b-b6c1b406431b@group-F9F44761267B-LeaderElection52] INFO  impl.RoleInfo (RoleInfo.java:shutdownLeaderElection(130)) - da7e3490-bd6e-4553-a90b-b6c1b406431b: shutdown da7e3490-bd6e-4553-a90b-b6c1b406431b@group-F9F44761267B-LeaderElection52
2022-07-30 01:51:28,637 [da7e3490-bd6e-4553-a90b-b6c1b406431b@group-F9F44761267B-LeaderElection52] INFO  impl.RoleInfo (RoleInfo.java:updateAndGet(139)) - da7e3490-bd6e-4553-a90b-b6c1b406431b: start da7e3490-bd6e-4553-a90b-b6c1b406431b@group-F9F44761267B-FollowerState
01:51:28.832 [IPC Server handler 13 on default port 42455] ERROR OMAudit - user=runner | ip=127.0.0.1 | op=READ_BUCKET {volume=volume-88191, bucket=bucket-11426} | ret=FAILURE
org.apache.hadoop.ozone.om.exceptions.OMException: Volume not found when getting bucket info
	at org.apache.hadoop.ozone.om.BucketManagerImpl.getBucketInfo(BucketManagerImpl.java:127) ~[ozone-manager-1.3.0-SNAPSHOT.jar:?]
	at org.apache.hadoop.ozone.om.OzoneManager.getBucketInfo(OzoneManager.java:2779) ~[ozone-manager-1.3.0-SNAPSHOT.jar:?]
	at org.apache.hadoop.ozone.protocolPB.OzoneManagerRequestHandler.infoBucket(OzoneManagerRequestHandler.java:471) ~[ozone-manager-1.3.0-SNAPSHOT.jar:?]
	at org.apache.hadoop.ozone.protocolPB.OzoneManagerRequestHandler.handleReadRequest(OzoneManagerRequestHandler.java:174) ~[ozone-manager-1.3.0-SNAPSHOT.jar:?]
	at org.apache.hadoop.ozone.protocolPB.OzoneManagerProtocolServerSideTranslatorPB.submitReadRequestToOM(OzoneManagerProtocolServerSideTranslatorPB.java:226) ~[ozone-manager-1.3.0-SNAPSHOT.jar:?]
	at org.apache.hadoop.ozone.protocolPB.OzoneManagerProtocolServerSideTranslatorPB.processRequest(OzoneManagerProtocolServerSideTranslatorPB.java:175) ~[ozone-manager-1.3.0-SNAPSHOT.jar:?]
	at org.apache.hadoop.hdds.server.OzoneProtocolMessageDispatcher.processRequest(OzoneProtocolMessageDispatcher.java:87) [hdds-server-framework-1.3.0-SNAPSHOT.jar:?]
	at org.apache.hadoop.ozone.protocolPB.OzoneManagerProtocolServerSideTranslatorPB.submitRequest(OzoneManagerProtocolServerSideTranslatorPB.java:147) [ozone-manager-1.3.0-SNAPSHOT.jar:?]
	at org.apache.hadoop.ozone.protocol.proto.OzoneManagerProtocolProtos$OzoneManagerService$2.callBlockingMethod(OzoneManagerProtocolProtos.java) [ozone-interface-client-1.3.0-SNAPSHOT.jar:?]
	at org.apache.hadoop.ipc.ProtobufRpcEngine$Server.processCall(ProtobufRpcEngine.java:466) [hadoop-common-3.3.1.jar:?]
	at org.apache.hadoop.ipc.ProtobufRpcEngine2$Server$ProtoBufRpcInvoker.call(ProtobufRpcEngine2.java:574) [hadoop-common-3.3.1.jar:?]
	at org.apache.hadoop.ipc.ProtobufRpcEngine2$Server$ProtoBufRpcInvoker.call(ProtobufRpcEngine2.java:552) [hadoop-common-3.3.1.jar:?]
	at org.apache.hadoop.ipc.RPC$Server.call(RPC.java:1093) [hadoop-common-3.3.1.jar:?]
	at org.apache.hadoop.ipc.Server$RpcCall.run(Server.java:1035) [hadoop-common-3.3.1.jar:?]
	at org.apache.hadoop.ipc.Server$RpcCall.run(Server.java:963) [hadoop-common-3.3.1.jar:?]
	at java.security.AccessController.doPrivileged(Native Method) ~[?:1.8.0_332]
	at javax.security.auth.Subject.doAs(Subject.java:422) [?:1.8.0_332]
	at org.apache.hadoop.security.UserGroupInformation.doAs(UserGroupInformation.java:1878) [hadoop-common-3.3.1.jar:?]
	at org.apache.hadoop.ipc.Server$Handler.run(Server.java:2966) [hadoop-common-3.3.1.jar:?]
2022-07-30 01:51:28,832 [Time-limited test] INFO  rpc.RpcClient (RpcClient.java:createVolume(468)) - Creating Volume: volume-88191, with runner as owner and space quota set to -1 bytes, counts quota set to -1
2022-07-30 01:51:28,834 [OM StateMachine ApplyTransaction Thread - 0] INFO  volume.OMVolumeCreateRequest (OMVolumeCreateRequest.java:validateAndUpdateCache(195)) - created volume:volume-88191 for user:runner
2022-07-30 01:51:28,834 [Time-limited test] INFO  rpc.RpcClient (RpcClient.java:createBucket(671)) - Creating Bucket: volume-88191/bucket-11426, with bucket layout LEGACY, runner as owner, Versioning false, Storage Type set to DISK and Encryption set to false 
2022-07-30 01:51:28,836 [OM StateMachine ApplyTransaction Thread - 0] INFO  bucket.OMBucketCreateRequest (OMBucketCreateRequest.java:validateAndUpdateCache(260)) - created bucket: bucket-11426 of layout LEGACY in volume: volume-88191
01:51:29.131 [IPC Server handler 17 on default port 42455] ERROR OMAudit - user=runner | ip=127.0.0.1 | op=READ_BUCKET {volume=volume-81008, bucket=bucket-88498} | ret=FAILURE
org.apache.hadoop.ozone.om.exceptions.OMException: Volume not found when getting bucket info
	at org.apache.hadoop.ozone.om.BucketManagerImpl.getBucketInfo(BucketManagerImpl.java:127) ~[ozone-manager-1.3.0-SNAPSHOT.jar:?]
	at org.apache.hadoop.ozone.om.OzoneManager.getBucketInfo(OzoneManager.java:2779) ~[ozone-manager-1.3.0-SNAPSHOT.jar:?]
	at org.apache.hadoop.ozone.protocolPB.OzoneManagerRequestHandler.infoBucket(OzoneManagerRequestHandler.java:471) ~[ozone-manager-1.3.0-SNAPSHOT.jar:?]
	at org.apache.hadoop.ozone.protocolPB.OzoneManagerRequestHandler.handleReadRequest(OzoneManagerRequestHandler.java:174) ~[ozone-manager-1.3.0-SNAPSHOT.jar:?]
	at org.apache.hadoop.ozone.protocolPB.OzoneManagerProtocolServerSideTranslatorPB.submitReadRequestToOM(OzoneManagerProtocolServerSideTranslatorPB.java:226) ~[ozone-manager-1.3.0-SNAPSHOT.jar:?]
	at org.apache.hadoop.ozone.protocolPB.OzoneManagerProtocolServerSideTranslatorPB.processRequest(OzoneManagerProtocolServerSideTranslatorPB.java:175) ~[ozone-manager-1.3.0-SNAPSHOT.jar:?]
	at org.apache.hadoop.hdds.server.OzoneProtocolMessageDispatcher.processRequest(OzoneProtocolMessageDispatcher.java:87) [hdds-server-framework-1.3.0-SNAPSHOT.jar:?]
	at org.apache.hadoop.ozone.protocolPB.OzoneManagerProtocolServerSideTranslatorPB.submitRequest(OzoneManagerProtocolServerSideTranslatorPB.java:147) [ozone-manager-1.3.0-SNAPSHOT.jar:?]
	at org.apache.hadoop.ozone.protocol.proto.OzoneManagerProtocolProtos$OzoneManagerService$2.callBlockingMethod(OzoneManagerProtocolProtos.java) [ozone-interface-client-1.3.0-SNAPSHOT.jar:?]
	at org.apache.hadoop.ipc.ProtobufRpcEngine$Server.processCall(ProtobufRpcEngine.java:466) [hadoop-common-3.3.1.jar:?]
	at org.apache.hadoop.ipc.ProtobufRpcEngine2$Server$ProtoBufRpcInvoker.call(ProtobufRpcEngine2.java:574) [hadoop-common-3.3.1.jar:?]
	at org.apache.hadoop.ipc.ProtobufRpcEngine2$Server$ProtoBufRpcInvoker.call(ProtobufRpcEngine2.java:552) [hadoop-common-3.3.1.jar:?]
	at org.apache.hadoop.ipc.RPC$Server.call(RPC.java:1093) [hadoop-common-3.3.1.jar:?]
	at org.apache.hadoop.ipc.Server$RpcCall.run(Server.java:1035) [hadoop-common-3.3.1.jar:?]
	at org.apache.hadoop.ipc.Server$RpcCall.run(Server.java:963) [hadoop-common-3.3.1.jar:?]
	at java.security.AccessController.doPrivileged(Native Method) ~[?:1.8.0_332]
	at javax.security.auth.Subject.doAs(Subject.java:422) [?:1.8.0_332]
	at org.apache.hadoop.security.UserGroupInformation.doAs(UserGroupInformation.java:1878) [hadoop-common-3.3.1.jar:?]
	at org.apache.hadoop.ipc.Server$Handler.run(Server.java:2966) [hadoop-common-3.3.1.jar:?]
2022-07-30 01:51:29,132 [Time-limited test] INFO  rpc.RpcClient (RpcClient.java:createVolume(468)) - Creating Volume: volume-81008, with runner as owner and space quota set to -1 bytes, counts quota set to -1
2022-07-30 01:51:29,140 [OM StateMachine ApplyTransaction Thread - 0] INFO  volume.OMVolumeCreateRequest (OMVolumeCreateRequest.java:validateAndUpdateCache(195)) - created volume:volume-81008 for user:runner
2022-07-30 01:51:29,141 [Time-limited test] INFO  rpc.RpcClient (RpcClient.java:createBucket(671)) - Creating Bucket: volume-81008/bucket-88498, with bucket layout LEGACY, runner as owner, Versioning false, Storage Type set to DISK and Encryption set to false 
2022-07-30 01:51:29,144 [OM StateMachine ApplyTransaction Thread - 0] INFO  bucket.OMBucketCreateRequest (OMBucketCreateRequest.java:validateAndUpdateCache(260)) - created bucket: bucket-88498 of layout LEGACY in volume: volume-81008
01:51:29.556 [IPC Server handler 5 on default port 42455] ERROR OMAudit - user=runner | ip=127.0.0.1 | op=READ_BUCKET {volume=volume-65897, bucket=bucket-30137} | ret=FAILURE
org.apache.hadoop.ozone.om.exceptions.OMException: Volume not found when getting bucket info
	at org.apache.hadoop.ozone.om.BucketManagerImpl.getBucketInfo(BucketManagerImpl.java:127) ~[ozone-manager-1.3.0-SNAPSHOT.jar:?]
	at org.apache.hadoop.ozone.om.OzoneManager.getBucketInfo(OzoneManager.java:2779) ~[ozone-manager-1.3.0-SNAPSHOT.jar:?]
	at org.apache.hadoop.ozone.protocolPB.OzoneManagerRequestHandler.infoBucket(OzoneManagerRequestHandler.java:471) ~[ozone-manager-1.3.0-SNAPSHOT.jar:?]
	at org.apache.hadoop.ozone.protocolPB.OzoneManagerRequestHandler.handleReadRequest(OzoneManagerRequestHandler.java:174) ~[ozone-manager-1.3.0-SNAPSHOT.jar:?]
	at org.apache.hadoop.ozone.protocolPB.OzoneManagerProtocolServerSideTranslatorPB.submitReadRequestToOM(OzoneManagerProtocolServerSideTranslatorPB.java:226) ~[ozone-manager-1.3.0-SNAPSHOT.jar:?]
	at org.apache.hadoop.ozone.protocolPB.OzoneManagerProtocolServerSideTranslatorPB.processRequest(OzoneManagerProtocolServerSideTranslatorPB.java:175) ~[ozone-manager-1.3.0-SNAPSHOT.jar:?]
	at org.apache.hadoop.hdds.server.OzoneProtocolMessageDispatcher.processRequest(OzoneProtocolMessageDispatcher.java:87) [hdds-server-framework-1.3.0-SNAPSHOT.jar:?]
	at org.apache.hadoop.ozone.protocolPB.OzoneManagerProtocolServerSideTranslatorPB.submitRequest(OzoneManagerProtocolServerSideTranslatorPB.java:147) [ozone-manager-1.3.0-SNAPSHOT.jar:?]
	at org.apache.hadoop.ozone.protocol.proto.OzoneManagerProtocolProtos$OzoneManagerService$2.callBlockingMethod(OzoneManagerProtocolProtos.java) [ozone-interface-client-1.3.0-SNAPSHOT.jar:?]
	at org.apache.hadoop.ipc.ProtobufRpcEngine$Server.processCall(ProtobufRpcEngine.java:466) [hadoop-common-3.3.1.jar:?]
	at org.apache.hadoop.ipc.ProtobufRpcEngine2$Server$ProtoBufRpcInvoker.call(ProtobufRpcEngine2.java:574) [hadoop-common-3.3.1.jar:?]
	at org.apache.hadoop.ipc.ProtobufRpcEngine2$Server$ProtoBufRpcInvoker.call(ProtobufRpcEngine2.java:552) [hadoop-common-3.3.1.jar:?]
	at org.apache.hadoop.ipc.RPC$Server.call(RPC.java:1093) [hadoop-common-3.3.1.jar:?]
	at org.apache.hadoop.ipc.Server$RpcCall.run(Server.java:1035) [hadoop-common-3.3.1.jar:?]
	at org.apache.hadoop.ipc.Server$RpcCall.run(Server.java:963) [hadoop-common-3.3.1.jar:?]
	at java.security.AccessController.doPrivileged(Native Method) ~[?:1.8.0_332]
	at javax.security.auth.Subject.doAs(Subject.java:422) [?:1.8.0_332]
	at org.apache.hadoop.security.UserGroupInformation.doAs(UserGroupInformation.java:1878) [hadoop-common-3.3.1.jar:?]
	at org.apache.hadoop.ipc.Server$Handler.run(Server.java:2966) [hadoop-common-3.3.1.jar:?]
2022-07-30 01:51:29,558 [Time-limited test] INFO  rpc.RpcClient (RpcClient.java:createVolume(468)) - Creating Volume: volume-65897, with runner as owner and space quota set to -1 bytes, counts quota set to -1
2022-07-30 01:51:29,562 [OM StateMachine ApplyTransaction Thread - 0] INFO  volume.OMVolumeCreateRequest (OMVolumeCreateRequest.java:validateAndUpdateCache(195)) - created volume:volume-65897 for user:runner
2022-07-30 01:51:29,562 [Time-limited test] INFO  rpc.RpcClient (RpcClient.java:createBucket(671)) - Creating Bucket: volume-65897/bucket-30137, with bucket layout LEGACY, runner as owner, Versioning false, Storage Type set to DISK and Encryption set to false 
2022-07-30 01:51:29,564 [OM StateMachine ApplyTransaction Thread - 0] INFO  bucket.OMBucketCreateRequest (OMBucketCreateRequest.java:validateAndUpdateCache(260)) - created bucket: bucket-30137 of layout LEGACY in volume: volume-65897
01:51:29.939 [IPC Server handler 11 on default port 42455] ERROR OMAudit - user=runner | ip=127.0.0.1 | op=READ_BUCKET {volume=volume-85199, bucket=bucket-92393} | ret=FAILURE
org.apache.hadoop.ozone.om.exceptions.OMException: Volume not found when getting bucket info
	at org.apache.hadoop.ozone.om.BucketManagerImpl.getBucketInfo(BucketManagerImpl.java:127) ~[ozone-manager-1.3.0-SNAPSHOT.jar:?]
	at org.apache.hadoop.ozone.om.OzoneManager.getBucketInfo(OzoneManager.java:2779) ~[ozone-manager-1.3.0-SNAPSHOT.jar:?]
	at org.apache.hadoop.ozone.protocolPB.OzoneManagerRequestHandler.infoBucket(OzoneManagerRequestHandler.java:471) ~[ozone-manager-1.3.0-SNAPSHOT.jar:?]
	at org.apache.hadoop.ozone.protocolPB.OzoneManagerRequestHandler.handleReadRequest(OzoneManagerRequestHandler.java:174) ~[ozone-manager-1.3.0-SNAPSHOT.jar:?]
	at org.apache.hadoop.ozone.protocolPB.OzoneManagerProtocolServerSideTranslatorPB.submitReadRequestToOM(OzoneManagerProtocolServerSideTranslatorPB.java:226) ~[ozone-manager-1.3.0-SNAPSHOT.jar:?]
	at org.apache.hadoop.ozone.protocolPB.OzoneManagerProtocolServerSideTranslatorPB.processRequest(OzoneManagerProtocolServerSideTranslatorPB.java:175) ~[ozone-manager-1.3.0-SNAPSHOT.jar:?]
	at org.apache.hadoop.hdds.server.OzoneProtocolMessageDispatcher.processRequest(OzoneProtocolMessageDispatcher.java:87) [hdds-server-framework-1.3.0-SNAPSHOT.jar:?]
	at org.apache.hadoop.ozone.protocolPB.OzoneManagerProtocolServerSideTranslatorPB.submitRequest(OzoneManagerProtocolServerSideTranslatorPB.java:147) [ozone-manager-1.3.0-SNAPSHOT.jar:?]
	at org.apache.hadoop.ozone.protocol.proto.OzoneManagerProtocolProtos$OzoneManagerService$2.callBlockingMethod(OzoneManagerProtocolProtos.java) [ozone-interface-client-1.3.0-SNAPSHOT.jar:?]
	at org.apache.hadoop.ipc.ProtobufRpcEngine$Server.processCall(ProtobufRpcEngine.java:466) [hadoop-common-3.3.1.jar:?]
	at org.apache.hadoop.ipc.ProtobufRpcEngine2$Server$ProtoBufRpcInvoker.call(ProtobufRpcEngine2.java:574) [hadoop-common-3.3.1.jar:?]
	at org.apache.hadoop.ipc.ProtobufRpcEngine2$Server$ProtoBufRpcInvoker.call(ProtobufRpcEngine2.java:552) [hadoop-common-3.3.1.jar:?]
	at org.apache.hadoop.ipc.RPC$Server.call(RPC.java:1093) [hadoop-common-3.3.1.jar:?]
	at org.apache.hadoop.ipc.Server$RpcCall.run(Server.java:1035) [hadoop-common-3.3.1.jar:?]
	at org.apache.hadoop.ipc.Server$RpcCall.run(Server.java:963) [hadoop-common-3.3.1.jar:?]
	at java.security.AccessController.doPrivileged(Native Method) ~[?:1.8.0_332]
	at javax.security.auth.Subject.doAs(Subject.java:422) [?:1.8.0_332]
	at org.apache.hadoop.security.UserGroupInformation.doAs(UserGroupInformation.java:1878) [hadoop-common-3.3.1.jar:?]
	at org.apache.hadoop.ipc.Server$Handler.run(Server.java:2966) [hadoop-common-3.3.1.jar:?]
2022-07-30 01:51:29,940 [Time-limited test] INFO  rpc.RpcClient (RpcClient.java:createVolume(468)) - Creating Volume: volume-85199, with runner as owner and space quota set to -1 bytes, counts quota set to -1
2022-07-30 01:51:29,942 [OM StateMachine ApplyTransaction Thread - 0] INFO  volume.OMVolumeCreateRequest (OMVolumeCreateRequest.java:validateAndUpdateCache(195)) - created volume:volume-85199 for user:runner
2022-07-30 01:51:29,943 [Time-limited test] INFO  rpc.RpcClient (RpcClient.java:createBucket(671)) - Creating Bucket: volume-85199/bucket-92393, with bucket layout LEGACY, runner as owner, Versioning false, Storage Type set to DISK and Encryption set to false 
2022-07-30 01:51:29,945 [OM StateMachine ApplyTransaction Thread - 0] INFO  bucket.OMBucketCreateRequest (OMBucketCreateRequest.java:validateAndUpdateCache(260)) - created bucket: bucket-92393 of layout LEGACY in volume: volume-85199
]]></system-out>
  </testcase>
  <testcase name="testListStatusRootAndVolumeContinuation" classname="TestRootedOzoneFileSystem" time="0.813">
    <system-out><![CDATA[2022-07-30 01:52:57,678 [Time-limited test] INFO  rpc.RpcClient (RpcClient.java:createVolume(468)) - Creating Volume: volume93659, with user74416 as owner and space quota set to -1 bytes, counts quota set to -1
2022-07-30 01:52:57,680 [IPC Server handler 11 on default port 40433] INFO  volume.OMVolumeCreateRequest (OMVolumeCreateRequest.java:validateAndUpdateCache(195)) - created volume:volume93659 for user:user74416
2022-07-30 01:52:57,687 [Time-limited test] INFO  rpc.RpcClient (RpcClient.java:createBucket(671)) - Creating Bucket: volume93659/bucket26951, with bucket layout LEGACY, runner as owner, Versioning false, Storage Type set to DISK and Encryption set to false 
2022-07-30 01:52:57,687 [IPC Server handler 16 on default port 40433] INFO  bucket.OMBucketCreateRequest (OMBucketCreateRequest.java:validateAndUpdateCache(260)) - created bucket: bucket26951 of layout LEGACY in volume: volume93659
01:52:57.696 [IPC Server handler 13 on default port 40433] ERROR OMAudit - user=runner | ip=127.0.0.1 | op=READ_BUCKET {volume=volume-05017, bucket=bucket-78393} | ret=FAILURE
org.apache.hadoop.ozone.om.exceptions.OMException: Volume not found when getting bucket info
	at org.apache.hadoop.ozone.om.BucketManagerImpl.getBucketInfo(BucketManagerImpl.java:127) ~[ozone-manager-1.3.0-SNAPSHOT.jar:?]
	at org.apache.hadoop.ozone.om.OzoneManager.getBucketInfo(OzoneManager.java:2779) ~[ozone-manager-1.3.0-SNAPSHOT.jar:?]
	at org.apache.hadoop.ozone.protocolPB.OzoneManagerRequestHandler.infoBucket(OzoneManagerRequestHandler.java:471) ~[ozone-manager-1.3.0-SNAPSHOT.jar:?]
	at org.apache.hadoop.ozone.protocolPB.OzoneManagerRequestHandler.handleReadRequest(OzoneManagerRequestHandler.java:174) ~[ozone-manager-1.3.0-SNAPSHOT.jar:?]
	at org.apache.hadoop.ozone.protocolPB.OzoneManagerProtocolServerSideTranslatorPB.submitRequestDirectlyToOM(OzoneManagerProtocolServerSideTranslatorPB.java:276) ~[ozone-manager-1.3.0-SNAPSHOT.jar:?]
	at org.apache.hadoop.ozone.protocolPB.OzoneManagerProtocolServerSideTranslatorPB.processRequest(OzoneManagerProtocolServerSideTranslatorPB.java:205) ~[ozone-manager-1.3.0-SNAPSHOT.jar:?]
	at org.apache.hadoop.hdds.server.OzoneProtocolMessageDispatcher.processRequest(OzoneProtocolMessageDispatcher.java:87) [hdds-server-framework-1.3.0-SNAPSHOT.jar:?]
	at org.apache.hadoop.ozone.protocolPB.OzoneManagerProtocolServerSideTranslatorPB.submitRequest(OzoneManagerProtocolServerSideTranslatorPB.java:147) [ozone-manager-1.3.0-SNAPSHOT.jar:?]
	at org.apache.hadoop.ozone.protocol.proto.OzoneManagerProtocolProtos$OzoneManagerService$2.callBlockingMethod(OzoneManagerProtocolProtos.java) [ozone-interface-client-1.3.0-SNAPSHOT.jar:?]
	at org.apache.hadoop.ipc.ProtobufRpcEngine$Server.processCall(ProtobufRpcEngine.java:466) [hadoop-common-3.3.1.jar:?]
	at org.apache.hadoop.ipc.ProtobufRpcEngine2$Server$ProtoBufRpcInvoker.call(ProtobufRpcEngine2.java:574) [hadoop-common-3.3.1.jar:?]
	at org.apache.hadoop.ipc.ProtobufRpcEngine2$Server$ProtoBufRpcInvoker.call(ProtobufRpcEngine2.java:552) [hadoop-common-3.3.1.jar:?]
	at org.apache.hadoop.ipc.RPC$Server.call(RPC.java:1093) [hadoop-common-3.3.1.jar:?]
	at org.apache.hadoop.ipc.Server$RpcCall.run(Server.java:1035) [hadoop-common-3.3.1.jar:?]
	at org.apache.hadoop.ipc.Server$RpcCall.run(Server.java:963) [hadoop-common-3.3.1.jar:?]
	at java.security.AccessController.doPrivileged(Native Method) ~[?:1.8.0_332]
	at javax.security.auth.Subject.doAs(Subject.java:422) [?:1.8.0_332]
	at org.apache.hadoop.security.UserGroupInformation.doAs(UserGroupInformation.java:1878) [hadoop-common-3.3.1.jar:?]
	at org.apache.hadoop.ipc.Server$Handler.run(Server.java:2966) [hadoop-common-3.3.1.jar:?]
2022-07-30 01:52:57,696 [Time-limited test] INFO  rpc.RpcClient (RpcClient.java:createVolume(468)) - Creating Volume: volume-05017, with runner as owner and space quota set to -1 bytes, counts quota set to -1
2022-07-30 01:52:57,696 [IPC Server handler 12 on default port 40433] INFO  volume.OMVolumeCreateRequest (OMVolumeCreateRequest.java:validateAndUpdateCache(195)) - created volume:volume-05017 for user:runner
2022-07-30 01:52:57,697 [Time-limited test] INFO  rpc.RpcClient (RpcClient.java:createBucket(671)) - Creating Bucket: volume-05017/bucket-78393, with bucket layout LEGACY, runner as owner, Versioning false, Storage Type set to DISK and Encryption set to false 
2022-07-30 01:52:57,698 [IPC Server handler 8 on default port 40433] INFO  bucket.OMBucketCreateRequest (OMBucketCreateRequest.java:validateAndUpdateCache(260)) - created bucket: bucket-78393 of layout LEGACY in volume: volume-05017
01:52:57.812 [IPC Server handler 19 on default port 40433] ERROR OMAudit - user=runner | ip=127.0.0.1 | op=READ_BUCKET {volume=volume-73043, bucket=bucket-35685} | ret=FAILURE
org.apache.hadoop.ozone.om.exceptions.OMException: Volume not found when getting bucket info
	at org.apache.hadoop.ozone.om.BucketManagerImpl.getBucketInfo(BucketManagerImpl.java:127) ~[ozone-manager-1.3.0-SNAPSHOT.jar:?]
	at org.apache.hadoop.ozone.om.OzoneManager.getBucketInfo(OzoneManager.java:2779) ~[ozone-manager-1.3.0-SNAPSHOT.jar:?]
	at org.apache.hadoop.ozone.protocolPB.OzoneManagerRequestHandler.infoBucket(OzoneManagerRequestHandler.java:471) ~[ozone-manager-1.3.0-SNAPSHOT.jar:?]
	at org.apache.hadoop.ozone.protocolPB.OzoneManagerRequestHandler.handleReadRequest(OzoneManagerRequestHandler.java:174) ~[ozone-manager-1.3.0-SNAPSHOT.jar:?]
	at org.apache.hadoop.ozone.protocolPB.OzoneManagerProtocolServerSideTranslatorPB.submitRequestDirectlyToOM(OzoneManagerProtocolServerSideTranslatorPB.java:276) ~[ozone-manager-1.3.0-SNAPSHOT.jar:?]
	at org.apache.hadoop.ozone.protocolPB.OzoneManagerProtocolServerSideTranslatorPB.processRequest(OzoneManagerProtocolServerSideTranslatorPB.java:205) ~[ozone-manager-1.3.0-SNAPSHOT.jar:?]
	at org.apache.hadoop.hdds.server.OzoneProtocolMessageDispatcher.processRequest(OzoneProtocolMessageDispatcher.java:87) [hdds-server-framework-1.3.0-SNAPSHOT.jar:?]
	at org.apache.hadoop.ozone.protocolPB.OzoneManagerProtocolServerSideTranslatorPB.submitRequest(OzoneManagerProtocolServerSideTranslatorPB.java:147) [ozone-manager-1.3.0-SNAPSHOT.jar:?]
	at org.apache.hadoop.ozone.protocol.proto.OzoneManagerProtocolProtos$OzoneManagerService$2.callBlockingMethod(OzoneManagerProtocolProtos.java) [ozone-interface-client-1.3.0-SNAPSHOT.jar:?]
	at org.apache.hadoop.ipc.ProtobufRpcEngine$Server.processCall(ProtobufRpcEngine.java:466) [hadoop-common-3.3.1.jar:?]
	at org.apache.hadoop.ipc.ProtobufRpcEngine2$Server$ProtoBufRpcInvoker.call(ProtobufRpcEngine2.java:574) [hadoop-common-3.3.1.jar:?]
	at org.apache.hadoop.ipc.ProtobufRpcEngine2$Server$ProtoBufRpcInvoker.call(ProtobufRpcEngine2.java:552) [hadoop-common-3.3.1.jar:?]
	at org.apache.hadoop.ipc.RPC$Server.call(RPC.java:1093) [hadoop-common-3.3.1.jar:?]
	at org.apache.hadoop.ipc.Server$RpcCall.run(Server.java:1035) [hadoop-common-3.3.1.jar:?]
	at org.apache.hadoop.ipc.Server$RpcCall.run(Server.java:963) [hadoop-common-3.3.1.jar:?]
	at java.security.AccessController.doPrivileged(Native Method) ~[?:1.8.0_332]
	at javax.security.auth.Subject.doAs(Subject.java:422) [?:1.8.0_332]
	at org.apache.hadoop.security.UserGroupInformation.doAs(UserGroupInformation.java:1878) [hadoop-common-3.3.1.jar:?]
	at org.apache.hadoop.ipc.Server$Handler.run(Server.java:2966) [hadoop-common-3.3.1.jar:?]
2022-07-30 01:52:57,812 [Time-limited test] INFO  rpc.RpcClient (RpcClient.java:createVolume(468)) - Creating Volume: volume-73043, with runner as owner and space quota set to -1 bytes, counts quota set to -1
2022-07-30 01:52:57,816 [IPC Server handler 11 on default port 40433] INFO  volume.OMVolumeCreateRequest (OMVolumeCreateRequest.java:validateAndUpdateCache(195)) - created volume:volume-73043 for user:runner
2022-07-30 01:52:57,818 [Time-limited test] INFO  rpc.RpcClient (RpcClient.java:createBucket(671)) - Creating Bucket: volume-73043/bucket-35685, with bucket layout LEGACY, runner as owner, Versioning false, Storage Type set to DISK and Encryption set to false 
2022-07-30 01:52:57,819 [IPC Server handler 16 on default port 40433] INFO  bucket.OMBucketCreateRequest (OMBucketCreateRequest.java:validateAndUpdateCache(260)) - created bucket: bucket-35685 of layout LEGACY in volume: volume-73043
01:52:57.912 [IPC Server handler 2 on default port 40433] ERROR OMAudit - user=runner | ip=127.0.0.1 | op=READ_BUCKET {volume=volume-70239, bucket=bucket-03479} | ret=FAILURE
org.apache.hadoop.ozone.om.exceptions.OMException: Volume not found when getting bucket info
	at org.apache.hadoop.ozone.om.BucketManagerImpl.getBucketInfo(BucketManagerImpl.java:127) ~[ozone-manager-1.3.0-SNAPSHOT.jar:?]
	at org.apache.hadoop.ozone.om.OzoneManager.getBucketInfo(OzoneManager.java:2779) ~[ozone-manager-1.3.0-SNAPSHOT.jar:?]
	at org.apache.hadoop.ozone.protocolPB.OzoneManagerRequestHandler.infoBucket(OzoneManagerRequestHandler.java:471) ~[ozone-manager-1.3.0-SNAPSHOT.jar:?]
	at org.apache.hadoop.ozone.protocolPB.OzoneManagerRequestHandler.handleReadRequest(OzoneManagerRequestHandler.java:174) ~[ozone-manager-1.3.0-SNAPSHOT.jar:?]
	at org.apache.hadoop.ozone.protocolPB.OzoneManagerProtocolServerSideTranslatorPB.submitRequestDirectlyToOM(OzoneManagerProtocolServerSideTranslatorPB.java:276) ~[ozone-manager-1.3.0-SNAPSHOT.jar:?]
	at org.apache.hadoop.ozone.protocolPB.OzoneManagerProtocolServerSideTranslatorPB.processRequest(OzoneManagerProtocolServerSideTranslatorPB.java:205) ~[ozone-manager-1.3.0-SNAPSHOT.jar:?]
	at org.apache.hadoop.hdds.server.OzoneProtocolMessageDispatcher.processRequest(OzoneProtocolMessageDispatcher.java:87) [hdds-server-framework-1.3.0-SNAPSHOT.jar:?]
	at org.apache.hadoop.ozone.protocolPB.OzoneManagerProtocolServerSideTranslatorPB.submitRequest(OzoneManagerProtocolServerSideTranslatorPB.java:147) [ozone-manager-1.3.0-SNAPSHOT.jar:?]
	at org.apache.hadoop.ozone.protocol.proto.OzoneManagerProtocolProtos$OzoneManagerService$2.callBlockingMethod(OzoneManagerProtocolProtos.java) [ozone-interface-client-1.3.0-SNAPSHOT.jar:?]
	at org.apache.hadoop.ipc.ProtobufRpcEngine$Server.processCall(ProtobufRpcEngine.java:466) [hadoop-common-3.3.1.jar:?]
	at org.apache.hadoop.ipc.ProtobufRpcEngine2$Server$ProtoBufRpcInvoker.call(ProtobufRpcEngine2.java:574) [hadoop-common-3.3.1.jar:?]
	at org.apache.hadoop.ipc.ProtobufRpcEngine2$Server$ProtoBufRpcInvoker.call(ProtobufRpcEngine2.java:552) [hadoop-common-3.3.1.jar:?]
	at org.apache.hadoop.ipc.RPC$Server.call(RPC.java:1093) [hadoop-common-3.3.1.jar:?]
	at org.apache.hadoop.ipc.Server$RpcCall.run(Server.java:1035) [hadoop-common-3.3.1.jar:?]
	at org.apache.hadoop.ipc.Server$RpcCall.run(Server.java:963) [hadoop-common-3.3.1.jar:?]
	at java.security.AccessController.doPrivileged(Native Method) ~[?:1.8.0_332]
	at javax.security.auth.Subject.doAs(Subject.java:422) [?:1.8.0_332]
	at org.apache.hadoop.security.UserGroupInformation.doAs(UserGroupInformation.java:1878) [hadoop-common-3.3.1.jar:?]
	at org.apache.hadoop.ipc.Server$Handler.run(Server.java:2966) [hadoop-common-3.3.1.jar:?]
2022-07-30 01:52:57,913 [Time-limited test] INFO  rpc.RpcClient (RpcClient.java:createVolume(468)) - Creating Volume: volume-70239, with runner as owner and space quota set to -1 bytes, counts quota set to -1
2022-07-30 01:52:57,916 [IPC Server handler 1 on default port 40433] INFO  volume.OMVolumeCreateRequest (OMVolumeCreateRequest.java:validateAndUpdateCache(195)) - created volume:volume-70239 for user:runner
2022-07-30 01:52:57,917 [Time-limited test] INFO  rpc.RpcClient (RpcClient.java:createBucket(671)) - Creating Bucket: volume-70239/bucket-03479, with bucket layout LEGACY, runner as owner, Versioning false, Storage Type set to DISK and Encryption set to false 
2022-07-30 01:52:57,917 [IPC Server handler 4 on default port 40433] INFO  bucket.OMBucketCreateRequest (OMBucketCreateRequest.java:validateAndUpdateCache(260)) - created bucket: bucket-03479 of layout LEGACY in volume: volume-70239
01:52:57.983 [IPC Server handler 10 on default port 40433] ERROR OMAudit - user=runner | ip=127.0.0.1 | op=READ_BUCKET {volume=volume-47605, bucket=bucket-44565} | ret=FAILURE
org.apache.hadoop.ozone.om.exceptions.OMException: Volume not found when getting bucket info
	at org.apache.hadoop.ozone.om.BucketManagerImpl.getBucketInfo(BucketManagerImpl.java:127) ~[ozone-manager-1.3.0-SNAPSHOT.jar:?]
	at org.apache.hadoop.ozone.om.OzoneManager.getBucketInfo(OzoneManager.java:2779) ~[ozone-manager-1.3.0-SNAPSHOT.jar:?]
	at org.apache.hadoop.ozone.protocolPB.OzoneManagerRequestHandler.infoBucket(OzoneManagerRequestHandler.java:471) ~[ozone-manager-1.3.0-SNAPSHOT.jar:?]
	at org.apache.hadoop.ozone.protocolPB.OzoneManagerRequestHandler.handleReadRequest(OzoneManagerRequestHandler.java:174) ~[ozone-manager-1.3.0-SNAPSHOT.jar:?]
	at org.apache.hadoop.ozone.protocolPB.OzoneManagerProtocolServerSideTranslatorPB.submitRequestDirectlyToOM(OzoneManagerProtocolServerSideTranslatorPB.java:276) ~[ozone-manager-1.3.0-SNAPSHOT.jar:?]
	at org.apache.hadoop.ozone.protocolPB.OzoneManagerProtocolServerSideTranslatorPB.processRequest(OzoneManagerProtocolServerSideTranslatorPB.java:205) ~[ozone-manager-1.3.0-SNAPSHOT.jar:?]
	at org.apache.hadoop.hdds.server.OzoneProtocolMessageDispatcher.processRequest(OzoneProtocolMessageDispatcher.java:87) [hdds-server-framework-1.3.0-SNAPSHOT.jar:?]
	at org.apache.hadoop.ozone.protocolPB.OzoneManagerProtocolServerSideTranslatorPB.submitRequest(OzoneManagerProtocolServerSideTranslatorPB.java:147) [ozone-manager-1.3.0-SNAPSHOT.jar:?]
	at org.apache.hadoop.ozone.protocol.proto.OzoneManagerProtocolProtos$OzoneManagerService$2.callBlockingMethod(OzoneManagerProtocolProtos.java) [ozone-interface-client-1.3.0-SNAPSHOT.jar:?]
	at org.apache.hadoop.ipc.ProtobufRpcEngine$Server.processCall(ProtobufRpcEngine.java:466) [hadoop-common-3.3.1.jar:?]
	at org.apache.hadoop.ipc.ProtobufRpcEngine2$Server$ProtoBufRpcInvoker.call(ProtobufRpcEngine2.java:574) [hadoop-common-3.3.1.jar:?]
	at org.apache.hadoop.ipc.ProtobufRpcEngine2$Server$ProtoBufRpcInvoker.call(ProtobufRpcEngine2.java:552) [hadoop-common-3.3.1.jar:?]
	at org.apache.hadoop.ipc.RPC$Server.call(RPC.java:1093) [hadoop-common-3.3.1.jar:?]
	at org.apache.hadoop.ipc.Server$RpcCall.run(Server.java:1035) [hadoop-common-3.3.1.jar:?]
	at org.apache.hadoop.ipc.Server$RpcCall.run(Server.java:963) [hadoop-common-3.3.1.jar:?]
	at java.security.AccessController.doPrivileged(Native Method) ~[?:1.8.0_332]
	at javax.security.auth.Subject.doAs(Subject.java:422) [?:1.8.0_332]
	at org.apache.hadoop.security.UserGroupInformation.doAs(UserGroupInformation.java:1878) [hadoop-common-3.3.1.jar:?]
	at org.apache.hadoop.ipc.Server$Handler.run(Server.java:2966) [hadoop-common-3.3.1.jar:?]
2022-07-30 01:52:57,984 [Time-limited test] INFO  rpc.RpcClient (RpcClient.java:createVolume(468)) - Creating Volume: volume-47605, with runner as owner and space quota set to -1 bytes, counts quota set to -1
2022-07-30 01:52:57,985 [IPC Server handler 8 on default port 40433] INFO  volume.OMVolumeCreateRequest (OMVolumeCreateRequest.java:validateAndUpdateCache(195)) - created volume:volume-47605 for user:runner
2022-07-30 01:52:57,988 [Time-limited test] INFO  rpc.RpcClient (RpcClient.java:createBucket(671)) - Creating Bucket: volume-47605/bucket-44565, with bucket layout LEGACY, runner as owner, Versioning false, Storage Type set to DISK and Encryption set to false 
2022-07-30 01:52:57,988 [IPC Server handler 6 on default port 40433] INFO  bucket.OMBucketCreateRequest (OMBucketCreateRequest.java:validateAndUpdateCache(260)) - created bucket: bucket-44565 of layout LEGACY in volume: volume-47605
01:52:58.070 [IPC Server handler 9 on default port 40433] ERROR OMAudit - user=runner | ip=127.0.0.1 | op=READ_BUCKET {volume=volume-00398, bucket=bucket-68352} | ret=FAILURE
org.apache.hadoop.ozone.om.exceptions.OMException: Volume not found when getting bucket info
	at org.apache.hadoop.ozone.om.BucketManagerImpl.getBucketInfo(BucketManagerImpl.java:127) ~[ozone-manager-1.3.0-SNAPSHOT.jar:?]
	at org.apache.hadoop.ozone.om.OzoneManager.getBucketInfo(OzoneManager.java:2779) ~[ozone-manager-1.3.0-SNAPSHOT.jar:?]
	at org.apache.hadoop.ozone.protocolPB.OzoneManagerRequestHandler.infoBucket(OzoneManagerRequestHandler.java:471) ~[ozone-manager-1.3.0-SNAPSHOT.jar:?]
	at org.apache.hadoop.ozone.protocolPB.OzoneManagerRequestHandler.handleReadRequest(OzoneManagerRequestHandler.java:174) ~[ozone-manager-1.3.0-SNAPSHOT.jar:?]
	at org.apache.hadoop.ozone.protocolPB.OzoneManagerProtocolServerSideTranslatorPB.submitRequestDirectlyToOM(OzoneManagerProtocolServerSideTranslatorPB.java:276) ~[ozone-manager-1.3.0-SNAPSHOT.jar:?]
	at org.apache.hadoop.ozone.protocolPB.OzoneManagerProtocolServerSideTranslatorPB.processRequest(OzoneManagerProtocolServerSideTranslatorPB.java:205) ~[ozone-manager-1.3.0-SNAPSHOT.jar:?]
	at org.apache.hadoop.hdds.server.OzoneProtocolMessageDispatcher.processRequest(OzoneProtocolMessageDispatcher.java:87) [hdds-server-framework-1.3.0-SNAPSHOT.jar:?]
	at org.apache.hadoop.ozone.protocolPB.OzoneManagerProtocolServerSideTranslatorPB.submitRequest(OzoneManagerProtocolServerSideTranslatorPB.java:147) [ozone-manager-1.3.0-SNAPSHOT.jar:?]
	at org.apache.hadoop.ozone.protocol.proto.OzoneManagerProtocolProtos$OzoneManagerService$2.callBlockingMethod(OzoneManagerProtocolProtos.java) [ozone-interface-client-1.3.0-SNAPSHOT.jar:?]
	at org.apache.hadoop.ipc.ProtobufRpcEngine$Server.processCall(ProtobufRpcEngine.java:466) [hadoop-common-3.3.1.jar:?]
	at org.apache.hadoop.ipc.ProtobufRpcEngine2$Server$ProtoBufRpcInvoker.call(ProtobufRpcEngine2.java:574) [hadoop-common-3.3.1.jar:?]
	at org.apache.hadoop.ipc.ProtobufRpcEngine2$Server$ProtoBufRpcInvoker.call(ProtobufRpcEngine2.java:552) [hadoop-common-3.3.1.jar:?]
	at org.apache.hadoop.ipc.RPC$Server.call(RPC.java:1093) [hadoop-common-3.3.1.jar:?]
	at org.apache.hadoop.ipc.Server$RpcCall.run(Server.java:1035) [hadoop-common-3.3.1.jar:?]
	at org.apache.hadoop.ipc.Server$RpcCall.run(Server.java:963) [hadoop-common-3.3.1.jar:?]
	at java.security.AccessController.doPrivileged(Native Method) ~[?:1.8.0_332]
	at javax.security.auth.Subject.doAs(Subject.java:422) [?:1.8.0_332]
	at org.apache.hadoop.security.UserGroupInformation.doAs(UserGroupInformation.java:1878) [hadoop-common-3.3.1.jar:?]
	at org.apache.hadoop.ipc.Server$Handler.run(Server.java:2966) [hadoop-common-3.3.1.jar:?]
2022-07-30 01:52:58,071 [Time-limited test] INFO  rpc.RpcClient (RpcClient.java:createVolume(468)) - Creating Volume: volume-00398, with runner as owner and space quota set to -1 bytes, counts quota set to -1
2022-07-30 01:52:58,071 [IPC Server handler 16 on default port 40433] INFO  volume.OMVolumeCreateRequest (OMVolumeCreateRequest.java:validateAndUpdateCache(195)) - created volume:volume-00398 for user:runner
2022-07-30 01:52:58,076 [Time-limited test] INFO  rpc.RpcClient (RpcClient.java:createBucket(671)) - Creating Bucket: volume-00398/bucket-68352, with bucket layout LEGACY, runner as owner, Versioning false, Storage Type set to DISK and Encryption set to false 
2022-07-30 01:52:58,076 [IPC Server handler 14 on default port 40433] INFO  bucket.OMBucketCreateRequest (OMBucketCreateRequest.java:validateAndUpdateCache(260)) - created bucket: bucket-68352 of layout LEGACY in volume: volume-00398
]]></system-out>
  </testcase>
  <testcase name="testDeleteVolumeBucketAndKey" classname="TestRootedOzoneFileSystem" time="0.193">
    <system-out><![CDATA[2022-07-30 01:47:42,631 [Time-limited test] INFO  rpc.RpcClient (RpcClient.java:createVolume(468)) - Creating Volume: volume54812, with user40570 as owner and space quota set to -1 bytes, counts quota set to -1
2022-07-30 01:47:42,636 [OM StateMachine ApplyTransaction Thread - 0] INFO  volume.OMVolumeCreateRequest (OMVolumeCreateRequest.java:validateAndUpdateCache(195)) - created volume:volume54812 for user:user40570
2022-07-30 01:47:42,639 [Time-limited test] INFO  rpc.RpcClient (RpcClient.java:createBucket(671)) - Creating Bucket: volume54812/bucket54927, with bucket layout LEGACY, runner as owner, Versioning false, Storage Type set to DISK and Encryption set to false 
2022-07-30 01:47:42,641 [OM StateMachine ApplyTransaction Thread - 0] INFO  bucket.OMBucketCreateRequest (OMBucketCreateRequest.java:validateAndUpdateCache(260)) - created bucket: bucket54927 of layout LEGACY in volume: volume54812
2022-07-30 01:47:42,646 [Time-limited test] INFO  rpc.RpcClient (RpcClient.java:createVolume(468)) - Creating Volume: volume-44736, with runner as owner and space quota set to -1 bytes, counts quota set to -1
2022-07-30 01:47:42,649 [OM StateMachine ApplyTransaction Thread - 0] INFO  volume.OMVolumeCreateRequest (OMVolumeCreateRequest.java:validateAndUpdateCache(195)) - created volume:volume-44736 for user:runner
2022-07-30 01:47:42,650 [Time-limited test] INFO  rpc.RpcClient (RpcClient.java:createBucket(671)) - Creating Bucket: volume-44736/bucket3, with bucket layout LEGACY, runner as owner, Versioning false, Storage Type set to DISK and Encryption set to false 
2022-07-30 01:47:42,653 [OM StateMachine ApplyTransaction Thread - 0] INFO  bucket.OMBucketCreateRequest (OMBucketCreateRequest.java:validateAndUpdateCache(260)) - created bucket: bucket3 of layout LEGACY in volume: volume-44736
01:47:42.666 [OM StateMachine ApplyTransaction Thread - 0] ERROR OMAudit - user=runner | ip=127.0.0.1 | op=DELETE_VOLUME {volume=volume-44736} | ret=FAILURE
org.apache.hadoop.ozone.om.exceptions.OMException: null
	at org.apache.hadoop.ozone.om.request.volume.OMVolumeDeleteRequest.validateAndUpdateCache(OMVolumeDeleteRequest.java:122) ~[ozone-manager-1.3.0-SNAPSHOT.jar:?]
	at org.apache.hadoop.ozone.protocolPB.OzoneManagerRequestHandler.handleWriteRequest(OzoneManagerRequestHandler.java:300) ~[ozone-manager-1.3.0-SNAPSHOT.jar:?]
	at org.apache.hadoop.ozone.om.ratis.OzoneManagerStateMachine.runCommand(OzoneManagerStateMachine.java:529) ~[ozone-manager-1.3.0-SNAPSHOT.jar:?]
	at org.apache.hadoop.ozone.om.ratis.OzoneManagerStateMachine.lambda$1(OzoneManagerStateMachine.java:324) ~[ozone-manager-1.3.0-SNAPSHOT.jar:?]
	at java.util.concurrent.CompletableFuture$AsyncSupply.run(CompletableFuture.java:1604) [?:1.8.0_332]
	at java.util.concurrent.ThreadPoolExecutor.runWorker(ThreadPoolExecutor.java:1149) [?:1.8.0_332]
	at java.util.concurrent.ThreadPoolExecutor$Worker.run(ThreadPoolExecutor.java:624) [?:1.8.0_332]
	at java.lang.Thread.run(Thread.java:750) [?:1.8.0_332]
2022-07-30 01:47:42,666 [OM StateMachine ApplyTransaction Thread - 0] ERROR volume.OMVolumeDeleteRequest (OMVolumeDeleteRequest.java:validateAndUpdateCache(170)) - Volume deletion failed for user:runner volume:volume-44736
VOLUME_NOT_EMPTY org.apache.hadoop.ozone.om.exceptions.OMException
	at org.apache.hadoop.ozone.om.request.volume.OMVolumeDeleteRequest.validateAndUpdateCache(OMVolumeDeleteRequest.java:122)
	at org.apache.hadoop.ozone.protocolPB.OzoneManagerRequestHandler.handleWriteRequest(OzoneManagerRequestHandler.java:300)
	at org.apache.hadoop.ozone.om.ratis.OzoneManagerStateMachine.runCommand(OzoneManagerStateMachine.java:529)
	at org.apache.hadoop.ozone.om.ratis.OzoneManagerStateMachine.lambda$1(OzoneManagerStateMachine.java:324)
	at java.util.concurrent.CompletableFuture$AsyncSupply.run(CompletableFuture.java:1604)
	at java.util.concurrent.ThreadPoolExecutor.runWorker(ThreadPoolExecutor.java:1149)
	at java.util.concurrent.ThreadPoolExecutor$Worker.run(ThreadPoolExecutor.java:624)
	at java.lang.Thread.run(Thread.java:750)
2022-07-30 01:47:42,723 [Time-limited test] INFO  rpc.RpcClient (RpcClient.java:createVolume(468)) - Creating Volume: volume-44736, with runner as owner and space quota set to -1 bytes, counts quota set to -1
2022-07-30 01:47:42,726 [OM StateMachine ApplyTransaction Thread - 0] INFO  volume.OMVolumeCreateRequest (OMVolumeCreateRequest.java:validateAndUpdateCache(195)) - created volume:volume-44736 for user:runner
2022-07-30 01:47:42,728 [Time-limited test] INFO  rpc.RpcClient (RpcClient.java:createBucket(671)) - Creating Bucket: volume-44736/bucket3, with bucket layout LEGACY, runner as owner, Versioning false, Storage Type set to DISK and Encryption set to false 
2022-07-30 01:47:42,730 [OM StateMachine ApplyTransaction Thread - 0] INFO  bucket.OMBucketCreateRequest (OMBucketCreateRequest.java:validateAndUpdateCache(260)) - created bucket: bucket3 of layout LEGACY in volume: volume-44736
]]></system-out>
  </testcase>
  <testcase name="testDeleteVolumeBucketAndKey" classname="TestRootedOzoneFileSystem" time="0.19">
    <system-out><![CDATA[2022-07-30 01:48:59,185 [Time-limited test] INFO  rpc.RpcClient (RpcClient.java:createVolume(468)) - Creating Volume: volume61572, with user40346 as owner and space quota set to -1 bytes, counts quota set to -1
2022-07-30 01:48:59,188 [OM StateMachine ApplyTransaction Thread - 0] INFO  volume.OMVolumeCreateRequest (OMVolumeCreateRequest.java:validateAndUpdateCache(195)) - created volume:volume61572 for user:user40346
2022-07-30 01:48:59,189 [Time-limited test] INFO  rpc.RpcClient (RpcClient.java:createBucket(671)) - Creating Bucket: volume61572/bucket82051, with bucket layout LEGACY, runner as owner, Versioning false, Storage Type set to DISK and Encryption set to false 
2022-07-30 01:48:59,208 [OM StateMachine ApplyTransaction Thread - 0] INFO  bucket.OMBucketCreateRequest (OMBucketCreateRequest.java:validateAndUpdateCache(260)) - created bucket: bucket82051 of layout LEGACY in volume: volume61572
01:48:59.209 [IPC Server handler 15 on default port 43571] ERROR OMAudit - user=runner | ip=127.0.0.1 | op=READ_BUCKET {volume=volume-83920, bucket=bucket3} | ret=FAILURE
org.apache.hadoop.ozone.om.exceptions.OMException: Volume not found when getting bucket info
	at org.apache.hadoop.ozone.om.BucketManagerImpl.getBucketInfo(BucketManagerImpl.java:127) ~[ozone-manager-1.3.0-SNAPSHOT.jar:?]
	at org.apache.hadoop.ozone.om.OzoneManager.getBucketInfo(OzoneManager.java:2779) ~[ozone-manager-1.3.0-SNAPSHOT.jar:?]
	at org.apache.hadoop.ozone.protocolPB.OzoneManagerRequestHandler.infoBucket(OzoneManagerRequestHandler.java:471) ~[ozone-manager-1.3.0-SNAPSHOT.jar:?]
	at org.apache.hadoop.ozone.protocolPB.OzoneManagerRequestHandler.handleReadRequest(OzoneManagerRequestHandler.java:174) ~[ozone-manager-1.3.0-SNAPSHOT.jar:?]
	at org.apache.hadoop.ozone.protocolPB.OzoneManagerProtocolServerSideTranslatorPB.submitReadRequestToOM(OzoneManagerProtocolServerSideTranslatorPB.java:226) ~[ozone-manager-1.3.0-SNAPSHOT.jar:?]
	at org.apache.hadoop.ozone.protocolPB.OzoneManagerProtocolServerSideTranslatorPB.processRequest(OzoneManagerProtocolServerSideTranslatorPB.java:175) ~[ozone-manager-1.3.0-SNAPSHOT.jar:?]
	at org.apache.hadoop.hdds.server.OzoneProtocolMessageDispatcher.processRequest(OzoneProtocolMessageDispatcher.java:87) [hdds-server-framework-1.3.0-SNAPSHOT.jar:?]
	at org.apache.hadoop.ozone.protocolPB.OzoneManagerProtocolServerSideTranslatorPB.submitRequest(OzoneManagerProtocolServerSideTranslatorPB.java:147) [ozone-manager-1.3.0-SNAPSHOT.jar:?]
	at org.apache.hadoop.ozone.protocol.proto.OzoneManagerProtocolProtos$OzoneManagerService$2.callBlockingMethod(OzoneManagerProtocolProtos.java) [ozone-interface-client-1.3.0-SNAPSHOT.jar:?]
	at org.apache.hadoop.ipc.ProtobufRpcEngine$Server.processCall(ProtobufRpcEngine.java:466) [hadoop-common-3.3.1.jar:?]
	at org.apache.hadoop.ipc.ProtobufRpcEngine2$Server$ProtoBufRpcInvoker.call(ProtobufRpcEngine2.java:574) [hadoop-common-3.3.1.jar:?]
	at org.apache.hadoop.ipc.ProtobufRpcEngine2$Server$ProtoBufRpcInvoker.call(ProtobufRpcEngine2.java:552) [hadoop-common-3.3.1.jar:?]
	at org.apache.hadoop.ipc.RPC$Server.call(RPC.java:1093) [hadoop-common-3.3.1.jar:?]
	at org.apache.hadoop.ipc.Server$RpcCall.run(Server.java:1035) [hadoop-common-3.3.1.jar:?]
	at org.apache.hadoop.ipc.Server$RpcCall.run(Server.java:963) [hadoop-common-3.3.1.jar:?]
	at java.security.AccessController.doPrivileged(Native Method) ~[?:1.8.0_332]
	at javax.security.auth.Subject.doAs(Subject.java:422) [?:1.8.0_332]
	at org.apache.hadoop.security.UserGroupInformation.doAs(UserGroupInformation.java:1878) [hadoop-common-3.3.1.jar:?]
	at org.apache.hadoop.ipc.Server$Handler.run(Server.java:2966) [hadoop-common-3.3.1.jar:?]
2022-07-30 01:48:59,210 [Time-limited test] INFO  rpc.RpcClient (RpcClient.java:createVolume(468)) - Creating Volume: volume-83920, with runner as owner and space quota set to -1 bytes, counts quota set to -1
2022-07-30 01:48:59,211 [OM StateMachine ApplyTransaction Thread - 0] INFO  volume.OMVolumeCreateRequest (OMVolumeCreateRequest.java:validateAndUpdateCache(195)) - created volume:volume-83920 for user:runner
2022-07-30 01:48:59,212 [Time-limited test] INFO  rpc.RpcClient (RpcClient.java:createBucket(671)) - Creating Bucket: volume-83920/bucket3, with bucket layout LEGACY, runner as owner, Versioning false, Storage Type set to DISK and Encryption set to false 
2022-07-30 01:48:59,213 [OM StateMachine ApplyTransaction Thread - 0] INFO  bucket.OMBucketCreateRequest (OMBucketCreateRequest.java:validateAndUpdateCache(260)) - created bucket: bucket3 of layout LEGACY in volume: volume-83920
01:48:59.217 [OM StateMachine ApplyTransaction Thread - 0] ERROR OMAudit - user=runner | ip=127.0.0.1 | op=DELETE_VOLUME {volume=volume-83920} | ret=FAILURE
org.apache.hadoop.ozone.om.exceptions.OMException: null
	at org.apache.hadoop.ozone.om.request.volume.OMVolumeDeleteRequest.validateAndUpdateCache(OMVolumeDeleteRequest.java:122) ~[ozone-manager-1.3.0-SNAPSHOT.jar:?]
	at org.apache.hadoop.ozone.protocolPB.OzoneManagerRequestHandler.handleWriteRequest(OzoneManagerRequestHandler.java:300) ~[ozone-manager-1.3.0-SNAPSHOT.jar:?]
	at org.apache.hadoop.ozone.om.ratis.OzoneManagerStateMachine.runCommand(OzoneManagerStateMachine.java:529) ~[ozone-manager-1.3.0-SNAPSHOT.jar:?]
	at org.apache.hadoop.ozone.om.ratis.OzoneManagerStateMachine.lambda$1(OzoneManagerStateMachine.java:324) ~[ozone-manager-1.3.0-SNAPSHOT.jar:?]
	at java.util.concurrent.CompletableFuture$AsyncSupply.run(CompletableFuture.java:1604) [?:1.8.0_332]
	at java.util.concurrent.ThreadPoolExecutor.runWorker(ThreadPoolExecutor.java:1149) [?:1.8.0_332]
	at java.util.concurrent.ThreadPoolExecutor$Worker.run(ThreadPoolExecutor.java:624) [?:1.8.0_332]
	at java.lang.Thread.run(Thread.java:750) [?:1.8.0_332]
2022-07-30 01:48:59,217 [OM StateMachine ApplyTransaction Thread - 0] ERROR volume.OMVolumeDeleteRequest (OMVolumeDeleteRequest.java:validateAndUpdateCache(170)) - Volume deletion failed for user:runner volume:volume-83920
VOLUME_NOT_EMPTY org.apache.hadoop.ozone.om.exceptions.OMException
	at org.apache.hadoop.ozone.om.request.volume.OMVolumeDeleteRequest.validateAndUpdateCache(OMVolumeDeleteRequest.java:122)
	at org.apache.hadoop.ozone.protocolPB.OzoneManagerRequestHandler.handleWriteRequest(OzoneManagerRequestHandler.java:300)
	at org.apache.hadoop.ozone.om.ratis.OzoneManagerStateMachine.runCommand(OzoneManagerStateMachine.java:529)
	at org.apache.hadoop.ozone.om.ratis.OzoneManagerStateMachine.lambda$1(OzoneManagerStateMachine.java:324)
	at java.util.concurrent.CompletableFuture$AsyncSupply.run(CompletableFuture.java:1604)
	at java.util.concurrent.ThreadPoolExecutor.runWorker(ThreadPoolExecutor.java:1149)
	at java.util.concurrent.ThreadPoolExecutor$Worker.run(ThreadPoolExecutor.java:624)
	at java.lang.Thread.run(Thread.java:750)
01:48:59.243 [IPC Server handler 3 on default port 43571] ERROR OMAudit - user=runner | ip=127.0.0.1 | op=READ_VOLUME {volume=volume-83920} | ret=FAILURE
org.apache.hadoop.ozone.om.exceptions.OMException: Volume volume-83920 is not found
	at org.apache.hadoop.ozone.om.VolumeManagerImpl.getVolumeInfo(VolumeManagerImpl.java:74) ~[ozone-manager-1.3.0-SNAPSHOT.jar:?]
	at org.apache.hadoop.ozone.om.OzoneManager.getVolumeInfo(OzoneManager.java:2603) ~[ozone-manager-1.3.0-SNAPSHOT.jar:?]
	at org.apache.hadoop.ozone.protocolPB.OzoneManagerRequestHandler.infoVolume(OzoneManagerRequestHandler.java:397) ~[ozone-manager-1.3.0-SNAPSHOT.jar:?]
	at org.apache.hadoop.ozone.protocolPB.OzoneManagerRequestHandler.handleReadRequest(OzoneManagerRequestHandler.java:164) ~[ozone-manager-1.3.0-SNAPSHOT.jar:?]
	at org.apache.hadoop.ozone.protocolPB.OzoneManagerProtocolServerSideTranslatorPB.submitReadRequestToOM(OzoneManagerProtocolServerSideTranslatorPB.java:226) ~[ozone-manager-1.3.0-SNAPSHOT.jar:?]
	at org.apache.hadoop.ozone.protocolPB.OzoneManagerProtocolServerSideTranslatorPB.processRequest(OzoneManagerProtocolServerSideTranslatorPB.java:175) ~[ozone-manager-1.3.0-SNAPSHOT.jar:?]
	at org.apache.hadoop.hdds.server.OzoneProtocolMessageDispatcher.processRequest(OzoneProtocolMessageDispatcher.java:87) [hdds-server-framework-1.3.0-SNAPSHOT.jar:?]
	at org.apache.hadoop.ozone.protocolPB.OzoneManagerProtocolServerSideTranslatorPB.submitRequest(OzoneManagerProtocolServerSideTranslatorPB.java:147) [ozone-manager-1.3.0-SNAPSHOT.jar:?]
	at org.apache.hadoop.ozone.protocol.proto.OzoneManagerProtocolProtos$OzoneManagerService$2.callBlockingMethod(OzoneManagerProtocolProtos.java) [ozone-interface-client-1.3.0-SNAPSHOT.jar:?]
	at org.apache.hadoop.ipc.ProtobufRpcEngine$Server.processCall(ProtobufRpcEngine.java:466) [hadoop-common-3.3.1.jar:?]
	at org.apache.hadoop.ipc.ProtobufRpcEngine2$Server$ProtoBufRpcInvoker.call(ProtobufRpcEngine2.java:574) [hadoop-common-3.3.1.jar:?]
	at org.apache.hadoop.ipc.ProtobufRpcEngine2$Server$ProtoBufRpcInvoker.call(ProtobufRpcEngine2.java:552) [hadoop-common-3.3.1.jar:?]
	at org.apache.hadoop.ipc.RPC$Server.call(RPC.java:1093) [hadoop-common-3.3.1.jar:?]
	at org.apache.hadoop.ipc.Server$RpcCall.run(Server.java:1035) [hadoop-common-3.3.1.jar:?]
	at org.apache.hadoop.ipc.Server$RpcCall.run(Server.java:963) [hadoop-common-3.3.1.jar:?]
	at java.security.AccessController.doPrivileged(Native Method) ~[?:1.8.0_332]
	at javax.security.auth.Subject.doAs(Subject.java:422) [?:1.8.0_332]
	at org.apache.hadoop.security.UserGroupInformation.doAs(UserGroupInformation.java:1878) [hadoop-common-3.3.1.jar:?]
	at org.apache.hadoop.ipc.Server$Handler.run(Server.java:2966) [hadoop-common-3.3.1.jar:?]
01:48:59.244 [IPC Server handler 5 on default port 43571] ERROR OMAudit - user=runner | ip=127.0.0.1 | op=READ_BUCKET {volume=volume-83920, bucket=bucket3} | ret=FAILURE
org.apache.hadoop.ozone.om.exceptions.OMException: Volume not found when getting bucket info
	at org.apache.hadoop.ozone.om.BucketManagerImpl.getBucketInfo(BucketManagerImpl.java:127) ~[ozone-manager-1.3.0-SNAPSHOT.jar:?]
	at org.apache.hadoop.ozone.om.OzoneManager.getBucketInfo(OzoneManager.java:2779) ~[ozone-manager-1.3.0-SNAPSHOT.jar:?]
	at org.apache.hadoop.ozone.protocolPB.OzoneManagerRequestHandler.infoBucket(OzoneManagerRequestHandler.java:471) ~[ozone-manager-1.3.0-SNAPSHOT.jar:?]
	at org.apache.hadoop.ozone.protocolPB.OzoneManagerRequestHandler.handleReadRequest(OzoneManagerRequestHandler.java:174) ~[ozone-manager-1.3.0-SNAPSHOT.jar:?]
	at org.apache.hadoop.ozone.protocolPB.OzoneManagerProtocolServerSideTranslatorPB.submitReadRequestToOM(OzoneManagerProtocolServerSideTranslatorPB.java:226) ~[ozone-manager-1.3.0-SNAPSHOT.jar:?]
	at org.apache.hadoop.ozone.protocolPB.OzoneManagerProtocolServerSideTranslatorPB.processRequest(OzoneManagerProtocolServerSideTranslatorPB.java:175) ~[ozone-manager-1.3.0-SNAPSHOT.jar:?]
	at org.apache.hadoop.hdds.server.OzoneProtocolMessageDispatcher.processRequest(OzoneProtocolMessageDispatcher.java:87) [hdds-server-framework-1.3.0-SNAPSHOT.jar:?]
	at org.apache.hadoop.ozone.protocolPB.OzoneManagerProtocolServerSideTranslatorPB.submitRequest(OzoneManagerProtocolServerSideTranslatorPB.java:147) [ozone-manager-1.3.0-SNAPSHOT.jar:?]
	at org.apache.hadoop.ozone.protocol.proto.OzoneManagerProtocolProtos$OzoneManagerService$2.callBlockingMethod(OzoneManagerProtocolProtos.java) [ozone-interface-client-1.3.0-SNAPSHOT.jar:?]
	at org.apache.hadoop.ipc.ProtobufRpcEngine$Server.processCall(ProtobufRpcEngine.java:466) [hadoop-common-3.3.1.jar:?]
	at org.apache.hadoop.ipc.ProtobufRpcEngine2$Server$ProtoBufRpcInvoker.call(ProtobufRpcEngine2.java:574) [hadoop-common-3.3.1.jar:?]
	at org.apache.hadoop.ipc.ProtobufRpcEngine2$Server$ProtoBufRpcInvoker.call(ProtobufRpcEngine2.java:552) [hadoop-common-3.3.1.jar:?]
	at org.apache.hadoop.ipc.RPC$Server.call(RPC.java:1093) [hadoop-common-3.3.1.jar:?]
	at org.apache.hadoop.ipc.Server$RpcCall.run(Server.java:1035) [hadoop-common-3.3.1.jar:?]
	at org.apache.hadoop.ipc.Server$RpcCall.run(Server.java:963) [hadoop-common-3.3.1.jar:?]
	at java.security.AccessController.doPrivileged(Native Method) ~[?:1.8.0_332]
	at javax.security.auth.Subject.doAs(Subject.java:422) [?:1.8.0_332]
	at org.apache.hadoop.security.UserGroupInformation.doAs(UserGroupInformation.java:1878) [hadoop-common-3.3.1.jar:?]
	at org.apache.hadoop.ipc.Server$Handler.run(Server.java:2966) [hadoop-common-3.3.1.jar:?]
2022-07-30 01:48:59,245 [Time-limited test] INFO  rpc.RpcClient (RpcClient.java:createVolume(468)) - Creating Volume: volume-83920, with runner as owner and space quota set to -1 bytes, counts quota set to -1
2022-07-30 01:48:59,246 [OM StateMachine ApplyTransaction Thread - 0] INFO  volume.OMVolumeCreateRequest (OMVolumeCreateRequest.java:validateAndUpdateCache(195)) - created volume:volume-83920 for user:runner
2022-07-30 01:48:59,247 [Time-limited test] INFO  rpc.RpcClient (RpcClient.java:createBucket(671)) - Creating Bucket: volume-83920/bucket3, with bucket layout LEGACY, runner as owner, Versioning false, Storage Type set to DISK and Encryption set to false 
2022-07-30 01:48:59,248 [OM StateMachine ApplyTransaction Thread - 0] INFO  bucket.OMBucketCreateRequest (OMBucketCreateRequest.java:validateAndUpdateCache(260)) - created bucket: bucket3 of layout LEGACY in volume: volume-83920
01:48:59.262 [IPC Server handler 12 on default port 43571] ERROR OMAudit - user=runner | ip=127.0.0.1 | op=READ_VOLUME {volume=volume-83920} | ret=FAILURE
org.apache.hadoop.ozone.om.exceptions.OMException: Volume volume-83920 is not found
	at org.apache.hadoop.ozone.om.VolumeManagerImpl.getVolumeInfo(VolumeManagerImpl.java:74) ~[ozone-manager-1.3.0-SNAPSHOT.jar:?]
	at org.apache.hadoop.ozone.om.OzoneManager.getVolumeInfo(OzoneManager.java:2603) ~[ozone-manager-1.3.0-SNAPSHOT.jar:?]
	at org.apache.hadoop.ozone.protocolPB.OzoneManagerRequestHandler.infoVolume(OzoneManagerRequestHandler.java:397) ~[ozone-manager-1.3.0-SNAPSHOT.jar:?]
	at org.apache.hadoop.ozone.protocolPB.OzoneManagerRequestHandler.handleReadRequest(OzoneManagerRequestHandler.java:164) ~[ozone-manager-1.3.0-SNAPSHOT.jar:?]
	at org.apache.hadoop.ozone.protocolPB.OzoneManagerProtocolServerSideTranslatorPB.submitReadRequestToOM(OzoneManagerProtocolServerSideTranslatorPB.java:226) ~[ozone-manager-1.3.0-SNAPSHOT.jar:?]
	at org.apache.hadoop.ozone.protocolPB.OzoneManagerProtocolServerSideTranslatorPB.processRequest(OzoneManagerProtocolServerSideTranslatorPB.java:175) ~[ozone-manager-1.3.0-SNAPSHOT.jar:?]
	at org.apache.hadoop.hdds.server.OzoneProtocolMessageDispatcher.processRequest(OzoneProtocolMessageDispatcher.java:87) [hdds-server-framework-1.3.0-SNAPSHOT.jar:?]
	at org.apache.hadoop.ozone.protocolPB.OzoneManagerProtocolServerSideTranslatorPB.submitRequest(OzoneManagerProtocolServerSideTranslatorPB.java:147) [ozone-manager-1.3.0-SNAPSHOT.jar:?]
	at org.apache.hadoop.ozone.protocol.proto.OzoneManagerProtocolProtos$OzoneManagerService$2.callBlockingMethod(OzoneManagerProtocolProtos.java) [ozone-interface-client-1.3.0-SNAPSHOT.jar:?]
	at org.apache.hadoop.ipc.ProtobufRpcEngine$Server.processCall(ProtobufRpcEngine.java:466) [hadoop-common-3.3.1.jar:?]
	at org.apache.hadoop.ipc.ProtobufRpcEngine2$Server$ProtoBufRpcInvoker.call(ProtobufRpcEngine2.java:574) [hadoop-common-3.3.1.jar:?]
	at org.apache.hadoop.ipc.ProtobufRpcEngine2$Server$ProtoBufRpcInvoker.call(ProtobufRpcEngine2.java:552) [hadoop-common-3.3.1.jar:?]
	at org.apache.hadoop.ipc.RPC$Server.call(RPC.java:1093) [hadoop-common-3.3.1.jar:?]
	at org.apache.hadoop.ipc.Server$RpcCall.run(Server.java:1035) [hadoop-common-3.3.1.jar:?]
	at org.apache.hadoop.ipc.Server$RpcCall.run(Server.java:963) [hadoop-common-3.3.1.jar:?]
	at java.security.AccessController.doPrivileged(Native Method) ~[?:1.8.0_332]
	at javax.security.auth.Subject.doAs(Subject.java:422) [?:1.8.0_332]
	at org.apache.hadoop.security.UserGroupInformation.doAs(UserGroupInformation.java:1878) [hadoop-common-3.3.1.jar:?]
	at org.apache.hadoop.ipc.Server$Handler.run(Server.java:2966) [hadoop-common-3.3.1.jar:?]
]]></system-out>
  </testcase>
  <testcase name="testDeleteVolumeBucketAndKey" classname="TestRootedOzoneFileSystem" time="0.134">
    <system-out><![CDATA[2022-07-30 01:50:11,382 [Time-limited test] INFO  rpc.RpcClient (RpcClient.java:createVolume(468)) - Creating Volume: volume77637, with user93213 as owner and space quota set to -1 bytes, counts quota set to -1
2022-07-30 01:50:11,384 [IPC Server handler 18 on default port 41659] INFO  volume.OMVolumeCreateRequest (OMVolumeCreateRequest.java:validateAndUpdateCache(195)) - created volume:volume77637 for user:user93213
2022-07-30 01:50:11,385 [Time-limited test] INFO  rpc.RpcClient (RpcClient.java:createBucket(671)) - Creating Bucket: volume77637/bucket27608, with bucket layout LEGACY, runner as owner, Versioning false, Storage Type set to DISK and Encryption set to false 
2022-07-30 01:50:11,387 [IPC Server handler 10 on default port 41659] INFO  bucket.OMBucketCreateRequest (OMBucketCreateRequest.java:validateAndUpdateCache(260)) - created bucket: bucket27608 of layout LEGACY in volume: volume77637
01:50:11.395 [IPC Server handler 15 on default port 41659] ERROR OMAudit - user=runner | ip=127.0.0.1 | op=READ_BUCKET {volume=volume-88015, bucket=bucket3} | ret=FAILURE
org.apache.hadoop.ozone.om.exceptions.OMException: Volume not found when getting bucket info
	at org.apache.hadoop.ozone.om.BucketManagerImpl.getBucketInfo(BucketManagerImpl.java:127) ~[ozone-manager-1.3.0-SNAPSHOT.jar:?]
	at org.apache.hadoop.ozone.om.OzoneManager.getBucketInfo(OzoneManager.java:2779) ~[ozone-manager-1.3.0-SNAPSHOT.jar:?]
	at org.apache.hadoop.ozone.protocolPB.OzoneManagerRequestHandler.infoBucket(OzoneManagerRequestHandler.java:471) ~[ozone-manager-1.3.0-SNAPSHOT.jar:?]
	at org.apache.hadoop.ozone.protocolPB.OzoneManagerRequestHandler.handleReadRequest(OzoneManagerRequestHandler.java:174) ~[ozone-manager-1.3.0-SNAPSHOT.jar:?]
	at org.apache.hadoop.ozone.protocolPB.OzoneManagerProtocolServerSideTranslatorPB.submitRequestDirectlyToOM(OzoneManagerProtocolServerSideTranslatorPB.java:276) ~[ozone-manager-1.3.0-SNAPSHOT.jar:?]
	at org.apache.hadoop.ozone.protocolPB.OzoneManagerProtocolServerSideTranslatorPB.processRequest(OzoneManagerProtocolServerSideTranslatorPB.java:205) ~[ozone-manager-1.3.0-SNAPSHOT.jar:?]
	at org.apache.hadoop.hdds.server.OzoneProtocolMessageDispatcher.processRequest(OzoneProtocolMessageDispatcher.java:87) [hdds-server-framework-1.3.0-SNAPSHOT.jar:?]
	at org.apache.hadoop.ozone.protocolPB.OzoneManagerProtocolServerSideTranslatorPB.submitRequest(OzoneManagerProtocolServerSideTranslatorPB.java:147) [ozone-manager-1.3.0-SNAPSHOT.jar:?]
	at org.apache.hadoop.ozone.protocol.proto.OzoneManagerProtocolProtos$OzoneManagerService$2.callBlockingMethod(OzoneManagerProtocolProtos.java) [ozone-interface-client-1.3.0-SNAPSHOT.jar:?]
	at org.apache.hadoop.ipc.ProtobufRpcEngine$Server.processCall(ProtobufRpcEngine.java:466) [hadoop-common-3.3.1.jar:?]
	at org.apache.hadoop.ipc.ProtobufRpcEngine2$Server$ProtoBufRpcInvoker.call(ProtobufRpcEngine2.java:574) [hadoop-common-3.3.1.jar:?]
	at org.apache.hadoop.ipc.ProtobufRpcEngine2$Server$ProtoBufRpcInvoker.call(ProtobufRpcEngine2.java:552) [hadoop-common-3.3.1.jar:?]
	at org.apache.hadoop.ipc.RPC$Server.call(RPC.java:1093) [hadoop-common-3.3.1.jar:?]
	at org.apache.hadoop.ipc.Server$RpcCall.run(Server.java:1035) [hadoop-common-3.3.1.jar:?]
	at org.apache.hadoop.ipc.Server$RpcCall.run(Server.java:963) [hadoop-common-3.3.1.jar:?]
	at java.security.AccessController.doPrivileged(Native Method) ~[?:1.8.0_332]
	at javax.security.auth.Subject.doAs(Subject.java:422) [?:1.8.0_332]
	at org.apache.hadoop.security.UserGroupInformation.doAs(UserGroupInformation.java:1878) [hadoop-common-3.3.1.jar:?]
	at org.apache.hadoop.ipc.Server$Handler.run(Server.java:2966) [hadoop-common-3.3.1.jar:?]
2022-07-30 01:50:11,396 [Time-limited test] INFO  rpc.RpcClient (RpcClient.java:createVolume(468)) - Creating Volume: volume-88015, with runner as owner and space quota set to -1 bytes, counts quota set to -1
2022-07-30 01:50:11,396 [IPC Server handler 14 on default port 41659] INFO  volume.OMVolumeCreateRequest (OMVolumeCreateRequest.java:validateAndUpdateCache(195)) - created volume:volume-88015 for user:runner
2022-07-30 01:50:11,400 [Time-limited test] INFO  rpc.RpcClient (RpcClient.java:createBucket(671)) - Creating Bucket: volume-88015/bucket3, with bucket layout LEGACY, runner as owner, Versioning false, Storage Type set to DISK and Encryption set to false 
2022-07-30 01:50:11,401 [IPC Server handler 12 on default port 41659] INFO  bucket.OMBucketCreateRequest (OMBucketCreateRequest.java:validateAndUpdateCache(260)) - created bucket: bucket3 of layout LEGACY in volume: volume-88015
01:50:11.404 [IPC Server handler 1 on default port 41659] ERROR OMAudit - user=runner | ip=127.0.0.1 | op=DELETE_VOLUME {volume=volume-88015} | ret=FAILURE
org.apache.hadoop.ozone.om.exceptions.OMException: null
	at org.apache.hadoop.ozone.om.request.volume.OMVolumeDeleteRequest.validateAndUpdateCache(OMVolumeDeleteRequest.java:122) ~[ozone-manager-1.3.0-SNAPSHOT.jar:?]
	at org.apache.hadoop.ozone.protocolPB.OzoneManagerRequestHandler.handleWriteRequest(OzoneManagerRequestHandler.java:300) ~[ozone-manager-1.3.0-SNAPSHOT.jar:?]
	at org.apache.hadoop.ozone.protocolPB.OzoneManagerProtocolServerSideTranslatorPB.submitRequestDirectlyToOM(OzoneManagerProtocolServerSideTranslatorPB.java:282) ~[ozone-manager-1.3.0-SNAPSHOT.jar:?]
	at org.apache.hadoop.ozone.protocolPB.OzoneManagerProtocolServerSideTranslatorPB.processRequest(OzoneManagerProtocolServerSideTranslatorPB.java:205) ~[ozone-manager-1.3.0-SNAPSHOT.jar:?]
	at org.apache.hadoop.hdds.server.OzoneProtocolMessageDispatcher.processRequest(OzoneProtocolMessageDispatcher.java:87) [hdds-server-framework-1.3.0-SNAPSHOT.jar:?]
	at org.apache.hadoop.ozone.protocolPB.OzoneManagerProtocolServerSideTranslatorPB.submitRequest(OzoneManagerProtocolServerSideTranslatorPB.java:147) [ozone-manager-1.3.0-SNAPSHOT.jar:?]
	at org.apache.hadoop.ozone.protocol.proto.OzoneManagerProtocolProtos$OzoneManagerService$2.callBlockingMethod(OzoneManagerProtocolProtos.java) [ozone-interface-client-1.3.0-SNAPSHOT.jar:?]
	at org.apache.hadoop.ipc.ProtobufRpcEngine$Server.processCall(ProtobufRpcEngine.java:466) [hadoop-common-3.3.1.jar:?]
	at org.apache.hadoop.ipc.ProtobufRpcEngine2$Server$ProtoBufRpcInvoker.call(ProtobufRpcEngine2.java:574) [hadoop-common-3.3.1.jar:?]
	at org.apache.hadoop.ipc.ProtobufRpcEngine2$Server$ProtoBufRpcInvoker.call(ProtobufRpcEngine2.java:552) [hadoop-common-3.3.1.jar:?]
	at org.apache.hadoop.ipc.RPC$Server.call(RPC.java:1093) [hadoop-common-3.3.1.jar:?]
	at org.apache.hadoop.ipc.Server$RpcCall.run(Server.java:1035) [hadoop-common-3.3.1.jar:?]
	at org.apache.hadoop.ipc.Server$RpcCall.run(Server.java:963) [hadoop-common-3.3.1.jar:?]
	at java.security.AccessController.doPrivileged(Native Method) ~[?:1.8.0_332]
	at javax.security.auth.Subject.doAs(Subject.java:422) [?:1.8.0_332]
	at org.apache.hadoop.security.UserGroupInformation.doAs(UserGroupInformation.java:1878) [hadoop-common-3.3.1.jar:?]
	at org.apache.hadoop.ipc.Server$Handler.run(Server.java:2966) [hadoop-common-3.3.1.jar:?]
2022-07-30 01:50:11,405 [IPC Server handler 1 on default port 41659] ERROR volume.OMVolumeDeleteRequest (OMVolumeDeleteRequest.java:validateAndUpdateCache(170)) - Volume deletion failed for user:runner volume:volume-88015
VOLUME_NOT_EMPTY org.apache.hadoop.ozone.om.exceptions.OMException
	at org.apache.hadoop.ozone.om.request.volume.OMVolumeDeleteRequest.validateAndUpdateCache(OMVolumeDeleteRequest.java:122)
	at org.apache.hadoop.ozone.protocolPB.OzoneManagerRequestHandler.handleWriteRequest(OzoneManagerRequestHandler.java:300)
	at org.apache.hadoop.ozone.protocolPB.OzoneManagerProtocolServerSideTranslatorPB.submitRequestDirectlyToOM(OzoneManagerProtocolServerSideTranslatorPB.java:282)
	at org.apache.hadoop.ozone.protocolPB.OzoneManagerProtocolServerSideTranslatorPB.processRequest(OzoneManagerProtocolServerSideTranslatorPB.java:205)
	at org.apache.hadoop.hdds.server.OzoneProtocolMessageDispatcher.processRequest(OzoneProtocolMessageDispatcher.java:87)
	at org.apache.hadoop.ozone.protocolPB.OzoneManagerProtocolServerSideTranslatorPB.submitRequest(OzoneManagerProtocolServerSideTranslatorPB.java:147)
	at org.apache.hadoop.ozone.protocol.proto.OzoneManagerProtocolProtos$OzoneManagerService$2.callBlockingMethod(OzoneManagerProtocolProtos.java)
	at org.apache.hadoop.ipc.ProtobufRpcEngine$Server.processCall(ProtobufRpcEngine.java:466)
	at org.apache.hadoop.ipc.ProtobufRpcEngine2$Server$ProtoBufRpcInvoker.call(ProtobufRpcEngine2.java:574)
	at org.apache.hadoop.ipc.ProtobufRpcEngine2$Server$ProtoBufRpcInvoker.call(ProtobufRpcEngine2.java:552)
	at org.apache.hadoop.ipc.RPC$Server.call(RPC.java:1093)
	at org.apache.hadoop.ipc.Server$RpcCall.run(Server.java:1035)
	at org.apache.hadoop.ipc.Server$RpcCall.run(Server.java:963)
	at java.security.AccessController.doPrivileged(Native Method)
	at javax.security.auth.Subject.doAs(Subject.java:422)
	at org.apache.hadoop.security.UserGroupInformation.doAs(UserGroupInformation.java:1878)
	at org.apache.hadoop.ipc.Server$Handler.run(Server.java:2966)
01:50:11.429 [IPC Server handler 3 on default port 41659] ERROR OMAudit - user=runner | ip=127.0.0.1 | op=READ_VOLUME {volume=volume-88015} | ret=FAILURE
org.apache.hadoop.ozone.om.exceptions.OMException: Volume volume-88015 is not found
	at org.apache.hadoop.ozone.om.VolumeManagerImpl.getVolumeInfo(VolumeManagerImpl.java:74) ~[ozone-manager-1.3.0-SNAPSHOT.jar:?]
	at org.apache.hadoop.ozone.om.OzoneManager.getVolumeInfo(OzoneManager.java:2603) ~[ozone-manager-1.3.0-SNAPSHOT.jar:?]
	at org.apache.hadoop.ozone.protocolPB.OzoneManagerRequestHandler.infoVolume(OzoneManagerRequestHandler.java:397) ~[ozone-manager-1.3.0-SNAPSHOT.jar:?]
	at org.apache.hadoop.ozone.protocolPB.OzoneManagerRequestHandler.handleReadRequest(OzoneManagerRequestHandler.java:164) ~[ozone-manager-1.3.0-SNAPSHOT.jar:?]
	at org.apache.hadoop.ozone.protocolPB.OzoneManagerProtocolServerSideTranslatorPB.submitRequestDirectlyToOM(OzoneManagerProtocolServerSideTranslatorPB.java:276) ~[ozone-manager-1.3.0-SNAPSHOT.jar:?]
	at org.apache.hadoop.ozone.protocolPB.OzoneManagerProtocolServerSideTranslatorPB.processRequest(OzoneManagerProtocolServerSideTranslatorPB.java:205) ~[ozone-manager-1.3.0-SNAPSHOT.jar:?]
	at org.apache.hadoop.hdds.server.OzoneProtocolMessageDispatcher.processRequest(OzoneProtocolMessageDispatcher.java:87) [hdds-server-framework-1.3.0-SNAPSHOT.jar:?]
	at org.apache.hadoop.ozone.protocolPB.OzoneManagerProtocolServerSideTranslatorPB.submitRequest(OzoneManagerProtocolServerSideTranslatorPB.java:147) [ozone-manager-1.3.0-SNAPSHOT.jar:?]
	at org.apache.hadoop.ozone.protocol.proto.OzoneManagerProtocolProtos$OzoneManagerService$2.callBlockingMethod(OzoneManagerProtocolProtos.java) [ozone-interface-client-1.3.0-SNAPSHOT.jar:?]
	at org.apache.hadoop.ipc.ProtobufRpcEngine$Server.processCall(ProtobufRpcEngine.java:466) [hadoop-common-3.3.1.jar:?]
	at org.apache.hadoop.ipc.ProtobufRpcEngine2$Server$ProtoBufRpcInvoker.call(ProtobufRpcEngine2.java:574) [hadoop-common-3.3.1.jar:?]
	at org.apache.hadoop.ipc.ProtobufRpcEngine2$Server$ProtoBufRpcInvoker.call(ProtobufRpcEngine2.java:552) [hadoop-common-3.3.1.jar:?]
	at org.apache.hadoop.ipc.RPC$Server.call(RPC.java:1093) [hadoop-common-3.3.1.jar:?]
	at org.apache.hadoop.ipc.Server$RpcCall.run(Server.java:1035) [hadoop-common-3.3.1.jar:?]
	at org.apache.hadoop.ipc.Server$RpcCall.run(Server.java:963) [hadoop-common-3.3.1.jar:?]
	at java.security.AccessController.doPrivileged(Native Method) ~[?:1.8.0_332]
	at javax.security.auth.Subject.doAs(Subject.java:422) [?:1.8.0_332]
	at org.apache.hadoop.security.UserGroupInformation.doAs(UserGroupInformation.java:1878) [hadoop-common-3.3.1.jar:?]
	at org.apache.hadoop.ipc.Server$Handler.run(Server.java:2966) [hadoop-common-3.3.1.jar:?]
01:50:11.429 [IPC Server handler 4 on default port 41659] ERROR OMAudit - user=runner | ip=127.0.0.1 | op=READ_BUCKET {volume=volume-88015, bucket=bucket3} | ret=FAILURE
org.apache.hadoop.ozone.om.exceptions.OMException: Volume not found when getting bucket info
	at org.apache.hadoop.ozone.om.BucketManagerImpl.getBucketInfo(BucketManagerImpl.java:127) ~[ozone-manager-1.3.0-SNAPSHOT.jar:?]
	at org.apache.hadoop.ozone.om.OzoneManager.getBucketInfo(OzoneManager.java:2779) ~[ozone-manager-1.3.0-SNAPSHOT.jar:?]
	at org.apache.hadoop.ozone.protocolPB.OzoneManagerRequestHandler.infoBucket(OzoneManagerRequestHandler.java:471) ~[ozone-manager-1.3.0-SNAPSHOT.jar:?]
	at org.apache.hadoop.ozone.protocolPB.OzoneManagerRequestHandler.handleReadRequest(OzoneManagerRequestHandler.java:174) ~[ozone-manager-1.3.0-SNAPSHOT.jar:?]
	at org.apache.hadoop.ozone.protocolPB.OzoneManagerProtocolServerSideTranslatorPB.submitRequestDirectlyToOM(OzoneManagerProtocolServerSideTranslatorPB.java:276) ~[ozone-manager-1.3.0-SNAPSHOT.jar:?]
	at org.apache.hadoop.ozone.protocolPB.OzoneManagerProtocolServerSideTranslatorPB.processRequest(OzoneManagerProtocolServerSideTranslatorPB.java:205) ~[ozone-manager-1.3.0-SNAPSHOT.jar:?]
	at org.apache.hadoop.hdds.server.OzoneProtocolMessageDispatcher.processRequest(OzoneProtocolMessageDispatcher.java:87) [hdds-server-framework-1.3.0-SNAPSHOT.jar:?]
	at org.apache.hadoop.ozone.protocolPB.OzoneManagerProtocolServerSideTranslatorPB.submitRequest(OzoneManagerProtocolServerSideTranslatorPB.java:147) [ozone-manager-1.3.0-SNAPSHOT.jar:?]
	at org.apache.hadoop.ozone.protocol.proto.OzoneManagerProtocolProtos$OzoneManagerService$2.callBlockingMethod(OzoneManagerProtocolProtos.java) [ozone-interface-client-1.3.0-SNAPSHOT.jar:?]
	at org.apache.hadoop.ipc.ProtobufRpcEngine$Server.processCall(ProtobufRpcEngine.java:466) [hadoop-common-3.3.1.jar:?]
	at org.apache.hadoop.ipc.ProtobufRpcEngine2$Server$ProtoBufRpcInvoker.call(ProtobufRpcEngine2.java:574) [hadoop-common-3.3.1.jar:?]
	at org.apache.hadoop.ipc.ProtobufRpcEngine2$Server$ProtoBufRpcInvoker.call(ProtobufRpcEngine2.java:552) [hadoop-common-3.3.1.jar:?]
	at org.apache.hadoop.ipc.RPC$Server.call(RPC.java:1093) [hadoop-common-3.3.1.jar:?]
	at org.apache.hadoop.ipc.Server$RpcCall.run(Server.java:1035) [hadoop-common-3.3.1.jar:?]
	at org.apache.hadoop.ipc.Server$RpcCall.run(Server.java:963) [hadoop-common-3.3.1.jar:?]
	at java.security.AccessController.doPrivileged(Native Method) ~[?:1.8.0_332]
	at javax.security.auth.Subject.doAs(Subject.java:422) [?:1.8.0_332]
	at org.apache.hadoop.security.UserGroupInformation.doAs(UserGroupInformation.java:1878) [hadoop-common-3.3.1.jar:?]
	at org.apache.hadoop.ipc.Server$Handler.run(Server.java:2966) [hadoop-common-3.3.1.jar:?]
2022-07-30 01:50:11,430 [Time-limited test] INFO  rpc.RpcClient (RpcClient.java:createVolume(468)) - Creating Volume: volume-88015, with runner as owner and space quota set to -1 bytes, counts quota set to -1
2022-07-30 01:50:11,431 [IPC Server handler 8 on default port 41659] INFO  volume.OMVolumeCreateRequest (OMVolumeCreateRequest.java:validateAndUpdateCache(195)) - created volume:volume-88015 for user:runner
2022-07-30 01:50:11,432 [Time-limited test] INFO  rpc.RpcClient (RpcClient.java:createBucket(671)) - Creating Bucket: volume-88015/bucket3, with bucket layout LEGACY, runner as owner, Versioning false, Storage Type set to DISK and Encryption set to false 
2022-07-30 01:50:11,433 [IPC Server handler 5 on default port 41659] INFO  bucket.OMBucketCreateRequest (OMBucketCreateRequest.java:validateAndUpdateCache(260)) - created bucket: bucket3 of layout LEGACY in volume: volume-88015
01:50:11.455 [IPC Server handler 18 on default port 41659] ERROR OMAudit - user=runner | ip=127.0.0.1 | op=READ_VOLUME {volume=volume-88015} | ret=FAILURE
org.apache.hadoop.ozone.om.exceptions.OMException: Volume volume-88015 is not found
	at org.apache.hadoop.ozone.om.VolumeManagerImpl.getVolumeInfo(VolumeManagerImpl.java:74) ~[ozone-manager-1.3.0-SNAPSHOT.jar:?]
	at org.apache.hadoop.ozone.om.OzoneManager.getVolumeInfo(OzoneManager.java:2603) ~[ozone-manager-1.3.0-SNAPSHOT.jar:?]
	at org.apache.hadoop.ozone.protocolPB.OzoneManagerRequestHandler.infoVolume(OzoneManagerRequestHandler.java:397) ~[ozone-manager-1.3.0-SNAPSHOT.jar:?]
	at org.apache.hadoop.ozone.protocolPB.OzoneManagerRequestHandler.handleReadRequest(OzoneManagerRequestHandler.java:164) ~[ozone-manager-1.3.0-SNAPSHOT.jar:?]
	at org.apache.hadoop.ozone.protocolPB.OzoneManagerProtocolServerSideTranslatorPB.submitRequestDirectlyToOM(OzoneManagerProtocolServerSideTranslatorPB.java:276) ~[ozone-manager-1.3.0-SNAPSHOT.jar:?]
	at org.apache.hadoop.ozone.protocolPB.OzoneManagerProtocolServerSideTranslatorPB.processRequest(OzoneManagerProtocolServerSideTranslatorPB.java:205) ~[ozone-manager-1.3.0-SNAPSHOT.jar:?]
	at org.apache.hadoop.hdds.server.OzoneProtocolMessageDispatcher.processRequest(OzoneProtocolMessageDispatcher.java:87) [hdds-server-framework-1.3.0-SNAPSHOT.jar:?]
	at org.apache.hadoop.ozone.protocolPB.OzoneManagerProtocolServerSideTranslatorPB.submitRequest(OzoneManagerProtocolServerSideTranslatorPB.java:147) [ozone-manager-1.3.0-SNAPSHOT.jar:?]
	at org.apache.hadoop.ozone.protocol.proto.OzoneManagerProtocolProtos$OzoneManagerService$2.callBlockingMethod(OzoneManagerProtocolProtos.java) [ozone-interface-client-1.3.0-SNAPSHOT.jar:?]
	at org.apache.hadoop.ipc.ProtobufRpcEngine$Server.processCall(ProtobufRpcEngine.java:466) [hadoop-common-3.3.1.jar:?]
	at org.apache.hadoop.ipc.ProtobufRpcEngine2$Server$ProtoBufRpcInvoker.call(ProtobufRpcEngine2.java:574) [hadoop-common-3.3.1.jar:?]
	at org.apache.hadoop.ipc.ProtobufRpcEngine2$Server$ProtoBufRpcInvoker.call(ProtobufRpcEngine2.java:552) [hadoop-common-3.3.1.jar:?]
	at org.apache.hadoop.ipc.RPC$Server.call(RPC.java:1093) [hadoop-common-3.3.1.jar:?]
	at org.apache.hadoop.ipc.Server$RpcCall.run(Server.java:1035) [hadoop-common-3.3.1.jar:?]
	at org.apache.hadoop.ipc.Server$RpcCall.run(Server.java:963) [hadoop-common-3.3.1.jar:?]
	at java.security.AccessController.doPrivileged(Native Method) ~[?:1.8.0_332]
	at javax.security.auth.Subject.doAs(Subject.java:422) [?:1.8.0_332]
	at org.apache.hadoop.security.UserGroupInformation.doAs(UserGroupInformation.java:1878) [hadoop-common-3.3.1.jar:?]
	at org.apache.hadoop.ipc.Server$Handler.run(Server.java:2966) [hadoop-common-3.3.1.jar:?]
]]></system-out>
  </testcase>
  <testcase name="testDeleteVolumeBucketAndKey" classname="TestRootedOzoneFileSystem" time="0.222">
    <system-out><![CDATA[2022-07-30 01:51:32,930 [Time-limited test] INFO  rpc.RpcClient (RpcClient.java:createVolume(468)) - Creating Volume: volume00553, with user89481 as owner and space quota set to -1 bytes, counts quota set to -1
2022-07-30 01:51:32,947 [OM StateMachine ApplyTransaction Thread - 0] INFO  volume.OMVolumeCreateRequest (OMVolumeCreateRequest.java:validateAndUpdateCache(195)) - created volume:volume00553 for user:user89481
2022-07-30 01:51:32,949 [Time-limited test] INFO  rpc.RpcClient (RpcClient.java:createBucket(671)) - Creating Bucket: volume00553/bucket17057, with bucket layout LEGACY, runner as owner, Versioning false, Storage Type set to DISK and Encryption set to false 
2022-07-30 01:51:32,950 [OM StateMachine ApplyTransaction Thread - 0] INFO  bucket.OMBucketCreateRequest (OMBucketCreateRequest.java:validateAndUpdateCache(260)) - created bucket: bucket17057 of layout LEGACY in volume: volume00553
01:51:32.952 [IPC Server handler 8 on default port 42455] ERROR OMAudit - user=runner | ip=127.0.0.1 | op=READ_BUCKET {volume=volume-06532, bucket=bucket3} | ret=FAILURE
org.apache.hadoop.ozone.om.exceptions.OMException: Volume not found when getting bucket info
	at org.apache.hadoop.ozone.om.BucketManagerImpl.getBucketInfo(BucketManagerImpl.java:127) ~[ozone-manager-1.3.0-SNAPSHOT.jar:?]
	at org.apache.hadoop.ozone.om.OzoneManager.getBucketInfo(OzoneManager.java:2779) ~[ozone-manager-1.3.0-SNAPSHOT.jar:?]
	at org.apache.hadoop.ozone.protocolPB.OzoneManagerRequestHandler.infoBucket(OzoneManagerRequestHandler.java:471) ~[ozone-manager-1.3.0-SNAPSHOT.jar:?]
	at org.apache.hadoop.ozone.protocolPB.OzoneManagerRequestHandler.handleReadRequest(OzoneManagerRequestHandler.java:174) ~[ozone-manager-1.3.0-SNAPSHOT.jar:?]
	at org.apache.hadoop.ozone.protocolPB.OzoneManagerProtocolServerSideTranslatorPB.submitReadRequestToOM(OzoneManagerProtocolServerSideTranslatorPB.java:226) ~[ozone-manager-1.3.0-SNAPSHOT.jar:?]
	at org.apache.hadoop.ozone.protocolPB.OzoneManagerProtocolServerSideTranslatorPB.processRequest(OzoneManagerProtocolServerSideTranslatorPB.java:175) ~[ozone-manager-1.3.0-SNAPSHOT.jar:?]
	at org.apache.hadoop.hdds.server.OzoneProtocolMessageDispatcher.processRequest(OzoneProtocolMessageDispatcher.java:87) [hdds-server-framework-1.3.0-SNAPSHOT.jar:?]
	at org.apache.hadoop.ozone.protocolPB.OzoneManagerProtocolServerSideTranslatorPB.submitRequest(OzoneManagerProtocolServerSideTranslatorPB.java:147) [ozone-manager-1.3.0-SNAPSHOT.jar:?]
	at org.apache.hadoop.ozone.protocol.proto.OzoneManagerProtocolProtos$OzoneManagerService$2.callBlockingMethod(OzoneManagerProtocolProtos.java) [ozone-interface-client-1.3.0-SNAPSHOT.jar:?]
	at org.apache.hadoop.ipc.ProtobufRpcEngine$Server.processCall(ProtobufRpcEngine.java:466) [hadoop-common-3.3.1.jar:?]
	at org.apache.hadoop.ipc.ProtobufRpcEngine2$Server$ProtoBufRpcInvoker.call(ProtobufRpcEngine2.java:574) [hadoop-common-3.3.1.jar:?]
	at org.apache.hadoop.ipc.ProtobufRpcEngine2$Server$ProtoBufRpcInvoker.call(ProtobufRpcEngine2.java:552) [hadoop-common-3.3.1.jar:?]
	at org.apache.hadoop.ipc.RPC$Server.call(RPC.java:1093) [hadoop-common-3.3.1.jar:?]
	at org.apache.hadoop.ipc.Server$RpcCall.run(Server.java:1035) [hadoop-common-3.3.1.jar:?]
	at org.apache.hadoop.ipc.Server$RpcCall.run(Server.java:963) [hadoop-common-3.3.1.jar:?]
	at java.security.AccessController.doPrivileged(Native Method) ~[?:1.8.0_332]
	at javax.security.auth.Subject.doAs(Subject.java:422) [?:1.8.0_332]
	at org.apache.hadoop.security.UserGroupInformation.doAs(UserGroupInformation.java:1878) [hadoop-common-3.3.1.jar:?]
	at org.apache.hadoop.ipc.Server$Handler.run(Server.java:2966) [hadoop-common-3.3.1.jar:?]
2022-07-30 01:51:32,952 [Time-limited test] INFO  rpc.RpcClient (RpcClient.java:createVolume(468)) - Creating Volume: volume-06532, with runner as owner and space quota set to -1 bytes, counts quota set to -1
2022-07-30 01:51:32,956 [OM StateMachine ApplyTransaction Thread - 0] INFO  volume.OMVolumeCreateRequest (OMVolumeCreateRequest.java:validateAndUpdateCache(195)) - created volume:volume-06532 for user:runner
2022-07-30 01:51:32,957 [Time-limited test] INFO  rpc.RpcClient (RpcClient.java:createBucket(671)) - Creating Bucket: volume-06532/bucket3, with bucket layout LEGACY, runner as owner, Versioning false, Storage Type set to DISK and Encryption set to false 
2022-07-30 01:51:32,958 [OM StateMachine ApplyTransaction Thread - 0] INFO  bucket.OMBucketCreateRequest (OMBucketCreateRequest.java:validateAndUpdateCache(260)) - created bucket: bucket3 of layout LEGACY in volume: volume-06532
01:51:32.964 [OM StateMachine ApplyTransaction Thread - 0] ERROR OMAudit - user=runner | ip=127.0.0.1 | op=DELETE_VOLUME {volume=volume-06532} | ret=FAILURE
org.apache.hadoop.ozone.om.exceptions.OMException: null
	at org.apache.hadoop.ozone.om.request.volume.OMVolumeDeleteRequest.validateAndUpdateCache(OMVolumeDeleteRequest.java:122) ~[ozone-manager-1.3.0-SNAPSHOT.jar:?]
	at org.apache.hadoop.ozone.protocolPB.OzoneManagerRequestHandler.handleWriteRequest(OzoneManagerRequestHandler.java:300) ~[ozone-manager-1.3.0-SNAPSHOT.jar:?]
	at org.apache.hadoop.ozone.om.ratis.OzoneManagerStateMachine.runCommand(OzoneManagerStateMachine.java:529) ~[ozone-manager-1.3.0-SNAPSHOT.jar:?]
	at org.apache.hadoop.ozone.om.ratis.OzoneManagerStateMachine.lambda$1(OzoneManagerStateMachine.java:324) ~[ozone-manager-1.3.0-SNAPSHOT.jar:?]
	at java.util.concurrent.CompletableFuture$AsyncSupply.run(CompletableFuture.java:1604) [?:1.8.0_332]
	at java.util.concurrent.ThreadPoolExecutor.runWorker(ThreadPoolExecutor.java:1149) [?:1.8.0_332]
	at java.util.concurrent.ThreadPoolExecutor$Worker.run(ThreadPoolExecutor.java:624) [?:1.8.0_332]
	at java.lang.Thread.run(Thread.java:750) [?:1.8.0_332]
2022-07-30 01:51:32,964 [OM StateMachine ApplyTransaction Thread - 0] ERROR volume.OMVolumeDeleteRequest (OMVolumeDeleteRequest.java:validateAndUpdateCache(170)) - Volume deletion failed for user:runner volume:volume-06532
VOLUME_NOT_EMPTY org.apache.hadoop.ozone.om.exceptions.OMException
	at org.apache.hadoop.ozone.om.request.volume.OMVolumeDeleteRequest.validateAndUpdateCache(OMVolumeDeleteRequest.java:122)
	at org.apache.hadoop.ozone.protocolPB.OzoneManagerRequestHandler.handleWriteRequest(OzoneManagerRequestHandler.java:300)
	at org.apache.hadoop.ozone.om.ratis.OzoneManagerStateMachine.runCommand(OzoneManagerStateMachine.java:529)
	at org.apache.hadoop.ozone.om.ratis.OzoneManagerStateMachine.lambda$1(OzoneManagerStateMachine.java:324)
	at java.util.concurrent.CompletableFuture$AsyncSupply.run(CompletableFuture.java:1604)
	at java.util.concurrent.ThreadPoolExecutor.runWorker(ThreadPoolExecutor.java:1149)
	at java.util.concurrent.ThreadPoolExecutor$Worker.run(ThreadPoolExecutor.java:624)
	at java.lang.Thread.run(Thread.java:750)
01:51:33.020 [IPC Server handler 17 on default port 42455] ERROR OMAudit - user=runner | ip=127.0.0.1 | op=READ_VOLUME {volume=volume-06532} | ret=FAILURE
org.apache.hadoop.ozone.om.exceptions.OMException: Volume volume-06532 is not found
	at org.apache.hadoop.ozone.om.VolumeManagerImpl.getVolumeInfo(VolumeManagerImpl.java:74) ~[ozone-manager-1.3.0-SNAPSHOT.jar:?]
	at org.apache.hadoop.ozone.om.OzoneManager.getVolumeInfo(OzoneManager.java:2603) ~[ozone-manager-1.3.0-SNAPSHOT.jar:?]
	at org.apache.hadoop.ozone.protocolPB.OzoneManagerRequestHandler.infoVolume(OzoneManagerRequestHandler.java:397) ~[ozone-manager-1.3.0-SNAPSHOT.jar:?]
	at org.apache.hadoop.ozone.protocolPB.OzoneManagerRequestHandler.handleReadRequest(OzoneManagerRequestHandler.java:164) ~[ozone-manager-1.3.0-SNAPSHOT.jar:?]
	at org.apache.hadoop.ozone.protocolPB.OzoneManagerProtocolServerSideTranslatorPB.submitReadRequestToOM(OzoneManagerProtocolServerSideTranslatorPB.java:226) ~[ozone-manager-1.3.0-SNAPSHOT.jar:?]
	at org.apache.hadoop.ozone.protocolPB.OzoneManagerProtocolServerSideTranslatorPB.processRequest(OzoneManagerProtocolServerSideTranslatorPB.java:175) ~[ozone-manager-1.3.0-SNAPSHOT.jar:?]
	at org.apache.hadoop.hdds.server.OzoneProtocolMessageDispatcher.processRequest(OzoneProtocolMessageDispatcher.java:87) [hdds-server-framework-1.3.0-SNAPSHOT.jar:?]
	at org.apache.hadoop.ozone.protocolPB.OzoneManagerProtocolServerSideTranslatorPB.submitRequest(OzoneManagerProtocolServerSideTranslatorPB.java:147) [ozone-manager-1.3.0-SNAPSHOT.jar:?]
	at org.apache.hadoop.ozone.protocol.proto.OzoneManagerProtocolProtos$OzoneManagerService$2.callBlockingMethod(OzoneManagerProtocolProtos.java) [ozone-interface-client-1.3.0-SNAPSHOT.jar:?]
	at org.apache.hadoop.ipc.ProtobufRpcEngine$Server.processCall(ProtobufRpcEngine.java:466) [hadoop-common-3.3.1.jar:?]
	at org.apache.hadoop.ipc.ProtobufRpcEngine2$Server$ProtoBufRpcInvoker.call(ProtobufRpcEngine2.java:574) [hadoop-common-3.3.1.jar:?]
	at org.apache.hadoop.ipc.ProtobufRpcEngine2$Server$ProtoBufRpcInvoker.call(ProtobufRpcEngine2.java:552) [hadoop-common-3.3.1.jar:?]
	at org.apache.hadoop.ipc.RPC$Server.call(RPC.java:1093) [hadoop-common-3.3.1.jar:?]
	at org.apache.hadoop.ipc.Server$RpcCall.run(Server.java:1035) [hadoop-common-3.3.1.jar:?]
	at org.apache.hadoop.ipc.Server$RpcCall.run(Server.java:963) [hadoop-common-3.3.1.jar:?]
	at java.security.AccessController.doPrivileged(Native Method) ~[?:1.8.0_332]
	at javax.security.auth.Subject.doAs(Subject.java:422) [?:1.8.0_332]
	at org.apache.hadoop.security.UserGroupInformation.doAs(UserGroupInformation.java:1878) [hadoop-common-3.3.1.jar:?]
	at org.apache.hadoop.ipc.Server$Handler.run(Server.java:2966) [hadoop-common-3.3.1.jar:?]
01:51:33.021 [IPC Server handler 19 on default port 42455] ERROR OMAudit - user=runner | ip=127.0.0.1 | op=READ_BUCKET {volume=volume-06532, bucket=bucket3} | ret=FAILURE
org.apache.hadoop.ozone.om.exceptions.OMException: Volume not found when getting bucket info
	at org.apache.hadoop.ozone.om.BucketManagerImpl.getBucketInfo(BucketManagerImpl.java:127) ~[ozone-manager-1.3.0-SNAPSHOT.jar:?]
	at org.apache.hadoop.ozone.om.OzoneManager.getBucketInfo(OzoneManager.java:2779) ~[ozone-manager-1.3.0-SNAPSHOT.jar:?]
	at org.apache.hadoop.ozone.protocolPB.OzoneManagerRequestHandler.infoBucket(OzoneManagerRequestHandler.java:471) ~[ozone-manager-1.3.0-SNAPSHOT.jar:?]
	at org.apache.hadoop.ozone.protocolPB.OzoneManagerRequestHandler.handleReadRequest(OzoneManagerRequestHandler.java:174) ~[ozone-manager-1.3.0-SNAPSHOT.jar:?]
	at org.apache.hadoop.ozone.protocolPB.OzoneManagerProtocolServerSideTranslatorPB.submitReadRequestToOM(OzoneManagerProtocolServerSideTranslatorPB.java:226) ~[ozone-manager-1.3.0-SNAPSHOT.jar:?]
	at org.apache.hadoop.ozone.protocolPB.OzoneManagerProtocolServerSideTranslatorPB.processRequest(OzoneManagerProtocolServerSideTranslatorPB.java:175) ~[ozone-manager-1.3.0-SNAPSHOT.jar:?]
	at org.apache.hadoop.hdds.server.OzoneProtocolMessageDispatcher.processRequest(OzoneProtocolMessageDispatcher.java:87) [hdds-server-framework-1.3.0-SNAPSHOT.jar:?]
	at org.apache.hadoop.ozone.protocolPB.OzoneManagerProtocolServerSideTranslatorPB.submitRequest(OzoneManagerProtocolServerSideTranslatorPB.java:147) [ozone-manager-1.3.0-SNAPSHOT.jar:?]
	at org.apache.hadoop.ozone.protocol.proto.OzoneManagerProtocolProtos$OzoneManagerService$2.callBlockingMethod(OzoneManagerProtocolProtos.java) [ozone-interface-client-1.3.0-SNAPSHOT.jar:?]
	at org.apache.hadoop.ipc.ProtobufRpcEngine$Server.processCall(ProtobufRpcEngine.java:466) [hadoop-common-3.3.1.jar:?]
	at org.apache.hadoop.ipc.ProtobufRpcEngine2$Server$ProtoBufRpcInvoker.call(ProtobufRpcEngine2.java:574) [hadoop-common-3.3.1.jar:?]
	at org.apache.hadoop.ipc.ProtobufRpcEngine2$Server$ProtoBufRpcInvoker.call(ProtobufRpcEngine2.java:552) [hadoop-common-3.3.1.jar:?]
	at org.apache.hadoop.ipc.RPC$Server.call(RPC.java:1093) [hadoop-common-3.3.1.jar:?]
	at org.apache.hadoop.ipc.Server$RpcCall.run(Server.java:1035) [hadoop-common-3.3.1.jar:?]
	at org.apache.hadoop.ipc.Server$RpcCall.run(Server.java:963) [hadoop-common-3.3.1.jar:?]
	at java.security.AccessController.doPrivileged(Native Method) ~[?:1.8.0_332]
	at javax.security.auth.Subject.doAs(Subject.java:422) [?:1.8.0_332]
	at org.apache.hadoop.security.UserGroupInformation.doAs(UserGroupInformation.java:1878) [hadoop-common-3.3.1.jar:?]
	at org.apache.hadoop.ipc.Server$Handler.run(Server.java:2966) [hadoop-common-3.3.1.jar:?]
2022-07-30 01:51:33,022 [Time-limited test] INFO  rpc.RpcClient (RpcClient.java:createVolume(468)) - Creating Volume: volume-06532, with runner as owner and space quota set to -1 bytes, counts quota set to -1
2022-07-30 01:51:33,024 [OM StateMachine ApplyTransaction Thread - 0] INFO  volume.OMVolumeCreateRequest (OMVolumeCreateRequest.java:validateAndUpdateCache(195)) - created volume:volume-06532 for user:runner
2022-07-30 01:51:33,025 [Time-limited test] INFO  rpc.RpcClient (RpcClient.java:createBucket(671)) - Creating Bucket: volume-06532/bucket3, with bucket layout LEGACY, runner as owner, Versioning false, Storage Type set to DISK and Encryption set to false 
2022-07-30 01:51:33,028 [OM StateMachine ApplyTransaction Thread - 0] INFO  bucket.OMBucketCreateRequest (OMBucketCreateRequest.java:validateAndUpdateCache(260)) - created bucket: bucket3 of layout LEGACY in volume: volume-06532
01:51:33.053 [IPC Server handler 13 on default port 42455] ERROR OMAudit - user=runner | ip=127.0.0.1 | op=READ_VOLUME {volume=volume-06532} | ret=FAILURE
org.apache.hadoop.ozone.om.exceptions.OMException: Volume volume-06532 is not found
	at org.apache.hadoop.ozone.om.VolumeManagerImpl.getVolumeInfo(VolumeManagerImpl.java:74) ~[ozone-manager-1.3.0-SNAPSHOT.jar:?]
	at org.apache.hadoop.ozone.om.OzoneManager.getVolumeInfo(OzoneManager.java:2603) ~[ozone-manager-1.3.0-SNAPSHOT.jar:?]
	at org.apache.hadoop.ozone.protocolPB.OzoneManagerRequestHandler.infoVolume(OzoneManagerRequestHandler.java:397) ~[ozone-manager-1.3.0-SNAPSHOT.jar:?]
	at org.apache.hadoop.ozone.protocolPB.OzoneManagerRequestHandler.handleReadRequest(OzoneManagerRequestHandler.java:164) ~[ozone-manager-1.3.0-SNAPSHOT.jar:?]
	at org.apache.hadoop.ozone.protocolPB.OzoneManagerProtocolServerSideTranslatorPB.submitReadRequestToOM(OzoneManagerProtocolServerSideTranslatorPB.java:226) ~[ozone-manager-1.3.0-SNAPSHOT.jar:?]
	at org.apache.hadoop.ozone.protocolPB.OzoneManagerProtocolServerSideTranslatorPB.processRequest(OzoneManagerProtocolServerSideTranslatorPB.java:175) ~[ozone-manager-1.3.0-SNAPSHOT.jar:?]
	at org.apache.hadoop.hdds.server.OzoneProtocolMessageDispatcher.processRequest(OzoneProtocolMessageDispatcher.java:87) [hdds-server-framework-1.3.0-SNAPSHOT.jar:?]
	at org.apache.hadoop.ozone.protocolPB.OzoneManagerProtocolServerSideTranslatorPB.submitRequest(OzoneManagerProtocolServerSideTranslatorPB.java:147) [ozone-manager-1.3.0-SNAPSHOT.jar:?]
	at org.apache.hadoop.ozone.protocol.proto.OzoneManagerProtocolProtos$OzoneManagerService$2.callBlockingMethod(OzoneManagerProtocolProtos.java) [ozone-interface-client-1.3.0-SNAPSHOT.jar:?]
	at org.apache.hadoop.ipc.ProtobufRpcEngine$Server.processCall(ProtobufRpcEngine.java:466) [hadoop-common-3.3.1.jar:?]
	at org.apache.hadoop.ipc.ProtobufRpcEngine2$Server$ProtoBufRpcInvoker.call(ProtobufRpcEngine2.java:574) [hadoop-common-3.3.1.jar:?]
	at org.apache.hadoop.ipc.ProtobufRpcEngine2$Server$ProtoBufRpcInvoker.call(ProtobufRpcEngine2.java:552) [hadoop-common-3.3.1.jar:?]
	at org.apache.hadoop.ipc.RPC$Server.call(RPC.java:1093) [hadoop-common-3.3.1.jar:?]
	at org.apache.hadoop.ipc.Server$RpcCall.run(Server.java:1035) [hadoop-common-3.3.1.jar:?]
	at org.apache.hadoop.ipc.Server$RpcCall.run(Server.java:963) [hadoop-common-3.3.1.jar:?]
	at java.security.AccessController.doPrivileged(Native Method) ~[?:1.8.0_332]
	at javax.security.auth.Subject.doAs(Subject.java:422) [?:1.8.0_332]
	at org.apache.hadoop.security.UserGroupInformation.doAs(UserGroupInformation.java:1878) [hadoop-common-3.3.1.jar:?]
	at org.apache.hadoop.ipc.Server$Handler.run(Server.java:2966) [hadoop-common-3.3.1.jar:?]
]]></system-out>
  </testcase>
  <testcase name="testDeleteVolumeBucketAndKey" classname="TestRootedOzoneFileSystem" time="0.214">
    <system-out><![CDATA[2022-07-30 01:52:58,475 [Time-limited test] INFO  rpc.RpcClient (RpcClient.java:createVolume(468)) - Creating Volume: volume73865, with user65555 as owner and space quota set to -1 bytes, counts quota set to -1
2022-07-30 01:52:58,475 [IPC Server handler 2 on default port 40433] INFO  volume.OMVolumeCreateRequest (OMVolumeCreateRequest.java:validateAndUpdateCache(195)) - created volume:volume73865 for user:user65555
2022-07-30 01:52:58,482 [Time-limited test] INFO  rpc.RpcClient (RpcClient.java:createBucket(671)) - Creating Bucket: volume73865/bucket51935, with bucket layout LEGACY, runner as owner, Versioning false, Storage Type set to DISK and Encryption set to false 
2022-07-30 01:52:58,483 [IPC Server handler 0 on default port 40433] INFO  bucket.OMBucketCreateRequest (OMBucketCreateRequest.java:validateAndUpdateCache(260)) - created bucket: bucket51935 of layout LEGACY in volume: volume73865
01:52:58.500 [IPC Server handler 17 on default port 40433] ERROR OMAudit - user=runner | ip=127.0.0.1 | op=READ_BUCKET {volume=volume-99562, bucket=bucket3} | ret=FAILURE
org.apache.hadoop.ozone.om.exceptions.OMException: Volume not found when getting bucket info
	at org.apache.hadoop.ozone.om.BucketManagerImpl.getBucketInfo(BucketManagerImpl.java:127) ~[ozone-manager-1.3.0-SNAPSHOT.jar:?]
	at org.apache.hadoop.ozone.om.OzoneManager.getBucketInfo(OzoneManager.java:2779) ~[ozone-manager-1.3.0-SNAPSHOT.jar:?]
	at org.apache.hadoop.ozone.protocolPB.OzoneManagerRequestHandler.infoBucket(OzoneManagerRequestHandler.java:471) ~[ozone-manager-1.3.0-SNAPSHOT.jar:?]
	at org.apache.hadoop.ozone.protocolPB.OzoneManagerRequestHandler.handleReadRequest(OzoneManagerRequestHandler.java:174) ~[ozone-manager-1.3.0-SNAPSHOT.jar:?]
	at org.apache.hadoop.ozone.protocolPB.OzoneManagerProtocolServerSideTranslatorPB.submitRequestDirectlyToOM(OzoneManagerProtocolServerSideTranslatorPB.java:276) ~[ozone-manager-1.3.0-SNAPSHOT.jar:?]
	at org.apache.hadoop.ozone.protocolPB.OzoneManagerProtocolServerSideTranslatorPB.processRequest(OzoneManagerProtocolServerSideTranslatorPB.java:205) ~[ozone-manager-1.3.0-SNAPSHOT.jar:?]
	at org.apache.hadoop.hdds.server.OzoneProtocolMessageDispatcher.processRequest(OzoneProtocolMessageDispatcher.java:87) [hdds-server-framework-1.3.0-SNAPSHOT.jar:?]
	at org.apache.hadoop.ozone.protocolPB.OzoneManagerProtocolServerSideTranslatorPB.submitRequest(OzoneManagerProtocolServerSideTranslatorPB.java:147) [ozone-manager-1.3.0-SNAPSHOT.jar:?]
	at org.apache.hadoop.ozone.protocol.proto.OzoneManagerProtocolProtos$OzoneManagerService$2.callBlockingMethod(OzoneManagerProtocolProtos.java) [ozone-interface-client-1.3.0-SNAPSHOT.jar:?]
	at org.apache.hadoop.ipc.ProtobufRpcEngine$Server.processCall(ProtobufRpcEngine.java:466) [hadoop-common-3.3.1.jar:?]
	at org.apache.hadoop.ipc.ProtobufRpcEngine2$Server$ProtoBufRpcInvoker.call(ProtobufRpcEngine2.java:574) [hadoop-common-3.3.1.jar:?]
	at org.apache.hadoop.ipc.ProtobufRpcEngine2$Server$ProtoBufRpcInvoker.call(ProtobufRpcEngine2.java:552) [hadoop-common-3.3.1.jar:?]
	at org.apache.hadoop.ipc.RPC$Server.call(RPC.java:1093) [hadoop-common-3.3.1.jar:?]
	at org.apache.hadoop.ipc.Server$RpcCall.run(Server.java:1035) [hadoop-common-3.3.1.jar:?]
	at org.apache.hadoop.ipc.Server$RpcCall.run(Server.java:963) [hadoop-common-3.3.1.jar:?]
	at java.security.AccessController.doPrivileged(Native Method) ~[?:1.8.0_332]
	at javax.security.auth.Subject.doAs(Subject.java:422) [?:1.8.0_332]
	at org.apache.hadoop.security.UserGroupInformation.doAs(UserGroupInformation.java:1878) [hadoop-common-3.3.1.jar:?]
	at org.apache.hadoop.ipc.Server$Handler.run(Server.java:2966) [hadoop-common-3.3.1.jar:?]
2022-07-30 01:52:58,501 [Time-limited test] INFO  rpc.RpcClient (RpcClient.java:createVolume(468)) - Creating Volume: volume-99562, with runner as owner and space quota set to -1 bytes, counts quota set to -1
2022-07-30 01:52:58,501 [IPC Server handler 19 on default port 40433] INFO  volume.OMVolumeCreateRequest (OMVolumeCreateRequest.java:validateAndUpdateCache(195)) - created volume:volume-99562 for user:runner
2022-07-30 01:52:58,503 [Time-limited test] INFO  rpc.RpcClient (RpcClient.java:createBucket(671)) - Creating Bucket: volume-99562/bucket3, with bucket layout LEGACY, runner as owner, Versioning false, Storage Type set to DISK and Encryption set to false 
2022-07-30 01:52:58,510 [IPC Server handler 9 on default port 40433] INFO  bucket.OMBucketCreateRequest (OMBucketCreateRequest.java:validateAndUpdateCache(260)) - created bucket: bucket3 of layout LEGACY in volume: volume-99562
01:52:58.515 [IPC Server handler 13 on default port 40433] ERROR OMAudit - user=runner | ip=127.0.0.1 | op=DELETE_VOLUME {volume=volume-99562} | ret=FAILURE
org.apache.hadoop.ozone.om.exceptions.OMException: null
	at org.apache.hadoop.ozone.om.request.volume.OMVolumeDeleteRequest.validateAndUpdateCache(OMVolumeDeleteRequest.java:122) ~[ozone-manager-1.3.0-SNAPSHOT.jar:?]
	at org.apache.hadoop.ozone.protocolPB.OzoneManagerRequestHandler.handleWriteRequest(OzoneManagerRequestHandler.java:300) ~[ozone-manager-1.3.0-SNAPSHOT.jar:?]
	at org.apache.hadoop.ozone.protocolPB.OzoneManagerProtocolServerSideTranslatorPB.submitRequestDirectlyToOM(OzoneManagerProtocolServerSideTranslatorPB.java:282) ~[ozone-manager-1.3.0-SNAPSHOT.jar:?]
	at org.apache.hadoop.ozone.protocolPB.OzoneManagerProtocolServerSideTranslatorPB.processRequest(OzoneManagerProtocolServerSideTranslatorPB.java:205) ~[ozone-manager-1.3.0-SNAPSHOT.jar:?]
	at org.apache.hadoop.hdds.server.OzoneProtocolMessageDispatcher.processRequest(OzoneProtocolMessageDispatcher.java:87) [hdds-server-framework-1.3.0-SNAPSHOT.jar:?]
	at org.apache.hadoop.ozone.protocolPB.OzoneManagerProtocolServerSideTranslatorPB.submitRequest(OzoneManagerProtocolServerSideTranslatorPB.java:147) [ozone-manager-1.3.0-SNAPSHOT.jar:?]
	at org.apache.hadoop.ozone.protocol.proto.OzoneManagerProtocolProtos$OzoneManagerService$2.callBlockingMethod(OzoneManagerProtocolProtos.java) [ozone-interface-client-1.3.0-SNAPSHOT.jar:?]
	at org.apache.hadoop.ipc.ProtobufRpcEngine$Server.processCall(ProtobufRpcEngine.java:466) [hadoop-common-3.3.1.jar:?]
	at org.apache.hadoop.ipc.ProtobufRpcEngine2$Server$ProtoBufRpcInvoker.call(ProtobufRpcEngine2.java:574) [hadoop-common-3.3.1.jar:?]
	at org.apache.hadoop.ipc.ProtobufRpcEngine2$Server$ProtoBufRpcInvoker.call(ProtobufRpcEngine2.java:552) [hadoop-common-3.3.1.jar:?]
	at org.apache.hadoop.ipc.RPC$Server.call(RPC.java:1093) [hadoop-common-3.3.1.jar:?]
	at org.apache.hadoop.ipc.Server$RpcCall.run(Server.java:1035) [hadoop-common-3.3.1.jar:?]
	at org.apache.hadoop.ipc.Server$RpcCall.run(Server.java:963) [hadoop-common-3.3.1.jar:?]
	at java.security.AccessController.doPrivileged(Native Method) ~[?:1.8.0_332]
	at javax.security.auth.Subject.doAs(Subject.java:422) [?:1.8.0_332]
	at org.apache.hadoop.security.UserGroupInformation.doAs(UserGroupInformation.java:1878) [hadoop-common-3.3.1.jar:?]
	at org.apache.hadoop.ipc.Server$Handler.run(Server.java:2966) [hadoop-common-3.3.1.jar:?]
2022-07-30 01:52:58,515 [IPC Server handler 13 on default port 40433] ERROR volume.OMVolumeDeleteRequest (OMVolumeDeleteRequest.java:validateAndUpdateCache(170)) - Volume deletion failed for user:runner volume:volume-99562
VOLUME_NOT_EMPTY org.apache.hadoop.ozone.om.exceptions.OMException
	at org.apache.hadoop.ozone.om.request.volume.OMVolumeDeleteRequest.validateAndUpdateCache(OMVolumeDeleteRequest.java:122)
	at org.apache.hadoop.ozone.protocolPB.OzoneManagerRequestHandler.handleWriteRequest(OzoneManagerRequestHandler.java:300)
	at org.apache.hadoop.ozone.protocolPB.OzoneManagerProtocolServerSideTranslatorPB.submitRequestDirectlyToOM(OzoneManagerProtocolServerSideTranslatorPB.java:282)
	at org.apache.hadoop.ozone.protocolPB.OzoneManagerProtocolServerSideTranslatorPB.processRequest(OzoneManagerProtocolServerSideTranslatorPB.java:205)
	at org.apache.hadoop.hdds.server.OzoneProtocolMessageDispatcher.processRequest(OzoneProtocolMessageDispatcher.java:87)
	at org.apache.hadoop.ozone.protocolPB.OzoneManagerProtocolServerSideTranslatorPB.submitRequest(OzoneManagerProtocolServerSideTranslatorPB.java:147)
	at org.apache.hadoop.ozone.protocol.proto.OzoneManagerProtocolProtos$OzoneManagerService$2.callBlockingMethod(OzoneManagerProtocolProtos.java)
	at org.apache.hadoop.ipc.ProtobufRpcEngine$Server.processCall(ProtobufRpcEngine.java:466)
	at org.apache.hadoop.ipc.ProtobufRpcEngine2$Server$ProtoBufRpcInvoker.call(ProtobufRpcEngine2.java:574)
	at org.apache.hadoop.ipc.ProtobufRpcEngine2$Server$ProtoBufRpcInvoker.call(ProtobufRpcEngine2.java:552)
	at org.apache.hadoop.ipc.RPC$Server.call(RPC.java:1093)
	at org.apache.hadoop.ipc.Server$RpcCall.run(Server.java:1035)
	at org.apache.hadoop.ipc.Server$RpcCall.run(Server.java:963)
	at java.security.AccessController.doPrivileged(Native Method)
	at javax.security.auth.Subject.doAs(Subject.java:422)
	at org.apache.hadoop.security.UserGroupInformation.doAs(UserGroupInformation.java:1878)
	at org.apache.hadoop.ipc.Server$Handler.run(Server.java:2966)
01:52:58.579 [IPC Server handler 10 on default port 40433] ERROR OMAudit - user=runner | ip=127.0.0.1 | op=READ_VOLUME {volume=volume-99562} | ret=FAILURE
org.apache.hadoop.ozone.om.exceptions.OMException: Volume volume-99562 is not found
	at org.apache.hadoop.ozone.om.VolumeManagerImpl.getVolumeInfo(VolumeManagerImpl.java:74) ~[ozone-manager-1.3.0-SNAPSHOT.jar:?]
	at org.apache.hadoop.ozone.om.OzoneManager.getVolumeInfo(OzoneManager.java:2603) ~[ozone-manager-1.3.0-SNAPSHOT.jar:?]
	at org.apache.hadoop.ozone.protocolPB.OzoneManagerRequestHandler.infoVolume(OzoneManagerRequestHandler.java:397) ~[ozone-manager-1.3.0-SNAPSHOT.jar:?]
	at org.apache.hadoop.ozone.protocolPB.OzoneManagerRequestHandler.handleReadRequest(OzoneManagerRequestHandler.java:164) ~[ozone-manager-1.3.0-SNAPSHOT.jar:?]
	at org.apache.hadoop.ozone.protocolPB.OzoneManagerProtocolServerSideTranslatorPB.submitRequestDirectlyToOM(OzoneManagerProtocolServerSideTranslatorPB.java:276) ~[ozone-manager-1.3.0-SNAPSHOT.jar:?]
	at org.apache.hadoop.ozone.protocolPB.OzoneManagerProtocolServerSideTranslatorPB.processRequest(OzoneManagerProtocolServerSideTranslatorPB.java:205) ~[ozone-manager-1.3.0-SNAPSHOT.jar:?]
	at org.apache.hadoop.hdds.server.OzoneProtocolMessageDispatcher.processRequest(OzoneProtocolMessageDispatcher.java:87) [hdds-server-framework-1.3.0-SNAPSHOT.jar:?]
	at org.apache.hadoop.ozone.protocolPB.OzoneManagerProtocolServerSideTranslatorPB.submitRequest(OzoneManagerProtocolServerSideTranslatorPB.java:147) [ozone-manager-1.3.0-SNAPSHOT.jar:?]
	at org.apache.hadoop.ozone.protocol.proto.OzoneManagerProtocolProtos$OzoneManagerService$2.callBlockingMethod(OzoneManagerProtocolProtos.java) [ozone-interface-client-1.3.0-SNAPSHOT.jar:?]
	at org.apache.hadoop.ipc.ProtobufRpcEngine$Server.processCall(ProtobufRpcEngine.java:466) [hadoop-common-3.3.1.jar:?]
	at org.apache.hadoop.ipc.ProtobufRpcEngine2$Server$ProtoBufRpcInvoker.call(ProtobufRpcEngine2.java:574) [hadoop-common-3.3.1.jar:?]
	at org.apache.hadoop.ipc.ProtobufRpcEngine2$Server$ProtoBufRpcInvoker.call(ProtobufRpcEngine2.java:552) [hadoop-common-3.3.1.jar:?]
	at org.apache.hadoop.ipc.RPC$Server.call(RPC.java:1093) [hadoop-common-3.3.1.jar:?]
	at org.apache.hadoop.ipc.Server$RpcCall.run(Server.java:1035) [hadoop-common-3.3.1.jar:?]
	at org.apache.hadoop.ipc.Server$RpcCall.run(Server.java:963) [hadoop-common-3.3.1.jar:?]
	at java.security.AccessController.doPrivileged(Native Method) ~[?:1.8.0_332]
	at javax.security.auth.Subject.doAs(Subject.java:422) [?:1.8.0_332]
	at org.apache.hadoop.security.UserGroupInformation.doAs(UserGroupInformation.java:1878) [hadoop-common-3.3.1.jar:?]
	at org.apache.hadoop.ipc.Server$Handler.run(Server.java:2966) [hadoop-common-3.3.1.jar:?]
01:52:58.580 [IPC Server handler 8 on default port 40433] ERROR OMAudit - user=runner | ip=127.0.0.1 | op=READ_BUCKET {volume=volume-99562, bucket=bucket3} | ret=FAILURE
org.apache.hadoop.ozone.om.exceptions.OMException: Volume not found when getting bucket info
	at org.apache.hadoop.ozone.om.BucketManagerImpl.getBucketInfo(BucketManagerImpl.java:127) ~[ozone-manager-1.3.0-SNAPSHOT.jar:?]
	at org.apache.hadoop.ozone.om.OzoneManager.getBucketInfo(OzoneManager.java:2779) ~[ozone-manager-1.3.0-SNAPSHOT.jar:?]
	at org.apache.hadoop.ozone.protocolPB.OzoneManagerRequestHandler.infoBucket(OzoneManagerRequestHandler.java:471) ~[ozone-manager-1.3.0-SNAPSHOT.jar:?]
	at org.apache.hadoop.ozone.protocolPB.OzoneManagerRequestHandler.handleReadRequest(OzoneManagerRequestHandler.java:174) ~[ozone-manager-1.3.0-SNAPSHOT.jar:?]
	at org.apache.hadoop.ozone.protocolPB.OzoneManagerProtocolServerSideTranslatorPB.submitRequestDirectlyToOM(OzoneManagerProtocolServerSideTranslatorPB.java:276) ~[ozone-manager-1.3.0-SNAPSHOT.jar:?]
	at org.apache.hadoop.ozone.protocolPB.OzoneManagerProtocolServerSideTranslatorPB.processRequest(OzoneManagerProtocolServerSideTranslatorPB.java:205) ~[ozone-manager-1.3.0-SNAPSHOT.jar:?]
	at org.apache.hadoop.hdds.server.OzoneProtocolMessageDispatcher.processRequest(OzoneProtocolMessageDispatcher.java:87) [hdds-server-framework-1.3.0-SNAPSHOT.jar:?]
	at org.apache.hadoop.ozone.protocolPB.OzoneManagerProtocolServerSideTranslatorPB.submitRequest(OzoneManagerProtocolServerSideTranslatorPB.java:147) [ozone-manager-1.3.0-SNAPSHOT.jar:?]
	at org.apache.hadoop.ozone.protocol.proto.OzoneManagerProtocolProtos$OzoneManagerService$2.callBlockingMethod(OzoneManagerProtocolProtos.java) [ozone-interface-client-1.3.0-SNAPSHOT.jar:?]
	at org.apache.hadoop.ipc.ProtobufRpcEngine$Server.processCall(ProtobufRpcEngine.java:466) [hadoop-common-3.3.1.jar:?]
	at org.apache.hadoop.ipc.ProtobufRpcEngine2$Server$ProtoBufRpcInvoker.call(ProtobufRpcEngine2.java:574) [hadoop-common-3.3.1.jar:?]
	at org.apache.hadoop.ipc.ProtobufRpcEngine2$Server$ProtoBufRpcInvoker.call(ProtobufRpcEngine2.java:552) [hadoop-common-3.3.1.jar:?]
	at org.apache.hadoop.ipc.RPC$Server.call(RPC.java:1093) [hadoop-common-3.3.1.jar:?]
	at org.apache.hadoop.ipc.Server$RpcCall.run(Server.java:1035) [hadoop-common-3.3.1.jar:?]
	at org.apache.hadoop.ipc.Server$RpcCall.run(Server.java:963) [hadoop-common-3.3.1.jar:?]
	at java.security.AccessController.doPrivileged(Native Method) ~[?:1.8.0_332]
	at javax.security.auth.Subject.doAs(Subject.java:422) [?:1.8.0_332]
	at org.apache.hadoop.security.UserGroupInformation.doAs(UserGroupInformation.java:1878) [hadoop-common-3.3.1.jar:?]
	at org.apache.hadoop.ipc.Server$Handler.run(Server.java:2966) [hadoop-common-3.3.1.jar:?]
2022-07-30 01:52:58,580 [Time-limited test] INFO  rpc.RpcClient (RpcClient.java:createVolume(468)) - Creating Volume: volume-99562, with runner as owner and space quota set to -1 bytes, counts quota set to -1
2022-07-30 01:52:58,588 [IPC Server handler 7 on default port 40433] INFO  volume.OMVolumeCreateRequest (OMVolumeCreateRequest.java:validateAndUpdateCache(195)) - created volume:volume-99562 for user:runner
2022-07-30 01:52:58,588 [Time-limited test] INFO  rpc.RpcClient (RpcClient.java:createBucket(671)) - Creating Bucket: volume-99562/bucket3, with bucket layout LEGACY, runner as owner, Versioning false, Storage Type set to DISK and Encryption set to false 
2022-07-30 01:52:58,589 [IPC Server handler 5 on default port 40433] INFO  bucket.OMBucketCreateRequest (OMBucketCreateRequest.java:validateAndUpdateCache(260)) - created bucket: bucket3 of layout LEGACY in volume: volume-99562
01:52:58.598 [IPC Server handler 2 on default port 40433] ERROR OMAudit - user=runner | ip=127.0.0.1 | op=READ_VOLUME {volume=volume-99562} | ret=FAILURE
org.apache.hadoop.ozone.om.exceptions.OMException: Volume volume-99562 is not found
	at org.apache.hadoop.ozone.om.VolumeManagerImpl.getVolumeInfo(VolumeManagerImpl.java:74) ~[ozone-manager-1.3.0-SNAPSHOT.jar:?]
	at org.apache.hadoop.ozone.om.OzoneManager.getVolumeInfo(OzoneManager.java:2603) ~[ozone-manager-1.3.0-SNAPSHOT.jar:?]
	at org.apache.hadoop.ozone.protocolPB.OzoneManagerRequestHandler.infoVolume(OzoneManagerRequestHandler.java:397) ~[ozone-manager-1.3.0-SNAPSHOT.jar:?]
	at org.apache.hadoop.ozone.protocolPB.OzoneManagerRequestHandler.handleReadRequest(OzoneManagerRequestHandler.java:164) ~[ozone-manager-1.3.0-SNAPSHOT.jar:?]
	at org.apache.hadoop.ozone.protocolPB.OzoneManagerProtocolServerSideTranslatorPB.submitRequestDirectlyToOM(OzoneManagerProtocolServerSideTranslatorPB.java:276) ~[ozone-manager-1.3.0-SNAPSHOT.jar:?]
	at org.apache.hadoop.ozone.protocolPB.OzoneManagerProtocolServerSideTranslatorPB.processRequest(OzoneManagerProtocolServerSideTranslatorPB.java:205) ~[ozone-manager-1.3.0-SNAPSHOT.jar:?]
	at org.apache.hadoop.hdds.server.OzoneProtocolMessageDispatcher.processRequest(OzoneProtocolMessageDispatcher.java:87) [hdds-server-framework-1.3.0-SNAPSHOT.jar:?]
	at org.apache.hadoop.ozone.protocolPB.OzoneManagerProtocolServerSideTranslatorPB.submitRequest(OzoneManagerProtocolServerSideTranslatorPB.java:147) [ozone-manager-1.3.0-SNAPSHOT.jar:?]
	at org.apache.hadoop.ozone.protocol.proto.OzoneManagerProtocolProtos$OzoneManagerService$2.callBlockingMethod(OzoneManagerProtocolProtos.java) [ozone-interface-client-1.3.0-SNAPSHOT.jar:?]
	at org.apache.hadoop.ipc.ProtobufRpcEngine$Server.processCall(ProtobufRpcEngine.java:466) [hadoop-common-3.3.1.jar:?]
	at org.apache.hadoop.ipc.ProtobufRpcEngine2$Server$ProtoBufRpcInvoker.call(ProtobufRpcEngine2.java:574) [hadoop-common-3.3.1.jar:?]
	at org.apache.hadoop.ipc.ProtobufRpcEngine2$Server$ProtoBufRpcInvoker.call(ProtobufRpcEngine2.java:552) [hadoop-common-3.3.1.jar:?]
	at org.apache.hadoop.ipc.RPC$Server.call(RPC.java:1093) [hadoop-common-3.3.1.jar:?]
	at org.apache.hadoop.ipc.Server$RpcCall.run(Server.java:1035) [hadoop-common-3.3.1.jar:?]
	at org.apache.hadoop.ipc.Server$RpcCall.run(Server.java:963) [hadoop-common-3.3.1.jar:?]
	at java.security.AccessController.doPrivileged(Native Method) ~[?:1.8.0_332]
	at javax.security.auth.Subject.doAs(Subject.java:422) [?:1.8.0_332]
	at org.apache.hadoop.security.UserGroupInformation.doAs(UserGroupInformation.java:1878) [hadoop-common-3.3.1.jar:?]
	at org.apache.hadoop.ipc.Server$Handler.run(Server.java:2966) [hadoop-common-3.3.1.jar:?]
]]></system-out>
  </testcase>
  <testcase name="testRenameToParentDir" classname="TestRootedOzoneFileSystem" time="0.161">
    <system-out><![CDATA[2022-07-30 01:47:42,831 [Time-limited test] INFO  rpc.RpcClient (RpcClient.java:createVolume(468)) - Creating Volume: volume34377, with user16021 as owner and space quota set to -1 bytes, counts quota set to -1
2022-07-30 01:47:42,834 [OM StateMachine ApplyTransaction Thread - 0] INFO  volume.OMVolumeCreateRequest (OMVolumeCreateRequest.java:validateAndUpdateCache(195)) - created volume:volume34377 for user:user16021
2022-07-30 01:47:42,837 [Time-limited test] INFO  rpc.RpcClient (RpcClient.java:createBucket(671)) - Creating Bucket: volume34377/bucket00464, with bucket layout LEGACY, runner as owner, Versioning false, Storage Type set to DISK and Encryption set to false 
2022-07-30 01:47:42,840 [OM StateMachine ApplyTransaction Thread - 0] INFO  bucket.OMBucketCreateRequest (OMBucketCreateRequest.java:validateAndUpdateCache(260)) - created bucket: bucket00464 of layout LEGACY in volume: volume34377
01:47:42.869 [IPC Server handler 14 on default port 39159] ERROR OMAudit - user=runner | ip=127.0.0.1 | op=LIST_STATUS {volume=volume34377, bucket=bucket00464, key=root_dir/dir2, dataSize=0, replicationConfig=null} | ret=FAILURE
org.apache.hadoop.ozone.om.exceptions.OMException: Unable to get file status: volume: volume34377 bucket: bucket00464 key: root_dir/dir2
	at org.apache.hadoop.ozone.om.KeyManagerImpl.getOzoneFileStatus(KeyManagerImpl.java:1311) ~[ozone-manager-1.3.0-SNAPSHOT.jar:?]
	at org.apache.hadoop.ozone.om.KeyManagerImpl.getFileStatus(KeyManagerImpl.java:1241) ~[ozone-manager-1.3.0-SNAPSHOT.jar:?]
	at org.apache.hadoop.ozone.om.KeyManagerImpl.listStatus(KeyManagerImpl.java:1565) ~[ozone-manager-1.3.0-SNAPSHOT.jar:?]
	at org.apache.hadoop.ozone.om.OzoneManager.listStatus(OzoneManager.java:3545) ~[ozone-manager-1.3.0-SNAPSHOT.jar:?]
	at org.apache.hadoop.ozone.protocolPB.OzoneManagerRequestHandler.listStatus(OzoneManagerRequestHandler.java:1043) ~[ozone-manager-1.3.0-SNAPSHOT.jar:?]
	at org.apache.hadoop.ozone.protocolPB.OzoneManagerRequestHandler.handleReadRequest(OzoneManagerRequestHandler.java:235) ~[ozone-manager-1.3.0-SNAPSHOT.jar:?]
	at org.apache.hadoop.ozone.protocolPB.OzoneManagerProtocolServerSideTranslatorPB.submitReadRequestToOM(OzoneManagerProtocolServerSideTranslatorPB.java:226) ~[ozone-manager-1.3.0-SNAPSHOT.jar:?]
	at org.apache.hadoop.ozone.protocolPB.OzoneManagerProtocolServerSideTranslatorPB.processRequest(OzoneManagerProtocolServerSideTranslatorPB.java:175) ~[ozone-manager-1.3.0-SNAPSHOT.jar:?]
	at org.apache.hadoop.hdds.server.OzoneProtocolMessageDispatcher.processRequest(OzoneProtocolMessageDispatcher.java:87) [hdds-server-framework-1.3.0-SNAPSHOT.jar:?]
	at org.apache.hadoop.ozone.protocolPB.OzoneManagerProtocolServerSideTranslatorPB.submitRequest(OzoneManagerProtocolServerSideTranslatorPB.java:147) [ozone-manager-1.3.0-SNAPSHOT.jar:?]
	at org.apache.hadoop.ozone.protocol.proto.OzoneManagerProtocolProtos$OzoneManagerService$2.callBlockingMethod(OzoneManagerProtocolProtos.java) [ozone-interface-client-1.3.0-SNAPSHOT.jar:?]
	at org.apache.hadoop.ipc.ProtobufRpcEngine$Server.processCall(ProtobufRpcEngine.java:466) [hadoop-common-3.3.1.jar:?]
	at org.apache.hadoop.ipc.ProtobufRpcEngine2$Server$ProtoBufRpcInvoker.call(ProtobufRpcEngine2.java:574) [hadoop-common-3.3.1.jar:?]
	at org.apache.hadoop.ipc.ProtobufRpcEngine2$Server$ProtoBufRpcInvoker.call(ProtobufRpcEngine2.java:552) [hadoop-common-3.3.1.jar:?]
	at org.apache.hadoop.ipc.RPC$Server.call(RPC.java:1093) [hadoop-common-3.3.1.jar:?]
	at org.apache.hadoop.ipc.Server$RpcCall.run(Server.java:1035) [hadoop-common-3.3.1.jar:?]
	at org.apache.hadoop.ipc.Server$RpcCall.run(Server.java:963) [hadoop-common-3.3.1.jar:?]
	at java.security.AccessController.doPrivileged(Native Method) ~[?:1.8.0_332]
	at javax.security.auth.Subject.doAs(Subject.java:422) [?:1.8.0_332]
	at org.apache.hadoop.security.UserGroupInformation.doAs(UserGroupInformation.java:1878) [hadoop-common-3.3.1.jar:?]
	at org.apache.hadoop.ipc.Server$Handler.run(Server.java:2966) [hadoop-common-3.3.1.jar:?]
01:47:42.898 [IPC Server handler 6 on default port 39159] ERROR OMAudit - user=runner | ip=127.0.0.1 | op=LIST_STATUS {volume=volume34377, bucket=bucket00464, key=root_dir/file2, dataSize=0, replicationConfig=null} | ret=FAILURE
org.apache.hadoop.ozone.om.exceptions.OMException: Unable to get file status: volume: volume34377 bucket: bucket00464 key: root_dir/file2
	at org.apache.hadoop.ozone.om.KeyManagerImpl.getOzoneFileStatus(KeyManagerImpl.java:1311) ~[ozone-manager-1.3.0-SNAPSHOT.jar:?]
	at org.apache.hadoop.ozone.om.KeyManagerImpl.getFileStatus(KeyManagerImpl.java:1241) ~[ozone-manager-1.3.0-SNAPSHOT.jar:?]
	at org.apache.hadoop.ozone.om.KeyManagerImpl.listStatus(KeyManagerImpl.java:1565) ~[ozone-manager-1.3.0-SNAPSHOT.jar:?]
	at org.apache.hadoop.ozone.om.OzoneManager.listStatus(OzoneManager.java:3545) ~[ozone-manager-1.3.0-SNAPSHOT.jar:?]
	at org.apache.hadoop.ozone.protocolPB.OzoneManagerRequestHandler.listStatus(OzoneManagerRequestHandler.java:1043) ~[ozone-manager-1.3.0-SNAPSHOT.jar:?]
	at org.apache.hadoop.ozone.protocolPB.OzoneManagerRequestHandler.handleReadRequest(OzoneManagerRequestHandler.java:235) ~[ozone-manager-1.3.0-SNAPSHOT.jar:?]
	at org.apache.hadoop.ozone.protocolPB.OzoneManagerProtocolServerSideTranslatorPB.submitReadRequestToOM(OzoneManagerProtocolServerSideTranslatorPB.java:226) ~[ozone-manager-1.3.0-SNAPSHOT.jar:?]
	at org.apache.hadoop.ozone.protocolPB.OzoneManagerProtocolServerSideTranslatorPB.processRequest(OzoneManagerProtocolServerSideTranslatorPB.java:175) ~[ozone-manager-1.3.0-SNAPSHOT.jar:?]
	at org.apache.hadoop.hdds.server.OzoneProtocolMessageDispatcher.processRequest(OzoneProtocolMessageDispatcher.java:87) [hdds-server-framework-1.3.0-SNAPSHOT.jar:?]
	at org.apache.hadoop.ozone.protocolPB.OzoneManagerProtocolServerSideTranslatorPB.submitRequest(OzoneManagerProtocolServerSideTranslatorPB.java:147) [ozone-manager-1.3.0-SNAPSHOT.jar:?]
	at org.apache.hadoop.ozone.protocol.proto.OzoneManagerProtocolProtos$OzoneManagerService$2.callBlockingMethod(OzoneManagerProtocolProtos.java) [ozone-interface-client-1.3.0-SNAPSHOT.jar:?]
	at org.apache.hadoop.ipc.ProtobufRpcEngine$Server.processCall(ProtobufRpcEngine.java:466) [hadoop-common-3.3.1.jar:?]
	at org.apache.hadoop.ipc.ProtobufRpcEngine2$Server$ProtoBufRpcInvoker.call(ProtobufRpcEngine2.java:574) [hadoop-common-3.3.1.jar:?]
	at org.apache.hadoop.ipc.ProtobufRpcEngine2$Server$ProtoBufRpcInvoker.call(ProtobufRpcEngine2.java:552) [hadoop-common-3.3.1.jar:?]
	at org.apache.hadoop.ipc.RPC$Server.call(RPC.java:1093) [hadoop-common-3.3.1.jar:?]
	at org.apache.hadoop.ipc.Server$RpcCall.run(Server.java:1035) [hadoop-common-3.3.1.jar:?]
	at org.apache.hadoop.ipc.Server$RpcCall.run(Server.java:963) [hadoop-common-3.3.1.jar:?]
	at java.security.AccessController.doPrivileged(Native Method) ~[?:1.8.0_332]
	at javax.security.auth.Subject.doAs(Subject.java:422) [?:1.8.0_332]
	at org.apache.hadoop.security.UserGroupInformation.doAs(UserGroupInformation.java:1878) [hadoop-common-3.3.1.jar:?]
	at org.apache.hadoop.ipc.Server$Handler.run(Server.java:2966) [hadoop-common-3.3.1.jar:?]
01:47:42.917 [IPC Server handler 4 on default port 39159] ERROR OMAudit - user=runner | ip=127.0.0.1 | op=GET_FILE_STATUS {volume=volume34377, bucket=bucket00464, key=root_dir/dir1/file2, dataSize=0, replicationConfig=null} | ret=FAILURE
org.apache.hadoop.ozone.om.exceptions.OMException: Unable to get file status: volume: volume34377 bucket: bucket00464 key: root_dir/dir1/file2
	at org.apache.hadoop.ozone.om.KeyManagerImpl.getOzoneFileStatus(KeyManagerImpl.java:1311) ~[ozone-manager-1.3.0-SNAPSHOT.jar:?]
	at org.apache.hadoop.ozone.om.KeyManagerImpl.getFileStatus(KeyManagerImpl.java:1241) ~[ozone-manager-1.3.0-SNAPSHOT.jar:?]
	at org.apache.hadoop.ozone.om.OzoneManager.getFileStatus(OzoneManager.java:3467) ~[ozone-manager-1.3.0-SNAPSHOT.jar:?]
	at org.apache.hadoop.ozone.protocolPB.OzoneManagerRequestHandler.getOzoneFileStatus(OzoneManagerRequestHandler.java:878) ~[ozone-manager-1.3.0-SNAPSHOT.jar:?]
	at org.apache.hadoop.ozone.protocolPB.OzoneManagerRequestHandler.handleReadRequest(OzoneManagerRequestHandler.java:224) ~[ozone-manager-1.3.0-SNAPSHOT.jar:?]
	at org.apache.hadoop.ozone.protocolPB.OzoneManagerProtocolServerSideTranslatorPB.submitReadRequestToOM(OzoneManagerProtocolServerSideTranslatorPB.java:226) ~[ozone-manager-1.3.0-SNAPSHOT.jar:?]
	at org.apache.hadoop.ozone.protocolPB.OzoneManagerProtocolServerSideTranslatorPB.processRequest(OzoneManagerProtocolServerSideTranslatorPB.java:175) ~[ozone-manager-1.3.0-SNAPSHOT.jar:?]
	at org.apache.hadoop.hdds.server.OzoneProtocolMessageDispatcher.processRequest(OzoneProtocolMessageDispatcher.java:87) [hdds-server-framework-1.3.0-SNAPSHOT.jar:?]
	at org.apache.hadoop.ozone.protocolPB.OzoneManagerProtocolServerSideTranslatorPB.submitRequest(OzoneManagerProtocolServerSideTranslatorPB.java:147) [ozone-manager-1.3.0-SNAPSHOT.jar:?]
	at org.apache.hadoop.ozone.protocol.proto.OzoneManagerProtocolProtos$OzoneManagerService$2.callBlockingMethod(OzoneManagerProtocolProtos.java) [ozone-interface-client-1.3.0-SNAPSHOT.jar:?]
	at org.apache.hadoop.ipc.ProtobufRpcEngine$Server.processCall(ProtobufRpcEngine.java:466) [hadoop-common-3.3.1.jar:?]
	at org.apache.hadoop.ipc.ProtobufRpcEngine2$Server$ProtoBufRpcInvoker.call(ProtobufRpcEngine2.java:574) [hadoop-common-3.3.1.jar:?]
	at org.apache.hadoop.ipc.ProtobufRpcEngine2$Server$ProtoBufRpcInvoker.call(ProtobufRpcEngine2.java:552) [hadoop-common-3.3.1.jar:?]
	at org.apache.hadoop.ipc.RPC$Server.call(RPC.java:1093) [hadoop-common-3.3.1.jar:?]
	at org.apache.hadoop.ipc.Server$RpcCall.run(Server.java:1035) [hadoop-common-3.3.1.jar:?]
	at org.apache.hadoop.ipc.Server$RpcCall.run(Server.java:963) [hadoop-common-3.3.1.jar:?]
	at java.security.AccessController.doPrivileged(Native Method) ~[?:1.8.0_332]
	at javax.security.auth.Subject.doAs(Subject.java:422) [?:1.8.0_332]
	at org.apache.hadoop.security.UserGroupInformation.doAs(UserGroupInformation.java:1878) [hadoop-common-3.3.1.jar:?]
	at org.apache.hadoop.ipc.Server$Handler.run(Server.java:2966) [hadoop-common-3.3.1.jar:?]
2022-07-30 01:47:42,918 [Time-limited test] WARN  ozone.BasicRootedOzoneFileSystem (BasicRootedOzoneFileSystem.java:delete(572)) - delete: Path does not exist: /volume34377/bucket00464/root_dir/dir1/file2
01:47:42.920 [IPC Server handler 5 on default port 39159] ERROR OMAudit - user=runner | ip=127.0.0.1 | op=GET_FILE_STATUS {volume=volume34377, bucket=bucket00464, key=root_dir/dir1/dir2, dataSize=0, replicationConfig=null} | ret=FAILURE
org.apache.hadoop.ozone.om.exceptions.OMException: Unable to get file status: volume: volume34377 bucket: bucket00464 key: root_dir/dir1/dir2
	at org.apache.hadoop.ozone.om.KeyManagerImpl.getOzoneFileStatus(KeyManagerImpl.java:1311) ~[ozone-manager-1.3.0-SNAPSHOT.jar:?]
	at org.apache.hadoop.ozone.om.KeyManagerImpl.getFileStatus(KeyManagerImpl.java:1241) ~[ozone-manager-1.3.0-SNAPSHOT.jar:?]
	at org.apache.hadoop.ozone.om.OzoneManager.getFileStatus(OzoneManager.java:3467) ~[ozone-manager-1.3.0-SNAPSHOT.jar:?]
	at org.apache.hadoop.ozone.protocolPB.OzoneManagerRequestHandler.getOzoneFileStatus(OzoneManagerRequestHandler.java:878) ~[ozone-manager-1.3.0-SNAPSHOT.jar:?]
	at org.apache.hadoop.ozone.protocolPB.OzoneManagerRequestHandler.handleReadRequest(OzoneManagerRequestHandler.java:224) ~[ozone-manager-1.3.0-SNAPSHOT.jar:?]
	at org.apache.hadoop.ozone.protocolPB.OzoneManagerProtocolServerSideTranslatorPB.submitReadRequestToOM(OzoneManagerProtocolServerSideTranslatorPB.java:226) ~[ozone-manager-1.3.0-SNAPSHOT.jar:?]
	at org.apache.hadoop.ozone.protocolPB.OzoneManagerProtocolServerSideTranslatorPB.processRequest(OzoneManagerProtocolServerSideTranslatorPB.java:175) ~[ozone-manager-1.3.0-SNAPSHOT.jar:?]
	at org.apache.hadoop.hdds.server.OzoneProtocolMessageDispatcher.processRequest(OzoneProtocolMessageDispatcher.java:87) [hdds-server-framework-1.3.0-SNAPSHOT.jar:?]
	at org.apache.hadoop.ozone.protocolPB.OzoneManagerProtocolServerSideTranslatorPB.submitRequest(OzoneManagerProtocolServerSideTranslatorPB.java:147) [ozone-manager-1.3.0-SNAPSHOT.jar:?]
	at org.apache.hadoop.ozone.protocol.proto.OzoneManagerProtocolProtos$OzoneManagerService$2.callBlockingMethod(OzoneManagerProtocolProtos.java) [ozone-interface-client-1.3.0-SNAPSHOT.jar:?]
	at org.apache.hadoop.ipc.ProtobufRpcEngine$Server.processCall(ProtobufRpcEngine.java:466) [hadoop-common-3.3.1.jar:?]
	at org.apache.hadoop.ipc.ProtobufRpcEngine2$Server$ProtoBufRpcInvoker.call(ProtobufRpcEngine2.java:574) [hadoop-common-3.3.1.jar:?]
	at org.apache.hadoop.ipc.ProtobufRpcEngine2$Server$ProtoBufRpcInvoker.call(ProtobufRpcEngine2.java:552) [hadoop-common-3.3.1.jar:?]
	at org.apache.hadoop.ipc.RPC$Server.call(RPC.java:1093) [hadoop-common-3.3.1.jar:?]
	at org.apache.hadoop.ipc.Server$RpcCall.run(Server.java:1035) [hadoop-common-3.3.1.jar:?]
	at org.apache.hadoop.ipc.Server$RpcCall.run(Server.java:963) [hadoop-common-3.3.1.jar:?]
	at java.security.AccessController.doPrivileged(Native Method) ~[?:1.8.0_332]
	at javax.security.auth.Subject.doAs(Subject.java:422) [?:1.8.0_332]
	at org.apache.hadoop.security.UserGroupInformation.doAs(UserGroupInformation.java:1878) [hadoop-common-3.3.1.jar:?]
	at org.apache.hadoop.ipc.Server$Handler.run(Server.java:2966) [hadoop-common-3.3.1.jar:?]
2022-07-30 01:47:42,921 [Time-limited test] WARN  ozone.BasicRootedOzoneFileSystem (BasicRootedOzoneFileSystem.java:delete(572)) - delete: Path does not exist: /volume34377/bucket00464/root_dir/dir1/dir2
]]></system-out>
  </testcase>
  <testcase name="testRenameToParentDir" classname="TestRootedOzoneFileSystem" time="0.147">
    <system-out><![CDATA[2022-07-30 01:48:59,349 [Time-limited test] INFO  rpc.RpcClient (RpcClient.java:createVolume(468)) - Creating Volume: volume20437, with user24746 as owner and space quota set to -1 bytes, counts quota set to -1
2022-07-30 01:48:59,351 [OM StateMachine ApplyTransaction Thread - 0] INFO  volume.OMVolumeCreateRequest (OMVolumeCreateRequest.java:validateAndUpdateCache(195)) - created volume:volume20437 for user:user24746
2022-07-30 01:48:59,352 [Time-limited test] INFO  rpc.RpcClient (RpcClient.java:createBucket(671)) - Creating Bucket: volume20437/bucket13629, with bucket layout LEGACY, runner as owner, Versioning false, Storage Type set to DISK and Encryption set to false 
2022-07-30 01:48:59,353 [OM StateMachine ApplyTransaction Thread - 0] INFO  bucket.OMBucketCreateRequest (OMBucketCreateRequest.java:validateAndUpdateCache(260)) - created bucket: bucket13629 of layout LEGACY in volume: volume20437
01:48:59.379 [IPC Server handler 3 on default port 43571] ERROR OMAudit - user=runner | ip=127.0.0.1 | op=LIST_STATUS {volume=volume20437, bucket=bucket13629, key=root_dir/dir2, dataSize=0, replicationConfig=null} | ret=FAILURE
org.apache.hadoop.ozone.om.exceptions.OMException: Unable to get file status: volume: volume20437 bucket: bucket13629 key: root_dir/dir2
	at org.apache.hadoop.ozone.om.KeyManagerImpl.getOzoneFileStatus(KeyManagerImpl.java:1311) ~[ozone-manager-1.3.0-SNAPSHOT.jar:?]
	at org.apache.hadoop.ozone.om.KeyManagerImpl.getFileStatus(KeyManagerImpl.java:1241) ~[ozone-manager-1.3.0-SNAPSHOT.jar:?]
	at org.apache.hadoop.ozone.om.KeyManagerImpl.listStatus(KeyManagerImpl.java:1565) ~[ozone-manager-1.3.0-SNAPSHOT.jar:?]
	at org.apache.hadoop.ozone.om.OzoneManager.listStatus(OzoneManager.java:3545) ~[ozone-manager-1.3.0-SNAPSHOT.jar:?]
	at org.apache.hadoop.ozone.protocolPB.OzoneManagerRequestHandler.listStatus(OzoneManagerRequestHandler.java:1043) ~[ozone-manager-1.3.0-SNAPSHOT.jar:?]
	at org.apache.hadoop.ozone.protocolPB.OzoneManagerRequestHandler.handleReadRequest(OzoneManagerRequestHandler.java:235) ~[ozone-manager-1.3.0-SNAPSHOT.jar:?]
	at org.apache.hadoop.ozone.protocolPB.OzoneManagerProtocolServerSideTranslatorPB.submitReadRequestToOM(OzoneManagerProtocolServerSideTranslatorPB.java:226) ~[ozone-manager-1.3.0-SNAPSHOT.jar:?]
	at org.apache.hadoop.ozone.protocolPB.OzoneManagerProtocolServerSideTranslatorPB.processRequest(OzoneManagerProtocolServerSideTranslatorPB.java:175) ~[ozone-manager-1.3.0-SNAPSHOT.jar:?]
	at org.apache.hadoop.hdds.server.OzoneProtocolMessageDispatcher.processRequest(OzoneProtocolMessageDispatcher.java:87) [hdds-server-framework-1.3.0-SNAPSHOT.jar:?]
	at org.apache.hadoop.ozone.protocolPB.OzoneManagerProtocolServerSideTranslatorPB.submitRequest(OzoneManagerProtocolServerSideTranslatorPB.java:147) [ozone-manager-1.3.0-SNAPSHOT.jar:?]
	at org.apache.hadoop.ozone.protocol.proto.OzoneManagerProtocolProtos$OzoneManagerService$2.callBlockingMethod(OzoneManagerProtocolProtos.java) [ozone-interface-client-1.3.0-SNAPSHOT.jar:?]
	at org.apache.hadoop.ipc.ProtobufRpcEngine$Server.processCall(ProtobufRpcEngine.java:466) [hadoop-common-3.3.1.jar:?]
	at org.apache.hadoop.ipc.ProtobufRpcEngine2$Server$ProtoBufRpcInvoker.call(ProtobufRpcEngine2.java:574) [hadoop-common-3.3.1.jar:?]
	at org.apache.hadoop.ipc.ProtobufRpcEngine2$Server$ProtoBufRpcInvoker.call(ProtobufRpcEngine2.java:552) [hadoop-common-3.3.1.jar:?]
	at org.apache.hadoop.ipc.RPC$Server.call(RPC.java:1093) [hadoop-common-3.3.1.jar:?]
	at org.apache.hadoop.ipc.Server$RpcCall.run(Server.java:1035) [hadoop-common-3.3.1.jar:?]
	at org.apache.hadoop.ipc.Server$RpcCall.run(Server.java:963) [hadoop-common-3.3.1.jar:?]
	at java.security.AccessController.doPrivileged(Native Method) ~[?:1.8.0_332]
	at javax.security.auth.Subject.doAs(Subject.java:422) [?:1.8.0_332]
	at org.apache.hadoop.security.UserGroupInformation.doAs(UserGroupInformation.java:1878) [hadoop-common-3.3.1.jar:?]
	at org.apache.hadoop.ipc.Server$Handler.run(Server.java:2966) [hadoop-common-3.3.1.jar:?]
01:48:59.389 [IPC Server handler 2 on default port 43571] ERROR OMAudit - user=runner | ip=127.0.0.1 | op=LIST_STATUS {volume=volume20437, bucket=bucket13629, key=root_dir/file2, dataSize=0, replicationConfig=null} | ret=FAILURE
org.apache.hadoop.ozone.om.exceptions.OMException: Unable to get file status: volume: volume20437 bucket: bucket13629 key: root_dir/file2
	at org.apache.hadoop.ozone.om.KeyManagerImpl.getOzoneFileStatus(KeyManagerImpl.java:1311) ~[ozone-manager-1.3.0-SNAPSHOT.jar:?]
	at org.apache.hadoop.ozone.om.KeyManagerImpl.getFileStatus(KeyManagerImpl.java:1241) ~[ozone-manager-1.3.0-SNAPSHOT.jar:?]
	at org.apache.hadoop.ozone.om.KeyManagerImpl.listStatus(KeyManagerImpl.java:1565) ~[ozone-manager-1.3.0-SNAPSHOT.jar:?]
	at org.apache.hadoop.ozone.om.OzoneManager.listStatus(OzoneManager.java:3545) ~[ozone-manager-1.3.0-SNAPSHOT.jar:?]
	at org.apache.hadoop.ozone.protocolPB.OzoneManagerRequestHandler.listStatus(OzoneManagerRequestHandler.java:1043) ~[ozone-manager-1.3.0-SNAPSHOT.jar:?]
	at org.apache.hadoop.ozone.protocolPB.OzoneManagerRequestHandler.handleReadRequest(OzoneManagerRequestHandler.java:235) ~[ozone-manager-1.3.0-SNAPSHOT.jar:?]
	at org.apache.hadoop.ozone.protocolPB.OzoneManagerProtocolServerSideTranslatorPB.submitReadRequestToOM(OzoneManagerProtocolServerSideTranslatorPB.java:226) ~[ozone-manager-1.3.0-SNAPSHOT.jar:?]
	at org.apache.hadoop.ozone.protocolPB.OzoneManagerProtocolServerSideTranslatorPB.processRequest(OzoneManagerProtocolServerSideTranslatorPB.java:175) ~[ozone-manager-1.3.0-SNAPSHOT.jar:?]
	at org.apache.hadoop.hdds.server.OzoneProtocolMessageDispatcher.processRequest(OzoneProtocolMessageDispatcher.java:87) [hdds-server-framework-1.3.0-SNAPSHOT.jar:?]
	at org.apache.hadoop.ozone.protocolPB.OzoneManagerProtocolServerSideTranslatorPB.submitRequest(OzoneManagerProtocolServerSideTranslatorPB.java:147) [ozone-manager-1.3.0-SNAPSHOT.jar:?]
	at org.apache.hadoop.ozone.protocol.proto.OzoneManagerProtocolProtos$OzoneManagerService$2.callBlockingMethod(OzoneManagerProtocolProtos.java) [ozone-interface-client-1.3.0-SNAPSHOT.jar:?]
	at org.apache.hadoop.ipc.ProtobufRpcEngine$Server.processCall(ProtobufRpcEngine.java:466) [hadoop-common-3.3.1.jar:?]
	at org.apache.hadoop.ipc.ProtobufRpcEngine2$Server$ProtoBufRpcInvoker.call(ProtobufRpcEngine2.java:574) [hadoop-common-3.3.1.jar:?]
	at org.apache.hadoop.ipc.ProtobufRpcEngine2$Server$ProtoBufRpcInvoker.call(ProtobufRpcEngine2.java:552) [hadoop-common-3.3.1.jar:?]
	at org.apache.hadoop.ipc.RPC$Server.call(RPC.java:1093) [hadoop-common-3.3.1.jar:?]
	at org.apache.hadoop.ipc.Server$RpcCall.run(Server.java:1035) [hadoop-common-3.3.1.jar:?]
	at org.apache.hadoop.ipc.Server$RpcCall.run(Server.java:963) [hadoop-common-3.3.1.jar:?]
	at java.security.AccessController.doPrivileged(Native Method) ~[?:1.8.0_332]
	at javax.security.auth.Subject.doAs(Subject.java:422) [?:1.8.0_332]
	at org.apache.hadoop.security.UserGroupInformation.doAs(UserGroupInformation.java:1878) [hadoop-common-3.3.1.jar:?]
	at org.apache.hadoop.ipc.Server$Handler.run(Server.java:2966) [hadoop-common-3.3.1.jar:?]
01:48:59.401 [IPC Server handler 10 on default port 43571] ERROR OMAudit - user=runner | ip=127.0.0.1 | op=GET_FILE_STATUS {volume=volume20437, bucket=bucket13629, key=root_dir/dir1/file2, dataSize=0, replicationConfig=null} | ret=FAILURE
org.apache.hadoop.ozone.om.exceptions.OMException: Unable to get file status: volume: volume20437 bucket: bucket13629 key: root_dir/dir1/file2
	at org.apache.hadoop.ozone.om.KeyManagerImpl.getOzoneFileStatus(KeyManagerImpl.java:1311) ~[ozone-manager-1.3.0-SNAPSHOT.jar:?]
	at org.apache.hadoop.ozone.om.KeyManagerImpl.getFileStatus(KeyManagerImpl.java:1241) ~[ozone-manager-1.3.0-SNAPSHOT.jar:?]
	at org.apache.hadoop.ozone.om.OzoneManager.getFileStatus(OzoneManager.java:3467) ~[ozone-manager-1.3.0-SNAPSHOT.jar:?]
	at org.apache.hadoop.ozone.protocolPB.OzoneManagerRequestHandler.getOzoneFileStatus(OzoneManagerRequestHandler.java:878) ~[ozone-manager-1.3.0-SNAPSHOT.jar:?]
	at org.apache.hadoop.ozone.protocolPB.OzoneManagerRequestHandler.handleReadRequest(OzoneManagerRequestHandler.java:224) ~[ozone-manager-1.3.0-SNAPSHOT.jar:?]
	at org.apache.hadoop.ozone.protocolPB.OzoneManagerProtocolServerSideTranslatorPB.submitReadRequestToOM(OzoneManagerProtocolServerSideTranslatorPB.java:226) ~[ozone-manager-1.3.0-SNAPSHOT.jar:?]
	at org.apache.hadoop.ozone.protocolPB.OzoneManagerProtocolServerSideTranslatorPB.processRequest(OzoneManagerProtocolServerSideTranslatorPB.java:175) ~[ozone-manager-1.3.0-SNAPSHOT.jar:?]
	at org.apache.hadoop.hdds.server.OzoneProtocolMessageDispatcher.processRequest(OzoneProtocolMessageDispatcher.java:87) [hdds-server-framework-1.3.0-SNAPSHOT.jar:?]
	at org.apache.hadoop.ozone.protocolPB.OzoneManagerProtocolServerSideTranslatorPB.submitRequest(OzoneManagerProtocolServerSideTranslatorPB.java:147) [ozone-manager-1.3.0-SNAPSHOT.jar:?]
	at org.apache.hadoop.ozone.protocol.proto.OzoneManagerProtocolProtos$OzoneManagerService$2.callBlockingMethod(OzoneManagerProtocolProtos.java) [ozone-interface-client-1.3.0-SNAPSHOT.jar:?]
	at org.apache.hadoop.ipc.ProtobufRpcEngine$Server.processCall(ProtobufRpcEngine.java:466) [hadoop-common-3.3.1.jar:?]
	at org.apache.hadoop.ipc.ProtobufRpcEngine2$Server$ProtoBufRpcInvoker.call(ProtobufRpcEngine2.java:574) [hadoop-common-3.3.1.jar:?]
	at org.apache.hadoop.ipc.ProtobufRpcEngine2$Server$ProtoBufRpcInvoker.call(ProtobufRpcEngine2.java:552) [hadoop-common-3.3.1.jar:?]
	at org.apache.hadoop.ipc.RPC$Server.call(RPC.java:1093) [hadoop-common-3.3.1.jar:?]
	at org.apache.hadoop.ipc.Server$RpcCall.run(Server.java:1035) [hadoop-common-3.3.1.jar:?]
	at org.apache.hadoop.ipc.Server$RpcCall.run(Server.java:963) [hadoop-common-3.3.1.jar:?]
	at java.security.AccessController.doPrivileged(Native Method) ~[?:1.8.0_332]
	at javax.security.auth.Subject.doAs(Subject.java:422) [?:1.8.0_332]
	at org.apache.hadoop.security.UserGroupInformation.doAs(UserGroupInformation.java:1878) [hadoop-common-3.3.1.jar:?]
	at org.apache.hadoop.ipc.Server$Handler.run(Server.java:2966) [hadoop-common-3.3.1.jar:?]
2022-07-30 01:48:59,401 [Time-limited test] WARN  ozone.BasicRootedOzoneFileSystem (BasicRootedOzoneFileSystem.java:delete(572)) - delete: Path does not exist: /volume20437/bucket13629/root_dir/dir1/file2
01:48:59.402 [IPC Server handler 17 on default port 43571] ERROR OMAudit - user=runner | ip=127.0.0.1 | op=GET_FILE_STATUS {volume=volume20437, bucket=bucket13629, key=root_dir/dir1/dir2, dataSize=0, replicationConfig=null} | ret=FAILURE
org.apache.hadoop.ozone.om.exceptions.OMException: Unable to get file status: volume: volume20437 bucket: bucket13629 key: root_dir/dir1/dir2
	at org.apache.hadoop.ozone.om.KeyManagerImpl.getOzoneFileStatus(KeyManagerImpl.java:1311) ~[ozone-manager-1.3.0-SNAPSHOT.jar:?]
	at org.apache.hadoop.ozone.om.KeyManagerImpl.getFileStatus(KeyManagerImpl.java:1241) ~[ozone-manager-1.3.0-SNAPSHOT.jar:?]
	at org.apache.hadoop.ozone.om.OzoneManager.getFileStatus(OzoneManager.java:3467) ~[ozone-manager-1.3.0-SNAPSHOT.jar:?]
	at org.apache.hadoop.ozone.protocolPB.OzoneManagerRequestHandler.getOzoneFileStatus(OzoneManagerRequestHandler.java:878) ~[ozone-manager-1.3.0-SNAPSHOT.jar:?]
	at org.apache.hadoop.ozone.protocolPB.OzoneManagerRequestHandler.handleReadRequest(OzoneManagerRequestHandler.java:224) ~[ozone-manager-1.3.0-SNAPSHOT.jar:?]
	at org.apache.hadoop.ozone.protocolPB.OzoneManagerProtocolServerSideTranslatorPB.submitReadRequestToOM(OzoneManagerProtocolServerSideTranslatorPB.java:226) ~[ozone-manager-1.3.0-SNAPSHOT.jar:?]
	at org.apache.hadoop.ozone.protocolPB.OzoneManagerProtocolServerSideTranslatorPB.processRequest(OzoneManagerProtocolServerSideTranslatorPB.java:175) ~[ozone-manager-1.3.0-SNAPSHOT.jar:?]
	at org.apache.hadoop.hdds.server.OzoneProtocolMessageDispatcher.processRequest(OzoneProtocolMessageDispatcher.java:87) [hdds-server-framework-1.3.0-SNAPSHOT.jar:?]
	at org.apache.hadoop.ozone.protocolPB.OzoneManagerProtocolServerSideTranslatorPB.submitRequest(OzoneManagerProtocolServerSideTranslatorPB.java:147) [ozone-manager-1.3.0-SNAPSHOT.jar:?]
	at org.apache.hadoop.ozone.protocol.proto.OzoneManagerProtocolProtos$OzoneManagerService$2.callBlockingMethod(OzoneManagerProtocolProtos.java) [ozone-interface-client-1.3.0-SNAPSHOT.jar:?]
	at org.apache.hadoop.ipc.ProtobufRpcEngine$Server.processCall(ProtobufRpcEngine.java:466) [hadoop-common-3.3.1.jar:?]
	at org.apache.hadoop.ipc.ProtobufRpcEngine2$Server$ProtoBufRpcInvoker.call(ProtobufRpcEngine2.java:574) [hadoop-common-3.3.1.jar:?]
	at org.apache.hadoop.ipc.ProtobufRpcEngine2$Server$ProtoBufRpcInvoker.call(ProtobufRpcEngine2.java:552) [hadoop-common-3.3.1.jar:?]
	at org.apache.hadoop.ipc.RPC$Server.call(RPC.java:1093) [hadoop-common-3.3.1.jar:?]
	at org.apache.hadoop.ipc.Server$RpcCall.run(Server.java:1035) [hadoop-common-3.3.1.jar:?]
	at org.apache.hadoop.ipc.Server$RpcCall.run(Server.java:963) [hadoop-common-3.3.1.jar:?]
	at java.security.AccessController.doPrivileged(Native Method) ~[?:1.8.0_332]
	at javax.security.auth.Subject.doAs(Subject.java:422) [?:1.8.0_332]
	at org.apache.hadoop.security.UserGroupInformation.doAs(UserGroupInformation.java:1878) [hadoop-common-3.3.1.jar:?]
	at org.apache.hadoop.ipc.Server$Handler.run(Server.java:2966) [hadoop-common-3.3.1.jar:?]
2022-07-30 01:48:59,403 [Time-limited test] WARN  ozone.BasicRootedOzoneFileSystem (BasicRootedOzoneFileSystem.java:delete(572)) - delete: Path does not exist: /volume20437/bucket13629/root_dir/dir1/dir2
]]></system-out>
  </testcase>
  <testcase name="testRenameToParentDir" classname="TestRootedOzoneFileSystem" time="0.223">
    <system-out><![CDATA[2022-07-30 01:50:11,569 [Time-limited test] INFO  rpc.RpcClient (RpcClient.java:createVolume(468)) - Creating Volume: volume99231, with user01874 as owner and space quota set to -1 bytes, counts quota set to -1
2022-07-30 01:50:11,570 [IPC Server handler 17 on default port 41659] INFO  volume.OMVolumeCreateRequest (OMVolumeCreateRequest.java:validateAndUpdateCache(195)) - created volume:volume99231 for user:user01874
2022-07-30 01:50:11,572 [Time-limited test] INFO  rpc.RpcClient (RpcClient.java:createBucket(671)) - Creating Bucket: volume99231/bucket81519, with bucket layout LEGACY, runner as owner, Versioning false, Storage Type set to DISK and Encryption set to false 
2022-07-30 01:50:11,572 [IPC Server handler 19 on default port 41659] INFO  bucket.OMBucketCreateRequest (OMBucketCreateRequest.java:validateAndUpdateCache(260)) - created bucket: bucket81519 of layout LEGACY in volume: volume99231
01:50:11.582 [IPC Server handler 3 on default port 41659] ERROR OMAudit - user=runner | ip=127.0.0.1 | op=LIST_STATUS {volume=volume99231, bucket=bucket81519, key=root_dir/dir2, dataSize=0, replicationConfig=null} | ret=FAILURE
org.apache.hadoop.ozone.om.exceptions.OMException: Unable to get file status: volume: volume99231 bucket: bucket81519 key: root_dir/dir2
	at org.apache.hadoop.ozone.om.KeyManagerImpl.getOzoneFileStatus(KeyManagerImpl.java:1311) ~[ozone-manager-1.3.0-SNAPSHOT.jar:?]
	at org.apache.hadoop.ozone.om.KeyManagerImpl.getFileStatus(KeyManagerImpl.java:1241) ~[ozone-manager-1.3.0-SNAPSHOT.jar:?]
	at org.apache.hadoop.ozone.om.KeyManagerImpl.listStatus(KeyManagerImpl.java:1565) ~[ozone-manager-1.3.0-SNAPSHOT.jar:?]
	at org.apache.hadoop.ozone.om.OzoneManager.listStatus(OzoneManager.java:3545) ~[ozone-manager-1.3.0-SNAPSHOT.jar:?]
	at org.apache.hadoop.ozone.protocolPB.OzoneManagerRequestHandler.listStatus(OzoneManagerRequestHandler.java:1043) ~[ozone-manager-1.3.0-SNAPSHOT.jar:?]
	at org.apache.hadoop.ozone.protocolPB.OzoneManagerRequestHandler.handleReadRequest(OzoneManagerRequestHandler.java:235) ~[ozone-manager-1.3.0-SNAPSHOT.jar:?]
	at org.apache.hadoop.ozone.protocolPB.OzoneManagerProtocolServerSideTranslatorPB.submitRequestDirectlyToOM(OzoneManagerProtocolServerSideTranslatorPB.java:276) ~[ozone-manager-1.3.0-SNAPSHOT.jar:?]
	at org.apache.hadoop.ozone.protocolPB.OzoneManagerProtocolServerSideTranslatorPB.processRequest(OzoneManagerProtocolServerSideTranslatorPB.java:205) ~[ozone-manager-1.3.0-SNAPSHOT.jar:?]
	at org.apache.hadoop.hdds.server.OzoneProtocolMessageDispatcher.processRequest(OzoneProtocolMessageDispatcher.java:87) [hdds-server-framework-1.3.0-SNAPSHOT.jar:?]
	at org.apache.hadoop.ozone.protocolPB.OzoneManagerProtocolServerSideTranslatorPB.submitRequest(OzoneManagerProtocolServerSideTranslatorPB.java:147) [ozone-manager-1.3.0-SNAPSHOT.jar:?]
	at org.apache.hadoop.ozone.protocol.proto.OzoneManagerProtocolProtos$OzoneManagerService$2.callBlockingMethod(OzoneManagerProtocolProtos.java) [ozone-interface-client-1.3.0-SNAPSHOT.jar:?]
	at org.apache.hadoop.ipc.ProtobufRpcEngine$Server.processCall(ProtobufRpcEngine.java:466) [hadoop-common-3.3.1.jar:?]
	at org.apache.hadoop.ipc.ProtobufRpcEngine2$Server$ProtoBufRpcInvoker.call(ProtobufRpcEngine2.java:574) [hadoop-common-3.3.1.jar:?]
	at org.apache.hadoop.ipc.ProtobufRpcEngine2$Server$ProtoBufRpcInvoker.call(ProtobufRpcEngine2.java:552) [hadoop-common-3.3.1.jar:?]
	at org.apache.hadoop.ipc.RPC$Server.call(RPC.java:1093) [hadoop-common-3.3.1.jar:?]
	at org.apache.hadoop.ipc.Server$RpcCall.run(Server.java:1035) [hadoop-common-3.3.1.jar:?]
	at org.apache.hadoop.ipc.Server$RpcCall.run(Server.java:963) [hadoop-common-3.3.1.jar:?]
	at java.security.AccessController.doPrivileged(Native Method) ~[?:1.8.0_332]
	at javax.security.auth.Subject.doAs(Subject.java:422) [?:1.8.0_332]
	at org.apache.hadoop.security.UserGroupInformation.doAs(UserGroupInformation.java:1878) [hadoop-common-3.3.1.jar:?]
	at org.apache.hadoop.ipc.Server$Handler.run(Server.java:2966) [hadoop-common-3.3.1.jar:?]
2022-07-30 01:50:11,596 [fb78403e-0909-4251-8a90-abb070a55978@group-C5EFA702D848-FollowerState] INFO  impl.FollowerState (FollowerState.java:run(143)) - fb78403e-0909-4251-8a90-abb070a55978@group-C5EFA702D848-FollowerState: change to CANDIDATE, lastRpcElapsedTime:5048006629ns, electionTimeout:5025ms
2022-07-30 01:50:11,596 [fb78403e-0909-4251-8a90-abb070a55978@group-C5EFA702D848-FollowerState] INFO  impl.RoleInfo (RoleInfo.java:shutdownFollowerState(110)) - fb78403e-0909-4251-8a90-abb070a55978: shutdown fb78403e-0909-4251-8a90-abb070a55978@group-C5EFA702D848-FollowerState
2022-07-30 01:50:11,597 [fb78403e-0909-4251-8a90-abb070a55978@group-C5EFA702D848-FollowerState] INFO  server.RaftServer$Division (RaftServerImpl.java:setRole(299)) - fb78403e-0909-4251-8a90-abb070a55978@group-C5EFA702D848: changes role from  FOLLOWER to CANDIDATE at term 1 for changeToCandidate
2022-07-30 01:50:11,597 [fb78403e-0909-4251-8a90-abb070a55978@group-C5EFA702D848-FollowerState] INFO  server.RaftServerConfigKeys (ConfUtils.java:logGet(46)) - raft.server.leaderelection.pre-vote = false (custom)
2022-07-30 01:50:11,597 [fb78403e-0909-4251-8a90-abb070a55978@group-C5EFA702D848-FollowerState] INFO  impl.RoleInfo (RoleInfo.java:updateAndGet(139)) - fb78403e-0909-4251-8a90-abb070a55978: start fb78403e-0909-4251-8a90-abb070a55978@group-C5EFA702D848-LeaderElection41
01:50:11.617 [IPC Server handler 1 on default port 41659] ERROR OMAudit - user=runner | ip=127.0.0.1 | op=LIST_STATUS {volume=volume99231, bucket=bucket81519, key=root_dir/file2, dataSize=0, replicationConfig=null} | ret=FAILURE
org.apache.hadoop.ozone.om.exceptions.OMException: Unable to get file status: volume: volume99231 bucket: bucket81519 key: root_dir/file2
	at org.apache.hadoop.ozone.om.KeyManagerImpl.getOzoneFileStatus(KeyManagerImpl.java:1311) ~[ozone-manager-1.3.0-SNAPSHOT.jar:?]
	at org.apache.hadoop.ozone.om.KeyManagerImpl.getFileStatus(KeyManagerImpl.java:1241) ~[ozone-manager-1.3.0-SNAPSHOT.jar:?]
	at org.apache.hadoop.ozone.om.KeyManagerImpl.listStatus(KeyManagerImpl.java:1565) ~[ozone-manager-1.3.0-SNAPSHOT.jar:?]
	at org.apache.hadoop.ozone.om.OzoneManager.listStatus(OzoneManager.java:3545) ~[ozone-manager-1.3.0-SNAPSHOT.jar:?]
	at org.apache.hadoop.ozone.protocolPB.OzoneManagerRequestHandler.listStatus(OzoneManagerRequestHandler.java:1043) ~[ozone-manager-1.3.0-SNAPSHOT.jar:?]
	at org.apache.hadoop.ozone.protocolPB.OzoneManagerRequestHandler.handleReadRequest(OzoneManagerRequestHandler.java:235) ~[ozone-manager-1.3.0-SNAPSHOT.jar:?]
	at org.apache.hadoop.ozone.protocolPB.OzoneManagerProtocolServerSideTranslatorPB.submitRequestDirectlyToOM(OzoneManagerProtocolServerSideTranslatorPB.java:276) ~[ozone-manager-1.3.0-SNAPSHOT.jar:?]
	at org.apache.hadoop.ozone.protocolPB.OzoneManagerProtocolServerSideTranslatorPB.processRequest(OzoneManagerProtocolServerSideTranslatorPB.java:205) ~[ozone-manager-1.3.0-SNAPSHOT.jar:?]
	at org.apache.hadoop.hdds.server.OzoneProtocolMessageDispatcher.processRequest(OzoneProtocolMessageDispatcher.java:87) [hdds-server-framework-1.3.0-SNAPSHOT.jar:?]
	at org.apache.hadoop.ozone.protocolPB.OzoneManagerProtocolServerSideTranslatorPB.submitRequest(OzoneManagerProtocolServerSideTranslatorPB.java:147) [ozone-manager-1.3.0-SNAPSHOT.jar:?]
	at org.apache.hadoop.ozone.protocol.proto.OzoneManagerProtocolProtos$OzoneManagerService$2.callBlockingMethod(OzoneManagerProtocolProtos.java) [ozone-interface-client-1.3.0-SNAPSHOT.jar:?]
	at org.apache.hadoop.ipc.ProtobufRpcEngine$Server.processCall(ProtobufRpcEngine.java:466) [hadoop-common-3.3.1.jar:?]
	at org.apache.hadoop.ipc.ProtobufRpcEngine2$Server$ProtoBufRpcInvoker.call(ProtobufRpcEngine2.java:574) [hadoop-common-3.3.1.jar:?]
	at org.apache.hadoop.ipc.ProtobufRpcEngine2$Server$ProtoBufRpcInvoker.call(ProtobufRpcEngine2.java:552) [hadoop-common-3.3.1.jar:?]
	at org.apache.hadoop.ipc.RPC$Server.call(RPC.java:1093) [hadoop-common-3.3.1.jar:?]
	at org.apache.hadoop.ipc.Server$RpcCall.run(Server.java:1035) [hadoop-common-3.3.1.jar:?]
	at org.apache.hadoop.ipc.Server$RpcCall.run(Server.java:963) [hadoop-common-3.3.1.jar:?]
	at java.security.AccessController.doPrivileged(Native Method) ~[?:1.8.0_332]
	at javax.security.auth.Subject.doAs(Subject.java:422) [?:1.8.0_332]
	at org.apache.hadoop.security.UserGroupInformation.doAs(UserGroupInformation.java:1878) [hadoop-common-3.3.1.jar:?]
	at org.apache.hadoop.ipc.Server$Handler.run(Server.java:2966) [hadoop-common-3.3.1.jar:?]
01:50:11.622 [IPC Server handler 16 on default port 41659] ERROR OMAudit - user=runner | ip=127.0.0.1 | op=GET_FILE_STATUS {volume=volume99231, bucket=bucket81519, key=root_dir/dir1/file2, dataSize=0, replicationConfig=null} | ret=FAILURE
org.apache.hadoop.ozone.om.exceptions.OMException: Unable to get file status: volume: volume99231 bucket: bucket81519 key: root_dir/dir1/file2
	at org.apache.hadoop.ozone.om.KeyManagerImpl.getOzoneFileStatus(KeyManagerImpl.java:1311) ~[ozone-manager-1.3.0-SNAPSHOT.jar:?]
	at org.apache.hadoop.ozone.om.KeyManagerImpl.getFileStatus(KeyManagerImpl.java:1241) ~[ozone-manager-1.3.0-SNAPSHOT.jar:?]
	at org.apache.hadoop.ozone.om.OzoneManager.getFileStatus(OzoneManager.java:3467) ~[ozone-manager-1.3.0-SNAPSHOT.jar:?]
	at org.apache.hadoop.ozone.protocolPB.OzoneManagerRequestHandler.getOzoneFileStatus(OzoneManagerRequestHandler.java:878) ~[ozone-manager-1.3.0-SNAPSHOT.jar:?]
	at org.apache.hadoop.ozone.protocolPB.OzoneManagerRequestHandler.handleReadRequest(OzoneManagerRequestHandler.java:224) ~[ozone-manager-1.3.0-SNAPSHOT.jar:?]
	at org.apache.hadoop.ozone.protocolPB.OzoneManagerProtocolServerSideTranslatorPB.submitRequestDirectlyToOM(OzoneManagerProtocolServerSideTranslatorPB.java:276) ~[ozone-manager-1.3.0-SNAPSHOT.jar:?]
	at org.apache.hadoop.ozone.protocolPB.OzoneManagerProtocolServerSideTranslatorPB.processRequest(OzoneManagerProtocolServerSideTranslatorPB.java:205) ~[ozone-manager-1.3.0-SNAPSHOT.jar:?]
	at org.apache.hadoop.hdds.server.OzoneProtocolMessageDispatcher.processRequest(OzoneProtocolMessageDispatcher.java:87) [hdds-server-framework-1.3.0-SNAPSHOT.jar:?]
	at org.apache.hadoop.ozone.protocolPB.OzoneManagerProtocolServerSideTranslatorPB.submitRequest(OzoneManagerProtocolServerSideTranslatorPB.java:147) [ozone-manager-1.3.0-SNAPSHOT.jar:?]
	at org.apache.hadoop.ozone.protocol.proto.OzoneManagerProtocolProtos$OzoneManagerService$2.callBlockingMethod(OzoneManagerProtocolProtos.java) [ozone-interface-client-1.3.0-SNAPSHOT.jar:?]
	at org.apache.hadoop.ipc.ProtobufRpcEngine$Server.processCall(ProtobufRpcEngine.java:466) [hadoop-common-3.3.1.jar:?]
	at org.apache.hadoop.ipc.ProtobufRpcEngine2$Server$ProtoBufRpcInvoker.call(ProtobufRpcEngine2.java:574) [hadoop-common-3.3.1.jar:?]
	at org.apache.hadoop.ipc.ProtobufRpcEngine2$Server$ProtoBufRpcInvoker.call(ProtobufRpcEngine2.java:552) [hadoop-common-3.3.1.jar:?]
	at org.apache.hadoop.ipc.RPC$Server.call(RPC.java:1093) [hadoop-common-3.3.1.jar:?]
	at org.apache.hadoop.ipc.Server$RpcCall.run(Server.java:1035) [hadoop-common-3.3.1.jar:?]
	at org.apache.hadoop.ipc.Server$RpcCall.run(Server.java:963) [hadoop-common-3.3.1.jar:?]
	at java.security.AccessController.doPrivileged(Native Method) ~[?:1.8.0_332]
	at javax.security.auth.Subject.doAs(Subject.java:422) [?:1.8.0_332]
	at org.apache.hadoop.security.UserGroupInformation.doAs(UserGroupInformation.java:1878) [hadoop-common-3.3.1.jar:?]
	at org.apache.hadoop.ipc.Server$Handler.run(Server.java:2966) [hadoop-common-3.3.1.jar:?]
2022-07-30 01:50:11,622 [Time-limited test] WARN  ozone.BasicRootedOzoneFileSystem (BasicRootedOzoneFileSystem.java:delete(572)) - delete: Path does not exist: /volume99231/bucket81519/root_dir/dir1/file2
01:50:11.623 [IPC Server handler 14 on default port 41659] ERROR OMAudit - user=runner | ip=127.0.0.1 | op=GET_FILE_STATUS {volume=volume99231, bucket=bucket81519, key=root_dir/dir1/dir2, dataSize=0, replicationConfig=null} | ret=FAILURE
org.apache.hadoop.ozone.om.exceptions.OMException: Unable to get file status: volume: volume99231 bucket: bucket81519 key: root_dir/dir1/dir2
	at org.apache.hadoop.ozone.om.KeyManagerImpl.getOzoneFileStatus(KeyManagerImpl.java:1311) ~[ozone-manager-1.3.0-SNAPSHOT.jar:?]
	at org.apache.hadoop.ozone.om.KeyManagerImpl.getFileStatus(KeyManagerImpl.java:1241) ~[ozone-manager-1.3.0-SNAPSHOT.jar:?]
	at org.apache.hadoop.ozone.om.OzoneManager.getFileStatus(OzoneManager.java:3467) ~[ozone-manager-1.3.0-SNAPSHOT.jar:?]
	at org.apache.hadoop.ozone.protocolPB.OzoneManagerRequestHandler.getOzoneFileStatus(OzoneManagerRequestHandler.java:878) ~[ozone-manager-1.3.0-SNAPSHOT.jar:?]
	at org.apache.hadoop.ozone.protocolPB.OzoneManagerRequestHandler.handleReadRequest(OzoneManagerRequestHandler.java:224) ~[ozone-manager-1.3.0-SNAPSHOT.jar:?]
	at org.apache.hadoop.ozone.protocolPB.OzoneManagerProtocolServerSideTranslatorPB.submitRequestDirectlyToOM(OzoneManagerProtocolServerSideTranslatorPB.java:276) ~[ozone-manager-1.3.0-SNAPSHOT.jar:?]
	at org.apache.hadoop.ozone.protocolPB.OzoneManagerProtocolServerSideTranslatorPB.processRequest(OzoneManagerProtocolServerSideTranslatorPB.java:205) ~[ozone-manager-1.3.0-SNAPSHOT.jar:?]
	at org.apache.hadoop.hdds.server.OzoneProtocolMessageDispatcher.processRequest(OzoneProtocolMessageDispatcher.java:87) [hdds-server-framework-1.3.0-SNAPSHOT.jar:?]
	at org.apache.hadoop.ozone.protocolPB.OzoneManagerProtocolServerSideTranslatorPB.submitRequest(OzoneManagerProtocolServerSideTranslatorPB.java:147) [ozone-manager-1.3.0-SNAPSHOT.jar:?]
	at org.apache.hadoop.ozone.protocol.proto.OzoneManagerProtocolProtos$OzoneManagerService$2.callBlockingMethod(OzoneManagerProtocolProtos.java) [ozone-interface-client-1.3.0-SNAPSHOT.jar:?]
	at org.apache.hadoop.ipc.ProtobufRpcEngine$Server.processCall(ProtobufRpcEngine.java:466) [hadoop-common-3.3.1.jar:?]
	at org.apache.hadoop.ipc.ProtobufRpcEngine2$Server$ProtoBufRpcInvoker.call(ProtobufRpcEngine2.java:574) [hadoop-common-3.3.1.jar:?]
	at org.apache.hadoop.ipc.ProtobufRpcEngine2$Server$ProtoBufRpcInvoker.call(ProtobufRpcEngine2.java:552) [hadoop-common-3.3.1.jar:?]
	at org.apache.hadoop.ipc.RPC$Server.call(RPC.java:1093) [hadoop-common-3.3.1.jar:?]
	at org.apache.hadoop.ipc.Server$RpcCall.run(Server.java:1035) [hadoop-common-3.3.1.jar:?]
	at org.apache.hadoop.ipc.Server$RpcCall.run(Server.java:963) [hadoop-common-3.3.1.jar:?]
	at java.security.AccessController.doPrivileged(Native Method) ~[?:1.8.0_332]
	at javax.security.auth.Subject.doAs(Subject.java:422) [?:1.8.0_332]
	at org.apache.hadoop.security.UserGroupInformation.doAs(UserGroupInformation.java:1878) [hadoop-common-3.3.1.jar:?]
	at org.apache.hadoop.ipc.Server$Handler.run(Server.java:2966) [hadoop-common-3.3.1.jar:?]
2022-07-30 01:50:11,623 [Time-limited test] WARN  ozone.BasicRootedOzoneFileSystem (BasicRootedOzoneFileSystem.java:delete(572)) - delete: Path does not exist: /volume99231/bucket81519/root_dir/dir1/dir2
2022-07-30 01:50:11,630 [fb78403e-0909-4251-8a90-abb070a55978@group-C5EFA702D848-LeaderElection41] INFO  impl.LeaderElection (LeaderElection.java:askForVotes(310)) - fb78403e-0909-4251-8a90-abb070a55978@group-C5EFA702D848-LeaderElection41 ELECTION round 0: submit vote requests at term 2 for -1: [fb78403e-0909-4251-8a90-abb070a55978|rpc:10.1.0.37:34863|dataStream:|priority:1, fffd16ef-e5b7-4790-a173-7212d78e76a6|rpc:10.1.0.37:35259|dataStream:|priority:0, 55bd67d6-70e0-4a0b-ba40-fbb5acf7f14f|rpc:10.1.0.37:45159|dataStream:|priority:0], old=null
2022-07-30 01:50:11,635 [grpc-default-executor-0] INFO  server.RaftServer$Division (RaftServerImpl.java:requestVote(1152)) - fffd16ef-e5b7-4790-a173-7212d78e76a6@group-C5EFA702D848: receive requestVote(ELECTION, fb78403e-0909-4251-8a90-abb070a55978, group-C5EFA702D848, 2, (t:0, i:0))
2022-07-30 01:50:11,635 [grpc-default-executor-0] INFO  impl.VoteContext (VoteContext.java:log(48)) - fffd16ef-e5b7-4790-a173-7212d78e76a6@group-C5EFA702D848-FOLLOWER: accept ELECTION from fb78403e-0909-4251-8a90-abb070a55978: our priority 0 <= candidate's priority 1
2022-07-30 01:50:11,635 [grpc-default-executor-0] INFO  server.RaftServer$Division (RaftServerImpl.java:setRole(299)) - fffd16ef-e5b7-4790-a173-7212d78e76a6@group-C5EFA702D848: changes role from  FOLLOWER to FOLLOWER at term 2 for candidate:fb78403e-0909-4251-8a90-abb070a55978
2022-07-30 01:50:11,635 [grpc-default-executor-0] INFO  impl.RoleInfo (RoleInfo.java:shutdownFollowerState(110)) - fffd16ef-e5b7-4790-a173-7212d78e76a6: shutdown fffd16ef-e5b7-4790-a173-7212d78e76a6@group-C5EFA702D848-FollowerState
2022-07-30 01:50:11,636 [grpc-default-executor-0] INFO  impl.RoleInfo (RoleInfo.java:updateAndGet(139)) - fffd16ef-e5b7-4790-a173-7212d78e76a6: start fffd16ef-e5b7-4790-a173-7212d78e76a6@group-C5EFA702D848-FollowerState
2022-07-30 01:50:11,636 [fffd16ef-e5b7-4790-a173-7212d78e76a6@group-C5EFA702D848-FollowerState] INFO  impl.FollowerState (FollowerState.java:run(152)) - fffd16ef-e5b7-4790-a173-7212d78e76a6@group-C5EFA702D848-FollowerState was interrupted
2022-07-30 01:50:11,654 [grpc-default-executor-0] INFO  server.RaftServer$Division (RaftServerImpl.java:requestVote(1184)) - fffd16ef-e5b7-4790-a173-7212d78e76a6@group-C5EFA702D848 replies to ELECTION vote request: fb78403e-0909-4251-8a90-abb070a55978<-fffd16ef-e5b7-4790-a173-7212d78e76a6#0:OK-t2. Peer's state: fffd16ef-e5b7-4790-a173-7212d78e76a6@group-C5EFA702D848:t2, leader=null, voted=fb78403e-0909-4251-8a90-abb070a55978, raftlog=fffd16ef-e5b7-4790-a173-7212d78e76a6@group-C5EFA702D848-SegmentedRaftLog:OPENED:c-1, conf=-1: [fb78403e-0909-4251-8a90-abb070a55978|rpc:10.1.0.37:34863|priority:1, fffd16ef-e5b7-4790-a173-7212d78e76a6|rpc:10.1.0.37:35259|priority:0, 55bd67d6-70e0-4a0b-ba40-fbb5acf7f14f|rpc:10.1.0.37:45159|priority:0], old=null
2022-07-30 01:50:11,671 [grpc-default-executor-2] INFO  server.RaftServer$Division (RaftServerImpl.java:requestVote(1152)) - 55bd67d6-70e0-4a0b-ba40-fbb5acf7f14f@group-C5EFA702D848: receive requestVote(ELECTION, fb78403e-0909-4251-8a90-abb070a55978, group-C5EFA702D848, 2, (t:0, i:0))
2022-07-30 01:50:11,673 [grpc-default-executor-2] INFO  impl.VoteContext (VoteContext.java:log(48)) - 55bd67d6-70e0-4a0b-ba40-fbb5acf7f14f@group-C5EFA702D848-FOLLOWER: accept ELECTION from fb78403e-0909-4251-8a90-abb070a55978: our priority 0 <= candidate's priority 1
2022-07-30 01:50:11,673 [grpc-default-executor-2] INFO  server.RaftServer$Division (RaftServerImpl.java:setRole(299)) - 55bd67d6-70e0-4a0b-ba40-fbb5acf7f14f@group-C5EFA702D848: changes role from  FOLLOWER to FOLLOWER at term 2 for candidate:fb78403e-0909-4251-8a90-abb070a55978
2022-07-30 01:50:11,673 [grpc-default-executor-2] INFO  impl.RoleInfo (RoleInfo.java:shutdownFollowerState(110)) - 55bd67d6-70e0-4a0b-ba40-fbb5acf7f14f: shutdown 55bd67d6-70e0-4a0b-ba40-fbb5acf7f14f@group-C5EFA702D848-FollowerState
2022-07-30 01:50:11,673 [grpc-default-executor-2] INFO  impl.RoleInfo (RoleInfo.java:updateAndGet(139)) - 55bd67d6-70e0-4a0b-ba40-fbb5acf7f14f: start 55bd67d6-70e0-4a0b-ba40-fbb5acf7f14f@group-C5EFA702D848-FollowerState
2022-07-30 01:50:11,673 [55bd67d6-70e0-4a0b-ba40-fbb5acf7f14f@group-C5EFA702D848-FollowerState] INFO  impl.FollowerState (FollowerState.java:run(152)) - 55bd67d6-70e0-4a0b-ba40-fbb5acf7f14f@group-C5EFA702D848-FollowerState was interrupted
2022-07-30 01:50:11,686 [fb78403e-0909-4251-8a90-abb070a55978@group-C5EFA702D848-LeaderElection41] INFO  impl.LeaderElection (LeaderElection.java:logAndReturn(90)) - fb78403e-0909-4251-8a90-abb070a55978@group-C5EFA702D848-LeaderElection41: ELECTION PASSED received 1 response(s) and 0 exception(s):
2022-07-30 01:50:11,686 [fb78403e-0909-4251-8a90-abb070a55978@group-C5EFA702D848-LeaderElection41] INFO  impl.LeaderElection (LeaderElection.java:logAndReturn(94)) -   Response 0: fb78403e-0909-4251-8a90-abb070a55978<-fffd16ef-e5b7-4790-a173-7212d78e76a6#0:OK-t2
2022-07-30 01:50:11,686 [fb78403e-0909-4251-8a90-abb070a55978@group-C5EFA702D848-LeaderElection41] INFO  impl.LeaderElection (LeaderElection.java:askForVotes(312)) - fb78403e-0909-4251-8a90-abb070a55978@group-C5EFA702D848-LeaderElection41 ELECTION round 0: result PASSED
2022-07-30 01:50:11,686 [fb78403e-0909-4251-8a90-abb070a55978@group-C5EFA702D848-LeaderElection41] INFO  impl.RoleInfo (RoleInfo.java:shutdownLeaderElection(130)) - fb78403e-0909-4251-8a90-abb070a55978: shutdown fb78403e-0909-4251-8a90-abb070a55978@group-C5EFA702D848-LeaderElection41
2022-07-30 01:50:11,686 [fb78403e-0909-4251-8a90-abb070a55978@group-C5EFA702D848-LeaderElection41] INFO  server.RaftServer$Division (RaftServerImpl.java:setRole(299)) - fb78403e-0909-4251-8a90-abb070a55978@group-C5EFA702D848: changes role from CANDIDATE to LEADER at term 2 for changeToLeader
2022-07-30 01:50:11,686 [fb78403e-0909-4251-8a90-abb070a55978@group-C5EFA702D848-LeaderElection41] INFO  ratis.XceiverServerRatis (XceiverServerRatis.java:handleLeaderChangedNotification(863)) - Leader change notification received for group: group-C5EFA702D848 with new leaderId: fb78403e-0909-4251-8a90-abb070a55978
2022-07-30 01:50:11,686 [fb78403e-0909-4251-8a90-abb070a55978@group-C5EFA702D848-LeaderElection41] INFO  server.RaftServer$Division (ServerState.java:setLeader(287)) - fb78403e-0909-4251-8a90-abb070a55978@group-C5EFA702D848: change Leader from null to fb78403e-0909-4251-8a90-abb070a55978 at term 2 for becomeLeader, leader elected after 9970ms
2022-07-30 01:50:11,686 [fb78403e-0909-4251-8a90-abb070a55978@group-C5EFA702D848-LeaderElection41] INFO  server.RaftServerConfigKeys (ConfUtils.java:logGet(46)) - raft.server.staging.catchup.gap = 1000 (default)
2022-07-30 01:50:11,687 [fb78403e-0909-4251-8a90-abb070a55978@group-C5EFA702D848-LeaderElection41] INFO  server.RaftServerConfigKeys (ConfUtils.java:logGet(46)) - raft.server.write.element-limit = 1024 (custom)
2022-07-30 01:50:11,687 [fb78403e-0909-4251-8a90-abb070a55978@group-C5EFA702D848-LeaderElection41] INFO  server.RaftServerConfigKeys (ConfUtils.java:logGet(46)) - raft.server.write.byte-limit = 1024 M (=1073741824) (custom)
2022-07-30 01:50:11,687 [fb78403e-0909-4251-8a90-abb070a55978@group-C5EFA702D848-LeaderElection41] INFO  server.RaftServerConfigKeys (ConfUtils.java:logGet(46)) - raft.server.watch.timeout = 180s (custom)
2022-07-30 01:50:11,687 [fb78403e-0909-4251-8a90-abb070a55978@group-C5EFA702D848-LeaderElection41] INFO  server.RaftServerConfigKeys (ConfUtils.java:logGet(46)) - raft.server.watch.timeout.denomination = 1s (default)
2022-07-30 01:50:11,687 [fb78403e-0909-4251-8a90-abb070a55978@group-C5EFA702D848-LeaderElection41] INFO  server.RaftServerConfigKeys (ConfUtils.java:logGet(46)) - raft.server.watch.element-limit = 65536 (default)
2022-07-30 01:50:11,687 [fb78403e-0909-4251-8a90-abb070a55978@group-C5EFA702D848-LeaderElection41] INFO  server.RaftServerConfigKeys (ConfUtils.java:logGet(46)) - raft.server.write.element-limit = 1024 (custom)
2022-07-30 01:50:11,687 [fb78403e-0909-4251-8a90-abb070a55978@group-C5EFA702D848-LeaderElection41] INFO  server.RaftServerConfigKeys (ConfUtils.java:logGet(46)) - raft.server.write.follower.gap.ratio.max = -1.0 (default)
2022-07-30 01:50:11,688 [fb78403e-0909-4251-8a90-abb070a55978@group-C5EFA702D848-LeaderElection41] INFO  server.RaftServerConfigKeys (ConfUtils.java:logGet(46)) - raft.server.log.appender.snapshot.chunk.size.max = 16MB (=16777216) (default)
2022-07-30 01:50:11,688 [fb78403e-0909-4251-8a90-abb070a55978@group-C5EFA702D848-LeaderElection41] INFO  server.RaftServerConfigKeys (ConfUtils.java:logGet(46)) - raft.server.log.appender.buffer.byte-limit = 33554432 (custom)
2022-07-30 01:50:11,688 [fb78403e-0909-4251-8a90-abb070a55978@group-C5EFA702D848-LeaderElection41] INFO  server.RaftServerConfigKeys (ConfUtils.java:logGet(46)) - raft.server.log.appender.buffer.element-limit = 1 (custom)
2022-07-30 01:50:11,689 [fb78403e-0909-4251-8a90-abb070a55978@group-C5EFA702D848-LeaderElection41] INFO  grpc.GrpcConfigKeys (ConfUtils.java:logGet(46)) - raft.grpc.server.leader.outstanding.appends.max = 128 (default)
2022-07-30 01:50:11,689 [fb78403e-0909-4251-8a90-abb070a55978@group-C5EFA702D848-LeaderElection41] INFO  server.RaftServerConfigKeys (ConfUtils.java:logGet(46)) - raft.server.rpc.request.timeout = 60s (custom)
2022-07-30 01:50:11,689 [fb78403e-0909-4251-8a90-abb070a55978@group-C5EFA702D848-LeaderElection41] INFO  server.RaftServerConfigKeys (ConfUtils.java:logGet(46)) - raft.server.log.appender.install.snapshot.enabled = false (custom)
2022-07-30 01:50:11,689 [EventQueue-PipelineReportForPipelineReportHandler] INFO  pipeline.PipelineManagerImpl (PipelineManagerImpl.java:openPipeline(367)) - Pipeline Pipeline[ Id: a1b8c25b-7ef5-4d04-abdb-c5efa702d848, Nodes: 55bd67d6-70e0-4a0b-ba40-fbb5acf7f14f{ip: 10.1.0.37, host: fv-az297-62.nmf1rxwemy4u5di1sxxf4ejcwb.jx.internal.cloudapp.net, ports: [REPLICATION=36385, RATIS=45159, RATIS_ADMIN=45159, RATIS_SERVER=45159, STANDALONE=37223], networkLocation: /default-rack, certSerialId: null, persistedOpState: IN_SERVICE, persistedOpStateExpiryEpochSec: 0}fb78403e-0909-4251-8a90-abb070a55978{ip: 10.1.0.37, host: fv-az297-62.nmf1rxwemy4u5di1sxxf4ejcwb.jx.internal.cloudapp.net, ports: [REPLICATION=40773, RATIS=34863, RATIS_ADMIN=34863, RATIS_SERVER=34863, STANDALONE=33057], networkLocation: /default-rack, certSerialId: null, persistedOpState: IN_SERVICE, persistedOpStateExpiryEpochSec: 0}fffd16ef-e5b7-4790-a173-7212d78e76a6{ip: 10.1.0.37, host: fv-az297-62.nmf1rxwemy4u5di1sxxf4ejcwb.jx.internal.cloudapp.net, ports: [REPLICATION=45321, RATIS=35259, RATIS_ADMIN=35259, RATIS_SERVER=35259, STANDALONE=34937], networkLocation: /default-rack, certSerialId: null, persistedOpState: IN_SERVICE, persistedOpStateExpiryEpochSec: 0}, ReplicationConfig: RATIS/THREE, State:ALLOCATED, leaderId:fb78403e-0909-4251-8a90-abb070a55978, CreationTimestamp2022-07-30T01:49:59.843Z[Etc/UTC]] moved to OPEN state
]]></system-out>
  </testcase>
  <testcase name="testRenameToParentDir" classname="TestRootedOzoneFileSystem" time="0.248">
    <system-out><![CDATA[2022-07-30 01:51:33,203 [Time-limited test] INFO  rpc.RpcClient (RpcClient.java:createVolume(468)) - Creating Volume: volume13609, with user90833 as owner and space quota set to -1 bytes, counts quota set to -1
2022-07-30 01:51:33,222 [OM StateMachine ApplyTransaction Thread - 0] INFO  volume.OMVolumeCreateRequest (OMVolumeCreateRequest.java:validateAndUpdateCache(195)) - created volume:volume13609 for user:user90833
2022-07-30 01:51:33,223 [Time-limited test] INFO  rpc.RpcClient (RpcClient.java:createBucket(671)) - Creating Bucket: volume13609/bucket25005, with bucket layout LEGACY, runner as owner, Versioning false, Storage Type set to DISK and Encryption set to false 
2022-07-30 01:51:33,226 [OM StateMachine ApplyTransaction Thread - 0] INFO  bucket.OMBucketCreateRequest (OMBucketCreateRequest.java:validateAndUpdateCache(260)) - created bucket: bucket25005 of layout LEGACY in volume: volume13609
01:51:33.243 [IPC Server handler 17 on default port 42455] ERROR OMAudit - user=runner | ip=127.0.0.1 | op=LIST_STATUS {volume=volume13609, bucket=bucket25005, key=root_dir/dir2, dataSize=0, replicationConfig=null} | ret=FAILURE
org.apache.hadoop.ozone.om.exceptions.OMException: Unable to get file status: volume: volume13609 bucket: bucket25005 key: root_dir/dir2
	at org.apache.hadoop.ozone.om.KeyManagerImpl.getOzoneFileStatus(KeyManagerImpl.java:1311) ~[ozone-manager-1.3.0-SNAPSHOT.jar:?]
	at org.apache.hadoop.ozone.om.KeyManagerImpl.getFileStatus(KeyManagerImpl.java:1241) ~[ozone-manager-1.3.0-SNAPSHOT.jar:?]
	at org.apache.hadoop.ozone.om.KeyManagerImpl.listStatus(KeyManagerImpl.java:1565) ~[ozone-manager-1.3.0-SNAPSHOT.jar:?]
	at org.apache.hadoop.ozone.om.OzoneManager.listStatus(OzoneManager.java:3545) ~[ozone-manager-1.3.0-SNAPSHOT.jar:?]
	at org.apache.hadoop.ozone.protocolPB.OzoneManagerRequestHandler.listStatus(OzoneManagerRequestHandler.java:1043) ~[ozone-manager-1.3.0-SNAPSHOT.jar:?]
	at org.apache.hadoop.ozone.protocolPB.OzoneManagerRequestHandler.handleReadRequest(OzoneManagerRequestHandler.java:235) ~[ozone-manager-1.3.0-SNAPSHOT.jar:?]
	at org.apache.hadoop.ozone.protocolPB.OzoneManagerProtocolServerSideTranslatorPB.submitReadRequestToOM(OzoneManagerProtocolServerSideTranslatorPB.java:226) ~[ozone-manager-1.3.0-SNAPSHOT.jar:?]
	at org.apache.hadoop.ozone.protocolPB.OzoneManagerProtocolServerSideTranslatorPB.processRequest(OzoneManagerProtocolServerSideTranslatorPB.java:175) ~[ozone-manager-1.3.0-SNAPSHOT.jar:?]
	at org.apache.hadoop.hdds.server.OzoneProtocolMessageDispatcher.processRequest(OzoneProtocolMessageDispatcher.java:87) [hdds-server-framework-1.3.0-SNAPSHOT.jar:?]
	at org.apache.hadoop.ozone.protocolPB.OzoneManagerProtocolServerSideTranslatorPB.submitRequest(OzoneManagerProtocolServerSideTranslatorPB.java:147) [ozone-manager-1.3.0-SNAPSHOT.jar:?]
	at org.apache.hadoop.ozone.protocol.proto.OzoneManagerProtocolProtos$OzoneManagerService$2.callBlockingMethod(OzoneManagerProtocolProtos.java) [ozone-interface-client-1.3.0-SNAPSHOT.jar:?]
	at org.apache.hadoop.ipc.ProtobufRpcEngine$Server.processCall(ProtobufRpcEngine.java:466) [hadoop-common-3.3.1.jar:?]
	at org.apache.hadoop.ipc.ProtobufRpcEngine2$Server$ProtoBufRpcInvoker.call(ProtobufRpcEngine2.java:574) [hadoop-common-3.3.1.jar:?]
	at org.apache.hadoop.ipc.ProtobufRpcEngine2$Server$ProtoBufRpcInvoker.call(ProtobufRpcEngine2.java:552) [hadoop-common-3.3.1.jar:?]
	at org.apache.hadoop.ipc.RPC$Server.call(RPC.java:1093) [hadoop-common-3.3.1.jar:?]
	at org.apache.hadoop.ipc.Server$RpcCall.run(Server.java:1035) [hadoop-common-3.3.1.jar:?]
	at org.apache.hadoop.ipc.Server$RpcCall.run(Server.java:963) [hadoop-common-3.3.1.jar:?]
	at java.security.AccessController.doPrivileged(Native Method) ~[?:1.8.0_332]
	at javax.security.auth.Subject.doAs(Subject.java:422) [?:1.8.0_332]
	at org.apache.hadoop.security.UserGroupInformation.doAs(UserGroupInformation.java:1878) [hadoop-common-3.3.1.jar:?]
	at org.apache.hadoop.ipc.Server$Handler.run(Server.java:2966) [hadoop-common-3.3.1.jar:?]
01:51:33.258 [IPC Server handler 14 on default port 42455] ERROR OMAudit - user=runner | ip=127.0.0.1 | op=LIST_STATUS {volume=volume13609, bucket=bucket25005, key=root_dir/file2, dataSize=0, replicationConfig=null} | ret=FAILURE
org.apache.hadoop.ozone.om.exceptions.OMException: Unable to get file status: volume: volume13609 bucket: bucket25005 key: root_dir/file2
	at org.apache.hadoop.ozone.om.KeyManagerImpl.getOzoneFileStatus(KeyManagerImpl.java:1311) ~[ozone-manager-1.3.0-SNAPSHOT.jar:?]
	at org.apache.hadoop.ozone.om.KeyManagerImpl.getFileStatus(KeyManagerImpl.java:1241) ~[ozone-manager-1.3.0-SNAPSHOT.jar:?]
	at org.apache.hadoop.ozone.om.KeyManagerImpl.listStatus(KeyManagerImpl.java:1565) ~[ozone-manager-1.3.0-SNAPSHOT.jar:?]
	at org.apache.hadoop.ozone.om.OzoneManager.listStatus(OzoneManager.java:3545) ~[ozone-manager-1.3.0-SNAPSHOT.jar:?]
	at org.apache.hadoop.ozone.protocolPB.OzoneManagerRequestHandler.listStatus(OzoneManagerRequestHandler.java:1043) ~[ozone-manager-1.3.0-SNAPSHOT.jar:?]
	at org.apache.hadoop.ozone.protocolPB.OzoneManagerRequestHandler.handleReadRequest(OzoneManagerRequestHandler.java:235) ~[ozone-manager-1.3.0-SNAPSHOT.jar:?]
	at org.apache.hadoop.ozone.protocolPB.OzoneManagerProtocolServerSideTranslatorPB.submitReadRequestToOM(OzoneManagerProtocolServerSideTranslatorPB.java:226) ~[ozone-manager-1.3.0-SNAPSHOT.jar:?]
	at org.apache.hadoop.ozone.protocolPB.OzoneManagerProtocolServerSideTranslatorPB.processRequest(OzoneManagerProtocolServerSideTranslatorPB.java:175) ~[ozone-manager-1.3.0-SNAPSHOT.jar:?]
	at org.apache.hadoop.hdds.server.OzoneProtocolMessageDispatcher.processRequest(OzoneProtocolMessageDispatcher.java:87) [hdds-server-framework-1.3.0-SNAPSHOT.jar:?]
	at org.apache.hadoop.ozone.protocolPB.OzoneManagerProtocolServerSideTranslatorPB.submitRequest(OzoneManagerProtocolServerSideTranslatorPB.java:147) [ozone-manager-1.3.0-SNAPSHOT.jar:?]
	at org.apache.hadoop.ozone.protocol.proto.OzoneManagerProtocolProtos$OzoneManagerService$2.callBlockingMethod(OzoneManagerProtocolProtos.java) [ozone-interface-client-1.3.0-SNAPSHOT.jar:?]
	at org.apache.hadoop.ipc.ProtobufRpcEngine$Server.processCall(ProtobufRpcEngine.java:466) [hadoop-common-3.3.1.jar:?]
	at org.apache.hadoop.ipc.ProtobufRpcEngine2$Server$ProtoBufRpcInvoker.call(ProtobufRpcEngine2.java:574) [hadoop-common-3.3.1.jar:?]
	at org.apache.hadoop.ipc.ProtobufRpcEngine2$Server$ProtoBufRpcInvoker.call(ProtobufRpcEngine2.java:552) [hadoop-common-3.3.1.jar:?]
	at org.apache.hadoop.ipc.RPC$Server.call(RPC.java:1093) [hadoop-common-3.3.1.jar:?]
	at org.apache.hadoop.ipc.Server$RpcCall.run(Server.java:1035) [hadoop-common-3.3.1.jar:?]
	at org.apache.hadoop.ipc.Server$RpcCall.run(Server.java:963) [hadoop-common-3.3.1.jar:?]
	at java.security.AccessController.doPrivileged(Native Method) ~[?:1.8.0_332]
	at javax.security.auth.Subject.doAs(Subject.java:422) [?:1.8.0_332]
	at org.apache.hadoop.security.UserGroupInformation.doAs(UserGroupInformation.java:1878) [hadoop-common-3.3.1.jar:?]
	at org.apache.hadoop.ipc.Server$Handler.run(Server.java:2966) [hadoop-common-3.3.1.jar:?]
01:51:33.269 [IPC Server handler 9 on default port 42455] ERROR OMAudit - user=runner | ip=127.0.0.1 | op=GET_FILE_STATUS {volume=volume13609, bucket=bucket25005, key=root_dir/dir1/file2, dataSize=0, replicationConfig=null} | ret=FAILURE
org.apache.hadoop.ozone.om.exceptions.OMException: Unable to get file status: volume: volume13609 bucket: bucket25005 key: root_dir/dir1/file2
	at org.apache.hadoop.ozone.om.KeyManagerImpl.getOzoneFileStatus(KeyManagerImpl.java:1311) ~[ozone-manager-1.3.0-SNAPSHOT.jar:?]
	at org.apache.hadoop.ozone.om.KeyManagerImpl.getFileStatus(KeyManagerImpl.java:1241) ~[ozone-manager-1.3.0-SNAPSHOT.jar:?]
	at org.apache.hadoop.ozone.om.OzoneManager.getFileStatus(OzoneManager.java:3467) ~[ozone-manager-1.3.0-SNAPSHOT.jar:?]
	at org.apache.hadoop.ozone.protocolPB.OzoneManagerRequestHandler.getOzoneFileStatus(OzoneManagerRequestHandler.java:878) ~[ozone-manager-1.3.0-SNAPSHOT.jar:?]
	at org.apache.hadoop.ozone.protocolPB.OzoneManagerRequestHandler.handleReadRequest(OzoneManagerRequestHandler.java:224) ~[ozone-manager-1.3.0-SNAPSHOT.jar:?]
	at org.apache.hadoop.ozone.protocolPB.OzoneManagerProtocolServerSideTranslatorPB.submitReadRequestToOM(OzoneManagerProtocolServerSideTranslatorPB.java:226) ~[ozone-manager-1.3.0-SNAPSHOT.jar:?]
	at org.apache.hadoop.ozone.protocolPB.OzoneManagerProtocolServerSideTranslatorPB.processRequest(OzoneManagerProtocolServerSideTranslatorPB.java:175) ~[ozone-manager-1.3.0-SNAPSHOT.jar:?]
	at org.apache.hadoop.hdds.server.OzoneProtocolMessageDispatcher.processRequest(OzoneProtocolMessageDispatcher.java:87) [hdds-server-framework-1.3.0-SNAPSHOT.jar:?]
	at org.apache.hadoop.ozone.protocolPB.OzoneManagerProtocolServerSideTranslatorPB.submitRequest(OzoneManagerProtocolServerSideTranslatorPB.java:147) [ozone-manager-1.3.0-SNAPSHOT.jar:?]
	at org.apache.hadoop.ozone.protocol.proto.OzoneManagerProtocolProtos$OzoneManagerService$2.callBlockingMethod(OzoneManagerProtocolProtos.java) [ozone-interface-client-1.3.0-SNAPSHOT.jar:?]
	at org.apache.hadoop.ipc.ProtobufRpcEngine$Server.processCall(ProtobufRpcEngine.java:466) [hadoop-common-3.3.1.jar:?]
	at org.apache.hadoop.ipc.ProtobufRpcEngine2$Server$ProtoBufRpcInvoker.call(ProtobufRpcEngine2.java:574) [hadoop-common-3.3.1.jar:?]
	at org.apache.hadoop.ipc.ProtobufRpcEngine2$Server$ProtoBufRpcInvoker.call(ProtobufRpcEngine2.java:552) [hadoop-common-3.3.1.jar:?]
	at org.apache.hadoop.ipc.RPC$Server.call(RPC.java:1093) [hadoop-common-3.3.1.jar:?]
	at org.apache.hadoop.ipc.Server$RpcCall.run(Server.java:1035) [hadoop-common-3.3.1.jar:?]
	at org.apache.hadoop.ipc.Server$RpcCall.run(Server.java:963) [hadoop-common-3.3.1.jar:?]
	at java.security.AccessController.doPrivileged(Native Method) ~[?:1.8.0_332]
	at javax.security.auth.Subject.doAs(Subject.java:422) [?:1.8.0_332]
	at org.apache.hadoop.security.UserGroupInformation.doAs(UserGroupInformation.java:1878) [hadoop-common-3.3.1.jar:?]
	at org.apache.hadoop.ipc.Server$Handler.run(Server.java:2966) [hadoop-common-3.3.1.jar:?]
2022-07-30 01:51:33,270 [Time-limited test] WARN  ozone.BasicRootedOzoneFileSystem (BasicRootedOzoneFileSystem.java:delete(572)) - delete: Path does not exist: /volume13609/bucket25005/root_dir/dir1/file2
01:51:33.270 [IPC Server handler 7 on default port 42455] ERROR OMAudit - user=runner | ip=127.0.0.1 | op=GET_FILE_STATUS {volume=volume13609, bucket=bucket25005, key=root_dir/dir1/dir2, dataSize=0, replicationConfig=null} | ret=FAILURE
org.apache.hadoop.ozone.om.exceptions.OMException: Unable to get file status: volume: volume13609 bucket: bucket25005 key: root_dir/dir1/dir2
	at org.apache.hadoop.ozone.om.KeyManagerImpl.getOzoneFileStatus(KeyManagerImpl.java:1311) ~[ozone-manager-1.3.0-SNAPSHOT.jar:?]
	at org.apache.hadoop.ozone.om.KeyManagerImpl.getFileStatus(KeyManagerImpl.java:1241) ~[ozone-manager-1.3.0-SNAPSHOT.jar:?]
	at org.apache.hadoop.ozone.om.OzoneManager.getFileStatus(OzoneManager.java:3467) ~[ozone-manager-1.3.0-SNAPSHOT.jar:?]
	at org.apache.hadoop.ozone.protocolPB.OzoneManagerRequestHandler.getOzoneFileStatus(OzoneManagerRequestHandler.java:878) ~[ozone-manager-1.3.0-SNAPSHOT.jar:?]
	at org.apache.hadoop.ozone.protocolPB.OzoneManagerRequestHandler.handleReadRequest(OzoneManagerRequestHandler.java:224) ~[ozone-manager-1.3.0-SNAPSHOT.jar:?]
	at org.apache.hadoop.ozone.protocolPB.OzoneManagerProtocolServerSideTranslatorPB.submitReadRequestToOM(OzoneManagerProtocolServerSideTranslatorPB.java:226) ~[ozone-manager-1.3.0-SNAPSHOT.jar:?]
	at org.apache.hadoop.ozone.protocolPB.OzoneManagerProtocolServerSideTranslatorPB.processRequest(OzoneManagerProtocolServerSideTranslatorPB.java:175) ~[ozone-manager-1.3.0-SNAPSHOT.jar:?]
	at org.apache.hadoop.hdds.server.OzoneProtocolMessageDispatcher.processRequest(OzoneProtocolMessageDispatcher.java:87) [hdds-server-framework-1.3.0-SNAPSHOT.jar:?]
	at org.apache.hadoop.ozone.protocolPB.OzoneManagerProtocolServerSideTranslatorPB.submitRequest(OzoneManagerProtocolServerSideTranslatorPB.java:147) [ozone-manager-1.3.0-SNAPSHOT.jar:?]
	at org.apache.hadoop.ozone.protocol.proto.OzoneManagerProtocolProtos$OzoneManagerService$2.callBlockingMethod(OzoneManagerProtocolProtos.java) [ozone-interface-client-1.3.0-SNAPSHOT.jar:?]
	at org.apache.hadoop.ipc.ProtobufRpcEngine$Server.processCall(ProtobufRpcEngine.java:466) [hadoop-common-3.3.1.jar:?]
	at org.apache.hadoop.ipc.ProtobufRpcEngine2$Server$ProtoBufRpcInvoker.call(ProtobufRpcEngine2.java:574) [hadoop-common-3.3.1.jar:?]
	at org.apache.hadoop.ipc.ProtobufRpcEngine2$Server$ProtoBufRpcInvoker.call(ProtobufRpcEngine2.java:552) [hadoop-common-3.3.1.jar:?]
	at org.apache.hadoop.ipc.RPC$Server.call(RPC.java:1093) [hadoop-common-3.3.1.jar:?]
	at org.apache.hadoop.ipc.Server$RpcCall.run(Server.java:1035) [hadoop-common-3.3.1.jar:?]
	at org.apache.hadoop.ipc.Server$RpcCall.run(Server.java:963) [hadoop-common-3.3.1.jar:?]
	at java.security.AccessController.doPrivileged(Native Method) ~[?:1.8.0_332]
	at javax.security.auth.Subject.doAs(Subject.java:422) [?:1.8.0_332]
	at org.apache.hadoop.security.UserGroupInformation.doAs(UserGroupInformation.java:1878) [hadoop-common-3.3.1.jar:?]
	at org.apache.hadoop.ipc.Server$Handler.run(Server.java:2966) [hadoop-common-3.3.1.jar:?]
2022-07-30 01:51:33,271 [Time-limited test] WARN  ozone.BasicRootedOzoneFileSystem (BasicRootedOzoneFileSystem.java:delete(572)) - delete: Path does not exist: /volume13609/bucket25005/root_dir/dir1/dir2
2022-07-30 01:51:33,301 [UnderReplicatedQueueThreadThread] INFO  replication.UnderReplicatedProcessor (UnderReplicatedProcessor.java:processAll(85)) - Processed 0 under replicated containers, failed processing 0
2022-07-30 01:51:33,303 [OverReplicatedQueueThreadThread] INFO  replication.OverReplicatedProcessor (OverReplicatedProcessor.java:processAll(83)) - Processed 0 over replicated containers, failed processing 0
]]></system-out>
  </testcase>
  <testcase name="testRenameToParentDir" classname="TestRootedOzoneFileSystem" time="0.213">
    <system-out><![CDATA[2022-07-30 01:52:58,744 [Time-limited test] INFO  rpc.RpcClient (RpcClient.java:createVolume(468)) - Creating Volume: volume08387, with user39326 as owner and space quota set to -1 bytes, counts quota set to -1
2022-07-30 01:52:58,745 [IPC Server handler 3 on default port 40433] INFO  volume.OMVolumeCreateRequest (OMVolumeCreateRequest.java:validateAndUpdateCache(195)) - created volume:volume08387 for user:user39326
2022-07-30 01:52:58,756 [Time-limited test] INFO  rpc.RpcClient (RpcClient.java:createBucket(671)) - Creating Bucket: volume08387/bucket61130, with bucket layout LEGACY, runner as owner, Versioning false, Storage Type set to DISK and Encryption set to false 
2022-07-30 01:52:58,760 [IPC Server handler 1 on default port 40433] INFO  bucket.OMBucketCreateRequest (OMBucketCreateRequest.java:validateAndUpdateCache(260)) - created bucket: bucket61130 of layout LEGACY in volume: volume08387
01:52:58.801 [IPC Server handler 10 on default port 40433] ERROR OMAudit - user=runner | ip=127.0.0.1 | op=LIST_STATUS {volume=volume08387, bucket=bucket61130, key=root_dir/dir2, dataSize=0, replicationConfig=null} | ret=FAILURE
org.apache.hadoop.ozone.om.exceptions.OMException: Unable to get file status: volume: volume08387 bucket: bucket61130 key: root_dir/dir2
	at org.apache.hadoop.ozone.om.KeyManagerImpl.getOzoneFileStatus(KeyManagerImpl.java:1311) ~[ozone-manager-1.3.0-SNAPSHOT.jar:?]
	at org.apache.hadoop.ozone.om.KeyManagerImpl.getFileStatus(KeyManagerImpl.java:1241) ~[ozone-manager-1.3.0-SNAPSHOT.jar:?]
	at org.apache.hadoop.ozone.om.KeyManagerImpl.listStatus(KeyManagerImpl.java:1565) ~[ozone-manager-1.3.0-SNAPSHOT.jar:?]
	at org.apache.hadoop.ozone.om.OzoneManager.listStatus(OzoneManager.java:3545) ~[ozone-manager-1.3.0-SNAPSHOT.jar:?]
	at org.apache.hadoop.ozone.protocolPB.OzoneManagerRequestHandler.listStatus(OzoneManagerRequestHandler.java:1043) ~[ozone-manager-1.3.0-SNAPSHOT.jar:?]
	at org.apache.hadoop.ozone.protocolPB.OzoneManagerRequestHandler.handleReadRequest(OzoneManagerRequestHandler.java:235) ~[ozone-manager-1.3.0-SNAPSHOT.jar:?]
	at org.apache.hadoop.ozone.protocolPB.OzoneManagerProtocolServerSideTranslatorPB.submitRequestDirectlyToOM(OzoneManagerProtocolServerSideTranslatorPB.java:276) ~[ozone-manager-1.3.0-SNAPSHOT.jar:?]
	at org.apache.hadoop.ozone.protocolPB.OzoneManagerProtocolServerSideTranslatorPB.processRequest(OzoneManagerProtocolServerSideTranslatorPB.java:205) ~[ozone-manager-1.3.0-SNAPSHOT.jar:?]
	at org.apache.hadoop.hdds.server.OzoneProtocolMessageDispatcher.processRequest(OzoneProtocolMessageDispatcher.java:87) [hdds-server-framework-1.3.0-SNAPSHOT.jar:?]
	at org.apache.hadoop.ozone.protocolPB.OzoneManagerProtocolServerSideTranslatorPB.submitRequest(OzoneManagerProtocolServerSideTranslatorPB.java:147) [ozone-manager-1.3.0-SNAPSHOT.jar:?]
	at org.apache.hadoop.ozone.protocol.proto.OzoneManagerProtocolProtos$OzoneManagerService$2.callBlockingMethod(OzoneManagerProtocolProtos.java) [ozone-interface-client-1.3.0-SNAPSHOT.jar:?]
	at org.apache.hadoop.ipc.ProtobufRpcEngine$Server.processCall(ProtobufRpcEngine.java:466) [hadoop-common-3.3.1.jar:?]
	at org.apache.hadoop.ipc.ProtobufRpcEngine2$Server$ProtoBufRpcInvoker.call(ProtobufRpcEngine2.java:574) [hadoop-common-3.3.1.jar:?]
	at org.apache.hadoop.ipc.ProtobufRpcEngine2$Server$ProtoBufRpcInvoker.call(ProtobufRpcEngine2.java:552) [hadoop-common-3.3.1.jar:?]
	at org.apache.hadoop.ipc.RPC$Server.call(RPC.java:1093) [hadoop-common-3.3.1.jar:?]
	at org.apache.hadoop.ipc.Server$RpcCall.run(Server.java:1035) [hadoop-common-3.3.1.jar:?]
	at org.apache.hadoop.ipc.Server$RpcCall.run(Server.java:963) [hadoop-common-3.3.1.jar:?]
	at java.security.AccessController.doPrivileged(Native Method) ~[?:1.8.0_332]
	at javax.security.auth.Subject.doAs(Subject.java:422) [?:1.8.0_332]
	at org.apache.hadoop.security.UserGroupInformation.doAs(UserGroupInformation.java:1878) [hadoop-common-3.3.1.jar:?]
	at org.apache.hadoop.ipc.Server$Handler.run(Server.java:2966) [hadoop-common-3.3.1.jar:?]
01:52:58.815 [IPC Server handler 13 on default port 40433] ERROR OMAudit - user=runner | ip=127.0.0.1 | op=LIST_STATUS {volume=volume08387, bucket=bucket61130, key=root_dir/file2, dataSize=0, replicationConfig=null} | ret=FAILURE
org.apache.hadoop.ozone.om.exceptions.OMException: Unable to get file status: volume: volume08387 bucket: bucket61130 key: root_dir/file2
	at org.apache.hadoop.ozone.om.KeyManagerImpl.getOzoneFileStatus(KeyManagerImpl.java:1311) ~[ozone-manager-1.3.0-SNAPSHOT.jar:?]
	at org.apache.hadoop.ozone.om.KeyManagerImpl.getFileStatus(KeyManagerImpl.java:1241) ~[ozone-manager-1.3.0-SNAPSHOT.jar:?]
	at org.apache.hadoop.ozone.om.KeyManagerImpl.listStatus(KeyManagerImpl.java:1565) ~[ozone-manager-1.3.0-SNAPSHOT.jar:?]
	at org.apache.hadoop.ozone.om.OzoneManager.listStatus(OzoneManager.java:3545) ~[ozone-manager-1.3.0-SNAPSHOT.jar:?]
	at org.apache.hadoop.ozone.protocolPB.OzoneManagerRequestHandler.listStatus(OzoneManagerRequestHandler.java:1043) ~[ozone-manager-1.3.0-SNAPSHOT.jar:?]
	at org.apache.hadoop.ozone.protocolPB.OzoneManagerRequestHandler.handleReadRequest(OzoneManagerRequestHandler.java:235) ~[ozone-manager-1.3.0-SNAPSHOT.jar:?]
	at org.apache.hadoop.ozone.protocolPB.OzoneManagerProtocolServerSideTranslatorPB.submitRequestDirectlyToOM(OzoneManagerProtocolServerSideTranslatorPB.java:276) ~[ozone-manager-1.3.0-SNAPSHOT.jar:?]
	at org.apache.hadoop.ozone.protocolPB.OzoneManagerProtocolServerSideTranslatorPB.processRequest(OzoneManagerProtocolServerSideTranslatorPB.java:205) ~[ozone-manager-1.3.0-SNAPSHOT.jar:?]
	at org.apache.hadoop.hdds.server.OzoneProtocolMessageDispatcher.processRequest(OzoneProtocolMessageDispatcher.java:87) [hdds-server-framework-1.3.0-SNAPSHOT.jar:?]
	at org.apache.hadoop.ozone.protocolPB.OzoneManagerProtocolServerSideTranslatorPB.submitRequest(OzoneManagerProtocolServerSideTranslatorPB.java:147) [ozone-manager-1.3.0-SNAPSHOT.jar:?]
	at org.apache.hadoop.ozone.protocol.proto.OzoneManagerProtocolProtos$OzoneManagerService$2.callBlockingMethod(OzoneManagerProtocolProtos.java) [ozone-interface-client-1.3.0-SNAPSHOT.jar:?]
	at org.apache.hadoop.ipc.ProtobufRpcEngine$Server.processCall(ProtobufRpcEngine.java:466) [hadoop-common-3.3.1.jar:?]
	at org.apache.hadoop.ipc.ProtobufRpcEngine2$Server$ProtoBufRpcInvoker.call(ProtobufRpcEngine2.java:574) [hadoop-common-3.3.1.jar:?]
	at org.apache.hadoop.ipc.ProtobufRpcEngine2$Server$ProtoBufRpcInvoker.call(ProtobufRpcEngine2.java:552) [hadoop-common-3.3.1.jar:?]
	at org.apache.hadoop.ipc.RPC$Server.call(RPC.java:1093) [hadoop-common-3.3.1.jar:?]
	at org.apache.hadoop.ipc.Server$RpcCall.run(Server.java:1035) [hadoop-common-3.3.1.jar:?]
	at org.apache.hadoop.ipc.Server$RpcCall.run(Server.java:963) [hadoop-common-3.3.1.jar:?]
	at java.security.AccessController.doPrivileged(Native Method) ~[?:1.8.0_332]
	at javax.security.auth.Subject.doAs(Subject.java:422) [?:1.8.0_332]
	at org.apache.hadoop.security.UserGroupInformation.doAs(UserGroupInformation.java:1878) [hadoop-common-3.3.1.jar:?]
	at org.apache.hadoop.ipc.Server$Handler.run(Server.java:2966) [hadoop-common-3.3.1.jar:?]
01:52:58.821 [IPC Server handler 18 on default port 40433] ERROR OMAudit - user=runner | ip=127.0.0.1 | op=GET_FILE_STATUS {volume=volume08387, bucket=bucket61130, key=root_dir/dir1/file2, dataSize=0, replicationConfig=null} | ret=FAILURE
org.apache.hadoop.ozone.om.exceptions.OMException: Unable to get file status: volume: volume08387 bucket: bucket61130 key: root_dir/dir1/file2
	at org.apache.hadoop.ozone.om.KeyManagerImpl.getOzoneFileStatus(KeyManagerImpl.java:1311) ~[ozone-manager-1.3.0-SNAPSHOT.jar:?]
	at org.apache.hadoop.ozone.om.KeyManagerImpl.getFileStatus(KeyManagerImpl.java:1241) ~[ozone-manager-1.3.0-SNAPSHOT.jar:?]
	at org.apache.hadoop.ozone.om.OzoneManager.getFileStatus(OzoneManager.java:3467) ~[ozone-manager-1.3.0-SNAPSHOT.jar:?]
	at org.apache.hadoop.ozone.protocolPB.OzoneManagerRequestHandler.getOzoneFileStatus(OzoneManagerRequestHandler.java:878) ~[ozone-manager-1.3.0-SNAPSHOT.jar:?]
	at org.apache.hadoop.ozone.protocolPB.OzoneManagerRequestHandler.handleReadRequest(OzoneManagerRequestHandler.java:224) ~[ozone-manager-1.3.0-SNAPSHOT.jar:?]
	at org.apache.hadoop.ozone.protocolPB.OzoneManagerProtocolServerSideTranslatorPB.submitRequestDirectlyToOM(OzoneManagerProtocolServerSideTranslatorPB.java:276) ~[ozone-manager-1.3.0-SNAPSHOT.jar:?]
	at org.apache.hadoop.ozone.protocolPB.OzoneManagerProtocolServerSideTranslatorPB.processRequest(OzoneManagerProtocolServerSideTranslatorPB.java:205) ~[ozone-manager-1.3.0-SNAPSHOT.jar:?]
	at org.apache.hadoop.hdds.server.OzoneProtocolMessageDispatcher.processRequest(OzoneProtocolMessageDispatcher.java:87) [hdds-server-framework-1.3.0-SNAPSHOT.jar:?]
	at org.apache.hadoop.ozone.protocolPB.OzoneManagerProtocolServerSideTranslatorPB.submitRequest(OzoneManagerProtocolServerSideTranslatorPB.java:147) [ozone-manager-1.3.0-SNAPSHOT.jar:?]
	at org.apache.hadoop.ozone.protocol.proto.OzoneManagerProtocolProtos$OzoneManagerService$2.callBlockingMethod(OzoneManagerProtocolProtos.java) [ozone-interface-client-1.3.0-SNAPSHOT.jar:?]
	at org.apache.hadoop.ipc.ProtobufRpcEngine$Server.processCall(ProtobufRpcEngine.java:466) [hadoop-common-3.3.1.jar:?]
	at org.apache.hadoop.ipc.ProtobufRpcEngine2$Server$ProtoBufRpcInvoker.call(ProtobufRpcEngine2.java:574) [hadoop-common-3.3.1.jar:?]
	at org.apache.hadoop.ipc.ProtobufRpcEngine2$Server$ProtoBufRpcInvoker.call(ProtobufRpcEngine2.java:552) [hadoop-common-3.3.1.jar:?]
	at org.apache.hadoop.ipc.RPC$Server.call(RPC.java:1093) [hadoop-common-3.3.1.jar:?]
	at org.apache.hadoop.ipc.Server$RpcCall.run(Server.java:1035) [hadoop-common-3.3.1.jar:?]
	at org.apache.hadoop.ipc.Server$RpcCall.run(Server.java:963) [hadoop-common-3.3.1.jar:?]
	at java.security.AccessController.doPrivileged(Native Method) ~[?:1.8.0_332]
	at javax.security.auth.Subject.doAs(Subject.java:422) [?:1.8.0_332]
	at org.apache.hadoop.security.UserGroupInformation.doAs(UserGroupInformation.java:1878) [hadoop-common-3.3.1.jar:?]
	at org.apache.hadoop.ipc.Server$Handler.run(Server.java:2966) [hadoop-common-3.3.1.jar:?]
2022-07-30 01:52:58,822 [Time-limited test] WARN  ozone.BasicRootedOzoneFileSystem (BasicRootedOzoneFileSystem.java:delete(572)) - delete: Path does not exist: /volume08387/bucket61130/root_dir/dir1/file2
01:52:58.823 [IPC Server handler 19 on default port 40433] ERROR OMAudit - user=runner | ip=127.0.0.1 | op=GET_FILE_STATUS {volume=volume08387, bucket=bucket61130, key=root_dir/dir1/dir2, dataSize=0, replicationConfig=null} | ret=FAILURE
org.apache.hadoop.ozone.om.exceptions.OMException: Unable to get file status: volume: volume08387 bucket: bucket61130 key: root_dir/dir1/dir2
	at org.apache.hadoop.ozone.om.KeyManagerImpl.getOzoneFileStatus(KeyManagerImpl.java:1311) ~[ozone-manager-1.3.0-SNAPSHOT.jar:?]
	at org.apache.hadoop.ozone.om.KeyManagerImpl.getFileStatus(KeyManagerImpl.java:1241) ~[ozone-manager-1.3.0-SNAPSHOT.jar:?]
	at org.apache.hadoop.ozone.om.OzoneManager.getFileStatus(OzoneManager.java:3467) ~[ozone-manager-1.3.0-SNAPSHOT.jar:?]
	at org.apache.hadoop.ozone.protocolPB.OzoneManagerRequestHandler.getOzoneFileStatus(OzoneManagerRequestHandler.java:878) ~[ozone-manager-1.3.0-SNAPSHOT.jar:?]
	at org.apache.hadoop.ozone.protocolPB.OzoneManagerRequestHandler.handleReadRequest(OzoneManagerRequestHandler.java:224) ~[ozone-manager-1.3.0-SNAPSHOT.jar:?]
	at org.apache.hadoop.ozone.protocolPB.OzoneManagerProtocolServerSideTranslatorPB.submitRequestDirectlyToOM(OzoneManagerProtocolServerSideTranslatorPB.java:276) ~[ozone-manager-1.3.0-SNAPSHOT.jar:?]
	at org.apache.hadoop.ozone.protocolPB.OzoneManagerProtocolServerSideTranslatorPB.processRequest(OzoneManagerProtocolServerSideTranslatorPB.java:205) ~[ozone-manager-1.3.0-SNAPSHOT.jar:?]
	at org.apache.hadoop.hdds.server.OzoneProtocolMessageDispatcher.processRequest(OzoneProtocolMessageDispatcher.java:87) [hdds-server-framework-1.3.0-SNAPSHOT.jar:?]
	at org.apache.hadoop.ozone.protocolPB.OzoneManagerProtocolServerSideTranslatorPB.submitRequest(OzoneManagerProtocolServerSideTranslatorPB.java:147) [ozone-manager-1.3.0-SNAPSHOT.jar:?]
	at org.apache.hadoop.ozone.protocol.proto.OzoneManagerProtocolProtos$OzoneManagerService$2.callBlockingMethod(OzoneManagerProtocolProtos.java) [ozone-interface-client-1.3.0-SNAPSHOT.jar:?]
	at org.apache.hadoop.ipc.ProtobufRpcEngine$Server.processCall(ProtobufRpcEngine.java:466) [hadoop-common-3.3.1.jar:?]
	at org.apache.hadoop.ipc.ProtobufRpcEngine2$Server$ProtoBufRpcInvoker.call(ProtobufRpcEngine2.java:574) [hadoop-common-3.3.1.jar:?]
	at org.apache.hadoop.ipc.ProtobufRpcEngine2$Server$ProtoBufRpcInvoker.call(ProtobufRpcEngine2.java:552) [hadoop-common-3.3.1.jar:?]
	at org.apache.hadoop.ipc.RPC$Server.call(RPC.java:1093) [hadoop-common-3.3.1.jar:?]
	at org.apache.hadoop.ipc.Server$RpcCall.run(Server.java:1035) [hadoop-common-3.3.1.jar:?]
	at org.apache.hadoop.ipc.Server$RpcCall.run(Server.java:963) [hadoop-common-3.3.1.jar:?]
	at java.security.AccessController.doPrivileged(Native Method) ~[?:1.8.0_332]
	at javax.security.auth.Subject.doAs(Subject.java:422) [?:1.8.0_332]
	at org.apache.hadoop.security.UserGroupInformation.doAs(UserGroupInformation.java:1878) [hadoop-common-3.3.1.jar:?]
	at org.apache.hadoop.ipc.Server$Handler.run(Server.java:2966) [hadoop-common-3.3.1.jar:?]
2022-07-30 01:52:58,823 [Time-limited test] WARN  ozone.BasicRootedOzoneFileSystem (BasicRootedOzoneFileSystem.java:delete(572)) - delete: Path does not exist: /volume08387/bucket61130/root_dir/dir1/dir2
]]></system-out>
  </testcase>
  <testcase name="testMkdirNonExistentVolumeBucket" classname="TestRootedOzoneFileSystem" time="0.082">
    <system-out><![CDATA[2022-07-30 01:47:42,984 [Time-limited test] INFO  rpc.RpcClient (RpcClient.java:createVolume(468)) - Creating Volume: volume07999, with user64984 as owner and space quota set to -1 bytes, counts quota set to -1
2022-07-30 01:47:42,989 [OM StateMachine ApplyTransaction Thread - 0] INFO  volume.OMVolumeCreateRequest (OMVolumeCreateRequest.java:validateAndUpdateCache(195)) - created volume:volume07999 for user:user64984
2022-07-30 01:47:42,991 [Time-limited test] INFO  rpc.RpcClient (RpcClient.java:createBucket(671)) - Creating Bucket: volume07999/bucket31637, with bucket layout LEGACY, runner as owner, Versioning false, Storage Type set to DISK and Encryption set to false 
2022-07-30 01:47:42,994 [OM StateMachine ApplyTransaction Thread - 0] INFO  bucket.OMBucketCreateRequest (OMBucketCreateRequest.java:validateAndUpdateCache(260)) - created bucket: bucket31637 of layout LEGACY in volume: volume07999
2022-07-30 01:47:42,997 [Time-limited test] INFO  rpc.RpcClient (RpcClient.java:createVolume(468)) - Creating Volume: volume-59331, with runner as owner and space quota set to -1 bytes, counts quota set to -1
2022-07-30 01:47:43,000 [OM StateMachine ApplyTransaction Thread - 0] INFO  volume.OMVolumeCreateRequest (OMVolumeCreateRequest.java:validateAndUpdateCache(195)) - created volume:volume-59331 for user:runner
2022-07-30 01:47:43,001 [Time-limited test] INFO  rpc.RpcClient (RpcClient.java:createBucket(671)) - Creating Bucket: volume-59331/bucket-35836, with bucket layout LEGACY, runner as owner, Versioning false, Storage Type set to DISK and Encryption set to false 
2022-07-30 01:47:43,003 [OM StateMachine ApplyTransaction Thread - 0] INFO  bucket.OMBucketCreateRequest (OMBucketCreateRequest.java:validateAndUpdateCache(260)) - created bucket: bucket-35836 of layout LEGACY in volume: volume-59331
]]></system-out>
  </testcase>
  <testcase name="testMkdirNonExistentVolumeBucket" classname="TestRootedOzoneFileSystem" time="0.145">
    <system-out><![CDATA[2022-07-30 01:48:59,529 [Time-limited test] INFO  rpc.RpcClient (RpcClient.java:createVolume(468)) - Creating Volume: volume17208, with user66079 as owner and space quota set to -1 bytes, counts quota set to -1
2022-07-30 01:48:59,535 [OM StateMachine ApplyTransaction Thread - 0] INFO  volume.OMVolumeCreateRequest (OMVolumeCreateRequest.java:validateAndUpdateCache(195)) - created volume:volume17208 for user:user66079
2022-07-30 01:48:59,536 [Time-limited test] INFO  rpc.RpcClient (RpcClient.java:createBucket(671)) - Creating Bucket: volume17208/bucket26448, with bucket layout LEGACY, runner as owner, Versioning false, Storage Type set to DISK and Encryption set to false 
2022-07-30 01:48:59,539 [OM StateMachine ApplyTransaction Thread - 0] INFO  bucket.OMBucketCreateRequest (OMBucketCreateRequest.java:validateAndUpdateCache(260)) - created bucket: bucket26448 of layout LEGACY in volume: volume17208
01:48:59.543 [IPC Server handler 13 on default port 43571] ERROR OMAudit - user=runner | ip=127.0.0.1 | op=READ_BUCKET {volume=volume-79370, bucket=bucket-84425} | ret=FAILURE
org.apache.hadoop.ozone.om.exceptions.OMException: Volume not found when getting bucket info
	at org.apache.hadoop.ozone.om.BucketManagerImpl.getBucketInfo(BucketManagerImpl.java:127) ~[ozone-manager-1.3.0-SNAPSHOT.jar:?]
	at org.apache.hadoop.ozone.om.OzoneManager.getBucketInfo(OzoneManager.java:2779) ~[ozone-manager-1.3.0-SNAPSHOT.jar:?]
	at org.apache.hadoop.ozone.protocolPB.OzoneManagerRequestHandler.infoBucket(OzoneManagerRequestHandler.java:471) ~[ozone-manager-1.3.0-SNAPSHOT.jar:?]
	at org.apache.hadoop.ozone.protocolPB.OzoneManagerRequestHandler.handleReadRequest(OzoneManagerRequestHandler.java:174) ~[ozone-manager-1.3.0-SNAPSHOT.jar:?]
	at org.apache.hadoop.ozone.protocolPB.OzoneManagerProtocolServerSideTranslatorPB.submitReadRequestToOM(OzoneManagerProtocolServerSideTranslatorPB.java:226) ~[ozone-manager-1.3.0-SNAPSHOT.jar:?]
	at org.apache.hadoop.ozone.protocolPB.OzoneManagerProtocolServerSideTranslatorPB.processRequest(OzoneManagerProtocolServerSideTranslatorPB.java:175) ~[ozone-manager-1.3.0-SNAPSHOT.jar:?]
	at org.apache.hadoop.hdds.server.OzoneProtocolMessageDispatcher.processRequest(OzoneProtocolMessageDispatcher.java:87) [hdds-server-framework-1.3.0-SNAPSHOT.jar:?]
	at org.apache.hadoop.ozone.protocolPB.OzoneManagerProtocolServerSideTranslatorPB.submitRequest(OzoneManagerProtocolServerSideTranslatorPB.java:147) [ozone-manager-1.3.0-SNAPSHOT.jar:?]
	at org.apache.hadoop.ozone.protocol.proto.OzoneManagerProtocolProtos$OzoneManagerService$2.callBlockingMethod(OzoneManagerProtocolProtos.java) [ozone-interface-client-1.3.0-SNAPSHOT.jar:?]
	at org.apache.hadoop.ipc.ProtobufRpcEngine$Server.processCall(ProtobufRpcEngine.java:466) [hadoop-common-3.3.1.jar:?]
	at org.apache.hadoop.ipc.ProtobufRpcEngine2$Server$ProtoBufRpcInvoker.call(ProtobufRpcEngine2.java:574) [hadoop-common-3.3.1.jar:?]
	at org.apache.hadoop.ipc.ProtobufRpcEngine2$Server$ProtoBufRpcInvoker.call(ProtobufRpcEngine2.java:552) [hadoop-common-3.3.1.jar:?]
	at org.apache.hadoop.ipc.RPC$Server.call(RPC.java:1093) [hadoop-common-3.3.1.jar:?]
	at org.apache.hadoop.ipc.Server$RpcCall.run(Server.java:1035) [hadoop-common-3.3.1.jar:?]
	at org.apache.hadoop.ipc.Server$RpcCall.run(Server.java:963) [hadoop-common-3.3.1.jar:?]
	at java.security.AccessController.doPrivileged(Native Method) ~[?:1.8.0_332]
	at javax.security.auth.Subject.doAs(Subject.java:422) [?:1.8.0_332]
	at org.apache.hadoop.security.UserGroupInformation.doAs(UserGroupInformation.java:1878) [hadoop-common-3.3.1.jar:?]
	at org.apache.hadoop.ipc.Server$Handler.run(Server.java:2966) [hadoop-common-3.3.1.jar:?]
2022-07-30 01:48:59,544 [Time-limited test] INFO  rpc.RpcClient (RpcClient.java:createVolume(468)) - Creating Volume: volume-79370, with runner as owner and space quota set to -1 bytes, counts quota set to -1
2022-07-30 01:48:59,546 [OM StateMachine ApplyTransaction Thread - 0] INFO  volume.OMVolumeCreateRequest (OMVolumeCreateRequest.java:validateAndUpdateCache(195)) - created volume:volume-79370 for user:runner
2022-07-30 01:48:59,546 [Time-limited test] INFO  rpc.RpcClient (RpcClient.java:createBucket(671)) - Creating Bucket: volume-79370/bucket-84425, with bucket layout LEGACY, runner as owner, Versioning false, Storage Type set to DISK and Encryption set to false 
2022-07-30 01:48:59,548 [OM StateMachine ApplyTransaction Thread - 0] INFO  bucket.OMBucketCreateRequest (OMBucketCreateRequest.java:validateAndUpdateCache(260)) - created bucket: bucket-84425 of layout LEGACY in volume: volume-79370
]]></system-out>
  </testcase>
  <testcase name="testMkdirNonExistentVolumeBucket" classname="TestRootedOzoneFileSystem" time="0.135">
    <system-out><![CDATA[2022-07-30 01:50:11,697 [fb78403e-0909-4251-8a90-abb070a55978@group-C5EFA702D848-LeaderElection41] INFO  server.RaftServerConfigKeys (ConfUtils.java:logGet(46)) - raft.server.log.appender.snapshot.chunk.size.max = 16MB (=16777216) (default)
2022-07-30 01:50:11,697 [fb78403e-0909-4251-8a90-abb070a55978@group-C5EFA702D848-LeaderElection41] INFO  server.RaftServerConfigKeys (ConfUtils.java:logGet(46)) - raft.server.log.appender.buffer.byte-limit = 33554432 (custom)
2022-07-30 01:50:11,697 [fb78403e-0909-4251-8a90-abb070a55978@group-C5EFA702D848-LeaderElection41] INFO  server.RaftServerConfigKeys (ConfUtils.java:logGet(46)) - raft.server.log.appender.buffer.element-limit = 1 (custom)
2022-07-30 01:50:11,706 [grpc-default-executor-2] INFO  server.RaftServer$Division (RaftServerImpl.java:requestVote(1184)) - 55bd67d6-70e0-4a0b-ba40-fbb5acf7f14f@group-C5EFA702D848 replies to ELECTION vote request: fb78403e-0909-4251-8a90-abb070a55978<-55bd67d6-70e0-4a0b-ba40-fbb5acf7f14f#0:OK-t2. Peer's state: 55bd67d6-70e0-4a0b-ba40-fbb5acf7f14f@group-C5EFA702D848:t2, leader=null, voted=fb78403e-0909-4251-8a90-abb070a55978, raftlog=55bd67d6-70e0-4a0b-ba40-fbb5acf7f14f@group-C5EFA702D848-SegmentedRaftLog:OPENED:c-1, conf=-1: [fb78403e-0909-4251-8a90-abb070a55978|rpc:10.1.0.37:34863|dataStream:|priority:1, fffd16ef-e5b7-4790-a173-7212d78e76a6|rpc:10.1.0.37:35259|dataStream:|priority:0, 55bd67d6-70e0-4a0b-ba40-fbb5acf7f14f|rpc:10.1.0.37:45159|dataStream:|priority:0], old=null
2022-07-30 01:50:11,719 [fb78403e-0909-4251-8a90-abb070a55978@group-C5EFA702D848-LeaderElection41] INFO  grpc.GrpcConfigKeys (ConfUtils.java:logGet(46)) - raft.grpc.server.leader.outstanding.appends.max = 128 (default)
2022-07-30 01:50:11,719 [fb78403e-0909-4251-8a90-abb070a55978@group-C5EFA702D848-LeaderElection41] INFO  server.RaftServerConfigKeys (ConfUtils.java:logGet(46)) - raft.server.rpc.request.timeout = 60s (custom)
2022-07-30 01:50:11,719 [fb78403e-0909-4251-8a90-abb070a55978@group-C5EFA702D848-LeaderElection41] INFO  server.RaftServerConfigKeys (ConfUtils.java:logGet(46)) - raft.server.log.appender.install.snapshot.enabled = false (custom)
2022-07-30 01:50:11,723 [fb78403e-0909-4251-8a90-abb070a55978@group-C5EFA702D848-LeaderElection41] INFO  impl.RoleInfo (RoleInfo.java:updateAndGet(139)) - fb78403e-0909-4251-8a90-abb070a55978: start fb78403e-0909-4251-8a90-abb070a55978@group-C5EFA702D848-LeaderStateImpl
2022-07-30 01:50:11,724 [fb78403e-0909-4251-8a90-abb070a55978@group-C5EFA702D848-LeaderElection41] INFO  segmented.SegmentedRaftLogWorker (SegmentedRaftLogWorker.java:startLogSegment(425)) - fb78403e-0909-4251-8a90-abb070a55978@group-C5EFA702D848-SegmentedRaftLogWorker: Starting segment from index:0
2022-07-30 01:50:11,726 [fb78403e-0909-4251-8a90-abb070a55978@group-C5EFA702D848-SegmentedRaftLogWorker] INFO  segmented.SegmentedRaftLogWorker (SegmentedRaftLogWorker.java:execute(629)) - fb78403e-0909-4251-8a90-abb070a55978@group-C5EFA702D848-SegmentedRaftLogWorker: created new log segment /home/runner/work/ozone/ozone/hadoop-ozone/integration-test/target/test-dir/MiniOzoneClusterImpl-aa47c88b-9cdf-4da5-a3b2-16d3d6598e2f/datanode-1/data/ratis/a1b8c25b-7ef5-4d04-abdb-c5efa702d848/current/log_inprogress_0
2022-07-30 01:50:11,743 [fb78403e-0909-4251-8a90-abb070a55978@group-C5EFA702D848-LeaderElection41] INFO  server.RaftServer$Division (ServerState.java:setRaftConf(393)) - fb78403e-0909-4251-8a90-abb070a55978@group-C5EFA702D848: set configuration 0: [fb78403e-0909-4251-8a90-abb070a55978|rpc:10.1.0.37:34863|dataStream:|priority:1, fffd16ef-e5b7-4790-a173-7212d78e76a6|rpc:10.1.0.37:35259|dataStream:|priority:0, 55bd67d6-70e0-4a0b-ba40-fbb5acf7f14f|rpc:10.1.0.37:45159|dataStream:|priority:0], old=null
2022-07-30 01:50:11,782 [Time-limited test] INFO  rpc.RpcClient (RpcClient.java:createVolume(468)) - Creating Volume: volume50271, with user04874 as owner and space quota set to -1 bytes, counts quota set to -1
2022-07-30 01:50:11,782 [55bd67d6-70e0-4a0b-ba40-fbb5acf7f14f-server-thread1] INFO  ratis.XceiverServerRatis (XceiverServerRatis.java:handleLeaderChangedNotification(863)) - Leader change notification received for group: group-C5EFA702D848 with new leaderId: fb78403e-0909-4251-8a90-abb070a55978
2022-07-30 01:50:11,785 [IPC Server handler 6 on default port 41659] INFO  volume.OMVolumeCreateRequest (OMVolumeCreateRequest.java:validateAndUpdateCache(195)) - created volume:volume50271 for user:user04874
2022-07-30 01:50:11,788 [55bd67d6-70e0-4a0b-ba40-fbb5acf7f14f-server-thread1] INFO  server.RaftServer$Division (ServerState.java:setLeader(287)) - 55bd67d6-70e0-4a0b-ba40-fbb5acf7f14f@group-C5EFA702D848: change Leader from null to fb78403e-0909-4251-8a90-abb070a55978 at term 2 for appendEntries, leader elected after 10232ms
2022-07-30 01:50:11,788 [Time-limited test] INFO  rpc.RpcClient (RpcClient.java:createBucket(671)) - Creating Bucket: volume50271/bucket76034, with bucket layout LEGACY, runner as owner, Versioning false, Storage Type set to DISK and Encryption set to false 
2022-07-30 01:50:11,789 [IPC Server handler 17 on default port 41659] INFO  bucket.OMBucketCreateRequest (OMBucketCreateRequest.java:validateAndUpdateCache(260)) - created bucket: bucket76034 of layout LEGACY in volume: volume50271
2022-07-30 01:50:11,788 [fffd16ef-e5b7-4790-a173-7212d78e76a6-server-thread1] INFO  ratis.XceiverServerRatis (XceiverServerRatis.java:handleLeaderChangedNotification(863)) - Leader change notification received for group: group-C5EFA702D848 with new leaderId: fb78403e-0909-4251-8a90-abb070a55978
2022-07-30 01:50:11,800 [fffd16ef-e5b7-4790-a173-7212d78e76a6-server-thread1] INFO  server.RaftServer$Division (ServerState.java:setLeader(287)) - fffd16ef-e5b7-4790-a173-7212d78e76a6@group-C5EFA702D848: change Leader from null to fb78403e-0909-4251-8a90-abb070a55978 at term 2 for appendEntries, leader elected after 10415ms
2022-07-30 01:50:11,790 [55bd67d6-70e0-4a0b-ba40-fbb5acf7f14f-server-thread1] INFO  server.RaftServer$Division (ServerState.java:setRaftConf(393)) - 55bd67d6-70e0-4a0b-ba40-fbb5acf7f14f@group-C5EFA702D848: set configuration 0: [fb78403e-0909-4251-8a90-abb070a55978|rpc:10.1.0.37:34863|dataStream:|priority:1, fffd16ef-e5b7-4790-a173-7212d78e76a6|rpc:10.1.0.37:35259|dataStream:|priority:0, 55bd67d6-70e0-4a0b-ba40-fbb5acf7f14f|rpc:10.1.0.37:45159|dataStream:|priority:0], old=null
2022-07-30 01:50:11,800 [55bd67d6-70e0-4a0b-ba40-fbb5acf7f14f-server-thread1] INFO  segmented.SegmentedRaftLogWorker (SegmentedRaftLogWorker.java:startLogSegment(425)) - 55bd67d6-70e0-4a0b-ba40-fbb5acf7f14f@group-C5EFA702D848-SegmentedRaftLogWorker: Starting segment from index:0
2022-07-30 01:50:11,813 [55bd67d6-70e0-4a0b-ba40-fbb5acf7f14f@group-C5EFA702D848-SegmentedRaftLogWorker] INFO  segmented.SegmentedRaftLogWorker (SegmentedRaftLogWorker.java:execute(629)) - 55bd67d6-70e0-4a0b-ba40-fbb5acf7f14f@group-C5EFA702D848-SegmentedRaftLogWorker: created new log segment /home/runner/work/ozone/ozone/hadoop-ozone/integration-test/target/test-dir/MiniOzoneClusterImpl-aa47c88b-9cdf-4da5-a3b2-16d3d6598e2f/datanode-2/data/ratis/a1b8c25b-7ef5-4d04-abdb-c5efa702d848/current/log_inprogress_0
01:50:11.813 [IPC Server handler 10 on default port 41659] ERROR OMAudit - user=runner | ip=127.0.0.1 | op=READ_BUCKET {volume=volume-77784, bucket=bucket-21968} | ret=FAILURE
org.apache.hadoop.ozone.om.exceptions.OMException: Volume not found when getting bucket info
	at org.apache.hadoop.ozone.om.BucketManagerImpl.getBucketInfo(BucketManagerImpl.java:127) ~[ozone-manager-1.3.0-SNAPSHOT.jar:?]
	at org.apache.hadoop.ozone.om.OzoneManager.getBucketInfo(OzoneManager.java:2779) ~[ozone-manager-1.3.0-SNAPSHOT.jar:?]
	at org.apache.hadoop.ozone.protocolPB.OzoneManagerRequestHandler.infoBucket(OzoneManagerRequestHandler.java:471) ~[ozone-manager-1.3.0-SNAPSHOT.jar:?]
	at org.apache.hadoop.ozone.protocolPB.OzoneManagerRequestHandler.handleReadRequest(OzoneManagerRequestHandler.java:174) ~[ozone-manager-1.3.0-SNAPSHOT.jar:?]
	at org.apache.hadoop.ozone.protocolPB.OzoneManagerProtocolServerSideTranslatorPB.submitRequestDirectlyToOM(OzoneManagerProtocolServerSideTranslatorPB.java:276) ~[ozone-manager-1.3.0-SNAPSHOT.jar:?]
	at org.apache.hadoop.ozone.protocolPB.OzoneManagerProtocolServerSideTranslatorPB.processRequest(OzoneManagerProtocolServerSideTranslatorPB.java:205) ~[ozone-manager-1.3.0-SNAPSHOT.jar:?]
	at org.apache.hadoop.hdds.server.OzoneProtocolMessageDispatcher.processRequest(OzoneProtocolMessageDispatcher.java:87) [hdds-server-framework-1.3.0-SNAPSHOT.jar:?]
	at org.apache.hadoop.ozone.protocolPB.OzoneManagerProtocolServerSideTranslatorPB.submitRequest(OzoneManagerProtocolServerSideTranslatorPB.java:147) [ozone-manager-1.3.0-SNAPSHOT.jar:?]
	at org.apache.hadoop.ozone.protocol.proto.OzoneManagerProtocolProtos$OzoneManagerService$2.callBlockingMethod(OzoneManagerProtocolProtos.java) [ozone-interface-client-1.3.0-SNAPSHOT.jar:?]
	at org.apache.hadoop.ipc.ProtobufRpcEngine$Server.processCall(ProtobufRpcEngine.java:466) [hadoop-common-3.3.1.jar:?]
	at org.apache.hadoop.ipc.ProtobufRpcEngine2$Server$ProtoBufRpcInvoker.call(ProtobufRpcEngine2.java:574) [hadoop-common-3.3.1.jar:?]
	at org.apache.hadoop.ipc.ProtobufRpcEngine2$Server$ProtoBufRpcInvoker.call(ProtobufRpcEngine2.java:552) [hadoop-common-3.3.1.jar:?]
	at org.apache.hadoop.ipc.RPC$Server.call(RPC.java:1093) [hadoop-common-3.3.1.jar:?]
	at org.apache.hadoop.ipc.Server$RpcCall.run(Server.java:1035) [hadoop-common-3.3.1.jar:?]
	at org.apache.hadoop.ipc.Server$RpcCall.run(Server.java:963) [hadoop-common-3.3.1.jar:?]
	at java.security.AccessController.doPrivileged(Native Method) ~[?:1.8.0_332]
	at javax.security.auth.Subject.doAs(Subject.java:422) [?:1.8.0_332]
	at org.apache.hadoop.security.UserGroupInformation.doAs(UserGroupInformation.java:1878) [hadoop-common-3.3.1.jar:?]
	at org.apache.hadoop.ipc.Server$Handler.run(Server.java:2966) [hadoop-common-3.3.1.jar:?]
2022-07-30 01:50:11,814 [Time-limited test] INFO  rpc.RpcClient (RpcClient.java:createVolume(468)) - Creating Volume: volume-77784, with runner as owner and space quota set to -1 bytes, counts quota set to -1
2022-07-30 01:50:11,815 [IPC Server handler 11 on default port 41659] INFO  volume.OMVolumeCreateRequest (OMVolumeCreateRequest.java:validateAndUpdateCache(195)) - created volume:volume-77784 for user:runner
2022-07-30 01:50:11,816 [Time-limited test] INFO  rpc.RpcClient (RpcClient.java:createBucket(671)) - Creating Bucket: volume-77784/bucket-21968, with bucket layout LEGACY, runner as owner, Versioning false, Storage Type set to DISK and Encryption set to false 
2022-07-30 01:50:11,816 [IPC Server handler 15 on default port 41659] INFO  bucket.OMBucketCreateRequest (OMBucketCreateRequest.java:validateAndUpdateCache(260)) - created bucket: bucket-21968 of layout LEGACY in volume: volume-77784
]]></system-out>
  </testcase>
  <testcase name="testMkdirNonExistentVolumeBucket" classname="TestRootedOzoneFileSystem" time="0.1">
    <system-out><![CDATA[2022-07-30 01:51:33,360 [Time-limited test] INFO  rpc.RpcClient (RpcClient.java:createVolume(468)) - Creating Volume: volume29313, with user02216 as owner and space quota set to -1 bytes, counts quota set to -1
2022-07-30 01:51:33,365 [OM StateMachine ApplyTransaction Thread - 0] INFO  volume.OMVolumeCreateRequest (OMVolumeCreateRequest.java:validateAndUpdateCache(195)) - created volume:volume29313 for user:user02216
2022-07-30 01:51:33,368 [Time-limited test] INFO  rpc.RpcClient (RpcClient.java:createBucket(671)) - Creating Bucket: volume29313/bucket52982, with bucket layout LEGACY, runner as owner, Versioning false, Storage Type set to DISK and Encryption set to false 
2022-07-30 01:51:33,371 [OM StateMachine ApplyTransaction Thread - 0] INFO  bucket.OMBucketCreateRequest (OMBucketCreateRequest.java:validateAndUpdateCache(260)) - created bucket: bucket52982 of layout LEGACY in volume: volume29313
01:51:33.379 [IPC Server handler 12 on default port 42455] ERROR OMAudit - user=runner | ip=127.0.0.1 | op=READ_BUCKET {volume=volume-26984, bucket=bucket-04746} | ret=FAILURE
org.apache.hadoop.ozone.om.exceptions.OMException: Volume not found when getting bucket info
	at org.apache.hadoop.ozone.om.BucketManagerImpl.getBucketInfo(BucketManagerImpl.java:127) ~[ozone-manager-1.3.0-SNAPSHOT.jar:?]
	at org.apache.hadoop.ozone.om.OzoneManager.getBucketInfo(OzoneManager.java:2779) ~[ozone-manager-1.3.0-SNAPSHOT.jar:?]
	at org.apache.hadoop.ozone.protocolPB.OzoneManagerRequestHandler.infoBucket(OzoneManagerRequestHandler.java:471) ~[ozone-manager-1.3.0-SNAPSHOT.jar:?]
	at org.apache.hadoop.ozone.protocolPB.OzoneManagerRequestHandler.handleReadRequest(OzoneManagerRequestHandler.java:174) ~[ozone-manager-1.3.0-SNAPSHOT.jar:?]
	at org.apache.hadoop.ozone.protocolPB.OzoneManagerProtocolServerSideTranslatorPB.submitReadRequestToOM(OzoneManagerProtocolServerSideTranslatorPB.java:226) ~[ozone-manager-1.3.0-SNAPSHOT.jar:?]
	at org.apache.hadoop.ozone.protocolPB.OzoneManagerProtocolServerSideTranslatorPB.processRequest(OzoneManagerProtocolServerSideTranslatorPB.java:175) ~[ozone-manager-1.3.0-SNAPSHOT.jar:?]
	at org.apache.hadoop.hdds.server.OzoneProtocolMessageDispatcher.processRequest(OzoneProtocolMessageDispatcher.java:87) [hdds-server-framework-1.3.0-SNAPSHOT.jar:?]
	at org.apache.hadoop.ozone.protocolPB.OzoneManagerProtocolServerSideTranslatorPB.submitRequest(OzoneManagerProtocolServerSideTranslatorPB.java:147) [ozone-manager-1.3.0-SNAPSHOT.jar:?]
	at org.apache.hadoop.ozone.protocol.proto.OzoneManagerProtocolProtos$OzoneManagerService$2.callBlockingMethod(OzoneManagerProtocolProtos.java) [ozone-interface-client-1.3.0-SNAPSHOT.jar:?]
	at org.apache.hadoop.ipc.ProtobufRpcEngine$Server.processCall(ProtobufRpcEngine.java:466) [hadoop-common-3.3.1.jar:?]
	at org.apache.hadoop.ipc.ProtobufRpcEngine2$Server$ProtoBufRpcInvoker.call(ProtobufRpcEngine2.java:574) [hadoop-common-3.3.1.jar:?]
	at org.apache.hadoop.ipc.ProtobufRpcEngine2$Server$ProtoBufRpcInvoker.call(ProtobufRpcEngine2.java:552) [hadoop-common-3.3.1.jar:?]
	at org.apache.hadoop.ipc.RPC$Server.call(RPC.java:1093) [hadoop-common-3.3.1.jar:?]
	at org.apache.hadoop.ipc.Server$RpcCall.run(Server.java:1035) [hadoop-common-3.3.1.jar:?]
	at org.apache.hadoop.ipc.Server$RpcCall.run(Server.java:963) [hadoop-common-3.3.1.jar:?]
	at java.security.AccessController.doPrivileged(Native Method) ~[?:1.8.0_332]
	at javax.security.auth.Subject.doAs(Subject.java:422) [?:1.8.0_332]
	at org.apache.hadoop.security.UserGroupInformation.doAs(UserGroupInformation.java:1878) [hadoop-common-3.3.1.jar:?]
	at org.apache.hadoop.ipc.Server$Handler.run(Server.java:2966) [hadoop-common-3.3.1.jar:?]
2022-07-30 01:51:33,384 [Time-limited test] INFO  rpc.RpcClient (RpcClient.java:createVolume(468)) - Creating Volume: volume-26984, with runner as owner and space quota set to -1 bytes, counts quota set to -1
2022-07-30 01:51:33,385 [OM StateMachine ApplyTransaction Thread - 0] INFO  volume.OMVolumeCreateRequest (OMVolumeCreateRequest.java:validateAndUpdateCache(195)) - created volume:volume-26984 for user:runner
2022-07-30 01:51:33,386 [Time-limited test] INFO  rpc.RpcClient (RpcClient.java:createBucket(671)) - Creating Bucket: volume-26984/bucket-04746, with bucket layout LEGACY, runner as owner, Versioning false, Storage Type set to DISK and Encryption set to false 
2022-07-30 01:51:33,390 [OM StateMachine ApplyTransaction Thread - 0] INFO  bucket.OMBucketCreateRequest (OMBucketCreateRequest.java:validateAndUpdateCache(260)) - created bucket: bucket-04746 of layout LEGACY in volume: volume-26984
]]></system-out>
  </testcase>
  <testcase name="testMkdirNonExistentVolumeBucket" classname="TestRootedOzoneFileSystem" time="0.176">
    <system-out><![CDATA[2022-07-30 01:52:58,982 [Time-limited test] INFO  rpc.RpcClient (RpcClient.java:createVolume(468)) - Creating Volume: volume04577, with user75765 as owner and space quota set to -1 bytes, counts quota set to -1
2022-07-30 01:52:58,983 [IPC Server handler 6 on default port 40433] INFO  volume.OMVolumeCreateRequest (OMVolumeCreateRequest.java:validateAndUpdateCache(195)) - created volume:volume04577 for user:user75765
2022-07-30 01:52:58,987 [Time-limited test] INFO  rpc.RpcClient (RpcClient.java:createBucket(671)) - Creating Bucket: volume04577/bucket35589, with bucket layout LEGACY, runner as owner, Versioning false, Storage Type set to DISK and Encryption set to false 
2022-07-30 01:52:58,988 [IPC Server handler 3 on default port 40433] INFO  bucket.OMBucketCreateRequest (OMBucketCreateRequest.java:validateAndUpdateCache(260)) - created bucket: bucket35589 of layout LEGACY in volume: volume04577
01:52:58.996 [IPC Server handler 0 on default port 40433] ERROR OMAudit - user=runner | ip=127.0.0.1 | op=READ_BUCKET {volume=volume-52064, bucket=bucket-53833} | ret=FAILURE
org.apache.hadoop.ozone.om.exceptions.OMException: Volume not found when getting bucket info
	at org.apache.hadoop.ozone.om.BucketManagerImpl.getBucketInfo(BucketManagerImpl.java:127) ~[ozone-manager-1.3.0-SNAPSHOT.jar:?]
	at org.apache.hadoop.ozone.om.OzoneManager.getBucketInfo(OzoneManager.java:2779) ~[ozone-manager-1.3.0-SNAPSHOT.jar:?]
	at org.apache.hadoop.ozone.protocolPB.OzoneManagerRequestHandler.infoBucket(OzoneManagerRequestHandler.java:471) ~[ozone-manager-1.3.0-SNAPSHOT.jar:?]
	at org.apache.hadoop.ozone.protocolPB.OzoneManagerRequestHandler.handleReadRequest(OzoneManagerRequestHandler.java:174) ~[ozone-manager-1.3.0-SNAPSHOT.jar:?]
	at org.apache.hadoop.ozone.protocolPB.OzoneManagerProtocolServerSideTranslatorPB.submitRequestDirectlyToOM(OzoneManagerProtocolServerSideTranslatorPB.java:276) ~[ozone-manager-1.3.0-SNAPSHOT.jar:?]
	at org.apache.hadoop.ozone.protocolPB.OzoneManagerProtocolServerSideTranslatorPB.processRequest(OzoneManagerProtocolServerSideTranslatorPB.java:205) ~[ozone-manager-1.3.0-SNAPSHOT.jar:?]
	at org.apache.hadoop.hdds.server.OzoneProtocolMessageDispatcher.processRequest(OzoneProtocolMessageDispatcher.java:87) [hdds-server-framework-1.3.0-SNAPSHOT.jar:?]
	at org.apache.hadoop.ozone.protocolPB.OzoneManagerProtocolServerSideTranslatorPB.submitRequest(OzoneManagerProtocolServerSideTranslatorPB.java:147) [ozone-manager-1.3.0-SNAPSHOT.jar:?]
	at org.apache.hadoop.ozone.protocol.proto.OzoneManagerProtocolProtos$OzoneManagerService$2.callBlockingMethod(OzoneManagerProtocolProtos.java) [ozone-interface-client-1.3.0-SNAPSHOT.jar:?]
	at org.apache.hadoop.ipc.ProtobufRpcEngine$Server.processCall(ProtobufRpcEngine.java:466) [hadoop-common-3.3.1.jar:?]
	at org.apache.hadoop.ipc.ProtobufRpcEngine2$Server$ProtoBufRpcInvoker.call(ProtobufRpcEngine2.java:574) [hadoop-common-3.3.1.jar:?]
	at org.apache.hadoop.ipc.ProtobufRpcEngine2$Server$ProtoBufRpcInvoker.call(ProtobufRpcEngine2.java:552) [hadoop-common-3.3.1.jar:?]
	at org.apache.hadoop.ipc.RPC$Server.call(RPC.java:1093) [hadoop-common-3.3.1.jar:?]
	at org.apache.hadoop.ipc.Server$RpcCall.run(Server.java:1035) [hadoop-common-3.3.1.jar:?]
	at org.apache.hadoop.ipc.Server$RpcCall.run(Server.java:963) [hadoop-common-3.3.1.jar:?]
	at java.security.AccessController.doPrivileged(Native Method) ~[?:1.8.0_332]
	at javax.security.auth.Subject.doAs(Subject.java:422) [?:1.8.0_332]
	at org.apache.hadoop.security.UserGroupInformation.doAs(UserGroupInformation.java:1878) [hadoop-common-3.3.1.jar:?]
	at org.apache.hadoop.ipc.Server$Handler.run(Server.java:2966) [hadoop-common-3.3.1.jar:?]
2022-07-30 01:52:58,996 [Time-limited test] INFO  rpc.RpcClient (RpcClient.java:createVolume(468)) - Creating Volume: volume-52064, with runner as owner and space quota set to -1 bytes, counts quota set to -1
2022-07-30 01:52:58,997 [IPC Server handler 4 on default port 40433] INFO  volume.OMVolumeCreateRequest (OMVolumeCreateRequest.java:validateAndUpdateCache(195)) - created volume:volume-52064 for user:runner
2022-07-30 01:52:58,997 [Time-limited test] INFO  rpc.RpcClient (RpcClient.java:createBucket(671)) - Creating Bucket: volume-52064/bucket-53833, with bucket layout LEGACY, runner as owner, Versioning false, Storage Type set to DISK and Encryption set to false 
2022-07-30 01:52:58,998 [IPC Server handler 17 on default port 40433] INFO  bucket.OMBucketCreateRequest (OMBucketCreateRequest.java:validateAndUpdateCache(260)) - created bucket: bucket-53833 of layout LEGACY in volume: volume-52064
]]></system-out>
  </testcase>
  <testcase name="testFailToDeleteRoot" classname="TestRootedOzoneFileSystem" time="0.073">
    <system-out><![CDATA[2022-07-30 01:47:43,069 [Time-limited test] INFO  rpc.RpcClient (RpcClient.java:createVolume(468)) - Creating Volume: volume07255, with user46537 as owner and space quota set to -1 bytes, counts quota set to -1
2022-07-30 01:47:43,075 [OM StateMachine ApplyTransaction Thread - 0] INFO  volume.OMVolumeCreateRequest (OMVolumeCreateRequest.java:validateAndUpdateCache(195)) - created volume:volume07255 for user:user46537
2022-07-30 01:47:43,078 [Time-limited test] INFO  rpc.RpcClient (RpcClient.java:createBucket(671)) - Creating Bucket: volume07255/bucket96428, with bucket layout LEGACY, runner as owner, Versioning false, Storage Type set to DISK and Encryption set to false 
2022-07-30 01:47:43,081 [OM StateMachine ApplyTransaction Thread - 0] INFO  bucket.OMBucketCreateRequest (OMBucketCreateRequest.java:validateAndUpdateCache(260)) - created bucket: bucket96428 of layout LEGACY in volume: volume07255
2022-07-30 01:47:43,083 [Time-limited test] WARN  ozone.BasicRootedOzoneFileSystem (BasicRootedOzoneFileSystem.java:delete(591)) - delete: OFS does not support rm root. To wipe the cluster, please re-init OM instead.
2022-07-30 01:47:43,083 [Time-limited test] WARN  ozone.BasicRootedOzoneFileSystem (BasicRootedOzoneFileSystem.java:delete(591)) - delete: OFS does not support rm root. To wipe the cluster, please re-init OM instead.
]]></system-out>
  </testcase>
  <testcase name="testFailToDeleteRoot" classname="TestRootedOzoneFileSystem" time="0.096">
    <system-out><![CDATA[2022-07-30 01:48:59,641 [Time-limited test] INFO  rpc.RpcClient (RpcClient.java:createVolume(468)) - Creating Volume: volume56767, with user62738 as owner and space quota set to -1 bytes, counts quota set to -1
2022-07-30 01:48:59,645 [OM StateMachine ApplyTransaction Thread - 0] INFO  volume.OMVolumeCreateRequest (OMVolumeCreateRequest.java:validateAndUpdateCache(195)) - created volume:volume56767 for user:user62738
2022-07-30 01:48:59,646 [Time-limited test] INFO  rpc.RpcClient (RpcClient.java:createBucket(671)) - Creating Bucket: volume56767/bucket24567, with bucket layout LEGACY, runner as owner, Versioning false, Storage Type set to DISK and Encryption set to false 
2022-07-30 01:48:59,648 [OM StateMachine ApplyTransaction Thread - 0] INFO  bucket.OMBucketCreateRequest (OMBucketCreateRequest.java:validateAndUpdateCache(260)) - created bucket: bucket24567 of layout LEGACY in volume: volume56767
2022-07-30 01:48:59,649 [Time-limited test] WARN  ozone.BasicRootedOzoneFileSystem (BasicRootedOzoneFileSystem.java:delete(591)) - delete: OFS does not support rm root. To wipe the cluster, please re-init OM instead.
2022-07-30 01:48:59,649 [Time-limited test] WARN  ozone.BasicRootedOzoneFileSystem (BasicRootedOzoneFileSystem.java:delete(591)) - delete: OFS does not support rm root. To wipe the cluster, please re-init OM instead.
]]></system-out>
  </testcase>
  <testcase name="testFailToDeleteRoot" classname="TestRootedOzoneFileSystem" time="0.113">
    <system-out><![CDATA[2022-07-30 01:50:11,849 [fffd16ef-e5b7-4790-a173-7212d78e76a6-server-thread2] INFO  server.RaftServer$Division (ServerState.java:setRaftConf(393)) - fffd16ef-e5b7-4790-a173-7212d78e76a6@group-C5EFA702D848: set configuration 0: [fb78403e-0909-4251-8a90-abb070a55978|rpc:10.1.0.37:34863|dataStream:|priority:1, fffd16ef-e5b7-4790-a173-7212d78e76a6|rpc:10.1.0.37:35259|dataStream:|priority:0, 55bd67d6-70e0-4a0b-ba40-fbb5acf7f14f|rpc:10.1.0.37:45159|dataStream:|priority:0], old=null
2022-07-30 01:50:11,849 [fffd16ef-e5b7-4790-a173-7212d78e76a6-server-thread2] INFO  segmented.SegmentedRaftLogWorker (SegmentedRaftLogWorker.java:startLogSegment(425)) - fffd16ef-e5b7-4790-a173-7212d78e76a6@group-C5EFA702D848-SegmentedRaftLogWorker: Starting segment from index:0
2022-07-30 01:50:11,850 [fffd16ef-e5b7-4790-a173-7212d78e76a6@group-C5EFA702D848-SegmentedRaftLogWorker] INFO  segmented.SegmentedRaftLogWorker (SegmentedRaftLogWorker.java:execute(629)) - fffd16ef-e5b7-4790-a173-7212d78e76a6@group-C5EFA702D848-SegmentedRaftLogWorker: created new log segment /home/runner/work/ozone/ozone/hadoop-ozone/integration-test/target/test-dir/MiniOzoneClusterImpl-aa47c88b-9cdf-4da5-a3b2-16d3d6598e2f/datanode-0/data/ratis/a1b8c25b-7ef5-4d04-abdb-c5efa702d848/current/log_inprogress_0
2022-07-30 01:50:11,920 [Time-limited test] INFO  rpc.RpcClient (RpcClient.java:createVolume(468)) - Creating Volume: volume27914, with user59178 as owner and space quota set to -1 bytes, counts quota set to -1
2022-07-30 01:50:11,921 [IPC Server handler 9 on default port 41659] INFO  volume.OMVolumeCreateRequest (OMVolumeCreateRequest.java:validateAndUpdateCache(195)) - created volume:volume27914 for user:user59178
2022-07-30 01:50:11,927 [Time-limited test] INFO  rpc.RpcClient (RpcClient.java:createBucket(671)) - Creating Bucket: volume27914/bucket80024, with bucket layout LEGACY, runner as owner, Versioning false, Storage Type set to DISK and Encryption set to false 
2022-07-30 01:50:11,928 [IPC Server handler 2 on default port 41659] INFO  bucket.OMBucketCreateRequest (OMBucketCreateRequest.java:validateAndUpdateCache(260)) - created bucket: bucket80024 of layout LEGACY in volume: volume27914
2022-07-30 01:50:11,929 [Time-limited test] WARN  ozone.BasicRootedOzoneFileSystem (BasicRootedOzoneFileSystem.java:delete(591)) - delete: OFS does not support rm root. To wipe the cluster, please re-init OM instead.
2022-07-30 01:50:11,929 [Time-limited test] WARN  ozone.BasicRootedOzoneFileSystem (BasicRootedOzoneFileSystem.java:delete(591)) - delete: OFS does not support rm root. To wipe the cluster, please re-init OM instead.
]]></system-out>
  </testcase>
  <testcase name="testFailToDeleteRoot" classname="TestRootedOzoneFileSystem" time="0.126">
    <system-out><![CDATA[2022-07-30 01:51:33,506 [Time-limited test] INFO  rpc.RpcClient (RpcClient.java:createVolume(468)) - Creating Volume: volume36164, with user63634 as owner and space quota set to -1 bytes, counts quota set to -1
2022-07-30 01:51:33,510 [OM StateMachine ApplyTransaction Thread - 0] INFO  volume.OMVolumeCreateRequest (OMVolumeCreateRequest.java:validateAndUpdateCache(195)) - created volume:volume36164 for user:user63634
2022-07-30 01:51:33,511 [Time-limited test] INFO  rpc.RpcClient (RpcClient.java:createBucket(671)) - Creating Bucket: volume36164/bucket52092, with bucket layout LEGACY, runner as owner, Versioning false, Storage Type set to DISK and Encryption set to false 
2022-07-30 01:51:33,522 [OM StateMachine ApplyTransaction Thread - 0] INFO  bucket.OMBucketCreateRequest (OMBucketCreateRequest.java:validateAndUpdateCache(260)) - created bucket: bucket52092 of layout LEGACY in volume: volume36164
2022-07-30 01:51:33,523 [Time-limited test] WARN  ozone.BasicRootedOzoneFileSystem (BasicRootedOzoneFileSystem.java:delete(591)) - delete: OFS does not support rm root. To wipe the cluster, please re-init OM instead.
2022-07-30 01:51:33,523 [Time-limited test] WARN  ozone.BasicRootedOzoneFileSystem (BasicRootedOzoneFileSystem.java:delete(591)) - delete: OFS does not support rm root. To wipe the cluster, please re-init OM instead.
]]></system-out>
  </testcase>
  <testcase name="testFailToDeleteRoot" classname="TestRootedOzoneFileSystem" time="0.1">
    <system-out><![CDATA[2022-07-30 01:52:59,104 [Time-limited test] INFO  rpc.RpcClient (RpcClient.java:createVolume(468)) - Creating Volume: volume04448, with user59752 as owner and space quota set to -1 bytes, counts quota set to -1
2022-07-30 01:52:59,104 [IPC Server handler 16 on default port 40433] INFO  volume.OMVolumeCreateRequest (OMVolumeCreateRequest.java:validateAndUpdateCache(195)) - created volume:volume04448 for user:user59752
2022-07-30 01:52:59,108 [Time-limited test] INFO  rpc.RpcClient (RpcClient.java:createBucket(671)) - Creating Bucket: volume04448/bucket00594, with bucket layout LEGACY, runner as owner, Versioning false, Storage Type set to DISK and Encryption set to false 
2022-07-30 01:52:59,108 [IPC Server handler 14 on default port 40433] INFO  bucket.OMBucketCreateRequest (OMBucketCreateRequest.java:validateAndUpdateCache(260)) - created bucket: bucket00594 of layout LEGACY in volume: volume04448
2022-07-30 01:52:59,109 [Time-limited test] WARN  ozone.BasicRootedOzoneFileSystem (BasicRootedOzoneFileSystem.java:delete(591)) - delete: OFS does not support rm root. To wipe the cluster, please re-init OM instead.
2022-07-30 01:52:59,109 [Time-limited test] WARN  ozone.BasicRootedOzoneFileSystem (BasicRootedOzoneFileSystem.java:delete(591)) - delete: OFS does not support rm root. To wipe the cluster, please re-init OM instead.
]]></system-out>
  </testcase>
  <testcase name="testListStatusOnSubDirs" classname="TestRootedOzoneFileSystem" time="0.12">
    <system-out><![CDATA[2022-07-30 01:47:43,131 [Time-limited test] INFO  rpc.RpcClient (RpcClient.java:createVolume(468)) - Creating Volume: volume75709, with user12385 as owner and space quota set to -1 bytes, counts quota set to -1
2022-07-30 01:47:43,136 [OM StateMachine ApplyTransaction Thread - 0] INFO  volume.OMVolumeCreateRequest (OMVolumeCreateRequest.java:validateAndUpdateCache(195)) - created volume:volume75709 for user:user12385
2022-07-30 01:47:43,139 [Time-limited test] INFO  rpc.RpcClient (RpcClient.java:createBucket(671)) - Creating Bucket: volume75709/bucket26812, with bucket layout LEGACY, runner as owner, Versioning false, Storage Type set to DISK and Encryption set to false 
2022-07-30 01:47:43,142 [OM StateMachine ApplyTransaction Thread - 0] INFO  bucket.OMBucketCreateRequest (OMBucketCreateRequest.java:validateAndUpdateCache(260)) - created bucket: bucket26812 of layout LEGACY in volume: volume75709
]]></system-out>
  </testcase>
  <testcase name="testListStatusOnSubDirs" classname="TestRootedOzoneFileSystem" time="0.164">
    <system-out><![CDATA[2022-07-30 01:48:59,738 [Time-limited test] INFO  rpc.RpcClient (RpcClient.java:createVolume(468)) - Creating Volume: volume40942, with user76931 as owner and space quota set to -1 bytes, counts quota set to -1
2022-07-30 01:48:59,764 [OM StateMachine ApplyTransaction Thread - 0] INFO  volume.OMVolumeCreateRequest (OMVolumeCreateRequest.java:validateAndUpdateCache(195)) - created volume:volume40942 for user:user76931
2022-07-30 01:48:59,767 [Time-limited test] INFO  rpc.RpcClient (RpcClient.java:createBucket(671)) - Creating Bucket: volume40942/bucket05871, with bucket layout LEGACY, runner as owner, Versioning false, Storage Type set to DISK and Encryption set to false 
2022-07-30 01:48:59,769 [OM StateMachine ApplyTransaction Thread - 0] INFO  bucket.OMBucketCreateRequest (OMBucketCreateRequest.java:validateAndUpdateCache(260)) - created bucket: bucket05871 of layout LEGACY in volume: volume40942
]]></system-out>
  </testcase>
  <testcase name="testListStatusOnSubDirs" classname="TestRootedOzoneFileSystem" time="0.116">
    <system-out><![CDATA[2022-07-30 01:50:12,016 [Time-limited test] INFO  rpc.RpcClient (RpcClient.java:createVolume(468)) - Creating Volume: volume89412, with user87048 as owner and space quota set to -1 bytes, counts quota set to -1
2022-07-30 01:50:12,017 [IPC Server handler 2 on default port 41659] INFO  volume.OMVolumeCreateRequest (OMVolumeCreateRequest.java:validateAndUpdateCache(195)) - created volume:volume89412 for user:user87048
2022-07-30 01:50:12,022 [Time-limited test] INFO  rpc.RpcClient (RpcClient.java:createBucket(671)) - Creating Bucket: volume89412/bucket74142, with bucket layout LEGACY, runner as owner, Versioning false, Storage Type set to DISK and Encryption set to false 
2022-07-30 01:50:12,022 [IPC Server handler 7 on default port 41659] INFO  bucket.OMBucketCreateRequest (OMBucketCreateRequest.java:validateAndUpdateCache(260)) - created bucket: bucket74142 of layout LEGACY in volume: volume89412
]]></system-out>
  </testcase>
  <testcase name="testListStatusOnSubDirs" classname="TestRootedOzoneFileSystem" time="0.119">
    <system-out><![CDATA[2022-07-30 01:51:33,581 [Time-limited test] INFO  rpc.RpcClient (RpcClient.java:createVolume(468)) - Creating Volume: volume31768, with user76413 as owner and space quota set to -1 bytes, counts quota set to -1
2022-07-30 01:51:33,588 [OM StateMachine ApplyTransaction Thread - 0] INFO  volume.OMVolumeCreateRequest (OMVolumeCreateRequest.java:validateAndUpdateCache(195)) - created volume:volume31768 for user:user76413
2022-07-30 01:51:33,589 [Time-limited test] INFO  rpc.RpcClient (RpcClient.java:createBucket(671)) - Creating Bucket: volume31768/bucket55207, with bucket layout LEGACY, runner as owner, Versioning false, Storage Type set to DISK and Encryption set to false 
2022-07-30 01:51:33,591 [OM StateMachine ApplyTransaction Thread - 0] INFO  bucket.OMBucketCreateRequest (OMBucketCreateRequest.java:validateAndUpdateCache(260)) - created bucket: bucket55207 of layout LEGACY in volume: volume31768
]]></system-out>
  </testcase>
  <testcase name="testListStatusOnSubDirs" classname="TestRootedOzoneFileSystem" time="0.211">
    <system-out><![CDATA[2022-07-30 01:52:59,203 [Time-limited test] INFO  rpc.RpcClient (RpcClient.java:createVolume(468)) - Creating Volume: volume82129, with user33605 as owner and space quota set to -1 bytes, counts quota set to -1
2022-07-30 01:52:59,208 [IPC Server handler 14 on default port 40433] INFO  volume.OMVolumeCreateRequest (OMVolumeCreateRequest.java:validateAndUpdateCache(195)) - created volume:volume82129 for user:user33605
2022-07-30 01:52:59,214 [Time-limited test] INFO  rpc.RpcClient (RpcClient.java:createBucket(671)) - Creating Bucket: volume82129/bucket79413, with bucket layout LEGACY, runner as owner, Versioning false, Storage Type set to DISK and Encryption set to false 
2022-07-30 01:52:59,215 [IPC Server handler 12 on default port 40433] INFO  bucket.OMBucketCreateRequest (OMBucketCreateRequest.java:validateAndUpdateCache(260)) - created bucket: bucket79413 of layout LEGACY in volume: volume82129
]]></system-out>
  </testcase>
  <testcase name="testListStatus" classname="TestRootedOzoneFileSystem" time="0.15">
    <system-out><![CDATA[2022-07-30 01:47:43,262 [Time-limited test] INFO  rpc.RpcClient (RpcClient.java:createVolume(468)) - Creating Volume: volume83190, with user90400 as owner and space quota set to -1 bytes, counts quota set to -1
2022-07-30 01:47:43,265 [OM StateMachine ApplyTransaction Thread - 0] INFO  volume.OMVolumeCreateRequest (OMVolumeCreateRequest.java:validateAndUpdateCache(195)) - created volume:volume83190 for user:user90400
2022-07-30 01:47:43,268 [Time-limited test] INFO  rpc.RpcClient (RpcClient.java:createBucket(671)) - Creating Bucket: volume83190/bucket30210, with bucket layout LEGACY, runner as owner, Versioning false, Storage Type set to DISK and Encryption set to false 
2022-07-30 01:47:43,272 [OM StateMachine ApplyTransaction Thread - 0] INFO  bucket.OMBucketCreateRequest (OMBucketCreateRequest.java:validateAndUpdateCache(260)) - created bucket: bucket30210 of layout LEGACY in volume: volume83190
]]></system-out>
  </testcase>
  <testcase name="testListStatus" classname="TestRootedOzoneFileSystem" time="0.237">
    <system-out><![CDATA[2022-07-30 01:48:59,908 [7e99fd26-7598-4594-b7f2-81741e43f67c@group-92A57C94F017-FollowerState] INFO  impl.FollowerState (FollowerState.java:run(143)) - 7e99fd26-7598-4594-b7f2-81741e43f67c@group-92A57C94F017-FollowerState: change to CANDIDATE, lastRpcElapsedTime:5068144103ns, electionTimeout:5060ms
2022-07-30 01:48:59,908 [7e99fd26-7598-4594-b7f2-81741e43f67c@group-92A57C94F017-FollowerState] INFO  impl.RoleInfo (RoleInfo.java:shutdownFollowerState(110)) - 7e99fd26-7598-4594-b7f2-81741e43f67c: shutdown 7e99fd26-7598-4594-b7f2-81741e43f67c@group-92A57C94F017-FollowerState
2022-07-30 01:48:59,908 [7e99fd26-7598-4594-b7f2-81741e43f67c@group-92A57C94F017-FollowerState] INFO  server.RaftServer$Division (RaftServerImpl.java:setRole(299)) - 7e99fd26-7598-4594-b7f2-81741e43f67c@group-92A57C94F017: changes role from  FOLLOWER to CANDIDATE at term 2 for changeToCandidate
2022-07-30 01:48:59,908 [7e99fd26-7598-4594-b7f2-81741e43f67c@group-92A57C94F017-FollowerState] INFO  server.RaftServerConfigKeys (ConfUtils.java:logGet(46)) - raft.server.leaderelection.pre-vote = false (custom)
2022-07-30 01:48:59,908 [7e99fd26-7598-4594-b7f2-81741e43f67c@group-92A57C94F017-FollowerState] INFO  impl.RoleInfo (RoleInfo.java:updateAndGet(139)) - 7e99fd26-7598-4594-b7f2-81741e43f67c: start 7e99fd26-7598-4594-b7f2-81741e43f67c@group-92A57C94F017-LeaderElection29
2022-07-30 01:48:59,919 [a8954817-1d70-4f19-b814-29be41487240@group-92A57C94F017-FollowerState] INFO  impl.FollowerState (FollowerState.java:run(143)) - a8954817-1d70-4f19-b814-29be41487240@group-92A57C94F017-FollowerState: change to CANDIDATE, lastRpcElapsedTime:5135568468ns, electionTimeout:5134ms
2022-07-30 01:48:59,920 [a8954817-1d70-4f19-b814-29be41487240@group-92A57C94F017-FollowerState] INFO  impl.RoleInfo (RoleInfo.java:shutdownFollowerState(110)) - a8954817-1d70-4f19-b814-29be41487240: shutdown a8954817-1d70-4f19-b814-29be41487240@group-92A57C94F017-FollowerState
2022-07-30 01:48:59,920 [a8954817-1d70-4f19-b814-29be41487240@group-92A57C94F017-FollowerState] INFO  server.RaftServer$Division (RaftServerImpl.java:setRole(299)) - a8954817-1d70-4f19-b814-29be41487240@group-92A57C94F017: changes role from  FOLLOWER to CANDIDATE at term 2 for changeToCandidate
2022-07-30 01:48:59,920 [a8954817-1d70-4f19-b814-29be41487240@group-92A57C94F017-FollowerState] INFO  server.RaftServerConfigKeys (ConfUtils.java:logGet(46)) - raft.server.leaderelection.pre-vote = false (custom)
2022-07-30 01:48:59,920 [a8954817-1d70-4f19-b814-29be41487240@group-92A57C94F017-FollowerState] INFO  impl.RoleInfo (RoleInfo.java:updateAndGet(139)) - a8954817-1d70-4f19-b814-29be41487240: start a8954817-1d70-4f19-b814-29be41487240@group-92A57C94F017-LeaderElection30
2022-07-30 01:48:59,931 [7e99fd26-7598-4594-b7f2-81741e43f67c@group-92A57C94F017-LeaderElection29] INFO  impl.LeaderElection (LeaderElection.java:askForVotes(310)) - 7e99fd26-7598-4594-b7f2-81741e43f67c@group-92A57C94F017-LeaderElection29 ELECTION round 0: submit vote requests at term 3 for -1: [7e99fd26-7598-4594-b7f2-81741e43f67c|rpc:10.1.0.37:40277|dataStream:|priority:1, a8954817-1d70-4f19-b814-29be41487240|rpc:10.1.0.37:46247|dataStream:|priority:0, ba3de65c-e6c9-495e-8613-4120736e14c0|rpc:10.1.0.37:34507|dataStream:|priority:0], old=null
2022-07-30 01:48:59,931 [Time-limited test] INFO  rpc.RpcClient (RpcClient.java:createVolume(468)) - Creating Volume: volume87082, with user30620 as owner and space quota set to -1 bytes, counts quota set to -1
2022-07-30 01:48:59,931 [a8954817-1d70-4f19-b814-29be41487240@group-92A57C94F017-LeaderElection30] INFO  impl.LeaderElection (LeaderElection.java:askForVotes(310)) - a8954817-1d70-4f19-b814-29be41487240@group-92A57C94F017-LeaderElection30 ELECTION round 0: submit vote requests at term 3 for -1: [7e99fd26-7598-4594-b7f2-81741e43f67c|rpc:10.1.0.37:40277|dataStream:|priority:1, a8954817-1d70-4f19-b814-29be41487240|rpc:10.1.0.37:46247|dataStream:|priority:0, ba3de65c-e6c9-495e-8613-4120736e14c0|rpc:10.1.0.37:34507|dataStream:|priority:0], old=null
2022-07-30 01:48:59,935 [OM StateMachine ApplyTransaction Thread - 0] INFO  volume.OMVolumeCreateRequest (OMVolumeCreateRequest.java:validateAndUpdateCache(195)) - created volume:volume87082 for user:user30620
2022-07-30 01:48:59,936 [Time-limited test] INFO  rpc.RpcClient (RpcClient.java:createBucket(671)) - Creating Bucket: volume87082/bucket80346, with bucket layout LEGACY, runner as owner, Versioning false, Storage Type set to DISK and Encryption set to false 
2022-07-30 01:48:59,939 [grpc-default-executor-0] INFO  server.RaftServer$Division (RaftServerImpl.java:requestVote(1152)) - a8954817-1d70-4f19-b814-29be41487240@group-92A57C94F017: receive requestVote(ELECTION, 7e99fd26-7598-4594-b7f2-81741e43f67c, group-92A57C94F017, 3, (t:0, i:0))
2022-07-30 01:48:59,939 [grpc-default-executor-0] INFO  impl.VoteContext (VoteContext.java:log(48)) - a8954817-1d70-4f19-b814-29be41487240@group-92A57C94F017-CANDIDATE: reject ELECTION from 7e99fd26-7598-4594-b7f2-81741e43f67c: already has voted for a8954817-1d70-4f19-b814-29be41487240 at current term 3
2022-07-30 01:48:59,939 [grpc-default-executor-0] INFO  server.RaftServer$Division (RaftServerImpl.java:requestVote(1184)) - a8954817-1d70-4f19-b814-29be41487240@group-92A57C94F017 replies to ELECTION vote request: 7e99fd26-7598-4594-b7f2-81741e43f67c<-a8954817-1d70-4f19-b814-29be41487240#0:FAIL-t3. Peer's state: a8954817-1d70-4f19-b814-29be41487240@group-92A57C94F017:t3, leader=null, voted=a8954817-1d70-4f19-b814-29be41487240, raftlog=a8954817-1d70-4f19-b814-29be41487240@group-92A57C94F017-SegmentedRaftLog:OPENED:c-1, conf=-1: [7e99fd26-7598-4594-b7f2-81741e43f67c|rpc:10.1.0.37:40277|dataStream:|priority:1, a8954817-1d70-4f19-b814-29be41487240|rpc:10.1.0.37:46247|dataStream:|priority:0, ba3de65c-e6c9-495e-8613-4120736e14c0|rpc:10.1.0.37:34507|dataStream:|priority:0], old=null
2022-07-30 01:48:59,939 [grpc-default-executor-1] INFO  server.RaftServer$Division (RaftServerImpl.java:requestVote(1152)) - ba3de65c-e6c9-495e-8613-4120736e14c0@group-92A57C94F017: receive requestVote(ELECTION, 7e99fd26-7598-4594-b7f2-81741e43f67c, group-92A57C94F017, 3, (t:0, i:0))
2022-07-30 01:48:59,939 [grpc-default-executor-1] INFO  impl.VoteContext (VoteContext.java:log(48)) - ba3de65c-e6c9-495e-8613-4120736e14c0@group-92A57C94F017-FOLLOWER: accept ELECTION from 7e99fd26-7598-4594-b7f2-81741e43f67c: our priority 0 <= candidate's priority 1
2022-07-30 01:48:59,939 [grpc-default-executor-1] INFO  server.RaftServer$Division (RaftServerImpl.java:setRole(299)) - ba3de65c-e6c9-495e-8613-4120736e14c0@group-92A57C94F017: changes role from  FOLLOWER to FOLLOWER at term 3 for candidate:7e99fd26-7598-4594-b7f2-81741e43f67c
2022-07-30 01:48:59,939 [grpc-default-executor-1] INFO  impl.RoleInfo (RoleInfo.java:shutdownFollowerState(110)) - ba3de65c-e6c9-495e-8613-4120736e14c0: shutdown ba3de65c-e6c9-495e-8613-4120736e14c0@group-92A57C94F017-FollowerState
2022-07-30 01:48:59,940 [grpc-default-executor-1] INFO  impl.RoleInfo (RoleInfo.java:updateAndGet(139)) - ba3de65c-e6c9-495e-8613-4120736e14c0: start ba3de65c-e6c9-495e-8613-4120736e14c0@group-92A57C94F017-FollowerState
2022-07-30 01:48:59,940 [ba3de65c-e6c9-495e-8613-4120736e14c0@group-92A57C94F017-FollowerState] INFO  impl.FollowerState (FollowerState.java:run(152)) - ba3de65c-e6c9-495e-8613-4120736e14c0@group-92A57C94F017-FollowerState was interrupted
2022-07-30 01:48:59,951 [OM StateMachine ApplyTransaction Thread - 0] INFO  bucket.OMBucketCreateRequest (OMBucketCreateRequest.java:validateAndUpdateCache(260)) - created bucket: bucket80346 of layout LEGACY in volume: volume87082
2022-07-30 01:48:59,959 [grpc-default-executor-3] INFO  server.RaftServer$Division (RaftServerImpl.java:requestVote(1152)) - ba3de65c-e6c9-495e-8613-4120736e14c0@group-92A57C94F017: receive requestVote(ELECTION, a8954817-1d70-4f19-b814-29be41487240, group-92A57C94F017, 3, (t:0, i:0))
2022-07-30 01:48:59,959 [grpc-default-executor-0] INFO  server.RaftServer$Division (RaftServerImpl.java:requestVote(1152)) - 7e99fd26-7598-4594-b7f2-81741e43f67c@group-92A57C94F017: receive requestVote(ELECTION, a8954817-1d70-4f19-b814-29be41487240, group-92A57C94F017, 3, (t:0, i:0))
2022-07-30 01:48:59,959 [grpc-default-executor-0] INFO  impl.VoteContext (VoteContext.java:log(48)) - 7e99fd26-7598-4594-b7f2-81741e43f67c@group-92A57C94F017-CANDIDATE: reject ELECTION from a8954817-1d70-4f19-b814-29be41487240: already has voted for 7e99fd26-7598-4594-b7f2-81741e43f67c at current term 3
2022-07-30 01:48:59,959 [grpc-default-executor-0] INFO  server.RaftServer$Division (RaftServerImpl.java:requestVote(1184)) - 7e99fd26-7598-4594-b7f2-81741e43f67c@group-92A57C94F017 replies to ELECTION vote request: a8954817-1d70-4f19-b814-29be41487240<-7e99fd26-7598-4594-b7f2-81741e43f67c#0:FAIL-t3. Peer's state: 7e99fd26-7598-4594-b7f2-81741e43f67c@group-92A57C94F017:t3, leader=null, voted=7e99fd26-7598-4594-b7f2-81741e43f67c, raftlog=7e99fd26-7598-4594-b7f2-81741e43f67c@group-92A57C94F017-SegmentedRaftLog:OPENED:c-1, conf=-1: [7e99fd26-7598-4594-b7f2-81741e43f67c|rpc:10.1.0.37:40277|dataStream:|priority:1, a8954817-1d70-4f19-b814-29be41487240|rpc:10.1.0.37:46247|dataStream:|priority:0, ba3de65c-e6c9-495e-8613-4120736e14c0|rpc:10.1.0.37:34507|dataStream:|priority:0], old=null
2022-07-30 01:48:59,959 [grpc-default-executor-1] INFO  server.RaftServer$Division (RaftServerImpl.java:requestVote(1184)) - ba3de65c-e6c9-495e-8613-4120736e14c0@group-92A57C94F017 replies to ELECTION vote request: 7e99fd26-7598-4594-b7f2-81741e43f67c<-ba3de65c-e6c9-495e-8613-4120736e14c0#0:OK-t3. Peer's state: ba3de65c-e6c9-495e-8613-4120736e14c0@group-92A57C94F017:t3, leader=null, voted=7e99fd26-7598-4594-b7f2-81741e43f67c, raftlog=ba3de65c-e6c9-495e-8613-4120736e14c0@group-92A57C94F017-SegmentedRaftLog:OPENED:c-1, conf=-1: [7e99fd26-7598-4594-b7f2-81741e43f67c|rpc:10.1.0.37:40277|priority:1, a8954817-1d70-4f19-b814-29be41487240|rpc:10.1.0.37:46247|priority:0, ba3de65c-e6c9-495e-8613-4120736e14c0|rpc:10.1.0.37:34507|priority:0], old=null
2022-07-30 01:48:59,960 [grpc-default-executor-3] INFO  impl.VoteContext (VoteContext.java:log(48)) - ba3de65c-e6c9-495e-8613-4120736e14c0@group-92A57C94F017-FOLLOWER: reject ELECTION from a8954817-1d70-4f19-b814-29be41487240: already has voted for 7e99fd26-7598-4594-b7f2-81741e43f67c at current term 3
2022-07-30 01:48:59,960 [grpc-default-executor-3] INFO  server.RaftServer$Division (RaftServerImpl.java:requestVote(1184)) - ba3de65c-e6c9-495e-8613-4120736e14c0@group-92A57C94F017 replies to ELECTION vote request: a8954817-1d70-4f19-b814-29be41487240<-ba3de65c-e6c9-495e-8613-4120736e14c0#0:FAIL-t3. Peer's state: ba3de65c-e6c9-495e-8613-4120736e14c0@group-92A57C94F017:t3, leader=null, voted=7e99fd26-7598-4594-b7f2-81741e43f67c, raftlog=ba3de65c-e6c9-495e-8613-4120736e14c0@group-92A57C94F017-SegmentedRaftLog:OPENED:c-1, conf=-1: [7e99fd26-7598-4594-b7f2-81741e43f67c|rpc:10.1.0.37:40277|priority:1, a8954817-1d70-4f19-b814-29be41487240|rpc:10.1.0.37:46247|priority:0, ba3de65c-e6c9-495e-8613-4120736e14c0|rpc:10.1.0.37:34507|priority:0], old=null
2022-07-30 01:48:59,961 [a8954817-1d70-4f19-b814-29be41487240@group-92A57C94F017-LeaderElection30] INFO  impl.LeaderElection (LeaderElection.java:logAndReturn(90)) - a8954817-1d70-4f19-b814-29be41487240@group-92A57C94F017-LeaderElection30: ELECTION REJECTED received 1 response(s) and 0 exception(s):
2022-07-30 01:48:59,961 [a8954817-1d70-4f19-b814-29be41487240@group-92A57C94F017-LeaderElection30] INFO  impl.LeaderElection (LeaderElection.java:logAndReturn(94)) -   Response 0: a8954817-1d70-4f19-b814-29be41487240<-7e99fd26-7598-4594-b7f2-81741e43f67c#0:FAIL-t3
2022-07-30 01:48:59,961 [a8954817-1d70-4f19-b814-29be41487240@group-92A57C94F017-LeaderElection30] INFO  impl.LeaderElection (LeaderElection.java:askForVotes(312)) - a8954817-1d70-4f19-b814-29be41487240@group-92A57C94F017-LeaderElection30 ELECTION round 0: result REJECTED
2022-07-30 01:48:59,961 [a8954817-1d70-4f19-b814-29be41487240@group-92A57C94F017-LeaderElection30] INFO  server.RaftServer$Division (RaftServerImpl.java:setRole(299)) - a8954817-1d70-4f19-b814-29be41487240@group-92A57C94F017: changes role from CANDIDATE to FOLLOWER at term 3 for REJECTED
2022-07-30 01:48:59,961 [a8954817-1d70-4f19-b814-29be41487240@group-92A57C94F017-LeaderElection30] INFO  impl.RoleInfo (RoleInfo.java:shutdownLeaderElection(130)) - a8954817-1d70-4f19-b814-29be41487240: shutdown a8954817-1d70-4f19-b814-29be41487240@group-92A57C94F017-LeaderElection30
2022-07-30 01:48:59,961 [a8954817-1d70-4f19-b814-29be41487240@group-92A57C94F017-LeaderElection30] INFO  impl.RoleInfo (RoleInfo.java:updateAndGet(139)) - a8954817-1d70-4f19-b814-29be41487240: start a8954817-1d70-4f19-b814-29be41487240@group-92A57C94F017-FollowerState
2022-07-30 01:48:59,962 [7e99fd26-7598-4594-b7f2-81741e43f67c@group-92A57C94F017-LeaderElection29] INFO  impl.LeaderElection (LeaderElection.java:logAndReturn(90)) - 7e99fd26-7598-4594-b7f2-81741e43f67c@group-92A57C94F017-LeaderElection29: ELECTION PASSED received 2 response(s) and 0 exception(s):
2022-07-30 01:48:59,962 [7e99fd26-7598-4594-b7f2-81741e43f67c@group-92A57C94F017-LeaderElection29] INFO  impl.LeaderElection (LeaderElection.java:logAndReturn(94)) -   Response 0: 7e99fd26-7598-4594-b7f2-81741e43f67c<-a8954817-1d70-4f19-b814-29be41487240#0:FAIL-t3
2022-07-30 01:48:59,962 [7e99fd26-7598-4594-b7f2-81741e43f67c@group-92A57C94F017-LeaderElection29] INFO  impl.LeaderElection (LeaderElection.java:logAndReturn(94)) -   Response 1: 7e99fd26-7598-4594-b7f2-81741e43f67c<-ba3de65c-e6c9-495e-8613-4120736e14c0#0:OK-t3
2022-07-30 01:48:59,963 [7e99fd26-7598-4594-b7f2-81741e43f67c@group-92A57C94F017-LeaderElection29] INFO  impl.LeaderElection (LeaderElection.java:askForVotes(312)) - 7e99fd26-7598-4594-b7f2-81741e43f67c@group-92A57C94F017-LeaderElection29 ELECTION round 0: result PASSED
2022-07-30 01:48:59,963 [7e99fd26-7598-4594-b7f2-81741e43f67c@group-92A57C94F017-LeaderElection29] INFO  impl.RoleInfo (RoleInfo.java:shutdownLeaderElection(130)) - 7e99fd26-7598-4594-b7f2-81741e43f67c: shutdown 7e99fd26-7598-4594-b7f2-81741e43f67c@group-92A57C94F017-LeaderElection29
2022-07-30 01:48:59,963 [7e99fd26-7598-4594-b7f2-81741e43f67c@group-92A57C94F017-LeaderElection29] INFO  server.RaftServer$Division (RaftServerImpl.java:setRole(299)) - 7e99fd26-7598-4594-b7f2-81741e43f67c@group-92A57C94F017: changes role from CANDIDATE to LEADER at term 3 for changeToLeader
2022-07-30 01:48:59,963 [7e99fd26-7598-4594-b7f2-81741e43f67c@group-92A57C94F017-LeaderElection29] INFO  ratis.XceiverServerRatis (XceiverServerRatis.java:handleLeaderChangedNotification(863)) - Leader change notification received for group: group-92A57C94F017 with new leaderId: 7e99fd26-7598-4594-b7f2-81741e43f67c
2022-07-30 01:48:59,963 [7e99fd26-7598-4594-b7f2-81741e43f67c@group-92A57C94F017-LeaderElection29] INFO  server.RaftServer$Division (ServerState.java:setLeader(287)) - 7e99fd26-7598-4594-b7f2-81741e43f67c@group-92A57C94F017: change Leader from null to 7e99fd26-7598-4594-b7f2-81741e43f67c at term 3 for becomeLeader, leader elected after 15465ms
2022-07-30 01:48:59,963 [7e99fd26-7598-4594-b7f2-81741e43f67c@group-92A57C94F017-LeaderElection29] INFO  server.RaftServerConfigKeys (ConfUtils.java:logGet(46)) - raft.server.staging.catchup.gap = 1000 (default)
2022-07-30 01:48:59,963 [7e99fd26-7598-4594-b7f2-81741e43f67c@group-92A57C94F017-LeaderElection29] INFO  server.RaftServerConfigKeys (ConfUtils.java:logGet(46)) - raft.server.write.element-limit = 1024 (custom)
2022-07-30 01:48:59,963 [7e99fd26-7598-4594-b7f2-81741e43f67c@group-92A57C94F017-LeaderElection29] INFO  server.RaftServerConfigKeys (ConfUtils.java:logGet(46)) - raft.server.write.byte-limit = 1024 M (=1073741824) (custom)
2022-07-30 01:48:59,964 [7e99fd26-7598-4594-b7f2-81741e43f67c@group-92A57C94F017-LeaderElection29] INFO  server.RaftServerConfigKeys (ConfUtils.java:logGet(46)) - raft.server.watch.timeout = 180s (custom)
2022-07-30 01:48:59,964 [7e99fd26-7598-4594-b7f2-81741e43f67c@group-92A57C94F017-LeaderElection29] INFO  server.RaftServerConfigKeys (ConfUtils.java:logGet(46)) - raft.server.watch.timeout.denomination = 1s (default)
2022-07-30 01:48:59,964 [7e99fd26-7598-4594-b7f2-81741e43f67c@group-92A57C94F017-LeaderElection29] INFO  server.RaftServerConfigKeys (ConfUtils.java:logGet(46)) - raft.server.watch.element-limit = 65536 (default)
2022-07-30 01:48:59,964 [7e99fd26-7598-4594-b7f2-81741e43f67c@group-92A57C94F017-LeaderElection29] INFO  server.RaftServerConfigKeys (ConfUtils.java:logGet(46)) - raft.server.write.element-limit = 1024 (custom)
2022-07-30 01:48:59,964 [7e99fd26-7598-4594-b7f2-81741e43f67c@group-92A57C94F017-LeaderElection29] INFO  server.RaftServerConfigKeys (ConfUtils.java:logGet(46)) - raft.server.write.follower.gap.ratio.max = -1.0 (default)
2022-07-30 01:48:59,965 [7e99fd26-7598-4594-b7f2-81741e43f67c@group-92A57C94F017-LeaderElection29] INFO  server.RaftServerConfigKeys (ConfUtils.java:logGet(46)) - raft.server.log.appender.snapshot.chunk.size.max = 16MB (=16777216) (default)
2022-07-30 01:48:59,965 [7e99fd26-7598-4594-b7f2-81741e43f67c@group-92A57C94F017-LeaderElection29] INFO  server.RaftServerConfigKeys (ConfUtils.java:logGet(46)) - raft.server.log.appender.buffer.byte-limit = 33554432 (custom)
2022-07-30 01:48:59,965 [7e99fd26-7598-4594-b7f2-81741e43f67c@group-92A57C94F017-LeaderElection29] INFO  server.RaftServerConfigKeys (ConfUtils.java:logGet(46)) - raft.server.log.appender.buffer.element-limit = 1 (custom)
2022-07-30 01:48:59,965 [7e99fd26-7598-4594-b7f2-81741e43f67c@group-92A57C94F017-LeaderElection29] INFO  grpc.GrpcConfigKeys (ConfUtils.java:logGet(46)) - raft.grpc.server.leader.outstanding.appends.max = 128 (default)
2022-07-30 01:48:59,965 [7e99fd26-7598-4594-b7f2-81741e43f67c@group-92A57C94F017-LeaderElection29] INFO  server.RaftServerConfigKeys (ConfUtils.java:logGet(46)) - raft.server.rpc.request.timeout = 60s (custom)
2022-07-30 01:48:59,965 [7e99fd26-7598-4594-b7f2-81741e43f67c@group-92A57C94F017-LeaderElection29] INFO  server.RaftServerConfigKeys (ConfUtils.java:logGet(46)) - raft.server.log.appender.install.snapshot.enabled = false (custom)
2022-07-30 01:48:59,966 [7e99fd26-7598-4594-b7f2-81741e43f67c@group-92A57C94F017-LeaderElection29] INFO  server.RaftServerConfigKeys (ConfUtils.java:logGet(46)) - raft.server.log.appender.snapshot.chunk.size.max = 16MB (=16777216) (default)
2022-07-30 01:48:59,966 [7e99fd26-7598-4594-b7f2-81741e43f67c@group-92A57C94F017-LeaderElection29] INFO  server.RaftServerConfigKeys (ConfUtils.java:logGet(46)) - raft.server.log.appender.buffer.byte-limit = 33554432 (custom)
2022-07-30 01:48:59,966 [7e99fd26-7598-4594-b7f2-81741e43f67c@group-92A57C94F017-LeaderElection29] INFO  server.RaftServerConfigKeys (ConfUtils.java:logGet(46)) - raft.server.log.appender.buffer.element-limit = 1 (custom)
2022-07-30 01:48:59,966 [7e99fd26-7598-4594-b7f2-81741e43f67c@group-92A57C94F017-LeaderElection29] INFO  grpc.GrpcConfigKeys (ConfUtils.java:logGet(46)) - raft.grpc.server.leader.outstanding.appends.max = 128 (default)
2022-07-30 01:48:59,966 [7e99fd26-7598-4594-b7f2-81741e43f67c@group-92A57C94F017-LeaderElection29] INFO  server.RaftServerConfigKeys (ConfUtils.java:logGet(46)) - raft.server.rpc.request.timeout = 60s (custom)
2022-07-30 01:48:59,966 [7e99fd26-7598-4594-b7f2-81741e43f67c@group-92A57C94F017-LeaderElection29] INFO  server.RaftServerConfigKeys (ConfUtils.java:logGet(46)) - raft.server.log.appender.install.snapshot.enabled = false (custom)
2022-07-30 01:48:59,966 [7e99fd26-7598-4594-b7f2-81741e43f67c@group-92A57C94F017-LeaderElection29] INFO  impl.RoleInfo (RoleInfo.java:updateAndGet(139)) - 7e99fd26-7598-4594-b7f2-81741e43f67c: start 7e99fd26-7598-4594-b7f2-81741e43f67c@group-92A57C94F017-LeaderStateImpl
2022-07-30 01:48:59,967 [7e99fd26-7598-4594-b7f2-81741e43f67c@group-92A57C94F017-LeaderElection29] INFO  segmented.SegmentedRaftLogWorker (SegmentedRaftLogWorker.java:startLogSegment(425)) - 7e99fd26-7598-4594-b7f2-81741e43f67c@group-92A57C94F017-SegmentedRaftLogWorker: Starting segment from index:0
2022-07-30 01:48:59,968 [EventQueue-PipelineReportForPipelineReportHandler] INFO  pipeline.PipelineManagerImpl (PipelineManagerImpl.java:openPipeline(367)) - Pipeline Pipeline[ Id: 16f0266c-a4ab-40f2-a290-92a57c94f017, Nodes: ba3de65c-e6c9-495e-8613-4120736e14c0{ip: 10.1.0.37, host: fv-az297-62.nmf1rxwemy4u5di1sxxf4ejcwb.jx.internal.cloudapp.net, ports: [REPLICATION=37513, RATIS=34507, RATIS_ADMIN=34507, RATIS_SERVER=34507, STANDALONE=43961], networkLocation: /default-rack, certSerialId: null, persistedOpState: IN_SERVICE, persistedOpStateExpiryEpochSec: 0}7e99fd26-7598-4594-b7f2-81741e43f67c{ip: 10.1.0.37, host: fv-az297-62.nmf1rxwemy4u5di1sxxf4ejcwb.jx.internal.cloudapp.net, ports: [REPLICATION=33769, RATIS=40277, RATIS_ADMIN=40277, RATIS_SERVER=40277, STANDALONE=41239], networkLocation: /default-rack, certSerialId: null, persistedOpState: IN_SERVICE, persistedOpStateExpiryEpochSec: 0}a8954817-1d70-4f19-b814-29be41487240{ip: 10.1.0.37, host: fv-az297-62.nmf1rxwemy4u5di1sxxf4ejcwb.jx.internal.cloudapp.net, ports: [REPLICATION=45691, RATIS=46247, RATIS_ADMIN=46247, RATIS_SERVER=46247, STANDALONE=44433], networkLocation: /default-rack, certSerialId: null, persistedOpState: IN_SERVICE, persistedOpStateExpiryEpochSec: 0}, ReplicationConfig: RATIS/THREE, State:ALLOCATED, leaderId:7e99fd26-7598-4594-b7f2-81741e43f67c, CreationTimestamp2022-07-30T01:48:42.700Z[Etc/UTC]] moved to OPEN state
2022-07-30 01:48:59,974 [7e99fd26-7598-4594-b7f2-81741e43f67c@group-92A57C94F017-SegmentedRaftLogWorker] INFO  segmented.SegmentedRaftLogWorker (SegmentedRaftLogWorker.java:execute(629)) - 7e99fd26-7598-4594-b7f2-81741e43f67c@group-92A57C94F017-SegmentedRaftLogWorker: created new log segment /home/runner/work/ozone/ozone/hadoop-ozone/integration-test/target/test-dir/MiniOzoneClusterImpl-c8472f64-5143-4d61-85a0-9e96bab939e3/datanode-1/data/ratis/16f0266c-a4ab-40f2-a290-92a57c94f017/current/log_inprogress_0
2022-07-30 01:48:59,991 [7e99fd26-7598-4594-b7f2-81741e43f67c@group-92A57C94F017-LeaderElection29] INFO  server.RaftServer$Division (ServerState.java:setRaftConf(393)) - 7e99fd26-7598-4594-b7f2-81741e43f67c@group-92A57C94F017: set configuration 0: [7e99fd26-7598-4594-b7f2-81741e43f67c|rpc:10.1.0.37:40277|dataStream:|priority:1, a8954817-1d70-4f19-b814-29be41487240|rpc:10.1.0.37:46247|dataStream:|priority:0, ba3de65c-e6c9-495e-8613-4120736e14c0|rpc:10.1.0.37:34507|dataStream:|priority:0], old=null
2022-07-30 01:49:00,014 [a8954817-1d70-4f19-b814-29be41487240-server-thread1] INFO  ratis.XceiverServerRatis (XceiverServerRatis.java:handleLeaderChangedNotification(863)) - Leader change notification received for group: group-92A57C94F017 with new leaderId: 7e99fd26-7598-4594-b7f2-81741e43f67c
2022-07-30 01:49:00,014 [a8954817-1d70-4f19-b814-29be41487240-server-thread1] INFO  server.RaftServer$Division (ServerState.java:setLeader(287)) - a8954817-1d70-4f19-b814-29be41487240@group-92A57C94F017: change Leader from null to 7e99fd26-7598-4594-b7f2-81741e43f67c at term 3 for appendEntries, leader elected after 15440ms
2022-07-30 01:49:00,047 [a8954817-1d70-4f19-b814-29be41487240-server-thread1] INFO  server.RaftServer$Division (ServerState.java:setRaftConf(393)) - a8954817-1d70-4f19-b814-29be41487240@group-92A57C94F017: set configuration 0: [7e99fd26-7598-4594-b7f2-81741e43f67c|rpc:10.1.0.37:40277|dataStream:|priority:1, a8954817-1d70-4f19-b814-29be41487240|rpc:10.1.0.37:46247|dataStream:|priority:0, ba3de65c-e6c9-495e-8613-4120736e14c0|rpc:10.1.0.37:34507|dataStream:|priority:0], old=null
2022-07-30 01:49:00,047 [a8954817-1d70-4f19-b814-29be41487240-server-thread1] INFO  segmented.SegmentedRaftLogWorker (SegmentedRaftLogWorker.java:startLogSegment(425)) - a8954817-1d70-4f19-b814-29be41487240@group-92A57C94F017-SegmentedRaftLogWorker: Starting segment from index:0
2022-07-30 01:49:00,049 [a8954817-1d70-4f19-b814-29be41487240@group-92A57C94F017-SegmentedRaftLogWorker] INFO  segmented.SegmentedRaftLogWorker (SegmentedRaftLogWorker.java:execute(629)) - a8954817-1d70-4f19-b814-29be41487240@group-92A57C94F017-SegmentedRaftLogWorker: created new log segment /home/runner/work/ozone/ozone/hadoop-ozone/integration-test/target/test-dir/MiniOzoneClusterImpl-c8472f64-5143-4d61-85a0-9e96bab939e3/datanode-2/data/ratis/16f0266c-a4ab-40f2-a290-92a57c94f017/current/log_inprogress_0
]]></system-out>
  </testcase>
  <testcase name="testListStatus" classname="TestRootedOzoneFileSystem" time="0.128">
    <system-out><![CDATA[2022-07-30 01:50:12,080 [Time-limited test] INFO  rpc.RpcClient (RpcClient.java:createVolume(468)) - Creating Volume: volume28616, with user76214 as owner and space quota set to -1 bytes, counts quota set to -1
2022-07-30 01:50:12,081 [IPC Server handler 12 on default port 41659] INFO  volume.OMVolumeCreateRequest (OMVolumeCreateRequest.java:validateAndUpdateCache(195)) - created volume:volume28616 for user:user76214
2022-07-30 01:50:12,092 [Time-limited test] INFO  rpc.RpcClient (RpcClient.java:createBucket(671)) - Creating Bucket: volume28616/bucket36968, with bucket layout LEGACY, runner as owner, Versioning false, Storage Type set to DISK and Encryption set to false 
2022-07-30 01:50:12,093 [IPC Server handler 0 on default port 41659] INFO  bucket.OMBucketCreateRequest (OMBucketCreateRequest.java:validateAndUpdateCache(260)) - created bucket: bucket36968 of layout LEGACY in volume: volume28616
]]></system-out>
  </testcase>
  <testcase name="testListStatus" classname="TestRootedOzoneFileSystem" time="0.333">
    <system-out><![CDATA[2022-07-30 01:51:33,667 [da7e3490-bd6e-4553-a90b-b6c1b406431b@group-F9F44761267B-FollowerState] INFO  impl.FollowerState (FollowerState.java:run(143)) - da7e3490-bd6e-4553-a90b-b6c1b406431b@group-F9F44761267B-FollowerState: change to CANDIDATE, lastRpcElapsedTime:5030001949ns, electionTimeout:5023ms
2022-07-30 01:51:33,667 [da7e3490-bd6e-4553-a90b-b6c1b406431b@group-F9F44761267B-FollowerState] INFO  impl.RoleInfo (RoleInfo.java:shutdownFollowerState(110)) - da7e3490-bd6e-4553-a90b-b6c1b406431b: shutdown da7e3490-bd6e-4553-a90b-b6c1b406431b@group-F9F44761267B-FollowerState
2022-07-30 01:51:33,667 [da7e3490-bd6e-4553-a90b-b6c1b406431b@group-F9F44761267B-FollowerState] INFO  server.RaftServer$Division (RaftServerImpl.java:setRole(299)) - da7e3490-bd6e-4553-a90b-b6c1b406431b@group-F9F44761267B: changes role from  FOLLOWER to CANDIDATE at term 2 for changeToCandidate
2022-07-30 01:51:33,667 [da7e3490-bd6e-4553-a90b-b6c1b406431b@group-F9F44761267B-FollowerState] INFO  server.RaftServerConfigKeys (ConfUtils.java:logGet(46)) - raft.server.leaderelection.pre-vote = false (custom)
2022-07-30 01:51:33,667 [da7e3490-bd6e-4553-a90b-b6c1b406431b@group-F9F44761267B-FollowerState] INFO  impl.RoleInfo (RoleInfo.java:updateAndGet(139)) - da7e3490-bd6e-4553-a90b-b6c1b406431b: start da7e3490-bd6e-4553-a90b-b6c1b406431b@group-F9F44761267B-LeaderElection54
2022-07-30 01:51:33,715 [da7e3490-bd6e-4553-a90b-b6c1b406431b@group-F9F44761267B-LeaderElection54] INFO  impl.LeaderElection (LeaderElection.java:askForVotes(310)) - da7e3490-bd6e-4553-a90b-b6c1b406431b@group-F9F44761267B-LeaderElection54 ELECTION round 0: submit vote requests at term 3 for -1: [764da7f4-576c-4739-b8ba-4f387767ddcb|rpc:10.1.0.37:40341|dataStream:|priority:0, 625bdddd-b23f-4a62-9edb-0ce5ae5b2b03|rpc:10.1.0.37:39839|dataStream:|priority:0, da7e3490-bd6e-4553-a90b-b6c1b406431b|rpc:10.1.0.37:39503|dataStream:|priority:1], old=null
2022-07-30 01:51:33,727 [764da7f4-576c-4739-b8ba-4f387767ddcb@group-F9F44761267B-FollowerState] INFO  impl.FollowerState (FollowerState.java:run(143)) - 764da7f4-576c-4739-b8ba-4f387767ddcb@group-F9F44761267B-FollowerState: change to CANDIDATE, lastRpcElapsedTime:5145179026ns, electionTimeout:5140ms
2022-07-30 01:51:33,727 [764da7f4-576c-4739-b8ba-4f387767ddcb@group-F9F44761267B-FollowerState] INFO  impl.RoleInfo (RoleInfo.java:shutdownFollowerState(110)) - 764da7f4-576c-4739-b8ba-4f387767ddcb: shutdown 764da7f4-576c-4739-b8ba-4f387767ddcb@group-F9F44761267B-FollowerState
2022-07-30 01:51:33,727 [764da7f4-576c-4739-b8ba-4f387767ddcb@group-F9F44761267B-FollowerState] INFO  server.RaftServer$Division (RaftServerImpl.java:setRole(299)) - 764da7f4-576c-4739-b8ba-4f387767ddcb@group-F9F44761267B: changes role from  FOLLOWER to CANDIDATE at term 2 for changeToCandidate
2022-07-30 01:51:33,758 [764da7f4-576c-4739-b8ba-4f387767ddcb@group-F9F44761267B-FollowerState] INFO  server.RaftServerConfigKeys (ConfUtils.java:logGet(46)) - raft.server.leaderelection.pre-vote = false (custom)
2022-07-30 01:51:33,758 [764da7f4-576c-4739-b8ba-4f387767ddcb@group-F9F44761267B-FollowerState] INFO  impl.RoleInfo (RoleInfo.java:updateAndGet(139)) - 764da7f4-576c-4739-b8ba-4f387767ddcb: start 764da7f4-576c-4739-b8ba-4f387767ddcb@group-F9F44761267B-LeaderElection55
2022-07-30 01:51:33,767 [grpc-default-executor-3] INFO  server.RaftServer$Division (RaftServerImpl.java:requestVote(1152)) - 764da7f4-576c-4739-b8ba-4f387767ddcb@group-F9F44761267B: receive requestVote(ELECTION, da7e3490-bd6e-4553-a90b-b6c1b406431b, group-F9F44761267B, 3, (t:0, i:0))
2022-07-30 01:51:33,767 [grpc-default-executor-3] INFO  impl.VoteContext (VoteContext.java:log(48)) - 764da7f4-576c-4739-b8ba-4f387767ddcb@group-F9F44761267B-CANDIDATE: accept ELECTION from da7e3490-bd6e-4553-a90b-b6c1b406431b: our priority 0 <= candidate's priority 1
2022-07-30 01:51:33,767 [grpc-default-executor-3] INFO  server.RaftServer$Division (RaftServerImpl.java:setRole(299)) - 764da7f4-576c-4739-b8ba-4f387767ddcb@group-F9F44761267B: changes role from CANDIDATE to FOLLOWER at term 3 for candidate:da7e3490-bd6e-4553-a90b-b6c1b406431b
2022-07-30 01:51:33,767 [grpc-default-executor-3] INFO  impl.RoleInfo (RoleInfo.java:shutdownLeaderElection(130)) - 764da7f4-576c-4739-b8ba-4f387767ddcb: shutdown 764da7f4-576c-4739-b8ba-4f387767ddcb@group-F9F44761267B-LeaderElection55
2022-07-30 01:51:33,767 [grpc-default-executor-3] INFO  impl.RoleInfo (RoleInfo.java:updateAndGet(139)) - 764da7f4-576c-4739-b8ba-4f387767ddcb: start 764da7f4-576c-4739-b8ba-4f387767ddcb@group-F9F44761267B-FollowerState
2022-07-30 01:51:33,776 [grpc-default-executor-3] INFO  server.RaftServer$Division (RaftServerImpl.java:requestVote(1184)) - 764da7f4-576c-4739-b8ba-4f387767ddcb@group-F9F44761267B replies to ELECTION vote request: da7e3490-bd6e-4553-a90b-b6c1b406431b<-764da7f4-576c-4739-b8ba-4f387767ddcb#0:OK-t3. Peer's state: 764da7f4-576c-4739-b8ba-4f387767ddcb@group-F9F44761267B:t3, leader=null, voted=da7e3490-bd6e-4553-a90b-b6c1b406431b, raftlog=764da7f4-576c-4739-b8ba-4f387767ddcb@group-F9F44761267B-SegmentedRaftLog:OPENED:c-1, conf=-1: [764da7f4-576c-4739-b8ba-4f387767ddcb|rpc:10.1.0.37:40341|priority:0, 625bdddd-b23f-4a62-9edb-0ce5ae5b2b03|rpc:10.1.0.37:39839|priority:0, da7e3490-bd6e-4553-a90b-b6c1b406431b|rpc:10.1.0.37:39503|priority:1], old=null
2022-07-30 01:51:33,788 [764da7f4-576c-4739-b8ba-4f387767ddcb@group-F9F44761267B-LeaderElection55] INFO  impl.LeaderElection (LeaderElection.java:run(231)) - 764da7f4-576c-4739-b8ba-4f387767ddcb@group-F9F44761267B-LeaderElection55: skip running since this is already CLOSING
2022-07-30 01:51:33,798 [Time-limited test] INFO  rpc.RpcClient (RpcClient.java:createVolume(468)) - Creating Volume: volume78675, with user54565 as owner and space quota set to -1 bytes, counts quota set to -1
2022-07-30 01:51:33,800 [OM StateMachine ApplyTransaction Thread - 0] INFO  volume.OMVolumeCreateRequest (OMVolumeCreateRequest.java:validateAndUpdateCache(195)) - created volume:volume78675 for user:user54565
2022-07-30 01:51:33,804 [Time-limited test] INFO  rpc.RpcClient (RpcClient.java:createBucket(671)) - Creating Bucket: volume78675/bucket31754, with bucket layout LEGACY, runner as owner, Versioning false, Storage Type set to DISK and Encryption set to false 
2022-07-30 01:51:33,804 [625bdddd-b23f-4a62-9edb-0ce5ae5b2b03@group-F9F44761267B-FollowerState] INFO  impl.FollowerState (FollowerState.java:run(143)) - 625bdddd-b23f-4a62-9edb-0ce5ae5b2b03@group-F9F44761267B-FollowerState: change to CANDIDATE, lastRpcElapsedTime:5195298844ns, electionTimeout:5182ms
2022-07-30 01:51:33,804 [625bdddd-b23f-4a62-9edb-0ce5ae5b2b03@group-F9F44761267B-FollowerState] INFO  impl.RoleInfo (RoleInfo.java:shutdownFollowerState(110)) - 625bdddd-b23f-4a62-9edb-0ce5ae5b2b03: shutdown 625bdddd-b23f-4a62-9edb-0ce5ae5b2b03@group-F9F44761267B-FollowerState
2022-07-30 01:51:33,804 [625bdddd-b23f-4a62-9edb-0ce5ae5b2b03@group-F9F44761267B-FollowerState] INFO  server.RaftServer$Division (RaftServerImpl.java:setRole(299)) - 625bdddd-b23f-4a62-9edb-0ce5ae5b2b03@group-F9F44761267B: changes role from  FOLLOWER to CANDIDATE at term 2 for changeToCandidate
2022-07-30 01:51:33,804 [625bdddd-b23f-4a62-9edb-0ce5ae5b2b03@group-F9F44761267B-FollowerState] INFO  server.RaftServerConfigKeys (ConfUtils.java:logGet(46)) - raft.server.leaderelection.pre-vote = false (custom)
2022-07-30 01:51:33,804 [625bdddd-b23f-4a62-9edb-0ce5ae5b2b03@group-F9F44761267B-FollowerState] INFO  impl.RoleInfo (RoleInfo.java:updateAndGet(139)) - 625bdddd-b23f-4a62-9edb-0ce5ae5b2b03: start 625bdddd-b23f-4a62-9edb-0ce5ae5b2b03@group-F9F44761267B-LeaderElection56
2022-07-30 01:51:33,825 [da7e3490-bd6e-4553-a90b-b6c1b406431b@group-F9F44761267B-LeaderElection54] INFO  impl.LeaderElection (LeaderElection.java:logAndReturn(90)) - da7e3490-bd6e-4553-a90b-b6c1b406431b@group-F9F44761267B-LeaderElection54: ELECTION PASSED received 1 response(s) and 0 exception(s):
2022-07-30 01:51:33,825 [da7e3490-bd6e-4553-a90b-b6c1b406431b@group-F9F44761267B-LeaderElection54] INFO  impl.LeaderElection (LeaderElection.java:logAndReturn(94)) -   Response 0: da7e3490-bd6e-4553-a90b-b6c1b406431b<-764da7f4-576c-4739-b8ba-4f387767ddcb#0:OK-t3
2022-07-30 01:51:33,825 [da7e3490-bd6e-4553-a90b-b6c1b406431b@group-F9F44761267B-LeaderElection54] INFO  impl.LeaderElection (LeaderElection.java:askForVotes(312)) - da7e3490-bd6e-4553-a90b-b6c1b406431b@group-F9F44761267B-LeaderElection54 ELECTION round 0: result PASSED
2022-07-30 01:51:33,825 [da7e3490-bd6e-4553-a90b-b6c1b406431b@group-F9F44761267B-LeaderElection54] INFO  impl.RoleInfo (RoleInfo.java:shutdownLeaderElection(130)) - da7e3490-bd6e-4553-a90b-b6c1b406431b: shutdown da7e3490-bd6e-4553-a90b-b6c1b406431b@group-F9F44761267B-LeaderElection54
2022-07-30 01:51:33,825 [da7e3490-bd6e-4553-a90b-b6c1b406431b@group-F9F44761267B-LeaderElection54] INFO  server.RaftServer$Division (RaftServerImpl.java:setRole(299)) - da7e3490-bd6e-4553-a90b-b6c1b406431b@group-F9F44761267B: changes role from CANDIDATE to LEADER at term 3 for changeToLeader
2022-07-30 01:51:33,825 [da7e3490-bd6e-4553-a90b-b6c1b406431b@group-F9F44761267B-LeaderElection54] INFO  ratis.XceiverServerRatis (XceiverServerRatis.java:handleLeaderChangedNotification(863)) - Leader change notification received for group: group-F9F44761267B with new leaderId: da7e3490-bd6e-4553-a90b-b6c1b406431b
2022-07-30 01:51:33,825 [da7e3490-bd6e-4553-a90b-b6c1b406431b@group-F9F44761267B-LeaderElection54] INFO  server.RaftServer$Division (ServerState.java:setLeader(287)) - da7e3490-bd6e-4553-a90b-b6c1b406431b@group-F9F44761267B: change Leader from null to da7e3490-bd6e-4553-a90b-b6c1b406431b at term 3 for becomeLeader, leader elected after 15656ms
2022-07-30 01:51:33,825 [da7e3490-bd6e-4553-a90b-b6c1b406431b@group-F9F44761267B-LeaderElection54] INFO  server.RaftServerConfigKeys (ConfUtils.java:logGet(46)) - raft.server.staging.catchup.gap = 1000 (default)
2022-07-30 01:51:33,825 [da7e3490-bd6e-4553-a90b-b6c1b406431b@group-F9F44761267B-LeaderElection54] INFO  server.RaftServerConfigKeys (ConfUtils.java:logGet(46)) - raft.server.write.element-limit = 1024 (custom)
2022-07-30 01:51:33,826 [da7e3490-bd6e-4553-a90b-b6c1b406431b@group-F9F44761267B-LeaderElection54] INFO  server.RaftServerConfigKeys (ConfUtils.java:logGet(46)) - raft.server.write.byte-limit = 1024 M (=1073741824) (custom)
2022-07-30 01:51:33,826 [da7e3490-bd6e-4553-a90b-b6c1b406431b@group-F9F44761267B-LeaderElection54] INFO  server.RaftServerConfigKeys (ConfUtils.java:logGet(46)) - raft.server.watch.timeout = 180s (custom)
2022-07-30 01:51:33,826 [da7e3490-bd6e-4553-a90b-b6c1b406431b@group-F9F44761267B-LeaderElection54] INFO  server.RaftServerConfigKeys (ConfUtils.java:logGet(46)) - raft.server.watch.timeout.denomination = 1s (default)
2022-07-30 01:51:33,826 [da7e3490-bd6e-4553-a90b-b6c1b406431b@group-F9F44761267B-LeaderElection54] INFO  server.RaftServerConfigKeys (ConfUtils.java:logGet(46)) - raft.server.watch.element-limit = 65536 (default)
2022-07-30 01:51:33,826 [da7e3490-bd6e-4553-a90b-b6c1b406431b@group-F9F44761267B-LeaderElection54] INFO  server.RaftServerConfigKeys (ConfUtils.java:logGet(46)) - raft.server.write.element-limit = 1024 (custom)
2022-07-30 01:51:33,826 [da7e3490-bd6e-4553-a90b-b6c1b406431b@group-F9F44761267B-LeaderElection54] INFO  server.RaftServerConfigKeys (ConfUtils.java:logGet(46)) - raft.server.write.follower.gap.ratio.max = -1.0 (default)
2022-07-30 01:51:33,827 [da7e3490-bd6e-4553-a90b-b6c1b406431b@group-F9F44761267B-LeaderElection54] INFO  server.RaftServerConfigKeys (ConfUtils.java:logGet(46)) - raft.server.log.appender.snapshot.chunk.size.max = 16MB (=16777216) (default)
2022-07-30 01:51:33,827 [da7e3490-bd6e-4553-a90b-b6c1b406431b@group-F9F44761267B-LeaderElection54] INFO  server.RaftServerConfigKeys (ConfUtils.java:logGet(46)) - raft.server.log.appender.buffer.byte-limit = 33554432 (custom)
2022-07-30 01:51:33,827 [da7e3490-bd6e-4553-a90b-b6c1b406431b@group-F9F44761267B-LeaderElection54] INFO  server.RaftServerConfigKeys (ConfUtils.java:logGet(46)) - raft.server.log.appender.buffer.element-limit = 1 (custom)
2022-07-30 01:51:33,831 [da7e3490-bd6e-4553-a90b-b6c1b406431b@group-F9F44761267B-LeaderElection54] INFO  grpc.GrpcConfigKeys (ConfUtils.java:logGet(46)) - raft.grpc.server.leader.outstanding.appends.max = 128 (default)
2022-07-30 01:51:33,831 [da7e3490-bd6e-4553-a90b-b6c1b406431b@group-F9F44761267B-LeaderElection54] INFO  server.RaftServerConfigKeys (ConfUtils.java:logGet(46)) - raft.server.rpc.request.timeout = 60s (custom)
2022-07-30 01:51:33,832 [da7e3490-bd6e-4553-a90b-b6c1b406431b@group-F9F44761267B-LeaderElection54] INFO  server.RaftServerConfigKeys (ConfUtils.java:logGet(46)) - raft.server.log.appender.install.snapshot.enabled = false (custom)
2022-07-30 01:51:33,833 [da7e3490-bd6e-4553-a90b-b6c1b406431b@group-F9F44761267B-LeaderElection54] INFO  server.RaftServerConfigKeys (ConfUtils.java:logGet(46)) - raft.server.log.appender.snapshot.chunk.size.max = 16MB (=16777216) (default)
2022-07-30 01:51:33,833 [da7e3490-bd6e-4553-a90b-b6c1b406431b@group-F9F44761267B-LeaderElection54] INFO  server.RaftServerConfigKeys (ConfUtils.java:logGet(46)) - raft.server.log.appender.buffer.byte-limit = 33554432 (custom)
2022-07-30 01:51:33,833 [da7e3490-bd6e-4553-a90b-b6c1b406431b@group-F9F44761267B-LeaderElection54] INFO  server.RaftServerConfigKeys (ConfUtils.java:logGet(46)) - raft.server.log.appender.buffer.element-limit = 1 (custom)
2022-07-30 01:51:33,833 [da7e3490-bd6e-4553-a90b-b6c1b406431b@group-F9F44761267B-LeaderElection54] INFO  grpc.GrpcConfigKeys (ConfUtils.java:logGet(46)) - raft.grpc.server.leader.outstanding.appends.max = 128 (default)
2022-07-30 01:51:33,833 [da7e3490-bd6e-4553-a90b-b6c1b406431b@group-F9F44761267B-LeaderElection54] INFO  server.RaftServerConfigKeys (ConfUtils.java:logGet(46)) - raft.server.rpc.request.timeout = 60s (custom)
2022-07-30 01:51:33,833 [da7e3490-bd6e-4553-a90b-b6c1b406431b@group-F9F44761267B-LeaderElection54] INFO  server.RaftServerConfigKeys (ConfUtils.java:logGet(46)) - raft.server.log.appender.install.snapshot.enabled = false (custom)
2022-07-30 01:51:33,833 [da7e3490-bd6e-4553-a90b-b6c1b406431b@group-F9F44761267B-LeaderElection54] INFO  impl.RoleInfo (RoleInfo.java:updateAndGet(139)) - da7e3490-bd6e-4553-a90b-b6c1b406431b: start da7e3490-bd6e-4553-a90b-b6c1b406431b@group-F9F44761267B-LeaderStateImpl
2022-07-30 01:51:33,834 [da7e3490-bd6e-4553-a90b-b6c1b406431b@group-F9F44761267B-LeaderElection54] INFO  segmented.SegmentedRaftLogWorker (SegmentedRaftLogWorker.java:startLogSegment(425)) - da7e3490-bd6e-4553-a90b-b6c1b406431b@group-F9F44761267B-SegmentedRaftLogWorker: Starting segment from index:0
2022-07-30 01:51:33,835 [grpc-default-executor-3] INFO  server.RaftServer$Division (RaftServerImpl.java:requestVote(1152)) - 625bdddd-b23f-4a62-9edb-0ce5ae5b2b03@group-F9F44761267B: receive requestVote(ELECTION, da7e3490-bd6e-4553-a90b-b6c1b406431b, group-F9F44761267B, 3, (t:0, i:0))
2022-07-30 01:51:33,836 [grpc-default-executor-3] INFO  impl.VoteContext (VoteContext.java:log(48)) - 625bdddd-b23f-4a62-9edb-0ce5ae5b2b03@group-F9F44761267B-CANDIDATE: accept ELECTION from da7e3490-bd6e-4553-a90b-b6c1b406431b: our priority 0 <= candidate's priority 1
2022-07-30 01:51:33,836 [OM StateMachine ApplyTransaction Thread - 0] INFO  bucket.OMBucketCreateRequest (OMBucketCreateRequest.java:validateAndUpdateCache(260)) - created bucket: bucket31754 of layout LEGACY in volume: volume78675
2022-07-30 01:51:33,836 [grpc-default-executor-3] INFO  server.RaftServer$Division (RaftServerImpl.java:setRole(299)) - 625bdddd-b23f-4a62-9edb-0ce5ae5b2b03@group-F9F44761267B: changes role from CANDIDATE to FOLLOWER at term 3 for candidate:da7e3490-bd6e-4553-a90b-b6c1b406431b
2022-07-30 01:51:33,836 [grpc-default-executor-3] INFO  impl.RoleInfo (RoleInfo.java:shutdownLeaderElection(130)) - 625bdddd-b23f-4a62-9edb-0ce5ae5b2b03: shutdown 625bdddd-b23f-4a62-9edb-0ce5ae5b2b03@group-F9F44761267B-LeaderElection56
2022-07-30 01:51:33,836 [grpc-default-executor-3] INFO  impl.RoleInfo (RoleInfo.java:updateAndGet(139)) - 625bdddd-b23f-4a62-9edb-0ce5ae5b2b03: start 625bdddd-b23f-4a62-9edb-0ce5ae5b2b03@group-F9F44761267B-FollowerState
2022-07-30 01:51:33,840 [625bdddd-b23f-4a62-9edb-0ce5ae5b2b03@group-F9F44761267B-LeaderElection56] INFO  impl.LeaderElection (LeaderElection.java:run(231)) - 625bdddd-b23f-4a62-9edb-0ce5ae5b2b03@group-F9F44761267B-LeaderElection56: skip running since this is already CLOSING
2022-07-30 01:51:33,860 [EventQueue-PipelineReportForPipelineReportHandler] INFO  pipeline.PipelineManagerImpl (PipelineManagerImpl.java:openPipeline(367)) - Pipeline Pipeline[ Id: 959eb944-99a7-44cc-9081-f9f44761267b, Nodes: 764da7f4-576c-4739-b8ba-4f387767ddcb{ip: 10.1.0.37, host: fv-az297-62.nmf1rxwemy4u5di1sxxf4ejcwb.jx.internal.cloudapp.net, ports: [REPLICATION=45777, RATIS=40341, RATIS_ADMIN=40341, RATIS_SERVER=40341, STANDALONE=46769], networkLocation: /default-rack, certSerialId: null, persistedOpState: IN_SERVICE, persistedOpStateExpiryEpochSec: 0}625bdddd-b23f-4a62-9edb-0ce5ae5b2b03{ip: 10.1.0.37, host: fv-az297-62.nmf1rxwemy4u5di1sxxf4ejcwb.jx.internal.cloudapp.net, ports: [REPLICATION=33749, RATIS=39839, RATIS_ADMIN=39839, RATIS_SERVER=39839, STANDALONE=38743], networkLocation: /default-rack, certSerialId: null, persistedOpState: IN_SERVICE, persistedOpStateExpiryEpochSec: 0}da7e3490-bd6e-4553-a90b-b6c1b406431b{ip: 10.1.0.37, host: fv-az297-62.nmf1rxwemy4u5di1sxxf4ejcwb.jx.internal.cloudapp.net, ports: [REPLICATION=39821, RATIS=39503, RATIS_ADMIN=39503, RATIS_SERVER=39503, STANDALONE=42013], networkLocation: /default-rack, certSerialId: null, persistedOpState: IN_SERVICE, persistedOpStateExpiryEpochSec: 0}, ReplicationConfig: RATIS/THREE, State:ALLOCATED, leaderId:da7e3490-bd6e-4553-a90b-b6c1b406431b, CreationTimestamp2022-07-30T01:51:16.274Z[Etc/UTC]] moved to OPEN state
2022-07-30 01:51:33,867 [da7e3490-bd6e-4553-a90b-b6c1b406431b@group-F9F44761267B-SegmentedRaftLogWorker] INFO  segmented.SegmentedRaftLogWorker (SegmentedRaftLogWorker.java:execute(629)) - da7e3490-bd6e-4553-a90b-b6c1b406431b@group-F9F44761267B-SegmentedRaftLogWorker: created new log segment /home/runner/work/ozone/ozone/hadoop-ozone/integration-test/target/test-dir/MiniOzoneClusterImpl-82f5a944-0aea-4e62-8f89-f91bfebfb0a1/datanode-1/data/ratis/959eb944-99a7-44cc-9081-f9f44761267b/current/log_inprogress_0
2022-07-30 01:51:33,867 [grpc-default-executor-3] INFO  server.RaftServer$Division (RaftServerImpl.java:requestVote(1184)) - 625bdddd-b23f-4a62-9edb-0ce5ae5b2b03@group-F9F44761267B replies to ELECTION vote request: da7e3490-bd6e-4553-a90b-b6c1b406431b<-625bdddd-b23f-4a62-9edb-0ce5ae5b2b03#0:OK-t3. Peer's state: 625bdddd-b23f-4a62-9edb-0ce5ae5b2b03@group-F9F44761267B:t3, leader=null, voted=da7e3490-bd6e-4553-a90b-b6c1b406431b, raftlog=625bdddd-b23f-4a62-9edb-0ce5ae5b2b03@group-F9F44761267B-SegmentedRaftLog:OPENED:c-1, conf=-1: [764da7f4-576c-4739-b8ba-4f387767ddcb|rpc:10.1.0.37:40341|dataStream:|priority:0, 625bdddd-b23f-4a62-9edb-0ce5ae5b2b03|rpc:10.1.0.37:39839|dataStream:|priority:0, da7e3490-bd6e-4553-a90b-b6c1b406431b|rpc:10.1.0.37:39503|dataStream:|priority:1], old=null
2022-07-30 01:51:33,902 [da7e3490-bd6e-4553-a90b-b6c1b406431b@group-F9F44761267B-LeaderElection54] INFO  server.RaftServer$Division (ServerState.java:setRaftConf(393)) - da7e3490-bd6e-4553-a90b-b6c1b406431b@group-F9F44761267B: set configuration 0: [764da7f4-576c-4739-b8ba-4f387767ddcb|rpc:10.1.0.37:40341|dataStream:|priority:0, 625bdddd-b23f-4a62-9edb-0ce5ae5b2b03|rpc:10.1.0.37:39839|dataStream:|priority:0, da7e3490-bd6e-4553-a90b-b6c1b406431b|rpc:10.1.0.37:39503|dataStream:|priority:1], old=null
2022-07-30 01:51:33,931 [625bdddd-b23f-4a62-9edb-0ce5ae5b2b03-server-thread1] INFO  ratis.XceiverServerRatis (XceiverServerRatis.java:handleLeaderChangedNotification(863)) - Leader change notification received for group: group-F9F44761267B with new leaderId: da7e3490-bd6e-4553-a90b-b6c1b406431b
2022-07-30 01:51:33,931 [625bdddd-b23f-4a62-9edb-0ce5ae5b2b03-server-thread1] INFO  server.RaftServer$Division (ServerState.java:setLeader(287)) - 625bdddd-b23f-4a62-9edb-0ce5ae5b2b03@group-F9F44761267B: change Leader from null to da7e3490-bd6e-4553-a90b-b6c1b406431b at term 3 for appendEntries, leader elected after 15916ms
]]></system-out>
  </testcase>
  <testcase name="testListStatus" classname="TestRootedOzoneFileSystem" time="0.142">
    <system-out><![CDATA[2022-07-30 01:52:59,396 [Time-limited test] INFO  rpc.RpcClient (RpcClient.java:createVolume(468)) - Creating Volume: volume10642, with user82112 as owner and space quota set to -1 bytes, counts quota set to -1
2022-07-30 01:52:59,397 [IPC Server handler 9 on default port 40433] INFO  volume.OMVolumeCreateRequest (OMVolumeCreateRequest.java:validateAndUpdateCache(195)) - created volume:volume10642 for user:user82112
2022-07-30 01:52:59,398 [Time-limited test] INFO  rpc.RpcClient (RpcClient.java:createBucket(671)) - Creating Bucket: volume10642/bucket32381, with bucket layout LEGACY, runner as owner, Versioning false, Storage Type set to DISK and Encryption set to false 
2022-07-30 01:52:59,399 [IPC Server handler 15 on default port 40433] INFO  bucket.OMBucketCreateRequest (OMBucketCreateRequest.java:validateAndUpdateCache(260)) - created bucket: bucket32381 of layout LEGACY in volume: volume10642
]]></system-out>
  </testcase>
  <testcase name="testGetTrashRoots" classname="TestRootedOzoneFileSystem" time="0.82">
    <system-out><![CDATA[2022-07-30 01:47:43,421 [Time-limited test] INFO  rpc.RpcClient (RpcClient.java:createVolume(468)) - Creating Volume: volume55322, with user73956 as owner and space quota set to -1 bytes, counts quota set to -1
2022-07-30 01:47:43,425 [OM StateMachine ApplyTransaction Thread - 0] INFO  volume.OMVolumeCreateRequest (OMVolumeCreateRequest.java:validateAndUpdateCache(195)) - created volume:volume55322 for user:user73956
2022-07-30 01:47:43,427 [Time-limited test] INFO  rpc.RpcClient (RpcClient.java:createBucket(671)) - Creating Bucket: volume55322/bucket24666, with bucket layout LEGACY, runner as owner, Versioning false, Storage Type set to DISK and Encryption set to false 
2022-07-30 01:47:43,429 [OM StateMachine ApplyTransaction Thread - 0] INFO  bucket.OMBucketCreateRequest (OMBucketCreateRequest.java:validateAndUpdateCache(260)) - created bucket: bucket24666 of layout LEGACY in volume: volume55322
01:47:43.454 [IPC Server handler 6 on default port 39159] ERROR OMAudit - user=runner | ip=127.0.0.1 | op=GET_FILE_STATUS {volume=92c39125-828c-44f2-bdba-603228f3d9ce, bucket=1b4215e0-d630-48e9-8498-9fe32c65ecdb, key=.Trash/runner, dataSize=0, replicationConfig=null} | ret=FAILURE
org.apache.hadoop.ozone.om.exceptions.OMException: Unable to get file status: volume: 92c39125-828c-44f2-bdba-603228f3d9ce bucket: 1b4215e0-d630-48e9-8498-9fe32c65ecdb key: .Trash/runner
	at org.apache.hadoop.ozone.om.KeyManagerImpl.getOzoneFileStatus(KeyManagerImpl.java:1311) ~[ozone-manager-1.3.0-SNAPSHOT.jar:?]
	at org.apache.hadoop.ozone.om.KeyManagerImpl.getFileStatus(KeyManagerImpl.java:1241) ~[ozone-manager-1.3.0-SNAPSHOT.jar:?]
	at org.apache.hadoop.ozone.om.OzoneManager.getFileStatus(OzoneManager.java:3467) ~[ozone-manager-1.3.0-SNAPSHOT.jar:?]
	at org.apache.hadoop.ozone.protocolPB.OzoneManagerRequestHandler.getOzoneFileStatus(OzoneManagerRequestHandler.java:878) ~[ozone-manager-1.3.0-SNAPSHOT.jar:?]
	at org.apache.hadoop.ozone.protocolPB.OzoneManagerRequestHandler.handleReadRequest(OzoneManagerRequestHandler.java:224) ~[ozone-manager-1.3.0-SNAPSHOT.jar:?]
	at org.apache.hadoop.ozone.protocolPB.OzoneManagerProtocolServerSideTranslatorPB.submitReadRequestToOM(OzoneManagerProtocolServerSideTranslatorPB.java:226) ~[ozone-manager-1.3.0-SNAPSHOT.jar:?]
	at org.apache.hadoop.ozone.protocolPB.OzoneManagerProtocolServerSideTranslatorPB.processRequest(OzoneManagerProtocolServerSideTranslatorPB.java:175) ~[ozone-manager-1.3.0-SNAPSHOT.jar:?]
	at org.apache.hadoop.hdds.server.OzoneProtocolMessageDispatcher.processRequest(OzoneProtocolMessageDispatcher.java:87) [hdds-server-framework-1.3.0-SNAPSHOT.jar:?]
	at org.apache.hadoop.ozone.protocolPB.OzoneManagerProtocolServerSideTranslatorPB.submitRequest(OzoneManagerProtocolServerSideTranslatorPB.java:147) [ozone-manager-1.3.0-SNAPSHOT.jar:?]
	at org.apache.hadoop.ozone.protocol.proto.OzoneManagerProtocolProtos$OzoneManagerService$2.callBlockingMethod(OzoneManagerProtocolProtos.java) [ozone-interface-client-1.3.0-SNAPSHOT.jar:?]
	at org.apache.hadoop.ipc.ProtobufRpcEngine$Server.processCall(ProtobufRpcEngine.java:466) [hadoop-common-3.3.1.jar:?]
	at org.apache.hadoop.ipc.ProtobufRpcEngine2$Server$ProtoBufRpcInvoker.call(ProtobufRpcEngine2.java:574) [hadoop-common-3.3.1.jar:?]
	at org.apache.hadoop.ipc.ProtobufRpcEngine2$Server$ProtoBufRpcInvoker.call(ProtobufRpcEngine2.java:552) [hadoop-common-3.3.1.jar:?]
	at org.apache.hadoop.ipc.RPC$Server.call(RPC.java:1093) [hadoop-common-3.3.1.jar:?]
	at org.apache.hadoop.ipc.Server$RpcCall.run(Server.java:1035) [hadoop-common-3.3.1.jar:?]
	at org.apache.hadoop.ipc.Server$RpcCall.run(Server.java:963) [hadoop-common-3.3.1.jar:?]
	at java.security.AccessController.doPrivileged(Native Method) ~[?:1.8.0_332]
	at javax.security.auth.Subject.doAs(Subject.java:422) [?:1.8.0_332]
	at org.apache.hadoop.security.UserGroupInformation.doAs(UserGroupInformation.java:1878) [hadoop-common-3.3.1.jar:?]
	at org.apache.hadoop.ipc.Server$Handler.run(Server.java:2966) [hadoop-common-3.3.1.jar:?]
01:47:43.459 [IPC Server handler 16 on default port 39159] ERROR OMAudit - user=runner | ip=127.0.0.1 | op=GET_FILE_STATUS {volume=volume55322, bucket=bucket24666, key=.Trash/runner, dataSize=0, replicationConfig=null} | ret=FAILURE
org.apache.hadoop.ozone.om.exceptions.OMException: Unable to get file status: volume: volume55322 bucket: bucket24666 key: .Trash/runner
	at org.apache.hadoop.ozone.om.KeyManagerImpl.getOzoneFileStatus(KeyManagerImpl.java:1311) ~[ozone-manager-1.3.0-SNAPSHOT.jar:?]
	at org.apache.hadoop.ozone.om.KeyManagerImpl.getFileStatus(KeyManagerImpl.java:1241) ~[ozone-manager-1.3.0-SNAPSHOT.jar:?]
	at org.apache.hadoop.ozone.om.OzoneManager.getFileStatus(OzoneManager.java:3467) ~[ozone-manager-1.3.0-SNAPSHOT.jar:?]
	at org.apache.hadoop.ozone.protocolPB.OzoneManagerRequestHandler.getOzoneFileStatus(OzoneManagerRequestHandler.java:878) ~[ozone-manager-1.3.0-SNAPSHOT.jar:?]
	at org.apache.hadoop.ozone.protocolPB.OzoneManagerRequestHandler.handleReadRequest(OzoneManagerRequestHandler.java:224) ~[ozone-manager-1.3.0-SNAPSHOT.jar:?]
	at org.apache.hadoop.ozone.protocolPB.OzoneManagerProtocolServerSideTranslatorPB.submitReadRequestToOM(OzoneManagerProtocolServerSideTranslatorPB.java:226) ~[ozone-manager-1.3.0-SNAPSHOT.jar:?]
	at org.apache.hadoop.ozone.protocolPB.OzoneManagerProtocolServerSideTranslatorPB.processRequest(OzoneManagerProtocolServerSideTranslatorPB.java:175) ~[ozone-manager-1.3.0-SNAPSHOT.jar:?]
	at org.apache.hadoop.hdds.server.OzoneProtocolMessageDispatcher.processRequest(OzoneProtocolMessageDispatcher.java:87) [hdds-server-framework-1.3.0-SNAPSHOT.jar:?]
	at org.apache.hadoop.ozone.protocolPB.OzoneManagerProtocolServerSideTranslatorPB.submitRequest(OzoneManagerProtocolServerSideTranslatorPB.java:147) [ozone-manager-1.3.0-SNAPSHOT.jar:?]
	at org.apache.hadoop.ozone.protocol.proto.OzoneManagerProtocolProtos$OzoneManagerService$2.callBlockingMethod(OzoneManagerProtocolProtos.java) [ozone-interface-client-1.3.0-SNAPSHOT.jar:?]
	at org.apache.hadoop.ipc.ProtobufRpcEngine$Server.processCall(ProtobufRpcEngine.java:466) [hadoop-common-3.3.1.jar:?]
	at org.apache.hadoop.ipc.ProtobufRpcEngine2$Server$ProtoBufRpcInvoker.call(ProtobufRpcEngine2.java:574) [hadoop-common-3.3.1.jar:?]
	at org.apache.hadoop.ipc.ProtobufRpcEngine2$Server$ProtoBufRpcInvoker.call(ProtobufRpcEngine2.java:552) [hadoop-common-3.3.1.jar:?]
	at org.apache.hadoop.ipc.RPC$Server.call(RPC.java:1093) [hadoop-common-3.3.1.jar:?]
	at org.apache.hadoop.ipc.Server$RpcCall.run(Server.java:1035) [hadoop-common-3.3.1.jar:?]
	at org.apache.hadoop.ipc.Server$RpcCall.run(Server.java:963) [hadoop-common-3.3.1.jar:?]
	at java.security.AccessController.doPrivileged(Native Method) ~[?:1.8.0_332]
	at javax.security.auth.Subject.doAs(Subject.java:422) [?:1.8.0_332]
	at org.apache.hadoop.security.UserGroupInformation.doAs(UserGroupInformation.java:1878) [hadoop-common-3.3.1.jar:?]
	at org.apache.hadoop.ipc.Server$Handler.run(Server.java:2966) [hadoop-common-3.3.1.jar:?]
01:47:43.466 [IPC Server handler 3 on default port 39159] ERROR OMAudit - user=runner | ip=127.0.0.1 | op=GET_FILE_STATUS {volume=92c39125-828c-44f2-bdba-603228f3d9ce, bucket=1b4215e0-d630-48e9-8498-9fe32c65ecdb, key=.Trash, dataSize=0, replicationConfig=null} | ret=FAILURE
org.apache.hadoop.ozone.om.exceptions.OMException: Unable to get file status: volume: 92c39125-828c-44f2-bdba-603228f3d9ce bucket: 1b4215e0-d630-48e9-8498-9fe32c65ecdb key: .Trash
	at org.apache.hadoop.ozone.om.KeyManagerImpl.getOzoneFileStatus(KeyManagerImpl.java:1311) ~[ozone-manager-1.3.0-SNAPSHOT.jar:?]
	at org.apache.hadoop.ozone.om.KeyManagerImpl.getFileStatus(KeyManagerImpl.java:1241) ~[ozone-manager-1.3.0-SNAPSHOT.jar:?]
	at org.apache.hadoop.ozone.om.OzoneManager.getFileStatus(OzoneManager.java:3467) ~[ozone-manager-1.3.0-SNAPSHOT.jar:?]
	at org.apache.hadoop.ozone.protocolPB.OzoneManagerRequestHandler.getOzoneFileStatus(OzoneManagerRequestHandler.java:878) ~[ozone-manager-1.3.0-SNAPSHOT.jar:?]
	at org.apache.hadoop.ozone.protocolPB.OzoneManagerRequestHandler.handleReadRequest(OzoneManagerRequestHandler.java:224) ~[ozone-manager-1.3.0-SNAPSHOT.jar:?]
	at org.apache.hadoop.ozone.protocolPB.OzoneManagerProtocolServerSideTranslatorPB.submitReadRequestToOM(OzoneManagerProtocolServerSideTranslatorPB.java:226) ~[ozone-manager-1.3.0-SNAPSHOT.jar:?]
	at org.apache.hadoop.ozone.protocolPB.OzoneManagerProtocolServerSideTranslatorPB.processRequest(OzoneManagerProtocolServerSideTranslatorPB.java:175) ~[ozone-manager-1.3.0-SNAPSHOT.jar:?]
	at org.apache.hadoop.hdds.server.OzoneProtocolMessageDispatcher.processRequest(OzoneProtocolMessageDispatcher.java:87) [hdds-server-framework-1.3.0-SNAPSHOT.jar:?]
	at org.apache.hadoop.ozone.protocolPB.OzoneManagerProtocolServerSideTranslatorPB.submitRequest(OzoneManagerProtocolServerSideTranslatorPB.java:147) [ozone-manager-1.3.0-SNAPSHOT.jar:?]
	at org.apache.hadoop.ozone.protocol.proto.OzoneManagerProtocolProtos$OzoneManagerService$2.callBlockingMethod(OzoneManagerProtocolProtos.java) [ozone-interface-client-1.3.0-SNAPSHOT.jar:?]
	at org.apache.hadoop.ipc.ProtobufRpcEngine$Server.processCall(ProtobufRpcEngine.java:466) [hadoop-common-3.3.1.jar:?]
	at org.apache.hadoop.ipc.ProtobufRpcEngine2$Server$ProtoBufRpcInvoker.call(ProtobufRpcEngine2.java:574) [hadoop-common-3.3.1.jar:?]
	at org.apache.hadoop.ipc.ProtobufRpcEngine2$Server$ProtoBufRpcInvoker.call(ProtobufRpcEngine2.java:552) [hadoop-common-3.3.1.jar:?]
	at org.apache.hadoop.ipc.RPC$Server.call(RPC.java:1093) [hadoop-common-3.3.1.jar:?]
	at org.apache.hadoop.ipc.Server$RpcCall.run(Server.java:1035) [hadoop-common-3.3.1.jar:?]
	at org.apache.hadoop.ipc.Server$RpcCall.run(Server.java:963) [hadoop-common-3.3.1.jar:?]
	at java.security.AccessController.doPrivileged(Native Method) ~[?:1.8.0_332]
	at javax.security.auth.Subject.doAs(Subject.java:422) [?:1.8.0_332]
	at org.apache.hadoop.security.UserGroupInformation.doAs(UserGroupInformation.java:1878) [hadoop-common-3.3.1.jar:?]
	at org.apache.hadoop.ipc.Server$Handler.run(Server.java:2966) [hadoop-common-3.3.1.jar:?]
01:47:43.470 [IPC Server handler 8 on default port 39159] ERROR OMAudit - user=runner | ip=127.0.0.1 | op=GET_FILE_STATUS {volume=volume55322, bucket=bucket24666, key=.Trash, dataSize=0, replicationConfig=null} | ret=FAILURE
org.apache.hadoop.ozone.om.exceptions.OMException: Unable to get file status: volume: volume55322 bucket: bucket24666 key: .Trash
	at org.apache.hadoop.ozone.om.KeyManagerImpl.getOzoneFileStatus(KeyManagerImpl.java:1311) ~[ozone-manager-1.3.0-SNAPSHOT.jar:?]
	at org.apache.hadoop.ozone.om.KeyManagerImpl.getFileStatus(KeyManagerImpl.java:1241) ~[ozone-manager-1.3.0-SNAPSHOT.jar:?]
	at org.apache.hadoop.ozone.om.OzoneManager.getFileStatus(OzoneManager.java:3467) ~[ozone-manager-1.3.0-SNAPSHOT.jar:?]
	at org.apache.hadoop.ozone.protocolPB.OzoneManagerRequestHandler.getOzoneFileStatus(OzoneManagerRequestHandler.java:878) ~[ozone-manager-1.3.0-SNAPSHOT.jar:?]
	at org.apache.hadoop.ozone.protocolPB.OzoneManagerRequestHandler.handleReadRequest(OzoneManagerRequestHandler.java:224) ~[ozone-manager-1.3.0-SNAPSHOT.jar:?]
	at org.apache.hadoop.ozone.protocolPB.OzoneManagerProtocolServerSideTranslatorPB.submitReadRequestToOM(OzoneManagerProtocolServerSideTranslatorPB.java:226) ~[ozone-manager-1.3.0-SNAPSHOT.jar:?]
	at org.apache.hadoop.ozone.protocolPB.OzoneManagerProtocolServerSideTranslatorPB.processRequest(OzoneManagerProtocolServerSideTranslatorPB.java:175) ~[ozone-manager-1.3.0-SNAPSHOT.jar:?]
	at org.apache.hadoop.hdds.server.OzoneProtocolMessageDispatcher.processRequest(OzoneProtocolMessageDispatcher.java:87) [hdds-server-framework-1.3.0-SNAPSHOT.jar:?]
	at org.apache.hadoop.ozone.protocolPB.OzoneManagerProtocolServerSideTranslatorPB.submitRequest(OzoneManagerProtocolServerSideTranslatorPB.java:147) [ozone-manager-1.3.0-SNAPSHOT.jar:?]
	at org.apache.hadoop.ozone.protocol.proto.OzoneManagerProtocolProtos$OzoneManagerService$2.callBlockingMethod(OzoneManagerProtocolProtos.java) [ozone-interface-client-1.3.0-SNAPSHOT.jar:?]
	at org.apache.hadoop.ipc.ProtobufRpcEngine$Server.processCall(ProtobufRpcEngine.java:466) [hadoop-common-3.3.1.jar:?]
	at org.apache.hadoop.ipc.ProtobufRpcEngine2$Server$ProtoBufRpcInvoker.call(ProtobufRpcEngine2.java:574) [hadoop-common-3.3.1.jar:?]
	at org.apache.hadoop.ipc.ProtobufRpcEngine2$Server$ProtoBufRpcInvoker.call(ProtobufRpcEngine2.java:552) [hadoop-common-3.3.1.jar:?]
	at org.apache.hadoop.ipc.RPC$Server.call(RPC.java:1093) [hadoop-common-3.3.1.jar:?]
	at org.apache.hadoop.ipc.Server$RpcCall.run(Server.java:1035) [hadoop-common-3.3.1.jar:?]
	at org.apache.hadoop.ipc.Server$RpcCall.run(Server.java:963) [hadoop-common-3.3.1.jar:?]
	at java.security.AccessController.doPrivileged(Native Method) ~[?:1.8.0_332]
	at javax.security.auth.Subject.doAs(Subject.java:422) [?:1.8.0_332]
	at org.apache.hadoop.security.UserGroupInformation.doAs(UserGroupInformation.java:1878) [hadoop-common-3.3.1.jar:?]
	at org.apache.hadoop.ipc.Server$Handler.run(Server.java:2966) [hadoop-common-3.3.1.jar:?]
01:47:43.480 [IPC Server handler 15 on default port 39159] ERROR OMAudit - user=runner | ip=127.0.0.1 | op=GET_FILE_STATUS {volume=92c39125-828c-44f2-bdba-603228f3d9ce, bucket=1b4215e0-d630-48e9-8498-9fe32c65ecdb, key=.Trash/runner, dataSize=0, replicationConfig=null} | ret=FAILURE
org.apache.hadoop.ozone.om.exceptions.OMException: Unable to get file status: volume: 92c39125-828c-44f2-bdba-603228f3d9ce bucket: 1b4215e0-d630-48e9-8498-9fe32c65ecdb key: .Trash/runner
	at org.apache.hadoop.ozone.om.KeyManagerImpl.getOzoneFileStatus(KeyManagerImpl.java:1311) ~[ozone-manager-1.3.0-SNAPSHOT.jar:?]
	at org.apache.hadoop.ozone.om.KeyManagerImpl.getFileStatus(KeyManagerImpl.java:1241) ~[ozone-manager-1.3.0-SNAPSHOT.jar:?]
	at org.apache.hadoop.ozone.om.OzoneManager.getFileStatus(OzoneManager.java:3467) ~[ozone-manager-1.3.0-SNAPSHOT.jar:?]
	at org.apache.hadoop.ozone.protocolPB.OzoneManagerRequestHandler.getOzoneFileStatus(OzoneManagerRequestHandler.java:878) ~[ozone-manager-1.3.0-SNAPSHOT.jar:?]
	at org.apache.hadoop.ozone.protocolPB.OzoneManagerRequestHandler.handleReadRequest(OzoneManagerRequestHandler.java:224) ~[ozone-manager-1.3.0-SNAPSHOT.jar:?]
	at org.apache.hadoop.ozone.protocolPB.OzoneManagerProtocolServerSideTranslatorPB.submitReadRequestToOM(OzoneManagerProtocolServerSideTranslatorPB.java:226) ~[ozone-manager-1.3.0-SNAPSHOT.jar:?]
	at org.apache.hadoop.ozone.protocolPB.OzoneManagerProtocolServerSideTranslatorPB.processRequest(OzoneManagerProtocolServerSideTranslatorPB.java:175) ~[ozone-manager-1.3.0-SNAPSHOT.jar:?]
	at org.apache.hadoop.hdds.server.OzoneProtocolMessageDispatcher.processRequest(OzoneProtocolMessageDispatcher.java:87) [hdds-server-framework-1.3.0-SNAPSHOT.jar:?]
	at org.apache.hadoop.ozone.protocolPB.OzoneManagerProtocolServerSideTranslatorPB.submitRequest(OzoneManagerProtocolServerSideTranslatorPB.java:147) [ozone-manager-1.3.0-SNAPSHOT.jar:?]
	at org.apache.hadoop.ozone.protocol.proto.OzoneManagerProtocolProtos$OzoneManagerService$2.callBlockingMethod(OzoneManagerProtocolProtos.java) [ozone-interface-client-1.3.0-SNAPSHOT.jar:?]
	at org.apache.hadoop.ipc.ProtobufRpcEngine$Server.processCall(ProtobufRpcEngine.java:466) [hadoop-common-3.3.1.jar:?]
	at org.apache.hadoop.ipc.ProtobufRpcEngine2$Server$ProtoBufRpcInvoker.call(ProtobufRpcEngine2.java:574) [hadoop-common-3.3.1.jar:?]
	at org.apache.hadoop.ipc.ProtobufRpcEngine2$Server$ProtoBufRpcInvoker.call(ProtobufRpcEngine2.java:552) [hadoop-common-3.3.1.jar:?]
	at org.apache.hadoop.ipc.RPC$Server.call(RPC.java:1093) [hadoop-common-3.3.1.jar:?]
	at org.apache.hadoop.ipc.Server$RpcCall.run(Server.java:1035) [hadoop-common-3.3.1.jar:?]
	at org.apache.hadoop.ipc.Server$RpcCall.run(Server.java:963) [hadoop-common-3.3.1.jar:?]
	at java.security.AccessController.doPrivileged(Native Method) ~[?:1.8.0_332]
	at javax.security.auth.Subject.doAs(Subject.java:422) [?:1.8.0_332]
	at org.apache.hadoop.security.UserGroupInformation.doAs(UserGroupInformation.java:1878) [hadoop-common-3.3.1.jar:?]
	at org.apache.hadoop.ipc.Server$Handler.run(Server.java:2966) [hadoop-common-3.3.1.jar:?]
01:47:43.504 [IPC Server handler 10 on default port 39159] ERROR OMAudit - user=runner | ip=127.0.0.1 | op=GET_FILE_STATUS {volume=92c39125-828c-44f2-bdba-603228f3d9ce, bucket=1b4215e0-d630-48e9-8498-9fe32c65ecdb, key=.Trash, dataSize=0, replicationConfig=null} | ret=FAILURE
org.apache.hadoop.ozone.om.exceptions.OMException: Unable to get file status: volume: 92c39125-828c-44f2-bdba-603228f3d9ce bucket: 1b4215e0-d630-48e9-8498-9fe32c65ecdb key: .Trash
	at org.apache.hadoop.ozone.om.KeyManagerImpl.getOzoneFileStatus(KeyManagerImpl.java:1311) ~[ozone-manager-1.3.0-SNAPSHOT.jar:?]
	at org.apache.hadoop.ozone.om.KeyManagerImpl.getFileStatus(KeyManagerImpl.java:1241) ~[ozone-manager-1.3.0-SNAPSHOT.jar:?]
	at org.apache.hadoop.ozone.om.OzoneManager.getFileStatus(OzoneManager.java:3467) ~[ozone-manager-1.3.0-SNAPSHOT.jar:?]
	at org.apache.hadoop.ozone.protocolPB.OzoneManagerRequestHandler.getOzoneFileStatus(OzoneManagerRequestHandler.java:878) ~[ozone-manager-1.3.0-SNAPSHOT.jar:?]
	at org.apache.hadoop.ozone.protocolPB.OzoneManagerRequestHandler.handleReadRequest(OzoneManagerRequestHandler.java:224) ~[ozone-manager-1.3.0-SNAPSHOT.jar:?]
	at org.apache.hadoop.ozone.protocolPB.OzoneManagerProtocolServerSideTranslatorPB.submitReadRequestToOM(OzoneManagerProtocolServerSideTranslatorPB.java:226) ~[ozone-manager-1.3.0-SNAPSHOT.jar:?]
	at org.apache.hadoop.ozone.protocolPB.OzoneManagerProtocolServerSideTranslatorPB.processRequest(OzoneManagerProtocolServerSideTranslatorPB.java:175) ~[ozone-manager-1.3.0-SNAPSHOT.jar:?]
	at org.apache.hadoop.hdds.server.OzoneProtocolMessageDispatcher.processRequest(OzoneProtocolMessageDispatcher.java:87) [hdds-server-framework-1.3.0-SNAPSHOT.jar:?]
	at org.apache.hadoop.ozone.protocolPB.OzoneManagerProtocolServerSideTranslatorPB.submitRequest(OzoneManagerProtocolServerSideTranslatorPB.java:147) [ozone-manager-1.3.0-SNAPSHOT.jar:?]
	at org.apache.hadoop.ozone.protocol.proto.OzoneManagerProtocolProtos$OzoneManagerService$2.callBlockingMethod(OzoneManagerProtocolProtos.java) [ozone-interface-client-1.3.0-SNAPSHOT.jar:?]
	at org.apache.hadoop.ipc.ProtobufRpcEngine$Server.processCall(ProtobufRpcEngine.java:466) [hadoop-common-3.3.1.jar:?]
	at org.apache.hadoop.ipc.ProtobufRpcEngine2$Server$ProtoBufRpcInvoker.call(ProtobufRpcEngine2.java:574) [hadoop-common-3.3.1.jar:?]
	at org.apache.hadoop.ipc.ProtobufRpcEngine2$Server$ProtoBufRpcInvoker.call(ProtobufRpcEngine2.java:552) [hadoop-common-3.3.1.jar:?]
	at org.apache.hadoop.ipc.RPC$Server.call(RPC.java:1093) [hadoop-common-3.3.1.jar:?]
	at org.apache.hadoop.ipc.Server$RpcCall.run(Server.java:1035) [hadoop-common-3.3.1.jar:?]
	at org.apache.hadoop.ipc.Server$RpcCall.run(Server.java:963) [hadoop-common-3.3.1.jar:?]
	at java.security.AccessController.doPrivileged(Native Method) ~[?:1.8.0_332]
	at javax.security.auth.Subject.doAs(Subject.java:422) [?:1.8.0_332]
	at org.apache.hadoop.security.UserGroupInformation.doAs(UserGroupInformation.java:1878) [hadoop-common-3.3.1.jar:?]
	at org.apache.hadoop.ipc.Server$Handler.run(Server.java:2966) [hadoop-common-3.3.1.jar:?]
01:47:43.529 [IPC Server handler 8 on default port 39159] ERROR OMAudit - user=runner | ip=127.0.0.1 | op=GET_FILE_STATUS {volume=92c39125-828c-44f2-bdba-603228f3d9ce, bucket=1b4215e0-d630-48e9-8498-9fe32c65ecdb, key=.Trash/runner, dataSize=0, replicationConfig=null} | ret=FAILURE
org.apache.hadoop.ozone.om.exceptions.OMException: Unable to get file status: volume: 92c39125-828c-44f2-bdba-603228f3d9ce bucket: 1b4215e0-d630-48e9-8498-9fe32c65ecdb key: .Trash/runner
	at org.apache.hadoop.ozone.om.KeyManagerImpl.getOzoneFileStatus(KeyManagerImpl.java:1311) ~[ozone-manager-1.3.0-SNAPSHOT.jar:?]
	at org.apache.hadoop.ozone.om.KeyManagerImpl.getFileStatus(KeyManagerImpl.java:1241) ~[ozone-manager-1.3.0-SNAPSHOT.jar:?]
	at org.apache.hadoop.ozone.om.OzoneManager.getFileStatus(OzoneManager.java:3467) ~[ozone-manager-1.3.0-SNAPSHOT.jar:?]
	at org.apache.hadoop.ozone.protocolPB.OzoneManagerRequestHandler.getOzoneFileStatus(OzoneManagerRequestHandler.java:878) ~[ozone-manager-1.3.0-SNAPSHOT.jar:?]
	at org.apache.hadoop.ozone.protocolPB.OzoneManagerRequestHandler.handleReadRequest(OzoneManagerRequestHandler.java:224) ~[ozone-manager-1.3.0-SNAPSHOT.jar:?]
	at org.apache.hadoop.ozone.protocolPB.OzoneManagerProtocolServerSideTranslatorPB.submitReadRequestToOM(OzoneManagerProtocolServerSideTranslatorPB.java:226) ~[ozone-manager-1.3.0-SNAPSHOT.jar:?]
	at org.apache.hadoop.ozone.protocolPB.OzoneManagerProtocolServerSideTranslatorPB.processRequest(OzoneManagerProtocolServerSideTranslatorPB.java:175) ~[ozone-manager-1.3.0-SNAPSHOT.jar:?]
	at org.apache.hadoop.hdds.server.OzoneProtocolMessageDispatcher.processRequest(OzoneProtocolMessageDispatcher.java:87) [hdds-server-framework-1.3.0-SNAPSHOT.jar:?]
	at org.apache.hadoop.ozone.protocolPB.OzoneManagerProtocolServerSideTranslatorPB.submitRequest(OzoneManagerProtocolServerSideTranslatorPB.java:147) [ozone-manager-1.3.0-SNAPSHOT.jar:?]
	at org.apache.hadoop.ozone.protocol.proto.OzoneManagerProtocolProtos$OzoneManagerService$2.callBlockingMethod(OzoneManagerProtocolProtos.java) [ozone-interface-client-1.3.0-SNAPSHOT.jar:?]
	at org.apache.hadoop.ipc.ProtobufRpcEngine$Server.processCall(ProtobufRpcEngine.java:466) [hadoop-common-3.3.1.jar:?]
	at org.apache.hadoop.ipc.ProtobufRpcEngine2$Server$ProtoBufRpcInvoker.call(ProtobufRpcEngine2.java:574) [hadoop-common-3.3.1.jar:?]
	at org.apache.hadoop.ipc.ProtobufRpcEngine2$Server$ProtoBufRpcInvoker.call(ProtobufRpcEngine2.java:552) [hadoop-common-3.3.1.jar:?]
	at org.apache.hadoop.ipc.RPC$Server.call(RPC.java:1093) [hadoop-common-3.3.1.jar:?]
	at org.apache.hadoop.ipc.Server$RpcCall.run(Server.java:1035) [hadoop-common-3.3.1.jar:?]
	at org.apache.hadoop.ipc.Server$RpcCall.run(Server.java:963) [hadoop-common-3.3.1.jar:?]
	at java.security.AccessController.doPrivileged(Native Method) ~[?:1.8.0_332]
	at javax.security.auth.Subject.doAs(Subject.java:422) [?:1.8.0_332]
	at org.apache.hadoop.security.UserGroupInformation.doAs(UserGroupInformation.java:1878) [hadoop-common-3.3.1.jar:?]
	at org.apache.hadoop.ipc.Server$Handler.run(Server.java:2966) [hadoop-common-3.3.1.jar:?]
01:47:43.549 [IPC Server handler 3 on default port 39159] ERROR OMAudit - user=runner | ip=127.0.0.1 | op=GET_FILE_STATUS {volume=92c39125-828c-44f2-bdba-603228f3d9ce, bucket=1b4215e0-d630-48e9-8498-9fe32c65ecdb, key=.Trash, dataSize=0, replicationConfig=null} | ret=FAILURE
org.apache.hadoop.ozone.om.exceptions.OMException: Unable to get file status: volume: 92c39125-828c-44f2-bdba-603228f3d9ce bucket: 1b4215e0-d630-48e9-8498-9fe32c65ecdb key: .Trash
	at org.apache.hadoop.ozone.om.KeyManagerImpl.getOzoneFileStatus(KeyManagerImpl.java:1311) ~[ozone-manager-1.3.0-SNAPSHOT.jar:?]
	at org.apache.hadoop.ozone.om.KeyManagerImpl.getFileStatus(KeyManagerImpl.java:1241) ~[ozone-manager-1.3.0-SNAPSHOT.jar:?]
	at org.apache.hadoop.ozone.om.OzoneManager.getFileStatus(OzoneManager.java:3467) ~[ozone-manager-1.3.0-SNAPSHOT.jar:?]
	at org.apache.hadoop.ozone.protocolPB.OzoneManagerRequestHandler.getOzoneFileStatus(OzoneManagerRequestHandler.java:878) ~[ozone-manager-1.3.0-SNAPSHOT.jar:?]
	at org.apache.hadoop.ozone.protocolPB.OzoneManagerRequestHandler.handleReadRequest(OzoneManagerRequestHandler.java:224) ~[ozone-manager-1.3.0-SNAPSHOT.jar:?]
	at org.apache.hadoop.ozone.protocolPB.OzoneManagerProtocolServerSideTranslatorPB.submitReadRequestToOM(OzoneManagerProtocolServerSideTranslatorPB.java:226) ~[ozone-manager-1.3.0-SNAPSHOT.jar:?]
	at org.apache.hadoop.ozone.protocolPB.OzoneManagerProtocolServerSideTranslatorPB.processRequest(OzoneManagerProtocolServerSideTranslatorPB.java:175) ~[ozone-manager-1.3.0-SNAPSHOT.jar:?]
	at org.apache.hadoop.hdds.server.OzoneProtocolMessageDispatcher.processRequest(OzoneProtocolMessageDispatcher.java:87) [hdds-server-framework-1.3.0-SNAPSHOT.jar:?]
	at org.apache.hadoop.ozone.protocolPB.OzoneManagerProtocolServerSideTranslatorPB.submitRequest(OzoneManagerProtocolServerSideTranslatorPB.java:147) [ozone-manager-1.3.0-SNAPSHOT.jar:?]
	at org.apache.hadoop.ozone.protocol.proto.OzoneManagerProtocolProtos$OzoneManagerService$2.callBlockingMethod(OzoneManagerProtocolProtos.java) [ozone-interface-client-1.3.0-SNAPSHOT.jar:?]
	at org.apache.hadoop.ipc.ProtobufRpcEngine$Server.processCall(ProtobufRpcEngine.java:466) [hadoop-common-3.3.1.jar:?]
	at org.apache.hadoop.ipc.ProtobufRpcEngine2$Server$ProtoBufRpcInvoker.call(ProtobufRpcEngine2.java:574) [hadoop-common-3.3.1.jar:?]
	at org.apache.hadoop.ipc.ProtobufRpcEngine2$Server$ProtoBufRpcInvoker.call(ProtobufRpcEngine2.java:552) [hadoop-common-3.3.1.jar:?]
	at org.apache.hadoop.ipc.RPC$Server.call(RPC.java:1093) [hadoop-common-3.3.1.jar:?]
	at org.apache.hadoop.ipc.Server$RpcCall.run(Server.java:1035) [hadoop-common-3.3.1.jar:?]
	at org.apache.hadoop.ipc.Server$RpcCall.run(Server.java:963) [hadoop-common-3.3.1.jar:?]
	at java.security.AccessController.doPrivileged(Native Method) ~[?:1.8.0_332]
	at javax.security.auth.Subject.doAs(Subject.java:422) [?:1.8.0_332]
	at org.apache.hadoop.security.UserGroupInformation.doAs(UserGroupInformation.java:1878) [hadoop-common-3.3.1.jar:?]
	at org.apache.hadoop.ipc.Server$Handler.run(Server.java:2966) [hadoop-common-3.3.1.jar:?]
2022-07-30 01:47:43,563 [Time-limited test] INFO  rpc.RpcClient (RpcClient.java:createBucket(671)) - Creating Bucket: volume55322/trashroottest2, with bucket layout LEGACY, runner as owner, Versioning false, Storage Type set to DISK and Encryption set to false 
2022-07-30 01:47:43,565 [OM StateMachine ApplyTransaction Thread - 0] INFO  bucket.OMBucketCreateRequest (OMBucketCreateRequest.java:validateAndUpdateCache(260)) - created bucket: trashroottest2 of layout LEGACY in volume: volume55322
01:47:43.634 [IPC Server handler 4 on default port 39159] ERROR OMAudit - user=runner | ip=127.0.0.1 | op=GET_FILE_STATUS {volume=92c39125-828c-44f2-bdba-603228f3d9ce, bucket=1b4215e0-d630-48e9-8498-9fe32c65ecdb, key=.Trash/runner, dataSize=0, replicationConfig=null} | ret=FAILURE
org.apache.hadoop.ozone.om.exceptions.OMException: Unable to get file status: volume: 92c39125-828c-44f2-bdba-603228f3d9ce bucket: 1b4215e0-d630-48e9-8498-9fe32c65ecdb key: .Trash/runner
	at org.apache.hadoop.ozone.om.KeyManagerImpl.getOzoneFileStatus(KeyManagerImpl.java:1311) ~[ozone-manager-1.3.0-SNAPSHOT.jar:?]
	at org.apache.hadoop.ozone.om.KeyManagerImpl.getFileStatus(KeyManagerImpl.java:1241) ~[ozone-manager-1.3.0-SNAPSHOT.jar:?]
	at org.apache.hadoop.ozone.om.OzoneManager.getFileStatus(OzoneManager.java:3467) ~[ozone-manager-1.3.0-SNAPSHOT.jar:?]
	at org.apache.hadoop.ozone.protocolPB.OzoneManagerRequestHandler.getOzoneFileStatus(OzoneManagerRequestHandler.java:878) ~[ozone-manager-1.3.0-SNAPSHOT.jar:?]
	at org.apache.hadoop.ozone.protocolPB.OzoneManagerRequestHandler.handleReadRequest(OzoneManagerRequestHandler.java:224) ~[ozone-manager-1.3.0-SNAPSHOT.jar:?]
	at org.apache.hadoop.ozone.protocolPB.OzoneManagerProtocolServerSideTranslatorPB.submitReadRequestToOM(OzoneManagerProtocolServerSideTranslatorPB.java:226) ~[ozone-manager-1.3.0-SNAPSHOT.jar:?]
	at org.apache.hadoop.ozone.protocolPB.OzoneManagerProtocolServerSideTranslatorPB.processRequest(OzoneManagerProtocolServerSideTranslatorPB.java:175) ~[ozone-manager-1.3.0-SNAPSHOT.jar:?]
	at org.apache.hadoop.hdds.server.OzoneProtocolMessageDispatcher.processRequest(OzoneProtocolMessageDispatcher.java:87) [hdds-server-framework-1.3.0-SNAPSHOT.jar:?]
	at org.apache.hadoop.ozone.protocolPB.OzoneManagerProtocolServerSideTranslatorPB.submitRequest(OzoneManagerProtocolServerSideTranslatorPB.java:147) [ozone-manager-1.3.0-SNAPSHOT.jar:?]
	at org.apache.hadoop.ozone.protocol.proto.OzoneManagerProtocolProtos$OzoneManagerService$2.callBlockingMethod(OzoneManagerProtocolProtos.java) [ozone-interface-client-1.3.0-SNAPSHOT.jar:?]
	at org.apache.hadoop.ipc.ProtobufRpcEngine$Server.processCall(ProtobufRpcEngine.java:466) [hadoop-common-3.3.1.jar:?]
	at org.apache.hadoop.ipc.ProtobufRpcEngine2$Server$ProtoBufRpcInvoker.call(ProtobufRpcEngine2.java:574) [hadoop-common-3.3.1.jar:?]
	at org.apache.hadoop.ipc.ProtobufRpcEngine2$Server$ProtoBufRpcInvoker.call(ProtobufRpcEngine2.java:552) [hadoop-common-3.3.1.jar:?]
	at org.apache.hadoop.ipc.RPC$Server.call(RPC.java:1093) [hadoop-common-3.3.1.jar:?]
	at org.apache.hadoop.ipc.Server$RpcCall.run(Server.java:1035) [hadoop-common-3.3.1.jar:?]
	at org.apache.hadoop.ipc.Server$RpcCall.run(Server.java:963) [hadoop-common-3.3.1.jar:?]
	at java.security.AccessController.doPrivileged(Native Method) ~[?:1.8.0_332]
	at javax.security.auth.Subject.doAs(Subject.java:422) [?:1.8.0_332]
	at org.apache.hadoop.security.UserGroupInformation.doAs(UserGroupInformation.java:1878) [hadoop-common-3.3.1.jar:?]
	at org.apache.hadoop.ipc.Server$Handler.run(Server.java:2966) [hadoop-common-3.3.1.jar:?]
01:47:43.657 [IPC Server handler 3 on default port 39159] ERROR OMAudit - user=runner | ip=127.0.0.1 | op=GET_FILE_STATUS {volume=92c39125-828c-44f2-bdba-603228f3d9ce, bucket=1b4215e0-d630-48e9-8498-9fe32c65ecdb, key=.Trash, dataSize=0, replicationConfig=null} | ret=FAILURE
org.apache.hadoop.ozone.om.exceptions.OMException: Unable to get file status: volume: 92c39125-828c-44f2-bdba-603228f3d9ce bucket: 1b4215e0-d630-48e9-8498-9fe32c65ecdb key: .Trash
	at org.apache.hadoop.ozone.om.KeyManagerImpl.getOzoneFileStatus(KeyManagerImpl.java:1311) ~[ozone-manager-1.3.0-SNAPSHOT.jar:?]
	at org.apache.hadoop.ozone.om.KeyManagerImpl.getFileStatus(KeyManagerImpl.java:1241) ~[ozone-manager-1.3.0-SNAPSHOT.jar:?]
	at org.apache.hadoop.ozone.om.OzoneManager.getFileStatus(OzoneManager.java:3467) ~[ozone-manager-1.3.0-SNAPSHOT.jar:?]
	at org.apache.hadoop.ozone.protocolPB.OzoneManagerRequestHandler.getOzoneFileStatus(OzoneManagerRequestHandler.java:878) ~[ozone-manager-1.3.0-SNAPSHOT.jar:?]
	at org.apache.hadoop.ozone.protocolPB.OzoneManagerRequestHandler.handleReadRequest(OzoneManagerRequestHandler.java:224) ~[ozone-manager-1.3.0-SNAPSHOT.jar:?]
	at org.apache.hadoop.ozone.protocolPB.OzoneManagerProtocolServerSideTranslatorPB.submitReadRequestToOM(OzoneManagerProtocolServerSideTranslatorPB.java:226) ~[ozone-manager-1.3.0-SNAPSHOT.jar:?]
	at org.apache.hadoop.ozone.protocolPB.OzoneManagerProtocolServerSideTranslatorPB.processRequest(OzoneManagerProtocolServerSideTranslatorPB.java:175) ~[ozone-manager-1.3.0-SNAPSHOT.jar:?]
	at org.apache.hadoop.hdds.server.OzoneProtocolMessageDispatcher.processRequest(OzoneProtocolMessageDispatcher.java:87) [hdds-server-framework-1.3.0-SNAPSHOT.jar:?]
	at org.apache.hadoop.ozone.protocolPB.OzoneManagerProtocolServerSideTranslatorPB.submitRequest(OzoneManagerProtocolServerSideTranslatorPB.java:147) [ozone-manager-1.3.0-SNAPSHOT.jar:?]
	at org.apache.hadoop.ozone.protocol.proto.OzoneManagerProtocolProtos$OzoneManagerService$2.callBlockingMethod(OzoneManagerProtocolProtos.java) [ozone-interface-client-1.3.0-SNAPSHOT.jar:?]
	at org.apache.hadoop.ipc.ProtobufRpcEngine$Server.processCall(ProtobufRpcEngine.java:466) [hadoop-common-3.3.1.jar:?]
	at org.apache.hadoop.ipc.ProtobufRpcEngine2$Server$ProtoBufRpcInvoker.call(ProtobufRpcEngine2.java:574) [hadoop-common-3.3.1.jar:?]
	at org.apache.hadoop.ipc.ProtobufRpcEngine2$Server$ProtoBufRpcInvoker.call(ProtobufRpcEngine2.java:552) [hadoop-common-3.3.1.jar:?]
	at org.apache.hadoop.ipc.RPC$Server.call(RPC.java:1093) [hadoop-common-3.3.1.jar:?]
	at org.apache.hadoop.ipc.Server$RpcCall.run(Server.java:1035) [hadoop-common-3.3.1.jar:?]
	at org.apache.hadoop.ipc.Server$RpcCall.run(Server.java:963) [hadoop-common-3.3.1.jar:?]
	at java.security.AccessController.doPrivileged(Native Method) ~[?:1.8.0_332]
	at javax.security.auth.Subject.doAs(Subject.java:422) [?:1.8.0_332]
	at org.apache.hadoop.security.UserGroupInformation.doAs(UserGroupInformation.java:1878) [hadoop-common-3.3.1.jar:?]
	at org.apache.hadoop.ipc.Server$Handler.run(Server.java:2966) [hadoop-common-3.3.1.jar:?]
01:47:43.710 [IPC Server handler 14 on default port 39159] ERROR OMAudit - user=runner | ip=127.0.0.1 | op=GET_FILE_STATUS {volume=92c39125-828c-44f2-bdba-603228f3d9ce, bucket=1b4215e0-d630-48e9-8498-9fe32c65ecdb, key=.Trash/runner, dataSize=0, replicationConfig=null} | ret=FAILURE
org.apache.hadoop.ozone.om.exceptions.OMException: Unable to get file status: volume: 92c39125-828c-44f2-bdba-603228f3d9ce bucket: 1b4215e0-d630-48e9-8498-9fe32c65ecdb key: .Trash/runner
	at org.apache.hadoop.ozone.om.KeyManagerImpl.getOzoneFileStatus(KeyManagerImpl.java:1311) ~[ozone-manager-1.3.0-SNAPSHOT.jar:?]
	at org.apache.hadoop.ozone.om.KeyManagerImpl.getFileStatus(KeyManagerImpl.java:1241) ~[ozone-manager-1.3.0-SNAPSHOT.jar:?]
	at org.apache.hadoop.ozone.om.OzoneManager.getFileStatus(OzoneManager.java:3467) ~[ozone-manager-1.3.0-SNAPSHOT.jar:?]
	at org.apache.hadoop.ozone.protocolPB.OzoneManagerRequestHandler.getOzoneFileStatus(OzoneManagerRequestHandler.java:878) ~[ozone-manager-1.3.0-SNAPSHOT.jar:?]
	at org.apache.hadoop.ozone.protocolPB.OzoneManagerRequestHandler.handleReadRequest(OzoneManagerRequestHandler.java:224) ~[ozone-manager-1.3.0-SNAPSHOT.jar:?]
	at org.apache.hadoop.ozone.protocolPB.OzoneManagerProtocolServerSideTranslatorPB.submitReadRequestToOM(OzoneManagerProtocolServerSideTranslatorPB.java:226) ~[ozone-manager-1.3.0-SNAPSHOT.jar:?]
	at org.apache.hadoop.ozone.protocolPB.OzoneManagerProtocolServerSideTranslatorPB.processRequest(OzoneManagerProtocolServerSideTranslatorPB.java:175) ~[ozone-manager-1.3.0-SNAPSHOT.jar:?]
	at org.apache.hadoop.hdds.server.OzoneProtocolMessageDispatcher.processRequest(OzoneProtocolMessageDispatcher.java:87) [hdds-server-framework-1.3.0-SNAPSHOT.jar:?]
	at org.apache.hadoop.ozone.protocolPB.OzoneManagerProtocolServerSideTranslatorPB.submitRequest(OzoneManagerProtocolServerSideTranslatorPB.java:147) [ozone-manager-1.3.0-SNAPSHOT.jar:?]
	at org.apache.hadoop.ozone.protocol.proto.OzoneManagerProtocolProtos$OzoneManagerService$2.callBlockingMethod(OzoneManagerProtocolProtos.java) [ozone-interface-client-1.3.0-SNAPSHOT.jar:?]
	at org.apache.hadoop.ipc.ProtobufRpcEngine$Server.processCall(ProtobufRpcEngine.java:466) [hadoop-common-3.3.1.jar:?]
	at org.apache.hadoop.ipc.ProtobufRpcEngine2$Server$ProtoBufRpcInvoker.call(ProtobufRpcEngine2.java:574) [hadoop-common-3.3.1.jar:?]
	at org.apache.hadoop.ipc.ProtobufRpcEngine2$Server$ProtoBufRpcInvoker.call(ProtobufRpcEngine2.java:552) [hadoop-common-3.3.1.jar:?]
	at org.apache.hadoop.ipc.RPC$Server.call(RPC.java:1093) [hadoop-common-3.3.1.jar:?]
	at org.apache.hadoop.ipc.Server$RpcCall.run(Server.java:1035) [hadoop-common-3.3.1.jar:?]
	at org.apache.hadoop.ipc.Server$RpcCall.run(Server.java:963) [hadoop-common-3.3.1.jar:?]
	at java.security.AccessController.doPrivileged(Native Method) ~[?:1.8.0_332]
	at javax.security.auth.Subject.doAs(Subject.java:422) [?:1.8.0_332]
	at org.apache.hadoop.security.UserGroupInformation.doAs(UserGroupInformation.java:1878) [hadoop-common-3.3.1.jar:?]
	at org.apache.hadoop.ipc.Server$Handler.run(Server.java:2966) [hadoop-common-3.3.1.jar:?]
01:47:43.729 [IPC Server handler 13 on default port 39159] ERROR OMAudit - user=runner | ip=127.0.0.1 | op=GET_FILE_STATUS {volume=92c39125-828c-44f2-bdba-603228f3d9ce, bucket=1b4215e0-d630-48e9-8498-9fe32c65ecdb, key=.Trash, dataSize=0, replicationConfig=null} | ret=FAILURE
org.apache.hadoop.ozone.om.exceptions.OMException: Unable to get file status: volume: 92c39125-828c-44f2-bdba-603228f3d9ce bucket: 1b4215e0-d630-48e9-8498-9fe32c65ecdb key: .Trash
	at org.apache.hadoop.ozone.om.KeyManagerImpl.getOzoneFileStatus(KeyManagerImpl.java:1311) ~[ozone-manager-1.3.0-SNAPSHOT.jar:?]
	at org.apache.hadoop.ozone.om.KeyManagerImpl.getFileStatus(KeyManagerImpl.java:1241) ~[ozone-manager-1.3.0-SNAPSHOT.jar:?]
	at org.apache.hadoop.ozone.om.OzoneManager.getFileStatus(OzoneManager.java:3467) ~[ozone-manager-1.3.0-SNAPSHOT.jar:?]
	at org.apache.hadoop.ozone.protocolPB.OzoneManagerRequestHandler.getOzoneFileStatus(OzoneManagerRequestHandler.java:878) ~[ozone-manager-1.3.0-SNAPSHOT.jar:?]
	at org.apache.hadoop.ozone.protocolPB.OzoneManagerRequestHandler.handleReadRequest(OzoneManagerRequestHandler.java:224) ~[ozone-manager-1.3.0-SNAPSHOT.jar:?]
	at org.apache.hadoop.ozone.protocolPB.OzoneManagerProtocolServerSideTranslatorPB.submitReadRequestToOM(OzoneManagerProtocolServerSideTranslatorPB.java:226) ~[ozone-manager-1.3.0-SNAPSHOT.jar:?]
	at org.apache.hadoop.ozone.protocolPB.OzoneManagerProtocolServerSideTranslatorPB.processRequest(OzoneManagerProtocolServerSideTranslatorPB.java:175) ~[ozone-manager-1.3.0-SNAPSHOT.jar:?]
	at org.apache.hadoop.hdds.server.OzoneProtocolMessageDispatcher.processRequest(OzoneProtocolMessageDispatcher.java:87) [hdds-server-framework-1.3.0-SNAPSHOT.jar:?]
	at org.apache.hadoop.ozone.protocolPB.OzoneManagerProtocolServerSideTranslatorPB.submitRequest(OzoneManagerProtocolServerSideTranslatorPB.java:147) [ozone-manager-1.3.0-SNAPSHOT.jar:?]
	at org.apache.hadoop.ozone.protocol.proto.OzoneManagerProtocolProtos$OzoneManagerService$2.callBlockingMethod(OzoneManagerProtocolProtos.java) [ozone-interface-client-1.3.0-SNAPSHOT.jar:?]
	at org.apache.hadoop.ipc.ProtobufRpcEngine$Server.processCall(ProtobufRpcEngine.java:466) [hadoop-common-3.3.1.jar:?]
	at org.apache.hadoop.ipc.ProtobufRpcEngine2$Server$ProtoBufRpcInvoker.call(ProtobufRpcEngine2.java:574) [hadoop-common-3.3.1.jar:?]
	at org.apache.hadoop.ipc.ProtobufRpcEngine2$Server$ProtoBufRpcInvoker.call(ProtobufRpcEngine2.java:552) [hadoop-common-3.3.1.jar:?]
	at org.apache.hadoop.ipc.RPC$Server.call(RPC.java:1093) [hadoop-common-3.3.1.jar:?]
	at org.apache.hadoop.ipc.Server$RpcCall.run(Server.java:1035) [hadoop-common-3.3.1.jar:?]
	at org.apache.hadoop.ipc.Server$RpcCall.run(Server.java:963) [hadoop-common-3.3.1.jar:?]
	at java.security.AccessController.doPrivileged(Native Method) ~[?:1.8.0_332]
	at javax.security.auth.Subject.doAs(Subject.java:422) [?:1.8.0_332]
	at org.apache.hadoop.security.UserGroupInformation.doAs(UserGroupInformation.java:1878) [hadoop-common-3.3.1.jar:?]
	at org.apache.hadoop.ipc.Server$Handler.run(Server.java:2966) [hadoop-common-3.3.1.jar:?]
2022-07-30 01:47:43,780 [Time-limited test] INFO  rpc.RpcClient (RpcClient.java:createVolume(468)) - Creating Volume: volume47602, with user05998 as owner and space quota set to -1 bytes, counts quota set to -1
2022-07-30 01:47:43,784 [OM StateMachine ApplyTransaction Thread - 0] INFO  volume.OMVolumeCreateRequest (OMVolumeCreateRequest.java:validateAndUpdateCache(195)) - created volume:volume47602 for user:user05998
2022-07-30 01:47:43,788 [Time-limited test] INFO  rpc.RpcClient (RpcClient.java:createBucket(671)) - Creating Bucket: volume47602/bucket41548, with bucket layout LEGACY, runner as owner, Versioning false, Storage Type set to DISK and Encryption set to false 
2022-07-30 01:47:43,790 [OM StateMachine ApplyTransaction Thread - 0] INFO  bucket.OMBucketCreateRequest (OMBucketCreateRequest.java:validateAndUpdateCache(260)) - created bucket: bucket41548 of layout LEGACY in volume: volume47602
01:47:43.802 [IPC Server handler 7 on default port 39159] ERROR OMAudit - user=runner | ip=127.0.0.1 | op=GET_FILE_STATUS {volume=92c39125-828c-44f2-bdba-603228f3d9ce, bucket=1b4215e0-d630-48e9-8498-9fe32c65ecdb, key=.Trash/runner, dataSize=0, replicationConfig=null} | ret=FAILURE
org.apache.hadoop.ozone.om.exceptions.OMException: Unable to get file status: volume: 92c39125-828c-44f2-bdba-603228f3d9ce bucket: 1b4215e0-d630-48e9-8498-9fe32c65ecdb key: .Trash/runner
	at org.apache.hadoop.ozone.om.KeyManagerImpl.getOzoneFileStatus(KeyManagerImpl.java:1311) ~[ozone-manager-1.3.0-SNAPSHOT.jar:?]
	at org.apache.hadoop.ozone.om.KeyManagerImpl.getFileStatus(KeyManagerImpl.java:1241) ~[ozone-manager-1.3.0-SNAPSHOT.jar:?]
	at org.apache.hadoop.ozone.om.OzoneManager.getFileStatus(OzoneManager.java:3467) ~[ozone-manager-1.3.0-SNAPSHOT.jar:?]
	at org.apache.hadoop.ozone.protocolPB.OzoneManagerRequestHandler.getOzoneFileStatus(OzoneManagerRequestHandler.java:878) ~[ozone-manager-1.3.0-SNAPSHOT.jar:?]
	at org.apache.hadoop.ozone.protocolPB.OzoneManagerRequestHandler.handleReadRequest(OzoneManagerRequestHandler.java:224) ~[ozone-manager-1.3.0-SNAPSHOT.jar:?]
	at org.apache.hadoop.ozone.protocolPB.OzoneManagerProtocolServerSideTranslatorPB.submitReadRequestToOM(OzoneManagerProtocolServerSideTranslatorPB.java:226) ~[ozone-manager-1.3.0-SNAPSHOT.jar:?]
	at org.apache.hadoop.ozone.protocolPB.OzoneManagerProtocolServerSideTranslatorPB.processRequest(OzoneManagerProtocolServerSideTranslatorPB.java:175) ~[ozone-manager-1.3.0-SNAPSHOT.jar:?]
	at org.apache.hadoop.hdds.server.OzoneProtocolMessageDispatcher.processRequest(OzoneProtocolMessageDispatcher.java:87) [hdds-server-framework-1.3.0-SNAPSHOT.jar:?]
	at org.apache.hadoop.ozone.protocolPB.OzoneManagerProtocolServerSideTranslatorPB.submitRequest(OzoneManagerProtocolServerSideTranslatorPB.java:147) [ozone-manager-1.3.0-SNAPSHOT.jar:?]
	at org.apache.hadoop.ozone.protocol.proto.OzoneManagerProtocolProtos$OzoneManagerService$2.callBlockingMethod(OzoneManagerProtocolProtos.java) [ozone-interface-client-1.3.0-SNAPSHOT.jar:?]
	at org.apache.hadoop.ipc.ProtobufRpcEngine$Server.processCall(ProtobufRpcEngine.java:466) [hadoop-common-3.3.1.jar:?]
	at org.apache.hadoop.ipc.ProtobufRpcEngine2$Server$ProtoBufRpcInvoker.call(ProtobufRpcEngine2.java:574) [hadoop-common-3.3.1.jar:?]
	at org.apache.hadoop.ipc.ProtobufRpcEngine2$Server$ProtoBufRpcInvoker.call(ProtobufRpcEngine2.java:552) [hadoop-common-3.3.1.jar:?]
	at org.apache.hadoop.ipc.RPC$Server.call(RPC.java:1093) [hadoop-common-3.3.1.jar:?]
	at org.apache.hadoop.ipc.Server$RpcCall.run(Server.java:1035) [hadoop-common-3.3.1.jar:?]
	at org.apache.hadoop.ipc.Server$RpcCall.run(Server.java:963) [hadoop-common-3.3.1.jar:?]
	at java.security.AccessController.doPrivileged(Native Method) ~[?:1.8.0_332]
	at javax.security.auth.Subject.doAs(Subject.java:422) [?:1.8.0_332]
	at org.apache.hadoop.security.UserGroupInformation.doAs(UserGroupInformation.java:1878) [hadoop-common-3.3.1.jar:?]
	at org.apache.hadoop.ipc.Server$Handler.run(Server.java:2966) [hadoop-common-3.3.1.jar:?]
01:47:43.826 [IPC Server handler 15 on default port 39159] ERROR OMAudit - user=runner | ip=127.0.0.1 | op=GET_FILE_STATUS {volume=92c39125-828c-44f2-bdba-603228f3d9ce, bucket=1b4215e0-d630-48e9-8498-9fe32c65ecdb, key=.Trash, dataSize=0, replicationConfig=null} | ret=FAILURE
org.apache.hadoop.ozone.om.exceptions.OMException: Unable to get file status: volume: 92c39125-828c-44f2-bdba-603228f3d9ce bucket: 1b4215e0-d630-48e9-8498-9fe32c65ecdb key: .Trash
	at org.apache.hadoop.ozone.om.KeyManagerImpl.getOzoneFileStatus(KeyManagerImpl.java:1311) ~[ozone-manager-1.3.0-SNAPSHOT.jar:?]
	at org.apache.hadoop.ozone.om.KeyManagerImpl.getFileStatus(KeyManagerImpl.java:1241) ~[ozone-manager-1.3.0-SNAPSHOT.jar:?]
	at org.apache.hadoop.ozone.om.OzoneManager.getFileStatus(OzoneManager.java:3467) ~[ozone-manager-1.3.0-SNAPSHOT.jar:?]
	at org.apache.hadoop.ozone.protocolPB.OzoneManagerRequestHandler.getOzoneFileStatus(OzoneManagerRequestHandler.java:878) ~[ozone-manager-1.3.0-SNAPSHOT.jar:?]
	at org.apache.hadoop.ozone.protocolPB.OzoneManagerRequestHandler.handleReadRequest(OzoneManagerRequestHandler.java:224) ~[ozone-manager-1.3.0-SNAPSHOT.jar:?]
	at org.apache.hadoop.ozone.protocolPB.OzoneManagerProtocolServerSideTranslatorPB.submitReadRequestToOM(OzoneManagerProtocolServerSideTranslatorPB.java:226) ~[ozone-manager-1.3.0-SNAPSHOT.jar:?]
	at org.apache.hadoop.ozone.protocolPB.OzoneManagerProtocolServerSideTranslatorPB.processRequest(OzoneManagerProtocolServerSideTranslatorPB.java:175) ~[ozone-manager-1.3.0-SNAPSHOT.jar:?]
	at org.apache.hadoop.hdds.server.OzoneProtocolMessageDispatcher.processRequest(OzoneProtocolMessageDispatcher.java:87) [hdds-server-framework-1.3.0-SNAPSHOT.jar:?]
	at org.apache.hadoop.ozone.protocolPB.OzoneManagerProtocolServerSideTranslatorPB.submitRequest(OzoneManagerProtocolServerSideTranslatorPB.java:147) [ozone-manager-1.3.0-SNAPSHOT.jar:?]
	at org.apache.hadoop.ozone.protocol.proto.OzoneManagerProtocolProtos$OzoneManagerService$2.callBlockingMethod(OzoneManagerProtocolProtos.java) [ozone-interface-client-1.3.0-SNAPSHOT.jar:?]
	at org.apache.hadoop.ipc.ProtobufRpcEngine$Server.processCall(ProtobufRpcEngine.java:466) [hadoop-common-3.3.1.jar:?]
	at org.apache.hadoop.ipc.ProtobufRpcEngine2$Server$ProtoBufRpcInvoker.call(ProtobufRpcEngine2.java:574) [hadoop-common-3.3.1.jar:?]
	at org.apache.hadoop.ipc.ProtobufRpcEngine2$Server$ProtoBufRpcInvoker.call(ProtobufRpcEngine2.java:552) [hadoop-common-3.3.1.jar:?]
	at org.apache.hadoop.ipc.RPC$Server.call(RPC.java:1093) [hadoop-common-3.3.1.jar:?]
	at org.apache.hadoop.ipc.Server$RpcCall.run(Server.java:1035) [hadoop-common-3.3.1.jar:?]
	at org.apache.hadoop.ipc.Server$RpcCall.run(Server.java:963) [hadoop-common-3.3.1.jar:?]
	at java.security.AccessController.doPrivileged(Native Method) ~[?:1.8.0_332]
	at javax.security.auth.Subject.doAs(Subject.java:422) [?:1.8.0_332]
	at org.apache.hadoop.security.UserGroupInformation.doAs(UserGroupInformation.java:1878) [hadoop-common-3.3.1.jar:?]
	at org.apache.hadoop.ipc.Server$Handler.run(Server.java:2966) [hadoop-common-3.3.1.jar:?]
01:47:43.863 [IPC Server handler 9 on default port 39159] ERROR OMAudit - user=runner | ip=127.0.0.1 | op=GET_FILE_STATUS {volume=92c39125-828c-44f2-bdba-603228f3d9ce, bucket=1b4215e0-d630-48e9-8498-9fe32c65ecdb, key=.Trash/runner, dataSize=0, replicationConfig=null} | ret=FAILURE
org.apache.hadoop.ozone.om.exceptions.OMException: Unable to get file status: volume: 92c39125-828c-44f2-bdba-603228f3d9ce bucket: 1b4215e0-d630-48e9-8498-9fe32c65ecdb key: .Trash/runner
	at org.apache.hadoop.ozone.om.KeyManagerImpl.getOzoneFileStatus(KeyManagerImpl.java:1311) ~[ozone-manager-1.3.0-SNAPSHOT.jar:?]
	at org.apache.hadoop.ozone.om.KeyManagerImpl.getFileStatus(KeyManagerImpl.java:1241) ~[ozone-manager-1.3.0-SNAPSHOT.jar:?]
	at org.apache.hadoop.ozone.om.OzoneManager.getFileStatus(OzoneManager.java:3467) ~[ozone-manager-1.3.0-SNAPSHOT.jar:?]
	at org.apache.hadoop.ozone.protocolPB.OzoneManagerRequestHandler.getOzoneFileStatus(OzoneManagerRequestHandler.java:878) ~[ozone-manager-1.3.0-SNAPSHOT.jar:?]
	at org.apache.hadoop.ozone.protocolPB.OzoneManagerRequestHandler.handleReadRequest(OzoneManagerRequestHandler.java:224) ~[ozone-manager-1.3.0-SNAPSHOT.jar:?]
	at org.apache.hadoop.ozone.protocolPB.OzoneManagerProtocolServerSideTranslatorPB.submitReadRequestToOM(OzoneManagerProtocolServerSideTranslatorPB.java:226) ~[ozone-manager-1.3.0-SNAPSHOT.jar:?]
	at org.apache.hadoop.ozone.protocolPB.OzoneManagerProtocolServerSideTranslatorPB.processRequest(OzoneManagerProtocolServerSideTranslatorPB.java:175) ~[ozone-manager-1.3.0-SNAPSHOT.jar:?]
	at org.apache.hadoop.hdds.server.OzoneProtocolMessageDispatcher.processRequest(OzoneProtocolMessageDispatcher.java:87) [hdds-server-framework-1.3.0-SNAPSHOT.jar:?]
	at org.apache.hadoop.ozone.protocolPB.OzoneManagerProtocolServerSideTranslatorPB.submitRequest(OzoneManagerProtocolServerSideTranslatorPB.java:147) [ozone-manager-1.3.0-SNAPSHOT.jar:?]
	at org.apache.hadoop.ozone.protocol.proto.OzoneManagerProtocolProtos$OzoneManagerService$2.callBlockingMethod(OzoneManagerProtocolProtos.java) [ozone-interface-client-1.3.0-SNAPSHOT.jar:?]
	at org.apache.hadoop.ipc.ProtobufRpcEngine$Server.processCall(ProtobufRpcEngine.java:466) [hadoop-common-3.3.1.jar:?]
	at org.apache.hadoop.ipc.ProtobufRpcEngine2$Server$ProtoBufRpcInvoker.call(ProtobufRpcEngine2.java:574) [hadoop-common-3.3.1.jar:?]
	at org.apache.hadoop.ipc.ProtobufRpcEngine2$Server$ProtoBufRpcInvoker.call(ProtobufRpcEngine2.java:552) [hadoop-common-3.3.1.jar:?]
	at org.apache.hadoop.ipc.RPC$Server.call(RPC.java:1093) [hadoop-common-3.3.1.jar:?]
	at org.apache.hadoop.ipc.Server$RpcCall.run(Server.java:1035) [hadoop-common-3.3.1.jar:?]
	at org.apache.hadoop.ipc.Server$RpcCall.run(Server.java:963) [hadoop-common-3.3.1.jar:?]
	at java.security.AccessController.doPrivileged(Native Method) ~[?:1.8.0_332]
	at javax.security.auth.Subject.doAs(Subject.java:422) [?:1.8.0_332]
	at org.apache.hadoop.security.UserGroupInformation.doAs(UserGroupInformation.java:1878) [hadoop-common-3.3.1.jar:?]
	at org.apache.hadoop.ipc.Server$Handler.run(Server.java:2966) [hadoop-common-3.3.1.jar:?]
01:47:43.896 [IPC Server handler 17 on default port 39159] ERROR OMAudit - user=runner | ip=127.0.0.1 | op=GET_FILE_STATUS {volume=92c39125-828c-44f2-bdba-603228f3d9ce, bucket=1b4215e0-d630-48e9-8498-9fe32c65ecdb, key=.Trash, dataSize=0, replicationConfig=null} | ret=FAILURE
org.apache.hadoop.ozone.om.exceptions.OMException: Unable to get file status: volume: 92c39125-828c-44f2-bdba-603228f3d9ce bucket: 1b4215e0-d630-48e9-8498-9fe32c65ecdb key: .Trash
	at org.apache.hadoop.ozone.om.KeyManagerImpl.getOzoneFileStatus(KeyManagerImpl.java:1311) ~[ozone-manager-1.3.0-SNAPSHOT.jar:?]
	at org.apache.hadoop.ozone.om.KeyManagerImpl.getFileStatus(KeyManagerImpl.java:1241) ~[ozone-manager-1.3.0-SNAPSHOT.jar:?]
	at org.apache.hadoop.ozone.om.OzoneManager.getFileStatus(OzoneManager.java:3467) ~[ozone-manager-1.3.0-SNAPSHOT.jar:?]
	at org.apache.hadoop.ozone.protocolPB.OzoneManagerRequestHandler.getOzoneFileStatus(OzoneManagerRequestHandler.java:878) ~[ozone-manager-1.3.0-SNAPSHOT.jar:?]
	at org.apache.hadoop.ozone.protocolPB.OzoneManagerRequestHandler.handleReadRequest(OzoneManagerRequestHandler.java:224) ~[ozone-manager-1.3.0-SNAPSHOT.jar:?]
	at org.apache.hadoop.ozone.protocolPB.OzoneManagerProtocolServerSideTranslatorPB.submitReadRequestToOM(OzoneManagerProtocolServerSideTranslatorPB.java:226) ~[ozone-manager-1.3.0-SNAPSHOT.jar:?]
	at org.apache.hadoop.ozone.protocolPB.OzoneManagerProtocolServerSideTranslatorPB.processRequest(OzoneManagerProtocolServerSideTranslatorPB.java:175) ~[ozone-manager-1.3.0-SNAPSHOT.jar:?]
	at org.apache.hadoop.hdds.server.OzoneProtocolMessageDispatcher.processRequest(OzoneProtocolMessageDispatcher.java:87) [hdds-server-framework-1.3.0-SNAPSHOT.jar:?]
	at org.apache.hadoop.ozone.protocolPB.OzoneManagerProtocolServerSideTranslatorPB.submitRequest(OzoneManagerProtocolServerSideTranslatorPB.java:147) [ozone-manager-1.3.0-SNAPSHOT.jar:?]
	at org.apache.hadoop.ozone.protocol.proto.OzoneManagerProtocolProtos$OzoneManagerService$2.callBlockingMethod(OzoneManagerProtocolProtos.java) [ozone-interface-client-1.3.0-SNAPSHOT.jar:?]
	at org.apache.hadoop.ipc.ProtobufRpcEngine$Server.processCall(ProtobufRpcEngine.java:466) [hadoop-common-3.3.1.jar:?]
	at org.apache.hadoop.ipc.ProtobufRpcEngine2$Server$ProtoBufRpcInvoker.call(ProtobufRpcEngine2.java:574) [hadoop-common-3.3.1.jar:?]
	at org.apache.hadoop.ipc.ProtobufRpcEngine2$Server$ProtoBufRpcInvoker.call(ProtobufRpcEngine2.java:552) [hadoop-common-3.3.1.jar:?]
	at org.apache.hadoop.ipc.RPC$Server.call(RPC.java:1093) [hadoop-common-3.3.1.jar:?]
	at org.apache.hadoop.ipc.Server$RpcCall.run(Server.java:1035) [hadoop-common-3.3.1.jar:?]
	at org.apache.hadoop.ipc.Server$RpcCall.run(Server.java:963) [hadoop-common-3.3.1.jar:?]
	at java.security.AccessController.doPrivileged(Native Method) ~[?:1.8.0_332]
	at javax.security.auth.Subject.doAs(Subject.java:422) [?:1.8.0_332]
	at org.apache.hadoop.security.UserGroupInformation.doAs(UserGroupInformation.java:1878) [hadoop-common-3.3.1.jar:?]
	at org.apache.hadoop.ipc.Server$Handler.run(Server.java:2966) [hadoop-common-3.3.1.jar:?]
01:47:43.941 [IPC Server handler 3 on default port 39159] ERROR OMAudit - user=runner | ip=127.0.0.1 | op=GET_FILE_STATUS {volume=92c39125-828c-44f2-bdba-603228f3d9ce, bucket=1b4215e0-d630-48e9-8498-9fe32c65ecdb, key=.Trash/runner, dataSize=0, replicationConfig=null} | ret=FAILURE
org.apache.hadoop.ozone.om.exceptions.OMException: Unable to get file status: volume: 92c39125-828c-44f2-bdba-603228f3d9ce bucket: 1b4215e0-d630-48e9-8498-9fe32c65ecdb key: .Trash/runner
	at org.apache.hadoop.ozone.om.KeyManagerImpl.getOzoneFileStatus(KeyManagerImpl.java:1311) ~[ozone-manager-1.3.0-SNAPSHOT.jar:?]
	at org.apache.hadoop.ozone.om.KeyManagerImpl.getFileStatus(KeyManagerImpl.java:1241) ~[ozone-manager-1.3.0-SNAPSHOT.jar:?]
	at org.apache.hadoop.ozone.om.OzoneManager.getFileStatus(OzoneManager.java:3467) ~[ozone-manager-1.3.0-SNAPSHOT.jar:?]
	at org.apache.hadoop.ozone.protocolPB.OzoneManagerRequestHandler.getOzoneFileStatus(OzoneManagerRequestHandler.java:878) ~[ozone-manager-1.3.0-SNAPSHOT.jar:?]
	at org.apache.hadoop.ozone.protocolPB.OzoneManagerRequestHandler.handleReadRequest(OzoneManagerRequestHandler.java:224) ~[ozone-manager-1.3.0-SNAPSHOT.jar:?]
	at org.apache.hadoop.ozone.protocolPB.OzoneManagerProtocolServerSideTranslatorPB.submitReadRequestToOM(OzoneManagerProtocolServerSideTranslatorPB.java:226) ~[ozone-manager-1.3.0-SNAPSHOT.jar:?]
	at org.apache.hadoop.ozone.protocolPB.OzoneManagerProtocolServerSideTranslatorPB.processRequest(OzoneManagerProtocolServerSideTranslatorPB.java:175) ~[ozone-manager-1.3.0-SNAPSHOT.jar:?]
	at org.apache.hadoop.hdds.server.OzoneProtocolMessageDispatcher.processRequest(OzoneProtocolMessageDispatcher.java:87) [hdds-server-framework-1.3.0-SNAPSHOT.jar:?]
	at org.apache.hadoop.ozone.protocolPB.OzoneManagerProtocolServerSideTranslatorPB.submitRequest(OzoneManagerProtocolServerSideTranslatorPB.java:147) [ozone-manager-1.3.0-SNAPSHOT.jar:?]
	at org.apache.hadoop.ozone.protocol.proto.OzoneManagerProtocolProtos$OzoneManagerService$2.callBlockingMethod(OzoneManagerProtocolProtos.java) [ozone-interface-client-1.3.0-SNAPSHOT.jar:?]
	at org.apache.hadoop.ipc.ProtobufRpcEngine$Server.processCall(ProtobufRpcEngine.java:466) [hadoop-common-3.3.1.jar:?]
	at org.apache.hadoop.ipc.ProtobufRpcEngine2$Server$ProtoBufRpcInvoker.call(ProtobufRpcEngine2.java:574) [hadoop-common-3.3.1.jar:?]
	at org.apache.hadoop.ipc.ProtobufRpcEngine2$Server$ProtoBufRpcInvoker.call(ProtobufRpcEngine2.java:552) [hadoop-common-3.3.1.jar:?]
	at org.apache.hadoop.ipc.RPC$Server.call(RPC.java:1093) [hadoop-common-3.3.1.jar:?]
	at org.apache.hadoop.ipc.Server$RpcCall.run(Server.java:1035) [hadoop-common-3.3.1.jar:?]
	at org.apache.hadoop.ipc.Server$RpcCall.run(Server.java:963) [hadoop-common-3.3.1.jar:?]
	at java.security.AccessController.doPrivileged(Native Method) ~[?:1.8.0_332]
	at javax.security.auth.Subject.doAs(Subject.java:422) [?:1.8.0_332]
	at org.apache.hadoop.security.UserGroupInformation.doAs(UserGroupInformation.java:1878) [hadoop-common-3.3.1.jar:?]
	at org.apache.hadoop.ipc.Server$Handler.run(Server.java:2966) [hadoop-common-3.3.1.jar:?]
01:47:43.946 [IPC Server handler 8 on default port 39159] ERROR OMAudit - user=runner | ip=127.0.0.1 | op=GET_FILE_STATUS {volume=volume47602, bucket=bucket41548, key=.Trash/runner, dataSize=0, replicationConfig=null} | ret=FAILURE
org.apache.hadoop.ozone.om.exceptions.OMException: Unable to get file status: volume: volume47602 bucket: bucket41548 key: .Trash/runner
	at org.apache.hadoop.ozone.om.KeyManagerImpl.getOzoneFileStatus(KeyManagerImpl.java:1311) ~[ozone-manager-1.3.0-SNAPSHOT.jar:?]
	at org.apache.hadoop.ozone.om.KeyManagerImpl.getFileStatus(KeyManagerImpl.java:1241) ~[ozone-manager-1.3.0-SNAPSHOT.jar:?]
	at org.apache.hadoop.ozone.om.OzoneManager.getFileStatus(OzoneManager.java:3467) ~[ozone-manager-1.3.0-SNAPSHOT.jar:?]
	at org.apache.hadoop.ozone.protocolPB.OzoneManagerRequestHandler.getOzoneFileStatus(OzoneManagerRequestHandler.java:878) ~[ozone-manager-1.3.0-SNAPSHOT.jar:?]
	at org.apache.hadoop.ozone.protocolPB.OzoneManagerRequestHandler.handleReadRequest(OzoneManagerRequestHandler.java:224) ~[ozone-manager-1.3.0-SNAPSHOT.jar:?]
	at org.apache.hadoop.ozone.protocolPB.OzoneManagerProtocolServerSideTranslatorPB.submitReadRequestToOM(OzoneManagerProtocolServerSideTranslatorPB.java:226) ~[ozone-manager-1.3.0-SNAPSHOT.jar:?]
	at org.apache.hadoop.ozone.protocolPB.OzoneManagerProtocolServerSideTranslatorPB.processRequest(OzoneManagerProtocolServerSideTranslatorPB.java:175) ~[ozone-manager-1.3.0-SNAPSHOT.jar:?]
	at org.apache.hadoop.hdds.server.OzoneProtocolMessageDispatcher.processRequest(OzoneProtocolMessageDispatcher.java:87) [hdds-server-framework-1.3.0-SNAPSHOT.jar:?]
	at org.apache.hadoop.ozone.protocolPB.OzoneManagerProtocolServerSideTranslatorPB.submitRequest(OzoneManagerProtocolServerSideTranslatorPB.java:147) [ozone-manager-1.3.0-SNAPSHOT.jar:?]
	at org.apache.hadoop.ozone.protocol.proto.OzoneManagerProtocolProtos$OzoneManagerService$2.callBlockingMethod(OzoneManagerProtocolProtos.java) [ozone-interface-client-1.3.0-SNAPSHOT.jar:?]
	at org.apache.hadoop.ipc.ProtobufRpcEngine$Server.processCall(ProtobufRpcEngine.java:466) [hadoop-common-3.3.1.jar:?]
	at org.apache.hadoop.ipc.ProtobufRpcEngine2$Server$ProtoBufRpcInvoker.call(ProtobufRpcEngine2.java:574) [hadoop-common-3.3.1.jar:?]
	at org.apache.hadoop.ipc.ProtobufRpcEngine2$Server$ProtoBufRpcInvoker.call(ProtobufRpcEngine2.java:552) [hadoop-common-3.3.1.jar:?]
	at org.apache.hadoop.ipc.RPC$Server.call(RPC.java:1093) [hadoop-common-3.3.1.jar:?]
	at org.apache.hadoop.ipc.Server$RpcCall.run(Server.java:1035) [hadoop-common-3.3.1.jar:?]
	at org.apache.hadoop.ipc.Server$RpcCall.run(Server.java:963) [hadoop-common-3.3.1.jar:?]
	at java.security.AccessController.doPrivileged(Native Method) ~[?:1.8.0_332]
	at javax.security.auth.Subject.doAs(Subject.java:422) [?:1.8.0_332]
	at org.apache.hadoop.security.UserGroupInformation.doAs(UserGroupInformation.java:1878) [hadoop-common-3.3.1.jar:?]
	at org.apache.hadoop.ipc.Server$Handler.run(Server.java:2966) [hadoop-common-3.3.1.jar:?]
01:47:43.963 [IPC Server handler 8 on default port 39159] ERROR OMAudit - user=runner | ip=127.0.0.1 | op=GET_FILE_STATUS {volume=92c39125-828c-44f2-bdba-603228f3d9ce, bucket=1b4215e0-d630-48e9-8498-9fe32c65ecdb, key=.Trash, dataSize=0, replicationConfig=null} | ret=FAILURE
org.apache.hadoop.ozone.om.exceptions.OMException: Unable to get file status: volume: 92c39125-828c-44f2-bdba-603228f3d9ce bucket: 1b4215e0-d630-48e9-8498-9fe32c65ecdb key: .Trash
	at org.apache.hadoop.ozone.om.KeyManagerImpl.getOzoneFileStatus(KeyManagerImpl.java:1311) ~[ozone-manager-1.3.0-SNAPSHOT.jar:?]
	at org.apache.hadoop.ozone.om.KeyManagerImpl.getFileStatus(KeyManagerImpl.java:1241) ~[ozone-manager-1.3.0-SNAPSHOT.jar:?]
	at org.apache.hadoop.ozone.om.OzoneManager.getFileStatus(OzoneManager.java:3467) ~[ozone-manager-1.3.0-SNAPSHOT.jar:?]
	at org.apache.hadoop.ozone.protocolPB.OzoneManagerRequestHandler.getOzoneFileStatus(OzoneManagerRequestHandler.java:878) ~[ozone-manager-1.3.0-SNAPSHOT.jar:?]
	at org.apache.hadoop.ozone.protocolPB.OzoneManagerRequestHandler.handleReadRequest(OzoneManagerRequestHandler.java:224) ~[ozone-manager-1.3.0-SNAPSHOT.jar:?]
	at org.apache.hadoop.ozone.protocolPB.OzoneManagerProtocolServerSideTranslatorPB.submitReadRequestToOM(OzoneManagerProtocolServerSideTranslatorPB.java:226) ~[ozone-manager-1.3.0-SNAPSHOT.jar:?]
	at org.apache.hadoop.ozone.protocolPB.OzoneManagerProtocolServerSideTranslatorPB.processRequest(OzoneManagerProtocolServerSideTranslatorPB.java:175) ~[ozone-manager-1.3.0-SNAPSHOT.jar:?]
	at org.apache.hadoop.hdds.server.OzoneProtocolMessageDispatcher.processRequest(OzoneProtocolMessageDispatcher.java:87) [hdds-server-framework-1.3.0-SNAPSHOT.jar:?]
	at org.apache.hadoop.ozone.protocolPB.OzoneManagerProtocolServerSideTranslatorPB.submitRequest(OzoneManagerProtocolServerSideTranslatorPB.java:147) [ozone-manager-1.3.0-SNAPSHOT.jar:?]
	at org.apache.hadoop.ozone.protocol.proto.OzoneManagerProtocolProtos$OzoneManagerService$2.callBlockingMethod(OzoneManagerProtocolProtos.java) [ozone-interface-client-1.3.0-SNAPSHOT.jar:?]
	at org.apache.hadoop.ipc.ProtobufRpcEngine$Server.processCall(ProtobufRpcEngine.java:466) [hadoop-common-3.3.1.jar:?]
	at org.apache.hadoop.ipc.ProtobufRpcEngine2$Server$ProtoBufRpcInvoker.call(ProtobufRpcEngine2.java:574) [hadoop-common-3.3.1.jar:?]
	at org.apache.hadoop.ipc.ProtobufRpcEngine2$Server$ProtoBufRpcInvoker.call(ProtobufRpcEngine2.java:552) [hadoop-common-3.3.1.jar:?]
	at org.apache.hadoop.ipc.RPC$Server.call(RPC.java:1093) [hadoop-common-3.3.1.jar:?]
	at org.apache.hadoop.ipc.Server$RpcCall.run(Server.java:1035) [hadoop-common-3.3.1.jar:?]
	at org.apache.hadoop.ipc.Server$RpcCall.run(Server.java:963) [hadoop-common-3.3.1.jar:?]
	at java.security.AccessController.doPrivileged(Native Method) ~[?:1.8.0_332]
	at javax.security.auth.Subject.doAs(Subject.java:422) [?:1.8.0_332]
	at org.apache.hadoop.security.UserGroupInformation.doAs(UserGroupInformation.java:1878) [hadoop-common-3.3.1.jar:?]
	at org.apache.hadoop.ipc.Server$Handler.run(Server.java:2966) [hadoop-common-3.3.1.jar:?]
01:47:43.967 [IPC Server handler 12 on default port 39159] ERROR OMAudit - user=runner | ip=127.0.0.1 | op=GET_FILE_STATUS {volume=volume47602, bucket=bucket41548, key=.Trash, dataSize=0, replicationConfig=null} | ret=FAILURE
org.apache.hadoop.ozone.om.exceptions.OMException: Unable to get file status: volume: volume47602 bucket: bucket41548 key: .Trash
	at org.apache.hadoop.ozone.om.KeyManagerImpl.getOzoneFileStatus(KeyManagerImpl.java:1311) ~[ozone-manager-1.3.0-SNAPSHOT.jar:?]
	at org.apache.hadoop.ozone.om.KeyManagerImpl.getFileStatus(KeyManagerImpl.java:1241) ~[ozone-manager-1.3.0-SNAPSHOT.jar:?]
	at org.apache.hadoop.ozone.om.OzoneManager.getFileStatus(OzoneManager.java:3467) ~[ozone-manager-1.3.0-SNAPSHOT.jar:?]
	at org.apache.hadoop.ozone.protocolPB.OzoneManagerRequestHandler.getOzoneFileStatus(OzoneManagerRequestHandler.java:878) ~[ozone-manager-1.3.0-SNAPSHOT.jar:?]
	at org.apache.hadoop.ozone.protocolPB.OzoneManagerRequestHandler.handleReadRequest(OzoneManagerRequestHandler.java:224) ~[ozone-manager-1.3.0-SNAPSHOT.jar:?]
	at org.apache.hadoop.ozone.protocolPB.OzoneManagerProtocolServerSideTranslatorPB.submitReadRequestToOM(OzoneManagerProtocolServerSideTranslatorPB.java:226) ~[ozone-manager-1.3.0-SNAPSHOT.jar:?]
	at org.apache.hadoop.ozone.protocolPB.OzoneManagerProtocolServerSideTranslatorPB.processRequest(OzoneManagerProtocolServerSideTranslatorPB.java:175) ~[ozone-manager-1.3.0-SNAPSHOT.jar:?]
	at org.apache.hadoop.hdds.server.OzoneProtocolMessageDispatcher.processRequest(OzoneProtocolMessageDispatcher.java:87) [hdds-server-framework-1.3.0-SNAPSHOT.jar:?]
	at org.apache.hadoop.ozone.protocolPB.OzoneManagerProtocolServerSideTranslatorPB.submitRequest(OzoneManagerProtocolServerSideTranslatorPB.java:147) [ozone-manager-1.3.0-SNAPSHOT.jar:?]
	at org.apache.hadoop.ozone.protocol.proto.OzoneManagerProtocolProtos$OzoneManagerService$2.callBlockingMethod(OzoneManagerProtocolProtos.java) [ozone-interface-client-1.3.0-SNAPSHOT.jar:?]
	at org.apache.hadoop.ipc.ProtobufRpcEngine$Server.processCall(ProtobufRpcEngine.java:466) [hadoop-common-3.3.1.jar:?]
	at org.apache.hadoop.ipc.ProtobufRpcEngine2$Server$ProtoBufRpcInvoker.call(ProtobufRpcEngine2.java:574) [hadoop-common-3.3.1.jar:?]
	at org.apache.hadoop.ipc.ProtobufRpcEngine2$Server$ProtoBufRpcInvoker.call(ProtobufRpcEngine2.java:552) [hadoop-common-3.3.1.jar:?]
	at org.apache.hadoop.ipc.RPC$Server.call(RPC.java:1093) [hadoop-common-3.3.1.jar:?]
	at org.apache.hadoop.ipc.Server$RpcCall.run(Server.java:1035) [hadoop-common-3.3.1.jar:?]
	at org.apache.hadoop.ipc.Server$RpcCall.run(Server.java:963) [hadoop-common-3.3.1.jar:?]
	at java.security.AccessController.doPrivileged(Native Method) ~[?:1.8.0_332]
	at javax.security.auth.Subject.doAs(Subject.java:422) [?:1.8.0_332]
	at org.apache.hadoop.security.UserGroupInformation.doAs(UserGroupInformation.java:1878) [hadoop-common-3.3.1.jar:?]
	at org.apache.hadoop.ipc.Server$Handler.run(Server.java:2966) [hadoop-common-3.3.1.jar:?]
01:47:44.003 [IPC Server handler 7 on default port 39159] ERROR OMAudit - user=runner | ip=127.0.0.1 | op=GET_FILE_STATUS {volume=92c39125-828c-44f2-bdba-603228f3d9ce, bucket=1b4215e0-d630-48e9-8498-9fe32c65ecdb, key=.Trash/runner, dataSize=0, replicationConfig=null} | ret=FAILURE
org.apache.hadoop.ozone.om.exceptions.OMException: Unable to get file status: volume: 92c39125-828c-44f2-bdba-603228f3d9ce bucket: 1b4215e0-d630-48e9-8498-9fe32c65ecdb key: .Trash/runner
	at org.apache.hadoop.ozone.om.KeyManagerImpl.getOzoneFileStatus(KeyManagerImpl.java:1311) ~[ozone-manager-1.3.0-SNAPSHOT.jar:?]
	at org.apache.hadoop.ozone.om.KeyManagerImpl.getFileStatus(KeyManagerImpl.java:1241) ~[ozone-manager-1.3.0-SNAPSHOT.jar:?]
	at org.apache.hadoop.ozone.om.OzoneManager.getFileStatus(OzoneManager.java:3467) ~[ozone-manager-1.3.0-SNAPSHOT.jar:?]
	at org.apache.hadoop.ozone.protocolPB.OzoneManagerRequestHandler.getOzoneFileStatus(OzoneManagerRequestHandler.java:878) ~[ozone-manager-1.3.0-SNAPSHOT.jar:?]
	at org.apache.hadoop.ozone.protocolPB.OzoneManagerRequestHandler.handleReadRequest(OzoneManagerRequestHandler.java:224) ~[ozone-manager-1.3.0-SNAPSHOT.jar:?]
	at org.apache.hadoop.ozone.protocolPB.OzoneManagerProtocolServerSideTranslatorPB.submitReadRequestToOM(OzoneManagerProtocolServerSideTranslatorPB.java:226) ~[ozone-manager-1.3.0-SNAPSHOT.jar:?]
	at org.apache.hadoop.ozone.protocolPB.OzoneManagerProtocolServerSideTranslatorPB.processRequest(OzoneManagerProtocolServerSideTranslatorPB.java:175) ~[ozone-manager-1.3.0-SNAPSHOT.jar:?]
	at org.apache.hadoop.hdds.server.OzoneProtocolMessageDispatcher.processRequest(OzoneProtocolMessageDispatcher.java:87) [hdds-server-framework-1.3.0-SNAPSHOT.jar:?]
	at org.apache.hadoop.ozone.protocolPB.OzoneManagerProtocolServerSideTranslatorPB.submitRequest(OzoneManagerProtocolServerSideTranslatorPB.java:147) [ozone-manager-1.3.0-SNAPSHOT.jar:?]
	at org.apache.hadoop.ozone.protocol.proto.OzoneManagerProtocolProtos$OzoneManagerService$2.callBlockingMethod(OzoneManagerProtocolProtos.java) [ozone-interface-client-1.3.0-SNAPSHOT.jar:?]
	at org.apache.hadoop.ipc.ProtobufRpcEngine$Server.processCall(ProtobufRpcEngine.java:466) [hadoop-common-3.3.1.jar:?]
	at org.apache.hadoop.ipc.ProtobufRpcEngine2$Server$ProtoBufRpcInvoker.call(ProtobufRpcEngine2.java:574) [hadoop-common-3.3.1.jar:?]
	at org.apache.hadoop.ipc.ProtobufRpcEngine2$Server$ProtoBufRpcInvoker.call(ProtobufRpcEngine2.java:552) [hadoop-common-3.3.1.jar:?]
	at org.apache.hadoop.ipc.RPC$Server.call(RPC.java:1093) [hadoop-common-3.3.1.jar:?]
	at org.apache.hadoop.ipc.Server$RpcCall.run(Server.java:1035) [hadoop-common-3.3.1.jar:?]
	at org.apache.hadoop.ipc.Server$RpcCall.run(Server.java:963) [hadoop-common-3.3.1.jar:?]
	at java.security.AccessController.doPrivileged(Native Method) ~[?:1.8.0_332]
	at javax.security.auth.Subject.doAs(Subject.java:422) [?:1.8.0_332]
	at org.apache.hadoop.security.UserGroupInformation.doAs(UserGroupInformation.java:1878) [hadoop-common-3.3.1.jar:?]
	at org.apache.hadoop.ipc.Server$Handler.run(Server.java:2966) [hadoop-common-3.3.1.jar:?]
01:47:44.009 [IPC Server handler 6 on default port 39159] ERROR OMAudit - user=runner | ip=127.0.0.1 | op=GET_FILE_STATUS {volume=volume47602, bucket=bucket41548, key=.Trash/runner, dataSize=0, replicationConfig=null} | ret=FAILURE
org.apache.hadoop.ozone.om.exceptions.OMException: Unable to get file status: volume: volume47602 bucket: bucket41548 key: .Trash/runner
	at org.apache.hadoop.ozone.om.KeyManagerImpl.getOzoneFileStatus(KeyManagerImpl.java:1311) ~[ozone-manager-1.3.0-SNAPSHOT.jar:?]
	at org.apache.hadoop.ozone.om.KeyManagerImpl.getFileStatus(KeyManagerImpl.java:1241) ~[ozone-manager-1.3.0-SNAPSHOT.jar:?]
	at org.apache.hadoop.ozone.om.OzoneManager.getFileStatus(OzoneManager.java:3467) ~[ozone-manager-1.3.0-SNAPSHOT.jar:?]
	at org.apache.hadoop.ozone.protocolPB.OzoneManagerRequestHandler.getOzoneFileStatus(OzoneManagerRequestHandler.java:878) ~[ozone-manager-1.3.0-SNAPSHOT.jar:?]
	at org.apache.hadoop.ozone.protocolPB.OzoneManagerRequestHandler.handleReadRequest(OzoneManagerRequestHandler.java:224) ~[ozone-manager-1.3.0-SNAPSHOT.jar:?]
	at org.apache.hadoop.ozone.protocolPB.OzoneManagerProtocolServerSideTranslatorPB.submitReadRequestToOM(OzoneManagerProtocolServerSideTranslatorPB.java:226) ~[ozone-manager-1.3.0-SNAPSHOT.jar:?]
	at org.apache.hadoop.ozone.protocolPB.OzoneManagerProtocolServerSideTranslatorPB.processRequest(OzoneManagerProtocolServerSideTranslatorPB.java:175) ~[ozone-manager-1.3.0-SNAPSHOT.jar:?]
	at org.apache.hadoop.hdds.server.OzoneProtocolMessageDispatcher.processRequest(OzoneProtocolMessageDispatcher.java:87) [hdds-server-framework-1.3.0-SNAPSHOT.jar:?]
	at org.apache.hadoop.ozone.protocolPB.OzoneManagerProtocolServerSideTranslatorPB.submitRequest(OzoneManagerProtocolServerSideTranslatorPB.java:147) [ozone-manager-1.3.0-SNAPSHOT.jar:?]
	at org.apache.hadoop.ozone.protocol.proto.OzoneManagerProtocolProtos$OzoneManagerService$2.callBlockingMethod(OzoneManagerProtocolProtos.java) [ozone-interface-client-1.3.0-SNAPSHOT.jar:?]
	at org.apache.hadoop.ipc.ProtobufRpcEngine$Server.processCall(ProtobufRpcEngine.java:466) [hadoop-common-3.3.1.jar:?]
	at org.apache.hadoop.ipc.ProtobufRpcEngine2$Server$ProtoBufRpcInvoker.call(ProtobufRpcEngine2.java:574) [hadoop-common-3.3.1.jar:?]
	at org.apache.hadoop.ipc.ProtobufRpcEngine2$Server$ProtoBufRpcInvoker.call(ProtobufRpcEngine2.java:552) [hadoop-common-3.3.1.jar:?]
	at org.apache.hadoop.ipc.RPC$Server.call(RPC.java:1093) [hadoop-common-3.3.1.jar:?]
	at org.apache.hadoop.ipc.Server$RpcCall.run(Server.java:1035) [hadoop-common-3.3.1.jar:?]
	at org.apache.hadoop.ipc.Server$RpcCall.run(Server.java:963) [hadoop-common-3.3.1.jar:?]
	at java.security.AccessController.doPrivileged(Native Method) ~[?:1.8.0_332]
	at javax.security.auth.Subject.doAs(Subject.java:422) [?:1.8.0_332]
	at org.apache.hadoop.security.UserGroupInformation.doAs(UserGroupInformation.java:1878) [hadoop-common-3.3.1.jar:?]
	at org.apache.hadoop.ipc.Server$Handler.run(Server.java:2966) [hadoop-common-3.3.1.jar:?]
01:47:44.022 [IPC Server handler 0 on default port 39159] ERROR OMAudit - user=runner | ip=127.0.0.1 | op=GET_FILE_STATUS {volume=volume55322, bucket=trashroottest2, key=.Trash/runner, dataSize=0, replicationConfig=null} | ret=FAILURE
org.apache.hadoop.ozone.om.exceptions.OMException: Unable to get file status: volume: volume55322 bucket: trashroottest2 key: .Trash/runner
	at org.apache.hadoop.ozone.om.KeyManagerImpl.getOzoneFileStatus(KeyManagerImpl.java:1311) ~[ozone-manager-1.3.0-SNAPSHOT.jar:?]
	at org.apache.hadoop.ozone.om.KeyManagerImpl.getFileStatus(KeyManagerImpl.java:1241) ~[ozone-manager-1.3.0-SNAPSHOT.jar:?]
	at org.apache.hadoop.ozone.om.OzoneManager.getFileStatus(OzoneManager.java:3467) ~[ozone-manager-1.3.0-SNAPSHOT.jar:?]
	at org.apache.hadoop.ozone.protocolPB.OzoneManagerRequestHandler.getOzoneFileStatus(OzoneManagerRequestHandler.java:878) ~[ozone-manager-1.3.0-SNAPSHOT.jar:?]
	at org.apache.hadoop.ozone.protocolPB.OzoneManagerRequestHandler.handleReadRequest(OzoneManagerRequestHandler.java:224) ~[ozone-manager-1.3.0-SNAPSHOT.jar:?]
	at org.apache.hadoop.ozone.protocolPB.OzoneManagerProtocolServerSideTranslatorPB.submitReadRequestToOM(OzoneManagerProtocolServerSideTranslatorPB.java:226) ~[ozone-manager-1.3.0-SNAPSHOT.jar:?]
	at org.apache.hadoop.ozone.protocolPB.OzoneManagerProtocolServerSideTranslatorPB.processRequest(OzoneManagerProtocolServerSideTranslatorPB.java:175) ~[ozone-manager-1.3.0-SNAPSHOT.jar:?]
	at org.apache.hadoop.hdds.server.OzoneProtocolMessageDispatcher.processRequest(OzoneProtocolMessageDispatcher.java:87) [hdds-server-framework-1.3.0-SNAPSHOT.jar:?]
	at org.apache.hadoop.ozone.protocolPB.OzoneManagerProtocolServerSideTranslatorPB.submitRequest(OzoneManagerProtocolServerSideTranslatorPB.java:147) [ozone-manager-1.3.0-SNAPSHOT.jar:?]
	at org.apache.hadoop.ozone.protocol.proto.OzoneManagerProtocolProtos$OzoneManagerService$2.callBlockingMethod(OzoneManagerProtocolProtos.java) [ozone-interface-client-1.3.0-SNAPSHOT.jar:?]
	at org.apache.hadoop.ipc.ProtobufRpcEngine$Server.processCall(ProtobufRpcEngine.java:466) [hadoop-common-3.3.1.jar:?]
	at org.apache.hadoop.ipc.ProtobufRpcEngine2$Server$ProtoBufRpcInvoker.call(ProtobufRpcEngine2.java:574) [hadoop-common-3.3.1.jar:?]
	at org.apache.hadoop.ipc.ProtobufRpcEngine2$Server$ProtoBufRpcInvoker.call(ProtobufRpcEngine2.java:552) [hadoop-common-3.3.1.jar:?]
	at org.apache.hadoop.ipc.RPC$Server.call(RPC.java:1093) [hadoop-common-3.3.1.jar:?]
	at org.apache.hadoop.ipc.Server$RpcCall.run(Server.java:1035) [hadoop-common-3.3.1.jar:?]
	at org.apache.hadoop.ipc.Server$RpcCall.run(Server.java:963) [hadoop-common-3.3.1.jar:?]
	at java.security.AccessController.doPrivileged(Native Method) ~[?:1.8.0_332]
	at javax.security.auth.Subject.doAs(Subject.java:422) [?:1.8.0_332]
	at org.apache.hadoop.security.UserGroupInformation.doAs(UserGroupInformation.java:1878) [hadoop-common-3.3.1.jar:?]
	at org.apache.hadoop.ipc.Server$Handler.run(Server.java:2966) [hadoop-common-3.3.1.jar:?]
01:47:44.028 [IPC Server handler 8 on default port 39159] ERROR OMAudit - user=runner | ip=127.0.0.1 | op=GET_FILE_STATUS {volume=92c39125-828c-44f2-bdba-603228f3d9ce, bucket=1b4215e0-d630-48e9-8498-9fe32c65ecdb, key=.Trash, dataSize=0, replicationConfig=null} | ret=FAILURE
org.apache.hadoop.ozone.om.exceptions.OMException: Unable to get file status: volume: 92c39125-828c-44f2-bdba-603228f3d9ce bucket: 1b4215e0-d630-48e9-8498-9fe32c65ecdb key: .Trash
	at org.apache.hadoop.ozone.om.KeyManagerImpl.getOzoneFileStatus(KeyManagerImpl.java:1311) ~[ozone-manager-1.3.0-SNAPSHOT.jar:?]
	at org.apache.hadoop.ozone.om.KeyManagerImpl.getFileStatus(KeyManagerImpl.java:1241) ~[ozone-manager-1.3.0-SNAPSHOT.jar:?]
	at org.apache.hadoop.ozone.om.OzoneManager.getFileStatus(OzoneManager.java:3467) ~[ozone-manager-1.3.0-SNAPSHOT.jar:?]
	at org.apache.hadoop.ozone.protocolPB.OzoneManagerRequestHandler.getOzoneFileStatus(OzoneManagerRequestHandler.java:878) ~[ozone-manager-1.3.0-SNAPSHOT.jar:?]
	at org.apache.hadoop.ozone.protocolPB.OzoneManagerRequestHandler.handleReadRequest(OzoneManagerRequestHandler.java:224) ~[ozone-manager-1.3.0-SNAPSHOT.jar:?]
	at org.apache.hadoop.ozone.protocolPB.OzoneManagerProtocolServerSideTranslatorPB.submitReadRequestToOM(OzoneManagerProtocolServerSideTranslatorPB.java:226) ~[ozone-manager-1.3.0-SNAPSHOT.jar:?]
	at org.apache.hadoop.ozone.protocolPB.OzoneManagerProtocolServerSideTranslatorPB.processRequest(OzoneManagerProtocolServerSideTranslatorPB.java:175) ~[ozone-manager-1.3.0-SNAPSHOT.jar:?]
	at org.apache.hadoop.hdds.server.OzoneProtocolMessageDispatcher.processRequest(OzoneProtocolMessageDispatcher.java:87) [hdds-server-framework-1.3.0-SNAPSHOT.jar:?]
	at org.apache.hadoop.ozone.protocolPB.OzoneManagerProtocolServerSideTranslatorPB.submitRequest(OzoneManagerProtocolServerSideTranslatorPB.java:147) [ozone-manager-1.3.0-SNAPSHOT.jar:?]
	at org.apache.hadoop.ozone.protocol.proto.OzoneManagerProtocolProtos$OzoneManagerService$2.callBlockingMethod(OzoneManagerProtocolProtos.java) [ozone-interface-client-1.3.0-SNAPSHOT.jar:?]
	at org.apache.hadoop.ipc.ProtobufRpcEngine$Server.processCall(ProtobufRpcEngine.java:466) [hadoop-common-3.3.1.jar:?]
	at org.apache.hadoop.ipc.ProtobufRpcEngine2$Server$ProtoBufRpcInvoker.call(ProtobufRpcEngine2.java:574) [hadoop-common-3.3.1.jar:?]
	at org.apache.hadoop.ipc.ProtobufRpcEngine2$Server$ProtoBufRpcInvoker.call(ProtobufRpcEngine2.java:552) [hadoop-common-3.3.1.jar:?]
	at org.apache.hadoop.ipc.RPC$Server.call(RPC.java:1093) [hadoop-common-3.3.1.jar:?]
	at org.apache.hadoop.ipc.Server$RpcCall.run(Server.java:1035) [hadoop-common-3.3.1.jar:?]
	at org.apache.hadoop.ipc.Server$RpcCall.run(Server.java:963) [hadoop-common-3.3.1.jar:?]
	at java.security.AccessController.doPrivileged(Native Method) ~[?:1.8.0_332]
	at javax.security.auth.Subject.doAs(Subject.java:422) [?:1.8.0_332]
	at org.apache.hadoop.security.UserGroupInformation.doAs(UserGroupInformation.java:1878) [hadoop-common-3.3.1.jar:?]
	at org.apache.hadoop.ipc.Server$Handler.run(Server.java:2966) [hadoop-common-3.3.1.jar:?]
01:47:44.033 [IPC Server handler 12 on default port 39159] ERROR OMAudit - user=runner | ip=127.0.0.1 | op=GET_FILE_STATUS {volume=volume47602, bucket=bucket41548, key=.Trash, dataSize=0, replicationConfig=null} | ret=FAILURE
org.apache.hadoop.ozone.om.exceptions.OMException: Unable to get file status: volume: volume47602 bucket: bucket41548 key: .Trash
	at org.apache.hadoop.ozone.om.KeyManagerImpl.getOzoneFileStatus(KeyManagerImpl.java:1311) ~[ozone-manager-1.3.0-SNAPSHOT.jar:?]
	at org.apache.hadoop.ozone.om.KeyManagerImpl.getFileStatus(KeyManagerImpl.java:1241) ~[ozone-manager-1.3.0-SNAPSHOT.jar:?]
	at org.apache.hadoop.ozone.om.OzoneManager.getFileStatus(OzoneManager.java:3467) ~[ozone-manager-1.3.0-SNAPSHOT.jar:?]
	at org.apache.hadoop.ozone.protocolPB.OzoneManagerRequestHandler.getOzoneFileStatus(OzoneManagerRequestHandler.java:878) ~[ozone-manager-1.3.0-SNAPSHOT.jar:?]
	at org.apache.hadoop.ozone.protocolPB.OzoneManagerRequestHandler.handleReadRequest(OzoneManagerRequestHandler.java:224) ~[ozone-manager-1.3.0-SNAPSHOT.jar:?]
	at org.apache.hadoop.ozone.protocolPB.OzoneManagerProtocolServerSideTranslatorPB.submitReadRequestToOM(OzoneManagerProtocolServerSideTranslatorPB.java:226) ~[ozone-manager-1.3.0-SNAPSHOT.jar:?]
	at org.apache.hadoop.ozone.protocolPB.OzoneManagerProtocolServerSideTranslatorPB.processRequest(OzoneManagerProtocolServerSideTranslatorPB.java:175) ~[ozone-manager-1.3.0-SNAPSHOT.jar:?]
	at org.apache.hadoop.hdds.server.OzoneProtocolMessageDispatcher.processRequest(OzoneProtocolMessageDispatcher.java:87) [hdds-server-framework-1.3.0-SNAPSHOT.jar:?]
	at org.apache.hadoop.ozone.protocolPB.OzoneManagerProtocolServerSideTranslatorPB.submitRequest(OzoneManagerProtocolServerSideTranslatorPB.java:147) [ozone-manager-1.3.0-SNAPSHOT.jar:?]
	at org.apache.hadoop.ozone.protocol.proto.OzoneManagerProtocolProtos$OzoneManagerService$2.callBlockingMethod(OzoneManagerProtocolProtos.java) [ozone-interface-client-1.3.0-SNAPSHOT.jar:?]
	at org.apache.hadoop.ipc.ProtobufRpcEngine$Server.processCall(ProtobufRpcEngine.java:466) [hadoop-common-3.3.1.jar:?]
	at org.apache.hadoop.ipc.ProtobufRpcEngine2$Server$ProtoBufRpcInvoker.call(ProtobufRpcEngine2.java:574) [hadoop-common-3.3.1.jar:?]
	at org.apache.hadoop.ipc.ProtobufRpcEngine2$Server$ProtoBufRpcInvoker.call(ProtobufRpcEngine2.java:552) [hadoop-common-3.3.1.jar:?]
	at org.apache.hadoop.ipc.RPC$Server.call(RPC.java:1093) [hadoop-common-3.3.1.jar:?]
	at org.apache.hadoop.ipc.Server$RpcCall.run(Server.java:1035) [hadoop-common-3.3.1.jar:?]
	at org.apache.hadoop.ipc.Server$RpcCall.run(Server.java:963) [hadoop-common-3.3.1.jar:?]
	at java.security.AccessController.doPrivileged(Native Method) ~[?:1.8.0_332]
	at javax.security.auth.Subject.doAs(Subject.java:422) [?:1.8.0_332]
	at org.apache.hadoop.security.UserGroupInformation.doAs(UserGroupInformation.java:1878) [hadoop-common-3.3.1.jar:?]
	at org.apache.hadoop.ipc.Server$Handler.run(Server.java:2966) [hadoop-common-3.3.1.jar:?]
01:47:44.043 [IPC Server handler 1 on default port 39159] ERROR OMAudit - user=runner | ip=127.0.0.1 | op=GET_FILE_STATUS {volume=volume55322, bucket=trashroottest2, key=.Trash, dataSize=0, replicationConfig=null} | ret=FAILURE
org.apache.hadoop.ozone.om.exceptions.OMException: Unable to get file status: volume: volume55322 bucket: trashroottest2 key: .Trash
	at org.apache.hadoop.ozone.om.KeyManagerImpl.getOzoneFileStatus(KeyManagerImpl.java:1311) ~[ozone-manager-1.3.0-SNAPSHOT.jar:?]
	at org.apache.hadoop.ozone.om.KeyManagerImpl.getFileStatus(KeyManagerImpl.java:1241) ~[ozone-manager-1.3.0-SNAPSHOT.jar:?]
	at org.apache.hadoop.ozone.om.OzoneManager.getFileStatus(OzoneManager.java:3467) ~[ozone-manager-1.3.0-SNAPSHOT.jar:?]
	at org.apache.hadoop.ozone.protocolPB.OzoneManagerRequestHandler.getOzoneFileStatus(OzoneManagerRequestHandler.java:878) ~[ozone-manager-1.3.0-SNAPSHOT.jar:?]
	at org.apache.hadoop.ozone.protocolPB.OzoneManagerRequestHandler.handleReadRequest(OzoneManagerRequestHandler.java:224) ~[ozone-manager-1.3.0-SNAPSHOT.jar:?]
	at org.apache.hadoop.ozone.protocolPB.OzoneManagerProtocolServerSideTranslatorPB.submitReadRequestToOM(OzoneManagerProtocolServerSideTranslatorPB.java:226) ~[ozone-manager-1.3.0-SNAPSHOT.jar:?]
	at org.apache.hadoop.ozone.protocolPB.OzoneManagerProtocolServerSideTranslatorPB.processRequest(OzoneManagerProtocolServerSideTranslatorPB.java:175) ~[ozone-manager-1.3.0-SNAPSHOT.jar:?]
	at org.apache.hadoop.hdds.server.OzoneProtocolMessageDispatcher.processRequest(OzoneProtocolMessageDispatcher.java:87) [hdds-server-framework-1.3.0-SNAPSHOT.jar:?]
	at org.apache.hadoop.ozone.protocolPB.OzoneManagerProtocolServerSideTranslatorPB.submitRequest(OzoneManagerProtocolServerSideTranslatorPB.java:147) [ozone-manager-1.3.0-SNAPSHOT.jar:?]
	at org.apache.hadoop.ozone.protocol.proto.OzoneManagerProtocolProtos$OzoneManagerService$2.callBlockingMethod(OzoneManagerProtocolProtos.java) [ozone-interface-client-1.3.0-SNAPSHOT.jar:?]
	at org.apache.hadoop.ipc.ProtobufRpcEngine$Server.processCall(ProtobufRpcEngine.java:466) [hadoop-common-3.3.1.jar:?]
	at org.apache.hadoop.ipc.ProtobufRpcEngine2$Server$ProtoBufRpcInvoker.call(ProtobufRpcEngine2.java:574) [hadoop-common-3.3.1.jar:?]
	at org.apache.hadoop.ipc.ProtobufRpcEngine2$Server$ProtoBufRpcInvoker.call(ProtobufRpcEngine2.java:552) [hadoop-common-3.3.1.jar:?]
	at org.apache.hadoop.ipc.RPC$Server.call(RPC.java:1093) [hadoop-common-3.3.1.jar:?]
	at org.apache.hadoop.ipc.Server$RpcCall.run(Server.java:1035) [hadoop-common-3.3.1.jar:?]
	at org.apache.hadoop.ipc.Server$RpcCall.run(Server.java:963) [hadoop-common-3.3.1.jar:?]
	at java.security.AccessController.doPrivileged(Native Method) ~[?:1.8.0_332]
	at javax.security.auth.Subject.doAs(Subject.java:422) [?:1.8.0_332]
	at org.apache.hadoop.security.UserGroupInformation.doAs(UserGroupInformation.java:1878) [hadoop-common-3.3.1.jar:?]
	at org.apache.hadoop.ipc.Server$Handler.run(Server.java:2966) [hadoop-common-3.3.1.jar:?]
01:47:44.066 [IPC Server handler 3 on default port 39159] ERROR OMAudit - user=runner | ip=127.0.0.1 | op=GET_FILE_STATUS {volume=92c39125-828c-44f2-bdba-603228f3d9ce, bucket=1b4215e0-d630-48e9-8498-9fe32c65ecdb, key=.Trash/runner, dataSize=0, replicationConfig=null} | ret=FAILURE
org.apache.hadoop.ozone.om.exceptions.OMException: Unable to get file status: volume: 92c39125-828c-44f2-bdba-603228f3d9ce bucket: 1b4215e0-d630-48e9-8498-9fe32c65ecdb key: .Trash/runner
	at org.apache.hadoop.ozone.om.KeyManagerImpl.getOzoneFileStatus(KeyManagerImpl.java:1311) ~[ozone-manager-1.3.0-SNAPSHOT.jar:?]
	at org.apache.hadoop.ozone.om.KeyManagerImpl.getFileStatus(KeyManagerImpl.java:1241) ~[ozone-manager-1.3.0-SNAPSHOT.jar:?]
	at org.apache.hadoop.ozone.om.OzoneManager.getFileStatus(OzoneManager.java:3467) ~[ozone-manager-1.3.0-SNAPSHOT.jar:?]
	at org.apache.hadoop.ozone.protocolPB.OzoneManagerRequestHandler.getOzoneFileStatus(OzoneManagerRequestHandler.java:878) ~[ozone-manager-1.3.0-SNAPSHOT.jar:?]
	at org.apache.hadoop.ozone.protocolPB.OzoneManagerRequestHandler.handleReadRequest(OzoneManagerRequestHandler.java:224) ~[ozone-manager-1.3.0-SNAPSHOT.jar:?]
	at org.apache.hadoop.ozone.protocolPB.OzoneManagerProtocolServerSideTranslatorPB.submitReadRequestToOM(OzoneManagerProtocolServerSideTranslatorPB.java:226) ~[ozone-manager-1.3.0-SNAPSHOT.jar:?]
	at org.apache.hadoop.ozone.protocolPB.OzoneManagerProtocolServerSideTranslatorPB.processRequest(OzoneManagerProtocolServerSideTranslatorPB.java:175) ~[ozone-manager-1.3.0-SNAPSHOT.jar:?]
	at org.apache.hadoop.hdds.server.OzoneProtocolMessageDispatcher.processRequest(OzoneProtocolMessageDispatcher.java:87) [hdds-server-framework-1.3.0-SNAPSHOT.jar:?]
	at org.apache.hadoop.ozone.protocolPB.OzoneManagerProtocolServerSideTranslatorPB.submitRequest(OzoneManagerProtocolServerSideTranslatorPB.java:147) [ozone-manager-1.3.0-SNAPSHOT.jar:?]
	at org.apache.hadoop.ozone.protocol.proto.OzoneManagerProtocolProtos$OzoneManagerService$2.callBlockingMethod(OzoneManagerProtocolProtos.java) [ozone-interface-client-1.3.0-SNAPSHOT.jar:?]
	at org.apache.hadoop.ipc.ProtobufRpcEngine$Server.processCall(ProtobufRpcEngine.java:466) [hadoop-common-3.3.1.jar:?]
	at org.apache.hadoop.ipc.ProtobufRpcEngine2$Server$ProtoBufRpcInvoker.call(ProtobufRpcEngine2.java:574) [hadoop-common-3.3.1.jar:?]
	at org.apache.hadoop.ipc.ProtobufRpcEngine2$Server$ProtoBufRpcInvoker.call(ProtobufRpcEngine2.java:552) [hadoop-common-3.3.1.jar:?]
	at org.apache.hadoop.ipc.RPC$Server.call(RPC.java:1093) [hadoop-common-3.3.1.jar:?]
	at org.apache.hadoop.ipc.Server$RpcCall.run(Server.java:1035) [hadoop-common-3.3.1.jar:?]
	at org.apache.hadoop.ipc.Server$RpcCall.run(Server.java:963) [hadoop-common-3.3.1.jar:?]
	at java.security.AccessController.doPrivileged(Native Method) ~[?:1.8.0_332]
	at javax.security.auth.Subject.doAs(Subject.java:422) [?:1.8.0_332]
	at org.apache.hadoop.security.UserGroupInformation.doAs(UserGroupInformation.java:1878) [hadoop-common-3.3.1.jar:?]
	at org.apache.hadoop.ipc.Server$Handler.run(Server.java:2966) [hadoop-common-3.3.1.jar:?]
01:47:44.070 [IPC Server handler 8 on default port 39159] ERROR OMAudit - user=runner | ip=127.0.0.1 | op=GET_FILE_STATUS {volume=volume47602, bucket=bucket41548, key=.Trash/runner, dataSize=0, replicationConfig=null} | ret=FAILURE
org.apache.hadoop.ozone.om.exceptions.OMException: Unable to get file status: volume: volume47602 bucket: bucket41548 key: .Trash/runner
	at org.apache.hadoop.ozone.om.KeyManagerImpl.getOzoneFileStatus(KeyManagerImpl.java:1311) ~[ozone-manager-1.3.0-SNAPSHOT.jar:?]
	at org.apache.hadoop.ozone.om.KeyManagerImpl.getFileStatus(KeyManagerImpl.java:1241) ~[ozone-manager-1.3.0-SNAPSHOT.jar:?]
	at org.apache.hadoop.ozone.om.OzoneManager.getFileStatus(OzoneManager.java:3467) ~[ozone-manager-1.3.0-SNAPSHOT.jar:?]
	at org.apache.hadoop.ozone.protocolPB.OzoneManagerRequestHandler.getOzoneFileStatus(OzoneManagerRequestHandler.java:878) ~[ozone-manager-1.3.0-SNAPSHOT.jar:?]
	at org.apache.hadoop.ozone.protocolPB.OzoneManagerRequestHandler.handleReadRequest(OzoneManagerRequestHandler.java:224) ~[ozone-manager-1.3.0-SNAPSHOT.jar:?]
	at org.apache.hadoop.ozone.protocolPB.OzoneManagerProtocolServerSideTranslatorPB.submitReadRequestToOM(OzoneManagerProtocolServerSideTranslatorPB.java:226) ~[ozone-manager-1.3.0-SNAPSHOT.jar:?]
	at org.apache.hadoop.ozone.protocolPB.OzoneManagerProtocolServerSideTranslatorPB.processRequest(OzoneManagerProtocolServerSideTranslatorPB.java:175) ~[ozone-manager-1.3.0-SNAPSHOT.jar:?]
	at org.apache.hadoop.hdds.server.OzoneProtocolMessageDispatcher.processRequest(OzoneProtocolMessageDispatcher.java:87) [hdds-server-framework-1.3.0-SNAPSHOT.jar:?]
	at org.apache.hadoop.ozone.protocolPB.OzoneManagerProtocolServerSideTranslatorPB.submitRequest(OzoneManagerProtocolServerSideTranslatorPB.java:147) [ozone-manager-1.3.0-SNAPSHOT.jar:?]
	at org.apache.hadoop.ozone.protocol.proto.OzoneManagerProtocolProtos$OzoneManagerService$2.callBlockingMethod(OzoneManagerProtocolProtos.java) [ozone-interface-client-1.3.0-SNAPSHOT.jar:?]
	at org.apache.hadoop.ipc.ProtobufRpcEngine$Server.processCall(ProtobufRpcEngine.java:466) [hadoop-common-3.3.1.jar:?]
	at org.apache.hadoop.ipc.ProtobufRpcEngine2$Server$ProtoBufRpcInvoker.call(ProtobufRpcEngine2.java:574) [hadoop-common-3.3.1.jar:?]
	at org.apache.hadoop.ipc.ProtobufRpcEngine2$Server$ProtoBufRpcInvoker.call(ProtobufRpcEngine2.java:552) [hadoop-common-3.3.1.jar:?]
	at org.apache.hadoop.ipc.RPC$Server.call(RPC.java:1093) [hadoop-common-3.3.1.jar:?]
	at org.apache.hadoop.ipc.Server$RpcCall.run(Server.java:1035) [hadoop-common-3.3.1.jar:?]
	at org.apache.hadoop.ipc.Server$RpcCall.run(Server.java:963) [hadoop-common-3.3.1.jar:?]
	at java.security.AccessController.doPrivileged(Native Method) ~[?:1.8.0_332]
	at javax.security.auth.Subject.doAs(Subject.java:422) [?:1.8.0_332]
	at org.apache.hadoop.security.UserGroupInformation.doAs(UserGroupInformation.java:1878) [hadoop-common-3.3.1.jar:?]
	at org.apache.hadoop.ipc.Server$Handler.run(Server.java:2966) [hadoop-common-3.3.1.jar:?]
01:47:44.078 [IPC Server handler 17 on default port 39159] ERROR OMAudit - user=runner | ip=127.0.0.1 | op=GET_FILE_STATUS {volume=volume55322, bucket=trashroottest2, key=.Trash/runner, dataSize=0, replicationConfig=null} | ret=FAILURE
org.apache.hadoop.ozone.om.exceptions.OMException: Unable to get file status: volume: volume55322 bucket: trashroottest2 key: .Trash/runner
	at org.apache.hadoop.ozone.om.KeyManagerImpl.getOzoneFileStatus(KeyManagerImpl.java:1311) ~[ozone-manager-1.3.0-SNAPSHOT.jar:?]
	at org.apache.hadoop.ozone.om.KeyManagerImpl.getFileStatus(KeyManagerImpl.java:1241) ~[ozone-manager-1.3.0-SNAPSHOT.jar:?]
	at org.apache.hadoop.ozone.om.OzoneManager.getFileStatus(OzoneManager.java:3467) ~[ozone-manager-1.3.0-SNAPSHOT.jar:?]
	at org.apache.hadoop.ozone.protocolPB.OzoneManagerRequestHandler.getOzoneFileStatus(OzoneManagerRequestHandler.java:878) ~[ozone-manager-1.3.0-SNAPSHOT.jar:?]
	at org.apache.hadoop.ozone.protocolPB.OzoneManagerRequestHandler.handleReadRequest(OzoneManagerRequestHandler.java:224) ~[ozone-manager-1.3.0-SNAPSHOT.jar:?]
	at org.apache.hadoop.ozone.protocolPB.OzoneManagerProtocolServerSideTranslatorPB.submitReadRequestToOM(OzoneManagerProtocolServerSideTranslatorPB.java:226) ~[ozone-manager-1.3.0-SNAPSHOT.jar:?]
	at org.apache.hadoop.ozone.protocolPB.OzoneManagerProtocolServerSideTranslatorPB.processRequest(OzoneManagerProtocolServerSideTranslatorPB.java:175) ~[ozone-manager-1.3.0-SNAPSHOT.jar:?]
	at org.apache.hadoop.hdds.server.OzoneProtocolMessageDispatcher.processRequest(OzoneProtocolMessageDispatcher.java:87) [hdds-server-framework-1.3.0-SNAPSHOT.jar:?]
	at org.apache.hadoop.ozone.protocolPB.OzoneManagerProtocolServerSideTranslatorPB.submitRequest(OzoneManagerProtocolServerSideTranslatorPB.java:147) [ozone-manager-1.3.0-SNAPSHOT.jar:?]
	at org.apache.hadoop.ozone.protocol.proto.OzoneManagerProtocolProtos$OzoneManagerService$2.callBlockingMethod(OzoneManagerProtocolProtos.java) [ozone-interface-client-1.3.0-SNAPSHOT.jar:?]
	at org.apache.hadoop.ipc.ProtobufRpcEngine$Server.processCall(ProtobufRpcEngine.java:466) [hadoop-common-3.3.1.jar:?]
	at org.apache.hadoop.ipc.ProtobufRpcEngine2$Server$ProtoBufRpcInvoker.call(ProtobufRpcEngine2.java:574) [hadoop-common-3.3.1.jar:?]
	at org.apache.hadoop.ipc.ProtobufRpcEngine2$Server$ProtoBufRpcInvoker.call(ProtobufRpcEngine2.java:552) [hadoop-common-3.3.1.jar:?]
	at org.apache.hadoop.ipc.RPC$Server.call(RPC.java:1093) [hadoop-common-3.3.1.jar:?]
	at org.apache.hadoop.ipc.Server$RpcCall.run(Server.java:1035) [hadoop-common-3.3.1.jar:?]
	at org.apache.hadoop.ipc.Server$RpcCall.run(Server.java:963) [hadoop-common-3.3.1.jar:?]
	at java.security.AccessController.doPrivileged(Native Method) ~[?:1.8.0_332]
	at javax.security.auth.Subject.doAs(Subject.java:422) [?:1.8.0_332]
	at org.apache.hadoop.security.UserGroupInformation.doAs(UserGroupInformation.java:1878) [hadoop-common-3.3.1.jar:?]
	at org.apache.hadoop.ipc.Server$Handler.run(Server.java:2966) [hadoop-common-3.3.1.jar:?]
01:47:44.083 [IPC Server handler 4 on default port 39159] ERROR OMAudit - user=runner | ip=127.0.0.1 | op=GET_FILE_STATUS {volume=92c39125-828c-44f2-bdba-603228f3d9ce, bucket=1b4215e0-d630-48e9-8498-9fe32c65ecdb, key=.Trash, dataSize=0, replicationConfig=null} | ret=FAILURE
org.apache.hadoop.ozone.om.exceptions.OMException: Unable to get file status: volume: 92c39125-828c-44f2-bdba-603228f3d9ce bucket: 1b4215e0-d630-48e9-8498-9fe32c65ecdb key: .Trash
	at org.apache.hadoop.ozone.om.KeyManagerImpl.getOzoneFileStatus(KeyManagerImpl.java:1311) ~[ozone-manager-1.3.0-SNAPSHOT.jar:?]
	at org.apache.hadoop.ozone.om.KeyManagerImpl.getFileStatus(KeyManagerImpl.java:1241) ~[ozone-manager-1.3.0-SNAPSHOT.jar:?]
	at org.apache.hadoop.ozone.om.OzoneManager.getFileStatus(OzoneManager.java:3467) ~[ozone-manager-1.3.0-SNAPSHOT.jar:?]
	at org.apache.hadoop.ozone.protocolPB.OzoneManagerRequestHandler.getOzoneFileStatus(OzoneManagerRequestHandler.java:878) ~[ozone-manager-1.3.0-SNAPSHOT.jar:?]
	at org.apache.hadoop.ozone.protocolPB.OzoneManagerRequestHandler.handleReadRequest(OzoneManagerRequestHandler.java:224) ~[ozone-manager-1.3.0-SNAPSHOT.jar:?]
	at org.apache.hadoop.ozone.protocolPB.OzoneManagerProtocolServerSideTranslatorPB.submitReadRequestToOM(OzoneManagerProtocolServerSideTranslatorPB.java:226) ~[ozone-manager-1.3.0-SNAPSHOT.jar:?]
	at org.apache.hadoop.ozone.protocolPB.OzoneManagerProtocolServerSideTranslatorPB.processRequest(OzoneManagerProtocolServerSideTranslatorPB.java:175) ~[ozone-manager-1.3.0-SNAPSHOT.jar:?]
	at org.apache.hadoop.hdds.server.OzoneProtocolMessageDispatcher.processRequest(OzoneProtocolMessageDispatcher.java:87) [hdds-server-framework-1.3.0-SNAPSHOT.jar:?]
	at org.apache.hadoop.ozone.protocolPB.OzoneManagerProtocolServerSideTranslatorPB.submitRequest(OzoneManagerProtocolServerSideTranslatorPB.java:147) [ozone-manager-1.3.0-SNAPSHOT.jar:?]
	at org.apache.hadoop.ozone.protocol.proto.OzoneManagerProtocolProtos$OzoneManagerService$2.callBlockingMethod(OzoneManagerProtocolProtos.java) [ozone-interface-client-1.3.0-SNAPSHOT.jar:?]
	at org.apache.hadoop.ipc.ProtobufRpcEngine$Server.processCall(ProtobufRpcEngine.java:466) [hadoop-common-3.3.1.jar:?]
	at org.apache.hadoop.ipc.ProtobufRpcEngine2$Server$ProtoBufRpcInvoker.call(ProtobufRpcEngine2.java:574) [hadoop-common-3.3.1.jar:?]
	at org.apache.hadoop.ipc.ProtobufRpcEngine2$Server$ProtoBufRpcInvoker.call(ProtobufRpcEngine2.java:552) [hadoop-common-3.3.1.jar:?]
	at org.apache.hadoop.ipc.RPC$Server.call(RPC.java:1093) [hadoop-common-3.3.1.jar:?]
	at org.apache.hadoop.ipc.Server$RpcCall.run(Server.java:1035) [hadoop-common-3.3.1.jar:?]
	at org.apache.hadoop.ipc.Server$RpcCall.run(Server.java:963) [hadoop-common-3.3.1.jar:?]
	at java.security.AccessController.doPrivileged(Native Method) ~[?:1.8.0_332]
	at javax.security.auth.Subject.doAs(Subject.java:422) [?:1.8.0_332]
	at org.apache.hadoop.security.UserGroupInformation.doAs(UserGroupInformation.java:1878) [hadoop-common-3.3.1.jar:?]
	at org.apache.hadoop.ipc.Server$Handler.run(Server.java:2966) [hadoop-common-3.3.1.jar:?]
01:47:44.088 [IPC Server handler 9 on default port 39159] ERROR OMAudit - user=runner | ip=127.0.0.1 | op=GET_FILE_STATUS {volume=volume47602, bucket=bucket41548, key=.Trash, dataSize=0, replicationConfig=null} | ret=FAILURE
org.apache.hadoop.ozone.om.exceptions.OMException: Unable to get file status: volume: volume47602 bucket: bucket41548 key: .Trash
	at org.apache.hadoop.ozone.om.KeyManagerImpl.getOzoneFileStatus(KeyManagerImpl.java:1311) ~[ozone-manager-1.3.0-SNAPSHOT.jar:?]
	at org.apache.hadoop.ozone.om.KeyManagerImpl.getFileStatus(KeyManagerImpl.java:1241) ~[ozone-manager-1.3.0-SNAPSHOT.jar:?]
	at org.apache.hadoop.ozone.om.OzoneManager.getFileStatus(OzoneManager.java:3467) ~[ozone-manager-1.3.0-SNAPSHOT.jar:?]
	at org.apache.hadoop.ozone.protocolPB.OzoneManagerRequestHandler.getOzoneFileStatus(OzoneManagerRequestHandler.java:878) ~[ozone-manager-1.3.0-SNAPSHOT.jar:?]
	at org.apache.hadoop.ozone.protocolPB.OzoneManagerRequestHandler.handleReadRequest(OzoneManagerRequestHandler.java:224) ~[ozone-manager-1.3.0-SNAPSHOT.jar:?]
	at org.apache.hadoop.ozone.protocolPB.OzoneManagerProtocolServerSideTranslatorPB.submitReadRequestToOM(OzoneManagerProtocolServerSideTranslatorPB.java:226) ~[ozone-manager-1.3.0-SNAPSHOT.jar:?]
	at org.apache.hadoop.ozone.protocolPB.OzoneManagerProtocolServerSideTranslatorPB.processRequest(OzoneManagerProtocolServerSideTranslatorPB.java:175) ~[ozone-manager-1.3.0-SNAPSHOT.jar:?]
	at org.apache.hadoop.hdds.server.OzoneProtocolMessageDispatcher.processRequest(OzoneProtocolMessageDispatcher.java:87) [hdds-server-framework-1.3.0-SNAPSHOT.jar:?]
	at org.apache.hadoop.ozone.protocolPB.OzoneManagerProtocolServerSideTranslatorPB.submitRequest(OzoneManagerProtocolServerSideTranslatorPB.java:147) [ozone-manager-1.3.0-SNAPSHOT.jar:?]
	at org.apache.hadoop.ozone.protocol.proto.OzoneManagerProtocolProtos$OzoneManagerService$2.callBlockingMethod(OzoneManagerProtocolProtos.java) [ozone-interface-client-1.3.0-SNAPSHOT.jar:?]
	at org.apache.hadoop.ipc.ProtobufRpcEngine$Server.processCall(ProtobufRpcEngine.java:466) [hadoop-common-3.3.1.jar:?]
	at org.apache.hadoop.ipc.ProtobufRpcEngine2$Server$ProtoBufRpcInvoker.call(ProtobufRpcEngine2.java:574) [hadoop-common-3.3.1.jar:?]
	at org.apache.hadoop.ipc.ProtobufRpcEngine2$Server$ProtoBufRpcInvoker.call(ProtobufRpcEngine2.java:552) [hadoop-common-3.3.1.jar:?]
	at org.apache.hadoop.ipc.RPC$Server.call(RPC.java:1093) [hadoop-common-3.3.1.jar:?]
	at org.apache.hadoop.ipc.Server$RpcCall.run(Server.java:1035) [hadoop-common-3.3.1.jar:?]
	at org.apache.hadoop.ipc.Server$RpcCall.run(Server.java:963) [hadoop-common-3.3.1.jar:?]
	at java.security.AccessController.doPrivileged(Native Method) ~[?:1.8.0_332]
	at javax.security.auth.Subject.doAs(Subject.java:422) [?:1.8.0_332]
	at org.apache.hadoop.security.UserGroupInformation.doAs(UserGroupInformation.java:1878) [hadoop-common-3.3.1.jar:?]
	at org.apache.hadoop.ipc.Server$Handler.run(Server.java:2966) [hadoop-common-3.3.1.jar:?]
01:47:44.100 [IPC Server handler 19 on default port 39159] ERROR OMAudit - user=runner | ip=127.0.0.1 | op=GET_FILE_STATUS {volume=volume55322, bucket=trashroottest2, key=.Trash, dataSize=0, replicationConfig=null} | ret=FAILURE
org.apache.hadoop.ozone.om.exceptions.OMException: Unable to get file status: volume: volume55322 bucket: trashroottest2 key: .Trash
	at org.apache.hadoop.ozone.om.KeyManagerImpl.getOzoneFileStatus(KeyManagerImpl.java:1311) ~[ozone-manager-1.3.0-SNAPSHOT.jar:?]
	at org.apache.hadoop.ozone.om.KeyManagerImpl.getFileStatus(KeyManagerImpl.java:1241) ~[ozone-manager-1.3.0-SNAPSHOT.jar:?]
	at org.apache.hadoop.ozone.om.OzoneManager.getFileStatus(OzoneManager.java:3467) ~[ozone-manager-1.3.0-SNAPSHOT.jar:?]
	at org.apache.hadoop.ozone.protocolPB.OzoneManagerRequestHandler.getOzoneFileStatus(OzoneManagerRequestHandler.java:878) ~[ozone-manager-1.3.0-SNAPSHOT.jar:?]
	at org.apache.hadoop.ozone.protocolPB.OzoneManagerRequestHandler.handleReadRequest(OzoneManagerRequestHandler.java:224) ~[ozone-manager-1.3.0-SNAPSHOT.jar:?]
	at org.apache.hadoop.ozone.protocolPB.OzoneManagerProtocolServerSideTranslatorPB.submitReadRequestToOM(OzoneManagerProtocolServerSideTranslatorPB.java:226) ~[ozone-manager-1.3.0-SNAPSHOT.jar:?]
	at org.apache.hadoop.ozone.protocolPB.OzoneManagerProtocolServerSideTranslatorPB.processRequest(OzoneManagerProtocolServerSideTranslatorPB.java:175) ~[ozone-manager-1.3.0-SNAPSHOT.jar:?]
	at org.apache.hadoop.hdds.server.OzoneProtocolMessageDispatcher.processRequest(OzoneProtocolMessageDispatcher.java:87) [hdds-server-framework-1.3.0-SNAPSHOT.jar:?]
	at org.apache.hadoop.ozone.protocolPB.OzoneManagerProtocolServerSideTranslatorPB.submitRequest(OzoneManagerProtocolServerSideTranslatorPB.java:147) [ozone-manager-1.3.0-SNAPSHOT.jar:?]
	at org.apache.hadoop.ozone.protocol.proto.OzoneManagerProtocolProtos$OzoneManagerService$2.callBlockingMethod(OzoneManagerProtocolProtos.java) [ozone-interface-client-1.3.0-SNAPSHOT.jar:?]
	at org.apache.hadoop.ipc.ProtobufRpcEngine$Server.processCall(ProtobufRpcEngine.java:466) [hadoop-common-3.3.1.jar:?]
	at org.apache.hadoop.ipc.ProtobufRpcEngine2$Server$ProtoBufRpcInvoker.call(ProtobufRpcEngine2.java:574) [hadoop-common-3.3.1.jar:?]
	at org.apache.hadoop.ipc.ProtobufRpcEngine2$Server$ProtoBufRpcInvoker.call(ProtobufRpcEngine2.java:552) [hadoop-common-3.3.1.jar:?]
	at org.apache.hadoop.ipc.RPC$Server.call(RPC.java:1093) [hadoop-common-3.3.1.jar:?]
	at org.apache.hadoop.ipc.Server$RpcCall.run(Server.java:1035) [hadoop-common-3.3.1.jar:?]
	at org.apache.hadoop.ipc.Server$RpcCall.run(Server.java:963) [hadoop-common-3.3.1.jar:?]
	at java.security.AccessController.doPrivileged(Native Method) ~[?:1.8.0_332]
	at javax.security.auth.Subject.doAs(Subject.java:422) [?:1.8.0_332]
	at org.apache.hadoop.security.UserGroupInformation.doAs(UserGroupInformation.java:1878) [hadoop-common-3.3.1.jar:?]
	at org.apache.hadoop.ipc.Server$Handler.run(Server.java:2966) [hadoop-common-3.3.1.jar:?]
01:47:44.133 [IPC Server handler 18 on default port 39159] ERROR OMAudit - user=runner | ip=127.0.0.1 | op=GET_FILE_STATUS {volume=92c39125-828c-44f2-bdba-603228f3d9ce, bucket=1b4215e0-d630-48e9-8498-9fe32c65ecdb, key=.Trash/runner, dataSize=0, replicationConfig=null} | ret=FAILURE
org.apache.hadoop.ozone.om.exceptions.OMException: Unable to get file status: volume: 92c39125-828c-44f2-bdba-603228f3d9ce bucket: 1b4215e0-d630-48e9-8498-9fe32c65ecdb key: .Trash/runner
	at org.apache.hadoop.ozone.om.KeyManagerImpl.getOzoneFileStatus(KeyManagerImpl.java:1311) ~[ozone-manager-1.3.0-SNAPSHOT.jar:?]
	at org.apache.hadoop.ozone.om.KeyManagerImpl.getFileStatus(KeyManagerImpl.java:1241) ~[ozone-manager-1.3.0-SNAPSHOT.jar:?]
	at org.apache.hadoop.ozone.om.OzoneManager.getFileStatus(OzoneManager.java:3467) ~[ozone-manager-1.3.0-SNAPSHOT.jar:?]
	at org.apache.hadoop.ozone.protocolPB.OzoneManagerRequestHandler.getOzoneFileStatus(OzoneManagerRequestHandler.java:878) ~[ozone-manager-1.3.0-SNAPSHOT.jar:?]
	at org.apache.hadoop.ozone.protocolPB.OzoneManagerRequestHandler.handleReadRequest(OzoneManagerRequestHandler.java:224) ~[ozone-manager-1.3.0-SNAPSHOT.jar:?]
	at org.apache.hadoop.ozone.protocolPB.OzoneManagerProtocolServerSideTranslatorPB.submitReadRequestToOM(OzoneManagerProtocolServerSideTranslatorPB.java:226) ~[ozone-manager-1.3.0-SNAPSHOT.jar:?]
	at org.apache.hadoop.ozone.protocolPB.OzoneManagerProtocolServerSideTranslatorPB.processRequest(OzoneManagerProtocolServerSideTranslatorPB.java:175) ~[ozone-manager-1.3.0-SNAPSHOT.jar:?]
	at org.apache.hadoop.hdds.server.OzoneProtocolMessageDispatcher.processRequest(OzoneProtocolMessageDispatcher.java:87) [hdds-server-framework-1.3.0-SNAPSHOT.jar:?]
	at org.apache.hadoop.ozone.protocolPB.OzoneManagerProtocolServerSideTranslatorPB.submitRequest(OzoneManagerProtocolServerSideTranslatorPB.java:147) [ozone-manager-1.3.0-SNAPSHOT.jar:?]
	at org.apache.hadoop.ozone.protocol.proto.OzoneManagerProtocolProtos$OzoneManagerService$2.callBlockingMethod(OzoneManagerProtocolProtos.java) [ozone-interface-client-1.3.0-SNAPSHOT.jar:?]
	at org.apache.hadoop.ipc.ProtobufRpcEngine$Server.processCall(ProtobufRpcEngine.java:466) [hadoop-common-3.3.1.jar:?]
	at org.apache.hadoop.ipc.ProtobufRpcEngine2$Server$ProtoBufRpcInvoker.call(ProtobufRpcEngine2.java:574) [hadoop-common-3.3.1.jar:?]
	at org.apache.hadoop.ipc.ProtobufRpcEngine2$Server$ProtoBufRpcInvoker.call(ProtobufRpcEngine2.java:552) [hadoop-common-3.3.1.jar:?]
	at org.apache.hadoop.ipc.RPC$Server.call(RPC.java:1093) [hadoop-common-3.3.1.jar:?]
	at org.apache.hadoop.ipc.Server$RpcCall.run(Server.java:1035) [hadoop-common-3.3.1.jar:?]
	at org.apache.hadoop.ipc.Server$RpcCall.run(Server.java:963) [hadoop-common-3.3.1.jar:?]
	at java.security.AccessController.doPrivileged(Native Method) ~[?:1.8.0_332]
	at javax.security.auth.Subject.doAs(Subject.java:422) [?:1.8.0_332]
	at org.apache.hadoop.security.UserGroupInformation.doAs(UserGroupInformation.java:1878) [hadoop-common-3.3.1.jar:?]
	at org.apache.hadoop.ipc.Server$Handler.run(Server.java:2966) [hadoop-common-3.3.1.jar:?]
01:47:44.137 [IPC Server handler 1 on default port 39159] ERROR OMAudit - user=runner | ip=127.0.0.1 | op=GET_FILE_STATUS {volume=volume55322, bucket=bucket24666, key=.Trash/runner, dataSize=0, replicationConfig=null} | ret=FAILURE
org.apache.hadoop.ozone.om.exceptions.OMException: Unable to get file status: volume: volume55322 bucket: bucket24666 key: .Trash/runner
	at org.apache.hadoop.ozone.om.KeyManagerImpl.getOzoneFileStatus(KeyManagerImpl.java:1311) ~[ozone-manager-1.3.0-SNAPSHOT.jar:?]
	at org.apache.hadoop.ozone.om.KeyManagerImpl.getFileStatus(KeyManagerImpl.java:1241) ~[ozone-manager-1.3.0-SNAPSHOT.jar:?]
	at org.apache.hadoop.ozone.om.OzoneManager.getFileStatus(OzoneManager.java:3467) ~[ozone-manager-1.3.0-SNAPSHOT.jar:?]
	at org.apache.hadoop.ozone.protocolPB.OzoneManagerRequestHandler.getOzoneFileStatus(OzoneManagerRequestHandler.java:878) ~[ozone-manager-1.3.0-SNAPSHOT.jar:?]
	at org.apache.hadoop.ozone.protocolPB.OzoneManagerRequestHandler.handleReadRequest(OzoneManagerRequestHandler.java:224) ~[ozone-manager-1.3.0-SNAPSHOT.jar:?]
	at org.apache.hadoop.ozone.protocolPB.OzoneManagerProtocolServerSideTranslatorPB.submitReadRequestToOM(OzoneManagerProtocolServerSideTranslatorPB.java:226) ~[ozone-manager-1.3.0-SNAPSHOT.jar:?]
	at org.apache.hadoop.ozone.protocolPB.OzoneManagerProtocolServerSideTranslatorPB.processRequest(OzoneManagerProtocolServerSideTranslatorPB.java:175) ~[ozone-manager-1.3.0-SNAPSHOT.jar:?]
	at org.apache.hadoop.hdds.server.OzoneProtocolMessageDispatcher.processRequest(OzoneProtocolMessageDispatcher.java:87) [hdds-server-framework-1.3.0-SNAPSHOT.jar:?]
	at org.apache.hadoop.ozone.protocolPB.OzoneManagerProtocolServerSideTranslatorPB.submitRequest(OzoneManagerProtocolServerSideTranslatorPB.java:147) [ozone-manager-1.3.0-SNAPSHOT.jar:?]
	at org.apache.hadoop.ozone.protocol.proto.OzoneManagerProtocolProtos$OzoneManagerService$2.callBlockingMethod(OzoneManagerProtocolProtos.java) [ozone-interface-client-1.3.0-SNAPSHOT.jar:?]
	at org.apache.hadoop.ipc.ProtobufRpcEngine$Server.processCall(ProtobufRpcEngine.java:466) [hadoop-common-3.3.1.jar:?]
	at org.apache.hadoop.ipc.ProtobufRpcEngine2$Server$ProtoBufRpcInvoker.call(ProtobufRpcEngine2.java:574) [hadoop-common-3.3.1.jar:?]
	at org.apache.hadoop.ipc.ProtobufRpcEngine2$Server$ProtoBufRpcInvoker.call(ProtobufRpcEngine2.java:552) [hadoop-common-3.3.1.jar:?]
	at org.apache.hadoop.ipc.RPC$Server.call(RPC.java:1093) [hadoop-common-3.3.1.jar:?]
	at org.apache.hadoop.ipc.Server$RpcCall.run(Server.java:1035) [hadoop-common-3.3.1.jar:?]
	at org.apache.hadoop.ipc.Server$RpcCall.run(Server.java:963) [hadoop-common-3.3.1.jar:?]
	at java.security.AccessController.doPrivileged(Native Method) ~[?:1.8.0_332]
	at javax.security.auth.Subject.doAs(Subject.java:422) [?:1.8.0_332]
	at org.apache.hadoop.security.UserGroupInformation.doAs(UserGroupInformation.java:1878) [hadoop-common-3.3.1.jar:?]
	at org.apache.hadoop.ipc.Server$Handler.run(Server.java:2966) [hadoop-common-3.3.1.jar:?]
2022-07-30 01:47:44,138 [UnderReplicatedQueueThreadThread] INFO  replication.UnderReplicatedProcessor (UnderReplicatedProcessor.java:processAll(85)) - Processed 0 under replicated containers, failed processing 0
01:47:44.143 [IPC Server handler 10 on default port 39159] ERROR OMAudit - user=runner | ip=127.0.0.1 | op=GET_FILE_STATUS {volume=92c39125-828c-44f2-bdba-603228f3d9ce, bucket=1b4215e0-d630-48e9-8498-9fe32c65ecdb, key=.Trash, dataSize=0, replicationConfig=null} | ret=FAILURE
org.apache.hadoop.ozone.om.exceptions.OMException: Unable to get file status: volume: 92c39125-828c-44f2-bdba-603228f3d9ce bucket: 1b4215e0-d630-48e9-8498-9fe32c65ecdb key: .Trash
	at org.apache.hadoop.ozone.om.KeyManagerImpl.getOzoneFileStatus(KeyManagerImpl.java:1311) ~[ozone-manager-1.3.0-SNAPSHOT.jar:?]
	at org.apache.hadoop.ozone.om.KeyManagerImpl.getFileStatus(KeyManagerImpl.java:1241) ~[ozone-manager-1.3.0-SNAPSHOT.jar:?]
	at org.apache.hadoop.ozone.om.OzoneManager.getFileStatus(OzoneManager.java:3467) ~[ozone-manager-1.3.0-SNAPSHOT.jar:?]
	at org.apache.hadoop.ozone.protocolPB.OzoneManagerRequestHandler.getOzoneFileStatus(OzoneManagerRequestHandler.java:878) ~[ozone-manager-1.3.0-SNAPSHOT.jar:?]
	at org.apache.hadoop.ozone.protocolPB.OzoneManagerRequestHandler.handleReadRequest(OzoneManagerRequestHandler.java:224) ~[ozone-manager-1.3.0-SNAPSHOT.jar:?]
	at org.apache.hadoop.ozone.protocolPB.OzoneManagerProtocolServerSideTranslatorPB.submitReadRequestToOM(OzoneManagerProtocolServerSideTranslatorPB.java:226) ~[ozone-manager-1.3.0-SNAPSHOT.jar:?]
	at org.apache.hadoop.ozone.protocolPB.OzoneManagerProtocolServerSideTranslatorPB.processRequest(OzoneManagerProtocolServerSideTranslatorPB.java:175) ~[ozone-manager-1.3.0-SNAPSHOT.jar:?]
	at org.apache.hadoop.hdds.server.OzoneProtocolMessageDispatcher.processRequest(OzoneProtocolMessageDispatcher.java:87) [hdds-server-framework-1.3.0-SNAPSHOT.jar:?]
	at org.apache.hadoop.ozone.protocolPB.OzoneManagerProtocolServerSideTranslatorPB.submitRequest(OzoneManagerProtocolServerSideTranslatorPB.java:147) [ozone-manager-1.3.0-SNAPSHOT.jar:?]
	at org.apache.hadoop.ozone.protocol.proto.OzoneManagerProtocolProtos$OzoneManagerService$2.callBlockingMethod(OzoneManagerProtocolProtos.java) [ozone-interface-client-1.3.0-SNAPSHOT.jar:?]
	at org.apache.hadoop.ipc.ProtobufRpcEngine$Server.processCall(ProtobufRpcEngine.java:466) [hadoop-common-3.3.1.jar:?]
	at org.apache.hadoop.ipc.ProtobufRpcEngine2$Server$ProtoBufRpcInvoker.call(ProtobufRpcEngine2.java:574) [hadoop-common-3.3.1.jar:?]
	at org.apache.hadoop.ipc.ProtobufRpcEngine2$Server$ProtoBufRpcInvoker.call(ProtobufRpcEngine2.java:552) [hadoop-common-3.3.1.jar:?]
	at org.apache.hadoop.ipc.RPC$Server.call(RPC.java:1093) [hadoop-common-3.3.1.jar:?]
	at org.apache.hadoop.ipc.Server$RpcCall.run(Server.java:1035) [hadoop-common-3.3.1.jar:?]
	at org.apache.hadoop.ipc.Server$RpcCall.run(Server.java:963) [hadoop-common-3.3.1.jar:?]
	at java.security.AccessController.doPrivileged(Native Method) ~[?:1.8.0_332]
	at javax.security.auth.Subject.doAs(Subject.java:422) [?:1.8.0_332]
	at org.apache.hadoop.security.UserGroupInformation.doAs(UserGroupInformation.java:1878) [hadoop-common-3.3.1.jar:?]
	at org.apache.hadoop.ipc.Server$Handler.run(Server.java:2966) [hadoop-common-3.3.1.jar:?]
2022-07-30 01:47:44,147 [OverReplicatedQueueThreadThread] INFO  replication.OverReplicatedProcessor (OverReplicatedProcessor.java:processAll(83)) - Processed 0 over replicated containers, failed processing 0
]]></system-out>
  </testcase>
  <testcase name="testGetTrashRoots" classname="TestRootedOzoneFileSystem" time="0.759">
    <system-out><![CDATA[2022-07-30 01:49:00,070 [ba3de65c-e6c9-495e-8613-4120736e14c0-server-thread1] INFO  ratis.XceiverServerRatis (XceiverServerRatis.java:handleLeaderChangedNotification(863)) - Leader change notification received for group: group-92A57C94F017 with new leaderId: 7e99fd26-7598-4594-b7f2-81741e43f67c
2022-07-30 01:49:00,070 [ba3de65c-e6c9-495e-8613-4120736e14c0-server-thread1] INFO  server.RaftServer$Division (ServerState.java:setLeader(287)) - ba3de65c-e6c9-495e-8613-4120736e14c0@group-92A57C94F017: change Leader from null to 7e99fd26-7598-4594-b7f2-81741e43f67c at term 3 for appendEntries, leader elected after 15664ms
2022-07-30 01:49:00,104 [ba3de65c-e6c9-495e-8613-4120736e14c0-server-thread1] INFO  server.RaftServer$Division (ServerState.java:setRaftConf(393)) - ba3de65c-e6c9-495e-8613-4120736e14c0@group-92A57C94F017: set configuration 0: [7e99fd26-7598-4594-b7f2-81741e43f67c|rpc:10.1.0.37:40277|dataStream:|priority:1, a8954817-1d70-4f19-b814-29be41487240|rpc:10.1.0.37:46247|dataStream:|priority:0, ba3de65c-e6c9-495e-8613-4120736e14c0|rpc:10.1.0.37:34507|dataStream:|priority:0], old=null
2022-07-30 01:49:00,104 [ba3de65c-e6c9-495e-8613-4120736e14c0-server-thread1] INFO  segmented.SegmentedRaftLogWorker (SegmentedRaftLogWorker.java:startLogSegment(425)) - ba3de65c-e6c9-495e-8613-4120736e14c0@group-92A57C94F017-SegmentedRaftLogWorker: Starting segment from index:0
2022-07-30 01:49:00,107 [ba3de65c-e6c9-495e-8613-4120736e14c0@group-92A57C94F017-SegmentedRaftLogWorker] INFO  segmented.SegmentedRaftLogWorker (SegmentedRaftLogWorker.java:execute(629)) - ba3de65c-e6c9-495e-8613-4120736e14c0@group-92A57C94F017-SegmentedRaftLogWorker: created new log segment /home/runner/work/ozone/ozone/hadoop-ozone/integration-test/target/test-dir/MiniOzoneClusterImpl-c8472f64-5143-4d61-85a0-9e96bab939e3/datanode-0/data/ratis/16f0266c-a4ab-40f2-a290-92a57c94f017/current/log_inprogress_0
2022-07-30 01:49:00,165 [Time-limited test] INFO  rpc.RpcClient (RpcClient.java:createVolume(468)) - Creating Volume: volume32912, with user36270 as owner and space quota set to -1 bytes, counts quota set to -1
2022-07-30 01:49:00,169 [OM StateMachine ApplyTransaction Thread - 0] INFO  volume.OMVolumeCreateRequest (OMVolumeCreateRequest.java:validateAndUpdateCache(195)) - created volume:volume32912 for user:user36270
2022-07-30 01:49:00,170 [Time-limited test] INFO  rpc.RpcClient (RpcClient.java:createBucket(671)) - Creating Bucket: volume32912/bucket69429, with bucket layout LEGACY, runner as owner, Versioning false, Storage Type set to DISK and Encryption set to false 
2022-07-30 01:49:00,172 [OM StateMachine ApplyTransaction Thread - 0] INFO  bucket.OMBucketCreateRequest (OMBucketCreateRequest.java:validateAndUpdateCache(260)) - created bucket: bucket69429 of layout LEGACY in volume: volume32912
01:49:00.177 [IPC Server handler 2 on default port 43571] ERROR OMAudit - user=runner | ip=127.0.0.1 | op=GET_FILE_STATUS {volume=volume32912, bucket=bucket69429, key=.Trash/runner, dataSize=0, replicationConfig=null} | ret=FAILURE
org.apache.hadoop.ozone.om.exceptions.OMException: Unable to get file status: volume: volume32912 bucket: bucket69429 key: .Trash/runner
	at org.apache.hadoop.ozone.om.KeyManagerImpl.getOzoneFileStatus(KeyManagerImpl.java:1311) ~[ozone-manager-1.3.0-SNAPSHOT.jar:?]
	at org.apache.hadoop.ozone.om.KeyManagerImpl.getFileStatus(KeyManagerImpl.java:1241) ~[ozone-manager-1.3.0-SNAPSHOT.jar:?]
	at org.apache.hadoop.ozone.om.OzoneManager.getFileStatus(OzoneManager.java:3467) ~[ozone-manager-1.3.0-SNAPSHOT.jar:?]
	at org.apache.hadoop.ozone.protocolPB.OzoneManagerRequestHandler.getOzoneFileStatus(OzoneManagerRequestHandler.java:878) ~[ozone-manager-1.3.0-SNAPSHOT.jar:?]
	at org.apache.hadoop.ozone.protocolPB.OzoneManagerRequestHandler.handleReadRequest(OzoneManagerRequestHandler.java:224) ~[ozone-manager-1.3.0-SNAPSHOT.jar:?]
	at org.apache.hadoop.ozone.protocolPB.OzoneManagerProtocolServerSideTranslatorPB.submitReadRequestToOM(OzoneManagerProtocolServerSideTranslatorPB.java:226) ~[ozone-manager-1.3.0-SNAPSHOT.jar:?]
	at org.apache.hadoop.ozone.protocolPB.OzoneManagerProtocolServerSideTranslatorPB.processRequest(OzoneManagerProtocolServerSideTranslatorPB.java:175) ~[ozone-manager-1.3.0-SNAPSHOT.jar:?]
	at org.apache.hadoop.hdds.server.OzoneProtocolMessageDispatcher.processRequest(OzoneProtocolMessageDispatcher.java:87) [hdds-server-framework-1.3.0-SNAPSHOT.jar:?]
	at org.apache.hadoop.ozone.protocolPB.OzoneManagerProtocolServerSideTranslatorPB.submitRequest(OzoneManagerProtocolServerSideTranslatorPB.java:147) [ozone-manager-1.3.0-SNAPSHOT.jar:?]
	at org.apache.hadoop.ozone.protocol.proto.OzoneManagerProtocolProtos$OzoneManagerService$2.callBlockingMethod(OzoneManagerProtocolProtos.java) [ozone-interface-client-1.3.0-SNAPSHOT.jar:?]
	at org.apache.hadoop.ipc.ProtobufRpcEngine$Server.processCall(ProtobufRpcEngine.java:466) [hadoop-common-3.3.1.jar:?]
	at org.apache.hadoop.ipc.ProtobufRpcEngine2$Server$ProtoBufRpcInvoker.call(ProtobufRpcEngine2.java:574) [hadoop-common-3.3.1.jar:?]
	at org.apache.hadoop.ipc.ProtobufRpcEngine2$Server$ProtoBufRpcInvoker.call(ProtobufRpcEngine2.java:552) [hadoop-common-3.3.1.jar:?]
	at org.apache.hadoop.ipc.RPC$Server.call(RPC.java:1093) [hadoop-common-3.3.1.jar:?]
	at org.apache.hadoop.ipc.Server$RpcCall.run(Server.java:1035) [hadoop-common-3.3.1.jar:?]
	at org.apache.hadoop.ipc.Server$RpcCall.run(Server.java:963) [hadoop-common-3.3.1.jar:?]
	at java.security.AccessController.doPrivileged(Native Method) ~[?:1.8.0_332]
	at javax.security.auth.Subject.doAs(Subject.java:422) [?:1.8.0_332]
	at org.apache.hadoop.security.UserGroupInformation.doAs(UserGroupInformation.java:1878) [hadoop-common-3.3.1.jar:?]
	at org.apache.hadoop.ipc.Server$Handler.run(Server.java:2966) [hadoop-common-3.3.1.jar:?]
01:49:00.180 [IPC Server handler 4 on default port 43571] ERROR OMAudit - user=runner | ip=127.0.0.1 | op=GET_FILE_STATUS {volume=6adbd127-2365-468b-9f85-93840348b1e8, bucket=cff6616f-7861-4ee1-97c4-37ad8a663048, key=.Trash, dataSize=0, replicationConfig=null} | ret=FAILURE
org.apache.hadoop.ozone.om.exceptions.OMException: Unable to get file status: volume: 6adbd127-2365-468b-9f85-93840348b1e8 bucket: cff6616f-7861-4ee1-97c4-37ad8a663048 key: .Trash
	at org.apache.hadoop.ozone.om.KeyManagerImpl.getOzoneFileStatus(KeyManagerImpl.java:1311) ~[ozone-manager-1.3.0-SNAPSHOT.jar:?]
	at org.apache.hadoop.ozone.om.KeyManagerImpl.getFileStatus(KeyManagerImpl.java:1241) ~[ozone-manager-1.3.0-SNAPSHOT.jar:?]
	at org.apache.hadoop.ozone.om.OzoneManager.getFileStatus(OzoneManager.java:3467) ~[ozone-manager-1.3.0-SNAPSHOT.jar:?]
	at org.apache.hadoop.ozone.protocolPB.OzoneManagerRequestHandler.getOzoneFileStatus(OzoneManagerRequestHandler.java:878) ~[ozone-manager-1.3.0-SNAPSHOT.jar:?]
	at org.apache.hadoop.ozone.protocolPB.OzoneManagerRequestHandler.handleReadRequest(OzoneManagerRequestHandler.java:224) ~[ozone-manager-1.3.0-SNAPSHOT.jar:?]
	at org.apache.hadoop.ozone.protocolPB.OzoneManagerProtocolServerSideTranslatorPB.submitReadRequestToOM(OzoneManagerProtocolServerSideTranslatorPB.java:226) ~[ozone-manager-1.3.0-SNAPSHOT.jar:?]
	at org.apache.hadoop.ozone.protocolPB.OzoneManagerProtocolServerSideTranslatorPB.processRequest(OzoneManagerProtocolServerSideTranslatorPB.java:175) ~[ozone-manager-1.3.0-SNAPSHOT.jar:?]
	at org.apache.hadoop.hdds.server.OzoneProtocolMessageDispatcher.processRequest(OzoneProtocolMessageDispatcher.java:87) [hdds-server-framework-1.3.0-SNAPSHOT.jar:?]
	at org.apache.hadoop.ozone.protocolPB.OzoneManagerProtocolServerSideTranslatorPB.submitRequest(OzoneManagerProtocolServerSideTranslatorPB.java:147) [ozone-manager-1.3.0-SNAPSHOT.jar:?]
	at org.apache.hadoop.ozone.protocol.proto.OzoneManagerProtocolProtos$OzoneManagerService$2.callBlockingMethod(OzoneManagerProtocolProtos.java) [ozone-interface-client-1.3.0-SNAPSHOT.jar:?]
	at org.apache.hadoop.ipc.ProtobufRpcEngine$Server.processCall(ProtobufRpcEngine.java:466) [hadoop-common-3.3.1.jar:?]
	at org.apache.hadoop.ipc.ProtobufRpcEngine2$Server$ProtoBufRpcInvoker.call(ProtobufRpcEngine2.java:574) [hadoop-common-3.3.1.jar:?]
	at org.apache.hadoop.ipc.ProtobufRpcEngine2$Server$ProtoBufRpcInvoker.call(ProtobufRpcEngine2.java:552) [hadoop-common-3.3.1.jar:?]
	at org.apache.hadoop.ipc.RPC$Server.call(RPC.java:1093) [hadoop-common-3.3.1.jar:?]
	at org.apache.hadoop.ipc.Server$RpcCall.run(Server.java:1035) [hadoop-common-3.3.1.jar:?]
	at org.apache.hadoop.ipc.Server$RpcCall.run(Server.java:963) [hadoop-common-3.3.1.jar:?]
	at java.security.AccessController.doPrivileged(Native Method) ~[?:1.8.0_332]
	at javax.security.auth.Subject.doAs(Subject.java:422) [?:1.8.0_332]
	at org.apache.hadoop.security.UserGroupInformation.doAs(UserGroupInformation.java:1878) [hadoop-common-3.3.1.jar:?]
	at org.apache.hadoop.ipc.Server$Handler.run(Server.java:2966) [hadoop-common-3.3.1.jar:?]
01:49:00.183 [IPC Server handler 10 on default port 43571] ERROR OMAudit - user=runner | ip=127.0.0.1 | op=GET_FILE_STATUS {volume=volume32912, bucket=bucket69429, key=.Trash, dataSize=0, replicationConfig=null} | ret=FAILURE
org.apache.hadoop.ozone.om.exceptions.OMException: Unable to get file status: volume: volume32912 bucket: bucket69429 key: .Trash
	at org.apache.hadoop.ozone.om.KeyManagerImpl.getOzoneFileStatus(KeyManagerImpl.java:1311) ~[ozone-manager-1.3.0-SNAPSHOT.jar:?]
	at org.apache.hadoop.ozone.om.KeyManagerImpl.getFileStatus(KeyManagerImpl.java:1241) ~[ozone-manager-1.3.0-SNAPSHOT.jar:?]
	at org.apache.hadoop.ozone.om.OzoneManager.getFileStatus(OzoneManager.java:3467) ~[ozone-manager-1.3.0-SNAPSHOT.jar:?]
	at org.apache.hadoop.ozone.protocolPB.OzoneManagerRequestHandler.getOzoneFileStatus(OzoneManagerRequestHandler.java:878) ~[ozone-manager-1.3.0-SNAPSHOT.jar:?]
	at org.apache.hadoop.ozone.protocolPB.OzoneManagerRequestHandler.handleReadRequest(OzoneManagerRequestHandler.java:224) ~[ozone-manager-1.3.0-SNAPSHOT.jar:?]
	at org.apache.hadoop.ozone.protocolPB.OzoneManagerProtocolServerSideTranslatorPB.submitReadRequestToOM(OzoneManagerProtocolServerSideTranslatorPB.java:226) ~[ozone-manager-1.3.0-SNAPSHOT.jar:?]
	at org.apache.hadoop.ozone.protocolPB.OzoneManagerProtocolServerSideTranslatorPB.processRequest(OzoneManagerProtocolServerSideTranslatorPB.java:175) ~[ozone-manager-1.3.0-SNAPSHOT.jar:?]
	at org.apache.hadoop.hdds.server.OzoneProtocolMessageDispatcher.processRequest(OzoneProtocolMessageDispatcher.java:87) [hdds-server-framework-1.3.0-SNAPSHOT.jar:?]
	at org.apache.hadoop.ozone.protocolPB.OzoneManagerProtocolServerSideTranslatorPB.submitRequest(OzoneManagerProtocolServerSideTranslatorPB.java:147) [ozone-manager-1.3.0-SNAPSHOT.jar:?]
	at org.apache.hadoop.ozone.protocol.proto.OzoneManagerProtocolProtos$OzoneManagerService$2.callBlockingMethod(OzoneManagerProtocolProtos.java) [ozone-interface-client-1.3.0-SNAPSHOT.jar:?]
	at org.apache.hadoop.ipc.ProtobufRpcEngine$Server.processCall(ProtobufRpcEngine.java:466) [hadoop-common-3.3.1.jar:?]
	at org.apache.hadoop.ipc.ProtobufRpcEngine2$Server$ProtoBufRpcInvoker.call(ProtobufRpcEngine2.java:574) [hadoop-common-3.3.1.jar:?]
	at org.apache.hadoop.ipc.ProtobufRpcEngine2$Server$ProtoBufRpcInvoker.call(ProtobufRpcEngine2.java:552) [hadoop-common-3.3.1.jar:?]
	at org.apache.hadoop.ipc.RPC$Server.call(RPC.java:1093) [hadoop-common-3.3.1.jar:?]
	at org.apache.hadoop.ipc.Server$RpcCall.run(Server.java:1035) [hadoop-common-3.3.1.jar:?]
	at org.apache.hadoop.ipc.Server$RpcCall.run(Server.java:963) [hadoop-common-3.3.1.jar:?]
	at java.security.AccessController.doPrivileged(Native Method) ~[?:1.8.0_332]
	at javax.security.auth.Subject.doAs(Subject.java:422) [?:1.8.0_332]
	at org.apache.hadoop.security.UserGroupInformation.doAs(UserGroupInformation.java:1878) [hadoop-common-3.3.1.jar:?]
	at org.apache.hadoop.ipc.Server$Handler.run(Server.java:2966) [hadoop-common-3.3.1.jar:?]
01:49:00.197 [IPC Server handler 11 on default port 43571] ERROR OMAudit - user=runner | ip=127.0.0.1 | op=GET_FILE_STATUS {volume=6adbd127-2365-468b-9f85-93840348b1e8, bucket=cff6616f-7861-4ee1-97c4-37ad8a663048, key=.Trash, dataSize=0, replicationConfig=null} | ret=FAILURE
org.apache.hadoop.ozone.om.exceptions.OMException: Unable to get file status: volume: 6adbd127-2365-468b-9f85-93840348b1e8 bucket: cff6616f-7861-4ee1-97c4-37ad8a663048 key: .Trash
	at org.apache.hadoop.ozone.om.KeyManagerImpl.getOzoneFileStatus(KeyManagerImpl.java:1311) ~[ozone-manager-1.3.0-SNAPSHOT.jar:?]
	at org.apache.hadoop.ozone.om.KeyManagerImpl.getFileStatus(KeyManagerImpl.java:1241) ~[ozone-manager-1.3.0-SNAPSHOT.jar:?]
	at org.apache.hadoop.ozone.om.OzoneManager.getFileStatus(OzoneManager.java:3467) ~[ozone-manager-1.3.0-SNAPSHOT.jar:?]
	at org.apache.hadoop.ozone.protocolPB.OzoneManagerRequestHandler.getOzoneFileStatus(OzoneManagerRequestHandler.java:878) ~[ozone-manager-1.3.0-SNAPSHOT.jar:?]
	at org.apache.hadoop.ozone.protocolPB.OzoneManagerRequestHandler.handleReadRequest(OzoneManagerRequestHandler.java:224) ~[ozone-manager-1.3.0-SNAPSHOT.jar:?]
	at org.apache.hadoop.ozone.protocolPB.OzoneManagerProtocolServerSideTranslatorPB.submitReadRequestToOM(OzoneManagerProtocolServerSideTranslatorPB.java:226) ~[ozone-manager-1.3.0-SNAPSHOT.jar:?]
	at org.apache.hadoop.ozone.protocolPB.OzoneManagerProtocolServerSideTranslatorPB.processRequest(OzoneManagerProtocolServerSideTranslatorPB.java:175) ~[ozone-manager-1.3.0-SNAPSHOT.jar:?]
	at org.apache.hadoop.hdds.server.OzoneProtocolMessageDispatcher.processRequest(OzoneProtocolMessageDispatcher.java:87) [hdds-server-framework-1.3.0-SNAPSHOT.jar:?]
	at org.apache.hadoop.ozone.protocolPB.OzoneManagerProtocolServerSideTranslatorPB.submitRequest(OzoneManagerProtocolServerSideTranslatorPB.java:147) [ozone-manager-1.3.0-SNAPSHOT.jar:?]
	at org.apache.hadoop.ozone.protocol.proto.OzoneManagerProtocolProtos$OzoneManagerService$2.callBlockingMethod(OzoneManagerProtocolProtos.java) [ozone-interface-client-1.3.0-SNAPSHOT.jar:?]
	at org.apache.hadoop.ipc.ProtobufRpcEngine$Server.processCall(ProtobufRpcEngine.java:466) [hadoop-common-3.3.1.jar:?]
	at org.apache.hadoop.ipc.ProtobufRpcEngine2$Server$ProtoBufRpcInvoker.call(ProtobufRpcEngine2.java:574) [hadoop-common-3.3.1.jar:?]
	at org.apache.hadoop.ipc.ProtobufRpcEngine2$Server$ProtoBufRpcInvoker.call(ProtobufRpcEngine2.java:552) [hadoop-common-3.3.1.jar:?]
	at org.apache.hadoop.ipc.RPC$Server.call(RPC.java:1093) [hadoop-common-3.3.1.jar:?]
	at org.apache.hadoop.ipc.Server$RpcCall.run(Server.java:1035) [hadoop-common-3.3.1.jar:?]
	at org.apache.hadoop.ipc.Server$RpcCall.run(Server.java:963) [hadoop-common-3.3.1.jar:?]
	at java.security.AccessController.doPrivileged(Native Method) ~[?:1.8.0_332]
	at javax.security.auth.Subject.doAs(Subject.java:422) [?:1.8.0_332]
	at org.apache.hadoop.security.UserGroupInformation.doAs(UserGroupInformation.java:1878) [hadoop-common-3.3.1.jar:?]
	at org.apache.hadoop.ipc.Server$Handler.run(Server.java:2966) [hadoop-common-3.3.1.jar:?]
01:49:00.229 [IPC Server handler 1 on default port 43571] ERROR OMAudit - user=runner | ip=127.0.0.1 | op=GET_FILE_STATUS {volume=6adbd127-2365-468b-9f85-93840348b1e8, bucket=cff6616f-7861-4ee1-97c4-37ad8a663048, key=.Trash, dataSize=0, replicationConfig=null} | ret=FAILURE
org.apache.hadoop.ozone.om.exceptions.OMException: Unable to get file status: volume: 6adbd127-2365-468b-9f85-93840348b1e8 bucket: cff6616f-7861-4ee1-97c4-37ad8a663048 key: .Trash
	at org.apache.hadoop.ozone.om.KeyManagerImpl.getOzoneFileStatus(KeyManagerImpl.java:1311) ~[ozone-manager-1.3.0-SNAPSHOT.jar:?]
	at org.apache.hadoop.ozone.om.KeyManagerImpl.getFileStatus(KeyManagerImpl.java:1241) ~[ozone-manager-1.3.0-SNAPSHOT.jar:?]
	at org.apache.hadoop.ozone.om.OzoneManager.getFileStatus(OzoneManager.java:3467) ~[ozone-manager-1.3.0-SNAPSHOT.jar:?]
	at org.apache.hadoop.ozone.protocolPB.OzoneManagerRequestHandler.getOzoneFileStatus(OzoneManagerRequestHandler.java:878) ~[ozone-manager-1.3.0-SNAPSHOT.jar:?]
	at org.apache.hadoop.ozone.protocolPB.OzoneManagerRequestHandler.handleReadRequest(OzoneManagerRequestHandler.java:224) ~[ozone-manager-1.3.0-SNAPSHOT.jar:?]
	at org.apache.hadoop.ozone.protocolPB.OzoneManagerProtocolServerSideTranslatorPB.submitReadRequestToOM(OzoneManagerProtocolServerSideTranslatorPB.java:226) ~[ozone-manager-1.3.0-SNAPSHOT.jar:?]
	at org.apache.hadoop.ozone.protocolPB.OzoneManagerProtocolServerSideTranslatorPB.processRequest(OzoneManagerProtocolServerSideTranslatorPB.java:175) ~[ozone-manager-1.3.0-SNAPSHOT.jar:?]
	at org.apache.hadoop.hdds.server.OzoneProtocolMessageDispatcher.processRequest(OzoneProtocolMessageDispatcher.java:87) [hdds-server-framework-1.3.0-SNAPSHOT.jar:?]
	at org.apache.hadoop.ozone.protocolPB.OzoneManagerProtocolServerSideTranslatorPB.submitRequest(OzoneManagerProtocolServerSideTranslatorPB.java:147) [ozone-manager-1.3.0-SNAPSHOT.jar:?]
	at org.apache.hadoop.ozone.protocol.proto.OzoneManagerProtocolProtos$OzoneManagerService$2.callBlockingMethod(OzoneManagerProtocolProtos.java) [ozone-interface-client-1.3.0-SNAPSHOT.jar:?]
	at org.apache.hadoop.ipc.ProtobufRpcEngine$Server.processCall(ProtobufRpcEngine.java:466) [hadoop-common-3.3.1.jar:?]
	at org.apache.hadoop.ipc.ProtobufRpcEngine2$Server$ProtoBufRpcInvoker.call(ProtobufRpcEngine2.java:574) [hadoop-common-3.3.1.jar:?]
	at org.apache.hadoop.ipc.ProtobufRpcEngine2$Server$ProtoBufRpcInvoker.call(ProtobufRpcEngine2.java:552) [hadoop-common-3.3.1.jar:?]
	at org.apache.hadoop.ipc.RPC$Server.call(RPC.java:1093) [hadoop-common-3.3.1.jar:?]
	at org.apache.hadoop.ipc.Server$RpcCall.run(Server.java:1035) [hadoop-common-3.3.1.jar:?]
	at org.apache.hadoop.ipc.Server$RpcCall.run(Server.java:963) [hadoop-common-3.3.1.jar:?]
	at java.security.AccessController.doPrivileged(Native Method) ~[?:1.8.0_332]
	at javax.security.auth.Subject.doAs(Subject.java:422) [?:1.8.0_332]
	at org.apache.hadoop.security.UserGroupInformation.doAs(UserGroupInformation.java:1878) [hadoop-common-3.3.1.jar:?]
	at org.apache.hadoop.ipc.Server$Handler.run(Server.java:2966) [hadoop-common-3.3.1.jar:?]
2022-07-30 01:49:00,240 [Time-limited test] INFO  rpc.RpcClient (RpcClient.java:createBucket(671)) - Creating Bucket: volume32912/trashroottest2, with bucket layout LEGACY, runner as owner, Versioning false, Storage Type set to DISK and Encryption set to false 
2022-07-30 01:49:00,241 [OM StateMachine ApplyTransaction Thread - 0] INFO  bucket.OMBucketCreateRequest (OMBucketCreateRequest.java:validateAndUpdateCache(260)) - created bucket: trashroottest2 of layout LEGACY in volume: volume32912
01:49:00.405 [IPC Server handler 18 on default port 43571] ERROR OMAudit - user=runner | ip=127.0.0.1 | op=GET_FILE_STATUS {volume=6adbd127-2365-468b-9f85-93840348b1e8, bucket=cff6616f-7861-4ee1-97c4-37ad8a663048, key=.Trash, dataSize=0, replicationConfig=null} | ret=FAILURE
org.apache.hadoop.ozone.om.exceptions.OMException: Unable to get file status: volume: 6adbd127-2365-468b-9f85-93840348b1e8 bucket: cff6616f-7861-4ee1-97c4-37ad8a663048 key: .Trash
	at org.apache.hadoop.ozone.om.KeyManagerImpl.getOzoneFileStatus(KeyManagerImpl.java:1311) ~[ozone-manager-1.3.0-SNAPSHOT.jar:?]
	at org.apache.hadoop.ozone.om.KeyManagerImpl.getFileStatus(KeyManagerImpl.java:1241) ~[ozone-manager-1.3.0-SNAPSHOT.jar:?]
	at org.apache.hadoop.ozone.om.OzoneManager.getFileStatus(OzoneManager.java:3467) ~[ozone-manager-1.3.0-SNAPSHOT.jar:?]
	at org.apache.hadoop.ozone.protocolPB.OzoneManagerRequestHandler.getOzoneFileStatus(OzoneManagerRequestHandler.java:878) ~[ozone-manager-1.3.0-SNAPSHOT.jar:?]
	at org.apache.hadoop.ozone.protocolPB.OzoneManagerRequestHandler.handleReadRequest(OzoneManagerRequestHandler.java:224) ~[ozone-manager-1.3.0-SNAPSHOT.jar:?]
	at org.apache.hadoop.ozone.protocolPB.OzoneManagerProtocolServerSideTranslatorPB.submitReadRequestToOM(OzoneManagerProtocolServerSideTranslatorPB.java:226) ~[ozone-manager-1.3.0-SNAPSHOT.jar:?]
	at org.apache.hadoop.ozone.protocolPB.OzoneManagerProtocolServerSideTranslatorPB.processRequest(OzoneManagerProtocolServerSideTranslatorPB.java:175) ~[ozone-manager-1.3.0-SNAPSHOT.jar:?]
	at org.apache.hadoop.hdds.server.OzoneProtocolMessageDispatcher.processRequest(OzoneProtocolMessageDispatcher.java:87) [hdds-server-framework-1.3.0-SNAPSHOT.jar:?]
	at org.apache.hadoop.ozone.protocolPB.OzoneManagerProtocolServerSideTranslatorPB.submitRequest(OzoneManagerProtocolServerSideTranslatorPB.java:147) [ozone-manager-1.3.0-SNAPSHOT.jar:?]
	at org.apache.hadoop.ozone.protocol.proto.OzoneManagerProtocolProtos$OzoneManagerService$2.callBlockingMethod(OzoneManagerProtocolProtos.java) [ozone-interface-client-1.3.0-SNAPSHOT.jar:?]
	at org.apache.hadoop.ipc.ProtobufRpcEngine$Server.processCall(ProtobufRpcEngine.java:466) [hadoop-common-3.3.1.jar:?]
	at org.apache.hadoop.ipc.ProtobufRpcEngine2$Server$ProtoBufRpcInvoker.call(ProtobufRpcEngine2.java:574) [hadoop-common-3.3.1.jar:?]
	at org.apache.hadoop.ipc.ProtobufRpcEngine2$Server$ProtoBufRpcInvoker.call(ProtobufRpcEngine2.java:552) [hadoop-common-3.3.1.jar:?]
	at org.apache.hadoop.ipc.RPC$Server.call(RPC.java:1093) [hadoop-common-3.3.1.jar:?]
	at org.apache.hadoop.ipc.Server$RpcCall.run(Server.java:1035) [hadoop-common-3.3.1.jar:?]
	at org.apache.hadoop.ipc.Server$RpcCall.run(Server.java:963) [hadoop-common-3.3.1.jar:?]
	at java.security.AccessController.doPrivileged(Native Method) ~[?:1.8.0_332]
	at javax.security.auth.Subject.doAs(Subject.java:422) [?:1.8.0_332]
	at org.apache.hadoop.security.UserGroupInformation.doAs(UserGroupInformation.java:1878) [hadoop-common-3.3.1.jar:?]
	at org.apache.hadoop.ipc.Server$Handler.run(Server.java:2966) [hadoop-common-3.3.1.jar:?]
01:49:00.453 [IPC Server handler 5 on default port 43571] ERROR OMAudit - user=runner | ip=127.0.0.1 | op=GET_FILE_STATUS {volume=6adbd127-2365-468b-9f85-93840348b1e8, bucket=cff6616f-7861-4ee1-97c4-37ad8a663048, key=.Trash, dataSize=0, replicationConfig=null} | ret=FAILURE
org.apache.hadoop.ozone.om.exceptions.OMException: Unable to get file status: volume: 6adbd127-2365-468b-9f85-93840348b1e8 bucket: cff6616f-7861-4ee1-97c4-37ad8a663048 key: .Trash
	at org.apache.hadoop.ozone.om.KeyManagerImpl.getOzoneFileStatus(KeyManagerImpl.java:1311) ~[ozone-manager-1.3.0-SNAPSHOT.jar:?]
	at org.apache.hadoop.ozone.om.KeyManagerImpl.getFileStatus(KeyManagerImpl.java:1241) ~[ozone-manager-1.3.0-SNAPSHOT.jar:?]
	at org.apache.hadoop.ozone.om.OzoneManager.getFileStatus(OzoneManager.java:3467) ~[ozone-manager-1.3.0-SNAPSHOT.jar:?]
	at org.apache.hadoop.ozone.protocolPB.OzoneManagerRequestHandler.getOzoneFileStatus(OzoneManagerRequestHandler.java:878) ~[ozone-manager-1.3.0-SNAPSHOT.jar:?]
	at org.apache.hadoop.ozone.protocolPB.OzoneManagerRequestHandler.handleReadRequest(OzoneManagerRequestHandler.java:224) ~[ozone-manager-1.3.0-SNAPSHOT.jar:?]
	at org.apache.hadoop.ozone.protocolPB.OzoneManagerProtocolServerSideTranslatorPB.submitReadRequestToOM(OzoneManagerProtocolServerSideTranslatorPB.java:226) ~[ozone-manager-1.3.0-SNAPSHOT.jar:?]
	at org.apache.hadoop.ozone.protocolPB.OzoneManagerProtocolServerSideTranslatorPB.processRequest(OzoneManagerProtocolServerSideTranslatorPB.java:175) ~[ozone-manager-1.3.0-SNAPSHOT.jar:?]
	at org.apache.hadoop.hdds.server.OzoneProtocolMessageDispatcher.processRequest(OzoneProtocolMessageDispatcher.java:87) [hdds-server-framework-1.3.0-SNAPSHOT.jar:?]
	at org.apache.hadoop.ozone.protocolPB.OzoneManagerProtocolServerSideTranslatorPB.submitRequest(OzoneManagerProtocolServerSideTranslatorPB.java:147) [ozone-manager-1.3.0-SNAPSHOT.jar:?]
	at org.apache.hadoop.ozone.protocol.proto.OzoneManagerProtocolProtos$OzoneManagerService$2.callBlockingMethod(OzoneManagerProtocolProtos.java) [ozone-interface-client-1.3.0-SNAPSHOT.jar:?]
	at org.apache.hadoop.ipc.ProtobufRpcEngine$Server.processCall(ProtobufRpcEngine.java:466) [hadoop-common-3.3.1.jar:?]
	at org.apache.hadoop.ipc.ProtobufRpcEngine2$Server$ProtoBufRpcInvoker.call(ProtobufRpcEngine2.java:574) [hadoop-common-3.3.1.jar:?]
	at org.apache.hadoop.ipc.ProtobufRpcEngine2$Server$ProtoBufRpcInvoker.call(ProtobufRpcEngine2.java:552) [hadoop-common-3.3.1.jar:?]
	at org.apache.hadoop.ipc.RPC$Server.call(RPC.java:1093) [hadoop-common-3.3.1.jar:?]
	at org.apache.hadoop.ipc.Server$RpcCall.run(Server.java:1035) [hadoop-common-3.3.1.jar:?]
	at org.apache.hadoop.ipc.Server$RpcCall.run(Server.java:963) [hadoop-common-3.3.1.jar:?]
	at java.security.AccessController.doPrivileged(Native Method) ~[?:1.8.0_332]
	at javax.security.auth.Subject.doAs(Subject.java:422) [?:1.8.0_332]
	at org.apache.hadoop.security.UserGroupInformation.doAs(UserGroupInformation.java:1878) [hadoop-common-3.3.1.jar:?]
	at org.apache.hadoop.ipc.Server$Handler.run(Server.java:2966) [hadoop-common-3.3.1.jar:?]
2022-07-30 01:49:00,517 [Time-limited test] INFO  rpc.RpcClient (RpcClient.java:createVolume(468)) - Creating Volume: volume56543, with user86822 as owner and space quota set to -1 bytes, counts quota set to -1
2022-07-30 01:49:00,523 [OM StateMachine ApplyTransaction Thread - 0] INFO  volume.OMVolumeCreateRequest (OMVolumeCreateRequest.java:validateAndUpdateCache(195)) - created volume:volume56543 for user:user86822
2022-07-30 01:49:00,524 [Time-limited test] INFO  rpc.RpcClient (RpcClient.java:createBucket(671)) - Creating Bucket: volume56543/bucket98742, with bucket layout LEGACY, runner as owner, Versioning false, Storage Type set to DISK and Encryption set to false 
2022-07-30 01:49:00,525 [OM StateMachine ApplyTransaction Thread - 0] INFO  bucket.OMBucketCreateRequest (OMBucketCreateRequest.java:validateAndUpdateCache(260)) - created bucket: bucket98742 of layout LEGACY in volume: volume56543
01:49:00.565 [IPC Server handler 2 on default port 43571] ERROR OMAudit - user=runner | ip=127.0.0.1 | op=GET_FILE_STATUS {volume=6adbd127-2365-468b-9f85-93840348b1e8, bucket=cff6616f-7861-4ee1-97c4-37ad8a663048, key=.Trash, dataSize=0, replicationConfig=null} | ret=FAILURE
org.apache.hadoop.ozone.om.exceptions.OMException: Unable to get file status: volume: 6adbd127-2365-468b-9f85-93840348b1e8 bucket: cff6616f-7861-4ee1-97c4-37ad8a663048 key: .Trash
	at org.apache.hadoop.ozone.om.KeyManagerImpl.getOzoneFileStatus(KeyManagerImpl.java:1311) ~[ozone-manager-1.3.0-SNAPSHOT.jar:?]
	at org.apache.hadoop.ozone.om.KeyManagerImpl.getFileStatus(KeyManagerImpl.java:1241) ~[ozone-manager-1.3.0-SNAPSHOT.jar:?]
	at org.apache.hadoop.ozone.om.OzoneManager.getFileStatus(OzoneManager.java:3467) ~[ozone-manager-1.3.0-SNAPSHOT.jar:?]
	at org.apache.hadoop.ozone.protocolPB.OzoneManagerRequestHandler.getOzoneFileStatus(OzoneManagerRequestHandler.java:878) ~[ozone-manager-1.3.0-SNAPSHOT.jar:?]
	at org.apache.hadoop.ozone.protocolPB.OzoneManagerRequestHandler.handleReadRequest(OzoneManagerRequestHandler.java:224) ~[ozone-manager-1.3.0-SNAPSHOT.jar:?]
	at org.apache.hadoop.ozone.protocolPB.OzoneManagerProtocolServerSideTranslatorPB.submitReadRequestToOM(OzoneManagerProtocolServerSideTranslatorPB.java:226) ~[ozone-manager-1.3.0-SNAPSHOT.jar:?]
	at org.apache.hadoop.ozone.protocolPB.OzoneManagerProtocolServerSideTranslatorPB.processRequest(OzoneManagerProtocolServerSideTranslatorPB.java:175) ~[ozone-manager-1.3.0-SNAPSHOT.jar:?]
	at org.apache.hadoop.hdds.server.OzoneProtocolMessageDispatcher.processRequest(OzoneProtocolMessageDispatcher.java:87) [hdds-server-framework-1.3.0-SNAPSHOT.jar:?]
	at org.apache.hadoop.ozone.protocolPB.OzoneManagerProtocolServerSideTranslatorPB.submitRequest(OzoneManagerProtocolServerSideTranslatorPB.java:147) [ozone-manager-1.3.0-SNAPSHOT.jar:?]
	at org.apache.hadoop.ozone.protocol.proto.OzoneManagerProtocolProtos$OzoneManagerService$2.callBlockingMethod(OzoneManagerProtocolProtos.java) [ozone-interface-client-1.3.0-SNAPSHOT.jar:?]
	at org.apache.hadoop.ipc.ProtobufRpcEngine$Server.processCall(ProtobufRpcEngine.java:466) [hadoop-common-3.3.1.jar:?]
	at org.apache.hadoop.ipc.ProtobufRpcEngine2$Server$ProtoBufRpcInvoker.call(ProtobufRpcEngine2.java:574) [hadoop-common-3.3.1.jar:?]
	at org.apache.hadoop.ipc.ProtobufRpcEngine2$Server$ProtoBufRpcInvoker.call(ProtobufRpcEngine2.java:552) [hadoop-common-3.3.1.jar:?]
	at org.apache.hadoop.ipc.RPC$Server.call(RPC.java:1093) [hadoop-common-3.3.1.jar:?]
	at org.apache.hadoop.ipc.Server$RpcCall.run(Server.java:1035) [hadoop-common-3.3.1.jar:?]
	at org.apache.hadoop.ipc.Server$RpcCall.run(Server.java:963) [hadoop-common-3.3.1.jar:?]
	at java.security.AccessController.doPrivileged(Native Method) ~[?:1.8.0_332]
	at javax.security.auth.Subject.doAs(Subject.java:422) [?:1.8.0_332]
	at org.apache.hadoop.security.UserGroupInformation.doAs(UserGroupInformation.java:1878) [hadoop-common-3.3.1.jar:?]
	at org.apache.hadoop.ipc.Server$Handler.run(Server.java:2966) [hadoop-common-3.3.1.jar:?]
01:49:00.615 [IPC Server handler 19 on default port 43571] ERROR OMAudit - user=runner | ip=127.0.0.1 | op=GET_FILE_STATUS {volume=6adbd127-2365-468b-9f85-93840348b1e8, bucket=cff6616f-7861-4ee1-97c4-37ad8a663048, key=.Trash, dataSize=0, replicationConfig=null} | ret=FAILURE
org.apache.hadoop.ozone.om.exceptions.OMException: Unable to get file status: volume: 6adbd127-2365-468b-9f85-93840348b1e8 bucket: cff6616f-7861-4ee1-97c4-37ad8a663048 key: .Trash
	at org.apache.hadoop.ozone.om.KeyManagerImpl.getOzoneFileStatus(KeyManagerImpl.java:1311) ~[ozone-manager-1.3.0-SNAPSHOT.jar:?]
	at org.apache.hadoop.ozone.om.KeyManagerImpl.getFileStatus(KeyManagerImpl.java:1241) ~[ozone-manager-1.3.0-SNAPSHOT.jar:?]
	at org.apache.hadoop.ozone.om.OzoneManager.getFileStatus(OzoneManager.java:3467) ~[ozone-manager-1.3.0-SNAPSHOT.jar:?]
	at org.apache.hadoop.ozone.protocolPB.OzoneManagerRequestHandler.getOzoneFileStatus(OzoneManagerRequestHandler.java:878) ~[ozone-manager-1.3.0-SNAPSHOT.jar:?]
	at org.apache.hadoop.ozone.protocolPB.OzoneManagerRequestHandler.handleReadRequest(OzoneManagerRequestHandler.java:224) ~[ozone-manager-1.3.0-SNAPSHOT.jar:?]
	at org.apache.hadoop.ozone.protocolPB.OzoneManagerProtocolServerSideTranslatorPB.submitReadRequestToOM(OzoneManagerProtocolServerSideTranslatorPB.java:226) ~[ozone-manager-1.3.0-SNAPSHOT.jar:?]
	at org.apache.hadoop.ozone.protocolPB.OzoneManagerProtocolServerSideTranslatorPB.processRequest(OzoneManagerProtocolServerSideTranslatorPB.java:175) ~[ozone-manager-1.3.0-SNAPSHOT.jar:?]
	at org.apache.hadoop.hdds.server.OzoneProtocolMessageDispatcher.processRequest(OzoneProtocolMessageDispatcher.java:87) [hdds-server-framework-1.3.0-SNAPSHOT.jar:?]
	at org.apache.hadoop.ozone.protocolPB.OzoneManagerProtocolServerSideTranslatorPB.submitRequest(OzoneManagerProtocolServerSideTranslatorPB.java:147) [ozone-manager-1.3.0-SNAPSHOT.jar:?]
	at org.apache.hadoop.ozone.protocol.proto.OzoneManagerProtocolProtos$OzoneManagerService$2.callBlockingMethod(OzoneManagerProtocolProtos.java) [ozone-interface-client-1.3.0-SNAPSHOT.jar:?]
	at org.apache.hadoop.ipc.ProtobufRpcEngine$Server.processCall(ProtobufRpcEngine.java:466) [hadoop-common-3.3.1.jar:?]
	at org.apache.hadoop.ipc.ProtobufRpcEngine2$Server$ProtoBufRpcInvoker.call(ProtobufRpcEngine2.java:574) [hadoop-common-3.3.1.jar:?]
	at org.apache.hadoop.ipc.ProtobufRpcEngine2$Server$ProtoBufRpcInvoker.call(ProtobufRpcEngine2.java:552) [hadoop-common-3.3.1.jar:?]
	at org.apache.hadoop.ipc.RPC$Server.call(RPC.java:1093) [hadoop-common-3.3.1.jar:?]
	at org.apache.hadoop.ipc.Server$RpcCall.run(Server.java:1035) [hadoop-common-3.3.1.jar:?]
	at org.apache.hadoop.ipc.Server$RpcCall.run(Server.java:963) [hadoop-common-3.3.1.jar:?]
	at java.security.AccessController.doPrivileged(Native Method) ~[?:1.8.0_332]
	at javax.security.auth.Subject.doAs(Subject.java:422) [?:1.8.0_332]
	at org.apache.hadoop.security.UserGroupInformation.doAs(UserGroupInformation.java:1878) [hadoop-common-3.3.1.jar:?]
	at org.apache.hadoop.ipc.Server$Handler.run(Server.java:2966) [hadoop-common-3.3.1.jar:?]
01:49:00.652 [IPC Server handler 9 on default port 43571] ERROR OMAudit - user=runner | ip=127.0.0.1 | op=GET_FILE_STATUS {volume=volume56543, bucket=bucket98742, key=.Trash/runner, dataSize=0, replicationConfig=null} | ret=FAILURE
org.apache.hadoop.ozone.om.exceptions.OMException: Unable to get file status: volume: volume56543 bucket: bucket98742 key: .Trash/runner
	at org.apache.hadoop.ozone.om.KeyManagerImpl.getOzoneFileStatus(KeyManagerImpl.java:1311) ~[ozone-manager-1.3.0-SNAPSHOT.jar:?]
	at org.apache.hadoop.ozone.om.KeyManagerImpl.getFileStatus(KeyManagerImpl.java:1241) ~[ozone-manager-1.3.0-SNAPSHOT.jar:?]
	at org.apache.hadoop.ozone.om.OzoneManager.getFileStatus(OzoneManager.java:3467) ~[ozone-manager-1.3.0-SNAPSHOT.jar:?]
	at org.apache.hadoop.ozone.protocolPB.OzoneManagerRequestHandler.getOzoneFileStatus(OzoneManagerRequestHandler.java:878) ~[ozone-manager-1.3.0-SNAPSHOT.jar:?]
	at org.apache.hadoop.ozone.protocolPB.OzoneManagerRequestHandler.handleReadRequest(OzoneManagerRequestHandler.java:224) ~[ozone-manager-1.3.0-SNAPSHOT.jar:?]
	at org.apache.hadoop.ozone.protocolPB.OzoneManagerProtocolServerSideTranslatorPB.submitReadRequestToOM(OzoneManagerProtocolServerSideTranslatorPB.java:226) ~[ozone-manager-1.3.0-SNAPSHOT.jar:?]
	at org.apache.hadoop.ozone.protocolPB.OzoneManagerProtocolServerSideTranslatorPB.processRequest(OzoneManagerProtocolServerSideTranslatorPB.java:175) ~[ozone-manager-1.3.0-SNAPSHOT.jar:?]
	at org.apache.hadoop.hdds.server.OzoneProtocolMessageDispatcher.processRequest(OzoneProtocolMessageDispatcher.java:87) [hdds-server-framework-1.3.0-SNAPSHOT.jar:?]
	at org.apache.hadoop.ozone.protocolPB.OzoneManagerProtocolServerSideTranslatorPB.submitRequest(OzoneManagerProtocolServerSideTranslatorPB.java:147) [ozone-manager-1.3.0-SNAPSHOT.jar:?]
	at org.apache.hadoop.ozone.protocol.proto.OzoneManagerProtocolProtos$OzoneManagerService$2.callBlockingMethod(OzoneManagerProtocolProtos.java) [ozone-interface-client-1.3.0-SNAPSHOT.jar:?]
	at org.apache.hadoop.ipc.ProtobufRpcEngine$Server.processCall(ProtobufRpcEngine.java:466) [hadoop-common-3.3.1.jar:?]
	at org.apache.hadoop.ipc.ProtobufRpcEngine2$Server$ProtoBufRpcInvoker.call(ProtobufRpcEngine2.java:574) [hadoop-common-3.3.1.jar:?]
	at org.apache.hadoop.ipc.ProtobufRpcEngine2$Server$ProtoBufRpcInvoker.call(ProtobufRpcEngine2.java:552) [hadoop-common-3.3.1.jar:?]
	at org.apache.hadoop.ipc.RPC$Server.call(RPC.java:1093) [hadoop-common-3.3.1.jar:?]
	at org.apache.hadoop.ipc.Server$RpcCall.run(Server.java:1035) [hadoop-common-3.3.1.jar:?]
	at org.apache.hadoop.ipc.Server$RpcCall.run(Server.java:963) [hadoop-common-3.3.1.jar:?]
	at java.security.AccessController.doPrivileged(Native Method) ~[?:1.8.0_332]
	at javax.security.auth.Subject.doAs(Subject.java:422) [?:1.8.0_332]
	at org.apache.hadoop.security.UserGroupInformation.doAs(UserGroupInformation.java:1878) [hadoop-common-3.3.1.jar:?]
	at org.apache.hadoop.ipc.Server$Handler.run(Server.java:2966) [hadoop-common-3.3.1.jar:?]
01:49:00.659 [IPC Server handler 6 on default port 43571] ERROR OMAudit - user=runner | ip=127.0.0.1 | op=GET_FILE_STATUS {volume=6adbd127-2365-468b-9f85-93840348b1e8, bucket=cff6616f-7861-4ee1-97c4-37ad8a663048, key=.Trash, dataSize=0, replicationConfig=null} | ret=FAILURE
org.apache.hadoop.ozone.om.exceptions.OMException: Unable to get file status: volume: 6adbd127-2365-468b-9f85-93840348b1e8 bucket: cff6616f-7861-4ee1-97c4-37ad8a663048 key: .Trash
	at org.apache.hadoop.ozone.om.KeyManagerImpl.getOzoneFileStatus(KeyManagerImpl.java:1311) ~[ozone-manager-1.3.0-SNAPSHOT.jar:?]
	at org.apache.hadoop.ozone.om.KeyManagerImpl.getFileStatus(KeyManagerImpl.java:1241) ~[ozone-manager-1.3.0-SNAPSHOT.jar:?]
	at org.apache.hadoop.ozone.om.OzoneManager.getFileStatus(OzoneManager.java:3467) ~[ozone-manager-1.3.0-SNAPSHOT.jar:?]
	at org.apache.hadoop.ozone.protocolPB.OzoneManagerRequestHandler.getOzoneFileStatus(OzoneManagerRequestHandler.java:878) ~[ozone-manager-1.3.0-SNAPSHOT.jar:?]
	at org.apache.hadoop.ozone.protocolPB.OzoneManagerRequestHandler.handleReadRequest(OzoneManagerRequestHandler.java:224) ~[ozone-manager-1.3.0-SNAPSHOT.jar:?]
	at org.apache.hadoop.ozone.protocolPB.OzoneManagerProtocolServerSideTranslatorPB.submitReadRequestToOM(OzoneManagerProtocolServerSideTranslatorPB.java:226) ~[ozone-manager-1.3.0-SNAPSHOT.jar:?]
	at org.apache.hadoop.ozone.protocolPB.OzoneManagerProtocolServerSideTranslatorPB.processRequest(OzoneManagerProtocolServerSideTranslatorPB.java:175) ~[ozone-manager-1.3.0-SNAPSHOT.jar:?]
	at org.apache.hadoop.hdds.server.OzoneProtocolMessageDispatcher.processRequest(OzoneProtocolMessageDispatcher.java:87) [hdds-server-framework-1.3.0-SNAPSHOT.jar:?]
	at org.apache.hadoop.ozone.protocolPB.OzoneManagerProtocolServerSideTranslatorPB.submitRequest(OzoneManagerProtocolServerSideTranslatorPB.java:147) [ozone-manager-1.3.0-SNAPSHOT.jar:?]
	at org.apache.hadoop.ozone.protocol.proto.OzoneManagerProtocolProtos$OzoneManagerService$2.callBlockingMethod(OzoneManagerProtocolProtos.java) [ozone-interface-client-1.3.0-SNAPSHOT.jar:?]
	at org.apache.hadoop.ipc.ProtobufRpcEngine$Server.processCall(ProtobufRpcEngine.java:466) [hadoop-common-3.3.1.jar:?]
	at org.apache.hadoop.ipc.ProtobufRpcEngine2$Server$ProtoBufRpcInvoker.call(ProtobufRpcEngine2.java:574) [hadoop-common-3.3.1.jar:?]
	at org.apache.hadoop.ipc.ProtobufRpcEngine2$Server$ProtoBufRpcInvoker.call(ProtobufRpcEngine2.java:552) [hadoop-common-3.3.1.jar:?]
	at org.apache.hadoop.ipc.RPC$Server.call(RPC.java:1093) [hadoop-common-3.3.1.jar:?]
	at org.apache.hadoop.ipc.Server$RpcCall.run(Server.java:1035) [hadoop-common-3.3.1.jar:?]
	at org.apache.hadoop.ipc.Server$RpcCall.run(Server.java:963) [hadoop-common-3.3.1.jar:?]
	at java.security.AccessController.doPrivileged(Native Method) ~[?:1.8.0_332]
	at javax.security.auth.Subject.doAs(Subject.java:422) [?:1.8.0_332]
	at org.apache.hadoop.security.UserGroupInformation.doAs(UserGroupInformation.java:1878) [hadoop-common-3.3.1.jar:?]
	at org.apache.hadoop.ipc.Server$Handler.run(Server.java:2966) [hadoop-common-3.3.1.jar:?]
01:49:00.674 [IPC Server handler 8 on default port 43571] ERROR OMAudit - user=runner | ip=127.0.0.1 | op=GET_FILE_STATUS {volume=volume56543, bucket=bucket98742, key=.Trash, dataSize=0, replicationConfig=null} | ret=FAILURE
org.apache.hadoop.ozone.om.exceptions.OMException: Unable to get file status: volume: volume56543 bucket: bucket98742 key: .Trash
	at org.apache.hadoop.ozone.om.KeyManagerImpl.getOzoneFileStatus(KeyManagerImpl.java:1311) ~[ozone-manager-1.3.0-SNAPSHOT.jar:?]
	at org.apache.hadoop.ozone.om.KeyManagerImpl.getFileStatus(KeyManagerImpl.java:1241) ~[ozone-manager-1.3.0-SNAPSHOT.jar:?]
	at org.apache.hadoop.ozone.om.OzoneManager.getFileStatus(OzoneManager.java:3467) ~[ozone-manager-1.3.0-SNAPSHOT.jar:?]
	at org.apache.hadoop.ozone.protocolPB.OzoneManagerRequestHandler.getOzoneFileStatus(OzoneManagerRequestHandler.java:878) ~[ozone-manager-1.3.0-SNAPSHOT.jar:?]
	at org.apache.hadoop.ozone.protocolPB.OzoneManagerRequestHandler.handleReadRequest(OzoneManagerRequestHandler.java:224) ~[ozone-manager-1.3.0-SNAPSHOT.jar:?]
	at org.apache.hadoop.ozone.protocolPB.OzoneManagerProtocolServerSideTranslatorPB.submitReadRequestToOM(OzoneManagerProtocolServerSideTranslatorPB.java:226) ~[ozone-manager-1.3.0-SNAPSHOT.jar:?]
	at org.apache.hadoop.ozone.protocolPB.OzoneManagerProtocolServerSideTranslatorPB.processRequest(OzoneManagerProtocolServerSideTranslatorPB.java:175) ~[ozone-manager-1.3.0-SNAPSHOT.jar:?]
	at org.apache.hadoop.hdds.server.OzoneProtocolMessageDispatcher.processRequest(OzoneProtocolMessageDispatcher.java:87) [hdds-server-framework-1.3.0-SNAPSHOT.jar:?]
	at org.apache.hadoop.ozone.protocolPB.OzoneManagerProtocolServerSideTranslatorPB.submitRequest(OzoneManagerProtocolServerSideTranslatorPB.java:147) [ozone-manager-1.3.0-SNAPSHOT.jar:?]
	at org.apache.hadoop.ozone.protocol.proto.OzoneManagerProtocolProtos$OzoneManagerService$2.callBlockingMethod(OzoneManagerProtocolProtos.java) [ozone-interface-client-1.3.0-SNAPSHOT.jar:?]
	at org.apache.hadoop.ipc.ProtobufRpcEngine$Server.processCall(ProtobufRpcEngine.java:466) [hadoop-common-3.3.1.jar:?]
	at org.apache.hadoop.ipc.ProtobufRpcEngine2$Server$ProtoBufRpcInvoker.call(ProtobufRpcEngine2.java:574) [hadoop-common-3.3.1.jar:?]
	at org.apache.hadoop.ipc.ProtobufRpcEngine2$Server$ProtoBufRpcInvoker.call(ProtobufRpcEngine2.java:552) [hadoop-common-3.3.1.jar:?]
	at org.apache.hadoop.ipc.RPC$Server.call(RPC.java:1093) [hadoop-common-3.3.1.jar:?]
	at org.apache.hadoop.ipc.Server$RpcCall.run(Server.java:1035) [hadoop-common-3.3.1.jar:?]
	at org.apache.hadoop.ipc.Server$RpcCall.run(Server.java:963) [hadoop-common-3.3.1.jar:?]
	at java.security.AccessController.doPrivileged(Native Method) ~[?:1.8.0_332]
	at javax.security.auth.Subject.doAs(Subject.java:422) [?:1.8.0_332]
	at org.apache.hadoop.security.UserGroupInformation.doAs(UserGroupInformation.java:1878) [hadoop-common-3.3.1.jar:?]
	at org.apache.hadoop.ipc.Server$Handler.run(Server.java:2966) [hadoop-common-3.3.1.jar:?]
01:49:00.692 [IPC Server handler 14 on default port 43571] ERROR OMAudit - user=runner | ip=127.0.0.1 | op=GET_FILE_STATUS {volume=volume32912, bucket=trashroottest2, key=.Trash/runner, dataSize=0, replicationConfig=null} | ret=FAILURE
org.apache.hadoop.ozone.om.exceptions.OMException: Unable to get file status: volume: volume32912 bucket: trashroottest2 key: .Trash/runner
	at org.apache.hadoop.ozone.om.KeyManagerImpl.getOzoneFileStatus(KeyManagerImpl.java:1311) ~[ozone-manager-1.3.0-SNAPSHOT.jar:?]
	at org.apache.hadoop.ozone.om.KeyManagerImpl.getFileStatus(KeyManagerImpl.java:1241) ~[ozone-manager-1.3.0-SNAPSHOT.jar:?]
	at org.apache.hadoop.ozone.om.OzoneManager.getFileStatus(OzoneManager.java:3467) ~[ozone-manager-1.3.0-SNAPSHOT.jar:?]
	at org.apache.hadoop.ozone.protocolPB.OzoneManagerRequestHandler.getOzoneFileStatus(OzoneManagerRequestHandler.java:878) ~[ozone-manager-1.3.0-SNAPSHOT.jar:?]
	at org.apache.hadoop.ozone.protocolPB.OzoneManagerRequestHandler.handleReadRequest(OzoneManagerRequestHandler.java:224) ~[ozone-manager-1.3.0-SNAPSHOT.jar:?]
	at org.apache.hadoop.ozone.protocolPB.OzoneManagerProtocolServerSideTranslatorPB.submitReadRequestToOM(OzoneManagerProtocolServerSideTranslatorPB.java:226) ~[ozone-manager-1.3.0-SNAPSHOT.jar:?]
	at org.apache.hadoop.ozone.protocolPB.OzoneManagerProtocolServerSideTranslatorPB.processRequest(OzoneManagerProtocolServerSideTranslatorPB.java:175) ~[ozone-manager-1.3.0-SNAPSHOT.jar:?]
	at org.apache.hadoop.hdds.server.OzoneProtocolMessageDispatcher.processRequest(OzoneProtocolMessageDispatcher.java:87) [hdds-server-framework-1.3.0-SNAPSHOT.jar:?]
	at org.apache.hadoop.ozone.protocolPB.OzoneManagerProtocolServerSideTranslatorPB.submitRequest(OzoneManagerProtocolServerSideTranslatorPB.java:147) [ozone-manager-1.3.0-SNAPSHOT.jar:?]
	at org.apache.hadoop.ozone.protocol.proto.OzoneManagerProtocolProtos$OzoneManagerService$2.callBlockingMethod(OzoneManagerProtocolProtos.java) [ozone-interface-client-1.3.0-SNAPSHOT.jar:?]
	at org.apache.hadoop.ipc.ProtobufRpcEngine$Server.processCall(ProtobufRpcEngine.java:466) [hadoop-common-3.3.1.jar:?]
	at org.apache.hadoop.ipc.ProtobufRpcEngine2$Server$ProtoBufRpcInvoker.call(ProtobufRpcEngine2.java:574) [hadoop-common-3.3.1.jar:?]
	at org.apache.hadoop.ipc.ProtobufRpcEngine2$Server$ProtoBufRpcInvoker.call(ProtobufRpcEngine2.java:552) [hadoop-common-3.3.1.jar:?]
	at org.apache.hadoop.ipc.RPC$Server.call(RPC.java:1093) [hadoop-common-3.3.1.jar:?]
	at org.apache.hadoop.ipc.Server$RpcCall.run(Server.java:1035) [hadoop-common-3.3.1.jar:?]
	at org.apache.hadoop.ipc.Server$RpcCall.run(Server.java:963) [hadoop-common-3.3.1.jar:?]
	at java.security.AccessController.doPrivileged(Native Method) ~[?:1.8.0_332]
	at javax.security.auth.Subject.doAs(Subject.java:422) [?:1.8.0_332]
	at org.apache.hadoop.security.UserGroupInformation.doAs(UserGroupInformation.java:1878) [hadoop-common-3.3.1.jar:?]
	at org.apache.hadoop.ipc.Server$Handler.run(Server.java:2966) [hadoop-common-3.3.1.jar:?]
01:49:00.694 [IPC Server handler 15 on default port 43571] ERROR OMAudit - user=runner | ip=127.0.0.1 | op=GET_FILE_STATUS {volume=volume56543, bucket=bucket98742, key=.Trash/runner, dataSize=0, replicationConfig=null} | ret=FAILURE
org.apache.hadoop.ozone.om.exceptions.OMException: Unable to get file status: volume: volume56543 bucket: bucket98742 key: .Trash/runner
	at org.apache.hadoop.ozone.om.KeyManagerImpl.getOzoneFileStatus(KeyManagerImpl.java:1311) ~[ozone-manager-1.3.0-SNAPSHOT.jar:?]
	at org.apache.hadoop.ozone.om.KeyManagerImpl.getFileStatus(KeyManagerImpl.java:1241) ~[ozone-manager-1.3.0-SNAPSHOT.jar:?]
	at org.apache.hadoop.ozone.om.OzoneManager.getFileStatus(OzoneManager.java:3467) ~[ozone-manager-1.3.0-SNAPSHOT.jar:?]
	at org.apache.hadoop.ozone.protocolPB.OzoneManagerRequestHandler.getOzoneFileStatus(OzoneManagerRequestHandler.java:878) ~[ozone-manager-1.3.0-SNAPSHOT.jar:?]
	at org.apache.hadoop.ozone.protocolPB.OzoneManagerRequestHandler.handleReadRequest(OzoneManagerRequestHandler.java:224) ~[ozone-manager-1.3.0-SNAPSHOT.jar:?]
	at org.apache.hadoop.ozone.protocolPB.OzoneManagerProtocolServerSideTranslatorPB.submitReadRequestToOM(OzoneManagerProtocolServerSideTranslatorPB.java:226) ~[ozone-manager-1.3.0-SNAPSHOT.jar:?]
	at org.apache.hadoop.ozone.protocolPB.OzoneManagerProtocolServerSideTranslatorPB.processRequest(OzoneManagerProtocolServerSideTranslatorPB.java:175) ~[ozone-manager-1.3.0-SNAPSHOT.jar:?]
	at org.apache.hadoop.hdds.server.OzoneProtocolMessageDispatcher.processRequest(OzoneProtocolMessageDispatcher.java:87) [hdds-server-framework-1.3.0-SNAPSHOT.jar:?]
	at org.apache.hadoop.ozone.protocolPB.OzoneManagerProtocolServerSideTranslatorPB.submitRequest(OzoneManagerProtocolServerSideTranslatorPB.java:147) [ozone-manager-1.3.0-SNAPSHOT.jar:?]
	at org.apache.hadoop.ozone.protocol.proto.OzoneManagerProtocolProtos$OzoneManagerService$2.callBlockingMethod(OzoneManagerProtocolProtos.java) [ozone-interface-client-1.3.0-SNAPSHOT.jar:?]
	at org.apache.hadoop.ipc.ProtobufRpcEngine$Server.processCall(ProtobufRpcEngine.java:466) [hadoop-common-3.3.1.jar:?]
	at org.apache.hadoop.ipc.ProtobufRpcEngine2$Server$ProtoBufRpcInvoker.call(ProtobufRpcEngine2.java:574) [hadoop-common-3.3.1.jar:?]
	at org.apache.hadoop.ipc.ProtobufRpcEngine2$Server$ProtoBufRpcInvoker.call(ProtobufRpcEngine2.java:552) [hadoop-common-3.3.1.jar:?]
	at org.apache.hadoop.ipc.RPC$Server.call(RPC.java:1093) [hadoop-common-3.3.1.jar:?]
	at org.apache.hadoop.ipc.Server$RpcCall.run(Server.java:1035) [hadoop-common-3.3.1.jar:?]
	at org.apache.hadoop.ipc.Server$RpcCall.run(Server.java:963) [hadoop-common-3.3.1.jar:?]
	at java.security.AccessController.doPrivileged(Native Method) ~[?:1.8.0_332]
	at javax.security.auth.Subject.doAs(Subject.java:422) [?:1.8.0_332]
	at org.apache.hadoop.security.UserGroupInformation.doAs(UserGroupInformation.java:1878) [hadoop-common-3.3.1.jar:?]
	at org.apache.hadoop.ipc.Server$Handler.run(Server.java:2966) [hadoop-common-3.3.1.jar:?]
01:49:00.697 [IPC Server handler 2 on default port 43571] ERROR OMAudit - user=runner | ip=127.0.0.1 | op=GET_FILE_STATUS {volume=6adbd127-2365-468b-9f85-93840348b1e8, bucket=cff6616f-7861-4ee1-97c4-37ad8a663048, key=.Trash, dataSize=0, replicationConfig=null} | ret=FAILURE
org.apache.hadoop.ozone.om.exceptions.OMException: Unable to get file status: volume: 6adbd127-2365-468b-9f85-93840348b1e8 bucket: cff6616f-7861-4ee1-97c4-37ad8a663048 key: .Trash
	at org.apache.hadoop.ozone.om.KeyManagerImpl.getOzoneFileStatus(KeyManagerImpl.java:1311) ~[ozone-manager-1.3.0-SNAPSHOT.jar:?]
	at org.apache.hadoop.ozone.om.KeyManagerImpl.getFileStatus(KeyManagerImpl.java:1241) ~[ozone-manager-1.3.0-SNAPSHOT.jar:?]
	at org.apache.hadoop.ozone.om.OzoneManager.getFileStatus(OzoneManager.java:3467) ~[ozone-manager-1.3.0-SNAPSHOT.jar:?]
	at org.apache.hadoop.ozone.protocolPB.OzoneManagerRequestHandler.getOzoneFileStatus(OzoneManagerRequestHandler.java:878) ~[ozone-manager-1.3.0-SNAPSHOT.jar:?]
	at org.apache.hadoop.ozone.protocolPB.OzoneManagerRequestHandler.handleReadRequest(OzoneManagerRequestHandler.java:224) ~[ozone-manager-1.3.0-SNAPSHOT.jar:?]
	at org.apache.hadoop.ozone.protocolPB.OzoneManagerProtocolServerSideTranslatorPB.submitReadRequestToOM(OzoneManagerProtocolServerSideTranslatorPB.java:226) ~[ozone-manager-1.3.0-SNAPSHOT.jar:?]
	at org.apache.hadoop.ozone.protocolPB.OzoneManagerProtocolServerSideTranslatorPB.processRequest(OzoneManagerProtocolServerSideTranslatorPB.java:175) ~[ozone-manager-1.3.0-SNAPSHOT.jar:?]
	at org.apache.hadoop.hdds.server.OzoneProtocolMessageDispatcher.processRequest(OzoneProtocolMessageDispatcher.java:87) [hdds-server-framework-1.3.0-SNAPSHOT.jar:?]
	at org.apache.hadoop.ozone.protocolPB.OzoneManagerProtocolServerSideTranslatorPB.submitRequest(OzoneManagerProtocolServerSideTranslatorPB.java:147) [ozone-manager-1.3.0-SNAPSHOT.jar:?]
	at org.apache.hadoop.ozone.protocol.proto.OzoneManagerProtocolProtos$OzoneManagerService$2.callBlockingMethod(OzoneManagerProtocolProtos.java) [ozone-interface-client-1.3.0-SNAPSHOT.jar:?]
	at org.apache.hadoop.ipc.ProtobufRpcEngine$Server.processCall(ProtobufRpcEngine.java:466) [hadoop-common-3.3.1.jar:?]
	at org.apache.hadoop.ipc.ProtobufRpcEngine2$Server$ProtoBufRpcInvoker.call(ProtobufRpcEngine2.java:574) [hadoop-common-3.3.1.jar:?]
	at org.apache.hadoop.ipc.ProtobufRpcEngine2$Server$ProtoBufRpcInvoker.call(ProtobufRpcEngine2.java:552) [hadoop-common-3.3.1.jar:?]
	at org.apache.hadoop.ipc.RPC$Server.call(RPC.java:1093) [hadoop-common-3.3.1.jar:?]
	at org.apache.hadoop.ipc.Server$RpcCall.run(Server.java:1035) [hadoop-common-3.3.1.jar:?]
	at org.apache.hadoop.ipc.Server$RpcCall.run(Server.java:963) [hadoop-common-3.3.1.jar:?]
	at java.security.AccessController.doPrivileged(Native Method) ~[?:1.8.0_332]
	at javax.security.auth.Subject.doAs(Subject.java:422) [?:1.8.0_332]
	at org.apache.hadoop.security.UserGroupInformation.doAs(UserGroupInformation.java:1878) [hadoop-common-3.3.1.jar:?]
	at org.apache.hadoop.ipc.Server$Handler.run(Server.java:2966) [hadoop-common-3.3.1.jar:?]
01:49:00.713 [IPC Server handler 15 on default port 43571] ERROR OMAudit - user=runner | ip=127.0.0.1 | op=GET_FILE_STATUS {volume=volume32912, bucket=trashroottest2, key=.Trash, dataSize=0, replicationConfig=null} | ret=FAILURE
org.apache.hadoop.ozone.om.exceptions.OMException: Unable to get file status: volume: volume32912 bucket: trashroottest2 key: .Trash
	at org.apache.hadoop.ozone.om.KeyManagerImpl.getOzoneFileStatus(KeyManagerImpl.java:1311) ~[ozone-manager-1.3.0-SNAPSHOT.jar:?]
	at org.apache.hadoop.ozone.om.KeyManagerImpl.getFileStatus(KeyManagerImpl.java:1241) ~[ozone-manager-1.3.0-SNAPSHOT.jar:?]
	at org.apache.hadoop.ozone.om.OzoneManager.getFileStatus(OzoneManager.java:3467) ~[ozone-manager-1.3.0-SNAPSHOT.jar:?]
	at org.apache.hadoop.ozone.protocolPB.OzoneManagerRequestHandler.getOzoneFileStatus(OzoneManagerRequestHandler.java:878) ~[ozone-manager-1.3.0-SNAPSHOT.jar:?]
	at org.apache.hadoop.ozone.protocolPB.OzoneManagerRequestHandler.handleReadRequest(OzoneManagerRequestHandler.java:224) ~[ozone-manager-1.3.0-SNAPSHOT.jar:?]
	at org.apache.hadoop.ozone.protocolPB.OzoneManagerProtocolServerSideTranslatorPB.submitReadRequestToOM(OzoneManagerProtocolServerSideTranslatorPB.java:226) ~[ozone-manager-1.3.0-SNAPSHOT.jar:?]
	at org.apache.hadoop.ozone.protocolPB.OzoneManagerProtocolServerSideTranslatorPB.processRequest(OzoneManagerProtocolServerSideTranslatorPB.java:175) ~[ozone-manager-1.3.0-SNAPSHOT.jar:?]
	at org.apache.hadoop.hdds.server.OzoneProtocolMessageDispatcher.processRequest(OzoneProtocolMessageDispatcher.java:87) [hdds-server-framework-1.3.0-SNAPSHOT.jar:?]
	at org.apache.hadoop.ozone.protocolPB.OzoneManagerProtocolServerSideTranslatorPB.submitRequest(OzoneManagerProtocolServerSideTranslatorPB.java:147) [ozone-manager-1.3.0-SNAPSHOT.jar:?]
	at org.apache.hadoop.ozone.protocol.proto.OzoneManagerProtocolProtos$OzoneManagerService$2.callBlockingMethod(OzoneManagerProtocolProtos.java) [ozone-interface-client-1.3.0-SNAPSHOT.jar:?]
	at org.apache.hadoop.ipc.ProtobufRpcEngine$Server.processCall(ProtobufRpcEngine.java:466) [hadoop-common-3.3.1.jar:?]
	at org.apache.hadoop.ipc.ProtobufRpcEngine2$Server$ProtoBufRpcInvoker.call(ProtobufRpcEngine2.java:574) [hadoop-common-3.3.1.jar:?]
	at org.apache.hadoop.ipc.ProtobufRpcEngine2$Server$ProtoBufRpcInvoker.call(ProtobufRpcEngine2.java:552) [hadoop-common-3.3.1.jar:?]
	at org.apache.hadoop.ipc.RPC$Server.call(RPC.java:1093) [hadoop-common-3.3.1.jar:?]
	at org.apache.hadoop.ipc.Server$RpcCall.run(Server.java:1035) [hadoop-common-3.3.1.jar:?]
	at org.apache.hadoop.ipc.Server$RpcCall.run(Server.java:963) [hadoop-common-3.3.1.jar:?]
	at java.security.AccessController.doPrivileged(Native Method) ~[?:1.8.0_332]
	at javax.security.auth.Subject.doAs(Subject.java:422) [?:1.8.0_332]
	at org.apache.hadoop.security.UserGroupInformation.doAs(UserGroupInformation.java:1878) [hadoop-common-3.3.1.jar:?]
	at org.apache.hadoop.ipc.Server$Handler.run(Server.java:2966) [hadoop-common-3.3.1.jar:?]
01:49:00.715 [IPC Server handler 9 on default port 43571] ERROR OMAudit - user=runner | ip=127.0.0.1 | op=GET_FILE_STATUS {volume=volume56543, bucket=bucket98742, key=.Trash, dataSize=0, replicationConfig=null} | ret=FAILURE
org.apache.hadoop.ozone.om.exceptions.OMException: Unable to get file status: volume: volume56543 bucket: bucket98742 key: .Trash
	at org.apache.hadoop.ozone.om.KeyManagerImpl.getOzoneFileStatus(KeyManagerImpl.java:1311) ~[ozone-manager-1.3.0-SNAPSHOT.jar:?]
	at org.apache.hadoop.ozone.om.KeyManagerImpl.getFileStatus(KeyManagerImpl.java:1241) ~[ozone-manager-1.3.0-SNAPSHOT.jar:?]
	at org.apache.hadoop.ozone.om.OzoneManager.getFileStatus(OzoneManager.java:3467) ~[ozone-manager-1.3.0-SNAPSHOT.jar:?]
	at org.apache.hadoop.ozone.protocolPB.OzoneManagerRequestHandler.getOzoneFileStatus(OzoneManagerRequestHandler.java:878) ~[ozone-manager-1.3.0-SNAPSHOT.jar:?]
	at org.apache.hadoop.ozone.protocolPB.OzoneManagerRequestHandler.handleReadRequest(OzoneManagerRequestHandler.java:224) ~[ozone-manager-1.3.0-SNAPSHOT.jar:?]
	at org.apache.hadoop.ozone.protocolPB.OzoneManagerProtocolServerSideTranslatorPB.submitReadRequestToOM(OzoneManagerProtocolServerSideTranslatorPB.java:226) ~[ozone-manager-1.3.0-SNAPSHOT.jar:?]
	at org.apache.hadoop.ozone.protocolPB.OzoneManagerProtocolServerSideTranslatorPB.processRequest(OzoneManagerProtocolServerSideTranslatorPB.java:175) ~[ozone-manager-1.3.0-SNAPSHOT.jar:?]
	at org.apache.hadoop.hdds.server.OzoneProtocolMessageDispatcher.processRequest(OzoneProtocolMessageDispatcher.java:87) [hdds-server-framework-1.3.0-SNAPSHOT.jar:?]
	at org.apache.hadoop.ozone.protocolPB.OzoneManagerProtocolServerSideTranslatorPB.submitRequest(OzoneManagerProtocolServerSideTranslatorPB.java:147) [ozone-manager-1.3.0-SNAPSHOT.jar:?]
	at org.apache.hadoop.ozone.protocol.proto.OzoneManagerProtocolProtos$OzoneManagerService$2.callBlockingMethod(OzoneManagerProtocolProtos.java) [ozone-interface-client-1.3.0-SNAPSHOT.jar:?]
	at org.apache.hadoop.ipc.ProtobufRpcEngine$Server.processCall(ProtobufRpcEngine.java:466) [hadoop-common-3.3.1.jar:?]
	at org.apache.hadoop.ipc.ProtobufRpcEngine2$Server$ProtoBufRpcInvoker.call(ProtobufRpcEngine2.java:574) [hadoop-common-3.3.1.jar:?]
	at org.apache.hadoop.ipc.ProtobufRpcEngine2$Server$ProtoBufRpcInvoker.call(ProtobufRpcEngine2.java:552) [hadoop-common-3.3.1.jar:?]
	at org.apache.hadoop.ipc.RPC$Server.call(RPC.java:1093) [hadoop-common-3.3.1.jar:?]
	at org.apache.hadoop.ipc.Server$RpcCall.run(Server.java:1035) [hadoop-common-3.3.1.jar:?]
	at org.apache.hadoop.ipc.Server$RpcCall.run(Server.java:963) [hadoop-common-3.3.1.jar:?]
	at java.security.AccessController.doPrivileged(Native Method) ~[?:1.8.0_332]
	at javax.security.auth.Subject.doAs(Subject.java:422) [?:1.8.0_332]
	at org.apache.hadoop.security.UserGroupInformation.doAs(UserGroupInformation.java:1878) [hadoop-common-3.3.1.jar:?]
	at org.apache.hadoop.ipc.Server$Handler.run(Server.java:2966) [hadoop-common-3.3.1.jar:?]
01:49:00.739 [IPC Server handler 0 on default port 43571] ERROR OMAudit - user=runner | ip=127.0.0.1 | op=GET_FILE_STATUS {volume=volume32912, bucket=trashroottest2, key=.Trash/runner, dataSize=0, replicationConfig=null} | ret=FAILURE
org.apache.hadoop.ozone.om.exceptions.OMException: Unable to get file status: volume: volume32912 bucket: trashroottest2 key: .Trash/runner
	at org.apache.hadoop.ozone.om.KeyManagerImpl.getOzoneFileStatus(KeyManagerImpl.java:1311) ~[ozone-manager-1.3.0-SNAPSHOT.jar:?]
	at org.apache.hadoop.ozone.om.KeyManagerImpl.getFileStatus(KeyManagerImpl.java:1241) ~[ozone-manager-1.3.0-SNAPSHOT.jar:?]
	at org.apache.hadoop.ozone.om.OzoneManager.getFileStatus(OzoneManager.java:3467) ~[ozone-manager-1.3.0-SNAPSHOT.jar:?]
	at org.apache.hadoop.ozone.protocolPB.OzoneManagerRequestHandler.getOzoneFileStatus(OzoneManagerRequestHandler.java:878) ~[ozone-manager-1.3.0-SNAPSHOT.jar:?]
	at org.apache.hadoop.ozone.protocolPB.OzoneManagerRequestHandler.handleReadRequest(OzoneManagerRequestHandler.java:224) ~[ozone-manager-1.3.0-SNAPSHOT.jar:?]
	at org.apache.hadoop.ozone.protocolPB.OzoneManagerProtocolServerSideTranslatorPB.submitReadRequestToOM(OzoneManagerProtocolServerSideTranslatorPB.java:226) ~[ozone-manager-1.3.0-SNAPSHOT.jar:?]
	at org.apache.hadoop.ozone.protocolPB.OzoneManagerProtocolServerSideTranslatorPB.processRequest(OzoneManagerProtocolServerSideTranslatorPB.java:175) ~[ozone-manager-1.3.0-SNAPSHOT.jar:?]
	at org.apache.hadoop.hdds.server.OzoneProtocolMessageDispatcher.processRequest(OzoneProtocolMessageDispatcher.java:87) [hdds-server-framework-1.3.0-SNAPSHOT.jar:?]
	at org.apache.hadoop.ozone.protocolPB.OzoneManagerProtocolServerSideTranslatorPB.submitRequest(OzoneManagerProtocolServerSideTranslatorPB.java:147) [ozone-manager-1.3.0-SNAPSHOT.jar:?]
	at org.apache.hadoop.ozone.protocol.proto.OzoneManagerProtocolProtos$OzoneManagerService$2.callBlockingMethod(OzoneManagerProtocolProtos.java) [ozone-interface-client-1.3.0-SNAPSHOT.jar:?]
	at org.apache.hadoop.ipc.ProtobufRpcEngine$Server.processCall(ProtobufRpcEngine.java:466) [hadoop-common-3.3.1.jar:?]
	at org.apache.hadoop.ipc.ProtobufRpcEngine2$Server$ProtoBufRpcInvoker.call(ProtobufRpcEngine2.java:574) [hadoop-common-3.3.1.jar:?]
	at org.apache.hadoop.ipc.ProtobufRpcEngine2$Server$ProtoBufRpcInvoker.call(ProtobufRpcEngine2.java:552) [hadoop-common-3.3.1.jar:?]
	at org.apache.hadoop.ipc.RPC$Server.call(RPC.java:1093) [hadoop-common-3.3.1.jar:?]
	at org.apache.hadoop.ipc.Server$RpcCall.run(Server.java:1035) [hadoop-common-3.3.1.jar:?]
	at org.apache.hadoop.ipc.Server$RpcCall.run(Server.java:963) [hadoop-common-3.3.1.jar:?]
	at java.security.AccessController.doPrivileged(Native Method) ~[?:1.8.0_332]
	at javax.security.auth.Subject.doAs(Subject.java:422) [?:1.8.0_332]
	at org.apache.hadoop.security.UserGroupInformation.doAs(UserGroupInformation.java:1878) [hadoop-common-3.3.1.jar:?]
	at org.apache.hadoop.ipc.Server$Handler.run(Server.java:2966) [hadoop-common-3.3.1.jar:?]
01:49:00.741 [IPC Server handler 8 on default port 43571] ERROR OMAudit - user=runner | ip=127.0.0.1 | op=GET_FILE_STATUS {volume=volume56543, bucket=bucket98742, key=.Trash/runner, dataSize=0, replicationConfig=null} | ret=FAILURE
org.apache.hadoop.ozone.om.exceptions.OMException: Unable to get file status: volume: volume56543 bucket: bucket98742 key: .Trash/runner
	at org.apache.hadoop.ozone.om.KeyManagerImpl.getOzoneFileStatus(KeyManagerImpl.java:1311) ~[ozone-manager-1.3.0-SNAPSHOT.jar:?]
	at org.apache.hadoop.ozone.om.KeyManagerImpl.getFileStatus(KeyManagerImpl.java:1241) ~[ozone-manager-1.3.0-SNAPSHOT.jar:?]
	at org.apache.hadoop.ozone.om.OzoneManager.getFileStatus(OzoneManager.java:3467) ~[ozone-manager-1.3.0-SNAPSHOT.jar:?]
	at org.apache.hadoop.ozone.protocolPB.OzoneManagerRequestHandler.getOzoneFileStatus(OzoneManagerRequestHandler.java:878) ~[ozone-manager-1.3.0-SNAPSHOT.jar:?]
	at org.apache.hadoop.ozone.protocolPB.OzoneManagerRequestHandler.handleReadRequest(OzoneManagerRequestHandler.java:224) ~[ozone-manager-1.3.0-SNAPSHOT.jar:?]
	at org.apache.hadoop.ozone.protocolPB.OzoneManagerProtocolServerSideTranslatorPB.submitReadRequestToOM(OzoneManagerProtocolServerSideTranslatorPB.java:226) ~[ozone-manager-1.3.0-SNAPSHOT.jar:?]
	at org.apache.hadoop.ozone.protocolPB.OzoneManagerProtocolServerSideTranslatorPB.processRequest(OzoneManagerProtocolServerSideTranslatorPB.java:175) ~[ozone-manager-1.3.0-SNAPSHOT.jar:?]
	at org.apache.hadoop.hdds.server.OzoneProtocolMessageDispatcher.processRequest(OzoneProtocolMessageDispatcher.java:87) [hdds-server-framework-1.3.0-SNAPSHOT.jar:?]
	at org.apache.hadoop.ozone.protocolPB.OzoneManagerProtocolServerSideTranslatorPB.submitRequest(OzoneManagerProtocolServerSideTranslatorPB.java:147) [ozone-manager-1.3.0-SNAPSHOT.jar:?]
	at org.apache.hadoop.ozone.protocol.proto.OzoneManagerProtocolProtos$OzoneManagerService$2.callBlockingMethod(OzoneManagerProtocolProtos.java) [ozone-interface-client-1.3.0-SNAPSHOT.jar:?]
	at org.apache.hadoop.ipc.ProtobufRpcEngine$Server.processCall(ProtobufRpcEngine.java:466) [hadoop-common-3.3.1.jar:?]
	at org.apache.hadoop.ipc.ProtobufRpcEngine2$Server$ProtoBufRpcInvoker.call(ProtobufRpcEngine2.java:574) [hadoop-common-3.3.1.jar:?]
	at org.apache.hadoop.ipc.ProtobufRpcEngine2$Server$ProtoBufRpcInvoker.call(ProtobufRpcEngine2.java:552) [hadoop-common-3.3.1.jar:?]
	at org.apache.hadoop.ipc.RPC$Server.call(RPC.java:1093) [hadoop-common-3.3.1.jar:?]
	at org.apache.hadoop.ipc.Server$RpcCall.run(Server.java:1035) [hadoop-common-3.3.1.jar:?]
	at org.apache.hadoop.ipc.Server$RpcCall.run(Server.java:963) [hadoop-common-3.3.1.jar:?]
	at java.security.AccessController.doPrivileged(Native Method) ~[?:1.8.0_332]
	at javax.security.auth.Subject.doAs(Subject.java:422) [?:1.8.0_332]
	at org.apache.hadoop.security.UserGroupInformation.doAs(UserGroupInformation.java:1878) [hadoop-common-3.3.1.jar:?]
	at org.apache.hadoop.ipc.Server$Handler.run(Server.java:2966) [hadoop-common-3.3.1.jar:?]
01:49:00.744 [IPC Server handler 10 on default port 43571] ERROR OMAudit - user=runner | ip=127.0.0.1 | op=GET_FILE_STATUS {volume=6adbd127-2365-468b-9f85-93840348b1e8, bucket=cff6616f-7861-4ee1-97c4-37ad8a663048, key=.Trash, dataSize=0, replicationConfig=null} | ret=FAILURE
org.apache.hadoop.ozone.om.exceptions.OMException: Unable to get file status: volume: 6adbd127-2365-468b-9f85-93840348b1e8 bucket: cff6616f-7861-4ee1-97c4-37ad8a663048 key: .Trash
	at org.apache.hadoop.ozone.om.KeyManagerImpl.getOzoneFileStatus(KeyManagerImpl.java:1311) ~[ozone-manager-1.3.0-SNAPSHOT.jar:?]
	at org.apache.hadoop.ozone.om.KeyManagerImpl.getFileStatus(KeyManagerImpl.java:1241) ~[ozone-manager-1.3.0-SNAPSHOT.jar:?]
	at org.apache.hadoop.ozone.om.OzoneManager.getFileStatus(OzoneManager.java:3467) ~[ozone-manager-1.3.0-SNAPSHOT.jar:?]
	at org.apache.hadoop.ozone.protocolPB.OzoneManagerRequestHandler.getOzoneFileStatus(OzoneManagerRequestHandler.java:878) ~[ozone-manager-1.3.0-SNAPSHOT.jar:?]
	at org.apache.hadoop.ozone.protocolPB.OzoneManagerRequestHandler.handleReadRequest(OzoneManagerRequestHandler.java:224) ~[ozone-manager-1.3.0-SNAPSHOT.jar:?]
	at org.apache.hadoop.ozone.protocolPB.OzoneManagerProtocolServerSideTranslatorPB.submitReadRequestToOM(OzoneManagerProtocolServerSideTranslatorPB.java:226) ~[ozone-manager-1.3.0-SNAPSHOT.jar:?]
	at org.apache.hadoop.ozone.protocolPB.OzoneManagerProtocolServerSideTranslatorPB.processRequest(OzoneManagerProtocolServerSideTranslatorPB.java:175) ~[ozone-manager-1.3.0-SNAPSHOT.jar:?]
	at org.apache.hadoop.hdds.server.OzoneProtocolMessageDispatcher.processRequest(OzoneProtocolMessageDispatcher.java:87) [hdds-server-framework-1.3.0-SNAPSHOT.jar:?]
	at org.apache.hadoop.ozone.protocolPB.OzoneManagerProtocolServerSideTranslatorPB.submitRequest(OzoneManagerProtocolServerSideTranslatorPB.java:147) [ozone-manager-1.3.0-SNAPSHOT.jar:?]
	at org.apache.hadoop.ozone.protocol.proto.OzoneManagerProtocolProtos$OzoneManagerService$2.callBlockingMethod(OzoneManagerProtocolProtos.java) [ozone-interface-client-1.3.0-SNAPSHOT.jar:?]
	at org.apache.hadoop.ipc.ProtobufRpcEngine$Server.processCall(ProtobufRpcEngine.java:466) [hadoop-common-3.3.1.jar:?]
	at org.apache.hadoop.ipc.ProtobufRpcEngine2$Server$ProtoBufRpcInvoker.call(ProtobufRpcEngine2.java:574) [hadoop-common-3.3.1.jar:?]
	at org.apache.hadoop.ipc.ProtobufRpcEngine2$Server$ProtoBufRpcInvoker.call(ProtobufRpcEngine2.java:552) [hadoop-common-3.3.1.jar:?]
	at org.apache.hadoop.ipc.RPC$Server.call(RPC.java:1093) [hadoop-common-3.3.1.jar:?]
	at org.apache.hadoop.ipc.Server$RpcCall.run(Server.java:1035) [hadoop-common-3.3.1.jar:?]
	at org.apache.hadoop.ipc.Server$RpcCall.run(Server.java:963) [hadoop-common-3.3.1.jar:?]
	at java.security.AccessController.doPrivileged(Native Method) ~[?:1.8.0_332]
	at javax.security.auth.Subject.doAs(Subject.java:422) [?:1.8.0_332]
	at org.apache.hadoop.security.UserGroupInformation.doAs(UserGroupInformation.java:1878) [hadoop-common-3.3.1.jar:?]
	at org.apache.hadoop.ipc.Server$Handler.run(Server.java:2966) [hadoop-common-3.3.1.jar:?]
01:49:00.756 [IPC Server handler 5 on default port 43571] ERROR OMAudit - user=runner | ip=127.0.0.1 | op=GET_FILE_STATUS {volume=volume32912, bucket=trashroottest2, key=.Trash, dataSize=0, replicationConfig=null} | ret=FAILURE
org.apache.hadoop.ozone.om.exceptions.OMException: Unable to get file status: volume: volume32912 bucket: trashroottest2 key: .Trash
	at org.apache.hadoop.ozone.om.KeyManagerImpl.getOzoneFileStatus(KeyManagerImpl.java:1311) ~[ozone-manager-1.3.0-SNAPSHOT.jar:?]
	at org.apache.hadoop.ozone.om.KeyManagerImpl.getFileStatus(KeyManagerImpl.java:1241) ~[ozone-manager-1.3.0-SNAPSHOT.jar:?]
	at org.apache.hadoop.ozone.om.OzoneManager.getFileStatus(OzoneManager.java:3467) ~[ozone-manager-1.3.0-SNAPSHOT.jar:?]
	at org.apache.hadoop.ozone.protocolPB.OzoneManagerRequestHandler.getOzoneFileStatus(OzoneManagerRequestHandler.java:878) ~[ozone-manager-1.3.0-SNAPSHOT.jar:?]
	at org.apache.hadoop.ozone.protocolPB.OzoneManagerRequestHandler.handleReadRequest(OzoneManagerRequestHandler.java:224) ~[ozone-manager-1.3.0-SNAPSHOT.jar:?]
	at org.apache.hadoop.ozone.protocolPB.OzoneManagerProtocolServerSideTranslatorPB.submitReadRequestToOM(OzoneManagerProtocolServerSideTranslatorPB.java:226) ~[ozone-manager-1.3.0-SNAPSHOT.jar:?]
	at org.apache.hadoop.ozone.protocolPB.OzoneManagerProtocolServerSideTranslatorPB.processRequest(OzoneManagerProtocolServerSideTranslatorPB.java:175) ~[ozone-manager-1.3.0-SNAPSHOT.jar:?]
	at org.apache.hadoop.hdds.server.OzoneProtocolMessageDispatcher.processRequest(OzoneProtocolMessageDispatcher.java:87) [hdds-server-framework-1.3.0-SNAPSHOT.jar:?]
	at org.apache.hadoop.ozone.protocolPB.OzoneManagerProtocolServerSideTranslatorPB.submitRequest(OzoneManagerProtocolServerSideTranslatorPB.java:147) [ozone-manager-1.3.0-SNAPSHOT.jar:?]
	at org.apache.hadoop.ozone.protocol.proto.OzoneManagerProtocolProtos$OzoneManagerService$2.callBlockingMethod(OzoneManagerProtocolProtos.java) [ozone-interface-client-1.3.0-SNAPSHOT.jar:?]
	at org.apache.hadoop.ipc.ProtobufRpcEngine$Server.processCall(ProtobufRpcEngine.java:466) [hadoop-common-3.3.1.jar:?]
	at org.apache.hadoop.ipc.ProtobufRpcEngine2$Server$ProtoBufRpcInvoker.call(ProtobufRpcEngine2.java:574) [hadoop-common-3.3.1.jar:?]
	at org.apache.hadoop.ipc.ProtobufRpcEngine2$Server$ProtoBufRpcInvoker.call(ProtobufRpcEngine2.java:552) [hadoop-common-3.3.1.jar:?]
	at org.apache.hadoop.ipc.RPC$Server.call(RPC.java:1093) [hadoop-common-3.3.1.jar:?]
	at org.apache.hadoop.ipc.Server$RpcCall.run(Server.java:1035) [hadoop-common-3.3.1.jar:?]
	at org.apache.hadoop.ipc.Server$RpcCall.run(Server.java:963) [hadoop-common-3.3.1.jar:?]
	at java.security.AccessController.doPrivileged(Native Method) ~[?:1.8.0_332]
	at javax.security.auth.Subject.doAs(Subject.java:422) [?:1.8.0_332]
	at org.apache.hadoop.security.UserGroupInformation.doAs(UserGroupInformation.java:1878) [hadoop-common-3.3.1.jar:?]
	at org.apache.hadoop.ipc.Server$Handler.run(Server.java:2966) [hadoop-common-3.3.1.jar:?]
01:49:00.765 [IPC Server handler 4 on default port 43571] ERROR OMAudit - user=runner | ip=127.0.0.1 | op=GET_FILE_STATUS {volume=volume56543, bucket=bucket98742, key=.Trash, dataSize=0, replicationConfig=null} | ret=FAILURE
org.apache.hadoop.ozone.om.exceptions.OMException: Unable to get file status: volume: volume56543 bucket: bucket98742 key: .Trash
	at org.apache.hadoop.ozone.om.KeyManagerImpl.getOzoneFileStatus(KeyManagerImpl.java:1311) ~[ozone-manager-1.3.0-SNAPSHOT.jar:?]
	at org.apache.hadoop.ozone.om.KeyManagerImpl.getFileStatus(KeyManagerImpl.java:1241) ~[ozone-manager-1.3.0-SNAPSHOT.jar:?]
	at org.apache.hadoop.ozone.om.OzoneManager.getFileStatus(OzoneManager.java:3467) ~[ozone-manager-1.3.0-SNAPSHOT.jar:?]
	at org.apache.hadoop.ozone.protocolPB.OzoneManagerRequestHandler.getOzoneFileStatus(OzoneManagerRequestHandler.java:878) ~[ozone-manager-1.3.0-SNAPSHOT.jar:?]
	at org.apache.hadoop.ozone.protocolPB.OzoneManagerRequestHandler.handleReadRequest(OzoneManagerRequestHandler.java:224) ~[ozone-manager-1.3.0-SNAPSHOT.jar:?]
	at org.apache.hadoop.ozone.protocolPB.OzoneManagerProtocolServerSideTranslatorPB.submitReadRequestToOM(OzoneManagerProtocolServerSideTranslatorPB.java:226) ~[ozone-manager-1.3.0-SNAPSHOT.jar:?]
	at org.apache.hadoop.ozone.protocolPB.OzoneManagerProtocolServerSideTranslatorPB.processRequest(OzoneManagerProtocolServerSideTranslatorPB.java:175) ~[ozone-manager-1.3.0-SNAPSHOT.jar:?]
	at org.apache.hadoop.hdds.server.OzoneProtocolMessageDispatcher.processRequest(OzoneProtocolMessageDispatcher.java:87) [hdds-server-framework-1.3.0-SNAPSHOT.jar:?]
	at org.apache.hadoop.ozone.protocolPB.OzoneManagerProtocolServerSideTranslatorPB.submitRequest(OzoneManagerProtocolServerSideTranslatorPB.java:147) [ozone-manager-1.3.0-SNAPSHOT.jar:?]
	at org.apache.hadoop.ozone.protocol.proto.OzoneManagerProtocolProtos$OzoneManagerService$2.callBlockingMethod(OzoneManagerProtocolProtos.java) [ozone-interface-client-1.3.0-SNAPSHOT.jar:?]
	at org.apache.hadoop.ipc.ProtobufRpcEngine$Server.processCall(ProtobufRpcEngine.java:466) [hadoop-common-3.3.1.jar:?]
	at org.apache.hadoop.ipc.ProtobufRpcEngine2$Server$ProtoBufRpcInvoker.call(ProtobufRpcEngine2.java:574) [hadoop-common-3.3.1.jar:?]
	at org.apache.hadoop.ipc.ProtobufRpcEngine2$Server$ProtoBufRpcInvoker.call(ProtobufRpcEngine2.java:552) [hadoop-common-3.3.1.jar:?]
	at org.apache.hadoop.ipc.RPC$Server.call(RPC.java:1093) [hadoop-common-3.3.1.jar:?]
	at org.apache.hadoop.ipc.Server$RpcCall.run(Server.java:1035) [hadoop-common-3.3.1.jar:?]
	at org.apache.hadoop.ipc.Server$RpcCall.run(Server.java:963) [hadoop-common-3.3.1.jar:?]
	at java.security.AccessController.doPrivileged(Native Method) ~[?:1.8.0_332]
	at javax.security.auth.Subject.doAs(Subject.java:422) [?:1.8.0_332]
	at org.apache.hadoop.security.UserGroupInformation.doAs(UserGroupInformation.java:1878) [hadoop-common-3.3.1.jar:?]
	at org.apache.hadoop.ipc.Server$Handler.run(Server.java:2966) [hadoop-common-3.3.1.jar:?]
01:49:00.794 [IPC Server handler 12 on default port 43571] ERROR OMAudit - user=runner | ip=127.0.0.1 | op=GET_FILE_STATUS {volume=volume32912, bucket=bucket69429, key=.Trash/runner, dataSize=0, replicationConfig=null} | ret=FAILURE
org.apache.hadoop.ozone.om.exceptions.OMException: Unable to get file status: volume: volume32912 bucket: bucket69429 key: .Trash/runner
	at org.apache.hadoop.ozone.om.KeyManagerImpl.getOzoneFileStatus(KeyManagerImpl.java:1311) ~[ozone-manager-1.3.0-SNAPSHOT.jar:?]
	at org.apache.hadoop.ozone.om.KeyManagerImpl.getFileStatus(KeyManagerImpl.java:1241) ~[ozone-manager-1.3.0-SNAPSHOT.jar:?]
	at org.apache.hadoop.ozone.om.OzoneManager.getFileStatus(OzoneManager.java:3467) ~[ozone-manager-1.3.0-SNAPSHOT.jar:?]
	at org.apache.hadoop.ozone.protocolPB.OzoneManagerRequestHandler.getOzoneFileStatus(OzoneManagerRequestHandler.java:878) ~[ozone-manager-1.3.0-SNAPSHOT.jar:?]
	at org.apache.hadoop.ozone.protocolPB.OzoneManagerRequestHandler.handleReadRequest(OzoneManagerRequestHandler.java:224) ~[ozone-manager-1.3.0-SNAPSHOT.jar:?]
	at org.apache.hadoop.ozone.protocolPB.OzoneManagerProtocolServerSideTranslatorPB.submitReadRequestToOM(OzoneManagerProtocolServerSideTranslatorPB.java:226) ~[ozone-manager-1.3.0-SNAPSHOT.jar:?]
	at org.apache.hadoop.ozone.protocolPB.OzoneManagerProtocolServerSideTranslatorPB.processRequest(OzoneManagerProtocolServerSideTranslatorPB.java:175) ~[ozone-manager-1.3.0-SNAPSHOT.jar:?]
	at org.apache.hadoop.hdds.server.OzoneProtocolMessageDispatcher.processRequest(OzoneProtocolMessageDispatcher.java:87) [hdds-server-framework-1.3.0-SNAPSHOT.jar:?]
	at org.apache.hadoop.ozone.protocolPB.OzoneManagerProtocolServerSideTranslatorPB.submitRequest(OzoneManagerProtocolServerSideTranslatorPB.java:147) [ozone-manager-1.3.0-SNAPSHOT.jar:?]
	at org.apache.hadoop.ozone.protocol.proto.OzoneManagerProtocolProtos$OzoneManagerService$2.callBlockingMethod(OzoneManagerProtocolProtos.java) [ozone-interface-client-1.3.0-SNAPSHOT.jar:?]
	at org.apache.hadoop.ipc.ProtobufRpcEngine$Server.processCall(ProtobufRpcEngine.java:466) [hadoop-common-3.3.1.jar:?]
	at org.apache.hadoop.ipc.ProtobufRpcEngine2$Server$ProtoBufRpcInvoker.call(ProtobufRpcEngine2.java:574) [hadoop-common-3.3.1.jar:?]
	at org.apache.hadoop.ipc.ProtobufRpcEngine2$Server$ProtoBufRpcInvoker.call(ProtobufRpcEngine2.java:552) [hadoop-common-3.3.1.jar:?]
	at org.apache.hadoop.ipc.RPC$Server.call(RPC.java:1093) [hadoop-common-3.3.1.jar:?]
	at org.apache.hadoop.ipc.Server$RpcCall.run(Server.java:1035) [hadoop-common-3.3.1.jar:?]
	at org.apache.hadoop.ipc.Server$RpcCall.run(Server.java:963) [hadoop-common-3.3.1.jar:?]
	at java.security.AccessController.doPrivileged(Native Method) ~[?:1.8.0_332]
	at javax.security.auth.Subject.doAs(Subject.java:422) [?:1.8.0_332]
	at org.apache.hadoop.security.UserGroupInformation.doAs(UserGroupInformation.java:1878) [hadoop-common-3.3.1.jar:?]
	at org.apache.hadoop.ipc.Server$Handler.run(Server.java:2966) [hadoop-common-3.3.1.jar:?]
01:49:00.797 [IPC Server handler 18 on default port 43571] ERROR OMAudit - user=runner | ip=127.0.0.1 | op=GET_FILE_STATUS {volume=6adbd127-2365-468b-9f85-93840348b1e8, bucket=cff6616f-7861-4ee1-97c4-37ad8a663048, key=.Trash, dataSize=0, replicationConfig=null} | ret=FAILURE
org.apache.hadoop.ozone.om.exceptions.OMException: Unable to get file status: volume: 6adbd127-2365-468b-9f85-93840348b1e8 bucket: cff6616f-7861-4ee1-97c4-37ad8a663048 key: .Trash
	at org.apache.hadoop.ozone.om.KeyManagerImpl.getOzoneFileStatus(KeyManagerImpl.java:1311) ~[ozone-manager-1.3.0-SNAPSHOT.jar:?]
	at org.apache.hadoop.ozone.om.KeyManagerImpl.getFileStatus(KeyManagerImpl.java:1241) ~[ozone-manager-1.3.0-SNAPSHOT.jar:?]
	at org.apache.hadoop.ozone.om.OzoneManager.getFileStatus(OzoneManager.java:3467) ~[ozone-manager-1.3.0-SNAPSHOT.jar:?]
	at org.apache.hadoop.ozone.protocolPB.OzoneManagerRequestHandler.getOzoneFileStatus(OzoneManagerRequestHandler.java:878) ~[ozone-manager-1.3.0-SNAPSHOT.jar:?]
	at org.apache.hadoop.ozone.protocolPB.OzoneManagerRequestHandler.handleReadRequest(OzoneManagerRequestHandler.java:224) ~[ozone-manager-1.3.0-SNAPSHOT.jar:?]
	at org.apache.hadoop.ozone.protocolPB.OzoneManagerProtocolServerSideTranslatorPB.submitReadRequestToOM(OzoneManagerProtocolServerSideTranslatorPB.java:226) ~[ozone-manager-1.3.0-SNAPSHOT.jar:?]
	at org.apache.hadoop.ozone.protocolPB.OzoneManagerProtocolServerSideTranslatorPB.processRequest(OzoneManagerProtocolServerSideTranslatorPB.java:175) ~[ozone-manager-1.3.0-SNAPSHOT.jar:?]
	at org.apache.hadoop.hdds.server.OzoneProtocolMessageDispatcher.processRequest(OzoneProtocolMessageDispatcher.java:87) [hdds-server-framework-1.3.0-SNAPSHOT.jar:?]
	at org.apache.hadoop.ozone.protocolPB.OzoneManagerProtocolServerSideTranslatorPB.submitRequest(OzoneManagerProtocolServerSideTranslatorPB.java:147) [ozone-manager-1.3.0-SNAPSHOT.jar:?]
	at org.apache.hadoop.ozone.protocol.proto.OzoneManagerProtocolProtos$OzoneManagerService$2.callBlockingMethod(OzoneManagerProtocolProtos.java) [ozone-interface-client-1.3.0-SNAPSHOT.jar:?]
	at org.apache.hadoop.ipc.ProtobufRpcEngine$Server.processCall(ProtobufRpcEngine.java:466) [hadoop-common-3.3.1.jar:?]
	at org.apache.hadoop.ipc.ProtobufRpcEngine2$Server$ProtoBufRpcInvoker.call(ProtobufRpcEngine2.java:574) [hadoop-common-3.3.1.jar:?]
	at org.apache.hadoop.ipc.ProtobufRpcEngine2$Server$ProtoBufRpcInvoker.call(ProtobufRpcEngine2.java:552) [hadoop-common-3.3.1.jar:?]
	at org.apache.hadoop.ipc.RPC$Server.call(RPC.java:1093) [hadoop-common-3.3.1.jar:?]
	at org.apache.hadoop.ipc.Server$RpcCall.run(Server.java:1035) [hadoop-common-3.3.1.jar:?]
	at org.apache.hadoop.ipc.Server$RpcCall.run(Server.java:963) [hadoop-common-3.3.1.jar:?]
	at java.security.AccessController.doPrivileged(Native Method) ~[?:1.8.0_332]
	at javax.security.auth.Subject.doAs(Subject.java:422) [?:1.8.0_332]
	at org.apache.hadoop.security.UserGroupInformation.doAs(UserGroupInformation.java:1878) [hadoop-common-3.3.1.jar:?]
	at org.apache.hadoop.ipc.Server$Handler.run(Server.java:2966) [hadoop-common-3.3.1.jar:?]
]]></system-out>
  </testcase>
  <testcase name="testGetTrashRoots" classname="TestRootedOzoneFileSystem" time="1.029">
    <system-out><![CDATA[2022-07-30 01:50:12,299 [Time-limited test] INFO  rpc.RpcClient (RpcClient.java:createVolume(468)) - Creating Volume: volume08150, with user50754 as owner and space quota set to -1 bytes, counts quota set to -1
2022-07-30 01:50:12,302 [IPC Server handler 11 on default port 41659] INFO  volume.OMVolumeCreateRequest (OMVolumeCreateRequest.java:validateAndUpdateCache(195)) - created volume:volume08150 for user:user50754
2022-07-30 01:50:12,304 [Time-limited test] INFO  rpc.RpcClient (RpcClient.java:createBucket(671)) - Creating Bucket: volume08150/bucket54820, with bucket layout LEGACY, runner as owner, Versioning false, Storage Type set to DISK and Encryption set to false 
2022-07-30 01:50:12,305 [IPC Server handler 15 on default port 41659] INFO  bucket.OMBucketCreateRequest (OMBucketCreateRequest.java:validateAndUpdateCache(260)) - created bucket: bucket54820 of layout LEGACY in volume: volume08150
01:50:12.324 [IPC Server handler 1 on default port 41659] ERROR OMAudit - user=runner | ip=127.0.0.1 | op=GET_FILE_STATUS {volume=volume08150, bucket=bucket54820, key=.Trash/runner, dataSize=0, replicationConfig=null} | ret=FAILURE
org.apache.hadoop.ozone.om.exceptions.OMException: Unable to get file status: volume: volume08150 bucket: bucket54820 key: .Trash/runner
	at org.apache.hadoop.ozone.om.KeyManagerImpl.getOzoneFileStatus(KeyManagerImpl.java:1311) ~[ozone-manager-1.3.0-SNAPSHOT.jar:?]
	at org.apache.hadoop.ozone.om.KeyManagerImpl.getFileStatus(KeyManagerImpl.java:1241) ~[ozone-manager-1.3.0-SNAPSHOT.jar:?]
	at org.apache.hadoop.ozone.om.OzoneManager.getFileStatus(OzoneManager.java:3467) ~[ozone-manager-1.3.0-SNAPSHOT.jar:?]
	at org.apache.hadoop.ozone.protocolPB.OzoneManagerRequestHandler.getOzoneFileStatus(OzoneManagerRequestHandler.java:878) ~[ozone-manager-1.3.0-SNAPSHOT.jar:?]
	at org.apache.hadoop.ozone.protocolPB.OzoneManagerRequestHandler.handleReadRequest(OzoneManagerRequestHandler.java:224) ~[ozone-manager-1.3.0-SNAPSHOT.jar:?]
	at org.apache.hadoop.ozone.protocolPB.OzoneManagerProtocolServerSideTranslatorPB.submitRequestDirectlyToOM(OzoneManagerProtocolServerSideTranslatorPB.java:276) ~[ozone-manager-1.3.0-SNAPSHOT.jar:?]
	at org.apache.hadoop.ozone.protocolPB.OzoneManagerProtocolServerSideTranslatorPB.processRequest(OzoneManagerProtocolServerSideTranslatorPB.java:205) ~[ozone-manager-1.3.0-SNAPSHOT.jar:?]
	at org.apache.hadoop.hdds.server.OzoneProtocolMessageDispatcher.processRequest(OzoneProtocolMessageDispatcher.java:87) [hdds-server-framework-1.3.0-SNAPSHOT.jar:?]
	at org.apache.hadoop.ozone.protocolPB.OzoneManagerProtocolServerSideTranslatorPB.submitRequest(OzoneManagerProtocolServerSideTranslatorPB.java:147) [ozone-manager-1.3.0-SNAPSHOT.jar:?]
	at org.apache.hadoop.ozone.protocol.proto.OzoneManagerProtocolProtos$OzoneManagerService$2.callBlockingMethod(OzoneManagerProtocolProtos.java) [ozone-interface-client-1.3.0-SNAPSHOT.jar:?]
	at org.apache.hadoop.ipc.ProtobufRpcEngine$Server.processCall(ProtobufRpcEngine.java:466) [hadoop-common-3.3.1.jar:?]
	at org.apache.hadoop.ipc.ProtobufRpcEngine2$Server$ProtoBufRpcInvoker.call(ProtobufRpcEngine2.java:574) [hadoop-common-3.3.1.jar:?]
	at org.apache.hadoop.ipc.ProtobufRpcEngine2$Server$ProtoBufRpcInvoker.call(ProtobufRpcEngine2.java:552) [hadoop-common-3.3.1.jar:?]
	at org.apache.hadoop.ipc.RPC$Server.call(RPC.java:1093) [hadoop-common-3.3.1.jar:?]
	at org.apache.hadoop.ipc.Server$RpcCall.run(Server.java:1035) [hadoop-common-3.3.1.jar:?]
	at org.apache.hadoop.ipc.Server$RpcCall.run(Server.java:963) [hadoop-common-3.3.1.jar:?]
	at java.security.AccessController.doPrivileged(Native Method) ~[?:1.8.0_332]
	at javax.security.auth.Subject.doAs(Subject.java:422) [?:1.8.0_332]
	at org.apache.hadoop.security.UserGroupInformation.doAs(UserGroupInformation.java:1878) [hadoop-common-3.3.1.jar:?]
	at org.apache.hadoop.ipc.Server$Handler.run(Server.java:2966) [hadoop-common-3.3.1.jar:?]
01:50:12.327 [IPC Server handler 17 on default port 41659] ERROR OMAudit - user=runner | ip=127.0.0.1 | op=GET_FILE_STATUS {volume=620ff068-3258-44ee-b0b8-7e5acdcad73f, bucket=21b9d1bf-28cb-4830-b493-1c35ee34b37f, key=.Trash, dataSize=0, replicationConfig=null} | ret=FAILURE
org.apache.hadoop.ozone.om.exceptions.OMException: Unable to get file status: volume: 620ff068-3258-44ee-b0b8-7e5acdcad73f bucket: 21b9d1bf-28cb-4830-b493-1c35ee34b37f key: .Trash
	at org.apache.hadoop.ozone.om.KeyManagerImpl.getOzoneFileStatus(KeyManagerImpl.java:1311) ~[ozone-manager-1.3.0-SNAPSHOT.jar:?]
	at org.apache.hadoop.ozone.om.KeyManagerImpl.getFileStatus(KeyManagerImpl.java:1241) ~[ozone-manager-1.3.0-SNAPSHOT.jar:?]
	at org.apache.hadoop.ozone.om.OzoneManager.getFileStatus(OzoneManager.java:3467) ~[ozone-manager-1.3.0-SNAPSHOT.jar:?]
	at org.apache.hadoop.ozone.protocolPB.OzoneManagerRequestHandler.getOzoneFileStatus(OzoneManagerRequestHandler.java:878) ~[ozone-manager-1.3.0-SNAPSHOT.jar:?]
	at org.apache.hadoop.ozone.protocolPB.OzoneManagerRequestHandler.handleReadRequest(OzoneManagerRequestHandler.java:224) ~[ozone-manager-1.3.0-SNAPSHOT.jar:?]
	at org.apache.hadoop.ozone.protocolPB.OzoneManagerProtocolServerSideTranslatorPB.submitRequestDirectlyToOM(OzoneManagerProtocolServerSideTranslatorPB.java:276) ~[ozone-manager-1.3.0-SNAPSHOT.jar:?]
	at org.apache.hadoop.ozone.protocolPB.OzoneManagerProtocolServerSideTranslatorPB.processRequest(OzoneManagerProtocolServerSideTranslatorPB.java:205) ~[ozone-manager-1.3.0-SNAPSHOT.jar:?]
	at org.apache.hadoop.hdds.server.OzoneProtocolMessageDispatcher.processRequest(OzoneProtocolMessageDispatcher.java:87) [hdds-server-framework-1.3.0-SNAPSHOT.jar:?]
	at org.apache.hadoop.ozone.protocolPB.OzoneManagerProtocolServerSideTranslatorPB.submitRequest(OzoneManagerProtocolServerSideTranslatorPB.java:147) [ozone-manager-1.3.0-SNAPSHOT.jar:?]
	at org.apache.hadoop.ozone.protocol.proto.OzoneManagerProtocolProtos$OzoneManagerService$2.callBlockingMethod(OzoneManagerProtocolProtos.java) [ozone-interface-client-1.3.0-SNAPSHOT.jar:?]
	at org.apache.hadoop.ipc.ProtobufRpcEngine$Server.processCall(ProtobufRpcEngine.java:466) [hadoop-common-3.3.1.jar:?]
	at org.apache.hadoop.ipc.ProtobufRpcEngine2$Server$ProtoBufRpcInvoker.call(ProtobufRpcEngine2.java:574) [hadoop-common-3.3.1.jar:?]
	at org.apache.hadoop.ipc.ProtobufRpcEngine2$Server$ProtoBufRpcInvoker.call(ProtobufRpcEngine2.java:552) [hadoop-common-3.3.1.jar:?]
	at org.apache.hadoop.ipc.RPC$Server.call(RPC.java:1093) [hadoop-common-3.3.1.jar:?]
	at org.apache.hadoop.ipc.Server$RpcCall.run(Server.java:1035) [hadoop-common-3.3.1.jar:?]
	at org.apache.hadoop.ipc.Server$RpcCall.run(Server.java:963) [hadoop-common-3.3.1.jar:?]
	at java.security.AccessController.doPrivileged(Native Method) ~[?:1.8.0_332]
	at javax.security.auth.Subject.doAs(Subject.java:422) [?:1.8.0_332]
	at org.apache.hadoop.security.UserGroupInformation.doAs(UserGroupInformation.java:1878) [hadoop-common-3.3.1.jar:?]
	at org.apache.hadoop.ipc.Server$Handler.run(Server.java:2966) [hadoop-common-3.3.1.jar:?]
01:50:12.331 [IPC Server handler 16 on default port 41659] ERROR OMAudit - user=runner | ip=127.0.0.1 | op=GET_FILE_STATUS {volume=volume08150, bucket=bucket54820, key=.Trash, dataSize=0, replicationConfig=null} | ret=FAILURE
org.apache.hadoop.ozone.om.exceptions.OMException: Unable to get file status: volume: volume08150 bucket: bucket54820 key: .Trash
	at org.apache.hadoop.ozone.om.KeyManagerImpl.getOzoneFileStatus(KeyManagerImpl.java:1311) ~[ozone-manager-1.3.0-SNAPSHOT.jar:?]
	at org.apache.hadoop.ozone.om.KeyManagerImpl.getFileStatus(KeyManagerImpl.java:1241) ~[ozone-manager-1.3.0-SNAPSHOT.jar:?]
	at org.apache.hadoop.ozone.om.OzoneManager.getFileStatus(OzoneManager.java:3467) ~[ozone-manager-1.3.0-SNAPSHOT.jar:?]
	at org.apache.hadoop.ozone.protocolPB.OzoneManagerRequestHandler.getOzoneFileStatus(OzoneManagerRequestHandler.java:878) ~[ozone-manager-1.3.0-SNAPSHOT.jar:?]
	at org.apache.hadoop.ozone.protocolPB.OzoneManagerRequestHandler.handleReadRequest(OzoneManagerRequestHandler.java:224) ~[ozone-manager-1.3.0-SNAPSHOT.jar:?]
	at org.apache.hadoop.ozone.protocolPB.OzoneManagerProtocolServerSideTranslatorPB.submitRequestDirectlyToOM(OzoneManagerProtocolServerSideTranslatorPB.java:276) ~[ozone-manager-1.3.0-SNAPSHOT.jar:?]
	at org.apache.hadoop.ozone.protocolPB.OzoneManagerProtocolServerSideTranslatorPB.processRequest(OzoneManagerProtocolServerSideTranslatorPB.java:205) ~[ozone-manager-1.3.0-SNAPSHOT.jar:?]
	at org.apache.hadoop.hdds.server.OzoneProtocolMessageDispatcher.processRequest(OzoneProtocolMessageDispatcher.java:87) [hdds-server-framework-1.3.0-SNAPSHOT.jar:?]
	at org.apache.hadoop.ozone.protocolPB.OzoneManagerProtocolServerSideTranslatorPB.submitRequest(OzoneManagerProtocolServerSideTranslatorPB.java:147) [ozone-manager-1.3.0-SNAPSHOT.jar:?]
	at org.apache.hadoop.ozone.protocol.proto.OzoneManagerProtocolProtos$OzoneManagerService$2.callBlockingMethod(OzoneManagerProtocolProtos.java) [ozone-interface-client-1.3.0-SNAPSHOT.jar:?]
	at org.apache.hadoop.ipc.ProtobufRpcEngine$Server.processCall(ProtobufRpcEngine.java:466) [hadoop-common-3.3.1.jar:?]
	at org.apache.hadoop.ipc.ProtobufRpcEngine2$Server$ProtoBufRpcInvoker.call(ProtobufRpcEngine2.java:574) [hadoop-common-3.3.1.jar:?]
	at org.apache.hadoop.ipc.ProtobufRpcEngine2$Server$ProtoBufRpcInvoker.call(ProtobufRpcEngine2.java:552) [hadoop-common-3.3.1.jar:?]
	at org.apache.hadoop.ipc.RPC$Server.call(RPC.java:1093) [hadoop-common-3.3.1.jar:?]
	at org.apache.hadoop.ipc.Server$RpcCall.run(Server.java:1035) [hadoop-common-3.3.1.jar:?]
	at org.apache.hadoop.ipc.Server$RpcCall.run(Server.java:963) [hadoop-common-3.3.1.jar:?]
	at java.security.AccessController.doPrivileged(Native Method) ~[?:1.8.0_332]
	at javax.security.auth.Subject.doAs(Subject.java:422) [?:1.8.0_332]
	at org.apache.hadoop.security.UserGroupInformation.doAs(UserGroupInformation.java:1878) [hadoop-common-3.3.1.jar:?]
	at org.apache.hadoop.ipc.Server$Handler.run(Server.java:2966) [hadoop-common-3.3.1.jar:?]
01:50:12.344 [IPC Server handler 11 on default port 41659] ERROR OMAudit - user=runner | ip=127.0.0.1 | op=GET_FILE_STATUS {volume=620ff068-3258-44ee-b0b8-7e5acdcad73f, bucket=21b9d1bf-28cb-4830-b493-1c35ee34b37f, key=.Trash, dataSize=0, replicationConfig=null} | ret=FAILURE
org.apache.hadoop.ozone.om.exceptions.OMException: Unable to get file status: volume: 620ff068-3258-44ee-b0b8-7e5acdcad73f bucket: 21b9d1bf-28cb-4830-b493-1c35ee34b37f key: .Trash
	at org.apache.hadoop.ozone.om.KeyManagerImpl.getOzoneFileStatus(KeyManagerImpl.java:1311) ~[ozone-manager-1.3.0-SNAPSHOT.jar:?]
	at org.apache.hadoop.ozone.om.KeyManagerImpl.getFileStatus(KeyManagerImpl.java:1241) ~[ozone-manager-1.3.0-SNAPSHOT.jar:?]
	at org.apache.hadoop.ozone.om.OzoneManager.getFileStatus(OzoneManager.java:3467) ~[ozone-manager-1.3.0-SNAPSHOT.jar:?]
	at org.apache.hadoop.ozone.protocolPB.OzoneManagerRequestHandler.getOzoneFileStatus(OzoneManagerRequestHandler.java:878) ~[ozone-manager-1.3.0-SNAPSHOT.jar:?]
	at org.apache.hadoop.ozone.protocolPB.OzoneManagerRequestHandler.handleReadRequest(OzoneManagerRequestHandler.java:224) ~[ozone-manager-1.3.0-SNAPSHOT.jar:?]
	at org.apache.hadoop.ozone.protocolPB.OzoneManagerProtocolServerSideTranslatorPB.submitRequestDirectlyToOM(OzoneManagerProtocolServerSideTranslatorPB.java:276) ~[ozone-manager-1.3.0-SNAPSHOT.jar:?]
	at org.apache.hadoop.ozone.protocolPB.OzoneManagerProtocolServerSideTranslatorPB.processRequest(OzoneManagerProtocolServerSideTranslatorPB.java:205) ~[ozone-manager-1.3.0-SNAPSHOT.jar:?]
	at org.apache.hadoop.hdds.server.OzoneProtocolMessageDispatcher.processRequest(OzoneProtocolMessageDispatcher.java:87) [hdds-server-framework-1.3.0-SNAPSHOT.jar:?]
	at org.apache.hadoop.ozone.protocolPB.OzoneManagerProtocolServerSideTranslatorPB.submitRequest(OzoneManagerProtocolServerSideTranslatorPB.java:147) [ozone-manager-1.3.0-SNAPSHOT.jar:?]
	at org.apache.hadoop.ozone.protocol.proto.OzoneManagerProtocolProtos$OzoneManagerService$2.callBlockingMethod(OzoneManagerProtocolProtos.java) [ozone-interface-client-1.3.0-SNAPSHOT.jar:?]
	at org.apache.hadoop.ipc.ProtobufRpcEngine$Server.processCall(ProtobufRpcEngine.java:466) [hadoop-common-3.3.1.jar:?]
	at org.apache.hadoop.ipc.ProtobufRpcEngine2$Server$ProtoBufRpcInvoker.call(ProtobufRpcEngine2.java:574) [hadoop-common-3.3.1.jar:?]
	at org.apache.hadoop.ipc.ProtobufRpcEngine2$Server$ProtoBufRpcInvoker.call(ProtobufRpcEngine2.java:552) [hadoop-common-3.3.1.jar:?]
	at org.apache.hadoop.ipc.RPC$Server.call(RPC.java:1093) [hadoop-common-3.3.1.jar:?]
	at org.apache.hadoop.ipc.Server$RpcCall.run(Server.java:1035) [hadoop-common-3.3.1.jar:?]
	at org.apache.hadoop.ipc.Server$RpcCall.run(Server.java:963) [hadoop-common-3.3.1.jar:?]
	at java.security.AccessController.doPrivileged(Native Method) ~[?:1.8.0_332]
	at javax.security.auth.Subject.doAs(Subject.java:422) [?:1.8.0_332]
	at org.apache.hadoop.security.UserGroupInformation.doAs(UserGroupInformation.java:1878) [hadoop-common-3.3.1.jar:?]
	at org.apache.hadoop.ipc.Server$Handler.run(Server.java:2966) [hadoop-common-3.3.1.jar:?]
01:50:12.361 [IPC Server handler 2 on default port 41659] ERROR OMAudit - user=runner | ip=127.0.0.1 | op=GET_FILE_STATUS {volume=620ff068-3258-44ee-b0b8-7e5acdcad73f, bucket=21b9d1bf-28cb-4830-b493-1c35ee34b37f, key=.Trash, dataSize=0, replicationConfig=null} | ret=FAILURE
org.apache.hadoop.ozone.om.exceptions.OMException: Unable to get file status: volume: 620ff068-3258-44ee-b0b8-7e5acdcad73f bucket: 21b9d1bf-28cb-4830-b493-1c35ee34b37f key: .Trash
	at org.apache.hadoop.ozone.om.KeyManagerImpl.getOzoneFileStatus(KeyManagerImpl.java:1311) ~[ozone-manager-1.3.0-SNAPSHOT.jar:?]
	at org.apache.hadoop.ozone.om.KeyManagerImpl.getFileStatus(KeyManagerImpl.java:1241) ~[ozone-manager-1.3.0-SNAPSHOT.jar:?]
	at org.apache.hadoop.ozone.om.OzoneManager.getFileStatus(OzoneManager.java:3467) ~[ozone-manager-1.3.0-SNAPSHOT.jar:?]
	at org.apache.hadoop.ozone.protocolPB.OzoneManagerRequestHandler.getOzoneFileStatus(OzoneManagerRequestHandler.java:878) ~[ozone-manager-1.3.0-SNAPSHOT.jar:?]
	at org.apache.hadoop.ozone.protocolPB.OzoneManagerRequestHandler.handleReadRequest(OzoneManagerRequestHandler.java:224) ~[ozone-manager-1.3.0-SNAPSHOT.jar:?]
	at org.apache.hadoop.ozone.protocolPB.OzoneManagerProtocolServerSideTranslatorPB.submitRequestDirectlyToOM(OzoneManagerProtocolServerSideTranslatorPB.java:276) ~[ozone-manager-1.3.0-SNAPSHOT.jar:?]
	at org.apache.hadoop.ozone.protocolPB.OzoneManagerProtocolServerSideTranslatorPB.processRequest(OzoneManagerProtocolServerSideTranslatorPB.java:205) ~[ozone-manager-1.3.0-SNAPSHOT.jar:?]
	at org.apache.hadoop.hdds.server.OzoneProtocolMessageDispatcher.processRequest(OzoneProtocolMessageDispatcher.java:87) [hdds-server-framework-1.3.0-SNAPSHOT.jar:?]
	at org.apache.hadoop.ozone.protocolPB.OzoneManagerProtocolServerSideTranslatorPB.submitRequest(OzoneManagerProtocolServerSideTranslatorPB.java:147) [ozone-manager-1.3.0-SNAPSHOT.jar:?]
	at org.apache.hadoop.ozone.protocol.proto.OzoneManagerProtocolProtos$OzoneManagerService$2.callBlockingMethod(OzoneManagerProtocolProtos.java) [ozone-interface-client-1.3.0-SNAPSHOT.jar:?]
	at org.apache.hadoop.ipc.ProtobufRpcEngine$Server.processCall(ProtobufRpcEngine.java:466) [hadoop-common-3.3.1.jar:?]
	at org.apache.hadoop.ipc.ProtobufRpcEngine2$Server$ProtoBufRpcInvoker.call(ProtobufRpcEngine2.java:574) [hadoop-common-3.3.1.jar:?]
	at org.apache.hadoop.ipc.ProtobufRpcEngine2$Server$ProtoBufRpcInvoker.call(ProtobufRpcEngine2.java:552) [hadoop-common-3.3.1.jar:?]
	at org.apache.hadoop.ipc.RPC$Server.call(RPC.java:1093) [hadoop-common-3.3.1.jar:?]
	at org.apache.hadoop.ipc.Server$RpcCall.run(Server.java:1035) [hadoop-common-3.3.1.jar:?]
	at org.apache.hadoop.ipc.Server$RpcCall.run(Server.java:963) [hadoop-common-3.3.1.jar:?]
	at java.security.AccessController.doPrivileged(Native Method) ~[?:1.8.0_332]
	at javax.security.auth.Subject.doAs(Subject.java:422) [?:1.8.0_332]
	at org.apache.hadoop.security.UserGroupInformation.doAs(UserGroupInformation.java:1878) [hadoop-common-3.3.1.jar:?]
	at org.apache.hadoop.ipc.Server$Handler.run(Server.java:2966) [hadoop-common-3.3.1.jar:?]
2022-07-30 01:50:12,366 [Time-limited test] INFO  rpc.RpcClient (RpcClient.java:createBucket(671)) - Creating Bucket: volume08150/trashroottest2, with bucket layout LEGACY, runner as owner, Versioning false, Storage Type set to DISK and Encryption set to false 
2022-07-30 01:50:12,370 [IPC Server handler 15 on default port 41659] INFO  bucket.OMBucketCreateRequest (OMBucketCreateRequest.java:validateAndUpdateCache(260)) - created bucket: trashroottest2 of layout LEGACY in volume: volume08150
01:50:12.785 [IPC Server handler 13 on default port 41659] ERROR OMAudit - user=runner | ip=127.0.0.1 | op=GET_FILE_STATUS {volume=620ff068-3258-44ee-b0b8-7e5acdcad73f, bucket=21b9d1bf-28cb-4830-b493-1c35ee34b37f, key=.Trash, dataSize=0, replicationConfig=null} | ret=FAILURE
org.apache.hadoop.ozone.om.exceptions.OMException: Unable to get file status: volume: 620ff068-3258-44ee-b0b8-7e5acdcad73f bucket: 21b9d1bf-28cb-4830-b493-1c35ee34b37f key: .Trash
	at org.apache.hadoop.ozone.om.KeyManagerImpl.getOzoneFileStatus(KeyManagerImpl.java:1311) ~[ozone-manager-1.3.0-SNAPSHOT.jar:?]
	at org.apache.hadoop.ozone.om.KeyManagerImpl.getFileStatus(KeyManagerImpl.java:1241) ~[ozone-manager-1.3.0-SNAPSHOT.jar:?]
	at org.apache.hadoop.ozone.om.OzoneManager.getFileStatus(OzoneManager.java:3467) ~[ozone-manager-1.3.0-SNAPSHOT.jar:?]
	at org.apache.hadoop.ozone.protocolPB.OzoneManagerRequestHandler.getOzoneFileStatus(OzoneManagerRequestHandler.java:878) ~[ozone-manager-1.3.0-SNAPSHOT.jar:?]
	at org.apache.hadoop.ozone.protocolPB.OzoneManagerRequestHandler.handleReadRequest(OzoneManagerRequestHandler.java:224) ~[ozone-manager-1.3.0-SNAPSHOT.jar:?]
	at org.apache.hadoop.ozone.protocolPB.OzoneManagerProtocolServerSideTranslatorPB.submitRequestDirectlyToOM(OzoneManagerProtocolServerSideTranslatorPB.java:276) ~[ozone-manager-1.3.0-SNAPSHOT.jar:?]
	at org.apache.hadoop.ozone.protocolPB.OzoneManagerProtocolServerSideTranslatorPB.processRequest(OzoneManagerProtocolServerSideTranslatorPB.java:205) ~[ozone-manager-1.3.0-SNAPSHOT.jar:?]
	at org.apache.hadoop.hdds.server.OzoneProtocolMessageDispatcher.processRequest(OzoneProtocolMessageDispatcher.java:87) [hdds-server-framework-1.3.0-SNAPSHOT.jar:?]
	at org.apache.hadoop.ozone.protocolPB.OzoneManagerProtocolServerSideTranslatorPB.submitRequest(OzoneManagerProtocolServerSideTranslatorPB.java:147) [ozone-manager-1.3.0-SNAPSHOT.jar:?]
	at org.apache.hadoop.ozone.protocol.proto.OzoneManagerProtocolProtos$OzoneManagerService$2.callBlockingMethod(OzoneManagerProtocolProtos.java) [ozone-interface-client-1.3.0-SNAPSHOT.jar:?]
	at org.apache.hadoop.ipc.ProtobufRpcEngine$Server.processCall(ProtobufRpcEngine.java:466) [hadoop-common-3.3.1.jar:?]
	at org.apache.hadoop.ipc.ProtobufRpcEngine2$Server$ProtoBufRpcInvoker.call(ProtobufRpcEngine2.java:574) [hadoop-common-3.3.1.jar:?]
	at org.apache.hadoop.ipc.ProtobufRpcEngine2$Server$ProtoBufRpcInvoker.call(ProtobufRpcEngine2.java:552) [hadoop-common-3.3.1.jar:?]
	at org.apache.hadoop.ipc.RPC$Server.call(RPC.java:1093) [hadoop-common-3.3.1.jar:?]
	at org.apache.hadoop.ipc.Server$RpcCall.run(Server.java:1035) [hadoop-common-3.3.1.jar:?]
	at org.apache.hadoop.ipc.Server$RpcCall.run(Server.java:963) [hadoop-common-3.3.1.jar:?]
	at java.security.AccessController.doPrivileged(Native Method) ~[?:1.8.0_332]
	at javax.security.auth.Subject.doAs(Subject.java:422) [?:1.8.0_332]
	at org.apache.hadoop.security.UserGroupInformation.doAs(UserGroupInformation.java:1878) [hadoop-common-3.3.1.jar:?]
	at org.apache.hadoop.ipc.Server$Handler.run(Server.java:2966) [hadoop-common-3.3.1.jar:?]
01:50:12.818 [IPC Server handler 4 on default port 41659] ERROR OMAudit - user=runner | ip=127.0.0.1 | op=GET_FILE_STATUS {volume=620ff068-3258-44ee-b0b8-7e5acdcad73f, bucket=21b9d1bf-28cb-4830-b493-1c35ee34b37f, key=.Trash, dataSize=0, replicationConfig=null} | ret=FAILURE
org.apache.hadoop.ozone.om.exceptions.OMException: Unable to get file status: volume: 620ff068-3258-44ee-b0b8-7e5acdcad73f bucket: 21b9d1bf-28cb-4830-b493-1c35ee34b37f key: .Trash
	at org.apache.hadoop.ozone.om.KeyManagerImpl.getOzoneFileStatus(KeyManagerImpl.java:1311) ~[ozone-manager-1.3.0-SNAPSHOT.jar:?]
	at org.apache.hadoop.ozone.om.KeyManagerImpl.getFileStatus(KeyManagerImpl.java:1241) ~[ozone-manager-1.3.0-SNAPSHOT.jar:?]
	at org.apache.hadoop.ozone.om.OzoneManager.getFileStatus(OzoneManager.java:3467) ~[ozone-manager-1.3.0-SNAPSHOT.jar:?]
	at org.apache.hadoop.ozone.protocolPB.OzoneManagerRequestHandler.getOzoneFileStatus(OzoneManagerRequestHandler.java:878) ~[ozone-manager-1.3.0-SNAPSHOT.jar:?]
	at org.apache.hadoop.ozone.protocolPB.OzoneManagerRequestHandler.handleReadRequest(OzoneManagerRequestHandler.java:224) ~[ozone-manager-1.3.0-SNAPSHOT.jar:?]
	at org.apache.hadoop.ozone.protocolPB.OzoneManagerProtocolServerSideTranslatorPB.submitRequestDirectlyToOM(OzoneManagerProtocolServerSideTranslatorPB.java:276) ~[ozone-manager-1.3.0-SNAPSHOT.jar:?]
	at org.apache.hadoop.ozone.protocolPB.OzoneManagerProtocolServerSideTranslatorPB.processRequest(OzoneManagerProtocolServerSideTranslatorPB.java:205) ~[ozone-manager-1.3.0-SNAPSHOT.jar:?]
	at org.apache.hadoop.hdds.server.OzoneProtocolMessageDispatcher.processRequest(OzoneProtocolMessageDispatcher.java:87) [hdds-server-framework-1.3.0-SNAPSHOT.jar:?]
	at org.apache.hadoop.ozone.protocolPB.OzoneManagerProtocolServerSideTranslatorPB.submitRequest(OzoneManagerProtocolServerSideTranslatorPB.java:147) [ozone-manager-1.3.0-SNAPSHOT.jar:?]
	at org.apache.hadoop.ozone.protocol.proto.OzoneManagerProtocolProtos$OzoneManagerService$2.callBlockingMethod(OzoneManagerProtocolProtos.java) [ozone-interface-client-1.3.0-SNAPSHOT.jar:?]
	at org.apache.hadoop.ipc.ProtobufRpcEngine$Server.processCall(ProtobufRpcEngine.java:466) [hadoop-common-3.3.1.jar:?]
	at org.apache.hadoop.ipc.ProtobufRpcEngine2$Server$ProtoBufRpcInvoker.call(ProtobufRpcEngine2.java:574) [hadoop-common-3.3.1.jar:?]
	at org.apache.hadoop.ipc.ProtobufRpcEngine2$Server$ProtoBufRpcInvoker.call(ProtobufRpcEngine2.java:552) [hadoop-common-3.3.1.jar:?]
	at org.apache.hadoop.ipc.RPC$Server.call(RPC.java:1093) [hadoop-common-3.3.1.jar:?]
	at org.apache.hadoop.ipc.Server$RpcCall.run(Server.java:1035) [hadoop-common-3.3.1.jar:?]
	at org.apache.hadoop.ipc.Server$RpcCall.run(Server.java:963) [hadoop-common-3.3.1.jar:?]
	at java.security.AccessController.doPrivileged(Native Method) ~[?:1.8.0_332]
	at javax.security.auth.Subject.doAs(Subject.java:422) [?:1.8.0_332]
	at org.apache.hadoop.security.UserGroupInformation.doAs(UserGroupInformation.java:1878) [hadoop-common-3.3.1.jar:?]
	at org.apache.hadoop.ipc.Server$Handler.run(Server.java:2966) [hadoop-common-3.3.1.jar:?]
2022-07-30 01:50:12,902 [Time-limited test] INFO  rpc.RpcClient (RpcClient.java:createVolume(468)) - Creating Volume: volume00399, with user09284 as owner and space quota set to -1 bytes, counts quota set to -1
2022-07-30 01:50:12,903 [IPC Server handler 8 on default port 41659] INFO  volume.OMVolumeCreateRequest (OMVolumeCreateRequest.java:validateAndUpdateCache(195)) - created volume:volume00399 for user:user09284
2022-07-30 01:50:12,904 [Time-limited test] INFO  rpc.RpcClient (RpcClient.java:createBucket(671)) - Creating Bucket: volume00399/bucket61404, with bucket layout LEGACY, runner as owner, Versioning false, Storage Type set to DISK and Encryption set to false 
2022-07-30 01:50:12,904 [IPC Server handler 5 on default port 41659] INFO  bucket.OMBucketCreateRequest (OMBucketCreateRequest.java:validateAndUpdateCache(260)) - created bucket: bucket61404 of layout LEGACY in volume: volume00399
01:50:12.932 [IPC Server handler 1 on default port 41659] ERROR OMAudit - user=runner | ip=127.0.0.1 | op=GET_FILE_STATUS {volume=620ff068-3258-44ee-b0b8-7e5acdcad73f, bucket=21b9d1bf-28cb-4830-b493-1c35ee34b37f, key=.Trash, dataSize=0, replicationConfig=null} | ret=FAILURE
org.apache.hadoop.ozone.om.exceptions.OMException: Unable to get file status: volume: 620ff068-3258-44ee-b0b8-7e5acdcad73f bucket: 21b9d1bf-28cb-4830-b493-1c35ee34b37f key: .Trash
	at org.apache.hadoop.ozone.om.KeyManagerImpl.getOzoneFileStatus(KeyManagerImpl.java:1311) ~[ozone-manager-1.3.0-SNAPSHOT.jar:?]
	at org.apache.hadoop.ozone.om.KeyManagerImpl.getFileStatus(KeyManagerImpl.java:1241) ~[ozone-manager-1.3.0-SNAPSHOT.jar:?]
	at org.apache.hadoop.ozone.om.OzoneManager.getFileStatus(OzoneManager.java:3467) ~[ozone-manager-1.3.0-SNAPSHOT.jar:?]
	at org.apache.hadoop.ozone.protocolPB.OzoneManagerRequestHandler.getOzoneFileStatus(OzoneManagerRequestHandler.java:878) ~[ozone-manager-1.3.0-SNAPSHOT.jar:?]
	at org.apache.hadoop.ozone.protocolPB.OzoneManagerRequestHandler.handleReadRequest(OzoneManagerRequestHandler.java:224) ~[ozone-manager-1.3.0-SNAPSHOT.jar:?]
	at org.apache.hadoop.ozone.protocolPB.OzoneManagerProtocolServerSideTranslatorPB.submitRequestDirectlyToOM(OzoneManagerProtocolServerSideTranslatorPB.java:276) ~[ozone-manager-1.3.0-SNAPSHOT.jar:?]
	at org.apache.hadoop.ozone.protocolPB.OzoneManagerProtocolServerSideTranslatorPB.processRequest(OzoneManagerProtocolServerSideTranslatorPB.java:205) ~[ozone-manager-1.3.0-SNAPSHOT.jar:?]
	at org.apache.hadoop.hdds.server.OzoneProtocolMessageDispatcher.processRequest(OzoneProtocolMessageDispatcher.java:87) [hdds-server-framework-1.3.0-SNAPSHOT.jar:?]
	at org.apache.hadoop.ozone.protocolPB.OzoneManagerProtocolServerSideTranslatorPB.submitRequest(OzoneManagerProtocolServerSideTranslatorPB.java:147) [ozone-manager-1.3.0-SNAPSHOT.jar:?]
	at org.apache.hadoop.ozone.protocol.proto.OzoneManagerProtocolProtos$OzoneManagerService$2.callBlockingMethod(OzoneManagerProtocolProtos.java) [ozone-interface-client-1.3.0-SNAPSHOT.jar:?]
	at org.apache.hadoop.ipc.ProtobufRpcEngine$Server.processCall(ProtobufRpcEngine.java:466) [hadoop-common-3.3.1.jar:?]
	at org.apache.hadoop.ipc.ProtobufRpcEngine2$Server$ProtoBufRpcInvoker.call(ProtobufRpcEngine2.java:574) [hadoop-common-3.3.1.jar:?]
	at org.apache.hadoop.ipc.ProtobufRpcEngine2$Server$ProtoBufRpcInvoker.call(ProtobufRpcEngine2.java:552) [hadoop-common-3.3.1.jar:?]
	at org.apache.hadoop.ipc.RPC$Server.call(RPC.java:1093) [hadoop-common-3.3.1.jar:?]
	at org.apache.hadoop.ipc.Server$RpcCall.run(Server.java:1035) [hadoop-common-3.3.1.jar:?]
	at org.apache.hadoop.ipc.Server$RpcCall.run(Server.java:963) [hadoop-common-3.3.1.jar:?]
	at java.security.AccessController.doPrivileged(Native Method) ~[?:1.8.0_332]
	at javax.security.auth.Subject.doAs(Subject.java:422) [?:1.8.0_332]
	at org.apache.hadoop.security.UserGroupInformation.doAs(UserGroupInformation.java:1878) [hadoop-common-3.3.1.jar:?]
	at org.apache.hadoop.ipc.Server$Handler.run(Server.java:2966) [hadoop-common-3.3.1.jar:?]
01:50:12.967 [IPC Server handler 0 on default port 41659] ERROR OMAudit - user=runner | ip=127.0.0.1 | op=GET_FILE_STATUS {volume=620ff068-3258-44ee-b0b8-7e5acdcad73f, bucket=21b9d1bf-28cb-4830-b493-1c35ee34b37f, key=.Trash, dataSize=0, replicationConfig=null} | ret=FAILURE
org.apache.hadoop.ozone.om.exceptions.OMException: Unable to get file status: volume: 620ff068-3258-44ee-b0b8-7e5acdcad73f bucket: 21b9d1bf-28cb-4830-b493-1c35ee34b37f key: .Trash
	at org.apache.hadoop.ozone.om.KeyManagerImpl.getOzoneFileStatus(KeyManagerImpl.java:1311) ~[ozone-manager-1.3.0-SNAPSHOT.jar:?]
	at org.apache.hadoop.ozone.om.KeyManagerImpl.getFileStatus(KeyManagerImpl.java:1241) ~[ozone-manager-1.3.0-SNAPSHOT.jar:?]
	at org.apache.hadoop.ozone.om.OzoneManager.getFileStatus(OzoneManager.java:3467) ~[ozone-manager-1.3.0-SNAPSHOT.jar:?]
	at org.apache.hadoop.ozone.protocolPB.OzoneManagerRequestHandler.getOzoneFileStatus(OzoneManagerRequestHandler.java:878) ~[ozone-manager-1.3.0-SNAPSHOT.jar:?]
	at org.apache.hadoop.ozone.protocolPB.OzoneManagerRequestHandler.handleReadRequest(OzoneManagerRequestHandler.java:224) ~[ozone-manager-1.3.0-SNAPSHOT.jar:?]
	at org.apache.hadoop.ozone.protocolPB.OzoneManagerProtocolServerSideTranslatorPB.submitRequestDirectlyToOM(OzoneManagerProtocolServerSideTranslatorPB.java:276) ~[ozone-manager-1.3.0-SNAPSHOT.jar:?]
	at org.apache.hadoop.ozone.protocolPB.OzoneManagerProtocolServerSideTranslatorPB.processRequest(OzoneManagerProtocolServerSideTranslatorPB.java:205) ~[ozone-manager-1.3.0-SNAPSHOT.jar:?]
	at org.apache.hadoop.hdds.server.OzoneProtocolMessageDispatcher.processRequest(OzoneProtocolMessageDispatcher.java:87) [hdds-server-framework-1.3.0-SNAPSHOT.jar:?]
	at org.apache.hadoop.ozone.protocolPB.OzoneManagerProtocolServerSideTranslatorPB.submitRequest(OzoneManagerProtocolServerSideTranslatorPB.java:147) [ozone-manager-1.3.0-SNAPSHOT.jar:?]
	at org.apache.hadoop.ozone.protocol.proto.OzoneManagerProtocolProtos$OzoneManagerService$2.callBlockingMethod(OzoneManagerProtocolProtos.java) [ozone-interface-client-1.3.0-SNAPSHOT.jar:?]
	at org.apache.hadoop.ipc.ProtobufRpcEngine$Server.processCall(ProtobufRpcEngine.java:466) [hadoop-common-3.3.1.jar:?]
	at org.apache.hadoop.ipc.ProtobufRpcEngine2$Server$ProtoBufRpcInvoker.call(ProtobufRpcEngine2.java:574) [hadoop-common-3.3.1.jar:?]
	at org.apache.hadoop.ipc.ProtobufRpcEngine2$Server$ProtoBufRpcInvoker.call(ProtobufRpcEngine2.java:552) [hadoop-common-3.3.1.jar:?]
	at org.apache.hadoop.ipc.RPC$Server.call(RPC.java:1093) [hadoop-common-3.3.1.jar:?]
	at org.apache.hadoop.ipc.Server$RpcCall.run(Server.java:1035) [hadoop-common-3.3.1.jar:?]
	at org.apache.hadoop.ipc.Server$RpcCall.run(Server.java:963) [hadoop-common-3.3.1.jar:?]
	at java.security.AccessController.doPrivileged(Native Method) ~[?:1.8.0_332]
	at javax.security.auth.Subject.doAs(Subject.java:422) [?:1.8.0_332]
	at org.apache.hadoop.security.UserGroupInformation.doAs(UserGroupInformation.java:1878) [hadoop-common-3.3.1.jar:?]
	at org.apache.hadoop.ipc.Server$Handler.run(Server.java:2966) [hadoop-common-3.3.1.jar:?]
01:50:13.008 [IPC Server handler 0 on default port 41659] ERROR OMAudit - user=runner | ip=127.0.0.1 | op=GET_FILE_STATUS {volume=volume00399, bucket=bucket61404, key=.Trash/runner, dataSize=0, replicationConfig=null} | ret=FAILURE
org.apache.hadoop.ozone.om.exceptions.OMException: Unable to get file status: volume: volume00399 bucket: bucket61404 key: .Trash/runner
	at org.apache.hadoop.ozone.om.KeyManagerImpl.getOzoneFileStatus(KeyManagerImpl.java:1311) ~[ozone-manager-1.3.0-SNAPSHOT.jar:?]
	at org.apache.hadoop.ozone.om.KeyManagerImpl.getFileStatus(KeyManagerImpl.java:1241) ~[ozone-manager-1.3.0-SNAPSHOT.jar:?]
	at org.apache.hadoop.ozone.om.OzoneManager.getFileStatus(OzoneManager.java:3467) ~[ozone-manager-1.3.0-SNAPSHOT.jar:?]
	at org.apache.hadoop.ozone.protocolPB.OzoneManagerRequestHandler.getOzoneFileStatus(OzoneManagerRequestHandler.java:878) ~[ozone-manager-1.3.0-SNAPSHOT.jar:?]
	at org.apache.hadoop.ozone.protocolPB.OzoneManagerRequestHandler.handleReadRequest(OzoneManagerRequestHandler.java:224) ~[ozone-manager-1.3.0-SNAPSHOT.jar:?]
	at org.apache.hadoop.ozone.protocolPB.OzoneManagerProtocolServerSideTranslatorPB.submitRequestDirectlyToOM(OzoneManagerProtocolServerSideTranslatorPB.java:276) ~[ozone-manager-1.3.0-SNAPSHOT.jar:?]
	at org.apache.hadoop.ozone.protocolPB.OzoneManagerProtocolServerSideTranslatorPB.processRequest(OzoneManagerProtocolServerSideTranslatorPB.java:205) ~[ozone-manager-1.3.0-SNAPSHOT.jar:?]
	at org.apache.hadoop.hdds.server.OzoneProtocolMessageDispatcher.processRequest(OzoneProtocolMessageDispatcher.java:87) [hdds-server-framework-1.3.0-SNAPSHOT.jar:?]
	at org.apache.hadoop.ozone.protocolPB.OzoneManagerProtocolServerSideTranslatorPB.submitRequest(OzoneManagerProtocolServerSideTranslatorPB.java:147) [ozone-manager-1.3.0-SNAPSHOT.jar:?]
	at org.apache.hadoop.ozone.protocol.proto.OzoneManagerProtocolProtos$OzoneManagerService$2.callBlockingMethod(OzoneManagerProtocolProtos.java) [ozone-interface-client-1.3.0-SNAPSHOT.jar:?]
	at org.apache.hadoop.ipc.ProtobufRpcEngine$Server.processCall(ProtobufRpcEngine.java:466) [hadoop-common-3.3.1.jar:?]
	at org.apache.hadoop.ipc.ProtobufRpcEngine2$Server$ProtoBufRpcInvoker.call(ProtobufRpcEngine2.java:574) [hadoop-common-3.3.1.jar:?]
	at org.apache.hadoop.ipc.ProtobufRpcEngine2$Server$ProtoBufRpcInvoker.call(ProtobufRpcEngine2.java:552) [hadoop-common-3.3.1.jar:?]
	at org.apache.hadoop.ipc.RPC$Server.call(RPC.java:1093) [hadoop-common-3.3.1.jar:?]
	at org.apache.hadoop.ipc.Server$RpcCall.run(Server.java:1035) [hadoop-common-3.3.1.jar:?]
	at org.apache.hadoop.ipc.Server$RpcCall.run(Server.java:963) [hadoop-common-3.3.1.jar:?]
	at java.security.AccessController.doPrivileged(Native Method) ~[?:1.8.0_332]
	at javax.security.auth.Subject.doAs(Subject.java:422) [?:1.8.0_332]
	at org.apache.hadoop.security.UserGroupInformation.doAs(UserGroupInformation.java:1878) [hadoop-common-3.3.1.jar:?]
	at org.apache.hadoop.ipc.Server$Handler.run(Server.java:2966) [hadoop-common-3.3.1.jar:?]
01:50:13.028 [IPC Server handler 8 on default port 41659] ERROR OMAudit - user=runner | ip=127.0.0.1 | op=GET_FILE_STATUS {volume=620ff068-3258-44ee-b0b8-7e5acdcad73f, bucket=21b9d1bf-28cb-4830-b493-1c35ee34b37f, key=.Trash, dataSize=0, replicationConfig=null} | ret=FAILURE
org.apache.hadoop.ozone.om.exceptions.OMException: Unable to get file status: volume: 620ff068-3258-44ee-b0b8-7e5acdcad73f bucket: 21b9d1bf-28cb-4830-b493-1c35ee34b37f key: .Trash
	at org.apache.hadoop.ozone.om.KeyManagerImpl.getOzoneFileStatus(KeyManagerImpl.java:1311) ~[ozone-manager-1.3.0-SNAPSHOT.jar:?]
	at org.apache.hadoop.ozone.om.KeyManagerImpl.getFileStatus(KeyManagerImpl.java:1241) ~[ozone-manager-1.3.0-SNAPSHOT.jar:?]
	at org.apache.hadoop.ozone.om.OzoneManager.getFileStatus(OzoneManager.java:3467) ~[ozone-manager-1.3.0-SNAPSHOT.jar:?]
	at org.apache.hadoop.ozone.protocolPB.OzoneManagerRequestHandler.getOzoneFileStatus(OzoneManagerRequestHandler.java:878) ~[ozone-manager-1.3.0-SNAPSHOT.jar:?]
	at org.apache.hadoop.ozone.protocolPB.OzoneManagerRequestHandler.handleReadRequest(OzoneManagerRequestHandler.java:224) ~[ozone-manager-1.3.0-SNAPSHOT.jar:?]
	at org.apache.hadoop.ozone.protocolPB.OzoneManagerProtocolServerSideTranslatorPB.submitRequestDirectlyToOM(OzoneManagerProtocolServerSideTranslatorPB.java:276) ~[ozone-manager-1.3.0-SNAPSHOT.jar:?]
	at org.apache.hadoop.ozone.protocolPB.OzoneManagerProtocolServerSideTranslatorPB.processRequest(OzoneManagerProtocolServerSideTranslatorPB.java:205) ~[ozone-manager-1.3.0-SNAPSHOT.jar:?]
	at org.apache.hadoop.hdds.server.OzoneProtocolMessageDispatcher.processRequest(OzoneProtocolMessageDispatcher.java:87) [hdds-server-framework-1.3.0-SNAPSHOT.jar:?]
	at org.apache.hadoop.ozone.protocolPB.OzoneManagerProtocolServerSideTranslatorPB.submitRequest(OzoneManagerProtocolServerSideTranslatorPB.java:147) [ozone-manager-1.3.0-SNAPSHOT.jar:?]
	at org.apache.hadoop.ozone.protocol.proto.OzoneManagerProtocolProtos$OzoneManagerService$2.callBlockingMethod(OzoneManagerProtocolProtos.java) [ozone-interface-client-1.3.0-SNAPSHOT.jar:?]
	at org.apache.hadoop.ipc.ProtobufRpcEngine$Server.processCall(ProtobufRpcEngine.java:466) [hadoop-common-3.3.1.jar:?]
	at org.apache.hadoop.ipc.ProtobufRpcEngine2$Server$ProtoBufRpcInvoker.call(ProtobufRpcEngine2.java:574) [hadoop-common-3.3.1.jar:?]
	at org.apache.hadoop.ipc.ProtobufRpcEngine2$Server$ProtoBufRpcInvoker.call(ProtobufRpcEngine2.java:552) [hadoop-common-3.3.1.jar:?]
	at org.apache.hadoop.ipc.RPC$Server.call(RPC.java:1093) [hadoop-common-3.3.1.jar:?]
	at org.apache.hadoop.ipc.Server$RpcCall.run(Server.java:1035) [hadoop-common-3.3.1.jar:?]
	at org.apache.hadoop.ipc.Server$RpcCall.run(Server.java:963) [hadoop-common-3.3.1.jar:?]
	at java.security.AccessController.doPrivileged(Native Method) ~[?:1.8.0_332]
	at javax.security.auth.Subject.doAs(Subject.java:422) [?:1.8.0_332]
	at org.apache.hadoop.security.UserGroupInformation.doAs(UserGroupInformation.java:1878) [hadoop-common-3.3.1.jar:?]
	at org.apache.hadoop.ipc.Server$Handler.run(Server.java:2966) [hadoop-common-3.3.1.jar:?]
01:50:13.031 [IPC Server handler 19 on default port 41659] ERROR OMAudit - user=runner | ip=127.0.0.1 | op=GET_FILE_STATUS {volume=volume00399, bucket=bucket61404, key=.Trash, dataSize=0, replicationConfig=null} | ret=FAILURE
org.apache.hadoop.ozone.om.exceptions.OMException: Unable to get file status: volume: volume00399 bucket: bucket61404 key: .Trash
	at org.apache.hadoop.ozone.om.KeyManagerImpl.getOzoneFileStatus(KeyManagerImpl.java:1311) ~[ozone-manager-1.3.0-SNAPSHOT.jar:?]
	at org.apache.hadoop.ozone.om.KeyManagerImpl.getFileStatus(KeyManagerImpl.java:1241) ~[ozone-manager-1.3.0-SNAPSHOT.jar:?]
	at org.apache.hadoop.ozone.om.OzoneManager.getFileStatus(OzoneManager.java:3467) ~[ozone-manager-1.3.0-SNAPSHOT.jar:?]
	at org.apache.hadoop.ozone.protocolPB.OzoneManagerRequestHandler.getOzoneFileStatus(OzoneManagerRequestHandler.java:878) ~[ozone-manager-1.3.0-SNAPSHOT.jar:?]
	at org.apache.hadoop.ozone.protocolPB.OzoneManagerRequestHandler.handleReadRequest(OzoneManagerRequestHandler.java:224) ~[ozone-manager-1.3.0-SNAPSHOT.jar:?]
	at org.apache.hadoop.ozone.protocolPB.OzoneManagerProtocolServerSideTranslatorPB.submitRequestDirectlyToOM(OzoneManagerProtocolServerSideTranslatorPB.java:276) ~[ozone-manager-1.3.0-SNAPSHOT.jar:?]
	at org.apache.hadoop.ozone.protocolPB.OzoneManagerProtocolServerSideTranslatorPB.processRequest(OzoneManagerProtocolServerSideTranslatorPB.java:205) ~[ozone-manager-1.3.0-SNAPSHOT.jar:?]
	at org.apache.hadoop.hdds.server.OzoneProtocolMessageDispatcher.processRequest(OzoneProtocolMessageDispatcher.java:87) [hdds-server-framework-1.3.0-SNAPSHOT.jar:?]
	at org.apache.hadoop.ozone.protocolPB.OzoneManagerProtocolServerSideTranslatorPB.submitRequest(OzoneManagerProtocolServerSideTranslatorPB.java:147) [ozone-manager-1.3.0-SNAPSHOT.jar:?]
	at org.apache.hadoop.ozone.protocol.proto.OzoneManagerProtocolProtos$OzoneManagerService$2.callBlockingMethod(OzoneManagerProtocolProtos.java) [ozone-interface-client-1.3.0-SNAPSHOT.jar:?]
	at org.apache.hadoop.ipc.ProtobufRpcEngine$Server.processCall(ProtobufRpcEngine.java:466) [hadoop-common-3.3.1.jar:?]
	at org.apache.hadoop.ipc.ProtobufRpcEngine2$Server$ProtoBufRpcInvoker.call(ProtobufRpcEngine2.java:574) [hadoop-common-3.3.1.jar:?]
	at org.apache.hadoop.ipc.ProtobufRpcEngine2$Server$ProtoBufRpcInvoker.call(ProtobufRpcEngine2.java:552) [hadoop-common-3.3.1.jar:?]
	at org.apache.hadoop.ipc.RPC$Server.call(RPC.java:1093) [hadoop-common-3.3.1.jar:?]
	at org.apache.hadoop.ipc.Server$RpcCall.run(Server.java:1035) [hadoop-common-3.3.1.jar:?]
	at org.apache.hadoop.ipc.Server$RpcCall.run(Server.java:963) [hadoop-common-3.3.1.jar:?]
	at java.security.AccessController.doPrivileged(Native Method) ~[?:1.8.0_332]
	at javax.security.auth.Subject.doAs(Subject.java:422) [?:1.8.0_332]
	at org.apache.hadoop.security.UserGroupInformation.doAs(UserGroupInformation.java:1878) [hadoop-common-3.3.1.jar:?]
	at org.apache.hadoop.ipc.Server$Handler.run(Server.java:2966) [hadoop-common-3.3.1.jar:?]
01:50:13.068 [IPC Server handler 19 on default port 41659] ERROR OMAudit - user=runner | ip=127.0.0.1 | op=GET_FILE_STATUS {volume=volume08150, bucket=trashroottest2, key=.Trash/runner, dataSize=0, replicationConfig=null} | ret=FAILURE
org.apache.hadoop.ozone.om.exceptions.OMException: Unable to get file status: volume: volume08150 bucket: trashroottest2 key: .Trash/runner
	at org.apache.hadoop.ozone.om.KeyManagerImpl.getOzoneFileStatus(KeyManagerImpl.java:1311) ~[ozone-manager-1.3.0-SNAPSHOT.jar:?]
	at org.apache.hadoop.ozone.om.KeyManagerImpl.getFileStatus(KeyManagerImpl.java:1241) ~[ozone-manager-1.3.0-SNAPSHOT.jar:?]
	at org.apache.hadoop.ozone.om.OzoneManager.getFileStatus(OzoneManager.java:3467) ~[ozone-manager-1.3.0-SNAPSHOT.jar:?]
	at org.apache.hadoop.ozone.protocolPB.OzoneManagerRequestHandler.getOzoneFileStatus(OzoneManagerRequestHandler.java:878) ~[ozone-manager-1.3.0-SNAPSHOT.jar:?]
	at org.apache.hadoop.ozone.protocolPB.OzoneManagerRequestHandler.handleReadRequest(OzoneManagerRequestHandler.java:224) ~[ozone-manager-1.3.0-SNAPSHOT.jar:?]
	at org.apache.hadoop.ozone.protocolPB.OzoneManagerProtocolServerSideTranslatorPB.submitRequestDirectlyToOM(OzoneManagerProtocolServerSideTranslatorPB.java:276) ~[ozone-manager-1.3.0-SNAPSHOT.jar:?]
	at org.apache.hadoop.ozone.protocolPB.OzoneManagerProtocolServerSideTranslatorPB.processRequest(OzoneManagerProtocolServerSideTranslatorPB.java:205) ~[ozone-manager-1.3.0-SNAPSHOT.jar:?]
	at org.apache.hadoop.hdds.server.OzoneProtocolMessageDispatcher.processRequest(OzoneProtocolMessageDispatcher.java:87) [hdds-server-framework-1.3.0-SNAPSHOT.jar:?]
	at org.apache.hadoop.ozone.protocolPB.OzoneManagerProtocolServerSideTranslatorPB.submitRequest(OzoneManagerProtocolServerSideTranslatorPB.java:147) [ozone-manager-1.3.0-SNAPSHOT.jar:?]
	at org.apache.hadoop.ozone.protocol.proto.OzoneManagerProtocolProtos$OzoneManagerService$2.callBlockingMethod(OzoneManagerProtocolProtos.java) [ozone-interface-client-1.3.0-SNAPSHOT.jar:?]
	at org.apache.hadoop.ipc.ProtobufRpcEngine$Server.processCall(ProtobufRpcEngine.java:466) [hadoop-common-3.3.1.jar:?]
	at org.apache.hadoop.ipc.ProtobufRpcEngine2$Server$ProtoBufRpcInvoker.call(ProtobufRpcEngine2.java:574) [hadoop-common-3.3.1.jar:?]
	at org.apache.hadoop.ipc.ProtobufRpcEngine2$Server$ProtoBufRpcInvoker.call(ProtobufRpcEngine2.java:552) [hadoop-common-3.3.1.jar:?]
	at org.apache.hadoop.ipc.RPC$Server.call(RPC.java:1093) [hadoop-common-3.3.1.jar:?]
	at org.apache.hadoop.ipc.Server$RpcCall.run(Server.java:1035) [hadoop-common-3.3.1.jar:?]
	at org.apache.hadoop.ipc.Server$RpcCall.run(Server.java:963) [hadoop-common-3.3.1.jar:?]
	at java.security.AccessController.doPrivileged(Native Method) ~[?:1.8.0_332]
	at javax.security.auth.Subject.doAs(Subject.java:422) [?:1.8.0_332]
	at org.apache.hadoop.security.UserGroupInformation.doAs(UserGroupInformation.java:1878) [hadoop-common-3.3.1.jar:?]
	at org.apache.hadoop.ipc.Server$Handler.run(Server.java:2966) [hadoop-common-3.3.1.jar:?]
01:50:13.070 [IPC Server handler 14 on default port 41659] ERROR OMAudit - user=runner | ip=127.0.0.1 | op=GET_FILE_STATUS {volume=volume00399, bucket=bucket61404, key=.Trash/runner, dataSize=0, replicationConfig=null} | ret=FAILURE
org.apache.hadoop.ozone.om.exceptions.OMException: Unable to get file status: volume: volume00399 bucket: bucket61404 key: .Trash/runner
	at org.apache.hadoop.ozone.om.KeyManagerImpl.getOzoneFileStatus(KeyManagerImpl.java:1311) ~[ozone-manager-1.3.0-SNAPSHOT.jar:?]
	at org.apache.hadoop.ozone.om.KeyManagerImpl.getFileStatus(KeyManagerImpl.java:1241) ~[ozone-manager-1.3.0-SNAPSHOT.jar:?]
	at org.apache.hadoop.ozone.om.OzoneManager.getFileStatus(OzoneManager.java:3467) ~[ozone-manager-1.3.0-SNAPSHOT.jar:?]
	at org.apache.hadoop.ozone.protocolPB.OzoneManagerRequestHandler.getOzoneFileStatus(OzoneManagerRequestHandler.java:878) ~[ozone-manager-1.3.0-SNAPSHOT.jar:?]
	at org.apache.hadoop.ozone.protocolPB.OzoneManagerRequestHandler.handleReadRequest(OzoneManagerRequestHandler.java:224) ~[ozone-manager-1.3.0-SNAPSHOT.jar:?]
	at org.apache.hadoop.ozone.protocolPB.OzoneManagerProtocolServerSideTranslatorPB.submitRequestDirectlyToOM(OzoneManagerProtocolServerSideTranslatorPB.java:276) ~[ozone-manager-1.3.0-SNAPSHOT.jar:?]
	at org.apache.hadoop.ozone.protocolPB.OzoneManagerProtocolServerSideTranslatorPB.processRequest(OzoneManagerProtocolServerSideTranslatorPB.java:205) ~[ozone-manager-1.3.0-SNAPSHOT.jar:?]
	at org.apache.hadoop.hdds.server.OzoneProtocolMessageDispatcher.processRequest(OzoneProtocolMessageDispatcher.java:87) [hdds-server-framework-1.3.0-SNAPSHOT.jar:?]
	at org.apache.hadoop.ozone.protocolPB.OzoneManagerProtocolServerSideTranslatorPB.submitRequest(OzoneManagerProtocolServerSideTranslatorPB.java:147) [ozone-manager-1.3.0-SNAPSHOT.jar:?]
	at org.apache.hadoop.ozone.protocol.proto.OzoneManagerProtocolProtos$OzoneManagerService$2.callBlockingMethod(OzoneManagerProtocolProtos.java) [ozone-interface-client-1.3.0-SNAPSHOT.jar:?]
	at org.apache.hadoop.ipc.ProtobufRpcEngine$Server.processCall(ProtobufRpcEngine.java:466) [hadoop-common-3.3.1.jar:?]
	at org.apache.hadoop.ipc.ProtobufRpcEngine2$Server$ProtoBufRpcInvoker.call(ProtobufRpcEngine2.java:574) [hadoop-common-3.3.1.jar:?]
	at org.apache.hadoop.ipc.ProtobufRpcEngine2$Server$ProtoBufRpcInvoker.call(ProtobufRpcEngine2.java:552) [hadoop-common-3.3.1.jar:?]
	at org.apache.hadoop.ipc.RPC$Server.call(RPC.java:1093) [hadoop-common-3.3.1.jar:?]
	at org.apache.hadoop.ipc.Server$RpcCall.run(Server.java:1035) [hadoop-common-3.3.1.jar:?]
	at org.apache.hadoop.ipc.Server$RpcCall.run(Server.java:963) [hadoop-common-3.3.1.jar:?]
	at java.security.AccessController.doPrivileged(Native Method) ~[?:1.8.0_332]
	at javax.security.auth.Subject.doAs(Subject.java:422) [?:1.8.0_332]
	at org.apache.hadoop.security.UserGroupInformation.doAs(UserGroupInformation.java:1878) [hadoop-common-3.3.1.jar:?]
	at org.apache.hadoop.ipc.Server$Handler.run(Server.java:2966) [hadoop-common-3.3.1.jar:?]
01:50:13.081 [IPC Server handler 1 on default port 41659] ERROR OMAudit - user=runner | ip=127.0.0.1 | op=GET_FILE_STATUS {volume=620ff068-3258-44ee-b0b8-7e5acdcad73f, bucket=21b9d1bf-28cb-4830-b493-1c35ee34b37f, key=.Trash, dataSize=0, replicationConfig=null} | ret=FAILURE
org.apache.hadoop.ozone.om.exceptions.OMException: Unable to get file status: volume: 620ff068-3258-44ee-b0b8-7e5acdcad73f bucket: 21b9d1bf-28cb-4830-b493-1c35ee34b37f key: .Trash
	at org.apache.hadoop.ozone.om.KeyManagerImpl.getOzoneFileStatus(KeyManagerImpl.java:1311) ~[ozone-manager-1.3.0-SNAPSHOT.jar:?]
	at org.apache.hadoop.ozone.om.KeyManagerImpl.getFileStatus(KeyManagerImpl.java:1241) ~[ozone-manager-1.3.0-SNAPSHOT.jar:?]
	at org.apache.hadoop.ozone.om.OzoneManager.getFileStatus(OzoneManager.java:3467) ~[ozone-manager-1.3.0-SNAPSHOT.jar:?]
	at org.apache.hadoop.ozone.protocolPB.OzoneManagerRequestHandler.getOzoneFileStatus(OzoneManagerRequestHandler.java:878) ~[ozone-manager-1.3.0-SNAPSHOT.jar:?]
	at org.apache.hadoop.ozone.protocolPB.OzoneManagerRequestHandler.handleReadRequest(OzoneManagerRequestHandler.java:224) ~[ozone-manager-1.3.0-SNAPSHOT.jar:?]
	at org.apache.hadoop.ozone.protocolPB.OzoneManagerProtocolServerSideTranslatorPB.submitRequestDirectlyToOM(OzoneManagerProtocolServerSideTranslatorPB.java:276) ~[ozone-manager-1.3.0-SNAPSHOT.jar:?]
	at org.apache.hadoop.ozone.protocolPB.OzoneManagerProtocolServerSideTranslatorPB.processRequest(OzoneManagerProtocolServerSideTranslatorPB.java:205) ~[ozone-manager-1.3.0-SNAPSHOT.jar:?]
	at org.apache.hadoop.hdds.server.OzoneProtocolMessageDispatcher.processRequest(OzoneProtocolMessageDispatcher.java:87) [hdds-server-framework-1.3.0-SNAPSHOT.jar:?]
	at org.apache.hadoop.ozone.protocolPB.OzoneManagerProtocolServerSideTranslatorPB.submitRequest(OzoneManagerProtocolServerSideTranslatorPB.java:147) [ozone-manager-1.3.0-SNAPSHOT.jar:?]
	at org.apache.hadoop.ozone.protocol.proto.OzoneManagerProtocolProtos$OzoneManagerService$2.callBlockingMethod(OzoneManagerProtocolProtos.java) [ozone-interface-client-1.3.0-SNAPSHOT.jar:?]
	at org.apache.hadoop.ipc.ProtobufRpcEngine$Server.processCall(ProtobufRpcEngine.java:466) [hadoop-common-3.3.1.jar:?]
	at org.apache.hadoop.ipc.ProtobufRpcEngine2$Server$ProtoBufRpcInvoker.call(ProtobufRpcEngine2.java:574) [hadoop-common-3.3.1.jar:?]
	at org.apache.hadoop.ipc.ProtobufRpcEngine2$Server$ProtoBufRpcInvoker.call(ProtobufRpcEngine2.java:552) [hadoop-common-3.3.1.jar:?]
	at org.apache.hadoop.ipc.RPC$Server.call(RPC.java:1093) [hadoop-common-3.3.1.jar:?]
	at org.apache.hadoop.ipc.Server$RpcCall.run(Server.java:1035) [hadoop-common-3.3.1.jar:?]
	at org.apache.hadoop.ipc.Server$RpcCall.run(Server.java:963) [hadoop-common-3.3.1.jar:?]
	at java.security.AccessController.doPrivileged(Native Method) ~[?:1.8.0_332]
	at javax.security.auth.Subject.doAs(Subject.java:422) [?:1.8.0_332]
	at org.apache.hadoop.security.UserGroupInformation.doAs(UserGroupInformation.java:1878) [hadoop-common-3.3.1.jar:?]
	at org.apache.hadoop.ipc.Server$Handler.run(Server.java:2966) [hadoop-common-3.3.1.jar:?]
01:50:13.088 [IPC Server handler 6 on default port 41659] ERROR OMAudit - user=runner | ip=127.0.0.1 | op=GET_FILE_STATUS {volume=volume00399, bucket=bucket61404, key=.Trash, dataSize=0, replicationConfig=null} | ret=FAILURE
org.apache.hadoop.ozone.om.exceptions.OMException: Unable to get file status: volume: volume00399 bucket: bucket61404 key: .Trash
	at org.apache.hadoop.ozone.om.KeyManagerImpl.getOzoneFileStatus(KeyManagerImpl.java:1311) ~[ozone-manager-1.3.0-SNAPSHOT.jar:?]
	at org.apache.hadoop.ozone.om.KeyManagerImpl.getFileStatus(KeyManagerImpl.java:1241) ~[ozone-manager-1.3.0-SNAPSHOT.jar:?]
	at org.apache.hadoop.ozone.om.OzoneManager.getFileStatus(OzoneManager.java:3467) ~[ozone-manager-1.3.0-SNAPSHOT.jar:?]
	at org.apache.hadoop.ozone.protocolPB.OzoneManagerRequestHandler.getOzoneFileStatus(OzoneManagerRequestHandler.java:878) ~[ozone-manager-1.3.0-SNAPSHOT.jar:?]
	at org.apache.hadoop.ozone.protocolPB.OzoneManagerRequestHandler.handleReadRequest(OzoneManagerRequestHandler.java:224) ~[ozone-manager-1.3.0-SNAPSHOT.jar:?]
	at org.apache.hadoop.ozone.protocolPB.OzoneManagerProtocolServerSideTranslatorPB.submitRequestDirectlyToOM(OzoneManagerProtocolServerSideTranslatorPB.java:276) ~[ozone-manager-1.3.0-SNAPSHOT.jar:?]
	at org.apache.hadoop.ozone.protocolPB.OzoneManagerProtocolServerSideTranslatorPB.processRequest(OzoneManagerProtocolServerSideTranslatorPB.java:205) ~[ozone-manager-1.3.0-SNAPSHOT.jar:?]
	at org.apache.hadoop.hdds.server.OzoneProtocolMessageDispatcher.processRequest(OzoneProtocolMessageDispatcher.java:87) [hdds-server-framework-1.3.0-SNAPSHOT.jar:?]
	at org.apache.hadoop.ozone.protocolPB.OzoneManagerProtocolServerSideTranslatorPB.submitRequest(OzoneManagerProtocolServerSideTranslatorPB.java:147) [ozone-manager-1.3.0-SNAPSHOT.jar:?]
	at org.apache.hadoop.ozone.protocol.proto.OzoneManagerProtocolProtos$OzoneManagerService$2.callBlockingMethod(OzoneManagerProtocolProtos.java) [ozone-interface-client-1.3.0-SNAPSHOT.jar:?]
	at org.apache.hadoop.ipc.ProtobufRpcEngine$Server.processCall(ProtobufRpcEngine.java:466) [hadoop-common-3.3.1.jar:?]
	at org.apache.hadoop.ipc.ProtobufRpcEngine2$Server$ProtoBufRpcInvoker.call(ProtobufRpcEngine2.java:574) [hadoop-common-3.3.1.jar:?]
	at org.apache.hadoop.ipc.ProtobufRpcEngine2$Server$ProtoBufRpcInvoker.call(ProtobufRpcEngine2.java:552) [hadoop-common-3.3.1.jar:?]
	at org.apache.hadoop.ipc.RPC$Server.call(RPC.java:1093) [hadoop-common-3.3.1.jar:?]
	at org.apache.hadoop.ipc.Server$RpcCall.run(Server.java:1035) [hadoop-common-3.3.1.jar:?]
	at org.apache.hadoop.ipc.Server$RpcCall.run(Server.java:963) [hadoop-common-3.3.1.jar:?]
	at java.security.AccessController.doPrivileged(Native Method) ~[?:1.8.0_332]
	at javax.security.auth.Subject.doAs(Subject.java:422) [?:1.8.0_332]
	at org.apache.hadoop.security.UserGroupInformation.doAs(UserGroupInformation.java:1878) [hadoop-common-3.3.1.jar:?]
	at org.apache.hadoop.ipc.Server$Handler.run(Server.java:2966) [hadoop-common-3.3.1.jar:?]
01:50:13.095 [IPC Server handler 9 on default port 41659] ERROR OMAudit - user=runner | ip=127.0.0.1 | op=GET_FILE_STATUS {volume=volume08150, bucket=trashroottest2, key=.Trash, dataSize=0, replicationConfig=null} | ret=FAILURE
org.apache.hadoop.ozone.om.exceptions.OMException: Unable to get file status: volume: volume08150 bucket: trashroottest2 key: .Trash
	at org.apache.hadoop.ozone.om.KeyManagerImpl.getOzoneFileStatus(KeyManagerImpl.java:1311) ~[ozone-manager-1.3.0-SNAPSHOT.jar:?]
	at org.apache.hadoop.ozone.om.KeyManagerImpl.getFileStatus(KeyManagerImpl.java:1241) ~[ozone-manager-1.3.0-SNAPSHOT.jar:?]
	at org.apache.hadoop.ozone.om.OzoneManager.getFileStatus(OzoneManager.java:3467) ~[ozone-manager-1.3.0-SNAPSHOT.jar:?]
	at org.apache.hadoop.ozone.protocolPB.OzoneManagerRequestHandler.getOzoneFileStatus(OzoneManagerRequestHandler.java:878) ~[ozone-manager-1.3.0-SNAPSHOT.jar:?]
	at org.apache.hadoop.ozone.protocolPB.OzoneManagerRequestHandler.handleReadRequest(OzoneManagerRequestHandler.java:224) ~[ozone-manager-1.3.0-SNAPSHOT.jar:?]
	at org.apache.hadoop.ozone.protocolPB.OzoneManagerProtocolServerSideTranslatorPB.submitRequestDirectlyToOM(OzoneManagerProtocolServerSideTranslatorPB.java:276) ~[ozone-manager-1.3.0-SNAPSHOT.jar:?]
	at org.apache.hadoop.ozone.protocolPB.OzoneManagerProtocolServerSideTranslatorPB.processRequest(OzoneManagerProtocolServerSideTranslatorPB.java:205) ~[ozone-manager-1.3.0-SNAPSHOT.jar:?]
	at org.apache.hadoop.hdds.server.OzoneProtocolMessageDispatcher.processRequest(OzoneProtocolMessageDispatcher.java:87) [hdds-server-framework-1.3.0-SNAPSHOT.jar:?]
	at org.apache.hadoop.ozone.protocolPB.OzoneManagerProtocolServerSideTranslatorPB.submitRequest(OzoneManagerProtocolServerSideTranslatorPB.java:147) [ozone-manager-1.3.0-SNAPSHOT.jar:?]
	at org.apache.hadoop.ozone.protocol.proto.OzoneManagerProtocolProtos$OzoneManagerService$2.callBlockingMethod(OzoneManagerProtocolProtos.java) [ozone-interface-client-1.3.0-SNAPSHOT.jar:?]
	at org.apache.hadoop.ipc.ProtobufRpcEngine$Server.processCall(ProtobufRpcEngine.java:466) [hadoop-common-3.3.1.jar:?]
	at org.apache.hadoop.ipc.ProtobufRpcEngine2$Server$ProtoBufRpcInvoker.call(ProtobufRpcEngine2.java:574) [hadoop-common-3.3.1.jar:?]
	at org.apache.hadoop.ipc.ProtobufRpcEngine2$Server$ProtoBufRpcInvoker.call(ProtobufRpcEngine2.java:552) [hadoop-common-3.3.1.jar:?]
	at org.apache.hadoop.ipc.RPC$Server.call(RPC.java:1093) [hadoop-common-3.3.1.jar:?]
	at org.apache.hadoop.ipc.Server$RpcCall.run(Server.java:1035) [hadoop-common-3.3.1.jar:?]
	at org.apache.hadoop.ipc.Server$RpcCall.run(Server.java:963) [hadoop-common-3.3.1.jar:?]
	at java.security.AccessController.doPrivileged(Native Method) ~[?:1.8.0_332]
	at javax.security.auth.Subject.doAs(Subject.java:422) [?:1.8.0_332]
	at org.apache.hadoop.security.UserGroupInformation.doAs(UserGroupInformation.java:1878) [hadoop-common-3.3.1.jar:?]
	at org.apache.hadoop.ipc.Server$Handler.run(Server.java:2966) [hadoop-common-3.3.1.jar:?]
01:50:13.110 [IPC Server handler 7 on default port 41659] ERROR OMAudit - user=runner | ip=127.0.0.1 | op=GET_FILE_STATUS {volume=volume08150, bucket=trashroottest2, key=.Trash/runner, dataSize=0, replicationConfig=null} | ret=FAILURE
org.apache.hadoop.ozone.om.exceptions.OMException: Unable to get file status: volume: volume08150 bucket: trashroottest2 key: .Trash/runner
	at org.apache.hadoop.ozone.om.KeyManagerImpl.getOzoneFileStatus(KeyManagerImpl.java:1311) ~[ozone-manager-1.3.0-SNAPSHOT.jar:?]
	at org.apache.hadoop.ozone.om.KeyManagerImpl.getFileStatus(KeyManagerImpl.java:1241) ~[ozone-manager-1.3.0-SNAPSHOT.jar:?]
	at org.apache.hadoop.ozone.om.OzoneManager.getFileStatus(OzoneManager.java:3467) ~[ozone-manager-1.3.0-SNAPSHOT.jar:?]
	at org.apache.hadoop.ozone.protocolPB.OzoneManagerRequestHandler.getOzoneFileStatus(OzoneManagerRequestHandler.java:878) ~[ozone-manager-1.3.0-SNAPSHOT.jar:?]
	at org.apache.hadoop.ozone.protocolPB.OzoneManagerRequestHandler.handleReadRequest(OzoneManagerRequestHandler.java:224) ~[ozone-manager-1.3.0-SNAPSHOT.jar:?]
	at org.apache.hadoop.ozone.protocolPB.OzoneManagerProtocolServerSideTranslatorPB.submitRequestDirectlyToOM(OzoneManagerProtocolServerSideTranslatorPB.java:276) ~[ozone-manager-1.3.0-SNAPSHOT.jar:?]
	at org.apache.hadoop.ozone.protocolPB.OzoneManagerProtocolServerSideTranslatorPB.processRequest(OzoneManagerProtocolServerSideTranslatorPB.java:205) ~[ozone-manager-1.3.0-SNAPSHOT.jar:?]
	at org.apache.hadoop.hdds.server.OzoneProtocolMessageDispatcher.processRequest(OzoneProtocolMessageDispatcher.java:87) [hdds-server-framework-1.3.0-SNAPSHOT.jar:?]
	at org.apache.hadoop.ozone.protocolPB.OzoneManagerProtocolServerSideTranslatorPB.submitRequest(OzoneManagerProtocolServerSideTranslatorPB.java:147) [ozone-manager-1.3.0-SNAPSHOT.jar:?]
	at org.apache.hadoop.ozone.protocol.proto.OzoneManagerProtocolProtos$OzoneManagerService$2.callBlockingMethod(OzoneManagerProtocolProtos.java) [ozone-interface-client-1.3.0-SNAPSHOT.jar:?]
	at org.apache.hadoop.ipc.ProtobufRpcEngine$Server.processCall(ProtobufRpcEngine.java:466) [hadoop-common-3.3.1.jar:?]
	at org.apache.hadoop.ipc.ProtobufRpcEngine2$Server$ProtoBufRpcInvoker.call(ProtobufRpcEngine2.java:574) [hadoop-common-3.3.1.jar:?]
	at org.apache.hadoop.ipc.ProtobufRpcEngine2$Server$ProtoBufRpcInvoker.call(ProtobufRpcEngine2.java:552) [hadoop-common-3.3.1.jar:?]
	at org.apache.hadoop.ipc.RPC$Server.call(RPC.java:1093) [hadoop-common-3.3.1.jar:?]
	at org.apache.hadoop.ipc.Server$RpcCall.run(Server.java:1035) [hadoop-common-3.3.1.jar:?]
	at org.apache.hadoop.ipc.Server$RpcCall.run(Server.java:963) [hadoop-common-3.3.1.jar:?]
	at java.security.AccessController.doPrivileged(Native Method) ~[?:1.8.0_332]
	at javax.security.auth.Subject.doAs(Subject.java:422) [?:1.8.0_332]
	at org.apache.hadoop.security.UserGroupInformation.doAs(UserGroupInformation.java:1878) [hadoop-common-3.3.1.jar:?]
	at org.apache.hadoop.ipc.Server$Handler.run(Server.java:2966) [hadoop-common-3.3.1.jar:?]
01:50:13.114 [IPC Server handler 5 on default port 41659] ERROR OMAudit - user=runner | ip=127.0.0.1 | op=GET_FILE_STATUS {volume=volume00399, bucket=bucket61404, key=.Trash/runner, dataSize=0, replicationConfig=null} | ret=FAILURE
org.apache.hadoop.ozone.om.exceptions.OMException: Unable to get file status: volume: volume00399 bucket: bucket61404 key: .Trash/runner
	at org.apache.hadoop.ozone.om.KeyManagerImpl.getOzoneFileStatus(KeyManagerImpl.java:1311) ~[ozone-manager-1.3.0-SNAPSHOT.jar:?]
	at org.apache.hadoop.ozone.om.KeyManagerImpl.getFileStatus(KeyManagerImpl.java:1241) ~[ozone-manager-1.3.0-SNAPSHOT.jar:?]
	at org.apache.hadoop.ozone.om.OzoneManager.getFileStatus(OzoneManager.java:3467) ~[ozone-manager-1.3.0-SNAPSHOT.jar:?]
	at org.apache.hadoop.ozone.protocolPB.OzoneManagerRequestHandler.getOzoneFileStatus(OzoneManagerRequestHandler.java:878) ~[ozone-manager-1.3.0-SNAPSHOT.jar:?]
	at org.apache.hadoop.ozone.protocolPB.OzoneManagerRequestHandler.handleReadRequest(OzoneManagerRequestHandler.java:224) ~[ozone-manager-1.3.0-SNAPSHOT.jar:?]
	at org.apache.hadoop.ozone.protocolPB.OzoneManagerProtocolServerSideTranslatorPB.submitRequestDirectlyToOM(OzoneManagerProtocolServerSideTranslatorPB.java:276) ~[ozone-manager-1.3.0-SNAPSHOT.jar:?]
	at org.apache.hadoop.ozone.protocolPB.OzoneManagerProtocolServerSideTranslatorPB.processRequest(OzoneManagerProtocolServerSideTranslatorPB.java:205) ~[ozone-manager-1.3.0-SNAPSHOT.jar:?]
	at org.apache.hadoop.hdds.server.OzoneProtocolMessageDispatcher.processRequest(OzoneProtocolMessageDispatcher.java:87) [hdds-server-framework-1.3.0-SNAPSHOT.jar:?]
	at org.apache.hadoop.ozone.protocolPB.OzoneManagerProtocolServerSideTranslatorPB.submitRequest(OzoneManagerProtocolServerSideTranslatorPB.java:147) [ozone-manager-1.3.0-SNAPSHOT.jar:?]
	at org.apache.hadoop.ozone.protocol.proto.OzoneManagerProtocolProtos$OzoneManagerService$2.callBlockingMethod(OzoneManagerProtocolProtos.java) [ozone-interface-client-1.3.0-SNAPSHOT.jar:?]
	at org.apache.hadoop.ipc.ProtobufRpcEngine$Server.processCall(ProtobufRpcEngine.java:466) [hadoop-common-3.3.1.jar:?]
	at org.apache.hadoop.ipc.ProtobufRpcEngine2$Server$ProtoBufRpcInvoker.call(ProtobufRpcEngine2.java:574) [hadoop-common-3.3.1.jar:?]
	at org.apache.hadoop.ipc.ProtobufRpcEngine2$Server$ProtoBufRpcInvoker.call(ProtobufRpcEngine2.java:552) [hadoop-common-3.3.1.jar:?]
	at org.apache.hadoop.ipc.RPC$Server.call(RPC.java:1093) [hadoop-common-3.3.1.jar:?]
	at org.apache.hadoop.ipc.Server$RpcCall.run(Server.java:1035) [hadoop-common-3.3.1.jar:?]
	at org.apache.hadoop.ipc.Server$RpcCall.run(Server.java:963) [hadoop-common-3.3.1.jar:?]
	at java.security.AccessController.doPrivileged(Native Method) ~[?:1.8.0_332]
	at javax.security.auth.Subject.doAs(Subject.java:422) [?:1.8.0_332]
	at org.apache.hadoop.security.UserGroupInformation.doAs(UserGroupInformation.java:1878) [hadoop-common-3.3.1.jar:?]
	at org.apache.hadoop.ipc.Server$Handler.run(Server.java:2966) [hadoop-common-3.3.1.jar:?]
01:50:13.120 [IPC Server handler 16 on default port 41659] ERROR OMAudit - user=runner | ip=127.0.0.1 | op=GET_FILE_STATUS {volume=620ff068-3258-44ee-b0b8-7e5acdcad73f, bucket=21b9d1bf-28cb-4830-b493-1c35ee34b37f, key=.Trash, dataSize=0, replicationConfig=null} | ret=FAILURE
org.apache.hadoop.ozone.om.exceptions.OMException: Unable to get file status: volume: 620ff068-3258-44ee-b0b8-7e5acdcad73f bucket: 21b9d1bf-28cb-4830-b493-1c35ee34b37f key: .Trash
	at org.apache.hadoop.ozone.om.KeyManagerImpl.getOzoneFileStatus(KeyManagerImpl.java:1311) ~[ozone-manager-1.3.0-SNAPSHOT.jar:?]
	at org.apache.hadoop.ozone.om.KeyManagerImpl.getFileStatus(KeyManagerImpl.java:1241) ~[ozone-manager-1.3.0-SNAPSHOT.jar:?]
	at org.apache.hadoop.ozone.om.OzoneManager.getFileStatus(OzoneManager.java:3467) ~[ozone-manager-1.3.0-SNAPSHOT.jar:?]
	at org.apache.hadoop.ozone.protocolPB.OzoneManagerRequestHandler.getOzoneFileStatus(OzoneManagerRequestHandler.java:878) ~[ozone-manager-1.3.0-SNAPSHOT.jar:?]
	at org.apache.hadoop.ozone.protocolPB.OzoneManagerRequestHandler.handleReadRequest(OzoneManagerRequestHandler.java:224) ~[ozone-manager-1.3.0-SNAPSHOT.jar:?]
	at org.apache.hadoop.ozone.protocolPB.OzoneManagerProtocolServerSideTranslatorPB.submitRequestDirectlyToOM(OzoneManagerProtocolServerSideTranslatorPB.java:276) ~[ozone-manager-1.3.0-SNAPSHOT.jar:?]
	at org.apache.hadoop.ozone.protocolPB.OzoneManagerProtocolServerSideTranslatorPB.processRequest(OzoneManagerProtocolServerSideTranslatorPB.java:205) ~[ozone-manager-1.3.0-SNAPSHOT.jar:?]
	at org.apache.hadoop.hdds.server.OzoneProtocolMessageDispatcher.processRequest(OzoneProtocolMessageDispatcher.java:87) [hdds-server-framework-1.3.0-SNAPSHOT.jar:?]
	at org.apache.hadoop.ozone.protocolPB.OzoneManagerProtocolServerSideTranslatorPB.submitRequest(OzoneManagerProtocolServerSideTranslatorPB.java:147) [ozone-manager-1.3.0-SNAPSHOT.jar:?]
	at org.apache.hadoop.ozone.protocol.proto.OzoneManagerProtocolProtos$OzoneManagerService$2.callBlockingMethod(OzoneManagerProtocolProtos.java) [ozone-interface-client-1.3.0-SNAPSHOT.jar:?]
	at org.apache.hadoop.ipc.ProtobufRpcEngine$Server.processCall(ProtobufRpcEngine.java:466) [hadoop-common-3.3.1.jar:?]
	at org.apache.hadoop.ipc.ProtobufRpcEngine2$Server$ProtoBufRpcInvoker.call(ProtobufRpcEngine2.java:574) [hadoop-common-3.3.1.jar:?]
	at org.apache.hadoop.ipc.ProtobufRpcEngine2$Server$ProtoBufRpcInvoker.call(ProtobufRpcEngine2.java:552) [hadoop-common-3.3.1.jar:?]
	at org.apache.hadoop.ipc.RPC$Server.call(RPC.java:1093) [hadoop-common-3.3.1.jar:?]
	at org.apache.hadoop.ipc.Server$RpcCall.run(Server.java:1035) [hadoop-common-3.3.1.jar:?]
	at org.apache.hadoop.ipc.Server$RpcCall.run(Server.java:963) [hadoop-common-3.3.1.jar:?]
	at java.security.AccessController.doPrivileged(Native Method) ~[?:1.8.0_332]
	at javax.security.auth.Subject.doAs(Subject.java:422) [?:1.8.0_332]
	at org.apache.hadoop.security.UserGroupInformation.doAs(UserGroupInformation.java:1878) [hadoop-common-3.3.1.jar:?]
	at org.apache.hadoop.ipc.Server$Handler.run(Server.java:2966) [hadoop-common-3.3.1.jar:?]
01:50:13.122 [IPC Server handler 9 on default port 41659] ERROR OMAudit - user=runner | ip=127.0.0.1 | op=GET_FILE_STATUS {volume=volume00399, bucket=bucket61404, key=.Trash, dataSize=0, replicationConfig=null} | ret=FAILURE
org.apache.hadoop.ozone.om.exceptions.OMException: Unable to get file status: volume: volume00399 bucket: bucket61404 key: .Trash
	at org.apache.hadoop.ozone.om.KeyManagerImpl.getOzoneFileStatus(KeyManagerImpl.java:1311) ~[ozone-manager-1.3.0-SNAPSHOT.jar:?]
	at org.apache.hadoop.ozone.om.KeyManagerImpl.getFileStatus(KeyManagerImpl.java:1241) ~[ozone-manager-1.3.0-SNAPSHOT.jar:?]
	at org.apache.hadoop.ozone.om.OzoneManager.getFileStatus(OzoneManager.java:3467) ~[ozone-manager-1.3.0-SNAPSHOT.jar:?]
	at org.apache.hadoop.ozone.protocolPB.OzoneManagerRequestHandler.getOzoneFileStatus(OzoneManagerRequestHandler.java:878) ~[ozone-manager-1.3.0-SNAPSHOT.jar:?]
	at org.apache.hadoop.ozone.protocolPB.OzoneManagerRequestHandler.handleReadRequest(OzoneManagerRequestHandler.java:224) ~[ozone-manager-1.3.0-SNAPSHOT.jar:?]
	at org.apache.hadoop.ozone.protocolPB.OzoneManagerProtocolServerSideTranslatorPB.submitRequestDirectlyToOM(OzoneManagerProtocolServerSideTranslatorPB.java:276) ~[ozone-manager-1.3.0-SNAPSHOT.jar:?]
	at org.apache.hadoop.ozone.protocolPB.OzoneManagerProtocolServerSideTranslatorPB.processRequest(OzoneManagerProtocolServerSideTranslatorPB.java:205) ~[ozone-manager-1.3.0-SNAPSHOT.jar:?]
	at org.apache.hadoop.hdds.server.OzoneProtocolMessageDispatcher.processRequest(OzoneProtocolMessageDispatcher.java:87) [hdds-server-framework-1.3.0-SNAPSHOT.jar:?]
	at org.apache.hadoop.ozone.protocolPB.OzoneManagerProtocolServerSideTranslatorPB.submitRequest(OzoneManagerProtocolServerSideTranslatorPB.java:147) [ozone-manager-1.3.0-SNAPSHOT.jar:?]
	at org.apache.hadoop.ozone.protocol.proto.OzoneManagerProtocolProtos$OzoneManagerService$2.callBlockingMethod(OzoneManagerProtocolProtos.java) [ozone-interface-client-1.3.0-SNAPSHOT.jar:?]
	at org.apache.hadoop.ipc.ProtobufRpcEngine$Server.processCall(ProtobufRpcEngine.java:466) [hadoop-common-3.3.1.jar:?]
	at org.apache.hadoop.ipc.ProtobufRpcEngine2$Server$ProtoBufRpcInvoker.call(ProtobufRpcEngine2.java:574) [hadoop-common-3.3.1.jar:?]
	at org.apache.hadoop.ipc.ProtobufRpcEngine2$Server$ProtoBufRpcInvoker.call(ProtobufRpcEngine2.java:552) [hadoop-common-3.3.1.jar:?]
	at org.apache.hadoop.ipc.RPC$Server.call(RPC.java:1093) [hadoop-common-3.3.1.jar:?]
	at org.apache.hadoop.ipc.Server$RpcCall.run(Server.java:1035) [hadoop-common-3.3.1.jar:?]
	at org.apache.hadoop.ipc.Server$RpcCall.run(Server.java:963) [hadoop-common-3.3.1.jar:?]
	at java.security.AccessController.doPrivileged(Native Method) ~[?:1.8.0_332]
	at javax.security.auth.Subject.doAs(Subject.java:422) [?:1.8.0_332]
	at org.apache.hadoop.security.UserGroupInformation.doAs(UserGroupInformation.java:1878) [hadoop-common-3.3.1.jar:?]
	at org.apache.hadoop.ipc.Server$Handler.run(Server.java:2966) [hadoop-common-3.3.1.jar:?]
01:50:13.133 [IPC Server handler 17 on default port 41659] ERROR OMAudit - user=runner | ip=127.0.0.1 | op=GET_FILE_STATUS {volume=volume08150, bucket=trashroottest2, key=.Trash, dataSize=0, replicationConfig=null} | ret=FAILURE
org.apache.hadoop.ozone.om.exceptions.OMException: Unable to get file status: volume: volume08150 bucket: trashroottest2 key: .Trash
	at org.apache.hadoop.ozone.om.KeyManagerImpl.getOzoneFileStatus(KeyManagerImpl.java:1311) ~[ozone-manager-1.3.0-SNAPSHOT.jar:?]
	at org.apache.hadoop.ozone.om.KeyManagerImpl.getFileStatus(KeyManagerImpl.java:1241) ~[ozone-manager-1.3.0-SNAPSHOT.jar:?]
	at org.apache.hadoop.ozone.om.OzoneManager.getFileStatus(OzoneManager.java:3467) ~[ozone-manager-1.3.0-SNAPSHOT.jar:?]
	at org.apache.hadoop.ozone.protocolPB.OzoneManagerRequestHandler.getOzoneFileStatus(OzoneManagerRequestHandler.java:878) ~[ozone-manager-1.3.0-SNAPSHOT.jar:?]
	at org.apache.hadoop.ozone.protocolPB.OzoneManagerRequestHandler.handleReadRequest(OzoneManagerRequestHandler.java:224) ~[ozone-manager-1.3.0-SNAPSHOT.jar:?]
	at org.apache.hadoop.ozone.protocolPB.OzoneManagerProtocolServerSideTranslatorPB.submitRequestDirectlyToOM(OzoneManagerProtocolServerSideTranslatorPB.java:276) ~[ozone-manager-1.3.0-SNAPSHOT.jar:?]
	at org.apache.hadoop.ozone.protocolPB.OzoneManagerProtocolServerSideTranslatorPB.processRequest(OzoneManagerProtocolServerSideTranslatorPB.java:205) ~[ozone-manager-1.3.0-SNAPSHOT.jar:?]
	at org.apache.hadoop.hdds.server.OzoneProtocolMessageDispatcher.processRequest(OzoneProtocolMessageDispatcher.java:87) [hdds-server-framework-1.3.0-SNAPSHOT.jar:?]
	at org.apache.hadoop.ozone.protocolPB.OzoneManagerProtocolServerSideTranslatorPB.submitRequest(OzoneManagerProtocolServerSideTranslatorPB.java:147) [ozone-manager-1.3.0-SNAPSHOT.jar:?]
	at org.apache.hadoop.ozone.protocol.proto.OzoneManagerProtocolProtos$OzoneManagerService$2.callBlockingMethod(OzoneManagerProtocolProtos.java) [ozone-interface-client-1.3.0-SNAPSHOT.jar:?]
	at org.apache.hadoop.ipc.ProtobufRpcEngine$Server.processCall(ProtobufRpcEngine.java:466) [hadoop-common-3.3.1.jar:?]
	at org.apache.hadoop.ipc.ProtobufRpcEngine2$Server$ProtoBufRpcInvoker.call(ProtobufRpcEngine2.java:574) [hadoop-common-3.3.1.jar:?]
	at org.apache.hadoop.ipc.ProtobufRpcEngine2$Server$ProtoBufRpcInvoker.call(ProtobufRpcEngine2.java:552) [hadoop-common-3.3.1.jar:?]
	at org.apache.hadoop.ipc.RPC$Server.call(RPC.java:1093) [hadoop-common-3.3.1.jar:?]
	at org.apache.hadoop.ipc.Server$RpcCall.run(Server.java:1035) [hadoop-common-3.3.1.jar:?]
	at org.apache.hadoop.ipc.Server$RpcCall.run(Server.java:963) [hadoop-common-3.3.1.jar:?]
	at java.security.AccessController.doPrivileged(Native Method) ~[?:1.8.0_332]
	at javax.security.auth.Subject.doAs(Subject.java:422) [?:1.8.0_332]
	at org.apache.hadoop.security.UserGroupInformation.doAs(UserGroupInformation.java:1878) [hadoop-common-3.3.1.jar:?]
	at org.apache.hadoop.ipc.Server$Handler.run(Server.java:2966) [hadoop-common-3.3.1.jar:?]
01:50:13.145 [IPC Server handler 18 on default port 41659] ERROR OMAudit - user=runner | ip=127.0.0.1 | op=GET_FILE_STATUS {volume=volume08150, bucket=bucket54820, key=.Trash/runner, dataSize=0, replicationConfig=null} | ret=FAILURE
org.apache.hadoop.ozone.om.exceptions.OMException: Unable to get file status: volume: volume08150 bucket: bucket54820 key: .Trash/runner
	at org.apache.hadoop.ozone.om.KeyManagerImpl.getOzoneFileStatus(KeyManagerImpl.java:1311) ~[ozone-manager-1.3.0-SNAPSHOT.jar:?]
	at org.apache.hadoop.ozone.om.KeyManagerImpl.getFileStatus(KeyManagerImpl.java:1241) ~[ozone-manager-1.3.0-SNAPSHOT.jar:?]
	at org.apache.hadoop.ozone.om.OzoneManager.getFileStatus(OzoneManager.java:3467) ~[ozone-manager-1.3.0-SNAPSHOT.jar:?]
	at org.apache.hadoop.ozone.protocolPB.OzoneManagerRequestHandler.getOzoneFileStatus(OzoneManagerRequestHandler.java:878) ~[ozone-manager-1.3.0-SNAPSHOT.jar:?]
	at org.apache.hadoop.ozone.protocolPB.OzoneManagerRequestHandler.handleReadRequest(OzoneManagerRequestHandler.java:224) ~[ozone-manager-1.3.0-SNAPSHOT.jar:?]
	at org.apache.hadoop.ozone.protocolPB.OzoneManagerProtocolServerSideTranslatorPB.submitRequestDirectlyToOM(OzoneManagerProtocolServerSideTranslatorPB.java:276) ~[ozone-manager-1.3.0-SNAPSHOT.jar:?]
	at org.apache.hadoop.ozone.protocolPB.OzoneManagerProtocolServerSideTranslatorPB.processRequest(OzoneManagerProtocolServerSideTranslatorPB.java:205) ~[ozone-manager-1.3.0-SNAPSHOT.jar:?]
	at org.apache.hadoop.hdds.server.OzoneProtocolMessageDispatcher.processRequest(OzoneProtocolMessageDispatcher.java:87) [hdds-server-framework-1.3.0-SNAPSHOT.jar:?]
	at org.apache.hadoop.ozone.protocolPB.OzoneManagerProtocolServerSideTranslatorPB.submitRequest(OzoneManagerProtocolServerSideTranslatorPB.java:147) [ozone-manager-1.3.0-SNAPSHOT.jar:?]
	at org.apache.hadoop.ozone.protocol.proto.OzoneManagerProtocolProtos$OzoneManagerService$2.callBlockingMethod(OzoneManagerProtocolProtos.java) [ozone-interface-client-1.3.0-SNAPSHOT.jar:?]
	at org.apache.hadoop.ipc.ProtobufRpcEngine$Server.processCall(ProtobufRpcEngine.java:466) [hadoop-common-3.3.1.jar:?]
	at org.apache.hadoop.ipc.ProtobufRpcEngine2$Server$ProtoBufRpcInvoker.call(ProtobufRpcEngine2.java:574) [hadoop-common-3.3.1.jar:?]
	at org.apache.hadoop.ipc.ProtobufRpcEngine2$Server$ProtoBufRpcInvoker.call(ProtobufRpcEngine2.java:552) [hadoop-common-3.3.1.jar:?]
	at org.apache.hadoop.ipc.RPC$Server.call(RPC.java:1093) [hadoop-common-3.3.1.jar:?]
	at org.apache.hadoop.ipc.Server$RpcCall.run(Server.java:1035) [hadoop-common-3.3.1.jar:?]
	at org.apache.hadoop.ipc.Server$RpcCall.run(Server.java:963) [hadoop-common-3.3.1.jar:?]
	at java.security.AccessController.doPrivileged(Native Method) ~[?:1.8.0_332]
	at javax.security.auth.Subject.doAs(Subject.java:422) [?:1.8.0_332]
	at org.apache.hadoop.security.UserGroupInformation.doAs(UserGroupInformation.java:1878) [hadoop-common-3.3.1.jar:?]
	at org.apache.hadoop.ipc.Server$Handler.run(Server.java:2966) [hadoop-common-3.3.1.jar:?]
01:50:13.160 [IPC Server handler 13 on default port 41659] ERROR OMAudit - user=runner | ip=127.0.0.1 | op=GET_FILE_STATUS {volume=620ff068-3258-44ee-b0b8-7e5acdcad73f, bucket=21b9d1bf-28cb-4830-b493-1c35ee34b37f, key=.Trash, dataSize=0, replicationConfig=null} | ret=FAILURE
org.apache.hadoop.ozone.om.exceptions.OMException: Unable to get file status: volume: 620ff068-3258-44ee-b0b8-7e5acdcad73f bucket: 21b9d1bf-28cb-4830-b493-1c35ee34b37f key: .Trash
	at org.apache.hadoop.ozone.om.KeyManagerImpl.getOzoneFileStatus(KeyManagerImpl.java:1311) ~[ozone-manager-1.3.0-SNAPSHOT.jar:?]
	at org.apache.hadoop.ozone.om.KeyManagerImpl.getFileStatus(KeyManagerImpl.java:1241) ~[ozone-manager-1.3.0-SNAPSHOT.jar:?]
	at org.apache.hadoop.ozone.om.OzoneManager.getFileStatus(OzoneManager.java:3467) ~[ozone-manager-1.3.0-SNAPSHOT.jar:?]
	at org.apache.hadoop.ozone.protocolPB.OzoneManagerRequestHandler.getOzoneFileStatus(OzoneManagerRequestHandler.java:878) ~[ozone-manager-1.3.0-SNAPSHOT.jar:?]
	at org.apache.hadoop.ozone.protocolPB.OzoneManagerRequestHandler.handleReadRequest(OzoneManagerRequestHandler.java:224) ~[ozone-manager-1.3.0-SNAPSHOT.jar:?]
	at org.apache.hadoop.ozone.protocolPB.OzoneManagerProtocolServerSideTranslatorPB.submitRequestDirectlyToOM(OzoneManagerProtocolServerSideTranslatorPB.java:276) ~[ozone-manager-1.3.0-SNAPSHOT.jar:?]
	at org.apache.hadoop.ozone.protocolPB.OzoneManagerProtocolServerSideTranslatorPB.processRequest(OzoneManagerProtocolServerSideTranslatorPB.java:205) ~[ozone-manager-1.3.0-SNAPSHOT.jar:?]
	at org.apache.hadoop.hdds.server.OzoneProtocolMessageDispatcher.processRequest(OzoneProtocolMessageDispatcher.java:87) [hdds-server-framework-1.3.0-SNAPSHOT.jar:?]
	at org.apache.hadoop.ozone.protocolPB.OzoneManagerProtocolServerSideTranslatorPB.submitRequest(OzoneManagerProtocolServerSideTranslatorPB.java:147) [ozone-manager-1.3.0-SNAPSHOT.jar:?]
	at org.apache.hadoop.ozone.protocol.proto.OzoneManagerProtocolProtos$OzoneManagerService$2.callBlockingMethod(OzoneManagerProtocolProtos.java) [ozone-interface-client-1.3.0-SNAPSHOT.jar:?]
	at org.apache.hadoop.ipc.ProtobufRpcEngine$Server.processCall(ProtobufRpcEngine.java:466) [hadoop-common-3.3.1.jar:?]
	at org.apache.hadoop.ipc.ProtobufRpcEngine2$Server$ProtoBufRpcInvoker.call(ProtobufRpcEngine2.java:574) [hadoop-common-3.3.1.jar:?]
	at org.apache.hadoop.ipc.ProtobufRpcEngine2$Server$ProtoBufRpcInvoker.call(ProtobufRpcEngine2.java:552) [hadoop-common-3.3.1.jar:?]
	at org.apache.hadoop.ipc.RPC$Server.call(RPC.java:1093) [hadoop-common-3.3.1.jar:?]
	at org.apache.hadoop.ipc.Server$RpcCall.run(Server.java:1035) [hadoop-common-3.3.1.jar:?]
	at org.apache.hadoop.ipc.Server$RpcCall.run(Server.java:963) [hadoop-common-3.3.1.jar:?]
	at java.security.AccessController.doPrivileged(Native Method) ~[?:1.8.0_332]
	at javax.security.auth.Subject.doAs(Subject.java:422) [?:1.8.0_332]
	at org.apache.hadoop.security.UserGroupInformation.doAs(UserGroupInformation.java:1878) [hadoop-common-3.3.1.jar:?]
	at org.apache.hadoop.ipc.Server$Handler.run(Server.java:2966) [hadoop-common-3.3.1.jar:?]
]]></system-out>
  </testcase>
  <testcase name="testGetTrashRoots" classname="TestRootedOzoneFileSystem" time="1.062">
    <system-out><![CDATA[2022-07-30 01:51:34,017 [764da7f4-576c-4739-b8ba-4f387767ddcb-server-thread1] INFO  ratis.XceiverServerRatis (XceiverServerRatis.java:handleLeaderChangedNotification(863)) - Leader change notification received for group: group-F9F44761267B with new leaderId: da7e3490-bd6e-4553-a90b-b6c1b406431b
2022-07-30 01:51:34,017 [764da7f4-576c-4739-b8ba-4f387767ddcb-server-thread1] INFO  server.RaftServer$Division (ServerState.java:setLeader(287)) - 764da7f4-576c-4739-b8ba-4f387767ddcb@group-F9F44761267B: change Leader from null to da7e3490-bd6e-4553-a90b-b6c1b406431b at term 3 for appendEntries, leader elected after 16125ms
2022-07-30 01:51:34,042 [764da7f4-576c-4739-b8ba-4f387767ddcb-server-thread1] INFO  server.RaftServer$Division (ServerState.java:setRaftConf(393)) - 764da7f4-576c-4739-b8ba-4f387767ddcb@group-F9F44761267B: set configuration 0: [764da7f4-576c-4739-b8ba-4f387767ddcb|rpc:10.1.0.37:40341|dataStream:|priority:0, 625bdddd-b23f-4a62-9edb-0ce5ae5b2b03|rpc:10.1.0.37:39839|dataStream:|priority:0, da7e3490-bd6e-4553-a90b-b6c1b406431b|rpc:10.1.0.37:39503|dataStream:|priority:1], old=null
2022-07-30 01:51:34,042 [764da7f4-576c-4739-b8ba-4f387767ddcb-server-thread1] INFO  segmented.SegmentedRaftLogWorker (SegmentedRaftLogWorker.java:startLogSegment(425)) - 764da7f4-576c-4739-b8ba-4f387767ddcb@group-F9F44761267B-SegmentedRaftLogWorker: Starting segment from index:0
2022-07-30 01:51:34,045 [625bdddd-b23f-4a62-9edb-0ce5ae5b2b03-server-thread1] INFO  server.RaftServer$Division (ServerState.java:setRaftConf(393)) - 625bdddd-b23f-4a62-9edb-0ce5ae5b2b03@group-F9F44761267B: set configuration 0: [764da7f4-576c-4739-b8ba-4f387767ddcb|rpc:10.1.0.37:40341|dataStream:|priority:0, 625bdddd-b23f-4a62-9edb-0ce5ae5b2b03|rpc:10.1.0.37:39839|dataStream:|priority:0, da7e3490-bd6e-4553-a90b-b6c1b406431b|rpc:10.1.0.37:39503|dataStream:|priority:1], old=null
2022-07-30 01:51:34,046 [625bdddd-b23f-4a62-9edb-0ce5ae5b2b03-server-thread1] INFO  segmented.SegmentedRaftLogWorker (SegmentedRaftLogWorker.java:startLogSegment(425)) - 625bdddd-b23f-4a62-9edb-0ce5ae5b2b03@group-F9F44761267B-SegmentedRaftLogWorker: Starting segment from index:0
2022-07-30 01:51:34,047 [764da7f4-576c-4739-b8ba-4f387767ddcb@group-F9F44761267B-SegmentedRaftLogWorker] INFO  segmented.SegmentedRaftLogWorker (SegmentedRaftLogWorker.java:execute(629)) - 764da7f4-576c-4739-b8ba-4f387767ddcb@group-F9F44761267B-SegmentedRaftLogWorker: created new log segment /home/runner/work/ozone/ozone/hadoop-ozone/integration-test/target/test-dir/MiniOzoneClusterImpl-82f5a944-0aea-4e62-8f89-f91bfebfb0a1/datanode-0/data/ratis/959eb944-99a7-44cc-9081-f9f44761267b/current/log_inprogress_0
2022-07-30 01:51:34,078 [625bdddd-b23f-4a62-9edb-0ce5ae5b2b03@group-F9F44761267B-SegmentedRaftLogWorker] INFO  segmented.SegmentedRaftLogWorker (SegmentedRaftLogWorker.java:execute(629)) - 625bdddd-b23f-4a62-9edb-0ce5ae5b2b03@group-F9F44761267B-SegmentedRaftLogWorker: created new log segment /home/runner/work/ozone/ozone/hadoop-ozone/integration-test/target/test-dir/MiniOzoneClusterImpl-82f5a944-0aea-4e62-8f89-f91bfebfb0a1/datanode-2/data/ratis/959eb944-99a7-44cc-9081-f9f44761267b/current/log_inprogress_0
2022-07-30 01:51:34,089 [Time-limited test] INFO  rpc.RpcClient (RpcClient.java:createVolume(468)) - Creating Volume: volume42531, with user13632 as owner and space quota set to -1 bytes, counts quota set to -1
2022-07-30 01:51:34,100 [OM StateMachine ApplyTransaction Thread - 0] INFO  volume.OMVolumeCreateRequest (OMVolumeCreateRequest.java:validateAndUpdateCache(195)) - created volume:volume42531 for user:user13632
2022-07-30 01:51:34,101 [Time-limited test] INFO  rpc.RpcClient (RpcClient.java:createBucket(671)) - Creating Bucket: volume42531/bucket78262, with bucket layout LEGACY, runner as owner, Versioning false, Storage Type set to DISK and Encryption set to false 
2022-07-30 01:51:34,112 [OM StateMachine ApplyTransaction Thread - 0] INFO  bucket.OMBucketCreateRequest (OMBucketCreateRequest.java:validateAndUpdateCache(260)) - created bucket: bucket78262 of layout LEGACY in volume: volume42531
01:51:34.151 [IPC Server handler 14 on default port 42455] ERROR OMAudit - user=runner | ip=127.0.0.1 | op=GET_FILE_STATUS {volume=volume42531, bucket=bucket78262, key=.Trash/runner, dataSize=0, replicationConfig=null} | ret=FAILURE
org.apache.hadoop.ozone.om.exceptions.OMException: Unable to get file status: volume: volume42531 bucket: bucket78262 key: .Trash/runner
	at org.apache.hadoop.ozone.om.KeyManagerImpl.getOzoneFileStatus(KeyManagerImpl.java:1311) ~[ozone-manager-1.3.0-SNAPSHOT.jar:?]
	at org.apache.hadoop.ozone.om.KeyManagerImpl.getFileStatus(KeyManagerImpl.java:1241) ~[ozone-manager-1.3.0-SNAPSHOT.jar:?]
	at org.apache.hadoop.ozone.om.OzoneManager.getFileStatus(OzoneManager.java:3467) ~[ozone-manager-1.3.0-SNAPSHOT.jar:?]
	at org.apache.hadoop.ozone.protocolPB.OzoneManagerRequestHandler.getOzoneFileStatus(OzoneManagerRequestHandler.java:878) ~[ozone-manager-1.3.0-SNAPSHOT.jar:?]
	at org.apache.hadoop.ozone.protocolPB.OzoneManagerRequestHandler.handleReadRequest(OzoneManagerRequestHandler.java:224) ~[ozone-manager-1.3.0-SNAPSHOT.jar:?]
	at org.apache.hadoop.ozone.protocolPB.OzoneManagerProtocolServerSideTranslatorPB.submitReadRequestToOM(OzoneManagerProtocolServerSideTranslatorPB.java:226) ~[ozone-manager-1.3.0-SNAPSHOT.jar:?]
	at org.apache.hadoop.ozone.protocolPB.OzoneManagerProtocolServerSideTranslatorPB.processRequest(OzoneManagerProtocolServerSideTranslatorPB.java:175) ~[ozone-manager-1.3.0-SNAPSHOT.jar:?]
	at org.apache.hadoop.hdds.server.OzoneProtocolMessageDispatcher.processRequest(OzoneProtocolMessageDispatcher.java:87) [hdds-server-framework-1.3.0-SNAPSHOT.jar:?]
	at org.apache.hadoop.ozone.protocolPB.OzoneManagerProtocolServerSideTranslatorPB.submitRequest(OzoneManagerProtocolServerSideTranslatorPB.java:147) [ozone-manager-1.3.0-SNAPSHOT.jar:?]
	at org.apache.hadoop.ozone.protocol.proto.OzoneManagerProtocolProtos$OzoneManagerService$2.callBlockingMethod(OzoneManagerProtocolProtos.java) [ozone-interface-client-1.3.0-SNAPSHOT.jar:?]
	at org.apache.hadoop.ipc.ProtobufRpcEngine$Server.processCall(ProtobufRpcEngine.java:466) [hadoop-common-3.3.1.jar:?]
	at org.apache.hadoop.ipc.ProtobufRpcEngine2$Server$ProtoBufRpcInvoker.call(ProtobufRpcEngine2.java:574) [hadoop-common-3.3.1.jar:?]
	at org.apache.hadoop.ipc.ProtobufRpcEngine2$Server$ProtoBufRpcInvoker.call(ProtobufRpcEngine2.java:552) [hadoop-common-3.3.1.jar:?]
	at org.apache.hadoop.ipc.RPC$Server.call(RPC.java:1093) [hadoop-common-3.3.1.jar:?]
	at org.apache.hadoop.ipc.Server$RpcCall.run(Server.java:1035) [hadoop-common-3.3.1.jar:?]
	at org.apache.hadoop.ipc.Server$RpcCall.run(Server.java:963) [hadoop-common-3.3.1.jar:?]
	at java.security.AccessController.doPrivileged(Native Method) ~[?:1.8.0_332]
	at javax.security.auth.Subject.doAs(Subject.java:422) [?:1.8.0_332]
	at org.apache.hadoop.security.UserGroupInformation.doAs(UserGroupInformation.java:1878) [hadoop-common-3.3.1.jar:?]
	at org.apache.hadoop.ipc.Server$Handler.run(Server.java:2966) [hadoop-common-3.3.1.jar:?]
01:51:34.155 [IPC Server handler 1 on default port 42455] ERROR OMAudit - user=runner | ip=127.0.0.1 | op=GET_FILE_STATUS {volume=277a777e-b049-4f57-805c-f4cec37fadba, bucket=b8094a85-933e-4d67-b905-89f7efc5367d, key=.Trash, dataSize=0, replicationConfig=null} | ret=FAILURE
org.apache.hadoop.ozone.om.exceptions.OMException: Unable to get file status: volume: 277a777e-b049-4f57-805c-f4cec37fadba bucket: b8094a85-933e-4d67-b905-89f7efc5367d key: .Trash
	at org.apache.hadoop.ozone.om.KeyManagerImpl.getOzoneFileStatus(KeyManagerImpl.java:1311) ~[ozone-manager-1.3.0-SNAPSHOT.jar:?]
	at org.apache.hadoop.ozone.om.KeyManagerImpl.getFileStatus(KeyManagerImpl.java:1241) ~[ozone-manager-1.3.0-SNAPSHOT.jar:?]
	at org.apache.hadoop.ozone.om.OzoneManager.getFileStatus(OzoneManager.java:3467) ~[ozone-manager-1.3.0-SNAPSHOT.jar:?]
	at org.apache.hadoop.ozone.protocolPB.OzoneManagerRequestHandler.getOzoneFileStatus(OzoneManagerRequestHandler.java:878) ~[ozone-manager-1.3.0-SNAPSHOT.jar:?]
	at org.apache.hadoop.ozone.protocolPB.OzoneManagerRequestHandler.handleReadRequest(OzoneManagerRequestHandler.java:224) ~[ozone-manager-1.3.0-SNAPSHOT.jar:?]
	at org.apache.hadoop.ozone.protocolPB.OzoneManagerProtocolServerSideTranslatorPB.submitReadRequestToOM(OzoneManagerProtocolServerSideTranslatorPB.java:226) ~[ozone-manager-1.3.0-SNAPSHOT.jar:?]
	at org.apache.hadoop.ozone.protocolPB.OzoneManagerProtocolServerSideTranslatorPB.processRequest(OzoneManagerProtocolServerSideTranslatorPB.java:175) ~[ozone-manager-1.3.0-SNAPSHOT.jar:?]
	at org.apache.hadoop.hdds.server.OzoneProtocolMessageDispatcher.processRequest(OzoneProtocolMessageDispatcher.java:87) [hdds-server-framework-1.3.0-SNAPSHOT.jar:?]
	at org.apache.hadoop.ozone.protocolPB.OzoneManagerProtocolServerSideTranslatorPB.submitRequest(OzoneManagerProtocolServerSideTranslatorPB.java:147) [ozone-manager-1.3.0-SNAPSHOT.jar:?]
	at org.apache.hadoop.ozone.protocol.proto.OzoneManagerProtocolProtos$OzoneManagerService$2.callBlockingMethod(OzoneManagerProtocolProtos.java) [ozone-interface-client-1.3.0-SNAPSHOT.jar:?]
	at org.apache.hadoop.ipc.ProtobufRpcEngine$Server.processCall(ProtobufRpcEngine.java:466) [hadoop-common-3.3.1.jar:?]
	at org.apache.hadoop.ipc.ProtobufRpcEngine2$Server$ProtoBufRpcInvoker.call(ProtobufRpcEngine2.java:574) [hadoop-common-3.3.1.jar:?]
	at org.apache.hadoop.ipc.ProtobufRpcEngine2$Server$ProtoBufRpcInvoker.call(ProtobufRpcEngine2.java:552) [hadoop-common-3.3.1.jar:?]
	at org.apache.hadoop.ipc.RPC$Server.call(RPC.java:1093) [hadoop-common-3.3.1.jar:?]
	at org.apache.hadoop.ipc.Server$RpcCall.run(Server.java:1035) [hadoop-common-3.3.1.jar:?]
	at org.apache.hadoop.ipc.Server$RpcCall.run(Server.java:963) [hadoop-common-3.3.1.jar:?]
	at java.security.AccessController.doPrivileged(Native Method) ~[?:1.8.0_332]
	at javax.security.auth.Subject.doAs(Subject.java:422) [?:1.8.0_332]
	at org.apache.hadoop.security.UserGroupInformation.doAs(UserGroupInformation.java:1878) [hadoop-common-3.3.1.jar:?]
	at org.apache.hadoop.ipc.Server$Handler.run(Server.java:2966) [hadoop-common-3.3.1.jar:?]
01:51:34.159 [IPC Server handler 9 on default port 42455] ERROR OMAudit - user=runner | ip=127.0.0.1 | op=GET_FILE_STATUS {volume=volume42531, bucket=bucket78262, key=.Trash, dataSize=0, replicationConfig=null} | ret=FAILURE
org.apache.hadoop.ozone.om.exceptions.OMException: Unable to get file status: volume: volume42531 bucket: bucket78262 key: .Trash
	at org.apache.hadoop.ozone.om.KeyManagerImpl.getOzoneFileStatus(KeyManagerImpl.java:1311) ~[ozone-manager-1.3.0-SNAPSHOT.jar:?]
	at org.apache.hadoop.ozone.om.KeyManagerImpl.getFileStatus(KeyManagerImpl.java:1241) ~[ozone-manager-1.3.0-SNAPSHOT.jar:?]
	at org.apache.hadoop.ozone.om.OzoneManager.getFileStatus(OzoneManager.java:3467) ~[ozone-manager-1.3.0-SNAPSHOT.jar:?]
	at org.apache.hadoop.ozone.protocolPB.OzoneManagerRequestHandler.getOzoneFileStatus(OzoneManagerRequestHandler.java:878) ~[ozone-manager-1.3.0-SNAPSHOT.jar:?]
	at org.apache.hadoop.ozone.protocolPB.OzoneManagerRequestHandler.handleReadRequest(OzoneManagerRequestHandler.java:224) ~[ozone-manager-1.3.0-SNAPSHOT.jar:?]
	at org.apache.hadoop.ozone.protocolPB.OzoneManagerProtocolServerSideTranslatorPB.submitReadRequestToOM(OzoneManagerProtocolServerSideTranslatorPB.java:226) ~[ozone-manager-1.3.0-SNAPSHOT.jar:?]
	at org.apache.hadoop.ozone.protocolPB.OzoneManagerProtocolServerSideTranslatorPB.processRequest(OzoneManagerProtocolServerSideTranslatorPB.java:175) ~[ozone-manager-1.3.0-SNAPSHOT.jar:?]
	at org.apache.hadoop.hdds.server.OzoneProtocolMessageDispatcher.processRequest(OzoneProtocolMessageDispatcher.java:87) [hdds-server-framework-1.3.0-SNAPSHOT.jar:?]
	at org.apache.hadoop.ozone.protocolPB.OzoneManagerProtocolServerSideTranslatorPB.submitRequest(OzoneManagerProtocolServerSideTranslatorPB.java:147) [ozone-manager-1.3.0-SNAPSHOT.jar:?]
	at org.apache.hadoop.ozone.protocol.proto.OzoneManagerProtocolProtos$OzoneManagerService$2.callBlockingMethod(OzoneManagerProtocolProtos.java) [ozone-interface-client-1.3.0-SNAPSHOT.jar:?]
	at org.apache.hadoop.ipc.ProtobufRpcEngine$Server.processCall(ProtobufRpcEngine.java:466) [hadoop-common-3.3.1.jar:?]
	at org.apache.hadoop.ipc.ProtobufRpcEngine2$Server$ProtoBufRpcInvoker.call(ProtobufRpcEngine2.java:574) [hadoop-common-3.3.1.jar:?]
	at org.apache.hadoop.ipc.ProtobufRpcEngine2$Server$ProtoBufRpcInvoker.call(ProtobufRpcEngine2.java:552) [hadoop-common-3.3.1.jar:?]
	at org.apache.hadoop.ipc.RPC$Server.call(RPC.java:1093) [hadoop-common-3.3.1.jar:?]
	at org.apache.hadoop.ipc.Server$RpcCall.run(Server.java:1035) [hadoop-common-3.3.1.jar:?]
	at org.apache.hadoop.ipc.Server$RpcCall.run(Server.java:963) [hadoop-common-3.3.1.jar:?]
	at java.security.AccessController.doPrivileged(Native Method) ~[?:1.8.0_332]
	at javax.security.auth.Subject.doAs(Subject.java:422) [?:1.8.0_332]
	at org.apache.hadoop.security.UserGroupInformation.doAs(UserGroupInformation.java:1878) [hadoop-common-3.3.1.jar:?]
	at org.apache.hadoop.ipc.Server$Handler.run(Server.java:2966) [hadoop-common-3.3.1.jar:?]
01:51:34.172 [IPC Server handler 10 on default port 42455] ERROR OMAudit - user=runner | ip=127.0.0.1 | op=GET_FILE_STATUS {volume=277a777e-b049-4f57-805c-f4cec37fadba, bucket=b8094a85-933e-4d67-b905-89f7efc5367d, key=.Trash, dataSize=0, replicationConfig=null} | ret=FAILURE
org.apache.hadoop.ozone.om.exceptions.OMException: Unable to get file status: volume: 277a777e-b049-4f57-805c-f4cec37fadba bucket: b8094a85-933e-4d67-b905-89f7efc5367d key: .Trash
	at org.apache.hadoop.ozone.om.KeyManagerImpl.getOzoneFileStatus(KeyManagerImpl.java:1311) ~[ozone-manager-1.3.0-SNAPSHOT.jar:?]
	at org.apache.hadoop.ozone.om.KeyManagerImpl.getFileStatus(KeyManagerImpl.java:1241) ~[ozone-manager-1.3.0-SNAPSHOT.jar:?]
	at org.apache.hadoop.ozone.om.OzoneManager.getFileStatus(OzoneManager.java:3467) ~[ozone-manager-1.3.0-SNAPSHOT.jar:?]
	at org.apache.hadoop.ozone.protocolPB.OzoneManagerRequestHandler.getOzoneFileStatus(OzoneManagerRequestHandler.java:878) ~[ozone-manager-1.3.0-SNAPSHOT.jar:?]
	at org.apache.hadoop.ozone.protocolPB.OzoneManagerRequestHandler.handleReadRequest(OzoneManagerRequestHandler.java:224) ~[ozone-manager-1.3.0-SNAPSHOT.jar:?]
	at org.apache.hadoop.ozone.protocolPB.OzoneManagerProtocolServerSideTranslatorPB.submitReadRequestToOM(OzoneManagerProtocolServerSideTranslatorPB.java:226) ~[ozone-manager-1.3.0-SNAPSHOT.jar:?]
	at org.apache.hadoop.ozone.protocolPB.OzoneManagerProtocolServerSideTranslatorPB.processRequest(OzoneManagerProtocolServerSideTranslatorPB.java:175) ~[ozone-manager-1.3.0-SNAPSHOT.jar:?]
	at org.apache.hadoop.hdds.server.OzoneProtocolMessageDispatcher.processRequest(OzoneProtocolMessageDispatcher.java:87) [hdds-server-framework-1.3.0-SNAPSHOT.jar:?]
	at org.apache.hadoop.ozone.protocolPB.OzoneManagerProtocolServerSideTranslatorPB.submitRequest(OzoneManagerProtocolServerSideTranslatorPB.java:147) [ozone-manager-1.3.0-SNAPSHOT.jar:?]
	at org.apache.hadoop.ozone.protocol.proto.OzoneManagerProtocolProtos$OzoneManagerService$2.callBlockingMethod(OzoneManagerProtocolProtos.java) [ozone-interface-client-1.3.0-SNAPSHOT.jar:?]
	at org.apache.hadoop.ipc.ProtobufRpcEngine$Server.processCall(ProtobufRpcEngine.java:466) [hadoop-common-3.3.1.jar:?]
	at org.apache.hadoop.ipc.ProtobufRpcEngine2$Server$ProtoBufRpcInvoker.call(ProtobufRpcEngine2.java:574) [hadoop-common-3.3.1.jar:?]
	at org.apache.hadoop.ipc.ProtobufRpcEngine2$Server$ProtoBufRpcInvoker.call(ProtobufRpcEngine2.java:552) [hadoop-common-3.3.1.jar:?]
	at org.apache.hadoop.ipc.RPC$Server.call(RPC.java:1093) [hadoop-common-3.3.1.jar:?]
	at org.apache.hadoop.ipc.Server$RpcCall.run(Server.java:1035) [hadoop-common-3.3.1.jar:?]
	at org.apache.hadoop.ipc.Server$RpcCall.run(Server.java:963) [hadoop-common-3.3.1.jar:?]
	at java.security.AccessController.doPrivileged(Native Method) ~[?:1.8.0_332]
	at javax.security.auth.Subject.doAs(Subject.java:422) [?:1.8.0_332]
	at org.apache.hadoop.security.UserGroupInformation.doAs(UserGroupInformation.java:1878) [hadoop-common-3.3.1.jar:?]
	at org.apache.hadoop.ipc.Server$Handler.run(Server.java:2966) [hadoop-common-3.3.1.jar:?]
01:51:34.197 [IPC Server handler 2 on default port 42455] ERROR OMAudit - user=runner | ip=127.0.0.1 | op=GET_FILE_STATUS {volume=277a777e-b049-4f57-805c-f4cec37fadba, bucket=b8094a85-933e-4d67-b905-89f7efc5367d, key=.Trash, dataSize=0, replicationConfig=null} | ret=FAILURE
org.apache.hadoop.ozone.om.exceptions.OMException: Unable to get file status: volume: 277a777e-b049-4f57-805c-f4cec37fadba bucket: b8094a85-933e-4d67-b905-89f7efc5367d key: .Trash
	at org.apache.hadoop.ozone.om.KeyManagerImpl.getOzoneFileStatus(KeyManagerImpl.java:1311) ~[ozone-manager-1.3.0-SNAPSHOT.jar:?]
	at org.apache.hadoop.ozone.om.KeyManagerImpl.getFileStatus(KeyManagerImpl.java:1241) ~[ozone-manager-1.3.0-SNAPSHOT.jar:?]
	at org.apache.hadoop.ozone.om.OzoneManager.getFileStatus(OzoneManager.java:3467) ~[ozone-manager-1.3.0-SNAPSHOT.jar:?]
	at org.apache.hadoop.ozone.protocolPB.OzoneManagerRequestHandler.getOzoneFileStatus(OzoneManagerRequestHandler.java:878) ~[ozone-manager-1.3.0-SNAPSHOT.jar:?]
	at org.apache.hadoop.ozone.protocolPB.OzoneManagerRequestHandler.handleReadRequest(OzoneManagerRequestHandler.java:224) ~[ozone-manager-1.3.0-SNAPSHOT.jar:?]
	at org.apache.hadoop.ozone.protocolPB.OzoneManagerProtocolServerSideTranslatorPB.submitReadRequestToOM(OzoneManagerProtocolServerSideTranslatorPB.java:226) ~[ozone-manager-1.3.0-SNAPSHOT.jar:?]
	at org.apache.hadoop.ozone.protocolPB.OzoneManagerProtocolServerSideTranslatorPB.processRequest(OzoneManagerProtocolServerSideTranslatorPB.java:175) ~[ozone-manager-1.3.0-SNAPSHOT.jar:?]
	at org.apache.hadoop.hdds.server.OzoneProtocolMessageDispatcher.processRequest(OzoneProtocolMessageDispatcher.java:87) [hdds-server-framework-1.3.0-SNAPSHOT.jar:?]
	at org.apache.hadoop.ozone.protocolPB.OzoneManagerProtocolServerSideTranslatorPB.submitRequest(OzoneManagerProtocolServerSideTranslatorPB.java:147) [ozone-manager-1.3.0-SNAPSHOT.jar:?]
	at org.apache.hadoop.ozone.protocol.proto.OzoneManagerProtocolProtos$OzoneManagerService$2.callBlockingMethod(OzoneManagerProtocolProtos.java) [ozone-interface-client-1.3.0-SNAPSHOT.jar:?]
	at org.apache.hadoop.ipc.ProtobufRpcEngine$Server.processCall(ProtobufRpcEngine.java:466) [hadoop-common-3.3.1.jar:?]
	at org.apache.hadoop.ipc.ProtobufRpcEngine2$Server$ProtoBufRpcInvoker.call(ProtobufRpcEngine2.java:574) [hadoop-common-3.3.1.jar:?]
	at org.apache.hadoop.ipc.ProtobufRpcEngine2$Server$ProtoBufRpcInvoker.call(ProtobufRpcEngine2.java:552) [hadoop-common-3.3.1.jar:?]
	at org.apache.hadoop.ipc.RPC$Server.call(RPC.java:1093) [hadoop-common-3.3.1.jar:?]
	at org.apache.hadoop.ipc.Server$RpcCall.run(Server.java:1035) [hadoop-common-3.3.1.jar:?]
	at org.apache.hadoop.ipc.Server$RpcCall.run(Server.java:963) [hadoop-common-3.3.1.jar:?]
	at java.security.AccessController.doPrivileged(Native Method) ~[?:1.8.0_332]
	at javax.security.auth.Subject.doAs(Subject.java:422) [?:1.8.0_332]
	at org.apache.hadoop.security.UserGroupInformation.doAs(UserGroupInformation.java:1878) [hadoop-common-3.3.1.jar:?]
	at org.apache.hadoop.ipc.Server$Handler.run(Server.java:2966) [hadoop-common-3.3.1.jar:?]
2022-07-30 01:51:34,203 [Time-limited test] INFO  rpc.RpcClient (RpcClient.java:createBucket(671)) - Creating Bucket: volume42531/trashroottest2, with bucket layout LEGACY, runner as owner, Versioning false, Storage Type set to DISK and Encryption set to false 
2022-07-30 01:51:34,204 [OM StateMachine ApplyTransaction Thread - 0] INFO  bucket.OMBucketCreateRequest (OMBucketCreateRequest.java:validateAndUpdateCache(260)) - created bucket: trashroottest2 of layout LEGACY in volume: volume42531
01:51:34.376 [IPC Server handler 6 on default port 42455] ERROR OMAudit - user=runner | ip=127.0.0.1 | op=GET_FILE_STATUS {volume=277a777e-b049-4f57-805c-f4cec37fadba, bucket=b8094a85-933e-4d67-b905-89f7efc5367d, key=.Trash, dataSize=0, replicationConfig=null} | ret=FAILURE
org.apache.hadoop.ozone.om.exceptions.OMException: Unable to get file status: volume: 277a777e-b049-4f57-805c-f4cec37fadba bucket: b8094a85-933e-4d67-b905-89f7efc5367d key: .Trash
	at org.apache.hadoop.ozone.om.KeyManagerImpl.getOzoneFileStatus(KeyManagerImpl.java:1311) ~[ozone-manager-1.3.0-SNAPSHOT.jar:?]
	at org.apache.hadoop.ozone.om.KeyManagerImpl.getFileStatus(KeyManagerImpl.java:1241) ~[ozone-manager-1.3.0-SNAPSHOT.jar:?]
	at org.apache.hadoop.ozone.om.OzoneManager.getFileStatus(OzoneManager.java:3467) ~[ozone-manager-1.3.0-SNAPSHOT.jar:?]
	at org.apache.hadoop.ozone.protocolPB.OzoneManagerRequestHandler.getOzoneFileStatus(OzoneManagerRequestHandler.java:878) ~[ozone-manager-1.3.0-SNAPSHOT.jar:?]
	at org.apache.hadoop.ozone.protocolPB.OzoneManagerRequestHandler.handleReadRequest(OzoneManagerRequestHandler.java:224) ~[ozone-manager-1.3.0-SNAPSHOT.jar:?]
	at org.apache.hadoop.ozone.protocolPB.OzoneManagerProtocolServerSideTranslatorPB.submitReadRequestToOM(OzoneManagerProtocolServerSideTranslatorPB.java:226) ~[ozone-manager-1.3.0-SNAPSHOT.jar:?]
	at org.apache.hadoop.ozone.protocolPB.OzoneManagerProtocolServerSideTranslatorPB.processRequest(OzoneManagerProtocolServerSideTranslatorPB.java:175) ~[ozone-manager-1.3.0-SNAPSHOT.jar:?]
	at org.apache.hadoop.hdds.server.OzoneProtocolMessageDispatcher.processRequest(OzoneProtocolMessageDispatcher.java:87) [hdds-server-framework-1.3.0-SNAPSHOT.jar:?]
	at org.apache.hadoop.ozone.protocolPB.OzoneManagerProtocolServerSideTranslatorPB.submitRequest(OzoneManagerProtocolServerSideTranslatorPB.java:147) [ozone-manager-1.3.0-SNAPSHOT.jar:?]
	at org.apache.hadoop.ozone.protocol.proto.OzoneManagerProtocolProtos$OzoneManagerService$2.callBlockingMethod(OzoneManagerProtocolProtos.java) [ozone-interface-client-1.3.0-SNAPSHOT.jar:?]
	at org.apache.hadoop.ipc.ProtobufRpcEngine$Server.processCall(ProtobufRpcEngine.java:466) [hadoop-common-3.3.1.jar:?]
	at org.apache.hadoop.ipc.ProtobufRpcEngine2$Server$ProtoBufRpcInvoker.call(ProtobufRpcEngine2.java:574) [hadoop-common-3.3.1.jar:?]
	at org.apache.hadoop.ipc.ProtobufRpcEngine2$Server$ProtoBufRpcInvoker.call(ProtobufRpcEngine2.java:552) [hadoop-common-3.3.1.jar:?]
	at org.apache.hadoop.ipc.RPC$Server.call(RPC.java:1093) [hadoop-common-3.3.1.jar:?]
	at org.apache.hadoop.ipc.Server$RpcCall.run(Server.java:1035) [hadoop-common-3.3.1.jar:?]
	at org.apache.hadoop.ipc.Server$RpcCall.run(Server.java:963) [hadoop-common-3.3.1.jar:?]
	at java.security.AccessController.doPrivileged(Native Method) ~[?:1.8.0_332]
	at javax.security.auth.Subject.doAs(Subject.java:422) [?:1.8.0_332]
	at org.apache.hadoop.security.UserGroupInformation.doAs(UserGroupInformation.java:1878) [hadoop-common-3.3.1.jar:?]
	at org.apache.hadoop.ipc.Server$Handler.run(Server.java:2966) [hadoop-common-3.3.1.jar:?]
01:51:34.416 [IPC Server handler 19 on default port 42455] ERROR OMAudit - user=runner | ip=127.0.0.1 | op=GET_FILE_STATUS {volume=277a777e-b049-4f57-805c-f4cec37fadba, bucket=b8094a85-933e-4d67-b905-89f7efc5367d, key=.Trash, dataSize=0, replicationConfig=null} | ret=FAILURE
org.apache.hadoop.ozone.om.exceptions.OMException: Unable to get file status: volume: 277a777e-b049-4f57-805c-f4cec37fadba bucket: b8094a85-933e-4d67-b905-89f7efc5367d key: .Trash
	at org.apache.hadoop.ozone.om.KeyManagerImpl.getOzoneFileStatus(KeyManagerImpl.java:1311) ~[ozone-manager-1.3.0-SNAPSHOT.jar:?]
	at org.apache.hadoop.ozone.om.KeyManagerImpl.getFileStatus(KeyManagerImpl.java:1241) ~[ozone-manager-1.3.0-SNAPSHOT.jar:?]
	at org.apache.hadoop.ozone.om.OzoneManager.getFileStatus(OzoneManager.java:3467) ~[ozone-manager-1.3.0-SNAPSHOT.jar:?]
	at org.apache.hadoop.ozone.protocolPB.OzoneManagerRequestHandler.getOzoneFileStatus(OzoneManagerRequestHandler.java:878) ~[ozone-manager-1.3.0-SNAPSHOT.jar:?]
	at org.apache.hadoop.ozone.protocolPB.OzoneManagerRequestHandler.handleReadRequest(OzoneManagerRequestHandler.java:224) ~[ozone-manager-1.3.0-SNAPSHOT.jar:?]
	at org.apache.hadoop.ozone.protocolPB.OzoneManagerProtocolServerSideTranslatorPB.submitReadRequestToOM(OzoneManagerProtocolServerSideTranslatorPB.java:226) ~[ozone-manager-1.3.0-SNAPSHOT.jar:?]
	at org.apache.hadoop.ozone.protocolPB.OzoneManagerProtocolServerSideTranslatorPB.processRequest(OzoneManagerProtocolServerSideTranslatorPB.java:175) ~[ozone-manager-1.3.0-SNAPSHOT.jar:?]
	at org.apache.hadoop.hdds.server.OzoneProtocolMessageDispatcher.processRequest(OzoneProtocolMessageDispatcher.java:87) [hdds-server-framework-1.3.0-SNAPSHOT.jar:?]
	at org.apache.hadoop.ozone.protocolPB.OzoneManagerProtocolServerSideTranslatorPB.submitRequest(OzoneManagerProtocolServerSideTranslatorPB.java:147) [ozone-manager-1.3.0-SNAPSHOT.jar:?]
	at org.apache.hadoop.ozone.protocol.proto.OzoneManagerProtocolProtos$OzoneManagerService$2.callBlockingMethod(OzoneManagerProtocolProtos.java) [ozone-interface-client-1.3.0-SNAPSHOT.jar:?]
	at org.apache.hadoop.ipc.ProtobufRpcEngine$Server.processCall(ProtobufRpcEngine.java:466) [hadoop-common-3.3.1.jar:?]
	at org.apache.hadoop.ipc.ProtobufRpcEngine2$Server$ProtoBufRpcInvoker.call(ProtobufRpcEngine2.java:574) [hadoop-common-3.3.1.jar:?]
	at org.apache.hadoop.ipc.ProtobufRpcEngine2$Server$ProtoBufRpcInvoker.call(ProtobufRpcEngine2.java:552) [hadoop-common-3.3.1.jar:?]
	at org.apache.hadoop.ipc.RPC$Server.call(RPC.java:1093) [hadoop-common-3.3.1.jar:?]
	at org.apache.hadoop.ipc.Server$RpcCall.run(Server.java:1035) [hadoop-common-3.3.1.jar:?]
	at org.apache.hadoop.ipc.Server$RpcCall.run(Server.java:963) [hadoop-common-3.3.1.jar:?]
	at java.security.AccessController.doPrivileged(Native Method) ~[?:1.8.0_332]
	at javax.security.auth.Subject.doAs(Subject.java:422) [?:1.8.0_332]
	at org.apache.hadoop.security.UserGroupInformation.doAs(UserGroupInformation.java:1878) [hadoop-common-3.3.1.jar:?]
	at org.apache.hadoop.ipc.Server$Handler.run(Server.java:2966) [hadoop-common-3.3.1.jar:?]
2022-07-30 01:51:34,581 [Time-limited test] INFO  rpc.RpcClient (RpcClient.java:createVolume(468)) - Creating Volume: volume03090, with user42785 as owner and space quota set to -1 bytes, counts quota set to -1
2022-07-30 01:51:34,588 [OM StateMachine ApplyTransaction Thread - 0] INFO  volume.OMVolumeCreateRequest (OMVolumeCreateRequest.java:validateAndUpdateCache(195)) - created volume:volume03090 for user:user42785
2022-07-30 01:51:34,589 [Time-limited test] INFO  rpc.RpcClient (RpcClient.java:createBucket(671)) - Creating Bucket: volume03090/bucket63867, with bucket layout LEGACY, runner as owner, Versioning false, Storage Type set to DISK and Encryption set to false 
2022-07-30 01:51:34,590 [OM StateMachine ApplyTransaction Thread - 0] INFO  bucket.OMBucketCreateRequest (OMBucketCreateRequest.java:validateAndUpdateCache(260)) - created bucket: bucket63867 of layout LEGACY in volume: volume03090
01:51:34.656 [IPC Server handler 14 on default port 42455] ERROR OMAudit - user=runner | ip=127.0.0.1 | op=GET_FILE_STATUS {volume=277a777e-b049-4f57-805c-f4cec37fadba, bucket=b8094a85-933e-4d67-b905-89f7efc5367d, key=.Trash, dataSize=0, replicationConfig=null} | ret=FAILURE
org.apache.hadoop.ozone.om.exceptions.OMException: Unable to get file status: volume: 277a777e-b049-4f57-805c-f4cec37fadba bucket: b8094a85-933e-4d67-b905-89f7efc5367d key: .Trash
	at org.apache.hadoop.ozone.om.KeyManagerImpl.getOzoneFileStatus(KeyManagerImpl.java:1311) ~[ozone-manager-1.3.0-SNAPSHOT.jar:?]
	at org.apache.hadoop.ozone.om.KeyManagerImpl.getFileStatus(KeyManagerImpl.java:1241) ~[ozone-manager-1.3.0-SNAPSHOT.jar:?]
	at org.apache.hadoop.ozone.om.OzoneManager.getFileStatus(OzoneManager.java:3467) ~[ozone-manager-1.3.0-SNAPSHOT.jar:?]
	at org.apache.hadoop.ozone.protocolPB.OzoneManagerRequestHandler.getOzoneFileStatus(OzoneManagerRequestHandler.java:878) ~[ozone-manager-1.3.0-SNAPSHOT.jar:?]
	at org.apache.hadoop.ozone.protocolPB.OzoneManagerRequestHandler.handleReadRequest(OzoneManagerRequestHandler.java:224) ~[ozone-manager-1.3.0-SNAPSHOT.jar:?]
	at org.apache.hadoop.ozone.protocolPB.OzoneManagerProtocolServerSideTranslatorPB.submitReadRequestToOM(OzoneManagerProtocolServerSideTranslatorPB.java:226) ~[ozone-manager-1.3.0-SNAPSHOT.jar:?]
	at org.apache.hadoop.ozone.protocolPB.OzoneManagerProtocolServerSideTranslatorPB.processRequest(OzoneManagerProtocolServerSideTranslatorPB.java:175) ~[ozone-manager-1.3.0-SNAPSHOT.jar:?]
	at org.apache.hadoop.hdds.server.OzoneProtocolMessageDispatcher.processRequest(OzoneProtocolMessageDispatcher.java:87) [hdds-server-framework-1.3.0-SNAPSHOT.jar:?]
	at org.apache.hadoop.ozone.protocolPB.OzoneManagerProtocolServerSideTranslatorPB.submitRequest(OzoneManagerProtocolServerSideTranslatorPB.java:147) [ozone-manager-1.3.0-SNAPSHOT.jar:?]
	at org.apache.hadoop.ozone.protocol.proto.OzoneManagerProtocolProtos$OzoneManagerService$2.callBlockingMethod(OzoneManagerProtocolProtos.java) [ozone-interface-client-1.3.0-SNAPSHOT.jar:?]
	at org.apache.hadoop.ipc.ProtobufRpcEngine$Server.processCall(ProtobufRpcEngine.java:466) [hadoop-common-3.3.1.jar:?]
	at org.apache.hadoop.ipc.ProtobufRpcEngine2$Server$ProtoBufRpcInvoker.call(ProtobufRpcEngine2.java:574) [hadoop-common-3.3.1.jar:?]
	at org.apache.hadoop.ipc.ProtobufRpcEngine2$Server$ProtoBufRpcInvoker.call(ProtobufRpcEngine2.java:552) [hadoop-common-3.3.1.jar:?]
	at org.apache.hadoop.ipc.RPC$Server.call(RPC.java:1093) [hadoop-common-3.3.1.jar:?]
	at org.apache.hadoop.ipc.Server$RpcCall.run(Server.java:1035) [hadoop-common-3.3.1.jar:?]
	at org.apache.hadoop.ipc.Server$RpcCall.run(Server.java:963) [hadoop-common-3.3.1.jar:?]
	at java.security.AccessController.doPrivileged(Native Method) ~[?:1.8.0_332]
	at javax.security.auth.Subject.doAs(Subject.java:422) [?:1.8.0_332]
	at org.apache.hadoop.security.UserGroupInformation.doAs(UserGroupInformation.java:1878) [hadoop-common-3.3.1.jar:?]
	at org.apache.hadoop.ipc.Server$Handler.run(Server.java:2966) [hadoop-common-3.3.1.jar:?]
01:51:34.724 [IPC Server handler 4 on default port 42455] ERROR OMAudit - user=runner | ip=127.0.0.1 | op=GET_FILE_STATUS {volume=277a777e-b049-4f57-805c-f4cec37fadba, bucket=b8094a85-933e-4d67-b905-89f7efc5367d, key=.Trash, dataSize=0, replicationConfig=null} | ret=FAILURE
org.apache.hadoop.ozone.om.exceptions.OMException: Unable to get file status: volume: 277a777e-b049-4f57-805c-f4cec37fadba bucket: b8094a85-933e-4d67-b905-89f7efc5367d key: .Trash
	at org.apache.hadoop.ozone.om.KeyManagerImpl.getOzoneFileStatus(KeyManagerImpl.java:1311) ~[ozone-manager-1.3.0-SNAPSHOT.jar:?]
	at org.apache.hadoop.ozone.om.KeyManagerImpl.getFileStatus(KeyManagerImpl.java:1241) ~[ozone-manager-1.3.0-SNAPSHOT.jar:?]
	at org.apache.hadoop.ozone.om.OzoneManager.getFileStatus(OzoneManager.java:3467) ~[ozone-manager-1.3.0-SNAPSHOT.jar:?]
	at org.apache.hadoop.ozone.protocolPB.OzoneManagerRequestHandler.getOzoneFileStatus(OzoneManagerRequestHandler.java:878) ~[ozone-manager-1.3.0-SNAPSHOT.jar:?]
	at org.apache.hadoop.ozone.protocolPB.OzoneManagerRequestHandler.handleReadRequest(OzoneManagerRequestHandler.java:224) ~[ozone-manager-1.3.0-SNAPSHOT.jar:?]
	at org.apache.hadoop.ozone.protocolPB.OzoneManagerProtocolServerSideTranslatorPB.submitReadRequestToOM(OzoneManagerProtocolServerSideTranslatorPB.java:226) ~[ozone-manager-1.3.0-SNAPSHOT.jar:?]
	at org.apache.hadoop.ozone.protocolPB.OzoneManagerProtocolServerSideTranslatorPB.processRequest(OzoneManagerProtocolServerSideTranslatorPB.java:175) ~[ozone-manager-1.3.0-SNAPSHOT.jar:?]
	at org.apache.hadoop.hdds.server.OzoneProtocolMessageDispatcher.processRequest(OzoneProtocolMessageDispatcher.java:87) [hdds-server-framework-1.3.0-SNAPSHOT.jar:?]
	at org.apache.hadoop.ozone.protocolPB.OzoneManagerProtocolServerSideTranslatorPB.submitRequest(OzoneManagerProtocolServerSideTranslatorPB.java:147) [ozone-manager-1.3.0-SNAPSHOT.jar:?]
	at org.apache.hadoop.ozone.protocol.proto.OzoneManagerProtocolProtos$OzoneManagerService$2.callBlockingMethod(OzoneManagerProtocolProtos.java) [ozone-interface-client-1.3.0-SNAPSHOT.jar:?]
	at org.apache.hadoop.ipc.ProtobufRpcEngine$Server.processCall(ProtobufRpcEngine.java:466) [hadoop-common-3.3.1.jar:?]
	at org.apache.hadoop.ipc.ProtobufRpcEngine2$Server$ProtoBufRpcInvoker.call(ProtobufRpcEngine2.java:574) [hadoop-common-3.3.1.jar:?]
	at org.apache.hadoop.ipc.ProtobufRpcEngine2$Server$ProtoBufRpcInvoker.call(ProtobufRpcEngine2.java:552) [hadoop-common-3.3.1.jar:?]
	at org.apache.hadoop.ipc.RPC$Server.call(RPC.java:1093) [hadoop-common-3.3.1.jar:?]
	at org.apache.hadoop.ipc.Server$RpcCall.run(Server.java:1035) [hadoop-common-3.3.1.jar:?]
	at org.apache.hadoop.ipc.Server$RpcCall.run(Server.java:963) [hadoop-common-3.3.1.jar:?]
	at java.security.AccessController.doPrivileged(Native Method) ~[?:1.8.0_332]
	at javax.security.auth.Subject.doAs(Subject.java:422) [?:1.8.0_332]
	at org.apache.hadoop.security.UserGroupInformation.doAs(UserGroupInformation.java:1878) [hadoop-common-3.3.1.jar:?]
	at org.apache.hadoop.ipc.Server$Handler.run(Server.java:2966) [hadoop-common-3.3.1.jar:?]
01:51:34.777 [IPC Server handler 4 on default port 42455] ERROR OMAudit - user=runner | ip=127.0.0.1 | op=GET_FILE_STATUS {volume=volume03090, bucket=bucket63867, key=.Trash/runner, dataSize=0, replicationConfig=null} | ret=FAILURE
org.apache.hadoop.ozone.om.exceptions.OMException: Unable to get file status: volume: volume03090 bucket: bucket63867 key: .Trash/runner
	at org.apache.hadoop.ozone.om.KeyManagerImpl.getOzoneFileStatus(KeyManagerImpl.java:1311) ~[ozone-manager-1.3.0-SNAPSHOT.jar:?]
	at org.apache.hadoop.ozone.om.KeyManagerImpl.getFileStatus(KeyManagerImpl.java:1241) ~[ozone-manager-1.3.0-SNAPSHOT.jar:?]
	at org.apache.hadoop.ozone.om.OzoneManager.getFileStatus(OzoneManager.java:3467) ~[ozone-manager-1.3.0-SNAPSHOT.jar:?]
	at org.apache.hadoop.ozone.protocolPB.OzoneManagerRequestHandler.getOzoneFileStatus(OzoneManagerRequestHandler.java:878) ~[ozone-manager-1.3.0-SNAPSHOT.jar:?]
	at org.apache.hadoop.ozone.protocolPB.OzoneManagerRequestHandler.handleReadRequest(OzoneManagerRequestHandler.java:224) ~[ozone-manager-1.3.0-SNAPSHOT.jar:?]
	at org.apache.hadoop.ozone.protocolPB.OzoneManagerProtocolServerSideTranslatorPB.submitReadRequestToOM(OzoneManagerProtocolServerSideTranslatorPB.java:226) ~[ozone-manager-1.3.0-SNAPSHOT.jar:?]
	at org.apache.hadoop.ozone.protocolPB.OzoneManagerProtocolServerSideTranslatorPB.processRequest(OzoneManagerProtocolServerSideTranslatorPB.java:175) ~[ozone-manager-1.3.0-SNAPSHOT.jar:?]
	at org.apache.hadoop.hdds.server.OzoneProtocolMessageDispatcher.processRequest(OzoneProtocolMessageDispatcher.java:87) [hdds-server-framework-1.3.0-SNAPSHOT.jar:?]
	at org.apache.hadoop.ozone.protocolPB.OzoneManagerProtocolServerSideTranslatorPB.submitRequest(OzoneManagerProtocolServerSideTranslatorPB.java:147) [ozone-manager-1.3.0-SNAPSHOT.jar:?]
	at org.apache.hadoop.ozone.protocol.proto.OzoneManagerProtocolProtos$OzoneManagerService$2.callBlockingMethod(OzoneManagerProtocolProtos.java) [ozone-interface-client-1.3.0-SNAPSHOT.jar:?]
	at org.apache.hadoop.ipc.ProtobufRpcEngine$Server.processCall(ProtobufRpcEngine.java:466) [hadoop-common-3.3.1.jar:?]
	at org.apache.hadoop.ipc.ProtobufRpcEngine2$Server$ProtoBufRpcInvoker.call(ProtobufRpcEngine2.java:574) [hadoop-common-3.3.1.jar:?]
	at org.apache.hadoop.ipc.ProtobufRpcEngine2$Server$ProtoBufRpcInvoker.call(ProtobufRpcEngine2.java:552) [hadoop-common-3.3.1.jar:?]
	at org.apache.hadoop.ipc.RPC$Server.call(RPC.java:1093) [hadoop-common-3.3.1.jar:?]
	at org.apache.hadoop.ipc.Server$RpcCall.run(Server.java:1035) [hadoop-common-3.3.1.jar:?]
	at org.apache.hadoop.ipc.Server$RpcCall.run(Server.java:963) [hadoop-common-3.3.1.jar:?]
	at java.security.AccessController.doPrivileged(Native Method) ~[?:1.8.0_332]
	at javax.security.auth.Subject.doAs(Subject.java:422) [?:1.8.0_332]
	at org.apache.hadoop.security.UserGroupInformation.doAs(UserGroupInformation.java:1878) [hadoop-common-3.3.1.jar:?]
	at org.apache.hadoop.ipc.Server$Handler.run(Server.java:2966) [hadoop-common-3.3.1.jar:?]
01:51:34.787 [IPC Server handler 18 on default port 42455] ERROR OMAudit - user=runner | ip=127.0.0.1 | op=GET_FILE_STATUS {volume=277a777e-b049-4f57-805c-f4cec37fadba, bucket=b8094a85-933e-4d67-b905-89f7efc5367d, key=.Trash, dataSize=0, replicationConfig=null} | ret=FAILURE
org.apache.hadoop.ozone.om.exceptions.OMException: Unable to get file status: volume: 277a777e-b049-4f57-805c-f4cec37fadba bucket: b8094a85-933e-4d67-b905-89f7efc5367d key: .Trash
	at org.apache.hadoop.ozone.om.KeyManagerImpl.getOzoneFileStatus(KeyManagerImpl.java:1311) ~[ozone-manager-1.3.0-SNAPSHOT.jar:?]
	at org.apache.hadoop.ozone.om.KeyManagerImpl.getFileStatus(KeyManagerImpl.java:1241) ~[ozone-manager-1.3.0-SNAPSHOT.jar:?]
	at org.apache.hadoop.ozone.om.OzoneManager.getFileStatus(OzoneManager.java:3467) ~[ozone-manager-1.3.0-SNAPSHOT.jar:?]
	at org.apache.hadoop.ozone.protocolPB.OzoneManagerRequestHandler.getOzoneFileStatus(OzoneManagerRequestHandler.java:878) ~[ozone-manager-1.3.0-SNAPSHOT.jar:?]
	at org.apache.hadoop.ozone.protocolPB.OzoneManagerRequestHandler.handleReadRequest(OzoneManagerRequestHandler.java:224) ~[ozone-manager-1.3.0-SNAPSHOT.jar:?]
	at org.apache.hadoop.ozone.protocolPB.OzoneManagerProtocolServerSideTranslatorPB.submitReadRequestToOM(OzoneManagerProtocolServerSideTranslatorPB.java:226) ~[ozone-manager-1.3.0-SNAPSHOT.jar:?]
	at org.apache.hadoop.ozone.protocolPB.OzoneManagerProtocolServerSideTranslatorPB.processRequest(OzoneManagerProtocolServerSideTranslatorPB.java:175) ~[ozone-manager-1.3.0-SNAPSHOT.jar:?]
	at org.apache.hadoop.hdds.server.OzoneProtocolMessageDispatcher.processRequest(OzoneProtocolMessageDispatcher.java:87) [hdds-server-framework-1.3.0-SNAPSHOT.jar:?]
	at org.apache.hadoop.ozone.protocolPB.OzoneManagerProtocolServerSideTranslatorPB.submitRequest(OzoneManagerProtocolServerSideTranslatorPB.java:147) [ozone-manager-1.3.0-SNAPSHOT.jar:?]
	at org.apache.hadoop.ozone.protocol.proto.OzoneManagerProtocolProtos$OzoneManagerService$2.callBlockingMethod(OzoneManagerProtocolProtos.java) [ozone-interface-client-1.3.0-SNAPSHOT.jar:?]
	at org.apache.hadoop.ipc.ProtobufRpcEngine$Server.processCall(ProtobufRpcEngine.java:466) [hadoop-common-3.3.1.jar:?]
	at org.apache.hadoop.ipc.ProtobufRpcEngine2$Server$ProtoBufRpcInvoker.call(ProtobufRpcEngine2.java:574) [hadoop-common-3.3.1.jar:?]
	at org.apache.hadoop.ipc.ProtobufRpcEngine2$Server$ProtoBufRpcInvoker.call(ProtobufRpcEngine2.java:552) [hadoop-common-3.3.1.jar:?]
	at org.apache.hadoop.ipc.RPC$Server.call(RPC.java:1093) [hadoop-common-3.3.1.jar:?]
	at org.apache.hadoop.ipc.Server$RpcCall.run(Server.java:1035) [hadoop-common-3.3.1.jar:?]
	at org.apache.hadoop.ipc.Server$RpcCall.run(Server.java:963) [hadoop-common-3.3.1.jar:?]
	at java.security.AccessController.doPrivileged(Native Method) ~[?:1.8.0_332]
	at javax.security.auth.Subject.doAs(Subject.java:422) [?:1.8.0_332]
	at org.apache.hadoop.security.UserGroupInformation.doAs(UserGroupInformation.java:1878) [hadoop-common-3.3.1.jar:?]
	at org.apache.hadoop.ipc.Server$Handler.run(Server.java:2966) [hadoop-common-3.3.1.jar:?]
01:51:34.793 [IPC Server handler 11 on default port 42455] ERROR OMAudit - user=runner | ip=127.0.0.1 | op=GET_FILE_STATUS {volume=volume03090, bucket=bucket63867, key=.Trash, dataSize=0, replicationConfig=null} | ret=FAILURE
org.apache.hadoop.ozone.om.exceptions.OMException: Unable to get file status: volume: volume03090 bucket: bucket63867 key: .Trash
	at org.apache.hadoop.ozone.om.KeyManagerImpl.getOzoneFileStatus(KeyManagerImpl.java:1311) ~[ozone-manager-1.3.0-SNAPSHOT.jar:?]
	at org.apache.hadoop.ozone.om.KeyManagerImpl.getFileStatus(KeyManagerImpl.java:1241) ~[ozone-manager-1.3.0-SNAPSHOT.jar:?]
	at org.apache.hadoop.ozone.om.OzoneManager.getFileStatus(OzoneManager.java:3467) ~[ozone-manager-1.3.0-SNAPSHOT.jar:?]
	at org.apache.hadoop.ozone.protocolPB.OzoneManagerRequestHandler.getOzoneFileStatus(OzoneManagerRequestHandler.java:878) ~[ozone-manager-1.3.0-SNAPSHOT.jar:?]
	at org.apache.hadoop.ozone.protocolPB.OzoneManagerRequestHandler.handleReadRequest(OzoneManagerRequestHandler.java:224) ~[ozone-manager-1.3.0-SNAPSHOT.jar:?]
	at org.apache.hadoop.ozone.protocolPB.OzoneManagerProtocolServerSideTranslatorPB.submitReadRequestToOM(OzoneManagerProtocolServerSideTranslatorPB.java:226) ~[ozone-manager-1.3.0-SNAPSHOT.jar:?]
	at org.apache.hadoop.ozone.protocolPB.OzoneManagerProtocolServerSideTranslatorPB.processRequest(OzoneManagerProtocolServerSideTranslatorPB.java:175) ~[ozone-manager-1.3.0-SNAPSHOT.jar:?]
	at org.apache.hadoop.hdds.server.OzoneProtocolMessageDispatcher.processRequest(OzoneProtocolMessageDispatcher.java:87) [hdds-server-framework-1.3.0-SNAPSHOT.jar:?]
	at org.apache.hadoop.ozone.protocolPB.OzoneManagerProtocolServerSideTranslatorPB.submitRequest(OzoneManagerProtocolServerSideTranslatorPB.java:147) [ozone-manager-1.3.0-SNAPSHOT.jar:?]
	at org.apache.hadoop.ozone.protocol.proto.OzoneManagerProtocolProtos$OzoneManagerService$2.callBlockingMethod(OzoneManagerProtocolProtos.java) [ozone-interface-client-1.3.0-SNAPSHOT.jar:?]
	at org.apache.hadoop.ipc.ProtobufRpcEngine$Server.processCall(ProtobufRpcEngine.java:466) [hadoop-common-3.3.1.jar:?]
	at org.apache.hadoop.ipc.ProtobufRpcEngine2$Server$ProtoBufRpcInvoker.call(ProtobufRpcEngine2.java:574) [hadoop-common-3.3.1.jar:?]
	at org.apache.hadoop.ipc.ProtobufRpcEngine2$Server$ProtoBufRpcInvoker.call(ProtobufRpcEngine2.java:552) [hadoop-common-3.3.1.jar:?]
	at org.apache.hadoop.ipc.RPC$Server.call(RPC.java:1093) [hadoop-common-3.3.1.jar:?]
	at org.apache.hadoop.ipc.Server$RpcCall.run(Server.java:1035) [hadoop-common-3.3.1.jar:?]
	at org.apache.hadoop.ipc.Server$RpcCall.run(Server.java:963) [hadoop-common-3.3.1.jar:?]
	at java.security.AccessController.doPrivileged(Native Method) ~[?:1.8.0_332]
	at javax.security.auth.Subject.doAs(Subject.java:422) [?:1.8.0_332]
	at org.apache.hadoop.security.UserGroupInformation.doAs(UserGroupInformation.java:1878) [hadoop-common-3.3.1.jar:?]
	at org.apache.hadoop.ipc.Server$Handler.run(Server.java:2966) [hadoop-common-3.3.1.jar:?]
01:51:34.816 [IPC Server handler 11 on default port 42455] ERROR OMAudit - user=runner | ip=127.0.0.1 | op=GET_FILE_STATUS {volume=volume42531, bucket=trashroottest2, key=.Trash/runner, dataSize=0, replicationConfig=null} | ret=FAILURE
org.apache.hadoop.ozone.om.exceptions.OMException: Unable to get file status: volume: volume42531 bucket: trashroottest2 key: .Trash/runner
	at org.apache.hadoop.ozone.om.KeyManagerImpl.getOzoneFileStatus(KeyManagerImpl.java:1311) ~[ozone-manager-1.3.0-SNAPSHOT.jar:?]
	at org.apache.hadoop.ozone.om.KeyManagerImpl.getFileStatus(KeyManagerImpl.java:1241) ~[ozone-manager-1.3.0-SNAPSHOT.jar:?]
	at org.apache.hadoop.ozone.om.OzoneManager.getFileStatus(OzoneManager.java:3467) ~[ozone-manager-1.3.0-SNAPSHOT.jar:?]
	at org.apache.hadoop.ozone.protocolPB.OzoneManagerRequestHandler.getOzoneFileStatus(OzoneManagerRequestHandler.java:878) ~[ozone-manager-1.3.0-SNAPSHOT.jar:?]
	at org.apache.hadoop.ozone.protocolPB.OzoneManagerRequestHandler.handleReadRequest(OzoneManagerRequestHandler.java:224) ~[ozone-manager-1.3.0-SNAPSHOT.jar:?]
	at org.apache.hadoop.ozone.protocolPB.OzoneManagerProtocolServerSideTranslatorPB.submitReadRequestToOM(OzoneManagerProtocolServerSideTranslatorPB.java:226) ~[ozone-manager-1.3.0-SNAPSHOT.jar:?]
	at org.apache.hadoop.ozone.protocolPB.OzoneManagerProtocolServerSideTranslatorPB.processRequest(OzoneManagerProtocolServerSideTranslatorPB.java:175) ~[ozone-manager-1.3.0-SNAPSHOT.jar:?]
	at org.apache.hadoop.hdds.server.OzoneProtocolMessageDispatcher.processRequest(OzoneProtocolMessageDispatcher.java:87) [hdds-server-framework-1.3.0-SNAPSHOT.jar:?]
	at org.apache.hadoop.ozone.protocolPB.OzoneManagerProtocolServerSideTranslatorPB.submitRequest(OzoneManagerProtocolServerSideTranslatorPB.java:147) [ozone-manager-1.3.0-SNAPSHOT.jar:?]
	at org.apache.hadoop.ozone.protocol.proto.OzoneManagerProtocolProtos$OzoneManagerService$2.callBlockingMethod(OzoneManagerProtocolProtos.java) [ozone-interface-client-1.3.0-SNAPSHOT.jar:?]
	at org.apache.hadoop.ipc.ProtobufRpcEngine$Server.processCall(ProtobufRpcEngine.java:466) [hadoop-common-3.3.1.jar:?]
	at org.apache.hadoop.ipc.ProtobufRpcEngine2$Server$ProtoBufRpcInvoker.call(ProtobufRpcEngine2.java:574) [hadoop-common-3.3.1.jar:?]
	at org.apache.hadoop.ipc.ProtobufRpcEngine2$Server$ProtoBufRpcInvoker.call(ProtobufRpcEngine2.java:552) [hadoop-common-3.3.1.jar:?]
	at org.apache.hadoop.ipc.RPC$Server.call(RPC.java:1093) [hadoop-common-3.3.1.jar:?]
	at org.apache.hadoop.ipc.Server$RpcCall.run(Server.java:1035) [hadoop-common-3.3.1.jar:?]
	at org.apache.hadoop.ipc.Server$RpcCall.run(Server.java:963) [hadoop-common-3.3.1.jar:?]
	at java.security.AccessController.doPrivileged(Native Method) ~[?:1.8.0_332]
	at javax.security.auth.Subject.doAs(Subject.java:422) [?:1.8.0_332]
	at org.apache.hadoop.security.UserGroupInformation.doAs(UserGroupInformation.java:1878) [hadoop-common-3.3.1.jar:?]
	at org.apache.hadoop.ipc.Server$Handler.run(Server.java:2966) [hadoop-common-3.3.1.jar:?]
01:51:34.818 [IPC Server handler 7 on default port 42455] ERROR OMAudit - user=runner | ip=127.0.0.1 | op=GET_FILE_STATUS {volume=volume03090, bucket=bucket63867, key=.Trash/runner, dataSize=0, replicationConfig=null} | ret=FAILURE
org.apache.hadoop.ozone.om.exceptions.OMException: Unable to get file status: volume: volume03090 bucket: bucket63867 key: .Trash/runner
	at org.apache.hadoop.ozone.om.KeyManagerImpl.getOzoneFileStatus(KeyManagerImpl.java:1311) ~[ozone-manager-1.3.0-SNAPSHOT.jar:?]
	at org.apache.hadoop.ozone.om.KeyManagerImpl.getFileStatus(KeyManagerImpl.java:1241) ~[ozone-manager-1.3.0-SNAPSHOT.jar:?]
	at org.apache.hadoop.ozone.om.OzoneManager.getFileStatus(OzoneManager.java:3467) ~[ozone-manager-1.3.0-SNAPSHOT.jar:?]
	at org.apache.hadoop.ozone.protocolPB.OzoneManagerRequestHandler.getOzoneFileStatus(OzoneManagerRequestHandler.java:878) ~[ozone-manager-1.3.0-SNAPSHOT.jar:?]
	at org.apache.hadoop.ozone.protocolPB.OzoneManagerRequestHandler.handleReadRequest(OzoneManagerRequestHandler.java:224) ~[ozone-manager-1.3.0-SNAPSHOT.jar:?]
	at org.apache.hadoop.ozone.protocolPB.OzoneManagerProtocolServerSideTranslatorPB.submitReadRequestToOM(OzoneManagerProtocolServerSideTranslatorPB.java:226) ~[ozone-manager-1.3.0-SNAPSHOT.jar:?]
	at org.apache.hadoop.ozone.protocolPB.OzoneManagerProtocolServerSideTranslatorPB.processRequest(OzoneManagerProtocolServerSideTranslatorPB.java:175) ~[ozone-manager-1.3.0-SNAPSHOT.jar:?]
	at org.apache.hadoop.hdds.server.OzoneProtocolMessageDispatcher.processRequest(OzoneProtocolMessageDispatcher.java:87) [hdds-server-framework-1.3.0-SNAPSHOT.jar:?]
	at org.apache.hadoop.ozone.protocolPB.OzoneManagerProtocolServerSideTranslatorPB.submitRequest(OzoneManagerProtocolServerSideTranslatorPB.java:147) [ozone-manager-1.3.0-SNAPSHOT.jar:?]
	at org.apache.hadoop.ozone.protocol.proto.OzoneManagerProtocolProtos$OzoneManagerService$2.callBlockingMethod(OzoneManagerProtocolProtos.java) [ozone-interface-client-1.3.0-SNAPSHOT.jar:?]
	at org.apache.hadoop.ipc.ProtobufRpcEngine$Server.processCall(ProtobufRpcEngine.java:466) [hadoop-common-3.3.1.jar:?]
	at org.apache.hadoop.ipc.ProtobufRpcEngine2$Server$ProtoBufRpcInvoker.call(ProtobufRpcEngine2.java:574) [hadoop-common-3.3.1.jar:?]
	at org.apache.hadoop.ipc.ProtobufRpcEngine2$Server$ProtoBufRpcInvoker.call(ProtobufRpcEngine2.java:552) [hadoop-common-3.3.1.jar:?]
	at org.apache.hadoop.ipc.RPC$Server.call(RPC.java:1093) [hadoop-common-3.3.1.jar:?]
	at org.apache.hadoop.ipc.Server$RpcCall.run(Server.java:1035) [hadoop-common-3.3.1.jar:?]
	at org.apache.hadoop.ipc.Server$RpcCall.run(Server.java:963) [hadoop-common-3.3.1.jar:?]
	at java.security.AccessController.doPrivileged(Native Method) ~[?:1.8.0_332]
	at javax.security.auth.Subject.doAs(Subject.java:422) [?:1.8.0_332]
	at org.apache.hadoop.security.UserGroupInformation.doAs(UserGroupInformation.java:1878) [hadoop-common-3.3.1.jar:?]
	at org.apache.hadoop.ipc.Server$Handler.run(Server.java:2966) [hadoop-common-3.3.1.jar:?]
01:51:34.831 [IPC Server handler 14 on default port 42455] ERROR OMAudit - user=runner | ip=127.0.0.1 | op=GET_FILE_STATUS {volume=277a777e-b049-4f57-805c-f4cec37fadba, bucket=b8094a85-933e-4d67-b905-89f7efc5367d, key=.Trash, dataSize=0, replicationConfig=null} | ret=FAILURE
org.apache.hadoop.ozone.om.exceptions.OMException: Unable to get file status: volume: 277a777e-b049-4f57-805c-f4cec37fadba bucket: b8094a85-933e-4d67-b905-89f7efc5367d key: .Trash
	at org.apache.hadoop.ozone.om.KeyManagerImpl.getOzoneFileStatus(KeyManagerImpl.java:1311) ~[ozone-manager-1.3.0-SNAPSHOT.jar:?]
	at org.apache.hadoop.ozone.om.KeyManagerImpl.getFileStatus(KeyManagerImpl.java:1241) ~[ozone-manager-1.3.0-SNAPSHOT.jar:?]
	at org.apache.hadoop.ozone.om.OzoneManager.getFileStatus(OzoneManager.java:3467) ~[ozone-manager-1.3.0-SNAPSHOT.jar:?]
	at org.apache.hadoop.ozone.protocolPB.OzoneManagerRequestHandler.getOzoneFileStatus(OzoneManagerRequestHandler.java:878) ~[ozone-manager-1.3.0-SNAPSHOT.jar:?]
	at org.apache.hadoop.ozone.protocolPB.OzoneManagerRequestHandler.handleReadRequest(OzoneManagerRequestHandler.java:224) ~[ozone-manager-1.3.0-SNAPSHOT.jar:?]
	at org.apache.hadoop.ozone.protocolPB.OzoneManagerProtocolServerSideTranslatorPB.submitReadRequestToOM(OzoneManagerProtocolServerSideTranslatorPB.java:226) ~[ozone-manager-1.3.0-SNAPSHOT.jar:?]
	at org.apache.hadoop.ozone.protocolPB.OzoneManagerProtocolServerSideTranslatorPB.processRequest(OzoneManagerProtocolServerSideTranslatorPB.java:175) ~[ozone-manager-1.3.0-SNAPSHOT.jar:?]
	at org.apache.hadoop.hdds.server.OzoneProtocolMessageDispatcher.processRequest(OzoneProtocolMessageDispatcher.java:87) [hdds-server-framework-1.3.0-SNAPSHOT.jar:?]
	at org.apache.hadoop.ozone.protocolPB.OzoneManagerProtocolServerSideTranslatorPB.submitRequest(OzoneManagerProtocolServerSideTranslatorPB.java:147) [ozone-manager-1.3.0-SNAPSHOT.jar:?]
	at org.apache.hadoop.ozone.protocol.proto.OzoneManagerProtocolProtos$OzoneManagerService$2.callBlockingMethod(OzoneManagerProtocolProtos.java) [ozone-interface-client-1.3.0-SNAPSHOT.jar:?]
	at org.apache.hadoop.ipc.ProtobufRpcEngine$Server.processCall(ProtobufRpcEngine.java:466) [hadoop-common-3.3.1.jar:?]
	at org.apache.hadoop.ipc.ProtobufRpcEngine2$Server$ProtoBufRpcInvoker.call(ProtobufRpcEngine2.java:574) [hadoop-common-3.3.1.jar:?]
	at org.apache.hadoop.ipc.ProtobufRpcEngine2$Server$ProtoBufRpcInvoker.call(ProtobufRpcEngine2.java:552) [hadoop-common-3.3.1.jar:?]
	at org.apache.hadoop.ipc.RPC$Server.call(RPC.java:1093) [hadoop-common-3.3.1.jar:?]
	at org.apache.hadoop.ipc.Server$RpcCall.run(Server.java:1035) [hadoop-common-3.3.1.jar:?]
	at org.apache.hadoop.ipc.Server$RpcCall.run(Server.java:963) [hadoop-common-3.3.1.jar:?]
	at java.security.AccessController.doPrivileged(Native Method) ~[?:1.8.0_332]
	at javax.security.auth.Subject.doAs(Subject.java:422) [?:1.8.0_332]
	at org.apache.hadoop.security.UserGroupInformation.doAs(UserGroupInformation.java:1878) [hadoop-common-3.3.1.jar:?]
	at org.apache.hadoop.ipc.Server$Handler.run(Server.java:2966) [hadoop-common-3.3.1.jar:?]
01:51:34.833 [IPC Server handler 0 on default port 42455] ERROR OMAudit - user=runner | ip=127.0.0.1 | op=GET_FILE_STATUS {volume=volume03090, bucket=bucket63867, key=.Trash, dataSize=0, replicationConfig=null} | ret=FAILURE
org.apache.hadoop.ozone.om.exceptions.OMException: Unable to get file status: volume: volume03090 bucket: bucket63867 key: .Trash
	at org.apache.hadoop.ozone.om.KeyManagerImpl.getOzoneFileStatus(KeyManagerImpl.java:1311) ~[ozone-manager-1.3.0-SNAPSHOT.jar:?]
	at org.apache.hadoop.ozone.om.KeyManagerImpl.getFileStatus(KeyManagerImpl.java:1241) ~[ozone-manager-1.3.0-SNAPSHOT.jar:?]
	at org.apache.hadoop.ozone.om.OzoneManager.getFileStatus(OzoneManager.java:3467) ~[ozone-manager-1.3.0-SNAPSHOT.jar:?]
	at org.apache.hadoop.ozone.protocolPB.OzoneManagerRequestHandler.getOzoneFileStatus(OzoneManagerRequestHandler.java:878) ~[ozone-manager-1.3.0-SNAPSHOT.jar:?]
	at org.apache.hadoop.ozone.protocolPB.OzoneManagerRequestHandler.handleReadRequest(OzoneManagerRequestHandler.java:224) ~[ozone-manager-1.3.0-SNAPSHOT.jar:?]
	at org.apache.hadoop.ozone.protocolPB.OzoneManagerProtocolServerSideTranslatorPB.submitReadRequestToOM(OzoneManagerProtocolServerSideTranslatorPB.java:226) ~[ozone-manager-1.3.0-SNAPSHOT.jar:?]
	at org.apache.hadoop.ozone.protocolPB.OzoneManagerProtocolServerSideTranslatorPB.processRequest(OzoneManagerProtocolServerSideTranslatorPB.java:175) ~[ozone-manager-1.3.0-SNAPSHOT.jar:?]
	at org.apache.hadoop.hdds.server.OzoneProtocolMessageDispatcher.processRequest(OzoneProtocolMessageDispatcher.java:87) [hdds-server-framework-1.3.0-SNAPSHOT.jar:?]
	at org.apache.hadoop.ozone.protocolPB.OzoneManagerProtocolServerSideTranslatorPB.submitRequest(OzoneManagerProtocolServerSideTranslatorPB.java:147) [ozone-manager-1.3.0-SNAPSHOT.jar:?]
	at org.apache.hadoop.ozone.protocol.proto.OzoneManagerProtocolProtos$OzoneManagerService$2.callBlockingMethod(OzoneManagerProtocolProtos.java) [ozone-interface-client-1.3.0-SNAPSHOT.jar:?]
	at org.apache.hadoop.ipc.ProtobufRpcEngine$Server.processCall(ProtobufRpcEngine.java:466) [hadoop-common-3.3.1.jar:?]
	at org.apache.hadoop.ipc.ProtobufRpcEngine2$Server$ProtoBufRpcInvoker.call(ProtobufRpcEngine2.java:574) [hadoop-common-3.3.1.jar:?]
	at org.apache.hadoop.ipc.ProtobufRpcEngine2$Server$ProtoBufRpcInvoker.call(ProtobufRpcEngine2.java:552) [hadoop-common-3.3.1.jar:?]
	at org.apache.hadoop.ipc.RPC$Server.call(RPC.java:1093) [hadoop-common-3.3.1.jar:?]
	at org.apache.hadoop.ipc.Server$RpcCall.run(Server.java:1035) [hadoop-common-3.3.1.jar:?]
	at org.apache.hadoop.ipc.Server$RpcCall.run(Server.java:963) [hadoop-common-3.3.1.jar:?]
	at java.security.AccessController.doPrivileged(Native Method) ~[?:1.8.0_332]
	at javax.security.auth.Subject.doAs(Subject.java:422) [?:1.8.0_332]
	at org.apache.hadoop.security.UserGroupInformation.doAs(UserGroupInformation.java:1878) [hadoop-common-3.3.1.jar:?]
	at org.apache.hadoop.ipc.Server$Handler.run(Server.java:2966) [hadoop-common-3.3.1.jar:?]
01:51:34.838 [IPC Server handler 3 on default port 42455] ERROR OMAudit - user=runner | ip=127.0.0.1 | op=GET_FILE_STATUS {volume=volume42531, bucket=trashroottest2, key=.Trash, dataSize=0, replicationConfig=null} | ret=FAILURE
org.apache.hadoop.ozone.om.exceptions.OMException: Unable to get file status: volume: volume42531 bucket: trashroottest2 key: .Trash
	at org.apache.hadoop.ozone.om.KeyManagerImpl.getOzoneFileStatus(KeyManagerImpl.java:1311) ~[ozone-manager-1.3.0-SNAPSHOT.jar:?]
	at org.apache.hadoop.ozone.om.KeyManagerImpl.getFileStatus(KeyManagerImpl.java:1241) ~[ozone-manager-1.3.0-SNAPSHOT.jar:?]
	at org.apache.hadoop.ozone.om.OzoneManager.getFileStatus(OzoneManager.java:3467) ~[ozone-manager-1.3.0-SNAPSHOT.jar:?]
	at org.apache.hadoop.ozone.protocolPB.OzoneManagerRequestHandler.getOzoneFileStatus(OzoneManagerRequestHandler.java:878) ~[ozone-manager-1.3.0-SNAPSHOT.jar:?]
	at org.apache.hadoop.ozone.protocolPB.OzoneManagerRequestHandler.handleReadRequest(OzoneManagerRequestHandler.java:224) ~[ozone-manager-1.3.0-SNAPSHOT.jar:?]
	at org.apache.hadoop.ozone.protocolPB.OzoneManagerProtocolServerSideTranslatorPB.submitReadRequestToOM(OzoneManagerProtocolServerSideTranslatorPB.java:226) ~[ozone-manager-1.3.0-SNAPSHOT.jar:?]
	at org.apache.hadoop.ozone.protocolPB.OzoneManagerProtocolServerSideTranslatorPB.processRequest(OzoneManagerProtocolServerSideTranslatorPB.java:175) ~[ozone-manager-1.3.0-SNAPSHOT.jar:?]
	at org.apache.hadoop.hdds.server.OzoneProtocolMessageDispatcher.processRequest(OzoneProtocolMessageDispatcher.java:87) [hdds-server-framework-1.3.0-SNAPSHOT.jar:?]
	at org.apache.hadoop.ozone.protocolPB.OzoneManagerProtocolServerSideTranslatorPB.submitRequest(OzoneManagerProtocolServerSideTranslatorPB.java:147) [ozone-manager-1.3.0-SNAPSHOT.jar:?]
	at org.apache.hadoop.ozone.protocol.proto.OzoneManagerProtocolProtos$OzoneManagerService$2.callBlockingMethod(OzoneManagerProtocolProtos.java) [ozone-interface-client-1.3.0-SNAPSHOT.jar:?]
	at org.apache.hadoop.ipc.ProtobufRpcEngine$Server.processCall(ProtobufRpcEngine.java:466) [hadoop-common-3.3.1.jar:?]
	at org.apache.hadoop.ipc.ProtobufRpcEngine2$Server$ProtoBufRpcInvoker.call(ProtobufRpcEngine2.java:574) [hadoop-common-3.3.1.jar:?]
	at org.apache.hadoop.ipc.ProtobufRpcEngine2$Server$ProtoBufRpcInvoker.call(ProtobufRpcEngine2.java:552) [hadoop-common-3.3.1.jar:?]
	at org.apache.hadoop.ipc.RPC$Server.call(RPC.java:1093) [hadoop-common-3.3.1.jar:?]
	at org.apache.hadoop.ipc.Server$RpcCall.run(Server.java:1035) [hadoop-common-3.3.1.jar:?]
	at org.apache.hadoop.ipc.Server$RpcCall.run(Server.java:963) [hadoop-common-3.3.1.jar:?]
	at java.security.AccessController.doPrivileged(Native Method) ~[?:1.8.0_332]
	at javax.security.auth.Subject.doAs(Subject.java:422) [?:1.8.0_332]
	at org.apache.hadoop.security.UserGroupInformation.doAs(UserGroupInformation.java:1878) [hadoop-common-3.3.1.jar:?]
	at org.apache.hadoop.ipc.Server$Handler.run(Server.java:2966) [hadoop-common-3.3.1.jar:?]
01:51:34.860 [IPC Server handler 16 on default port 42455] ERROR OMAudit - user=runner | ip=127.0.0.1 | op=GET_FILE_STATUS {volume=volume42531, bucket=trashroottest2, key=.Trash/runner, dataSize=0, replicationConfig=null} | ret=FAILURE
org.apache.hadoop.ozone.om.exceptions.OMException: Unable to get file status: volume: volume42531 bucket: trashroottest2 key: .Trash/runner
	at org.apache.hadoop.ozone.om.KeyManagerImpl.getOzoneFileStatus(KeyManagerImpl.java:1311) ~[ozone-manager-1.3.0-SNAPSHOT.jar:?]
	at org.apache.hadoop.ozone.om.KeyManagerImpl.getFileStatus(KeyManagerImpl.java:1241) ~[ozone-manager-1.3.0-SNAPSHOT.jar:?]
	at org.apache.hadoop.ozone.om.OzoneManager.getFileStatus(OzoneManager.java:3467) ~[ozone-manager-1.3.0-SNAPSHOT.jar:?]
	at org.apache.hadoop.ozone.protocolPB.OzoneManagerRequestHandler.getOzoneFileStatus(OzoneManagerRequestHandler.java:878) ~[ozone-manager-1.3.0-SNAPSHOT.jar:?]
	at org.apache.hadoop.ozone.protocolPB.OzoneManagerRequestHandler.handleReadRequest(OzoneManagerRequestHandler.java:224) ~[ozone-manager-1.3.0-SNAPSHOT.jar:?]
	at org.apache.hadoop.ozone.protocolPB.OzoneManagerProtocolServerSideTranslatorPB.submitReadRequestToOM(OzoneManagerProtocolServerSideTranslatorPB.java:226) ~[ozone-manager-1.3.0-SNAPSHOT.jar:?]
	at org.apache.hadoop.ozone.protocolPB.OzoneManagerProtocolServerSideTranslatorPB.processRequest(OzoneManagerProtocolServerSideTranslatorPB.java:175) ~[ozone-manager-1.3.0-SNAPSHOT.jar:?]
	at org.apache.hadoop.hdds.server.OzoneProtocolMessageDispatcher.processRequest(OzoneProtocolMessageDispatcher.java:87) [hdds-server-framework-1.3.0-SNAPSHOT.jar:?]
	at org.apache.hadoop.ozone.protocolPB.OzoneManagerProtocolServerSideTranslatorPB.submitRequest(OzoneManagerProtocolServerSideTranslatorPB.java:147) [ozone-manager-1.3.0-SNAPSHOT.jar:?]
	at org.apache.hadoop.ozone.protocol.proto.OzoneManagerProtocolProtos$OzoneManagerService$2.callBlockingMethod(OzoneManagerProtocolProtos.java) [ozone-interface-client-1.3.0-SNAPSHOT.jar:?]
	at org.apache.hadoop.ipc.ProtobufRpcEngine$Server.processCall(ProtobufRpcEngine.java:466) [hadoop-common-3.3.1.jar:?]
	at org.apache.hadoop.ipc.ProtobufRpcEngine2$Server$ProtoBufRpcInvoker.call(ProtobufRpcEngine2.java:574) [hadoop-common-3.3.1.jar:?]
	at org.apache.hadoop.ipc.ProtobufRpcEngine2$Server$ProtoBufRpcInvoker.call(ProtobufRpcEngine2.java:552) [hadoop-common-3.3.1.jar:?]
	at org.apache.hadoop.ipc.RPC$Server.call(RPC.java:1093) [hadoop-common-3.3.1.jar:?]
	at org.apache.hadoop.ipc.Server$RpcCall.run(Server.java:1035) [hadoop-common-3.3.1.jar:?]
	at org.apache.hadoop.ipc.Server$RpcCall.run(Server.java:963) [hadoop-common-3.3.1.jar:?]
	at java.security.AccessController.doPrivileged(Native Method) ~[?:1.8.0_332]
	at javax.security.auth.Subject.doAs(Subject.java:422) [?:1.8.0_332]
	at org.apache.hadoop.security.UserGroupInformation.doAs(UserGroupInformation.java:1878) [hadoop-common-3.3.1.jar:?]
	at org.apache.hadoop.ipc.Server$Handler.run(Server.java:2966) [hadoop-common-3.3.1.jar:?]
01:51:34.867 [IPC Server handler 15 on default port 42455] ERROR OMAudit - user=runner | ip=127.0.0.1 | op=GET_FILE_STATUS {volume=volume03090, bucket=bucket63867, key=.Trash/runner, dataSize=0, replicationConfig=null} | ret=FAILURE
org.apache.hadoop.ozone.om.exceptions.OMException: Unable to get file status: volume: volume03090 bucket: bucket63867 key: .Trash/runner
	at org.apache.hadoop.ozone.om.KeyManagerImpl.getOzoneFileStatus(KeyManagerImpl.java:1311) ~[ozone-manager-1.3.0-SNAPSHOT.jar:?]
	at org.apache.hadoop.ozone.om.KeyManagerImpl.getFileStatus(KeyManagerImpl.java:1241) ~[ozone-manager-1.3.0-SNAPSHOT.jar:?]
	at org.apache.hadoop.ozone.om.OzoneManager.getFileStatus(OzoneManager.java:3467) ~[ozone-manager-1.3.0-SNAPSHOT.jar:?]
	at org.apache.hadoop.ozone.protocolPB.OzoneManagerRequestHandler.getOzoneFileStatus(OzoneManagerRequestHandler.java:878) ~[ozone-manager-1.3.0-SNAPSHOT.jar:?]
	at org.apache.hadoop.ozone.protocolPB.OzoneManagerRequestHandler.handleReadRequest(OzoneManagerRequestHandler.java:224) ~[ozone-manager-1.3.0-SNAPSHOT.jar:?]
	at org.apache.hadoop.ozone.protocolPB.OzoneManagerProtocolServerSideTranslatorPB.submitReadRequestToOM(OzoneManagerProtocolServerSideTranslatorPB.java:226) ~[ozone-manager-1.3.0-SNAPSHOT.jar:?]
	at org.apache.hadoop.ozone.protocolPB.OzoneManagerProtocolServerSideTranslatorPB.processRequest(OzoneManagerProtocolServerSideTranslatorPB.java:175) ~[ozone-manager-1.3.0-SNAPSHOT.jar:?]
	at org.apache.hadoop.hdds.server.OzoneProtocolMessageDispatcher.processRequest(OzoneProtocolMessageDispatcher.java:87) [hdds-server-framework-1.3.0-SNAPSHOT.jar:?]
	at org.apache.hadoop.ozone.protocolPB.OzoneManagerProtocolServerSideTranslatorPB.submitRequest(OzoneManagerProtocolServerSideTranslatorPB.java:147) [ozone-manager-1.3.0-SNAPSHOT.jar:?]
	at org.apache.hadoop.ozone.protocol.proto.OzoneManagerProtocolProtos$OzoneManagerService$2.callBlockingMethod(OzoneManagerProtocolProtos.java) [ozone-interface-client-1.3.0-SNAPSHOT.jar:?]
	at org.apache.hadoop.ipc.ProtobufRpcEngine$Server.processCall(ProtobufRpcEngine.java:466) [hadoop-common-3.3.1.jar:?]
	at org.apache.hadoop.ipc.ProtobufRpcEngine2$Server$ProtoBufRpcInvoker.call(ProtobufRpcEngine2.java:574) [hadoop-common-3.3.1.jar:?]
	at org.apache.hadoop.ipc.ProtobufRpcEngine2$Server$ProtoBufRpcInvoker.call(ProtobufRpcEngine2.java:552) [hadoop-common-3.3.1.jar:?]
	at org.apache.hadoop.ipc.RPC$Server.call(RPC.java:1093) [hadoop-common-3.3.1.jar:?]
	at org.apache.hadoop.ipc.Server$RpcCall.run(Server.java:1035) [hadoop-common-3.3.1.jar:?]
	at org.apache.hadoop.ipc.Server$RpcCall.run(Server.java:963) [hadoop-common-3.3.1.jar:?]
	at java.security.AccessController.doPrivileged(Native Method) ~[?:1.8.0_332]
	at javax.security.auth.Subject.doAs(Subject.java:422) [?:1.8.0_332]
	at org.apache.hadoop.security.UserGroupInformation.doAs(UserGroupInformation.java:1878) [hadoop-common-3.3.1.jar:?]
	at org.apache.hadoop.ipc.Server$Handler.run(Server.java:2966) [hadoop-common-3.3.1.jar:?]
01:51:34.887 [IPC Server handler 9 on default port 42455] ERROR OMAudit - user=runner | ip=127.0.0.1 | op=GET_FILE_STATUS {volume=277a777e-b049-4f57-805c-f4cec37fadba, bucket=b8094a85-933e-4d67-b905-89f7efc5367d, key=.Trash, dataSize=0, replicationConfig=null} | ret=FAILURE
org.apache.hadoop.ozone.om.exceptions.OMException: Unable to get file status: volume: 277a777e-b049-4f57-805c-f4cec37fadba bucket: b8094a85-933e-4d67-b905-89f7efc5367d key: .Trash
	at org.apache.hadoop.ozone.om.KeyManagerImpl.getOzoneFileStatus(KeyManagerImpl.java:1311) ~[ozone-manager-1.3.0-SNAPSHOT.jar:?]
	at org.apache.hadoop.ozone.om.KeyManagerImpl.getFileStatus(KeyManagerImpl.java:1241) ~[ozone-manager-1.3.0-SNAPSHOT.jar:?]
	at org.apache.hadoop.ozone.om.OzoneManager.getFileStatus(OzoneManager.java:3467) ~[ozone-manager-1.3.0-SNAPSHOT.jar:?]
	at org.apache.hadoop.ozone.protocolPB.OzoneManagerRequestHandler.getOzoneFileStatus(OzoneManagerRequestHandler.java:878) ~[ozone-manager-1.3.0-SNAPSHOT.jar:?]
	at org.apache.hadoop.ozone.protocolPB.OzoneManagerRequestHandler.handleReadRequest(OzoneManagerRequestHandler.java:224) ~[ozone-manager-1.3.0-SNAPSHOT.jar:?]
	at org.apache.hadoop.ozone.protocolPB.OzoneManagerProtocolServerSideTranslatorPB.submitReadRequestToOM(OzoneManagerProtocolServerSideTranslatorPB.java:226) ~[ozone-manager-1.3.0-SNAPSHOT.jar:?]
	at org.apache.hadoop.ozone.protocolPB.OzoneManagerProtocolServerSideTranslatorPB.processRequest(OzoneManagerProtocolServerSideTranslatorPB.java:175) ~[ozone-manager-1.3.0-SNAPSHOT.jar:?]
	at org.apache.hadoop.hdds.server.OzoneProtocolMessageDispatcher.processRequest(OzoneProtocolMessageDispatcher.java:87) [hdds-server-framework-1.3.0-SNAPSHOT.jar:?]
	at org.apache.hadoop.ozone.protocolPB.OzoneManagerProtocolServerSideTranslatorPB.submitRequest(OzoneManagerProtocolServerSideTranslatorPB.java:147) [ozone-manager-1.3.0-SNAPSHOT.jar:?]
	at org.apache.hadoop.ozone.protocol.proto.OzoneManagerProtocolProtos$OzoneManagerService$2.callBlockingMethod(OzoneManagerProtocolProtos.java) [ozone-interface-client-1.3.0-SNAPSHOT.jar:?]
	at org.apache.hadoop.ipc.ProtobufRpcEngine$Server.processCall(ProtobufRpcEngine.java:466) [hadoop-common-3.3.1.jar:?]
	at org.apache.hadoop.ipc.ProtobufRpcEngine2$Server$ProtoBufRpcInvoker.call(ProtobufRpcEngine2.java:574) [hadoop-common-3.3.1.jar:?]
	at org.apache.hadoop.ipc.ProtobufRpcEngine2$Server$ProtoBufRpcInvoker.call(ProtobufRpcEngine2.java:552) [hadoop-common-3.3.1.jar:?]
	at org.apache.hadoop.ipc.RPC$Server.call(RPC.java:1093) [hadoop-common-3.3.1.jar:?]
	at org.apache.hadoop.ipc.Server$RpcCall.run(Server.java:1035) [hadoop-common-3.3.1.jar:?]
	at org.apache.hadoop.ipc.Server$RpcCall.run(Server.java:963) [hadoop-common-3.3.1.jar:?]
	at java.security.AccessController.doPrivileged(Native Method) ~[?:1.8.0_332]
	at javax.security.auth.Subject.doAs(Subject.java:422) [?:1.8.0_332]
	at org.apache.hadoop.security.UserGroupInformation.doAs(UserGroupInformation.java:1878) [hadoop-common-3.3.1.jar:?]
	at org.apache.hadoop.ipc.Server$Handler.run(Server.java:2966) [hadoop-common-3.3.1.jar:?]
01:51:34.896 [IPC Server handler 3 on default port 42455] ERROR OMAudit - user=runner | ip=127.0.0.1 | op=GET_FILE_STATUS {volume=volume03090, bucket=bucket63867, key=.Trash, dataSize=0, replicationConfig=null} | ret=FAILURE
org.apache.hadoop.ozone.om.exceptions.OMException: Unable to get file status: volume: volume03090 bucket: bucket63867 key: .Trash
	at org.apache.hadoop.ozone.om.KeyManagerImpl.getOzoneFileStatus(KeyManagerImpl.java:1311) ~[ozone-manager-1.3.0-SNAPSHOT.jar:?]
	at org.apache.hadoop.ozone.om.KeyManagerImpl.getFileStatus(KeyManagerImpl.java:1241) ~[ozone-manager-1.3.0-SNAPSHOT.jar:?]
	at org.apache.hadoop.ozone.om.OzoneManager.getFileStatus(OzoneManager.java:3467) ~[ozone-manager-1.3.0-SNAPSHOT.jar:?]
	at org.apache.hadoop.ozone.protocolPB.OzoneManagerRequestHandler.getOzoneFileStatus(OzoneManagerRequestHandler.java:878) ~[ozone-manager-1.3.0-SNAPSHOT.jar:?]
	at org.apache.hadoop.ozone.protocolPB.OzoneManagerRequestHandler.handleReadRequest(OzoneManagerRequestHandler.java:224) ~[ozone-manager-1.3.0-SNAPSHOT.jar:?]
	at org.apache.hadoop.ozone.protocolPB.OzoneManagerProtocolServerSideTranslatorPB.submitReadRequestToOM(OzoneManagerProtocolServerSideTranslatorPB.java:226) ~[ozone-manager-1.3.0-SNAPSHOT.jar:?]
	at org.apache.hadoop.ozone.protocolPB.OzoneManagerProtocolServerSideTranslatorPB.processRequest(OzoneManagerProtocolServerSideTranslatorPB.java:175) ~[ozone-manager-1.3.0-SNAPSHOT.jar:?]
	at org.apache.hadoop.hdds.server.OzoneProtocolMessageDispatcher.processRequest(OzoneProtocolMessageDispatcher.java:87) [hdds-server-framework-1.3.0-SNAPSHOT.jar:?]
	at org.apache.hadoop.ozone.protocolPB.OzoneManagerProtocolServerSideTranslatorPB.submitRequest(OzoneManagerProtocolServerSideTranslatorPB.java:147) [ozone-manager-1.3.0-SNAPSHOT.jar:?]
	at org.apache.hadoop.ozone.protocol.proto.OzoneManagerProtocolProtos$OzoneManagerService$2.callBlockingMethod(OzoneManagerProtocolProtos.java) [ozone-interface-client-1.3.0-SNAPSHOT.jar:?]
	at org.apache.hadoop.ipc.ProtobufRpcEngine$Server.processCall(ProtobufRpcEngine.java:466) [hadoop-common-3.3.1.jar:?]
	at org.apache.hadoop.ipc.ProtobufRpcEngine2$Server$ProtoBufRpcInvoker.call(ProtobufRpcEngine2.java:574) [hadoop-common-3.3.1.jar:?]
	at org.apache.hadoop.ipc.ProtobufRpcEngine2$Server$ProtoBufRpcInvoker.call(ProtobufRpcEngine2.java:552) [hadoop-common-3.3.1.jar:?]
	at org.apache.hadoop.ipc.RPC$Server.call(RPC.java:1093) [hadoop-common-3.3.1.jar:?]
	at org.apache.hadoop.ipc.Server$RpcCall.run(Server.java:1035) [hadoop-common-3.3.1.jar:?]
	at org.apache.hadoop.ipc.Server$RpcCall.run(Server.java:963) [hadoop-common-3.3.1.jar:?]
	at java.security.AccessController.doPrivileged(Native Method) ~[?:1.8.0_332]
	at javax.security.auth.Subject.doAs(Subject.java:422) [?:1.8.0_332]
	at org.apache.hadoop.security.UserGroupInformation.doAs(UserGroupInformation.java:1878) [hadoop-common-3.3.1.jar:?]
	at org.apache.hadoop.ipc.Server$Handler.run(Server.java:2966) [hadoop-common-3.3.1.jar:?]
01:51:34.919 [IPC Server handler 1 on default port 42455] ERROR OMAudit - user=runner | ip=127.0.0.1 | op=GET_FILE_STATUS {volume=volume42531, bucket=trashroottest2, key=.Trash, dataSize=0, replicationConfig=null} | ret=FAILURE
org.apache.hadoop.ozone.om.exceptions.OMException: Unable to get file status: volume: volume42531 bucket: trashroottest2 key: .Trash
	at org.apache.hadoop.ozone.om.KeyManagerImpl.getOzoneFileStatus(KeyManagerImpl.java:1311) ~[ozone-manager-1.3.0-SNAPSHOT.jar:?]
	at org.apache.hadoop.ozone.om.KeyManagerImpl.getFileStatus(KeyManagerImpl.java:1241) ~[ozone-manager-1.3.0-SNAPSHOT.jar:?]
	at org.apache.hadoop.ozone.om.OzoneManager.getFileStatus(OzoneManager.java:3467) ~[ozone-manager-1.3.0-SNAPSHOT.jar:?]
	at org.apache.hadoop.ozone.protocolPB.OzoneManagerRequestHandler.getOzoneFileStatus(OzoneManagerRequestHandler.java:878) ~[ozone-manager-1.3.0-SNAPSHOT.jar:?]
	at org.apache.hadoop.ozone.protocolPB.OzoneManagerRequestHandler.handleReadRequest(OzoneManagerRequestHandler.java:224) ~[ozone-manager-1.3.0-SNAPSHOT.jar:?]
	at org.apache.hadoop.ozone.protocolPB.OzoneManagerProtocolServerSideTranslatorPB.submitReadRequestToOM(OzoneManagerProtocolServerSideTranslatorPB.java:226) ~[ozone-manager-1.3.0-SNAPSHOT.jar:?]
	at org.apache.hadoop.ozone.protocolPB.OzoneManagerProtocolServerSideTranslatorPB.processRequest(OzoneManagerProtocolServerSideTranslatorPB.java:175) ~[ozone-manager-1.3.0-SNAPSHOT.jar:?]
	at org.apache.hadoop.hdds.server.OzoneProtocolMessageDispatcher.processRequest(OzoneProtocolMessageDispatcher.java:87) [hdds-server-framework-1.3.0-SNAPSHOT.jar:?]
	at org.apache.hadoop.ozone.protocolPB.OzoneManagerProtocolServerSideTranslatorPB.submitRequest(OzoneManagerProtocolServerSideTranslatorPB.java:147) [ozone-manager-1.3.0-SNAPSHOT.jar:?]
	at org.apache.hadoop.ozone.protocol.proto.OzoneManagerProtocolProtos$OzoneManagerService$2.callBlockingMethod(OzoneManagerProtocolProtos.java) [ozone-interface-client-1.3.0-SNAPSHOT.jar:?]
	at org.apache.hadoop.ipc.ProtobufRpcEngine$Server.processCall(ProtobufRpcEngine.java:466) [hadoop-common-3.3.1.jar:?]
	at org.apache.hadoop.ipc.ProtobufRpcEngine2$Server$ProtoBufRpcInvoker.call(ProtobufRpcEngine2.java:574) [hadoop-common-3.3.1.jar:?]
	at org.apache.hadoop.ipc.ProtobufRpcEngine2$Server$ProtoBufRpcInvoker.call(ProtobufRpcEngine2.java:552) [hadoop-common-3.3.1.jar:?]
	at org.apache.hadoop.ipc.RPC$Server.call(RPC.java:1093) [hadoop-common-3.3.1.jar:?]
	at org.apache.hadoop.ipc.Server$RpcCall.run(Server.java:1035) [hadoop-common-3.3.1.jar:?]
	at org.apache.hadoop.ipc.Server$RpcCall.run(Server.java:963) [hadoop-common-3.3.1.jar:?]
	at java.security.AccessController.doPrivileged(Native Method) ~[?:1.8.0_332]
	at javax.security.auth.Subject.doAs(Subject.java:422) [?:1.8.0_332]
	at org.apache.hadoop.security.UserGroupInformation.doAs(UserGroupInformation.java:1878) [hadoop-common-3.3.1.jar:?]
	at org.apache.hadoop.ipc.Server$Handler.run(Server.java:2966) [hadoop-common-3.3.1.jar:?]
01:51:34.973 [IPC Server handler 13 on default port 42455] ERROR OMAudit - user=runner | ip=127.0.0.1 | op=GET_FILE_STATUS {volume=volume42531, bucket=bucket78262, key=.Trash/runner, dataSize=0, replicationConfig=null} | ret=FAILURE
org.apache.hadoop.ozone.om.exceptions.OMException: Unable to get file status: volume: volume42531 bucket: bucket78262 key: .Trash/runner
	at org.apache.hadoop.ozone.om.KeyManagerImpl.getOzoneFileStatus(KeyManagerImpl.java:1311) ~[ozone-manager-1.3.0-SNAPSHOT.jar:?]
	at org.apache.hadoop.ozone.om.KeyManagerImpl.getFileStatus(KeyManagerImpl.java:1241) ~[ozone-manager-1.3.0-SNAPSHOT.jar:?]
	at org.apache.hadoop.ozone.om.OzoneManager.getFileStatus(OzoneManager.java:3467) ~[ozone-manager-1.3.0-SNAPSHOT.jar:?]
	at org.apache.hadoop.ozone.protocolPB.OzoneManagerRequestHandler.getOzoneFileStatus(OzoneManagerRequestHandler.java:878) ~[ozone-manager-1.3.0-SNAPSHOT.jar:?]
	at org.apache.hadoop.ozone.protocolPB.OzoneManagerRequestHandler.handleReadRequest(OzoneManagerRequestHandler.java:224) ~[ozone-manager-1.3.0-SNAPSHOT.jar:?]
	at org.apache.hadoop.ozone.protocolPB.OzoneManagerProtocolServerSideTranslatorPB.submitReadRequestToOM(OzoneManagerProtocolServerSideTranslatorPB.java:226) ~[ozone-manager-1.3.0-SNAPSHOT.jar:?]
	at org.apache.hadoop.ozone.protocolPB.OzoneManagerProtocolServerSideTranslatorPB.processRequest(OzoneManagerProtocolServerSideTranslatorPB.java:175) ~[ozone-manager-1.3.0-SNAPSHOT.jar:?]
	at org.apache.hadoop.hdds.server.OzoneProtocolMessageDispatcher.processRequest(OzoneProtocolMessageDispatcher.java:87) [hdds-server-framework-1.3.0-SNAPSHOT.jar:?]
	at org.apache.hadoop.ozone.protocolPB.OzoneManagerProtocolServerSideTranslatorPB.submitRequest(OzoneManagerProtocolServerSideTranslatorPB.java:147) [ozone-manager-1.3.0-SNAPSHOT.jar:?]
	at org.apache.hadoop.ozone.protocol.proto.OzoneManagerProtocolProtos$OzoneManagerService$2.callBlockingMethod(OzoneManagerProtocolProtos.java) [ozone-interface-client-1.3.0-SNAPSHOT.jar:?]
	at org.apache.hadoop.ipc.ProtobufRpcEngine$Server.processCall(ProtobufRpcEngine.java:466) [hadoop-common-3.3.1.jar:?]
	at org.apache.hadoop.ipc.ProtobufRpcEngine2$Server$ProtoBufRpcInvoker.call(ProtobufRpcEngine2.java:574) [hadoop-common-3.3.1.jar:?]
	at org.apache.hadoop.ipc.ProtobufRpcEngine2$Server$ProtoBufRpcInvoker.call(ProtobufRpcEngine2.java:552) [hadoop-common-3.3.1.jar:?]
	at org.apache.hadoop.ipc.RPC$Server.call(RPC.java:1093) [hadoop-common-3.3.1.jar:?]
	at org.apache.hadoop.ipc.Server$RpcCall.run(Server.java:1035) [hadoop-common-3.3.1.jar:?]
	at org.apache.hadoop.ipc.Server$RpcCall.run(Server.java:963) [hadoop-common-3.3.1.jar:?]
	at java.security.AccessController.doPrivileged(Native Method) ~[?:1.8.0_332]
	at javax.security.auth.Subject.doAs(Subject.java:422) [?:1.8.0_332]
	at org.apache.hadoop.security.UserGroupInformation.doAs(UserGroupInformation.java:1878) [hadoop-common-3.3.1.jar:?]
	at org.apache.hadoop.ipc.Server$Handler.run(Server.java:2966) [hadoop-common-3.3.1.jar:?]
01:51:34.986 [IPC Server handler 6 on default port 42455] ERROR OMAudit - user=runner | ip=127.0.0.1 | op=GET_FILE_STATUS {volume=277a777e-b049-4f57-805c-f4cec37fadba, bucket=b8094a85-933e-4d67-b905-89f7efc5367d, key=.Trash, dataSize=0, replicationConfig=null} | ret=FAILURE
org.apache.hadoop.ozone.om.exceptions.OMException: Unable to get file status: volume: 277a777e-b049-4f57-805c-f4cec37fadba bucket: b8094a85-933e-4d67-b905-89f7efc5367d key: .Trash
	at org.apache.hadoop.ozone.om.KeyManagerImpl.getOzoneFileStatus(KeyManagerImpl.java:1311) ~[ozone-manager-1.3.0-SNAPSHOT.jar:?]
	at org.apache.hadoop.ozone.om.KeyManagerImpl.getFileStatus(KeyManagerImpl.java:1241) ~[ozone-manager-1.3.0-SNAPSHOT.jar:?]
	at org.apache.hadoop.ozone.om.OzoneManager.getFileStatus(OzoneManager.java:3467) ~[ozone-manager-1.3.0-SNAPSHOT.jar:?]
	at org.apache.hadoop.ozone.protocolPB.OzoneManagerRequestHandler.getOzoneFileStatus(OzoneManagerRequestHandler.java:878) ~[ozone-manager-1.3.0-SNAPSHOT.jar:?]
	at org.apache.hadoop.ozone.protocolPB.OzoneManagerRequestHandler.handleReadRequest(OzoneManagerRequestHandler.java:224) ~[ozone-manager-1.3.0-SNAPSHOT.jar:?]
	at org.apache.hadoop.ozone.protocolPB.OzoneManagerProtocolServerSideTranslatorPB.submitReadRequestToOM(OzoneManagerProtocolServerSideTranslatorPB.java:226) ~[ozone-manager-1.3.0-SNAPSHOT.jar:?]
	at org.apache.hadoop.ozone.protocolPB.OzoneManagerProtocolServerSideTranslatorPB.processRequest(OzoneManagerProtocolServerSideTranslatorPB.java:175) ~[ozone-manager-1.3.0-SNAPSHOT.jar:?]
	at org.apache.hadoop.hdds.server.OzoneProtocolMessageDispatcher.processRequest(OzoneProtocolMessageDispatcher.java:87) [hdds-server-framework-1.3.0-SNAPSHOT.jar:?]
	at org.apache.hadoop.ozone.protocolPB.OzoneManagerProtocolServerSideTranslatorPB.submitRequest(OzoneManagerProtocolServerSideTranslatorPB.java:147) [ozone-manager-1.3.0-SNAPSHOT.jar:?]
	at org.apache.hadoop.ozone.protocol.proto.OzoneManagerProtocolProtos$OzoneManagerService$2.callBlockingMethod(OzoneManagerProtocolProtos.java) [ozone-interface-client-1.3.0-SNAPSHOT.jar:?]
	at org.apache.hadoop.ipc.ProtobufRpcEngine$Server.processCall(ProtobufRpcEngine.java:466) [hadoop-common-3.3.1.jar:?]
	at org.apache.hadoop.ipc.ProtobufRpcEngine2$Server$ProtoBufRpcInvoker.call(ProtobufRpcEngine2.java:574) [hadoop-common-3.3.1.jar:?]
	at org.apache.hadoop.ipc.ProtobufRpcEngine2$Server$ProtoBufRpcInvoker.call(ProtobufRpcEngine2.java:552) [hadoop-common-3.3.1.jar:?]
	at org.apache.hadoop.ipc.RPC$Server.call(RPC.java:1093) [hadoop-common-3.3.1.jar:?]
	at org.apache.hadoop.ipc.Server$RpcCall.run(Server.java:1035) [hadoop-common-3.3.1.jar:?]
	at org.apache.hadoop.ipc.Server$RpcCall.run(Server.java:963) [hadoop-common-3.3.1.jar:?]
	at java.security.AccessController.doPrivileged(Native Method) ~[?:1.8.0_332]
	at javax.security.auth.Subject.doAs(Subject.java:422) [?:1.8.0_332]
	at org.apache.hadoop.security.UserGroupInformation.doAs(UserGroupInformation.java:1878) [hadoop-common-3.3.1.jar:?]
	at org.apache.hadoop.ipc.Server$Handler.run(Server.java:2966) [hadoop-common-3.3.1.jar:?]
]]></system-out>
  </testcase>
  <testcase name="testGetTrashRoots" classname="TestRootedOzoneFileSystem" time="1.086">
    <system-out><![CDATA[2022-07-30 01:52:59,538 [Time-limited test] INFO  rpc.RpcClient (RpcClient.java:createVolume(468)) - Creating Volume: volume16776, with user50489 as owner and space quota set to -1 bytes, counts quota set to -1
2022-07-30 01:52:59,539 [IPC Server handler 4 on default port 40433] INFO  volume.OMVolumeCreateRequest (OMVolumeCreateRequest.java:validateAndUpdateCache(195)) - created volume:volume16776 for user:user50489
2022-07-30 01:52:59,541 [Time-limited test] INFO  rpc.RpcClient (RpcClient.java:createBucket(671)) - Creating Bucket: volume16776/bucket54355, with bucket layout LEGACY, runner as owner, Versioning false, Storage Type set to DISK and Encryption set to false 
2022-07-30 01:52:59,542 [IPC Server handler 17 on default port 40433] INFO  bucket.OMBucketCreateRequest (OMBucketCreateRequest.java:validateAndUpdateCache(260)) - created bucket: bucket54355 of layout LEGACY in volume: volume16776
01:52:59.552 [IPC Server handler 13 on default port 40433] ERROR OMAudit - user=runner | ip=127.0.0.1 | op=GET_FILE_STATUS {volume=volume16776, bucket=bucket54355, key=.Trash/runner, dataSize=0, replicationConfig=null} | ret=FAILURE
org.apache.hadoop.ozone.om.exceptions.OMException: Unable to get file status: volume: volume16776 bucket: bucket54355 key: .Trash/runner
	at org.apache.hadoop.ozone.om.KeyManagerImpl.getOzoneFileStatus(KeyManagerImpl.java:1311) ~[ozone-manager-1.3.0-SNAPSHOT.jar:?]
	at org.apache.hadoop.ozone.om.KeyManagerImpl.getFileStatus(KeyManagerImpl.java:1241) ~[ozone-manager-1.3.0-SNAPSHOT.jar:?]
	at org.apache.hadoop.ozone.om.OzoneManager.getFileStatus(OzoneManager.java:3467) ~[ozone-manager-1.3.0-SNAPSHOT.jar:?]
	at org.apache.hadoop.ozone.protocolPB.OzoneManagerRequestHandler.getOzoneFileStatus(OzoneManagerRequestHandler.java:878) ~[ozone-manager-1.3.0-SNAPSHOT.jar:?]
	at org.apache.hadoop.ozone.protocolPB.OzoneManagerRequestHandler.handleReadRequest(OzoneManagerRequestHandler.java:224) ~[ozone-manager-1.3.0-SNAPSHOT.jar:?]
	at org.apache.hadoop.ozone.protocolPB.OzoneManagerProtocolServerSideTranslatorPB.submitRequestDirectlyToOM(OzoneManagerProtocolServerSideTranslatorPB.java:276) ~[ozone-manager-1.3.0-SNAPSHOT.jar:?]
	at org.apache.hadoop.ozone.protocolPB.OzoneManagerProtocolServerSideTranslatorPB.processRequest(OzoneManagerProtocolServerSideTranslatorPB.java:205) ~[ozone-manager-1.3.0-SNAPSHOT.jar:?]
	at org.apache.hadoop.hdds.server.OzoneProtocolMessageDispatcher.processRequest(OzoneProtocolMessageDispatcher.java:87) [hdds-server-framework-1.3.0-SNAPSHOT.jar:?]
	at org.apache.hadoop.ozone.protocolPB.OzoneManagerProtocolServerSideTranslatorPB.submitRequest(OzoneManagerProtocolServerSideTranslatorPB.java:147) [ozone-manager-1.3.0-SNAPSHOT.jar:?]
	at org.apache.hadoop.ozone.protocol.proto.OzoneManagerProtocolProtos$OzoneManagerService$2.callBlockingMethod(OzoneManagerProtocolProtos.java) [ozone-interface-client-1.3.0-SNAPSHOT.jar:?]
	at org.apache.hadoop.ipc.ProtobufRpcEngine$Server.processCall(ProtobufRpcEngine.java:466) [hadoop-common-3.3.1.jar:?]
	at org.apache.hadoop.ipc.ProtobufRpcEngine2$Server$ProtoBufRpcInvoker.call(ProtobufRpcEngine2.java:574) [hadoop-common-3.3.1.jar:?]
	at org.apache.hadoop.ipc.ProtobufRpcEngine2$Server$ProtoBufRpcInvoker.call(ProtobufRpcEngine2.java:552) [hadoop-common-3.3.1.jar:?]
	at org.apache.hadoop.ipc.RPC$Server.call(RPC.java:1093) [hadoop-common-3.3.1.jar:?]
	at org.apache.hadoop.ipc.Server$RpcCall.run(Server.java:1035) [hadoop-common-3.3.1.jar:?]
	at org.apache.hadoop.ipc.Server$RpcCall.run(Server.java:963) [hadoop-common-3.3.1.jar:?]
	at java.security.AccessController.doPrivileged(Native Method) ~[?:1.8.0_332]
	at javax.security.auth.Subject.doAs(Subject.java:422) [?:1.8.0_332]
	at org.apache.hadoop.security.UserGroupInformation.doAs(UserGroupInformation.java:1878) [hadoop-common-3.3.1.jar:?]
	at org.apache.hadoop.ipc.Server$Handler.run(Server.java:2966) [hadoop-common-3.3.1.jar:?]
01:52:59.560 [IPC Server handler 3 on default port 40433] ERROR OMAudit - user=runner | ip=127.0.0.1 | op=GET_FILE_STATUS {volume=bdfe5554-3cd5-4055-99a0-8499557a6445, bucket=59d56606-7836-46b9-bcc4-920f55d4786a, key=.Trash, dataSize=0, replicationConfig=null} | ret=FAILURE
org.apache.hadoop.ozone.om.exceptions.OMException: Unable to get file status: volume: bdfe5554-3cd5-4055-99a0-8499557a6445 bucket: 59d56606-7836-46b9-bcc4-920f55d4786a key: .Trash
	at org.apache.hadoop.ozone.om.KeyManagerImpl.getOzoneFileStatus(KeyManagerImpl.java:1311) ~[ozone-manager-1.3.0-SNAPSHOT.jar:?]
	at org.apache.hadoop.ozone.om.KeyManagerImpl.getFileStatus(KeyManagerImpl.java:1241) ~[ozone-manager-1.3.0-SNAPSHOT.jar:?]
	at org.apache.hadoop.ozone.om.OzoneManager.getFileStatus(OzoneManager.java:3467) ~[ozone-manager-1.3.0-SNAPSHOT.jar:?]
	at org.apache.hadoop.ozone.protocolPB.OzoneManagerRequestHandler.getOzoneFileStatus(OzoneManagerRequestHandler.java:878) ~[ozone-manager-1.3.0-SNAPSHOT.jar:?]
	at org.apache.hadoop.ozone.protocolPB.OzoneManagerRequestHandler.handleReadRequest(OzoneManagerRequestHandler.java:224) ~[ozone-manager-1.3.0-SNAPSHOT.jar:?]
	at org.apache.hadoop.ozone.protocolPB.OzoneManagerProtocolServerSideTranslatorPB.submitRequestDirectlyToOM(OzoneManagerProtocolServerSideTranslatorPB.java:276) ~[ozone-manager-1.3.0-SNAPSHOT.jar:?]
	at org.apache.hadoop.ozone.protocolPB.OzoneManagerProtocolServerSideTranslatorPB.processRequest(OzoneManagerProtocolServerSideTranslatorPB.java:205) ~[ozone-manager-1.3.0-SNAPSHOT.jar:?]
	at org.apache.hadoop.hdds.server.OzoneProtocolMessageDispatcher.processRequest(OzoneProtocolMessageDispatcher.java:87) [hdds-server-framework-1.3.0-SNAPSHOT.jar:?]
	at org.apache.hadoop.ozone.protocolPB.OzoneManagerProtocolServerSideTranslatorPB.submitRequest(OzoneManagerProtocolServerSideTranslatorPB.java:147) [ozone-manager-1.3.0-SNAPSHOT.jar:?]
	at org.apache.hadoop.ozone.protocol.proto.OzoneManagerProtocolProtos$OzoneManagerService$2.callBlockingMethod(OzoneManagerProtocolProtos.java) [ozone-interface-client-1.3.0-SNAPSHOT.jar:?]
	at org.apache.hadoop.ipc.ProtobufRpcEngine$Server.processCall(ProtobufRpcEngine.java:466) [hadoop-common-3.3.1.jar:?]
	at org.apache.hadoop.ipc.ProtobufRpcEngine2$Server$ProtoBufRpcInvoker.call(ProtobufRpcEngine2.java:574) [hadoop-common-3.3.1.jar:?]
	at org.apache.hadoop.ipc.ProtobufRpcEngine2$Server$ProtoBufRpcInvoker.call(ProtobufRpcEngine2.java:552) [hadoop-common-3.3.1.jar:?]
	at org.apache.hadoop.ipc.RPC$Server.call(RPC.java:1093) [hadoop-common-3.3.1.jar:?]
	at org.apache.hadoop.ipc.Server$RpcCall.run(Server.java:1035) [hadoop-common-3.3.1.jar:?]
	at org.apache.hadoop.ipc.Server$RpcCall.run(Server.java:963) [hadoop-common-3.3.1.jar:?]
	at java.security.AccessController.doPrivileged(Native Method) ~[?:1.8.0_332]
	at javax.security.auth.Subject.doAs(Subject.java:422) [?:1.8.0_332]
	at org.apache.hadoop.security.UserGroupInformation.doAs(UserGroupInformation.java:1878) [hadoop-common-3.3.1.jar:?]
	at org.apache.hadoop.ipc.Server$Handler.run(Server.java:2966) [hadoop-common-3.3.1.jar:?]
01:52:59.564 [IPC Server handler 18 on default port 40433] ERROR OMAudit - user=runner | ip=127.0.0.1 | op=GET_FILE_STATUS {volume=volume16776, bucket=bucket54355, key=.Trash, dataSize=0, replicationConfig=null} | ret=FAILURE
org.apache.hadoop.ozone.om.exceptions.OMException: Unable to get file status: volume: volume16776 bucket: bucket54355 key: .Trash
	at org.apache.hadoop.ozone.om.KeyManagerImpl.getOzoneFileStatus(KeyManagerImpl.java:1311) ~[ozone-manager-1.3.0-SNAPSHOT.jar:?]
	at org.apache.hadoop.ozone.om.KeyManagerImpl.getFileStatus(KeyManagerImpl.java:1241) ~[ozone-manager-1.3.0-SNAPSHOT.jar:?]
	at org.apache.hadoop.ozone.om.OzoneManager.getFileStatus(OzoneManager.java:3467) ~[ozone-manager-1.3.0-SNAPSHOT.jar:?]
	at org.apache.hadoop.ozone.protocolPB.OzoneManagerRequestHandler.getOzoneFileStatus(OzoneManagerRequestHandler.java:878) ~[ozone-manager-1.3.0-SNAPSHOT.jar:?]
	at org.apache.hadoop.ozone.protocolPB.OzoneManagerRequestHandler.handleReadRequest(OzoneManagerRequestHandler.java:224) ~[ozone-manager-1.3.0-SNAPSHOT.jar:?]
	at org.apache.hadoop.ozone.protocolPB.OzoneManagerProtocolServerSideTranslatorPB.submitRequestDirectlyToOM(OzoneManagerProtocolServerSideTranslatorPB.java:276) ~[ozone-manager-1.3.0-SNAPSHOT.jar:?]
	at org.apache.hadoop.ozone.protocolPB.OzoneManagerProtocolServerSideTranslatorPB.processRequest(OzoneManagerProtocolServerSideTranslatorPB.java:205) ~[ozone-manager-1.3.0-SNAPSHOT.jar:?]
	at org.apache.hadoop.hdds.server.OzoneProtocolMessageDispatcher.processRequest(OzoneProtocolMessageDispatcher.java:87) [hdds-server-framework-1.3.0-SNAPSHOT.jar:?]
	at org.apache.hadoop.ozone.protocolPB.OzoneManagerProtocolServerSideTranslatorPB.submitRequest(OzoneManagerProtocolServerSideTranslatorPB.java:147) [ozone-manager-1.3.0-SNAPSHOT.jar:?]
	at org.apache.hadoop.ozone.protocol.proto.OzoneManagerProtocolProtos$OzoneManagerService$2.callBlockingMethod(OzoneManagerProtocolProtos.java) [ozone-interface-client-1.3.0-SNAPSHOT.jar:?]
	at org.apache.hadoop.ipc.ProtobufRpcEngine$Server.processCall(ProtobufRpcEngine.java:466) [hadoop-common-3.3.1.jar:?]
	at org.apache.hadoop.ipc.ProtobufRpcEngine2$Server$ProtoBufRpcInvoker.call(ProtobufRpcEngine2.java:574) [hadoop-common-3.3.1.jar:?]
	at org.apache.hadoop.ipc.ProtobufRpcEngine2$Server$ProtoBufRpcInvoker.call(ProtobufRpcEngine2.java:552) [hadoop-common-3.3.1.jar:?]
	at org.apache.hadoop.ipc.RPC$Server.call(RPC.java:1093) [hadoop-common-3.3.1.jar:?]
	at org.apache.hadoop.ipc.Server$RpcCall.run(Server.java:1035) [hadoop-common-3.3.1.jar:?]
	at org.apache.hadoop.ipc.Server$RpcCall.run(Server.java:963) [hadoop-common-3.3.1.jar:?]
	at java.security.AccessController.doPrivileged(Native Method) ~[?:1.8.0_332]
	at javax.security.auth.Subject.doAs(Subject.java:422) [?:1.8.0_332]
	at org.apache.hadoop.security.UserGroupInformation.doAs(UserGroupInformation.java:1878) [hadoop-common-3.3.1.jar:?]
	at org.apache.hadoop.ipc.Server$Handler.run(Server.java:2966) [hadoop-common-3.3.1.jar:?]
01:52:59.600 [IPC Server handler 4 on default port 40433] ERROR OMAudit - user=runner | ip=127.0.0.1 | op=GET_FILE_STATUS {volume=bdfe5554-3cd5-4055-99a0-8499557a6445, bucket=59d56606-7836-46b9-bcc4-920f55d4786a, key=.Trash, dataSize=0, replicationConfig=null} | ret=FAILURE
org.apache.hadoop.ozone.om.exceptions.OMException: Unable to get file status: volume: bdfe5554-3cd5-4055-99a0-8499557a6445 bucket: 59d56606-7836-46b9-bcc4-920f55d4786a key: .Trash
	at org.apache.hadoop.ozone.om.KeyManagerImpl.getOzoneFileStatus(KeyManagerImpl.java:1311) ~[ozone-manager-1.3.0-SNAPSHOT.jar:?]
	at org.apache.hadoop.ozone.om.KeyManagerImpl.getFileStatus(KeyManagerImpl.java:1241) ~[ozone-manager-1.3.0-SNAPSHOT.jar:?]
	at org.apache.hadoop.ozone.om.OzoneManager.getFileStatus(OzoneManager.java:3467) ~[ozone-manager-1.3.0-SNAPSHOT.jar:?]
	at org.apache.hadoop.ozone.protocolPB.OzoneManagerRequestHandler.getOzoneFileStatus(OzoneManagerRequestHandler.java:878) ~[ozone-manager-1.3.0-SNAPSHOT.jar:?]
	at org.apache.hadoop.ozone.protocolPB.OzoneManagerRequestHandler.handleReadRequest(OzoneManagerRequestHandler.java:224) ~[ozone-manager-1.3.0-SNAPSHOT.jar:?]
	at org.apache.hadoop.ozone.protocolPB.OzoneManagerProtocolServerSideTranslatorPB.submitRequestDirectlyToOM(OzoneManagerProtocolServerSideTranslatorPB.java:276) ~[ozone-manager-1.3.0-SNAPSHOT.jar:?]
	at org.apache.hadoop.ozone.protocolPB.OzoneManagerProtocolServerSideTranslatorPB.processRequest(OzoneManagerProtocolServerSideTranslatorPB.java:205) ~[ozone-manager-1.3.0-SNAPSHOT.jar:?]
	at org.apache.hadoop.hdds.server.OzoneProtocolMessageDispatcher.processRequest(OzoneProtocolMessageDispatcher.java:87) [hdds-server-framework-1.3.0-SNAPSHOT.jar:?]
	at org.apache.hadoop.ozone.protocolPB.OzoneManagerProtocolServerSideTranslatorPB.submitRequest(OzoneManagerProtocolServerSideTranslatorPB.java:147) [ozone-manager-1.3.0-SNAPSHOT.jar:?]
	at org.apache.hadoop.ozone.protocol.proto.OzoneManagerProtocolProtos$OzoneManagerService$2.callBlockingMethod(OzoneManagerProtocolProtos.java) [ozone-interface-client-1.3.0-SNAPSHOT.jar:?]
	at org.apache.hadoop.ipc.ProtobufRpcEngine$Server.processCall(ProtobufRpcEngine.java:466) [hadoop-common-3.3.1.jar:?]
	at org.apache.hadoop.ipc.ProtobufRpcEngine2$Server$ProtoBufRpcInvoker.call(ProtobufRpcEngine2.java:574) [hadoop-common-3.3.1.jar:?]
	at org.apache.hadoop.ipc.ProtobufRpcEngine2$Server$ProtoBufRpcInvoker.call(ProtobufRpcEngine2.java:552) [hadoop-common-3.3.1.jar:?]
	at org.apache.hadoop.ipc.RPC$Server.call(RPC.java:1093) [hadoop-common-3.3.1.jar:?]
	at org.apache.hadoop.ipc.Server$RpcCall.run(Server.java:1035) [hadoop-common-3.3.1.jar:?]
	at org.apache.hadoop.ipc.Server$RpcCall.run(Server.java:963) [hadoop-common-3.3.1.jar:?]
	at java.security.AccessController.doPrivileged(Native Method) ~[?:1.8.0_332]
	at javax.security.auth.Subject.doAs(Subject.java:422) [?:1.8.0_332]
	at org.apache.hadoop.security.UserGroupInformation.doAs(UserGroupInformation.java:1878) [hadoop-common-3.3.1.jar:?]
	at org.apache.hadoop.ipc.Server$Handler.run(Server.java:2966) [hadoop-common-3.3.1.jar:?]
01:52:59.632 [IPC Server handler 14 on default port 40433] ERROR OMAudit - user=runner | ip=127.0.0.1 | op=GET_FILE_STATUS {volume=bdfe5554-3cd5-4055-99a0-8499557a6445, bucket=59d56606-7836-46b9-bcc4-920f55d4786a, key=.Trash, dataSize=0, replicationConfig=null} | ret=FAILURE
org.apache.hadoop.ozone.om.exceptions.OMException: Unable to get file status: volume: bdfe5554-3cd5-4055-99a0-8499557a6445 bucket: 59d56606-7836-46b9-bcc4-920f55d4786a key: .Trash
	at org.apache.hadoop.ozone.om.KeyManagerImpl.getOzoneFileStatus(KeyManagerImpl.java:1311) ~[ozone-manager-1.3.0-SNAPSHOT.jar:?]
	at org.apache.hadoop.ozone.om.KeyManagerImpl.getFileStatus(KeyManagerImpl.java:1241) ~[ozone-manager-1.3.0-SNAPSHOT.jar:?]
	at org.apache.hadoop.ozone.om.OzoneManager.getFileStatus(OzoneManager.java:3467) ~[ozone-manager-1.3.0-SNAPSHOT.jar:?]
	at org.apache.hadoop.ozone.protocolPB.OzoneManagerRequestHandler.getOzoneFileStatus(OzoneManagerRequestHandler.java:878) ~[ozone-manager-1.3.0-SNAPSHOT.jar:?]
	at org.apache.hadoop.ozone.protocolPB.OzoneManagerRequestHandler.handleReadRequest(OzoneManagerRequestHandler.java:224) ~[ozone-manager-1.3.0-SNAPSHOT.jar:?]
	at org.apache.hadoop.ozone.protocolPB.OzoneManagerProtocolServerSideTranslatorPB.submitRequestDirectlyToOM(OzoneManagerProtocolServerSideTranslatorPB.java:276) ~[ozone-manager-1.3.0-SNAPSHOT.jar:?]
	at org.apache.hadoop.ozone.protocolPB.OzoneManagerProtocolServerSideTranslatorPB.processRequest(OzoneManagerProtocolServerSideTranslatorPB.java:205) ~[ozone-manager-1.3.0-SNAPSHOT.jar:?]
	at org.apache.hadoop.hdds.server.OzoneProtocolMessageDispatcher.processRequest(OzoneProtocolMessageDispatcher.java:87) [hdds-server-framework-1.3.0-SNAPSHOT.jar:?]
	at org.apache.hadoop.ozone.protocolPB.OzoneManagerProtocolServerSideTranslatorPB.submitRequest(OzoneManagerProtocolServerSideTranslatorPB.java:147) [ozone-manager-1.3.0-SNAPSHOT.jar:?]
	at org.apache.hadoop.ozone.protocol.proto.OzoneManagerProtocolProtos$OzoneManagerService$2.callBlockingMethod(OzoneManagerProtocolProtos.java) [ozone-interface-client-1.3.0-SNAPSHOT.jar:?]
	at org.apache.hadoop.ipc.ProtobufRpcEngine$Server.processCall(ProtobufRpcEngine.java:466) [hadoop-common-3.3.1.jar:?]
	at org.apache.hadoop.ipc.ProtobufRpcEngine2$Server$ProtoBufRpcInvoker.call(ProtobufRpcEngine2.java:574) [hadoop-common-3.3.1.jar:?]
	at org.apache.hadoop.ipc.ProtobufRpcEngine2$Server$ProtoBufRpcInvoker.call(ProtobufRpcEngine2.java:552) [hadoop-common-3.3.1.jar:?]
	at org.apache.hadoop.ipc.RPC$Server.call(RPC.java:1093) [hadoop-common-3.3.1.jar:?]
	at org.apache.hadoop.ipc.Server$RpcCall.run(Server.java:1035) [hadoop-common-3.3.1.jar:?]
	at org.apache.hadoop.ipc.Server$RpcCall.run(Server.java:963) [hadoop-common-3.3.1.jar:?]
	at java.security.AccessController.doPrivileged(Native Method) ~[?:1.8.0_332]
	at javax.security.auth.Subject.doAs(Subject.java:422) [?:1.8.0_332]
	at org.apache.hadoop.security.UserGroupInformation.doAs(UserGroupInformation.java:1878) [hadoop-common-3.3.1.jar:?]
	at org.apache.hadoop.ipc.Server$Handler.run(Server.java:2966) [hadoop-common-3.3.1.jar:?]
2022-07-30 01:52:59,647 [Time-limited test] INFO  rpc.RpcClient (RpcClient.java:createBucket(671)) - Creating Bucket: volume16776/trashroottest2, with bucket layout LEGACY, runner as owner, Versioning false, Storage Type set to DISK and Encryption set to false 
2022-07-30 01:52:59,653 [IPC Server handler 17 on default port 40433] INFO  bucket.OMBucketCreateRequest (OMBucketCreateRequest.java:validateAndUpdateCache(260)) - created bucket: trashroottest2 of layout LEGACY in volume: volume16776
01:52:59.836 [IPC Server handler 11 on default port 40433] ERROR OMAudit - user=runner | ip=127.0.0.1 | op=GET_FILE_STATUS {volume=bdfe5554-3cd5-4055-99a0-8499557a6445, bucket=59d56606-7836-46b9-bcc4-920f55d4786a, key=.Trash, dataSize=0, replicationConfig=null} | ret=FAILURE
org.apache.hadoop.ozone.om.exceptions.OMException: Unable to get file status: volume: bdfe5554-3cd5-4055-99a0-8499557a6445 bucket: 59d56606-7836-46b9-bcc4-920f55d4786a key: .Trash
	at org.apache.hadoop.ozone.om.KeyManagerImpl.getOzoneFileStatus(KeyManagerImpl.java:1311) ~[ozone-manager-1.3.0-SNAPSHOT.jar:?]
	at org.apache.hadoop.ozone.om.KeyManagerImpl.getFileStatus(KeyManagerImpl.java:1241) ~[ozone-manager-1.3.0-SNAPSHOT.jar:?]
	at org.apache.hadoop.ozone.om.OzoneManager.getFileStatus(OzoneManager.java:3467) ~[ozone-manager-1.3.0-SNAPSHOT.jar:?]
	at org.apache.hadoop.ozone.protocolPB.OzoneManagerRequestHandler.getOzoneFileStatus(OzoneManagerRequestHandler.java:878) ~[ozone-manager-1.3.0-SNAPSHOT.jar:?]
	at org.apache.hadoop.ozone.protocolPB.OzoneManagerRequestHandler.handleReadRequest(OzoneManagerRequestHandler.java:224) ~[ozone-manager-1.3.0-SNAPSHOT.jar:?]
	at org.apache.hadoop.ozone.protocolPB.OzoneManagerProtocolServerSideTranslatorPB.submitRequestDirectlyToOM(OzoneManagerProtocolServerSideTranslatorPB.java:276) ~[ozone-manager-1.3.0-SNAPSHOT.jar:?]
	at org.apache.hadoop.ozone.protocolPB.OzoneManagerProtocolServerSideTranslatorPB.processRequest(OzoneManagerProtocolServerSideTranslatorPB.java:205) ~[ozone-manager-1.3.0-SNAPSHOT.jar:?]
	at org.apache.hadoop.hdds.server.OzoneProtocolMessageDispatcher.processRequest(OzoneProtocolMessageDispatcher.java:87) [hdds-server-framework-1.3.0-SNAPSHOT.jar:?]
	at org.apache.hadoop.ozone.protocolPB.OzoneManagerProtocolServerSideTranslatorPB.submitRequest(OzoneManagerProtocolServerSideTranslatorPB.java:147) [ozone-manager-1.3.0-SNAPSHOT.jar:?]
	at org.apache.hadoop.ozone.protocol.proto.OzoneManagerProtocolProtos$OzoneManagerService$2.callBlockingMethod(OzoneManagerProtocolProtos.java) [ozone-interface-client-1.3.0-SNAPSHOT.jar:?]
	at org.apache.hadoop.ipc.ProtobufRpcEngine$Server.processCall(ProtobufRpcEngine.java:466) [hadoop-common-3.3.1.jar:?]
	at org.apache.hadoop.ipc.ProtobufRpcEngine2$Server$ProtoBufRpcInvoker.call(ProtobufRpcEngine2.java:574) [hadoop-common-3.3.1.jar:?]
	at org.apache.hadoop.ipc.ProtobufRpcEngine2$Server$ProtoBufRpcInvoker.call(ProtobufRpcEngine2.java:552) [hadoop-common-3.3.1.jar:?]
	at org.apache.hadoop.ipc.RPC$Server.call(RPC.java:1093) [hadoop-common-3.3.1.jar:?]
	at org.apache.hadoop.ipc.Server$RpcCall.run(Server.java:1035) [hadoop-common-3.3.1.jar:?]
	at org.apache.hadoop.ipc.Server$RpcCall.run(Server.java:963) [hadoop-common-3.3.1.jar:?]
	at java.security.AccessController.doPrivileged(Native Method) ~[?:1.8.0_332]
	at javax.security.auth.Subject.doAs(Subject.java:422) [?:1.8.0_332]
	at org.apache.hadoop.security.UserGroupInformation.doAs(UserGroupInformation.java:1878) [hadoop-common-3.3.1.jar:?]
	at org.apache.hadoop.ipc.Server$Handler.run(Server.java:2966) [hadoop-common-3.3.1.jar:?]
01:52:59.886 [IPC Server handler 8 on default port 40433] ERROR OMAudit - user=runner | ip=127.0.0.1 | op=GET_FILE_STATUS {volume=bdfe5554-3cd5-4055-99a0-8499557a6445, bucket=59d56606-7836-46b9-bcc4-920f55d4786a, key=.Trash, dataSize=0, replicationConfig=null} | ret=FAILURE
org.apache.hadoop.ozone.om.exceptions.OMException: Unable to get file status: volume: bdfe5554-3cd5-4055-99a0-8499557a6445 bucket: 59d56606-7836-46b9-bcc4-920f55d4786a key: .Trash
	at org.apache.hadoop.ozone.om.KeyManagerImpl.getOzoneFileStatus(KeyManagerImpl.java:1311) ~[ozone-manager-1.3.0-SNAPSHOT.jar:?]
	at org.apache.hadoop.ozone.om.KeyManagerImpl.getFileStatus(KeyManagerImpl.java:1241) ~[ozone-manager-1.3.0-SNAPSHOT.jar:?]
	at org.apache.hadoop.ozone.om.OzoneManager.getFileStatus(OzoneManager.java:3467) ~[ozone-manager-1.3.0-SNAPSHOT.jar:?]
	at org.apache.hadoop.ozone.protocolPB.OzoneManagerRequestHandler.getOzoneFileStatus(OzoneManagerRequestHandler.java:878) ~[ozone-manager-1.3.0-SNAPSHOT.jar:?]
	at org.apache.hadoop.ozone.protocolPB.OzoneManagerRequestHandler.handleReadRequest(OzoneManagerRequestHandler.java:224) ~[ozone-manager-1.3.0-SNAPSHOT.jar:?]
	at org.apache.hadoop.ozone.protocolPB.OzoneManagerProtocolServerSideTranslatorPB.submitRequestDirectlyToOM(OzoneManagerProtocolServerSideTranslatorPB.java:276) ~[ozone-manager-1.3.0-SNAPSHOT.jar:?]
	at org.apache.hadoop.ozone.protocolPB.OzoneManagerProtocolServerSideTranslatorPB.processRequest(OzoneManagerProtocolServerSideTranslatorPB.java:205) ~[ozone-manager-1.3.0-SNAPSHOT.jar:?]
	at org.apache.hadoop.hdds.server.OzoneProtocolMessageDispatcher.processRequest(OzoneProtocolMessageDispatcher.java:87) [hdds-server-framework-1.3.0-SNAPSHOT.jar:?]
	at org.apache.hadoop.ozone.protocolPB.OzoneManagerProtocolServerSideTranslatorPB.submitRequest(OzoneManagerProtocolServerSideTranslatorPB.java:147) [ozone-manager-1.3.0-SNAPSHOT.jar:?]
	at org.apache.hadoop.ozone.protocol.proto.OzoneManagerProtocolProtos$OzoneManagerService$2.callBlockingMethod(OzoneManagerProtocolProtos.java) [ozone-interface-client-1.3.0-SNAPSHOT.jar:?]
	at org.apache.hadoop.ipc.ProtobufRpcEngine$Server.processCall(ProtobufRpcEngine.java:466) [hadoop-common-3.3.1.jar:?]
	at org.apache.hadoop.ipc.ProtobufRpcEngine2$Server$ProtoBufRpcInvoker.call(ProtobufRpcEngine2.java:574) [hadoop-common-3.3.1.jar:?]
	at org.apache.hadoop.ipc.ProtobufRpcEngine2$Server$ProtoBufRpcInvoker.call(ProtobufRpcEngine2.java:552) [hadoop-common-3.3.1.jar:?]
	at org.apache.hadoop.ipc.RPC$Server.call(RPC.java:1093) [hadoop-common-3.3.1.jar:?]
	at org.apache.hadoop.ipc.Server$RpcCall.run(Server.java:1035) [hadoop-common-3.3.1.jar:?]
	at org.apache.hadoop.ipc.Server$RpcCall.run(Server.java:963) [hadoop-common-3.3.1.jar:?]
	at java.security.AccessController.doPrivileged(Native Method) ~[?:1.8.0_332]
	at javax.security.auth.Subject.doAs(Subject.java:422) [?:1.8.0_332]
	at org.apache.hadoop.security.UserGroupInformation.doAs(UserGroupInformation.java:1878) [hadoop-common-3.3.1.jar:?]
	at org.apache.hadoop.ipc.Server$Handler.run(Server.java:2966) [hadoop-common-3.3.1.jar:?]
2022-07-30 01:53:00,098 [Time-limited test] INFO  rpc.RpcClient (RpcClient.java:createVolume(468)) - Creating Volume: volume48835, with user74923 as owner and space quota set to -1 bytes, counts quota set to -1
2022-07-30 01:53:00,099 [IPC Server handler 7 on default port 40433] INFO  volume.OMVolumeCreateRequest (OMVolumeCreateRequest.java:validateAndUpdateCache(195)) - created volume:volume48835 for user:user74923
2022-07-30 01:53:00,100 [Time-limited test] INFO  rpc.RpcClient (RpcClient.java:createBucket(671)) - Creating Bucket: volume48835/bucket46518, with bucket layout LEGACY, runner as owner, Versioning false, Storage Type set to DISK and Encryption set to false 
2022-07-30 01:53:00,101 [IPC Server handler 5 on default port 40433] INFO  bucket.OMBucketCreateRequest (OMBucketCreateRequest.java:validateAndUpdateCache(260)) - created bucket: bucket46518 of layout LEGACY in volume: volume48835
01:53:00.131 [IPC Server handler 13 on default port 40433] ERROR OMAudit - user=runner | ip=127.0.0.1 | op=GET_FILE_STATUS {volume=bdfe5554-3cd5-4055-99a0-8499557a6445, bucket=59d56606-7836-46b9-bcc4-920f55d4786a, key=.Trash, dataSize=0, replicationConfig=null} | ret=FAILURE
org.apache.hadoop.ozone.om.exceptions.OMException: Unable to get file status: volume: bdfe5554-3cd5-4055-99a0-8499557a6445 bucket: 59d56606-7836-46b9-bcc4-920f55d4786a key: .Trash
	at org.apache.hadoop.ozone.om.KeyManagerImpl.getOzoneFileStatus(KeyManagerImpl.java:1311) ~[ozone-manager-1.3.0-SNAPSHOT.jar:?]
	at org.apache.hadoop.ozone.om.KeyManagerImpl.getFileStatus(KeyManagerImpl.java:1241) ~[ozone-manager-1.3.0-SNAPSHOT.jar:?]
	at org.apache.hadoop.ozone.om.OzoneManager.getFileStatus(OzoneManager.java:3467) ~[ozone-manager-1.3.0-SNAPSHOT.jar:?]
	at org.apache.hadoop.ozone.protocolPB.OzoneManagerRequestHandler.getOzoneFileStatus(OzoneManagerRequestHandler.java:878) ~[ozone-manager-1.3.0-SNAPSHOT.jar:?]
	at org.apache.hadoop.ozone.protocolPB.OzoneManagerRequestHandler.handleReadRequest(OzoneManagerRequestHandler.java:224) ~[ozone-manager-1.3.0-SNAPSHOT.jar:?]
	at org.apache.hadoop.ozone.protocolPB.OzoneManagerProtocolServerSideTranslatorPB.submitRequestDirectlyToOM(OzoneManagerProtocolServerSideTranslatorPB.java:276) ~[ozone-manager-1.3.0-SNAPSHOT.jar:?]
	at org.apache.hadoop.ozone.protocolPB.OzoneManagerProtocolServerSideTranslatorPB.processRequest(OzoneManagerProtocolServerSideTranslatorPB.java:205) ~[ozone-manager-1.3.0-SNAPSHOT.jar:?]
	at org.apache.hadoop.hdds.server.OzoneProtocolMessageDispatcher.processRequest(OzoneProtocolMessageDispatcher.java:87) [hdds-server-framework-1.3.0-SNAPSHOT.jar:?]
	at org.apache.hadoop.ozone.protocolPB.OzoneManagerProtocolServerSideTranslatorPB.submitRequest(OzoneManagerProtocolServerSideTranslatorPB.java:147) [ozone-manager-1.3.0-SNAPSHOT.jar:?]
	at org.apache.hadoop.ozone.protocol.proto.OzoneManagerProtocolProtos$OzoneManagerService$2.callBlockingMethod(OzoneManagerProtocolProtos.java) [ozone-interface-client-1.3.0-SNAPSHOT.jar:?]
	at org.apache.hadoop.ipc.ProtobufRpcEngine$Server.processCall(ProtobufRpcEngine.java:466) [hadoop-common-3.3.1.jar:?]
	at org.apache.hadoop.ipc.ProtobufRpcEngine2$Server$ProtoBufRpcInvoker.call(ProtobufRpcEngine2.java:574) [hadoop-common-3.3.1.jar:?]
	at org.apache.hadoop.ipc.ProtobufRpcEngine2$Server$ProtoBufRpcInvoker.call(ProtobufRpcEngine2.java:552) [hadoop-common-3.3.1.jar:?]
	at org.apache.hadoop.ipc.RPC$Server.call(RPC.java:1093) [hadoop-common-3.3.1.jar:?]
	at org.apache.hadoop.ipc.Server$RpcCall.run(Server.java:1035) [hadoop-common-3.3.1.jar:?]
	at org.apache.hadoop.ipc.Server$RpcCall.run(Server.java:963) [hadoop-common-3.3.1.jar:?]
	at java.security.AccessController.doPrivileged(Native Method) ~[?:1.8.0_332]
	at javax.security.auth.Subject.doAs(Subject.java:422) [?:1.8.0_332]
	at org.apache.hadoop.security.UserGroupInformation.doAs(UserGroupInformation.java:1878) [hadoop-common-3.3.1.jar:?]
	at org.apache.hadoop.ipc.Server$Handler.run(Server.java:2966) [hadoop-common-3.3.1.jar:?]
01:53:00.227 [IPC Server handler 15 on default port 40433] ERROR OMAudit - user=runner | ip=127.0.0.1 | op=GET_FILE_STATUS {volume=bdfe5554-3cd5-4055-99a0-8499557a6445, bucket=59d56606-7836-46b9-bcc4-920f55d4786a, key=.Trash, dataSize=0, replicationConfig=null} | ret=FAILURE
org.apache.hadoop.ozone.om.exceptions.OMException: Unable to get file status: volume: bdfe5554-3cd5-4055-99a0-8499557a6445 bucket: 59d56606-7836-46b9-bcc4-920f55d4786a key: .Trash
	at org.apache.hadoop.ozone.om.KeyManagerImpl.getOzoneFileStatus(KeyManagerImpl.java:1311) ~[ozone-manager-1.3.0-SNAPSHOT.jar:?]
	at org.apache.hadoop.ozone.om.KeyManagerImpl.getFileStatus(KeyManagerImpl.java:1241) ~[ozone-manager-1.3.0-SNAPSHOT.jar:?]
	at org.apache.hadoop.ozone.om.OzoneManager.getFileStatus(OzoneManager.java:3467) ~[ozone-manager-1.3.0-SNAPSHOT.jar:?]
	at org.apache.hadoop.ozone.protocolPB.OzoneManagerRequestHandler.getOzoneFileStatus(OzoneManagerRequestHandler.java:878) ~[ozone-manager-1.3.0-SNAPSHOT.jar:?]
	at org.apache.hadoop.ozone.protocolPB.OzoneManagerRequestHandler.handleReadRequest(OzoneManagerRequestHandler.java:224) ~[ozone-manager-1.3.0-SNAPSHOT.jar:?]
	at org.apache.hadoop.ozone.protocolPB.OzoneManagerProtocolServerSideTranslatorPB.submitRequestDirectlyToOM(OzoneManagerProtocolServerSideTranslatorPB.java:276) ~[ozone-manager-1.3.0-SNAPSHOT.jar:?]
	at org.apache.hadoop.ozone.protocolPB.OzoneManagerProtocolServerSideTranslatorPB.processRequest(OzoneManagerProtocolServerSideTranslatorPB.java:205) ~[ozone-manager-1.3.0-SNAPSHOT.jar:?]
	at org.apache.hadoop.hdds.server.OzoneProtocolMessageDispatcher.processRequest(OzoneProtocolMessageDispatcher.java:87) [hdds-server-framework-1.3.0-SNAPSHOT.jar:?]
	at org.apache.hadoop.ozone.protocolPB.OzoneManagerProtocolServerSideTranslatorPB.submitRequest(OzoneManagerProtocolServerSideTranslatorPB.java:147) [ozone-manager-1.3.0-SNAPSHOT.jar:?]
	at org.apache.hadoop.ozone.protocol.proto.OzoneManagerProtocolProtos$OzoneManagerService$2.callBlockingMethod(OzoneManagerProtocolProtos.java) [ozone-interface-client-1.3.0-SNAPSHOT.jar:?]
	at org.apache.hadoop.ipc.ProtobufRpcEngine$Server.processCall(ProtobufRpcEngine.java:466) [hadoop-common-3.3.1.jar:?]
	at org.apache.hadoop.ipc.ProtobufRpcEngine2$Server$ProtoBufRpcInvoker.call(ProtobufRpcEngine2.java:574) [hadoop-common-3.3.1.jar:?]
	at org.apache.hadoop.ipc.ProtobufRpcEngine2$Server$ProtoBufRpcInvoker.call(ProtobufRpcEngine2.java:552) [hadoop-common-3.3.1.jar:?]
	at org.apache.hadoop.ipc.RPC$Server.call(RPC.java:1093) [hadoop-common-3.3.1.jar:?]
	at org.apache.hadoop.ipc.Server$RpcCall.run(Server.java:1035) [hadoop-common-3.3.1.jar:?]
	at org.apache.hadoop.ipc.Server$RpcCall.run(Server.java:963) [hadoop-common-3.3.1.jar:?]
	at java.security.AccessController.doPrivileged(Native Method) ~[?:1.8.0_332]
	at javax.security.auth.Subject.doAs(Subject.java:422) [?:1.8.0_332]
	at org.apache.hadoop.security.UserGroupInformation.doAs(UserGroupInformation.java:1878) [hadoop-common-3.3.1.jar:?]
	at org.apache.hadoop.ipc.Server$Handler.run(Server.java:2966) [hadoop-common-3.3.1.jar:?]
01:53:00.333 [IPC Server handler 15 on default port 40433] ERROR OMAudit - user=runner | ip=127.0.0.1 | op=GET_FILE_STATUS {volume=volume48835, bucket=bucket46518, key=.Trash/runner, dataSize=0, replicationConfig=null} | ret=FAILURE
org.apache.hadoop.ozone.om.exceptions.OMException: Unable to get file status: volume: volume48835 bucket: bucket46518 key: .Trash/runner
	at org.apache.hadoop.ozone.om.KeyManagerImpl.getOzoneFileStatus(KeyManagerImpl.java:1311) ~[ozone-manager-1.3.0-SNAPSHOT.jar:?]
	at org.apache.hadoop.ozone.om.KeyManagerImpl.getFileStatus(KeyManagerImpl.java:1241) ~[ozone-manager-1.3.0-SNAPSHOT.jar:?]
	at org.apache.hadoop.ozone.om.OzoneManager.getFileStatus(OzoneManager.java:3467) ~[ozone-manager-1.3.0-SNAPSHOT.jar:?]
	at org.apache.hadoop.ozone.protocolPB.OzoneManagerRequestHandler.getOzoneFileStatus(OzoneManagerRequestHandler.java:878) ~[ozone-manager-1.3.0-SNAPSHOT.jar:?]
	at org.apache.hadoop.ozone.protocolPB.OzoneManagerRequestHandler.handleReadRequest(OzoneManagerRequestHandler.java:224) ~[ozone-manager-1.3.0-SNAPSHOT.jar:?]
	at org.apache.hadoop.ozone.protocolPB.OzoneManagerProtocolServerSideTranslatorPB.submitRequestDirectlyToOM(OzoneManagerProtocolServerSideTranslatorPB.java:276) ~[ozone-manager-1.3.0-SNAPSHOT.jar:?]
	at org.apache.hadoop.ozone.protocolPB.OzoneManagerProtocolServerSideTranslatorPB.processRequest(OzoneManagerProtocolServerSideTranslatorPB.java:205) ~[ozone-manager-1.3.0-SNAPSHOT.jar:?]
	at org.apache.hadoop.hdds.server.OzoneProtocolMessageDispatcher.processRequest(OzoneProtocolMessageDispatcher.java:87) [hdds-server-framework-1.3.0-SNAPSHOT.jar:?]
	at org.apache.hadoop.ozone.protocolPB.OzoneManagerProtocolServerSideTranslatorPB.submitRequest(OzoneManagerProtocolServerSideTranslatorPB.java:147) [ozone-manager-1.3.0-SNAPSHOT.jar:?]
	at org.apache.hadoop.ozone.protocol.proto.OzoneManagerProtocolProtos$OzoneManagerService$2.callBlockingMethod(OzoneManagerProtocolProtos.java) [ozone-interface-client-1.3.0-SNAPSHOT.jar:?]
	at org.apache.hadoop.ipc.ProtobufRpcEngine$Server.processCall(ProtobufRpcEngine.java:466) [hadoop-common-3.3.1.jar:?]
	at org.apache.hadoop.ipc.ProtobufRpcEngine2$Server$ProtoBufRpcInvoker.call(ProtobufRpcEngine2.java:574) [hadoop-common-3.3.1.jar:?]
	at org.apache.hadoop.ipc.ProtobufRpcEngine2$Server$ProtoBufRpcInvoker.call(ProtobufRpcEngine2.java:552) [hadoop-common-3.3.1.jar:?]
	at org.apache.hadoop.ipc.RPC$Server.call(RPC.java:1093) [hadoop-common-3.3.1.jar:?]
	at org.apache.hadoop.ipc.Server$RpcCall.run(Server.java:1035) [hadoop-common-3.3.1.jar:?]
	at org.apache.hadoop.ipc.Server$RpcCall.run(Server.java:963) [hadoop-common-3.3.1.jar:?]
	at java.security.AccessController.doPrivileged(Native Method) ~[?:1.8.0_332]
	at javax.security.auth.Subject.doAs(Subject.java:422) [?:1.8.0_332]
	at org.apache.hadoop.security.UserGroupInformation.doAs(UserGroupInformation.java:1878) [hadoop-common-3.3.1.jar:?]
	at org.apache.hadoop.ipc.Server$Handler.run(Server.java:2966) [hadoop-common-3.3.1.jar:?]
01:53:00.340 [IPC Server handler 7 on default port 40433] ERROR OMAudit - user=runner | ip=127.0.0.1 | op=GET_FILE_STATUS {volume=bdfe5554-3cd5-4055-99a0-8499557a6445, bucket=59d56606-7836-46b9-bcc4-920f55d4786a, key=.Trash, dataSize=0, replicationConfig=null} | ret=FAILURE
org.apache.hadoop.ozone.om.exceptions.OMException: Unable to get file status: volume: bdfe5554-3cd5-4055-99a0-8499557a6445 bucket: 59d56606-7836-46b9-bcc4-920f55d4786a key: .Trash
	at org.apache.hadoop.ozone.om.KeyManagerImpl.getOzoneFileStatus(KeyManagerImpl.java:1311) ~[ozone-manager-1.3.0-SNAPSHOT.jar:?]
	at org.apache.hadoop.ozone.om.KeyManagerImpl.getFileStatus(KeyManagerImpl.java:1241) ~[ozone-manager-1.3.0-SNAPSHOT.jar:?]
	at org.apache.hadoop.ozone.om.OzoneManager.getFileStatus(OzoneManager.java:3467) ~[ozone-manager-1.3.0-SNAPSHOT.jar:?]
	at org.apache.hadoop.ozone.protocolPB.OzoneManagerRequestHandler.getOzoneFileStatus(OzoneManagerRequestHandler.java:878) ~[ozone-manager-1.3.0-SNAPSHOT.jar:?]
	at org.apache.hadoop.ozone.protocolPB.OzoneManagerRequestHandler.handleReadRequest(OzoneManagerRequestHandler.java:224) ~[ozone-manager-1.3.0-SNAPSHOT.jar:?]
	at org.apache.hadoop.ozone.protocolPB.OzoneManagerProtocolServerSideTranslatorPB.submitRequestDirectlyToOM(OzoneManagerProtocolServerSideTranslatorPB.java:276) ~[ozone-manager-1.3.0-SNAPSHOT.jar:?]
	at org.apache.hadoop.ozone.protocolPB.OzoneManagerProtocolServerSideTranslatorPB.processRequest(OzoneManagerProtocolServerSideTranslatorPB.java:205) ~[ozone-manager-1.3.0-SNAPSHOT.jar:?]
	at org.apache.hadoop.hdds.server.OzoneProtocolMessageDispatcher.processRequest(OzoneProtocolMessageDispatcher.java:87) [hdds-server-framework-1.3.0-SNAPSHOT.jar:?]
	at org.apache.hadoop.ozone.protocolPB.OzoneManagerProtocolServerSideTranslatorPB.submitRequest(OzoneManagerProtocolServerSideTranslatorPB.java:147) [ozone-manager-1.3.0-SNAPSHOT.jar:?]
	at org.apache.hadoop.ozone.protocol.proto.OzoneManagerProtocolProtos$OzoneManagerService$2.callBlockingMethod(OzoneManagerProtocolProtos.java) [ozone-interface-client-1.3.0-SNAPSHOT.jar:?]
	at org.apache.hadoop.ipc.ProtobufRpcEngine$Server.processCall(ProtobufRpcEngine.java:466) [hadoop-common-3.3.1.jar:?]
	at org.apache.hadoop.ipc.ProtobufRpcEngine2$Server$ProtoBufRpcInvoker.call(ProtobufRpcEngine2.java:574) [hadoop-common-3.3.1.jar:?]
	at org.apache.hadoop.ipc.ProtobufRpcEngine2$Server$ProtoBufRpcInvoker.call(ProtobufRpcEngine2.java:552) [hadoop-common-3.3.1.jar:?]
	at org.apache.hadoop.ipc.RPC$Server.call(RPC.java:1093) [hadoop-common-3.3.1.jar:?]
	at org.apache.hadoop.ipc.Server$RpcCall.run(Server.java:1035) [hadoop-common-3.3.1.jar:?]
	at org.apache.hadoop.ipc.Server$RpcCall.run(Server.java:963) [hadoop-common-3.3.1.jar:?]
	at java.security.AccessController.doPrivileged(Native Method) ~[?:1.8.0_332]
	at javax.security.auth.Subject.doAs(Subject.java:422) [?:1.8.0_332]
	at org.apache.hadoop.security.UserGroupInformation.doAs(UserGroupInformation.java:1878) [hadoop-common-3.3.1.jar:?]
	at org.apache.hadoop.ipc.Server$Handler.run(Server.java:2966) [hadoop-common-3.3.1.jar:?]
01:53:00.354 [IPC Server handler 6 on default port 40433] ERROR OMAudit - user=runner | ip=127.0.0.1 | op=GET_FILE_STATUS {volume=volume48835, bucket=bucket46518, key=.Trash, dataSize=0, replicationConfig=null} | ret=FAILURE
org.apache.hadoop.ozone.om.exceptions.OMException: Unable to get file status: volume: volume48835 bucket: bucket46518 key: .Trash
	at org.apache.hadoop.ozone.om.KeyManagerImpl.getOzoneFileStatus(KeyManagerImpl.java:1311) ~[ozone-manager-1.3.0-SNAPSHOT.jar:?]
	at org.apache.hadoop.ozone.om.KeyManagerImpl.getFileStatus(KeyManagerImpl.java:1241) ~[ozone-manager-1.3.0-SNAPSHOT.jar:?]
	at org.apache.hadoop.ozone.om.OzoneManager.getFileStatus(OzoneManager.java:3467) ~[ozone-manager-1.3.0-SNAPSHOT.jar:?]
	at org.apache.hadoop.ozone.protocolPB.OzoneManagerRequestHandler.getOzoneFileStatus(OzoneManagerRequestHandler.java:878) ~[ozone-manager-1.3.0-SNAPSHOT.jar:?]
	at org.apache.hadoop.ozone.protocolPB.OzoneManagerRequestHandler.handleReadRequest(OzoneManagerRequestHandler.java:224) ~[ozone-manager-1.3.0-SNAPSHOT.jar:?]
	at org.apache.hadoop.ozone.protocolPB.OzoneManagerProtocolServerSideTranslatorPB.submitRequestDirectlyToOM(OzoneManagerProtocolServerSideTranslatorPB.java:276) ~[ozone-manager-1.3.0-SNAPSHOT.jar:?]
	at org.apache.hadoop.ozone.protocolPB.OzoneManagerProtocolServerSideTranslatorPB.processRequest(OzoneManagerProtocolServerSideTranslatorPB.java:205) ~[ozone-manager-1.3.0-SNAPSHOT.jar:?]
	at org.apache.hadoop.hdds.server.OzoneProtocolMessageDispatcher.processRequest(OzoneProtocolMessageDispatcher.java:87) [hdds-server-framework-1.3.0-SNAPSHOT.jar:?]
	at org.apache.hadoop.ozone.protocolPB.OzoneManagerProtocolServerSideTranslatorPB.submitRequest(OzoneManagerProtocolServerSideTranslatorPB.java:147) [ozone-manager-1.3.0-SNAPSHOT.jar:?]
	at org.apache.hadoop.ozone.protocol.proto.OzoneManagerProtocolProtos$OzoneManagerService$2.callBlockingMethod(OzoneManagerProtocolProtos.java) [ozone-interface-client-1.3.0-SNAPSHOT.jar:?]
	at org.apache.hadoop.ipc.ProtobufRpcEngine$Server.processCall(ProtobufRpcEngine.java:466) [hadoop-common-3.3.1.jar:?]
	at org.apache.hadoop.ipc.ProtobufRpcEngine2$Server$ProtoBufRpcInvoker.call(ProtobufRpcEngine2.java:574) [hadoop-common-3.3.1.jar:?]
	at org.apache.hadoop.ipc.ProtobufRpcEngine2$Server$ProtoBufRpcInvoker.call(ProtobufRpcEngine2.java:552) [hadoop-common-3.3.1.jar:?]
	at org.apache.hadoop.ipc.RPC$Server.call(RPC.java:1093) [hadoop-common-3.3.1.jar:?]
	at org.apache.hadoop.ipc.Server$RpcCall.run(Server.java:1035) [hadoop-common-3.3.1.jar:?]
	at org.apache.hadoop.ipc.Server$RpcCall.run(Server.java:963) [hadoop-common-3.3.1.jar:?]
	at java.security.AccessController.doPrivileged(Native Method) ~[?:1.8.0_332]
	at javax.security.auth.Subject.doAs(Subject.java:422) [?:1.8.0_332]
	at org.apache.hadoop.security.UserGroupInformation.doAs(UserGroupInformation.java:1878) [hadoop-common-3.3.1.jar:?]
	at org.apache.hadoop.ipc.Server$Handler.run(Server.java:2966) [hadoop-common-3.3.1.jar:?]
01:53:00.378 [IPC Server handler 1 on default port 40433] ERROR OMAudit - user=runner | ip=127.0.0.1 | op=GET_FILE_STATUS {volume=volume16776, bucket=trashroottest2, key=.Trash/runner, dataSize=0, replicationConfig=null} | ret=FAILURE
org.apache.hadoop.ozone.om.exceptions.OMException: Unable to get file status: volume: volume16776 bucket: trashroottest2 key: .Trash/runner
	at org.apache.hadoop.ozone.om.KeyManagerImpl.getOzoneFileStatus(KeyManagerImpl.java:1311) ~[ozone-manager-1.3.0-SNAPSHOT.jar:?]
	at org.apache.hadoop.ozone.om.KeyManagerImpl.getFileStatus(KeyManagerImpl.java:1241) ~[ozone-manager-1.3.0-SNAPSHOT.jar:?]
	at org.apache.hadoop.ozone.om.OzoneManager.getFileStatus(OzoneManager.java:3467) ~[ozone-manager-1.3.0-SNAPSHOT.jar:?]
	at org.apache.hadoop.ozone.protocolPB.OzoneManagerRequestHandler.getOzoneFileStatus(OzoneManagerRequestHandler.java:878) ~[ozone-manager-1.3.0-SNAPSHOT.jar:?]
	at org.apache.hadoop.ozone.protocolPB.OzoneManagerRequestHandler.handleReadRequest(OzoneManagerRequestHandler.java:224) ~[ozone-manager-1.3.0-SNAPSHOT.jar:?]
	at org.apache.hadoop.ozone.protocolPB.OzoneManagerProtocolServerSideTranslatorPB.submitRequestDirectlyToOM(OzoneManagerProtocolServerSideTranslatorPB.java:276) ~[ozone-manager-1.3.0-SNAPSHOT.jar:?]
	at org.apache.hadoop.ozone.protocolPB.OzoneManagerProtocolServerSideTranslatorPB.processRequest(OzoneManagerProtocolServerSideTranslatorPB.java:205) ~[ozone-manager-1.3.0-SNAPSHOT.jar:?]
	at org.apache.hadoop.hdds.server.OzoneProtocolMessageDispatcher.processRequest(OzoneProtocolMessageDispatcher.java:87) [hdds-server-framework-1.3.0-SNAPSHOT.jar:?]
	at org.apache.hadoop.ozone.protocolPB.OzoneManagerProtocolServerSideTranslatorPB.submitRequest(OzoneManagerProtocolServerSideTranslatorPB.java:147) [ozone-manager-1.3.0-SNAPSHOT.jar:?]
	at org.apache.hadoop.ozone.protocol.proto.OzoneManagerProtocolProtos$OzoneManagerService$2.callBlockingMethod(OzoneManagerProtocolProtos.java) [ozone-interface-client-1.3.0-SNAPSHOT.jar:?]
	at org.apache.hadoop.ipc.ProtobufRpcEngine$Server.processCall(ProtobufRpcEngine.java:466) [hadoop-common-3.3.1.jar:?]
	at org.apache.hadoop.ipc.ProtobufRpcEngine2$Server$ProtoBufRpcInvoker.call(ProtobufRpcEngine2.java:574) [hadoop-common-3.3.1.jar:?]
	at org.apache.hadoop.ipc.ProtobufRpcEngine2$Server$ProtoBufRpcInvoker.call(ProtobufRpcEngine2.java:552) [hadoop-common-3.3.1.jar:?]
	at org.apache.hadoop.ipc.RPC$Server.call(RPC.java:1093) [hadoop-common-3.3.1.jar:?]
	at org.apache.hadoop.ipc.Server$RpcCall.run(Server.java:1035) [hadoop-common-3.3.1.jar:?]
	at org.apache.hadoop.ipc.Server$RpcCall.run(Server.java:963) [hadoop-common-3.3.1.jar:?]
	at java.security.AccessController.doPrivileged(Native Method) ~[?:1.8.0_332]
	at javax.security.auth.Subject.doAs(Subject.java:422) [?:1.8.0_332]
	at org.apache.hadoop.security.UserGroupInformation.doAs(UserGroupInformation.java:1878) [hadoop-common-3.3.1.jar:?]
	at org.apache.hadoop.ipc.Server$Handler.run(Server.java:2966) [hadoop-common-3.3.1.jar:?]
01:53:00.389 [IPC Server handler 19 on default port 40433] ERROR OMAudit - user=runner | ip=127.0.0.1 | op=GET_FILE_STATUS {volume=volume48835, bucket=bucket46518, key=.Trash/runner, dataSize=0, replicationConfig=null} | ret=FAILURE
org.apache.hadoop.ozone.om.exceptions.OMException: Unable to get file status: volume: volume48835 bucket: bucket46518 key: .Trash/runner
	at org.apache.hadoop.ozone.om.KeyManagerImpl.getOzoneFileStatus(KeyManagerImpl.java:1311) ~[ozone-manager-1.3.0-SNAPSHOT.jar:?]
	at org.apache.hadoop.ozone.om.KeyManagerImpl.getFileStatus(KeyManagerImpl.java:1241) ~[ozone-manager-1.3.0-SNAPSHOT.jar:?]
	at org.apache.hadoop.ozone.om.OzoneManager.getFileStatus(OzoneManager.java:3467) ~[ozone-manager-1.3.0-SNAPSHOT.jar:?]
	at org.apache.hadoop.ozone.protocolPB.OzoneManagerRequestHandler.getOzoneFileStatus(OzoneManagerRequestHandler.java:878) ~[ozone-manager-1.3.0-SNAPSHOT.jar:?]
	at org.apache.hadoop.ozone.protocolPB.OzoneManagerRequestHandler.handleReadRequest(OzoneManagerRequestHandler.java:224) ~[ozone-manager-1.3.0-SNAPSHOT.jar:?]
	at org.apache.hadoop.ozone.protocolPB.OzoneManagerProtocolServerSideTranslatorPB.submitRequestDirectlyToOM(OzoneManagerProtocolServerSideTranslatorPB.java:276) ~[ozone-manager-1.3.0-SNAPSHOT.jar:?]
	at org.apache.hadoop.ozone.protocolPB.OzoneManagerProtocolServerSideTranslatorPB.processRequest(OzoneManagerProtocolServerSideTranslatorPB.java:205) ~[ozone-manager-1.3.0-SNAPSHOT.jar:?]
	at org.apache.hadoop.hdds.server.OzoneProtocolMessageDispatcher.processRequest(OzoneProtocolMessageDispatcher.java:87) [hdds-server-framework-1.3.0-SNAPSHOT.jar:?]
	at org.apache.hadoop.ozone.protocolPB.OzoneManagerProtocolServerSideTranslatorPB.submitRequest(OzoneManagerProtocolServerSideTranslatorPB.java:147) [ozone-manager-1.3.0-SNAPSHOT.jar:?]
	at org.apache.hadoop.ozone.protocol.proto.OzoneManagerProtocolProtos$OzoneManagerService$2.callBlockingMethod(OzoneManagerProtocolProtos.java) [ozone-interface-client-1.3.0-SNAPSHOT.jar:?]
	at org.apache.hadoop.ipc.ProtobufRpcEngine$Server.processCall(ProtobufRpcEngine.java:466) [hadoop-common-3.3.1.jar:?]
	at org.apache.hadoop.ipc.ProtobufRpcEngine2$Server$ProtoBufRpcInvoker.call(ProtobufRpcEngine2.java:574) [hadoop-common-3.3.1.jar:?]
	at org.apache.hadoop.ipc.ProtobufRpcEngine2$Server$ProtoBufRpcInvoker.call(ProtobufRpcEngine2.java:552) [hadoop-common-3.3.1.jar:?]
	at org.apache.hadoop.ipc.RPC$Server.call(RPC.java:1093) [hadoop-common-3.3.1.jar:?]
	at org.apache.hadoop.ipc.Server$RpcCall.run(Server.java:1035) [hadoop-common-3.3.1.jar:?]
	at org.apache.hadoop.ipc.Server$RpcCall.run(Server.java:963) [hadoop-common-3.3.1.jar:?]
	at java.security.AccessController.doPrivileged(Native Method) ~[?:1.8.0_332]
	at javax.security.auth.Subject.doAs(Subject.java:422) [?:1.8.0_332]
	at org.apache.hadoop.security.UserGroupInformation.doAs(UserGroupInformation.java:1878) [hadoop-common-3.3.1.jar:?]
	at org.apache.hadoop.ipc.Server$Handler.run(Server.java:2966) [hadoop-common-3.3.1.jar:?]
01:53:00.401 [IPC Server handler 13 on default port 40433] ERROR OMAudit - user=runner | ip=127.0.0.1 | op=GET_FILE_STATUS {volume=bdfe5554-3cd5-4055-99a0-8499557a6445, bucket=59d56606-7836-46b9-bcc4-920f55d4786a, key=.Trash, dataSize=0, replicationConfig=null} | ret=FAILURE
org.apache.hadoop.ozone.om.exceptions.OMException: Unable to get file status: volume: bdfe5554-3cd5-4055-99a0-8499557a6445 bucket: 59d56606-7836-46b9-bcc4-920f55d4786a key: .Trash
	at org.apache.hadoop.ozone.om.KeyManagerImpl.getOzoneFileStatus(KeyManagerImpl.java:1311) ~[ozone-manager-1.3.0-SNAPSHOT.jar:?]
	at org.apache.hadoop.ozone.om.KeyManagerImpl.getFileStatus(KeyManagerImpl.java:1241) ~[ozone-manager-1.3.0-SNAPSHOT.jar:?]
	at org.apache.hadoop.ozone.om.OzoneManager.getFileStatus(OzoneManager.java:3467) ~[ozone-manager-1.3.0-SNAPSHOT.jar:?]
	at org.apache.hadoop.ozone.protocolPB.OzoneManagerRequestHandler.getOzoneFileStatus(OzoneManagerRequestHandler.java:878) ~[ozone-manager-1.3.0-SNAPSHOT.jar:?]
	at org.apache.hadoop.ozone.protocolPB.OzoneManagerRequestHandler.handleReadRequest(OzoneManagerRequestHandler.java:224) ~[ozone-manager-1.3.0-SNAPSHOT.jar:?]
	at org.apache.hadoop.ozone.protocolPB.OzoneManagerProtocolServerSideTranslatorPB.submitRequestDirectlyToOM(OzoneManagerProtocolServerSideTranslatorPB.java:276) ~[ozone-manager-1.3.0-SNAPSHOT.jar:?]
	at org.apache.hadoop.ozone.protocolPB.OzoneManagerProtocolServerSideTranslatorPB.processRequest(OzoneManagerProtocolServerSideTranslatorPB.java:205) ~[ozone-manager-1.3.0-SNAPSHOT.jar:?]
	at org.apache.hadoop.hdds.server.OzoneProtocolMessageDispatcher.processRequest(OzoneProtocolMessageDispatcher.java:87) [hdds-server-framework-1.3.0-SNAPSHOT.jar:?]
	at org.apache.hadoop.ozone.protocolPB.OzoneManagerProtocolServerSideTranslatorPB.submitRequest(OzoneManagerProtocolServerSideTranslatorPB.java:147) [ozone-manager-1.3.0-SNAPSHOT.jar:?]
	at org.apache.hadoop.ozone.protocol.proto.OzoneManagerProtocolProtos$OzoneManagerService$2.callBlockingMethod(OzoneManagerProtocolProtos.java) [ozone-interface-client-1.3.0-SNAPSHOT.jar:?]
	at org.apache.hadoop.ipc.ProtobufRpcEngine$Server.processCall(ProtobufRpcEngine.java:466) [hadoop-common-3.3.1.jar:?]
	at org.apache.hadoop.ipc.ProtobufRpcEngine2$Server$ProtoBufRpcInvoker.call(ProtobufRpcEngine2.java:574) [hadoop-common-3.3.1.jar:?]
	at org.apache.hadoop.ipc.ProtobufRpcEngine2$Server$ProtoBufRpcInvoker.call(ProtobufRpcEngine2.java:552) [hadoop-common-3.3.1.jar:?]
	at org.apache.hadoop.ipc.RPC$Server.call(RPC.java:1093) [hadoop-common-3.3.1.jar:?]
	at org.apache.hadoop.ipc.Server$RpcCall.run(Server.java:1035) [hadoop-common-3.3.1.jar:?]
	at org.apache.hadoop.ipc.Server$RpcCall.run(Server.java:963) [hadoop-common-3.3.1.jar:?]
	at java.security.AccessController.doPrivileged(Native Method) ~[?:1.8.0_332]
	at javax.security.auth.Subject.doAs(Subject.java:422) [?:1.8.0_332]
	at org.apache.hadoop.security.UserGroupInformation.doAs(UserGroupInformation.java:1878) [hadoop-common-3.3.1.jar:?]
	at org.apache.hadoop.ipc.Server$Handler.run(Server.java:2966) [hadoop-common-3.3.1.jar:?]
01:53:00.408 [IPC Server handler 17 on default port 40433] ERROR OMAudit - user=runner | ip=127.0.0.1 | op=GET_FILE_STATUS {volume=volume16776, bucket=trashroottest2, key=.Trash, dataSize=0, replicationConfig=null} | ret=FAILURE
org.apache.hadoop.ozone.om.exceptions.OMException: Unable to get file status: volume: volume16776 bucket: trashroottest2 key: .Trash
	at org.apache.hadoop.ozone.om.KeyManagerImpl.getOzoneFileStatus(KeyManagerImpl.java:1311) ~[ozone-manager-1.3.0-SNAPSHOT.jar:?]
	at org.apache.hadoop.ozone.om.KeyManagerImpl.getFileStatus(KeyManagerImpl.java:1241) ~[ozone-manager-1.3.0-SNAPSHOT.jar:?]
	at org.apache.hadoop.ozone.om.OzoneManager.getFileStatus(OzoneManager.java:3467) ~[ozone-manager-1.3.0-SNAPSHOT.jar:?]
	at org.apache.hadoop.ozone.protocolPB.OzoneManagerRequestHandler.getOzoneFileStatus(OzoneManagerRequestHandler.java:878) ~[ozone-manager-1.3.0-SNAPSHOT.jar:?]
	at org.apache.hadoop.ozone.protocolPB.OzoneManagerRequestHandler.handleReadRequest(OzoneManagerRequestHandler.java:224) ~[ozone-manager-1.3.0-SNAPSHOT.jar:?]
	at org.apache.hadoop.ozone.protocolPB.OzoneManagerProtocolServerSideTranslatorPB.submitRequestDirectlyToOM(OzoneManagerProtocolServerSideTranslatorPB.java:276) ~[ozone-manager-1.3.0-SNAPSHOT.jar:?]
	at org.apache.hadoop.ozone.protocolPB.OzoneManagerProtocolServerSideTranslatorPB.processRequest(OzoneManagerProtocolServerSideTranslatorPB.java:205) ~[ozone-manager-1.3.0-SNAPSHOT.jar:?]
	at org.apache.hadoop.hdds.server.OzoneProtocolMessageDispatcher.processRequest(OzoneProtocolMessageDispatcher.java:87) [hdds-server-framework-1.3.0-SNAPSHOT.jar:?]
	at org.apache.hadoop.ozone.protocolPB.OzoneManagerProtocolServerSideTranslatorPB.submitRequest(OzoneManagerProtocolServerSideTranslatorPB.java:147) [ozone-manager-1.3.0-SNAPSHOT.jar:?]
	at org.apache.hadoop.ozone.protocol.proto.OzoneManagerProtocolProtos$OzoneManagerService$2.callBlockingMethod(OzoneManagerProtocolProtos.java) [ozone-interface-client-1.3.0-SNAPSHOT.jar:?]
	at org.apache.hadoop.ipc.ProtobufRpcEngine$Server.processCall(ProtobufRpcEngine.java:466) [hadoop-common-3.3.1.jar:?]
	at org.apache.hadoop.ipc.ProtobufRpcEngine2$Server$ProtoBufRpcInvoker.call(ProtobufRpcEngine2.java:574) [hadoop-common-3.3.1.jar:?]
	at org.apache.hadoop.ipc.ProtobufRpcEngine2$Server$ProtoBufRpcInvoker.call(ProtobufRpcEngine2.java:552) [hadoop-common-3.3.1.jar:?]
	at org.apache.hadoop.ipc.RPC$Server.call(RPC.java:1093) [hadoop-common-3.3.1.jar:?]
	at org.apache.hadoop.ipc.Server$RpcCall.run(Server.java:1035) [hadoop-common-3.3.1.jar:?]
	at org.apache.hadoop.ipc.Server$RpcCall.run(Server.java:963) [hadoop-common-3.3.1.jar:?]
	at java.security.AccessController.doPrivileged(Native Method) ~[?:1.8.0_332]
	at javax.security.auth.Subject.doAs(Subject.java:422) [?:1.8.0_332]
	at org.apache.hadoop.security.UserGroupInformation.doAs(UserGroupInformation.java:1878) [hadoop-common-3.3.1.jar:?]
	at org.apache.hadoop.ipc.Server$Handler.run(Server.java:2966) [hadoop-common-3.3.1.jar:?]
01:53:00.411 [IPC Server handler 16 on default port 40433] ERROR OMAudit - user=runner | ip=127.0.0.1 | op=GET_FILE_STATUS {volume=volume48835, bucket=bucket46518, key=.Trash, dataSize=0, replicationConfig=null} | ret=FAILURE
org.apache.hadoop.ozone.om.exceptions.OMException: Unable to get file status: volume: volume48835 bucket: bucket46518 key: .Trash
	at org.apache.hadoop.ozone.om.KeyManagerImpl.getOzoneFileStatus(KeyManagerImpl.java:1311) ~[ozone-manager-1.3.0-SNAPSHOT.jar:?]
	at org.apache.hadoop.ozone.om.KeyManagerImpl.getFileStatus(KeyManagerImpl.java:1241) ~[ozone-manager-1.3.0-SNAPSHOT.jar:?]
	at org.apache.hadoop.ozone.om.OzoneManager.getFileStatus(OzoneManager.java:3467) ~[ozone-manager-1.3.0-SNAPSHOT.jar:?]
	at org.apache.hadoop.ozone.protocolPB.OzoneManagerRequestHandler.getOzoneFileStatus(OzoneManagerRequestHandler.java:878) ~[ozone-manager-1.3.0-SNAPSHOT.jar:?]
	at org.apache.hadoop.ozone.protocolPB.OzoneManagerRequestHandler.handleReadRequest(OzoneManagerRequestHandler.java:224) ~[ozone-manager-1.3.0-SNAPSHOT.jar:?]
	at org.apache.hadoop.ozone.protocolPB.OzoneManagerProtocolServerSideTranslatorPB.submitRequestDirectlyToOM(OzoneManagerProtocolServerSideTranslatorPB.java:276) ~[ozone-manager-1.3.0-SNAPSHOT.jar:?]
	at org.apache.hadoop.ozone.protocolPB.OzoneManagerProtocolServerSideTranslatorPB.processRequest(OzoneManagerProtocolServerSideTranslatorPB.java:205) ~[ozone-manager-1.3.0-SNAPSHOT.jar:?]
	at org.apache.hadoop.hdds.server.OzoneProtocolMessageDispatcher.processRequest(OzoneProtocolMessageDispatcher.java:87) [hdds-server-framework-1.3.0-SNAPSHOT.jar:?]
	at org.apache.hadoop.ozone.protocolPB.OzoneManagerProtocolServerSideTranslatorPB.submitRequest(OzoneManagerProtocolServerSideTranslatorPB.java:147) [ozone-manager-1.3.0-SNAPSHOT.jar:?]
	at org.apache.hadoop.ozone.protocol.proto.OzoneManagerProtocolProtos$OzoneManagerService$2.callBlockingMethod(OzoneManagerProtocolProtos.java) [ozone-interface-client-1.3.0-SNAPSHOT.jar:?]
	at org.apache.hadoop.ipc.ProtobufRpcEngine$Server.processCall(ProtobufRpcEngine.java:466) [hadoop-common-3.3.1.jar:?]
	at org.apache.hadoop.ipc.ProtobufRpcEngine2$Server$ProtoBufRpcInvoker.call(ProtobufRpcEngine2.java:574) [hadoop-common-3.3.1.jar:?]
	at org.apache.hadoop.ipc.ProtobufRpcEngine2$Server$ProtoBufRpcInvoker.call(ProtobufRpcEngine2.java:552) [hadoop-common-3.3.1.jar:?]
	at org.apache.hadoop.ipc.RPC$Server.call(RPC.java:1093) [hadoop-common-3.3.1.jar:?]
	at org.apache.hadoop.ipc.Server$RpcCall.run(Server.java:1035) [hadoop-common-3.3.1.jar:?]
	at org.apache.hadoop.ipc.Server$RpcCall.run(Server.java:963) [hadoop-common-3.3.1.jar:?]
	at java.security.AccessController.doPrivileged(Native Method) ~[?:1.8.0_332]
	at javax.security.auth.Subject.doAs(Subject.java:422) [?:1.8.0_332]
	at org.apache.hadoop.security.UserGroupInformation.doAs(UserGroupInformation.java:1878) [hadoop-common-3.3.1.jar:?]
	at org.apache.hadoop.ipc.Server$Handler.run(Server.java:2966) [hadoop-common-3.3.1.jar:?]
01:53:00.449 [IPC Server handler 12 on default port 40433] ERROR OMAudit - user=runner | ip=127.0.0.1 | op=GET_FILE_STATUS {volume=volume16776, bucket=trashroottest2, key=.Trash/runner, dataSize=0, replicationConfig=null} | ret=FAILURE
org.apache.hadoop.ozone.om.exceptions.OMException: Unable to get file status: volume: volume16776 bucket: trashroottest2 key: .Trash/runner
	at org.apache.hadoop.ozone.om.KeyManagerImpl.getOzoneFileStatus(KeyManagerImpl.java:1311) ~[ozone-manager-1.3.0-SNAPSHOT.jar:?]
	at org.apache.hadoop.ozone.om.KeyManagerImpl.getFileStatus(KeyManagerImpl.java:1241) ~[ozone-manager-1.3.0-SNAPSHOT.jar:?]
	at org.apache.hadoop.ozone.om.OzoneManager.getFileStatus(OzoneManager.java:3467) ~[ozone-manager-1.3.0-SNAPSHOT.jar:?]
	at org.apache.hadoop.ozone.protocolPB.OzoneManagerRequestHandler.getOzoneFileStatus(OzoneManagerRequestHandler.java:878) ~[ozone-manager-1.3.0-SNAPSHOT.jar:?]
	at org.apache.hadoop.ozone.protocolPB.OzoneManagerRequestHandler.handleReadRequest(OzoneManagerRequestHandler.java:224) ~[ozone-manager-1.3.0-SNAPSHOT.jar:?]
	at org.apache.hadoop.ozone.protocolPB.OzoneManagerProtocolServerSideTranslatorPB.submitRequestDirectlyToOM(OzoneManagerProtocolServerSideTranslatorPB.java:276) ~[ozone-manager-1.3.0-SNAPSHOT.jar:?]
	at org.apache.hadoop.ozone.protocolPB.OzoneManagerProtocolServerSideTranslatorPB.processRequest(OzoneManagerProtocolServerSideTranslatorPB.java:205) ~[ozone-manager-1.3.0-SNAPSHOT.jar:?]
	at org.apache.hadoop.hdds.server.OzoneProtocolMessageDispatcher.processRequest(OzoneProtocolMessageDispatcher.java:87) [hdds-server-framework-1.3.0-SNAPSHOT.jar:?]
	at org.apache.hadoop.ozone.protocolPB.OzoneManagerProtocolServerSideTranslatorPB.submitRequest(OzoneManagerProtocolServerSideTranslatorPB.java:147) [ozone-manager-1.3.0-SNAPSHOT.jar:?]
	at org.apache.hadoop.ozone.protocol.proto.OzoneManagerProtocolProtos$OzoneManagerService$2.callBlockingMethod(OzoneManagerProtocolProtos.java) [ozone-interface-client-1.3.0-SNAPSHOT.jar:?]
	at org.apache.hadoop.ipc.ProtobufRpcEngine$Server.processCall(ProtobufRpcEngine.java:466) [hadoop-common-3.3.1.jar:?]
	at org.apache.hadoop.ipc.ProtobufRpcEngine2$Server$ProtoBufRpcInvoker.call(ProtobufRpcEngine2.java:574) [hadoop-common-3.3.1.jar:?]
	at org.apache.hadoop.ipc.ProtobufRpcEngine2$Server$ProtoBufRpcInvoker.call(ProtobufRpcEngine2.java:552) [hadoop-common-3.3.1.jar:?]
	at org.apache.hadoop.ipc.RPC$Server.call(RPC.java:1093) [hadoop-common-3.3.1.jar:?]
	at org.apache.hadoop.ipc.Server$RpcCall.run(Server.java:1035) [hadoop-common-3.3.1.jar:?]
	at org.apache.hadoop.ipc.Server$RpcCall.run(Server.java:963) [hadoop-common-3.3.1.jar:?]
	at java.security.AccessController.doPrivileged(Native Method) ~[?:1.8.0_332]
	at javax.security.auth.Subject.doAs(Subject.java:422) [?:1.8.0_332]
	at org.apache.hadoop.security.UserGroupInformation.doAs(UserGroupInformation.java:1878) [hadoop-common-3.3.1.jar:?]
	at org.apache.hadoop.ipc.Server$Handler.run(Server.java:2966) [hadoop-common-3.3.1.jar:?]
01:53:00.452 [IPC Server handler 5 on default port 40433] ERROR OMAudit - user=runner | ip=127.0.0.1 | op=GET_FILE_STATUS {volume=volume48835, bucket=bucket46518, key=.Trash/runner, dataSize=0, replicationConfig=null} | ret=FAILURE
org.apache.hadoop.ozone.om.exceptions.OMException: Unable to get file status: volume: volume48835 bucket: bucket46518 key: .Trash/runner
	at org.apache.hadoop.ozone.om.KeyManagerImpl.getOzoneFileStatus(KeyManagerImpl.java:1311) ~[ozone-manager-1.3.0-SNAPSHOT.jar:?]
	at org.apache.hadoop.ozone.om.KeyManagerImpl.getFileStatus(KeyManagerImpl.java:1241) ~[ozone-manager-1.3.0-SNAPSHOT.jar:?]
	at org.apache.hadoop.ozone.om.OzoneManager.getFileStatus(OzoneManager.java:3467) ~[ozone-manager-1.3.0-SNAPSHOT.jar:?]
	at org.apache.hadoop.ozone.protocolPB.OzoneManagerRequestHandler.getOzoneFileStatus(OzoneManagerRequestHandler.java:878) ~[ozone-manager-1.3.0-SNAPSHOT.jar:?]
	at org.apache.hadoop.ozone.protocolPB.OzoneManagerRequestHandler.handleReadRequest(OzoneManagerRequestHandler.java:224) ~[ozone-manager-1.3.0-SNAPSHOT.jar:?]
	at org.apache.hadoop.ozone.protocolPB.OzoneManagerProtocolServerSideTranslatorPB.submitRequestDirectlyToOM(OzoneManagerProtocolServerSideTranslatorPB.java:276) ~[ozone-manager-1.3.0-SNAPSHOT.jar:?]
	at org.apache.hadoop.ozone.protocolPB.OzoneManagerProtocolServerSideTranslatorPB.processRequest(OzoneManagerProtocolServerSideTranslatorPB.java:205) ~[ozone-manager-1.3.0-SNAPSHOT.jar:?]
	at org.apache.hadoop.hdds.server.OzoneProtocolMessageDispatcher.processRequest(OzoneProtocolMessageDispatcher.java:87) [hdds-server-framework-1.3.0-SNAPSHOT.jar:?]
	at org.apache.hadoop.ozone.protocolPB.OzoneManagerProtocolServerSideTranslatorPB.submitRequest(OzoneManagerProtocolServerSideTranslatorPB.java:147) [ozone-manager-1.3.0-SNAPSHOT.jar:?]
	at org.apache.hadoop.ozone.protocol.proto.OzoneManagerProtocolProtos$OzoneManagerService$2.callBlockingMethod(OzoneManagerProtocolProtos.java) [ozone-interface-client-1.3.0-SNAPSHOT.jar:?]
	at org.apache.hadoop.ipc.ProtobufRpcEngine$Server.processCall(ProtobufRpcEngine.java:466) [hadoop-common-3.3.1.jar:?]
	at org.apache.hadoop.ipc.ProtobufRpcEngine2$Server$ProtoBufRpcInvoker.call(ProtobufRpcEngine2.java:574) [hadoop-common-3.3.1.jar:?]
	at org.apache.hadoop.ipc.ProtobufRpcEngine2$Server$ProtoBufRpcInvoker.call(ProtobufRpcEngine2.java:552) [hadoop-common-3.3.1.jar:?]
	at org.apache.hadoop.ipc.RPC$Server.call(RPC.java:1093) [hadoop-common-3.3.1.jar:?]
	at org.apache.hadoop.ipc.Server$RpcCall.run(Server.java:1035) [hadoop-common-3.3.1.jar:?]
	at org.apache.hadoop.ipc.Server$RpcCall.run(Server.java:963) [hadoop-common-3.3.1.jar:?]
	at java.security.AccessController.doPrivileged(Native Method) ~[?:1.8.0_332]
	at javax.security.auth.Subject.doAs(Subject.java:422) [?:1.8.0_332]
	at org.apache.hadoop.security.UserGroupInformation.doAs(UserGroupInformation.java:1878) [hadoop-common-3.3.1.jar:?]
	at org.apache.hadoop.ipc.Server$Handler.run(Server.java:2966) [hadoop-common-3.3.1.jar:?]
01:53:00.454 [IPC Server handler 18 on default port 40433] ERROR OMAudit - user=runner | ip=127.0.0.1 | op=GET_FILE_STATUS {volume=bdfe5554-3cd5-4055-99a0-8499557a6445, bucket=59d56606-7836-46b9-bcc4-920f55d4786a, key=.Trash, dataSize=0, replicationConfig=null} | ret=FAILURE
org.apache.hadoop.ozone.om.exceptions.OMException: Unable to get file status: volume: bdfe5554-3cd5-4055-99a0-8499557a6445 bucket: 59d56606-7836-46b9-bcc4-920f55d4786a key: .Trash
	at org.apache.hadoop.ozone.om.KeyManagerImpl.getOzoneFileStatus(KeyManagerImpl.java:1311) ~[ozone-manager-1.3.0-SNAPSHOT.jar:?]
	at org.apache.hadoop.ozone.om.KeyManagerImpl.getFileStatus(KeyManagerImpl.java:1241) ~[ozone-manager-1.3.0-SNAPSHOT.jar:?]
	at org.apache.hadoop.ozone.om.OzoneManager.getFileStatus(OzoneManager.java:3467) ~[ozone-manager-1.3.0-SNAPSHOT.jar:?]
	at org.apache.hadoop.ozone.protocolPB.OzoneManagerRequestHandler.getOzoneFileStatus(OzoneManagerRequestHandler.java:878) ~[ozone-manager-1.3.0-SNAPSHOT.jar:?]
	at org.apache.hadoop.ozone.protocolPB.OzoneManagerRequestHandler.handleReadRequest(OzoneManagerRequestHandler.java:224) ~[ozone-manager-1.3.0-SNAPSHOT.jar:?]
	at org.apache.hadoop.ozone.protocolPB.OzoneManagerProtocolServerSideTranslatorPB.submitRequestDirectlyToOM(OzoneManagerProtocolServerSideTranslatorPB.java:276) ~[ozone-manager-1.3.0-SNAPSHOT.jar:?]
	at org.apache.hadoop.ozone.protocolPB.OzoneManagerProtocolServerSideTranslatorPB.processRequest(OzoneManagerProtocolServerSideTranslatorPB.java:205) ~[ozone-manager-1.3.0-SNAPSHOT.jar:?]
	at org.apache.hadoop.hdds.server.OzoneProtocolMessageDispatcher.processRequest(OzoneProtocolMessageDispatcher.java:87) [hdds-server-framework-1.3.0-SNAPSHOT.jar:?]
	at org.apache.hadoop.ozone.protocolPB.OzoneManagerProtocolServerSideTranslatorPB.submitRequest(OzoneManagerProtocolServerSideTranslatorPB.java:147) [ozone-manager-1.3.0-SNAPSHOT.jar:?]
	at org.apache.hadoop.ozone.protocol.proto.OzoneManagerProtocolProtos$OzoneManagerService$2.callBlockingMethod(OzoneManagerProtocolProtos.java) [ozone-interface-client-1.3.0-SNAPSHOT.jar:?]
	at org.apache.hadoop.ipc.ProtobufRpcEngine$Server.processCall(ProtobufRpcEngine.java:466) [hadoop-common-3.3.1.jar:?]
	at org.apache.hadoop.ipc.ProtobufRpcEngine2$Server$ProtoBufRpcInvoker.call(ProtobufRpcEngine2.java:574) [hadoop-common-3.3.1.jar:?]
	at org.apache.hadoop.ipc.ProtobufRpcEngine2$Server$ProtoBufRpcInvoker.call(ProtobufRpcEngine2.java:552) [hadoop-common-3.3.1.jar:?]
	at org.apache.hadoop.ipc.RPC$Server.call(RPC.java:1093) [hadoop-common-3.3.1.jar:?]
	at org.apache.hadoop.ipc.Server$RpcCall.run(Server.java:1035) [hadoop-common-3.3.1.jar:?]
	at org.apache.hadoop.ipc.Server$RpcCall.run(Server.java:963) [hadoop-common-3.3.1.jar:?]
	at java.security.AccessController.doPrivileged(Native Method) ~[?:1.8.0_332]
	at javax.security.auth.Subject.doAs(Subject.java:422) [?:1.8.0_332]
	at org.apache.hadoop.security.UserGroupInformation.doAs(UserGroupInformation.java:1878) [hadoop-common-3.3.1.jar:?]
	at org.apache.hadoop.ipc.Server$Handler.run(Server.java:2966) [hadoop-common-3.3.1.jar:?]
01:53:00.458 [IPC Server handler 8 on default port 40433] ERROR OMAudit - user=runner | ip=127.0.0.1 | op=GET_FILE_STATUS {volume=volume16776, bucket=trashroottest2, key=.Trash, dataSize=0, replicationConfig=null} | ret=FAILURE
org.apache.hadoop.ozone.om.exceptions.OMException: Unable to get file status: volume: volume16776 bucket: trashroottest2 key: .Trash
	at org.apache.hadoop.ozone.om.KeyManagerImpl.getOzoneFileStatus(KeyManagerImpl.java:1311) ~[ozone-manager-1.3.0-SNAPSHOT.jar:?]
	at org.apache.hadoop.ozone.om.KeyManagerImpl.getFileStatus(KeyManagerImpl.java:1241) ~[ozone-manager-1.3.0-SNAPSHOT.jar:?]
	at org.apache.hadoop.ozone.om.OzoneManager.getFileStatus(OzoneManager.java:3467) ~[ozone-manager-1.3.0-SNAPSHOT.jar:?]
	at org.apache.hadoop.ozone.protocolPB.OzoneManagerRequestHandler.getOzoneFileStatus(OzoneManagerRequestHandler.java:878) ~[ozone-manager-1.3.0-SNAPSHOT.jar:?]
	at org.apache.hadoop.ozone.protocolPB.OzoneManagerRequestHandler.handleReadRequest(OzoneManagerRequestHandler.java:224) ~[ozone-manager-1.3.0-SNAPSHOT.jar:?]
	at org.apache.hadoop.ozone.protocolPB.OzoneManagerProtocolServerSideTranslatorPB.submitRequestDirectlyToOM(OzoneManagerProtocolServerSideTranslatorPB.java:276) ~[ozone-manager-1.3.0-SNAPSHOT.jar:?]
	at org.apache.hadoop.ozone.protocolPB.OzoneManagerProtocolServerSideTranslatorPB.processRequest(OzoneManagerProtocolServerSideTranslatorPB.java:205) ~[ozone-manager-1.3.0-SNAPSHOT.jar:?]
	at org.apache.hadoop.hdds.server.OzoneProtocolMessageDispatcher.processRequest(OzoneProtocolMessageDispatcher.java:87) [hdds-server-framework-1.3.0-SNAPSHOT.jar:?]
	at org.apache.hadoop.ozone.protocolPB.OzoneManagerProtocolServerSideTranslatorPB.submitRequest(OzoneManagerProtocolServerSideTranslatorPB.java:147) [ozone-manager-1.3.0-SNAPSHOT.jar:?]
	at org.apache.hadoop.ozone.protocol.proto.OzoneManagerProtocolProtos$OzoneManagerService$2.callBlockingMethod(OzoneManagerProtocolProtos.java) [ozone-interface-client-1.3.0-SNAPSHOT.jar:?]
	at org.apache.hadoop.ipc.ProtobufRpcEngine$Server.processCall(ProtobufRpcEngine.java:466) [hadoop-common-3.3.1.jar:?]
	at org.apache.hadoop.ipc.ProtobufRpcEngine2$Server$ProtoBufRpcInvoker.call(ProtobufRpcEngine2.java:574) [hadoop-common-3.3.1.jar:?]
	at org.apache.hadoop.ipc.ProtobufRpcEngine2$Server$ProtoBufRpcInvoker.call(ProtobufRpcEngine2.java:552) [hadoop-common-3.3.1.jar:?]
	at org.apache.hadoop.ipc.RPC$Server.call(RPC.java:1093) [hadoop-common-3.3.1.jar:?]
	at org.apache.hadoop.ipc.Server$RpcCall.run(Server.java:1035) [hadoop-common-3.3.1.jar:?]
	at org.apache.hadoop.ipc.Server$RpcCall.run(Server.java:963) [hadoop-common-3.3.1.jar:?]
	at java.security.AccessController.doPrivileged(Native Method) ~[?:1.8.0_332]
	at javax.security.auth.Subject.doAs(Subject.java:422) [?:1.8.0_332]
	at org.apache.hadoop.security.UserGroupInformation.doAs(UserGroupInformation.java:1878) [hadoop-common-3.3.1.jar:?]
	at org.apache.hadoop.ipc.Server$Handler.run(Server.java:2966) [hadoop-common-3.3.1.jar:?]
01:53:00.459 [IPC Server handler 3 on default port 40433] ERROR OMAudit - user=runner | ip=127.0.0.1 | op=GET_FILE_STATUS {volume=volume48835, bucket=bucket46518, key=.Trash, dataSize=0, replicationConfig=null} | ret=FAILURE
org.apache.hadoop.ozone.om.exceptions.OMException: Unable to get file status: volume: volume48835 bucket: bucket46518 key: .Trash
	at org.apache.hadoop.ozone.om.KeyManagerImpl.getOzoneFileStatus(KeyManagerImpl.java:1311) ~[ozone-manager-1.3.0-SNAPSHOT.jar:?]
	at org.apache.hadoop.ozone.om.KeyManagerImpl.getFileStatus(KeyManagerImpl.java:1241) ~[ozone-manager-1.3.0-SNAPSHOT.jar:?]
	at org.apache.hadoop.ozone.om.OzoneManager.getFileStatus(OzoneManager.java:3467) ~[ozone-manager-1.3.0-SNAPSHOT.jar:?]
	at org.apache.hadoop.ozone.protocolPB.OzoneManagerRequestHandler.getOzoneFileStatus(OzoneManagerRequestHandler.java:878) ~[ozone-manager-1.3.0-SNAPSHOT.jar:?]
	at org.apache.hadoop.ozone.protocolPB.OzoneManagerRequestHandler.handleReadRequest(OzoneManagerRequestHandler.java:224) ~[ozone-manager-1.3.0-SNAPSHOT.jar:?]
	at org.apache.hadoop.ozone.protocolPB.OzoneManagerProtocolServerSideTranslatorPB.submitRequestDirectlyToOM(OzoneManagerProtocolServerSideTranslatorPB.java:276) ~[ozone-manager-1.3.0-SNAPSHOT.jar:?]
	at org.apache.hadoop.ozone.protocolPB.OzoneManagerProtocolServerSideTranslatorPB.processRequest(OzoneManagerProtocolServerSideTranslatorPB.java:205) ~[ozone-manager-1.3.0-SNAPSHOT.jar:?]
	at org.apache.hadoop.hdds.server.OzoneProtocolMessageDispatcher.processRequest(OzoneProtocolMessageDispatcher.java:87) [hdds-server-framework-1.3.0-SNAPSHOT.jar:?]
	at org.apache.hadoop.ozone.protocolPB.OzoneManagerProtocolServerSideTranslatorPB.submitRequest(OzoneManagerProtocolServerSideTranslatorPB.java:147) [ozone-manager-1.3.0-SNAPSHOT.jar:?]
	at org.apache.hadoop.ozone.protocol.proto.OzoneManagerProtocolProtos$OzoneManagerService$2.callBlockingMethod(OzoneManagerProtocolProtos.java) [ozone-interface-client-1.3.0-SNAPSHOT.jar:?]
	at org.apache.hadoop.ipc.ProtobufRpcEngine$Server.processCall(ProtobufRpcEngine.java:466) [hadoop-common-3.3.1.jar:?]
	at org.apache.hadoop.ipc.ProtobufRpcEngine2$Server$ProtoBufRpcInvoker.call(ProtobufRpcEngine2.java:574) [hadoop-common-3.3.1.jar:?]
	at org.apache.hadoop.ipc.ProtobufRpcEngine2$Server$ProtoBufRpcInvoker.call(ProtobufRpcEngine2.java:552) [hadoop-common-3.3.1.jar:?]
	at org.apache.hadoop.ipc.RPC$Server.call(RPC.java:1093) [hadoop-common-3.3.1.jar:?]
	at org.apache.hadoop.ipc.Server$RpcCall.run(Server.java:1035) [hadoop-common-3.3.1.jar:?]
	at org.apache.hadoop.ipc.Server$RpcCall.run(Server.java:963) [hadoop-common-3.3.1.jar:?]
	at java.security.AccessController.doPrivileged(Native Method) ~[?:1.8.0_332]
	at javax.security.auth.Subject.doAs(Subject.java:422) [?:1.8.0_332]
	at org.apache.hadoop.security.UserGroupInformation.doAs(UserGroupInformation.java:1878) [hadoop-common-3.3.1.jar:?]
	at org.apache.hadoop.ipc.Server$Handler.run(Server.java:2966) [hadoop-common-3.3.1.jar:?]
01:53:00.511 [IPC Server handler 2 on default port 40433] ERROR OMAudit - user=runner | ip=127.0.0.1 | op=GET_FILE_STATUS {volume=volume16776, bucket=bucket54355, key=.Trash/runner, dataSize=0, replicationConfig=null} | ret=FAILURE
org.apache.hadoop.ozone.om.exceptions.OMException: Unable to get file status: volume: volume16776 bucket: bucket54355 key: .Trash/runner
	at org.apache.hadoop.ozone.om.KeyManagerImpl.getOzoneFileStatus(KeyManagerImpl.java:1311) ~[ozone-manager-1.3.0-SNAPSHOT.jar:?]
	at org.apache.hadoop.ozone.om.KeyManagerImpl.getFileStatus(KeyManagerImpl.java:1241) ~[ozone-manager-1.3.0-SNAPSHOT.jar:?]
	at org.apache.hadoop.ozone.om.OzoneManager.getFileStatus(OzoneManager.java:3467) ~[ozone-manager-1.3.0-SNAPSHOT.jar:?]
	at org.apache.hadoop.ozone.protocolPB.OzoneManagerRequestHandler.getOzoneFileStatus(OzoneManagerRequestHandler.java:878) ~[ozone-manager-1.3.0-SNAPSHOT.jar:?]
	at org.apache.hadoop.ozone.protocolPB.OzoneManagerRequestHandler.handleReadRequest(OzoneManagerRequestHandler.java:224) ~[ozone-manager-1.3.0-SNAPSHOT.jar:?]
	at org.apache.hadoop.ozone.protocolPB.OzoneManagerProtocolServerSideTranslatorPB.submitRequestDirectlyToOM(OzoneManagerProtocolServerSideTranslatorPB.java:276) ~[ozone-manager-1.3.0-SNAPSHOT.jar:?]
	at org.apache.hadoop.ozone.protocolPB.OzoneManagerProtocolServerSideTranslatorPB.processRequest(OzoneManagerProtocolServerSideTranslatorPB.java:205) ~[ozone-manager-1.3.0-SNAPSHOT.jar:?]
	at org.apache.hadoop.hdds.server.OzoneProtocolMessageDispatcher.processRequest(OzoneProtocolMessageDispatcher.java:87) [hdds-server-framework-1.3.0-SNAPSHOT.jar:?]
	at org.apache.hadoop.ozone.protocolPB.OzoneManagerProtocolServerSideTranslatorPB.submitRequest(OzoneManagerProtocolServerSideTranslatorPB.java:147) [ozone-manager-1.3.0-SNAPSHOT.jar:?]
	at org.apache.hadoop.ozone.protocol.proto.OzoneManagerProtocolProtos$OzoneManagerService$2.callBlockingMethod(OzoneManagerProtocolProtos.java) [ozone-interface-client-1.3.0-SNAPSHOT.jar:?]
	at org.apache.hadoop.ipc.ProtobufRpcEngine$Server.processCall(ProtobufRpcEngine.java:466) [hadoop-common-3.3.1.jar:?]
	at org.apache.hadoop.ipc.ProtobufRpcEngine2$Server$ProtoBufRpcInvoker.call(ProtobufRpcEngine2.java:574) [hadoop-common-3.3.1.jar:?]
	at org.apache.hadoop.ipc.ProtobufRpcEngine2$Server$ProtoBufRpcInvoker.call(ProtobufRpcEngine2.java:552) [hadoop-common-3.3.1.jar:?]
	at org.apache.hadoop.ipc.RPC$Server.call(RPC.java:1093) [hadoop-common-3.3.1.jar:?]
	at org.apache.hadoop.ipc.Server$RpcCall.run(Server.java:1035) [hadoop-common-3.3.1.jar:?]
	at org.apache.hadoop.ipc.Server$RpcCall.run(Server.java:963) [hadoop-common-3.3.1.jar:?]
	at java.security.AccessController.doPrivileged(Native Method) ~[?:1.8.0_332]
	at javax.security.auth.Subject.doAs(Subject.java:422) [?:1.8.0_332]
	at org.apache.hadoop.security.UserGroupInformation.doAs(UserGroupInformation.java:1878) [hadoop-common-3.3.1.jar:?]
	at org.apache.hadoop.ipc.Server$Handler.run(Server.java:2966) [hadoop-common-3.3.1.jar:?]
01:53:00.523 [IPC Server handler 11 on default port 40433] ERROR OMAudit - user=runner | ip=127.0.0.1 | op=GET_FILE_STATUS {volume=bdfe5554-3cd5-4055-99a0-8499557a6445, bucket=59d56606-7836-46b9-bcc4-920f55d4786a, key=.Trash, dataSize=0, replicationConfig=null} | ret=FAILURE
org.apache.hadoop.ozone.om.exceptions.OMException: Unable to get file status: volume: bdfe5554-3cd5-4055-99a0-8499557a6445 bucket: 59d56606-7836-46b9-bcc4-920f55d4786a key: .Trash
	at org.apache.hadoop.ozone.om.KeyManagerImpl.getOzoneFileStatus(KeyManagerImpl.java:1311) ~[ozone-manager-1.3.0-SNAPSHOT.jar:?]
	at org.apache.hadoop.ozone.om.KeyManagerImpl.getFileStatus(KeyManagerImpl.java:1241) ~[ozone-manager-1.3.0-SNAPSHOT.jar:?]
	at org.apache.hadoop.ozone.om.OzoneManager.getFileStatus(OzoneManager.java:3467) ~[ozone-manager-1.3.0-SNAPSHOT.jar:?]
	at org.apache.hadoop.ozone.protocolPB.OzoneManagerRequestHandler.getOzoneFileStatus(OzoneManagerRequestHandler.java:878) ~[ozone-manager-1.3.0-SNAPSHOT.jar:?]
	at org.apache.hadoop.ozone.protocolPB.OzoneManagerRequestHandler.handleReadRequest(OzoneManagerRequestHandler.java:224) ~[ozone-manager-1.3.0-SNAPSHOT.jar:?]
	at org.apache.hadoop.ozone.protocolPB.OzoneManagerProtocolServerSideTranslatorPB.submitRequestDirectlyToOM(OzoneManagerProtocolServerSideTranslatorPB.java:276) ~[ozone-manager-1.3.0-SNAPSHOT.jar:?]
	at org.apache.hadoop.ozone.protocolPB.OzoneManagerProtocolServerSideTranslatorPB.processRequest(OzoneManagerProtocolServerSideTranslatorPB.java:205) ~[ozone-manager-1.3.0-SNAPSHOT.jar:?]
	at org.apache.hadoop.hdds.server.OzoneProtocolMessageDispatcher.processRequest(OzoneProtocolMessageDispatcher.java:87) [hdds-server-framework-1.3.0-SNAPSHOT.jar:?]
	at org.apache.hadoop.ozone.protocolPB.OzoneManagerProtocolServerSideTranslatorPB.submitRequest(OzoneManagerProtocolServerSideTranslatorPB.java:147) [ozone-manager-1.3.0-SNAPSHOT.jar:?]
	at org.apache.hadoop.ozone.protocol.proto.OzoneManagerProtocolProtos$OzoneManagerService$2.callBlockingMethod(OzoneManagerProtocolProtos.java) [ozone-interface-client-1.3.0-SNAPSHOT.jar:?]
	at org.apache.hadoop.ipc.ProtobufRpcEngine$Server.processCall(ProtobufRpcEngine.java:466) [hadoop-common-3.3.1.jar:?]
	at org.apache.hadoop.ipc.ProtobufRpcEngine2$Server$ProtoBufRpcInvoker.call(ProtobufRpcEngine2.java:574) [hadoop-common-3.3.1.jar:?]
	at org.apache.hadoop.ipc.ProtobufRpcEngine2$Server$ProtoBufRpcInvoker.call(ProtobufRpcEngine2.java:552) [hadoop-common-3.3.1.jar:?]
	at org.apache.hadoop.ipc.RPC$Server.call(RPC.java:1093) [hadoop-common-3.3.1.jar:?]
	at org.apache.hadoop.ipc.Server$RpcCall.run(Server.java:1035) [hadoop-common-3.3.1.jar:?]
	at org.apache.hadoop.ipc.Server$RpcCall.run(Server.java:963) [hadoop-common-3.3.1.jar:?]
	at java.security.AccessController.doPrivileged(Native Method) ~[?:1.8.0_332]
	at javax.security.auth.Subject.doAs(Subject.java:422) [?:1.8.0_332]
	at org.apache.hadoop.security.UserGroupInformation.doAs(UserGroupInformation.java:1878) [hadoop-common-3.3.1.jar:?]
	at org.apache.hadoop.ipc.Server$Handler.run(Server.java:2966) [hadoop-common-3.3.1.jar:?]
]]></system-out>
  </testcase>
  <testcase name="testCreateDoesNotAddParentDirKeys" classname="TestRootedOzoneFileSystem" time="0.12">
    <system-out><![CDATA[2022-07-30 01:47:44,240 [Time-limited test] INFO  rpc.RpcClient (RpcClient.java:createVolume(468)) - Creating Volume: volume69631, with user42213 as owner and space quota set to -1 bytes, counts quota set to -1
2022-07-30 01:47:44,243 [OM StateMachine ApplyTransaction Thread - 0] INFO  volume.OMVolumeCreateRequest (OMVolumeCreateRequest.java:validateAndUpdateCache(195)) - created volume:volume69631 for user:user42213
2022-07-30 01:47:44,249 [Time-limited test] INFO  rpc.RpcClient (RpcClient.java:createBucket(671)) - Creating Bucket: volume69631/bucket33930, with bucket layout LEGACY, runner as owner, Versioning false, Storage Type set to DISK and Encryption set to false 
2022-07-30 01:47:44,253 [OM StateMachine ApplyTransaction Thread - 0] INFO  bucket.OMBucketCreateRequest (OMBucketCreateRequest.java:validateAndUpdateCache(260)) - created bucket: bucket33930 of layout LEGACY in volume: volume69631
01:47:44.289 [IPC Server handler 5 on default port 39159] ERROR OMAudit - user=runner | ip=127.0.0.1 | op=READ_KEY {volume=volume69631, bucket=bucket33930, key=testCreateDoesNotAddParentDirKeys/parent/, dataSize=0, replicationConfig=null} | ret=FAILURE
org.apache.hadoop.ozone.om.exceptions.OMException: Key:testCreateDoesNotAddParentDirKeys/parent not found
	at org.apache.hadoop.ozone.om.KeyManagerImpl.lookupKey(KeyManagerImpl.java:399) ~[ozone-manager-1.3.0-SNAPSHOT.jar:?]
	at org.apache.hadoop.ozone.om.OzoneManager.lookupKey(OzoneManager.java:2818) ~[ozone-manager-1.3.0-SNAPSHOT.jar:?]
	at org.apache.hadoop.ozone.protocolPB.OzoneManagerRequestHandler.lookupKey(OzoneManagerRequestHandler.java:491) ~[ozone-manager-1.3.0-SNAPSHOT.jar:?]
	at org.apache.hadoop.ozone.protocolPB.OzoneManagerRequestHandler.handleReadRequest(OzoneManagerRequestHandler.java:184) ~[ozone-manager-1.3.0-SNAPSHOT.jar:?]
	at org.apache.hadoop.ozone.protocolPB.OzoneManagerProtocolServerSideTranslatorPB.submitReadRequestToOM(OzoneManagerProtocolServerSideTranslatorPB.java:226) ~[ozone-manager-1.3.0-SNAPSHOT.jar:?]
	at org.apache.hadoop.ozone.protocolPB.OzoneManagerProtocolServerSideTranslatorPB.processRequest(OzoneManagerProtocolServerSideTranslatorPB.java:175) ~[ozone-manager-1.3.0-SNAPSHOT.jar:?]
	at org.apache.hadoop.hdds.server.OzoneProtocolMessageDispatcher.processRequest(OzoneProtocolMessageDispatcher.java:87) [hdds-server-framework-1.3.0-SNAPSHOT.jar:?]
	at org.apache.hadoop.ozone.protocolPB.OzoneManagerProtocolServerSideTranslatorPB.submitRequest(OzoneManagerProtocolServerSideTranslatorPB.java:147) [ozone-manager-1.3.0-SNAPSHOT.jar:?]
	at org.apache.hadoop.ozone.protocol.proto.OzoneManagerProtocolProtos$OzoneManagerService$2.callBlockingMethod(OzoneManagerProtocolProtos.java) [ozone-interface-client-1.3.0-SNAPSHOT.jar:?]
	at org.apache.hadoop.ipc.ProtobufRpcEngine$Server.processCall(ProtobufRpcEngine.java:466) [hadoop-common-3.3.1.jar:?]
	at org.apache.hadoop.ipc.ProtobufRpcEngine2$Server$ProtoBufRpcInvoker.call(ProtobufRpcEngine2.java:574) [hadoop-common-3.3.1.jar:?]
	at org.apache.hadoop.ipc.ProtobufRpcEngine2$Server$ProtoBufRpcInvoker.call(ProtobufRpcEngine2.java:552) [hadoop-common-3.3.1.jar:?]
	at org.apache.hadoop.ipc.RPC$Server.call(RPC.java:1093) [hadoop-common-3.3.1.jar:?]
	at org.apache.hadoop.ipc.Server$RpcCall.run(Server.java:1035) [hadoop-common-3.3.1.jar:?]
	at org.apache.hadoop.ipc.Server$RpcCall.run(Server.java:963) [hadoop-common-3.3.1.jar:?]
	at java.security.AccessController.doPrivileged(Native Method) ~[?:1.8.0_332]
	at javax.security.auth.Subject.doAs(Subject.java:422) [?:1.8.0_332]
	at org.apache.hadoop.security.UserGroupInformation.doAs(UserGroupInformation.java:1878) [hadoop-common-3.3.1.jar:?]
	at org.apache.hadoop.ipc.Server$Handler.run(Server.java:2966) [hadoop-common-3.3.1.jar:?]
]]></system-out>
  </testcase>
  <testcase name="testCreateDoesNotAddParentDirKeys" classname="TestRootedOzoneFileSystem" time="0.171">
    <system-out><![CDATA[2022-07-30 01:49:00,915 [Time-limited test] INFO  rpc.RpcClient (RpcClient.java:createVolume(468)) - Creating Volume: volume94821, with user56733 as owner and space quota set to -1 bytes, counts quota set to -1
2022-07-30 01:49:00,917 [OM StateMachine ApplyTransaction Thread - 0] INFO  volume.OMVolumeCreateRequest (OMVolumeCreateRequest.java:validateAndUpdateCache(195)) - created volume:volume94821 for user:user56733
2022-07-30 01:49:00,919 [Time-limited test] INFO  rpc.RpcClient (RpcClient.java:createBucket(671)) - Creating Bucket: volume94821/bucket31951, with bucket layout LEGACY, runner as owner, Versioning false, Storage Type set to DISK and Encryption set to false 
2022-07-30 01:49:00,921 [OM StateMachine ApplyTransaction Thread - 0] INFO  bucket.OMBucketCreateRequest (OMBucketCreateRequest.java:validateAndUpdateCache(260)) - created bucket: bucket31951 of layout LEGACY in volume: volume94821
01:49:00.963 [IPC Server handler 13 on default port 43571] ERROR OMAudit - user=runner | ip=127.0.0.1 | op=READ_KEY {volume=volume94821, bucket=bucket31951, key=testCreateDoesNotAddParentDirKeys/parent/, dataSize=0, replicationConfig=null} | ret=FAILURE
org.apache.hadoop.ozone.om.exceptions.OMException: Key:testCreateDoesNotAddParentDirKeys/parent not found
	at org.apache.hadoop.ozone.om.KeyManagerImpl.lookupKey(KeyManagerImpl.java:399) ~[ozone-manager-1.3.0-SNAPSHOT.jar:?]
	at org.apache.hadoop.ozone.om.OzoneManager.lookupKey(OzoneManager.java:2818) ~[ozone-manager-1.3.0-SNAPSHOT.jar:?]
	at org.apache.hadoop.ozone.protocolPB.OzoneManagerRequestHandler.lookupKey(OzoneManagerRequestHandler.java:491) ~[ozone-manager-1.3.0-SNAPSHOT.jar:?]
	at org.apache.hadoop.ozone.protocolPB.OzoneManagerRequestHandler.handleReadRequest(OzoneManagerRequestHandler.java:184) ~[ozone-manager-1.3.0-SNAPSHOT.jar:?]
	at org.apache.hadoop.ozone.protocolPB.OzoneManagerProtocolServerSideTranslatorPB.submitReadRequestToOM(OzoneManagerProtocolServerSideTranslatorPB.java:226) ~[ozone-manager-1.3.0-SNAPSHOT.jar:?]
	at org.apache.hadoop.ozone.protocolPB.OzoneManagerProtocolServerSideTranslatorPB.processRequest(OzoneManagerProtocolServerSideTranslatorPB.java:175) ~[ozone-manager-1.3.0-SNAPSHOT.jar:?]
	at org.apache.hadoop.hdds.server.OzoneProtocolMessageDispatcher.processRequest(OzoneProtocolMessageDispatcher.java:87) [hdds-server-framework-1.3.0-SNAPSHOT.jar:?]
	at org.apache.hadoop.ozone.protocolPB.OzoneManagerProtocolServerSideTranslatorPB.submitRequest(OzoneManagerProtocolServerSideTranslatorPB.java:147) [ozone-manager-1.3.0-SNAPSHOT.jar:?]
	at org.apache.hadoop.ozone.protocol.proto.OzoneManagerProtocolProtos$OzoneManagerService$2.callBlockingMethod(OzoneManagerProtocolProtos.java) [ozone-interface-client-1.3.0-SNAPSHOT.jar:?]
	at org.apache.hadoop.ipc.ProtobufRpcEngine$Server.processCall(ProtobufRpcEngine.java:466) [hadoop-common-3.3.1.jar:?]
	at org.apache.hadoop.ipc.ProtobufRpcEngine2$Server$ProtoBufRpcInvoker.call(ProtobufRpcEngine2.java:574) [hadoop-common-3.3.1.jar:?]
	at org.apache.hadoop.ipc.ProtobufRpcEngine2$Server$ProtoBufRpcInvoker.call(ProtobufRpcEngine2.java:552) [hadoop-common-3.3.1.jar:?]
	at org.apache.hadoop.ipc.RPC$Server.call(RPC.java:1093) [hadoop-common-3.3.1.jar:?]
	at org.apache.hadoop.ipc.Server$RpcCall.run(Server.java:1035) [hadoop-common-3.3.1.jar:?]
	at org.apache.hadoop.ipc.Server$RpcCall.run(Server.java:963) [hadoop-common-3.3.1.jar:?]
	at java.security.AccessController.doPrivileged(Native Method) ~[?:1.8.0_332]
	at javax.security.auth.Subject.doAs(Subject.java:422) [?:1.8.0_332]
	at org.apache.hadoop.security.UserGroupInformation.doAs(UserGroupInformation.java:1878) [hadoop-common-3.3.1.jar:?]
	at org.apache.hadoop.ipc.Server$Handler.run(Server.java:2966) [hadoop-common-3.3.1.jar:?]
]]></system-out>
  </testcase>
  <testcase name="testCreateDoesNotAddParentDirKeys" classname="TestRootedOzoneFileSystem" time="0.191">
    <system-out><![CDATA[2022-07-30 01:50:13,334 [Time-limited test] INFO  rpc.RpcClient (RpcClient.java:createVolume(468)) - Creating Volume: volume11124, with user67627 as owner and space quota set to -1 bytes, counts quota set to -1
2022-07-30 01:50:13,335 [IPC Server handler 12 on default port 41659] INFO  volume.OMVolumeCreateRequest (OMVolumeCreateRequest.java:validateAndUpdateCache(195)) - created volume:volume11124 for user:user67627
2022-07-30 01:50:13,336 [Time-limited test] INFO  rpc.RpcClient (RpcClient.java:createBucket(671)) - Creating Bucket: volume11124/bucket79530, with bucket layout LEGACY, runner as owner, Versioning false, Storage Type set to DISK and Encryption set to false 
2022-07-30 01:50:13,337 [IPC Server handler 0 on default port 41659] INFO  bucket.OMBucketCreateRequest (OMBucketCreateRequest.java:validateAndUpdateCache(260)) - created bucket: bucket79530 of layout LEGACY in volume: volume11124
01:50:13.393 [IPC Server handler 10 on default port 41659] ERROR OMAudit - user=runner | ip=127.0.0.1 | op=READ_KEY {volume=volume11124, bucket=bucket79530, key=testCreateDoesNotAddParentDirKeys/parent/, dataSize=0, replicationConfig=null} | ret=FAILURE
org.apache.hadoop.ozone.om.exceptions.OMException: Key:testCreateDoesNotAddParentDirKeys/parent not found
	at org.apache.hadoop.ozone.om.KeyManagerImpl.lookupKey(KeyManagerImpl.java:399) ~[ozone-manager-1.3.0-SNAPSHOT.jar:?]
	at org.apache.hadoop.ozone.om.OzoneManager.lookupKey(OzoneManager.java:2818) ~[ozone-manager-1.3.0-SNAPSHOT.jar:?]
	at org.apache.hadoop.ozone.protocolPB.OzoneManagerRequestHandler.lookupKey(OzoneManagerRequestHandler.java:491) ~[ozone-manager-1.3.0-SNAPSHOT.jar:?]
	at org.apache.hadoop.ozone.protocolPB.OzoneManagerRequestHandler.handleReadRequest(OzoneManagerRequestHandler.java:184) ~[ozone-manager-1.3.0-SNAPSHOT.jar:?]
	at org.apache.hadoop.ozone.protocolPB.OzoneManagerProtocolServerSideTranslatorPB.submitRequestDirectlyToOM(OzoneManagerProtocolServerSideTranslatorPB.java:276) ~[ozone-manager-1.3.0-SNAPSHOT.jar:?]
	at org.apache.hadoop.ozone.protocolPB.OzoneManagerProtocolServerSideTranslatorPB.processRequest(OzoneManagerProtocolServerSideTranslatorPB.java:205) ~[ozone-manager-1.3.0-SNAPSHOT.jar:?]
	at org.apache.hadoop.hdds.server.OzoneProtocolMessageDispatcher.processRequest(OzoneProtocolMessageDispatcher.java:87) [hdds-server-framework-1.3.0-SNAPSHOT.jar:?]
	at org.apache.hadoop.ozone.protocolPB.OzoneManagerProtocolServerSideTranslatorPB.submitRequest(OzoneManagerProtocolServerSideTranslatorPB.java:147) [ozone-manager-1.3.0-SNAPSHOT.jar:?]
	at org.apache.hadoop.ozone.protocol.proto.OzoneManagerProtocolProtos$OzoneManagerService$2.callBlockingMethod(OzoneManagerProtocolProtos.java) [ozone-interface-client-1.3.0-SNAPSHOT.jar:?]
	at org.apache.hadoop.ipc.ProtobufRpcEngine$Server.processCall(ProtobufRpcEngine.java:466) [hadoop-common-3.3.1.jar:?]
	at org.apache.hadoop.ipc.ProtobufRpcEngine2$Server$ProtoBufRpcInvoker.call(ProtobufRpcEngine2.java:574) [hadoop-common-3.3.1.jar:?]
	at org.apache.hadoop.ipc.ProtobufRpcEngine2$Server$ProtoBufRpcInvoker.call(ProtobufRpcEngine2.java:552) [hadoop-common-3.3.1.jar:?]
	at org.apache.hadoop.ipc.RPC$Server.call(RPC.java:1093) [hadoop-common-3.3.1.jar:?]
	at org.apache.hadoop.ipc.Server$RpcCall.run(Server.java:1035) [hadoop-common-3.3.1.jar:?]
	at org.apache.hadoop.ipc.Server$RpcCall.run(Server.java:963) [hadoop-common-3.3.1.jar:?]
	at java.security.AccessController.doPrivileged(Native Method) ~[?:1.8.0_332]
	at javax.security.auth.Subject.doAs(Subject.java:422) [?:1.8.0_332]
	at org.apache.hadoop.security.UserGroupInformation.doAs(UserGroupInformation.java:1878) [hadoop-common-3.3.1.jar:?]
	at org.apache.hadoop.ipc.Server$Handler.run(Server.java:2966) [hadoop-common-3.3.1.jar:?]
]]></system-out>
  </testcase>
  <testcase name="testCreateDoesNotAddParentDirKeys" classname="TestRootedOzoneFileSystem" time="0.181">
    <system-out><![CDATA[2022-07-30 01:51:35,095 [Time-limited test] INFO  rpc.RpcClient (RpcClient.java:createVolume(468)) - Creating Volume: volume77292, with user75371 as owner and space quota set to -1 bytes, counts quota set to -1
2022-07-30 01:51:35,130 [OM StateMachine ApplyTransaction Thread - 0] INFO  volume.OMVolumeCreateRequest (OMVolumeCreateRequest.java:validateAndUpdateCache(195)) - created volume:volume77292 for user:user75371
2022-07-30 01:51:35,131 [Time-limited test] INFO  rpc.RpcClient (RpcClient.java:createBucket(671)) - Creating Bucket: volume77292/bucket01926, with bucket layout LEGACY, runner as owner, Versioning false, Storage Type set to DISK and Encryption set to false 
2022-07-30 01:51:35,134 [OM StateMachine ApplyTransaction Thread - 0] INFO  bucket.OMBucketCreateRequest (OMBucketCreateRequest.java:validateAndUpdateCache(260)) - created bucket: bucket01926 of layout LEGACY in volume: volume77292
]]></system-out>
  </testcase>
  <testcase name="testCreateDoesNotAddParentDirKeys" classname="TestRootedOzoneFileSystem" time="0.164">
    <system-out><![CDATA[2022-07-30 01:53:00,626 [Time-limited test] INFO  rpc.RpcClient (RpcClient.java:createVolume(468)) - Creating Volume: volume36720, with user22294 as owner and space quota set to -1 bytes, counts quota set to -1
2022-07-30 01:53:00,627 [IPC Server handler 9 on default port 40433] INFO  volume.OMVolumeCreateRequest (OMVolumeCreateRequest.java:validateAndUpdateCache(195)) - created volume:volume36720 for user:user22294
2022-07-30 01:53:00,627 [Time-limited test] INFO  rpc.RpcClient (RpcClient.java:createBucket(671)) - Creating Bucket: volume36720/bucket05107, with bucket layout LEGACY, runner as owner, Versioning false, Storage Type set to DISK and Encryption set to false 
2022-07-30 01:53:00,628 [IPC Server handler 15 on default port 40433] INFO  bucket.OMBucketCreateRequest (OMBucketCreateRequest.java:validateAndUpdateCache(260)) - created bucket: bucket05107 of layout LEGACY in volume: volume36720
]]></system-out>
  </testcase>
  <testcase name="testMkdirNonExistentVolume" classname="TestRootedOzoneFileSystem" time="0.066">
    <system-out><![CDATA[2022-07-30 01:47:44,354 [Time-limited test] INFO  rpc.RpcClient (RpcClient.java:createVolume(468)) - Creating Volume: volume88986, with user39674 as owner and space quota set to -1 bytes, counts quota set to -1
2022-07-30 01:47:44,359 [OM StateMachine ApplyTransaction Thread - 0] INFO  volume.OMVolumeCreateRequest (OMVolumeCreateRequest.java:validateAndUpdateCache(195)) - created volume:volume88986 for user:user39674
2022-07-30 01:47:44,361 [Time-limited test] INFO  rpc.RpcClient (RpcClient.java:createBucket(671)) - Creating Bucket: volume88986/bucket27398, with bucket layout LEGACY, runner as owner, Versioning false, Storage Type set to DISK and Encryption set to false 
2022-07-30 01:47:44,363 [OM StateMachine ApplyTransaction Thread - 0] INFO  bucket.OMBucketCreateRequest (OMBucketCreateRequest.java:validateAndUpdateCache(260)) - created bucket: bucket27398 of layout LEGACY in volume: volume88986
2022-07-30 01:47:44,366 [Time-limited test] INFO  rpc.RpcClient (RpcClient.java:createVolume(468)) - Creating Volume: volume-84137, with runner as owner and space quota set to -1 bytes, counts quota set to -1
2022-07-30 01:47:44,369 [OM StateMachine ApplyTransaction Thread - 0] INFO  volume.OMVolumeCreateRequest (OMVolumeCreateRequest.java:validateAndUpdateCache(195)) - created volume:volume-84137 for user:runner
]]></system-out>
  </testcase>
  <testcase name="testMkdirNonExistentVolume" classname="TestRootedOzoneFileSystem" time="0.121">
    <system-out><![CDATA[2022-07-30 01:49:01,091 [Time-limited test] INFO  rpc.RpcClient (RpcClient.java:createVolume(468)) - Creating Volume: volume02878, with user60849 as owner and space quota set to -1 bytes, counts quota set to -1
2022-07-30 01:49:01,096 [OM StateMachine ApplyTransaction Thread - 0] INFO  volume.OMVolumeCreateRequest (OMVolumeCreateRequest.java:validateAndUpdateCache(195)) - created volume:volume02878 for user:user60849
2022-07-30 01:49:01,100 [Time-limited test] INFO  rpc.RpcClient (RpcClient.java:createBucket(671)) - Creating Bucket: volume02878/bucket81102, with bucket layout LEGACY, runner as owner, Versioning false, Storage Type set to DISK and Encryption set to false 
2022-07-30 01:49:01,101 [OM StateMachine ApplyTransaction Thread - 0] INFO  bucket.OMBucketCreateRequest (OMBucketCreateRequest.java:validateAndUpdateCache(260)) - created bucket: bucket81102 of layout LEGACY in volume: volume02878
2022-07-30 01:49:01,103 [Time-limited test] INFO  rpc.RpcClient (RpcClient.java:createVolume(468)) - Creating Volume: volume-64231, with runner as owner and space quota set to -1 bytes, counts quota set to -1
2022-07-30 01:49:01,104 [OM StateMachine ApplyTransaction Thread - 0] INFO  volume.OMVolumeCreateRequest (OMVolumeCreateRequest.java:validateAndUpdateCache(195)) - created volume:volume-64231 for user:runner
]]></system-out>
  </testcase>
  <testcase name="testMkdirNonExistentVolume" classname="TestRootedOzoneFileSystem" time="0.145">
    <system-out><![CDATA[2022-07-30 01:50:13,510 [Time-limited test] INFO  rpc.RpcClient (RpcClient.java:createVolume(468)) - Creating Volume: volume59228, with user01847 as owner and space quota set to -1 bytes, counts quota set to -1
2022-07-30 01:50:13,511 [IPC Server handler 6 on default port 41659] INFO  volume.OMVolumeCreateRequest (OMVolumeCreateRequest.java:validateAndUpdateCache(195)) - created volume:volume59228 for user:user01847
2022-07-30 01:50:13,514 [Time-limited test] INFO  rpc.RpcClient (RpcClient.java:createBucket(671)) - Creating Bucket: volume59228/bucket18397, with bucket layout LEGACY, runner as owner, Versioning false, Storage Type set to DISK and Encryption set to false 
2022-07-30 01:50:13,515 [IPC Server handler 17 on default port 41659] INFO  bucket.OMBucketCreateRequest (OMBucketCreateRequest.java:validateAndUpdateCache(260)) - created bucket: bucket18397 of layout LEGACY in volume: volume59228
2022-07-30 01:50:13,526 [Time-limited test] INFO  rpc.RpcClient (RpcClient.java:createVolume(468)) - Creating Volume: volume-47607, with runner as owner and space quota set to -1 bytes, counts quota set to -1
2022-07-30 01:50:13,527 [IPC Server handler 10 on default port 41659] INFO  volume.OMVolumeCreateRequest (OMVolumeCreateRequest.java:validateAndUpdateCache(195)) - created volume:volume-47607 for user:runner
]]></system-out>
  </testcase>
  <testcase name="testMkdirNonExistentVolume" classname="TestRootedOzoneFileSystem" time="0.085">
    <system-out><![CDATA[2022-07-30 01:51:35,296 [Time-limited test] INFO  rpc.RpcClient (RpcClient.java:createVolume(468)) - Creating Volume: volume77174, with user19643 as owner and space quota set to -1 bytes, counts quota set to -1
2022-07-30 01:51:35,299 [OM StateMachine ApplyTransaction Thread - 0] INFO  volume.OMVolumeCreateRequest (OMVolumeCreateRequest.java:validateAndUpdateCache(195)) - created volume:volume77174 for user:user19643
2022-07-30 01:51:35,300 [Time-limited test] INFO  rpc.RpcClient (RpcClient.java:createBucket(671)) - Creating Bucket: volume77174/bucket49351, with bucket layout LEGACY, runner as owner, Versioning false, Storage Type set to DISK and Encryption set to false 
2022-07-30 01:51:35,302 [OM StateMachine ApplyTransaction Thread - 0] INFO  bucket.OMBucketCreateRequest (OMBucketCreateRequest.java:validateAndUpdateCache(260)) - created bucket: bucket49351 of layout LEGACY in volume: volume77174
2022-07-30 01:51:35,303 [Time-limited test] INFO  rpc.RpcClient (RpcClient.java:createVolume(468)) - Creating Volume: volume-48758, with runner as owner and space quota set to -1 bytes, counts quota set to -1
2022-07-30 01:51:35,306 [OM StateMachine ApplyTransaction Thread - 0] INFO  volume.OMVolumeCreateRequest (OMVolumeCreateRequest.java:validateAndUpdateCache(195)) - created volume:volume-48758 for user:runner
]]></system-out>
  </testcase>
  <testcase name="testMkdirNonExistentVolume" classname="TestRootedOzoneFileSystem" time="0.047">
    <system-out><![CDATA[2022-07-30 01:53:00,752 [Time-limited test] INFO  rpc.RpcClient (RpcClient.java:createVolume(468)) - Creating Volume: volume50177, with user10663 as owner and space quota set to -1 bytes, counts quota set to -1
2022-07-30 01:53:00,753 [IPC Server handler 6 on default port 40433] INFO  volume.OMVolumeCreateRequest (OMVolumeCreateRequest.java:validateAndUpdateCache(195)) - created volume:volume50177 for user:user10663
2022-07-30 01:53:00,753 [Time-limited test] INFO  rpc.RpcClient (RpcClient.java:createBucket(671)) - Creating Bucket: volume50177/bucket41049, with bucket layout LEGACY, runner as owner, Versioning false, Storage Type set to DISK and Encryption set to false 
2022-07-30 01:53:00,754 [IPC Server handler 3 on default port 40433] INFO  bucket.OMBucketCreateRequest (OMBucketCreateRequest.java:validateAndUpdateCache(260)) - created bucket: bucket41049 of layout LEGACY in volume: volume50177
2022-07-30 01:53:00,755 [Time-limited test] INFO  rpc.RpcClient (RpcClient.java:createVolume(468)) - Creating Volume: volume-64609, with runner as owner and space quota set to -1 bytes, counts quota set to -1
2022-07-30 01:53:00,755 [IPC Server handler 0 on default port 40433] INFO  volume.OMVolumeCreateRequest (OMVolumeCreateRequest.java:validateAndUpdateCache(195)) - created volume:volume-64609 for user:runner
]]></system-out>
  </testcase>
  <testcase name="testDeleteCreatesFakeParentDir" classname="TestRootedOzoneFileSystem" time="0">
    <skipped type="org.junit.AssumptionViolatedException"><![CDATA[org.junit.AssumptionViolatedException: FS Path is enabled. Skipping this test as it is not tuned for FS Path yet
	at org.junit.Assume.assumeTrue(Assume.java:68)
	at org.apache.hadoop.fs.ozone.TestRootedOzoneFileSystem.testDeleteCreatesFakeParentDir(TestRootedOzoneFileSystem.java:318)
	at sun.reflect.NativeMethodAccessorImpl.invoke0(Native Method)
	at sun.reflect.NativeMethodAccessorImpl.invoke(NativeMethodAccessorImpl.java:62)
	at sun.reflect.DelegatingMethodAccessorImpl.invoke(DelegatingMethodAccessorImpl.java:43)
	at java.lang.reflect.Method.invoke(Method.java:498)
	at org.junit.runners.model.FrameworkMethod$1.runReflectiveCall(FrameworkMethod.java:59)
	at org.junit.internal.runners.model.ReflectiveCallable.run(ReflectiveCallable.java:12)
	at org.junit.runners.model.FrameworkMethod.invokeExplosively(FrameworkMethod.java:56)
	at org.junit.internal.runners.statements.InvokeMethod.evaluate(InvokeMethod.java:17)
	at org.junit.internal.runners.statements.RunBefores.evaluate(RunBefores.java:26)
	at org.junit.internal.runners.statements.RunAfters.evaluate(RunAfters.java:27)
	at org.junit.internal.runners.statements.FailOnTimeout$CallableStatement.call(FailOnTimeout.java:288)
	at org.junit.internal.runners.statements.FailOnTimeout$CallableStatement.call(FailOnTimeout.java:282)
	at java.util.concurrent.FutureTask.run(FutureTask.java:266)
	at java.lang.Thread.run(Thread.java:750)
]]></skipped>
    <system-out><![CDATA[2022-07-30 01:47:44,414 [Time-limited test] INFO  rpc.RpcClient (RpcClient.java:createVolume(468)) - Creating Volume: volume42864, with user62181 as owner and space quota set to -1 bytes, counts quota set to -1
2022-07-30 01:47:44,417 [OM StateMachine ApplyTransaction Thread - 0] INFO  volume.OMVolumeCreateRequest (OMVolumeCreateRequest.java:validateAndUpdateCache(195)) - created volume:volume42864 for user:user62181
2022-07-30 01:47:44,419 [Time-limited test] INFO  rpc.RpcClient (RpcClient.java:createBucket(671)) - Creating Bucket: volume42864/bucket64512, with bucket layout LEGACY, runner as owner, Versioning false, Storage Type set to DISK and Encryption set to false 
2022-07-30 01:47:44,421 [OM StateMachine ApplyTransaction Thread - 0] INFO  bucket.OMBucketCreateRequest (OMBucketCreateRequest.java:validateAndUpdateCache(260)) - created bucket: bucket64512 of layout LEGACY in volume: volume42864
]]></system-out>
  </testcase>
  <testcase name="testDeleteCreatesFakeParentDir" classname="TestRootedOzoneFileSystem" time="0">
    <skipped type="org.junit.AssumptionViolatedException"><![CDATA[org.junit.AssumptionViolatedException: FS Path is enabled. Skipping this test as it is not tuned for FS Path yet
	at org.junit.Assume.assumeTrue(Assume.java:68)
	at org.apache.hadoop.fs.ozone.TestRootedOzoneFileSystem.testDeleteCreatesFakeParentDir(TestRootedOzoneFileSystem.java:318)
	at sun.reflect.NativeMethodAccessorImpl.invoke0(Native Method)
	at sun.reflect.NativeMethodAccessorImpl.invoke(NativeMethodAccessorImpl.java:62)
	at sun.reflect.DelegatingMethodAccessorImpl.invoke(DelegatingMethodAccessorImpl.java:43)
	at java.lang.reflect.Method.invoke(Method.java:498)
	at org.junit.runners.model.FrameworkMethod$1.runReflectiveCall(FrameworkMethod.java:59)
	at org.junit.internal.runners.model.ReflectiveCallable.run(ReflectiveCallable.java:12)
	at org.junit.runners.model.FrameworkMethod.invokeExplosively(FrameworkMethod.java:56)
	at org.junit.internal.runners.statements.InvokeMethod.evaluate(InvokeMethod.java:17)
	at org.junit.internal.runners.statements.RunBefores.evaluate(RunBefores.java:26)
	at org.junit.internal.runners.statements.RunAfters.evaluate(RunAfters.java:27)
	at org.junit.internal.runners.statements.FailOnTimeout$CallableStatement.call(FailOnTimeout.java:288)
	at org.junit.internal.runners.statements.FailOnTimeout$CallableStatement.call(FailOnTimeout.java:282)
	at java.util.concurrent.FutureTask.run(FutureTask.java:266)
	at java.lang.Thread.run(Thread.java:750)
]]></skipped>
    <system-out><![CDATA[2022-07-30 01:49:01,213 [Time-limited test] INFO  rpc.RpcClient (RpcClient.java:createVolume(468)) - Creating Volume: volume54726, with user02722 as owner and space quota set to -1 bytes, counts quota set to -1
2022-07-30 01:49:01,218 [OM StateMachine ApplyTransaction Thread - 0] INFO  volume.OMVolumeCreateRequest (OMVolumeCreateRequest.java:validateAndUpdateCache(195)) - created volume:volume54726 for user:user02722
2022-07-30 01:49:01,219 [Time-limited test] INFO  rpc.RpcClient (RpcClient.java:createBucket(671)) - Creating Bucket: volume54726/bucket67301, with bucket layout LEGACY, runner as owner, Versioning false, Storage Type set to DISK and Encryption set to false 
2022-07-30 01:49:01,220 [OM StateMachine ApplyTransaction Thread - 0] INFO  bucket.OMBucketCreateRequest (OMBucketCreateRequest.java:validateAndUpdateCache(260)) - created bucket: bucket67301 of layout LEGACY in volume: volume54726
]]></system-out>
  </testcase>
  <testcase name="testDeleteCreatesFakeParentDir" classname="TestRootedOzoneFileSystem" time="0">
    <skipped type="org.junit.AssumptionViolatedException"><![CDATA[org.junit.AssumptionViolatedException: FS Path is enabled. Skipping this test as it is not tuned for FS Path yet
	at org.junit.Assume.assumeTrue(Assume.java:68)
	at org.apache.hadoop.fs.ozone.TestRootedOzoneFileSystem.testDeleteCreatesFakeParentDir(TestRootedOzoneFileSystem.java:318)
	at sun.reflect.NativeMethodAccessorImpl.invoke0(Native Method)
	at sun.reflect.NativeMethodAccessorImpl.invoke(NativeMethodAccessorImpl.java:62)
	at sun.reflect.DelegatingMethodAccessorImpl.invoke(DelegatingMethodAccessorImpl.java:43)
	at java.lang.reflect.Method.invoke(Method.java:498)
	at org.junit.runners.model.FrameworkMethod$1.runReflectiveCall(FrameworkMethod.java:59)
	at org.junit.internal.runners.model.ReflectiveCallable.run(ReflectiveCallable.java:12)
	at org.junit.runners.model.FrameworkMethod.invokeExplosively(FrameworkMethod.java:56)
	at org.junit.internal.runners.statements.InvokeMethod.evaluate(InvokeMethod.java:17)
	at org.junit.internal.runners.statements.RunBefores.evaluate(RunBefores.java:26)
	at org.junit.internal.runners.statements.RunAfters.evaluate(RunAfters.java:27)
	at org.junit.internal.runners.statements.FailOnTimeout$CallableStatement.call(FailOnTimeout.java:288)
	at org.junit.internal.runners.statements.FailOnTimeout$CallableStatement.call(FailOnTimeout.java:282)
	at java.util.concurrent.FutureTask.run(FutureTask.java:266)
	at java.lang.Thread.run(Thread.java:750)
]]></skipped>
    <system-out><![CDATA[2022-07-30 01:50:13,648 [Time-limited test] INFO  rpc.RpcClient (RpcClient.java:createVolume(468)) - Creating Volume: volume35189, with user04669 as owner and space quota set to -1 bytes, counts quota set to -1
2022-07-30 01:50:13,650 [IPC Server handler 11 on default port 41659] INFO  volume.OMVolumeCreateRequest (OMVolumeCreateRequest.java:validateAndUpdateCache(195)) - created volume:volume35189 for user:user04669
2022-07-30 01:50:13,652 [Time-limited test] INFO  rpc.RpcClient (RpcClient.java:createBucket(671)) - Creating Bucket: volume35189/bucket50416, with bucket layout LEGACY, runner as owner, Versioning false, Storage Type set to DISK and Encryption set to false 
2022-07-30 01:50:13,653 [IPC Server handler 15 on default port 41659] INFO  bucket.OMBucketCreateRequest (OMBucketCreateRequest.java:validateAndUpdateCache(260)) - created bucket: bucket50416 of layout LEGACY in volume: volume35189
]]></system-out>
  </testcase>
  <testcase name="testDeleteCreatesFakeParentDir" classname="TestRootedOzoneFileSystem" time="0.257">
    <system-out><![CDATA[2022-07-30 01:51:35,393 [Time-limited test] INFO  rpc.RpcClient (RpcClient.java:createVolume(468)) - Creating Volume: volume30935, with user01427 as owner and space quota set to -1 bytes, counts quota set to -1
2022-07-30 01:51:35,433 [OM StateMachine ApplyTransaction Thread - 0] INFO  volume.OMVolumeCreateRequest (OMVolumeCreateRequest.java:validateAndUpdateCache(195)) - created volume:volume30935 for user:user01427
2022-07-30 01:51:35,435 [Time-limited test] INFO  rpc.RpcClient (RpcClient.java:createBucket(671)) - Creating Bucket: volume30935/bucket87757, with bucket layout LEGACY, runner as owner, Versioning false, Storage Type set to DISK and Encryption set to false 
2022-07-30 01:51:35,442 [OM StateMachine ApplyTransaction Thread - 0] INFO  bucket.OMBucketCreateRequest (OMBucketCreateRequest.java:validateAndUpdateCache(260)) - created bucket: bucket87757 of layout LEGACY in volume: volume30935
]]></system-out>
  </testcase>
  <testcase name="testDeleteCreatesFakeParentDir" classname="TestRootedOzoneFileSystem" time="0.132">
    <system-out><![CDATA[2022-07-30 01:53:00,841 [Time-limited test] INFO  rpc.RpcClient (RpcClient.java:createVolume(468)) - Creating Volume: volume68745, with user33104 as owner and space quota set to -1 bytes, counts quota set to -1
2022-07-30 01:53:00,842 [IPC Server handler 4 on default port 40433] INFO  volume.OMVolumeCreateRequest (OMVolumeCreateRequest.java:validateAndUpdateCache(195)) - created volume:volume68745 for user:user33104
2022-07-30 01:53:00,851 [Time-limited test] INFO  rpc.RpcClient (RpcClient.java:createBucket(671)) - Creating Bucket: volume68745/bucket26927, with bucket layout LEGACY, runner as owner, Versioning false, Storage Type set to DISK and Encryption set to false 
2022-07-30 01:53:00,852 [IPC Server handler 17 on default port 40433] INFO  bucket.OMBucketCreateRequest (OMBucketCreateRequest.java:validateAndUpdateCache(260)) - created bucket: bucket26927 of layout LEGACY in volume: volume68745
]]></system-out>
  </testcase>
  <testcase name="testNonExplicitlyCreatedPathExistsAfterItsLeafsWereRemoved" classname="TestRootedOzoneFileSystem" time="0.109">
    <system-out><![CDATA[2022-07-30 01:47:44,470 [Time-limited test] INFO  rpc.RpcClient (RpcClient.java:createVolume(468)) - Creating Volume: volume75789, with user71528 as owner and space quota set to -1 bytes, counts quota set to -1
2022-07-30 01:47:44,472 [OM StateMachine ApplyTransaction Thread - 0] INFO  volume.OMVolumeCreateRequest (OMVolumeCreateRequest.java:validateAndUpdateCache(195)) - created volume:volume75789 for user:user71528
2022-07-30 01:47:44,476 [Time-limited test] INFO  rpc.RpcClient (RpcClient.java:createBucket(671)) - Creating Bucket: volume75789/bucket76160, with bucket layout LEGACY, runner as owner, Versioning false, Storage Type set to DISK and Encryption set to false 
2022-07-30 01:47:44,480 [OM StateMachine ApplyTransaction Thread - 0] INFO  bucket.OMBucketCreateRequest (OMBucketCreateRequest.java:validateAndUpdateCache(260)) - created bucket: bucket76160 of layout LEGACY in volume: volume75789
01:47:44.496 [IPC Server handler 3 on default port 39159] ERROR OMAudit - user=runner | ip=127.0.0.1 | op=GET_FILE_STATUS {volume=volume75789, bucket=bucket76160, key=target/leaf, dataSize=0, replicationConfig=null} | ret=FAILURE
org.apache.hadoop.ozone.om.exceptions.OMException: Unable to get file status: volume: volume75789 bucket: bucket76160 key: target/leaf
	at org.apache.hadoop.ozone.om.KeyManagerImpl.getOzoneFileStatus(KeyManagerImpl.java:1311) ~[ozone-manager-1.3.0-SNAPSHOT.jar:?]
	at org.apache.hadoop.ozone.om.KeyManagerImpl.getFileStatus(KeyManagerImpl.java:1241) ~[ozone-manager-1.3.0-SNAPSHOT.jar:?]
	at org.apache.hadoop.ozone.om.OzoneManager.getFileStatus(OzoneManager.java:3467) ~[ozone-manager-1.3.0-SNAPSHOT.jar:?]
	at org.apache.hadoop.ozone.protocolPB.OzoneManagerRequestHandler.getOzoneFileStatus(OzoneManagerRequestHandler.java:878) ~[ozone-manager-1.3.0-SNAPSHOT.jar:?]
	at org.apache.hadoop.ozone.protocolPB.OzoneManagerRequestHandler.handleReadRequest(OzoneManagerRequestHandler.java:224) ~[ozone-manager-1.3.0-SNAPSHOT.jar:?]
	at org.apache.hadoop.ozone.protocolPB.OzoneManagerProtocolServerSideTranslatorPB.submitReadRequestToOM(OzoneManagerProtocolServerSideTranslatorPB.java:226) ~[ozone-manager-1.3.0-SNAPSHOT.jar:?]
	at org.apache.hadoop.ozone.protocolPB.OzoneManagerProtocolServerSideTranslatorPB.processRequest(OzoneManagerProtocolServerSideTranslatorPB.java:175) ~[ozone-manager-1.3.0-SNAPSHOT.jar:?]
	at org.apache.hadoop.hdds.server.OzoneProtocolMessageDispatcher.processRequest(OzoneProtocolMessageDispatcher.java:87) [hdds-server-framework-1.3.0-SNAPSHOT.jar:?]
	at org.apache.hadoop.ozone.protocolPB.OzoneManagerProtocolServerSideTranslatorPB.submitRequest(OzoneManagerProtocolServerSideTranslatorPB.java:147) [ozone-manager-1.3.0-SNAPSHOT.jar:?]
	at org.apache.hadoop.ozone.protocol.proto.OzoneManagerProtocolProtos$OzoneManagerService$2.callBlockingMethod(OzoneManagerProtocolProtos.java) [ozone-interface-client-1.3.0-SNAPSHOT.jar:?]
	at org.apache.hadoop.ipc.ProtobufRpcEngine$Server.processCall(ProtobufRpcEngine.java:466) [hadoop-common-3.3.1.jar:?]
	at org.apache.hadoop.ipc.ProtobufRpcEngine2$Server$ProtoBufRpcInvoker.call(ProtobufRpcEngine2.java:574) [hadoop-common-3.3.1.jar:?]
	at org.apache.hadoop.ipc.ProtobufRpcEngine2$Server$ProtoBufRpcInvoker.call(ProtobufRpcEngine2.java:552) [hadoop-common-3.3.1.jar:?]
	at org.apache.hadoop.ipc.RPC$Server.call(RPC.java:1093) [hadoop-common-3.3.1.jar:?]
	at org.apache.hadoop.ipc.Server$RpcCall.run(Server.java:1035) [hadoop-common-3.3.1.jar:?]
	at org.apache.hadoop.ipc.Server$RpcCall.run(Server.java:963) [hadoop-common-3.3.1.jar:?]
	at java.security.AccessController.doPrivileged(Native Method) ~[?:1.8.0_332]
	at javax.security.auth.Subject.doAs(Subject.java:422) [?:1.8.0_332]
	at org.apache.hadoop.security.UserGroupInformation.doAs(UserGroupInformation.java:1878) [hadoop-common-3.3.1.jar:?]
	at org.apache.hadoop.ipc.Server$Handler.run(Server.java:2966) [hadoop-common-3.3.1.jar:?]
]]></system-out>
  </testcase>
  <testcase name="testNonExplicitlyCreatedPathExistsAfterItsLeafsWereRemoved" classname="TestRootedOzoneFileSystem" time="0.156">
    <system-out><![CDATA[2022-07-30 01:49:01,340 [Time-limited test] INFO  rpc.RpcClient (RpcClient.java:createVolume(468)) - Creating Volume: volume06800, with user21555 as owner and space quota set to -1 bytes, counts quota set to -1
2022-07-30 01:49:01,342 [OM StateMachine ApplyTransaction Thread - 0] INFO  volume.OMVolumeCreateRequest (OMVolumeCreateRequest.java:validateAndUpdateCache(195)) - created volume:volume06800 for user:user21555
2022-07-30 01:49:01,343 [Time-limited test] INFO  rpc.RpcClient (RpcClient.java:createBucket(671)) - Creating Bucket: volume06800/bucket47304, with bucket layout LEGACY, runner as owner, Versioning false, Storage Type set to DISK and Encryption set to false 
2022-07-30 01:49:01,345 [OM StateMachine ApplyTransaction Thread - 0] INFO  bucket.OMBucketCreateRequest (OMBucketCreateRequest.java:validateAndUpdateCache(260)) - created bucket: bucket47304 of layout LEGACY in volume: volume06800
01:49:01.354 [IPC Server handler 4 on default port 43571] ERROR OMAudit - user=runner | ip=127.0.0.1 | op=GET_FILE_STATUS {volume=volume06800, bucket=bucket47304, key=target/leaf, dataSize=0, replicationConfig=null} | ret=FAILURE
org.apache.hadoop.ozone.om.exceptions.OMException: Unable to get file status: volume: volume06800 bucket: bucket47304 key: target/leaf
	at org.apache.hadoop.ozone.om.KeyManagerImpl.getOzoneFileStatus(KeyManagerImpl.java:1311) ~[ozone-manager-1.3.0-SNAPSHOT.jar:?]
	at org.apache.hadoop.ozone.om.KeyManagerImpl.getFileStatus(KeyManagerImpl.java:1241) ~[ozone-manager-1.3.0-SNAPSHOT.jar:?]
	at org.apache.hadoop.ozone.om.OzoneManager.getFileStatus(OzoneManager.java:3467) ~[ozone-manager-1.3.0-SNAPSHOT.jar:?]
	at org.apache.hadoop.ozone.protocolPB.OzoneManagerRequestHandler.getOzoneFileStatus(OzoneManagerRequestHandler.java:878) ~[ozone-manager-1.3.0-SNAPSHOT.jar:?]
	at org.apache.hadoop.ozone.protocolPB.OzoneManagerRequestHandler.handleReadRequest(OzoneManagerRequestHandler.java:224) ~[ozone-manager-1.3.0-SNAPSHOT.jar:?]
	at org.apache.hadoop.ozone.protocolPB.OzoneManagerProtocolServerSideTranslatorPB.submitReadRequestToOM(OzoneManagerProtocolServerSideTranslatorPB.java:226) ~[ozone-manager-1.3.0-SNAPSHOT.jar:?]
	at org.apache.hadoop.ozone.protocolPB.OzoneManagerProtocolServerSideTranslatorPB.processRequest(OzoneManagerProtocolServerSideTranslatorPB.java:175) ~[ozone-manager-1.3.0-SNAPSHOT.jar:?]
	at org.apache.hadoop.hdds.server.OzoneProtocolMessageDispatcher.processRequest(OzoneProtocolMessageDispatcher.java:87) [hdds-server-framework-1.3.0-SNAPSHOT.jar:?]
	at org.apache.hadoop.ozone.protocolPB.OzoneManagerProtocolServerSideTranslatorPB.submitRequest(OzoneManagerProtocolServerSideTranslatorPB.java:147) [ozone-manager-1.3.0-SNAPSHOT.jar:?]
	at org.apache.hadoop.ozone.protocol.proto.OzoneManagerProtocolProtos$OzoneManagerService$2.callBlockingMethod(OzoneManagerProtocolProtos.java) [ozone-interface-client-1.3.0-SNAPSHOT.jar:?]
	at org.apache.hadoop.ipc.ProtobufRpcEngine$Server.processCall(ProtobufRpcEngine.java:466) [hadoop-common-3.3.1.jar:?]
	at org.apache.hadoop.ipc.ProtobufRpcEngine2$Server$ProtoBufRpcInvoker.call(ProtobufRpcEngine2.java:574) [hadoop-common-3.3.1.jar:?]
	at org.apache.hadoop.ipc.ProtobufRpcEngine2$Server$ProtoBufRpcInvoker.call(ProtobufRpcEngine2.java:552) [hadoop-common-3.3.1.jar:?]
	at org.apache.hadoop.ipc.RPC$Server.call(RPC.java:1093) [hadoop-common-3.3.1.jar:?]
	at org.apache.hadoop.ipc.Server$RpcCall.run(Server.java:1035) [hadoop-common-3.3.1.jar:?]
	at org.apache.hadoop.ipc.Server$RpcCall.run(Server.java:963) [hadoop-common-3.3.1.jar:?]
	at java.security.AccessController.doPrivileged(Native Method) ~[?:1.8.0_332]
	at javax.security.auth.Subject.doAs(Subject.java:422) [?:1.8.0_332]
	at org.apache.hadoop.security.UserGroupInformation.doAs(UserGroupInformation.java:1878) [hadoop-common-3.3.1.jar:?]
	at org.apache.hadoop.ipc.Server$Handler.run(Server.java:2966) [hadoop-common-3.3.1.jar:?]
]]></system-out>
  </testcase>
  <testcase name="testNonExplicitlyCreatedPathExistsAfterItsLeafsWereRemoved" classname="TestRootedOzoneFileSystem" time="0.105">
    <system-out><![CDATA[2022-07-30 01:50:13,721 [Time-limited test] INFO  rpc.RpcClient (RpcClient.java:createVolume(468)) - Creating Volume: volume34831, with user14281 as owner and space quota set to -1 bytes, counts quota set to -1
2022-07-30 01:50:13,725 [IPC Server handler 15 on default port 41659] INFO  volume.OMVolumeCreateRequest (OMVolumeCreateRequest.java:validateAndUpdateCache(195)) - created volume:volume34831 for user:user14281
2022-07-30 01:50:13,731 [Time-limited test] INFO  rpc.RpcClient (RpcClient.java:createBucket(671)) - Creating Bucket: volume34831/bucket83136, with bucket layout LEGACY, runner as owner, Versioning false, Storage Type set to DISK and Encryption set to false 
2022-07-30 01:50:13,732 [IPC Server handler 13 on default port 41659] INFO  bucket.OMBucketCreateRequest (OMBucketCreateRequest.java:validateAndUpdateCache(260)) - created bucket: bucket83136 of layout LEGACY in volume: volume34831
01:50:13.754 [IPC Server handler 17 on default port 41659] ERROR OMAudit - user=runner | ip=127.0.0.1 | op=GET_FILE_STATUS {volume=volume34831, bucket=bucket83136, key=target/leaf, dataSize=0, replicationConfig=null} | ret=FAILURE
org.apache.hadoop.ozone.om.exceptions.OMException: Unable to get file status: volume: volume34831 bucket: bucket83136 key: target/leaf
	at org.apache.hadoop.ozone.om.KeyManagerImpl.getOzoneFileStatus(KeyManagerImpl.java:1311) ~[ozone-manager-1.3.0-SNAPSHOT.jar:?]
	at org.apache.hadoop.ozone.om.KeyManagerImpl.getFileStatus(KeyManagerImpl.java:1241) ~[ozone-manager-1.3.0-SNAPSHOT.jar:?]
	at org.apache.hadoop.ozone.om.OzoneManager.getFileStatus(OzoneManager.java:3467) ~[ozone-manager-1.3.0-SNAPSHOT.jar:?]
	at org.apache.hadoop.ozone.protocolPB.OzoneManagerRequestHandler.getOzoneFileStatus(OzoneManagerRequestHandler.java:878) ~[ozone-manager-1.3.0-SNAPSHOT.jar:?]
	at org.apache.hadoop.ozone.protocolPB.OzoneManagerRequestHandler.handleReadRequest(OzoneManagerRequestHandler.java:224) ~[ozone-manager-1.3.0-SNAPSHOT.jar:?]
	at org.apache.hadoop.ozone.protocolPB.OzoneManagerProtocolServerSideTranslatorPB.submitRequestDirectlyToOM(OzoneManagerProtocolServerSideTranslatorPB.java:276) ~[ozone-manager-1.3.0-SNAPSHOT.jar:?]
	at org.apache.hadoop.ozone.protocolPB.OzoneManagerProtocolServerSideTranslatorPB.processRequest(OzoneManagerProtocolServerSideTranslatorPB.java:205) ~[ozone-manager-1.3.0-SNAPSHOT.jar:?]
	at org.apache.hadoop.hdds.server.OzoneProtocolMessageDispatcher.processRequest(OzoneProtocolMessageDispatcher.java:87) [hdds-server-framework-1.3.0-SNAPSHOT.jar:?]
	at org.apache.hadoop.ozone.protocolPB.OzoneManagerProtocolServerSideTranslatorPB.submitRequest(OzoneManagerProtocolServerSideTranslatorPB.java:147) [ozone-manager-1.3.0-SNAPSHOT.jar:?]
	at org.apache.hadoop.ozone.protocol.proto.OzoneManagerProtocolProtos$OzoneManagerService$2.callBlockingMethod(OzoneManagerProtocolProtos.java) [ozone-interface-client-1.3.0-SNAPSHOT.jar:?]
	at org.apache.hadoop.ipc.ProtobufRpcEngine$Server.processCall(ProtobufRpcEngine.java:466) [hadoop-common-3.3.1.jar:?]
	at org.apache.hadoop.ipc.ProtobufRpcEngine2$Server$ProtoBufRpcInvoker.call(ProtobufRpcEngine2.java:574) [hadoop-common-3.3.1.jar:?]
	at org.apache.hadoop.ipc.ProtobufRpcEngine2$Server$ProtoBufRpcInvoker.call(ProtobufRpcEngine2.java:552) [hadoop-common-3.3.1.jar:?]
	at org.apache.hadoop.ipc.RPC$Server.call(RPC.java:1093) [hadoop-common-3.3.1.jar:?]
	at org.apache.hadoop.ipc.Server$RpcCall.run(Server.java:1035) [hadoop-common-3.3.1.jar:?]
	at org.apache.hadoop.ipc.Server$RpcCall.run(Server.java:963) [hadoop-common-3.3.1.jar:?]
	at java.security.AccessController.doPrivileged(Native Method) ~[?:1.8.0_332]
	at javax.security.auth.Subject.doAs(Subject.java:422) [?:1.8.0_332]
	at org.apache.hadoop.security.UserGroupInformation.doAs(UserGroupInformation.java:1878) [hadoop-common-3.3.1.jar:?]
	at org.apache.hadoop.ipc.Server$Handler.run(Server.java:2966) [hadoop-common-3.3.1.jar:?]
]]></system-out>
  </testcase>
  <testcase name="testNonExplicitlyCreatedPathExistsAfterItsLeafsWereRemoved" classname="TestRootedOzoneFileSystem" time="0.123">
    <system-out><![CDATA[2022-07-30 01:51:35,624 [Time-limited test] INFO  rpc.RpcClient (RpcClient.java:createVolume(468)) - Creating Volume: volume44064, with user02349 as owner and space quota set to -1 bytes, counts quota set to -1
2022-07-30 01:51:35,636 [OM StateMachine ApplyTransaction Thread - 0] INFO  volume.OMVolumeCreateRequest (OMVolumeCreateRequest.java:validateAndUpdateCache(195)) - created volume:volume44064 for user:user02349
2022-07-30 01:51:35,637 [Time-limited test] INFO  rpc.RpcClient (RpcClient.java:createBucket(671)) - Creating Bucket: volume44064/bucket92412, with bucket layout LEGACY, runner as owner, Versioning false, Storage Type set to DISK and Encryption set to false 
2022-07-30 01:51:35,644 [OM StateMachine ApplyTransaction Thread - 0] INFO  bucket.OMBucketCreateRequest (OMBucketCreateRequest.java:validateAndUpdateCache(260)) - created bucket: bucket92412 of layout LEGACY in volume: volume44064
01:51:35.656 [IPC Server handler 5 on default port 42455] ERROR OMAudit - user=runner | ip=127.0.0.1 | op=GET_FILE_STATUS {volume=volume44064, bucket=bucket92412, key=target/leaf, dataSize=0, replicationConfig=null} | ret=FAILURE
org.apache.hadoop.ozone.om.exceptions.OMException: Unable to get file status: volume: volume44064 bucket: bucket92412 key: target/leaf
	at org.apache.hadoop.ozone.om.KeyManagerImpl.getOzoneFileStatus(KeyManagerImpl.java:1311) ~[ozone-manager-1.3.0-SNAPSHOT.jar:?]
	at org.apache.hadoop.ozone.om.KeyManagerImpl.getFileStatus(KeyManagerImpl.java:1241) ~[ozone-manager-1.3.0-SNAPSHOT.jar:?]
	at org.apache.hadoop.ozone.om.OzoneManager.getFileStatus(OzoneManager.java:3467) ~[ozone-manager-1.3.0-SNAPSHOT.jar:?]
	at org.apache.hadoop.ozone.protocolPB.OzoneManagerRequestHandler.getOzoneFileStatus(OzoneManagerRequestHandler.java:878) ~[ozone-manager-1.3.0-SNAPSHOT.jar:?]
	at org.apache.hadoop.ozone.protocolPB.OzoneManagerRequestHandler.handleReadRequest(OzoneManagerRequestHandler.java:224) ~[ozone-manager-1.3.0-SNAPSHOT.jar:?]
	at org.apache.hadoop.ozone.protocolPB.OzoneManagerProtocolServerSideTranslatorPB.submitReadRequestToOM(OzoneManagerProtocolServerSideTranslatorPB.java:226) ~[ozone-manager-1.3.0-SNAPSHOT.jar:?]
	at org.apache.hadoop.ozone.protocolPB.OzoneManagerProtocolServerSideTranslatorPB.processRequest(OzoneManagerProtocolServerSideTranslatorPB.java:175) ~[ozone-manager-1.3.0-SNAPSHOT.jar:?]
	at org.apache.hadoop.hdds.server.OzoneProtocolMessageDispatcher.processRequest(OzoneProtocolMessageDispatcher.java:87) [hdds-server-framework-1.3.0-SNAPSHOT.jar:?]
	at org.apache.hadoop.ozone.protocolPB.OzoneManagerProtocolServerSideTranslatorPB.submitRequest(OzoneManagerProtocolServerSideTranslatorPB.java:147) [ozone-manager-1.3.0-SNAPSHOT.jar:?]
	at org.apache.hadoop.ozone.protocol.proto.OzoneManagerProtocolProtos$OzoneManagerService$2.callBlockingMethod(OzoneManagerProtocolProtos.java) [ozone-interface-client-1.3.0-SNAPSHOT.jar:?]
	at org.apache.hadoop.ipc.ProtobufRpcEngine$Server.processCall(ProtobufRpcEngine.java:466) [hadoop-common-3.3.1.jar:?]
	at org.apache.hadoop.ipc.ProtobufRpcEngine2$Server$ProtoBufRpcInvoker.call(ProtobufRpcEngine2.java:574) [hadoop-common-3.3.1.jar:?]
	at org.apache.hadoop.ipc.ProtobufRpcEngine2$Server$ProtoBufRpcInvoker.call(ProtobufRpcEngine2.java:552) [hadoop-common-3.3.1.jar:?]
	at org.apache.hadoop.ipc.RPC$Server.call(RPC.java:1093) [hadoop-common-3.3.1.jar:?]
	at org.apache.hadoop.ipc.Server$RpcCall.run(Server.java:1035) [hadoop-common-3.3.1.jar:?]
	at org.apache.hadoop.ipc.Server$RpcCall.run(Server.java:963) [hadoop-common-3.3.1.jar:?]
	at java.security.AccessController.doPrivileged(Native Method) ~[?:1.8.0_332]
	at javax.security.auth.Subject.doAs(Subject.java:422) [?:1.8.0_332]
	at org.apache.hadoop.security.UserGroupInformation.doAs(UserGroupInformation.java:1878) [hadoop-common-3.3.1.jar:?]
	at org.apache.hadoop.ipc.Server$Handler.run(Server.java:2966) [hadoop-common-3.3.1.jar:?]
]]></system-out>
  </testcase>
  <testcase name="testNonExplicitlyCreatedPathExistsAfterItsLeafsWereRemoved" classname="TestRootedOzoneFileSystem" time="0.147">
    <system-out><![CDATA[2022-07-30 01:53:00,980 [Time-limited test] INFO  rpc.RpcClient (RpcClient.java:createVolume(468)) - Creating Volume: volume02812, with user55410 as owner and space quota set to -1 bytes, counts quota set to -1
2022-07-30 01:53:00,983 [IPC Server handler 10 on default port 40433] INFO  volume.OMVolumeCreateRequest (OMVolumeCreateRequest.java:validateAndUpdateCache(195)) - created volume:volume02812 for user:user55410
2022-07-30 01:53:00,993 [Time-limited test] INFO  rpc.RpcClient (RpcClient.java:createBucket(671)) - Creating Bucket: volume02812/bucket29398, with bucket layout LEGACY, runner as owner, Versioning false, Storage Type set to DISK and Encryption set to false 
2022-07-30 01:53:00,994 [IPC Server handler 7 on default port 40433] INFO  bucket.OMBucketCreateRequest (OMBucketCreateRequest.java:validateAndUpdateCache(260)) - created bucket: bucket29398 of layout LEGACY in volume: volume02812
01:53:01.003 [IPC Server handler 9 on default port 40433] ERROR OMAudit - user=runner | ip=127.0.0.1 | op=GET_FILE_STATUS {volume=volume02812, bucket=bucket29398, key=target/leaf, dataSize=0, replicationConfig=null} | ret=FAILURE
org.apache.hadoop.ozone.om.exceptions.OMException: Unable to get file status: volume: volume02812 bucket: bucket29398 key: target/leaf
	at org.apache.hadoop.ozone.om.KeyManagerImpl.getOzoneFileStatus(KeyManagerImpl.java:1311) ~[ozone-manager-1.3.0-SNAPSHOT.jar:?]
	at org.apache.hadoop.ozone.om.KeyManagerImpl.getFileStatus(KeyManagerImpl.java:1241) ~[ozone-manager-1.3.0-SNAPSHOT.jar:?]
	at org.apache.hadoop.ozone.om.OzoneManager.getFileStatus(OzoneManager.java:3467) ~[ozone-manager-1.3.0-SNAPSHOT.jar:?]
	at org.apache.hadoop.ozone.protocolPB.OzoneManagerRequestHandler.getOzoneFileStatus(OzoneManagerRequestHandler.java:878) ~[ozone-manager-1.3.0-SNAPSHOT.jar:?]
	at org.apache.hadoop.ozone.protocolPB.OzoneManagerRequestHandler.handleReadRequest(OzoneManagerRequestHandler.java:224) ~[ozone-manager-1.3.0-SNAPSHOT.jar:?]
	at org.apache.hadoop.ozone.protocolPB.OzoneManagerProtocolServerSideTranslatorPB.submitRequestDirectlyToOM(OzoneManagerProtocolServerSideTranslatorPB.java:276) ~[ozone-manager-1.3.0-SNAPSHOT.jar:?]
	at org.apache.hadoop.ozone.protocolPB.OzoneManagerProtocolServerSideTranslatorPB.processRequest(OzoneManagerProtocolServerSideTranslatorPB.java:205) ~[ozone-manager-1.3.0-SNAPSHOT.jar:?]
	at org.apache.hadoop.hdds.server.OzoneProtocolMessageDispatcher.processRequest(OzoneProtocolMessageDispatcher.java:87) [hdds-server-framework-1.3.0-SNAPSHOT.jar:?]
	at org.apache.hadoop.ozone.protocolPB.OzoneManagerProtocolServerSideTranslatorPB.submitRequest(OzoneManagerProtocolServerSideTranslatorPB.java:147) [ozone-manager-1.3.0-SNAPSHOT.jar:?]
	at org.apache.hadoop.ozone.protocol.proto.OzoneManagerProtocolProtos$OzoneManagerService$2.callBlockingMethod(OzoneManagerProtocolProtos.java) [ozone-interface-client-1.3.0-SNAPSHOT.jar:?]
	at org.apache.hadoop.ipc.ProtobufRpcEngine$Server.processCall(ProtobufRpcEngine.java:466) [hadoop-common-3.3.1.jar:?]
	at org.apache.hadoop.ipc.ProtobufRpcEngine2$Server$ProtoBufRpcInvoker.call(ProtobufRpcEngine2.java:574) [hadoop-common-3.3.1.jar:?]
	at org.apache.hadoop.ipc.ProtobufRpcEngine2$Server$ProtoBufRpcInvoker.call(ProtobufRpcEngine2.java:552) [hadoop-common-3.3.1.jar:?]
	at org.apache.hadoop.ipc.RPC$Server.call(RPC.java:1093) [hadoop-common-3.3.1.jar:?]
	at org.apache.hadoop.ipc.Server$RpcCall.run(Server.java:1035) [hadoop-common-3.3.1.jar:?]
	at org.apache.hadoop.ipc.Server$RpcCall.run(Server.java:963) [hadoop-common-3.3.1.jar:?]
	at java.security.AccessController.doPrivileged(Native Method) ~[?:1.8.0_332]
	at javax.security.auth.Subject.doAs(Subject.java:422) [?:1.8.0_332]
	at org.apache.hadoop.security.UserGroupInformation.doAs(UserGroupInformation.java:1878) [hadoop-common-3.3.1.jar:?]
	at org.apache.hadoop.ipc.Server$Handler.run(Server.java:2966) [hadoop-common-3.3.1.jar:?]
]]></system-out>
  </testcase>
  <testcase name="testFileDelete" classname="TestRootedOzoneFileSystem" time="0.309">
    <system-out><![CDATA[2022-07-30 01:47:44,584 [Time-limited test] INFO  rpc.RpcClient (RpcClient.java:createVolume(468)) - Creating Volume: volume19344, with user08281 as owner and space quota set to -1 bytes, counts quota set to -1
2022-07-30 01:47:44,587 [OM StateMachine ApplyTransaction Thread - 0] INFO  volume.OMVolumeCreateRequest (OMVolumeCreateRequest.java:validateAndUpdateCache(195)) - created volume:volume19344 for user:user08281
2022-07-30 01:47:44,589 [Time-limited test] INFO  rpc.RpcClient (RpcClient.java:createBucket(671)) - Creating Bucket: volume19344/bucket60375, with bucket layout LEGACY, runner as owner, Versioning false, Storage Type set to DISK and Encryption set to false 
2022-07-30 01:47:44,591 [OM StateMachine ApplyTransaction Thread - 0] INFO  bucket.OMBucketCreateRequest (OMBucketCreateRequest.java:validateAndUpdateCache(260)) - created bucket: bucket60375 of layout LEGACY in volume: volume19344
01:47:44.773 [IPC Server handler 13 on default port 39159] ERROR OMAudit - user=runner | ip=127.0.0.1 | op=GET_FILE_STATUS {volume=volume19344, bucket=bucket60375, key=testBatchDelete, dataSize=0, replicationConfig=null} | ret=FAILURE
org.apache.hadoop.ozone.om.exceptions.OMException: Unable to get file status: volume: volume19344 bucket: bucket60375 key: testBatchDelete
	at org.apache.hadoop.ozone.om.KeyManagerImpl.getOzoneFileStatus(KeyManagerImpl.java:1311) ~[ozone-manager-1.3.0-SNAPSHOT.jar:?]
	at org.apache.hadoop.ozone.om.KeyManagerImpl.getFileStatus(KeyManagerImpl.java:1241) ~[ozone-manager-1.3.0-SNAPSHOT.jar:?]
	at org.apache.hadoop.ozone.om.OzoneManager.getFileStatus(OzoneManager.java:3467) ~[ozone-manager-1.3.0-SNAPSHOT.jar:?]
	at org.apache.hadoop.ozone.protocolPB.OzoneManagerRequestHandler.getOzoneFileStatus(OzoneManagerRequestHandler.java:878) ~[ozone-manager-1.3.0-SNAPSHOT.jar:?]
	at org.apache.hadoop.ozone.protocolPB.OzoneManagerRequestHandler.handleReadRequest(OzoneManagerRequestHandler.java:224) ~[ozone-manager-1.3.0-SNAPSHOT.jar:?]
	at org.apache.hadoop.ozone.protocolPB.OzoneManagerProtocolServerSideTranslatorPB.submitReadRequestToOM(OzoneManagerProtocolServerSideTranslatorPB.java:226) ~[ozone-manager-1.3.0-SNAPSHOT.jar:?]
	at org.apache.hadoop.ozone.protocolPB.OzoneManagerProtocolServerSideTranslatorPB.processRequest(OzoneManagerProtocolServerSideTranslatorPB.java:175) ~[ozone-manager-1.3.0-SNAPSHOT.jar:?]
	at org.apache.hadoop.hdds.server.OzoneProtocolMessageDispatcher.processRequest(OzoneProtocolMessageDispatcher.java:87) [hdds-server-framework-1.3.0-SNAPSHOT.jar:?]
	at org.apache.hadoop.ozone.protocolPB.OzoneManagerProtocolServerSideTranslatorPB.submitRequest(OzoneManagerProtocolServerSideTranslatorPB.java:147) [ozone-manager-1.3.0-SNAPSHOT.jar:?]
	at org.apache.hadoop.ozone.protocol.proto.OzoneManagerProtocolProtos$OzoneManagerService$2.callBlockingMethod(OzoneManagerProtocolProtos.java) [ozone-interface-client-1.3.0-SNAPSHOT.jar:?]
	at org.apache.hadoop.ipc.ProtobufRpcEngine$Server.processCall(ProtobufRpcEngine.java:466) [hadoop-common-3.3.1.jar:?]
	at org.apache.hadoop.ipc.ProtobufRpcEngine2$Server$ProtoBufRpcInvoker.call(ProtobufRpcEngine2.java:574) [hadoop-common-3.3.1.jar:?]
	at org.apache.hadoop.ipc.ProtobufRpcEngine2$Server$ProtoBufRpcInvoker.call(ProtobufRpcEngine2.java:552) [hadoop-common-3.3.1.jar:?]
	at org.apache.hadoop.ipc.RPC$Server.call(RPC.java:1093) [hadoop-common-3.3.1.jar:?]
	at org.apache.hadoop.ipc.Server$RpcCall.run(Server.java:1035) [hadoop-common-3.3.1.jar:?]
	at org.apache.hadoop.ipc.Server$RpcCall.run(Server.java:963) [hadoop-common-3.3.1.jar:?]
	at java.security.AccessController.doPrivileged(Native Method) ~[?:1.8.0_332]
	at javax.security.auth.Subject.doAs(Subject.java:422) [?:1.8.0_332]
	at org.apache.hadoop.security.UserGroupInformation.doAs(UserGroupInformation.java:1878) [hadoop-common-3.3.1.jar:?]
	at org.apache.hadoop.ipc.Server$Handler.run(Server.java:2966) [hadoop-common-3.3.1.jar:?]
01:47:44.775 [IPC Server handler 16 on default port 39159] ERROR OMAudit - user=runner | ip=127.0.0.1 | op=GET_FILE_STATUS {volume=volume19344, bucket=bucket60375, key=testBatchDelete/parent/child0, dataSize=0, replicationConfig=null} | ret=FAILURE
org.apache.hadoop.ozone.om.exceptions.OMException: Unable to get file status: volume: volume19344 bucket: bucket60375 key: testBatchDelete/parent/child0
	at org.apache.hadoop.ozone.om.KeyManagerImpl.getOzoneFileStatus(KeyManagerImpl.java:1311) ~[ozone-manager-1.3.0-SNAPSHOT.jar:?]
	at org.apache.hadoop.ozone.om.KeyManagerImpl.getFileStatus(KeyManagerImpl.java:1241) ~[ozone-manager-1.3.0-SNAPSHOT.jar:?]
	at org.apache.hadoop.ozone.om.OzoneManager.getFileStatus(OzoneManager.java:3467) ~[ozone-manager-1.3.0-SNAPSHOT.jar:?]
	at org.apache.hadoop.ozone.protocolPB.OzoneManagerRequestHandler.getOzoneFileStatus(OzoneManagerRequestHandler.java:878) ~[ozone-manager-1.3.0-SNAPSHOT.jar:?]
	at org.apache.hadoop.ozone.protocolPB.OzoneManagerRequestHandler.handleReadRequest(OzoneManagerRequestHandler.java:224) ~[ozone-manager-1.3.0-SNAPSHOT.jar:?]
	at org.apache.hadoop.ozone.protocolPB.OzoneManagerProtocolServerSideTranslatorPB.submitReadRequestToOM(OzoneManagerProtocolServerSideTranslatorPB.java:226) ~[ozone-manager-1.3.0-SNAPSHOT.jar:?]
	at org.apache.hadoop.ozone.protocolPB.OzoneManagerProtocolServerSideTranslatorPB.processRequest(OzoneManagerProtocolServerSideTranslatorPB.java:175) ~[ozone-manager-1.3.0-SNAPSHOT.jar:?]
	at org.apache.hadoop.hdds.server.OzoneProtocolMessageDispatcher.processRequest(OzoneProtocolMessageDispatcher.java:87) [hdds-server-framework-1.3.0-SNAPSHOT.jar:?]
	at org.apache.hadoop.ozone.protocolPB.OzoneManagerProtocolServerSideTranslatorPB.submitRequest(OzoneManagerProtocolServerSideTranslatorPB.java:147) [ozone-manager-1.3.0-SNAPSHOT.jar:?]
	at org.apache.hadoop.ozone.protocol.proto.OzoneManagerProtocolProtos$OzoneManagerService$2.callBlockingMethod(OzoneManagerProtocolProtos.java) [ozone-interface-client-1.3.0-SNAPSHOT.jar:?]
	at org.apache.hadoop.ipc.ProtobufRpcEngine$Server.processCall(ProtobufRpcEngine.java:466) [hadoop-common-3.3.1.jar:?]
	at org.apache.hadoop.ipc.ProtobufRpcEngine2$Server$ProtoBufRpcInvoker.call(ProtobufRpcEngine2.java:574) [hadoop-common-3.3.1.jar:?]
	at org.apache.hadoop.ipc.ProtobufRpcEngine2$Server$ProtoBufRpcInvoker.call(ProtobufRpcEngine2.java:552) [hadoop-common-3.3.1.jar:?]
	at org.apache.hadoop.ipc.RPC$Server.call(RPC.java:1093) [hadoop-common-3.3.1.jar:?]
	at org.apache.hadoop.ipc.Server$RpcCall.run(Server.java:1035) [hadoop-common-3.3.1.jar:?]
	at org.apache.hadoop.ipc.Server$RpcCall.run(Server.java:963) [hadoop-common-3.3.1.jar:?]
	at java.security.AccessController.doPrivileged(Native Method) ~[?:1.8.0_332]
	at javax.security.auth.Subject.doAs(Subject.java:422) [?:1.8.0_332]
	at org.apache.hadoop.security.UserGroupInformation.doAs(UserGroupInformation.java:1878) [hadoop-common-3.3.1.jar:?]
	at org.apache.hadoop.ipc.Server$Handler.run(Server.java:2966) [hadoop-common-3.3.1.jar:?]
01:47:44.776 [IPC Server handler 19 on default port 39159] ERROR OMAudit - user=runner | ip=127.0.0.1 | op=GET_FILE_STATUS {volume=volume19344, bucket=bucket60375, key=testBatchDelete/parent/childFolder/child0, dataSize=0, replicationConfig=null} | ret=FAILURE
org.apache.hadoop.ozone.om.exceptions.OMException: Unable to get file status: volume: volume19344 bucket: bucket60375 key: testBatchDelete/parent/childFolder/child0
	at org.apache.hadoop.ozone.om.KeyManagerImpl.getOzoneFileStatus(KeyManagerImpl.java:1311) ~[ozone-manager-1.3.0-SNAPSHOT.jar:?]
	at org.apache.hadoop.ozone.om.KeyManagerImpl.getFileStatus(KeyManagerImpl.java:1241) ~[ozone-manager-1.3.0-SNAPSHOT.jar:?]
	at org.apache.hadoop.ozone.om.OzoneManager.getFileStatus(OzoneManager.java:3467) ~[ozone-manager-1.3.0-SNAPSHOT.jar:?]
	at org.apache.hadoop.ozone.protocolPB.OzoneManagerRequestHandler.getOzoneFileStatus(OzoneManagerRequestHandler.java:878) ~[ozone-manager-1.3.0-SNAPSHOT.jar:?]
	at org.apache.hadoop.ozone.protocolPB.OzoneManagerRequestHandler.handleReadRequest(OzoneManagerRequestHandler.java:224) ~[ozone-manager-1.3.0-SNAPSHOT.jar:?]
	at org.apache.hadoop.ozone.protocolPB.OzoneManagerProtocolServerSideTranslatorPB.submitReadRequestToOM(OzoneManagerProtocolServerSideTranslatorPB.java:226) ~[ozone-manager-1.3.0-SNAPSHOT.jar:?]
	at org.apache.hadoop.ozone.protocolPB.OzoneManagerProtocolServerSideTranslatorPB.processRequest(OzoneManagerProtocolServerSideTranslatorPB.java:175) ~[ozone-manager-1.3.0-SNAPSHOT.jar:?]
	at org.apache.hadoop.hdds.server.OzoneProtocolMessageDispatcher.processRequest(OzoneProtocolMessageDispatcher.java:87) [hdds-server-framework-1.3.0-SNAPSHOT.jar:?]
	at org.apache.hadoop.ozone.protocolPB.OzoneManagerProtocolServerSideTranslatorPB.submitRequest(OzoneManagerProtocolServerSideTranslatorPB.java:147) [ozone-manager-1.3.0-SNAPSHOT.jar:?]
	at org.apache.hadoop.ozone.protocol.proto.OzoneManagerProtocolProtos$OzoneManagerService$2.callBlockingMethod(OzoneManagerProtocolProtos.java) [ozone-interface-client-1.3.0-SNAPSHOT.jar:?]
	at org.apache.hadoop.ipc.ProtobufRpcEngine$Server.processCall(ProtobufRpcEngine.java:466) [hadoop-common-3.3.1.jar:?]
	at org.apache.hadoop.ipc.ProtobufRpcEngine2$Server$ProtoBufRpcInvoker.call(ProtobufRpcEngine2.java:574) [hadoop-common-3.3.1.jar:?]
	at org.apache.hadoop.ipc.ProtobufRpcEngine2$Server$ProtoBufRpcInvoker.call(ProtobufRpcEngine2.java:552) [hadoop-common-3.3.1.jar:?]
	at org.apache.hadoop.ipc.RPC$Server.call(RPC.java:1093) [hadoop-common-3.3.1.jar:?]
	at org.apache.hadoop.ipc.Server$RpcCall.run(Server.java:1035) [hadoop-common-3.3.1.jar:?]
	at org.apache.hadoop.ipc.Server$RpcCall.run(Server.java:963) [hadoop-common-3.3.1.jar:?]
	at java.security.AccessController.doPrivileged(Native Method) ~[?:1.8.0_332]
	at javax.security.auth.Subject.doAs(Subject.java:422) [?:1.8.0_332]
	at org.apache.hadoop.security.UserGroupInformation.doAs(UserGroupInformation.java:1878) [hadoop-common-3.3.1.jar:?]
	at org.apache.hadoop.ipc.Server$Handler.run(Server.java:2966) [hadoop-common-3.3.1.jar:?]
01:47:44.778 [IPC Server handler 2 on default port 39159] ERROR OMAudit - user=runner | ip=127.0.0.1 | op=GET_FILE_STATUS {volume=volume19344, bucket=bucket60375, key=testBatchDelete/parent/child1, dataSize=0, replicationConfig=null} | ret=FAILURE
org.apache.hadoop.ozone.om.exceptions.OMException: Unable to get file status: volume: volume19344 bucket: bucket60375 key: testBatchDelete/parent/child1
	at org.apache.hadoop.ozone.om.KeyManagerImpl.getOzoneFileStatus(KeyManagerImpl.java:1311) ~[ozone-manager-1.3.0-SNAPSHOT.jar:?]
	at org.apache.hadoop.ozone.om.KeyManagerImpl.getFileStatus(KeyManagerImpl.java:1241) ~[ozone-manager-1.3.0-SNAPSHOT.jar:?]
	at org.apache.hadoop.ozone.om.OzoneManager.getFileStatus(OzoneManager.java:3467) ~[ozone-manager-1.3.0-SNAPSHOT.jar:?]
	at org.apache.hadoop.ozone.protocolPB.OzoneManagerRequestHandler.getOzoneFileStatus(OzoneManagerRequestHandler.java:878) ~[ozone-manager-1.3.0-SNAPSHOT.jar:?]
	at org.apache.hadoop.ozone.protocolPB.OzoneManagerRequestHandler.handleReadRequest(OzoneManagerRequestHandler.java:224) ~[ozone-manager-1.3.0-SNAPSHOT.jar:?]
	at org.apache.hadoop.ozone.protocolPB.OzoneManagerProtocolServerSideTranslatorPB.submitReadRequestToOM(OzoneManagerProtocolServerSideTranslatorPB.java:226) ~[ozone-manager-1.3.0-SNAPSHOT.jar:?]
	at org.apache.hadoop.ozone.protocolPB.OzoneManagerProtocolServerSideTranslatorPB.processRequest(OzoneManagerProtocolServerSideTranslatorPB.java:175) ~[ozone-manager-1.3.0-SNAPSHOT.jar:?]
	at org.apache.hadoop.hdds.server.OzoneProtocolMessageDispatcher.processRequest(OzoneProtocolMessageDispatcher.java:87) [hdds-server-framework-1.3.0-SNAPSHOT.jar:?]
	at org.apache.hadoop.ozone.protocolPB.OzoneManagerProtocolServerSideTranslatorPB.submitRequest(OzoneManagerProtocolServerSideTranslatorPB.java:147) [ozone-manager-1.3.0-SNAPSHOT.jar:?]
	at org.apache.hadoop.ozone.protocol.proto.OzoneManagerProtocolProtos$OzoneManagerService$2.callBlockingMethod(OzoneManagerProtocolProtos.java) [ozone-interface-client-1.3.0-SNAPSHOT.jar:?]
	at org.apache.hadoop.ipc.ProtobufRpcEngine$Server.processCall(ProtobufRpcEngine.java:466) [hadoop-common-3.3.1.jar:?]
	at org.apache.hadoop.ipc.ProtobufRpcEngine2$Server$ProtoBufRpcInvoker.call(ProtobufRpcEngine2.java:574) [hadoop-common-3.3.1.jar:?]
	at org.apache.hadoop.ipc.ProtobufRpcEngine2$Server$ProtoBufRpcInvoker.call(ProtobufRpcEngine2.java:552) [hadoop-common-3.3.1.jar:?]
	at org.apache.hadoop.ipc.RPC$Server.call(RPC.java:1093) [hadoop-common-3.3.1.jar:?]
	at org.apache.hadoop.ipc.Server$RpcCall.run(Server.java:1035) [hadoop-common-3.3.1.jar:?]
	at org.apache.hadoop.ipc.Server$RpcCall.run(Server.java:963) [hadoop-common-3.3.1.jar:?]
	at java.security.AccessController.doPrivileged(Native Method) ~[?:1.8.0_332]
	at javax.security.auth.Subject.doAs(Subject.java:422) [?:1.8.0_332]
	at org.apache.hadoop.security.UserGroupInformation.doAs(UserGroupInformation.java:1878) [hadoop-common-3.3.1.jar:?]
	at org.apache.hadoop.ipc.Server$Handler.run(Server.java:2966) [hadoop-common-3.3.1.jar:?]
01:47:44.780 [IPC Server handler 3 on default port 39159] ERROR OMAudit - user=runner | ip=127.0.0.1 | op=GET_FILE_STATUS {volume=volume19344, bucket=bucket60375, key=testBatchDelete/parent/childFolder/child1, dataSize=0, replicationConfig=null} | ret=FAILURE
org.apache.hadoop.ozone.om.exceptions.OMException: Unable to get file status: volume: volume19344 bucket: bucket60375 key: testBatchDelete/parent/childFolder/child1
	at org.apache.hadoop.ozone.om.KeyManagerImpl.getOzoneFileStatus(KeyManagerImpl.java:1311) ~[ozone-manager-1.3.0-SNAPSHOT.jar:?]
	at org.apache.hadoop.ozone.om.KeyManagerImpl.getFileStatus(KeyManagerImpl.java:1241) ~[ozone-manager-1.3.0-SNAPSHOT.jar:?]
	at org.apache.hadoop.ozone.om.OzoneManager.getFileStatus(OzoneManager.java:3467) ~[ozone-manager-1.3.0-SNAPSHOT.jar:?]
	at org.apache.hadoop.ozone.protocolPB.OzoneManagerRequestHandler.getOzoneFileStatus(OzoneManagerRequestHandler.java:878) ~[ozone-manager-1.3.0-SNAPSHOT.jar:?]
	at org.apache.hadoop.ozone.protocolPB.OzoneManagerRequestHandler.handleReadRequest(OzoneManagerRequestHandler.java:224) ~[ozone-manager-1.3.0-SNAPSHOT.jar:?]
	at org.apache.hadoop.ozone.protocolPB.OzoneManagerProtocolServerSideTranslatorPB.submitReadRequestToOM(OzoneManagerProtocolServerSideTranslatorPB.java:226) ~[ozone-manager-1.3.0-SNAPSHOT.jar:?]
	at org.apache.hadoop.ozone.protocolPB.OzoneManagerProtocolServerSideTranslatorPB.processRequest(OzoneManagerProtocolServerSideTranslatorPB.java:175) ~[ozone-manager-1.3.0-SNAPSHOT.jar:?]
	at org.apache.hadoop.hdds.server.OzoneProtocolMessageDispatcher.processRequest(OzoneProtocolMessageDispatcher.java:87) [hdds-server-framework-1.3.0-SNAPSHOT.jar:?]
	at org.apache.hadoop.ozone.protocolPB.OzoneManagerProtocolServerSideTranslatorPB.submitRequest(OzoneManagerProtocolServerSideTranslatorPB.java:147) [ozone-manager-1.3.0-SNAPSHOT.jar:?]
	at org.apache.hadoop.ozone.protocol.proto.OzoneManagerProtocolProtos$OzoneManagerService$2.callBlockingMethod(OzoneManagerProtocolProtos.java) [ozone-interface-client-1.3.0-SNAPSHOT.jar:?]
	at org.apache.hadoop.ipc.ProtobufRpcEngine$Server.processCall(ProtobufRpcEngine.java:466) [hadoop-common-3.3.1.jar:?]
	at org.apache.hadoop.ipc.ProtobufRpcEngine2$Server$ProtoBufRpcInvoker.call(ProtobufRpcEngine2.java:574) [hadoop-common-3.3.1.jar:?]
	at org.apache.hadoop.ipc.ProtobufRpcEngine2$Server$ProtoBufRpcInvoker.call(ProtobufRpcEngine2.java:552) [hadoop-common-3.3.1.jar:?]
	at org.apache.hadoop.ipc.RPC$Server.call(RPC.java:1093) [hadoop-common-3.3.1.jar:?]
	at org.apache.hadoop.ipc.Server$RpcCall.run(Server.java:1035) [hadoop-common-3.3.1.jar:?]
	at org.apache.hadoop.ipc.Server$RpcCall.run(Server.java:963) [hadoop-common-3.3.1.jar:?]
	at java.security.AccessController.doPrivileged(Native Method) ~[?:1.8.0_332]
	at javax.security.auth.Subject.doAs(Subject.java:422) [?:1.8.0_332]
	at org.apache.hadoop.security.UserGroupInformation.doAs(UserGroupInformation.java:1878) [hadoop-common-3.3.1.jar:?]
	at org.apache.hadoop.ipc.Server$Handler.run(Server.java:2966) [hadoop-common-3.3.1.jar:?]
01:47:44.781 [IPC Server handler 1 on default port 39159] ERROR OMAudit - user=runner | ip=127.0.0.1 | op=GET_FILE_STATUS {volume=volume19344, bucket=bucket60375, key=testBatchDelete/parent/child2, dataSize=0, replicationConfig=null} | ret=FAILURE
org.apache.hadoop.ozone.om.exceptions.OMException: Unable to get file status: volume: volume19344 bucket: bucket60375 key: testBatchDelete/parent/child2
	at org.apache.hadoop.ozone.om.KeyManagerImpl.getOzoneFileStatus(KeyManagerImpl.java:1311) ~[ozone-manager-1.3.0-SNAPSHOT.jar:?]
	at org.apache.hadoop.ozone.om.KeyManagerImpl.getFileStatus(KeyManagerImpl.java:1241) ~[ozone-manager-1.3.0-SNAPSHOT.jar:?]
	at org.apache.hadoop.ozone.om.OzoneManager.getFileStatus(OzoneManager.java:3467) ~[ozone-manager-1.3.0-SNAPSHOT.jar:?]
	at org.apache.hadoop.ozone.protocolPB.OzoneManagerRequestHandler.getOzoneFileStatus(OzoneManagerRequestHandler.java:878) ~[ozone-manager-1.3.0-SNAPSHOT.jar:?]
	at org.apache.hadoop.ozone.protocolPB.OzoneManagerRequestHandler.handleReadRequest(OzoneManagerRequestHandler.java:224) ~[ozone-manager-1.3.0-SNAPSHOT.jar:?]
	at org.apache.hadoop.ozone.protocolPB.OzoneManagerProtocolServerSideTranslatorPB.submitReadRequestToOM(OzoneManagerProtocolServerSideTranslatorPB.java:226) ~[ozone-manager-1.3.0-SNAPSHOT.jar:?]
	at org.apache.hadoop.ozone.protocolPB.OzoneManagerProtocolServerSideTranslatorPB.processRequest(OzoneManagerProtocolServerSideTranslatorPB.java:175) ~[ozone-manager-1.3.0-SNAPSHOT.jar:?]
	at org.apache.hadoop.hdds.server.OzoneProtocolMessageDispatcher.processRequest(OzoneProtocolMessageDispatcher.java:87) [hdds-server-framework-1.3.0-SNAPSHOT.jar:?]
	at org.apache.hadoop.ozone.protocolPB.OzoneManagerProtocolServerSideTranslatorPB.submitRequest(OzoneManagerProtocolServerSideTranslatorPB.java:147) [ozone-manager-1.3.0-SNAPSHOT.jar:?]
	at org.apache.hadoop.ozone.protocol.proto.OzoneManagerProtocolProtos$OzoneManagerService$2.callBlockingMethod(OzoneManagerProtocolProtos.java) [ozone-interface-client-1.3.0-SNAPSHOT.jar:?]
	at org.apache.hadoop.ipc.ProtobufRpcEngine$Server.processCall(ProtobufRpcEngine.java:466) [hadoop-common-3.3.1.jar:?]
	at org.apache.hadoop.ipc.ProtobufRpcEngine2$Server$ProtoBufRpcInvoker.call(ProtobufRpcEngine2.java:574) [hadoop-common-3.3.1.jar:?]
	at org.apache.hadoop.ipc.ProtobufRpcEngine2$Server$ProtoBufRpcInvoker.call(ProtobufRpcEngine2.java:552) [hadoop-common-3.3.1.jar:?]
	at org.apache.hadoop.ipc.RPC$Server.call(RPC.java:1093) [hadoop-common-3.3.1.jar:?]
	at org.apache.hadoop.ipc.Server$RpcCall.run(Server.java:1035) [hadoop-common-3.3.1.jar:?]
	at org.apache.hadoop.ipc.Server$RpcCall.run(Server.java:963) [hadoop-common-3.3.1.jar:?]
	at java.security.AccessController.doPrivileged(Native Method) ~[?:1.8.0_332]
	at javax.security.auth.Subject.doAs(Subject.java:422) [?:1.8.0_332]
	at org.apache.hadoop.security.UserGroupInformation.doAs(UserGroupInformation.java:1878) [hadoop-common-3.3.1.jar:?]
	at org.apache.hadoop.ipc.Server$Handler.run(Server.java:2966) [hadoop-common-3.3.1.jar:?]
01:47:44.783 [IPC Server handler 7 on default port 39159] ERROR OMAudit - user=runner | ip=127.0.0.1 | op=GET_FILE_STATUS {volume=volume19344, bucket=bucket60375, key=testBatchDelete/parent/childFolder/child2, dataSize=0, replicationConfig=null} | ret=FAILURE
org.apache.hadoop.ozone.om.exceptions.OMException: Unable to get file status: volume: volume19344 bucket: bucket60375 key: testBatchDelete/parent/childFolder/child2
	at org.apache.hadoop.ozone.om.KeyManagerImpl.getOzoneFileStatus(KeyManagerImpl.java:1311) ~[ozone-manager-1.3.0-SNAPSHOT.jar:?]
	at org.apache.hadoop.ozone.om.KeyManagerImpl.getFileStatus(KeyManagerImpl.java:1241) ~[ozone-manager-1.3.0-SNAPSHOT.jar:?]
	at org.apache.hadoop.ozone.om.OzoneManager.getFileStatus(OzoneManager.java:3467) ~[ozone-manager-1.3.0-SNAPSHOT.jar:?]
	at org.apache.hadoop.ozone.protocolPB.OzoneManagerRequestHandler.getOzoneFileStatus(OzoneManagerRequestHandler.java:878) ~[ozone-manager-1.3.0-SNAPSHOT.jar:?]
	at org.apache.hadoop.ozone.protocolPB.OzoneManagerRequestHandler.handleReadRequest(OzoneManagerRequestHandler.java:224) ~[ozone-manager-1.3.0-SNAPSHOT.jar:?]
	at org.apache.hadoop.ozone.protocolPB.OzoneManagerProtocolServerSideTranslatorPB.submitReadRequestToOM(OzoneManagerProtocolServerSideTranslatorPB.java:226) ~[ozone-manager-1.3.0-SNAPSHOT.jar:?]
	at org.apache.hadoop.ozone.protocolPB.OzoneManagerProtocolServerSideTranslatorPB.processRequest(OzoneManagerProtocolServerSideTranslatorPB.java:175) ~[ozone-manager-1.3.0-SNAPSHOT.jar:?]
	at org.apache.hadoop.hdds.server.OzoneProtocolMessageDispatcher.processRequest(OzoneProtocolMessageDispatcher.java:87) [hdds-server-framework-1.3.0-SNAPSHOT.jar:?]
	at org.apache.hadoop.ozone.protocolPB.OzoneManagerProtocolServerSideTranslatorPB.submitRequest(OzoneManagerProtocolServerSideTranslatorPB.java:147) [ozone-manager-1.3.0-SNAPSHOT.jar:?]
	at org.apache.hadoop.ozone.protocol.proto.OzoneManagerProtocolProtos$OzoneManagerService$2.callBlockingMethod(OzoneManagerProtocolProtos.java) [ozone-interface-client-1.3.0-SNAPSHOT.jar:?]
	at org.apache.hadoop.ipc.ProtobufRpcEngine$Server.processCall(ProtobufRpcEngine.java:466) [hadoop-common-3.3.1.jar:?]
	at org.apache.hadoop.ipc.ProtobufRpcEngine2$Server$ProtoBufRpcInvoker.call(ProtobufRpcEngine2.java:574) [hadoop-common-3.3.1.jar:?]
	at org.apache.hadoop.ipc.ProtobufRpcEngine2$Server$ProtoBufRpcInvoker.call(ProtobufRpcEngine2.java:552) [hadoop-common-3.3.1.jar:?]
	at org.apache.hadoop.ipc.RPC$Server.call(RPC.java:1093) [hadoop-common-3.3.1.jar:?]
	at org.apache.hadoop.ipc.Server$RpcCall.run(Server.java:1035) [hadoop-common-3.3.1.jar:?]
	at org.apache.hadoop.ipc.Server$RpcCall.run(Server.java:963) [hadoop-common-3.3.1.jar:?]
	at java.security.AccessController.doPrivileged(Native Method) ~[?:1.8.0_332]
	at javax.security.auth.Subject.doAs(Subject.java:422) [?:1.8.0_332]
	at org.apache.hadoop.security.UserGroupInformation.doAs(UserGroupInformation.java:1878) [hadoop-common-3.3.1.jar:?]
	at org.apache.hadoop.ipc.Server$Handler.run(Server.java:2966) [hadoop-common-3.3.1.jar:?]
01:47:44.785 [IPC Server handler 9 on default port 39159] ERROR OMAudit - user=runner | ip=127.0.0.1 | op=GET_FILE_STATUS {volume=volume19344, bucket=bucket60375, key=testBatchDelete/parent/child3, dataSize=0, replicationConfig=null} | ret=FAILURE
org.apache.hadoop.ozone.om.exceptions.OMException: Unable to get file status: volume: volume19344 bucket: bucket60375 key: testBatchDelete/parent/child3
	at org.apache.hadoop.ozone.om.KeyManagerImpl.getOzoneFileStatus(KeyManagerImpl.java:1311) ~[ozone-manager-1.3.0-SNAPSHOT.jar:?]
	at org.apache.hadoop.ozone.om.KeyManagerImpl.getFileStatus(KeyManagerImpl.java:1241) ~[ozone-manager-1.3.0-SNAPSHOT.jar:?]
	at org.apache.hadoop.ozone.om.OzoneManager.getFileStatus(OzoneManager.java:3467) ~[ozone-manager-1.3.0-SNAPSHOT.jar:?]
	at org.apache.hadoop.ozone.protocolPB.OzoneManagerRequestHandler.getOzoneFileStatus(OzoneManagerRequestHandler.java:878) ~[ozone-manager-1.3.0-SNAPSHOT.jar:?]
	at org.apache.hadoop.ozone.protocolPB.OzoneManagerRequestHandler.handleReadRequest(OzoneManagerRequestHandler.java:224) ~[ozone-manager-1.3.0-SNAPSHOT.jar:?]
	at org.apache.hadoop.ozone.protocolPB.OzoneManagerProtocolServerSideTranslatorPB.submitReadRequestToOM(OzoneManagerProtocolServerSideTranslatorPB.java:226) ~[ozone-manager-1.3.0-SNAPSHOT.jar:?]
	at org.apache.hadoop.ozone.protocolPB.OzoneManagerProtocolServerSideTranslatorPB.processRequest(OzoneManagerProtocolServerSideTranslatorPB.java:175) ~[ozone-manager-1.3.0-SNAPSHOT.jar:?]
	at org.apache.hadoop.hdds.server.OzoneProtocolMessageDispatcher.processRequest(OzoneProtocolMessageDispatcher.java:87) [hdds-server-framework-1.3.0-SNAPSHOT.jar:?]
	at org.apache.hadoop.ozone.protocolPB.OzoneManagerProtocolServerSideTranslatorPB.submitRequest(OzoneManagerProtocolServerSideTranslatorPB.java:147) [ozone-manager-1.3.0-SNAPSHOT.jar:?]
	at org.apache.hadoop.ozone.protocol.proto.OzoneManagerProtocolProtos$OzoneManagerService$2.callBlockingMethod(OzoneManagerProtocolProtos.java) [ozone-interface-client-1.3.0-SNAPSHOT.jar:?]
	at org.apache.hadoop.ipc.ProtobufRpcEngine$Server.processCall(ProtobufRpcEngine.java:466) [hadoop-common-3.3.1.jar:?]
	at org.apache.hadoop.ipc.ProtobufRpcEngine2$Server$ProtoBufRpcInvoker.call(ProtobufRpcEngine2.java:574) [hadoop-common-3.3.1.jar:?]
	at org.apache.hadoop.ipc.ProtobufRpcEngine2$Server$ProtoBufRpcInvoker.call(ProtobufRpcEngine2.java:552) [hadoop-common-3.3.1.jar:?]
	at org.apache.hadoop.ipc.RPC$Server.call(RPC.java:1093) [hadoop-common-3.3.1.jar:?]
	at org.apache.hadoop.ipc.Server$RpcCall.run(Server.java:1035) [hadoop-common-3.3.1.jar:?]
	at org.apache.hadoop.ipc.Server$RpcCall.run(Server.java:963) [hadoop-common-3.3.1.jar:?]
	at java.security.AccessController.doPrivileged(Native Method) ~[?:1.8.0_332]
	at javax.security.auth.Subject.doAs(Subject.java:422) [?:1.8.0_332]
	at org.apache.hadoop.security.UserGroupInformation.doAs(UserGroupInformation.java:1878) [hadoop-common-3.3.1.jar:?]
	at org.apache.hadoop.ipc.Server$Handler.run(Server.java:2966) [hadoop-common-3.3.1.jar:?]
01:47:44.787 [IPC Server handler 10 on default port 39159] ERROR OMAudit - user=runner | ip=127.0.0.1 | op=GET_FILE_STATUS {volume=volume19344, bucket=bucket60375, key=testBatchDelete/parent/childFolder/child3, dataSize=0, replicationConfig=null} | ret=FAILURE
org.apache.hadoop.ozone.om.exceptions.OMException: Unable to get file status: volume: volume19344 bucket: bucket60375 key: testBatchDelete/parent/childFolder/child3
	at org.apache.hadoop.ozone.om.KeyManagerImpl.getOzoneFileStatus(KeyManagerImpl.java:1311) ~[ozone-manager-1.3.0-SNAPSHOT.jar:?]
	at org.apache.hadoop.ozone.om.KeyManagerImpl.getFileStatus(KeyManagerImpl.java:1241) ~[ozone-manager-1.3.0-SNAPSHOT.jar:?]
	at org.apache.hadoop.ozone.om.OzoneManager.getFileStatus(OzoneManager.java:3467) ~[ozone-manager-1.3.0-SNAPSHOT.jar:?]
	at org.apache.hadoop.ozone.protocolPB.OzoneManagerRequestHandler.getOzoneFileStatus(OzoneManagerRequestHandler.java:878) ~[ozone-manager-1.3.0-SNAPSHOT.jar:?]
	at org.apache.hadoop.ozone.protocolPB.OzoneManagerRequestHandler.handleReadRequest(OzoneManagerRequestHandler.java:224) ~[ozone-manager-1.3.0-SNAPSHOT.jar:?]
	at org.apache.hadoop.ozone.protocolPB.OzoneManagerProtocolServerSideTranslatorPB.submitReadRequestToOM(OzoneManagerProtocolServerSideTranslatorPB.java:226) ~[ozone-manager-1.3.0-SNAPSHOT.jar:?]
	at org.apache.hadoop.ozone.protocolPB.OzoneManagerProtocolServerSideTranslatorPB.processRequest(OzoneManagerProtocolServerSideTranslatorPB.java:175) ~[ozone-manager-1.3.0-SNAPSHOT.jar:?]
	at org.apache.hadoop.hdds.server.OzoneProtocolMessageDispatcher.processRequest(OzoneProtocolMessageDispatcher.java:87) [hdds-server-framework-1.3.0-SNAPSHOT.jar:?]
	at org.apache.hadoop.ozone.protocolPB.OzoneManagerProtocolServerSideTranslatorPB.submitRequest(OzoneManagerProtocolServerSideTranslatorPB.java:147) [ozone-manager-1.3.0-SNAPSHOT.jar:?]
	at org.apache.hadoop.ozone.protocol.proto.OzoneManagerProtocolProtos$OzoneManagerService$2.callBlockingMethod(OzoneManagerProtocolProtos.java) [ozone-interface-client-1.3.0-SNAPSHOT.jar:?]
	at org.apache.hadoop.ipc.ProtobufRpcEngine$Server.processCall(ProtobufRpcEngine.java:466) [hadoop-common-3.3.1.jar:?]
	at org.apache.hadoop.ipc.ProtobufRpcEngine2$Server$ProtoBufRpcInvoker.call(ProtobufRpcEngine2.java:574) [hadoop-common-3.3.1.jar:?]
	at org.apache.hadoop.ipc.ProtobufRpcEngine2$Server$ProtoBufRpcInvoker.call(ProtobufRpcEngine2.java:552) [hadoop-common-3.3.1.jar:?]
	at org.apache.hadoop.ipc.RPC$Server.call(RPC.java:1093) [hadoop-common-3.3.1.jar:?]
	at org.apache.hadoop.ipc.Server$RpcCall.run(Server.java:1035) [hadoop-common-3.3.1.jar:?]
	at org.apache.hadoop.ipc.Server$RpcCall.run(Server.java:963) [hadoop-common-3.3.1.jar:?]
	at java.security.AccessController.doPrivileged(Native Method) ~[?:1.8.0_332]
	at javax.security.auth.Subject.doAs(Subject.java:422) [?:1.8.0_332]
	at org.apache.hadoop.security.UserGroupInformation.doAs(UserGroupInformation.java:1878) [hadoop-common-3.3.1.jar:?]
	at org.apache.hadoop.ipc.Server$Handler.run(Server.java:2966) [hadoop-common-3.3.1.jar:?]
01:47:44.789 [IPC Server handler 12 on default port 39159] ERROR OMAudit - user=runner | ip=127.0.0.1 | op=GET_FILE_STATUS {volume=volume19344, bucket=bucket60375, key=testBatchDelete/parent/child4, dataSize=0, replicationConfig=null} | ret=FAILURE
org.apache.hadoop.ozone.om.exceptions.OMException: Unable to get file status: volume: volume19344 bucket: bucket60375 key: testBatchDelete/parent/child4
	at org.apache.hadoop.ozone.om.KeyManagerImpl.getOzoneFileStatus(KeyManagerImpl.java:1311) ~[ozone-manager-1.3.0-SNAPSHOT.jar:?]
	at org.apache.hadoop.ozone.om.KeyManagerImpl.getFileStatus(KeyManagerImpl.java:1241) ~[ozone-manager-1.3.0-SNAPSHOT.jar:?]
	at org.apache.hadoop.ozone.om.OzoneManager.getFileStatus(OzoneManager.java:3467) ~[ozone-manager-1.3.0-SNAPSHOT.jar:?]
	at org.apache.hadoop.ozone.protocolPB.OzoneManagerRequestHandler.getOzoneFileStatus(OzoneManagerRequestHandler.java:878) ~[ozone-manager-1.3.0-SNAPSHOT.jar:?]
	at org.apache.hadoop.ozone.protocolPB.OzoneManagerRequestHandler.handleReadRequest(OzoneManagerRequestHandler.java:224) ~[ozone-manager-1.3.0-SNAPSHOT.jar:?]
	at org.apache.hadoop.ozone.protocolPB.OzoneManagerProtocolServerSideTranslatorPB.submitReadRequestToOM(OzoneManagerProtocolServerSideTranslatorPB.java:226) ~[ozone-manager-1.3.0-SNAPSHOT.jar:?]
	at org.apache.hadoop.ozone.protocolPB.OzoneManagerProtocolServerSideTranslatorPB.processRequest(OzoneManagerProtocolServerSideTranslatorPB.java:175) ~[ozone-manager-1.3.0-SNAPSHOT.jar:?]
	at org.apache.hadoop.hdds.server.OzoneProtocolMessageDispatcher.processRequest(OzoneProtocolMessageDispatcher.java:87) [hdds-server-framework-1.3.0-SNAPSHOT.jar:?]
	at org.apache.hadoop.ozone.protocolPB.OzoneManagerProtocolServerSideTranslatorPB.submitRequest(OzoneManagerProtocolServerSideTranslatorPB.java:147) [ozone-manager-1.3.0-SNAPSHOT.jar:?]
	at org.apache.hadoop.ozone.protocol.proto.OzoneManagerProtocolProtos$OzoneManagerService$2.callBlockingMethod(OzoneManagerProtocolProtos.java) [ozone-interface-client-1.3.0-SNAPSHOT.jar:?]
	at org.apache.hadoop.ipc.ProtobufRpcEngine$Server.processCall(ProtobufRpcEngine.java:466) [hadoop-common-3.3.1.jar:?]
	at org.apache.hadoop.ipc.ProtobufRpcEngine2$Server$ProtoBufRpcInvoker.call(ProtobufRpcEngine2.java:574) [hadoop-common-3.3.1.jar:?]
	at org.apache.hadoop.ipc.ProtobufRpcEngine2$Server$ProtoBufRpcInvoker.call(ProtobufRpcEngine2.java:552) [hadoop-common-3.3.1.jar:?]
	at org.apache.hadoop.ipc.RPC$Server.call(RPC.java:1093) [hadoop-common-3.3.1.jar:?]
	at org.apache.hadoop.ipc.Server$RpcCall.run(Server.java:1035) [hadoop-common-3.3.1.jar:?]
	at org.apache.hadoop.ipc.Server$RpcCall.run(Server.java:963) [hadoop-common-3.3.1.jar:?]
	at java.security.AccessController.doPrivileged(Native Method) ~[?:1.8.0_332]
	at javax.security.auth.Subject.doAs(Subject.java:422) [?:1.8.0_332]
	at org.apache.hadoop.security.UserGroupInformation.doAs(UserGroupInformation.java:1878) [hadoop-common-3.3.1.jar:?]
	at org.apache.hadoop.ipc.Server$Handler.run(Server.java:2966) [hadoop-common-3.3.1.jar:?]
01:47:44.791 [IPC Server handler 13 on default port 39159] ERROR OMAudit - user=runner | ip=127.0.0.1 | op=GET_FILE_STATUS {volume=volume19344, bucket=bucket60375, key=testBatchDelete/parent/childFolder/child4, dataSize=0, replicationConfig=null} | ret=FAILURE
org.apache.hadoop.ozone.om.exceptions.OMException: Unable to get file status: volume: volume19344 bucket: bucket60375 key: testBatchDelete/parent/childFolder/child4
	at org.apache.hadoop.ozone.om.KeyManagerImpl.getOzoneFileStatus(KeyManagerImpl.java:1311) ~[ozone-manager-1.3.0-SNAPSHOT.jar:?]
	at org.apache.hadoop.ozone.om.KeyManagerImpl.getFileStatus(KeyManagerImpl.java:1241) ~[ozone-manager-1.3.0-SNAPSHOT.jar:?]
	at org.apache.hadoop.ozone.om.OzoneManager.getFileStatus(OzoneManager.java:3467) ~[ozone-manager-1.3.0-SNAPSHOT.jar:?]
	at org.apache.hadoop.ozone.protocolPB.OzoneManagerRequestHandler.getOzoneFileStatus(OzoneManagerRequestHandler.java:878) ~[ozone-manager-1.3.0-SNAPSHOT.jar:?]
	at org.apache.hadoop.ozone.protocolPB.OzoneManagerRequestHandler.handleReadRequest(OzoneManagerRequestHandler.java:224) ~[ozone-manager-1.3.0-SNAPSHOT.jar:?]
	at org.apache.hadoop.ozone.protocolPB.OzoneManagerProtocolServerSideTranslatorPB.submitReadRequestToOM(OzoneManagerProtocolServerSideTranslatorPB.java:226) ~[ozone-manager-1.3.0-SNAPSHOT.jar:?]
	at org.apache.hadoop.ozone.protocolPB.OzoneManagerProtocolServerSideTranslatorPB.processRequest(OzoneManagerProtocolServerSideTranslatorPB.java:175) ~[ozone-manager-1.3.0-SNAPSHOT.jar:?]
	at org.apache.hadoop.hdds.server.OzoneProtocolMessageDispatcher.processRequest(OzoneProtocolMessageDispatcher.java:87) [hdds-server-framework-1.3.0-SNAPSHOT.jar:?]
	at org.apache.hadoop.ozone.protocolPB.OzoneManagerProtocolServerSideTranslatorPB.submitRequest(OzoneManagerProtocolServerSideTranslatorPB.java:147) [ozone-manager-1.3.0-SNAPSHOT.jar:?]
	at org.apache.hadoop.ozone.protocol.proto.OzoneManagerProtocolProtos$OzoneManagerService$2.callBlockingMethod(OzoneManagerProtocolProtos.java) [ozone-interface-client-1.3.0-SNAPSHOT.jar:?]
	at org.apache.hadoop.ipc.ProtobufRpcEngine$Server.processCall(ProtobufRpcEngine.java:466) [hadoop-common-3.3.1.jar:?]
	at org.apache.hadoop.ipc.ProtobufRpcEngine2$Server$ProtoBufRpcInvoker.call(ProtobufRpcEngine2.java:574) [hadoop-common-3.3.1.jar:?]
	at org.apache.hadoop.ipc.ProtobufRpcEngine2$Server$ProtoBufRpcInvoker.call(ProtobufRpcEngine2.java:552) [hadoop-common-3.3.1.jar:?]
	at org.apache.hadoop.ipc.RPC$Server.call(RPC.java:1093) [hadoop-common-3.3.1.jar:?]
	at org.apache.hadoop.ipc.Server$RpcCall.run(Server.java:1035) [hadoop-common-3.3.1.jar:?]
	at org.apache.hadoop.ipc.Server$RpcCall.run(Server.java:963) [hadoop-common-3.3.1.jar:?]
	at java.security.AccessController.doPrivileged(Native Method) ~[?:1.8.0_332]
	at javax.security.auth.Subject.doAs(Subject.java:422) [?:1.8.0_332]
	at org.apache.hadoop.security.UserGroupInformation.doAs(UserGroupInformation.java:1878) [hadoop-common-3.3.1.jar:?]
	at org.apache.hadoop.ipc.Server$Handler.run(Server.java:2966) [hadoop-common-3.3.1.jar:?]
01:47:44.793 [IPC Server handler 16 on default port 39159] ERROR OMAudit - user=runner | ip=127.0.0.1 | op=GET_FILE_STATUS {volume=volume19344, bucket=bucket60375, key=testBatchDelete/parent/child5, dataSize=0, replicationConfig=null} | ret=FAILURE
org.apache.hadoop.ozone.om.exceptions.OMException: Unable to get file status: volume: volume19344 bucket: bucket60375 key: testBatchDelete/parent/child5
	at org.apache.hadoop.ozone.om.KeyManagerImpl.getOzoneFileStatus(KeyManagerImpl.java:1311) ~[ozone-manager-1.3.0-SNAPSHOT.jar:?]
	at org.apache.hadoop.ozone.om.KeyManagerImpl.getFileStatus(KeyManagerImpl.java:1241) ~[ozone-manager-1.3.0-SNAPSHOT.jar:?]
	at org.apache.hadoop.ozone.om.OzoneManager.getFileStatus(OzoneManager.java:3467) ~[ozone-manager-1.3.0-SNAPSHOT.jar:?]
	at org.apache.hadoop.ozone.protocolPB.OzoneManagerRequestHandler.getOzoneFileStatus(OzoneManagerRequestHandler.java:878) ~[ozone-manager-1.3.0-SNAPSHOT.jar:?]
	at org.apache.hadoop.ozone.protocolPB.OzoneManagerRequestHandler.handleReadRequest(OzoneManagerRequestHandler.java:224) ~[ozone-manager-1.3.0-SNAPSHOT.jar:?]
	at org.apache.hadoop.ozone.protocolPB.OzoneManagerProtocolServerSideTranslatorPB.submitReadRequestToOM(OzoneManagerProtocolServerSideTranslatorPB.java:226) ~[ozone-manager-1.3.0-SNAPSHOT.jar:?]
	at org.apache.hadoop.ozone.protocolPB.OzoneManagerProtocolServerSideTranslatorPB.processRequest(OzoneManagerProtocolServerSideTranslatorPB.java:175) ~[ozone-manager-1.3.0-SNAPSHOT.jar:?]
	at org.apache.hadoop.hdds.server.OzoneProtocolMessageDispatcher.processRequest(OzoneProtocolMessageDispatcher.java:87) [hdds-server-framework-1.3.0-SNAPSHOT.jar:?]
	at org.apache.hadoop.ozone.protocolPB.OzoneManagerProtocolServerSideTranslatorPB.submitRequest(OzoneManagerProtocolServerSideTranslatorPB.java:147) [ozone-manager-1.3.0-SNAPSHOT.jar:?]
	at org.apache.hadoop.ozone.protocol.proto.OzoneManagerProtocolProtos$OzoneManagerService$2.callBlockingMethod(OzoneManagerProtocolProtos.java) [ozone-interface-client-1.3.0-SNAPSHOT.jar:?]
	at org.apache.hadoop.ipc.ProtobufRpcEngine$Server.processCall(ProtobufRpcEngine.java:466) [hadoop-common-3.3.1.jar:?]
	at org.apache.hadoop.ipc.ProtobufRpcEngine2$Server$ProtoBufRpcInvoker.call(ProtobufRpcEngine2.java:574) [hadoop-common-3.3.1.jar:?]
	at org.apache.hadoop.ipc.ProtobufRpcEngine2$Server$ProtoBufRpcInvoker.call(ProtobufRpcEngine2.java:552) [hadoop-common-3.3.1.jar:?]
	at org.apache.hadoop.ipc.RPC$Server.call(RPC.java:1093) [hadoop-common-3.3.1.jar:?]
	at org.apache.hadoop.ipc.Server$RpcCall.run(Server.java:1035) [hadoop-common-3.3.1.jar:?]
	at org.apache.hadoop.ipc.Server$RpcCall.run(Server.java:963) [hadoop-common-3.3.1.jar:?]
	at java.security.AccessController.doPrivileged(Native Method) ~[?:1.8.0_332]
	at javax.security.auth.Subject.doAs(Subject.java:422) [?:1.8.0_332]
	at org.apache.hadoop.security.UserGroupInformation.doAs(UserGroupInformation.java:1878) [hadoop-common-3.3.1.jar:?]
	at org.apache.hadoop.ipc.Server$Handler.run(Server.java:2966) [hadoop-common-3.3.1.jar:?]
01:47:44.794 [IPC Server handler 19 on default port 39159] ERROR OMAudit - user=runner | ip=127.0.0.1 | op=GET_FILE_STATUS {volume=volume19344, bucket=bucket60375, key=testBatchDelete/parent/childFolder/child5, dataSize=0, replicationConfig=null} | ret=FAILURE
org.apache.hadoop.ozone.om.exceptions.OMException: Unable to get file status: volume: volume19344 bucket: bucket60375 key: testBatchDelete/parent/childFolder/child5
	at org.apache.hadoop.ozone.om.KeyManagerImpl.getOzoneFileStatus(KeyManagerImpl.java:1311) ~[ozone-manager-1.3.0-SNAPSHOT.jar:?]
	at org.apache.hadoop.ozone.om.KeyManagerImpl.getFileStatus(KeyManagerImpl.java:1241) ~[ozone-manager-1.3.0-SNAPSHOT.jar:?]
	at org.apache.hadoop.ozone.om.OzoneManager.getFileStatus(OzoneManager.java:3467) ~[ozone-manager-1.3.0-SNAPSHOT.jar:?]
	at org.apache.hadoop.ozone.protocolPB.OzoneManagerRequestHandler.getOzoneFileStatus(OzoneManagerRequestHandler.java:878) ~[ozone-manager-1.3.0-SNAPSHOT.jar:?]
	at org.apache.hadoop.ozone.protocolPB.OzoneManagerRequestHandler.handleReadRequest(OzoneManagerRequestHandler.java:224) ~[ozone-manager-1.3.0-SNAPSHOT.jar:?]
	at org.apache.hadoop.ozone.protocolPB.OzoneManagerProtocolServerSideTranslatorPB.submitReadRequestToOM(OzoneManagerProtocolServerSideTranslatorPB.java:226) ~[ozone-manager-1.3.0-SNAPSHOT.jar:?]
	at org.apache.hadoop.ozone.protocolPB.OzoneManagerProtocolServerSideTranslatorPB.processRequest(OzoneManagerProtocolServerSideTranslatorPB.java:175) ~[ozone-manager-1.3.0-SNAPSHOT.jar:?]
	at org.apache.hadoop.hdds.server.OzoneProtocolMessageDispatcher.processRequest(OzoneProtocolMessageDispatcher.java:87) [hdds-server-framework-1.3.0-SNAPSHOT.jar:?]
	at org.apache.hadoop.ozone.protocolPB.OzoneManagerProtocolServerSideTranslatorPB.submitRequest(OzoneManagerProtocolServerSideTranslatorPB.java:147) [ozone-manager-1.3.0-SNAPSHOT.jar:?]
	at org.apache.hadoop.ozone.protocol.proto.OzoneManagerProtocolProtos$OzoneManagerService$2.callBlockingMethod(OzoneManagerProtocolProtos.java) [ozone-interface-client-1.3.0-SNAPSHOT.jar:?]
	at org.apache.hadoop.ipc.ProtobufRpcEngine$Server.processCall(ProtobufRpcEngine.java:466) [hadoop-common-3.3.1.jar:?]
	at org.apache.hadoop.ipc.ProtobufRpcEngine2$Server$ProtoBufRpcInvoker.call(ProtobufRpcEngine2.java:574) [hadoop-common-3.3.1.jar:?]
	at org.apache.hadoop.ipc.ProtobufRpcEngine2$Server$ProtoBufRpcInvoker.call(ProtobufRpcEngine2.java:552) [hadoop-common-3.3.1.jar:?]
	at org.apache.hadoop.ipc.RPC$Server.call(RPC.java:1093) [hadoop-common-3.3.1.jar:?]
	at org.apache.hadoop.ipc.Server$RpcCall.run(Server.java:1035) [hadoop-common-3.3.1.jar:?]
	at org.apache.hadoop.ipc.Server$RpcCall.run(Server.java:963) [hadoop-common-3.3.1.jar:?]
	at java.security.AccessController.doPrivileged(Native Method) ~[?:1.8.0_332]
	at javax.security.auth.Subject.doAs(Subject.java:422) [?:1.8.0_332]
	at org.apache.hadoop.security.UserGroupInformation.doAs(UserGroupInformation.java:1878) [hadoop-common-3.3.1.jar:?]
	at org.apache.hadoop.ipc.Server$Handler.run(Server.java:2966) [hadoop-common-3.3.1.jar:?]
01:47:44.803 [IPC Server handler 2 on default port 39159] ERROR OMAudit - user=runner | ip=127.0.0.1 | op=GET_FILE_STATUS {volume=volume19344, bucket=bucket60375, key=testBatchDelete/parent/child6, dataSize=0, replicationConfig=null} | ret=FAILURE
org.apache.hadoop.ozone.om.exceptions.OMException: Unable to get file status: volume: volume19344 bucket: bucket60375 key: testBatchDelete/parent/child6
	at org.apache.hadoop.ozone.om.KeyManagerImpl.getOzoneFileStatus(KeyManagerImpl.java:1311) ~[ozone-manager-1.3.0-SNAPSHOT.jar:?]
	at org.apache.hadoop.ozone.om.KeyManagerImpl.getFileStatus(KeyManagerImpl.java:1241) ~[ozone-manager-1.3.0-SNAPSHOT.jar:?]
	at org.apache.hadoop.ozone.om.OzoneManager.getFileStatus(OzoneManager.java:3467) ~[ozone-manager-1.3.0-SNAPSHOT.jar:?]
	at org.apache.hadoop.ozone.protocolPB.OzoneManagerRequestHandler.getOzoneFileStatus(OzoneManagerRequestHandler.java:878) ~[ozone-manager-1.3.0-SNAPSHOT.jar:?]
	at org.apache.hadoop.ozone.protocolPB.OzoneManagerRequestHandler.handleReadRequest(OzoneManagerRequestHandler.java:224) ~[ozone-manager-1.3.0-SNAPSHOT.jar:?]
	at org.apache.hadoop.ozone.protocolPB.OzoneManagerProtocolServerSideTranslatorPB.submitReadRequestToOM(OzoneManagerProtocolServerSideTranslatorPB.java:226) ~[ozone-manager-1.3.0-SNAPSHOT.jar:?]
	at org.apache.hadoop.ozone.protocolPB.OzoneManagerProtocolServerSideTranslatorPB.processRequest(OzoneManagerProtocolServerSideTranslatorPB.java:175) ~[ozone-manager-1.3.0-SNAPSHOT.jar:?]
	at org.apache.hadoop.hdds.server.OzoneProtocolMessageDispatcher.processRequest(OzoneProtocolMessageDispatcher.java:87) [hdds-server-framework-1.3.0-SNAPSHOT.jar:?]
	at org.apache.hadoop.ozone.protocolPB.OzoneManagerProtocolServerSideTranslatorPB.submitRequest(OzoneManagerProtocolServerSideTranslatorPB.java:147) [ozone-manager-1.3.0-SNAPSHOT.jar:?]
	at org.apache.hadoop.ozone.protocol.proto.OzoneManagerProtocolProtos$OzoneManagerService$2.callBlockingMethod(OzoneManagerProtocolProtos.java) [ozone-interface-client-1.3.0-SNAPSHOT.jar:?]
	at org.apache.hadoop.ipc.ProtobufRpcEngine$Server.processCall(ProtobufRpcEngine.java:466) [hadoop-common-3.3.1.jar:?]
	at org.apache.hadoop.ipc.ProtobufRpcEngine2$Server$ProtoBufRpcInvoker.call(ProtobufRpcEngine2.java:574) [hadoop-common-3.3.1.jar:?]
	at org.apache.hadoop.ipc.ProtobufRpcEngine2$Server$ProtoBufRpcInvoker.call(ProtobufRpcEngine2.java:552) [hadoop-common-3.3.1.jar:?]
	at org.apache.hadoop.ipc.RPC$Server.call(RPC.java:1093) [hadoop-common-3.3.1.jar:?]
	at org.apache.hadoop.ipc.Server$RpcCall.run(Server.java:1035) [hadoop-common-3.3.1.jar:?]
	at org.apache.hadoop.ipc.Server$RpcCall.run(Server.java:963) [hadoop-common-3.3.1.jar:?]
	at java.security.AccessController.doPrivileged(Native Method) ~[?:1.8.0_332]
	at javax.security.auth.Subject.doAs(Subject.java:422) [?:1.8.0_332]
	at org.apache.hadoop.security.UserGroupInformation.doAs(UserGroupInformation.java:1878) [hadoop-common-3.3.1.jar:?]
	at org.apache.hadoop.ipc.Server$Handler.run(Server.java:2966) [hadoop-common-3.3.1.jar:?]
01:47:44.804 [IPC Server handler 3 on default port 39159] ERROR OMAudit - user=runner | ip=127.0.0.1 | op=GET_FILE_STATUS {volume=volume19344, bucket=bucket60375, key=testBatchDelete/parent/childFolder/child6, dataSize=0, replicationConfig=null} | ret=FAILURE
org.apache.hadoop.ozone.om.exceptions.OMException: Unable to get file status: volume: volume19344 bucket: bucket60375 key: testBatchDelete/parent/childFolder/child6
	at org.apache.hadoop.ozone.om.KeyManagerImpl.getOzoneFileStatus(KeyManagerImpl.java:1311) ~[ozone-manager-1.3.0-SNAPSHOT.jar:?]
	at org.apache.hadoop.ozone.om.KeyManagerImpl.getFileStatus(KeyManagerImpl.java:1241) ~[ozone-manager-1.3.0-SNAPSHOT.jar:?]
	at org.apache.hadoop.ozone.om.OzoneManager.getFileStatus(OzoneManager.java:3467) ~[ozone-manager-1.3.0-SNAPSHOT.jar:?]
	at org.apache.hadoop.ozone.protocolPB.OzoneManagerRequestHandler.getOzoneFileStatus(OzoneManagerRequestHandler.java:878) ~[ozone-manager-1.3.0-SNAPSHOT.jar:?]
	at org.apache.hadoop.ozone.protocolPB.OzoneManagerRequestHandler.handleReadRequest(OzoneManagerRequestHandler.java:224) ~[ozone-manager-1.3.0-SNAPSHOT.jar:?]
	at org.apache.hadoop.ozone.protocolPB.OzoneManagerProtocolServerSideTranslatorPB.submitReadRequestToOM(OzoneManagerProtocolServerSideTranslatorPB.java:226) ~[ozone-manager-1.3.0-SNAPSHOT.jar:?]
	at org.apache.hadoop.ozone.protocolPB.OzoneManagerProtocolServerSideTranslatorPB.processRequest(OzoneManagerProtocolServerSideTranslatorPB.java:175) ~[ozone-manager-1.3.0-SNAPSHOT.jar:?]
	at org.apache.hadoop.hdds.server.OzoneProtocolMessageDispatcher.processRequest(OzoneProtocolMessageDispatcher.java:87) [hdds-server-framework-1.3.0-SNAPSHOT.jar:?]
	at org.apache.hadoop.ozone.protocolPB.OzoneManagerProtocolServerSideTranslatorPB.submitRequest(OzoneManagerProtocolServerSideTranslatorPB.java:147) [ozone-manager-1.3.0-SNAPSHOT.jar:?]
	at org.apache.hadoop.ozone.protocol.proto.OzoneManagerProtocolProtos$OzoneManagerService$2.callBlockingMethod(OzoneManagerProtocolProtos.java) [ozone-interface-client-1.3.0-SNAPSHOT.jar:?]
	at org.apache.hadoop.ipc.ProtobufRpcEngine$Server.processCall(ProtobufRpcEngine.java:466) [hadoop-common-3.3.1.jar:?]
	at org.apache.hadoop.ipc.ProtobufRpcEngine2$Server$ProtoBufRpcInvoker.call(ProtobufRpcEngine2.java:574) [hadoop-common-3.3.1.jar:?]
	at org.apache.hadoop.ipc.ProtobufRpcEngine2$Server$ProtoBufRpcInvoker.call(ProtobufRpcEngine2.java:552) [hadoop-common-3.3.1.jar:?]
	at org.apache.hadoop.ipc.RPC$Server.call(RPC.java:1093) [hadoop-common-3.3.1.jar:?]
	at org.apache.hadoop.ipc.Server$RpcCall.run(Server.java:1035) [hadoop-common-3.3.1.jar:?]
	at org.apache.hadoop.ipc.Server$RpcCall.run(Server.java:963) [hadoop-common-3.3.1.jar:?]
	at java.security.AccessController.doPrivileged(Native Method) ~[?:1.8.0_332]
	at javax.security.auth.Subject.doAs(Subject.java:422) [?:1.8.0_332]
	at org.apache.hadoop.security.UserGroupInformation.doAs(UserGroupInformation.java:1878) [hadoop-common-3.3.1.jar:?]
	at org.apache.hadoop.ipc.Server$Handler.run(Server.java:2966) [hadoop-common-3.3.1.jar:?]
01:47:44.809 [IPC Server handler 1 on default port 39159] ERROR OMAudit - user=runner | ip=127.0.0.1 | op=GET_FILE_STATUS {volume=volume19344, bucket=bucket60375, key=testBatchDelete/parent/child7, dataSize=0, replicationConfig=null} | ret=FAILURE
org.apache.hadoop.ozone.om.exceptions.OMException: Unable to get file status: volume: volume19344 bucket: bucket60375 key: testBatchDelete/parent/child7
	at org.apache.hadoop.ozone.om.KeyManagerImpl.getOzoneFileStatus(KeyManagerImpl.java:1311) ~[ozone-manager-1.3.0-SNAPSHOT.jar:?]
	at org.apache.hadoop.ozone.om.KeyManagerImpl.getFileStatus(KeyManagerImpl.java:1241) ~[ozone-manager-1.3.0-SNAPSHOT.jar:?]
	at org.apache.hadoop.ozone.om.OzoneManager.getFileStatus(OzoneManager.java:3467) ~[ozone-manager-1.3.0-SNAPSHOT.jar:?]
	at org.apache.hadoop.ozone.protocolPB.OzoneManagerRequestHandler.getOzoneFileStatus(OzoneManagerRequestHandler.java:878) ~[ozone-manager-1.3.0-SNAPSHOT.jar:?]
	at org.apache.hadoop.ozone.protocolPB.OzoneManagerRequestHandler.handleReadRequest(OzoneManagerRequestHandler.java:224) ~[ozone-manager-1.3.0-SNAPSHOT.jar:?]
	at org.apache.hadoop.ozone.protocolPB.OzoneManagerProtocolServerSideTranslatorPB.submitReadRequestToOM(OzoneManagerProtocolServerSideTranslatorPB.java:226) ~[ozone-manager-1.3.0-SNAPSHOT.jar:?]
	at org.apache.hadoop.ozone.protocolPB.OzoneManagerProtocolServerSideTranslatorPB.processRequest(OzoneManagerProtocolServerSideTranslatorPB.java:175) ~[ozone-manager-1.3.0-SNAPSHOT.jar:?]
	at org.apache.hadoop.hdds.server.OzoneProtocolMessageDispatcher.processRequest(OzoneProtocolMessageDispatcher.java:87) [hdds-server-framework-1.3.0-SNAPSHOT.jar:?]
	at org.apache.hadoop.ozone.protocolPB.OzoneManagerProtocolServerSideTranslatorPB.submitRequest(OzoneManagerProtocolServerSideTranslatorPB.java:147) [ozone-manager-1.3.0-SNAPSHOT.jar:?]
	at org.apache.hadoop.ozone.protocol.proto.OzoneManagerProtocolProtos$OzoneManagerService$2.callBlockingMethod(OzoneManagerProtocolProtos.java) [ozone-interface-client-1.3.0-SNAPSHOT.jar:?]
	at org.apache.hadoop.ipc.ProtobufRpcEngine$Server.processCall(ProtobufRpcEngine.java:466) [hadoop-common-3.3.1.jar:?]
	at org.apache.hadoop.ipc.ProtobufRpcEngine2$Server$ProtoBufRpcInvoker.call(ProtobufRpcEngine2.java:574) [hadoop-common-3.3.1.jar:?]
	at org.apache.hadoop.ipc.ProtobufRpcEngine2$Server$ProtoBufRpcInvoker.call(ProtobufRpcEngine2.java:552) [hadoop-common-3.3.1.jar:?]
	at org.apache.hadoop.ipc.RPC$Server.call(RPC.java:1093) [hadoop-common-3.3.1.jar:?]
	at org.apache.hadoop.ipc.Server$RpcCall.run(Server.java:1035) [hadoop-common-3.3.1.jar:?]
	at org.apache.hadoop.ipc.Server$RpcCall.run(Server.java:963) [hadoop-common-3.3.1.jar:?]
	at java.security.AccessController.doPrivileged(Native Method) ~[?:1.8.0_332]
	at javax.security.auth.Subject.doAs(Subject.java:422) [?:1.8.0_332]
	at org.apache.hadoop.security.UserGroupInformation.doAs(UserGroupInformation.java:1878) [hadoop-common-3.3.1.jar:?]
	at org.apache.hadoop.ipc.Server$Handler.run(Server.java:2966) [hadoop-common-3.3.1.jar:?]
01:47:44.813 [IPC Server handler 7 on default port 39159] ERROR OMAudit - user=runner | ip=127.0.0.1 | op=GET_FILE_STATUS {volume=volume19344, bucket=bucket60375, key=testBatchDelete/parent/childFolder/child7, dataSize=0, replicationConfig=null} | ret=FAILURE
org.apache.hadoop.ozone.om.exceptions.OMException: Unable to get file status: volume: volume19344 bucket: bucket60375 key: testBatchDelete/parent/childFolder/child7
	at org.apache.hadoop.ozone.om.KeyManagerImpl.getOzoneFileStatus(KeyManagerImpl.java:1311) ~[ozone-manager-1.3.0-SNAPSHOT.jar:?]
	at org.apache.hadoop.ozone.om.KeyManagerImpl.getFileStatus(KeyManagerImpl.java:1241) ~[ozone-manager-1.3.0-SNAPSHOT.jar:?]
	at org.apache.hadoop.ozone.om.OzoneManager.getFileStatus(OzoneManager.java:3467) ~[ozone-manager-1.3.0-SNAPSHOT.jar:?]
	at org.apache.hadoop.ozone.protocolPB.OzoneManagerRequestHandler.getOzoneFileStatus(OzoneManagerRequestHandler.java:878) ~[ozone-manager-1.3.0-SNAPSHOT.jar:?]
	at org.apache.hadoop.ozone.protocolPB.OzoneManagerRequestHandler.handleReadRequest(OzoneManagerRequestHandler.java:224) ~[ozone-manager-1.3.0-SNAPSHOT.jar:?]
	at org.apache.hadoop.ozone.protocolPB.OzoneManagerProtocolServerSideTranslatorPB.submitReadRequestToOM(OzoneManagerProtocolServerSideTranslatorPB.java:226) ~[ozone-manager-1.3.0-SNAPSHOT.jar:?]
	at org.apache.hadoop.ozone.protocolPB.OzoneManagerProtocolServerSideTranslatorPB.processRequest(OzoneManagerProtocolServerSideTranslatorPB.java:175) ~[ozone-manager-1.3.0-SNAPSHOT.jar:?]
	at org.apache.hadoop.hdds.server.OzoneProtocolMessageDispatcher.processRequest(OzoneProtocolMessageDispatcher.java:87) [hdds-server-framework-1.3.0-SNAPSHOT.jar:?]
	at org.apache.hadoop.ozone.protocolPB.OzoneManagerProtocolServerSideTranslatorPB.submitRequest(OzoneManagerProtocolServerSideTranslatorPB.java:147) [ozone-manager-1.3.0-SNAPSHOT.jar:?]
	at org.apache.hadoop.ozone.protocol.proto.OzoneManagerProtocolProtos$OzoneManagerService$2.callBlockingMethod(OzoneManagerProtocolProtos.java) [ozone-interface-client-1.3.0-SNAPSHOT.jar:?]
	at org.apache.hadoop.ipc.ProtobufRpcEngine$Server.processCall(ProtobufRpcEngine.java:466) [hadoop-common-3.3.1.jar:?]
	at org.apache.hadoop.ipc.ProtobufRpcEngine2$Server$ProtoBufRpcInvoker.call(ProtobufRpcEngine2.java:574) [hadoop-common-3.3.1.jar:?]
	at org.apache.hadoop.ipc.ProtobufRpcEngine2$Server$ProtoBufRpcInvoker.call(ProtobufRpcEngine2.java:552) [hadoop-common-3.3.1.jar:?]
	at org.apache.hadoop.ipc.RPC$Server.call(RPC.java:1093) [hadoop-common-3.3.1.jar:?]
	at org.apache.hadoop.ipc.Server$RpcCall.run(Server.java:1035) [hadoop-common-3.3.1.jar:?]
	at org.apache.hadoop.ipc.Server$RpcCall.run(Server.java:963) [hadoop-common-3.3.1.jar:?]
	at java.security.AccessController.doPrivileged(Native Method) ~[?:1.8.0_332]
	at javax.security.auth.Subject.doAs(Subject.java:422) [?:1.8.0_332]
	at org.apache.hadoop.security.UserGroupInformation.doAs(UserGroupInformation.java:1878) [hadoop-common-3.3.1.jar:?]
	at org.apache.hadoop.ipc.Server$Handler.run(Server.java:2966) [hadoop-common-3.3.1.jar:?]
01:47:44.821 [IPC Server handler 9 on default port 39159] ERROR OMAudit - user=runner | ip=127.0.0.1 | op=GET_FILE_STATUS {volume=volume19344, bucket=bucket60375, key=testBatchDelete/parent, dataSize=0, replicationConfig=null} | ret=FAILURE
org.apache.hadoop.ozone.om.exceptions.OMException: Unable to get file status: volume: volume19344 bucket: bucket60375 key: testBatchDelete/parent
	at org.apache.hadoop.ozone.om.KeyManagerImpl.getOzoneFileStatus(KeyManagerImpl.java:1311) ~[ozone-manager-1.3.0-SNAPSHOT.jar:?]
	at org.apache.hadoop.ozone.om.KeyManagerImpl.getFileStatus(KeyManagerImpl.java:1241) ~[ozone-manager-1.3.0-SNAPSHOT.jar:?]
	at org.apache.hadoop.ozone.om.OzoneManager.getFileStatus(OzoneManager.java:3467) ~[ozone-manager-1.3.0-SNAPSHOT.jar:?]
	at org.apache.hadoop.ozone.protocolPB.OzoneManagerRequestHandler.getOzoneFileStatus(OzoneManagerRequestHandler.java:878) ~[ozone-manager-1.3.0-SNAPSHOT.jar:?]
	at org.apache.hadoop.ozone.protocolPB.OzoneManagerRequestHandler.handleReadRequest(OzoneManagerRequestHandler.java:224) ~[ozone-manager-1.3.0-SNAPSHOT.jar:?]
	at org.apache.hadoop.ozone.protocolPB.OzoneManagerProtocolServerSideTranslatorPB.submitReadRequestToOM(OzoneManagerProtocolServerSideTranslatorPB.java:226) ~[ozone-manager-1.3.0-SNAPSHOT.jar:?]
	at org.apache.hadoop.ozone.protocolPB.OzoneManagerProtocolServerSideTranslatorPB.processRequest(OzoneManagerProtocolServerSideTranslatorPB.java:175) ~[ozone-manager-1.3.0-SNAPSHOT.jar:?]
	at org.apache.hadoop.hdds.server.OzoneProtocolMessageDispatcher.processRequest(OzoneProtocolMessageDispatcher.java:87) [hdds-server-framework-1.3.0-SNAPSHOT.jar:?]
	at org.apache.hadoop.ozone.protocolPB.OzoneManagerProtocolServerSideTranslatorPB.submitRequest(OzoneManagerProtocolServerSideTranslatorPB.java:147) [ozone-manager-1.3.0-SNAPSHOT.jar:?]
	at org.apache.hadoop.ozone.protocol.proto.OzoneManagerProtocolProtos$OzoneManagerService$2.callBlockingMethod(OzoneManagerProtocolProtos.java) [ozone-interface-client-1.3.0-SNAPSHOT.jar:?]
	at org.apache.hadoop.ipc.ProtobufRpcEngine$Server.processCall(ProtobufRpcEngine.java:466) [hadoop-common-3.3.1.jar:?]
	at org.apache.hadoop.ipc.ProtobufRpcEngine2$Server$ProtoBufRpcInvoker.call(ProtobufRpcEngine2.java:574) [hadoop-common-3.3.1.jar:?]
	at org.apache.hadoop.ipc.ProtobufRpcEngine2$Server$ProtoBufRpcInvoker.call(ProtobufRpcEngine2.java:552) [hadoop-common-3.3.1.jar:?]
	at org.apache.hadoop.ipc.RPC$Server.call(RPC.java:1093) [hadoop-common-3.3.1.jar:?]
	at org.apache.hadoop.ipc.Server$RpcCall.run(Server.java:1035) [hadoop-common-3.3.1.jar:?]
	at org.apache.hadoop.ipc.Server$RpcCall.run(Server.java:963) [hadoop-common-3.3.1.jar:?]
	at java.security.AccessController.doPrivileged(Native Method) ~[?:1.8.0_332]
	at javax.security.auth.Subject.doAs(Subject.java:422) [?:1.8.0_332]
	at org.apache.hadoop.security.UserGroupInformation.doAs(UserGroupInformation.java:1878) [hadoop-common-3.3.1.jar:?]
	at org.apache.hadoop.ipc.Server$Handler.run(Server.java:2966) [hadoop-common-3.3.1.jar:?]
2022-07-30 01:47:44,821 [Time-limited test] WARN  ozone.BasicRootedOzoneFileSystem (BasicRootedOzoneFileSystem.java:delete(572)) - delete: Path does not exist: /volume19344/bucket60375/testBatchDelete/parent
]]></system-out>
  </testcase>
  <testcase name="testFileDelete" classname="TestRootedOzoneFileSystem" time="0.264">
    <system-out><![CDATA[2022-07-30 01:49:01,451 [Time-limited test] INFO  rpc.RpcClient (RpcClient.java:createVolume(468)) - Creating Volume: volume17307, with user49958 as owner and space quota set to -1 bytes, counts quota set to -1
2022-07-30 01:49:01,454 [OM StateMachine ApplyTransaction Thread - 0] INFO  volume.OMVolumeCreateRequest (OMVolumeCreateRequest.java:validateAndUpdateCache(195)) - created volume:volume17307 for user:user49958
2022-07-30 01:49:01,456 [Time-limited test] INFO  rpc.RpcClient (RpcClient.java:createBucket(671)) - Creating Bucket: volume17307/bucket21922, with bucket layout LEGACY, runner as owner, Versioning false, Storage Type set to DISK and Encryption set to false 
2022-07-30 01:49:01,463 [OM StateMachine ApplyTransaction Thread - 0] INFO  bucket.OMBucketCreateRequest (OMBucketCreateRequest.java:validateAndUpdateCache(260)) - created bucket: bucket21922 of layout LEGACY in volume: volume17307
01:49:01.594 [IPC Server handler 1 on default port 43571] ERROR OMAudit - user=runner | ip=127.0.0.1 | op=GET_FILE_STATUS {volume=volume17307, bucket=bucket21922, key=testBatchDelete, dataSize=0, replicationConfig=null} | ret=FAILURE
org.apache.hadoop.ozone.om.exceptions.OMException: Unable to get file status: volume: volume17307 bucket: bucket21922 key: testBatchDelete
	at org.apache.hadoop.ozone.om.KeyManagerImpl.getOzoneFileStatus(KeyManagerImpl.java:1311) ~[ozone-manager-1.3.0-SNAPSHOT.jar:?]
	at org.apache.hadoop.ozone.om.KeyManagerImpl.getFileStatus(KeyManagerImpl.java:1241) ~[ozone-manager-1.3.0-SNAPSHOT.jar:?]
	at org.apache.hadoop.ozone.om.OzoneManager.getFileStatus(OzoneManager.java:3467) ~[ozone-manager-1.3.0-SNAPSHOT.jar:?]
	at org.apache.hadoop.ozone.protocolPB.OzoneManagerRequestHandler.getOzoneFileStatus(OzoneManagerRequestHandler.java:878) ~[ozone-manager-1.3.0-SNAPSHOT.jar:?]
	at org.apache.hadoop.ozone.protocolPB.OzoneManagerRequestHandler.handleReadRequest(OzoneManagerRequestHandler.java:224) ~[ozone-manager-1.3.0-SNAPSHOT.jar:?]
	at org.apache.hadoop.ozone.protocolPB.OzoneManagerProtocolServerSideTranslatorPB.submitReadRequestToOM(OzoneManagerProtocolServerSideTranslatorPB.java:226) ~[ozone-manager-1.3.0-SNAPSHOT.jar:?]
	at org.apache.hadoop.ozone.protocolPB.OzoneManagerProtocolServerSideTranslatorPB.processRequest(OzoneManagerProtocolServerSideTranslatorPB.java:175) ~[ozone-manager-1.3.0-SNAPSHOT.jar:?]
	at org.apache.hadoop.hdds.server.OzoneProtocolMessageDispatcher.processRequest(OzoneProtocolMessageDispatcher.java:87) [hdds-server-framework-1.3.0-SNAPSHOT.jar:?]
	at org.apache.hadoop.ozone.protocolPB.OzoneManagerProtocolServerSideTranslatorPB.submitRequest(OzoneManagerProtocolServerSideTranslatorPB.java:147) [ozone-manager-1.3.0-SNAPSHOT.jar:?]
	at org.apache.hadoop.ozone.protocol.proto.OzoneManagerProtocolProtos$OzoneManagerService$2.callBlockingMethod(OzoneManagerProtocolProtos.java) [ozone-interface-client-1.3.0-SNAPSHOT.jar:?]
	at org.apache.hadoop.ipc.ProtobufRpcEngine$Server.processCall(ProtobufRpcEngine.java:466) [hadoop-common-3.3.1.jar:?]
	at org.apache.hadoop.ipc.ProtobufRpcEngine2$Server$ProtoBufRpcInvoker.call(ProtobufRpcEngine2.java:574) [hadoop-common-3.3.1.jar:?]
	at org.apache.hadoop.ipc.ProtobufRpcEngine2$Server$ProtoBufRpcInvoker.call(ProtobufRpcEngine2.java:552) [hadoop-common-3.3.1.jar:?]
	at org.apache.hadoop.ipc.RPC$Server.call(RPC.java:1093) [hadoop-common-3.3.1.jar:?]
	at org.apache.hadoop.ipc.Server$RpcCall.run(Server.java:1035) [hadoop-common-3.3.1.jar:?]
	at org.apache.hadoop.ipc.Server$RpcCall.run(Server.java:963) [hadoop-common-3.3.1.jar:?]
	at java.security.AccessController.doPrivileged(Native Method) ~[?:1.8.0_332]
	at javax.security.auth.Subject.doAs(Subject.java:422) [?:1.8.0_332]
	at org.apache.hadoop.security.UserGroupInformation.doAs(UserGroupInformation.java:1878) [hadoop-common-3.3.1.jar:?]
	at org.apache.hadoop.ipc.Server$Handler.run(Server.java:2966) [hadoop-common-3.3.1.jar:?]
01:49:01.595 [IPC Server handler 0 on default port 43571] ERROR OMAudit - user=runner | ip=127.0.0.1 | op=GET_FILE_STATUS {volume=volume17307, bucket=bucket21922, key=testBatchDelete/parent/child0, dataSize=0, replicationConfig=null} | ret=FAILURE
org.apache.hadoop.ozone.om.exceptions.OMException: Unable to get file status: volume: volume17307 bucket: bucket21922 key: testBatchDelete/parent/child0
	at org.apache.hadoop.ozone.om.KeyManagerImpl.getOzoneFileStatus(KeyManagerImpl.java:1311) ~[ozone-manager-1.3.0-SNAPSHOT.jar:?]
	at org.apache.hadoop.ozone.om.KeyManagerImpl.getFileStatus(KeyManagerImpl.java:1241) ~[ozone-manager-1.3.0-SNAPSHOT.jar:?]
	at org.apache.hadoop.ozone.om.OzoneManager.getFileStatus(OzoneManager.java:3467) ~[ozone-manager-1.3.0-SNAPSHOT.jar:?]
	at org.apache.hadoop.ozone.protocolPB.OzoneManagerRequestHandler.getOzoneFileStatus(OzoneManagerRequestHandler.java:878) ~[ozone-manager-1.3.0-SNAPSHOT.jar:?]
	at org.apache.hadoop.ozone.protocolPB.OzoneManagerRequestHandler.handleReadRequest(OzoneManagerRequestHandler.java:224) ~[ozone-manager-1.3.0-SNAPSHOT.jar:?]
	at org.apache.hadoop.ozone.protocolPB.OzoneManagerProtocolServerSideTranslatorPB.submitReadRequestToOM(OzoneManagerProtocolServerSideTranslatorPB.java:226) ~[ozone-manager-1.3.0-SNAPSHOT.jar:?]
	at org.apache.hadoop.ozone.protocolPB.OzoneManagerProtocolServerSideTranslatorPB.processRequest(OzoneManagerProtocolServerSideTranslatorPB.java:175) ~[ozone-manager-1.3.0-SNAPSHOT.jar:?]
	at org.apache.hadoop.hdds.server.OzoneProtocolMessageDispatcher.processRequest(OzoneProtocolMessageDispatcher.java:87) [hdds-server-framework-1.3.0-SNAPSHOT.jar:?]
	at org.apache.hadoop.ozone.protocolPB.OzoneManagerProtocolServerSideTranslatorPB.submitRequest(OzoneManagerProtocolServerSideTranslatorPB.java:147) [ozone-manager-1.3.0-SNAPSHOT.jar:?]
	at org.apache.hadoop.ozone.protocol.proto.OzoneManagerProtocolProtos$OzoneManagerService$2.callBlockingMethod(OzoneManagerProtocolProtos.java) [ozone-interface-client-1.3.0-SNAPSHOT.jar:?]
	at org.apache.hadoop.ipc.ProtobufRpcEngine$Server.processCall(ProtobufRpcEngine.java:466) [hadoop-common-3.3.1.jar:?]
	at org.apache.hadoop.ipc.ProtobufRpcEngine2$Server$ProtoBufRpcInvoker.call(ProtobufRpcEngine2.java:574) [hadoop-common-3.3.1.jar:?]
	at org.apache.hadoop.ipc.ProtobufRpcEngine2$Server$ProtoBufRpcInvoker.call(ProtobufRpcEngine2.java:552) [hadoop-common-3.3.1.jar:?]
	at org.apache.hadoop.ipc.RPC$Server.call(RPC.java:1093) [hadoop-common-3.3.1.jar:?]
	at org.apache.hadoop.ipc.Server$RpcCall.run(Server.java:1035) [hadoop-common-3.3.1.jar:?]
	at org.apache.hadoop.ipc.Server$RpcCall.run(Server.java:963) [hadoop-common-3.3.1.jar:?]
	at java.security.AccessController.doPrivileged(Native Method) ~[?:1.8.0_332]
	at javax.security.auth.Subject.doAs(Subject.java:422) [?:1.8.0_332]
	at org.apache.hadoop.security.UserGroupInformation.doAs(UserGroupInformation.java:1878) [hadoop-common-3.3.1.jar:?]
	at org.apache.hadoop.ipc.Server$Handler.run(Server.java:2966) [hadoop-common-3.3.1.jar:?]
01:49:01.596 [IPC Server handler 5 on default port 43571] ERROR OMAudit - user=runner | ip=127.0.0.1 | op=GET_FILE_STATUS {volume=volume17307, bucket=bucket21922, key=testBatchDelete/parent/childFolder/child0, dataSize=0, replicationConfig=null} | ret=FAILURE
org.apache.hadoop.ozone.om.exceptions.OMException: Unable to get file status: volume: volume17307 bucket: bucket21922 key: testBatchDelete/parent/childFolder/child0
	at org.apache.hadoop.ozone.om.KeyManagerImpl.getOzoneFileStatus(KeyManagerImpl.java:1311) ~[ozone-manager-1.3.0-SNAPSHOT.jar:?]
	at org.apache.hadoop.ozone.om.KeyManagerImpl.getFileStatus(KeyManagerImpl.java:1241) ~[ozone-manager-1.3.0-SNAPSHOT.jar:?]
	at org.apache.hadoop.ozone.om.OzoneManager.getFileStatus(OzoneManager.java:3467) ~[ozone-manager-1.3.0-SNAPSHOT.jar:?]
	at org.apache.hadoop.ozone.protocolPB.OzoneManagerRequestHandler.getOzoneFileStatus(OzoneManagerRequestHandler.java:878) ~[ozone-manager-1.3.0-SNAPSHOT.jar:?]
	at org.apache.hadoop.ozone.protocolPB.OzoneManagerRequestHandler.handleReadRequest(OzoneManagerRequestHandler.java:224) ~[ozone-manager-1.3.0-SNAPSHOT.jar:?]
	at org.apache.hadoop.ozone.protocolPB.OzoneManagerProtocolServerSideTranslatorPB.submitReadRequestToOM(OzoneManagerProtocolServerSideTranslatorPB.java:226) ~[ozone-manager-1.3.0-SNAPSHOT.jar:?]
	at org.apache.hadoop.ozone.protocolPB.OzoneManagerProtocolServerSideTranslatorPB.processRequest(OzoneManagerProtocolServerSideTranslatorPB.java:175) ~[ozone-manager-1.3.0-SNAPSHOT.jar:?]
	at org.apache.hadoop.hdds.server.OzoneProtocolMessageDispatcher.processRequest(OzoneProtocolMessageDispatcher.java:87) [hdds-server-framework-1.3.0-SNAPSHOT.jar:?]
	at org.apache.hadoop.ozone.protocolPB.OzoneManagerProtocolServerSideTranslatorPB.submitRequest(OzoneManagerProtocolServerSideTranslatorPB.java:147) [ozone-manager-1.3.0-SNAPSHOT.jar:?]
	at org.apache.hadoop.ozone.protocol.proto.OzoneManagerProtocolProtos$OzoneManagerService$2.callBlockingMethod(OzoneManagerProtocolProtos.java) [ozone-interface-client-1.3.0-SNAPSHOT.jar:?]
	at org.apache.hadoop.ipc.ProtobufRpcEngine$Server.processCall(ProtobufRpcEngine.java:466) [hadoop-common-3.3.1.jar:?]
	at org.apache.hadoop.ipc.ProtobufRpcEngine2$Server$ProtoBufRpcInvoker.call(ProtobufRpcEngine2.java:574) [hadoop-common-3.3.1.jar:?]
	at org.apache.hadoop.ipc.ProtobufRpcEngine2$Server$ProtoBufRpcInvoker.call(ProtobufRpcEngine2.java:552) [hadoop-common-3.3.1.jar:?]
	at org.apache.hadoop.ipc.RPC$Server.call(RPC.java:1093) [hadoop-common-3.3.1.jar:?]
	at org.apache.hadoop.ipc.Server$RpcCall.run(Server.java:1035) [hadoop-common-3.3.1.jar:?]
	at org.apache.hadoop.ipc.Server$RpcCall.run(Server.java:963) [hadoop-common-3.3.1.jar:?]
	at java.security.AccessController.doPrivileged(Native Method) ~[?:1.8.0_332]
	at javax.security.auth.Subject.doAs(Subject.java:422) [?:1.8.0_332]
	at org.apache.hadoop.security.UserGroupInformation.doAs(UserGroupInformation.java:1878) [hadoop-common-3.3.1.jar:?]
	at org.apache.hadoop.ipc.Server$Handler.run(Server.java:2966) [hadoop-common-3.3.1.jar:?]
01:49:01.598 [IPC Server handler 8 on default port 43571] ERROR OMAudit - user=runner | ip=127.0.0.1 | op=GET_FILE_STATUS {volume=volume17307, bucket=bucket21922, key=testBatchDelete/parent/child1, dataSize=0, replicationConfig=null} | ret=FAILURE
org.apache.hadoop.ozone.om.exceptions.OMException: Unable to get file status: volume: volume17307 bucket: bucket21922 key: testBatchDelete/parent/child1
	at org.apache.hadoop.ozone.om.KeyManagerImpl.getOzoneFileStatus(KeyManagerImpl.java:1311) ~[ozone-manager-1.3.0-SNAPSHOT.jar:?]
	at org.apache.hadoop.ozone.om.KeyManagerImpl.getFileStatus(KeyManagerImpl.java:1241) ~[ozone-manager-1.3.0-SNAPSHOT.jar:?]
	at org.apache.hadoop.ozone.om.OzoneManager.getFileStatus(OzoneManager.java:3467) ~[ozone-manager-1.3.0-SNAPSHOT.jar:?]
	at org.apache.hadoop.ozone.protocolPB.OzoneManagerRequestHandler.getOzoneFileStatus(OzoneManagerRequestHandler.java:878) ~[ozone-manager-1.3.0-SNAPSHOT.jar:?]
	at org.apache.hadoop.ozone.protocolPB.OzoneManagerRequestHandler.handleReadRequest(OzoneManagerRequestHandler.java:224) ~[ozone-manager-1.3.0-SNAPSHOT.jar:?]
	at org.apache.hadoop.ozone.protocolPB.OzoneManagerProtocolServerSideTranslatorPB.submitReadRequestToOM(OzoneManagerProtocolServerSideTranslatorPB.java:226) ~[ozone-manager-1.3.0-SNAPSHOT.jar:?]
	at org.apache.hadoop.ozone.protocolPB.OzoneManagerProtocolServerSideTranslatorPB.processRequest(OzoneManagerProtocolServerSideTranslatorPB.java:175) ~[ozone-manager-1.3.0-SNAPSHOT.jar:?]
	at org.apache.hadoop.hdds.server.OzoneProtocolMessageDispatcher.processRequest(OzoneProtocolMessageDispatcher.java:87) [hdds-server-framework-1.3.0-SNAPSHOT.jar:?]
	at org.apache.hadoop.ozone.protocolPB.OzoneManagerProtocolServerSideTranslatorPB.submitRequest(OzoneManagerProtocolServerSideTranslatorPB.java:147) [ozone-manager-1.3.0-SNAPSHOT.jar:?]
	at org.apache.hadoop.ozone.protocol.proto.OzoneManagerProtocolProtos$OzoneManagerService$2.callBlockingMethod(OzoneManagerProtocolProtos.java) [ozone-interface-client-1.3.0-SNAPSHOT.jar:?]
	at org.apache.hadoop.ipc.ProtobufRpcEngine$Server.processCall(ProtobufRpcEngine.java:466) [hadoop-common-3.3.1.jar:?]
	at org.apache.hadoop.ipc.ProtobufRpcEngine2$Server$ProtoBufRpcInvoker.call(ProtobufRpcEngine2.java:574) [hadoop-common-3.3.1.jar:?]
	at org.apache.hadoop.ipc.ProtobufRpcEngine2$Server$ProtoBufRpcInvoker.call(ProtobufRpcEngine2.java:552) [hadoop-common-3.3.1.jar:?]
	at org.apache.hadoop.ipc.RPC$Server.call(RPC.java:1093) [hadoop-common-3.3.1.jar:?]
	at org.apache.hadoop.ipc.Server$RpcCall.run(Server.java:1035) [hadoop-common-3.3.1.jar:?]
	at org.apache.hadoop.ipc.Server$RpcCall.run(Server.java:963) [hadoop-common-3.3.1.jar:?]
	at java.security.AccessController.doPrivileged(Native Method) ~[?:1.8.0_332]
	at javax.security.auth.Subject.doAs(Subject.java:422) [?:1.8.0_332]
	at org.apache.hadoop.security.UserGroupInformation.doAs(UserGroupInformation.java:1878) [hadoop-common-3.3.1.jar:?]
	at org.apache.hadoop.ipc.Server$Handler.run(Server.java:2966) [hadoop-common-3.3.1.jar:?]
01:49:01.599 [IPC Server handler 4 on default port 43571] ERROR OMAudit - user=runner | ip=127.0.0.1 | op=GET_FILE_STATUS {volume=volume17307, bucket=bucket21922, key=testBatchDelete/parent/childFolder/child1, dataSize=0, replicationConfig=null} | ret=FAILURE
org.apache.hadoop.ozone.om.exceptions.OMException: Unable to get file status: volume: volume17307 bucket: bucket21922 key: testBatchDelete/parent/childFolder/child1
	at org.apache.hadoop.ozone.om.KeyManagerImpl.getOzoneFileStatus(KeyManagerImpl.java:1311) ~[ozone-manager-1.3.0-SNAPSHOT.jar:?]
	at org.apache.hadoop.ozone.om.KeyManagerImpl.getFileStatus(KeyManagerImpl.java:1241) ~[ozone-manager-1.3.0-SNAPSHOT.jar:?]
	at org.apache.hadoop.ozone.om.OzoneManager.getFileStatus(OzoneManager.java:3467) ~[ozone-manager-1.3.0-SNAPSHOT.jar:?]
	at org.apache.hadoop.ozone.protocolPB.OzoneManagerRequestHandler.getOzoneFileStatus(OzoneManagerRequestHandler.java:878) ~[ozone-manager-1.3.0-SNAPSHOT.jar:?]
	at org.apache.hadoop.ozone.protocolPB.OzoneManagerRequestHandler.handleReadRequest(OzoneManagerRequestHandler.java:224) ~[ozone-manager-1.3.0-SNAPSHOT.jar:?]
	at org.apache.hadoop.ozone.protocolPB.OzoneManagerProtocolServerSideTranslatorPB.submitReadRequestToOM(OzoneManagerProtocolServerSideTranslatorPB.java:226) ~[ozone-manager-1.3.0-SNAPSHOT.jar:?]
	at org.apache.hadoop.ozone.protocolPB.OzoneManagerProtocolServerSideTranslatorPB.processRequest(OzoneManagerProtocolServerSideTranslatorPB.java:175) ~[ozone-manager-1.3.0-SNAPSHOT.jar:?]
	at org.apache.hadoop.hdds.server.OzoneProtocolMessageDispatcher.processRequest(OzoneProtocolMessageDispatcher.java:87) [hdds-server-framework-1.3.0-SNAPSHOT.jar:?]
	at org.apache.hadoop.ozone.protocolPB.OzoneManagerProtocolServerSideTranslatorPB.submitRequest(OzoneManagerProtocolServerSideTranslatorPB.java:147) [ozone-manager-1.3.0-SNAPSHOT.jar:?]
	at org.apache.hadoop.ozone.protocol.proto.OzoneManagerProtocolProtos$OzoneManagerService$2.callBlockingMethod(OzoneManagerProtocolProtos.java) [ozone-interface-client-1.3.0-SNAPSHOT.jar:?]
	at org.apache.hadoop.ipc.ProtobufRpcEngine$Server.processCall(ProtobufRpcEngine.java:466) [hadoop-common-3.3.1.jar:?]
	at org.apache.hadoop.ipc.ProtobufRpcEngine2$Server$ProtoBufRpcInvoker.call(ProtobufRpcEngine2.java:574) [hadoop-common-3.3.1.jar:?]
	at org.apache.hadoop.ipc.ProtobufRpcEngine2$Server$ProtoBufRpcInvoker.call(ProtobufRpcEngine2.java:552) [hadoop-common-3.3.1.jar:?]
	at org.apache.hadoop.ipc.RPC$Server.call(RPC.java:1093) [hadoop-common-3.3.1.jar:?]
	at org.apache.hadoop.ipc.Server$RpcCall.run(Server.java:1035) [hadoop-common-3.3.1.jar:?]
	at org.apache.hadoop.ipc.Server$RpcCall.run(Server.java:963) [hadoop-common-3.3.1.jar:?]
	at java.security.AccessController.doPrivileged(Native Method) ~[?:1.8.0_332]
	at javax.security.auth.Subject.doAs(Subject.java:422) [?:1.8.0_332]
	at org.apache.hadoop.security.UserGroupInformation.doAs(UserGroupInformation.java:1878) [hadoop-common-3.3.1.jar:?]
	at org.apache.hadoop.ipc.Server$Handler.run(Server.java:2966) [hadoop-common-3.3.1.jar:?]
01:49:01.602 [IPC Server handler 14 on default port 43571] ERROR OMAudit - user=runner | ip=127.0.0.1 | op=GET_FILE_STATUS {volume=volume17307, bucket=bucket21922, key=testBatchDelete/parent/child2, dataSize=0, replicationConfig=null} | ret=FAILURE
org.apache.hadoop.ozone.om.exceptions.OMException: Unable to get file status: volume: volume17307 bucket: bucket21922 key: testBatchDelete/parent/child2
	at org.apache.hadoop.ozone.om.KeyManagerImpl.getOzoneFileStatus(KeyManagerImpl.java:1311) ~[ozone-manager-1.3.0-SNAPSHOT.jar:?]
	at org.apache.hadoop.ozone.om.KeyManagerImpl.getFileStatus(KeyManagerImpl.java:1241) ~[ozone-manager-1.3.0-SNAPSHOT.jar:?]
	at org.apache.hadoop.ozone.om.OzoneManager.getFileStatus(OzoneManager.java:3467) ~[ozone-manager-1.3.0-SNAPSHOT.jar:?]
	at org.apache.hadoop.ozone.protocolPB.OzoneManagerRequestHandler.getOzoneFileStatus(OzoneManagerRequestHandler.java:878) ~[ozone-manager-1.3.0-SNAPSHOT.jar:?]
	at org.apache.hadoop.ozone.protocolPB.OzoneManagerRequestHandler.handleReadRequest(OzoneManagerRequestHandler.java:224) ~[ozone-manager-1.3.0-SNAPSHOT.jar:?]
	at org.apache.hadoop.ozone.protocolPB.OzoneManagerProtocolServerSideTranslatorPB.submitReadRequestToOM(OzoneManagerProtocolServerSideTranslatorPB.java:226) ~[ozone-manager-1.3.0-SNAPSHOT.jar:?]
	at org.apache.hadoop.ozone.protocolPB.OzoneManagerProtocolServerSideTranslatorPB.processRequest(OzoneManagerProtocolServerSideTranslatorPB.java:175) ~[ozone-manager-1.3.0-SNAPSHOT.jar:?]
	at org.apache.hadoop.hdds.server.OzoneProtocolMessageDispatcher.processRequest(OzoneProtocolMessageDispatcher.java:87) [hdds-server-framework-1.3.0-SNAPSHOT.jar:?]
	at org.apache.hadoop.ozone.protocolPB.OzoneManagerProtocolServerSideTranslatorPB.submitRequest(OzoneManagerProtocolServerSideTranslatorPB.java:147) [ozone-manager-1.3.0-SNAPSHOT.jar:?]
	at org.apache.hadoop.ozone.protocol.proto.OzoneManagerProtocolProtos$OzoneManagerService$2.callBlockingMethod(OzoneManagerProtocolProtos.java) [ozone-interface-client-1.3.0-SNAPSHOT.jar:?]
	at org.apache.hadoop.ipc.ProtobufRpcEngine$Server.processCall(ProtobufRpcEngine.java:466) [hadoop-common-3.3.1.jar:?]
	at org.apache.hadoop.ipc.ProtobufRpcEngine2$Server$ProtoBufRpcInvoker.call(ProtobufRpcEngine2.java:574) [hadoop-common-3.3.1.jar:?]
	at org.apache.hadoop.ipc.ProtobufRpcEngine2$Server$ProtoBufRpcInvoker.call(ProtobufRpcEngine2.java:552) [hadoop-common-3.3.1.jar:?]
	at org.apache.hadoop.ipc.RPC$Server.call(RPC.java:1093) [hadoop-common-3.3.1.jar:?]
	at org.apache.hadoop.ipc.Server$RpcCall.run(Server.java:1035) [hadoop-common-3.3.1.jar:?]
	at org.apache.hadoop.ipc.Server$RpcCall.run(Server.java:963) [hadoop-common-3.3.1.jar:?]
	at java.security.AccessController.doPrivileged(Native Method) ~[?:1.8.0_332]
	at javax.security.auth.Subject.doAs(Subject.java:422) [?:1.8.0_332]
	at org.apache.hadoop.security.UserGroupInformation.doAs(UserGroupInformation.java:1878) [hadoop-common-3.3.1.jar:?]
	at org.apache.hadoop.ipc.Server$Handler.run(Server.java:2966) [hadoop-common-3.3.1.jar:?]
01:49:01.604 [IPC Server handler 11 on default port 43571] ERROR OMAudit - user=runner | ip=127.0.0.1 | op=GET_FILE_STATUS {volume=volume17307, bucket=bucket21922, key=testBatchDelete/parent/childFolder/child2, dataSize=0, replicationConfig=null} | ret=FAILURE
org.apache.hadoop.ozone.om.exceptions.OMException: Unable to get file status: volume: volume17307 bucket: bucket21922 key: testBatchDelete/parent/childFolder/child2
	at org.apache.hadoop.ozone.om.KeyManagerImpl.getOzoneFileStatus(KeyManagerImpl.java:1311) ~[ozone-manager-1.3.0-SNAPSHOT.jar:?]
	at org.apache.hadoop.ozone.om.KeyManagerImpl.getFileStatus(KeyManagerImpl.java:1241) ~[ozone-manager-1.3.0-SNAPSHOT.jar:?]
	at org.apache.hadoop.ozone.om.OzoneManager.getFileStatus(OzoneManager.java:3467) ~[ozone-manager-1.3.0-SNAPSHOT.jar:?]
	at org.apache.hadoop.ozone.protocolPB.OzoneManagerRequestHandler.getOzoneFileStatus(OzoneManagerRequestHandler.java:878) ~[ozone-manager-1.3.0-SNAPSHOT.jar:?]
	at org.apache.hadoop.ozone.protocolPB.OzoneManagerRequestHandler.handleReadRequest(OzoneManagerRequestHandler.java:224) ~[ozone-manager-1.3.0-SNAPSHOT.jar:?]
	at org.apache.hadoop.ozone.protocolPB.OzoneManagerProtocolServerSideTranslatorPB.submitReadRequestToOM(OzoneManagerProtocolServerSideTranslatorPB.java:226) ~[ozone-manager-1.3.0-SNAPSHOT.jar:?]
	at org.apache.hadoop.ozone.protocolPB.OzoneManagerProtocolServerSideTranslatorPB.processRequest(OzoneManagerProtocolServerSideTranslatorPB.java:175) ~[ozone-manager-1.3.0-SNAPSHOT.jar:?]
	at org.apache.hadoop.hdds.server.OzoneProtocolMessageDispatcher.processRequest(OzoneProtocolMessageDispatcher.java:87) [hdds-server-framework-1.3.0-SNAPSHOT.jar:?]
	at org.apache.hadoop.ozone.protocolPB.OzoneManagerProtocolServerSideTranslatorPB.submitRequest(OzoneManagerProtocolServerSideTranslatorPB.java:147) [ozone-manager-1.3.0-SNAPSHOT.jar:?]
	at org.apache.hadoop.ozone.protocol.proto.OzoneManagerProtocolProtos$OzoneManagerService$2.callBlockingMethod(OzoneManagerProtocolProtos.java) [ozone-interface-client-1.3.0-SNAPSHOT.jar:?]
	at org.apache.hadoop.ipc.ProtobufRpcEngine$Server.processCall(ProtobufRpcEngine.java:466) [hadoop-common-3.3.1.jar:?]
	at org.apache.hadoop.ipc.ProtobufRpcEngine2$Server$ProtoBufRpcInvoker.call(ProtobufRpcEngine2.java:574) [hadoop-common-3.3.1.jar:?]
	at org.apache.hadoop.ipc.ProtobufRpcEngine2$Server$ProtoBufRpcInvoker.call(ProtobufRpcEngine2.java:552) [hadoop-common-3.3.1.jar:?]
	at org.apache.hadoop.ipc.RPC$Server.call(RPC.java:1093) [hadoop-common-3.3.1.jar:?]
	at org.apache.hadoop.ipc.Server$RpcCall.run(Server.java:1035) [hadoop-common-3.3.1.jar:?]
	at org.apache.hadoop.ipc.Server$RpcCall.run(Server.java:963) [hadoop-common-3.3.1.jar:?]
	at java.security.AccessController.doPrivileged(Native Method) ~[?:1.8.0_332]
	at javax.security.auth.Subject.doAs(Subject.java:422) [?:1.8.0_332]
	at org.apache.hadoop.security.UserGroupInformation.doAs(UserGroupInformation.java:1878) [hadoop-common-3.3.1.jar:?]
	at org.apache.hadoop.ipc.Server$Handler.run(Server.java:2966) [hadoop-common-3.3.1.jar:?]
01:49:01.605 [IPC Server handler 15 on default port 43571] ERROR OMAudit - user=runner | ip=127.0.0.1 | op=GET_FILE_STATUS {volume=volume17307, bucket=bucket21922, key=testBatchDelete/parent/child3, dataSize=0, replicationConfig=null} | ret=FAILURE
org.apache.hadoop.ozone.om.exceptions.OMException: Unable to get file status: volume: volume17307 bucket: bucket21922 key: testBatchDelete/parent/child3
	at org.apache.hadoop.ozone.om.KeyManagerImpl.getOzoneFileStatus(KeyManagerImpl.java:1311) ~[ozone-manager-1.3.0-SNAPSHOT.jar:?]
	at org.apache.hadoop.ozone.om.KeyManagerImpl.getFileStatus(KeyManagerImpl.java:1241) ~[ozone-manager-1.3.0-SNAPSHOT.jar:?]
	at org.apache.hadoop.ozone.om.OzoneManager.getFileStatus(OzoneManager.java:3467) ~[ozone-manager-1.3.0-SNAPSHOT.jar:?]
	at org.apache.hadoop.ozone.protocolPB.OzoneManagerRequestHandler.getOzoneFileStatus(OzoneManagerRequestHandler.java:878) ~[ozone-manager-1.3.0-SNAPSHOT.jar:?]
	at org.apache.hadoop.ozone.protocolPB.OzoneManagerRequestHandler.handleReadRequest(OzoneManagerRequestHandler.java:224) ~[ozone-manager-1.3.0-SNAPSHOT.jar:?]
	at org.apache.hadoop.ozone.protocolPB.OzoneManagerProtocolServerSideTranslatorPB.submitReadRequestToOM(OzoneManagerProtocolServerSideTranslatorPB.java:226) ~[ozone-manager-1.3.0-SNAPSHOT.jar:?]
	at org.apache.hadoop.ozone.protocolPB.OzoneManagerProtocolServerSideTranslatorPB.processRequest(OzoneManagerProtocolServerSideTranslatorPB.java:175) ~[ozone-manager-1.3.0-SNAPSHOT.jar:?]
	at org.apache.hadoop.hdds.server.OzoneProtocolMessageDispatcher.processRequest(OzoneProtocolMessageDispatcher.java:87) [hdds-server-framework-1.3.0-SNAPSHOT.jar:?]
	at org.apache.hadoop.ozone.protocolPB.OzoneManagerProtocolServerSideTranslatorPB.submitRequest(OzoneManagerProtocolServerSideTranslatorPB.java:147) [ozone-manager-1.3.0-SNAPSHOT.jar:?]
	at org.apache.hadoop.ozone.protocol.proto.OzoneManagerProtocolProtos$OzoneManagerService$2.callBlockingMethod(OzoneManagerProtocolProtos.java) [ozone-interface-client-1.3.0-SNAPSHOT.jar:?]
	at org.apache.hadoop.ipc.ProtobufRpcEngine$Server.processCall(ProtobufRpcEngine.java:466) [hadoop-common-3.3.1.jar:?]
	at org.apache.hadoop.ipc.ProtobufRpcEngine2$Server$ProtoBufRpcInvoker.call(ProtobufRpcEngine2.java:574) [hadoop-common-3.3.1.jar:?]
	at org.apache.hadoop.ipc.ProtobufRpcEngine2$Server$ProtoBufRpcInvoker.call(ProtobufRpcEngine2.java:552) [hadoop-common-3.3.1.jar:?]
	at org.apache.hadoop.ipc.RPC$Server.call(RPC.java:1093) [hadoop-common-3.3.1.jar:?]
	at org.apache.hadoop.ipc.Server$RpcCall.run(Server.java:1035) [hadoop-common-3.3.1.jar:?]
	at org.apache.hadoop.ipc.Server$RpcCall.run(Server.java:963) [hadoop-common-3.3.1.jar:?]
	at java.security.AccessController.doPrivileged(Native Method) ~[?:1.8.0_332]
	at javax.security.auth.Subject.doAs(Subject.java:422) [?:1.8.0_332]
	at org.apache.hadoop.security.UserGroupInformation.doAs(UserGroupInformation.java:1878) [hadoop-common-3.3.1.jar:?]
	at org.apache.hadoop.ipc.Server$Handler.run(Server.java:2966) [hadoop-common-3.3.1.jar:?]
01:49:01.608 [IPC Server handler 18 on default port 43571] ERROR OMAudit - user=runner | ip=127.0.0.1 | op=GET_FILE_STATUS {volume=volume17307, bucket=bucket21922, key=testBatchDelete/parent/childFolder/child3, dataSize=0, replicationConfig=null} | ret=FAILURE
org.apache.hadoop.ozone.om.exceptions.OMException: Unable to get file status: volume: volume17307 bucket: bucket21922 key: testBatchDelete/parent/childFolder/child3
	at org.apache.hadoop.ozone.om.KeyManagerImpl.getOzoneFileStatus(KeyManagerImpl.java:1311) ~[ozone-manager-1.3.0-SNAPSHOT.jar:?]
	at org.apache.hadoop.ozone.om.KeyManagerImpl.getFileStatus(KeyManagerImpl.java:1241) ~[ozone-manager-1.3.0-SNAPSHOT.jar:?]
	at org.apache.hadoop.ozone.om.OzoneManager.getFileStatus(OzoneManager.java:3467) ~[ozone-manager-1.3.0-SNAPSHOT.jar:?]
	at org.apache.hadoop.ozone.protocolPB.OzoneManagerRequestHandler.getOzoneFileStatus(OzoneManagerRequestHandler.java:878) ~[ozone-manager-1.3.0-SNAPSHOT.jar:?]
	at org.apache.hadoop.ozone.protocolPB.OzoneManagerRequestHandler.handleReadRequest(OzoneManagerRequestHandler.java:224) ~[ozone-manager-1.3.0-SNAPSHOT.jar:?]
	at org.apache.hadoop.ozone.protocolPB.OzoneManagerProtocolServerSideTranslatorPB.submitReadRequestToOM(OzoneManagerProtocolServerSideTranslatorPB.java:226) ~[ozone-manager-1.3.0-SNAPSHOT.jar:?]
	at org.apache.hadoop.ozone.protocolPB.OzoneManagerProtocolServerSideTranslatorPB.processRequest(OzoneManagerProtocolServerSideTranslatorPB.java:175) ~[ozone-manager-1.3.0-SNAPSHOT.jar:?]
	at org.apache.hadoop.hdds.server.OzoneProtocolMessageDispatcher.processRequest(OzoneProtocolMessageDispatcher.java:87) [hdds-server-framework-1.3.0-SNAPSHOT.jar:?]
	at org.apache.hadoop.ozone.protocolPB.OzoneManagerProtocolServerSideTranslatorPB.submitRequest(OzoneManagerProtocolServerSideTranslatorPB.java:147) [ozone-manager-1.3.0-SNAPSHOT.jar:?]
	at org.apache.hadoop.ozone.protocol.proto.OzoneManagerProtocolProtos$OzoneManagerService$2.callBlockingMethod(OzoneManagerProtocolProtos.java) [ozone-interface-client-1.3.0-SNAPSHOT.jar:?]
	at org.apache.hadoop.ipc.ProtobufRpcEngine$Server.processCall(ProtobufRpcEngine.java:466) [hadoop-common-3.3.1.jar:?]
	at org.apache.hadoop.ipc.ProtobufRpcEngine2$Server$ProtoBufRpcInvoker.call(ProtobufRpcEngine2.java:574) [hadoop-common-3.3.1.jar:?]
	at org.apache.hadoop.ipc.ProtobufRpcEngine2$Server$ProtoBufRpcInvoker.call(ProtobufRpcEngine2.java:552) [hadoop-common-3.3.1.jar:?]
	at org.apache.hadoop.ipc.RPC$Server.call(RPC.java:1093) [hadoop-common-3.3.1.jar:?]
	at org.apache.hadoop.ipc.Server$RpcCall.run(Server.java:1035) [hadoop-common-3.3.1.jar:?]
	at org.apache.hadoop.ipc.Server$RpcCall.run(Server.java:963) [hadoop-common-3.3.1.jar:?]
	at java.security.AccessController.doPrivileged(Native Method) ~[?:1.8.0_332]
	at javax.security.auth.Subject.doAs(Subject.java:422) [?:1.8.0_332]
	at org.apache.hadoop.security.UserGroupInformation.doAs(UserGroupInformation.java:1878) [hadoop-common-3.3.1.jar:?]
	at org.apache.hadoop.ipc.Server$Handler.run(Server.java:2966) [hadoop-common-3.3.1.jar:?]
01:49:01.612 [IPC Server handler 9 on default port 43571] ERROR OMAudit - user=runner | ip=127.0.0.1 | op=GET_FILE_STATUS {volume=volume17307, bucket=bucket21922, key=testBatchDelete/parent/child4, dataSize=0, replicationConfig=null} | ret=FAILURE
org.apache.hadoop.ozone.om.exceptions.OMException: Unable to get file status: volume: volume17307 bucket: bucket21922 key: testBatchDelete/parent/child4
	at org.apache.hadoop.ozone.om.KeyManagerImpl.getOzoneFileStatus(KeyManagerImpl.java:1311) ~[ozone-manager-1.3.0-SNAPSHOT.jar:?]
	at org.apache.hadoop.ozone.om.KeyManagerImpl.getFileStatus(KeyManagerImpl.java:1241) ~[ozone-manager-1.3.0-SNAPSHOT.jar:?]
	at org.apache.hadoop.ozone.om.OzoneManager.getFileStatus(OzoneManager.java:3467) ~[ozone-manager-1.3.0-SNAPSHOT.jar:?]
	at org.apache.hadoop.ozone.protocolPB.OzoneManagerRequestHandler.getOzoneFileStatus(OzoneManagerRequestHandler.java:878) ~[ozone-manager-1.3.0-SNAPSHOT.jar:?]
	at org.apache.hadoop.ozone.protocolPB.OzoneManagerRequestHandler.handleReadRequest(OzoneManagerRequestHandler.java:224) ~[ozone-manager-1.3.0-SNAPSHOT.jar:?]
	at org.apache.hadoop.ozone.protocolPB.OzoneManagerProtocolServerSideTranslatorPB.submitReadRequestToOM(OzoneManagerProtocolServerSideTranslatorPB.java:226) ~[ozone-manager-1.3.0-SNAPSHOT.jar:?]
	at org.apache.hadoop.ozone.protocolPB.OzoneManagerProtocolServerSideTranslatorPB.processRequest(OzoneManagerProtocolServerSideTranslatorPB.java:175) ~[ozone-manager-1.3.0-SNAPSHOT.jar:?]
	at org.apache.hadoop.hdds.server.OzoneProtocolMessageDispatcher.processRequest(OzoneProtocolMessageDispatcher.java:87) [hdds-server-framework-1.3.0-SNAPSHOT.jar:?]
	at org.apache.hadoop.ozone.protocolPB.OzoneManagerProtocolServerSideTranslatorPB.submitRequest(OzoneManagerProtocolServerSideTranslatorPB.java:147) [ozone-manager-1.3.0-SNAPSHOT.jar:?]
	at org.apache.hadoop.ozone.protocol.proto.OzoneManagerProtocolProtos$OzoneManagerService$2.callBlockingMethod(OzoneManagerProtocolProtos.java) [ozone-interface-client-1.3.0-SNAPSHOT.jar:?]
	at org.apache.hadoop.ipc.ProtobufRpcEngine$Server.processCall(ProtobufRpcEngine.java:466) [hadoop-common-3.3.1.jar:?]
	at org.apache.hadoop.ipc.ProtobufRpcEngine2$Server$ProtoBufRpcInvoker.call(ProtobufRpcEngine2.java:574) [hadoop-common-3.3.1.jar:?]
	at org.apache.hadoop.ipc.ProtobufRpcEngine2$Server$ProtoBufRpcInvoker.call(ProtobufRpcEngine2.java:552) [hadoop-common-3.3.1.jar:?]
	at org.apache.hadoop.ipc.RPC$Server.call(RPC.java:1093) [hadoop-common-3.3.1.jar:?]
	at org.apache.hadoop.ipc.Server$RpcCall.run(Server.java:1035) [hadoop-common-3.3.1.jar:?]
	at org.apache.hadoop.ipc.Server$RpcCall.run(Server.java:963) [hadoop-common-3.3.1.jar:?]
	at java.security.AccessController.doPrivileged(Native Method) ~[?:1.8.0_332]
	at javax.security.auth.Subject.doAs(Subject.java:422) [?:1.8.0_332]
	at org.apache.hadoop.security.UserGroupInformation.doAs(UserGroupInformation.java:1878) [hadoop-common-3.3.1.jar:?]
	at org.apache.hadoop.ipc.Server$Handler.run(Server.java:2966) [hadoop-common-3.3.1.jar:?]
01:49:01.613 [IPC Server handler 1 on default port 43571] ERROR OMAudit - user=runner | ip=127.0.0.1 | op=GET_FILE_STATUS {volume=volume17307, bucket=bucket21922, key=testBatchDelete/parent/childFolder/child4, dataSize=0, replicationConfig=null} | ret=FAILURE
org.apache.hadoop.ozone.om.exceptions.OMException: Unable to get file status: volume: volume17307 bucket: bucket21922 key: testBatchDelete/parent/childFolder/child4
	at org.apache.hadoop.ozone.om.KeyManagerImpl.getOzoneFileStatus(KeyManagerImpl.java:1311) ~[ozone-manager-1.3.0-SNAPSHOT.jar:?]
	at org.apache.hadoop.ozone.om.KeyManagerImpl.getFileStatus(KeyManagerImpl.java:1241) ~[ozone-manager-1.3.0-SNAPSHOT.jar:?]
	at org.apache.hadoop.ozone.om.OzoneManager.getFileStatus(OzoneManager.java:3467) ~[ozone-manager-1.3.0-SNAPSHOT.jar:?]
	at org.apache.hadoop.ozone.protocolPB.OzoneManagerRequestHandler.getOzoneFileStatus(OzoneManagerRequestHandler.java:878) ~[ozone-manager-1.3.0-SNAPSHOT.jar:?]
	at org.apache.hadoop.ozone.protocolPB.OzoneManagerRequestHandler.handleReadRequest(OzoneManagerRequestHandler.java:224) ~[ozone-manager-1.3.0-SNAPSHOT.jar:?]
	at org.apache.hadoop.ozone.protocolPB.OzoneManagerProtocolServerSideTranslatorPB.submitReadRequestToOM(OzoneManagerProtocolServerSideTranslatorPB.java:226) ~[ozone-manager-1.3.0-SNAPSHOT.jar:?]
	at org.apache.hadoop.ozone.protocolPB.OzoneManagerProtocolServerSideTranslatorPB.processRequest(OzoneManagerProtocolServerSideTranslatorPB.java:175) ~[ozone-manager-1.3.0-SNAPSHOT.jar:?]
	at org.apache.hadoop.hdds.server.OzoneProtocolMessageDispatcher.processRequest(OzoneProtocolMessageDispatcher.java:87) [hdds-server-framework-1.3.0-SNAPSHOT.jar:?]
	at org.apache.hadoop.ozone.protocolPB.OzoneManagerProtocolServerSideTranslatorPB.submitRequest(OzoneManagerProtocolServerSideTranslatorPB.java:147) [ozone-manager-1.3.0-SNAPSHOT.jar:?]
	at org.apache.hadoop.ozone.protocol.proto.OzoneManagerProtocolProtos$OzoneManagerService$2.callBlockingMethod(OzoneManagerProtocolProtos.java) [ozone-interface-client-1.3.0-SNAPSHOT.jar:?]
	at org.apache.hadoop.ipc.ProtobufRpcEngine$Server.processCall(ProtobufRpcEngine.java:466) [hadoop-common-3.3.1.jar:?]
	at org.apache.hadoop.ipc.ProtobufRpcEngine2$Server$ProtoBufRpcInvoker.call(ProtobufRpcEngine2.java:574) [hadoop-common-3.3.1.jar:?]
	at org.apache.hadoop.ipc.ProtobufRpcEngine2$Server$ProtoBufRpcInvoker.call(ProtobufRpcEngine2.java:552) [hadoop-common-3.3.1.jar:?]
	at org.apache.hadoop.ipc.RPC$Server.call(RPC.java:1093) [hadoop-common-3.3.1.jar:?]
	at org.apache.hadoop.ipc.Server$RpcCall.run(Server.java:1035) [hadoop-common-3.3.1.jar:?]
	at org.apache.hadoop.ipc.Server$RpcCall.run(Server.java:963) [hadoop-common-3.3.1.jar:?]
	at java.security.AccessController.doPrivileged(Native Method) ~[?:1.8.0_332]
	at javax.security.auth.Subject.doAs(Subject.java:422) [?:1.8.0_332]
	at org.apache.hadoop.security.UserGroupInformation.doAs(UserGroupInformation.java:1878) [hadoop-common-3.3.1.jar:?]
	at org.apache.hadoop.ipc.Server$Handler.run(Server.java:2966) [hadoop-common-3.3.1.jar:?]
01:49:01.614 [IPC Server handler 0 on default port 43571] ERROR OMAudit - user=runner | ip=127.0.0.1 | op=GET_FILE_STATUS {volume=volume17307, bucket=bucket21922, key=testBatchDelete/parent/child5, dataSize=0, replicationConfig=null} | ret=FAILURE
org.apache.hadoop.ozone.om.exceptions.OMException: Unable to get file status: volume: volume17307 bucket: bucket21922 key: testBatchDelete/parent/child5
	at org.apache.hadoop.ozone.om.KeyManagerImpl.getOzoneFileStatus(KeyManagerImpl.java:1311) ~[ozone-manager-1.3.0-SNAPSHOT.jar:?]
	at org.apache.hadoop.ozone.om.KeyManagerImpl.getFileStatus(KeyManagerImpl.java:1241) ~[ozone-manager-1.3.0-SNAPSHOT.jar:?]
	at org.apache.hadoop.ozone.om.OzoneManager.getFileStatus(OzoneManager.java:3467) ~[ozone-manager-1.3.0-SNAPSHOT.jar:?]
	at org.apache.hadoop.ozone.protocolPB.OzoneManagerRequestHandler.getOzoneFileStatus(OzoneManagerRequestHandler.java:878) ~[ozone-manager-1.3.0-SNAPSHOT.jar:?]
	at org.apache.hadoop.ozone.protocolPB.OzoneManagerRequestHandler.handleReadRequest(OzoneManagerRequestHandler.java:224) ~[ozone-manager-1.3.0-SNAPSHOT.jar:?]
	at org.apache.hadoop.ozone.protocolPB.OzoneManagerProtocolServerSideTranslatorPB.submitReadRequestToOM(OzoneManagerProtocolServerSideTranslatorPB.java:226) ~[ozone-manager-1.3.0-SNAPSHOT.jar:?]
	at org.apache.hadoop.ozone.protocolPB.OzoneManagerProtocolServerSideTranslatorPB.processRequest(OzoneManagerProtocolServerSideTranslatorPB.java:175) ~[ozone-manager-1.3.0-SNAPSHOT.jar:?]
	at org.apache.hadoop.hdds.server.OzoneProtocolMessageDispatcher.processRequest(OzoneProtocolMessageDispatcher.java:87) [hdds-server-framework-1.3.0-SNAPSHOT.jar:?]
	at org.apache.hadoop.ozone.protocolPB.OzoneManagerProtocolServerSideTranslatorPB.submitRequest(OzoneManagerProtocolServerSideTranslatorPB.java:147) [ozone-manager-1.3.0-SNAPSHOT.jar:?]
	at org.apache.hadoop.ozone.protocol.proto.OzoneManagerProtocolProtos$OzoneManagerService$2.callBlockingMethod(OzoneManagerProtocolProtos.java) [ozone-interface-client-1.3.0-SNAPSHOT.jar:?]
	at org.apache.hadoop.ipc.ProtobufRpcEngine$Server.processCall(ProtobufRpcEngine.java:466) [hadoop-common-3.3.1.jar:?]
	at org.apache.hadoop.ipc.ProtobufRpcEngine2$Server$ProtoBufRpcInvoker.call(ProtobufRpcEngine2.java:574) [hadoop-common-3.3.1.jar:?]
	at org.apache.hadoop.ipc.ProtobufRpcEngine2$Server$ProtoBufRpcInvoker.call(ProtobufRpcEngine2.java:552) [hadoop-common-3.3.1.jar:?]
	at org.apache.hadoop.ipc.RPC$Server.call(RPC.java:1093) [hadoop-common-3.3.1.jar:?]
	at org.apache.hadoop.ipc.Server$RpcCall.run(Server.java:1035) [hadoop-common-3.3.1.jar:?]
	at org.apache.hadoop.ipc.Server$RpcCall.run(Server.java:963) [hadoop-common-3.3.1.jar:?]
	at java.security.AccessController.doPrivileged(Native Method) ~[?:1.8.0_332]
	at javax.security.auth.Subject.doAs(Subject.java:422) [?:1.8.0_332]
	at org.apache.hadoop.security.UserGroupInformation.doAs(UserGroupInformation.java:1878) [hadoop-common-3.3.1.jar:?]
	at org.apache.hadoop.ipc.Server$Handler.run(Server.java:2966) [hadoop-common-3.3.1.jar:?]
01:49:01.615 [IPC Server handler 5 on default port 43571] ERROR OMAudit - user=runner | ip=127.0.0.1 | op=GET_FILE_STATUS {volume=volume17307, bucket=bucket21922, key=testBatchDelete/parent/childFolder/child5, dataSize=0, replicationConfig=null} | ret=FAILURE
org.apache.hadoop.ozone.om.exceptions.OMException: Unable to get file status: volume: volume17307 bucket: bucket21922 key: testBatchDelete/parent/childFolder/child5
	at org.apache.hadoop.ozone.om.KeyManagerImpl.getOzoneFileStatus(KeyManagerImpl.java:1311) ~[ozone-manager-1.3.0-SNAPSHOT.jar:?]
	at org.apache.hadoop.ozone.om.KeyManagerImpl.getFileStatus(KeyManagerImpl.java:1241) ~[ozone-manager-1.3.0-SNAPSHOT.jar:?]
	at org.apache.hadoop.ozone.om.OzoneManager.getFileStatus(OzoneManager.java:3467) ~[ozone-manager-1.3.0-SNAPSHOT.jar:?]
	at org.apache.hadoop.ozone.protocolPB.OzoneManagerRequestHandler.getOzoneFileStatus(OzoneManagerRequestHandler.java:878) ~[ozone-manager-1.3.0-SNAPSHOT.jar:?]
	at org.apache.hadoop.ozone.protocolPB.OzoneManagerRequestHandler.handleReadRequest(OzoneManagerRequestHandler.java:224) ~[ozone-manager-1.3.0-SNAPSHOT.jar:?]
	at org.apache.hadoop.ozone.protocolPB.OzoneManagerProtocolServerSideTranslatorPB.submitReadRequestToOM(OzoneManagerProtocolServerSideTranslatorPB.java:226) ~[ozone-manager-1.3.0-SNAPSHOT.jar:?]
	at org.apache.hadoop.ozone.protocolPB.OzoneManagerProtocolServerSideTranslatorPB.processRequest(OzoneManagerProtocolServerSideTranslatorPB.java:175) ~[ozone-manager-1.3.0-SNAPSHOT.jar:?]
	at org.apache.hadoop.hdds.server.OzoneProtocolMessageDispatcher.processRequest(OzoneProtocolMessageDispatcher.java:87) [hdds-server-framework-1.3.0-SNAPSHOT.jar:?]
	at org.apache.hadoop.ozone.protocolPB.OzoneManagerProtocolServerSideTranslatorPB.submitRequest(OzoneManagerProtocolServerSideTranslatorPB.java:147) [ozone-manager-1.3.0-SNAPSHOT.jar:?]
	at org.apache.hadoop.ozone.protocol.proto.OzoneManagerProtocolProtos$OzoneManagerService$2.callBlockingMethod(OzoneManagerProtocolProtos.java) [ozone-interface-client-1.3.0-SNAPSHOT.jar:?]
	at org.apache.hadoop.ipc.ProtobufRpcEngine$Server.processCall(ProtobufRpcEngine.java:466) [hadoop-common-3.3.1.jar:?]
	at org.apache.hadoop.ipc.ProtobufRpcEngine2$Server$ProtoBufRpcInvoker.call(ProtobufRpcEngine2.java:574) [hadoop-common-3.3.1.jar:?]
	at org.apache.hadoop.ipc.ProtobufRpcEngine2$Server$ProtoBufRpcInvoker.call(ProtobufRpcEngine2.java:552) [hadoop-common-3.3.1.jar:?]
	at org.apache.hadoop.ipc.RPC$Server.call(RPC.java:1093) [hadoop-common-3.3.1.jar:?]
	at org.apache.hadoop.ipc.Server$RpcCall.run(Server.java:1035) [hadoop-common-3.3.1.jar:?]
	at org.apache.hadoop.ipc.Server$RpcCall.run(Server.java:963) [hadoop-common-3.3.1.jar:?]
	at java.security.AccessController.doPrivileged(Native Method) ~[?:1.8.0_332]
	at javax.security.auth.Subject.doAs(Subject.java:422) [?:1.8.0_332]
	at org.apache.hadoop.security.UserGroupInformation.doAs(UserGroupInformation.java:1878) [hadoop-common-3.3.1.jar:?]
	at org.apache.hadoop.ipc.Server$Handler.run(Server.java:2966) [hadoop-common-3.3.1.jar:?]
01:49:01.616 [IPC Server handler 8 on default port 43571] ERROR OMAudit - user=runner | ip=127.0.0.1 | op=GET_FILE_STATUS {volume=volume17307, bucket=bucket21922, key=testBatchDelete/parent/child6, dataSize=0, replicationConfig=null} | ret=FAILURE
org.apache.hadoop.ozone.om.exceptions.OMException: Unable to get file status: volume: volume17307 bucket: bucket21922 key: testBatchDelete/parent/child6
	at org.apache.hadoop.ozone.om.KeyManagerImpl.getOzoneFileStatus(KeyManagerImpl.java:1311) ~[ozone-manager-1.3.0-SNAPSHOT.jar:?]
	at org.apache.hadoop.ozone.om.KeyManagerImpl.getFileStatus(KeyManagerImpl.java:1241) ~[ozone-manager-1.3.0-SNAPSHOT.jar:?]
	at org.apache.hadoop.ozone.om.OzoneManager.getFileStatus(OzoneManager.java:3467) ~[ozone-manager-1.3.0-SNAPSHOT.jar:?]
	at org.apache.hadoop.ozone.protocolPB.OzoneManagerRequestHandler.getOzoneFileStatus(OzoneManagerRequestHandler.java:878) ~[ozone-manager-1.3.0-SNAPSHOT.jar:?]
	at org.apache.hadoop.ozone.protocolPB.OzoneManagerRequestHandler.handleReadRequest(OzoneManagerRequestHandler.java:224) ~[ozone-manager-1.3.0-SNAPSHOT.jar:?]
	at org.apache.hadoop.ozone.protocolPB.OzoneManagerProtocolServerSideTranslatorPB.submitReadRequestToOM(OzoneManagerProtocolServerSideTranslatorPB.java:226) ~[ozone-manager-1.3.0-SNAPSHOT.jar:?]
	at org.apache.hadoop.ozone.protocolPB.OzoneManagerProtocolServerSideTranslatorPB.processRequest(OzoneManagerProtocolServerSideTranslatorPB.java:175) ~[ozone-manager-1.3.0-SNAPSHOT.jar:?]
	at org.apache.hadoop.hdds.server.OzoneProtocolMessageDispatcher.processRequest(OzoneProtocolMessageDispatcher.java:87) [hdds-server-framework-1.3.0-SNAPSHOT.jar:?]
	at org.apache.hadoop.ozone.protocolPB.OzoneManagerProtocolServerSideTranslatorPB.submitRequest(OzoneManagerProtocolServerSideTranslatorPB.java:147) [ozone-manager-1.3.0-SNAPSHOT.jar:?]
	at org.apache.hadoop.ozone.protocol.proto.OzoneManagerProtocolProtos$OzoneManagerService$2.callBlockingMethod(OzoneManagerProtocolProtos.java) [ozone-interface-client-1.3.0-SNAPSHOT.jar:?]
	at org.apache.hadoop.ipc.ProtobufRpcEngine$Server.processCall(ProtobufRpcEngine.java:466) [hadoop-common-3.3.1.jar:?]
	at org.apache.hadoop.ipc.ProtobufRpcEngine2$Server$ProtoBufRpcInvoker.call(ProtobufRpcEngine2.java:574) [hadoop-common-3.3.1.jar:?]
	at org.apache.hadoop.ipc.ProtobufRpcEngine2$Server$ProtoBufRpcInvoker.call(ProtobufRpcEngine2.java:552) [hadoop-common-3.3.1.jar:?]
	at org.apache.hadoop.ipc.RPC$Server.call(RPC.java:1093) [hadoop-common-3.3.1.jar:?]
	at org.apache.hadoop.ipc.Server$RpcCall.run(Server.java:1035) [hadoop-common-3.3.1.jar:?]
	at org.apache.hadoop.ipc.Server$RpcCall.run(Server.java:963) [hadoop-common-3.3.1.jar:?]
	at java.security.AccessController.doPrivileged(Native Method) ~[?:1.8.0_332]
	at javax.security.auth.Subject.doAs(Subject.java:422) [?:1.8.0_332]
	at org.apache.hadoop.security.UserGroupInformation.doAs(UserGroupInformation.java:1878) [hadoop-common-3.3.1.jar:?]
	at org.apache.hadoop.ipc.Server$Handler.run(Server.java:2966) [hadoop-common-3.3.1.jar:?]
01:49:01.617 [IPC Server handler 4 on default port 43571] ERROR OMAudit - user=runner | ip=127.0.0.1 | op=GET_FILE_STATUS {volume=volume17307, bucket=bucket21922, key=testBatchDelete/parent/childFolder/child6, dataSize=0, replicationConfig=null} | ret=FAILURE
org.apache.hadoop.ozone.om.exceptions.OMException: Unable to get file status: volume: volume17307 bucket: bucket21922 key: testBatchDelete/parent/childFolder/child6
	at org.apache.hadoop.ozone.om.KeyManagerImpl.getOzoneFileStatus(KeyManagerImpl.java:1311) ~[ozone-manager-1.3.0-SNAPSHOT.jar:?]
	at org.apache.hadoop.ozone.om.KeyManagerImpl.getFileStatus(KeyManagerImpl.java:1241) ~[ozone-manager-1.3.0-SNAPSHOT.jar:?]
	at org.apache.hadoop.ozone.om.OzoneManager.getFileStatus(OzoneManager.java:3467) ~[ozone-manager-1.3.0-SNAPSHOT.jar:?]
	at org.apache.hadoop.ozone.protocolPB.OzoneManagerRequestHandler.getOzoneFileStatus(OzoneManagerRequestHandler.java:878) ~[ozone-manager-1.3.0-SNAPSHOT.jar:?]
	at org.apache.hadoop.ozone.protocolPB.OzoneManagerRequestHandler.handleReadRequest(OzoneManagerRequestHandler.java:224) ~[ozone-manager-1.3.0-SNAPSHOT.jar:?]
	at org.apache.hadoop.ozone.protocolPB.OzoneManagerProtocolServerSideTranslatorPB.submitReadRequestToOM(OzoneManagerProtocolServerSideTranslatorPB.java:226) ~[ozone-manager-1.3.0-SNAPSHOT.jar:?]
	at org.apache.hadoop.ozone.protocolPB.OzoneManagerProtocolServerSideTranslatorPB.processRequest(OzoneManagerProtocolServerSideTranslatorPB.java:175) ~[ozone-manager-1.3.0-SNAPSHOT.jar:?]
	at org.apache.hadoop.hdds.server.OzoneProtocolMessageDispatcher.processRequest(OzoneProtocolMessageDispatcher.java:87) [hdds-server-framework-1.3.0-SNAPSHOT.jar:?]
	at org.apache.hadoop.ozone.protocolPB.OzoneManagerProtocolServerSideTranslatorPB.submitRequest(OzoneManagerProtocolServerSideTranslatorPB.java:147) [ozone-manager-1.3.0-SNAPSHOT.jar:?]
	at org.apache.hadoop.ozone.protocol.proto.OzoneManagerProtocolProtos$OzoneManagerService$2.callBlockingMethod(OzoneManagerProtocolProtos.java) [ozone-interface-client-1.3.0-SNAPSHOT.jar:?]
	at org.apache.hadoop.ipc.ProtobufRpcEngine$Server.processCall(ProtobufRpcEngine.java:466) [hadoop-common-3.3.1.jar:?]
	at org.apache.hadoop.ipc.ProtobufRpcEngine2$Server$ProtoBufRpcInvoker.call(ProtobufRpcEngine2.java:574) [hadoop-common-3.3.1.jar:?]
	at org.apache.hadoop.ipc.ProtobufRpcEngine2$Server$ProtoBufRpcInvoker.call(ProtobufRpcEngine2.java:552) [hadoop-common-3.3.1.jar:?]
	at org.apache.hadoop.ipc.RPC$Server.call(RPC.java:1093) [hadoop-common-3.3.1.jar:?]
	at org.apache.hadoop.ipc.Server$RpcCall.run(Server.java:1035) [hadoop-common-3.3.1.jar:?]
	at org.apache.hadoop.ipc.Server$RpcCall.run(Server.java:963) [hadoop-common-3.3.1.jar:?]
	at java.security.AccessController.doPrivileged(Native Method) ~[?:1.8.0_332]
	at javax.security.auth.Subject.doAs(Subject.java:422) [?:1.8.0_332]
	at org.apache.hadoop.security.UserGroupInformation.doAs(UserGroupInformation.java:1878) [hadoop-common-3.3.1.jar:?]
	at org.apache.hadoop.ipc.Server$Handler.run(Server.java:2966) [hadoop-common-3.3.1.jar:?]
01:49:01.618 [IPC Server handler 14 on default port 43571] ERROR OMAudit - user=runner | ip=127.0.0.1 | op=GET_FILE_STATUS {volume=volume17307, bucket=bucket21922, key=testBatchDelete/parent/child7, dataSize=0, replicationConfig=null} | ret=FAILURE
org.apache.hadoop.ozone.om.exceptions.OMException: Unable to get file status: volume: volume17307 bucket: bucket21922 key: testBatchDelete/parent/child7
	at org.apache.hadoop.ozone.om.KeyManagerImpl.getOzoneFileStatus(KeyManagerImpl.java:1311) ~[ozone-manager-1.3.0-SNAPSHOT.jar:?]
	at org.apache.hadoop.ozone.om.KeyManagerImpl.getFileStatus(KeyManagerImpl.java:1241) ~[ozone-manager-1.3.0-SNAPSHOT.jar:?]
	at org.apache.hadoop.ozone.om.OzoneManager.getFileStatus(OzoneManager.java:3467) ~[ozone-manager-1.3.0-SNAPSHOT.jar:?]
	at org.apache.hadoop.ozone.protocolPB.OzoneManagerRequestHandler.getOzoneFileStatus(OzoneManagerRequestHandler.java:878) ~[ozone-manager-1.3.0-SNAPSHOT.jar:?]
	at org.apache.hadoop.ozone.protocolPB.OzoneManagerRequestHandler.handleReadRequest(OzoneManagerRequestHandler.java:224) ~[ozone-manager-1.3.0-SNAPSHOT.jar:?]
	at org.apache.hadoop.ozone.protocolPB.OzoneManagerProtocolServerSideTranslatorPB.submitReadRequestToOM(OzoneManagerProtocolServerSideTranslatorPB.java:226) ~[ozone-manager-1.3.0-SNAPSHOT.jar:?]
	at org.apache.hadoop.ozone.protocolPB.OzoneManagerProtocolServerSideTranslatorPB.processRequest(OzoneManagerProtocolServerSideTranslatorPB.java:175) ~[ozone-manager-1.3.0-SNAPSHOT.jar:?]
	at org.apache.hadoop.hdds.server.OzoneProtocolMessageDispatcher.processRequest(OzoneProtocolMessageDispatcher.java:87) [hdds-server-framework-1.3.0-SNAPSHOT.jar:?]
	at org.apache.hadoop.ozone.protocolPB.OzoneManagerProtocolServerSideTranslatorPB.submitRequest(OzoneManagerProtocolServerSideTranslatorPB.java:147) [ozone-manager-1.3.0-SNAPSHOT.jar:?]
	at org.apache.hadoop.ozone.protocol.proto.OzoneManagerProtocolProtos$OzoneManagerService$2.callBlockingMethod(OzoneManagerProtocolProtos.java) [ozone-interface-client-1.3.0-SNAPSHOT.jar:?]
	at org.apache.hadoop.ipc.ProtobufRpcEngine$Server.processCall(ProtobufRpcEngine.java:466) [hadoop-common-3.3.1.jar:?]
	at org.apache.hadoop.ipc.ProtobufRpcEngine2$Server$ProtoBufRpcInvoker.call(ProtobufRpcEngine2.java:574) [hadoop-common-3.3.1.jar:?]
	at org.apache.hadoop.ipc.ProtobufRpcEngine2$Server$ProtoBufRpcInvoker.call(ProtobufRpcEngine2.java:552) [hadoop-common-3.3.1.jar:?]
	at org.apache.hadoop.ipc.RPC$Server.call(RPC.java:1093) [hadoop-common-3.3.1.jar:?]
	at org.apache.hadoop.ipc.Server$RpcCall.run(Server.java:1035) [hadoop-common-3.3.1.jar:?]
	at org.apache.hadoop.ipc.Server$RpcCall.run(Server.java:963) [hadoop-common-3.3.1.jar:?]
	at java.security.AccessController.doPrivileged(Native Method) ~[?:1.8.0_332]
	at javax.security.auth.Subject.doAs(Subject.java:422) [?:1.8.0_332]
	at org.apache.hadoop.security.UserGroupInformation.doAs(UserGroupInformation.java:1878) [hadoop-common-3.3.1.jar:?]
	at org.apache.hadoop.ipc.Server$Handler.run(Server.java:2966) [hadoop-common-3.3.1.jar:?]
01:49:01.621 [IPC Server handler 11 on default port 43571] ERROR OMAudit - user=runner | ip=127.0.0.1 | op=GET_FILE_STATUS {volume=volume17307, bucket=bucket21922, key=testBatchDelete/parent/childFolder/child7, dataSize=0, replicationConfig=null} | ret=FAILURE
org.apache.hadoop.ozone.om.exceptions.OMException: Unable to get file status: volume: volume17307 bucket: bucket21922 key: testBatchDelete/parent/childFolder/child7
	at org.apache.hadoop.ozone.om.KeyManagerImpl.getOzoneFileStatus(KeyManagerImpl.java:1311) ~[ozone-manager-1.3.0-SNAPSHOT.jar:?]
	at org.apache.hadoop.ozone.om.KeyManagerImpl.getFileStatus(KeyManagerImpl.java:1241) ~[ozone-manager-1.3.0-SNAPSHOT.jar:?]
	at org.apache.hadoop.ozone.om.OzoneManager.getFileStatus(OzoneManager.java:3467) ~[ozone-manager-1.3.0-SNAPSHOT.jar:?]
	at org.apache.hadoop.ozone.protocolPB.OzoneManagerRequestHandler.getOzoneFileStatus(OzoneManagerRequestHandler.java:878) ~[ozone-manager-1.3.0-SNAPSHOT.jar:?]
	at org.apache.hadoop.ozone.protocolPB.OzoneManagerRequestHandler.handleReadRequest(OzoneManagerRequestHandler.java:224) ~[ozone-manager-1.3.0-SNAPSHOT.jar:?]
	at org.apache.hadoop.ozone.protocolPB.OzoneManagerProtocolServerSideTranslatorPB.submitReadRequestToOM(OzoneManagerProtocolServerSideTranslatorPB.java:226) ~[ozone-manager-1.3.0-SNAPSHOT.jar:?]
	at org.apache.hadoop.ozone.protocolPB.OzoneManagerProtocolServerSideTranslatorPB.processRequest(OzoneManagerProtocolServerSideTranslatorPB.java:175) ~[ozone-manager-1.3.0-SNAPSHOT.jar:?]
	at org.apache.hadoop.hdds.server.OzoneProtocolMessageDispatcher.processRequest(OzoneProtocolMessageDispatcher.java:87) [hdds-server-framework-1.3.0-SNAPSHOT.jar:?]
	at org.apache.hadoop.ozone.protocolPB.OzoneManagerProtocolServerSideTranslatorPB.submitRequest(OzoneManagerProtocolServerSideTranslatorPB.java:147) [ozone-manager-1.3.0-SNAPSHOT.jar:?]
	at org.apache.hadoop.ozone.protocol.proto.OzoneManagerProtocolProtos$OzoneManagerService$2.callBlockingMethod(OzoneManagerProtocolProtos.java) [ozone-interface-client-1.3.0-SNAPSHOT.jar:?]
	at org.apache.hadoop.ipc.ProtobufRpcEngine$Server.processCall(ProtobufRpcEngine.java:466) [hadoop-common-3.3.1.jar:?]
	at org.apache.hadoop.ipc.ProtobufRpcEngine2$Server$ProtoBufRpcInvoker.call(ProtobufRpcEngine2.java:574) [hadoop-common-3.3.1.jar:?]
	at org.apache.hadoop.ipc.ProtobufRpcEngine2$Server$ProtoBufRpcInvoker.call(ProtobufRpcEngine2.java:552) [hadoop-common-3.3.1.jar:?]
	at org.apache.hadoop.ipc.RPC$Server.call(RPC.java:1093) [hadoop-common-3.3.1.jar:?]
	at org.apache.hadoop.ipc.Server$RpcCall.run(Server.java:1035) [hadoop-common-3.3.1.jar:?]
	at org.apache.hadoop.ipc.Server$RpcCall.run(Server.java:963) [hadoop-common-3.3.1.jar:?]
	at java.security.AccessController.doPrivileged(Native Method) ~[?:1.8.0_332]
	at javax.security.auth.Subject.doAs(Subject.java:422) [?:1.8.0_332]
	at org.apache.hadoop.security.UserGroupInformation.doAs(UserGroupInformation.java:1878) [hadoop-common-3.3.1.jar:?]
	at org.apache.hadoop.ipc.Server$Handler.run(Server.java:2966) [hadoop-common-3.3.1.jar:?]
01:49:01.622 [IPC Server handler 15 on default port 43571] ERROR OMAudit - user=runner | ip=127.0.0.1 | op=GET_FILE_STATUS {volume=volume17307, bucket=bucket21922, key=testBatchDelete/parent, dataSize=0, replicationConfig=null} | ret=FAILURE
org.apache.hadoop.ozone.om.exceptions.OMException: Unable to get file status: volume: volume17307 bucket: bucket21922 key: testBatchDelete/parent
	at org.apache.hadoop.ozone.om.KeyManagerImpl.getOzoneFileStatus(KeyManagerImpl.java:1311) ~[ozone-manager-1.3.0-SNAPSHOT.jar:?]
	at org.apache.hadoop.ozone.om.KeyManagerImpl.getFileStatus(KeyManagerImpl.java:1241) ~[ozone-manager-1.3.0-SNAPSHOT.jar:?]
	at org.apache.hadoop.ozone.om.OzoneManager.getFileStatus(OzoneManager.java:3467) ~[ozone-manager-1.3.0-SNAPSHOT.jar:?]
	at org.apache.hadoop.ozone.protocolPB.OzoneManagerRequestHandler.getOzoneFileStatus(OzoneManagerRequestHandler.java:878) ~[ozone-manager-1.3.0-SNAPSHOT.jar:?]
	at org.apache.hadoop.ozone.protocolPB.OzoneManagerRequestHandler.handleReadRequest(OzoneManagerRequestHandler.java:224) ~[ozone-manager-1.3.0-SNAPSHOT.jar:?]
	at org.apache.hadoop.ozone.protocolPB.OzoneManagerProtocolServerSideTranslatorPB.submitReadRequestToOM(OzoneManagerProtocolServerSideTranslatorPB.java:226) ~[ozone-manager-1.3.0-SNAPSHOT.jar:?]
	at org.apache.hadoop.ozone.protocolPB.OzoneManagerProtocolServerSideTranslatorPB.processRequest(OzoneManagerProtocolServerSideTranslatorPB.java:175) ~[ozone-manager-1.3.0-SNAPSHOT.jar:?]
	at org.apache.hadoop.hdds.server.OzoneProtocolMessageDispatcher.processRequest(OzoneProtocolMessageDispatcher.java:87) [hdds-server-framework-1.3.0-SNAPSHOT.jar:?]
	at org.apache.hadoop.ozone.protocolPB.OzoneManagerProtocolServerSideTranslatorPB.submitRequest(OzoneManagerProtocolServerSideTranslatorPB.java:147) [ozone-manager-1.3.0-SNAPSHOT.jar:?]
	at org.apache.hadoop.ozone.protocol.proto.OzoneManagerProtocolProtos$OzoneManagerService$2.callBlockingMethod(OzoneManagerProtocolProtos.java) [ozone-interface-client-1.3.0-SNAPSHOT.jar:?]
	at org.apache.hadoop.ipc.ProtobufRpcEngine$Server.processCall(ProtobufRpcEngine.java:466) [hadoop-common-3.3.1.jar:?]
	at org.apache.hadoop.ipc.ProtobufRpcEngine2$Server$ProtoBufRpcInvoker.call(ProtobufRpcEngine2.java:574) [hadoop-common-3.3.1.jar:?]
	at org.apache.hadoop.ipc.ProtobufRpcEngine2$Server$ProtoBufRpcInvoker.call(ProtobufRpcEngine2.java:552) [hadoop-common-3.3.1.jar:?]
	at org.apache.hadoop.ipc.RPC$Server.call(RPC.java:1093) [hadoop-common-3.3.1.jar:?]
	at org.apache.hadoop.ipc.Server$RpcCall.run(Server.java:1035) [hadoop-common-3.3.1.jar:?]
	at org.apache.hadoop.ipc.Server$RpcCall.run(Server.java:963) [hadoop-common-3.3.1.jar:?]
	at java.security.AccessController.doPrivileged(Native Method) ~[?:1.8.0_332]
	at javax.security.auth.Subject.doAs(Subject.java:422) [?:1.8.0_332]
	at org.apache.hadoop.security.UserGroupInformation.doAs(UserGroupInformation.java:1878) [hadoop-common-3.3.1.jar:?]
	at org.apache.hadoop.ipc.Server$Handler.run(Server.java:2966) [hadoop-common-3.3.1.jar:?]
2022-07-30 01:49:01,622 [Time-limited test] WARN  ozone.BasicRootedOzoneFileSystem (BasicRootedOzoneFileSystem.java:delete(572)) - delete: Path does not exist: /volume17307/bucket21922/testBatchDelete/parent
]]></system-out>
  </testcase>
  <testcase name="testFileDelete" classname="TestRootedOzoneFileSystem" time="0.239">
    <system-out><![CDATA[2022-07-30 01:50:13,850 [Time-limited test] INFO  rpc.RpcClient (RpcClient.java:createVolume(468)) - Creating Volume: volume05657, with user67153 as owner and space quota set to -1 bytes, counts quota set to -1
2022-07-30 01:50:13,851 [IPC Server handler 6 on default port 41659] INFO  volume.OMVolumeCreateRequest (OMVolumeCreateRequest.java:validateAndUpdateCache(195)) - created volume:volume05657 for user:user67153
2022-07-30 01:50:13,853 [Time-limited test] INFO  rpc.RpcClient (RpcClient.java:createBucket(671)) - Creating Bucket: volume05657/bucket88146, with bucket layout LEGACY, runner as owner, Versioning false, Storage Type set to DISK and Encryption set to false 
2022-07-30 01:50:13,854 [IPC Server handler 17 on default port 41659] INFO  bucket.OMBucketCreateRequest (OMBucketCreateRequest.java:validateAndUpdateCache(260)) - created bucket: bucket88146 of layout LEGACY in volume: volume05657
01:50:13.959 [IPC Server handler 2 on default port 41659] ERROR OMAudit - user=runner | ip=127.0.0.1 | op=GET_FILE_STATUS {volume=volume05657, bucket=bucket88146, key=testBatchDelete, dataSize=0, replicationConfig=null} | ret=FAILURE
org.apache.hadoop.ozone.om.exceptions.OMException: Unable to get file status: volume: volume05657 bucket: bucket88146 key: testBatchDelete
	at org.apache.hadoop.ozone.om.KeyManagerImpl.getOzoneFileStatus(KeyManagerImpl.java:1311) ~[ozone-manager-1.3.0-SNAPSHOT.jar:?]
	at org.apache.hadoop.ozone.om.KeyManagerImpl.getFileStatus(KeyManagerImpl.java:1241) ~[ozone-manager-1.3.0-SNAPSHOT.jar:?]
	at org.apache.hadoop.ozone.om.OzoneManager.getFileStatus(OzoneManager.java:3467) ~[ozone-manager-1.3.0-SNAPSHOT.jar:?]
	at org.apache.hadoop.ozone.protocolPB.OzoneManagerRequestHandler.getOzoneFileStatus(OzoneManagerRequestHandler.java:878) ~[ozone-manager-1.3.0-SNAPSHOT.jar:?]
	at org.apache.hadoop.ozone.protocolPB.OzoneManagerRequestHandler.handleReadRequest(OzoneManagerRequestHandler.java:224) ~[ozone-manager-1.3.0-SNAPSHOT.jar:?]
	at org.apache.hadoop.ozone.protocolPB.OzoneManagerProtocolServerSideTranslatorPB.submitRequestDirectlyToOM(OzoneManagerProtocolServerSideTranslatorPB.java:276) ~[ozone-manager-1.3.0-SNAPSHOT.jar:?]
	at org.apache.hadoop.ozone.protocolPB.OzoneManagerProtocolServerSideTranslatorPB.processRequest(OzoneManagerProtocolServerSideTranslatorPB.java:205) ~[ozone-manager-1.3.0-SNAPSHOT.jar:?]
	at org.apache.hadoop.hdds.server.OzoneProtocolMessageDispatcher.processRequest(OzoneProtocolMessageDispatcher.java:87) [hdds-server-framework-1.3.0-SNAPSHOT.jar:?]
	at org.apache.hadoop.ozone.protocolPB.OzoneManagerProtocolServerSideTranslatorPB.submitRequest(OzoneManagerProtocolServerSideTranslatorPB.java:147) [ozone-manager-1.3.0-SNAPSHOT.jar:?]
	at org.apache.hadoop.ozone.protocol.proto.OzoneManagerProtocolProtos$OzoneManagerService$2.callBlockingMethod(OzoneManagerProtocolProtos.java) [ozone-interface-client-1.3.0-SNAPSHOT.jar:?]
	at org.apache.hadoop.ipc.ProtobufRpcEngine$Server.processCall(ProtobufRpcEngine.java:466) [hadoop-common-3.3.1.jar:?]
	at org.apache.hadoop.ipc.ProtobufRpcEngine2$Server$ProtoBufRpcInvoker.call(ProtobufRpcEngine2.java:574) [hadoop-common-3.3.1.jar:?]
	at org.apache.hadoop.ipc.ProtobufRpcEngine2$Server$ProtoBufRpcInvoker.call(ProtobufRpcEngine2.java:552) [hadoop-common-3.3.1.jar:?]
	at org.apache.hadoop.ipc.RPC$Server.call(RPC.java:1093) [hadoop-common-3.3.1.jar:?]
	at org.apache.hadoop.ipc.Server$RpcCall.run(Server.java:1035) [hadoop-common-3.3.1.jar:?]
	at org.apache.hadoop.ipc.Server$RpcCall.run(Server.java:963) [hadoop-common-3.3.1.jar:?]
	at java.security.AccessController.doPrivileged(Native Method) ~[?:1.8.0_332]
	at javax.security.auth.Subject.doAs(Subject.java:422) [?:1.8.0_332]
	at org.apache.hadoop.security.UserGroupInformation.doAs(UserGroupInformation.java:1878) [hadoop-common-3.3.1.jar:?]
	at org.apache.hadoop.ipc.Server$Handler.run(Server.java:2966) [hadoop-common-3.3.1.jar:?]
01:50:13.960 [IPC Server handler 7 on default port 41659] ERROR OMAudit - user=runner | ip=127.0.0.1 | op=GET_FILE_STATUS {volume=volume05657, bucket=bucket88146, key=testBatchDelete/parent/child0, dataSize=0, replicationConfig=null} | ret=FAILURE
org.apache.hadoop.ozone.om.exceptions.OMException: Unable to get file status: volume: volume05657 bucket: bucket88146 key: testBatchDelete/parent/child0
	at org.apache.hadoop.ozone.om.KeyManagerImpl.getOzoneFileStatus(KeyManagerImpl.java:1311) ~[ozone-manager-1.3.0-SNAPSHOT.jar:?]
	at org.apache.hadoop.ozone.om.KeyManagerImpl.getFileStatus(KeyManagerImpl.java:1241) ~[ozone-manager-1.3.0-SNAPSHOT.jar:?]
	at org.apache.hadoop.ozone.om.OzoneManager.getFileStatus(OzoneManager.java:3467) ~[ozone-manager-1.3.0-SNAPSHOT.jar:?]
	at org.apache.hadoop.ozone.protocolPB.OzoneManagerRequestHandler.getOzoneFileStatus(OzoneManagerRequestHandler.java:878) ~[ozone-manager-1.3.0-SNAPSHOT.jar:?]
	at org.apache.hadoop.ozone.protocolPB.OzoneManagerRequestHandler.handleReadRequest(OzoneManagerRequestHandler.java:224) ~[ozone-manager-1.3.0-SNAPSHOT.jar:?]
	at org.apache.hadoop.ozone.protocolPB.OzoneManagerProtocolServerSideTranslatorPB.submitRequestDirectlyToOM(OzoneManagerProtocolServerSideTranslatorPB.java:276) ~[ozone-manager-1.3.0-SNAPSHOT.jar:?]
	at org.apache.hadoop.ozone.protocolPB.OzoneManagerProtocolServerSideTranslatorPB.processRequest(OzoneManagerProtocolServerSideTranslatorPB.java:205) ~[ozone-manager-1.3.0-SNAPSHOT.jar:?]
	at org.apache.hadoop.hdds.server.OzoneProtocolMessageDispatcher.processRequest(OzoneProtocolMessageDispatcher.java:87) [hdds-server-framework-1.3.0-SNAPSHOT.jar:?]
	at org.apache.hadoop.ozone.protocolPB.OzoneManagerProtocolServerSideTranslatorPB.submitRequest(OzoneManagerProtocolServerSideTranslatorPB.java:147) [ozone-manager-1.3.0-SNAPSHOT.jar:?]
	at org.apache.hadoop.ozone.protocol.proto.OzoneManagerProtocolProtos$OzoneManagerService$2.callBlockingMethod(OzoneManagerProtocolProtos.java) [ozone-interface-client-1.3.0-SNAPSHOT.jar:?]
	at org.apache.hadoop.ipc.ProtobufRpcEngine$Server.processCall(ProtobufRpcEngine.java:466) [hadoop-common-3.3.1.jar:?]
	at org.apache.hadoop.ipc.ProtobufRpcEngine2$Server$ProtoBufRpcInvoker.call(ProtobufRpcEngine2.java:574) [hadoop-common-3.3.1.jar:?]
	at org.apache.hadoop.ipc.ProtobufRpcEngine2$Server$ProtoBufRpcInvoker.call(ProtobufRpcEngine2.java:552) [hadoop-common-3.3.1.jar:?]
	at org.apache.hadoop.ipc.RPC$Server.call(RPC.java:1093) [hadoop-common-3.3.1.jar:?]
	at org.apache.hadoop.ipc.Server$RpcCall.run(Server.java:1035) [hadoop-common-3.3.1.jar:?]
	at org.apache.hadoop.ipc.Server$RpcCall.run(Server.java:963) [hadoop-common-3.3.1.jar:?]
	at java.security.AccessController.doPrivileged(Native Method) ~[?:1.8.0_332]
	at javax.security.auth.Subject.doAs(Subject.java:422) [?:1.8.0_332]
	at org.apache.hadoop.security.UserGroupInformation.doAs(UserGroupInformation.java:1878) [hadoop-common-3.3.1.jar:?]
	at org.apache.hadoop.ipc.Server$Handler.run(Server.java:2966) [hadoop-common-3.3.1.jar:?]
01:50:13.960 [IPC Server handler 4 on default port 41659] ERROR OMAudit - user=runner | ip=127.0.0.1 | op=GET_FILE_STATUS {volume=volume05657, bucket=bucket88146, key=testBatchDelete/parent/childFolder/child0, dataSize=0, replicationConfig=null} | ret=FAILURE
org.apache.hadoop.ozone.om.exceptions.OMException: Unable to get file status: volume: volume05657 bucket: bucket88146 key: testBatchDelete/parent/childFolder/child0
	at org.apache.hadoop.ozone.om.KeyManagerImpl.getOzoneFileStatus(KeyManagerImpl.java:1311) ~[ozone-manager-1.3.0-SNAPSHOT.jar:?]
	at org.apache.hadoop.ozone.om.KeyManagerImpl.getFileStatus(KeyManagerImpl.java:1241) ~[ozone-manager-1.3.0-SNAPSHOT.jar:?]
	at org.apache.hadoop.ozone.om.OzoneManager.getFileStatus(OzoneManager.java:3467) ~[ozone-manager-1.3.0-SNAPSHOT.jar:?]
	at org.apache.hadoop.ozone.protocolPB.OzoneManagerRequestHandler.getOzoneFileStatus(OzoneManagerRequestHandler.java:878) ~[ozone-manager-1.3.0-SNAPSHOT.jar:?]
	at org.apache.hadoop.ozone.protocolPB.OzoneManagerRequestHandler.handleReadRequest(OzoneManagerRequestHandler.java:224) ~[ozone-manager-1.3.0-SNAPSHOT.jar:?]
	at org.apache.hadoop.ozone.protocolPB.OzoneManagerProtocolServerSideTranslatorPB.submitRequestDirectlyToOM(OzoneManagerProtocolServerSideTranslatorPB.java:276) ~[ozone-manager-1.3.0-SNAPSHOT.jar:?]
	at org.apache.hadoop.ozone.protocolPB.OzoneManagerProtocolServerSideTranslatorPB.processRequest(OzoneManagerProtocolServerSideTranslatorPB.java:205) ~[ozone-manager-1.3.0-SNAPSHOT.jar:?]
	at org.apache.hadoop.hdds.server.OzoneProtocolMessageDispatcher.processRequest(OzoneProtocolMessageDispatcher.java:87) [hdds-server-framework-1.3.0-SNAPSHOT.jar:?]
	at org.apache.hadoop.ozone.protocolPB.OzoneManagerProtocolServerSideTranslatorPB.submitRequest(OzoneManagerProtocolServerSideTranslatorPB.java:147) [ozone-manager-1.3.0-SNAPSHOT.jar:?]
	at org.apache.hadoop.ozone.protocol.proto.OzoneManagerProtocolProtos$OzoneManagerService$2.callBlockingMethod(OzoneManagerProtocolProtos.java) [ozone-interface-client-1.3.0-SNAPSHOT.jar:?]
	at org.apache.hadoop.ipc.ProtobufRpcEngine$Server.processCall(ProtobufRpcEngine.java:466) [hadoop-common-3.3.1.jar:?]
	at org.apache.hadoop.ipc.ProtobufRpcEngine2$Server$ProtoBufRpcInvoker.call(ProtobufRpcEngine2.java:574) [hadoop-common-3.3.1.jar:?]
	at org.apache.hadoop.ipc.ProtobufRpcEngine2$Server$ProtoBufRpcInvoker.call(ProtobufRpcEngine2.java:552) [hadoop-common-3.3.1.jar:?]
	at org.apache.hadoop.ipc.RPC$Server.call(RPC.java:1093) [hadoop-common-3.3.1.jar:?]
	at org.apache.hadoop.ipc.Server$RpcCall.run(Server.java:1035) [hadoop-common-3.3.1.jar:?]
	at org.apache.hadoop.ipc.Server$RpcCall.run(Server.java:963) [hadoop-common-3.3.1.jar:?]
	at java.security.AccessController.doPrivileged(Native Method) ~[?:1.8.0_332]
	at javax.security.auth.Subject.doAs(Subject.java:422) [?:1.8.0_332]
	at org.apache.hadoop.security.UserGroupInformation.doAs(UserGroupInformation.java:1878) [hadoop-common-3.3.1.jar:?]
	at org.apache.hadoop.ipc.Server$Handler.run(Server.java:2966) [hadoop-common-3.3.1.jar:?]
01:50:13.961 [IPC Server handler 6 on default port 41659] ERROR OMAudit - user=runner | ip=127.0.0.1 | op=GET_FILE_STATUS {volume=volume05657, bucket=bucket88146, key=testBatchDelete/parent/child1, dataSize=0, replicationConfig=null} | ret=FAILURE
org.apache.hadoop.ozone.om.exceptions.OMException: Unable to get file status: volume: volume05657 bucket: bucket88146 key: testBatchDelete/parent/child1
	at org.apache.hadoop.ozone.om.KeyManagerImpl.getOzoneFileStatus(KeyManagerImpl.java:1311) ~[ozone-manager-1.3.0-SNAPSHOT.jar:?]
	at org.apache.hadoop.ozone.om.KeyManagerImpl.getFileStatus(KeyManagerImpl.java:1241) ~[ozone-manager-1.3.0-SNAPSHOT.jar:?]
	at org.apache.hadoop.ozone.om.OzoneManager.getFileStatus(OzoneManager.java:3467) ~[ozone-manager-1.3.0-SNAPSHOT.jar:?]
	at org.apache.hadoop.ozone.protocolPB.OzoneManagerRequestHandler.getOzoneFileStatus(OzoneManagerRequestHandler.java:878) ~[ozone-manager-1.3.0-SNAPSHOT.jar:?]
	at org.apache.hadoop.ozone.protocolPB.OzoneManagerRequestHandler.handleReadRequest(OzoneManagerRequestHandler.java:224) ~[ozone-manager-1.3.0-SNAPSHOT.jar:?]
	at org.apache.hadoop.ozone.protocolPB.OzoneManagerProtocolServerSideTranslatorPB.submitRequestDirectlyToOM(OzoneManagerProtocolServerSideTranslatorPB.java:276) ~[ozone-manager-1.3.0-SNAPSHOT.jar:?]
	at org.apache.hadoop.ozone.protocolPB.OzoneManagerProtocolServerSideTranslatorPB.processRequest(OzoneManagerProtocolServerSideTranslatorPB.java:205) ~[ozone-manager-1.3.0-SNAPSHOT.jar:?]
	at org.apache.hadoop.hdds.server.OzoneProtocolMessageDispatcher.processRequest(OzoneProtocolMessageDispatcher.java:87) [hdds-server-framework-1.3.0-SNAPSHOT.jar:?]
	at org.apache.hadoop.ozone.protocolPB.OzoneManagerProtocolServerSideTranslatorPB.submitRequest(OzoneManagerProtocolServerSideTranslatorPB.java:147) [ozone-manager-1.3.0-SNAPSHOT.jar:?]
	at org.apache.hadoop.ozone.protocol.proto.OzoneManagerProtocolProtos$OzoneManagerService$2.callBlockingMethod(OzoneManagerProtocolProtos.java) [ozone-interface-client-1.3.0-SNAPSHOT.jar:?]
	at org.apache.hadoop.ipc.ProtobufRpcEngine$Server.processCall(ProtobufRpcEngine.java:466) [hadoop-common-3.3.1.jar:?]
	at org.apache.hadoop.ipc.ProtobufRpcEngine2$Server$ProtoBufRpcInvoker.call(ProtobufRpcEngine2.java:574) [hadoop-common-3.3.1.jar:?]
	at org.apache.hadoop.ipc.ProtobufRpcEngine2$Server$ProtoBufRpcInvoker.call(ProtobufRpcEngine2.java:552) [hadoop-common-3.3.1.jar:?]
	at org.apache.hadoop.ipc.RPC$Server.call(RPC.java:1093) [hadoop-common-3.3.1.jar:?]
	at org.apache.hadoop.ipc.Server$RpcCall.run(Server.java:1035) [hadoop-common-3.3.1.jar:?]
	at org.apache.hadoop.ipc.Server$RpcCall.run(Server.java:963) [hadoop-common-3.3.1.jar:?]
	at java.security.AccessController.doPrivileged(Native Method) ~[?:1.8.0_332]
	at javax.security.auth.Subject.doAs(Subject.java:422) [?:1.8.0_332]
	at org.apache.hadoop.security.UserGroupInformation.doAs(UserGroupInformation.java:1878) [hadoop-common-3.3.1.jar:?]
	at org.apache.hadoop.ipc.Server$Handler.run(Server.java:2966) [hadoop-common-3.3.1.jar:?]
01:50:13.962 [IPC Server handler 17 on default port 41659] ERROR OMAudit - user=runner | ip=127.0.0.1 | op=GET_FILE_STATUS {volume=volume05657, bucket=bucket88146, key=testBatchDelete/parent/childFolder/child1, dataSize=0, replicationConfig=null} | ret=FAILURE
org.apache.hadoop.ozone.om.exceptions.OMException: Unable to get file status: volume: volume05657 bucket: bucket88146 key: testBatchDelete/parent/childFolder/child1
	at org.apache.hadoop.ozone.om.KeyManagerImpl.getOzoneFileStatus(KeyManagerImpl.java:1311) ~[ozone-manager-1.3.0-SNAPSHOT.jar:?]
	at org.apache.hadoop.ozone.om.KeyManagerImpl.getFileStatus(KeyManagerImpl.java:1241) ~[ozone-manager-1.3.0-SNAPSHOT.jar:?]
	at org.apache.hadoop.ozone.om.OzoneManager.getFileStatus(OzoneManager.java:3467) ~[ozone-manager-1.3.0-SNAPSHOT.jar:?]
	at org.apache.hadoop.ozone.protocolPB.OzoneManagerRequestHandler.getOzoneFileStatus(OzoneManagerRequestHandler.java:878) ~[ozone-manager-1.3.0-SNAPSHOT.jar:?]
	at org.apache.hadoop.ozone.protocolPB.OzoneManagerRequestHandler.handleReadRequest(OzoneManagerRequestHandler.java:224) ~[ozone-manager-1.3.0-SNAPSHOT.jar:?]
	at org.apache.hadoop.ozone.protocolPB.OzoneManagerProtocolServerSideTranslatorPB.submitRequestDirectlyToOM(OzoneManagerProtocolServerSideTranslatorPB.java:276) ~[ozone-manager-1.3.0-SNAPSHOT.jar:?]
	at org.apache.hadoop.ozone.protocolPB.OzoneManagerProtocolServerSideTranslatorPB.processRequest(OzoneManagerProtocolServerSideTranslatorPB.java:205) ~[ozone-manager-1.3.0-SNAPSHOT.jar:?]
	at org.apache.hadoop.hdds.server.OzoneProtocolMessageDispatcher.processRequest(OzoneProtocolMessageDispatcher.java:87) [hdds-server-framework-1.3.0-SNAPSHOT.jar:?]
	at org.apache.hadoop.ozone.protocolPB.OzoneManagerProtocolServerSideTranslatorPB.submitRequest(OzoneManagerProtocolServerSideTranslatorPB.java:147) [ozone-manager-1.3.0-SNAPSHOT.jar:?]
	at org.apache.hadoop.ozone.protocol.proto.OzoneManagerProtocolProtos$OzoneManagerService$2.callBlockingMethod(OzoneManagerProtocolProtos.java) [ozone-interface-client-1.3.0-SNAPSHOT.jar:?]
	at org.apache.hadoop.ipc.ProtobufRpcEngine$Server.processCall(ProtobufRpcEngine.java:466) [hadoop-common-3.3.1.jar:?]
	at org.apache.hadoop.ipc.ProtobufRpcEngine2$Server$ProtoBufRpcInvoker.call(ProtobufRpcEngine2.java:574) [hadoop-common-3.3.1.jar:?]
	at org.apache.hadoop.ipc.ProtobufRpcEngine2$Server$ProtoBufRpcInvoker.call(ProtobufRpcEngine2.java:552) [hadoop-common-3.3.1.jar:?]
	at org.apache.hadoop.ipc.RPC$Server.call(RPC.java:1093) [hadoop-common-3.3.1.jar:?]
	at org.apache.hadoop.ipc.Server$RpcCall.run(Server.java:1035) [hadoop-common-3.3.1.jar:?]
	at org.apache.hadoop.ipc.Server$RpcCall.run(Server.java:963) [hadoop-common-3.3.1.jar:?]
	at java.security.AccessController.doPrivileged(Native Method) ~[?:1.8.0_332]
	at javax.security.auth.Subject.doAs(Subject.java:422) [?:1.8.0_332]
	at org.apache.hadoop.security.UserGroupInformation.doAs(UserGroupInformation.java:1878) [hadoop-common-3.3.1.jar:?]
	at org.apache.hadoop.ipc.Server$Handler.run(Server.java:2966) [hadoop-common-3.3.1.jar:?]
01:50:13.963 [IPC Server handler 19 on default port 41659] ERROR OMAudit - user=runner | ip=127.0.0.1 | op=GET_FILE_STATUS {volume=volume05657, bucket=bucket88146, key=testBatchDelete/parent/child2, dataSize=0, replicationConfig=null} | ret=FAILURE
org.apache.hadoop.ozone.om.exceptions.OMException: Unable to get file status: volume: volume05657 bucket: bucket88146 key: testBatchDelete/parent/child2
	at org.apache.hadoop.ozone.om.KeyManagerImpl.getOzoneFileStatus(KeyManagerImpl.java:1311) ~[ozone-manager-1.3.0-SNAPSHOT.jar:?]
	at org.apache.hadoop.ozone.om.KeyManagerImpl.getFileStatus(KeyManagerImpl.java:1241) ~[ozone-manager-1.3.0-SNAPSHOT.jar:?]
	at org.apache.hadoop.ozone.om.OzoneManager.getFileStatus(OzoneManager.java:3467) ~[ozone-manager-1.3.0-SNAPSHOT.jar:?]
	at org.apache.hadoop.ozone.protocolPB.OzoneManagerRequestHandler.getOzoneFileStatus(OzoneManagerRequestHandler.java:878) ~[ozone-manager-1.3.0-SNAPSHOT.jar:?]
	at org.apache.hadoop.ozone.protocolPB.OzoneManagerRequestHandler.handleReadRequest(OzoneManagerRequestHandler.java:224) ~[ozone-manager-1.3.0-SNAPSHOT.jar:?]
	at org.apache.hadoop.ozone.protocolPB.OzoneManagerProtocolServerSideTranslatorPB.submitRequestDirectlyToOM(OzoneManagerProtocolServerSideTranslatorPB.java:276) ~[ozone-manager-1.3.0-SNAPSHOT.jar:?]
	at org.apache.hadoop.ozone.protocolPB.OzoneManagerProtocolServerSideTranslatorPB.processRequest(OzoneManagerProtocolServerSideTranslatorPB.java:205) ~[ozone-manager-1.3.0-SNAPSHOT.jar:?]
	at org.apache.hadoop.hdds.server.OzoneProtocolMessageDispatcher.processRequest(OzoneProtocolMessageDispatcher.java:87) [hdds-server-framework-1.3.0-SNAPSHOT.jar:?]
	at org.apache.hadoop.ozone.protocolPB.OzoneManagerProtocolServerSideTranslatorPB.submitRequest(OzoneManagerProtocolServerSideTranslatorPB.java:147) [ozone-manager-1.3.0-SNAPSHOT.jar:?]
	at org.apache.hadoop.ozone.protocol.proto.OzoneManagerProtocolProtos$OzoneManagerService$2.callBlockingMethod(OzoneManagerProtocolProtos.java) [ozone-interface-client-1.3.0-SNAPSHOT.jar:?]
	at org.apache.hadoop.ipc.ProtobufRpcEngine$Server.processCall(ProtobufRpcEngine.java:466) [hadoop-common-3.3.1.jar:?]
	at org.apache.hadoop.ipc.ProtobufRpcEngine2$Server$ProtoBufRpcInvoker.call(ProtobufRpcEngine2.java:574) [hadoop-common-3.3.1.jar:?]
	at org.apache.hadoop.ipc.ProtobufRpcEngine2$Server$ProtoBufRpcInvoker.call(ProtobufRpcEngine2.java:552) [hadoop-common-3.3.1.jar:?]
	at org.apache.hadoop.ipc.RPC$Server.call(RPC.java:1093) [hadoop-common-3.3.1.jar:?]
	at org.apache.hadoop.ipc.Server$RpcCall.run(Server.java:1035) [hadoop-common-3.3.1.jar:?]
	at org.apache.hadoop.ipc.Server$RpcCall.run(Server.java:963) [hadoop-common-3.3.1.jar:?]
	at java.security.AccessController.doPrivileged(Native Method) ~[?:1.8.0_332]
	at javax.security.auth.Subject.doAs(Subject.java:422) [?:1.8.0_332]
	at org.apache.hadoop.security.UserGroupInformation.doAs(UserGroupInformation.java:1878) [hadoop-common-3.3.1.jar:?]
	at org.apache.hadoop.ipc.Server$Handler.run(Server.java:2966) [hadoop-common-3.3.1.jar:?]
01:50:13.964 [IPC Server handler 11 on default port 41659] ERROR OMAudit - user=runner | ip=127.0.0.1 | op=GET_FILE_STATUS {volume=volume05657, bucket=bucket88146, key=testBatchDelete/parent/childFolder/child2, dataSize=0, replicationConfig=null} | ret=FAILURE
org.apache.hadoop.ozone.om.exceptions.OMException: Unable to get file status: volume: volume05657 bucket: bucket88146 key: testBatchDelete/parent/childFolder/child2
	at org.apache.hadoop.ozone.om.KeyManagerImpl.getOzoneFileStatus(KeyManagerImpl.java:1311) ~[ozone-manager-1.3.0-SNAPSHOT.jar:?]
	at org.apache.hadoop.ozone.om.KeyManagerImpl.getFileStatus(KeyManagerImpl.java:1241) ~[ozone-manager-1.3.0-SNAPSHOT.jar:?]
	at org.apache.hadoop.ozone.om.OzoneManager.getFileStatus(OzoneManager.java:3467) ~[ozone-manager-1.3.0-SNAPSHOT.jar:?]
	at org.apache.hadoop.ozone.protocolPB.OzoneManagerRequestHandler.getOzoneFileStatus(OzoneManagerRequestHandler.java:878) ~[ozone-manager-1.3.0-SNAPSHOT.jar:?]
	at org.apache.hadoop.ozone.protocolPB.OzoneManagerRequestHandler.handleReadRequest(OzoneManagerRequestHandler.java:224) ~[ozone-manager-1.3.0-SNAPSHOT.jar:?]
	at org.apache.hadoop.ozone.protocolPB.OzoneManagerProtocolServerSideTranslatorPB.submitRequestDirectlyToOM(OzoneManagerProtocolServerSideTranslatorPB.java:276) ~[ozone-manager-1.3.0-SNAPSHOT.jar:?]
	at org.apache.hadoop.ozone.protocolPB.OzoneManagerProtocolServerSideTranslatorPB.processRequest(OzoneManagerProtocolServerSideTranslatorPB.java:205) ~[ozone-manager-1.3.0-SNAPSHOT.jar:?]
	at org.apache.hadoop.hdds.server.OzoneProtocolMessageDispatcher.processRequest(OzoneProtocolMessageDispatcher.java:87) [hdds-server-framework-1.3.0-SNAPSHOT.jar:?]
	at org.apache.hadoop.ozone.protocolPB.OzoneManagerProtocolServerSideTranslatorPB.submitRequest(OzoneManagerProtocolServerSideTranslatorPB.java:147) [ozone-manager-1.3.0-SNAPSHOT.jar:?]
	at org.apache.hadoop.ozone.protocol.proto.OzoneManagerProtocolProtos$OzoneManagerService$2.callBlockingMethod(OzoneManagerProtocolProtos.java) [ozone-interface-client-1.3.0-SNAPSHOT.jar:?]
	at org.apache.hadoop.ipc.ProtobufRpcEngine$Server.processCall(ProtobufRpcEngine.java:466) [hadoop-common-3.3.1.jar:?]
	at org.apache.hadoop.ipc.ProtobufRpcEngine2$Server$ProtoBufRpcInvoker.call(ProtobufRpcEngine2.java:574) [hadoop-common-3.3.1.jar:?]
	at org.apache.hadoop.ipc.ProtobufRpcEngine2$Server$ProtoBufRpcInvoker.call(ProtobufRpcEngine2.java:552) [hadoop-common-3.3.1.jar:?]
	at org.apache.hadoop.ipc.RPC$Server.call(RPC.java:1093) [hadoop-common-3.3.1.jar:?]
	at org.apache.hadoop.ipc.Server$RpcCall.run(Server.java:1035) [hadoop-common-3.3.1.jar:?]
	at org.apache.hadoop.ipc.Server$RpcCall.run(Server.java:963) [hadoop-common-3.3.1.jar:?]
	at java.security.AccessController.doPrivileged(Native Method) ~[?:1.8.0_332]
	at javax.security.auth.Subject.doAs(Subject.java:422) [?:1.8.0_332]
	at org.apache.hadoop.security.UserGroupInformation.doAs(UserGroupInformation.java:1878) [hadoop-common-3.3.1.jar:?]
	at org.apache.hadoop.ipc.Server$Handler.run(Server.java:2966) [hadoop-common-3.3.1.jar:?]
01:50:13.965 [IPC Server handler 15 on default port 41659] ERROR OMAudit - user=runner | ip=127.0.0.1 | op=GET_FILE_STATUS {volume=volume05657, bucket=bucket88146, key=testBatchDelete/parent/child3, dataSize=0, replicationConfig=null} | ret=FAILURE
org.apache.hadoop.ozone.om.exceptions.OMException: Unable to get file status: volume: volume05657 bucket: bucket88146 key: testBatchDelete/parent/child3
	at org.apache.hadoop.ozone.om.KeyManagerImpl.getOzoneFileStatus(KeyManagerImpl.java:1311) ~[ozone-manager-1.3.0-SNAPSHOT.jar:?]
	at org.apache.hadoop.ozone.om.KeyManagerImpl.getFileStatus(KeyManagerImpl.java:1241) ~[ozone-manager-1.3.0-SNAPSHOT.jar:?]
	at org.apache.hadoop.ozone.om.OzoneManager.getFileStatus(OzoneManager.java:3467) ~[ozone-manager-1.3.0-SNAPSHOT.jar:?]
	at org.apache.hadoop.ozone.protocolPB.OzoneManagerRequestHandler.getOzoneFileStatus(OzoneManagerRequestHandler.java:878) ~[ozone-manager-1.3.0-SNAPSHOT.jar:?]
	at org.apache.hadoop.ozone.protocolPB.OzoneManagerRequestHandler.handleReadRequest(OzoneManagerRequestHandler.java:224) ~[ozone-manager-1.3.0-SNAPSHOT.jar:?]
	at org.apache.hadoop.ozone.protocolPB.OzoneManagerProtocolServerSideTranslatorPB.submitRequestDirectlyToOM(OzoneManagerProtocolServerSideTranslatorPB.java:276) ~[ozone-manager-1.3.0-SNAPSHOT.jar:?]
	at org.apache.hadoop.ozone.protocolPB.OzoneManagerProtocolServerSideTranslatorPB.processRequest(OzoneManagerProtocolServerSideTranslatorPB.java:205) ~[ozone-manager-1.3.0-SNAPSHOT.jar:?]
	at org.apache.hadoop.hdds.server.OzoneProtocolMessageDispatcher.processRequest(OzoneProtocolMessageDispatcher.java:87) [hdds-server-framework-1.3.0-SNAPSHOT.jar:?]
	at org.apache.hadoop.ozone.protocolPB.OzoneManagerProtocolServerSideTranslatorPB.submitRequest(OzoneManagerProtocolServerSideTranslatorPB.java:147) [ozone-manager-1.3.0-SNAPSHOT.jar:?]
	at org.apache.hadoop.ozone.protocol.proto.OzoneManagerProtocolProtos$OzoneManagerService$2.callBlockingMethod(OzoneManagerProtocolProtos.java) [ozone-interface-client-1.3.0-SNAPSHOT.jar:?]
	at org.apache.hadoop.ipc.ProtobufRpcEngine$Server.processCall(ProtobufRpcEngine.java:466) [hadoop-common-3.3.1.jar:?]
	at org.apache.hadoop.ipc.ProtobufRpcEngine2$Server$ProtoBufRpcInvoker.call(ProtobufRpcEngine2.java:574) [hadoop-common-3.3.1.jar:?]
	at org.apache.hadoop.ipc.ProtobufRpcEngine2$Server$ProtoBufRpcInvoker.call(ProtobufRpcEngine2.java:552) [hadoop-common-3.3.1.jar:?]
	at org.apache.hadoop.ipc.RPC$Server.call(RPC.java:1093) [hadoop-common-3.3.1.jar:?]
	at org.apache.hadoop.ipc.Server$RpcCall.run(Server.java:1035) [hadoop-common-3.3.1.jar:?]
	at org.apache.hadoop.ipc.Server$RpcCall.run(Server.java:963) [hadoop-common-3.3.1.jar:?]
	at java.security.AccessController.doPrivileged(Native Method) ~[?:1.8.0_332]
	at javax.security.auth.Subject.doAs(Subject.java:422) [?:1.8.0_332]
	at org.apache.hadoop.security.UserGroupInformation.doAs(UserGroupInformation.java:1878) [hadoop-common-3.3.1.jar:?]
	at org.apache.hadoop.ipc.Server$Handler.run(Server.java:2966) [hadoop-common-3.3.1.jar:?]
01:50:13.965 [IPC Server handler 13 on default port 41659] ERROR OMAudit - user=runner | ip=127.0.0.1 | op=GET_FILE_STATUS {volume=volume05657, bucket=bucket88146, key=testBatchDelete/parent/childFolder/child3, dataSize=0, replicationConfig=null} | ret=FAILURE
org.apache.hadoop.ozone.om.exceptions.OMException: Unable to get file status: volume: volume05657 bucket: bucket88146 key: testBatchDelete/parent/childFolder/child3
	at org.apache.hadoop.ozone.om.KeyManagerImpl.getOzoneFileStatus(KeyManagerImpl.java:1311) ~[ozone-manager-1.3.0-SNAPSHOT.jar:?]
	at org.apache.hadoop.ozone.om.KeyManagerImpl.getFileStatus(KeyManagerImpl.java:1241) ~[ozone-manager-1.3.0-SNAPSHOT.jar:?]
	at org.apache.hadoop.ozone.om.OzoneManager.getFileStatus(OzoneManager.java:3467) ~[ozone-manager-1.3.0-SNAPSHOT.jar:?]
	at org.apache.hadoop.ozone.protocolPB.OzoneManagerRequestHandler.getOzoneFileStatus(OzoneManagerRequestHandler.java:878) ~[ozone-manager-1.3.0-SNAPSHOT.jar:?]
	at org.apache.hadoop.ozone.protocolPB.OzoneManagerRequestHandler.handleReadRequest(OzoneManagerRequestHandler.java:224) ~[ozone-manager-1.3.0-SNAPSHOT.jar:?]
	at org.apache.hadoop.ozone.protocolPB.OzoneManagerProtocolServerSideTranslatorPB.submitRequestDirectlyToOM(OzoneManagerProtocolServerSideTranslatorPB.java:276) ~[ozone-manager-1.3.0-SNAPSHOT.jar:?]
	at org.apache.hadoop.ozone.protocolPB.OzoneManagerProtocolServerSideTranslatorPB.processRequest(OzoneManagerProtocolServerSideTranslatorPB.java:205) ~[ozone-manager-1.3.0-SNAPSHOT.jar:?]
	at org.apache.hadoop.hdds.server.OzoneProtocolMessageDispatcher.processRequest(OzoneProtocolMessageDispatcher.java:87) [hdds-server-framework-1.3.0-SNAPSHOT.jar:?]
	at org.apache.hadoop.ozone.protocolPB.OzoneManagerProtocolServerSideTranslatorPB.submitRequest(OzoneManagerProtocolServerSideTranslatorPB.java:147) [ozone-manager-1.3.0-SNAPSHOT.jar:?]
	at org.apache.hadoop.ozone.protocol.proto.OzoneManagerProtocolProtos$OzoneManagerService$2.callBlockingMethod(OzoneManagerProtocolProtos.java) [ozone-interface-client-1.3.0-SNAPSHOT.jar:?]
	at org.apache.hadoop.ipc.ProtobufRpcEngine$Server.processCall(ProtobufRpcEngine.java:466) [hadoop-common-3.3.1.jar:?]
	at org.apache.hadoop.ipc.ProtobufRpcEngine2$Server$ProtoBufRpcInvoker.call(ProtobufRpcEngine2.java:574) [hadoop-common-3.3.1.jar:?]
	at org.apache.hadoop.ipc.ProtobufRpcEngine2$Server$ProtoBufRpcInvoker.call(ProtobufRpcEngine2.java:552) [hadoop-common-3.3.1.jar:?]
	at org.apache.hadoop.ipc.RPC$Server.call(RPC.java:1093) [hadoop-common-3.3.1.jar:?]
	at org.apache.hadoop.ipc.Server$RpcCall.run(Server.java:1035) [hadoop-common-3.3.1.jar:?]
	at org.apache.hadoop.ipc.Server$RpcCall.run(Server.java:963) [hadoop-common-3.3.1.jar:?]
	at java.security.AccessController.doPrivileged(Native Method) ~[?:1.8.0_332]
	at javax.security.auth.Subject.doAs(Subject.java:422) [?:1.8.0_332]
	at org.apache.hadoop.security.UserGroupInformation.doAs(UserGroupInformation.java:1878) [hadoop-common-3.3.1.jar:?]
	at org.apache.hadoop.ipc.Server$Handler.run(Server.java:2966) [hadoop-common-3.3.1.jar:?]
01:50:13.966 [IPC Server handler 9 on default port 41659] ERROR OMAudit - user=runner | ip=127.0.0.1 | op=GET_FILE_STATUS {volume=volume05657, bucket=bucket88146, key=testBatchDelete/parent/child4, dataSize=0, replicationConfig=null} | ret=FAILURE
org.apache.hadoop.ozone.om.exceptions.OMException: Unable to get file status: volume: volume05657 bucket: bucket88146 key: testBatchDelete/parent/child4
	at org.apache.hadoop.ozone.om.KeyManagerImpl.getOzoneFileStatus(KeyManagerImpl.java:1311) ~[ozone-manager-1.3.0-SNAPSHOT.jar:?]
	at org.apache.hadoop.ozone.om.KeyManagerImpl.getFileStatus(KeyManagerImpl.java:1241) ~[ozone-manager-1.3.0-SNAPSHOT.jar:?]
	at org.apache.hadoop.ozone.om.OzoneManager.getFileStatus(OzoneManager.java:3467) ~[ozone-manager-1.3.0-SNAPSHOT.jar:?]
	at org.apache.hadoop.ozone.protocolPB.OzoneManagerRequestHandler.getOzoneFileStatus(OzoneManagerRequestHandler.java:878) ~[ozone-manager-1.3.0-SNAPSHOT.jar:?]
	at org.apache.hadoop.ozone.protocolPB.OzoneManagerRequestHandler.handleReadRequest(OzoneManagerRequestHandler.java:224) ~[ozone-manager-1.3.0-SNAPSHOT.jar:?]
	at org.apache.hadoop.ozone.protocolPB.OzoneManagerProtocolServerSideTranslatorPB.submitRequestDirectlyToOM(OzoneManagerProtocolServerSideTranslatorPB.java:276) ~[ozone-manager-1.3.0-SNAPSHOT.jar:?]
	at org.apache.hadoop.ozone.protocolPB.OzoneManagerProtocolServerSideTranslatorPB.processRequest(OzoneManagerProtocolServerSideTranslatorPB.java:205) ~[ozone-manager-1.3.0-SNAPSHOT.jar:?]
	at org.apache.hadoop.hdds.server.OzoneProtocolMessageDispatcher.processRequest(OzoneProtocolMessageDispatcher.java:87) [hdds-server-framework-1.3.0-SNAPSHOT.jar:?]
	at org.apache.hadoop.ozone.protocolPB.OzoneManagerProtocolServerSideTranslatorPB.submitRequest(OzoneManagerProtocolServerSideTranslatorPB.java:147) [ozone-manager-1.3.0-SNAPSHOT.jar:?]
	at org.apache.hadoop.ozone.protocol.proto.OzoneManagerProtocolProtos$OzoneManagerService$2.callBlockingMethod(OzoneManagerProtocolProtos.java) [ozone-interface-client-1.3.0-SNAPSHOT.jar:?]
	at org.apache.hadoop.ipc.ProtobufRpcEngine$Server.processCall(ProtobufRpcEngine.java:466) [hadoop-common-3.3.1.jar:?]
	at org.apache.hadoop.ipc.ProtobufRpcEngine2$Server$ProtoBufRpcInvoker.call(ProtobufRpcEngine2.java:574) [hadoop-common-3.3.1.jar:?]
	at org.apache.hadoop.ipc.ProtobufRpcEngine2$Server$ProtoBufRpcInvoker.call(ProtobufRpcEngine2.java:552) [hadoop-common-3.3.1.jar:?]
	at org.apache.hadoop.ipc.RPC$Server.call(RPC.java:1093) [hadoop-common-3.3.1.jar:?]
	at org.apache.hadoop.ipc.Server$RpcCall.run(Server.java:1035) [hadoop-common-3.3.1.jar:?]
	at org.apache.hadoop.ipc.Server$RpcCall.run(Server.java:963) [hadoop-common-3.3.1.jar:?]
	at java.security.AccessController.doPrivileged(Native Method) ~[?:1.8.0_332]
	at javax.security.auth.Subject.doAs(Subject.java:422) [?:1.8.0_332]
	at org.apache.hadoop.security.UserGroupInformation.doAs(UserGroupInformation.java:1878) [hadoop-common-3.3.1.jar:?]
	at org.apache.hadoop.ipc.Server$Handler.run(Server.java:2966) [hadoop-common-3.3.1.jar:?]
01:50:13.967 [IPC Server handler 2 on default port 41659] ERROR OMAudit - user=runner | ip=127.0.0.1 | op=GET_FILE_STATUS {volume=volume05657, bucket=bucket88146, key=testBatchDelete/parent/childFolder/child4, dataSize=0, replicationConfig=null} | ret=FAILURE
org.apache.hadoop.ozone.om.exceptions.OMException: Unable to get file status: volume: volume05657 bucket: bucket88146 key: testBatchDelete/parent/childFolder/child4
	at org.apache.hadoop.ozone.om.KeyManagerImpl.getOzoneFileStatus(KeyManagerImpl.java:1311) ~[ozone-manager-1.3.0-SNAPSHOT.jar:?]
	at org.apache.hadoop.ozone.om.KeyManagerImpl.getFileStatus(KeyManagerImpl.java:1241) ~[ozone-manager-1.3.0-SNAPSHOT.jar:?]
	at org.apache.hadoop.ozone.om.OzoneManager.getFileStatus(OzoneManager.java:3467) ~[ozone-manager-1.3.0-SNAPSHOT.jar:?]
	at org.apache.hadoop.ozone.protocolPB.OzoneManagerRequestHandler.getOzoneFileStatus(OzoneManagerRequestHandler.java:878) ~[ozone-manager-1.3.0-SNAPSHOT.jar:?]
	at org.apache.hadoop.ozone.protocolPB.OzoneManagerRequestHandler.handleReadRequest(OzoneManagerRequestHandler.java:224) ~[ozone-manager-1.3.0-SNAPSHOT.jar:?]
	at org.apache.hadoop.ozone.protocolPB.OzoneManagerProtocolServerSideTranslatorPB.submitRequestDirectlyToOM(OzoneManagerProtocolServerSideTranslatorPB.java:276) ~[ozone-manager-1.3.0-SNAPSHOT.jar:?]
	at org.apache.hadoop.ozone.protocolPB.OzoneManagerProtocolServerSideTranslatorPB.processRequest(OzoneManagerProtocolServerSideTranslatorPB.java:205) ~[ozone-manager-1.3.0-SNAPSHOT.jar:?]
	at org.apache.hadoop.hdds.server.OzoneProtocolMessageDispatcher.processRequest(OzoneProtocolMessageDispatcher.java:87) [hdds-server-framework-1.3.0-SNAPSHOT.jar:?]
	at org.apache.hadoop.ozone.protocolPB.OzoneManagerProtocolServerSideTranslatorPB.submitRequest(OzoneManagerProtocolServerSideTranslatorPB.java:147) [ozone-manager-1.3.0-SNAPSHOT.jar:?]
	at org.apache.hadoop.ozone.protocol.proto.OzoneManagerProtocolProtos$OzoneManagerService$2.callBlockingMethod(OzoneManagerProtocolProtos.java) [ozone-interface-client-1.3.0-SNAPSHOT.jar:?]
	at org.apache.hadoop.ipc.ProtobufRpcEngine$Server.processCall(ProtobufRpcEngine.java:466) [hadoop-common-3.3.1.jar:?]
	at org.apache.hadoop.ipc.ProtobufRpcEngine2$Server$ProtoBufRpcInvoker.call(ProtobufRpcEngine2.java:574) [hadoop-common-3.3.1.jar:?]
	at org.apache.hadoop.ipc.ProtobufRpcEngine2$Server$ProtoBufRpcInvoker.call(ProtobufRpcEngine2.java:552) [hadoop-common-3.3.1.jar:?]
	at org.apache.hadoop.ipc.RPC$Server.call(RPC.java:1093) [hadoop-common-3.3.1.jar:?]
	at org.apache.hadoop.ipc.Server$RpcCall.run(Server.java:1035) [hadoop-common-3.3.1.jar:?]
	at org.apache.hadoop.ipc.Server$RpcCall.run(Server.java:963) [hadoop-common-3.3.1.jar:?]
	at java.security.AccessController.doPrivileged(Native Method) ~[?:1.8.0_332]
	at javax.security.auth.Subject.doAs(Subject.java:422) [?:1.8.0_332]
	at org.apache.hadoop.security.UserGroupInformation.doAs(UserGroupInformation.java:1878) [hadoop-common-3.3.1.jar:?]
	at org.apache.hadoop.ipc.Server$Handler.run(Server.java:2966) [hadoop-common-3.3.1.jar:?]
01:50:13.975 [IPC Server handler 7 on default port 41659] ERROR OMAudit - user=runner | ip=127.0.0.1 | op=GET_FILE_STATUS {volume=volume05657, bucket=bucket88146, key=testBatchDelete/parent/child5, dataSize=0, replicationConfig=null} | ret=FAILURE
org.apache.hadoop.ozone.om.exceptions.OMException: Unable to get file status: volume: volume05657 bucket: bucket88146 key: testBatchDelete/parent/child5
	at org.apache.hadoop.ozone.om.KeyManagerImpl.getOzoneFileStatus(KeyManagerImpl.java:1311) ~[ozone-manager-1.3.0-SNAPSHOT.jar:?]
	at org.apache.hadoop.ozone.om.KeyManagerImpl.getFileStatus(KeyManagerImpl.java:1241) ~[ozone-manager-1.3.0-SNAPSHOT.jar:?]
	at org.apache.hadoop.ozone.om.OzoneManager.getFileStatus(OzoneManager.java:3467) ~[ozone-manager-1.3.0-SNAPSHOT.jar:?]
	at org.apache.hadoop.ozone.protocolPB.OzoneManagerRequestHandler.getOzoneFileStatus(OzoneManagerRequestHandler.java:878) ~[ozone-manager-1.3.0-SNAPSHOT.jar:?]
	at org.apache.hadoop.ozone.protocolPB.OzoneManagerRequestHandler.handleReadRequest(OzoneManagerRequestHandler.java:224) ~[ozone-manager-1.3.0-SNAPSHOT.jar:?]
	at org.apache.hadoop.ozone.protocolPB.OzoneManagerProtocolServerSideTranslatorPB.submitRequestDirectlyToOM(OzoneManagerProtocolServerSideTranslatorPB.java:276) ~[ozone-manager-1.3.0-SNAPSHOT.jar:?]
	at org.apache.hadoop.ozone.protocolPB.OzoneManagerProtocolServerSideTranslatorPB.processRequest(OzoneManagerProtocolServerSideTranslatorPB.java:205) ~[ozone-manager-1.3.0-SNAPSHOT.jar:?]
	at org.apache.hadoop.hdds.server.OzoneProtocolMessageDispatcher.processRequest(OzoneProtocolMessageDispatcher.java:87) [hdds-server-framework-1.3.0-SNAPSHOT.jar:?]
	at org.apache.hadoop.ozone.protocolPB.OzoneManagerProtocolServerSideTranslatorPB.submitRequest(OzoneManagerProtocolServerSideTranslatorPB.java:147) [ozone-manager-1.3.0-SNAPSHOT.jar:?]
	at org.apache.hadoop.ozone.protocol.proto.OzoneManagerProtocolProtos$OzoneManagerService$2.callBlockingMethod(OzoneManagerProtocolProtos.java) [ozone-interface-client-1.3.0-SNAPSHOT.jar:?]
	at org.apache.hadoop.ipc.ProtobufRpcEngine$Server.processCall(ProtobufRpcEngine.java:466) [hadoop-common-3.3.1.jar:?]
	at org.apache.hadoop.ipc.ProtobufRpcEngine2$Server$ProtoBufRpcInvoker.call(ProtobufRpcEngine2.java:574) [hadoop-common-3.3.1.jar:?]
	at org.apache.hadoop.ipc.ProtobufRpcEngine2$Server$ProtoBufRpcInvoker.call(ProtobufRpcEngine2.java:552) [hadoop-common-3.3.1.jar:?]
	at org.apache.hadoop.ipc.RPC$Server.call(RPC.java:1093) [hadoop-common-3.3.1.jar:?]
	at org.apache.hadoop.ipc.Server$RpcCall.run(Server.java:1035) [hadoop-common-3.3.1.jar:?]
	at org.apache.hadoop.ipc.Server$RpcCall.run(Server.java:963) [hadoop-common-3.3.1.jar:?]
	at java.security.AccessController.doPrivileged(Native Method) ~[?:1.8.0_332]
	at javax.security.auth.Subject.doAs(Subject.java:422) [?:1.8.0_332]
	at org.apache.hadoop.security.UserGroupInformation.doAs(UserGroupInformation.java:1878) [hadoop-common-3.3.1.jar:?]
	at org.apache.hadoop.ipc.Server$Handler.run(Server.java:2966) [hadoop-common-3.3.1.jar:?]
01:50:13.976 [IPC Server handler 4 on default port 41659] ERROR OMAudit - user=runner | ip=127.0.0.1 | op=GET_FILE_STATUS {volume=volume05657, bucket=bucket88146, key=testBatchDelete/parent/childFolder/child5, dataSize=0, replicationConfig=null} | ret=FAILURE
org.apache.hadoop.ozone.om.exceptions.OMException: Unable to get file status: volume: volume05657 bucket: bucket88146 key: testBatchDelete/parent/childFolder/child5
	at org.apache.hadoop.ozone.om.KeyManagerImpl.getOzoneFileStatus(KeyManagerImpl.java:1311) ~[ozone-manager-1.3.0-SNAPSHOT.jar:?]
	at org.apache.hadoop.ozone.om.KeyManagerImpl.getFileStatus(KeyManagerImpl.java:1241) ~[ozone-manager-1.3.0-SNAPSHOT.jar:?]
	at org.apache.hadoop.ozone.om.OzoneManager.getFileStatus(OzoneManager.java:3467) ~[ozone-manager-1.3.0-SNAPSHOT.jar:?]
	at org.apache.hadoop.ozone.protocolPB.OzoneManagerRequestHandler.getOzoneFileStatus(OzoneManagerRequestHandler.java:878) ~[ozone-manager-1.3.0-SNAPSHOT.jar:?]
	at org.apache.hadoop.ozone.protocolPB.OzoneManagerRequestHandler.handleReadRequest(OzoneManagerRequestHandler.java:224) ~[ozone-manager-1.3.0-SNAPSHOT.jar:?]
	at org.apache.hadoop.ozone.protocolPB.OzoneManagerProtocolServerSideTranslatorPB.submitRequestDirectlyToOM(OzoneManagerProtocolServerSideTranslatorPB.java:276) ~[ozone-manager-1.3.0-SNAPSHOT.jar:?]
	at org.apache.hadoop.ozone.protocolPB.OzoneManagerProtocolServerSideTranslatorPB.processRequest(OzoneManagerProtocolServerSideTranslatorPB.java:205) ~[ozone-manager-1.3.0-SNAPSHOT.jar:?]
	at org.apache.hadoop.hdds.server.OzoneProtocolMessageDispatcher.processRequest(OzoneProtocolMessageDispatcher.java:87) [hdds-server-framework-1.3.0-SNAPSHOT.jar:?]
	at org.apache.hadoop.ozone.protocolPB.OzoneManagerProtocolServerSideTranslatorPB.submitRequest(OzoneManagerProtocolServerSideTranslatorPB.java:147) [ozone-manager-1.3.0-SNAPSHOT.jar:?]
	at org.apache.hadoop.ozone.protocol.proto.OzoneManagerProtocolProtos$OzoneManagerService$2.callBlockingMethod(OzoneManagerProtocolProtos.java) [ozone-interface-client-1.3.0-SNAPSHOT.jar:?]
	at org.apache.hadoop.ipc.ProtobufRpcEngine$Server.processCall(ProtobufRpcEngine.java:466) [hadoop-common-3.3.1.jar:?]
	at org.apache.hadoop.ipc.ProtobufRpcEngine2$Server$ProtoBufRpcInvoker.call(ProtobufRpcEngine2.java:574) [hadoop-common-3.3.1.jar:?]
	at org.apache.hadoop.ipc.ProtobufRpcEngine2$Server$ProtoBufRpcInvoker.call(ProtobufRpcEngine2.java:552) [hadoop-common-3.3.1.jar:?]
	at org.apache.hadoop.ipc.RPC$Server.call(RPC.java:1093) [hadoop-common-3.3.1.jar:?]
	at org.apache.hadoop.ipc.Server$RpcCall.run(Server.java:1035) [hadoop-common-3.3.1.jar:?]
	at org.apache.hadoop.ipc.Server$RpcCall.run(Server.java:963) [hadoop-common-3.3.1.jar:?]
	at java.security.AccessController.doPrivileged(Native Method) ~[?:1.8.0_332]
	at javax.security.auth.Subject.doAs(Subject.java:422) [?:1.8.0_332]
	at org.apache.hadoop.security.UserGroupInformation.doAs(UserGroupInformation.java:1878) [hadoop-common-3.3.1.jar:?]
	at org.apache.hadoop.ipc.Server$Handler.run(Server.java:2966) [hadoop-common-3.3.1.jar:?]
01:50:13.977 [IPC Server handler 6 on default port 41659] ERROR OMAudit - user=runner | ip=127.0.0.1 | op=GET_FILE_STATUS {volume=volume05657, bucket=bucket88146, key=testBatchDelete/parent/child6, dataSize=0, replicationConfig=null} | ret=FAILURE
org.apache.hadoop.ozone.om.exceptions.OMException: Unable to get file status: volume: volume05657 bucket: bucket88146 key: testBatchDelete/parent/child6
	at org.apache.hadoop.ozone.om.KeyManagerImpl.getOzoneFileStatus(KeyManagerImpl.java:1311) ~[ozone-manager-1.3.0-SNAPSHOT.jar:?]
	at org.apache.hadoop.ozone.om.KeyManagerImpl.getFileStatus(KeyManagerImpl.java:1241) ~[ozone-manager-1.3.0-SNAPSHOT.jar:?]
	at org.apache.hadoop.ozone.om.OzoneManager.getFileStatus(OzoneManager.java:3467) ~[ozone-manager-1.3.0-SNAPSHOT.jar:?]
	at org.apache.hadoop.ozone.protocolPB.OzoneManagerRequestHandler.getOzoneFileStatus(OzoneManagerRequestHandler.java:878) ~[ozone-manager-1.3.0-SNAPSHOT.jar:?]
	at org.apache.hadoop.ozone.protocolPB.OzoneManagerRequestHandler.handleReadRequest(OzoneManagerRequestHandler.java:224) ~[ozone-manager-1.3.0-SNAPSHOT.jar:?]
	at org.apache.hadoop.ozone.protocolPB.OzoneManagerProtocolServerSideTranslatorPB.submitRequestDirectlyToOM(OzoneManagerProtocolServerSideTranslatorPB.java:276) ~[ozone-manager-1.3.0-SNAPSHOT.jar:?]
	at org.apache.hadoop.ozone.protocolPB.OzoneManagerProtocolServerSideTranslatorPB.processRequest(OzoneManagerProtocolServerSideTranslatorPB.java:205) ~[ozone-manager-1.3.0-SNAPSHOT.jar:?]
	at org.apache.hadoop.hdds.server.OzoneProtocolMessageDispatcher.processRequest(OzoneProtocolMessageDispatcher.java:87) [hdds-server-framework-1.3.0-SNAPSHOT.jar:?]
	at org.apache.hadoop.ozone.protocolPB.OzoneManagerProtocolServerSideTranslatorPB.submitRequest(OzoneManagerProtocolServerSideTranslatorPB.java:147) [ozone-manager-1.3.0-SNAPSHOT.jar:?]
	at org.apache.hadoop.ozone.protocol.proto.OzoneManagerProtocolProtos$OzoneManagerService$2.callBlockingMethod(OzoneManagerProtocolProtos.java) [ozone-interface-client-1.3.0-SNAPSHOT.jar:?]
	at org.apache.hadoop.ipc.ProtobufRpcEngine$Server.processCall(ProtobufRpcEngine.java:466) [hadoop-common-3.3.1.jar:?]
	at org.apache.hadoop.ipc.ProtobufRpcEngine2$Server$ProtoBufRpcInvoker.call(ProtobufRpcEngine2.java:574) [hadoop-common-3.3.1.jar:?]
	at org.apache.hadoop.ipc.ProtobufRpcEngine2$Server$ProtoBufRpcInvoker.call(ProtobufRpcEngine2.java:552) [hadoop-common-3.3.1.jar:?]
	at org.apache.hadoop.ipc.RPC$Server.call(RPC.java:1093) [hadoop-common-3.3.1.jar:?]
	at org.apache.hadoop.ipc.Server$RpcCall.run(Server.java:1035) [hadoop-common-3.3.1.jar:?]
	at org.apache.hadoop.ipc.Server$RpcCall.run(Server.java:963) [hadoop-common-3.3.1.jar:?]
	at java.security.AccessController.doPrivileged(Native Method) ~[?:1.8.0_332]
	at javax.security.auth.Subject.doAs(Subject.java:422) [?:1.8.0_332]
	at org.apache.hadoop.security.UserGroupInformation.doAs(UserGroupInformation.java:1878) [hadoop-common-3.3.1.jar:?]
	at org.apache.hadoop.ipc.Server$Handler.run(Server.java:2966) [hadoop-common-3.3.1.jar:?]
01:50:13.978 [IPC Server handler 17 on default port 41659] ERROR OMAudit - user=runner | ip=127.0.0.1 | op=GET_FILE_STATUS {volume=volume05657, bucket=bucket88146, key=testBatchDelete/parent/childFolder/child6, dataSize=0, replicationConfig=null} | ret=FAILURE
org.apache.hadoop.ozone.om.exceptions.OMException: Unable to get file status: volume: volume05657 bucket: bucket88146 key: testBatchDelete/parent/childFolder/child6
	at org.apache.hadoop.ozone.om.KeyManagerImpl.getOzoneFileStatus(KeyManagerImpl.java:1311) ~[ozone-manager-1.3.0-SNAPSHOT.jar:?]
	at org.apache.hadoop.ozone.om.KeyManagerImpl.getFileStatus(KeyManagerImpl.java:1241) ~[ozone-manager-1.3.0-SNAPSHOT.jar:?]
	at org.apache.hadoop.ozone.om.OzoneManager.getFileStatus(OzoneManager.java:3467) ~[ozone-manager-1.3.0-SNAPSHOT.jar:?]
	at org.apache.hadoop.ozone.protocolPB.OzoneManagerRequestHandler.getOzoneFileStatus(OzoneManagerRequestHandler.java:878) ~[ozone-manager-1.3.0-SNAPSHOT.jar:?]
	at org.apache.hadoop.ozone.protocolPB.OzoneManagerRequestHandler.handleReadRequest(OzoneManagerRequestHandler.java:224) ~[ozone-manager-1.3.0-SNAPSHOT.jar:?]
	at org.apache.hadoop.ozone.protocolPB.OzoneManagerProtocolServerSideTranslatorPB.submitRequestDirectlyToOM(OzoneManagerProtocolServerSideTranslatorPB.java:276) ~[ozone-manager-1.3.0-SNAPSHOT.jar:?]
	at org.apache.hadoop.ozone.protocolPB.OzoneManagerProtocolServerSideTranslatorPB.processRequest(OzoneManagerProtocolServerSideTranslatorPB.java:205) ~[ozone-manager-1.3.0-SNAPSHOT.jar:?]
	at org.apache.hadoop.hdds.server.OzoneProtocolMessageDispatcher.processRequest(OzoneProtocolMessageDispatcher.java:87) [hdds-server-framework-1.3.0-SNAPSHOT.jar:?]
	at org.apache.hadoop.ozone.protocolPB.OzoneManagerProtocolServerSideTranslatorPB.submitRequest(OzoneManagerProtocolServerSideTranslatorPB.java:147) [ozone-manager-1.3.0-SNAPSHOT.jar:?]
	at org.apache.hadoop.ozone.protocol.proto.OzoneManagerProtocolProtos$OzoneManagerService$2.callBlockingMethod(OzoneManagerProtocolProtos.java) [ozone-interface-client-1.3.0-SNAPSHOT.jar:?]
	at org.apache.hadoop.ipc.ProtobufRpcEngine$Server.processCall(ProtobufRpcEngine.java:466) [hadoop-common-3.3.1.jar:?]
	at org.apache.hadoop.ipc.ProtobufRpcEngine2$Server$ProtoBufRpcInvoker.call(ProtobufRpcEngine2.java:574) [hadoop-common-3.3.1.jar:?]
	at org.apache.hadoop.ipc.ProtobufRpcEngine2$Server$ProtoBufRpcInvoker.call(ProtobufRpcEngine2.java:552) [hadoop-common-3.3.1.jar:?]
	at org.apache.hadoop.ipc.RPC$Server.call(RPC.java:1093) [hadoop-common-3.3.1.jar:?]
	at org.apache.hadoop.ipc.Server$RpcCall.run(Server.java:1035) [hadoop-common-3.3.1.jar:?]
	at org.apache.hadoop.ipc.Server$RpcCall.run(Server.java:963) [hadoop-common-3.3.1.jar:?]
	at java.security.AccessController.doPrivileged(Native Method) ~[?:1.8.0_332]
	at javax.security.auth.Subject.doAs(Subject.java:422) [?:1.8.0_332]
	at org.apache.hadoop.security.UserGroupInformation.doAs(UserGroupInformation.java:1878) [hadoop-common-3.3.1.jar:?]
	at org.apache.hadoop.ipc.Server$Handler.run(Server.java:2966) [hadoop-common-3.3.1.jar:?]
01:50:13.978 [IPC Server handler 19 on default port 41659] ERROR OMAudit - user=runner | ip=127.0.0.1 | op=GET_FILE_STATUS {volume=volume05657, bucket=bucket88146, key=testBatchDelete/parent/child7, dataSize=0, replicationConfig=null} | ret=FAILURE
org.apache.hadoop.ozone.om.exceptions.OMException: Unable to get file status: volume: volume05657 bucket: bucket88146 key: testBatchDelete/parent/child7
	at org.apache.hadoop.ozone.om.KeyManagerImpl.getOzoneFileStatus(KeyManagerImpl.java:1311) ~[ozone-manager-1.3.0-SNAPSHOT.jar:?]
	at org.apache.hadoop.ozone.om.KeyManagerImpl.getFileStatus(KeyManagerImpl.java:1241) ~[ozone-manager-1.3.0-SNAPSHOT.jar:?]
	at org.apache.hadoop.ozone.om.OzoneManager.getFileStatus(OzoneManager.java:3467) ~[ozone-manager-1.3.0-SNAPSHOT.jar:?]
	at org.apache.hadoop.ozone.protocolPB.OzoneManagerRequestHandler.getOzoneFileStatus(OzoneManagerRequestHandler.java:878) ~[ozone-manager-1.3.0-SNAPSHOT.jar:?]
	at org.apache.hadoop.ozone.protocolPB.OzoneManagerRequestHandler.handleReadRequest(OzoneManagerRequestHandler.java:224) ~[ozone-manager-1.3.0-SNAPSHOT.jar:?]
	at org.apache.hadoop.ozone.protocolPB.OzoneManagerProtocolServerSideTranslatorPB.submitRequestDirectlyToOM(OzoneManagerProtocolServerSideTranslatorPB.java:276) ~[ozone-manager-1.3.0-SNAPSHOT.jar:?]
	at org.apache.hadoop.ozone.protocolPB.OzoneManagerProtocolServerSideTranslatorPB.processRequest(OzoneManagerProtocolServerSideTranslatorPB.java:205) ~[ozone-manager-1.3.0-SNAPSHOT.jar:?]
	at org.apache.hadoop.hdds.server.OzoneProtocolMessageDispatcher.processRequest(OzoneProtocolMessageDispatcher.java:87) [hdds-server-framework-1.3.0-SNAPSHOT.jar:?]
	at org.apache.hadoop.ozone.protocolPB.OzoneManagerProtocolServerSideTranslatorPB.submitRequest(OzoneManagerProtocolServerSideTranslatorPB.java:147) [ozone-manager-1.3.0-SNAPSHOT.jar:?]
	at org.apache.hadoop.ozone.protocol.proto.OzoneManagerProtocolProtos$OzoneManagerService$2.callBlockingMethod(OzoneManagerProtocolProtos.java) [ozone-interface-client-1.3.0-SNAPSHOT.jar:?]
	at org.apache.hadoop.ipc.ProtobufRpcEngine$Server.processCall(ProtobufRpcEngine.java:466) [hadoop-common-3.3.1.jar:?]
	at org.apache.hadoop.ipc.ProtobufRpcEngine2$Server$ProtoBufRpcInvoker.call(ProtobufRpcEngine2.java:574) [hadoop-common-3.3.1.jar:?]
	at org.apache.hadoop.ipc.ProtobufRpcEngine2$Server$ProtoBufRpcInvoker.call(ProtobufRpcEngine2.java:552) [hadoop-common-3.3.1.jar:?]
	at org.apache.hadoop.ipc.RPC$Server.call(RPC.java:1093) [hadoop-common-3.3.1.jar:?]
	at org.apache.hadoop.ipc.Server$RpcCall.run(Server.java:1035) [hadoop-common-3.3.1.jar:?]
	at org.apache.hadoop.ipc.Server$RpcCall.run(Server.java:963) [hadoop-common-3.3.1.jar:?]
	at java.security.AccessController.doPrivileged(Native Method) ~[?:1.8.0_332]
	at javax.security.auth.Subject.doAs(Subject.java:422) [?:1.8.0_332]
	at org.apache.hadoop.security.UserGroupInformation.doAs(UserGroupInformation.java:1878) [hadoop-common-3.3.1.jar:?]
	at org.apache.hadoop.ipc.Server$Handler.run(Server.java:2966) [hadoop-common-3.3.1.jar:?]
01:50:14.005 [IPC Server handler 11 on default port 41659] ERROR OMAudit - user=runner | ip=127.0.0.1 | op=GET_FILE_STATUS {volume=volume05657, bucket=bucket88146, key=testBatchDelete/parent/childFolder/child7, dataSize=0, replicationConfig=null} | ret=FAILURE
org.apache.hadoop.ozone.om.exceptions.OMException: Unable to get file status: volume: volume05657 bucket: bucket88146 key: testBatchDelete/parent/childFolder/child7
	at org.apache.hadoop.ozone.om.KeyManagerImpl.getOzoneFileStatus(KeyManagerImpl.java:1311) ~[ozone-manager-1.3.0-SNAPSHOT.jar:?]
	at org.apache.hadoop.ozone.om.KeyManagerImpl.getFileStatus(KeyManagerImpl.java:1241) ~[ozone-manager-1.3.0-SNAPSHOT.jar:?]
	at org.apache.hadoop.ozone.om.OzoneManager.getFileStatus(OzoneManager.java:3467) ~[ozone-manager-1.3.0-SNAPSHOT.jar:?]
	at org.apache.hadoop.ozone.protocolPB.OzoneManagerRequestHandler.getOzoneFileStatus(OzoneManagerRequestHandler.java:878) ~[ozone-manager-1.3.0-SNAPSHOT.jar:?]
	at org.apache.hadoop.ozone.protocolPB.OzoneManagerRequestHandler.handleReadRequest(OzoneManagerRequestHandler.java:224) ~[ozone-manager-1.3.0-SNAPSHOT.jar:?]
	at org.apache.hadoop.ozone.protocolPB.OzoneManagerProtocolServerSideTranslatorPB.submitRequestDirectlyToOM(OzoneManagerProtocolServerSideTranslatorPB.java:276) ~[ozone-manager-1.3.0-SNAPSHOT.jar:?]
	at org.apache.hadoop.ozone.protocolPB.OzoneManagerProtocolServerSideTranslatorPB.processRequest(OzoneManagerProtocolServerSideTranslatorPB.java:205) ~[ozone-manager-1.3.0-SNAPSHOT.jar:?]
	at org.apache.hadoop.hdds.server.OzoneProtocolMessageDispatcher.processRequest(OzoneProtocolMessageDispatcher.java:87) [hdds-server-framework-1.3.0-SNAPSHOT.jar:?]
	at org.apache.hadoop.ozone.protocolPB.OzoneManagerProtocolServerSideTranslatorPB.submitRequest(OzoneManagerProtocolServerSideTranslatorPB.java:147) [ozone-manager-1.3.0-SNAPSHOT.jar:?]
	at org.apache.hadoop.ozone.protocol.proto.OzoneManagerProtocolProtos$OzoneManagerService$2.callBlockingMethod(OzoneManagerProtocolProtos.java) [ozone-interface-client-1.3.0-SNAPSHOT.jar:?]
	at org.apache.hadoop.ipc.ProtobufRpcEngine$Server.processCall(ProtobufRpcEngine.java:466) [hadoop-common-3.3.1.jar:?]
	at org.apache.hadoop.ipc.ProtobufRpcEngine2$Server$ProtoBufRpcInvoker.call(ProtobufRpcEngine2.java:574) [hadoop-common-3.3.1.jar:?]
	at org.apache.hadoop.ipc.ProtobufRpcEngine2$Server$ProtoBufRpcInvoker.call(ProtobufRpcEngine2.java:552) [hadoop-common-3.3.1.jar:?]
	at org.apache.hadoop.ipc.RPC$Server.call(RPC.java:1093) [hadoop-common-3.3.1.jar:?]
	at org.apache.hadoop.ipc.Server$RpcCall.run(Server.java:1035) [hadoop-common-3.3.1.jar:?]
	at org.apache.hadoop.ipc.Server$RpcCall.run(Server.java:963) [hadoop-common-3.3.1.jar:?]
	at java.security.AccessController.doPrivileged(Native Method) ~[?:1.8.0_332]
	at javax.security.auth.Subject.doAs(Subject.java:422) [?:1.8.0_332]
	at org.apache.hadoop.security.UserGroupInformation.doAs(UserGroupInformation.java:1878) [hadoop-common-3.3.1.jar:?]
	at org.apache.hadoop.ipc.Server$Handler.run(Server.java:2966) [hadoop-common-3.3.1.jar:?]
01:50:14.006 [IPC Server handler 15 on default port 41659] ERROR OMAudit - user=runner | ip=127.0.0.1 | op=GET_FILE_STATUS {volume=volume05657, bucket=bucket88146, key=testBatchDelete/parent, dataSize=0, replicationConfig=null} | ret=FAILURE
org.apache.hadoop.ozone.om.exceptions.OMException: Unable to get file status: volume: volume05657 bucket: bucket88146 key: testBatchDelete/parent
	at org.apache.hadoop.ozone.om.KeyManagerImpl.getOzoneFileStatus(KeyManagerImpl.java:1311) ~[ozone-manager-1.3.0-SNAPSHOT.jar:?]
	at org.apache.hadoop.ozone.om.KeyManagerImpl.getFileStatus(KeyManagerImpl.java:1241) ~[ozone-manager-1.3.0-SNAPSHOT.jar:?]
	at org.apache.hadoop.ozone.om.OzoneManager.getFileStatus(OzoneManager.java:3467) ~[ozone-manager-1.3.0-SNAPSHOT.jar:?]
	at org.apache.hadoop.ozone.protocolPB.OzoneManagerRequestHandler.getOzoneFileStatus(OzoneManagerRequestHandler.java:878) ~[ozone-manager-1.3.0-SNAPSHOT.jar:?]
	at org.apache.hadoop.ozone.protocolPB.OzoneManagerRequestHandler.handleReadRequest(OzoneManagerRequestHandler.java:224) ~[ozone-manager-1.3.0-SNAPSHOT.jar:?]
	at org.apache.hadoop.ozone.protocolPB.OzoneManagerProtocolServerSideTranslatorPB.submitRequestDirectlyToOM(OzoneManagerProtocolServerSideTranslatorPB.java:276) ~[ozone-manager-1.3.0-SNAPSHOT.jar:?]
	at org.apache.hadoop.ozone.protocolPB.OzoneManagerProtocolServerSideTranslatorPB.processRequest(OzoneManagerProtocolServerSideTranslatorPB.java:205) ~[ozone-manager-1.3.0-SNAPSHOT.jar:?]
	at org.apache.hadoop.hdds.server.OzoneProtocolMessageDispatcher.processRequest(OzoneProtocolMessageDispatcher.java:87) [hdds-server-framework-1.3.0-SNAPSHOT.jar:?]
	at org.apache.hadoop.ozone.protocolPB.OzoneManagerProtocolServerSideTranslatorPB.submitRequest(OzoneManagerProtocolServerSideTranslatorPB.java:147) [ozone-manager-1.3.0-SNAPSHOT.jar:?]
	at org.apache.hadoop.ozone.protocol.proto.OzoneManagerProtocolProtos$OzoneManagerService$2.callBlockingMethod(OzoneManagerProtocolProtos.java) [ozone-interface-client-1.3.0-SNAPSHOT.jar:?]
	at org.apache.hadoop.ipc.ProtobufRpcEngine$Server.processCall(ProtobufRpcEngine.java:466) [hadoop-common-3.3.1.jar:?]
	at org.apache.hadoop.ipc.ProtobufRpcEngine2$Server$ProtoBufRpcInvoker.call(ProtobufRpcEngine2.java:574) [hadoop-common-3.3.1.jar:?]
	at org.apache.hadoop.ipc.ProtobufRpcEngine2$Server$ProtoBufRpcInvoker.call(ProtobufRpcEngine2.java:552) [hadoop-common-3.3.1.jar:?]
	at org.apache.hadoop.ipc.RPC$Server.call(RPC.java:1093) [hadoop-common-3.3.1.jar:?]
	at org.apache.hadoop.ipc.Server$RpcCall.run(Server.java:1035) [hadoop-common-3.3.1.jar:?]
	at org.apache.hadoop.ipc.Server$RpcCall.run(Server.java:963) [hadoop-common-3.3.1.jar:?]
	at java.security.AccessController.doPrivileged(Native Method) ~[?:1.8.0_332]
	at javax.security.auth.Subject.doAs(Subject.java:422) [?:1.8.0_332]
	at org.apache.hadoop.security.UserGroupInformation.doAs(UserGroupInformation.java:1878) [hadoop-common-3.3.1.jar:?]
	at org.apache.hadoop.ipc.Server$Handler.run(Server.java:2966) [hadoop-common-3.3.1.jar:?]
2022-07-30 01:50:14,006 [Time-limited test] WARN  ozone.BasicRootedOzoneFileSystem (BasicRootedOzoneFileSystem.java:delete(572)) - delete: Path does not exist: /volume05657/bucket88146/testBatchDelete/parent
]]></system-out>
  </testcase>
  <testcase name="testFileDelete" classname="TestRootedOzoneFileSystem" time="0.41">
    <system-out><![CDATA[2022-07-30 01:51:35,781 [Time-limited test] INFO  rpc.RpcClient (RpcClient.java:createVolume(468)) - Creating Volume: volume62743, with user44797 as owner and space quota set to -1 bytes, counts quota set to -1
2022-07-30 01:51:35,787 [OM StateMachine ApplyTransaction Thread - 0] INFO  volume.OMVolumeCreateRequest (OMVolumeCreateRequest.java:validateAndUpdateCache(195)) - created volume:volume62743 for user:user44797
2022-07-30 01:51:35,788 [Time-limited test] INFO  rpc.RpcClient (RpcClient.java:createBucket(671)) - Creating Bucket: volume62743/bucket93770, with bucket layout LEGACY, runner as owner, Versioning false, Storage Type set to DISK and Encryption set to false 
2022-07-30 01:51:35,794 [OM StateMachine ApplyTransaction Thread - 0] INFO  bucket.OMBucketCreateRequest (OMBucketCreateRequest.java:validateAndUpdateCache(260)) - created bucket: bucket93770 of layout LEGACY in volume: volume62743
01:51:36.028 [IPC Server handler 13 on default port 42455] ERROR OMAudit - user=runner | ip=127.0.0.1 | op=GET_FILE_STATUS {volume=volume62743, bucket=bucket93770, key=testBatchDelete, dataSize=0, replicationConfig=null} | ret=FAILURE
org.apache.hadoop.ozone.om.exceptions.OMException: Unable to get file status: volume: volume62743 bucket: bucket93770 key: testBatchDelete
	at org.apache.hadoop.ozone.om.KeyManagerImpl.getOzoneFileStatus(KeyManagerImpl.java:1311) ~[ozone-manager-1.3.0-SNAPSHOT.jar:?]
	at org.apache.hadoop.ozone.om.KeyManagerImpl.getFileStatus(KeyManagerImpl.java:1241) ~[ozone-manager-1.3.0-SNAPSHOT.jar:?]
	at org.apache.hadoop.ozone.om.OzoneManager.getFileStatus(OzoneManager.java:3467) ~[ozone-manager-1.3.0-SNAPSHOT.jar:?]
	at org.apache.hadoop.ozone.protocolPB.OzoneManagerRequestHandler.getOzoneFileStatus(OzoneManagerRequestHandler.java:878) ~[ozone-manager-1.3.0-SNAPSHOT.jar:?]
	at org.apache.hadoop.ozone.protocolPB.OzoneManagerRequestHandler.handleReadRequest(OzoneManagerRequestHandler.java:224) ~[ozone-manager-1.3.0-SNAPSHOT.jar:?]
	at org.apache.hadoop.ozone.protocolPB.OzoneManagerProtocolServerSideTranslatorPB.submitReadRequestToOM(OzoneManagerProtocolServerSideTranslatorPB.java:226) ~[ozone-manager-1.3.0-SNAPSHOT.jar:?]
	at org.apache.hadoop.ozone.protocolPB.OzoneManagerProtocolServerSideTranslatorPB.processRequest(OzoneManagerProtocolServerSideTranslatorPB.java:175) ~[ozone-manager-1.3.0-SNAPSHOT.jar:?]
	at org.apache.hadoop.hdds.server.OzoneProtocolMessageDispatcher.processRequest(OzoneProtocolMessageDispatcher.java:87) [hdds-server-framework-1.3.0-SNAPSHOT.jar:?]
	at org.apache.hadoop.ozone.protocolPB.OzoneManagerProtocolServerSideTranslatorPB.submitRequest(OzoneManagerProtocolServerSideTranslatorPB.java:147) [ozone-manager-1.3.0-SNAPSHOT.jar:?]
	at org.apache.hadoop.ozone.protocol.proto.OzoneManagerProtocolProtos$OzoneManagerService$2.callBlockingMethod(OzoneManagerProtocolProtos.java) [ozone-interface-client-1.3.0-SNAPSHOT.jar:?]
	at org.apache.hadoop.ipc.ProtobufRpcEngine$Server.processCall(ProtobufRpcEngine.java:466) [hadoop-common-3.3.1.jar:?]
	at org.apache.hadoop.ipc.ProtobufRpcEngine2$Server$ProtoBufRpcInvoker.call(ProtobufRpcEngine2.java:574) [hadoop-common-3.3.1.jar:?]
	at org.apache.hadoop.ipc.ProtobufRpcEngine2$Server$ProtoBufRpcInvoker.call(ProtobufRpcEngine2.java:552) [hadoop-common-3.3.1.jar:?]
	at org.apache.hadoop.ipc.RPC$Server.call(RPC.java:1093) [hadoop-common-3.3.1.jar:?]
	at org.apache.hadoop.ipc.Server$RpcCall.run(Server.java:1035) [hadoop-common-3.3.1.jar:?]
	at org.apache.hadoop.ipc.Server$RpcCall.run(Server.java:963) [hadoop-common-3.3.1.jar:?]
	at java.security.AccessController.doPrivileged(Native Method) ~[?:1.8.0_332]
	at javax.security.auth.Subject.doAs(Subject.java:422) [?:1.8.0_332]
	at org.apache.hadoop.security.UserGroupInformation.doAs(UserGroupInformation.java:1878) [hadoop-common-3.3.1.jar:?]
	at org.apache.hadoop.ipc.Server$Handler.run(Server.java:2966) [hadoop-common-3.3.1.jar:?]
01:51:36.029 [IPC Server handler 12 on default port 42455] ERROR OMAudit - user=runner | ip=127.0.0.1 | op=GET_FILE_STATUS {volume=volume62743, bucket=bucket93770, key=testBatchDelete/parent/child0, dataSize=0, replicationConfig=null} | ret=FAILURE
org.apache.hadoop.ozone.om.exceptions.OMException: Unable to get file status: volume: volume62743 bucket: bucket93770 key: testBatchDelete/parent/child0
	at org.apache.hadoop.ozone.om.KeyManagerImpl.getOzoneFileStatus(KeyManagerImpl.java:1311) ~[ozone-manager-1.3.0-SNAPSHOT.jar:?]
	at org.apache.hadoop.ozone.om.KeyManagerImpl.getFileStatus(KeyManagerImpl.java:1241) ~[ozone-manager-1.3.0-SNAPSHOT.jar:?]
	at org.apache.hadoop.ozone.om.OzoneManager.getFileStatus(OzoneManager.java:3467) ~[ozone-manager-1.3.0-SNAPSHOT.jar:?]
	at org.apache.hadoop.ozone.protocolPB.OzoneManagerRequestHandler.getOzoneFileStatus(OzoneManagerRequestHandler.java:878) ~[ozone-manager-1.3.0-SNAPSHOT.jar:?]
	at org.apache.hadoop.ozone.protocolPB.OzoneManagerRequestHandler.handleReadRequest(OzoneManagerRequestHandler.java:224) ~[ozone-manager-1.3.0-SNAPSHOT.jar:?]
	at org.apache.hadoop.ozone.protocolPB.OzoneManagerProtocolServerSideTranslatorPB.submitReadRequestToOM(OzoneManagerProtocolServerSideTranslatorPB.java:226) ~[ozone-manager-1.3.0-SNAPSHOT.jar:?]
	at org.apache.hadoop.ozone.protocolPB.OzoneManagerProtocolServerSideTranslatorPB.processRequest(OzoneManagerProtocolServerSideTranslatorPB.java:175) ~[ozone-manager-1.3.0-SNAPSHOT.jar:?]
	at org.apache.hadoop.hdds.server.OzoneProtocolMessageDispatcher.processRequest(OzoneProtocolMessageDispatcher.java:87) [hdds-server-framework-1.3.0-SNAPSHOT.jar:?]
	at org.apache.hadoop.ozone.protocolPB.OzoneManagerProtocolServerSideTranslatorPB.submitRequest(OzoneManagerProtocolServerSideTranslatorPB.java:147) [ozone-manager-1.3.0-SNAPSHOT.jar:?]
	at org.apache.hadoop.ozone.protocol.proto.OzoneManagerProtocolProtos$OzoneManagerService$2.callBlockingMethod(OzoneManagerProtocolProtos.java) [ozone-interface-client-1.3.0-SNAPSHOT.jar:?]
	at org.apache.hadoop.ipc.ProtobufRpcEngine$Server.processCall(ProtobufRpcEngine.java:466) [hadoop-common-3.3.1.jar:?]
	at org.apache.hadoop.ipc.ProtobufRpcEngine2$Server$ProtoBufRpcInvoker.call(ProtobufRpcEngine2.java:574) [hadoop-common-3.3.1.jar:?]
	at org.apache.hadoop.ipc.ProtobufRpcEngine2$Server$ProtoBufRpcInvoker.call(ProtobufRpcEngine2.java:552) [hadoop-common-3.3.1.jar:?]
	at org.apache.hadoop.ipc.RPC$Server.call(RPC.java:1093) [hadoop-common-3.3.1.jar:?]
	at org.apache.hadoop.ipc.Server$RpcCall.run(Server.java:1035) [hadoop-common-3.3.1.jar:?]
	at org.apache.hadoop.ipc.Server$RpcCall.run(Server.java:963) [hadoop-common-3.3.1.jar:?]
	at java.security.AccessController.doPrivileged(Native Method) ~[?:1.8.0_332]
	at javax.security.auth.Subject.doAs(Subject.java:422) [?:1.8.0_332]
	at org.apache.hadoop.security.UserGroupInformation.doAs(UserGroupInformation.java:1878) [hadoop-common-3.3.1.jar:?]
	at org.apache.hadoop.ipc.Server$Handler.run(Server.java:2966) [hadoop-common-3.3.1.jar:?]
01:51:36.030 [IPC Server handler 9 on default port 42455] ERROR OMAudit - user=runner | ip=127.0.0.1 | op=GET_FILE_STATUS {volume=volume62743, bucket=bucket93770, key=testBatchDelete/parent/childFolder/child0, dataSize=0, replicationConfig=null} | ret=FAILURE
org.apache.hadoop.ozone.om.exceptions.OMException: Unable to get file status: volume: volume62743 bucket: bucket93770 key: testBatchDelete/parent/childFolder/child0
	at org.apache.hadoop.ozone.om.KeyManagerImpl.getOzoneFileStatus(KeyManagerImpl.java:1311) ~[ozone-manager-1.3.0-SNAPSHOT.jar:?]
	at org.apache.hadoop.ozone.om.KeyManagerImpl.getFileStatus(KeyManagerImpl.java:1241) ~[ozone-manager-1.3.0-SNAPSHOT.jar:?]
	at org.apache.hadoop.ozone.om.OzoneManager.getFileStatus(OzoneManager.java:3467) ~[ozone-manager-1.3.0-SNAPSHOT.jar:?]
	at org.apache.hadoop.ozone.protocolPB.OzoneManagerRequestHandler.getOzoneFileStatus(OzoneManagerRequestHandler.java:878) ~[ozone-manager-1.3.0-SNAPSHOT.jar:?]
	at org.apache.hadoop.ozone.protocolPB.OzoneManagerRequestHandler.handleReadRequest(OzoneManagerRequestHandler.java:224) ~[ozone-manager-1.3.0-SNAPSHOT.jar:?]
	at org.apache.hadoop.ozone.protocolPB.OzoneManagerProtocolServerSideTranslatorPB.submitReadRequestToOM(OzoneManagerProtocolServerSideTranslatorPB.java:226) ~[ozone-manager-1.3.0-SNAPSHOT.jar:?]
	at org.apache.hadoop.ozone.protocolPB.OzoneManagerProtocolServerSideTranslatorPB.processRequest(OzoneManagerProtocolServerSideTranslatorPB.java:175) ~[ozone-manager-1.3.0-SNAPSHOT.jar:?]
	at org.apache.hadoop.hdds.server.OzoneProtocolMessageDispatcher.processRequest(OzoneProtocolMessageDispatcher.java:87) [hdds-server-framework-1.3.0-SNAPSHOT.jar:?]
	at org.apache.hadoop.ozone.protocolPB.OzoneManagerProtocolServerSideTranslatorPB.submitRequest(OzoneManagerProtocolServerSideTranslatorPB.java:147) [ozone-manager-1.3.0-SNAPSHOT.jar:?]
	at org.apache.hadoop.ozone.protocol.proto.OzoneManagerProtocolProtos$OzoneManagerService$2.callBlockingMethod(OzoneManagerProtocolProtos.java) [ozone-interface-client-1.3.0-SNAPSHOT.jar:?]
	at org.apache.hadoop.ipc.ProtobufRpcEngine$Server.processCall(ProtobufRpcEngine.java:466) [hadoop-common-3.3.1.jar:?]
	at org.apache.hadoop.ipc.ProtobufRpcEngine2$Server$ProtoBufRpcInvoker.call(ProtobufRpcEngine2.java:574) [hadoop-common-3.3.1.jar:?]
	at org.apache.hadoop.ipc.ProtobufRpcEngine2$Server$ProtoBufRpcInvoker.call(ProtobufRpcEngine2.java:552) [hadoop-common-3.3.1.jar:?]
	at org.apache.hadoop.ipc.RPC$Server.call(RPC.java:1093) [hadoop-common-3.3.1.jar:?]
	at org.apache.hadoop.ipc.Server$RpcCall.run(Server.java:1035) [hadoop-common-3.3.1.jar:?]
	at org.apache.hadoop.ipc.Server$RpcCall.run(Server.java:963) [hadoop-common-3.3.1.jar:?]
	at java.security.AccessController.doPrivileged(Native Method) ~[?:1.8.0_332]
	at javax.security.auth.Subject.doAs(Subject.java:422) [?:1.8.0_332]
	at org.apache.hadoop.security.UserGroupInformation.doAs(UserGroupInformation.java:1878) [hadoop-common-3.3.1.jar:?]
	at org.apache.hadoop.ipc.Server$Handler.run(Server.java:2966) [hadoop-common-3.3.1.jar:?]
01:51:36.032 [IPC Server handler 7 on default port 42455] ERROR OMAudit - user=runner | ip=127.0.0.1 | op=GET_FILE_STATUS {volume=volume62743, bucket=bucket93770, key=testBatchDelete/parent/child1, dataSize=0, replicationConfig=null} | ret=FAILURE
org.apache.hadoop.ozone.om.exceptions.OMException: Unable to get file status: volume: volume62743 bucket: bucket93770 key: testBatchDelete/parent/child1
	at org.apache.hadoop.ozone.om.KeyManagerImpl.getOzoneFileStatus(KeyManagerImpl.java:1311) ~[ozone-manager-1.3.0-SNAPSHOT.jar:?]
	at org.apache.hadoop.ozone.om.KeyManagerImpl.getFileStatus(KeyManagerImpl.java:1241) ~[ozone-manager-1.3.0-SNAPSHOT.jar:?]
	at org.apache.hadoop.ozone.om.OzoneManager.getFileStatus(OzoneManager.java:3467) ~[ozone-manager-1.3.0-SNAPSHOT.jar:?]
	at org.apache.hadoop.ozone.protocolPB.OzoneManagerRequestHandler.getOzoneFileStatus(OzoneManagerRequestHandler.java:878) ~[ozone-manager-1.3.0-SNAPSHOT.jar:?]
	at org.apache.hadoop.ozone.protocolPB.OzoneManagerRequestHandler.handleReadRequest(OzoneManagerRequestHandler.java:224) ~[ozone-manager-1.3.0-SNAPSHOT.jar:?]
	at org.apache.hadoop.ozone.protocolPB.OzoneManagerProtocolServerSideTranslatorPB.submitReadRequestToOM(OzoneManagerProtocolServerSideTranslatorPB.java:226) ~[ozone-manager-1.3.0-SNAPSHOT.jar:?]
	at org.apache.hadoop.ozone.protocolPB.OzoneManagerProtocolServerSideTranslatorPB.processRequest(OzoneManagerProtocolServerSideTranslatorPB.java:175) ~[ozone-manager-1.3.0-SNAPSHOT.jar:?]
	at org.apache.hadoop.hdds.server.OzoneProtocolMessageDispatcher.processRequest(OzoneProtocolMessageDispatcher.java:87) [hdds-server-framework-1.3.0-SNAPSHOT.jar:?]
	at org.apache.hadoop.ozone.protocolPB.OzoneManagerProtocolServerSideTranslatorPB.submitRequest(OzoneManagerProtocolServerSideTranslatorPB.java:147) [ozone-manager-1.3.0-SNAPSHOT.jar:?]
	at org.apache.hadoop.ozone.protocol.proto.OzoneManagerProtocolProtos$OzoneManagerService$2.callBlockingMethod(OzoneManagerProtocolProtos.java) [ozone-interface-client-1.3.0-SNAPSHOT.jar:?]
	at org.apache.hadoop.ipc.ProtobufRpcEngine$Server.processCall(ProtobufRpcEngine.java:466) [hadoop-common-3.3.1.jar:?]
	at org.apache.hadoop.ipc.ProtobufRpcEngine2$Server$ProtoBufRpcInvoker.call(ProtobufRpcEngine2.java:574) [hadoop-common-3.3.1.jar:?]
	at org.apache.hadoop.ipc.ProtobufRpcEngine2$Server$ProtoBufRpcInvoker.call(ProtobufRpcEngine2.java:552) [hadoop-common-3.3.1.jar:?]
	at org.apache.hadoop.ipc.RPC$Server.call(RPC.java:1093) [hadoop-common-3.3.1.jar:?]
	at org.apache.hadoop.ipc.Server$RpcCall.run(Server.java:1035) [hadoop-common-3.3.1.jar:?]
	at org.apache.hadoop.ipc.Server$RpcCall.run(Server.java:963) [hadoop-common-3.3.1.jar:?]
	at java.security.AccessController.doPrivileged(Native Method) ~[?:1.8.0_332]
	at javax.security.auth.Subject.doAs(Subject.java:422) [?:1.8.0_332]
	at org.apache.hadoop.security.UserGroupInformation.doAs(UserGroupInformation.java:1878) [hadoop-common-3.3.1.jar:?]
	at org.apache.hadoop.ipc.Server$Handler.run(Server.java:2966) [hadoop-common-3.3.1.jar:?]
01:51:36.033 [IPC Server handler 5 on default port 42455] ERROR OMAudit - user=runner | ip=127.0.0.1 | op=GET_FILE_STATUS {volume=volume62743, bucket=bucket93770, key=testBatchDelete/parent/childFolder/child1, dataSize=0, replicationConfig=null} | ret=FAILURE
org.apache.hadoop.ozone.om.exceptions.OMException: Unable to get file status: volume: volume62743 bucket: bucket93770 key: testBatchDelete/parent/childFolder/child1
	at org.apache.hadoop.ozone.om.KeyManagerImpl.getOzoneFileStatus(KeyManagerImpl.java:1311) ~[ozone-manager-1.3.0-SNAPSHOT.jar:?]
	at org.apache.hadoop.ozone.om.KeyManagerImpl.getFileStatus(KeyManagerImpl.java:1241) ~[ozone-manager-1.3.0-SNAPSHOT.jar:?]
	at org.apache.hadoop.ozone.om.OzoneManager.getFileStatus(OzoneManager.java:3467) ~[ozone-manager-1.3.0-SNAPSHOT.jar:?]
	at org.apache.hadoop.ozone.protocolPB.OzoneManagerRequestHandler.getOzoneFileStatus(OzoneManagerRequestHandler.java:878) ~[ozone-manager-1.3.0-SNAPSHOT.jar:?]
	at org.apache.hadoop.ozone.protocolPB.OzoneManagerRequestHandler.handleReadRequest(OzoneManagerRequestHandler.java:224) ~[ozone-manager-1.3.0-SNAPSHOT.jar:?]
	at org.apache.hadoop.ozone.protocolPB.OzoneManagerProtocolServerSideTranslatorPB.submitReadRequestToOM(OzoneManagerProtocolServerSideTranslatorPB.java:226) ~[ozone-manager-1.3.0-SNAPSHOT.jar:?]
	at org.apache.hadoop.ozone.protocolPB.OzoneManagerProtocolServerSideTranslatorPB.processRequest(OzoneManagerProtocolServerSideTranslatorPB.java:175) ~[ozone-manager-1.3.0-SNAPSHOT.jar:?]
	at org.apache.hadoop.hdds.server.OzoneProtocolMessageDispatcher.processRequest(OzoneProtocolMessageDispatcher.java:87) [hdds-server-framework-1.3.0-SNAPSHOT.jar:?]
	at org.apache.hadoop.ozone.protocolPB.OzoneManagerProtocolServerSideTranslatorPB.submitRequest(OzoneManagerProtocolServerSideTranslatorPB.java:147) [ozone-manager-1.3.0-SNAPSHOT.jar:?]
	at org.apache.hadoop.ozone.protocol.proto.OzoneManagerProtocolProtos$OzoneManagerService$2.callBlockingMethod(OzoneManagerProtocolProtos.java) [ozone-interface-client-1.3.0-SNAPSHOT.jar:?]
	at org.apache.hadoop.ipc.ProtobufRpcEngine$Server.processCall(ProtobufRpcEngine.java:466) [hadoop-common-3.3.1.jar:?]
	at org.apache.hadoop.ipc.ProtobufRpcEngine2$Server$ProtoBufRpcInvoker.call(ProtobufRpcEngine2.java:574) [hadoop-common-3.3.1.jar:?]
	at org.apache.hadoop.ipc.ProtobufRpcEngine2$Server$ProtoBufRpcInvoker.call(ProtobufRpcEngine2.java:552) [hadoop-common-3.3.1.jar:?]
	at org.apache.hadoop.ipc.RPC$Server.call(RPC.java:1093) [hadoop-common-3.3.1.jar:?]
	at org.apache.hadoop.ipc.Server$RpcCall.run(Server.java:1035) [hadoop-common-3.3.1.jar:?]
	at org.apache.hadoop.ipc.Server$RpcCall.run(Server.java:963) [hadoop-common-3.3.1.jar:?]
	at java.security.AccessController.doPrivileged(Native Method) ~[?:1.8.0_332]
	at javax.security.auth.Subject.doAs(Subject.java:422) [?:1.8.0_332]
	at org.apache.hadoop.security.UserGroupInformation.doAs(UserGroupInformation.java:1878) [hadoop-common-3.3.1.jar:?]
	at org.apache.hadoop.ipc.Server$Handler.run(Server.java:2966) [hadoop-common-3.3.1.jar:?]
01:51:36.034 [IPC Server handler 4 on default port 42455] ERROR OMAudit - user=runner | ip=127.0.0.1 | op=GET_FILE_STATUS {volume=volume62743, bucket=bucket93770, key=testBatchDelete/parent/child2, dataSize=0, replicationConfig=null} | ret=FAILURE
org.apache.hadoop.ozone.om.exceptions.OMException: Unable to get file status: volume: volume62743 bucket: bucket93770 key: testBatchDelete/parent/child2
	at org.apache.hadoop.ozone.om.KeyManagerImpl.getOzoneFileStatus(KeyManagerImpl.java:1311) ~[ozone-manager-1.3.0-SNAPSHOT.jar:?]
	at org.apache.hadoop.ozone.om.KeyManagerImpl.getFileStatus(KeyManagerImpl.java:1241) ~[ozone-manager-1.3.0-SNAPSHOT.jar:?]
	at org.apache.hadoop.ozone.om.OzoneManager.getFileStatus(OzoneManager.java:3467) ~[ozone-manager-1.3.0-SNAPSHOT.jar:?]
	at org.apache.hadoop.ozone.protocolPB.OzoneManagerRequestHandler.getOzoneFileStatus(OzoneManagerRequestHandler.java:878) ~[ozone-manager-1.3.0-SNAPSHOT.jar:?]
	at org.apache.hadoop.ozone.protocolPB.OzoneManagerRequestHandler.handleReadRequest(OzoneManagerRequestHandler.java:224) ~[ozone-manager-1.3.0-SNAPSHOT.jar:?]
	at org.apache.hadoop.ozone.protocolPB.OzoneManagerProtocolServerSideTranslatorPB.submitReadRequestToOM(OzoneManagerProtocolServerSideTranslatorPB.java:226) ~[ozone-manager-1.3.0-SNAPSHOT.jar:?]
	at org.apache.hadoop.ozone.protocolPB.OzoneManagerProtocolServerSideTranslatorPB.processRequest(OzoneManagerProtocolServerSideTranslatorPB.java:175) ~[ozone-manager-1.3.0-SNAPSHOT.jar:?]
	at org.apache.hadoop.hdds.server.OzoneProtocolMessageDispatcher.processRequest(OzoneProtocolMessageDispatcher.java:87) [hdds-server-framework-1.3.0-SNAPSHOT.jar:?]
	at org.apache.hadoop.ozone.protocolPB.OzoneManagerProtocolServerSideTranslatorPB.submitRequest(OzoneManagerProtocolServerSideTranslatorPB.java:147) [ozone-manager-1.3.0-SNAPSHOT.jar:?]
	at org.apache.hadoop.ozone.protocol.proto.OzoneManagerProtocolProtos$OzoneManagerService$2.callBlockingMethod(OzoneManagerProtocolProtos.java) [ozone-interface-client-1.3.0-SNAPSHOT.jar:?]
	at org.apache.hadoop.ipc.ProtobufRpcEngine$Server.processCall(ProtobufRpcEngine.java:466) [hadoop-common-3.3.1.jar:?]
	at org.apache.hadoop.ipc.ProtobufRpcEngine2$Server$ProtoBufRpcInvoker.call(ProtobufRpcEngine2.java:574) [hadoop-common-3.3.1.jar:?]
	at org.apache.hadoop.ipc.ProtobufRpcEngine2$Server$ProtoBufRpcInvoker.call(ProtobufRpcEngine2.java:552) [hadoop-common-3.3.1.jar:?]
	at org.apache.hadoop.ipc.RPC$Server.call(RPC.java:1093) [hadoop-common-3.3.1.jar:?]
	at org.apache.hadoop.ipc.Server$RpcCall.run(Server.java:1035) [hadoop-common-3.3.1.jar:?]
	at org.apache.hadoop.ipc.Server$RpcCall.run(Server.java:963) [hadoop-common-3.3.1.jar:?]
	at java.security.AccessController.doPrivileged(Native Method) ~[?:1.8.0_332]
	at javax.security.auth.Subject.doAs(Subject.java:422) [?:1.8.0_332]
	at org.apache.hadoop.security.UserGroupInformation.doAs(UserGroupInformation.java:1878) [hadoop-common-3.3.1.jar:?]
	at org.apache.hadoop.ipc.Server$Handler.run(Server.java:2966) [hadoop-common-3.3.1.jar:?]
01:51:36.036 [IPC Server handler 14 on default port 42455] ERROR OMAudit - user=runner | ip=127.0.0.1 | op=GET_FILE_STATUS {volume=volume62743, bucket=bucket93770, key=testBatchDelete/parent/childFolder/child2, dataSize=0, replicationConfig=null} | ret=FAILURE
org.apache.hadoop.ozone.om.exceptions.OMException: Unable to get file status: volume: volume62743 bucket: bucket93770 key: testBatchDelete/parent/childFolder/child2
	at org.apache.hadoop.ozone.om.KeyManagerImpl.getOzoneFileStatus(KeyManagerImpl.java:1311) ~[ozone-manager-1.3.0-SNAPSHOT.jar:?]
	at org.apache.hadoop.ozone.om.KeyManagerImpl.getFileStatus(KeyManagerImpl.java:1241) ~[ozone-manager-1.3.0-SNAPSHOT.jar:?]
	at org.apache.hadoop.ozone.om.OzoneManager.getFileStatus(OzoneManager.java:3467) ~[ozone-manager-1.3.0-SNAPSHOT.jar:?]
	at org.apache.hadoop.ozone.protocolPB.OzoneManagerRequestHandler.getOzoneFileStatus(OzoneManagerRequestHandler.java:878) ~[ozone-manager-1.3.0-SNAPSHOT.jar:?]
	at org.apache.hadoop.ozone.protocolPB.OzoneManagerRequestHandler.handleReadRequest(OzoneManagerRequestHandler.java:224) ~[ozone-manager-1.3.0-SNAPSHOT.jar:?]
	at org.apache.hadoop.ozone.protocolPB.OzoneManagerProtocolServerSideTranslatorPB.submitReadRequestToOM(OzoneManagerProtocolServerSideTranslatorPB.java:226) ~[ozone-manager-1.3.0-SNAPSHOT.jar:?]
	at org.apache.hadoop.ozone.protocolPB.OzoneManagerProtocolServerSideTranslatorPB.processRequest(OzoneManagerProtocolServerSideTranslatorPB.java:175) ~[ozone-manager-1.3.0-SNAPSHOT.jar:?]
	at org.apache.hadoop.hdds.server.OzoneProtocolMessageDispatcher.processRequest(OzoneProtocolMessageDispatcher.java:87) [hdds-server-framework-1.3.0-SNAPSHOT.jar:?]
	at org.apache.hadoop.ozone.protocolPB.OzoneManagerProtocolServerSideTranslatorPB.submitRequest(OzoneManagerProtocolServerSideTranslatorPB.java:147) [ozone-manager-1.3.0-SNAPSHOT.jar:?]
	at org.apache.hadoop.ozone.protocol.proto.OzoneManagerProtocolProtos$OzoneManagerService$2.callBlockingMethod(OzoneManagerProtocolProtos.java) [ozone-interface-client-1.3.0-SNAPSHOT.jar:?]
	at org.apache.hadoop.ipc.ProtobufRpcEngine$Server.processCall(ProtobufRpcEngine.java:466) [hadoop-common-3.3.1.jar:?]
	at org.apache.hadoop.ipc.ProtobufRpcEngine2$Server$ProtoBufRpcInvoker.call(ProtobufRpcEngine2.java:574) [hadoop-common-3.3.1.jar:?]
	at org.apache.hadoop.ipc.ProtobufRpcEngine2$Server$ProtoBufRpcInvoker.call(ProtobufRpcEngine2.java:552) [hadoop-common-3.3.1.jar:?]
	at org.apache.hadoop.ipc.RPC$Server.call(RPC.java:1093) [hadoop-common-3.3.1.jar:?]
	at org.apache.hadoop.ipc.Server$RpcCall.run(Server.java:1035) [hadoop-common-3.3.1.jar:?]
	at org.apache.hadoop.ipc.Server$RpcCall.run(Server.java:963) [hadoop-common-3.3.1.jar:?]
	at java.security.AccessController.doPrivileged(Native Method) ~[?:1.8.0_332]
	at javax.security.auth.Subject.doAs(Subject.java:422) [?:1.8.0_332]
	at org.apache.hadoop.security.UserGroupInformation.doAs(UserGroupInformation.java:1878) [hadoop-common-3.3.1.jar:?]
	at org.apache.hadoop.ipc.Server$Handler.run(Server.java:2966) [hadoop-common-3.3.1.jar:?]
01:51:36.037 [IPC Server handler 17 on default port 42455] ERROR OMAudit - user=runner | ip=127.0.0.1 | op=GET_FILE_STATUS {volume=volume62743, bucket=bucket93770, key=testBatchDelete/parent/child3, dataSize=0, replicationConfig=null} | ret=FAILURE
org.apache.hadoop.ozone.om.exceptions.OMException: Unable to get file status: volume: volume62743 bucket: bucket93770 key: testBatchDelete/parent/child3
	at org.apache.hadoop.ozone.om.KeyManagerImpl.getOzoneFileStatus(KeyManagerImpl.java:1311) ~[ozone-manager-1.3.0-SNAPSHOT.jar:?]
	at org.apache.hadoop.ozone.om.KeyManagerImpl.getFileStatus(KeyManagerImpl.java:1241) ~[ozone-manager-1.3.0-SNAPSHOT.jar:?]
	at org.apache.hadoop.ozone.om.OzoneManager.getFileStatus(OzoneManager.java:3467) ~[ozone-manager-1.3.0-SNAPSHOT.jar:?]
	at org.apache.hadoop.ozone.protocolPB.OzoneManagerRequestHandler.getOzoneFileStatus(OzoneManagerRequestHandler.java:878) ~[ozone-manager-1.3.0-SNAPSHOT.jar:?]
	at org.apache.hadoop.ozone.protocolPB.OzoneManagerRequestHandler.handleReadRequest(OzoneManagerRequestHandler.java:224) ~[ozone-manager-1.3.0-SNAPSHOT.jar:?]
	at org.apache.hadoop.ozone.protocolPB.OzoneManagerProtocolServerSideTranslatorPB.submitReadRequestToOM(OzoneManagerProtocolServerSideTranslatorPB.java:226) ~[ozone-manager-1.3.0-SNAPSHOT.jar:?]
	at org.apache.hadoop.ozone.protocolPB.OzoneManagerProtocolServerSideTranslatorPB.processRequest(OzoneManagerProtocolServerSideTranslatorPB.java:175) ~[ozone-manager-1.3.0-SNAPSHOT.jar:?]
	at org.apache.hadoop.hdds.server.OzoneProtocolMessageDispatcher.processRequest(OzoneProtocolMessageDispatcher.java:87) [hdds-server-framework-1.3.0-SNAPSHOT.jar:?]
	at org.apache.hadoop.ozone.protocolPB.OzoneManagerProtocolServerSideTranslatorPB.submitRequest(OzoneManagerProtocolServerSideTranslatorPB.java:147) [ozone-manager-1.3.0-SNAPSHOT.jar:?]
	at org.apache.hadoop.ozone.protocol.proto.OzoneManagerProtocolProtos$OzoneManagerService$2.callBlockingMethod(OzoneManagerProtocolProtos.java) [ozone-interface-client-1.3.0-SNAPSHOT.jar:?]
	at org.apache.hadoop.ipc.ProtobufRpcEngine$Server.processCall(ProtobufRpcEngine.java:466) [hadoop-common-3.3.1.jar:?]
	at org.apache.hadoop.ipc.ProtobufRpcEngine2$Server$ProtoBufRpcInvoker.call(ProtobufRpcEngine2.java:574) [hadoop-common-3.3.1.jar:?]
	at org.apache.hadoop.ipc.ProtobufRpcEngine2$Server$ProtoBufRpcInvoker.call(ProtobufRpcEngine2.java:552) [hadoop-common-3.3.1.jar:?]
	at org.apache.hadoop.ipc.RPC$Server.call(RPC.java:1093) [hadoop-common-3.3.1.jar:?]
	at org.apache.hadoop.ipc.Server$RpcCall.run(Server.java:1035) [hadoop-common-3.3.1.jar:?]
	at org.apache.hadoop.ipc.Server$RpcCall.run(Server.java:963) [hadoop-common-3.3.1.jar:?]
	at java.security.AccessController.doPrivileged(Native Method) ~[?:1.8.0_332]
	at javax.security.auth.Subject.doAs(Subject.java:422) [?:1.8.0_332]
	at org.apache.hadoop.security.UserGroupInformation.doAs(UserGroupInformation.java:1878) [hadoop-common-3.3.1.jar:?]
	at org.apache.hadoop.ipc.Server$Handler.run(Server.java:2966) [hadoop-common-3.3.1.jar:?]
01:51:36.038 [IPC Server handler 18 on default port 42455] ERROR OMAudit - user=runner | ip=127.0.0.1 | op=GET_FILE_STATUS {volume=volume62743, bucket=bucket93770, key=testBatchDelete/parent/childFolder/child3, dataSize=0, replicationConfig=null} | ret=FAILURE
org.apache.hadoop.ozone.om.exceptions.OMException: Unable to get file status: volume: volume62743 bucket: bucket93770 key: testBatchDelete/parent/childFolder/child3
	at org.apache.hadoop.ozone.om.KeyManagerImpl.getOzoneFileStatus(KeyManagerImpl.java:1311) ~[ozone-manager-1.3.0-SNAPSHOT.jar:?]
	at org.apache.hadoop.ozone.om.KeyManagerImpl.getFileStatus(KeyManagerImpl.java:1241) ~[ozone-manager-1.3.0-SNAPSHOT.jar:?]
	at org.apache.hadoop.ozone.om.OzoneManager.getFileStatus(OzoneManager.java:3467) ~[ozone-manager-1.3.0-SNAPSHOT.jar:?]
	at org.apache.hadoop.ozone.protocolPB.OzoneManagerRequestHandler.getOzoneFileStatus(OzoneManagerRequestHandler.java:878) ~[ozone-manager-1.3.0-SNAPSHOT.jar:?]
	at org.apache.hadoop.ozone.protocolPB.OzoneManagerRequestHandler.handleReadRequest(OzoneManagerRequestHandler.java:224) ~[ozone-manager-1.3.0-SNAPSHOT.jar:?]
	at org.apache.hadoop.ozone.protocolPB.OzoneManagerProtocolServerSideTranslatorPB.submitReadRequestToOM(OzoneManagerProtocolServerSideTranslatorPB.java:226) ~[ozone-manager-1.3.0-SNAPSHOT.jar:?]
	at org.apache.hadoop.ozone.protocolPB.OzoneManagerProtocolServerSideTranslatorPB.processRequest(OzoneManagerProtocolServerSideTranslatorPB.java:175) ~[ozone-manager-1.3.0-SNAPSHOT.jar:?]
	at org.apache.hadoop.hdds.server.OzoneProtocolMessageDispatcher.processRequest(OzoneProtocolMessageDispatcher.java:87) [hdds-server-framework-1.3.0-SNAPSHOT.jar:?]
	at org.apache.hadoop.ozone.protocolPB.OzoneManagerProtocolServerSideTranslatorPB.submitRequest(OzoneManagerProtocolServerSideTranslatorPB.java:147) [ozone-manager-1.3.0-SNAPSHOT.jar:?]
	at org.apache.hadoop.ozone.protocol.proto.OzoneManagerProtocolProtos$OzoneManagerService$2.callBlockingMethod(OzoneManagerProtocolProtos.java) [ozone-interface-client-1.3.0-SNAPSHOT.jar:?]
	at org.apache.hadoop.ipc.ProtobufRpcEngine$Server.processCall(ProtobufRpcEngine.java:466) [hadoop-common-3.3.1.jar:?]
	at org.apache.hadoop.ipc.ProtobufRpcEngine2$Server$ProtoBufRpcInvoker.call(ProtobufRpcEngine2.java:574) [hadoop-common-3.3.1.jar:?]
	at org.apache.hadoop.ipc.ProtobufRpcEngine2$Server$ProtoBufRpcInvoker.call(ProtobufRpcEngine2.java:552) [hadoop-common-3.3.1.jar:?]
	at org.apache.hadoop.ipc.RPC$Server.call(RPC.java:1093) [hadoop-common-3.3.1.jar:?]
	at org.apache.hadoop.ipc.Server$RpcCall.run(Server.java:1035) [hadoop-common-3.3.1.jar:?]
	at org.apache.hadoop.ipc.Server$RpcCall.run(Server.java:963) [hadoop-common-3.3.1.jar:?]
	at java.security.AccessController.doPrivileged(Native Method) ~[?:1.8.0_332]
	at javax.security.auth.Subject.doAs(Subject.java:422) [?:1.8.0_332]
	at org.apache.hadoop.security.UserGroupInformation.doAs(UserGroupInformation.java:1878) [hadoop-common-3.3.1.jar:?]
	at org.apache.hadoop.ipc.Server$Handler.run(Server.java:2966) [hadoop-common-3.3.1.jar:?]
01:51:36.039 [IPC Server handler 15 on default port 42455] ERROR OMAudit - user=runner | ip=127.0.0.1 | op=GET_FILE_STATUS {volume=volume62743, bucket=bucket93770, key=testBatchDelete/parent/child4, dataSize=0, replicationConfig=null} | ret=FAILURE
org.apache.hadoop.ozone.om.exceptions.OMException: Unable to get file status: volume: volume62743 bucket: bucket93770 key: testBatchDelete/parent/child4
	at org.apache.hadoop.ozone.om.KeyManagerImpl.getOzoneFileStatus(KeyManagerImpl.java:1311) ~[ozone-manager-1.3.0-SNAPSHOT.jar:?]
	at org.apache.hadoop.ozone.om.KeyManagerImpl.getFileStatus(KeyManagerImpl.java:1241) ~[ozone-manager-1.3.0-SNAPSHOT.jar:?]
	at org.apache.hadoop.ozone.om.OzoneManager.getFileStatus(OzoneManager.java:3467) ~[ozone-manager-1.3.0-SNAPSHOT.jar:?]
	at org.apache.hadoop.ozone.protocolPB.OzoneManagerRequestHandler.getOzoneFileStatus(OzoneManagerRequestHandler.java:878) ~[ozone-manager-1.3.0-SNAPSHOT.jar:?]
	at org.apache.hadoop.ozone.protocolPB.OzoneManagerRequestHandler.handleReadRequest(OzoneManagerRequestHandler.java:224) ~[ozone-manager-1.3.0-SNAPSHOT.jar:?]
	at org.apache.hadoop.ozone.protocolPB.OzoneManagerProtocolServerSideTranslatorPB.submitReadRequestToOM(OzoneManagerProtocolServerSideTranslatorPB.java:226) ~[ozone-manager-1.3.0-SNAPSHOT.jar:?]
	at org.apache.hadoop.ozone.protocolPB.OzoneManagerProtocolServerSideTranslatorPB.processRequest(OzoneManagerProtocolServerSideTranslatorPB.java:175) ~[ozone-manager-1.3.0-SNAPSHOT.jar:?]
	at org.apache.hadoop.hdds.server.OzoneProtocolMessageDispatcher.processRequest(OzoneProtocolMessageDispatcher.java:87) [hdds-server-framework-1.3.0-SNAPSHOT.jar:?]
	at org.apache.hadoop.ozone.protocolPB.OzoneManagerProtocolServerSideTranslatorPB.submitRequest(OzoneManagerProtocolServerSideTranslatorPB.java:147) [ozone-manager-1.3.0-SNAPSHOT.jar:?]
	at org.apache.hadoop.ozone.protocol.proto.OzoneManagerProtocolProtos$OzoneManagerService$2.callBlockingMethod(OzoneManagerProtocolProtos.java) [ozone-interface-client-1.3.0-SNAPSHOT.jar:?]
	at org.apache.hadoop.ipc.ProtobufRpcEngine$Server.processCall(ProtobufRpcEngine.java:466) [hadoop-common-3.3.1.jar:?]
	at org.apache.hadoop.ipc.ProtobufRpcEngine2$Server$ProtoBufRpcInvoker.call(ProtobufRpcEngine2.java:574) [hadoop-common-3.3.1.jar:?]
	at org.apache.hadoop.ipc.ProtobufRpcEngine2$Server$ProtoBufRpcInvoker.call(ProtobufRpcEngine2.java:552) [hadoop-common-3.3.1.jar:?]
	at org.apache.hadoop.ipc.RPC$Server.call(RPC.java:1093) [hadoop-common-3.3.1.jar:?]
	at org.apache.hadoop.ipc.Server$RpcCall.run(Server.java:1035) [hadoop-common-3.3.1.jar:?]
	at org.apache.hadoop.ipc.Server$RpcCall.run(Server.java:963) [hadoop-common-3.3.1.jar:?]
	at java.security.AccessController.doPrivileged(Native Method) ~[?:1.8.0_332]
	at javax.security.auth.Subject.doAs(Subject.java:422) [?:1.8.0_332]
	at org.apache.hadoop.security.UserGroupInformation.doAs(UserGroupInformation.java:1878) [hadoop-common-3.3.1.jar:?]
	at org.apache.hadoop.ipc.Server$Handler.run(Server.java:2966) [hadoop-common-3.3.1.jar:?]
01:51:36.042 [IPC Server handler 13 on default port 42455] ERROR OMAudit - user=runner | ip=127.0.0.1 | op=GET_FILE_STATUS {volume=volume62743, bucket=bucket93770, key=testBatchDelete/parent/childFolder/child4, dataSize=0, replicationConfig=null} | ret=FAILURE
org.apache.hadoop.ozone.om.exceptions.OMException: Unable to get file status: volume: volume62743 bucket: bucket93770 key: testBatchDelete/parent/childFolder/child4
	at org.apache.hadoop.ozone.om.KeyManagerImpl.getOzoneFileStatus(KeyManagerImpl.java:1311) ~[ozone-manager-1.3.0-SNAPSHOT.jar:?]
	at org.apache.hadoop.ozone.om.KeyManagerImpl.getFileStatus(KeyManagerImpl.java:1241) ~[ozone-manager-1.3.0-SNAPSHOT.jar:?]
	at org.apache.hadoop.ozone.om.OzoneManager.getFileStatus(OzoneManager.java:3467) ~[ozone-manager-1.3.0-SNAPSHOT.jar:?]
	at org.apache.hadoop.ozone.protocolPB.OzoneManagerRequestHandler.getOzoneFileStatus(OzoneManagerRequestHandler.java:878) ~[ozone-manager-1.3.0-SNAPSHOT.jar:?]
	at org.apache.hadoop.ozone.protocolPB.OzoneManagerRequestHandler.handleReadRequest(OzoneManagerRequestHandler.java:224) ~[ozone-manager-1.3.0-SNAPSHOT.jar:?]
	at org.apache.hadoop.ozone.protocolPB.OzoneManagerProtocolServerSideTranslatorPB.submitReadRequestToOM(OzoneManagerProtocolServerSideTranslatorPB.java:226) ~[ozone-manager-1.3.0-SNAPSHOT.jar:?]
	at org.apache.hadoop.ozone.protocolPB.OzoneManagerProtocolServerSideTranslatorPB.processRequest(OzoneManagerProtocolServerSideTranslatorPB.java:175) ~[ozone-manager-1.3.0-SNAPSHOT.jar:?]
	at org.apache.hadoop.hdds.server.OzoneProtocolMessageDispatcher.processRequest(OzoneProtocolMessageDispatcher.java:87) [hdds-server-framework-1.3.0-SNAPSHOT.jar:?]
	at org.apache.hadoop.ozone.protocolPB.OzoneManagerProtocolServerSideTranslatorPB.submitRequest(OzoneManagerProtocolServerSideTranslatorPB.java:147) [ozone-manager-1.3.0-SNAPSHOT.jar:?]
	at org.apache.hadoop.ozone.protocol.proto.OzoneManagerProtocolProtos$OzoneManagerService$2.callBlockingMethod(OzoneManagerProtocolProtos.java) [ozone-interface-client-1.3.0-SNAPSHOT.jar:?]
	at org.apache.hadoop.ipc.ProtobufRpcEngine$Server.processCall(ProtobufRpcEngine.java:466) [hadoop-common-3.3.1.jar:?]
	at org.apache.hadoop.ipc.ProtobufRpcEngine2$Server$ProtoBufRpcInvoker.call(ProtobufRpcEngine2.java:574) [hadoop-common-3.3.1.jar:?]
	at org.apache.hadoop.ipc.ProtobufRpcEngine2$Server$ProtoBufRpcInvoker.call(ProtobufRpcEngine2.java:552) [hadoop-common-3.3.1.jar:?]
	at org.apache.hadoop.ipc.RPC$Server.call(RPC.java:1093) [hadoop-common-3.3.1.jar:?]
	at org.apache.hadoop.ipc.Server$RpcCall.run(Server.java:1035) [hadoop-common-3.3.1.jar:?]
	at org.apache.hadoop.ipc.Server$RpcCall.run(Server.java:963) [hadoop-common-3.3.1.jar:?]
	at java.security.AccessController.doPrivileged(Native Method) ~[?:1.8.0_332]
	at javax.security.auth.Subject.doAs(Subject.java:422) [?:1.8.0_332]
	at org.apache.hadoop.security.UserGroupInformation.doAs(UserGroupInformation.java:1878) [hadoop-common-3.3.1.jar:?]
	at org.apache.hadoop.ipc.Server$Handler.run(Server.java:2966) [hadoop-common-3.3.1.jar:?]
01:51:36.056 [IPC Server handler 12 on default port 42455] ERROR OMAudit - user=runner | ip=127.0.0.1 | op=GET_FILE_STATUS {volume=volume62743, bucket=bucket93770, key=testBatchDelete/parent/child5, dataSize=0, replicationConfig=null} | ret=FAILURE
org.apache.hadoop.ozone.om.exceptions.OMException: Unable to get file status: volume: volume62743 bucket: bucket93770 key: testBatchDelete/parent/child5
	at org.apache.hadoop.ozone.om.KeyManagerImpl.getOzoneFileStatus(KeyManagerImpl.java:1311) ~[ozone-manager-1.3.0-SNAPSHOT.jar:?]
	at org.apache.hadoop.ozone.om.KeyManagerImpl.getFileStatus(KeyManagerImpl.java:1241) ~[ozone-manager-1.3.0-SNAPSHOT.jar:?]
	at org.apache.hadoop.ozone.om.OzoneManager.getFileStatus(OzoneManager.java:3467) ~[ozone-manager-1.3.0-SNAPSHOT.jar:?]
	at org.apache.hadoop.ozone.protocolPB.OzoneManagerRequestHandler.getOzoneFileStatus(OzoneManagerRequestHandler.java:878) ~[ozone-manager-1.3.0-SNAPSHOT.jar:?]
	at org.apache.hadoop.ozone.protocolPB.OzoneManagerRequestHandler.handleReadRequest(OzoneManagerRequestHandler.java:224) ~[ozone-manager-1.3.0-SNAPSHOT.jar:?]
	at org.apache.hadoop.ozone.protocolPB.OzoneManagerProtocolServerSideTranslatorPB.submitReadRequestToOM(OzoneManagerProtocolServerSideTranslatorPB.java:226) ~[ozone-manager-1.3.0-SNAPSHOT.jar:?]
	at org.apache.hadoop.ozone.protocolPB.OzoneManagerProtocolServerSideTranslatorPB.processRequest(OzoneManagerProtocolServerSideTranslatorPB.java:175) ~[ozone-manager-1.3.0-SNAPSHOT.jar:?]
	at org.apache.hadoop.hdds.server.OzoneProtocolMessageDispatcher.processRequest(OzoneProtocolMessageDispatcher.java:87) [hdds-server-framework-1.3.0-SNAPSHOT.jar:?]
	at org.apache.hadoop.ozone.protocolPB.OzoneManagerProtocolServerSideTranslatorPB.submitRequest(OzoneManagerProtocolServerSideTranslatorPB.java:147) [ozone-manager-1.3.0-SNAPSHOT.jar:?]
	at org.apache.hadoop.ozone.protocol.proto.OzoneManagerProtocolProtos$OzoneManagerService$2.callBlockingMethod(OzoneManagerProtocolProtos.java) [ozone-interface-client-1.3.0-SNAPSHOT.jar:?]
	at org.apache.hadoop.ipc.ProtobufRpcEngine$Server.processCall(ProtobufRpcEngine.java:466) [hadoop-common-3.3.1.jar:?]
	at org.apache.hadoop.ipc.ProtobufRpcEngine2$Server$ProtoBufRpcInvoker.call(ProtobufRpcEngine2.java:574) [hadoop-common-3.3.1.jar:?]
	at org.apache.hadoop.ipc.ProtobufRpcEngine2$Server$ProtoBufRpcInvoker.call(ProtobufRpcEngine2.java:552) [hadoop-common-3.3.1.jar:?]
	at org.apache.hadoop.ipc.RPC$Server.call(RPC.java:1093) [hadoop-common-3.3.1.jar:?]
	at org.apache.hadoop.ipc.Server$RpcCall.run(Server.java:1035) [hadoop-common-3.3.1.jar:?]
	at org.apache.hadoop.ipc.Server$RpcCall.run(Server.java:963) [hadoop-common-3.3.1.jar:?]
	at java.security.AccessController.doPrivileged(Native Method) ~[?:1.8.0_332]
	at javax.security.auth.Subject.doAs(Subject.java:422) [?:1.8.0_332]
	at org.apache.hadoop.security.UserGroupInformation.doAs(UserGroupInformation.java:1878) [hadoop-common-3.3.1.jar:?]
	at org.apache.hadoop.ipc.Server$Handler.run(Server.java:2966) [hadoop-common-3.3.1.jar:?]
01:51:36.058 [IPC Server handler 9 on default port 42455] ERROR OMAudit - user=runner | ip=127.0.0.1 | op=GET_FILE_STATUS {volume=volume62743, bucket=bucket93770, key=testBatchDelete/parent/childFolder/child5, dataSize=0, replicationConfig=null} | ret=FAILURE
org.apache.hadoop.ozone.om.exceptions.OMException: Unable to get file status: volume: volume62743 bucket: bucket93770 key: testBatchDelete/parent/childFolder/child5
	at org.apache.hadoop.ozone.om.KeyManagerImpl.getOzoneFileStatus(KeyManagerImpl.java:1311) ~[ozone-manager-1.3.0-SNAPSHOT.jar:?]
	at org.apache.hadoop.ozone.om.KeyManagerImpl.getFileStatus(KeyManagerImpl.java:1241) ~[ozone-manager-1.3.0-SNAPSHOT.jar:?]
	at org.apache.hadoop.ozone.om.OzoneManager.getFileStatus(OzoneManager.java:3467) ~[ozone-manager-1.3.0-SNAPSHOT.jar:?]
	at org.apache.hadoop.ozone.protocolPB.OzoneManagerRequestHandler.getOzoneFileStatus(OzoneManagerRequestHandler.java:878) ~[ozone-manager-1.3.0-SNAPSHOT.jar:?]
	at org.apache.hadoop.ozone.protocolPB.OzoneManagerRequestHandler.handleReadRequest(OzoneManagerRequestHandler.java:224) ~[ozone-manager-1.3.0-SNAPSHOT.jar:?]
	at org.apache.hadoop.ozone.protocolPB.OzoneManagerProtocolServerSideTranslatorPB.submitReadRequestToOM(OzoneManagerProtocolServerSideTranslatorPB.java:226) ~[ozone-manager-1.3.0-SNAPSHOT.jar:?]
	at org.apache.hadoop.ozone.protocolPB.OzoneManagerProtocolServerSideTranslatorPB.processRequest(OzoneManagerProtocolServerSideTranslatorPB.java:175) ~[ozone-manager-1.3.0-SNAPSHOT.jar:?]
	at org.apache.hadoop.hdds.server.OzoneProtocolMessageDispatcher.processRequest(OzoneProtocolMessageDispatcher.java:87) [hdds-server-framework-1.3.0-SNAPSHOT.jar:?]
	at org.apache.hadoop.ozone.protocolPB.OzoneManagerProtocolServerSideTranslatorPB.submitRequest(OzoneManagerProtocolServerSideTranslatorPB.java:147) [ozone-manager-1.3.0-SNAPSHOT.jar:?]
	at org.apache.hadoop.ozone.protocol.proto.OzoneManagerProtocolProtos$OzoneManagerService$2.callBlockingMethod(OzoneManagerProtocolProtos.java) [ozone-interface-client-1.3.0-SNAPSHOT.jar:?]
	at org.apache.hadoop.ipc.ProtobufRpcEngine$Server.processCall(ProtobufRpcEngine.java:466) [hadoop-common-3.3.1.jar:?]
	at org.apache.hadoop.ipc.ProtobufRpcEngine2$Server$ProtoBufRpcInvoker.call(ProtobufRpcEngine2.java:574) [hadoop-common-3.3.1.jar:?]
	at org.apache.hadoop.ipc.ProtobufRpcEngine2$Server$ProtoBufRpcInvoker.call(ProtobufRpcEngine2.java:552) [hadoop-common-3.3.1.jar:?]
	at org.apache.hadoop.ipc.RPC$Server.call(RPC.java:1093) [hadoop-common-3.3.1.jar:?]
	at org.apache.hadoop.ipc.Server$RpcCall.run(Server.java:1035) [hadoop-common-3.3.1.jar:?]
	at org.apache.hadoop.ipc.Server$RpcCall.run(Server.java:963) [hadoop-common-3.3.1.jar:?]
	at java.security.AccessController.doPrivileged(Native Method) ~[?:1.8.0_332]
	at javax.security.auth.Subject.doAs(Subject.java:422) [?:1.8.0_332]
	at org.apache.hadoop.security.UserGroupInformation.doAs(UserGroupInformation.java:1878) [hadoop-common-3.3.1.jar:?]
	at org.apache.hadoop.ipc.Server$Handler.run(Server.java:2966) [hadoop-common-3.3.1.jar:?]
01:51:36.059 [IPC Server handler 7 on default port 42455] ERROR OMAudit - user=runner | ip=127.0.0.1 | op=GET_FILE_STATUS {volume=volume62743, bucket=bucket93770, key=testBatchDelete/parent/child6, dataSize=0, replicationConfig=null} | ret=FAILURE
org.apache.hadoop.ozone.om.exceptions.OMException: Unable to get file status: volume: volume62743 bucket: bucket93770 key: testBatchDelete/parent/child6
	at org.apache.hadoop.ozone.om.KeyManagerImpl.getOzoneFileStatus(KeyManagerImpl.java:1311) ~[ozone-manager-1.3.0-SNAPSHOT.jar:?]
	at org.apache.hadoop.ozone.om.KeyManagerImpl.getFileStatus(KeyManagerImpl.java:1241) ~[ozone-manager-1.3.0-SNAPSHOT.jar:?]
	at org.apache.hadoop.ozone.om.OzoneManager.getFileStatus(OzoneManager.java:3467) ~[ozone-manager-1.3.0-SNAPSHOT.jar:?]
	at org.apache.hadoop.ozone.protocolPB.OzoneManagerRequestHandler.getOzoneFileStatus(OzoneManagerRequestHandler.java:878) ~[ozone-manager-1.3.0-SNAPSHOT.jar:?]
	at org.apache.hadoop.ozone.protocolPB.OzoneManagerRequestHandler.handleReadRequest(OzoneManagerRequestHandler.java:224) ~[ozone-manager-1.3.0-SNAPSHOT.jar:?]
	at org.apache.hadoop.ozone.protocolPB.OzoneManagerProtocolServerSideTranslatorPB.submitReadRequestToOM(OzoneManagerProtocolServerSideTranslatorPB.java:226) ~[ozone-manager-1.3.0-SNAPSHOT.jar:?]
	at org.apache.hadoop.ozone.protocolPB.OzoneManagerProtocolServerSideTranslatorPB.processRequest(OzoneManagerProtocolServerSideTranslatorPB.java:175) ~[ozone-manager-1.3.0-SNAPSHOT.jar:?]
	at org.apache.hadoop.hdds.server.OzoneProtocolMessageDispatcher.processRequest(OzoneProtocolMessageDispatcher.java:87) [hdds-server-framework-1.3.0-SNAPSHOT.jar:?]
	at org.apache.hadoop.ozone.protocolPB.OzoneManagerProtocolServerSideTranslatorPB.submitRequest(OzoneManagerProtocolServerSideTranslatorPB.java:147) [ozone-manager-1.3.0-SNAPSHOT.jar:?]
	at org.apache.hadoop.ozone.protocol.proto.OzoneManagerProtocolProtos$OzoneManagerService$2.callBlockingMethod(OzoneManagerProtocolProtos.java) [ozone-interface-client-1.3.0-SNAPSHOT.jar:?]
	at org.apache.hadoop.ipc.ProtobufRpcEngine$Server.processCall(ProtobufRpcEngine.java:466) [hadoop-common-3.3.1.jar:?]
	at org.apache.hadoop.ipc.ProtobufRpcEngine2$Server$ProtoBufRpcInvoker.call(ProtobufRpcEngine2.java:574) [hadoop-common-3.3.1.jar:?]
	at org.apache.hadoop.ipc.ProtobufRpcEngine2$Server$ProtoBufRpcInvoker.call(ProtobufRpcEngine2.java:552) [hadoop-common-3.3.1.jar:?]
	at org.apache.hadoop.ipc.RPC$Server.call(RPC.java:1093) [hadoop-common-3.3.1.jar:?]
	at org.apache.hadoop.ipc.Server$RpcCall.run(Server.java:1035) [hadoop-common-3.3.1.jar:?]
	at org.apache.hadoop.ipc.Server$RpcCall.run(Server.java:963) [hadoop-common-3.3.1.jar:?]
	at java.security.AccessController.doPrivileged(Native Method) ~[?:1.8.0_332]
	at javax.security.auth.Subject.doAs(Subject.java:422) [?:1.8.0_332]
	at org.apache.hadoop.security.UserGroupInformation.doAs(UserGroupInformation.java:1878) [hadoop-common-3.3.1.jar:?]
	at org.apache.hadoop.ipc.Server$Handler.run(Server.java:2966) [hadoop-common-3.3.1.jar:?]
01:51:36.060 [IPC Server handler 5 on default port 42455] ERROR OMAudit - user=runner | ip=127.0.0.1 | op=GET_FILE_STATUS {volume=volume62743, bucket=bucket93770, key=testBatchDelete/parent/childFolder/child6, dataSize=0, replicationConfig=null} | ret=FAILURE
org.apache.hadoop.ozone.om.exceptions.OMException: Unable to get file status: volume: volume62743 bucket: bucket93770 key: testBatchDelete/parent/childFolder/child6
	at org.apache.hadoop.ozone.om.KeyManagerImpl.getOzoneFileStatus(KeyManagerImpl.java:1311) ~[ozone-manager-1.3.0-SNAPSHOT.jar:?]
	at org.apache.hadoop.ozone.om.KeyManagerImpl.getFileStatus(KeyManagerImpl.java:1241) ~[ozone-manager-1.3.0-SNAPSHOT.jar:?]
	at org.apache.hadoop.ozone.om.OzoneManager.getFileStatus(OzoneManager.java:3467) ~[ozone-manager-1.3.0-SNAPSHOT.jar:?]
	at org.apache.hadoop.ozone.protocolPB.OzoneManagerRequestHandler.getOzoneFileStatus(OzoneManagerRequestHandler.java:878) ~[ozone-manager-1.3.0-SNAPSHOT.jar:?]
	at org.apache.hadoop.ozone.protocolPB.OzoneManagerRequestHandler.handleReadRequest(OzoneManagerRequestHandler.java:224) ~[ozone-manager-1.3.0-SNAPSHOT.jar:?]
	at org.apache.hadoop.ozone.protocolPB.OzoneManagerProtocolServerSideTranslatorPB.submitReadRequestToOM(OzoneManagerProtocolServerSideTranslatorPB.java:226) ~[ozone-manager-1.3.0-SNAPSHOT.jar:?]
	at org.apache.hadoop.ozone.protocolPB.OzoneManagerProtocolServerSideTranslatorPB.processRequest(OzoneManagerProtocolServerSideTranslatorPB.java:175) ~[ozone-manager-1.3.0-SNAPSHOT.jar:?]
	at org.apache.hadoop.hdds.server.OzoneProtocolMessageDispatcher.processRequest(OzoneProtocolMessageDispatcher.java:87) [hdds-server-framework-1.3.0-SNAPSHOT.jar:?]
	at org.apache.hadoop.ozone.protocolPB.OzoneManagerProtocolServerSideTranslatorPB.submitRequest(OzoneManagerProtocolServerSideTranslatorPB.java:147) [ozone-manager-1.3.0-SNAPSHOT.jar:?]
	at org.apache.hadoop.ozone.protocol.proto.OzoneManagerProtocolProtos$OzoneManagerService$2.callBlockingMethod(OzoneManagerProtocolProtos.java) [ozone-interface-client-1.3.0-SNAPSHOT.jar:?]
	at org.apache.hadoop.ipc.ProtobufRpcEngine$Server.processCall(ProtobufRpcEngine.java:466) [hadoop-common-3.3.1.jar:?]
	at org.apache.hadoop.ipc.ProtobufRpcEngine2$Server$ProtoBufRpcInvoker.call(ProtobufRpcEngine2.java:574) [hadoop-common-3.3.1.jar:?]
	at org.apache.hadoop.ipc.ProtobufRpcEngine2$Server$ProtoBufRpcInvoker.call(ProtobufRpcEngine2.java:552) [hadoop-common-3.3.1.jar:?]
	at org.apache.hadoop.ipc.RPC$Server.call(RPC.java:1093) [hadoop-common-3.3.1.jar:?]
	at org.apache.hadoop.ipc.Server$RpcCall.run(Server.java:1035) [hadoop-common-3.3.1.jar:?]
	at org.apache.hadoop.ipc.Server$RpcCall.run(Server.java:963) [hadoop-common-3.3.1.jar:?]
	at java.security.AccessController.doPrivileged(Native Method) ~[?:1.8.0_332]
	at javax.security.auth.Subject.doAs(Subject.java:422) [?:1.8.0_332]
	at org.apache.hadoop.security.UserGroupInformation.doAs(UserGroupInformation.java:1878) [hadoop-common-3.3.1.jar:?]
	at org.apache.hadoop.ipc.Server$Handler.run(Server.java:2966) [hadoop-common-3.3.1.jar:?]
01:51:36.061 [IPC Server handler 4 on default port 42455] ERROR OMAudit - user=runner | ip=127.0.0.1 | op=GET_FILE_STATUS {volume=volume62743, bucket=bucket93770, key=testBatchDelete/parent/child7, dataSize=0, replicationConfig=null} | ret=FAILURE
org.apache.hadoop.ozone.om.exceptions.OMException: Unable to get file status: volume: volume62743 bucket: bucket93770 key: testBatchDelete/parent/child7
	at org.apache.hadoop.ozone.om.KeyManagerImpl.getOzoneFileStatus(KeyManagerImpl.java:1311) ~[ozone-manager-1.3.0-SNAPSHOT.jar:?]
	at org.apache.hadoop.ozone.om.KeyManagerImpl.getFileStatus(KeyManagerImpl.java:1241) ~[ozone-manager-1.3.0-SNAPSHOT.jar:?]
	at org.apache.hadoop.ozone.om.OzoneManager.getFileStatus(OzoneManager.java:3467) ~[ozone-manager-1.3.0-SNAPSHOT.jar:?]
	at org.apache.hadoop.ozone.protocolPB.OzoneManagerRequestHandler.getOzoneFileStatus(OzoneManagerRequestHandler.java:878) ~[ozone-manager-1.3.0-SNAPSHOT.jar:?]
	at org.apache.hadoop.ozone.protocolPB.OzoneManagerRequestHandler.handleReadRequest(OzoneManagerRequestHandler.java:224) ~[ozone-manager-1.3.0-SNAPSHOT.jar:?]
	at org.apache.hadoop.ozone.protocolPB.OzoneManagerProtocolServerSideTranslatorPB.submitReadRequestToOM(OzoneManagerProtocolServerSideTranslatorPB.java:226) ~[ozone-manager-1.3.0-SNAPSHOT.jar:?]
	at org.apache.hadoop.ozone.protocolPB.OzoneManagerProtocolServerSideTranslatorPB.processRequest(OzoneManagerProtocolServerSideTranslatorPB.java:175) ~[ozone-manager-1.3.0-SNAPSHOT.jar:?]
	at org.apache.hadoop.hdds.server.OzoneProtocolMessageDispatcher.processRequest(OzoneProtocolMessageDispatcher.java:87) [hdds-server-framework-1.3.0-SNAPSHOT.jar:?]
	at org.apache.hadoop.ozone.protocolPB.OzoneManagerProtocolServerSideTranslatorPB.submitRequest(OzoneManagerProtocolServerSideTranslatorPB.java:147) [ozone-manager-1.3.0-SNAPSHOT.jar:?]
	at org.apache.hadoop.ozone.protocol.proto.OzoneManagerProtocolProtos$OzoneManagerService$2.callBlockingMethod(OzoneManagerProtocolProtos.java) [ozone-interface-client-1.3.0-SNAPSHOT.jar:?]
	at org.apache.hadoop.ipc.ProtobufRpcEngine$Server.processCall(ProtobufRpcEngine.java:466) [hadoop-common-3.3.1.jar:?]
	at org.apache.hadoop.ipc.ProtobufRpcEngine2$Server$ProtoBufRpcInvoker.call(ProtobufRpcEngine2.java:574) [hadoop-common-3.3.1.jar:?]
	at org.apache.hadoop.ipc.ProtobufRpcEngine2$Server$ProtoBufRpcInvoker.call(ProtobufRpcEngine2.java:552) [hadoop-common-3.3.1.jar:?]
	at org.apache.hadoop.ipc.RPC$Server.call(RPC.java:1093) [hadoop-common-3.3.1.jar:?]
	at org.apache.hadoop.ipc.Server$RpcCall.run(Server.java:1035) [hadoop-common-3.3.1.jar:?]
	at org.apache.hadoop.ipc.Server$RpcCall.run(Server.java:963) [hadoop-common-3.3.1.jar:?]
	at java.security.AccessController.doPrivileged(Native Method) ~[?:1.8.0_332]
	at javax.security.auth.Subject.doAs(Subject.java:422) [?:1.8.0_332]
	at org.apache.hadoop.security.UserGroupInformation.doAs(UserGroupInformation.java:1878) [hadoop-common-3.3.1.jar:?]
	at org.apache.hadoop.ipc.Server$Handler.run(Server.java:2966) [hadoop-common-3.3.1.jar:?]
01:51:36.063 [IPC Server handler 14 on default port 42455] ERROR OMAudit - user=runner | ip=127.0.0.1 | op=GET_FILE_STATUS {volume=volume62743, bucket=bucket93770, key=testBatchDelete/parent/childFolder/child7, dataSize=0, replicationConfig=null} | ret=FAILURE
org.apache.hadoop.ozone.om.exceptions.OMException: Unable to get file status: volume: volume62743 bucket: bucket93770 key: testBatchDelete/parent/childFolder/child7
	at org.apache.hadoop.ozone.om.KeyManagerImpl.getOzoneFileStatus(KeyManagerImpl.java:1311) ~[ozone-manager-1.3.0-SNAPSHOT.jar:?]
	at org.apache.hadoop.ozone.om.KeyManagerImpl.getFileStatus(KeyManagerImpl.java:1241) ~[ozone-manager-1.3.0-SNAPSHOT.jar:?]
	at org.apache.hadoop.ozone.om.OzoneManager.getFileStatus(OzoneManager.java:3467) ~[ozone-manager-1.3.0-SNAPSHOT.jar:?]
	at org.apache.hadoop.ozone.protocolPB.OzoneManagerRequestHandler.getOzoneFileStatus(OzoneManagerRequestHandler.java:878) ~[ozone-manager-1.3.0-SNAPSHOT.jar:?]
	at org.apache.hadoop.ozone.protocolPB.OzoneManagerRequestHandler.handleReadRequest(OzoneManagerRequestHandler.java:224) ~[ozone-manager-1.3.0-SNAPSHOT.jar:?]
	at org.apache.hadoop.ozone.protocolPB.OzoneManagerProtocolServerSideTranslatorPB.submitReadRequestToOM(OzoneManagerProtocolServerSideTranslatorPB.java:226) ~[ozone-manager-1.3.0-SNAPSHOT.jar:?]
	at org.apache.hadoop.ozone.protocolPB.OzoneManagerProtocolServerSideTranslatorPB.processRequest(OzoneManagerProtocolServerSideTranslatorPB.java:175) ~[ozone-manager-1.3.0-SNAPSHOT.jar:?]
	at org.apache.hadoop.hdds.server.OzoneProtocolMessageDispatcher.processRequest(OzoneProtocolMessageDispatcher.java:87) [hdds-server-framework-1.3.0-SNAPSHOT.jar:?]
	at org.apache.hadoop.ozone.protocolPB.OzoneManagerProtocolServerSideTranslatorPB.submitRequest(OzoneManagerProtocolServerSideTranslatorPB.java:147) [ozone-manager-1.3.0-SNAPSHOT.jar:?]
	at org.apache.hadoop.ozone.protocol.proto.OzoneManagerProtocolProtos$OzoneManagerService$2.callBlockingMethod(OzoneManagerProtocolProtos.java) [ozone-interface-client-1.3.0-SNAPSHOT.jar:?]
	at org.apache.hadoop.ipc.ProtobufRpcEngine$Server.processCall(ProtobufRpcEngine.java:466) [hadoop-common-3.3.1.jar:?]
	at org.apache.hadoop.ipc.ProtobufRpcEngine2$Server$ProtoBufRpcInvoker.call(ProtobufRpcEngine2.java:574) [hadoop-common-3.3.1.jar:?]
	at org.apache.hadoop.ipc.ProtobufRpcEngine2$Server$ProtoBufRpcInvoker.call(ProtobufRpcEngine2.java:552) [hadoop-common-3.3.1.jar:?]
	at org.apache.hadoop.ipc.RPC$Server.call(RPC.java:1093) [hadoop-common-3.3.1.jar:?]
	at org.apache.hadoop.ipc.Server$RpcCall.run(Server.java:1035) [hadoop-common-3.3.1.jar:?]
	at org.apache.hadoop.ipc.Server$RpcCall.run(Server.java:963) [hadoop-common-3.3.1.jar:?]
	at java.security.AccessController.doPrivileged(Native Method) ~[?:1.8.0_332]
	at javax.security.auth.Subject.doAs(Subject.java:422) [?:1.8.0_332]
	at org.apache.hadoop.security.UserGroupInformation.doAs(UserGroupInformation.java:1878) [hadoop-common-3.3.1.jar:?]
	at org.apache.hadoop.ipc.Server$Handler.run(Server.java:2966) [hadoop-common-3.3.1.jar:?]
01:51:36.064 [IPC Server handler 17 on default port 42455] ERROR OMAudit - user=runner | ip=127.0.0.1 | op=GET_FILE_STATUS {volume=volume62743, bucket=bucket93770, key=testBatchDelete/parent, dataSize=0, replicationConfig=null} | ret=FAILURE
org.apache.hadoop.ozone.om.exceptions.OMException: Unable to get file status: volume: volume62743 bucket: bucket93770 key: testBatchDelete/parent
	at org.apache.hadoop.ozone.om.KeyManagerImpl.getOzoneFileStatus(KeyManagerImpl.java:1311) ~[ozone-manager-1.3.0-SNAPSHOT.jar:?]
	at org.apache.hadoop.ozone.om.KeyManagerImpl.getFileStatus(KeyManagerImpl.java:1241) ~[ozone-manager-1.3.0-SNAPSHOT.jar:?]
	at org.apache.hadoop.ozone.om.OzoneManager.getFileStatus(OzoneManager.java:3467) ~[ozone-manager-1.3.0-SNAPSHOT.jar:?]
	at org.apache.hadoop.ozone.protocolPB.OzoneManagerRequestHandler.getOzoneFileStatus(OzoneManagerRequestHandler.java:878) ~[ozone-manager-1.3.0-SNAPSHOT.jar:?]
	at org.apache.hadoop.ozone.protocolPB.OzoneManagerRequestHandler.handleReadRequest(OzoneManagerRequestHandler.java:224) ~[ozone-manager-1.3.0-SNAPSHOT.jar:?]
	at org.apache.hadoop.ozone.protocolPB.OzoneManagerProtocolServerSideTranslatorPB.submitReadRequestToOM(OzoneManagerProtocolServerSideTranslatorPB.java:226) ~[ozone-manager-1.3.0-SNAPSHOT.jar:?]
	at org.apache.hadoop.ozone.protocolPB.OzoneManagerProtocolServerSideTranslatorPB.processRequest(OzoneManagerProtocolServerSideTranslatorPB.java:175) ~[ozone-manager-1.3.0-SNAPSHOT.jar:?]
	at org.apache.hadoop.hdds.server.OzoneProtocolMessageDispatcher.processRequest(OzoneProtocolMessageDispatcher.java:87) [hdds-server-framework-1.3.0-SNAPSHOT.jar:?]
	at org.apache.hadoop.ozone.protocolPB.OzoneManagerProtocolServerSideTranslatorPB.submitRequest(OzoneManagerProtocolServerSideTranslatorPB.java:147) [ozone-manager-1.3.0-SNAPSHOT.jar:?]
	at org.apache.hadoop.ozone.protocol.proto.OzoneManagerProtocolProtos$OzoneManagerService$2.callBlockingMethod(OzoneManagerProtocolProtos.java) [ozone-interface-client-1.3.0-SNAPSHOT.jar:?]
	at org.apache.hadoop.ipc.ProtobufRpcEngine$Server.processCall(ProtobufRpcEngine.java:466) [hadoop-common-3.3.1.jar:?]
	at org.apache.hadoop.ipc.ProtobufRpcEngine2$Server$ProtoBufRpcInvoker.call(ProtobufRpcEngine2.java:574) [hadoop-common-3.3.1.jar:?]
	at org.apache.hadoop.ipc.ProtobufRpcEngine2$Server$ProtoBufRpcInvoker.call(ProtobufRpcEngine2.java:552) [hadoop-common-3.3.1.jar:?]
	at org.apache.hadoop.ipc.RPC$Server.call(RPC.java:1093) [hadoop-common-3.3.1.jar:?]
	at org.apache.hadoop.ipc.Server$RpcCall.run(Server.java:1035) [hadoop-common-3.3.1.jar:?]
	at org.apache.hadoop.ipc.Server$RpcCall.run(Server.java:963) [hadoop-common-3.3.1.jar:?]
	at java.security.AccessController.doPrivileged(Native Method) ~[?:1.8.0_332]
	at javax.security.auth.Subject.doAs(Subject.java:422) [?:1.8.0_332]
	at org.apache.hadoop.security.UserGroupInformation.doAs(UserGroupInformation.java:1878) [hadoop-common-3.3.1.jar:?]
	at org.apache.hadoop.ipc.Server$Handler.run(Server.java:2966) [hadoop-common-3.3.1.jar:?]
2022-07-30 01:51:36,064 [Time-limited test] WARN  ozone.BasicRootedOzoneFileSystem (BasicRootedOzoneFileSystem.java:delete(572)) - delete: Path does not exist: /volume62743/bucket93770/testBatchDelete/parent
]]></system-out>
  </testcase>
  <testcase name="testFileDelete" classname="TestRootedOzoneFileSystem" time="0.3">
    <system-out><![CDATA[2022-07-30 01:53:01,112 [Time-limited test] INFO  rpc.RpcClient (RpcClient.java:createVolume(468)) - Creating Volume: volume94214, with user84295 as owner and space quota set to -1 bytes, counts quota set to -1
2022-07-30 01:53:01,112 [IPC Server handler 19 on default port 40433] INFO  volume.OMVolumeCreateRequest (OMVolumeCreateRequest.java:validateAndUpdateCache(195)) - created volume:volume94214 for user:user84295
2022-07-30 01:53:01,115 [Time-limited test] INFO  rpc.RpcClient (RpcClient.java:createBucket(671)) - Creating Bucket: volume94214/bucket75583, with bucket layout LEGACY, runner as owner, Versioning false, Storage Type set to DISK and Encryption set to false 
2022-07-30 01:53:01,116 [IPC Server handler 9 on default port 40433] INFO  bucket.OMBucketCreateRequest (OMBucketCreateRequest.java:validateAndUpdateCache(260)) - created bucket: bucket75583 of layout LEGACY in volume: volume94214
01:53:01.256 [IPC Server handler 2 on default port 40433] ERROR OMAudit - user=runner | ip=127.0.0.1 | op=GET_FILE_STATUS {volume=volume94214, bucket=bucket75583, key=testBatchDelete, dataSize=0, replicationConfig=null} | ret=FAILURE
org.apache.hadoop.ozone.om.exceptions.OMException: Unable to get file status: volume: volume94214 bucket: bucket75583 key: testBatchDelete
	at org.apache.hadoop.ozone.om.KeyManagerImpl.getOzoneFileStatus(KeyManagerImpl.java:1311) ~[ozone-manager-1.3.0-SNAPSHOT.jar:?]
	at org.apache.hadoop.ozone.om.KeyManagerImpl.getFileStatus(KeyManagerImpl.java:1241) ~[ozone-manager-1.3.0-SNAPSHOT.jar:?]
	at org.apache.hadoop.ozone.om.OzoneManager.getFileStatus(OzoneManager.java:3467) ~[ozone-manager-1.3.0-SNAPSHOT.jar:?]
	at org.apache.hadoop.ozone.protocolPB.OzoneManagerRequestHandler.getOzoneFileStatus(OzoneManagerRequestHandler.java:878) ~[ozone-manager-1.3.0-SNAPSHOT.jar:?]
	at org.apache.hadoop.ozone.protocolPB.OzoneManagerRequestHandler.handleReadRequest(OzoneManagerRequestHandler.java:224) ~[ozone-manager-1.3.0-SNAPSHOT.jar:?]
	at org.apache.hadoop.ozone.protocolPB.OzoneManagerProtocolServerSideTranslatorPB.submitRequestDirectlyToOM(OzoneManagerProtocolServerSideTranslatorPB.java:276) ~[ozone-manager-1.3.0-SNAPSHOT.jar:?]
	at org.apache.hadoop.ozone.protocolPB.OzoneManagerProtocolServerSideTranslatorPB.processRequest(OzoneManagerProtocolServerSideTranslatorPB.java:205) ~[ozone-manager-1.3.0-SNAPSHOT.jar:?]
	at org.apache.hadoop.hdds.server.OzoneProtocolMessageDispatcher.processRequest(OzoneProtocolMessageDispatcher.java:87) [hdds-server-framework-1.3.0-SNAPSHOT.jar:?]
	at org.apache.hadoop.ozone.protocolPB.OzoneManagerProtocolServerSideTranslatorPB.submitRequest(OzoneManagerProtocolServerSideTranslatorPB.java:147) [ozone-manager-1.3.0-SNAPSHOT.jar:?]
	at org.apache.hadoop.ozone.protocol.proto.OzoneManagerProtocolProtos$OzoneManagerService$2.callBlockingMethod(OzoneManagerProtocolProtos.java) [ozone-interface-client-1.3.0-SNAPSHOT.jar:?]
	at org.apache.hadoop.ipc.ProtobufRpcEngine$Server.processCall(ProtobufRpcEngine.java:466) [hadoop-common-3.3.1.jar:?]
	at org.apache.hadoop.ipc.ProtobufRpcEngine2$Server$ProtoBufRpcInvoker.call(ProtobufRpcEngine2.java:574) [hadoop-common-3.3.1.jar:?]
	at org.apache.hadoop.ipc.ProtobufRpcEngine2$Server$ProtoBufRpcInvoker.call(ProtobufRpcEngine2.java:552) [hadoop-common-3.3.1.jar:?]
	at org.apache.hadoop.ipc.RPC$Server.call(RPC.java:1093) [hadoop-common-3.3.1.jar:?]
	at org.apache.hadoop.ipc.Server$RpcCall.run(Server.java:1035) [hadoop-common-3.3.1.jar:?]
	at org.apache.hadoop.ipc.Server$RpcCall.run(Server.java:963) [hadoop-common-3.3.1.jar:?]
	at java.security.AccessController.doPrivileged(Native Method) ~[?:1.8.0_332]
	at javax.security.auth.Subject.doAs(Subject.java:422) [?:1.8.0_332]
	at org.apache.hadoop.security.UserGroupInformation.doAs(UserGroupInformation.java:1878) [hadoop-common-3.3.1.jar:?]
	at org.apache.hadoop.ipc.Server$Handler.run(Server.java:2966) [hadoop-common-3.3.1.jar:?]
01:53:01.259 [IPC Server handler 0 on default port 40433] ERROR OMAudit - user=runner | ip=127.0.0.1 | op=GET_FILE_STATUS {volume=volume94214, bucket=bucket75583, key=testBatchDelete/parent/child0, dataSize=0, replicationConfig=null} | ret=FAILURE
org.apache.hadoop.ozone.om.exceptions.OMException: Unable to get file status: volume: volume94214 bucket: bucket75583 key: testBatchDelete/parent/child0
	at org.apache.hadoop.ozone.om.KeyManagerImpl.getOzoneFileStatus(KeyManagerImpl.java:1311) ~[ozone-manager-1.3.0-SNAPSHOT.jar:?]
	at org.apache.hadoop.ozone.om.KeyManagerImpl.getFileStatus(KeyManagerImpl.java:1241) ~[ozone-manager-1.3.0-SNAPSHOT.jar:?]
	at org.apache.hadoop.ozone.om.OzoneManager.getFileStatus(OzoneManager.java:3467) ~[ozone-manager-1.3.0-SNAPSHOT.jar:?]
	at org.apache.hadoop.ozone.protocolPB.OzoneManagerRequestHandler.getOzoneFileStatus(OzoneManagerRequestHandler.java:878) ~[ozone-manager-1.3.0-SNAPSHOT.jar:?]
	at org.apache.hadoop.ozone.protocolPB.OzoneManagerRequestHandler.handleReadRequest(OzoneManagerRequestHandler.java:224) ~[ozone-manager-1.3.0-SNAPSHOT.jar:?]
	at org.apache.hadoop.ozone.protocolPB.OzoneManagerProtocolServerSideTranslatorPB.submitRequestDirectlyToOM(OzoneManagerProtocolServerSideTranslatorPB.java:276) ~[ozone-manager-1.3.0-SNAPSHOT.jar:?]
	at org.apache.hadoop.ozone.protocolPB.OzoneManagerProtocolServerSideTranslatorPB.processRequest(OzoneManagerProtocolServerSideTranslatorPB.java:205) ~[ozone-manager-1.3.0-SNAPSHOT.jar:?]
	at org.apache.hadoop.hdds.server.OzoneProtocolMessageDispatcher.processRequest(OzoneProtocolMessageDispatcher.java:87) [hdds-server-framework-1.3.0-SNAPSHOT.jar:?]
	at org.apache.hadoop.ozone.protocolPB.OzoneManagerProtocolServerSideTranslatorPB.submitRequest(OzoneManagerProtocolServerSideTranslatorPB.java:147) [ozone-manager-1.3.0-SNAPSHOT.jar:?]
	at org.apache.hadoop.ozone.protocol.proto.OzoneManagerProtocolProtos$OzoneManagerService$2.callBlockingMethod(OzoneManagerProtocolProtos.java) [ozone-interface-client-1.3.0-SNAPSHOT.jar:?]
	at org.apache.hadoop.ipc.ProtobufRpcEngine$Server.processCall(ProtobufRpcEngine.java:466) [hadoop-common-3.3.1.jar:?]
	at org.apache.hadoop.ipc.ProtobufRpcEngine2$Server$ProtoBufRpcInvoker.call(ProtobufRpcEngine2.java:574) [hadoop-common-3.3.1.jar:?]
	at org.apache.hadoop.ipc.ProtobufRpcEngine2$Server$ProtoBufRpcInvoker.call(ProtobufRpcEngine2.java:552) [hadoop-common-3.3.1.jar:?]
	at org.apache.hadoop.ipc.RPC$Server.call(RPC.java:1093) [hadoop-common-3.3.1.jar:?]
	at org.apache.hadoop.ipc.Server$RpcCall.run(Server.java:1035) [hadoop-common-3.3.1.jar:?]
	at org.apache.hadoop.ipc.Server$RpcCall.run(Server.java:963) [hadoop-common-3.3.1.jar:?]
	at java.security.AccessController.doPrivileged(Native Method) ~[?:1.8.0_332]
	at javax.security.auth.Subject.doAs(Subject.java:422) [?:1.8.0_332]
	at org.apache.hadoop.security.UserGroupInformation.doAs(UserGroupInformation.java:1878) [hadoop-common-3.3.1.jar:?]
	at org.apache.hadoop.ipc.Server$Handler.run(Server.java:2966) [hadoop-common-3.3.1.jar:?]
01:53:01.272 [IPC Server handler 18 on default port 40433] ERROR OMAudit - user=runner | ip=127.0.0.1 | op=GET_FILE_STATUS {volume=volume94214, bucket=bucket75583, key=testBatchDelete/parent/childFolder/child0, dataSize=0, replicationConfig=null} | ret=FAILURE
org.apache.hadoop.ozone.om.exceptions.OMException: Unable to get file status: volume: volume94214 bucket: bucket75583 key: testBatchDelete/parent/childFolder/child0
	at org.apache.hadoop.ozone.om.KeyManagerImpl.getOzoneFileStatus(KeyManagerImpl.java:1311) ~[ozone-manager-1.3.0-SNAPSHOT.jar:?]
	at org.apache.hadoop.ozone.om.KeyManagerImpl.getFileStatus(KeyManagerImpl.java:1241) ~[ozone-manager-1.3.0-SNAPSHOT.jar:?]
	at org.apache.hadoop.ozone.om.OzoneManager.getFileStatus(OzoneManager.java:3467) ~[ozone-manager-1.3.0-SNAPSHOT.jar:?]
	at org.apache.hadoop.ozone.protocolPB.OzoneManagerRequestHandler.getOzoneFileStatus(OzoneManagerRequestHandler.java:878) ~[ozone-manager-1.3.0-SNAPSHOT.jar:?]
	at org.apache.hadoop.ozone.protocolPB.OzoneManagerRequestHandler.handleReadRequest(OzoneManagerRequestHandler.java:224) ~[ozone-manager-1.3.0-SNAPSHOT.jar:?]
	at org.apache.hadoop.ozone.protocolPB.OzoneManagerProtocolServerSideTranslatorPB.submitRequestDirectlyToOM(OzoneManagerProtocolServerSideTranslatorPB.java:276) ~[ozone-manager-1.3.0-SNAPSHOT.jar:?]
	at org.apache.hadoop.ozone.protocolPB.OzoneManagerProtocolServerSideTranslatorPB.processRequest(OzoneManagerProtocolServerSideTranslatorPB.java:205) ~[ozone-manager-1.3.0-SNAPSHOT.jar:?]
	at org.apache.hadoop.hdds.server.OzoneProtocolMessageDispatcher.processRequest(OzoneProtocolMessageDispatcher.java:87) [hdds-server-framework-1.3.0-SNAPSHOT.jar:?]
	at org.apache.hadoop.ozone.protocolPB.OzoneManagerProtocolServerSideTranslatorPB.submitRequest(OzoneManagerProtocolServerSideTranslatorPB.java:147) [ozone-manager-1.3.0-SNAPSHOT.jar:?]
	at org.apache.hadoop.ozone.protocol.proto.OzoneManagerProtocolProtos$OzoneManagerService$2.callBlockingMethod(OzoneManagerProtocolProtos.java) [ozone-interface-client-1.3.0-SNAPSHOT.jar:?]
	at org.apache.hadoop.ipc.ProtobufRpcEngine$Server.processCall(ProtobufRpcEngine.java:466) [hadoop-common-3.3.1.jar:?]
	at org.apache.hadoop.ipc.ProtobufRpcEngine2$Server$ProtoBufRpcInvoker.call(ProtobufRpcEngine2.java:574) [hadoop-common-3.3.1.jar:?]
	at org.apache.hadoop.ipc.ProtobufRpcEngine2$Server$ProtoBufRpcInvoker.call(ProtobufRpcEngine2.java:552) [hadoop-common-3.3.1.jar:?]
	at org.apache.hadoop.ipc.RPC$Server.call(RPC.java:1093) [hadoop-common-3.3.1.jar:?]
	at org.apache.hadoop.ipc.Server$RpcCall.run(Server.java:1035) [hadoop-common-3.3.1.jar:?]
	at org.apache.hadoop.ipc.Server$RpcCall.run(Server.java:963) [hadoop-common-3.3.1.jar:?]
	at java.security.AccessController.doPrivileged(Native Method) ~[?:1.8.0_332]
	at javax.security.auth.Subject.doAs(Subject.java:422) [?:1.8.0_332]
	at org.apache.hadoop.security.UserGroupInformation.doAs(UserGroupInformation.java:1878) [hadoop-common-3.3.1.jar:?]
	at org.apache.hadoop.ipc.Server$Handler.run(Server.java:2966) [hadoop-common-3.3.1.jar:?]
01:53:01.275 [IPC Server handler 19 on default port 40433] ERROR OMAudit - user=runner | ip=127.0.0.1 | op=GET_FILE_STATUS {volume=volume94214, bucket=bucket75583, key=testBatchDelete/parent/child1, dataSize=0, replicationConfig=null} | ret=FAILURE
org.apache.hadoop.ozone.om.exceptions.OMException: Unable to get file status: volume: volume94214 bucket: bucket75583 key: testBatchDelete/parent/child1
	at org.apache.hadoop.ozone.om.KeyManagerImpl.getOzoneFileStatus(KeyManagerImpl.java:1311) ~[ozone-manager-1.3.0-SNAPSHOT.jar:?]
	at org.apache.hadoop.ozone.om.KeyManagerImpl.getFileStatus(KeyManagerImpl.java:1241) ~[ozone-manager-1.3.0-SNAPSHOT.jar:?]
	at org.apache.hadoop.ozone.om.OzoneManager.getFileStatus(OzoneManager.java:3467) ~[ozone-manager-1.3.0-SNAPSHOT.jar:?]
	at org.apache.hadoop.ozone.protocolPB.OzoneManagerRequestHandler.getOzoneFileStatus(OzoneManagerRequestHandler.java:878) ~[ozone-manager-1.3.0-SNAPSHOT.jar:?]
	at org.apache.hadoop.ozone.protocolPB.OzoneManagerRequestHandler.handleReadRequest(OzoneManagerRequestHandler.java:224) ~[ozone-manager-1.3.0-SNAPSHOT.jar:?]
	at org.apache.hadoop.ozone.protocolPB.OzoneManagerProtocolServerSideTranslatorPB.submitRequestDirectlyToOM(OzoneManagerProtocolServerSideTranslatorPB.java:276) ~[ozone-manager-1.3.0-SNAPSHOT.jar:?]
	at org.apache.hadoop.ozone.protocolPB.OzoneManagerProtocolServerSideTranslatorPB.processRequest(OzoneManagerProtocolServerSideTranslatorPB.java:205) ~[ozone-manager-1.3.0-SNAPSHOT.jar:?]
	at org.apache.hadoop.hdds.server.OzoneProtocolMessageDispatcher.processRequest(OzoneProtocolMessageDispatcher.java:87) [hdds-server-framework-1.3.0-SNAPSHOT.jar:?]
	at org.apache.hadoop.ozone.protocolPB.OzoneManagerProtocolServerSideTranslatorPB.submitRequest(OzoneManagerProtocolServerSideTranslatorPB.java:147) [ozone-manager-1.3.0-SNAPSHOT.jar:?]
	at org.apache.hadoop.ozone.protocol.proto.OzoneManagerProtocolProtos$OzoneManagerService$2.callBlockingMethod(OzoneManagerProtocolProtos.java) [ozone-interface-client-1.3.0-SNAPSHOT.jar:?]
	at org.apache.hadoop.ipc.ProtobufRpcEngine$Server.processCall(ProtobufRpcEngine.java:466) [hadoop-common-3.3.1.jar:?]
	at org.apache.hadoop.ipc.ProtobufRpcEngine2$Server$ProtoBufRpcInvoker.call(ProtobufRpcEngine2.java:574) [hadoop-common-3.3.1.jar:?]
	at org.apache.hadoop.ipc.ProtobufRpcEngine2$Server$ProtoBufRpcInvoker.call(ProtobufRpcEngine2.java:552) [hadoop-common-3.3.1.jar:?]
	at org.apache.hadoop.ipc.RPC$Server.call(RPC.java:1093) [hadoop-common-3.3.1.jar:?]
	at org.apache.hadoop.ipc.Server$RpcCall.run(Server.java:1035) [hadoop-common-3.3.1.jar:?]
	at org.apache.hadoop.ipc.Server$RpcCall.run(Server.java:963) [hadoop-common-3.3.1.jar:?]
	at java.security.AccessController.doPrivileged(Native Method) ~[?:1.8.0_332]
	at javax.security.auth.Subject.doAs(Subject.java:422) [?:1.8.0_332]
	at org.apache.hadoop.security.UserGroupInformation.doAs(UserGroupInformation.java:1878) [hadoop-common-3.3.1.jar:?]
	at org.apache.hadoop.ipc.Server$Handler.run(Server.java:2966) [hadoop-common-3.3.1.jar:?]
01:53:01.279 [IPC Server handler 9 on default port 40433] ERROR OMAudit - user=runner | ip=127.0.0.1 | op=GET_FILE_STATUS {volume=volume94214, bucket=bucket75583, key=testBatchDelete/parent/childFolder/child1, dataSize=0, replicationConfig=null} | ret=FAILURE
org.apache.hadoop.ozone.om.exceptions.OMException: Unable to get file status: volume: volume94214 bucket: bucket75583 key: testBatchDelete/parent/childFolder/child1
	at org.apache.hadoop.ozone.om.KeyManagerImpl.getOzoneFileStatus(KeyManagerImpl.java:1311) ~[ozone-manager-1.3.0-SNAPSHOT.jar:?]
	at org.apache.hadoop.ozone.om.KeyManagerImpl.getFileStatus(KeyManagerImpl.java:1241) ~[ozone-manager-1.3.0-SNAPSHOT.jar:?]
	at org.apache.hadoop.ozone.om.OzoneManager.getFileStatus(OzoneManager.java:3467) ~[ozone-manager-1.3.0-SNAPSHOT.jar:?]
	at org.apache.hadoop.ozone.protocolPB.OzoneManagerRequestHandler.getOzoneFileStatus(OzoneManagerRequestHandler.java:878) ~[ozone-manager-1.3.0-SNAPSHOT.jar:?]
	at org.apache.hadoop.ozone.protocolPB.OzoneManagerRequestHandler.handleReadRequest(OzoneManagerRequestHandler.java:224) ~[ozone-manager-1.3.0-SNAPSHOT.jar:?]
	at org.apache.hadoop.ozone.protocolPB.OzoneManagerProtocolServerSideTranslatorPB.submitRequestDirectlyToOM(OzoneManagerProtocolServerSideTranslatorPB.java:276) ~[ozone-manager-1.3.0-SNAPSHOT.jar:?]
	at org.apache.hadoop.ozone.protocolPB.OzoneManagerProtocolServerSideTranslatorPB.processRequest(OzoneManagerProtocolServerSideTranslatorPB.java:205) ~[ozone-manager-1.3.0-SNAPSHOT.jar:?]
	at org.apache.hadoop.hdds.server.OzoneProtocolMessageDispatcher.processRequest(OzoneProtocolMessageDispatcher.java:87) [hdds-server-framework-1.3.0-SNAPSHOT.jar:?]
	at org.apache.hadoop.ozone.protocolPB.OzoneManagerProtocolServerSideTranslatorPB.submitRequest(OzoneManagerProtocolServerSideTranslatorPB.java:147) [ozone-manager-1.3.0-SNAPSHOT.jar:?]
	at org.apache.hadoop.ozone.protocol.proto.OzoneManagerProtocolProtos$OzoneManagerService$2.callBlockingMethod(OzoneManagerProtocolProtos.java) [ozone-interface-client-1.3.0-SNAPSHOT.jar:?]
	at org.apache.hadoop.ipc.ProtobufRpcEngine$Server.processCall(ProtobufRpcEngine.java:466) [hadoop-common-3.3.1.jar:?]
	at org.apache.hadoop.ipc.ProtobufRpcEngine2$Server$ProtoBufRpcInvoker.call(ProtobufRpcEngine2.java:574) [hadoop-common-3.3.1.jar:?]
	at org.apache.hadoop.ipc.ProtobufRpcEngine2$Server$ProtoBufRpcInvoker.call(ProtobufRpcEngine2.java:552) [hadoop-common-3.3.1.jar:?]
	at org.apache.hadoop.ipc.RPC$Server.call(RPC.java:1093) [hadoop-common-3.3.1.jar:?]
	at org.apache.hadoop.ipc.Server$RpcCall.run(Server.java:1035) [hadoop-common-3.3.1.jar:?]
	at org.apache.hadoop.ipc.Server$RpcCall.run(Server.java:963) [hadoop-common-3.3.1.jar:?]
	at java.security.AccessController.doPrivileged(Native Method) ~[?:1.8.0_332]
	at javax.security.auth.Subject.doAs(Subject.java:422) [?:1.8.0_332]
	at org.apache.hadoop.security.UserGroupInformation.doAs(UserGroupInformation.java:1878) [hadoop-common-3.3.1.jar:?]
	at org.apache.hadoop.ipc.Server$Handler.run(Server.java:2966) [hadoop-common-3.3.1.jar:?]
01:53:01.280 [IPC Server handler 15 on default port 40433] ERROR OMAudit - user=runner | ip=127.0.0.1 | op=GET_FILE_STATUS {volume=volume94214, bucket=bucket75583, key=testBatchDelete/parent/child2, dataSize=0, replicationConfig=null} | ret=FAILURE
org.apache.hadoop.ozone.om.exceptions.OMException: Unable to get file status: volume: volume94214 bucket: bucket75583 key: testBatchDelete/parent/child2
	at org.apache.hadoop.ozone.om.KeyManagerImpl.getOzoneFileStatus(KeyManagerImpl.java:1311) ~[ozone-manager-1.3.0-SNAPSHOT.jar:?]
	at org.apache.hadoop.ozone.om.KeyManagerImpl.getFileStatus(KeyManagerImpl.java:1241) ~[ozone-manager-1.3.0-SNAPSHOT.jar:?]
	at org.apache.hadoop.ozone.om.OzoneManager.getFileStatus(OzoneManager.java:3467) ~[ozone-manager-1.3.0-SNAPSHOT.jar:?]
	at org.apache.hadoop.ozone.protocolPB.OzoneManagerRequestHandler.getOzoneFileStatus(OzoneManagerRequestHandler.java:878) ~[ozone-manager-1.3.0-SNAPSHOT.jar:?]
	at org.apache.hadoop.ozone.protocolPB.OzoneManagerRequestHandler.handleReadRequest(OzoneManagerRequestHandler.java:224) ~[ozone-manager-1.3.0-SNAPSHOT.jar:?]
	at org.apache.hadoop.ozone.protocolPB.OzoneManagerProtocolServerSideTranslatorPB.submitRequestDirectlyToOM(OzoneManagerProtocolServerSideTranslatorPB.java:276) ~[ozone-manager-1.3.0-SNAPSHOT.jar:?]
	at org.apache.hadoop.ozone.protocolPB.OzoneManagerProtocolServerSideTranslatorPB.processRequest(OzoneManagerProtocolServerSideTranslatorPB.java:205) ~[ozone-manager-1.3.0-SNAPSHOT.jar:?]
	at org.apache.hadoop.hdds.server.OzoneProtocolMessageDispatcher.processRequest(OzoneProtocolMessageDispatcher.java:87) [hdds-server-framework-1.3.0-SNAPSHOT.jar:?]
	at org.apache.hadoop.ozone.protocolPB.OzoneManagerProtocolServerSideTranslatorPB.submitRequest(OzoneManagerProtocolServerSideTranslatorPB.java:147) [ozone-manager-1.3.0-SNAPSHOT.jar:?]
	at org.apache.hadoop.ozone.protocol.proto.OzoneManagerProtocolProtos$OzoneManagerService$2.callBlockingMethod(OzoneManagerProtocolProtos.java) [ozone-interface-client-1.3.0-SNAPSHOT.jar:?]
	at org.apache.hadoop.ipc.ProtobufRpcEngine$Server.processCall(ProtobufRpcEngine.java:466) [hadoop-common-3.3.1.jar:?]
	at org.apache.hadoop.ipc.ProtobufRpcEngine2$Server$ProtoBufRpcInvoker.call(ProtobufRpcEngine2.java:574) [hadoop-common-3.3.1.jar:?]
	at org.apache.hadoop.ipc.ProtobufRpcEngine2$Server$ProtoBufRpcInvoker.call(ProtobufRpcEngine2.java:552) [hadoop-common-3.3.1.jar:?]
	at org.apache.hadoop.ipc.RPC$Server.call(RPC.java:1093) [hadoop-common-3.3.1.jar:?]
	at org.apache.hadoop.ipc.Server$RpcCall.run(Server.java:1035) [hadoop-common-3.3.1.jar:?]
	at org.apache.hadoop.ipc.Server$RpcCall.run(Server.java:963) [hadoop-common-3.3.1.jar:?]
	at java.security.AccessController.doPrivileged(Native Method) ~[?:1.8.0_332]
	at javax.security.auth.Subject.doAs(Subject.java:422) [?:1.8.0_332]
	at org.apache.hadoop.security.UserGroupInformation.doAs(UserGroupInformation.java:1878) [hadoop-common-3.3.1.jar:?]
	at org.apache.hadoop.ipc.Server$Handler.run(Server.java:2966) [hadoop-common-3.3.1.jar:?]
01:53:01.281 [IPC Server handler 13 on default port 40433] ERROR OMAudit - user=runner | ip=127.0.0.1 | op=GET_FILE_STATUS {volume=volume94214, bucket=bucket75583, key=testBatchDelete/parent/childFolder/child2, dataSize=0, replicationConfig=null} | ret=FAILURE
org.apache.hadoop.ozone.om.exceptions.OMException: Unable to get file status: volume: volume94214 bucket: bucket75583 key: testBatchDelete/parent/childFolder/child2
	at org.apache.hadoop.ozone.om.KeyManagerImpl.getOzoneFileStatus(KeyManagerImpl.java:1311) ~[ozone-manager-1.3.0-SNAPSHOT.jar:?]
	at org.apache.hadoop.ozone.om.KeyManagerImpl.getFileStatus(KeyManagerImpl.java:1241) ~[ozone-manager-1.3.0-SNAPSHOT.jar:?]
	at org.apache.hadoop.ozone.om.OzoneManager.getFileStatus(OzoneManager.java:3467) ~[ozone-manager-1.3.0-SNAPSHOT.jar:?]
	at org.apache.hadoop.ozone.protocolPB.OzoneManagerRequestHandler.getOzoneFileStatus(OzoneManagerRequestHandler.java:878) ~[ozone-manager-1.3.0-SNAPSHOT.jar:?]
	at org.apache.hadoop.ozone.protocolPB.OzoneManagerRequestHandler.handleReadRequest(OzoneManagerRequestHandler.java:224) ~[ozone-manager-1.3.0-SNAPSHOT.jar:?]
	at org.apache.hadoop.ozone.protocolPB.OzoneManagerProtocolServerSideTranslatorPB.submitRequestDirectlyToOM(OzoneManagerProtocolServerSideTranslatorPB.java:276) ~[ozone-manager-1.3.0-SNAPSHOT.jar:?]
	at org.apache.hadoop.ozone.protocolPB.OzoneManagerProtocolServerSideTranslatorPB.processRequest(OzoneManagerProtocolServerSideTranslatorPB.java:205) ~[ozone-manager-1.3.0-SNAPSHOT.jar:?]
	at org.apache.hadoop.hdds.server.OzoneProtocolMessageDispatcher.processRequest(OzoneProtocolMessageDispatcher.java:87) [hdds-server-framework-1.3.0-SNAPSHOT.jar:?]
	at org.apache.hadoop.ozone.protocolPB.OzoneManagerProtocolServerSideTranslatorPB.submitRequest(OzoneManagerProtocolServerSideTranslatorPB.java:147) [ozone-manager-1.3.0-SNAPSHOT.jar:?]
	at org.apache.hadoop.ozone.protocol.proto.OzoneManagerProtocolProtos$OzoneManagerService$2.callBlockingMethod(OzoneManagerProtocolProtos.java) [ozone-interface-client-1.3.0-SNAPSHOT.jar:?]
	at org.apache.hadoop.ipc.ProtobufRpcEngine$Server.processCall(ProtobufRpcEngine.java:466) [hadoop-common-3.3.1.jar:?]
	at org.apache.hadoop.ipc.ProtobufRpcEngine2$Server$ProtoBufRpcInvoker.call(ProtobufRpcEngine2.java:574) [hadoop-common-3.3.1.jar:?]
	at org.apache.hadoop.ipc.ProtobufRpcEngine2$Server$ProtoBufRpcInvoker.call(ProtobufRpcEngine2.java:552) [hadoop-common-3.3.1.jar:?]
	at org.apache.hadoop.ipc.RPC$Server.call(RPC.java:1093) [hadoop-common-3.3.1.jar:?]
	at org.apache.hadoop.ipc.Server$RpcCall.run(Server.java:1035) [hadoop-common-3.3.1.jar:?]
	at org.apache.hadoop.ipc.Server$RpcCall.run(Server.java:963) [hadoop-common-3.3.1.jar:?]
	at java.security.AccessController.doPrivileged(Native Method) ~[?:1.8.0_332]
	at javax.security.auth.Subject.doAs(Subject.java:422) [?:1.8.0_332]
	at org.apache.hadoop.security.UserGroupInformation.doAs(UserGroupInformation.java:1878) [hadoop-common-3.3.1.jar:?]
	at org.apache.hadoop.ipc.Server$Handler.run(Server.java:2966) [hadoop-common-3.3.1.jar:?]
01:53:01.282 [IPC Server handler 10 on default port 40433] ERROR OMAudit - user=runner | ip=127.0.0.1 | op=GET_FILE_STATUS {volume=volume94214, bucket=bucket75583, key=testBatchDelete/parent/child3, dataSize=0, replicationConfig=null} | ret=FAILURE
org.apache.hadoop.ozone.om.exceptions.OMException: Unable to get file status: volume: volume94214 bucket: bucket75583 key: testBatchDelete/parent/child3
	at org.apache.hadoop.ozone.om.KeyManagerImpl.getOzoneFileStatus(KeyManagerImpl.java:1311) ~[ozone-manager-1.3.0-SNAPSHOT.jar:?]
	at org.apache.hadoop.ozone.om.KeyManagerImpl.getFileStatus(KeyManagerImpl.java:1241) ~[ozone-manager-1.3.0-SNAPSHOT.jar:?]
	at org.apache.hadoop.ozone.om.OzoneManager.getFileStatus(OzoneManager.java:3467) ~[ozone-manager-1.3.0-SNAPSHOT.jar:?]
	at org.apache.hadoop.ozone.protocolPB.OzoneManagerRequestHandler.getOzoneFileStatus(OzoneManagerRequestHandler.java:878) ~[ozone-manager-1.3.0-SNAPSHOT.jar:?]
	at org.apache.hadoop.ozone.protocolPB.OzoneManagerRequestHandler.handleReadRequest(OzoneManagerRequestHandler.java:224) ~[ozone-manager-1.3.0-SNAPSHOT.jar:?]
	at org.apache.hadoop.ozone.protocolPB.OzoneManagerProtocolServerSideTranslatorPB.submitRequestDirectlyToOM(OzoneManagerProtocolServerSideTranslatorPB.java:276) ~[ozone-manager-1.3.0-SNAPSHOT.jar:?]
	at org.apache.hadoop.ozone.protocolPB.OzoneManagerProtocolServerSideTranslatorPB.processRequest(OzoneManagerProtocolServerSideTranslatorPB.java:205) ~[ozone-manager-1.3.0-SNAPSHOT.jar:?]
	at org.apache.hadoop.hdds.server.OzoneProtocolMessageDispatcher.processRequest(OzoneProtocolMessageDispatcher.java:87) [hdds-server-framework-1.3.0-SNAPSHOT.jar:?]
	at org.apache.hadoop.ozone.protocolPB.OzoneManagerProtocolServerSideTranslatorPB.submitRequest(OzoneManagerProtocolServerSideTranslatorPB.java:147) [ozone-manager-1.3.0-SNAPSHOT.jar:?]
	at org.apache.hadoop.ozone.protocol.proto.OzoneManagerProtocolProtos$OzoneManagerService$2.callBlockingMethod(OzoneManagerProtocolProtos.java) [ozone-interface-client-1.3.0-SNAPSHOT.jar:?]
	at org.apache.hadoop.ipc.ProtobufRpcEngine$Server.processCall(ProtobufRpcEngine.java:466) [hadoop-common-3.3.1.jar:?]
	at org.apache.hadoop.ipc.ProtobufRpcEngine2$Server$ProtoBufRpcInvoker.call(ProtobufRpcEngine2.java:574) [hadoop-common-3.3.1.jar:?]
	at org.apache.hadoop.ipc.ProtobufRpcEngine2$Server$ProtoBufRpcInvoker.call(ProtobufRpcEngine2.java:552) [hadoop-common-3.3.1.jar:?]
	at org.apache.hadoop.ipc.RPC$Server.call(RPC.java:1093) [hadoop-common-3.3.1.jar:?]
	at org.apache.hadoop.ipc.Server$RpcCall.run(Server.java:1035) [hadoop-common-3.3.1.jar:?]
	at org.apache.hadoop.ipc.Server$RpcCall.run(Server.java:963) [hadoop-common-3.3.1.jar:?]
	at java.security.AccessController.doPrivileged(Native Method) ~[?:1.8.0_332]
	at javax.security.auth.Subject.doAs(Subject.java:422) [?:1.8.0_332]
	at org.apache.hadoop.security.UserGroupInformation.doAs(UserGroupInformation.java:1878) [hadoop-common-3.3.1.jar:?]
	at org.apache.hadoop.ipc.Server$Handler.run(Server.java:2966) [hadoop-common-3.3.1.jar:?]
01:53:01.283 [IPC Server handler 7 on default port 40433] ERROR OMAudit - user=runner | ip=127.0.0.1 | op=GET_FILE_STATUS {volume=volume94214, bucket=bucket75583, key=testBatchDelete/parent/childFolder/child3, dataSize=0, replicationConfig=null} | ret=FAILURE
org.apache.hadoop.ozone.om.exceptions.OMException: Unable to get file status: volume: volume94214 bucket: bucket75583 key: testBatchDelete/parent/childFolder/child3
	at org.apache.hadoop.ozone.om.KeyManagerImpl.getOzoneFileStatus(KeyManagerImpl.java:1311) ~[ozone-manager-1.3.0-SNAPSHOT.jar:?]
	at org.apache.hadoop.ozone.om.KeyManagerImpl.getFileStatus(KeyManagerImpl.java:1241) ~[ozone-manager-1.3.0-SNAPSHOT.jar:?]
	at org.apache.hadoop.ozone.om.OzoneManager.getFileStatus(OzoneManager.java:3467) ~[ozone-manager-1.3.0-SNAPSHOT.jar:?]
	at org.apache.hadoop.ozone.protocolPB.OzoneManagerRequestHandler.getOzoneFileStatus(OzoneManagerRequestHandler.java:878) ~[ozone-manager-1.3.0-SNAPSHOT.jar:?]
	at org.apache.hadoop.ozone.protocolPB.OzoneManagerRequestHandler.handleReadRequest(OzoneManagerRequestHandler.java:224) ~[ozone-manager-1.3.0-SNAPSHOT.jar:?]
	at org.apache.hadoop.ozone.protocolPB.OzoneManagerProtocolServerSideTranslatorPB.submitRequestDirectlyToOM(OzoneManagerProtocolServerSideTranslatorPB.java:276) ~[ozone-manager-1.3.0-SNAPSHOT.jar:?]
	at org.apache.hadoop.ozone.protocolPB.OzoneManagerProtocolServerSideTranslatorPB.processRequest(OzoneManagerProtocolServerSideTranslatorPB.java:205) ~[ozone-manager-1.3.0-SNAPSHOT.jar:?]
	at org.apache.hadoop.hdds.server.OzoneProtocolMessageDispatcher.processRequest(OzoneProtocolMessageDispatcher.java:87) [hdds-server-framework-1.3.0-SNAPSHOT.jar:?]
	at org.apache.hadoop.ozone.protocolPB.OzoneManagerProtocolServerSideTranslatorPB.submitRequest(OzoneManagerProtocolServerSideTranslatorPB.java:147) [ozone-manager-1.3.0-SNAPSHOT.jar:?]
	at org.apache.hadoop.ozone.protocol.proto.OzoneManagerProtocolProtos$OzoneManagerService$2.callBlockingMethod(OzoneManagerProtocolProtos.java) [ozone-interface-client-1.3.0-SNAPSHOT.jar:?]
	at org.apache.hadoop.ipc.ProtobufRpcEngine$Server.processCall(ProtobufRpcEngine.java:466) [hadoop-common-3.3.1.jar:?]
	at org.apache.hadoop.ipc.ProtobufRpcEngine2$Server$ProtoBufRpcInvoker.call(ProtobufRpcEngine2.java:574) [hadoop-common-3.3.1.jar:?]
	at org.apache.hadoop.ipc.ProtobufRpcEngine2$Server$ProtoBufRpcInvoker.call(ProtobufRpcEngine2.java:552) [hadoop-common-3.3.1.jar:?]
	at org.apache.hadoop.ipc.RPC$Server.call(RPC.java:1093) [hadoop-common-3.3.1.jar:?]
	at org.apache.hadoop.ipc.Server$RpcCall.run(Server.java:1035) [hadoop-common-3.3.1.jar:?]
	at org.apache.hadoop.ipc.Server$RpcCall.run(Server.java:963) [hadoop-common-3.3.1.jar:?]
	at java.security.AccessController.doPrivileged(Native Method) ~[?:1.8.0_332]
	at javax.security.auth.Subject.doAs(Subject.java:422) [?:1.8.0_332]
	at org.apache.hadoop.security.UserGroupInformation.doAs(UserGroupInformation.java:1878) [hadoop-common-3.3.1.jar:?]
	at org.apache.hadoop.ipc.Server$Handler.run(Server.java:2966) [hadoop-common-3.3.1.jar:?]
01:53:01.284 [IPC Server handler 5 on default port 40433] ERROR OMAudit - user=runner | ip=127.0.0.1 | op=GET_FILE_STATUS {volume=volume94214, bucket=bucket75583, key=testBatchDelete/parent/child4, dataSize=0, replicationConfig=null} | ret=FAILURE
org.apache.hadoop.ozone.om.exceptions.OMException: Unable to get file status: volume: volume94214 bucket: bucket75583 key: testBatchDelete/parent/child4
	at org.apache.hadoop.ozone.om.KeyManagerImpl.getOzoneFileStatus(KeyManagerImpl.java:1311) ~[ozone-manager-1.3.0-SNAPSHOT.jar:?]
	at org.apache.hadoop.ozone.om.KeyManagerImpl.getFileStatus(KeyManagerImpl.java:1241) ~[ozone-manager-1.3.0-SNAPSHOT.jar:?]
	at org.apache.hadoop.ozone.om.OzoneManager.getFileStatus(OzoneManager.java:3467) ~[ozone-manager-1.3.0-SNAPSHOT.jar:?]
	at org.apache.hadoop.ozone.protocolPB.OzoneManagerRequestHandler.getOzoneFileStatus(OzoneManagerRequestHandler.java:878) ~[ozone-manager-1.3.0-SNAPSHOT.jar:?]
	at org.apache.hadoop.ozone.protocolPB.OzoneManagerRequestHandler.handleReadRequest(OzoneManagerRequestHandler.java:224) ~[ozone-manager-1.3.0-SNAPSHOT.jar:?]
	at org.apache.hadoop.ozone.protocolPB.OzoneManagerProtocolServerSideTranslatorPB.submitRequestDirectlyToOM(OzoneManagerProtocolServerSideTranslatorPB.java:276) ~[ozone-manager-1.3.0-SNAPSHOT.jar:?]
	at org.apache.hadoop.ozone.protocolPB.OzoneManagerProtocolServerSideTranslatorPB.processRequest(OzoneManagerProtocolServerSideTranslatorPB.java:205) ~[ozone-manager-1.3.0-SNAPSHOT.jar:?]
	at org.apache.hadoop.hdds.server.OzoneProtocolMessageDispatcher.processRequest(OzoneProtocolMessageDispatcher.java:87) [hdds-server-framework-1.3.0-SNAPSHOT.jar:?]
	at org.apache.hadoop.ozone.protocolPB.OzoneManagerProtocolServerSideTranslatorPB.submitRequest(OzoneManagerProtocolServerSideTranslatorPB.java:147) [ozone-manager-1.3.0-SNAPSHOT.jar:?]
	at org.apache.hadoop.ozone.protocol.proto.OzoneManagerProtocolProtos$OzoneManagerService$2.callBlockingMethod(OzoneManagerProtocolProtos.java) [ozone-interface-client-1.3.0-SNAPSHOT.jar:?]
	at org.apache.hadoop.ipc.ProtobufRpcEngine$Server.processCall(ProtobufRpcEngine.java:466) [hadoop-common-3.3.1.jar:?]
	at org.apache.hadoop.ipc.ProtobufRpcEngine2$Server$ProtoBufRpcInvoker.call(ProtobufRpcEngine2.java:574) [hadoop-common-3.3.1.jar:?]
	at org.apache.hadoop.ipc.ProtobufRpcEngine2$Server$ProtoBufRpcInvoker.call(ProtobufRpcEngine2.java:552) [hadoop-common-3.3.1.jar:?]
	at org.apache.hadoop.ipc.RPC$Server.call(RPC.java:1093) [hadoop-common-3.3.1.jar:?]
	at org.apache.hadoop.ipc.Server$RpcCall.run(Server.java:1035) [hadoop-common-3.3.1.jar:?]
	at org.apache.hadoop.ipc.Server$RpcCall.run(Server.java:963) [hadoop-common-3.3.1.jar:?]
	at java.security.AccessController.doPrivileged(Native Method) ~[?:1.8.0_332]
	at javax.security.auth.Subject.doAs(Subject.java:422) [?:1.8.0_332]
	at org.apache.hadoop.security.UserGroupInformation.doAs(UserGroupInformation.java:1878) [hadoop-common-3.3.1.jar:?]
	at org.apache.hadoop.ipc.Server$Handler.run(Server.java:2966) [hadoop-common-3.3.1.jar:?]
01:53:01.285 [IPC Server handler 2 on default port 40433] ERROR OMAudit - user=runner | ip=127.0.0.1 | op=GET_FILE_STATUS {volume=volume94214, bucket=bucket75583, key=testBatchDelete/parent/childFolder/child4, dataSize=0, replicationConfig=null} | ret=FAILURE
org.apache.hadoop.ozone.om.exceptions.OMException: Unable to get file status: volume: volume94214 bucket: bucket75583 key: testBatchDelete/parent/childFolder/child4
	at org.apache.hadoop.ozone.om.KeyManagerImpl.getOzoneFileStatus(KeyManagerImpl.java:1311) ~[ozone-manager-1.3.0-SNAPSHOT.jar:?]
	at org.apache.hadoop.ozone.om.KeyManagerImpl.getFileStatus(KeyManagerImpl.java:1241) ~[ozone-manager-1.3.0-SNAPSHOT.jar:?]
	at org.apache.hadoop.ozone.om.OzoneManager.getFileStatus(OzoneManager.java:3467) ~[ozone-manager-1.3.0-SNAPSHOT.jar:?]
	at org.apache.hadoop.ozone.protocolPB.OzoneManagerRequestHandler.getOzoneFileStatus(OzoneManagerRequestHandler.java:878) ~[ozone-manager-1.3.0-SNAPSHOT.jar:?]
	at org.apache.hadoop.ozone.protocolPB.OzoneManagerRequestHandler.handleReadRequest(OzoneManagerRequestHandler.java:224) ~[ozone-manager-1.3.0-SNAPSHOT.jar:?]
	at org.apache.hadoop.ozone.protocolPB.OzoneManagerProtocolServerSideTranslatorPB.submitRequestDirectlyToOM(OzoneManagerProtocolServerSideTranslatorPB.java:276) ~[ozone-manager-1.3.0-SNAPSHOT.jar:?]
	at org.apache.hadoop.ozone.protocolPB.OzoneManagerProtocolServerSideTranslatorPB.processRequest(OzoneManagerProtocolServerSideTranslatorPB.java:205) ~[ozone-manager-1.3.0-SNAPSHOT.jar:?]
	at org.apache.hadoop.hdds.server.OzoneProtocolMessageDispatcher.processRequest(OzoneProtocolMessageDispatcher.java:87) [hdds-server-framework-1.3.0-SNAPSHOT.jar:?]
	at org.apache.hadoop.ozone.protocolPB.OzoneManagerProtocolServerSideTranslatorPB.submitRequest(OzoneManagerProtocolServerSideTranslatorPB.java:147) [ozone-manager-1.3.0-SNAPSHOT.jar:?]
	at org.apache.hadoop.ozone.protocol.proto.OzoneManagerProtocolProtos$OzoneManagerService$2.callBlockingMethod(OzoneManagerProtocolProtos.java) [ozone-interface-client-1.3.0-SNAPSHOT.jar:?]
	at org.apache.hadoop.ipc.ProtobufRpcEngine$Server.processCall(ProtobufRpcEngine.java:466) [hadoop-common-3.3.1.jar:?]
	at org.apache.hadoop.ipc.ProtobufRpcEngine2$Server$ProtoBufRpcInvoker.call(ProtobufRpcEngine2.java:574) [hadoop-common-3.3.1.jar:?]
	at org.apache.hadoop.ipc.ProtobufRpcEngine2$Server$ProtoBufRpcInvoker.call(ProtobufRpcEngine2.java:552) [hadoop-common-3.3.1.jar:?]
	at org.apache.hadoop.ipc.RPC$Server.call(RPC.java:1093) [hadoop-common-3.3.1.jar:?]
	at org.apache.hadoop.ipc.Server$RpcCall.run(Server.java:1035) [hadoop-common-3.3.1.jar:?]
	at org.apache.hadoop.ipc.Server$RpcCall.run(Server.java:963) [hadoop-common-3.3.1.jar:?]
	at java.security.AccessController.doPrivileged(Native Method) ~[?:1.8.0_332]
	at javax.security.auth.Subject.doAs(Subject.java:422) [?:1.8.0_332]
	at org.apache.hadoop.security.UserGroupInformation.doAs(UserGroupInformation.java:1878) [hadoop-common-3.3.1.jar:?]
	at org.apache.hadoop.ipc.Server$Handler.run(Server.java:2966) [hadoop-common-3.3.1.jar:?]
01:53:01.286 [IPC Server handler 0 on default port 40433] ERROR OMAudit - user=runner | ip=127.0.0.1 | op=GET_FILE_STATUS {volume=volume94214, bucket=bucket75583, key=testBatchDelete/parent/child5, dataSize=0, replicationConfig=null} | ret=FAILURE
org.apache.hadoop.ozone.om.exceptions.OMException: Unable to get file status: volume: volume94214 bucket: bucket75583 key: testBatchDelete/parent/child5
	at org.apache.hadoop.ozone.om.KeyManagerImpl.getOzoneFileStatus(KeyManagerImpl.java:1311) ~[ozone-manager-1.3.0-SNAPSHOT.jar:?]
	at org.apache.hadoop.ozone.om.KeyManagerImpl.getFileStatus(KeyManagerImpl.java:1241) ~[ozone-manager-1.3.0-SNAPSHOT.jar:?]
	at org.apache.hadoop.ozone.om.OzoneManager.getFileStatus(OzoneManager.java:3467) ~[ozone-manager-1.3.0-SNAPSHOT.jar:?]
	at org.apache.hadoop.ozone.protocolPB.OzoneManagerRequestHandler.getOzoneFileStatus(OzoneManagerRequestHandler.java:878) ~[ozone-manager-1.3.0-SNAPSHOT.jar:?]
	at org.apache.hadoop.ozone.protocolPB.OzoneManagerRequestHandler.handleReadRequest(OzoneManagerRequestHandler.java:224) ~[ozone-manager-1.3.0-SNAPSHOT.jar:?]
	at org.apache.hadoop.ozone.protocolPB.OzoneManagerProtocolServerSideTranslatorPB.submitRequestDirectlyToOM(OzoneManagerProtocolServerSideTranslatorPB.java:276) ~[ozone-manager-1.3.0-SNAPSHOT.jar:?]
	at org.apache.hadoop.ozone.protocolPB.OzoneManagerProtocolServerSideTranslatorPB.processRequest(OzoneManagerProtocolServerSideTranslatorPB.java:205) ~[ozone-manager-1.3.0-SNAPSHOT.jar:?]
	at org.apache.hadoop.hdds.server.OzoneProtocolMessageDispatcher.processRequest(OzoneProtocolMessageDispatcher.java:87) [hdds-server-framework-1.3.0-SNAPSHOT.jar:?]
	at org.apache.hadoop.ozone.protocolPB.OzoneManagerProtocolServerSideTranslatorPB.submitRequest(OzoneManagerProtocolServerSideTranslatorPB.java:147) [ozone-manager-1.3.0-SNAPSHOT.jar:?]
	at org.apache.hadoop.ozone.protocol.proto.OzoneManagerProtocolProtos$OzoneManagerService$2.callBlockingMethod(OzoneManagerProtocolProtos.java) [ozone-interface-client-1.3.0-SNAPSHOT.jar:?]
	at org.apache.hadoop.ipc.ProtobufRpcEngine$Server.processCall(ProtobufRpcEngine.java:466) [hadoop-common-3.3.1.jar:?]
	at org.apache.hadoop.ipc.ProtobufRpcEngine2$Server$ProtoBufRpcInvoker.call(ProtobufRpcEngine2.java:574) [hadoop-common-3.3.1.jar:?]
	at org.apache.hadoop.ipc.ProtobufRpcEngine2$Server$ProtoBufRpcInvoker.call(ProtobufRpcEngine2.java:552) [hadoop-common-3.3.1.jar:?]
	at org.apache.hadoop.ipc.RPC$Server.call(RPC.java:1093) [hadoop-common-3.3.1.jar:?]
	at org.apache.hadoop.ipc.Server$RpcCall.run(Server.java:1035) [hadoop-common-3.3.1.jar:?]
	at org.apache.hadoop.ipc.Server$RpcCall.run(Server.java:963) [hadoop-common-3.3.1.jar:?]
	at java.security.AccessController.doPrivileged(Native Method) ~[?:1.8.0_332]
	at javax.security.auth.Subject.doAs(Subject.java:422) [?:1.8.0_332]
	at org.apache.hadoop.security.UserGroupInformation.doAs(UserGroupInformation.java:1878) [hadoop-common-3.3.1.jar:?]
	at org.apache.hadoop.ipc.Server$Handler.run(Server.java:2966) [hadoop-common-3.3.1.jar:?]
01:53:01.287 [IPC Server handler 18 on default port 40433] ERROR OMAudit - user=runner | ip=127.0.0.1 | op=GET_FILE_STATUS {volume=volume94214, bucket=bucket75583, key=testBatchDelete/parent/childFolder/child5, dataSize=0, replicationConfig=null} | ret=FAILURE
org.apache.hadoop.ozone.om.exceptions.OMException: Unable to get file status: volume: volume94214 bucket: bucket75583 key: testBatchDelete/parent/childFolder/child5
	at org.apache.hadoop.ozone.om.KeyManagerImpl.getOzoneFileStatus(KeyManagerImpl.java:1311) ~[ozone-manager-1.3.0-SNAPSHOT.jar:?]
	at org.apache.hadoop.ozone.om.KeyManagerImpl.getFileStatus(KeyManagerImpl.java:1241) ~[ozone-manager-1.3.0-SNAPSHOT.jar:?]
	at org.apache.hadoop.ozone.om.OzoneManager.getFileStatus(OzoneManager.java:3467) ~[ozone-manager-1.3.0-SNAPSHOT.jar:?]
	at org.apache.hadoop.ozone.protocolPB.OzoneManagerRequestHandler.getOzoneFileStatus(OzoneManagerRequestHandler.java:878) ~[ozone-manager-1.3.0-SNAPSHOT.jar:?]
	at org.apache.hadoop.ozone.protocolPB.OzoneManagerRequestHandler.handleReadRequest(OzoneManagerRequestHandler.java:224) ~[ozone-manager-1.3.0-SNAPSHOT.jar:?]
	at org.apache.hadoop.ozone.protocolPB.OzoneManagerProtocolServerSideTranslatorPB.submitRequestDirectlyToOM(OzoneManagerProtocolServerSideTranslatorPB.java:276) ~[ozone-manager-1.3.0-SNAPSHOT.jar:?]
	at org.apache.hadoop.ozone.protocolPB.OzoneManagerProtocolServerSideTranslatorPB.processRequest(OzoneManagerProtocolServerSideTranslatorPB.java:205) ~[ozone-manager-1.3.0-SNAPSHOT.jar:?]
	at org.apache.hadoop.hdds.server.OzoneProtocolMessageDispatcher.processRequest(OzoneProtocolMessageDispatcher.java:87) [hdds-server-framework-1.3.0-SNAPSHOT.jar:?]
	at org.apache.hadoop.ozone.protocolPB.OzoneManagerProtocolServerSideTranslatorPB.submitRequest(OzoneManagerProtocolServerSideTranslatorPB.java:147) [ozone-manager-1.3.0-SNAPSHOT.jar:?]
	at org.apache.hadoop.ozone.protocol.proto.OzoneManagerProtocolProtos$OzoneManagerService$2.callBlockingMethod(OzoneManagerProtocolProtos.java) [ozone-interface-client-1.3.0-SNAPSHOT.jar:?]
	at org.apache.hadoop.ipc.ProtobufRpcEngine$Server.processCall(ProtobufRpcEngine.java:466) [hadoop-common-3.3.1.jar:?]
	at org.apache.hadoop.ipc.ProtobufRpcEngine2$Server$ProtoBufRpcInvoker.call(ProtobufRpcEngine2.java:574) [hadoop-common-3.3.1.jar:?]
	at org.apache.hadoop.ipc.ProtobufRpcEngine2$Server$ProtoBufRpcInvoker.call(ProtobufRpcEngine2.java:552) [hadoop-common-3.3.1.jar:?]
	at org.apache.hadoop.ipc.RPC$Server.call(RPC.java:1093) [hadoop-common-3.3.1.jar:?]
	at org.apache.hadoop.ipc.Server$RpcCall.run(Server.java:1035) [hadoop-common-3.3.1.jar:?]
	at org.apache.hadoop.ipc.Server$RpcCall.run(Server.java:963) [hadoop-common-3.3.1.jar:?]
	at java.security.AccessController.doPrivileged(Native Method) ~[?:1.8.0_332]
	at javax.security.auth.Subject.doAs(Subject.java:422) [?:1.8.0_332]
	at org.apache.hadoop.security.UserGroupInformation.doAs(UserGroupInformation.java:1878) [hadoop-common-3.3.1.jar:?]
	at org.apache.hadoop.ipc.Server$Handler.run(Server.java:2966) [hadoop-common-3.3.1.jar:?]
01:53:01.288 [IPC Server handler 19 on default port 40433] ERROR OMAudit - user=runner | ip=127.0.0.1 | op=GET_FILE_STATUS {volume=volume94214, bucket=bucket75583, key=testBatchDelete/parent/child6, dataSize=0, replicationConfig=null} | ret=FAILURE
org.apache.hadoop.ozone.om.exceptions.OMException: Unable to get file status: volume: volume94214 bucket: bucket75583 key: testBatchDelete/parent/child6
	at org.apache.hadoop.ozone.om.KeyManagerImpl.getOzoneFileStatus(KeyManagerImpl.java:1311) ~[ozone-manager-1.3.0-SNAPSHOT.jar:?]
	at org.apache.hadoop.ozone.om.KeyManagerImpl.getFileStatus(KeyManagerImpl.java:1241) ~[ozone-manager-1.3.0-SNAPSHOT.jar:?]
	at org.apache.hadoop.ozone.om.OzoneManager.getFileStatus(OzoneManager.java:3467) ~[ozone-manager-1.3.0-SNAPSHOT.jar:?]
	at org.apache.hadoop.ozone.protocolPB.OzoneManagerRequestHandler.getOzoneFileStatus(OzoneManagerRequestHandler.java:878) ~[ozone-manager-1.3.0-SNAPSHOT.jar:?]
	at org.apache.hadoop.ozone.protocolPB.OzoneManagerRequestHandler.handleReadRequest(OzoneManagerRequestHandler.java:224) ~[ozone-manager-1.3.0-SNAPSHOT.jar:?]
	at org.apache.hadoop.ozone.protocolPB.OzoneManagerProtocolServerSideTranslatorPB.submitRequestDirectlyToOM(OzoneManagerProtocolServerSideTranslatorPB.java:276) ~[ozone-manager-1.3.0-SNAPSHOT.jar:?]
	at org.apache.hadoop.ozone.protocolPB.OzoneManagerProtocolServerSideTranslatorPB.processRequest(OzoneManagerProtocolServerSideTranslatorPB.java:205) ~[ozone-manager-1.3.0-SNAPSHOT.jar:?]
	at org.apache.hadoop.hdds.server.OzoneProtocolMessageDispatcher.processRequest(OzoneProtocolMessageDispatcher.java:87) [hdds-server-framework-1.3.0-SNAPSHOT.jar:?]
	at org.apache.hadoop.ozone.protocolPB.OzoneManagerProtocolServerSideTranslatorPB.submitRequest(OzoneManagerProtocolServerSideTranslatorPB.java:147) [ozone-manager-1.3.0-SNAPSHOT.jar:?]
	at org.apache.hadoop.ozone.protocol.proto.OzoneManagerProtocolProtos$OzoneManagerService$2.callBlockingMethod(OzoneManagerProtocolProtos.java) [ozone-interface-client-1.3.0-SNAPSHOT.jar:?]
	at org.apache.hadoop.ipc.ProtobufRpcEngine$Server.processCall(ProtobufRpcEngine.java:466) [hadoop-common-3.3.1.jar:?]
	at org.apache.hadoop.ipc.ProtobufRpcEngine2$Server$ProtoBufRpcInvoker.call(ProtobufRpcEngine2.java:574) [hadoop-common-3.3.1.jar:?]
	at org.apache.hadoop.ipc.ProtobufRpcEngine2$Server$ProtoBufRpcInvoker.call(ProtobufRpcEngine2.java:552) [hadoop-common-3.3.1.jar:?]
	at org.apache.hadoop.ipc.RPC$Server.call(RPC.java:1093) [hadoop-common-3.3.1.jar:?]
	at org.apache.hadoop.ipc.Server$RpcCall.run(Server.java:1035) [hadoop-common-3.3.1.jar:?]
	at org.apache.hadoop.ipc.Server$RpcCall.run(Server.java:963) [hadoop-common-3.3.1.jar:?]
	at java.security.AccessController.doPrivileged(Native Method) ~[?:1.8.0_332]
	at javax.security.auth.Subject.doAs(Subject.java:422) [?:1.8.0_332]
	at org.apache.hadoop.security.UserGroupInformation.doAs(UserGroupInformation.java:1878) [hadoop-common-3.3.1.jar:?]
	at org.apache.hadoop.ipc.Server$Handler.run(Server.java:2966) [hadoop-common-3.3.1.jar:?]
01:53:01.289 [IPC Server handler 9 on default port 40433] ERROR OMAudit - user=runner | ip=127.0.0.1 | op=GET_FILE_STATUS {volume=volume94214, bucket=bucket75583, key=testBatchDelete/parent/childFolder/child6, dataSize=0, replicationConfig=null} | ret=FAILURE
org.apache.hadoop.ozone.om.exceptions.OMException: Unable to get file status: volume: volume94214 bucket: bucket75583 key: testBatchDelete/parent/childFolder/child6
	at org.apache.hadoop.ozone.om.KeyManagerImpl.getOzoneFileStatus(KeyManagerImpl.java:1311) ~[ozone-manager-1.3.0-SNAPSHOT.jar:?]
	at org.apache.hadoop.ozone.om.KeyManagerImpl.getFileStatus(KeyManagerImpl.java:1241) ~[ozone-manager-1.3.0-SNAPSHOT.jar:?]
	at org.apache.hadoop.ozone.om.OzoneManager.getFileStatus(OzoneManager.java:3467) ~[ozone-manager-1.3.0-SNAPSHOT.jar:?]
	at org.apache.hadoop.ozone.protocolPB.OzoneManagerRequestHandler.getOzoneFileStatus(OzoneManagerRequestHandler.java:878) ~[ozone-manager-1.3.0-SNAPSHOT.jar:?]
	at org.apache.hadoop.ozone.protocolPB.OzoneManagerRequestHandler.handleReadRequest(OzoneManagerRequestHandler.java:224) ~[ozone-manager-1.3.0-SNAPSHOT.jar:?]
	at org.apache.hadoop.ozone.protocolPB.OzoneManagerProtocolServerSideTranslatorPB.submitRequestDirectlyToOM(OzoneManagerProtocolServerSideTranslatorPB.java:276) ~[ozone-manager-1.3.0-SNAPSHOT.jar:?]
	at org.apache.hadoop.ozone.protocolPB.OzoneManagerProtocolServerSideTranslatorPB.processRequest(OzoneManagerProtocolServerSideTranslatorPB.java:205) ~[ozone-manager-1.3.0-SNAPSHOT.jar:?]
	at org.apache.hadoop.hdds.server.OzoneProtocolMessageDispatcher.processRequest(OzoneProtocolMessageDispatcher.java:87) [hdds-server-framework-1.3.0-SNAPSHOT.jar:?]
	at org.apache.hadoop.ozone.protocolPB.OzoneManagerProtocolServerSideTranslatorPB.submitRequest(OzoneManagerProtocolServerSideTranslatorPB.java:147) [ozone-manager-1.3.0-SNAPSHOT.jar:?]
	at org.apache.hadoop.ozone.protocol.proto.OzoneManagerProtocolProtos$OzoneManagerService$2.callBlockingMethod(OzoneManagerProtocolProtos.java) [ozone-interface-client-1.3.0-SNAPSHOT.jar:?]
	at org.apache.hadoop.ipc.ProtobufRpcEngine$Server.processCall(ProtobufRpcEngine.java:466) [hadoop-common-3.3.1.jar:?]
	at org.apache.hadoop.ipc.ProtobufRpcEngine2$Server$ProtoBufRpcInvoker.call(ProtobufRpcEngine2.java:574) [hadoop-common-3.3.1.jar:?]
	at org.apache.hadoop.ipc.ProtobufRpcEngine2$Server$ProtoBufRpcInvoker.call(ProtobufRpcEngine2.java:552) [hadoop-common-3.3.1.jar:?]
	at org.apache.hadoop.ipc.RPC$Server.call(RPC.java:1093) [hadoop-common-3.3.1.jar:?]
	at org.apache.hadoop.ipc.Server$RpcCall.run(Server.java:1035) [hadoop-common-3.3.1.jar:?]
	at org.apache.hadoop.ipc.Server$RpcCall.run(Server.java:963) [hadoop-common-3.3.1.jar:?]
	at java.security.AccessController.doPrivileged(Native Method) ~[?:1.8.0_332]
	at javax.security.auth.Subject.doAs(Subject.java:422) [?:1.8.0_332]
	at org.apache.hadoop.security.UserGroupInformation.doAs(UserGroupInformation.java:1878) [hadoop-common-3.3.1.jar:?]
	at org.apache.hadoop.ipc.Server$Handler.run(Server.java:2966) [hadoop-common-3.3.1.jar:?]
01:53:01.292 [IPC Server handler 15 on default port 40433] ERROR OMAudit - user=runner | ip=127.0.0.1 | op=GET_FILE_STATUS {volume=volume94214, bucket=bucket75583, key=testBatchDelete/parent/child7, dataSize=0, replicationConfig=null} | ret=FAILURE
org.apache.hadoop.ozone.om.exceptions.OMException: Unable to get file status: volume: volume94214 bucket: bucket75583 key: testBatchDelete/parent/child7
	at org.apache.hadoop.ozone.om.KeyManagerImpl.getOzoneFileStatus(KeyManagerImpl.java:1311) ~[ozone-manager-1.3.0-SNAPSHOT.jar:?]
	at org.apache.hadoop.ozone.om.KeyManagerImpl.getFileStatus(KeyManagerImpl.java:1241) ~[ozone-manager-1.3.0-SNAPSHOT.jar:?]
	at org.apache.hadoop.ozone.om.OzoneManager.getFileStatus(OzoneManager.java:3467) ~[ozone-manager-1.3.0-SNAPSHOT.jar:?]
	at org.apache.hadoop.ozone.protocolPB.OzoneManagerRequestHandler.getOzoneFileStatus(OzoneManagerRequestHandler.java:878) ~[ozone-manager-1.3.0-SNAPSHOT.jar:?]
	at org.apache.hadoop.ozone.protocolPB.OzoneManagerRequestHandler.handleReadRequest(OzoneManagerRequestHandler.java:224) ~[ozone-manager-1.3.0-SNAPSHOT.jar:?]
	at org.apache.hadoop.ozone.protocolPB.OzoneManagerProtocolServerSideTranslatorPB.submitRequestDirectlyToOM(OzoneManagerProtocolServerSideTranslatorPB.java:276) ~[ozone-manager-1.3.0-SNAPSHOT.jar:?]
	at org.apache.hadoop.ozone.protocolPB.OzoneManagerProtocolServerSideTranslatorPB.processRequest(OzoneManagerProtocolServerSideTranslatorPB.java:205) ~[ozone-manager-1.3.0-SNAPSHOT.jar:?]
	at org.apache.hadoop.hdds.server.OzoneProtocolMessageDispatcher.processRequest(OzoneProtocolMessageDispatcher.java:87) [hdds-server-framework-1.3.0-SNAPSHOT.jar:?]
	at org.apache.hadoop.ozone.protocolPB.OzoneManagerProtocolServerSideTranslatorPB.submitRequest(OzoneManagerProtocolServerSideTranslatorPB.java:147) [ozone-manager-1.3.0-SNAPSHOT.jar:?]
	at org.apache.hadoop.ozone.protocol.proto.OzoneManagerProtocolProtos$OzoneManagerService$2.callBlockingMethod(OzoneManagerProtocolProtos.java) [ozone-interface-client-1.3.0-SNAPSHOT.jar:?]
	at org.apache.hadoop.ipc.ProtobufRpcEngine$Server.processCall(ProtobufRpcEngine.java:466) [hadoop-common-3.3.1.jar:?]
	at org.apache.hadoop.ipc.ProtobufRpcEngine2$Server$ProtoBufRpcInvoker.call(ProtobufRpcEngine2.java:574) [hadoop-common-3.3.1.jar:?]
	at org.apache.hadoop.ipc.ProtobufRpcEngine2$Server$ProtoBufRpcInvoker.call(ProtobufRpcEngine2.java:552) [hadoop-common-3.3.1.jar:?]
	at org.apache.hadoop.ipc.RPC$Server.call(RPC.java:1093) [hadoop-common-3.3.1.jar:?]
	at org.apache.hadoop.ipc.Server$RpcCall.run(Server.java:1035) [hadoop-common-3.3.1.jar:?]
	at org.apache.hadoop.ipc.Server$RpcCall.run(Server.java:963) [hadoop-common-3.3.1.jar:?]
	at java.security.AccessController.doPrivileged(Native Method) ~[?:1.8.0_332]
	at javax.security.auth.Subject.doAs(Subject.java:422) [?:1.8.0_332]
	at org.apache.hadoop.security.UserGroupInformation.doAs(UserGroupInformation.java:1878) [hadoop-common-3.3.1.jar:?]
	at org.apache.hadoop.ipc.Server$Handler.run(Server.java:2966) [hadoop-common-3.3.1.jar:?]
01:53:01.298 [IPC Server handler 13 on default port 40433] ERROR OMAudit - user=runner | ip=127.0.0.1 | op=GET_FILE_STATUS {volume=volume94214, bucket=bucket75583, key=testBatchDelete/parent/childFolder/child7, dataSize=0, replicationConfig=null} | ret=FAILURE
org.apache.hadoop.ozone.om.exceptions.OMException: Unable to get file status: volume: volume94214 bucket: bucket75583 key: testBatchDelete/parent/childFolder/child7
	at org.apache.hadoop.ozone.om.KeyManagerImpl.getOzoneFileStatus(KeyManagerImpl.java:1311) ~[ozone-manager-1.3.0-SNAPSHOT.jar:?]
	at org.apache.hadoop.ozone.om.KeyManagerImpl.getFileStatus(KeyManagerImpl.java:1241) ~[ozone-manager-1.3.0-SNAPSHOT.jar:?]
	at org.apache.hadoop.ozone.om.OzoneManager.getFileStatus(OzoneManager.java:3467) ~[ozone-manager-1.3.0-SNAPSHOT.jar:?]
	at org.apache.hadoop.ozone.protocolPB.OzoneManagerRequestHandler.getOzoneFileStatus(OzoneManagerRequestHandler.java:878) ~[ozone-manager-1.3.0-SNAPSHOT.jar:?]
	at org.apache.hadoop.ozone.protocolPB.OzoneManagerRequestHandler.handleReadRequest(OzoneManagerRequestHandler.java:224) ~[ozone-manager-1.3.0-SNAPSHOT.jar:?]
	at org.apache.hadoop.ozone.protocolPB.OzoneManagerProtocolServerSideTranslatorPB.submitRequestDirectlyToOM(OzoneManagerProtocolServerSideTranslatorPB.java:276) ~[ozone-manager-1.3.0-SNAPSHOT.jar:?]
	at org.apache.hadoop.ozone.protocolPB.OzoneManagerProtocolServerSideTranslatorPB.processRequest(OzoneManagerProtocolServerSideTranslatorPB.java:205) ~[ozone-manager-1.3.0-SNAPSHOT.jar:?]
	at org.apache.hadoop.hdds.server.OzoneProtocolMessageDispatcher.processRequest(OzoneProtocolMessageDispatcher.java:87) [hdds-server-framework-1.3.0-SNAPSHOT.jar:?]
	at org.apache.hadoop.ozone.protocolPB.OzoneManagerProtocolServerSideTranslatorPB.submitRequest(OzoneManagerProtocolServerSideTranslatorPB.java:147) [ozone-manager-1.3.0-SNAPSHOT.jar:?]
	at org.apache.hadoop.ozone.protocol.proto.OzoneManagerProtocolProtos$OzoneManagerService$2.callBlockingMethod(OzoneManagerProtocolProtos.java) [ozone-interface-client-1.3.0-SNAPSHOT.jar:?]
	at org.apache.hadoop.ipc.ProtobufRpcEngine$Server.processCall(ProtobufRpcEngine.java:466) [hadoop-common-3.3.1.jar:?]
	at org.apache.hadoop.ipc.ProtobufRpcEngine2$Server$ProtoBufRpcInvoker.call(ProtobufRpcEngine2.java:574) [hadoop-common-3.3.1.jar:?]
	at org.apache.hadoop.ipc.ProtobufRpcEngine2$Server$ProtoBufRpcInvoker.call(ProtobufRpcEngine2.java:552) [hadoop-common-3.3.1.jar:?]
	at org.apache.hadoop.ipc.RPC$Server.call(RPC.java:1093) [hadoop-common-3.3.1.jar:?]
	at org.apache.hadoop.ipc.Server$RpcCall.run(Server.java:1035) [hadoop-common-3.3.1.jar:?]
	at org.apache.hadoop.ipc.Server$RpcCall.run(Server.java:963) [hadoop-common-3.3.1.jar:?]
	at java.security.AccessController.doPrivileged(Native Method) ~[?:1.8.0_332]
	at javax.security.auth.Subject.doAs(Subject.java:422) [?:1.8.0_332]
	at org.apache.hadoop.security.UserGroupInformation.doAs(UserGroupInformation.java:1878) [hadoop-common-3.3.1.jar:?]
	at org.apache.hadoop.ipc.Server$Handler.run(Server.java:2966) [hadoop-common-3.3.1.jar:?]
01:53:01.317 [IPC Server handler 10 on default port 40433] ERROR OMAudit - user=runner | ip=127.0.0.1 | op=GET_FILE_STATUS {volume=volume94214, bucket=bucket75583, key=testBatchDelete/parent, dataSize=0, replicationConfig=null} | ret=FAILURE
org.apache.hadoop.ozone.om.exceptions.OMException: Unable to get file status: volume: volume94214 bucket: bucket75583 key: testBatchDelete/parent
	at org.apache.hadoop.ozone.om.KeyManagerImpl.getOzoneFileStatus(KeyManagerImpl.java:1311) ~[ozone-manager-1.3.0-SNAPSHOT.jar:?]
	at org.apache.hadoop.ozone.om.KeyManagerImpl.getFileStatus(KeyManagerImpl.java:1241) ~[ozone-manager-1.3.0-SNAPSHOT.jar:?]
	at org.apache.hadoop.ozone.om.OzoneManager.getFileStatus(OzoneManager.java:3467) ~[ozone-manager-1.3.0-SNAPSHOT.jar:?]
	at org.apache.hadoop.ozone.protocolPB.OzoneManagerRequestHandler.getOzoneFileStatus(OzoneManagerRequestHandler.java:878) ~[ozone-manager-1.3.0-SNAPSHOT.jar:?]
	at org.apache.hadoop.ozone.protocolPB.OzoneManagerRequestHandler.handleReadRequest(OzoneManagerRequestHandler.java:224) ~[ozone-manager-1.3.0-SNAPSHOT.jar:?]
	at org.apache.hadoop.ozone.protocolPB.OzoneManagerProtocolServerSideTranslatorPB.submitRequestDirectlyToOM(OzoneManagerProtocolServerSideTranslatorPB.java:276) ~[ozone-manager-1.3.0-SNAPSHOT.jar:?]
	at org.apache.hadoop.ozone.protocolPB.OzoneManagerProtocolServerSideTranslatorPB.processRequest(OzoneManagerProtocolServerSideTranslatorPB.java:205) ~[ozone-manager-1.3.0-SNAPSHOT.jar:?]
	at org.apache.hadoop.hdds.server.OzoneProtocolMessageDispatcher.processRequest(OzoneProtocolMessageDispatcher.java:87) [hdds-server-framework-1.3.0-SNAPSHOT.jar:?]
	at org.apache.hadoop.ozone.protocolPB.OzoneManagerProtocolServerSideTranslatorPB.submitRequest(OzoneManagerProtocolServerSideTranslatorPB.java:147) [ozone-manager-1.3.0-SNAPSHOT.jar:?]
	at org.apache.hadoop.ozone.protocol.proto.OzoneManagerProtocolProtos$OzoneManagerService$2.callBlockingMethod(OzoneManagerProtocolProtos.java) [ozone-interface-client-1.3.0-SNAPSHOT.jar:?]
	at org.apache.hadoop.ipc.ProtobufRpcEngine$Server.processCall(ProtobufRpcEngine.java:466) [hadoop-common-3.3.1.jar:?]
	at org.apache.hadoop.ipc.ProtobufRpcEngine2$Server$ProtoBufRpcInvoker.call(ProtobufRpcEngine2.java:574) [hadoop-common-3.3.1.jar:?]
	at org.apache.hadoop.ipc.ProtobufRpcEngine2$Server$ProtoBufRpcInvoker.call(ProtobufRpcEngine2.java:552) [hadoop-common-3.3.1.jar:?]
	at org.apache.hadoop.ipc.RPC$Server.call(RPC.java:1093) [hadoop-common-3.3.1.jar:?]
	at org.apache.hadoop.ipc.Server$RpcCall.run(Server.java:1035) [hadoop-common-3.3.1.jar:?]
	at org.apache.hadoop.ipc.Server$RpcCall.run(Server.java:963) [hadoop-common-3.3.1.jar:?]
	at java.security.AccessController.doPrivileged(Native Method) ~[?:1.8.0_332]
	at javax.security.auth.Subject.doAs(Subject.java:422) [?:1.8.0_332]
	at org.apache.hadoop.security.UserGroupInformation.doAs(UserGroupInformation.java:1878) [hadoop-common-3.3.1.jar:?]
	at org.apache.hadoop.ipc.Server$Handler.run(Server.java:2966) [hadoop-common-3.3.1.jar:?]
2022-07-30 01:53:01,323 [Time-limited test] WARN  ozone.BasicRootedOzoneFileSystem (BasicRootedOzoneFileSystem.java:delete(572)) - delete: Path does not exist: /volume94214/bucket75583/testBatchDelete/parent
]]></system-out>
  </testcase>
  <testcase name="testRenameToTrashEnabled" classname="TestRootedOzoneFileSystem" time="0.237">
    <failure type="java.lang.AssertionError"><![CDATA[java.lang.AssertionError
	at org.junit.Assert.fail(Assert.java:87)
	at org.junit.Assert.assertTrue(Assert.java:42)
	at org.junit.Assert.assertTrue(Assert.java:53)
	at org.apache.hadoop.fs.ozone.TestRootedOzoneFileSystem.testRenameToTrashEnabled(TestRootedOzoneFileSystem.java:1331)
	at sun.reflect.NativeMethodAccessorImpl.invoke0(Native Method)
	at sun.reflect.NativeMethodAccessorImpl.invoke(NativeMethodAccessorImpl.java:62)
	at sun.reflect.DelegatingMethodAccessorImpl.invoke(DelegatingMethodAccessorImpl.java:43)
	at java.lang.reflect.Method.invoke(Method.java:498)
	at org.junit.runners.model.FrameworkMethod$1.runReflectiveCall(FrameworkMethod.java:59)
	at org.junit.internal.runners.model.ReflectiveCallable.run(ReflectiveCallable.java:12)
	at org.junit.runners.model.FrameworkMethod.invokeExplosively(FrameworkMethod.java:56)
	at org.junit.internal.runners.statements.InvokeMethod.evaluate(InvokeMethod.java:17)
	at org.junit.internal.runners.statements.RunBefores.evaluate(RunBefores.java:26)
	at org.junit.internal.runners.statements.RunAfters.evaluate(RunAfters.java:27)
	at org.junit.internal.runners.statements.FailOnTimeout$CallableStatement.call(FailOnTimeout.java:288)
	at org.junit.internal.runners.statements.FailOnTimeout$CallableStatement.call(FailOnTimeout.java:282)
	at java.util.concurrent.FutureTask.run(FutureTask.java:266)
	at java.lang.Thread.run(Thread.java:750)
]]></failure>
    <system-out><![CDATA[2022-07-30 01:47:44,901 [Time-limited test] INFO  rpc.RpcClient (RpcClient.java:createVolume(468)) - Creating Volume: volume53420, with user30521 as owner and space quota set to -1 bytes, counts quota set to -1
2022-07-30 01:47:44,904 [OM StateMachine ApplyTransaction Thread - 0] INFO  volume.OMVolumeCreateRequest (OMVolumeCreateRequest.java:validateAndUpdateCache(195)) - created volume:volume53420 for user:user30521
2022-07-30 01:47:44,908 [Time-limited test] INFO  rpc.RpcClient (RpcClient.java:createBucket(671)) - Creating Bucket: volume53420/bucket83034, with bucket layout LEGACY, runner as owner, Versioning false, Storage Type set to DISK and Encryption set to false 
2022-07-30 01:47:44,911 [OM StateMachine ApplyTransaction Thread - 0] INFO  bucket.OMBucketCreateRequest (OMBucketCreateRequest.java:validateAndUpdateCache(260)) - created bucket: bucket83034 of layout LEGACY in volume: volume53420
01:47:45.000 [IPC Server handler 18 on default port 39159] ERROR OMAudit - user=runner | ip=127.0.0.1 | op=GET_FILE_STATUS {volume=volume53420, bucket=bucket83034, key=.Trash/runner/Current/volume53420/bucket83034/testKey2, dataSize=0, replicationConfig=null} | ret=FAILURE
org.apache.hadoop.ozone.om.exceptions.OMException: Unable to get file status: volume: volume53420 bucket: bucket83034 key: .Trash/runner/Current/volume53420/bucket83034/testKey2
	at org.apache.hadoop.ozone.om.KeyManagerImpl.getOzoneFileStatus(KeyManagerImpl.java:1311) ~[ozone-manager-1.3.0-SNAPSHOT.jar:?]
	at org.apache.hadoop.ozone.om.KeyManagerImpl.getFileStatus(KeyManagerImpl.java:1241) ~[ozone-manager-1.3.0-SNAPSHOT.jar:?]
	at org.apache.hadoop.ozone.om.OzoneManager.getFileStatus(OzoneManager.java:3467) ~[ozone-manager-1.3.0-SNAPSHOT.jar:?]
	at org.apache.hadoop.ozone.protocolPB.OzoneManagerRequestHandler.getOzoneFileStatus(OzoneManagerRequestHandler.java:878) ~[ozone-manager-1.3.0-SNAPSHOT.jar:?]
	at org.apache.hadoop.ozone.protocolPB.OzoneManagerRequestHandler.handleReadRequest(OzoneManagerRequestHandler.java:224) ~[ozone-manager-1.3.0-SNAPSHOT.jar:?]
	at org.apache.hadoop.ozone.protocolPB.OzoneManagerProtocolServerSideTranslatorPB.submitReadRequestToOM(OzoneManagerProtocolServerSideTranslatorPB.java:226) ~[ozone-manager-1.3.0-SNAPSHOT.jar:?]
	at org.apache.hadoop.ozone.protocolPB.OzoneManagerProtocolServerSideTranslatorPB.processRequest(OzoneManagerProtocolServerSideTranslatorPB.java:175) ~[ozone-manager-1.3.0-SNAPSHOT.jar:?]
	at org.apache.hadoop.hdds.server.OzoneProtocolMessageDispatcher.processRequest(OzoneProtocolMessageDispatcher.java:87) [hdds-server-framework-1.3.0-SNAPSHOT.jar:?]
	at org.apache.hadoop.ozone.protocolPB.OzoneManagerProtocolServerSideTranslatorPB.submitRequest(OzoneManagerProtocolServerSideTranslatorPB.java:147) [ozone-manager-1.3.0-SNAPSHOT.jar:?]
	at org.apache.hadoop.ozone.protocol.proto.OzoneManagerProtocolProtos$OzoneManagerService$2.callBlockingMethod(OzoneManagerProtocolProtos.java) [ozone-interface-client-1.3.0-SNAPSHOT.jar:?]
	at org.apache.hadoop.ipc.ProtobufRpcEngine$Server.processCall(ProtobufRpcEngine.java:466) [hadoop-common-3.3.1.jar:?]
	at org.apache.hadoop.ipc.ProtobufRpcEngine2$Server$ProtoBufRpcInvoker.call(ProtobufRpcEngine2.java:574) [hadoop-common-3.3.1.jar:?]
	at org.apache.hadoop.ipc.ProtobufRpcEngine2$Server$ProtoBufRpcInvoker.call(ProtobufRpcEngine2.java:552) [hadoop-common-3.3.1.jar:?]
	at org.apache.hadoop.ipc.RPC$Server.call(RPC.java:1093) [hadoop-common-3.3.1.jar:?]
	at org.apache.hadoop.ipc.Server$RpcCall.run(Server.java:1035) [hadoop-common-3.3.1.jar:?]
	at org.apache.hadoop.ipc.Server$RpcCall.run(Server.java:963) [hadoop-common-3.3.1.jar:?]
	at java.security.AccessController.doPrivileged(Native Method) ~[?:1.8.0_332]
	at javax.security.auth.Subject.doAs(Subject.java:422) [?:1.8.0_332]
	at org.apache.hadoop.security.UserGroupInformation.doAs(UserGroupInformation.java:1878) [hadoop-common-3.3.1.jar:?]
	at org.apache.hadoop.ipc.Server$Handler.run(Server.java:2966) [hadoop-common-3.3.1.jar:?]
01:47:45.008 [IPC Server handler 7 on default port 39159] ERROR OMAudit - user=runner | ip=127.0.0.1 | op=GET_FILE_STATUS {volume=volume53420, bucket=bucket83034, key=.Trash/runner/Current/volume53420/bucket83034/testKey2, dataSize=0, replicationConfig=null} | ret=FAILURE
org.apache.hadoop.ozone.om.exceptions.OMException: Unable to get file status: volume: volume53420 bucket: bucket83034 key: .Trash/runner/Current/volume53420/bucket83034/testKey2
	at org.apache.hadoop.ozone.om.KeyManagerImpl.getOzoneFileStatus(KeyManagerImpl.java:1311) ~[ozone-manager-1.3.0-SNAPSHOT.jar:?]
	at org.apache.hadoop.ozone.om.KeyManagerImpl.getFileStatus(KeyManagerImpl.java:1241) ~[ozone-manager-1.3.0-SNAPSHOT.jar:?]
	at org.apache.hadoop.ozone.om.OzoneManager.getFileStatus(OzoneManager.java:3467) ~[ozone-manager-1.3.0-SNAPSHOT.jar:?]
	at org.apache.hadoop.ozone.protocolPB.OzoneManagerRequestHandler.getOzoneFileStatus(OzoneManagerRequestHandler.java:878) ~[ozone-manager-1.3.0-SNAPSHOT.jar:?]
	at org.apache.hadoop.ozone.protocolPB.OzoneManagerRequestHandler.handleReadRequest(OzoneManagerRequestHandler.java:224) ~[ozone-manager-1.3.0-SNAPSHOT.jar:?]
	at org.apache.hadoop.ozone.protocolPB.OzoneManagerProtocolServerSideTranslatorPB.submitReadRequestToOM(OzoneManagerProtocolServerSideTranslatorPB.java:226) ~[ozone-manager-1.3.0-SNAPSHOT.jar:?]
	at org.apache.hadoop.ozone.protocolPB.OzoneManagerProtocolServerSideTranslatorPB.processRequest(OzoneManagerProtocolServerSideTranslatorPB.java:175) ~[ozone-manager-1.3.0-SNAPSHOT.jar:?]
	at org.apache.hadoop.hdds.server.OzoneProtocolMessageDispatcher.processRequest(OzoneProtocolMessageDispatcher.java:87) [hdds-server-framework-1.3.0-SNAPSHOT.jar:?]
	at org.apache.hadoop.ozone.protocolPB.OzoneManagerProtocolServerSideTranslatorPB.submitRequest(OzoneManagerProtocolServerSideTranslatorPB.java:147) [ozone-manager-1.3.0-SNAPSHOT.jar:?]
	at org.apache.hadoop.ozone.protocol.proto.OzoneManagerProtocolProtos$OzoneManagerService$2.callBlockingMethod(OzoneManagerProtocolProtos.java) [ozone-interface-client-1.3.0-SNAPSHOT.jar:?]
	at org.apache.hadoop.ipc.ProtobufRpcEngine$Server.processCall(ProtobufRpcEngine.java:466) [hadoop-common-3.3.1.jar:?]
	at org.apache.hadoop.ipc.ProtobufRpcEngine2$Server$ProtoBufRpcInvoker.call(ProtobufRpcEngine2.java:574) [hadoop-common-3.3.1.jar:?]
	at org.apache.hadoop.ipc.ProtobufRpcEngine2$Server$ProtoBufRpcInvoker.call(ProtobufRpcEngine2.java:552) [hadoop-common-3.3.1.jar:?]
	at org.apache.hadoop.ipc.RPC$Server.call(RPC.java:1093) [hadoop-common-3.3.1.jar:?]
	at org.apache.hadoop.ipc.Server$RpcCall.run(Server.java:1035) [hadoop-common-3.3.1.jar:?]
	at org.apache.hadoop.ipc.Server$RpcCall.run(Server.java:963) [hadoop-common-3.3.1.jar:?]
	at java.security.AccessController.doPrivileged(Native Method) ~[?:1.8.0_332]
	at javax.security.auth.Subject.doAs(Subject.java:422) [?:1.8.0_332]
	at org.apache.hadoop.security.UserGroupInformation.doAs(UserGroupInformation.java:1878) [hadoop-common-3.3.1.jar:?]
	at org.apache.hadoop.ipc.Server$Handler.run(Server.java:2966) [hadoop-common-3.3.1.jar:?]
2022-07-30 01:47:45,020 [Time-limited test] INFO  fs.TrashPolicyDefault (TrashPolicyDefault.java:moveToTrash(188)) - Moved: '/volume53420/bucket83034/testKey2' to trash at: ofs:/volume53420/bucket83034/.Trash/runner/Current/volume53420/bucket83034/testKey2
01:47:45.023 [IPC Server handler 17 on default port 39159] ERROR OMAudit - user=runner | ip=127.0.0.1 | op=GET_FILE_STATUS {volume=volume53420, bucket=bucket83034, key=.Trash/runner/Current, dataSize=0, replicationConfig=null} | ret=FAILURE
org.apache.hadoop.ozone.om.exceptions.OMException: Unable to get file status: volume: volume53420 bucket: bucket83034 key: .Trash/runner/Current
	at org.apache.hadoop.ozone.om.KeyManagerImpl.getOzoneFileStatus(KeyManagerImpl.java:1311) ~[ozone-manager-1.3.0-SNAPSHOT.jar:?]
	at org.apache.hadoop.ozone.om.KeyManagerImpl.getFileStatus(KeyManagerImpl.java:1241) ~[ozone-manager-1.3.0-SNAPSHOT.jar:?]
	at org.apache.hadoop.ozone.om.OzoneManager.getFileStatus(OzoneManager.java:3467) ~[ozone-manager-1.3.0-SNAPSHOT.jar:?]
	at org.apache.hadoop.ozone.protocolPB.OzoneManagerRequestHandler.getOzoneFileStatus(OzoneManagerRequestHandler.java:878) ~[ozone-manager-1.3.0-SNAPSHOT.jar:?]
	at org.apache.hadoop.ozone.protocolPB.OzoneManagerRequestHandler.handleReadRequest(OzoneManagerRequestHandler.java:224) ~[ozone-manager-1.3.0-SNAPSHOT.jar:?]
	at org.apache.hadoop.ozone.protocolPB.OzoneManagerProtocolServerSideTranslatorPB.submitReadRequestToOM(OzoneManagerProtocolServerSideTranslatorPB.java:226) ~[ozone-manager-1.3.0-SNAPSHOT.jar:?]
	at org.apache.hadoop.ozone.protocolPB.OzoneManagerProtocolServerSideTranslatorPB.processRequest(OzoneManagerProtocolServerSideTranslatorPB.java:175) ~[ozone-manager-1.3.0-SNAPSHOT.jar:?]
	at org.apache.hadoop.hdds.server.OzoneProtocolMessageDispatcher.processRequest(OzoneProtocolMessageDispatcher.java:87) [hdds-server-framework-1.3.0-SNAPSHOT.jar:?]
	at org.apache.hadoop.ozone.protocolPB.OzoneManagerProtocolServerSideTranslatorPB.submitRequest(OzoneManagerProtocolServerSideTranslatorPB.java:147) [ozone-manager-1.3.0-SNAPSHOT.jar:?]
	at org.apache.hadoop.ozone.protocol.proto.OzoneManagerProtocolProtos$OzoneManagerService$2.callBlockingMethod(OzoneManagerProtocolProtos.java) [ozone-interface-client-1.3.0-SNAPSHOT.jar:?]
	at org.apache.hadoop.ipc.ProtobufRpcEngine$Server.processCall(ProtobufRpcEngine.java:466) [hadoop-common-3.3.1.jar:?]
	at org.apache.hadoop.ipc.ProtobufRpcEngine2$Server$ProtoBufRpcInvoker.call(ProtobufRpcEngine2.java:574) [hadoop-common-3.3.1.jar:?]
	at org.apache.hadoop.ipc.ProtobufRpcEngine2$Server$ProtoBufRpcInvoker.call(ProtobufRpcEngine2.java:552) [hadoop-common-3.3.1.jar:?]
	at org.apache.hadoop.ipc.RPC$Server.call(RPC.java:1093) [hadoop-common-3.3.1.jar:?]
	at org.apache.hadoop.ipc.Server$RpcCall.run(Server.java:1035) [hadoop-common-3.3.1.jar:?]
	at org.apache.hadoop.ipc.Server$RpcCall.run(Server.java:963) [hadoop-common-3.3.1.jar:?]
	at java.security.AccessController.doPrivileged(Native Method) ~[?:1.8.0_332]
	at javax.security.auth.Subject.doAs(Subject.java:422) [?:1.8.0_332]
	at org.apache.hadoop.security.UserGroupInformation.doAs(UserGroupInformation.java:1878) [hadoop-common-3.3.1.jar:?]
	at org.apache.hadoop.ipc.Server$Handler.run(Server.java:2966) [hadoop-common-3.3.1.jar:?]
]]></system-out>
  </testcase>
  <testcase name="testRenameToTrashEnabled" classname="TestRootedOzoneFileSystem" time="0.533">
    <system-out><![CDATA[2022-07-30 01:49:01,725 [Time-limited test] INFO  rpc.RpcClient (RpcClient.java:createVolume(468)) - Creating Volume: volume74998, with user46162 as owner and space quota set to -1 bytes, counts quota set to -1
2022-07-30 01:49:01,727 [OM StateMachine ApplyTransaction Thread - 0] INFO  volume.OMVolumeCreateRequest (OMVolumeCreateRequest.java:validateAndUpdateCache(195)) - created volume:volume74998 for user:user46162
2022-07-30 01:49:01,729 [Time-limited test] INFO  rpc.RpcClient (RpcClient.java:createBucket(671)) - Creating Bucket: volume74998/bucket93741, with bucket layout LEGACY, runner as owner, Versioning false, Storage Type set to DISK and Encryption set to false 
2022-07-30 01:49:01,731 [OM StateMachine ApplyTransaction Thread - 0] INFO  bucket.OMBucketCreateRequest (OMBucketCreateRequest.java:validateAndUpdateCache(260)) - created bucket: bucket93741 of layout LEGACY in volume: volume74998
01:49:02.150 [IPC Server handler 7 on default port 43571] ERROR OMAudit - user=runner | ip=127.0.0.1 | op=GET_FILE_STATUS {volume=volume74998, bucket=bucket93741, key=.Trash/runner/Current/volume74998/bucket93741/testKey2, dataSize=0, replicationConfig=null} | ret=FAILURE
org.apache.hadoop.ozone.om.exceptions.OMException: Unable to get file status: volume: volume74998 bucket: bucket93741 key: .Trash/runner/Current/volume74998/bucket93741/testKey2
	at org.apache.hadoop.ozone.om.KeyManagerImpl.getOzoneFileStatus(KeyManagerImpl.java:1311) ~[ozone-manager-1.3.0-SNAPSHOT.jar:?]
	at org.apache.hadoop.ozone.om.KeyManagerImpl.getFileStatus(KeyManagerImpl.java:1241) ~[ozone-manager-1.3.0-SNAPSHOT.jar:?]
	at org.apache.hadoop.ozone.om.OzoneManager.getFileStatus(OzoneManager.java:3467) ~[ozone-manager-1.3.0-SNAPSHOT.jar:?]
	at org.apache.hadoop.ozone.protocolPB.OzoneManagerRequestHandler.getOzoneFileStatus(OzoneManagerRequestHandler.java:878) ~[ozone-manager-1.3.0-SNAPSHOT.jar:?]
	at org.apache.hadoop.ozone.protocolPB.OzoneManagerRequestHandler.handleReadRequest(OzoneManagerRequestHandler.java:224) ~[ozone-manager-1.3.0-SNAPSHOT.jar:?]
	at org.apache.hadoop.ozone.protocolPB.OzoneManagerProtocolServerSideTranslatorPB.submitReadRequestToOM(OzoneManagerProtocolServerSideTranslatorPB.java:226) ~[ozone-manager-1.3.0-SNAPSHOT.jar:?]
	at org.apache.hadoop.ozone.protocolPB.OzoneManagerProtocolServerSideTranslatorPB.processRequest(OzoneManagerProtocolServerSideTranslatorPB.java:175) ~[ozone-manager-1.3.0-SNAPSHOT.jar:?]
	at org.apache.hadoop.hdds.server.OzoneProtocolMessageDispatcher.processRequest(OzoneProtocolMessageDispatcher.java:87) [hdds-server-framework-1.3.0-SNAPSHOT.jar:?]
	at org.apache.hadoop.ozone.protocolPB.OzoneManagerProtocolServerSideTranslatorPB.submitRequest(OzoneManagerProtocolServerSideTranslatorPB.java:147) [ozone-manager-1.3.0-SNAPSHOT.jar:?]
	at org.apache.hadoop.ozone.protocol.proto.OzoneManagerProtocolProtos$OzoneManagerService$2.callBlockingMethod(OzoneManagerProtocolProtos.java) [ozone-interface-client-1.3.0-SNAPSHOT.jar:?]
	at org.apache.hadoop.ipc.ProtobufRpcEngine$Server.processCall(ProtobufRpcEngine.java:466) [hadoop-common-3.3.1.jar:?]
	at org.apache.hadoop.ipc.ProtobufRpcEngine2$Server$ProtoBufRpcInvoker.call(ProtobufRpcEngine2.java:574) [hadoop-common-3.3.1.jar:?]
	at org.apache.hadoop.ipc.ProtobufRpcEngine2$Server$ProtoBufRpcInvoker.call(ProtobufRpcEngine2.java:552) [hadoop-common-3.3.1.jar:?]
	at org.apache.hadoop.ipc.RPC$Server.call(RPC.java:1093) [hadoop-common-3.3.1.jar:?]
	at org.apache.hadoop.ipc.Server$RpcCall.run(Server.java:1035) [hadoop-common-3.3.1.jar:?]
	at org.apache.hadoop.ipc.Server$RpcCall.run(Server.java:963) [hadoop-common-3.3.1.jar:?]
	at java.security.AccessController.doPrivileged(Native Method) ~[?:1.8.0_332]
	at javax.security.auth.Subject.doAs(Subject.java:422) [?:1.8.0_332]
	at org.apache.hadoop.security.UserGroupInformation.doAs(UserGroupInformation.java:1878) [hadoop-common-3.3.1.jar:?]
	at org.apache.hadoop.ipc.Server$Handler.run(Server.java:2966) [hadoop-common-3.3.1.jar:?]
01:49:02.154 [IPC Server handler 11 on default port 43571] ERROR OMAudit - user=runner | ip=127.0.0.1 | op=GET_FILE_STATUS {volume=volume74998, bucket=bucket93741, key=.Trash/runner/Current/volume74998/bucket93741/testKey2, dataSize=0, replicationConfig=null} | ret=FAILURE
org.apache.hadoop.ozone.om.exceptions.OMException: Unable to get file status: volume: volume74998 bucket: bucket93741 key: .Trash/runner/Current/volume74998/bucket93741/testKey2
	at org.apache.hadoop.ozone.om.KeyManagerImpl.getOzoneFileStatus(KeyManagerImpl.java:1311) ~[ozone-manager-1.3.0-SNAPSHOT.jar:?]
	at org.apache.hadoop.ozone.om.KeyManagerImpl.getFileStatus(KeyManagerImpl.java:1241) ~[ozone-manager-1.3.0-SNAPSHOT.jar:?]
	at org.apache.hadoop.ozone.om.OzoneManager.getFileStatus(OzoneManager.java:3467) ~[ozone-manager-1.3.0-SNAPSHOT.jar:?]
	at org.apache.hadoop.ozone.protocolPB.OzoneManagerRequestHandler.getOzoneFileStatus(OzoneManagerRequestHandler.java:878) ~[ozone-manager-1.3.0-SNAPSHOT.jar:?]
	at org.apache.hadoop.ozone.protocolPB.OzoneManagerRequestHandler.handleReadRequest(OzoneManagerRequestHandler.java:224) ~[ozone-manager-1.3.0-SNAPSHOT.jar:?]
	at org.apache.hadoop.ozone.protocolPB.OzoneManagerProtocolServerSideTranslatorPB.submitReadRequestToOM(OzoneManagerProtocolServerSideTranslatorPB.java:226) ~[ozone-manager-1.3.0-SNAPSHOT.jar:?]
	at org.apache.hadoop.ozone.protocolPB.OzoneManagerProtocolServerSideTranslatorPB.processRequest(OzoneManagerProtocolServerSideTranslatorPB.java:175) ~[ozone-manager-1.3.0-SNAPSHOT.jar:?]
	at org.apache.hadoop.hdds.server.OzoneProtocolMessageDispatcher.processRequest(OzoneProtocolMessageDispatcher.java:87) [hdds-server-framework-1.3.0-SNAPSHOT.jar:?]
	at org.apache.hadoop.ozone.protocolPB.OzoneManagerProtocolServerSideTranslatorPB.submitRequest(OzoneManagerProtocolServerSideTranslatorPB.java:147) [ozone-manager-1.3.0-SNAPSHOT.jar:?]
	at org.apache.hadoop.ozone.protocol.proto.OzoneManagerProtocolProtos$OzoneManagerService$2.callBlockingMethod(OzoneManagerProtocolProtos.java) [ozone-interface-client-1.3.0-SNAPSHOT.jar:?]
	at org.apache.hadoop.ipc.ProtobufRpcEngine$Server.processCall(ProtobufRpcEngine.java:466) [hadoop-common-3.3.1.jar:?]
	at org.apache.hadoop.ipc.ProtobufRpcEngine2$Server$ProtoBufRpcInvoker.call(ProtobufRpcEngine2.java:574) [hadoop-common-3.3.1.jar:?]
	at org.apache.hadoop.ipc.ProtobufRpcEngine2$Server$ProtoBufRpcInvoker.call(ProtobufRpcEngine2.java:552) [hadoop-common-3.3.1.jar:?]
	at org.apache.hadoop.ipc.RPC$Server.call(RPC.java:1093) [hadoop-common-3.3.1.jar:?]
	at org.apache.hadoop.ipc.Server$RpcCall.run(Server.java:1035) [hadoop-common-3.3.1.jar:?]
	at org.apache.hadoop.ipc.Server$RpcCall.run(Server.java:963) [hadoop-common-3.3.1.jar:?]
	at java.security.AccessController.doPrivileged(Native Method) ~[?:1.8.0_332]
	at javax.security.auth.Subject.doAs(Subject.java:422) [?:1.8.0_332]
	at org.apache.hadoop.security.UserGroupInformation.doAs(UserGroupInformation.java:1878) [hadoop-common-3.3.1.jar:?]
	at org.apache.hadoop.ipc.Server$Handler.run(Server.java:2966) [hadoop-common-3.3.1.jar:?]
2022-07-30 01:49:02,161 [Time-limited test] INFO  fs.TrashPolicyDefault (TrashPolicyDefault.java:moveToTrash(188)) - Moved: '/volume74998/bucket93741/testKey2' to trash at: ofs:/volume74998/bucket93741/.Trash/runner/Current/volume74998/bucket93741/testKey2
]]></system-out>
  </testcase>
  <testcase name="testRenameToTrashEnabled" classname="TestRootedOzoneFileSystem" time="0.271">
    <system-out><![CDATA[2022-07-30 01:50:14,042 [Time-limited test] INFO  rpc.RpcClient (RpcClient.java:createVolume(468)) - Creating Volume: volume13848, with user32288 as owner and space quota set to -1 bytes, counts quota set to -1
2022-07-30 01:50:14,042 [IPC Server handler 16 on default port 41659] INFO  volume.OMVolumeCreateRequest (OMVolumeCreateRequest.java:validateAndUpdateCache(195)) - created volume:volume13848 for user:user32288
2022-07-30 01:50:14,045 [Time-limited test] INFO  rpc.RpcClient (RpcClient.java:createBucket(671)) - Creating Bucket: volume13848/bucket06021, with bucket layout LEGACY, runner as owner, Versioning false, Storage Type set to DISK and Encryption set to false 
2022-07-30 01:50:14,045 [IPC Server handler 14 on default port 41659] INFO  bucket.OMBucketCreateRequest (OMBucketCreateRequest.java:validateAndUpdateCache(260)) - created bucket: bucket06021 of layout LEGACY in volume: volume13848
2022-07-30 01:50:14,139 [UnderReplicatedQueueThreadThread] INFO  replication.UnderReplicatedProcessor (UnderReplicatedProcessor.java:processAll(85)) - Processed 0 under replicated containers, failed processing 0
2022-07-30 01:50:14,148 [OverReplicatedQueueThreadThread] INFO  replication.OverReplicatedProcessor (OverReplicatedProcessor.java:processAll(83)) - Processed 0 over replicated containers, failed processing 0
01:50:14.251 [IPC Server handler 5 on default port 41659] ERROR OMAudit - user=runner | ip=127.0.0.1 | op=GET_FILE_STATUS {volume=volume13848, bucket=bucket06021, key=.Trash/runner/Current/volume13848/bucket06021/testKey2, dataSize=0, replicationConfig=null} | ret=FAILURE
org.apache.hadoop.ozone.om.exceptions.OMException: Unable to get file status: volume: volume13848 bucket: bucket06021 key: .Trash/runner/Current/volume13848/bucket06021/testKey2
	at org.apache.hadoop.ozone.om.KeyManagerImpl.getOzoneFileStatus(KeyManagerImpl.java:1311) ~[ozone-manager-1.3.0-SNAPSHOT.jar:?]
	at org.apache.hadoop.ozone.om.KeyManagerImpl.getFileStatus(KeyManagerImpl.java:1241) ~[ozone-manager-1.3.0-SNAPSHOT.jar:?]
	at org.apache.hadoop.ozone.om.OzoneManager.getFileStatus(OzoneManager.java:3467) ~[ozone-manager-1.3.0-SNAPSHOT.jar:?]
	at org.apache.hadoop.ozone.protocolPB.OzoneManagerRequestHandler.getOzoneFileStatus(OzoneManagerRequestHandler.java:878) ~[ozone-manager-1.3.0-SNAPSHOT.jar:?]
	at org.apache.hadoop.ozone.protocolPB.OzoneManagerRequestHandler.handleReadRequest(OzoneManagerRequestHandler.java:224) ~[ozone-manager-1.3.0-SNAPSHOT.jar:?]
	at org.apache.hadoop.ozone.protocolPB.OzoneManagerProtocolServerSideTranslatorPB.submitRequestDirectlyToOM(OzoneManagerProtocolServerSideTranslatorPB.java:276) ~[ozone-manager-1.3.0-SNAPSHOT.jar:?]
	at org.apache.hadoop.ozone.protocolPB.OzoneManagerProtocolServerSideTranslatorPB.processRequest(OzoneManagerProtocolServerSideTranslatorPB.java:205) ~[ozone-manager-1.3.0-SNAPSHOT.jar:?]
	at org.apache.hadoop.hdds.server.OzoneProtocolMessageDispatcher.processRequest(OzoneProtocolMessageDispatcher.java:87) [hdds-server-framework-1.3.0-SNAPSHOT.jar:?]
	at org.apache.hadoop.ozone.protocolPB.OzoneManagerProtocolServerSideTranslatorPB.submitRequest(OzoneManagerProtocolServerSideTranslatorPB.java:147) [ozone-manager-1.3.0-SNAPSHOT.jar:?]
	at org.apache.hadoop.ozone.protocol.proto.OzoneManagerProtocolProtos$OzoneManagerService$2.callBlockingMethod(OzoneManagerProtocolProtos.java) [ozone-interface-client-1.3.0-SNAPSHOT.jar:?]
	at org.apache.hadoop.ipc.ProtobufRpcEngine$Server.processCall(ProtobufRpcEngine.java:466) [hadoop-common-3.3.1.jar:?]
	at org.apache.hadoop.ipc.ProtobufRpcEngine2$Server$ProtoBufRpcInvoker.call(ProtobufRpcEngine2.java:574) [hadoop-common-3.3.1.jar:?]
	at org.apache.hadoop.ipc.ProtobufRpcEngine2$Server$ProtoBufRpcInvoker.call(ProtobufRpcEngine2.java:552) [hadoop-common-3.3.1.jar:?]
	at org.apache.hadoop.ipc.RPC$Server.call(RPC.java:1093) [hadoop-common-3.3.1.jar:?]
	at org.apache.hadoop.ipc.Server$RpcCall.run(Server.java:1035) [hadoop-common-3.3.1.jar:?]
	at org.apache.hadoop.ipc.Server$RpcCall.run(Server.java:963) [hadoop-common-3.3.1.jar:?]
	at java.security.AccessController.doPrivileged(Native Method) ~[?:1.8.0_332]
	at javax.security.auth.Subject.doAs(Subject.java:422) [?:1.8.0_332]
	at org.apache.hadoop.security.UserGroupInformation.doAs(UserGroupInformation.java:1878) [hadoop-common-3.3.1.jar:?]
	at org.apache.hadoop.ipc.Server$Handler.run(Server.java:2966) [hadoop-common-3.3.1.jar:?]
01:50:14.256 [IPC Server handler 11 on default port 41659] ERROR OMAudit - user=runner | ip=127.0.0.1 | op=GET_FILE_STATUS {volume=volume13848, bucket=bucket06021, key=.Trash/runner/Current/volume13848/bucket06021/testKey2, dataSize=0, replicationConfig=null} | ret=FAILURE
org.apache.hadoop.ozone.om.exceptions.OMException: Unable to get file status: volume: volume13848 bucket: bucket06021 key: .Trash/runner/Current/volume13848/bucket06021/testKey2
	at org.apache.hadoop.ozone.om.KeyManagerImpl.getOzoneFileStatus(KeyManagerImpl.java:1311) ~[ozone-manager-1.3.0-SNAPSHOT.jar:?]
	at org.apache.hadoop.ozone.om.KeyManagerImpl.getFileStatus(KeyManagerImpl.java:1241) ~[ozone-manager-1.3.0-SNAPSHOT.jar:?]
	at org.apache.hadoop.ozone.om.OzoneManager.getFileStatus(OzoneManager.java:3467) ~[ozone-manager-1.3.0-SNAPSHOT.jar:?]
	at org.apache.hadoop.ozone.protocolPB.OzoneManagerRequestHandler.getOzoneFileStatus(OzoneManagerRequestHandler.java:878) ~[ozone-manager-1.3.0-SNAPSHOT.jar:?]
	at org.apache.hadoop.ozone.protocolPB.OzoneManagerRequestHandler.handleReadRequest(OzoneManagerRequestHandler.java:224) ~[ozone-manager-1.3.0-SNAPSHOT.jar:?]
	at org.apache.hadoop.ozone.protocolPB.OzoneManagerProtocolServerSideTranslatorPB.submitRequestDirectlyToOM(OzoneManagerProtocolServerSideTranslatorPB.java:276) ~[ozone-manager-1.3.0-SNAPSHOT.jar:?]
	at org.apache.hadoop.ozone.protocolPB.OzoneManagerProtocolServerSideTranslatorPB.processRequest(OzoneManagerProtocolServerSideTranslatorPB.java:205) ~[ozone-manager-1.3.0-SNAPSHOT.jar:?]
	at org.apache.hadoop.hdds.server.OzoneProtocolMessageDispatcher.processRequest(OzoneProtocolMessageDispatcher.java:87) [hdds-server-framework-1.3.0-SNAPSHOT.jar:?]
	at org.apache.hadoop.ozone.protocolPB.OzoneManagerProtocolServerSideTranslatorPB.submitRequest(OzoneManagerProtocolServerSideTranslatorPB.java:147) [ozone-manager-1.3.0-SNAPSHOT.jar:?]
	at org.apache.hadoop.ozone.protocol.proto.OzoneManagerProtocolProtos$OzoneManagerService$2.callBlockingMethod(OzoneManagerProtocolProtos.java) [ozone-interface-client-1.3.0-SNAPSHOT.jar:?]
	at org.apache.hadoop.ipc.ProtobufRpcEngine$Server.processCall(ProtobufRpcEngine.java:466) [hadoop-common-3.3.1.jar:?]
	at org.apache.hadoop.ipc.ProtobufRpcEngine2$Server$ProtoBufRpcInvoker.call(ProtobufRpcEngine2.java:574) [hadoop-common-3.3.1.jar:?]
	at org.apache.hadoop.ipc.ProtobufRpcEngine2$Server$ProtoBufRpcInvoker.call(ProtobufRpcEngine2.java:552) [hadoop-common-3.3.1.jar:?]
	at org.apache.hadoop.ipc.RPC$Server.call(RPC.java:1093) [hadoop-common-3.3.1.jar:?]
	at org.apache.hadoop.ipc.Server$RpcCall.run(Server.java:1035) [hadoop-common-3.3.1.jar:?]
	at org.apache.hadoop.ipc.Server$RpcCall.run(Server.java:963) [hadoop-common-3.3.1.jar:?]
	at java.security.AccessController.doPrivileged(Native Method) ~[?:1.8.0_332]
	at javax.security.auth.Subject.doAs(Subject.java:422) [?:1.8.0_332]
	at org.apache.hadoop.security.UserGroupInformation.doAs(UserGroupInformation.java:1878) [hadoop-common-3.3.1.jar:?]
	at org.apache.hadoop.ipc.Server$Handler.run(Server.java:2966) [hadoop-common-3.3.1.jar:?]
2022-07-30 01:50:14,268 [Time-limited test] INFO  fs.TrashPolicyDefault (TrashPolicyDefault.java:moveToTrash(188)) - Moved: '/volume13848/bucket06021/testKey2' to trash at: ofs:/volume13848/bucket06021/.Trash/runner/Current/volume13848/bucket06021/testKey2
]]></system-out>
  </testcase>
  <testcase name="testRenameToTrashEnabled" classname="TestRootedOzoneFileSystem" time="0.843">
    <system-out><![CDATA[2022-07-30 01:51:36,174 [UnderReplicatedQueueThreadThread] INFO  replication.UnderReplicatedProcessor (UnderReplicatedProcessor.java:processAll(85)) - Processed 0 under replicated containers, failed processing 0
2022-07-30 01:51:36,177 [OverReplicatedQueueThreadThread] INFO  replication.OverReplicatedProcessor (OverReplicatedProcessor.java:processAll(83)) - Processed 0 over replicated containers, failed processing 0
2022-07-30 01:51:36,334 [Time-limited test] INFO  rpc.RpcClient (RpcClient.java:createVolume(468)) - Creating Volume: volume76107, with user19124 as owner and space quota set to -1 bytes, counts quota set to -1
2022-07-30 01:51:36,342 [OM StateMachine ApplyTransaction Thread - 0] INFO  volume.OMVolumeCreateRequest (OMVolumeCreateRequest.java:validateAndUpdateCache(195)) - created volume:volume76107 for user:user19124
2022-07-30 01:51:36,347 [Time-limited test] INFO  rpc.RpcClient (RpcClient.java:createBucket(671)) - Creating Bucket: volume76107/bucket15923, with bucket layout LEGACY, runner as owner, Versioning false, Storage Type set to DISK and Encryption set to false 
2022-07-30 01:51:36,349 [OM StateMachine ApplyTransaction Thread - 0] INFO  bucket.OMBucketCreateRequest (OMBucketCreateRequest.java:validateAndUpdateCache(260)) - created bucket: bucket15923 of layout LEGACY in volume: volume76107
01:51:36.908 [IPC Server handler 6 on default port 42455] ERROR OMAudit - user=runner | ip=127.0.0.1 | op=GET_FILE_STATUS {volume=volume76107, bucket=bucket15923, key=.Trash/runner/Current/volume76107/bucket15923/testKey2, dataSize=0, replicationConfig=null} | ret=FAILURE
org.apache.hadoop.ozone.om.exceptions.OMException: Unable to get file status: volume: volume76107 bucket: bucket15923 key: .Trash/runner/Current/volume76107/bucket15923/testKey2
	at org.apache.hadoop.ozone.om.KeyManagerImpl.getOzoneFileStatus(KeyManagerImpl.java:1311) ~[ozone-manager-1.3.0-SNAPSHOT.jar:?]
	at org.apache.hadoop.ozone.om.KeyManagerImpl.getFileStatus(KeyManagerImpl.java:1241) ~[ozone-manager-1.3.0-SNAPSHOT.jar:?]
	at org.apache.hadoop.ozone.om.OzoneManager.getFileStatus(OzoneManager.java:3467) ~[ozone-manager-1.3.0-SNAPSHOT.jar:?]
	at org.apache.hadoop.ozone.protocolPB.OzoneManagerRequestHandler.getOzoneFileStatus(OzoneManagerRequestHandler.java:878) ~[ozone-manager-1.3.0-SNAPSHOT.jar:?]
	at org.apache.hadoop.ozone.protocolPB.OzoneManagerRequestHandler.handleReadRequest(OzoneManagerRequestHandler.java:224) ~[ozone-manager-1.3.0-SNAPSHOT.jar:?]
	at org.apache.hadoop.ozone.protocolPB.OzoneManagerProtocolServerSideTranslatorPB.submitReadRequestToOM(OzoneManagerProtocolServerSideTranslatorPB.java:226) ~[ozone-manager-1.3.0-SNAPSHOT.jar:?]
	at org.apache.hadoop.ozone.protocolPB.OzoneManagerProtocolServerSideTranslatorPB.processRequest(OzoneManagerProtocolServerSideTranslatorPB.java:175) ~[ozone-manager-1.3.0-SNAPSHOT.jar:?]
	at org.apache.hadoop.hdds.server.OzoneProtocolMessageDispatcher.processRequest(OzoneProtocolMessageDispatcher.java:87) [hdds-server-framework-1.3.0-SNAPSHOT.jar:?]
	at org.apache.hadoop.ozone.protocolPB.OzoneManagerProtocolServerSideTranslatorPB.submitRequest(OzoneManagerProtocolServerSideTranslatorPB.java:147) [ozone-manager-1.3.0-SNAPSHOT.jar:?]
	at org.apache.hadoop.ozone.protocol.proto.OzoneManagerProtocolProtos$OzoneManagerService$2.callBlockingMethod(OzoneManagerProtocolProtos.java) [ozone-interface-client-1.3.0-SNAPSHOT.jar:?]
	at org.apache.hadoop.ipc.ProtobufRpcEngine$Server.processCall(ProtobufRpcEngine.java:466) [hadoop-common-3.3.1.jar:?]
	at org.apache.hadoop.ipc.ProtobufRpcEngine2$Server$ProtoBufRpcInvoker.call(ProtobufRpcEngine2.java:574) [hadoop-common-3.3.1.jar:?]
	at org.apache.hadoop.ipc.ProtobufRpcEngine2$Server$ProtoBufRpcInvoker.call(ProtobufRpcEngine2.java:552) [hadoop-common-3.3.1.jar:?]
	at org.apache.hadoop.ipc.RPC$Server.call(RPC.java:1093) [hadoop-common-3.3.1.jar:?]
	at org.apache.hadoop.ipc.Server$RpcCall.run(Server.java:1035) [hadoop-common-3.3.1.jar:?]
	at org.apache.hadoop.ipc.Server$RpcCall.run(Server.java:963) [hadoop-common-3.3.1.jar:?]
	at java.security.AccessController.doPrivileged(Native Method) ~[?:1.8.0_332]
	at javax.security.auth.Subject.doAs(Subject.java:422) [?:1.8.0_332]
	at org.apache.hadoop.security.UserGroupInformation.doAs(UserGroupInformation.java:1878) [hadoop-common-3.3.1.jar:?]
	at org.apache.hadoop.ipc.Server$Handler.run(Server.java:2966) [hadoop-common-3.3.1.jar:?]
01:51:36.915 [IPC Server handler 14 on default port 42455] ERROR OMAudit - user=runner | ip=127.0.0.1 | op=GET_FILE_STATUS {volume=volume76107, bucket=bucket15923, key=.Trash/runner/Current/volume76107/bucket15923/testKey2, dataSize=0, replicationConfig=null} | ret=FAILURE
org.apache.hadoop.ozone.om.exceptions.OMException: Unable to get file status: volume: volume76107 bucket: bucket15923 key: .Trash/runner/Current/volume76107/bucket15923/testKey2
	at org.apache.hadoop.ozone.om.KeyManagerImpl.getOzoneFileStatus(KeyManagerImpl.java:1311) ~[ozone-manager-1.3.0-SNAPSHOT.jar:?]
	at org.apache.hadoop.ozone.om.KeyManagerImpl.getFileStatus(KeyManagerImpl.java:1241) ~[ozone-manager-1.3.0-SNAPSHOT.jar:?]
	at org.apache.hadoop.ozone.om.OzoneManager.getFileStatus(OzoneManager.java:3467) ~[ozone-manager-1.3.0-SNAPSHOT.jar:?]
	at org.apache.hadoop.ozone.protocolPB.OzoneManagerRequestHandler.getOzoneFileStatus(OzoneManagerRequestHandler.java:878) ~[ozone-manager-1.3.0-SNAPSHOT.jar:?]
	at org.apache.hadoop.ozone.protocolPB.OzoneManagerRequestHandler.handleReadRequest(OzoneManagerRequestHandler.java:224) ~[ozone-manager-1.3.0-SNAPSHOT.jar:?]
	at org.apache.hadoop.ozone.protocolPB.OzoneManagerProtocolServerSideTranslatorPB.submitReadRequestToOM(OzoneManagerProtocolServerSideTranslatorPB.java:226) ~[ozone-manager-1.3.0-SNAPSHOT.jar:?]
	at org.apache.hadoop.ozone.protocolPB.OzoneManagerProtocolServerSideTranslatorPB.processRequest(OzoneManagerProtocolServerSideTranslatorPB.java:175) ~[ozone-manager-1.3.0-SNAPSHOT.jar:?]
	at org.apache.hadoop.hdds.server.OzoneProtocolMessageDispatcher.processRequest(OzoneProtocolMessageDispatcher.java:87) [hdds-server-framework-1.3.0-SNAPSHOT.jar:?]
	at org.apache.hadoop.ozone.protocolPB.OzoneManagerProtocolServerSideTranslatorPB.submitRequest(OzoneManagerProtocolServerSideTranslatorPB.java:147) [ozone-manager-1.3.0-SNAPSHOT.jar:?]
	at org.apache.hadoop.ozone.protocol.proto.OzoneManagerProtocolProtos$OzoneManagerService$2.callBlockingMethod(OzoneManagerProtocolProtos.java) [ozone-interface-client-1.3.0-SNAPSHOT.jar:?]
	at org.apache.hadoop.ipc.ProtobufRpcEngine$Server.processCall(ProtobufRpcEngine.java:466) [hadoop-common-3.3.1.jar:?]
	at org.apache.hadoop.ipc.ProtobufRpcEngine2$Server$ProtoBufRpcInvoker.call(ProtobufRpcEngine2.java:574) [hadoop-common-3.3.1.jar:?]
	at org.apache.hadoop.ipc.ProtobufRpcEngine2$Server$ProtoBufRpcInvoker.call(ProtobufRpcEngine2.java:552) [hadoop-common-3.3.1.jar:?]
	at org.apache.hadoop.ipc.RPC$Server.call(RPC.java:1093) [hadoop-common-3.3.1.jar:?]
	at org.apache.hadoop.ipc.Server$RpcCall.run(Server.java:1035) [hadoop-common-3.3.1.jar:?]
	at org.apache.hadoop.ipc.Server$RpcCall.run(Server.java:963) [hadoop-common-3.3.1.jar:?]
	at java.security.AccessController.doPrivileged(Native Method) ~[?:1.8.0_332]
	at javax.security.auth.Subject.doAs(Subject.java:422) [?:1.8.0_332]
	at org.apache.hadoop.security.UserGroupInformation.doAs(UserGroupInformation.java:1878) [hadoop-common-3.3.1.jar:?]
	at org.apache.hadoop.ipc.Server$Handler.run(Server.java:2966) [hadoop-common-3.3.1.jar:?]
2022-07-30 01:51:36,923 [Time-limited test] INFO  fs.TrashPolicyDefault (TrashPolicyDefault.java:moveToTrash(188)) - Moved: '/volume76107/bucket15923/testKey2' to trash at: ofs:/volume76107/bucket15923/.Trash/runner/Current/volume76107/bucket15923/testKey2
]]></system-out>
  </testcase>
  <testcase name="testRenameToTrashEnabled" classname="TestRootedOzoneFileSystem" time="0.337">
    <system-out><![CDATA[2022-07-30 01:53:01,419 [Time-limited test] INFO  rpc.RpcClient (RpcClient.java:createVolume(468)) - Creating Volume: volume73161, with user70451 as owner and space quota set to -1 bytes, counts quota set to -1
2022-07-30 01:53:01,420 [IPC Server handler 12 on default port 40433] INFO  volume.OMVolumeCreateRequest (OMVolumeCreateRequest.java:validateAndUpdateCache(195)) - created volume:volume73161 for user:user70451
2022-07-30 01:53:01,430 [Time-limited test] INFO  rpc.RpcClient (RpcClient.java:createBucket(671)) - Creating Bucket: volume73161/bucket91848, with bucket layout LEGACY, runner as owner, Versioning false, Storage Type set to DISK and Encryption set to false 
2022-07-30 01:53:01,430 [IPC Server handler 8 on default port 40433] INFO  bucket.OMBucketCreateRequest (OMBucketCreateRequest.java:validateAndUpdateCache(260)) - created bucket: bucket91848 of layout LEGACY in volume: volume73161
01:53:01.632 [IPC Server handler 11 on default port 40433] ERROR OMAudit - user=runner | ip=127.0.0.1 | op=GET_FILE_STATUS {volume=volume73161, bucket=bucket91848, key=.Trash/runner/Current/volume73161/bucket91848/testKey2, dataSize=0, replicationConfig=null} | ret=FAILURE
org.apache.hadoop.ozone.om.exceptions.OMException: Unable to get file status: volume: volume73161 bucket: bucket91848 key: .Trash/runner/Current/volume73161/bucket91848/testKey2
	at org.apache.hadoop.ozone.om.KeyManagerImpl.getOzoneFileStatus(KeyManagerImpl.java:1311) ~[ozone-manager-1.3.0-SNAPSHOT.jar:?]
	at org.apache.hadoop.ozone.om.KeyManagerImpl.getFileStatus(KeyManagerImpl.java:1241) ~[ozone-manager-1.3.0-SNAPSHOT.jar:?]
	at org.apache.hadoop.ozone.om.OzoneManager.getFileStatus(OzoneManager.java:3467) ~[ozone-manager-1.3.0-SNAPSHOT.jar:?]
	at org.apache.hadoop.ozone.protocolPB.OzoneManagerRequestHandler.getOzoneFileStatus(OzoneManagerRequestHandler.java:878) ~[ozone-manager-1.3.0-SNAPSHOT.jar:?]
	at org.apache.hadoop.ozone.protocolPB.OzoneManagerRequestHandler.handleReadRequest(OzoneManagerRequestHandler.java:224) ~[ozone-manager-1.3.0-SNAPSHOT.jar:?]
	at org.apache.hadoop.ozone.protocolPB.OzoneManagerProtocolServerSideTranslatorPB.submitRequestDirectlyToOM(OzoneManagerProtocolServerSideTranslatorPB.java:276) ~[ozone-manager-1.3.0-SNAPSHOT.jar:?]
	at org.apache.hadoop.ozone.protocolPB.OzoneManagerProtocolServerSideTranslatorPB.processRequest(OzoneManagerProtocolServerSideTranslatorPB.java:205) ~[ozone-manager-1.3.0-SNAPSHOT.jar:?]
	at org.apache.hadoop.hdds.server.OzoneProtocolMessageDispatcher.processRequest(OzoneProtocolMessageDispatcher.java:87) [hdds-server-framework-1.3.0-SNAPSHOT.jar:?]
	at org.apache.hadoop.ozone.protocolPB.OzoneManagerProtocolServerSideTranslatorPB.submitRequest(OzoneManagerProtocolServerSideTranslatorPB.java:147) [ozone-manager-1.3.0-SNAPSHOT.jar:?]
	at org.apache.hadoop.ozone.protocol.proto.OzoneManagerProtocolProtos$OzoneManagerService$2.callBlockingMethod(OzoneManagerProtocolProtos.java) [ozone-interface-client-1.3.0-SNAPSHOT.jar:?]
	at org.apache.hadoop.ipc.ProtobufRpcEngine$Server.processCall(ProtobufRpcEngine.java:466) [hadoop-common-3.3.1.jar:?]
	at org.apache.hadoop.ipc.ProtobufRpcEngine2$Server$ProtoBufRpcInvoker.call(ProtobufRpcEngine2.java:574) [hadoop-common-3.3.1.jar:?]
	at org.apache.hadoop.ipc.ProtobufRpcEngine2$Server$ProtoBufRpcInvoker.call(ProtobufRpcEngine2.java:552) [hadoop-common-3.3.1.jar:?]
	at org.apache.hadoop.ipc.RPC$Server.call(RPC.java:1093) [hadoop-common-3.3.1.jar:?]
	at org.apache.hadoop.ipc.Server$RpcCall.run(Server.java:1035) [hadoop-common-3.3.1.jar:?]
	at org.apache.hadoop.ipc.Server$RpcCall.run(Server.java:963) [hadoop-common-3.3.1.jar:?]
	at java.security.AccessController.doPrivileged(Native Method) ~[?:1.8.0_332]
	at javax.security.auth.Subject.doAs(Subject.java:422) [?:1.8.0_332]
	at org.apache.hadoop.security.UserGroupInformation.doAs(UserGroupInformation.java:1878) [hadoop-common-3.3.1.jar:?]
	at org.apache.hadoop.ipc.Server$Handler.run(Server.java:2966) [hadoop-common-3.3.1.jar:?]
01:53:01.635 [IPC Server handler 13 on default port 40433] ERROR OMAudit - user=runner | ip=127.0.0.1 | op=GET_FILE_STATUS {volume=volume73161, bucket=bucket91848, key=.Trash/runner/Current/volume73161/bucket91848/testKey2, dataSize=0, replicationConfig=null} | ret=FAILURE
org.apache.hadoop.ozone.om.exceptions.OMException: Unable to get file status: volume: volume73161 bucket: bucket91848 key: .Trash/runner/Current/volume73161/bucket91848/testKey2
	at org.apache.hadoop.ozone.om.KeyManagerImpl.getOzoneFileStatus(KeyManagerImpl.java:1311) ~[ozone-manager-1.3.0-SNAPSHOT.jar:?]
	at org.apache.hadoop.ozone.om.KeyManagerImpl.getFileStatus(KeyManagerImpl.java:1241) ~[ozone-manager-1.3.0-SNAPSHOT.jar:?]
	at org.apache.hadoop.ozone.om.OzoneManager.getFileStatus(OzoneManager.java:3467) ~[ozone-manager-1.3.0-SNAPSHOT.jar:?]
	at org.apache.hadoop.ozone.protocolPB.OzoneManagerRequestHandler.getOzoneFileStatus(OzoneManagerRequestHandler.java:878) ~[ozone-manager-1.3.0-SNAPSHOT.jar:?]
	at org.apache.hadoop.ozone.protocolPB.OzoneManagerRequestHandler.handleReadRequest(OzoneManagerRequestHandler.java:224) ~[ozone-manager-1.3.0-SNAPSHOT.jar:?]
	at org.apache.hadoop.ozone.protocolPB.OzoneManagerProtocolServerSideTranslatorPB.submitRequestDirectlyToOM(OzoneManagerProtocolServerSideTranslatorPB.java:276) ~[ozone-manager-1.3.0-SNAPSHOT.jar:?]
	at org.apache.hadoop.ozone.protocolPB.OzoneManagerProtocolServerSideTranslatorPB.processRequest(OzoneManagerProtocolServerSideTranslatorPB.java:205) ~[ozone-manager-1.3.0-SNAPSHOT.jar:?]
	at org.apache.hadoop.hdds.server.OzoneProtocolMessageDispatcher.processRequest(OzoneProtocolMessageDispatcher.java:87) [hdds-server-framework-1.3.0-SNAPSHOT.jar:?]
	at org.apache.hadoop.ozone.protocolPB.OzoneManagerProtocolServerSideTranslatorPB.submitRequest(OzoneManagerProtocolServerSideTranslatorPB.java:147) [ozone-manager-1.3.0-SNAPSHOT.jar:?]
	at org.apache.hadoop.ozone.protocol.proto.OzoneManagerProtocolProtos$OzoneManagerService$2.callBlockingMethod(OzoneManagerProtocolProtos.java) [ozone-interface-client-1.3.0-SNAPSHOT.jar:?]
	at org.apache.hadoop.ipc.ProtobufRpcEngine$Server.processCall(ProtobufRpcEngine.java:466) [hadoop-common-3.3.1.jar:?]
	at org.apache.hadoop.ipc.ProtobufRpcEngine2$Server$ProtoBufRpcInvoker.call(ProtobufRpcEngine2.java:574) [hadoop-common-3.3.1.jar:?]
	at org.apache.hadoop.ipc.ProtobufRpcEngine2$Server$ProtoBufRpcInvoker.call(ProtobufRpcEngine2.java:552) [hadoop-common-3.3.1.jar:?]
	at org.apache.hadoop.ipc.RPC$Server.call(RPC.java:1093) [hadoop-common-3.3.1.jar:?]
	at org.apache.hadoop.ipc.Server$RpcCall.run(Server.java:1035) [hadoop-common-3.3.1.jar:?]
	at org.apache.hadoop.ipc.Server$RpcCall.run(Server.java:963) [hadoop-common-3.3.1.jar:?]
	at java.security.AccessController.doPrivileged(Native Method) ~[?:1.8.0_332]
	at javax.security.auth.Subject.doAs(Subject.java:422) [?:1.8.0_332]
	at org.apache.hadoop.security.UserGroupInformation.doAs(UserGroupInformation.java:1878) [hadoop-common-3.3.1.jar:?]
	at org.apache.hadoop.ipc.Server$Handler.run(Server.java:2966) [hadoop-common-3.3.1.jar:?]
2022-07-30 01:53:01,644 [Time-limited test] INFO  fs.TrashPolicyDefault (TrashPolicyDefault.java:moveToTrash(188)) - Moved: '/volume73161/bucket91848/testKey2' to trash at: ofs:/volume73161/bucket91848/.Trash/runner/Current/volume73161/bucket91848/testKey2
]]></system-out>
  </testcase>
  <testcase name="testMkdirOnNonExistentVolumeBucketDir" classname="TestRootedOzoneFileSystem" time="0">
    <skipped type="org.junit.AssumptionViolatedException"><![CDATA[org.junit.AssumptionViolatedException: FS Path is enabled. Skipping this test as it is not tuned for FS Path yet
	at org.junit.Assume.assumeTrue(Assume.java:68)
	at org.apache.hadoop.fs.ozone.TestRootedOzoneFileSystem.testMkdirOnNonExistentVolumeBucketDir(TestRootedOzoneFileSystem.java:421)
	at sun.reflect.NativeMethodAccessorImpl.invoke0(Native Method)
	at sun.reflect.NativeMethodAccessorImpl.invoke(NativeMethodAccessorImpl.java:62)
	at sun.reflect.DelegatingMethodAccessorImpl.invoke(DelegatingMethodAccessorImpl.java:43)
	at java.lang.reflect.Method.invoke(Method.java:498)
	at org.junit.runners.model.FrameworkMethod$1.runReflectiveCall(FrameworkMethod.java:59)
	at org.junit.internal.runners.model.ReflectiveCallable.run(ReflectiveCallable.java:12)
	at org.junit.runners.model.FrameworkMethod.invokeExplosively(FrameworkMethod.java:56)
	at org.junit.internal.runners.statements.InvokeMethod.evaluate(InvokeMethod.java:17)
	at org.junit.internal.runners.statements.RunBefores.evaluate(RunBefores.java:26)
	at org.junit.internal.runners.statements.RunAfters.evaluate(RunAfters.java:27)
	at org.junit.internal.runners.statements.FailOnTimeout$CallableStatement.call(FailOnTimeout.java:288)
	at org.junit.internal.runners.statements.FailOnTimeout$CallableStatement.call(FailOnTimeout.java:282)
	at java.util.concurrent.FutureTask.run(FutureTask.java:266)
	at java.lang.Thread.run(Thread.java:750)
]]></skipped>
    <system-out><![CDATA[2022-07-30 01:47:45,135 [Time-limited test] INFO  rpc.RpcClient (RpcClient.java:createVolume(468)) - Creating Volume: volume31910, with user68805 as owner and space quota set to -1 bytes, counts quota set to -1
2022-07-30 01:47:45,141 [OM StateMachine ApplyTransaction Thread - 0] INFO  volume.OMVolumeCreateRequest (OMVolumeCreateRequest.java:validateAndUpdateCache(195)) - created volume:volume31910 for user:user68805
2022-07-30 01:47:45,143 [Time-limited test] INFO  rpc.RpcClient (RpcClient.java:createBucket(671)) - Creating Bucket: volume31910/bucket33396, with bucket layout LEGACY, runner as owner, Versioning false, Storage Type set to DISK and Encryption set to false 
2022-07-30 01:47:45,145 [OM StateMachine ApplyTransaction Thread - 0] INFO  bucket.OMBucketCreateRequest (OMBucketCreateRequest.java:validateAndUpdateCache(260)) - created bucket: bucket33396 of layout LEGACY in volume: volume31910
]]></system-out>
  </testcase>
  <testcase name="testMkdirOnNonExistentVolumeBucketDir" classname="TestRootedOzoneFileSystem" time="0">
    <skipped type="org.junit.AssumptionViolatedException"><![CDATA[org.junit.AssumptionViolatedException: FS Path is enabled. Skipping this test as it is not tuned for FS Path yet
	at org.junit.Assume.assumeTrue(Assume.java:68)
	at org.apache.hadoop.fs.ozone.TestRootedOzoneFileSystem.testMkdirOnNonExistentVolumeBucketDir(TestRootedOzoneFileSystem.java:421)
	at sun.reflect.NativeMethodAccessorImpl.invoke0(Native Method)
	at sun.reflect.NativeMethodAccessorImpl.invoke(NativeMethodAccessorImpl.java:62)
	at sun.reflect.DelegatingMethodAccessorImpl.invoke(DelegatingMethodAccessorImpl.java:43)
	at java.lang.reflect.Method.invoke(Method.java:498)
	at org.junit.runners.model.FrameworkMethod$1.runReflectiveCall(FrameworkMethod.java:59)
	at org.junit.internal.runners.model.ReflectiveCallable.run(ReflectiveCallable.java:12)
	at org.junit.runners.model.FrameworkMethod.invokeExplosively(FrameworkMethod.java:56)
	at org.junit.internal.runners.statements.InvokeMethod.evaluate(InvokeMethod.java:17)
	at org.junit.internal.runners.statements.RunBefores.evaluate(RunBefores.java:26)
	at org.junit.internal.runners.statements.RunAfters.evaluate(RunAfters.java:27)
	at org.junit.internal.runners.statements.FailOnTimeout$CallableStatement.call(FailOnTimeout.java:288)
	at org.junit.internal.runners.statements.FailOnTimeout$CallableStatement.call(FailOnTimeout.java:282)
	at java.util.concurrent.FutureTask.run(FutureTask.java:266)
	at java.lang.Thread.run(Thread.java:750)
]]></skipped>
    <system-out><![CDATA[2022-07-30 01:49:02,281 [Time-limited test] INFO  rpc.RpcClient (RpcClient.java:createVolume(468)) - Creating Volume: volume94282, with user28025 as owner and space quota set to -1 bytes, counts quota set to -1
2022-07-30 01:49:02,284 [OM StateMachine ApplyTransaction Thread - 0] INFO  volume.OMVolumeCreateRequest (OMVolumeCreateRequest.java:validateAndUpdateCache(195)) - created volume:volume94282 for user:user28025
2022-07-30 01:49:02,285 [Time-limited test] INFO  rpc.RpcClient (RpcClient.java:createBucket(671)) - Creating Bucket: volume94282/bucket62336, with bucket layout LEGACY, runner as owner, Versioning false, Storage Type set to DISK and Encryption set to false 
2022-07-30 01:49:02,286 [OM StateMachine ApplyTransaction Thread - 0] INFO  bucket.OMBucketCreateRequest (OMBucketCreateRequest.java:validateAndUpdateCache(260)) - created bucket: bucket62336 of layout LEGACY in volume: volume94282
]]></system-out>
  </testcase>
  <testcase name="testMkdirOnNonExistentVolumeBucketDir" classname="TestRootedOzoneFileSystem" time="0">
    <skipped type="org.junit.AssumptionViolatedException"><![CDATA[org.junit.AssumptionViolatedException: FS Path is enabled. Skipping this test as it is not tuned for FS Path yet
	at org.junit.Assume.assumeTrue(Assume.java:68)
	at org.apache.hadoop.fs.ozone.TestRootedOzoneFileSystem.testMkdirOnNonExistentVolumeBucketDir(TestRootedOzoneFileSystem.java:421)
	at sun.reflect.NativeMethodAccessorImpl.invoke0(Native Method)
	at sun.reflect.NativeMethodAccessorImpl.invoke(NativeMethodAccessorImpl.java:62)
	at sun.reflect.DelegatingMethodAccessorImpl.invoke(DelegatingMethodAccessorImpl.java:43)
	at java.lang.reflect.Method.invoke(Method.java:498)
	at org.junit.runners.model.FrameworkMethod$1.runReflectiveCall(FrameworkMethod.java:59)
	at org.junit.internal.runners.model.ReflectiveCallable.run(ReflectiveCallable.java:12)
	at org.junit.runners.model.FrameworkMethod.invokeExplosively(FrameworkMethod.java:56)
	at org.junit.internal.runners.statements.InvokeMethod.evaluate(InvokeMethod.java:17)
	at org.junit.internal.runners.statements.RunBefores.evaluate(RunBefores.java:26)
	at org.junit.internal.runners.statements.RunAfters.evaluate(RunAfters.java:27)
	at org.junit.internal.runners.statements.FailOnTimeout$CallableStatement.call(FailOnTimeout.java:288)
	at org.junit.internal.runners.statements.FailOnTimeout$CallableStatement.call(FailOnTimeout.java:282)
	at java.util.concurrent.FutureTask.run(FutureTask.java:266)
	at java.lang.Thread.run(Thread.java:750)
]]></skipped>
    <system-out><![CDATA[2022-07-30 01:50:14,325 [Time-limited test] INFO  rpc.RpcClient (RpcClient.java:createVolume(468)) - Creating Volume: volume64585, with user21638 as owner and space quota set to -1 bytes, counts quota set to -1
2022-07-30 01:50:14,332 [IPC Server handler 9 on default port 41659] INFO  volume.OMVolumeCreateRequest (OMVolumeCreateRequest.java:validateAndUpdateCache(195)) - created volume:volume64585 for user:user21638
2022-07-30 01:50:14,334 [Time-limited test] INFO  rpc.RpcClient (RpcClient.java:createBucket(671)) - Creating Bucket: volume64585/bucket17034, with bucket layout LEGACY, runner as owner, Versioning false, Storage Type set to DISK and Encryption set to false 
2022-07-30 01:50:14,335 [IPC Server handler 2 on default port 41659] INFO  bucket.OMBucketCreateRequest (OMBucketCreateRequest.java:validateAndUpdateCache(260)) - created bucket: bucket17034 of layout LEGACY in volume: volume64585
]]></system-out>
  </testcase>
  <testcase name="testMkdirOnNonExistentVolumeBucketDir" classname="TestRootedOzoneFileSystem" time="0.179">
    <system-out><![CDATA[2022-07-30 01:51:37,038 [Time-limited test] INFO  rpc.RpcClient (RpcClient.java:createVolume(468)) - Creating Volume: volume25363, with user76976 as owner and space quota set to -1 bytes, counts quota set to -1
2022-07-30 01:51:37,041 [OM StateMachine ApplyTransaction Thread - 0] INFO  volume.OMVolumeCreateRequest (OMVolumeCreateRequest.java:validateAndUpdateCache(195)) - created volume:volume25363 for user:user76976
2022-07-30 01:51:37,051 [Time-limited test] INFO  rpc.RpcClient (RpcClient.java:createBucket(671)) - Creating Bucket: volume25363/bucket32674, with bucket layout LEGACY, runner as owner, Versioning false, Storage Type set to DISK and Encryption set to false 
2022-07-30 01:51:37,053 [OM StateMachine ApplyTransaction Thread - 0] INFO  bucket.OMBucketCreateRequest (OMBucketCreateRequest.java:validateAndUpdateCache(260)) - created bucket: bucket32674 of layout LEGACY in volume: volume25363
01:51:37.054 [IPC Server handler 10 on default port 42455] ERROR OMAudit - user=runner | ip=127.0.0.1 | op=READ_BUCKET {volume=volume-95618, bucket=bucket-53081} | ret=FAILURE
org.apache.hadoop.ozone.om.exceptions.OMException: Volume not found when getting bucket info
	at org.apache.hadoop.ozone.om.BucketManagerImpl.getBucketInfo(BucketManagerImpl.java:127) ~[ozone-manager-1.3.0-SNAPSHOT.jar:?]
	at org.apache.hadoop.ozone.om.OzoneManager.getBucketInfo(OzoneManager.java:2779) ~[ozone-manager-1.3.0-SNAPSHOT.jar:?]
	at org.apache.hadoop.ozone.protocolPB.OzoneManagerRequestHandler.infoBucket(OzoneManagerRequestHandler.java:471) ~[ozone-manager-1.3.0-SNAPSHOT.jar:?]
	at org.apache.hadoop.ozone.protocolPB.OzoneManagerRequestHandler.handleReadRequest(OzoneManagerRequestHandler.java:174) ~[ozone-manager-1.3.0-SNAPSHOT.jar:?]
	at org.apache.hadoop.ozone.protocolPB.OzoneManagerProtocolServerSideTranslatorPB.submitReadRequestToOM(OzoneManagerProtocolServerSideTranslatorPB.java:226) ~[ozone-manager-1.3.0-SNAPSHOT.jar:?]
	at org.apache.hadoop.ozone.protocolPB.OzoneManagerProtocolServerSideTranslatorPB.processRequest(OzoneManagerProtocolServerSideTranslatorPB.java:175) ~[ozone-manager-1.3.0-SNAPSHOT.jar:?]
	at org.apache.hadoop.hdds.server.OzoneProtocolMessageDispatcher.processRequest(OzoneProtocolMessageDispatcher.java:87) [hdds-server-framework-1.3.0-SNAPSHOT.jar:?]
	at org.apache.hadoop.ozone.protocolPB.OzoneManagerProtocolServerSideTranslatorPB.submitRequest(OzoneManagerProtocolServerSideTranslatorPB.java:147) [ozone-manager-1.3.0-SNAPSHOT.jar:?]
	at org.apache.hadoop.ozone.protocol.proto.OzoneManagerProtocolProtos$OzoneManagerService$2.callBlockingMethod(OzoneManagerProtocolProtos.java) [ozone-interface-client-1.3.0-SNAPSHOT.jar:?]
	at org.apache.hadoop.ipc.ProtobufRpcEngine$Server.processCall(ProtobufRpcEngine.java:466) [hadoop-common-3.3.1.jar:?]
	at org.apache.hadoop.ipc.ProtobufRpcEngine2$Server$ProtoBufRpcInvoker.call(ProtobufRpcEngine2.java:574) [hadoop-common-3.3.1.jar:?]
	at org.apache.hadoop.ipc.ProtobufRpcEngine2$Server$ProtoBufRpcInvoker.call(ProtobufRpcEngine2.java:552) [hadoop-common-3.3.1.jar:?]
	at org.apache.hadoop.ipc.RPC$Server.call(RPC.java:1093) [hadoop-common-3.3.1.jar:?]
	at org.apache.hadoop.ipc.Server$RpcCall.run(Server.java:1035) [hadoop-common-3.3.1.jar:?]
	at org.apache.hadoop.ipc.Server$RpcCall.run(Server.java:963) [hadoop-common-3.3.1.jar:?]
	at java.security.AccessController.doPrivileged(Native Method) ~[?:1.8.0_332]
	at javax.security.auth.Subject.doAs(Subject.java:422) [?:1.8.0_332]
	at org.apache.hadoop.security.UserGroupInformation.doAs(UserGroupInformation.java:1878) [hadoop-common-3.3.1.jar:?]
	at org.apache.hadoop.ipc.Server$Handler.run(Server.java:2966) [hadoop-common-3.3.1.jar:?]
2022-07-30 01:51:37,055 [Time-limited test] INFO  rpc.RpcClient (RpcClient.java:createVolume(468)) - Creating Volume: volume-95618, with runner as owner and space quota set to -1 bytes, counts quota set to -1
2022-07-30 01:51:37,056 [OM StateMachine ApplyTransaction Thread - 0] INFO  volume.OMVolumeCreateRequest (OMVolumeCreateRequest.java:validateAndUpdateCache(195)) - created volume:volume-95618 for user:runner
2022-07-30 01:51:37,057 [Time-limited test] INFO  rpc.RpcClient (RpcClient.java:createBucket(671)) - Creating Bucket: volume-95618/bucket-53081, with bucket layout LEGACY, runner as owner, Versioning false, Storage Type set to DISK and Encryption set to false 
2022-07-30 01:51:37,059 [OM StateMachine ApplyTransaction Thread - 0] INFO  bucket.OMBucketCreateRequest (OMBucketCreateRequest.java:validateAndUpdateCache(260)) - created bucket: bucket-53081 of layout LEGACY in volume: volume-95618
]]></system-out>
  </testcase>
  <testcase name="testMkdirOnNonExistentVolumeBucketDir" classname="TestRootedOzoneFileSystem" time="0.121">
    <system-out><![CDATA[2022-07-30 01:53:01,708 [Time-limited test] INFO  rpc.RpcClient (RpcClient.java:createVolume(468)) - Creating Volume: volume10369, with user29460 as owner and space quota set to -1 bytes, counts quota set to -1
2022-07-30 01:53:01,709 [IPC Server handler 5 on default port 40433] INFO  volume.OMVolumeCreateRequest (OMVolumeCreateRequest.java:validateAndUpdateCache(195)) - created volume:volume10369 for user:user29460
2022-07-30 01:53:01,710 [Time-limited test] INFO  rpc.RpcClient (RpcClient.java:createBucket(671)) - Creating Bucket: volume10369/bucket44928, with bucket layout LEGACY, runner as owner, Versioning false, Storage Type set to DISK and Encryption set to false 
2022-07-30 01:53:01,710 [IPC Server handler 2 on default port 40433] INFO  bucket.OMBucketCreateRequest (OMBucketCreateRequest.java:validateAndUpdateCache(260)) - created bucket: bucket44928 of layout LEGACY in volume: volume10369
01:53:01.713 [IPC Server handler 4 on default port 40433] ERROR OMAudit - user=runner | ip=127.0.0.1 | op=READ_BUCKET {volume=volume-28252, bucket=bucket-57952} | ret=FAILURE
org.apache.hadoop.ozone.om.exceptions.OMException: Volume not found when getting bucket info
	at org.apache.hadoop.ozone.om.BucketManagerImpl.getBucketInfo(BucketManagerImpl.java:127) ~[ozone-manager-1.3.0-SNAPSHOT.jar:?]
	at org.apache.hadoop.ozone.om.OzoneManager.getBucketInfo(OzoneManager.java:2779) ~[ozone-manager-1.3.0-SNAPSHOT.jar:?]
	at org.apache.hadoop.ozone.protocolPB.OzoneManagerRequestHandler.infoBucket(OzoneManagerRequestHandler.java:471) ~[ozone-manager-1.3.0-SNAPSHOT.jar:?]
	at org.apache.hadoop.ozone.protocolPB.OzoneManagerRequestHandler.handleReadRequest(OzoneManagerRequestHandler.java:174) ~[ozone-manager-1.3.0-SNAPSHOT.jar:?]
	at org.apache.hadoop.ozone.protocolPB.OzoneManagerProtocolServerSideTranslatorPB.submitRequestDirectlyToOM(OzoneManagerProtocolServerSideTranslatorPB.java:276) ~[ozone-manager-1.3.0-SNAPSHOT.jar:?]
	at org.apache.hadoop.ozone.protocolPB.OzoneManagerProtocolServerSideTranslatorPB.processRequest(OzoneManagerProtocolServerSideTranslatorPB.java:205) ~[ozone-manager-1.3.0-SNAPSHOT.jar:?]
	at org.apache.hadoop.hdds.server.OzoneProtocolMessageDispatcher.processRequest(OzoneProtocolMessageDispatcher.java:87) [hdds-server-framework-1.3.0-SNAPSHOT.jar:?]
	at org.apache.hadoop.ozone.protocolPB.OzoneManagerProtocolServerSideTranslatorPB.submitRequest(OzoneManagerProtocolServerSideTranslatorPB.java:147) [ozone-manager-1.3.0-SNAPSHOT.jar:?]
	at org.apache.hadoop.ozone.protocol.proto.OzoneManagerProtocolProtos$OzoneManagerService$2.callBlockingMethod(OzoneManagerProtocolProtos.java) [ozone-interface-client-1.3.0-SNAPSHOT.jar:?]
	at org.apache.hadoop.ipc.ProtobufRpcEngine$Server.processCall(ProtobufRpcEngine.java:466) [hadoop-common-3.3.1.jar:?]
	at org.apache.hadoop.ipc.ProtobufRpcEngine2$Server$ProtoBufRpcInvoker.call(ProtobufRpcEngine2.java:574) [hadoop-common-3.3.1.jar:?]
	at org.apache.hadoop.ipc.ProtobufRpcEngine2$Server$ProtoBufRpcInvoker.call(ProtobufRpcEngine2.java:552) [hadoop-common-3.3.1.jar:?]
	at org.apache.hadoop.ipc.RPC$Server.call(RPC.java:1093) [hadoop-common-3.3.1.jar:?]
	at org.apache.hadoop.ipc.Server$RpcCall.run(Server.java:1035) [hadoop-common-3.3.1.jar:?]
	at org.apache.hadoop.ipc.Server$RpcCall.run(Server.java:963) [hadoop-common-3.3.1.jar:?]
	at java.security.AccessController.doPrivileged(Native Method) ~[?:1.8.0_332]
	at javax.security.auth.Subject.doAs(Subject.java:422) [?:1.8.0_332]
	at org.apache.hadoop.security.UserGroupInformation.doAs(UserGroupInformation.java:1878) [hadoop-common-3.3.1.jar:?]
	at org.apache.hadoop.ipc.Server$Handler.run(Server.java:2966) [hadoop-common-3.3.1.jar:?]
2022-07-30 01:53:01,713 [Time-limited test] INFO  rpc.RpcClient (RpcClient.java:createVolume(468)) - Creating Volume: volume-28252, with runner as owner and space quota set to -1 bytes, counts quota set to -1
2022-07-30 01:53:01,713 [IPC Server handler 18 on default port 40433] INFO  volume.OMVolumeCreateRequest (OMVolumeCreateRequest.java:validateAndUpdateCache(195)) - created volume:volume-28252 for user:runner
2022-07-30 01:53:01,714 [Time-limited test] INFO  rpc.RpcClient (RpcClient.java:createBucket(671)) - Creating Bucket: volume-28252/bucket-57952, with bucket layout LEGACY, runner as owner, Versioning false, Storage Type set to DISK and Encryption set to false 
2022-07-30 01:53:01,715 [IPC Server handler 19 on default port 40433] INFO  bucket.OMBucketCreateRequest (OMBucketCreateRequest.java:validateAndUpdateCache(260)) - created bucket: bucket-57952 of layout LEGACY in volume: volume-28252
]]></system-out>
  </testcase>
  <testcase name="testListStatusOnLargeDirectory" classname="TestRootedOzoneFileSystem" time="15.994">
    <system-out><![CDATA[2022-07-30 01:47:45,202 [Time-limited test] INFO  rpc.RpcClient (RpcClient.java:createVolume(468)) - Creating Volume: volume36719, with user71342 as owner and space quota set to -1 bytes, counts quota set to -1
2022-07-30 01:47:45,209 [OM StateMachine ApplyTransaction Thread - 0] INFO  volume.OMVolumeCreateRequest (OMVolumeCreateRequest.java:validateAndUpdateCache(195)) - created volume:volume36719 for user:user71342
2022-07-30 01:47:45,213 [Time-limited test] INFO  rpc.RpcClient (RpcClient.java:createBucket(671)) - Creating Bucket: volume36719/bucket42667, with bucket layout LEGACY, runner as owner, Versioning false, Storage Type set to DISK and Encryption set to false 
2022-07-30 01:47:45,216 [OM StateMachine ApplyTransaction Thread - 0] INFO  bucket.OMBucketCreateRequest (OMBucketCreateRequest.java:validateAndUpdateCache(260)) - created bucket: bucket42667 of layout LEGACY in volume: volume36719
2022-07-30 01:47:47,162 [6021f7c2-427d-4cd8-a216-b0a112acbfad@group-82A1F304F3BA-FollowerState] INFO  impl.FollowerState (FollowerState.java:run(143)) - 6021f7c2-427d-4cd8-a216-b0a112acbfad@group-82A1F304F3BA-FollowerState: change to CANDIDATE, lastRpcElapsedTime:5026220528ns, electionTimeout:5021ms
2022-07-30 01:47:47,162 [6021f7c2-427d-4cd8-a216-b0a112acbfad@group-82A1F304F3BA-FollowerState] INFO  impl.RoleInfo (RoleInfo.java:shutdownFollowerState(110)) - 6021f7c2-427d-4cd8-a216-b0a112acbfad: shutdown 6021f7c2-427d-4cd8-a216-b0a112acbfad@group-82A1F304F3BA-FollowerState
2022-07-30 01:47:47,162 [6021f7c2-427d-4cd8-a216-b0a112acbfad@group-82A1F304F3BA-FollowerState] INFO  server.RaftServer$Division (RaftServerImpl.java:setRole(299)) - 6021f7c2-427d-4cd8-a216-b0a112acbfad@group-82A1F304F3BA: changes role from  FOLLOWER to CANDIDATE at term 3 for changeToCandidate
2022-07-30 01:47:47,163 [6021f7c2-427d-4cd8-a216-b0a112acbfad@group-82A1F304F3BA-FollowerState] INFO  server.RaftServerConfigKeys (ConfUtils.java:logGet(46)) - raft.server.leaderelection.pre-vote = false (custom)
2022-07-30 01:47:47,163 [6021f7c2-427d-4cd8-a216-b0a112acbfad@group-82A1F304F3BA-FollowerState] INFO  impl.RoleInfo (RoleInfo.java:updateAndGet(139)) - 6021f7c2-427d-4cd8-a216-b0a112acbfad: start 6021f7c2-427d-4cd8-a216-b0a112acbfad@group-82A1F304F3BA-LeaderElection12
2022-07-30 01:47:47,175 [6021f7c2-427d-4cd8-a216-b0a112acbfad@group-82A1F304F3BA-LeaderElection12] INFO  impl.LeaderElection (LeaderElection.java:askForVotes(310)) - 6021f7c2-427d-4cd8-a216-b0a112acbfad@group-82A1F304F3BA-LeaderElection12 ELECTION round 0: submit vote requests at term 4 for -1: [2f82598e-6ad5-4b85-a1e1-fdafd308d280|rpc:10.1.0.37:45671|priority:0, 6021f7c2-427d-4cd8-a216-b0a112acbfad|rpc:10.1.0.37:41905|priority:0, 3b7c218c-5ec1-49c6-951e-2891968f85c7|rpc:10.1.0.37:34587|priority:1], old=null
2022-07-30 01:47:47,211 [grpc-default-executor-1] INFO  server.RaftServer$Division (RaftServerImpl.java:requestVote(1152)) - 2f82598e-6ad5-4b85-a1e1-fdafd308d280@group-82A1F304F3BA: receive requestVote(ELECTION, 6021f7c2-427d-4cd8-a216-b0a112acbfad, group-82A1F304F3BA, 4, (t:0, i:0))
2022-07-30 01:47:47,211 [grpc-default-executor-1] INFO  impl.VoteContext (VoteContext.java:log(48)) - 2f82598e-6ad5-4b85-a1e1-fdafd308d280@group-82A1F304F3BA-FOLLOWER: accept ELECTION from 6021f7c2-427d-4cd8-a216-b0a112acbfad: our priority 0 <= candidate's priority 0
2022-07-30 01:47:47,211 [grpc-default-executor-1] INFO  server.RaftServer$Division (RaftServerImpl.java:setRole(299)) - 2f82598e-6ad5-4b85-a1e1-fdafd308d280@group-82A1F304F3BA: changes role from  FOLLOWER to FOLLOWER at term 4 for candidate:6021f7c2-427d-4cd8-a216-b0a112acbfad
2022-07-30 01:47:47,211 [grpc-default-executor-1] INFO  impl.RoleInfo (RoleInfo.java:shutdownFollowerState(110)) - 2f82598e-6ad5-4b85-a1e1-fdafd308d280: shutdown 2f82598e-6ad5-4b85-a1e1-fdafd308d280@group-82A1F304F3BA-FollowerState
2022-07-30 01:47:47,211 [grpc-default-executor-1] INFO  impl.RoleInfo (RoleInfo.java:updateAndGet(139)) - 2f82598e-6ad5-4b85-a1e1-fdafd308d280: start 2f82598e-6ad5-4b85-a1e1-fdafd308d280@group-82A1F304F3BA-FollowerState
2022-07-30 01:47:47,211 [2f82598e-6ad5-4b85-a1e1-fdafd308d280@group-82A1F304F3BA-FollowerState] INFO  impl.FollowerState (FollowerState.java:run(152)) - 2f82598e-6ad5-4b85-a1e1-fdafd308d280@group-82A1F304F3BA-FollowerState was interrupted
2022-07-30 01:47:47,220 [grpc-default-executor-1] INFO  server.RaftServer$Division (RaftServerImpl.java:requestVote(1184)) - 2f82598e-6ad5-4b85-a1e1-fdafd308d280@group-82A1F304F3BA replies to ELECTION vote request: 6021f7c2-427d-4cd8-a216-b0a112acbfad<-2f82598e-6ad5-4b85-a1e1-fdafd308d280#0:OK-t4. Peer's state: 2f82598e-6ad5-4b85-a1e1-fdafd308d280@group-82A1F304F3BA:t4, leader=null, voted=6021f7c2-427d-4cd8-a216-b0a112acbfad, raftlog=2f82598e-6ad5-4b85-a1e1-fdafd308d280@group-82A1F304F3BA-SegmentedRaftLog:OPENED:c-1, conf=-1: [2f82598e-6ad5-4b85-a1e1-fdafd308d280|rpc:10.1.0.37:45671|priority:0, 6021f7c2-427d-4cd8-a216-b0a112acbfad|rpc:10.1.0.37:41905|priority:0, 3b7c218c-5ec1-49c6-951e-2891968f85c7|rpc:10.1.0.37:34587|priority:1], old=null
2022-07-30 01:47:47,223 [grpc-default-executor-0] INFO  server.RaftServer$Division (RaftServerImpl.java:requestVote(1152)) - 3b7c218c-5ec1-49c6-951e-2891968f85c7@group-82A1F304F3BA: receive requestVote(ELECTION, 6021f7c2-427d-4cd8-a216-b0a112acbfad, group-82A1F304F3BA, 4, (t:0, i:0))
2022-07-30 01:47:47,223 [grpc-default-executor-0] INFO  impl.VoteContext (VoteContext.java:log(48)) - 3b7c218c-5ec1-49c6-951e-2891968f85c7@group-82A1F304F3BA-FOLLOWER: reject ELECTION from 6021f7c2-427d-4cd8-a216-b0a112acbfad: our priority 1 > candidate's priority 0
2022-07-30 01:47:47,223 [grpc-default-executor-0] INFO  server.RaftServer$Division (RaftServerImpl.java:setRole(299)) - 3b7c218c-5ec1-49c6-951e-2891968f85c7@group-82A1F304F3BA: changes role from  FOLLOWER to FOLLOWER at term 4 for candidate:6021f7c2-427d-4cd8-a216-b0a112acbfad
2022-07-30 01:47:47,224 [grpc-default-executor-0] INFO  impl.RoleInfo (RoleInfo.java:shutdownFollowerState(110)) - 3b7c218c-5ec1-49c6-951e-2891968f85c7: shutdown 3b7c218c-5ec1-49c6-951e-2891968f85c7@group-82A1F304F3BA-FollowerState
2022-07-30 01:47:47,224 [grpc-default-executor-0] INFO  impl.RoleInfo (RoleInfo.java:updateAndGet(139)) - 3b7c218c-5ec1-49c6-951e-2891968f85c7: start 3b7c218c-5ec1-49c6-951e-2891968f85c7@group-82A1F304F3BA-FollowerState
2022-07-30 01:47:47,225 [3b7c218c-5ec1-49c6-951e-2891968f85c7@group-82A1F304F3BA-FollowerState] INFO  impl.FollowerState (FollowerState.java:run(152)) - 3b7c218c-5ec1-49c6-951e-2891968f85c7@group-82A1F304F3BA-FollowerState was interrupted
2022-07-30 01:47:47,239 [grpc-default-executor-0] INFO  server.RaftServer$Division (RaftServerImpl.java:requestVote(1184)) - 3b7c218c-5ec1-49c6-951e-2891968f85c7@group-82A1F304F3BA replies to ELECTION vote request: 6021f7c2-427d-4cd8-a216-b0a112acbfad<-3b7c218c-5ec1-49c6-951e-2891968f85c7#0:FAIL-t4. Peer's state: 3b7c218c-5ec1-49c6-951e-2891968f85c7@group-82A1F304F3BA:t4, leader=null, voted=null, raftlog=3b7c218c-5ec1-49c6-951e-2891968f85c7@group-82A1F304F3BA-SegmentedRaftLog:OPENED:c-1, conf=-1: [2f82598e-6ad5-4b85-a1e1-fdafd308d280|rpc:10.1.0.37:45671|dataStream:|priority:0, 6021f7c2-427d-4cd8-a216-b0a112acbfad|rpc:10.1.0.37:41905|dataStream:|priority:0, 3b7c218c-5ec1-49c6-951e-2891968f85c7|rpc:10.1.0.37:34587|dataStream:|priority:1], old=null
2022-07-30 01:47:47,241 [6021f7c2-427d-4cd8-a216-b0a112acbfad@group-82A1F304F3BA-LeaderElection12] INFO  impl.LeaderElection (LeaderElection.java:logAndReturn(90)) - 6021f7c2-427d-4cd8-a216-b0a112acbfad@group-82A1F304F3BA-LeaderElection12: ELECTION REJECTED received 2 response(s) and 0 exception(s):
2022-07-30 01:47:47,241 [6021f7c2-427d-4cd8-a216-b0a112acbfad@group-82A1F304F3BA-LeaderElection12] INFO  impl.LeaderElection (LeaderElection.java:logAndReturn(94)) -   Response 0: 6021f7c2-427d-4cd8-a216-b0a112acbfad<-2f82598e-6ad5-4b85-a1e1-fdafd308d280#0:OK-t4
2022-07-30 01:47:47,241 [6021f7c2-427d-4cd8-a216-b0a112acbfad@group-82A1F304F3BA-LeaderElection12] INFO  impl.LeaderElection (LeaderElection.java:logAndReturn(94)) -   Response 1: 6021f7c2-427d-4cd8-a216-b0a112acbfad<-3b7c218c-5ec1-49c6-951e-2891968f85c7#0:FAIL-t4
2022-07-30 01:47:47,241 [6021f7c2-427d-4cd8-a216-b0a112acbfad@group-82A1F304F3BA-LeaderElection12] INFO  impl.LeaderElection (LeaderElection.java:askForVotes(312)) - 6021f7c2-427d-4cd8-a216-b0a112acbfad@group-82A1F304F3BA-LeaderElection12 ELECTION round 0: result REJECTED
2022-07-30 01:47:47,241 [6021f7c2-427d-4cd8-a216-b0a112acbfad@group-82A1F304F3BA-LeaderElection12] INFO  server.RaftServer$Division (RaftServerImpl.java:setRole(299)) - 6021f7c2-427d-4cd8-a216-b0a112acbfad@group-82A1F304F3BA: changes role from CANDIDATE to FOLLOWER at term 4 for REJECTED
2022-07-30 01:47:47,241 [6021f7c2-427d-4cd8-a216-b0a112acbfad@group-82A1F304F3BA-LeaderElection12] INFO  impl.RoleInfo (RoleInfo.java:shutdownLeaderElection(130)) - 6021f7c2-427d-4cd8-a216-b0a112acbfad: shutdown 6021f7c2-427d-4cd8-a216-b0a112acbfad@group-82A1F304F3BA-LeaderElection12
2022-07-30 01:47:47,241 [6021f7c2-427d-4cd8-a216-b0a112acbfad@group-82A1F304F3BA-LeaderElection12] INFO  impl.RoleInfo (RoleInfo.java:updateAndGet(139)) - 6021f7c2-427d-4cd8-a216-b0a112acbfad: start 6021f7c2-427d-4cd8-a216-b0a112acbfad@group-82A1F304F3BA-FollowerState
2022-07-30 01:47:52,311 [3b7c218c-5ec1-49c6-951e-2891968f85c7@group-82A1F304F3BA-FollowerState] INFO  impl.FollowerState (FollowerState.java:run(143)) - 3b7c218c-5ec1-49c6-951e-2891968f85c7@group-82A1F304F3BA-FollowerState: change to CANDIDATE, lastRpcElapsedTime:5087617318ns, electionTimeout:5067ms
2022-07-30 01:47:52,312 [3b7c218c-5ec1-49c6-951e-2891968f85c7@group-82A1F304F3BA-FollowerState] INFO  impl.RoleInfo (RoleInfo.java:shutdownFollowerState(110)) - 3b7c218c-5ec1-49c6-951e-2891968f85c7: shutdown 3b7c218c-5ec1-49c6-951e-2891968f85c7@group-82A1F304F3BA-FollowerState
2022-07-30 01:47:52,312 [3b7c218c-5ec1-49c6-951e-2891968f85c7@group-82A1F304F3BA-FollowerState] INFO  server.RaftServer$Division (RaftServerImpl.java:setRole(299)) - 3b7c218c-5ec1-49c6-951e-2891968f85c7@group-82A1F304F3BA: changes role from  FOLLOWER to CANDIDATE at term 4 for changeToCandidate
2022-07-30 01:47:52,312 [3b7c218c-5ec1-49c6-951e-2891968f85c7@group-82A1F304F3BA-FollowerState] INFO  server.RaftServerConfigKeys (ConfUtils.java:logGet(46)) - raft.server.leaderelection.pre-vote = false (custom)
2022-07-30 01:47:52,312 [3b7c218c-5ec1-49c6-951e-2891968f85c7@group-82A1F304F3BA-FollowerState] INFO  impl.RoleInfo (RoleInfo.java:updateAndGet(139)) - 3b7c218c-5ec1-49c6-951e-2891968f85c7: start 3b7c218c-5ec1-49c6-951e-2891968f85c7@group-82A1F304F3BA-LeaderElection13
2022-07-30 01:47:52,326 [3b7c218c-5ec1-49c6-951e-2891968f85c7@group-82A1F304F3BA-LeaderElection13] INFO  impl.LeaderElection (LeaderElection.java:askForVotes(310)) - 3b7c218c-5ec1-49c6-951e-2891968f85c7@group-82A1F304F3BA-LeaderElection13 ELECTION round 0: submit vote requests at term 5 for -1: [2f82598e-6ad5-4b85-a1e1-fdafd308d280|rpc:10.1.0.37:45671|dataStream:|priority:0, 6021f7c2-427d-4cd8-a216-b0a112acbfad|rpc:10.1.0.37:41905|dataStream:|priority:0, 3b7c218c-5ec1-49c6-951e-2891968f85c7|rpc:10.1.0.37:34587|dataStream:|priority:1], old=null
2022-07-30 01:47:52,342 [6021f7c2-427d-4cd8-a216-b0a112acbfad@group-82A1F304F3BA-FollowerState] INFO  impl.FollowerState (FollowerState.java:run(143)) - 6021f7c2-427d-4cd8-a216-b0a112acbfad@group-82A1F304F3BA-FollowerState: change to CANDIDATE, lastRpcElapsedTime:5101290320ns, electionTimeout:5097ms
2022-07-30 01:47:52,343 [6021f7c2-427d-4cd8-a216-b0a112acbfad@group-82A1F304F3BA-FollowerState] INFO  impl.RoleInfo (RoleInfo.java:shutdownFollowerState(110)) - 6021f7c2-427d-4cd8-a216-b0a112acbfad: shutdown 6021f7c2-427d-4cd8-a216-b0a112acbfad@group-82A1F304F3BA-FollowerState
2022-07-30 01:47:52,343 [6021f7c2-427d-4cd8-a216-b0a112acbfad@group-82A1F304F3BA-FollowerState] INFO  server.RaftServer$Division (RaftServerImpl.java:setRole(299)) - 6021f7c2-427d-4cd8-a216-b0a112acbfad@group-82A1F304F3BA: changes role from  FOLLOWER to CANDIDATE at term 4 for changeToCandidate
2022-07-30 01:47:52,343 [6021f7c2-427d-4cd8-a216-b0a112acbfad@group-82A1F304F3BA-FollowerState] INFO  server.RaftServerConfigKeys (ConfUtils.java:logGet(46)) - raft.server.leaderelection.pre-vote = false (custom)
2022-07-30 01:47:52,343 [6021f7c2-427d-4cd8-a216-b0a112acbfad@group-82A1F304F3BA-FollowerState] INFO  impl.RoleInfo (RoleInfo.java:updateAndGet(139)) - 6021f7c2-427d-4cd8-a216-b0a112acbfad: start 6021f7c2-427d-4cd8-a216-b0a112acbfad@group-82A1F304F3BA-LeaderElection14
2022-07-30 01:47:52,364 [grpc-default-executor-0] INFO  server.RaftServer$Division (RaftServerImpl.java:requestVote(1152)) - 6021f7c2-427d-4cd8-a216-b0a112acbfad@group-82A1F304F3BA: receive requestVote(ELECTION, 3b7c218c-5ec1-49c6-951e-2891968f85c7, group-82A1F304F3BA, 5, (t:0, i:0))
2022-07-30 01:47:52,365 [grpc-default-executor-1] INFO  server.RaftServer$Division (RaftServerImpl.java:requestVote(1152)) - 2f82598e-6ad5-4b85-a1e1-fdafd308d280@group-82A1F304F3BA: receive requestVote(ELECTION, 3b7c218c-5ec1-49c6-951e-2891968f85c7, group-82A1F304F3BA, 5, (t:0, i:0))
2022-07-30 01:47:52,366 [grpc-default-executor-1] INFO  impl.VoteContext (VoteContext.java:log(48)) - 2f82598e-6ad5-4b85-a1e1-fdafd308d280@group-82A1F304F3BA-FOLLOWER: accept ELECTION from 3b7c218c-5ec1-49c6-951e-2891968f85c7: our priority 0 <= candidate's priority 1
2022-07-30 01:47:52,366 [grpc-default-executor-1] INFO  server.RaftServer$Division (RaftServerImpl.java:setRole(299)) - 2f82598e-6ad5-4b85-a1e1-fdafd308d280@group-82A1F304F3BA: changes role from  FOLLOWER to FOLLOWER at term 5 for candidate:3b7c218c-5ec1-49c6-951e-2891968f85c7
2022-07-30 01:47:52,366 [grpc-default-executor-1] INFO  impl.RoleInfo (RoleInfo.java:shutdownFollowerState(110)) - 2f82598e-6ad5-4b85-a1e1-fdafd308d280: shutdown 2f82598e-6ad5-4b85-a1e1-fdafd308d280@group-82A1F304F3BA-FollowerState
2022-07-30 01:47:52,366 [grpc-default-executor-1] INFO  impl.RoleInfo (RoleInfo.java:updateAndGet(139)) - 2f82598e-6ad5-4b85-a1e1-fdafd308d280: start 2f82598e-6ad5-4b85-a1e1-fdafd308d280@group-82A1F304F3BA-FollowerState
2022-07-30 01:47:52,366 [2f82598e-6ad5-4b85-a1e1-fdafd308d280@group-82A1F304F3BA-FollowerState] INFO  impl.FollowerState (FollowerState.java:run(152)) - 2f82598e-6ad5-4b85-a1e1-fdafd308d280@group-82A1F304F3BA-FollowerState was interrupted
2022-07-30 01:47:52,369 [grpc-default-executor-0] INFO  impl.VoteContext (VoteContext.java:log(48)) - 6021f7c2-427d-4cd8-a216-b0a112acbfad@group-82A1F304F3BA-CANDIDATE: reject ELECTION from 3b7c218c-5ec1-49c6-951e-2891968f85c7: already has voted for 6021f7c2-427d-4cd8-a216-b0a112acbfad at current term 5
2022-07-30 01:47:52,369 [grpc-default-executor-0] INFO  server.RaftServer$Division (RaftServerImpl.java:requestVote(1184)) - 6021f7c2-427d-4cd8-a216-b0a112acbfad@group-82A1F304F3BA replies to ELECTION vote request: 3b7c218c-5ec1-49c6-951e-2891968f85c7<-6021f7c2-427d-4cd8-a216-b0a112acbfad#0:FAIL-t5. Peer's state: 6021f7c2-427d-4cd8-a216-b0a112acbfad@group-82A1F304F3BA:t5, leader=null, voted=6021f7c2-427d-4cd8-a216-b0a112acbfad, raftlog=6021f7c2-427d-4cd8-a216-b0a112acbfad@group-82A1F304F3BA-SegmentedRaftLog:OPENED:c-1, conf=-1: [2f82598e-6ad5-4b85-a1e1-fdafd308d280|rpc:10.1.0.37:45671|priority:0, 6021f7c2-427d-4cd8-a216-b0a112acbfad|rpc:10.1.0.37:41905|priority:0, 3b7c218c-5ec1-49c6-951e-2891968f85c7|rpc:10.1.0.37:34587|priority:1], old=null
2022-07-30 01:47:52,370 [6021f7c2-427d-4cd8-a216-b0a112acbfad@group-82A1F304F3BA-LeaderElection14] INFO  impl.LeaderElection (LeaderElection.java:askForVotes(310)) - 6021f7c2-427d-4cd8-a216-b0a112acbfad@group-82A1F304F3BA-LeaderElection14 ELECTION round 0: submit vote requests at term 5 for -1: [2f82598e-6ad5-4b85-a1e1-fdafd308d280|rpc:10.1.0.37:45671|priority:0, 6021f7c2-427d-4cd8-a216-b0a112acbfad|rpc:10.1.0.37:41905|priority:0, 3b7c218c-5ec1-49c6-951e-2891968f85c7|rpc:10.1.0.37:34587|priority:1], old=null
2022-07-30 01:47:52,391 [grpc-default-executor-1] INFO  server.RaftServer$Division (RaftServerImpl.java:requestVote(1184)) - 2f82598e-6ad5-4b85-a1e1-fdafd308d280@group-82A1F304F3BA replies to ELECTION vote request: 3b7c218c-5ec1-49c6-951e-2891968f85c7<-2f82598e-6ad5-4b85-a1e1-fdafd308d280#0:OK-t5. Peer's state: 2f82598e-6ad5-4b85-a1e1-fdafd308d280@group-82A1F304F3BA:t5, leader=null, voted=3b7c218c-5ec1-49c6-951e-2891968f85c7, raftlog=2f82598e-6ad5-4b85-a1e1-fdafd308d280@group-82A1F304F3BA-SegmentedRaftLog:OPENED:c-1, conf=-1: [2f82598e-6ad5-4b85-a1e1-fdafd308d280|rpc:10.1.0.37:45671|priority:0, 6021f7c2-427d-4cd8-a216-b0a112acbfad|rpc:10.1.0.37:41905|priority:0, 3b7c218c-5ec1-49c6-951e-2891968f85c7|rpc:10.1.0.37:34587|priority:1], old=null
2022-07-30 01:47:52,391 [grpc-default-executor-0] INFO  server.RaftServer$Division (RaftServerImpl.java:requestVote(1152)) - 2f82598e-6ad5-4b85-a1e1-fdafd308d280@group-82A1F304F3BA: receive requestVote(ELECTION, 6021f7c2-427d-4cd8-a216-b0a112acbfad, group-82A1F304F3BA, 5, (t:0, i:0))
2022-07-30 01:47:52,392 [grpc-default-executor-0] INFO  impl.VoteContext (VoteContext.java:log(48)) - 2f82598e-6ad5-4b85-a1e1-fdafd308d280@group-82A1F304F3BA-FOLLOWER: reject ELECTION from 6021f7c2-427d-4cd8-a216-b0a112acbfad: already has voted for 3b7c218c-5ec1-49c6-951e-2891968f85c7 at current term 5
2022-07-30 01:47:52,392 [grpc-default-executor-0] INFO  server.RaftServer$Division (RaftServerImpl.java:requestVote(1184)) - 2f82598e-6ad5-4b85-a1e1-fdafd308d280@group-82A1F304F3BA replies to ELECTION vote request: 6021f7c2-427d-4cd8-a216-b0a112acbfad<-2f82598e-6ad5-4b85-a1e1-fdafd308d280#0:FAIL-t5. Peer's state: 2f82598e-6ad5-4b85-a1e1-fdafd308d280@group-82A1F304F3BA:t5, leader=null, voted=3b7c218c-5ec1-49c6-951e-2891968f85c7, raftlog=2f82598e-6ad5-4b85-a1e1-fdafd308d280@group-82A1F304F3BA-SegmentedRaftLog:OPENED:c-1, conf=-1: [2f82598e-6ad5-4b85-a1e1-fdafd308d280|rpc:10.1.0.37:45671|priority:0, 6021f7c2-427d-4cd8-a216-b0a112acbfad|rpc:10.1.0.37:41905|priority:0, 3b7c218c-5ec1-49c6-951e-2891968f85c7|rpc:10.1.0.37:34587|priority:1], old=null
2022-07-30 01:47:52,396 [3b7c218c-5ec1-49c6-951e-2891968f85c7@group-82A1F304F3BA-LeaderElection13] INFO  impl.LeaderElection (LeaderElection.java:logAndReturn(90)) - 3b7c218c-5ec1-49c6-951e-2891968f85c7@group-82A1F304F3BA-LeaderElection13: ELECTION PASSED received 2 response(s) and 0 exception(s):
2022-07-30 01:47:52,397 [3b7c218c-5ec1-49c6-951e-2891968f85c7@group-82A1F304F3BA-LeaderElection13] INFO  impl.LeaderElection (LeaderElection.java:logAndReturn(94)) -   Response 0: 3b7c218c-5ec1-49c6-951e-2891968f85c7<-2f82598e-6ad5-4b85-a1e1-fdafd308d280#0:OK-t5
2022-07-30 01:47:52,397 [3b7c218c-5ec1-49c6-951e-2891968f85c7@group-82A1F304F3BA-LeaderElection13] INFO  impl.LeaderElection (LeaderElection.java:logAndReturn(94)) -   Response 1: 3b7c218c-5ec1-49c6-951e-2891968f85c7<-6021f7c2-427d-4cd8-a216-b0a112acbfad#0:FAIL-t5
2022-07-30 01:47:52,397 [3b7c218c-5ec1-49c6-951e-2891968f85c7@group-82A1F304F3BA-LeaderElection13] INFO  impl.LeaderElection (LeaderElection.java:askForVotes(312)) - 3b7c218c-5ec1-49c6-951e-2891968f85c7@group-82A1F304F3BA-LeaderElection13 ELECTION round 0: result PASSED
2022-07-30 01:47:52,397 [3b7c218c-5ec1-49c6-951e-2891968f85c7@group-82A1F304F3BA-LeaderElection13] INFO  impl.RoleInfo (RoleInfo.java:shutdownLeaderElection(130)) - 3b7c218c-5ec1-49c6-951e-2891968f85c7: shutdown 3b7c218c-5ec1-49c6-951e-2891968f85c7@group-82A1F304F3BA-LeaderElection13
2022-07-30 01:47:52,397 [3b7c218c-5ec1-49c6-951e-2891968f85c7@group-82A1F304F3BA-LeaderElection13] INFO  server.RaftServer$Division (RaftServerImpl.java:setRole(299)) - 3b7c218c-5ec1-49c6-951e-2891968f85c7@group-82A1F304F3BA: changes role from CANDIDATE to LEADER at term 5 for changeToLeader
2022-07-30 01:47:52,397 [3b7c218c-5ec1-49c6-951e-2891968f85c7@group-82A1F304F3BA-LeaderElection13] INFO  ratis.XceiverServerRatis (XceiverServerRatis.java:handleLeaderChangedNotification(863)) - Leader change notification received for group: group-82A1F304F3BA with new leaderId: 3b7c218c-5ec1-49c6-951e-2891968f85c7
2022-07-30 01:47:52,397 [3b7c218c-5ec1-49c6-951e-2891968f85c7@group-82A1F304F3BA-LeaderElection13] INFO  server.RaftServer$Division (ServerState.java:setLeader(287)) - 3b7c218c-5ec1-49c6-951e-2891968f85c7@group-82A1F304F3BA: change Leader from null to 3b7c218c-5ec1-49c6-951e-2891968f85c7 at term 5 for becomeLeader, leader elected after 24891ms
2022-07-30 01:47:52,397 [3b7c218c-5ec1-49c6-951e-2891968f85c7@group-82A1F304F3BA-LeaderElection13] INFO  server.RaftServerConfigKeys (ConfUtils.java:logGet(46)) - raft.server.staging.catchup.gap = 1000 (default)
2022-07-30 01:47:52,398 [3b7c218c-5ec1-49c6-951e-2891968f85c7@group-82A1F304F3BA-LeaderElection13] INFO  server.RaftServerConfigKeys (ConfUtils.java:logGet(46)) - raft.server.write.element-limit = 1024 (custom)
2022-07-30 01:47:52,398 [3b7c218c-5ec1-49c6-951e-2891968f85c7@group-82A1F304F3BA-LeaderElection13] INFO  server.RaftServerConfigKeys (ConfUtils.java:logGet(46)) - raft.server.write.byte-limit = 1024 M (=1073741824) (custom)
2022-07-30 01:47:52,399 [3b7c218c-5ec1-49c6-951e-2891968f85c7@group-82A1F304F3BA-LeaderElection13] INFO  server.RaftServerConfigKeys (ConfUtils.java:logGet(46)) - raft.server.watch.timeout = 180s (custom)
2022-07-30 01:47:52,399 [3b7c218c-5ec1-49c6-951e-2891968f85c7@group-82A1F304F3BA-LeaderElection13] INFO  server.RaftServerConfigKeys (ConfUtils.java:logGet(46)) - raft.server.watch.timeout.denomination = 1s (default)
2022-07-30 01:47:52,399 [3b7c218c-5ec1-49c6-951e-2891968f85c7@group-82A1F304F3BA-LeaderElection13] INFO  server.RaftServerConfigKeys (ConfUtils.java:logGet(46)) - raft.server.watch.element-limit = 65536 (default)
2022-07-30 01:47:52,400 [EventQueue-PipelineReportForPipelineReportHandler] INFO  pipeline.PipelineManagerImpl (PipelineManagerImpl.java:openPipeline(367)) - Pipeline Pipeline[ Id: e7d2eecc-8f07-4db4-a1f6-82a1f304f3ba, Nodes: 3b7c218c-5ec1-49c6-951e-2891968f85c7{ip: 10.1.0.37, host: fv-az297-62.nmf1rxwemy4u5di1sxxf4ejcwb.jx.internal.cloudapp.net, ports: [REPLICATION=34701, RATIS=34587, RATIS_ADMIN=34587, RATIS_SERVER=34587, STANDALONE=39201], networkLocation: /default-rack, certSerialId: null, persistedOpState: IN_SERVICE, persistedOpStateExpiryEpochSec: 0}2f82598e-6ad5-4b85-a1e1-fdafd308d280{ip: 10.1.0.37, host: fv-az297-62.nmf1rxwemy4u5di1sxxf4ejcwb.jx.internal.cloudapp.net, ports: [REPLICATION=37379, RATIS=45671, RATIS_ADMIN=45671, RATIS_SERVER=45671, STANDALONE=40131], networkLocation: /default-rack, certSerialId: null, persistedOpState: IN_SERVICE, persistedOpStateExpiryEpochSec: 0}6021f7c2-427d-4cd8-a216-b0a112acbfad{ip: 10.1.0.37, host: fv-az297-62.nmf1rxwemy4u5di1sxxf4ejcwb.jx.internal.cloudapp.net, ports: [REPLICATION=34491, RATIS=41905, RATIS_ADMIN=41905, RATIS_SERVER=41905, STANDALONE=36869], networkLocation: /default-rack, certSerialId: null, persistedOpState: IN_SERVICE, persistedOpStateExpiryEpochSec: 0}, ReplicationConfig: RATIS/THREE, State:ALLOCATED, leaderId:3b7c218c-5ec1-49c6-951e-2891968f85c7, CreationTimestamp2022-07-30T01:47:24.641Z[Etc/UTC]] moved to OPEN state
2022-07-30 01:47:52,402 [3b7c218c-5ec1-49c6-951e-2891968f85c7@group-82A1F304F3BA-LeaderElection13] INFO  server.RaftServerConfigKeys (ConfUtils.java:logGet(46)) - raft.server.write.element-limit = 1024 (custom)
2022-07-30 01:47:52,403 [3b7c218c-5ec1-49c6-951e-2891968f85c7@group-82A1F304F3BA-LeaderElection13] INFO  server.RaftServerConfigKeys (ConfUtils.java:logGet(46)) - raft.server.write.follower.gap.ratio.max = -1.0 (default)
2022-07-30 01:47:52,405 [3b7c218c-5ec1-49c6-951e-2891968f85c7@group-82A1F304F3BA-LeaderElection13] INFO  server.RaftServerConfigKeys (ConfUtils.java:logGet(46)) - raft.server.log.appender.snapshot.chunk.size.max = 16MB (=16777216) (default)
2022-07-30 01:47:52,405 [3b7c218c-5ec1-49c6-951e-2891968f85c7@group-82A1F304F3BA-LeaderElection13] INFO  server.RaftServerConfigKeys (ConfUtils.java:logGet(46)) - raft.server.log.appender.buffer.byte-limit = 33554432 (custom)
2022-07-30 01:47:52,405 [3b7c218c-5ec1-49c6-951e-2891968f85c7@group-82A1F304F3BA-LeaderElection13] INFO  server.RaftServerConfigKeys (ConfUtils.java:logGet(46)) - raft.server.log.appender.buffer.element-limit = 1 (custom)
2022-07-30 01:47:52,407 [grpc-default-executor-0] INFO  server.RaftServer$Division (RaftServerImpl.java:requestVote(1152)) - 3b7c218c-5ec1-49c6-951e-2891968f85c7@group-82A1F304F3BA: receive requestVote(ELECTION, 6021f7c2-427d-4cd8-a216-b0a112acbfad, group-82A1F304F3BA, 5, (t:0, i:0))
2022-07-30 01:47:52,405 [3b7c218c-5ec1-49c6-951e-2891968f85c7@group-82A1F304F3BA-LeaderElection13] INFO  grpc.GrpcConfigKeys (ConfUtils.java:logGet(46)) - raft.grpc.server.leader.outstanding.appends.max = 128 (default)
2022-07-30 01:47:52,410 [3b7c218c-5ec1-49c6-951e-2891968f85c7@group-82A1F304F3BA-LeaderElection13] INFO  server.RaftServerConfigKeys (ConfUtils.java:logGet(46)) - raft.server.rpc.request.timeout = 60s (custom)
2022-07-30 01:47:52,410 [3b7c218c-5ec1-49c6-951e-2891968f85c7@group-82A1F304F3BA-LeaderElection13] INFO  server.RaftServerConfigKeys (ConfUtils.java:logGet(46)) - raft.server.log.appender.install.snapshot.enabled = false (custom)
2022-07-30 01:47:52,414 [3b7c218c-5ec1-49c6-951e-2891968f85c7@group-82A1F304F3BA-LeaderElection13] INFO  server.RaftServerConfigKeys (ConfUtils.java:logGet(46)) - raft.server.log.appender.snapshot.chunk.size.max = 16MB (=16777216) (default)
2022-07-30 01:47:52,414 [3b7c218c-5ec1-49c6-951e-2891968f85c7@group-82A1F304F3BA-LeaderElection13] INFO  server.RaftServerConfigKeys (ConfUtils.java:logGet(46)) - raft.server.log.appender.buffer.byte-limit = 33554432 (custom)
2022-07-30 01:47:52,414 [3b7c218c-5ec1-49c6-951e-2891968f85c7@group-82A1F304F3BA-LeaderElection13] INFO  server.RaftServerConfigKeys (ConfUtils.java:logGet(46)) - raft.server.log.appender.buffer.element-limit = 1 (custom)
2022-07-30 01:47:52,414 [3b7c218c-5ec1-49c6-951e-2891968f85c7@group-82A1F304F3BA-LeaderElection13] INFO  grpc.GrpcConfigKeys (ConfUtils.java:logGet(46)) - raft.grpc.server.leader.outstanding.appends.max = 128 (default)
2022-07-30 01:47:52,414 [3b7c218c-5ec1-49c6-951e-2891968f85c7@group-82A1F304F3BA-LeaderElection13] INFO  server.RaftServerConfigKeys (ConfUtils.java:logGet(46)) - raft.server.rpc.request.timeout = 60s (custom)
2022-07-30 01:47:52,415 [3b7c218c-5ec1-49c6-951e-2891968f85c7@group-82A1F304F3BA-LeaderElection13] INFO  server.RaftServerConfigKeys (ConfUtils.java:logGet(46)) - raft.server.log.appender.install.snapshot.enabled = false (custom)
2022-07-30 01:47:52,417 [3b7c218c-5ec1-49c6-951e-2891968f85c7@group-82A1F304F3BA-LeaderElection13] INFO  impl.RoleInfo (RoleInfo.java:updateAndGet(139)) - 3b7c218c-5ec1-49c6-951e-2891968f85c7: start 3b7c218c-5ec1-49c6-951e-2891968f85c7@group-82A1F304F3BA-LeaderStateImpl
2022-07-30 01:47:52,421 [3b7c218c-5ec1-49c6-951e-2891968f85c7@group-82A1F304F3BA-LeaderElection13] INFO  segmented.SegmentedRaftLogWorker (SegmentedRaftLogWorker.java:startLogSegment(425)) - 3b7c218c-5ec1-49c6-951e-2891968f85c7@group-82A1F304F3BA-SegmentedRaftLogWorker: Starting segment from index:0
2022-07-30 01:47:52,428 [3b7c218c-5ec1-49c6-951e-2891968f85c7@group-82A1F304F3BA-LeaderElection13] INFO  server.RaftServer$Division (ServerState.java:setRaftConf(393)) - 3b7c218c-5ec1-49c6-951e-2891968f85c7@group-82A1F304F3BA: set configuration 0: [2f82598e-6ad5-4b85-a1e1-fdafd308d280|rpc:10.1.0.37:45671|dataStream:|priority:0, 6021f7c2-427d-4cd8-a216-b0a112acbfad|rpc:10.1.0.37:41905|dataStream:|priority:0, 3b7c218c-5ec1-49c6-951e-2891968f85c7|rpc:10.1.0.37:34587|dataStream:|priority:1], old=null
2022-07-30 01:47:52,428 [3b7c218c-5ec1-49c6-951e-2891968f85c7@group-82A1F304F3BA-SegmentedRaftLogWorker] INFO  segmented.SegmentedRaftLogWorker (SegmentedRaftLogWorker.java:execute(629)) - 3b7c218c-5ec1-49c6-951e-2891968f85c7@group-82A1F304F3BA-SegmentedRaftLogWorker: created new log segment /home/runner/work/ozone/ozone/hadoop-ozone/integration-test/target/test-dir/MiniOzoneClusterImpl-4bb34576-a2e6-484c-bd4a-6e4bad1f8a8d/datanode-2/data/ratis/e7d2eecc-8f07-4db4-a1f6-82a1f304f3ba/current/log_inprogress_0
2022-07-30 01:47:52,429 [grpc-default-executor-0] INFO  impl.VoteContext (VoteContext.java:log(48)) - 3b7c218c-5ec1-49c6-951e-2891968f85c7@group-82A1F304F3BA-LEADER: reject ELECTION from 6021f7c2-427d-4cd8-a216-b0a112acbfad: already has voted for 3b7c218c-5ec1-49c6-951e-2891968f85c7 at current term 5
2022-07-30 01:47:52,429 [grpc-default-executor-0] INFO  server.RaftServer$Division (RaftServerImpl.java:requestVote(1184)) - 3b7c218c-5ec1-49c6-951e-2891968f85c7@group-82A1F304F3BA replies to ELECTION vote request: 6021f7c2-427d-4cd8-a216-b0a112acbfad<-3b7c218c-5ec1-49c6-951e-2891968f85c7#0:FAIL-t5. Peer's state: 3b7c218c-5ec1-49c6-951e-2891968f85c7@group-82A1F304F3BA:t5, leader=3b7c218c-5ec1-49c6-951e-2891968f85c7, voted=3b7c218c-5ec1-49c6-951e-2891968f85c7, raftlog=3b7c218c-5ec1-49c6-951e-2891968f85c7@group-82A1F304F3BA-SegmentedRaftLog:OPENED:c-1, conf=0: [2f82598e-6ad5-4b85-a1e1-fdafd308d280|rpc:10.1.0.37:45671|dataStream:|priority:0, 6021f7c2-427d-4cd8-a216-b0a112acbfad|rpc:10.1.0.37:41905|dataStream:|priority:0, 3b7c218c-5ec1-49c6-951e-2891968f85c7|rpc:10.1.0.37:34587|dataStream:|priority:1], old=null
2022-07-30 01:47:52,432 [6021f7c2-427d-4cd8-a216-b0a112acbfad@group-82A1F304F3BA-LeaderElection14] INFO  impl.LeaderElection (LeaderElection.java:logAndReturn(90)) - 6021f7c2-427d-4cd8-a216-b0a112acbfad@group-82A1F304F3BA-LeaderElection14: ELECTION REJECTED received 2 response(s) and 0 exception(s):
2022-07-30 01:47:52,432 [6021f7c2-427d-4cd8-a216-b0a112acbfad@group-82A1F304F3BA-LeaderElection14] INFO  impl.LeaderElection (LeaderElection.java:logAndReturn(94)) -   Response 0: 6021f7c2-427d-4cd8-a216-b0a112acbfad<-2f82598e-6ad5-4b85-a1e1-fdafd308d280#0:FAIL-t5
2022-07-30 01:47:52,432 [6021f7c2-427d-4cd8-a216-b0a112acbfad@group-82A1F304F3BA-LeaderElection14] INFO  impl.LeaderElection (LeaderElection.java:logAndReturn(94)) -   Response 1: 6021f7c2-427d-4cd8-a216-b0a112acbfad<-3b7c218c-5ec1-49c6-951e-2891968f85c7#0:FAIL-t5
2022-07-30 01:47:52,432 [6021f7c2-427d-4cd8-a216-b0a112acbfad@group-82A1F304F3BA-LeaderElection14] INFO  impl.LeaderElection (LeaderElection.java:askForVotes(312)) - 6021f7c2-427d-4cd8-a216-b0a112acbfad@group-82A1F304F3BA-LeaderElection14 ELECTION round 0: result REJECTED
2022-07-30 01:47:52,432 [6021f7c2-427d-4cd8-a216-b0a112acbfad@group-82A1F304F3BA-LeaderElection14] INFO  server.RaftServer$Division (RaftServerImpl.java:setRole(299)) - 6021f7c2-427d-4cd8-a216-b0a112acbfad@group-82A1F304F3BA: changes role from CANDIDATE to FOLLOWER at term 5 for REJECTED
2022-07-30 01:47:52,432 [6021f7c2-427d-4cd8-a216-b0a112acbfad@group-82A1F304F3BA-LeaderElection14] INFO  impl.RoleInfo (RoleInfo.java:shutdownLeaderElection(130)) - 6021f7c2-427d-4cd8-a216-b0a112acbfad: shutdown 6021f7c2-427d-4cd8-a216-b0a112acbfad@group-82A1F304F3BA-LeaderElection14
2022-07-30 01:47:52,432 [6021f7c2-427d-4cd8-a216-b0a112acbfad@group-82A1F304F3BA-LeaderElection14] INFO  impl.RoleInfo (RoleInfo.java:updateAndGet(139)) - 6021f7c2-427d-4cd8-a216-b0a112acbfad: start 6021f7c2-427d-4cd8-a216-b0a112acbfad@group-82A1F304F3BA-FollowerState
2022-07-30 01:47:52,436 [2f82598e-6ad5-4b85-a1e1-fdafd308d280-server-thread1] INFO  ratis.XceiverServerRatis (XceiverServerRatis.java:handleLeaderChangedNotification(863)) - Leader change notification received for group: group-82A1F304F3BA with new leaderId: 3b7c218c-5ec1-49c6-951e-2891968f85c7
2022-07-30 01:47:52,436 [2f82598e-6ad5-4b85-a1e1-fdafd308d280-server-thread1] INFO  server.RaftServer$Division (ServerState.java:setLeader(287)) - 2f82598e-6ad5-4b85-a1e1-fdafd308d280@group-82A1F304F3BA: change Leader from null to 3b7c218c-5ec1-49c6-951e-2891968f85c7 at term 5 for appendEntries, leader elected after 25067ms
2022-07-30 01:47:52,456 [2f82598e-6ad5-4b85-a1e1-fdafd308d280-server-thread1] INFO  server.RaftServer$Division (ServerState.java:setRaftConf(393)) - 2f82598e-6ad5-4b85-a1e1-fdafd308d280@group-82A1F304F3BA: set configuration 0: [2f82598e-6ad5-4b85-a1e1-fdafd308d280|rpc:10.1.0.37:45671|dataStream:|priority:0, 6021f7c2-427d-4cd8-a216-b0a112acbfad|rpc:10.1.0.37:41905|dataStream:|priority:0, 3b7c218c-5ec1-49c6-951e-2891968f85c7|rpc:10.1.0.37:34587|dataStream:|priority:1], old=null
2022-07-30 01:47:52,457 [2f82598e-6ad5-4b85-a1e1-fdafd308d280-server-thread1] INFO  segmented.SegmentedRaftLogWorker (SegmentedRaftLogWorker.java:startLogSegment(425)) - 2f82598e-6ad5-4b85-a1e1-fdafd308d280@group-82A1F304F3BA-SegmentedRaftLogWorker: Starting segment from index:0
2022-07-30 01:47:52,458 [6021f7c2-427d-4cd8-a216-b0a112acbfad-server-thread1] INFO  ratis.XceiverServerRatis (XceiverServerRatis.java:handleLeaderChangedNotification(863)) - Leader change notification received for group: group-82A1F304F3BA with new leaderId: 3b7c218c-5ec1-49c6-951e-2891968f85c7
2022-07-30 01:47:52,458 [6021f7c2-427d-4cd8-a216-b0a112acbfad-server-thread1] INFO  server.RaftServer$Division (ServerState.java:setLeader(287)) - 6021f7c2-427d-4cd8-a216-b0a112acbfad@group-82A1F304F3BA: change Leader from null to 3b7c218c-5ec1-49c6-951e-2891968f85c7 at term 5 for appendEntries, leader elected after 25641ms
2022-07-30 01:47:52,461 [2f82598e-6ad5-4b85-a1e1-fdafd308d280@group-82A1F304F3BA-SegmentedRaftLogWorker] INFO  segmented.SegmentedRaftLogWorker (SegmentedRaftLogWorker.java:execute(629)) - 2f82598e-6ad5-4b85-a1e1-fdafd308d280@group-82A1F304F3BA-SegmentedRaftLogWorker: created new log segment /home/runner/work/ozone/ozone/hadoop-ozone/integration-test/target/test-dir/MiniOzoneClusterImpl-4bb34576-a2e6-484c-bd4a-6e4bad1f8a8d/datanode-1/data/ratis/e7d2eecc-8f07-4db4-a1f6-82a1f304f3ba/current/log_inprogress_0
2022-07-30 01:47:52,484 [6021f7c2-427d-4cd8-a216-b0a112acbfad-server-thread2] INFO  server.RaftServer$Division (ServerState.java:setRaftConf(393)) - 6021f7c2-427d-4cd8-a216-b0a112acbfad@group-82A1F304F3BA: set configuration 0: [2f82598e-6ad5-4b85-a1e1-fdafd308d280|rpc:10.1.0.37:45671|dataStream:|priority:0, 6021f7c2-427d-4cd8-a216-b0a112acbfad|rpc:10.1.0.37:41905|dataStream:|priority:0, 3b7c218c-5ec1-49c6-951e-2891968f85c7|rpc:10.1.0.37:34587|dataStream:|priority:1], old=null
2022-07-30 01:47:52,485 [6021f7c2-427d-4cd8-a216-b0a112acbfad-server-thread2] INFO  segmented.SegmentedRaftLogWorker (SegmentedRaftLogWorker.java:startLogSegment(425)) - 6021f7c2-427d-4cd8-a216-b0a112acbfad@group-82A1F304F3BA-SegmentedRaftLogWorker: Starting segment from index:0
2022-07-30 01:47:52,489 [6021f7c2-427d-4cd8-a216-b0a112acbfad@group-82A1F304F3BA-SegmentedRaftLogWorker] INFO  segmented.SegmentedRaftLogWorker (SegmentedRaftLogWorker.java:execute(629)) - 6021f7c2-427d-4cd8-a216-b0a112acbfad@group-82A1F304F3BA-SegmentedRaftLogWorker: created new log segment /home/runner/work/ozone/ozone/hadoop-ozone/integration-test/target/test-dir/MiniOzoneClusterImpl-4bb34576-a2e6-484c-bd4a-6e4bad1f8a8d/datanode-0/data/ratis/e7d2eecc-8f07-4db4-a1f6-82a1f304f3ba/current/log_inprogress_0
]]></system-out>
  </testcase>
  <testcase name="testListStatusOnLargeDirectory" classname="TestRootedOzoneFileSystem" time="15.383">
    <system-out><![CDATA[2022-07-30 01:49:02,373 [Time-limited test] INFO  rpc.RpcClient (RpcClient.java:createVolume(468)) - Creating Volume: volume33095, with user06056 as owner and space quota set to -1 bytes, counts quota set to -1
2022-07-30 01:49:02,376 [OM StateMachine ApplyTransaction Thread - 0] INFO  volume.OMVolumeCreateRequest (OMVolumeCreateRequest.java:validateAndUpdateCache(195)) - created volume:volume33095 for user:user06056
2022-07-30 01:49:02,377 [Time-limited test] INFO  rpc.RpcClient (RpcClient.java:createBucket(671)) - Creating Bucket: volume33095/bucket31409, with bucket layout LEGACY, runner as owner, Versioning false, Storage Type set to DISK and Encryption set to false 
2022-07-30 01:49:02,379 [OM StateMachine ApplyTransaction Thread - 0] INFO  bucket.OMBucketCreateRequest (OMBucketCreateRequest.java:validateAndUpdateCache(260)) - created bucket: bucket31409 of layout LEGACY in volume: volume33095
2022-07-30 01:49:03,299 [UnderReplicatedQueueThreadThread] INFO  replication.UnderReplicatedProcessor (UnderReplicatedProcessor.java:processAll(85)) - Processed 0 under replicated containers, failed processing 0
2022-07-30 01:49:03,301 [OverReplicatedQueueThreadThread] INFO  replication.OverReplicatedProcessor (OverReplicatedProcessor.java:processAll(83)) - Processed 0 over replicated containers, failed processing 0
2022-07-30 01:49:14,139 [UnderReplicatedQueueThreadThread] INFO  replication.UnderReplicatedProcessor (UnderReplicatedProcessor.java:processAll(85)) - Processed 0 under replicated containers, failed processing 0
2022-07-30 01:49:14,147 [OverReplicatedQueueThreadThread] INFO  replication.OverReplicatedProcessor (OverReplicatedProcessor.java:processAll(83)) - Processed 0 over replicated containers, failed processing 0
]]></system-out>
  </testcase>
  <testcase name="testListStatusOnLargeDirectory" classname="TestRootedOzoneFileSystem" time="18.778">
    <system-out><![CDATA[2022-07-30 01:50:14,392 [Time-limited test] INFO  rpc.RpcClient (RpcClient.java:createVolume(468)) - Creating Volume: volume39931, with user61088 as owner and space quota set to -1 bytes, counts quota set to -1
2022-07-30 01:50:14,393 [IPC Server handler 2 on default port 41659] INFO  volume.OMVolumeCreateRequest (OMVolumeCreateRequest.java:validateAndUpdateCache(195)) - created volume:volume39931 for user:user61088
2022-07-30 01:50:14,394 [Time-limited test] INFO  rpc.RpcClient (RpcClient.java:createBucket(671)) - Creating Bucket: volume39931/bucket51891, with bucket layout LEGACY, runner as owner, Versioning false, Storage Type set to DISK and Encryption set to false 
2022-07-30 01:50:14,394 [IPC Server handler 7 on default port 41659] INFO  bucket.OMBucketCreateRequest (OMBucketCreateRequest.java:validateAndUpdateCache(260)) - created bucket: bucket51891 of layout LEGACY in volume: volume39931
2022-07-30 01:50:20,521 [OverReplicatedQueueThreadThread] INFO  replication.OverReplicatedProcessor (OverReplicatedProcessor.java:processAll(83)) - Processed 0 over replicated containers, failed processing 0
2022-07-30 01:50:20,524 [UnderReplicatedQueueThreadThread] INFO  replication.UnderReplicatedProcessor (UnderReplicatedProcessor.java:processAll(85)) - Processed 0 under replicated containers, failed processing 0
]]></system-out>
  </testcase>
  <testcase name="testListStatusOnLargeDirectory" classname="TestRootedOzoneFileSystem" time="25.467">
    <system-out><![CDATA[2022-07-30 01:51:37,218 [Time-limited test] INFO  rpc.RpcClient (RpcClient.java:createVolume(468)) - Creating Volume: volume35926, with user11743 as owner and space quota set to -1 bytes, counts quota set to -1
2022-07-30 01:51:37,228 [OM StateMachine ApplyTransaction Thread - 0] INFO  volume.OMVolumeCreateRequest (OMVolumeCreateRequest.java:validateAndUpdateCache(195)) - created volume:volume35926 for user:user11743
2022-07-30 01:51:37,229 [Time-limited test] INFO  rpc.RpcClient (RpcClient.java:createBucket(671)) - Creating Bucket: volume35926/bucket97811, with bucket layout LEGACY, runner as owner, Versioning false, Storage Type set to DISK and Encryption set to false 
2022-07-30 01:51:37,230 [OM StateMachine ApplyTransaction Thread - 0] INFO  bucket.OMBucketCreateRequest (OMBucketCreateRequest.java:validateAndUpdateCache(260)) - created bucket: bucket97811 of layout LEGACY in volume: volume35926
2022-07-30 01:51:44,140 [UnderReplicatedQueueThreadThread] INFO  replication.UnderReplicatedProcessor (UnderReplicatedProcessor.java:processAll(85)) - Processed 0 under replicated containers, failed processing 0
2022-07-30 01:51:44,154 [OverReplicatedQueueThreadThread] INFO  replication.OverReplicatedProcessor (OverReplicatedProcessor.java:processAll(83)) - Processed 0 over replicated containers, failed processing 0
2022-07-30 01:51:50,522 [OverReplicatedQueueThreadThread] INFO  replication.OverReplicatedProcessor (OverReplicatedProcessor.java:processAll(83)) - Processed 0 over replicated containers, failed processing 0
2022-07-30 01:51:50,525 [UnderReplicatedQueueThreadThread] INFO  replication.UnderReplicatedProcessor (UnderReplicatedProcessor.java:processAll(85)) - Processed 0 under replicated containers, failed processing 0
]]></system-out>
  </testcase>
  <testcase name="testListStatusOnLargeDirectory" classname="TestRootedOzoneFileSystem" time="23.285">
    <system-out><![CDATA[2022-07-30 01:53:01,897 [Time-limited test] INFO  rpc.RpcClient (RpcClient.java:createVolume(468)) - Creating Volume: volume69992, with user91475 as owner and space quota set to -1 bytes, counts quota set to -1
2022-07-30 01:53:01,898 [IPC Server handler 19 on default port 40433] INFO  volume.OMVolumeCreateRequest (OMVolumeCreateRequest.java:validateAndUpdateCache(195)) - created volume:volume69992 for user:user91475
2022-07-30 01:53:01,904 [Time-limited test] INFO  rpc.RpcClient (RpcClient.java:createBucket(671)) - Creating Bucket: volume69992/bucket42764, with bucket layout LEGACY, runner as owner, Versioning false, Storage Type set to DISK and Encryption set to false 
2022-07-30 01:53:01,905 [IPC Server handler 9 on default port 40433] INFO  bucket.OMBucketCreateRequest (OMBucketCreateRequest.java:validateAndUpdateCache(260)) - created bucket: bucket42764 of layout LEGACY in volume: volume69992
2022-07-30 01:53:02,130 [8f5c3faa-f143-4f3c-a1d4-a848eac4f418@group-8EC71B74F447-FollowerState] INFO  impl.FollowerState (FollowerState.java:run(143)) - 8f5c3faa-f143-4f3c-a1d4-a848eac4f418@group-8EC71B74F447-FollowerState: change to CANDIDATE, lastRpcElapsedTime:5040696574ns, electionTimeout:5039ms
2022-07-30 01:53:02,130 [8f5c3faa-f143-4f3c-a1d4-a848eac4f418@group-8EC71B74F447-FollowerState] INFO  impl.RoleInfo (RoleInfo.java:shutdownFollowerState(110)) - 8f5c3faa-f143-4f3c-a1d4-a848eac4f418: shutdown 8f5c3faa-f143-4f3c-a1d4-a848eac4f418@group-8EC71B74F447-FollowerState
2022-07-30 01:53:02,130 [8f5c3faa-f143-4f3c-a1d4-a848eac4f418@group-8EC71B74F447-FollowerState] INFO  server.RaftServer$Division (RaftServerImpl.java:setRole(299)) - 8f5c3faa-f143-4f3c-a1d4-a848eac4f418@group-8EC71B74F447: changes role from  FOLLOWER to CANDIDATE at term 2 for changeToCandidate
2022-07-30 01:53:02,130 [8f5c3faa-f143-4f3c-a1d4-a848eac4f418@group-8EC71B74F447-FollowerState] INFO  server.RaftServerConfigKeys (ConfUtils.java:logGet(46)) - raft.server.leaderelection.pre-vote = false (custom)
2022-07-30 01:53:02,130 [8f5c3faa-f143-4f3c-a1d4-a848eac4f418@group-8EC71B74F447-FollowerState] INFO  impl.RoleInfo (RoleInfo.java:updateAndGet(139)) - 8f5c3faa-f143-4f3c-a1d4-a848eac4f418: start 8f5c3faa-f143-4f3c-a1d4-a848eac4f418@group-8EC71B74F447-LeaderElection68
2022-07-30 01:53:02,157 [8f5c3faa-f143-4f3c-a1d4-a848eac4f418@group-8EC71B74F447-LeaderElection68] INFO  impl.LeaderElection (LeaderElection.java:askForVotes(310)) - 8f5c3faa-f143-4f3c-a1d4-a848eac4f418@group-8EC71B74F447-LeaderElection68 ELECTION round 0: submit vote requests at term 3 for -1: [65c0e71a-8f9a-4866-86b4-013512fa0d07|rpc:10.1.0.37:46743|priority:0, 8f5c3faa-f143-4f3c-a1d4-a848eac4f418|rpc:10.1.0.37:44703|priority:0, 1c5a9a78-c73d-49f5-a922-d91982043581|rpc:10.1.0.37:34069|priority:1], old=null
2022-07-30 01:53:02,174 [grpc-default-executor-3] INFO  server.RaftServer$Division (RaftServerImpl.java:requestVote(1152)) - 65c0e71a-8f9a-4866-86b4-013512fa0d07@group-8EC71B74F447: receive requestVote(ELECTION, 8f5c3faa-f143-4f3c-a1d4-a848eac4f418, group-8EC71B74F447, 3, (t:0, i:0))
2022-07-30 01:53:02,174 [grpc-default-executor-3] INFO  impl.VoteContext (VoteContext.java:log(48)) - 65c0e71a-8f9a-4866-86b4-013512fa0d07@group-8EC71B74F447-FOLLOWER: accept ELECTION from 8f5c3faa-f143-4f3c-a1d4-a848eac4f418: our priority 0 <= candidate's priority 0
2022-07-30 01:53:02,174 [grpc-default-executor-3] INFO  server.RaftServer$Division (RaftServerImpl.java:setRole(299)) - 65c0e71a-8f9a-4866-86b4-013512fa0d07@group-8EC71B74F447: changes role from  FOLLOWER to FOLLOWER at term 3 for candidate:8f5c3faa-f143-4f3c-a1d4-a848eac4f418
2022-07-30 01:53:02,174 [grpc-default-executor-3] INFO  impl.RoleInfo (RoleInfo.java:shutdownFollowerState(110)) - 65c0e71a-8f9a-4866-86b4-013512fa0d07: shutdown 65c0e71a-8f9a-4866-86b4-013512fa0d07@group-8EC71B74F447-FollowerState
2022-07-30 01:53:02,174 [grpc-default-executor-3] INFO  impl.RoleInfo (RoleInfo.java:updateAndGet(139)) - 65c0e71a-8f9a-4866-86b4-013512fa0d07: start 65c0e71a-8f9a-4866-86b4-013512fa0d07@group-8EC71B74F447-FollowerState
2022-07-30 01:53:02,174 [grpc-default-executor-0] INFO  server.RaftServer$Division (RaftServerImpl.java:requestVote(1152)) - 1c5a9a78-c73d-49f5-a922-d91982043581@group-8EC71B74F447: receive requestVote(ELECTION, 8f5c3faa-f143-4f3c-a1d4-a848eac4f418, group-8EC71B74F447, 3, (t:0, i:0))
2022-07-30 01:53:02,174 [grpc-default-executor-0] INFO  impl.VoteContext (VoteContext.java:log(48)) - 1c5a9a78-c73d-49f5-a922-d91982043581@group-8EC71B74F447-FOLLOWER: reject ELECTION from 8f5c3faa-f143-4f3c-a1d4-a848eac4f418: our priority 1 > candidate's priority 0
2022-07-30 01:53:02,174 [grpc-default-executor-0] INFO  server.RaftServer$Division (RaftServerImpl.java:setRole(299)) - 1c5a9a78-c73d-49f5-a922-d91982043581@group-8EC71B74F447: changes role from  FOLLOWER to FOLLOWER at term 3 for candidate:8f5c3faa-f143-4f3c-a1d4-a848eac4f418
2022-07-30 01:53:02,174 [grpc-default-executor-0] INFO  impl.RoleInfo (RoleInfo.java:shutdownFollowerState(110)) - 1c5a9a78-c73d-49f5-a922-d91982043581: shutdown 1c5a9a78-c73d-49f5-a922-d91982043581@group-8EC71B74F447-FollowerState
2022-07-30 01:53:02,174 [65c0e71a-8f9a-4866-86b4-013512fa0d07@group-8EC71B74F447-FollowerState] INFO  impl.FollowerState (FollowerState.java:run(152)) - 65c0e71a-8f9a-4866-86b4-013512fa0d07@group-8EC71B74F447-FollowerState was interrupted
2022-07-30 01:53:02,186 [grpc-default-executor-3] INFO  server.RaftServer$Division (RaftServerImpl.java:requestVote(1184)) - 65c0e71a-8f9a-4866-86b4-013512fa0d07@group-8EC71B74F447 replies to ELECTION vote request: 8f5c3faa-f143-4f3c-a1d4-a848eac4f418<-65c0e71a-8f9a-4866-86b4-013512fa0d07#0:OK-t3. Peer's state: 65c0e71a-8f9a-4866-86b4-013512fa0d07@group-8EC71B74F447:t3, leader=null, voted=8f5c3faa-f143-4f3c-a1d4-a848eac4f418, raftlog=65c0e71a-8f9a-4866-86b4-013512fa0d07@group-8EC71B74F447-SegmentedRaftLog:OPENED:c-1, conf=-1: [65c0e71a-8f9a-4866-86b4-013512fa0d07|rpc:10.1.0.37:46743|dataStream:|priority:0, 8f5c3faa-f143-4f3c-a1d4-a848eac4f418|rpc:10.1.0.37:44703|dataStream:|priority:0, 1c5a9a78-c73d-49f5-a922-d91982043581|rpc:10.1.0.37:34069|dataStream:|priority:1], old=null
2022-07-30 01:53:02,209 [grpc-default-executor-0] INFO  impl.RoleInfo (RoleInfo.java:updateAndGet(139)) - 1c5a9a78-c73d-49f5-a922-d91982043581: start 1c5a9a78-c73d-49f5-a922-d91982043581@group-8EC71B74F447-FollowerState
2022-07-30 01:53:02,209 [1c5a9a78-c73d-49f5-a922-d91982043581@group-8EC71B74F447-FollowerState] INFO  impl.FollowerState (FollowerState.java:run(152)) - 1c5a9a78-c73d-49f5-a922-d91982043581@group-8EC71B74F447-FollowerState was interrupted
2022-07-30 01:53:02,210 [grpc-default-executor-0] INFO  server.RaftServer$Division (RaftServerImpl.java:requestVote(1184)) - 1c5a9a78-c73d-49f5-a922-d91982043581@group-8EC71B74F447 replies to ELECTION vote request: 8f5c3faa-f143-4f3c-a1d4-a848eac4f418<-1c5a9a78-c73d-49f5-a922-d91982043581#0:FAIL-t3. Peer's state: 1c5a9a78-c73d-49f5-a922-d91982043581@group-8EC71B74F447:t3, leader=null, voted=null, raftlog=1c5a9a78-c73d-49f5-a922-d91982043581@group-8EC71B74F447-SegmentedRaftLog:OPENED:c-1, conf=-1: [65c0e71a-8f9a-4866-86b4-013512fa0d07|rpc:10.1.0.37:46743|dataStream:|priority:0, 8f5c3faa-f143-4f3c-a1d4-a848eac4f418|rpc:10.1.0.37:44703|dataStream:|priority:0, 1c5a9a78-c73d-49f5-a922-d91982043581|rpc:10.1.0.37:34069|dataStream:|priority:1], old=null
2022-07-30 01:53:02,211 [8f5c3faa-f143-4f3c-a1d4-a848eac4f418@group-8EC71B74F447-LeaderElection68] INFO  impl.LeaderElection (LeaderElection.java:logAndReturn(90)) - 8f5c3faa-f143-4f3c-a1d4-a848eac4f418@group-8EC71B74F447-LeaderElection68: ELECTION REJECTED received 2 response(s) and 0 exception(s):
2022-07-30 01:53:02,211 [8f5c3faa-f143-4f3c-a1d4-a848eac4f418@group-8EC71B74F447-LeaderElection68] INFO  impl.LeaderElection (LeaderElection.java:logAndReturn(94)) -   Response 0: 8f5c3faa-f143-4f3c-a1d4-a848eac4f418<-65c0e71a-8f9a-4866-86b4-013512fa0d07#0:OK-t3
2022-07-30 01:53:02,211 [8f5c3faa-f143-4f3c-a1d4-a848eac4f418@group-8EC71B74F447-LeaderElection68] INFO  impl.LeaderElection (LeaderElection.java:logAndReturn(94)) -   Response 1: 8f5c3faa-f143-4f3c-a1d4-a848eac4f418<-1c5a9a78-c73d-49f5-a922-d91982043581#0:FAIL-t3
2022-07-30 01:53:02,211 [8f5c3faa-f143-4f3c-a1d4-a848eac4f418@group-8EC71B74F447-LeaderElection68] INFO  impl.LeaderElection (LeaderElection.java:askForVotes(312)) - 8f5c3faa-f143-4f3c-a1d4-a848eac4f418@group-8EC71B74F447-LeaderElection68 ELECTION round 0: result REJECTED
2022-07-30 01:53:02,211 [8f5c3faa-f143-4f3c-a1d4-a848eac4f418@group-8EC71B74F447-LeaderElection68] INFO  server.RaftServer$Division (RaftServerImpl.java:setRole(299)) - 8f5c3faa-f143-4f3c-a1d4-a848eac4f418@group-8EC71B74F447: changes role from CANDIDATE to FOLLOWER at term 3 for REJECTED
2022-07-30 01:53:02,211 [8f5c3faa-f143-4f3c-a1d4-a848eac4f418@group-8EC71B74F447-LeaderElection68] INFO  impl.RoleInfo (RoleInfo.java:shutdownLeaderElection(130)) - 8f5c3faa-f143-4f3c-a1d4-a848eac4f418: shutdown 8f5c3faa-f143-4f3c-a1d4-a848eac4f418@group-8EC71B74F447-LeaderElection68
2022-07-30 01:53:02,211 [8f5c3faa-f143-4f3c-a1d4-a848eac4f418@group-8EC71B74F447-LeaderElection68] INFO  impl.RoleInfo (RoleInfo.java:updateAndGet(139)) - 8f5c3faa-f143-4f3c-a1d4-a848eac4f418: start 8f5c3faa-f143-4f3c-a1d4-a848eac4f418@group-8EC71B74F447-FollowerState
2022-07-30 01:53:03,304 [UnderReplicatedQueueThreadThread] INFO  replication.UnderReplicatedProcessor (UnderReplicatedProcessor.java:processAll(85)) - Processed 0 under replicated containers, failed processing 0
2022-07-30 01:53:03,305 [OverReplicatedQueueThreadThread] INFO  replication.OverReplicatedProcessor (OverReplicatedProcessor.java:processAll(83)) - Processed 0 over replicated containers, failed processing 0
2022-07-30 01:53:05,825 [OverReplicatedQueueThreadThread] INFO  replication.OverReplicatedProcessor (OverReplicatedProcessor.java:processAll(83)) - Processed 0 over replicated containers, failed processing 0
2022-07-30 01:53:05,827 [UnderReplicatedQueueThreadThread] INFO  replication.UnderReplicatedProcessor (UnderReplicatedProcessor.java:processAll(85)) - Processed 0 under replicated containers, failed processing 0
2022-07-30 01:53:06,178 [UnderReplicatedQueueThreadThread] INFO  replication.UnderReplicatedProcessor (UnderReplicatedProcessor.java:processAll(85)) - Processed 0 under replicated containers, failed processing 0
2022-07-30 01:53:06,181 [OverReplicatedQueueThreadThread] INFO  replication.OverReplicatedProcessor (OverReplicatedProcessor.java:processAll(83)) - Processed 0 over replicated containers, failed processing 0
2022-07-30 01:53:07,372 [8f5c3faa-f143-4f3c-a1d4-a848eac4f418@group-8EC71B74F447-FollowerState] INFO  impl.FollowerState (FollowerState.java:run(143)) - 8f5c3faa-f143-4f3c-a1d4-a848eac4f418@group-8EC71B74F447-FollowerState: change to CANDIDATE, lastRpcElapsedTime:5160372563ns, electionTimeout:5146ms
2022-07-30 01:53:07,372 [8f5c3faa-f143-4f3c-a1d4-a848eac4f418@group-8EC71B74F447-FollowerState] INFO  impl.RoleInfo (RoleInfo.java:shutdownFollowerState(110)) - 8f5c3faa-f143-4f3c-a1d4-a848eac4f418: shutdown 8f5c3faa-f143-4f3c-a1d4-a848eac4f418@group-8EC71B74F447-FollowerState
2022-07-30 01:53:07,372 [8f5c3faa-f143-4f3c-a1d4-a848eac4f418@group-8EC71B74F447-FollowerState] INFO  server.RaftServer$Division (RaftServerImpl.java:setRole(299)) - 8f5c3faa-f143-4f3c-a1d4-a848eac4f418@group-8EC71B74F447: changes role from  FOLLOWER to CANDIDATE at term 3 for changeToCandidate
2022-07-30 01:53:07,372 [8f5c3faa-f143-4f3c-a1d4-a848eac4f418@group-8EC71B74F447-FollowerState] INFO  server.RaftServerConfigKeys (ConfUtils.java:logGet(46)) - raft.server.leaderelection.pre-vote = false (custom)
2022-07-30 01:53:07,372 [8f5c3faa-f143-4f3c-a1d4-a848eac4f418@group-8EC71B74F447-FollowerState] INFO  impl.RoleInfo (RoleInfo.java:updateAndGet(139)) - 8f5c3faa-f143-4f3c-a1d4-a848eac4f418: start 8f5c3faa-f143-4f3c-a1d4-a848eac4f418@group-8EC71B74F447-LeaderElection69
2022-07-30 01:53:07,420 [1c5a9a78-c73d-49f5-a922-d91982043581@group-8EC71B74F447-FollowerState] INFO  impl.FollowerState (FollowerState.java:run(143)) - 1c5a9a78-c73d-49f5-a922-d91982043581@group-8EC71B74F447-FollowerState: change to CANDIDATE, lastRpcElapsedTime:5211554312ns, electionTimeout:5167ms
2022-07-30 01:53:07,420 [1c5a9a78-c73d-49f5-a922-d91982043581@group-8EC71B74F447-FollowerState] INFO  impl.RoleInfo (RoleInfo.java:shutdownFollowerState(110)) - 1c5a9a78-c73d-49f5-a922-d91982043581: shutdown 1c5a9a78-c73d-49f5-a922-d91982043581@group-8EC71B74F447-FollowerState
2022-07-30 01:53:07,420 [1c5a9a78-c73d-49f5-a922-d91982043581@group-8EC71B74F447-FollowerState] INFO  server.RaftServer$Division (RaftServerImpl.java:setRole(299)) - 1c5a9a78-c73d-49f5-a922-d91982043581@group-8EC71B74F447: changes role from  FOLLOWER to CANDIDATE at term 3 for changeToCandidate
2022-07-30 01:53:07,421 [1c5a9a78-c73d-49f5-a922-d91982043581@group-8EC71B74F447-FollowerState] INFO  server.RaftServerConfigKeys (ConfUtils.java:logGet(46)) - raft.server.leaderelection.pre-vote = false (custom)
2022-07-30 01:53:07,421 [1c5a9a78-c73d-49f5-a922-d91982043581@group-8EC71B74F447-FollowerState] INFO  impl.RoleInfo (RoleInfo.java:updateAndGet(139)) - 1c5a9a78-c73d-49f5-a922-d91982043581: start 1c5a9a78-c73d-49f5-a922-d91982043581@group-8EC71B74F447-LeaderElection70
2022-07-30 01:53:07,422 [8f5c3faa-f143-4f3c-a1d4-a848eac4f418@group-8EC71B74F447-LeaderElection69] INFO  impl.LeaderElection (LeaderElection.java:askForVotes(310)) - 8f5c3faa-f143-4f3c-a1d4-a848eac4f418@group-8EC71B74F447-LeaderElection69 ELECTION round 0: submit vote requests at term 4 for -1: [65c0e71a-8f9a-4866-86b4-013512fa0d07|rpc:10.1.0.37:46743|priority:0, 8f5c3faa-f143-4f3c-a1d4-a848eac4f418|rpc:10.1.0.37:44703|priority:0, 1c5a9a78-c73d-49f5-a922-d91982043581|rpc:10.1.0.37:34069|priority:1], old=null
2022-07-30 01:53:07,461 [1c5a9a78-c73d-49f5-a922-d91982043581@group-8EC71B74F447-LeaderElection70] INFO  impl.LeaderElection (LeaderElection.java:askForVotes(310)) - 1c5a9a78-c73d-49f5-a922-d91982043581@group-8EC71B74F447-LeaderElection70 ELECTION round 0: submit vote requests at term 4 for -1: [65c0e71a-8f9a-4866-86b4-013512fa0d07|rpc:10.1.0.37:46743|dataStream:|priority:0, 8f5c3faa-f143-4f3c-a1d4-a848eac4f418|rpc:10.1.0.37:44703|dataStream:|priority:0, 1c5a9a78-c73d-49f5-a922-d91982043581|rpc:10.1.0.37:34069|dataStream:|priority:1], old=null
2022-07-30 01:53:07,593 [grpc-default-executor-0] INFO  server.RaftServer$Division (RaftServerImpl.java:requestVote(1152)) - 65c0e71a-8f9a-4866-86b4-013512fa0d07@group-8EC71B74F447: receive requestVote(ELECTION, 8f5c3faa-f143-4f3c-a1d4-a848eac4f418, group-8EC71B74F447, 4, (t:0, i:0))
2022-07-30 01:53:07,593 [grpc-default-executor-0] INFO  impl.VoteContext (VoteContext.java:log(48)) - 65c0e71a-8f9a-4866-86b4-013512fa0d07@group-8EC71B74F447-FOLLOWER: accept ELECTION from 8f5c3faa-f143-4f3c-a1d4-a848eac4f418: our priority 0 <= candidate's priority 0
2022-07-30 01:53:07,593 [grpc-default-executor-0] INFO  server.RaftServer$Division (RaftServerImpl.java:setRole(299)) - 65c0e71a-8f9a-4866-86b4-013512fa0d07@group-8EC71B74F447: changes role from  FOLLOWER to FOLLOWER at term 4 for candidate:8f5c3faa-f143-4f3c-a1d4-a848eac4f418
2022-07-30 01:53:07,593 [grpc-default-executor-0] INFO  impl.RoleInfo (RoleInfo.java:shutdownFollowerState(110)) - 65c0e71a-8f9a-4866-86b4-013512fa0d07: shutdown 65c0e71a-8f9a-4866-86b4-013512fa0d07@group-8EC71B74F447-FollowerState
2022-07-30 01:53:07,593 [grpc-default-executor-0] INFO  impl.RoleInfo (RoleInfo.java:updateAndGet(139)) - 65c0e71a-8f9a-4866-86b4-013512fa0d07: start 65c0e71a-8f9a-4866-86b4-013512fa0d07@group-8EC71B74F447-FollowerState
2022-07-30 01:53:07,593 [grpc-default-executor-3] INFO  server.RaftServer$Division (RaftServerImpl.java:requestVote(1152)) - 65c0e71a-8f9a-4866-86b4-013512fa0d07@group-8EC71B74F447: receive requestVote(ELECTION, 1c5a9a78-c73d-49f5-a922-d91982043581, group-8EC71B74F447, 4, (t:0, i:0))
2022-07-30 01:53:07,594 [65c0e71a-8f9a-4866-86b4-013512fa0d07@group-8EC71B74F447-FollowerState] INFO  impl.FollowerState (FollowerState.java:run(152)) - 65c0e71a-8f9a-4866-86b4-013512fa0d07@group-8EC71B74F447-FollowerState was interrupted
2022-07-30 01:53:07,614 [grpc-default-executor-0] INFO  server.RaftServer$Division (RaftServerImpl.java:requestVote(1184)) - 65c0e71a-8f9a-4866-86b4-013512fa0d07@group-8EC71B74F447 replies to ELECTION vote request: 8f5c3faa-f143-4f3c-a1d4-a848eac4f418<-65c0e71a-8f9a-4866-86b4-013512fa0d07#0:OK-t4. Peer's state: 65c0e71a-8f9a-4866-86b4-013512fa0d07@group-8EC71B74F447:t4, leader=null, voted=8f5c3faa-f143-4f3c-a1d4-a848eac4f418, raftlog=65c0e71a-8f9a-4866-86b4-013512fa0d07@group-8EC71B74F447-SegmentedRaftLog:OPENED:c-1, conf=-1: [65c0e71a-8f9a-4866-86b4-013512fa0d07|rpc:10.1.0.37:46743|dataStream:|priority:0, 8f5c3faa-f143-4f3c-a1d4-a848eac4f418|rpc:10.1.0.37:44703|dataStream:|priority:0, 1c5a9a78-c73d-49f5-a922-d91982043581|rpc:10.1.0.37:34069|dataStream:|priority:1], old=null
2022-07-30 01:53:07,614 [grpc-default-executor-3] INFO  impl.VoteContext (VoteContext.java:log(48)) - 65c0e71a-8f9a-4866-86b4-013512fa0d07@group-8EC71B74F447-FOLLOWER: reject ELECTION from 1c5a9a78-c73d-49f5-a922-d91982043581: already has voted for 8f5c3faa-f143-4f3c-a1d4-a848eac4f418 at current term 4
2022-07-30 01:53:07,614 [grpc-default-executor-3] INFO  server.RaftServer$Division (RaftServerImpl.java:requestVote(1184)) - 65c0e71a-8f9a-4866-86b4-013512fa0d07@group-8EC71B74F447 replies to ELECTION vote request: 1c5a9a78-c73d-49f5-a922-d91982043581<-65c0e71a-8f9a-4866-86b4-013512fa0d07#0:FAIL-t4. Peer's state: 65c0e71a-8f9a-4866-86b4-013512fa0d07@group-8EC71B74F447:t4, leader=null, voted=8f5c3faa-f143-4f3c-a1d4-a848eac4f418, raftlog=65c0e71a-8f9a-4866-86b4-013512fa0d07@group-8EC71B74F447-SegmentedRaftLog:OPENED:c-1, conf=-1: [65c0e71a-8f9a-4866-86b4-013512fa0d07|rpc:10.1.0.37:46743|dataStream:|priority:0, 8f5c3faa-f143-4f3c-a1d4-a848eac4f418|rpc:10.1.0.37:44703|dataStream:|priority:0, 1c5a9a78-c73d-49f5-a922-d91982043581|rpc:10.1.0.37:34069|dataStream:|priority:1], old=null
2022-07-30 01:53:07,648 [grpc-default-executor-2] INFO  server.RaftServer$Division (RaftServerImpl.java:requestVote(1152)) - 1c5a9a78-c73d-49f5-a922-d91982043581@group-8EC71B74F447: receive requestVote(ELECTION, 8f5c3faa-f143-4f3c-a1d4-a848eac4f418, group-8EC71B74F447, 4, (t:0, i:0))
2022-07-30 01:53:07,648 [grpc-default-executor-2] INFO  impl.VoteContext (VoteContext.java:log(48)) - 1c5a9a78-c73d-49f5-a922-d91982043581@group-8EC71B74F447-CANDIDATE: reject ELECTION from 8f5c3faa-f143-4f3c-a1d4-a848eac4f418: already has voted for 1c5a9a78-c73d-49f5-a922-d91982043581 at current term 4
2022-07-30 01:53:07,649 [grpc-default-executor-2] INFO  server.RaftServer$Division (RaftServerImpl.java:requestVote(1184)) - 1c5a9a78-c73d-49f5-a922-d91982043581@group-8EC71B74F447 replies to ELECTION vote request: 8f5c3faa-f143-4f3c-a1d4-a848eac4f418<-1c5a9a78-c73d-49f5-a922-d91982043581#0:FAIL-t4. Peer's state: 1c5a9a78-c73d-49f5-a922-d91982043581@group-8EC71B74F447:t4, leader=null, voted=1c5a9a78-c73d-49f5-a922-d91982043581, raftlog=1c5a9a78-c73d-49f5-a922-d91982043581@group-8EC71B74F447-SegmentedRaftLog:OPENED:c-1, conf=-1: [65c0e71a-8f9a-4866-86b4-013512fa0d07|rpc:10.1.0.37:46743|dataStream:|priority:0, 8f5c3faa-f143-4f3c-a1d4-a848eac4f418|rpc:10.1.0.37:44703|dataStream:|priority:0, 1c5a9a78-c73d-49f5-a922-d91982043581|rpc:10.1.0.37:34069|dataStream:|priority:1], old=null
2022-07-30 01:53:07,649 [grpc-default-executor-0] INFO  server.RaftServer$Division (RaftServerImpl.java:requestVote(1152)) - 8f5c3faa-f143-4f3c-a1d4-a848eac4f418@group-8EC71B74F447: receive requestVote(ELECTION, 1c5a9a78-c73d-49f5-a922-d91982043581, group-8EC71B74F447, 4, (t:0, i:0))
2022-07-30 01:53:07,649 [grpc-default-executor-0] INFO  impl.VoteContext (VoteContext.java:log(48)) - 8f5c3faa-f143-4f3c-a1d4-a848eac4f418@group-8EC71B74F447-CANDIDATE: reject ELECTION from 1c5a9a78-c73d-49f5-a922-d91982043581: already has voted for 8f5c3faa-f143-4f3c-a1d4-a848eac4f418 at current term 4
2022-07-30 01:53:07,649 [grpc-default-executor-0] INFO  server.RaftServer$Division (RaftServerImpl.java:requestVote(1184)) - 8f5c3faa-f143-4f3c-a1d4-a848eac4f418@group-8EC71B74F447 replies to ELECTION vote request: 1c5a9a78-c73d-49f5-a922-d91982043581<-8f5c3faa-f143-4f3c-a1d4-a848eac4f418#0:FAIL-t4. Peer's state: 8f5c3faa-f143-4f3c-a1d4-a848eac4f418@group-8EC71B74F447:t4, leader=null, voted=8f5c3faa-f143-4f3c-a1d4-a848eac4f418, raftlog=8f5c3faa-f143-4f3c-a1d4-a848eac4f418@group-8EC71B74F447-SegmentedRaftLog:OPENED:c-1, conf=-1: [65c0e71a-8f9a-4866-86b4-013512fa0d07|rpc:10.1.0.37:46743|priority:0, 8f5c3faa-f143-4f3c-a1d4-a848eac4f418|rpc:10.1.0.37:44703|priority:0, 1c5a9a78-c73d-49f5-a922-d91982043581|rpc:10.1.0.37:34069|priority:1], old=null
2022-07-30 01:53:07,652 [8f5c3faa-f143-4f3c-a1d4-a848eac4f418@group-8EC71B74F447-LeaderElection69] INFO  impl.LeaderElection (LeaderElection.java:logAndReturn(90)) - 8f5c3faa-f143-4f3c-a1d4-a848eac4f418@group-8EC71B74F447-LeaderElection69: ELECTION REJECTED received 2 response(s) and 0 exception(s):
2022-07-30 01:53:07,652 [8f5c3faa-f143-4f3c-a1d4-a848eac4f418@group-8EC71B74F447-LeaderElection69] INFO  impl.LeaderElection (LeaderElection.java:logAndReturn(94)) -   Response 0: 8f5c3faa-f143-4f3c-a1d4-a848eac4f418<-65c0e71a-8f9a-4866-86b4-013512fa0d07#0:OK-t4
2022-07-30 01:53:07,652 [8f5c3faa-f143-4f3c-a1d4-a848eac4f418@group-8EC71B74F447-LeaderElection69] INFO  impl.LeaderElection (LeaderElection.java:logAndReturn(94)) -   Response 1: 8f5c3faa-f143-4f3c-a1d4-a848eac4f418<-1c5a9a78-c73d-49f5-a922-d91982043581#0:FAIL-t4
2022-07-30 01:53:07,652 [8f5c3faa-f143-4f3c-a1d4-a848eac4f418@group-8EC71B74F447-LeaderElection69] INFO  impl.LeaderElection (LeaderElection.java:askForVotes(312)) - 8f5c3faa-f143-4f3c-a1d4-a848eac4f418@group-8EC71B74F447-LeaderElection69 ELECTION round 0: result REJECTED
2022-07-30 01:53:07,652 [8f5c3faa-f143-4f3c-a1d4-a848eac4f418@group-8EC71B74F447-LeaderElection69] INFO  server.RaftServer$Division (RaftServerImpl.java:setRole(299)) - 8f5c3faa-f143-4f3c-a1d4-a848eac4f418@group-8EC71B74F447: changes role from CANDIDATE to FOLLOWER at term 4 for REJECTED
2022-07-30 01:53:07,652 [8f5c3faa-f143-4f3c-a1d4-a848eac4f418@group-8EC71B74F447-LeaderElection69] INFO  impl.RoleInfo (RoleInfo.java:shutdownLeaderElection(130)) - 8f5c3faa-f143-4f3c-a1d4-a848eac4f418: shutdown 8f5c3faa-f143-4f3c-a1d4-a848eac4f418@group-8EC71B74F447-LeaderElection69
2022-07-30 01:53:07,652 [8f5c3faa-f143-4f3c-a1d4-a848eac4f418@group-8EC71B74F447-LeaderElection69] INFO  impl.RoleInfo (RoleInfo.java:updateAndGet(139)) - 8f5c3faa-f143-4f3c-a1d4-a848eac4f418: start 8f5c3faa-f143-4f3c-a1d4-a848eac4f418@group-8EC71B74F447-FollowerState
2022-07-30 01:53:07,676 [1c5a9a78-c73d-49f5-a922-d91982043581@group-8EC71B74F447-LeaderElection70] INFO  impl.LeaderElection (LeaderElection.java:logAndReturn(90)) - 1c5a9a78-c73d-49f5-a922-d91982043581@group-8EC71B74F447-LeaderElection70: ELECTION REJECTED received 2 response(s) and 0 exception(s):
2022-07-30 01:53:07,676 [1c5a9a78-c73d-49f5-a922-d91982043581@group-8EC71B74F447-LeaderElection70] INFO  impl.LeaderElection (LeaderElection.java:logAndReturn(94)) -   Response 0: 1c5a9a78-c73d-49f5-a922-d91982043581<-65c0e71a-8f9a-4866-86b4-013512fa0d07#0:FAIL-t4
2022-07-30 01:53:07,676 [1c5a9a78-c73d-49f5-a922-d91982043581@group-8EC71B74F447-LeaderElection70] INFO  impl.LeaderElection (LeaderElection.java:logAndReturn(94)) -   Response 1: 1c5a9a78-c73d-49f5-a922-d91982043581<-8f5c3faa-f143-4f3c-a1d4-a848eac4f418#0:FAIL-t4
2022-07-30 01:53:07,676 [1c5a9a78-c73d-49f5-a922-d91982043581@group-8EC71B74F447-LeaderElection70] INFO  impl.LeaderElection (LeaderElection.java:askForVotes(312)) - 1c5a9a78-c73d-49f5-a922-d91982043581@group-8EC71B74F447-LeaderElection70 ELECTION round 0: result REJECTED
2022-07-30 01:53:07,676 [1c5a9a78-c73d-49f5-a922-d91982043581@group-8EC71B74F447-LeaderElection70] INFO  server.RaftServer$Division (RaftServerImpl.java:setRole(299)) - 1c5a9a78-c73d-49f5-a922-d91982043581@group-8EC71B74F447: changes role from CANDIDATE to FOLLOWER at term 4 for REJECTED
2022-07-30 01:53:07,676 [1c5a9a78-c73d-49f5-a922-d91982043581@group-8EC71B74F447-LeaderElection70] INFO  impl.RoleInfo (RoleInfo.java:shutdownLeaderElection(130)) - 1c5a9a78-c73d-49f5-a922-d91982043581: shutdown 1c5a9a78-c73d-49f5-a922-d91982043581@group-8EC71B74F447-LeaderElection70
2022-07-30 01:53:07,676 [1c5a9a78-c73d-49f5-a922-d91982043581@group-8EC71B74F447-LeaderElection70] INFO  impl.RoleInfo (RoleInfo.java:updateAndGet(139)) - 1c5a9a78-c73d-49f5-a922-d91982043581: start 1c5a9a78-c73d-49f5-a922-d91982043581@group-8EC71B74F447-FollowerState
2022-07-30 01:53:12,691 [8f5c3faa-f143-4f3c-a1d4-a848eac4f418@group-8EC71B74F447-FollowerState] INFO  impl.FollowerState (FollowerState.java:run(143)) - 8f5c3faa-f143-4f3c-a1d4-a848eac4f418@group-8EC71B74F447-FollowerState: change to CANDIDATE, lastRpcElapsedTime:5038771333ns, electionTimeout:5033ms
2022-07-30 01:53:12,691 [8f5c3faa-f143-4f3c-a1d4-a848eac4f418@group-8EC71B74F447-FollowerState] INFO  impl.RoleInfo (RoleInfo.java:shutdownFollowerState(110)) - 8f5c3faa-f143-4f3c-a1d4-a848eac4f418: shutdown 8f5c3faa-f143-4f3c-a1d4-a848eac4f418@group-8EC71B74F447-FollowerState
2022-07-30 01:53:12,691 [8f5c3faa-f143-4f3c-a1d4-a848eac4f418@group-8EC71B74F447-FollowerState] INFO  server.RaftServer$Division (RaftServerImpl.java:setRole(299)) - 8f5c3faa-f143-4f3c-a1d4-a848eac4f418@group-8EC71B74F447: changes role from  FOLLOWER to CANDIDATE at term 4 for changeToCandidate
2022-07-30 01:53:12,691 [8f5c3faa-f143-4f3c-a1d4-a848eac4f418@group-8EC71B74F447-FollowerState] INFO  server.RaftServerConfigKeys (ConfUtils.java:logGet(46)) - raft.server.leaderelection.pre-vote = false (custom)
2022-07-30 01:53:12,691 [8f5c3faa-f143-4f3c-a1d4-a848eac4f418@group-8EC71B74F447-FollowerState] INFO  impl.RoleInfo (RoleInfo.java:updateAndGet(139)) - 8f5c3faa-f143-4f3c-a1d4-a848eac4f418: start 8f5c3faa-f143-4f3c-a1d4-a848eac4f418@group-8EC71B74F447-LeaderElection71
2022-07-30 01:53:12,733 [8f5c3faa-f143-4f3c-a1d4-a848eac4f418@group-8EC71B74F447-LeaderElection71] INFO  impl.LeaderElection (LeaderElection.java:askForVotes(310)) - 8f5c3faa-f143-4f3c-a1d4-a848eac4f418@group-8EC71B74F447-LeaderElection71 ELECTION round 0: submit vote requests at term 5 for -1: [65c0e71a-8f9a-4866-86b4-013512fa0d07|rpc:10.1.0.37:46743|priority:0, 8f5c3faa-f143-4f3c-a1d4-a848eac4f418|rpc:10.1.0.37:44703|priority:0, 1c5a9a78-c73d-49f5-a922-d91982043581|rpc:10.1.0.37:34069|priority:1], old=null
2022-07-30 01:53:12,745 [grpc-default-executor-2] INFO  server.RaftServer$Division (RaftServerImpl.java:requestVote(1152)) - 65c0e71a-8f9a-4866-86b4-013512fa0d07@group-8EC71B74F447: receive requestVote(ELECTION, 8f5c3faa-f143-4f3c-a1d4-a848eac4f418, group-8EC71B74F447, 5, (t:0, i:0))
2022-07-30 01:53:12,745 [grpc-default-executor-2] INFO  impl.VoteContext (VoteContext.java:log(48)) - 65c0e71a-8f9a-4866-86b4-013512fa0d07@group-8EC71B74F447-FOLLOWER: accept ELECTION from 8f5c3faa-f143-4f3c-a1d4-a848eac4f418: our priority 0 <= candidate's priority 0
2022-07-30 01:53:12,745 [grpc-default-executor-2] INFO  server.RaftServer$Division (RaftServerImpl.java:setRole(299)) - 65c0e71a-8f9a-4866-86b4-013512fa0d07@group-8EC71B74F447: changes role from  FOLLOWER to FOLLOWER at term 5 for candidate:8f5c3faa-f143-4f3c-a1d4-a848eac4f418
2022-07-30 01:53:12,745 [grpc-default-executor-2] INFO  impl.RoleInfo (RoleInfo.java:shutdownFollowerState(110)) - 65c0e71a-8f9a-4866-86b4-013512fa0d07: shutdown 65c0e71a-8f9a-4866-86b4-013512fa0d07@group-8EC71B74F447-FollowerState
2022-07-30 01:53:12,745 [grpc-default-executor-2] INFO  impl.RoleInfo (RoleInfo.java:updateAndGet(139)) - 65c0e71a-8f9a-4866-86b4-013512fa0d07: start 65c0e71a-8f9a-4866-86b4-013512fa0d07@group-8EC71B74F447-FollowerState
2022-07-30 01:53:12,745 [65c0e71a-8f9a-4866-86b4-013512fa0d07@group-8EC71B74F447-FollowerState] INFO  impl.FollowerState (FollowerState.java:run(152)) - 65c0e71a-8f9a-4866-86b4-013512fa0d07@group-8EC71B74F447-FollowerState was interrupted
2022-07-30 01:53:12,748 [grpc-default-executor-2] INFO  server.RaftServer$Division (RaftServerImpl.java:requestVote(1184)) - 65c0e71a-8f9a-4866-86b4-013512fa0d07@group-8EC71B74F447 replies to ELECTION vote request: 8f5c3faa-f143-4f3c-a1d4-a848eac4f418<-65c0e71a-8f9a-4866-86b4-013512fa0d07#0:OK-t5. Peer's state: 65c0e71a-8f9a-4866-86b4-013512fa0d07@group-8EC71B74F447:t5, leader=null, voted=8f5c3faa-f143-4f3c-a1d4-a848eac4f418, raftlog=65c0e71a-8f9a-4866-86b4-013512fa0d07@group-8EC71B74F447-SegmentedRaftLog:OPENED:c-1, conf=-1: [65c0e71a-8f9a-4866-86b4-013512fa0d07|rpc:10.1.0.37:46743|dataStream:|priority:0, 8f5c3faa-f143-4f3c-a1d4-a848eac4f418|rpc:10.1.0.37:44703|dataStream:|priority:0, 1c5a9a78-c73d-49f5-a922-d91982043581|rpc:10.1.0.37:34069|dataStream:|priority:1], old=null
2022-07-30 01:53:12,767 [grpc-default-executor-2] INFO  server.RaftServer$Division (RaftServerImpl.java:requestVote(1152)) - 1c5a9a78-c73d-49f5-a922-d91982043581@group-8EC71B74F447: receive requestVote(ELECTION, 8f5c3faa-f143-4f3c-a1d4-a848eac4f418, group-8EC71B74F447, 5, (t:0, i:0))
2022-07-30 01:53:12,767 [grpc-default-executor-2] INFO  impl.VoteContext (VoteContext.java:log(48)) - 1c5a9a78-c73d-49f5-a922-d91982043581@group-8EC71B74F447-FOLLOWER: reject ELECTION from 8f5c3faa-f143-4f3c-a1d4-a848eac4f418: our priority 1 > candidate's priority 0
2022-07-30 01:53:12,767 [grpc-default-executor-2] INFO  server.RaftServer$Division (RaftServerImpl.java:setRole(299)) - 1c5a9a78-c73d-49f5-a922-d91982043581@group-8EC71B74F447: changes role from  FOLLOWER to FOLLOWER at term 5 for candidate:8f5c3faa-f143-4f3c-a1d4-a848eac4f418
2022-07-30 01:53:12,768 [grpc-default-executor-2] INFO  impl.RoleInfo (RoleInfo.java:shutdownFollowerState(110)) - 1c5a9a78-c73d-49f5-a922-d91982043581: shutdown 1c5a9a78-c73d-49f5-a922-d91982043581@group-8EC71B74F447-FollowerState
2022-07-30 01:53:12,768 [grpc-default-executor-2] INFO  impl.RoleInfo (RoleInfo.java:updateAndGet(139)) - 1c5a9a78-c73d-49f5-a922-d91982043581: start 1c5a9a78-c73d-49f5-a922-d91982043581@group-8EC71B74F447-FollowerState
2022-07-30 01:53:12,771 [1c5a9a78-c73d-49f5-a922-d91982043581@group-8EC71B74F447-FollowerState] INFO  impl.FollowerState (FollowerState.java:run(152)) - 1c5a9a78-c73d-49f5-a922-d91982043581@group-8EC71B74F447-FollowerState was interrupted
2022-07-30 01:53:12,782 [grpc-default-executor-2] INFO  server.RaftServer$Division (RaftServerImpl.java:requestVote(1184)) - 1c5a9a78-c73d-49f5-a922-d91982043581@group-8EC71B74F447 replies to ELECTION vote request: 8f5c3faa-f143-4f3c-a1d4-a848eac4f418<-1c5a9a78-c73d-49f5-a922-d91982043581#0:FAIL-t5. Peer's state: 1c5a9a78-c73d-49f5-a922-d91982043581@group-8EC71B74F447:t5, leader=null, voted=null, raftlog=1c5a9a78-c73d-49f5-a922-d91982043581@group-8EC71B74F447-SegmentedRaftLog:OPENED:c-1, conf=-1: [65c0e71a-8f9a-4866-86b4-013512fa0d07|rpc:10.1.0.37:46743|dataStream:|priority:0, 8f5c3faa-f143-4f3c-a1d4-a848eac4f418|rpc:10.1.0.37:44703|dataStream:|priority:0, 1c5a9a78-c73d-49f5-a922-d91982043581|rpc:10.1.0.37:34069|dataStream:|priority:1], old=null
2022-07-30 01:53:12,787 [8f5c3faa-f143-4f3c-a1d4-a848eac4f418@group-8EC71B74F447-LeaderElection71] INFO  impl.LeaderElection (LeaderElection.java:logAndReturn(90)) - 8f5c3faa-f143-4f3c-a1d4-a848eac4f418@group-8EC71B74F447-LeaderElection71: ELECTION REJECTED received 2 response(s) and 0 exception(s):
2022-07-30 01:53:12,787 [8f5c3faa-f143-4f3c-a1d4-a848eac4f418@group-8EC71B74F447-LeaderElection71] INFO  impl.LeaderElection (LeaderElection.java:logAndReturn(94)) -   Response 0: 8f5c3faa-f143-4f3c-a1d4-a848eac4f418<-65c0e71a-8f9a-4866-86b4-013512fa0d07#0:OK-t5
2022-07-30 01:53:12,787 [8f5c3faa-f143-4f3c-a1d4-a848eac4f418@group-8EC71B74F447-LeaderElection71] INFO  impl.LeaderElection (LeaderElection.java:logAndReturn(94)) -   Response 1: 8f5c3faa-f143-4f3c-a1d4-a848eac4f418<-1c5a9a78-c73d-49f5-a922-d91982043581#0:FAIL-t5
2022-07-30 01:53:12,788 [8f5c3faa-f143-4f3c-a1d4-a848eac4f418@group-8EC71B74F447-LeaderElection71] INFO  impl.LeaderElection (LeaderElection.java:askForVotes(312)) - 8f5c3faa-f143-4f3c-a1d4-a848eac4f418@group-8EC71B74F447-LeaderElection71 ELECTION round 0: result REJECTED
2022-07-30 01:53:12,788 [8f5c3faa-f143-4f3c-a1d4-a848eac4f418@group-8EC71B74F447-LeaderElection71] INFO  server.RaftServer$Division (RaftServerImpl.java:setRole(299)) - 8f5c3faa-f143-4f3c-a1d4-a848eac4f418@group-8EC71B74F447: changes role from CANDIDATE to FOLLOWER at term 5 for REJECTED
2022-07-30 01:53:12,788 [8f5c3faa-f143-4f3c-a1d4-a848eac4f418@group-8EC71B74F447-LeaderElection71] INFO  impl.RoleInfo (RoleInfo.java:shutdownLeaderElection(130)) - 8f5c3faa-f143-4f3c-a1d4-a848eac4f418: shutdown 8f5c3faa-f143-4f3c-a1d4-a848eac4f418@group-8EC71B74F447-LeaderElection71
2022-07-30 01:53:12,788 [8f5c3faa-f143-4f3c-a1d4-a848eac4f418@group-8EC71B74F447-LeaderElection71] INFO  impl.RoleInfo (RoleInfo.java:updateAndGet(139)) - 8f5c3faa-f143-4f3c-a1d4-a848eac4f418: start 8f5c3faa-f143-4f3c-a1d4-a848eac4f418@group-8EC71B74F447-FollowerState
2022-07-30 01:53:14,145 [UnderReplicatedQueueThreadThread] INFO  replication.UnderReplicatedProcessor (UnderReplicatedProcessor.java:processAll(85)) - Processed 0 under replicated containers, failed processing 0
2022-07-30 01:53:14,154 [OverReplicatedQueueThreadThread] INFO  replication.OverReplicatedProcessor (OverReplicatedProcessor.java:processAll(83)) - Processed 0 over replicated containers, failed processing 0
2022-07-30 01:53:17,822 [1c5a9a78-c73d-49f5-a922-d91982043581@group-8EC71B74F447-FollowerState] INFO  impl.FollowerState (FollowerState.java:run(143)) - 1c5a9a78-c73d-49f5-a922-d91982043581@group-8EC71B74F447-FollowerState: change to CANDIDATE, lastRpcElapsedTime:5054417664ns, electionTimeout:5000ms
2022-07-30 01:53:17,822 [1c5a9a78-c73d-49f5-a922-d91982043581@group-8EC71B74F447-FollowerState] INFO  impl.RoleInfo (RoleInfo.java:shutdownFollowerState(110)) - 1c5a9a78-c73d-49f5-a922-d91982043581: shutdown 1c5a9a78-c73d-49f5-a922-d91982043581@group-8EC71B74F447-FollowerState
2022-07-30 01:53:17,822 [1c5a9a78-c73d-49f5-a922-d91982043581@group-8EC71B74F447-FollowerState] INFO  server.RaftServer$Division (RaftServerImpl.java:setRole(299)) - 1c5a9a78-c73d-49f5-a922-d91982043581@group-8EC71B74F447: changes role from  FOLLOWER to CANDIDATE at term 5 for changeToCandidate
2022-07-30 01:53:17,822 [1c5a9a78-c73d-49f5-a922-d91982043581@group-8EC71B74F447-FollowerState] INFO  server.RaftServerConfigKeys (ConfUtils.java:logGet(46)) - raft.server.leaderelection.pre-vote = false (custom)
2022-07-30 01:53:17,822 [1c5a9a78-c73d-49f5-a922-d91982043581@group-8EC71B74F447-FollowerState] INFO  impl.RoleInfo (RoleInfo.java:updateAndGet(139)) - 1c5a9a78-c73d-49f5-a922-d91982043581: start 1c5a9a78-c73d-49f5-a922-d91982043581@group-8EC71B74F447-LeaderElection72
2022-07-30 01:53:17,870 [1c5a9a78-c73d-49f5-a922-d91982043581@group-8EC71B74F447-LeaderElection72] INFO  impl.LeaderElection (LeaderElection.java:askForVotes(310)) - 1c5a9a78-c73d-49f5-a922-d91982043581@group-8EC71B74F447-LeaderElection72 ELECTION round 0: submit vote requests at term 6 for -1: [65c0e71a-8f9a-4866-86b4-013512fa0d07|rpc:10.1.0.37:46743|dataStream:|priority:0, 8f5c3faa-f143-4f3c-a1d4-a848eac4f418|rpc:10.1.0.37:44703|dataStream:|priority:0, 1c5a9a78-c73d-49f5-a922-d91982043581|rpc:10.1.0.37:34069|dataStream:|priority:1], old=null
2022-07-30 01:53:17,876 [grpc-default-executor-2] INFO  server.RaftServer$Division (RaftServerImpl.java:requestVote(1152)) - 65c0e71a-8f9a-4866-86b4-013512fa0d07@group-8EC71B74F447: receive requestVote(ELECTION, 1c5a9a78-c73d-49f5-a922-d91982043581, group-8EC71B74F447, 6, (t:0, i:0))
2022-07-30 01:53:17,876 [grpc-default-executor-2] INFO  impl.VoteContext (VoteContext.java:log(48)) - 65c0e71a-8f9a-4866-86b4-013512fa0d07@group-8EC71B74F447-FOLLOWER: accept ELECTION from 1c5a9a78-c73d-49f5-a922-d91982043581: our priority 0 <= candidate's priority 1
2022-07-30 01:53:17,876 [grpc-default-executor-2] INFO  server.RaftServer$Division (RaftServerImpl.java:setRole(299)) - 65c0e71a-8f9a-4866-86b4-013512fa0d07@group-8EC71B74F447: changes role from  FOLLOWER to FOLLOWER at term 6 for candidate:1c5a9a78-c73d-49f5-a922-d91982043581
2022-07-30 01:53:17,876 [grpc-default-executor-2] INFO  impl.RoleInfo (RoleInfo.java:shutdownFollowerState(110)) - 65c0e71a-8f9a-4866-86b4-013512fa0d07: shutdown 65c0e71a-8f9a-4866-86b4-013512fa0d07@group-8EC71B74F447-FollowerState
2022-07-30 01:53:17,876 [grpc-default-executor-2] INFO  impl.RoleInfo (RoleInfo.java:updateAndGet(139)) - 65c0e71a-8f9a-4866-86b4-013512fa0d07: start 65c0e71a-8f9a-4866-86b4-013512fa0d07@group-8EC71B74F447-FollowerState
2022-07-30 01:53:17,876 [65c0e71a-8f9a-4866-86b4-013512fa0d07@group-8EC71B74F447-FollowerState] INFO  impl.FollowerState (FollowerState.java:run(152)) - 65c0e71a-8f9a-4866-86b4-013512fa0d07@group-8EC71B74F447-FollowerState was interrupted
2022-07-30 01:53:17,897 [grpc-default-executor-0] INFO  server.RaftServer$Division (RaftServerImpl.java:requestVote(1152)) - 8f5c3faa-f143-4f3c-a1d4-a848eac4f418@group-8EC71B74F447: receive requestVote(ELECTION, 1c5a9a78-c73d-49f5-a922-d91982043581, group-8EC71B74F447, 6, (t:0, i:0))
2022-07-30 01:53:17,897 [grpc-default-executor-0] INFO  impl.VoteContext (VoteContext.java:log(48)) - 8f5c3faa-f143-4f3c-a1d4-a848eac4f418@group-8EC71B74F447-FOLLOWER: accept ELECTION from 1c5a9a78-c73d-49f5-a922-d91982043581: our priority 0 <= candidate's priority 1
2022-07-30 01:53:17,897 [grpc-default-executor-0] INFO  server.RaftServer$Division (RaftServerImpl.java:setRole(299)) - 8f5c3faa-f143-4f3c-a1d4-a848eac4f418@group-8EC71B74F447: changes role from  FOLLOWER to FOLLOWER at term 6 for candidate:1c5a9a78-c73d-49f5-a922-d91982043581
2022-07-30 01:53:17,897 [grpc-default-executor-0] INFO  impl.RoleInfo (RoleInfo.java:shutdownFollowerState(110)) - 8f5c3faa-f143-4f3c-a1d4-a848eac4f418: shutdown 8f5c3faa-f143-4f3c-a1d4-a848eac4f418@group-8EC71B74F447-FollowerState
2022-07-30 01:53:17,897 [grpc-default-executor-0] INFO  impl.RoleInfo (RoleInfo.java:updateAndGet(139)) - 8f5c3faa-f143-4f3c-a1d4-a848eac4f418: start 8f5c3faa-f143-4f3c-a1d4-a848eac4f418@group-8EC71B74F447-FollowerState
2022-07-30 01:53:17,897 [8f5c3faa-f143-4f3c-a1d4-a848eac4f418@group-8EC71B74F447-FollowerState] INFO  impl.FollowerState (FollowerState.java:run(152)) - 8f5c3faa-f143-4f3c-a1d4-a848eac4f418@group-8EC71B74F447-FollowerState was interrupted
2022-07-30 01:53:17,900 [grpc-default-executor-0] INFO  server.RaftServer$Division (RaftServerImpl.java:requestVote(1184)) - 8f5c3faa-f143-4f3c-a1d4-a848eac4f418@group-8EC71B74F447 replies to ELECTION vote request: 1c5a9a78-c73d-49f5-a922-d91982043581<-8f5c3faa-f143-4f3c-a1d4-a848eac4f418#0:OK-t6. Peer's state: 8f5c3faa-f143-4f3c-a1d4-a848eac4f418@group-8EC71B74F447:t6, leader=null, voted=1c5a9a78-c73d-49f5-a922-d91982043581, raftlog=8f5c3faa-f143-4f3c-a1d4-a848eac4f418@group-8EC71B74F447-SegmentedRaftLog:OPENED:c-1, conf=-1: [65c0e71a-8f9a-4866-86b4-013512fa0d07|rpc:10.1.0.37:46743|priority:0, 8f5c3faa-f143-4f3c-a1d4-a848eac4f418|rpc:10.1.0.37:44703|priority:0, 1c5a9a78-c73d-49f5-a922-d91982043581|rpc:10.1.0.37:34069|priority:1], old=null
2022-07-30 01:53:17,905 [1c5a9a78-c73d-49f5-a922-d91982043581@group-8EC71B74F447-LeaderElection72] INFO  impl.LeaderElection (LeaderElection.java:logAndReturn(90)) - 1c5a9a78-c73d-49f5-a922-d91982043581@group-8EC71B74F447-LeaderElection72: ELECTION PASSED received 1 response(s) and 0 exception(s):
2022-07-30 01:53:17,905 [1c5a9a78-c73d-49f5-a922-d91982043581@group-8EC71B74F447-LeaderElection72] INFO  impl.LeaderElection (LeaderElection.java:logAndReturn(94)) -   Response 0: 1c5a9a78-c73d-49f5-a922-d91982043581<-8f5c3faa-f143-4f3c-a1d4-a848eac4f418#0:OK-t6
2022-07-30 01:53:17,905 [1c5a9a78-c73d-49f5-a922-d91982043581@group-8EC71B74F447-LeaderElection72] INFO  impl.LeaderElection (LeaderElection.java:askForVotes(312)) - 1c5a9a78-c73d-49f5-a922-d91982043581@group-8EC71B74F447-LeaderElection72 ELECTION round 0: result PASSED
2022-07-30 01:53:17,905 [1c5a9a78-c73d-49f5-a922-d91982043581@group-8EC71B74F447-LeaderElection72] INFO  impl.RoleInfo (RoleInfo.java:shutdownLeaderElection(130)) - 1c5a9a78-c73d-49f5-a922-d91982043581: shutdown 1c5a9a78-c73d-49f5-a922-d91982043581@group-8EC71B74F447-LeaderElection72
2022-07-30 01:53:17,905 [1c5a9a78-c73d-49f5-a922-d91982043581@group-8EC71B74F447-LeaderElection72] INFO  server.RaftServer$Division (RaftServerImpl.java:setRole(299)) - 1c5a9a78-c73d-49f5-a922-d91982043581@group-8EC71B74F447: changes role from CANDIDATE to LEADER at term 6 for changeToLeader
2022-07-30 01:53:17,905 [1c5a9a78-c73d-49f5-a922-d91982043581@group-8EC71B74F447-LeaderElection72] INFO  ratis.XceiverServerRatis (XceiverServerRatis.java:handleLeaderChangedNotification(863)) - Leader change notification received for group: group-8EC71B74F447 with new leaderId: 1c5a9a78-c73d-49f5-a922-d91982043581
2022-07-30 01:53:17,905 [1c5a9a78-c73d-49f5-a922-d91982043581@group-8EC71B74F447-LeaderElection72] INFO  server.RaftServer$Division (ServerState.java:setLeader(287)) - 1c5a9a78-c73d-49f5-a922-d91982043581@group-8EC71B74F447: change Leader from null to 1c5a9a78-c73d-49f5-a922-d91982043581 at term 6 for becomeLeader, leader elected after 31298ms
2022-07-30 01:53:17,905 [1c5a9a78-c73d-49f5-a922-d91982043581@group-8EC71B74F447-LeaderElection72] INFO  server.RaftServerConfigKeys (ConfUtils.java:logGet(46)) - raft.server.staging.catchup.gap = 1000 (default)
2022-07-30 01:53:17,905 [1c5a9a78-c73d-49f5-a922-d91982043581@group-8EC71B74F447-LeaderElection72] INFO  server.RaftServerConfigKeys (ConfUtils.java:logGet(46)) - raft.server.write.element-limit = 1024 (custom)
2022-07-30 01:53:17,905 [1c5a9a78-c73d-49f5-a922-d91982043581@group-8EC71B74F447-LeaderElection72] INFO  server.RaftServerConfigKeys (ConfUtils.java:logGet(46)) - raft.server.write.byte-limit = 1024 M (=1073741824) (custom)
2022-07-30 01:53:17,906 [1c5a9a78-c73d-49f5-a922-d91982043581@group-8EC71B74F447-LeaderElection72] INFO  server.RaftServerConfigKeys (ConfUtils.java:logGet(46)) - raft.server.watch.timeout = 180s (custom)
2022-07-30 01:53:17,906 [1c5a9a78-c73d-49f5-a922-d91982043581@group-8EC71B74F447-LeaderElection72] INFO  server.RaftServerConfigKeys (ConfUtils.java:logGet(46)) - raft.server.watch.timeout.denomination = 1s (default)
2022-07-30 01:53:17,906 [1c5a9a78-c73d-49f5-a922-d91982043581@group-8EC71B74F447-LeaderElection72] INFO  server.RaftServerConfigKeys (ConfUtils.java:logGet(46)) - raft.server.watch.element-limit = 65536 (default)
2022-07-30 01:53:17,906 [1c5a9a78-c73d-49f5-a922-d91982043581@group-8EC71B74F447-LeaderElection72] INFO  server.RaftServerConfigKeys (ConfUtils.java:logGet(46)) - raft.server.write.element-limit = 1024 (custom)
2022-07-30 01:53:17,906 [1c5a9a78-c73d-49f5-a922-d91982043581@group-8EC71B74F447-LeaderElection72] INFO  server.RaftServerConfigKeys (ConfUtils.java:logGet(46)) - raft.server.write.follower.gap.ratio.max = -1.0 (default)
2022-07-30 01:53:17,907 [1c5a9a78-c73d-49f5-a922-d91982043581@group-8EC71B74F447-LeaderElection72] INFO  server.RaftServerConfigKeys (ConfUtils.java:logGet(46)) - raft.server.log.appender.snapshot.chunk.size.max = 16MB (=16777216) (default)
2022-07-30 01:53:17,910 [1c5a9a78-c73d-49f5-a922-d91982043581@group-8EC71B74F447-LeaderElection72] INFO  server.RaftServerConfigKeys (ConfUtils.java:logGet(46)) - raft.server.log.appender.buffer.byte-limit = 33554432 (custom)
2022-07-30 01:53:17,910 [1c5a9a78-c73d-49f5-a922-d91982043581@group-8EC71B74F447-LeaderElection72] INFO  server.RaftServerConfigKeys (ConfUtils.java:logGet(46)) - raft.server.log.appender.buffer.element-limit = 1 (custom)
2022-07-30 01:53:17,910 [1c5a9a78-c73d-49f5-a922-d91982043581@group-8EC71B74F447-LeaderElection72] INFO  grpc.GrpcConfigKeys (ConfUtils.java:logGet(46)) - raft.grpc.server.leader.outstanding.appends.max = 128 (default)
2022-07-30 01:53:17,910 [1c5a9a78-c73d-49f5-a922-d91982043581@group-8EC71B74F447-LeaderElection72] INFO  server.RaftServerConfigKeys (ConfUtils.java:logGet(46)) - raft.server.rpc.request.timeout = 60s (custom)
2022-07-30 01:53:17,910 [1c5a9a78-c73d-49f5-a922-d91982043581@group-8EC71B74F447-LeaderElection72] INFO  server.RaftServerConfigKeys (ConfUtils.java:logGet(46)) - raft.server.log.appender.install.snapshot.enabled = false (custom)
2022-07-30 01:53:17,915 [grpc-default-executor-2] INFO  server.RaftServer$Division (RaftServerImpl.java:requestVote(1184)) - 65c0e71a-8f9a-4866-86b4-013512fa0d07@group-8EC71B74F447 replies to ELECTION vote request: 1c5a9a78-c73d-49f5-a922-d91982043581<-65c0e71a-8f9a-4866-86b4-013512fa0d07#0:OK-t6. Peer's state: 65c0e71a-8f9a-4866-86b4-013512fa0d07@group-8EC71B74F447:t6, leader=null, voted=1c5a9a78-c73d-49f5-a922-d91982043581, raftlog=65c0e71a-8f9a-4866-86b4-013512fa0d07@group-8EC71B74F447-SegmentedRaftLog:OPENED:c-1, conf=-1: [65c0e71a-8f9a-4866-86b4-013512fa0d07|rpc:10.1.0.37:46743|dataStream:|priority:0, 8f5c3faa-f143-4f3c-a1d4-a848eac4f418|rpc:10.1.0.37:44703|dataStream:|priority:0, 1c5a9a78-c73d-49f5-a922-d91982043581|rpc:10.1.0.37:34069|dataStream:|priority:1], old=null
2022-07-30 01:53:17,920 [EventQueue-PipelineReportForPipelineReportHandler] INFO  pipeline.PipelineManagerImpl (PipelineManagerImpl.java:openPipeline(367)) - Pipeline Pipeline[ Id: b76a3f20-9e11-4fd3-886a-8ec71b74f447, Nodes: 1c5a9a78-c73d-49f5-a922-d91982043581{ip: 10.1.0.37, host: fv-az297-62.nmf1rxwemy4u5di1sxxf4ejcwb.jx.internal.cloudapp.net, ports: [REPLICATION=42713, RATIS=34069, RATIS_ADMIN=34069, RATIS_SERVER=34069, STANDALONE=34363], networkLocation: /default-rack, certSerialId: null, persistedOpState: IN_SERVICE, persistedOpStateExpiryEpochSec: 0}8f5c3faa-f143-4f3c-a1d4-a848eac4f418{ip: 10.1.0.37, host: fv-az297-62.nmf1rxwemy4u5di1sxxf4ejcwb.jx.internal.cloudapp.net, ports: [REPLICATION=35023, RATIS=44703, RATIS_ADMIN=44703, RATIS_SERVER=44703, STANDALONE=35673], networkLocation: /default-rack, certSerialId: null, persistedOpState: IN_SERVICE, persistedOpStateExpiryEpochSec: 0}65c0e71a-8f9a-4866-86b4-013512fa0d07{ip: 10.1.0.37, host: fv-az297-62.nmf1rxwemy4u5di1sxxf4ejcwb.jx.internal.cloudapp.net, ports: [REPLICATION=41873, RATIS=46743, RATIS_ADMIN=46743, RATIS_SERVER=46743, STANDALONE=43849], networkLocation: /default-rack, certSerialId: null, persistedOpState: IN_SERVICE, persistedOpStateExpiryEpochSec: 0}, ReplicationConfig: RATIS/THREE, State:ALLOCATED, leaderId:1c5a9a78-c73d-49f5-a922-d91982043581, CreationTimestamp2022-07-30T01:52:45.252Z[Etc/UTC]] moved to OPEN state
2022-07-30 01:53:17,920 [1c5a9a78-c73d-49f5-a922-d91982043581@group-8EC71B74F447-LeaderElection72] INFO  server.RaftServerConfigKeys (ConfUtils.java:logGet(46)) - raft.server.log.appender.snapshot.chunk.size.max = 16MB (=16777216) (default)
2022-07-30 01:53:17,920 [1c5a9a78-c73d-49f5-a922-d91982043581@group-8EC71B74F447-LeaderElection72] INFO  server.RaftServerConfigKeys (ConfUtils.java:logGet(46)) - raft.server.log.appender.buffer.byte-limit = 33554432 (custom)
2022-07-30 01:53:17,920 [1c5a9a78-c73d-49f5-a922-d91982043581@group-8EC71B74F447-LeaderElection72] INFO  server.RaftServerConfigKeys (ConfUtils.java:logGet(46)) - raft.server.log.appender.buffer.element-limit = 1 (custom)
2022-07-30 01:53:17,920 [1c5a9a78-c73d-49f5-a922-d91982043581@group-8EC71B74F447-LeaderElection72] INFO  grpc.GrpcConfigKeys (ConfUtils.java:logGet(46)) - raft.grpc.server.leader.outstanding.appends.max = 128 (default)
2022-07-30 01:53:17,920 [1c5a9a78-c73d-49f5-a922-d91982043581@group-8EC71B74F447-LeaderElection72] INFO  server.RaftServerConfigKeys (ConfUtils.java:logGet(46)) - raft.server.rpc.request.timeout = 60s (custom)
2022-07-30 01:53:17,921 [1c5a9a78-c73d-49f5-a922-d91982043581@group-8EC71B74F447-LeaderElection72] INFO  server.RaftServerConfigKeys (ConfUtils.java:logGet(46)) - raft.server.log.appender.install.snapshot.enabled = false (custom)
2022-07-30 01:53:17,921 [1c5a9a78-c73d-49f5-a922-d91982043581@group-8EC71B74F447-LeaderElection72] INFO  impl.RoleInfo (RoleInfo.java:updateAndGet(139)) - 1c5a9a78-c73d-49f5-a922-d91982043581: start 1c5a9a78-c73d-49f5-a922-d91982043581@group-8EC71B74F447-LeaderStateImpl
2022-07-30 01:53:17,934 [1c5a9a78-c73d-49f5-a922-d91982043581@group-8EC71B74F447-LeaderElection72] INFO  segmented.SegmentedRaftLogWorker (SegmentedRaftLogWorker.java:startLogSegment(425)) - 1c5a9a78-c73d-49f5-a922-d91982043581@group-8EC71B74F447-SegmentedRaftLogWorker: Starting segment from index:0
2022-07-30 01:53:17,939 [1c5a9a78-c73d-49f5-a922-d91982043581@group-8EC71B74F447-SegmentedRaftLogWorker] INFO  segmented.SegmentedRaftLogWorker (SegmentedRaftLogWorker.java:execute(629)) - 1c5a9a78-c73d-49f5-a922-d91982043581@group-8EC71B74F447-SegmentedRaftLogWorker: created new log segment /home/runner/work/ozone/ozone/hadoop-ozone/integration-test/target/test-dir/MiniOzoneClusterImpl-bc8b033d-3bc2-4820-b618-97820f252933/datanode-2/data/ratis/b76a3f20-9e11-4fd3-886a-8ec71b74f447/current/log_inprogress_0
2022-07-30 01:53:17,983 [1c5a9a78-c73d-49f5-a922-d91982043581@group-8EC71B74F447-LeaderElection72] INFO  server.RaftServer$Division (ServerState.java:setRaftConf(393)) - 1c5a9a78-c73d-49f5-a922-d91982043581@group-8EC71B74F447: set configuration 0: [65c0e71a-8f9a-4866-86b4-013512fa0d07|rpc:10.1.0.37:46743|dataStream:|priority:0, 8f5c3faa-f143-4f3c-a1d4-a848eac4f418|rpc:10.1.0.37:44703|dataStream:|priority:0, 1c5a9a78-c73d-49f5-a922-d91982043581|rpc:10.1.0.37:34069|dataStream:|priority:1], old=null
2022-07-30 01:53:17,997 [8f5c3faa-f143-4f3c-a1d4-a848eac4f418-server-thread1] INFO  ratis.XceiverServerRatis (XceiverServerRatis.java:handleLeaderChangedNotification(863)) - Leader change notification received for group: group-8EC71B74F447 with new leaderId: 1c5a9a78-c73d-49f5-a922-d91982043581
2022-07-30 01:53:17,997 [8f5c3faa-f143-4f3c-a1d4-a848eac4f418-server-thread1] INFO  server.RaftServer$Division (ServerState.java:setLeader(287)) - 8f5c3faa-f143-4f3c-a1d4-a848eac4f418@group-8EC71B74F447: change Leader from null to 1c5a9a78-c73d-49f5-a922-d91982043581 at term 6 for appendEntries, leader elected after 31537ms
2022-07-30 01:53:18,002 [65c0e71a-8f9a-4866-86b4-013512fa0d07-server-thread1] INFO  ratis.XceiverServerRatis (XceiverServerRatis.java:handleLeaderChangedNotification(863)) - Leader change notification received for group: group-8EC71B74F447 with new leaderId: 1c5a9a78-c73d-49f5-a922-d91982043581
2022-07-30 01:53:18,058 [65c0e71a-8f9a-4866-86b4-013512fa0d07-server-thread1] INFO  server.RaftServer$Division (ServerState.java:setLeader(287)) - 65c0e71a-8f9a-4866-86b4-013512fa0d07@group-8EC71B74F447: change Leader from null to 1c5a9a78-c73d-49f5-a922-d91982043581 at term 6 for appendEntries, leader elected after 31214ms
2022-07-30 01:53:18,069 [65c0e71a-8f9a-4866-86b4-013512fa0d07-server-thread1] INFO  server.RaftServer$Division (ServerState.java:setRaftConf(393)) - 65c0e71a-8f9a-4866-86b4-013512fa0d07@group-8EC71B74F447: set configuration 0: [65c0e71a-8f9a-4866-86b4-013512fa0d07|rpc:10.1.0.37:46743|dataStream:|priority:0, 8f5c3faa-f143-4f3c-a1d4-a848eac4f418|rpc:10.1.0.37:44703|dataStream:|priority:0, 1c5a9a78-c73d-49f5-a922-d91982043581|rpc:10.1.0.37:34069|dataStream:|priority:1], old=null
2022-07-30 01:53:18,069 [65c0e71a-8f9a-4866-86b4-013512fa0d07-server-thread1] INFO  segmented.SegmentedRaftLogWorker (SegmentedRaftLogWorker.java:startLogSegment(425)) - 65c0e71a-8f9a-4866-86b4-013512fa0d07@group-8EC71B74F447-SegmentedRaftLogWorker: Starting segment from index:0
2022-07-30 01:53:18,071 [65c0e71a-8f9a-4866-86b4-013512fa0d07@group-8EC71B74F447-SegmentedRaftLogWorker] INFO  segmented.SegmentedRaftLogWorker (SegmentedRaftLogWorker.java:execute(629)) - 65c0e71a-8f9a-4866-86b4-013512fa0d07@group-8EC71B74F447-SegmentedRaftLogWorker: created new log segment /home/runner/work/ozone/ozone/hadoop-ozone/integration-test/target/test-dir/MiniOzoneClusterImpl-bc8b033d-3bc2-4820-b618-97820f252933/datanode-1/data/ratis/b76a3f20-9e11-4fd3-886a-8ec71b74f447/current/log_inprogress_0
2022-07-30 01:53:18,137 [8f5c3faa-f143-4f3c-a1d4-a848eac4f418-server-thread1] INFO  server.RaftServer$Division (ServerState.java:setRaftConf(393)) - 8f5c3faa-f143-4f3c-a1d4-a848eac4f418@group-8EC71B74F447: set configuration 0: [65c0e71a-8f9a-4866-86b4-013512fa0d07|rpc:10.1.0.37:46743|dataStream:|priority:0, 8f5c3faa-f143-4f3c-a1d4-a848eac4f418|rpc:10.1.0.37:44703|dataStream:|priority:0, 1c5a9a78-c73d-49f5-a922-d91982043581|rpc:10.1.0.37:34069|dataStream:|priority:1], old=null
2022-07-30 01:53:18,138 [8f5c3faa-f143-4f3c-a1d4-a848eac4f418-server-thread1] INFO  segmented.SegmentedRaftLogWorker (SegmentedRaftLogWorker.java:startLogSegment(425)) - 8f5c3faa-f143-4f3c-a1d4-a848eac4f418@group-8EC71B74F447-SegmentedRaftLogWorker: Starting segment from index:0
2022-07-30 01:53:18,142 [8f5c3faa-f143-4f3c-a1d4-a848eac4f418@group-8EC71B74F447-SegmentedRaftLogWorker] INFO  segmented.SegmentedRaftLogWorker (SegmentedRaftLogWorker.java:execute(629)) - 8f5c3faa-f143-4f3c-a1d4-a848eac4f418@group-8EC71B74F447-SegmentedRaftLogWorker: created new log segment /home/runner/work/ozone/ozone/hadoop-ozone/integration-test/target/test-dir/MiniOzoneClusterImpl-bc8b033d-3bc2-4820-b618-97820f252933/datanode-0/data/ratis/b76a3f20-9e11-4fd3-886a-8ec71b74f447/current/log_inprogress_0
2022-07-30 01:53:20,523 [OverReplicatedQueueThreadThread] INFO  replication.OverReplicatedProcessor (OverReplicatedProcessor.java:processAll(83)) - Processed 0 over replicated containers, failed processing 0
2022-07-30 01:53:20,525 [UnderReplicatedQueueThreadThread] INFO  replication.UnderReplicatedProcessor (UnderReplicatedProcessor.java:processAll(85)) - Processed 0 under replicated containers, failed processing 0
]]></system-out>
  </testcase>
  <testcase name="testRenameToDifferentBucket" classname="TestRootedOzoneFileSystem" time="0.074">
    <system-out><![CDATA[2022-07-30 01:48:01,196 [Time-limited test] INFO  rpc.RpcClient (RpcClient.java:createVolume(468)) - Creating Volume: volume56945, with user37893 as owner and space quota set to -1 bytes, counts quota set to -1
2022-07-30 01:48:01,198 [OM StateMachine ApplyTransaction Thread - 0] INFO  volume.OMVolumeCreateRequest (OMVolumeCreateRequest.java:validateAndUpdateCache(195)) - created volume:volume56945 for user:user37893
2022-07-30 01:48:01,202 [Time-limited test] INFO  rpc.RpcClient (RpcClient.java:createBucket(671)) - Creating Bucket: volume56945/bucket99490, with bucket layout LEGACY, runner as owner, Versioning false, Storage Type set to DISK and Encryption set to false 
2022-07-30 01:48:01,204 [OM StateMachine ApplyTransaction Thread - 0] INFO  bucket.OMBucketCreateRequest (OMBucketCreateRequest.java:validateAndUpdateCache(260)) - created bucket: bucket99490 of layout LEGACY in volume: volume56945
]]></system-out>
  </testcase>
  <testcase name="testRenameToDifferentBucket" classname="TestRootedOzoneFileSystem" time="0.092">
    <system-out><![CDATA[2022-07-30 01:49:17,736 [Time-limited test] INFO  rpc.RpcClient (RpcClient.java:createVolume(468)) - Creating Volume: volume59900, with user61403 as owner and space quota set to -1 bytes, counts quota set to -1
2022-07-30 01:49:17,739 [OM StateMachine ApplyTransaction Thread - 0] INFO  volume.OMVolumeCreateRequest (OMVolumeCreateRequest.java:validateAndUpdateCache(195)) - created volume:volume59900 for user:user61403
2022-07-30 01:49:17,757 [Time-limited test] INFO  rpc.RpcClient (RpcClient.java:createBucket(671)) - Creating Bucket: volume59900/bucket79831, with bucket layout LEGACY, runner as owner, Versioning false, Storage Type set to DISK and Encryption set to false 
2022-07-30 01:49:17,759 [OM StateMachine ApplyTransaction Thread - 0] INFO  bucket.OMBucketCreateRequest (OMBucketCreateRequest.java:validateAndUpdateCache(260)) - created bucket: bucket79831 of layout LEGACY in volume: volume59900
]]></system-out>
  </testcase>
  <testcase name="testRenameToDifferentBucket" classname="TestRootedOzoneFileSystem" time="0.094">
    <system-out><![CDATA[2022-07-30 01:50:33,182 [Time-limited test] INFO  rpc.RpcClient (RpcClient.java:createVolume(468)) - Creating Volume: volume92767, with user01198 as owner and space quota set to -1 bytes, counts quota set to -1
2022-07-30 01:50:33,186 [IPC Server handler 19 on default port 41659] INFO  volume.OMVolumeCreateRequest (OMVolumeCreateRequest.java:validateAndUpdateCache(195)) - created volume:volume92767 for user:user01198
2022-07-30 01:50:33,187 [Time-limited test] INFO  rpc.RpcClient (RpcClient.java:createBucket(671)) - Creating Bucket: volume92767/bucket96475, with bucket layout LEGACY, runner as owner, Versioning false, Storage Type set to DISK and Encryption set to false 
2022-07-30 01:50:33,187 [IPC Server handler 11 on default port 41659] INFO  bucket.OMBucketCreateRequest (OMBucketCreateRequest.java:validateAndUpdateCache(260)) - created bucket: bucket96475 of layout LEGACY in volume: volume92767
]]></system-out>
  </testcase>
  <testcase name="testRenameToDifferentBucket" classname="TestRootedOzoneFileSystem" time="0.143">
    <system-out><![CDATA[2022-07-30 01:52:02,687 [Time-limited test] INFO  rpc.RpcClient (RpcClient.java:createVolume(468)) - Creating Volume: volume98170, with user19837 as owner and space quota set to -1 bytes, counts quota set to -1
2022-07-30 01:52:02,688 [OM StateMachine ApplyTransaction Thread - 0] INFO  volume.OMVolumeCreateRequest (OMVolumeCreateRequest.java:validateAndUpdateCache(195)) - created volume:volume98170 for user:user19837
2022-07-30 01:52:02,689 [Time-limited test] INFO  rpc.RpcClient (RpcClient.java:createBucket(671)) - Creating Bucket: volume98170/bucket38347, with bucket layout LEGACY, runner as owner, Versioning false, Storage Type set to DISK and Encryption set to false 
2022-07-30 01:52:02,690 [OM StateMachine ApplyTransaction Thread - 0] INFO  bucket.OMBucketCreateRequest (OMBucketCreateRequest.java:validateAndUpdateCache(260)) - created bucket: bucket38347 of layout LEGACY in volume: volume98170
]]></system-out>
  </testcase>
  <testcase name="testRenameToDifferentBucket" classname="TestRootedOzoneFileSystem" time="0.124">
    <system-out><![CDATA[2022-07-30 01:53:25,172 [Time-limited test] INFO  rpc.RpcClient (RpcClient.java:createVolume(468)) - Creating Volume: volume52863, with user18965 as owner and space quota set to -1 bytes, counts quota set to -1
2022-07-30 01:53:25,173 [IPC Server handler 2 on default port 40433] INFO  volume.OMVolumeCreateRequest (OMVolumeCreateRequest.java:validateAndUpdateCache(195)) - created volume:volume52863 for user:user18965
2022-07-30 01:53:25,174 [Time-limited test] INFO  rpc.RpcClient (RpcClient.java:createBucket(671)) - Creating Bucket: volume52863/bucket28316, with bucket layout LEGACY, runner as owner, Versioning false, Storage Type set to DISK and Encryption set to false 
2022-07-30 01:53:25,174 [IPC Server handler 16 on default port 40433] INFO  bucket.OMBucketCreateRequest (OMBucketCreateRequest.java:validateAndUpdateCache(260)) - created bucket: bucket28316 of layout LEGACY in volume: volume52863
]]></system-out>
  </testcase>
  <testcase name="testBucketDefaultsShouldBeInheritedToFileForEC" classname="TestRootedOzoneFileSystem" time="0.549">
    <system-out><![CDATA[2022-07-30 01:48:01,252 [Time-limited test] INFO  rpc.RpcClient (RpcClient.java:createVolume(468)) - Creating Volume: volume38759, with user58102 as owner and space quota set to -1 bytes, counts quota set to -1
2022-07-30 01:48:01,259 [OM StateMachine ApplyTransaction Thread - 0] INFO  volume.OMVolumeCreateRequest (OMVolumeCreateRequest.java:validateAndUpdateCache(195)) - created volume:volume38759 for user:user58102
2022-07-30 01:48:01,264 [Time-limited test] INFO  rpc.RpcClient (RpcClient.java:createBucket(671)) - Creating Bucket: volume38759/bucket35946, with bucket layout LEGACY, runner as owner, Versioning false, Storage Type set to DISK and Encryption set to false 
2022-07-30 01:48:01,265 [OM StateMachine ApplyTransaction Thread - 0] INFO  bucket.OMBucketCreateRequest (OMBucketCreateRequest.java:validateAndUpdateCache(260)) - created bucket: bucket35946 of layout LEGACY in volume: volume38759
2022-07-30 01:48:01,285 [Time-limited test] INFO  rpc.RpcClient (RpcClient.java:createVolume(468)) - Creating Volume: 74ce5dc1-9392-4c60-a51a-fb3412f50b2e, with user54683 as owner and space quota set to -1 bytes, counts quota set to -1
2022-07-30 01:48:01,288 [OM StateMachine ApplyTransaction Thread - 0] INFO  volume.OMVolumeCreateRequest (OMVolumeCreateRequest.java:validateAndUpdateCache(195)) - created volume:74ce5dc1-9392-4c60-a51a-fb3412f50b2e for user:user54683
2022-07-30 01:48:01,292 [Time-limited test] INFO  rpc.RpcClient (RpcClient.java:createBucket(671)) - Creating Bucket: 74ce5dc1-9392-4c60-a51a-fb3412f50b2e/d68bcb00-c2a9-4dea-b68a-e42dfb3021fc, with bucket layout LEGACY, runner as owner, Versioning false, Storage Type set to DISK and Encryption set to false 
2022-07-30 01:48:01,296 [OM StateMachine ApplyTransaction Thread - 0] INFO  bucket.OMBucketCreateRequest (OMBucketCreateRequest.java:validateAndUpdateCache(260)) - created bucket: d68bcb00-c2a9-4dea-b68a-e42dfb3021fc of layout LEGACY in volume: 74ce5dc1-9392-4c60-a51a-fb3412f50b2e
2022-07-30 01:48:01,302 [IPC Server handler 15 on default port 34915] INFO  pipeline.PipelineStateManagerImpl (PipelineStateManagerImpl.java:addPipeline(103)) - Created pipeline Pipeline[ Id: caff63a0-5aa7-4116-a78a-da21238fa549, Nodes: 80984b04-daae-4601-a6da-1d0fb91944be{ip: 10.1.0.37, host: fv-az297-62.nmf1rxwemy4u5di1sxxf4ejcwb.jx.internal.cloudapp.net, ports: [REPLICATION=46353, RATIS=36247, RATIS_ADMIN=36247, RATIS_SERVER=36247, STANDALONE=37031], networkLocation: /default-rack, certSerialId: null, persistedOpState: null, persistedOpStateExpiryEpochSec: 0}2f82598e-6ad5-4b85-a1e1-fdafd308d280{ip: 10.1.0.37, host: fv-az297-62.nmf1rxwemy4u5di1sxxf4ejcwb.jx.internal.cloudapp.net, ports: [REPLICATION=37379, RATIS=45671, RATIS_ADMIN=45671, RATIS_SERVER=45671, STANDALONE=40131], networkLocation: /default-rack, certSerialId: null, persistedOpState: null, persistedOpStateExpiryEpochSec: 0}3b7c218c-5ec1-49c6-951e-2891968f85c7{ip: 10.1.0.37, host: fv-az297-62.nmf1rxwemy4u5di1sxxf4ejcwb.jx.internal.cloudapp.net, ports: [REPLICATION=34701, RATIS=34587, RATIS_ADMIN=34587, RATIS_SERVER=34587, STANDALONE=39201], networkLocation: /default-rack, certSerialId: null, persistedOpState: null, persistedOpStateExpiryEpochSec: 0}0f487d5e-71b7-4e1e-9748-4ae099f19241{ip: 10.1.0.37, host: fv-az297-62.nmf1rxwemy4u5di1sxxf4ejcwb.jx.internal.cloudapp.net, ports: [REPLICATION=40525, RATIS=42109, RATIS_ADMIN=42109, RATIS_SERVER=42109, STANDALONE=33799], networkLocation: /default-rack, certSerialId: null, persistedOpState: null, persistedOpStateExpiryEpochSec: 0}6021f7c2-427d-4cd8-a216-b0a112acbfad{ip: 10.1.0.37, host: fv-az297-62.nmf1rxwemy4u5di1sxxf4ejcwb.jx.internal.cloudapp.net, ports: [REPLICATION=34491, RATIS=41905, RATIS_ADMIN=41905, RATIS_SERVER=41905, STANDALONE=36869], networkLocation: /default-rack, certSerialId: null, persistedOpState: null, persistedOpStateExpiryEpochSec: 0}, ReplicationConfig: EC/ECReplicationConfig{data=3, parity=2, ecChunkSize=1024, codec=rs}, State:ALLOCATED, leaderId:, CreationTimestamp2022-07-30T01:48:01.301Z[Etc/UTC]].
2022-07-30 01:48:01,302 [IPC Server handler 15 on default port 34915] INFO  pipeline.PipelineManagerImpl (PipelineManagerImpl.java:openPipeline(367)) - Pipeline Pipeline[ Id: caff63a0-5aa7-4116-a78a-da21238fa549, Nodes: 80984b04-daae-4601-a6da-1d0fb91944be{ip: 10.1.0.37, host: fv-az297-62.nmf1rxwemy4u5di1sxxf4ejcwb.jx.internal.cloudapp.net, ports: [REPLICATION=46353, RATIS=36247, RATIS_ADMIN=36247, RATIS_SERVER=36247, STANDALONE=37031], networkLocation: /default-rack, certSerialId: null, persistedOpState: null, persistedOpStateExpiryEpochSec: 0}2f82598e-6ad5-4b85-a1e1-fdafd308d280{ip: 10.1.0.37, host: fv-az297-62.nmf1rxwemy4u5di1sxxf4ejcwb.jx.internal.cloudapp.net, ports: [REPLICATION=37379, RATIS=45671, RATIS_ADMIN=45671, RATIS_SERVER=45671, STANDALONE=40131], networkLocation: /default-rack, certSerialId: null, persistedOpState: null, persistedOpStateExpiryEpochSec: 0}3b7c218c-5ec1-49c6-951e-2891968f85c7{ip: 10.1.0.37, host: fv-az297-62.nmf1rxwemy4u5di1sxxf4ejcwb.jx.internal.cloudapp.net, ports: [REPLICATION=34701, RATIS=34587, RATIS_ADMIN=34587, RATIS_SERVER=34587, STANDALONE=39201], networkLocation: /default-rack, certSerialId: null, persistedOpState: null, persistedOpStateExpiryEpochSec: 0}0f487d5e-71b7-4e1e-9748-4ae099f19241{ip: 10.1.0.37, host: fv-az297-62.nmf1rxwemy4u5di1sxxf4ejcwb.jx.internal.cloudapp.net, ports: [REPLICATION=40525, RATIS=42109, RATIS_ADMIN=42109, RATIS_SERVER=42109, STANDALONE=33799], networkLocation: /default-rack, certSerialId: null, persistedOpState: null, persistedOpStateExpiryEpochSec: 0}6021f7c2-427d-4cd8-a216-b0a112acbfad{ip: 10.1.0.37, host: fv-az297-62.nmf1rxwemy4u5di1sxxf4ejcwb.jx.internal.cloudapp.net, ports: [REPLICATION=34491, RATIS=41905, RATIS_ADMIN=41905, RATIS_SERVER=41905, STANDALONE=36869], networkLocation: /default-rack, certSerialId: null, persistedOpState: null, persistedOpStateExpiryEpochSec: 0}, ReplicationConfig: EC/ECReplicationConfig{data=3, parity=2, ecChunkSize=1024, codec=rs}, State:ALLOCATED, leaderId:, CreationTimestamp2022-07-30T01:48:01.301Z[Etc/UTC]] moved to OPEN state
2022-07-30 01:48:01,382 [Time-limited test] WARN  erasurecode.ErasureCodeNative (ErasureCodeNative.java:<clinit>(55)) - ISA-L support is not available in your platform... using builtin-java codec where applicable
]]></system-out>
  </testcase>
  <testcase name="testBucketDefaultsShouldBeInheritedToFileForEC" classname="TestRootedOzoneFileSystem" time="0.944">
    <system-out><![CDATA[2022-07-30 01:49:17,904 [Time-limited test] INFO  rpc.RpcClient (RpcClient.java:createVolume(468)) - Creating Volume: volume28811, with user54310 as owner and space quota set to -1 bytes, counts quota set to -1
2022-07-30 01:49:17,906 [OM StateMachine ApplyTransaction Thread - 0] INFO  volume.OMVolumeCreateRequest (OMVolumeCreateRequest.java:validateAndUpdateCache(195)) - created volume:volume28811 for user:user54310
2022-07-30 01:49:17,909 [Time-limited test] INFO  rpc.RpcClient (RpcClient.java:createBucket(671)) - Creating Bucket: volume28811/bucket04606, with bucket layout LEGACY, runner as owner, Versioning false, Storage Type set to DISK and Encryption set to false 
2022-07-30 01:49:17,910 [OM StateMachine ApplyTransaction Thread - 0] INFO  bucket.OMBucketCreateRequest (OMBucketCreateRequest.java:validateAndUpdateCache(260)) - created bucket: bucket04606 of layout LEGACY in volume: volume28811
2022-07-30 01:49:17,977 [Time-limited test] INFO  rpc.RpcClient (RpcClient.java:createVolume(468)) - Creating Volume: d146ed30-c446-4013-9099-b252e6dfe1e3, with user34180 as owner and space quota set to -1 bytes, counts quota set to -1
2022-07-30 01:49:17,984 [OM StateMachine ApplyTransaction Thread - 0] INFO  volume.OMVolumeCreateRequest (OMVolumeCreateRequest.java:validateAndUpdateCache(195)) - created volume:d146ed30-c446-4013-9099-b252e6dfe1e3 for user:user34180
2022-07-30 01:49:17,986 [Time-limited test] INFO  rpc.RpcClient (RpcClient.java:createBucket(671)) - Creating Bucket: d146ed30-c446-4013-9099-b252e6dfe1e3/7bafb52c-fde0-4ef2-9c98-f558df4d1288, with bucket layout LEGACY, runner as owner, Versioning false, Storage Type set to DISK and Encryption set to false 
2022-07-30 01:49:17,988 [OM StateMachine ApplyTransaction Thread - 0] INFO  bucket.OMBucketCreateRequest (OMBucketCreateRequest.java:validateAndUpdateCache(260)) - created bucket: 7bafb52c-fde0-4ef2-9c98-f558df4d1288 of layout LEGACY in volume: d146ed30-c446-4013-9099-b252e6dfe1e3
2022-07-30 01:49:18,022 [IPC Server handler 3 on default port 36209] INFO  pipeline.PipelineStateManagerImpl (PipelineStateManagerImpl.java:addPipeline(103)) - Created pipeline Pipeline[ Id: 9b67e171-2abc-4338-a076-2e4acef5eead, Nodes: 0afd43b6-07b3-44a6-8ea4-53b5cafc6713{ip: 10.1.0.37, host: fv-az297-62.nmf1rxwemy4u5di1sxxf4ejcwb.jx.internal.cloudapp.net, ports: [REPLICATION=32853, RATIS=37931, RATIS_ADMIN=37931, RATIS_SERVER=37931, STANDALONE=46469], networkLocation: /default-rack, certSerialId: null, persistedOpState: null, persistedOpStateExpiryEpochSec: 0}ba3de65c-e6c9-495e-8613-4120736e14c0{ip: 10.1.0.37, host: fv-az297-62.nmf1rxwemy4u5di1sxxf4ejcwb.jx.internal.cloudapp.net, ports: [REPLICATION=37513, RATIS=34507, RATIS_ADMIN=34507, RATIS_SERVER=34507, STANDALONE=43961], networkLocation: /default-rack, certSerialId: null, persistedOpState: null, persistedOpStateExpiryEpochSec: 0}a8954817-1d70-4f19-b814-29be41487240{ip: 10.1.0.37, host: fv-az297-62.nmf1rxwemy4u5di1sxxf4ejcwb.jx.internal.cloudapp.net, ports: [REPLICATION=45691, RATIS=46247, RATIS_ADMIN=46247, RATIS_SERVER=46247, STANDALONE=44433], networkLocation: /default-rack, certSerialId: null, persistedOpState: null, persistedOpStateExpiryEpochSec: 0}584f7c35-64f1-4103-804c-22c4f8184f79{ip: 10.1.0.37, host: fv-az297-62.nmf1rxwemy4u5di1sxxf4ejcwb.jx.internal.cloudapp.net, ports: [REPLICATION=41957, RATIS=33221, RATIS_ADMIN=33221, RATIS_SERVER=33221, STANDALONE=41055], networkLocation: /default-rack, certSerialId: null, persistedOpState: null, persistedOpStateExpiryEpochSec: 0}7e99fd26-7598-4594-b7f2-81741e43f67c{ip: 10.1.0.37, host: fv-az297-62.nmf1rxwemy4u5di1sxxf4ejcwb.jx.internal.cloudapp.net, ports: [REPLICATION=33769, RATIS=40277, RATIS_ADMIN=40277, RATIS_SERVER=40277, STANDALONE=41239], networkLocation: /default-rack, certSerialId: null, persistedOpState: null, persistedOpStateExpiryEpochSec: 0}, ReplicationConfig: EC/ECReplicationConfig{data=3, parity=2, ecChunkSize=1024, codec=rs}, State:ALLOCATED, leaderId:, CreationTimestamp2022-07-30T01:49:18.019Z[Etc/UTC]].
2022-07-30 01:49:18,023 [IPC Server handler 3 on default port 36209] INFO  pipeline.PipelineManagerImpl (PipelineManagerImpl.java:openPipeline(367)) - Pipeline Pipeline[ Id: 9b67e171-2abc-4338-a076-2e4acef5eead, Nodes: 0afd43b6-07b3-44a6-8ea4-53b5cafc6713{ip: 10.1.0.37, host: fv-az297-62.nmf1rxwemy4u5di1sxxf4ejcwb.jx.internal.cloudapp.net, ports: [REPLICATION=32853, RATIS=37931, RATIS_ADMIN=37931, RATIS_SERVER=37931, STANDALONE=46469], networkLocation: /default-rack, certSerialId: null, persistedOpState: null, persistedOpStateExpiryEpochSec: 0}ba3de65c-e6c9-495e-8613-4120736e14c0{ip: 10.1.0.37, host: fv-az297-62.nmf1rxwemy4u5di1sxxf4ejcwb.jx.internal.cloudapp.net, ports: [REPLICATION=37513, RATIS=34507, RATIS_ADMIN=34507, RATIS_SERVER=34507, STANDALONE=43961], networkLocation: /default-rack, certSerialId: null, persistedOpState: null, persistedOpStateExpiryEpochSec: 0}a8954817-1d70-4f19-b814-29be41487240{ip: 10.1.0.37, host: fv-az297-62.nmf1rxwemy4u5di1sxxf4ejcwb.jx.internal.cloudapp.net, ports: [REPLICATION=45691, RATIS=46247, RATIS_ADMIN=46247, RATIS_SERVER=46247, STANDALONE=44433], networkLocation: /default-rack, certSerialId: null, persistedOpState: null, persistedOpStateExpiryEpochSec: 0}584f7c35-64f1-4103-804c-22c4f8184f79{ip: 10.1.0.37, host: fv-az297-62.nmf1rxwemy4u5di1sxxf4ejcwb.jx.internal.cloudapp.net, ports: [REPLICATION=41957, RATIS=33221, RATIS_ADMIN=33221, RATIS_SERVER=33221, STANDALONE=41055], networkLocation: /default-rack, certSerialId: null, persistedOpState: null, persistedOpStateExpiryEpochSec: 0}7e99fd26-7598-4594-b7f2-81741e43f67c{ip: 10.1.0.37, host: fv-az297-62.nmf1rxwemy4u5di1sxxf4ejcwb.jx.internal.cloudapp.net, ports: [REPLICATION=33769, RATIS=40277, RATIS_ADMIN=40277, RATIS_SERVER=40277, STANDALONE=41239], networkLocation: /default-rack, certSerialId: null, persistedOpState: null, persistedOpStateExpiryEpochSec: 0}, ReplicationConfig: EC/ECReplicationConfig{data=3, parity=2, ecChunkSize=1024, codec=rs}, State:ALLOCATED, leaderId:, CreationTimestamp2022-07-30T01:49:18.019Z[Etc/UTC]] moved to OPEN state
]]></system-out>
  </testcase>
  <testcase name="testBucketDefaultsShouldBeInheritedToFileForEC" classname="TestRootedOzoneFileSystem" time="1.004">
    <system-out><![CDATA[2022-07-30 01:50:33,268 [Time-limited test] INFO  rpc.RpcClient (RpcClient.java:createVolume(468)) - Creating Volume: volume75858, with user64219 as owner and space quota set to -1 bytes, counts quota set to -1
2022-07-30 01:50:33,269 [IPC Server handler 7 on default port 41659] INFO  volume.OMVolumeCreateRequest (OMVolumeCreateRequest.java:validateAndUpdateCache(195)) - created volume:volume75858 for user:user64219
2022-07-30 01:50:33,279 [Time-limited test] INFO  rpc.RpcClient (RpcClient.java:createBucket(671)) - Creating Bucket: volume75858/bucket16213, with bucket layout LEGACY, runner as owner, Versioning false, Storage Type set to DISK and Encryption set to false 
2022-07-30 01:50:33,280 [IPC Server handler 3 on default port 41659] INFO  bucket.OMBucketCreateRequest (OMBucketCreateRequest.java:validateAndUpdateCache(260)) - created bucket: bucket16213 of layout LEGACY in volume: volume75858
2022-07-30 01:50:33,300 [UnderReplicatedQueueThreadThread] INFO  replication.UnderReplicatedProcessor (UnderReplicatedProcessor.java:processAll(85)) - Processed 0 under replicated containers, failed processing 0
2022-07-30 01:50:33,302 [OverReplicatedQueueThreadThread] INFO  replication.OverReplicatedProcessor (OverReplicatedProcessor.java:processAll(83)) - Processed 0 over replicated containers, failed processing 0
2022-07-30 01:50:33,322 [Time-limited test] INFO  rpc.RpcClient (RpcClient.java:createVolume(468)) - Creating Volume: ee668343-a931-4efa-8b8b-173941413730, with user78926 as owner and space quota set to -1 bytes, counts quota set to -1
2022-07-30 01:50:33,323 [IPC Server handler 5 on default port 41659] INFO  volume.OMVolumeCreateRequest (OMVolumeCreateRequest.java:validateAndUpdateCache(195)) - created volume:ee668343-a931-4efa-8b8b-173941413730 for user:user78926
2022-07-30 01:50:33,331 [Time-limited test] INFO  rpc.RpcClient (RpcClient.java:createBucket(671)) - Creating Bucket: ee668343-a931-4efa-8b8b-173941413730/0bdce44f-17da-4c5e-a5a7-fd65515a103f, with bucket layout LEGACY, runner as owner, Versioning false, Storage Type set to DISK and Encryption set to false 
2022-07-30 01:50:33,331 [IPC Server handler 18 on default port 41659] INFO  bucket.OMBucketCreateRequest (OMBucketCreateRequest.java:validateAndUpdateCache(260)) - created bucket: 0bdce44f-17da-4c5e-a5a7-fd65515a103f of layout LEGACY in volume: ee668343-a931-4efa-8b8b-173941413730
2022-07-30 01:50:33,357 [IPC Server handler 2 on default port 34313] INFO  pipeline.PipelineStateManagerImpl (PipelineStateManagerImpl.java:addPipeline(103)) - Created pipeline Pipeline[ Id: 8f441ef4-cce3-4bae-8d06-79d1800fa721, Nodes: fb78403e-0909-4251-8a90-abb070a55978{ip: 10.1.0.37, host: fv-az297-62.nmf1rxwemy4u5di1sxxf4ejcwb.jx.internal.cloudapp.net, ports: [REPLICATION=40773, RATIS=34863, RATIS_ADMIN=34863, RATIS_SERVER=34863, STANDALONE=33057], networkLocation: /default-rack, certSerialId: null, persistedOpState: null, persistedOpStateExpiryEpochSec: 0}24d77853-f262-4375-acb2-e63396fe6765{ip: 10.1.0.37, host: fv-az297-62.nmf1rxwemy4u5di1sxxf4ejcwb.jx.internal.cloudapp.net, ports: [REPLICATION=42535, RATIS=43689, RATIS_ADMIN=43689, RATIS_SERVER=43689, STANDALONE=37287], networkLocation: /default-rack, certSerialId: null, persistedOpState: null, persistedOpStateExpiryEpochSec: 0}55bd67d6-70e0-4a0b-ba40-fbb5acf7f14f{ip: 10.1.0.37, host: fv-az297-62.nmf1rxwemy4u5di1sxxf4ejcwb.jx.internal.cloudapp.net, ports: [REPLICATION=36385, RATIS=45159, RATIS_ADMIN=45159, RATIS_SERVER=45159, STANDALONE=37223], networkLocation: /default-rack, certSerialId: null, persistedOpState: null, persistedOpStateExpiryEpochSec: 0}fffd16ef-e5b7-4790-a173-7212d78e76a6{ip: 10.1.0.37, host: fv-az297-62.nmf1rxwemy4u5di1sxxf4ejcwb.jx.internal.cloudapp.net, ports: [REPLICATION=45321, RATIS=35259, RATIS_ADMIN=35259, RATIS_SERVER=35259, STANDALONE=34937], networkLocation: /default-rack, certSerialId: null, persistedOpState: null, persistedOpStateExpiryEpochSec: 0}c11d40f5-2ff8-42c9-a625-81b414132345{ip: 10.1.0.37, host: fv-az297-62.nmf1rxwemy4u5di1sxxf4ejcwb.jx.internal.cloudapp.net, ports: [REPLICATION=39783, RATIS=40483, RATIS_ADMIN=40483, RATIS_SERVER=40483, STANDALONE=34185], networkLocation: /default-rack, certSerialId: null, persistedOpState: null, persistedOpStateExpiryEpochSec: 0}, ReplicationConfig: EC/ECReplicationConfig{data=3, parity=2, ecChunkSize=1024, codec=rs}, State:ALLOCATED, leaderId:, CreationTimestamp2022-07-30T01:50:33.346Z[Etc/UTC]].
2022-07-30 01:50:33,358 [IPC Server handler 2 on default port 34313] INFO  pipeline.PipelineManagerImpl (PipelineManagerImpl.java:openPipeline(367)) - Pipeline Pipeline[ Id: 8f441ef4-cce3-4bae-8d06-79d1800fa721, Nodes: fb78403e-0909-4251-8a90-abb070a55978{ip: 10.1.0.37, host: fv-az297-62.nmf1rxwemy4u5di1sxxf4ejcwb.jx.internal.cloudapp.net, ports: [REPLICATION=40773, RATIS=34863, RATIS_ADMIN=34863, RATIS_SERVER=34863, STANDALONE=33057], networkLocation: /default-rack, certSerialId: null, persistedOpState: null, persistedOpStateExpiryEpochSec: 0}24d77853-f262-4375-acb2-e63396fe6765{ip: 10.1.0.37, host: fv-az297-62.nmf1rxwemy4u5di1sxxf4ejcwb.jx.internal.cloudapp.net, ports: [REPLICATION=42535, RATIS=43689, RATIS_ADMIN=43689, RATIS_SERVER=43689, STANDALONE=37287], networkLocation: /default-rack, certSerialId: null, persistedOpState: null, persistedOpStateExpiryEpochSec: 0}55bd67d6-70e0-4a0b-ba40-fbb5acf7f14f{ip: 10.1.0.37, host: fv-az297-62.nmf1rxwemy4u5di1sxxf4ejcwb.jx.internal.cloudapp.net, ports: [REPLICATION=36385, RATIS=45159, RATIS_ADMIN=45159, RATIS_SERVER=45159, STANDALONE=37223], networkLocation: /default-rack, certSerialId: null, persistedOpState: null, persistedOpStateExpiryEpochSec: 0}fffd16ef-e5b7-4790-a173-7212d78e76a6{ip: 10.1.0.37, host: fv-az297-62.nmf1rxwemy4u5di1sxxf4ejcwb.jx.internal.cloudapp.net, ports: [REPLICATION=45321, RATIS=35259, RATIS_ADMIN=35259, RATIS_SERVER=35259, STANDALONE=34937], networkLocation: /default-rack, certSerialId: null, persistedOpState: null, persistedOpStateExpiryEpochSec: 0}c11d40f5-2ff8-42c9-a625-81b414132345{ip: 10.1.0.37, host: fv-az297-62.nmf1rxwemy4u5di1sxxf4ejcwb.jx.internal.cloudapp.net, ports: [REPLICATION=39783, RATIS=40483, RATIS_ADMIN=40483, RATIS_SERVER=40483, STANDALONE=34185], networkLocation: /default-rack, certSerialId: null, persistedOpState: null, persistedOpStateExpiryEpochSec: 0}, ReplicationConfig: EC/ECReplicationConfig{data=3, parity=2, ecChunkSize=1024, codec=rs}, State:ALLOCATED, leaderId:, CreationTimestamp2022-07-30T01:50:33.346Z[Etc/UTC]] moved to OPEN state
]]></system-out>
  </testcase>
  <testcase name="testBucketDefaultsShouldBeInheritedToFileForEC" classname="TestRootedOzoneFileSystem" time="1.099">
    <system-out><![CDATA[2022-07-30 01:52:02,785 [Time-limited test] INFO  rpc.RpcClient (RpcClient.java:createVolume(468)) - Creating Volume: volume01155, with user40729 as owner and space quota set to -1 bytes, counts quota set to -1
2022-07-30 01:52:02,790 [OM StateMachine ApplyTransaction Thread - 0] INFO  volume.OMVolumeCreateRequest (OMVolumeCreateRequest.java:validateAndUpdateCache(195)) - created volume:volume01155 for user:user40729
2022-07-30 01:52:02,791 [Time-limited test] INFO  rpc.RpcClient (RpcClient.java:createBucket(671)) - Creating Bucket: volume01155/bucket93058, with bucket layout LEGACY, runner as owner, Versioning false, Storage Type set to DISK and Encryption set to false 
2022-07-30 01:52:02,792 [OM StateMachine ApplyTransaction Thread - 0] INFO  bucket.OMBucketCreateRequest (OMBucketCreateRequest.java:validateAndUpdateCache(260)) - created bucket: bucket93058 of layout LEGACY in volume: volume01155
2022-07-30 01:52:02,849 [Time-limited test] INFO  rpc.RpcClient (RpcClient.java:createVolume(468)) - Creating Volume: 2fcaa01a-5c92-4081-9afa-98844aea3048, with user94091 as owner and space quota set to -1 bytes, counts quota set to -1
2022-07-30 01:52:02,855 [OM StateMachine ApplyTransaction Thread - 0] INFO  volume.OMVolumeCreateRequest (OMVolumeCreateRequest.java:validateAndUpdateCache(195)) - created volume:2fcaa01a-5c92-4081-9afa-98844aea3048 for user:user94091
2022-07-30 01:52:02,856 [Time-limited test] INFO  rpc.RpcClient (RpcClient.java:createBucket(671)) - Creating Bucket: 2fcaa01a-5c92-4081-9afa-98844aea3048/089b480e-267c-47a0-bfe8-d8014069dc39, with bucket layout LEGACY, runner as owner, Versioning false, Storage Type set to DISK and Encryption set to false 
2022-07-30 01:52:02,857 [OM StateMachine ApplyTransaction Thread - 0] INFO  bucket.OMBucketCreateRequest (OMBucketCreateRequest.java:validateAndUpdateCache(260)) - created bucket: 089b480e-267c-47a0-bfe8-d8014069dc39 of layout LEGACY in volume: 2fcaa01a-5c92-4081-9afa-98844aea3048
2022-07-30 01:52:02,888 [IPC Server handler 14 on default port 37039] INFO  pipeline.PipelineStateManagerImpl (PipelineStateManagerImpl.java:addPipeline(103)) - Created pipeline Pipeline[ Id: 724fb7a8-9b39-4f97-a225-8f94692b2eed, Nodes: 625bdddd-b23f-4a62-9edb-0ce5ae5b2b03{ip: 10.1.0.37, host: fv-az297-62.nmf1rxwemy4u5di1sxxf4ejcwb.jx.internal.cloudapp.net, ports: [REPLICATION=33749, RATIS=39839, RATIS_ADMIN=39839, RATIS_SERVER=39839, STANDALONE=38743], networkLocation: /default-rack, certSerialId: null, persistedOpState: null, persistedOpStateExpiryEpochSec: 0}764da7f4-576c-4739-b8ba-4f387767ddcb{ip: 10.1.0.37, host: fv-az297-62.nmf1rxwemy4u5di1sxxf4ejcwb.jx.internal.cloudapp.net, ports: [REPLICATION=45777, RATIS=40341, RATIS_ADMIN=40341, RATIS_SERVER=40341, STANDALONE=46769], networkLocation: /default-rack, certSerialId: null, persistedOpState: null, persistedOpStateExpiryEpochSec: 0}feac6527-f4a3-4b35-b8b4-09fad8d49da5{ip: 10.1.0.37, host: fv-az297-62.nmf1rxwemy4u5di1sxxf4ejcwb.jx.internal.cloudapp.net, ports: [REPLICATION=40651, RATIS=42307, RATIS_ADMIN=42307, RATIS_SERVER=42307, STANDALONE=42513], networkLocation: /default-rack, certSerialId: null, persistedOpState: null, persistedOpStateExpiryEpochSec: 0}90590539-81e8-4913-a697-525e65d2cf7e{ip: 10.1.0.37, host: fv-az297-62.nmf1rxwemy4u5di1sxxf4ejcwb.jx.internal.cloudapp.net, ports: [REPLICATION=39187, RATIS=42215, RATIS_ADMIN=42215, RATIS_SERVER=42215, STANDALONE=41193], networkLocation: /default-rack, certSerialId: null, persistedOpState: null, persistedOpStateExpiryEpochSec: 0}da7e3490-bd6e-4553-a90b-b6c1b406431b{ip: 10.1.0.37, host: fv-az297-62.nmf1rxwemy4u5di1sxxf4ejcwb.jx.internal.cloudapp.net, ports: [REPLICATION=39821, RATIS=39503, RATIS_ADMIN=39503, RATIS_SERVER=39503, STANDALONE=42013], networkLocation: /default-rack, certSerialId: null, persistedOpState: null, persistedOpStateExpiryEpochSec: 0}, ReplicationConfig: EC/ECReplicationConfig{data=3, parity=2, ecChunkSize=1024, codec=rs}, State:ALLOCATED, leaderId:, CreationTimestamp2022-07-30T01:52:02.886Z[Etc/UTC]].
2022-07-30 01:52:02,888 [IPC Server handler 14 on default port 37039] INFO  pipeline.PipelineManagerImpl (PipelineManagerImpl.java:openPipeline(367)) - Pipeline Pipeline[ Id: 724fb7a8-9b39-4f97-a225-8f94692b2eed, Nodes: 625bdddd-b23f-4a62-9edb-0ce5ae5b2b03{ip: 10.1.0.37, host: fv-az297-62.nmf1rxwemy4u5di1sxxf4ejcwb.jx.internal.cloudapp.net, ports: [REPLICATION=33749, RATIS=39839, RATIS_ADMIN=39839, RATIS_SERVER=39839, STANDALONE=38743], networkLocation: /default-rack, certSerialId: null, persistedOpState: null, persistedOpStateExpiryEpochSec: 0}764da7f4-576c-4739-b8ba-4f387767ddcb{ip: 10.1.0.37, host: fv-az297-62.nmf1rxwemy4u5di1sxxf4ejcwb.jx.internal.cloudapp.net, ports: [REPLICATION=45777, RATIS=40341, RATIS_ADMIN=40341, RATIS_SERVER=40341, STANDALONE=46769], networkLocation: /default-rack, certSerialId: null, persistedOpState: null, persistedOpStateExpiryEpochSec: 0}feac6527-f4a3-4b35-b8b4-09fad8d49da5{ip: 10.1.0.37, host: fv-az297-62.nmf1rxwemy4u5di1sxxf4ejcwb.jx.internal.cloudapp.net, ports: [REPLICATION=40651, RATIS=42307, RATIS_ADMIN=42307, RATIS_SERVER=42307, STANDALONE=42513], networkLocation: /default-rack, certSerialId: null, persistedOpState: null, persistedOpStateExpiryEpochSec: 0}90590539-81e8-4913-a697-525e65d2cf7e{ip: 10.1.0.37, host: fv-az297-62.nmf1rxwemy4u5di1sxxf4ejcwb.jx.internal.cloudapp.net, ports: [REPLICATION=39187, RATIS=42215, RATIS_ADMIN=42215, RATIS_SERVER=42215, STANDALONE=41193], networkLocation: /default-rack, certSerialId: null, persistedOpState: null, persistedOpStateExpiryEpochSec: 0}da7e3490-bd6e-4553-a90b-b6c1b406431b{ip: 10.1.0.37, host: fv-az297-62.nmf1rxwemy4u5di1sxxf4ejcwb.jx.internal.cloudapp.net, ports: [REPLICATION=39821, RATIS=39503, RATIS_ADMIN=39503, RATIS_SERVER=39503, STANDALONE=42013], networkLocation: /default-rack, certSerialId: null, persistedOpState: null, persistedOpStateExpiryEpochSec: 0}, ReplicationConfig: EC/ECReplicationConfig{data=3, parity=2, ecChunkSize=1024, codec=rs}, State:ALLOCATED, leaderId:, CreationTimestamp2022-07-30T01:52:02.886Z[Etc/UTC]] moved to OPEN state
2022-07-30 01:52:03,301 [UnderReplicatedQueueThreadThread] INFO  replication.UnderReplicatedProcessor (UnderReplicatedProcessor.java:processAll(85)) - Processed 0 under replicated containers, failed processing 0
2022-07-30 01:52:03,305 [OverReplicatedQueueThreadThread] INFO  replication.OverReplicatedProcessor (OverReplicatedProcessor.java:processAll(83)) - Processed 0 over replicated containers, failed processing 0
]]></system-out>
  </testcase>
  <testcase name="testBucketDefaultsShouldBeInheritedToFileForEC" classname="TestRootedOzoneFileSystem" time="0.936">
    <system-out><![CDATA[2022-07-30 01:53:25,288 [Time-limited test] INFO  rpc.RpcClient (RpcClient.java:createVolume(468)) - Creating Volume: volume03346, with user29192 as owner and space quota set to -1 bytes, counts quota set to -1
2022-07-30 01:53:25,288 [IPC Server handler 14 on default port 40433] INFO  volume.OMVolumeCreateRequest (OMVolumeCreateRequest.java:validateAndUpdateCache(195)) - created volume:volume03346 for user:user29192
2022-07-30 01:53:25,289 [Time-limited test] INFO  rpc.RpcClient (RpcClient.java:createBucket(671)) - Creating Bucket: volume03346/bucket77372, with bucket layout LEGACY, runner as owner, Versioning false, Storage Type set to DISK and Encryption set to false 
2022-07-30 01:53:25,289 [IPC Server handler 10 on default port 40433] INFO  bucket.OMBucketCreateRequest (OMBucketCreateRequest.java:validateAndUpdateCache(260)) - created bucket: bucket77372 of layout LEGACY in volume: volume03346
2022-07-30 01:53:25,324 [Time-limited test] INFO  rpc.RpcClient (RpcClient.java:createVolume(468)) - Creating Volume: a6c2f73a-b494-479a-a2d3-b2914c20345e, with user22322 as owner and space quota set to -1 bytes, counts quota set to -1
2022-07-30 01:53:25,325 [IPC Server handler 6 on default port 40433] INFO  volume.OMVolumeCreateRequest (OMVolumeCreateRequest.java:validateAndUpdateCache(195)) - created volume:a6c2f73a-b494-479a-a2d3-b2914c20345e for user:user22322
2022-07-30 01:53:25,328 [Time-limited test] INFO  rpc.RpcClient (RpcClient.java:createBucket(671)) - Creating Bucket: a6c2f73a-b494-479a-a2d3-b2914c20345e/642027e2-9716-4b49-8eb4-c3f361cf1bb5, with bucket layout LEGACY, runner as owner, Versioning false, Storage Type set to DISK and Encryption set to false 
2022-07-30 01:53:25,332 [IPC Server handler 3 on default port 40433] INFO  bucket.OMBucketCreateRequest (OMBucketCreateRequest.java:validateAndUpdateCache(260)) - created bucket: 642027e2-9716-4b49-8eb4-c3f361cf1bb5 of layout LEGACY in volume: a6c2f73a-b494-479a-a2d3-b2914c20345e
2022-07-30 01:53:25,348 [IPC Server handler 16 on default port 46839] INFO  pipeline.PipelineStateManagerImpl (PipelineStateManagerImpl.java:addPipeline(103)) - Created pipeline Pipeline[ Id: 88ff0490-0a90-4687-8968-acab35b537f1, Nodes: 35046169-7c12-4186-af49-3ebd431ef7ed{ip: 10.1.0.37, host: fv-az297-62.nmf1rxwemy4u5di1sxxf4ejcwb.jx.internal.cloudapp.net, ports: [REPLICATION=37509, RATIS=43679, RATIS_ADMIN=43679, RATIS_SERVER=43679, STANDALONE=37015], networkLocation: /default-rack, certSerialId: null, persistedOpState: null, persistedOpStateExpiryEpochSec: 0}65c0e71a-8f9a-4866-86b4-013512fa0d07{ip: 10.1.0.37, host: fv-az297-62.nmf1rxwemy4u5di1sxxf4ejcwb.jx.internal.cloudapp.net, ports: [REPLICATION=41873, RATIS=46743, RATIS_ADMIN=46743, RATIS_SERVER=46743, STANDALONE=43849], networkLocation: /default-rack, certSerialId: null, persistedOpState: null, persistedOpStateExpiryEpochSec: 0}1c5a9a78-c73d-49f5-a922-d91982043581{ip: 10.1.0.37, host: fv-az297-62.nmf1rxwemy4u5di1sxxf4ejcwb.jx.internal.cloudapp.net, ports: [REPLICATION=42713, RATIS=34069, RATIS_ADMIN=34069, RATIS_SERVER=34069, STANDALONE=34363], networkLocation: /default-rack, certSerialId: null, persistedOpState: null, persistedOpStateExpiryEpochSec: 0}8dcd62ea-b122-4aef-891f-692e4d27e47e{ip: 10.1.0.37, host: fv-az297-62.nmf1rxwemy4u5di1sxxf4ejcwb.jx.internal.cloudapp.net, ports: [REPLICATION=45325, RATIS=42953, RATIS_ADMIN=42953, RATIS_SERVER=42953, STANDALONE=46589], networkLocation: /default-rack, certSerialId: null, persistedOpState: null, persistedOpStateExpiryEpochSec: 0}8f5c3faa-f143-4f3c-a1d4-a848eac4f418{ip: 10.1.0.37, host: fv-az297-62.nmf1rxwemy4u5di1sxxf4ejcwb.jx.internal.cloudapp.net, ports: [REPLICATION=35023, RATIS=44703, RATIS_ADMIN=44703, RATIS_SERVER=44703, STANDALONE=35673], networkLocation: /default-rack, certSerialId: null, persistedOpState: null, persistedOpStateExpiryEpochSec: 0}, ReplicationConfig: EC/ECReplicationConfig{data=3, parity=2, ecChunkSize=1024, codec=rs}, State:ALLOCATED, leaderId:, CreationTimestamp2022-07-30T01:53:25.345Z[Etc/UTC]].
2022-07-30 01:53:25,349 [IPC Server handler 16 on default port 46839] INFO  pipeline.PipelineManagerImpl (PipelineManagerImpl.java:openPipeline(367)) - Pipeline Pipeline[ Id: 88ff0490-0a90-4687-8968-acab35b537f1, Nodes: 35046169-7c12-4186-af49-3ebd431ef7ed{ip: 10.1.0.37, host: fv-az297-62.nmf1rxwemy4u5di1sxxf4ejcwb.jx.internal.cloudapp.net, ports: [REPLICATION=37509, RATIS=43679, RATIS_ADMIN=43679, RATIS_SERVER=43679, STANDALONE=37015], networkLocation: /default-rack, certSerialId: null, persistedOpState: null, persistedOpStateExpiryEpochSec: 0}65c0e71a-8f9a-4866-86b4-013512fa0d07{ip: 10.1.0.37, host: fv-az297-62.nmf1rxwemy4u5di1sxxf4ejcwb.jx.internal.cloudapp.net, ports: [REPLICATION=41873, RATIS=46743, RATIS_ADMIN=46743, RATIS_SERVER=46743, STANDALONE=43849], networkLocation: /default-rack, certSerialId: null, persistedOpState: null, persistedOpStateExpiryEpochSec: 0}1c5a9a78-c73d-49f5-a922-d91982043581{ip: 10.1.0.37, host: fv-az297-62.nmf1rxwemy4u5di1sxxf4ejcwb.jx.internal.cloudapp.net, ports: [REPLICATION=42713, RATIS=34069, RATIS_ADMIN=34069, RATIS_SERVER=34069, STANDALONE=34363], networkLocation: /default-rack, certSerialId: null, persistedOpState: null, persistedOpStateExpiryEpochSec: 0}8dcd62ea-b122-4aef-891f-692e4d27e47e{ip: 10.1.0.37, host: fv-az297-62.nmf1rxwemy4u5di1sxxf4ejcwb.jx.internal.cloudapp.net, ports: [REPLICATION=45325, RATIS=42953, RATIS_ADMIN=42953, RATIS_SERVER=42953, STANDALONE=46589], networkLocation: /default-rack, certSerialId: null, persistedOpState: null, persistedOpStateExpiryEpochSec: 0}8f5c3faa-f143-4f3c-a1d4-a848eac4f418{ip: 10.1.0.37, host: fv-az297-62.nmf1rxwemy4u5di1sxxf4ejcwb.jx.internal.cloudapp.net, ports: [REPLICATION=35023, RATIS=44703, RATIS_ADMIN=44703, RATIS_SERVER=44703, STANDALONE=35673], networkLocation: /default-rack, certSerialId: null, persistedOpState: null, persistedOpStateExpiryEpochSec: 0}, ReplicationConfig: EC/ECReplicationConfig{data=3, parity=2, ecChunkSize=1024, codec=rs}, State:ALLOCATED, leaderId:, CreationTimestamp2022-07-30T01:53:25.345Z[Etc/UTC]] moved to OPEN state
]]></system-out>
  </testcase>
  <testcase name="testListStatusInBucket" classname="TestRootedOzoneFileSystem" time="0.06">
    <system-out><![CDATA[2022-07-30 01:48:01,807 [Time-limited test] INFO  rpc.RpcClient (RpcClient.java:createVolume(468)) - Creating Volume: volume74436, with user57300 as owner and space quota set to -1 bytes, counts quota set to -1
2022-07-30 01:48:01,809 [OM StateMachine ApplyTransaction Thread - 0] INFO  volume.OMVolumeCreateRequest (OMVolumeCreateRequest.java:validateAndUpdateCache(195)) - created volume:volume74436 for user:user57300
2022-07-30 01:48:01,810 [Time-limited test] INFO  rpc.RpcClient (RpcClient.java:createBucket(671)) - Creating Bucket: volume74436/bucket96148, with bucket layout LEGACY, runner as owner, Versioning false, Storage Type set to DISK and Encryption set to false 
2022-07-30 01:48:01,812 [OM StateMachine ApplyTransaction Thread - 0] INFO  bucket.OMBucketCreateRequest (OMBucketCreateRequest.java:validateAndUpdateCache(260)) - created bucket: bucket96148 of layout LEGACY in volume: volume74436
]]></system-out>
  </testcase>
  <testcase name="testListStatusInBucket" classname="TestRootedOzoneFileSystem" time="0.121">
    <system-out><![CDATA[2022-07-30 01:49:18,809 [Time-limited test] INFO  rpc.RpcClient (RpcClient.java:createVolume(468)) - Creating Volume: volume00270, with user73194 as owner and space quota set to -1 bytes, counts quota set to -1
2022-07-30 01:49:18,816 [OM StateMachine ApplyTransaction Thread - 0] INFO  volume.OMVolumeCreateRequest (OMVolumeCreateRequest.java:validateAndUpdateCache(195)) - created volume:volume00270 for user:user73194
2022-07-30 01:49:18,817 [Time-limited test] INFO  rpc.RpcClient (RpcClient.java:createBucket(671)) - Creating Bucket: volume00270/bucket50536, with bucket layout LEGACY, runner as owner, Versioning false, Storage Type set to DISK and Encryption set to false 
2022-07-30 01:49:18,818 [OM StateMachine ApplyTransaction Thread - 0] INFO  bucket.OMBucketCreateRequest (OMBucketCreateRequest.java:validateAndUpdateCache(260)) - created bucket: bucket50536 of layout LEGACY in volume: volume00270
]]></system-out>
  </testcase>
  <testcase name="testListStatusInBucket" classname="TestRootedOzoneFileSystem" time="0.067">
    <system-out><![CDATA[2022-07-30 01:50:34,266 [Time-limited test] INFO  rpc.RpcClient (RpcClient.java:createVolume(468)) - Creating Volume: volume41948, with user72301 as owner and space quota set to -1 bytes, counts quota set to -1
2022-07-30 01:50:34,270 [IPC Server handler 9 on default port 41659] INFO  volume.OMVolumeCreateRequest (OMVolumeCreateRequest.java:validateAndUpdateCache(195)) - created volume:volume41948 for user:user72301
2022-07-30 01:50:34,271 [Time-limited test] INFO  rpc.RpcClient (RpcClient.java:createBucket(671)) - Creating Bucket: volume41948/bucket83972, with bucket layout LEGACY, runner as owner, Versioning false, Storage Type set to DISK and Encryption set to false 
2022-07-30 01:50:34,272 [IPC Server handler 2 on default port 41659] INFO  bucket.OMBucketCreateRequest (OMBucketCreateRequest.java:validateAndUpdateCache(260)) - created bucket: bucket83972 of layout LEGACY in volume: volume41948
]]></system-out>
  </testcase>
  <testcase name="testListStatusInBucket" classname="TestRootedOzoneFileSystem" time="0.106">
    <system-out><![CDATA[2022-07-30 01:52:03,906 [Time-limited test] INFO  rpc.RpcClient (RpcClient.java:createVolume(468)) - Creating Volume: volume51295, with user92122 as owner and space quota set to -1 bytes, counts quota set to -1
2022-07-30 01:52:03,912 [OM StateMachine ApplyTransaction Thread - 0] INFO  volume.OMVolumeCreateRequest (OMVolumeCreateRequest.java:validateAndUpdateCache(195)) - created volume:volume51295 for user:user92122
2022-07-30 01:52:03,913 [Time-limited test] INFO  rpc.RpcClient (RpcClient.java:createBucket(671)) - Creating Bucket: volume51295/bucket92995, with bucket layout LEGACY, runner as owner, Versioning false, Storage Type set to DISK and Encryption set to false 
2022-07-30 01:52:03,915 [OM StateMachine ApplyTransaction Thread - 0] INFO  bucket.OMBucketCreateRequest (OMBucketCreateRequest.java:validateAndUpdateCache(260)) - created bucket: bucket92995 of layout LEGACY in volume: volume51295
]]></system-out>
  </testcase>
  <testcase name="testListStatusInBucket" classname="TestRootedOzoneFileSystem" time="0.164">
    <system-out><![CDATA[2022-07-30 01:53:26,249 [Time-limited test] INFO  rpc.RpcClient (RpcClient.java:createVolume(468)) - Creating Volume: volume92052, with user44085 as owner and space quota set to -1 bytes, counts quota set to -1
2022-07-30 01:53:26,251 [IPC Server handler 4 on default port 40433] INFO  volume.OMVolumeCreateRequest (OMVolumeCreateRequest.java:validateAndUpdateCache(195)) - created volume:volume92052 for user:user44085
2022-07-30 01:53:26,255 [Time-limited test] INFO  rpc.RpcClient (RpcClient.java:createBucket(671)) - Creating Bucket: volume92052/bucket85194, with bucket layout LEGACY, runner as owner, Versioning false, Storage Type set to DISK and Encryption set to false 
2022-07-30 01:53:26,255 [IPC Server handler 17 on default port 40433] INFO  bucket.OMBucketCreateRequest (OMBucketCreateRequest.java:validateAndUpdateCache(260)) - created bucket: bucket85194 of layout LEGACY in volume: volume92052
]]></system-out>
  </testcase>
  <testcase name="testRenameFileToDir" classname="TestRootedOzoneFileSystem" time="0.065">
    <system-out><![CDATA[2022-07-30 01:48:01,868 [Time-limited test] INFO  rpc.RpcClient (RpcClient.java:createVolume(468)) - Creating Volume: volume58246, with user19472 as owner and space quota set to -1 bytes, counts quota set to -1
2022-07-30 01:48:01,870 [OM StateMachine ApplyTransaction Thread - 0] INFO  volume.OMVolumeCreateRequest (OMVolumeCreateRequest.java:validateAndUpdateCache(195)) - created volume:volume58246 for user:user19472
2022-07-30 01:48:01,871 [Time-limited test] INFO  rpc.RpcClient (RpcClient.java:createBucket(671)) - Creating Bucket: volume58246/bucket30741, with bucket layout LEGACY, runner as owner, Versioning false, Storage Type set to DISK and Encryption set to false 
2022-07-30 01:48:01,872 [OM StateMachine ApplyTransaction Thread - 0] INFO  bucket.OMBucketCreateRequest (OMBucketCreateRequest.java:validateAndUpdateCache(260)) - created bucket: bucket30741 of layout LEGACY in volume: volume58246
01:48:01.889 [IPC Server handler 5 on default port 39159] ERROR OMAudit - user=runner | ip=127.0.0.1 | op=LIST_STATUS {volume=volume58246, bucket=bucket30741, key=a/b/c/file1, dataSize=0, replicationConfig=null} | ret=FAILURE
org.apache.hadoop.ozone.om.exceptions.OMException: Unable to get file status: volume: volume58246 bucket: bucket30741 key: a/b/c/file1
	at org.apache.hadoop.ozone.om.KeyManagerImpl.getOzoneFileStatus(KeyManagerImpl.java:1311) ~[ozone-manager-1.3.0-SNAPSHOT.jar:?]
	at org.apache.hadoop.ozone.om.KeyManagerImpl.getFileStatus(KeyManagerImpl.java:1241) ~[ozone-manager-1.3.0-SNAPSHOT.jar:?]
	at org.apache.hadoop.ozone.om.KeyManagerImpl.listStatus(KeyManagerImpl.java:1565) ~[ozone-manager-1.3.0-SNAPSHOT.jar:?]
	at org.apache.hadoop.ozone.om.OzoneManager.listStatus(OzoneManager.java:3545) ~[ozone-manager-1.3.0-SNAPSHOT.jar:?]
	at org.apache.hadoop.ozone.protocolPB.OzoneManagerRequestHandler.listStatus(OzoneManagerRequestHandler.java:1043) ~[ozone-manager-1.3.0-SNAPSHOT.jar:?]
	at org.apache.hadoop.ozone.protocolPB.OzoneManagerRequestHandler.handleReadRequest(OzoneManagerRequestHandler.java:235) ~[ozone-manager-1.3.0-SNAPSHOT.jar:?]
	at org.apache.hadoop.ozone.protocolPB.OzoneManagerProtocolServerSideTranslatorPB.submitReadRequestToOM(OzoneManagerProtocolServerSideTranslatorPB.java:226) ~[ozone-manager-1.3.0-SNAPSHOT.jar:?]
	at org.apache.hadoop.ozone.protocolPB.OzoneManagerProtocolServerSideTranslatorPB.processRequest(OzoneManagerProtocolServerSideTranslatorPB.java:175) ~[ozone-manager-1.3.0-SNAPSHOT.jar:?]
	at org.apache.hadoop.hdds.server.OzoneProtocolMessageDispatcher.processRequest(OzoneProtocolMessageDispatcher.java:87) [hdds-server-framework-1.3.0-SNAPSHOT.jar:?]
	at org.apache.hadoop.ozone.protocolPB.OzoneManagerProtocolServerSideTranslatorPB.submitRequest(OzoneManagerProtocolServerSideTranslatorPB.java:147) [ozone-manager-1.3.0-SNAPSHOT.jar:?]
	at org.apache.hadoop.ozone.protocol.proto.OzoneManagerProtocolProtos$OzoneManagerService$2.callBlockingMethod(OzoneManagerProtocolProtos.java) [ozone-interface-client-1.3.0-SNAPSHOT.jar:?]
	at org.apache.hadoop.ipc.ProtobufRpcEngine$Server.processCall(ProtobufRpcEngine.java:466) [hadoop-common-3.3.1.jar:?]
	at org.apache.hadoop.ipc.ProtobufRpcEngine2$Server$ProtoBufRpcInvoker.call(ProtobufRpcEngine2.java:574) [hadoop-common-3.3.1.jar:?]
	at org.apache.hadoop.ipc.ProtobufRpcEngine2$Server$ProtoBufRpcInvoker.call(ProtobufRpcEngine2.java:552) [hadoop-common-3.3.1.jar:?]
	at org.apache.hadoop.ipc.RPC$Server.call(RPC.java:1093) [hadoop-common-3.3.1.jar:?]
	at org.apache.hadoop.ipc.Server$RpcCall.run(Server.java:1035) [hadoop-common-3.3.1.jar:?]
	at org.apache.hadoop.ipc.Server$RpcCall.run(Server.java:963) [hadoop-common-3.3.1.jar:?]
	at java.security.AccessController.doPrivileged(Native Method) ~[?:1.8.0_332]
	at javax.security.auth.Subject.doAs(Subject.java:422) [?:1.8.0_332]
	at org.apache.hadoop.security.UserGroupInformation.doAs(UserGroupInformation.java:1878) [hadoop-common-3.3.1.jar:?]
	at org.apache.hadoop.ipc.Server$Handler.run(Server.java:2966) [hadoop-common-3.3.1.jar:?]
]]></system-out>
  </testcase>
  <testcase name="testRenameFileToDir" classname="TestRootedOzoneFileSystem" time="0.124">
    <system-out><![CDATA[2022-07-30 01:49:18,917 [Time-limited test] INFO  rpc.RpcClient (RpcClient.java:createVolume(468)) - Creating Volume: volume95263, with user86888 as owner and space quota set to -1 bytes, counts quota set to -1
2022-07-30 01:49:18,921 [OM StateMachine ApplyTransaction Thread - 0] INFO  volume.OMVolumeCreateRequest (OMVolumeCreateRequest.java:validateAndUpdateCache(195)) - created volume:volume95263 for user:user86888
2022-07-30 01:49:18,922 [Time-limited test] INFO  rpc.RpcClient (RpcClient.java:createBucket(671)) - Creating Bucket: volume95263/bucket33776, with bucket layout LEGACY, runner as owner, Versioning false, Storage Type set to DISK and Encryption set to false 
2022-07-30 01:49:18,925 [OM StateMachine ApplyTransaction Thread - 0] INFO  bucket.OMBucketCreateRequest (OMBucketCreateRequest.java:validateAndUpdateCache(260)) - created bucket: bucket33776 of layout LEGACY in volume: volume95263
01:49:18.946 [IPC Server handler 15 on default port 43571] ERROR OMAudit - user=runner | ip=127.0.0.1 | op=LIST_STATUS {volume=volume95263, bucket=bucket33776, key=a/b/c/file1, dataSize=0, replicationConfig=null} | ret=FAILURE
org.apache.hadoop.ozone.om.exceptions.OMException: Unable to get file status: volume: volume95263 bucket: bucket33776 key: a/b/c/file1
	at org.apache.hadoop.ozone.om.KeyManagerImpl.getOzoneFileStatus(KeyManagerImpl.java:1311) ~[ozone-manager-1.3.0-SNAPSHOT.jar:?]
	at org.apache.hadoop.ozone.om.KeyManagerImpl.getFileStatus(KeyManagerImpl.java:1241) ~[ozone-manager-1.3.0-SNAPSHOT.jar:?]
	at org.apache.hadoop.ozone.om.KeyManagerImpl.listStatus(KeyManagerImpl.java:1565) ~[ozone-manager-1.3.0-SNAPSHOT.jar:?]
	at org.apache.hadoop.ozone.om.OzoneManager.listStatus(OzoneManager.java:3545) ~[ozone-manager-1.3.0-SNAPSHOT.jar:?]
	at org.apache.hadoop.ozone.protocolPB.OzoneManagerRequestHandler.listStatus(OzoneManagerRequestHandler.java:1043) ~[ozone-manager-1.3.0-SNAPSHOT.jar:?]
	at org.apache.hadoop.ozone.protocolPB.OzoneManagerRequestHandler.handleReadRequest(OzoneManagerRequestHandler.java:235) ~[ozone-manager-1.3.0-SNAPSHOT.jar:?]
	at org.apache.hadoop.ozone.protocolPB.OzoneManagerProtocolServerSideTranslatorPB.submitReadRequestToOM(OzoneManagerProtocolServerSideTranslatorPB.java:226) ~[ozone-manager-1.3.0-SNAPSHOT.jar:?]
	at org.apache.hadoop.ozone.protocolPB.OzoneManagerProtocolServerSideTranslatorPB.processRequest(OzoneManagerProtocolServerSideTranslatorPB.java:175) ~[ozone-manager-1.3.0-SNAPSHOT.jar:?]
	at org.apache.hadoop.hdds.server.OzoneProtocolMessageDispatcher.processRequest(OzoneProtocolMessageDispatcher.java:87) [hdds-server-framework-1.3.0-SNAPSHOT.jar:?]
	at org.apache.hadoop.ozone.protocolPB.OzoneManagerProtocolServerSideTranslatorPB.submitRequest(OzoneManagerProtocolServerSideTranslatorPB.java:147) [ozone-manager-1.3.0-SNAPSHOT.jar:?]
	at org.apache.hadoop.ozone.protocol.proto.OzoneManagerProtocolProtos$OzoneManagerService$2.callBlockingMethod(OzoneManagerProtocolProtos.java) [ozone-interface-client-1.3.0-SNAPSHOT.jar:?]
	at org.apache.hadoop.ipc.ProtobufRpcEngine$Server.processCall(ProtobufRpcEngine.java:466) [hadoop-common-3.3.1.jar:?]
	at org.apache.hadoop.ipc.ProtobufRpcEngine2$Server$ProtoBufRpcInvoker.call(ProtobufRpcEngine2.java:574) [hadoop-common-3.3.1.jar:?]
	at org.apache.hadoop.ipc.ProtobufRpcEngine2$Server$ProtoBufRpcInvoker.call(ProtobufRpcEngine2.java:552) [hadoop-common-3.3.1.jar:?]
	at org.apache.hadoop.ipc.RPC$Server.call(RPC.java:1093) [hadoop-common-3.3.1.jar:?]
	at org.apache.hadoop.ipc.Server$RpcCall.run(Server.java:1035) [hadoop-common-3.3.1.jar:?]
	at org.apache.hadoop.ipc.Server$RpcCall.run(Server.java:963) [hadoop-common-3.3.1.jar:?]
	at java.security.AccessController.doPrivileged(Native Method) ~[?:1.8.0_332]
	at javax.security.auth.Subject.doAs(Subject.java:422) [?:1.8.0_332]
	at org.apache.hadoop.security.UserGroupInformation.doAs(UserGroupInformation.java:1878) [hadoop-common-3.3.1.jar:?]
	at org.apache.hadoop.ipc.Server$Handler.run(Server.java:2966) [hadoop-common-3.3.1.jar:?]
]]></system-out>
  </testcase>
  <testcase name="testRenameFileToDir" classname="TestRootedOzoneFileSystem" time="0.126">
    <system-out><![CDATA[2022-07-30 01:50:34,356 [Time-limited test] INFO  rpc.RpcClient (RpcClient.java:createVolume(468)) - Creating Volume: volume32302, with user82491 as owner and space quota set to -1 bytes, counts quota set to -1
2022-07-30 01:50:34,357 [IPC Server handler 19 on default port 41659] INFO  volume.OMVolumeCreateRequest (OMVolumeCreateRequest.java:validateAndUpdateCache(195)) - created volume:volume32302 for user:user82491
2022-07-30 01:50:34,361 [Time-limited test] INFO  rpc.RpcClient (RpcClient.java:createBucket(671)) - Creating Bucket: volume32302/bucket09791, with bucket layout LEGACY, runner as owner, Versioning false, Storage Type set to DISK and Encryption set to false 
2022-07-30 01:50:34,364 [IPC Server handler 11 on default port 41659] INFO  bucket.OMBucketCreateRequest (OMBucketCreateRequest.java:validateAndUpdateCache(260)) - created bucket: bucket09791 of layout LEGACY in volume: volume32302
01:50:34.380 [IPC Server handler 5 on default port 41659] ERROR OMAudit - user=runner | ip=127.0.0.1 | op=LIST_STATUS {volume=volume32302, bucket=bucket09791, key=a/b/c/file1, dataSize=0, replicationConfig=null} | ret=FAILURE
org.apache.hadoop.ozone.om.exceptions.OMException: Unable to get file status: volume: volume32302 bucket: bucket09791 key: a/b/c/file1
	at org.apache.hadoop.ozone.om.KeyManagerImpl.getOzoneFileStatus(KeyManagerImpl.java:1311) ~[ozone-manager-1.3.0-SNAPSHOT.jar:?]
	at org.apache.hadoop.ozone.om.KeyManagerImpl.getFileStatus(KeyManagerImpl.java:1241) ~[ozone-manager-1.3.0-SNAPSHOT.jar:?]
	at org.apache.hadoop.ozone.om.KeyManagerImpl.listStatus(KeyManagerImpl.java:1565) ~[ozone-manager-1.3.0-SNAPSHOT.jar:?]
	at org.apache.hadoop.ozone.om.OzoneManager.listStatus(OzoneManager.java:3545) ~[ozone-manager-1.3.0-SNAPSHOT.jar:?]
	at org.apache.hadoop.ozone.protocolPB.OzoneManagerRequestHandler.listStatus(OzoneManagerRequestHandler.java:1043) ~[ozone-manager-1.3.0-SNAPSHOT.jar:?]
	at org.apache.hadoop.ozone.protocolPB.OzoneManagerRequestHandler.handleReadRequest(OzoneManagerRequestHandler.java:235) ~[ozone-manager-1.3.0-SNAPSHOT.jar:?]
	at org.apache.hadoop.ozone.protocolPB.OzoneManagerProtocolServerSideTranslatorPB.submitRequestDirectlyToOM(OzoneManagerProtocolServerSideTranslatorPB.java:276) ~[ozone-manager-1.3.0-SNAPSHOT.jar:?]
	at org.apache.hadoop.ozone.protocolPB.OzoneManagerProtocolServerSideTranslatorPB.processRequest(OzoneManagerProtocolServerSideTranslatorPB.java:205) ~[ozone-manager-1.3.0-SNAPSHOT.jar:?]
	at org.apache.hadoop.hdds.server.OzoneProtocolMessageDispatcher.processRequest(OzoneProtocolMessageDispatcher.java:87) [hdds-server-framework-1.3.0-SNAPSHOT.jar:?]
	at org.apache.hadoop.ozone.protocolPB.OzoneManagerProtocolServerSideTranslatorPB.submitRequest(OzoneManagerProtocolServerSideTranslatorPB.java:147) [ozone-manager-1.3.0-SNAPSHOT.jar:?]
	at org.apache.hadoop.ozone.protocol.proto.OzoneManagerProtocolProtos$OzoneManagerService$2.callBlockingMethod(OzoneManagerProtocolProtos.java) [ozone-interface-client-1.3.0-SNAPSHOT.jar:?]
	at org.apache.hadoop.ipc.ProtobufRpcEngine$Server.processCall(ProtobufRpcEngine.java:466) [hadoop-common-3.3.1.jar:?]
	at org.apache.hadoop.ipc.ProtobufRpcEngine2$Server$ProtoBufRpcInvoker.call(ProtobufRpcEngine2.java:574) [hadoop-common-3.3.1.jar:?]
	at org.apache.hadoop.ipc.ProtobufRpcEngine2$Server$ProtoBufRpcInvoker.call(ProtobufRpcEngine2.java:552) [hadoop-common-3.3.1.jar:?]
	at org.apache.hadoop.ipc.RPC$Server.call(RPC.java:1093) [hadoop-common-3.3.1.jar:?]
	at org.apache.hadoop.ipc.Server$RpcCall.run(Server.java:1035) [hadoop-common-3.3.1.jar:?]
	at org.apache.hadoop.ipc.Server$RpcCall.run(Server.java:963) [hadoop-common-3.3.1.jar:?]
	at java.security.AccessController.doPrivileged(Native Method) ~[?:1.8.0_332]
	at javax.security.auth.Subject.doAs(Subject.java:422) [?:1.8.0_332]
	at org.apache.hadoop.security.UserGroupInformation.doAs(UserGroupInformation.java:1878) [hadoop-common-3.3.1.jar:?]
	at org.apache.hadoop.ipc.Server$Handler.run(Server.java:2966) [hadoop-common-3.3.1.jar:?]
]]></system-out>
  </testcase>
  <testcase name="testRenameFileToDir" classname="TestRootedOzoneFileSystem" time="0.094">
    <system-out><![CDATA[2022-07-30 01:52:03,966 [Time-limited test] INFO  rpc.RpcClient (RpcClient.java:createVolume(468)) - Creating Volume: volume12355, with user01427 as owner and space quota set to -1 bytes, counts quota set to -1
2022-07-30 01:52:03,967 [OM StateMachine ApplyTransaction Thread - 0] INFO  volume.OMVolumeCreateRequest (OMVolumeCreateRequest.java:validateAndUpdateCache(195)) - created volume:volume12355 for user:user01427
2022-07-30 01:52:03,973 [Time-limited test] INFO  rpc.RpcClient (RpcClient.java:createBucket(671)) - Creating Bucket: volume12355/bucket88719, with bucket layout LEGACY, runner as owner, Versioning false, Storage Type set to DISK and Encryption set to false 
2022-07-30 01:52:03,975 [OM StateMachine ApplyTransaction Thread - 0] INFO  bucket.OMBucketCreateRequest (OMBucketCreateRequest.java:validateAndUpdateCache(260)) - created bucket: bucket88719 of layout LEGACY in volume: volume12355
01:52:03.995 [IPC Server handler 10 on default port 42455] ERROR OMAudit - user=runner | ip=127.0.0.1 | op=LIST_STATUS {volume=volume12355, bucket=bucket88719, key=a/b/c/file1, dataSize=0, replicationConfig=null} | ret=FAILURE
org.apache.hadoop.ozone.om.exceptions.OMException: Unable to get file status: volume: volume12355 bucket: bucket88719 key: a/b/c/file1
	at org.apache.hadoop.ozone.om.KeyManagerImpl.getOzoneFileStatus(KeyManagerImpl.java:1311) ~[ozone-manager-1.3.0-SNAPSHOT.jar:?]
	at org.apache.hadoop.ozone.om.KeyManagerImpl.getFileStatus(KeyManagerImpl.java:1241) ~[ozone-manager-1.3.0-SNAPSHOT.jar:?]
	at org.apache.hadoop.ozone.om.KeyManagerImpl.listStatus(KeyManagerImpl.java:1565) ~[ozone-manager-1.3.0-SNAPSHOT.jar:?]
	at org.apache.hadoop.ozone.om.OzoneManager.listStatus(OzoneManager.java:3545) ~[ozone-manager-1.3.0-SNAPSHOT.jar:?]
	at org.apache.hadoop.ozone.protocolPB.OzoneManagerRequestHandler.listStatus(OzoneManagerRequestHandler.java:1043) ~[ozone-manager-1.3.0-SNAPSHOT.jar:?]
	at org.apache.hadoop.ozone.protocolPB.OzoneManagerRequestHandler.handleReadRequest(OzoneManagerRequestHandler.java:235) ~[ozone-manager-1.3.0-SNAPSHOT.jar:?]
	at org.apache.hadoop.ozone.protocolPB.OzoneManagerProtocolServerSideTranslatorPB.submitReadRequestToOM(OzoneManagerProtocolServerSideTranslatorPB.java:226) ~[ozone-manager-1.3.0-SNAPSHOT.jar:?]
	at org.apache.hadoop.ozone.protocolPB.OzoneManagerProtocolServerSideTranslatorPB.processRequest(OzoneManagerProtocolServerSideTranslatorPB.java:175) ~[ozone-manager-1.3.0-SNAPSHOT.jar:?]
	at org.apache.hadoop.hdds.server.OzoneProtocolMessageDispatcher.processRequest(OzoneProtocolMessageDispatcher.java:87) [hdds-server-framework-1.3.0-SNAPSHOT.jar:?]
	at org.apache.hadoop.ozone.protocolPB.OzoneManagerProtocolServerSideTranslatorPB.submitRequest(OzoneManagerProtocolServerSideTranslatorPB.java:147) [ozone-manager-1.3.0-SNAPSHOT.jar:?]
	at org.apache.hadoop.ozone.protocol.proto.OzoneManagerProtocolProtos$OzoneManagerService$2.callBlockingMethod(OzoneManagerProtocolProtos.java) [ozone-interface-client-1.3.0-SNAPSHOT.jar:?]
	at org.apache.hadoop.ipc.ProtobufRpcEngine$Server.processCall(ProtobufRpcEngine.java:466) [hadoop-common-3.3.1.jar:?]
	at org.apache.hadoop.ipc.ProtobufRpcEngine2$Server$ProtoBufRpcInvoker.call(ProtobufRpcEngine2.java:574) [hadoop-common-3.3.1.jar:?]
	at org.apache.hadoop.ipc.ProtobufRpcEngine2$Server$ProtoBufRpcInvoker.call(ProtobufRpcEngine2.java:552) [hadoop-common-3.3.1.jar:?]
	at org.apache.hadoop.ipc.RPC$Server.call(RPC.java:1093) [hadoop-common-3.3.1.jar:?]
	at org.apache.hadoop.ipc.Server$RpcCall.run(Server.java:1035) [hadoop-common-3.3.1.jar:?]
	at org.apache.hadoop.ipc.Server$RpcCall.run(Server.java:963) [hadoop-common-3.3.1.jar:?]
	at java.security.AccessController.doPrivileged(Native Method) ~[?:1.8.0_332]
	at javax.security.auth.Subject.doAs(Subject.java:422) [?:1.8.0_332]
	at org.apache.hadoop.security.UserGroupInformation.doAs(UserGroupInformation.java:1878) [hadoop-common-3.3.1.jar:?]
	at org.apache.hadoop.ipc.Server$Handler.run(Server.java:2966) [hadoop-common-3.3.1.jar:?]
]]></system-out>
  </testcase>
  <testcase name="testRenameFileToDir" classname="TestRootedOzoneFileSystem" time="0.097">
    <system-out><![CDATA[2022-07-30 01:53:26,357 [Time-limited test] INFO  rpc.RpcClient (RpcClient.java:createVolume(468)) - Creating Volume: volume07845, with user63812 as owner and space quota set to -1 bytes, counts quota set to -1
2022-07-30 01:53:26,360 [IPC Server handler 7 on default port 40433] INFO  volume.OMVolumeCreateRequest (OMVolumeCreateRequest.java:validateAndUpdateCache(195)) - created volume:volume07845 for user:user63812
2022-07-30 01:53:26,367 [Time-limited test] INFO  rpc.RpcClient (RpcClient.java:createBucket(671)) - Creating Bucket: volume07845/bucket02229, with bucket layout LEGACY, runner as owner, Versioning false, Storage Type set to DISK and Encryption set to false 
2022-07-30 01:53:26,368 [IPC Server handler 5 on default port 40433] INFO  bucket.OMBucketCreateRequest (OMBucketCreateRequest.java:validateAndUpdateCache(260)) - created bucket: bucket02229 of layout LEGACY in volume: volume07845
01:53:26.380 [IPC Server handler 12 on default port 40433] ERROR OMAudit - user=runner | ip=127.0.0.1 | op=LIST_STATUS {volume=volume07845, bucket=bucket02229, key=a/b/c/file1, dataSize=0, replicationConfig=null} | ret=FAILURE
org.apache.hadoop.ozone.om.exceptions.OMException: Unable to get file status: volume: volume07845 bucket: bucket02229 key: a/b/c/file1
	at org.apache.hadoop.ozone.om.KeyManagerImpl.getOzoneFileStatus(KeyManagerImpl.java:1311) ~[ozone-manager-1.3.0-SNAPSHOT.jar:?]
	at org.apache.hadoop.ozone.om.KeyManagerImpl.getFileStatus(KeyManagerImpl.java:1241) ~[ozone-manager-1.3.0-SNAPSHOT.jar:?]
	at org.apache.hadoop.ozone.om.KeyManagerImpl.listStatus(KeyManagerImpl.java:1565) ~[ozone-manager-1.3.0-SNAPSHOT.jar:?]
	at org.apache.hadoop.ozone.om.OzoneManager.listStatus(OzoneManager.java:3545) ~[ozone-manager-1.3.0-SNAPSHOT.jar:?]
	at org.apache.hadoop.ozone.protocolPB.OzoneManagerRequestHandler.listStatus(OzoneManagerRequestHandler.java:1043) ~[ozone-manager-1.3.0-SNAPSHOT.jar:?]
	at org.apache.hadoop.ozone.protocolPB.OzoneManagerRequestHandler.handleReadRequest(OzoneManagerRequestHandler.java:235) ~[ozone-manager-1.3.0-SNAPSHOT.jar:?]
	at org.apache.hadoop.ozone.protocolPB.OzoneManagerProtocolServerSideTranslatorPB.submitRequestDirectlyToOM(OzoneManagerProtocolServerSideTranslatorPB.java:276) ~[ozone-manager-1.3.0-SNAPSHOT.jar:?]
	at org.apache.hadoop.ozone.protocolPB.OzoneManagerProtocolServerSideTranslatorPB.processRequest(OzoneManagerProtocolServerSideTranslatorPB.java:205) ~[ozone-manager-1.3.0-SNAPSHOT.jar:?]
	at org.apache.hadoop.hdds.server.OzoneProtocolMessageDispatcher.processRequest(OzoneProtocolMessageDispatcher.java:87) [hdds-server-framework-1.3.0-SNAPSHOT.jar:?]
	at org.apache.hadoop.ozone.protocolPB.OzoneManagerProtocolServerSideTranslatorPB.submitRequest(OzoneManagerProtocolServerSideTranslatorPB.java:147) [ozone-manager-1.3.0-SNAPSHOT.jar:?]
	at org.apache.hadoop.ozone.protocol.proto.OzoneManagerProtocolProtos$OzoneManagerService$2.callBlockingMethod(OzoneManagerProtocolProtos.java) [ozone-interface-client-1.3.0-SNAPSHOT.jar:?]
	at org.apache.hadoop.ipc.ProtobufRpcEngine$Server.processCall(ProtobufRpcEngine.java:466) [hadoop-common-3.3.1.jar:?]
	at org.apache.hadoop.ipc.ProtobufRpcEngine2$Server$ProtoBufRpcInvoker.call(ProtobufRpcEngine2.java:574) [hadoop-common-3.3.1.jar:?]
	at org.apache.hadoop.ipc.ProtobufRpcEngine2$Server$ProtoBufRpcInvoker.call(ProtobufRpcEngine2.java:552) [hadoop-common-3.3.1.jar:?]
	at org.apache.hadoop.ipc.RPC$Server.call(RPC.java:1093) [hadoop-common-3.3.1.jar:?]
	at org.apache.hadoop.ipc.Server$RpcCall.run(Server.java:1035) [hadoop-common-3.3.1.jar:?]
	at org.apache.hadoop.ipc.Server$RpcCall.run(Server.java:963) [hadoop-common-3.3.1.jar:?]
	at java.security.AccessController.doPrivileged(Native Method) ~[?:1.8.0_332]
	at javax.security.auth.Subject.doAs(Subject.java:422) [?:1.8.0_332]
	at org.apache.hadoop.security.UserGroupInformation.doAs(UserGroupInformation.java:1878) [hadoop-common-3.3.1.jar:?]
	at org.apache.hadoop.ipc.Server$Handler.run(Server.java:2966) [hadoop-common-3.3.1.jar:?]
]]></system-out>
  </testcase>
</testsuite>