<?xml version="1.0" encoding="UTF-8"?>
<testsuite xmlns:xsi="http://www.w3.org/2001/XMLSchema-instance" xsi:noNamespaceSchemaLocation="https://maven.apache.org/surefire/maven-surefire-plugin/xsd/surefire-test-report-3.0.xsd" version="3.0" name="org.apache.hadoop.ozone.client.rpc.read.TestChunkInputStream" time="108.332" tests="2" errors="1" skipped="0" failures="0">
  <properties>
    <property name="awt.toolkit" value="sun.awt.X11.XToolkit"/>
    <property name="file.encoding.pkg" value="sun.io"/>
    <property name="java.specification.version" value="1.8"/>
    <property name="sun.cpu.isalist" value=""/>
    <property name="sun.jnu.encoding" value="UTF-8"/>
    <property name="java.class.path" value="/home/runner/work/ozone/ozone/hadoop-ozone/integration-test/target/test-classes:/home/runner/work/ozone/ozone/hadoop-ozone/integration-test/target/classes:/home/runner/.m2/repository/org/apache/ozone/ozone-common/1.3.0-SNAPSHOT/ozone-common-1.3.0-SNAPSHOT.jar:/home/runner/.m2/repository/io/grpc/grpc-netty/1.44.0/grpc-netty-1.44.0.jar:/home/runner/.m2/repository/io/grpc/grpc-core/1.44.0/grpc-core-1.44.0.jar:/home/runner/.m2/repository/com/google/android/annotations/4.1.1.4/annotations-4.1.1.4.jar:/home/runner/.m2/repository/org/codehaus/mojo/animal-sniffer-annotations/1.19/animal-sniffer-annotations-1.19.jar:/home/runner/.m2/repository/com/google/errorprone/error_prone_annotations/2.2.0/error_prone_annotations-2.2.0.jar:/home/runner/.m2/repository/io/perfmark/perfmark-api/0.23.0/perfmark-api-0.23.0.jar:/home/runner/.m2/repository/io/netty/netty-codec-http2/4.1.74.Final/netty-codec-http2-4.1.74.Final.jar:/home/runner/.m2/repository/io/netty/netty-common/4.1.74.Final/netty-common-4.1.74.Final.jar:/home/runner/.m2/repository/io/netty/netty-buffer/4.1.74.Final/netty-buffer-4.1.74.Final.jar:/home/runner/.m2/repository/io/netty/netty-codec-http/4.1.74.Final/netty-codec-http-4.1.74.Final.jar:/home/runner/.m2/repository/io/netty/netty-handler-proxy/4.1.74.Final/netty-handler-proxy-4.1.74.Final.jar:/home/runner/.m2/repository/io/netty/netty-codec-socks/4.1.74.Final/netty-codec-socks-4.1.74.Final.jar:/home/runner/.m2/repository/io/netty/netty-tcnative-boringssl-static/2.0.48.Final/netty-tcnative-boringssl-static-2.0.48.Final.jar:/home/runner/.m2/repository/io/netty/netty-tcnative-classes/2.0.48.Final/netty-tcnative-classes-2.0.48.Final.jar:/home/runner/.m2/repository/io/netty/netty-tcnative/2.0.48.Final/netty-tcnative-2.0.48.Final.jar:/home/runner/.m2/repository/org/apache/commons/commons-compress/1.21/commons-compress-1.21.jar:/home/runner/.m2/repository/org/apache/ozone/hdds-common/1.3.0-SNAPSHOT/hdds-common-1.3.0-SNAPSHOT.jar:/home/runner/.m2/repository/org/apache/ozone/hdds-client/1.3.0-SNAPSHOT/hdds-client-1.3.0-SNAPSHOT.jar:/home/runner/.m2/repository/org/apache/ozone/ozone-interface-client/1.3.0-SNAPSHOT/ozone-interface-client-1.3.0-SNAPSHOT.jar:/home/runner/.m2/repository/org/apache/ozone/hdds-test-utils/1.3.0-SNAPSHOT/hdds-test-utils-1.3.0-SNAPSHOT.jar:/home/runner/.m2/repository/com/google/guava/guava/31.1-jre/guava-31.1-jre.jar:/home/runner/.m2/repository/com/google/guava/failureaccess/1.0.1/failureaccess-1.0.1.jar:/home/runner/.m2/repository/com/google/guava/listenablefuture/9999.0-empty-to-avoid-conflict-with-guava/listenablefuture-9999.0-empty-to-avoid-conflict-with-guava.jar:/home/runner/.m2/repository/com/google/code/findbugs/jsr305/3.0.0/jsr305-3.0.0.jar:/home/runner/.m2/repository/org/checkerframework/checker-qual/3.12.0/checker-qual-3.12.0.jar:/home/runner/.m2/repository/com/google/j2objc/j2objc-annotations/1.3/j2objc-annotations-1.3.jar:/home/runner/.m2/repository/commons-io/commons-io/2.11.0/commons-io-2.11.0.jar:/home/runner/.m2/repository/commons-logging/commons-logging/1.2/commons-logging-1.2.jar:/home/runner/.m2/repository/log4j/log4j/1.2.17/log4j-1.2.17.jar:/home/runner/.m2/repository/org/slf4j/slf4j-api/1.7.30/slf4j-api-1.7.30.jar:/home/runner/.m2/repository/org/apache/ozone/hdds-server-scm/1.3.0-SNAPSHOT/hdds-server-scm-1.3.0-SNAPSHOT.jar:/home/runner/.m2/repository/org/apache/ozone/hdds-container-service/1.3.0-SNAPSHOT/hdds-container-service-1.3.0-SNAPSHOT.jar:/home/runner/.m2/repository/org/apache/ozone/hdds-hadoop-dependency-server/1.3.0-SNAPSHOT/hdds-hadoop-dependency-server-1.3.0-SNAPSHOT.jar:/home/runner/.m2/repository/org/apache/hadoop/hadoop-hdfs/3.3.1/hadoop-hdfs-3.3.1.jar:/home/runner/.m2/repository/org/apache/ozone/hdds-server-framework/1.3.0-SNAPSHOT/hdds-server-framework-1.3.0-SNAPSHOT.jar:/home/runner/.m2/repository/org/apache/ozone/hdds-interface-server/1.3.0-SNAPSHOT/hdds-interface-server-1.3.0-SNAPSHOT.jar:/home/runner/.m2/repository/org/apache/logging/log4j/log4j-core/2.17.1/log4j-core-2.17.1.jar:/home/runner/.m2/repository/com/lmax/disruptor/3.4.2/disruptor-3.4.2.jar:/home/runner/.m2/repository/org/eclipse/jetty/jetty-servlet/9.4.43.v20210629/jetty-servlet-9.4.43.v20210629.jar:/home/runner/.m2/repository/org/eclipse/jetty/jetty-security/9.4.43.v20210629/jetty-security-9.4.43.v20210629.jar:/home/runner/.m2/repository/org/rocksdb/rocksdbjni/6.29.5/rocksdbjni-6.29.5.jar:/home/runner/.m2/repository/io/prometheus/simpleclient_dropwizard/0.7.0/simpleclient_dropwizard-0.7.0.jar:/home/runner/.m2/repository/io/prometheus/simpleclient/0.7.0/simpleclient-0.7.0.jar:/home/runner/.m2/repository/io/prometheus/simpleclient_common/0.7.0/simpleclient_common-0.7.0.jar:/home/runner/.m2/repository/io/dropwizard/metrics/metrics-core/3.2.4/metrics-core-3.2.4.jar:/home/runner/.m2/repository/org/apache/hadoop/hadoop-hdfs-client/3.3.1/hadoop-hdfs-client-3.3.1.jar:/home/runner/.m2/repository/org/bouncycastle/bcprov-jdk15on/1.67/bcprov-jdk15on-1.67.jar:/home/runner/.m2/repository/com/google/protobuf/protobuf-java/2.5.0/protobuf-java-2.5.0.jar:/home/runner/.m2/repository/org/apache/ozone/ozone-manager/1.3.0-SNAPSHOT/ozone-manager-1.3.0-SNAPSHOT.jar:/home/runner/.m2/repository/org/aspectj/aspectjrt/1.9.7/aspectjrt-1.9.7.jar:/home/runner/.m2/repository/org/aspectj/aspectjweaver/1.9.7/aspectjweaver-1.9.7.jar:/home/runner/.m2/repository/org/apache/ozone/hdds-interface-client/1.3.0-SNAPSHOT/hdds-interface-client-1.3.0-SNAPSHOT.jar:/home/runner/.m2/repository/org/apache/hadoop/thirdparty/hadoop-shaded-protobuf_3_7/1.1.1/hadoop-shaded-protobuf_3_7-1.1.1.jar:/home/runner/.m2/repository/org/apache/ozone/ozone-interface-storage/1.3.0-SNAPSHOT/ozone-interface-storage-1.3.0-SNAPSHOT.jar:/home/runner/.m2/repository/org/reflections/reflections/0.9.11/reflections-0.9.11.jar:/home/runner/.m2/repository/com/sun/jersey/jersey-client/1.19/jersey-client-1.19.jar:/home/runner/.m2/repository/org/apache/ranger/ranger-intg/3.0.0-SNAPSHOT/ranger-intg-3.0.0-SNAPSHOT.jar:/home/runner/.m2/repository/org/apache/ranger/ranger-plugins-common/3.0.0-SNAPSHOT/ranger-plugins-common-3.0.0-SNAPSHOT.jar:/home/runner/.m2/repository/commons-lang/commons-lang/2.6/commons-lang-2.6.jar:/home/runner/.m2/repository/org/codehaus/jackson/jackson-jaxrs/1.9.13/jackson-jaxrs-1.9.13.jar:/home/runner/.m2/repository/org/apache/ranger/ranger-plugins-cred/3.0.0-SNAPSHOT/ranger-plugins-cred-3.0.0-SNAPSHOT.jar:/home/runner/.m2/repository/org/apache/ranger/ranger-plugins-audit/3.0.0-SNAPSHOT/ranger-plugins-audit-3.0.0-SNAPSHOT.jar:/home/runner/.m2/repository/org/apache/kafka/kafka-clients/2.8.1/kafka-clients-2.8.1.jar:/home/runner/.m2/repository/com/github/luben/zstd-jni/1.4.9-1/zstd-jni-1.4.9-1.jar:/home/runner/.m2/repository/org/apache/solr/solr-solrj/8.6.3/solr-solrj-8.6.3.jar:/home/runner/.m2/repository/org/eclipse/jetty/jetty-client/9.4.44.v20210927/jetty-client-9.4.44.v20210927.jar:/home/runner/.m2/repository/org/apache/httpcomponents/httpmime/4.5.13/httpmime-4.5.13.jar:/home/runner/.m2/repository/org/apache/httpcomponents/httpcore-nio/4.4.14/httpcore-nio-4.4.14.jar:/home/runner/.m2/repository/org/apache/httpcomponents/httpasyncclient/4.1.4/httpasyncclient-4.1.4.jar:/home/runner/.m2/repository/com/carrotsearch/hppc/0.8.0/hppc-0.8.0.jar:/home/runner/.m2/repository/org/apache/hive/hive-storage-api/2.7.2/hive-storage-api-2.7.2.jar:/home/runner/.m2/repository/org/apache/orc/orc-core/1.5.8/orc-core-1.5.8.jar:/home/runner/.m2/repository/com/amazonaws/aws-java-sdk-bundle/1.12.125/aws-java-sdk-bundle-1.12.125.jar:/home/runner/.m2/repository/net/java/dev/jna/jna/5.2.0/jna-5.2.0.jar:/home/runner/.m2/repository/net/java/dev/jna/jna-platform/5.2.0/jna-platform-5.2.0.jar:/home/runner/.m2/repository/com/kstruct/gethostname4j/0.0.2/gethostname4j-0.0.2.jar:/home/runner/.m2/repository/org/apache/ranger/ranger-plugin-classloader/3.0.0-SNAPSHOT/ranger-plugin-classloader-3.0.0-SNAPSHOT.jar:/home/runner/.m2/repository/org/apache/hadoop/hadoop-minikdc/3.3.1/hadoop-minikdc-3.3.1.jar:/home/runner/.m2/repository/org/apache/kerby/kerb-simplekdc/1.0.1/kerb-simplekdc-1.0.1.jar:/home/runner/.m2/repository/org/apache/kerby/kerb-client/1.0.1/kerb-client-1.0.1.jar:/home/runner/.m2/repository/org/apache/kerby/kerby-config/1.0.1/kerby-config-1.0.1.jar:/home/runner/.m2/repository/org/apache/kerby/kerb-common/1.0.1/kerb-common-1.0.1.jar:/home/runner/.m2/repository/org/apache/kerby/kerb-crypto/1.0.1/kerb-crypto-1.0.1.jar:/home/runner/.m2/repository/org/apache/kerby/kerb-util/1.0.1/kerb-util-1.0.1.jar:/home/runner/.m2/repository/org/apache/kerby/token-provider/1.0.1/token-provider-1.0.1.jar:/home/runner/.m2/repository/org/apache/kerby/kerb-admin/1.0.1/kerb-admin-1.0.1.jar:/home/runner/.m2/repository/org/apache/kerby/kerb-server/1.0.1/kerb-server-1.0.1.jar:/home/runner/.m2/repository/org/apache/kerby/kerb-identity/1.0.1/kerb-identity-1.0.1.jar:/home/runner/.m2/repository/org/apache/kerby/kerby-xdr/1.0.1/kerby-xdr-1.0.1.jar:/home/runner/.m2/repository/org/slf4j/slf4j-log4j12/1.7.30/slf4j-log4j12-1.7.30.jar:/home/runner/.m2/repository/org/apache/ozone/ozone-s3gateway/1.3.0-SNAPSHOT/ozone-s3gateway-1.3.0-SNAPSHOT.jar:/home/runner/.m2/repository/org/javassist/javassist/3.21.0-GA/javassist-3.21.0-GA.jar:/home/runner/.m2/repository/org/jboss/weld/servlet/weld-servlet/2.4.7.Final/weld-servlet-2.4.7.Final.jar:/home/runner/.m2/repository/org/glassfish/jersey/containers/jersey-container-servlet-core/2.33/jersey-container-servlet-core-2.33.jar:/home/runner/.m2/repository/org/glassfish/hk2/external/jakarta.inject/2.6.1/jakarta.inject-2.6.1.jar:/home/runner/.m2/repository/org/glassfish/jersey/core/jersey-common/2.33/jersey-common-2.33.jar:/home/runner/.m2/repository/jakarta/ws/rs/jakarta.ws.rs-api/2.1.6/jakarta.ws.rs-api-2.1.6.jar:/home/runner/.m2/repository/org/glassfish/jersey/ext/cdi/jersey-cdi1x/2.33/jersey-cdi1x-2.33.jar:/home/runner/.m2/repository/org/glassfish/jersey/inject/jersey-hk2/2.33/jersey-hk2-2.33.jar:/home/runner/.m2/repository/org/glassfish/hk2/hk2-locator/2.6.1/hk2-locator-2.6.1.jar:/home/runner/.m2/repository/org/glassfish/jersey/media/jersey-media-jaxb/2.33/jersey-media-jaxb-2.33.jar:/home/runner/.m2/repository/org/glassfish/hk2/osgi-resource-locator/1.0.3/osgi-resource-locator-1.0.3.jar:/home/runner/.m2/repository/org/glassfish/hk2/hk2-api/2.5.0/hk2-api-2.5.0.jar:/home/runner/.m2/repository/org/glassfish/hk2/hk2-utils/2.5.0/hk2-utils-2.5.0.jar:/home/runner/.m2/repository/org/glassfish/hk2/external/aopalliance-repackaged/2.5.0/aopalliance-repackaged-2.5.0.jar:/home/runner/.m2/repository/com/fasterxml/jackson/dataformat/jackson-dataformat-xml/2.13.2/jackson-dataformat-xml-2.13.2.jar:/home/runner/.m2/repository/com/fasterxml/jackson/core/jackson-core/2.13.2/jackson-core-2.13.2.jar:/home/runner/.m2/repository/org/codehaus/woodstox/stax2-api/3.1.4/stax2-api-3.1.4.jar:/home/runner/.m2/repository/com/fasterxml/woodstox/woodstox-core/5.0.3/woodstox-core-5.0.3.jar:/home/runner/.m2/repository/com/fasterxml/jackson/module/jackson-module-jaxb-annotations/2.13.2/jackson-module-jaxb-annotations-2.13.2.jar:/home/runner/.m2/repository/jakarta/xml/bind/jakarta.xml.bind-api/2.3.3/jakarta.xml.bind-api-2.3.3.jar:/home/runner/.m2/repository/jakarta/activation/jakarta.activation-api/1.2.1/jakarta.activation-api-1.2.1.jar:/home/runner/.m2/repository/javax/enterprise/cdi-api/1.2/cdi-api-1.2.jar:/home/runner/.m2/repository/javax/el/javax.el-api/3.0.0/javax.el-api-3.0.0.jar:/home/runner/.m2/repository/javax/interceptor/javax.interceptor-api/1.2/javax.interceptor-api-1.2.jar:/home/runner/.m2/repository/javax/inject/javax.inject/1/javax.inject-1.jar:/home/runner/.m2/repository/javax/xml/bind/jaxb-api/2.3.0/jaxb-api-2.3.0.jar:/home/runner/.m2/repository/org/glassfish/jaxb/jaxb-runtime/2.3.0.1/jaxb-runtime-2.3.0.1.jar:/home/runner/.m2/repository/org/glassfish/jaxb/jaxb-core/2.3.0.1/jaxb-core-2.3.0.1.jar:/home/runner/.m2/repository/org/glassfish/jaxb/txw2/2.3.0.1/txw2-2.3.0.1.jar:/home/runner/.m2/repository/com/sun/istack/istack-commons-runtime/3.0.5/istack-commons-runtime-3.0.5.jar:/home/runner/.m2/repository/org/jvnet/staxex/stax-ex/1.7.8/stax-ex-1.7.8.jar:/home/runner/.m2/repository/com/sun/xml/fastinfoset/FastInfoset/1.2.13/FastInfoset-1.2.13.jar:/home/runner/.m2/repository/javax/activation/activation/1.1.1/activation-1.1.1.jar:/home/runner/.m2/repository/io/grpc/grpc-protobuf/1.44.0/grpc-protobuf-1.44.0.jar:/home/runner/.m2/repository/io/grpc/grpc-api/1.44.0/grpc-api-1.44.0.jar:/home/runner/.m2/repository/io/grpc/grpc-context/1.44.0/grpc-context-1.44.0.jar:/home/runner/.m2/repository/com/google/api/grpc/proto-google-common-protos/2.0.1/proto-google-common-protos-2.0.1.jar:/home/runner/.m2/repository/io/grpc/grpc-protobuf-lite/1.44.0/grpc-protobuf-lite-1.44.0.jar:/home/runner/.m2/repository/io/grpc/grpc-stub/1.44.0/grpc-stub-1.44.0.jar:/home/runner/.m2/repository/io/netty/netty-transport/4.1.74.Final/netty-transport-4.1.74.Final.jar:/home/runner/.m2/repository/io/netty/netty-resolver/4.1.74.Final/netty-resolver-4.1.74.Final.jar:/home/runner/.m2/repository/org/apache/ozone/ozone-csi/1.3.0-SNAPSHOT/ozone-csi-1.3.0-SNAPSHOT.jar:/home/runner/.m2/repository/com/google/protobuf/protobuf-java-util/3.19.2/protobuf-java-util-3.19.2.jar:/home/runner/.m2/repository/com/google/code/gson/gson/2.8.9/gson-2.8.9.jar:/home/runner/.m2/repository/org/apache/ozone/hdds-config/1.3.0-SNAPSHOT/hdds-config-1.3.0-SNAPSHOT.jar:/home/runner/.m2/repository/io/netty/netty-transport-native-epoll/4.1.74.Final/netty-transport-native-epoll-4.1.74.Final-linux-x86_64.jar:/home/runner/.m2/repository/io/netty/netty-transport-classes-epoll/4.1.74.Final/netty-transport-classes-epoll-4.1.74.Final.jar:/home/runner/.m2/repository/io/netty/netty-transport-native-unix-common/4.1.74.Final/netty-transport-native-unix-common-4.1.74.Final.jar:/home/runner/.m2/repository/org/apache/ozone/ozone-recon/1.3.0-SNAPSHOT/ozone-recon-1.3.0-SNAPSHOT.jar:/home/runner/.m2/repository/org/apache/ozone/ozone-reconcodegen/1.3.0-SNAPSHOT/ozone-reconcodegen-1.3.0-SNAPSHOT.jar:/home/runner/.m2/repository/com/google/inject/extensions/guice-multibindings/4.0/guice-multibindings-4.0.jar:/home/runner/.m2/repository/com/google/inject/guice/4.0/guice-4.0.jar:/home/runner/.m2/repository/aopalliance/aopalliance/1.0/aopalliance-1.0.jar:/home/runner/.m2/repository/com/google/inject/extensions/guice-assistedinject/4.0/guice-assistedinject-4.0.jar:/home/runner/.m2/repository/com/google/inject/extensions/guice-servlet/4.0/guice-servlet-4.0.jar:/home/runner/.m2/repository/org/glassfish/jersey/containers/jersey-container-servlet/2.33/jersey-container-servlet-2.33.jar:/home/runner/.m2/repository/org/glassfish/hk2/guice-bridge/2.5.0/guice-bridge-2.5.0.jar:/home/runner/.m2/repository/org/glassfish/jersey/core/jersey-server/2.33/jersey-server-2.33.jar:/home/runner/.m2/repository/org/glassfish/jersey/core/jersey-client/2.33/jersey-client-2.33.jar:/home/runner/.m2/repository/jakarta/annotation/jakarta.annotation-api/1.3.5/jakarta.annotation-api-1.3.5.jar:/home/runner/.m2/repository/jakarta/validation/jakarta.validation-api/2.0.2/jakarta.validation-api-2.0.2.jar:/home/runner/.m2/repository/org/glassfish/jersey/media/jersey-media-json-jackson/2.33/jersey-media-json-jackson-2.33.jar:/home/runner/.m2/repository/org/glassfish/jersey/ext/jersey-entity-filtering/2.33/jersey-entity-filtering-2.33.jar:/home/runner/.m2/repository/org/jooq/jooq/3.11.10/jooq-3.11.10.jar:/home/runner/.m2/repository/org/jooq/jooq-meta/3.11.10/jooq-meta-3.11.10.jar:/home/runner/.m2/repository/org/jooq/jooq-codegen/3.11.10/jooq-codegen-3.11.10.jar:/home/runner/.m2/repository/com/jolbox/bonecp/0.8.0.RELEASE/bonecp-0.8.0.RELEASE.jar:/home/runner/.m2/repository/org/apache/derby/derby/10.14.2.0/derby-10.14.2.0.jar:/home/runner/.m2/repository/org/xerial/sqlite-jdbc/3.25.2/sqlite-jdbc-3.25.2.jar:/home/runner/.m2/repository/org/springframework/spring-jdbc/5.2.20.RELEASE/spring-jdbc-5.2.20.RELEASE.jar:/home/runner/.m2/repository/org/springframework/spring-beans/5.2.20.RELEASE/spring-beans-5.2.20.RELEASE.jar:/home/runner/.m2/repository/org/springframework/spring-core/5.2.20.RELEASE/spring-core-5.2.20.RELEASE.jar:/home/runner/.m2/repository/org/springframework/spring-jcl/5.2.20.RELEASE/spring-jcl-5.2.20.RELEASE.jar:/home/runner/.m2/repository/org/springframework/spring-tx/5.2.20.RELEASE/spring-tx-5.2.20.RELEASE.jar:/home/runner/.m2/repository/org/apache/ozone/ozone-client/1.3.0-SNAPSHOT/ozone-client-1.3.0-SNAPSHOT.jar:/home/runner/.m2/repository/org/apache/ozone/hdds-erasurecode/1.3.0-SNAPSHOT/hdds-erasurecode-1.3.0-SNAPSHOT.jar:/home/runner/.m2/repository/com/github/spotbugs/spotbugs-annotations/3.1.12/spotbugs-annotations-3.1.12.jar:/home/runner/.m2/repository/org/apache/ozone/ozone-filesystem/1.3.0-SNAPSHOT/ozone-filesystem-1.3.0-SNAPSHOT.jar:/home/runner/.m2/repository/org/apache/ozone/ozone-filesystem-common/1.3.0-SNAPSHOT/ozone-filesystem-common-1.3.0-SNAPSHOT.jar:/home/runner/.m2/repository/org/apache/ozone/ozone-tools/1.3.0-SNAPSHOT/ozone-tools-1.3.0-SNAPSHOT.jar:/home/runner/.m2/repository/org/apache/ratis/ratis-tools/2.3.0/ratis-tools-2.3.0.jar:/home/runner/.m2/repository/com/amazonaws/aws-java-sdk-core/1.12.124/aws-java-sdk-core-1.12.124.jar:/home/runner/.m2/repository/org/apache/httpcomponents/httpclient/4.5.13/httpclient-4.5.13.jar:/home/runner/.m2/repository/org/apache/httpcomponents/httpcore/4.4.13/httpcore-4.4.13.jar:/home/runner/.m2/repository/software/amazon/ion/ion-java/1.0.2/ion-java-1.0.2.jar:/home/runner/.m2/repository/com/fasterxml/jackson/dataformat/jackson-dataformat-cbor/2.13.2/jackson-dataformat-cbor-2.13.2.jar:/home/runner/.m2/repository/joda-time/joda-time/2.8.1/joda-time-2.8.1.jar:/home/runner/.m2/repository/com/amazonaws/aws-java-sdk-s3/1.12.124/aws-java-sdk-s3-1.12.124.jar:/home/runner/.m2/repository/com/amazonaws/aws-java-sdk-kms/1.12.124/aws-java-sdk-kms-1.12.124.jar:/home/runner/.m2/repository/com/amazonaws/jmespath-java/1.12.124/jmespath-java-1.12.124.jar:/home/runner/.m2/repository/org/kohsuke/metainf-services/metainf-services/1.8/metainf-services-1.8.jar:/home/runner/.m2/repository/org/apache/ozone/hdds-tools/1.3.0-SNAPSHOT/hdds-tools-1.3.0-SNAPSHOT.jar:/home/runner/.m2/repository/commons-cli/commons-cli/1.2/commons-cli-1.2.jar:/home/runner/.m2/repository/org/apache/commons/commons-lang3/3.7/commons-lang3-3.7.jar:/home/runner/.m2/repository/org/apache/ozone/ozone-manager/1.3.0-SNAPSHOT/ozone-manager-1.3.0-SNAPSHOT-tests.jar:/home/runner/.m2/repository/org/apache/ozone/hdds-common/1.3.0-SNAPSHOT/hdds-common-1.3.0-SNAPSHOT-tests.jar:/home/runner/.m2/repository/org/apache/ozone/hdds-hadoop-dependency-client/1.3.0-SNAPSHOT/hdds-hadoop-dependency-client-1.3.0-SNAPSHOT.jar:/home/runner/.m2/repository/info/picocli/picocli/4.6.1/picocli-4.6.1.jar:/home/runner/.m2/repository/com/fasterxml/jackson/core/jackson-annotations/2.13.2/jackson-annotations-2.13.2.jar:/home/runner/.m2/repository/com/fasterxml/jackson/datatype/jackson-datatype-jsr310/2.13.2/jackson-datatype-jsr310-2.13.2.jar:/home/runner/.m2/repository/javax/annotation/javax.annotation-api/1.2/javax.annotation-api-1.2.jar:/home/runner/.m2/repository/org/apache/ratis/ratis-server/2.3.0/ratis-server-2.3.0.jar:/home/runner/.m2/repository/org/apache/ratis/ratis-client/2.3.0/ratis-client-2.3.0.jar:/home/runner/.m2/repository/org/apache/ratis/ratis-server-api/2.3.0/ratis-server-api-2.3.0.jar:/home/runner/.m2/repository/org/apache/ratis/ratis-metrics/2.3.0/ratis-metrics-2.3.0.jar:/home/runner/.m2/repository/org/apache/ratis/ratis-netty/2.3.0/ratis-netty-2.3.0.jar:/home/runner/.m2/repository/org/apache/ratis/ratis-grpc/2.3.0/ratis-grpc-2.3.0.jar:/home/runner/.m2/repository/org/apache/logging/log4j/log4j-api/2.17.1/log4j-api-2.17.1.jar:/home/runner/.m2/repository/org/apache/commons/commons-pool2/2.6.0/commons-pool2-2.6.0.jar:/home/runner/.m2/repository/org/bouncycastle/bcpkix-jdk15on/1.67/bcpkix-jdk15on-1.67.jar:/home/runner/.m2/repository/commons-validator/commons-validator/1.6/commons-validator-1.6.jar:/home/runner/.m2/repository/commons-beanutils/commons-beanutils/1.9.4/commons-beanutils-1.9.4.jar:/home/runner/.m2/repository/commons-digester/commons-digester/1.8.1/commons-digester-1.8.1.jar:/home/runner/.m2/repository/commons-collections/commons-collections/3.2.2/commons-collections-3.2.2.jar:/home/runner/.m2/repository/io/jaegertracing/jaeger-client/1.6.0/jaeger-client-1.6.0.jar:/home/runner/.m2/repository/io/jaegertracing/jaeger-thrift/1.6.0/jaeger-thrift-1.6.0.jar:/home/runner/.m2/repository/org/apache/thrift/libthrift/0.14.1/libthrift-0.14.1.jar:/home/runner/.m2/repository/com/squareup/okhttp3/okhttp/4.9.0/okhttp-4.9.0.jar:/home/runner/.m2/repository/com/squareup/okio/okio/2.8.0/okio-2.8.0.jar:/home/runner/.m2/repository/io/jaegertracing/jaeger-core/1.6.0/jaeger-core-1.6.0.jar:/home/runner/.m2/repository/io/jaegertracing/jaeger-tracerresolver/1.6.0/jaeger-tracerresolver-1.6.0.jar:/home/runner/.m2/repository/io/opentracing/contrib/opentracing-tracerresolver/0.1.8/opentracing-tracerresolver-0.1.8.jar:/home/runner/.m2/repository/org/jetbrains/kotlin/kotlin-stdlib/1.6.21/kotlin-stdlib-1.6.21.jar:/home/runner/.m2/repository/org/jetbrains/kotlin/kotlin-stdlib-common/1.6.21/kotlin-stdlib-common-1.6.21.jar:/home/runner/.m2/repository/org/jetbrains/annotations/13.0/annotations-13.0.jar:/home/runner/.m2/repository/io/opentracing/opentracing-util/0.33.0/opentracing-util-0.33.0.jar:/home/runner/.m2/repository/io/opentracing/opentracing-api/0.33.0/opentracing-api-0.33.0.jar:/home/runner/.m2/repository/io/opentracing/opentracing-noop/0.33.0/opentracing-noop-0.33.0.jar:/home/runner/.m2/repository/org/yaml/snakeyaml/1.26/snakeyaml-1.26.jar:/home/runner/.m2/repository/org/apache/ozone/hdds-interface-admin/1.3.0-SNAPSHOT/hdds-interface-admin-1.3.0-SNAPSHOT.jar:/home/runner/.m2/repository/junit/junit/4.13.1/junit-4.13.1.jar:/home/runner/.m2/repository/org/hamcrest/hamcrest-core/1.3/hamcrest-core-1.3.jar:/home/runner/.m2/repository/org/junit/jupiter/junit-jupiter-api/5.8.2/junit-jupiter-api-5.8.2.jar:/home/runner/.m2/repository/org/opentest4j/opentest4j/1.2.0/opentest4j-1.2.0.jar:/home/runner/.m2/repository/org/junit/platform/junit-platform-commons/1.8.2/junit-platform-commons-1.8.2.jar:/home/runner/.m2/repository/org/apiguardian/apiguardian-api/1.1.2/apiguardian-api-1.1.2.jar:/home/runner/.m2/repository/org/junit/jupiter/junit-jupiter-params/5.8.2/junit-jupiter-params-5.8.2.jar:/home/runner/.m2/repository/org/junit/jupiter/junit-jupiter-migrationsupport/5.8.2/junit-jupiter-migrationsupport-5.8.2.jar:/home/runner/.m2/repository/org/junit/jupiter/junit-jupiter-engine/5.8.2/junit-jupiter-engine-5.8.2.jar:/home/runner/.m2/repository/org/junit/platform/junit-platform-engine/1.8.2/junit-platform-engine-1.8.2.jar:/home/runner/.m2/repository/org/junit/vintage/junit-vintage-engine/5.8.2/junit-vintage-engine-5.8.2.jar:/home/runner/.m2/repository/org/junit/platform/junit-platform-launcher/1.8.2/junit-platform-launcher-1.8.2.jar:/home/runner/.m2/repository/org/mockito/mockito-core/2.28.2/mockito-core-2.28.2.jar:/home/runner/.m2/repository/net/bytebuddy/byte-buddy/1.9.10/byte-buddy-1.9.10.jar:/home/runner/.m2/repository/net/bytebuddy/byte-buddy-agent/1.9.10/byte-buddy-agent-1.9.10.jar:/home/runner/.m2/repository/org/objenesis/objenesis/1.0/objenesis-1.0.jar:/home/runner/.m2/repository/org/apache/hadoop/hadoop-kms/3.3.1/hadoop-kms-3.3.1.jar:/home/runner/.m2/repository/org/apache/hadoop/hadoop-auth/3.3.1/hadoop-auth-3.3.1.jar:/home/runner/.m2/repository/com/nimbusds/nimbus-jose-jwt/7.9/nimbus-jose-jwt-7.9.jar:/home/runner/.m2/repository/com/github/stephenc/jcip/jcip-annotations/1.0-1/jcip-annotations-1.0-1.jar:/home/runner/.m2/repository/net/minidev/json-smart/2.4.7/json-smart-2.4.7.jar:/home/runner/.m2/repository/net/minidev/accessors-smart/2.4.7/accessors-smart-2.4.7.jar:/home/runner/.m2/repository/org/ow2/asm/asm/5.0.4/asm-5.0.4.jar:/home/runner/.m2/repository/org/apache/zookeeper/zookeeper/3.5.6/zookeeper-3.5.6.jar:/home/runner/.m2/repository/org/apache/zookeeper/zookeeper-jute/3.5.6/zookeeper-jute-3.5.6.jar:/home/runner/.m2/repository/org/apache/yetus/audience-annotations/0.5.0/audience-annotations-0.5.0.jar:/home/runner/.m2/repository/org/apache/curator/curator-framework/4.2.0/curator-framework-4.2.0.jar:/home/runner/.m2/repository/org/apache/hadoop/thirdparty/hadoop-shaded-guava/1.1.1/hadoop-shaded-guava-1.1.1.jar:/home/runner/.m2/repository/com/sun/jersey/jersey-core/1.19/jersey-core-1.19.jar:/home/runner/.m2/repository/javax/ws/rs/jsr311-api/1.1.1/jsr311-api-1.1.1.jar:/home/runner/.m2/repository/com/sun/jersey/jersey-server/1.19/jersey-server-1.19.jar:/home/runner/.m2/repository/javax/servlet/javax.servlet-api/3.1.0/javax.servlet-api-3.1.0.jar:/home/runner/.m2/repository/org/eclipse/jetty/jetty-server/9.4.43.v20210629/jetty-server-9.4.43.v20210629.jar:/home/runner/.m2/repository/org/eclipse/jetty/jetty-http/9.4.43.v20210629/jetty-http-9.4.43.v20210629.jar:/home/runner/.m2/repository/org/eclipse/jetty/jetty-io/9.4.43.v20210629/jetty-io-9.4.43.v20210629.jar:/home/runner/.m2/repository/org/eclipse/jetty/jetty-webapp/9.4.43.v20210629/jetty-webapp-9.4.43.v20210629.jar:/home/runner/.m2/repository/org/eclipse/jetty/jetty-xml/9.4.43.v20210629/jetty-xml-9.4.43.v20210629.jar:/home/runner/.m2/repository/org/apache/hadoop/hadoop-common/3.3.1/hadoop-common-3.3.1.jar:/home/runner/.m2/repository/org/apache/commons/commons-math3/3.1.1/commons-math3-3.1.1.jar:/home/runner/.m2/repository/commons-net/commons-net/3.6/commons-net-3.6.jar:/home/runner/.m2/repository/com/sun/jersey/jersey-servlet/1.19/jersey-servlet-1.19.jar:/home/runner/.m2/repository/com/sun/jersey/jersey-json/1.19/jersey-json-1.19.jar:/home/runner/.m2/repository/org/codehaus/jettison/jettison/1.1/jettison-1.1.jar:/home/runner/.m2/repository/com/sun/xml/bind/jaxb-impl/2.2.3-1/jaxb-impl-2.2.3-1.jar:/home/runner/.m2/repository/org/codehaus/jackson/jackson-xc/1.9.2/jackson-xc-1.9.2.jar:/home/runner/.m2/repository/org/apache/commons/commons-configuration2/2.1.1/commons-configuration2-2.1.1.jar:/home/runner/.m2/repository/org/apache/commons/commons-text/1.4/commons-text-1.4.jar:/home/runner/.m2/repository/com/google/re2j/re2j/1.1/re2j-1.1.jar:/home/runner/.m2/repository/com/jcraft/jsch/0.1.54/jsch-0.1.54.jar:/home/runner/.m2/repository/org/apache/curator/curator-client/4.2.0/curator-client-4.2.0.jar:/home/runner/.m2/repository/org/apache/curator/curator-recipes/4.2.0/curator-recipes-4.2.0.jar:/home/runner/.m2/repository/org/apache/kerby/kerb-core/1.0.1/kerb-core-1.0.1.jar:/home/runner/.m2/repository/org/apache/kerby/kerby-pkix/1.0.1/kerby-pkix-1.0.1.jar:/home/runner/.m2/repository/org/apache/kerby/kerby-asn1/1.0.1/kerby-asn1-1.0.1.jar:/home/runner/.m2/repository/org/apache/kerby/kerby-util/1.0.1/kerby-util-1.0.1.jar:/home/runner/.m2/repository/dnsjava/dnsjava/2.1.7/dnsjava-2.1.7.jar:/home/runner/.m2/repository/org/xerial/snappy/snappy-java/1.1.8.2/snappy-java-1.1.8.2.jar:/home/runner/.m2/repository/org/slf4j/jul-to-slf4j/1.7.30/jul-to-slf4j-1.7.30.jar:/home/runner/.m2/repository/org/eclipse/jetty/jetty-util/9.4.43.v20210629/jetty-util-9.4.43.v20210629.jar:/home/runner/.m2/repository/com/fasterxml/jackson/core/jackson-databind/2.13.2.2/jackson-databind-2.13.2.2.jar:/home/runner/.m2/repository/org/apache/hadoop/hadoop-kms/3.3.1/hadoop-kms-3.3.1-tests.jar:/home/runner/.m2/repository/org/apache/ozone/hdds-server-scm/1.3.0-SNAPSHOT/hdds-server-scm-1.3.0-SNAPSHOT-tests.jar:/home/runner/.m2/repository/org/apache/ozone/hdds-container-service/1.3.0-SNAPSHOT/hdds-container-service-1.3.0-SNAPSHOT-tests.jar:/home/runner/.m2/repository/commons-codec/commons-codec/1.11/commons-codec-1.11.jar:/home/runner/.m2/repository/io/netty/netty-codec/4.1.74.Final/netty-codec-4.1.74.Final.jar:/home/runner/.m2/repository/io/netty/netty-handler/4.1.74.Final/netty-handler-4.1.74.Final.jar:/home/runner/.m2/repository/org/apache/ozone/hdds-hadoop-dependency-test/1.3.0-SNAPSHOT/hdds-hadoop-dependency-test-1.3.0-SNAPSHOT.jar:/home/runner/.m2/repository/org/apache/hadoop/hadoop-common/3.3.1/hadoop-common-3.3.1-tests.jar:/home/runner/.m2/repository/org/assertj/assertj-core/3.12.2/assertj-core-3.12.2.jar:/home/runner/.m2/repository/org/apache/hadoop/hadoop-hdfs/3.3.1/hadoop-hdfs-3.3.1-tests.jar:/home/runner/.m2/repository/org/eclipse/jetty/jetty-util-ajax/9.4.43.v20210629/jetty-util-ajax-9.4.43.v20210629.jar:/home/runner/.m2/repository/commons-daemon/commons-daemon/1.0.13/commons-daemon-1.0.13.jar:/home/runner/.m2/repository/io/netty/netty/3.10.6.Final/netty-3.10.6.Final.jar:/home/runner/.m2/repository/io/netty/netty-all/4.1.74.Final/netty-all-4.1.74.Final.jar:/home/runner/.m2/repository/io/netty/netty-codec-dns/4.1.74.Final/netty-codec-dns-4.1.74.Final.jar:/home/runner/.m2/repository/io/netty/netty-codec-haproxy/4.1.74.Final/netty-codec-haproxy-4.1.74.Final.jar:/home/runner/.m2/repository/io/netty/netty-codec-memcache/4.1.74.Final/netty-codec-memcache-4.1.74.Final.jar:/home/runner/.m2/repository/io/netty/netty-codec-mqtt/4.1.74.Final/netty-codec-mqtt-4.1.74.Final.jar:/home/runner/.m2/repository/io/netty/netty-codec-redis/4.1.74.Final/netty-codec-redis-4.1.74.Final.jar:/home/runner/.m2/repository/io/netty/netty-codec-smtp/4.1.74.Final/netty-codec-smtp-4.1.74.Final.jar:/home/runner/.m2/repository/io/netty/netty-codec-stomp/4.1.74.Final/netty-codec-stomp-4.1.74.Final.jar:/home/runner/.m2/repository/io/netty/netty-codec-xml/4.1.74.Final/netty-codec-xml-4.1.74.Final.jar:/home/runner/.m2/repository/io/netty/netty-resolver-dns/4.1.74.Final/netty-resolver-dns-4.1.74.Final.jar:/home/runner/.m2/repository/io/netty/netty-transport-rxtx/4.1.74.Final/netty-transport-rxtx-4.1.74.Final.jar:/home/runner/.m2/repository/io/netty/netty-transport-sctp/4.1.74.Final/netty-transport-sctp-4.1.74.Final.jar:/home/runner/.m2/repository/io/netty/netty-transport-udt/4.1.74.Final/netty-transport-udt-4.1.74.Final.jar:/home/runner/.m2/repository/io/netty/netty-transport-classes-kqueue/4.1.74.Final/netty-transport-classes-kqueue-4.1.74.Final.jar:/home/runner/.m2/repository/io/netty/netty-resolver-dns-classes-macos/4.1.74.Final/netty-resolver-dns-classes-macos-4.1.74.Final.jar:/home/runner/.m2/repository/io/netty/netty-transport-native-epoll/4.1.74.Final/netty-transport-native-epoll-4.1.74.Final-linux-aarch_64.jar:/home/runner/.m2/repository/io/netty/netty-transport-native-kqueue/4.1.74.Final/netty-transport-native-kqueue-4.1.74.Final-osx-x86_64.jar:/home/runner/.m2/repository/io/netty/netty-transport-native-kqueue/4.1.74.Final/netty-transport-native-kqueue-4.1.74.Final-osx-aarch_64.jar:/home/runner/.m2/repository/io/netty/netty-resolver-dns-native-macos/4.1.74.Final/netty-resolver-dns-native-macos-4.1.74.Final-osx-x86_64.jar:/home/runner/.m2/repository/io/netty/netty-resolver-dns-native-macos/4.1.74.Final/netty-resolver-dns-native-macos-4.1.74.Final-osx-aarch_64.jar:/home/runner/.m2/repository/org/apache/htrace/htrace-core4/4.1.0-incubating/htrace-core4-4.1.0-incubating.jar:/home/runner/.m2/repository/org/fusesource/leveldbjni/leveldbjni-all/1.8/leveldbjni-all-1.8.jar:/home/runner/.m2/repository/org/apache/hadoop/hadoop-distcp/3.3.1/hadoop-distcp-3.3.1.jar:/home/runner/.m2/repository/org/apache/hadoop/hadoop-mapreduce-client-jobclient/3.3.1/hadoop-mapreduce-client-jobclient-3.3.1.jar:/home/runner/.m2/repository/org/apache/hadoop/hadoop-mapreduce-client-common/3.3.1/hadoop-mapreduce-client-common-3.3.1.jar:/home/runner/.m2/repository/org/apache/hadoop/hadoop-yarn-common/3.3.1/hadoop-yarn-common-3.3.1.jar:/home/runner/.m2/repository/org/apache/hadoop/hadoop-yarn-api/3.3.1/hadoop-yarn-api-3.3.1.jar:/home/runner/.m2/repository/com/sun/jersey/contribs/jersey-guice/1.19/jersey-guice-1.19.jar:/home/runner/.m2/repository/com/fasterxml/jackson/jaxrs/jackson-jaxrs-json-provider/2.13.2/jackson-jaxrs-json-provider-2.13.2.jar:/home/runner/.m2/repository/com/fasterxml/jackson/jaxrs/jackson-jaxrs-base/2.13.2/jackson-jaxrs-base-2.13.2.jar:/home/runner/.m2/repository/org/apache/hadoop/hadoop-yarn-client/3.3.1/hadoop-yarn-client-3.3.1.jar:/home/runner/.m2/repository/org/eclipse/jetty/websocket/websocket-client/9.4.40.v20210413/websocket-client-9.4.40.v20210413.jar:/home/runner/.m2/repository/org/eclipse/jetty/websocket/websocket-common/9.4.40.v20210413/websocket-common-9.4.40.v20210413.jar:/home/runner/.m2/repository/org/eclipse/jetty/websocket/websocket-api/9.4.40.v20210413/websocket-api-9.4.40.v20210413.jar:/home/runner/.m2/repository/org/jline/jline/3.9.0/jline-3.9.0.jar:/home/runner/.m2/repository/org/apache/hadoop/hadoop-mapreduce-client-core/3.3.1/hadoop-mapreduce-client-core-3.3.1.jar:/home/runner/.m2/repository/org/apache/avro/avro/1.7.7/avro-1.7.7.jar:/home/runner/.m2/repository/org/codehaus/jackson/jackson-core-asl/1.9.13/jackson-core-asl-1.9.13.jar:/home/runner/.m2/repository/org/codehaus/jackson/jackson-mapper-asl/1.9.13/jackson-mapper-asl-1.9.13.jar:/home/runner/.m2/repository/com/thoughtworks/paranamer/paranamer/2.3/paranamer-2.3.jar:/home/runner/.m2/repository/org/apache/hadoop/hadoop-annotations/3.3.1/hadoop-annotations-3.3.1.jar:/usr/lib/jvm/temurin-8-jdk-amd64/jre/../lib/tools.jar:/home/runner/.m2/repository/org/apache/hadoop/hadoop-distcp/3.3.1/hadoop-distcp-3.3.1-tests.jar:/home/runner/.m2/repository/org/apache/ratis/ratis-common/2.3.0/ratis-common-2.3.0.jar:/home/runner/.m2/repository/org/apache/ratis/ratis-thirdparty-misc/1.0.0/ratis-thirdparty-misc-1.0.0.jar:/home/runner/.m2/repository/org/apache/ratis/ratis-proto/2.3.0/ratis-proto-2.3.0.jar:/home/runner/.m2/repository/org/apache/ozone/ozone-annotation-processing/1.3.0-SNAPSHOT/ozone-annotation-processing-1.3.0-SNAPSHOT.jar:"/>
    <property name="java.vm.vendor" value="Temurin"/>
    <property name="sun.arch.data.model" value="64"/>
    <property name="test.build.dir" value="/home/runner/work/ozone/ozone/hadoop-ozone/integration-test/target/test-dir"/>
    <property name="test.cache.data" value=""/>
    <property name="java.vendor.url" value="https://adoptium.net/"/>
    <property name="user.timezone" value="Etc/UTC"/>
    <property name="java.vm.specification.version" value="1.8"/>
    <property name="os.name" value="Linux"/>
    <property name="test.build.data" value="/home/runner/work/ozone/ozone/hadoop-ozone/integration-test/target/test-dir"/>
    <property name="sun.java.launcher" value="SUN_STANDARD"/>
    <property name="sun.boot.library.path" value="/usr/lib/jvm/temurin-8-jdk-amd64/jre/lib/amd64"/>
    <property name="sun.java.command" value="/home/runner/work/ozone/ozone/hadoop-ozone/integration-test/target/surefire/surefirebooter2472863278632908026.jar /home/runner/work/ozone/ozone/hadoop-ozone/integration-test/target/surefire 2022-06-11T12-51-10_682-jvmRun1 surefire1007071060839374395tmp surefire_277572331194267080009tmp"/>
    <property name="surefire.test.class.path" value="/home/runner/work/ozone/ozone/hadoop-ozone/integration-test/target/test-classes:/home/runner/work/ozone/ozone/hadoop-ozone/integration-test/target/classes:/home/runner/.m2/repository/org/apache/ozone/ozone-common/1.3.0-SNAPSHOT/ozone-common-1.3.0-SNAPSHOT.jar:/home/runner/.m2/repository/io/grpc/grpc-netty/1.44.0/grpc-netty-1.44.0.jar:/home/runner/.m2/repository/io/grpc/grpc-core/1.44.0/grpc-core-1.44.0.jar:/home/runner/.m2/repository/com/google/android/annotations/4.1.1.4/annotations-4.1.1.4.jar:/home/runner/.m2/repository/org/codehaus/mojo/animal-sniffer-annotations/1.19/animal-sniffer-annotations-1.19.jar:/home/runner/.m2/repository/com/google/errorprone/error_prone_annotations/2.2.0/error_prone_annotations-2.2.0.jar:/home/runner/.m2/repository/io/perfmark/perfmark-api/0.23.0/perfmark-api-0.23.0.jar:/home/runner/.m2/repository/io/netty/netty-codec-http2/4.1.74.Final/netty-codec-http2-4.1.74.Final.jar:/home/runner/.m2/repository/io/netty/netty-common/4.1.74.Final/netty-common-4.1.74.Final.jar:/home/runner/.m2/repository/io/netty/netty-buffer/4.1.74.Final/netty-buffer-4.1.74.Final.jar:/home/runner/.m2/repository/io/netty/netty-codec-http/4.1.74.Final/netty-codec-http-4.1.74.Final.jar:/home/runner/.m2/repository/io/netty/netty-handler-proxy/4.1.74.Final/netty-handler-proxy-4.1.74.Final.jar:/home/runner/.m2/repository/io/netty/netty-codec-socks/4.1.74.Final/netty-codec-socks-4.1.74.Final.jar:/home/runner/.m2/repository/io/netty/netty-tcnative-boringssl-static/2.0.48.Final/netty-tcnative-boringssl-static-2.0.48.Final.jar:/home/runner/.m2/repository/io/netty/netty-tcnative-classes/2.0.48.Final/netty-tcnative-classes-2.0.48.Final.jar:/home/runner/.m2/repository/io/netty/netty-tcnative/2.0.48.Final/netty-tcnative-2.0.48.Final.jar:/home/runner/.m2/repository/org/apache/commons/commons-compress/1.21/commons-compress-1.21.jar:/home/runner/.m2/repository/org/apache/ozone/hdds-common/1.3.0-SNAPSHOT/hdds-common-1.3.0-SNAPSHOT.jar:/home/runner/.m2/repository/org/apache/ozone/hdds-client/1.3.0-SNAPSHOT/hdds-client-1.3.0-SNAPSHOT.jar:/home/runner/.m2/repository/org/apache/ozone/ozone-interface-client/1.3.0-SNAPSHOT/ozone-interface-client-1.3.0-SNAPSHOT.jar:/home/runner/.m2/repository/org/apache/ozone/hdds-test-utils/1.3.0-SNAPSHOT/hdds-test-utils-1.3.0-SNAPSHOT.jar:/home/runner/.m2/repository/com/google/guava/guava/31.1-jre/guava-31.1-jre.jar:/home/runner/.m2/repository/com/google/guava/failureaccess/1.0.1/failureaccess-1.0.1.jar:/home/runner/.m2/repository/com/google/guava/listenablefuture/9999.0-empty-to-avoid-conflict-with-guava/listenablefuture-9999.0-empty-to-avoid-conflict-with-guava.jar:/home/runner/.m2/repository/com/google/code/findbugs/jsr305/3.0.0/jsr305-3.0.0.jar:/home/runner/.m2/repository/org/checkerframework/checker-qual/3.12.0/checker-qual-3.12.0.jar:/home/runner/.m2/repository/com/google/j2objc/j2objc-annotations/1.3/j2objc-annotations-1.3.jar:/home/runner/.m2/repository/commons-io/commons-io/2.11.0/commons-io-2.11.0.jar:/home/runner/.m2/repository/commons-logging/commons-logging/1.2/commons-logging-1.2.jar:/home/runner/.m2/repository/log4j/log4j/1.2.17/log4j-1.2.17.jar:/home/runner/.m2/repository/org/slf4j/slf4j-api/1.7.30/slf4j-api-1.7.30.jar:/home/runner/.m2/repository/org/apache/ozone/hdds-server-scm/1.3.0-SNAPSHOT/hdds-server-scm-1.3.0-SNAPSHOT.jar:/home/runner/.m2/repository/org/apache/ozone/hdds-container-service/1.3.0-SNAPSHOT/hdds-container-service-1.3.0-SNAPSHOT.jar:/home/runner/.m2/repository/org/apache/ozone/hdds-hadoop-dependency-server/1.3.0-SNAPSHOT/hdds-hadoop-dependency-server-1.3.0-SNAPSHOT.jar:/home/runner/.m2/repository/org/apache/hadoop/hadoop-hdfs/3.3.1/hadoop-hdfs-3.3.1.jar:/home/runner/.m2/repository/org/apache/ozone/hdds-server-framework/1.3.0-SNAPSHOT/hdds-server-framework-1.3.0-SNAPSHOT.jar:/home/runner/.m2/repository/org/apache/ozone/hdds-interface-server/1.3.0-SNAPSHOT/hdds-interface-server-1.3.0-SNAPSHOT.jar:/home/runner/.m2/repository/org/apache/logging/log4j/log4j-core/2.17.1/log4j-core-2.17.1.jar:/home/runner/.m2/repository/com/lmax/disruptor/3.4.2/disruptor-3.4.2.jar:/home/runner/.m2/repository/org/eclipse/jetty/jetty-servlet/9.4.43.v20210629/jetty-servlet-9.4.43.v20210629.jar:/home/runner/.m2/repository/org/eclipse/jetty/jetty-security/9.4.43.v20210629/jetty-security-9.4.43.v20210629.jar:/home/runner/.m2/repository/org/rocksdb/rocksdbjni/6.29.5/rocksdbjni-6.29.5.jar:/home/runner/.m2/repository/io/prometheus/simpleclient_dropwizard/0.7.0/simpleclient_dropwizard-0.7.0.jar:/home/runner/.m2/repository/io/prometheus/simpleclient/0.7.0/simpleclient-0.7.0.jar:/home/runner/.m2/repository/io/prometheus/simpleclient_common/0.7.0/simpleclient_common-0.7.0.jar:/home/runner/.m2/repository/io/dropwizard/metrics/metrics-core/3.2.4/metrics-core-3.2.4.jar:/home/runner/.m2/repository/org/apache/hadoop/hadoop-hdfs-client/3.3.1/hadoop-hdfs-client-3.3.1.jar:/home/runner/.m2/repository/org/bouncycastle/bcprov-jdk15on/1.67/bcprov-jdk15on-1.67.jar:/home/runner/.m2/repository/com/google/protobuf/protobuf-java/2.5.0/protobuf-java-2.5.0.jar:/home/runner/.m2/repository/org/apache/ozone/ozone-manager/1.3.0-SNAPSHOT/ozone-manager-1.3.0-SNAPSHOT.jar:/home/runner/.m2/repository/org/aspectj/aspectjrt/1.9.7/aspectjrt-1.9.7.jar:/home/runner/.m2/repository/org/aspectj/aspectjweaver/1.9.7/aspectjweaver-1.9.7.jar:/home/runner/.m2/repository/org/apache/ozone/hdds-interface-client/1.3.0-SNAPSHOT/hdds-interface-client-1.3.0-SNAPSHOT.jar:/home/runner/.m2/repository/org/apache/hadoop/thirdparty/hadoop-shaded-protobuf_3_7/1.1.1/hadoop-shaded-protobuf_3_7-1.1.1.jar:/home/runner/.m2/repository/org/apache/ozone/ozone-interface-storage/1.3.0-SNAPSHOT/ozone-interface-storage-1.3.0-SNAPSHOT.jar:/home/runner/.m2/repository/org/reflections/reflections/0.9.11/reflections-0.9.11.jar:/home/runner/.m2/repository/com/sun/jersey/jersey-client/1.19/jersey-client-1.19.jar:/home/runner/.m2/repository/org/apache/ranger/ranger-intg/3.0.0-SNAPSHOT/ranger-intg-3.0.0-SNAPSHOT.jar:/home/runner/.m2/repository/org/apache/ranger/ranger-plugins-common/3.0.0-SNAPSHOT/ranger-plugins-common-3.0.0-SNAPSHOT.jar:/home/runner/.m2/repository/commons-lang/commons-lang/2.6/commons-lang-2.6.jar:/home/runner/.m2/repository/org/codehaus/jackson/jackson-jaxrs/1.9.13/jackson-jaxrs-1.9.13.jar:/home/runner/.m2/repository/org/apache/ranger/ranger-plugins-cred/3.0.0-SNAPSHOT/ranger-plugins-cred-3.0.0-SNAPSHOT.jar:/home/runner/.m2/repository/org/apache/ranger/ranger-plugins-audit/3.0.0-SNAPSHOT/ranger-plugins-audit-3.0.0-SNAPSHOT.jar:/home/runner/.m2/repository/org/apache/kafka/kafka-clients/2.8.1/kafka-clients-2.8.1.jar:/home/runner/.m2/repository/com/github/luben/zstd-jni/1.4.9-1/zstd-jni-1.4.9-1.jar:/home/runner/.m2/repository/org/apache/solr/solr-solrj/8.6.3/solr-solrj-8.6.3.jar:/home/runner/.m2/repository/org/eclipse/jetty/jetty-client/9.4.44.v20210927/jetty-client-9.4.44.v20210927.jar:/home/runner/.m2/repository/org/apache/httpcomponents/httpmime/4.5.13/httpmime-4.5.13.jar:/home/runner/.m2/repository/org/apache/httpcomponents/httpcore-nio/4.4.14/httpcore-nio-4.4.14.jar:/home/runner/.m2/repository/org/apache/httpcomponents/httpasyncclient/4.1.4/httpasyncclient-4.1.4.jar:/home/runner/.m2/repository/com/carrotsearch/hppc/0.8.0/hppc-0.8.0.jar:/home/runner/.m2/repository/org/apache/hive/hive-storage-api/2.7.2/hive-storage-api-2.7.2.jar:/home/runner/.m2/repository/org/apache/orc/orc-core/1.5.8/orc-core-1.5.8.jar:/home/runner/.m2/repository/com/amazonaws/aws-java-sdk-bundle/1.12.125/aws-java-sdk-bundle-1.12.125.jar:/home/runner/.m2/repository/net/java/dev/jna/jna/5.2.0/jna-5.2.0.jar:/home/runner/.m2/repository/net/java/dev/jna/jna-platform/5.2.0/jna-platform-5.2.0.jar:/home/runner/.m2/repository/com/kstruct/gethostname4j/0.0.2/gethostname4j-0.0.2.jar:/home/runner/.m2/repository/org/apache/ranger/ranger-plugin-classloader/3.0.0-SNAPSHOT/ranger-plugin-classloader-3.0.0-SNAPSHOT.jar:/home/runner/.m2/repository/org/apache/hadoop/hadoop-minikdc/3.3.1/hadoop-minikdc-3.3.1.jar:/home/runner/.m2/repository/org/apache/kerby/kerb-simplekdc/1.0.1/kerb-simplekdc-1.0.1.jar:/home/runner/.m2/repository/org/apache/kerby/kerb-client/1.0.1/kerb-client-1.0.1.jar:/home/runner/.m2/repository/org/apache/kerby/kerby-config/1.0.1/kerby-config-1.0.1.jar:/home/runner/.m2/repository/org/apache/kerby/kerb-common/1.0.1/kerb-common-1.0.1.jar:/home/runner/.m2/repository/org/apache/kerby/kerb-crypto/1.0.1/kerb-crypto-1.0.1.jar:/home/runner/.m2/repository/org/apache/kerby/kerb-util/1.0.1/kerb-util-1.0.1.jar:/home/runner/.m2/repository/org/apache/kerby/token-provider/1.0.1/token-provider-1.0.1.jar:/home/runner/.m2/repository/org/apache/kerby/kerb-admin/1.0.1/kerb-admin-1.0.1.jar:/home/runner/.m2/repository/org/apache/kerby/kerb-server/1.0.1/kerb-server-1.0.1.jar:/home/runner/.m2/repository/org/apache/kerby/kerb-identity/1.0.1/kerb-identity-1.0.1.jar:/home/runner/.m2/repository/org/apache/kerby/kerby-xdr/1.0.1/kerby-xdr-1.0.1.jar:/home/runner/.m2/repository/org/slf4j/slf4j-log4j12/1.7.30/slf4j-log4j12-1.7.30.jar:/home/runner/.m2/repository/org/apache/ozone/ozone-s3gateway/1.3.0-SNAPSHOT/ozone-s3gateway-1.3.0-SNAPSHOT.jar:/home/runner/.m2/repository/org/javassist/javassist/3.21.0-GA/javassist-3.21.0-GA.jar:/home/runner/.m2/repository/org/jboss/weld/servlet/weld-servlet/2.4.7.Final/weld-servlet-2.4.7.Final.jar:/home/runner/.m2/repository/org/glassfish/jersey/containers/jersey-container-servlet-core/2.33/jersey-container-servlet-core-2.33.jar:/home/runner/.m2/repository/org/glassfish/hk2/external/jakarta.inject/2.6.1/jakarta.inject-2.6.1.jar:/home/runner/.m2/repository/org/glassfish/jersey/core/jersey-common/2.33/jersey-common-2.33.jar:/home/runner/.m2/repository/jakarta/ws/rs/jakarta.ws.rs-api/2.1.6/jakarta.ws.rs-api-2.1.6.jar:/home/runner/.m2/repository/org/glassfish/jersey/ext/cdi/jersey-cdi1x/2.33/jersey-cdi1x-2.33.jar:/home/runner/.m2/repository/org/glassfish/jersey/inject/jersey-hk2/2.33/jersey-hk2-2.33.jar:/home/runner/.m2/repository/org/glassfish/hk2/hk2-locator/2.6.1/hk2-locator-2.6.1.jar:/home/runner/.m2/repository/org/glassfish/jersey/media/jersey-media-jaxb/2.33/jersey-media-jaxb-2.33.jar:/home/runner/.m2/repository/org/glassfish/hk2/osgi-resource-locator/1.0.3/osgi-resource-locator-1.0.3.jar:/home/runner/.m2/repository/org/glassfish/hk2/hk2-api/2.5.0/hk2-api-2.5.0.jar:/home/runner/.m2/repository/org/glassfish/hk2/hk2-utils/2.5.0/hk2-utils-2.5.0.jar:/home/runner/.m2/repository/org/glassfish/hk2/external/aopalliance-repackaged/2.5.0/aopalliance-repackaged-2.5.0.jar:/home/runner/.m2/repository/com/fasterxml/jackson/dataformat/jackson-dataformat-xml/2.13.2/jackson-dataformat-xml-2.13.2.jar:/home/runner/.m2/repository/com/fasterxml/jackson/core/jackson-core/2.13.2/jackson-core-2.13.2.jar:/home/runner/.m2/repository/org/codehaus/woodstox/stax2-api/3.1.4/stax2-api-3.1.4.jar:/home/runner/.m2/repository/com/fasterxml/woodstox/woodstox-core/5.0.3/woodstox-core-5.0.3.jar:/home/runner/.m2/repository/com/fasterxml/jackson/module/jackson-module-jaxb-annotations/2.13.2/jackson-module-jaxb-annotations-2.13.2.jar:/home/runner/.m2/repository/jakarta/xml/bind/jakarta.xml.bind-api/2.3.3/jakarta.xml.bind-api-2.3.3.jar:/home/runner/.m2/repository/jakarta/activation/jakarta.activation-api/1.2.1/jakarta.activation-api-1.2.1.jar:/home/runner/.m2/repository/javax/enterprise/cdi-api/1.2/cdi-api-1.2.jar:/home/runner/.m2/repository/javax/el/javax.el-api/3.0.0/javax.el-api-3.0.0.jar:/home/runner/.m2/repository/javax/interceptor/javax.interceptor-api/1.2/javax.interceptor-api-1.2.jar:/home/runner/.m2/repository/javax/inject/javax.inject/1/javax.inject-1.jar:/home/runner/.m2/repository/javax/xml/bind/jaxb-api/2.3.0/jaxb-api-2.3.0.jar:/home/runner/.m2/repository/org/glassfish/jaxb/jaxb-runtime/2.3.0.1/jaxb-runtime-2.3.0.1.jar:/home/runner/.m2/repository/org/glassfish/jaxb/jaxb-core/2.3.0.1/jaxb-core-2.3.0.1.jar:/home/runner/.m2/repository/org/glassfish/jaxb/txw2/2.3.0.1/txw2-2.3.0.1.jar:/home/runner/.m2/repository/com/sun/istack/istack-commons-runtime/3.0.5/istack-commons-runtime-3.0.5.jar:/home/runner/.m2/repository/org/jvnet/staxex/stax-ex/1.7.8/stax-ex-1.7.8.jar:/home/runner/.m2/repository/com/sun/xml/fastinfoset/FastInfoset/1.2.13/FastInfoset-1.2.13.jar:/home/runner/.m2/repository/javax/activation/activation/1.1.1/activation-1.1.1.jar:/home/runner/.m2/repository/io/grpc/grpc-protobuf/1.44.0/grpc-protobuf-1.44.0.jar:/home/runner/.m2/repository/io/grpc/grpc-api/1.44.0/grpc-api-1.44.0.jar:/home/runner/.m2/repository/io/grpc/grpc-context/1.44.0/grpc-context-1.44.0.jar:/home/runner/.m2/repository/com/google/api/grpc/proto-google-common-protos/2.0.1/proto-google-common-protos-2.0.1.jar:/home/runner/.m2/repository/io/grpc/grpc-protobuf-lite/1.44.0/grpc-protobuf-lite-1.44.0.jar:/home/runner/.m2/repository/io/grpc/grpc-stub/1.44.0/grpc-stub-1.44.0.jar:/home/runner/.m2/repository/io/netty/netty-transport/4.1.74.Final/netty-transport-4.1.74.Final.jar:/home/runner/.m2/repository/io/netty/netty-resolver/4.1.74.Final/netty-resolver-4.1.74.Final.jar:/home/runner/.m2/repository/org/apache/ozone/ozone-csi/1.3.0-SNAPSHOT/ozone-csi-1.3.0-SNAPSHOT.jar:/home/runner/.m2/repository/com/google/protobuf/protobuf-java-util/3.19.2/protobuf-java-util-3.19.2.jar:/home/runner/.m2/repository/com/google/code/gson/gson/2.8.9/gson-2.8.9.jar:/home/runner/.m2/repository/org/apache/ozone/hdds-config/1.3.0-SNAPSHOT/hdds-config-1.3.0-SNAPSHOT.jar:/home/runner/.m2/repository/io/netty/netty-transport-native-epoll/4.1.74.Final/netty-transport-native-epoll-4.1.74.Final-linux-x86_64.jar:/home/runner/.m2/repository/io/netty/netty-transport-classes-epoll/4.1.74.Final/netty-transport-classes-epoll-4.1.74.Final.jar:/home/runner/.m2/repository/io/netty/netty-transport-native-unix-common/4.1.74.Final/netty-transport-native-unix-common-4.1.74.Final.jar:/home/runner/.m2/repository/org/apache/ozone/ozone-recon/1.3.0-SNAPSHOT/ozone-recon-1.3.0-SNAPSHOT.jar:/home/runner/.m2/repository/org/apache/ozone/ozone-reconcodegen/1.3.0-SNAPSHOT/ozone-reconcodegen-1.3.0-SNAPSHOT.jar:/home/runner/.m2/repository/com/google/inject/extensions/guice-multibindings/4.0/guice-multibindings-4.0.jar:/home/runner/.m2/repository/com/google/inject/guice/4.0/guice-4.0.jar:/home/runner/.m2/repository/aopalliance/aopalliance/1.0/aopalliance-1.0.jar:/home/runner/.m2/repository/com/google/inject/extensions/guice-assistedinject/4.0/guice-assistedinject-4.0.jar:/home/runner/.m2/repository/com/google/inject/extensions/guice-servlet/4.0/guice-servlet-4.0.jar:/home/runner/.m2/repository/org/glassfish/jersey/containers/jersey-container-servlet/2.33/jersey-container-servlet-2.33.jar:/home/runner/.m2/repository/org/glassfish/hk2/guice-bridge/2.5.0/guice-bridge-2.5.0.jar:/home/runner/.m2/repository/org/glassfish/jersey/core/jersey-server/2.33/jersey-server-2.33.jar:/home/runner/.m2/repository/org/glassfish/jersey/core/jersey-client/2.33/jersey-client-2.33.jar:/home/runner/.m2/repository/jakarta/annotation/jakarta.annotation-api/1.3.5/jakarta.annotation-api-1.3.5.jar:/home/runner/.m2/repository/jakarta/validation/jakarta.validation-api/2.0.2/jakarta.validation-api-2.0.2.jar:/home/runner/.m2/repository/org/glassfish/jersey/media/jersey-media-json-jackson/2.33/jersey-media-json-jackson-2.33.jar:/home/runner/.m2/repository/org/glassfish/jersey/ext/jersey-entity-filtering/2.33/jersey-entity-filtering-2.33.jar:/home/runner/.m2/repository/org/jooq/jooq/3.11.10/jooq-3.11.10.jar:/home/runner/.m2/repository/org/jooq/jooq-meta/3.11.10/jooq-meta-3.11.10.jar:/home/runner/.m2/repository/org/jooq/jooq-codegen/3.11.10/jooq-codegen-3.11.10.jar:/home/runner/.m2/repository/com/jolbox/bonecp/0.8.0.RELEASE/bonecp-0.8.0.RELEASE.jar:/home/runner/.m2/repository/org/apache/derby/derby/10.14.2.0/derby-10.14.2.0.jar:/home/runner/.m2/repository/org/xerial/sqlite-jdbc/3.25.2/sqlite-jdbc-3.25.2.jar:/home/runner/.m2/repository/org/springframework/spring-jdbc/5.2.20.RELEASE/spring-jdbc-5.2.20.RELEASE.jar:/home/runner/.m2/repository/org/springframework/spring-beans/5.2.20.RELEASE/spring-beans-5.2.20.RELEASE.jar:/home/runner/.m2/repository/org/springframework/spring-core/5.2.20.RELEASE/spring-core-5.2.20.RELEASE.jar:/home/runner/.m2/repository/org/springframework/spring-jcl/5.2.20.RELEASE/spring-jcl-5.2.20.RELEASE.jar:/home/runner/.m2/repository/org/springframework/spring-tx/5.2.20.RELEASE/spring-tx-5.2.20.RELEASE.jar:/home/runner/.m2/repository/org/apache/ozone/ozone-client/1.3.0-SNAPSHOT/ozone-client-1.3.0-SNAPSHOT.jar:/home/runner/.m2/repository/org/apache/ozone/hdds-erasurecode/1.3.0-SNAPSHOT/hdds-erasurecode-1.3.0-SNAPSHOT.jar:/home/runner/.m2/repository/com/github/spotbugs/spotbugs-annotations/3.1.12/spotbugs-annotations-3.1.12.jar:/home/runner/.m2/repository/org/apache/ozone/ozone-filesystem/1.3.0-SNAPSHOT/ozone-filesystem-1.3.0-SNAPSHOT.jar:/home/runner/.m2/repository/org/apache/ozone/ozone-filesystem-common/1.3.0-SNAPSHOT/ozone-filesystem-common-1.3.0-SNAPSHOT.jar:/home/runner/.m2/repository/org/apache/ozone/ozone-tools/1.3.0-SNAPSHOT/ozone-tools-1.3.0-SNAPSHOT.jar:/home/runner/.m2/repository/org/apache/ratis/ratis-tools/2.3.0/ratis-tools-2.3.0.jar:/home/runner/.m2/repository/com/amazonaws/aws-java-sdk-core/1.12.124/aws-java-sdk-core-1.12.124.jar:/home/runner/.m2/repository/org/apache/httpcomponents/httpclient/4.5.13/httpclient-4.5.13.jar:/home/runner/.m2/repository/org/apache/httpcomponents/httpcore/4.4.13/httpcore-4.4.13.jar:/home/runner/.m2/repository/software/amazon/ion/ion-java/1.0.2/ion-java-1.0.2.jar:/home/runner/.m2/repository/com/fasterxml/jackson/dataformat/jackson-dataformat-cbor/2.13.2/jackson-dataformat-cbor-2.13.2.jar:/home/runner/.m2/repository/joda-time/joda-time/2.8.1/joda-time-2.8.1.jar:/home/runner/.m2/repository/com/amazonaws/aws-java-sdk-s3/1.12.124/aws-java-sdk-s3-1.12.124.jar:/home/runner/.m2/repository/com/amazonaws/aws-java-sdk-kms/1.12.124/aws-java-sdk-kms-1.12.124.jar:/home/runner/.m2/repository/com/amazonaws/jmespath-java/1.12.124/jmespath-java-1.12.124.jar:/home/runner/.m2/repository/org/kohsuke/metainf-services/metainf-services/1.8/metainf-services-1.8.jar:/home/runner/.m2/repository/org/apache/ozone/hdds-tools/1.3.0-SNAPSHOT/hdds-tools-1.3.0-SNAPSHOT.jar:/home/runner/.m2/repository/commons-cli/commons-cli/1.2/commons-cli-1.2.jar:/home/runner/.m2/repository/org/apache/commons/commons-lang3/3.7/commons-lang3-3.7.jar:/home/runner/.m2/repository/org/apache/ozone/ozone-manager/1.3.0-SNAPSHOT/ozone-manager-1.3.0-SNAPSHOT-tests.jar:/home/runner/.m2/repository/org/apache/ozone/hdds-common/1.3.0-SNAPSHOT/hdds-common-1.3.0-SNAPSHOT-tests.jar:/home/runner/.m2/repository/org/apache/ozone/hdds-hadoop-dependency-client/1.3.0-SNAPSHOT/hdds-hadoop-dependency-client-1.3.0-SNAPSHOT.jar:/home/runner/.m2/repository/info/picocli/picocli/4.6.1/picocli-4.6.1.jar:/home/runner/.m2/repository/com/fasterxml/jackson/core/jackson-annotations/2.13.2/jackson-annotations-2.13.2.jar:/home/runner/.m2/repository/com/fasterxml/jackson/datatype/jackson-datatype-jsr310/2.13.2/jackson-datatype-jsr310-2.13.2.jar:/home/runner/.m2/repository/javax/annotation/javax.annotation-api/1.2/javax.annotation-api-1.2.jar:/home/runner/.m2/repository/org/apache/ratis/ratis-server/2.3.0/ratis-server-2.3.0.jar:/home/runner/.m2/repository/org/apache/ratis/ratis-client/2.3.0/ratis-client-2.3.0.jar:/home/runner/.m2/repository/org/apache/ratis/ratis-server-api/2.3.0/ratis-server-api-2.3.0.jar:/home/runner/.m2/repository/org/apache/ratis/ratis-metrics/2.3.0/ratis-metrics-2.3.0.jar:/home/runner/.m2/repository/org/apache/ratis/ratis-netty/2.3.0/ratis-netty-2.3.0.jar:/home/runner/.m2/repository/org/apache/ratis/ratis-grpc/2.3.0/ratis-grpc-2.3.0.jar:/home/runner/.m2/repository/org/apache/logging/log4j/log4j-api/2.17.1/log4j-api-2.17.1.jar:/home/runner/.m2/repository/org/apache/commons/commons-pool2/2.6.0/commons-pool2-2.6.0.jar:/home/runner/.m2/repository/org/bouncycastle/bcpkix-jdk15on/1.67/bcpkix-jdk15on-1.67.jar:/home/runner/.m2/repository/commons-validator/commons-validator/1.6/commons-validator-1.6.jar:/home/runner/.m2/repository/commons-beanutils/commons-beanutils/1.9.4/commons-beanutils-1.9.4.jar:/home/runner/.m2/repository/commons-digester/commons-digester/1.8.1/commons-digester-1.8.1.jar:/home/runner/.m2/repository/commons-collections/commons-collections/3.2.2/commons-collections-3.2.2.jar:/home/runner/.m2/repository/io/jaegertracing/jaeger-client/1.6.0/jaeger-client-1.6.0.jar:/home/runner/.m2/repository/io/jaegertracing/jaeger-thrift/1.6.0/jaeger-thrift-1.6.0.jar:/home/runner/.m2/repository/org/apache/thrift/libthrift/0.14.1/libthrift-0.14.1.jar:/home/runner/.m2/repository/com/squareup/okhttp3/okhttp/4.9.0/okhttp-4.9.0.jar:/home/runner/.m2/repository/com/squareup/okio/okio/2.8.0/okio-2.8.0.jar:/home/runner/.m2/repository/io/jaegertracing/jaeger-core/1.6.0/jaeger-core-1.6.0.jar:/home/runner/.m2/repository/io/jaegertracing/jaeger-tracerresolver/1.6.0/jaeger-tracerresolver-1.6.0.jar:/home/runner/.m2/repository/io/opentracing/contrib/opentracing-tracerresolver/0.1.8/opentracing-tracerresolver-0.1.8.jar:/home/runner/.m2/repository/org/jetbrains/kotlin/kotlin-stdlib/1.6.21/kotlin-stdlib-1.6.21.jar:/home/runner/.m2/repository/org/jetbrains/kotlin/kotlin-stdlib-common/1.6.21/kotlin-stdlib-common-1.6.21.jar:/home/runner/.m2/repository/org/jetbrains/annotations/13.0/annotations-13.0.jar:/home/runner/.m2/repository/io/opentracing/opentracing-util/0.33.0/opentracing-util-0.33.0.jar:/home/runner/.m2/repository/io/opentracing/opentracing-api/0.33.0/opentracing-api-0.33.0.jar:/home/runner/.m2/repository/io/opentracing/opentracing-noop/0.33.0/opentracing-noop-0.33.0.jar:/home/runner/.m2/repository/org/yaml/snakeyaml/1.26/snakeyaml-1.26.jar:/home/runner/.m2/repository/org/apache/ozone/hdds-interface-admin/1.3.0-SNAPSHOT/hdds-interface-admin-1.3.0-SNAPSHOT.jar:/home/runner/.m2/repository/junit/junit/4.13.1/junit-4.13.1.jar:/home/runner/.m2/repository/org/hamcrest/hamcrest-core/1.3/hamcrest-core-1.3.jar:/home/runner/.m2/repository/org/junit/jupiter/junit-jupiter-api/5.8.2/junit-jupiter-api-5.8.2.jar:/home/runner/.m2/repository/org/opentest4j/opentest4j/1.2.0/opentest4j-1.2.0.jar:/home/runner/.m2/repository/org/junit/platform/junit-platform-commons/1.8.2/junit-platform-commons-1.8.2.jar:/home/runner/.m2/repository/org/apiguardian/apiguardian-api/1.1.2/apiguardian-api-1.1.2.jar:/home/runner/.m2/repository/org/junit/jupiter/junit-jupiter-params/5.8.2/junit-jupiter-params-5.8.2.jar:/home/runner/.m2/repository/org/junit/jupiter/junit-jupiter-migrationsupport/5.8.2/junit-jupiter-migrationsupport-5.8.2.jar:/home/runner/.m2/repository/org/junit/jupiter/junit-jupiter-engine/5.8.2/junit-jupiter-engine-5.8.2.jar:/home/runner/.m2/repository/org/junit/platform/junit-platform-engine/1.8.2/junit-platform-engine-1.8.2.jar:/home/runner/.m2/repository/org/junit/vintage/junit-vintage-engine/5.8.2/junit-vintage-engine-5.8.2.jar:/home/runner/.m2/repository/org/junit/platform/junit-platform-launcher/1.8.2/junit-platform-launcher-1.8.2.jar:/home/runner/.m2/repository/org/mockito/mockito-core/2.28.2/mockito-core-2.28.2.jar:/home/runner/.m2/repository/net/bytebuddy/byte-buddy/1.9.10/byte-buddy-1.9.10.jar:/home/runner/.m2/repository/net/bytebuddy/byte-buddy-agent/1.9.10/byte-buddy-agent-1.9.10.jar:/home/runner/.m2/repository/org/objenesis/objenesis/1.0/objenesis-1.0.jar:/home/runner/.m2/repository/org/apache/hadoop/hadoop-kms/3.3.1/hadoop-kms-3.3.1.jar:/home/runner/.m2/repository/org/apache/hadoop/hadoop-auth/3.3.1/hadoop-auth-3.3.1.jar:/home/runner/.m2/repository/com/nimbusds/nimbus-jose-jwt/7.9/nimbus-jose-jwt-7.9.jar:/home/runner/.m2/repository/com/github/stephenc/jcip/jcip-annotations/1.0-1/jcip-annotations-1.0-1.jar:/home/runner/.m2/repository/net/minidev/json-smart/2.4.7/json-smart-2.4.7.jar:/home/runner/.m2/repository/net/minidev/accessors-smart/2.4.7/accessors-smart-2.4.7.jar:/home/runner/.m2/repository/org/ow2/asm/asm/5.0.4/asm-5.0.4.jar:/home/runner/.m2/repository/org/apache/zookeeper/zookeeper/3.5.6/zookeeper-3.5.6.jar:/home/runner/.m2/repository/org/apache/zookeeper/zookeeper-jute/3.5.6/zookeeper-jute-3.5.6.jar:/home/runner/.m2/repository/org/apache/yetus/audience-annotations/0.5.0/audience-annotations-0.5.0.jar:/home/runner/.m2/repository/org/apache/curator/curator-framework/4.2.0/curator-framework-4.2.0.jar:/home/runner/.m2/repository/org/apache/hadoop/thirdparty/hadoop-shaded-guava/1.1.1/hadoop-shaded-guava-1.1.1.jar:/home/runner/.m2/repository/com/sun/jersey/jersey-core/1.19/jersey-core-1.19.jar:/home/runner/.m2/repository/javax/ws/rs/jsr311-api/1.1.1/jsr311-api-1.1.1.jar:/home/runner/.m2/repository/com/sun/jersey/jersey-server/1.19/jersey-server-1.19.jar:/home/runner/.m2/repository/javax/servlet/javax.servlet-api/3.1.0/javax.servlet-api-3.1.0.jar:/home/runner/.m2/repository/org/eclipse/jetty/jetty-server/9.4.43.v20210629/jetty-server-9.4.43.v20210629.jar:/home/runner/.m2/repository/org/eclipse/jetty/jetty-http/9.4.43.v20210629/jetty-http-9.4.43.v20210629.jar:/home/runner/.m2/repository/org/eclipse/jetty/jetty-io/9.4.43.v20210629/jetty-io-9.4.43.v20210629.jar:/home/runner/.m2/repository/org/eclipse/jetty/jetty-webapp/9.4.43.v20210629/jetty-webapp-9.4.43.v20210629.jar:/home/runner/.m2/repository/org/eclipse/jetty/jetty-xml/9.4.43.v20210629/jetty-xml-9.4.43.v20210629.jar:/home/runner/.m2/repository/org/apache/hadoop/hadoop-common/3.3.1/hadoop-common-3.3.1.jar:/home/runner/.m2/repository/org/apache/commons/commons-math3/3.1.1/commons-math3-3.1.1.jar:/home/runner/.m2/repository/commons-net/commons-net/3.6/commons-net-3.6.jar:/home/runner/.m2/repository/com/sun/jersey/jersey-servlet/1.19/jersey-servlet-1.19.jar:/home/runner/.m2/repository/com/sun/jersey/jersey-json/1.19/jersey-json-1.19.jar:/home/runner/.m2/repository/org/codehaus/jettison/jettison/1.1/jettison-1.1.jar:/home/runner/.m2/repository/com/sun/xml/bind/jaxb-impl/2.2.3-1/jaxb-impl-2.2.3-1.jar:/home/runner/.m2/repository/org/codehaus/jackson/jackson-xc/1.9.2/jackson-xc-1.9.2.jar:/home/runner/.m2/repository/org/apache/commons/commons-configuration2/2.1.1/commons-configuration2-2.1.1.jar:/home/runner/.m2/repository/org/apache/commons/commons-text/1.4/commons-text-1.4.jar:/home/runner/.m2/repository/com/google/re2j/re2j/1.1/re2j-1.1.jar:/home/runner/.m2/repository/com/jcraft/jsch/0.1.54/jsch-0.1.54.jar:/home/runner/.m2/repository/org/apache/curator/curator-client/4.2.0/curator-client-4.2.0.jar:/home/runner/.m2/repository/org/apache/curator/curator-recipes/4.2.0/curator-recipes-4.2.0.jar:/home/runner/.m2/repository/org/apache/kerby/kerb-core/1.0.1/kerb-core-1.0.1.jar:/home/runner/.m2/repository/org/apache/kerby/kerby-pkix/1.0.1/kerby-pkix-1.0.1.jar:/home/runner/.m2/repository/org/apache/kerby/kerby-asn1/1.0.1/kerby-asn1-1.0.1.jar:/home/runner/.m2/repository/org/apache/kerby/kerby-util/1.0.1/kerby-util-1.0.1.jar:/home/runner/.m2/repository/dnsjava/dnsjava/2.1.7/dnsjava-2.1.7.jar:/home/runner/.m2/repository/org/xerial/snappy/snappy-java/1.1.8.2/snappy-java-1.1.8.2.jar:/home/runner/.m2/repository/org/slf4j/jul-to-slf4j/1.7.30/jul-to-slf4j-1.7.30.jar:/home/runner/.m2/repository/org/eclipse/jetty/jetty-util/9.4.43.v20210629/jetty-util-9.4.43.v20210629.jar:/home/runner/.m2/repository/com/fasterxml/jackson/core/jackson-databind/2.13.2.2/jackson-databind-2.13.2.2.jar:/home/runner/.m2/repository/org/apache/hadoop/hadoop-kms/3.3.1/hadoop-kms-3.3.1-tests.jar:/home/runner/.m2/repository/org/apache/ozone/hdds-server-scm/1.3.0-SNAPSHOT/hdds-server-scm-1.3.0-SNAPSHOT-tests.jar:/home/runner/.m2/repository/org/apache/ozone/hdds-container-service/1.3.0-SNAPSHOT/hdds-container-service-1.3.0-SNAPSHOT-tests.jar:/home/runner/.m2/repository/commons-codec/commons-codec/1.11/commons-codec-1.11.jar:/home/runner/.m2/repository/io/netty/netty-codec/4.1.74.Final/netty-codec-4.1.74.Final.jar:/home/runner/.m2/repository/io/netty/netty-handler/4.1.74.Final/netty-handler-4.1.74.Final.jar:/home/runner/.m2/repository/org/apache/ozone/hdds-hadoop-dependency-test/1.3.0-SNAPSHOT/hdds-hadoop-dependency-test-1.3.0-SNAPSHOT.jar:/home/runner/.m2/repository/org/apache/hadoop/hadoop-common/3.3.1/hadoop-common-3.3.1-tests.jar:/home/runner/.m2/repository/org/assertj/assertj-core/3.12.2/assertj-core-3.12.2.jar:/home/runner/.m2/repository/org/apache/hadoop/hadoop-hdfs/3.3.1/hadoop-hdfs-3.3.1-tests.jar:/home/runner/.m2/repository/org/eclipse/jetty/jetty-util-ajax/9.4.43.v20210629/jetty-util-ajax-9.4.43.v20210629.jar:/home/runner/.m2/repository/commons-daemon/commons-daemon/1.0.13/commons-daemon-1.0.13.jar:/home/runner/.m2/repository/io/netty/netty/3.10.6.Final/netty-3.10.6.Final.jar:/home/runner/.m2/repository/io/netty/netty-all/4.1.74.Final/netty-all-4.1.74.Final.jar:/home/runner/.m2/repository/io/netty/netty-codec-dns/4.1.74.Final/netty-codec-dns-4.1.74.Final.jar:/home/runner/.m2/repository/io/netty/netty-codec-haproxy/4.1.74.Final/netty-codec-haproxy-4.1.74.Final.jar:/home/runner/.m2/repository/io/netty/netty-codec-memcache/4.1.74.Final/netty-codec-memcache-4.1.74.Final.jar:/home/runner/.m2/repository/io/netty/netty-codec-mqtt/4.1.74.Final/netty-codec-mqtt-4.1.74.Final.jar:/home/runner/.m2/repository/io/netty/netty-codec-redis/4.1.74.Final/netty-codec-redis-4.1.74.Final.jar:/home/runner/.m2/repository/io/netty/netty-codec-smtp/4.1.74.Final/netty-codec-smtp-4.1.74.Final.jar:/home/runner/.m2/repository/io/netty/netty-codec-stomp/4.1.74.Final/netty-codec-stomp-4.1.74.Final.jar:/home/runner/.m2/repository/io/netty/netty-codec-xml/4.1.74.Final/netty-codec-xml-4.1.74.Final.jar:/home/runner/.m2/repository/io/netty/netty-resolver-dns/4.1.74.Final/netty-resolver-dns-4.1.74.Final.jar:/home/runner/.m2/repository/io/netty/netty-transport-rxtx/4.1.74.Final/netty-transport-rxtx-4.1.74.Final.jar:/home/runner/.m2/repository/io/netty/netty-transport-sctp/4.1.74.Final/netty-transport-sctp-4.1.74.Final.jar:/home/runner/.m2/repository/io/netty/netty-transport-udt/4.1.74.Final/netty-transport-udt-4.1.74.Final.jar:/home/runner/.m2/repository/io/netty/netty-transport-classes-kqueue/4.1.74.Final/netty-transport-classes-kqueue-4.1.74.Final.jar:/home/runner/.m2/repository/io/netty/netty-resolver-dns-classes-macos/4.1.74.Final/netty-resolver-dns-classes-macos-4.1.74.Final.jar:/home/runner/.m2/repository/io/netty/netty-transport-native-epoll/4.1.74.Final/netty-transport-native-epoll-4.1.74.Final-linux-aarch_64.jar:/home/runner/.m2/repository/io/netty/netty-transport-native-kqueue/4.1.74.Final/netty-transport-native-kqueue-4.1.74.Final-osx-x86_64.jar:/home/runner/.m2/repository/io/netty/netty-transport-native-kqueue/4.1.74.Final/netty-transport-native-kqueue-4.1.74.Final-osx-aarch_64.jar:/home/runner/.m2/repository/io/netty/netty-resolver-dns-native-macos/4.1.74.Final/netty-resolver-dns-native-macos-4.1.74.Final-osx-x86_64.jar:/home/runner/.m2/repository/io/netty/netty-resolver-dns-native-macos/4.1.74.Final/netty-resolver-dns-native-macos-4.1.74.Final-osx-aarch_64.jar:/home/runner/.m2/repository/org/apache/htrace/htrace-core4/4.1.0-incubating/htrace-core4-4.1.0-incubating.jar:/home/runner/.m2/repository/org/fusesource/leveldbjni/leveldbjni-all/1.8/leveldbjni-all-1.8.jar:/home/runner/.m2/repository/org/apache/hadoop/hadoop-distcp/3.3.1/hadoop-distcp-3.3.1.jar:/home/runner/.m2/repository/org/apache/hadoop/hadoop-mapreduce-client-jobclient/3.3.1/hadoop-mapreduce-client-jobclient-3.3.1.jar:/home/runner/.m2/repository/org/apache/hadoop/hadoop-mapreduce-client-common/3.3.1/hadoop-mapreduce-client-common-3.3.1.jar:/home/runner/.m2/repository/org/apache/hadoop/hadoop-yarn-common/3.3.1/hadoop-yarn-common-3.3.1.jar:/home/runner/.m2/repository/org/apache/hadoop/hadoop-yarn-api/3.3.1/hadoop-yarn-api-3.3.1.jar:/home/runner/.m2/repository/com/sun/jersey/contribs/jersey-guice/1.19/jersey-guice-1.19.jar:/home/runner/.m2/repository/com/fasterxml/jackson/jaxrs/jackson-jaxrs-json-provider/2.13.2/jackson-jaxrs-json-provider-2.13.2.jar:/home/runner/.m2/repository/com/fasterxml/jackson/jaxrs/jackson-jaxrs-base/2.13.2/jackson-jaxrs-base-2.13.2.jar:/home/runner/.m2/repository/org/apache/hadoop/hadoop-yarn-client/3.3.1/hadoop-yarn-client-3.3.1.jar:/home/runner/.m2/repository/org/eclipse/jetty/websocket/websocket-client/9.4.40.v20210413/websocket-client-9.4.40.v20210413.jar:/home/runner/.m2/repository/org/eclipse/jetty/websocket/websocket-common/9.4.40.v20210413/websocket-common-9.4.40.v20210413.jar:/home/runner/.m2/repository/org/eclipse/jetty/websocket/websocket-api/9.4.40.v20210413/websocket-api-9.4.40.v20210413.jar:/home/runner/.m2/repository/org/jline/jline/3.9.0/jline-3.9.0.jar:/home/runner/.m2/repository/org/apache/hadoop/hadoop-mapreduce-client-core/3.3.1/hadoop-mapreduce-client-core-3.3.1.jar:/home/runner/.m2/repository/org/apache/avro/avro/1.7.7/avro-1.7.7.jar:/home/runner/.m2/repository/org/codehaus/jackson/jackson-core-asl/1.9.13/jackson-core-asl-1.9.13.jar:/home/runner/.m2/repository/org/codehaus/jackson/jackson-mapper-asl/1.9.13/jackson-mapper-asl-1.9.13.jar:/home/runner/.m2/repository/com/thoughtworks/paranamer/paranamer/2.3/paranamer-2.3.jar:/home/runner/.m2/repository/org/apache/hadoop/hadoop-annotations/3.3.1/hadoop-annotations-3.3.1.jar:/usr/lib/jvm/temurin-8-jdk-amd64/jre/../lib/tools.jar:/home/runner/.m2/repository/org/apache/hadoop/hadoop-distcp/3.3.1/hadoop-distcp-3.3.1-tests.jar:/home/runner/.m2/repository/org/apache/ratis/ratis-common/2.3.0/ratis-common-2.3.0.jar:/home/runner/.m2/repository/org/apache/ratis/ratis-thirdparty-misc/1.0.0/ratis-thirdparty-misc-1.0.0.jar:/home/runner/.m2/repository/org/apache/ratis/ratis-proto/2.3.0/ratis-proto-2.3.0.jar:/home/runner/.m2/repository/org/apache/ozone/ozone-annotation-processing/1.3.0-SNAPSHOT/ozone-annotation-processing-1.3.0-SNAPSHOT.jar:"/>
    <property name="sun.cpu.endian" value="little"/>
    <property name="user.home" value="/home/runner"/>
    <property name="user.language" value="en"/>
    <property name="java.specification.vendor" value="Oracle Corporation"/>
    <property name="java.home" value="/usr/lib/jvm/temurin-8-jdk-amd64/jre"/>
    <property name="java.security.krb5.conf" value="/home/runner/work/ozone/ozone/hadoop-ozone/integration-test/target/test-classes/krb5.conf"/>
    <property name="basedir" value="/home/runner/work/ozone/ozone/hadoop-ozone/integration-test"/>
    <property name="file.separator" value="/"/>
    <property name="line.separator" value="&#10;"/>
    <property name="java.vm.specification.vendor" value="Oracle Corporation"/>
    <property name="java.specification.name" value="Java Platform API Specification"/>
    <property name="java.awt.graphicsenv" value="sun.awt.X11GraphicsEnvironment"/>
    <property name="skip.installnpx" value="true"/>
    <property name="surefire.real.class.path" value="/home/runner/work/ozone/ozone/hadoop-ozone/integration-test/target/surefire/surefirebooter2472863278632908026.jar:/home/runner/.m2/repository/org/jacoco/org.jacoco.agent/0.8.5/org.jacoco.agent-0.8.5-runtime.jar"/>
    <property name="hadoop.log.dir" value="/home/runner/work/ozone/ozone/hadoop-ozone/integration-test/target/log"/>
    <property name="sun.boot.class.path" value="/usr/lib/jvm/temurin-8-jdk-amd64/jre/lib/resources.jar:/usr/lib/jvm/temurin-8-jdk-amd64/jre/lib/rt.jar:/usr/lib/jvm/temurin-8-jdk-amd64/jre/lib/sunrsasign.jar:/usr/lib/jvm/temurin-8-jdk-amd64/jre/lib/jsse.jar:/usr/lib/jvm/temurin-8-jdk-amd64/jre/lib/jce.jar:/usr/lib/jvm/temurin-8-jdk-amd64/jre/lib/charsets.jar:/usr/lib/jvm/temurin-8-jdk-amd64/jre/lib/jfr.jar:/usr/lib/jvm/temurin-8-jdk-amd64/jre/classes"/>
    <property name="sun.management.compiler" value="HotSpot 64-Bit Tiered Compilers"/>
    <property name="skip.npx" value="true"/>
    <property name="java.runtime.version" value="1.8.0_332-b09"/>
    <property name="java.net.preferIPv4Stack" value="true"/>
    <property name="user.name" value="runner"/>
    <property name="path.separator" value=":"/>
    <property name="java.security.egd" value="file:///dev/urandom"/>
    <property name="os.version" value="5.4.0-1080-azure"/>
    <property name="java.endorsed.dirs" value="/usr/lib/jvm/temurin-8-jdk-amd64/jre/lib/endorsed"/>
    <property name="java.runtime.name" value="OpenJDK Runtime Environment"/>
    <property name="file.encoding" value="UTF-8"/>
    <property name="java.vm.name" value="OpenJDK 64-Bit Server VM"/>
    <property name="test.build.webapps" value=""/>
    <property name="localRepository" value="/home/runner/.m2/repository"/>
    <property name="jetty.git.hash" value="526006ecfa3af7f1a27ef3a288e2bef7ea9dd7e8"/>
    <property name="java.vendor.url.bug" value="https://github.com/adoptium/adoptium-support/issues"/>
    <property name="java.io.tmpdir" value="/tmp"/>
    <property name="require.test.libhadoop" value=""/>
    <property name="java.version" value="1.8.0_332"/>
    <property name="user.dir" value="/home/runner/work/ozone/ozone/hadoop-ozone/integration-test"/>
    <property name="os.arch" value="amd64"/>
    <property name="java.vm.specification.name" value="Java Virtual Machine Specification"/>
    <property name="test.build.classes" value="/home/runner/work/ozone/ozone/hadoop-ozone/integration-test/target/test-classes"/>
    <property name="java.awt.printerjob" value="sun.print.PSPrinterJob"/>
    <property name="sun.os.patch.level" value="unknown"/>
    <property name="hadoop.tmp.dir" value="/home/runner/work/ozone/ozone/hadoop-ozone/integration-test/target/tmp"/>
    <property name="java.library.path" value="/usr/java/packages/lib/amd64:/usr/lib64:/lib64:/lib:/usr/lib"/>
    <property name="java.vm.info" value="mixed mode"/>
    <property name="java.vendor" value="Temurin"/>
    <property name="java.vm.version" value="25.332-b09"/>
    <property name="java.ext.dirs" value="/usr/lib/jvm/temurin-8-jdk-amd64/jre/lib/ext:/usr/java/packages/lib/ext"/>
    <property name="sun.io.unicode.encoding" value="UnicodeLittle"/>
    <property name="java.class.version" value="52.0"/>
  </properties>
  <testcase name="testAll" classname="TestChunkInputStream" time="75.058">
    <system-out><![CDATA[2022-06-11 13:51:57,955 [Time-limited test] WARN  server.ServerUtils (ServerUtils.java:getScmDbDir(148)) - ozone.scm.db.dirs is not configured. We recommend adding this setting. Falling back to ozone.metadata.dirs instead.
2022-06-11 13:51:58,039 [Time-limited test] INFO  ha.SCMHANodeDetails (SCMHANodeDetails.java:loadSCMHAConfig(160)) - ServiceID for StorageContainerManager is null
2022-06-11 13:51:58,039 [Time-limited test] INFO  ha.SCMHANodeDetails (SCMHANodeDetails.java:loadSCMHAConfig(165)) - ozone.scm.default.service.id is not defined, falling back to ozone.scm.service.ids to find serviceID for StorageContainerManager if it is HA enabled cluster
2022-06-11 13:51:58,155 [Time-limited test] WARN  server.ServerUtils (ServerUtils.java:getScmDbDir(148)) - ozone.scm.db.dirs is not configured. We recommend adding this setting. Falling back to ozone.metadata.dirs instead.
2022-06-11 13:51:58,591 [Time-limited test] WARN  utils.HAUtils (HAUtils.java:getMetaDir(342)) - ozone.scm.db.dirs is not configured. We recommend adding this setting. Falling back to ozone.metadata.dirs instead.
2022-06-11 13:51:58,740 [Time-limited test] WARN  db.DBStoreBuilder (DBStoreBuilder.java:applyDBDefinition(145)) - ozone.scm.db.dirs is not configured. We recommend adding this setting. Falling back to ozone.metadata.dirs instead.
2022-06-11 13:51:59,032 [Time-limited test] INFO  net.NodeSchemaLoader (NodeSchemaLoader.java:loadSchemaFromFile(129)) - Loading schema from [jar:file:/home/runner/.m2/repository/org/apache/ozone/hdds-common/1.3.0-SNAPSHOT/hdds-common-1.3.0-SNAPSHOT.jar!/network-topology-default.xml]
2022-06-11 13:51:59,033 [Time-limited test] INFO  net.NodeSchemaLoader (NodeSchemaLoader.java:loadSchema(176)) - Loading network topology layer schema file
2022-06-11 13:51:59,079 [Time-limited test] INFO  metrics.MetricRegistries (MetricRegistriesLoader.java:load(64)) - Loaded MetricRegistries class org.apache.ratis.metrics.impl.MetricRegistriesImpl
2022-06-11 13:51:59,086 [Time-limited test] INFO  upgrade.AbstractLayoutVersionManager (AbstractLayoutVersionManager.java:init(82)) - Initializing Layout version manager with metadata layout = DATANODE_SCHEMA_V3 (version = 4), software layout = DATANODE_SCHEMA_V3 (version = 4)
2022-06-11 13:51:59,363 [Time-limited test] INFO  reflections.Reflections (Reflections.java:scan(232)) - Reflections took 206 ms to scan 7 urls, producing 131 keys and 311 values 
2022-06-11 13:51:59,460 [Time-limited test] INFO  ha.SequenceIdGenerator (SequenceIdGenerator.java:upgradeToSequenceId(347)) - upgrade localId to 109611004723200000
2022-06-11 13:51:59,461 [Time-limited test] INFO  ha.SequenceIdGenerator (SequenceIdGenerator.java:upgradeToSequenceId(357)) - upgrade delTxnId to 0
2022-06-11 13:51:59,464 [Time-limited test] INFO  ha.SequenceIdGenerator (SequenceIdGenerator.java:upgradeToSequenceId(374)) - upgrade containerId to 0
2022-06-11 13:51:59,467 [Time-limited test] INFO  ha.SequenceIdGenerator (SequenceIdGenerator.java:<init>(218)) - Init the HA SequenceIdGenerator.
2022-06-11 13:51:59,513 [Time-limited test] INFO  node.SCMNodeManager (SCMNodeManager.java:<init>(149)) - Entering startup safe mode.
2022-06-11 13:51:59,580 [Time-limited test] INFO  algorithms.ContainerPlacementPolicyFactory (ContainerPlacementPolicyFactory.java:getPolicyInternal(86)) - Create container placement policy of type org.apache.hadoop.hdds.scm.container.placement.algorithms.SCMContainerPlacementRandom
2022-06-11 13:51:59,591 [Time-limited test] INFO  pipeline.PipelineStateManagerImpl (PipelineStateManagerImpl.java:initialize(78)) - No pipeline exists in current db
2022-06-11 13:51:59,644 [Time-limited test] INFO  algorithms.LeaderChoosePolicyFactory (LeaderChoosePolicyFactory.java:getPolicy(57)) - Create leader choose policy of type org.apache.hadoop.hdds.scm.pipeline.leader.choose.algorithms.MinLeaderCountChoosePolicy
2022-06-11 13:51:59,645 [Time-limited test] INFO  algorithms.ContainerPlacementPolicyFactory (ContainerPlacementPolicyFactory.java:getPolicyInternal(86)) - Create container placement policy of type org.apache.hadoop.hdds.scm.container.placement.algorithms.SCMContainerPlacementRackScatter
2022-06-11 13:51:59,651 [Time-limited test] INFO  pipeline.BackgroundPipelineCreator (BackgroundPipelineCreator.java:start(125)) - Starting RatisPipelineUtilsThread.
2022-06-11 13:51:59,655 [Time-limited test] INFO  BackgroundPipelineScrubber (BackgroundSCMService.java:start(68)) - Starting BackgroundPipelineScrubber Service.
2022-06-11 13:51:59,656 [Time-limited test] INFO  ha.SCMServiceManager (SCMServiceManager.java:register(42)) - Registering service BackgroundPipelineCreator.
2022-06-11 13:51:59,656 [Time-limited test] INFO  ha.SCMServiceManager (SCMServiceManager.java:register(42)) - Registering service BackgroundPipelineScrubber.
2022-06-11 13:51:59,663 [Time-limited test] INFO  ExpiredContainerReplicaOpScrubber (BackgroundSCMService.java:start(68)) - Starting ExpiredContainerReplicaOpScrubber Service.
2022-06-11 13:51:59,668 [Time-limited test] INFO  ha.SCMServiceManager (SCMServiceManager.java:register(42)) - Registering service ExpiredContainerReplicaOpScrubber.
2022-06-11 13:51:59,698 [Time-limited test] INFO  algorithms.PipelineChoosePolicyFactory (PipelineChoosePolicyFactory.java:createPipelineChoosePolicyFromClass(73)) - Create pipeline choose policy of type org.apache.hadoop.hdds.scm.pipeline.choose.algorithms.RandomPipelineChoosePolicy
2022-06-11 13:51:59,718 [Time-limited test] INFO  ha.SCMServiceManager (SCMServiceManager.java:register(42)) - Registering service SCMBlockDeletingService.
2022-06-11 13:51:59,744 [Time-limited test] INFO  ha.SCMServiceManager (SCMServiceManager.java:register(42)) - Registering service ReplicationManager.
2022-06-11 13:51:59,744 [Time-limited test] INFO  replication.ReplicationManager (ReplicationManager.java:start(179)) - Starting Replication Monitor Thread.
2022-06-11 13:51:59,758 [ReplicationMonitor] INFO  replication.ReplicationManager (ReplicationManager.java:processAll(228)) - Replication Manager is not ready to run until 3000ms after safemode exit
2022-06-11 13:51:59,759 [Time-limited test] INFO  safemode.ContainerSafeModeRule (ContainerSafeModeRule.java:<init>(89)) - containers with one replica threshold count 0
2022-06-11 13:51:59,763 [Time-limited test] INFO  safemode.HealthyPipelineSafeModeRule (HealthyPipelineSafeModeRule.java:initializeRule(156)) - Total pipeline count is 0, healthy pipeline threshold count is 1
2022-06-11 13:51:59,766 [Time-limited test] INFO  safemode.OneReplicaPipelineSafeModeRule (OneReplicaPipelineSafeModeRule.java:initializeRule(180)) - Total pipeline count is 0, pipeline's with at least one datanode reported threshold count is 0
2022-06-11 13:52:00,136 [Time-limited test] INFO  audit.AuditLogger (AuditLogger.java:refreshDebugCmdSet(120)) - Refresh DebugCmdSet for SCMAudit to [].
2022-06-11 13:52:00,170 [Time-limited test] INFO  ipc.CallQueueManager (CallQueueManager.java:<init>(90)) - Using callQueue: class java.util.concurrent.LinkedBlockingQueue, queueCapacity: 2000, scheduler: class org.apache.hadoop.ipc.DefaultRpcScheduler, ipcBackoff: false.
2022-06-11 13:52:00,215 [Socket Reader #1 for port 0] INFO  ipc.Server (Server.java:run(1265)) - Starting Socket Reader #1 for port 0
2022-06-11 13:52:00,276 [Listener at 0.0.0.0/34491] INFO  audit.AuditLogger (AuditLogger.java:refreshDebugCmdSet(120)) - Refresh DebugCmdSet for SCMAudit to [].
2022-06-11 13:52:00,281 [Listener at 0.0.0.0/34491] INFO  ipc.CallQueueManager (CallQueueManager.java:<init>(90)) - Using callQueue: class java.util.concurrent.LinkedBlockingQueue, queueCapacity: 2000, scheduler: class org.apache.hadoop.ipc.DefaultRpcScheduler, ipcBackoff: false.
2022-06-11 13:52:00,284 [Socket Reader #1 for port 0] INFO  ipc.Server (Server.java:run(1265)) - Starting Socket Reader #1 for port 0
2022-06-11 13:52:00,314 [Listener at 0.0.0.0/35617] INFO  audit.AuditLogger (AuditLogger.java:refreshDebugCmdSet(120)) - Refresh DebugCmdSet for SCMAudit to [].
2022-06-11 13:52:00,326 [Listener at 0.0.0.0/35617] INFO  ipc.CallQueueManager (CallQueueManager.java:<init>(90)) - Using callQueue: class java.util.concurrent.LinkedBlockingQueue, queueCapacity: 2000, scheduler: class org.apache.hadoop.ipc.DefaultRpcScheduler, ipcBackoff: false.
2022-06-11 13:52:00,328 [Socket Reader #1 for port 0] INFO  ipc.Server (Server.java:run(1265)) - Starting Socket Reader #1 for port 0
2022-06-11 13:52:00,401 [Listener at 0.0.0.0/44603] INFO  ha.SCMServiceManager (SCMServiceManager.java:register(42)) - Registering service ContainerBalancer.
2022-06-11 13:52:00,402 [Listener at 0.0.0.0/44603] INFO  server.StorageContainerManager (StorageContainerManager.java:<init>(397)) - 
Container Balancer status:
Key                            Value
Running                        false
Container Balancer Configuration values:
Key                                                Value
Threshold                                          10
Max Datanodes to Involve per Iteration(percent)    20
Max Size to Move per Iteration                     500GB
Max Size Entering Target per Iteration             26GB
Max Size Leaving Source per Iteration              26GB

2022-06-11 13:52:00,402 [Listener at 0.0.0.0/44603] WARN  events.EventQueue (EventQueue.java:fireEvent(194)) - No event handler registered for event TypedEvent{payloadType=SafeModeStatus, name='Safe mode status'}
2022-06-11 13:52:00,403 [Listener at 0.0.0.0/44603] INFO  ha.SCMContext (SCMContext.java:updateSafeModeStatus(228)) - Update SafeModeStatus from SafeModeStatus{safeModeStatus=true, preCheckPassed=false} to SafeModeStatus{safeModeStatus=true, preCheckPassed=false}.
2022-06-11 13:52:00,410 [Listener at 0.0.0.0/44603] INFO  server.StorageContainerManager (StorageContainerManager.java:start(1408)) - StorageContainerLocationProtocol RPC server is listening at /0.0.0.0:44603
2022-06-11 13:52:00,489 [Listener at 0.0.0.0/44603] WARN  impl.MetricsConfig (MetricsConfig.java:loadFirst(136)) - Cannot locate configuration: tried hadoop-metrics2-storagecontainermanager.properties,hadoop-metrics2.properties
2022-06-11 13:52:00,517 [Listener at 0.0.0.0/44603] INFO  impl.MetricsSystemImpl (MetricsSystemImpl.java:startTimer(378)) - Scheduled Metric snapshot period at 10 second(s).
2022-06-11 13:52:00,518 [Listener at 0.0.0.0/44603] INFO  impl.MetricsSystemImpl (MetricsSystemImpl.java:start(191)) - StorageContainerManager metrics system started
2022-06-11 13:52:00,759 [ReplicationMonitor] INFO  replication.ReplicationManager (ReplicationManager.java:processAll(228)) - Replication Manager is not ready to run until 3000ms after safemode exit
2022-06-11 13:52:00,878 [Listener at 0.0.0.0/44603] INFO  server.SCMClientProtocolServer (SCMClientProtocolServer.java:start(169)) - RPC server for Client  is listening at /0.0.0.0:44603
2022-06-11 13:52:00,879 [IPC Server Responder] INFO  ipc.Server (Server.java:run(1507)) - IPC Server Responder: starting
2022-06-11 13:52:00,880 [IPC Server listener on 0] INFO  ipc.Server (Server.java:run(1344)) - IPC Server listener on 0: starting
2022-06-11 13:52:00,890 [Listener at 0.0.0.0/44603] INFO  server.StorageContainerManager (StorageContainerManager.java:start(1423)) - ScmBlockLocationProtocol RPC server is listening at /0.0.0.0:35617
2022-06-11 13:52:00,890 [Listener at 0.0.0.0/44603] INFO  server.SCMBlockProtocolServer (SCMBlockProtocolServer.java:start(151)) - RPC server for Block Protocol is listening at /0.0.0.0:35617
2022-06-11 13:52:00,892 [IPC Server Responder] INFO  ipc.Server (Server.java:run(1507)) - IPC Server Responder: starting
2022-06-11 13:52:00,892 [IPC Server listener on 0] INFO  ipc.Server (Server.java:run(1344)) - IPC Server listener on 0: starting
2022-06-11 13:52:00,897 [Listener at 0.0.0.0/44603] INFO  server.SCMDatanodeProtocolServer (SCMDatanodeProtocolServer.java:start(183)) - ScmDatanodeProtocol RPC server for DataNodes is listening at /0.0.0.0:34491
2022-06-11 13:52:00,897 [IPC Server Responder] INFO  ipc.Server (Server.java:run(1507)) - IPC Server Responder: starting
2022-06-11 13:52:00,898 [IPC Server listener on 0] INFO  ipc.Server (Server.java:run(1344)) - IPC Server listener on 0: starting
2022-06-11 13:52:00,920 [org.apache.hadoop.util.JvmPauseMonitor$Monitor@109adbeb] INFO  util.JvmPauseMonitor (JvmPauseMonitor.java:run(188)) - Starting JVM pause monitor
2022-06-11 13:52:00,934 [Listener at 0.0.0.0/44603] INFO  http.BaseHttpServer (BaseHttpServer.java:newHttpServer2BuilderForOzone(209)) - Starting Web-server for scm at: http://0.0.0.0:0
2022-06-11 13:52:00,934 [Listener at 0.0.0.0/44603] INFO  http.BaseHttpServer (BaseHttpServer.java:<init>(107)) - Hadoop Security Enabled: false Ozone Security Enabled: false Ozone HTTP Security Enabled: false 
2022-06-11 13:52:00,966 [Listener at 0.0.0.0/44603] INFO  util.log (Log.java:initialized(170)) - Logging initialized @4763ms to org.eclipse.jetty.util.log.Slf4jLog
2022-06-11 13:52:01,091 [Listener at 0.0.0.0/44603] INFO  server.AuthenticationFilter (AuthenticationFilter.java:constructSecretProvider(240)) - Unable to initialize FileSignerSecretProvider, falling back to use random secrets.
2022-06-11 13:52:01,097 [Listener at 0.0.0.0/44603] WARN  http.HttpRequestLog (HttpRequestLog.java:getRequestLog(103)) - Jetty request log can only be enabled using Log4j
2022-06-11 13:52:01,104 [Listener at 0.0.0.0/44603] INFO  http.HttpServer2 (HttpServer2.java:addGlobalFilter(1029)) - Added global filter 'safety' (class=org.apache.hadoop.hdds.server.http.HttpServer2$QuotingInputFilter)
2022-06-11 13:52:01,106 [Listener at 0.0.0.0/44603] INFO  http.HttpServer2 (HttpServer2.java:addFilter(1005)) - Added filter static_user_filter (class=org.apache.hadoop.http.lib.StaticUserWebFilter$StaticUserFilter) to context scm
2022-06-11 13:52:01,107 [Listener at 0.0.0.0/44603] INFO  http.HttpServer2 (HttpServer2.java:addFilter(1013)) - Added filter static_user_filter (class=org.apache.hadoop.http.lib.StaticUserWebFilter$StaticUserFilter) to context logs
2022-06-11 13:52:01,107 [Listener at 0.0.0.0/44603] INFO  http.HttpServer2 (HttpServer2.java:addFilter(1013)) - Added filter static_user_filter (class=org.apache.hadoop.http.lib.StaticUserWebFilter$StaticUserFilter) to context static
2022-06-11 13:52:01,153 [Listener at 0.0.0.0/44603] INFO  http.HttpServer2 (HttpServer2.java:bindListener(1248)) - Jetty bound to port 42551
2022-06-11 13:52:01,155 [Listener at 0.0.0.0/44603] INFO  server.Server (Server.java:doStart(375)) - jetty-9.4.43.v20210629; built: 2021-06-30T11:07:22.254Z; git: 526006ecfa3af7f1a27ef3a288e2bef7ea9dd7e8; jvm 1.8.0_332-b09
2022-06-11 13:52:01,186 [Listener at 0.0.0.0/44603] INFO  server.session (DefaultSessionIdManager.java:doStart(334)) - DefaultSessionIdManager workerName=node0
2022-06-11 13:52:01,187 [Listener at 0.0.0.0/44603] INFO  server.session (DefaultSessionIdManager.java:doStart(339)) - No SessionScavenger set, using defaults
2022-06-11 13:52:01,189 [Listener at 0.0.0.0/44603] INFO  server.session (HouseKeeper.java:startScavenging(132)) - node0 Scavenging every 660000ms
2022-06-11 13:52:01,202 [Listener at 0.0.0.0/44603] INFO  handler.ContextHandler (ContextHandler.java:doStart(915)) - Started o.e.j.s.ServletContextHandler@5288290e{logs,/logs,file:///home/runner/work/ozone/ozone/hadoop-ozone/integration-test/target/log,AVAILABLE}
2022-06-11 13:52:01,203 [Listener at 0.0.0.0/44603] INFO  handler.ContextHandler (ContextHandler.java:doStart(915)) - Started o.e.j.s.ServletContextHandler@3e2e518{static,/static,file:///home/runner/work/ozone/ozone/hadoop-ozone/integration-test/target/test-classes/webapps/static,AVAILABLE}
2022-06-11 13:52:01,252 [Listener at 0.0.0.0/44603] INFO  handler.ContextHandler (ContextHandler.java:doStart(915)) - Started o.e.j.w.WebAppContext@4bf63124{scm,/,file:///home/runner/work/ozone/ozone/hadoop-ozone/integration-test/target/test-classes/webapps/scm/,AVAILABLE}{file:/home/runner/work/ozone/ozone/hadoop-ozone/integration-test/target/test-classes/webapps/scm}
2022-06-11 13:52:01,272 [Listener at 0.0.0.0/44603] INFO  server.AbstractConnector (AbstractConnector.java:doStart(331)) - Started ServerConnector@6b057d91{HTTP/1.1, (http/1.1)}{0.0.0.0:42551}
2022-06-11 13:52:01,273 [Listener at 0.0.0.0/44603] INFO  server.Server (Server.java:doStart(415)) - Started @5070ms
2022-06-11 13:52:01,276 [Listener at 0.0.0.0/44603] INFO  impl.MetricsSinkAdapter (MetricsSinkAdapter.java:start(204)) - Sink prometheus started
2022-06-11 13:52:01,276 [Listener at 0.0.0.0/44603] INFO  impl.MetricsSystemImpl (MetricsSystemImpl.java:registerSink(305)) - Registered sink prometheus
2022-06-11 13:52:01,278 [Listener at 0.0.0.0/44603] INFO  http.BaseHttpServer (BaseHttpServer.java:updateConnectorAddress(329)) - HTTP server of scm listening at http://0.0.0.0:42551
2022-06-11 13:52:01,280 [Listener at 0.0.0.0/44603] WARN  server.ServerUtils (ServerUtils.java:getDBPath(225)) - ozone.om.db.dirs is not configured. We recommend adding this setting. Falling back to ozone.metadata.dirs instead.
2022-06-11 13:52:01,358 [Listener at 0.0.0.0/44603] INFO  audit.AuditLogger (AuditLogger.java:refreshDebugCmdSet(120)) - Refresh DebugCmdSet for OMAudit to [].
2022-06-11 13:52:01,461 [Listener at 0.0.0.0/44603] INFO  ha.OMHANodeDetails (OMHANodeDetails.java:loadOMHAConfig(115)) - ozone.om.internal.service.id is not defined, falling back to ozone.om.service.ids to find serviceID for OzoneManager if it is HA enabled cluster
2022-06-11 13:52:01,465 [Listener at 0.0.0.0/44603] INFO  ha.OMHANodeDetails (OMHANodeDetails.java:loadOMHAConfig(226)) - Configuration does not have ozone.om.address set. Falling back to the default OM address /127.0.0.1:0
2022-06-11 13:52:01,465 [Listener at 0.0.0.0/44603] INFO  ha.OMHANodeDetails (OMHANodeDetails.java:getOMNodeDetailsForNonHA(254)) - OM Service ID is not set. Setting it to the default ID: omServiceIdDefault
2022-06-11 13:52:01,465 [Listener at 0.0.0.0/44603] INFO  ha.OMHANodeDetails (OMHANodeDetails.java:getOMNodeDetailsForNonHA(261)) - OM Node ID is not set. Setting it to the default ID: om1
2022-06-11 13:52:01,470 [Listener at 0.0.0.0/44603] WARN  server.ServerUtils (ServerUtils.java:getDBPath(225)) - ozone.om.db.dirs is not configured. We recommend adding this setting. Falling back to ozone.metadata.dirs instead.
2022-06-11 13:52:01,473 [Listener at 0.0.0.0/44603] INFO  upgrade.AbstractLayoutVersionManager (AbstractLayoutVersionManager.java:init(82)) - Initializing Layout version manager with metadata layout = MULTITENANCY_SCHEMA (version = 3), software layout = MULTITENANCY_SCHEMA (version = 3)
2022-06-11 13:52:01,579 [Listener at 0.0.0.0/44603] INFO  reflections.Reflections (Reflections.java:scan(232)) - Reflections took 100 ms to scan 2 urls, producing 153 keys and 431 values [using 2 cores]
2022-06-11 13:52:01,587 [Listener at 0.0.0.0/44603] INFO  upgrade.OMLayoutVersionManager (OMLayoutVersionManager.java:lambda$0(115)) - Skipping Upgrade Action MockOmUpgradeAction since it has been finalized.
2022-06-11 13:52:01,588 [Listener at 0.0.0.0/44603] WARN  server.ServerUtils (ServerUtils.java:getDBPath(225)) - ozone.om.db.dirs is not configured. We recommend adding this setting. Falling back to ozone.metadata.dirs instead.
2022-06-11 13:52:01,759 [ReplicationMonitor] INFO  replication.ReplicationManager (ReplicationManager.java:processAll(228)) - Replication Manager is not ready to run until 3000ms after safemode exit
2022-06-11 13:52:01,772 [Listener at 0.0.0.0/44603] INFO  proxy.SCMBlockLocationFailoverProxyProvider (SCMBlockLocationFailoverProxyProvider.java:<init>(114)) - Created block location fail-over proxy with 1 nodes: [nodeId=scmNodeId,nodeAddress=/0.0.0.0:35617]
2022-06-11 13:52:01,803 [Listener at 0.0.0.0/44603] INFO  proxy.SCMBlockLocationFailoverProxyProvider (SCMBlockLocationFailoverProxyProvider.java:<init>(114)) - Created block location fail-over proxy with 1 nodes: [nodeId=scmNodeId,nodeAddress=/0.0.0.0:35617]
2022-06-11 13:52:02,092 [Listener at 0.0.0.0/44603] WARN  server.ServerUtils (ServerUtils.java:getDBPath(225)) - ozone.om.db.dirs is not configured. We recommend adding this setting. Falling back to ozone.metadata.dirs instead.
2022-06-11 13:52:02,102 [Listener at 0.0.0.0/44603] INFO  codec.OmKeyInfoCodec (OmKeyInfoCodec.java:<init>(49)) - OmKeyInfoCodec ignorePipeline = true
2022-06-11 13:52:02,103 [Listener at 0.0.0.0/44603] INFO  codec.RepeatedOmKeyInfoCodec (RepeatedOmKeyInfoCodec.java:<init>(41)) - RepeatedOmKeyInfoCodec ignorePipeline = true
2022-06-11 13:52:02,301 [Listener at 0.0.0.0/44603] INFO  om.OzoneManager (OzoneManager.java:instantiateServices(689)) - S3 Multi-Tenancy is disabled
2022-06-11 13:52:02,386 [Listener at 0.0.0.0/44603] INFO  om.OzoneManager (OzoneManager.java:addS3GVolumeToDB(4241)) - Created Volume s3v With Owner runner required for S3Gateway operations.
2022-06-11 13:52:02,443 [Listener at 0.0.0.0/44603] WARN  server.ServerUtils (ServerUtils.java:getDefaultRatisDirectory(237)) - Storage directory for Ratis is not configured. It is a good idea to map this to an SSD disk. Falling back to ozone.metadata.dirs
2022-06-11 13:52:02,444 [Listener at 0.0.0.0/44603] WARN  utils.OzoneManagerRatisUtils (OzoneManagerRatisUtils.java:getOMRatisSnapshotDirectory(423)) - ozone.om.ratis.snapshot.dir is not configured. Falling back to ozone.metadata.dirs config
2022-06-11 13:52:02,492 [Listener at 0.0.0.0/44603] WARN  server.ServerUtils (ServerUtils.java:getDefaultRatisDirectory(237)) - Storage directory for Ratis is not configured. It is a good idea to map this to an SSD disk. Falling back to ozone.metadata.dirs
2022-06-11 13:52:02,528 [Listener at 0.0.0.0/44603] INFO  ratis.OzoneManagerRatisServer (OzoneManagerRatisServer.java:<init>(159)) - Instantiating OM Ratis server with groupID: omServiceIdDefault and peers: localhost:9872
2022-06-11 13:52:02,538 [Listener at 0.0.0.0/44603] INFO  ratis.OzoneManagerStateMachine (OzoneManagerStateMachine.java:loadSnapshotInfoFromDB(627)) - LastAppliedIndex is set from TransactionInfo from OM DB as (t:0, i:~)
2022-06-11 13:52:02,596 [Listener at 0.0.0.0/44603] INFO  server.RaftServer (ConfUtils.java:logGet(46)) - raft.rpc.type = GRPC (default)
2022-06-11 13:52:02,699 [Listener at 0.0.0.0/44603] INFO  grpc.GrpcFactory (GrpcFactory.java:checkPooledByteBufAllocatorUseCacheForAllThreads(48)) - PERFORMANCE WARNING: useCacheForAllThreads is true that may cause Netty to create a lot garbage objects and, as a result, trigger GC.
	It is recommended to disable useCacheForAllThreads by setting -Dorg.apache.ratis.thirdparty.io.netty.allocator.useCacheForAllThreads=false in command line.
2022-06-11 13:52:02,703 [Listener at 0.0.0.0/44603] INFO  grpc.GrpcConfigKeys (ConfUtils.java:logGet(46)) - raft.grpc.admin.port = -1 (default)
2022-06-11 13:52:02,704 [Listener at 0.0.0.0/44603] INFO  grpc.GrpcConfigKeys (ConfUtils.java:logGet(46)) - raft.grpc.server.port = 9872 (custom)
2022-06-11 13:52:02,704 [Listener at 0.0.0.0/44603] INFO  grpc.GrpcConfigKeys (ConfUtils.java:logGet(46)) - raft.grpc.client.port = -1 (default)
2022-06-11 13:52:02,704 [Listener at 0.0.0.0/44603] INFO  grpc.GrpcConfigKeys (ConfUtils.java:logGet(46)) - raft.grpc.server.port = 9872 (custom)
2022-06-11 13:52:02,705 [Listener at 0.0.0.0/44603] INFO  grpc.GrpcConfigKeys (ConfUtils.java:logGet(46)) - raft.grpc.server.port = 9872 (custom)
2022-06-11 13:52:02,706 [Listener at 0.0.0.0/44603] INFO  server.GrpcService (ConfUtils.java:logGet(46)) - raft.grpc.message.size.max = 33554432 (custom)
2022-06-11 13:52:02,708 [Listener at 0.0.0.0/44603] INFO  server.RaftServerConfigKeys (ConfUtils.java:logGet(46)) - raft.server.log.appender.buffer.byte-limit = 33554432 (custom)
2022-06-11 13:52:02,709 [Listener at 0.0.0.0/44603] INFO  server.GrpcService (ConfUtils.java:logGet(46)) - raft.grpc.flow.control.window = 1MB (=1048576) (default)
2022-06-11 13:52:02,709 [Listener at 0.0.0.0/44603] INFO  server.RaftServerConfigKeys (ConfUtils.java:logGet(46)) - raft.server.rpc.request.timeout = 3000ms (default)
2022-06-11 13:52:02,731 [Listener at 0.0.0.0/44603] INFO  grpc.GrpcConfigKeys (ConfUtils.java:logGet(46)) - raft.grpc.server.async.request.thread.pool.cached = true (default)
2022-06-11 13:52:02,731 [Listener at 0.0.0.0/44603] INFO  grpc.GrpcConfigKeys (ConfUtils.java:logGet(46)) - raft.grpc.server.async.request.thread.pool.size = 32 (default)
2022-06-11 13:52:02,759 [ReplicationMonitor] INFO  replication.ReplicationManager (ReplicationManager.java:processAll(228)) - Replication Manager is not ready to run until 3000ms after safemode exit
2022-06-11 13:52:03,096 [Listener at 0.0.0.0/44603] INFO  impl.DataStreamServerImpl (ConfUtils.java:logGet(46)) - raft.datastream.type = DISABLED (default)
2022-06-11 13:52:03,100 [Listener at 0.0.0.0/44603] INFO  server.RaftServerConfigKeys (ConfUtils.java:logGet(46)) - raft.server.threadpool.proxy.cached = true (default)
2022-06-11 13:52:03,100 [Listener at 0.0.0.0/44603] INFO  server.RaftServerConfigKeys (ConfUtils.java:logGet(46)) - raft.server.threadpool.proxy.size = 0 (default)
2022-06-11 13:52:03,101 [Listener at 0.0.0.0/44603] INFO  server.RaftServerConfigKeys (ConfUtils.java:logGet(46)) - raft.server.rpc.slowness.timeout = 120s (custom)
2022-06-11 13:52:03,101 [Listener at 0.0.0.0/44603] INFO  server.RaftServerConfigKeys (ConfUtils.java:logGet(46)) - raft.server.leaderelection.leader.step-down.wait-time = 10s (default)
2022-06-11 13:52:03,105 [Listener at 0.0.0.0/44603] INFO  server.RaftServerConfigKeys (ConfUtils.java:logGet(46)) - raft.server.storage.dir = [/home/runner/work/ozone/ozone/hadoop-ozone/integration-test/target/test-dir/MiniOzoneClusterImpl-239f68c3-3068-4753-adf8-1c2cb01b4c57/ozone-meta/ratis] (custom)
2022-06-11 13:52:03,117 [Listener at 0.0.0.0/44603] INFO  server.RaftServer (RaftServerProxy.java:addNew(96)) - om1: addNew group-C5BA1605619E:[om1|rpc:localhost:9872|priority:0] returns group-C5BA1605619E:java.util.concurrent.CompletableFuture@53b7ea70[Not completed]
2022-06-11 13:52:03,117 [Listener at 0.0.0.0/44603] INFO  om.OzoneManager (OzoneManager.java:initializeRatisServer(1958)) - OzoneManager Ratis server initialized at port 9872
2022-06-11 13:52:03,130 [Listener at 0.0.0.0/44603] INFO  om.OzoneManager (OzoneManager.java:getRpcServer(1078)) - Creating RPC Server
2022-06-11 13:52:03,147 [pool-55-thread-1] INFO  server.RaftServer$Division (RaftServerImpl.java:<init>(190)) - om1: new RaftServerImpl for group-C5BA1605619E:[om1|rpc:localhost:9872|priority:0] with OzoneManagerStateMachine:uninitialized
2022-06-11 13:52:03,150 [pool-55-thread-1] INFO  server.RaftServerConfigKeys (ConfUtils.java:logGet(46)) - raft.server.rpc.timeout.min = 1s (custom)
2022-06-11 13:52:03,153 [pool-55-thread-1] INFO  server.RaftServerConfigKeys (ConfUtils.java:logGet(46)) - raft.server.rpc.timeout.max = 1200ms (custom)
2022-06-11 13:52:03,153 [pool-55-thread-1] INFO  server.RaftServerConfigKeys (ConfUtils.java:logGet(46)) - raft.server.rpc.sleep.time = 25ms (default)
2022-06-11 13:52:03,153 [pool-55-thread-1] INFO  server.RaftServerConfigKeys (ConfUtils.java:logGet(46)) - raft.server.rpc.slowness.timeout = 120s (custom)
2022-06-11 13:52:03,154 [pool-55-thread-1] INFO  server.RaftServerConfigKeys (ConfUtils.java:logGet(46)) - raft.server.leaderelection.leader.step-down.wait-time = 10s (default)
2022-06-11 13:52:03,154 [pool-55-thread-1] INFO  server.RaftServerConfigKeys (ConfUtils.java:logGet(46)) - raft.server.sleep.deviation.threshold = 300ms (default)
2022-06-11 13:52:03,181 [pool-55-thread-1] INFO  server.RaftServer$Division (ServerState.java:<init>(107)) - om1@group-C5BA1605619E: ConfigurationManager, init=-1: [om1|rpc:localhost:9872|priority:0], old=null, confs=<EMPTY_MAP>
2022-06-11 13:52:03,181 [pool-55-thread-1] INFO  server.RaftServerConfigKeys (ConfUtils.java:logGet(46)) - raft.server.storage.dir = [/home/runner/work/ozone/ozone/hadoop-ozone/integration-test/target/test-dir/MiniOzoneClusterImpl-239f68c3-3068-4753-adf8-1c2cb01b4c57/ozone-meta/ratis] (custom)
2022-06-11 13:52:03,186 [pool-55-thread-1] INFO  server.RaftServerConfigKeys (ConfUtils.java:logGet(46)) - raft.server.log.corruption.policy = EXCEPTION (default)
2022-06-11 13:52:03,187 [pool-55-thread-1] INFO  server.RaftServerConfigKeys (ConfUtils.java:logGet(46)) - raft.server.storage.free-space.min = 0MB (=0) (default)
2022-06-11 13:52:03,189 [pool-55-thread-1] INFO  storage.RaftStorageDirectory (RaftStorageDirectoryImpl.java:analyzeStorage(135)) - The storage directory /home/runner/work/ozone/ozone/hadoop-ozone/integration-test/target/test-dir/MiniOzoneClusterImpl-239f68c3-3068-4753-adf8-1c2cb01b4c57/ozone-meta/ratis/bf265839-605b-3f16-9796-c5ba1605619e does not exist. Creating ...
2022-06-11 13:52:03,211 [pool-55-thread-1] INFO  storage.RaftStorageDirectory (RaftStorageDirectoryImpl.java:tryLock(230)) - Lock on /home/runner/work/ozone/ozone/hadoop-ozone/integration-test/target/test-dir/MiniOzoneClusterImpl-239f68c3-3068-4753-adf8-1c2cb01b4c57/ozone-meta/ratis/bf265839-605b-3f16-9796-c5ba1605619e/in_use.lock acquired by nodename 20323@fv-az395-686
2022-06-11 13:52:03,229 [pool-55-thread-1] INFO  storage.RaftStorage (RaftStorageImpl.java:format(89)) - Storage directory /home/runner/work/ozone/ozone/hadoop-ozone/integration-test/target/test-dir/MiniOzoneClusterImpl-239f68c3-3068-4753-adf8-1c2cb01b4c57/ozone-meta/ratis/bf265839-605b-3f16-9796-c5ba1605619e has been successfully formatted.
2022-06-11 13:52:03,233 [pool-55-thread-1] INFO  server.RaftServerConfigKeys (ConfUtils.java:logGet(46)) - raft.server.notification.no-leader.timeout = 120s (custom)
2022-06-11 13:52:03,235 [pool-55-thread-1] INFO  server.RaftServerConfigKeys (ConfUtils.java:logGet(46)) - raft.server.log.use.memory = false (default)
2022-06-11 13:52:03,254 [pool-55-thread-1] INFO  server.RaftServerConfigKeys (ConfUtils.java:logGet(46)) - raft.server.log.purge.gap = 1000000 (custom)
2022-06-11 13:52:03,254 [pool-55-thread-1] INFO  server.RaftServerConfigKeys (ConfUtils.java:logGet(46)) - raft.server.log.appender.buffer.byte-limit = 33554432 (custom)
2022-06-11 13:52:03,265 [pool-55-thread-1] INFO  server.RaftServerConfigKeys (ConfUtils.java:logGet(46)) - raft.server.log.statemachine.data.read.timeout = 1000ms (default)
2022-06-11 13:52:03,301 [pool-55-thread-1] INFO  server.RaftServerConfigKeys (ConfUtils.java:logGet(46)) - raft.server.log.segment.size.max = 4194304 (custom)
2022-06-11 13:52:03,322 [pool-55-thread-1] INFO  server.RaftServerConfigKeys (ConfUtils.java:logGet(46)) - raft.server.log.segment.cache.num.max = 2 (custom)
2022-06-11 13:52:03,322 [pool-55-thread-1] INFO  server.RaftServerConfigKeys (ConfUtils.java:logGet(46)) - raft.server.log.segment.cache.size.max = 200MB (=209715200) (default)
2022-06-11 13:52:03,339 [pool-55-thread-1] INFO  segmented.SegmentedRaftLogWorker (SegmentedRaftLogWorker.java:<init>(187)) - new om1@group-C5BA1605619E-SegmentedRaftLogWorker for RaftStorageImpl:Storage Directory /home/runner/work/ozone/ozone/hadoop-ozone/integration-test/target/test-dir/MiniOzoneClusterImpl-239f68c3-3068-4753-adf8-1c2cb01b4c57/ozone-meta/ratis/bf265839-605b-3f16-9796-c5ba1605619e
2022-06-11 13:52:03,340 [pool-55-thread-1] INFO  server.RaftServerConfigKeys (ConfUtils.java:logGet(46)) - raft.server.log.queue.byte-limit = 64MB (=67108864) (default)
2022-06-11 13:52:03,340 [pool-55-thread-1] INFO  server.RaftServerConfigKeys (ConfUtils.java:logGet(46)) - raft.server.log.queue.element-limit = 4096 (default)
2022-06-11 13:52:03,342 [pool-55-thread-1] INFO  server.RaftServerConfigKeys (ConfUtils.java:logGet(46)) - raft.server.log.segment.size.max = 4194304 (custom)
2022-06-11 13:52:03,342 [pool-55-thread-1] INFO  server.RaftServerConfigKeys (ConfUtils.java:logGet(46)) - raft.server.log.preallocated.size = 4194304 (custom)
2022-06-11 13:52:03,342 [pool-55-thread-1] INFO  server.RaftServerConfigKeys (ConfUtils.java:logGet(46)) - raft.server.log.force.sync.num = 128 (default)
2022-06-11 13:52:03,353 [pool-55-thread-1] INFO  server.RaftServerConfigKeys (ConfUtils.java:logGet(46)) - raft.server.log.statemachine.data.sync = true (default)
2022-06-11 13:52:03,353 [pool-55-thread-1] INFO  server.RaftServerConfigKeys (ConfUtils.java:logGet(46)) - raft.server.log.statemachine.data.sync.timeout = 10s (default)
2022-06-11 13:52:03,354 [pool-55-thread-1] INFO  server.RaftServerConfigKeys (ConfUtils.java:logGet(46)) - raft.server.log.statemachine.data.sync.timeout.retry = -1 (default)
2022-06-11 13:52:03,366 [pool-55-thread-1] INFO  server.RaftServerConfigKeys (ConfUtils.java:logGet(46)) - raft.server.log.write.buffer.size = 64KB (=65536) (default)
2022-06-11 13:52:03,367 [pool-55-thread-1] INFO  server.RaftServerConfigKeys (ConfUtils.java:logGet(46)) - raft.server.log.unsafe-flush.enabled = false (default)
2022-06-11 13:52:03,367 [pool-55-thread-1] INFO  server.RaftServerConfigKeys (ConfUtils.java:logGet(46)) - raft.server.log.statemachine.data.caching.enabled = false (default)
2022-06-11 13:52:03,377 [pool-55-thread-1] INFO  segmented.SegmentedRaftLogWorker (SegmentedRaftLogWorker.java:lambda$new$0(135)) - om1@group-C5BA1605619E-SegmentedRaftLogWorker: flushIndex: setUnconditionally 0 -> -1
2022-06-11 13:52:03,377 [pool-55-thread-1] INFO  segmented.SegmentedRaftLogWorker (SegmentedRaftLogWorker.java:lambda$new$0(135)) - om1@group-C5BA1605619E-SegmentedRaftLogWorker: safeCacheEvictIndex: setUnconditionally 0 -> -1
2022-06-11 13:52:03,391 [pool-55-thread-1] INFO  server.RaftServerConfigKeys (ConfUtils.java:logGet(46)) - raft.server.snapshot.auto.trigger.enabled = true (custom)
2022-06-11 13:52:03,392 [pool-55-thread-1] INFO  server.RaftServerConfigKeys (ConfUtils.java:logGet(46)) - raft.server.snapshot.auto.trigger.threshold = 400000 (default)
2022-06-11 13:52:03,392 [pool-55-thread-1] INFO  server.RaftServerConfigKeys (ConfUtils.java:logGet(46)) - raft.server.snapshot.retention.file.num = -1 (default)
2022-06-11 13:52:03,393 [pool-55-thread-1] INFO  server.RaftServerConfigKeys (ConfUtils.java:logGet(46)) - raft.server.log.purge.upto.snapshot.index = true (custom)
2022-06-11 13:52:03,395 [pool-55-thread-1] INFO  server.RaftServerConfigKeys (ConfUtils.java:logGet(46)) - raft.server.retrycache.expirytime = 300s (custom)
2022-06-11 13:52:03,395 [pool-55-thread-1] INFO  server.RaftServerConfigKeys (ConfUtils.java:logGet(46)) - raft.server.retrycache.statistics.expirytime = 100μs (default)
2022-06-11 13:52:03,547 [pool-55-thread-1] INFO  server.RaftServerConfigKeys (ConfUtils.java:logGet(46)) - raft.server.log.appender.install.snapshot.enabled = false (custom)
2022-06-11 13:52:03,548 [pool-55-thread-1] INFO  server.RaftServerConfigKeys (ConfUtils.java:logGet(46)) - raft.server.threadpool.server.cached = true (default)
2022-06-11 13:52:03,548 [pool-55-thread-1] INFO  server.RaftServerConfigKeys (ConfUtils.java:logGet(46)) - raft.server.threadpool.server.size = 0 (default)
2022-06-11 13:52:03,549 [pool-55-thread-1] INFO  server.RaftServerConfigKeys (ConfUtils.java:logGet(46)) - raft.server.threadpool.client.cached = true (default)
2022-06-11 13:52:03,549 [pool-55-thread-1] INFO  server.RaftServerConfigKeys (ConfUtils.java:logGet(46)) - raft.server.threadpool.client.size = 0 (default)
2022-06-11 13:52:03,760 [ReplicationMonitor] INFO  replication.ReplicationManager (ReplicationManager.java:processAll(228)) - Replication Manager is not ready to run until 3000ms after safemode exit
2022-06-11 13:52:03,921 [Listener at 0.0.0.0/44603] INFO  reflections.Reflections (Reflections.java:scan(232)) - Reflections took 719 ms to scan 19 urls, producing 66 keys and 3984 values [using 2 cores]
2022-06-11 13:52:04,131 [Listener at 0.0.0.0/44603] INFO  ipc.CallQueueManager (CallQueueManager.java:<init>(90)) - Using callQueue: class java.util.concurrent.LinkedBlockingQueue, queueCapacity: 2000, scheduler: class org.apache.hadoop.ipc.DefaultRpcScheduler, ipcBackoff: false.
2022-06-11 13:52:04,131 [Socket Reader #1 for port 0] INFO  ipc.Server (Server.java:run(1265)) - Starting Socket Reader #1 for port 0
2022-06-11 13:52:04,170 [Listener at 127.0.0.1/40219] INFO  impl.MetricsSystemImpl (MetricsSystemImpl.java:init(158)) - OzoneManager metrics system started (again)
2022-06-11 13:52:04,186 [Listener at 127.0.0.1/40219] INFO  om.OzoneManager (OzoneManager.java:start(1462)) - OzoneManager RPC server is listening at localhost/127.0.0.1:40219
2022-06-11 13:52:04,187 [Listener at 127.0.0.1/40219] INFO  ratis.OzoneManagerRatisServer (OzoneManagerRatisServer.java:start(554)) - Starting OzoneManagerRatisServer om1 at port 9872
2022-06-11 13:52:04,190 [om1-impl-thread1] INFO  server.RaftServer$Division (RaftServerImpl.java:start(310)) - om1@group-C5BA1605619E: start as a follower, conf=-1: [om1|rpc:localhost:9872|priority:0], old=null
2022-06-11 13:52:04,190 [om1-impl-thread1] INFO  server.RaftServer$Division (RaftServerImpl.java:setRole(299)) - om1@group-C5BA1605619E: changes role from      null to FOLLOWER at term 0 for startAsFollower
2022-06-11 13:52:04,191 [om1-impl-thread1] INFO  impl.RoleInfo (RoleInfo.java:updateAndGet(139)) - om1: start om1@group-C5BA1605619E-FollowerState
2022-06-11 13:52:04,193 [om1-impl-thread1] INFO  util.JmxRegister (JmxRegister.java:tryRegister(44)) - Successfully registered JMX Bean with object name Ratis:service=RaftServer,group=group-C5BA1605619E,id=om1
2022-06-11 13:52:04,201 [Listener at 127.0.0.1/40219] INFO  server.RaftServer (RaftServerProxy.java:lambda$start$6(382)) - om1: start RPC server
2022-06-11 13:52:04,487 [Listener at 127.0.0.1/40219] INFO  server.GrpcService (GrpcService.java:startImpl(260)) - om1: GrpcService started, listening on 9872
2022-06-11 13:52:04,489 [Listener at 127.0.0.1/40219] INFO  om.OzoneManager (OzoneManager.java:start(1478)) - Version File has different layout version (3) than OM DB (null). That is expected if this OM has never been finalized to a newer layout version.
2022-06-11 13:52:04,491 [org.apache.ratis.util.JvmPauseMonitor$$Lambda$627/1387949628@2407ed8e] INFO  util.JvmPauseMonitor (JvmPauseMonitor.java:run(103)) - JvmPauseMonitor-om1: Started
2022-06-11 13:52:04,510 [Listener at 127.0.0.1/40219] INFO  http.BaseHttpServer (BaseHttpServer.java:newHttpServer2BuilderForOzone(209)) - Starting Web-server for ozoneManager at: http://0.0.0.0:0
2022-06-11 13:52:04,510 [Listener at 127.0.0.1/40219] INFO  http.BaseHttpServer (BaseHttpServer.java:<init>(107)) - Hadoop Security Enabled: false Ozone Security Enabled: false Ozone HTTP Security Enabled: false 
2022-06-11 13:52:04,511 [Listener at 127.0.0.1/40219] INFO  server.AuthenticationFilter (AuthenticationFilter.java:constructSecretProvider(240)) - Unable to initialize FileSignerSecretProvider, falling back to use random secrets.
2022-06-11 13:52:04,513 [Listener at 127.0.0.1/40219] WARN  http.HttpRequestLog (HttpRequestLog.java:getRequestLog(103)) - Jetty request log can only be enabled using Log4j
2022-06-11 13:52:04,515 [Listener at 127.0.0.1/40219] INFO  http.HttpServer2 (HttpServer2.java:addGlobalFilter(1029)) - Added global filter 'safety' (class=org.apache.hadoop.hdds.server.http.HttpServer2$QuotingInputFilter)
2022-06-11 13:52:04,515 [Listener at 127.0.0.1/40219] INFO  http.HttpServer2 (HttpServer2.java:addFilter(1005)) - Added filter static_user_filter (class=org.apache.hadoop.http.lib.StaticUserWebFilter$StaticUserFilter) to context ozoneManager
2022-06-11 13:52:04,516 [Listener at 127.0.0.1/40219] INFO  http.HttpServer2 (HttpServer2.java:addFilter(1013)) - Added filter static_user_filter (class=org.apache.hadoop.http.lib.StaticUserWebFilter$StaticUserFilter) to context static
2022-06-11 13:52:04,516 [Listener at 127.0.0.1/40219] INFO  http.HttpServer2 (HttpServer2.java:addFilter(1013)) - Added filter static_user_filter (class=org.apache.hadoop.http.lib.StaticUserWebFilter$StaticUserFilter) to context logs
2022-06-11 13:52:04,518 [Listener at 127.0.0.1/40219] INFO  http.HttpServer2 (HttpServer2.java:bindListener(1248)) - Jetty bound to port 35279
2022-06-11 13:52:04,518 [Listener at 127.0.0.1/40219] INFO  server.Server (Server.java:doStart(375)) - jetty-9.4.43.v20210629; built: 2021-06-30T11:07:22.254Z; git: 526006ecfa3af7f1a27ef3a288e2bef7ea9dd7e8; jvm 1.8.0_332-b09
2022-06-11 13:52:04,522 [Listener at 127.0.0.1/40219] INFO  server.session (DefaultSessionIdManager.java:doStart(334)) - DefaultSessionIdManager workerName=node0
2022-06-11 13:52:04,522 [Listener at 127.0.0.1/40219] INFO  server.session (DefaultSessionIdManager.java:doStart(339)) - No SessionScavenger set, using defaults
2022-06-11 13:52:04,522 [Listener at 127.0.0.1/40219] INFO  server.session (HouseKeeper.java:startScavenging(132)) - node0 Scavenging every 660000ms
2022-06-11 13:52:04,524 [Listener at 127.0.0.1/40219] INFO  handler.ContextHandler (ContextHandler.java:doStart(915)) - Started o.e.j.s.ServletContextHandler@46c2f0e9{logs,/logs,file:///home/runner/work/ozone/ozone/hadoop-ozone/integration-test/target/log,AVAILABLE}
2022-06-11 13:52:04,525 [Listener at 127.0.0.1/40219] INFO  handler.ContextHandler (ContextHandler.java:doStart(915)) - Started o.e.j.s.ServletContextHandler@6386dfbf{static,/static,file:///home/runner/work/ozone/ozone/hadoop-ozone/integration-test/target/test-classes/webapps/static,AVAILABLE}
2022-06-11 13:52:04,530 [Listener at 127.0.0.1/40219] INFO  handler.ContextHandler (ContextHandler.java:doStart(915)) - Started o.e.j.w.WebAppContext@42824657{ozoneManager,/,file:///home/runner/work/ozone/ozone/hadoop-ozone/integration-test/target/test-classes/webapps/ozoneManager/,AVAILABLE}{file:/home/runner/work/ozone/ozone/hadoop-ozone/integration-test/target/test-classes/webapps/ozoneManager}
2022-06-11 13:52:04,531 [Listener at 127.0.0.1/40219] INFO  server.AbstractConnector (AbstractConnector.java:doStart(331)) - Started ServerConnector@16a929b9{HTTP/1.1, (http/1.1)}{0.0.0.0:35279}
2022-06-11 13:52:04,531 [Listener at 127.0.0.1/40219] INFO  server.Server (Server.java:doStart(415)) - Started @8329ms
2022-06-11 13:52:04,531 [Listener at 127.0.0.1/40219] WARN  impl.MetricsSystemImpl (MetricsSystemImpl.java:register(279)) - Sink prometheus already exists!
2022-06-11 13:52:04,532 [Listener at 127.0.0.1/40219] INFO  http.BaseHttpServer (BaseHttpServer.java:updateConnectorAddress(329)) - HTTP server of ozoneManager listening at http://0.0.0.0:35279
2022-06-11 13:52:04,533 [IPC Server Responder] INFO  ipc.Server (Server.java:run(1507)) - IPC Server Responder: starting
2022-06-11 13:52:04,534 [IPC Server listener on 0] INFO  ipc.Server (Server.java:run(1344)) - IPC Server listener on 0: starting
2022-06-11 13:52:04,542 [Listener at 127.0.0.1/40219] INFO  om.OzoneManager (OzoneManager.java:startTrashEmptier(1902)) - Trash Interval set to 0. Files deleted won't move to trash
2022-06-11 13:52:04,546 [org.apache.hadoop.util.JvmPauseMonitor$Monitor@5c670e81] INFO  util.JvmPauseMonitor (JvmPauseMonitor.java:run(188)) - Starting JVM pause monitor
2022-06-11 13:52:04,747 [Listener at 127.0.0.1/40219] WARN  impl.MetricRegistriesImpl (MetricRegistriesImpl.java:addReporterRegistration(111)) - New reporters are added after registries were created. Some metrics will be missing from the reporter. Please add reporter before adding any new registry.
2022-06-11 13:52:04,748 [Listener at 127.0.0.1/40219] WARN  impl.MetricRegistriesImpl (MetricRegistriesImpl.java:addReporterRegistration(111)) - New reporters are added after registries were created. Some metrics will be missing from the reporter. Please add reporter before adding any new registry.
2022-06-11 13:52:04,748 [Listener at 127.0.0.1/40219] INFO  impl.MetricsSystemImpl (MetricsSystemImpl.java:init(158)) - HddsDatanode metrics system started (again)
2022-06-11 13:52:04,760 [ReplicationMonitor] INFO  replication.ReplicationManager (ReplicationManager.java:processAll(228)) - Replication Manager is not ready to run until 3000ms after safemode exit
2022-06-11 13:52:04,768 [Listener at 127.0.0.1/40219] INFO  ozone.HddsDatanodeService (HddsDatanodeService.java:start(236)) - HddsDatanodeService host:fv-az395-686.zfmzfyrfkyou3ow0tsr0jxwq1e.bx.internal.cloudapp.net ip:10.1.0.23
2022-06-11 13:52:04,806 [Listener at 127.0.0.1/40219] INFO  upgrade.AbstractLayoutVersionManager (AbstractLayoutVersionManager.java:init(82)) - Initializing Layout version manager with metadata layout = DATANODE_SCHEMA_V3 (version = 4), software layout = DATANODE_SCHEMA_V3 (version = 4)
2022-06-11 13:52:04,856 [Listener at 127.0.0.1/40219] INFO  reflections.Reflections (Reflections.java:scan(232)) - Reflections took 48 ms to scan 7 urls, producing 131 keys and 311 values 
2022-06-11 13:52:04,863 [Listener at 127.0.0.1/40219] INFO  statemachine.DatanodeStateMachine (DatanodeStateMachine.java:getEndPointTaskThreadPoolSize(233)) - Datanode State Machine Task Thread Pool size 2
2022-06-11 13:52:04,935 [Listener at 127.0.0.1/40219] INFO  volume.HddsVolume (HddsVolume.java:<init>(116)) - Creating HddsVolume: /home/runner/work/ozone/ozone/hadoop-ozone/integration-test/target/test-dir/MiniOzoneClusterImpl-239f68c3-3068-4753-adf8-1c2cb01b4c57/datanode-0/data-0/containers/hdds of storage type : DISK capacity : 9223372036854775807
2022-06-11 13:52:04,938 [Listener at 127.0.0.1/40219] INFO  volume.MutableVolumeSet (MutableVolumeSet.java:initializeVolumeSet(174)) - Added Volume : /home/runner/work/ozone/ozone/hadoop-ozone/integration-test/target/test-dir/MiniOzoneClusterImpl-239f68c3-3068-4753-adf8-1c2cb01b4c57/datanode-0/data-0/containers/hdds to VolumeSet
2022-06-11 13:52:04,939 [Listener at 127.0.0.1/40219] INFO  volume.ThrottledAsyncChecker (ThrottledAsyncChecker.java:schedule(141)) - Scheduling a check for /home/runner/work/ozone/ozone/hadoop-ozone/integration-test/target/test-dir/MiniOzoneClusterImpl-239f68c3-3068-4753-adf8-1c2cb01b4c57/datanode-0/data-0/containers/hdds
2022-06-11 13:52:04,959 [Listener at 127.0.0.1/40219] INFO  volume.StorageVolumeChecker (StorageVolumeChecker.java:checkAllVolumes(202)) - Scheduled health check for volume /home/runner/work/ozone/ozone/hadoop-ozone/integration-test/target/test-dir/MiniOzoneClusterImpl-239f68c3-3068-4753-adf8-1c2cb01b4c57/datanode-0/data-0/containers/hdds
2022-06-11 13:52:04,979 [Listener at 127.0.0.1/40219] INFO  volume.MutableVolumeSet (MutableVolumeSet.java:initializeVolumeSet(174)) - Added Volume : /home/runner/work/ozone/ozone/hadoop-ozone/integration-test/target/test-dir/MiniOzoneClusterImpl-239f68c3-3068-4753-adf8-1c2cb01b4c57/datanode-0/data/ratis to VolumeSet
2022-06-11 13:52:04,979 [Listener at 127.0.0.1/40219] INFO  volume.ThrottledAsyncChecker (ThrottledAsyncChecker.java:schedule(141)) - Scheduling a check for /home/runner/work/ozone/ozone/hadoop-ozone/integration-test/target/test-dir/MiniOzoneClusterImpl-239f68c3-3068-4753-adf8-1c2cb01b4c57/datanode-0/data/ratis
2022-06-11 13:52:04,980 [Listener at 127.0.0.1/40219] INFO  volume.StorageVolumeChecker (StorageVolumeChecker.java:checkAllVolumes(202)) - Scheduled health check for volume /home/runner/work/ozone/ozone/hadoop-ozone/integration-test/target/test-dir/MiniOzoneClusterImpl-239f68c3-3068-4753-adf8-1c2cb01b4c57/datanode-0/data/ratis
2022-06-11 13:52:05,005 [Thread-133] INFO  ozoneimpl.ContainerReader (ContainerReader.java:readVolume(172)) - Finish verifying containers on volume /home/runner/work/ozone/ozone/hadoop-ozone/integration-test/target/test-dir/MiniOzoneClusterImpl-239f68c3-3068-4753-adf8-1c2cb01b4c57/datanode-0/data-0/containers/hdds
2022-06-11 13:52:05,006 [Listener at 127.0.0.1/40219] INFO  ozoneimpl.OzoneContainer (OzoneContainer.java:buildContainerSet(266)) - Build ContainerSet costs 0s
2022-06-11 13:52:05,058 [Listener at 127.0.0.1/40219] INFO  audit.AuditLogger (AuditLogger.java:refreshDebugCmdSet(120)) - Refresh DebugCmdSet for DNAudit to [].
2022-06-11 13:52:05,096 [Listener at 127.0.0.1/40219] INFO  server.RaftServer (ConfUtils.java:logGet(46)) - raft.rpc.type = GRPC (default)
2022-06-11 13:52:05,097 [Listener at 127.0.0.1/40219] INFO  grpc.GrpcFactory (GrpcFactory.java:checkPooledByteBufAllocatorUseCacheForAllThreads(48)) - PERFORMANCE WARNING: useCacheForAllThreads is true that may cause Netty to create a lot garbage objects and, as a result, trigger GC.
	It is recommended to disable useCacheForAllThreads by setting -Dorg.apache.ratis.thirdparty.io.netty.allocator.useCacheForAllThreads=false in command line.
2022-06-11 13:52:05,097 [Listener at 127.0.0.1/40219] INFO  grpc.GrpcConfigKeys (ConfUtils.java:logGet(46)) - raft.grpc.admin.port = 0 (custom)
2022-06-11 13:52:05,097 [Listener at 127.0.0.1/40219] INFO  grpc.GrpcConfigKeys (ConfUtils.java:logGet(46)) - raft.grpc.client.port = 0 (custom)
2022-06-11 13:52:05,097 [Listener at 127.0.0.1/40219] INFO  grpc.GrpcConfigKeys (ConfUtils.java:logGet(46)) - raft.grpc.server.port = 0 (default)
2022-06-11 13:52:05,097 [Listener at 127.0.0.1/40219] INFO  server.GrpcService (ConfUtils.java:logGet(46)) - raft.grpc.message.size.max = 32MB (=33554432) (custom)
2022-06-11 13:52:05,097 [Listener at 127.0.0.1/40219] INFO  server.RaftServerConfigKeys (ConfUtils.java:logGet(46)) - raft.server.log.appender.buffer.byte-limit = 33554432 (custom)
2022-06-11 13:52:05,097 [Listener at 127.0.0.1/40219] INFO  server.GrpcService (ConfUtils.java:logGet(46)) - raft.grpc.flow.control.window = 5MB (=5242880) (custom)
2022-06-11 13:52:05,098 [Listener at 127.0.0.1/40219] INFO  server.RaftServerConfigKeys (ConfUtils.java:logGet(46)) - raft.server.rpc.request.timeout = 60s (custom)
2022-06-11 13:52:05,098 [Listener at 127.0.0.1/40219] INFO  grpc.GrpcConfigKeys (ConfUtils.java:logGet(46)) - raft.grpc.server.async.request.thread.pool.cached = true (default)
2022-06-11 13:52:05,098 [Listener at 127.0.0.1/40219] INFO  grpc.GrpcConfigKeys (ConfUtils.java:logGet(46)) - raft.grpc.server.async.request.thread.pool.size = 32 (default)
2022-06-11 13:52:05,099 [Listener at 127.0.0.1/40219] INFO  impl.DataStreamServerImpl (ConfUtils.java:logGet(46)) - raft.datastream.type = DISABLED (default)
2022-06-11 13:52:05,100 [Listener at 127.0.0.1/40219] INFO  server.RaftServerConfigKeys (ConfUtils.java:logGet(46)) - raft.server.threadpool.proxy.cached = true (default)
2022-06-11 13:52:05,100 [Listener at 127.0.0.1/40219] INFO  server.RaftServerConfigKeys (ConfUtils.java:logGet(46)) - raft.server.threadpool.proxy.size = 0 (default)
2022-06-11 13:52:05,100 [Listener at 127.0.0.1/40219] INFO  server.RaftServerConfigKeys (ConfUtils.java:logGet(46)) - raft.server.rpc.slowness.timeout = 300s (custom)
2022-06-11 13:52:05,100 [Listener at 127.0.0.1/40219] INFO  server.RaftServerConfigKeys (ConfUtils.java:logGet(46)) - raft.server.leaderelection.leader.step-down.wait-time = 10s (default)
2022-06-11 13:52:05,108 [Listener at 127.0.0.1/40219] INFO  server.RaftServerConfigKeys (ConfUtils.java:logGet(46)) - raft.server.storage.dir = [/home/runner/work/ozone/ozone/hadoop-ozone/integration-test/target/test-dir/MiniOzoneClusterImpl-239f68c3-3068-4753-adf8-1c2cb01b4c57/datanode-0/data/ratis] (custom)
2022-06-11 13:52:05,131 [Listener at 127.0.0.1/40219] INFO  server.XceiverServerGrpc (XceiverServerGrpc.java:<init>(132)) - GrpcServer channel type EpollServerSocketChannel
2022-06-11 13:52:05,191 [Listener at 127.0.0.1/40219] INFO  http.BaseHttpServer (BaseHttpServer.java:newHttpServer2BuilderForOzone(209)) - Starting Web-server for hddsDatanode at: http://0.0.0.0:0
2022-06-11 13:52:05,192 [Listener at 127.0.0.1/40219] INFO  http.BaseHttpServer (BaseHttpServer.java:<init>(107)) - Hadoop Security Enabled: false Ozone Security Enabled: false Ozone HTTP Security Enabled: false 
2022-06-11 13:52:05,197 [Listener at 127.0.0.1/40219] INFO  server.AuthenticationFilter (AuthenticationFilter.java:constructSecretProvider(240)) - Unable to initialize FileSignerSecretProvider, falling back to use random secrets.
2022-06-11 13:52:05,198 [Listener at 127.0.0.1/40219] WARN  http.HttpRequestLog (HttpRequestLog.java:getRequestLog(103)) - Jetty request log can only be enabled using Log4j
2022-06-11 13:52:05,200 [Listener at 127.0.0.1/40219] INFO  http.HttpServer2 (HttpServer2.java:addGlobalFilter(1029)) - Added global filter 'safety' (class=org.apache.hadoop.hdds.server.http.HttpServer2$QuotingInputFilter)
2022-06-11 13:52:05,201 [Listener at 127.0.0.1/40219] INFO  http.HttpServer2 (HttpServer2.java:addFilter(1005)) - Added filter static_user_filter (class=org.apache.hadoop.http.lib.StaticUserWebFilter$StaticUserFilter) to context hddsDatanode
2022-06-11 13:52:05,201 [Listener at 127.0.0.1/40219] INFO  http.HttpServer2 (HttpServer2.java:addFilter(1013)) - Added filter static_user_filter (class=org.apache.hadoop.http.lib.StaticUserWebFilter$StaticUserFilter) to context logs
2022-06-11 13:52:05,201 [Listener at 127.0.0.1/40219] INFO  http.HttpServer2 (HttpServer2.java:addFilter(1013)) - Added filter static_user_filter (class=org.apache.hadoop.http.lib.StaticUserWebFilter$StaticUserFilter) to context static
2022-06-11 13:52:05,204 [Listener at 127.0.0.1/40219] INFO  http.HttpServer2 (HttpServer2.java:bindListener(1248)) - Jetty bound to port 43751
2022-06-11 13:52:05,204 [Listener at 127.0.0.1/40219] INFO  server.Server (Server.java:doStart(375)) - jetty-9.4.43.v20210629; built: 2021-06-30T11:07:22.254Z; git: 526006ecfa3af7f1a27ef3a288e2bef7ea9dd7e8; jvm 1.8.0_332-b09
2022-06-11 13:52:05,206 [Listener at 127.0.0.1/40219] INFO  server.session (DefaultSessionIdManager.java:doStart(334)) - DefaultSessionIdManager workerName=node0
2022-06-11 13:52:05,206 [Listener at 127.0.0.1/40219] INFO  server.session (DefaultSessionIdManager.java:doStart(339)) - No SessionScavenger set, using defaults
2022-06-11 13:52:05,206 [Listener at 127.0.0.1/40219] INFO  server.session (HouseKeeper.java:startScavenging(132)) - node0 Scavenging every 660000ms
2022-06-11 13:52:05,209 [Listener at 127.0.0.1/40219] INFO  handler.ContextHandler (ContextHandler.java:doStart(915)) - Started o.e.j.s.ServletContextHandler@2fb19717{logs,/logs,file:///home/runner/work/ozone/ozone/hadoop-ozone/integration-test/target/log,AVAILABLE}
2022-06-11 13:52:05,209 [Listener at 127.0.0.1/40219] INFO  handler.ContextHandler (ContextHandler.java:doStart(915)) - Started o.e.j.s.ServletContextHandler@92862{static,/static,jar:file:/home/runner/.m2/repository/org/apache/ozone/hdds-container-service/1.3.0-SNAPSHOT/hdds-container-service-1.3.0-SNAPSHOT.jar!/webapps/static,AVAILABLE}
2022-06-11 13:52:05,285 [om1@group-C5BA1605619E-FollowerState] INFO  impl.FollowerState (FollowerState.java:run(143)) - om1@group-C5BA1605619E-FollowerState: change to CANDIDATE, lastRpcElapsedTime:1093738475ns, electionTimeout:1077ms
2022-06-11 13:52:05,286 [om1@group-C5BA1605619E-FollowerState] INFO  impl.RoleInfo (RoleInfo.java:shutdownFollowerState(110)) - om1: shutdown om1@group-C5BA1605619E-FollowerState
2022-06-11 13:52:05,287 [om1@group-C5BA1605619E-FollowerState] INFO  server.RaftServer$Division (RaftServerImpl.java:setRole(299)) - om1@group-C5BA1605619E: changes role from  FOLLOWER to CANDIDATE at term 0 for changeToCandidate
2022-06-11 13:52:05,290 [om1@group-C5BA1605619E-FollowerState] INFO  server.RaftServerConfigKeys (ConfUtils.java:logGet(46)) - raft.server.leaderelection.pre-vote = false (custom)
2022-06-11 13:52:05,290 [om1@group-C5BA1605619E-FollowerState] INFO  impl.RoleInfo (RoleInfo.java:updateAndGet(139)) - om1: start om1@group-C5BA1605619E-LeaderElection1
2022-06-11 13:52:05,304 [om1@group-C5BA1605619E-LeaderElection1] INFO  impl.LeaderElection (LeaderElection.java:askForVotes(310)) - om1@group-C5BA1605619E-LeaderElection1 ELECTION round 0: submit vote requests at term 1 for -1: [om1|rpc:localhost:9872|priority:0], old=null
2022-06-11 13:52:05,305 [om1@group-C5BA1605619E-LeaderElection1] INFO  impl.LeaderElection (LeaderElection.java:askForVotes(312)) - om1@group-C5BA1605619E-LeaderElection1 ELECTION round 0: result PASSED (term=1)
2022-06-11 13:52:05,306 [om1@group-C5BA1605619E-LeaderElection1] INFO  impl.RoleInfo (RoleInfo.java:shutdownLeaderElection(130)) - om1: shutdown om1@group-C5BA1605619E-LeaderElection1
2022-06-11 13:52:05,306 [om1@group-C5BA1605619E-LeaderElection1] INFO  server.RaftServer$Division (RaftServerImpl.java:setRole(299)) - om1@group-C5BA1605619E: changes role from CANDIDATE to LEADER at term 1 for changeToLeader
2022-06-11 13:52:05,306 [om1@group-C5BA1605619E-LeaderElection1] INFO  server.RaftServer$Division (ServerState.java:setLeader(287)) - om1@group-C5BA1605619E: change Leader from null to om1 at term 1 for becomeLeader, leader elected after 2073ms
2022-06-11 13:52:05,312 [om1@group-C5BA1605619E-LeaderElection1] INFO  server.RaftServerConfigKeys (ConfUtils.java:logGet(46)) - raft.server.staging.catchup.gap = 1000 (default)
2022-06-11 13:52:05,318 [om1@group-C5BA1605619E-LeaderElection1] INFO  server.RaftServerConfigKeys (ConfUtils.java:logGet(46)) - raft.server.write.element-limit = 4096 (default)
2022-06-11 13:52:05,318 [om1@group-C5BA1605619E-LeaderElection1] INFO  server.RaftServerConfigKeys (ConfUtils.java:logGet(46)) - raft.server.write.byte-limit = 64MB (=67108864) (default)
2022-06-11 13:52:05,324 [om1@group-C5BA1605619E-LeaderElection1] INFO  server.RaftServerConfigKeys (ConfUtils.java:logGet(46)) - raft.server.watch.timeout = 10s (default)
2022-06-11 13:52:05,324 [om1@group-C5BA1605619E-LeaderElection1] INFO  server.RaftServerConfigKeys (ConfUtils.java:logGet(46)) - raft.server.watch.timeout.denomination = 1s (default)
2022-06-11 13:52:05,324 [om1@group-C5BA1605619E-LeaderElection1] INFO  server.RaftServerConfigKeys (ConfUtils.java:logGet(46)) - raft.server.watch.element-limit = 65536 (default)
2022-06-11 13:52:05,330 [om1@group-C5BA1605619E-LeaderElection1] INFO  server.RaftServerConfigKeys (ConfUtils.java:logGet(46)) - raft.server.write.element-limit = 4096 (default)
2022-06-11 13:52:05,334 [om1@group-C5BA1605619E-LeaderElection1] INFO  server.RaftServerConfigKeys (ConfUtils.java:logGet(46)) - raft.server.write.follower.gap.ratio.max = -1.0 (default)
2022-06-11 13:52:05,336 [om1@group-C5BA1605619E-LeaderElection1] INFO  impl.RoleInfo (RoleInfo.java:updateAndGet(139)) - om1: start om1@group-C5BA1605619E-LeaderStateImpl
2022-06-11 13:52:05,411 [om1@group-C5BA1605619E-LeaderElection1] INFO  segmented.SegmentedRaftLogWorker (SegmentedRaftLogWorker.java:startLogSegment(425)) - om1@group-C5BA1605619E-SegmentedRaftLogWorker: Starting segment from index:0
2022-06-11 13:52:05,487 [om1@group-C5BA1605619E-LeaderElection1] INFO  server.RaftServer$Division (ServerState.java:setRaftConf(393)) - om1@group-C5BA1605619E: set configuration 0: [om1|rpc:localhost:9872|admin:|client:|dataStream:|priority:0], old=null
2022-06-11 13:52:05,560 [Listener at 127.0.0.1/40219] INFO  handler.ContextHandler (ContextHandler.java:doStart(915)) - Started o.e.j.w.WebAppContext@7514a2f7{hddsDatanode,/,file:///tmp/jetty-0_0_0_0-43751-hdds-container-service-1_3_0-SNAPSHOT_jar-_-any-1626759774040318024/webapp/,AVAILABLE}{jar:file:/home/runner/.m2/repository/org/apache/ozone/hdds-container-service/1.3.0-SNAPSHOT/hdds-container-service-1.3.0-SNAPSHOT.jar!/webapps/hddsDatanode}
2022-06-11 13:52:05,572 [Listener at 127.0.0.1/40219] INFO  server.AbstractConnector (AbstractConnector.java:doStart(331)) - Started ServerConnector@64bae76c{HTTP/1.1, (http/1.1)}{0.0.0.0:43751}
2022-06-11 13:52:05,573 [Listener at 127.0.0.1/40219] INFO  server.Server (Server.java:doStart(415)) - Started @9370ms
2022-06-11 13:52:05,573 [Listener at 127.0.0.1/40219] WARN  impl.MetricsSystemImpl (MetricsSystemImpl.java:register(279)) - Sink prometheus already exists!
2022-06-11 13:52:05,573 [Listener at 127.0.0.1/40219] INFO  http.BaseHttpServer (BaseHttpServer.java:updateConnectorAddress(329)) - HTTP server of hddsDatanode listening at http://0.0.0.0:43751
2022-06-11 13:52:05,585 [Listener at 127.0.0.1/40219] WARN  impl.MetricRegistriesImpl (MetricRegistriesImpl.java:addReporterRegistration(111)) - New reporters are added after registries were created. Some metrics will be missing from the reporter. Please add reporter before adding any new registry.
2022-06-11 13:52:05,585 [Listener at 127.0.0.1/40219] WARN  impl.MetricRegistriesImpl (MetricRegistriesImpl.java:addReporterRegistration(111)) - New reporters are added after registries were created. Some metrics will be missing from the reporter. Please add reporter before adding any new registry.
2022-06-11 13:52:05,585 [Listener at 127.0.0.1/40219] INFO  impl.MetricsSystemImpl (MetricsSystemImpl.java:init(158)) - HddsDatanode metrics system started (again)
2022-06-11 13:52:05,584 [Datanode State Machine Daemon Thread] INFO  statemachine.DatanodeStateMachine (DatanodeStateMachine.java:lambda$startDaemon$0(484)) - Ozone container server started.
2022-06-11 13:52:05,614 [Listener at 127.0.0.1/40219] INFO  ozone.HddsDatanodeService (HddsDatanodeService.java:start(236)) - HddsDatanodeService host:fv-az395-686.zfmzfyrfkyou3ow0tsr0jxwq1e.bx.internal.cloudapp.net ip:10.1.0.23
2022-06-11 13:52:05,629 [org.apache.hadoop.util.JvmPauseMonitor$Monitor@263f4f05] INFO  util.JvmPauseMonitor (JvmPauseMonitor.java:run(188)) - Starting JVM pause monitor
2022-06-11 13:52:05,640 [om1@group-C5BA1605619E-SegmentedRaftLogWorker] INFO  segmented.SegmentedRaftLogWorker (SegmentedRaftLogWorker.java:execute(629)) - om1@group-C5BA1605619E-SegmentedRaftLogWorker: created new log segment /home/runner/work/ozone/ozone/hadoop-ozone/integration-test/target/test-dir/MiniOzoneClusterImpl-239f68c3-3068-4753-adf8-1c2cb01b4c57/ozone-meta/ratis/bf265839-605b-3f16-9796-c5ba1605619e/current/log_inprogress_0
2022-06-11 13:52:05,672 [Listener at 127.0.0.1/40219] INFO  upgrade.AbstractLayoutVersionManager (AbstractLayoutVersionManager.java:init(82)) - Initializing Layout version manager with metadata layout = DATANODE_SCHEMA_V3 (version = 4), software layout = DATANODE_SCHEMA_V3 (version = 4)
2022-06-11 13:52:05,734 [Listener at 127.0.0.1/40219] INFO  reflections.Reflections (Reflections.java:scan(232)) - Reflections took 59 ms to scan 7 urls, producing 131 keys and 311 values 
2022-06-11 13:52:05,735 [Listener at 127.0.0.1/40219] INFO  statemachine.DatanodeStateMachine (DatanodeStateMachine.java:getEndPointTaskThreadPoolSize(233)) - Datanode State Machine Task Thread Pool size 2
2022-06-11 13:52:05,738 [Listener at 127.0.0.1/40219] INFO  volume.HddsVolume (HddsVolume.java:<init>(116)) - Creating HddsVolume: /home/runner/work/ozone/ozone/hadoop-ozone/integration-test/target/test-dir/MiniOzoneClusterImpl-239f68c3-3068-4753-adf8-1c2cb01b4c57/datanode-1/data-0/containers/hdds of storage type : DISK capacity : 9223372036854775807
2022-06-11 13:52:05,738 [Listener at 127.0.0.1/40219] INFO  volume.MutableVolumeSet (MutableVolumeSet.java:initializeVolumeSet(174)) - Added Volume : /home/runner/work/ozone/ozone/hadoop-ozone/integration-test/target/test-dir/MiniOzoneClusterImpl-239f68c3-3068-4753-adf8-1c2cb01b4c57/datanode-1/data-0/containers/hdds to VolumeSet
2022-06-11 13:52:05,738 [Listener at 127.0.0.1/40219] INFO  volume.ThrottledAsyncChecker (ThrottledAsyncChecker.java:schedule(141)) - Scheduling a check for /home/runner/work/ozone/ozone/hadoop-ozone/integration-test/target/test-dir/MiniOzoneClusterImpl-239f68c3-3068-4753-adf8-1c2cb01b4c57/datanode-1/data-0/containers/hdds
2022-06-11 13:52:05,739 [Listener at 127.0.0.1/40219] INFO  volume.StorageVolumeChecker (StorageVolumeChecker.java:checkAllVolumes(202)) - Scheduled health check for volume /home/runner/work/ozone/ozone/hadoop-ozone/integration-test/target/test-dir/MiniOzoneClusterImpl-239f68c3-3068-4753-adf8-1c2cb01b4c57/datanode-1/data-0/containers/hdds
2022-06-11 13:52:05,760 [Listener at 127.0.0.1/40219] INFO  volume.MutableVolumeSet (MutableVolumeSet.java:initializeVolumeSet(174)) - Added Volume : /home/runner/work/ozone/ozone/hadoop-ozone/integration-test/target/test-dir/MiniOzoneClusterImpl-239f68c3-3068-4753-adf8-1c2cb01b4c57/datanode-1/data/ratis to VolumeSet
2022-06-11 13:52:05,760 [Listener at 127.0.0.1/40219] INFO  volume.ThrottledAsyncChecker (ThrottledAsyncChecker.java:schedule(141)) - Scheduling a check for /home/runner/work/ozone/ozone/hadoop-ozone/integration-test/target/test-dir/MiniOzoneClusterImpl-239f68c3-3068-4753-adf8-1c2cb01b4c57/datanode-1/data/ratis
2022-06-11 13:52:05,760 [Listener at 127.0.0.1/40219] INFO  volume.StorageVolumeChecker (StorageVolumeChecker.java:checkAllVolumes(202)) - Scheduled health check for volume /home/runner/work/ozone/ozone/hadoop-ozone/integration-test/target/test-dir/MiniOzoneClusterImpl-239f68c3-3068-4753-adf8-1c2cb01b4c57/datanode-1/data/ratis
2022-06-11 13:52:05,761 [ReplicationMonitor] INFO  replication.ReplicationManager (ReplicationManager.java:processAll(228)) - Replication Manager is not ready to run until 3000ms after safemode exit
2022-06-11 13:52:05,792 [Thread-148] INFO  ozoneimpl.ContainerReader (ContainerReader.java:readVolume(172)) - Finish verifying containers on volume /home/runner/work/ozone/ozone/hadoop-ozone/integration-test/target/test-dir/MiniOzoneClusterImpl-239f68c3-3068-4753-adf8-1c2cb01b4c57/datanode-1/data-0/containers/hdds
2022-06-11 13:52:05,793 [Listener at 127.0.0.1/40219] INFO  ozoneimpl.OzoneContainer (OzoneContainer.java:buildContainerSet(266)) - Build ContainerSet costs 0s
2022-06-11 13:52:05,796 [Listener at 127.0.0.1/40219] INFO  server.RaftServer (ConfUtils.java:logGet(46)) - raft.rpc.type = GRPC (default)
2022-06-11 13:52:05,796 [Listener at 127.0.0.1/40219] INFO  grpc.GrpcFactory (GrpcFactory.java:checkPooledByteBufAllocatorUseCacheForAllThreads(48)) - PERFORMANCE WARNING: useCacheForAllThreads is true that may cause Netty to create a lot garbage objects and, as a result, trigger GC.
	It is recommended to disable useCacheForAllThreads by setting -Dorg.apache.ratis.thirdparty.io.netty.allocator.useCacheForAllThreads=false in command line.
2022-06-11 13:52:05,797 [Listener at 127.0.0.1/40219] INFO  grpc.GrpcConfigKeys (ConfUtils.java:logGet(46)) - raft.grpc.admin.port = 0 (custom)
2022-06-11 13:52:05,797 [Listener at 127.0.0.1/40219] INFO  grpc.GrpcConfigKeys (ConfUtils.java:logGet(46)) - raft.grpc.client.port = 0 (custom)
2022-06-11 13:52:05,797 [Listener at 127.0.0.1/40219] INFO  grpc.GrpcConfigKeys (ConfUtils.java:logGet(46)) - raft.grpc.server.port = 0 (default)
2022-06-11 13:52:05,797 [Listener at 127.0.0.1/40219] INFO  server.GrpcService (ConfUtils.java:logGet(46)) - raft.grpc.message.size.max = 32MB (=33554432) (custom)
2022-06-11 13:52:05,797 [Listener at 127.0.0.1/40219] INFO  server.RaftServerConfigKeys (ConfUtils.java:logGet(46)) - raft.server.log.appender.buffer.byte-limit = 33554432 (custom)
2022-06-11 13:52:05,797 [Listener at 127.0.0.1/40219] INFO  server.GrpcService (ConfUtils.java:logGet(46)) - raft.grpc.flow.control.window = 5MB (=5242880) (custom)
2022-06-11 13:52:05,797 [Listener at 127.0.0.1/40219] INFO  server.RaftServerConfigKeys (ConfUtils.java:logGet(46)) - raft.server.rpc.request.timeout = 60s (custom)
2022-06-11 13:52:05,797 [Listener at 127.0.0.1/40219] INFO  grpc.GrpcConfigKeys (ConfUtils.java:logGet(46)) - raft.grpc.server.async.request.thread.pool.cached = true (default)
2022-06-11 13:52:05,798 [Listener at 127.0.0.1/40219] INFO  grpc.GrpcConfigKeys (ConfUtils.java:logGet(46)) - raft.grpc.server.async.request.thread.pool.size = 32 (default)
2022-06-11 13:52:05,802 [Listener at 127.0.0.1/40219] INFO  impl.DataStreamServerImpl (ConfUtils.java:logGet(46)) - raft.datastream.type = DISABLED (default)
2022-06-11 13:52:05,802 [Listener at 127.0.0.1/40219] INFO  server.RaftServerConfigKeys (ConfUtils.java:logGet(46)) - raft.server.threadpool.proxy.cached = true (default)
2022-06-11 13:52:05,802 [Listener at 127.0.0.1/40219] INFO  server.RaftServerConfigKeys (ConfUtils.java:logGet(46)) - raft.server.threadpool.proxy.size = 0 (default)
2022-06-11 13:52:05,802 [Listener at 127.0.0.1/40219] INFO  server.RaftServerConfigKeys (ConfUtils.java:logGet(46)) - raft.server.rpc.slowness.timeout = 300s (custom)
2022-06-11 13:52:05,802 [Listener at 127.0.0.1/40219] INFO  server.RaftServerConfigKeys (ConfUtils.java:logGet(46)) - raft.server.leaderelection.leader.step-down.wait-time = 10s (default)
2022-06-11 13:52:05,802 [Listener at 127.0.0.1/40219] INFO  server.RaftServerConfigKeys (ConfUtils.java:logGet(46)) - raft.server.storage.dir = [/home/runner/work/ozone/ozone/hadoop-ozone/integration-test/target/test-dir/MiniOzoneClusterImpl-239f68c3-3068-4753-adf8-1c2cb01b4c57/datanode-1/data/ratis] (custom)
2022-06-11 13:52:05,827 [Listener at 127.0.0.1/40219] INFO  server.XceiverServerGrpc (XceiverServerGrpc.java:<init>(132)) - GrpcServer channel type EpollServerSocketChannel
2022-06-11 13:52:05,838 [Listener at 127.0.0.1/40219] INFO  http.BaseHttpServer (BaseHttpServer.java:newHttpServer2BuilderForOzone(209)) - Starting Web-server for hddsDatanode at: http://0.0.0.0:0
2022-06-11 13:52:05,838 [Listener at 127.0.0.1/40219] INFO  http.BaseHttpServer (BaseHttpServer.java:<init>(107)) - Hadoop Security Enabled: false Ozone Security Enabled: false Ozone HTTP Security Enabled: false 
2022-06-11 13:52:05,840 [Listener at 127.0.0.1/40219] INFO  server.AuthenticationFilter (AuthenticationFilter.java:constructSecretProvider(240)) - Unable to initialize FileSignerSecretProvider, falling back to use random secrets.
2022-06-11 13:52:05,843 [Listener at 127.0.0.1/40219] WARN  http.HttpRequestLog (HttpRequestLog.java:getRequestLog(103)) - Jetty request log can only be enabled using Log4j
2022-06-11 13:52:05,845 [Listener at 127.0.0.1/40219] INFO  http.HttpServer2 (HttpServer2.java:addGlobalFilter(1029)) - Added global filter 'safety' (class=org.apache.hadoop.hdds.server.http.HttpServer2$QuotingInputFilter)
2022-06-11 13:52:05,846 [Listener at 127.0.0.1/40219] INFO  http.HttpServer2 (HttpServer2.java:addFilter(1005)) - Added filter static_user_filter (class=org.apache.hadoop.http.lib.StaticUserWebFilter$StaticUserFilter) to context hddsDatanode
2022-06-11 13:52:05,846 [Listener at 127.0.0.1/40219] INFO  http.HttpServer2 (HttpServer2.java:addFilter(1013)) - Added filter static_user_filter (class=org.apache.hadoop.http.lib.StaticUserWebFilter$StaticUserFilter) to context logs
2022-06-11 13:52:05,846 [Listener at 127.0.0.1/40219] INFO  http.HttpServer2 (HttpServer2.java:addFilter(1013)) - Added filter static_user_filter (class=org.apache.hadoop.http.lib.StaticUserWebFilter$StaticUserFilter) to context static
2022-06-11 13:52:05,847 [Listener at 127.0.0.1/40219] INFO  http.HttpServer2 (HttpServer2.java:bindListener(1248)) - Jetty bound to port 36213
2022-06-11 13:52:05,847 [Listener at 127.0.0.1/40219] INFO  server.Server (Server.java:doStart(375)) - jetty-9.4.43.v20210629; built: 2021-06-30T11:07:22.254Z; git: 526006ecfa3af7f1a27ef3a288e2bef7ea9dd7e8; jvm 1.8.0_332-b09
2022-06-11 13:52:05,858 [Datanode State Machine Task Thread - 0] INFO  datanode.InitDatanodeState (InitDatanodeState.java:persistContainerDatanodeDetails(138)) - DatanodeDetails is persisted to /home/runner/work/ozone/ozone/hadoop-ozone/integration-test/target/test-dir/MiniOzoneClusterImpl-239f68c3-3068-4753-adf8-1c2cb01b4c57/datanode-0/meta/datanode.id
2022-06-11 13:52:05,857 [om1@group-C5BA1605619E-StateMachineUpdater] INFO  ratis.OzoneManagerStateMachine (OzoneManagerStateMachine.java:notifyConfigurationChanged(191)) - Received Configuration change notification from Ratis. New Peer list:
[id: "om1"
address: "localhost:9872"
]
2022-06-11 13:52:05,868 [Listener at 127.0.0.1/40219] INFO  server.session (DefaultSessionIdManager.java:doStart(334)) - DefaultSessionIdManager workerName=node0
2022-06-11 13:52:05,868 [Listener at 127.0.0.1/40219] INFO  server.session (DefaultSessionIdManager.java:doStart(339)) - No SessionScavenger set, using defaults
2022-06-11 13:52:05,868 [Listener at 127.0.0.1/40219] INFO  server.session (HouseKeeper.java:startScavenging(132)) - node0 Scavenging every 660000ms
2022-06-11 13:52:05,869 [Listener at 127.0.0.1/40219] INFO  handler.ContextHandler (ContextHandler.java:doStart(915)) - Started o.e.j.s.ServletContextHandler@1fc017d4{logs,/logs,file:///home/runner/work/ozone/ozone/hadoop-ozone/integration-test/target/log,AVAILABLE}
2022-06-11 13:52:05,870 [Listener at 127.0.0.1/40219] INFO  handler.ContextHandler (ContextHandler.java:doStart(915)) - Started o.e.j.s.ServletContextHandler@6328339f{static,/static,jar:file:/home/runner/.m2/repository/org/apache/ozone/hdds-container-service/1.3.0-SNAPSHOT/hdds-container-service-1.3.0-SNAPSHOT.jar!/webapps/static,AVAILABLE}
2022-06-11 13:52:06,083 [Listener at 127.0.0.1/40219] INFO  handler.ContextHandler (ContextHandler.java:doStart(915)) - Started o.e.j.w.WebAppContext@64750d09{hddsDatanode,/,file:///tmp/jetty-0_0_0_0-36213-hdds-container-service-1_3_0-SNAPSHOT_jar-_-any-1437454798918026444/webapp/,AVAILABLE}{jar:file:/home/runner/.m2/repository/org/apache/ozone/hdds-container-service/1.3.0-SNAPSHOT/hdds-container-service-1.3.0-SNAPSHOT.jar!/webapps/hddsDatanode}
2022-06-11 13:52:06,084 [Listener at 127.0.0.1/40219] INFO  server.AbstractConnector (AbstractConnector.java:doStart(331)) - Started ServerConnector@69a54c6b{HTTP/1.1, (http/1.1)}{0.0.0.0:36213}
2022-06-11 13:52:06,085 [Listener at 127.0.0.1/40219] INFO  server.Server (Server.java:doStart(415)) - Started @9882ms
2022-06-11 13:52:06,085 [Listener at 127.0.0.1/40219] WARN  impl.MetricsSystemImpl (MetricsSystemImpl.java:register(279)) - Sink prometheus already exists!
2022-06-11 13:52:06,085 [Listener at 127.0.0.1/40219] INFO  http.BaseHttpServer (BaseHttpServer.java:updateConnectorAddress(329)) - HTTP server of hddsDatanode listening at http://0.0.0.0:36213
2022-06-11 13:52:06,086 [Listener at 127.0.0.1/40219] WARN  impl.MetricRegistriesImpl (MetricRegistriesImpl.java:addReporterRegistration(111)) - New reporters are added after registries were created. Some metrics will be missing from the reporter. Please add reporter before adding any new registry.
2022-06-11 13:52:06,086 [Listener at 127.0.0.1/40219] WARN  impl.MetricRegistriesImpl (MetricRegistriesImpl.java:addReporterRegistration(111)) - New reporters are added after registries were created. Some metrics will be missing from the reporter. Please add reporter before adding any new registry.
2022-06-11 13:52:06,086 [Listener at 127.0.0.1/40219] INFO  impl.MetricsSystemImpl (MetricsSystemImpl.java:init(158)) - HddsDatanode metrics system started (again)
2022-06-11 13:52:06,095 [Datanode State Machine Daemon Thread] INFO  statemachine.DatanodeStateMachine (DatanodeStateMachine.java:lambda$startDaemon$0(484)) - Ozone container server started.
2022-06-11 13:52:06,105 [org.apache.hadoop.util.JvmPauseMonitor$Monitor@6eaa2ab6] INFO  util.JvmPauseMonitor (JvmPauseMonitor.java:run(188)) - Starting JVM pause monitor
2022-06-11 13:52:06,118 [Listener at 127.0.0.1/40219] INFO  ozone.HddsDatanodeService (HddsDatanodeService.java:start(236)) - HddsDatanodeService host:fv-az395-686.zfmzfyrfkyou3ow0tsr0jxwq1e.bx.internal.cloudapp.net ip:10.1.0.23
2022-06-11 13:52:06,122 [Datanode State Machine Task Thread - 0] INFO  datanode.InitDatanodeState (InitDatanodeState.java:persistContainerDatanodeDetails(138)) - DatanodeDetails is persisted to /home/runner/work/ozone/ozone/hadoop-ozone/integration-test/target/test-dir/MiniOzoneClusterImpl-239f68c3-3068-4753-adf8-1c2cb01b4c57/datanode-1/meta/datanode.id
2022-06-11 13:52:06,149 [Listener at 127.0.0.1/40219] INFO  upgrade.AbstractLayoutVersionManager (AbstractLayoutVersionManager.java:init(82)) - Initializing Layout version manager with metadata layout = DATANODE_SCHEMA_V3 (version = 4), software layout = DATANODE_SCHEMA_V3 (version = 4)
2022-06-11 13:52:06,208 [Listener at 127.0.0.1/40219] INFO  reflections.Reflections (Reflections.java:scan(232)) - Reflections took 57 ms to scan 7 urls, producing 131 keys and 311 values 
2022-06-11 13:52:06,210 [Listener at 127.0.0.1/40219] INFO  statemachine.DatanodeStateMachine (DatanodeStateMachine.java:getEndPointTaskThreadPoolSize(233)) - Datanode State Machine Task Thread Pool size 2
2022-06-11 13:52:06,212 [Listener at 127.0.0.1/40219] INFO  volume.HddsVolume (HddsVolume.java:<init>(116)) - Creating HddsVolume: /home/runner/work/ozone/ozone/hadoop-ozone/integration-test/target/test-dir/MiniOzoneClusterImpl-239f68c3-3068-4753-adf8-1c2cb01b4c57/datanode-2/data-0/containers/hdds of storage type : DISK capacity : 9223372036854775807
2022-06-11 13:52:06,213 [Listener at 127.0.0.1/40219] INFO  volume.MutableVolumeSet (MutableVolumeSet.java:initializeVolumeSet(174)) - Added Volume : /home/runner/work/ozone/ozone/hadoop-ozone/integration-test/target/test-dir/MiniOzoneClusterImpl-239f68c3-3068-4753-adf8-1c2cb01b4c57/datanode-2/data-0/containers/hdds to VolumeSet
2022-06-11 13:52:06,213 [Listener at 127.0.0.1/40219] INFO  volume.ThrottledAsyncChecker (ThrottledAsyncChecker.java:schedule(141)) - Scheduling a check for /home/runner/work/ozone/ozone/hadoop-ozone/integration-test/target/test-dir/MiniOzoneClusterImpl-239f68c3-3068-4753-adf8-1c2cb01b4c57/datanode-2/data-0/containers/hdds
2022-06-11 13:52:06,217 [Listener at 127.0.0.1/40219] INFO  volume.StorageVolumeChecker (StorageVolumeChecker.java:checkAllVolumes(202)) - Scheduled health check for volume /home/runner/work/ozone/ozone/hadoop-ozone/integration-test/target/test-dir/MiniOzoneClusterImpl-239f68c3-3068-4753-adf8-1c2cb01b4c57/datanode-2/data-0/containers/hdds
2022-06-11 13:52:06,231 [Listener at 127.0.0.1/40219] INFO  volume.MutableVolumeSet (MutableVolumeSet.java:initializeVolumeSet(174)) - Added Volume : /home/runner/work/ozone/ozone/hadoop-ozone/integration-test/target/test-dir/MiniOzoneClusterImpl-239f68c3-3068-4753-adf8-1c2cb01b4c57/datanode-2/data/ratis to VolumeSet
2022-06-11 13:52:06,231 [Listener at 127.0.0.1/40219] INFO  volume.ThrottledAsyncChecker (ThrottledAsyncChecker.java:schedule(141)) - Scheduling a check for /home/runner/work/ozone/ozone/hadoop-ozone/integration-test/target/test-dir/MiniOzoneClusterImpl-239f68c3-3068-4753-adf8-1c2cb01b4c57/datanode-2/data/ratis
2022-06-11 13:52:06,231 [Listener at 127.0.0.1/40219] INFO  volume.StorageVolumeChecker (StorageVolumeChecker.java:checkAllVolumes(202)) - Scheduled health check for volume /home/runner/work/ozone/ozone/hadoop-ozone/integration-test/target/test-dir/MiniOzoneClusterImpl-239f68c3-3068-4753-adf8-1c2cb01b4c57/datanode-2/data/ratis
2022-06-11 13:52:06,244 [Thread-161] INFO  ozoneimpl.ContainerReader (ContainerReader.java:readVolume(172)) - Finish verifying containers on volume /home/runner/work/ozone/ozone/hadoop-ozone/integration-test/target/test-dir/MiniOzoneClusterImpl-239f68c3-3068-4753-adf8-1c2cb01b4c57/datanode-2/data-0/containers/hdds
2022-06-11 13:52:06,245 [Listener at 127.0.0.1/40219] INFO  ozoneimpl.OzoneContainer (OzoneContainer.java:buildContainerSet(266)) - Build ContainerSet costs 0s
2022-06-11 13:52:06,248 [Listener at 127.0.0.1/40219] INFO  server.RaftServer (ConfUtils.java:logGet(46)) - raft.rpc.type = GRPC (default)
2022-06-11 13:52:06,248 [Listener at 127.0.0.1/40219] INFO  grpc.GrpcFactory (GrpcFactory.java:checkPooledByteBufAllocatorUseCacheForAllThreads(48)) - PERFORMANCE WARNING: useCacheForAllThreads is true that may cause Netty to create a lot garbage objects and, as a result, trigger GC.
	It is recommended to disable useCacheForAllThreads by setting -Dorg.apache.ratis.thirdparty.io.netty.allocator.useCacheForAllThreads=false in command line.
2022-06-11 13:52:06,248 [Listener at 127.0.0.1/40219] INFO  grpc.GrpcConfigKeys (ConfUtils.java:logGet(46)) - raft.grpc.admin.port = 0 (custom)
2022-06-11 13:52:06,248 [Listener at 127.0.0.1/40219] INFO  grpc.GrpcConfigKeys (ConfUtils.java:logGet(46)) - raft.grpc.client.port = 0 (custom)
2022-06-11 13:52:06,248 [Listener at 127.0.0.1/40219] INFO  grpc.GrpcConfigKeys (ConfUtils.java:logGet(46)) - raft.grpc.server.port = 0 (default)
2022-06-11 13:52:06,249 [Listener at 127.0.0.1/40219] INFO  server.GrpcService (ConfUtils.java:logGet(46)) - raft.grpc.message.size.max = 32MB (=33554432) (custom)
2022-06-11 13:52:06,249 [Listener at 127.0.0.1/40219] INFO  server.RaftServerConfigKeys (ConfUtils.java:logGet(46)) - raft.server.log.appender.buffer.byte-limit = 33554432 (custom)
2022-06-11 13:52:06,249 [Listener at 127.0.0.1/40219] INFO  server.GrpcService (ConfUtils.java:logGet(46)) - raft.grpc.flow.control.window = 5MB (=5242880) (custom)
2022-06-11 13:52:06,249 [Listener at 127.0.0.1/40219] INFO  server.RaftServerConfigKeys (ConfUtils.java:logGet(46)) - raft.server.rpc.request.timeout = 60s (custom)
2022-06-11 13:52:06,249 [Listener at 127.0.0.1/40219] INFO  grpc.GrpcConfigKeys (ConfUtils.java:logGet(46)) - raft.grpc.server.async.request.thread.pool.cached = true (default)
2022-06-11 13:52:06,249 [Listener at 127.0.0.1/40219] INFO  grpc.GrpcConfigKeys (ConfUtils.java:logGet(46)) - raft.grpc.server.async.request.thread.pool.size = 32 (default)
2022-06-11 13:52:06,250 [Listener at 127.0.0.1/40219] INFO  impl.DataStreamServerImpl (ConfUtils.java:logGet(46)) - raft.datastream.type = DISABLED (default)
2022-06-11 13:52:06,251 [Listener at 127.0.0.1/40219] INFO  server.RaftServerConfigKeys (ConfUtils.java:logGet(46)) - raft.server.threadpool.proxy.cached = true (default)
2022-06-11 13:52:06,251 [Listener at 127.0.0.1/40219] INFO  server.RaftServerConfigKeys (ConfUtils.java:logGet(46)) - raft.server.threadpool.proxy.size = 0 (default)
2022-06-11 13:52:06,251 [Listener at 127.0.0.1/40219] INFO  server.RaftServerConfigKeys (ConfUtils.java:logGet(46)) - raft.server.rpc.slowness.timeout = 300s (custom)
2022-06-11 13:52:06,251 [Listener at 127.0.0.1/40219] INFO  server.RaftServerConfigKeys (ConfUtils.java:logGet(46)) - raft.server.leaderelection.leader.step-down.wait-time = 10s (default)
2022-06-11 13:52:06,251 [Listener at 127.0.0.1/40219] INFO  server.RaftServerConfigKeys (ConfUtils.java:logGet(46)) - raft.server.storage.dir = [/home/runner/work/ozone/ozone/hadoop-ozone/integration-test/target/test-dir/MiniOzoneClusterImpl-239f68c3-3068-4753-adf8-1c2cb01b4c57/datanode-2/data/ratis] (custom)
2022-06-11 13:52:06,259 [Listener at 127.0.0.1/40219] INFO  server.XceiverServerGrpc (XceiverServerGrpc.java:<init>(132)) - GrpcServer channel type EpollServerSocketChannel
2022-06-11 13:52:06,266 [Listener at 127.0.0.1/40219] INFO  http.BaseHttpServer (BaseHttpServer.java:newHttpServer2BuilderForOzone(209)) - Starting Web-server for hddsDatanode at: http://0.0.0.0:0
2022-06-11 13:52:06,266 [Listener at 127.0.0.1/40219] INFO  http.BaseHttpServer (BaseHttpServer.java:<init>(107)) - Hadoop Security Enabled: false Ozone Security Enabled: false Ozone HTTP Security Enabled: false 
2022-06-11 13:52:06,267 [Listener at 127.0.0.1/40219] INFO  server.AuthenticationFilter (AuthenticationFilter.java:constructSecretProvider(240)) - Unable to initialize FileSignerSecretProvider, falling back to use random secrets.
2022-06-11 13:52:06,267 [Listener at 127.0.0.1/40219] WARN  http.HttpRequestLog (HttpRequestLog.java:getRequestLog(103)) - Jetty request log can only be enabled using Log4j
2022-06-11 13:52:06,269 [Listener at 127.0.0.1/40219] INFO  http.HttpServer2 (HttpServer2.java:addGlobalFilter(1029)) - Added global filter 'safety' (class=org.apache.hadoop.hdds.server.http.HttpServer2$QuotingInputFilter)
2022-06-11 13:52:06,270 [Listener at 127.0.0.1/40219] INFO  http.HttpServer2 (HttpServer2.java:addFilter(1005)) - Added filter static_user_filter (class=org.apache.hadoop.http.lib.StaticUserWebFilter$StaticUserFilter) to context hddsDatanode
2022-06-11 13:52:06,270 [Listener at 127.0.0.1/40219] INFO  http.HttpServer2 (HttpServer2.java:addFilter(1013)) - Added filter static_user_filter (class=org.apache.hadoop.http.lib.StaticUserWebFilter$StaticUserFilter) to context logs
2022-06-11 13:52:06,270 [Listener at 127.0.0.1/40219] INFO  http.HttpServer2 (HttpServer2.java:addFilter(1013)) - Added filter static_user_filter (class=org.apache.hadoop.http.lib.StaticUserWebFilter$StaticUserFilter) to context static
2022-06-11 13:52:06,270 [Listener at 127.0.0.1/40219] INFO  http.HttpServer2 (HttpServer2.java:bindListener(1248)) - Jetty bound to port 33781
2022-06-11 13:52:06,270 [Listener at 127.0.0.1/40219] INFO  server.Server (Server.java:doStart(375)) - jetty-9.4.43.v20210629; built: 2021-06-30T11:07:22.254Z; git: 526006ecfa3af7f1a27ef3a288e2bef7ea9dd7e8; jvm 1.8.0_332-b09
2022-06-11 13:52:06,277 [Listener at 127.0.0.1/40219] INFO  server.session (DefaultSessionIdManager.java:doStart(334)) - DefaultSessionIdManager workerName=node0
2022-06-11 13:52:06,277 [Listener at 127.0.0.1/40219] INFO  server.session (DefaultSessionIdManager.java:doStart(339)) - No SessionScavenger set, using defaults
2022-06-11 13:52:06,277 [Listener at 127.0.0.1/40219] INFO  server.session (HouseKeeper.java:startScavenging(132)) - node0 Scavenging every 600000ms
2022-06-11 13:52:06,278 [Listener at 127.0.0.1/40219] INFO  handler.ContextHandler (ContextHandler.java:doStart(915)) - Started o.e.j.s.ServletContextHandler@5bdc55bb{logs,/logs,file:///home/runner/work/ozone/ozone/hadoop-ozone/integration-test/target/log,AVAILABLE}
2022-06-11 13:52:06,279 [Listener at 127.0.0.1/40219] INFO  handler.ContextHandler (ContextHandler.java:doStart(915)) - Started o.e.j.s.ServletContextHandler@74b6af88{static,/static,jar:file:/home/runner/.m2/repository/org/apache/ozone/hdds-container-service/1.3.0-SNAPSHOT/hdds-container-service-1.3.0-SNAPSHOT.jar!/webapps/static,AVAILABLE}
2022-06-11 13:52:06,492 [Listener at 127.0.0.1/40219] INFO  handler.ContextHandler (ContextHandler.java:doStart(915)) - Started o.e.j.w.WebAppContext@35c3248d{hddsDatanode,/,file:///tmp/jetty-0_0_0_0-33781-hdds-container-service-1_3_0-SNAPSHOT_jar-_-any-3347263485598046574/webapp/,AVAILABLE}{jar:file:/home/runner/.m2/repository/org/apache/ozone/hdds-container-service/1.3.0-SNAPSHOT/hdds-container-service-1.3.0-SNAPSHOT.jar!/webapps/hddsDatanode}
2022-06-11 13:52:06,494 [Listener at 127.0.0.1/40219] INFO  server.AbstractConnector (AbstractConnector.java:doStart(331)) - Started ServerConnector@5530499e{HTTP/1.1, (http/1.1)}{0.0.0.0:33781}
2022-06-11 13:52:06,494 [Listener at 127.0.0.1/40219] INFO  server.Server (Server.java:doStart(415)) - Started @10292ms
2022-06-11 13:52:06,494 [Listener at 127.0.0.1/40219] WARN  impl.MetricsSystemImpl (MetricsSystemImpl.java:register(279)) - Sink prometheus already exists!
2022-06-11 13:52:06,496 [Listener at 127.0.0.1/40219] INFO  http.BaseHttpServer (BaseHttpServer.java:updateConnectorAddress(329)) - HTTP server of hddsDatanode listening at http://0.0.0.0:33781
2022-06-11 13:52:06,497 [Listener at 127.0.0.1/40219] WARN  impl.MetricRegistriesImpl (MetricRegistriesImpl.java:addReporterRegistration(111)) - New reporters are added after registries were created. Some metrics will be missing from the reporter. Please add reporter before adding any new registry.
2022-06-11 13:52:06,497 [Listener at 127.0.0.1/40219] WARN  impl.MetricRegistriesImpl (MetricRegistriesImpl.java:addReporterRegistration(111)) - New reporters are added after registries were created. Some metrics will be missing from the reporter. Please add reporter before adding any new registry.
2022-06-11 13:52:06,497 [Listener at 127.0.0.1/40219] INFO  impl.MetricsSystemImpl (MetricsSystemImpl.java:init(158)) - HddsDatanode metrics system started (again)
2022-06-11 13:52:06,508 [Datanode State Machine Daemon Thread] INFO  statemachine.DatanodeStateMachine (DatanodeStateMachine.java:lambda$startDaemon$0(484)) - Ozone container server started.
2022-06-11 13:52:06,517 [Listener at 127.0.0.1/40219] INFO  ozone.HddsDatanodeService (HddsDatanodeService.java:start(236)) - HddsDatanodeService host:fv-az395-686.zfmzfyrfkyou3ow0tsr0jxwq1e.bx.internal.cloudapp.net ip:10.1.0.23
2022-06-11 13:52:06,523 [org.apache.hadoop.util.JvmPauseMonitor$Monitor@59b208e9] INFO  util.JvmPauseMonitor (JvmPauseMonitor.java:run(188)) - Starting JVM pause monitor
2022-06-11 13:52:06,526 [Datanode State Machine Task Thread - 0] INFO  datanode.InitDatanodeState (InitDatanodeState.java:persistContainerDatanodeDetails(138)) - DatanodeDetails is persisted to /home/runner/work/ozone/ozone/hadoop-ozone/integration-test/target/test-dir/MiniOzoneClusterImpl-239f68c3-3068-4753-adf8-1c2cb01b4c57/datanode-2/meta/datanode.id
2022-06-11 13:52:06,543 [Listener at 127.0.0.1/40219] INFO  upgrade.AbstractLayoutVersionManager (AbstractLayoutVersionManager.java:init(82)) - Initializing Layout version manager with metadata layout = DATANODE_SCHEMA_V3 (version = 4), software layout = DATANODE_SCHEMA_V3 (version = 4)
2022-06-11 13:52:06,590 [Listener at 127.0.0.1/40219] INFO  reflections.Reflections (Reflections.java:scan(232)) - Reflections took 45 ms to scan 7 urls, producing 131 keys and 311 values 
2022-06-11 13:52:06,592 [Listener at 127.0.0.1/40219] INFO  statemachine.DatanodeStateMachine (DatanodeStateMachine.java:getEndPointTaskThreadPoolSize(233)) - Datanode State Machine Task Thread Pool size 2
2022-06-11 13:52:06,596 [Listener at 127.0.0.1/40219] INFO  volume.HddsVolume (HddsVolume.java:<init>(116)) - Creating HddsVolume: /home/runner/work/ozone/ozone/hadoop-ozone/integration-test/target/test-dir/MiniOzoneClusterImpl-239f68c3-3068-4753-adf8-1c2cb01b4c57/datanode-3/data-0/containers/hdds of storage type : DISK capacity : 9223372036854775807
2022-06-11 13:52:06,596 [Listener at 127.0.0.1/40219] INFO  volume.MutableVolumeSet (MutableVolumeSet.java:initializeVolumeSet(174)) - Added Volume : /home/runner/work/ozone/ozone/hadoop-ozone/integration-test/target/test-dir/MiniOzoneClusterImpl-239f68c3-3068-4753-adf8-1c2cb01b4c57/datanode-3/data-0/containers/hdds to VolumeSet
2022-06-11 13:52:06,597 [Listener at 127.0.0.1/40219] INFO  volume.ThrottledAsyncChecker (ThrottledAsyncChecker.java:schedule(141)) - Scheduling a check for /home/runner/work/ozone/ozone/hadoop-ozone/integration-test/target/test-dir/MiniOzoneClusterImpl-239f68c3-3068-4753-adf8-1c2cb01b4c57/datanode-3/data-0/containers/hdds
2022-06-11 13:52:06,597 [Listener at 127.0.0.1/40219] INFO  volume.StorageVolumeChecker (StorageVolumeChecker.java:checkAllVolumes(202)) - Scheduled health check for volume /home/runner/work/ozone/ozone/hadoop-ozone/integration-test/target/test-dir/MiniOzoneClusterImpl-239f68c3-3068-4753-adf8-1c2cb01b4c57/datanode-3/data-0/containers/hdds
2022-06-11 13:52:06,610 [Listener at 127.0.0.1/40219] INFO  volume.MutableVolumeSet (MutableVolumeSet.java:initializeVolumeSet(174)) - Added Volume : /home/runner/work/ozone/ozone/hadoop-ozone/integration-test/target/test-dir/MiniOzoneClusterImpl-239f68c3-3068-4753-adf8-1c2cb01b4c57/datanode-3/data/ratis to VolumeSet
2022-06-11 13:52:06,610 [Listener at 127.0.0.1/40219] INFO  volume.ThrottledAsyncChecker (ThrottledAsyncChecker.java:schedule(141)) - Scheduling a check for /home/runner/work/ozone/ozone/hadoop-ozone/integration-test/target/test-dir/MiniOzoneClusterImpl-239f68c3-3068-4753-adf8-1c2cb01b4c57/datanode-3/data/ratis
2022-06-11 13:52:06,611 [Listener at 127.0.0.1/40219] INFO  volume.StorageVolumeChecker (StorageVolumeChecker.java:checkAllVolumes(202)) - Scheduled health check for volume /home/runner/work/ozone/ozone/hadoop-ozone/integration-test/target/test-dir/MiniOzoneClusterImpl-239f68c3-3068-4753-adf8-1c2cb01b4c57/datanode-3/data/ratis
2022-06-11 13:52:06,622 [Thread-174] INFO  ozoneimpl.ContainerReader (ContainerReader.java:readVolume(172)) - Finish verifying containers on volume /home/runner/work/ozone/ozone/hadoop-ozone/integration-test/target/test-dir/MiniOzoneClusterImpl-239f68c3-3068-4753-adf8-1c2cb01b4c57/datanode-3/data-0/containers/hdds
2022-06-11 13:52:06,622 [Listener at 127.0.0.1/40219] INFO  ozoneimpl.OzoneContainer (OzoneContainer.java:buildContainerSet(266)) - Build ContainerSet costs 0s
2022-06-11 13:52:06,625 [Listener at 127.0.0.1/40219] INFO  server.RaftServer (ConfUtils.java:logGet(46)) - raft.rpc.type = GRPC (default)
2022-06-11 13:52:06,626 [Listener at 127.0.0.1/40219] INFO  grpc.GrpcFactory (GrpcFactory.java:checkPooledByteBufAllocatorUseCacheForAllThreads(48)) - PERFORMANCE WARNING: useCacheForAllThreads is true that may cause Netty to create a lot garbage objects and, as a result, trigger GC.
	It is recommended to disable useCacheForAllThreads by setting -Dorg.apache.ratis.thirdparty.io.netty.allocator.useCacheForAllThreads=false in command line.
2022-06-11 13:52:06,626 [Listener at 127.0.0.1/40219] INFO  grpc.GrpcConfigKeys (ConfUtils.java:logGet(46)) - raft.grpc.admin.port = 0 (custom)
2022-06-11 13:52:06,626 [Listener at 127.0.0.1/40219] INFO  grpc.GrpcConfigKeys (ConfUtils.java:logGet(46)) - raft.grpc.client.port = 0 (custom)
2022-06-11 13:52:06,626 [Listener at 127.0.0.1/40219] INFO  grpc.GrpcConfigKeys (ConfUtils.java:logGet(46)) - raft.grpc.server.port = 0 (default)
2022-06-11 13:52:06,626 [Listener at 127.0.0.1/40219] INFO  server.GrpcService (ConfUtils.java:logGet(46)) - raft.grpc.message.size.max = 32MB (=33554432) (custom)
2022-06-11 13:52:06,626 [Listener at 127.0.0.1/40219] INFO  server.RaftServerConfigKeys (ConfUtils.java:logGet(46)) - raft.server.log.appender.buffer.byte-limit = 33554432 (custom)
2022-06-11 13:52:06,626 [Listener at 127.0.0.1/40219] INFO  server.GrpcService (ConfUtils.java:logGet(46)) - raft.grpc.flow.control.window = 5MB (=5242880) (custom)
2022-06-11 13:52:06,626 [Listener at 127.0.0.1/40219] INFO  server.RaftServerConfigKeys (ConfUtils.java:logGet(46)) - raft.server.rpc.request.timeout = 60s (custom)
2022-06-11 13:52:06,626 [Listener at 127.0.0.1/40219] INFO  grpc.GrpcConfigKeys (ConfUtils.java:logGet(46)) - raft.grpc.server.async.request.thread.pool.cached = true (default)
2022-06-11 13:52:06,627 [Listener at 127.0.0.1/40219] INFO  grpc.GrpcConfigKeys (ConfUtils.java:logGet(46)) - raft.grpc.server.async.request.thread.pool.size = 32 (default)
2022-06-11 13:52:06,628 [Listener at 127.0.0.1/40219] INFO  impl.DataStreamServerImpl (ConfUtils.java:logGet(46)) - raft.datastream.type = DISABLED (default)
2022-06-11 13:52:06,628 [Listener at 127.0.0.1/40219] INFO  server.RaftServerConfigKeys (ConfUtils.java:logGet(46)) - raft.server.threadpool.proxy.cached = true (default)
2022-06-11 13:52:06,628 [Listener at 127.0.0.1/40219] INFO  server.RaftServerConfigKeys (ConfUtils.java:logGet(46)) - raft.server.threadpool.proxy.size = 0 (default)
2022-06-11 13:52:06,628 [Listener at 127.0.0.1/40219] INFO  server.RaftServerConfigKeys (ConfUtils.java:logGet(46)) - raft.server.rpc.slowness.timeout = 300s (custom)
2022-06-11 13:52:06,628 [Listener at 127.0.0.1/40219] INFO  server.RaftServerConfigKeys (ConfUtils.java:logGet(46)) - raft.server.leaderelection.leader.step-down.wait-time = 10s (default)
2022-06-11 13:52:06,628 [Listener at 127.0.0.1/40219] INFO  server.RaftServerConfigKeys (ConfUtils.java:logGet(46)) - raft.server.storage.dir = [/home/runner/work/ozone/ozone/hadoop-ozone/integration-test/target/test-dir/MiniOzoneClusterImpl-239f68c3-3068-4753-adf8-1c2cb01b4c57/datanode-3/data/ratis] (custom)
2022-06-11 13:52:06,634 [Listener at 127.0.0.1/40219] INFO  server.XceiverServerGrpc (XceiverServerGrpc.java:<init>(132)) - GrpcServer channel type EpollServerSocketChannel
2022-06-11 13:52:06,637 [Listener at 127.0.0.1/40219] INFO  http.BaseHttpServer (BaseHttpServer.java:newHttpServer2BuilderForOzone(209)) - Starting Web-server for hddsDatanode at: http://0.0.0.0:0
2022-06-11 13:52:06,637 [Listener at 127.0.0.1/40219] INFO  http.BaseHttpServer (BaseHttpServer.java:<init>(107)) - Hadoop Security Enabled: false Ozone Security Enabled: false Ozone HTTP Security Enabled: false 
2022-06-11 13:52:06,638 [Listener at 127.0.0.1/40219] INFO  server.AuthenticationFilter (AuthenticationFilter.java:constructSecretProvider(240)) - Unable to initialize FileSignerSecretProvider, falling back to use random secrets.
2022-06-11 13:52:06,638 [Listener at 127.0.0.1/40219] WARN  http.HttpRequestLog (HttpRequestLog.java:getRequestLog(103)) - Jetty request log can only be enabled using Log4j
2022-06-11 13:52:06,640 [Listener at 127.0.0.1/40219] INFO  http.HttpServer2 (HttpServer2.java:addGlobalFilter(1029)) - Added global filter 'safety' (class=org.apache.hadoop.hdds.server.http.HttpServer2$QuotingInputFilter)
2022-06-11 13:52:06,640 [Listener at 127.0.0.1/40219] INFO  http.HttpServer2 (HttpServer2.java:addFilter(1005)) - Added filter static_user_filter (class=org.apache.hadoop.http.lib.StaticUserWebFilter$StaticUserFilter) to context hddsDatanode
2022-06-11 13:52:06,640 [Listener at 127.0.0.1/40219] INFO  http.HttpServer2 (HttpServer2.java:addFilter(1013)) - Added filter static_user_filter (class=org.apache.hadoop.http.lib.StaticUserWebFilter$StaticUserFilter) to context static
2022-06-11 13:52:06,640 [Listener at 127.0.0.1/40219] INFO  http.HttpServer2 (HttpServer2.java:addFilter(1013)) - Added filter static_user_filter (class=org.apache.hadoop.http.lib.StaticUserWebFilter$StaticUserFilter) to context logs
2022-06-11 13:52:06,641 [Listener at 127.0.0.1/40219] INFO  http.HttpServer2 (HttpServer2.java:bindListener(1248)) - Jetty bound to port 43429
2022-06-11 13:52:06,641 [Listener at 127.0.0.1/40219] INFO  server.Server (Server.java:doStart(375)) - jetty-9.4.43.v20210629; built: 2021-06-30T11:07:22.254Z; git: 526006ecfa3af7f1a27ef3a288e2bef7ea9dd7e8; jvm 1.8.0_332-b09
2022-06-11 13:52:06,646 [Listener at 127.0.0.1/40219] INFO  server.session (DefaultSessionIdManager.java:doStart(334)) - DefaultSessionIdManager workerName=node0
2022-06-11 13:52:06,646 [Listener at 127.0.0.1/40219] INFO  server.session (DefaultSessionIdManager.java:doStart(339)) - No SessionScavenger set, using defaults
2022-06-11 13:52:06,646 [Listener at 127.0.0.1/40219] INFO  server.session (HouseKeeper.java:startScavenging(132)) - node0 Scavenging every 660000ms
2022-06-11 13:52:06,647 [Listener at 127.0.0.1/40219] INFO  handler.ContextHandler (ContextHandler.java:doStart(915)) - Started o.e.j.s.ServletContextHandler@9699316{logs,/logs,file:///home/runner/work/ozone/ozone/hadoop-ozone/integration-test/target/log,AVAILABLE}
2022-06-11 13:52:06,647 [Listener at 127.0.0.1/40219] INFO  handler.ContextHandler (ContextHandler.java:doStart(915)) - Started o.e.j.s.ServletContextHandler@6b75b27b{static,/static,jar:file:/home/runner/.m2/repository/org/apache/ozone/hdds-container-service/1.3.0-SNAPSHOT/hdds-container-service-1.3.0-SNAPSHOT.jar!/webapps/static,AVAILABLE}
2022-06-11 13:52:06,761 [ReplicationMonitor] INFO  replication.ReplicationManager (ReplicationManager.java:processAll(228)) - Replication Manager is not ready to run until 3000ms after safemode exit
2022-06-11 13:52:06,839 [Listener at 127.0.0.1/40219] INFO  handler.ContextHandler (ContextHandler.java:doStart(915)) - Started o.e.j.w.WebAppContext@604d207e{hddsDatanode,/,file:///tmp/jetty-0_0_0_0-43429-hdds-container-service-1_3_0-SNAPSHOT_jar-_-any-1359347939819452333/webapp/,AVAILABLE}{jar:file:/home/runner/.m2/repository/org/apache/ozone/hdds-container-service/1.3.0-SNAPSHOT/hdds-container-service-1.3.0-SNAPSHOT.jar!/webapps/hddsDatanode}
2022-06-11 13:52:06,840 [Listener at 127.0.0.1/40219] INFO  server.AbstractConnector (AbstractConnector.java:doStart(331)) - Started ServerConnector@7baf7e1{HTTP/1.1, (http/1.1)}{0.0.0.0:43429}
2022-06-11 13:52:06,840 [Listener at 127.0.0.1/40219] INFO  server.Server (Server.java:doStart(415)) - Started @10638ms
2022-06-11 13:52:06,840 [Listener at 127.0.0.1/40219] WARN  impl.MetricsSystemImpl (MetricsSystemImpl.java:register(279)) - Sink prometheus already exists!
2022-06-11 13:52:06,841 [Listener at 127.0.0.1/40219] INFO  http.BaseHttpServer (BaseHttpServer.java:updateConnectorAddress(329)) - HTTP server of hddsDatanode listening at http://0.0.0.0:43429
2022-06-11 13:52:06,841 [Listener at 127.0.0.1/40219] WARN  impl.MetricRegistriesImpl (MetricRegistriesImpl.java:addReporterRegistration(111)) - New reporters are added after registries were created. Some metrics will be missing from the reporter. Please add reporter before adding any new registry.
2022-06-11 13:52:06,842 [Listener at 127.0.0.1/40219] WARN  impl.MetricRegistriesImpl (MetricRegistriesImpl.java:addReporterRegistration(111)) - New reporters are added after registries were created. Some metrics will be missing from the reporter. Please add reporter before adding any new registry.
2022-06-11 13:52:06,842 [Listener at 127.0.0.1/40219] INFO  impl.MetricsSystemImpl (MetricsSystemImpl.java:init(158)) - HddsDatanode metrics system started (again)
2022-06-11 13:52:06,842 [Datanode State Machine Daemon Thread] INFO  statemachine.DatanodeStateMachine (DatanodeStateMachine.java:lambda$startDaemon$0(484)) - Ozone container server started.
2022-06-11 13:52:06,855 [Listener at 127.0.0.1/40219] INFO  ozone.HddsDatanodeService (HddsDatanodeService.java:start(236)) - HddsDatanodeService host:fv-az395-686.zfmzfyrfkyou3ow0tsr0jxwq1e.bx.internal.cloudapp.net ip:10.1.0.23
2022-06-11 13:52:06,856 [org.apache.hadoop.util.JvmPauseMonitor$Monitor@7696b24b] INFO  util.JvmPauseMonitor (JvmPauseMonitor.java:run(188)) - Starting JVM pause monitor
2022-06-11 13:52:06,859 [Datanode State Machine Task Thread - 0] INFO  datanode.InitDatanodeState (InitDatanodeState.java:persistContainerDatanodeDetails(138)) - DatanodeDetails is persisted to /home/runner/work/ozone/ozone/hadoop-ozone/integration-test/target/test-dir/MiniOzoneClusterImpl-239f68c3-3068-4753-adf8-1c2cb01b4c57/datanode-3/meta/datanode.id
2022-06-11 13:52:06,879 [Listener at 127.0.0.1/40219] INFO  upgrade.AbstractLayoutVersionManager (AbstractLayoutVersionManager.java:init(82)) - Initializing Layout version manager with metadata layout = DATANODE_SCHEMA_V3 (version = 4), software layout = DATANODE_SCHEMA_V3 (version = 4)
2022-06-11 13:52:06,930 [Listener at 127.0.0.1/40219] INFO  reflections.Reflections (Reflections.java:scan(232)) - Reflections took 49 ms to scan 7 urls, producing 131 keys and 311 values 
2022-06-11 13:52:06,931 [Listener at 127.0.0.1/40219] INFO  statemachine.DatanodeStateMachine (DatanodeStateMachine.java:getEndPointTaskThreadPoolSize(233)) - Datanode State Machine Task Thread Pool size 2
2022-06-11 13:52:06,934 [Listener at 127.0.0.1/40219] INFO  volume.HddsVolume (HddsVolume.java:<init>(116)) - Creating HddsVolume: /home/runner/work/ozone/ozone/hadoop-ozone/integration-test/target/test-dir/MiniOzoneClusterImpl-239f68c3-3068-4753-adf8-1c2cb01b4c57/datanode-4/data-0/containers/hdds of storage type : DISK capacity : 9223372036854775807
2022-06-11 13:52:06,934 [Listener at 127.0.0.1/40219] INFO  volume.MutableVolumeSet (MutableVolumeSet.java:initializeVolumeSet(174)) - Added Volume : /home/runner/work/ozone/ozone/hadoop-ozone/integration-test/target/test-dir/MiniOzoneClusterImpl-239f68c3-3068-4753-adf8-1c2cb01b4c57/datanode-4/data-0/containers/hdds to VolumeSet
2022-06-11 13:52:06,934 [Listener at 127.0.0.1/40219] INFO  volume.ThrottledAsyncChecker (ThrottledAsyncChecker.java:schedule(141)) - Scheduling a check for /home/runner/work/ozone/ozone/hadoop-ozone/integration-test/target/test-dir/MiniOzoneClusterImpl-239f68c3-3068-4753-adf8-1c2cb01b4c57/datanode-4/data-0/containers/hdds
2022-06-11 13:52:06,935 [Listener at 127.0.0.1/40219] INFO  volume.StorageVolumeChecker (StorageVolumeChecker.java:checkAllVolumes(202)) - Scheduled health check for volume /home/runner/work/ozone/ozone/hadoop-ozone/integration-test/target/test-dir/MiniOzoneClusterImpl-239f68c3-3068-4753-adf8-1c2cb01b4c57/datanode-4/data-0/containers/hdds
2022-06-11 13:52:06,948 [Listener at 127.0.0.1/40219] INFO  volume.MutableVolumeSet (MutableVolumeSet.java:initializeVolumeSet(174)) - Added Volume : /home/runner/work/ozone/ozone/hadoop-ozone/integration-test/target/test-dir/MiniOzoneClusterImpl-239f68c3-3068-4753-adf8-1c2cb01b4c57/datanode-4/data/ratis to VolumeSet
2022-06-11 13:52:06,948 [Listener at 127.0.0.1/40219] INFO  volume.ThrottledAsyncChecker (ThrottledAsyncChecker.java:schedule(141)) - Scheduling a check for /home/runner/work/ozone/ozone/hadoop-ozone/integration-test/target/test-dir/MiniOzoneClusterImpl-239f68c3-3068-4753-adf8-1c2cb01b4c57/datanode-4/data/ratis
2022-06-11 13:52:06,948 [Listener at 127.0.0.1/40219] INFO  volume.StorageVolumeChecker (StorageVolumeChecker.java:checkAllVolumes(202)) - Scheduled health check for volume /home/runner/work/ozone/ozone/hadoop-ozone/integration-test/target/test-dir/MiniOzoneClusterImpl-239f68c3-3068-4753-adf8-1c2cb01b4c57/datanode-4/data/ratis
2022-06-11 13:52:06,962 [Thread-187] INFO  ozoneimpl.ContainerReader (ContainerReader.java:readVolume(172)) - Finish verifying containers on volume /home/runner/work/ozone/ozone/hadoop-ozone/integration-test/target/test-dir/MiniOzoneClusterImpl-239f68c3-3068-4753-adf8-1c2cb01b4c57/datanode-4/data-0/containers/hdds
2022-06-11 13:52:06,962 [Listener at 127.0.0.1/40219] INFO  ozoneimpl.OzoneContainer (OzoneContainer.java:buildContainerSet(266)) - Build ContainerSet costs 0s
2022-06-11 13:52:06,965 [Listener at 127.0.0.1/40219] INFO  server.RaftServer (ConfUtils.java:logGet(46)) - raft.rpc.type = GRPC (default)
2022-06-11 13:52:06,965 [Listener at 127.0.0.1/40219] INFO  grpc.GrpcFactory (GrpcFactory.java:checkPooledByteBufAllocatorUseCacheForAllThreads(48)) - PERFORMANCE WARNING: useCacheForAllThreads is true that may cause Netty to create a lot garbage objects and, as a result, trigger GC.
	It is recommended to disable useCacheForAllThreads by setting -Dorg.apache.ratis.thirdparty.io.netty.allocator.useCacheForAllThreads=false in command line.
2022-06-11 13:52:06,965 [Listener at 127.0.0.1/40219] INFO  grpc.GrpcConfigKeys (ConfUtils.java:logGet(46)) - raft.grpc.admin.port = 0 (custom)
2022-06-11 13:52:06,965 [Listener at 127.0.0.1/40219] INFO  grpc.GrpcConfigKeys (ConfUtils.java:logGet(46)) - raft.grpc.client.port = 0 (custom)
2022-06-11 13:52:06,965 [Listener at 127.0.0.1/40219] INFO  grpc.GrpcConfigKeys (ConfUtils.java:logGet(46)) - raft.grpc.server.port = 0 (default)
2022-06-11 13:52:06,965 [Listener at 127.0.0.1/40219] INFO  server.GrpcService (ConfUtils.java:logGet(46)) - raft.grpc.message.size.max = 32MB (=33554432) (custom)
2022-06-11 13:52:06,966 [Listener at 127.0.0.1/40219] INFO  server.RaftServerConfigKeys (ConfUtils.java:logGet(46)) - raft.server.log.appender.buffer.byte-limit = 33554432 (custom)
2022-06-11 13:52:06,966 [Listener at 127.0.0.1/40219] INFO  server.GrpcService (ConfUtils.java:logGet(46)) - raft.grpc.flow.control.window = 5MB (=5242880) (custom)
2022-06-11 13:52:06,966 [Listener at 127.0.0.1/40219] INFO  server.RaftServerConfigKeys (ConfUtils.java:logGet(46)) - raft.server.rpc.request.timeout = 60s (custom)
2022-06-11 13:52:06,966 [Listener at 127.0.0.1/40219] INFO  grpc.GrpcConfigKeys (ConfUtils.java:logGet(46)) - raft.grpc.server.async.request.thread.pool.cached = true (default)
2022-06-11 13:52:06,966 [Listener at 127.0.0.1/40219] INFO  grpc.GrpcConfigKeys (ConfUtils.java:logGet(46)) - raft.grpc.server.async.request.thread.pool.size = 32 (default)
2022-06-11 13:52:06,967 [Listener at 127.0.0.1/40219] INFO  impl.DataStreamServerImpl (ConfUtils.java:logGet(46)) - raft.datastream.type = DISABLED (default)
2022-06-11 13:52:06,967 [Listener at 127.0.0.1/40219] INFO  server.RaftServerConfigKeys (ConfUtils.java:logGet(46)) - raft.server.threadpool.proxy.cached = true (default)
2022-06-11 13:52:06,967 [Listener at 127.0.0.1/40219] INFO  server.RaftServerConfigKeys (ConfUtils.java:logGet(46)) - raft.server.threadpool.proxy.size = 0 (default)
2022-06-11 13:52:06,968 [Listener at 127.0.0.1/40219] INFO  server.RaftServerConfigKeys (ConfUtils.java:logGet(46)) - raft.server.rpc.slowness.timeout = 300s (custom)
2022-06-11 13:52:06,968 [Listener at 127.0.0.1/40219] INFO  server.RaftServerConfigKeys (ConfUtils.java:logGet(46)) - raft.server.leaderelection.leader.step-down.wait-time = 10s (default)
2022-06-11 13:52:06,968 [Listener at 127.0.0.1/40219] INFO  server.RaftServerConfigKeys (ConfUtils.java:logGet(46)) - raft.server.storage.dir = [/home/runner/work/ozone/ozone/hadoop-ozone/integration-test/target/test-dir/MiniOzoneClusterImpl-239f68c3-3068-4753-adf8-1c2cb01b4c57/datanode-4/data/ratis] (custom)
2022-06-11 13:52:06,970 [Listener at 127.0.0.1/40219] INFO  server.XceiverServerGrpc (XceiverServerGrpc.java:<init>(132)) - GrpcServer channel type EpollServerSocketChannel
2022-06-11 13:52:06,973 [Listener at 127.0.0.1/40219] INFO  http.BaseHttpServer (BaseHttpServer.java:newHttpServer2BuilderForOzone(209)) - Starting Web-server for hddsDatanode at: http://0.0.0.0:0
2022-06-11 13:52:06,973 [Listener at 127.0.0.1/40219] INFO  http.BaseHttpServer (BaseHttpServer.java:<init>(107)) - Hadoop Security Enabled: false Ozone Security Enabled: false Ozone HTTP Security Enabled: false 
2022-06-11 13:52:06,974 [Listener at 127.0.0.1/40219] INFO  server.AuthenticationFilter (AuthenticationFilter.java:constructSecretProvider(240)) - Unable to initialize FileSignerSecretProvider, falling back to use random secrets.
2022-06-11 13:52:06,975 [Listener at 127.0.0.1/40219] WARN  http.HttpRequestLog (HttpRequestLog.java:getRequestLog(103)) - Jetty request log can only be enabled using Log4j
2022-06-11 13:52:06,976 [Listener at 127.0.0.1/40219] INFO  http.HttpServer2 (HttpServer2.java:addGlobalFilter(1029)) - Added global filter 'safety' (class=org.apache.hadoop.hdds.server.http.HttpServer2$QuotingInputFilter)
2022-06-11 13:52:06,977 [Listener at 127.0.0.1/40219] INFO  http.HttpServer2 (HttpServer2.java:addFilter(1005)) - Added filter static_user_filter (class=org.apache.hadoop.http.lib.StaticUserWebFilter$StaticUserFilter) to context hddsDatanode
2022-06-11 13:52:06,977 [Listener at 127.0.0.1/40219] INFO  http.HttpServer2 (HttpServer2.java:addFilter(1013)) - Added filter static_user_filter (class=org.apache.hadoop.http.lib.StaticUserWebFilter$StaticUserFilter) to context static
2022-06-11 13:52:06,977 [Listener at 127.0.0.1/40219] INFO  http.HttpServer2 (HttpServer2.java:addFilter(1013)) - Added filter static_user_filter (class=org.apache.hadoop.http.lib.StaticUserWebFilter$StaticUserFilter) to context logs
2022-06-11 13:52:06,978 [Listener at 127.0.0.1/40219] INFO  http.HttpServer2 (HttpServer2.java:bindListener(1248)) - Jetty bound to port 33295
2022-06-11 13:52:06,978 [Listener at 127.0.0.1/40219] INFO  server.Server (Server.java:doStart(375)) - jetty-9.4.43.v20210629; built: 2021-06-30T11:07:22.254Z; git: 526006ecfa3af7f1a27ef3a288e2bef7ea9dd7e8; jvm 1.8.0_332-b09
2022-06-11 13:52:06,983 [Listener at 127.0.0.1/40219] INFO  server.session (DefaultSessionIdManager.java:doStart(334)) - DefaultSessionIdManager workerName=node0
2022-06-11 13:52:06,983 [Listener at 127.0.0.1/40219] INFO  server.session (DefaultSessionIdManager.java:doStart(339)) - No SessionScavenger set, using defaults
2022-06-11 13:52:06,984 [Listener at 127.0.0.1/40219] INFO  server.session (HouseKeeper.java:startScavenging(132)) - node0 Scavenging every 660000ms
2022-06-11 13:52:06,984 [Listener at 127.0.0.1/40219] INFO  handler.ContextHandler (ContextHandler.java:doStart(915)) - Started o.e.j.s.ServletContextHandler@37a935ae{logs,/logs,file:///home/runner/work/ozone/ozone/hadoop-ozone/integration-test/target/log,AVAILABLE}
2022-06-11 13:52:06,985 [Listener at 127.0.0.1/40219] INFO  handler.ContextHandler (ContextHandler.java:doStart(915)) - Started o.e.j.s.ServletContextHandler@6d51f43{static,/static,jar:file:/home/runner/.m2/repository/org/apache/ozone/hdds-container-service/1.3.0-SNAPSHOT/hdds-container-service-1.3.0-SNAPSHOT.jar!/webapps/static,AVAILABLE}
2022-06-11 13:52:07,170 [Listener at 127.0.0.1/40219] INFO  handler.ContextHandler (ContextHandler.java:doStart(915)) - Started o.e.j.w.WebAppContext@5f720733{hddsDatanode,/,file:///tmp/jetty-0_0_0_0-33295-hdds-container-service-1_3_0-SNAPSHOT_jar-_-any-6874025025699433922/webapp/,AVAILABLE}{jar:file:/home/runner/.m2/repository/org/apache/ozone/hdds-container-service/1.3.0-SNAPSHOT/hdds-container-service-1.3.0-SNAPSHOT.jar!/webapps/hddsDatanode}
2022-06-11 13:52:07,172 [Listener at 127.0.0.1/40219] INFO  server.AbstractConnector (AbstractConnector.java:doStart(331)) - Started ServerConnector@50fa6a6f{HTTP/1.1, (http/1.1)}{0.0.0.0:33295}
2022-06-11 13:52:07,172 [Listener at 127.0.0.1/40219] INFO  server.Server (Server.java:doStart(415)) - Started @10970ms
2022-06-11 13:52:07,172 [Listener at 127.0.0.1/40219] WARN  impl.MetricsSystemImpl (MetricsSystemImpl.java:register(279)) - Sink prometheus already exists!
2022-06-11 13:52:07,173 [Listener at 127.0.0.1/40219] INFO  http.BaseHttpServer (BaseHttpServer.java:updateConnectorAddress(329)) - HTTP server of hddsDatanode listening at http://0.0.0.0:33295
2022-06-11 13:52:07,176 [Datanode State Machine Daemon Thread] INFO  statemachine.DatanodeStateMachine (DatanodeStateMachine.java:lambda$startDaemon$0(484)) - Ozone container server started.
2022-06-11 13:52:07,178 [Listener at 127.0.0.1/40219] INFO  ozone.MiniOzoneClusterImpl (MiniOzoneClusterImpl.java:lambda$waitForClusterToBeReady$0(221)) - Waiting for nodes to be ready. Got 0 of 5 DN Heartbeats.
2022-06-11 13:52:07,178 [Listener at 127.0.0.1/40219] INFO  ozone.MiniOzoneClusterImpl (MiniOzoneClusterImpl.java:lambda$waitForClusterToBeReady$0(224)) - Waiting for cluster to exit safe mode
2022-06-11 13:52:07,178 [Listener at 127.0.0.1/40219] INFO  ozone.MiniOzoneClusterImpl (MiniOzoneClusterImpl.java:lambda$waitForClusterToBeReady$0(226)) - SCM became leader
2022-06-11 13:52:07,184 [org.apache.hadoop.util.JvmPauseMonitor$Monitor@501cef5e] INFO  util.JvmPauseMonitor (JvmPauseMonitor.java:run(188)) - Starting JVM pause monitor
2022-06-11 13:52:07,187 [Datanode State Machine Task Thread - 0] INFO  datanode.InitDatanodeState (InitDatanodeState.java:persistContainerDatanodeDetails(138)) - DatanodeDetails is persisted to /home/runner/work/ozone/ozone/hadoop-ozone/integration-test/target/test-dir/MiniOzoneClusterImpl-239f68c3-3068-4753-adf8-1c2cb01b4c57/datanode-4/meta/datanode.id
2022-06-11 13:52:07,753 [EndpointStateMachine task thread for /0.0.0.0:34491 - 0 ] INFO  volume.HddsVolume (HddsVolume.java:createDbStore(309)) - SchemaV3 db is created and loaded at /home/runner/work/ozone/ozone/hadoop-ozone/integration-test/target/test-dir/MiniOzoneClusterImpl-239f68c3-3068-4753-adf8-1c2cb01b4c57/datanode-0/data-0/containers/hdds/239f68c3-3068-4753-adf8-1c2cb01b4c57/DS-d04a1324-cb45-4a84-94c5-a8003b68f4c5/container.db for volume DS-d04a1324-cb45-4a84-94c5-a8003b68f4c5
2022-06-11 13:52:07,756 [EndpointStateMachine task thread for /0.0.0.0:34491 - 0 ] INFO  volume.HddsVolume (HddsVolume.java:closeDbStore(340)) - SchemaV3 db is stopped at /home/runner/work/ozone/ozone/hadoop-ozone/integration-test/target/test-dir/MiniOzoneClusterImpl-239f68c3-3068-4753-adf8-1c2cb01b4c57/datanode-0/data-0/containers/hdds/239f68c3-3068-4753-adf8-1c2cb01b4c57/DS-d04a1324-cb45-4a84-94c5-a8003b68f4c5/container.db for volume DS-d04a1324-cb45-4a84-94c5-a8003b68f4c5
2022-06-11 13:52:07,757 [EndpointStateMachine task thread for /0.0.0.0:34491 - 0 ] INFO  ozoneimpl.OzoneContainer (OzoneContainer.java:start(344)) - Attempting to start container services.
2022-06-11 13:52:07,759 [EndpointStateMachine task thread for /0.0.0.0:34491 - 0 ] INFO  ozoneimpl.OzoneContainer (OzoneContainer.java:startContainerScrub(279)) - Background container scanner has been disabled.
2022-06-11 13:52:07,761 [EndpointStateMachine task thread for /0.0.0.0:34491 - 0 ] INFO  replication.ReplicationServer (ReplicationServer.java:start(111)) - ReplicationServer is started using port 39065
2022-06-11 13:52:07,761 [ReplicationMonitor] INFO  replication.ReplicationManager (ReplicationManager.java:processAll(228)) - Replication Manager is not ready to run until 3000ms after safemode exit
2022-06-11 13:52:07,764 [EndpointStateMachine task thread for /0.0.0.0:34491 - 0 ] INFO  ratis.XceiverServerRatis (XceiverServerRatis.java:start(481)) - Starting XceiverServerRatis ea3eb705-49c6-47b6-816e-3ad6ae2807f4
2022-06-11 13:52:07,768 [EndpointStateMachine task thread for /0.0.0.0:34491 - 0 ] INFO  server.RaftServer (RaftServerProxy.java:lambda$start$6(382)) - ea3eb705-49c6-47b6-816e-3ad6ae2807f4: start RPC server
2022-06-11 13:52:07,770 [EndpointStateMachine task thread for /0.0.0.0:34491 - 0 ] INFO  server.GrpcService (GrpcService.java:startImpl(260)) - ea3eb705-49c6-47b6-816e-3ad6ae2807f4: GrpcService started, listening on 42799
2022-06-11 13:52:07,772 [EndpointStateMachine task thread for /0.0.0.0:34491 - 0 ] INFO  ratis.XceiverServerRatis (XceiverServerRatis.java:getRealPort(502)) - XceiverServerRatis ea3eb705-49c6-47b6-816e-3ad6ae2807f4 is started using port 42799 for RATIS
2022-06-11 13:52:07,772 [EndpointStateMachine task thread for /0.0.0.0:34491 - 0 ] INFO  ratis.XceiverServerRatis (XceiverServerRatis.java:getRealPort(502)) - XceiverServerRatis ea3eb705-49c6-47b6-816e-3ad6ae2807f4 is started using port 42799 for RATIS_ADMIN
2022-06-11 13:52:07,772 [EndpointStateMachine task thread for /0.0.0.0:34491 - 0 ] INFO  ratis.XceiverServerRatis (XceiverServerRatis.java:getRealPort(502)) - XceiverServerRatis ea3eb705-49c6-47b6-816e-3ad6ae2807f4 is started using port 42799 for RATIS_SERVER
2022-06-11 13:52:07,773 [org.apache.ratis.util.JvmPauseMonitor$$Lambda$627/1387949628@7dd68298] INFO  util.JvmPauseMonitor (JvmPauseMonitor.java:run(103)) - JvmPauseMonitor-ea3eb705-49c6-47b6-816e-3ad6ae2807f4: Started
2022-06-11 13:52:07,778 [EndpointStateMachine task thread for /0.0.0.0:34491 - 0 ] INFO  server.XceiverServerGrpc (XceiverServerGrpc.java:start(180)) - XceiverServerGrpc ea3eb705-49c6-47b6-816e-3ad6ae2807f4 is started using port 38873
2022-06-11 13:52:08,150 [EndpointStateMachine task thread for /0.0.0.0:34491 - 0 ] INFO  volume.HddsVolume (HddsVolume.java:createDbStore(309)) - SchemaV3 db is created and loaded at /home/runner/work/ozone/ozone/hadoop-ozone/integration-test/target/test-dir/MiniOzoneClusterImpl-239f68c3-3068-4753-adf8-1c2cb01b4c57/datanode-1/data-0/containers/hdds/239f68c3-3068-4753-adf8-1c2cb01b4c57/DS-064482d1-23a3-4435-a0bc-b0bf64588fcf/container.db for volume DS-064482d1-23a3-4435-a0bc-b0bf64588fcf
2022-06-11 13:52:08,151 [EndpointStateMachine task thread for /0.0.0.0:34491 - 0 ] INFO  volume.HddsVolume (HddsVolume.java:closeDbStore(340)) - SchemaV3 db is stopped at /home/runner/work/ozone/ozone/hadoop-ozone/integration-test/target/test-dir/MiniOzoneClusterImpl-239f68c3-3068-4753-adf8-1c2cb01b4c57/datanode-1/data-0/containers/hdds/239f68c3-3068-4753-adf8-1c2cb01b4c57/DS-064482d1-23a3-4435-a0bc-b0bf64588fcf/container.db for volume DS-064482d1-23a3-4435-a0bc-b0bf64588fcf
2022-06-11 13:52:08,151 [EndpointStateMachine task thread for /0.0.0.0:34491 - 0 ] INFO  ozoneimpl.OzoneContainer (OzoneContainer.java:start(344)) - Attempting to start container services.
2022-06-11 13:52:08,151 [EndpointStateMachine task thread for /0.0.0.0:34491 - 0 ] INFO  ozoneimpl.OzoneContainer (OzoneContainer.java:startContainerScrub(279)) - Background container scanner has been disabled.
2022-06-11 13:52:08,153 [EndpointStateMachine task thread for /0.0.0.0:34491 - 0 ] INFO  replication.ReplicationServer (ReplicationServer.java:start(111)) - ReplicationServer is started using port 41227
2022-06-11 13:52:08,153 [EndpointStateMachine task thread for /0.0.0.0:34491 - 0 ] INFO  ratis.XceiverServerRatis (XceiverServerRatis.java:start(481)) - Starting XceiverServerRatis 3cd9928a-a775-4af4-b787-40493a0c430a
2022-06-11 13:52:08,154 [EndpointStateMachine task thread for /0.0.0.0:34491 - 0 ] INFO  server.RaftServer (RaftServerProxy.java:lambda$start$6(382)) - 3cd9928a-a775-4af4-b787-40493a0c430a: start RPC server
2022-06-11 13:52:08,157 [EndpointStateMachine task thread for /0.0.0.0:34491 - 0 ] INFO  server.GrpcService (GrpcService.java:startImpl(260)) - 3cd9928a-a775-4af4-b787-40493a0c430a: GrpcService started, listening on 38303
2022-06-11 13:52:08,158 [EndpointStateMachine task thread for /0.0.0.0:34491 - 0 ] INFO  ratis.XceiverServerRatis (XceiverServerRatis.java:getRealPort(502)) - XceiverServerRatis 3cd9928a-a775-4af4-b787-40493a0c430a is started using port 38303 for RATIS
2022-06-11 13:52:08,158 [org.apache.ratis.util.JvmPauseMonitor$$Lambda$627/1387949628@4b6123f8] INFO  util.JvmPauseMonitor (JvmPauseMonitor.java:run(103)) - JvmPauseMonitor-3cd9928a-a775-4af4-b787-40493a0c430a: Started
2022-06-11 13:52:08,158 [EndpointStateMachine task thread for /0.0.0.0:34491 - 0 ] INFO  ratis.XceiverServerRatis (XceiverServerRatis.java:getRealPort(502)) - XceiverServerRatis 3cd9928a-a775-4af4-b787-40493a0c430a is started using port 38303 for RATIS_ADMIN
2022-06-11 13:52:08,158 [EndpointStateMachine task thread for /0.0.0.0:34491 - 0 ] INFO  ratis.XceiverServerRatis (XceiverServerRatis.java:getRealPort(502)) - XceiverServerRatis 3cd9928a-a775-4af4-b787-40493a0c430a is started using port 38303 for RATIS_SERVER
2022-06-11 13:52:08,160 [EndpointStateMachine task thread for /0.0.0.0:34491 - 0 ] INFO  server.XceiverServerGrpc (XceiverServerGrpc.java:start(180)) - XceiverServerGrpc 3cd9928a-a775-4af4-b787-40493a0c430a is started using port 39085
2022-06-11 13:52:08,179 [Listener at 127.0.0.1/40219] INFO  ozone.MiniOzoneClusterImpl (MiniOzoneClusterImpl.java:lambda$waitForClusterToBeReady$0(221)) - Waiting for nodes to be ready. Got 0 of 5 DN Heartbeats.
2022-06-11 13:52:08,179 [Listener at 127.0.0.1/40219] INFO  ozone.MiniOzoneClusterImpl (MiniOzoneClusterImpl.java:lambda$waitForClusterToBeReady$0(224)) - Waiting for cluster to exit safe mode
2022-06-11 13:52:08,179 [Listener at 127.0.0.1/40219] INFO  ozone.MiniOzoneClusterImpl (MiniOzoneClusterImpl.java:lambda$waitForClusterToBeReady$0(226)) - SCM became leader
2022-06-11 13:52:08,564 [EndpointStateMachine task thread for /0.0.0.0:34491 - 0 ] INFO  volume.HddsVolume (HddsVolume.java:createDbStore(309)) - SchemaV3 db is created and loaded at /home/runner/work/ozone/ozone/hadoop-ozone/integration-test/target/test-dir/MiniOzoneClusterImpl-239f68c3-3068-4753-adf8-1c2cb01b4c57/datanode-2/data-0/containers/hdds/239f68c3-3068-4753-adf8-1c2cb01b4c57/DS-1dbf9700-3509-4ddb-a685-061f8e97785b/container.db for volume DS-1dbf9700-3509-4ddb-a685-061f8e97785b
2022-06-11 13:52:08,564 [EndpointStateMachine task thread for /0.0.0.0:34491 - 0 ] INFO  volume.HddsVolume (HddsVolume.java:closeDbStore(340)) - SchemaV3 db is stopped at /home/runner/work/ozone/ozone/hadoop-ozone/integration-test/target/test-dir/MiniOzoneClusterImpl-239f68c3-3068-4753-adf8-1c2cb01b4c57/datanode-2/data-0/containers/hdds/239f68c3-3068-4753-adf8-1c2cb01b4c57/DS-1dbf9700-3509-4ddb-a685-061f8e97785b/container.db for volume DS-1dbf9700-3509-4ddb-a685-061f8e97785b
2022-06-11 13:52:08,565 [EndpointStateMachine task thread for /0.0.0.0:34491 - 0 ] INFO  ozoneimpl.OzoneContainer (OzoneContainer.java:start(344)) - Attempting to start container services.
2022-06-11 13:52:08,565 [EndpointStateMachine task thread for /0.0.0.0:34491 - 0 ] INFO  ozoneimpl.OzoneContainer (OzoneContainer.java:startContainerScrub(279)) - Background container scanner has been disabled.
2022-06-11 13:52:08,567 [EndpointStateMachine task thread for /0.0.0.0:34491 - 0 ] INFO  replication.ReplicationServer (ReplicationServer.java:start(111)) - ReplicationServer is started using port 41345
2022-06-11 13:52:08,568 [EndpointStateMachine task thread for /0.0.0.0:34491 - 0 ] INFO  ratis.XceiverServerRatis (XceiverServerRatis.java:start(481)) - Starting XceiverServerRatis b72d34ed-ef2d-423d-934c-fedae9a767a6
2022-06-11 13:52:08,571 [EndpointStateMachine task thread for /0.0.0.0:34491 - 0 ] INFO  server.RaftServer (RaftServerProxy.java:lambda$start$6(382)) - b72d34ed-ef2d-423d-934c-fedae9a767a6: start RPC server
2022-06-11 13:52:08,573 [EndpointStateMachine task thread for /0.0.0.0:34491 - 0 ] INFO  server.GrpcService (GrpcService.java:startImpl(260)) - b72d34ed-ef2d-423d-934c-fedae9a767a6: GrpcService started, listening on 39643
2022-06-11 13:52:08,574 [EndpointStateMachine task thread for /0.0.0.0:34491 - 0 ] INFO  ratis.XceiverServerRatis (XceiverServerRatis.java:getRealPort(502)) - XceiverServerRatis b72d34ed-ef2d-423d-934c-fedae9a767a6 is started using port 39643 for RATIS
2022-06-11 13:52:08,574 [org.apache.ratis.util.JvmPauseMonitor$$Lambda$627/1387949628@49139243] INFO  util.JvmPauseMonitor (JvmPauseMonitor.java:run(103)) - JvmPauseMonitor-b72d34ed-ef2d-423d-934c-fedae9a767a6: Started
2022-06-11 13:52:08,575 [EndpointStateMachine task thread for /0.0.0.0:34491 - 0 ] INFO  ratis.XceiverServerRatis (XceiverServerRatis.java:getRealPort(502)) - XceiverServerRatis b72d34ed-ef2d-423d-934c-fedae9a767a6 is started using port 39643 for RATIS_ADMIN
2022-06-11 13:52:08,575 [EndpointStateMachine task thread for /0.0.0.0:34491 - 0 ] INFO  ratis.XceiverServerRatis (XceiverServerRatis.java:getRealPort(502)) - XceiverServerRatis b72d34ed-ef2d-423d-934c-fedae9a767a6 is started using port 39643 for RATIS_SERVER
2022-06-11 13:52:08,579 [EndpointStateMachine task thread for /0.0.0.0:34491 - 0 ] INFO  server.XceiverServerGrpc (XceiverServerGrpc.java:start(180)) - XceiverServerGrpc b72d34ed-ef2d-423d-934c-fedae9a767a6 is started using port 39715
2022-06-11 13:52:08,762 [ReplicationMonitor] INFO  replication.ReplicationManager (ReplicationManager.java:processAll(228)) - Replication Manager is not ready to run until 3000ms after safemode exit
2022-06-11 13:52:08,904 [EndpointStateMachine task thread for /0.0.0.0:34491 - 0 ] INFO  volume.HddsVolume (HddsVolume.java:createDbStore(309)) - SchemaV3 db is created and loaded at /home/runner/work/ozone/ozone/hadoop-ozone/integration-test/target/test-dir/MiniOzoneClusterImpl-239f68c3-3068-4753-adf8-1c2cb01b4c57/datanode-3/data-0/containers/hdds/239f68c3-3068-4753-adf8-1c2cb01b4c57/DS-67b62813-326a-4118-ba89-7c2fef4a9bf1/container.db for volume DS-67b62813-326a-4118-ba89-7c2fef4a9bf1
2022-06-11 13:52:08,905 [EndpointStateMachine task thread for /0.0.0.0:34491 - 0 ] INFO  volume.HddsVolume (HddsVolume.java:closeDbStore(340)) - SchemaV3 db is stopped at /home/runner/work/ozone/ozone/hadoop-ozone/integration-test/target/test-dir/MiniOzoneClusterImpl-239f68c3-3068-4753-adf8-1c2cb01b4c57/datanode-3/data-0/containers/hdds/239f68c3-3068-4753-adf8-1c2cb01b4c57/DS-67b62813-326a-4118-ba89-7c2fef4a9bf1/container.db for volume DS-67b62813-326a-4118-ba89-7c2fef4a9bf1
2022-06-11 13:52:08,905 [EndpointStateMachine task thread for /0.0.0.0:34491 - 0 ] INFO  ozoneimpl.OzoneContainer (OzoneContainer.java:start(344)) - Attempting to start container services.
2022-06-11 13:52:08,905 [EndpointStateMachine task thread for /0.0.0.0:34491 - 0 ] INFO  ozoneimpl.OzoneContainer (OzoneContainer.java:startContainerScrub(279)) - Background container scanner has been disabled.
2022-06-11 13:52:08,907 [EndpointStateMachine task thread for /0.0.0.0:34491 - 0 ] INFO  replication.ReplicationServer (ReplicationServer.java:start(111)) - ReplicationServer is started using port 36943
2022-06-11 13:52:08,907 [EndpointStateMachine task thread for /0.0.0.0:34491 - 0 ] INFO  ratis.XceiverServerRatis (XceiverServerRatis.java:start(481)) - Starting XceiverServerRatis 53db1d32-3be9-432a-8996-6e0aa1d79bff
2022-06-11 13:52:08,908 [EndpointStateMachine task thread for /0.0.0.0:34491 - 0 ] INFO  server.RaftServer (RaftServerProxy.java:lambda$start$6(382)) - 53db1d32-3be9-432a-8996-6e0aa1d79bff: start RPC server
2022-06-11 13:52:08,909 [EndpointStateMachine task thread for /0.0.0.0:34491 - 0 ] INFO  server.GrpcService (GrpcService.java:startImpl(260)) - 53db1d32-3be9-432a-8996-6e0aa1d79bff: GrpcService started, listening on 46375
2022-06-11 13:52:08,910 [EndpointStateMachine task thread for /0.0.0.0:34491 - 0 ] INFO  ratis.XceiverServerRatis (XceiverServerRatis.java:getRealPort(502)) - XceiverServerRatis 53db1d32-3be9-432a-8996-6e0aa1d79bff is started using port 46375 for RATIS
2022-06-11 13:52:08,910 [org.apache.ratis.util.JvmPauseMonitor$$Lambda$627/1387949628@7bb0a3e7] INFO  util.JvmPauseMonitor (JvmPauseMonitor.java:run(103)) - JvmPauseMonitor-53db1d32-3be9-432a-8996-6e0aa1d79bff: Started
2022-06-11 13:52:08,910 [EndpointStateMachine task thread for /0.0.0.0:34491 - 0 ] INFO  ratis.XceiverServerRatis (XceiverServerRatis.java:getRealPort(502)) - XceiverServerRatis 53db1d32-3be9-432a-8996-6e0aa1d79bff is started using port 46375 for RATIS_ADMIN
2022-06-11 13:52:08,912 [EndpointStateMachine task thread for /0.0.0.0:34491 - 0 ] INFO  ratis.XceiverServerRatis (XceiverServerRatis.java:getRealPort(502)) - XceiverServerRatis 53db1d32-3be9-432a-8996-6e0aa1d79bff is started using port 46375 for RATIS_SERVER
2022-06-11 13:52:08,915 [EndpointStateMachine task thread for /0.0.0.0:34491 - 0 ] INFO  server.XceiverServerGrpc (XceiverServerGrpc.java:start(180)) - XceiverServerGrpc 53db1d32-3be9-432a-8996-6e0aa1d79bff is started using port 45327
2022-06-11 13:52:09,179 [Listener at 127.0.0.1/40219] INFO  ozone.MiniOzoneClusterImpl (MiniOzoneClusterImpl.java:lambda$waitForClusterToBeReady$0(221)) - Waiting for nodes to be ready. Got 0 of 5 DN Heartbeats.
2022-06-11 13:52:09,179 [Listener at 127.0.0.1/40219] INFO  ozone.MiniOzoneClusterImpl (MiniOzoneClusterImpl.java:lambda$waitForClusterToBeReady$0(224)) - Waiting for cluster to exit safe mode
2022-06-11 13:52:09,179 [Listener at 127.0.0.1/40219] INFO  ozone.MiniOzoneClusterImpl (MiniOzoneClusterImpl.java:lambda$waitForClusterToBeReady$0(226)) - SCM became leader
2022-06-11 13:52:09,233 [EndpointStateMachine task thread for /0.0.0.0:34491 - 0 ] INFO  volume.HddsVolume (HddsVolume.java:createDbStore(309)) - SchemaV3 db is created and loaded at /home/runner/work/ozone/ozone/hadoop-ozone/integration-test/target/test-dir/MiniOzoneClusterImpl-239f68c3-3068-4753-adf8-1c2cb01b4c57/datanode-4/data-0/containers/hdds/239f68c3-3068-4753-adf8-1c2cb01b4c57/DS-c13084e2-7337-46de-aa56-5ec7846adc69/container.db for volume DS-c13084e2-7337-46de-aa56-5ec7846adc69
2022-06-11 13:52:09,233 [EndpointStateMachine task thread for /0.0.0.0:34491 - 0 ] INFO  volume.HddsVolume (HddsVolume.java:closeDbStore(340)) - SchemaV3 db is stopped at /home/runner/work/ozone/ozone/hadoop-ozone/integration-test/target/test-dir/MiniOzoneClusterImpl-239f68c3-3068-4753-adf8-1c2cb01b4c57/datanode-4/data-0/containers/hdds/239f68c3-3068-4753-adf8-1c2cb01b4c57/DS-c13084e2-7337-46de-aa56-5ec7846adc69/container.db for volume DS-c13084e2-7337-46de-aa56-5ec7846adc69
2022-06-11 13:52:09,233 [EndpointStateMachine task thread for /0.0.0.0:34491 - 0 ] INFO  ozoneimpl.OzoneContainer (OzoneContainer.java:start(344)) - Attempting to start container services.
2022-06-11 13:52:09,234 [EndpointStateMachine task thread for /0.0.0.0:34491 - 0 ] INFO  ozoneimpl.OzoneContainer (OzoneContainer.java:startContainerScrub(279)) - Background container scanner has been disabled.
2022-06-11 13:52:09,236 [EndpointStateMachine task thread for /0.0.0.0:34491 - 0 ] INFO  replication.ReplicationServer (ReplicationServer.java:start(111)) - ReplicationServer is started using port 41325
2022-06-11 13:52:09,236 [EndpointStateMachine task thread for /0.0.0.0:34491 - 0 ] INFO  ratis.XceiverServerRatis (XceiverServerRatis.java:start(481)) - Starting XceiverServerRatis ff2200df-c480-449e-9c09-7fcb33586f76
2022-06-11 13:52:09,237 [EndpointStateMachine task thread for /0.0.0.0:34491 - 0 ] INFO  server.RaftServer (RaftServerProxy.java:lambda$start$6(382)) - ff2200df-c480-449e-9c09-7fcb33586f76: start RPC server
2022-06-11 13:52:09,240 [EndpointStateMachine task thread for /0.0.0.0:34491 - 0 ] INFO  server.GrpcService (GrpcService.java:startImpl(260)) - ff2200df-c480-449e-9c09-7fcb33586f76: GrpcService started, listening on 40997
2022-06-11 13:52:09,240 [EndpointStateMachine task thread for /0.0.0.0:34491 - 0 ] INFO  ratis.XceiverServerRatis (XceiverServerRatis.java:getRealPort(502)) - XceiverServerRatis ff2200df-c480-449e-9c09-7fcb33586f76 is started using port 40997 for RATIS
2022-06-11 13:52:09,240 [org.apache.ratis.util.JvmPauseMonitor$$Lambda$627/1387949628@15cca12c] INFO  util.JvmPauseMonitor (JvmPauseMonitor.java:run(103)) - JvmPauseMonitor-ff2200df-c480-449e-9c09-7fcb33586f76: Started
2022-06-11 13:52:09,240 [EndpointStateMachine task thread for /0.0.0.0:34491 - 0 ] INFO  ratis.XceiverServerRatis (XceiverServerRatis.java:getRealPort(502)) - XceiverServerRatis ff2200df-c480-449e-9c09-7fcb33586f76 is started using port 40997 for RATIS_ADMIN
2022-06-11 13:52:09,240 [EndpointStateMachine task thread for /0.0.0.0:34491 - 0 ] INFO  ratis.XceiverServerRatis (XceiverServerRatis.java:getRealPort(502)) - XceiverServerRatis ff2200df-c480-449e-9c09-7fcb33586f76 is started using port 40997 for RATIS_SERVER
2022-06-11 13:52:09,245 [EndpointStateMachine task thread for /0.0.0.0:34491 - 0 ] INFO  server.XceiverServerGrpc (XceiverServerGrpc.java:start(180)) - XceiverServerGrpc ff2200df-c480-449e-9c09-7fcb33586f76 is started using port 41257
2022-06-11 13:52:09,668 [IPC Server handler 2 on default port 34491] INFO  net.NetworkTopologyImpl (NetworkTopologyImpl.java:add(112)) - Added a new node: /default-rack/ea3eb705-49c6-47b6-816e-3ad6ae2807f4
2022-06-11 13:52:09,670 [IPC Server handler 2 on default port 34491] INFO  node.SCMNodeManager (SCMNodeManager.java:register(394)) - Registered Data node : ea3eb705-49c6-47b6-816e-3ad6ae2807f4{ip: 10.1.0.23, host: fv-az395-686.zfmzfyrfkyou3ow0tsr0jxwq1e.bx.internal.cloudapp.net, ports: [REPLICATION=39065, RATIS=42799, RATIS_ADMIN=42799, RATIS_SERVER=42799, STANDALONE=38873], networkLocation: /default-rack, certSerialId: null, persistedOpState: null, persistedOpStateExpiryEpochSec: 0}
2022-06-11 13:52:09,673 [EventQueue-NewNodeForNewNodeHandler] INFO  pipeline.BackgroundPipelineCreator (BackgroundPipelineCreator.java:notifyEventTriggered(272)) - trigger a one-shot run on RatisPipelineUtilsThread.
2022-06-11 13:52:09,684 [RatisPipelineUtilsThread - 0] INFO  pipeline.RatisPipelineProvider (RatisPipelineProvider.java:lambda$create$0(195)) - Sending CreatePipelineCommand for pipeline:PipelineID=f3fb6199-eb48-4966-a4ac-bd99f308e032 to datanode:ea3eb705-49c6-47b6-816e-3ad6ae2807f4
2022-06-11 13:52:09,696 [RatisPipelineUtilsThread - 0] INFO  pipeline.PipelineStateManagerImpl (PipelineStateManagerImpl.java:addPipeline(101)) - Created pipeline Pipeline[ Id: f3fb6199-eb48-4966-a4ac-bd99f308e032, Nodes: ea3eb705-49c6-47b6-816e-3ad6ae2807f4{ip: 10.1.0.23, host: fv-az395-686.zfmzfyrfkyou3ow0tsr0jxwq1e.bx.internal.cloudapp.net, ports: [REPLICATION=39065, RATIS=42799, RATIS_ADMIN=42799, RATIS_SERVER=42799, STANDALONE=38873], networkLocation: /default-rack, certSerialId: null, persistedOpState: IN_SERVICE, persistedOpStateExpiryEpochSec: 0}, ReplicationConfig: RATIS/ONE, State:ALLOCATED, leaderId:, CreationTimestamp2022-06-11T13:52:09.681Z[Etc/UTC]].
2022-06-11 13:52:09,700 [EventQueue-NodeRegistrationContainerReportForContainerSafeModeRule] INFO  safemode.SCMSafeModeManager (SCMSafeModeManager.java:validateSafeModeExitRules(204)) - ContainerSafeModeRule rule is successfully validated
2022-06-11 13:52:09,701 [EventQueue-NodeRegistrationContainerReportForDataNodeSafeModeRule] INFO  safemode.SCMSafeModeManager (DataNodeSafeModeRule.java:process(71)) - SCM in safe mode. 1 DataNodes registered, 3 required.
2022-06-11 13:52:09,709 [EventQueue-PipelineReportForOneReplicaPipelineSafeModeRule] INFO  safemode.SCMSafeModeManager (SCMSafeModeManager.java:validateSafeModeExitRules(204)) - AtleastOneDatanodeReportedRule rule is successfully validated
2022-06-11 13:52:09,762 [ReplicationMonitor] INFO  replication.ReplicationManager (ReplicationManager.java:processAll(228)) - Replication Manager is not ready to run until 3000ms after safemode exit
2022-06-11 13:52:10,107 [IPC Server handler 0 on default port 34491] INFO  net.NetworkTopologyImpl (NetworkTopologyImpl.java:add(112)) - Added a new node: /default-rack/3cd9928a-a775-4af4-b787-40493a0c430a
2022-06-11 13:52:10,108 [IPC Server handler 0 on default port 34491] INFO  node.SCMNodeManager (SCMNodeManager.java:register(394)) - Registered Data node : 3cd9928a-a775-4af4-b787-40493a0c430a{ip: 10.1.0.23, host: fv-az395-686.zfmzfyrfkyou3ow0tsr0jxwq1e.bx.internal.cloudapp.net, ports: [REPLICATION=41227, RATIS=38303, RATIS_ADMIN=38303, RATIS_SERVER=38303, STANDALONE=39085], networkLocation: /default-rack, certSerialId: null, persistedOpState: null, persistedOpStateExpiryEpochSec: 0}
2022-06-11 13:52:10,108 [EventQueue-NewNodeForNewNodeHandler] INFO  pipeline.BackgroundPipelineCreator (BackgroundPipelineCreator.java:notifyEventTriggered(272)) - trigger a one-shot run on RatisPipelineUtilsThread.
2022-06-11 13:52:10,109 [EventQueue-NodeRegistrationContainerReportForDataNodeSafeModeRule] INFO  safemode.SCMSafeModeManager (DataNodeSafeModeRule.java:process(71)) - SCM in safe mode. 2 DataNodes registered, 3 required.
2022-06-11 13:52:10,110 [RatisPipelineUtilsThread - 0] INFO  pipeline.RatisPipelineProvider (RatisPipelineProvider.java:lambda$create$0(195)) - Sending CreatePipelineCommand for pipeline:PipelineID=cf759c5d-8190-47ae-bf4d-76f3d6715cfc to datanode:3cd9928a-a775-4af4-b787-40493a0c430a
2022-06-11 13:52:10,110 [RatisPipelineUtilsThread - 0] INFO  pipeline.PipelineStateManagerImpl (PipelineStateManagerImpl.java:addPipeline(101)) - Created pipeline Pipeline[ Id: cf759c5d-8190-47ae-bf4d-76f3d6715cfc, Nodes: 3cd9928a-a775-4af4-b787-40493a0c430a{ip: 10.1.0.23, host: fv-az395-686.zfmzfyrfkyou3ow0tsr0jxwq1e.bx.internal.cloudapp.net, ports: [REPLICATION=41227, RATIS=38303, RATIS_ADMIN=38303, RATIS_SERVER=38303, STANDALONE=39085], networkLocation: /default-rack, certSerialId: null, persistedOpState: IN_SERVICE, persistedOpStateExpiryEpochSec: 0}, ReplicationConfig: RATIS/ONE, State:ALLOCATED, leaderId:, CreationTimestamp2022-06-11T13:52:10.110Z[Etc/UTC]].
2022-06-11 13:52:10,180 [Listener at 127.0.0.1/40219] INFO  ozone.MiniOzoneClusterImpl (MiniOzoneClusterImpl.java:lambda$waitForClusterToBeReady$0(221)) - Waiting for nodes to be ready. Got 2 of 5 DN Heartbeats.
2022-06-11 13:52:10,180 [Listener at 127.0.0.1/40219] INFO  ozone.MiniOzoneClusterImpl (MiniOzoneClusterImpl.java:lambda$waitForClusterToBeReady$0(224)) - Waiting for cluster to exit safe mode
2022-06-11 13:52:10,180 [Listener at 127.0.0.1/40219] INFO  ozone.MiniOzoneClusterImpl (MiniOzoneClusterImpl.java:lambda$waitForClusterToBeReady$0(226)) - SCM became leader
2022-06-11 13:52:10,527 [IPC Server handler 2 on default port 34491] INFO  net.NetworkTopologyImpl (NetworkTopologyImpl.java:add(112)) - Added a new node: /default-rack/b72d34ed-ef2d-423d-934c-fedae9a767a6
2022-06-11 13:52:10,528 [IPC Server handler 2 on default port 34491] INFO  node.SCMNodeManager (SCMNodeManager.java:register(394)) - Registered Data node : b72d34ed-ef2d-423d-934c-fedae9a767a6{ip: 10.1.0.23, host: fv-az395-686.zfmzfyrfkyou3ow0tsr0jxwq1e.bx.internal.cloudapp.net, ports: [REPLICATION=41345, RATIS=39643, RATIS_ADMIN=39643, RATIS_SERVER=39643, STANDALONE=39715], networkLocation: /default-rack, certSerialId: null, persistedOpState: null, persistedOpStateExpiryEpochSec: 0}
2022-06-11 13:52:10,528 [EventQueue-NewNodeForNewNodeHandler] INFO  pipeline.BackgroundPipelineCreator (BackgroundPipelineCreator.java:notifyEventTriggered(272)) - trigger a one-shot run on RatisPipelineUtilsThread.
2022-06-11 13:52:10,530 [RatisPipelineUtilsThread - 0] INFO  pipeline.RatisPipelineProvider (RatisPipelineProvider.java:lambda$create$0(195)) - Sending CreatePipelineCommand for pipeline:PipelineID=ba8166de-6a74-4f02-9adf-d735d23348c9 to datanode:b72d34ed-ef2d-423d-934c-fedae9a767a6
2022-06-11 13:52:10,531 [EventQueue-NodeRegistrationContainerReportForDataNodeSafeModeRule] INFO  safemode.SCMSafeModeManager (DataNodeSafeModeRule.java:process(71)) - SCM in safe mode. 3 DataNodes registered, 3 required.
2022-06-11 13:52:10,531 [EventQueue-NodeRegistrationContainerReportForDataNodeSafeModeRule] INFO  safemode.SCMSafeModeManager (SCMSafeModeManager.java:validateSafeModeExitRules(204)) - DataNodeSafeModeRule rule is successfully validated
2022-06-11 13:52:10,531 [EventQueue-NodeRegistrationContainerReportForDataNodeSafeModeRule] INFO  safemode.SCMSafeModeManager (SCMSafeModeManager.java:completePreCheck(233)) - All SCM safe mode pre check rules have passed
2022-06-11 13:52:10,531 [EventQueue-NodeRegistrationContainerReportForDataNodeSafeModeRule] WARN  events.EventQueue (EventQueue.java:fireEvent(194)) - No event handler registered for event TypedEvent{payloadType=SafeModeStatus, name='Safe mode status'}
2022-06-11 13:52:10,531 [EventQueue-NodeRegistrationContainerReportForDataNodeSafeModeRule] INFO  ha.SCMContext (SCMContext.java:updateSafeModeStatus(228)) - Update SafeModeStatus from SafeModeStatus{safeModeStatus=true, preCheckPassed=false} to SafeModeStatus{safeModeStatus=true, preCheckPassed=true}.
2022-06-11 13:52:10,531 [RatisPipelineUtilsThread - 0] INFO  pipeline.PipelineStateManagerImpl (PipelineStateManagerImpl.java:addPipeline(101)) - Created pipeline Pipeline[ Id: ba8166de-6a74-4f02-9adf-d735d23348c9, Nodes: b72d34ed-ef2d-423d-934c-fedae9a767a6{ip: 10.1.0.23, host: fv-az395-686.zfmzfyrfkyou3ow0tsr0jxwq1e.bx.internal.cloudapp.net, ports: [REPLICATION=41345, RATIS=39643, RATIS_ADMIN=39643, RATIS_SERVER=39643, STANDALONE=39715], networkLocation: /default-rack, certSerialId: null, persistedOpState: IN_SERVICE, persistedOpStateExpiryEpochSec: 0}, ReplicationConfig: RATIS/ONE, State:ALLOCATED, leaderId:, CreationTimestamp2022-06-11T13:52:10.530Z[Etc/UTC]].
2022-06-11 13:52:10,531 [EventQueue-NodeRegistrationContainerReportForDataNodeSafeModeRule] INFO  pipeline.BackgroundPipelineCreator (BackgroundPipelineCreator.java:notifyEventTriggered(272)) - trigger a one-shot run on RatisPipelineUtilsThread.
2022-06-11 13:52:10,536 [RatisPipelineUtilsThread - 0] INFO  pipeline.RatisPipelineProvider (RatisPipelineProvider.java:lambda$create$0(195)) - Sending CreatePipelineCommand for pipeline:PipelineID=06b33e13-d481-4efe-ad78-8cdee701a878 to datanode:ea3eb705-49c6-47b6-816e-3ad6ae2807f4
2022-06-11 13:52:10,536 [RatisPipelineUtilsThread - 0] INFO  pipeline.RatisPipelineProvider (RatisPipelineProvider.java:lambda$create$0(195)) - Sending CreatePipelineCommand for pipeline:PipelineID=06b33e13-d481-4efe-ad78-8cdee701a878 to datanode:3cd9928a-a775-4af4-b787-40493a0c430a
2022-06-11 13:52:10,537 [RatisPipelineUtilsThread - 0] INFO  pipeline.RatisPipelineProvider (RatisPipelineProvider.java:lambda$create$0(195)) - Sending CreatePipelineCommand for pipeline:PipelineID=06b33e13-d481-4efe-ad78-8cdee701a878 to datanode:b72d34ed-ef2d-423d-934c-fedae9a767a6
2022-06-11 13:52:10,537 [RatisPipelineUtilsThread - 0] INFO  pipeline.PipelineStateManagerImpl (PipelineStateManagerImpl.java:addPipeline(101)) - Created pipeline Pipeline[ Id: 06b33e13-d481-4efe-ad78-8cdee701a878, Nodes: ea3eb705-49c6-47b6-816e-3ad6ae2807f4{ip: 10.1.0.23, host: fv-az395-686.zfmzfyrfkyou3ow0tsr0jxwq1e.bx.internal.cloudapp.net, ports: [REPLICATION=39065, RATIS=42799, RATIS_ADMIN=42799, RATIS_SERVER=42799, STANDALONE=38873], networkLocation: /default-rack, certSerialId: null, persistedOpState: IN_SERVICE, persistedOpStateExpiryEpochSec: 0}3cd9928a-a775-4af4-b787-40493a0c430a{ip: 10.1.0.23, host: fv-az395-686.zfmzfyrfkyou3ow0tsr0jxwq1e.bx.internal.cloudapp.net, ports: [REPLICATION=41227, RATIS=38303, RATIS_ADMIN=38303, RATIS_SERVER=38303, STANDALONE=39085], networkLocation: /default-rack, certSerialId: null, persistedOpState: IN_SERVICE, persistedOpStateExpiryEpochSec: 0}b72d34ed-ef2d-423d-934c-fedae9a767a6{ip: 10.1.0.23, host: fv-az395-686.zfmzfyrfkyou3ow0tsr0jxwq1e.bx.internal.cloudapp.net, ports: [REPLICATION=41345, RATIS=39643, RATIS_ADMIN=39643, RATIS_SERVER=39643, STANDALONE=39715], networkLocation: /default-rack, certSerialId: null, persistedOpState: IN_SERVICE, persistedOpStateExpiryEpochSec: 0}, ReplicationConfig: RATIS/THREE, State:ALLOCATED, leaderId:, CreationTimestamp2022-06-11T13:52:10.536Z[Etc/UTC]].
2022-06-11 13:52:10,762 [ReplicationMonitor] INFO  replication.ReplicationManager (ReplicationManager.java:processAll(228)) - Replication Manager is not ready to run until 3000ms after safemode exit
2022-06-11 13:52:10,859 [IPC Server handler 3 on default port 34491] INFO  net.NetworkTopologyImpl (NetworkTopologyImpl.java:add(112)) - Added a new node: /default-rack/53db1d32-3be9-432a-8996-6e0aa1d79bff
2022-06-11 13:52:10,860 [IPC Server handler 3 on default port 34491] INFO  node.SCMNodeManager (SCMNodeManager.java:register(394)) - Registered Data node : 53db1d32-3be9-432a-8996-6e0aa1d79bff{ip: 10.1.0.23, host: fv-az395-686.zfmzfyrfkyou3ow0tsr0jxwq1e.bx.internal.cloudapp.net, ports: [REPLICATION=36943, RATIS=46375, RATIS_ADMIN=46375, RATIS_SERVER=46375, STANDALONE=45327], networkLocation: /default-rack, certSerialId: null, persistedOpState: null, persistedOpStateExpiryEpochSec: 0}
2022-06-11 13:52:10,861 [EventQueue-NewNodeForNewNodeHandler] INFO  pipeline.BackgroundPipelineCreator (BackgroundPipelineCreator.java:notifyEventTriggered(272)) - trigger a one-shot run on RatisPipelineUtilsThread.
2022-06-11 13:52:10,862 [RatisPipelineUtilsThread - 0] INFO  pipeline.RatisPipelineProvider (RatisPipelineProvider.java:lambda$create$0(195)) - Sending CreatePipelineCommand for pipeline:PipelineID=f340a6f0-8429-4dd8-b985-42030936e193 to datanode:53db1d32-3be9-432a-8996-6e0aa1d79bff
2022-06-11 13:52:10,862 [RatisPipelineUtilsThread - 0] INFO  pipeline.PipelineStateManagerImpl (PipelineStateManagerImpl.java:addPipeline(101)) - Created pipeline Pipeline[ Id: f340a6f0-8429-4dd8-b985-42030936e193, Nodes: 53db1d32-3be9-432a-8996-6e0aa1d79bff{ip: 10.1.0.23, host: fv-az395-686.zfmzfyrfkyou3ow0tsr0jxwq1e.bx.internal.cloudapp.net, ports: [REPLICATION=36943, RATIS=46375, RATIS_ADMIN=46375, RATIS_SERVER=46375, STANDALONE=45327], networkLocation: /default-rack, certSerialId: null, persistedOpState: IN_SERVICE, persistedOpStateExpiryEpochSec: 0}, ReplicationConfig: RATIS/ONE, State:ALLOCATED, leaderId:, CreationTimestamp2022-06-11T13:52:10.862Z[Etc/UTC]].
2022-06-11 13:52:11,180 [Listener at 127.0.0.1/40219] INFO  ozone.MiniOzoneClusterImpl (MiniOzoneClusterImpl.java:lambda$waitForClusterToBeReady$0(221)) - Waiting for nodes to be ready. Got 4 of 5 DN Heartbeats.
2022-06-11 13:52:11,181 [Listener at 127.0.0.1/40219] INFO  ozone.MiniOzoneClusterImpl (MiniOzoneClusterImpl.java:lambda$waitForClusterToBeReady$0(224)) - Waiting for cluster to exit safe mode
2022-06-11 13:52:11,181 [Listener at 127.0.0.1/40219] INFO  ozone.MiniOzoneClusterImpl (MiniOzoneClusterImpl.java:lambda$waitForClusterToBeReady$0(226)) - SCM became leader
2022-06-11 13:52:11,189 [IPC Server handler 1 on default port 34491] INFO  net.NetworkTopologyImpl (NetworkTopologyImpl.java:add(112)) - Added a new node: /default-rack/ff2200df-c480-449e-9c09-7fcb33586f76
2022-06-11 13:52:11,190 [IPC Server handler 1 on default port 34491] INFO  node.SCMNodeManager (SCMNodeManager.java:register(394)) - Registered Data node : ff2200df-c480-449e-9c09-7fcb33586f76{ip: 10.1.0.23, host: fv-az395-686.zfmzfyrfkyou3ow0tsr0jxwq1e.bx.internal.cloudapp.net, ports: [REPLICATION=41325, RATIS=40997, RATIS_ADMIN=40997, RATIS_SERVER=40997, STANDALONE=41257], networkLocation: /default-rack, certSerialId: null, persistedOpState: null, persistedOpStateExpiryEpochSec: 0}
2022-06-11 13:52:11,190 [EventQueue-NewNodeForNewNodeHandler] INFO  pipeline.BackgroundPipelineCreator (BackgroundPipelineCreator.java:notifyEventTriggered(272)) - trigger a one-shot run on RatisPipelineUtilsThread.
2022-06-11 13:52:11,191 [RatisPipelineUtilsThread - 0] INFO  pipeline.RatisPipelineProvider (RatisPipelineProvider.java:lambda$create$0(195)) - Sending CreatePipelineCommand for pipeline:PipelineID=1169bc70-b00d-42fc-b248-5a989687386a to datanode:ff2200df-c480-449e-9c09-7fcb33586f76
2022-06-11 13:52:11,192 [RatisPipelineUtilsThread - 0] INFO  pipeline.PipelineStateManagerImpl (PipelineStateManagerImpl.java:addPipeline(101)) - Created pipeline Pipeline[ Id: 1169bc70-b00d-42fc-b248-5a989687386a, Nodes: ff2200df-c480-449e-9c09-7fcb33586f76{ip: 10.1.0.23, host: fv-az395-686.zfmzfyrfkyou3ow0tsr0jxwq1e.bx.internal.cloudapp.net, ports: [REPLICATION=41325, RATIS=40997, RATIS_ADMIN=40997, RATIS_SERVER=40997, STANDALONE=41257], networkLocation: /default-rack, certSerialId: null, persistedOpState: IN_SERVICE, persistedOpStateExpiryEpochSec: 0}, ReplicationConfig: RATIS/ONE, State:ALLOCATED, leaderId:, CreationTimestamp2022-06-11T13:52:11.191Z[Etc/UTC]].
2022-06-11 13:52:11,763 [ReplicationMonitor] INFO  replication.ReplicationManager (ReplicationManager.java:processAll(228)) - Replication Manager is not ready to run until 3000ms after safemode exit
2022-06-11 13:52:12,181 [Listener at 127.0.0.1/40219] INFO  ozone.MiniOzoneClusterImpl (MiniOzoneClusterImpl.java:lambda$waitForClusterToBeReady$0(221)) - Nodes are ready. Got 5 of 5 DN Heartbeats.
2022-06-11 13:52:12,182 [Listener at 127.0.0.1/40219] INFO  ozone.MiniOzoneClusterImpl (MiniOzoneClusterImpl.java:lambda$waitForClusterToBeReady$0(224)) - Waiting for cluster to exit safe mode
2022-06-11 13:52:12,182 [Listener at 127.0.0.1/40219] INFO  ozone.MiniOzoneClusterImpl (MiniOzoneClusterImpl.java:lambda$waitForClusterToBeReady$0(226)) - SCM became leader
2022-06-11 13:52:12,654 [Command processor thread] INFO  server.RaftServer (RaftServerProxy.java:addNew(96)) - ea3eb705-49c6-47b6-816e-3ad6ae2807f4: addNew group-BD99F308E032:[ea3eb705-49c6-47b6-816e-3ad6ae2807f4|rpc:10.1.0.23:42799|priority:1] returns group-BD99F308E032:java.util.concurrent.CompletableFuture@468fe993[Not completed]
2022-06-11 13:52:12,665 [pool-72-thread-1] INFO  server.RaftServer$Division (RaftServerImpl.java:<init>(190)) - ea3eb705-49c6-47b6-816e-3ad6ae2807f4: new RaftServerImpl for group-BD99F308E032:[ea3eb705-49c6-47b6-816e-3ad6ae2807f4|rpc:10.1.0.23:42799|priority:1] with ContainerStateMachine:uninitialized
2022-06-11 13:52:12,665 [pool-72-thread-1] INFO  server.RaftServerConfigKeys (ConfUtils.java:logGet(46)) - raft.server.rpc.timeout.min = 5s (custom)
2022-06-11 13:52:12,665 [pool-72-thread-1] INFO  server.RaftServerConfigKeys (ConfUtils.java:logGet(46)) - raft.server.rpc.timeout.max = 5200ms (custom)
2022-06-11 13:52:12,665 [pool-72-thread-1] INFO  server.RaftServerConfigKeys (ConfUtils.java:logGet(46)) - raft.server.rpc.sleep.time = 25ms (default)
2022-06-11 13:52:12,665 [pool-72-thread-1] INFO  server.RaftServerConfigKeys (ConfUtils.java:logGet(46)) - raft.server.rpc.slowness.timeout = 300s (custom)
2022-06-11 13:52:12,665 [pool-72-thread-1] INFO  server.RaftServerConfigKeys (ConfUtils.java:logGet(46)) - raft.server.leaderelection.leader.step-down.wait-time = 10s (default)
2022-06-11 13:52:12,666 [pool-72-thread-1] INFO  server.RaftServerConfigKeys (ConfUtils.java:logGet(46)) - raft.server.sleep.deviation.threshold = 300ms (default)
2022-06-11 13:52:12,666 [pool-72-thread-1] INFO  server.RaftServer$Division (ServerState.java:<init>(107)) - ea3eb705-49c6-47b6-816e-3ad6ae2807f4@group-BD99F308E032: ConfigurationManager, init=-1: [ea3eb705-49c6-47b6-816e-3ad6ae2807f4|rpc:10.1.0.23:42799|priority:1], old=null, confs=<EMPTY_MAP>
2022-06-11 13:52:12,666 [pool-72-thread-1] INFO  server.RaftServerConfigKeys (ConfUtils.java:logGet(46)) - raft.server.storage.dir = [/home/runner/work/ozone/ozone/hadoop-ozone/integration-test/target/test-dir/MiniOzoneClusterImpl-239f68c3-3068-4753-adf8-1c2cb01b4c57/datanode-0/data/ratis] (custom)
2022-06-11 13:52:12,666 [pool-72-thread-1] INFO  server.RaftServerConfigKeys (ConfUtils.java:logGet(46)) - raft.server.log.corruption.policy = EXCEPTION (default)
2022-06-11 13:52:12,666 [pool-72-thread-1] INFO  server.RaftServerConfigKeys (ConfUtils.java:logGet(46)) - raft.server.storage.free-space.min = 0MB (=0) (default)
2022-06-11 13:52:12,666 [pool-72-thread-1] INFO  storage.RaftStorageDirectory (RaftStorageDirectoryImpl.java:analyzeStorage(135)) - The storage directory /home/runner/work/ozone/ozone/hadoop-ozone/integration-test/target/test-dir/MiniOzoneClusterImpl-239f68c3-3068-4753-adf8-1c2cb01b4c57/datanode-0/data/ratis/f3fb6199-eb48-4966-a4ac-bd99f308e032 does not exist. Creating ...
2022-06-11 13:52:12,669 [pool-72-thread-1] INFO  storage.RaftStorageDirectory (RaftStorageDirectoryImpl.java:tryLock(230)) - Lock on /home/runner/work/ozone/ozone/hadoop-ozone/integration-test/target/test-dir/MiniOzoneClusterImpl-239f68c3-3068-4753-adf8-1c2cb01b4c57/datanode-0/data/ratis/f3fb6199-eb48-4966-a4ac-bd99f308e032/in_use.lock acquired by nodename 20323@fv-az395-686
2022-06-11 13:52:12,670 [pool-72-thread-1] INFO  storage.RaftStorage (RaftStorageImpl.java:format(89)) - Storage directory /home/runner/work/ozone/ozone/hadoop-ozone/integration-test/target/test-dir/MiniOzoneClusterImpl-239f68c3-3068-4753-adf8-1c2cb01b4c57/datanode-0/data/ratis/f3fb6199-eb48-4966-a4ac-bd99f308e032 has been successfully formatted.
2022-06-11 13:52:12,675 [pool-72-thread-1] INFO  ratis.ContainerStateMachine (ContainerStateMachine.java:loadSnapshot(236)) - group-BD99F308E032: The snapshot info is null. Setting the last applied indexto:(t:0, i:~)
2022-06-11 13:52:12,675 [pool-72-thread-1] INFO  server.RaftServerConfigKeys (ConfUtils.java:logGet(46)) - raft.server.notification.no-leader.timeout = 300s (custom)
2022-06-11 13:52:12,675 [pool-72-thread-1] INFO  server.RaftServerConfigKeys (ConfUtils.java:logGet(46)) - raft.server.log.use.memory = false (default)
2022-06-11 13:52:12,675 [pool-72-thread-1] INFO  server.RaftServerConfigKeys (ConfUtils.java:logGet(46)) - raft.server.log.purge.gap = 1000000 (custom)
2022-06-11 13:52:12,676 [pool-72-thread-1] INFO  server.RaftServerConfigKeys (ConfUtils.java:logGet(46)) - raft.server.log.appender.buffer.byte-limit = 33554432 (custom)
2022-06-11 13:52:12,676 [pool-72-thread-1] INFO  server.RaftServerConfigKeys (ConfUtils.java:logGet(46)) - raft.server.log.statemachine.data.read.timeout = 1000ms (default)
2022-06-11 13:52:12,679 [pool-72-thread-1] INFO  server.RaftServerConfigKeys (ConfUtils.java:logGet(46)) - raft.server.log.segment.size.max = 1048576 (custom)
2022-06-11 13:52:12,680 [pool-72-thread-1] INFO  server.RaftServerConfigKeys (ConfUtils.java:logGet(46)) - raft.server.log.segment.cache.num.max = 2 (custom)
2022-06-11 13:52:12,680 [pool-72-thread-1] INFO  server.RaftServerConfigKeys (ConfUtils.java:logGet(46)) - raft.server.log.segment.cache.size.max = 200MB (=209715200) (default)
2022-06-11 13:52:12,681 [pool-72-thread-1] INFO  segmented.SegmentedRaftLogWorker (SegmentedRaftLogWorker.java:<init>(187)) - new ea3eb705-49c6-47b6-816e-3ad6ae2807f4@group-BD99F308E032-SegmentedRaftLogWorker for RaftStorageImpl:Storage Directory /home/runner/work/ozone/ozone/hadoop-ozone/integration-test/target/test-dir/MiniOzoneClusterImpl-239f68c3-3068-4753-adf8-1c2cb01b4c57/datanode-0/data/ratis/f3fb6199-eb48-4966-a4ac-bd99f308e032
2022-06-11 13:52:12,681 [pool-72-thread-1] INFO  server.RaftServerConfigKeys (ConfUtils.java:logGet(46)) - raft.server.log.queue.byte-limit = 4294967296 (custom)
2022-06-11 13:52:12,681 [pool-72-thread-1] INFO  server.RaftServerConfigKeys (ConfUtils.java:logGet(46)) - raft.server.log.queue.element-limit = 1024 (custom)
2022-06-11 13:52:12,681 [pool-72-thread-1] INFO  server.RaftServerConfigKeys (ConfUtils.java:logGet(46)) - raft.server.log.segment.size.max = 1048576 (custom)
2022-06-11 13:52:12,681 [pool-72-thread-1] INFO  server.RaftServerConfigKeys (ConfUtils.java:logGet(46)) - raft.server.log.preallocated.size = 16384 (custom)
2022-06-11 13:52:12,681 [pool-72-thread-1] INFO  server.RaftServerConfigKeys (ConfUtils.java:logGet(46)) - raft.server.log.force.sync.num = 128 (default)
2022-06-11 13:52:12,681 [pool-72-thread-1] INFO  server.RaftServerConfigKeys (ConfUtils.java:logGet(46)) - raft.server.log.statemachine.data.sync = true (default)
2022-06-11 13:52:12,681 [pool-72-thread-1] INFO  server.RaftServerConfigKeys (ConfUtils.java:logGet(46)) - raft.server.log.statemachine.data.sync.timeout = 10s (default)
2022-06-11 13:52:12,681 [pool-72-thread-1] INFO  server.RaftServerConfigKeys (ConfUtils.java:logGet(46)) - raft.server.log.statemachine.data.sync.timeout.retry = -1 (default)
2022-06-11 13:52:12,683 [pool-72-thread-1] INFO  server.RaftServerConfigKeys (ConfUtils.java:logGet(46)) - raft.server.log.write.buffer.size = 1048576 (custom)
2022-06-11 13:52:12,684 [pool-72-thread-1] INFO  server.RaftServerConfigKeys (ConfUtils.java:logGet(46)) - raft.server.log.unsafe-flush.enabled = false (default)
2022-06-11 13:52:12,684 [pool-72-thread-1] INFO  server.RaftServerConfigKeys (ConfUtils.java:logGet(46)) - raft.server.log.statemachine.data.caching.enabled = true (custom)
2022-06-11 13:52:12,684 [pool-72-thread-1] INFO  segmented.SegmentedRaftLogWorker (SegmentedRaftLogWorker.java:lambda$new$0(135)) - ea3eb705-49c6-47b6-816e-3ad6ae2807f4@group-BD99F308E032-SegmentedRaftLogWorker: flushIndex: setUnconditionally 0 -> -1
2022-06-11 13:52:12,684 [pool-72-thread-1] INFO  segmented.SegmentedRaftLogWorker (SegmentedRaftLogWorker.java:lambda$new$0(135)) - ea3eb705-49c6-47b6-816e-3ad6ae2807f4@group-BD99F308E032-SegmentedRaftLogWorker: safeCacheEvictIndex: setUnconditionally 0 -> -1
2022-06-11 13:52:12,692 [pool-72-thread-1] INFO  server.RaftServerConfigKeys (ConfUtils.java:logGet(46)) - raft.server.snapshot.auto.trigger.enabled = true (custom)
2022-06-11 13:52:12,693 [pool-72-thread-1] INFO  server.RaftServerConfigKeys (ConfUtils.java:logGet(46)) - raft.server.snapshot.auto.trigger.threshold = 10000 (custom)
2022-06-11 13:52:12,693 [pool-72-thread-1] INFO  server.RaftServerConfigKeys (ConfUtils.java:logGet(46)) - raft.server.snapshot.retention.file.num = 5 (custom)
2022-06-11 13:52:12,693 [pool-72-thread-1] INFO  server.RaftServerConfigKeys (ConfUtils.java:logGet(46)) - raft.server.log.purge.upto.snapshot.index = false (default)
2022-06-11 13:52:12,693 [pool-72-thread-1] INFO  server.RaftServerConfigKeys (ConfUtils.java:logGet(46)) - raft.server.retrycache.expirytime = 600000ms (custom)
2022-06-11 13:52:12,693 [pool-72-thread-1] INFO  server.RaftServerConfigKeys (ConfUtils.java:logGet(46)) - raft.server.retrycache.statistics.expirytime = 100μs (default)
2022-06-11 13:52:12,695 [pool-72-thread-1] INFO  server.RaftServerConfigKeys (ConfUtils.java:logGet(46)) - raft.server.log.appender.install.snapshot.enabled = false (custom)
2022-06-11 13:52:12,695 [pool-72-thread-1] INFO  server.RaftServerConfigKeys (ConfUtils.java:logGet(46)) - raft.server.threadpool.server.cached = true (default)
2022-06-11 13:52:12,695 [pool-72-thread-1] INFO  server.RaftServerConfigKeys (ConfUtils.java:logGet(46)) - raft.server.threadpool.server.size = 0 (default)
2022-06-11 13:52:12,695 [pool-72-thread-1] INFO  server.RaftServerConfigKeys (ConfUtils.java:logGet(46)) - raft.server.threadpool.client.cached = true (default)
2022-06-11 13:52:12,696 [pool-72-thread-1] INFO  server.RaftServerConfigKeys (ConfUtils.java:logGet(46)) - raft.server.threadpool.client.size = 0 (default)
2022-06-11 13:52:12,696 [pool-72-thread-1] INFO  server.RaftServer$Division (RaftServerImpl.java:start(310)) - ea3eb705-49c6-47b6-816e-3ad6ae2807f4@group-BD99F308E032: start as a follower, conf=-1: [ea3eb705-49c6-47b6-816e-3ad6ae2807f4|rpc:10.1.0.23:42799|priority:1], old=null
2022-06-11 13:52:12,696 [pool-72-thread-1] INFO  server.RaftServer$Division (RaftServerImpl.java:setRole(299)) - ea3eb705-49c6-47b6-816e-3ad6ae2807f4@group-BD99F308E032: changes role from      null to FOLLOWER at term 0 for startAsFollower
2022-06-11 13:52:12,696 [pool-72-thread-1] INFO  impl.RoleInfo (RoleInfo.java:updateAndGet(139)) - ea3eb705-49c6-47b6-816e-3ad6ae2807f4: start ea3eb705-49c6-47b6-816e-3ad6ae2807f4@group-BD99F308E032-FollowerState
2022-06-11 13:52:12,700 [pool-72-thread-1] INFO  util.JmxRegister (JmxRegister.java:tryRegister(44)) - Successfully registered JMX Bean with object name Ratis:service=RaftServer,group=group-BD99F308E032,id=ea3eb705-49c6-47b6-816e-3ad6ae2807f4
2022-06-11 13:52:12,703 [EventQueue-PipelineReportForPipelineReportHandler] INFO  pipeline.PipelineManagerImpl (PipelineManagerImpl.java:openPipeline(356)) - Pipeline Pipeline[ Id: f3fb6199-eb48-4966-a4ac-bd99f308e032, Nodes: ea3eb705-49c6-47b6-816e-3ad6ae2807f4{ip: 10.1.0.23, host: fv-az395-686.zfmzfyrfkyou3ow0tsr0jxwq1e.bx.internal.cloudapp.net, ports: [REPLICATION=39065, RATIS=42799, RATIS_ADMIN=42799, RATIS_SERVER=42799, STANDALONE=38873], networkLocation: /default-rack, certSerialId: null, persistedOpState: IN_SERVICE, persistedOpStateExpiryEpochSec: 0}, ReplicationConfig: RATIS/ONE, State:ALLOCATED, leaderId:ea3eb705-49c6-47b6-816e-3ad6ae2807f4, CreationTimestamp2022-06-11T13:52:09.681Z[Etc/UTC]] moved to OPEN state
2022-06-11 13:52:12,716 [EventQueue-OpenPipelineForHealthyPipelineSafeModeRule] INFO  safemode.SCMSafeModeManager (HealthyPipelineSafeModeRule.java:process(124)) - SCM in safe mode. Healthy pipelines reported count is 0, required healthy pipeline reported count is 1
2022-06-11 13:52:12,718 [Command processor thread] INFO  ratis.XceiverServerRatis (XceiverServerRatis.java:addGroup(765)) - Created group PipelineID=f3fb6199-eb48-4966-a4ac-bd99f308e032
2022-06-11 13:52:12,719 [Command processor thread] INFO  commandhandler.CreatePipelineCommandHandler (CreatePipelineCommandHandler.java:handle(113)) - Created Pipeline RATIS ONE PipelineID=f3fb6199-eb48-4966-a4ac-bd99f308e032.
2022-06-11 13:52:12,719 [Command processor thread] INFO  server.RaftServer (RaftServerProxy.java:addNew(96)) - ea3eb705-49c6-47b6-816e-3ad6ae2807f4: addNew group-8CDEE701A878:[3cd9928a-a775-4af4-b787-40493a0c430a|rpc:10.1.0.23:38303|priority:0, ea3eb705-49c6-47b6-816e-3ad6ae2807f4|rpc:10.1.0.23:42799|priority:0, b72d34ed-ef2d-423d-934c-fedae9a767a6|rpc:10.1.0.23:39643|priority:1] returns group-8CDEE701A878:java.util.concurrent.CompletableFuture@152fae15[Not completed]
2022-06-11 13:52:12,720 [pool-72-thread-1] INFO  server.RaftServer$Division (RaftServerImpl.java:<init>(190)) - ea3eb705-49c6-47b6-816e-3ad6ae2807f4: new RaftServerImpl for group-8CDEE701A878:[3cd9928a-a775-4af4-b787-40493a0c430a|rpc:10.1.0.23:38303|priority:0, ea3eb705-49c6-47b6-816e-3ad6ae2807f4|rpc:10.1.0.23:42799|priority:0, b72d34ed-ef2d-423d-934c-fedae9a767a6|rpc:10.1.0.23:39643|priority:1] with ContainerStateMachine:uninitialized
2022-06-11 13:52:12,721 [pool-72-thread-1] INFO  server.RaftServerConfigKeys (ConfUtils.java:logGet(46)) - raft.server.rpc.timeout.min = 5s (custom)
2022-06-11 13:52:12,721 [pool-72-thread-1] INFO  server.RaftServerConfigKeys (ConfUtils.java:logGet(46)) - raft.server.rpc.timeout.max = 5200ms (custom)
2022-06-11 13:52:12,721 [pool-72-thread-1] INFO  server.RaftServerConfigKeys (ConfUtils.java:logGet(46)) - raft.server.rpc.sleep.time = 25ms (default)
2022-06-11 13:52:12,721 [pool-72-thread-1] INFO  server.RaftServerConfigKeys (ConfUtils.java:logGet(46)) - raft.server.rpc.slowness.timeout = 300s (custom)
2022-06-11 13:52:12,721 [pool-72-thread-1] INFO  server.RaftServerConfigKeys (ConfUtils.java:logGet(46)) - raft.server.leaderelection.leader.step-down.wait-time = 10s (default)
2022-06-11 13:52:12,721 [pool-72-thread-1] INFO  server.RaftServerConfigKeys (ConfUtils.java:logGet(46)) - raft.server.sleep.deviation.threshold = 300ms (default)
2022-06-11 13:52:12,721 [pool-72-thread-1] INFO  server.RaftServer$Division (ServerState.java:<init>(107)) - ea3eb705-49c6-47b6-816e-3ad6ae2807f4@group-8CDEE701A878: ConfigurationManager, init=-1: [3cd9928a-a775-4af4-b787-40493a0c430a|rpc:10.1.0.23:38303|priority:0, ea3eb705-49c6-47b6-816e-3ad6ae2807f4|rpc:10.1.0.23:42799|priority:0, b72d34ed-ef2d-423d-934c-fedae9a767a6|rpc:10.1.0.23:39643|priority:1], old=null, confs=<EMPTY_MAP>
2022-06-11 13:52:12,721 [pool-72-thread-1] INFO  server.RaftServerConfigKeys (ConfUtils.java:logGet(46)) - raft.server.storage.dir = [/home/runner/work/ozone/ozone/hadoop-ozone/integration-test/target/test-dir/MiniOzoneClusterImpl-239f68c3-3068-4753-adf8-1c2cb01b4c57/datanode-0/data/ratis] (custom)
2022-06-11 13:52:12,721 [pool-72-thread-1] INFO  server.RaftServerConfigKeys (ConfUtils.java:logGet(46)) - raft.server.log.corruption.policy = EXCEPTION (default)
2022-06-11 13:52:12,721 [pool-72-thread-1] INFO  server.RaftServerConfigKeys (ConfUtils.java:logGet(46)) - raft.server.storage.free-space.min = 0MB (=0) (default)
2022-06-11 13:52:12,721 [pool-72-thread-1] INFO  storage.RaftStorageDirectory (RaftStorageDirectoryImpl.java:analyzeStorage(135)) - The storage directory /home/runner/work/ozone/ozone/hadoop-ozone/integration-test/target/test-dir/MiniOzoneClusterImpl-239f68c3-3068-4753-adf8-1c2cb01b4c57/datanode-0/data/ratis/06b33e13-d481-4efe-ad78-8cdee701a878 does not exist. Creating ...
2022-06-11 13:52:12,723 [pool-72-thread-1] INFO  storage.RaftStorageDirectory (RaftStorageDirectoryImpl.java:tryLock(230)) - Lock on /home/runner/work/ozone/ozone/hadoop-ozone/integration-test/target/test-dir/MiniOzoneClusterImpl-239f68c3-3068-4753-adf8-1c2cb01b4c57/datanode-0/data/ratis/06b33e13-d481-4efe-ad78-8cdee701a878/in_use.lock acquired by nodename 20323@fv-az395-686
2022-06-11 13:52:12,724 [pool-72-thread-1] INFO  storage.RaftStorage (RaftStorageImpl.java:format(89)) - Storage directory /home/runner/work/ozone/ozone/hadoop-ozone/integration-test/target/test-dir/MiniOzoneClusterImpl-239f68c3-3068-4753-adf8-1c2cb01b4c57/datanode-0/data/ratis/06b33e13-d481-4efe-ad78-8cdee701a878 has been successfully formatted.
2022-06-11 13:52:12,725 [pool-72-thread-1] INFO  ratis.ContainerStateMachine (ContainerStateMachine.java:loadSnapshot(236)) - group-8CDEE701A878: The snapshot info is null. Setting the last applied indexto:(t:0, i:~)
2022-06-11 13:52:12,725 [pool-72-thread-1] INFO  server.RaftServerConfigKeys (ConfUtils.java:logGet(46)) - raft.server.notification.no-leader.timeout = 300s (custom)
2022-06-11 13:52:12,728 [pool-72-thread-1] INFO  server.RaftServerConfigKeys (ConfUtils.java:logGet(46)) - raft.server.log.use.memory = false (default)
2022-06-11 13:52:12,729 [EventQueue-OpenPipelineForHealthyPipelineSafeModeRule] INFO  safemode.SCMSafeModeManager (HealthyPipelineSafeModeRule.java:process(124)) - SCM in safe mode. Healthy pipelines reported count is 0, required healthy pipeline reported count is 1
2022-06-11 13:52:12,729 [pool-72-thread-1] INFO  server.RaftServerConfigKeys (ConfUtils.java:logGet(46)) - raft.server.log.purge.gap = 1000000 (custom)
2022-06-11 13:52:12,729 [pool-72-thread-1] INFO  server.RaftServerConfigKeys (ConfUtils.java:logGet(46)) - raft.server.log.appender.buffer.byte-limit = 33554432 (custom)
2022-06-11 13:52:12,729 [pool-72-thread-1] INFO  server.RaftServerConfigKeys (ConfUtils.java:logGet(46)) - raft.server.log.statemachine.data.read.timeout = 1000ms (default)
2022-06-11 13:52:12,729 [pool-72-thread-1] INFO  server.RaftServerConfigKeys (ConfUtils.java:logGet(46)) - raft.server.log.segment.size.max = 1048576 (custom)
2022-06-11 13:52:12,730 [pool-72-thread-1] INFO  server.RaftServerConfigKeys (ConfUtils.java:logGet(46)) - raft.server.log.segment.cache.num.max = 2 (custom)
2022-06-11 13:52:12,730 [pool-72-thread-1] INFO  server.RaftServerConfigKeys (ConfUtils.java:logGet(46)) - raft.server.log.segment.cache.size.max = 200MB (=209715200) (default)
2022-06-11 13:52:12,730 [pool-72-thread-1] INFO  segmented.SegmentedRaftLogWorker (SegmentedRaftLogWorker.java:<init>(187)) - new ea3eb705-49c6-47b6-816e-3ad6ae2807f4@group-8CDEE701A878-SegmentedRaftLogWorker for RaftStorageImpl:Storage Directory /home/runner/work/ozone/ozone/hadoop-ozone/integration-test/target/test-dir/MiniOzoneClusterImpl-239f68c3-3068-4753-adf8-1c2cb01b4c57/datanode-0/data/ratis/06b33e13-d481-4efe-ad78-8cdee701a878
2022-06-11 13:52:12,730 [pool-72-thread-1] INFO  server.RaftServerConfigKeys (ConfUtils.java:logGet(46)) - raft.server.log.queue.byte-limit = 4294967296 (custom)
2022-06-11 13:52:12,730 [pool-72-thread-1] INFO  server.RaftServerConfigKeys (ConfUtils.java:logGet(46)) - raft.server.log.queue.element-limit = 1024 (custom)
2022-06-11 13:52:12,730 [pool-72-thread-1] INFO  server.RaftServerConfigKeys (ConfUtils.java:logGet(46)) - raft.server.log.segment.size.max = 1048576 (custom)
2022-06-11 13:52:12,730 [pool-72-thread-1] INFO  server.RaftServerConfigKeys (ConfUtils.java:logGet(46)) - raft.server.log.preallocated.size = 16384 (custom)
2022-06-11 13:52:12,730 [pool-72-thread-1] INFO  server.RaftServerConfigKeys (ConfUtils.java:logGet(46)) - raft.server.log.force.sync.num = 128 (default)
2022-06-11 13:52:12,730 [pool-72-thread-1] INFO  server.RaftServerConfigKeys (ConfUtils.java:logGet(46)) - raft.server.log.statemachine.data.sync = true (default)
2022-06-11 13:52:12,731 [pool-72-thread-1] INFO  server.RaftServerConfigKeys (ConfUtils.java:logGet(46)) - raft.server.log.statemachine.data.sync.timeout = 10s (default)
2022-06-11 13:52:12,731 [pool-72-thread-1] INFO  server.RaftServerConfigKeys (ConfUtils.java:logGet(46)) - raft.server.log.statemachine.data.sync.timeout.retry = -1 (default)
2022-06-11 13:52:12,732 [pool-72-thread-1] INFO  server.RaftServerConfigKeys (ConfUtils.java:logGet(46)) - raft.server.log.write.buffer.size = 1048576 (custom)
2022-06-11 13:52:12,733 [pool-72-thread-1] INFO  server.RaftServerConfigKeys (ConfUtils.java:logGet(46)) - raft.server.log.unsafe-flush.enabled = false (default)
2022-06-11 13:52:12,733 [pool-72-thread-1] INFO  server.RaftServerConfigKeys (ConfUtils.java:logGet(46)) - raft.server.log.statemachine.data.caching.enabled = true (custom)
2022-06-11 13:52:12,733 [pool-72-thread-1] INFO  segmented.SegmentedRaftLogWorker (SegmentedRaftLogWorker.java:lambda$new$0(135)) - ea3eb705-49c6-47b6-816e-3ad6ae2807f4@group-8CDEE701A878-SegmentedRaftLogWorker: flushIndex: setUnconditionally 0 -> -1
2022-06-11 13:52:12,733 [pool-72-thread-1] INFO  segmented.SegmentedRaftLogWorker (SegmentedRaftLogWorker.java:lambda$new$0(135)) - ea3eb705-49c6-47b6-816e-3ad6ae2807f4@group-8CDEE701A878-SegmentedRaftLogWorker: safeCacheEvictIndex: setUnconditionally 0 -> -1
2022-06-11 13:52:12,733 [pool-72-thread-1] INFO  server.RaftServerConfigKeys (ConfUtils.java:logGet(46)) - raft.server.snapshot.auto.trigger.enabled = true (custom)
2022-06-11 13:52:12,733 [pool-72-thread-1] INFO  server.RaftServerConfigKeys (ConfUtils.java:logGet(46)) - raft.server.snapshot.auto.trigger.threshold = 10000 (custom)
2022-06-11 13:52:12,733 [pool-72-thread-1] INFO  server.RaftServerConfigKeys (ConfUtils.java:logGet(46)) - raft.server.snapshot.retention.file.num = 5 (custom)
2022-06-11 13:52:12,733 [pool-72-thread-1] INFO  server.RaftServerConfigKeys (ConfUtils.java:logGet(46)) - raft.server.log.purge.upto.snapshot.index = false (default)
2022-06-11 13:52:12,733 [pool-72-thread-1] INFO  server.RaftServerConfigKeys (ConfUtils.java:logGet(46)) - raft.server.retrycache.expirytime = 600000ms (custom)
2022-06-11 13:52:12,734 [pool-72-thread-1] INFO  server.RaftServerConfigKeys (ConfUtils.java:logGet(46)) - raft.server.retrycache.statistics.expirytime = 100μs (default)
2022-06-11 13:52:12,735 [pool-72-thread-1] INFO  server.RaftServerConfigKeys (ConfUtils.java:logGet(46)) - raft.server.log.appender.install.snapshot.enabled = false (custom)
2022-06-11 13:52:12,735 [pool-72-thread-1] INFO  server.RaftServerConfigKeys (ConfUtils.java:logGet(46)) - raft.server.threadpool.server.cached = true (default)
2022-06-11 13:52:12,735 [pool-72-thread-1] INFO  server.RaftServerConfigKeys (ConfUtils.java:logGet(46)) - raft.server.threadpool.server.size = 0 (default)
2022-06-11 13:52:12,736 [pool-72-thread-1] INFO  server.RaftServerConfigKeys (ConfUtils.java:logGet(46)) - raft.server.threadpool.client.cached = true (default)
2022-06-11 13:52:12,736 [pool-72-thread-1] INFO  server.RaftServerConfigKeys (ConfUtils.java:logGet(46)) - raft.server.threadpool.client.size = 0 (default)
2022-06-11 13:52:12,736 [pool-72-thread-1] INFO  server.RaftServer$Division (RaftServerImpl.java:start(310)) - ea3eb705-49c6-47b6-816e-3ad6ae2807f4@group-8CDEE701A878: start as a follower, conf=-1: [3cd9928a-a775-4af4-b787-40493a0c430a|rpc:10.1.0.23:38303|priority:0, ea3eb705-49c6-47b6-816e-3ad6ae2807f4|rpc:10.1.0.23:42799|priority:0, b72d34ed-ef2d-423d-934c-fedae9a767a6|rpc:10.1.0.23:39643|priority:1], old=null
2022-06-11 13:52:12,736 [pool-72-thread-1] INFO  server.RaftServer$Division (RaftServerImpl.java:setRole(299)) - ea3eb705-49c6-47b6-816e-3ad6ae2807f4@group-8CDEE701A878: changes role from      null to FOLLOWER at term 0 for startAsFollower
2022-06-11 13:52:12,736 [pool-72-thread-1] INFO  impl.RoleInfo (RoleInfo.java:updateAndGet(139)) - ea3eb705-49c6-47b6-816e-3ad6ae2807f4: start ea3eb705-49c6-47b6-816e-3ad6ae2807f4@group-8CDEE701A878-FollowerState
2022-06-11 13:52:12,736 [pool-72-thread-1] INFO  util.JmxRegister (JmxRegister.java:tryRegister(44)) - Successfully registered JMX Bean with object name Ratis:service=RaftServer,group=group-8CDEE701A878,id=ea3eb705-49c6-47b6-816e-3ad6ae2807f4
2022-06-11 13:52:12,740 [Command processor thread] INFO  ratis.XceiverServerRatis (XceiverServerRatis.java:addGroup(765)) - Created group PipelineID=06b33e13-d481-4efe-ad78-8cdee701a878
2022-06-11 13:52:12,763 [ReplicationMonitor] INFO  replication.ReplicationManager (ReplicationManager.java:processAll(228)) - Replication Manager is not ready to run until 3000ms after safemode exit
2022-06-11 13:52:13,106 [Command processor thread] INFO  server.RaftServer (RaftServerProxy.java:addNew(96)) - 3cd9928a-a775-4af4-b787-40493a0c430a: addNew group-76F3D6715CFC:[3cd9928a-a775-4af4-b787-40493a0c430a|rpc:10.1.0.23:38303|priority:1] returns group-76F3D6715CFC:java.util.concurrent.CompletableFuture@6968aeef[Not completed]
2022-06-11 13:52:13,110 [pool-94-thread-1] INFO  server.RaftServer$Division (RaftServerImpl.java:<init>(190)) - 3cd9928a-a775-4af4-b787-40493a0c430a: new RaftServerImpl for group-76F3D6715CFC:[3cd9928a-a775-4af4-b787-40493a0c430a|rpc:10.1.0.23:38303|priority:1] with ContainerStateMachine:uninitialized
2022-06-11 13:52:13,110 [pool-94-thread-1] INFO  server.RaftServerConfigKeys (ConfUtils.java:logGet(46)) - raft.server.rpc.timeout.min = 5s (custom)
2022-06-11 13:52:13,111 [pool-94-thread-1] INFO  server.RaftServerConfigKeys (ConfUtils.java:logGet(46)) - raft.server.rpc.timeout.max = 5200ms (custom)
2022-06-11 13:52:13,111 [pool-94-thread-1] INFO  server.RaftServerConfigKeys (ConfUtils.java:logGet(46)) - raft.server.rpc.sleep.time = 25ms (default)
2022-06-11 13:52:13,111 [pool-94-thread-1] INFO  server.RaftServerConfigKeys (ConfUtils.java:logGet(46)) - raft.server.rpc.slowness.timeout = 300s (custom)
2022-06-11 13:52:13,111 [pool-94-thread-1] INFO  server.RaftServerConfigKeys (ConfUtils.java:logGet(46)) - raft.server.leaderelection.leader.step-down.wait-time = 10s (default)
2022-06-11 13:52:13,111 [pool-94-thread-1] INFO  server.RaftServerConfigKeys (ConfUtils.java:logGet(46)) - raft.server.sleep.deviation.threshold = 300ms (default)
2022-06-11 13:52:13,111 [pool-94-thread-1] INFO  server.RaftServer$Division (ServerState.java:<init>(107)) - 3cd9928a-a775-4af4-b787-40493a0c430a@group-76F3D6715CFC: ConfigurationManager, init=-1: [3cd9928a-a775-4af4-b787-40493a0c430a|rpc:10.1.0.23:38303|priority:1], old=null, confs=<EMPTY_MAP>
2022-06-11 13:52:13,111 [pool-94-thread-1] INFO  server.RaftServerConfigKeys (ConfUtils.java:logGet(46)) - raft.server.storage.dir = [/home/runner/work/ozone/ozone/hadoop-ozone/integration-test/target/test-dir/MiniOzoneClusterImpl-239f68c3-3068-4753-adf8-1c2cb01b4c57/datanode-1/data/ratis] (custom)
2022-06-11 13:52:13,111 [pool-94-thread-1] INFO  server.RaftServerConfigKeys (ConfUtils.java:logGet(46)) - raft.server.log.corruption.policy = EXCEPTION (default)
2022-06-11 13:52:13,111 [pool-94-thread-1] INFO  server.RaftServerConfigKeys (ConfUtils.java:logGet(46)) - raft.server.storage.free-space.min = 0MB (=0) (default)
2022-06-11 13:52:13,111 [pool-94-thread-1] INFO  storage.RaftStorageDirectory (RaftStorageDirectoryImpl.java:analyzeStorage(135)) - The storage directory /home/runner/work/ozone/ozone/hadoop-ozone/integration-test/target/test-dir/MiniOzoneClusterImpl-239f68c3-3068-4753-adf8-1c2cb01b4c57/datanode-1/data/ratis/cf759c5d-8190-47ae-bf4d-76f3d6715cfc does not exist. Creating ...
2022-06-11 13:52:13,113 [pool-94-thread-1] INFO  storage.RaftStorageDirectory (RaftStorageDirectoryImpl.java:tryLock(230)) - Lock on /home/runner/work/ozone/ozone/hadoop-ozone/integration-test/target/test-dir/MiniOzoneClusterImpl-239f68c3-3068-4753-adf8-1c2cb01b4c57/datanode-1/data/ratis/cf759c5d-8190-47ae-bf4d-76f3d6715cfc/in_use.lock acquired by nodename 20323@fv-az395-686
2022-06-11 13:52:13,115 [pool-94-thread-1] INFO  storage.RaftStorage (RaftStorageImpl.java:format(89)) - Storage directory /home/runner/work/ozone/ozone/hadoop-ozone/integration-test/target/test-dir/MiniOzoneClusterImpl-239f68c3-3068-4753-adf8-1c2cb01b4c57/datanode-1/data/ratis/cf759c5d-8190-47ae-bf4d-76f3d6715cfc has been successfully formatted.
2022-06-11 13:52:13,116 [pool-94-thread-1] INFO  ratis.ContainerStateMachine (ContainerStateMachine.java:loadSnapshot(236)) - group-76F3D6715CFC: The snapshot info is null. Setting the last applied indexto:(t:0, i:~)
2022-06-11 13:52:13,124 [pool-94-thread-1] INFO  server.RaftServerConfigKeys (ConfUtils.java:logGet(46)) - raft.server.notification.no-leader.timeout = 300s (custom)
2022-06-11 13:52:13,124 [pool-94-thread-1] INFO  server.RaftServerConfigKeys (ConfUtils.java:logGet(46)) - raft.server.log.use.memory = false (default)
2022-06-11 13:52:13,124 [pool-94-thread-1] INFO  server.RaftServerConfigKeys (ConfUtils.java:logGet(46)) - raft.server.log.purge.gap = 1000000 (custom)
2022-06-11 13:52:13,125 [pool-94-thread-1] INFO  server.RaftServerConfigKeys (ConfUtils.java:logGet(46)) - raft.server.log.appender.buffer.byte-limit = 33554432 (custom)
2022-06-11 13:52:13,125 [pool-94-thread-1] INFO  server.RaftServerConfigKeys (ConfUtils.java:logGet(46)) - raft.server.log.statemachine.data.read.timeout = 1000ms (default)
2022-06-11 13:52:13,125 [EventQueue-PipelineReportForPipelineReportHandler] INFO  pipeline.PipelineManagerImpl (PipelineManagerImpl.java:openPipeline(356)) - Pipeline Pipeline[ Id: cf759c5d-8190-47ae-bf4d-76f3d6715cfc, Nodes: 3cd9928a-a775-4af4-b787-40493a0c430a{ip: 10.1.0.23, host: fv-az395-686.zfmzfyrfkyou3ow0tsr0jxwq1e.bx.internal.cloudapp.net, ports: [REPLICATION=41227, RATIS=38303, RATIS_ADMIN=38303, RATIS_SERVER=38303, STANDALONE=39085], networkLocation: /default-rack, certSerialId: null, persistedOpState: IN_SERVICE, persistedOpStateExpiryEpochSec: 0}, ReplicationConfig: RATIS/ONE, State:ALLOCATED, leaderId:3cd9928a-a775-4af4-b787-40493a0c430a, CreationTimestamp2022-06-11T13:52:10.110Z[Etc/UTC]] moved to OPEN state
2022-06-11 13:52:13,126 [EventQueue-OpenPipelineForHealthyPipelineSafeModeRule] INFO  safemode.SCMSafeModeManager (HealthyPipelineSafeModeRule.java:process(124)) - SCM in safe mode. Healthy pipelines reported count is 0, required healthy pipeline reported count is 1
2022-06-11 13:52:13,127 [pool-94-thread-1] INFO  server.RaftServerConfigKeys (ConfUtils.java:logGet(46)) - raft.server.log.segment.size.max = 1048576 (custom)
2022-06-11 13:52:13,133 [pool-94-thread-1] INFO  server.RaftServerConfigKeys (ConfUtils.java:logGet(46)) - raft.server.log.segment.cache.num.max = 2 (custom)
2022-06-11 13:52:13,133 [pool-94-thread-1] INFO  server.RaftServerConfigKeys (ConfUtils.java:logGet(46)) - raft.server.log.segment.cache.size.max = 200MB (=209715200) (default)
2022-06-11 13:52:13,133 [pool-94-thread-1] INFO  segmented.SegmentedRaftLogWorker (SegmentedRaftLogWorker.java:<init>(187)) - new 3cd9928a-a775-4af4-b787-40493a0c430a@group-76F3D6715CFC-SegmentedRaftLogWorker for RaftStorageImpl:Storage Directory /home/runner/work/ozone/ozone/hadoop-ozone/integration-test/target/test-dir/MiniOzoneClusterImpl-239f68c3-3068-4753-adf8-1c2cb01b4c57/datanode-1/data/ratis/cf759c5d-8190-47ae-bf4d-76f3d6715cfc
2022-06-11 13:52:13,133 [pool-94-thread-1] INFO  server.RaftServerConfigKeys (ConfUtils.java:logGet(46)) - raft.server.log.queue.byte-limit = 4294967296 (custom)
2022-06-11 13:52:13,133 [pool-94-thread-1] INFO  server.RaftServerConfigKeys (ConfUtils.java:logGet(46)) - raft.server.log.queue.element-limit = 1024 (custom)
2022-06-11 13:52:13,133 [pool-94-thread-1] INFO  server.RaftServerConfigKeys (ConfUtils.java:logGet(46)) - raft.server.log.segment.size.max = 1048576 (custom)
2022-06-11 13:52:13,133 [pool-94-thread-1] INFO  server.RaftServerConfigKeys (ConfUtils.java:logGet(46)) - raft.server.log.preallocated.size = 16384 (custom)
2022-06-11 13:52:13,133 [pool-94-thread-1] INFO  server.RaftServerConfigKeys (ConfUtils.java:logGet(46)) - raft.server.log.force.sync.num = 128 (default)
2022-06-11 13:52:13,133 [pool-94-thread-1] INFO  server.RaftServerConfigKeys (ConfUtils.java:logGet(46)) - raft.server.log.statemachine.data.sync = true (default)
2022-06-11 13:52:13,133 [pool-94-thread-1] INFO  server.RaftServerConfigKeys (ConfUtils.java:logGet(46)) - raft.server.log.statemachine.data.sync.timeout = 10s (default)
2022-06-11 13:52:13,133 [pool-94-thread-1] INFO  server.RaftServerConfigKeys (ConfUtils.java:logGet(46)) - raft.server.log.statemachine.data.sync.timeout.retry = -1 (default)
2022-06-11 13:52:13,134 [pool-94-thread-1] INFO  server.RaftServerConfigKeys (ConfUtils.java:logGet(46)) - raft.server.log.write.buffer.size = 1048576 (custom)
2022-06-11 13:52:13,135 [pool-94-thread-1] INFO  server.RaftServerConfigKeys (ConfUtils.java:logGet(46)) - raft.server.log.unsafe-flush.enabled = false (default)
2022-06-11 13:52:13,135 [pool-94-thread-1] INFO  server.RaftServerConfigKeys (ConfUtils.java:logGet(46)) - raft.server.log.statemachine.data.caching.enabled = true (custom)
2022-06-11 13:52:13,136 [pool-94-thread-1] INFO  segmented.SegmentedRaftLogWorker (SegmentedRaftLogWorker.java:lambda$new$0(135)) - 3cd9928a-a775-4af4-b787-40493a0c430a@group-76F3D6715CFC-SegmentedRaftLogWorker: flushIndex: setUnconditionally 0 -> -1
2022-06-11 13:52:13,136 [pool-94-thread-1] INFO  segmented.SegmentedRaftLogWorker (SegmentedRaftLogWorker.java:lambda$new$0(135)) - 3cd9928a-a775-4af4-b787-40493a0c430a@group-76F3D6715CFC-SegmentedRaftLogWorker: safeCacheEvictIndex: setUnconditionally 0 -> -1
2022-06-11 13:52:13,140 [pool-94-thread-1] INFO  server.RaftServerConfigKeys (ConfUtils.java:logGet(46)) - raft.server.snapshot.auto.trigger.enabled = true (custom)
2022-06-11 13:52:13,140 [pool-94-thread-1] INFO  server.RaftServerConfigKeys (ConfUtils.java:logGet(46)) - raft.server.snapshot.auto.trigger.threshold = 10000 (custom)
2022-06-11 13:52:13,140 [pool-94-thread-1] INFO  server.RaftServerConfigKeys (ConfUtils.java:logGet(46)) - raft.server.snapshot.retention.file.num = 5 (custom)
2022-06-11 13:52:13,140 [pool-94-thread-1] INFO  server.RaftServerConfigKeys (ConfUtils.java:logGet(46)) - raft.server.log.purge.upto.snapshot.index = false (default)
2022-06-11 13:52:13,141 [pool-94-thread-1] INFO  server.RaftServerConfigKeys (ConfUtils.java:logGet(46)) - raft.server.retrycache.expirytime = 600000ms (custom)
2022-06-11 13:52:13,141 [pool-94-thread-1] INFO  server.RaftServerConfigKeys (ConfUtils.java:logGet(46)) - raft.server.retrycache.statistics.expirytime = 100μs (default)
2022-06-11 13:52:13,142 [pool-94-thread-1] INFO  server.RaftServerConfigKeys (ConfUtils.java:logGet(46)) - raft.server.log.appender.install.snapshot.enabled = false (custom)
2022-06-11 13:52:13,142 [pool-94-thread-1] INFO  server.RaftServerConfigKeys (ConfUtils.java:logGet(46)) - raft.server.threadpool.server.cached = true (default)
2022-06-11 13:52:13,142 [pool-94-thread-1] INFO  server.RaftServerConfigKeys (ConfUtils.java:logGet(46)) - raft.server.threadpool.server.size = 0 (default)
2022-06-11 13:52:13,143 [pool-94-thread-1] INFO  server.RaftServerConfigKeys (ConfUtils.java:logGet(46)) - raft.server.threadpool.client.cached = true (default)
2022-06-11 13:52:13,143 [pool-94-thread-1] INFO  server.RaftServerConfigKeys (ConfUtils.java:logGet(46)) - raft.server.threadpool.client.size = 0 (default)
2022-06-11 13:52:13,143 [pool-94-thread-1] INFO  server.RaftServer$Division (RaftServerImpl.java:start(310)) - 3cd9928a-a775-4af4-b787-40493a0c430a@group-76F3D6715CFC: start as a follower, conf=-1: [3cd9928a-a775-4af4-b787-40493a0c430a|rpc:10.1.0.23:38303|priority:1], old=null
2022-06-11 13:52:13,143 [pool-94-thread-1] INFO  server.RaftServer$Division (RaftServerImpl.java:setRole(299)) - 3cd9928a-a775-4af4-b787-40493a0c430a@group-76F3D6715CFC: changes role from      null to FOLLOWER at term 0 for startAsFollower
2022-06-11 13:52:13,143 [pool-94-thread-1] INFO  impl.RoleInfo (RoleInfo.java:updateAndGet(139)) - 3cd9928a-a775-4af4-b787-40493a0c430a: start 3cd9928a-a775-4af4-b787-40493a0c430a@group-76F3D6715CFC-FollowerState
2022-06-11 13:52:13,149 [pool-94-thread-1] INFO  util.JmxRegister (JmxRegister.java:tryRegister(44)) - Successfully registered JMX Bean with object name Ratis:service=RaftServer,group=group-76F3D6715CFC,id=3cd9928a-a775-4af4-b787-40493a0c430a
2022-06-11 13:52:13,154 [Command processor thread] INFO  ratis.XceiverServerRatis (XceiverServerRatis.java:addGroup(765)) - Created group PipelineID=cf759c5d-8190-47ae-bf4d-76f3d6715cfc
2022-06-11 13:52:13,154 [Command processor thread] INFO  commandhandler.CreatePipelineCommandHandler (CreatePipelineCommandHandler.java:handle(113)) - Created Pipeline RATIS ONE PipelineID=cf759c5d-8190-47ae-bf4d-76f3d6715cfc.
2022-06-11 13:52:13,157 [Command processor thread] INFO  server.RaftServer (RaftServerProxy.java:addNew(96)) - 3cd9928a-a775-4af4-b787-40493a0c430a: addNew group-8CDEE701A878:[3cd9928a-a775-4af4-b787-40493a0c430a|rpc:10.1.0.23:38303|priority:0, ea3eb705-49c6-47b6-816e-3ad6ae2807f4|rpc:10.1.0.23:42799|priority:0, b72d34ed-ef2d-423d-934c-fedae9a767a6|rpc:10.1.0.23:39643|priority:1] returns group-8CDEE701A878:java.util.concurrent.CompletableFuture@6d57271a[Not completed]
2022-06-11 13:52:13,158 [pool-94-thread-1] INFO  server.RaftServer$Division (RaftServerImpl.java:<init>(190)) - 3cd9928a-a775-4af4-b787-40493a0c430a: new RaftServerImpl for group-8CDEE701A878:[3cd9928a-a775-4af4-b787-40493a0c430a|rpc:10.1.0.23:38303|priority:0, ea3eb705-49c6-47b6-816e-3ad6ae2807f4|rpc:10.1.0.23:42799|priority:0, b72d34ed-ef2d-423d-934c-fedae9a767a6|rpc:10.1.0.23:39643|priority:1] with ContainerStateMachine:uninitialized
2022-06-11 13:52:13,158 [pool-94-thread-1] INFO  server.RaftServerConfigKeys (ConfUtils.java:logGet(46)) - raft.server.rpc.timeout.min = 5s (custom)
2022-06-11 13:52:13,158 [pool-94-thread-1] INFO  server.RaftServerConfigKeys (ConfUtils.java:logGet(46)) - raft.server.rpc.timeout.max = 5200ms (custom)
2022-06-11 13:52:13,158 [pool-94-thread-1] INFO  server.RaftServerConfigKeys (ConfUtils.java:logGet(46)) - raft.server.rpc.sleep.time = 25ms (default)
2022-06-11 13:52:13,158 [pool-94-thread-1] INFO  server.RaftServerConfigKeys (ConfUtils.java:logGet(46)) - raft.server.rpc.slowness.timeout = 300s (custom)
2022-06-11 13:52:13,158 [pool-94-thread-1] INFO  server.RaftServerConfigKeys (ConfUtils.java:logGet(46)) - raft.server.leaderelection.leader.step-down.wait-time = 10s (default)
2022-06-11 13:52:13,159 [pool-94-thread-1] INFO  server.RaftServerConfigKeys (ConfUtils.java:logGet(46)) - raft.server.sleep.deviation.threshold = 300ms (default)
2022-06-11 13:52:13,159 [pool-94-thread-1] INFO  server.RaftServer$Division (ServerState.java:<init>(107)) - 3cd9928a-a775-4af4-b787-40493a0c430a@group-8CDEE701A878: ConfigurationManager, init=-1: [3cd9928a-a775-4af4-b787-40493a0c430a|rpc:10.1.0.23:38303|priority:0, ea3eb705-49c6-47b6-816e-3ad6ae2807f4|rpc:10.1.0.23:42799|priority:0, b72d34ed-ef2d-423d-934c-fedae9a767a6|rpc:10.1.0.23:39643|priority:1], old=null, confs=<EMPTY_MAP>
2022-06-11 13:52:13,159 [pool-94-thread-1] INFO  server.RaftServerConfigKeys (ConfUtils.java:logGet(46)) - raft.server.storage.dir = [/home/runner/work/ozone/ozone/hadoop-ozone/integration-test/target/test-dir/MiniOzoneClusterImpl-239f68c3-3068-4753-adf8-1c2cb01b4c57/datanode-1/data/ratis] (custom)
2022-06-11 13:52:13,159 [pool-94-thread-1] INFO  server.RaftServerConfigKeys (ConfUtils.java:logGet(46)) - raft.server.log.corruption.policy = EXCEPTION (default)
2022-06-11 13:52:13,159 [pool-94-thread-1] INFO  server.RaftServerConfigKeys (ConfUtils.java:logGet(46)) - raft.server.storage.free-space.min = 0MB (=0) (default)
2022-06-11 13:52:13,159 [pool-94-thread-1] INFO  storage.RaftStorageDirectory (RaftStorageDirectoryImpl.java:analyzeStorage(135)) - The storage directory /home/runner/work/ozone/ozone/hadoop-ozone/integration-test/target/test-dir/MiniOzoneClusterImpl-239f68c3-3068-4753-adf8-1c2cb01b4c57/datanode-1/data/ratis/06b33e13-d481-4efe-ad78-8cdee701a878 does not exist. Creating ...
2022-06-11 13:52:13,165 [pool-94-thread-1] INFO  storage.RaftStorageDirectory (RaftStorageDirectoryImpl.java:tryLock(230)) - Lock on /home/runner/work/ozone/ozone/hadoop-ozone/integration-test/target/test-dir/MiniOzoneClusterImpl-239f68c3-3068-4753-adf8-1c2cb01b4c57/datanode-1/data/ratis/06b33e13-d481-4efe-ad78-8cdee701a878/in_use.lock acquired by nodename 20323@fv-az395-686
2022-06-11 13:52:13,172 [pool-94-thread-1] INFO  storage.RaftStorage (RaftStorageImpl.java:format(89)) - Storage directory /home/runner/work/ozone/ozone/hadoop-ozone/integration-test/target/test-dir/MiniOzoneClusterImpl-239f68c3-3068-4753-adf8-1c2cb01b4c57/datanode-1/data/ratis/06b33e13-d481-4efe-ad78-8cdee701a878 has been successfully formatted.
2022-06-11 13:52:13,172 [pool-94-thread-1] INFO  ratis.ContainerStateMachine (ContainerStateMachine.java:loadSnapshot(236)) - group-8CDEE701A878: The snapshot info is null. Setting the last applied indexto:(t:0, i:~)
2022-06-11 13:52:13,173 [pool-94-thread-1] INFO  server.RaftServerConfigKeys (ConfUtils.java:logGet(46)) - raft.server.notification.no-leader.timeout = 300s (custom)
2022-06-11 13:52:13,180 [EventQueue-OpenPipelineForHealthyPipelineSafeModeRule] INFO  safemode.SCMSafeModeManager (HealthyPipelineSafeModeRule.java:process(124)) - SCM in safe mode. Healthy pipelines reported count is 0, required healthy pipeline reported count is 1
2022-06-11 13:52:13,182 [Listener at 127.0.0.1/40219] INFO  ozone.MiniOzoneClusterImpl (MiniOzoneClusterImpl.java:lambda$waitForClusterToBeReady$0(221)) - Nodes are ready. Got 5 of 5 DN Heartbeats.
2022-06-11 13:52:13,182 [Listener at 127.0.0.1/40219] INFO  ozone.MiniOzoneClusterImpl (MiniOzoneClusterImpl.java:lambda$waitForClusterToBeReady$0(224)) - Waiting for cluster to exit safe mode
2022-06-11 13:52:13,183 [Listener at 127.0.0.1/40219] INFO  ozone.MiniOzoneClusterImpl (MiniOzoneClusterImpl.java:lambda$waitForClusterToBeReady$0(226)) - SCM became leader
2022-06-11 13:52:13,183 [pool-94-thread-1] INFO  server.RaftServerConfigKeys (ConfUtils.java:logGet(46)) - raft.server.log.use.memory = false (default)
2022-06-11 13:52:13,183 [pool-94-thread-1] INFO  server.RaftServerConfigKeys (ConfUtils.java:logGet(46)) - raft.server.log.purge.gap = 1000000 (custom)
2022-06-11 13:52:13,183 [pool-94-thread-1] INFO  server.RaftServerConfigKeys (ConfUtils.java:logGet(46)) - raft.server.log.appender.buffer.byte-limit = 33554432 (custom)
2022-06-11 13:52:13,183 [pool-94-thread-1] INFO  server.RaftServerConfigKeys (ConfUtils.java:logGet(46)) - raft.server.log.statemachine.data.read.timeout = 1000ms (default)
2022-06-11 13:52:13,183 [pool-94-thread-1] INFO  server.RaftServerConfigKeys (ConfUtils.java:logGet(46)) - raft.server.log.segment.size.max = 1048576 (custom)
2022-06-11 13:52:13,189 [pool-94-thread-1] INFO  server.RaftServerConfigKeys (ConfUtils.java:logGet(46)) - raft.server.log.segment.cache.num.max = 2 (custom)
2022-06-11 13:52:13,189 [pool-94-thread-1] INFO  server.RaftServerConfigKeys (ConfUtils.java:logGet(46)) - raft.server.log.segment.cache.size.max = 200MB (=209715200) (default)
2022-06-11 13:52:13,191 [pool-94-thread-1] INFO  segmented.SegmentedRaftLogWorker (SegmentedRaftLogWorker.java:<init>(187)) - new 3cd9928a-a775-4af4-b787-40493a0c430a@group-8CDEE701A878-SegmentedRaftLogWorker for RaftStorageImpl:Storage Directory /home/runner/work/ozone/ozone/hadoop-ozone/integration-test/target/test-dir/MiniOzoneClusterImpl-239f68c3-3068-4753-adf8-1c2cb01b4c57/datanode-1/data/ratis/06b33e13-d481-4efe-ad78-8cdee701a878
2022-06-11 13:52:13,191 [pool-94-thread-1] INFO  server.RaftServerConfigKeys (ConfUtils.java:logGet(46)) - raft.server.log.queue.byte-limit = 4294967296 (custom)
2022-06-11 13:52:13,191 [pool-94-thread-1] INFO  server.RaftServerConfigKeys (ConfUtils.java:logGet(46)) - raft.server.log.queue.element-limit = 1024 (custom)
2022-06-11 13:52:13,191 [pool-94-thread-1] INFO  server.RaftServerConfigKeys (ConfUtils.java:logGet(46)) - raft.server.log.segment.size.max = 1048576 (custom)
2022-06-11 13:52:13,191 [pool-94-thread-1] INFO  server.RaftServerConfigKeys (ConfUtils.java:logGet(46)) - raft.server.log.preallocated.size = 16384 (custom)
2022-06-11 13:52:13,191 [pool-94-thread-1] INFO  server.RaftServerConfigKeys (ConfUtils.java:logGet(46)) - raft.server.log.force.sync.num = 128 (default)
2022-06-11 13:52:13,191 [pool-94-thread-1] INFO  server.RaftServerConfigKeys (ConfUtils.java:logGet(46)) - raft.server.log.statemachine.data.sync = true (default)
2022-06-11 13:52:13,191 [pool-94-thread-1] INFO  server.RaftServerConfigKeys (ConfUtils.java:logGet(46)) - raft.server.log.statemachine.data.sync.timeout = 10s (default)
2022-06-11 13:52:13,191 [pool-94-thread-1] INFO  server.RaftServerConfigKeys (ConfUtils.java:logGet(46)) - raft.server.log.statemachine.data.sync.timeout.retry = -1 (default)
2022-06-11 13:52:13,192 [pool-94-thread-1] INFO  server.RaftServerConfigKeys (ConfUtils.java:logGet(46)) - raft.server.log.write.buffer.size = 1048576 (custom)
2022-06-11 13:52:13,194 [pool-94-thread-1] INFO  server.RaftServerConfigKeys (ConfUtils.java:logGet(46)) - raft.server.log.unsafe-flush.enabled = false (default)
2022-06-11 13:52:13,194 [pool-94-thread-1] INFO  server.RaftServerConfigKeys (ConfUtils.java:logGet(46)) - raft.server.log.statemachine.data.caching.enabled = true (custom)
2022-06-11 13:52:13,194 [pool-94-thread-1] INFO  segmented.SegmentedRaftLogWorker (SegmentedRaftLogWorker.java:lambda$new$0(135)) - 3cd9928a-a775-4af4-b787-40493a0c430a@group-8CDEE701A878-SegmentedRaftLogWorker: flushIndex: setUnconditionally 0 -> -1
2022-06-11 13:52:13,194 [pool-94-thread-1] INFO  segmented.SegmentedRaftLogWorker (SegmentedRaftLogWorker.java:lambda$new$0(135)) - 3cd9928a-a775-4af4-b787-40493a0c430a@group-8CDEE701A878-SegmentedRaftLogWorker: safeCacheEvictIndex: setUnconditionally 0 -> -1
2022-06-11 13:52:13,214 [pool-94-thread-1] INFO  server.RaftServerConfigKeys (ConfUtils.java:logGet(46)) - raft.server.snapshot.auto.trigger.enabled = true (custom)
2022-06-11 13:52:13,214 [pool-94-thread-1] INFO  server.RaftServerConfigKeys (ConfUtils.java:logGet(46)) - raft.server.snapshot.auto.trigger.threshold = 10000 (custom)
2022-06-11 13:52:13,214 [pool-94-thread-1] INFO  server.RaftServerConfigKeys (ConfUtils.java:logGet(46)) - raft.server.snapshot.retention.file.num = 5 (custom)
2022-06-11 13:52:13,214 [pool-94-thread-1] INFO  server.RaftServerConfigKeys (ConfUtils.java:logGet(46)) - raft.server.log.purge.upto.snapshot.index = false (default)
2022-06-11 13:52:13,214 [pool-94-thread-1] INFO  server.RaftServerConfigKeys (ConfUtils.java:logGet(46)) - raft.server.retrycache.expirytime = 600000ms (custom)
2022-06-11 13:52:13,214 [pool-94-thread-1] INFO  server.RaftServerConfigKeys (ConfUtils.java:logGet(46)) - raft.server.retrycache.statistics.expirytime = 100μs (default)
2022-06-11 13:52:13,216 [pool-94-thread-1] INFO  server.RaftServerConfigKeys (ConfUtils.java:logGet(46)) - raft.server.log.appender.install.snapshot.enabled = false (custom)
2022-06-11 13:52:13,216 [pool-94-thread-1] INFO  server.RaftServerConfigKeys (ConfUtils.java:logGet(46)) - raft.server.threadpool.server.cached = true (default)
2022-06-11 13:52:13,216 [pool-94-thread-1] INFO  server.RaftServerConfigKeys (ConfUtils.java:logGet(46)) - raft.server.threadpool.server.size = 0 (default)
2022-06-11 13:52:13,216 [pool-94-thread-1] INFO  server.RaftServerConfigKeys (ConfUtils.java:logGet(46)) - raft.server.threadpool.client.cached = true (default)
2022-06-11 13:52:13,216 [pool-94-thread-1] INFO  server.RaftServerConfigKeys (ConfUtils.java:logGet(46)) - raft.server.threadpool.client.size = 0 (default)
2022-06-11 13:52:13,216 [pool-94-thread-1] INFO  server.RaftServer$Division (RaftServerImpl.java:start(310)) - 3cd9928a-a775-4af4-b787-40493a0c430a@group-8CDEE701A878: start as a follower, conf=-1: [3cd9928a-a775-4af4-b787-40493a0c430a|rpc:10.1.0.23:38303|priority:0, ea3eb705-49c6-47b6-816e-3ad6ae2807f4|rpc:10.1.0.23:42799|priority:0, b72d34ed-ef2d-423d-934c-fedae9a767a6|rpc:10.1.0.23:39643|priority:1], old=null
2022-06-11 13:52:13,216 [pool-94-thread-1] INFO  server.RaftServer$Division (RaftServerImpl.java:setRole(299)) - 3cd9928a-a775-4af4-b787-40493a0c430a@group-8CDEE701A878: changes role from      null to FOLLOWER at term 0 for startAsFollower
2022-06-11 13:52:13,217 [pool-94-thread-1] INFO  impl.RoleInfo (RoleInfo.java:updateAndGet(139)) - 3cd9928a-a775-4af4-b787-40493a0c430a: start 3cd9928a-a775-4af4-b787-40493a0c430a@group-8CDEE701A878-FollowerState
2022-06-11 13:52:13,228 [pool-94-thread-1] INFO  util.JmxRegister (JmxRegister.java:tryRegister(44)) - Successfully registered JMX Bean with object name Ratis:service=RaftServer,group=group-8CDEE701A878,id=3cd9928a-a775-4af4-b787-40493a0c430a
2022-06-11 13:52:13,236 [Command processor thread] INFO  ratis.XceiverServerRatis (XceiverServerRatis.java:addGroup(765)) - Created group PipelineID=06b33e13-d481-4efe-ad78-8cdee701a878
2022-06-11 13:52:13,490 [grpc-default-executor-0] INFO  server.RaftServer (RaftServerProxy.java:addNew(96)) - b72d34ed-ef2d-423d-934c-fedae9a767a6: addNew group-8CDEE701A878:[3cd9928a-a775-4af4-b787-40493a0c430a|rpc:10.1.0.23:38303|dataStream:|priority:0, ea3eb705-49c6-47b6-816e-3ad6ae2807f4|rpc:10.1.0.23:42799|dataStream:|priority:0, b72d34ed-ef2d-423d-934c-fedae9a767a6|rpc:10.1.0.23:39643|dataStream:|priority:1] returns group-8CDEE701A878:java.util.concurrent.CompletableFuture@6709d279[Not completed]
2022-06-11 13:52:13,492 [pool-116-thread-1] INFO  server.RaftServer$Division (RaftServerImpl.java:<init>(190)) - b72d34ed-ef2d-423d-934c-fedae9a767a6: new RaftServerImpl for group-8CDEE701A878:[3cd9928a-a775-4af4-b787-40493a0c430a|rpc:10.1.0.23:38303|dataStream:|priority:0, ea3eb705-49c6-47b6-816e-3ad6ae2807f4|rpc:10.1.0.23:42799|dataStream:|priority:0, b72d34ed-ef2d-423d-934c-fedae9a767a6|rpc:10.1.0.23:39643|dataStream:|priority:1] with ContainerStateMachine:uninitialized
2022-06-11 13:52:13,492 [pool-116-thread-1] INFO  server.RaftServerConfigKeys (ConfUtils.java:logGet(46)) - raft.server.rpc.timeout.min = 5s (custom)
2022-06-11 13:52:13,493 [pool-116-thread-1] INFO  server.RaftServerConfigKeys (ConfUtils.java:logGet(46)) - raft.server.rpc.timeout.max = 5200ms (custom)
2022-06-11 13:52:13,493 [pool-116-thread-1] INFO  server.RaftServerConfigKeys (ConfUtils.java:logGet(46)) - raft.server.rpc.sleep.time = 25ms (default)
2022-06-11 13:52:13,493 [pool-116-thread-1] INFO  server.RaftServerConfigKeys (ConfUtils.java:logGet(46)) - raft.server.rpc.slowness.timeout = 300s (custom)
2022-06-11 13:52:13,493 [pool-116-thread-1] INFO  server.RaftServerConfigKeys (ConfUtils.java:logGet(46)) - raft.server.leaderelection.leader.step-down.wait-time = 10s (default)
2022-06-11 13:52:13,493 [pool-116-thread-1] INFO  server.RaftServerConfigKeys (ConfUtils.java:logGet(46)) - raft.server.sleep.deviation.threshold = 300ms (default)
2022-06-11 13:52:13,493 [pool-116-thread-1] INFO  server.RaftServer$Division (ServerState.java:<init>(107)) - b72d34ed-ef2d-423d-934c-fedae9a767a6@group-8CDEE701A878: ConfigurationManager, init=-1: [3cd9928a-a775-4af4-b787-40493a0c430a|rpc:10.1.0.23:38303|dataStream:|priority:0, ea3eb705-49c6-47b6-816e-3ad6ae2807f4|rpc:10.1.0.23:42799|dataStream:|priority:0, b72d34ed-ef2d-423d-934c-fedae9a767a6|rpc:10.1.0.23:39643|dataStream:|priority:1], old=null, confs=<EMPTY_MAP>
2022-06-11 13:52:13,493 [pool-116-thread-1] INFO  server.RaftServerConfigKeys (ConfUtils.java:logGet(46)) - raft.server.storage.dir = [/home/runner/work/ozone/ozone/hadoop-ozone/integration-test/target/test-dir/MiniOzoneClusterImpl-239f68c3-3068-4753-adf8-1c2cb01b4c57/datanode-2/data/ratis] (custom)
2022-06-11 13:52:13,493 [pool-116-thread-1] INFO  server.RaftServerConfigKeys (ConfUtils.java:logGet(46)) - raft.server.log.corruption.policy = EXCEPTION (default)
2022-06-11 13:52:13,493 [pool-116-thread-1] INFO  server.RaftServerConfigKeys (ConfUtils.java:logGet(46)) - raft.server.storage.free-space.min = 0MB (=0) (default)
2022-06-11 13:52:13,493 [pool-116-thread-1] INFO  storage.RaftStorageDirectory (RaftStorageDirectoryImpl.java:analyzeStorage(135)) - The storage directory /home/runner/work/ozone/ozone/hadoop-ozone/integration-test/target/test-dir/MiniOzoneClusterImpl-239f68c3-3068-4753-adf8-1c2cb01b4c57/datanode-2/data/ratis/06b33e13-d481-4efe-ad78-8cdee701a878 does not exist. Creating ...
2022-06-11 13:52:13,501 [pool-116-thread-1] INFO  storage.RaftStorageDirectory (RaftStorageDirectoryImpl.java:tryLock(230)) - Lock on /home/runner/work/ozone/ozone/hadoop-ozone/integration-test/target/test-dir/MiniOzoneClusterImpl-239f68c3-3068-4753-adf8-1c2cb01b4c57/datanode-2/data/ratis/06b33e13-d481-4efe-ad78-8cdee701a878/in_use.lock acquired by nodename 20323@fv-az395-686
2022-06-11 13:52:13,501 [Command processor thread] INFO  commandhandler.CreatePipelineCommandHandler (CreatePipelineCommandHandler.java:handle(113)) - Created Pipeline RATIS THREE PipelineID=06b33e13-d481-4efe-ad78-8cdee701a878.
2022-06-11 13:52:13,503 [pool-116-thread-1] INFO  storage.RaftStorage (RaftStorageImpl.java:format(89)) - Storage directory /home/runner/work/ozone/ozone/hadoop-ozone/integration-test/target/test-dir/MiniOzoneClusterImpl-239f68c3-3068-4753-adf8-1c2cb01b4c57/datanode-2/data/ratis/06b33e13-d481-4efe-ad78-8cdee701a878 has been successfully formatted.
2022-06-11 13:52:13,504 [pool-116-thread-1] INFO  ratis.ContainerStateMachine (ContainerStateMachine.java:loadSnapshot(236)) - group-8CDEE701A878: The snapshot info is null. Setting the last applied indexto:(t:0, i:~)
2022-06-11 13:52:13,504 [pool-116-thread-1] INFO  server.RaftServerConfigKeys (ConfUtils.java:logGet(46)) - raft.server.notification.no-leader.timeout = 300s (custom)
2022-06-11 13:52:13,504 [pool-116-thread-1] INFO  server.RaftServerConfigKeys (ConfUtils.java:logGet(46)) - raft.server.log.use.memory = false (default)
2022-06-11 13:52:13,504 [pool-116-thread-1] INFO  server.RaftServerConfigKeys (ConfUtils.java:logGet(46)) - raft.server.log.purge.gap = 1000000 (custom)
2022-06-11 13:52:13,504 [pool-116-thread-1] INFO  server.RaftServerConfigKeys (ConfUtils.java:logGet(46)) - raft.server.log.appender.buffer.byte-limit = 33554432 (custom)
2022-06-11 13:52:13,504 [pool-116-thread-1] INFO  server.RaftServerConfigKeys (ConfUtils.java:logGet(46)) - raft.server.log.statemachine.data.read.timeout = 1000ms (default)
2022-06-11 13:52:13,505 [pool-116-thread-1] INFO  server.RaftServerConfigKeys (ConfUtils.java:logGet(46)) - raft.server.log.segment.size.max = 1048576 (custom)
2022-06-11 13:52:13,507 [pool-116-thread-1] INFO  server.RaftServerConfigKeys (ConfUtils.java:logGet(46)) - raft.server.log.segment.cache.num.max = 2 (custom)
2022-06-11 13:52:13,507 [pool-116-thread-1] INFO  server.RaftServerConfigKeys (ConfUtils.java:logGet(46)) - raft.server.log.segment.cache.size.max = 200MB (=209715200) (default)
2022-06-11 13:52:13,507 [pool-116-thread-1] INFO  segmented.SegmentedRaftLogWorker (SegmentedRaftLogWorker.java:<init>(187)) - new b72d34ed-ef2d-423d-934c-fedae9a767a6@group-8CDEE701A878-SegmentedRaftLogWorker for RaftStorageImpl:Storage Directory /home/runner/work/ozone/ozone/hadoop-ozone/integration-test/target/test-dir/MiniOzoneClusterImpl-239f68c3-3068-4753-adf8-1c2cb01b4c57/datanode-2/data/ratis/06b33e13-d481-4efe-ad78-8cdee701a878
2022-06-11 13:52:13,507 [pool-116-thread-1] INFO  server.RaftServerConfigKeys (ConfUtils.java:logGet(46)) - raft.server.log.queue.byte-limit = 4294967296 (custom)
2022-06-11 13:52:13,507 [pool-116-thread-1] INFO  server.RaftServerConfigKeys (ConfUtils.java:logGet(46)) - raft.server.log.queue.element-limit = 1024 (custom)
2022-06-11 13:52:13,507 [pool-116-thread-1] INFO  server.RaftServerConfigKeys (ConfUtils.java:logGet(46)) - raft.server.log.segment.size.max = 1048576 (custom)
2022-06-11 13:52:13,507 [pool-116-thread-1] INFO  server.RaftServerConfigKeys (ConfUtils.java:logGet(46)) - raft.server.log.preallocated.size = 16384 (custom)
2022-06-11 13:52:13,507 [pool-116-thread-1] INFO  server.RaftServerConfigKeys (ConfUtils.java:logGet(46)) - raft.server.log.force.sync.num = 128 (default)
2022-06-11 13:52:13,507 [pool-116-thread-1] INFO  server.RaftServerConfigKeys (ConfUtils.java:logGet(46)) - raft.server.log.statemachine.data.sync = true (default)
2022-06-11 13:52:13,507 [pool-116-thread-1] INFO  server.RaftServerConfigKeys (ConfUtils.java:logGet(46)) - raft.server.log.statemachine.data.sync.timeout = 10s (default)
2022-06-11 13:52:13,507 [pool-116-thread-1] INFO  server.RaftServerConfigKeys (ConfUtils.java:logGet(46)) - raft.server.log.statemachine.data.sync.timeout.retry = -1 (default)
2022-06-11 13:52:13,508 [pool-116-thread-1] INFO  server.RaftServerConfigKeys (ConfUtils.java:logGet(46)) - raft.server.log.write.buffer.size = 1048576 (custom)
2022-06-11 13:52:13,509 [pool-116-thread-1] INFO  server.RaftServerConfigKeys (ConfUtils.java:logGet(46)) - raft.server.log.unsafe-flush.enabled = false (default)
2022-06-11 13:52:13,509 [pool-116-thread-1] INFO  server.RaftServerConfigKeys (ConfUtils.java:logGet(46)) - raft.server.log.statemachine.data.caching.enabled = true (custom)
2022-06-11 13:52:13,509 [pool-116-thread-1] INFO  segmented.SegmentedRaftLogWorker (SegmentedRaftLogWorker.java:lambda$new$0(135)) - b72d34ed-ef2d-423d-934c-fedae9a767a6@group-8CDEE701A878-SegmentedRaftLogWorker: flushIndex: setUnconditionally 0 -> -1
2022-06-11 13:52:13,509 [pool-116-thread-1] INFO  segmented.SegmentedRaftLogWorker (SegmentedRaftLogWorker.java:lambda$new$0(135)) - b72d34ed-ef2d-423d-934c-fedae9a767a6@group-8CDEE701A878-SegmentedRaftLogWorker: safeCacheEvictIndex: setUnconditionally 0 -> -1
2022-06-11 13:52:13,509 [pool-116-thread-1] INFO  server.RaftServerConfigKeys (ConfUtils.java:logGet(46)) - raft.server.snapshot.auto.trigger.enabled = true (custom)
2022-06-11 13:52:13,509 [pool-116-thread-1] INFO  server.RaftServerConfigKeys (ConfUtils.java:logGet(46)) - raft.server.snapshot.auto.trigger.threshold = 10000 (custom)
2022-06-11 13:52:13,509 [pool-116-thread-1] INFO  server.RaftServerConfigKeys (ConfUtils.java:logGet(46)) - raft.server.snapshot.retention.file.num = 5 (custom)
2022-06-11 13:52:13,509 [pool-116-thread-1] INFO  server.RaftServerConfigKeys (ConfUtils.java:logGet(46)) - raft.server.log.purge.upto.snapshot.index = false (default)
2022-06-11 13:52:13,509 [pool-116-thread-1] INFO  server.RaftServerConfigKeys (ConfUtils.java:logGet(46)) - raft.server.retrycache.expirytime = 600000ms (custom)
2022-06-11 13:52:13,509 [pool-116-thread-1] INFO  server.RaftServerConfigKeys (ConfUtils.java:logGet(46)) - raft.server.retrycache.statistics.expirytime = 100μs (default)
2022-06-11 13:52:13,511 [pool-116-thread-1] INFO  server.RaftServerConfigKeys (ConfUtils.java:logGet(46)) - raft.server.log.appender.install.snapshot.enabled = false (custom)
2022-06-11 13:52:13,511 [pool-116-thread-1] INFO  server.RaftServerConfigKeys (ConfUtils.java:logGet(46)) - raft.server.threadpool.server.cached = true (default)
2022-06-11 13:52:13,511 [pool-116-thread-1] INFO  server.RaftServerConfigKeys (ConfUtils.java:logGet(46)) - raft.server.threadpool.server.size = 0 (default)
2022-06-11 13:52:13,511 [pool-116-thread-1] INFO  server.RaftServerConfigKeys (ConfUtils.java:logGet(46)) - raft.server.threadpool.client.cached = true (default)
2022-06-11 13:52:13,511 [pool-116-thread-1] INFO  server.RaftServerConfigKeys (ConfUtils.java:logGet(46)) - raft.server.threadpool.client.size = 0 (default)
2022-06-11 13:52:13,511 [pool-116-thread-1] INFO  server.RaftServer$Division (RaftServerImpl.java:start(310)) - b72d34ed-ef2d-423d-934c-fedae9a767a6@group-8CDEE701A878: start as a follower, conf=-1: [3cd9928a-a775-4af4-b787-40493a0c430a|rpc:10.1.0.23:38303|dataStream:|priority:0, ea3eb705-49c6-47b6-816e-3ad6ae2807f4|rpc:10.1.0.23:42799|dataStream:|priority:0, b72d34ed-ef2d-423d-934c-fedae9a767a6|rpc:10.1.0.23:39643|dataStream:|priority:1], old=null
2022-06-11 13:52:13,511 [pool-116-thread-1] INFO  server.RaftServer$Division (RaftServerImpl.java:setRole(299)) - b72d34ed-ef2d-423d-934c-fedae9a767a6@group-8CDEE701A878: changes role from      null to FOLLOWER at term 0 for startAsFollower
2022-06-11 13:52:13,511 [pool-116-thread-1] INFO  impl.RoleInfo (RoleInfo.java:updateAndGet(139)) - b72d34ed-ef2d-423d-934c-fedae9a767a6: start b72d34ed-ef2d-423d-934c-fedae9a767a6@group-8CDEE701A878-FollowerState
2022-06-11 13:52:13,514 [pool-116-thread-1] INFO  util.JmxRegister (JmxRegister.java:tryRegister(44)) - Successfully registered JMX Bean with object name Ratis:service=RaftServer,group=group-8CDEE701A878,id=b72d34ed-ef2d-423d-934c-fedae9a767a6
2022-06-11 13:52:13,524 [Command processor thread] INFO  server.RaftServer (RaftServerProxy.java:addNew(96)) - b72d34ed-ef2d-423d-934c-fedae9a767a6: addNew group-D735D23348C9:[b72d34ed-ef2d-423d-934c-fedae9a767a6|rpc:10.1.0.23:39643|priority:1] returns group-D735D23348C9:java.util.concurrent.CompletableFuture@1e8e5111[Not completed]
2022-06-11 13:52:13,525 [pool-116-thread-1] INFO  server.RaftServer$Division (RaftServerImpl.java:<init>(190)) - b72d34ed-ef2d-423d-934c-fedae9a767a6: new RaftServerImpl for group-D735D23348C9:[b72d34ed-ef2d-423d-934c-fedae9a767a6|rpc:10.1.0.23:39643|priority:1] with ContainerStateMachine:uninitialized
2022-06-11 13:52:13,526 [pool-116-thread-1] INFO  server.RaftServerConfigKeys (ConfUtils.java:logGet(46)) - raft.server.rpc.timeout.min = 5s (custom)
2022-06-11 13:52:13,526 [pool-116-thread-1] INFO  server.RaftServerConfigKeys (ConfUtils.java:logGet(46)) - raft.server.rpc.timeout.max = 5200ms (custom)
2022-06-11 13:52:13,526 [pool-116-thread-1] INFO  server.RaftServerConfigKeys (ConfUtils.java:logGet(46)) - raft.server.rpc.sleep.time = 25ms (default)
2022-06-11 13:52:13,526 [pool-116-thread-1] INFO  server.RaftServerConfigKeys (ConfUtils.java:logGet(46)) - raft.server.rpc.slowness.timeout = 300s (custom)
2022-06-11 13:52:13,526 [pool-116-thread-1] INFO  server.RaftServerConfigKeys (ConfUtils.java:logGet(46)) - raft.server.leaderelection.leader.step-down.wait-time = 10s (default)
2022-06-11 13:52:13,526 [pool-116-thread-1] INFO  server.RaftServerConfigKeys (ConfUtils.java:logGet(46)) - raft.server.sleep.deviation.threshold = 300ms (default)
2022-06-11 13:52:13,526 [pool-116-thread-1] INFO  server.RaftServer$Division (ServerState.java:<init>(107)) - b72d34ed-ef2d-423d-934c-fedae9a767a6@group-D735D23348C9: ConfigurationManager, init=-1: [b72d34ed-ef2d-423d-934c-fedae9a767a6|rpc:10.1.0.23:39643|priority:1], old=null, confs=<EMPTY_MAP>
2022-06-11 13:52:13,526 [pool-116-thread-1] INFO  server.RaftServerConfigKeys (ConfUtils.java:logGet(46)) - raft.server.storage.dir = [/home/runner/work/ozone/ozone/hadoop-ozone/integration-test/target/test-dir/MiniOzoneClusterImpl-239f68c3-3068-4753-adf8-1c2cb01b4c57/datanode-2/data/ratis] (custom)
2022-06-11 13:52:13,526 [pool-116-thread-1] INFO  server.RaftServerConfigKeys (ConfUtils.java:logGet(46)) - raft.server.log.corruption.policy = EXCEPTION (default)
2022-06-11 13:52:13,526 [pool-116-thread-1] INFO  server.RaftServerConfigKeys (ConfUtils.java:logGet(46)) - raft.server.storage.free-space.min = 0MB (=0) (default)
2022-06-11 13:52:13,526 [pool-116-thread-1] INFO  storage.RaftStorageDirectory (RaftStorageDirectoryImpl.java:analyzeStorage(135)) - The storage directory /home/runner/work/ozone/ozone/hadoop-ozone/integration-test/target/test-dir/MiniOzoneClusterImpl-239f68c3-3068-4753-adf8-1c2cb01b4c57/datanode-2/data/ratis/ba8166de-6a74-4f02-9adf-d735d23348c9 does not exist. Creating ...
2022-06-11 13:52:13,528 [pool-116-thread-1] INFO  storage.RaftStorageDirectory (RaftStorageDirectoryImpl.java:tryLock(230)) - Lock on /home/runner/work/ozone/ozone/hadoop-ozone/integration-test/target/test-dir/MiniOzoneClusterImpl-239f68c3-3068-4753-adf8-1c2cb01b4c57/datanode-2/data/ratis/ba8166de-6a74-4f02-9adf-d735d23348c9/in_use.lock acquired by nodename 20323@fv-az395-686
2022-06-11 13:52:13,530 [pool-116-thread-1] INFO  storage.RaftStorage (RaftStorageImpl.java:format(89)) - Storage directory /home/runner/work/ozone/ozone/hadoop-ozone/integration-test/target/test-dir/MiniOzoneClusterImpl-239f68c3-3068-4753-adf8-1c2cb01b4c57/datanode-2/data/ratis/ba8166de-6a74-4f02-9adf-d735d23348c9 has been successfully formatted.
2022-06-11 13:52:13,530 [pool-116-thread-1] INFO  ratis.ContainerStateMachine (ContainerStateMachine.java:loadSnapshot(236)) - group-D735D23348C9: The snapshot info is null. Setting the last applied indexto:(t:0, i:~)
2022-06-11 13:52:13,531 [pool-116-thread-1] INFO  server.RaftServerConfigKeys (ConfUtils.java:logGet(46)) - raft.server.notification.no-leader.timeout = 300s (custom)
2022-06-11 13:52:13,531 [pool-116-thread-1] INFO  server.RaftServerConfigKeys (ConfUtils.java:logGet(46)) - raft.server.log.use.memory = false (default)
2022-06-11 13:52:13,531 [pool-116-thread-1] INFO  server.RaftServerConfigKeys (ConfUtils.java:logGet(46)) - raft.server.log.purge.gap = 1000000 (custom)
2022-06-11 13:52:13,531 [pool-116-thread-1] INFO  server.RaftServerConfigKeys (ConfUtils.java:logGet(46)) - raft.server.log.appender.buffer.byte-limit = 33554432 (custom)
2022-06-11 13:52:13,531 [pool-116-thread-1] INFO  server.RaftServerConfigKeys (ConfUtils.java:logGet(46)) - raft.server.log.statemachine.data.read.timeout = 1000ms (default)
2022-06-11 13:52:13,531 [pool-116-thread-1] INFO  server.RaftServerConfigKeys (ConfUtils.java:logGet(46)) - raft.server.log.segment.size.max = 1048576 (custom)
2022-06-11 13:52:13,531 [pool-116-thread-1] INFO  server.RaftServerConfigKeys (ConfUtils.java:logGet(46)) - raft.server.log.segment.cache.num.max = 2 (custom)
2022-06-11 13:52:13,531 [pool-116-thread-1] INFO  server.RaftServerConfigKeys (ConfUtils.java:logGet(46)) - raft.server.log.segment.cache.size.max = 200MB (=209715200) (default)
2022-06-11 13:52:13,531 [pool-116-thread-1] INFO  segmented.SegmentedRaftLogWorker (SegmentedRaftLogWorker.java:<init>(187)) - new b72d34ed-ef2d-423d-934c-fedae9a767a6@group-D735D23348C9-SegmentedRaftLogWorker for RaftStorageImpl:Storage Directory /home/runner/work/ozone/ozone/hadoop-ozone/integration-test/target/test-dir/MiniOzoneClusterImpl-239f68c3-3068-4753-adf8-1c2cb01b4c57/datanode-2/data/ratis/ba8166de-6a74-4f02-9adf-d735d23348c9
2022-06-11 13:52:13,532 [pool-116-thread-1] INFO  server.RaftServerConfigKeys (ConfUtils.java:logGet(46)) - raft.server.log.queue.byte-limit = 4294967296 (custom)
2022-06-11 13:52:13,532 [pool-116-thread-1] INFO  server.RaftServerConfigKeys (ConfUtils.java:logGet(46)) - raft.server.log.queue.element-limit = 1024 (custom)
2022-06-11 13:52:13,532 [pool-116-thread-1] INFO  server.RaftServerConfigKeys (ConfUtils.java:logGet(46)) - raft.server.log.segment.size.max = 1048576 (custom)
2022-06-11 13:52:13,534 [pool-116-thread-1] INFO  server.RaftServerConfigKeys (ConfUtils.java:logGet(46)) - raft.server.log.preallocated.size = 16384 (custom)
2022-06-11 13:52:13,534 [pool-116-thread-1] INFO  server.RaftServerConfigKeys (ConfUtils.java:logGet(46)) - raft.server.log.force.sync.num = 128 (default)
2022-06-11 13:52:13,534 [pool-116-thread-1] INFO  server.RaftServerConfigKeys (ConfUtils.java:logGet(46)) - raft.server.log.statemachine.data.sync = true (default)
2022-06-11 13:52:13,534 [pool-116-thread-1] INFO  server.RaftServerConfigKeys (ConfUtils.java:logGet(46)) - raft.server.log.statemachine.data.sync.timeout = 10s (default)
2022-06-11 13:52:13,534 [pool-116-thread-1] INFO  server.RaftServerConfigKeys (ConfUtils.java:logGet(46)) - raft.server.log.statemachine.data.sync.timeout.retry = -1 (default)
2022-06-11 13:52:13,535 [pool-116-thread-1] INFO  server.RaftServerConfigKeys (ConfUtils.java:logGet(46)) - raft.server.log.write.buffer.size = 1048576 (custom)
2022-06-11 13:52:13,535 [pool-116-thread-1] INFO  server.RaftServerConfigKeys (ConfUtils.java:logGet(46)) - raft.server.log.unsafe-flush.enabled = false (default)
2022-06-11 13:52:13,535 [pool-116-thread-1] INFO  server.RaftServerConfigKeys (ConfUtils.java:logGet(46)) - raft.server.log.statemachine.data.caching.enabled = true (custom)
2022-06-11 13:52:13,536 [pool-116-thread-1] INFO  segmented.SegmentedRaftLogWorker (SegmentedRaftLogWorker.java:lambda$new$0(135)) - b72d34ed-ef2d-423d-934c-fedae9a767a6@group-D735D23348C9-SegmentedRaftLogWorker: flushIndex: setUnconditionally 0 -> -1
2022-06-11 13:52:13,536 [pool-116-thread-1] INFO  segmented.SegmentedRaftLogWorker (SegmentedRaftLogWorker.java:lambda$new$0(135)) - b72d34ed-ef2d-423d-934c-fedae9a767a6@group-D735D23348C9-SegmentedRaftLogWorker: safeCacheEvictIndex: setUnconditionally 0 -> -1
2022-06-11 13:52:13,534 [EventQueue-PipelineReportForPipelineReportHandler] INFO  pipeline.PipelineManagerImpl (PipelineManagerImpl.java:openPipeline(356)) - Pipeline Pipeline[ Id: ba8166de-6a74-4f02-9adf-d735d23348c9, Nodes: b72d34ed-ef2d-423d-934c-fedae9a767a6{ip: 10.1.0.23, host: fv-az395-686.zfmzfyrfkyou3ow0tsr0jxwq1e.bx.internal.cloudapp.net, ports: [REPLICATION=41345, RATIS=39643, RATIS_ADMIN=39643, RATIS_SERVER=39643, STANDALONE=39715], networkLocation: /default-rack, certSerialId: null, persistedOpState: IN_SERVICE, persistedOpStateExpiryEpochSec: 0}, ReplicationConfig: RATIS/ONE, State:ALLOCATED, leaderId:b72d34ed-ef2d-423d-934c-fedae9a767a6, CreationTimestamp2022-06-11T13:52:10.530Z[Etc/UTC]] moved to OPEN state
2022-06-11 13:52:13,536 [EventQueue-OpenPipelineForHealthyPipelineSafeModeRule] INFO  safemode.SCMSafeModeManager (HealthyPipelineSafeModeRule.java:process(124)) - SCM in safe mode. Healthy pipelines reported count is 0, required healthy pipeline reported count is 1
2022-06-11 13:52:13,540 [pool-116-thread-1] INFO  server.RaftServerConfigKeys (ConfUtils.java:logGet(46)) - raft.server.snapshot.auto.trigger.enabled = true (custom)
2022-06-11 13:52:13,541 [pool-116-thread-1] INFO  server.RaftServerConfigKeys (ConfUtils.java:logGet(46)) - raft.server.snapshot.auto.trigger.threshold = 10000 (custom)
2022-06-11 13:52:13,541 [pool-116-thread-1] INFO  server.RaftServerConfigKeys (ConfUtils.java:logGet(46)) - raft.server.snapshot.retention.file.num = 5 (custom)
2022-06-11 13:52:13,541 [pool-116-thread-1] INFO  server.RaftServerConfigKeys (ConfUtils.java:logGet(46)) - raft.server.log.purge.upto.snapshot.index = false (default)
2022-06-11 13:52:13,541 [pool-116-thread-1] INFO  server.RaftServerConfigKeys (ConfUtils.java:logGet(46)) - raft.server.retrycache.expirytime = 600000ms (custom)
2022-06-11 13:52:13,541 [pool-116-thread-1] INFO  server.RaftServerConfigKeys (ConfUtils.java:logGet(46)) - raft.server.retrycache.statistics.expirytime = 100μs (default)
2022-06-11 13:52:13,542 [pool-116-thread-1] INFO  server.RaftServerConfigKeys (ConfUtils.java:logGet(46)) - raft.server.log.appender.install.snapshot.enabled = false (custom)
2022-06-11 13:52:13,542 [pool-116-thread-1] INFO  server.RaftServerConfigKeys (ConfUtils.java:logGet(46)) - raft.server.threadpool.server.cached = true (default)
2022-06-11 13:52:13,542 [pool-116-thread-1] INFO  server.RaftServerConfigKeys (ConfUtils.java:logGet(46)) - raft.server.threadpool.server.size = 0 (default)
2022-06-11 13:52:13,542 [pool-116-thread-1] INFO  server.RaftServerConfigKeys (ConfUtils.java:logGet(46)) - raft.server.threadpool.client.cached = true (default)
2022-06-11 13:52:13,542 [pool-116-thread-1] INFO  server.RaftServerConfigKeys (ConfUtils.java:logGet(46)) - raft.server.threadpool.client.size = 0 (default)
2022-06-11 13:52:13,542 [pool-116-thread-1] INFO  server.RaftServer$Division (RaftServerImpl.java:start(310)) - b72d34ed-ef2d-423d-934c-fedae9a767a6@group-D735D23348C9: start as a follower, conf=-1: [b72d34ed-ef2d-423d-934c-fedae9a767a6|rpc:10.1.0.23:39643|priority:1], old=null
2022-06-11 13:52:13,543 [pool-116-thread-1] INFO  server.RaftServer$Division (RaftServerImpl.java:setRole(299)) - b72d34ed-ef2d-423d-934c-fedae9a767a6@group-D735D23348C9: changes role from      null to FOLLOWER at term 0 for startAsFollower
2022-06-11 13:52:13,543 [pool-116-thread-1] INFO  impl.RoleInfo (RoleInfo.java:updateAndGet(139)) - b72d34ed-ef2d-423d-934c-fedae9a767a6: start b72d34ed-ef2d-423d-934c-fedae9a767a6@group-D735D23348C9-FollowerState
2022-06-11 13:52:13,544 [pool-116-thread-1] INFO  util.JmxRegister (JmxRegister.java:tryRegister(44)) - Successfully registered JMX Bean with object name Ratis:service=RaftServer,group=group-D735D23348C9,id=b72d34ed-ef2d-423d-934c-fedae9a767a6
2022-06-11 13:52:13,548 [Command processor thread] INFO  ratis.XceiverServerRatis (XceiverServerRatis.java:addGroup(765)) - Created group PipelineID=ba8166de-6a74-4f02-9adf-d735d23348c9
2022-06-11 13:52:13,548 [Command processor thread] INFO  commandhandler.CreatePipelineCommandHandler (CreatePipelineCommandHandler.java:handle(113)) - Created Pipeline RATIS ONE PipelineID=ba8166de-6a74-4f02-9adf-d735d23348c9.
2022-06-11 13:52:13,568 [Command processor thread] INFO  commandhandler.CreatePipelineCommandHandler (CreatePipelineCommandHandler.java:handle(113)) - Created Pipeline RATIS THREE PipelineID=06b33e13-d481-4efe-ad78-8cdee701a878.
2022-06-11 13:52:13,763 [ReplicationMonitor] INFO  replication.ReplicationManager (ReplicationManager.java:processAll(228)) - Replication Manager is not ready to run until 3000ms after safemode exit
2022-06-11 13:52:13,858 [Command processor thread] INFO  server.RaftServer (RaftServerProxy.java:addNew(96)) - 53db1d32-3be9-432a-8996-6e0aa1d79bff: addNew group-42030936E193:[53db1d32-3be9-432a-8996-6e0aa1d79bff|rpc:10.1.0.23:46375|priority:1] returns group-42030936E193:java.util.concurrent.CompletableFuture@67ba5974[Not completed]
2022-06-11 13:52:13,861 [pool-138-thread-1] INFO  server.RaftServer$Division (RaftServerImpl.java:<init>(190)) - 53db1d32-3be9-432a-8996-6e0aa1d79bff: new RaftServerImpl for group-42030936E193:[53db1d32-3be9-432a-8996-6e0aa1d79bff|rpc:10.1.0.23:46375|priority:1] with ContainerStateMachine:uninitialized
2022-06-11 13:52:13,862 [pool-138-thread-1] INFO  server.RaftServerConfigKeys (ConfUtils.java:logGet(46)) - raft.server.rpc.timeout.min = 5s (custom)
2022-06-11 13:52:13,862 [pool-138-thread-1] INFO  server.RaftServerConfigKeys (ConfUtils.java:logGet(46)) - raft.server.rpc.timeout.max = 5200ms (custom)
2022-06-11 13:52:13,862 [pool-138-thread-1] INFO  server.RaftServerConfigKeys (ConfUtils.java:logGet(46)) - raft.server.rpc.sleep.time = 25ms (default)
2022-06-11 13:52:13,862 [pool-138-thread-1] INFO  server.RaftServerConfigKeys (ConfUtils.java:logGet(46)) - raft.server.rpc.slowness.timeout = 300s (custom)
2022-06-11 13:52:13,862 [pool-138-thread-1] INFO  server.RaftServerConfigKeys (ConfUtils.java:logGet(46)) - raft.server.leaderelection.leader.step-down.wait-time = 10s (default)
2022-06-11 13:52:13,862 [pool-138-thread-1] INFO  server.RaftServerConfigKeys (ConfUtils.java:logGet(46)) - raft.server.sleep.deviation.threshold = 300ms (default)
2022-06-11 13:52:13,862 [pool-138-thread-1] INFO  server.RaftServer$Division (ServerState.java:<init>(107)) - 53db1d32-3be9-432a-8996-6e0aa1d79bff@group-42030936E193: ConfigurationManager, init=-1: [53db1d32-3be9-432a-8996-6e0aa1d79bff|rpc:10.1.0.23:46375|priority:1], old=null, confs=<EMPTY_MAP>
2022-06-11 13:52:13,863 [pool-138-thread-1] INFO  server.RaftServerConfigKeys (ConfUtils.java:logGet(46)) - raft.server.storage.dir = [/home/runner/work/ozone/ozone/hadoop-ozone/integration-test/target/test-dir/MiniOzoneClusterImpl-239f68c3-3068-4753-adf8-1c2cb01b4c57/datanode-3/data/ratis] (custom)
2022-06-11 13:52:13,864 [pool-138-thread-1] INFO  server.RaftServerConfigKeys (ConfUtils.java:logGet(46)) - raft.server.log.corruption.policy = EXCEPTION (default)
2022-06-11 13:52:13,864 [pool-138-thread-1] INFO  server.RaftServerConfigKeys (ConfUtils.java:logGet(46)) - raft.server.storage.free-space.min = 0MB (=0) (default)
2022-06-11 13:52:13,864 [pool-138-thread-1] INFO  storage.RaftStorageDirectory (RaftStorageDirectoryImpl.java:analyzeStorage(135)) - The storage directory /home/runner/work/ozone/ozone/hadoop-ozone/integration-test/target/test-dir/MiniOzoneClusterImpl-239f68c3-3068-4753-adf8-1c2cb01b4c57/datanode-3/data/ratis/f340a6f0-8429-4dd8-b985-42030936e193 does not exist. Creating ...
2022-06-11 13:52:13,868 [pool-138-thread-1] INFO  storage.RaftStorageDirectory (RaftStorageDirectoryImpl.java:tryLock(230)) - Lock on /home/runner/work/ozone/ozone/hadoop-ozone/integration-test/target/test-dir/MiniOzoneClusterImpl-239f68c3-3068-4753-adf8-1c2cb01b4c57/datanode-3/data/ratis/f340a6f0-8429-4dd8-b985-42030936e193/in_use.lock acquired by nodename 20323@fv-az395-686
2022-06-11 13:52:13,870 [pool-138-thread-1] INFO  storage.RaftStorage (RaftStorageImpl.java:format(89)) - Storage directory /home/runner/work/ozone/ozone/hadoop-ozone/integration-test/target/test-dir/MiniOzoneClusterImpl-239f68c3-3068-4753-adf8-1c2cb01b4c57/datanode-3/data/ratis/f340a6f0-8429-4dd8-b985-42030936e193 has been successfully formatted.
2022-06-11 13:52:13,871 [pool-138-thread-1] INFO  ratis.ContainerStateMachine (ContainerStateMachine.java:loadSnapshot(236)) - group-42030936E193: The snapshot info is null. Setting the last applied indexto:(t:0, i:~)
2022-06-11 13:52:13,871 [pool-138-thread-1] INFO  server.RaftServerConfigKeys (ConfUtils.java:logGet(46)) - raft.server.notification.no-leader.timeout = 300s (custom)
2022-06-11 13:52:13,872 [pool-138-thread-1] INFO  server.RaftServerConfigKeys (ConfUtils.java:logGet(46)) - raft.server.log.use.memory = false (default)
2022-06-11 13:52:13,872 [pool-138-thread-1] INFO  server.RaftServerConfigKeys (ConfUtils.java:logGet(46)) - raft.server.log.purge.gap = 1000000 (custom)
2022-06-11 13:52:13,872 [pool-138-thread-1] INFO  server.RaftServerConfigKeys (ConfUtils.java:logGet(46)) - raft.server.log.appender.buffer.byte-limit = 33554432 (custom)
2022-06-11 13:52:13,874 [pool-138-thread-1] INFO  server.RaftServerConfigKeys (ConfUtils.java:logGet(46)) - raft.server.log.statemachine.data.read.timeout = 1000ms (default)
2022-06-11 13:52:13,874 [EventQueue-PipelineReportForPipelineReportHandler] INFO  pipeline.PipelineManagerImpl (PipelineManagerImpl.java:openPipeline(356)) - Pipeline Pipeline[ Id: f340a6f0-8429-4dd8-b985-42030936e193, Nodes: 53db1d32-3be9-432a-8996-6e0aa1d79bff{ip: 10.1.0.23, host: fv-az395-686.zfmzfyrfkyou3ow0tsr0jxwq1e.bx.internal.cloudapp.net, ports: [REPLICATION=36943, RATIS=46375, RATIS_ADMIN=46375, RATIS_SERVER=46375, STANDALONE=45327], networkLocation: /default-rack, certSerialId: null, persistedOpState: IN_SERVICE, persistedOpStateExpiryEpochSec: 0}, ReplicationConfig: RATIS/ONE, State:ALLOCATED, leaderId:53db1d32-3be9-432a-8996-6e0aa1d79bff, CreationTimestamp2022-06-11T13:52:10.862Z[Etc/UTC]] moved to OPEN state
2022-06-11 13:52:13,874 [pool-138-thread-1] INFO  server.RaftServerConfigKeys (ConfUtils.java:logGet(46)) - raft.server.log.segment.size.max = 1048576 (custom)
2022-06-11 13:52:13,874 [EventQueue-OpenPipelineForHealthyPipelineSafeModeRule] INFO  safemode.SCMSafeModeManager (HealthyPipelineSafeModeRule.java:process(124)) - SCM in safe mode. Healthy pipelines reported count is 0, required healthy pipeline reported count is 1
2022-06-11 13:52:13,874 [pool-138-thread-1] INFO  server.RaftServerConfigKeys (ConfUtils.java:logGet(46)) - raft.server.log.segment.cache.num.max = 2 (custom)
2022-06-11 13:52:13,883 [pool-138-thread-1] INFO  server.RaftServerConfigKeys (ConfUtils.java:logGet(46)) - raft.server.log.segment.cache.size.max = 200MB (=209715200) (default)
2022-06-11 13:52:13,883 [pool-138-thread-1] INFO  segmented.SegmentedRaftLogWorker (SegmentedRaftLogWorker.java:<init>(187)) - new 53db1d32-3be9-432a-8996-6e0aa1d79bff@group-42030936E193-SegmentedRaftLogWorker for RaftStorageImpl:Storage Directory /home/runner/work/ozone/ozone/hadoop-ozone/integration-test/target/test-dir/MiniOzoneClusterImpl-239f68c3-3068-4753-adf8-1c2cb01b4c57/datanode-3/data/ratis/f340a6f0-8429-4dd8-b985-42030936e193
2022-06-11 13:52:13,883 [pool-138-thread-1] INFO  server.RaftServerConfigKeys (ConfUtils.java:logGet(46)) - raft.server.log.queue.byte-limit = 4294967296 (custom)
2022-06-11 13:52:13,883 [pool-138-thread-1] INFO  server.RaftServerConfigKeys (ConfUtils.java:logGet(46)) - raft.server.log.queue.element-limit = 1024 (custom)
2022-06-11 13:52:13,883 [pool-138-thread-1] INFO  server.RaftServerConfigKeys (ConfUtils.java:logGet(46)) - raft.server.log.segment.size.max = 1048576 (custom)
2022-06-11 13:52:13,883 [pool-138-thread-1] INFO  server.RaftServerConfigKeys (ConfUtils.java:logGet(46)) - raft.server.log.preallocated.size = 16384 (custom)
2022-06-11 13:52:13,883 [pool-138-thread-1] INFO  server.RaftServerConfigKeys (ConfUtils.java:logGet(46)) - raft.server.log.force.sync.num = 128 (default)
2022-06-11 13:52:13,883 [pool-138-thread-1] INFO  server.RaftServerConfigKeys (ConfUtils.java:logGet(46)) - raft.server.log.statemachine.data.sync = true (default)
2022-06-11 13:52:13,883 [pool-138-thread-1] INFO  server.RaftServerConfigKeys (ConfUtils.java:logGet(46)) - raft.server.log.statemachine.data.sync.timeout = 10s (default)
2022-06-11 13:52:13,883 [pool-138-thread-1] INFO  server.RaftServerConfigKeys (ConfUtils.java:logGet(46)) - raft.server.log.statemachine.data.sync.timeout.retry = -1 (default)
2022-06-11 13:52:13,884 [pool-138-thread-1] INFO  server.RaftServerConfigKeys (ConfUtils.java:logGet(46)) - raft.server.log.write.buffer.size = 1048576 (custom)
2022-06-11 13:52:13,885 [pool-138-thread-1] INFO  server.RaftServerConfigKeys (ConfUtils.java:logGet(46)) - raft.server.log.unsafe-flush.enabled = false (default)
2022-06-11 13:52:13,885 [pool-138-thread-1] INFO  server.RaftServerConfigKeys (ConfUtils.java:logGet(46)) - raft.server.log.statemachine.data.caching.enabled = true (custom)
2022-06-11 13:52:13,885 [pool-138-thread-1] INFO  segmented.SegmentedRaftLogWorker (SegmentedRaftLogWorker.java:lambda$new$0(135)) - 53db1d32-3be9-432a-8996-6e0aa1d79bff@group-42030936E193-SegmentedRaftLogWorker: flushIndex: setUnconditionally 0 -> -1
2022-06-11 13:52:13,885 [pool-138-thread-1] INFO  segmented.SegmentedRaftLogWorker (SegmentedRaftLogWorker.java:lambda$new$0(135)) - 53db1d32-3be9-432a-8996-6e0aa1d79bff@group-42030936E193-SegmentedRaftLogWorker: safeCacheEvictIndex: setUnconditionally 0 -> -1
2022-06-11 13:52:13,886 [pool-138-thread-1] INFO  server.RaftServerConfigKeys (ConfUtils.java:logGet(46)) - raft.server.snapshot.auto.trigger.enabled = true (custom)
2022-06-11 13:52:13,886 [pool-138-thread-1] INFO  server.RaftServerConfigKeys (ConfUtils.java:logGet(46)) - raft.server.snapshot.auto.trigger.threshold = 10000 (custom)
2022-06-11 13:52:13,886 [pool-138-thread-1] INFO  server.RaftServerConfigKeys (ConfUtils.java:logGet(46)) - raft.server.snapshot.retention.file.num = 5 (custom)
2022-06-11 13:52:13,886 [pool-138-thread-1] INFO  server.RaftServerConfigKeys (ConfUtils.java:logGet(46)) - raft.server.log.purge.upto.snapshot.index = false (default)
2022-06-11 13:52:13,886 [pool-138-thread-1] INFO  server.RaftServerConfigKeys (ConfUtils.java:logGet(46)) - raft.server.retrycache.expirytime = 600000ms (custom)
2022-06-11 13:52:13,886 [pool-138-thread-1] INFO  server.RaftServerConfigKeys (ConfUtils.java:logGet(46)) - raft.server.retrycache.statistics.expirytime = 100μs (default)
2022-06-11 13:52:13,887 [pool-138-thread-1] INFO  server.RaftServerConfigKeys (ConfUtils.java:logGet(46)) - raft.server.log.appender.install.snapshot.enabled = false (custom)
2022-06-11 13:52:13,887 [pool-138-thread-1] INFO  server.RaftServerConfigKeys (ConfUtils.java:logGet(46)) - raft.server.threadpool.server.cached = true (default)
2022-06-11 13:52:13,887 [pool-138-thread-1] INFO  server.RaftServerConfigKeys (ConfUtils.java:logGet(46)) - raft.server.threadpool.server.size = 0 (default)
2022-06-11 13:52:13,887 [pool-138-thread-1] INFO  server.RaftServerConfigKeys (ConfUtils.java:logGet(46)) - raft.server.threadpool.client.cached = true (default)
2022-06-11 13:52:13,887 [pool-138-thread-1] INFO  server.RaftServerConfigKeys (ConfUtils.java:logGet(46)) - raft.server.threadpool.client.size = 0 (default)
2022-06-11 13:52:13,887 [pool-138-thread-1] INFO  server.RaftServer$Division (RaftServerImpl.java:start(310)) - 53db1d32-3be9-432a-8996-6e0aa1d79bff@group-42030936E193: start as a follower, conf=-1: [53db1d32-3be9-432a-8996-6e0aa1d79bff|rpc:10.1.0.23:46375|priority:1], old=null
2022-06-11 13:52:13,887 [pool-138-thread-1] INFO  server.RaftServer$Division (RaftServerImpl.java:setRole(299)) - 53db1d32-3be9-432a-8996-6e0aa1d79bff@group-42030936E193: changes role from      null to FOLLOWER at term 0 for startAsFollower
2022-06-11 13:52:13,887 [pool-138-thread-1] INFO  impl.RoleInfo (RoleInfo.java:updateAndGet(139)) - 53db1d32-3be9-432a-8996-6e0aa1d79bff: start 53db1d32-3be9-432a-8996-6e0aa1d79bff@group-42030936E193-FollowerState
2022-06-11 13:52:13,888 [pool-138-thread-1] INFO  util.JmxRegister (JmxRegister.java:tryRegister(44)) - Successfully registered JMX Bean with object name Ratis:service=RaftServer,group=group-42030936E193,id=53db1d32-3be9-432a-8996-6e0aa1d79bff
2022-06-11 13:52:13,889 [Command processor thread] INFO  ratis.XceiverServerRatis (XceiverServerRatis.java:addGroup(765)) - Created group PipelineID=f340a6f0-8429-4dd8-b985-42030936e193
2022-06-11 13:52:13,889 [Command processor thread] INFO  commandhandler.CreatePipelineCommandHandler (CreatePipelineCommandHandler.java:handle(113)) - Created Pipeline RATIS ONE PipelineID=f340a6f0-8429-4dd8-b985-42030936e193.
2022-06-11 13:52:14,183 [Listener at 127.0.0.1/40219] INFO  ozone.MiniOzoneClusterImpl (MiniOzoneClusterImpl.java:lambda$waitForClusterToBeReady$0(221)) - Nodes are ready. Got 5 of 5 DN Heartbeats.
2022-06-11 13:52:14,183 [Listener at 127.0.0.1/40219] INFO  ozone.MiniOzoneClusterImpl (MiniOzoneClusterImpl.java:lambda$waitForClusterToBeReady$0(224)) - Waiting for cluster to exit safe mode
2022-06-11 13:52:14,183 [Listener at 127.0.0.1/40219] INFO  ozone.MiniOzoneClusterImpl (MiniOzoneClusterImpl.java:lambda$waitForClusterToBeReady$0(226)) - SCM became leader
2022-06-11 13:52:14,186 [Command processor thread] INFO  server.RaftServer (RaftServerProxy.java:addNew(96)) - ff2200df-c480-449e-9c09-7fcb33586f76: addNew group-5A989687386A:[ff2200df-c480-449e-9c09-7fcb33586f76|rpc:10.1.0.23:40997|priority:1] returns group-5A989687386A:java.util.concurrent.CompletableFuture@77bb62db[Not completed]
2022-06-11 13:52:14,188 [pool-160-thread-1] INFO  server.RaftServer$Division (RaftServerImpl.java:<init>(190)) - ff2200df-c480-449e-9c09-7fcb33586f76: new RaftServerImpl for group-5A989687386A:[ff2200df-c480-449e-9c09-7fcb33586f76|rpc:10.1.0.23:40997|priority:1] with ContainerStateMachine:uninitialized
2022-06-11 13:52:14,188 [pool-160-thread-1] INFO  server.RaftServerConfigKeys (ConfUtils.java:logGet(46)) - raft.server.rpc.timeout.min = 5s (custom)
2022-06-11 13:52:14,188 [pool-160-thread-1] INFO  server.RaftServerConfigKeys (ConfUtils.java:logGet(46)) - raft.server.rpc.timeout.max = 5200ms (custom)
2022-06-11 13:52:14,188 [pool-160-thread-1] INFO  server.RaftServerConfigKeys (ConfUtils.java:logGet(46)) - raft.server.rpc.sleep.time = 25ms (default)
2022-06-11 13:52:14,188 [pool-160-thread-1] INFO  server.RaftServerConfigKeys (ConfUtils.java:logGet(46)) - raft.server.rpc.slowness.timeout = 300s (custom)
2022-06-11 13:52:14,188 [pool-160-thread-1] INFO  server.RaftServerConfigKeys (ConfUtils.java:logGet(46)) - raft.server.leaderelection.leader.step-down.wait-time = 10s (default)
2022-06-11 13:52:14,188 [pool-160-thread-1] INFO  server.RaftServerConfigKeys (ConfUtils.java:logGet(46)) - raft.server.sleep.deviation.threshold = 300ms (default)
2022-06-11 13:52:14,188 [pool-160-thread-1] INFO  server.RaftServer$Division (ServerState.java:<init>(107)) - ff2200df-c480-449e-9c09-7fcb33586f76@group-5A989687386A: ConfigurationManager, init=-1: [ff2200df-c480-449e-9c09-7fcb33586f76|rpc:10.1.0.23:40997|priority:1], old=null, confs=<EMPTY_MAP>
2022-06-11 13:52:14,189 [pool-160-thread-1] INFO  server.RaftServerConfigKeys (ConfUtils.java:logGet(46)) - raft.server.storage.dir = [/home/runner/work/ozone/ozone/hadoop-ozone/integration-test/target/test-dir/MiniOzoneClusterImpl-239f68c3-3068-4753-adf8-1c2cb01b4c57/datanode-4/data/ratis] (custom)
2022-06-11 13:52:14,189 [pool-160-thread-1] INFO  server.RaftServerConfigKeys (ConfUtils.java:logGet(46)) - raft.server.log.corruption.policy = EXCEPTION (default)
2022-06-11 13:52:14,189 [pool-160-thread-1] INFO  server.RaftServerConfigKeys (ConfUtils.java:logGet(46)) - raft.server.storage.free-space.min = 0MB (=0) (default)
2022-06-11 13:52:14,189 [pool-160-thread-1] INFO  storage.RaftStorageDirectory (RaftStorageDirectoryImpl.java:analyzeStorage(135)) - The storage directory /home/runner/work/ozone/ozone/hadoop-ozone/integration-test/target/test-dir/MiniOzoneClusterImpl-239f68c3-3068-4753-adf8-1c2cb01b4c57/datanode-4/data/ratis/1169bc70-b00d-42fc-b248-5a989687386a does not exist. Creating ...
2022-06-11 13:52:14,191 [pool-160-thread-1] INFO  storage.RaftStorageDirectory (RaftStorageDirectoryImpl.java:tryLock(230)) - Lock on /home/runner/work/ozone/ozone/hadoop-ozone/integration-test/target/test-dir/MiniOzoneClusterImpl-239f68c3-3068-4753-adf8-1c2cb01b4c57/datanode-4/data/ratis/1169bc70-b00d-42fc-b248-5a989687386a/in_use.lock acquired by nodename 20323@fv-az395-686
2022-06-11 13:52:14,192 [pool-160-thread-1] INFO  storage.RaftStorage (RaftStorageImpl.java:format(89)) - Storage directory /home/runner/work/ozone/ozone/hadoop-ozone/integration-test/target/test-dir/MiniOzoneClusterImpl-239f68c3-3068-4753-adf8-1c2cb01b4c57/datanode-4/data/ratis/1169bc70-b00d-42fc-b248-5a989687386a has been successfully formatted.
2022-06-11 13:52:14,193 [pool-160-thread-1] INFO  ratis.ContainerStateMachine (ContainerStateMachine.java:loadSnapshot(236)) - group-5A989687386A: The snapshot info is null. Setting the last applied indexto:(t:0, i:~)
2022-06-11 13:52:14,194 [pool-160-thread-1] INFO  server.RaftServerConfigKeys (ConfUtils.java:logGet(46)) - raft.server.notification.no-leader.timeout = 300s (custom)
2022-06-11 13:52:14,195 [pool-160-thread-1] INFO  server.RaftServerConfigKeys (ConfUtils.java:logGet(46)) - raft.server.log.use.memory = false (default)
2022-06-11 13:52:14,195 [pool-160-thread-1] INFO  server.RaftServerConfigKeys (ConfUtils.java:logGet(46)) - raft.server.log.purge.gap = 1000000 (custom)
2022-06-11 13:52:14,195 [pool-160-thread-1] INFO  server.RaftServerConfigKeys (ConfUtils.java:logGet(46)) - raft.server.log.appender.buffer.byte-limit = 33554432 (custom)
2022-06-11 13:52:14,195 [pool-160-thread-1] INFO  server.RaftServerConfigKeys (ConfUtils.java:logGet(46)) - raft.server.log.statemachine.data.read.timeout = 1000ms (default)
2022-06-11 13:52:14,195 [pool-160-thread-1] INFO  server.RaftServerConfigKeys (ConfUtils.java:logGet(46)) - raft.server.log.segment.size.max = 1048576 (custom)
2022-06-11 13:52:14,195 [EventQueue-PipelineReportForPipelineReportHandler] INFO  pipeline.PipelineManagerImpl (PipelineManagerImpl.java:openPipeline(356)) - Pipeline Pipeline[ Id: 1169bc70-b00d-42fc-b248-5a989687386a, Nodes: ff2200df-c480-449e-9c09-7fcb33586f76{ip: 10.1.0.23, host: fv-az395-686.zfmzfyrfkyou3ow0tsr0jxwq1e.bx.internal.cloudapp.net, ports: [REPLICATION=41325, RATIS=40997, RATIS_ADMIN=40997, RATIS_SERVER=40997, STANDALONE=41257], networkLocation: /default-rack, certSerialId: null, persistedOpState: IN_SERVICE, persistedOpStateExpiryEpochSec: 0}, ReplicationConfig: RATIS/ONE, State:ALLOCATED, leaderId:ff2200df-c480-449e-9c09-7fcb33586f76, CreationTimestamp2022-06-11T13:52:11.191Z[Etc/UTC]] moved to OPEN state
2022-06-11 13:52:14,195 [pool-160-thread-1] INFO  server.RaftServerConfigKeys (ConfUtils.java:logGet(46)) - raft.server.log.segment.cache.num.max = 2 (custom)
2022-06-11 13:52:14,196 [pool-160-thread-1] INFO  server.RaftServerConfigKeys (ConfUtils.java:logGet(46)) - raft.server.log.segment.cache.size.max = 200MB (=209715200) (default)
2022-06-11 13:52:14,196 [pool-160-thread-1] INFO  segmented.SegmentedRaftLogWorker (SegmentedRaftLogWorker.java:<init>(187)) - new ff2200df-c480-449e-9c09-7fcb33586f76@group-5A989687386A-SegmentedRaftLogWorker for RaftStorageImpl:Storage Directory /home/runner/work/ozone/ozone/hadoop-ozone/integration-test/target/test-dir/MiniOzoneClusterImpl-239f68c3-3068-4753-adf8-1c2cb01b4c57/datanode-4/data/ratis/1169bc70-b00d-42fc-b248-5a989687386a
2022-06-11 13:52:14,196 [pool-160-thread-1] INFO  server.RaftServerConfigKeys (ConfUtils.java:logGet(46)) - raft.server.log.queue.byte-limit = 4294967296 (custom)
2022-06-11 13:52:14,196 [pool-160-thread-1] INFO  server.RaftServerConfigKeys (ConfUtils.java:logGet(46)) - raft.server.log.queue.element-limit = 1024 (custom)
2022-06-11 13:52:14,196 [EventQueue-OpenPipelineForHealthyPipelineSafeModeRule] INFO  safemode.SCMSafeModeManager (HealthyPipelineSafeModeRule.java:process(124)) - SCM in safe mode. Healthy pipelines reported count is 0, required healthy pipeline reported count is 1
2022-06-11 13:52:14,196 [pool-160-thread-1] INFO  server.RaftServerConfigKeys (ConfUtils.java:logGet(46)) - raft.server.log.segment.size.max = 1048576 (custom)
2022-06-11 13:52:14,197 [pool-160-thread-1] INFO  server.RaftServerConfigKeys (ConfUtils.java:logGet(46)) - raft.server.log.preallocated.size = 16384 (custom)
2022-06-11 13:52:14,197 [pool-160-thread-1] INFO  server.RaftServerConfigKeys (ConfUtils.java:logGet(46)) - raft.server.log.force.sync.num = 128 (default)
2022-06-11 13:52:14,197 [pool-160-thread-1] INFO  server.RaftServerConfigKeys (ConfUtils.java:logGet(46)) - raft.server.log.statemachine.data.sync = true (default)
2022-06-11 13:52:14,197 [pool-160-thread-1] INFO  server.RaftServerConfigKeys (ConfUtils.java:logGet(46)) - raft.server.log.statemachine.data.sync.timeout = 10s (default)
2022-06-11 13:52:14,197 [pool-160-thread-1] INFO  server.RaftServerConfigKeys (ConfUtils.java:logGet(46)) - raft.server.log.statemachine.data.sync.timeout.retry = -1 (default)
2022-06-11 13:52:14,198 [pool-160-thread-1] INFO  server.RaftServerConfigKeys (ConfUtils.java:logGet(46)) - raft.server.log.write.buffer.size = 1048576 (custom)
2022-06-11 13:52:14,198 [pool-160-thread-1] INFO  server.RaftServerConfigKeys (ConfUtils.java:logGet(46)) - raft.server.log.unsafe-flush.enabled = false (default)
2022-06-11 13:52:14,198 [pool-160-thread-1] INFO  server.RaftServerConfigKeys (ConfUtils.java:logGet(46)) - raft.server.log.statemachine.data.caching.enabled = true (custom)
2022-06-11 13:52:14,199 [pool-160-thread-1] INFO  segmented.SegmentedRaftLogWorker (SegmentedRaftLogWorker.java:lambda$new$0(135)) - ff2200df-c480-449e-9c09-7fcb33586f76@group-5A989687386A-SegmentedRaftLogWorker: flushIndex: setUnconditionally 0 -> -1
2022-06-11 13:52:14,199 [pool-160-thread-1] INFO  segmented.SegmentedRaftLogWorker (SegmentedRaftLogWorker.java:lambda$new$0(135)) - ff2200df-c480-449e-9c09-7fcb33586f76@group-5A989687386A-SegmentedRaftLogWorker: safeCacheEvictIndex: setUnconditionally 0 -> -1
2022-06-11 13:52:14,199 [pool-160-thread-1] INFO  server.RaftServerConfigKeys (ConfUtils.java:logGet(46)) - raft.server.snapshot.auto.trigger.enabled = true (custom)
2022-06-11 13:52:14,199 [pool-160-thread-1] INFO  server.RaftServerConfigKeys (ConfUtils.java:logGet(46)) - raft.server.snapshot.auto.trigger.threshold = 10000 (custom)
2022-06-11 13:52:14,199 [pool-160-thread-1] INFO  server.RaftServerConfigKeys (ConfUtils.java:logGet(46)) - raft.server.snapshot.retention.file.num = 5 (custom)
2022-06-11 13:52:14,199 [pool-160-thread-1] INFO  server.RaftServerConfigKeys (ConfUtils.java:logGet(46)) - raft.server.log.purge.upto.snapshot.index = false (default)
2022-06-11 13:52:14,199 [pool-160-thread-1] INFO  server.RaftServerConfigKeys (ConfUtils.java:logGet(46)) - raft.server.retrycache.expirytime = 600000ms (custom)
2022-06-11 13:52:14,199 [pool-160-thread-1] INFO  server.RaftServerConfigKeys (ConfUtils.java:logGet(46)) - raft.server.retrycache.statistics.expirytime = 100μs (default)
2022-06-11 13:52:14,200 [pool-160-thread-1] INFO  server.RaftServerConfigKeys (ConfUtils.java:logGet(46)) - raft.server.log.appender.install.snapshot.enabled = false (custom)
2022-06-11 13:52:14,201 [pool-160-thread-1] INFO  server.RaftServerConfigKeys (ConfUtils.java:logGet(46)) - raft.server.threadpool.server.cached = true (default)
2022-06-11 13:52:14,201 [pool-160-thread-1] INFO  server.RaftServerConfigKeys (ConfUtils.java:logGet(46)) - raft.server.threadpool.server.size = 0 (default)
2022-06-11 13:52:14,201 [pool-160-thread-1] INFO  server.RaftServerConfigKeys (ConfUtils.java:logGet(46)) - raft.server.threadpool.client.cached = true (default)
2022-06-11 13:52:14,201 [pool-160-thread-1] INFO  server.RaftServerConfigKeys (ConfUtils.java:logGet(46)) - raft.server.threadpool.client.size = 0 (default)
2022-06-11 13:52:14,201 [pool-160-thread-1] INFO  server.RaftServer$Division (RaftServerImpl.java:start(310)) - ff2200df-c480-449e-9c09-7fcb33586f76@group-5A989687386A: start as a follower, conf=-1: [ff2200df-c480-449e-9c09-7fcb33586f76|rpc:10.1.0.23:40997|priority:1], old=null
2022-06-11 13:52:14,201 [pool-160-thread-1] INFO  server.RaftServer$Division (RaftServerImpl.java:setRole(299)) - ff2200df-c480-449e-9c09-7fcb33586f76@group-5A989687386A: changes role from      null to FOLLOWER at term 0 for startAsFollower
2022-06-11 13:52:14,201 [pool-160-thread-1] INFO  impl.RoleInfo (RoleInfo.java:updateAndGet(139)) - ff2200df-c480-449e-9c09-7fcb33586f76: start ff2200df-c480-449e-9c09-7fcb33586f76@group-5A989687386A-FollowerState
2022-06-11 13:52:14,201 [pool-160-thread-1] INFO  util.JmxRegister (JmxRegister.java:tryRegister(44)) - Successfully registered JMX Bean with object name Ratis:service=RaftServer,group=group-5A989687386A,id=ff2200df-c480-449e-9c09-7fcb33586f76
2022-06-11 13:52:14,202 [Command processor thread] INFO  ratis.XceiverServerRatis (XceiverServerRatis.java:addGroup(765)) - Created group PipelineID=1169bc70-b00d-42fc-b248-5a989687386a
2022-06-11 13:52:14,202 [Command processor thread] INFO  commandhandler.CreatePipelineCommandHandler (CreatePipelineCommandHandler.java:handle(113)) - Created Pipeline RATIS ONE PipelineID=1169bc70-b00d-42fc-b248-5a989687386a.
2022-06-11 13:52:14,763 [ReplicationMonitor] INFO  replication.ReplicationManager (ReplicationManager.java:processAll(228)) - Replication Manager is not ready to run until 3000ms after safemode exit
2022-06-11 13:52:15,183 [Listener at 127.0.0.1/40219] INFO  ozone.MiniOzoneClusterImpl (MiniOzoneClusterImpl.java:lambda$waitForClusterToBeReady$0(221)) - Nodes are ready. Got 5 of 5 DN Heartbeats.
2022-06-11 13:52:15,184 [Listener at 127.0.0.1/40219] INFO  ozone.MiniOzoneClusterImpl (MiniOzoneClusterImpl.java:lambda$waitForClusterToBeReady$0(224)) - Waiting for cluster to exit safe mode
2022-06-11 13:52:15,184 [Listener at 127.0.0.1/40219] INFO  ozone.MiniOzoneClusterImpl (MiniOzoneClusterImpl.java:lambda$waitForClusterToBeReady$0(226)) - SCM became leader
2022-06-11 13:52:15,764 [ReplicationMonitor] INFO  replication.ReplicationManager (ReplicationManager.java:processAll(228)) - Replication Manager is not ready to run until 3000ms after safemode exit
2022-06-11 13:52:16,184 [Listener at 127.0.0.1/40219] INFO  ozone.MiniOzoneClusterImpl (MiniOzoneClusterImpl.java:lambda$waitForClusterToBeReady$0(221)) - Nodes are ready. Got 5 of 5 DN Heartbeats.
2022-06-11 13:52:16,184 [Listener at 127.0.0.1/40219] INFO  ozone.MiniOzoneClusterImpl (MiniOzoneClusterImpl.java:lambda$waitForClusterToBeReady$0(224)) - Waiting for cluster to exit safe mode
2022-06-11 13:52:16,184 [Listener at 127.0.0.1/40219] INFO  ozone.MiniOzoneClusterImpl (MiniOzoneClusterImpl.java:lambda$waitForClusterToBeReady$0(226)) - SCM became leader
2022-06-11 13:52:16,764 [ReplicationMonitor] INFO  replication.ReplicationManager (ReplicationManager.java:processAll(228)) - Replication Manager is not ready to run until 3000ms after safemode exit
2022-06-11 13:52:17,184 [Listener at 127.0.0.1/40219] INFO  ozone.MiniOzoneClusterImpl (MiniOzoneClusterImpl.java:lambda$waitForClusterToBeReady$0(221)) - Nodes are ready. Got 5 of 5 DN Heartbeats.
2022-06-11 13:52:17,185 [Listener at 127.0.0.1/40219] INFO  ozone.MiniOzoneClusterImpl (MiniOzoneClusterImpl.java:lambda$waitForClusterToBeReady$0(224)) - Waiting for cluster to exit safe mode
2022-06-11 13:52:17,185 [Listener at 127.0.0.1/40219] INFO  ozone.MiniOzoneClusterImpl (MiniOzoneClusterImpl.java:lambda$waitForClusterToBeReady$0(226)) - SCM became leader
2022-06-11 13:52:17,764 [ReplicationMonitor] INFO  replication.ReplicationManager (ReplicationManager.java:processAll(228)) - Replication Manager is not ready to run until 3000ms after safemode exit
2022-06-11 13:52:17,769 [ea3eb705-49c6-47b6-816e-3ad6ae2807f4@group-BD99F308E032-FollowerState] INFO  impl.FollowerState (FollowerState.java:run(143)) - ea3eb705-49c6-47b6-816e-3ad6ae2807f4@group-BD99F308E032-FollowerState: change to CANDIDATE, lastRpcElapsedTime:5073021055ns, electionTimeout:5067ms
2022-06-11 13:52:17,769 [ea3eb705-49c6-47b6-816e-3ad6ae2807f4@group-BD99F308E032-FollowerState] INFO  impl.RoleInfo (RoleInfo.java:shutdownFollowerState(110)) - ea3eb705-49c6-47b6-816e-3ad6ae2807f4: shutdown ea3eb705-49c6-47b6-816e-3ad6ae2807f4@group-BD99F308E032-FollowerState
2022-06-11 13:52:17,769 [ea3eb705-49c6-47b6-816e-3ad6ae2807f4@group-BD99F308E032-FollowerState] INFO  server.RaftServer$Division (RaftServerImpl.java:setRole(299)) - ea3eb705-49c6-47b6-816e-3ad6ae2807f4@group-BD99F308E032: changes role from  FOLLOWER to CANDIDATE at term 0 for changeToCandidate
2022-06-11 13:52:17,769 [ea3eb705-49c6-47b6-816e-3ad6ae2807f4@group-BD99F308E032-FollowerState] INFO  server.RaftServerConfigKeys (ConfUtils.java:logGet(46)) - raft.server.leaderelection.pre-vote = false (custom)
2022-06-11 13:52:17,769 [ea3eb705-49c6-47b6-816e-3ad6ae2807f4@group-BD99F308E032-FollowerState] INFO  impl.RoleInfo (RoleInfo.java:updateAndGet(139)) - ea3eb705-49c6-47b6-816e-3ad6ae2807f4: start ea3eb705-49c6-47b6-816e-3ad6ae2807f4@group-BD99F308E032-LeaderElection2
2022-06-11 13:52:17,779 [ea3eb705-49c6-47b6-816e-3ad6ae2807f4@group-BD99F308E032-LeaderElection2] INFO  impl.LeaderElection (LeaderElection.java:askForVotes(310)) - ea3eb705-49c6-47b6-816e-3ad6ae2807f4@group-BD99F308E032-LeaderElection2 ELECTION round 0: submit vote requests at term 1 for -1: [ea3eb705-49c6-47b6-816e-3ad6ae2807f4|rpc:10.1.0.23:42799|priority:1], old=null
2022-06-11 13:52:17,779 [ea3eb705-49c6-47b6-816e-3ad6ae2807f4@group-BD99F308E032-LeaderElection2] INFO  impl.LeaderElection (LeaderElection.java:askForVotes(312)) - ea3eb705-49c6-47b6-816e-3ad6ae2807f4@group-BD99F308E032-LeaderElection2 ELECTION round 0: result PASSED (term=1)
2022-06-11 13:52:17,779 [ea3eb705-49c6-47b6-816e-3ad6ae2807f4@group-BD99F308E032-LeaderElection2] INFO  impl.RoleInfo (RoleInfo.java:shutdownLeaderElection(130)) - ea3eb705-49c6-47b6-816e-3ad6ae2807f4: shutdown ea3eb705-49c6-47b6-816e-3ad6ae2807f4@group-BD99F308E032-LeaderElection2
2022-06-11 13:52:17,779 [ea3eb705-49c6-47b6-816e-3ad6ae2807f4@group-BD99F308E032-LeaderElection2] INFO  server.RaftServer$Division (RaftServerImpl.java:setRole(299)) - ea3eb705-49c6-47b6-816e-3ad6ae2807f4@group-BD99F308E032: changes role from CANDIDATE to LEADER at term 1 for changeToLeader
2022-06-11 13:52:17,779 [ea3eb705-49c6-47b6-816e-3ad6ae2807f4@group-BD99F308E032-LeaderElection2] INFO  ratis.XceiverServerRatis (XceiverServerRatis.java:handleLeaderChangedNotification(863)) - Leader change notification received for group: group-BD99F308E032 with new leaderId: ea3eb705-49c6-47b6-816e-3ad6ae2807f4
2022-06-11 13:52:17,780 [ea3eb705-49c6-47b6-816e-3ad6ae2807f4@group-BD99F308E032-LeaderElection2] INFO  server.RaftServer$Division (ServerState.java:setLeader(287)) - ea3eb705-49c6-47b6-816e-3ad6ae2807f4@group-BD99F308E032: change Leader from null to ea3eb705-49c6-47b6-816e-3ad6ae2807f4 at term 1 for becomeLeader, leader elected after 5104ms
2022-06-11 13:52:17,780 [ea3eb705-49c6-47b6-816e-3ad6ae2807f4@group-BD99F308E032-LeaderElection2] INFO  server.RaftServerConfigKeys (ConfUtils.java:logGet(46)) - raft.server.staging.catchup.gap = 1000 (default)
2022-06-11 13:52:17,780 [ea3eb705-49c6-47b6-816e-3ad6ae2807f4@group-BD99F308E032-LeaderElection2] INFO  server.RaftServerConfigKeys (ConfUtils.java:logGet(46)) - raft.server.write.element-limit = 1024 (custom)
2022-06-11 13:52:17,781 [ea3eb705-49c6-47b6-816e-3ad6ae2807f4@group-BD99F308E032-LeaderElection2] INFO  server.RaftServerConfigKeys (ConfUtils.java:logGet(46)) - raft.server.write.byte-limit = 1024 M (=1073741824) (custom)
2022-06-11 13:52:17,781 [ea3eb705-49c6-47b6-816e-3ad6ae2807f4@group-BD99F308E032-LeaderElection2] INFO  server.RaftServerConfigKeys (ConfUtils.java:logGet(46)) - raft.server.watch.timeout = 180s (custom)
2022-06-11 13:52:17,781 [EventQueue-OpenPipelineForHealthyPipelineSafeModeRule] INFO  safemode.SCMSafeModeManager (HealthyPipelineSafeModeRule.java:process(124)) - SCM in safe mode. Healthy pipelines reported count is 0, required healthy pipeline reported count is 1
2022-06-11 13:52:17,781 [ea3eb705-49c6-47b6-816e-3ad6ae2807f4@group-BD99F308E032-LeaderElection2] INFO  server.RaftServerConfigKeys (ConfUtils.java:logGet(46)) - raft.server.watch.timeout.denomination = 1s (default)
2022-06-11 13:52:17,782 [ea3eb705-49c6-47b6-816e-3ad6ae2807f4@group-BD99F308E032-LeaderElection2] INFO  server.RaftServerConfigKeys (ConfUtils.java:logGet(46)) - raft.server.watch.element-limit = 65536 (default)
2022-06-11 13:52:17,782 [ea3eb705-49c6-47b6-816e-3ad6ae2807f4@group-BD99F308E032-LeaderElection2] INFO  server.RaftServerConfigKeys (ConfUtils.java:logGet(46)) - raft.server.write.element-limit = 1024 (custom)
2022-06-11 13:52:17,782 [ea3eb705-49c6-47b6-816e-3ad6ae2807f4@group-BD99F308E032-LeaderElection2] INFO  server.RaftServerConfigKeys (ConfUtils.java:logGet(46)) - raft.server.write.follower.gap.ratio.max = -1.0 (default)
2022-06-11 13:52:17,782 [ea3eb705-49c6-47b6-816e-3ad6ae2807f4@group-BD99F308E032-LeaderElection2] INFO  impl.RoleInfo (RoleInfo.java:updateAndGet(139)) - ea3eb705-49c6-47b6-816e-3ad6ae2807f4: start ea3eb705-49c6-47b6-816e-3ad6ae2807f4@group-BD99F308E032-LeaderStateImpl
2022-06-11 13:52:17,782 [ea3eb705-49c6-47b6-816e-3ad6ae2807f4@group-BD99F308E032-LeaderElection2] INFO  segmented.SegmentedRaftLogWorker (SegmentedRaftLogWorker.java:startLogSegment(425)) - ea3eb705-49c6-47b6-816e-3ad6ae2807f4@group-BD99F308E032-SegmentedRaftLogWorker: Starting segment from index:0
2022-06-11 13:52:17,784 [ea3eb705-49c6-47b6-816e-3ad6ae2807f4@group-BD99F308E032-SegmentedRaftLogWorker] INFO  segmented.SegmentedRaftLogWorker (SegmentedRaftLogWorker.java:execute(629)) - ea3eb705-49c6-47b6-816e-3ad6ae2807f4@group-BD99F308E032-SegmentedRaftLogWorker: created new log segment /home/runner/work/ozone/ozone/hadoop-ozone/integration-test/target/test-dir/MiniOzoneClusterImpl-239f68c3-3068-4753-adf8-1c2cb01b4c57/datanode-0/data/ratis/f3fb6199-eb48-4966-a4ac-bd99f308e032/current/log_inprogress_0
2022-06-11 13:52:17,789 [ea3eb705-49c6-47b6-816e-3ad6ae2807f4@group-BD99F308E032-LeaderElection2] INFO  server.RaftServer$Division (ServerState.java:setRaftConf(393)) - ea3eb705-49c6-47b6-816e-3ad6ae2807f4@group-BD99F308E032: set configuration 0: [ea3eb705-49c6-47b6-816e-3ad6ae2807f4|rpc:10.1.0.23:42799|dataStream:|priority:1], old=null
2022-06-11 13:52:17,840 [ea3eb705-49c6-47b6-816e-3ad6ae2807f4@group-8CDEE701A878-FollowerState] INFO  impl.FollowerState (FollowerState.java:run(143)) - ea3eb705-49c6-47b6-816e-3ad6ae2807f4@group-8CDEE701A878-FollowerState: change to CANDIDATE, lastRpcElapsedTime:5104378817ns, electionTimeout:5100ms
2022-06-11 13:52:17,842 [ea3eb705-49c6-47b6-816e-3ad6ae2807f4@group-8CDEE701A878-FollowerState] INFO  impl.RoleInfo (RoleInfo.java:shutdownFollowerState(110)) - ea3eb705-49c6-47b6-816e-3ad6ae2807f4: shutdown ea3eb705-49c6-47b6-816e-3ad6ae2807f4@group-8CDEE701A878-FollowerState
2022-06-11 13:52:17,842 [ea3eb705-49c6-47b6-816e-3ad6ae2807f4@group-8CDEE701A878-FollowerState] INFO  server.RaftServer$Division (RaftServerImpl.java:setRole(299)) - ea3eb705-49c6-47b6-816e-3ad6ae2807f4@group-8CDEE701A878: changes role from  FOLLOWER to CANDIDATE at term 0 for changeToCandidate
2022-06-11 13:52:17,842 [ea3eb705-49c6-47b6-816e-3ad6ae2807f4@group-8CDEE701A878-FollowerState] INFO  server.RaftServerConfigKeys (ConfUtils.java:logGet(46)) - raft.server.leaderelection.pre-vote = false (custom)
2022-06-11 13:52:17,842 [ea3eb705-49c6-47b6-816e-3ad6ae2807f4@group-8CDEE701A878-FollowerState] INFO  impl.RoleInfo (RoleInfo.java:updateAndGet(139)) - ea3eb705-49c6-47b6-816e-3ad6ae2807f4: start ea3eb705-49c6-47b6-816e-3ad6ae2807f4@group-8CDEE701A878-LeaderElection3
2022-06-11 13:52:17,845 [ea3eb705-49c6-47b6-816e-3ad6ae2807f4@group-8CDEE701A878-LeaderElection3] INFO  impl.LeaderElection (LeaderElection.java:askForVotes(310)) - ea3eb705-49c6-47b6-816e-3ad6ae2807f4@group-8CDEE701A878-LeaderElection3 ELECTION round 0: submit vote requests at term 1 for -1: [3cd9928a-a775-4af4-b787-40493a0c430a|rpc:10.1.0.23:38303|priority:0, ea3eb705-49c6-47b6-816e-3ad6ae2807f4|rpc:10.1.0.23:42799|priority:0, b72d34ed-ef2d-423d-934c-fedae9a767a6|rpc:10.1.0.23:39643|priority:1], old=null
2022-06-11 13:52:17,881 [grpc-default-executor-1] INFO  server.RaftServer$Division (RaftServerImpl.java:requestVote(1152)) - 3cd9928a-a775-4af4-b787-40493a0c430a@group-8CDEE701A878: receive requestVote(ELECTION, ea3eb705-49c6-47b6-816e-3ad6ae2807f4, group-8CDEE701A878, 1, (t:0, i:0))
2022-06-11 13:52:17,883 [grpc-default-executor-0] INFO  server.RaftServer$Division (RaftServerImpl.java:requestVote(1152)) - b72d34ed-ef2d-423d-934c-fedae9a767a6@group-8CDEE701A878: receive requestVote(ELECTION, ea3eb705-49c6-47b6-816e-3ad6ae2807f4, group-8CDEE701A878, 1, (t:0, i:0))
2022-06-11 13:52:17,883 [grpc-default-executor-0] INFO  impl.VoteContext (VoteContext.java:log(48)) - b72d34ed-ef2d-423d-934c-fedae9a767a6@group-8CDEE701A878-FOLLOWER: reject ELECTION from ea3eb705-49c6-47b6-816e-3ad6ae2807f4: our priority 1 > candidate's priority 0
2022-06-11 13:52:17,884 [grpc-default-executor-0] INFO  server.RaftServer$Division (RaftServerImpl.java:setRole(299)) - b72d34ed-ef2d-423d-934c-fedae9a767a6@group-8CDEE701A878: changes role from  FOLLOWER to FOLLOWER at term 1 for candidate:ea3eb705-49c6-47b6-816e-3ad6ae2807f4
2022-06-11 13:52:17,884 [grpc-default-executor-0] INFO  impl.RoleInfo (RoleInfo.java:shutdownFollowerState(110)) - b72d34ed-ef2d-423d-934c-fedae9a767a6: shutdown b72d34ed-ef2d-423d-934c-fedae9a767a6@group-8CDEE701A878-FollowerState
2022-06-11 13:52:17,884 [grpc-default-executor-0] INFO  impl.RoleInfo (RoleInfo.java:updateAndGet(139)) - b72d34ed-ef2d-423d-934c-fedae9a767a6: start b72d34ed-ef2d-423d-934c-fedae9a767a6@group-8CDEE701A878-FollowerState
2022-06-11 13:52:17,884 [b72d34ed-ef2d-423d-934c-fedae9a767a6@group-8CDEE701A878-FollowerState] INFO  impl.FollowerState (FollowerState.java:run(152)) - b72d34ed-ef2d-423d-934c-fedae9a767a6@group-8CDEE701A878-FollowerState was interrupted
2022-06-11 13:52:17,884 [grpc-default-executor-1] INFO  impl.VoteContext (VoteContext.java:log(48)) - 3cd9928a-a775-4af4-b787-40493a0c430a@group-8CDEE701A878-FOLLOWER: accept ELECTION from ea3eb705-49c6-47b6-816e-3ad6ae2807f4: our priority 0 <= candidate's priority 0
2022-06-11 13:52:17,885 [grpc-default-executor-1] INFO  server.RaftServer$Division (RaftServerImpl.java:setRole(299)) - 3cd9928a-a775-4af4-b787-40493a0c430a@group-8CDEE701A878: changes role from  FOLLOWER to FOLLOWER at term 1 for candidate:ea3eb705-49c6-47b6-816e-3ad6ae2807f4
2022-06-11 13:52:17,885 [grpc-default-executor-1] INFO  impl.RoleInfo (RoleInfo.java:shutdownFollowerState(110)) - 3cd9928a-a775-4af4-b787-40493a0c430a: shutdown 3cd9928a-a775-4af4-b787-40493a0c430a@group-8CDEE701A878-FollowerState
2022-06-11 13:52:17,885 [grpc-default-executor-1] INFO  impl.RoleInfo (RoleInfo.java:updateAndGet(139)) - 3cd9928a-a775-4af4-b787-40493a0c430a: start 3cd9928a-a775-4af4-b787-40493a0c430a@group-8CDEE701A878-FollowerState
2022-06-11 13:52:17,885 [3cd9928a-a775-4af4-b787-40493a0c430a@group-8CDEE701A878-FollowerState] INFO  impl.FollowerState (FollowerState.java:run(152)) - 3cd9928a-a775-4af4-b787-40493a0c430a@group-8CDEE701A878-FollowerState was interrupted
2022-06-11 13:52:17,897 [grpc-default-executor-0] INFO  server.RaftServer$Division (RaftServerImpl.java:requestVote(1184)) - b72d34ed-ef2d-423d-934c-fedae9a767a6@group-8CDEE701A878 replies to ELECTION vote request: ea3eb705-49c6-47b6-816e-3ad6ae2807f4<-b72d34ed-ef2d-423d-934c-fedae9a767a6#0:FAIL-t1. Peer's state: b72d34ed-ef2d-423d-934c-fedae9a767a6@group-8CDEE701A878:t1, leader=null, voted=null, raftlog=b72d34ed-ef2d-423d-934c-fedae9a767a6@group-8CDEE701A878-SegmentedRaftLog:OPENED:c-1, conf=-1: [3cd9928a-a775-4af4-b787-40493a0c430a|rpc:10.1.0.23:38303|dataStream:|priority:0, ea3eb705-49c6-47b6-816e-3ad6ae2807f4|rpc:10.1.0.23:42799|dataStream:|priority:0, b72d34ed-ef2d-423d-934c-fedae9a767a6|rpc:10.1.0.23:39643|dataStream:|priority:1], old=null
2022-06-11 13:52:17,900 [grpc-default-executor-1] INFO  server.RaftServer$Division (RaftServerImpl.java:requestVote(1184)) - 3cd9928a-a775-4af4-b787-40493a0c430a@group-8CDEE701A878 replies to ELECTION vote request: ea3eb705-49c6-47b6-816e-3ad6ae2807f4<-3cd9928a-a775-4af4-b787-40493a0c430a#0:OK-t1. Peer's state: 3cd9928a-a775-4af4-b787-40493a0c430a@group-8CDEE701A878:t1, leader=null, voted=ea3eb705-49c6-47b6-816e-3ad6ae2807f4, raftlog=3cd9928a-a775-4af4-b787-40493a0c430a@group-8CDEE701A878-SegmentedRaftLog:OPENED:c-1, conf=-1: [3cd9928a-a775-4af4-b787-40493a0c430a|rpc:10.1.0.23:38303|priority:0, ea3eb705-49c6-47b6-816e-3ad6ae2807f4|rpc:10.1.0.23:42799|priority:0, b72d34ed-ef2d-423d-934c-fedae9a767a6|rpc:10.1.0.23:39643|priority:1], old=null
2022-06-11 13:52:17,904 [ea3eb705-49c6-47b6-816e-3ad6ae2807f4@group-8CDEE701A878-LeaderElection3] INFO  impl.LeaderElection (LeaderElection.java:logAndReturn(90)) - ea3eb705-49c6-47b6-816e-3ad6ae2807f4@group-8CDEE701A878-LeaderElection3: ELECTION REJECTED received 1 response(s) and 0 exception(s):
2022-06-11 13:52:17,905 [ea3eb705-49c6-47b6-816e-3ad6ae2807f4@group-8CDEE701A878-LeaderElection3] INFO  impl.LeaderElection (LeaderElection.java:logAndReturn(94)) -   Response 0: ea3eb705-49c6-47b6-816e-3ad6ae2807f4<-b72d34ed-ef2d-423d-934c-fedae9a767a6#0:FAIL-t1
2022-06-11 13:52:17,905 [ea3eb705-49c6-47b6-816e-3ad6ae2807f4@group-8CDEE701A878-LeaderElection3] INFO  impl.LeaderElection (LeaderElection.java:askForVotes(312)) - ea3eb705-49c6-47b6-816e-3ad6ae2807f4@group-8CDEE701A878-LeaderElection3 ELECTION round 0: result REJECTED
2022-06-11 13:52:17,905 [ea3eb705-49c6-47b6-816e-3ad6ae2807f4@group-8CDEE701A878-LeaderElection3] INFO  server.RaftServer$Division (RaftServerImpl.java:setRole(299)) - ea3eb705-49c6-47b6-816e-3ad6ae2807f4@group-8CDEE701A878: changes role from CANDIDATE to FOLLOWER at term 1 for REJECTED
2022-06-11 13:52:17,905 [ea3eb705-49c6-47b6-816e-3ad6ae2807f4@group-8CDEE701A878-LeaderElection3] INFO  impl.RoleInfo (RoleInfo.java:shutdownLeaderElection(130)) - ea3eb705-49c6-47b6-816e-3ad6ae2807f4: shutdown ea3eb705-49c6-47b6-816e-3ad6ae2807f4@group-8CDEE701A878-LeaderElection3
2022-06-11 13:52:17,905 [ea3eb705-49c6-47b6-816e-3ad6ae2807f4@group-8CDEE701A878-LeaderElection3] INFO  impl.RoleInfo (RoleInfo.java:updateAndGet(139)) - ea3eb705-49c6-47b6-816e-3ad6ae2807f4: start ea3eb705-49c6-47b6-816e-3ad6ae2807f4@group-8CDEE701A878-FollowerState
2022-06-11 13:52:18,185 [Listener at 127.0.0.1/40219] INFO  ozone.MiniOzoneClusterImpl (MiniOzoneClusterImpl.java:lambda$waitForClusterToBeReady$0(221)) - Nodes are ready. Got 5 of 5 DN Heartbeats.
2022-06-11 13:52:18,186 [Listener at 127.0.0.1/40219] INFO  ozone.MiniOzoneClusterImpl (MiniOzoneClusterImpl.java:lambda$waitForClusterToBeReady$0(224)) - Waiting for cluster to exit safe mode
2022-06-11 13:52:18,186 [Listener at 127.0.0.1/40219] INFO  ozone.MiniOzoneClusterImpl (MiniOzoneClusterImpl.java:lambda$waitForClusterToBeReady$0(226)) - SCM became leader
2022-06-11 13:52:18,285 [3cd9928a-a775-4af4-b787-40493a0c430a@group-76F3D6715CFC-FollowerState] INFO  impl.FollowerState (FollowerState.java:run(143)) - 3cd9928a-a775-4af4-b787-40493a0c430a@group-76F3D6715CFC-FollowerState: change to CANDIDATE, lastRpcElapsedTime:5141385552ns, electionTimeout:5127ms
2022-06-11 13:52:18,285 [3cd9928a-a775-4af4-b787-40493a0c430a@group-76F3D6715CFC-FollowerState] INFO  impl.RoleInfo (RoleInfo.java:shutdownFollowerState(110)) - 3cd9928a-a775-4af4-b787-40493a0c430a: shutdown 3cd9928a-a775-4af4-b787-40493a0c430a@group-76F3D6715CFC-FollowerState
2022-06-11 13:52:18,285 [3cd9928a-a775-4af4-b787-40493a0c430a@group-76F3D6715CFC-FollowerState] INFO  server.RaftServer$Division (RaftServerImpl.java:setRole(299)) - 3cd9928a-a775-4af4-b787-40493a0c430a@group-76F3D6715CFC: changes role from  FOLLOWER to CANDIDATE at term 0 for changeToCandidate
2022-06-11 13:52:18,285 [3cd9928a-a775-4af4-b787-40493a0c430a@group-76F3D6715CFC-FollowerState] INFO  server.RaftServerConfigKeys (ConfUtils.java:logGet(46)) - raft.server.leaderelection.pre-vote = false (custom)
2022-06-11 13:52:18,285 [3cd9928a-a775-4af4-b787-40493a0c430a@group-76F3D6715CFC-FollowerState] INFO  impl.RoleInfo (RoleInfo.java:updateAndGet(139)) - 3cd9928a-a775-4af4-b787-40493a0c430a: start 3cd9928a-a775-4af4-b787-40493a0c430a@group-76F3D6715CFC-LeaderElection4
2022-06-11 13:52:18,289 [3cd9928a-a775-4af4-b787-40493a0c430a@group-76F3D6715CFC-LeaderElection4] INFO  impl.LeaderElection (LeaderElection.java:askForVotes(310)) - 3cd9928a-a775-4af4-b787-40493a0c430a@group-76F3D6715CFC-LeaderElection4 ELECTION round 0: submit vote requests at term 1 for -1: [3cd9928a-a775-4af4-b787-40493a0c430a|rpc:10.1.0.23:38303|priority:1], old=null
2022-06-11 13:52:18,289 [3cd9928a-a775-4af4-b787-40493a0c430a@group-76F3D6715CFC-LeaderElection4] INFO  impl.LeaderElection (LeaderElection.java:askForVotes(312)) - 3cd9928a-a775-4af4-b787-40493a0c430a@group-76F3D6715CFC-LeaderElection4 ELECTION round 0: result PASSED (term=1)
2022-06-11 13:52:18,289 [3cd9928a-a775-4af4-b787-40493a0c430a@group-76F3D6715CFC-LeaderElection4] INFO  impl.RoleInfo (RoleInfo.java:shutdownLeaderElection(130)) - 3cd9928a-a775-4af4-b787-40493a0c430a: shutdown 3cd9928a-a775-4af4-b787-40493a0c430a@group-76F3D6715CFC-LeaderElection4
2022-06-11 13:52:18,289 [3cd9928a-a775-4af4-b787-40493a0c430a@group-76F3D6715CFC-LeaderElection4] INFO  server.RaftServer$Division (RaftServerImpl.java:setRole(299)) - 3cd9928a-a775-4af4-b787-40493a0c430a@group-76F3D6715CFC: changes role from CANDIDATE to LEADER at term 1 for changeToLeader
2022-06-11 13:52:18,289 [3cd9928a-a775-4af4-b787-40493a0c430a@group-76F3D6715CFC-LeaderElection4] INFO  ratis.XceiverServerRatis (XceiverServerRatis.java:handleLeaderChangedNotification(863)) - Leader change notification received for group: group-76F3D6715CFC with new leaderId: 3cd9928a-a775-4af4-b787-40493a0c430a
2022-06-11 13:52:18,290 [3cd9928a-a775-4af4-b787-40493a0c430a@group-76F3D6715CFC-LeaderElection4] INFO  server.RaftServer$Division (ServerState.java:setLeader(287)) - 3cd9928a-a775-4af4-b787-40493a0c430a@group-76F3D6715CFC: change Leader from null to 3cd9928a-a775-4af4-b787-40493a0c430a at term 1 for becomeLeader, leader elected after 5165ms
2022-06-11 13:52:18,290 [3cd9928a-a775-4af4-b787-40493a0c430a@group-76F3D6715CFC-LeaderElection4] INFO  server.RaftServerConfigKeys (ConfUtils.java:logGet(46)) - raft.server.staging.catchup.gap = 1000 (default)
2022-06-11 13:52:18,290 [3cd9928a-a775-4af4-b787-40493a0c430a@group-76F3D6715CFC-LeaderElection4] INFO  server.RaftServerConfigKeys (ConfUtils.java:logGet(46)) - raft.server.write.element-limit = 1024 (custom)
2022-06-11 13:52:18,290 [3cd9928a-a775-4af4-b787-40493a0c430a@group-76F3D6715CFC-LeaderElection4] INFO  server.RaftServerConfigKeys (ConfUtils.java:logGet(46)) - raft.server.write.byte-limit = 1024 M (=1073741824) (custom)
2022-06-11 13:52:18,291 [3cd9928a-a775-4af4-b787-40493a0c430a@group-76F3D6715CFC-LeaderElection4] INFO  server.RaftServerConfigKeys (ConfUtils.java:logGet(46)) - raft.server.watch.timeout = 180s (custom)
2022-06-11 13:52:18,291 [3cd9928a-a775-4af4-b787-40493a0c430a@group-76F3D6715CFC-LeaderElection4] INFO  server.RaftServerConfigKeys (ConfUtils.java:logGet(46)) - raft.server.watch.timeout.denomination = 1s (default)
2022-06-11 13:52:18,291 [3cd9928a-a775-4af4-b787-40493a0c430a@group-76F3D6715CFC-LeaderElection4] INFO  server.RaftServerConfigKeys (ConfUtils.java:logGet(46)) - raft.server.watch.element-limit = 65536 (default)
2022-06-11 13:52:18,291 [3cd9928a-a775-4af4-b787-40493a0c430a@group-76F3D6715CFC-LeaderElection4] INFO  server.RaftServerConfigKeys (ConfUtils.java:logGet(46)) - raft.server.write.element-limit = 1024 (custom)
2022-06-11 13:52:18,291 [3cd9928a-a775-4af4-b787-40493a0c430a@group-76F3D6715CFC-LeaderElection4] INFO  server.RaftServerConfigKeys (ConfUtils.java:logGet(46)) - raft.server.write.follower.gap.ratio.max = -1.0 (default)
2022-06-11 13:52:18,291 [3cd9928a-a775-4af4-b787-40493a0c430a@group-76F3D6715CFC-LeaderElection4] INFO  impl.RoleInfo (RoleInfo.java:updateAndGet(139)) - 3cd9928a-a775-4af4-b787-40493a0c430a: start 3cd9928a-a775-4af4-b787-40493a0c430a@group-76F3D6715CFC-LeaderStateImpl
2022-06-11 13:52:18,291 [3cd9928a-a775-4af4-b787-40493a0c430a@group-76F3D6715CFC-LeaderElection4] INFO  segmented.SegmentedRaftLogWorker (SegmentedRaftLogWorker.java:startLogSegment(425)) - 3cd9928a-a775-4af4-b787-40493a0c430a@group-76F3D6715CFC-SegmentedRaftLogWorker: Starting segment from index:0
2022-06-11 13:52:18,293 [EventQueue-OpenPipelineForHealthyPipelineSafeModeRule] INFO  safemode.SCMSafeModeManager (HealthyPipelineSafeModeRule.java:process(124)) - SCM in safe mode. Healthy pipelines reported count is 0, required healthy pipeline reported count is 1
2022-06-11 13:52:18,297 [3cd9928a-a775-4af4-b787-40493a0c430a@group-76F3D6715CFC-LeaderElection4] INFO  server.RaftServer$Division (ServerState.java:setRaftConf(393)) - 3cd9928a-a775-4af4-b787-40493a0c430a@group-76F3D6715CFC: set configuration 0: [3cd9928a-a775-4af4-b787-40493a0c430a|rpc:10.1.0.23:38303|dataStream:|priority:1], old=null
2022-06-11 13:52:18,298 [3cd9928a-a775-4af4-b787-40493a0c430a@group-76F3D6715CFC-SegmentedRaftLogWorker] INFO  segmented.SegmentedRaftLogWorker (SegmentedRaftLogWorker.java:execute(629)) - 3cd9928a-a775-4af4-b787-40493a0c430a@group-76F3D6715CFC-SegmentedRaftLogWorker: created new log segment /home/runner/work/ozone/ozone/hadoop-ozone/integration-test/target/test-dir/MiniOzoneClusterImpl-239f68c3-3068-4753-adf8-1c2cb01b4c57/datanode-1/data/ratis/cf759c5d-8190-47ae-bf4d-76f3d6715cfc/current/log_inprogress_0
2022-06-11 13:52:18,574 [b72d34ed-ef2d-423d-934c-fedae9a767a6@group-D735D23348C9-FollowerState] INFO  impl.FollowerState (FollowerState.java:run(143)) - b72d34ed-ef2d-423d-934c-fedae9a767a6@group-D735D23348C9-FollowerState: change to CANDIDATE, lastRpcElapsedTime:5031163428ns, electionTimeout:5029ms
2022-06-11 13:52:18,574 [b72d34ed-ef2d-423d-934c-fedae9a767a6@group-D735D23348C9-FollowerState] INFO  impl.RoleInfo (RoleInfo.java:shutdownFollowerState(110)) - b72d34ed-ef2d-423d-934c-fedae9a767a6: shutdown b72d34ed-ef2d-423d-934c-fedae9a767a6@group-D735D23348C9-FollowerState
2022-06-11 13:52:18,574 [b72d34ed-ef2d-423d-934c-fedae9a767a6@group-D735D23348C9-FollowerState] INFO  server.RaftServer$Division (RaftServerImpl.java:setRole(299)) - b72d34ed-ef2d-423d-934c-fedae9a767a6@group-D735D23348C9: changes role from  FOLLOWER to CANDIDATE at term 0 for changeToCandidate
2022-06-11 13:52:18,574 [b72d34ed-ef2d-423d-934c-fedae9a767a6@group-D735D23348C9-FollowerState] INFO  server.RaftServerConfigKeys (ConfUtils.java:logGet(46)) - raft.server.leaderelection.pre-vote = false (custom)
2022-06-11 13:52:18,575 [b72d34ed-ef2d-423d-934c-fedae9a767a6@group-D735D23348C9-FollowerState] INFO  impl.RoleInfo (RoleInfo.java:updateAndGet(139)) - b72d34ed-ef2d-423d-934c-fedae9a767a6: start b72d34ed-ef2d-423d-934c-fedae9a767a6@group-D735D23348C9-LeaderElection5
2022-06-11 13:52:18,584 [b72d34ed-ef2d-423d-934c-fedae9a767a6@group-D735D23348C9-LeaderElection5] INFO  impl.LeaderElection (LeaderElection.java:askForVotes(310)) - b72d34ed-ef2d-423d-934c-fedae9a767a6@group-D735D23348C9-LeaderElection5 ELECTION round 0: submit vote requests at term 1 for -1: [b72d34ed-ef2d-423d-934c-fedae9a767a6|rpc:10.1.0.23:39643|priority:1], old=null
2022-06-11 13:52:18,584 [b72d34ed-ef2d-423d-934c-fedae9a767a6@group-D735D23348C9-LeaderElection5] INFO  impl.LeaderElection (LeaderElection.java:askForVotes(312)) - b72d34ed-ef2d-423d-934c-fedae9a767a6@group-D735D23348C9-LeaderElection5 ELECTION round 0: result PASSED (term=1)
2022-06-11 13:52:18,584 [b72d34ed-ef2d-423d-934c-fedae9a767a6@group-D735D23348C9-LeaderElection5] INFO  impl.RoleInfo (RoleInfo.java:shutdownLeaderElection(130)) - b72d34ed-ef2d-423d-934c-fedae9a767a6: shutdown b72d34ed-ef2d-423d-934c-fedae9a767a6@group-D735D23348C9-LeaderElection5
2022-06-11 13:52:18,584 [b72d34ed-ef2d-423d-934c-fedae9a767a6@group-D735D23348C9-LeaderElection5] INFO  server.RaftServer$Division (RaftServerImpl.java:setRole(299)) - b72d34ed-ef2d-423d-934c-fedae9a767a6@group-D735D23348C9: changes role from CANDIDATE to LEADER at term 1 for changeToLeader
2022-06-11 13:52:18,584 [b72d34ed-ef2d-423d-934c-fedae9a767a6@group-D735D23348C9-LeaderElection5] INFO  ratis.XceiverServerRatis (XceiverServerRatis.java:handleLeaderChangedNotification(863)) - Leader change notification received for group: group-D735D23348C9 with new leaderId: b72d34ed-ef2d-423d-934c-fedae9a767a6
2022-06-11 13:52:18,584 [b72d34ed-ef2d-423d-934c-fedae9a767a6@group-D735D23348C9-LeaderElection5] INFO  server.RaftServer$Division (ServerState.java:setLeader(287)) - b72d34ed-ef2d-423d-934c-fedae9a767a6@group-D735D23348C9: change Leader from null to b72d34ed-ef2d-423d-934c-fedae9a767a6 at term 1 for becomeLeader, leader elected after 5053ms
2022-06-11 13:52:18,585 [b72d34ed-ef2d-423d-934c-fedae9a767a6@group-D735D23348C9-LeaderElection5] INFO  server.RaftServerConfigKeys (ConfUtils.java:logGet(46)) - raft.server.staging.catchup.gap = 1000 (default)
2022-06-11 13:52:18,585 [b72d34ed-ef2d-423d-934c-fedae9a767a6@group-D735D23348C9-LeaderElection5] INFO  server.RaftServerConfigKeys (ConfUtils.java:logGet(46)) - raft.server.write.element-limit = 1024 (custom)
2022-06-11 13:52:18,585 [b72d34ed-ef2d-423d-934c-fedae9a767a6@group-D735D23348C9-LeaderElection5] INFO  server.RaftServerConfigKeys (ConfUtils.java:logGet(46)) - raft.server.write.byte-limit = 1024 M (=1073741824) (custom)
2022-06-11 13:52:18,586 [b72d34ed-ef2d-423d-934c-fedae9a767a6@group-D735D23348C9-LeaderElection5] INFO  server.RaftServerConfigKeys (ConfUtils.java:logGet(46)) - raft.server.watch.timeout = 180s (custom)
2022-06-11 13:52:18,586 [b72d34ed-ef2d-423d-934c-fedae9a767a6@group-D735D23348C9-LeaderElection5] INFO  server.RaftServerConfigKeys (ConfUtils.java:logGet(46)) - raft.server.watch.timeout.denomination = 1s (default)
2022-06-11 13:52:18,586 [b72d34ed-ef2d-423d-934c-fedae9a767a6@group-D735D23348C9-LeaderElection5] INFO  server.RaftServerConfigKeys (ConfUtils.java:logGet(46)) - raft.server.watch.element-limit = 65536 (default)
2022-06-11 13:52:18,586 [EventQueue-OpenPipelineForHealthyPipelineSafeModeRule] INFO  safemode.SCMSafeModeManager (HealthyPipelineSafeModeRule.java:process(124)) - SCM in safe mode. Healthy pipelines reported count is 0, required healthy pipeline reported count is 1
2022-06-11 13:52:18,586 [b72d34ed-ef2d-423d-934c-fedae9a767a6@group-D735D23348C9-LeaderElection5] INFO  server.RaftServerConfigKeys (ConfUtils.java:logGet(46)) - raft.server.write.element-limit = 1024 (custom)
2022-06-11 13:52:18,587 [b72d34ed-ef2d-423d-934c-fedae9a767a6@group-D735D23348C9-LeaderElection5] INFO  server.RaftServerConfigKeys (ConfUtils.java:logGet(46)) - raft.server.write.follower.gap.ratio.max = -1.0 (default)
2022-06-11 13:52:18,587 [b72d34ed-ef2d-423d-934c-fedae9a767a6@group-D735D23348C9-LeaderElection5] INFO  impl.RoleInfo (RoleInfo.java:updateAndGet(139)) - b72d34ed-ef2d-423d-934c-fedae9a767a6: start b72d34ed-ef2d-423d-934c-fedae9a767a6@group-D735D23348C9-LeaderStateImpl
2022-06-11 13:52:18,587 [b72d34ed-ef2d-423d-934c-fedae9a767a6@group-D735D23348C9-LeaderElection5] INFO  segmented.SegmentedRaftLogWorker (SegmentedRaftLogWorker.java:startLogSegment(425)) - b72d34ed-ef2d-423d-934c-fedae9a767a6@group-D735D23348C9-SegmentedRaftLogWorker: Starting segment from index:0
2022-06-11 13:52:18,588 [b72d34ed-ef2d-423d-934c-fedae9a767a6@group-D735D23348C9-LeaderElection5] INFO  server.RaftServer$Division (ServerState.java:setRaftConf(393)) - b72d34ed-ef2d-423d-934c-fedae9a767a6@group-D735D23348C9: set configuration 0: [b72d34ed-ef2d-423d-934c-fedae9a767a6|rpc:10.1.0.23:39643|dataStream:|priority:1], old=null
2022-06-11 13:52:18,589 [b72d34ed-ef2d-423d-934c-fedae9a767a6@group-D735D23348C9-SegmentedRaftLogWorker] INFO  segmented.SegmentedRaftLogWorker (SegmentedRaftLogWorker.java:execute(629)) - b72d34ed-ef2d-423d-934c-fedae9a767a6@group-D735D23348C9-SegmentedRaftLogWorker: created new log segment /home/runner/work/ozone/ozone/hadoop-ozone/integration-test/target/test-dir/MiniOzoneClusterImpl-239f68c3-3068-4753-adf8-1c2cb01b4c57/datanode-2/data/ratis/ba8166de-6a74-4f02-9adf-d735d23348c9/current/log_inprogress_0
2022-06-11 13:52:18,765 [ReplicationMonitor] INFO  replication.ReplicationManager (ReplicationManager.java:processAll(228)) - Replication Manager is not ready to run until 3000ms after safemode exit
2022-06-11 13:52:19,013 [53db1d32-3be9-432a-8996-6e0aa1d79bff@group-42030936E193-FollowerState] INFO  impl.FollowerState (FollowerState.java:run(143)) - 53db1d32-3be9-432a-8996-6e0aa1d79bff@group-42030936E193-FollowerState: change to CANDIDATE, lastRpcElapsedTime:5125455523ns, electionTimeout:5124ms
2022-06-11 13:52:19,013 [53db1d32-3be9-432a-8996-6e0aa1d79bff@group-42030936E193-FollowerState] INFO  impl.RoleInfo (RoleInfo.java:shutdownFollowerState(110)) - 53db1d32-3be9-432a-8996-6e0aa1d79bff: shutdown 53db1d32-3be9-432a-8996-6e0aa1d79bff@group-42030936E193-FollowerState
2022-06-11 13:52:19,013 [53db1d32-3be9-432a-8996-6e0aa1d79bff@group-42030936E193-FollowerState] INFO  server.RaftServer$Division (RaftServerImpl.java:setRole(299)) - 53db1d32-3be9-432a-8996-6e0aa1d79bff@group-42030936E193: changes role from  FOLLOWER to CANDIDATE at term 0 for changeToCandidate
2022-06-11 13:52:19,014 [53db1d32-3be9-432a-8996-6e0aa1d79bff@group-42030936E193-FollowerState] INFO  server.RaftServerConfigKeys (ConfUtils.java:logGet(46)) - raft.server.leaderelection.pre-vote = false (custom)
2022-06-11 13:52:19,014 [53db1d32-3be9-432a-8996-6e0aa1d79bff@group-42030936E193-FollowerState] INFO  impl.RoleInfo (RoleInfo.java:updateAndGet(139)) - 53db1d32-3be9-432a-8996-6e0aa1d79bff: start 53db1d32-3be9-432a-8996-6e0aa1d79bff@group-42030936E193-LeaderElection6
2022-06-11 13:52:19,020 [53db1d32-3be9-432a-8996-6e0aa1d79bff@group-42030936E193-LeaderElection6] INFO  impl.LeaderElection (LeaderElection.java:askForVotes(310)) - 53db1d32-3be9-432a-8996-6e0aa1d79bff@group-42030936E193-LeaderElection6 ELECTION round 0: submit vote requests at term 1 for -1: [53db1d32-3be9-432a-8996-6e0aa1d79bff|rpc:10.1.0.23:46375|priority:1], old=null
2022-06-11 13:52:19,021 [53db1d32-3be9-432a-8996-6e0aa1d79bff@group-42030936E193-LeaderElection6] INFO  impl.LeaderElection (LeaderElection.java:askForVotes(312)) - 53db1d32-3be9-432a-8996-6e0aa1d79bff@group-42030936E193-LeaderElection6 ELECTION round 0: result PASSED (term=1)
2022-06-11 13:52:19,021 [53db1d32-3be9-432a-8996-6e0aa1d79bff@group-42030936E193-LeaderElection6] INFO  impl.RoleInfo (RoleInfo.java:shutdownLeaderElection(130)) - 53db1d32-3be9-432a-8996-6e0aa1d79bff: shutdown 53db1d32-3be9-432a-8996-6e0aa1d79bff@group-42030936E193-LeaderElection6
2022-06-11 13:52:19,021 [53db1d32-3be9-432a-8996-6e0aa1d79bff@group-42030936E193-LeaderElection6] INFO  server.RaftServer$Division (RaftServerImpl.java:setRole(299)) - 53db1d32-3be9-432a-8996-6e0aa1d79bff@group-42030936E193: changes role from CANDIDATE to LEADER at term 1 for changeToLeader
2022-06-11 13:52:19,021 [53db1d32-3be9-432a-8996-6e0aa1d79bff@group-42030936E193-LeaderElection6] INFO  ratis.XceiverServerRatis (XceiverServerRatis.java:handleLeaderChangedNotification(863)) - Leader change notification received for group: group-42030936E193 with new leaderId: 53db1d32-3be9-432a-8996-6e0aa1d79bff
2022-06-11 13:52:19,021 [53db1d32-3be9-432a-8996-6e0aa1d79bff@group-42030936E193-LeaderElection6] INFO  server.RaftServer$Division (ServerState.java:setLeader(287)) - 53db1d32-3be9-432a-8996-6e0aa1d79bff@group-42030936E193: change Leader from null to 53db1d32-3be9-432a-8996-6e0aa1d79bff at term 1 for becomeLeader, leader elected after 5149ms
2022-06-11 13:52:19,021 [53db1d32-3be9-432a-8996-6e0aa1d79bff@group-42030936E193-LeaderElection6] INFO  server.RaftServerConfigKeys (ConfUtils.java:logGet(46)) - raft.server.staging.catchup.gap = 1000 (default)
2022-06-11 13:52:19,023 [EventQueue-OpenPipelineForHealthyPipelineSafeModeRule] INFO  safemode.SCMSafeModeManager (HealthyPipelineSafeModeRule.java:process(124)) - SCM in safe mode. Healthy pipelines reported count is 0, required healthy pipeline reported count is 1
2022-06-11 13:52:19,027 [53db1d32-3be9-432a-8996-6e0aa1d79bff@group-42030936E193-LeaderElection6] INFO  server.RaftServerConfigKeys (ConfUtils.java:logGet(46)) - raft.server.write.element-limit = 1024 (custom)
2022-06-11 13:52:19,027 [53db1d32-3be9-432a-8996-6e0aa1d79bff@group-42030936E193-LeaderElection6] INFO  server.RaftServerConfigKeys (ConfUtils.java:logGet(46)) - raft.server.write.byte-limit = 1024 M (=1073741824) (custom)
2022-06-11 13:52:19,028 [53db1d32-3be9-432a-8996-6e0aa1d79bff@group-42030936E193-LeaderElection6] INFO  server.RaftServerConfigKeys (ConfUtils.java:logGet(46)) - raft.server.watch.timeout = 180s (custom)
2022-06-11 13:52:19,028 [53db1d32-3be9-432a-8996-6e0aa1d79bff@group-42030936E193-LeaderElection6] INFO  server.RaftServerConfigKeys (ConfUtils.java:logGet(46)) - raft.server.watch.timeout.denomination = 1s (default)
2022-06-11 13:52:19,028 [53db1d32-3be9-432a-8996-6e0aa1d79bff@group-42030936E193-LeaderElection6] INFO  server.RaftServerConfigKeys (ConfUtils.java:logGet(46)) - raft.server.watch.element-limit = 65536 (default)
2022-06-11 13:52:19,028 [53db1d32-3be9-432a-8996-6e0aa1d79bff@group-42030936E193-LeaderElection6] INFO  server.RaftServerConfigKeys (ConfUtils.java:logGet(46)) - raft.server.write.element-limit = 1024 (custom)
2022-06-11 13:52:19,028 [53db1d32-3be9-432a-8996-6e0aa1d79bff@group-42030936E193-LeaderElection6] INFO  server.RaftServerConfigKeys (ConfUtils.java:logGet(46)) - raft.server.write.follower.gap.ratio.max = -1.0 (default)
2022-06-11 13:52:19,028 [53db1d32-3be9-432a-8996-6e0aa1d79bff@group-42030936E193-LeaderElection6] INFO  impl.RoleInfo (RoleInfo.java:updateAndGet(139)) - 53db1d32-3be9-432a-8996-6e0aa1d79bff: start 53db1d32-3be9-432a-8996-6e0aa1d79bff@group-42030936E193-LeaderStateImpl
2022-06-11 13:52:19,028 [53db1d32-3be9-432a-8996-6e0aa1d79bff@group-42030936E193-LeaderElection6] INFO  segmented.SegmentedRaftLogWorker (SegmentedRaftLogWorker.java:startLogSegment(425)) - 53db1d32-3be9-432a-8996-6e0aa1d79bff@group-42030936E193-SegmentedRaftLogWorker: Starting segment from index:0
2022-06-11 13:52:19,030 [53db1d32-3be9-432a-8996-6e0aa1d79bff@group-42030936E193-SegmentedRaftLogWorker] INFO  segmented.SegmentedRaftLogWorker (SegmentedRaftLogWorker.java:execute(629)) - 53db1d32-3be9-432a-8996-6e0aa1d79bff@group-42030936E193-SegmentedRaftLogWorker: created new log segment /home/runner/work/ozone/ozone/hadoop-ozone/integration-test/target/test-dir/MiniOzoneClusterImpl-239f68c3-3068-4753-adf8-1c2cb01b4c57/datanode-3/data/ratis/f340a6f0-8429-4dd8-b985-42030936e193/current/log_inprogress_0
2022-06-11 13:52:19,031 [53db1d32-3be9-432a-8996-6e0aa1d79bff@group-42030936E193-LeaderElection6] INFO  server.RaftServer$Division (ServerState.java:setRaftConf(393)) - 53db1d32-3be9-432a-8996-6e0aa1d79bff@group-42030936E193: set configuration 0: [53db1d32-3be9-432a-8996-6e0aa1d79bff|rpc:10.1.0.23:46375|dataStream:|priority:1], old=null
2022-06-11 13:52:19,186 [Listener at 127.0.0.1/40219] INFO  ozone.MiniOzoneClusterImpl (MiniOzoneClusterImpl.java:lambda$waitForClusterToBeReady$0(221)) - Nodes are ready. Got 5 of 5 DN Heartbeats.
2022-06-11 13:52:19,187 [Listener at 127.0.0.1/40219] INFO  ozone.MiniOzoneClusterImpl (MiniOzoneClusterImpl.java:lambda$waitForClusterToBeReady$0(224)) - Waiting for cluster to exit safe mode
2022-06-11 13:52:19,187 [Listener at 127.0.0.1/40219] INFO  ozone.MiniOzoneClusterImpl (MiniOzoneClusterImpl.java:lambda$waitForClusterToBeReady$0(226)) - SCM became leader
2022-06-11 13:52:19,246 [ff2200df-c480-449e-9c09-7fcb33586f76@group-5A989687386A-FollowerState] INFO  impl.FollowerState (FollowerState.java:run(143)) - ff2200df-c480-449e-9c09-7fcb33586f76@group-5A989687386A-FollowerState: change to CANDIDATE, lastRpcElapsedTime:5045061236ns, electionTimeout:5044ms
2022-06-11 13:52:19,246 [ff2200df-c480-449e-9c09-7fcb33586f76@group-5A989687386A-FollowerState] INFO  impl.RoleInfo (RoleInfo.java:shutdownFollowerState(110)) - ff2200df-c480-449e-9c09-7fcb33586f76: shutdown ff2200df-c480-449e-9c09-7fcb33586f76@group-5A989687386A-FollowerState
2022-06-11 13:52:19,247 [ff2200df-c480-449e-9c09-7fcb33586f76@group-5A989687386A-FollowerState] INFO  server.RaftServer$Division (RaftServerImpl.java:setRole(299)) - ff2200df-c480-449e-9c09-7fcb33586f76@group-5A989687386A: changes role from  FOLLOWER to CANDIDATE at term 0 for changeToCandidate
2022-06-11 13:52:19,247 [ff2200df-c480-449e-9c09-7fcb33586f76@group-5A989687386A-FollowerState] INFO  server.RaftServerConfigKeys (ConfUtils.java:logGet(46)) - raft.server.leaderelection.pre-vote = false (custom)
2022-06-11 13:52:19,247 [ff2200df-c480-449e-9c09-7fcb33586f76@group-5A989687386A-FollowerState] INFO  impl.RoleInfo (RoleInfo.java:updateAndGet(139)) - ff2200df-c480-449e-9c09-7fcb33586f76: start ff2200df-c480-449e-9c09-7fcb33586f76@group-5A989687386A-LeaderElection7
2022-06-11 13:52:19,250 [ff2200df-c480-449e-9c09-7fcb33586f76@group-5A989687386A-LeaderElection7] INFO  impl.LeaderElection (LeaderElection.java:askForVotes(310)) - ff2200df-c480-449e-9c09-7fcb33586f76@group-5A989687386A-LeaderElection7 ELECTION round 0: submit vote requests at term 1 for -1: [ff2200df-c480-449e-9c09-7fcb33586f76|rpc:10.1.0.23:40997|priority:1], old=null
2022-06-11 13:52:19,250 [ff2200df-c480-449e-9c09-7fcb33586f76@group-5A989687386A-LeaderElection7] INFO  impl.LeaderElection (LeaderElection.java:askForVotes(312)) - ff2200df-c480-449e-9c09-7fcb33586f76@group-5A989687386A-LeaderElection7 ELECTION round 0: result PASSED (term=1)
2022-06-11 13:52:19,250 [ff2200df-c480-449e-9c09-7fcb33586f76@group-5A989687386A-LeaderElection7] INFO  impl.RoleInfo (RoleInfo.java:shutdownLeaderElection(130)) - ff2200df-c480-449e-9c09-7fcb33586f76: shutdown ff2200df-c480-449e-9c09-7fcb33586f76@group-5A989687386A-LeaderElection7
2022-06-11 13:52:19,250 [ff2200df-c480-449e-9c09-7fcb33586f76@group-5A989687386A-LeaderElection7] INFO  server.RaftServer$Division (RaftServerImpl.java:setRole(299)) - ff2200df-c480-449e-9c09-7fcb33586f76@group-5A989687386A: changes role from CANDIDATE to LEADER at term 1 for changeToLeader
2022-06-11 13:52:19,250 [ff2200df-c480-449e-9c09-7fcb33586f76@group-5A989687386A-LeaderElection7] INFO  ratis.XceiverServerRatis (XceiverServerRatis.java:handleLeaderChangedNotification(863)) - Leader change notification received for group: group-5A989687386A with new leaderId: ff2200df-c480-449e-9c09-7fcb33586f76
2022-06-11 13:52:19,251 [ff2200df-c480-449e-9c09-7fcb33586f76@group-5A989687386A-LeaderElection7] INFO  server.RaftServer$Division (ServerState.java:setLeader(287)) - ff2200df-c480-449e-9c09-7fcb33586f76@group-5A989687386A: change Leader from null to ff2200df-c480-449e-9c09-7fcb33586f76 at term 1 for becomeLeader, leader elected after 5055ms
2022-06-11 13:52:19,251 [ff2200df-c480-449e-9c09-7fcb33586f76@group-5A989687386A-LeaderElection7] INFO  server.RaftServerConfigKeys (ConfUtils.java:logGet(46)) - raft.server.staging.catchup.gap = 1000 (default)
2022-06-11 13:52:19,252 [EventQueue-OpenPipelineForHealthyPipelineSafeModeRule] INFO  safemode.SCMSafeModeManager (HealthyPipelineSafeModeRule.java:process(124)) - SCM in safe mode. Healthy pipelines reported count is 0, required healthy pipeline reported count is 1
2022-06-11 13:52:19,253 [ff2200df-c480-449e-9c09-7fcb33586f76@group-5A989687386A-LeaderElection7] INFO  server.RaftServerConfigKeys (ConfUtils.java:logGet(46)) - raft.server.write.element-limit = 1024 (custom)
2022-06-11 13:52:19,253 [ff2200df-c480-449e-9c09-7fcb33586f76@group-5A989687386A-LeaderElection7] INFO  server.RaftServerConfigKeys (ConfUtils.java:logGet(46)) - raft.server.write.byte-limit = 1024 M (=1073741824) (custom)
2022-06-11 13:52:19,253 [ff2200df-c480-449e-9c09-7fcb33586f76@group-5A989687386A-LeaderElection7] INFO  server.RaftServerConfigKeys (ConfUtils.java:logGet(46)) - raft.server.watch.timeout = 180s (custom)
2022-06-11 13:52:19,253 [ff2200df-c480-449e-9c09-7fcb33586f76@group-5A989687386A-LeaderElection7] INFO  server.RaftServerConfigKeys (ConfUtils.java:logGet(46)) - raft.server.watch.timeout.denomination = 1s (default)
2022-06-11 13:52:19,253 [ff2200df-c480-449e-9c09-7fcb33586f76@group-5A989687386A-LeaderElection7] INFO  server.RaftServerConfigKeys (ConfUtils.java:logGet(46)) - raft.server.watch.element-limit = 65536 (default)
2022-06-11 13:52:19,256 [ff2200df-c480-449e-9c09-7fcb33586f76@group-5A989687386A-LeaderElection7] INFO  server.RaftServerConfigKeys (ConfUtils.java:logGet(46)) - raft.server.write.element-limit = 1024 (custom)
2022-06-11 13:52:19,256 [ff2200df-c480-449e-9c09-7fcb33586f76@group-5A989687386A-LeaderElection7] INFO  server.RaftServerConfigKeys (ConfUtils.java:logGet(46)) - raft.server.write.follower.gap.ratio.max = -1.0 (default)
2022-06-11 13:52:19,256 [ff2200df-c480-449e-9c09-7fcb33586f76@group-5A989687386A-LeaderElection7] INFO  impl.RoleInfo (RoleInfo.java:updateAndGet(139)) - ff2200df-c480-449e-9c09-7fcb33586f76: start ff2200df-c480-449e-9c09-7fcb33586f76@group-5A989687386A-LeaderStateImpl
2022-06-11 13:52:19,256 [ff2200df-c480-449e-9c09-7fcb33586f76@group-5A989687386A-LeaderElection7] INFO  segmented.SegmentedRaftLogWorker (SegmentedRaftLogWorker.java:startLogSegment(425)) - ff2200df-c480-449e-9c09-7fcb33586f76@group-5A989687386A-SegmentedRaftLogWorker: Starting segment from index:0
2022-06-11 13:52:19,258 [ff2200df-c480-449e-9c09-7fcb33586f76@group-5A989687386A-LeaderElection7] INFO  server.RaftServer$Division (ServerState.java:setRaftConf(393)) - ff2200df-c480-449e-9c09-7fcb33586f76@group-5A989687386A: set configuration 0: [ff2200df-c480-449e-9c09-7fcb33586f76|rpc:10.1.0.23:40997|dataStream:|priority:1], old=null
2022-06-11 13:52:19,258 [ff2200df-c480-449e-9c09-7fcb33586f76@group-5A989687386A-SegmentedRaftLogWorker] INFO  segmented.SegmentedRaftLogWorker (SegmentedRaftLogWorker.java:execute(629)) - ff2200df-c480-449e-9c09-7fcb33586f76@group-5A989687386A-SegmentedRaftLogWorker: created new log segment /home/runner/work/ozone/ozone/hadoop-ozone/integration-test/target/test-dir/MiniOzoneClusterImpl-239f68c3-3068-4753-adf8-1c2cb01b4c57/datanode-4/data/ratis/1169bc70-b00d-42fc-b248-5a989687386a/current/log_inprogress_0
2022-06-11 13:52:19,765 [ReplicationMonitor] INFO  replication.ReplicationManager (ReplicationManager.java:processAll(228)) - Replication Manager is not ready to run until 3000ms after safemode exit
2022-06-11 13:52:20,187 [Listener at 127.0.0.1/40219] INFO  ozone.MiniOzoneClusterImpl (MiniOzoneClusterImpl.java:lambda$waitForClusterToBeReady$0(221)) - Nodes are ready. Got 5 of 5 DN Heartbeats.
2022-06-11 13:52:20,187 [Listener at 127.0.0.1/40219] INFO  ozone.MiniOzoneClusterImpl (MiniOzoneClusterImpl.java:lambda$waitForClusterToBeReady$0(224)) - Waiting for cluster to exit safe mode
2022-06-11 13:52:20,187 [Listener at 127.0.0.1/40219] INFO  ozone.MiniOzoneClusterImpl (MiniOzoneClusterImpl.java:lambda$waitForClusterToBeReady$0(226)) - SCM became leader
2022-06-11 13:52:20,765 [ReplicationMonitor] INFO  replication.ReplicationManager (ReplicationManager.java:processAll(228)) - Replication Manager is not ready to run until 3000ms after safemode exit
2022-06-11 13:52:21,188 [Listener at 127.0.0.1/40219] INFO  ozone.MiniOzoneClusterImpl (MiniOzoneClusterImpl.java:lambda$waitForClusterToBeReady$0(221)) - Nodes are ready. Got 5 of 5 DN Heartbeats.
2022-06-11 13:52:21,188 [Listener at 127.0.0.1/40219] INFO  ozone.MiniOzoneClusterImpl (MiniOzoneClusterImpl.java:lambda$waitForClusterToBeReady$0(224)) - Waiting for cluster to exit safe mode
2022-06-11 13:52:21,188 [Listener at 127.0.0.1/40219] INFO  ozone.MiniOzoneClusterImpl (MiniOzoneClusterImpl.java:lambda$waitForClusterToBeReady$0(226)) - SCM became leader
2022-06-11 13:52:21,765 [ReplicationMonitor] INFO  replication.ReplicationManager (ReplicationManager.java:processAll(228)) - Replication Manager is not ready to run until 3000ms after safemode exit
2022-06-11 13:52:22,188 [Listener at 127.0.0.1/40219] INFO  ozone.MiniOzoneClusterImpl (MiniOzoneClusterImpl.java:lambda$waitForClusterToBeReady$0(221)) - Nodes are ready. Got 5 of 5 DN Heartbeats.
2022-06-11 13:52:22,188 [Listener at 127.0.0.1/40219] INFO  ozone.MiniOzoneClusterImpl (MiniOzoneClusterImpl.java:lambda$waitForClusterToBeReady$0(224)) - Waiting for cluster to exit safe mode
2022-06-11 13:52:22,189 [Listener at 127.0.0.1/40219] INFO  ozone.MiniOzoneClusterImpl (MiniOzoneClusterImpl.java:lambda$waitForClusterToBeReady$0(226)) - SCM became leader
2022-06-11 13:52:22,766 [ReplicationMonitor] INFO  replication.ReplicationManager (ReplicationManager.java:processAll(228)) - Replication Manager is not ready to run until 3000ms after safemode exit
2022-06-11 13:52:23,016 [ea3eb705-49c6-47b6-816e-3ad6ae2807f4@group-8CDEE701A878-FollowerState] INFO  impl.FollowerState (FollowerState.java:run(143)) - ea3eb705-49c6-47b6-816e-3ad6ae2807f4@group-8CDEE701A878-FollowerState: change to CANDIDATE, lastRpcElapsedTime:5110084450ns, electionTimeout:5104ms
2022-06-11 13:52:23,016 [ea3eb705-49c6-47b6-816e-3ad6ae2807f4@group-8CDEE701A878-FollowerState] INFO  impl.RoleInfo (RoleInfo.java:shutdownFollowerState(110)) - ea3eb705-49c6-47b6-816e-3ad6ae2807f4: shutdown ea3eb705-49c6-47b6-816e-3ad6ae2807f4@group-8CDEE701A878-FollowerState
2022-06-11 13:52:23,016 [ea3eb705-49c6-47b6-816e-3ad6ae2807f4@group-8CDEE701A878-FollowerState] INFO  server.RaftServer$Division (RaftServerImpl.java:setRole(299)) - ea3eb705-49c6-47b6-816e-3ad6ae2807f4@group-8CDEE701A878: changes role from  FOLLOWER to CANDIDATE at term 1 for changeToCandidate
2022-06-11 13:52:23,016 [ea3eb705-49c6-47b6-816e-3ad6ae2807f4@group-8CDEE701A878-FollowerState] INFO  server.RaftServerConfigKeys (ConfUtils.java:logGet(46)) - raft.server.leaderelection.pre-vote = false (custom)
2022-06-11 13:52:23,016 [ea3eb705-49c6-47b6-816e-3ad6ae2807f4@group-8CDEE701A878-FollowerState] INFO  impl.RoleInfo (RoleInfo.java:updateAndGet(139)) - ea3eb705-49c6-47b6-816e-3ad6ae2807f4: start ea3eb705-49c6-47b6-816e-3ad6ae2807f4@group-8CDEE701A878-LeaderElection8
2022-06-11 13:52:23,022 [ea3eb705-49c6-47b6-816e-3ad6ae2807f4@group-8CDEE701A878-LeaderElection8] INFO  impl.LeaderElection (LeaderElection.java:askForVotes(310)) - ea3eb705-49c6-47b6-816e-3ad6ae2807f4@group-8CDEE701A878-LeaderElection8 ELECTION round 0: submit vote requests at term 2 for -1: [3cd9928a-a775-4af4-b787-40493a0c430a|rpc:10.1.0.23:38303|priority:0, ea3eb705-49c6-47b6-816e-3ad6ae2807f4|rpc:10.1.0.23:42799|priority:0, b72d34ed-ef2d-423d-934c-fedae9a767a6|rpc:10.1.0.23:39643|priority:1], old=null
2022-06-11 13:52:23,036 [grpc-default-executor-1] INFO  server.RaftServer$Division (RaftServerImpl.java:requestVote(1152)) - 3cd9928a-a775-4af4-b787-40493a0c430a@group-8CDEE701A878: receive requestVote(ELECTION, ea3eb705-49c6-47b6-816e-3ad6ae2807f4, group-8CDEE701A878, 2, (t:0, i:0))
2022-06-11 13:52:23,036 [grpc-default-executor-1] INFO  impl.VoteContext (VoteContext.java:log(48)) - 3cd9928a-a775-4af4-b787-40493a0c430a@group-8CDEE701A878-FOLLOWER: accept ELECTION from ea3eb705-49c6-47b6-816e-3ad6ae2807f4: our priority 0 <= candidate's priority 0
2022-06-11 13:52:23,036 [grpc-default-executor-1] INFO  server.RaftServer$Division (RaftServerImpl.java:setRole(299)) - 3cd9928a-a775-4af4-b787-40493a0c430a@group-8CDEE701A878: changes role from  FOLLOWER to FOLLOWER at term 2 for candidate:ea3eb705-49c6-47b6-816e-3ad6ae2807f4
2022-06-11 13:52:23,036 [grpc-default-executor-1] INFO  impl.RoleInfo (RoleInfo.java:shutdownFollowerState(110)) - 3cd9928a-a775-4af4-b787-40493a0c430a: shutdown 3cd9928a-a775-4af4-b787-40493a0c430a@group-8CDEE701A878-FollowerState
2022-06-11 13:52:23,036 [grpc-default-executor-1] INFO  impl.RoleInfo (RoleInfo.java:updateAndGet(139)) - 3cd9928a-a775-4af4-b787-40493a0c430a: start 3cd9928a-a775-4af4-b787-40493a0c430a@group-8CDEE701A878-FollowerState
2022-06-11 13:52:23,036 [3cd9928a-a775-4af4-b787-40493a0c430a@group-8CDEE701A878-FollowerState] INFO  impl.FollowerState (FollowerState.java:run(152)) - 3cd9928a-a775-4af4-b787-40493a0c430a@group-8CDEE701A878-FollowerState was interrupted
2022-06-11 13:52:23,045 [grpc-default-executor-0] INFO  server.RaftServer$Division (RaftServerImpl.java:requestVote(1152)) - b72d34ed-ef2d-423d-934c-fedae9a767a6@group-8CDEE701A878: receive requestVote(ELECTION, ea3eb705-49c6-47b6-816e-3ad6ae2807f4, group-8CDEE701A878, 2, (t:0, i:0))
2022-06-11 13:52:23,045 [grpc-default-executor-0] INFO  impl.VoteContext (VoteContext.java:log(48)) - b72d34ed-ef2d-423d-934c-fedae9a767a6@group-8CDEE701A878-FOLLOWER: reject ELECTION from ea3eb705-49c6-47b6-816e-3ad6ae2807f4: our priority 1 > candidate's priority 0
2022-06-11 13:52:23,045 [grpc-default-executor-0] INFO  server.RaftServer$Division (RaftServerImpl.java:setRole(299)) - b72d34ed-ef2d-423d-934c-fedae9a767a6@group-8CDEE701A878: changes role from  FOLLOWER to FOLLOWER at term 2 for candidate:ea3eb705-49c6-47b6-816e-3ad6ae2807f4
2022-06-11 13:52:23,045 [grpc-default-executor-0] INFO  impl.RoleInfo (RoleInfo.java:shutdownFollowerState(110)) - b72d34ed-ef2d-423d-934c-fedae9a767a6: shutdown b72d34ed-ef2d-423d-934c-fedae9a767a6@group-8CDEE701A878-FollowerState
2022-06-11 13:52:23,045 [grpc-default-executor-0] INFO  impl.RoleInfo (RoleInfo.java:updateAndGet(139)) - b72d34ed-ef2d-423d-934c-fedae9a767a6: start b72d34ed-ef2d-423d-934c-fedae9a767a6@group-8CDEE701A878-FollowerState
2022-06-11 13:52:23,045 [b72d34ed-ef2d-423d-934c-fedae9a767a6@group-8CDEE701A878-FollowerState] INFO  impl.FollowerState (FollowerState.java:run(152)) - b72d34ed-ef2d-423d-934c-fedae9a767a6@group-8CDEE701A878-FollowerState was interrupted
2022-06-11 13:52:23,045 [grpc-default-executor-1] INFO  server.RaftServer$Division (RaftServerImpl.java:requestVote(1184)) - 3cd9928a-a775-4af4-b787-40493a0c430a@group-8CDEE701A878 replies to ELECTION vote request: ea3eb705-49c6-47b6-816e-3ad6ae2807f4<-3cd9928a-a775-4af4-b787-40493a0c430a#0:OK-t2. Peer's state: 3cd9928a-a775-4af4-b787-40493a0c430a@group-8CDEE701A878:t2, leader=null, voted=ea3eb705-49c6-47b6-816e-3ad6ae2807f4, raftlog=3cd9928a-a775-4af4-b787-40493a0c430a@group-8CDEE701A878-SegmentedRaftLog:OPENED:c-1, conf=-1: [3cd9928a-a775-4af4-b787-40493a0c430a|rpc:10.1.0.23:38303|priority:0, ea3eb705-49c6-47b6-816e-3ad6ae2807f4|rpc:10.1.0.23:42799|priority:0, b72d34ed-ef2d-423d-934c-fedae9a767a6|rpc:10.1.0.23:39643|priority:1], old=null
2022-06-11 13:52:23,051 [grpc-default-executor-0] INFO  server.RaftServer$Division (RaftServerImpl.java:requestVote(1184)) - b72d34ed-ef2d-423d-934c-fedae9a767a6@group-8CDEE701A878 replies to ELECTION vote request: ea3eb705-49c6-47b6-816e-3ad6ae2807f4<-b72d34ed-ef2d-423d-934c-fedae9a767a6#0:FAIL-t2. Peer's state: b72d34ed-ef2d-423d-934c-fedae9a767a6@group-8CDEE701A878:t2, leader=null, voted=null, raftlog=b72d34ed-ef2d-423d-934c-fedae9a767a6@group-8CDEE701A878-SegmentedRaftLog:OPENED:c-1, conf=-1: [3cd9928a-a775-4af4-b787-40493a0c430a|rpc:10.1.0.23:38303|dataStream:|priority:0, ea3eb705-49c6-47b6-816e-3ad6ae2807f4|rpc:10.1.0.23:42799|dataStream:|priority:0, b72d34ed-ef2d-423d-934c-fedae9a767a6|rpc:10.1.0.23:39643|dataStream:|priority:1], old=null
2022-06-11 13:52:23,054 [ea3eb705-49c6-47b6-816e-3ad6ae2807f4@group-8CDEE701A878-LeaderElection8] INFO  impl.LeaderElection (LeaderElection.java:logAndReturn(90)) - ea3eb705-49c6-47b6-816e-3ad6ae2807f4@group-8CDEE701A878-LeaderElection8: ELECTION REJECTED received 2 response(s) and 0 exception(s):
2022-06-11 13:52:23,055 [ea3eb705-49c6-47b6-816e-3ad6ae2807f4@group-8CDEE701A878-LeaderElection8] INFO  impl.LeaderElection (LeaderElection.java:logAndReturn(94)) -   Response 0: ea3eb705-49c6-47b6-816e-3ad6ae2807f4<-3cd9928a-a775-4af4-b787-40493a0c430a#0:OK-t2
2022-06-11 13:52:23,055 [ea3eb705-49c6-47b6-816e-3ad6ae2807f4@group-8CDEE701A878-LeaderElection8] INFO  impl.LeaderElection (LeaderElection.java:logAndReturn(94)) -   Response 1: ea3eb705-49c6-47b6-816e-3ad6ae2807f4<-b72d34ed-ef2d-423d-934c-fedae9a767a6#0:FAIL-t2
2022-06-11 13:52:23,055 [ea3eb705-49c6-47b6-816e-3ad6ae2807f4@group-8CDEE701A878-LeaderElection8] INFO  impl.LeaderElection (LeaderElection.java:askForVotes(312)) - ea3eb705-49c6-47b6-816e-3ad6ae2807f4@group-8CDEE701A878-LeaderElection8 ELECTION round 0: result REJECTED
2022-06-11 13:52:23,055 [ea3eb705-49c6-47b6-816e-3ad6ae2807f4@group-8CDEE701A878-LeaderElection8] INFO  server.RaftServer$Division (RaftServerImpl.java:setRole(299)) - ea3eb705-49c6-47b6-816e-3ad6ae2807f4@group-8CDEE701A878: changes role from CANDIDATE to FOLLOWER at term 2 for REJECTED
2022-06-11 13:52:23,055 [ea3eb705-49c6-47b6-816e-3ad6ae2807f4@group-8CDEE701A878-LeaderElection8] INFO  impl.RoleInfo (RoleInfo.java:shutdownLeaderElection(130)) - ea3eb705-49c6-47b6-816e-3ad6ae2807f4: shutdown ea3eb705-49c6-47b6-816e-3ad6ae2807f4@group-8CDEE701A878-LeaderElection8
2022-06-11 13:52:23,055 [ea3eb705-49c6-47b6-816e-3ad6ae2807f4@group-8CDEE701A878-LeaderElection8] INFO  impl.RoleInfo (RoleInfo.java:updateAndGet(139)) - ea3eb705-49c6-47b6-816e-3ad6ae2807f4: start ea3eb705-49c6-47b6-816e-3ad6ae2807f4@group-8CDEE701A878-FollowerState
2022-06-11 13:52:23,189 [Listener at 127.0.0.1/40219] INFO  ozone.MiniOzoneClusterImpl (MiniOzoneClusterImpl.java:lambda$waitForClusterToBeReady$0(221)) - Nodes are ready. Got 5 of 5 DN Heartbeats.
2022-06-11 13:52:23,191 [Listener at 127.0.0.1/40219] INFO  ozone.MiniOzoneClusterImpl (MiniOzoneClusterImpl.java:lambda$waitForClusterToBeReady$0(224)) - Waiting for cluster to exit safe mode
2022-06-11 13:52:23,191 [Listener at 127.0.0.1/40219] INFO  ozone.MiniOzoneClusterImpl (MiniOzoneClusterImpl.java:lambda$waitForClusterToBeReady$0(226)) - SCM became leader
2022-06-11 13:52:23,766 [ReplicationMonitor] INFO  replication.ReplicationManager (ReplicationManager.java:processAll(228)) - Replication Manager is not ready to run until 3000ms after safemode exit
2022-06-11 13:52:24,191 [Listener at 127.0.0.1/40219] INFO  ozone.MiniOzoneClusterImpl (MiniOzoneClusterImpl.java:lambda$waitForClusterToBeReady$0(221)) - Nodes are ready. Got 5 of 5 DN Heartbeats.
2022-06-11 13:52:24,191 [Listener at 127.0.0.1/40219] INFO  ozone.MiniOzoneClusterImpl (MiniOzoneClusterImpl.java:lambda$waitForClusterToBeReady$0(224)) - Waiting for cluster to exit safe mode
2022-06-11 13:52:24,191 [Listener at 127.0.0.1/40219] INFO  ozone.MiniOzoneClusterImpl (MiniOzoneClusterImpl.java:lambda$waitForClusterToBeReady$0(226)) - SCM became leader
2022-06-11 13:52:24,767 [ReplicationMonitor] INFO  replication.ReplicationManager (ReplicationManager.java:processAll(228)) - Replication Manager is not ready to run until 3000ms after safemode exit
2022-06-11 13:52:25,192 [Listener at 127.0.0.1/40219] INFO  ozone.MiniOzoneClusterImpl (MiniOzoneClusterImpl.java:lambda$waitForClusterToBeReady$0(221)) - Nodes are ready. Got 5 of 5 DN Heartbeats.
2022-06-11 13:52:25,192 [Listener at 127.0.0.1/40219] INFO  ozone.MiniOzoneClusterImpl (MiniOzoneClusterImpl.java:lambda$waitForClusterToBeReady$0(224)) - Waiting for cluster to exit safe mode
2022-06-11 13:52:25,192 [Listener at 127.0.0.1/40219] INFO  ozone.MiniOzoneClusterImpl (MiniOzoneClusterImpl.java:lambda$waitForClusterToBeReady$0(226)) - SCM became leader
2022-06-11 13:52:25,767 [ReplicationMonitor] INFO  replication.ReplicationManager (ReplicationManager.java:processAll(228)) - Replication Manager is not ready to run until 3000ms after safemode exit
2022-06-11 13:52:26,192 [Listener at 127.0.0.1/40219] INFO  ozone.MiniOzoneClusterImpl (MiniOzoneClusterImpl.java:lambda$waitForClusterToBeReady$0(221)) - Nodes are ready. Got 5 of 5 DN Heartbeats.
2022-06-11 13:52:26,192 [Listener at 127.0.0.1/40219] INFO  ozone.MiniOzoneClusterImpl (MiniOzoneClusterImpl.java:lambda$waitForClusterToBeReady$0(224)) - Waiting for cluster to exit safe mode
2022-06-11 13:52:26,192 [Listener at 127.0.0.1/40219] INFO  ozone.MiniOzoneClusterImpl (MiniOzoneClusterImpl.java:lambda$waitForClusterToBeReady$0(226)) - SCM became leader
2022-06-11 13:52:26,768 [ReplicationMonitor] INFO  replication.ReplicationManager (ReplicationManager.java:processAll(228)) - Replication Manager is not ready to run until 3000ms after safemode exit
2022-06-11 13:52:27,193 [Listener at 127.0.0.1/40219] INFO  ozone.MiniOzoneClusterImpl (MiniOzoneClusterImpl.java:lambda$waitForClusterToBeReady$0(221)) - Nodes are ready. Got 5 of 5 DN Heartbeats.
2022-06-11 13:52:27,193 [Listener at 127.0.0.1/40219] INFO  ozone.MiniOzoneClusterImpl (MiniOzoneClusterImpl.java:lambda$waitForClusterToBeReady$0(224)) - Waiting for cluster to exit safe mode
2022-06-11 13:52:27,193 [Listener at 127.0.0.1/40219] INFO  ozone.MiniOzoneClusterImpl (MiniOzoneClusterImpl.java:lambda$waitForClusterToBeReady$0(226)) - SCM became leader
2022-06-11 13:52:27,768 [ReplicationMonitor] INFO  replication.ReplicationManager (ReplicationManager.java:processAll(228)) - Replication Manager is not ready to run until 3000ms after safemode exit
2022-06-11 13:52:28,113 [3cd9928a-a775-4af4-b787-40493a0c430a@group-8CDEE701A878-FollowerState] INFO  impl.FollowerState (FollowerState.java:run(143)) - 3cd9928a-a775-4af4-b787-40493a0c430a@group-8CDEE701A878-FollowerState: change to CANDIDATE, lastRpcElapsedTime:5068125267ns, electionTimeout:5066ms
2022-06-11 13:52:28,113 [3cd9928a-a775-4af4-b787-40493a0c430a@group-8CDEE701A878-FollowerState] INFO  impl.RoleInfo (RoleInfo.java:shutdownFollowerState(110)) - 3cd9928a-a775-4af4-b787-40493a0c430a: shutdown 3cd9928a-a775-4af4-b787-40493a0c430a@group-8CDEE701A878-FollowerState
2022-06-11 13:52:28,113 [3cd9928a-a775-4af4-b787-40493a0c430a@group-8CDEE701A878-FollowerState] INFO  server.RaftServer$Division (RaftServerImpl.java:setRole(299)) - 3cd9928a-a775-4af4-b787-40493a0c430a@group-8CDEE701A878: changes role from  FOLLOWER to CANDIDATE at term 2 for changeToCandidate
2022-06-11 13:52:28,113 [3cd9928a-a775-4af4-b787-40493a0c430a@group-8CDEE701A878-FollowerState] INFO  server.RaftServerConfigKeys (ConfUtils.java:logGet(46)) - raft.server.leaderelection.pre-vote = false (custom)
2022-06-11 13:52:28,113 [3cd9928a-a775-4af4-b787-40493a0c430a@group-8CDEE701A878-FollowerState] INFO  impl.RoleInfo (RoleInfo.java:updateAndGet(139)) - 3cd9928a-a775-4af4-b787-40493a0c430a: start 3cd9928a-a775-4af4-b787-40493a0c430a@group-8CDEE701A878-LeaderElection9
2022-06-11 13:52:28,116 [3cd9928a-a775-4af4-b787-40493a0c430a@group-8CDEE701A878-LeaderElection9] INFO  impl.LeaderElection (LeaderElection.java:askForVotes(310)) - 3cd9928a-a775-4af4-b787-40493a0c430a@group-8CDEE701A878-LeaderElection9 ELECTION round 0: submit vote requests at term 3 for -1: [3cd9928a-a775-4af4-b787-40493a0c430a|rpc:10.1.0.23:38303|priority:0, ea3eb705-49c6-47b6-816e-3ad6ae2807f4|rpc:10.1.0.23:42799|priority:0, b72d34ed-ef2d-423d-934c-fedae9a767a6|rpc:10.1.0.23:39643|priority:1], old=null
2022-06-11 13:52:28,132 [grpc-default-executor-0] INFO  server.RaftServer$Division (RaftServerImpl.java:requestVote(1152)) - ea3eb705-49c6-47b6-816e-3ad6ae2807f4@group-8CDEE701A878: receive requestVote(ELECTION, 3cd9928a-a775-4af4-b787-40493a0c430a, group-8CDEE701A878, 3, (t:0, i:0))
2022-06-11 13:52:28,132 [grpc-default-executor-0] INFO  impl.VoteContext (VoteContext.java:log(48)) - ea3eb705-49c6-47b6-816e-3ad6ae2807f4@group-8CDEE701A878-FOLLOWER: accept ELECTION from 3cd9928a-a775-4af4-b787-40493a0c430a: our priority 0 <= candidate's priority 0
2022-06-11 13:52:28,132 [grpc-default-executor-0] INFO  server.RaftServer$Division (RaftServerImpl.java:setRole(299)) - ea3eb705-49c6-47b6-816e-3ad6ae2807f4@group-8CDEE701A878: changes role from  FOLLOWER to FOLLOWER at term 3 for candidate:3cd9928a-a775-4af4-b787-40493a0c430a
2022-06-11 13:52:28,133 [grpc-default-executor-0] INFO  impl.RoleInfo (RoleInfo.java:shutdownFollowerState(110)) - ea3eb705-49c6-47b6-816e-3ad6ae2807f4: shutdown ea3eb705-49c6-47b6-816e-3ad6ae2807f4@group-8CDEE701A878-FollowerState
2022-06-11 13:52:28,133 [grpc-default-executor-0] INFO  impl.RoleInfo (RoleInfo.java:updateAndGet(139)) - ea3eb705-49c6-47b6-816e-3ad6ae2807f4: start ea3eb705-49c6-47b6-816e-3ad6ae2807f4@group-8CDEE701A878-FollowerState
2022-06-11 13:52:28,133 [ea3eb705-49c6-47b6-816e-3ad6ae2807f4@group-8CDEE701A878-FollowerState] INFO  impl.FollowerState (FollowerState.java:run(152)) - ea3eb705-49c6-47b6-816e-3ad6ae2807f4@group-8CDEE701A878-FollowerState was interrupted
2022-06-11 13:52:28,138 [grpc-default-executor-0] INFO  server.RaftServer$Division (RaftServerImpl.java:requestVote(1184)) - ea3eb705-49c6-47b6-816e-3ad6ae2807f4@group-8CDEE701A878 replies to ELECTION vote request: 3cd9928a-a775-4af4-b787-40493a0c430a<-ea3eb705-49c6-47b6-816e-3ad6ae2807f4#0:OK-t3. Peer's state: ea3eb705-49c6-47b6-816e-3ad6ae2807f4@group-8CDEE701A878:t3, leader=null, voted=3cd9928a-a775-4af4-b787-40493a0c430a, raftlog=ea3eb705-49c6-47b6-816e-3ad6ae2807f4@group-8CDEE701A878-SegmentedRaftLog:OPENED:c-1, conf=-1: [3cd9928a-a775-4af4-b787-40493a0c430a|rpc:10.1.0.23:38303|priority:0, ea3eb705-49c6-47b6-816e-3ad6ae2807f4|rpc:10.1.0.23:42799|priority:0, b72d34ed-ef2d-423d-934c-fedae9a767a6|rpc:10.1.0.23:39643|priority:1], old=null
2022-06-11 13:52:28,143 [grpc-default-executor-0] INFO  server.RaftServer$Division (RaftServerImpl.java:requestVote(1152)) - b72d34ed-ef2d-423d-934c-fedae9a767a6@group-8CDEE701A878: receive requestVote(ELECTION, 3cd9928a-a775-4af4-b787-40493a0c430a, group-8CDEE701A878, 3, (t:0, i:0))
2022-06-11 13:52:28,143 [grpc-default-executor-0] INFO  impl.VoteContext (VoteContext.java:log(48)) - b72d34ed-ef2d-423d-934c-fedae9a767a6@group-8CDEE701A878-FOLLOWER: reject ELECTION from 3cd9928a-a775-4af4-b787-40493a0c430a: our priority 1 > candidate's priority 0
2022-06-11 13:52:28,143 [grpc-default-executor-0] INFO  server.RaftServer$Division (RaftServerImpl.java:setRole(299)) - b72d34ed-ef2d-423d-934c-fedae9a767a6@group-8CDEE701A878: changes role from  FOLLOWER to FOLLOWER at term 3 for candidate:3cd9928a-a775-4af4-b787-40493a0c430a
2022-06-11 13:52:28,143 [grpc-default-executor-0] INFO  impl.RoleInfo (RoleInfo.java:shutdownFollowerState(110)) - b72d34ed-ef2d-423d-934c-fedae9a767a6: shutdown b72d34ed-ef2d-423d-934c-fedae9a767a6@group-8CDEE701A878-FollowerState
2022-06-11 13:52:28,143 [grpc-default-executor-0] INFO  impl.RoleInfo (RoleInfo.java:updateAndGet(139)) - b72d34ed-ef2d-423d-934c-fedae9a767a6: start b72d34ed-ef2d-423d-934c-fedae9a767a6@group-8CDEE701A878-FollowerState
2022-06-11 13:52:28,144 [b72d34ed-ef2d-423d-934c-fedae9a767a6@group-8CDEE701A878-FollowerState] INFO  impl.FollowerState (FollowerState.java:run(152)) - b72d34ed-ef2d-423d-934c-fedae9a767a6@group-8CDEE701A878-FollowerState was interrupted
2022-06-11 13:52:28,145 [grpc-default-executor-0] INFO  server.RaftServer$Division (RaftServerImpl.java:requestVote(1184)) - b72d34ed-ef2d-423d-934c-fedae9a767a6@group-8CDEE701A878 replies to ELECTION vote request: 3cd9928a-a775-4af4-b787-40493a0c430a<-b72d34ed-ef2d-423d-934c-fedae9a767a6#0:FAIL-t3. Peer's state: b72d34ed-ef2d-423d-934c-fedae9a767a6@group-8CDEE701A878:t3, leader=null, voted=null, raftlog=b72d34ed-ef2d-423d-934c-fedae9a767a6@group-8CDEE701A878-SegmentedRaftLog:OPENED:c-1, conf=-1: [3cd9928a-a775-4af4-b787-40493a0c430a|rpc:10.1.0.23:38303|dataStream:|priority:0, ea3eb705-49c6-47b6-816e-3ad6ae2807f4|rpc:10.1.0.23:42799|dataStream:|priority:0, b72d34ed-ef2d-423d-934c-fedae9a767a6|rpc:10.1.0.23:39643|dataStream:|priority:1], old=null
2022-06-11 13:52:28,147 [3cd9928a-a775-4af4-b787-40493a0c430a@group-8CDEE701A878-LeaderElection9] INFO  impl.LeaderElection (LeaderElection.java:logAndReturn(90)) - 3cd9928a-a775-4af4-b787-40493a0c430a@group-8CDEE701A878-LeaderElection9: ELECTION REJECTED received 2 response(s) and 0 exception(s):
2022-06-11 13:52:28,147 [3cd9928a-a775-4af4-b787-40493a0c430a@group-8CDEE701A878-LeaderElection9] INFO  impl.LeaderElection (LeaderElection.java:logAndReturn(94)) -   Response 0: 3cd9928a-a775-4af4-b787-40493a0c430a<-ea3eb705-49c6-47b6-816e-3ad6ae2807f4#0:OK-t3
2022-06-11 13:52:28,148 [3cd9928a-a775-4af4-b787-40493a0c430a@group-8CDEE701A878-LeaderElection9] INFO  impl.LeaderElection (LeaderElection.java:logAndReturn(94)) -   Response 1: 3cd9928a-a775-4af4-b787-40493a0c430a<-b72d34ed-ef2d-423d-934c-fedae9a767a6#0:FAIL-t3
2022-06-11 13:52:28,148 [3cd9928a-a775-4af4-b787-40493a0c430a@group-8CDEE701A878-LeaderElection9] INFO  impl.LeaderElection (LeaderElection.java:askForVotes(312)) - 3cd9928a-a775-4af4-b787-40493a0c430a@group-8CDEE701A878-LeaderElection9 ELECTION round 0: result REJECTED
2022-06-11 13:52:28,148 [3cd9928a-a775-4af4-b787-40493a0c430a@group-8CDEE701A878-LeaderElection9] INFO  server.RaftServer$Division (RaftServerImpl.java:setRole(299)) - 3cd9928a-a775-4af4-b787-40493a0c430a@group-8CDEE701A878: changes role from CANDIDATE to FOLLOWER at term 3 for REJECTED
2022-06-11 13:52:28,148 [3cd9928a-a775-4af4-b787-40493a0c430a@group-8CDEE701A878-LeaderElection9] INFO  impl.RoleInfo (RoleInfo.java:shutdownLeaderElection(130)) - 3cd9928a-a775-4af4-b787-40493a0c430a: shutdown 3cd9928a-a775-4af4-b787-40493a0c430a@group-8CDEE701A878-LeaderElection9
2022-06-11 13:52:28,148 [3cd9928a-a775-4af4-b787-40493a0c430a@group-8CDEE701A878-LeaderElection9] INFO  impl.RoleInfo (RoleInfo.java:updateAndGet(139)) - 3cd9928a-a775-4af4-b787-40493a0c430a: start 3cd9928a-a775-4af4-b787-40493a0c430a@group-8CDEE701A878-FollowerState
2022-06-11 13:52:28,193 [Listener at 127.0.0.1/40219] INFO  ozone.MiniOzoneClusterImpl (MiniOzoneClusterImpl.java:lambda$waitForClusterToBeReady$0(221)) - Nodes are ready. Got 5 of 5 DN Heartbeats.
2022-06-11 13:52:28,194 [Listener at 127.0.0.1/40219] INFO  ozone.MiniOzoneClusterImpl (MiniOzoneClusterImpl.java:lambda$waitForClusterToBeReady$0(224)) - Waiting for cluster to exit safe mode
2022-06-11 13:52:28,194 [Listener at 127.0.0.1/40219] INFO  ozone.MiniOzoneClusterImpl (MiniOzoneClusterImpl.java:lambda$waitForClusterToBeReady$0(226)) - SCM became leader
2022-06-11 13:52:28,768 [ReplicationMonitor] INFO  replication.ReplicationManager (ReplicationManager.java:processAll(228)) - Replication Manager is not ready to run until 3000ms after safemode exit
2022-06-11 13:52:29,196 [Listener at 127.0.0.1/40219] INFO  ozone.MiniOzoneClusterImpl (MiniOzoneClusterImpl.java:lambda$waitForClusterToBeReady$0(221)) - Nodes are ready. Got 5 of 5 DN Heartbeats.
2022-06-11 13:52:29,196 [Listener at 127.0.0.1/40219] INFO  ozone.MiniOzoneClusterImpl (MiniOzoneClusterImpl.java:lambda$waitForClusterToBeReady$0(224)) - Waiting for cluster to exit safe mode
2022-06-11 13:52:29,197 [Listener at 127.0.0.1/40219] INFO  ozone.MiniOzoneClusterImpl (MiniOzoneClusterImpl.java:lambda$waitForClusterToBeReady$0(226)) - SCM became leader
2022-06-11 13:52:29,769 [ReplicationMonitor] INFO  replication.ReplicationManager (ReplicationManager.java:processAll(228)) - Replication Manager is not ready to run until 3000ms after safemode exit
2022-06-11 13:52:30,197 [Listener at 127.0.0.1/40219] INFO  ozone.MiniOzoneClusterImpl (MiniOzoneClusterImpl.java:lambda$waitForClusterToBeReady$0(221)) - Nodes are ready. Got 5 of 5 DN Heartbeats.
2022-06-11 13:52:30,197 [Listener at 127.0.0.1/40219] INFO  ozone.MiniOzoneClusterImpl (MiniOzoneClusterImpl.java:lambda$waitForClusterToBeReady$0(224)) - Waiting for cluster to exit safe mode
2022-06-11 13:52:30,197 [Listener at 127.0.0.1/40219] INFO  ozone.MiniOzoneClusterImpl (MiniOzoneClusterImpl.java:lambda$waitForClusterToBeReady$0(226)) - SCM became leader
2022-06-11 13:52:30,769 [ReplicationMonitor] INFO  replication.ReplicationManager (ReplicationManager.java:processAll(228)) - Replication Manager is not ready to run until 3000ms after safemode exit
2022-06-11 13:52:31,197 [Listener at 127.0.0.1/40219] INFO  ozone.MiniOzoneClusterImpl (MiniOzoneClusterImpl.java:lambda$waitForClusterToBeReady$0(221)) - Nodes are ready. Got 5 of 5 DN Heartbeats.
2022-06-11 13:52:31,198 [Listener at 127.0.0.1/40219] INFO  ozone.MiniOzoneClusterImpl (MiniOzoneClusterImpl.java:lambda$waitForClusterToBeReady$0(224)) - Waiting for cluster to exit safe mode
2022-06-11 13:52:31,198 [Listener at 127.0.0.1/40219] INFO  ozone.MiniOzoneClusterImpl (MiniOzoneClusterImpl.java:lambda$waitForClusterToBeReady$0(226)) - SCM became leader
2022-06-11 13:52:31,769 [ReplicationMonitor] INFO  replication.ReplicationManager (ReplicationManager.java:processAll(228)) - Replication Manager is not ready to run until 3000ms after safemode exit
2022-06-11 13:52:32,198 [Listener at 127.0.0.1/40219] INFO  ozone.MiniOzoneClusterImpl (MiniOzoneClusterImpl.java:lambda$waitForClusterToBeReady$0(221)) - Nodes are ready. Got 5 of 5 DN Heartbeats.
2022-06-11 13:52:32,198 [Listener at 127.0.0.1/40219] INFO  ozone.MiniOzoneClusterImpl (MiniOzoneClusterImpl.java:lambda$waitForClusterToBeReady$0(224)) - Waiting for cluster to exit safe mode
2022-06-11 13:52:32,198 [Listener at 127.0.0.1/40219] INFO  ozone.MiniOzoneClusterImpl (MiniOzoneClusterImpl.java:lambda$waitForClusterToBeReady$0(226)) - SCM became leader
2022-06-11 13:52:32,770 [ReplicationMonitor] INFO  replication.ReplicationManager (ReplicationManager.java:processAll(228)) - Replication Manager is not ready to run until 3000ms after safemode exit
2022-06-11 13:52:33,181 [ea3eb705-49c6-47b6-816e-3ad6ae2807f4@group-8CDEE701A878-FollowerState] INFO  impl.FollowerState (FollowerState.java:run(143)) - ea3eb705-49c6-47b6-816e-3ad6ae2807f4@group-8CDEE701A878-FollowerState: change to CANDIDATE, lastRpcElapsedTime:5043136043ns, electionTimeout:5043ms
2022-06-11 13:52:33,182 [ea3eb705-49c6-47b6-816e-3ad6ae2807f4@group-8CDEE701A878-FollowerState] INFO  impl.RoleInfo (RoleInfo.java:shutdownFollowerState(110)) - ea3eb705-49c6-47b6-816e-3ad6ae2807f4: shutdown ea3eb705-49c6-47b6-816e-3ad6ae2807f4@group-8CDEE701A878-FollowerState
2022-06-11 13:52:33,182 [ea3eb705-49c6-47b6-816e-3ad6ae2807f4@group-8CDEE701A878-FollowerState] INFO  server.RaftServer$Division (RaftServerImpl.java:setRole(299)) - ea3eb705-49c6-47b6-816e-3ad6ae2807f4@group-8CDEE701A878: changes role from  FOLLOWER to CANDIDATE at term 3 for changeToCandidate
2022-06-11 13:52:33,182 [ea3eb705-49c6-47b6-816e-3ad6ae2807f4@group-8CDEE701A878-FollowerState] INFO  server.RaftServerConfigKeys (ConfUtils.java:logGet(46)) - raft.server.leaderelection.pre-vote = false (custom)
2022-06-11 13:52:33,182 [ea3eb705-49c6-47b6-816e-3ad6ae2807f4@group-8CDEE701A878-FollowerState] INFO  impl.RoleInfo (RoleInfo.java:updateAndGet(139)) - ea3eb705-49c6-47b6-816e-3ad6ae2807f4: start ea3eb705-49c6-47b6-816e-3ad6ae2807f4@group-8CDEE701A878-LeaderElection10
2022-06-11 13:52:33,186 [ea3eb705-49c6-47b6-816e-3ad6ae2807f4@group-8CDEE701A878-LeaderElection10] INFO  impl.LeaderElection (LeaderElection.java:askForVotes(310)) - ea3eb705-49c6-47b6-816e-3ad6ae2807f4@group-8CDEE701A878-LeaderElection10 ELECTION round 0: submit vote requests at term 4 for -1: [3cd9928a-a775-4af4-b787-40493a0c430a|rpc:10.1.0.23:38303|priority:0, ea3eb705-49c6-47b6-816e-3ad6ae2807f4|rpc:10.1.0.23:42799|priority:0, b72d34ed-ef2d-423d-934c-fedae9a767a6|rpc:10.1.0.23:39643|priority:1], old=null
2022-06-11 13:52:33,195 [grpc-default-executor-0] INFO  server.RaftServer$Division (RaftServerImpl.java:requestVote(1152)) - b72d34ed-ef2d-423d-934c-fedae9a767a6@group-8CDEE701A878: receive requestVote(ELECTION, ea3eb705-49c6-47b6-816e-3ad6ae2807f4, group-8CDEE701A878, 4, (t:0, i:0))
2022-06-11 13:52:33,195 [grpc-default-executor-1] INFO  server.RaftServer$Division (RaftServerImpl.java:requestVote(1152)) - 3cd9928a-a775-4af4-b787-40493a0c430a@group-8CDEE701A878: receive requestVote(ELECTION, ea3eb705-49c6-47b6-816e-3ad6ae2807f4, group-8CDEE701A878, 4, (t:0, i:0))
2022-06-11 13:52:33,195 [grpc-default-executor-1] INFO  impl.VoteContext (VoteContext.java:log(48)) - 3cd9928a-a775-4af4-b787-40493a0c430a@group-8CDEE701A878-FOLLOWER: accept ELECTION from ea3eb705-49c6-47b6-816e-3ad6ae2807f4: our priority 0 <= candidate's priority 0
2022-06-11 13:52:33,195 [grpc-default-executor-1] INFO  server.RaftServer$Division (RaftServerImpl.java:setRole(299)) - 3cd9928a-a775-4af4-b787-40493a0c430a@group-8CDEE701A878: changes role from  FOLLOWER to FOLLOWER at term 4 for candidate:ea3eb705-49c6-47b6-816e-3ad6ae2807f4
2022-06-11 13:52:33,195 [grpc-default-executor-1] INFO  impl.RoleInfo (RoleInfo.java:shutdownFollowerState(110)) - 3cd9928a-a775-4af4-b787-40493a0c430a: shutdown 3cd9928a-a775-4af4-b787-40493a0c430a@group-8CDEE701A878-FollowerState
2022-06-11 13:52:33,195 [grpc-default-executor-1] INFO  impl.RoleInfo (RoleInfo.java:updateAndGet(139)) - 3cd9928a-a775-4af4-b787-40493a0c430a: start 3cd9928a-a775-4af4-b787-40493a0c430a@group-8CDEE701A878-FollowerState
2022-06-11 13:52:33,195 [grpc-default-executor-0] INFO  impl.VoteContext (VoteContext.java:log(48)) - b72d34ed-ef2d-423d-934c-fedae9a767a6@group-8CDEE701A878-FOLLOWER: reject ELECTION from ea3eb705-49c6-47b6-816e-3ad6ae2807f4: our priority 1 > candidate's priority 0
2022-06-11 13:52:33,195 [grpc-default-executor-0] INFO  server.RaftServer$Division (RaftServerImpl.java:setRole(299)) - b72d34ed-ef2d-423d-934c-fedae9a767a6@group-8CDEE701A878: changes role from  FOLLOWER to FOLLOWER at term 4 for candidate:ea3eb705-49c6-47b6-816e-3ad6ae2807f4
2022-06-11 13:52:33,195 [3cd9928a-a775-4af4-b787-40493a0c430a@group-8CDEE701A878-FollowerState] INFO  impl.FollowerState (FollowerState.java:run(152)) - 3cd9928a-a775-4af4-b787-40493a0c430a@group-8CDEE701A878-FollowerState was interrupted
2022-06-11 13:52:33,196 [grpc-default-executor-0] INFO  impl.RoleInfo (RoleInfo.java:shutdownFollowerState(110)) - b72d34ed-ef2d-423d-934c-fedae9a767a6: shutdown b72d34ed-ef2d-423d-934c-fedae9a767a6@group-8CDEE701A878-FollowerState
2022-06-11 13:52:33,200 [grpc-default-executor-0] INFO  impl.RoleInfo (RoleInfo.java:updateAndGet(139)) - b72d34ed-ef2d-423d-934c-fedae9a767a6: start b72d34ed-ef2d-423d-934c-fedae9a767a6@group-8CDEE701A878-FollowerState
2022-06-11 13:52:33,200 [b72d34ed-ef2d-423d-934c-fedae9a767a6@group-8CDEE701A878-FollowerState] INFO  impl.FollowerState (FollowerState.java:run(152)) - b72d34ed-ef2d-423d-934c-fedae9a767a6@group-8CDEE701A878-FollowerState was interrupted
2022-06-11 13:52:33,201 [Listener at 127.0.0.1/40219] INFO  ozone.MiniOzoneClusterImpl (MiniOzoneClusterImpl.java:lambda$waitForClusterToBeReady$0(221)) - Nodes are ready. Got 5 of 5 DN Heartbeats.
2022-06-11 13:52:33,201 [Listener at 127.0.0.1/40219] INFO  ozone.MiniOzoneClusterImpl (MiniOzoneClusterImpl.java:lambda$waitForClusterToBeReady$0(224)) - Waiting for cluster to exit safe mode
2022-06-11 13:52:33,201 [Listener at 127.0.0.1/40219] INFO  ozone.MiniOzoneClusterImpl (MiniOzoneClusterImpl.java:lambda$waitForClusterToBeReady$0(226)) - SCM became leader
2022-06-11 13:52:33,203 [grpc-default-executor-0] INFO  server.RaftServer$Division (RaftServerImpl.java:requestVote(1184)) - b72d34ed-ef2d-423d-934c-fedae9a767a6@group-8CDEE701A878 replies to ELECTION vote request: ea3eb705-49c6-47b6-816e-3ad6ae2807f4<-b72d34ed-ef2d-423d-934c-fedae9a767a6#0:FAIL-t4. Peer's state: b72d34ed-ef2d-423d-934c-fedae9a767a6@group-8CDEE701A878:t4, leader=null, voted=null, raftlog=b72d34ed-ef2d-423d-934c-fedae9a767a6@group-8CDEE701A878-SegmentedRaftLog:OPENED:c-1, conf=-1: [3cd9928a-a775-4af4-b787-40493a0c430a|rpc:10.1.0.23:38303|dataStream:|priority:0, ea3eb705-49c6-47b6-816e-3ad6ae2807f4|rpc:10.1.0.23:42799|dataStream:|priority:0, b72d34ed-ef2d-423d-934c-fedae9a767a6|rpc:10.1.0.23:39643|dataStream:|priority:1], old=null
2022-06-11 13:52:33,204 [ea3eb705-49c6-47b6-816e-3ad6ae2807f4@group-8CDEE701A878-LeaderElection10] INFO  impl.LeaderElection (LeaderElection.java:logAndReturn(90)) - ea3eb705-49c6-47b6-816e-3ad6ae2807f4@group-8CDEE701A878-LeaderElection10: ELECTION REJECTED received 1 response(s) and 0 exception(s):
2022-06-11 13:52:33,205 [ea3eb705-49c6-47b6-816e-3ad6ae2807f4@group-8CDEE701A878-LeaderElection10] INFO  impl.LeaderElection (LeaderElection.java:logAndReturn(94)) -   Response 0: ea3eb705-49c6-47b6-816e-3ad6ae2807f4<-b72d34ed-ef2d-423d-934c-fedae9a767a6#0:FAIL-t4
2022-06-11 13:52:33,205 [grpc-default-executor-1] INFO  server.RaftServer$Division (RaftServerImpl.java:requestVote(1184)) - 3cd9928a-a775-4af4-b787-40493a0c430a@group-8CDEE701A878 replies to ELECTION vote request: ea3eb705-49c6-47b6-816e-3ad6ae2807f4<-3cd9928a-a775-4af4-b787-40493a0c430a#0:OK-t4. Peer's state: 3cd9928a-a775-4af4-b787-40493a0c430a@group-8CDEE701A878:t4, leader=null, voted=ea3eb705-49c6-47b6-816e-3ad6ae2807f4, raftlog=3cd9928a-a775-4af4-b787-40493a0c430a@group-8CDEE701A878-SegmentedRaftLog:OPENED:c-1, conf=-1: [3cd9928a-a775-4af4-b787-40493a0c430a|rpc:10.1.0.23:38303|priority:0, ea3eb705-49c6-47b6-816e-3ad6ae2807f4|rpc:10.1.0.23:42799|priority:0, b72d34ed-ef2d-423d-934c-fedae9a767a6|rpc:10.1.0.23:39643|priority:1], old=null
2022-06-11 13:52:33,205 [ea3eb705-49c6-47b6-816e-3ad6ae2807f4@group-8CDEE701A878-LeaderElection10] INFO  impl.LeaderElection (LeaderElection.java:askForVotes(312)) - ea3eb705-49c6-47b6-816e-3ad6ae2807f4@group-8CDEE701A878-LeaderElection10 ELECTION round 0: result REJECTED
2022-06-11 13:52:33,207 [ea3eb705-49c6-47b6-816e-3ad6ae2807f4@group-8CDEE701A878-LeaderElection10] INFO  server.RaftServer$Division (RaftServerImpl.java:setRole(299)) - ea3eb705-49c6-47b6-816e-3ad6ae2807f4@group-8CDEE701A878: changes role from CANDIDATE to FOLLOWER at term 4 for REJECTED
2022-06-11 13:52:33,207 [ea3eb705-49c6-47b6-816e-3ad6ae2807f4@group-8CDEE701A878-LeaderElection10] INFO  impl.RoleInfo (RoleInfo.java:shutdownLeaderElection(130)) - ea3eb705-49c6-47b6-816e-3ad6ae2807f4: shutdown ea3eb705-49c6-47b6-816e-3ad6ae2807f4@group-8CDEE701A878-LeaderElection10
2022-06-11 13:52:33,207 [ea3eb705-49c6-47b6-816e-3ad6ae2807f4@group-8CDEE701A878-LeaderElection10] INFO  impl.RoleInfo (RoleInfo.java:updateAndGet(139)) - ea3eb705-49c6-47b6-816e-3ad6ae2807f4: start ea3eb705-49c6-47b6-816e-3ad6ae2807f4@group-8CDEE701A878-FollowerState
2022-06-11 13:52:33,770 [ReplicationMonitor] INFO  replication.ReplicationManager (ReplicationManager.java:processAll(228)) - Replication Manager is not ready to run until 3000ms after safemode exit
2022-06-11 13:52:34,201 [Listener at 127.0.0.1/40219] INFO  ozone.MiniOzoneClusterImpl (MiniOzoneClusterImpl.java:lambda$waitForClusterToBeReady$0(221)) - Nodes are ready. Got 5 of 5 DN Heartbeats.
2022-06-11 13:52:34,202 [Listener at 127.0.0.1/40219] INFO  ozone.MiniOzoneClusterImpl (MiniOzoneClusterImpl.java:lambda$waitForClusterToBeReady$0(224)) - Waiting for cluster to exit safe mode
2022-06-11 13:52:34,202 [Listener at 127.0.0.1/40219] INFO  ozone.MiniOzoneClusterImpl (MiniOzoneClusterImpl.java:lambda$waitForClusterToBeReady$0(226)) - SCM became leader
2022-06-11 13:52:34,772 [ReplicationMonitor] INFO  replication.ReplicationManager (ReplicationManager.java:processAll(228)) - Replication Manager is not ready to run until 3000ms after safemode exit
2022-06-11 13:52:35,202 [Listener at 127.0.0.1/40219] INFO  ozone.MiniOzoneClusterImpl (MiniOzoneClusterImpl.java:lambda$waitForClusterToBeReady$0(221)) - Nodes are ready. Got 5 of 5 DN Heartbeats.
2022-06-11 13:52:35,203 [Listener at 127.0.0.1/40219] INFO  ozone.MiniOzoneClusterImpl (MiniOzoneClusterImpl.java:lambda$waitForClusterToBeReady$0(224)) - Waiting for cluster to exit safe mode
2022-06-11 13:52:35,203 [Listener at 127.0.0.1/40219] INFO  ozone.MiniOzoneClusterImpl (MiniOzoneClusterImpl.java:lambda$waitForClusterToBeReady$0(226)) - SCM became leader
2022-06-11 13:52:35,773 [ReplicationMonitor] INFO  replication.ReplicationManager (ReplicationManager.java:processAll(228)) - Replication Manager is not ready to run until 3000ms after safemode exit
2022-06-11 13:52:36,203 [Listener at 127.0.0.1/40219] INFO  ozone.MiniOzoneClusterImpl (MiniOzoneClusterImpl.java:lambda$waitForClusterToBeReady$0(221)) - Nodes are ready. Got 5 of 5 DN Heartbeats.
2022-06-11 13:52:36,203 [Listener at 127.0.0.1/40219] INFO  ozone.MiniOzoneClusterImpl (MiniOzoneClusterImpl.java:lambda$waitForClusterToBeReady$0(224)) - Waiting for cluster to exit safe mode
2022-06-11 13:52:36,203 [Listener at 127.0.0.1/40219] INFO  ozone.MiniOzoneClusterImpl (MiniOzoneClusterImpl.java:lambda$waitForClusterToBeReady$0(226)) - SCM became leader
2022-06-11 13:52:36,773 [ReplicationMonitor] INFO  replication.ReplicationManager (ReplicationManager.java:processAll(228)) - Replication Manager is not ready to run until 3000ms after safemode exit
2022-06-11 13:52:37,204 [Listener at 127.0.0.1/40219] INFO  ozone.MiniOzoneClusterImpl (MiniOzoneClusterImpl.java:lambda$waitForClusterToBeReady$0(221)) - Nodes are ready. Got 5 of 5 DN Heartbeats.
2022-06-11 13:52:37,204 [Listener at 127.0.0.1/40219] INFO  ozone.MiniOzoneClusterImpl (MiniOzoneClusterImpl.java:lambda$waitForClusterToBeReady$0(224)) - Waiting for cluster to exit safe mode
2022-06-11 13:52:37,204 [Listener at 127.0.0.1/40219] INFO  ozone.MiniOzoneClusterImpl (MiniOzoneClusterImpl.java:lambda$waitForClusterToBeReady$0(226)) - SCM became leader
2022-06-11 13:52:37,774 [ReplicationMonitor] INFO  replication.ReplicationManager (ReplicationManager.java:processAll(228)) - Replication Manager is not ready to run until 3000ms after safemode exit
2022-06-11 13:52:38,204 [Listener at 127.0.0.1/40219] INFO  ozone.MiniOzoneClusterImpl (MiniOzoneClusterImpl.java:lambda$waitForClusterToBeReady$0(221)) - Nodes are ready. Got 5 of 5 DN Heartbeats.
2022-06-11 13:52:38,204 [Listener at 127.0.0.1/40219] INFO  ozone.MiniOzoneClusterImpl (MiniOzoneClusterImpl.java:lambda$waitForClusterToBeReady$0(224)) - Waiting for cluster to exit safe mode
2022-06-11 13:52:38,205 [Listener at 127.0.0.1/40219] INFO  ozone.MiniOzoneClusterImpl (MiniOzoneClusterImpl.java:lambda$waitForClusterToBeReady$0(226)) - SCM became leader
2022-06-11 13:52:38,218 [b72d34ed-ef2d-423d-934c-fedae9a767a6@group-8CDEE701A878-FollowerState] INFO  impl.FollowerState (FollowerState.java:run(143)) - b72d34ed-ef2d-423d-934c-fedae9a767a6@group-8CDEE701A878-FollowerState: change to CANDIDATE, lastRpcElapsedTime:5017497306ns, electionTimeout:5015ms
2022-06-11 13:52:38,218 [b72d34ed-ef2d-423d-934c-fedae9a767a6@group-8CDEE701A878-FollowerState] INFO  impl.RoleInfo (RoleInfo.java:shutdownFollowerState(110)) - b72d34ed-ef2d-423d-934c-fedae9a767a6: shutdown b72d34ed-ef2d-423d-934c-fedae9a767a6@group-8CDEE701A878-FollowerState
2022-06-11 13:52:38,218 [b72d34ed-ef2d-423d-934c-fedae9a767a6@group-8CDEE701A878-FollowerState] INFO  server.RaftServer$Division (RaftServerImpl.java:setRole(299)) - b72d34ed-ef2d-423d-934c-fedae9a767a6@group-8CDEE701A878: changes role from  FOLLOWER to CANDIDATE at term 4 for changeToCandidate
2022-06-11 13:52:38,218 [b72d34ed-ef2d-423d-934c-fedae9a767a6@group-8CDEE701A878-FollowerState] INFO  server.RaftServerConfigKeys (ConfUtils.java:logGet(46)) - raft.server.leaderelection.pre-vote = false (custom)
2022-06-11 13:52:38,218 [b72d34ed-ef2d-423d-934c-fedae9a767a6@group-8CDEE701A878-FollowerState] INFO  impl.RoleInfo (RoleInfo.java:updateAndGet(139)) - b72d34ed-ef2d-423d-934c-fedae9a767a6: start b72d34ed-ef2d-423d-934c-fedae9a767a6@group-8CDEE701A878-LeaderElection11
2022-06-11 13:52:38,223 [b72d34ed-ef2d-423d-934c-fedae9a767a6@group-8CDEE701A878-LeaderElection11] INFO  impl.LeaderElection (LeaderElection.java:askForVotes(310)) - b72d34ed-ef2d-423d-934c-fedae9a767a6@group-8CDEE701A878-LeaderElection11 ELECTION round 0: submit vote requests at term 5 for -1: [3cd9928a-a775-4af4-b787-40493a0c430a|rpc:10.1.0.23:38303|dataStream:|priority:0, ea3eb705-49c6-47b6-816e-3ad6ae2807f4|rpc:10.1.0.23:42799|dataStream:|priority:0, b72d34ed-ef2d-423d-934c-fedae9a767a6|rpc:10.1.0.23:39643|dataStream:|priority:1], old=null
2022-06-11 13:52:38,241 [grpc-default-executor-1] INFO  server.RaftServer$Division (RaftServerImpl.java:requestVote(1152)) - ea3eb705-49c6-47b6-816e-3ad6ae2807f4@group-8CDEE701A878: receive requestVote(ELECTION, b72d34ed-ef2d-423d-934c-fedae9a767a6, group-8CDEE701A878, 5, (t:0, i:0))
2022-06-11 13:52:38,242 [grpc-default-executor-1] INFO  impl.VoteContext (VoteContext.java:log(48)) - ea3eb705-49c6-47b6-816e-3ad6ae2807f4@group-8CDEE701A878-FOLLOWER: accept ELECTION from b72d34ed-ef2d-423d-934c-fedae9a767a6: our priority 0 <= candidate's priority 1
2022-06-11 13:52:38,242 [grpc-default-executor-1] INFO  server.RaftServer$Division (RaftServerImpl.java:setRole(299)) - ea3eb705-49c6-47b6-816e-3ad6ae2807f4@group-8CDEE701A878: changes role from  FOLLOWER to FOLLOWER at term 5 for candidate:b72d34ed-ef2d-423d-934c-fedae9a767a6
2022-06-11 13:52:38,242 [grpc-default-executor-1] INFO  impl.RoleInfo (RoleInfo.java:shutdownFollowerState(110)) - ea3eb705-49c6-47b6-816e-3ad6ae2807f4: shutdown ea3eb705-49c6-47b6-816e-3ad6ae2807f4@group-8CDEE701A878-FollowerState
2022-06-11 13:52:38,242 [grpc-default-executor-1] INFO  impl.RoleInfo (RoleInfo.java:updateAndGet(139)) - ea3eb705-49c6-47b6-816e-3ad6ae2807f4: start ea3eb705-49c6-47b6-816e-3ad6ae2807f4@group-8CDEE701A878-FollowerState
2022-06-11 13:52:38,242 [ea3eb705-49c6-47b6-816e-3ad6ae2807f4@group-8CDEE701A878-FollowerState] INFO  impl.FollowerState (FollowerState.java:run(152)) - ea3eb705-49c6-47b6-816e-3ad6ae2807f4@group-8CDEE701A878-FollowerState was interrupted
2022-06-11 13:52:38,250 [grpc-default-executor-0] INFO  server.RaftServer$Division (RaftServerImpl.java:requestVote(1152)) - 3cd9928a-a775-4af4-b787-40493a0c430a@group-8CDEE701A878: receive requestVote(ELECTION, b72d34ed-ef2d-423d-934c-fedae9a767a6, group-8CDEE701A878, 5, (t:0, i:0))
2022-06-11 13:52:38,251 [grpc-default-executor-0] INFO  impl.VoteContext (VoteContext.java:log(48)) - 3cd9928a-a775-4af4-b787-40493a0c430a@group-8CDEE701A878-FOLLOWER: accept ELECTION from b72d34ed-ef2d-423d-934c-fedae9a767a6: our priority 0 <= candidate's priority 1
2022-06-11 13:52:38,251 [grpc-default-executor-0] INFO  server.RaftServer$Division (RaftServerImpl.java:setRole(299)) - 3cd9928a-a775-4af4-b787-40493a0c430a@group-8CDEE701A878: changes role from  FOLLOWER to FOLLOWER at term 5 for candidate:b72d34ed-ef2d-423d-934c-fedae9a767a6
2022-06-11 13:52:38,251 [grpc-default-executor-0] INFO  impl.RoleInfo (RoleInfo.java:shutdownFollowerState(110)) - 3cd9928a-a775-4af4-b787-40493a0c430a: shutdown 3cd9928a-a775-4af4-b787-40493a0c430a@group-8CDEE701A878-FollowerState
2022-06-11 13:52:38,252 [grpc-default-executor-0] INFO  impl.RoleInfo (RoleInfo.java:updateAndGet(139)) - 3cd9928a-a775-4af4-b787-40493a0c430a: start 3cd9928a-a775-4af4-b787-40493a0c430a@group-8CDEE701A878-FollowerState
2022-06-11 13:52:38,252 [3cd9928a-a775-4af4-b787-40493a0c430a@group-8CDEE701A878-FollowerState] INFO  impl.FollowerState (FollowerState.java:run(152)) - 3cd9928a-a775-4af4-b787-40493a0c430a@group-8CDEE701A878-FollowerState was interrupted
2022-06-11 13:52:38,253 [grpc-default-executor-1] INFO  server.RaftServer$Division (RaftServerImpl.java:requestVote(1184)) - ea3eb705-49c6-47b6-816e-3ad6ae2807f4@group-8CDEE701A878 replies to ELECTION vote request: b72d34ed-ef2d-423d-934c-fedae9a767a6<-ea3eb705-49c6-47b6-816e-3ad6ae2807f4#0:OK-t5. Peer's state: ea3eb705-49c6-47b6-816e-3ad6ae2807f4@group-8CDEE701A878:t5, leader=null, voted=b72d34ed-ef2d-423d-934c-fedae9a767a6, raftlog=ea3eb705-49c6-47b6-816e-3ad6ae2807f4@group-8CDEE701A878-SegmentedRaftLog:OPENED:c-1, conf=-1: [3cd9928a-a775-4af4-b787-40493a0c430a|rpc:10.1.0.23:38303|priority:0, ea3eb705-49c6-47b6-816e-3ad6ae2807f4|rpc:10.1.0.23:42799|priority:0, b72d34ed-ef2d-423d-934c-fedae9a767a6|rpc:10.1.0.23:39643|priority:1], old=null
2022-06-11 13:52:38,255 [grpc-default-executor-0] INFO  server.RaftServer$Division (RaftServerImpl.java:requestVote(1184)) - 3cd9928a-a775-4af4-b787-40493a0c430a@group-8CDEE701A878 replies to ELECTION vote request: b72d34ed-ef2d-423d-934c-fedae9a767a6<-3cd9928a-a775-4af4-b787-40493a0c430a#0:OK-t5. Peer's state: 3cd9928a-a775-4af4-b787-40493a0c430a@group-8CDEE701A878:t5, leader=null, voted=b72d34ed-ef2d-423d-934c-fedae9a767a6, raftlog=3cd9928a-a775-4af4-b787-40493a0c430a@group-8CDEE701A878-SegmentedRaftLog:OPENED:c-1, conf=-1: [3cd9928a-a775-4af4-b787-40493a0c430a|rpc:10.1.0.23:38303|priority:0, ea3eb705-49c6-47b6-816e-3ad6ae2807f4|rpc:10.1.0.23:42799|priority:0, b72d34ed-ef2d-423d-934c-fedae9a767a6|rpc:10.1.0.23:39643|priority:1], old=null
2022-06-11 13:52:38,257 [b72d34ed-ef2d-423d-934c-fedae9a767a6@group-8CDEE701A878-LeaderElection11] INFO  impl.LeaderElection (LeaderElection.java:logAndReturn(90)) - b72d34ed-ef2d-423d-934c-fedae9a767a6@group-8CDEE701A878-LeaderElection11: ELECTION PASSED received 1 response(s) and 0 exception(s):
2022-06-11 13:52:38,257 [b72d34ed-ef2d-423d-934c-fedae9a767a6@group-8CDEE701A878-LeaderElection11] INFO  impl.LeaderElection (LeaderElection.java:logAndReturn(94)) -   Response 0: b72d34ed-ef2d-423d-934c-fedae9a767a6<-3cd9928a-a775-4af4-b787-40493a0c430a#0:OK-t5
2022-06-11 13:52:38,257 [b72d34ed-ef2d-423d-934c-fedae9a767a6@group-8CDEE701A878-LeaderElection11] INFO  impl.LeaderElection (LeaderElection.java:askForVotes(312)) - b72d34ed-ef2d-423d-934c-fedae9a767a6@group-8CDEE701A878-LeaderElection11 ELECTION round 0: result PASSED
2022-06-11 13:52:38,257 [b72d34ed-ef2d-423d-934c-fedae9a767a6@group-8CDEE701A878-LeaderElection11] INFO  impl.RoleInfo (RoleInfo.java:shutdownLeaderElection(130)) - b72d34ed-ef2d-423d-934c-fedae9a767a6: shutdown b72d34ed-ef2d-423d-934c-fedae9a767a6@group-8CDEE701A878-LeaderElection11
2022-06-11 13:52:38,258 [b72d34ed-ef2d-423d-934c-fedae9a767a6@group-8CDEE701A878-LeaderElection11] INFO  server.RaftServer$Division (RaftServerImpl.java:setRole(299)) - b72d34ed-ef2d-423d-934c-fedae9a767a6@group-8CDEE701A878: changes role from CANDIDATE to LEADER at term 5 for changeToLeader
2022-06-11 13:52:38,258 [b72d34ed-ef2d-423d-934c-fedae9a767a6@group-8CDEE701A878-LeaderElection11] INFO  ratis.XceiverServerRatis (XceiverServerRatis.java:handleLeaderChangedNotification(863)) - Leader change notification received for group: group-8CDEE701A878 with new leaderId: b72d34ed-ef2d-423d-934c-fedae9a767a6
2022-06-11 13:52:38,258 [b72d34ed-ef2d-423d-934c-fedae9a767a6@group-8CDEE701A878-LeaderElection11] INFO  server.RaftServer$Division (ServerState.java:setLeader(287)) - b72d34ed-ef2d-423d-934c-fedae9a767a6@group-8CDEE701A878: change Leader from null to b72d34ed-ef2d-423d-934c-fedae9a767a6 at term 5 for becomeLeader, leader elected after 24753ms
2022-06-11 13:52:38,258 [b72d34ed-ef2d-423d-934c-fedae9a767a6@group-8CDEE701A878-LeaderElection11] INFO  server.RaftServerConfigKeys (ConfUtils.java:logGet(46)) - raft.server.staging.catchup.gap = 1000 (default)
2022-06-11 13:52:38,258 [b72d34ed-ef2d-423d-934c-fedae9a767a6@group-8CDEE701A878-LeaderElection11] INFO  server.RaftServerConfigKeys (ConfUtils.java:logGet(46)) - raft.server.write.element-limit = 1024 (custom)
2022-06-11 13:52:38,258 [b72d34ed-ef2d-423d-934c-fedae9a767a6@group-8CDEE701A878-LeaderElection11] INFO  server.RaftServerConfigKeys (ConfUtils.java:logGet(46)) - raft.server.write.byte-limit = 1024 M (=1073741824) (custom)
2022-06-11 13:52:38,259 [b72d34ed-ef2d-423d-934c-fedae9a767a6@group-8CDEE701A878-LeaderElection11] INFO  server.RaftServerConfigKeys (ConfUtils.java:logGet(46)) - raft.server.watch.timeout = 180s (custom)
2022-06-11 13:52:38,259 [b72d34ed-ef2d-423d-934c-fedae9a767a6@group-8CDEE701A878-LeaderElection11] INFO  server.RaftServerConfigKeys (ConfUtils.java:logGet(46)) - raft.server.watch.timeout.denomination = 1s (default)
2022-06-11 13:52:38,259 [b72d34ed-ef2d-423d-934c-fedae9a767a6@group-8CDEE701A878-LeaderElection11] INFO  server.RaftServerConfigKeys (ConfUtils.java:logGet(46)) - raft.server.watch.element-limit = 65536 (default)
2022-06-11 13:52:38,259 [b72d34ed-ef2d-423d-934c-fedae9a767a6@group-8CDEE701A878-LeaderElection11] INFO  server.RaftServerConfigKeys (ConfUtils.java:logGet(46)) - raft.server.write.element-limit = 1024 (custom)
2022-06-11 13:52:38,259 [b72d34ed-ef2d-423d-934c-fedae9a767a6@group-8CDEE701A878-LeaderElection11] INFO  server.RaftServerConfigKeys (ConfUtils.java:logGet(46)) - raft.server.write.follower.gap.ratio.max = -1.0 (default)
2022-06-11 13:52:38,260 [EventQueue-PipelineReportForPipelineReportHandler] INFO  pipeline.PipelineManagerImpl (PipelineManagerImpl.java:openPipeline(356)) - Pipeline Pipeline[ Id: 06b33e13-d481-4efe-ad78-8cdee701a878, Nodes: ea3eb705-49c6-47b6-816e-3ad6ae2807f4{ip: 10.1.0.23, host: fv-az395-686.zfmzfyrfkyou3ow0tsr0jxwq1e.bx.internal.cloudapp.net, ports: [REPLICATION=39065, RATIS=42799, RATIS_ADMIN=42799, RATIS_SERVER=42799, STANDALONE=38873], networkLocation: /default-rack, certSerialId: null, persistedOpState: IN_SERVICE, persistedOpStateExpiryEpochSec: 0}3cd9928a-a775-4af4-b787-40493a0c430a{ip: 10.1.0.23, host: fv-az395-686.zfmzfyrfkyou3ow0tsr0jxwq1e.bx.internal.cloudapp.net, ports: [REPLICATION=41227, RATIS=38303, RATIS_ADMIN=38303, RATIS_SERVER=38303, STANDALONE=39085], networkLocation: /default-rack, certSerialId: null, persistedOpState: IN_SERVICE, persistedOpStateExpiryEpochSec: 0}b72d34ed-ef2d-423d-934c-fedae9a767a6{ip: 10.1.0.23, host: fv-az395-686.zfmzfyrfkyou3ow0tsr0jxwq1e.bx.internal.cloudapp.net, ports: [REPLICATION=41345, RATIS=39643, RATIS_ADMIN=39643, RATIS_SERVER=39643, STANDALONE=39715], networkLocation: /default-rack, certSerialId: null, persistedOpState: IN_SERVICE, persistedOpStateExpiryEpochSec: 0}, ReplicationConfig: RATIS/THREE, State:ALLOCATED, leaderId:b72d34ed-ef2d-423d-934c-fedae9a767a6, CreationTimestamp2022-06-11T13:52:10.536Z[Etc/UTC]] moved to OPEN state
2022-06-11 13:52:38,267 [EventQueue-OpenPipelineForHealthyPipelineSafeModeRule] INFO  safemode.SCMSafeModeManager (HealthyPipelineSafeModeRule.java:process(124)) - SCM in safe mode. Healthy pipelines reported count is 1, required healthy pipeline reported count is 1
2022-06-11 13:52:38,267 [EventQueue-OpenPipelineForHealthyPipelineSafeModeRule] INFO  safemode.SCMSafeModeManager (SCMSafeModeManager.java:validateSafeModeExitRules(204)) - HealthyPipelineSafeModeRule rule is successfully validated
2022-06-11 13:52:38,267 [EventQueue-OpenPipelineForHealthyPipelineSafeModeRule] INFO  safemode.SCMSafeModeManager (SCMSafeModeManager.java:validateSafeModeExitRules(219)) - ScmSafeModeManager, all rules are successfully validated
2022-06-11 13:52:38,267 [EventQueue-OpenPipelineForHealthyPipelineSafeModeRule] INFO  safemode.SCMSafeModeManager (SCMSafeModeManager.java:exitSafeMode(248)) - SCM exiting safe mode.
2022-06-11 13:52:38,267 [EventQueue-OpenPipelineForHealthyPipelineSafeModeRule] WARN  events.EventQueue (EventQueue.java:fireEvent(194)) - No event handler registered for event TypedEvent{payloadType=SafeModeStatus, name='Safe mode status'}
2022-06-11 13:52:38,267 [EventQueue-OpenPipelineForHealthyPipelineSafeModeRule] INFO  ha.SCMContext (SCMContext.java:updateSafeModeStatus(228)) - Update SafeModeStatus from SafeModeStatus{safeModeStatus=true, preCheckPassed=true} to SafeModeStatus{safeModeStatus=false, preCheckPassed=true}.
2022-06-11 13:52:38,267 [EventQueue-OpenPipelineForHealthyPipelineSafeModeRule] INFO  pipeline.BackgroundPipelineCreator (BackgroundPipelineCreator.java:notifyStatusChanged(251)) - Service BackgroundPipelineCreator transitions to RUNNING.
2022-06-11 13:52:38,267 [EventQueue-OpenPipelineForHealthyPipelineSafeModeRule] INFO  BackgroundPipelineScrubber (BackgroundSCMService.java:notifyStatusChanged(82)) - Service BackgroundPipelineScrubber transitions to RUNNING.
2022-06-11 13:52:38,268 [EventQueue-OpenPipelineForHealthyPipelineSafeModeRule] INFO  ExpiredContainerReplicaOpScrubber (BackgroundSCMService.java:notifyStatusChanged(82)) - Service ExpiredContainerReplicaOpScrubber transitions to RUNNING.
2022-06-11 13:52:38,268 [EventQueue-OpenPipelineForHealthyPipelineSafeModeRule] INFO  replication.ReplicationManager (ReplicationManager.java:notifyStatusChanged(372)) - Service ReplicationManager transitions to RUNNING.
2022-06-11 13:52:38,269 [EventQueue-OpenPipelineForHealthyPipelineSafeModeRule] WARN  balancer.ContainerBalancer (ContainerBalancer.java:shouldRun(875)) - Could not find persisted configuration for ContainerBalancer when checking if ContainerBalancer should run. ContainerBalancer should not run now.
2022-06-11 13:52:38,280 [b72d34ed-ef2d-423d-934c-fedae9a767a6@group-8CDEE701A878-LeaderElection11] INFO  server.RaftServerConfigKeys (ConfUtils.java:logGet(46)) - raft.server.log.appender.snapshot.chunk.size.max = 16MB (=16777216) (default)
2022-06-11 13:52:38,280 [b72d34ed-ef2d-423d-934c-fedae9a767a6@group-8CDEE701A878-LeaderElection11] INFO  server.RaftServerConfigKeys (ConfUtils.java:logGet(46)) - raft.server.log.appender.buffer.byte-limit = 33554432 (custom)
2022-06-11 13:52:38,281 [b72d34ed-ef2d-423d-934c-fedae9a767a6@group-8CDEE701A878-LeaderElection11] INFO  server.RaftServerConfigKeys (ConfUtils.java:logGet(46)) - raft.server.log.appender.buffer.element-limit = 1 (custom)
2022-06-11 13:52:38,284 [b72d34ed-ef2d-423d-934c-fedae9a767a6@group-8CDEE701A878-LeaderElection11] INFO  grpc.GrpcConfigKeys (ConfUtils.java:logGet(46)) - raft.grpc.server.leader.outstanding.appends.max = 128 (default)
2022-06-11 13:52:38,284 [b72d34ed-ef2d-423d-934c-fedae9a767a6@group-8CDEE701A878-LeaderElection11] INFO  server.RaftServerConfigKeys (ConfUtils.java:logGet(46)) - raft.server.rpc.request.timeout = 60s (custom)
2022-06-11 13:52:38,284 [b72d34ed-ef2d-423d-934c-fedae9a767a6@group-8CDEE701A878-LeaderElection11] INFO  server.RaftServerConfigKeys (ConfUtils.java:logGet(46)) - raft.server.log.appender.install.snapshot.enabled = false (custom)
2022-06-11 13:52:38,286 [b72d34ed-ef2d-423d-934c-fedae9a767a6@group-8CDEE701A878-LeaderElection11] INFO  server.RaftServerConfigKeys (ConfUtils.java:logGet(46)) - raft.server.log.appender.snapshot.chunk.size.max = 16MB (=16777216) (default)
2022-06-11 13:52:38,286 [b72d34ed-ef2d-423d-934c-fedae9a767a6@group-8CDEE701A878-LeaderElection11] INFO  server.RaftServerConfigKeys (ConfUtils.java:logGet(46)) - raft.server.log.appender.buffer.byte-limit = 33554432 (custom)
2022-06-11 13:52:38,286 [b72d34ed-ef2d-423d-934c-fedae9a767a6@group-8CDEE701A878-LeaderElection11] INFO  server.RaftServerConfigKeys (ConfUtils.java:logGet(46)) - raft.server.log.appender.buffer.element-limit = 1 (custom)
2022-06-11 13:52:38,286 [b72d34ed-ef2d-423d-934c-fedae9a767a6@group-8CDEE701A878-LeaderElection11] INFO  grpc.GrpcConfigKeys (ConfUtils.java:logGet(46)) - raft.grpc.server.leader.outstanding.appends.max = 128 (default)
2022-06-11 13:52:38,286 [b72d34ed-ef2d-423d-934c-fedae9a767a6@group-8CDEE701A878-LeaderElection11] INFO  server.RaftServerConfigKeys (ConfUtils.java:logGet(46)) - raft.server.rpc.request.timeout = 60s (custom)
2022-06-11 13:52:38,286 [b72d34ed-ef2d-423d-934c-fedae9a767a6@group-8CDEE701A878-LeaderElection11] INFO  server.RaftServerConfigKeys (ConfUtils.java:logGet(46)) - raft.server.log.appender.install.snapshot.enabled = false (custom)
2022-06-11 13:52:38,287 [b72d34ed-ef2d-423d-934c-fedae9a767a6@group-8CDEE701A878-LeaderElection11] INFO  impl.RoleInfo (RoleInfo.java:updateAndGet(139)) - b72d34ed-ef2d-423d-934c-fedae9a767a6: start b72d34ed-ef2d-423d-934c-fedae9a767a6@group-8CDEE701A878-LeaderStateImpl
2022-06-11 13:52:38,288 [b72d34ed-ef2d-423d-934c-fedae9a767a6@group-8CDEE701A878-LeaderElection11] INFO  segmented.SegmentedRaftLogWorker (SegmentedRaftLogWorker.java:startLogSegment(425)) - b72d34ed-ef2d-423d-934c-fedae9a767a6@group-8CDEE701A878-SegmentedRaftLogWorker: Starting segment from index:0
2022-06-11 13:52:38,290 [b72d34ed-ef2d-423d-934c-fedae9a767a6@group-8CDEE701A878-SegmentedRaftLogWorker] INFO  segmented.SegmentedRaftLogWorker (SegmentedRaftLogWorker.java:execute(629)) - b72d34ed-ef2d-423d-934c-fedae9a767a6@group-8CDEE701A878-SegmentedRaftLogWorker: created new log segment /home/runner/work/ozone/ozone/hadoop-ozone/integration-test/target/test-dir/MiniOzoneClusterImpl-239f68c3-3068-4753-adf8-1c2cb01b4c57/datanode-2/data/ratis/06b33e13-d481-4efe-ad78-8cdee701a878/current/log_inprogress_0
2022-06-11 13:52:38,301 [b72d34ed-ef2d-423d-934c-fedae9a767a6@group-8CDEE701A878-LeaderElection11] INFO  server.RaftServer$Division (ServerState.java:setRaftConf(393)) - b72d34ed-ef2d-423d-934c-fedae9a767a6@group-8CDEE701A878: set configuration 0: [3cd9928a-a775-4af4-b787-40493a0c430a|rpc:10.1.0.23:38303|dataStream:|priority:0, ea3eb705-49c6-47b6-816e-3ad6ae2807f4|rpc:10.1.0.23:42799|dataStream:|priority:0, b72d34ed-ef2d-423d-934c-fedae9a767a6|rpc:10.1.0.23:39643|dataStream:|priority:1], old=null
2022-06-11 13:52:38,328 [3cd9928a-a775-4af4-b787-40493a0c430a-server-thread1] INFO  ratis.XceiverServerRatis (XceiverServerRatis.java:handleLeaderChangedNotification(863)) - Leader change notification received for group: group-8CDEE701A878 with new leaderId: b72d34ed-ef2d-423d-934c-fedae9a767a6
2022-06-11 13:52:38,328 [3cd9928a-a775-4af4-b787-40493a0c430a-server-thread1] INFO  server.RaftServer$Division (ServerState.java:setLeader(287)) - 3cd9928a-a775-4af4-b787-40493a0c430a@group-8CDEE701A878: change Leader from null to b72d34ed-ef2d-423d-934c-fedae9a767a6 at term 5 for appendEntries, leader elected after 25154ms
2022-06-11 13:52:38,329 [ea3eb705-49c6-47b6-816e-3ad6ae2807f4-server-thread1] INFO  ratis.XceiverServerRatis (XceiverServerRatis.java:handleLeaderChangedNotification(863)) - Leader change notification received for group: group-8CDEE701A878 with new leaderId: b72d34ed-ef2d-423d-934c-fedae9a767a6
2022-06-11 13:52:38,336 [ea3eb705-49c6-47b6-816e-3ad6ae2807f4-server-thread1] INFO  server.RaftServer$Division (ServerState.java:setLeader(287)) - ea3eb705-49c6-47b6-816e-3ad6ae2807f4@group-8CDEE701A878: change Leader from null to b72d34ed-ef2d-423d-934c-fedae9a767a6 at term 5 for appendEntries, leader elected after 25604ms
2022-06-11 13:52:38,355 [ea3eb705-49c6-47b6-816e-3ad6ae2807f4-server-thread2] INFO  server.RaftServer$Division (ServerState.java:setRaftConf(393)) - ea3eb705-49c6-47b6-816e-3ad6ae2807f4@group-8CDEE701A878: set configuration 0: [3cd9928a-a775-4af4-b787-40493a0c430a|rpc:10.1.0.23:38303|dataStream:|priority:0, ea3eb705-49c6-47b6-816e-3ad6ae2807f4|rpc:10.1.0.23:42799|dataStream:|priority:0, b72d34ed-ef2d-423d-934c-fedae9a767a6|rpc:10.1.0.23:39643|dataStream:|priority:1], old=null
2022-06-11 13:52:38,355 [ea3eb705-49c6-47b6-816e-3ad6ae2807f4-server-thread2] INFO  segmented.SegmentedRaftLogWorker (SegmentedRaftLogWorker.java:startLogSegment(425)) - ea3eb705-49c6-47b6-816e-3ad6ae2807f4@group-8CDEE701A878-SegmentedRaftLogWorker: Starting segment from index:0
2022-06-11 13:52:38,356 [3cd9928a-a775-4af4-b787-40493a0c430a-server-thread1] INFO  server.RaftServer$Division (ServerState.java:setRaftConf(393)) - 3cd9928a-a775-4af4-b787-40493a0c430a@group-8CDEE701A878: set configuration 0: [3cd9928a-a775-4af4-b787-40493a0c430a|rpc:10.1.0.23:38303|dataStream:|priority:0, ea3eb705-49c6-47b6-816e-3ad6ae2807f4|rpc:10.1.0.23:42799|dataStream:|priority:0, b72d34ed-ef2d-423d-934c-fedae9a767a6|rpc:10.1.0.23:39643|dataStream:|priority:1], old=null
2022-06-11 13:52:38,357 [ea3eb705-49c6-47b6-816e-3ad6ae2807f4@group-8CDEE701A878-SegmentedRaftLogWorker] INFO  segmented.SegmentedRaftLogWorker (SegmentedRaftLogWorker.java:execute(629)) - ea3eb705-49c6-47b6-816e-3ad6ae2807f4@group-8CDEE701A878-SegmentedRaftLogWorker: created new log segment /home/runner/work/ozone/ozone/hadoop-ozone/integration-test/target/test-dir/MiniOzoneClusterImpl-239f68c3-3068-4753-adf8-1c2cb01b4c57/datanode-0/data/ratis/06b33e13-d481-4efe-ad78-8cdee701a878/current/log_inprogress_0
2022-06-11 13:52:38,358 [3cd9928a-a775-4af4-b787-40493a0c430a-server-thread1] INFO  segmented.SegmentedRaftLogWorker (SegmentedRaftLogWorker.java:startLogSegment(425)) - 3cd9928a-a775-4af4-b787-40493a0c430a@group-8CDEE701A878-SegmentedRaftLogWorker: Starting segment from index:0
2022-06-11 13:52:38,362 [3cd9928a-a775-4af4-b787-40493a0c430a@group-8CDEE701A878-SegmentedRaftLogWorker] INFO  segmented.SegmentedRaftLogWorker (SegmentedRaftLogWorker.java:execute(629)) - 3cd9928a-a775-4af4-b787-40493a0c430a@group-8CDEE701A878-SegmentedRaftLogWorker: created new log segment /home/runner/work/ozone/ozone/hadoop-ozone/integration-test/target/test-dir/MiniOzoneClusterImpl-239f68c3-3068-4753-adf8-1c2cb01b4c57/datanode-1/data/ratis/06b33e13-d481-4efe-ad78-8cdee701a878/current/log_inprogress_0
2022-06-11 13:52:38,775 [ReplicationMonitor] INFO  replication.ReplicationManager (ReplicationManager.java:processAll(228)) - Replication Manager is not ready to run until 3000ms after safemode exit
2022-06-11 13:52:39,205 [Listener at 127.0.0.1/40219] INFO  ozone.MiniOzoneClusterImpl (MiniOzoneClusterImpl.java:lambda$waitForClusterToBeReady$0(221)) - Nodes are ready. Got 5 of 5 DN Heartbeats.
2022-06-11 13:52:39,205 [Listener at 127.0.0.1/40219] INFO  ozone.MiniOzoneClusterImpl (MiniOzoneClusterImpl.java:lambda$waitForClusterToBeReady$0(224)) - Cluster exits safe mode
2022-06-11 13:52:39,205 [Listener at 127.0.0.1/40219] INFO  ozone.MiniOzoneClusterImpl (MiniOzoneClusterImpl.java:lambda$waitForClusterToBeReady$0(226)) - SCM became leader
2022-06-11 13:52:39,694 [Listener at 127.0.0.1/40219] INFO  rpc.RpcClient (RpcClient.java:createVolume(466)) - Creating Volume: 68a38ad4-e4c2-4bcf-a943-9e81bf874c3a, with runner as owner and space quota set to -1 bytes, counts quota set to -1
2022-06-11 13:52:39,742 [OM StateMachine ApplyTransaction Thread - 0] INFO  volume.OMVolumeCreateRequest (OMVolumeCreateRequest.java:validateAndUpdateCache(195)) - created volume:68a38ad4-e4c2-4bcf-a943-9e81bf874c3a for user:runner
2022-06-11 13:52:39,767 [Listener at 127.0.0.1/40219] INFO  rpc.RpcClient (RpcClient.java:createBucket(666)) - Creating Bucket: 68a38ad4-e4c2-4bcf-a943-9e81bf874c3a/1d5bb72b-6bea-4345-9cde-8cfe01cf43ac, with the Bucket Layout null, runner as owner, Versioning false, Storage Type set to DISK and Encryption set to false 
2022-06-11 13:52:39,775 [ReplicationMonitor] INFO  replication.ReplicationManager (ReplicationManager.java:processAll(228)) - Replication Manager is not ready to run until 3000ms after safemode exit
2022-06-11 13:52:39,784 [OM StateMachine ApplyTransaction Thread - 0] INFO  bucket.OMBucketCreateRequest (OMBucketCreateRequest.java:validateAndUpdateCache(260)) - created bucket: 1d5bb72b-6bea-4345-9cde-8cfe01cf43ac of layout LEGACY in volume: 68a38ad4-e4c2-4bcf-a943-9e81bf874c3a
2022-06-11 13:52:39,843 [IPC Server handler 5 on default port 35617] INFO  ha.SequenceIdGenerator (SequenceIdGenerator.java:getNextId(127)) - Allocate a batch for containerId, change lastId from 0 to 1000.
2022-06-11 13:52:39,853 [IPC Server handler 5 on default port 35617] WARN  ha.SequenceIdGenerator (SequenceIdGenerator.java:allocateBatch(235)) - Failed to allocate a batch for localId, expected lastId is 0, actual lastId is 109611004723200000.
2022-06-11 13:52:39,853 [IPC Server handler 5 on default port 35617] INFO  ha.SequenceIdGenerator (SequenceIdGenerator.java:getNextId(127)) - Allocate a batch for localId, change lastId from 109611004723200000 to 109611004723201000.
2022-06-11 13:52:40,010 [Listener at 127.0.0.1/40219] INFO  impl.MetricsSystemImpl (MetricsSystemImpl.java:init(158)) - XceiverClientMetrics metrics system started (again)
2022-06-11 13:52:40,775 [ReplicationMonitor] INFO  replication.ReplicationManager (ReplicationManager.java:processAll(228)) - Replication Manager is not ready to run until 3000ms after safemode exit
2022-06-11 13:52:41,778 [ReplicationMonitor] INFO  replication.ReplicationManager (ReplicationManager.java:processAll(249)) - Replication Monitor Thread took 2 milliseconds for processing 3 containers.
2022-06-11 13:52:41,948 [Listener at 127.0.0.1/40219] INFO  ozone.MiniOzoneClusterImpl (MiniOzoneClusterImpl.java:shutdown(456)) - Shutting down the Mini Ozone Cluster
2022-06-11 13:52:41,948 [Listener at 127.0.0.1/40219] INFO  ozone.MiniOzoneClusterImpl (MiniOzoneClusterImpl.java:stop(471)) - Stopping the Mini Ozone Cluster
2022-06-11 13:52:41,948 [Listener at 127.0.0.1/40219] INFO  ozone.MiniOzoneClusterImpl (MiniOzoneClusterImpl.java:stopOM(553)) - Stopping the OzoneManager
2022-06-11 13:52:41,948 [Listener at 127.0.0.1/40219] INFO  om.OzoneManager (OzoneManager.java:stop(2017)) - om1[localhost:0]: Stopping Ozone Manager
2022-06-11 13:52:41,948 [Listener at 127.0.0.1/40219] INFO  ipc.Server (Server.java:stop(3414)) - Stopping server on 40219
2022-06-11 13:52:41,951 [IPC Server listener on 0] INFO  ipc.Server (Server.java:run(1376)) - Stopping IPC Server listener on 0
2022-06-11 13:52:41,955 [IPC Server Responder] INFO  ipc.Server (Server.java:run(1512)) - Stopping IPC Server Responder
2022-06-11 13:52:41,956 [Listener at 127.0.0.1/40219] INFO  server.RaftServer (RaftServerProxy.java:lambda$close$7(398)) - om1: close
2022-06-11 13:52:41,957 [Listener at 127.0.0.1/40219] INFO  server.RaftServer$Division (RaftServerImpl.java:lambda$close$4(434)) - om1@group-C5BA1605619E: shutdown
2022-06-11 13:52:41,957 [Listener at 127.0.0.1/40219] INFO  util.JmxRegister (JmxRegister.java:unregister(73)) - Successfully un-registered JMX Bean with object name Ratis:service=RaftServer,group=group-C5BA1605619E,id=om1
2022-06-11 13:52:41,958 [Listener at 127.0.0.1/40219] INFO  impl.RoleInfo (RoleInfo.java:shutdownLeaderState(93)) - om1: shutdown om1@group-C5BA1605619E-LeaderStateImpl
2022-06-11 13:52:41,958 [Listener at 127.0.0.1/40219] INFO  impl.PendingRequests (PendingRequests.java:sendNotLeaderResponses(282)) - om1@group-C5BA1605619E-PendingRequests: sendNotLeaderResponses
2022-06-11 13:52:41,961 [Listener at 127.0.0.1/40219] INFO  impl.StateMachineUpdater (StateMachineUpdater.java:stopAndJoin(153)) - om1@group-C5BA1605619E-StateMachineUpdater: set stopIndex = 16
2022-06-11 13:52:41,961 [om1@group-C5BA1605619E-StateMachineUpdater] INFO  ratis.OzoneManagerStateMachine (OzoneManagerStateMachine.java:takeSnapshot(436)) - Current Snapshot Index (t:1, i:16)
2022-06-11 13:52:41,963 [om1@group-C5BA1605619E-StateMachineUpdater] INFO  impl.StateMachineUpdater (StateMachineUpdater.java:takeSnapshot(287)) - om1@group-C5BA1605619E-StateMachineUpdater: Took a snapshot at index 16
2022-06-11 13:52:41,963 [om1@group-C5BA1605619E-StateMachineUpdater] INFO  impl.StateMachineUpdater (StateMachineUpdater.java:lambda$new$0(92)) - om1@group-C5BA1605619E-StateMachineUpdater: snapshotIndex: updateIncreasingly -1 -> 16
2022-06-11 13:52:41,964 [om1@group-C5BA1605619E-StateMachineUpdater] INFO  ratis.OzoneManagerStateMachine (OzoneManagerStateMachine.java:close(490)) - StateMachine has shutdown. Shutdown OzoneManager if not already shutdown.
2022-06-11 13:52:41,964 [om1@group-C5BA1605619E-StateMachineUpdater] INFO  ratis.OzoneManagerDoubleBuffer (OzoneManagerDoubleBuffer.java:stop(465)) - Stopping OMDoubleBuffer flush thread
2022-06-11 13:52:41,964 [OMDoubleBufferFlushThread] INFO  ratis.OzoneManagerDoubleBuffer (OzoneManagerDoubleBuffer.java:flushTransactions(385)) - OMDoubleBuffer flush thread OMDoubleBufferFlushThread is interrupted and will exit.
2022-06-11 13:52:41,965 [Listener at 127.0.0.1/40219] INFO  server.RaftServer$Division (ServerState.java:close(429)) - om1@group-C5BA1605619E: closes. applyIndex: 16
2022-06-11 13:52:41,966 [om1@group-C5BA1605619E-SegmentedRaftLogWorker] INFO  segmented.SegmentedRaftLogWorker (SegmentedRaftLogWorker.java:run(336)) - om1@group-C5BA1605619E-SegmentedRaftLogWorker was interrupted, exiting. There are 0 tasks remaining in the queue.
2022-06-11 13:52:41,968 [Listener at 127.0.0.1/40219] INFO  segmented.SegmentedRaftLogWorker (SegmentedRaftLogWorker.java:close(246)) - om1@group-C5BA1605619E-SegmentedRaftLogWorker close()
2022-06-11 13:52:41,970 [Listener at 127.0.0.1/40219] INFO  server.GrpcService (GrpcService.java:closeImpl(269)) - om1: shutdown server with port 9872 now
2022-06-11 13:52:41,980 [Listener at 127.0.0.1/40219] INFO  server.GrpcService (GrpcService.java:closeImpl(278)) - om1: shutdown server with port 9872 successfully
2022-06-11 13:52:41,981 [org.apache.ratis.util.JvmPauseMonitor$$Lambda$627/1387949628@2407ed8e] INFO  util.JvmPauseMonitor (JvmPauseMonitor.java:run(109)) - JvmPauseMonitor-om1: Stopped
2022-06-11 13:52:41,981 [Listener at 127.0.0.1/40219] INFO  ratis.OzoneManagerStateMachine (OzoneManagerStateMachine.java:close(490)) - StateMachine has shutdown. Shutdown OzoneManager if not already shutdown.
2022-06-11 13:52:41,981 [Listener at 127.0.0.1/40219] INFO  ratis.OzoneManagerDoubleBuffer (OzoneManagerDoubleBuffer.java:stop(477)) - OMDoubleBuffer flush thread is not running.
2022-06-11 13:52:41,981 [Listener at 127.0.0.1/40219] INFO  utils.BackgroundService (BackgroundService.java:shutdown(132)) - Shutting down service KeyDeletingService
2022-06-11 13:52:41,982 [Listener at 127.0.0.1/40219] INFO  utils.BackgroundService (BackgroundService.java:shutdown(132)) - Shutting down service DirectoryDeletingService
2022-06-11 13:52:41,984 [Listener at 127.0.0.1/40219] INFO  handler.ContextHandler (ContextHandler.java:doStop(1153)) - Stopped o.e.j.w.WebAppContext@42824657{ozoneManager,/,null,STOPPED}{file:/home/runner/work/ozone/ozone/hadoop-ozone/integration-test/target/test-classes/webapps/ozoneManager}
2022-06-11 13:52:41,988 [Listener at 127.0.0.1/40219] INFO  server.AbstractConnector (AbstractConnector.java:doStop(381)) - Stopped ServerConnector@16a929b9{HTTP/1.1, (http/1.1)}{0.0.0.0:0}
2022-06-11 13:52:41,988 [Listener at 127.0.0.1/40219] INFO  server.session (HouseKeeper.java:stopScavenging(149)) - node0 Stopped scavenging
2022-06-11 13:52:41,988 [Listener at 127.0.0.1/40219] INFO  handler.ContextHandler (ContextHandler.java:doStop(1153)) - Stopped o.e.j.s.ServletContextHandler@6386dfbf{static,/static,file:///home/runner/work/ozone/ozone/hadoop-ozone/integration-test/target/test-classes/webapps/static,STOPPED}
2022-06-11 13:52:41,988 [Listener at 127.0.0.1/40219] INFO  handler.ContextHandler (ContextHandler.java:doStop(1153)) - Stopped o.e.j.s.ServletContextHandler@46c2f0e9{logs,/logs,file:///home/runner/work/ozone/ozone/hadoop-ozone/integration-test/target/log,STOPPED}
2022-06-11 13:52:41,991 [Listener at 127.0.0.1/40219] INFO  ozone.MiniOzoneClusterImpl (MiniOzoneClusterImpl.java:stopDatanodes(530)) - Stopping the HddsDatanodes
2022-06-11 13:52:42,779 [ReplicationMonitor] INFO  replication.ReplicationManager (ReplicationManager.java:processAll(249)) - Replication Monitor Thread took 0 milliseconds for processing 3 containers.
2022-06-11 13:52:43,780 [ReplicationMonitor] INFO  replication.ReplicationManager (ReplicationManager.java:processAll(249)) - Replication Monitor Thread took 0 milliseconds for processing 3 containers.
2022-06-11 13:52:44,298 [EventQueue-StaleNodeForStaleNodeHandler] INFO  node.StaleNodeHandler (StaleNodeHandler.java:onMessage(58)) - Datanode b72d34ed-ef2d-423d-934c-fedae9a767a6{ip: 10.1.0.23, host: fv-az395-686.zfmzfyrfkyou3ow0tsr0jxwq1e.bx.internal.cloudapp.net, ports: [REPLICATION=41345, RATIS=39643, RATIS_ADMIN=39643, RATIS_SERVER=39643, STANDALONE=39715], networkLocation: /default-rack, certSerialId: null, persistedOpState: IN_SERVICE, persistedOpStateExpiryEpochSec: 0} moved to stale state. Finalizing its pipelines [PipelineID=06b33e13-d481-4efe-ad78-8cdee701a878, PipelineID=ba8166de-6a74-4f02-9adf-d735d23348c9]
2022-06-11 13:52:44,303 [EventQueue-StaleNodeForStaleNodeHandler] INFO  pipeline.PipelineManagerImpl (PipelineManagerImpl.java:closeContainersForPipeline(409)) - Container #1 closed for pipeline=PipelineID=06b33e13-d481-4efe-ad78-8cdee701a878
2022-06-11 13:52:44,303 [EventQueue-CloseContainerForCloseContainerEventHandler] INFO  container.CloseContainerEventHandler (CloseContainerEventHandler.java:onMessage(69)) - Close container Event triggered for container : #1
2022-06-11 13:52:44,304 [EventQueue-StaleNodeForStaleNodeHandler] INFO  pipeline.PipelineManagerImpl (PipelineManagerImpl.java:closeContainersForPipeline(409)) - Container #2 closed for pipeline=PipelineID=06b33e13-d481-4efe-ad78-8cdee701a878
2022-06-11 13:52:44,305 [EventQueue-StaleNodeForStaleNodeHandler] INFO  pipeline.PipelineManagerImpl (PipelineManagerImpl.java:closeContainersForPipeline(409)) - Container #3 closed for pipeline=PipelineID=06b33e13-d481-4efe-ad78-8cdee701a878
2022-06-11 13:52:44,305 [EventQueue-StaleNodeForStaleNodeHandler] INFO  pipeline.PipelineManagerImpl (PipelineManagerImpl.java:closePipeline(430)) - Pipeline Pipeline[ Id: 06b33e13-d481-4efe-ad78-8cdee701a878, Nodes: ea3eb705-49c6-47b6-816e-3ad6ae2807f4{ip: 10.1.0.23, host: fv-az395-686.zfmzfyrfkyou3ow0tsr0jxwq1e.bx.internal.cloudapp.net, ports: [REPLICATION=39065, RATIS=42799, RATIS_ADMIN=42799, RATIS_SERVER=42799, STANDALONE=38873], networkLocation: /default-rack, certSerialId: null, persistedOpState: IN_SERVICE, persistedOpStateExpiryEpochSec: 0}3cd9928a-a775-4af4-b787-40493a0c430a{ip: 10.1.0.23, host: fv-az395-686.zfmzfyrfkyou3ow0tsr0jxwq1e.bx.internal.cloudapp.net, ports: [REPLICATION=41227, RATIS=38303, RATIS_ADMIN=38303, RATIS_SERVER=38303, STANDALONE=39085], networkLocation: /default-rack, certSerialId: null, persistedOpState: IN_SERVICE, persistedOpStateExpiryEpochSec: 0}b72d34ed-ef2d-423d-934c-fedae9a767a6{ip: 10.1.0.23, host: fv-az395-686.zfmzfyrfkyou3ow0tsr0jxwq1e.bx.internal.cloudapp.net, ports: [REPLICATION=41345, RATIS=39643, RATIS_ADMIN=39643, RATIS_SERVER=39643, STANDALONE=39715], networkLocation: /default-rack, certSerialId: null, persistedOpState: IN_SERVICE, persistedOpStateExpiryEpochSec: 0}, ReplicationConfig: RATIS/THREE, State:OPEN, leaderId:b72d34ed-ef2d-423d-934c-fedae9a767a6, CreationTimestamp2022-06-11T13:52:10.536Z[Etc/UTC]] moved to CLOSED state
2022-06-11 13:52:44,306 [EventQueue-StaleNodeForStaleNodeHandler] INFO  pipeline.PipelineManagerImpl (PipelineManagerImpl.java:closePipeline(430)) - Pipeline Pipeline[ Id: ba8166de-6a74-4f02-9adf-d735d23348c9, Nodes: b72d34ed-ef2d-423d-934c-fedae9a767a6{ip: 10.1.0.23, host: fv-az395-686.zfmzfyrfkyou3ow0tsr0jxwq1e.bx.internal.cloudapp.net, ports: [REPLICATION=41345, RATIS=39643, RATIS_ADMIN=39643, RATIS_SERVER=39643, STANDALONE=39715], networkLocation: /default-rack, certSerialId: null, persistedOpState: IN_SERVICE, persistedOpStateExpiryEpochSec: 0}, ReplicationConfig: RATIS/ONE, State:OPEN, leaderId:b72d34ed-ef2d-423d-934c-fedae9a767a6, CreationTimestamp2022-06-11T13:52:10.530Z[Etc/UTC]] moved to CLOSED state
2022-06-11 13:52:44,306 [EventQueue-CloseContainerForCloseContainerEventHandler] INFO  container.CloseContainerEventHandler (CloseContainerEventHandler.java:onMessage(69)) - Close container Event triggered for container : #2
2022-06-11 13:52:44,308 [EventQueue-StaleNodeForStaleNodeHandler] INFO  node.StaleNodeHandler (StaleNodeHandler.java:onMessage(58)) - Datanode 3cd9928a-a775-4af4-b787-40493a0c430a{ip: 10.1.0.23, host: fv-az395-686.zfmzfyrfkyou3ow0tsr0jxwq1e.bx.internal.cloudapp.net, ports: [REPLICATION=41227, RATIS=38303, RATIS_ADMIN=38303, RATIS_SERVER=38303, STANDALONE=39085], networkLocation: /default-rack, certSerialId: null, persistedOpState: IN_SERVICE, persistedOpStateExpiryEpochSec: 0} moved to stale state. Finalizing its pipelines [PipelineID=06b33e13-d481-4efe-ad78-8cdee701a878, PipelineID=cf759c5d-8190-47ae-bf4d-76f3d6715cfc]
2022-06-11 13:52:44,312 [EventQueue-StaleNodeForStaleNodeHandler] INFO  pipeline.PipelineManagerImpl (PipelineManagerImpl.java:closePipeline(430)) - Pipeline Pipeline[ Id: cf759c5d-8190-47ae-bf4d-76f3d6715cfc, Nodes: 3cd9928a-a775-4af4-b787-40493a0c430a{ip: 10.1.0.23, host: fv-az395-686.zfmzfyrfkyou3ow0tsr0jxwq1e.bx.internal.cloudapp.net, ports: [REPLICATION=41227, RATIS=38303, RATIS_ADMIN=38303, RATIS_SERVER=38303, STANDALONE=39085], networkLocation: /default-rack, certSerialId: null, persistedOpState: IN_SERVICE, persistedOpStateExpiryEpochSec: 0}, ReplicationConfig: RATIS/ONE, State:OPEN, leaderId:3cd9928a-a775-4af4-b787-40493a0c430a, CreationTimestamp2022-06-11T13:52:10.110Z[Etc/UTC]] moved to CLOSED state
2022-06-11 13:52:44,312 [EventQueue-CloseContainerForCloseContainerEventHandler] INFO  container.CloseContainerEventHandler (CloseContainerEventHandler.java:onMessage(69)) - Close container Event triggered for container : #3
2022-06-11 13:52:44,780 [ReplicationMonitor] INFO  replication.LegacyReplicationManager (LegacyReplicationManager.java:sendCloseCommand(1408)) - Sending close container command for container #1 to datanode b72d34ed-ef2d-423d-934c-fedae9a767a6{ip: 10.1.0.23, host: fv-az395-686.zfmzfyrfkyou3ow0tsr0jxwq1e.bx.internal.cloudapp.net, ports: [REPLICATION=41345, RATIS=39643, RATIS_ADMIN=39643, RATIS_SERVER=39643, STANDALONE=39715], networkLocation: /default-rack, certSerialId: null, persistedOpState: IN_SERVICE, persistedOpStateExpiryEpochSec: 0}.
2022-06-11 13:52:44,782 [ReplicationMonitor] INFO  replication.LegacyReplicationManager (LegacyReplicationManager.java:sendCloseCommand(1408)) - Sending close container command for container #1 to datanode ea3eb705-49c6-47b6-816e-3ad6ae2807f4{ip: 10.1.0.23, host: fv-az395-686.zfmzfyrfkyou3ow0tsr0jxwq1e.bx.internal.cloudapp.net, ports: [REPLICATION=39065, RATIS=42799, RATIS_ADMIN=42799, RATIS_SERVER=42799, STANDALONE=38873], networkLocation: /default-rack, certSerialId: null, persistedOpState: IN_SERVICE, persistedOpStateExpiryEpochSec: 0}.
2022-06-11 13:52:44,782 [ReplicationMonitor] INFO  replication.LegacyReplicationManager (LegacyReplicationManager.java:sendCloseCommand(1408)) - Sending close container command for container #1 to datanode 3cd9928a-a775-4af4-b787-40493a0c430a{ip: 10.1.0.23, host: fv-az395-686.zfmzfyrfkyou3ow0tsr0jxwq1e.bx.internal.cloudapp.net, ports: [REPLICATION=41227, RATIS=38303, RATIS_ADMIN=38303, RATIS_SERVER=38303, STANDALONE=39085], networkLocation: /default-rack, certSerialId: null, persistedOpState: IN_SERVICE, persistedOpStateExpiryEpochSec: 0}.
2022-06-11 13:52:44,782 [ReplicationMonitor] INFO  replication.LegacyReplicationManager (LegacyReplicationManager.java:sendCloseCommand(1408)) - Sending close container command for container #2 to datanode b72d34ed-ef2d-423d-934c-fedae9a767a6{ip: 10.1.0.23, host: fv-az395-686.zfmzfyrfkyou3ow0tsr0jxwq1e.bx.internal.cloudapp.net, ports: [REPLICATION=41345, RATIS=39643, RATIS_ADMIN=39643, RATIS_SERVER=39643, STANDALONE=39715], networkLocation: /default-rack, certSerialId: null, persistedOpState: IN_SERVICE, persistedOpStateExpiryEpochSec: 0}.
2022-06-11 13:52:44,782 [ReplicationMonitor] INFO  replication.LegacyReplicationManager (LegacyReplicationManager.java:sendCloseCommand(1408)) - Sending close container command for container #2 to datanode ea3eb705-49c6-47b6-816e-3ad6ae2807f4{ip: 10.1.0.23, host: fv-az395-686.zfmzfyrfkyou3ow0tsr0jxwq1e.bx.internal.cloudapp.net, ports: [REPLICATION=39065, RATIS=42799, RATIS_ADMIN=42799, RATIS_SERVER=42799, STANDALONE=38873], networkLocation: /default-rack, certSerialId: null, persistedOpState: IN_SERVICE, persistedOpStateExpiryEpochSec: 0}.
2022-06-11 13:52:44,782 [ReplicationMonitor] INFO  replication.LegacyReplicationManager (LegacyReplicationManager.java:sendCloseCommand(1408)) - Sending close container command for container #2 to datanode 3cd9928a-a775-4af4-b787-40493a0c430a{ip: 10.1.0.23, host: fv-az395-686.zfmzfyrfkyou3ow0tsr0jxwq1e.bx.internal.cloudapp.net, ports: [REPLICATION=41227, RATIS=38303, RATIS_ADMIN=38303, RATIS_SERVER=38303, STANDALONE=39085], networkLocation: /default-rack, certSerialId: null, persistedOpState: IN_SERVICE, persistedOpStateExpiryEpochSec: 0}.
2022-06-11 13:52:44,782 [ReplicationMonitor] INFO  replication.LegacyReplicationManager (LegacyReplicationManager.java:sendCloseCommand(1408)) - Sending close container command for container #3 to datanode ea3eb705-49c6-47b6-816e-3ad6ae2807f4{ip: 10.1.0.23, host: fv-az395-686.zfmzfyrfkyou3ow0tsr0jxwq1e.bx.internal.cloudapp.net, ports: [REPLICATION=39065, RATIS=42799, RATIS_ADMIN=42799, RATIS_SERVER=42799, STANDALONE=38873], networkLocation: /default-rack, certSerialId: null, persistedOpState: IN_SERVICE, persistedOpStateExpiryEpochSec: 0}.
2022-06-11 13:52:44,782 [ReplicationMonitor] INFO  replication.LegacyReplicationManager (LegacyReplicationManager.java:sendCloseCommand(1408)) - Sending close container command for container #3 to datanode 3cd9928a-a775-4af4-b787-40493a0c430a{ip: 10.1.0.23, host: fv-az395-686.zfmzfyrfkyou3ow0tsr0jxwq1e.bx.internal.cloudapp.net, ports: [REPLICATION=41227, RATIS=38303, RATIS_ADMIN=38303, RATIS_SERVER=38303, STANDALONE=39085], networkLocation: /default-rack, certSerialId: null, persistedOpState: IN_SERVICE, persistedOpStateExpiryEpochSec: 0}.
2022-06-11 13:52:44,782 [ReplicationMonitor] INFO  replication.LegacyReplicationManager (LegacyReplicationManager.java:sendCloseCommand(1408)) - Sending close container command for container #3 to datanode b72d34ed-ef2d-423d-934c-fedae9a767a6{ip: 10.1.0.23, host: fv-az395-686.zfmzfyrfkyou3ow0tsr0jxwq1e.bx.internal.cloudapp.net, ports: [REPLICATION=41345, RATIS=39643, RATIS_ADMIN=39643, RATIS_SERVER=39643, STANDALONE=39715], networkLocation: /default-rack, certSerialId: null, persistedOpState: IN_SERVICE, persistedOpStateExpiryEpochSec: 0}.
2022-06-11 13:52:44,782 [ReplicationMonitor] INFO  replication.ReplicationManager (ReplicationManager.java:processAll(249)) - Replication Monitor Thread took 2 milliseconds for processing 3 containers.
2022-06-11 13:52:45,783 [ReplicationMonitor] INFO  replication.LegacyReplicationManager (LegacyReplicationManager.java:sendCloseCommand(1408)) - Sending close container command for container #1 to datanode b72d34ed-ef2d-423d-934c-fedae9a767a6{ip: 10.1.0.23, host: fv-az395-686.zfmzfyrfkyou3ow0tsr0jxwq1e.bx.internal.cloudapp.net, ports: [REPLICATION=41345, RATIS=39643, RATIS_ADMIN=39643, RATIS_SERVER=39643, STANDALONE=39715], networkLocation: /default-rack, certSerialId: null, persistedOpState: IN_SERVICE, persistedOpStateExpiryEpochSec: 0}.
2022-06-11 13:52:45,783 [ReplicationMonitor] INFO  replication.LegacyReplicationManager (LegacyReplicationManager.java:sendCloseCommand(1408)) - Sending close container command for container #1 to datanode ea3eb705-49c6-47b6-816e-3ad6ae2807f4{ip: 10.1.0.23, host: fv-az395-686.zfmzfyrfkyou3ow0tsr0jxwq1e.bx.internal.cloudapp.net, ports: [REPLICATION=39065, RATIS=42799, RATIS_ADMIN=42799, RATIS_SERVER=42799, STANDALONE=38873], networkLocation: /default-rack, certSerialId: null, persistedOpState: IN_SERVICE, persistedOpStateExpiryEpochSec: 0}.
2022-06-11 13:52:45,784 [ReplicationMonitor] INFO  replication.LegacyReplicationManager (LegacyReplicationManager.java:sendCloseCommand(1408)) - Sending close container command for container #1 to datanode 3cd9928a-a775-4af4-b787-40493a0c430a{ip: 10.1.0.23, host: fv-az395-686.zfmzfyrfkyou3ow0tsr0jxwq1e.bx.internal.cloudapp.net, ports: [REPLICATION=41227, RATIS=38303, RATIS_ADMIN=38303, RATIS_SERVER=38303, STANDALONE=39085], networkLocation: /default-rack, certSerialId: null, persistedOpState: IN_SERVICE, persistedOpStateExpiryEpochSec: 0}.
2022-06-11 13:52:45,784 [ReplicationMonitor] INFO  replication.LegacyReplicationManager (LegacyReplicationManager.java:sendCloseCommand(1408)) - Sending close container command for container #2 to datanode b72d34ed-ef2d-423d-934c-fedae9a767a6{ip: 10.1.0.23, host: fv-az395-686.zfmzfyrfkyou3ow0tsr0jxwq1e.bx.internal.cloudapp.net, ports: [REPLICATION=41345, RATIS=39643, RATIS_ADMIN=39643, RATIS_SERVER=39643, STANDALONE=39715], networkLocation: /default-rack, certSerialId: null, persistedOpState: IN_SERVICE, persistedOpStateExpiryEpochSec: 0}.
2022-06-11 13:52:45,784 [ReplicationMonitor] INFO  replication.LegacyReplicationManager (LegacyReplicationManager.java:sendCloseCommand(1408)) - Sending close container command for container #2 to datanode ea3eb705-49c6-47b6-816e-3ad6ae2807f4{ip: 10.1.0.23, host: fv-az395-686.zfmzfyrfkyou3ow0tsr0jxwq1e.bx.internal.cloudapp.net, ports: [REPLICATION=39065, RATIS=42799, RATIS_ADMIN=42799, RATIS_SERVER=42799, STANDALONE=38873], networkLocation: /default-rack, certSerialId: null, persistedOpState: IN_SERVICE, persistedOpStateExpiryEpochSec: 0}.
2022-06-11 13:52:45,784 [ReplicationMonitor] INFO  replication.LegacyReplicationManager (LegacyReplicationManager.java:sendCloseCommand(1408)) - Sending close container command for container #2 to datanode 3cd9928a-a775-4af4-b787-40493a0c430a{ip: 10.1.0.23, host: fv-az395-686.zfmzfyrfkyou3ow0tsr0jxwq1e.bx.internal.cloudapp.net, ports: [REPLICATION=41227, RATIS=38303, RATIS_ADMIN=38303, RATIS_SERVER=38303, STANDALONE=39085], networkLocation: /default-rack, certSerialId: null, persistedOpState: IN_SERVICE, persistedOpStateExpiryEpochSec: 0}.
2022-06-11 13:52:45,784 [ReplicationMonitor] INFO  replication.LegacyReplicationManager (LegacyReplicationManager.java:sendCloseCommand(1408)) - Sending close container command for container #3 to datanode ea3eb705-49c6-47b6-816e-3ad6ae2807f4{ip: 10.1.0.23, host: fv-az395-686.zfmzfyrfkyou3ow0tsr0jxwq1e.bx.internal.cloudapp.net, ports: [REPLICATION=39065, RATIS=42799, RATIS_ADMIN=42799, RATIS_SERVER=42799, STANDALONE=38873], networkLocation: /default-rack, certSerialId: null, persistedOpState: IN_SERVICE, persistedOpStateExpiryEpochSec: 0}.
2022-06-11 13:52:45,784 [ReplicationMonitor] INFO  replication.LegacyReplicationManager (LegacyReplicationManager.java:sendCloseCommand(1408)) - Sending close container command for container #3 to datanode 3cd9928a-a775-4af4-b787-40493a0c430a{ip: 10.1.0.23, host: fv-az395-686.zfmzfyrfkyou3ow0tsr0jxwq1e.bx.internal.cloudapp.net, ports: [REPLICATION=41227, RATIS=38303, RATIS_ADMIN=38303, RATIS_SERVER=38303, STANDALONE=39085], networkLocation: /default-rack, certSerialId: null, persistedOpState: IN_SERVICE, persistedOpStateExpiryEpochSec: 0}.
2022-06-11 13:52:45,784 [ReplicationMonitor] INFO  replication.LegacyReplicationManager (LegacyReplicationManager.java:sendCloseCommand(1408)) - Sending close container command for container #3 to datanode b72d34ed-ef2d-423d-934c-fedae9a767a6{ip: 10.1.0.23, host: fv-az395-686.zfmzfyrfkyou3ow0tsr0jxwq1e.bx.internal.cloudapp.net, ports: [REPLICATION=41345, RATIS=39643, RATIS_ADMIN=39643, RATIS_SERVER=39643, STANDALONE=39715], networkLocation: /default-rack, certSerialId: null, persistedOpState: IN_SERVICE, persistedOpStateExpiryEpochSec: 0}.
2022-06-11 13:52:45,784 [ReplicationMonitor] INFO  replication.ReplicationManager (ReplicationManager.java:processAll(249)) - Replication Monitor Thread took 2 milliseconds for processing 3 containers.
2022-06-11 13:52:46,785 [ReplicationMonitor] INFO  replication.LegacyReplicationManager (LegacyReplicationManager.java:sendCloseCommand(1408)) - Sending close container command for container #1 to datanode b72d34ed-ef2d-423d-934c-fedae9a767a6{ip: 10.1.0.23, host: fv-az395-686.zfmzfyrfkyou3ow0tsr0jxwq1e.bx.internal.cloudapp.net, ports: [REPLICATION=41345, RATIS=39643, RATIS_ADMIN=39643, RATIS_SERVER=39643, STANDALONE=39715], networkLocation: /default-rack, certSerialId: null, persistedOpState: IN_SERVICE, persistedOpStateExpiryEpochSec: 0}.
2022-06-11 13:52:46,785 [ReplicationMonitor] INFO  replication.LegacyReplicationManager (LegacyReplicationManager.java:sendCloseCommand(1408)) - Sending close container command for container #1 to datanode ea3eb705-49c6-47b6-816e-3ad6ae2807f4{ip: 10.1.0.23, host: fv-az395-686.zfmzfyrfkyou3ow0tsr0jxwq1e.bx.internal.cloudapp.net, ports: [REPLICATION=39065, RATIS=42799, RATIS_ADMIN=42799, RATIS_SERVER=42799, STANDALONE=38873], networkLocation: /default-rack, certSerialId: null, persistedOpState: IN_SERVICE, persistedOpStateExpiryEpochSec: 0}.
2022-06-11 13:52:46,785 [ReplicationMonitor] INFO  replication.LegacyReplicationManager (LegacyReplicationManager.java:sendCloseCommand(1408)) - Sending close container command for container #1 to datanode 3cd9928a-a775-4af4-b787-40493a0c430a{ip: 10.1.0.23, host: fv-az395-686.zfmzfyrfkyou3ow0tsr0jxwq1e.bx.internal.cloudapp.net, ports: [REPLICATION=41227, RATIS=38303, RATIS_ADMIN=38303, RATIS_SERVER=38303, STANDALONE=39085], networkLocation: /default-rack, certSerialId: null, persistedOpState: IN_SERVICE, persistedOpStateExpiryEpochSec: 0}.
2022-06-11 13:52:46,785 [ReplicationMonitor] INFO  replication.LegacyReplicationManager (LegacyReplicationManager.java:sendCloseCommand(1408)) - Sending close container command for container #2 to datanode b72d34ed-ef2d-423d-934c-fedae9a767a6{ip: 10.1.0.23, host: fv-az395-686.zfmzfyrfkyou3ow0tsr0jxwq1e.bx.internal.cloudapp.net, ports: [REPLICATION=41345, RATIS=39643, RATIS_ADMIN=39643, RATIS_SERVER=39643, STANDALONE=39715], networkLocation: /default-rack, certSerialId: null, persistedOpState: IN_SERVICE, persistedOpStateExpiryEpochSec: 0}.
2022-06-11 13:52:46,785 [ReplicationMonitor] INFO  replication.LegacyReplicationManager (LegacyReplicationManager.java:sendCloseCommand(1408)) - Sending close container command for container #2 to datanode ea3eb705-49c6-47b6-816e-3ad6ae2807f4{ip: 10.1.0.23, host: fv-az395-686.zfmzfyrfkyou3ow0tsr0jxwq1e.bx.internal.cloudapp.net, ports: [REPLICATION=39065, RATIS=42799, RATIS_ADMIN=42799, RATIS_SERVER=42799, STANDALONE=38873], networkLocation: /default-rack, certSerialId: null, persistedOpState: IN_SERVICE, persistedOpStateExpiryEpochSec: 0}.
2022-06-11 13:52:46,785 [ReplicationMonitor] INFO  replication.LegacyReplicationManager (LegacyReplicationManager.java:sendCloseCommand(1408)) - Sending close container command for container #2 to datanode 3cd9928a-a775-4af4-b787-40493a0c430a{ip: 10.1.0.23, host: fv-az395-686.zfmzfyrfkyou3ow0tsr0jxwq1e.bx.internal.cloudapp.net, ports: [REPLICATION=41227, RATIS=38303, RATIS_ADMIN=38303, RATIS_SERVER=38303, STANDALONE=39085], networkLocation: /default-rack, certSerialId: null, persistedOpState: IN_SERVICE, persistedOpStateExpiryEpochSec: 0}.
2022-06-11 13:52:46,785 [ReplicationMonitor] INFO  replication.LegacyReplicationManager (LegacyReplicationManager.java:sendCloseCommand(1408)) - Sending close container command for container #3 to datanode ea3eb705-49c6-47b6-816e-3ad6ae2807f4{ip: 10.1.0.23, host: fv-az395-686.zfmzfyrfkyou3ow0tsr0jxwq1e.bx.internal.cloudapp.net, ports: [REPLICATION=39065, RATIS=42799, RATIS_ADMIN=42799, RATIS_SERVER=42799, STANDALONE=38873], networkLocation: /default-rack, certSerialId: null, persistedOpState: IN_SERVICE, persistedOpStateExpiryEpochSec: 0}.
2022-06-11 13:52:46,785 [ReplicationMonitor] INFO  replication.LegacyReplicationManager (LegacyReplicationManager.java:sendCloseCommand(1408)) - Sending close container command for container #3 to datanode 3cd9928a-a775-4af4-b787-40493a0c430a{ip: 10.1.0.23, host: fv-az395-686.zfmzfyrfkyou3ow0tsr0jxwq1e.bx.internal.cloudapp.net, ports: [REPLICATION=41227, RATIS=38303, RATIS_ADMIN=38303, RATIS_SERVER=38303, STANDALONE=39085], networkLocation: /default-rack, certSerialId: null, persistedOpState: IN_SERVICE, persistedOpStateExpiryEpochSec: 0}.
2022-06-11 13:52:46,785 [ReplicationMonitor] INFO  replication.LegacyReplicationManager (LegacyReplicationManager.java:sendCloseCommand(1408)) - Sending close container command for container #3 to datanode b72d34ed-ef2d-423d-934c-fedae9a767a6{ip: 10.1.0.23, host: fv-az395-686.zfmzfyrfkyou3ow0tsr0jxwq1e.bx.internal.cloudapp.net, ports: [REPLICATION=41345, RATIS=39643, RATIS_ADMIN=39643, RATIS_SERVER=39643, STANDALONE=39715], networkLocation: /default-rack, certSerialId: null, persistedOpState: IN_SERVICE, persistedOpStateExpiryEpochSec: 0}.
2022-06-11 13:52:46,785 [ReplicationMonitor] INFO  replication.ReplicationManager (ReplicationManager.java:processAll(249)) - Replication Monitor Thread took 1 milliseconds for processing 3 containers.
2022-06-11 13:52:46,993 [Listener at 127.0.0.1/40219] INFO  ozoneimpl.OzoneContainer (OzoneContainer.java:stop(365)) - Attempting to stop container services.
2022-06-11 13:52:46,993 [ForkJoinPool.commonPool-worker-1] INFO  ozoneimpl.OzoneContainer (OzoneContainer.java:stop(365)) - Attempting to stop container services.
2022-06-11 13:52:46,995 [Listener at 127.0.0.1/40219] INFO  server.RaftServer (RaftServerProxy.java:lambda$close$7(398)) - b72d34ed-ef2d-423d-934c-fedae9a767a6: close
2022-06-11 13:52:46,995 [Listener at 127.0.0.1/40219] INFO  server.RaftServer$Division (RaftServerImpl.java:lambda$close$4(434)) - b72d34ed-ef2d-423d-934c-fedae9a767a6@group-8CDEE701A878: shutdown
2022-06-11 13:52:46,996 [Listener at 127.0.0.1/40219] INFO  util.JmxRegister (JmxRegister.java:unregister(73)) - Successfully un-registered JMX Bean with object name Ratis:service=RaftServer,group=group-8CDEE701A878,id=b72d34ed-ef2d-423d-934c-fedae9a767a6
2022-06-11 13:52:46,996 [ForkJoinPool.commonPool-worker-1] INFO  server.RaftServer (RaftServerProxy.java:lambda$close$7(398)) - 3cd9928a-a775-4af4-b787-40493a0c430a: close
2022-06-11 13:52:46,996 [Listener at 127.0.0.1/40219] INFO  impl.RoleInfo (RoleInfo.java:shutdownLeaderState(93)) - b72d34ed-ef2d-423d-934c-fedae9a767a6: shutdown b72d34ed-ef2d-423d-934c-fedae9a767a6@group-8CDEE701A878-LeaderStateImpl
2022-06-11 13:52:46,996 [ForkJoinPool.commonPool-worker-1] INFO  server.RaftServer$Division (RaftServerImpl.java:lambda$close$4(434)) - 3cd9928a-a775-4af4-b787-40493a0c430a@group-8CDEE701A878: shutdown
2022-06-11 13:52:46,996 [ForkJoinPool.commonPool-worker-1] INFO  util.JmxRegister (JmxRegister.java:unregister(73)) - Successfully un-registered JMX Bean with object name Ratis:service=RaftServer,group=group-8CDEE701A878,id=3cd9928a-a775-4af4-b787-40493a0c430a
2022-06-11 13:52:46,996 [Listener at 127.0.0.1/40219] INFO  impl.PendingRequests (PendingRequests.java:sendNotLeaderResponses(282)) - b72d34ed-ef2d-423d-934c-fedae9a767a6@group-8CDEE701A878-PendingRequests: sendNotLeaderResponses
2022-06-11 13:52:46,996 [ForkJoinPool.commonPool-worker-1] INFO  impl.RoleInfo (RoleInfo.java:shutdownFollowerState(110)) - 3cd9928a-a775-4af4-b787-40493a0c430a: shutdown 3cd9928a-a775-4af4-b787-40493a0c430a@group-8CDEE701A878-FollowerState
2022-06-11 13:52:46,997 [b72d34ed-ef2d-423d-934c-fedae9a767a6@group-8CDEE701A878->3cd9928a-a775-4af4-b787-40493a0c430a-GrpcLogAppender-LogAppenderDaemon] WARN  server.GrpcLogAppender (GrpcLogAppender.java:mayWait(171)) - b72d34ed-ef2d-423d-934c-fedae9a767a6@group-8CDEE701A878->3cd9928a-a775-4af4-b787-40493a0c430a-GrpcLogAppender: Wait interrupted by java.lang.InterruptedException
2022-06-11 13:52:46,999 [3cd9928a-a775-4af4-b787-40493a0c430a@group-8CDEE701A878-FollowerState] INFO  impl.FollowerState (FollowerState.java:run(152)) - 3cd9928a-a775-4af4-b787-40493a0c430a@group-8CDEE701A878-FollowerState was interrupted
2022-06-11 13:52:47,000 [3cd9928a-a775-4af4-b787-40493a0c430a@group-8CDEE701A878-StateMachineUpdater] INFO  ratis.ContainerStateMachine (ContainerStateMachine.java:takeSnapshot(304)) - group-8CDEE701A878: Taking a snapshot at:(t:5, i:53) file /home/runner/work/ozone/ozone/hadoop-ozone/integration-test/target/test-dir/MiniOzoneClusterImpl-239f68c3-3068-4753-adf8-1c2cb01b4c57/datanode-1/data/ratis/06b33e13-d481-4efe-ad78-8cdee701a878/sm/snapshot.5_53
2022-06-11 13:52:46,999 [ForkJoinPool.commonPool-worker-1] INFO  impl.StateMachineUpdater (StateMachineUpdater.java:stopAndJoin(153)) - 3cd9928a-a775-4af4-b787-40493a0c430a@group-8CDEE701A878-StateMachineUpdater: set stopIndex = 53
2022-06-11 13:52:47,004 [grpc-default-executor-0] INFO  server.GrpcServerProtocolService (GrpcServerProtocolService.java:onCompleted(140)) - 3cd9928a-a775-4af4-b787-40493a0c430a: Completed APPEND_ENTRIES, lastRequest: b72d34ed-ef2d-423d-934c-fedae9a767a6->3cd9928a-a775-4af4-b787-40493a0c430a#207-t5,previous=(t:5, i:52),leaderCommit=51,initializing? true,entries: size=1, first=(t:5, i:53), METADATAENTRY(c:51)
2022-06-11 13:52:47,028 [b72d34ed-ef2d-423d-934c-fedae9a767a6@group-8CDEE701A878-StateMachineUpdater] INFO  ratis.ContainerStateMachine (ContainerStateMachine.java:takeSnapshot(304)) - group-8CDEE701A878: Taking a snapshot at:(t:5, i:53) file /home/runner/work/ozone/ozone/hadoop-ozone/integration-test/target/test-dir/MiniOzoneClusterImpl-239f68c3-3068-4753-adf8-1c2cb01b4c57/datanode-2/data/ratis/06b33e13-d481-4efe-ad78-8cdee701a878/sm/snapshot.5_53
2022-06-11 13:52:47,026 [Listener at 127.0.0.1/40219] INFO  impl.StateMachineUpdater (StateMachineUpdater.java:stopAndJoin(153)) - b72d34ed-ef2d-423d-934c-fedae9a767a6@group-8CDEE701A878-StateMachineUpdater: set stopIndex = 53
2022-06-11 13:52:47,031 [grpc-default-executor-0] INFO  server.GrpcLogAppender (GrpcLogAppender.java:onCompleted(339)) - b72d34ed-ef2d-423d-934c-fedae9a767a6@group-8CDEE701A878->3cd9928a-a775-4af4-b787-40493a0c430a-AppendLogResponseHandler: follower responses appendEntries COMPLETED
2022-06-11 13:52:46,999 [b72d34ed-ef2d-423d-934c-fedae9a767a6@group-8CDEE701A878->ea3eb705-49c6-47b6-816e-3ad6ae2807f4-GrpcLogAppender-LogAppenderDaemon] WARN  server.GrpcLogAppender (GrpcLogAppender.java:mayWait(171)) - b72d34ed-ef2d-423d-934c-fedae9a767a6@group-8CDEE701A878->ea3eb705-49c6-47b6-816e-3ad6ae2807f4-GrpcLogAppender: Wait interrupted by java.lang.InterruptedException
2022-06-11 13:52:47,034 [grpc-default-executor-0] INFO  leader.FollowerInfo (FollowerInfoImpl.java:lambda$new$0(48)) - b72d34ed-ef2d-423d-934c-fedae9a767a6@group-8CDEE701A878->3cd9928a-a775-4af4-b787-40493a0c430a: nextIndex: updateUnconditionally 54 -> 53
2022-06-11 13:52:47,037 [grpc-default-executor-0] INFO  server.GrpcServerProtocolService (GrpcServerProtocolService.java:onCompleted(140)) - ea3eb705-49c6-47b6-816e-3ad6ae2807f4: Completed APPEND_ENTRIES, lastRequest: b72d34ed-ef2d-423d-934c-fedae9a767a6->ea3eb705-49c6-47b6-816e-3ad6ae2807f4#219-t5,previous=(t:5, i:52),leaderCommit=51,initializing? true,entries: size=1, first=(t:5, i:53), METADATAENTRY(c:51)
2022-06-11 13:52:47,037 [grpc-default-executor-1] INFO  server.GrpcLogAppender (GrpcLogAppender.java:onCompleted(339)) - b72d34ed-ef2d-423d-934c-fedae9a767a6@group-8CDEE701A878->ea3eb705-49c6-47b6-816e-3ad6ae2807f4-AppendLogResponseHandler: follower responses appendEntries COMPLETED
2022-06-11 13:52:47,037 [grpc-default-executor-1] INFO  leader.FollowerInfo (FollowerInfoImpl.java:lambda$new$0(48)) - b72d34ed-ef2d-423d-934c-fedae9a767a6@group-8CDEE701A878->ea3eb705-49c6-47b6-816e-3ad6ae2807f4: nextIndex: updateUnconditionally 54 -> 53
2022-06-11 13:52:47,052 [3cd9928a-a775-4af4-b787-40493a0c430a@group-8CDEE701A878-StateMachineUpdater] INFO  ratis.ContainerStateMachine (ContainerStateMachine.java:takeSnapshot(315)) - group-8CDEE701A878: Finished taking a snapshot at:(t:5, i:53) file:/home/runner/work/ozone/ozone/hadoop-ozone/integration-test/target/test-dir/MiniOzoneClusterImpl-239f68c3-3068-4753-adf8-1c2cb01b4c57/datanode-1/data/ratis/06b33e13-d481-4efe-ad78-8cdee701a878/sm/snapshot.5_53 took: 52 ms
2022-06-11 13:52:47,053 [3cd9928a-a775-4af4-b787-40493a0c430a@group-8CDEE701A878-StateMachineUpdater] INFO  impl.StateMachineUpdater (StateMachineUpdater.java:takeSnapshot(287)) - 3cd9928a-a775-4af4-b787-40493a0c430a@group-8CDEE701A878-StateMachineUpdater: Took a snapshot at index 53
2022-06-11 13:52:47,053 [3cd9928a-a775-4af4-b787-40493a0c430a@group-8CDEE701A878-StateMachineUpdater] INFO  impl.StateMachineUpdater (StateMachineUpdater.java:lambda$new$0(92)) - 3cd9928a-a775-4af4-b787-40493a0c430a@group-8CDEE701A878-StateMachineUpdater: snapshotIndex: updateIncreasingly -1 -> 53
2022-06-11 13:52:47,056 [b72d34ed-ef2d-423d-934c-fedae9a767a6@group-8CDEE701A878-StateMachineUpdater] INFO  ratis.ContainerStateMachine (ContainerStateMachine.java:takeSnapshot(315)) - group-8CDEE701A878: Finished taking a snapshot at:(t:5, i:53) file:/home/runner/work/ozone/ozone/hadoop-ozone/integration-test/target/test-dir/MiniOzoneClusterImpl-239f68c3-3068-4753-adf8-1c2cb01b4c57/datanode-2/data/ratis/06b33e13-d481-4efe-ad78-8cdee701a878/sm/snapshot.5_53 took: 27 ms
2022-06-11 13:52:47,056 [b72d34ed-ef2d-423d-934c-fedae9a767a6@group-8CDEE701A878-StateMachineUpdater] INFO  impl.StateMachineUpdater (StateMachineUpdater.java:takeSnapshot(287)) - b72d34ed-ef2d-423d-934c-fedae9a767a6@group-8CDEE701A878-StateMachineUpdater: Took a snapshot at index 53
2022-06-11 13:52:47,056 [b72d34ed-ef2d-423d-934c-fedae9a767a6@group-8CDEE701A878-StateMachineUpdater] INFO  impl.StateMachineUpdater (StateMachineUpdater.java:lambda$new$0(92)) - b72d34ed-ef2d-423d-934c-fedae9a767a6@group-8CDEE701A878-StateMachineUpdater: snapshotIndex: updateIncreasingly -1 -> 53
2022-06-11 13:52:47,059 [Listener at 127.0.0.1/40219] INFO  server.RaftServer$Division (ServerState.java:close(429)) - b72d34ed-ef2d-423d-934c-fedae9a767a6@group-8CDEE701A878: closes. applyIndex: 53
2022-06-11 13:52:47,059 [b72d34ed-ef2d-423d-934c-fedae9a767a6@group-8CDEE701A878-SegmentedRaftLogWorker] INFO  segmented.SegmentedRaftLogWorker (SegmentedRaftLogWorker.java:run(336)) - b72d34ed-ef2d-423d-934c-fedae9a767a6@group-8CDEE701A878-SegmentedRaftLogWorker was interrupted, exiting. There are 0 tasks remaining in the queue.
2022-06-11 13:52:47,061 [Listener at 127.0.0.1/40219] INFO  segmented.SegmentedRaftLogWorker (SegmentedRaftLogWorker.java:close(246)) - b72d34ed-ef2d-423d-934c-fedae9a767a6@group-8CDEE701A878-SegmentedRaftLogWorker close()
2022-06-11 13:52:47,063 [Listener at 127.0.0.1/40219] INFO  server.RaftServer$Division (RaftServerImpl.java:lambda$close$4(434)) - b72d34ed-ef2d-423d-934c-fedae9a767a6@group-D735D23348C9: shutdown
2022-06-11 13:52:47,063 [Listener at 127.0.0.1/40219] INFO  util.JmxRegister (JmxRegister.java:unregister(73)) - Successfully un-registered JMX Bean with object name Ratis:service=RaftServer,group=group-D735D23348C9,id=b72d34ed-ef2d-423d-934c-fedae9a767a6
2022-06-11 13:52:47,064 [Listener at 127.0.0.1/40219] INFO  impl.RoleInfo (RoleInfo.java:shutdownLeaderState(93)) - b72d34ed-ef2d-423d-934c-fedae9a767a6: shutdown b72d34ed-ef2d-423d-934c-fedae9a767a6@group-D735D23348C9-LeaderStateImpl
2022-06-11 13:52:47,064 [Listener at 127.0.0.1/40219] INFO  impl.PendingRequests (PendingRequests.java:sendNotLeaderResponses(282)) - b72d34ed-ef2d-423d-934c-fedae9a767a6@group-D735D23348C9-PendingRequests: sendNotLeaderResponses
2022-06-11 13:52:47,064 [Listener at 127.0.0.1/40219] INFO  impl.StateMachineUpdater (StateMachineUpdater.java:stopAndJoin(153)) - b72d34ed-ef2d-423d-934c-fedae9a767a6@group-D735D23348C9-StateMachineUpdater: set stopIndex = 0
2022-06-11 13:52:47,065 [b72d34ed-ef2d-423d-934c-fedae9a767a6@group-D735D23348C9-StateMachineUpdater] INFO  ratis.ContainerStateMachine (ContainerStateMachine.java:takeSnapshot(304)) - group-D735D23348C9: Taking a snapshot at:(t:1, i:0) file /home/runner/work/ozone/ozone/hadoop-ozone/integration-test/target/test-dir/MiniOzoneClusterImpl-239f68c3-3068-4753-adf8-1c2cb01b4c57/datanode-2/data/ratis/ba8166de-6a74-4f02-9adf-d735d23348c9/sm/snapshot.1_0
2022-06-11 13:52:47,066 [b72d34ed-ef2d-423d-934c-fedae9a767a6@group-D735D23348C9-StateMachineUpdater] INFO  ratis.ContainerStateMachine (ContainerStateMachine.java:takeSnapshot(315)) - group-D735D23348C9: Finished taking a snapshot at:(t:1, i:0) file:/home/runner/work/ozone/ozone/hadoop-ozone/integration-test/target/test-dir/MiniOzoneClusterImpl-239f68c3-3068-4753-adf8-1c2cb01b4c57/datanode-2/data/ratis/ba8166de-6a74-4f02-9adf-d735d23348c9/sm/snapshot.1_0 took: 2 ms
2022-06-11 13:52:47,066 [b72d34ed-ef2d-423d-934c-fedae9a767a6@group-D735D23348C9-StateMachineUpdater] INFO  impl.StateMachineUpdater (StateMachineUpdater.java:takeSnapshot(287)) - b72d34ed-ef2d-423d-934c-fedae9a767a6@group-D735D23348C9-StateMachineUpdater: Took a snapshot at index 0
2022-06-11 13:52:47,066 [b72d34ed-ef2d-423d-934c-fedae9a767a6@group-D735D23348C9-StateMachineUpdater] INFO  impl.StateMachineUpdater (StateMachineUpdater.java:lambda$new$0(92)) - b72d34ed-ef2d-423d-934c-fedae9a767a6@group-D735D23348C9-StateMachineUpdater: snapshotIndex: updateIncreasingly -1 -> 0
2022-06-11 13:52:47,067 [ForkJoinPool.commonPool-worker-1] INFO  server.RaftServer$Division (ServerState.java:close(429)) - 3cd9928a-a775-4af4-b787-40493a0c430a@group-8CDEE701A878: closes. applyIndex: 53
2022-06-11 13:52:47,067 [Listener at 127.0.0.1/40219] INFO  server.RaftServer$Division (ServerState.java:close(429)) - b72d34ed-ef2d-423d-934c-fedae9a767a6@group-D735D23348C9: closes. applyIndex: 0
2022-06-11 13:52:47,067 [3cd9928a-a775-4af4-b787-40493a0c430a@group-8CDEE701A878-SegmentedRaftLogWorker] INFO  segmented.SegmentedRaftLogWorker (SegmentedRaftLogWorker.java:run(336)) - 3cd9928a-a775-4af4-b787-40493a0c430a@group-8CDEE701A878-SegmentedRaftLogWorker was interrupted, exiting. There are 0 tasks remaining in the queue.
2022-06-11 13:52:47,067 [b72d34ed-ef2d-423d-934c-fedae9a767a6@group-D735D23348C9-SegmentedRaftLogWorker] INFO  segmented.SegmentedRaftLogWorker (SegmentedRaftLogWorker.java:run(336)) - b72d34ed-ef2d-423d-934c-fedae9a767a6@group-D735D23348C9-SegmentedRaftLogWorker was interrupted, exiting. There are 0 tasks remaining in the queue.
2022-06-11 13:52:47,068 [ForkJoinPool.commonPool-worker-1] INFO  segmented.SegmentedRaftLogWorker (SegmentedRaftLogWorker.java:close(246)) - 3cd9928a-a775-4af4-b787-40493a0c430a@group-8CDEE701A878-SegmentedRaftLogWorker close()
2022-06-11 13:52:47,069 [Listener at 127.0.0.1/40219] INFO  segmented.SegmentedRaftLogWorker (SegmentedRaftLogWorker.java:close(246)) - b72d34ed-ef2d-423d-934c-fedae9a767a6@group-D735D23348C9-SegmentedRaftLogWorker close()
2022-06-11 13:52:47,069 [ForkJoinPool.commonPool-worker-1] INFO  server.RaftServer$Division (RaftServerImpl.java:lambda$close$4(434)) - 3cd9928a-a775-4af4-b787-40493a0c430a@group-76F3D6715CFC: shutdown
2022-06-11 13:52:47,069 [ForkJoinPool.commonPool-worker-1] INFO  util.JmxRegister (JmxRegister.java:unregister(73)) - Successfully un-registered JMX Bean with object name Ratis:service=RaftServer,group=group-76F3D6715CFC,id=3cd9928a-a775-4af4-b787-40493a0c430a
2022-06-11 13:52:47,069 [ForkJoinPool.commonPool-worker-1] INFO  impl.RoleInfo (RoleInfo.java:shutdownLeaderState(93)) - 3cd9928a-a775-4af4-b787-40493a0c430a: shutdown 3cd9928a-a775-4af4-b787-40493a0c430a@group-76F3D6715CFC-LeaderStateImpl
2022-06-11 13:52:47,069 [ForkJoinPool.commonPool-worker-1] INFO  impl.PendingRequests (PendingRequests.java:sendNotLeaderResponses(282)) - 3cd9928a-a775-4af4-b787-40493a0c430a@group-76F3D6715CFC-PendingRequests: sendNotLeaderResponses
2022-06-11 13:52:47,071 [ForkJoinPool.commonPool-worker-1] INFO  impl.StateMachineUpdater (StateMachineUpdater.java:stopAndJoin(153)) - 3cd9928a-a775-4af4-b787-40493a0c430a@group-76F3D6715CFC-StateMachineUpdater: set stopIndex = 0
2022-06-11 13:52:47,072 [3cd9928a-a775-4af4-b787-40493a0c430a@group-76F3D6715CFC-StateMachineUpdater] INFO  ratis.ContainerStateMachine (ContainerStateMachine.java:takeSnapshot(304)) - group-76F3D6715CFC: Taking a snapshot at:(t:1, i:0) file /home/runner/work/ozone/ozone/hadoop-ozone/integration-test/target/test-dir/MiniOzoneClusterImpl-239f68c3-3068-4753-adf8-1c2cb01b4c57/datanode-1/data/ratis/cf759c5d-8190-47ae-bf4d-76f3d6715cfc/sm/snapshot.1_0
2022-06-11 13:52:47,072 [Listener at 127.0.0.1/40219] INFO  server.GrpcService (GrpcService.java:closeImpl(269)) - b72d34ed-ef2d-423d-934c-fedae9a767a6: shutdown server with port 39643 now
2022-06-11 13:52:47,074 [3cd9928a-a775-4af4-b787-40493a0c430a@group-76F3D6715CFC-StateMachineUpdater] INFO  ratis.ContainerStateMachine (ContainerStateMachine.java:takeSnapshot(315)) - group-76F3D6715CFC: Finished taking a snapshot at:(t:1, i:0) file:/home/runner/work/ozone/ozone/hadoop-ozone/integration-test/target/test-dir/MiniOzoneClusterImpl-239f68c3-3068-4753-adf8-1c2cb01b4c57/datanode-1/data/ratis/cf759c5d-8190-47ae-bf4d-76f3d6715cfc/sm/snapshot.1_0 took: 1 ms
2022-06-11 13:52:47,074 [3cd9928a-a775-4af4-b787-40493a0c430a@group-76F3D6715CFC-StateMachineUpdater] INFO  impl.StateMachineUpdater (StateMachineUpdater.java:takeSnapshot(287)) - 3cd9928a-a775-4af4-b787-40493a0c430a@group-76F3D6715CFC-StateMachineUpdater: Took a snapshot at index 0
2022-06-11 13:52:47,074 [3cd9928a-a775-4af4-b787-40493a0c430a@group-76F3D6715CFC-StateMachineUpdater] INFO  impl.StateMachineUpdater (StateMachineUpdater.java:lambda$new$0(92)) - 3cd9928a-a775-4af4-b787-40493a0c430a@group-76F3D6715CFC-StateMachineUpdater: snapshotIndex: updateIncreasingly -1 -> 0
2022-06-11 13:52:47,074 [ForkJoinPool.commonPool-worker-1] INFO  server.RaftServer$Division (ServerState.java:close(429)) - 3cd9928a-a775-4af4-b787-40493a0c430a@group-76F3D6715CFC: closes. applyIndex: 0
2022-06-11 13:52:47,074 [3cd9928a-a775-4af4-b787-40493a0c430a@group-76F3D6715CFC-SegmentedRaftLogWorker] INFO  segmented.SegmentedRaftLogWorker (SegmentedRaftLogWorker.java:run(336)) - 3cd9928a-a775-4af4-b787-40493a0c430a@group-76F3D6715CFC-SegmentedRaftLogWorker was interrupted, exiting. There are 0 tasks remaining in the queue.
2022-06-11 13:52:47,074 [ForkJoinPool.commonPool-worker-1] INFO  segmented.SegmentedRaftLogWorker (SegmentedRaftLogWorker.java:close(246)) - 3cd9928a-a775-4af4-b787-40493a0c430a@group-76F3D6715CFC-SegmentedRaftLogWorker close()
2022-06-11 13:52:47,077 [ForkJoinPool.commonPool-worker-1] INFO  server.GrpcService (GrpcService.java:closeImpl(269)) - 3cd9928a-a775-4af4-b787-40493a0c430a: shutdown server with port 38303 now
2022-06-11 13:52:47,080 [grpc-default-executor-1] WARN  server.GrpcClientProtocolService (LogUtils.java:warn(122)) - 1-UnorderedRequestStreamObserver1: onError: org.apache.ratis.thirdparty.io.grpc.StatusRuntimeException: CANCELLED: client cancelled
2022-06-11 13:52:47,093 [ForkJoinPool.commonPool-worker-1] INFO  server.GrpcService (GrpcService.java:closeImpl(278)) - 3cd9928a-a775-4af4-b787-40493a0c430a: shutdown server with port 38303 successfully
2022-06-11 13:52:47,093 [org.apache.ratis.util.JvmPauseMonitor$$Lambda$627/1387949628@4b6123f8] INFO  util.JvmPauseMonitor (JvmPauseMonitor.java:run(109)) - JvmPauseMonitor-3cd9928a-a775-4af4-b787-40493a0c430a: Stopped
2022-06-11 13:52:47,096 [Listener at 127.0.0.1/40219] INFO  server.GrpcService (GrpcService.java:closeImpl(278)) - b72d34ed-ef2d-423d-934c-fedae9a767a6: shutdown server with port 39643 successfully
2022-06-11 13:52:47,096 [org.apache.ratis.util.JvmPauseMonitor$$Lambda$627/1387949628@49139243] INFO  util.JvmPauseMonitor (JvmPauseMonitor.java:run(109)) - JvmPauseMonitor-b72d34ed-ef2d-423d-934c-fedae9a767a6: Stopped
2022-06-11 13:52:47,305 [EventQueue-DeadNodeForDeadNodeHandler] INFO  node.DeadNodeHandler (DeadNodeHandler.java:onMessage(80)) - A dead datanode is detected. b72d34ed-ef2d-423d-934c-fedae9a767a6{ip: 10.1.0.23, host: fv-az395-686.zfmzfyrfkyou3ow0tsr0jxwq1e.bx.internal.cloudapp.net, ports: [REPLICATION=41345, RATIS=39643, RATIS_ADMIN=39643, RATIS_SERVER=39643, STANDALONE=39715], networkLocation: /default-rack, certSerialId: null, persistedOpState: IN_SERVICE, persistedOpStateExpiryEpochSec: 0}
2022-06-11 13:52:47,307 [EventQueue-DeadNodeForDeadNodeHandler] INFO  pipeline.RatisPipelineProvider (RatisPipelineProvider.java:lambda$close$1(244)) - Send pipeline:PipelineID=06b33e13-d481-4efe-ad78-8cdee701a878 close command to datanode ea3eb705-49c6-47b6-816e-3ad6ae2807f4
2022-06-11 13:52:47,307 [EventQueue-DeadNodeForDeadNodeHandler] INFO  pipeline.RatisPipelineProvider (RatisPipelineProvider.java:lambda$close$1(244)) - Send pipeline:PipelineID=06b33e13-d481-4efe-ad78-8cdee701a878 close command to datanode 3cd9928a-a775-4af4-b787-40493a0c430a
2022-06-11 13:52:47,307 [EventQueue-DeadNodeForDeadNodeHandler] INFO  pipeline.RatisPipelineProvider (RatisPipelineProvider.java:lambda$close$1(244)) - Send pipeline:PipelineID=06b33e13-d481-4efe-ad78-8cdee701a878 close command to datanode b72d34ed-ef2d-423d-934c-fedae9a767a6
2022-06-11 13:52:47,308 [EventQueue-DeadNodeForDeadNodeHandler] INFO  pipeline.PipelineStateManagerImpl (PipelineStateManagerImpl.java:removePipeline(243)) - Pipeline Pipeline[ Id: 06b33e13-d481-4efe-ad78-8cdee701a878, Nodes: ea3eb705-49c6-47b6-816e-3ad6ae2807f4{ip: 10.1.0.23, host: fv-az395-686.zfmzfyrfkyou3ow0tsr0jxwq1e.bx.internal.cloudapp.net, ports: [REPLICATION=39065, RATIS=42799, RATIS_ADMIN=42799, RATIS_SERVER=42799, STANDALONE=38873], networkLocation: /default-rack, certSerialId: null, persistedOpState: IN_SERVICE, persistedOpStateExpiryEpochSec: 0}3cd9928a-a775-4af4-b787-40493a0c430a{ip: 10.1.0.23, host: fv-az395-686.zfmzfyrfkyou3ow0tsr0jxwq1e.bx.internal.cloudapp.net, ports: [REPLICATION=41227, RATIS=38303, RATIS_ADMIN=38303, RATIS_SERVER=38303, STANDALONE=39085], networkLocation: /default-rack, certSerialId: null, persistedOpState: IN_SERVICE, persistedOpStateExpiryEpochSec: 0}b72d34ed-ef2d-423d-934c-fedae9a767a6{ip: 10.1.0.23, host: fv-az395-686.zfmzfyrfkyou3ow0tsr0jxwq1e.bx.internal.cloudapp.net, ports: [REPLICATION=41345, RATIS=39643, RATIS_ADMIN=39643, RATIS_SERVER=39643, STANDALONE=39715], networkLocation: /default-rack, certSerialId: null, persistedOpState: IN_SERVICE, persistedOpStateExpiryEpochSec: 0}, ReplicationConfig: RATIS/THREE, State:CLOSED, leaderId:b72d34ed-ef2d-423d-934c-fedae9a767a6, CreationTimestamp2022-06-11T13:52:10.536Z[Etc/UTC]] removed.
2022-06-11 13:52:47,308 [EventQueue-DeadNodeForDeadNodeHandler] INFO  pipeline.RatisPipelineProvider (RatisPipelineProvider.java:lambda$close$1(244)) - Send pipeline:PipelineID=ba8166de-6a74-4f02-9adf-d735d23348c9 close command to datanode b72d34ed-ef2d-423d-934c-fedae9a767a6
2022-06-11 13:52:47,308 [EventQueue-DeadNodeForDeadNodeHandler] INFO  pipeline.PipelineStateManagerImpl (PipelineStateManagerImpl.java:removePipeline(243)) - Pipeline Pipeline[ Id: ba8166de-6a74-4f02-9adf-d735d23348c9, Nodes: b72d34ed-ef2d-423d-934c-fedae9a767a6{ip: 10.1.0.23, host: fv-az395-686.zfmzfyrfkyou3ow0tsr0jxwq1e.bx.internal.cloudapp.net, ports: [REPLICATION=41345, RATIS=39643, RATIS_ADMIN=39643, RATIS_SERVER=39643, STANDALONE=39715], networkLocation: /default-rack, certSerialId: null, persistedOpState: IN_SERVICE, persistedOpStateExpiryEpochSec: 0}, ReplicationConfig: RATIS/ONE, State:CLOSED, leaderId:b72d34ed-ef2d-423d-934c-fedae9a767a6, CreationTimestamp2022-06-11T13:52:10.530Z[Etc/UTC]] removed.
2022-06-11 13:52:47,310 [EventQueue-DeadNodeForDeadNodeHandler] INFO  net.NetworkTopologyImpl (NetworkTopologyImpl.java:remove(137)) - Removed a node: /default-rack/b72d34ed-ef2d-423d-934c-fedae9a767a6
2022-06-11 13:52:47,310 [EventQueue-DeadNodeForDeadNodeHandler] INFO  node.DeadNodeHandler (DeadNodeHandler.java:onMessage(80)) - A dead datanode is detected. 3cd9928a-a775-4af4-b787-40493a0c430a{ip: 10.1.0.23, host: fv-az395-686.zfmzfyrfkyou3ow0tsr0jxwq1e.bx.internal.cloudapp.net, ports: [REPLICATION=41227, RATIS=38303, RATIS_ADMIN=38303, RATIS_SERVER=38303, STANDALONE=39085], networkLocation: /default-rack, certSerialId: null, persistedOpState: IN_SERVICE, persistedOpStateExpiryEpochSec: 0}
2022-06-11 13:52:47,311 [EventQueue-DeadNodeForDeadNodeHandler] INFO  pipeline.RatisPipelineProvider (RatisPipelineProvider.java:lambda$close$1(244)) - Send pipeline:PipelineID=cf759c5d-8190-47ae-bf4d-76f3d6715cfc close command to datanode 3cd9928a-a775-4af4-b787-40493a0c430a
2022-06-11 13:52:47,311 [EventQueue-DeadNodeForDeadNodeHandler] INFO  pipeline.PipelineStateManagerImpl (PipelineStateManagerImpl.java:removePipeline(243)) - Pipeline Pipeline[ Id: cf759c5d-8190-47ae-bf4d-76f3d6715cfc, Nodes: 3cd9928a-a775-4af4-b787-40493a0c430a{ip: 10.1.0.23, host: fv-az395-686.zfmzfyrfkyou3ow0tsr0jxwq1e.bx.internal.cloudapp.net, ports: [REPLICATION=41227, RATIS=38303, RATIS_ADMIN=38303, RATIS_SERVER=38303, STANDALONE=39085], networkLocation: /default-rack, certSerialId: null, persistedOpState: IN_SERVICE, persistedOpStateExpiryEpochSec: 0}, ReplicationConfig: RATIS/ONE, State:CLOSED, leaderId:3cd9928a-a775-4af4-b787-40493a0c430a, CreationTimestamp2022-06-11T13:52:10.110Z[Etc/UTC]] removed.
2022-06-11 13:52:47,311 [EventQueue-DeadNodeForDeadNodeHandler] INFO  net.NetworkTopologyImpl (NetworkTopologyImpl.java:remove(137)) - Removed a node: /default-rack/3cd9928a-a775-4af4-b787-40493a0c430a
2022-06-11 13:52:47,786 [ReplicationMonitor] INFO  replication.LegacyReplicationManager (LegacyReplicationManager.java:sendCloseCommand(1408)) - Sending close container command for container #1 to datanode ea3eb705-49c6-47b6-816e-3ad6ae2807f4{ip: 10.1.0.23, host: fv-az395-686.zfmzfyrfkyou3ow0tsr0jxwq1e.bx.internal.cloudapp.net, ports: [REPLICATION=39065, RATIS=42799, RATIS_ADMIN=42799, RATIS_SERVER=42799, STANDALONE=38873], networkLocation: /default-rack, certSerialId: null, persistedOpState: IN_SERVICE, persistedOpStateExpiryEpochSec: 0}.
2022-06-11 13:52:47,787 [ReplicationMonitor] INFO  replication.LegacyReplicationManager (LegacyReplicationManager.java:sendCloseCommand(1408)) - Sending close container command for container #2 to datanode ea3eb705-49c6-47b6-816e-3ad6ae2807f4{ip: 10.1.0.23, host: fv-az395-686.zfmzfyrfkyou3ow0tsr0jxwq1e.bx.internal.cloudapp.net, ports: [REPLICATION=39065, RATIS=42799, RATIS_ADMIN=42799, RATIS_SERVER=42799, STANDALONE=38873], networkLocation: /default-rack, certSerialId: null, persistedOpState: IN_SERVICE, persistedOpStateExpiryEpochSec: 0}.
2022-06-11 13:52:47,787 [ReplicationMonitor] INFO  replication.LegacyReplicationManager (LegacyReplicationManager.java:sendCloseCommand(1408)) - Sending close container command for container #3 to datanode ea3eb705-49c6-47b6-816e-3ad6ae2807f4{ip: 10.1.0.23, host: fv-az395-686.zfmzfyrfkyou3ow0tsr0jxwq1e.bx.internal.cloudapp.net, ports: [REPLICATION=39065, RATIS=42799, RATIS_ADMIN=42799, RATIS_SERVER=42799, STANDALONE=38873], networkLocation: /default-rack, certSerialId: null, persistedOpState: IN_SERVICE, persistedOpStateExpiryEpochSec: 0}.
2022-06-11 13:52:47,787 [ReplicationMonitor] INFO  replication.ReplicationManager (ReplicationManager.java:processAll(249)) - Replication Monitor Thread took 2 milliseconds for processing 3 containers.
2022-06-11 13:52:48,788 [ReplicationMonitor] INFO  replication.LegacyReplicationManager (LegacyReplicationManager.java:sendCloseCommand(1408)) - Sending close container command for container #1 to datanode ea3eb705-49c6-47b6-816e-3ad6ae2807f4{ip: 10.1.0.23, host: fv-az395-686.zfmzfyrfkyou3ow0tsr0jxwq1e.bx.internal.cloudapp.net, ports: [REPLICATION=39065, RATIS=42799, RATIS_ADMIN=42799, RATIS_SERVER=42799, STANDALONE=38873], networkLocation: /default-rack, certSerialId: null, persistedOpState: IN_SERVICE, persistedOpStateExpiryEpochSec: 0}.
2022-06-11 13:52:48,789 [ReplicationMonitor] INFO  replication.LegacyReplicationManager (LegacyReplicationManager.java:sendCloseCommand(1408)) - Sending close container command for container #2 to datanode ea3eb705-49c6-47b6-816e-3ad6ae2807f4{ip: 10.1.0.23, host: fv-az395-686.zfmzfyrfkyou3ow0tsr0jxwq1e.bx.internal.cloudapp.net, ports: [REPLICATION=39065, RATIS=42799, RATIS_ADMIN=42799, RATIS_SERVER=42799, STANDALONE=38873], networkLocation: /default-rack, certSerialId: null, persistedOpState: IN_SERVICE, persistedOpStateExpiryEpochSec: 0}.
2022-06-11 13:52:48,789 [ReplicationMonitor] INFO  replication.LegacyReplicationManager (LegacyReplicationManager.java:sendCloseCommand(1408)) - Sending close container command for container #3 to datanode ea3eb705-49c6-47b6-816e-3ad6ae2807f4{ip: 10.1.0.23, host: fv-az395-686.zfmzfyrfkyou3ow0tsr0jxwq1e.bx.internal.cloudapp.net, ports: [REPLICATION=39065, RATIS=42799, RATIS_ADMIN=42799, RATIS_SERVER=42799, STANDALONE=38873], networkLocation: /default-rack, certSerialId: null, persistedOpState: IN_SERVICE, persistedOpStateExpiryEpochSec: 0}.
2022-06-11 13:52:48,789 [ReplicationMonitor] INFO  replication.ReplicationManager (ReplicationManager.java:processAll(249)) - Replication Monitor Thread took 1 milliseconds for processing 3 containers.
2022-06-11 13:52:49,123 [ForkJoinPool.commonPool-worker-1] INFO  utils.BackgroundService (BackgroundService.java:shutdown(132)) - Shutting down service BlockDeletingService
2022-06-11 13:52:49,123 [Listener at 127.0.0.1/40219] INFO  utils.BackgroundService (BackgroundService.java:shutdown(132)) - Shutting down service BlockDeletingService
2022-06-11 13:52:49,789 [ReplicationMonitor] INFO  replication.LegacyReplicationManager (LegacyReplicationManager.java:sendCloseCommand(1408)) - Sending close container command for container #1 to datanode ea3eb705-49c6-47b6-816e-3ad6ae2807f4{ip: 10.1.0.23, host: fv-az395-686.zfmzfyrfkyou3ow0tsr0jxwq1e.bx.internal.cloudapp.net, ports: [REPLICATION=39065, RATIS=42799, RATIS_ADMIN=42799, RATIS_SERVER=42799, STANDALONE=38873], networkLocation: /default-rack, certSerialId: null, persistedOpState: IN_SERVICE, persistedOpStateExpiryEpochSec: 0}.
2022-06-11 13:52:49,789 [ReplicationMonitor] INFO  replication.LegacyReplicationManager (LegacyReplicationManager.java:sendCloseCommand(1408)) - Sending close container command for container #2 to datanode ea3eb705-49c6-47b6-816e-3ad6ae2807f4{ip: 10.1.0.23, host: fv-az395-686.zfmzfyrfkyou3ow0tsr0jxwq1e.bx.internal.cloudapp.net, ports: [REPLICATION=39065, RATIS=42799, RATIS_ADMIN=42799, RATIS_SERVER=42799, STANDALONE=38873], networkLocation: /default-rack, certSerialId: null, persistedOpState: IN_SERVICE, persistedOpStateExpiryEpochSec: 0}.
2022-06-11 13:52:49,789 [ReplicationMonitor] INFO  replication.LegacyReplicationManager (LegacyReplicationManager.java:sendCloseCommand(1408)) - Sending close container command for container #3 to datanode ea3eb705-49c6-47b6-816e-3ad6ae2807f4{ip: 10.1.0.23, host: fv-az395-686.zfmzfyrfkyou3ow0tsr0jxwq1e.bx.internal.cloudapp.net, ports: [REPLICATION=39065, RATIS=42799, RATIS_ADMIN=42799, RATIS_SERVER=42799, STANDALONE=38873], networkLocation: /default-rack, certSerialId: null, persistedOpState: IN_SERVICE, persistedOpStateExpiryEpochSec: 0}.
2022-06-11 13:52:49,789 [ReplicationMonitor] INFO  replication.ReplicationManager (ReplicationManager.java:processAll(249)) - Replication Monitor Thread took 1 milliseconds for processing 3 containers.
2022-06-11 13:52:50,296 [Command processor thread] INFO  server.RaftServer (RaftServerProxy.java:remove(107)) - ea3eb705-49c6-47b6-816e-3ad6ae2807f4: remove  FOLLOWER ea3eb705-49c6-47b6-816e-3ad6ae2807f4@group-8CDEE701A878:t5, leader=b72d34ed-ef2d-423d-934c-fedae9a767a6, voted=b72d34ed-ef2d-423d-934c-fedae9a767a6, raftlog=ea3eb705-49c6-47b6-816e-3ad6ae2807f4@group-8CDEE701A878-SegmentedRaftLog:OPENED:c53, conf=0: [3cd9928a-a775-4af4-b787-40493a0c430a|rpc:10.1.0.23:38303|dataStream:|priority:0, ea3eb705-49c6-47b6-816e-3ad6ae2807f4|rpc:10.1.0.23:42799|dataStream:|priority:0, b72d34ed-ef2d-423d-934c-fedae9a767a6|rpc:10.1.0.23:39643|dataStream:|priority:1], old=null RUNNING
2022-06-11 13:52:50,298 [Command processor thread] INFO  server.RaftServer$Division (RaftServerImpl.java:lambda$close$4(434)) - ea3eb705-49c6-47b6-816e-3ad6ae2807f4@group-8CDEE701A878: shutdown
2022-06-11 13:52:50,298 [Command processor thread] INFO  util.JmxRegister (JmxRegister.java:unregister(73)) - Successfully un-registered JMX Bean with object name Ratis:service=RaftServer,group=group-8CDEE701A878,id=ea3eb705-49c6-47b6-816e-3ad6ae2807f4
2022-06-11 13:52:50,298 [Command processor thread] INFO  impl.RoleInfo (RoleInfo.java:shutdownFollowerState(110)) - ea3eb705-49c6-47b6-816e-3ad6ae2807f4: shutdown ea3eb705-49c6-47b6-816e-3ad6ae2807f4@group-8CDEE701A878-FollowerState
2022-06-11 13:52:50,299 [ea3eb705-49c6-47b6-816e-3ad6ae2807f4@group-8CDEE701A878-StateMachineUpdater] INFO  ratis.ContainerStateMachine (ContainerStateMachine.java:takeSnapshot(304)) - group-8CDEE701A878: Taking a snapshot at:(t:5, i:53) file /home/runner/work/ozone/ozone/hadoop-ozone/integration-test/target/test-dir/MiniOzoneClusterImpl-239f68c3-3068-4753-adf8-1c2cb01b4c57/datanode-0/data/ratis/06b33e13-d481-4efe-ad78-8cdee701a878/sm/snapshot.5_53
2022-06-11 13:52:50,300 [Command processor thread] INFO  impl.StateMachineUpdater (StateMachineUpdater.java:stopAndJoin(153)) - ea3eb705-49c6-47b6-816e-3ad6ae2807f4@group-8CDEE701A878-StateMachineUpdater: set stopIndex = 53
2022-06-11 13:52:50,300 [ea3eb705-49c6-47b6-816e-3ad6ae2807f4@group-8CDEE701A878-FollowerState] INFO  impl.FollowerState (FollowerState.java:run(152)) - ea3eb705-49c6-47b6-816e-3ad6ae2807f4@group-8CDEE701A878-FollowerState was interrupted
2022-06-11 13:52:50,304 [ea3eb705-49c6-47b6-816e-3ad6ae2807f4@group-8CDEE701A878-StateMachineUpdater] INFO  ratis.ContainerStateMachine (ContainerStateMachine.java:takeSnapshot(315)) - group-8CDEE701A878: Finished taking a snapshot at:(t:5, i:53) file:/home/runner/work/ozone/ozone/hadoop-ozone/integration-test/target/test-dir/MiniOzoneClusterImpl-239f68c3-3068-4753-adf8-1c2cb01b4c57/datanode-0/data/ratis/06b33e13-d481-4efe-ad78-8cdee701a878/sm/snapshot.5_53 took: 6 ms
2022-06-11 13:52:50,305 [ea3eb705-49c6-47b6-816e-3ad6ae2807f4@group-8CDEE701A878-StateMachineUpdater] INFO  impl.StateMachineUpdater (StateMachineUpdater.java:takeSnapshot(287)) - ea3eb705-49c6-47b6-816e-3ad6ae2807f4@group-8CDEE701A878-StateMachineUpdater: Took a snapshot at index 53
2022-06-11 13:52:50,305 [ea3eb705-49c6-47b6-816e-3ad6ae2807f4@group-8CDEE701A878-StateMachineUpdater] INFO  impl.StateMachineUpdater (StateMachineUpdater.java:lambda$new$0(92)) - ea3eb705-49c6-47b6-816e-3ad6ae2807f4@group-8CDEE701A878-StateMachineUpdater: snapshotIndex: updateIncreasingly -1 -> 53
2022-06-11 13:52:50,305 [Command processor thread] INFO  server.RaftServer$Division (ServerState.java:close(429)) - ea3eb705-49c6-47b6-816e-3ad6ae2807f4@group-8CDEE701A878: closes. applyIndex: 53
2022-06-11 13:52:50,306 [ea3eb705-49c6-47b6-816e-3ad6ae2807f4@group-8CDEE701A878-SegmentedRaftLogWorker] INFO  segmented.SegmentedRaftLogWorker (SegmentedRaftLogWorker.java:run(336)) - ea3eb705-49c6-47b6-816e-3ad6ae2807f4@group-8CDEE701A878-SegmentedRaftLogWorker was interrupted, exiting. There are 0 tasks remaining in the queue.
2022-06-11 13:52:50,308 [Command processor thread] INFO  segmented.SegmentedRaftLogWorker (SegmentedRaftLogWorker.java:close(246)) - ea3eb705-49c6-47b6-816e-3ad6ae2807f4@group-8CDEE701A878-SegmentedRaftLogWorker close()
2022-06-11 13:52:50,370 [Command processor thread] INFO  keyvalue.KeyValueContainer (KeyValueContainer.java:flushAndSyncDB(431)) - Container 1 is synced with bcsId 51.
2022-06-11 13:52:50,370 [Command processor thread] INFO  keyvalue.KeyValueContainer (KeyValueContainer.java:flushAndSyncDB(431)) - Container 1 is synced with bcsId 51.
2022-06-11 13:52:50,376 [FixedThreadPoolWithAffinityExecutor-1-0] INFO  container.IncrementalContainerReportHandler (AbstractContainerReportHandler.java:updateContainerState(281)) - Moving container #1 to QUASI_CLOSED state, datanode ea3eb705-49c6-47b6-816e-3ad6ae2807f4{ip: 10.1.0.23, host: fv-az395-686.zfmzfyrfkyou3ow0tsr0jxwq1e.bx.internal.cloudapp.net, ports: [REPLICATION=39065, RATIS=42799, RATIS_ADMIN=42799, RATIS_SERVER=42799, STANDALONE=38873], networkLocation: /default-rack, certSerialId: null, persistedOpState: IN_SERVICE, persistedOpStateExpiryEpochSec: 0} reported QUASI_CLOSED replica.
2022-06-11 13:52:50,416 [Command processor thread] INFO  keyvalue.KeyValueContainer (KeyValueContainer.java:flushAndSyncDB(431)) - Container 2 is synced with bcsId 45.
2022-06-11 13:52:50,419 [Command processor thread] INFO  keyvalue.KeyValueContainer (KeyValueContainer.java:flushAndSyncDB(431)) - Container 2 is synced with bcsId 45.
2022-06-11 13:52:50,423 [FixedThreadPoolWithAffinityExecutor-9-0] INFO  container.IncrementalContainerReportHandler (AbstractContainerReportHandler.java:updateContainerState(281)) - Moving container #2 to QUASI_CLOSED state, datanode ea3eb705-49c6-47b6-816e-3ad6ae2807f4{ip: 10.1.0.23, host: fv-az395-686.zfmzfyrfkyou3ow0tsr0jxwq1e.bx.internal.cloudapp.net, ports: [REPLICATION=39065, RATIS=42799, RATIS_ADMIN=42799, RATIS_SERVER=42799, STANDALONE=38873], networkLocation: /default-rack, certSerialId: null, persistedOpState: IN_SERVICE, persistedOpStateExpiryEpochSec: 0} reported QUASI_CLOSED replica.
2022-06-11 13:52:50,480 [Command processor thread] INFO  keyvalue.KeyValueContainer (KeyValueContainer.java:flushAndSyncDB(431)) - Container 3 is synced with bcsId 48.
2022-06-11 13:52:50,480 [Command processor thread] INFO  keyvalue.KeyValueContainer (KeyValueContainer.java:flushAndSyncDB(431)) - Container 3 is synced with bcsId 48.
2022-06-11 13:52:50,484 [FixedThreadPoolWithAffinityExecutor-8-0] INFO  container.IncrementalContainerReportHandler (AbstractContainerReportHandler.java:updateContainerState(281)) - Moving container #3 to QUASI_CLOSED state, datanode ea3eb705-49c6-47b6-816e-3ad6ae2807f4{ip: 10.1.0.23, host: fv-az395-686.zfmzfyrfkyou3ow0tsr0jxwq1e.bx.internal.cloudapp.net, ports: [REPLICATION=39065, RATIS=42799, RATIS_ADMIN=42799, RATIS_SERVER=42799, STANDALONE=38873], networkLocation: /default-rack, certSerialId: null, persistedOpState: IN_SERVICE, persistedOpStateExpiryEpochSec: 0} reported QUASI_CLOSED replica.
2022-06-11 13:52:50,490 [Command processor thread] INFO  server.RaftServer$Division (RaftServerImpl.java:groupRemove(404)) - ea3eb705-49c6-47b6-816e-3ad6ae2807f4@group-8CDEE701A878: Succeed to remove RaftStorageDirectory Storage Directory /home/runner/work/ozone/ozone/hadoop-ozone/integration-test/target/test-dir/MiniOzoneClusterImpl-239f68c3-3068-4753-adf8-1c2cb01b4c57/datanode-0/data/ratis/06b33e13-d481-4efe-ad78-8cdee701a878
2022-06-11 13:52:50,490 [Command processor thread] INFO  commandhandler.ClosePipelineCommandHandler (ClosePipelineCommandHandler.java:handle(78)) - Close Pipeline PipelineID=06b33e13-d481-4efe-ad78-8cdee701a878 command on datanode ea3eb705-49c6-47b6-816e-3ad6ae2807f4.
2022-06-11 13:52:50,801 [ReplicationMonitor] INFO  replication.LegacyReplicationManager (LegacyReplicationManager.java:handleUnderReplicatedContainer(1092)) - Container #1 is under replicated. Expected replica count is 3, but found 1.
2022-06-11 13:52:50,802 [ReplicationMonitor] INFO  replication.LegacyReplicationManager (LegacyReplicationManager.java:sendReplicateCommand(1446)) - Sending replicate container command for container #1 to datanode 53db1d32-3be9-432a-8996-6e0aa1d79bff{ip: 10.1.0.23, host: fv-az395-686.zfmzfyrfkyou3ow0tsr0jxwq1e.bx.internal.cloudapp.net, ports: [REPLICATION=36943, RATIS=46375, RATIS_ADMIN=46375, RATIS_SERVER=46375, STANDALONE=45327], networkLocation: /default-rack, certSerialId: null, persistedOpState: IN_SERVICE, persistedOpStateExpiryEpochSec: 0} from datanodes [ea3eb705-49c6-47b6-816e-3ad6ae2807f4{ip: 10.1.0.23, host: fv-az395-686.zfmzfyrfkyou3ow0tsr0jxwq1e.bx.internal.cloudapp.net, ports: [REPLICATION=39065, RATIS=42799, RATIS_ADMIN=42799, RATIS_SERVER=42799, STANDALONE=38873], networkLocation: /default-rack, certSerialId: null, persistedOpState: IN_SERVICE, persistedOpStateExpiryEpochSec: 0}]
2022-06-11 13:52:50,803 [ReplicationMonitor] INFO  replication.LegacyReplicationManager (LegacyReplicationManager.java:sendReplicateCommand(1446)) - Sending replicate container command for container #1 to datanode ff2200df-c480-449e-9c09-7fcb33586f76{ip: 10.1.0.23, host: fv-az395-686.zfmzfyrfkyou3ow0tsr0jxwq1e.bx.internal.cloudapp.net, ports: [REPLICATION=41325, RATIS=40997, RATIS_ADMIN=40997, RATIS_SERVER=40997, STANDALONE=41257], networkLocation: /default-rack, certSerialId: null, persistedOpState: IN_SERVICE, persistedOpStateExpiryEpochSec: 0} from datanodes [ea3eb705-49c6-47b6-816e-3ad6ae2807f4{ip: 10.1.0.23, host: fv-az395-686.zfmzfyrfkyou3ow0tsr0jxwq1e.bx.internal.cloudapp.net, ports: [REPLICATION=39065, RATIS=42799, RATIS_ADMIN=42799, RATIS_SERVER=42799, STANDALONE=38873], networkLocation: /default-rack, certSerialId: null, persistedOpState: IN_SERVICE, persistedOpStateExpiryEpochSec: 0}]
2022-06-11 13:52:50,803 [ReplicationMonitor] INFO  replication.LegacyReplicationManager (LegacyReplicationManager.java:handleUnderReplicatedContainer(1092)) - Container #2 is under replicated. Expected replica count is 3, but found 1.
2022-06-11 13:52:50,803 [ReplicationMonitor] INFO  replication.LegacyReplicationManager (LegacyReplicationManager.java:sendReplicateCommand(1446)) - Sending replicate container command for container #2 to datanode 53db1d32-3be9-432a-8996-6e0aa1d79bff{ip: 10.1.0.23, host: fv-az395-686.zfmzfyrfkyou3ow0tsr0jxwq1e.bx.internal.cloudapp.net, ports: [REPLICATION=36943, RATIS=46375, RATIS_ADMIN=46375, RATIS_SERVER=46375, STANDALONE=45327], networkLocation: /default-rack, certSerialId: null, persistedOpState: IN_SERVICE, persistedOpStateExpiryEpochSec: 0} from datanodes [ea3eb705-49c6-47b6-816e-3ad6ae2807f4{ip: 10.1.0.23, host: fv-az395-686.zfmzfyrfkyou3ow0tsr0jxwq1e.bx.internal.cloudapp.net, ports: [REPLICATION=39065, RATIS=42799, RATIS_ADMIN=42799, RATIS_SERVER=42799, STANDALONE=38873], networkLocation: /default-rack, certSerialId: null, persistedOpState: IN_SERVICE, persistedOpStateExpiryEpochSec: 0}]
2022-06-11 13:52:50,803 [ReplicationMonitor] INFO  replication.LegacyReplicationManager (LegacyReplicationManager.java:sendReplicateCommand(1446)) - Sending replicate container command for container #2 to datanode ff2200df-c480-449e-9c09-7fcb33586f76{ip: 10.1.0.23, host: fv-az395-686.zfmzfyrfkyou3ow0tsr0jxwq1e.bx.internal.cloudapp.net, ports: [REPLICATION=41325, RATIS=40997, RATIS_ADMIN=40997, RATIS_SERVER=40997, STANDALONE=41257], networkLocation: /default-rack, certSerialId: null, persistedOpState: IN_SERVICE, persistedOpStateExpiryEpochSec: 0} from datanodes [ea3eb705-49c6-47b6-816e-3ad6ae2807f4{ip: 10.1.0.23, host: fv-az395-686.zfmzfyrfkyou3ow0tsr0jxwq1e.bx.internal.cloudapp.net, ports: [REPLICATION=39065, RATIS=42799, RATIS_ADMIN=42799, RATIS_SERVER=42799, STANDALONE=38873], networkLocation: /default-rack, certSerialId: null, persistedOpState: IN_SERVICE, persistedOpStateExpiryEpochSec: 0}]
2022-06-11 13:52:50,803 [ReplicationMonitor] INFO  replication.LegacyReplicationManager (LegacyReplicationManager.java:handleUnderReplicatedContainer(1092)) - Container #3 is under replicated. Expected replica count is 3, but found 1.
2022-06-11 13:52:50,803 [ReplicationMonitor] INFO  replication.LegacyReplicationManager (LegacyReplicationManager.java:sendReplicateCommand(1446)) - Sending replicate container command for container #3 to datanode 53db1d32-3be9-432a-8996-6e0aa1d79bff{ip: 10.1.0.23, host: fv-az395-686.zfmzfyrfkyou3ow0tsr0jxwq1e.bx.internal.cloudapp.net, ports: [REPLICATION=36943, RATIS=46375, RATIS_ADMIN=46375, RATIS_SERVER=46375, STANDALONE=45327], networkLocation: /default-rack, certSerialId: null, persistedOpState: IN_SERVICE, persistedOpStateExpiryEpochSec: 0} from datanodes [ea3eb705-49c6-47b6-816e-3ad6ae2807f4{ip: 10.1.0.23, host: fv-az395-686.zfmzfyrfkyou3ow0tsr0jxwq1e.bx.internal.cloudapp.net, ports: [REPLICATION=39065, RATIS=42799, RATIS_ADMIN=42799, RATIS_SERVER=42799, STANDALONE=38873], networkLocation: /default-rack, certSerialId: null, persistedOpState: IN_SERVICE, persistedOpStateExpiryEpochSec: 0}]
2022-06-11 13:52:50,803 [ReplicationMonitor] INFO  replication.LegacyReplicationManager (LegacyReplicationManager.java:sendReplicateCommand(1446)) - Sending replicate container command for container #3 to datanode ff2200df-c480-449e-9c09-7fcb33586f76{ip: 10.1.0.23, host: fv-az395-686.zfmzfyrfkyou3ow0tsr0jxwq1e.bx.internal.cloudapp.net, ports: [REPLICATION=41325, RATIS=40997, RATIS_ADMIN=40997, RATIS_SERVER=40997, STANDALONE=41257], networkLocation: /default-rack, certSerialId: null, persistedOpState: IN_SERVICE, persistedOpStateExpiryEpochSec: 0} from datanodes [ea3eb705-49c6-47b6-816e-3ad6ae2807f4{ip: 10.1.0.23, host: fv-az395-686.zfmzfyrfkyou3ow0tsr0jxwq1e.bx.internal.cloudapp.net, ports: [REPLICATION=39065, RATIS=42799, RATIS_ADMIN=42799, RATIS_SERVER=42799, STANDALONE=38873], networkLocation: /default-rack, certSerialId: null, persistedOpState: IN_SERVICE, persistedOpStateExpiryEpochSec: 0}]
2022-06-11 13:52:50,803 [ReplicationMonitor] INFO  replication.ReplicationManager (ReplicationManager.java:processAll(249)) - Replication Monitor Thread took 14 milliseconds for processing 3 containers.
2022-06-11 13:52:51,805 [ReplicationMonitor] INFO  replication.ReplicationManager (ReplicationManager.java:processAll(249)) - Replication Monitor Thread took 1 milliseconds for processing 3 containers.
2022-06-11 13:52:52,126 [ForkJoinPool.commonPool-worker-1] INFO  statemachine.DatanodeStateMachine (DatanodeStateMachine.java:stopDaemon(572)) - Ozone container server stopped.
2022-06-11 13:52:52,127 [Listener at 127.0.0.1/40219] INFO  statemachine.DatanodeStateMachine (DatanodeStateMachine.java:stopDaemon(572)) - Ozone container server stopped.
2022-06-11 13:52:52,156 [Listener at 127.0.0.1/40219] INFO  handler.ContextHandler (ContextHandler.java:doStop(1153)) - Stopped o.e.j.w.WebAppContext@35c3248d{hddsDatanode,/,null,STOPPED}{jar:file:/home/runner/.m2/repository/org/apache/ozone/hdds-container-service/1.3.0-SNAPSHOT/hdds-container-service-1.3.0-SNAPSHOT.jar!/webapps/hddsDatanode}
2022-06-11 13:52:52,157 [ForkJoinPool.commonPool-worker-1] INFO  handler.ContextHandler (ContextHandler.java:doStop(1153)) - Stopped o.e.j.w.WebAppContext@64750d09{hddsDatanode,/,null,STOPPED}{jar:file:/home/runner/.m2/repository/org/apache/ozone/hdds-container-service/1.3.0-SNAPSHOT/hdds-container-service-1.3.0-SNAPSHOT.jar!/webapps/hddsDatanode}
2022-06-11 13:52:52,158 [ForkJoinPool.commonPool-worker-1] INFO  server.AbstractConnector (AbstractConnector.java:doStop(381)) - Stopped ServerConnector@69a54c6b{HTTP/1.1, (http/1.1)}{0.0.0.0:0}
2022-06-11 13:52:52,159 [Listener at 127.0.0.1/40219] INFO  server.AbstractConnector (AbstractConnector.java:doStop(381)) - Stopped ServerConnector@5530499e{HTTP/1.1, (http/1.1)}{0.0.0.0:0}
2022-06-11 13:52:52,159 [Listener at 127.0.0.1/40219] INFO  server.session (HouseKeeper.java:stopScavenging(149)) - node0 Stopped scavenging
2022-06-11 13:52:52,159 [Listener at 127.0.0.1/40219] INFO  handler.ContextHandler (ContextHandler.java:doStop(1153)) - Stopped o.e.j.s.ServletContextHandler@74b6af88{static,/static,jar:file:/home/runner/.m2/repository/org/apache/ozone/hdds-container-service/1.3.0-SNAPSHOT/hdds-container-service-1.3.0-SNAPSHOT.jar!/webapps/static,STOPPED}
2022-06-11 13:52:52,159 [Listener at 127.0.0.1/40219] INFO  handler.ContextHandler (ContextHandler.java:doStop(1153)) - Stopped o.e.j.s.ServletContextHandler@5bdc55bb{logs,/logs,file:///home/runner/work/ozone/ozone/hadoop-ozone/integration-test/target/log,STOPPED}
2022-06-11 13:52:52,159 [ForkJoinPool.commonPool-worker-1] INFO  server.session (HouseKeeper.java:stopScavenging(149)) - node0 Stopped scavenging
2022-06-11 13:52:52,161 [ForkJoinPool.commonPool-worker-1] INFO  handler.ContextHandler (ContextHandler.java:doStop(1153)) - Stopped o.e.j.s.ServletContextHandler@6328339f{static,/static,jar:file:/home/runner/.m2/repository/org/apache/ozone/hdds-container-service/1.3.0-SNAPSHOT/hdds-container-service-1.3.0-SNAPSHOT.jar!/webapps/static,STOPPED}
2022-06-11 13:52:52,162 [ForkJoinPool.commonPool-worker-1] INFO  handler.ContextHandler (ContextHandler.java:doStop(1153)) - Stopped o.e.j.s.ServletContextHandler@1fc017d4{logs,/logs,file:///home/runner/work/ozone/ozone/hadoop-ozone/integration-test/target/log,STOPPED}
2022-06-11 13:52:52,806 [ReplicationMonitor] INFO  replication.ReplicationManager (ReplicationManager.java:processAll(249)) - Replication Monitor Thread took 0 milliseconds for processing 3 containers.
2022-06-11 13:52:53,048 [ContainerReplicationThread-0] INFO  replication.DownloadAndImportReplicator (DownloadAndImportReplicator.java:replicate(105)) - Starting replication of container 1 from [ea3eb705-49c6-47b6-816e-3ad6ae2807f4{ip: 10.1.0.23, host: fv-az395-686.zfmzfyrfkyou3ow0tsr0jxwq1e.bx.internal.cloudapp.net, ports: [REPLICATION=39065, RATIS=42799, RATIS_ADMIN=42799, RATIS_SERVER=42799, STANDALONE=38873], networkLocation: /default-rack, certSerialId: null, persistedOpState: IN_SERVICE, persistedOpStateExpiryEpochSec: 0}]
2022-06-11 13:52:53,052 [ContainerReplicationThread-1] INFO  replication.DownloadAndImportReplicator (DownloadAndImportReplicator.java:replicate(105)) - Starting replication of container 2 from [ea3eb705-49c6-47b6-816e-3ad6ae2807f4{ip: 10.1.0.23, host: fv-az395-686.zfmzfyrfkyou3ow0tsr0jxwq1e.bx.internal.cloudapp.net, ports: [REPLICATION=39065, RATIS=42799, RATIS_ADMIN=42799, RATIS_SERVER=42799, STANDALONE=38873], networkLocation: /default-rack, certSerialId: null, persistedOpState: IN_SERVICE, persistedOpStateExpiryEpochSec: 0}]
2022-06-11 13:52:53,084 [grpc-default-executor-3] INFO  replication.GrpcReplicationService (GrpcReplicationService.java:download(52)) - Streaming container data (1) to other datanode
2022-06-11 13:52:53,086 [grpc-default-executor-1] INFO  replication.GrpcReplicationService (GrpcReplicationService.java:download(52)) - Streaming container data (2) to other datanode
2022-06-11 13:52:53,090 [ContainerReplicationThread-2] INFO  replication.DownloadAndImportReplicator (DownloadAndImportReplicator.java:replicate(105)) - Starting replication of container 3 from [ea3eb705-49c6-47b6-816e-3ad6ae2807f4{ip: 10.1.0.23, host: fv-az395-686.zfmzfyrfkyou3ow0tsr0jxwq1e.bx.internal.cloudapp.net, ports: [REPLICATION=39065, RATIS=42799, RATIS_ADMIN=42799, RATIS_SERVER=42799, STANDALONE=38873], networkLocation: /default-rack, certSerialId: null, persistedOpState: IN_SERVICE, persistedOpStateExpiryEpochSec: 0}]
2022-06-11 13:52:53,111 [grpc-default-executor-0] INFO  replication.GrpcReplicationService (GrpcReplicationService.java:download(52)) - Streaming container data (3) to other datanode
2022-06-11 13:52:53,325 [grpc-default-executor-0] INFO  replication.GrpcOutputStream (GrpcOutputStream.java:close(104)) - Sent 1070406 bytes for container 3
2022-06-11 13:52:53,344 [grpc-default-executor-2] INFO  replication.GrpcReplicationClient (GrpcReplicationClient.java:onCompleted(197)) - Container 3 is downloaded to /home/runner/work/ozone/ozone/hadoop-ozone/integration-test/target/test-dir/MiniOzoneClusterImpl-239f68c3-3068-4753-adf8-1c2cb01b4c57/datanode-3/data/replication/work/container-3.tar.gz
2022-06-11 13:52:53,356 [ContainerReplicationThread-2] INFO  replication.DownloadAndImportReplicator (DownloadAndImportReplicator.java:replicate(117)) - Container 3 is downloaded with size 1070406, starting to import.
2022-06-11 13:52:53,588 [ContainerReplicationThread-2] INFO  replication.DownloadAndImportReplicator (DownloadAndImportReplicator.java:replicate(122)) - Container 3 is replicated successfully
2022-06-11 13:52:53,589 [ContainerReplicationThread-2] INFO  replication.ReplicationSupervisor (ReplicationSupervisor.java:run(176)) - Container 3 is replicated.
2022-06-11 13:52:53,807 [ReplicationMonitor] INFO  replication.ReplicationManager (ReplicationManager.java:processAll(249)) - Replication Monitor Thread took 1 milliseconds for processing 3 containers.
2022-06-11 13:52:54,006 [grpc-default-executor-1] INFO  replication.GrpcOutputStream (GrpcOutputStream.java:close(104)) - Sent 8412767 bytes for container 2
2022-06-11 13:52:54,018 [grpc-default-executor-4] INFO  replication.GrpcReplicationClient (GrpcReplicationClient.java:onCompleted(197)) - Container 2 is downloaded to /home/runner/work/ozone/ozone/hadoop-ozone/integration-test/target/test-dir/MiniOzoneClusterImpl-239f68c3-3068-4753-adf8-1c2cb01b4c57/datanode-3/data/replication/work/container-2.tar.gz
2022-06-11 13:52:54,024 [ContainerReplicationThread-1] INFO  replication.DownloadAndImportReplicator (DownloadAndImportReplicator.java:replicate(117)) - Container 2 is downloaded with size 8412767, starting to import.
2022-06-11 13:52:54,159 [ContainerReplicationThread-1] INFO  replication.DownloadAndImportReplicator (DownloadAndImportReplicator.java:replicate(122)) - Container 2 is replicated successfully
2022-06-11 13:52:54,159 [ContainerReplicationThread-1] INFO  replication.ReplicationSupervisor (ReplicationSupervisor.java:run(176)) - Container 2 is replicated.
2022-06-11 13:52:54,242 [grpc-default-executor-3] INFO  replication.GrpcOutputStream (GrpcOutputStream.java:close(104)) - Sent 9462652 bytes for container 1
2022-06-11 13:52:54,244 [grpc-default-executor-4] INFO  replication.GrpcReplicationClient (GrpcReplicationClient.java:onCompleted(197)) - Container 1 is downloaded to /home/runner/work/ozone/ozone/hadoop-ozone/integration-test/target/test-dir/MiniOzoneClusterImpl-239f68c3-3068-4753-adf8-1c2cb01b4c57/datanode-3/data/replication/work/container-1.tar.gz
2022-06-11 13:52:54,245 [ContainerReplicationThread-0] INFO  replication.DownloadAndImportReplicator (DownloadAndImportReplicator.java:replicate(117)) - Container 1 is downloaded with size 9462652, starting to import.
2022-06-11 13:52:54,328 [EventQueue-StaleNodeForStaleNodeHandler] INFO  node.StaleNodeHandler (StaleNodeHandler.java:onMessage(58)) - Datanode ff2200df-c480-449e-9c09-7fcb33586f76{ip: 10.1.0.23, host: fv-az395-686.zfmzfyrfkyou3ow0tsr0jxwq1e.bx.internal.cloudapp.net, ports: [REPLICATION=41325, RATIS=40997, RATIS_ADMIN=40997, RATIS_SERVER=40997, STANDALONE=41257], networkLocation: /default-rack, certSerialId: null, persistedOpState: IN_SERVICE, persistedOpStateExpiryEpochSec: 0} moved to stale state. Finalizing its pipelines [PipelineID=1169bc70-b00d-42fc-b248-5a989687386a]
2022-06-11 13:52:54,329 [EventQueue-StaleNodeForStaleNodeHandler] INFO  pipeline.PipelineManagerImpl (PipelineManagerImpl.java:closePipeline(430)) - Pipeline Pipeline[ Id: 1169bc70-b00d-42fc-b248-5a989687386a, Nodes: ff2200df-c480-449e-9c09-7fcb33586f76{ip: 10.1.0.23, host: fv-az395-686.zfmzfyrfkyou3ow0tsr0jxwq1e.bx.internal.cloudapp.net, ports: [REPLICATION=41325, RATIS=40997, RATIS_ADMIN=40997, RATIS_SERVER=40997, STANDALONE=41257], networkLocation: /default-rack, certSerialId: null, persistedOpState: IN_SERVICE, persistedOpStateExpiryEpochSec: 0}, ReplicationConfig: RATIS/ONE, State:OPEN, leaderId:ff2200df-c480-449e-9c09-7fcb33586f76, CreationTimestamp2022-06-11T13:52:11.191Z[Etc/UTC]] moved to CLOSED state
2022-06-11 13:52:54,415 [ContainerReplicationThread-0] INFO  replication.DownloadAndImportReplicator (DownloadAndImportReplicator.java:replicate(122)) - Container 1 is replicated successfully
2022-06-11 13:52:54,416 [ContainerReplicationThread-0] INFO  replication.ReplicationSupervisor (ReplicationSupervisor.java:run(176)) - Container 1 is replicated.
2022-06-11 13:52:54,529 [EventQueue-StaleNodeForStaleNodeHandler] INFO  node.StaleNodeHandler (StaleNodeHandler.java:onMessage(58)) - Datanode ea3eb705-49c6-47b6-816e-3ad6ae2807f4{ip: 10.1.0.23, host: fv-az395-686.zfmzfyrfkyou3ow0tsr0jxwq1e.bx.internal.cloudapp.net, ports: [REPLICATION=39065, RATIS=42799, RATIS_ADMIN=42799, RATIS_SERVER=42799, STANDALONE=38873], networkLocation: /default-rack, certSerialId: null, persistedOpState: IN_SERVICE, persistedOpStateExpiryEpochSec: 0} moved to stale state. Finalizing its pipelines [PipelineID=f3fb6199-eb48-4966-a4ac-bd99f308e032]
2022-06-11 13:52:54,531 [EventQueue-StaleNodeForStaleNodeHandler] INFO  pipeline.PipelineManagerImpl (PipelineManagerImpl.java:closePipeline(430)) - Pipeline Pipeline[ Id: f3fb6199-eb48-4966-a4ac-bd99f308e032, Nodes: ea3eb705-49c6-47b6-816e-3ad6ae2807f4{ip: 10.1.0.23, host: fv-az395-686.zfmzfyrfkyou3ow0tsr0jxwq1e.bx.internal.cloudapp.net, ports: [REPLICATION=39065, RATIS=42799, RATIS_ADMIN=42799, RATIS_SERVER=42799, STANDALONE=38873], networkLocation: /default-rack, certSerialId: null, persistedOpState: IN_SERVICE, persistedOpStateExpiryEpochSec: 0}, ReplicationConfig: RATIS/ONE, State:OPEN, leaderId:ea3eb705-49c6-47b6-816e-3ad6ae2807f4, CreationTimestamp2022-06-11T13:52:09.681Z[Etc/UTC]] moved to CLOSED state
2022-06-11 13:52:54,807 [ReplicationMonitor] ERROR scm.SCMCommonPlacementPolicy (SCMCommonPlacementPolicy.java:chooseDatanodes(141)) - No healthy node found to allocate container.
2022-06-11 13:52:54,808 [ReplicationMonitor] WARN  replication.LegacyReplicationManager (LegacyReplicationManager.java:handleUnderReplicatedContainer(1125)) - Exception while replicating container 1.
org.apache.hadoop.hdds.scm.exceptions.SCMException: No healthy node found to allocate container.
	at org.apache.hadoop.hdds.scm.SCMCommonPlacementPolicy.chooseDatanodes(SCMCommonPlacementPolicy.java:142)
	at org.apache.hadoop.hdds.scm.container.placement.algorithms.SCMContainerPlacementRandom.chooseDatanodes(SCMContainerPlacementRandom.java:78)
	at org.apache.hadoop.hdds.scm.container.replication.LegacyReplicationManager.handleUnderReplicatedContainer(LegacyReplicationManager.java:1089)
	at org.apache.hadoop.hdds.scm.container.replication.LegacyReplicationManager.processContainer(LegacyReplicationManager.java:430)
	at org.apache.hadoop.hdds.scm.container.replication.ReplicationManager.processAll(ReplicationManager.java:244)
	at org.apache.hadoop.hdds.scm.container.replication.ReplicationManager.run(ReplicationManager.java:265)
	at java.lang.Thread.run(Thread.java:750)
2022-06-11 13:52:54,810 [ReplicationMonitor] ERROR scm.SCMCommonPlacementPolicy (SCMCommonPlacementPolicy.java:chooseDatanodes(141)) - No healthy node found to allocate container.
2022-06-11 13:52:54,810 [ReplicationMonitor] WARN  replication.LegacyReplicationManager (LegacyReplicationManager.java:handleUnderReplicatedContainer(1125)) - Exception while replicating container 2.
org.apache.hadoop.hdds.scm.exceptions.SCMException: No healthy node found to allocate container.
	at org.apache.hadoop.hdds.scm.SCMCommonPlacementPolicy.chooseDatanodes(SCMCommonPlacementPolicy.java:142)
	at org.apache.hadoop.hdds.scm.container.placement.algorithms.SCMContainerPlacementRandom.chooseDatanodes(SCMContainerPlacementRandom.java:78)
	at org.apache.hadoop.hdds.scm.container.replication.LegacyReplicationManager.handleUnderReplicatedContainer(LegacyReplicationManager.java:1089)
	at org.apache.hadoop.hdds.scm.container.replication.LegacyReplicationManager.processContainer(LegacyReplicationManager.java:430)
	at org.apache.hadoop.hdds.scm.container.replication.ReplicationManager.processAll(ReplicationManager.java:244)
	at org.apache.hadoop.hdds.scm.container.replication.ReplicationManager.run(ReplicationManager.java:265)
	at java.lang.Thread.run(Thread.java:750)
2022-06-11 13:52:54,810 [ReplicationMonitor] ERROR scm.SCMCommonPlacementPolicy (SCMCommonPlacementPolicy.java:chooseDatanodes(141)) - No healthy node found to allocate container.
2022-06-11 13:52:54,810 [ReplicationMonitor] WARN  replication.LegacyReplicationManager (LegacyReplicationManager.java:handleUnderReplicatedContainer(1125)) - Exception while replicating container 3.
org.apache.hadoop.hdds.scm.exceptions.SCMException: No healthy node found to allocate container.
	at org.apache.hadoop.hdds.scm.SCMCommonPlacementPolicy.chooseDatanodes(SCMCommonPlacementPolicy.java:142)
	at org.apache.hadoop.hdds.scm.container.placement.algorithms.SCMContainerPlacementRandom.chooseDatanodes(SCMContainerPlacementRandom.java:78)
	at org.apache.hadoop.hdds.scm.container.replication.LegacyReplicationManager.handleUnderReplicatedContainer(LegacyReplicationManager.java:1089)
	at org.apache.hadoop.hdds.scm.container.replication.LegacyReplicationManager.processContainer(LegacyReplicationManager.java:430)
	at org.apache.hadoop.hdds.scm.container.replication.ReplicationManager.processAll(ReplicationManager.java:244)
	at org.apache.hadoop.hdds.scm.container.replication.ReplicationManager.run(ReplicationManager.java:265)
	at java.lang.Thread.run(Thread.java:750)
2022-06-11 13:52:54,810 [ReplicationMonitor] INFO  replication.ReplicationManager (ReplicationManager.java:processAll(249)) - Replication Monitor Thread took 4 milliseconds for processing 3 containers.
2022-06-11 13:52:55,811 [ReplicationMonitor] ERROR scm.SCMCommonPlacementPolicy (SCMCommonPlacementPolicy.java:chooseDatanodes(141)) - No healthy node found to allocate container.
2022-06-11 13:52:55,811 [ReplicationMonitor] WARN  replication.LegacyReplicationManager (LegacyReplicationManager.java:handleUnderReplicatedContainer(1125)) - Exception while replicating container 1.
org.apache.hadoop.hdds.scm.exceptions.SCMException: No healthy node found to allocate container.
	at org.apache.hadoop.hdds.scm.SCMCommonPlacementPolicy.chooseDatanodes(SCMCommonPlacementPolicy.java:142)
	at org.apache.hadoop.hdds.scm.container.placement.algorithms.SCMContainerPlacementRandom.chooseDatanodes(SCMContainerPlacementRandom.java:78)
	at org.apache.hadoop.hdds.scm.container.replication.LegacyReplicationManager.handleUnderReplicatedContainer(LegacyReplicationManager.java:1089)
	at org.apache.hadoop.hdds.scm.container.replication.LegacyReplicationManager.processContainer(LegacyReplicationManager.java:430)
	at org.apache.hadoop.hdds.scm.container.replication.ReplicationManager.processAll(ReplicationManager.java:244)
	at org.apache.hadoop.hdds.scm.container.replication.ReplicationManager.run(ReplicationManager.java:265)
	at java.lang.Thread.run(Thread.java:750)
2022-06-11 13:52:55,812 [ReplicationMonitor] ERROR scm.SCMCommonPlacementPolicy (SCMCommonPlacementPolicy.java:chooseDatanodes(141)) - No healthy node found to allocate container.
2022-06-11 13:52:55,812 [ReplicationMonitor] WARN  replication.LegacyReplicationManager (LegacyReplicationManager.java:handleUnderReplicatedContainer(1125)) - Exception while replicating container 2.
org.apache.hadoop.hdds.scm.exceptions.SCMException: No healthy node found to allocate container.
	at org.apache.hadoop.hdds.scm.SCMCommonPlacementPolicy.chooseDatanodes(SCMCommonPlacementPolicy.java:142)
	at org.apache.hadoop.hdds.scm.container.placement.algorithms.SCMContainerPlacementRandom.chooseDatanodes(SCMContainerPlacementRandom.java:78)
	at org.apache.hadoop.hdds.scm.container.replication.LegacyReplicationManager.handleUnderReplicatedContainer(LegacyReplicationManager.java:1089)
	at org.apache.hadoop.hdds.scm.container.replication.LegacyReplicationManager.processContainer(LegacyReplicationManager.java:430)
	at org.apache.hadoop.hdds.scm.container.replication.ReplicationManager.processAll(ReplicationManager.java:244)
	at org.apache.hadoop.hdds.scm.container.replication.ReplicationManager.run(ReplicationManager.java:265)
	at java.lang.Thread.run(Thread.java:750)
2022-06-11 13:52:55,812 [ReplicationMonitor] ERROR scm.SCMCommonPlacementPolicy (SCMCommonPlacementPolicy.java:chooseDatanodes(141)) - No healthy node found to allocate container.
2022-06-11 13:52:55,812 [ReplicationMonitor] WARN  replication.LegacyReplicationManager (LegacyReplicationManager.java:handleUnderReplicatedContainer(1125)) - Exception while replicating container 3.
org.apache.hadoop.hdds.scm.exceptions.SCMException: No healthy node found to allocate container.
	at org.apache.hadoop.hdds.scm.SCMCommonPlacementPolicy.chooseDatanodes(SCMCommonPlacementPolicy.java:142)
	at org.apache.hadoop.hdds.scm.container.placement.algorithms.SCMContainerPlacementRandom.chooseDatanodes(SCMContainerPlacementRandom.java:78)
	at org.apache.hadoop.hdds.scm.container.replication.LegacyReplicationManager.handleUnderReplicatedContainer(LegacyReplicationManager.java:1089)
	at org.apache.hadoop.hdds.scm.container.replication.LegacyReplicationManager.processContainer(LegacyReplicationManager.java:430)
	at org.apache.hadoop.hdds.scm.container.replication.ReplicationManager.processAll(ReplicationManager.java:244)
	at org.apache.hadoop.hdds.scm.container.replication.ReplicationManager.run(ReplicationManager.java:265)
	at java.lang.Thread.run(Thread.java:750)
2022-06-11 13:52:55,812 [ReplicationMonitor] INFO  replication.ReplicationManager (ReplicationManager.java:processAll(249)) - Replication Monitor Thread took 2 milliseconds for processing 3 containers.
2022-06-11 13:52:56,813 [ReplicationMonitor] ERROR scm.SCMCommonPlacementPolicy (SCMCommonPlacementPolicy.java:chooseDatanodes(141)) - No healthy node found to allocate container.
2022-06-11 13:52:56,813 [ReplicationMonitor] WARN  replication.LegacyReplicationManager (LegacyReplicationManager.java:handleUnderReplicatedContainer(1125)) - Exception while replicating container 1.
org.apache.hadoop.hdds.scm.exceptions.SCMException: No healthy node found to allocate container.
	at org.apache.hadoop.hdds.scm.SCMCommonPlacementPolicy.chooseDatanodes(SCMCommonPlacementPolicy.java:142)
	at org.apache.hadoop.hdds.scm.container.placement.algorithms.SCMContainerPlacementRandom.chooseDatanodes(SCMContainerPlacementRandom.java:78)
	at org.apache.hadoop.hdds.scm.container.replication.LegacyReplicationManager.handleUnderReplicatedContainer(LegacyReplicationManager.java:1089)
	at org.apache.hadoop.hdds.scm.container.replication.LegacyReplicationManager.processContainer(LegacyReplicationManager.java:430)
	at org.apache.hadoop.hdds.scm.container.replication.ReplicationManager.processAll(ReplicationManager.java:244)
	at org.apache.hadoop.hdds.scm.container.replication.ReplicationManager.run(ReplicationManager.java:265)
	at java.lang.Thread.run(Thread.java:750)
2022-06-11 13:52:56,813 [ReplicationMonitor] ERROR scm.SCMCommonPlacementPolicy (SCMCommonPlacementPolicy.java:chooseDatanodes(141)) - No healthy node found to allocate container.
2022-06-11 13:52:56,813 [ReplicationMonitor] WARN  replication.LegacyReplicationManager (LegacyReplicationManager.java:handleUnderReplicatedContainer(1125)) - Exception while replicating container 2.
org.apache.hadoop.hdds.scm.exceptions.SCMException: No healthy node found to allocate container.
	at org.apache.hadoop.hdds.scm.SCMCommonPlacementPolicy.chooseDatanodes(SCMCommonPlacementPolicy.java:142)
	at org.apache.hadoop.hdds.scm.container.placement.algorithms.SCMContainerPlacementRandom.chooseDatanodes(SCMContainerPlacementRandom.java:78)
	at org.apache.hadoop.hdds.scm.container.replication.LegacyReplicationManager.handleUnderReplicatedContainer(LegacyReplicationManager.java:1089)
	at org.apache.hadoop.hdds.scm.container.replication.LegacyReplicationManager.processContainer(LegacyReplicationManager.java:430)
	at org.apache.hadoop.hdds.scm.container.replication.ReplicationManager.processAll(ReplicationManager.java:244)
	at org.apache.hadoop.hdds.scm.container.replication.ReplicationManager.run(ReplicationManager.java:265)
	at java.lang.Thread.run(Thread.java:750)
2022-06-11 13:52:56,814 [ReplicationMonitor] ERROR scm.SCMCommonPlacementPolicy (SCMCommonPlacementPolicy.java:chooseDatanodes(141)) - No healthy node found to allocate container.
2022-06-11 13:52:56,814 [ReplicationMonitor] WARN  replication.LegacyReplicationManager (LegacyReplicationManager.java:handleUnderReplicatedContainer(1125)) - Exception while replicating container 3.
org.apache.hadoop.hdds.scm.exceptions.SCMException: No healthy node found to allocate container.
	at org.apache.hadoop.hdds.scm.SCMCommonPlacementPolicy.chooseDatanodes(SCMCommonPlacementPolicy.java:142)
	at org.apache.hadoop.hdds.scm.container.placement.algorithms.SCMContainerPlacementRandom.chooseDatanodes(SCMContainerPlacementRandom.java:78)
	at org.apache.hadoop.hdds.scm.container.replication.LegacyReplicationManager.handleUnderReplicatedContainer(LegacyReplicationManager.java:1089)
	at org.apache.hadoop.hdds.scm.container.replication.LegacyReplicationManager.processContainer(LegacyReplicationManager.java:430)
	at org.apache.hadoop.hdds.scm.container.replication.ReplicationManager.processAll(ReplicationManager.java:244)
	at org.apache.hadoop.hdds.scm.container.replication.ReplicationManager.run(ReplicationManager.java:265)
	at java.lang.Thread.run(Thread.java:750)
2022-06-11 13:52:56,814 [ReplicationMonitor] INFO  replication.ReplicationManager (ReplicationManager.java:processAll(249)) - Replication Monitor Thread took 1 milliseconds for processing 3 containers.
2022-06-11 13:52:57,165 [Listener at 127.0.0.1/40219] INFO  ozoneimpl.OzoneContainer (OzoneContainer.java:stop(365)) - Attempting to stop container services.
2022-06-11 13:52:57,166 [ForkJoinPool.commonPool-worker-1] INFO  ozoneimpl.OzoneContainer (OzoneContainer.java:stop(365)) - Attempting to stop container services.
2022-06-11 13:52:57,166 [Listener at 127.0.0.1/40219] INFO  server.RaftServer (RaftServerProxy.java:lambda$close$7(398)) - ff2200df-c480-449e-9c09-7fcb33586f76: close
2022-06-11 13:52:57,166 [Listener at 127.0.0.1/40219] INFO  server.RaftServer$Division (RaftServerImpl.java:lambda$close$4(434)) - ff2200df-c480-449e-9c09-7fcb33586f76@group-5A989687386A: shutdown
2022-06-11 13:52:57,166 [Listener at 127.0.0.1/40219] INFO  util.JmxRegister (JmxRegister.java:unregister(73)) - Successfully un-registered JMX Bean with object name Ratis:service=RaftServer,group=group-5A989687386A,id=ff2200df-c480-449e-9c09-7fcb33586f76
2022-06-11 13:52:57,166 [Listener at 127.0.0.1/40219] INFO  impl.RoleInfo (RoleInfo.java:shutdownLeaderState(93)) - ff2200df-c480-449e-9c09-7fcb33586f76: shutdown ff2200df-c480-449e-9c09-7fcb33586f76@group-5A989687386A-LeaderStateImpl
2022-06-11 13:52:57,167 [Listener at 127.0.0.1/40219] INFO  impl.PendingRequests (PendingRequests.java:sendNotLeaderResponses(282)) - ff2200df-c480-449e-9c09-7fcb33586f76@group-5A989687386A-PendingRequests: sendNotLeaderResponses
2022-06-11 13:52:57,167 [Listener at 127.0.0.1/40219] INFO  impl.StateMachineUpdater (StateMachineUpdater.java:stopAndJoin(153)) - ff2200df-c480-449e-9c09-7fcb33586f76@group-5A989687386A-StateMachineUpdater: set stopIndex = 0
2022-06-11 13:52:57,168 [ff2200df-c480-449e-9c09-7fcb33586f76@group-5A989687386A-StateMachineUpdater] INFO  ratis.ContainerStateMachine (ContainerStateMachine.java:takeSnapshot(304)) - group-5A989687386A: Taking a snapshot at:(t:1, i:0) file /home/runner/work/ozone/ozone/hadoop-ozone/integration-test/target/test-dir/MiniOzoneClusterImpl-239f68c3-3068-4753-adf8-1c2cb01b4c57/datanode-4/data/ratis/1169bc70-b00d-42fc-b248-5a989687386a/sm/snapshot.1_0
2022-06-11 13:52:57,169 [ff2200df-c480-449e-9c09-7fcb33586f76@group-5A989687386A-StateMachineUpdater] INFO  ratis.ContainerStateMachine (ContainerStateMachine.java:takeSnapshot(315)) - group-5A989687386A: Finished taking a snapshot at:(t:1, i:0) file:/home/runner/work/ozone/ozone/hadoop-ozone/integration-test/target/test-dir/MiniOzoneClusterImpl-239f68c3-3068-4753-adf8-1c2cb01b4c57/datanode-4/data/ratis/1169bc70-b00d-42fc-b248-5a989687386a/sm/snapshot.1_0 took: 1 ms
2022-06-11 13:52:57,169 [ff2200df-c480-449e-9c09-7fcb33586f76@group-5A989687386A-StateMachineUpdater] INFO  impl.StateMachineUpdater (StateMachineUpdater.java:takeSnapshot(287)) - ff2200df-c480-449e-9c09-7fcb33586f76@group-5A989687386A-StateMachineUpdater: Took a snapshot at index 0
2022-06-11 13:52:57,169 [ff2200df-c480-449e-9c09-7fcb33586f76@group-5A989687386A-StateMachineUpdater] INFO  impl.StateMachineUpdater (StateMachineUpdater.java:lambda$new$0(92)) - ff2200df-c480-449e-9c09-7fcb33586f76@group-5A989687386A-StateMachineUpdater: snapshotIndex: updateIncreasingly -1 -> 0
2022-06-11 13:52:57,169 [Listener at 127.0.0.1/40219] INFO  server.RaftServer$Division (ServerState.java:close(429)) - ff2200df-c480-449e-9c09-7fcb33586f76@group-5A989687386A: closes. applyIndex: 0
2022-06-11 13:52:57,169 [ForkJoinPool.commonPool-worker-1] INFO  server.RaftServer (RaftServerProxy.java:lambda$close$7(398)) - ea3eb705-49c6-47b6-816e-3ad6ae2807f4: close
2022-06-11 13:52:57,170 [ForkJoinPool.commonPool-worker-1] INFO  server.RaftServer$Division (RaftServerImpl.java:lambda$close$4(434)) - ea3eb705-49c6-47b6-816e-3ad6ae2807f4@group-BD99F308E032: shutdown
2022-06-11 13:52:57,170 [ForkJoinPool.commonPool-worker-1] INFO  util.JmxRegister (JmxRegister.java:unregister(73)) - Successfully un-registered JMX Bean with object name Ratis:service=RaftServer,group=group-BD99F308E032,id=ea3eb705-49c6-47b6-816e-3ad6ae2807f4
2022-06-11 13:52:57,170 [ForkJoinPool.commonPool-worker-1] INFO  impl.RoleInfo (RoleInfo.java:shutdownLeaderState(93)) - ea3eb705-49c6-47b6-816e-3ad6ae2807f4: shutdown ea3eb705-49c6-47b6-816e-3ad6ae2807f4@group-BD99F308E032-LeaderStateImpl
2022-06-11 13:52:57,170 [ForkJoinPool.commonPool-worker-1] INFO  impl.PendingRequests (PendingRequests.java:sendNotLeaderResponses(282)) - ea3eb705-49c6-47b6-816e-3ad6ae2807f4@group-BD99F308E032-PendingRequests: sendNotLeaderResponses
2022-06-11 13:52:57,171 [ForkJoinPool.commonPool-worker-1] INFO  impl.StateMachineUpdater (StateMachineUpdater.java:stopAndJoin(153)) - ea3eb705-49c6-47b6-816e-3ad6ae2807f4@group-BD99F308E032-StateMachineUpdater: set stopIndex = 0
2022-06-11 13:52:57,170 [ff2200df-c480-449e-9c09-7fcb33586f76@group-5A989687386A-SegmentedRaftLogWorker] INFO  segmented.SegmentedRaftLogWorker (SegmentedRaftLogWorker.java:run(336)) - ff2200df-c480-449e-9c09-7fcb33586f76@group-5A989687386A-SegmentedRaftLogWorker was interrupted, exiting. There are 0 tasks remaining in the queue.
2022-06-11 13:52:57,171 [ea3eb705-49c6-47b6-816e-3ad6ae2807f4@group-BD99F308E032-StateMachineUpdater] INFO  ratis.ContainerStateMachine (ContainerStateMachine.java:takeSnapshot(304)) - group-BD99F308E032: Taking a snapshot at:(t:1, i:0) file /home/runner/work/ozone/ozone/hadoop-ozone/integration-test/target/test-dir/MiniOzoneClusterImpl-239f68c3-3068-4753-adf8-1c2cb01b4c57/datanode-0/data/ratis/f3fb6199-eb48-4966-a4ac-bd99f308e032/sm/snapshot.1_0
2022-06-11 13:52:57,171 [Listener at 127.0.0.1/40219] INFO  segmented.SegmentedRaftLogWorker (SegmentedRaftLogWorker.java:close(246)) - ff2200df-c480-449e-9c09-7fcb33586f76@group-5A989687386A-SegmentedRaftLogWorker close()
2022-06-11 13:52:57,172 [Listener at 127.0.0.1/40219] INFO  server.GrpcService (GrpcService.java:closeImpl(269)) - ff2200df-c480-449e-9c09-7fcb33586f76: shutdown server with port 40997 now
2022-06-11 13:52:57,173 [Listener at 127.0.0.1/40219] INFO  server.GrpcService (GrpcService.java:closeImpl(278)) - ff2200df-c480-449e-9c09-7fcb33586f76: shutdown server with port 40997 successfully
2022-06-11 13:52:57,173 [org.apache.ratis.util.JvmPauseMonitor$$Lambda$627/1387949628@15cca12c] INFO  util.JvmPauseMonitor (JvmPauseMonitor.java:run(109)) - JvmPauseMonitor-ff2200df-c480-449e-9c09-7fcb33586f76: Stopped
2022-06-11 13:52:57,174 [ea3eb705-49c6-47b6-816e-3ad6ae2807f4@group-BD99F308E032-StateMachineUpdater] INFO  ratis.ContainerStateMachine (ContainerStateMachine.java:takeSnapshot(315)) - group-BD99F308E032: Finished taking a snapshot at:(t:1, i:0) file:/home/runner/work/ozone/ozone/hadoop-ozone/integration-test/target/test-dir/MiniOzoneClusterImpl-239f68c3-3068-4753-adf8-1c2cb01b4c57/datanode-0/data/ratis/f3fb6199-eb48-4966-a4ac-bd99f308e032/sm/snapshot.1_0 took: 4 ms
2022-06-11 13:52:57,174 [ea3eb705-49c6-47b6-816e-3ad6ae2807f4@group-BD99F308E032-StateMachineUpdater] INFO  impl.StateMachineUpdater (StateMachineUpdater.java:takeSnapshot(287)) - ea3eb705-49c6-47b6-816e-3ad6ae2807f4@group-BD99F308E032-StateMachineUpdater: Took a snapshot at index 0
2022-06-11 13:52:57,175 [ea3eb705-49c6-47b6-816e-3ad6ae2807f4@group-BD99F308E032-StateMachineUpdater] INFO  impl.StateMachineUpdater (StateMachineUpdater.java:lambda$new$0(92)) - ea3eb705-49c6-47b6-816e-3ad6ae2807f4@group-BD99F308E032-StateMachineUpdater: snapshotIndex: updateIncreasingly -1 -> 0
2022-06-11 13:52:57,175 [ForkJoinPool.commonPool-worker-1] INFO  server.RaftServer$Division (ServerState.java:close(429)) - ea3eb705-49c6-47b6-816e-3ad6ae2807f4@group-BD99F308E032: closes. applyIndex: 0
2022-06-11 13:52:57,175 [ea3eb705-49c6-47b6-816e-3ad6ae2807f4@group-BD99F308E032-SegmentedRaftLogWorker] INFO  segmented.SegmentedRaftLogWorker (SegmentedRaftLogWorker.java:run(336)) - ea3eb705-49c6-47b6-816e-3ad6ae2807f4@group-BD99F308E032-SegmentedRaftLogWorker was interrupted, exiting. There are 0 tasks remaining in the queue.
2022-06-11 13:52:57,175 [ForkJoinPool.commonPool-worker-1] INFO  segmented.SegmentedRaftLogWorker (SegmentedRaftLogWorker.java:close(246)) - ea3eb705-49c6-47b6-816e-3ad6ae2807f4@group-BD99F308E032-SegmentedRaftLogWorker close()
2022-06-11 13:52:57,176 [ForkJoinPool.commonPool-worker-1] INFO  server.GrpcService (GrpcService.java:closeImpl(269)) - ea3eb705-49c6-47b6-816e-3ad6ae2807f4: shutdown server with port 42799 now
2022-06-11 13:52:57,178 [ForkJoinPool.commonPool-worker-1] INFO  server.GrpcService (GrpcService.java:closeImpl(278)) - ea3eb705-49c6-47b6-816e-3ad6ae2807f4: shutdown server with port 42799 successfully
2022-06-11 13:52:57,178 [org.apache.ratis.util.JvmPauseMonitor$$Lambda$627/1387949628@7dd68298] INFO  util.JvmPauseMonitor (JvmPauseMonitor.java:run(109)) - JvmPauseMonitor-ea3eb705-49c6-47b6-816e-3ad6ae2807f4: Stopped
2022-06-11 13:52:57,333 [EventQueue-DeadNodeForDeadNodeHandler] INFO  node.DeadNodeHandler (DeadNodeHandler.java:onMessage(80)) - A dead datanode is detected. ff2200df-c480-449e-9c09-7fcb33586f76{ip: 10.1.0.23, host: fv-az395-686.zfmzfyrfkyou3ow0tsr0jxwq1e.bx.internal.cloudapp.net, ports: [REPLICATION=41325, RATIS=40997, RATIS_ADMIN=40997, RATIS_SERVER=40997, STANDALONE=41257], networkLocation: /default-rack, certSerialId: null, persistedOpState: IN_SERVICE, persistedOpStateExpiryEpochSec: 0}
2022-06-11 13:52:57,334 [EventQueue-DeadNodeForDeadNodeHandler] INFO  pipeline.RatisPipelineProvider (RatisPipelineProvider.java:lambda$close$1(244)) - Send pipeline:PipelineID=1169bc70-b00d-42fc-b248-5a989687386a close command to datanode ff2200df-c480-449e-9c09-7fcb33586f76
2022-06-11 13:52:57,334 [EventQueue-DeadNodeForDeadNodeHandler] INFO  pipeline.PipelineStateManagerImpl (PipelineStateManagerImpl.java:removePipeline(243)) - Pipeline Pipeline[ Id: 1169bc70-b00d-42fc-b248-5a989687386a, Nodes: ff2200df-c480-449e-9c09-7fcb33586f76{ip: 10.1.0.23, host: fv-az395-686.zfmzfyrfkyou3ow0tsr0jxwq1e.bx.internal.cloudapp.net, ports: [REPLICATION=41325, RATIS=40997, RATIS_ADMIN=40997, RATIS_SERVER=40997, STANDALONE=41257], networkLocation: /default-rack, certSerialId: null, persistedOpState: IN_SERVICE, persistedOpStateExpiryEpochSec: 0}, ReplicationConfig: RATIS/ONE, State:CLOSED, leaderId:ff2200df-c480-449e-9c09-7fcb33586f76, CreationTimestamp2022-06-11T13:52:11.191Z[Etc/UTC]] removed.
2022-06-11 13:52:57,334 [EventQueue-DeadNodeForDeadNodeHandler] INFO  net.NetworkTopologyImpl (NetworkTopologyImpl.java:remove(137)) - Removed a node: /default-rack/ff2200df-c480-449e-9c09-7fcb33586f76
2022-06-11 13:52:57,534 [EventQueue-DeadNodeForDeadNodeHandler] INFO  node.DeadNodeHandler (DeadNodeHandler.java:onMessage(80)) - A dead datanode is detected. ea3eb705-49c6-47b6-816e-3ad6ae2807f4{ip: 10.1.0.23, host: fv-az395-686.zfmzfyrfkyou3ow0tsr0jxwq1e.bx.internal.cloudapp.net, ports: [REPLICATION=39065, RATIS=42799, RATIS_ADMIN=42799, RATIS_SERVER=42799, STANDALONE=38873], networkLocation: /default-rack, certSerialId: null, persistedOpState: IN_SERVICE, persistedOpStateExpiryEpochSec: 0}
2022-06-11 13:52:57,534 [EventQueue-DeadNodeForDeadNodeHandler] INFO  pipeline.RatisPipelineProvider (RatisPipelineProvider.java:lambda$close$1(244)) - Send pipeline:PipelineID=f3fb6199-eb48-4966-a4ac-bd99f308e032 close command to datanode ea3eb705-49c6-47b6-816e-3ad6ae2807f4
2022-06-11 13:52:57,534 [EventQueue-DeadNodeForDeadNodeHandler] INFO  pipeline.PipelineStateManagerImpl (PipelineStateManagerImpl.java:removePipeline(243)) - Pipeline Pipeline[ Id: f3fb6199-eb48-4966-a4ac-bd99f308e032, Nodes: ea3eb705-49c6-47b6-816e-3ad6ae2807f4{ip: 10.1.0.23, host: fv-az395-686.zfmzfyrfkyou3ow0tsr0jxwq1e.bx.internal.cloudapp.net, ports: [REPLICATION=39065, RATIS=42799, RATIS_ADMIN=42799, RATIS_SERVER=42799, STANDALONE=38873], networkLocation: /default-rack, certSerialId: null, persistedOpState: IN_SERVICE, persistedOpStateExpiryEpochSec: 0}, ReplicationConfig: RATIS/ONE, State:CLOSED, leaderId:ea3eb705-49c6-47b6-816e-3ad6ae2807f4, CreationTimestamp2022-06-11T13:52:09.681Z[Etc/UTC]] removed.
2022-06-11 13:52:57,535 [EventQueue-DeadNodeForDeadNodeHandler] INFO  net.NetworkTopologyImpl (NetworkTopologyImpl.java:remove(137)) - Removed a node: /default-rack/ea3eb705-49c6-47b6-816e-3ad6ae2807f4
2022-06-11 13:52:57,814 [ReplicationMonitor] ERROR scm.SCMCommonPlacementPolicy (SCMCommonPlacementPolicy.java:chooseDatanodes(141)) - No healthy node found to allocate container.
2022-06-11 13:52:57,815 [ReplicationMonitor] WARN  replication.LegacyReplicationManager (LegacyReplicationManager.java:handleUnderReplicatedContainer(1125)) - Exception while replicating container 1.
org.apache.hadoop.hdds.scm.exceptions.SCMException: No healthy node found to allocate container.
	at org.apache.hadoop.hdds.scm.SCMCommonPlacementPolicy.chooseDatanodes(SCMCommonPlacementPolicy.java:142)
	at org.apache.hadoop.hdds.scm.container.placement.algorithms.SCMContainerPlacementRandom.chooseDatanodes(SCMContainerPlacementRandom.java:78)
	at org.apache.hadoop.hdds.scm.container.replication.LegacyReplicationManager.handleUnderReplicatedContainer(LegacyReplicationManager.java:1089)
	at org.apache.hadoop.hdds.scm.container.replication.LegacyReplicationManager.processContainer(LegacyReplicationManager.java:430)
	at org.apache.hadoop.hdds.scm.container.replication.ReplicationManager.processAll(ReplicationManager.java:244)
	at org.apache.hadoop.hdds.scm.container.replication.ReplicationManager.run(ReplicationManager.java:265)
	at java.lang.Thread.run(Thread.java:750)
2022-06-11 13:52:57,815 [ReplicationMonitor] ERROR scm.SCMCommonPlacementPolicy (SCMCommonPlacementPolicy.java:chooseDatanodes(141)) - No healthy node found to allocate container.
2022-06-11 13:52:57,815 [ReplicationMonitor] WARN  replication.LegacyReplicationManager (LegacyReplicationManager.java:handleUnderReplicatedContainer(1125)) - Exception while replicating container 2.
org.apache.hadoop.hdds.scm.exceptions.SCMException: No healthy node found to allocate container.
	at org.apache.hadoop.hdds.scm.SCMCommonPlacementPolicy.chooseDatanodes(SCMCommonPlacementPolicy.java:142)
	at org.apache.hadoop.hdds.scm.container.placement.algorithms.SCMContainerPlacementRandom.chooseDatanodes(SCMContainerPlacementRandom.java:78)
	at org.apache.hadoop.hdds.scm.container.replication.LegacyReplicationManager.handleUnderReplicatedContainer(LegacyReplicationManager.java:1089)
	at org.apache.hadoop.hdds.scm.container.replication.LegacyReplicationManager.processContainer(LegacyReplicationManager.java:430)
	at org.apache.hadoop.hdds.scm.container.replication.ReplicationManager.processAll(ReplicationManager.java:244)
	at org.apache.hadoop.hdds.scm.container.replication.ReplicationManager.run(ReplicationManager.java:265)
	at java.lang.Thread.run(Thread.java:750)
2022-06-11 13:52:57,815 [ReplicationMonitor] ERROR scm.SCMCommonPlacementPolicy (SCMCommonPlacementPolicy.java:chooseDatanodes(141)) - No healthy node found to allocate container.
2022-06-11 13:52:57,815 [ReplicationMonitor] WARN  replication.LegacyReplicationManager (LegacyReplicationManager.java:handleUnderReplicatedContainer(1125)) - Exception while replicating container 3.
org.apache.hadoop.hdds.scm.exceptions.SCMException: No healthy node found to allocate container.
	at org.apache.hadoop.hdds.scm.SCMCommonPlacementPolicy.chooseDatanodes(SCMCommonPlacementPolicy.java:142)
	at org.apache.hadoop.hdds.scm.container.placement.algorithms.SCMContainerPlacementRandom.chooseDatanodes(SCMContainerPlacementRandom.java:78)
	at org.apache.hadoop.hdds.scm.container.replication.LegacyReplicationManager.handleUnderReplicatedContainer(LegacyReplicationManager.java:1089)
	at org.apache.hadoop.hdds.scm.container.replication.LegacyReplicationManager.processContainer(LegacyReplicationManager.java:430)
	at org.apache.hadoop.hdds.scm.container.replication.ReplicationManager.processAll(ReplicationManager.java:244)
	at org.apache.hadoop.hdds.scm.container.replication.ReplicationManager.run(ReplicationManager.java:265)
	at java.lang.Thread.run(Thread.java:750)
2022-06-11 13:52:57,815 [ReplicationMonitor] INFO  replication.ReplicationManager (ReplicationManager.java:processAll(249)) - Replication Monitor Thread took 1 milliseconds for processing 3 containers.
2022-06-11 13:52:58,816 [ReplicationMonitor] ERROR scm.SCMCommonPlacementPolicy (SCMCommonPlacementPolicy.java:chooseDatanodes(141)) - No healthy node found to allocate container.
2022-06-11 13:52:58,816 [ReplicationMonitor] WARN  replication.LegacyReplicationManager (LegacyReplicationManager.java:handleUnderReplicatedContainer(1125)) - Exception while replicating container 1.
org.apache.hadoop.hdds.scm.exceptions.SCMException: No healthy node found to allocate container.
	at org.apache.hadoop.hdds.scm.SCMCommonPlacementPolicy.chooseDatanodes(SCMCommonPlacementPolicy.java:142)
	at org.apache.hadoop.hdds.scm.container.placement.algorithms.SCMContainerPlacementRandom.chooseDatanodes(SCMContainerPlacementRandom.java:78)
	at org.apache.hadoop.hdds.scm.container.replication.LegacyReplicationManager.handleUnderReplicatedContainer(LegacyReplicationManager.java:1089)
	at org.apache.hadoop.hdds.scm.container.replication.LegacyReplicationManager.processContainer(LegacyReplicationManager.java:430)
	at org.apache.hadoop.hdds.scm.container.replication.ReplicationManager.processAll(ReplicationManager.java:244)
	at org.apache.hadoop.hdds.scm.container.replication.ReplicationManager.run(ReplicationManager.java:265)
	at java.lang.Thread.run(Thread.java:750)
2022-06-11 13:52:58,817 [ReplicationMonitor] ERROR scm.SCMCommonPlacementPolicy (SCMCommonPlacementPolicy.java:chooseDatanodes(141)) - No healthy node found to allocate container.
2022-06-11 13:52:58,817 [ReplicationMonitor] WARN  replication.LegacyReplicationManager (LegacyReplicationManager.java:handleUnderReplicatedContainer(1125)) - Exception while replicating container 2.
org.apache.hadoop.hdds.scm.exceptions.SCMException: No healthy node found to allocate container.
	at org.apache.hadoop.hdds.scm.SCMCommonPlacementPolicy.chooseDatanodes(SCMCommonPlacementPolicy.java:142)
	at org.apache.hadoop.hdds.scm.container.placement.algorithms.SCMContainerPlacementRandom.chooseDatanodes(SCMContainerPlacementRandom.java:78)
	at org.apache.hadoop.hdds.scm.container.replication.LegacyReplicationManager.handleUnderReplicatedContainer(LegacyReplicationManager.java:1089)
	at org.apache.hadoop.hdds.scm.container.replication.LegacyReplicationManager.processContainer(LegacyReplicationManager.java:430)
	at org.apache.hadoop.hdds.scm.container.replication.ReplicationManager.processAll(ReplicationManager.java:244)
	at org.apache.hadoop.hdds.scm.container.replication.ReplicationManager.run(ReplicationManager.java:265)
	at java.lang.Thread.run(Thread.java:750)
2022-06-11 13:52:58,817 [ReplicationMonitor] ERROR scm.SCMCommonPlacementPolicy (SCMCommonPlacementPolicy.java:chooseDatanodes(141)) - No healthy node found to allocate container.
2022-06-11 13:52:58,817 [ReplicationMonitor] WARN  replication.LegacyReplicationManager (LegacyReplicationManager.java:handleUnderReplicatedContainer(1125)) - Exception while replicating container 3.
org.apache.hadoop.hdds.scm.exceptions.SCMException: No healthy node found to allocate container.
	at org.apache.hadoop.hdds.scm.SCMCommonPlacementPolicy.chooseDatanodes(SCMCommonPlacementPolicy.java:142)
	at org.apache.hadoop.hdds.scm.container.placement.algorithms.SCMContainerPlacementRandom.chooseDatanodes(SCMContainerPlacementRandom.java:78)
	at org.apache.hadoop.hdds.scm.container.replication.LegacyReplicationManager.handleUnderReplicatedContainer(LegacyReplicationManager.java:1089)
	at org.apache.hadoop.hdds.scm.container.replication.LegacyReplicationManager.processContainer(LegacyReplicationManager.java:430)
	at org.apache.hadoop.hdds.scm.container.replication.ReplicationManager.processAll(ReplicationManager.java:244)
	at org.apache.hadoop.hdds.scm.container.replication.ReplicationManager.run(ReplicationManager.java:265)
	at java.lang.Thread.run(Thread.java:750)
2022-06-11 13:52:58,817 [ReplicationMonitor] INFO  replication.ReplicationManager (ReplicationManager.java:processAll(249)) - Replication Monitor Thread took 2 milliseconds for processing 3 containers.
2022-06-11 13:52:59,189 [Listener at 127.0.0.1/40219] INFO  utils.BackgroundService (BackgroundService.java:shutdown(132)) - Shutting down service BlockDeletingService
2022-06-11 13:52:59,193 [ForkJoinPool.commonPool-worker-1] INFO  utils.BackgroundService (BackgroundService.java:shutdown(132)) - Shutting down service BlockDeletingService
2022-06-11 13:52:59,818 [ReplicationMonitor] ERROR scm.SCMCommonPlacementPolicy (SCMCommonPlacementPolicy.java:chooseDatanodes(141)) - No healthy node found to allocate container.
2022-06-11 13:52:59,818 [ReplicationMonitor] WARN  replication.LegacyReplicationManager (LegacyReplicationManager.java:handleUnderReplicatedContainer(1125)) - Exception while replicating container 1.
org.apache.hadoop.hdds.scm.exceptions.SCMException: No healthy node found to allocate container.
	at org.apache.hadoop.hdds.scm.SCMCommonPlacementPolicy.chooseDatanodes(SCMCommonPlacementPolicy.java:142)
	at org.apache.hadoop.hdds.scm.container.placement.algorithms.SCMContainerPlacementRandom.chooseDatanodes(SCMContainerPlacementRandom.java:78)
	at org.apache.hadoop.hdds.scm.container.replication.LegacyReplicationManager.handleUnderReplicatedContainer(LegacyReplicationManager.java:1089)
	at org.apache.hadoop.hdds.scm.container.replication.LegacyReplicationManager.processContainer(LegacyReplicationManager.java:430)
	at org.apache.hadoop.hdds.scm.container.replication.ReplicationManager.processAll(ReplicationManager.java:244)
	at org.apache.hadoop.hdds.scm.container.replication.ReplicationManager.run(ReplicationManager.java:265)
	at java.lang.Thread.run(Thread.java:750)
2022-06-11 13:52:59,818 [ReplicationMonitor] ERROR scm.SCMCommonPlacementPolicy (SCMCommonPlacementPolicy.java:chooseDatanodes(141)) - No healthy node found to allocate container.
2022-06-11 13:52:59,818 [ReplicationMonitor] WARN  replication.LegacyReplicationManager (LegacyReplicationManager.java:handleUnderReplicatedContainer(1125)) - Exception while replicating container 2.
org.apache.hadoop.hdds.scm.exceptions.SCMException: No healthy node found to allocate container.
	at org.apache.hadoop.hdds.scm.SCMCommonPlacementPolicy.chooseDatanodes(SCMCommonPlacementPolicy.java:142)
	at org.apache.hadoop.hdds.scm.container.placement.algorithms.SCMContainerPlacementRandom.chooseDatanodes(SCMContainerPlacementRandom.java:78)
	at org.apache.hadoop.hdds.scm.container.replication.LegacyReplicationManager.handleUnderReplicatedContainer(LegacyReplicationManager.java:1089)
	at org.apache.hadoop.hdds.scm.container.replication.LegacyReplicationManager.processContainer(LegacyReplicationManager.java:430)
	at org.apache.hadoop.hdds.scm.container.replication.ReplicationManager.processAll(ReplicationManager.java:244)
	at org.apache.hadoop.hdds.scm.container.replication.ReplicationManager.run(ReplicationManager.java:265)
	at java.lang.Thread.run(Thread.java:750)
2022-06-11 13:52:59,818 [ReplicationMonitor] ERROR scm.SCMCommonPlacementPolicy (SCMCommonPlacementPolicy.java:chooseDatanodes(141)) - No healthy node found to allocate container.
2022-06-11 13:52:59,818 [ReplicationMonitor] WARN  replication.LegacyReplicationManager (LegacyReplicationManager.java:handleUnderReplicatedContainer(1125)) - Exception while replicating container 3.
org.apache.hadoop.hdds.scm.exceptions.SCMException: No healthy node found to allocate container.
	at org.apache.hadoop.hdds.scm.SCMCommonPlacementPolicy.chooseDatanodes(SCMCommonPlacementPolicy.java:142)
	at org.apache.hadoop.hdds.scm.container.placement.algorithms.SCMContainerPlacementRandom.chooseDatanodes(SCMContainerPlacementRandom.java:78)
	at org.apache.hadoop.hdds.scm.container.replication.LegacyReplicationManager.handleUnderReplicatedContainer(LegacyReplicationManager.java:1089)
	at org.apache.hadoop.hdds.scm.container.replication.LegacyReplicationManager.processContainer(LegacyReplicationManager.java:430)
	at org.apache.hadoop.hdds.scm.container.replication.ReplicationManager.processAll(ReplicationManager.java:244)
	at org.apache.hadoop.hdds.scm.container.replication.ReplicationManager.run(ReplicationManager.java:265)
	at java.lang.Thread.run(Thread.java:750)
2022-06-11 13:52:59,819 [ReplicationMonitor] INFO  replication.ReplicationManager (ReplicationManager.java:processAll(249)) - Replication Monitor Thread took 1 milliseconds for processing 3 containers.
2022-06-11 13:53:00,819 [ReplicationMonitor] ERROR scm.SCMCommonPlacementPolicy (SCMCommonPlacementPolicy.java:chooseDatanodes(141)) - No healthy node found to allocate container.
2022-06-11 13:53:00,819 [ReplicationMonitor] WARN  replication.LegacyReplicationManager (LegacyReplicationManager.java:handleUnderReplicatedContainer(1125)) - Exception while replicating container 1.
org.apache.hadoop.hdds.scm.exceptions.SCMException: No healthy node found to allocate container.
	at org.apache.hadoop.hdds.scm.SCMCommonPlacementPolicy.chooseDatanodes(SCMCommonPlacementPolicy.java:142)
	at org.apache.hadoop.hdds.scm.container.placement.algorithms.SCMContainerPlacementRandom.chooseDatanodes(SCMContainerPlacementRandom.java:78)
	at org.apache.hadoop.hdds.scm.container.replication.LegacyReplicationManager.handleUnderReplicatedContainer(LegacyReplicationManager.java:1089)
	at org.apache.hadoop.hdds.scm.container.replication.LegacyReplicationManager.processContainer(LegacyReplicationManager.java:430)
	at org.apache.hadoop.hdds.scm.container.replication.ReplicationManager.processAll(ReplicationManager.java:244)
	at org.apache.hadoop.hdds.scm.container.replication.ReplicationManager.run(ReplicationManager.java:265)
	at java.lang.Thread.run(Thread.java:750)
2022-06-11 13:53:00,820 [ReplicationMonitor] ERROR scm.SCMCommonPlacementPolicy (SCMCommonPlacementPolicy.java:chooseDatanodes(141)) - No healthy node found to allocate container.
2022-06-11 13:53:00,820 [ReplicationMonitor] WARN  replication.LegacyReplicationManager (LegacyReplicationManager.java:handleUnderReplicatedContainer(1125)) - Exception while replicating container 2.
org.apache.hadoop.hdds.scm.exceptions.SCMException: No healthy node found to allocate container.
	at org.apache.hadoop.hdds.scm.SCMCommonPlacementPolicy.chooseDatanodes(SCMCommonPlacementPolicy.java:142)
	at org.apache.hadoop.hdds.scm.container.placement.algorithms.SCMContainerPlacementRandom.chooseDatanodes(SCMContainerPlacementRandom.java:78)
	at org.apache.hadoop.hdds.scm.container.replication.LegacyReplicationManager.handleUnderReplicatedContainer(LegacyReplicationManager.java:1089)
	at org.apache.hadoop.hdds.scm.container.replication.LegacyReplicationManager.processContainer(LegacyReplicationManager.java:430)
	at org.apache.hadoop.hdds.scm.container.replication.ReplicationManager.processAll(ReplicationManager.java:244)
	at org.apache.hadoop.hdds.scm.container.replication.ReplicationManager.run(ReplicationManager.java:265)
	at java.lang.Thread.run(Thread.java:750)
2022-06-11 13:53:00,822 [ReplicationMonitor] ERROR scm.SCMCommonPlacementPolicy (SCMCommonPlacementPolicy.java:chooseDatanodes(141)) - No healthy node found to allocate container.
2022-06-11 13:53:00,822 [ReplicationMonitor] WARN  replication.LegacyReplicationManager (LegacyReplicationManager.java:handleUnderReplicatedContainer(1125)) - Exception while replicating container 3.
org.apache.hadoop.hdds.scm.exceptions.SCMException: No healthy node found to allocate container.
	at org.apache.hadoop.hdds.scm.SCMCommonPlacementPolicy.chooseDatanodes(SCMCommonPlacementPolicy.java:142)
	at org.apache.hadoop.hdds.scm.container.placement.algorithms.SCMContainerPlacementRandom.chooseDatanodes(SCMContainerPlacementRandom.java:78)
	at org.apache.hadoop.hdds.scm.container.replication.LegacyReplicationManager.handleUnderReplicatedContainer(LegacyReplicationManager.java:1089)
	at org.apache.hadoop.hdds.scm.container.replication.LegacyReplicationManager.processContainer(LegacyReplicationManager.java:430)
	at org.apache.hadoop.hdds.scm.container.replication.ReplicationManager.processAll(ReplicationManager.java:244)
	at org.apache.hadoop.hdds.scm.container.replication.ReplicationManager.run(ReplicationManager.java:265)
	at java.lang.Thread.run(Thread.java:750)
2022-06-11 13:53:00,822 [ReplicationMonitor] INFO  replication.ReplicationManager (ReplicationManager.java:processAll(249)) - Replication Monitor Thread took 3 milliseconds for processing 3 containers.
2022-06-11 13:53:01,822 [ReplicationMonitor] ERROR scm.SCMCommonPlacementPolicy (SCMCommonPlacementPolicy.java:chooseDatanodes(141)) - No healthy node found to allocate container.
2022-06-11 13:53:01,823 [ReplicationMonitor] WARN  replication.LegacyReplicationManager (LegacyReplicationManager.java:handleUnderReplicatedContainer(1125)) - Exception while replicating container 1.
org.apache.hadoop.hdds.scm.exceptions.SCMException: No healthy node found to allocate container.
	at org.apache.hadoop.hdds.scm.SCMCommonPlacementPolicy.chooseDatanodes(SCMCommonPlacementPolicy.java:142)
	at org.apache.hadoop.hdds.scm.container.placement.algorithms.SCMContainerPlacementRandom.chooseDatanodes(SCMContainerPlacementRandom.java:78)
	at org.apache.hadoop.hdds.scm.container.replication.LegacyReplicationManager.handleUnderReplicatedContainer(LegacyReplicationManager.java:1089)
	at org.apache.hadoop.hdds.scm.container.replication.LegacyReplicationManager.processContainer(LegacyReplicationManager.java:430)
	at org.apache.hadoop.hdds.scm.container.replication.ReplicationManager.processAll(ReplicationManager.java:244)
	at org.apache.hadoop.hdds.scm.container.replication.ReplicationManager.run(ReplicationManager.java:265)
	at java.lang.Thread.run(Thread.java:750)
2022-06-11 13:53:01,823 [ReplicationMonitor] ERROR scm.SCMCommonPlacementPolicy (SCMCommonPlacementPolicy.java:chooseDatanodes(141)) - No healthy node found to allocate container.
2022-06-11 13:53:01,823 [ReplicationMonitor] WARN  replication.LegacyReplicationManager (LegacyReplicationManager.java:handleUnderReplicatedContainer(1125)) - Exception while replicating container 2.
org.apache.hadoop.hdds.scm.exceptions.SCMException: No healthy node found to allocate container.
	at org.apache.hadoop.hdds.scm.SCMCommonPlacementPolicy.chooseDatanodes(SCMCommonPlacementPolicy.java:142)
	at org.apache.hadoop.hdds.scm.container.placement.algorithms.SCMContainerPlacementRandom.chooseDatanodes(SCMContainerPlacementRandom.java:78)
	at org.apache.hadoop.hdds.scm.container.replication.LegacyReplicationManager.handleUnderReplicatedContainer(LegacyReplicationManager.java:1089)
	at org.apache.hadoop.hdds.scm.container.replication.LegacyReplicationManager.processContainer(LegacyReplicationManager.java:430)
	at org.apache.hadoop.hdds.scm.container.replication.ReplicationManager.processAll(ReplicationManager.java:244)
	at org.apache.hadoop.hdds.scm.container.replication.ReplicationManager.run(ReplicationManager.java:265)
	at java.lang.Thread.run(Thread.java:750)
2022-06-11 13:53:01,823 [ReplicationMonitor] ERROR scm.SCMCommonPlacementPolicy (SCMCommonPlacementPolicy.java:chooseDatanodes(141)) - No healthy node found to allocate container.
2022-06-11 13:53:01,823 [ReplicationMonitor] WARN  replication.LegacyReplicationManager (LegacyReplicationManager.java:handleUnderReplicatedContainer(1125)) - Exception while replicating container 3.
org.apache.hadoop.hdds.scm.exceptions.SCMException: No healthy node found to allocate container.
	at org.apache.hadoop.hdds.scm.SCMCommonPlacementPolicy.chooseDatanodes(SCMCommonPlacementPolicy.java:142)
	at org.apache.hadoop.hdds.scm.container.placement.algorithms.SCMContainerPlacementRandom.chooseDatanodes(SCMContainerPlacementRandom.java:78)
	at org.apache.hadoop.hdds.scm.container.replication.LegacyReplicationManager.handleUnderReplicatedContainer(LegacyReplicationManager.java:1089)
	at org.apache.hadoop.hdds.scm.container.replication.LegacyReplicationManager.processContainer(LegacyReplicationManager.java:430)
	at org.apache.hadoop.hdds.scm.container.replication.ReplicationManager.processAll(ReplicationManager.java:244)
	at org.apache.hadoop.hdds.scm.container.replication.ReplicationManager.run(ReplicationManager.java:265)
	at java.lang.Thread.run(Thread.java:750)
2022-06-11 13:53:01,823 [ReplicationMonitor] INFO  replication.ReplicationManager (ReplicationManager.java:processAll(249)) - Replication Monitor Thread took 1 milliseconds for processing 3 containers.
2022-06-11 13:53:02,191 [Listener at 127.0.0.1/40219] INFO  statemachine.DatanodeStateMachine (DatanodeStateMachine.java:stopDaemon(572)) - Ozone container server stopped.
2022-06-11 13:53:02,195 [ForkJoinPool.commonPool-worker-1] INFO  statemachine.DatanodeStateMachine (DatanodeStateMachine.java:stopDaemon(572)) - Ozone container server stopped.
2022-06-11 13:53:02,209 [Listener at 127.0.0.1/40219] INFO  handler.ContextHandler (ContextHandler.java:doStop(1153)) - Stopped o.e.j.w.WebAppContext@5f720733{hddsDatanode,/,null,STOPPED}{jar:file:/home/runner/.m2/repository/org/apache/ozone/hdds-container-service/1.3.0-SNAPSHOT/hdds-container-service-1.3.0-SNAPSHOT.jar!/webapps/hddsDatanode}
2022-06-11 13:53:02,216 [ForkJoinPool.commonPool-worker-1] INFO  handler.ContextHandler (ContextHandler.java:doStop(1153)) - Stopped o.e.j.w.WebAppContext@7514a2f7{hddsDatanode,/,null,STOPPED}{jar:file:/home/runner/.m2/repository/org/apache/ozone/hdds-container-service/1.3.0-SNAPSHOT/hdds-container-service-1.3.0-SNAPSHOT.jar!/webapps/hddsDatanode}
2022-06-11 13:53:02,217 [ForkJoinPool.commonPool-worker-1] INFO  server.AbstractConnector (AbstractConnector.java:doStop(381)) - Stopped ServerConnector@64bae76c{HTTP/1.1, (http/1.1)}{0.0.0.0:0}
2022-06-11 13:53:02,217 [ForkJoinPool.commonPool-worker-1] INFO  server.session (HouseKeeper.java:stopScavenging(149)) - node0 Stopped scavenging
2022-06-11 13:53:02,219 [Listener at 127.0.0.1/40219] INFO  server.AbstractConnector (AbstractConnector.java:doStop(381)) - Stopped ServerConnector@50fa6a6f{HTTP/1.1, (http/1.1)}{0.0.0.0:0}
2022-06-11 13:53:02,220 [Listener at 127.0.0.1/40219] INFO  server.session (HouseKeeper.java:stopScavenging(149)) - node0 Stopped scavenging
2022-06-11 13:53:02,220 [Listener at 127.0.0.1/40219] INFO  handler.ContextHandler (ContextHandler.java:doStop(1153)) - Stopped o.e.j.s.ServletContextHandler@6d51f43{static,/static,jar:file:/home/runner/.m2/repository/org/apache/ozone/hdds-container-service/1.3.0-SNAPSHOT/hdds-container-service-1.3.0-SNAPSHOT.jar!/webapps/static,STOPPED}
2022-06-11 13:53:02,220 [Listener at 127.0.0.1/40219] INFO  handler.ContextHandler (ContextHandler.java:doStop(1153)) - Stopped o.e.j.s.ServletContextHandler@37a935ae{logs,/logs,file:///home/runner/work/ozone/ozone/hadoop-ozone/integration-test/target/log,STOPPED}
2022-06-11 13:53:02,228 [ForkJoinPool.commonPool-worker-1] INFO  handler.ContextHandler (ContextHandler.java:doStop(1153)) - Stopped o.e.j.s.ServletContextHandler@92862{static,/static,jar:file:/home/runner/.m2/repository/org/apache/ozone/hdds-container-service/1.3.0-SNAPSHOT/hdds-container-service-1.3.0-SNAPSHOT.jar!/webapps/static,STOPPED}
2022-06-11 13:53:02,229 [ForkJoinPool.commonPool-worker-1] INFO  handler.ContextHandler (ContextHandler.java:doStop(1153)) - Stopped o.e.j.s.ServletContextHandler@2fb19717{logs,/logs,file:///home/runner/work/ozone/ozone/hadoop-ozone/integration-test/target/log,STOPPED}
2022-06-11 13:53:02,824 [ReplicationMonitor] ERROR scm.SCMCommonPlacementPolicy (SCMCommonPlacementPolicy.java:chooseDatanodes(141)) - No healthy node found to allocate container.
2022-06-11 13:53:02,824 [ReplicationMonitor] WARN  replication.LegacyReplicationManager (LegacyReplicationManager.java:handleUnderReplicatedContainer(1125)) - Exception while replicating container 1.
org.apache.hadoop.hdds.scm.exceptions.SCMException: No healthy node found to allocate container.
	at org.apache.hadoop.hdds.scm.SCMCommonPlacementPolicy.chooseDatanodes(SCMCommonPlacementPolicy.java:142)
	at org.apache.hadoop.hdds.scm.container.placement.algorithms.SCMContainerPlacementRandom.chooseDatanodes(SCMContainerPlacementRandom.java:78)
	at org.apache.hadoop.hdds.scm.container.replication.LegacyReplicationManager.handleUnderReplicatedContainer(LegacyReplicationManager.java:1089)
	at org.apache.hadoop.hdds.scm.container.replication.LegacyReplicationManager.processContainer(LegacyReplicationManager.java:430)
	at org.apache.hadoop.hdds.scm.container.replication.ReplicationManager.processAll(ReplicationManager.java:244)
	at org.apache.hadoop.hdds.scm.container.replication.ReplicationManager.run(ReplicationManager.java:265)
	at java.lang.Thread.run(Thread.java:750)
2022-06-11 13:53:02,825 [ReplicationMonitor] ERROR scm.SCMCommonPlacementPolicy (SCMCommonPlacementPolicy.java:chooseDatanodes(141)) - No healthy node found to allocate container.
2022-06-11 13:53:02,825 [ReplicationMonitor] WARN  replication.LegacyReplicationManager (LegacyReplicationManager.java:handleUnderReplicatedContainer(1125)) - Exception while replicating container 2.
org.apache.hadoop.hdds.scm.exceptions.SCMException: No healthy node found to allocate container.
	at org.apache.hadoop.hdds.scm.SCMCommonPlacementPolicy.chooseDatanodes(SCMCommonPlacementPolicy.java:142)
	at org.apache.hadoop.hdds.scm.container.placement.algorithms.SCMContainerPlacementRandom.chooseDatanodes(SCMContainerPlacementRandom.java:78)
	at org.apache.hadoop.hdds.scm.container.replication.LegacyReplicationManager.handleUnderReplicatedContainer(LegacyReplicationManager.java:1089)
	at org.apache.hadoop.hdds.scm.container.replication.LegacyReplicationManager.processContainer(LegacyReplicationManager.java:430)
	at org.apache.hadoop.hdds.scm.container.replication.ReplicationManager.processAll(ReplicationManager.java:244)
	at org.apache.hadoop.hdds.scm.container.replication.ReplicationManager.run(ReplicationManager.java:265)
	at java.lang.Thread.run(Thread.java:750)
2022-06-11 13:53:02,825 [ReplicationMonitor] ERROR scm.SCMCommonPlacementPolicy (SCMCommonPlacementPolicy.java:chooseDatanodes(141)) - No healthy node found to allocate container.
2022-06-11 13:53:02,825 [ReplicationMonitor] WARN  replication.LegacyReplicationManager (LegacyReplicationManager.java:handleUnderReplicatedContainer(1125)) - Exception while replicating container 3.
org.apache.hadoop.hdds.scm.exceptions.SCMException: No healthy node found to allocate container.
	at org.apache.hadoop.hdds.scm.SCMCommonPlacementPolicy.chooseDatanodes(SCMCommonPlacementPolicy.java:142)
	at org.apache.hadoop.hdds.scm.container.placement.algorithms.SCMContainerPlacementRandom.chooseDatanodes(SCMContainerPlacementRandom.java:78)
	at org.apache.hadoop.hdds.scm.container.replication.LegacyReplicationManager.handleUnderReplicatedContainer(LegacyReplicationManager.java:1089)
	at org.apache.hadoop.hdds.scm.container.replication.LegacyReplicationManager.processContainer(LegacyReplicationManager.java:430)
	at org.apache.hadoop.hdds.scm.container.replication.ReplicationManager.processAll(ReplicationManager.java:244)
	at org.apache.hadoop.hdds.scm.container.replication.ReplicationManager.run(ReplicationManager.java:265)
	at java.lang.Thread.run(Thread.java:750)
2022-06-11 13:53:02,825 [ReplicationMonitor] INFO  replication.ReplicationManager (ReplicationManager.java:processAll(249)) - Replication Monitor Thread took 2 milliseconds for processing 3 containers.
2022-06-11 13:53:03,826 [ReplicationMonitor] ERROR scm.SCMCommonPlacementPolicy (SCMCommonPlacementPolicy.java:chooseDatanodes(141)) - No healthy node found to allocate container.
2022-06-11 13:53:03,826 [ReplicationMonitor] WARN  replication.LegacyReplicationManager (LegacyReplicationManager.java:handleUnderReplicatedContainer(1125)) - Exception while replicating container 1.
org.apache.hadoop.hdds.scm.exceptions.SCMException: No healthy node found to allocate container.
	at org.apache.hadoop.hdds.scm.SCMCommonPlacementPolicy.chooseDatanodes(SCMCommonPlacementPolicy.java:142)
	at org.apache.hadoop.hdds.scm.container.placement.algorithms.SCMContainerPlacementRandom.chooseDatanodes(SCMContainerPlacementRandom.java:78)
	at org.apache.hadoop.hdds.scm.container.replication.LegacyReplicationManager.handleUnderReplicatedContainer(LegacyReplicationManager.java:1089)
	at org.apache.hadoop.hdds.scm.container.replication.LegacyReplicationManager.processContainer(LegacyReplicationManager.java:430)
	at org.apache.hadoop.hdds.scm.container.replication.ReplicationManager.processAll(ReplicationManager.java:244)
	at org.apache.hadoop.hdds.scm.container.replication.ReplicationManager.run(ReplicationManager.java:265)
	at java.lang.Thread.run(Thread.java:750)
2022-06-11 13:53:03,826 [ReplicationMonitor] ERROR scm.SCMCommonPlacementPolicy (SCMCommonPlacementPolicy.java:chooseDatanodes(141)) - No healthy node found to allocate container.
2022-06-11 13:53:03,826 [ReplicationMonitor] WARN  replication.LegacyReplicationManager (LegacyReplicationManager.java:handleUnderReplicatedContainer(1125)) - Exception while replicating container 2.
org.apache.hadoop.hdds.scm.exceptions.SCMException: No healthy node found to allocate container.
	at org.apache.hadoop.hdds.scm.SCMCommonPlacementPolicy.chooseDatanodes(SCMCommonPlacementPolicy.java:142)
	at org.apache.hadoop.hdds.scm.container.placement.algorithms.SCMContainerPlacementRandom.chooseDatanodes(SCMContainerPlacementRandom.java:78)
	at org.apache.hadoop.hdds.scm.container.replication.LegacyReplicationManager.handleUnderReplicatedContainer(LegacyReplicationManager.java:1089)
	at org.apache.hadoop.hdds.scm.container.replication.LegacyReplicationManager.processContainer(LegacyReplicationManager.java:430)
	at org.apache.hadoop.hdds.scm.container.replication.ReplicationManager.processAll(ReplicationManager.java:244)
	at org.apache.hadoop.hdds.scm.container.replication.ReplicationManager.run(ReplicationManager.java:265)
	at java.lang.Thread.run(Thread.java:750)
2022-06-11 13:53:03,826 [ReplicationMonitor] ERROR scm.SCMCommonPlacementPolicy (SCMCommonPlacementPolicy.java:chooseDatanodes(141)) - No healthy node found to allocate container.
2022-06-11 13:53:03,827 [ReplicationMonitor] WARN  replication.LegacyReplicationManager (LegacyReplicationManager.java:handleUnderReplicatedContainer(1125)) - Exception while replicating container 3.
org.apache.hadoop.hdds.scm.exceptions.SCMException: No healthy node found to allocate container.
	at org.apache.hadoop.hdds.scm.SCMCommonPlacementPolicy.chooseDatanodes(SCMCommonPlacementPolicy.java:142)
	at org.apache.hadoop.hdds.scm.container.placement.algorithms.SCMContainerPlacementRandom.chooseDatanodes(SCMContainerPlacementRandom.java:78)
	at org.apache.hadoop.hdds.scm.container.replication.LegacyReplicationManager.handleUnderReplicatedContainer(LegacyReplicationManager.java:1089)
	at org.apache.hadoop.hdds.scm.container.replication.LegacyReplicationManager.processContainer(LegacyReplicationManager.java:430)
	at org.apache.hadoop.hdds.scm.container.replication.ReplicationManager.processAll(ReplicationManager.java:244)
	at org.apache.hadoop.hdds.scm.container.replication.ReplicationManager.run(ReplicationManager.java:265)
	at java.lang.Thread.run(Thread.java:750)
2022-06-11 13:53:03,827 [ReplicationMonitor] INFO  replication.ReplicationManager (ReplicationManager.java:processAll(249)) - Replication Monitor Thread took 1 milliseconds for processing 3 containers.
2022-06-11 13:53:04,457 [EventQueue-StaleNodeForStaleNodeHandler] INFO  node.StaleNodeHandler (StaleNodeHandler.java:onMessage(58)) - Datanode 53db1d32-3be9-432a-8996-6e0aa1d79bff{ip: 10.1.0.23, host: fv-az395-686.zfmzfyrfkyou3ow0tsr0jxwq1e.bx.internal.cloudapp.net, ports: [REPLICATION=36943, RATIS=46375, RATIS_ADMIN=46375, RATIS_SERVER=46375, STANDALONE=45327], networkLocation: /default-rack, certSerialId: null, persistedOpState: IN_SERVICE, persistedOpStateExpiryEpochSec: 0} moved to stale state. Finalizing its pipelines [PipelineID=f340a6f0-8429-4dd8-b985-42030936e193]
2022-06-11 13:53:04,458 [EventQueue-StaleNodeForStaleNodeHandler] INFO  pipeline.PipelineManagerImpl (PipelineManagerImpl.java:closePipeline(430)) - Pipeline Pipeline[ Id: f340a6f0-8429-4dd8-b985-42030936e193, Nodes: 53db1d32-3be9-432a-8996-6e0aa1d79bff{ip: 10.1.0.23, host: fv-az395-686.zfmzfyrfkyou3ow0tsr0jxwq1e.bx.internal.cloudapp.net, ports: [REPLICATION=36943, RATIS=46375, RATIS_ADMIN=46375, RATIS_SERVER=46375, STANDALONE=45327], networkLocation: /default-rack, certSerialId: null, persistedOpState: IN_SERVICE, persistedOpStateExpiryEpochSec: 0}, ReplicationConfig: RATIS/ONE, State:OPEN, leaderId:53db1d32-3be9-432a-8996-6e0aa1d79bff, CreationTimestamp2022-06-11T13:52:10.862Z[Etc/UTC]] moved to CLOSED state
2022-06-11 13:53:04,827 [ReplicationMonitor] WARN  replication.LegacyReplicationManager (LegacyReplicationManager.java:handleUnderReplicatedContainer(1121)) - Cannot replicate container #1, no healthy replica found.
2022-06-11 13:53:04,827 [ReplicationMonitor] WARN  replication.LegacyReplicationManager (LegacyReplicationManager.java:handleUnderReplicatedContainer(1121)) - Cannot replicate container #2, no healthy replica found.
2022-06-11 13:53:04,827 [ReplicationMonitor] WARN  replication.LegacyReplicationManager (LegacyReplicationManager.java:handleUnderReplicatedContainer(1121)) - Cannot replicate container #3, no healthy replica found.
2022-06-11 13:53:04,828 [ReplicationMonitor] INFO  replication.ReplicationManager (ReplicationManager.java:processAll(249)) - Replication Monitor Thread took 1 milliseconds for processing 3 containers.
2022-06-11 13:53:05,828 [ReplicationMonitor] WARN  replication.LegacyReplicationManager (LegacyReplicationManager.java:handleUnderReplicatedContainer(1121)) - Cannot replicate container #1, no healthy replica found.
2022-06-11 13:53:05,828 [ReplicationMonitor] WARN  replication.LegacyReplicationManager (LegacyReplicationManager.java:handleUnderReplicatedContainer(1121)) - Cannot replicate container #2, no healthy replica found.
2022-06-11 13:53:05,828 [ReplicationMonitor] WARN  replication.LegacyReplicationManager (LegacyReplicationManager.java:handleUnderReplicatedContainer(1121)) - Cannot replicate container #3, no healthy replica found.
2022-06-11 13:53:05,828 [ReplicationMonitor] INFO  replication.ReplicationManager (ReplicationManager.java:processAll(249)) - Replication Monitor Thread took 1 milliseconds for processing 3 containers.
2022-06-11 13:53:06,829 [ReplicationMonitor] WARN  replication.LegacyReplicationManager (LegacyReplicationManager.java:handleUnderReplicatedContainer(1121)) - Cannot replicate container #1, no healthy replica found.
2022-06-11 13:53:06,829 [ReplicationMonitor] WARN  replication.LegacyReplicationManager (LegacyReplicationManager.java:handleUnderReplicatedContainer(1121)) - Cannot replicate container #2, no healthy replica found.
2022-06-11 13:53:06,829 [ReplicationMonitor] WARN  replication.LegacyReplicationManager (LegacyReplicationManager.java:handleUnderReplicatedContainer(1121)) - Cannot replicate container #3, no healthy replica found.
2022-06-11 13:53:06,829 [ReplicationMonitor] INFO  replication.ReplicationManager (ReplicationManager.java:processAll(249)) - Replication Monitor Thread took 1 milliseconds for processing 3 containers.
2022-06-11 13:53:07,237 [ForkJoinPool.commonPool-worker-1] INFO  ozoneimpl.OzoneContainer (OzoneContainer.java:stop(365)) - Attempting to stop container services.
2022-06-11 13:53:07,238 [ForkJoinPool.commonPool-worker-1] INFO  server.RaftServer (RaftServerProxy.java:lambda$close$7(398)) - 53db1d32-3be9-432a-8996-6e0aa1d79bff: close
2022-06-11 13:53:07,238 [ForkJoinPool.commonPool-worker-1] INFO  server.RaftServer$Division (RaftServerImpl.java:lambda$close$4(434)) - 53db1d32-3be9-432a-8996-6e0aa1d79bff@group-42030936E193: shutdown
2022-06-11 13:53:07,238 [ForkJoinPool.commonPool-worker-1] INFO  util.JmxRegister (JmxRegister.java:unregister(73)) - Successfully un-registered JMX Bean with object name Ratis:service=RaftServer,group=group-42030936E193,id=53db1d32-3be9-432a-8996-6e0aa1d79bff
2022-06-11 13:53:07,238 [ForkJoinPool.commonPool-worker-1] INFO  impl.RoleInfo (RoleInfo.java:shutdownLeaderState(93)) - 53db1d32-3be9-432a-8996-6e0aa1d79bff: shutdown 53db1d32-3be9-432a-8996-6e0aa1d79bff@group-42030936E193-LeaderStateImpl
2022-06-11 13:53:07,239 [ForkJoinPool.commonPool-worker-1] INFO  impl.PendingRequests (PendingRequests.java:sendNotLeaderResponses(282)) - 53db1d32-3be9-432a-8996-6e0aa1d79bff@group-42030936E193-PendingRequests: sendNotLeaderResponses
2022-06-11 13:53:07,239 [ForkJoinPool.commonPool-worker-1] INFO  impl.StateMachineUpdater (StateMachineUpdater.java:stopAndJoin(153)) - 53db1d32-3be9-432a-8996-6e0aa1d79bff@group-42030936E193-StateMachineUpdater: set stopIndex = 0
2022-06-11 13:53:07,240 [53db1d32-3be9-432a-8996-6e0aa1d79bff@group-42030936E193-StateMachineUpdater] INFO  ratis.ContainerStateMachine (ContainerStateMachine.java:takeSnapshot(304)) - group-42030936E193: Taking a snapshot at:(t:1, i:0) file /home/runner/work/ozone/ozone/hadoop-ozone/integration-test/target/test-dir/MiniOzoneClusterImpl-239f68c3-3068-4753-adf8-1c2cb01b4c57/datanode-3/data/ratis/f340a6f0-8429-4dd8-b985-42030936e193/sm/snapshot.1_0
2022-06-11 13:53:07,249 [53db1d32-3be9-432a-8996-6e0aa1d79bff@group-42030936E193-StateMachineUpdater] INFO  ratis.ContainerStateMachine (ContainerStateMachine.java:takeSnapshot(315)) - group-42030936E193: Finished taking a snapshot at:(t:1, i:0) file:/home/runner/work/ozone/ozone/hadoop-ozone/integration-test/target/test-dir/MiniOzoneClusterImpl-239f68c3-3068-4753-adf8-1c2cb01b4c57/datanode-3/data/ratis/f340a6f0-8429-4dd8-b985-42030936e193/sm/snapshot.1_0 took: 8 ms
2022-06-11 13:53:07,249 [53db1d32-3be9-432a-8996-6e0aa1d79bff@group-42030936E193-StateMachineUpdater] INFO  impl.StateMachineUpdater (StateMachineUpdater.java:takeSnapshot(287)) - 53db1d32-3be9-432a-8996-6e0aa1d79bff@group-42030936E193-StateMachineUpdater: Took a snapshot at index 0
2022-06-11 13:53:07,249 [53db1d32-3be9-432a-8996-6e0aa1d79bff@group-42030936E193-StateMachineUpdater] INFO  impl.StateMachineUpdater (StateMachineUpdater.java:lambda$new$0(92)) - 53db1d32-3be9-432a-8996-6e0aa1d79bff@group-42030936E193-StateMachineUpdater: snapshotIndex: updateIncreasingly -1 -> 0
2022-06-11 13:53:07,249 [ForkJoinPool.commonPool-worker-1] INFO  server.RaftServer$Division (ServerState.java:close(429)) - 53db1d32-3be9-432a-8996-6e0aa1d79bff@group-42030936E193: closes. applyIndex: 0
2022-06-11 13:53:07,250 [53db1d32-3be9-432a-8996-6e0aa1d79bff@group-42030936E193-SegmentedRaftLogWorker] INFO  segmented.SegmentedRaftLogWorker (SegmentedRaftLogWorker.java:run(336)) - 53db1d32-3be9-432a-8996-6e0aa1d79bff@group-42030936E193-SegmentedRaftLogWorker was interrupted, exiting. There are 0 tasks remaining in the queue.
2022-06-11 13:53:07,250 [ForkJoinPool.commonPool-worker-1] INFO  segmented.SegmentedRaftLogWorker (SegmentedRaftLogWorker.java:close(246)) - 53db1d32-3be9-432a-8996-6e0aa1d79bff@group-42030936E193-SegmentedRaftLogWorker close()
2022-06-11 13:53:07,251 [ForkJoinPool.commonPool-worker-1] INFO  server.GrpcService (GrpcService.java:closeImpl(269)) - 53db1d32-3be9-432a-8996-6e0aa1d79bff: shutdown server with port 46375 now
2022-06-11 13:53:07,256 [ForkJoinPool.commonPool-worker-1] INFO  server.GrpcService (GrpcService.java:closeImpl(278)) - 53db1d32-3be9-432a-8996-6e0aa1d79bff: shutdown server with port 46375 successfully
2022-06-11 13:53:07,256 [org.apache.ratis.util.JvmPauseMonitor$$Lambda$627/1387949628@7bb0a3e7] INFO  util.JvmPauseMonitor (JvmPauseMonitor.java:run(109)) - JvmPauseMonitor-53db1d32-3be9-432a-8996-6e0aa1d79bff: Stopped
2022-06-11 13:53:07,461 [EventQueue-DeadNodeForDeadNodeHandler] INFO  node.DeadNodeHandler (DeadNodeHandler.java:onMessage(80)) - A dead datanode is detected. 53db1d32-3be9-432a-8996-6e0aa1d79bff{ip: 10.1.0.23, host: fv-az395-686.zfmzfyrfkyou3ow0tsr0jxwq1e.bx.internal.cloudapp.net, ports: [REPLICATION=36943, RATIS=46375, RATIS_ADMIN=46375, RATIS_SERVER=46375, STANDALONE=45327], networkLocation: /default-rack, certSerialId: null, persistedOpState: IN_SERVICE, persistedOpStateExpiryEpochSec: 0}
2022-06-11 13:53:07,462 [EventQueue-DeadNodeForDeadNodeHandler] INFO  pipeline.RatisPipelineProvider (RatisPipelineProvider.java:lambda$close$1(244)) - Send pipeline:PipelineID=f340a6f0-8429-4dd8-b985-42030936e193 close command to datanode 53db1d32-3be9-432a-8996-6e0aa1d79bff
2022-06-11 13:53:07,462 [EventQueue-DeadNodeForDeadNodeHandler] INFO  pipeline.PipelineStateManagerImpl (PipelineStateManagerImpl.java:removePipeline(243)) - Pipeline Pipeline[ Id: f340a6f0-8429-4dd8-b985-42030936e193, Nodes: 53db1d32-3be9-432a-8996-6e0aa1d79bff{ip: 10.1.0.23, host: fv-az395-686.zfmzfyrfkyou3ow0tsr0jxwq1e.bx.internal.cloudapp.net, ports: [REPLICATION=36943, RATIS=46375, RATIS_ADMIN=46375, RATIS_SERVER=46375, STANDALONE=45327], networkLocation: /default-rack, certSerialId: null, persistedOpState: IN_SERVICE, persistedOpStateExpiryEpochSec: 0}, ReplicationConfig: RATIS/ONE, State:CLOSED, leaderId:53db1d32-3be9-432a-8996-6e0aa1d79bff, CreationTimestamp2022-06-11T13:52:10.862Z[Etc/UTC]] removed.
2022-06-11 13:53:07,462 [EventQueue-DeadNodeForDeadNodeHandler] INFO  net.NetworkTopologyImpl (NetworkTopologyImpl.java:remove(137)) - Removed a node: /default-rack/53db1d32-3be9-432a-8996-6e0aa1d79bff
2022-06-11 13:53:07,830 [ReplicationMonitor] WARN  replication.LegacyReplicationManager (LegacyReplicationManager.java:handleUnderReplicatedContainer(1121)) - Cannot replicate container #1, no healthy replica found.
2022-06-11 13:53:07,830 [ReplicationMonitor] WARN  replication.LegacyReplicationManager (LegacyReplicationManager.java:handleUnderReplicatedContainer(1121)) - Cannot replicate container #2, no healthy replica found.
2022-06-11 13:53:07,830 [ReplicationMonitor] WARN  replication.LegacyReplicationManager (LegacyReplicationManager.java:handleUnderReplicatedContainer(1121)) - Cannot replicate container #3, no healthy replica found.
2022-06-11 13:53:07,830 [ReplicationMonitor] INFO  replication.ReplicationManager (ReplicationManager.java:processAll(249)) - Replication Monitor Thread took 1 milliseconds for processing 3 containers.
2022-06-11 13:53:08,831 [ReplicationMonitor] WARN  replication.LegacyReplicationManager (LegacyReplicationManager.java:handleUnderReplicatedContainer(1121)) - Cannot replicate container #1, no healthy replica found.
2022-06-11 13:53:08,831 [ReplicationMonitor] WARN  replication.LegacyReplicationManager (LegacyReplicationManager.java:handleUnderReplicatedContainer(1121)) - Cannot replicate container #2, no healthy replica found.
2022-06-11 13:53:08,831 [ReplicationMonitor] WARN  replication.LegacyReplicationManager (LegacyReplicationManager.java:handleUnderReplicatedContainer(1121)) - Cannot replicate container #3, no healthy replica found.
2022-06-11 13:53:08,831 [ReplicationMonitor] INFO  replication.ReplicationManager (ReplicationManager.java:processAll(249)) - Replication Monitor Thread took 1 milliseconds for processing 3 containers.
2022-06-11 13:53:09,308 [ForkJoinPool.commonPool-worker-1] INFO  utils.BackgroundService (BackgroundService.java:shutdown(132)) - Shutting down service BlockDeletingService
2022-06-11 13:53:09,832 [ReplicationMonitor] WARN  replication.LegacyReplicationManager (LegacyReplicationManager.java:handleUnderReplicatedContainer(1121)) - Cannot replicate container #1, no healthy replica found.
2022-06-11 13:53:09,832 [ReplicationMonitor] WARN  replication.LegacyReplicationManager (LegacyReplicationManager.java:handleUnderReplicatedContainer(1121)) - Cannot replicate container #2, no healthy replica found.
2022-06-11 13:53:09,832 [ReplicationMonitor] WARN  replication.LegacyReplicationManager (LegacyReplicationManager.java:handleUnderReplicatedContainer(1121)) - Cannot replicate container #3, no healthy replica found.
2022-06-11 13:53:09,832 [ReplicationMonitor] INFO  replication.ReplicationManager (ReplicationManager.java:processAll(249)) - Replication Monitor Thread took 1 milliseconds for processing 3 containers.
2022-06-11 13:53:10,832 [ReplicationMonitor] WARN  replication.LegacyReplicationManager (LegacyReplicationManager.java:handleUnderReplicatedContainer(1121)) - Cannot replicate container #1, no healthy replica found.
2022-06-11 13:53:10,833 [ReplicationMonitor] WARN  replication.LegacyReplicationManager (LegacyReplicationManager.java:handleUnderReplicatedContainer(1121)) - Cannot replicate container #2, no healthy replica found.
2022-06-11 13:53:10,833 [ReplicationMonitor] WARN  replication.LegacyReplicationManager (LegacyReplicationManager.java:handleUnderReplicatedContainer(1121)) - Cannot replicate container #3, no healthy replica found.
2022-06-11 13:53:10,833 [ReplicationMonitor] INFO  replication.ReplicationManager (ReplicationManager.java:processAll(249)) - Replication Monitor Thread took 1 milliseconds for processing 3 containers.
2022-06-11 13:53:11,833 [ReplicationMonitor] WARN  replication.LegacyReplicationManager (LegacyReplicationManager.java:handleUnderReplicatedContainer(1121)) - Cannot replicate container #1, no healthy replica found.
2022-06-11 13:53:11,834 [ReplicationMonitor] WARN  replication.LegacyReplicationManager (LegacyReplicationManager.java:handleUnderReplicatedContainer(1121)) - Cannot replicate container #2, no healthy replica found.
2022-06-11 13:53:11,834 [ReplicationMonitor] WARN  replication.LegacyReplicationManager (LegacyReplicationManager.java:handleUnderReplicatedContainer(1121)) - Cannot replicate container #3, no healthy replica found.
2022-06-11 13:53:11,834 [ReplicationMonitor] INFO  replication.ReplicationManager (ReplicationManager.java:processAll(249)) - Replication Monitor Thread took 0 milliseconds for processing 3 containers.
2022-06-11 13:53:12,313 [ForkJoinPool.commonPool-worker-1] INFO  statemachine.DatanodeStateMachine (DatanodeStateMachine.java:stopDaemon(572)) - Ozone container server stopped.
2022-06-11 13:53:12,339 [ForkJoinPool.commonPool-worker-1] INFO  handler.ContextHandler (ContextHandler.java:doStop(1153)) - Stopped o.e.j.w.WebAppContext@604d207e{hddsDatanode,/,null,STOPPED}{jar:file:/home/runner/.m2/repository/org/apache/ozone/hdds-container-service/1.3.0-SNAPSHOT/hdds-container-service-1.3.0-SNAPSHOT.jar!/webapps/hddsDatanode}
2022-06-11 13:53:12,344 [ForkJoinPool.commonPool-worker-1] INFO  server.AbstractConnector (AbstractConnector.java:doStop(381)) - Stopped ServerConnector@7baf7e1{HTTP/1.1, (http/1.1)}{0.0.0.0:0}
2022-06-11 13:53:12,344 [ForkJoinPool.commonPool-worker-1] INFO  server.session (HouseKeeper.java:stopScavenging(149)) - node0 Stopped scavenging
2022-06-11 13:53:12,345 [ForkJoinPool.commonPool-worker-1] INFO  handler.ContextHandler (ContextHandler.java:doStop(1153)) - Stopped o.e.j.s.ServletContextHandler@6b75b27b{static,/static,jar:file:/home/runner/.m2/repository/org/apache/ozone/hdds-container-service/1.3.0-SNAPSHOT/hdds-container-service-1.3.0-SNAPSHOT.jar!/webapps/static,STOPPED}
2022-06-11 13:53:12,346 [ForkJoinPool.commonPool-worker-1] INFO  handler.ContextHandler (ContextHandler.java:doStop(1153)) - Stopped o.e.j.s.ServletContextHandler@9699316{logs,/logs,file:///home/runner/work/ozone/ozone/hadoop-ozone/integration-test/target/log,STOPPED}
2022-06-11 13:53:12,347 [Listener at 127.0.0.1/40219] INFO  ozone.MiniOzoneClusterImpl (MiniOzoneClusterImpl.java:stopSCM(545)) - Stopping the StorageContainerManager
2022-06-11 13:53:12,347 [Listener at 127.0.0.1/40219] INFO  server.StorageContainerManager (StorageContainerManager.java:stop(1500)) - Container Balancer is not running.
2022-06-11 13:53:12,348 [Listener at 127.0.0.1/40219] INFO  server.StorageContainerManager (StorageContainerManager.java:stop(1507)) - Stopping Replication Manager Service.
2022-06-11 13:53:12,348 [Listener at 127.0.0.1/40219] INFO  replication.ReplicationManager (ReplicationManager.java:stop(212)) - Stopping Replication Monitor Thread.
2022-06-11 13:53:12,348 [Listener at 127.0.0.1/40219] INFO  server.StorageContainerManager (StorageContainerManager.java:stop(1514)) - Stopping the Datanode Admin Monitor.
2022-06-11 13:53:12,348 [ReplicationMonitor] INFO  replication.ReplicationManager (ReplicationManager.java:run(270)) - Replication Monitor Thread is stopped
2022-06-11 13:53:12,348 [Listener at 127.0.0.1/40219] INFO  server.StorageContainerManager (StorageContainerManager.java:stop(1521)) - Stopping Lease Manager of the command watchers
2022-06-11 13:53:12,348 [Listener at 127.0.0.1/40219] INFO  server.StorageContainerManager (StorageContainerManager.java:stop(1528)) - Stopping datanode service RPC server
2022-06-11 13:53:12,348 [Listener at 127.0.0.1/40219] INFO  server.SCMDatanodeProtocolServer (SCMDatanodeProtocolServer.java:stop(400)) - Stopping the RPC server for DataNodes
2022-06-11 13:53:12,348 [Listener at 127.0.0.1/40219] INFO  ipc.Server (Server.java:stop(3414)) - Stopping server on 34491
2022-06-11 13:53:12,359 [IPC Server listener on 0] INFO  ipc.Server (Server.java:run(1376)) - Stopping IPC Server listener on 0
2022-06-11 13:53:12,359 [IPC Server Responder] INFO  ipc.Server (Server.java:run(1512)) - Stopping IPC Server Responder
2022-06-11 13:53:12,383 [SCM Heartbeat Processing Thread - 0] WARN  node.NodeStateManager (NodeStateManager.java:scheduleNextHealthCheck(848)) - Current Thread is interrupted, shutting down HB processing thread for Node Manager.
2022-06-11 13:53:12,384 [Listener at 127.0.0.1/40219] INFO  server.StorageContainerManager (StorageContainerManager.java:stop(1536)) - Stopping block service RPC server
2022-06-11 13:53:12,384 [Listener at 127.0.0.1/40219] INFO  server.SCMBlockProtocolServer (SCMBlockProtocolServer.java:stop(160)) - Stopping the RPC server for Block Protocol
2022-06-11 13:53:12,384 [Listener at 127.0.0.1/40219] INFO  ipc.Server (Server.java:stop(3414)) - Stopping server on 35617
2022-06-11 13:53:12,385 [IPC Server listener on 0] INFO  ipc.Server (Server.java:run(1376)) - Stopping IPC Server listener on 0
2022-06-11 13:53:12,386 [IPC Server Responder] INFO  ipc.Server (Server.java:run(1512)) - Stopping IPC Server Responder
2022-06-11 13:53:12,386 [Listener at 127.0.0.1/40219] INFO  server.StorageContainerManager (StorageContainerManager.java:stop(1543)) - Stopping the StorageContainerLocationProtocol RPC server
2022-06-11 13:53:12,386 [Listener at 127.0.0.1/40219] INFO  server.SCMClientProtocolServer (SCMClientProtocolServer.java:stop(178)) - Stopping the RPC server for Client Protocol
2022-06-11 13:53:12,386 [Listener at 127.0.0.1/40219] INFO  ipc.Server (Server.java:stop(3414)) - Stopping server on 44603
2022-06-11 13:53:12,389 [IPC Server Responder] INFO  ipc.Server (Server.java:run(1512)) - Stopping IPC Server Responder
2022-06-11 13:53:12,389 [Listener at 127.0.0.1/40219] INFO  server.StorageContainerManager (StorageContainerManager.java:stop(1550)) - Stopping Storage Container Manager HTTP server.
2022-06-11 13:53:12,390 [Listener at 127.0.0.1/40219] INFO  handler.ContextHandler (ContextHandler.java:doStop(1153)) - Stopped o.e.j.w.WebAppContext@4bf63124{scm,/,null,STOPPED}{file:/home/runner/work/ozone/ozone/hadoop-ozone/integration-test/target/test-classes/webapps/scm}
2022-06-11 13:53:12,390 [IPC Server listener on 0] INFO  ipc.Server (Server.java:run(1376)) - Stopping IPC Server listener on 0
2022-06-11 13:53:12,392 [Listener at 127.0.0.1/40219] INFO  server.AbstractConnector (AbstractConnector.java:doStop(381)) - Stopped ServerConnector@6b057d91{HTTP/1.1, (http/1.1)}{0.0.0.0:0}
2022-06-11 13:53:12,392 [Listener at 127.0.0.1/40219] INFO  server.session (HouseKeeper.java:stopScavenging(149)) - node0 Stopped scavenging
2022-06-11 13:53:12,393 [Listener at 127.0.0.1/40219] INFO  handler.ContextHandler (ContextHandler.java:doStop(1153)) - Stopped o.e.j.s.ServletContextHandler@3e2e518{static,/static,file:///home/runner/work/ozone/ozone/hadoop-ozone/integration-test/target/test-classes/webapps/static,STOPPED}
2022-06-11 13:53:12,393 [Listener at 127.0.0.1/40219] INFO  handler.ContextHandler (ContextHandler.java:doStop(1153)) - Stopped o.e.j.s.ServletContextHandler@5288290e{logs,/logs,file:///home/runner/work/ozone/ozone/hadoop-ozone/integration-test/target/log,STOPPED}
2022-06-11 13:53:12,394 [Listener at 127.0.0.1/40219] INFO  server.StorageContainerManager (StorageContainerManager.java:stop(1561)) - Stopping Block Manager Service.
2022-06-11 13:53:12,394 [Listener at 127.0.0.1/40219] INFO  utils.BackgroundService (BackgroundService.java:shutdown(132)) - Shutting down service SCMBlockDeletingService
2022-06-11 13:53:12,394 [Listener at 127.0.0.1/40219] INFO  utils.BackgroundService (BackgroundService.java:shutdown(132)) - Shutting down service SCMBlockDeletingService
2022-06-11 13:53:12,395 [Listener at 127.0.0.1/40219] INFO  server.StorageContainerManager (StorageContainerManager.java:stop(1588)) - Stopping SCM Event Queue.
2022-06-11 13:53:12,400 [Listener at 127.0.0.1/40219] INFO  server.StorageContainerManager (StorageContainerManager.java:stop(1599)) - Stopping SCM HA services.
2022-06-11 13:53:12,400 [Listener at 127.0.0.1/40219] INFO  pipeline.BackgroundPipelineCreator (BackgroundPipelineCreator.java:stop(150)) - Stopping RatisPipelineUtilsThread.
2022-06-11 13:53:12,400 [RatisPipelineUtilsThread - 0] WARN  pipeline.BackgroundPipelineCreator (BackgroundPipelineCreator.java:run(177)) - RatisPipelineUtilsThread is interrupted.
2022-06-11 13:53:12,401 [Listener at 127.0.0.1/40219] INFO  BackgroundPipelineScrubber (BackgroundSCMService.java:stop(126)) - Stopping BackgroundPipelineScrubber Service.
2022-06-11 13:53:12,401 [BackgroundPipelineScrubberThread] WARN  BackgroundPipelineScrubber (BackgroundSCMService.java:run(110)) - BackgroundPipelineScrubber is interrupted, exit
2022-06-11 13:53:12,401 [Listener at 127.0.0.1/40219] INFO  server.StorageContainerManager (StorageContainerManager.java:stop(1609)) - Stopping SCM MetadataStore.
2022-06-11 13:53:12,403 [Listener at 127.0.0.1/40219] INFO  impl.MetricsSystemImpl (MetricsSystemImpl.java:stop(210)) - Stopping XceiverClientMetrics metrics system...
2022-06-11 13:53:12,406 [prometheus] INFO  impl.MetricsSinkAdapter (MetricsSinkAdapter.java:publishMetricsFromQueue(141)) - prometheus thread interrupted.
2022-06-11 13:53:12,406 [Listener at 127.0.0.1/40219] INFO  impl.MetricsSystemImpl (MetricsSystemImpl.java:stop(216)) - XceiverClientMetrics metrics system stopped.
]]></system-out>
  </testcase>
  <testcase name="testAll" classname="TestChunkInputStream" time="33.228">
    <error type="java.lang.IllegalArgumentException"><![CDATA[java.lang.IllegalArgumentException: refCount: [1]
	at com.google.common.base.Preconditions.checkArgument(Preconditions.java:206)
	at org.apache.hadoop.ozone.container.common.utils.ContainerCache.shutdownCache(ContainerCache.java:96)
	at org.apache.hadoop.ozone.container.keyvalue.helpers.BlockUtils.shutdownCache(BlockUtils.java:172)
	at org.apache.hadoop.ozone.container.keyvalue.impl.BlockManagerImpl.shutdown(BlockManagerImpl.java:350)
	at org.apache.hadoop.ozone.container.keyvalue.KeyValueHandler.stop(KeyValueHandler.java:184)
	at java.util.HashMap$Values.forEach(HashMap.java:982)
	at org.apache.hadoop.ozone.container.ozoneimpl.OzoneContainer.stop(OzoneContainer.java:370)
	at org.apache.hadoop.ozone.container.common.statemachine.DatanodeStateMachine.close(DatanodeStateMachine.java:397)
	at org.apache.hadoop.ozone.container.common.statemachine.DatanodeStateMachine.stopDaemon(DatanodeStateMachine.java:571)
	at org.apache.hadoop.ozone.HddsDatanodeService.stop(HddsDatanodeService.java:571)
	at org.apache.hadoop.ozone.MiniOzoneClusterImpl.stopDatanode(MiniOzoneClusterImpl.java:538)
	at java.util.stream.ForEachOps$ForEachOp$OfRef.accept(ForEachOps.java:183)
	at java.util.ArrayList$ArrayListSpliterator.forEachRemaining(ArrayList.java:1384)
	at java.util.stream.AbstractPipeline.copyInto(AbstractPipeline.java:482)
	at java.util.stream.ForEachOps$ForEachTask.compute(ForEachOps.java:290)
	at java.util.concurrent.CountedCompleter.exec(CountedCompleter.java:731)
	at java.util.concurrent.ForkJoinTask.doExec(ForkJoinTask.java:289)
	at java.util.concurrent.ForkJoinTask.doInvoke(ForkJoinTask.java:401)
	at java.util.concurrent.ForkJoinTask.invoke(ForkJoinTask.java:734)
	at java.util.stream.ForEachOps$ForEachOp.evaluateParallel(ForEachOps.java:159)
	at java.util.stream.ForEachOps$ForEachOp$OfRef.evaluateParallel(ForEachOps.java:173)
	at java.util.stream.AbstractPipeline.evaluate(AbstractPipeline.java:233)
	at java.util.stream.ReferencePipeline.forEach(ReferencePipeline.java:485)
	at java.util.stream.ReferencePipeline$Head.forEach(ReferencePipeline.java:650)
	at org.apache.hadoop.ozone.MiniOzoneClusterImpl.stopDatanodes(MiniOzoneClusterImpl.java:532)
	at org.apache.hadoop.ozone.MiniOzoneClusterImpl.stop(MiniOzoneClusterImpl.java:473)
	at org.apache.hadoop.ozone.MiniOzoneClusterImpl.shutdown(MiniOzoneClusterImpl.java:460)
	at org.apache.hadoop.ozone.client.rpc.read.TestInputStreamBase.shutdown(TestInputStreamBase.java:146)
	at sun.reflect.NativeMethodAccessorImpl.invoke0(Native Method)
	at sun.reflect.NativeMethodAccessorImpl.invoke(NativeMethodAccessorImpl.java:62)
	at sun.reflect.DelegatingMethodAccessorImpl.invoke(DelegatingMethodAccessorImpl.java:43)
	at java.lang.reflect.Method.invoke(Method.java:498)
	at org.junit.runners.model.FrameworkMethod$1.runReflectiveCall(FrameworkMethod.java:59)
	at org.junit.internal.runners.model.ReflectiveCallable.run(ReflectiveCallable.java:12)
	at org.junit.runners.model.FrameworkMethod.invokeExplosively(FrameworkMethod.java:56)
	at org.junit.internal.runners.statements.RunAfters.invokeMethod(RunAfters.java:46)
	at org.junit.internal.runners.statements.RunAfters.evaluate(RunAfters.java:33)
	at org.junit.internal.runners.statements.FailOnTimeout$CallableStatement.call(FailOnTimeout.java:288)
	at org.junit.internal.runners.statements.FailOnTimeout$CallableStatement.call(FailOnTimeout.java:282)
	at java.util.concurrent.FutureTask.run(FutureTask.java:266)
	at java.lang.Thread.run(Thread.java:750)
]]></error>
    <system-out><![CDATA[2022-06-11 13:53:12,708 [Time-limited test] WARN  server.ServerUtils (ServerUtils.java:getScmDbDir(148)) - ozone.scm.db.dirs is not configured. We recommend adding this setting. Falling back to ozone.metadata.dirs instead.
2022-06-11 13:53:12,714 [Time-limited test] INFO  ha.SCMHANodeDetails (SCMHANodeDetails.java:loadSCMHAConfig(160)) - ServiceID for StorageContainerManager is null
2022-06-11 13:53:12,714 [Time-limited test] INFO  ha.SCMHANodeDetails (SCMHANodeDetails.java:loadSCMHAConfig(165)) - ozone.scm.default.service.id is not defined, falling back to ozone.scm.service.ids to find serviceID for StorageContainerManager if it is HA enabled cluster
2022-06-11 13:53:12,715 [Time-limited test] WARN  server.ServerUtils (ServerUtils.java:getScmDbDir(148)) - ozone.scm.db.dirs is not configured. We recommend adding this setting. Falling back to ozone.metadata.dirs instead.
2022-06-11 13:53:12,716 [Time-limited test] WARN  utils.HAUtils (HAUtils.java:getMetaDir(342)) - ozone.scm.db.dirs is not configured. We recommend adding this setting. Falling back to ozone.metadata.dirs instead.
2022-06-11 13:53:12,729 [Time-limited test] WARN  db.DBStoreBuilder (DBStoreBuilder.java:applyDBDefinition(145)) - ozone.scm.db.dirs is not configured. We recommend adding this setting. Falling back to ozone.metadata.dirs instead.
2022-06-11 13:53:13,028 [Time-limited test] INFO  net.NodeSchemaLoader (NodeSchemaLoader.java:loadSchemaFromFile(129)) - Loading schema from [jar:file:/home/runner/.m2/repository/org/apache/ozone/hdds-common/1.3.0-SNAPSHOT/hdds-common-1.3.0-SNAPSHOT.jar!/network-topology-default.xml]
2022-06-11 13:53:13,028 [Time-limited test] INFO  net.NodeSchemaLoader (NodeSchemaLoader.java:loadSchema(176)) - Loading network topology layer schema file
2022-06-11 13:53:13,032 [Time-limited test] WARN  impl.MetricRegistriesImpl (MetricRegistriesImpl.java:addReporterRegistration(111)) - New reporters are added after registries were created. Some metrics will be missing from the reporter. Please add reporter before adding any new registry.
2022-06-11 13:53:13,033 [Time-limited test] WARN  impl.MetricRegistriesImpl (MetricRegistriesImpl.java:addReporterRegistration(111)) - New reporters are added after registries were created. Some metrics will be missing from the reporter. Please add reporter before adding any new registry.
2022-06-11 13:53:13,033 [Time-limited test] INFO  upgrade.AbstractLayoutVersionManager (AbstractLayoutVersionManager.java:init(82)) - Initializing Layout version manager with metadata layout = DATANODE_SCHEMA_V3 (version = 4), software layout = DATANODE_SCHEMA_V3 (version = 4)
2022-06-11 13:53:13,212 [Time-limited test] INFO  reflections.Reflections (Reflections.java:scan(232)) - Reflections took 176 ms to scan 7 urls, producing 131 keys and 311 values 
2022-06-11 13:53:13,230 [Time-limited test] INFO  ha.SequenceIdGenerator (SequenceIdGenerator.java:upgradeToSequenceId(347)) - upgrade localId to 109611004723200000
2022-06-11 13:53:13,230 [Time-limited test] INFO  ha.SequenceIdGenerator (SequenceIdGenerator.java:upgradeToSequenceId(357)) - upgrade delTxnId to 0
2022-06-11 13:53:13,230 [Time-limited test] INFO  ha.SequenceIdGenerator (SequenceIdGenerator.java:upgradeToSequenceId(374)) - upgrade containerId to 0
2022-06-11 13:53:13,230 [Time-limited test] INFO  ha.SequenceIdGenerator (SequenceIdGenerator.java:<init>(218)) - Init the HA SequenceIdGenerator.
2022-06-11 13:53:13,256 [Time-limited test] INFO  node.SCMNodeManager (SCMNodeManager.java:<init>(149)) - Entering startup safe mode.
2022-06-11 13:53:13,257 [Time-limited test] INFO  algorithms.ContainerPlacementPolicyFactory (ContainerPlacementPolicyFactory.java:getPolicyInternal(86)) - Create container placement policy of type org.apache.hadoop.hdds.scm.container.placement.algorithms.SCMContainerPlacementRandom
2022-06-11 13:53:13,257 [Time-limited test] INFO  pipeline.PipelineStateManagerImpl (PipelineStateManagerImpl.java:initialize(78)) - No pipeline exists in current db
2022-06-11 13:53:13,258 [Time-limited test] INFO  algorithms.LeaderChoosePolicyFactory (LeaderChoosePolicyFactory.java:getPolicy(57)) - Create leader choose policy of type org.apache.hadoop.hdds.scm.pipeline.leader.choose.algorithms.MinLeaderCountChoosePolicy
2022-06-11 13:53:13,258 [Time-limited test] INFO  algorithms.ContainerPlacementPolicyFactory (ContainerPlacementPolicyFactory.java:getPolicyInternal(86)) - Create container placement policy of type org.apache.hadoop.hdds.scm.container.placement.algorithms.SCMContainerPlacementRackScatter
2022-06-11 13:53:13,259 [Time-limited test] INFO  pipeline.BackgroundPipelineCreator (BackgroundPipelineCreator.java:start(125)) - Starting RatisPipelineUtilsThread.
2022-06-11 13:53:13,268 [Time-limited test] INFO  BackgroundPipelineScrubber (BackgroundSCMService.java:start(68)) - Starting BackgroundPipelineScrubber Service.
2022-06-11 13:53:13,280 [Time-limited test] INFO  ha.SCMServiceManager (SCMServiceManager.java:register(42)) - Registering service BackgroundPipelineCreator.
2022-06-11 13:53:13,280 [Time-limited test] INFO  ha.SCMServiceManager (SCMServiceManager.java:register(42)) - Registering service BackgroundPipelineScrubber.
2022-06-11 13:53:13,280 [Time-limited test] INFO  ExpiredContainerReplicaOpScrubber (BackgroundSCMService.java:start(68)) - Starting ExpiredContainerReplicaOpScrubber Service.
2022-06-11 13:53:13,288 [Time-limited test] INFO  ha.SCMServiceManager (SCMServiceManager.java:register(42)) - Registering service ExpiredContainerReplicaOpScrubber.
2022-06-11 13:53:13,289 [Time-limited test] INFO  algorithms.PipelineChoosePolicyFactory (PipelineChoosePolicyFactory.java:createPipelineChoosePolicyFromClass(73)) - Create pipeline choose policy of type org.apache.hadoop.hdds.scm.pipeline.choose.algorithms.RandomPipelineChoosePolicy
2022-06-11 13:53:13,289 [Time-limited test] INFO  ha.SCMServiceManager (SCMServiceManager.java:register(42)) - Registering service SCMBlockDeletingService.
2022-06-11 13:53:13,290 [Time-limited test] INFO  ha.SCMServiceManager (SCMServiceManager.java:register(42)) - Registering service ReplicationManager.
2022-06-11 13:53:13,290 [Time-limited test] INFO  replication.ReplicationManager (ReplicationManager.java:start(179)) - Starting Replication Monitor Thread.
2022-06-11 13:53:13,296 [Time-limited test] INFO  safemode.ContainerSafeModeRule (ContainerSafeModeRule.java:<init>(89)) - containers with one replica threshold count 0
2022-06-11 13:53:13,297 [Time-limited test] INFO  safemode.HealthyPipelineSafeModeRule (HealthyPipelineSafeModeRule.java:initializeRule(156)) - Total pipeline count is 0, healthy pipeline threshold count is 1
2022-06-11 13:53:13,297 [Time-limited test] INFO  safemode.OneReplicaPipelineSafeModeRule (OneReplicaPipelineSafeModeRule.java:initializeRule(180)) - Total pipeline count is 0, pipeline's with at least one datanode reported threshold count is 0
2022-06-11 13:53:13,304 [Time-limited test] INFO  ipc.CallQueueManager (CallQueueManager.java:<init>(90)) - Using callQueue: class java.util.concurrent.LinkedBlockingQueue, queueCapacity: 2000, scheduler: class org.apache.hadoop.ipc.DefaultRpcScheduler, ipcBackoff: false.
2022-06-11 13:53:13,313 [Socket Reader #1 for port 0] INFO  ipc.Server (Server.java:run(1265)) - Starting Socket Reader #1 for port 0
2022-06-11 13:53:13,324 [ReplicationMonitor] INFO  replication.ReplicationManager (ReplicationManager.java:processAll(228)) - Replication Manager is not ready to run until 3000ms after safemode exit
2022-06-11 13:53:13,333 [Listener at 0.0.0.0/43569] INFO  ipc.CallQueueManager (CallQueueManager.java:<init>(90)) - Using callQueue: class java.util.concurrent.LinkedBlockingQueue, queueCapacity: 2000, scheduler: class org.apache.hadoop.ipc.DefaultRpcScheduler, ipcBackoff: false.
2022-06-11 13:53:13,351 [Socket Reader #1 for port 0] INFO  ipc.Server (Server.java:run(1265)) - Starting Socket Reader #1 for port 0
2022-06-11 13:53:13,381 [Listener at 0.0.0.0/33553] INFO  ipc.CallQueueManager (CallQueueManager.java:<init>(90)) - Using callQueue: class java.util.concurrent.LinkedBlockingQueue, queueCapacity: 2000, scheduler: class org.apache.hadoop.ipc.DefaultRpcScheduler, ipcBackoff: false.
2022-06-11 13:53:13,388 [Socket Reader #1 for port 0] INFO  ipc.Server (Server.java:run(1265)) - Starting Socket Reader #1 for port 0
2022-06-11 13:53:13,452 [Listener at 0.0.0.0/34757] INFO  ha.SCMServiceManager (SCMServiceManager.java:register(42)) - Registering service ContainerBalancer.
2022-06-11 13:53:13,452 [Listener at 0.0.0.0/34757] INFO  server.StorageContainerManager (StorageContainerManager.java:<init>(397)) - 
Container Balancer status:
Key                            Value
Running                        false
Container Balancer Configuration values:
Key                                                Value
Threshold                                          10
Max Datanodes to Involve per Iteration(percent)    20
Max Size to Move per Iteration                     500GB
Max Size Entering Target per Iteration             26GB
Max Size Leaving Source per Iteration              26GB

2022-06-11 13:53:13,452 [Listener at 0.0.0.0/34757] WARN  events.EventQueue (EventQueue.java:fireEvent(194)) - No event handler registered for event TypedEvent{payloadType=SafeModeStatus, name='Safe mode status'}
2022-06-11 13:53:13,452 [Listener at 0.0.0.0/34757] INFO  ha.SCMContext (SCMContext.java:updateSafeModeStatus(228)) - Update SafeModeStatus from SafeModeStatus{safeModeStatus=true, preCheckPassed=false} to SafeModeStatus{safeModeStatus=true, preCheckPassed=false}.
2022-06-11 13:53:13,472 [Listener at 0.0.0.0/34757] INFO  server.StorageContainerManager (StorageContainerManager.java:start(1408)) - StorageContainerLocationProtocol RPC server is listening at /0.0.0.0:34757
2022-06-11 13:53:13,474 [Listener at 0.0.0.0/34757] WARN  impl.MetricsConfig (MetricsConfig.java:loadFirst(136)) - Cannot locate configuration: tried hadoop-metrics2-storagecontainermanager.properties,hadoop-metrics2.properties
2022-06-11 13:53:13,486 [Listener at 0.0.0.0/34757] INFO  impl.MetricsSystemImpl (MetricsSystemImpl.java:startTimer(378)) - Scheduled Metric snapshot period at 10 second(s).
2022-06-11 13:53:13,486 [Listener at 0.0.0.0/34757] INFO  impl.MetricsSystemImpl (MetricsSystemImpl.java:start(191)) - StorageContainerManager metrics system started
2022-06-11 13:53:13,542 [Listener at 0.0.0.0/34757] INFO  impl.MetricsSinkAdapter (MetricsSinkAdapter.java:start(204)) - Sink prometheus started
2022-06-11 13:53:13,551 [Listener at 0.0.0.0/34757] INFO  impl.MetricsSystemImpl (MetricsSystemImpl.java:registerSink(305)) - Registered sink prometheus
2022-06-11 13:53:13,607 [Listener at 0.0.0.0/34757] INFO  server.SCMClientProtocolServer (SCMClientProtocolServer.java:start(169)) - RPC server for Client  is listening at /0.0.0.0:34757
2022-06-11 13:53:13,618 [IPC Server Responder] INFO  ipc.Server (Server.java:run(1507)) - IPC Server Responder: starting
2022-06-11 13:53:13,628 [IPC Server listener on 0] INFO  ipc.Server (Server.java:run(1344)) - IPC Server listener on 0: starting
2022-06-11 13:53:13,651 [Listener at 0.0.0.0/34757] INFO  server.StorageContainerManager (StorageContainerManager.java:start(1423)) - ScmBlockLocationProtocol RPC server is listening at /0.0.0.0:33553
2022-06-11 13:53:13,651 [Listener at 0.0.0.0/34757] INFO  server.SCMBlockProtocolServer (SCMBlockProtocolServer.java:start(151)) - RPC server for Block Protocol is listening at /0.0.0.0:33553
2022-06-11 13:53:13,651 [IPC Server Responder] INFO  ipc.Server (Server.java:run(1507)) - IPC Server Responder: starting
2022-06-11 13:53:13,652 [IPC Server listener on 0] INFO  ipc.Server (Server.java:run(1344)) - IPC Server listener on 0: starting
2022-06-11 13:53:13,710 [Listener at 0.0.0.0/34757] INFO  server.SCMDatanodeProtocolServer (SCMDatanodeProtocolServer.java:start(183)) - ScmDatanodeProtocol RPC server for DataNodes is listening at /0.0.0.0:43569
2022-06-11 13:53:13,716 [IPC Server Responder] INFO  ipc.Server (Server.java:run(1507)) - IPC Server Responder: starting
2022-06-11 13:53:13,719 [IPC Server listener on 0] INFO  ipc.Server (Server.java:run(1344)) - IPC Server listener on 0: starting
2022-06-11 13:53:13,820 [Listener at 0.0.0.0/34757] INFO  http.BaseHttpServer (BaseHttpServer.java:newHttpServer2BuilderForOzone(209)) - Starting Web-server for scm at: http://0.0.0.0:0
2022-06-11 13:53:13,820 [Listener at 0.0.0.0/34757] INFO  http.BaseHttpServer (BaseHttpServer.java:<init>(107)) - Hadoop Security Enabled: false Ozone Security Enabled: false Ozone HTTP Security Enabled: false 
2022-06-11 13:53:13,822 [Listener at 0.0.0.0/34757] INFO  server.AuthenticationFilter (AuthenticationFilter.java:constructSecretProvider(240)) - Unable to initialize FileSignerSecretProvider, falling back to use random secrets.
2022-06-11 13:53:13,825 [Listener at 0.0.0.0/34757] WARN  http.HttpRequestLog (HttpRequestLog.java:getRequestLog(103)) - Jetty request log can only be enabled using Log4j
2022-06-11 13:53:13,826 [Listener at 0.0.0.0/34757] INFO  http.HttpServer2 (HttpServer2.java:addGlobalFilter(1029)) - Added global filter 'safety' (class=org.apache.hadoop.hdds.server.http.HttpServer2$QuotingInputFilter)
2022-06-11 13:53:13,827 [Listener at 0.0.0.0/34757] INFO  http.HttpServer2 (HttpServer2.java:addFilter(1005)) - Added filter static_user_filter (class=org.apache.hadoop.http.lib.StaticUserWebFilter$StaticUserFilter) to context scm
2022-06-11 13:53:13,827 [Listener at 0.0.0.0/34757] INFO  http.HttpServer2 (HttpServer2.java:addFilter(1013)) - Added filter static_user_filter (class=org.apache.hadoop.http.lib.StaticUserWebFilter$StaticUserFilter) to context logs
2022-06-11 13:53:13,827 [Listener at 0.0.0.0/34757] INFO  http.HttpServer2 (HttpServer2.java:addFilter(1013)) - Added filter static_user_filter (class=org.apache.hadoop.http.lib.StaticUserWebFilter$StaticUserFilter) to context static
2022-06-11 13:53:13,828 [Listener at 0.0.0.0/34757] INFO  http.HttpServer2 (HttpServer2.java:bindListener(1248)) - Jetty bound to port 34133
2022-06-11 13:53:13,828 [Listener at 0.0.0.0/34757] INFO  server.Server (Server.java:doStart(375)) - jetty-9.4.43.v20210629; built: 2021-06-30T11:07:22.254Z; git: 526006ecfa3af7f1a27ef3a288e2bef7ea9dd7e8; jvm 1.8.0_332-b09
2022-06-11 13:53:13,828 [org.apache.hadoop.util.JvmPauseMonitor$Monitor@1385d2b8] INFO  util.JvmPauseMonitor (JvmPauseMonitor.java:run(188)) - Starting JVM pause monitor
2022-06-11 13:53:13,851 [Listener at 0.0.0.0/34757] INFO  server.session (DefaultSessionIdManager.java:doStart(334)) - DefaultSessionIdManager workerName=node0
2022-06-11 13:53:13,851 [Listener at 0.0.0.0/34757] INFO  server.session (DefaultSessionIdManager.java:doStart(339)) - No SessionScavenger set, using defaults
2022-06-11 13:53:13,852 [Listener at 0.0.0.0/34757] INFO  server.session (HouseKeeper.java:startScavenging(132)) - node0 Scavenging every 600000ms
2022-06-11 13:53:13,852 [Listener at 0.0.0.0/34757] INFO  handler.ContextHandler (ContextHandler.java:doStart(915)) - Started o.e.j.s.ServletContextHandler@68acbc58{logs,/logs,file:///home/runner/work/ozone/ozone/hadoop-ozone/integration-test/target/log,AVAILABLE}
2022-06-11 13:53:13,853 [Listener at 0.0.0.0/34757] INFO  handler.ContextHandler (ContextHandler.java:doStart(915)) - Started o.e.j.s.ServletContextHandler@39afa4c9{static,/static,file:///home/runner/work/ozone/ozone/hadoop-ozone/integration-test/target/test-classes/webapps/static,AVAILABLE}
2022-06-11 13:53:13,867 [Listener at 0.0.0.0/34757] INFO  handler.ContextHandler (ContextHandler.java:doStart(915)) - Started o.e.j.w.WebAppContext@2765907c{scm,/,file:///home/runner/work/ozone/ozone/hadoop-ozone/integration-test/target/test-classes/webapps/scm/,AVAILABLE}{file:/home/runner/work/ozone/ozone/hadoop-ozone/integration-test/target/test-classes/webapps/scm}
2022-06-11 13:53:13,868 [Listener at 0.0.0.0/34757] INFO  server.AbstractConnector (AbstractConnector.java:doStart(331)) - Started ServerConnector@77656134{HTTP/1.1, (http/1.1)}{0.0.0.0:34133}
2022-06-11 13:53:13,868 [Listener at 0.0.0.0/34757] INFO  server.Server (Server.java:doStart(415)) - Started @77665ms
2022-06-11 13:53:13,868 [Listener at 0.0.0.0/34757] WARN  impl.MetricsSystemImpl (MetricsSystemImpl.java:register(279)) - Sink prometheus already exists!
2022-06-11 13:53:13,868 [Listener at 0.0.0.0/34757] INFO  http.BaseHttpServer (BaseHttpServer.java:updateConnectorAddress(329)) - HTTP server of scm listening at http://0.0.0.0:34133
2022-06-11 13:53:13,869 [Listener at 0.0.0.0/34757] WARN  server.ServerUtils (ServerUtils.java:getDBPath(225)) - ozone.om.db.dirs is not configured. We recommend adding this setting. Falling back to ozone.metadata.dirs instead.
2022-06-11 13:53:13,874 [Listener at 0.0.0.0/34757] INFO  ha.OMHANodeDetails (OMHANodeDetails.java:loadOMHAConfig(115)) - ozone.om.internal.service.id is not defined, falling back to ozone.om.service.ids to find serviceID for OzoneManager if it is HA enabled cluster
2022-06-11 13:53:13,875 [Listener at 0.0.0.0/34757] INFO  ha.OMHANodeDetails (OMHANodeDetails.java:loadOMHAConfig(226)) - Configuration does not have ozone.om.address set. Falling back to the default OM address /127.0.0.1:0
2022-06-11 13:53:13,875 [Listener at 0.0.0.0/34757] INFO  ha.OMHANodeDetails (OMHANodeDetails.java:getOMNodeDetailsForNonHA(254)) - OM Service ID is not set. Setting it to the default ID: omServiceIdDefault
2022-06-11 13:53:13,875 [Listener at 0.0.0.0/34757] INFO  ha.OMHANodeDetails (OMHANodeDetails.java:getOMNodeDetailsForNonHA(261)) - OM Node ID is not set. Setting it to the default ID: om1
2022-06-11 13:53:13,875 [Listener at 0.0.0.0/34757] WARN  server.ServerUtils (ServerUtils.java:getDBPath(225)) - ozone.om.db.dirs is not configured. We recommend adding this setting. Falling back to ozone.metadata.dirs instead.
2022-06-11 13:53:13,875 [Listener at 0.0.0.0/34757] INFO  upgrade.AbstractLayoutVersionManager (AbstractLayoutVersionManager.java:init(82)) - Initializing Layout version manager with metadata layout = MULTITENANCY_SCHEMA (version = 3), software layout = MULTITENANCY_SCHEMA (version = 3)
2022-06-11 13:53:14,124 [Listener at 0.0.0.0/34757] INFO  reflections.Reflections (Reflections.java:scan(232)) - Reflections took 244 ms to scan 2 urls, producing 153 keys and 431 values [using 2 cores]
2022-06-11 13:53:14,125 [Listener at 0.0.0.0/34757] INFO  upgrade.OMLayoutVersionManager (OMLayoutVersionManager.java:lambda$0(115)) - Skipping Upgrade Action MockOmUpgradeAction since it has been finalized.
2022-06-11 13:53:14,125 [Listener at 0.0.0.0/34757] WARN  server.ServerUtils (ServerUtils.java:getDBPath(225)) - ozone.om.db.dirs is not configured. We recommend adding this setting. Falling back to ozone.metadata.dirs instead.
2022-06-11 13:53:14,125 [Listener at 0.0.0.0/34757] INFO  proxy.SCMBlockLocationFailoverProxyProvider (SCMBlockLocationFailoverProxyProvider.java:<init>(114)) - Created block location fail-over proxy with 1 nodes: [nodeId=scmNodeId,nodeAddress=/0.0.0.0:33553]
2022-06-11 13:53:14,126 [Listener at 0.0.0.0/34757] INFO  proxy.SCMBlockLocationFailoverProxyProvider (SCMBlockLocationFailoverProxyProvider.java:<init>(114)) - Created block location fail-over proxy with 1 nodes: [nodeId=scmNodeId,nodeAddress=/0.0.0.0:33553]
2022-06-11 13:53:14,168 [Listener at 0.0.0.0/34757] WARN  server.ServerUtils (ServerUtils.java:getDBPath(225)) - ozone.om.db.dirs is not configured. We recommend adding this setting. Falling back to ozone.metadata.dirs instead.
2022-06-11 13:53:14,169 [Listener at 0.0.0.0/34757] INFO  codec.OmKeyInfoCodec (OmKeyInfoCodec.java:<init>(49)) - OmKeyInfoCodec ignorePipeline = true
2022-06-11 13:53:14,169 [Listener at 0.0.0.0/34757] INFO  codec.RepeatedOmKeyInfoCodec (RepeatedOmKeyInfoCodec.java:<init>(41)) - RepeatedOmKeyInfoCodec ignorePipeline = true
2022-06-11 13:53:14,325 [ReplicationMonitor] INFO  replication.ReplicationManager (ReplicationManager.java:processAll(228)) - Replication Manager is not ready to run until 3000ms after safemode exit
2022-06-11 13:53:14,599 [Listener at 0.0.0.0/34757] INFO  om.OzoneManager (OzoneManager.java:instantiateServices(689)) - S3 Multi-Tenancy is disabled
2022-06-11 13:53:14,600 [Listener at 0.0.0.0/34757] INFO  om.OzoneManager (OzoneManager.java:addS3GVolumeToDB(4241)) - Created Volume s3v With Owner runner required for S3Gateway operations.
2022-06-11 13:53:14,600 [Listener at 0.0.0.0/34757] WARN  server.ServerUtils (ServerUtils.java:getDefaultRatisDirectory(237)) - Storage directory for Ratis is not configured. It is a good idea to map this to an SSD disk. Falling back to ozone.metadata.dirs
2022-06-11 13:53:14,600 [Listener at 0.0.0.0/34757] WARN  utils.OzoneManagerRatisUtils (OzoneManagerRatisUtils.java:getOMRatisSnapshotDirectory(423)) - ozone.om.ratis.snapshot.dir is not configured. Falling back to ozone.metadata.dirs config
2022-06-11 13:53:14,600 [Listener at 0.0.0.0/34757] WARN  impl.MetricRegistriesImpl (MetricRegistriesImpl.java:addReporterRegistration(111)) - New reporters are added after registries were created. Some metrics will be missing from the reporter. Please add reporter before adding any new registry.
2022-06-11 13:53:14,600 [Listener at 0.0.0.0/34757] WARN  impl.MetricRegistriesImpl (MetricRegistriesImpl.java:addReporterRegistration(111)) - New reporters are added after registries were created. Some metrics will be missing from the reporter. Please add reporter before adding any new registry.
2022-06-11 13:53:14,601 [Listener at 0.0.0.0/34757] WARN  server.ServerUtils (ServerUtils.java:getDefaultRatisDirectory(237)) - Storage directory for Ratis is not configured. It is a good idea to map this to an SSD disk. Falling back to ozone.metadata.dirs
2022-06-11 13:53:14,605 [Listener at 0.0.0.0/34757] INFO  ratis.OzoneManagerRatisServer (OzoneManagerRatisServer.java:<init>(159)) - Instantiating OM Ratis server with groupID: omServiceIdDefault and peers: localhost:9872
2022-06-11 13:53:14,605 [Listener at 0.0.0.0/34757] INFO  ratis.OzoneManagerStateMachine (OzoneManagerStateMachine.java:loadSnapshotInfoFromDB(627)) - LastAppliedIndex is set from TransactionInfo from OM DB as (t:0, i:~)
2022-06-11 13:53:14,615 [Listener at 0.0.0.0/34757] INFO  server.RaftServer (ConfUtils.java:logGet(46)) - raft.rpc.type = GRPC (default)
2022-06-11 13:53:14,615 [Listener at 0.0.0.0/34757] INFO  grpc.GrpcFactory (GrpcFactory.java:checkPooledByteBufAllocatorUseCacheForAllThreads(48)) - PERFORMANCE WARNING: useCacheForAllThreads is true that may cause Netty to create a lot garbage objects and, as a result, trigger GC.
	It is recommended to disable useCacheForAllThreads by setting -Dorg.apache.ratis.thirdparty.io.netty.allocator.useCacheForAllThreads=false in command line.
2022-06-11 13:53:14,615 [Listener at 0.0.0.0/34757] INFO  grpc.GrpcConfigKeys (ConfUtils.java:logGet(46)) - raft.grpc.admin.port = -1 (default)
2022-06-11 13:53:14,616 [Listener at 0.0.0.0/34757] INFO  grpc.GrpcConfigKeys (ConfUtils.java:logGet(46)) - raft.grpc.server.port = 9872 (custom)
2022-06-11 13:53:14,616 [Listener at 0.0.0.0/34757] INFO  grpc.GrpcConfigKeys (ConfUtils.java:logGet(46)) - raft.grpc.client.port = -1 (default)
2022-06-11 13:53:14,616 [Listener at 0.0.0.0/34757] INFO  grpc.GrpcConfigKeys (ConfUtils.java:logGet(46)) - raft.grpc.server.port = 9872 (custom)
2022-06-11 13:53:14,616 [Listener at 0.0.0.0/34757] INFO  grpc.GrpcConfigKeys (ConfUtils.java:logGet(46)) - raft.grpc.server.port = 9872 (custom)
2022-06-11 13:53:14,616 [Listener at 0.0.0.0/34757] INFO  server.GrpcService (ConfUtils.java:logGet(46)) - raft.grpc.message.size.max = 33554432 (custom)
2022-06-11 13:53:14,616 [Listener at 0.0.0.0/34757] INFO  server.RaftServerConfigKeys (ConfUtils.java:logGet(46)) - raft.server.log.appender.buffer.byte-limit = 33554432 (custom)
2022-06-11 13:53:14,617 [Listener at 0.0.0.0/34757] INFO  server.GrpcService (ConfUtils.java:logGet(46)) - raft.grpc.flow.control.window = 1MB (=1048576) (default)
2022-06-11 13:53:14,617 [Listener at 0.0.0.0/34757] INFO  server.RaftServerConfigKeys (ConfUtils.java:logGet(46)) - raft.server.rpc.request.timeout = 3000ms (default)
2022-06-11 13:53:14,617 [Listener at 0.0.0.0/34757] INFO  grpc.GrpcConfigKeys (ConfUtils.java:logGet(46)) - raft.grpc.server.async.request.thread.pool.cached = true (default)
2022-06-11 13:53:14,617 [Listener at 0.0.0.0/34757] INFO  grpc.GrpcConfigKeys (ConfUtils.java:logGet(46)) - raft.grpc.server.async.request.thread.pool.size = 32 (default)
2022-06-11 13:53:14,618 [Listener at 0.0.0.0/34757] INFO  impl.DataStreamServerImpl (ConfUtils.java:logGet(46)) - raft.datastream.type = DISABLED (default)
2022-06-11 13:53:14,618 [Listener at 0.0.0.0/34757] INFO  server.RaftServerConfigKeys (ConfUtils.java:logGet(46)) - raft.server.threadpool.proxy.cached = true (default)
2022-06-11 13:53:14,619 [Listener at 0.0.0.0/34757] INFO  server.RaftServerConfigKeys (ConfUtils.java:logGet(46)) - raft.server.threadpool.proxy.size = 0 (default)
2022-06-11 13:53:14,619 [Listener at 0.0.0.0/34757] INFO  server.RaftServerConfigKeys (ConfUtils.java:logGet(46)) - raft.server.rpc.slowness.timeout = 120s (custom)
2022-06-11 13:53:14,619 [Listener at 0.0.0.0/34757] INFO  server.RaftServerConfigKeys (ConfUtils.java:logGet(46)) - raft.server.leaderelection.leader.step-down.wait-time = 10s (default)
2022-06-11 13:53:14,619 [Listener at 0.0.0.0/34757] INFO  server.RaftServerConfigKeys (ConfUtils.java:logGet(46)) - raft.server.storage.dir = [/home/runner/work/ozone/ozone/hadoop-ozone/integration-test/target/test-dir/MiniOzoneClusterImpl-230799ad-2127-4c70-a2a5-72c033a9677f/ozone-meta/ratis] (custom)
2022-06-11 13:53:14,639 [Listener at 0.0.0.0/34757] INFO  server.RaftServer (RaftServerProxy.java:addNew(96)) - om1: addNew group-C5BA1605619E:[om1|rpc:localhost:9872|priority:0] returns group-C5BA1605619E:java.util.concurrent.CompletableFuture@27855332[Not completed]
2022-06-11 13:53:14,639 [Listener at 0.0.0.0/34757] INFO  om.OzoneManager (OzoneManager.java:initializeRatisServer(1958)) - OzoneManager Ratis server initialized at port 9872
2022-06-11 13:53:14,640 [Listener at 0.0.0.0/34757] INFO  om.OzoneManager (OzoneManager.java:getRpcServer(1078)) - Creating RPC Server
2022-06-11 13:53:14,641 [pool-315-thread-1] INFO  server.RaftServer$Division (RaftServerImpl.java:<init>(190)) - om1: new RaftServerImpl for group-C5BA1605619E:[om1|rpc:localhost:9872|priority:0] with OzoneManagerStateMachine:uninitialized
2022-06-11 13:53:14,641 [pool-315-thread-1] INFO  server.RaftServerConfigKeys (ConfUtils.java:logGet(46)) - raft.server.rpc.timeout.min = 1s (custom)
2022-06-11 13:53:14,642 [pool-315-thread-1] INFO  server.RaftServerConfigKeys (ConfUtils.java:logGet(46)) - raft.server.rpc.timeout.max = 1200ms (custom)
2022-06-11 13:53:14,642 [pool-315-thread-1] INFO  server.RaftServerConfigKeys (ConfUtils.java:logGet(46)) - raft.server.rpc.sleep.time = 25ms (default)
2022-06-11 13:53:14,642 [pool-315-thread-1] INFO  server.RaftServerConfigKeys (ConfUtils.java:logGet(46)) - raft.server.rpc.slowness.timeout = 120s (custom)
2022-06-11 13:53:14,642 [pool-315-thread-1] INFO  server.RaftServerConfigKeys (ConfUtils.java:logGet(46)) - raft.server.leaderelection.leader.step-down.wait-time = 10s (default)
2022-06-11 13:53:14,642 [pool-315-thread-1] INFO  server.RaftServerConfigKeys (ConfUtils.java:logGet(46)) - raft.server.sleep.deviation.threshold = 300ms (default)
2022-06-11 13:53:14,642 [pool-315-thread-1] INFO  server.RaftServer$Division (ServerState.java:<init>(107)) - om1@group-C5BA1605619E: ConfigurationManager, init=-1: [om1|rpc:localhost:9872|priority:0], old=null, confs=<EMPTY_MAP>
2022-06-11 13:53:14,642 [pool-315-thread-1] INFO  server.RaftServerConfigKeys (ConfUtils.java:logGet(46)) - raft.server.storage.dir = [/home/runner/work/ozone/ozone/hadoop-ozone/integration-test/target/test-dir/MiniOzoneClusterImpl-230799ad-2127-4c70-a2a5-72c033a9677f/ozone-meta/ratis] (custom)
2022-06-11 13:53:14,642 [pool-315-thread-1] INFO  server.RaftServerConfigKeys (ConfUtils.java:logGet(46)) - raft.server.log.corruption.policy = EXCEPTION (default)
2022-06-11 13:53:14,642 [pool-315-thread-1] INFO  server.RaftServerConfigKeys (ConfUtils.java:logGet(46)) - raft.server.storage.free-space.min = 0MB (=0) (default)
2022-06-11 13:53:14,642 [pool-315-thread-1] INFO  storage.RaftStorageDirectory (RaftStorageDirectoryImpl.java:analyzeStorage(135)) - The storage directory /home/runner/work/ozone/ozone/hadoop-ozone/integration-test/target/test-dir/MiniOzoneClusterImpl-230799ad-2127-4c70-a2a5-72c033a9677f/ozone-meta/ratis/bf265839-605b-3f16-9796-c5ba1605619e does not exist. Creating ...
2022-06-11 13:53:14,649 [pool-315-thread-1] INFO  storage.RaftStorageDirectory (RaftStorageDirectoryImpl.java:tryLock(230)) - Lock on /home/runner/work/ozone/ozone/hadoop-ozone/integration-test/target/test-dir/MiniOzoneClusterImpl-230799ad-2127-4c70-a2a5-72c033a9677f/ozone-meta/ratis/bf265839-605b-3f16-9796-c5ba1605619e/in_use.lock acquired by nodename 20323@fv-az395-686
2022-06-11 13:53:14,653 [pool-315-thread-1] INFO  storage.RaftStorage (RaftStorageImpl.java:format(89)) - Storage directory /home/runner/work/ozone/ozone/hadoop-ozone/integration-test/target/test-dir/MiniOzoneClusterImpl-230799ad-2127-4c70-a2a5-72c033a9677f/ozone-meta/ratis/bf265839-605b-3f16-9796-c5ba1605619e has been successfully formatted.
2022-06-11 13:53:14,653 [pool-315-thread-1] INFO  server.RaftServerConfigKeys (ConfUtils.java:logGet(46)) - raft.server.notification.no-leader.timeout = 120s (custom)
2022-06-11 13:53:14,653 [pool-315-thread-1] INFO  server.RaftServerConfigKeys (ConfUtils.java:logGet(46)) - raft.server.log.use.memory = false (default)
2022-06-11 13:53:14,653 [pool-315-thread-1] INFO  server.RaftServerConfigKeys (ConfUtils.java:logGet(46)) - raft.server.log.purge.gap = 1000000 (custom)
2022-06-11 13:53:14,653 [pool-315-thread-1] INFO  server.RaftServerConfigKeys (ConfUtils.java:logGet(46)) - raft.server.log.appender.buffer.byte-limit = 33554432 (custom)
2022-06-11 13:53:14,653 [pool-315-thread-1] INFO  server.RaftServerConfigKeys (ConfUtils.java:logGet(46)) - raft.server.log.statemachine.data.read.timeout = 1000ms (default)
2022-06-11 13:53:14,653 [pool-315-thread-1] INFO  server.RaftServerConfigKeys (ConfUtils.java:logGet(46)) - raft.server.log.segment.size.max = 4194304 (custom)
2022-06-11 13:53:14,654 [pool-315-thread-1] INFO  server.RaftServerConfigKeys (ConfUtils.java:logGet(46)) - raft.server.log.segment.cache.num.max = 2 (custom)
2022-06-11 13:53:14,654 [pool-315-thread-1] INFO  server.RaftServerConfigKeys (ConfUtils.java:logGet(46)) - raft.server.log.segment.cache.size.max = 200MB (=209715200) (default)
2022-06-11 13:53:14,654 [pool-315-thread-1] INFO  segmented.SegmentedRaftLogWorker (SegmentedRaftLogWorker.java:<init>(187)) - new om1@group-C5BA1605619E-SegmentedRaftLogWorker for RaftStorageImpl:Storage Directory /home/runner/work/ozone/ozone/hadoop-ozone/integration-test/target/test-dir/MiniOzoneClusterImpl-230799ad-2127-4c70-a2a5-72c033a9677f/ozone-meta/ratis/bf265839-605b-3f16-9796-c5ba1605619e
2022-06-11 13:53:14,654 [pool-315-thread-1] INFO  server.RaftServerConfigKeys (ConfUtils.java:logGet(46)) - raft.server.log.queue.byte-limit = 64MB (=67108864) (default)
2022-06-11 13:53:14,654 [pool-315-thread-1] INFO  server.RaftServerConfigKeys (ConfUtils.java:logGet(46)) - raft.server.log.queue.element-limit = 4096 (default)
2022-06-11 13:53:14,654 [pool-315-thread-1] INFO  server.RaftServerConfigKeys (ConfUtils.java:logGet(46)) - raft.server.log.segment.size.max = 4194304 (custom)
2022-06-11 13:53:14,654 [pool-315-thread-1] INFO  server.RaftServerConfigKeys (ConfUtils.java:logGet(46)) - raft.server.log.preallocated.size = 4194304 (custom)
2022-06-11 13:53:14,654 [pool-315-thread-1] INFO  server.RaftServerConfigKeys (ConfUtils.java:logGet(46)) - raft.server.log.force.sync.num = 128 (default)
2022-06-11 13:53:14,654 [pool-315-thread-1] INFO  server.RaftServerConfigKeys (ConfUtils.java:logGet(46)) - raft.server.log.statemachine.data.sync = true (default)
2022-06-11 13:53:14,654 [pool-315-thread-1] INFO  server.RaftServerConfigKeys (ConfUtils.java:logGet(46)) - raft.server.log.statemachine.data.sync.timeout = 10s (default)
2022-06-11 13:53:14,654 [pool-315-thread-1] INFO  server.RaftServerConfigKeys (ConfUtils.java:logGet(46)) - raft.server.log.statemachine.data.sync.timeout.retry = -1 (default)
2022-06-11 13:53:14,655 [pool-315-thread-1] INFO  server.RaftServerConfigKeys (ConfUtils.java:logGet(46)) - raft.server.log.write.buffer.size = 64KB (=65536) (default)
2022-06-11 13:53:14,655 [pool-315-thread-1] INFO  server.RaftServerConfigKeys (ConfUtils.java:logGet(46)) - raft.server.log.unsafe-flush.enabled = false (default)
2022-06-11 13:53:14,655 [pool-315-thread-1] INFO  server.RaftServerConfigKeys (ConfUtils.java:logGet(46)) - raft.server.log.statemachine.data.caching.enabled = false (default)
2022-06-11 13:53:14,655 [pool-315-thread-1] INFO  segmented.SegmentedRaftLogWorker (SegmentedRaftLogWorker.java:lambda$new$0(135)) - om1@group-C5BA1605619E-SegmentedRaftLogWorker: flushIndex: setUnconditionally 0 -> -1
2022-06-11 13:53:14,655 [pool-315-thread-1] INFO  segmented.SegmentedRaftLogWorker (SegmentedRaftLogWorker.java:lambda$new$0(135)) - om1@group-C5BA1605619E-SegmentedRaftLogWorker: safeCacheEvictIndex: setUnconditionally 0 -> -1
2022-06-11 13:53:14,685 [pool-315-thread-1] INFO  server.RaftServerConfigKeys (ConfUtils.java:logGet(46)) - raft.server.snapshot.auto.trigger.enabled = true (custom)
2022-06-11 13:53:14,685 [pool-315-thread-1] INFO  server.RaftServerConfigKeys (ConfUtils.java:logGet(46)) - raft.server.snapshot.auto.trigger.threshold = 400000 (default)
2022-06-11 13:53:14,685 [pool-315-thread-1] INFO  server.RaftServerConfigKeys (ConfUtils.java:logGet(46)) - raft.server.snapshot.retention.file.num = -1 (default)
2022-06-11 13:53:14,685 [pool-315-thread-1] INFO  server.RaftServerConfigKeys (ConfUtils.java:logGet(46)) - raft.server.log.purge.upto.snapshot.index = true (custom)
2022-06-11 13:53:14,685 [pool-315-thread-1] INFO  server.RaftServerConfigKeys (ConfUtils.java:logGet(46)) - raft.server.retrycache.expirytime = 300s (custom)
2022-06-11 13:53:14,685 [pool-315-thread-1] INFO  server.RaftServerConfigKeys (ConfUtils.java:logGet(46)) - raft.server.retrycache.statistics.expirytime = 100μs (default)
2022-06-11 13:53:14,686 [pool-315-thread-1] INFO  server.RaftServerConfigKeys (ConfUtils.java:logGet(46)) - raft.server.log.appender.install.snapshot.enabled = false (custom)
2022-06-11 13:53:14,686 [pool-315-thread-1] INFO  server.RaftServerConfigKeys (ConfUtils.java:logGet(46)) - raft.server.threadpool.server.cached = true (default)
2022-06-11 13:53:14,686 [pool-315-thread-1] INFO  server.RaftServerConfigKeys (ConfUtils.java:logGet(46)) - raft.server.threadpool.server.size = 0 (default)
2022-06-11 13:53:14,686 [pool-315-thread-1] INFO  server.RaftServerConfigKeys (ConfUtils.java:logGet(46)) - raft.server.threadpool.client.cached = true (default)
2022-06-11 13:53:14,686 [pool-315-thread-1] INFO  server.RaftServerConfigKeys (ConfUtils.java:logGet(46)) - raft.server.threadpool.client.size = 0 (default)
2022-06-11 13:53:15,325 [ReplicationMonitor] INFO  replication.ReplicationManager (ReplicationManager.java:processAll(228)) - Replication Manager is not ready to run until 3000ms after safemode exit
2022-06-11 13:53:15,932 [Listener at 0.0.0.0/34757] INFO  reflections.Reflections (Reflections.java:scan(232)) - Reflections took 1291 ms to scan 19 urls, producing 66 keys and 3984 values [using 2 cores]
2022-06-11 13:53:15,934 [Listener at 0.0.0.0/34757] INFO  ipc.CallQueueManager (CallQueueManager.java:<init>(90)) - Using callQueue: class java.util.concurrent.LinkedBlockingQueue, queueCapacity: 2000, scheduler: class org.apache.hadoop.ipc.DefaultRpcScheduler, ipcBackoff: false.
2022-06-11 13:53:15,938 [Socket Reader #1 for port 0] INFO  ipc.Server (Server.java:run(1265)) - Starting Socket Reader #1 for port 0
2022-06-11 13:53:16,020 [Listener at 127.0.0.1/41911] INFO  impl.MetricsSystemImpl (MetricsSystemImpl.java:init(158)) - OzoneManager metrics system started (again)
2022-06-11 13:53:16,032 [Listener at 127.0.0.1/41911] INFO  om.OzoneManager (OzoneManager.java:start(1462)) - OzoneManager RPC server is listening at localhost/127.0.0.1:41911
2022-06-11 13:53:16,032 [Listener at 127.0.0.1/41911] INFO  ratis.OzoneManagerRatisServer (OzoneManagerRatisServer.java:start(554)) - Starting OzoneManagerRatisServer om1 at port 9872
2022-06-11 13:53:16,033 [om1-impl-thread1] INFO  server.RaftServer$Division (RaftServerImpl.java:start(310)) - om1@group-C5BA1605619E: start as a follower, conf=-1: [om1|rpc:localhost:9872|priority:0], old=null
2022-06-11 13:53:16,033 [om1-impl-thread1] INFO  server.RaftServer$Division (RaftServerImpl.java:setRole(299)) - om1@group-C5BA1605619E: changes role from      null to FOLLOWER at term 0 for startAsFollower
2022-06-11 13:53:16,033 [om1-impl-thread1] INFO  impl.RoleInfo (RoleInfo.java:updateAndGet(139)) - om1: start om1@group-C5BA1605619E-FollowerState
2022-06-11 13:53:16,034 [om1-impl-thread1] INFO  util.JmxRegister (JmxRegister.java:tryRegister(44)) - Successfully registered JMX Bean with object name Ratis:service=RaftServer,group=group-C5BA1605619E,id=om1
2022-06-11 13:53:16,036 [Listener at 127.0.0.1/41911] INFO  server.RaftServer (RaftServerProxy.java:lambda$start$6(382)) - om1: start RPC server
2022-06-11 13:53:16,072 [Listener at 127.0.0.1/41911] INFO  server.GrpcService (GrpcService.java:startImpl(260)) - om1: GrpcService started, listening on 9872
2022-06-11 13:53:16,081 [Listener at 127.0.0.1/41911] INFO  om.OzoneManager (OzoneManager.java:start(1478)) - Version File has different layout version (3) than OM DB (null). That is expected if this OM has never been finalized to a newer layout version.
2022-06-11 13:53:16,081 [org.apache.ratis.util.JvmPauseMonitor$$Lambda$627/1387949628@42d0a0b6] INFO  util.JvmPauseMonitor (JvmPauseMonitor.java:run(103)) - JvmPauseMonitor-om1: Started
2022-06-11 13:53:16,116 [Listener at 127.0.0.1/41911] INFO  http.BaseHttpServer (BaseHttpServer.java:newHttpServer2BuilderForOzone(209)) - Starting Web-server for ozoneManager at: http://0.0.0.0:0
2022-06-11 13:53:16,117 [Listener at 127.0.0.1/41911] INFO  http.BaseHttpServer (BaseHttpServer.java:<init>(107)) - Hadoop Security Enabled: false Ozone Security Enabled: false Ozone HTTP Security Enabled: false 
2022-06-11 13:53:16,118 [Listener at 127.0.0.1/41911] INFO  server.AuthenticationFilter (AuthenticationFilter.java:constructSecretProvider(240)) - Unable to initialize FileSignerSecretProvider, falling back to use random secrets.
2022-06-11 13:53:16,144 [Listener at 127.0.0.1/41911] WARN  http.HttpRequestLog (HttpRequestLog.java:getRequestLog(103)) - Jetty request log can only be enabled using Log4j
2022-06-11 13:53:16,146 [Listener at 127.0.0.1/41911] INFO  http.HttpServer2 (HttpServer2.java:addGlobalFilter(1029)) - Added global filter 'safety' (class=org.apache.hadoop.hdds.server.http.HttpServer2$QuotingInputFilter)
2022-06-11 13:53:16,147 [Listener at 127.0.0.1/41911] INFO  http.HttpServer2 (HttpServer2.java:addFilter(1005)) - Added filter static_user_filter (class=org.apache.hadoop.http.lib.StaticUserWebFilter$StaticUserFilter) to context ozoneManager
2022-06-11 13:53:16,147 [Listener at 127.0.0.1/41911] INFO  http.HttpServer2 (HttpServer2.java:addFilter(1013)) - Added filter static_user_filter (class=org.apache.hadoop.http.lib.StaticUserWebFilter$StaticUserFilter) to context static
2022-06-11 13:53:16,147 [Listener at 127.0.0.1/41911] INFO  http.HttpServer2 (HttpServer2.java:addFilter(1013)) - Added filter static_user_filter (class=org.apache.hadoop.http.lib.StaticUserWebFilter$StaticUserFilter) to context logs
2022-06-11 13:53:16,148 [Listener at 127.0.0.1/41911] INFO  http.HttpServer2 (HttpServer2.java:bindListener(1248)) - Jetty bound to port 37719
2022-06-11 13:53:16,148 [Listener at 127.0.0.1/41911] INFO  server.Server (Server.java:doStart(375)) - jetty-9.4.43.v20210629; built: 2021-06-30T11:07:22.254Z; git: 526006ecfa3af7f1a27ef3a288e2bef7ea9dd7e8; jvm 1.8.0_332-b09
2022-06-11 13:53:16,208 [Listener at 127.0.0.1/41911] INFO  server.session (DefaultSessionIdManager.java:doStart(334)) - DefaultSessionIdManager workerName=node0
2022-06-11 13:53:16,209 [Listener at 127.0.0.1/41911] INFO  server.session (DefaultSessionIdManager.java:doStart(339)) - No SessionScavenger set, using defaults
2022-06-11 13:53:16,209 [Listener at 127.0.0.1/41911] INFO  server.session (HouseKeeper.java:startScavenging(132)) - node0 Scavenging every 600000ms
2022-06-11 13:53:16,210 [Listener at 127.0.0.1/41911] INFO  handler.ContextHandler (ContextHandler.java:doStart(915)) - Started o.e.j.s.ServletContextHandler@3304c522{logs,/logs,file:///home/runner/work/ozone/ozone/hadoop-ozone/integration-test/target/log,AVAILABLE}
2022-06-11 13:53:16,210 [Listener at 127.0.0.1/41911] INFO  handler.ContextHandler (ContextHandler.java:doStart(915)) - Started o.e.j.s.ServletContextHandler@6f3f950a{static,/static,file:///home/runner/work/ozone/ozone/hadoop-ozone/integration-test/target/test-classes/webapps/static,AVAILABLE}
2022-06-11 13:53:16,213 [Listener at 127.0.0.1/41911] INFO  handler.ContextHandler (ContextHandler.java:doStart(915)) - Started o.e.j.w.WebAppContext@7de62e2{ozoneManager,/,file:///home/runner/work/ozone/ozone/hadoop-ozone/integration-test/target/test-classes/webapps/ozoneManager/,AVAILABLE}{file:/home/runner/work/ozone/ozone/hadoop-ozone/integration-test/target/test-classes/webapps/ozoneManager}
2022-06-11 13:53:16,220 [Listener at 127.0.0.1/41911] INFO  server.AbstractConnector (AbstractConnector.java:doStart(331)) - Started ServerConnector@3e9f7965{HTTP/1.1, (http/1.1)}{0.0.0.0:37719}
2022-06-11 13:53:16,220 [Listener at 127.0.0.1/41911] INFO  server.Server (Server.java:doStart(415)) - Started @80018ms
2022-06-11 13:53:16,220 [Listener at 127.0.0.1/41911] WARN  impl.MetricsSystemImpl (MetricsSystemImpl.java:register(279)) - Sink prometheus already exists!
2022-06-11 13:53:16,222 [Listener at 127.0.0.1/41911] INFO  http.BaseHttpServer (BaseHttpServer.java:updateConnectorAddress(329)) - HTTP server of ozoneManager listening at http://0.0.0.0:37719
2022-06-11 13:53:16,240 [IPC Server Responder] INFO  ipc.Server (Server.java:run(1507)) - IPC Server Responder: starting
2022-06-11 13:53:16,247 [IPC Server listener on 0] INFO  ipc.Server (Server.java:run(1344)) - IPC Server listener on 0: starting
2022-06-11 13:53:16,275 [Listener at 127.0.0.1/41911] INFO  om.OzoneManager (OzoneManager.java:startTrashEmptier(1902)) - Trash Interval set to 0. Files deleted won't move to trash
2022-06-11 13:53:16,316 [org.apache.hadoop.util.JvmPauseMonitor$Monitor@48971831] INFO  util.JvmPauseMonitor (JvmPauseMonitor.java:run(188)) - Starting JVM pause monitor
2022-06-11 13:53:16,328 [ReplicationMonitor] INFO  replication.ReplicationManager (ReplicationManager.java:processAll(228)) - Replication Manager is not ready to run until 3000ms after safemode exit
2022-06-11 13:53:16,368 [Listener at 127.0.0.1/41911] WARN  impl.MetricRegistriesImpl (MetricRegistriesImpl.java:addReporterRegistration(111)) - New reporters are added after registries were created. Some metrics will be missing from the reporter. Please add reporter before adding any new registry.
2022-06-11 13:53:16,368 [Listener at 127.0.0.1/41911] WARN  impl.MetricRegistriesImpl (MetricRegistriesImpl.java:addReporterRegistration(111)) - New reporters are added after registries were created. Some metrics will be missing from the reporter. Please add reporter before adding any new registry.
2022-06-11 13:53:16,369 [Listener at 127.0.0.1/41911] INFO  impl.MetricsSystemImpl (MetricsSystemImpl.java:init(158)) - HddsDatanode metrics system started (again)
2022-06-11 13:53:16,416 [Listener at 127.0.0.1/41911] INFO  ozone.HddsDatanodeService (HddsDatanodeService.java:start(236)) - HddsDatanodeService host:fv-az395-686.zfmzfyrfkyou3ow0tsr0jxwq1e.bx.internal.cloudapp.net ip:10.1.0.23
2022-06-11 13:53:16,457 [Listener at 127.0.0.1/41911] INFO  upgrade.AbstractLayoutVersionManager (AbstractLayoutVersionManager.java:init(82)) - Initializing Layout version manager with metadata layout = DATANODE_SCHEMA_V3 (version = 4), software layout = DATANODE_SCHEMA_V3 (version = 4)
2022-06-11 13:53:16,600 [Listener at 127.0.0.1/41911] INFO  reflections.Reflections (Reflections.java:scan(232)) - Reflections took 141 ms to scan 7 urls, producing 131 keys and 311 values 
2022-06-11 13:53:16,602 [Listener at 127.0.0.1/41911] INFO  statemachine.DatanodeStateMachine (DatanodeStateMachine.java:getEndPointTaskThreadPoolSize(233)) - Datanode State Machine Task Thread Pool size 2
2022-06-11 13:53:16,629 [Listener at 127.0.0.1/41911] INFO  volume.HddsVolume (HddsVolume.java:<init>(116)) - Creating HddsVolume: /home/runner/work/ozone/ozone/hadoop-ozone/integration-test/target/test-dir/MiniOzoneClusterImpl-230799ad-2127-4c70-a2a5-72c033a9677f/datanode-0/data-0/containers/hdds of storage type : DISK capacity : 9223372036854775807
2022-06-11 13:53:16,630 [Listener at 127.0.0.1/41911] INFO  volume.MutableVolumeSet (MutableVolumeSet.java:initializeVolumeSet(174)) - Added Volume : /home/runner/work/ozone/ozone/hadoop-ozone/integration-test/target/test-dir/MiniOzoneClusterImpl-230799ad-2127-4c70-a2a5-72c033a9677f/datanode-0/data-0/containers/hdds to VolumeSet
2022-06-11 13:53:16,630 [Listener at 127.0.0.1/41911] INFO  volume.ThrottledAsyncChecker (ThrottledAsyncChecker.java:schedule(141)) - Scheduling a check for /home/runner/work/ozone/ozone/hadoop-ozone/integration-test/target/test-dir/MiniOzoneClusterImpl-230799ad-2127-4c70-a2a5-72c033a9677f/datanode-0/data-0/containers/hdds
2022-06-11 13:53:16,652 [Listener at 127.0.0.1/41911] INFO  volume.StorageVolumeChecker (StorageVolumeChecker.java:checkAllVolumes(202)) - Scheduled health check for volume /home/runner/work/ozone/ozone/hadoop-ozone/integration-test/target/test-dir/MiniOzoneClusterImpl-230799ad-2127-4c70-a2a5-72c033a9677f/datanode-0/data-0/containers/hdds
2022-06-11 13:53:16,686 [Listener at 127.0.0.1/41911] INFO  volume.MutableVolumeSet (MutableVolumeSet.java:initializeVolumeSet(174)) - Added Volume : /home/runner/work/ozone/ozone/hadoop-ozone/integration-test/target/test-dir/MiniOzoneClusterImpl-230799ad-2127-4c70-a2a5-72c033a9677f/datanode-0/data/ratis to VolumeSet
2022-06-11 13:53:16,686 [Listener at 127.0.0.1/41911] INFO  volume.ThrottledAsyncChecker (ThrottledAsyncChecker.java:schedule(141)) - Scheduling a check for /home/runner/work/ozone/ozone/hadoop-ozone/integration-test/target/test-dir/MiniOzoneClusterImpl-230799ad-2127-4c70-a2a5-72c033a9677f/datanode-0/data/ratis
2022-06-11 13:53:16,687 [Listener at 127.0.0.1/41911] INFO  volume.StorageVolumeChecker (StorageVolumeChecker.java:checkAllVolumes(202)) - Scheduled health check for volume /home/runner/work/ozone/ozone/hadoop-ozone/integration-test/target/test-dir/MiniOzoneClusterImpl-230799ad-2127-4c70-a2a5-72c033a9677f/datanode-0/data/ratis
2022-06-11 13:53:16,749 [Thread-544] INFO  ozoneimpl.ContainerReader (ContainerReader.java:readVolume(172)) - Finish verifying containers on volume /home/runner/work/ozone/ozone/hadoop-ozone/integration-test/target/test-dir/MiniOzoneClusterImpl-230799ad-2127-4c70-a2a5-72c033a9677f/datanode-0/data-0/containers/hdds
2022-06-11 13:53:16,749 [Listener at 127.0.0.1/41911] INFO  ozoneimpl.OzoneContainer (OzoneContainer.java:buildContainerSet(266)) - Build ContainerSet costs 0s
2022-06-11 13:53:16,752 [Listener at 127.0.0.1/41911] INFO  server.RaftServer (ConfUtils.java:logGet(46)) - raft.rpc.type = GRPC (default)
2022-06-11 13:53:16,752 [Listener at 127.0.0.1/41911] INFO  grpc.GrpcFactory (GrpcFactory.java:checkPooledByteBufAllocatorUseCacheForAllThreads(48)) - PERFORMANCE WARNING: useCacheForAllThreads is true that may cause Netty to create a lot garbage objects and, as a result, trigger GC.
	It is recommended to disable useCacheForAllThreads by setting -Dorg.apache.ratis.thirdparty.io.netty.allocator.useCacheForAllThreads=false in command line.
2022-06-11 13:53:16,752 [Listener at 127.0.0.1/41911] INFO  grpc.GrpcConfigKeys (ConfUtils.java:logGet(46)) - raft.grpc.admin.port = 0 (custom)
2022-06-11 13:53:16,752 [Listener at 127.0.0.1/41911] INFO  grpc.GrpcConfigKeys (ConfUtils.java:logGet(46)) - raft.grpc.client.port = 0 (custom)
2022-06-11 13:53:16,752 [Listener at 127.0.0.1/41911] INFO  grpc.GrpcConfigKeys (ConfUtils.java:logGet(46)) - raft.grpc.server.port = 0 (default)
2022-06-11 13:53:16,753 [Listener at 127.0.0.1/41911] INFO  server.GrpcService (ConfUtils.java:logGet(46)) - raft.grpc.message.size.max = 32MB (=33554432) (custom)
2022-06-11 13:53:16,753 [Listener at 127.0.0.1/41911] INFO  server.RaftServerConfigKeys (ConfUtils.java:logGet(46)) - raft.server.log.appender.buffer.byte-limit = 33554432 (custom)
2022-06-11 13:53:16,753 [Listener at 127.0.0.1/41911] INFO  server.GrpcService (ConfUtils.java:logGet(46)) - raft.grpc.flow.control.window = 5MB (=5242880) (custom)
2022-06-11 13:53:16,753 [Listener at 127.0.0.1/41911] INFO  server.RaftServerConfigKeys (ConfUtils.java:logGet(46)) - raft.server.rpc.request.timeout = 60s (custom)
2022-06-11 13:53:16,753 [Listener at 127.0.0.1/41911] INFO  grpc.GrpcConfigKeys (ConfUtils.java:logGet(46)) - raft.grpc.server.async.request.thread.pool.cached = true (default)
2022-06-11 13:53:16,753 [Listener at 127.0.0.1/41911] INFO  grpc.GrpcConfigKeys (ConfUtils.java:logGet(46)) - raft.grpc.server.async.request.thread.pool.size = 32 (default)
2022-06-11 13:53:16,754 [Listener at 127.0.0.1/41911] INFO  impl.DataStreamServerImpl (ConfUtils.java:logGet(46)) - raft.datastream.type = DISABLED (default)
2022-06-11 13:53:16,755 [Listener at 127.0.0.1/41911] INFO  server.RaftServerConfigKeys (ConfUtils.java:logGet(46)) - raft.server.threadpool.proxy.cached = true (default)
2022-06-11 13:53:16,755 [Listener at 127.0.0.1/41911] INFO  server.RaftServerConfigKeys (ConfUtils.java:logGet(46)) - raft.server.threadpool.proxy.size = 0 (default)
2022-06-11 13:53:16,755 [Listener at 127.0.0.1/41911] INFO  server.RaftServerConfigKeys (ConfUtils.java:logGet(46)) - raft.server.rpc.slowness.timeout = 300s (custom)
2022-06-11 13:53:16,755 [Listener at 127.0.0.1/41911] INFO  server.RaftServerConfigKeys (ConfUtils.java:logGet(46)) - raft.server.leaderelection.leader.step-down.wait-time = 10s (default)
2022-06-11 13:53:16,755 [Listener at 127.0.0.1/41911] INFO  server.RaftServerConfigKeys (ConfUtils.java:logGet(46)) - raft.server.storage.dir = [/home/runner/work/ozone/ozone/hadoop-ozone/integration-test/target/test-dir/MiniOzoneClusterImpl-230799ad-2127-4c70-a2a5-72c033a9677f/datanode-0/data/ratis] (custom)
2022-06-11 13:53:16,761 [Listener at 127.0.0.1/41911] INFO  server.XceiverServerGrpc (XceiverServerGrpc.java:<init>(132)) - GrpcServer channel type EpollServerSocketChannel
2022-06-11 13:53:16,769 [Listener at 127.0.0.1/41911] INFO  http.BaseHttpServer (BaseHttpServer.java:newHttpServer2BuilderForOzone(209)) - Starting Web-server for hddsDatanode at: http://0.0.0.0:0
2022-06-11 13:53:16,769 [Listener at 127.0.0.1/41911] INFO  http.BaseHttpServer (BaseHttpServer.java:<init>(107)) - Hadoop Security Enabled: false Ozone Security Enabled: false Ozone HTTP Security Enabled: false 
2022-06-11 13:53:16,770 [Listener at 127.0.0.1/41911] INFO  server.AuthenticationFilter (AuthenticationFilter.java:constructSecretProvider(240)) - Unable to initialize FileSignerSecretProvider, falling back to use random secrets.
2022-06-11 13:53:16,784 [Listener at 127.0.0.1/41911] WARN  http.HttpRequestLog (HttpRequestLog.java:getRequestLog(103)) - Jetty request log can only be enabled using Log4j
2022-06-11 13:53:16,786 [Listener at 127.0.0.1/41911] INFO  http.HttpServer2 (HttpServer2.java:addGlobalFilter(1029)) - Added global filter 'safety' (class=org.apache.hadoop.hdds.server.http.HttpServer2$QuotingInputFilter)
2022-06-11 13:53:16,788 [Listener at 127.0.0.1/41911] INFO  http.HttpServer2 (HttpServer2.java:addFilter(1005)) - Added filter static_user_filter (class=org.apache.hadoop.http.lib.StaticUserWebFilter$StaticUserFilter) to context hddsDatanode
2022-06-11 13:53:16,789 [Listener at 127.0.0.1/41911] INFO  http.HttpServer2 (HttpServer2.java:addFilter(1013)) - Added filter static_user_filter (class=org.apache.hadoop.http.lib.StaticUserWebFilter$StaticUserFilter) to context logs
2022-06-11 13:53:16,789 [Listener at 127.0.0.1/41911] INFO  http.HttpServer2 (HttpServer2.java:addFilter(1013)) - Added filter static_user_filter (class=org.apache.hadoop.http.lib.StaticUserWebFilter$StaticUserFilter) to context static
2022-06-11 13:53:16,789 [Listener at 127.0.0.1/41911] INFO  http.HttpServer2 (HttpServer2.java:bindListener(1248)) - Jetty bound to port 40567
2022-06-11 13:53:16,789 [Listener at 127.0.0.1/41911] INFO  server.Server (Server.java:doStart(375)) - jetty-9.4.43.v20210629; built: 2021-06-30T11:07:22.254Z; git: 526006ecfa3af7f1a27ef3a288e2bef7ea9dd7e8; jvm 1.8.0_332-b09
2022-06-11 13:53:16,793 [Listener at 127.0.0.1/41911] INFO  server.session (DefaultSessionIdManager.java:doStart(334)) - DefaultSessionIdManager workerName=node0
2022-06-11 13:53:16,793 [Listener at 127.0.0.1/41911] INFO  server.session (DefaultSessionIdManager.java:doStart(339)) - No SessionScavenger set, using defaults
2022-06-11 13:53:16,794 [Listener at 127.0.0.1/41911] INFO  server.session (HouseKeeper.java:startScavenging(132)) - node0 Scavenging every 600000ms
2022-06-11 13:53:16,796 [Listener at 127.0.0.1/41911] INFO  handler.ContextHandler (ContextHandler.java:doStart(915)) - Started o.e.j.s.ServletContextHandler@5e3aac8e{logs,/logs,file:///home/runner/work/ozone/ozone/hadoop-ozone/integration-test/target/log,AVAILABLE}
2022-06-11 13:53:16,797 [Listener at 127.0.0.1/41911] INFO  handler.ContextHandler (ContextHandler.java:doStart(915)) - Started o.e.j.s.ServletContextHandler@51fdd010{static,/static,jar:file:/home/runner/.m2/repository/org/apache/ozone/hdds-container-service/1.3.0-SNAPSHOT/hdds-container-service-1.3.0-SNAPSHOT.jar!/webapps/static,AVAILABLE}
2022-06-11 13:53:17,031 [Listener at 127.0.0.1/41911] INFO  handler.ContextHandler (ContextHandler.java:doStart(915)) - Started o.e.j.w.WebAppContext@40679589{hddsDatanode,/,file:///tmp/jetty-0_0_0_0-40567-hdds-container-service-1_3_0-SNAPSHOT_jar-_-any-3973047030160272732/webapp/,AVAILABLE}{jar:file:/home/runner/.m2/repository/org/apache/ozone/hdds-container-service/1.3.0-SNAPSHOT/hdds-container-service-1.3.0-SNAPSHOT.jar!/webapps/hddsDatanode}
2022-06-11 13:53:17,040 [Listener at 127.0.0.1/41911] INFO  server.AbstractConnector (AbstractConnector.java:doStart(331)) - Started ServerConnector@6f6b0fe1{HTTP/1.1, (http/1.1)}{0.0.0.0:40567}
2022-06-11 13:53:17,040 [Listener at 127.0.0.1/41911] INFO  server.Server (Server.java:doStart(415)) - Started @80838ms
2022-06-11 13:53:17,041 [Listener at 127.0.0.1/41911] WARN  impl.MetricsSystemImpl (MetricsSystemImpl.java:register(279)) - Sink prometheus already exists!
2022-06-11 13:53:17,041 [Listener at 127.0.0.1/41911] INFO  http.BaseHttpServer (BaseHttpServer.java:updateConnectorAddress(329)) - HTTP server of hddsDatanode listening at http://0.0.0.0:40567
2022-06-11 13:53:17,056 [Datanode State Machine Daemon Thread] INFO  statemachine.DatanodeStateMachine (DatanodeStateMachine.java:lambda$startDaemon$0(484)) - Ozone container server started.
2022-06-11 13:53:17,068 [org.apache.hadoop.util.JvmPauseMonitor$Monitor@1dbc4732] INFO  util.JvmPauseMonitor (JvmPauseMonitor.java:run(188)) - Starting JVM pause monitor
2022-06-11 13:53:17,076 [Listener at 127.0.0.1/41911] WARN  impl.MetricRegistriesImpl (MetricRegistriesImpl.java:addReporterRegistration(111)) - New reporters are added after registries were created. Some metrics will be missing from the reporter. Please add reporter before adding any new registry.
2022-06-11 13:53:17,076 [Listener at 127.0.0.1/41911] WARN  impl.MetricRegistriesImpl (MetricRegistriesImpl.java:addReporterRegistration(111)) - New reporters are added after registries were created. Some metrics will be missing from the reporter. Please add reporter before adding any new registry.
2022-06-11 13:53:17,076 [Listener at 127.0.0.1/41911] INFO  impl.MetricsSystemImpl (MetricsSystemImpl.java:init(158)) - HddsDatanode metrics system started (again)
2022-06-11 13:53:17,097 [Datanode State Machine Task Thread - 0] INFO  datanode.InitDatanodeState (InitDatanodeState.java:persistContainerDatanodeDetails(138)) - DatanodeDetails is persisted to /home/runner/work/ozone/ozone/hadoop-ozone/integration-test/target/test-dir/MiniOzoneClusterImpl-230799ad-2127-4c70-a2a5-72c033a9677f/datanode-0/meta/datanode.id
2022-06-11 13:53:17,133 [Listener at 127.0.0.1/41911] INFO  ozone.HddsDatanodeService (HddsDatanodeService.java:start(236)) - HddsDatanodeService host:fv-az395-686.zfmzfyrfkyou3ow0tsr0jxwq1e.bx.internal.cloudapp.net ip:10.1.0.23
2022-06-11 13:53:17,175 [Listener at 127.0.0.1/41911] INFO  upgrade.AbstractLayoutVersionManager (AbstractLayoutVersionManager.java:init(82)) - Initializing Layout version manager with metadata layout = DATANODE_SCHEMA_V3 (version = 4), software layout = DATANODE_SCHEMA_V3 (version = 4)
2022-06-11 13:53:17,224 [om1@group-C5BA1605619E-FollowerState] INFO  impl.FollowerState (FollowerState.java:run(143)) - om1@group-C5BA1605619E-FollowerState: change to CANDIDATE, lastRpcElapsedTime:1191481402ns, electionTimeout:1167ms
2022-06-11 13:53:17,224 [om1@group-C5BA1605619E-FollowerState] INFO  impl.RoleInfo (RoleInfo.java:shutdownFollowerState(110)) - om1: shutdown om1@group-C5BA1605619E-FollowerState
2022-06-11 13:53:17,225 [om1@group-C5BA1605619E-FollowerState] INFO  server.RaftServer$Division (RaftServerImpl.java:setRole(299)) - om1@group-C5BA1605619E: changes role from  FOLLOWER to CANDIDATE at term 0 for changeToCandidate
2022-06-11 13:53:17,225 [om1@group-C5BA1605619E-FollowerState] INFO  server.RaftServerConfigKeys (ConfUtils.java:logGet(46)) - raft.server.leaderelection.pre-vote = false (custom)
2022-06-11 13:53:17,225 [om1@group-C5BA1605619E-FollowerState] INFO  impl.RoleInfo (RoleInfo.java:updateAndGet(139)) - om1: start om1@group-C5BA1605619E-LeaderElection12
2022-06-11 13:53:17,280 [om1@group-C5BA1605619E-LeaderElection12] INFO  impl.LeaderElection (LeaderElection.java:askForVotes(310)) - om1@group-C5BA1605619E-LeaderElection12 ELECTION round 0: submit vote requests at term 1 for -1: [om1|rpc:localhost:9872|priority:0], old=null
2022-06-11 13:53:17,280 [om1@group-C5BA1605619E-LeaderElection12] INFO  impl.LeaderElection (LeaderElection.java:askForVotes(312)) - om1@group-C5BA1605619E-LeaderElection12 ELECTION round 0: result PASSED (term=1)
2022-06-11 13:53:17,280 [om1@group-C5BA1605619E-LeaderElection12] INFO  impl.RoleInfo (RoleInfo.java:shutdownLeaderElection(130)) - om1: shutdown om1@group-C5BA1605619E-LeaderElection12
2022-06-11 13:53:17,280 [om1@group-C5BA1605619E-LeaderElection12] INFO  server.RaftServer$Division (RaftServerImpl.java:setRole(299)) - om1@group-C5BA1605619E: changes role from CANDIDATE to LEADER at term 1 for changeToLeader
2022-06-11 13:53:17,280 [om1@group-C5BA1605619E-LeaderElection12] INFO  server.RaftServer$Division (ServerState.java:setLeader(287)) - om1@group-C5BA1605619E: change Leader from null to om1 at term 1 for becomeLeader, leader elected after 2627ms
2022-06-11 13:53:17,280 [om1@group-C5BA1605619E-LeaderElection12] INFO  server.RaftServerConfigKeys (ConfUtils.java:logGet(46)) - raft.server.staging.catchup.gap = 1000 (default)
2022-06-11 13:53:17,289 [om1@group-C5BA1605619E-LeaderElection12] INFO  server.RaftServerConfigKeys (ConfUtils.java:logGet(46)) - raft.server.write.element-limit = 4096 (default)
2022-06-11 13:53:17,289 [om1@group-C5BA1605619E-LeaderElection12] INFO  server.RaftServerConfigKeys (ConfUtils.java:logGet(46)) - raft.server.write.byte-limit = 64MB (=67108864) (default)
2022-06-11 13:53:17,290 [om1@group-C5BA1605619E-LeaderElection12] INFO  server.RaftServerConfigKeys (ConfUtils.java:logGet(46)) - raft.server.watch.timeout = 10s (default)
2022-06-11 13:53:17,290 [om1@group-C5BA1605619E-LeaderElection12] INFO  server.RaftServerConfigKeys (ConfUtils.java:logGet(46)) - raft.server.watch.timeout.denomination = 1s (default)
2022-06-11 13:53:17,290 [om1@group-C5BA1605619E-LeaderElection12] INFO  server.RaftServerConfigKeys (ConfUtils.java:logGet(46)) - raft.server.watch.element-limit = 65536 (default)
2022-06-11 13:53:17,290 [om1@group-C5BA1605619E-LeaderElection12] INFO  server.RaftServerConfigKeys (ConfUtils.java:logGet(46)) - raft.server.write.element-limit = 4096 (default)
2022-06-11 13:53:17,290 [om1@group-C5BA1605619E-LeaderElection12] INFO  server.RaftServerConfigKeys (ConfUtils.java:logGet(46)) - raft.server.write.follower.gap.ratio.max = -1.0 (default)
2022-06-11 13:53:17,290 [om1@group-C5BA1605619E-LeaderElection12] INFO  impl.RoleInfo (RoleInfo.java:updateAndGet(139)) - om1: start om1@group-C5BA1605619E-LeaderStateImpl
2022-06-11 13:53:17,290 [om1@group-C5BA1605619E-LeaderElection12] INFO  segmented.SegmentedRaftLogWorker (SegmentedRaftLogWorker.java:startLogSegment(425)) - om1@group-C5BA1605619E-SegmentedRaftLogWorker: Starting segment from index:0
2022-06-11 13:53:17,305 [om1@group-C5BA1605619E-SegmentedRaftLogWorker] INFO  segmented.SegmentedRaftLogWorker (SegmentedRaftLogWorker.java:execute(629)) - om1@group-C5BA1605619E-SegmentedRaftLogWorker: created new log segment /home/runner/work/ozone/ozone/hadoop-ozone/integration-test/target/test-dir/MiniOzoneClusterImpl-230799ad-2127-4c70-a2a5-72c033a9677f/ozone-meta/ratis/bf265839-605b-3f16-9796-c5ba1605619e/current/log_inprogress_0
2022-06-11 13:53:17,320 [om1@group-C5BA1605619E-LeaderElection12] INFO  server.RaftServer$Division (ServerState.java:setRaftConf(393)) - om1@group-C5BA1605619E: set configuration 0: [om1|rpc:localhost:9872|admin:|client:|dataStream:|priority:0], old=null
2022-06-11 13:53:17,324 [om1@group-C5BA1605619E-StateMachineUpdater] INFO  ratis.OzoneManagerStateMachine (OzoneManagerStateMachine.java:notifyConfigurationChanged(191)) - Received Configuration change notification from Ratis. New Peer list:
[id: "om1"
address: "localhost:9872"
]
2022-06-11 13:53:17,328 [ReplicationMonitor] INFO  replication.ReplicationManager (ReplicationManager.java:processAll(228)) - Replication Manager is not ready to run until 3000ms after safemode exit
2022-06-11 13:53:17,329 [Listener at 127.0.0.1/41911] INFO  reflections.Reflections (Reflections.java:scan(232)) - Reflections took 152 ms to scan 7 urls, producing 131 keys and 311 values 
2022-06-11 13:53:17,341 [Listener at 127.0.0.1/41911] INFO  statemachine.DatanodeStateMachine (DatanodeStateMachine.java:getEndPointTaskThreadPoolSize(233)) - Datanode State Machine Task Thread Pool size 2
2022-06-11 13:53:17,361 [Listener at 127.0.0.1/41911] INFO  volume.HddsVolume (HddsVolume.java:<init>(116)) - Creating HddsVolume: /home/runner/work/ozone/ozone/hadoop-ozone/integration-test/target/test-dir/MiniOzoneClusterImpl-230799ad-2127-4c70-a2a5-72c033a9677f/datanode-1/data-0/containers/hdds of storage type : DISK capacity : 9223372036854775807
2022-06-11 13:53:17,362 [Listener at 127.0.0.1/41911] INFO  volume.MutableVolumeSet (MutableVolumeSet.java:initializeVolumeSet(174)) - Added Volume : /home/runner/work/ozone/ozone/hadoop-ozone/integration-test/target/test-dir/MiniOzoneClusterImpl-230799ad-2127-4c70-a2a5-72c033a9677f/datanode-1/data-0/containers/hdds to VolumeSet
2022-06-11 13:53:17,362 [Listener at 127.0.0.1/41911] INFO  volume.ThrottledAsyncChecker (ThrottledAsyncChecker.java:schedule(141)) - Scheduling a check for /home/runner/work/ozone/ozone/hadoop-ozone/integration-test/target/test-dir/MiniOzoneClusterImpl-230799ad-2127-4c70-a2a5-72c033a9677f/datanode-1/data-0/containers/hdds
2022-06-11 13:53:17,380 [Listener at 127.0.0.1/41911] INFO  volume.StorageVolumeChecker (StorageVolumeChecker.java:checkAllVolumes(202)) - Scheduled health check for volume /home/runner/work/ozone/ozone/hadoop-ozone/integration-test/target/test-dir/MiniOzoneClusterImpl-230799ad-2127-4c70-a2a5-72c033a9677f/datanode-1/data-0/containers/hdds
2022-06-11 13:53:17,419 [Listener at 127.0.0.1/41911] INFO  volume.MutableVolumeSet (MutableVolumeSet.java:initializeVolumeSet(174)) - Added Volume : /home/runner/work/ozone/ozone/hadoop-ozone/integration-test/target/test-dir/MiniOzoneClusterImpl-230799ad-2127-4c70-a2a5-72c033a9677f/datanode-1/data/ratis to VolumeSet
2022-06-11 13:53:17,420 [Listener at 127.0.0.1/41911] INFO  volume.ThrottledAsyncChecker (ThrottledAsyncChecker.java:schedule(141)) - Scheduling a check for /home/runner/work/ozone/ozone/hadoop-ozone/integration-test/target/test-dir/MiniOzoneClusterImpl-230799ad-2127-4c70-a2a5-72c033a9677f/datanode-1/data/ratis
2022-06-11 13:53:17,420 [Listener at 127.0.0.1/41911] INFO  volume.StorageVolumeChecker (StorageVolumeChecker.java:checkAllVolumes(202)) - Scheduled health check for volume /home/runner/work/ozone/ozone/hadoop-ozone/integration-test/target/test-dir/MiniOzoneClusterImpl-230799ad-2127-4c70-a2a5-72c033a9677f/datanode-1/data/ratis
2022-06-11 13:53:17,445 [Thread-559] INFO  ozoneimpl.ContainerReader (ContainerReader.java:readVolume(172)) - Finish verifying containers on volume /home/runner/work/ozone/ozone/hadoop-ozone/integration-test/target/test-dir/MiniOzoneClusterImpl-230799ad-2127-4c70-a2a5-72c033a9677f/datanode-1/data-0/containers/hdds
2022-06-11 13:53:17,445 [Listener at 127.0.0.1/41911] INFO  ozoneimpl.OzoneContainer (OzoneContainer.java:buildContainerSet(266)) - Build ContainerSet costs 0s
2022-06-11 13:53:17,447 [Listener at 127.0.0.1/41911] INFO  server.RaftServer (ConfUtils.java:logGet(46)) - raft.rpc.type = GRPC (default)
2022-06-11 13:53:17,447 [Listener at 127.0.0.1/41911] INFO  grpc.GrpcFactory (GrpcFactory.java:checkPooledByteBufAllocatorUseCacheForAllThreads(48)) - PERFORMANCE WARNING: useCacheForAllThreads is true that may cause Netty to create a lot garbage objects and, as a result, trigger GC.
	It is recommended to disable useCacheForAllThreads by setting -Dorg.apache.ratis.thirdparty.io.netty.allocator.useCacheForAllThreads=false in command line.
2022-06-11 13:53:17,447 [Listener at 127.0.0.1/41911] INFO  grpc.GrpcConfigKeys (ConfUtils.java:logGet(46)) - raft.grpc.admin.port = 0 (custom)
2022-06-11 13:53:17,448 [Listener at 127.0.0.1/41911] INFO  grpc.GrpcConfigKeys (ConfUtils.java:logGet(46)) - raft.grpc.client.port = 0 (custom)
2022-06-11 13:53:17,448 [Listener at 127.0.0.1/41911] INFO  grpc.GrpcConfigKeys (ConfUtils.java:logGet(46)) - raft.grpc.server.port = 0 (default)
2022-06-11 13:53:17,448 [Listener at 127.0.0.1/41911] INFO  server.GrpcService (ConfUtils.java:logGet(46)) - raft.grpc.message.size.max = 32MB (=33554432) (custom)
2022-06-11 13:53:17,448 [Listener at 127.0.0.1/41911] INFO  server.RaftServerConfigKeys (ConfUtils.java:logGet(46)) - raft.server.log.appender.buffer.byte-limit = 33554432 (custom)
2022-06-11 13:53:17,448 [Listener at 127.0.0.1/41911] INFO  server.GrpcService (ConfUtils.java:logGet(46)) - raft.grpc.flow.control.window = 5MB (=5242880) (custom)
2022-06-11 13:53:17,448 [Listener at 127.0.0.1/41911] INFO  server.RaftServerConfigKeys (ConfUtils.java:logGet(46)) - raft.server.rpc.request.timeout = 60s (custom)
2022-06-11 13:53:17,448 [Listener at 127.0.0.1/41911] INFO  grpc.GrpcConfigKeys (ConfUtils.java:logGet(46)) - raft.grpc.server.async.request.thread.pool.cached = true (default)
2022-06-11 13:53:17,448 [Listener at 127.0.0.1/41911] INFO  grpc.GrpcConfigKeys (ConfUtils.java:logGet(46)) - raft.grpc.server.async.request.thread.pool.size = 32 (default)
2022-06-11 13:53:17,449 [Listener at 127.0.0.1/41911] INFO  impl.DataStreamServerImpl (ConfUtils.java:logGet(46)) - raft.datastream.type = DISABLED (default)
2022-06-11 13:53:17,450 [Listener at 127.0.0.1/41911] INFO  server.RaftServerConfigKeys (ConfUtils.java:logGet(46)) - raft.server.threadpool.proxy.cached = true (default)
2022-06-11 13:53:17,450 [Listener at 127.0.0.1/41911] INFO  server.RaftServerConfigKeys (ConfUtils.java:logGet(46)) - raft.server.threadpool.proxy.size = 0 (default)
2022-06-11 13:53:17,450 [Listener at 127.0.0.1/41911] INFO  server.RaftServerConfigKeys (ConfUtils.java:logGet(46)) - raft.server.rpc.slowness.timeout = 300s (custom)
2022-06-11 13:53:17,450 [Listener at 127.0.0.1/41911] INFO  server.RaftServerConfigKeys (ConfUtils.java:logGet(46)) - raft.server.leaderelection.leader.step-down.wait-time = 10s (default)
2022-06-11 13:53:17,450 [Listener at 127.0.0.1/41911] INFO  server.RaftServerConfigKeys (ConfUtils.java:logGet(46)) - raft.server.storage.dir = [/home/runner/work/ozone/ozone/hadoop-ozone/integration-test/target/test-dir/MiniOzoneClusterImpl-230799ad-2127-4c70-a2a5-72c033a9677f/datanode-1/data/ratis] (custom)
2022-06-11 13:53:17,457 [Listener at 127.0.0.1/41911] INFO  server.XceiverServerGrpc (XceiverServerGrpc.java:<init>(132)) - GrpcServer channel type EpollServerSocketChannel
2022-06-11 13:53:17,469 [Listener at 127.0.0.1/41911] INFO  http.BaseHttpServer (BaseHttpServer.java:newHttpServer2BuilderForOzone(209)) - Starting Web-server for hddsDatanode at: http://0.0.0.0:0
2022-06-11 13:53:17,469 [Listener at 127.0.0.1/41911] INFO  http.BaseHttpServer (BaseHttpServer.java:<init>(107)) - Hadoop Security Enabled: false Ozone Security Enabled: false Ozone HTTP Security Enabled: false 
2022-06-11 13:53:17,470 [Listener at 127.0.0.1/41911] INFO  server.AuthenticationFilter (AuthenticationFilter.java:constructSecretProvider(240)) - Unable to initialize FileSignerSecretProvider, falling back to use random secrets.
2022-06-11 13:53:17,484 [Listener at 127.0.0.1/41911] WARN  http.HttpRequestLog (HttpRequestLog.java:getRequestLog(103)) - Jetty request log can only be enabled using Log4j
2022-06-11 13:53:17,485 [Listener at 127.0.0.1/41911] INFO  http.HttpServer2 (HttpServer2.java:addGlobalFilter(1029)) - Added global filter 'safety' (class=org.apache.hadoop.hdds.server.http.HttpServer2$QuotingInputFilter)
2022-06-11 13:53:17,485 [Listener at 127.0.0.1/41911] INFO  http.HttpServer2 (HttpServer2.java:addFilter(1005)) - Added filter static_user_filter (class=org.apache.hadoop.http.lib.StaticUserWebFilter$StaticUserFilter) to context hddsDatanode
2022-06-11 13:53:17,486 [Listener at 127.0.0.1/41911] INFO  http.HttpServer2 (HttpServer2.java:addFilter(1013)) - Added filter static_user_filter (class=org.apache.hadoop.http.lib.StaticUserWebFilter$StaticUserFilter) to context static
2022-06-11 13:53:17,486 [Listener at 127.0.0.1/41911] INFO  http.HttpServer2 (HttpServer2.java:addFilter(1013)) - Added filter static_user_filter (class=org.apache.hadoop.http.lib.StaticUserWebFilter$StaticUserFilter) to context logs
2022-06-11 13:53:17,486 [Listener at 127.0.0.1/41911] INFO  http.HttpServer2 (HttpServer2.java:bindListener(1248)) - Jetty bound to port 34555
2022-06-11 13:53:17,486 [Listener at 127.0.0.1/41911] INFO  server.Server (Server.java:doStart(375)) - jetty-9.4.43.v20210629; built: 2021-06-30T11:07:22.254Z; git: 526006ecfa3af7f1a27ef3a288e2bef7ea9dd7e8; jvm 1.8.0_332-b09
2022-06-11 13:53:17,557 [Listener at 127.0.0.1/41911] INFO  server.session (DefaultSessionIdManager.java:doStart(334)) - DefaultSessionIdManager workerName=node0
2022-06-11 13:53:17,557 [Listener at 127.0.0.1/41911] INFO  server.session (DefaultSessionIdManager.java:doStart(339)) - No SessionScavenger set, using defaults
2022-06-11 13:53:17,557 [Listener at 127.0.0.1/41911] INFO  server.session (HouseKeeper.java:startScavenging(132)) - node0 Scavenging every 600000ms
2022-06-11 13:53:17,564 [Listener at 127.0.0.1/41911] INFO  handler.ContextHandler (ContextHandler.java:doStart(915)) - Started o.e.j.s.ServletContextHandler@1f932e09{logs,/logs,file:///home/runner/work/ozone/ozone/hadoop-ozone/integration-test/target/log,AVAILABLE}
2022-06-11 13:53:17,565 [Listener at 127.0.0.1/41911] INFO  handler.ContextHandler (ContextHandler.java:doStart(915)) - Started o.e.j.s.ServletContextHandler@381d36dc{static,/static,jar:file:/home/runner/.m2/repository/org/apache/ozone/hdds-container-service/1.3.0-SNAPSHOT/hdds-container-service-1.3.0-SNAPSHOT.jar!/webapps/static,AVAILABLE}
2022-06-11 13:53:18,149 [Listener at 127.0.0.1/41911] INFO  handler.ContextHandler (ContextHandler.java:doStart(915)) - Started o.e.j.w.WebAppContext@4f014161{hddsDatanode,/,file:///tmp/jetty-0_0_0_0-34555-hdds-container-service-1_3_0-SNAPSHOT_jar-_-any-1685269650882136205/webapp/,AVAILABLE}{jar:file:/home/runner/.m2/repository/org/apache/ozone/hdds-container-service/1.3.0-SNAPSHOT/hdds-container-service-1.3.0-SNAPSHOT.jar!/webapps/hddsDatanode}
2022-06-11 13:53:18,172 [Listener at 127.0.0.1/41911] INFO  server.AbstractConnector (AbstractConnector.java:doStart(331)) - Started ServerConnector@1bac23ee{HTTP/1.1, (http/1.1)}{0.0.0.0:34555}
2022-06-11 13:53:18,173 [Listener at 127.0.0.1/41911] INFO  server.Server (Server.java:doStart(415)) - Started @81970ms
2022-06-11 13:53:18,173 [Listener at 127.0.0.1/41911] WARN  impl.MetricsSystemImpl (MetricsSystemImpl.java:register(279)) - Sink prometheus already exists!
2022-06-11 13:53:18,176 [Listener at 127.0.0.1/41911] INFO  http.BaseHttpServer (BaseHttpServer.java:updateConnectorAddress(329)) - HTTP server of hddsDatanode listening at http://0.0.0.0:34555
2022-06-11 13:53:18,179 [Listener at 127.0.0.1/41911] WARN  impl.MetricRegistriesImpl (MetricRegistriesImpl.java:addReporterRegistration(111)) - New reporters are added after registries were created. Some metrics will be missing from the reporter. Please add reporter before adding any new registry.
2022-06-11 13:53:18,179 [Listener at 127.0.0.1/41911] WARN  impl.MetricRegistriesImpl (MetricRegistriesImpl.java:addReporterRegistration(111)) - New reporters are added after registries were created. Some metrics will be missing from the reporter. Please add reporter before adding any new registry.
2022-06-11 13:53:18,179 [Listener at 127.0.0.1/41911] INFO  impl.MetricsSystemImpl (MetricsSystemImpl.java:init(158)) - HddsDatanode metrics system started (again)
2022-06-11 13:53:18,184 [Datanode State Machine Daemon Thread] INFO  statemachine.DatanodeStateMachine (DatanodeStateMachine.java:lambda$startDaemon$0(484)) - Ozone container server started.
2022-06-11 13:53:18,213 [Listener at 127.0.0.1/41911] INFO  ozone.HddsDatanodeService (HddsDatanodeService.java:start(236)) - HddsDatanodeService host:fv-az395-686.zfmzfyrfkyou3ow0tsr0jxwq1e.bx.internal.cloudapp.net ip:10.1.0.23
2022-06-11 13:53:18,242 [org.apache.hadoop.util.JvmPauseMonitor$Monitor@565b8c92] INFO  util.JvmPauseMonitor (JvmPauseMonitor.java:run(188)) - Starting JVM pause monitor
2022-06-11 13:53:18,249 [Listener at 127.0.0.1/41911] INFO  upgrade.AbstractLayoutVersionManager (AbstractLayoutVersionManager.java:init(82)) - Initializing Layout version manager with metadata layout = DATANODE_SCHEMA_V3 (version = 4), software layout = DATANODE_SCHEMA_V3 (version = 4)
2022-06-11 13:53:18,272 [Datanode State Machine Task Thread - 0] INFO  datanode.InitDatanodeState (InitDatanodeState.java:persistContainerDatanodeDetails(138)) - DatanodeDetails is persisted to /home/runner/work/ozone/ozone/hadoop-ozone/integration-test/target/test-dir/MiniOzoneClusterImpl-230799ad-2127-4c70-a2a5-72c033a9677f/datanode-1/meta/datanode.id
2022-06-11 13:53:18,328 [ReplicationMonitor] INFO  replication.ReplicationManager (ReplicationManager.java:processAll(228)) - Replication Manager is not ready to run until 3000ms after safemode exit
2022-06-11 13:53:18,444 [Listener at 127.0.0.1/41911] INFO  reflections.Reflections (Reflections.java:scan(232)) - Reflections took 194 ms to scan 7 urls, producing 131 keys and 311 values 
2022-06-11 13:53:18,448 [Listener at 127.0.0.1/41911] INFO  statemachine.DatanodeStateMachine (DatanodeStateMachine.java:getEndPointTaskThreadPoolSize(233)) - Datanode State Machine Task Thread Pool size 2
2022-06-11 13:53:18,452 [Listener at 127.0.0.1/41911] INFO  volume.HddsVolume (HddsVolume.java:<init>(116)) - Creating HddsVolume: /home/runner/work/ozone/ozone/hadoop-ozone/integration-test/target/test-dir/MiniOzoneClusterImpl-230799ad-2127-4c70-a2a5-72c033a9677f/datanode-2/data-0/containers/hdds of storage type : DISK capacity : 9223372036854775807
2022-06-11 13:53:18,452 [Listener at 127.0.0.1/41911] INFO  volume.MutableVolumeSet (MutableVolumeSet.java:initializeVolumeSet(174)) - Added Volume : /home/runner/work/ozone/ozone/hadoop-ozone/integration-test/target/test-dir/MiniOzoneClusterImpl-230799ad-2127-4c70-a2a5-72c033a9677f/datanode-2/data-0/containers/hdds to VolumeSet
2022-06-11 13:53:18,452 [Listener at 127.0.0.1/41911] INFO  volume.ThrottledAsyncChecker (ThrottledAsyncChecker.java:schedule(141)) - Scheduling a check for /home/runner/work/ozone/ozone/hadoop-ozone/integration-test/target/test-dir/MiniOzoneClusterImpl-230799ad-2127-4c70-a2a5-72c033a9677f/datanode-2/data-0/containers/hdds
2022-06-11 13:53:18,492 [Listener at 127.0.0.1/41911] INFO  volume.StorageVolumeChecker (StorageVolumeChecker.java:checkAllVolumes(202)) - Scheduled health check for volume /home/runner/work/ozone/ozone/hadoop-ozone/integration-test/target/test-dir/MiniOzoneClusterImpl-230799ad-2127-4c70-a2a5-72c033a9677f/datanode-2/data-0/containers/hdds
2022-06-11 13:53:18,518 [Listener at 127.0.0.1/41911] INFO  volume.MutableVolumeSet (MutableVolumeSet.java:initializeVolumeSet(174)) - Added Volume : /home/runner/work/ozone/ozone/hadoop-ozone/integration-test/target/test-dir/MiniOzoneClusterImpl-230799ad-2127-4c70-a2a5-72c033a9677f/datanode-2/data/ratis to VolumeSet
2022-06-11 13:53:18,518 [Listener at 127.0.0.1/41911] INFO  volume.ThrottledAsyncChecker (ThrottledAsyncChecker.java:schedule(141)) - Scheduling a check for /home/runner/work/ozone/ozone/hadoop-ozone/integration-test/target/test-dir/MiniOzoneClusterImpl-230799ad-2127-4c70-a2a5-72c033a9677f/datanode-2/data/ratis
2022-06-11 13:53:18,518 [Listener at 127.0.0.1/41911] INFO  volume.StorageVolumeChecker (StorageVolumeChecker.java:checkAllVolumes(202)) - Scheduled health check for volume /home/runner/work/ozone/ozone/hadoop-ozone/integration-test/target/test-dir/MiniOzoneClusterImpl-230799ad-2127-4c70-a2a5-72c033a9677f/datanode-2/data/ratis
2022-06-11 13:53:18,558 [Thread-572] INFO  ozoneimpl.ContainerReader (ContainerReader.java:readVolume(172)) - Finish verifying containers on volume /home/runner/work/ozone/ozone/hadoop-ozone/integration-test/target/test-dir/MiniOzoneClusterImpl-230799ad-2127-4c70-a2a5-72c033a9677f/datanode-2/data-0/containers/hdds
2022-06-11 13:53:18,558 [Listener at 127.0.0.1/41911] INFO  ozoneimpl.OzoneContainer (OzoneContainer.java:buildContainerSet(266)) - Build ContainerSet costs 0s
2022-06-11 13:53:18,568 [Listener at 127.0.0.1/41911] INFO  server.RaftServer (ConfUtils.java:logGet(46)) - raft.rpc.type = GRPC (default)
2022-06-11 13:53:18,569 [Listener at 127.0.0.1/41911] INFO  grpc.GrpcFactory (GrpcFactory.java:checkPooledByteBufAllocatorUseCacheForAllThreads(48)) - PERFORMANCE WARNING: useCacheForAllThreads is true that may cause Netty to create a lot garbage objects and, as a result, trigger GC.
	It is recommended to disable useCacheForAllThreads by setting -Dorg.apache.ratis.thirdparty.io.netty.allocator.useCacheForAllThreads=false in command line.
2022-06-11 13:53:18,569 [Listener at 127.0.0.1/41911] INFO  grpc.GrpcConfigKeys (ConfUtils.java:logGet(46)) - raft.grpc.admin.port = 0 (custom)
2022-06-11 13:53:18,569 [Listener at 127.0.0.1/41911] INFO  grpc.GrpcConfigKeys (ConfUtils.java:logGet(46)) - raft.grpc.client.port = 0 (custom)
2022-06-11 13:53:18,569 [Listener at 127.0.0.1/41911] INFO  grpc.GrpcConfigKeys (ConfUtils.java:logGet(46)) - raft.grpc.server.port = 0 (default)
2022-06-11 13:53:18,569 [Listener at 127.0.0.1/41911] INFO  server.GrpcService (ConfUtils.java:logGet(46)) - raft.grpc.message.size.max = 32MB (=33554432) (custom)
2022-06-11 13:53:18,569 [Listener at 127.0.0.1/41911] INFO  server.RaftServerConfigKeys (ConfUtils.java:logGet(46)) - raft.server.log.appender.buffer.byte-limit = 33554432 (custom)
2022-06-11 13:53:18,569 [Listener at 127.0.0.1/41911] INFO  server.GrpcService (ConfUtils.java:logGet(46)) - raft.grpc.flow.control.window = 5MB (=5242880) (custom)
2022-06-11 13:53:18,569 [Listener at 127.0.0.1/41911] INFO  server.RaftServerConfigKeys (ConfUtils.java:logGet(46)) - raft.server.rpc.request.timeout = 60s (custom)
2022-06-11 13:53:18,569 [Listener at 127.0.0.1/41911] INFO  grpc.GrpcConfigKeys (ConfUtils.java:logGet(46)) - raft.grpc.server.async.request.thread.pool.cached = true (default)
2022-06-11 13:53:18,569 [Listener at 127.0.0.1/41911] INFO  grpc.GrpcConfigKeys (ConfUtils.java:logGet(46)) - raft.grpc.server.async.request.thread.pool.size = 32 (default)
2022-06-11 13:53:18,571 [Listener at 127.0.0.1/41911] INFO  impl.DataStreamServerImpl (ConfUtils.java:logGet(46)) - raft.datastream.type = DISABLED (default)
2022-06-11 13:53:18,571 [Listener at 127.0.0.1/41911] INFO  server.RaftServerConfigKeys (ConfUtils.java:logGet(46)) - raft.server.threadpool.proxy.cached = true (default)
2022-06-11 13:53:18,571 [Listener at 127.0.0.1/41911] INFO  server.RaftServerConfigKeys (ConfUtils.java:logGet(46)) - raft.server.threadpool.proxy.size = 0 (default)
2022-06-11 13:53:18,571 [Listener at 127.0.0.1/41911] INFO  server.RaftServerConfigKeys (ConfUtils.java:logGet(46)) - raft.server.rpc.slowness.timeout = 300s (custom)
2022-06-11 13:53:18,571 [Listener at 127.0.0.1/41911] INFO  server.RaftServerConfigKeys (ConfUtils.java:logGet(46)) - raft.server.leaderelection.leader.step-down.wait-time = 10s (default)
2022-06-11 13:53:18,577 [Listener at 127.0.0.1/41911] INFO  server.RaftServerConfigKeys (ConfUtils.java:logGet(46)) - raft.server.storage.dir = [/home/runner/work/ozone/ozone/hadoop-ozone/integration-test/target/test-dir/MiniOzoneClusterImpl-230799ad-2127-4c70-a2a5-72c033a9677f/datanode-2/data/ratis] (custom)
2022-06-11 13:53:18,583 [Listener at 127.0.0.1/41911] INFO  server.XceiverServerGrpc (XceiverServerGrpc.java:<init>(132)) - GrpcServer channel type EpollServerSocketChannel
2022-06-11 13:53:18,593 [Listener at 127.0.0.1/41911] INFO  http.BaseHttpServer (BaseHttpServer.java:newHttpServer2BuilderForOzone(209)) - Starting Web-server for hddsDatanode at: http://0.0.0.0:0
2022-06-11 13:53:18,593 [Listener at 127.0.0.1/41911] INFO  http.BaseHttpServer (BaseHttpServer.java:<init>(107)) - Hadoop Security Enabled: false Ozone Security Enabled: false Ozone HTTP Security Enabled: false 
2022-06-11 13:53:18,594 [Listener at 127.0.0.1/41911] INFO  server.AuthenticationFilter (AuthenticationFilter.java:constructSecretProvider(240)) - Unable to initialize FileSignerSecretProvider, falling back to use random secrets.
2022-06-11 13:53:18,608 [Listener at 127.0.0.1/41911] WARN  http.HttpRequestLog (HttpRequestLog.java:getRequestLog(103)) - Jetty request log can only be enabled using Log4j
2022-06-11 13:53:18,610 [Listener at 127.0.0.1/41911] INFO  http.HttpServer2 (HttpServer2.java:addGlobalFilter(1029)) - Added global filter 'safety' (class=org.apache.hadoop.hdds.server.http.HttpServer2$QuotingInputFilter)
2022-06-11 13:53:18,610 [Listener at 127.0.0.1/41911] INFO  http.HttpServer2 (HttpServer2.java:addFilter(1005)) - Added filter static_user_filter (class=org.apache.hadoop.http.lib.StaticUserWebFilter$StaticUserFilter) to context hddsDatanode
2022-06-11 13:53:18,610 [Listener at 127.0.0.1/41911] INFO  http.HttpServer2 (HttpServer2.java:addFilter(1013)) - Added filter static_user_filter (class=org.apache.hadoop.http.lib.StaticUserWebFilter$StaticUserFilter) to context logs
2022-06-11 13:53:18,610 [Listener at 127.0.0.1/41911] INFO  http.HttpServer2 (HttpServer2.java:addFilter(1013)) - Added filter static_user_filter (class=org.apache.hadoop.http.lib.StaticUserWebFilter$StaticUserFilter) to context static
2022-06-11 13:53:18,611 [Listener at 127.0.0.1/41911] INFO  http.HttpServer2 (HttpServer2.java:bindListener(1248)) - Jetty bound to port 39841
2022-06-11 13:53:18,611 [Listener at 127.0.0.1/41911] INFO  server.Server (Server.java:doStart(375)) - jetty-9.4.43.v20210629; built: 2021-06-30T11:07:22.254Z; git: 526006ecfa3af7f1a27ef3a288e2bef7ea9dd7e8; jvm 1.8.0_332-b09
2022-06-11 13:53:18,684 [Listener at 127.0.0.1/41911] INFO  server.session (DefaultSessionIdManager.java:doStart(334)) - DefaultSessionIdManager workerName=node0
2022-06-11 13:53:18,685 [Listener at 127.0.0.1/41911] INFO  server.session (DefaultSessionIdManager.java:doStart(339)) - No SessionScavenger set, using defaults
2022-06-11 13:53:18,685 [Listener at 127.0.0.1/41911] INFO  server.session (HouseKeeper.java:startScavenging(132)) - node0 Scavenging every 600000ms
2022-06-11 13:53:18,697 [Listener at 127.0.0.1/41911] INFO  handler.ContextHandler (ContextHandler.java:doStart(915)) - Started o.e.j.s.ServletContextHandler@261e2b5{logs,/logs,file:///home/runner/work/ozone/ozone/hadoop-ozone/integration-test/target/log,AVAILABLE}
2022-06-11 13:53:18,698 [Listener at 127.0.0.1/41911] INFO  handler.ContextHandler (ContextHandler.java:doStart(915)) - Started o.e.j.s.ServletContextHandler@3e941762{static,/static,jar:file:/home/runner/.m2/repository/org/apache/ozone/hdds-container-service/1.3.0-SNAPSHOT/hdds-container-service-1.3.0-SNAPSHOT.jar!/webapps/static,AVAILABLE}
2022-06-11 13:53:19,037 [Listener at 127.0.0.1/41911] INFO  handler.ContextHandler (ContextHandler.java:doStart(915)) - Started o.e.j.w.WebAppContext@32d5538{hddsDatanode,/,file:///tmp/jetty-0_0_0_0-39841-hdds-container-service-1_3_0-SNAPSHOT_jar-_-any-1038464209645444617/webapp/,AVAILABLE}{jar:file:/home/runner/.m2/repository/org/apache/ozone/hdds-container-service/1.3.0-SNAPSHOT/hdds-container-service-1.3.0-SNAPSHOT.jar!/webapps/hddsDatanode}
2022-06-11 13:53:19,060 [Listener at 127.0.0.1/41911] INFO  server.AbstractConnector (AbstractConnector.java:doStart(331)) - Started ServerConnector@12405813{HTTP/1.1, (http/1.1)}{0.0.0.0:39841}
2022-06-11 13:53:19,061 [Listener at 127.0.0.1/41911] INFO  server.Server (Server.java:doStart(415)) - Started @82858ms
2022-06-11 13:53:19,061 [Listener at 127.0.0.1/41911] WARN  impl.MetricsSystemImpl (MetricsSystemImpl.java:register(279)) - Sink prometheus already exists!
2022-06-11 13:53:19,061 [Listener at 127.0.0.1/41911] INFO  http.BaseHttpServer (BaseHttpServer.java:updateConnectorAddress(329)) - HTTP server of hddsDatanode listening at http://0.0.0.0:39841
2022-06-11 13:53:19,078 [Listener at 127.0.0.1/41911] WARN  impl.MetricRegistriesImpl (MetricRegistriesImpl.java:addReporterRegistration(111)) - New reporters are added after registries were created. Some metrics will be missing from the reporter. Please add reporter before adding any new registry.
2022-06-11 13:53:19,078 [Listener at 127.0.0.1/41911] WARN  impl.MetricRegistriesImpl (MetricRegistriesImpl.java:addReporterRegistration(111)) - New reporters are added after registries were created. Some metrics will be missing from the reporter. Please add reporter before adding any new registry.
2022-06-11 13:53:19,078 [Listener at 127.0.0.1/41911] INFO  impl.MetricsSystemImpl (MetricsSystemImpl.java:init(158)) - HddsDatanode metrics system started (again)
2022-06-11 13:53:19,080 [Datanode State Machine Daemon Thread] INFO  statemachine.DatanodeStateMachine (DatanodeStateMachine.java:lambda$startDaemon$0(484)) - Ozone container server started.
2022-06-11 13:53:19,136 [org.apache.hadoop.util.JvmPauseMonitor$Monitor@445fa20a] INFO  util.JvmPauseMonitor (JvmPauseMonitor.java:run(188)) - Starting JVM pause monitor
2022-06-11 13:53:19,149 [Listener at 127.0.0.1/41911] INFO  ozone.HddsDatanodeService (HddsDatanodeService.java:start(236)) - HddsDatanodeService host:fv-az395-686.zfmzfyrfkyou3ow0tsr0jxwq1e.bx.internal.cloudapp.net ip:10.1.0.23
2022-06-11 13:53:19,164 [Datanode State Machine Task Thread - 0] INFO  datanode.InitDatanodeState (InitDatanodeState.java:persistContainerDatanodeDetails(138)) - DatanodeDetails is persisted to /home/runner/work/ozone/ozone/hadoop-ozone/integration-test/target/test-dir/MiniOzoneClusterImpl-230799ad-2127-4c70-a2a5-72c033a9677f/datanode-2/meta/datanode.id
2022-06-11 13:53:19,215 [Listener at 127.0.0.1/41911] INFO  upgrade.AbstractLayoutVersionManager (AbstractLayoutVersionManager.java:init(82)) - Initializing Layout version manager with metadata layout = DATANODE_SCHEMA_V3 (version = 4), software layout = DATANODE_SCHEMA_V3 (version = 4)
2022-06-11 13:53:19,270 [EndpointStateMachine task thread for /0.0.0.0:43569 - 0 ] INFO  volume.HddsVolume (HddsVolume.java:createDbStore(309)) - SchemaV3 db is created and loaded at /home/runner/work/ozone/ozone/hadoop-ozone/integration-test/target/test-dir/MiniOzoneClusterImpl-230799ad-2127-4c70-a2a5-72c033a9677f/datanode-0/data-0/containers/hdds/230799ad-2127-4c70-a2a5-72c033a9677f/DS-dc239893-ea40-44c7-a6bb-096e1d804838/container.db for volume DS-dc239893-ea40-44c7-a6bb-096e1d804838
2022-06-11 13:53:19,285 [EndpointStateMachine task thread for /0.0.0.0:43569 - 0 ] INFO  volume.HddsVolume (HddsVolume.java:closeDbStore(340)) - SchemaV3 db is stopped at /home/runner/work/ozone/ozone/hadoop-ozone/integration-test/target/test-dir/MiniOzoneClusterImpl-230799ad-2127-4c70-a2a5-72c033a9677f/datanode-0/data-0/containers/hdds/230799ad-2127-4c70-a2a5-72c033a9677f/DS-dc239893-ea40-44c7-a6bb-096e1d804838/container.db for volume DS-dc239893-ea40-44c7-a6bb-096e1d804838
2022-06-11 13:53:19,285 [EndpointStateMachine task thread for /0.0.0.0:43569 - 0 ] INFO  ozoneimpl.OzoneContainer (OzoneContainer.java:start(344)) - Attempting to start container services.
2022-06-11 13:53:19,285 [EndpointStateMachine task thread for /0.0.0.0:43569 - 0 ] INFO  ozoneimpl.OzoneContainer (OzoneContainer.java:startContainerScrub(279)) - Background container scanner has been disabled.
2022-06-11 13:53:19,309 [EndpointStateMachine task thread for /0.0.0.0:43569 - 0 ] INFO  replication.ReplicationServer (ReplicationServer.java:start(111)) - ReplicationServer is started using port 42241
2022-06-11 13:53:19,309 [EndpointStateMachine task thread for /0.0.0.0:43569 - 0 ] INFO  ratis.XceiverServerRatis (XceiverServerRatis.java:start(481)) - Starting XceiverServerRatis 16c7fc92-fb06-4eb2-809b-3504c9fb6acd
2022-06-11 13:53:19,316 [EndpointStateMachine task thread for /0.0.0.0:43569 - 0 ] INFO  server.RaftServer (RaftServerProxy.java:lambda$start$6(382)) - 16c7fc92-fb06-4eb2-809b-3504c9fb6acd: start RPC server
2022-06-11 13:53:19,329 [ReplicationMonitor] INFO  replication.ReplicationManager (ReplicationManager.java:processAll(228)) - Replication Manager is not ready to run until 3000ms after safemode exit
2022-06-11 13:53:19,345 [EndpointStateMachine task thread for /0.0.0.0:43569 - 0 ] INFO  server.GrpcService (GrpcService.java:startImpl(260)) - 16c7fc92-fb06-4eb2-809b-3504c9fb6acd: GrpcService started, listening on 43953
2022-06-11 13:53:19,346 [EndpointStateMachine task thread for /0.0.0.0:43569 - 0 ] INFO  ratis.XceiverServerRatis (XceiverServerRatis.java:getRealPort(502)) - XceiverServerRatis 16c7fc92-fb06-4eb2-809b-3504c9fb6acd is started using port 43953 for RATIS
2022-06-11 13:53:19,346 [EndpointStateMachine task thread for /0.0.0.0:43569 - 0 ] INFO  ratis.XceiverServerRatis (XceiverServerRatis.java:getRealPort(502)) - XceiverServerRatis 16c7fc92-fb06-4eb2-809b-3504c9fb6acd is started using port 43953 for RATIS_ADMIN
2022-06-11 13:53:19,346 [EndpointStateMachine task thread for /0.0.0.0:43569 - 0 ] INFO  ratis.XceiverServerRatis (XceiverServerRatis.java:getRealPort(502)) - XceiverServerRatis 16c7fc92-fb06-4eb2-809b-3504c9fb6acd is started using port 43953 for RATIS_SERVER
2022-06-11 13:53:19,347 [org.apache.ratis.util.JvmPauseMonitor$$Lambda$627/1387949628@114f64e0] INFO  util.JvmPauseMonitor (JvmPauseMonitor.java:run(103)) - JvmPauseMonitor-16c7fc92-fb06-4eb2-809b-3504c9fb6acd: Started
2022-06-11 13:53:19,393 [EndpointStateMachine task thread for /0.0.0.0:43569 - 0 ] INFO  server.XceiverServerGrpc (XceiverServerGrpc.java:start(180)) - XceiverServerGrpc 16c7fc92-fb06-4eb2-809b-3504c9fb6acd is started using port 35909
2022-06-11 13:53:19,446 [Listener at 127.0.0.1/41911] INFO  reflections.Reflections (Reflections.java:scan(232)) - Reflections took 230 ms to scan 7 urls, producing 131 keys and 311 values 
2022-06-11 13:53:19,447 [Listener at 127.0.0.1/41911] INFO  statemachine.DatanodeStateMachine (DatanodeStateMachine.java:getEndPointTaskThreadPoolSize(233)) - Datanode State Machine Task Thread Pool size 2
2022-06-11 13:53:19,467 [Listener at 127.0.0.1/41911] INFO  volume.HddsVolume (HddsVolume.java:<init>(116)) - Creating HddsVolume: /home/runner/work/ozone/ozone/hadoop-ozone/integration-test/target/test-dir/MiniOzoneClusterImpl-230799ad-2127-4c70-a2a5-72c033a9677f/datanode-3/data-0/containers/hdds of storage type : DISK capacity : 9223372036854775807
2022-06-11 13:53:19,467 [Listener at 127.0.0.1/41911] INFO  volume.MutableVolumeSet (MutableVolumeSet.java:initializeVolumeSet(174)) - Added Volume : /home/runner/work/ozone/ozone/hadoop-ozone/integration-test/target/test-dir/MiniOzoneClusterImpl-230799ad-2127-4c70-a2a5-72c033a9677f/datanode-3/data-0/containers/hdds to VolumeSet
2022-06-11 13:53:19,467 [Listener at 127.0.0.1/41911] INFO  volume.ThrottledAsyncChecker (ThrottledAsyncChecker.java:schedule(141)) - Scheduling a check for /home/runner/work/ozone/ozone/hadoop-ozone/integration-test/target/test-dir/MiniOzoneClusterImpl-230799ad-2127-4c70-a2a5-72c033a9677f/datanode-3/data-0/containers/hdds
2022-06-11 13:53:19,480 [Listener at 127.0.0.1/41911] INFO  volume.StorageVolumeChecker (StorageVolumeChecker.java:checkAllVolumes(202)) - Scheduled health check for volume /home/runner/work/ozone/ozone/hadoop-ozone/integration-test/target/test-dir/MiniOzoneClusterImpl-230799ad-2127-4c70-a2a5-72c033a9677f/datanode-3/data-0/containers/hdds
2022-06-11 13:53:19,503 [Listener at 127.0.0.1/41911] INFO  volume.MutableVolumeSet (MutableVolumeSet.java:initializeVolumeSet(174)) - Added Volume : /home/runner/work/ozone/ozone/hadoop-ozone/integration-test/target/test-dir/MiniOzoneClusterImpl-230799ad-2127-4c70-a2a5-72c033a9677f/datanode-3/data/ratis to VolumeSet
2022-06-11 13:53:19,503 [Listener at 127.0.0.1/41911] INFO  volume.ThrottledAsyncChecker (ThrottledAsyncChecker.java:schedule(141)) - Scheduling a check for /home/runner/work/ozone/ozone/hadoop-ozone/integration-test/target/test-dir/MiniOzoneClusterImpl-230799ad-2127-4c70-a2a5-72c033a9677f/datanode-3/data/ratis
2022-06-11 13:53:19,508 [Listener at 127.0.0.1/41911] INFO  volume.StorageVolumeChecker (StorageVolumeChecker.java:checkAllVolumes(202)) - Scheduled health check for volume /home/runner/work/ozone/ozone/hadoop-ozone/integration-test/target/test-dir/MiniOzoneClusterImpl-230799ad-2127-4c70-a2a5-72c033a9677f/datanode-3/data/ratis
2022-06-11 13:53:19,552 [Thread-589] INFO  ozoneimpl.ContainerReader (ContainerReader.java:readVolume(172)) - Finish verifying containers on volume /home/runner/work/ozone/ozone/hadoop-ozone/integration-test/target/test-dir/MiniOzoneClusterImpl-230799ad-2127-4c70-a2a5-72c033a9677f/datanode-3/data-0/containers/hdds
2022-06-11 13:53:19,553 [Listener at 127.0.0.1/41911] INFO  ozoneimpl.OzoneContainer (OzoneContainer.java:buildContainerSet(266)) - Build ContainerSet costs 0s
2022-06-11 13:53:19,555 [Listener at 127.0.0.1/41911] INFO  server.RaftServer (ConfUtils.java:logGet(46)) - raft.rpc.type = GRPC (default)
2022-06-11 13:53:19,556 [Listener at 127.0.0.1/41911] INFO  grpc.GrpcFactory (GrpcFactory.java:checkPooledByteBufAllocatorUseCacheForAllThreads(48)) - PERFORMANCE WARNING: useCacheForAllThreads is true that may cause Netty to create a lot garbage objects and, as a result, trigger GC.
	It is recommended to disable useCacheForAllThreads by setting -Dorg.apache.ratis.thirdparty.io.netty.allocator.useCacheForAllThreads=false in command line.
2022-06-11 13:53:19,556 [Listener at 127.0.0.1/41911] INFO  grpc.GrpcConfigKeys (ConfUtils.java:logGet(46)) - raft.grpc.admin.port = 0 (custom)
2022-06-11 13:53:19,556 [Listener at 127.0.0.1/41911] INFO  grpc.GrpcConfigKeys (ConfUtils.java:logGet(46)) - raft.grpc.client.port = 0 (custom)
2022-06-11 13:53:19,556 [Listener at 127.0.0.1/41911] INFO  grpc.GrpcConfigKeys (ConfUtils.java:logGet(46)) - raft.grpc.server.port = 0 (default)
2022-06-11 13:53:19,556 [Listener at 127.0.0.1/41911] INFO  server.GrpcService (ConfUtils.java:logGet(46)) - raft.grpc.message.size.max = 32MB (=33554432) (custom)
2022-06-11 13:53:19,556 [Listener at 127.0.0.1/41911] INFO  server.RaftServerConfigKeys (ConfUtils.java:logGet(46)) - raft.server.log.appender.buffer.byte-limit = 33554432 (custom)
2022-06-11 13:53:19,556 [Listener at 127.0.0.1/41911] INFO  server.GrpcService (ConfUtils.java:logGet(46)) - raft.grpc.flow.control.window = 5MB (=5242880) (custom)
2022-06-11 13:53:19,556 [Listener at 127.0.0.1/41911] INFO  server.RaftServerConfigKeys (ConfUtils.java:logGet(46)) - raft.server.rpc.request.timeout = 60s (custom)
2022-06-11 13:53:19,556 [Listener at 127.0.0.1/41911] INFO  grpc.GrpcConfigKeys (ConfUtils.java:logGet(46)) - raft.grpc.server.async.request.thread.pool.cached = true (default)
2022-06-11 13:53:19,556 [Listener at 127.0.0.1/41911] INFO  grpc.GrpcConfigKeys (ConfUtils.java:logGet(46)) - raft.grpc.server.async.request.thread.pool.size = 32 (default)
2022-06-11 13:53:19,558 [Listener at 127.0.0.1/41911] INFO  impl.DataStreamServerImpl (ConfUtils.java:logGet(46)) - raft.datastream.type = DISABLED (default)
2022-06-11 13:53:19,558 [Listener at 127.0.0.1/41911] INFO  server.RaftServerConfigKeys (ConfUtils.java:logGet(46)) - raft.server.threadpool.proxy.cached = true (default)
2022-06-11 13:53:19,558 [Listener at 127.0.0.1/41911] INFO  server.RaftServerConfigKeys (ConfUtils.java:logGet(46)) - raft.server.threadpool.proxy.size = 0 (default)
2022-06-11 13:53:19,558 [Listener at 127.0.0.1/41911] INFO  server.RaftServerConfigKeys (ConfUtils.java:logGet(46)) - raft.server.rpc.slowness.timeout = 300s (custom)
2022-06-11 13:53:19,558 [Listener at 127.0.0.1/41911] INFO  server.RaftServerConfigKeys (ConfUtils.java:logGet(46)) - raft.server.leaderelection.leader.step-down.wait-time = 10s (default)
2022-06-11 13:53:19,558 [Listener at 127.0.0.1/41911] INFO  server.RaftServerConfigKeys (ConfUtils.java:logGet(46)) - raft.server.storage.dir = [/home/runner/work/ozone/ozone/hadoop-ozone/integration-test/target/test-dir/MiniOzoneClusterImpl-230799ad-2127-4c70-a2a5-72c033a9677f/datanode-3/data/ratis] (custom)
2022-06-11 13:53:19,574 [Listener at 127.0.0.1/41911] INFO  server.XceiverServerGrpc (XceiverServerGrpc.java:<init>(132)) - GrpcServer channel type EpollServerSocketChannel
2022-06-11 13:53:19,587 [Listener at 127.0.0.1/41911] INFO  http.BaseHttpServer (BaseHttpServer.java:newHttpServer2BuilderForOzone(209)) - Starting Web-server for hddsDatanode at: http://0.0.0.0:0
2022-06-11 13:53:19,588 [Listener at 127.0.0.1/41911] INFO  http.BaseHttpServer (BaseHttpServer.java:<init>(107)) - Hadoop Security Enabled: false Ozone Security Enabled: false Ozone HTTP Security Enabled: false 
2022-06-11 13:53:19,589 [Listener at 127.0.0.1/41911] INFO  server.AuthenticationFilter (AuthenticationFilter.java:constructSecretProvider(240)) - Unable to initialize FileSignerSecretProvider, falling back to use random secrets.
2022-06-11 13:53:19,600 [Listener at 127.0.0.1/41911] WARN  http.HttpRequestLog (HttpRequestLog.java:getRequestLog(103)) - Jetty request log can only be enabled using Log4j
2022-06-11 13:53:19,601 [Listener at 127.0.0.1/41911] INFO  http.HttpServer2 (HttpServer2.java:addGlobalFilter(1029)) - Added global filter 'safety' (class=org.apache.hadoop.hdds.server.http.HttpServer2$QuotingInputFilter)
2022-06-11 13:53:19,602 [Listener at 127.0.0.1/41911] INFO  http.HttpServer2 (HttpServer2.java:addFilter(1005)) - Added filter static_user_filter (class=org.apache.hadoop.http.lib.StaticUserWebFilter$StaticUserFilter) to context hddsDatanode
2022-06-11 13:53:19,608 [Listener at 127.0.0.1/41911] INFO  http.HttpServer2 (HttpServer2.java:addFilter(1013)) - Added filter static_user_filter (class=org.apache.hadoop.http.lib.StaticUserWebFilter$StaticUserFilter) to context static
2022-06-11 13:53:19,608 [Listener at 127.0.0.1/41911] INFO  http.HttpServer2 (HttpServer2.java:addFilter(1013)) - Added filter static_user_filter (class=org.apache.hadoop.http.lib.StaticUserWebFilter$StaticUserFilter) to context logs
2022-06-11 13:53:19,609 [Listener at 127.0.0.1/41911] INFO  http.HttpServer2 (HttpServer2.java:bindListener(1248)) - Jetty bound to port 35123
2022-06-11 13:53:19,609 [Listener at 127.0.0.1/41911] INFO  server.Server (Server.java:doStart(375)) - jetty-9.4.43.v20210629; built: 2021-06-30T11:07:22.254Z; git: 526006ecfa3af7f1a27ef3a288e2bef7ea9dd7e8; jvm 1.8.0_332-b09
2022-06-11 13:53:19,697 [Listener at 127.0.0.1/41911] INFO  server.session (DefaultSessionIdManager.java:doStart(334)) - DefaultSessionIdManager workerName=node0
2022-06-11 13:53:19,697 [Listener at 127.0.0.1/41911] INFO  server.session (DefaultSessionIdManager.java:doStart(339)) - No SessionScavenger set, using defaults
2022-06-11 13:53:19,697 [Listener at 127.0.0.1/41911] INFO  server.session (HouseKeeper.java:startScavenging(132)) - node0 Scavenging every 600000ms
2022-06-11 13:53:19,701 [Listener at 127.0.0.1/41911] INFO  handler.ContextHandler (ContextHandler.java:doStart(915)) - Started o.e.j.s.ServletContextHandler@4ddf033{logs,/logs,file:///home/runner/work/ozone/ozone/hadoop-ozone/integration-test/target/log,AVAILABLE}
2022-06-11 13:53:19,701 [Listener at 127.0.0.1/41911] INFO  handler.ContextHandler (ContextHandler.java:doStart(915)) - Started o.e.j.s.ServletContextHandler@2924c290{static,/static,jar:file:/home/runner/.m2/repository/org/apache/ozone/hdds-container-service/1.3.0-SNAPSHOT/hdds-container-service-1.3.0-SNAPSHOT.jar!/webapps/static,AVAILABLE}
2022-06-11 13:53:20,129 [Listener at 127.0.0.1/41911] INFO  handler.ContextHandler (ContextHandler.java:doStart(915)) - Started o.e.j.w.WebAppContext@70de58b7{hddsDatanode,/,file:///tmp/jetty-0_0_0_0-35123-hdds-container-service-1_3_0-SNAPSHOT_jar-_-any-4439173860131991087/webapp/,AVAILABLE}{jar:file:/home/runner/.m2/repository/org/apache/ozone/hdds-container-service/1.3.0-SNAPSHOT/hdds-container-service-1.3.0-SNAPSHOT.jar!/webapps/hddsDatanode}
2022-06-11 13:53:20,137 [Listener at 127.0.0.1/41911] INFO  server.AbstractConnector (AbstractConnector.java:doStart(331)) - Started ServerConnector@6c4f5f23{HTTP/1.1, (http/1.1)}{0.0.0.0:35123}
2022-06-11 13:53:20,138 [Listener at 127.0.0.1/41911] INFO  server.Server (Server.java:doStart(415)) - Started @83935ms
2022-06-11 13:53:20,138 [Listener at 127.0.0.1/41911] WARN  impl.MetricsSystemImpl (MetricsSystemImpl.java:register(279)) - Sink prometheus already exists!
2022-06-11 13:53:20,138 [Listener at 127.0.0.1/41911] INFO  http.BaseHttpServer (BaseHttpServer.java:updateConnectorAddress(329)) - HTTP server of hddsDatanode listening at http://0.0.0.0:35123
2022-06-11 13:53:20,160 [Listener at 127.0.0.1/41911] WARN  impl.MetricRegistriesImpl (MetricRegistriesImpl.java:addReporterRegistration(111)) - New reporters are added after registries were created. Some metrics will be missing from the reporter. Please add reporter before adding any new registry.
2022-06-11 13:53:20,160 [Listener at 127.0.0.1/41911] WARN  impl.MetricRegistriesImpl (MetricRegistriesImpl.java:addReporterRegistration(111)) - New reporters are added after registries were created. Some metrics will be missing from the reporter. Please add reporter before adding any new registry.
2022-06-11 13:53:20,160 [Listener at 127.0.0.1/41911] INFO  impl.MetricsSystemImpl (MetricsSystemImpl.java:init(158)) - HddsDatanode metrics system started (again)
2022-06-11 13:53:20,168 [Datanode State Machine Daemon Thread] INFO  statemachine.DatanodeStateMachine (DatanodeStateMachine.java:lambda$startDaemon$0(484)) - Ozone container server started.
2022-06-11 13:53:20,208 [org.apache.hadoop.util.JvmPauseMonitor$Monitor@762ced52] INFO  util.JvmPauseMonitor (JvmPauseMonitor.java:run(188)) - Starting JVM pause monitor
2022-06-11 13:53:20,216 [Listener at 127.0.0.1/41911] INFO  ozone.HddsDatanodeService (HddsDatanodeService.java:start(236)) - HddsDatanodeService host:fv-az395-686.zfmzfyrfkyou3ow0tsr0jxwq1e.bx.internal.cloudapp.net ip:10.1.0.23
2022-06-11 13:53:20,229 [Datanode State Machine Task Thread - 0] INFO  datanode.InitDatanodeState (InitDatanodeState.java:persistContainerDatanodeDetails(138)) - DatanodeDetails is persisted to /home/runner/work/ozone/ozone/hadoop-ozone/integration-test/target/test-dir/MiniOzoneClusterImpl-230799ad-2127-4c70-a2a5-72c033a9677f/datanode-3/meta/datanode.id
2022-06-11 13:53:20,273 [Listener at 127.0.0.1/41911] INFO  upgrade.AbstractLayoutVersionManager (AbstractLayoutVersionManager.java:init(82)) - Initializing Layout version manager with metadata layout = DATANODE_SCHEMA_V3 (version = 4), software layout = DATANODE_SCHEMA_V3 (version = 4)
2022-06-11 13:53:20,329 [ReplicationMonitor] INFO  replication.ReplicationManager (ReplicationManager.java:processAll(228)) - Replication Manager is not ready to run until 3000ms after safemode exit
2022-06-11 13:53:20,330 [EndpointStateMachine task thread for /0.0.0.0:43569 - 0 ] INFO  volume.HddsVolume (HddsVolume.java:createDbStore(309)) - SchemaV3 db is created and loaded at /home/runner/work/ozone/ozone/hadoop-ozone/integration-test/target/test-dir/MiniOzoneClusterImpl-230799ad-2127-4c70-a2a5-72c033a9677f/datanode-1/data-0/containers/hdds/230799ad-2127-4c70-a2a5-72c033a9677f/DS-b8233468-674e-42db-93ec-b583727900ab/container.db for volume DS-b8233468-674e-42db-93ec-b583727900ab
2022-06-11 13:53:20,349 [EndpointStateMachine task thread for /0.0.0.0:43569 - 0 ] INFO  volume.HddsVolume (HddsVolume.java:closeDbStore(340)) - SchemaV3 db is stopped at /home/runner/work/ozone/ozone/hadoop-ozone/integration-test/target/test-dir/MiniOzoneClusterImpl-230799ad-2127-4c70-a2a5-72c033a9677f/datanode-1/data-0/containers/hdds/230799ad-2127-4c70-a2a5-72c033a9677f/DS-b8233468-674e-42db-93ec-b583727900ab/container.db for volume DS-b8233468-674e-42db-93ec-b583727900ab
2022-06-11 13:53:20,349 [EndpointStateMachine task thread for /0.0.0.0:43569 - 0 ] INFO  ozoneimpl.OzoneContainer (OzoneContainer.java:start(344)) - Attempting to start container services.
2022-06-11 13:53:20,349 [EndpointStateMachine task thread for /0.0.0.0:43569 - 0 ] INFO  ozoneimpl.OzoneContainer (OzoneContainer.java:startContainerScrub(279)) - Background container scanner has been disabled.
2022-06-11 13:53:20,369 [EndpointStateMachine task thread for /0.0.0.0:43569 - 0 ] INFO  replication.ReplicationServer (ReplicationServer.java:start(111)) - ReplicationServer is started using port 45559
2022-06-11 13:53:20,369 [EndpointStateMachine task thread for /0.0.0.0:43569 - 0 ] INFO  ratis.XceiverServerRatis (XceiverServerRatis.java:start(481)) - Starting XceiverServerRatis 5620fb3b-0054-439e-9ae8-a9fef5d7add1
2022-06-11 13:53:20,370 [EndpointStateMachine task thread for /0.0.0.0:43569 - 0 ] INFO  server.RaftServer (RaftServerProxy.java:lambda$start$6(382)) - 5620fb3b-0054-439e-9ae8-a9fef5d7add1: start RPC server
2022-06-11 13:53:20,381 [EndpointStateMachine task thread for /0.0.0.0:43569 - 0 ] INFO  server.GrpcService (GrpcService.java:startImpl(260)) - 5620fb3b-0054-439e-9ae8-a9fef5d7add1: GrpcService started, listening on 45561
2022-06-11 13:53:20,384 [EndpointStateMachine task thread for /0.0.0.0:43569 - 0 ] INFO  ratis.XceiverServerRatis (XceiverServerRatis.java:getRealPort(502)) - XceiverServerRatis 5620fb3b-0054-439e-9ae8-a9fef5d7add1 is started using port 45561 for RATIS
2022-06-11 13:53:20,384 [EndpointStateMachine task thread for /0.0.0.0:43569 - 0 ] INFO  ratis.XceiverServerRatis (XceiverServerRatis.java:getRealPort(502)) - XceiverServerRatis 5620fb3b-0054-439e-9ae8-a9fef5d7add1 is started using port 45561 for RATIS_ADMIN
2022-06-11 13:53:20,384 [EndpointStateMachine task thread for /0.0.0.0:43569 - 0 ] INFO  ratis.XceiverServerRatis (XceiverServerRatis.java:getRealPort(502)) - XceiverServerRatis 5620fb3b-0054-439e-9ae8-a9fef5d7add1 is started using port 45561 for RATIS_SERVER
2022-06-11 13:53:20,385 [org.apache.ratis.util.JvmPauseMonitor$$Lambda$627/1387949628@4042ad5a] INFO  util.JvmPauseMonitor (JvmPauseMonitor.java:run(103)) - JvmPauseMonitor-5620fb3b-0054-439e-9ae8-a9fef5d7add1: Started
2022-06-11 13:53:20,421 [EndpointStateMachine task thread for /0.0.0.0:43569 - 0 ] INFO  server.XceiverServerGrpc (XceiverServerGrpc.java:start(180)) - XceiverServerGrpc 5620fb3b-0054-439e-9ae8-a9fef5d7add1 is started using port 36393
2022-06-11 13:53:20,446 [Listener at 127.0.0.1/41911] INFO  reflections.Reflections (Reflections.java:scan(232)) - Reflections took 171 ms to scan 7 urls, producing 131 keys and 311 values 
2022-06-11 13:53:20,447 [Listener at 127.0.0.1/41911] INFO  statemachine.DatanodeStateMachine (DatanodeStateMachine.java:getEndPointTaskThreadPoolSize(233)) - Datanode State Machine Task Thread Pool size 2
2022-06-11 13:53:20,466 [Listener at 127.0.0.1/41911] INFO  volume.HddsVolume (HddsVolume.java:<init>(116)) - Creating HddsVolume: /home/runner/work/ozone/ozone/hadoop-ozone/integration-test/target/test-dir/MiniOzoneClusterImpl-230799ad-2127-4c70-a2a5-72c033a9677f/datanode-4/data-0/containers/hdds of storage type : DISK capacity : 9223372036854775807
2022-06-11 13:53:20,466 [Listener at 127.0.0.1/41911] INFO  volume.MutableVolumeSet (MutableVolumeSet.java:initializeVolumeSet(174)) - Added Volume : /home/runner/work/ozone/ozone/hadoop-ozone/integration-test/target/test-dir/MiniOzoneClusterImpl-230799ad-2127-4c70-a2a5-72c033a9677f/datanode-4/data-0/containers/hdds to VolumeSet
2022-06-11 13:53:20,466 [Listener at 127.0.0.1/41911] INFO  volume.ThrottledAsyncChecker (ThrottledAsyncChecker.java:schedule(141)) - Scheduling a check for /home/runner/work/ozone/ozone/hadoop-ozone/integration-test/target/test-dir/MiniOzoneClusterImpl-230799ad-2127-4c70-a2a5-72c033a9677f/datanode-4/data-0/containers/hdds
2022-06-11 13:53:20,480 [Listener at 127.0.0.1/41911] INFO  volume.StorageVolumeChecker (StorageVolumeChecker.java:checkAllVolumes(202)) - Scheduled health check for volume /home/runner/work/ozone/ozone/hadoop-ozone/integration-test/target/test-dir/MiniOzoneClusterImpl-230799ad-2127-4c70-a2a5-72c033a9677f/datanode-4/data-0/containers/hdds
2022-06-11 13:53:20,506 [Listener at 127.0.0.1/41911] INFO  volume.MutableVolumeSet (MutableVolumeSet.java:initializeVolumeSet(174)) - Added Volume : /home/runner/work/ozone/ozone/hadoop-ozone/integration-test/target/test-dir/MiniOzoneClusterImpl-230799ad-2127-4c70-a2a5-72c033a9677f/datanode-4/data/ratis to VolumeSet
2022-06-11 13:53:20,506 [Listener at 127.0.0.1/41911] INFO  volume.ThrottledAsyncChecker (ThrottledAsyncChecker.java:schedule(141)) - Scheduling a check for /home/runner/work/ozone/ozone/hadoop-ozone/integration-test/target/test-dir/MiniOzoneClusterImpl-230799ad-2127-4c70-a2a5-72c033a9677f/datanode-4/data/ratis
2022-06-11 13:53:20,515 [Listener at 127.0.0.1/41911] INFO  volume.StorageVolumeChecker (StorageVolumeChecker.java:checkAllVolumes(202)) - Scheduled health check for volume /home/runner/work/ozone/ozone/hadoop-ozone/integration-test/target/test-dir/MiniOzoneClusterImpl-230799ad-2127-4c70-a2a5-72c033a9677f/datanode-4/data/ratis
2022-06-11 13:53:20,543 [Thread-605] INFO  ozoneimpl.ContainerReader (ContainerReader.java:readVolume(172)) - Finish verifying containers on volume /home/runner/work/ozone/ozone/hadoop-ozone/integration-test/target/test-dir/MiniOzoneClusterImpl-230799ad-2127-4c70-a2a5-72c033a9677f/datanode-4/data-0/containers/hdds
2022-06-11 13:53:20,548 [Listener at 127.0.0.1/41911] INFO  ozoneimpl.OzoneContainer (OzoneContainer.java:buildContainerSet(266)) - Build ContainerSet costs 0s
2022-06-11 13:53:20,550 [Listener at 127.0.0.1/41911] INFO  server.RaftServer (ConfUtils.java:logGet(46)) - raft.rpc.type = GRPC (default)
2022-06-11 13:53:20,550 [Listener at 127.0.0.1/41911] INFO  grpc.GrpcFactory (GrpcFactory.java:checkPooledByteBufAllocatorUseCacheForAllThreads(48)) - PERFORMANCE WARNING: useCacheForAllThreads is true that may cause Netty to create a lot garbage objects and, as a result, trigger GC.
	It is recommended to disable useCacheForAllThreads by setting -Dorg.apache.ratis.thirdparty.io.netty.allocator.useCacheForAllThreads=false in command line.
2022-06-11 13:53:20,550 [Listener at 127.0.0.1/41911] INFO  grpc.GrpcConfigKeys (ConfUtils.java:logGet(46)) - raft.grpc.admin.port = 0 (custom)
2022-06-11 13:53:20,551 [Listener at 127.0.0.1/41911] INFO  grpc.GrpcConfigKeys (ConfUtils.java:logGet(46)) - raft.grpc.client.port = 0 (custom)
2022-06-11 13:53:20,551 [Listener at 127.0.0.1/41911] INFO  grpc.GrpcConfigKeys (ConfUtils.java:logGet(46)) - raft.grpc.server.port = 0 (default)
2022-06-11 13:53:20,551 [Listener at 127.0.0.1/41911] INFO  server.GrpcService (ConfUtils.java:logGet(46)) - raft.grpc.message.size.max = 32MB (=33554432) (custom)
2022-06-11 13:53:20,551 [Listener at 127.0.0.1/41911] INFO  server.RaftServerConfigKeys (ConfUtils.java:logGet(46)) - raft.server.log.appender.buffer.byte-limit = 33554432 (custom)
2022-06-11 13:53:20,551 [Listener at 127.0.0.1/41911] INFO  server.GrpcService (ConfUtils.java:logGet(46)) - raft.grpc.flow.control.window = 5MB (=5242880) (custom)
2022-06-11 13:53:20,551 [Listener at 127.0.0.1/41911] INFO  server.RaftServerConfigKeys (ConfUtils.java:logGet(46)) - raft.server.rpc.request.timeout = 60s (custom)
2022-06-11 13:53:20,551 [Listener at 127.0.0.1/41911] INFO  grpc.GrpcConfigKeys (ConfUtils.java:logGet(46)) - raft.grpc.server.async.request.thread.pool.cached = true (default)
2022-06-11 13:53:20,551 [Listener at 127.0.0.1/41911] INFO  grpc.GrpcConfigKeys (ConfUtils.java:logGet(46)) - raft.grpc.server.async.request.thread.pool.size = 32 (default)
2022-06-11 13:53:20,552 [Listener at 127.0.0.1/41911] INFO  impl.DataStreamServerImpl (ConfUtils.java:logGet(46)) - raft.datastream.type = DISABLED (default)
2022-06-11 13:53:20,552 [Listener at 127.0.0.1/41911] INFO  server.RaftServerConfigKeys (ConfUtils.java:logGet(46)) - raft.server.threadpool.proxy.cached = true (default)
2022-06-11 13:53:20,553 [Listener at 127.0.0.1/41911] INFO  server.RaftServerConfigKeys (ConfUtils.java:logGet(46)) - raft.server.threadpool.proxy.size = 0 (default)
2022-06-11 13:53:20,553 [Listener at 127.0.0.1/41911] INFO  server.RaftServerConfigKeys (ConfUtils.java:logGet(46)) - raft.server.rpc.slowness.timeout = 300s (custom)
2022-06-11 13:53:20,553 [Listener at 127.0.0.1/41911] INFO  server.RaftServerConfigKeys (ConfUtils.java:logGet(46)) - raft.server.leaderelection.leader.step-down.wait-time = 10s (default)
2022-06-11 13:53:20,553 [Listener at 127.0.0.1/41911] INFO  server.RaftServerConfigKeys (ConfUtils.java:logGet(46)) - raft.server.storage.dir = [/home/runner/work/ozone/ozone/hadoop-ozone/integration-test/target/test-dir/MiniOzoneClusterImpl-230799ad-2127-4c70-a2a5-72c033a9677f/datanode-4/data/ratis] (custom)
2022-06-11 13:53:20,560 [Listener at 127.0.0.1/41911] INFO  server.XceiverServerGrpc (XceiverServerGrpc.java:<init>(132)) - GrpcServer channel type EpollServerSocketChannel
2022-06-11 13:53:20,585 [Listener at 127.0.0.1/41911] INFO  http.BaseHttpServer (BaseHttpServer.java:newHttpServer2BuilderForOzone(209)) - Starting Web-server for hddsDatanode at: http://0.0.0.0:0
2022-06-11 13:53:20,585 [Listener at 127.0.0.1/41911] INFO  http.BaseHttpServer (BaseHttpServer.java:<init>(107)) - Hadoop Security Enabled: false Ozone Security Enabled: false Ozone HTTP Security Enabled: false 
2022-06-11 13:53:20,586 [Listener at 127.0.0.1/41911] INFO  server.AuthenticationFilter (AuthenticationFilter.java:constructSecretProvider(240)) - Unable to initialize FileSignerSecretProvider, falling back to use random secrets.
2022-06-11 13:53:20,593 [Listener at 127.0.0.1/41911] WARN  http.HttpRequestLog (HttpRequestLog.java:getRequestLog(103)) - Jetty request log can only be enabled using Log4j
2022-06-11 13:53:20,594 [Listener at 127.0.0.1/41911] INFO  http.HttpServer2 (HttpServer2.java:addGlobalFilter(1029)) - Added global filter 'safety' (class=org.apache.hadoop.hdds.server.http.HttpServer2$QuotingInputFilter)
2022-06-11 13:53:20,595 [Listener at 127.0.0.1/41911] INFO  http.HttpServer2 (HttpServer2.java:addFilter(1005)) - Added filter static_user_filter (class=org.apache.hadoop.http.lib.StaticUserWebFilter$StaticUserFilter) to context hddsDatanode
2022-06-11 13:53:20,595 [Listener at 127.0.0.1/41911] INFO  http.HttpServer2 (HttpServer2.java:addFilter(1013)) - Added filter static_user_filter (class=org.apache.hadoop.http.lib.StaticUserWebFilter$StaticUserFilter) to context static
2022-06-11 13:53:20,595 [Listener at 127.0.0.1/41911] INFO  http.HttpServer2 (HttpServer2.java:addFilter(1013)) - Added filter static_user_filter (class=org.apache.hadoop.http.lib.StaticUserWebFilter$StaticUserFilter) to context logs
2022-06-11 13:53:20,595 [Listener at 127.0.0.1/41911] INFO  http.HttpServer2 (HttpServer2.java:bindListener(1248)) - Jetty bound to port 36681
2022-06-11 13:53:20,595 [Listener at 127.0.0.1/41911] INFO  server.Server (Server.java:doStart(375)) - jetty-9.4.43.v20210629; built: 2021-06-30T11:07:22.254Z; git: 526006ecfa3af7f1a27ef3a288e2bef7ea9dd7e8; jvm 1.8.0_332-b09
2022-06-11 13:53:20,660 [Listener at 127.0.0.1/41911] INFO  server.session (DefaultSessionIdManager.java:doStart(334)) - DefaultSessionIdManager workerName=node0
2022-06-11 13:53:20,661 [Listener at 127.0.0.1/41911] INFO  server.session (DefaultSessionIdManager.java:doStart(339)) - No SessionScavenger set, using defaults
2022-06-11 13:53:20,661 [Listener at 127.0.0.1/41911] INFO  server.session (HouseKeeper.java:startScavenging(132)) - node0 Scavenging every 600000ms
2022-06-11 13:53:20,672 [Listener at 127.0.0.1/41911] INFO  handler.ContextHandler (ContextHandler.java:doStart(915)) - Started o.e.j.s.ServletContextHandler@6e7091be{logs,/logs,file:///home/runner/work/ozone/ozone/hadoop-ozone/integration-test/target/log,AVAILABLE}
2022-06-11 13:53:20,673 [Listener at 127.0.0.1/41911] INFO  handler.ContextHandler (ContextHandler.java:doStart(915)) - Started o.e.j.s.ServletContextHandler@725aca09{static,/static,jar:file:/home/runner/.m2/repository/org/apache/ozone/hdds-container-service/1.3.0-SNAPSHOT/hdds-container-service-1.3.0-SNAPSHOT.jar!/webapps/static,AVAILABLE}
2022-06-11 13:53:21,072 [IPC Server handler 0 on default port 43569] INFO  net.NetworkTopologyImpl (NetworkTopologyImpl.java:add(112)) - Added a new node: /default-rack/16c7fc92-fb06-4eb2-809b-3504c9fb6acd
2022-06-11 13:53:21,072 [IPC Server handler 0 on default port 43569] INFO  node.SCMNodeManager (SCMNodeManager.java:register(394)) - Registered Data node : 16c7fc92-fb06-4eb2-809b-3504c9fb6acd{ip: 10.1.0.23, host: fv-az395-686.zfmzfyrfkyou3ow0tsr0jxwq1e.bx.internal.cloudapp.net, ports: [REPLICATION=42241, RATIS=43953, RATIS_ADMIN=43953, RATIS_SERVER=43953, STANDALONE=35909], networkLocation: /default-rack, certSerialId: null, persistedOpState: null, persistedOpStateExpiryEpochSec: 0}
2022-06-11 13:53:21,077 [EventQueue-NodeRegistrationContainerReportForDataNodeSafeModeRule] INFO  safemode.SCMSafeModeManager (DataNodeSafeModeRule.java:process(71)) - SCM in safe mode. 1 DataNodes registered, 3 required.
2022-06-11 13:53:21,077 [EventQueue-NodeRegistrationContainerReportForContainerSafeModeRule] INFO  safemode.SCMSafeModeManager (SCMSafeModeManager.java:validateSafeModeExitRules(204)) - ContainerSafeModeRule rule is successfully validated
2022-06-11 13:53:21,108 [EventQueue-NewNodeForNewNodeHandler] INFO  pipeline.BackgroundPipelineCreator (BackgroundPipelineCreator.java:notifyEventTriggered(272)) - trigger a one-shot run on RatisPipelineUtilsThread.
2022-06-11 13:53:21,108 [EventQueue-PipelineReportForOneReplicaPipelineSafeModeRule] INFO  safemode.SCMSafeModeManager (SCMSafeModeManager.java:validateSafeModeExitRules(204)) - AtleastOneDatanodeReportedRule rule is successfully validated
2022-06-11 13:53:21,109 [RatisPipelineUtilsThread - 0] INFO  pipeline.RatisPipelineProvider (RatisPipelineProvider.java:lambda$create$0(195)) - Sending CreatePipelineCommand for pipeline:PipelineID=1a56d300-b1c8-4033-ba3d-f7d814194e11 to datanode:16c7fc92-fb06-4eb2-809b-3504c9fb6acd
2022-06-11 13:53:21,112 [RatisPipelineUtilsThread - 0] INFO  pipeline.PipelineStateManagerImpl (PipelineStateManagerImpl.java:addPipeline(101)) - Created pipeline Pipeline[ Id: 1a56d300-b1c8-4033-ba3d-f7d814194e11, Nodes: 16c7fc92-fb06-4eb2-809b-3504c9fb6acd{ip: 10.1.0.23, host: fv-az395-686.zfmzfyrfkyou3ow0tsr0jxwq1e.bx.internal.cloudapp.net, ports: [REPLICATION=42241, RATIS=43953, RATIS_ADMIN=43953, RATIS_SERVER=43953, STANDALONE=35909], networkLocation: /default-rack, certSerialId: null, persistedOpState: IN_SERVICE, persistedOpStateExpiryEpochSec: 0}, ReplicationConfig: RATIS/ONE, State:ALLOCATED, leaderId:, CreationTimestamp2022-06-11T13:53:21.109Z[Etc/UTC]].
2022-06-11 13:53:21,241 [EndpointStateMachine task thread for /0.0.0.0:43569 - 0 ] INFO  volume.HddsVolume (HddsVolume.java:createDbStore(309)) - SchemaV3 db is created and loaded at /home/runner/work/ozone/ozone/hadoop-ozone/integration-test/target/test-dir/MiniOzoneClusterImpl-230799ad-2127-4c70-a2a5-72c033a9677f/datanode-2/data-0/containers/hdds/230799ad-2127-4c70-a2a5-72c033a9677f/DS-ab1d1d63-5f8c-4503-bccd-2ba685742700/container.db for volume DS-ab1d1d63-5f8c-4503-bccd-2ba685742700
2022-06-11 13:53:21,242 [EndpointStateMachine task thread for /0.0.0.0:43569 - 0 ] INFO  volume.HddsVolume (HddsVolume.java:closeDbStore(340)) - SchemaV3 db is stopped at /home/runner/work/ozone/ozone/hadoop-ozone/integration-test/target/test-dir/MiniOzoneClusterImpl-230799ad-2127-4c70-a2a5-72c033a9677f/datanode-2/data-0/containers/hdds/230799ad-2127-4c70-a2a5-72c033a9677f/DS-ab1d1d63-5f8c-4503-bccd-2ba685742700/container.db for volume DS-ab1d1d63-5f8c-4503-bccd-2ba685742700
2022-06-11 13:53:21,242 [EndpointStateMachine task thread for /0.0.0.0:43569 - 0 ] INFO  ozoneimpl.OzoneContainer (OzoneContainer.java:start(344)) - Attempting to start container services.
2022-06-11 13:53:21,242 [EndpointStateMachine task thread for /0.0.0.0:43569 - 0 ] INFO  ozoneimpl.OzoneContainer (OzoneContainer.java:startContainerScrub(279)) - Background container scanner has been disabled.
2022-06-11 13:53:21,268 [EndpointStateMachine task thread for /0.0.0.0:43569 - 0 ] INFO  replication.ReplicationServer (ReplicationServer.java:start(111)) - ReplicationServer is started using port 42175
2022-06-11 13:53:21,269 [EndpointStateMachine task thread for /0.0.0.0:43569 - 0 ] INFO  ratis.XceiverServerRatis (XceiverServerRatis.java:start(481)) - Starting XceiverServerRatis b3e33fbc-e6b1-4451-bbb7-d94529508024
2022-06-11 13:53:21,284 [EndpointStateMachine task thread for /0.0.0.0:43569 - 0 ] INFO  server.RaftServer (RaftServerProxy.java:lambda$start$6(382)) - b3e33fbc-e6b1-4451-bbb7-d94529508024: start RPC server
2022-06-11 13:53:21,295 [EndpointStateMachine task thread for /0.0.0.0:43569 - 0 ] INFO  server.GrpcService (GrpcService.java:startImpl(260)) - b3e33fbc-e6b1-4451-bbb7-d94529508024: GrpcService started, listening on 37137
2022-06-11 13:53:21,297 [EndpointStateMachine task thread for /0.0.0.0:43569 - 0 ] INFO  ratis.XceiverServerRatis (XceiverServerRatis.java:getRealPort(502)) - XceiverServerRatis b3e33fbc-e6b1-4451-bbb7-d94529508024 is started using port 37137 for RATIS
2022-06-11 13:53:21,297 [org.apache.ratis.util.JvmPauseMonitor$$Lambda$627/1387949628@66f5c29a] INFO  util.JvmPauseMonitor (JvmPauseMonitor.java:run(103)) - JvmPauseMonitor-b3e33fbc-e6b1-4451-bbb7-d94529508024: Started
2022-06-11 13:53:21,297 [EndpointStateMachine task thread for /0.0.0.0:43569 - 0 ] INFO  ratis.XceiverServerRatis (XceiverServerRatis.java:getRealPort(502)) - XceiverServerRatis b3e33fbc-e6b1-4451-bbb7-d94529508024 is started using port 37137 for RATIS_ADMIN
2022-06-11 13:53:21,297 [EndpointStateMachine task thread for /0.0.0.0:43569 - 0 ] INFO  ratis.XceiverServerRatis (XceiverServerRatis.java:getRealPort(502)) - XceiverServerRatis b3e33fbc-e6b1-4451-bbb7-d94529508024 is started using port 37137 for RATIS_SERVER
2022-06-11 13:53:21,327 [EndpointStateMachine task thread for /0.0.0.0:43569 - 0 ] INFO  server.XceiverServerGrpc (XceiverServerGrpc.java:start(180)) - XceiverServerGrpc b3e33fbc-e6b1-4451-bbb7-d94529508024 is started using port 33363
2022-06-11 13:53:21,329 [ReplicationMonitor] INFO  replication.ReplicationManager (ReplicationManager.java:processAll(228)) - Replication Manager is not ready to run until 3000ms after safemode exit
2022-06-11 13:53:21,350 [Listener at 127.0.0.1/41911] INFO  handler.ContextHandler (ContextHandler.java:doStart(915)) - Started o.e.j.w.WebAppContext@7bc73a76{hddsDatanode,/,file:///tmp/jetty-0_0_0_0-36681-hdds-container-service-1_3_0-SNAPSHOT_jar-_-any-1925745488383269423/webapp/,AVAILABLE}{jar:file:/home/runner/.m2/repository/org/apache/ozone/hdds-container-service/1.3.0-SNAPSHOT/hdds-container-service-1.3.0-SNAPSHOT.jar!/webapps/hddsDatanode}
2022-06-11 13:53:21,361 [Listener at 127.0.0.1/41911] INFO  server.AbstractConnector (AbstractConnector.java:doStart(331)) - Started ServerConnector@6a8b7731{HTTP/1.1, (http/1.1)}{0.0.0.0:36681}
2022-06-11 13:53:21,361 [Listener at 127.0.0.1/41911] INFO  server.Server (Server.java:doStart(415)) - Started @85159ms
2022-06-11 13:53:21,361 [Listener at 127.0.0.1/41911] WARN  impl.MetricsSystemImpl (MetricsSystemImpl.java:register(279)) - Sink prometheus already exists!
2022-06-11 13:53:21,372 [Listener at 127.0.0.1/41911] INFO  http.BaseHttpServer (BaseHttpServer.java:updateConnectorAddress(329)) - HTTP server of hddsDatanode listening at http://0.0.0.0:36681
2022-06-11 13:53:21,384 [Listener at 127.0.0.1/41911] INFO  ozone.MiniOzoneClusterImpl (MiniOzoneClusterImpl.java:lambda$waitForClusterToBeReady$0(221)) - Waiting for nodes to be ready. Got 1 of 5 DN Heartbeats.
2022-06-11 13:53:21,384 [Listener at 127.0.0.1/41911] INFO  ozone.MiniOzoneClusterImpl (MiniOzoneClusterImpl.java:lambda$waitForClusterToBeReady$0(224)) - Waiting for cluster to exit safe mode
2022-06-11 13:53:21,384 [Listener at 127.0.0.1/41911] INFO  ozone.MiniOzoneClusterImpl (MiniOzoneClusterImpl.java:lambda$waitForClusterToBeReady$0(226)) - SCM became leader
2022-06-11 13:53:21,385 [Datanode State Machine Daemon Thread] INFO  statemachine.DatanodeStateMachine (DatanodeStateMachine.java:lambda$startDaemon$0(484)) - Ozone container server started.
2022-06-11 13:53:21,399 [org.apache.hadoop.util.JvmPauseMonitor$Monitor@3908f3b7] INFO  util.JvmPauseMonitor (JvmPauseMonitor.java:run(188)) - Starting JVM pause monitor
2022-06-11 13:53:21,406 [Datanode State Machine Task Thread - 0] INFO  datanode.InitDatanodeState (InitDatanodeState.java:persistContainerDatanodeDetails(138)) - DatanodeDetails is persisted to /home/runner/work/ozone/ozone/hadoop-ozone/integration-test/target/test-dir/MiniOzoneClusterImpl-230799ad-2127-4c70-a2a5-72c033a9677f/datanode-4/meta/datanode.id
2022-06-11 13:53:22,245 [IPC Server handler 3 on default port 43569] INFO  net.NetworkTopologyImpl (NetworkTopologyImpl.java:add(112)) - Added a new node: /default-rack/5620fb3b-0054-439e-9ae8-a9fef5d7add1
2022-06-11 13:53:22,245 [IPC Server handler 3 on default port 43569] INFO  node.SCMNodeManager (SCMNodeManager.java:register(394)) - Registered Data node : 5620fb3b-0054-439e-9ae8-a9fef5d7add1{ip: 10.1.0.23, host: fv-az395-686.zfmzfyrfkyou3ow0tsr0jxwq1e.bx.internal.cloudapp.net, ports: [REPLICATION=45559, RATIS=45561, RATIS_ADMIN=45561, RATIS_SERVER=45561, STANDALONE=36393], networkLocation: /default-rack, certSerialId: null, persistedOpState: null, persistedOpStateExpiryEpochSec: 0}
2022-06-11 13:53:22,246 [EventQueue-NewNodeForNewNodeHandler] INFO  pipeline.BackgroundPipelineCreator (BackgroundPipelineCreator.java:notifyEventTriggered(272)) - trigger a one-shot run on RatisPipelineUtilsThread.
2022-06-11 13:53:22,260 [RatisPipelineUtilsThread - 0] INFO  pipeline.RatisPipelineProvider (RatisPipelineProvider.java:lambda$create$0(195)) - Sending CreatePipelineCommand for pipeline:PipelineID=edec4eb6-cd2f-47ba-a59e-013ab8a6a2db to datanode:5620fb3b-0054-439e-9ae8-a9fef5d7add1
2022-06-11 13:53:22,260 [EventQueue-NodeRegistrationContainerReportForDataNodeSafeModeRule] INFO  safemode.SCMSafeModeManager (DataNodeSafeModeRule.java:process(71)) - SCM in safe mode. 2 DataNodes registered, 3 required.
2022-06-11 13:53:22,261 [RatisPipelineUtilsThread - 0] INFO  pipeline.PipelineStateManagerImpl (PipelineStateManagerImpl.java:addPipeline(101)) - Created pipeline Pipeline[ Id: edec4eb6-cd2f-47ba-a59e-013ab8a6a2db, Nodes: 5620fb3b-0054-439e-9ae8-a9fef5d7add1{ip: 10.1.0.23, host: fv-az395-686.zfmzfyrfkyou3ow0tsr0jxwq1e.bx.internal.cloudapp.net, ports: [REPLICATION=45559, RATIS=45561, RATIS_ADMIN=45561, RATIS_SERVER=45561, STANDALONE=36393], networkLocation: /default-rack, certSerialId: null, persistedOpState: IN_SERVICE, persistedOpStateExpiryEpochSec: 0}, ReplicationConfig: RATIS/ONE, State:ALLOCATED, leaderId:, CreationTimestamp2022-06-11T13:53:22.260Z[Etc/UTC]].
2022-06-11 13:53:22,300 [EndpointStateMachine task thread for /0.0.0.0:43569 - 0 ] INFO  volume.HddsVolume (HddsVolume.java:createDbStore(309)) - SchemaV3 db is created and loaded at /home/runner/work/ozone/ozone/hadoop-ozone/integration-test/target/test-dir/MiniOzoneClusterImpl-230799ad-2127-4c70-a2a5-72c033a9677f/datanode-3/data-0/containers/hdds/230799ad-2127-4c70-a2a5-72c033a9677f/DS-7a404ca1-d9e7-47d4-ab4d-56149a7f0922/container.db for volume DS-7a404ca1-d9e7-47d4-ab4d-56149a7f0922
2022-06-11 13:53:22,301 [EndpointStateMachine task thread for /0.0.0.0:43569 - 0 ] INFO  volume.HddsVolume (HddsVolume.java:closeDbStore(340)) - SchemaV3 db is stopped at /home/runner/work/ozone/ozone/hadoop-ozone/integration-test/target/test-dir/MiniOzoneClusterImpl-230799ad-2127-4c70-a2a5-72c033a9677f/datanode-3/data-0/containers/hdds/230799ad-2127-4c70-a2a5-72c033a9677f/DS-7a404ca1-d9e7-47d4-ab4d-56149a7f0922/container.db for volume DS-7a404ca1-d9e7-47d4-ab4d-56149a7f0922
2022-06-11 13:53:22,301 [EndpointStateMachine task thread for /0.0.0.0:43569 - 0 ] INFO  ozoneimpl.OzoneContainer (OzoneContainer.java:start(344)) - Attempting to start container services.
2022-06-11 13:53:22,301 [EndpointStateMachine task thread for /0.0.0.0:43569 - 0 ] INFO  ozoneimpl.OzoneContainer (OzoneContainer.java:startContainerScrub(279)) - Background container scanner has been disabled.
2022-06-11 13:53:22,309 [EndpointStateMachine task thread for /0.0.0.0:43569 - 0 ] INFO  replication.ReplicationServer (ReplicationServer.java:start(111)) - ReplicationServer is started using port 46443
2022-06-11 13:53:22,309 [EndpointStateMachine task thread for /0.0.0.0:43569 - 0 ] INFO  ratis.XceiverServerRatis (XceiverServerRatis.java:start(481)) - Starting XceiverServerRatis 431497ad-d025-459f-926e-1ac8482a6047
2022-06-11 13:53:22,310 [EndpointStateMachine task thread for /0.0.0.0:43569 - 0 ] INFO  server.RaftServer (RaftServerProxy.java:lambda$start$6(382)) - 431497ad-d025-459f-926e-1ac8482a6047: start RPC server
2022-06-11 13:53:22,330 [EndpointStateMachine task thread for /0.0.0.0:43569 - 0 ] INFO  server.GrpcService (GrpcService.java:startImpl(260)) - 431497ad-d025-459f-926e-1ac8482a6047: GrpcService started, listening on 44869
2022-06-11 13:53:22,330 [EndpointStateMachine task thread for /0.0.0.0:43569 - 0 ] INFO  ratis.XceiverServerRatis (XceiverServerRatis.java:getRealPort(502)) - XceiverServerRatis 431497ad-d025-459f-926e-1ac8482a6047 is started using port 44869 for RATIS
2022-06-11 13:53:22,330 [EndpointStateMachine task thread for /0.0.0.0:43569 - 0 ] INFO  ratis.XceiverServerRatis (XceiverServerRatis.java:getRealPort(502)) - XceiverServerRatis 431497ad-d025-459f-926e-1ac8482a6047 is started using port 44869 for RATIS_ADMIN
2022-06-11 13:53:22,330 [EndpointStateMachine task thread for /0.0.0.0:43569 - 0 ] INFO  ratis.XceiverServerRatis (XceiverServerRatis.java:getRealPort(502)) - XceiverServerRatis 431497ad-d025-459f-926e-1ac8482a6047 is started using port 44869 for RATIS_SERVER
2022-06-11 13:53:22,330 [org.apache.ratis.util.JvmPauseMonitor$$Lambda$627/1387949628@2f381926] INFO  util.JvmPauseMonitor (JvmPauseMonitor.java:run(103)) - JvmPauseMonitor-431497ad-d025-459f-926e-1ac8482a6047: Started
2022-06-11 13:53:22,344 [ReplicationMonitor] INFO  replication.ReplicationManager (ReplicationManager.java:processAll(228)) - Replication Manager is not ready to run until 3000ms after safemode exit
2022-06-11 13:53:22,353 [EndpointStateMachine task thread for /0.0.0.0:43569 - 0 ] INFO  server.XceiverServerGrpc (XceiverServerGrpc.java:start(180)) - XceiverServerGrpc 431497ad-d025-459f-926e-1ac8482a6047 is started using port 45343
2022-06-11 13:53:22,385 [Listener at 127.0.0.1/41911] INFO  ozone.MiniOzoneClusterImpl (MiniOzoneClusterImpl.java:lambda$waitForClusterToBeReady$0(221)) - Waiting for nodes to be ready. Got 2 of 5 DN Heartbeats.
2022-06-11 13:53:22,385 [Listener at 127.0.0.1/41911] INFO  ozone.MiniOzoneClusterImpl (MiniOzoneClusterImpl.java:lambda$waitForClusterToBeReady$0(224)) - Waiting for cluster to exit safe mode
2022-06-11 13:53:22,385 [Listener at 127.0.0.1/41911] INFO  ozone.MiniOzoneClusterImpl (MiniOzoneClusterImpl.java:lambda$waitForClusterToBeReady$0(226)) - SCM became leader
2022-06-11 13:53:23,138 [IPC Server handler 1 on default port 43569] INFO  net.NetworkTopologyImpl (NetworkTopologyImpl.java:add(112)) - Added a new node: /default-rack/b3e33fbc-e6b1-4451-bbb7-d94529508024
2022-06-11 13:53:23,139 [IPC Server handler 1 on default port 43569] INFO  node.SCMNodeManager (SCMNodeManager.java:register(394)) - Registered Data node : b3e33fbc-e6b1-4451-bbb7-d94529508024{ip: 10.1.0.23, host: fv-az395-686.zfmzfyrfkyou3ow0tsr0jxwq1e.bx.internal.cloudapp.net, ports: [REPLICATION=42175, RATIS=37137, RATIS_ADMIN=37137, RATIS_SERVER=37137, STANDALONE=33363], networkLocation: /default-rack, certSerialId: null, persistedOpState: null, persistedOpStateExpiryEpochSec: 0}
2022-06-11 13:53:23,139 [EventQueue-NewNodeForNewNodeHandler] INFO  pipeline.BackgroundPipelineCreator (BackgroundPipelineCreator.java:notifyEventTriggered(272)) - trigger a one-shot run on RatisPipelineUtilsThread.
2022-06-11 13:53:23,139 [EventQueue-NodeRegistrationContainerReportForDataNodeSafeModeRule] INFO  safemode.SCMSafeModeManager (DataNodeSafeModeRule.java:process(71)) - SCM in safe mode. 3 DataNodes registered, 3 required.
2022-06-11 13:53:23,139 [EventQueue-NodeRegistrationContainerReportForDataNodeSafeModeRule] INFO  safemode.SCMSafeModeManager (SCMSafeModeManager.java:validateSafeModeExitRules(204)) - DataNodeSafeModeRule rule is successfully validated
2022-06-11 13:53:23,139 [EventQueue-NodeRegistrationContainerReportForDataNodeSafeModeRule] INFO  safemode.SCMSafeModeManager (SCMSafeModeManager.java:completePreCheck(233)) - All SCM safe mode pre check rules have passed
2022-06-11 13:53:23,139 [EventQueue-NodeRegistrationContainerReportForDataNodeSafeModeRule] WARN  events.EventQueue (EventQueue.java:fireEvent(194)) - No event handler registered for event TypedEvent{payloadType=SafeModeStatus, name='Safe mode status'}
2022-06-11 13:53:23,139 [EventQueue-NodeRegistrationContainerReportForDataNodeSafeModeRule] INFO  ha.SCMContext (SCMContext.java:updateSafeModeStatus(228)) - Update SafeModeStatus from SafeModeStatus{safeModeStatus=true, preCheckPassed=false} to SafeModeStatus{safeModeStatus=true, preCheckPassed=true}.
2022-06-11 13:53:23,139 [EventQueue-NodeRegistrationContainerReportForDataNodeSafeModeRule] INFO  pipeline.BackgroundPipelineCreator (BackgroundPipelineCreator.java:notifyEventTriggered(272)) - trigger a one-shot run on RatisPipelineUtilsThread.
2022-06-11 13:53:23,139 [RatisPipelineUtilsThread - 0] INFO  pipeline.RatisPipelineProvider (RatisPipelineProvider.java:lambda$create$0(195)) - Sending CreatePipelineCommand for pipeline:PipelineID=d5196bdb-50bf-4589-be18-3e8f788df5de to datanode:b3e33fbc-e6b1-4451-bbb7-d94529508024
2022-06-11 13:53:23,140 [RatisPipelineUtilsThread - 0] INFO  pipeline.PipelineStateManagerImpl (PipelineStateManagerImpl.java:addPipeline(101)) - Created pipeline Pipeline[ Id: d5196bdb-50bf-4589-be18-3e8f788df5de, Nodes: b3e33fbc-e6b1-4451-bbb7-d94529508024{ip: 10.1.0.23, host: fv-az395-686.zfmzfyrfkyou3ow0tsr0jxwq1e.bx.internal.cloudapp.net, ports: [REPLICATION=42175, RATIS=37137, RATIS_ADMIN=37137, RATIS_SERVER=37137, STANDALONE=33363], networkLocation: /default-rack, certSerialId: null, persistedOpState: IN_SERVICE, persistedOpStateExpiryEpochSec: 0}, ReplicationConfig: RATIS/ONE, State:ALLOCATED, leaderId:, CreationTimestamp2022-06-11T13:53:23.139Z[Etc/UTC]].
2022-06-11 13:53:23,140 [RatisPipelineUtilsThread - 0] INFO  pipeline.RatisPipelineProvider (RatisPipelineProvider.java:lambda$create$0(195)) - Sending CreatePipelineCommand for pipeline:PipelineID=59a554f3-8ff7-4989-92b5-7155c7f81711 to datanode:b3e33fbc-e6b1-4451-bbb7-d94529508024
2022-06-11 13:53:23,140 [RatisPipelineUtilsThread - 0] INFO  pipeline.RatisPipelineProvider (RatisPipelineProvider.java:lambda$create$0(195)) - Sending CreatePipelineCommand for pipeline:PipelineID=59a554f3-8ff7-4989-92b5-7155c7f81711 to datanode:5620fb3b-0054-439e-9ae8-a9fef5d7add1
2022-06-11 13:53:23,141 [RatisPipelineUtilsThread - 0] INFO  pipeline.RatisPipelineProvider (RatisPipelineProvider.java:lambda$create$0(195)) - Sending CreatePipelineCommand for pipeline:PipelineID=59a554f3-8ff7-4989-92b5-7155c7f81711 to datanode:16c7fc92-fb06-4eb2-809b-3504c9fb6acd
2022-06-11 13:53:23,141 [RatisPipelineUtilsThread - 0] INFO  pipeline.PipelineStateManagerImpl (PipelineStateManagerImpl.java:addPipeline(101)) - Created pipeline Pipeline[ Id: 59a554f3-8ff7-4989-92b5-7155c7f81711, Nodes: b3e33fbc-e6b1-4451-bbb7-d94529508024{ip: 10.1.0.23, host: fv-az395-686.zfmzfyrfkyou3ow0tsr0jxwq1e.bx.internal.cloudapp.net, ports: [REPLICATION=42175, RATIS=37137, RATIS_ADMIN=37137, RATIS_SERVER=37137, STANDALONE=33363], networkLocation: /default-rack, certSerialId: null, persistedOpState: IN_SERVICE, persistedOpStateExpiryEpochSec: 0}5620fb3b-0054-439e-9ae8-a9fef5d7add1{ip: 10.1.0.23, host: fv-az395-686.zfmzfyrfkyou3ow0tsr0jxwq1e.bx.internal.cloudapp.net, ports: [REPLICATION=45559, RATIS=45561, RATIS_ADMIN=45561, RATIS_SERVER=45561, STANDALONE=36393], networkLocation: /default-rack, certSerialId: null, persistedOpState: IN_SERVICE, persistedOpStateExpiryEpochSec: 0}16c7fc92-fb06-4eb2-809b-3504c9fb6acd{ip: 10.1.0.23, host: fv-az395-686.zfmzfyrfkyou3ow0tsr0jxwq1e.bx.internal.cloudapp.net, ports: [REPLICATION=42241, RATIS=43953, RATIS_ADMIN=43953, RATIS_SERVER=43953, STANDALONE=35909], networkLocation: /default-rack, certSerialId: null, persistedOpState: IN_SERVICE, persistedOpStateExpiryEpochSec: 0}, ReplicationConfig: RATIS/THREE, State:ALLOCATED, leaderId:, CreationTimestamp2022-06-11T13:53:23.140Z[Etc/UTC]].
2022-06-11 13:53:23,344 [ReplicationMonitor] INFO  replication.ReplicationManager (ReplicationManager.java:processAll(228)) - Replication Manager is not ready to run until 3000ms after safemode exit
2022-06-11 13:53:23,385 [Listener at 127.0.0.1/41911] INFO  ozone.MiniOzoneClusterImpl (MiniOzoneClusterImpl.java:lambda$waitForClusterToBeReady$0(221)) - Waiting for nodes to be ready. Got 3 of 5 DN Heartbeats.
2022-06-11 13:53:23,385 [Listener at 127.0.0.1/41911] INFO  ozone.MiniOzoneClusterImpl (MiniOzoneClusterImpl.java:lambda$waitForClusterToBeReady$0(224)) - Waiting for cluster to exit safe mode
2022-06-11 13:53:23,385 [Listener at 127.0.0.1/41911] INFO  ozone.MiniOzoneClusterImpl (MiniOzoneClusterImpl.java:lambda$waitForClusterToBeReady$0(226)) - SCM became leader
2022-06-11 13:53:23,481 [EndpointStateMachine task thread for /0.0.0.0:43569 - 0 ] INFO  volume.HddsVolume (HddsVolume.java:createDbStore(309)) - SchemaV3 db is created and loaded at /home/runner/work/ozone/ozone/hadoop-ozone/integration-test/target/test-dir/MiniOzoneClusterImpl-230799ad-2127-4c70-a2a5-72c033a9677f/datanode-4/data-0/containers/hdds/230799ad-2127-4c70-a2a5-72c033a9677f/DS-f76ed3af-169c-4843-836d-1af87bd6211f/container.db for volume DS-f76ed3af-169c-4843-836d-1af87bd6211f
2022-06-11 13:53:23,482 [EndpointStateMachine task thread for /0.0.0.0:43569 - 0 ] INFO  volume.HddsVolume (HddsVolume.java:closeDbStore(340)) - SchemaV3 db is stopped at /home/runner/work/ozone/ozone/hadoop-ozone/integration-test/target/test-dir/MiniOzoneClusterImpl-230799ad-2127-4c70-a2a5-72c033a9677f/datanode-4/data-0/containers/hdds/230799ad-2127-4c70-a2a5-72c033a9677f/DS-f76ed3af-169c-4843-836d-1af87bd6211f/container.db for volume DS-f76ed3af-169c-4843-836d-1af87bd6211f
2022-06-11 13:53:23,482 [EndpointStateMachine task thread for /0.0.0.0:43569 - 0 ] INFO  ozoneimpl.OzoneContainer (OzoneContainer.java:start(344)) - Attempting to start container services.
2022-06-11 13:53:23,482 [EndpointStateMachine task thread for /0.0.0.0:43569 - 0 ] INFO  ozoneimpl.OzoneContainer (OzoneContainer.java:startContainerScrub(279)) - Background container scanner has been disabled.
2022-06-11 13:53:23,497 [EndpointStateMachine task thread for /0.0.0.0:43569 - 0 ] INFO  replication.ReplicationServer (ReplicationServer.java:start(111)) - ReplicationServer is started using port 44671
2022-06-11 13:53:23,497 [EndpointStateMachine task thread for /0.0.0.0:43569 - 0 ] INFO  ratis.XceiverServerRatis (XceiverServerRatis.java:start(481)) - Starting XceiverServerRatis a8298ad5-9b92-4e35-bc53-f44849c6df82
2022-06-11 13:53:23,546 [EndpointStateMachine task thread for /0.0.0.0:43569 - 0 ] INFO  server.RaftServer (RaftServerProxy.java:lambda$start$6(382)) - a8298ad5-9b92-4e35-bc53-f44849c6df82: start RPC server
2022-06-11 13:53:23,567 [EndpointStateMachine task thread for /0.0.0.0:43569 - 0 ] INFO  server.GrpcService (GrpcService.java:startImpl(260)) - a8298ad5-9b92-4e35-bc53-f44849c6df82: GrpcService started, listening on 34095
2022-06-11 13:53:23,567 [EndpointStateMachine task thread for /0.0.0.0:43569 - 0 ] INFO  ratis.XceiverServerRatis (XceiverServerRatis.java:getRealPort(502)) - XceiverServerRatis a8298ad5-9b92-4e35-bc53-f44849c6df82 is started using port 34095 for RATIS
2022-06-11 13:53:23,568 [EndpointStateMachine task thread for /0.0.0.0:43569 - 0 ] INFO  ratis.XceiverServerRatis (XceiverServerRatis.java:getRealPort(502)) - XceiverServerRatis a8298ad5-9b92-4e35-bc53-f44849c6df82 is started using port 34095 for RATIS_ADMIN
2022-06-11 13:53:23,568 [EndpointStateMachine task thread for /0.0.0.0:43569 - 0 ] INFO  ratis.XceiverServerRatis (XceiverServerRatis.java:getRealPort(502)) - XceiverServerRatis a8298ad5-9b92-4e35-bc53-f44849c6df82 is started using port 34095 for RATIS_SERVER
2022-06-11 13:53:23,577 [org.apache.ratis.util.JvmPauseMonitor$$Lambda$627/1387949628@3e278612] INFO  util.JvmPauseMonitor (JvmPauseMonitor.java:run(103)) - JvmPauseMonitor-a8298ad5-9b92-4e35-bc53-f44849c6df82: Started
2022-06-11 13:53:23,605 [EndpointStateMachine task thread for /0.0.0.0:43569 - 0 ] INFO  server.XceiverServerGrpc (XceiverServerGrpc.java:start(180)) - XceiverServerGrpc a8298ad5-9b92-4e35-bc53-f44849c6df82 is started using port 38997
2022-06-11 13:53:24,070 [Command processor thread] INFO  server.RaftServer (RaftServerProxy.java:addNew(96)) - 16c7fc92-fb06-4eb2-809b-3504c9fb6acd: addNew group-F7D814194E11:[16c7fc92-fb06-4eb2-809b-3504c9fb6acd|rpc:10.1.0.23:43953|priority:1] returns group-F7D814194E11:java.util.concurrent.CompletableFuture@783abb49[Not completed]
2022-06-11 13:53:24,071 [pool-329-thread-1] INFO  server.RaftServer$Division (RaftServerImpl.java:<init>(190)) - 16c7fc92-fb06-4eb2-809b-3504c9fb6acd: new RaftServerImpl for group-F7D814194E11:[16c7fc92-fb06-4eb2-809b-3504c9fb6acd|rpc:10.1.0.23:43953|priority:1] with ContainerStateMachine:uninitialized
2022-06-11 13:53:24,096 [pool-329-thread-1] INFO  server.RaftServerConfigKeys (ConfUtils.java:logGet(46)) - raft.server.rpc.timeout.min = 5s (custom)
2022-06-11 13:53:24,096 [pool-329-thread-1] INFO  server.RaftServerConfigKeys (ConfUtils.java:logGet(46)) - raft.server.rpc.timeout.max = 5200ms (custom)
2022-06-11 13:53:24,096 [pool-329-thread-1] INFO  server.RaftServerConfigKeys (ConfUtils.java:logGet(46)) - raft.server.rpc.sleep.time = 25ms (default)
2022-06-11 13:53:24,096 [pool-329-thread-1] INFO  server.RaftServerConfigKeys (ConfUtils.java:logGet(46)) - raft.server.rpc.slowness.timeout = 300s (custom)
2022-06-11 13:53:24,096 [pool-329-thread-1] INFO  server.RaftServerConfigKeys (ConfUtils.java:logGet(46)) - raft.server.leaderelection.leader.step-down.wait-time = 10s (default)
2022-06-11 13:53:24,098 [pool-329-thread-1] INFO  server.RaftServerConfigKeys (ConfUtils.java:logGet(46)) - raft.server.sleep.deviation.threshold = 300ms (default)
2022-06-11 13:53:24,098 [pool-329-thread-1] INFO  server.RaftServer$Division (ServerState.java:<init>(107)) - 16c7fc92-fb06-4eb2-809b-3504c9fb6acd@group-F7D814194E11: ConfigurationManager, init=-1: [16c7fc92-fb06-4eb2-809b-3504c9fb6acd|rpc:10.1.0.23:43953|priority:1], old=null, confs=<EMPTY_MAP>
2022-06-11 13:53:24,098 [pool-329-thread-1] INFO  server.RaftServerConfigKeys (ConfUtils.java:logGet(46)) - raft.server.storage.dir = [/home/runner/work/ozone/ozone/hadoop-ozone/integration-test/target/test-dir/MiniOzoneClusterImpl-230799ad-2127-4c70-a2a5-72c033a9677f/datanode-0/data/ratis] (custom)
2022-06-11 13:53:24,098 [pool-329-thread-1] INFO  server.RaftServerConfigKeys (ConfUtils.java:logGet(46)) - raft.server.log.corruption.policy = EXCEPTION (default)
2022-06-11 13:53:24,098 [pool-329-thread-1] INFO  server.RaftServerConfigKeys (ConfUtils.java:logGet(46)) - raft.server.storage.free-space.min = 0MB (=0) (default)
2022-06-11 13:53:24,098 [pool-329-thread-1] INFO  storage.RaftStorageDirectory (RaftStorageDirectoryImpl.java:analyzeStorage(135)) - The storage directory /home/runner/work/ozone/ozone/hadoop-ozone/integration-test/target/test-dir/MiniOzoneClusterImpl-230799ad-2127-4c70-a2a5-72c033a9677f/datanode-0/data/ratis/1a56d300-b1c8-4033-ba3d-f7d814194e11 does not exist. Creating ...
2022-06-11 13:53:24,108 [pool-329-thread-1] INFO  storage.RaftStorageDirectory (RaftStorageDirectoryImpl.java:tryLock(230)) - Lock on /home/runner/work/ozone/ozone/hadoop-ozone/integration-test/target/test-dir/MiniOzoneClusterImpl-230799ad-2127-4c70-a2a5-72c033a9677f/datanode-0/data/ratis/1a56d300-b1c8-4033-ba3d-f7d814194e11/in_use.lock acquired by nodename 20323@fv-az395-686
2022-06-11 13:53:24,113 [pool-329-thread-1] INFO  storage.RaftStorage (RaftStorageImpl.java:format(89)) - Storage directory /home/runner/work/ozone/ozone/hadoop-ozone/integration-test/target/test-dir/MiniOzoneClusterImpl-230799ad-2127-4c70-a2a5-72c033a9677f/datanode-0/data/ratis/1a56d300-b1c8-4033-ba3d-f7d814194e11 has been successfully formatted.
2022-06-11 13:53:24,124 [pool-329-thread-1] INFO  ratis.ContainerStateMachine (ContainerStateMachine.java:loadSnapshot(236)) - group-F7D814194E11: The snapshot info is null. Setting the last applied indexto:(t:0, i:~)
2022-06-11 13:53:24,125 [pool-329-thread-1] INFO  server.RaftServerConfigKeys (ConfUtils.java:logGet(46)) - raft.server.notification.no-leader.timeout = 300s (custom)
2022-06-11 13:53:24,125 [pool-329-thread-1] INFO  server.RaftServerConfigKeys (ConfUtils.java:logGet(46)) - raft.server.log.use.memory = false (default)
2022-06-11 13:53:24,125 [pool-329-thread-1] INFO  server.RaftServerConfigKeys (ConfUtils.java:logGet(46)) - raft.server.log.purge.gap = 1000000 (custom)
2022-06-11 13:53:24,125 [pool-329-thread-1] INFO  server.RaftServerConfigKeys (ConfUtils.java:logGet(46)) - raft.server.log.appender.buffer.byte-limit = 33554432 (custom)
2022-06-11 13:53:24,125 [pool-329-thread-1] INFO  server.RaftServerConfigKeys (ConfUtils.java:logGet(46)) - raft.server.log.statemachine.data.read.timeout = 1000ms (default)
2022-06-11 13:53:24,125 [pool-329-thread-1] INFO  server.RaftServerConfigKeys (ConfUtils.java:logGet(46)) - raft.server.log.segment.size.max = 1048576 (custom)
2022-06-11 13:53:24,126 [pool-329-thread-1] INFO  server.RaftServerConfigKeys (ConfUtils.java:logGet(46)) - raft.server.log.segment.cache.num.max = 2 (custom)
2022-06-11 13:53:24,126 [pool-329-thread-1] INFO  server.RaftServerConfigKeys (ConfUtils.java:logGet(46)) - raft.server.log.segment.cache.size.max = 200MB (=209715200) (default)
2022-06-11 13:53:24,126 [pool-329-thread-1] INFO  segmented.SegmentedRaftLogWorker (SegmentedRaftLogWorker.java:<init>(187)) - new 16c7fc92-fb06-4eb2-809b-3504c9fb6acd@group-F7D814194E11-SegmentedRaftLogWorker for RaftStorageImpl:Storage Directory /home/runner/work/ozone/ozone/hadoop-ozone/integration-test/target/test-dir/MiniOzoneClusterImpl-230799ad-2127-4c70-a2a5-72c033a9677f/datanode-0/data/ratis/1a56d300-b1c8-4033-ba3d-f7d814194e11
2022-06-11 13:53:24,126 [pool-329-thread-1] INFO  server.RaftServerConfigKeys (ConfUtils.java:logGet(46)) - raft.server.log.queue.byte-limit = 4294967296 (custom)
2022-06-11 13:53:24,126 [pool-329-thread-1] INFO  server.RaftServerConfigKeys (ConfUtils.java:logGet(46)) - raft.server.log.queue.element-limit = 1024 (custom)
2022-06-11 13:53:24,126 [pool-329-thread-1] INFO  server.RaftServerConfigKeys (ConfUtils.java:logGet(46)) - raft.server.log.segment.size.max = 1048576 (custom)
2022-06-11 13:53:24,126 [pool-329-thread-1] INFO  server.RaftServerConfigKeys (ConfUtils.java:logGet(46)) - raft.server.log.preallocated.size = 16384 (custom)
2022-06-11 13:53:24,126 [pool-329-thread-1] INFO  server.RaftServerConfigKeys (ConfUtils.java:logGet(46)) - raft.server.log.force.sync.num = 128 (default)
2022-06-11 13:53:24,126 [pool-329-thread-1] INFO  server.RaftServerConfigKeys (ConfUtils.java:logGet(46)) - raft.server.log.statemachine.data.sync = true (default)
2022-06-11 13:53:24,126 [pool-329-thread-1] INFO  server.RaftServerConfigKeys (ConfUtils.java:logGet(46)) - raft.server.log.statemachine.data.sync.timeout = 10s (default)
2022-06-11 13:53:24,126 [pool-329-thread-1] INFO  server.RaftServerConfigKeys (ConfUtils.java:logGet(46)) - raft.server.log.statemachine.data.sync.timeout.retry = -1 (default)
2022-06-11 13:53:24,128 [pool-329-thread-1] INFO  server.RaftServerConfigKeys (ConfUtils.java:logGet(46)) - raft.server.log.write.buffer.size = 1048576 (custom)
2022-06-11 13:53:24,128 [EventQueue-PipelineReportForPipelineReportHandler] INFO  pipeline.PipelineManagerImpl (PipelineManagerImpl.java:openPipeline(356)) - Pipeline Pipeline[ Id: 1a56d300-b1c8-4033-ba3d-f7d814194e11, Nodes: 16c7fc92-fb06-4eb2-809b-3504c9fb6acd{ip: 10.1.0.23, host: fv-az395-686.zfmzfyrfkyou3ow0tsr0jxwq1e.bx.internal.cloudapp.net, ports: [REPLICATION=42241, RATIS=43953, RATIS_ADMIN=43953, RATIS_SERVER=43953, STANDALONE=35909], networkLocation: /default-rack, certSerialId: null, persistedOpState: IN_SERVICE, persistedOpStateExpiryEpochSec: 0}, ReplicationConfig: RATIS/ONE, State:ALLOCATED, leaderId:16c7fc92-fb06-4eb2-809b-3504c9fb6acd, CreationTimestamp2022-06-11T13:53:21.109Z[Etc/UTC]] moved to OPEN state
2022-06-11 13:53:24,128 [pool-329-thread-1] INFO  server.RaftServerConfigKeys (ConfUtils.java:logGet(46)) - raft.server.log.unsafe-flush.enabled = false (default)
2022-06-11 13:53:24,128 [pool-329-thread-1] INFO  server.RaftServerConfigKeys (ConfUtils.java:logGet(46)) - raft.server.log.statemachine.data.caching.enabled = true (custom)
2022-06-11 13:53:24,128 [pool-329-thread-1] INFO  segmented.SegmentedRaftLogWorker (SegmentedRaftLogWorker.java:lambda$new$0(135)) - 16c7fc92-fb06-4eb2-809b-3504c9fb6acd@group-F7D814194E11-SegmentedRaftLogWorker: flushIndex: setUnconditionally 0 -> -1
2022-06-11 13:53:24,128 [pool-329-thread-1] INFO  segmented.SegmentedRaftLogWorker (SegmentedRaftLogWorker.java:lambda$new$0(135)) - 16c7fc92-fb06-4eb2-809b-3504c9fb6acd@group-F7D814194E11-SegmentedRaftLogWorker: safeCacheEvictIndex: setUnconditionally 0 -> -1
2022-06-11 13:53:24,130 [pool-329-thread-1] INFO  server.RaftServerConfigKeys (ConfUtils.java:logGet(46)) - raft.server.snapshot.auto.trigger.enabled = true (custom)
2022-06-11 13:53:24,130 [pool-329-thread-1] INFO  server.RaftServerConfigKeys (ConfUtils.java:logGet(46)) - raft.server.snapshot.auto.trigger.threshold = 10000 (custom)
2022-06-11 13:53:24,130 [pool-329-thread-1] INFO  server.RaftServerConfigKeys (ConfUtils.java:logGet(46)) - raft.server.snapshot.retention.file.num = 5 (custom)
2022-06-11 13:53:24,144 [pool-329-thread-1] INFO  server.RaftServerConfigKeys (ConfUtils.java:logGet(46)) - raft.server.log.purge.upto.snapshot.index = false (default)
2022-06-11 13:53:24,144 [pool-329-thread-1] INFO  server.RaftServerConfigKeys (ConfUtils.java:logGet(46)) - raft.server.retrycache.expirytime = 600000ms (custom)
2022-06-11 13:53:24,144 [pool-329-thread-1] INFO  server.RaftServerConfigKeys (ConfUtils.java:logGet(46)) - raft.server.retrycache.statistics.expirytime = 100μs (default)
2022-06-11 13:53:24,146 [pool-329-thread-1] INFO  server.RaftServerConfigKeys (ConfUtils.java:logGet(46)) - raft.server.log.appender.install.snapshot.enabled = false (custom)
2022-06-11 13:53:24,146 [pool-329-thread-1] INFO  server.RaftServerConfigKeys (ConfUtils.java:logGet(46)) - raft.server.threadpool.server.cached = true (default)
2022-06-11 13:53:24,146 [pool-329-thread-1] INFO  server.RaftServerConfigKeys (ConfUtils.java:logGet(46)) - raft.server.threadpool.server.size = 0 (default)
2022-06-11 13:53:24,146 [pool-329-thread-1] INFO  server.RaftServerConfigKeys (ConfUtils.java:logGet(46)) - raft.server.threadpool.client.cached = true (default)
2022-06-11 13:53:24,146 [pool-329-thread-1] INFO  server.RaftServerConfigKeys (ConfUtils.java:logGet(46)) - raft.server.threadpool.client.size = 0 (default)
2022-06-11 13:53:24,146 [pool-329-thread-1] INFO  server.RaftServer$Division (RaftServerImpl.java:start(310)) - 16c7fc92-fb06-4eb2-809b-3504c9fb6acd@group-F7D814194E11: start as a follower, conf=-1: [16c7fc92-fb06-4eb2-809b-3504c9fb6acd|rpc:10.1.0.23:43953|priority:1], old=null
2022-06-11 13:53:24,146 [pool-329-thread-1] INFO  server.RaftServer$Division (RaftServerImpl.java:setRole(299)) - 16c7fc92-fb06-4eb2-809b-3504c9fb6acd@group-F7D814194E11: changes role from      null to FOLLOWER at term 0 for startAsFollower
2022-06-11 13:53:24,146 [pool-329-thread-1] INFO  impl.RoleInfo (RoleInfo.java:updateAndGet(139)) - 16c7fc92-fb06-4eb2-809b-3504c9fb6acd: start 16c7fc92-fb06-4eb2-809b-3504c9fb6acd@group-F7D814194E11-FollowerState
2022-06-11 13:53:24,146 [pool-329-thread-1] INFO  util.JmxRegister (JmxRegister.java:tryRegister(44)) - Successfully registered JMX Bean with object name Ratis:service=RaftServer,group=group-F7D814194E11,id=16c7fc92-fb06-4eb2-809b-3504c9fb6acd
2022-06-11 13:53:24,147 [Command processor thread] INFO  ratis.XceiverServerRatis (XceiverServerRatis.java:addGroup(765)) - Created group PipelineID=1a56d300-b1c8-4033-ba3d-f7d814194e11
2022-06-11 13:53:24,147 [Command processor thread] INFO  commandhandler.CreatePipelineCommandHandler (CreatePipelineCommandHandler.java:handle(113)) - Created Pipeline RATIS ONE PipelineID=1a56d300-b1c8-4033-ba3d-f7d814194e11.
2022-06-11 13:53:24,147 [Command processor thread] INFO  server.RaftServer (RaftServerProxy.java:addNew(96)) - 16c7fc92-fb06-4eb2-809b-3504c9fb6acd: addNew group-7155C7F81711:[16c7fc92-fb06-4eb2-809b-3504c9fb6acd|rpc:10.1.0.23:43953|priority:0, b3e33fbc-e6b1-4451-bbb7-d94529508024|rpc:10.1.0.23:37137|priority:0, 5620fb3b-0054-439e-9ae8-a9fef5d7add1|rpc:10.1.0.23:45561|priority:1] returns group-7155C7F81711:java.util.concurrent.CompletableFuture@7c053096[Not completed]
2022-06-11 13:53:24,148 [pool-329-thread-1] INFO  server.RaftServer$Division (RaftServerImpl.java:<init>(190)) - 16c7fc92-fb06-4eb2-809b-3504c9fb6acd: new RaftServerImpl for group-7155C7F81711:[16c7fc92-fb06-4eb2-809b-3504c9fb6acd|rpc:10.1.0.23:43953|priority:0, b3e33fbc-e6b1-4451-bbb7-d94529508024|rpc:10.1.0.23:37137|priority:0, 5620fb3b-0054-439e-9ae8-a9fef5d7add1|rpc:10.1.0.23:45561|priority:1] with ContainerStateMachine:uninitialized
2022-06-11 13:53:24,148 [pool-329-thread-1] INFO  server.RaftServerConfigKeys (ConfUtils.java:logGet(46)) - raft.server.rpc.timeout.min = 5s (custom)
2022-06-11 13:53:24,148 [pool-329-thread-1] INFO  server.RaftServerConfigKeys (ConfUtils.java:logGet(46)) - raft.server.rpc.timeout.max = 5200ms (custom)
2022-06-11 13:53:24,149 [pool-329-thread-1] INFO  server.RaftServerConfigKeys (ConfUtils.java:logGet(46)) - raft.server.rpc.sleep.time = 25ms (default)
2022-06-11 13:53:24,149 [pool-329-thread-1] INFO  server.RaftServerConfigKeys (ConfUtils.java:logGet(46)) - raft.server.rpc.slowness.timeout = 300s (custom)
2022-06-11 13:53:24,149 [pool-329-thread-1] INFO  server.RaftServerConfigKeys (ConfUtils.java:logGet(46)) - raft.server.leaderelection.leader.step-down.wait-time = 10s (default)
2022-06-11 13:53:24,149 [pool-329-thread-1] INFO  server.RaftServerConfigKeys (ConfUtils.java:logGet(46)) - raft.server.sleep.deviation.threshold = 300ms (default)
2022-06-11 13:53:24,149 [pool-329-thread-1] INFO  server.RaftServer$Division (ServerState.java:<init>(107)) - 16c7fc92-fb06-4eb2-809b-3504c9fb6acd@group-7155C7F81711: ConfigurationManager, init=-1: [16c7fc92-fb06-4eb2-809b-3504c9fb6acd|rpc:10.1.0.23:43953|priority:0, b3e33fbc-e6b1-4451-bbb7-d94529508024|rpc:10.1.0.23:37137|priority:0, 5620fb3b-0054-439e-9ae8-a9fef5d7add1|rpc:10.1.0.23:45561|priority:1], old=null, confs=<EMPTY_MAP>
2022-06-11 13:53:24,149 [pool-329-thread-1] INFO  server.RaftServerConfigKeys (ConfUtils.java:logGet(46)) - raft.server.storage.dir = [/home/runner/work/ozone/ozone/hadoop-ozone/integration-test/target/test-dir/MiniOzoneClusterImpl-230799ad-2127-4c70-a2a5-72c033a9677f/datanode-0/data/ratis] (custom)
2022-06-11 13:53:24,149 [pool-329-thread-1] INFO  server.RaftServerConfigKeys (ConfUtils.java:logGet(46)) - raft.server.log.corruption.policy = EXCEPTION (default)
2022-06-11 13:53:24,149 [pool-329-thread-1] INFO  server.RaftServerConfigKeys (ConfUtils.java:logGet(46)) - raft.server.storage.free-space.min = 0MB (=0) (default)
2022-06-11 13:53:24,149 [pool-329-thread-1] INFO  storage.RaftStorageDirectory (RaftStorageDirectoryImpl.java:analyzeStorage(135)) - The storage directory /home/runner/work/ozone/ozone/hadoop-ozone/integration-test/target/test-dir/MiniOzoneClusterImpl-230799ad-2127-4c70-a2a5-72c033a9677f/datanode-0/data/ratis/59a554f3-8ff7-4989-92b5-7155c7f81711 does not exist. Creating ...
2022-06-11 13:53:24,161 [pool-329-thread-1] INFO  storage.RaftStorageDirectory (RaftStorageDirectoryImpl.java:tryLock(230)) - Lock on /home/runner/work/ozone/ozone/hadoop-ozone/integration-test/target/test-dir/MiniOzoneClusterImpl-230799ad-2127-4c70-a2a5-72c033a9677f/datanode-0/data/ratis/59a554f3-8ff7-4989-92b5-7155c7f81711/in_use.lock acquired by nodename 20323@fv-az395-686
2022-06-11 13:53:24,163 [pool-329-thread-1] INFO  storage.RaftStorage (RaftStorageImpl.java:format(89)) - Storage directory /home/runner/work/ozone/ozone/hadoop-ozone/integration-test/target/test-dir/MiniOzoneClusterImpl-230799ad-2127-4c70-a2a5-72c033a9677f/datanode-0/data/ratis/59a554f3-8ff7-4989-92b5-7155c7f81711 has been successfully formatted.
2022-06-11 13:53:24,163 [pool-329-thread-1] INFO  ratis.ContainerStateMachine (ContainerStateMachine.java:loadSnapshot(236)) - group-7155C7F81711: The snapshot info is null. Setting the last applied indexto:(t:0, i:~)
2022-06-11 13:53:24,163 [pool-329-thread-1] INFO  server.RaftServerConfigKeys (ConfUtils.java:logGet(46)) - raft.server.notification.no-leader.timeout = 300s (custom)
2022-06-11 13:53:24,163 [pool-329-thread-1] INFO  server.RaftServerConfigKeys (ConfUtils.java:logGet(46)) - raft.server.log.use.memory = false (default)
2022-06-11 13:53:24,163 [pool-329-thread-1] INFO  server.RaftServerConfigKeys (ConfUtils.java:logGet(46)) - raft.server.log.purge.gap = 1000000 (custom)
2022-06-11 13:53:24,164 [pool-329-thread-1] INFO  server.RaftServerConfigKeys (ConfUtils.java:logGet(46)) - raft.server.log.appender.buffer.byte-limit = 33554432 (custom)
2022-06-11 13:53:24,164 [pool-329-thread-1] INFO  server.RaftServerConfigKeys (ConfUtils.java:logGet(46)) - raft.server.log.statemachine.data.read.timeout = 1000ms (default)
2022-06-11 13:53:24,164 [pool-329-thread-1] INFO  server.RaftServerConfigKeys (ConfUtils.java:logGet(46)) - raft.server.log.segment.size.max = 1048576 (custom)
2022-06-11 13:53:24,164 [pool-329-thread-1] INFO  server.RaftServerConfigKeys (ConfUtils.java:logGet(46)) - raft.server.log.segment.cache.num.max = 2 (custom)
2022-06-11 13:53:24,164 [pool-329-thread-1] INFO  server.RaftServerConfigKeys (ConfUtils.java:logGet(46)) - raft.server.log.segment.cache.size.max = 200MB (=209715200) (default)
2022-06-11 13:53:24,164 [pool-329-thread-1] INFO  segmented.SegmentedRaftLogWorker (SegmentedRaftLogWorker.java:<init>(187)) - new 16c7fc92-fb06-4eb2-809b-3504c9fb6acd@group-7155C7F81711-SegmentedRaftLogWorker for RaftStorageImpl:Storage Directory /home/runner/work/ozone/ozone/hadoop-ozone/integration-test/target/test-dir/MiniOzoneClusterImpl-230799ad-2127-4c70-a2a5-72c033a9677f/datanode-0/data/ratis/59a554f3-8ff7-4989-92b5-7155c7f81711
2022-06-11 13:53:24,165 [pool-329-thread-1] INFO  server.RaftServerConfigKeys (ConfUtils.java:logGet(46)) - raft.server.log.queue.byte-limit = 4294967296 (custom)
2022-06-11 13:53:24,165 [pool-329-thread-1] INFO  server.RaftServerConfigKeys (ConfUtils.java:logGet(46)) - raft.server.log.queue.element-limit = 1024 (custom)
2022-06-11 13:53:24,165 [pool-329-thread-1] INFO  server.RaftServerConfigKeys (ConfUtils.java:logGet(46)) - raft.server.log.segment.size.max = 1048576 (custom)
2022-06-11 13:53:24,165 [pool-329-thread-1] INFO  server.RaftServerConfigKeys (ConfUtils.java:logGet(46)) - raft.server.log.preallocated.size = 16384 (custom)
2022-06-11 13:53:24,165 [pool-329-thread-1] INFO  server.RaftServerConfigKeys (ConfUtils.java:logGet(46)) - raft.server.log.force.sync.num = 128 (default)
2022-06-11 13:53:24,165 [pool-329-thread-1] INFO  server.RaftServerConfigKeys (ConfUtils.java:logGet(46)) - raft.server.log.statemachine.data.sync = true (default)
2022-06-11 13:53:24,165 [pool-329-thread-1] INFO  server.RaftServerConfigKeys (ConfUtils.java:logGet(46)) - raft.server.log.statemachine.data.sync.timeout = 10s (default)
2022-06-11 13:53:24,165 [pool-329-thread-1] INFO  server.RaftServerConfigKeys (ConfUtils.java:logGet(46)) - raft.server.log.statemachine.data.sync.timeout.retry = -1 (default)
2022-06-11 13:53:24,166 [pool-329-thread-1] INFO  server.RaftServerConfigKeys (ConfUtils.java:logGet(46)) - raft.server.log.write.buffer.size = 1048576 (custom)
2022-06-11 13:53:24,166 [pool-329-thread-1] INFO  server.RaftServerConfigKeys (ConfUtils.java:logGet(46)) - raft.server.log.unsafe-flush.enabled = false (default)
2022-06-11 13:53:24,166 [pool-329-thread-1] INFO  server.RaftServerConfigKeys (ConfUtils.java:logGet(46)) - raft.server.log.statemachine.data.caching.enabled = true (custom)
2022-06-11 13:53:24,166 [pool-329-thread-1] INFO  segmented.SegmentedRaftLogWorker (SegmentedRaftLogWorker.java:lambda$new$0(135)) - 16c7fc92-fb06-4eb2-809b-3504c9fb6acd@group-7155C7F81711-SegmentedRaftLogWorker: flushIndex: setUnconditionally 0 -> -1
2022-06-11 13:53:24,166 [pool-329-thread-1] INFO  segmented.SegmentedRaftLogWorker (SegmentedRaftLogWorker.java:lambda$new$0(135)) - 16c7fc92-fb06-4eb2-809b-3504c9fb6acd@group-7155C7F81711-SegmentedRaftLogWorker: safeCacheEvictIndex: setUnconditionally 0 -> -1
2022-06-11 13:53:24,168 [pool-329-thread-1] INFO  server.RaftServerConfigKeys (ConfUtils.java:logGet(46)) - raft.server.snapshot.auto.trigger.enabled = true (custom)
2022-06-11 13:53:24,169 [pool-329-thread-1] INFO  server.RaftServerConfigKeys (ConfUtils.java:logGet(46)) - raft.server.snapshot.auto.trigger.threshold = 10000 (custom)
2022-06-11 13:53:24,169 [pool-329-thread-1] INFO  server.RaftServerConfigKeys (ConfUtils.java:logGet(46)) - raft.server.snapshot.retention.file.num = 5 (custom)
2022-06-11 13:53:24,169 [pool-329-thread-1] INFO  server.RaftServerConfigKeys (ConfUtils.java:logGet(46)) - raft.server.log.purge.upto.snapshot.index = false (default)
2022-06-11 13:53:24,169 [pool-329-thread-1] INFO  server.RaftServerConfigKeys (ConfUtils.java:logGet(46)) - raft.server.retrycache.expirytime = 600000ms (custom)
2022-06-11 13:53:24,169 [pool-329-thread-1] INFO  server.RaftServerConfigKeys (ConfUtils.java:logGet(46)) - raft.server.retrycache.statistics.expirytime = 100μs (default)
2022-06-11 13:53:24,170 [pool-329-thread-1] INFO  server.RaftServerConfigKeys (ConfUtils.java:logGet(46)) - raft.server.log.appender.install.snapshot.enabled = false (custom)
2022-06-11 13:53:24,170 [pool-329-thread-1] INFO  server.RaftServerConfigKeys (ConfUtils.java:logGet(46)) - raft.server.threadpool.server.cached = true (default)
2022-06-11 13:53:24,170 [pool-329-thread-1] INFO  server.RaftServerConfigKeys (ConfUtils.java:logGet(46)) - raft.server.threadpool.server.size = 0 (default)
2022-06-11 13:53:24,170 [pool-329-thread-1] INFO  server.RaftServerConfigKeys (ConfUtils.java:logGet(46)) - raft.server.threadpool.client.cached = true (default)
2022-06-11 13:53:24,170 [pool-329-thread-1] INFO  server.RaftServerConfigKeys (ConfUtils.java:logGet(46)) - raft.server.threadpool.client.size = 0 (default)
2022-06-11 13:53:24,170 [pool-329-thread-1] INFO  server.RaftServer$Division (RaftServerImpl.java:start(310)) - 16c7fc92-fb06-4eb2-809b-3504c9fb6acd@group-7155C7F81711: start as a follower, conf=-1: [16c7fc92-fb06-4eb2-809b-3504c9fb6acd|rpc:10.1.0.23:43953|priority:0, b3e33fbc-e6b1-4451-bbb7-d94529508024|rpc:10.1.0.23:37137|priority:0, 5620fb3b-0054-439e-9ae8-a9fef5d7add1|rpc:10.1.0.23:45561|priority:1], old=null
2022-06-11 13:53:24,170 [pool-329-thread-1] INFO  server.RaftServer$Division (RaftServerImpl.java:setRole(299)) - 16c7fc92-fb06-4eb2-809b-3504c9fb6acd@group-7155C7F81711: changes role from      null to FOLLOWER at term 0 for startAsFollower
2022-06-11 13:53:24,170 [pool-329-thread-1] INFO  impl.RoleInfo (RoleInfo.java:updateAndGet(139)) - 16c7fc92-fb06-4eb2-809b-3504c9fb6acd: start 16c7fc92-fb06-4eb2-809b-3504c9fb6acd@group-7155C7F81711-FollowerState
2022-06-11 13:53:24,174 [pool-329-thread-1] INFO  util.JmxRegister (JmxRegister.java:tryRegister(44)) - Successfully registered JMX Bean with object name Ratis:service=RaftServer,group=group-7155C7F81711,id=16c7fc92-fb06-4eb2-809b-3504c9fb6acd
2022-06-11 13:53:24,192 [EventQueue-OpenPipelineForHealthyPipelineSafeModeRule] INFO  safemode.SCMSafeModeManager (HealthyPipelineSafeModeRule.java:process(124)) - SCM in safe mode. Healthy pipelines reported count is 0, required healthy pipeline reported count is 1
2022-06-11 13:53:24,192 [EventQueue-OpenPipelineForHealthyPipelineSafeModeRule] INFO  safemode.SCMSafeModeManager (HealthyPipelineSafeModeRule.java:process(124)) - SCM in safe mode. Healthy pipelines reported count is 0, required healthy pipeline reported count is 1
2022-06-11 13:53:24,196 [Command processor thread] INFO  ratis.XceiverServerRatis (XceiverServerRatis.java:addGroup(765)) - Created group PipelineID=59a554f3-8ff7-4989-92b5-7155c7f81711
2022-06-11 13:53:24,213 [IPC Server handler 3 on default port 43569] INFO  net.NetworkTopologyImpl (NetworkTopologyImpl.java:add(112)) - Added a new node: /default-rack/431497ad-d025-459f-926e-1ac8482a6047
2022-06-11 13:53:24,213 [IPC Server handler 3 on default port 43569] INFO  node.SCMNodeManager (SCMNodeManager.java:register(394)) - Registered Data node : 431497ad-d025-459f-926e-1ac8482a6047{ip: 10.1.0.23, host: fv-az395-686.zfmzfyrfkyou3ow0tsr0jxwq1e.bx.internal.cloudapp.net, ports: [REPLICATION=46443, RATIS=44869, RATIS_ADMIN=44869, RATIS_SERVER=44869, STANDALONE=45343], networkLocation: /default-rack, certSerialId: null, persistedOpState: null, persistedOpStateExpiryEpochSec: 0}
2022-06-11 13:53:24,213 [EventQueue-NewNodeForNewNodeHandler] INFO  pipeline.BackgroundPipelineCreator (BackgroundPipelineCreator.java:notifyEventTriggered(272)) - trigger a one-shot run on RatisPipelineUtilsThread.
2022-06-11 13:53:24,214 [RatisPipelineUtilsThread - 0] INFO  pipeline.RatisPipelineProvider (RatisPipelineProvider.java:lambda$create$0(195)) - Sending CreatePipelineCommand for pipeline:PipelineID=fb715111-46f7-4bfe-9e07-8bfbb9838003 to datanode:431497ad-d025-459f-926e-1ac8482a6047
2022-06-11 13:53:24,214 [RatisPipelineUtilsThread - 0] INFO  pipeline.PipelineStateManagerImpl (PipelineStateManagerImpl.java:addPipeline(101)) - Created pipeline Pipeline[ Id: fb715111-46f7-4bfe-9e07-8bfbb9838003, Nodes: 431497ad-d025-459f-926e-1ac8482a6047{ip: 10.1.0.23, host: fv-az395-686.zfmzfyrfkyou3ow0tsr0jxwq1e.bx.internal.cloudapp.net, ports: [REPLICATION=46443, RATIS=44869, RATIS_ADMIN=44869, RATIS_SERVER=44869, STANDALONE=45343], networkLocation: /default-rack, certSerialId: null, persistedOpState: IN_SERVICE, persistedOpStateExpiryEpochSec: 0}, ReplicationConfig: RATIS/ONE, State:ALLOCATED, leaderId:, CreationTimestamp2022-06-11T13:53:24.214Z[Etc/UTC]].
2022-06-11 13:53:24,265 [grpc-default-executor-4] INFO  server.RaftServer (RaftServerProxy.java:addNew(96)) - b3e33fbc-e6b1-4451-bbb7-d94529508024: addNew group-7155C7F81711:[16c7fc92-fb06-4eb2-809b-3504c9fb6acd|rpc:10.1.0.23:43953|dataStream:|priority:0, b3e33fbc-e6b1-4451-bbb7-d94529508024|rpc:10.1.0.23:37137|dataStream:|priority:0, 5620fb3b-0054-439e-9ae8-a9fef5d7add1|rpc:10.1.0.23:45561|dataStream:|priority:1] returns group-7155C7F81711:java.util.concurrent.CompletableFuture@6ddfe70b[Not completed]
2022-06-11 13:53:24,271 [pool-373-thread-1] INFO  server.RaftServer$Division (RaftServerImpl.java:<init>(190)) - b3e33fbc-e6b1-4451-bbb7-d94529508024: new RaftServerImpl for group-7155C7F81711:[16c7fc92-fb06-4eb2-809b-3504c9fb6acd|rpc:10.1.0.23:43953|dataStream:|priority:0, b3e33fbc-e6b1-4451-bbb7-d94529508024|rpc:10.1.0.23:37137|dataStream:|priority:0, 5620fb3b-0054-439e-9ae8-a9fef5d7add1|rpc:10.1.0.23:45561|dataStream:|priority:1] with ContainerStateMachine:uninitialized
2022-06-11 13:53:24,272 [pool-373-thread-1] INFO  server.RaftServerConfigKeys (ConfUtils.java:logGet(46)) - raft.server.rpc.timeout.min = 5s (custom)
2022-06-11 13:53:24,272 [pool-373-thread-1] INFO  server.RaftServerConfigKeys (ConfUtils.java:logGet(46)) - raft.server.rpc.timeout.max = 5200ms (custom)
2022-06-11 13:53:24,272 [pool-373-thread-1] INFO  server.RaftServerConfigKeys (ConfUtils.java:logGet(46)) - raft.server.rpc.sleep.time = 25ms (default)
2022-06-11 13:53:24,272 [pool-373-thread-1] INFO  server.RaftServerConfigKeys (ConfUtils.java:logGet(46)) - raft.server.rpc.slowness.timeout = 300s (custom)
2022-06-11 13:53:24,272 [pool-373-thread-1] INFO  server.RaftServerConfigKeys (ConfUtils.java:logGet(46)) - raft.server.leaderelection.leader.step-down.wait-time = 10s (default)
2022-06-11 13:53:24,272 [pool-373-thread-1] INFO  server.RaftServerConfigKeys (ConfUtils.java:logGet(46)) - raft.server.sleep.deviation.threshold = 300ms (default)
2022-06-11 13:53:24,272 [pool-373-thread-1] INFO  server.RaftServer$Division (ServerState.java:<init>(107)) - b3e33fbc-e6b1-4451-bbb7-d94529508024@group-7155C7F81711: ConfigurationManager, init=-1: [16c7fc92-fb06-4eb2-809b-3504c9fb6acd|rpc:10.1.0.23:43953|dataStream:|priority:0, b3e33fbc-e6b1-4451-bbb7-d94529508024|rpc:10.1.0.23:37137|dataStream:|priority:0, 5620fb3b-0054-439e-9ae8-a9fef5d7add1|rpc:10.1.0.23:45561|dataStream:|priority:1], old=null, confs=<EMPTY_MAP>
2022-06-11 13:53:24,272 [pool-373-thread-1] INFO  server.RaftServerConfigKeys (ConfUtils.java:logGet(46)) - raft.server.storage.dir = [/home/runner/work/ozone/ozone/hadoop-ozone/integration-test/target/test-dir/MiniOzoneClusterImpl-230799ad-2127-4c70-a2a5-72c033a9677f/datanode-2/data/ratis] (custom)
2022-06-11 13:53:24,272 [pool-373-thread-1] INFO  server.RaftServerConfigKeys (ConfUtils.java:logGet(46)) - raft.server.log.corruption.policy = EXCEPTION (default)
2022-06-11 13:53:24,272 [pool-373-thread-1] INFO  server.RaftServerConfigKeys (ConfUtils.java:logGet(46)) - raft.server.storage.free-space.min = 0MB (=0) (default)
2022-06-11 13:53:24,273 [pool-373-thread-1] INFO  storage.RaftStorageDirectory (RaftStorageDirectoryImpl.java:analyzeStorage(135)) - The storage directory /home/runner/work/ozone/ozone/hadoop-ozone/integration-test/target/test-dir/MiniOzoneClusterImpl-230799ad-2127-4c70-a2a5-72c033a9677f/datanode-2/data/ratis/59a554f3-8ff7-4989-92b5-7155c7f81711 does not exist. Creating ...
2022-06-11 13:53:24,289 [pool-373-thread-1] INFO  storage.RaftStorageDirectory (RaftStorageDirectoryImpl.java:tryLock(230)) - Lock on /home/runner/work/ozone/ozone/hadoop-ozone/integration-test/target/test-dir/MiniOzoneClusterImpl-230799ad-2127-4c70-a2a5-72c033a9677f/datanode-2/data/ratis/59a554f3-8ff7-4989-92b5-7155c7f81711/in_use.lock acquired by nodename 20323@fv-az395-686
2022-06-11 13:53:24,293 [pool-373-thread-1] INFO  storage.RaftStorage (RaftStorageImpl.java:format(89)) - Storage directory /home/runner/work/ozone/ozone/hadoop-ozone/integration-test/target/test-dir/MiniOzoneClusterImpl-230799ad-2127-4c70-a2a5-72c033a9677f/datanode-2/data/ratis/59a554f3-8ff7-4989-92b5-7155c7f81711 has been successfully formatted.
2022-06-11 13:53:24,304 [pool-373-thread-1] INFO  ratis.ContainerStateMachine (ContainerStateMachine.java:loadSnapshot(236)) - group-7155C7F81711: The snapshot info is null. Setting the last applied indexto:(t:0, i:~)
2022-06-11 13:53:24,304 [pool-373-thread-1] INFO  server.RaftServerConfigKeys (ConfUtils.java:logGet(46)) - raft.server.notification.no-leader.timeout = 300s (custom)
2022-06-11 13:53:24,304 [pool-373-thread-1] INFO  server.RaftServerConfigKeys (ConfUtils.java:logGet(46)) - raft.server.log.use.memory = false (default)
2022-06-11 13:53:24,304 [pool-373-thread-1] INFO  server.RaftServerConfigKeys (ConfUtils.java:logGet(46)) - raft.server.log.purge.gap = 1000000 (custom)
2022-06-11 13:53:24,304 [pool-373-thread-1] INFO  server.RaftServerConfigKeys (ConfUtils.java:logGet(46)) - raft.server.log.appender.buffer.byte-limit = 33554432 (custom)
2022-06-11 13:53:24,305 [pool-373-thread-1] INFO  server.RaftServerConfigKeys (ConfUtils.java:logGet(46)) - raft.server.log.statemachine.data.read.timeout = 1000ms (default)
2022-06-11 13:53:24,305 [pool-373-thread-1] INFO  server.RaftServerConfigKeys (ConfUtils.java:logGet(46)) - raft.server.log.segment.size.max = 1048576 (custom)
2022-06-11 13:53:24,308 [pool-373-thread-1] INFO  server.RaftServerConfigKeys (ConfUtils.java:logGet(46)) - raft.server.log.segment.cache.num.max = 2 (custom)
2022-06-11 13:53:24,308 [pool-373-thread-1] INFO  server.RaftServerConfigKeys (ConfUtils.java:logGet(46)) - raft.server.log.segment.cache.size.max = 200MB (=209715200) (default)
2022-06-11 13:53:24,308 [pool-373-thread-1] INFO  segmented.SegmentedRaftLogWorker (SegmentedRaftLogWorker.java:<init>(187)) - new b3e33fbc-e6b1-4451-bbb7-d94529508024@group-7155C7F81711-SegmentedRaftLogWorker for RaftStorageImpl:Storage Directory /home/runner/work/ozone/ozone/hadoop-ozone/integration-test/target/test-dir/MiniOzoneClusterImpl-230799ad-2127-4c70-a2a5-72c033a9677f/datanode-2/data/ratis/59a554f3-8ff7-4989-92b5-7155c7f81711
2022-06-11 13:53:24,308 [pool-373-thread-1] INFO  server.RaftServerConfigKeys (ConfUtils.java:logGet(46)) - raft.server.log.queue.byte-limit = 4294967296 (custom)
2022-06-11 13:53:24,308 [pool-373-thread-1] INFO  server.RaftServerConfigKeys (ConfUtils.java:logGet(46)) - raft.server.log.queue.element-limit = 1024 (custom)
2022-06-11 13:53:24,309 [pool-373-thread-1] INFO  server.RaftServerConfigKeys (ConfUtils.java:logGet(46)) - raft.server.log.segment.size.max = 1048576 (custom)
2022-06-11 13:53:24,309 [pool-373-thread-1] INFO  server.RaftServerConfigKeys (ConfUtils.java:logGet(46)) - raft.server.log.preallocated.size = 16384 (custom)
2022-06-11 13:53:24,309 [pool-373-thread-1] INFO  server.RaftServerConfigKeys (ConfUtils.java:logGet(46)) - raft.server.log.force.sync.num = 128 (default)
2022-06-11 13:53:24,309 [pool-373-thread-1] INFO  server.RaftServerConfigKeys (ConfUtils.java:logGet(46)) - raft.server.log.statemachine.data.sync = true (default)
2022-06-11 13:53:24,309 [pool-373-thread-1] INFO  server.RaftServerConfigKeys (ConfUtils.java:logGet(46)) - raft.server.log.statemachine.data.sync.timeout = 10s (default)
2022-06-11 13:53:24,309 [pool-373-thread-1] INFO  server.RaftServerConfigKeys (ConfUtils.java:logGet(46)) - raft.server.log.statemachine.data.sync.timeout.retry = -1 (default)
2022-06-11 13:53:24,317 [pool-373-thread-1] INFO  server.RaftServerConfigKeys (ConfUtils.java:logGet(46)) - raft.server.log.write.buffer.size = 1048576 (custom)
2022-06-11 13:53:24,317 [pool-373-thread-1] INFO  server.RaftServerConfigKeys (ConfUtils.java:logGet(46)) - raft.server.log.unsafe-flush.enabled = false (default)
2022-06-11 13:53:24,317 [pool-373-thread-1] INFO  server.RaftServerConfigKeys (ConfUtils.java:logGet(46)) - raft.server.log.statemachine.data.caching.enabled = true (custom)
2022-06-11 13:53:24,317 [pool-373-thread-1] INFO  segmented.SegmentedRaftLogWorker (SegmentedRaftLogWorker.java:lambda$new$0(135)) - b3e33fbc-e6b1-4451-bbb7-d94529508024@group-7155C7F81711-SegmentedRaftLogWorker: flushIndex: setUnconditionally 0 -> -1
2022-06-11 13:53:24,317 [pool-373-thread-1] INFO  segmented.SegmentedRaftLogWorker (SegmentedRaftLogWorker.java:lambda$new$0(135)) - b3e33fbc-e6b1-4451-bbb7-d94529508024@group-7155C7F81711-SegmentedRaftLogWorker: safeCacheEvictIndex: setUnconditionally 0 -> -1
2022-06-11 13:53:24,324 [pool-373-thread-1] INFO  server.RaftServerConfigKeys (ConfUtils.java:logGet(46)) - raft.server.snapshot.auto.trigger.enabled = true (custom)
2022-06-11 13:53:24,324 [pool-373-thread-1] INFO  server.RaftServerConfigKeys (ConfUtils.java:logGet(46)) - raft.server.snapshot.auto.trigger.threshold = 10000 (custom)
2022-06-11 13:53:24,324 [pool-373-thread-1] INFO  server.RaftServerConfigKeys (ConfUtils.java:logGet(46)) - raft.server.snapshot.retention.file.num = 5 (custom)
2022-06-11 13:53:24,324 [pool-373-thread-1] INFO  server.RaftServerConfigKeys (ConfUtils.java:logGet(46)) - raft.server.log.purge.upto.snapshot.index = false (default)
2022-06-11 13:53:24,324 [pool-373-thread-1] INFO  server.RaftServerConfigKeys (ConfUtils.java:logGet(46)) - raft.server.retrycache.expirytime = 600000ms (custom)
2022-06-11 13:53:24,324 [pool-373-thread-1] INFO  server.RaftServerConfigKeys (ConfUtils.java:logGet(46)) - raft.server.retrycache.statistics.expirytime = 100μs (default)
2022-06-11 13:53:24,326 [pool-373-thread-1] INFO  server.RaftServerConfigKeys (ConfUtils.java:logGet(46)) - raft.server.log.appender.install.snapshot.enabled = false (custom)
2022-06-11 13:53:24,326 [pool-373-thread-1] INFO  server.RaftServerConfigKeys (ConfUtils.java:logGet(46)) - raft.server.threadpool.server.cached = true (default)
2022-06-11 13:53:24,326 [pool-373-thread-1] INFO  server.RaftServerConfigKeys (ConfUtils.java:logGet(46)) - raft.server.threadpool.server.size = 0 (default)
2022-06-11 13:53:24,326 [pool-373-thread-1] INFO  server.RaftServerConfigKeys (ConfUtils.java:logGet(46)) - raft.server.threadpool.client.cached = true (default)
2022-06-11 13:53:24,326 [pool-373-thread-1] INFO  server.RaftServerConfigKeys (ConfUtils.java:logGet(46)) - raft.server.threadpool.client.size = 0 (default)
2022-06-11 13:53:24,326 [pool-373-thread-1] INFO  server.RaftServer$Division (RaftServerImpl.java:start(310)) - b3e33fbc-e6b1-4451-bbb7-d94529508024@group-7155C7F81711: start as a follower, conf=-1: [16c7fc92-fb06-4eb2-809b-3504c9fb6acd|rpc:10.1.0.23:43953|dataStream:|priority:0, b3e33fbc-e6b1-4451-bbb7-d94529508024|rpc:10.1.0.23:37137|dataStream:|priority:0, 5620fb3b-0054-439e-9ae8-a9fef5d7add1|rpc:10.1.0.23:45561|dataStream:|priority:1], old=null
2022-06-11 13:53:24,327 [pool-373-thread-1] INFO  server.RaftServer$Division (RaftServerImpl.java:setRole(299)) - b3e33fbc-e6b1-4451-bbb7-d94529508024@group-7155C7F81711: changes role from      null to FOLLOWER at term 0 for startAsFollower
2022-06-11 13:53:24,327 [pool-373-thread-1] INFO  impl.RoleInfo (RoleInfo.java:updateAndGet(139)) - b3e33fbc-e6b1-4451-bbb7-d94529508024: start b3e33fbc-e6b1-4451-bbb7-d94529508024@group-7155C7F81711-FollowerState
2022-06-11 13:53:24,336 [pool-373-thread-1] INFO  util.JmxRegister (JmxRegister.java:tryRegister(44)) - Successfully registered JMX Bean with object name Ratis:service=RaftServer,group=group-7155C7F81711,id=b3e33fbc-e6b1-4451-bbb7-d94529508024
2022-06-11 13:53:24,344 [ReplicationMonitor] INFO  replication.ReplicationManager (ReplicationManager.java:processAll(228)) - Replication Manager is not ready to run until 3000ms after safemode exit
2022-06-11 13:53:24,386 [Listener at 127.0.0.1/41911] INFO  ozone.MiniOzoneClusterImpl (MiniOzoneClusterImpl.java:lambda$waitForClusterToBeReady$0(221)) - Waiting for nodes to be ready. Got 4 of 5 DN Heartbeats.
2022-06-11 13:53:24,386 [Listener at 127.0.0.1/41911] INFO  ozone.MiniOzoneClusterImpl (MiniOzoneClusterImpl.java:lambda$waitForClusterToBeReady$0(224)) - Waiting for cluster to exit safe mode
2022-06-11 13:53:24,386 [Listener at 127.0.0.1/41911] INFO  ozone.MiniOzoneClusterImpl (MiniOzoneClusterImpl.java:lambda$waitForClusterToBeReady$0(226)) - SCM became leader
2022-06-11 13:53:24,417 [grpc-default-executor-4] INFO  server.RaftServer (RaftServerProxy.java:addNew(96)) - 5620fb3b-0054-439e-9ae8-a9fef5d7add1: addNew group-7155C7F81711:[16c7fc92-fb06-4eb2-809b-3504c9fb6acd|rpc:10.1.0.23:43953|dataStream:|priority:0, b3e33fbc-e6b1-4451-bbb7-d94529508024|rpc:10.1.0.23:37137|dataStream:|priority:0, 5620fb3b-0054-439e-9ae8-a9fef5d7add1|rpc:10.1.0.23:45561|dataStream:|priority:1] returns group-7155C7F81711:java.util.concurrent.CompletableFuture@2ab69209[Not completed]
2022-06-11 13:53:24,427 [pool-351-thread-1] INFO  server.RaftServer$Division (RaftServerImpl.java:<init>(190)) - 5620fb3b-0054-439e-9ae8-a9fef5d7add1: new RaftServerImpl for group-7155C7F81711:[16c7fc92-fb06-4eb2-809b-3504c9fb6acd|rpc:10.1.0.23:43953|dataStream:|priority:0, b3e33fbc-e6b1-4451-bbb7-d94529508024|rpc:10.1.0.23:37137|dataStream:|priority:0, 5620fb3b-0054-439e-9ae8-a9fef5d7add1|rpc:10.1.0.23:45561|dataStream:|priority:1] with ContainerStateMachine:uninitialized
2022-06-11 13:53:24,427 [pool-351-thread-1] INFO  server.RaftServerConfigKeys (ConfUtils.java:logGet(46)) - raft.server.rpc.timeout.min = 5s (custom)
2022-06-11 13:53:24,427 [pool-351-thread-1] INFO  server.RaftServerConfigKeys (ConfUtils.java:logGet(46)) - raft.server.rpc.timeout.max = 5200ms (custom)
2022-06-11 13:53:24,427 [pool-351-thread-1] INFO  server.RaftServerConfigKeys (ConfUtils.java:logGet(46)) - raft.server.rpc.sleep.time = 25ms (default)
2022-06-11 13:53:24,427 [pool-351-thread-1] INFO  server.RaftServerConfigKeys (ConfUtils.java:logGet(46)) - raft.server.rpc.slowness.timeout = 300s (custom)
2022-06-11 13:53:24,427 [pool-351-thread-1] INFO  server.RaftServerConfigKeys (ConfUtils.java:logGet(46)) - raft.server.leaderelection.leader.step-down.wait-time = 10s (default)
2022-06-11 13:53:24,427 [pool-351-thread-1] INFO  server.RaftServerConfigKeys (ConfUtils.java:logGet(46)) - raft.server.sleep.deviation.threshold = 300ms (default)
2022-06-11 13:53:24,428 [pool-351-thread-1] INFO  server.RaftServer$Division (ServerState.java:<init>(107)) - 5620fb3b-0054-439e-9ae8-a9fef5d7add1@group-7155C7F81711: ConfigurationManager, init=-1: [16c7fc92-fb06-4eb2-809b-3504c9fb6acd|rpc:10.1.0.23:43953|dataStream:|priority:0, b3e33fbc-e6b1-4451-bbb7-d94529508024|rpc:10.1.0.23:37137|dataStream:|priority:0, 5620fb3b-0054-439e-9ae8-a9fef5d7add1|rpc:10.1.0.23:45561|dataStream:|priority:1], old=null, confs=<EMPTY_MAP>
2022-06-11 13:53:24,428 [pool-351-thread-1] INFO  server.RaftServerConfigKeys (ConfUtils.java:logGet(46)) - raft.server.storage.dir = [/home/runner/work/ozone/ozone/hadoop-ozone/integration-test/target/test-dir/MiniOzoneClusterImpl-230799ad-2127-4c70-a2a5-72c033a9677f/datanode-1/data/ratis] (custom)
2022-06-11 13:53:24,428 [pool-351-thread-1] INFO  server.RaftServerConfigKeys (ConfUtils.java:logGet(46)) - raft.server.log.corruption.policy = EXCEPTION (default)
2022-06-11 13:53:24,428 [pool-351-thread-1] INFO  server.RaftServerConfigKeys (ConfUtils.java:logGet(46)) - raft.server.storage.free-space.min = 0MB (=0) (default)
2022-06-11 13:53:24,428 [pool-351-thread-1] INFO  storage.RaftStorageDirectory (RaftStorageDirectoryImpl.java:analyzeStorage(135)) - The storage directory /home/runner/work/ozone/ozone/hadoop-ozone/integration-test/target/test-dir/MiniOzoneClusterImpl-230799ad-2127-4c70-a2a5-72c033a9677f/datanode-1/data/ratis/59a554f3-8ff7-4989-92b5-7155c7f81711 does not exist. Creating ...
2022-06-11 13:53:24,429 [pool-351-thread-1] INFO  storage.RaftStorageDirectory (RaftStorageDirectoryImpl.java:tryLock(230)) - Lock on /home/runner/work/ozone/ozone/hadoop-ozone/integration-test/target/test-dir/MiniOzoneClusterImpl-230799ad-2127-4c70-a2a5-72c033a9677f/datanode-1/data/ratis/59a554f3-8ff7-4989-92b5-7155c7f81711/in_use.lock acquired by nodename 20323@fv-az395-686
2022-06-11 13:53:24,431 [pool-351-thread-1] INFO  storage.RaftStorage (RaftStorageImpl.java:format(89)) - Storage directory /home/runner/work/ozone/ozone/hadoop-ozone/integration-test/target/test-dir/MiniOzoneClusterImpl-230799ad-2127-4c70-a2a5-72c033a9677f/datanode-1/data/ratis/59a554f3-8ff7-4989-92b5-7155c7f81711 has been successfully formatted.
2022-06-11 13:53:24,448 [pool-351-thread-1] INFO  ratis.ContainerStateMachine (ContainerStateMachine.java:loadSnapshot(236)) - group-7155C7F81711: The snapshot info is null. Setting the last applied indexto:(t:0, i:~)
2022-06-11 13:53:24,448 [pool-351-thread-1] INFO  server.RaftServerConfigKeys (ConfUtils.java:logGet(46)) - raft.server.notification.no-leader.timeout = 300s (custom)
2022-06-11 13:53:24,448 [pool-351-thread-1] INFO  server.RaftServerConfigKeys (ConfUtils.java:logGet(46)) - raft.server.log.use.memory = false (default)
2022-06-11 13:53:24,449 [pool-351-thread-1] INFO  server.RaftServerConfigKeys (ConfUtils.java:logGet(46)) - raft.server.log.purge.gap = 1000000 (custom)
2022-06-11 13:53:24,449 [pool-351-thread-1] INFO  server.RaftServerConfigKeys (ConfUtils.java:logGet(46)) - raft.server.log.appender.buffer.byte-limit = 33554432 (custom)
2022-06-11 13:53:24,449 [pool-351-thread-1] INFO  server.RaftServerConfigKeys (ConfUtils.java:logGet(46)) - raft.server.log.statemachine.data.read.timeout = 1000ms (default)
2022-06-11 13:53:24,459 [pool-351-thread-1] INFO  server.RaftServerConfigKeys (ConfUtils.java:logGet(46)) - raft.server.log.segment.size.max = 1048576 (custom)
2022-06-11 13:53:24,459 [pool-351-thread-1] INFO  server.RaftServerConfigKeys (ConfUtils.java:logGet(46)) - raft.server.log.segment.cache.num.max = 2 (custom)
2022-06-11 13:53:24,459 [pool-351-thread-1] INFO  server.RaftServerConfigKeys (ConfUtils.java:logGet(46)) - raft.server.log.segment.cache.size.max = 200MB (=209715200) (default)
2022-06-11 13:53:24,460 [pool-351-thread-1] INFO  segmented.SegmentedRaftLogWorker (SegmentedRaftLogWorker.java:<init>(187)) - new 5620fb3b-0054-439e-9ae8-a9fef5d7add1@group-7155C7F81711-SegmentedRaftLogWorker for RaftStorageImpl:Storage Directory /home/runner/work/ozone/ozone/hadoop-ozone/integration-test/target/test-dir/MiniOzoneClusterImpl-230799ad-2127-4c70-a2a5-72c033a9677f/datanode-1/data/ratis/59a554f3-8ff7-4989-92b5-7155c7f81711
2022-06-11 13:53:24,461 [pool-351-thread-1] INFO  server.RaftServerConfigKeys (ConfUtils.java:logGet(46)) - raft.server.log.queue.byte-limit = 4294967296 (custom)
2022-06-11 13:53:24,461 [pool-351-thread-1] INFO  server.RaftServerConfigKeys (ConfUtils.java:logGet(46)) - raft.server.log.queue.element-limit = 1024 (custom)
2022-06-11 13:53:24,461 [pool-351-thread-1] INFO  server.RaftServerConfigKeys (ConfUtils.java:logGet(46)) - raft.server.log.segment.size.max = 1048576 (custom)
2022-06-11 13:53:24,461 [pool-351-thread-1] INFO  server.RaftServerConfigKeys (ConfUtils.java:logGet(46)) - raft.server.log.preallocated.size = 16384 (custom)
2022-06-11 13:53:24,461 [pool-351-thread-1] INFO  server.RaftServerConfigKeys (ConfUtils.java:logGet(46)) - raft.server.log.force.sync.num = 128 (default)
2022-06-11 13:53:24,461 [pool-351-thread-1] INFO  server.RaftServerConfigKeys (ConfUtils.java:logGet(46)) - raft.server.log.statemachine.data.sync = true (default)
2022-06-11 13:53:24,461 [pool-351-thread-1] INFO  server.RaftServerConfigKeys (ConfUtils.java:logGet(46)) - raft.server.log.statemachine.data.sync.timeout = 10s (default)
2022-06-11 13:53:24,461 [pool-351-thread-1] INFO  server.RaftServerConfigKeys (ConfUtils.java:logGet(46)) - raft.server.log.statemachine.data.sync.timeout.retry = -1 (default)
2022-06-11 13:53:24,462 [pool-351-thread-1] INFO  server.RaftServerConfigKeys (ConfUtils.java:logGet(46)) - raft.server.log.write.buffer.size = 1048576 (custom)
2022-06-11 13:53:24,462 [pool-351-thread-1] INFO  server.RaftServerConfigKeys (ConfUtils.java:logGet(46)) - raft.server.log.unsafe-flush.enabled = false (default)
2022-06-11 13:53:24,462 [pool-351-thread-1] INFO  server.RaftServerConfigKeys (ConfUtils.java:logGet(46)) - raft.server.log.statemachine.data.caching.enabled = true (custom)
2022-06-11 13:53:24,462 [pool-351-thread-1] INFO  segmented.SegmentedRaftLogWorker (SegmentedRaftLogWorker.java:lambda$new$0(135)) - 5620fb3b-0054-439e-9ae8-a9fef5d7add1@group-7155C7F81711-SegmentedRaftLogWorker: flushIndex: setUnconditionally 0 -> -1
2022-06-11 13:53:24,462 [pool-351-thread-1] INFO  segmented.SegmentedRaftLogWorker (SegmentedRaftLogWorker.java:lambda$new$0(135)) - 5620fb3b-0054-439e-9ae8-a9fef5d7add1@group-7155C7F81711-SegmentedRaftLogWorker: safeCacheEvictIndex: setUnconditionally 0 -> -1
2022-06-11 13:53:24,476 [pool-351-thread-1] INFO  server.RaftServerConfigKeys (ConfUtils.java:logGet(46)) - raft.server.snapshot.auto.trigger.enabled = true (custom)
2022-06-11 13:53:24,476 [pool-351-thread-1] INFO  server.RaftServerConfigKeys (ConfUtils.java:logGet(46)) - raft.server.snapshot.auto.trigger.threshold = 10000 (custom)
2022-06-11 13:53:24,476 [pool-351-thread-1] INFO  server.RaftServerConfigKeys (ConfUtils.java:logGet(46)) - raft.server.snapshot.retention.file.num = 5 (custom)
2022-06-11 13:53:24,476 [pool-351-thread-1] INFO  server.RaftServerConfigKeys (ConfUtils.java:logGet(46)) - raft.server.log.purge.upto.snapshot.index = false (default)
2022-06-11 13:53:24,476 [pool-351-thread-1] INFO  server.RaftServerConfigKeys (ConfUtils.java:logGet(46)) - raft.server.retrycache.expirytime = 600000ms (custom)
2022-06-11 13:53:24,476 [pool-351-thread-1] INFO  server.RaftServerConfigKeys (ConfUtils.java:logGet(46)) - raft.server.retrycache.statistics.expirytime = 100μs (default)
2022-06-11 13:53:24,481 [pool-351-thread-1] INFO  server.RaftServerConfigKeys (ConfUtils.java:logGet(46)) - raft.server.log.appender.install.snapshot.enabled = false (custom)
2022-06-11 13:53:24,481 [pool-351-thread-1] INFO  server.RaftServerConfigKeys (ConfUtils.java:logGet(46)) - raft.server.threadpool.server.cached = true (default)
2022-06-11 13:53:24,481 [pool-351-thread-1] INFO  server.RaftServerConfigKeys (ConfUtils.java:logGet(46)) - raft.server.threadpool.server.size = 0 (default)
2022-06-11 13:53:24,481 [pool-351-thread-1] INFO  server.RaftServerConfigKeys (ConfUtils.java:logGet(46)) - raft.server.threadpool.client.cached = true (default)
2022-06-11 13:53:24,481 [pool-351-thread-1] INFO  server.RaftServerConfigKeys (ConfUtils.java:logGet(46)) - raft.server.threadpool.client.size = 0 (default)
2022-06-11 13:53:24,481 [pool-351-thread-1] INFO  server.RaftServer$Division (RaftServerImpl.java:start(310)) - 5620fb3b-0054-439e-9ae8-a9fef5d7add1@group-7155C7F81711: start as a follower, conf=-1: [16c7fc92-fb06-4eb2-809b-3504c9fb6acd|rpc:10.1.0.23:43953|dataStream:|priority:0, b3e33fbc-e6b1-4451-bbb7-d94529508024|rpc:10.1.0.23:37137|dataStream:|priority:0, 5620fb3b-0054-439e-9ae8-a9fef5d7add1|rpc:10.1.0.23:45561|dataStream:|priority:1], old=null
2022-06-11 13:53:24,481 [pool-351-thread-1] INFO  server.RaftServer$Division (RaftServerImpl.java:setRole(299)) - 5620fb3b-0054-439e-9ae8-a9fef5d7add1@group-7155C7F81711: changes role from      null to FOLLOWER at term 0 for startAsFollower
2022-06-11 13:53:24,481 [pool-351-thread-1] INFO  impl.RoleInfo (RoleInfo.java:updateAndGet(139)) - 5620fb3b-0054-439e-9ae8-a9fef5d7add1: start 5620fb3b-0054-439e-9ae8-a9fef5d7add1@group-7155C7F81711-FollowerState
2022-06-11 13:53:24,488 [pool-351-thread-1] INFO  util.JmxRegister (JmxRegister.java:tryRegister(44)) - Successfully registered JMX Bean with object name Ratis:service=RaftServer,group=group-7155C7F81711,id=5620fb3b-0054-439e-9ae8-a9fef5d7add1
2022-06-11 13:53:24,537 [Command processor thread] INFO  commandhandler.CreatePipelineCommandHandler (CreatePipelineCommandHandler.java:handle(113)) - Created Pipeline RATIS THREE PipelineID=59a554f3-8ff7-4989-92b5-7155c7f81711.
2022-06-11 13:53:25,242 [Command processor thread] INFO  server.RaftServer (RaftServerProxy.java:addNew(96)) - 5620fb3b-0054-439e-9ae8-a9fef5d7add1: addNew group-013AB8A6A2DB:[5620fb3b-0054-439e-9ae8-a9fef5d7add1|rpc:10.1.0.23:45561|priority:1] returns group-013AB8A6A2DB:java.util.concurrent.CompletableFuture@1b0c76b7[Not completed]
2022-06-11 13:53:25,243 [pool-351-thread-1] INFO  server.RaftServer$Division (RaftServerImpl.java:<init>(190)) - 5620fb3b-0054-439e-9ae8-a9fef5d7add1: new RaftServerImpl for group-013AB8A6A2DB:[5620fb3b-0054-439e-9ae8-a9fef5d7add1|rpc:10.1.0.23:45561|priority:1] with ContainerStateMachine:uninitialized
2022-06-11 13:53:25,243 [pool-351-thread-1] INFO  server.RaftServerConfigKeys (ConfUtils.java:logGet(46)) - raft.server.rpc.timeout.min = 5s (custom)
2022-06-11 13:53:25,243 [pool-351-thread-1] INFO  server.RaftServerConfigKeys (ConfUtils.java:logGet(46)) - raft.server.rpc.timeout.max = 5200ms (custom)
2022-06-11 13:53:25,243 [pool-351-thread-1] INFO  server.RaftServerConfigKeys (ConfUtils.java:logGet(46)) - raft.server.rpc.sleep.time = 25ms (default)
2022-06-11 13:53:25,243 [pool-351-thread-1] INFO  server.RaftServerConfigKeys (ConfUtils.java:logGet(46)) - raft.server.rpc.slowness.timeout = 300s (custom)
2022-06-11 13:53:25,243 [pool-351-thread-1] INFO  server.RaftServerConfigKeys (ConfUtils.java:logGet(46)) - raft.server.leaderelection.leader.step-down.wait-time = 10s (default)
2022-06-11 13:53:25,243 [pool-351-thread-1] INFO  server.RaftServerConfigKeys (ConfUtils.java:logGet(46)) - raft.server.sleep.deviation.threshold = 300ms (default)
2022-06-11 13:53:25,243 [pool-351-thread-1] INFO  server.RaftServer$Division (ServerState.java:<init>(107)) - 5620fb3b-0054-439e-9ae8-a9fef5d7add1@group-013AB8A6A2DB: ConfigurationManager, init=-1: [5620fb3b-0054-439e-9ae8-a9fef5d7add1|rpc:10.1.0.23:45561|priority:1], old=null, confs=<EMPTY_MAP>
2022-06-11 13:53:25,243 [pool-351-thread-1] INFO  server.RaftServerConfigKeys (ConfUtils.java:logGet(46)) - raft.server.storage.dir = [/home/runner/work/ozone/ozone/hadoop-ozone/integration-test/target/test-dir/MiniOzoneClusterImpl-230799ad-2127-4c70-a2a5-72c033a9677f/datanode-1/data/ratis] (custom)
2022-06-11 13:53:25,243 [pool-351-thread-1] INFO  server.RaftServerConfigKeys (ConfUtils.java:logGet(46)) - raft.server.log.corruption.policy = EXCEPTION (default)
2022-06-11 13:53:25,244 [pool-351-thread-1] INFO  server.RaftServerConfigKeys (ConfUtils.java:logGet(46)) - raft.server.storage.free-space.min = 0MB (=0) (default)
2022-06-11 13:53:25,244 [pool-351-thread-1] INFO  storage.RaftStorageDirectory (RaftStorageDirectoryImpl.java:analyzeStorage(135)) - The storage directory /home/runner/work/ozone/ozone/hadoop-ozone/integration-test/target/test-dir/MiniOzoneClusterImpl-230799ad-2127-4c70-a2a5-72c033a9677f/datanode-1/data/ratis/edec4eb6-cd2f-47ba-a59e-013ab8a6a2db does not exist. Creating ...
2022-06-11 13:53:25,245 [pool-351-thread-1] INFO  storage.RaftStorageDirectory (RaftStorageDirectoryImpl.java:tryLock(230)) - Lock on /home/runner/work/ozone/ozone/hadoop-ozone/integration-test/target/test-dir/MiniOzoneClusterImpl-230799ad-2127-4c70-a2a5-72c033a9677f/datanode-1/data/ratis/edec4eb6-cd2f-47ba-a59e-013ab8a6a2db/in_use.lock acquired by nodename 20323@fv-az395-686
2022-06-11 13:53:25,248 [pool-351-thread-1] INFO  storage.RaftStorage (RaftStorageImpl.java:format(89)) - Storage directory /home/runner/work/ozone/ozone/hadoop-ozone/integration-test/target/test-dir/MiniOzoneClusterImpl-230799ad-2127-4c70-a2a5-72c033a9677f/datanode-1/data/ratis/edec4eb6-cd2f-47ba-a59e-013ab8a6a2db has been successfully formatted.
2022-06-11 13:53:25,248 [pool-351-thread-1] INFO  ratis.ContainerStateMachine (ContainerStateMachine.java:loadSnapshot(236)) - group-013AB8A6A2DB: The snapshot info is null. Setting the last applied indexto:(t:0, i:~)
2022-06-11 13:53:25,248 [pool-351-thread-1] INFO  server.RaftServerConfigKeys (ConfUtils.java:logGet(46)) - raft.server.notification.no-leader.timeout = 300s (custom)
2022-06-11 13:53:25,248 [pool-351-thread-1] INFO  server.RaftServerConfigKeys (ConfUtils.java:logGet(46)) - raft.server.log.use.memory = false (default)
2022-06-11 13:53:25,248 [pool-351-thread-1] INFO  server.RaftServerConfigKeys (ConfUtils.java:logGet(46)) - raft.server.log.purge.gap = 1000000 (custom)
2022-06-11 13:53:25,249 [pool-351-thread-1] INFO  server.RaftServerConfigKeys (ConfUtils.java:logGet(46)) - raft.server.log.appender.buffer.byte-limit = 33554432 (custom)
2022-06-11 13:53:25,249 [pool-351-thread-1] INFO  server.RaftServerConfigKeys (ConfUtils.java:logGet(46)) - raft.server.log.statemachine.data.read.timeout = 1000ms (default)
2022-06-11 13:53:25,249 [pool-351-thread-1] INFO  server.RaftServerConfigKeys (ConfUtils.java:logGet(46)) - raft.server.log.segment.size.max = 1048576 (custom)
2022-06-11 13:53:25,249 [pool-351-thread-1] INFO  server.RaftServerConfigKeys (ConfUtils.java:logGet(46)) - raft.server.log.segment.cache.num.max = 2 (custom)
2022-06-11 13:53:25,249 [pool-351-thread-1] INFO  server.RaftServerConfigKeys (ConfUtils.java:logGet(46)) - raft.server.log.segment.cache.size.max = 200MB (=209715200) (default)
2022-06-11 13:53:25,249 [pool-351-thread-1] INFO  segmented.SegmentedRaftLogWorker (SegmentedRaftLogWorker.java:<init>(187)) - new 5620fb3b-0054-439e-9ae8-a9fef5d7add1@group-013AB8A6A2DB-SegmentedRaftLogWorker for RaftStorageImpl:Storage Directory /home/runner/work/ozone/ozone/hadoop-ozone/integration-test/target/test-dir/MiniOzoneClusterImpl-230799ad-2127-4c70-a2a5-72c033a9677f/datanode-1/data/ratis/edec4eb6-cd2f-47ba-a59e-013ab8a6a2db
2022-06-11 13:53:25,250 [pool-351-thread-1] INFO  server.RaftServerConfigKeys (ConfUtils.java:logGet(46)) - raft.server.log.queue.byte-limit = 4294967296 (custom)
2022-06-11 13:53:25,250 [pool-351-thread-1] INFO  server.RaftServerConfigKeys (ConfUtils.java:logGet(46)) - raft.server.log.queue.element-limit = 1024 (custom)
2022-06-11 13:53:25,250 [EventQueue-PipelineReportForPipelineReportHandler] INFO  pipeline.PipelineManagerImpl (PipelineManagerImpl.java:openPipeline(356)) - Pipeline Pipeline[ Id: edec4eb6-cd2f-47ba-a59e-013ab8a6a2db, Nodes: 5620fb3b-0054-439e-9ae8-a9fef5d7add1{ip: 10.1.0.23, host: fv-az395-686.zfmzfyrfkyou3ow0tsr0jxwq1e.bx.internal.cloudapp.net, ports: [REPLICATION=45559, RATIS=45561, RATIS_ADMIN=45561, RATIS_SERVER=45561, STANDALONE=36393], networkLocation: /default-rack, certSerialId: null, persistedOpState: IN_SERVICE, persistedOpStateExpiryEpochSec: 0}, ReplicationConfig: RATIS/ONE, State:ALLOCATED, leaderId:5620fb3b-0054-439e-9ae8-a9fef5d7add1, CreationTimestamp2022-06-11T13:53:22.260Z[Etc/UTC]] moved to OPEN state
2022-06-11 13:53:25,250 [pool-351-thread-1] INFO  server.RaftServerConfigKeys (ConfUtils.java:logGet(46)) - raft.server.log.segment.size.max = 1048576 (custom)
2022-06-11 13:53:25,251 [pool-351-thread-1] INFO  server.RaftServerConfigKeys (ConfUtils.java:logGet(46)) - raft.server.log.preallocated.size = 16384 (custom)
2022-06-11 13:53:25,251 [pool-351-thread-1] INFO  server.RaftServerConfigKeys (ConfUtils.java:logGet(46)) - raft.server.log.force.sync.num = 128 (default)
2022-06-11 13:53:25,251 [pool-351-thread-1] INFO  server.RaftServerConfigKeys (ConfUtils.java:logGet(46)) - raft.server.log.statemachine.data.sync = true (default)
2022-06-11 13:53:25,251 [pool-351-thread-1] INFO  server.RaftServerConfigKeys (ConfUtils.java:logGet(46)) - raft.server.log.statemachine.data.sync.timeout = 10s (default)
2022-06-11 13:53:25,251 [pool-351-thread-1] INFO  server.RaftServerConfigKeys (ConfUtils.java:logGet(46)) - raft.server.log.statemachine.data.sync.timeout.retry = -1 (default)
2022-06-11 13:53:25,252 [pool-351-thread-1] INFO  server.RaftServerConfigKeys (ConfUtils.java:logGet(46)) - raft.server.log.write.buffer.size = 1048576 (custom)
2022-06-11 13:53:25,252 [pool-351-thread-1] INFO  server.RaftServerConfigKeys (ConfUtils.java:logGet(46)) - raft.server.log.unsafe-flush.enabled = false (default)
2022-06-11 13:53:25,252 [pool-351-thread-1] INFO  server.RaftServerConfigKeys (ConfUtils.java:logGet(46)) - raft.server.log.statemachine.data.caching.enabled = true (custom)
2022-06-11 13:53:25,252 [EventQueue-OpenPipelineForHealthyPipelineSafeModeRule] INFO  safemode.SCMSafeModeManager (HealthyPipelineSafeModeRule.java:process(124)) - SCM in safe mode. Healthy pipelines reported count is 0, required healthy pipeline reported count is 1
2022-06-11 13:53:25,252 [pool-351-thread-1] INFO  segmented.SegmentedRaftLogWorker (SegmentedRaftLogWorker.java:lambda$new$0(135)) - 5620fb3b-0054-439e-9ae8-a9fef5d7add1@group-013AB8A6A2DB-SegmentedRaftLogWorker: flushIndex: setUnconditionally 0 -> -1
2022-06-11 13:53:25,252 [pool-351-thread-1] INFO  segmented.SegmentedRaftLogWorker (SegmentedRaftLogWorker.java:lambda$new$0(135)) - 5620fb3b-0054-439e-9ae8-a9fef5d7add1@group-013AB8A6A2DB-SegmentedRaftLogWorker: safeCacheEvictIndex: setUnconditionally 0 -> -1
2022-06-11 13:53:25,263 [pool-351-thread-1] INFO  server.RaftServerConfigKeys (ConfUtils.java:logGet(46)) - raft.server.snapshot.auto.trigger.enabled = true (custom)
2022-06-11 13:53:25,263 [pool-351-thread-1] INFO  server.RaftServerConfigKeys (ConfUtils.java:logGet(46)) - raft.server.snapshot.auto.trigger.threshold = 10000 (custom)
2022-06-11 13:53:25,263 [pool-351-thread-1] INFO  server.RaftServerConfigKeys (ConfUtils.java:logGet(46)) - raft.server.snapshot.retention.file.num = 5 (custom)
2022-06-11 13:53:25,263 [pool-351-thread-1] INFO  server.RaftServerConfigKeys (ConfUtils.java:logGet(46)) - raft.server.log.purge.upto.snapshot.index = false (default)
2022-06-11 13:53:25,263 [pool-351-thread-1] INFO  server.RaftServerConfigKeys (ConfUtils.java:logGet(46)) - raft.server.retrycache.expirytime = 600000ms (custom)
2022-06-11 13:53:25,263 [pool-351-thread-1] INFO  server.RaftServerConfigKeys (ConfUtils.java:logGet(46)) - raft.server.retrycache.statistics.expirytime = 100μs (default)
2022-06-11 13:53:25,265 [pool-351-thread-1] INFO  server.RaftServerConfigKeys (ConfUtils.java:logGet(46)) - raft.server.log.appender.install.snapshot.enabled = false (custom)
2022-06-11 13:53:25,265 [pool-351-thread-1] INFO  server.RaftServerConfigKeys (ConfUtils.java:logGet(46)) - raft.server.threadpool.server.cached = true (default)
2022-06-11 13:53:25,265 [pool-351-thread-1] INFO  server.RaftServerConfigKeys (ConfUtils.java:logGet(46)) - raft.server.threadpool.server.size = 0 (default)
2022-06-11 13:53:25,265 [pool-351-thread-1] INFO  server.RaftServerConfigKeys (ConfUtils.java:logGet(46)) - raft.server.threadpool.client.cached = true (default)
2022-06-11 13:53:25,265 [pool-351-thread-1] INFO  server.RaftServerConfigKeys (ConfUtils.java:logGet(46)) - raft.server.threadpool.client.size = 0 (default)
2022-06-11 13:53:25,265 [pool-351-thread-1] INFO  server.RaftServer$Division (RaftServerImpl.java:start(310)) - 5620fb3b-0054-439e-9ae8-a9fef5d7add1@group-013AB8A6A2DB: start as a follower, conf=-1: [5620fb3b-0054-439e-9ae8-a9fef5d7add1|rpc:10.1.0.23:45561|priority:1], old=null
2022-06-11 13:53:25,265 [pool-351-thread-1] INFO  server.RaftServer$Division (RaftServerImpl.java:setRole(299)) - 5620fb3b-0054-439e-9ae8-a9fef5d7add1@group-013AB8A6A2DB: changes role from      null to FOLLOWER at term 0 for startAsFollower
2022-06-11 13:53:25,265 [pool-351-thread-1] INFO  impl.RoleInfo (RoleInfo.java:updateAndGet(139)) - 5620fb3b-0054-439e-9ae8-a9fef5d7add1: start 5620fb3b-0054-439e-9ae8-a9fef5d7add1@group-013AB8A6A2DB-FollowerState
2022-06-11 13:53:25,273 [pool-351-thread-1] INFO  util.JmxRegister (JmxRegister.java:tryRegister(44)) - Successfully registered JMX Bean with object name Ratis:service=RaftServer,group=group-013AB8A6A2DB,id=5620fb3b-0054-439e-9ae8-a9fef5d7add1
2022-06-11 13:53:25,288 [Command processor thread] INFO  ratis.XceiverServerRatis (XceiverServerRatis.java:addGroup(765)) - Created group PipelineID=edec4eb6-cd2f-47ba-a59e-013ab8a6a2db
2022-06-11 13:53:25,288 [Command processor thread] INFO  commandhandler.CreatePipelineCommandHandler (CreatePipelineCommandHandler.java:handle(113)) - Created Pipeline RATIS ONE PipelineID=edec4eb6-cd2f-47ba-a59e-013ab8a6a2db.
2022-06-11 13:53:25,344 [ReplicationMonitor] INFO  replication.ReplicationManager (ReplicationManager.java:processAll(228)) - Replication Manager is not ready to run until 3000ms after safemode exit
2022-06-11 13:53:25,386 [Listener at 127.0.0.1/41911] INFO  ozone.MiniOzoneClusterImpl (MiniOzoneClusterImpl.java:lambda$waitForClusterToBeReady$0(221)) - Waiting for nodes to be ready. Got 4 of 5 DN Heartbeats.
2022-06-11 13:53:25,386 [Listener at 127.0.0.1/41911] INFO  ozone.MiniOzoneClusterImpl (MiniOzoneClusterImpl.java:lambda$waitForClusterToBeReady$0(224)) - Waiting for cluster to exit safe mode
2022-06-11 13:53:25,386 [Listener at 127.0.0.1/41911] INFO  ozone.MiniOzoneClusterImpl (MiniOzoneClusterImpl.java:lambda$waitForClusterToBeReady$0(226)) - SCM became leader
2022-06-11 13:53:25,405 [IPC Server handler 6 on default port 43569] INFO  net.NetworkTopologyImpl (NetworkTopologyImpl.java:add(112)) - Added a new node: /default-rack/a8298ad5-9b92-4e35-bc53-f44849c6df82
2022-06-11 13:53:25,405 [IPC Server handler 6 on default port 43569] INFO  node.SCMNodeManager (SCMNodeManager.java:register(394)) - Registered Data node : a8298ad5-9b92-4e35-bc53-f44849c6df82{ip: 10.1.0.23, host: fv-az395-686.zfmzfyrfkyou3ow0tsr0jxwq1e.bx.internal.cloudapp.net, ports: [REPLICATION=44671, RATIS=34095, RATIS_ADMIN=34095, RATIS_SERVER=34095, STANDALONE=38997], networkLocation: /default-rack, certSerialId: null, persistedOpState: null, persistedOpStateExpiryEpochSec: 0}
2022-06-11 13:53:25,405 [EventQueue-NewNodeForNewNodeHandler] INFO  pipeline.BackgroundPipelineCreator (BackgroundPipelineCreator.java:notifyEventTriggered(272)) - trigger a one-shot run on RatisPipelineUtilsThread.
2022-06-11 13:53:25,406 [RatisPipelineUtilsThread - 0] INFO  pipeline.RatisPipelineProvider (RatisPipelineProvider.java:lambda$create$0(195)) - Sending CreatePipelineCommand for pipeline:PipelineID=cb32042c-3332-4d4b-8765-8d4263c7e663 to datanode:a8298ad5-9b92-4e35-bc53-f44849c6df82
2022-06-11 13:53:25,406 [RatisPipelineUtilsThread - 0] INFO  pipeline.PipelineStateManagerImpl (PipelineStateManagerImpl.java:addPipeline(101)) - Created pipeline Pipeline[ Id: cb32042c-3332-4d4b-8765-8d4263c7e663, Nodes: a8298ad5-9b92-4e35-bc53-f44849c6df82{ip: 10.1.0.23, host: fv-az395-686.zfmzfyrfkyou3ow0tsr0jxwq1e.bx.internal.cloudapp.net, ports: [REPLICATION=44671, RATIS=34095, RATIS_ADMIN=34095, RATIS_SERVER=34095, STANDALONE=38997], networkLocation: /default-rack, certSerialId: null, persistedOpState: IN_SERVICE, persistedOpStateExpiryEpochSec: 0}, ReplicationConfig: RATIS/ONE, State:ALLOCATED, leaderId:, CreationTimestamp2022-06-11T13:53:25.406Z[Etc/UTC]].
2022-06-11 13:53:26,136 [Command processor thread] INFO  server.RaftServer (RaftServerProxy.java:addNew(96)) - b3e33fbc-e6b1-4451-bbb7-d94529508024: addNew group-3E8F788DF5DE:[b3e33fbc-e6b1-4451-bbb7-d94529508024|rpc:10.1.0.23:37137|priority:1] returns group-3E8F788DF5DE:java.util.concurrent.CompletableFuture@5874ac1a[Not completed]
2022-06-11 13:53:26,138 [pool-373-thread-1] INFO  server.RaftServer$Division (RaftServerImpl.java:<init>(190)) - b3e33fbc-e6b1-4451-bbb7-d94529508024: new RaftServerImpl for group-3E8F788DF5DE:[b3e33fbc-e6b1-4451-bbb7-d94529508024|rpc:10.1.0.23:37137|priority:1] with ContainerStateMachine:uninitialized
2022-06-11 13:53:26,138 [pool-373-thread-1] INFO  server.RaftServerConfigKeys (ConfUtils.java:logGet(46)) - raft.server.rpc.timeout.min = 5s (custom)
2022-06-11 13:53:26,138 [pool-373-thread-1] INFO  server.RaftServerConfigKeys (ConfUtils.java:logGet(46)) - raft.server.rpc.timeout.max = 5200ms (custom)
2022-06-11 13:53:26,138 [pool-373-thread-1] INFO  server.RaftServerConfigKeys (ConfUtils.java:logGet(46)) - raft.server.rpc.sleep.time = 25ms (default)
2022-06-11 13:53:26,138 [pool-373-thread-1] INFO  server.RaftServerConfigKeys (ConfUtils.java:logGet(46)) - raft.server.rpc.slowness.timeout = 300s (custom)
2022-06-11 13:53:26,138 [pool-373-thread-1] INFO  server.RaftServerConfigKeys (ConfUtils.java:logGet(46)) - raft.server.leaderelection.leader.step-down.wait-time = 10s (default)
2022-06-11 13:53:26,138 [pool-373-thread-1] INFO  server.RaftServerConfigKeys (ConfUtils.java:logGet(46)) - raft.server.sleep.deviation.threshold = 300ms (default)
2022-06-11 13:53:26,138 [pool-373-thread-1] INFO  server.RaftServer$Division (ServerState.java:<init>(107)) - b3e33fbc-e6b1-4451-bbb7-d94529508024@group-3E8F788DF5DE: ConfigurationManager, init=-1: [b3e33fbc-e6b1-4451-bbb7-d94529508024|rpc:10.1.0.23:37137|priority:1], old=null, confs=<EMPTY_MAP>
2022-06-11 13:53:26,138 [pool-373-thread-1] INFO  server.RaftServerConfigKeys (ConfUtils.java:logGet(46)) - raft.server.storage.dir = [/home/runner/work/ozone/ozone/hadoop-ozone/integration-test/target/test-dir/MiniOzoneClusterImpl-230799ad-2127-4c70-a2a5-72c033a9677f/datanode-2/data/ratis] (custom)
2022-06-11 13:53:26,138 [pool-373-thread-1] INFO  server.RaftServerConfigKeys (ConfUtils.java:logGet(46)) - raft.server.log.corruption.policy = EXCEPTION (default)
2022-06-11 13:53:26,139 [pool-373-thread-1] INFO  server.RaftServerConfigKeys (ConfUtils.java:logGet(46)) - raft.server.storage.free-space.min = 0MB (=0) (default)
2022-06-11 13:53:26,139 [pool-373-thread-1] INFO  storage.RaftStorageDirectory (RaftStorageDirectoryImpl.java:analyzeStorage(135)) - The storage directory /home/runner/work/ozone/ozone/hadoop-ozone/integration-test/target/test-dir/MiniOzoneClusterImpl-230799ad-2127-4c70-a2a5-72c033a9677f/datanode-2/data/ratis/d5196bdb-50bf-4589-be18-3e8f788df5de does not exist. Creating ...
2022-06-11 13:53:26,140 [pool-373-thread-1] INFO  storage.RaftStorageDirectory (RaftStorageDirectoryImpl.java:tryLock(230)) - Lock on /home/runner/work/ozone/ozone/hadoop-ozone/integration-test/target/test-dir/MiniOzoneClusterImpl-230799ad-2127-4c70-a2a5-72c033a9677f/datanode-2/data/ratis/d5196bdb-50bf-4589-be18-3e8f788df5de/in_use.lock acquired by nodename 20323@fv-az395-686
2022-06-11 13:53:26,144 [pool-373-thread-1] INFO  storage.RaftStorage (RaftStorageImpl.java:format(89)) - Storage directory /home/runner/work/ozone/ozone/hadoop-ozone/integration-test/target/test-dir/MiniOzoneClusterImpl-230799ad-2127-4c70-a2a5-72c033a9677f/datanode-2/data/ratis/d5196bdb-50bf-4589-be18-3e8f788df5de has been successfully formatted.
2022-06-11 13:53:26,148 [pool-373-thread-1] INFO  ratis.ContainerStateMachine (ContainerStateMachine.java:loadSnapshot(236)) - group-3E8F788DF5DE: The snapshot info is null. Setting the last applied indexto:(t:0, i:~)
2022-06-11 13:53:26,149 [pool-373-thread-1] INFO  server.RaftServerConfigKeys (ConfUtils.java:logGet(46)) - raft.server.notification.no-leader.timeout = 300s (custom)
2022-06-11 13:53:26,149 [pool-373-thread-1] INFO  server.RaftServerConfigKeys (ConfUtils.java:logGet(46)) - raft.server.log.use.memory = false (default)
2022-06-11 13:53:26,149 [EventQueue-PipelineReportForPipelineReportHandler] INFO  pipeline.PipelineManagerImpl (PipelineManagerImpl.java:openPipeline(356)) - Pipeline Pipeline[ Id: d5196bdb-50bf-4589-be18-3e8f788df5de, Nodes: b3e33fbc-e6b1-4451-bbb7-d94529508024{ip: 10.1.0.23, host: fv-az395-686.zfmzfyrfkyou3ow0tsr0jxwq1e.bx.internal.cloudapp.net, ports: [REPLICATION=42175, RATIS=37137, RATIS_ADMIN=37137, RATIS_SERVER=37137, STANDALONE=33363], networkLocation: /default-rack, certSerialId: null, persistedOpState: IN_SERVICE, persistedOpStateExpiryEpochSec: 0}, ReplicationConfig: RATIS/ONE, State:ALLOCATED, leaderId:b3e33fbc-e6b1-4451-bbb7-d94529508024, CreationTimestamp2022-06-11T13:53:23.139Z[Etc/UTC]] moved to OPEN state
2022-06-11 13:53:26,150 [EventQueue-OpenPipelineForHealthyPipelineSafeModeRule] INFO  safemode.SCMSafeModeManager (HealthyPipelineSafeModeRule.java:process(124)) - SCM in safe mode. Healthy pipelines reported count is 0, required healthy pipeline reported count is 1
2022-06-11 13:53:26,150 [pool-373-thread-1] INFO  server.RaftServerConfigKeys (ConfUtils.java:logGet(46)) - raft.server.log.purge.gap = 1000000 (custom)
2022-06-11 13:53:26,152 [pool-373-thread-1] INFO  server.RaftServerConfigKeys (ConfUtils.java:logGet(46)) - raft.server.log.appender.buffer.byte-limit = 33554432 (custom)
2022-06-11 13:53:26,152 [pool-373-thread-1] INFO  server.RaftServerConfigKeys (ConfUtils.java:logGet(46)) - raft.server.log.statemachine.data.read.timeout = 1000ms (default)
2022-06-11 13:53:26,152 [pool-373-thread-1] INFO  server.RaftServerConfigKeys (ConfUtils.java:logGet(46)) - raft.server.log.segment.size.max = 1048576 (custom)
2022-06-11 13:53:26,153 [pool-373-thread-1] INFO  server.RaftServerConfigKeys (ConfUtils.java:logGet(46)) - raft.server.log.segment.cache.num.max = 2 (custom)
2022-06-11 13:53:26,153 [pool-373-thread-1] INFO  server.RaftServerConfigKeys (ConfUtils.java:logGet(46)) - raft.server.log.segment.cache.size.max = 200MB (=209715200) (default)
2022-06-11 13:53:26,153 [pool-373-thread-1] INFO  segmented.SegmentedRaftLogWorker (SegmentedRaftLogWorker.java:<init>(187)) - new b3e33fbc-e6b1-4451-bbb7-d94529508024@group-3E8F788DF5DE-SegmentedRaftLogWorker for RaftStorageImpl:Storage Directory /home/runner/work/ozone/ozone/hadoop-ozone/integration-test/target/test-dir/MiniOzoneClusterImpl-230799ad-2127-4c70-a2a5-72c033a9677f/datanode-2/data/ratis/d5196bdb-50bf-4589-be18-3e8f788df5de
2022-06-11 13:53:26,153 [pool-373-thread-1] INFO  server.RaftServerConfigKeys (ConfUtils.java:logGet(46)) - raft.server.log.queue.byte-limit = 4294967296 (custom)
2022-06-11 13:53:26,153 [pool-373-thread-1] INFO  server.RaftServerConfigKeys (ConfUtils.java:logGet(46)) - raft.server.log.queue.element-limit = 1024 (custom)
2022-06-11 13:53:26,153 [pool-373-thread-1] INFO  server.RaftServerConfigKeys (ConfUtils.java:logGet(46)) - raft.server.log.segment.size.max = 1048576 (custom)
2022-06-11 13:53:26,153 [pool-373-thread-1] INFO  server.RaftServerConfigKeys (ConfUtils.java:logGet(46)) - raft.server.log.preallocated.size = 16384 (custom)
2022-06-11 13:53:26,153 [pool-373-thread-1] INFO  server.RaftServerConfigKeys (ConfUtils.java:logGet(46)) - raft.server.log.force.sync.num = 128 (default)
2022-06-11 13:53:26,153 [pool-373-thread-1] INFO  server.RaftServerConfigKeys (ConfUtils.java:logGet(46)) - raft.server.log.statemachine.data.sync = true (default)
2022-06-11 13:53:26,153 [pool-373-thread-1] INFO  server.RaftServerConfigKeys (ConfUtils.java:logGet(46)) - raft.server.log.statemachine.data.sync.timeout = 10s (default)
2022-06-11 13:53:26,153 [pool-373-thread-1] INFO  server.RaftServerConfigKeys (ConfUtils.java:logGet(46)) - raft.server.log.statemachine.data.sync.timeout.retry = -1 (default)
2022-06-11 13:53:26,154 [pool-373-thread-1] INFO  server.RaftServerConfigKeys (ConfUtils.java:logGet(46)) - raft.server.log.write.buffer.size = 1048576 (custom)
2022-06-11 13:53:26,155 [pool-373-thread-1] INFO  server.RaftServerConfigKeys (ConfUtils.java:logGet(46)) - raft.server.log.unsafe-flush.enabled = false (default)
2022-06-11 13:53:26,155 [pool-373-thread-1] INFO  server.RaftServerConfigKeys (ConfUtils.java:logGet(46)) - raft.server.log.statemachine.data.caching.enabled = true (custom)
2022-06-11 13:53:26,155 [pool-373-thread-1] INFO  segmented.SegmentedRaftLogWorker (SegmentedRaftLogWorker.java:lambda$new$0(135)) - b3e33fbc-e6b1-4451-bbb7-d94529508024@group-3E8F788DF5DE-SegmentedRaftLogWorker: flushIndex: setUnconditionally 0 -> -1
2022-06-11 13:53:26,155 [pool-373-thread-1] INFO  segmented.SegmentedRaftLogWorker (SegmentedRaftLogWorker.java:lambda$new$0(135)) - b3e33fbc-e6b1-4451-bbb7-d94529508024@group-3E8F788DF5DE-SegmentedRaftLogWorker: safeCacheEvictIndex: setUnconditionally 0 -> -1
2022-06-11 13:53:26,172 [pool-373-thread-1] INFO  server.RaftServerConfigKeys (ConfUtils.java:logGet(46)) - raft.server.snapshot.auto.trigger.enabled = true (custom)
2022-06-11 13:53:26,172 [pool-373-thread-1] INFO  server.RaftServerConfigKeys (ConfUtils.java:logGet(46)) - raft.server.snapshot.auto.trigger.threshold = 10000 (custom)
2022-06-11 13:53:26,172 [pool-373-thread-1] INFO  server.RaftServerConfigKeys (ConfUtils.java:logGet(46)) - raft.server.snapshot.retention.file.num = 5 (custom)
2022-06-11 13:53:26,172 [pool-373-thread-1] INFO  server.RaftServerConfigKeys (ConfUtils.java:logGet(46)) - raft.server.log.purge.upto.snapshot.index = false (default)
2022-06-11 13:53:26,173 [pool-373-thread-1] INFO  server.RaftServerConfigKeys (ConfUtils.java:logGet(46)) - raft.server.retrycache.expirytime = 600000ms (custom)
2022-06-11 13:53:26,173 [pool-373-thread-1] INFO  server.RaftServerConfigKeys (ConfUtils.java:logGet(46)) - raft.server.retrycache.statistics.expirytime = 100μs (default)
2022-06-11 13:53:26,178 [pool-373-thread-1] INFO  server.RaftServerConfigKeys (ConfUtils.java:logGet(46)) - raft.server.log.appender.install.snapshot.enabled = false (custom)
2022-06-11 13:53:26,178 [pool-373-thread-1] INFO  server.RaftServerConfigKeys (ConfUtils.java:logGet(46)) - raft.server.threadpool.server.cached = true (default)
2022-06-11 13:53:26,178 [pool-373-thread-1] INFO  server.RaftServerConfigKeys (ConfUtils.java:logGet(46)) - raft.server.threadpool.server.size = 0 (default)
2022-06-11 13:53:26,178 [pool-373-thread-1] INFO  server.RaftServerConfigKeys (ConfUtils.java:logGet(46)) - raft.server.threadpool.client.cached = true (default)
2022-06-11 13:53:26,178 [pool-373-thread-1] INFO  server.RaftServerConfigKeys (ConfUtils.java:logGet(46)) - raft.server.threadpool.client.size = 0 (default)
2022-06-11 13:53:26,178 [pool-373-thread-1] INFO  server.RaftServer$Division (RaftServerImpl.java:start(310)) - b3e33fbc-e6b1-4451-bbb7-d94529508024@group-3E8F788DF5DE: start as a follower, conf=-1: [b3e33fbc-e6b1-4451-bbb7-d94529508024|rpc:10.1.0.23:37137|priority:1], old=null
2022-06-11 13:53:26,179 [pool-373-thread-1] INFO  server.RaftServer$Division (RaftServerImpl.java:setRole(299)) - b3e33fbc-e6b1-4451-bbb7-d94529508024@group-3E8F788DF5DE: changes role from      null to FOLLOWER at term 0 for startAsFollower
2022-06-11 13:53:26,179 [pool-373-thread-1] INFO  impl.RoleInfo (RoleInfo.java:updateAndGet(139)) - b3e33fbc-e6b1-4451-bbb7-d94529508024: start b3e33fbc-e6b1-4451-bbb7-d94529508024@group-3E8F788DF5DE-FollowerState
2022-06-11 13:53:26,180 [pool-373-thread-1] INFO  util.JmxRegister (JmxRegister.java:tryRegister(44)) - Successfully registered JMX Bean with object name Ratis:service=RaftServer,group=group-3E8F788DF5DE,id=b3e33fbc-e6b1-4451-bbb7-d94529508024
2022-06-11 13:53:26,184 [Command processor thread] INFO  ratis.XceiverServerRatis (XceiverServerRatis.java:addGroup(765)) - Created group PipelineID=d5196bdb-50bf-4589-be18-3e8f788df5de
2022-06-11 13:53:26,184 [Command processor thread] INFO  commandhandler.CreatePipelineCommandHandler (CreatePipelineCommandHandler.java:handle(113)) - Created Pipeline RATIS ONE PipelineID=d5196bdb-50bf-4589-be18-3e8f788df5de.
2022-06-11 13:53:26,345 [ReplicationMonitor] INFO  replication.ReplicationManager (ReplicationManager.java:processAll(228)) - Replication Manager is not ready to run until 3000ms after safemode exit
2022-06-11 13:53:26,386 [Listener at 127.0.0.1/41911] INFO  ozone.MiniOzoneClusterImpl (MiniOzoneClusterImpl.java:lambda$waitForClusterToBeReady$0(221)) - Nodes are ready. Got 5 of 5 DN Heartbeats.
2022-06-11 13:53:26,387 [Listener at 127.0.0.1/41911] INFO  ozone.MiniOzoneClusterImpl (MiniOzoneClusterImpl.java:lambda$waitForClusterToBeReady$0(224)) - Waiting for cluster to exit safe mode
2022-06-11 13:53:26,387 [Listener at 127.0.0.1/41911] INFO  ozone.MiniOzoneClusterImpl (MiniOzoneClusterImpl.java:lambda$waitForClusterToBeReady$0(226)) - SCM became leader
2022-06-11 13:53:27,213 [Command processor thread] INFO  server.RaftServer (RaftServerProxy.java:addNew(96)) - 431497ad-d025-459f-926e-1ac8482a6047: addNew group-8BFBB9838003:[431497ad-d025-459f-926e-1ac8482a6047|rpc:10.1.0.23:44869|priority:1] returns group-8BFBB9838003:java.util.concurrent.CompletableFuture@cc6d7e0[Not completed]
2022-06-11 13:53:27,229 [pool-399-thread-1] INFO  server.RaftServer$Division (RaftServerImpl.java:<init>(190)) - 431497ad-d025-459f-926e-1ac8482a6047: new RaftServerImpl for group-8BFBB9838003:[431497ad-d025-459f-926e-1ac8482a6047|rpc:10.1.0.23:44869|priority:1] with ContainerStateMachine:uninitialized
2022-06-11 13:53:27,229 [pool-399-thread-1] INFO  server.RaftServerConfigKeys (ConfUtils.java:logGet(46)) - raft.server.rpc.timeout.min = 5s (custom)
2022-06-11 13:53:27,229 [pool-399-thread-1] INFO  server.RaftServerConfigKeys (ConfUtils.java:logGet(46)) - raft.server.rpc.timeout.max = 5200ms (custom)
2022-06-11 13:53:27,229 [pool-399-thread-1] INFO  server.RaftServerConfigKeys (ConfUtils.java:logGet(46)) - raft.server.rpc.sleep.time = 25ms (default)
2022-06-11 13:53:27,229 [pool-399-thread-1] INFO  server.RaftServerConfigKeys (ConfUtils.java:logGet(46)) - raft.server.rpc.slowness.timeout = 300s (custom)
2022-06-11 13:53:27,230 [pool-399-thread-1] INFO  server.RaftServerConfigKeys (ConfUtils.java:logGet(46)) - raft.server.leaderelection.leader.step-down.wait-time = 10s (default)
2022-06-11 13:53:27,230 [pool-399-thread-1] INFO  server.RaftServerConfigKeys (ConfUtils.java:logGet(46)) - raft.server.sleep.deviation.threshold = 300ms (default)
2022-06-11 13:53:27,230 [pool-399-thread-1] INFO  server.RaftServer$Division (ServerState.java:<init>(107)) - 431497ad-d025-459f-926e-1ac8482a6047@group-8BFBB9838003: ConfigurationManager, init=-1: [431497ad-d025-459f-926e-1ac8482a6047|rpc:10.1.0.23:44869|priority:1], old=null, confs=<EMPTY_MAP>
2022-06-11 13:53:27,230 [pool-399-thread-1] INFO  server.RaftServerConfigKeys (ConfUtils.java:logGet(46)) - raft.server.storage.dir = [/home/runner/work/ozone/ozone/hadoop-ozone/integration-test/target/test-dir/MiniOzoneClusterImpl-230799ad-2127-4c70-a2a5-72c033a9677f/datanode-3/data/ratis] (custom)
2022-06-11 13:53:27,230 [pool-399-thread-1] INFO  server.RaftServerConfigKeys (ConfUtils.java:logGet(46)) - raft.server.log.corruption.policy = EXCEPTION (default)
2022-06-11 13:53:27,230 [pool-399-thread-1] INFO  server.RaftServerConfigKeys (ConfUtils.java:logGet(46)) - raft.server.storage.free-space.min = 0MB (=0) (default)
2022-06-11 13:53:27,230 [pool-399-thread-1] INFO  storage.RaftStorageDirectory (RaftStorageDirectoryImpl.java:analyzeStorage(135)) - The storage directory /home/runner/work/ozone/ozone/hadoop-ozone/integration-test/target/test-dir/MiniOzoneClusterImpl-230799ad-2127-4c70-a2a5-72c033a9677f/datanode-3/data/ratis/fb715111-46f7-4bfe-9e07-8bfbb9838003 does not exist. Creating ...
2022-06-11 13:53:27,234 [pool-399-thread-1] INFO  storage.RaftStorageDirectory (RaftStorageDirectoryImpl.java:tryLock(230)) - Lock on /home/runner/work/ozone/ozone/hadoop-ozone/integration-test/target/test-dir/MiniOzoneClusterImpl-230799ad-2127-4c70-a2a5-72c033a9677f/datanode-3/data/ratis/fb715111-46f7-4bfe-9e07-8bfbb9838003/in_use.lock acquired by nodename 20323@fv-az395-686
2022-06-11 13:53:27,246 [pool-399-thread-1] INFO  storage.RaftStorage (RaftStorageImpl.java:format(89)) - Storage directory /home/runner/work/ozone/ozone/hadoop-ozone/integration-test/target/test-dir/MiniOzoneClusterImpl-230799ad-2127-4c70-a2a5-72c033a9677f/datanode-3/data/ratis/fb715111-46f7-4bfe-9e07-8bfbb9838003 has been successfully formatted.
2022-06-11 13:53:27,247 [pool-399-thread-1] INFO  ratis.ContainerStateMachine (ContainerStateMachine.java:loadSnapshot(236)) - group-8BFBB9838003: The snapshot info is null. Setting the last applied indexto:(t:0, i:~)
2022-06-11 13:53:27,247 [pool-399-thread-1] INFO  server.RaftServerConfigKeys (ConfUtils.java:logGet(46)) - raft.server.notification.no-leader.timeout = 300s (custom)
2022-06-11 13:53:27,247 [pool-399-thread-1] INFO  server.RaftServerConfigKeys (ConfUtils.java:logGet(46)) - raft.server.log.use.memory = false (default)
2022-06-11 13:53:27,247 [pool-399-thread-1] INFO  server.RaftServerConfigKeys (ConfUtils.java:logGet(46)) - raft.server.log.purge.gap = 1000000 (custom)
2022-06-11 13:53:27,247 [pool-399-thread-1] INFO  server.RaftServerConfigKeys (ConfUtils.java:logGet(46)) - raft.server.log.appender.buffer.byte-limit = 33554432 (custom)
2022-06-11 13:53:27,247 [pool-399-thread-1] INFO  server.RaftServerConfigKeys (ConfUtils.java:logGet(46)) - raft.server.log.statemachine.data.read.timeout = 1000ms (default)
2022-06-11 13:53:27,247 [pool-399-thread-1] INFO  server.RaftServerConfigKeys (ConfUtils.java:logGet(46)) - raft.server.log.segment.size.max = 1048576 (custom)
2022-06-11 13:53:27,248 [pool-399-thread-1] INFO  server.RaftServerConfigKeys (ConfUtils.java:logGet(46)) - raft.server.log.segment.cache.num.max = 2 (custom)
2022-06-11 13:53:27,248 [pool-399-thread-1] INFO  server.RaftServerConfigKeys (ConfUtils.java:logGet(46)) - raft.server.log.segment.cache.size.max = 200MB (=209715200) (default)
2022-06-11 13:53:27,248 [pool-399-thread-1] INFO  segmented.SegmentedRaftLogWorker (SegmentedRaftLogWorker.java:<init>(187)) - new 431497ad-d025-459f-926e-1ac8482a6047@group-8BFBB9838003-SegmentedRaftLogWorker for RaftStorageImpl:Storage Directory /home/runner/work/ozone/ozone/hadoop-ozone/integration-test/target/test-dir/MiniOzoneClusterImpl-230799ad-2127-4c70-a2a5-72c033a9677f/datanode-3/data/ratis/fb715111-46f7-4bfe-9e07-8bfbb9838003
2022-06-11 13:53:27,248 [pool-399-thread-1] INFO  server.RaftServerConfigKeys (ConfUtils.java:logGet(46)) - raft.server.log.queue.byte-limit = 4294967296 (custom)
2022-06-11 13:53:27,248 [pool-399-thread-1] INFO  server.RaftServerConfigKeys (ConfUtils.java:logGet(46)) - raft.server.log.queue.element-limit = 1024 (custom)
2022-06-11 13:53:27,248 [pool-399-thread-1] INFO  server.RaftServerConfigKeys (ConfUtils.java:logGet(46)) - raft.server.log.segment.size.max = 1048576 (custom)
2022-06-11 13:53:27,248 [pool-399-thread-1] INFO  server.RaftServerConfigKeys (ConfUtils.java:logGet(46)) - raft.server.log.preallocated.size = 16384 (custom)
2022-06-11 13:53:27,248 [pool-399-thread-1] INFO  server.RaftServerConfigKeys (ConfUtils.java:logGet(46)) - raft.server.log.force.sync.num = 128 (default)
2022-06-11 13:53:27,248 [pool-399-thread-1] INFO  server.RaftServerConfigKeys (ConfUtils.java:logGet(46)) - raft.server.log.statemachine.data.sync = true (default)
2022-06-11 13:53:27,248 [pool-399-thread-1] INFO  server.RaftServerConfigKeys (ConfUtils.java:logGet(46)) - raft.server.log.statemachine.data.sync.timeout = 10s (default)
2022-06-11 13:53:27,249 [pool-399-thread-1] INFO  server.RaftServerConfigKeys (ConfUtils.java:logGet(46)) - raft.server.log.statemachine.data.sync.timeout.retry = -1 (default)
2022-06-11 13:53:27,249 [EventQueue-PipelineReportForPipelineReportHandler] INFO  pipeline.PipelineManagerImpl (PipelineManagerImpl.java:openPipeline(356)) - Pipeline Pipeline[ Id: fb715111-46f7-4bfe-9e07-8bfbb9838003, Nodes: 431497ad-d025-459f-926e-1ac8482a6047{ip: 10.1.0.23, host: fv-az395-686.zfmzfyrfkyou3ow0tsr0jxwq1e.bx.internal.cloudapp.net, ports: [REPLICATION=46443, RATIS=44869, RATIS_ADMIN=44869, RATIS_SERVER=44869, STANDALONE=45343], networkLocation: /default-rack, certSerialId: null, persistedOpState: IN_SERVICE, persistedOpStateExpiryEpochSec: 0}, ReplicationConfig: RATIS/ONE, State:ALLOCATED, leaderId:431497ad-d025-459f-926e-1ac8482a6047, CreationTimestamp2022-06-11T13:53:24.214Z[Etc/UTC]] moved to OPEN state
2022-06-11 13:53:27,250 [EventQueue-OpenPipelineForHealthyPipelineSafeModeRule] INFO  safemode.SCMSafeModeManager (HealthyPipelineSafeModeRule.java:process(124)) - SCM in safe mode. Healthy pipelines reported count is 0, required healthy pipeline reported count is 1
2022-06-11 13:53:27,252 [pool-399-thread-1] INFO  server.RaftServerConfigKeys (ConfUtils.java:logGet(46)) - raft.server.log.write.buffer.size = 1048576 (custom)
2022-06-11 13:53:27,252 [pool-399-thread-1] INFO  server.RaftServerConfigKeys (ConfUtils.java:logGet(46)) - raft.server.log.unsafe-flush.enabled = false (default)
2022-06-11 13:53:27,252 [pool-399-thread-1] INFO  server.RaftServerConfigKeys (ConfUtils.java:logGet(46)) - raft.server.log.statemachine.data.caching.enabled = true (custom)
2022-06-11 13:53:27,252 [pool-399-thread-1] INFO  segmented.SegmentedRaftLogWorker (SegmentedRaftLogWorker.java:lambda$new$0(135)) - 431497ad-d025-459f-926e-1ac8482a6047@group-8BFBB9838003-SegmentedRaftLogWorker: flushIndex: setUnconditionally 0 -> -1
2022-06-11 13:53:27,252 [pool-399-thread-1] INFO  segmented.SegmentedRaftLogWorker (SegmentedRaftLogWorker.java:lambda$new$0(135)) - 431497ad-d025-459f-926e-1ac8482a6047@group-8BFBB9838003-SegmentedRaftLogWorker: safeCacheEvictIndex: setUnconditionally 0 -> -1
2022-06-11 13:53:27,252 [pool-399-thread-1] INFO  server.RaftServerConfigKeys (ConfUtils.java:logGet(46)) - raft.server.snapshot.auto.trigger.enabled = true (custom)
2022-06-11 13:53:27,252 [pool-399-thread-1] INFO  server.RaftServerConfigKeys (ConfUtils.java:logGet(46)) - raft.server.snapshot.auto.trigger.threshold = 10000 (custom)
2022-06-11 13:53:27,252 [pool-399-thread-1] INFO  server.RaftServerConfigKeys (ConfUtils.java:logGet(46)) - raft.server.snapshot.retention.file.num = 5 (custom)
2022-06-11 13:53:27,253 [pool-399-thread-1] INFO  server.RaftServerConfigKeys (ConfUtils.java:logGet(46)) - raft.server.log.purge.upto.snapshot.index = false (default)
2022-06-11 13:53:27,253 [pool-399-thread-1] INFO  server.RaftServerConfigKeys (ConfUtils.java:logGet(46)) - raft.server.retrycache.expirytime = 600000ms (custom)
2022-06-11 13:53:27,253 [pool-399-thread-1] INFO  server.RaftServerConfigKeys (ConfUtils.java:logGet(46)) - raft.server.retrycache.statistics.expirytime = 100μs (default)
2022-06-11 13:53:27,254 [pool-399-thread-1] INFO  server.RaftServerConfigKeys (ConfUtils.java:logGet(46)) - raft.server.log.appender.install.snapshot.enabled = false (custom)
2022-06-11 13:53:27,254 [pool-399-thread-1] INFO  server.RaftServerConfigKeys (ConfUtils.java:logGet(46)) - raft.server.threadpool.server.cached = true (default)
2022-06-11 13:53:27,254 [pool-399-thread-1] INFO  server.RaftServerConfigKeys (ConfUtils.java:logGet(46)) - raft.server.threadpool.server.size = 0 (default)
2022-06-11 13:53:27,254 [pool-399-thread-1] INFO  server.RaftServerConfigKeys (ConfUtils.java:logGet(46)) - raft.server.threadpool.client.cached = true (default)
2022-06-11 13:53:27,254 [pool-399-thread-1] INFO  server.RaftServerConfigKeys (ConfUtils.java:logGet(46)) - raft.server.threadpool.client.size = 0 (default)
2022-06-11 13:53:27,254 [pool-399-thread-1] INFO  server.RaftServer$Division (RaftServerImpl.java:start(310)) - 431497ad-d025-459f-926e-1ac8482a6047@group-8BFBB9838003: start as a follower, conf=-1: [431497ad-d025-459f-926e-1ac8482a6047|rpc:10.1.0.23:44869|priority:1], old=null
2022-06-11 13:53:27,254 [pool-399-thread-1] INFO  server.RaftServer$Division (RaftServerImpl.java:setRole(299)) - 431497ad-d025-459f-926e-1ac8482a6047@group-8BFBB9838003: changes role from      null to FOLLOWER at term 0 for startAsFollower
2022-06-11 13:53:27,254 [pool-399-thread-1] INFO  impl.RoleInfo (RoleInfo.java:updateAndGet(139)) - 431497ad-d025-459f-926e-1ac8482a6047: start 431497ad-d025-459f-926e-1ac8482a6047@group-8BFBB9838003-FollowerState
2022-06-11 13:53:27,255 [pool-399-thread-1] INFO  util.JmxRegister (JmxRegister.java:tryRegister(44)) - Successfully registered JMX Bean with object name Ratis:service=RaftServer,group=group-8BFBB9838003,id=431497ad-d025-459f-926e-1ac8482a6047
2022-06-11 13:53:27,255 [Command processor thread] INFO  ratis.XceiverServerRatis (XceiverServerRatis.java:addGroup(765)) - Created group PipelineID=fb715111-46f7-4bfe-9e07-8bfbb9838003
2022-06-11 13:53:27,255 [Command processor thread] INFO  commandhandler.CreatePipelineCommandHandler (CreatePipelineCommandHandler.java:handle(113)) - Created Pipeline RATIS ONE PipelineID=fb715111-46f7-4bfe-9e07-8bfbb9838003.
2022-06-11 13:53:27,345 [ReplicationMonitor] INFO  replication.ReplicationManager (ReplicationManager.java:processAll(228)) - Replication Manager is not ready to run until 3000ms after safemode exit
2022-06-11 13:53:27,387 [Listener at 127.0.0.1/41911] INFO  ozone.MiniOzoneClusterImpl (MiniOzoneClusterImpl.java:lambda$waitForClusterToBeReady$0(221)) - Nodes are ready. Got 5 of 5 DN Heartbeats.
2022-06-11 13:53:27,387 [Listener at 127.0.0.1/41911] INFO  ozone.MiniOzoneClusterImpl (MiniOzoneClusterImpl.java:lambda$waitForClusterToBeReady$0(224)) - Waiting for cluster to exit safe mode
2022-06-11 13:53:27,387 [Listener at 127.0.0.1/41911] INFO  ozone.MiniOzoneClusterImpl (MiniOzoneClusterImpl.java:lambda$waitForClusterToBeReady$0(226)) - SCM became leader
2022-06-11 13:53:28,345 [ReplicationMonitor] INFO  replication.ReplicationManager (ReplicationManager.java:processAll(228)) - Replication Manager is not ready to run until 3000ms after safemode exit
2022-06-11 13:53:28,387 [Listener at 127.0.0.1/41911] INFO  ozone.MiniOzoneClusterImpl (MiniOzoneClusterImpl.java:lambda$waitForClusterToBeReady$0(221)) - Nodes are ready. Got 5 of 5 DN Heartbeats.
2022-06-11 13:53:28,387 [Listener at 127.0.0.1/41911] INFO  ozone.MiniOzoneClusterImpl (MiniOzoneClusterImpl.java:lambda$waitForClusterToBeReady$0(224)) - Waiting for cluster to exit safe mode
2022-06-11 13:53:28,387 [Listener at 127.0.0.1/41911] INFO  ozone.MiniOzoneClusterImpl (MiniOzoneClusterImpl.java:lambda$waitForClusterToBeReady$0(226)) - SCM became leader
2022-06-11 13:53:28,401 [Command processor thread] INFO  server.RaftServer (RaftServerProxy.java:addNew(96)) - a8298ad5-9b92-4e35-bc53-f44849c6df82: addNew group-8D4263C7E663:[a8298ad5-9b92-4e35-bc53-f44849c6df82|rpc:10.1.0.23:34095|priority:1] returns group-8D4263C7E663:java.util.concurrent.CompletableFuture@783d96fa[Not completed]
2022-06-11 13:53:28,418 [pool-425-thread-1] INFO  server.RaftServer$Division (RaftServerImpl.java:<init>(190)) - a8298ad5-9b92-4e35-bc53-f44849c6df82: new RaftServerImpl for group-8D4263C7E663:[a8298ad5-9b92-4e35-bc53-f44849c6df82|rpc:10.1.0.23:34095|priority:1] with ContainerStateMachine:uninitialized
2022-06-11 13:53:28,419 [pool-425-thread-1] INFO  server.RaftServerConfigKeys (ConfUtils.java:logGet(46)) - raft.server.rpc.timeout.min = 5s (custom)
2022-06-11 13:53:28,419 [pool-425-thread-1] INFO  server.RaftServerConfigKeys (ConfUtils.java:logGet(46)) - raft.server.rpc.timeout.max = 5200ms (custom)
2022-06-11 13:53:28,419 [pool-425-thread-1] INFO  server.RaftServerConfigKeys (ConfUtils.java:logGet(46)) - raft.server.rpc.sleep.time = 25ms (default)
2022-06-11 13:53:28,419 [pool-425-thread-1] INFO  server.RaftServerConfigKeys (ConfUtils.java:logGet(46)) - raft.server.rpc.slowness.timeout = 300s (custom)
2022-06-11 13:53:28,419 [pool-425-thread-1] INFO  server.RaftServerConfigKeys (ConfUtils.java:logGet(46)) - raft.server.leaderelection.leader.step-down.wait-time = 10s (default)
2022-06-11 13:53:28,419 [pool-425-thread-1] INFO  server.RaftServerConfigKeys (ConfUtils.java:logGet(46)) - raft.server.sleep.deviation.threshold = 300ms (default)
2022-06-11 13:53:28,420 [pool-425-thread-1] INFO  server.RaftServer$Division (ServerState.java:<init>(107)) - a8298ad5-9b92-4e35-bc53-f44849c6df82@group-8D4263C7E663: ConfigurationManager, init=-1: [a8298ad5-9b92-4e35-bc53-f44849c6df82|rpc:10.1.0.23:34095|priority:1], old=null, confs=<EMPTY_MAP>
2022-06-11 13:53:28,420 [pool-425-thread-1] INFO  server.RaftServerConfigKeys (ConfUtils.java:logGet(46)) - raft.server.storage.dir = [/home/runner/work/ozone/ozone/hadoop-ozone/integration-test/target/test-dir/MiniOzoneClusterImpl-230799ad-2127-4c70-a2a5-72c033a9677f/datanode-4/data/ratis] (custom)
2022-06-11 13:53:28,420 [pool-425-thread-1] INFO  server.RaftServerConfigKeys (ConfUtils.java:logGet(46)) - raft.server.log.corruption.policy = EXCEPTION (default)
2022-06-11 13:53:28,420 [pool-425-thread-1] INFO  server.RaftServerConfigKeys (ConfUtils.java:logGet(46)) - raft.server.storage.free-space.min = 0MB (=0) (default)
2022-06-11 13:53:28,420 [pool-425-thread-1] INFO  storage.RaftStorageDirectory (RaftStorageDirectoryImpl.java:analyzeStorage(135)) - The storage directory /home/runner/work/ozone/ozone/hadoop-ozone/integration-test/target/test-dir/MiniOzoneClusterImpl-230799ad-2127-4c70-a2a5-72c033a9677f/datanode-4/data/ratis/cb32042c-3332-4d4b-8765-8d4263c7e663 does not exist. Creating ...
2022-06-11 13:53:28,432 [pool-425-thread-1] INFO  storage.RaftStorageDirectory (RaftStorageDirectoryImpl.java:tryLock(230)) - Lock on /home/runner/work/ozone/ozone/hadoop-ozone/integration-test/target/test-dir/MiniOzoneClusterImpl-230799ad-2127-4c70-a2a5-72c033a9677f/datanode-4/data/ratis/cb32042c-3332-4d4b-8765-8d4263c7e663/in_use.lock acquired by nodename 20323@fv-az395-686
2022-06-11 13:53:28,441 [pool-425-thread-1] INFO  storage.RaftStorage (RaftStorageImpl.java:format(89)) - Storage directory /home/runner/work/ozone/ozone/hadoop-ozone/integration-test/target/test-dir/MiniOzoneClusterImpl-230799ad-2127-4c70-a2a5-72c033a9677f/datanode-4/data/ratis/cb32042c-3332-4d4b-8765-8d4263c7e663 has been successfully formatted.
2022-06-11 13:53:28,442 [pool-425-thread-1] INFO  ratis.ContainerStateMachine (ContainerStateMachine.java:loadSnapshot(236)) - group-8D4263C7E663: The snapshot info is null. Setting the last applied indexto:(t:0, i:~)
2022-06-11 13:53:28,442 [pool-425-thread-1] INFO  server.RaftServerConfigKeys (ConfUtils.java:logGet(46)) - raft.server.notification.no-leader.timeout = 300s (custom)
2022-06-11 13:53:28,442 [pool-425-thread-1] INFO  server.RaftServerConfigKeys (ConfUtils.java:logGet(46)) - raft.server.log.use.memory = false (default)
2022-06-11 13:53:28,442 [pool-425-thread-1] INFO  server.RaftServerConfigKeys (ConfUtils.java:logGet(46)) - raft.server.log.purge.gap = 1000000 (custom)
2022-06-11 13:53:28,442 [pool-425-thread-1] INFO  server.RaftServerConfigKeys (ConfUtils.java:logGet(46)) - raft.server.log.appender.buffer.byte-limit = 33554432 (custom)
2022-06-11 13:53:28,442 [pool-425-thread-1] INFO  server.RaftServerConfigKeys (ConfUtils.java:logGet(46)) - raft.server.log.statemachine.data.read.timeout = 1000ms (default)
2022-06-11 13:53:28,444 [EventQueue-PipelineReportForPipelineReportHandler] INFO  pipeline.PipelineManagerImpl (PipelineManagerImpl.java:openPipeline(356)) - Pipeline Pipeline[ Id: cb32042c-3332-4d4b-8765-8d4263c7e663, Nodes: a8298ad5-9b92-4e35-bc53-f44849c6df82{ip: 10.1.0.23, host: fv-az395-686.zfmzfyrfkyou3ow0tsr0jxwq1e.bx.internal.cloudapp.net, ports: [REPLICATION=44671, RATIS=34095, RATIS_ADMIN=34095, RATIS_SERVER=34095, STANDALONE=38997], networkLocation: /default-rack, certSerialId: null, persistedOpState: IN_SERVICE, persistedOpStateExpiryEpochSec: 0}, ReplicationConfig: RATIS/ONE, State:ALLOCATED, leaderId:a8298ad5-9b92-4e35-bc53-f44849c6df82, CreationTimestamp2022-06-11T13:53:25.406Z[Etc/UTC]] moved to OPEN state
2022-06-11 13:53:28,445 [EventQueue-OpenPipelineForHealthyPipelineSafeModeRule] INFO  safemode.SCMSafeModeManager (HealthyPipelineSafeModeRule.java:process(124)) - SCM in safe mode. Healthy pipelines reported count is 0, required healthy pipeline reported count is 1
2022-06-11 13:53:28,453 [pool-425-thread-1] INFO  server.RaftServerConfigKeys (ConfUtils.java:logGet(46)) - raft.server.log.segment.size.max = 1048576 (custom)
2022-06-11 13:53:28,454 [pool-425-thread-1] INFO  server.RaftServerConfigKeys (ConfUtils.java:logGet(46)) - raft.server.log.segment.cache.num.max = 2 (custom)
2022-06-11 13:53:28,454 [pool-425-thread-1] INFO  server.RaftServerConfigKeys (ConfUtils.java:logGet(46)) - raft.server.log.segment.cache.size.max = 200MB (=209715200) (default)
2022-06-11 13:53:28,454 [pool-425-thread-1] INFO  segmented.SegmentedRaftLogWorker (SegmentedRaftLogWorker.java:<init>(187)) - new a8298ad5-9b92-4e35-bc53-f44849c6df82@group-8D4263C7E663-SegmentedRaftLogWorker for RaftStorageImpl:Storage Directory /home/runner/work/ozone/ozone/hadoop-ozone/integration-test/target/test-dir/MiniOzoneClusterImpl-230799ad-2127-4c70-a2a5-72c033a9677f/datanode-4/data/ratis/cb32042c-3332-4d4b-8765-8d4263c7e663
2022-06-11 13:53:28,454 [pool-425-thread-1] INFO  server.RaftServerConfigKeys (ConfUtils.java:logGet(46)) - raft.server.log.queue.byte-limit = 4294967296 (custom)
2022-06-11 13:53:28,454 [pool-425-thread-1] INFO  server.RaftServerConfigKeys (ConfUtils.java:logGet(46)) - raft.server.log.queue.element-limit = 1024 (custom)
2022-06-11 13:53:28,454 [pool-425-thread-1] INFO  server.RaftServerConfigKeys (ConfUtils.java:logGet(46)) - raft.server.log.segment.size.max = 1048576 (custom)
2022-06-11 13:53:28,454 [pool-425-thread-1] INFO  server.RaftServerConfigKeys (ConfUtils.java:logGet(46)) - raft.server.log.preallocated.size = 16384 (custom)
2022-06-11 13:53:28,454 [pool-425-thread-1] INFO  server.RaftServerConfigKeys (ConfUtils.java:logGet(46)) - raft.server.log.force.sync.num = 128 (default)
2022-06-11 13:53:28,454 [pool-425-thread-1] INFO  server.RaftServerConfigKeys (ConfUtils.java:logGet(46)) - raft.server.log.statemachine.data.sync = true (default)
2022-06-11 13:53:28,454 [pool-425-thread-1] INFO  server.RaftServerConfigKeys (ConfUtils.java:logGet(46)) - raft.server.log.statemachine.data.sync.timeout = 10s (default)
2022-06-11 13:53:28,454 [pool-425-thread-1] INFO  server.RaftServerConfigKeys (ConfUtils.java:logGet(46)) - raft.server.log.statemachine.data.sync.timeout.retry = -1 (default)
2022-06-11 13:53:28,455 [pool-425-thread-1] INFO  server.RaftServerConfigKeys (ConfUtils.java:logGet(46)) - raft.server.log.write.buffer.size = 1048576 (custom)
2022-06-11 13:53:28,455 [pool-425-thread-1] INFO  server.RaftServerConfigKeys (ConfUtils.java:logGet(46)) - raft.server.log.unsafe-flush.enabled = false (default)
2022-06-11 13:53:28,455 [pool-425-thread-1] INFO  server.RaftServerConfigKeys (ConfUtils.java:logGet(46)) - raft.server.log.statemachine.data.caching.enabled = true (custom)
2022-06-11 13:53:28,456 [pool-425-thread-1] INFO  segmented.SegmentedRaftLogWorker (SegmentedRaftLogWorker.java:lambda$new$0(135)) - a8298ad5-9b92-4e35-bc53-f44849c6df82@group-8D4263C7E663-SegmentedRaftLogWorker: flushIndex: setUnconditionally 0 -> -1
2022-06-11 13:53:28,456 [pool-425-thread-1] INFO  segmented.SegmentedRaftLogWorker (SegmentedRaftLogWorker.java:lambda$new$0(135)) - a8298ad5-9b92-4e35-bc53-f44849c6df82@group-8D4263C7E663-SegmentedRaftLogWorker: safeCacheEvictIndex: setUnconditionally 0 -> -1
2022-06-11 13:53:28,468 [pool-425-thread-1] INFO  server.RaftServerConfigKeys (ConfUtils.java:logGet(46)) - raft.server.snapshot.auto.trigger.enabled = true (custom)
2022-06-11 13:53:28,468 [pool-425-thread-1] INFO  server.RaftServerConfigKeys (ConfUtils.java:logGet(46)) - raft.server.snapshot.auto.trigger.threshold = 10000 (custom)
2022-06-11 13:53:28,468 [pool-425-thread-1] INFO  server.RaftServerConfigKeys (ConfUtils.java:logGet(46)) - raft.server.snapshot.retention.file.num = 5 (custom)
2022-06-11 13:53:28,468 [pool-425-thread-1] INFO  server.RaftServerConfigKeys (ConfUtils.java:logGet(46)) - raft.server.log.purge.upto.snapshot.index = false (default)
2022-06-11 13:53:28,468 [pool-425-thread-1] INFO  server.RaftServerConfigKeys (ConfUtils.java:logGet(46)) - raft.server.retrycache.expirytime = 600000ms (custom)
2022-06-11 13:53:28,468 [pool-425-thread-1] INFO  server.RaftServerConfigKeys (ConfUtils.java:logGet(46)) - raft.server.retrycache.statistics.expirytime = 100μs (default)
2022-06-11 13:53:28,470 [pool-425-thread-1] INFO  server.RaftServerConfigKeys (ConfUtils.java:logGet(46)) - raft.server.log.appender.install.snapshot.enabled = false (custom)
2022-06-11 13:53:28,470 [pool-425-thread-1] INFO  server.RaftServerConfigKeys (ConfUtils.java:logGet(46)) - raft.server.threadpool.server.cached = true (default)
2022-06-11 13:53:28,470 [pool-425-thread-1] INFO  server.RaftServerConfigKeys (ConfUtils.java:logGet(46)) - raft.server.threadpool.server.size = 0 (default)
2022-06-11 13:53:28,470 [pool-425-thread-1] INFO  server.RaftServerConfigKeys (ConfUtils.java:logGet(46)) - raft.server.threadpool.client.cached = true (default)
2022-06-11 13:53:28,470 [pool-425-thread-1] INFO  server.RaftServerConfigKeys (ConfUtils.java:logGet(46)) - raft.server.threadpool.client.size = 0 (default)
2022-06-11 13:53:28,470 [pool-425-thread-1] INFO  server.RaftServer$Division (RaftServerImpl.java:start(310)) - a8298ad5-9b92-4e35-bc53-f44849c6df82@group-8D4263C7E663: start as a follower, conf=-1: [a8298ad5-9b92-4e35-bc53-f44849c6df82|rpc:10.1.0.23:34095|priority:1], old=null
2022-06-11 13:53:28,470 [pool-425-thread-1] INFO  server.RaftServer$Division (RaftServerImpl.java:setRole(299)) - a8298ad5-9b92-4e35-bc53-f44849c6df82@group-8D4263C7E663: changes role from      null to FOLLOWER at term 0 for startAsFollower
2022-06-11 13:53:28,470 [pool-425-thread-1] INFO  impl.RoleInfo (RoleInfo.java:updateAndGet(139)) - a8298ad5-9b92-4e35-bc53-f44849c6df82: start a8298ad5-9b92-4e35-bc53-f44849c6df82@group-8D4263C7E663-FollowerState
2022-06-11 13:53:28,476 [pool-425-thread-1] INFO  util.JmxRegister (JmxRegister.java:tryRegister(44)) - Successfully registered JMX Bean with object name Ratis:service=RaftServer,group=group-8D4263C7E663,id=a8298ad5-9b92-4e35-bc53-f44849c6df82
2022-06-11 13:53:28,482 [Command processor thread] INFO  ratis.XceiverServerRatis (XceiverServerRatis.java:addGroup(765)) - Created group PipelineID=cb32042c-3332-4d4b-8765-8d4263c7e663
2022-06-11 13:53:28,482 [Command processor thread] INFO  commandhandler.CreatePipelineCommandHandler (CreatePipelineCommandHandler.java:handle(113)) - Created Pipeline RATIS ONE PipelineID=cb32042c-3332-4d4b-8765-8d4263c7e663.
2022-06-11 13:53:29,193 [16c7fc92-fb06-4eb2-809b-3504c9fb6acd@group-7155C7F81711-FollowerState] INFO  impl.FollowerState (FollowerState.java:run(143)) - 16c7fc92-fb06-4eb2-809b-3504c9fb6acd@group-7155C7F81711-FollowerState: change to CANDIDATE, lastRpcElapsedTime:5022759831ns, electionTimeout:5005ms
2022-06-11 13:53:29,194 [16c7fc92-fb06-4eb2-809b-3504c9fb6acd@group-7155C7F81711-FollowerState] INFO  impl.RoleInfo (RoleInfo.java:shutdownFollowerState(110)) - 16c7fc92-fb06-4eb2-809b-3504c9fb6acd: shutdown 16c7fc92-fb06-4eb2-809b-3504c9fb6acd@group-7155C7F81711-FollowerState
2022-06-11 13:53:29,194 [16c7fc92-fb06-4eb2-809b-3504c9fb6acd@group-7155C7F81711-FollowerState] INFO  server.RaftServer$Division (RaftServerImpl.java:setRole(299)) - 16c7fc92-fb06-4eb2-809b-3504c9fb6acd@group-7155C7F81711: changes role from  FOLLOWER to CANDIDATE at term 0 for changeToCandidate
2022-06-11 13:53:29,194 [16c7fc92-fb06-4eb2-809b-3504c9fb6acd@group-7155C7F81711-FollowerState] INFO  server.RaftServerConfigKeys (ConfUtils.java:logGet(46)) - raft.server.leaderelection.pre-vote = false (custom)
2022-06-11 13:53:29,194 [16c7fc92-fb06-4eb2-809b-3504c9fb6acd@group-7155C7F81711-FollowerState] INFO  impl.RoleInfo (RoleInfo.java:updateAndGet(139)) - 16c7fc92-fb06-4eb2-809b-3504c9fb6acd: start 16c7fc92-fb06-4eb2-809b-3504c9fb6acd@group-7155C7F81711-LeaderElection13
2022-06-11 13:53:29,213 [16c7fc92-fb06-4eb2-809b-3504c9fb6acd@group-7155C7F81711-LeaderElection13] INFO  impl.LeaderElection (LeaderElection.java:askForVotes(310)) - 16c7fc92-fb06-4eb2-809b-3504c9fb6acd@group-7155C7F81711-LeaderElection13 ELECTION round 0: submit vote requests at term 1 for -1: [16c7fc92-fb06-4eb2-809b-3504c9fb6acd|rpc:10.1.0.23:43953|priority:0, b3e33fbc-e6b1-4451-bbb7-d94529508024|rpc:10.1.0.23:37137|priority:0, 5620fb3b-0054-439e-9ae8-a9fef5d7add1|rpc:10.1.0.23:45561|priority:1], old=null
2022-06-11 13:53:29,276 [grpc-default-executor-4] INFO  server.RaftServer$Division (RaftServerImpl.java:requestVote(1152)) - b3e33fbc-e6b1-4451-bbb7-d94529508024@group-7155C7F81711: receive requestVote(ELECTION, 16c7fc92-fb06-4eb2-809b-3504c9fb6acd, group-7155C7F81711, 1, (t:0, i:0))
2022-06-11 13:53:29,276 [grpc-default-executor-4] INFO  impl.VoteContext (VoteContext.java:log(48)) - b3e33fbc-e6b1-4451-bbb7-d94529508024@group-7155C7F81711-FOLLOWER: accept ELECTION from 16c7fc92-fb06-4eb2-809b-3504c9fb6acd: our priority 0 <= candidate's priority 0
2022-06-11 13:53:29,276 [grpc-default-executor-4] INFO  server.RaftServer$Division (RaftServerImpl.java:setRole(299)) - b3e33fbc-e6b1-4451-bbb7-d94529508024@group-7155C7F81711: changes role from  FOLLOWER to FOLLOWER at term 1 for candidate:16c7fc92-fb06-4eb2-809b-3504c9fb6acd
2022-06-11 13:53:29,276 [grpc-default-executor-4] INFO  impl.RoleInfo (RoleInfo.java:shutdownFollowerState(110)) - b3e33fbc-e6b1-4451-bbb7-d94529508024: shutdown b3e33fbc-e6b1-4451-bbb7-d94529508024@group-7155C7F81711-FollowerState
2022-06-11 13:53:29,276 [grpc-default-executor-4] INFO  impl.RoleInfo (RoleInfo.java:updateAndGet(139)) - b3e33fbc-e6b1-4451-bbb7-d94529508024: start b3e33fbc-e6b1-4451-bbb7-d94529508024@group-7155C7F81711-FollowerState
2022-06-11 13:53:29,276 [b3e33fbc-e6b1-4451-bbb7-d94529508024@group-7155C7F81711-FollowerState] INFO  impl.FollowerState (FollowerState.java:run(152)) - b3e33fbc-e6b1-4451-bbb7-d94529508024@group-7155C7F81711-FollowerState was interrupted
2022-06-11 13:53:29,288 [grpc-default-executor-3] INFO  server.RaftServer$Division (RaftServerImpl.java:requestVote(1152)) - 5620fb3b-0054-439e-9ae8-a9fef5d7add1@group-7155C7F81711: receive requestVote(ELECTION, 16c7fc92-fb06-4eb2-809b-3504c9fb6acd, group-7155C7F81711, 1, (t:0, i:0))
2022-06-11 13:53:29,288 [grpc-default-executor-3] INFO  impl.VoteContext (VoteContext.java:log(48)) - 5620fb3b-0054-439e-9ae8-a9fef5d7add1@group-7155C7F81711-FOLLOWER: reject ELECTION from 16c7fc92-fb06-4eb2-809b-3504c9fb6acd: our priority 1 > candidate's priority 0
2022-06-11 13:53:29,293 [grpc-default-executor-3] INFO  server.RaftServer$Division (RaftServerImpl.java:setRole(299)) - 5620fb3b-0054-439e-9ae8-a9fef5d7add1@group-7155C7F81711: changes role from  FOLLOWER to FOLLOWER at term 1 for candidate:16c7fc92-fb06-4eb2-809b-3504c9fb6acd
2022-06-11 13:53:29,294 [grpc-default-executor-3] INFO  impl.RoleInfo (RoleInfo.java:shutdownFollowerState(110)) - 5620fb3b-0054-439e-9ae8-a9fef5d7add1: shutdown 5620fb3b-0054-439e-9ae8-a9fef5d7add1@group-7155C7F81711-FollowerState
2022-06-11 13:53:29,294 [grpc-default-executor-3] INFO  impl.RoleInfo (RoleInfo.java:updateAndGet(139)) - 5620fb3b-0054-439e-9ae8-a9fef5d7add1: start 5620fb3b-0054-439e-9ae8-a9fef5d7add1@group-7155C7F81711-FollowerState
2022-06-11 13:53:29,294 [5620fb3b-0054-439e-9ae8-a9fef5d7add1@group-7155C7F81711-FollowerState] INFO  impl.FollowerState (FollowerState.java:run(152)) - 5620fb3b-0054-439e-9ae8-a9fef5d7add1@group-7155C7F81711-FollowerState was interrupted
2022-06-11 13:53:29,298 [grpc-default-executor-3] INFO  server.RaftServer$Division (RaftServerImpl.java:requestVote(1184)) - 5620fb3b-0054-439e-9ae8-a9fef5d7add1@group-7155C7F81711 replies to ELECTION vote request: 16c7fc92-fb06-4eb2-809b-3504c9fb6acd<-5620fb3b-0054-439e-9ae8-a9fef5d7add1#0:FAIL-t1. Peer's state: 5620fb3b-0054-439e-9ae8-a9fef5d7add1@group-7155C7F81711:t1, leader=null, voted=null, raftlog=5620fb3b-0054-439e-9ae8-a9fef5d7add1@group-7155C7F81711-SegmentedRaftLog:OPENED:c-1, conf=-1: [16c7fc92-fb06-4eb2-809b-3504c9fb6acd|rpc:10.1.0.23:43953|dataStream:|priority:0, b3e33fbc-e6b1-4451-bbb7-d94529508024|rpc:10.1.0.23:37137|dataStream:|priority:0, 5620fb3b-0054-439e-9ae8-a9fef5d7add1|rpc:10.1.0.23:45561|dataStream:|priority:1], old=null
2022-06-11 13:53:29,301 [16c7fc92-fb06-4eb2-809b-3504c9fb6acd@group-7155C7F81711-LeaderElection13] INFO  impl.LeaderElection (LeaderElection.java:logAndReturn(90)) - 16c7fc92-fb06-4eb2-809b-3504c9fb6acd@group-7155C7F81711-LeaderElection13: ELECTION REJECTED received 1 response(s) and 0 exception(s):
2022-06-11 13:53:29,301 [16c7fc92-fb06-4eb2-809b-3504c9fb6acd@group-7155C7F81711-LeaderElection13] INFO  impl.LeaderElection (LeaderElection.java:logAndReturn(94)) -   Response 0: 16c7fc92-fb06-4eb2-809b-3504c9fb6acd<-5620fb3b-0054-439e-9ae8-a9fef5d7add1#0:FAIL-t1
2022-06-11 13:53:29,301 [16c7fc92-fb06-4eb2-809b-3504c9fb6acd@group-7155C7F81711-LeaderElection13] INFO  impl.LeaderElection (LeaderElection.java:askForVotes(312)) - 16c7fc92-fb06-4eb2-809b-3504c9fb6acd@group-7155C7F81711-LeaderElection13 ELECTION round 0: result REJECTED
2022-06-11 13:53:29,301 [16c7fc92-fb06-4eb2-809b-3504c9fb6acd@group-7155C7F81711-LeaderElection13] INFO  server.RaftServer$Division (RaftServerImpl.java:setRole(299)) - 16c7fc92-fb06-4eb2-809b-3504c9fb6acd@group-7155C7F81711: changes role from CANDIDATE to FOLLOWER at term 1 for REJECTED
2022-06-11 13:53:29,301 [16c7fc92-fb06-4eb2-809b-3504c9fb6acd@group-7155C7F81711-LeaderElection13] INFO  impl.RoleInfo (RoleInfo.java:shutdownLeaderElection(130)) - 16c7fc92-fb06-4eb2-809b-3504c9fb6acd: shutdown 16c7fc92-fb06-4eb2-809b-3504c9fb6acd@group-7155C7F81711-LeaderElection13
2022-06-11 13:53:29,301 [16c7fc92-fb06-4eb2-809b-3504c9fb6acd@group-7155C7F81711-LeaderElection13] INFO  impl.RoleInfo (RoleInfo.java:updateAndGet(139)) - 16c7fc92-fb06-4eb2-809b-3504c9fb6acd: start 16c7fc92-fb06-4eb2-809b-3504c9fb6acd@group-7155C7F81711-FollowerState
2022-06-11 13:53:29,309 [grpc-default-executor-4] INFO  server.RaftServer$Division (RaftServerImpl.java:requestVote(1184)) - b3e33fbc-e6b1-4451-bbb7-d94529508024@group-7155C7F81711 replies to ELECTION vote request: 16c7fc92-fb06-4eb2-809b-3504c9fb6acd<-b3e33fbc-e6b1-4451-bbb7-d94529508024#0:OK-t1. Peer's state: b3e33fbc-e6b1-4451-bbb7-d94529508024@group-7155C7F81711:t1, leader=null, voted=16c7fc92-fb06-4eb2-809b-3504c9fb6acd, raftlog=b3e33fbc-e6b1-4451-bbb7-d94529508024@group-7155C7F81711-SegmentedRaftLog:OPENED:c-1, conf=-1: [16c7fc92-fb06-4eb2-809b-3504c9fb6acd|rpc:10.1.0.23:43953|dataStream:|priority:0, b3e33fbc-e6b1-4451-bbb7-d94529508024|rpc:10.1.0.23:37137|dataStream:|priority:0, 5620fb3b-0054-439e-9ae8-a9fef5d7add1|rpc:10.1.0.23:45561|dataStream:|priority:1], old=null
2022-06-11 13:53:29,317 [16c7fc92-fb06-4eb2-809b-3504c9fb6acd@group-F7D814194E11-FollowerState] INFO  impl.FollowerState (FollowerState.java:run(143)) - 16c7fc92-fb06-4eb2-809b-3504c9fb6acd@group-F7D814194E11-FollowerState: change to CANDIDATE, lastRpcElapsedTime:5171009691ns, electionTimeout:5170ms
2022-06-11 13:53:29,317 [16c7fc92-fb06-4eb2-809b-3504c9fb6acd@group-F7D814194E11-FollowerState] INFO  impl.RoleInfo (RoleInfo.java:shutdownFollowerState(110)) - 16c7fc92-fb06-4eb2-809b-3504c9fb6acd: shutdown 16c7fc92-fb06-4eb2-809b-3504c9fb6acd@group-F7D814194E11-FollowerState
2022-06-11 13:53:29,317 [16c7fc92-fb06-4eb2-809b-3504c9fb6acd@group-F7D814194E11-FollowerState] INFO  server.RaftServer$Division (RaftServerImpl.java:setRole(299)) - 16c7fc92-fb06-4eb2-809b-3504c9fb6acd@group-F7D814194E11: changes role from  FOLLOWER to CANDIDATE at term 0 for changeToCandidate
2022-06-11 13:53:29,317 [16c7fc92-fb06-4eb2-809b-3504c9fb6acd@group-F7D814194E11-FollowerState] INFO  server.RaftServerConfigKeys (ConfUtils.java:logGet(46)) - raft.server.leaderelection.pre-vote = false (custom)
2022-06-11 13:53:29,318 [16c7fc92-fb06-4eb2-809b-3504c9fb6acd@group-F7D814194E11-FollowerState] INFO  impl.RoleInfo (RoleInfo.java:updateAndGet(139)) - 16c7fc92-fb06-4eb2-809b-3504c9fb6acd: start 16c7fc92-fb06-4eb2-809b-3504c9fb6acd@group-F7D814194E11-LeaderElection14
2022-06-11 13:53:29,331 [16c7fc92-fb06-4eb2-809b-3504c9fb6acd@group-F7D814194E11-LeaderElection14] INFO  impl.LeaderElection (LeaderElection.java:askForVotes(310)) - 16c7fc92-fb06-4eb2-809b-3504c9fb6acd@group-F7D814194E11-LeaderElection14 ELECTION round 0: submit vote requests at term 1 for -1: [16c7fc92-fb06-4eb2-809b-3504c9fb6acd|rpc:10.1.0.23:43953|priority:1], old=null
2022-06-11 13:53:29,331 [16c7fc92-fb06-4eb2-809b-3504c9fb6acd@group-F7D814194E11-LeaderElection14] INFO  impl.LeaderElection (LeaderElection.java:askForVotes(312)) - 16c7fc92-fb06-4eb2-809b-3504c9fb6acd@group-F7D814194E11-LeaderElection14 ELECTION round 0: result PASSED (term=1)
2022-06-11 13:53:29,331 [16c7fc92-fb06-4eb2-809b-3504c9fb6acd@group-F7D814194E11-LeaderElection14] INFO  impl.RoleInfo (RoleInfo.java:shutdownLeaderElection(130)) - 16c7fc92-fb06-4eb2-809b-3504c9fb6acd: shutdown 16c7fc92-fb06-4eb2-809b-3504c9fb6acd@group-F7D814194E11-LeaderElection14
2022-06-11 13:53:29,331 [16c7fc92-fb06-4eb2-809b-3504c9fb6acd@group-F7D814194E11-LeaderElection14] INFO  server.RaftServer$Division (RaftServerImpl.java:setRole(299)) - 16c7fc92-fb06-4eb2-809b-3504c9fb6acd@group-F7D814194E11: changes role from CANDIDATE to LEADER at term 1 for changeToLeader
2022-06-11 13:53:29,331 [16c7fc92-fb06-4eb2-809b-3504c9fb6acd@group-F7D814194E11-LeaderElection14] INFO  ratis.XceiverServerRatis (XceiverServerRatis.java:handleLeaderChangedNotification(863)) - Leader change notification received for group: group-F7D814194E11 with new leaderId: 16c7fc92-fb06-4eb2-809b-3504c9fb6acd
2022-06-11 13:53:29,332 [16c7fc92-fb06-4eb2-809b-3504c9fb6acd@group-F7D814194E11-LeaderElection14] INFO  server.RaftServer$Division (ServerState.java:setLeader(287)) - 16c7fc92-fb06-4eb2-809b-3504c9fb6acd@group-F7D814194E11: change Leader from null to 16c7fc92-fb06-4eb2-809b-3504c9fb6acd at term 1 for becomeLeader, leader elected after 5206ms
2022-06-11 13:53:29,332 [16c7fc92-fb06-4eb2-809b-3504c9fb6acd@group-F7D814194E11-LeaderElection14] INFO  server.RaftServerConfigKeys (ConfUtils.java:logGet(46)) - raft.server.staging.catchup.gap = 1000 (default)
2022-06-11 13:53:29,332 [16c7fc92-fb06-4eb2-809b-3504c9fb6acd@group-F7D814194E11-LeaderElection14] INFO  server.RaftServerConfigKeys (ConfUtils.java:logGet(46)) - raft.server.write.element-limit = 1024 (custom)
2022-06-11 13:53:29,333 [16c7fc92-fb06-4eb2-809b-3504c9fb6acd@group-F7D814194E11-LeaderElection14] INFO  server.RaftServerConfigKeys (ConfUtils.java:logGet(46)) - raft.server.write.byte-limit = 1024 M (=1073741824) (custom)
2022-06-11 13:53:29,333 [16c7fc92-fb06-4eb2-809b-3504c9fb6acd@group-F7D814194E11-LeaderElection14] INFO  server.RaftServerConfigKeys (ConfUtils.java:logGet(46)) - raft.server.watch.timeout = 180s (custom)
2022-06-11 13:53:29,333 [16c7fc92-fb06-4eb2-809b-3504c9fb6acd@group-F7D814194E11-LeaderElection14] INFO  server.RaftServerConfigKeys (ConfUtils.java:logGet(46)) - raft.server.watch.timeout.denomination = 1s (default)
2022-06-11 13:53:29,333 [16c7fc92-fb06-4eb2-809b-3504c9fb6acd@group-F7D814194E11-LeaderElection14] INFO  server.RaftServerConfigKeys (ConfUtils.java:logGet(46)) - raft.server.watch.element-limit = 65536 (default)
2022-06-11 13:53:29,334 [16c7fc92-fb06-4eb2-809b-3504c9fb6acd@group-F7D814194E11-LeaderElection14] INFO  server.RaftServerConfigKeys (ConfUtils.java:logGet(46)) - raft.server.write.element-limit = 1024 (custom)
2022-06-11 13:53:29,334 [16c7fc92-fb06-4eb2-809b-3504c9fb6acd@group-F7D814194E11-LeaderElection14] INFO  server.RaftServerConfigKeys (ConfUtils.java:logGet(46)) - raft.server.write.follower.gap.ratio.max = -1.0 (default)
2022-06-11 13:53:29,334 [16c7fc92-fb06-4eb2-809b-3504c9fb6acd@group-F7D814194E11-LeaderElection14] INFO  impl.RoleInfo (RoleInfo.java:updateAndGet(139)) - 16c7fc92-fb06-4eb2-809b-3504c9fb6acd: start 16c7fc92-fb06-4eb2-809b-3504c9fb6acd@group-F7D814194E11-LeaderStateImpl
2022-06-11 13:53:29,334 [16c7fc92-fb06-4eb2-809b-3504c9fb6acd@group-F7D814194E11-LeaderElection14] INFO  segmented.SegmentedRaftLogWorker (SegmentedRaftLogWorker.java:startLogSegment(425)) - 16c7fc92-fb06-4eb2-809b-3504c9fb6acd@group-F7D814194E11-SegmentedRaftLogWorker: Starting segment from index:0
2022-06-11 13:53:29,334 [EventQueue-OpenPipelineForHealthyPipelineSafeModeRule] INFO  safemode.SCMSafeModeManager (HealthyPipelineSafeModeRule.java:process(124)) - SCM in safe mode. Healthy pipelines reported count is 0, required healthy pipeline reported count is 1
2022-06-11 13:53:29,339 [16c7fc92-fb06-4eb2-809b-3504c9fb6acd@group-F7D814194E11-SegmentedRaftLogWorker] INFO  segmented.SegmentedRaftLogWorker (SegmentedRaftLogWorker.java:execute(629)) - 16c7fc92-fb06-4eb2-809b-3504c9fb6acd@group-F7D814194E11-SegmentedRaftLogWorker: created new log segment /home/runner/work/ozone/ozone/hadoop-ozone/integration-test/target/test-dir/MiniOzoneClusterImpl-230799ad-2127-4c70-a2a5-72c033a9677f/datanode-0/data/ratis/1a56d300-b1c8-4033-ba3d-f7d814194e11/current/log_inprogress_0
2022-06-11 13:53:29,345 [ReplicationMonitor] INFO  replication.ReplicationManager (ReplicationManager.java:processAll(228)) - Replication Manager is not ready to run until 3000ms after safemode exit
2022-06-11 13:53:29,352 [16c7fc92-fb06-4eb2-809b-3504c9fb6acd@group-F7D814194E11-LeaderElection14] INFO  server.RaftServer$Division (ServerState.java:setRaftConf(393)) - 16c7fc92-fb06-4eb2-809b-3504c9fb6acd@group-F7D814194E11: set configuration 0: [16c7fc92-fb06-4eb2-809b-3504c9fb6acd|rpc:10.1.0.23:43953|dataStream:|priority:1], old=null
2022-06-11 13:53:29,390 [Listener at 127.0.0.1/41911] INFO  ozone.MiniOzoneClusterImpl (MiniOzoneClusterImpl.java:lambda$waitForClusterToBeReady$0(221)) - Nodes are ready. Got 5 of 5 DN Heartbeats.
2022-06-11 13:53:29,390 [Listener at 127.0.0.1/41911] INFO  ozone.MiniOzoneClusterImpl (MiniOzoneClusterImpl.java:lambda$waitForClusterToBeReady$0(224)) - Waiting for cluster to exit safe mode
2022-06-11 13:53:29,390 [Listener at 127.0.0.1/41911] INFO  ozone.MiniOzoneClusterImpl (MiniOzoneClusterImpl.java:lambda$waitForClusterToBeReady$0(226)) - SCM became leader
2022-06-11 13:53:30,297 [5620fb3b-0054-439e-9ae8-a9fef5d7add1@group-013AB8A6A2DB-FollowerState] INFO  impl.FollowerState (FollowerState.java:run(143)) - 5620fb3b-0054-439e-9ae8-a9fef5d7add1@group-013AB8A6A2DB-FollowerState: change to CANDIDATE, lastRpcElapsedTime:5032092105ns, electionTimeout:5021ms
2022-06-11 13:53:30,297 [5620fb3b-0054-439e-9ae8-a9fef5d7add1@group-013AB8A6A2DB-FollowerState] INFO  impl.RoleInfo (RoleInfo.java:shutdownFollowerState(110)) - 5620fb3b-0054-439e-9ae8-a9fef5d7add1: shutdown 5620fb3b-0054-439e-9ae8-a9fef5d7add1@group-013AB8A6A2DB-FollowerState
2022-06-11 13:53:30,298 [5620fb3b-0054-439e-9ae8-a9fef5d7add1@group-013AB8A6A2DB-FollowerState] INFO  server.RaftServer$Division (RaftServerImpl.java:setRole(299)) - 5620fb3b-0054-439e-9ae8-a9fef5d7add1@group-013AB8A6A2DB: changes role from  FOLLOWER to CANDIDATE at term 0 for changeToCandidate
2022-06-11 13:53:30,298 [5620fb3b-0054-439e-9ae8-a9fef5d7add1@group-013AB8A6A2DB-FollowerState] INFO  server.RaftServerConfigKeys (ConfUtils.java:logGet(46)) - raft.server.leaderelection.pre-vote = false (custom)
2022-06-11 13:53:30,298 [5620fb3b-0054-439e-9ae8-a9fef5d7add1@group-013AB8A6A2DB-FollowerState] INFO  impl.RoleInfo (RoleInfo.java:updateAndGet(139)) - 5620fb3b-0054-439e-9ae8-a9fef5d7add1: start 5620fb3b-0054-439e-9ae8-a9fef5d7add1@group-013AB8A6A2DB-LeaderElection15
2022-06-11 13:53:30,325 [5620fb3b-0054-439e-9ae8-a9fef5d7add1@group-013AB8A6A2DB-LeaderElection15] INFO  impl.LeaderElection (LeaderElection.java:askForVotes(310)) - 5620fb3b-0054-439e-9ae8-a9fef5d7add1@group-013AB8A6A2DB-LeaderElection15 ELECTION round 0: submit vote requests at term 1 for -1: [5620fb3b-0054-439e-9ae8-a9fef5d7add1|rpc:10.1.0.23:45561|priority:1], old=null
2022-06-11 13:53:30,325 [5620fb3b-0054-439e-9ae8-a9fef5d7add1@group-013AB8A6A2DB-LeaderElection15] INFO  impl.LeaderElection (LeaderElection.java:askForVotes(312)) - 5620fb3b-0054-439e-9ae8-a9fef5d7add1@group-013AB8A6A2DB-LeaderElection15 ELECTION round 0: result PASSED (term=1)
2022-06-11 13:53:30,325 [5620fb3b-0054-439e-9ae8-a9fef5d7add1@group-013AB8A6A2DB-LeaderElection15] INFO  impl.RoleInfo (RoleInfo.java:shutdownLeaderElection(130)) - 5620fb3b-0054-439e-9ae8-a9fef5d7add1: shutdown 5620fb3b-0054-439e-9ae8-a9fef5d7add1@group-013AB8A6A2DB-LeaderElection15
2022-06-11 13:53:30,325 [5620fb3b-0054-439e-9ae8-a9fef5d7add1@group-013AB8A6A2DB-LeaderElection15] INFO  server.RaftServer$Division (RaftServerImpl.java:setRole(299)) - 5620fb3b-0054-439e-9ae8-a9fef5d7add1@group-013AB8A6A2DB: changes role from CANDIDATE to LEADER at term 1 for changeToLeader
2022-06-11 13:53:30,325 [5620fb3b-0054-439e-9ae8-a9fef5d7add1@group-013AB8A6A2DB-LeaderElection15] INFO  ratis.XceiverServerRatis (XceiverServerRatis.java:handleLeaderChangedNotification(863)) - Leader change notification received for group: group-013AB8A6A2DB with new leaderId: 5620fb3b-0054-439e-9ae8-a9fef5d7add1
2022-06-11 13:53:30,327 [5620fb3b-0054-439e-9ae8-a9fef5d7add1@group-013AB8A6A2DB-LeaderElection15] INFO  server.RaftServer$Division (ServerState.java:setLeader(287)) - 5620fb3b-0054-439e-9ae8-a9fef5d7add1@group-013AB8A6A2DB: change Leader from null to 5620fb3b-0054-439e-9ae8-a9fef5d7add1 at term 1 for becomeLeader, leader elected after 5076ms
2022-06-11 13:53:30,327 [5620fb3b-0054-439e-9ae8-a9fef5d7add1@group-013AB8A6A2DB-LeaderElection15] INFO  server.RaftServerConfigKeys (ConfUtils.java:logGet(46)) - raft.server.staging.catchup.gap = 1000 (default)
2022-06-11 13:53:30,328 [EventQueue-OpenPipelineForHealthyPipelineSafeModeRule] INFO  safemode.SCMSafeModeManager (HealthyPipelineSafeModeRule.java:process(124)) - SCM in safe mode. Healthy pipelines reported count is 0, required healthy pipeline reported count is 1
2022-06-11 13:53:30,334 [5620fb3b-0054-439e-9ae8-a9fef5d7add1@group-013AB8A6A2DB-LeaderElection15] INFO  server.RaftServerConfigKeys (ConfUtils.java:logGet(46)) - raft.server.write.element-limit = 1024 (custom)
2022-06-11 13:53:30,334 [5620fb3b-0054-439e-9ae8-a9fef5d7add1@group-013AB8A6A2DB-LeaderElection15] INFO  server.RaftServerConfigKeys (ConfUtils.java:logGet(46)) - raft.server.write.byte-limit = 1024 M (=1073741824) (custom)
2022-06-11 13:53:30,334 [5620fb3b-0054-439e-9ae8-a9fef5d7add1@group-013AB8A6A2DB-LeaderElection15] INFO  server.RaftServerConfigKeys (ConfUtils.java:logGet(46)) - raft.server.watch.timeout = 180s (custom)
2022-06-11 13:53:30,334 [5620fb3b-0054-439e-9ae8-a9fef5d7add1@group-013AB8A6A2DB-LeaderElection15] INFO  server.RaftServerConfigKeys (ConfUtils.java:logGet(46)) - raft.server.watch.timeout.denomination = 1s (default)
2022-06-11 13:53:30,334 [5620fb3b-0054-439e-9ae8-a9fef5d7add1@group-013AB8A6A2DB-LeaderElection15] INFO  server.RaftServerConfigKeys (ConfUtils.java:logGet(46)) - raft.server.watch.element-limit = 65536 (default)
2022-06-11 13:53:30,334 [5620fb3b-0054-439e-9ae8-a9fef5d7add1@group-013AB8A6A2DB-LeaderElection15] INFO  server.RaftServerConfigKeys (ConfUtils.java:logGet(46)) - raft.server.write.element-limit = 1024 (custom)
2022-06-11 13:53:30,334 [5620fb3b-0054-439e-9ae8-a9fef5d7add1@group-013AB8A6A2DB-LeaderElection15] INFO  server.RaftServerConfigKeys (ConfUtils.java:logGet(46)) - raft.server.write.follower.gap.ratio.max = -1.0 (default)
2022-06-11 13:53:30,334 [5620fb3b-0054-439e-9ae8-a9fef5d7add1@group-013AB8A6A2DB-LeaderElection15] INFO  impl.RoleInfo (RoleInfo.java:updateAndGet(139)) - 5620fb3b-0054-439e-9ae8-a9fef5d7add1: start 5620fb3b-0054-439e-9ae8-a9fef5d7add1@group-013AB8A6A2DB-LeaderStateImpl
2022-06-11 13:53:30,335 [5620fb3b-0054-439e-9ae8-a9fef5d7add1@group-013AB8A6A2DB-LeaderElection15] INFO  segmented.SegmentedRaftLogWorker (SegmentedRaftLogWorker.java:startLogSegment(425)) - 5620fb3b-0054-439e-9ae8-a9fef5d7add1@group-013AB8A6A2DB-SegmentedRaftLogWorker: Starting segment from index:0
2022-06-11 13:53:30,346 [ReplicationMonitor] INFO  replication.ReplicationManager (ReplicationManager.java:processAll(228)) - Replication Manager is not ready to run until 3000ms after safemode exit
2022-06-11 13:53:30,346 [5620fb3b-0054-439e-9ae8-a9fef5d7add1@group-013AB8A6A2DB-SegmentedRaftLogWorker] INFO  segmented.SegmentedRaftLogWorker (SegmentedRaftLogWorker.java:execute(629)) - 5620fb3b-0054-439e-9ae8-a9fef5d7add1@group-013AB8A6A2DB-SegmentedRaftLogWorker: created new log segment /home/runner/work/ozone/ozone/hadoop-ozone/integration-test/target/test-dir/MiniOzoneClusterImpl-230799ad-2127-4c70-a2a5-72c033a9677f/datanode-1/data/ratis/edec4eb6-cd2f-47ba-a59e-013ab8a6a2db/current/log_inprogress_0
2022-06-11 13:53:30,373 [5620fb3b-0054-439e-9ae8-a9fef5d7add1@group-013AB8A6A2DB-LeaderElection15] INFO  server.RaftServer$Division (ServerState.java:setRaftConf(393)) - 5620fb3b-0054-439e-9ae8-a9fef5d7add1@group-013AB8A6A2DB: set configuration 0: [5620fb3b-0054-439e-9ae8-a9fef5d7add1|rpc:10.1.0.23:45561|dataStream:|priority:1], old=null
2022-06-11 13:53:30,390 [Listener at 127.0.0.1/41911] INFO  ozone.MiniOzoneClusterImpl (MiniOzoneClusterImpl.java:lambda$waitForClusterToBeReady$0(221)) - Nodes are ready. Got 5 of 5 DN Heartbeats.
2022-06-11 13:53:30,390 [Listener at 127.0.0.1/41911] INFO  ozone.MiniOzoneClusterImpl (MiniOzoneClusterImpl.java:lambda$waitForClusterToBeReady$0(224)) - Waiting for cluster to exit safe mode
2022-06-11 13:53:30,390 [Listener at 127.0.0.1/41911] INFO  ozone.MiniOzoneClusterImpl (MiniOzoneClusterImpl.java:lambda$waitForClusterToBeReady$0(226)) - SCM became leader
2022-06-11 13:53:31,346 [ReplicationMonitor] INFO  replication.ReplicationManager (ReplicationManager.java:processAll(228)) - Replication Manager is not ready to run until 3000ms after safemode exit
2022-06-11 13:53:31,367 [b3e33fbc-e6b1-4451-bbb7-d94529508024@group-3E8F788DF5DE-FollowerState] INFO  impl.FollowerState (FollowerState.java:run(143)) - b3e33fbc-e6b1-4451-bbb7-d94529508024@group-3E8F788DF5DE-FollowerState: change to CANDIDATE, lastRpcElapsedTime:5187863779ns, electionTimeout:5186ms
2022-06-11 13:53:31,367 [b3e33fbc-e6b1-4451-bbb7-d94529508024@group-3E8F788DF5DE-FollowerState] INFO  impl.RoleInfo (RoleInfo.java:shutdownFollowerState(110)) - b3e33fbc-e6b1-4451-bbb7-d94529508024: shutdown b3e33fbc-e6b1-4451-bbb7-d94529508024@group-3E8F788DF5DE-FollowerState
2022-06-11 13:53:31,367 [b3e33fbc-e6b1-4451-bbb7-d94529508024@group-3E8F788DF5DE-FollowerState] INFO  server.RaftServer$Division (RaftServerImpl.java:setRole(299)) - b3e33fbc-e6b1-4451-bbb7-d94529508024@group-3E8F788DF5DE: changes role from  FOLLOWER to CANDIDATE at term 0 for changeToCandidate
2022-06-11 13:53:31,367 [b3e33fbc-e6b1-4451-bbb7-d94529508024@group-3E8F788DF5DE-FollowerState] INFO  server.RaftServerConfigKeys (ConfUtils.java:logGet(46)) - raft.server.leaderelection.pre-vote = false (custom)
2022-06-11 13:53:31,367 [b3e33fbc-e6b1-4451-bbb7-d94529508024@group-3E8F788DF5DE-FollowerState] INFO  impl.RoleInfo (RoleInfo.java:updateAndGet(139)) - b3e33fbc-e6b1-4451-bbb7-d94529508024: start b3e33fbc-e6b1-4451-bbb7-d94529508024@group-3E8F788DF5DE-LeaderElection16
2022-06-11 13:53:31,391 [Listener at 127.0.0.1/41911] INFO  ozone.MiniOzoneClusterImpl (MiniOzoneClusterImpl.java:lambda$waitForClusterToBeReady$0(221)) - Nodes are ready. Got 5 of 5 DN Heartbeats.
2022-06-11 13:53:31,391 [Listener at 127.0.0.1/41911] INFO  ozone.MiniOzoneClusterImpl (MiniOzoneClusterImpl.java:lambda$waitForClusterToBeReady$0(224)) - Waiting for cluster to exit safe mode
2022-06-11 13:53:31,391 [Listener at 127.0.0.1/41911] INFO  ozone.MiniOzoneClusterImpl (MiniOzoneClusterImpl.java:lambda$waitForClusterToBeReady$0(226)) - SCM became leader
2022-06-11 13:53:31,396 [b3e33fbc-e6b1-4451-bbb7-d94529508024@group-3E8F788DF5DE-LeaderElection16] INFO  impl.LeaderElection (LeaderElection.java:askForVotes(310)) - b3e33fbc-e6b1-4451-bbb7-d94529508024@group-3E8F788DF5DE-LeaderElection16 ELECTION round 0: submit vote requests at term 1 for -1: [b3e33fbc-e6b1-4451-bbb7-d94529508024|rpc:10.1.0.23:37137|priority:1], old=null
2022-06-11 13:53:31,396 [b3e33fbc-e6b1-4451-bbb7-d94529508024@group-3E8F788DF5DE-LeaderElection16] INFO  impl.LeaderElection (LeaderElection.java:askForVotes(312)) - b3e33fbc-e6b1-4451-bbb7-d94529508024@group-3E8F788DF5DE-LeaderElection16 ELECTION round 0: result PASSED (term=1)
2022-06-11 13:53:31,396 [b3e33fbc-e6b1-4451-bbb7-d94529508024@group-3E8F788DF5DE-LeaderElection16] INFO  impl.RoleInfo (RoleInfo.java:shutdownLeaderElection(130)) - b3e33fbc-e6b1-4451-bbb7-d94529508024: shutdown b3e33fbc-e6b1-4451-bbb7-d94529508024@group-3E8F788DF5DE-LeaderElection16
2022-06-11 13:53:31,396 [b3e33fbc-e6b1-4451-bbb7-d94529508024@group-3E8F788DF5DE-LeaderElection16] INFO  server.RaftServer$Division (RaftServerImpl.java:setRole(299)) - b3e33fbc-e6b1-4451-bbb7-d94529508024@group-3E8F788DF5DE: changes role from CANDIDATE to LEADER at term 1 for changeToLeader
2022-06-11 13:53:31,396 [b3e33fbc-e6b1-4451-bbb7-d94529508024@group-3E8F788DF5DE-LeaderElection16] INFO  ratis.XceiverServerRatis (XceiverServerRatis.java:handleLeaderChangedNotification(863)) - Leader change notification received for group: group-3E8F788DF5DE with new leaderId: b3e33fbc-e6b1-4451-bbb7-d94529508024
2022-06-11 13:53:31,396 [b3e33fbc-e6b1-4451-bbb7-d94529508024@group-3E8F788DF5DE-LeaderElection16] INFO  server.RaftServer$Division (ServerState.java:setLeader(287)) - b3e33fbc-e6b1-4451-bbb7-d94529508024@group-3E8F788DF5DE: change Leader from null to b3e33fbc-e6b1-4451-bbb7-d94529508024 at term 1 for becomeLeader, leader elected after 5247ms
2022-06-11 13:53:31,396 [b3e33fbc-e6b1-4451-bbb7-d94529508024@group-3E8F788DF5DE-LeaderElection16] INFO  server.RaftServerConfigKeys (ConfUtils.java:logGet(46)) - raft.server.staging.catchup.gap = 1000 (default)
2022-06-11 13:53:31,397 [b3e33fbc-e6b1-4451-bbb7-d94529508024@group-3E8F788DF5DE-LeaderElection16] INFO  server.RaftServerConfigKeys (ConfUtils.java:logGet(46)) - raft.server.write.element-limit = 1024 (custom)
2022-06-11 13:53:31,397 [b3e33fbc-e6b1-4451-bbb7-d94529508024@group-3E8F788DF5DE-LeaderElection16] INFO  server.RaftServerConfigKeys (ConfUtils.java:logGet(46)) - raft.server.write.byte-limit = 1024 M (=1073741824) (custom)
2022-06-11 13:53:31,397 [b3e33fbc-e6b1-4451-bbb7-d94529508024@group-3E8F788DF5DE-LeaderElection16] INFO  server.RaftServerConfigKeys (ConfUtils.java:logGet(46)) - raft.server.watch.timeout = 180s (custom)
2022-06-11 13:53:31,397 [b3e33fbc-e6b1-4451-bbb7-d94529508024@group-3E8F788DF5DE-LeaderElection16] INFO  server.RaftServerConfigKeys (ConfUtils.java:logGet(46)) - raft.server.watch.timeout.denomination = 1s (default)
2022-06-11 13:53:31,400 [b3e33fbc-e6b1-4451-bbb7-d94529508024@group-3E8F788DF5DE-LeaderElection16] INFO  server.RaftServerConfigKeys (ConfUtils.java:logGet(46)) - raft.server.watch.element-limit = 65536 (default)
2022-06-11 13:53:31,401 [b3e33fbc-e6b1-4451-bbb7-d94529508024@group-3E8F788DF5DE-LeaderElection16] INFO  server.RaftServerConfigKeys (ConfUtils.java:logGet(46)) - raft.server.write.element-limit = 1024 (custom)
2022-06-11 13:53:31,401 [b3e33fbc-e6b1-4451-bbb7-d94529508024@group-3E8F788DF5DE-LeaderElection16] INFO  server.RaftServerConfigKeys (ConfUtils.java:logGet(46)) - raft.server.write.follower.gap.ratio.max = -1.0 (default)
2022-06-11 13:53:31,401 [b3e33fbc-e6b1-4451-bbb7-d94529508024@group-3E8F788DF5DE-LeaderElection16] INFO  impl.RoleInfo (RoleInfo.java:updateAndGet(139)) - b3e33fbc-e6b1-4451-bbb7-d94529508024: start b3e33fbc-e6b1-4451-bbb7-d94529508024@group-3E8F788DF5DE-LeaderStateImpl
2022-06-11 13:53:31,401 [EventQueue-OpenPipelineForHealthyPipelineSafeModeRule] INFO  safemode.SCMSafeModeManager (HealthyPipelineSafeModeRule.java:process(124)) - SCM in safe mode. Healthy pipelines reported count is 0, required healthy pipeline reported count is 1
2022-06-11 13:53:31,401 [b3e33fbc-e6b1-4451-bbb7-d94529508024@group-3E8F788DF5DE-LeaderElection16] INFO  segmented.SegmentedRaftLogWorker (SegmentedRaftLogWorker.java:startLogSegment(425)) - b3e33fbc-e6b1-4451-bbb7-d94529508024@group-3E8F788DF5DE-SegmentedRaftLogWorker: Starting segment from index:0
2022-06-11 13:53:31,410 [b3e33fbc-e6b1-4451-bbb7-d94529508024@group-3E8F788DF5DE-SegmentedRaftLogWorker] INFO  segmented.SegmentedRaftLogWorker (SegmentedRaftLogWorker.java:execute(629)) - b3e33fbc-e6b1-4451-bbb7-d94529508024@group-3E8F788DF5DE-SegmentedRaftLogWorker: created new log segment /home/runner/work/ozone/ozone/hadoop-ozone/integration-test/target/test-dir/MiniOzoneClusterImpl-230799ad-2127-4c70-a2a5-72c033a9677f/datanode-2/data/ratis/d5196bdb-50bf-4589-be18-3e8f788df5de/current/log_inprogress_0
2022-06-11 13:53:31,418 [b3e33fbc-e6b1-4451-bbb7-d94529508024@group-3E8F788DF5DE-LeaderElection16] INFO  server.RaftServer$Division (ServerState.java:setRaftConf(393)) - b3e33fbc-e6b1-4451-bbb7-d94529508024@group-3E8F788DF5DE: set configuration 0: [b3e33fbc-e6b1-4451-bbb7-d94529508024|rpc:10.1.0.23:37137|dataStream:|priority:1], old=null
2022-06-11 13:53:32,297 [431497ad-d025-459f-926e-1ac8482a6047@group-8BFBB9838003-FollowerState] INFO  impl.FollowerState (FollowerState.java:run(143)) - 431497ad-d025-459f-926e-1ac8482a6047@group-8BFBB9838003-FollowerState: change to CANDIDATE, lastRpcElapsedTime:5042970273ns, electionTimeout:5042ms
2022-06-11 13:53:32,298 [431497ad-d025-459f-926e-1ac8482a6047@group-8BFBB9838003-FollowerState] INFO  impl.RoleInfo (RoleInfo.java:shutdownFollowerState(110)) - 431497ad-d025-459f-926e-1ac8482a6047: shutdown 431497ad-d025-459f-926e-1ac8482a6047@group-8BFBB9838003-FollowerState
2022-06-11 13:53:32,298 [431497ad-d025-459f-926e-1ac8482a6047@group-8BFBB9838003-FollowerState] INFO  server.RaftServer$Division (RaftServerImpl.java:setRole(299)) - 431497ad-d025-459f-926e-1ac8482a6047@group-8BFBB9838003: changes role from  FOLLOWER to CANDIDATE at term 0 for changeToCandidate
2022-06-11 13:53:32,298 [431497ad-d025-459f-926e-1ac8482a6047@group-8BFBB9838003-FollowerState] INFO  server.RaftServerConfigKeys (ConfUtils.java:logGet(46)) - raft.server.leaderelection.pre-vote = false (custom)
2022-06-11 13:53:32,298 [431497ad-d025-459f-926e-1ac8482a6047@group-8BFBB9838003-FollowerState] INFO  impl.RoleInfo (RoleInfo.java:updateAndGet(139)) - 431497ad-d025-459f-926e-1ac8482a6047: start 431497ad-d025-459f-926e-1ac8482a6047@group-8BFBB9838003-LeaderElection17
2022-06-11 13:53:32,329 [431497ad-d025-459f-926e-1ac8482a6047@group-8BFBB9838003-LeaderElection17] INFO  impl.LeaderElection (LeaderElection.java:askForVotes(310)) - 431497ad-d025-459f-926e-1ac8482a6047@group-8BFBB9838003-LeaderElection17 ELECTION round 0: submit vote requests at term 1 for -1: [431497ad-d025-459f-926e-1ac8482a6047|rpc:10.1.0.23:44869|priority:1], old=null
2022-06-11 13:53:32,329 [431497ad-d025-459f-926e-1ac8482a6047@group-8BFBB9838003-LeaderElection17] INFO  impl.LeaderElection (LeaderElection.java:askForVotes(312)) - 431497ad-d025-459f-926e-1ac8482a6047@group-8BFBB9838003-LeaderElection17 ELECTION round 0: result PASSED (term=1)
2022-06-11 13:53:32,329 [431497ad-d025-459f-926e-1ac8482a6047@group-8BFBB9838003-LeaderElection17] INFO  impl.RoleInfo (RoleInfo.java:shutdownLeaderElection(130)) - 431497ad-d025-459f-926e-1ac8482a6047: shutdown 431497ad-d025-459f-926e-1ac8482a6047@group-8BFBB9838003-LeaderElection17
2022-06-11 13:53:32,330 [431497ad-d025-459f-926e-1ac8482a6047@group-8BFBB9838003-LeaderElection17] INFO  server.RaftServer$Division (RaftServerImpl.java:setRole(299)) - 431497ad-d025-459f-926e-1ac8482a6047@group-8BFBB9838003: changes role from CANDIDATE to LEADER at term 1 for changeToLeader
2022-06-11 13:53:32,330 [431497ad-d025-459f-926e-1ac8482a6047@group-8BFBB9838003-LeaderElection17] INFO  ratis.XceiverServerRatis (XceiverServerRatis.java:handleLeaderChangedNotification(863)) - Leader change notification received for group: group-8BFBB9838003 with new leaderId: 431497ad-d025-459f-926e-1ac8482a6047
2022-06-11 13:53:32,330 [431497ad-d025-459f-926e-1ac8482a6047@group-8BFBB9838003-LeaderElection17] INFO  server.RaftServer$Division (ServerState.java:setLeader(287)) - 431497ad-d025-459f-926e-1ac8482a6047@group-8BFBB9838003: change Leader from null to 431497ad-d025-459f-926e-1ac8482a6047 at term 1 for becomeLeader, leader elected after 5082ms
2022-06-11 13:53:32,330 [431497ad-d025-459f-926e-1ac8482a6047@group-8BFBB9838003-LeaderElection17] INFO  server.RaftServerConfigKeys (ConfUtils.java:logGet(46)) - raft.server.staging.catchup.gap = 1000 (default)
2022-06-11 13:53:32,331 [EventQueue-OpenPipelineForHealthyPipelineSafeModeRule] INFO  safemode.SCMSafeModeManager (HealthyPipelineSafeModeRule.java:process(124)) - SCM in safe mode. Healthy pipelines reported count is 0, required healthy pipeline reported count is 1
2022-06-11 13:53:32,331 [431497ad-d025-459f-926e-1ac8482a6047@group-8BFBB9838003-LeaderElection17] INFO  server.RaftServerConfigKeys (ConfUtils.java:logGet(46)) - raft.server.write.element-limit = 1024 (custom)
2022-06-11 13:53:32,331 [431497ad-d025-459f-926e-1ac8482a6047@group-8BFBB9838003-LeaderElection17] INFO  server.RaftServerConfigKeys (ConfUtils.java:logGet(46)) - raft.server.write.byte-limit = 1024 M (=1073741824) (custom)
2022-06-11 13:53:32,333 [431497ad-d025-459f-926e-1ac8482a6047@group-8BFBB9838003-LeaderElection17] INFO  server.RaftServerConfigKeys (ConfUtils.java:logGet(46)) - raft.server.watch.timeout = 180s (custom)
2022-06-11 13:53:32,333 [431497ad-d025-459f-926e-1ac8482a6047@group-8BFBB9838003-LeaderElection17] INFO  server.RaftServerConfigKeys (ConfUtils.java:logGet(46)) - raft.server.watch.timeout.denomination = 1s (default)
2022-06-11 13:53:32,333 [431497ad-d025-459f-926e-1ac8482a6047@group-8BFBB9838003-LeaderElection17] INFO  server.RaftServerConfigKeys (ConfUtils.java:logGet(46)) - raft.server.watch.element-limit = 65536 (default)
2022-06-11 13:53:32,333 [431497ad-d025-459f-926e-1ac8482a6047@group-8BFBB9838003-LeaderElection17] INFO  server.RaftServerConfigKeys (ConfUtils.java:logGet(46)) - raft.server.write.element-limit = 1024 (custom)
2022-06-11 13:53:32,333 [431497ad-d025-459f-926e-1ac8482a6047@group-8BFBB9838003-LeaderElection17] INFO  server.RaftServerConfigKeys (ConfUtils.java:logGet(46)) - raft.server.write.follower.gap.ratio.max = -1.0 (default)
2022-06-11 13:53:32,333 [431497ad-d025-459f-926e-1ac8482a6047@group-8BFBB9838003-LeaderElection17] INFO  impl.RoleInfo (RoleInfo.java:updateAndGet(139)) - 431497ad-d025-459f-926e-1ac8482a6047: start 431497ad-d025-459f-926e-1ac8482a6047@group-8BFBB9838003-LeaderStateImpl
2022-06-11 13:53:32,334 [431497ad-d025-459f-926e-1ac8482a6047@group-8BFBB9838003-LeaderElection17] INFO  segmented.SegmentedRaftLogWorker (SegmentedRaftLogWorker.java:startLogSegment(425)) - 431497ad-d025-459f-926e-1ac8482a6047@group-8BFBB9838003-SegmentedRaftLogWorker: Starting segment from index:0
2022-06-11 13:53:32,345 [431497ad-d025-459f-926e-1ac8482a6047@group-8BFBB9838003-LeaderElection17] INFO  server.RaftServer$Division (ServerState.java:setRaftConf(393)) - 431497ad-d025-459f-926e-1ac8482a6047@group-8BFBB9838003: set configuration 0: [431497ad-d025-459f-926e-1ac8482a6047|rpc:10.1.0.23:44869|dataStream:|priority:1], old=null
2022-06-11 13:53:32,346 [ReplicationMonitor] INFO  replication.ReplicationManager (ReplicationManager.java:processAll(228)) - Replication Manager is not ready to run until 3000ms after safemode exit
2022-06-11 13:53:32,357 [431497ad-d025-459f-926e-1ac8482a6047@group-8BFBB9838003-SegmentedRaftLogWorker] INFO  segmented.SegmentedRaftLogWorker (SegmentedRaftLogWorker.java:execute(629)) - 431497ad-d025-459f-926e-1ac8482a6047@group-8BFBB9838003-SegmentedRaftLogWorker: created new log segment /home/runner/work/ozone/ozone/hadoop-ozone/integration-test/target/test-dir/MiniOzoneClusterImpl-230799ad-2127-4c70-a2a5-72c033a9677f/datanode-3/data/ratis/fb715111-46f7-4bfe-9e07-8bfbb9838003/current/log_inprogress_0
2022-06-11 13:53:32,391 [Listener at 127.0.0.1/41911] INFO  ozone.MiniOzoneClusterImpl (MiniOzoneClusterImpl.java:lambda$waitForClusterToBeReady$0(221)) - Nodes are ready. Got 5 of 5 DN Heartbeats.
2022-06-11 13:53:32,391 [Listener at 127.0.0.1/41911] INFO  ozone.MiniOzoneClusterImpl (MiniOzoneClusterImpl.java:lambda$waitForClusterToBeReady$0(224)) - Waiting for cluster to exit safe mode
2022-06-11 13:53:32,391 [Listener at 127.0.0.1/41911] INFO  ozone.MiniOzoneClusterImpl (MiniOzoneClusterImpl.java:lambda$waitForClusterToBeReady$0(226)) - SCM became leader
2022-06-11 13:53:33,346 [ReplicationMonitor] INFO  replication.ReplicationManager (ReplicationManager.java:processAll(228)) - Replication Manager is not ready to run until 3000ms after safemode exit
2022-06-11 13:53:33,392 [Listener at 127.0.0.1/41911] INFO  ozone.MiniOzoneClusterImpl (MiniOzoneClusterImpl.java:lambda$waitForClusterToBeReady$0(221)) - Nodes are ready. Got 5 of 5 DN Heartbeats.
2022-06-11 13:53:33,392 [Listener at 127.0.0.1/41911] INFO  ozone.MiniOzoneClusterImpl (MiniOzoneClusterImpl.java:lambda$waitForClusterToBeReady$0(224)) - Waiting for cluster to exit safe mode
2022-06-11 13:53:33,392 [Listener at 127.0.0.1/41911] INFO  ozone.MiniOzoneClusterImpl (MiniOzoneClusterImpl.java:lambda$waitForClusterToBeReady$0(226)) - SCM became leader
2022-06-11 13:53:33,517 [a8298ad5-9b92-4e35-bc53-f44849c6df82@group-8D4263C7E663-FollowerState] INFO  impl.FollowerState (FollowerState.java:run(143)) - a8298ad5-9b92-4e35-bc53-f44849c6df82@group-8D4263C7E663-FollowerState: change to CANDIDATE, lastRpcElapsedTime:5046264427ns, electionTimeout:5040ms
2022-06-11 13:53:33,517 [a8298ad5-9b92-4e35-bc53-f44849c6df82@group-8D4263C7E663-FollowerState] INFO  impl.RoleInfo (RoleInfo.java:shutdownFollowerState(110)) - a8298ad5-9b92-4e35-bc53-f44849c6df82: shutdown a8298ad5-9b92-4e35-bc53-f44849c6df82@group-8D4263C7E663-FollowerState
2022-06-11 13:53:33,517 [a8298ad5-9b92-4e35-bc53-f44849c6df82@group-8D4263C7E663-FollowerState] INFO  server.RaftServer$Division (RaftServerImpl.java:setRole(299)) - a8298ad5-9b92-4e35-bc53-f44849c6df82@group-8D4263C7E663: changes role from  FOLLOWER to CANDIDATE at term 0 for changeToCandidate
2022-06-11 13:53:33,517 [a8298ad5-9b92-4e35-bc53-f44849c6df82@group-8D4263C7E663-FollowerState] INFO  server.RaftServerConfigKeys (ConfUtils.java:logGet(46)) - raft.server.leaderelection.pre-vote = false (custom)
2022-06-11 13:53:33,517 [a8298ad5-9b92-4e35-bc53-f44849c6df82@group-8D4263C7E663-FollowerState] INFO  impl.RoleInfo (RoleInfo.java:updateAndGet(139)) - a8298ad5-9b92-4e35-bc53-f44849c6df82: start a8298ad5-9b92-4e35-bc53-f44849c6df82@group-8D4263C7E663-LeaderElection18
2022-06-11 13:53:33,540 [a8298ad5-9b92-4e35-bc53-f44849c6df82@group-8D4263C7E663-LeaderElection18] INFO  impl.LeaderElection (LeaderElection.java:askForVotes(310)) - a8298ad5-9b92-4e35-bc53-f44849c6df82@group-8D4263C7E663-LeaderElection18 ELECTION round 0: submit vote requests at term 1 for -1: [a8298ad5-9b92-4e35-bc53-f44849c6df82|rpc:10.1.0.23:34095|priority:1], old=null
2022-06-11 13:53:33,541 [a8298ad5-9b92-4e35-bc53-f44849c6df82@group-8D4263C7E663-LeaderElection18] INFO  impl.LeaderElection (LeaderElection.java:askForVotes(312)) - a8298ad5-9b92-4e35-bc53-f44849c6df82@group-8D4263C7E663-LeaderElection18 ELECTION round 0: result PASSED (term=1)
2022-06-11 13:53:33,541 [a8298ad5-9b92-4e35-bc53-f44849c6df82@group-8D4263C7E663-LeaderElection18] INFO  impl.RoleInfo (RoleInfo.java:shutdownLeaderElection(130)) - a8298ad5-9b92-4e35-bc53-f44849c6df82: shutdown a8298ad5-9b92-4e35-bc53-f44849c6df82@group-8D4263C7E663-LeaderElection18
2022-06-11 13:53:33,541 [a8298ad5-9b92-4e35-bc53-f44849c6df82@group-8D4263C7E663-LeaderElection18] INFO  server.RaftServer$Division (RaftServerImpl.java:setRole(299)) - a8298ad5-9b92-4e35-bc53-f44849c6df82@group-8D4263C7E663: changes role from CANDIDATE to LEADER at term 1 for changeToLeader
2022-06-11 13:53:33,541 [a8298ad5-9b92-4e35-bc53-f44849c6df82@group-8D4263C7E663-LeaderElection18] INFO  ratis.XceiverServerRatis (XceiverServerRatis.java:handleLeaderChangedNotification(863)) - Leader change notification received for group: group-8D4263C7E663 with new leaderId: a8298ad5-9b92-4e35-bc53-f44849c6df82
2022-06-11 13:53:33,541 [a8298ad5-9b92-4e35-bc53-f44849c6df82@group-8D4263C7E663-LeaderElection18] INFO  server.RaftServer$Division (ServerState.java:setLeader(287)) - a8298ad5-9b92-4e35-bc53-f44849c6df82@group-8D4263C7E663: change Leader from null to a8298ad5-9b92-4e35-bc53-f44849c6df82 at term 1 for becomeLeader, leader elected after 5098ms
2022-06-11 13:53:33,541 [a8298ad5-9b92-4e35-bc53-f44849c6df82@group-8D4263C7E663-LeaderElection18] INFO  server.RaftServerConfigKeys (ConfUtils.java:logGet(46)) - raft.server.staging.catchup.gap = 1000 (default)
2022-06-11 13:53:33,541 [a8298ad5-9b92-4e35-bc53-f44849c6df82@group-8D4263C7E663-LeaderElection18] INFO  server.RaftServerConfigKeys (ConfUtils.java:logGet(46)) - raft.server.write.element-limit = 1024 (custom)
2022-06-11 13:53:33,541 [a8298ad5-9b92-4e35-bc53-f44849c6df82@group-8D4263C7E663-LeaderElection18] INFO  server.RaftServerConfigKeys (ConfUtils.java:logGet(46)) - raft.server.write.byte-limit = 1024 M (=1073741824) (custom)
2022-06-11 13:53:33,542 [a8298ad5-9b92-4e35-bc53-f44849c6df82@group-8D4263C7E663-LeaderElection18] INFO  server.RaftServerConfigKeys (ConfUtils.java:logGet(46)) - raft.server.watch.timeout = 180s (custom)
2022-06-11 13:53:33,542 [a8298ad5-9b92-4e35-bc53-f44849c6df82@group-8D4263C7E663-LeaderElection18] INFO  server.RaftServerConfigKeys (ConfUtils.java:logGet(46)) - raft.server.watch.timeout.denomination = 1s (default)
2022-06-11 13:53:33,542 [a8298ad5-9b92-4e35-bc53-f44849c6df82@group-8D4263C7E663-LeaderElection18] INFO  server.RaftServerConfigKeys (ConfUtils.java:logGet(46)) - raft.server.watch.element-limit = 65536 (default)
2022-06-11 13:53:33,542 [a8298ad5-9b92-4e35-bc53-f44849c6df82@group-8D4263C7E663-LeaderElection18] INFO  server.RaftServerConfigKeys (ConfUtils.java:logGet(46)) - raft.server.write.element-limit = 1024 (custom)
2022-06-11 13:53:33,542 [a8298ad5-9b92-4e35-bc53-f44849c6df82@group-8D4263C7E663-LeaderElection18] INFO  server.RaftServerConfigKeys (ConfUtils.java:logGet(46)) - raft.server.write.follower.gap.ratio.max = -1.0 (default)
2022-06-11 13:53:33,542 [a8298ad5-9b92-4e35-bc53-f44849c6df82@group-8D4263C7E663-LeaderElection18] INFO  impl.RoleInfo (RoleInfo.java:updateAndGet(139)) - a8298ad5-9b92-4e35-bc53-f44849c6df82: start a8298ad5-9b92-4e35-bc53-f44849c6df82@group-8D4263C7E663-LeaderStateImpl
2022-06-11 13:53:33,542 [a8298ad5-9b92-4e35-bc53-f44849c6df82@group-8D4263C7E663-LeaderElection18] INFO  segmented.SegmentedRaftLogWorker (SegmentedRaftLogWorker.java:startLogSegment(425)) - a8298ad5-9b92-4e35-bc53-f44849c6df82@group-8D4263C7E663-SegmentedRaftLogWorker: Starting segment from index:0
2022-06-11 13:53:33,544 [a8298ad5-9b92-4e35-bc53-f44849c6df82@group-8D4263C7E663-SegmentedRaftLogWorker] INFO  segmented.SegmentedRaftLogWorker (SegmentedRaftLogWorker.java:execute(629)) - a8298ad5-9b92-4e35-bc53-f44849c6df82@group-8D4263C7E663-SegmentedRaftLogWorker: created new log segment /home/runner/work/ozone/ozone/hadoop-ozone/integration-test/target/test-dir/MiniOzoneClusterImpl-230799ad-2127-4c70-a2a5-72c033a9677f/datanode-4/data/ratis/cb32042c-3332-4d4b-8765-8d4263c7e663/current/log_inprogress_0
2022-06-11 13:53:33,564 [EventQueue-OpenPipelineForHealthyPipelineSafeModeRule] INFO  safemode.SCMSafeModeManager (HealthyPipelineSafeModeRule.java:process(124)) - SCM in safe mode. Healthy pipelines reported count is 0, required healthy pipeline reported count is 1
2022-06-11 13:53:33,565 [a8298ad5-9b92-4e35-bc53-f44849c6df82@group-8D4263C7E663-LeaderElection18] INFO  server.RaftServer$Division (ServerState.java:setRaftConf(393)) - a8298ad5-9b92-4e35-bc53-f44849c6df82@group-8D4263C7E663: set configuration 0: [a8298ad5-9b92-4e35-bc53-f44849c6df82|rpc:10.1.0.23:34095|dataStream:|priority:1], old=null
2022-06-11 13:53:34,305 [5620fb3b-0054-439e-9ae8-a9fef5d7add1@group-7155C7F81711-FollowerState] INFO  impl.FollowerState (FollowerState.java:run(143)) - 5620fb3b-0054-439e-9ae8-a9fef5d7add1@group-7155C7F81711-FollowerState: change to CANDIDATE, lastRpcElapsedTime:5011084493ns, electionTimeout:5007ms
2022-06-11 13:53:34,305 [5620fb3b-0054-439e-9ae8-a9fef5d7add1@group-7155C7F81711-FollowerState] INFO  impl.RoleInfo (RoleInfo.java:shutdownFollowerState(110)) - 5620fb3b-0054-439e-9ae8-a9fef5d7add1: shutdown 5620fb3b-0054-439e-9ae8-a9fef5d7add1@group-7155C7F81711-FollowerState
2022-06-11 13:53:34,305 [5620fb3b-0054-439e-9ae8-a9fef5d7add1@group-7155C7F81711-FollowerState] INFO  server.RaftServer$Division (RaftServerImpl.java:setRole(299)) - 5620fb3b-0054-439e-9ae8-a9fef5d7add1@group-7155C7F81711: changes role from  FOLLOWER to CANDIDATE at term 1 for changeToCandidate
2022-06-11 13:53:34,305 [5620fb3b-0054-439e-9ae8-a9fef5d7add1@group-7155C7F81711-FollowerState] INFO  server.RaftServerConfigKeys (ConfUtils.java:logGet(46)) - raft.server.leaderelection.pre-vote = false (custom)
2022-06-11 13:53:34,305 [5620fb3b-0054-439e-9ae8-a9fef5d7add1@group-7155C7F81711-FollowerState] INFO  impl.RoleInfo (RoleInfo.java:updateAndGet(139)) - 5620fb3b-0054-439e-9ae8-a9fef5d7add1: start 5620fb3b-0054-439e-9ae8-a9fef5d7add1@group-7155C7F81711-LeaderElection19
2022-06-11 13:53:34,326 [5620fb3b-0054-439e-9ae8-a9fef5d7add1@group-7155C7F81711-LeaderElection19] INFO  impl.LeaderElection (LeaderElection.java:askForVotes(310)) - 5620fb3b-0054-439e-9ae8-a9fef5d7add1@group-7155C7F81711-LeaderElection19 ELECTION round 0: submit vote requests at term 2 for -1: [16c7fc92-fb06-4eb2-809b-3504c9fb6acd|rpc:10.1.0.23:43953|dataStream:|priority:0, b3e33fbc-e6b1-4451-bbb7-d94529508024|rpc:10.1.0.23:37137|dataStream:|priority:0, 5620fb3b-0054-439e-9ae8-a9fef5d7add1|rpc:10.1.0.23:45561|dataStream:|priority:1], old=null
2022-06-11 13:53:34,346 [ReplicationMonitor] INFO  replication.ReplicationManager (ReplicationManager.java:processAll(228)) - Replication Manager is not ready to run until 3000ms after safemode exit
2022-06-11 13:53:34,369 [16c7fc92-fb06-4eb2-809b-3504c9fb6acd@group-7155C7F81711-FollowerState] INFO  impl.FollowerState (FollowerState.java:run(143)) - 16c7fc92-fb06-4eb2-809b-3504c9fb6acd@group-7155C7F81711-FollowerState: change to CANDIDATE, lastRpcElapsedTime:5067421818ns, electionTimeout:5051ms
2022-06-11 13:53:34,369 [16c7fc92-fb06-4eb2-809b-3504c9fb6acd@group-7155C7F81711-FollowerState] INFO  impl.RoleInfo (RoleInfo.java:shutdownFollowerState(110)) - 16c7fc92-fb06-4eb2-809b-3504c9fb6acd: shutdown 16c7fc92-fb06-4eb2-809b-3504c9fb6acd@group-7155C7F81711-FollowerState
2022-06-11 13:53:34,369 [16c7fc92-fb06-4eb2-809b-3504c9fb6acd@group-7155C7F81711-FollowerState] INFO  server.RaftServer$Division (RaftServerImpl.java:setRole(299)) - 16c7fc92-fb06-4eb2-809b-3504c9fb6acd@group-7155C7F81711: changes role from  FOLLOWER to CANDIDATE at term 1 for changeToCandidate
2022-06-11 13:53:34,369 [16c7fc92-fb06-4eb2-809b-3504c9fb6acd@group-7155C7F81711-FollowerState] INFO  server.RaftServerConfigKeys (ConfUtils.java:logGet(46)) - raft.server.leaderelection.pre-vote = false (custom)
2022-06-11 13:53:34,369 [16c7fc92-fb06-4eb2-809b-3504c9fb6acd@group-7155C7F81711-FollowerState] INFO  impl.RoleInfo (RoleInfo.java:updateAndGet(139)) - 16c7fc92-fb06-4eb2-809b-3504c9fb6acd: start 16c7fc92-fb06-4eb2-809b-3504c9fb6acd@group-7155C7F81711-LeaderElection20
2022-06-11 13:53:34,388 [b3e33fbc-e6b1-4451-bbb7-d94529508024@group-7155C7F81711-FollowerState] INFO  impl.FollowerState (FollowerState.java:run(143)) - b3e33fbc-e6b1-4451-bbb7-d94529508024@group-7155C7F81711-FollowerState: change to CANDIDATE, lastRpcElapsedTime:5079311228ns, electionTimeout:5054ms
2022-06-11 13:53:34,388 [grpc-default-executor-4] INFO  server.RaftServer$Division (RaftServerImpl.java:requestVote(1152)) - 16c7fc92-fb06-4eb2-809b-3504c9fb6acd@group-7155C7F81711: receive requestVote(ELECTION, 5620fb3b-0054-439e-9ae8-a9fef5d7add1, group-7155C7F81711, 2, (t:0, i:0))
2022-06-11 13:53:34,389 [grpc-default-executor-4] INFO  impl.VoteContext (VoteContext.java:log(48)) - 16c7fc92-fb06-4eb2-809b-3504c9fb6acd@group-7155C7F81711-CANDIDATE: accept ELECTION from 5620fb3b-0054-439e-9ae8-a9fef5d7add1: our priority 0 <= candidate's priority 1
2022-06-11 13:53:34,389 [b3e33fbc-e6b1-4451-bbb7-d94529508024@group-7155C7F81711-FollowerState] INFO  impl.RoleInfo (RoleInfo.java:shutdownFollowerState(110)) - b3e33fbc-e6b1-4451-bbb7-d94529508024: shutdown b3e33fbc-e6b1-4451-bbb7-d94529508024@group-7155C7F81711-FollowerState
2022-06-11 13:53:34,389 [grpc-default-executor-4] INFO  server.RaftServer$Division (RaftServerImpl.java:setRole(299)) - 16c7fc92-fb06-4eb2-809b-3504c9fb6acd@group-7155C7F81711: changes role from CANDIDATE to FOLLOWER at term 2 for candidate:5620fb3b-0054-439e-9ae8-a9fef5d7add1
2022-06-11 13:53:34,389 [grpc-default-executor-4] INFO  impl.RoleInfo (RoleInfo.java:shutdownLeaderElection(130)) - 16c7fc92-fb06-4eb2-809b-3504c9fb6acd: shutdown 16c7fc92-fb06-4eb2-809b-3504c9fb6acd@group-7155C7F81711-LeaderElection20
2022-06-11 13:53:34,389 [grpc-default-executor-4] INFO  impl.RoleInfo (RoleInfo.java:updateAndGet(139)) - 16c7fc92-fb06-4eb2-809b-3504c9fb6acd: start 16c7fc92-fb06-4eb2-809b-3504c9fb6acd@group-7155C7F81711-FollowerState
2022-06-11 13:53:34,389 [b3e33fbc-e6b1-4451-bbb7-d94529508024@group-7155C7F81711-FollowerState] INFO  server.RaftServer$Division (RaftServerImpl.java:setRole(299)) - b3e33fbc-e6b1-4451-bbb7-d94529508024@group-7155C7F81711: changes role from  FOLLOWER to CANDIDATE at term 1 for changeToCandidate
2022-06-11 13:53:34,392 [Listener at 127.0.0.1/41911] INFO  ozone.MiniOzoneClusterImpl (MiniOzoneClusterImpl.java:lambda$waitForClusterToBeReady$0(221)) - Nodes are ready. Got 5 of 5 DN Heartbeats.
2022-06-11 13:53:34,392 [Listener at 127.0.0.1/41911] INFO  ozone.MiniOzoneClusterImpl (MiniOzoneClusterImpl.java:lambda$waitForClusterToBeReady$0(224)) - Waiting for cluster to exit safe mode
2022-06-11 13:53:34,392 [Listener at 127.0.0.1/41911] INFO  ozone.MiniOzoneClusterImpl (MiniOzoneClusterImpl.java:lambda$waitForClusterToBeReady$0(226)) - SCM became leader
2022-06-11 13:53:34,396 [grpc-default-executor-4] INFO  server.RaftServer$Division (RaftServerImpl.java:requestVote(1184)) - 16c7fc92-fb06-4eb2-809b-3504c9fb6acd@group-7155C7F81711 replies to ELECTION vote request: 5620fb3b-0054-439e-9ae8-a9fef5d7add1<-16c7fc92-fb06-4eb2-809b-3504c9fb6acd#0:OK-t2. Peer's state: 16c7fc92-fb06-4eb2-809b-3504c9fb6acd@group-7155C7F81711:t2, leader=null, voted=5620fb3b-0054-439e-9ae8-a9fef5d7add1, raftlog=16c7fc92-fb06-4eb2-809b-3504c9fb6acd@group-7155C7F81711-SegmentedRaftLog:OPENED:c-1, conf=-1: [16c7fc92-fb06-4eb2-809b-3504c9fb6acd|rpc:10.1.0.23:43953|priority:0, b3e33fbc-e6b1-4451-bbb7-d94529508024|rpc:10.1.0.23:37137|priority:0, 5620fb3b-0054-439e-9ae8-a9fef5d7add1|rpc:10.1.0.23:45561|priority:1], old=null
2022-06-11 13:53:34,401 [16c7fc92-fb06-4eb2-809b-3504c9fb6acd@group-7155C7F81711-LeaderElection20] INFO  impl.LeaderElection (LeaderElection.java:run(231)) - 16c7fc92-fb06-4eb2-809b-3504c9fb6acd@group-7155C7F81711-LeaderElection20: skip running since this is already CLOSING
2022-06-11 13:53:34,410 [b3e33fbc-e6b1-4451-bbb7-d94529508024@group-7155C7F81711-FollowerState] INFO  server.RaftServerConfigKeys (ConfUtils.java:logGet(46)) - raft.server.leaderelection.pre-vote = false (custom)
2022-06-11 13:53:34,411 [b3e33fbc-e6b1-4451-bbb7-d94529508024@group-7155C7F81711-FollowerState] INFO  impl.RoleInfo (RoleInfo.java:updateAndGet(139)) - b3e33fbc-e6b1-4451-bbb7-d94529508024: start b3e33fbc-e6b1-4451-bbb7-d94529508024@group-7155C7F81711-LeaderElection21
2022-06-11 13:53:34,435 [b3e33fbc-e6b1-4451-bbb7-d94529508024@group-7155C7F81711-LeaderElection21] INFO  impl.LeaderElection (LeaderElection.java:askForVotes(310)) - b3e33fbc-e6b1-4451-bbb7-d94529508024@group-7155C7F81711-LeaderElection21 ELECTION round 0: submit vote requests at term 2 for -1: [16c7fc92-fb06-4eb2-809b-3504c9fb6acd|rpc:10.1.0.23:43953|dataStream:|priority:0, b3e33fbc-e6b1-4451-bbb7-d94529508024|rpc:10.1.0.23:37137|dataStream:|priority:0, 5620fb3b-0054-439e-9ae8-a9fef5d7add1|rpc:10.1.0.23:45561|dataStream:|priority:1], old=null
2022-06-11 13:53:34,448 [5620fb3b-0054-439e-9ae8-a9fef5d7add1@group-7155C7F81711-LeaderElection19] INFO  impl.LeaderElection (LeaderElection.java:logAndReturn(90)) - 5620fb3b-0054-439e-9ae8-a9fef5d7add1@group-7155C7F81711-LeaderElection19: ELECTION PASSED received 1 response(s) and 0 exception(s):
2022-06-11 13:53:34,448 [5620fb3b-0054-439e-9ae8-a9fef5d7add1@group-7155C7F81711-LeaderElection19] INFO  impl.LeaderElection (LeaderElection.java:logAndReturn(94)) -   Response 0: 5620fb3b-0054-439e-9ae8-a9fef5d7add1<-16c7fc92-fb06-4eb2-809b-3504c9fb6acd#0:OK-t2
2022-06-11 13:53:34,448 [5620fb3b-0054-439e-9ae8-a9fef5d7add1@group-7155C7F81711-LeaderElection19] INFO  impl.LeaderElection (LeaderElection.java:askForVotes(312)) - 5620fb3b-0054-439e-9ae8-a9fef5d7add1@group-7155C7F81711-LeaderElection19 ELECTION round 0: result PASSED
2022-06-11 13:53:34,448 [5620fb3b-0054-439e-9ae8-a9fef5d7add1@group-7155C7F81711-LeaderElection19] INFO  impl.RoleInfo (RoleInfo.java:shutdownLeaderElection(130)) - 5620fb3b-0054-439e-9ae8-a9fef5d7add1: shutdown 5620fb3b-0054-439e-9ae8-a9fef5d7add1@group-7155C7F81711-LeaderElection19
2022-06-11 13:53:34,449 [5620fb3b-0054-439e-9ae8-a9fef5d7add1@group-7155C7F81711-LeaderElection19] INFO  server.RaftServer$Division (RaftServerImpl.java:setRole(299)) - 5620fb3b-0054-439e-9ae8-a9fef5d7add1@group-7155C7F81711: changes role from CANDIDATE to LEADER at term 2 for changeToLeader
2022-06-11 13:53:34,449 [5620fb3b-0054-439e-9ae8-a9fef5d7add1@group-7155C7F81711-LeaderElection19] INFO  ratis.XceiverServerRatis (XceiverServerRatis.java:handleLeaderChangedNotification(863)) - Leader change notification received for group: group-7155C7F81711 with new leaderId: 5620fb3b-0054-439e-9ae8-a9fef5d7add1
2022-06-11 13:53:34,449 [5620fb3b-0054-439e-9ae8-a9fef5d7add1@group-7155C7F81711-LeaderElection19] INFO  server.RaftServer$Division (ServerState.java:setLeader(287)) - 5620fb3b-0054-439e-9ae8-a9fef5d7add1@group-7155C7F81711: change Leader from null to 5620fb3b-0054-439e-9ae8-a9fef5d7add1 at term 2 for becomeLeader, leader elected after 10000ms
2022-06-11 13:53:34,449 [5620fb3b-0054-439e-9ae8-a9fef5d7add1@group-7155C7F81711-LeaderElection19] INFO  server.RaftServerConfigKeys (ConfUtils.java:logGet(46)) - raft.server.staging.catchup.gap = 1000 (default)
2022-06-11 13:53:34,449 [5620fb3b-0054-439e-9ae8-a9fef5d7add1@group-7155C7F81711-LeaderElection19] INFO  server.RaftServerConfigKeys (ConfUtils.java:logGet(46)) - raft.server.write.element-limit = 1024 (custom)
2022-06-11 13:53:34,449 [5620fb3b-0054-439e-9ae8-a9fef5d7add1@group-7155C7F81711-LeaderElection19] INFO  server.RaftServerConfigKeys (ConfUtils.java:logGet(46)) - raft.server.write.byte-limit = 1024 M (=1073741824) (custom)
2022-06-11 13:53:34,453 [grpc-default-executor-4] INFO  server.RaftServer$Division (RaftServerImpl.java:requestVote(1152)) - b3e33fbc-e6b1-4451-bbb7-d94529508024@group-7155C7F81711: receive requestVote(ELECTION, 5620fb3b-0054-439e-9ae8-a9fef5d7add1, group-7155C7F81711, 2, (t:0, i:0))
2022-06-11 13:53:34,464 [grpc-default-executor-4] INFO  impl.VoteContext (VoteContext.java:log(48)) - b3e33fbc-e6b1-4451-bbb7-d94529508024@group-7155C7F81711-CANDIDATE: reject ELECTION from 5620fb3b-0054-439e-9ae8-a9fef5d7add1: already has voted for b3e33fbc-e6b1-4451-bbb7-d94529508024 at current term 2
2022-06-11 13:53:34,464 [grpc-default-executor-4] INFO  server.RaftServer$Division (RaftServerImpl.java:requestVote(1184)) - b3e33fbc-e6b1-4451-bbb7-d94529508024@group-7155C7F81711 replies to ELECTION vote request: 5620fb3b-0054-439e-9ae8-a9fef5d7add1<-b3e33fbc-e6b1-4451-bbb7-d94529508024#0:FAIL-t2. Peer's state: b3e33fbc-e6b1-4451-bbb7-d94529508024@group-7155C7F81711:t2, leader=null, voted=b3e33fbc-e6b1-4451-bbb7-d94529508024, raftlog=b3e33fbc-e6b1-4451-bbb7-d94529508024@group-7155C7F81711-SegmentedRaftLog:OPENED:c-1, conf=-1: [16c7fc92-fb06-4eb2-809b-3504c9fb6acd|rpc:10.1.0.23:43953|dataStream:|priority:0, b3e33fbc-e6b1-4451-bbb7-d94529508024|rpc:10.1.0.23:37137|dataStream:|priority:0, 5620fb3b-0054-439e-9ae8-a9fef5d7add1|rpc:10.1.0.23:45561|dataStream:|priority:1], old=null
2022-06-11 13:53:34,454 [5620fb3b-0054-439e-9ae8-a9fef5d7add1@group-7155C7F81711-LeaderElection19] INFO  server.RaftServerConfigKeys (ConfUtils.java:logGet(46)) - raft.server.watch.timeout = 180s (custom)
2022-06-11 13:53:34,465 [5620fb3b-0054-439e-9ae8-a9fef5d7add1@group-7155C7F81711-LeaderElection19] INFO  server.RaftServerConfigKeys (ConfUtils.java:logGet(46)) - raft.server.watch.timeout.denomination = 1s (default)
2022-06-11 13:53:34,465 [5620fb3b-0054-439e-9ae8-a9fef5d7add1@group-7155C7F81711-LeaderElection19] INFO  server.RaftServerConfigKeys (ConfUtils.java:logGet(46)) - raft.server.watch.element-limit = 65536 (default)
2022-06-11 13:53:34,465 [5620fb3b-0054-439e-9ae8-a9fef5d7add1@group-7155C7F81711-LeaderElection19] INFO  server.RaftServerConfigKeys (ConfUtils.java:logGet(46)) - raft.server.write.element-limit = 1024 (custom)
2022-06-11 13:53:34,465 [5620fb3b-0054-439e-9ae8-a9fef5d7add1@group-7155C7F81711-LeaderElection19] INFO  server.RaftServerConfigKeys (ConfUtils.java:logGet(46)) - raft.server.write.follower.gap.ratio.max = -1.0 (default)
2022-06-11 13:53:34,465 [5620fb3b-0054-439e-9ae8-a9fef5d7add1@group-7155C7F81711-LeaderElection19] INFO  server.RaftServerConfigKeys (ConfUtils.java:logGet(46)) - raft.server.log.appender.snapshot.chunk.size.max = 16MB (=16777216) (default)
2022-06-11 13:53:34,466 [5620fb3b-0054-439e-9ae8-a9fef5d7add1@group-7155C7F81711-LeaderElection19] INFO  server.RaftServerConfigKeys (ConfUtils.java:logGet(46)) - raft.server.log.appender.buffer.byte-limit = 33554432 (custom)
2022-06-11 13:53:34,466 [5620fb3b-0054-439e-9ae8-a9fef5d7add1@group-7155C7F81711-LeaderElection19] INFO  server.RaftServerConfigKeys (ConfUtils.java:logGet(46)) - raft.server.log.appender.buffer.element-limit = 1 (custom)
2022-06-11 13:53:34,466 [5620fb3b-0054-439e-9ae8-a9fef5d7add1@group-7155C7F81711-LeaderElection19] INFO  grpc.GrpcConfigKeys (ConfUtils.java:logGet(46)) - raft.grpc.server.leader.outstanding.appends.max = 128 (default)
2022-06-11 13:53:34,466 [5620fb3b-0054-439e-9ae8-a9fef5d7add1@group-7155C7F81711-LeaderElection19] INFO  server.RaftServerConfigKeys (ConfUtils.java:logGet(46)) - raft.server.rpc.request.timeout = 60s (custom)
2022-06-11 13:53:34,466 [5620fb3b-0054-439e-9ae8-a9fef5d7add1@group-7155C7F81711-LeaderElection19] INFO  server.RaftServerConfigKeys (ConfUtils.java:logGet(46)) - raft.server.log.appender.install.snapshot.enabled = false (custom)
2022-06-11 13:53:34,467 [5620fb3b-0054-439e-9ae8-a9fef5d7add1@group-7155C7F81711-LeaderElection19] INFO  server.RaftServerConfigKeys (ConfUtils.java:logGet(46)) - raft.server.log.appender.snapshot.chunk.size.max = 16MB (=16777216) (default)
2022-06-11 13:53:34,467 [5620fb3b-0054-439e-9ae8-a9fef5d7add1@group-7155C7F81711-LeaderElection19] INFO  server.RaftServerConfigKeys (ConfUtils.java:logGet(46)) - raft.server.log.appender.buffer.byte-limit = 33554432 (custom)
2022-06-11 13:53:34,467 [5620fb3b-0054-439e-9ae8-a9fef5d7add1@group-7155C7F81711-LeaderElection19] INFO  server.RaftServerConfigKeys (ConfUtils.java:logGet(46)) - raft.server.log.appender.buffer.element-limit = 1 (custom)
2022-06-11 13:53:34,467 [5620fb3b-0054-439e-9ae8-a9fef5d7add1@group-7155C7F81711-LeaderElection19] INFO  grpc.GrpcConfigKeys (ConfUtils.java:logGet(46)) - raft.grpc.server.leader.outstanding.appends.max = 128 (default)
2022-06-11 13:53:34,467 [5620fb3b-0054-439e-9ae8-a9fef5d7add1@group-7155C7F81711-LeaderElection19] INFO  server.RaftServerConfigKeys (ConfUtils.java:logGet(46)) - raft.server.rpc.request.timeout = 60s (custom)
2022-06-11 13:53:34,467 [5620fb3b-0054-439e-9ae8-a9fef5d7add1@group-7155C7F81711-LeaderElection19] INFO  server.RaftServerConfigKeys (ConfUtils.java:logGet(46)) - raft.server.log.appender.install.snapshot.enabled = false (custom)
2022-06-11 13:53:34,467 [5620fb3b-0054-439e-9ae8-a9fef5d7add1@group-7155C7F81711-LeaderElection19] INFO  impl.RoleInfo (RoleInfo.java:updateAndGet(139)) - 5620fb3b-0054-439e-9ae8-a9fef5d7add1: start 5620fb3b-0054-439e-9ae8-a9fef5d7add1@group-7155C7F81711-LeaderStateImpl
2022-06-11 13:53:34,468 [5620fb3b-0054-439e-9ae8-a9fef5d7add1@group-7155C7F81711-LeaderElection19] INFO  segmented.SegmentedRaftLogWorker (SegmentedRaftLogWorker.java:startLogSegment(425)) - 5620fb3b-0054-439e-9ae8-a9fef5d7add1@group-7155C7F81711-SegmentedRaftLogWorker: Starting segment from index:0
2022-06-11 13:53:34,469 [5620fb3b-0054-439e-9ae8-a9fef5d7add1@group-7155C7F81711-SegmentedRaftLogWorker] INFO  segmented.SegmentedRaftLogWorker (SegmentedRaftLogWorker.java:execute(629)) - 5620fb3b-0054-439e-9ae8-a9fef5d7add1@group-7155C7F81711-SegmentedRaftLogWorker: created new log segment /home/runner/work/ozone/ozone/hadoop-ozone/integration-test/target/test-dir/MiniOzoneClusterImpl-230799ad-2127-4c70-a2a5-72c033a9677f/datanode-1/data/ratis/59a554f3-8ff7-4989-92b5-7155c7f81711/current/log_inprogress_0
2022-06-11 13:53:34,503 [EventQueue-PipelineReportForPipelineReportHandler] INFO  pipeline.PipelineManagerImpl (PipelineManagerImpl.java:openPipeline(356)) - Pipeline Pipeline[ Id: 59a554f3-8ff7-4989-92b5-7155c7f81711, Nodes: b3e33fbc-e6b1-4451-bbb7-d94529508024{ip: 10.1.0.23, host: fv-az395-686.zfmzfyrfkyou3ow0tsr0jxwq1e.bx.internal.cloudapp.net, ports: [REPLICATION=42175, RATIS=37137, RATIS_ADMIN=37137, RATIS_SERVER=37137, STANDALONE=33363], networkLocation: /default-rack, certSerialId: null, persistedOpState: IN_SERVICE, persistedOpStateExpiryEpochSec: 0}5620fb3b-0054-439e-9ae8-a9fef5d7add1{ip: 10.1.0.23, host: fv-az395-686.zfmzfyrfkyou3ow0tsr0jxwq1e.bx.internal.cloudapp.net, ports: [REPLICATION=45559, RATIS=45561, RATIS_ADMIN=45561, RATIS_SERVER=45561, STANDALONE=36393], networkLocation: /default-rack, certSerialId: null, persistedOpState: IN_SERVICE, persistedOpStateExpiryEpochSec: 0}16c7fc92-fb06-4eb2-809b-3504c9fb6acd{ip: 10.1.0.23, host: fv-az395-686.zfmzfyrfkyou3ow0tsr0jxwq1e.bx.internal.cloudapp.net, ports: [REPLICATION=42241, RATIS=43953, RATIS_ADMIN=43953, RATIS_SERVER=43953, STANDALONE=35909], networkLocation: /default-rack, certSerialId: null, persistedOpState: IN_SERVICE, persistedOpStateExpiryEpochSec: 0}, ReplicationConfig: RATIS/THREE, State:ALLOCATED, leaderId:5620fb3b-0054-439e-9ae8-a9fef5d7add1, CreationTimestamp2022-06-11T13:53:23.140Z[Etc/UTC]] moved to OPEN state
2022-06-11 13:53:34,504 [EventQueue-OpenPipelineForHealthyPipelineSafeModeRule] INFO  safemode.SCMSafeModeManager (HealthyPipelineSafeModeRule.java:process(124)) - SCM in safe mode. Healthy pipelines reported count is 1, required healthy pipeline reported count is 1
2022-06-11 13:53:34,504 [EventQueue-OpenPipelineForHealthyPipelineSafeModeRule] INFO  safemode.SCMSafeModeManager (SCMSafeModeManager.java:validateSafeModeExitRules(204)) - HealthyPipelineSafeModeRule rule is successfully validated
2022-06-11 13:53:34,504 [EventQueue-OpenPipelineForHealthyPipelineSafeModeRule] INFO  safemode.SCMSafeModeManager (SCMSafeModeManager.java:validateSafeModeExitRules(219)) - ScmSafeModeManager, all rules are successfully validated
2022-06-11 13:53:34,504 [EventQueue-OpenPipelineForHealthyPipelineSafeModeRule] INFO  safemode.SCMSafeModeManager (SCMSafeModeManager.java:exitSafeMode(248)) - SCM exiting safe mode.
2022-06-11 13:53:34,504 [EventQueue-OpenPipelineForHealthyPipelineSafeModeRule] WARN  events.EventQueue (EventQueue.java:fireEvent(194)) - No event handler registered for event TypedEvent{payloadType=SafeModeStatus, name='Safe mode status'}
2022-06-11 13:53:34,504 [EventQueue-OpenPipelineForHealthyPipelineSafeModeRule] INFO  ha.SCMContext (SCMContext.java:updateSafeModeStatus(228)) - Update SafeModeStatus from SafeModeStatus{safeModeStatus=true, preCheckPassed=true} to SafeModeStatus{safeModeStatus=false, preCheckPassed=true}.
2022-06-11 13:53:34,504 [EventQueue-OpenPipelineForHealthyPipelineSafeModeRule] INFO  pipeline.BackgroundPipelineCreator (BackgroundPipelineCreator.java:notifyStatusChanged(251)) - Service BackgroundPipelineCreator transitions to RUNNING.
2022-06-11 13:53:34,504 [EventQueue-OpenPipelineForHealthyPipelineSafeModeRule] INFO  BackgroundPipelineScrubber (BackgroundSCMService.java:notifyStatusChanged(82)) - Service BackgroundPipelineScrubber transitions to RUNNING.
2022-06-11 13:53:34,504 [EventQueue-OpenPipelineForHealthyPipelineSafeModeRule] INFO  ExpiredContainerReplicaOpScrubber (BackgroundSCMService.java:notifyStatusChanged(82)) - Service ExpiredContainerReplicaOpScrubber transitions to RUNNING.
2022-06-11 13:53:34,504 [EventQueue-OpenPipelineForHealthyPipelineSafeModeRule] INFO  replication.ReplicationManager (ReplicationManager.java:notifyStatusChanged(372)) - Service ReplicationManager transitions to RUNNING.
2022-06-11 13:53:34,504 [EventQueue-OpenPipelineForHealthyPipelineSafeModeRule] WARN  balancer.ContainerBalancer (ContainerBalancer.java:shouldRun(875)) - Could not find persisted configuration for ContainerBalancer when checking if ContainerBalancer should run. ContainerBalancer should not run now.
2022-06-11 13:53:34,513 [5620fb3b-0054-439e-9ae8-a9fef5d7add1@group-7155C7F81711-LeaderElection19] INFO  server.RaftServer$Division (ServerState.java:setRaftConf(393)) - 5620fb3b-0054-439e-9ae8-a9fef5d7add1@group-7155C7F81711: set configuration 0: [16c7fc92-fb06-4eb2-809b-3504c9fb6acd|rpc:10.1.0.23:43953|dataStream:|priority:0, b3e33fbc-e6b1-4451-bbb7-d94529508024|rpc:10.1.0.23:37137|dataStream:|priority:0, 5620fb3b-0054-439e-9ae8-a9fef5d7add1|rpc:10.1.0.23:45561|dataStream:|priority:1], old=null
2022-06-11 13:53:34,540 [grpc-default-executor-1] INFO  server.RaftServer$Division (RaftServerImpl.java:requestVote(1152)) - 16c7fc92-fb06-4eb2-809b-3504c9fb6acd@group-7155C7F81711: receive requestVote(ELECTION, b3e33fbc-e6b1-4451-bbb7-d94529508024, group-7155C7F81711, 2, (t:0, i:0))
2022-06-11 13:53:34,540 [grpc-default-executor-1] INFO  impl.VoteContext (VoteContext.java:log(48)) - 16c7fc92-fb06-4eb2-809b-3504c9fb6acd@group-7155C7F81711-FOLLOWER: reject ELECTION from b3e33fbc-e6b1-4451-bbb7-d94529508024: already has voted for 5620fb3b-0054-439e-9ae8-a9fef5d7add1 at current term 2
2022-06-11 13:53:34,540 [grpc-default-executor-1] INFO  server.RaftServer$Division (RaftServerImpl.java:requestVote(1184)) - 16c7fc92-fb06-4eb2-809b-3504c9fb6acd@group-7155C7F81711 replies to ELECTION vote request: b3e33fbc-e6b1-4451-bbb7-d94529508024<-16c7fc92-fb06-4eb2-809b-3504c9fb6acd#0:FAIL-t2. Peer's state: 16c7fc92-fb06-4eb2-809b-3504c9fb6acd@group-7155C7F81711:t2, leader=null, voted=5620fb3b-0054-439e-9ae8-a9fef5d7add1, raftlog=16c7fc92-fb06-4eb2-809b-3504c9fb6acd@group-7155C7F81711-SegmentedRaftLog:OPENED:c-1, conf=-1: [16c7fc92-fb06-4eb2-809b-3504c9fb6acd|rpc:10.1.0.23:43953|priority:0, b3e33fbc-e6b1-4451-bbb7-d94529508024|rpc:10.1.0.23:37137|priority:0, 5620fb3b-0054-439e-9ae8-a9fef5d7add1|rpc:10.1.0.23:45561|priority:1], old=null
2022-06-11 13:53:34,553 [grpc-default-executor-1] INFO  server.RaftServer$Division (RaftServerImpl.java:requestVote(1152)) - 5620fb3b-0054-439e-9ae8-a9fef5d7add1@group-7155C7F81711: receive requestVote(ELECTION, b3e33fbc-e6b1-4451-bbb7-d94529508024, group-7155C7F81711, 2, (t:0, i:0))
2022-06-11 13:53:34,556 [grpc-default-executor-1] INFO  impl.VoteContext (VoteContext.java:log(48)) - 5620fb3b-0054-439e-9ae8-a9fef5d7add1@group-7155C7F81711-LEADER: reject ELECTION from b3e33fbc-e6b1-4451-bbb7-d94529508024: already has voted for 5620fb3b-0054-439e-9ae8-a9fef5d7add1 at current term 2
2022-06-11 13:53:34,557 [grpc-default-executor-1] INFO  server.RaftServer$Division (RaftServerImpl.java:requestVote(1184)) - 5620fb3b-0054-439e-9ae8-a9fef5d7add1@group-7155C7F81711 replies to ELECTION vote request: b3e33fbc-e6b1-4451-bbb7-d94529508024<-5620fb3b-0054-439e-9ae8-a9fef5d7add1#0:FAIL-t2. Peer's state: 5620fb3b-0054-439e-9ae8-a9fef5d7add1@group-7155C7F81711:t2, leader=5620fb3b-0054-439e-9ae8-a9fef5d7add1, voted=5620fb3b-0054-439e-9ae8-a9fef5d7add1, raftlog=5620fb3b-0054-439e-9ae8-a9fef5d7add1@group-7155C7F81711-SegmentedRaftLog:OPENED:c0, conf=0: [16c7fc92-fb06-4eb2-809b-3504c9fb6acd|rpc:10.1.0.23:43953|dataStream:|priority:0, b3e33fbc-e6b1-4451-bbb7-d94529508024|rpc:10.1.0.23:37137|dataStream:|priority:0, 5620fb3b-0054-439e-9ae8-a9fef5d7add1|rpc:10.1.0.23:45561|dataStream:|priority:1], old=null
2022-06-11 13:53:34,557 [16c7fc92-fb06-4eb2-809b-3504c9fb6acd-server-thread1] INFO  ratis.XceiverServerRatis (XceiverServerRatis.java:handleLeaderChangedNotification(863)) - Leader change notification received for group: group-7155C7F81711 with new leaderId: 5620fb3b-0054-439e-9ae8-a9fef5d7add1
2022-06-11 13:53:34,558 [16c7fc92-fb06-4eb2-809b-3504c9fb6acd-server-thread1] INFO  server.RaftServer$Division (ServerState.java:setLeader(287)) - 16c7fc92-fb06-4eb2-809b-3504c9fb6acd@group-7155C7F81711: change Leader from null to 5620fb3b-0054-439e-9ae8-a9fef5d7add1 at term 2 for appendEntries, leader elected after 10394ms
2022-06-11 13:53:34,590 [b3e33fbc-e6b1-4451-bbb7-d94529508024@group-7155C7F81711-LeaderElection21] INFO  impl.LeaderElection (LeaderElection.java:logAndReturn(90)) - b3e33fbc-e6b1-4451-bbb7-d94529508024@group-7155C7F81711-LeaderElection21: ELECTION REJECTED received 2 response(s) and 0 exception(s):
2022-06-11 13:53:34,590 [b3e33fbc-e6b1-4451-bbb7-d94529508024@group-7155C7F81711-LeaderElection21] INFO  impl.LeaderElection (LeaderElection.java:logAndReturn(94)) -   Response 0: b3e33fbc-e6b1-4451-bbb7-d94529508024<-16c7fc92-fb06-4eb2-809b-3504c9fb6acd#0:FAIL-t2
2022-06-11 13:53:34,590 [b3e33fbc-e6b1-4451-bbb7-d94529508024@group-7155C7F81711-LeaderElection21] INFO  impl.LeaderElection (LeaderElection.java:logAndReturn(94)) -   Response 1: b3e33fbc-e6b1-4451-bbb7-d94529508024<-5620fb3b-0054-439e-9ae8-a9fef5d7add1#0:FAIL-t2
2022-06-11 13:53:34,590 [b3e33fbc-e6b1-4451-bbb7-d94529508024@group-7155C7F81711-LeaderElection21] INFO  impl.LeaderElection (LeaderElection.java:askForVotes(312)) - b3e33fbc-e6b1-4451-bbb7-d94529508024@group-7155C7F81711-LeaderElection21 ELECTION round 0: result REJECTED
2022-06-11 13:53:34,590 [b3e33fbc-e6b1-4451-bbb7-d94529508024@group-7155C7F81711-LeaderElection21] INFO  server.RaftServer$Division (RaftServerImpl.java:setRole(299)) - b3e33fbc-e6b1-4451-bbb7-d94529508024@group-7155C7F81711: changes role from CANDIDATE to FOLLOWER at term 2 for REJECTED
2022-06-11 13:53:34,590 [b3e33fbc-e6b1-4451-bbb7-d94529508024@group-7155C7F81711-LeaderElection21] INFO  impl.RoleInfo (RoleInfo.java:shutdownLeaderElection(130)) - b3e33fbc-e6b1-4451-bbb7-d94529508024: shutdown b3e33fbc-e6b1-4451-bbb7-d94529508024@group-7155C7F81711-LeaderElection21
2022-06-11 13:53:34,590 [b3e33fbc-e6b1-4451-bbb7-d94529508024@group-7155C7F81711-LeaderElection21] INFO  impl.RoleInfo (RoleInfo.java:updateAndGet(139)) - b3e33fbc-e6b1-4451-bbb7-d94529508024: start b3e33fbc-e6b1-4451-bbb7-d94529508024@group-7155C7F81711-FollowerState
2022-06-11 13:53:34,592 [b3e33fbc-e6b1-4451-bbb7-d94529508024-server-thread1] INFO  ratis.XceiverServerRatis (XceiverServerRatis.java:handleLeaderChangedNotification(863)) - Leader change notification received for group: group-7155C7F81711 with new leaderId: 5620fb3b-0054-439e-9ae8-a9fef5d7add1
2022-06-11 13:53:34,592 [b3e33fbc-e6b1-4451-bbb7-d94529508024-server-thread1] INFO  server.RaftServer$Division (ServerState.java:setLeader(287)) - b3e33fbc-e6b1-4451-bbb7-d94529508024@group-7155C7F81711: change Leader from null to 5620fb3b-0054-439e-9ae8-a9fef5d7add1 at term 2 for appendEntries, leader elected after 10288ms
2022-06-11 13:53:34,606 [16c7fc92-fb06-4eb2-809b-3504c9fb6acd-server-thread1] INFO  server.RaftServer$Division (ServerState.java:setRaftConf(393)) - 16c7fc92-fb06-4eb2-809b-3504c9fb6acd@group-7155C7F81711: set configuration 0: [16c7fc92-fb06-4eb2-809b-3504c9fb6acd|rpc:10.1.0.23:43953|dataStream:|priority:0, b3e33fbc-e6b1-4451-bbb7-d94529508024|rpc:10.1.0.23:37137|dataStream:|priority:0, 5620fb3b-0054-439e-9ae8-a9fef5d7add1|rpc:10.1.0.23:45561|dataStream:|priority:1], old=null
2022-06-11 13:53:34,606 [16c7fc92-fb06-4eb2-809b-3504c9fb6acd-server-thread1] INFO  segmented.SegmentedRaftLogWorker (SegmentedRaftLogWorker.java:startLogSegment(425)) - 16c7fc92-fb06-4eb2-809b-3504c9fb6acd@group-7155C7F81711-SegmentedRaftLogWorker: Starting segment from index:0
2022-06-11 13:53:34,626 [16c7fc92-fb06-4eb2-809b-3504c9fb6acd@group-7155C7F81711-SegmentedRaftLogWorker] INFO  segmented.SegmentedRaftLogWorker (SegmentedRaftLogWorker.java:execute(629)) - 16c7fc92-fb06-4eb2-809b-3504c9fb6acd@group-7155C7F81711-SegmentedRaftLogWorker: created new log segment /home/runner/work/ozone/ozone/hadoop-ozone/integration-test/target/test-dir/MiniOzoneClusterImpl-230799ad-2127-4c70-a2a5-72c033a9677f/datanode-0/data/ratis/59a554f3-8ff7-4989-92b5-7155c7f81711/current/log_inprogress_0
2022-06-11 13:53:34,637 [b3e33fbc-e6b1-4451-bbb7-d94529508024-server-thread1] INFO  server.RaftServer$Division (ServerState.java:setRaftConf(393)) - b3e33fbc-e6b1-4451-bbb7-d94529508024@group-7155C7F81711: set configuration 0: [16c7fc92-fb06-4eb2-809b-3504c9fb6acd|rpc:10.1.0.23:43953|dataStream:|priority:0, b3e33fbc-e6b1-4451-bbb7-d94529508024|rpc:10.1.0.23:37137|dataStream:|priority:0, 5620fb3b-0054-439e-9ae8-a9fef5d7add1|rpc:10.1.0.23:45561|dataStream:|priority:1], old=null
2022-06-11 13:53:34,637 [b3e33fbc-e6b1-4451-bbb7-d94529508024-server-thread1] INFO  segmented.SegmentedRaftLogWorker (SegmentedRaftLogWorker.java:startLogSegment(425)) - b3e33fbc-e6b1-4451-bbb7-d94529508024@group-7155C7F81711-SegmentedRaftLogWorker: Starting segment from index:0
2022-06-11 13:53:34,639 [b3e33fbc-e6b1-4451-bbb7-d94529508024@group-7155C7F81711-SegmentedRaftLogWorker] INFO  segmented.SegmentedRaftLogWorker (SegmentedRaftLogWorker.java:execute(629)) - b3e33fbc-e6b1-4451-bbb7-d94529508024@group-7155C7F81711-SegmentedRaftLogWorker: created new log segment /home/runner/work/ozone/ozone/hadoop-ozone/integration-test/target/test-dir/MiniOzoneClusterImpl-230799ad-2127-4c70-a2a5-72c033a9677f/datanode-2/data/ratis/59a554f3-8ff7-4989-92b5-7155c7f81711/current/log_inprogress_0
2022-06-11 13:53:35,347 [ReplicationMonitor] INFO  replication.ReplicationManager (ReplicationManager.java:processAll(228)) - Replication Manager is not ready to run until 3000ms after safemode exit
2022-06-11 13:53:35,396 [Listener at 127.0.0.1/41911] INFO  ozone.MiniOzoneClusterImpl (MiniOzoneClusterImpl.java:lambda$waitForClusterToBeReady$0(221)) - Nodes are ready. Got 5 of 5 DN Heartbeats.
2022-06-11 13:53:35,396 [Listener at 127.0.0.1/41911] INFO  ozone.MiniOzoneClusterImpl (MiniOzoneClusterImpl.java:lambda$waitForClusterToBeReady$0(224)) - Cluster exits safe mode
2022-06-11 13:53:35,396 [Listener at 127.0.0.1/41911] INFO  ozone.MiniOzoneClusterImpl (MiniOzoneClusterImpl.java:lambda$waitForClusterToBeReady$0(226)) - SCM became leader
2022-06-11 13:53:35,433 [Listener at 127.0.0.1/41911] INFO  rpc.RpcClient (RpcClient.java:createVolume(466)) - Creating Volume: 413fe967-bf62-423d-8336-5fabc68ae03c, with runner as owner and space quota set to -1 bytes, counts quota set to -1
2022-06-11 13:53:35,474 [OM StateMachine ApplyTransaction Thread - 0] INFO  volume.OMVolumeCreateRequest (OMVolumeCreateRequest.java:validateAndUpdateCache(195)) - created volume:413fe967-bf62-423d-8336-5fabc68ae03c for user:runner
2022-06-11 13:53:35,527 [Listener at 127.0.0.1/41911] INFO  rpc.RpcClient (RpcClient.java:createBucket(666)) - Creating Bucket: 413fe967-bf62-423d-8336-5fabc68ae03c/3d60cfb9-2f64-4bf2-a904-ed05dddb9dc9, with the Bucket Layout null, runner as owner, Versioning false, Storage Type set to DISK and Encryption set to false 
2022-06-11 13:53:35,530 [OM StateMachine ApplyTransaction Thread - 0] INFO  bucket.OMBucketCreateRequest (OMBucketCreateRequest.java:validateAndUpdateCache(260)) - created bucket: 3d60cfb9-2f64-4bf2-a904-ed05dddb9dc9 of layout LEGACY in volume: 413fe967-bf62-423d-8336-5fabc68ae03c
2022-06-11 13:53:35,583 [IPC Server handler 2 on default port 33553] INFO  ha.SequenceIdGenerator (SequenceIdGenerator.java:getNextId(127)) - Allocate a batch for containerId, change lastId from 0 to 1000.
2022-06-11 13:53:35,584 [IPC Server handler 2 on default port 33553] WARN  ha.SequenceIdGenerator (SequenceIdGenerator.java:allocateBatch(235)) - Failed to allocate a batch for localId, expected lastId is 0, actual lastId is 109611004723200000.
2022-06-11 13:53:35,584 [IPC Server handler 2 on default port 33553] INFO  ha.SequenceIdGenerator (SequenceIdGenerator.java:getNextId(127)) - Allocate a batch for localId, change lastId from 109611004723200000 to 109611004723201000.
2022-06-11 13:53:36,347 [ReplicationMonitor] INFO  replication.ReplicationManager (ReplicationManager.java:processAll(228)) - Replication Manager is not ready to run until 3000ms after safemode exit
2022-06-11 13:53:37,347 [ReplicationMonitor] INFO  replication.ReplicationManager (ReplicationManager.java:processAll(228)) - Replication Manager is not ready to run until 3000ms after safemode exit
2022-06-11 13:53:38,348 [ReplicationMonitor] INFO  replication.ReplicationManager (ReplicationManager.java:processAll(249)) - Replication Monitor Thread took 0 milliseconds for processing 3 containers.
2022-06-11 13:53:38,612 [Listener at 127.0.0.1/41911] INFO  ozone.MiniOzoneClusterImpl (MiniOzoneClusterImpl.java:shutdown(456)) - Shutting down the Mini Ozone Cluster
2022-06-11 13:53:38,616 [Listener at 127.0.0.1/41911] INFO  ozone.MiniOzoneClusterImpl (MiniOzoneClusterImpl.java:stop(471)) - Stopping the Mini Ozone Cluster
2022-06-11 13:53:38,616 [Listener at 127.0.0.1/41911] INFO  ozone.MiniOzoneClusterImpl (MiniOzoneClusterImpl.java:stopOM(553)) - Stopping the OzoneManager
2022-06-11 13:53:38,616 [Listener at 127.0.0.1/41911] INFO  om.OzoneManager (OzoneManager.java:stop(2017)) - om1[localhost:0]: Stopping Ozone Manager
2022-06-11 13:53:38,616 [Listener at 127.0.0.1/41911] INFO  ipc.Server (Server.java:stop(3414)) - Stopping server on 41911
2022-06-11 13:53:38,632 [IPC Server listener on 0] INFO  ipc.Server (Server.java:run(1376)) - Stopping IPC Server listener on 0
2022-06-11 13:53:38,632 [IPC Server Responder] INFO  ipc.Server (Server.java:run(1512)) - Stopping IPC Server Responder
2022-06-11 13:53:38,633 [Listener at 127.0.0.1/41911] INFO  server.RaftServer (RaftServerProxy.java:lambda$close$7(398)) - om1: close
2022-06-11 13:53:38,633 [Listener at 127.0.0.1/41911] INFO  server.RaftServer$Division (RaftServerImpl.java:lambda$close$4(434)) - om1@group-C5BA1605619E: shutdown
2022-06-11 13:53:38,633 [Listener at 127.0.0.1/41911] INFO  util.JmxRegister (JmxRegister.java:unregister(73)) - Successfully un-registered JMX Bean with object name Ratis:service=RaftServer,group=group-C5BA1605619E,id=om1
2022-06-11 13:53:38,633 [Listener at 127.0.0.1/41911] INFO  impl.RoleInfo (RoleInfo.java:shutdownLeaderState(93)) - om1: shutdown om1@group-C5BA1605619E-LeaderStateImpl
2022-06-11 13:53:38,633 [Listener at 127.0.0.1/41911] INFO  impl.PendingRequests (PendingRequests.java:sendNotLeaderResponses(282)) - om1@group-C5BA1605619E-PendingRequests: sendNotLeaderResponses
2022-06-11 13:53:38,652 [Listener at 127.0.0.1/41911] INFO  impl.StateMachineUpdater (StateMachineUpdater.java:stopAndJoin(153)) - om1@group-C5BA1605619E-StateMachineUpdater: set stopIndex = 16
2022-06-11 13:53:38,652 [om1@group-C5BA1605619E-StateMachineUpdater] INFO  ratis.OzoneManagerStateMachine (OzoneManagerStateMachine.java:takeSnapshot(436)) - Current Snapshot Index (t:1, i:16)
2022-06-11 13:53:38,653 [om1@group-C5BA1605619E-StateMachineUpdater] INFO  impl.StateMachineUpdater (StateMachineUpdater.java:takeSnapshot(287)) - om1@group-C5BA1605619E-StateMachineUpdater: Took a snapshot at index 16
2022-06-11 13:53:38,653 [om1@group-C5BA1605619E-StateMachineUpdater] INFO  impl.StateMachineUpdater (StateMachineUpdater.java:lambda$new$0(92)) - om1@group-C5BA1605619E-StateMachineUpdater: snapshotIndex: updateIncreasingly -1 -> 16
2022-06-11 13:53:38,653 [om1@group-C5BA1605619E-StateMachineUpdater] INFO  ratis.OzoneManagerStateMachine (OzoneManagerStateMachine.java:close(490)) - StateMachine has shutdown. Shutdown OzoneManager if not already shutdown.
2022-06-11 13:53:38,653 [om1@group-C5BA1605619E-StateMachineUpdater] INFO  ratis.OzoneManagerDoubleBuffer (OzoneManagerDoubleBuffer.java:stop(465)) - Stopping OMDoubleBuffer flush thread
2022-06-11 13:53:38,653 [OMDoubleBufferFlushThread] INFO  ratis.OzoneManagerDoubleBuffer (OzoneManagerDoubleBuffer.java:flushTransactions(385)) - OMDoubleBuffer flush thread OMDoubleBufferFlushThread is interrupted and will exit.
2022-06-11 13:53:38,668 [Listener at 127.0.0.1/41911] INFO  server.RaftServer$Division (ServerState.java:close(429)) - om1@group-C5BA1605619E: closes. applyIndex: 16
2022-06-11 13:53:38,669 [om1@group-C5BA1605619E-SegmentedRaftLogWorker] INFO  segmented.SegmentedRaftLogWorker (SegmentedRaftLogWorker.java:run(336)) - om1@group-C5BA1605619E-SegmentedRaftLogWorker was interrupted, exiting. There are 0 tasks remaining in the queue.
2022-06-11 13:53:38,670 [Listener at 127.0.0.1/41911] INFO  segmented.SegmentedRaftLogWorker (SegmentedRaftLogWorker.java:close(246)) - om1@group-C5BA1605619E-SegmentedRaftLogWorker close()
2022-06-11 13:53:38,684 [Listener at 127.0.0.1/41911] INFO  server.GrpcService (GrpcService.java:closeImpl(269)) - om1: shutdown server with port 9872 now
2022-06-11 13:53:38,685 [Listener at 127.0.0.1/41911] INFO  server.GrpcService (GrpcService.java:closeImpl(278)) - om1: shutdown server with port 9872 successfully
2022-06-11 13:53:38,687 [org.apache.ratis.util.JvmPauseMonitor$$Lambda$627/1387949628@42d0a0b6] INFO  util.JvmPauseMonitor (JvmPauseMonitor.java:run(109)) - JvmPauseMonitor-om1: Stopped
2022-06-11 13:53:38,699 [Listener at 127.0.0.1/41911] INFO  ratis.OzoneManagerStateMachine (OzoneManagerStateMachine.java:close(490)) - StateMachine has shutdown. Shutdown OzoneManager if not already shutdown.
2022-06-11 13:53:38,699 [Listener at 127.0.0.1/41911] INFO  ratis.OzoneManagerDoubleBuffer (OzoneManagerDoubleBuffer.java:stop(477)) - OMDoubleBuffer flush thread is not running.
2022-06-11 13:53:38,700 [Listener at 127.0.0.1/41911] INFO  utils.BackgroundService (BackgroundService.java:shutdown(132)) - Shutting down service KeyDeletingService
2022-06-11 13:53:38,700 [Listener at 127.0.0.1/41911] INFO  utils.BackgroundService (BackgroundService.java:shutdown(132)) - Shutting down service DirectoryDeletingService
2022-06-11 13:53:38,701 [Listener at 127.0.0.1/41911] INFO  handler.ContextHandler (ContextHandler.java:doStop(1153)) - Stopped o.e.j.w.WebAppContext@7de62e2{ozoneManager,/,null,STOPPED}{file:/home/runner/work/ozone/ozone/hadoop-ozone/integration-test/target/test-classes/webapps/ozoneManager}
2022-06-11 13:53:38,701 [Listener at 127.0.0.1/41911] INFO  server.AbstractConnector (AbstractConnector.java:doStop(381)) - Stopped ServerConnector@3e9f7965{HTTP/1.1, (http/1.1)}{0.0.0.0:0}
2022-06-11 13:53:38,701 [Listener at 127.0.0.1/41911] INFO  server.session (HouseKeeper.java:stopScavenging(149)) - node0 Stopped scavenging
2022-06-11 13:53:38,701 [Listener at 127.0.0.1/41911] INFO  handler.ContextHandler (ContextHandler.java:doStop(1153)) - Stopped o.e.j.s.ServletContextHandler@6f3f950a{static,/static,file:///home/runner/work/ozone/ozone/hadoop-ozone/integration-test/target/test-classes/webapps/static,STOPPED}
2022-06-11 13:53:38,702 [Listener at 127.0.0.1/41911] INFO  handler.ContextHandler (ContextHandler.java:doStop(1153)) - Stopped o.e.j.s.ServletContextHandler@3304c522{logs,/logs,file:///home/runner/work/ozone/ozone/hadoop-ozone/integration-test/target/log,STOPPED}
2022-06-11 13:53:38,706 [Listener at 127.0.0.1/41911] INFO  ozone.MiniOzoneClusterImpl (MiniOzoneClusterImpl.java:stopDatanodes(530)) - Stopping the HddsDatanodes
2022-06-11 13:53:39,349 [ReplicationMonitor] INFO  replication.ReplicationManager (ReplicationManager.java:processAll(249)) - Replication Monitor Thread took 1 milliseconds for processing 3 containers.
2022-06-11 13:53:40,349 [ReplicationMonitor] INFO  replication.ReplicationManager (ReplicationManager.java:processAll(249)) - Replication Monitor Thread took 0 milliseconds for processing 3 containers.
2022-06-11 13:53:40,853 [EventQueue-StaleNodeForStaleNodeHandler] INFO  node.StaleNodeHandler (StaleNodeHandler.java:onMessage(58)) - Datanode 5620fb3b-0054-439e-9ae8-a9fef5d7add1{ip: 10.1.0.23, host: fv-az395-686.zfmzfyrfkyou3ow0tsr0jxwq1e.bx.internal.cloudapp.net, ports: [REPLICATION=45559, RATIS=45561, RATIS_ADMIN=45561, RATIS_SERVER=45561, STANDALONE=36393], networkLocation: /default-rack, certSerialId: null, persistedOpState: IN_SERVICE, persistedOpStateExpiryEpochSec: 0} moved to stale state. Finalizing its pipelines [PipelineID=59a554f3-8ff7-4989-92b5-7155c7f81711, PipelineID=edec4eb6-cd2f-47ba-a59e-013ab8a6a2db]
2022-06-11 13:53:40,858 [EventQueue-StaleNodeForStaleNodeHandler] INFO  pipeline.PipelineManagerImpl (PipelineManagerImpl.java:closeContainersForPipeline(409)) - Container #1 closed for pipeline=PipelineID=59a554f3-8ff7-4989-92b5-7155c7f81711
2022-06-11 13:53:40,859 [EventQueue-CloseContainerForCloseContainerEventHandler] INFO  container.CloseContainerEventHandler (CloseContainerEventHandler.java:onMessage(69)) - Close container Event triggered for container : #1
2022-06-11 13:53:40,861 [EventQueue-StaleNodeForStaleNodeHandler] INFO  pipeline.PipelineManagerImpl (PipelineManagerImpl.java:closeContainersForPipeline(409)) - Container #2 closed for pipeline=PipelineID=59a554f3-8ff7-4989-92b5-7155c7f81711
2022-06-11 13:53:40,861 [EventQueue-StaleNodeForStaleNodeHandler] INFO  pipeline.PipelineManagerImpl (PipelineManagerImpl.java:closeContainersForPipeline(409)) - Container #3 closed for pipeline=PipelineID=59a554f3-8ff7-4989-92b5-7155c7f81711
2022-06-11 13:53:40,862 [EventQueue-StaleNodeForStaleNodeHandler] INFO  pipeline.PipelineManagerImpl (PipelineManagerImpl.java:closePipeline(430)) - Pipeline Pipeline[ Id: 59a554f3-8ff7-4989-92b5-7155c7f81711, Nodes: b3e33fbc-e6b1-4451-bbb7-d94529508024{ip: 10.1.0.23, host: fv-az395-686.zfmzfyrfkyou3ow0tsr0jxwq1e.bx.internal.cloudapp.net, ports: [REPLICATION=42175, RATIS=37137, RATIS_ADMIN=37137, RATIS_SERVER=37137, STANDALONE=33363], networkLocation: /default-rack, certSerialId: null, persistedOpState: IN_SERVICE, persistedOpStateExpiryEpochSec: 0}5620fb3b-0054-439e-9ae8-a9fef5d7add1{ip: 10.1.0.23, host: fv-az395-686.zfmzfyrfkyou3ow0tsr0jxwq1e.bx.internal.cloudapp.net, ports: [REPLICATION=45559, RATIS=45561, RATIS_ADMIN=45561, RATIS_SERVER=45561, STANDALONE=36393], networkLocation: /default-rack, certSerialId: null, persistedOpState: IN_SERVICE, persistedOpStateExpiryEpochSec: 0}16c7fc92-fb06-4eb2-809b-3504c9fb6acd{ip: 10.1.0.23, host: fv-az395-686.zfmzfyrfkyou3ow0tsr0jxwq1e.bx.internal.cloudapp.net, ports: [REPLICATION=42241, RATIS=43953, RATIS_ADMIN=43953, RATIS_SERVER=43953, STANDALONE=35909], networkLocation: /default-rack, certSerialId: null, persistedOpState: IN_SERVICE, persistedOpStateExpiryEpochSec: 0}, ReplicationConfig: RATIS/THREE, State:OPEN, leaderId:5620fb3b-0054-439e-9ae8-a9fef5d7add1, CreationTimestamp2022-06-11T13:53:23.140Z[Etc/UTC]] moved to CLOSED state
2022-06-11 13:53:40,862 [EventQueue-StaleNodeForStaleNodeHandler] INFO  pipeline.PipelineManagerImpl (PipelineManagerImpl.java:closePipeline(430)) - Pipeline Pipeline[ Id: edec4eb6-cd2f-47ba-a59e-013ab8a6a2db, Nodes: 5620fb3b-0054-439e-9ae8-a9fef5d7add1{ip: 10.1.0.23, host: fv-az395-686.zfmzfyrfkyou3ow0tsr0jxwq1e.bx.internal.cloudapp.net, ports: [REPLICATION=45559, RATIS=45561, RATIS_ADMIN=45561, RATIS_SERVER=45561, STANDALONE=36393], networkLocation: /default-rack, certSerialId: null, persistedOpState: IN_SERVICE, persistedOpStateExpiryEpochSec: 0}, ReplicationConfig: RATIS/ONE, State:OPEN, leaderId:5620fb3b-0054-439e-9ae8-a9fef5d7add1, CreationTimestamp2022-06-11T13:53:22.260Z[Etc/UTC]] moved to CLOSED state
2022-06-11 13:53:40,862 [EventQueue-StaleNodeForStaleNodeHandler] INFO  node.StaleNodeHandler (StaleNodeHandler.java:onMessage(58)) - Datanode b3e33fbc-e6b1-4451-bbb7-d94529508024{ip: 10.1.0.23, host: fv-az395-686.zfmzfyrfkyou3ow0tsr0jxwq1e.bx.internal.cloudapp.net, ports: [REPLICATION=42175, RATIS=37137, RATIS_ADMIN=37137, RATIS_SERVER=37137, STANDALONE=33363], networkLocation: /default-rack, certSerialId: null, persistedOpState: IN_SERVICE, persistedOpStateExpiryEpochSec: 0} moved to stale state. Finalizing its pipelines [PipelineID=d5196bdb-50bf-4589-be18-3e8f788df5de, PipelineID=59a554f3-8ff7-4989-92b5-7155c7f81711]
2022-06-11 13:53:40,862 [EventQueue-StaleNodeForStaleNodeHandler] INFO  pipeline.PipelineManagerImpl (PipelineManagerImpl.java:closePipeline(430)) - Pipeline Pipeline[ Id: d5196bdb-50bf-4589-be18-3e8f788df5de, Nodes: b3e33fbc-e6b1-4451-bbb7-d94529508024{ip: 10.1.0.23, host: fv-az395-686.zfmzfyrfkyou3ow0tsr0jxwq1e.bx.internal.cloudapp.net, ports: [REPLICATION=42175, RATIS=37137, RATIS_ADMIN=37137, RATIS_SERVER=37137, STANDALONE=33363], networkLocation: /default-rack, certSerialId: null, persistedOpState: IN_SERVICE, persistedOpStateExpiryEpochSec: 0}, ReplicationConfig: RATIS/ONE, State:OPEN, leaderId:b3e33fbc-e6b1-4451-bbb7-d94529508024, CreationTimestamp2022-06-11T13:53:23.139Z[Etc/UTC]] moved to CLOSED state
2022-06-11 13:53:40,867 [EventQueue-CloseContainerForCloseContainerEventHandler] INFO  container.CloseContainerEventHandler (CloseContainerEventHandler.java:onMessage(69)) - Close container Event triggered for container : #2
2022-06-11 13:53:40,868 [EventQueue-CloseContainerForCloseContainerEventHandler] INFO  container.CloseContainerEventHandler (CloseContainerEventHandler.java:onMessage(69)) - Close container Event triggered for container : #3
2022-06-11 13:53:41,350 [ReplicationMonitor] INFO  replication.LegacyReplicationManager (LegacyReplicationManager.java:sendCloseCommand(1408)) - Sending close container command for container #1 to datanode 16c7fc92-fb06-4eb2-809b-3504c9fb6acd{ip: 10.1.0.23, host: fv-az395-686.zfmzfyrfkyou3ow0tsr0jxwq1e.bx.internal.cloudapp.net, ports: [REPLICATION=42241, RATIS=43953, RATIS_ADMIN=43953, RATIS_SERVER=43953, STANDALONE=35909], networkLocation: /default-rack, certSerialId: null, persistedOpState: IN_SERVICE, persistedOpStateExpiryEpochSec: 0}.
2022-06-11 13:53:41,350 [ReplicationMonitor] INFO  replication.LegacyReplicationManager (LegacyReplicationManager.java:sendCloseCommand(1408)) - Sending close container command for container #1 to datanode b3e33fbc-e6b1-4451-bbb7-d94529508024{ip: 10.1.0.23, host: fv-az395-686.zfmzfyrfkyou3ow0tsr0jxwq1e.bx.internal.cloudapp.net, ports: [REPLICATION=42175, RATIS=37137, RATIS_ADMIN=37137, RATIS_SERVER=37137, STANDALONE=33363], networkLocation: /default-rack, certSerialId: null, persistedOpState: IN_SERVICE, persistedOpStateExpiryEpochSec: 0}.
2022-06-11 13:53:41,350 [ReplicationMonitor] INFO  replication.LegacyReplicationManager (LegacyReplicationManager.java:sendCloseCommand(1408)) - Sending close container command for container #1 to datanode 5620fb3b-0054-439e-9ae8-a9fef5d7add1{ip: 10.1.0.23, host: fv-az395-686.zfmzfyrfkyou3ow0tsr0jxwq1e.bx.internal.cloudapp.net, ports: [REPLICATION=45559, RATIS=45561, RATIS_ADMIN=45561, RATIS_SERVER=45561, STANDALONE=36393], networkLocation: /default-rack, certSerialId: null, persistedOpState: IN_SERVICE, persistedOpStateExpiryEpochSec: 0}.
2022-06-11 13:53:41,350 [ReplicationMonitor] INFO  replication.LegacyReplicationManager (LegacyReplicationManager.java:sendCloseCommand(1408)) - Sending close container command for container #2 to datanode 5620fb3b-0054-439e-9ae8-a9fef5d7add1{ip: 10.1.0.23, host: fv-az395-686.zfmzfyrfkyou3ow0tsr0jxwq1e.bx.internal.cloudapp.net, ports: [REPLICATION=45559, RATIS=45561, RATIS_ADMIN=45561, RATIS_SERVER=45561, STANDALONE=36393], networkLocation: /default-rack, certSerialId: null, persistedOpState: IN_SERVICE, persistedOpStateExpiryEpochSec: 0}.
2022-06-11 13:53:41,350 [ReplicationMonitor] INFO  replication.LegacyReplicationManager (LegacyReplicationManager.java:sendCloseCommand(1408)) - Sending close container command for container #2 to datanode b3e33fbc-e6b1-4451-bbb7-d94529508024{ip: 10.1.0.23, host: fv-az395-686.zfmzfyrfkyou3ow0tsr0jxwq1e.bx.internal.cloudapp.net, ports: [REPLICATION=42175, RATIS=37137, RATIS_ADMIN=37137, RATIS_SERVER=37137, STANDALONE=33363], networkLocation: /default-rack, certSerialId: null, persistedOpState: IN_SERVICE, persistedOpStateExpiryEpochSec: 0}.
2022-06-11 13:53:41,350 [ReplicationMonitor] INFO  replication.LegacyReplicationManager (LegacyReplicationManager.java:sendCloseCommand(1408)) - Sending close container command for container #2 to datanode 16c7fc92-fb06-4eb2-809b-3504c9fb6acd{ip: 10.1.0.23, host: fv-az395-686.zfmzfyrfkyou3ow0tsr0jxwq1e.bx.internal.cloudapp.net, ports: [REPLICATION=42241, RATIS=43953, RATIS_ADMIN=43953, RATIS_SERVER=43953, STANDALONE=35909], networkLocation: /default-rack, certSerialId: null, persistedOpState: IN_SERVICE, persistedOpStateExpiryEpochSec: 0}.
2022-06-11 13:53:41,350 [ReplicationMonitor] INFO  replication.LegacyReplicationManager (LegacyReplicationManager.java:sendCloseCommand(1408)) - Sending close container command for container #3 to datanode 16c7fc92-fb06-4eb2-809b-3504c9fb6acd{ip: 10.1.0.23, host: fv-az395-686.zfmzfyrfkyou3ow0tsr0jxwq1e.bx.internal.cloudapp.net, ports: [REPLICATION=42241, RATIS=43953, RATIS_ADMIN=43953, RATIS_SERVER=43953, STANDALONE=35909], networkLocation: /default-rack, certSerialId: null, persistedOpState: IN_SERVICE, persistedOpStateExpiryEpochSec: 0}.
2022-06-11 13:53:41,350 [ReplicationMonitor] INFO  replication.LegacyReplicationManager (LegacyReplicationManager.java:sendCloseCommand(1408)) - Sending close container command for container #3 to datanode b3e33fbc-e6b1-4451-bbb7-d94529508024{ip: 10.1.0.23, host: fv-az395-686.zfmzfyrfkyou3ow0tsr0jxwq1e.bx.internal.cloudapp.net, ports: [REPLICATION=42175, RATIS=37137, RATIS_ADMIN=37137, RATIS_SERVER=37137, STANDALONE=33363], networkLocation: /default-rack, certSerialId: null, persistedOpState: IN_SERVICE, persistedOpStateExpiryEpochSec: 0}.
2022-06-11 13:53:41,350 [ReplicationMonitor] INFO  replication.LegacyReplicationManager (LegacyReplicationManager.java:sendCloseCommand(1408)) - Sending close container command for container #3 to datanode 5620fb3b-0054-439e-9ae8-a9fef5d7add1{ip: 10.1.0.23, host: fv-az395-686.zfmzfyrfkyou3ow0tsr0jxwq1e.bx.internal.cloudapp.net, ports: [REPLICATION=45559, RATIS=45561, RATIS_ADMIN=45561, RATIS_SERVER=45561, STANDALONE=36393], networkLocation: /default-rack, certSerialId: null, persistedOpState: IN_SERVICE, persistedOpStateExpiryEpochSec: 0}.
2022-06-11 13:53:41,351 [ReplicationMonitor] INFO  replication.ReplicationManager (ReplicationManager.java:processAll(249)) - Replication Monitor Thread took 1 milliseconds for processing 3 containers.
2022-06-11 13:53:42,352 [ReplicationMonitor] INFO  replication.LegacyReplicationManager (LegacyReplicationManager.java:sendCloseCommand(1408)) - Sending close container command for container #1 to datanode 16c7fc92-fb06-4eb2-809b-3504c9fb6acd{ip: 10.1.0.23, host: fv-az395-686.zfmzfyrfkyou3ow0tsr0jxwq1e.bx.internal.cloudapp.net, ports: [REPLICATION=42241, RATIS=43953, RATIS_ADMIN=43953, RATIS_SERVER=43953, STANDALONE=35909], networkLocation: /default-rack, certSerialId: null, persistedOpState: IN_SERVICE, persistedOpStateExpiryEpochSec: 0}.
2022-06-11 13:53:42,353 [ReplicationMonitor] INFO  replication.LegacyReplicationManager (LegacyReplicationManager.java:sendCloseCommand(1408)) - Sending close container command for container #1 to datanode b3e33fbc-e6b1-4451-bbb7-d94529508024{ip: 10.1.0.23, host: fv-az395-686.zfmzfyrfkyou3ow0tsr0jxwq1e.bx.internal.cloudapp.net, ports: [REPLICATION=42175, RATIS=37137, RATIS_ADMIN=37137, RATIS_SERVER=37137, STANDALONE=33363], networkLocation: /default-rack, certSerialId: null, persistedOpState: IN_SERVICE, persistedOpStateExpiryEpochSec: 0}.
2022-06-11 13:53:42,353 [ReplicationMonitor] INFO  replication.LegacyReplicationManager (LegacyReplicationManager.java:sendCloseCommand(1408)) - Sending close container command for container #1 to datanode 5620fb3b-0054-439e-9ae8-a9fef5d7add1{ip: 10.1.0.23, host: fv-az395-686.zfmzfyrfkyou3ow0tsr0jxwq1e.bx.internal.cloudapp.net, ports: [REPLICATION=45559, RATIS=45561, RATIS_ADMIN=45561, RATIS_SERVER=45561, STANDALONE=36393], networkLocation: /default-rack, certSerialId: null, persistedOpState: IN_SERVICE, persistedOpStateExpiryEpochSec: 0}.
2022-06-11 13:53:42,353 [ReplicationMonitor] INFO  replication.LegacyReplicationManager (LegacyReplicationManager.java:sendCloseCommand(1408)) - Sending close container command for container #2 to datanode 5620fb3b-0054-439e-9ae8-a9fef5d7add1{ip: 10.1.0.23, host: fv-az395-686.zfmzfyrfkyou3ow0tsr0jxwq1e.bx.internal.cloudapp.net, ports: [REPLICATION=45559, RATIS=45561, RATIS_ADMIN=45561, RATIS_SERVER=45561, STANDALONE=36393], networkLocation: /default-rack, certSerialId: null, persistedOpState: IN_SERVICE, persistedOpStateExpiryEpochSec: 0}.
2022-06-11 13:53:42,353 [ReplicationMonitor] INFO  replication.LegacyReplicationManager (LegacyReplicationManager.java:sendCloseCommand(1408)) - Sending close container command for container #2 to datanode b3e33fbc-e6b1-4451-bbb7-d94529508024{ip: 10.1.0.23, host: fv-az395-686.zfmzfyrfkyou3ow0tsr0jxwq1e.bx.internal.cloudapp.net, ports: [REPLICATION=42175, RATIS=37137, RATIS_ADMIN=37137, RATIS_SERVER=37137, STANDALONE=33363], networkLocation: /default-rack, certSerialId: null, persistedOpState: IN_SERVICE, persistedOpStateExpiryEpochSec: 0}.
2022-06-11 13:53:42,353 [ReplicationMonitor] INFO  replication.LegacyReplicationManager (LegacyReplicationManager.java:sendCloseCommand(1408)) - Sending close container command for container #2 to datanode 16c7fc92-fb06-4eb2-809b-3504c9fb6acd{ip: 10.1.0.23, host: fv-az395-686.zfmzfyrfkyou3ow0tsr0jxwq1e.bx.internal.cloudapp.net, ports: [REPLICATION=42241, RATIS=43953, RATIS_ADMIN=43953, RATIS_SERVER=43953, STANDALONE=35909], networkLocation: /default-rack, certSerialId: null, persistedOpState: IN_SERVICE, persistedOpStateExpiryEpochSec: 0}.
2022-06-11 13:53:42,353 [ReplicationMonitor] INFO  replication.LegacyReplicationManager (LegacyReplicationManager.java:sendCloseCommand(1408)) - Sending close container command for container #3 to datanode 16c7fc92-fb06-4eb2-809b-3504c9fb6acd{ip: 10.1.0.23, host: fv-az395-686.zfmzfyrfkyou3ow0tsr0jxwq1e.bx.internal.cloudapp.net, ports: [REPLICATION=42241, RATIS=43953, RATIS_ADMIN=43953, RATIS_SERVER=43953, STANDALONE=35909], networkLocation: /default-rack, certSerialId: null, persistedOpState: IN_SERVICE, persistedOpStateExpiryEpochSec: 0}.
2022-06-11 13:53:42,353 [ReplicationMonitor] INFO  replication.LegacyReplicationManager (LegacyReplicationManager.java:sendCloseCommand(1408)) - Sending close container command for container #3 to datanode b3e33fbc-e6b1-4451-bbb7-d94529508024{ip: 10.1.0.23, host: fv-az395-686.zfmzfyrfkyou3ow0tsr0jxwq1e.bx.internal.cloudapp.net, ports: [REPLICATION=42175, RATIS=37137, RATIS_ADMIN=37137, RATIS_SERVER=37137, STANDALONE=33363], networkLocation: /default-rack, certSerialId: null, persistedOpState: IN_SERVICE, persistedOpStateExpiryEpochSec: 0}.
2022-06-11 13:53:42,353 [ReplicationMonitor] INFO  replication.LegacyReplicationManager (LegacyReplicationManager.java:sendCloseCommand(1408)) - Sending close container command for container #3 to datanode 5620fb3b-0054-439e-9ae8-a9fef5d7add1{ip: 10.1.0.23, host: fv-az395-686.zfmzfyrfkyou3ow0tsr0jxwq1e.bx.internal.cloudapp.net, ports: [REPLICATION=45559, RATIS=45561, RATIS_ADMIN=45561, RATIS_SERVER=45561, STANDALONE=36393], networkLocation: /default-rack, certSerialId: null, persistedOpState: IN_SERVICE, persistedOpStateExpiryEpochSec: 0}.
2022-06-11 13:53:42,353 [ReplicationMonitor] INFO  replication.ReplicationManager (ReplicationManager.java:processAll(249)) - Replication Monitor Thread took 1 milliseconds for processing 3 containers.
2022-06-11 13:53:43,353 [ReplicationMonitor] INFO  replication.LegacyReplicationManager (LegacyReplicationManager.java:sendCloseCommand(1408)) - Sending close container command for container #1 to datanode 16c7fc92-fb06-4eb2-809b-3504c9fb6acd{ip: 10.1.0.23, host: fv-az395-686.zfmzfyrfkyou3ow0tsr0jxwq1e.bx.internal.cloudapp.net, ports: [REPLICATION=42241, RATIS=43953, RATIS_ADMIN=43953, RATIS_SERVER=43953, STANDALONE=35909], networkLocation: /default-rack, certSerialId: null, persistedOpState: IN_SERVICE, persistedOpStateExpiryEpochSec: 0}.
2022-06-11 13:53:43,354 [ReplicationMonitor] INFO  replication.LegacyReplicationManager (LegacyReplicationManager.java:sendCloseCommand(1408)) - Sending close container command for container #1 to datanode b3e33fbc-e6b1-4451-bbb7-d94529508024{ip: 10.1.0.23, host: fv-az395-686.zfmzfyrfkyou3ow0tsr0jxwq1e.bx.internal.cloudapp.net, ports: [REPLICATION=42175, RATIS=37137, RATIS_ADMIN=37137, RATIS_SERVER=37137, STANDALONE=33363], networkLocation: /default-rack, certSerialId: null, persistedOpState: IN_SERVICE, persistedOpStateExpiryEpochSec: 0}.
2022-06-11 13:53:43,354 [ReplicationMonitor] INFO  replication.LegacyReplicationManager (LegacyReplicationManager.java:sendCloseCommand(1408)) - Sending close container command for container #1 to datanode 5620fb3b-0054-439e-9ae8-a9fef5d7add1{ip: 10.1.0.23, host: fv-az395-686.zfmzfyrfkyou3ow0tsr0jxwq1e.bx.internal.cloudapp.net, ports: [REPLICATION=45559, RATIS=45561, RATIS_ADMIN=45561, RATIS_SERVER=45561, STANDALONE=36393], networkLocation: /default-rack, certSerialId: null, persistedOpState: IN_SERVICE, persistedOpStateExpiryEpochSec: 0}.
2022-06-11 13:53:43,354 [ReplicationMonitor] INFO  replication.LegacyReplicationManager (LegacyReplicationManager.java:sendCloseCommand(1408)) - Sending close container command for container #2 to datanode 5620fb3b-0054-439e-9ae8-a9fef5d7add1{ip: 10.1.0.23, host: fv-az395-686.zfmzfyrfkyou3ow0tsr0jxwq1e.bx.internal.cloudapp.net, ports: [REPLICATION=45559, RATIS=45561, RATIS_ADMIN=45561, RATIS_SERVER=45561, STANDALONE=36393], networkLocation: /default-rack, certSerialId: null, persistedOpState: IN_SERVICE, persistedOpStateExpiryEpochSec: 0}.
2022-06-11 13:53:43,354 [ReplicationMonitor] INFO  replication.LegacyReplicationManager (LegacyReplicationManager.java:sendCloseCommand(1408)) - Sending close container command for container #2 to datanode b3e33fbc-e6b1-4451-bbb7-d94529508024{ip: 10.1.0.23, host: fv-az395-686.zfmzfyrfkyou3ow0tsr0jxwq1e.bx.internal.cloudapp.net, ports: [REPLICATION=42175, RATIS=37137, RATIS_ADMIN=37137, RATIS_SERVER=37137, STANDALONE=33363], networkLocation: /default-rack, certSerialId: null, persistedOpState: IN_SERVICE, persistedOpStateExpiryEpochSec: 0}.
2022-06-11 13:53:43,354 [ReplicationMonitor] INFO  replication.LegacyReplicationManager (LegacyReplicationManager.java:sendCloseCommand(1408)) - Sending close container command for container #2 to datanode 16c7fc92-fb06-4eb2-809b-3504c9fb6acd{ip: 10.1.0.23, host: fv-az395-686.zfmzfyrfkyou3ow0tsr0jxwq1e.bx.internal.cloudapp.net, ports: [REPLICATION=42241, RATIS=43953, RATIS_ADMIN=43953, RATIS_SERVER=43953, STANDALONE=35909], networkLocation: /default-rack, certSerialId: null, persistedOpState: IN_SERVICE, persistedOpStateExpiryEpochSec: 0}.
2022-06-11 13:53:43,354 [ReplicationMonitor] INFO  replication.LegacyReplicationManager (LegacyReplicationManager.java:sendCloseCommand(1408)) - Sending close container command for container #3 to datanode 16c7fc92-fb06-4eb2-809b-3504c9fb6acd{ip: 10.1.0.23, host: fv-az395-686.zfmzfyrfkyou3ow0tsr0jxwq1e.bx.internal.cloudapp.net, ports: [REPLICATION=42241, RATIS=43953, RATIS_ADMIN=43953, RATIS_SERVER=43953, STANDALONE=35909], networkLocation: /default-rack, certSerialId: null, persistedOpState: IN_SERVICE, persistedOpStateExpiryEpochSec: 0}.
2022-06-11 13:53:43,354 [ReplicationMonitor] INFO  replication.LegacyReplicationManager (LegacyReplicationManager.java:sendCloseCommand(1408)) - Sending close container command for container #3 to datanode b3e33fbc-e6b1-4451-bbb7-d94529508024{ip: 10.1.0.23, host: fv-az395-686.zfmzfyrfkyou3ow0tsr0jxwq1e.bx.internal.cloudapp.net, ports: [REPLICATION=42175, RATIS=37137, RATIS_ADMIN=37137, RATIS_SERVER=37137, STANDALONE=33363], networkLocation: /default-rack, certSerialId: null, persistedOpState: IN_SERVICE, persistedOpStateExpiryEpochSec: 0}.
2022-06-11 13:53:43,354 [ReplicationMonitor] INFO  replication.LegacyReplicationManager (LegacyReplicationManager.java:sendCloseCommand(1408)) - Sending close container command for container #3 to datanode 5620fb3b-0054-439e-9ae8-a9fef5d7add1{ip: 10.1.0.23, host: fv-az395-686.zfmzfyrfkyou3ow0tsr0jxwq1e.bx.internal.cloudapp.net, ports: [REPLICATION=45559, RATIS=45561, RATIS_ADMIN=45561, RATIS_SERVER=45561, STANDALONE=36393], networkLocation: /default-rack, certSerialId: null, persistedOpState: IN_SERVICE, persistedOpStateExpiryEpochSec: 0}.
2022-06-11 13:53:43,354 [ReplicationMonitor] INFO  replication.ReplicationManager (ReplicationManager.java:processAll(249)) - Replication Monitor Thread took 1 milliseconds for processing 3 containers.
2022-06-11 13:53:43,709 [Listener at 127.0.0.1/41911] INFO  ozoneimpl.OzoneContainer (OzoneContainer.java:stop(365)) - Attempting to stop container services.
2022-06-11 13:53:43,710 [Listener at 127.0.0.1/41911] INFO  server.RaftServer (RaftServerProxy.java:lambda$close$7(398)) - b3e33fbc-e6b1-4451-bbb7-d94529508024: close
2022-06-11 13:53:43,710 [Listener at 127.0.0.1/41911] INFO  server.RaftServer$Division (RaftServerImpl.java:lambda$close$4(434)) - b3e33fbc-e6b1-4451-bbb7-d94529508024@group-3E8F788DF5DE: shutdown
2022-06-11 13:53:43,711 [Listener at 127.0.0.1/41911] INFO  util.JmxRegister (JmxRegister.java:unregister(73)) - Successfully un-registered JMX Bean with object name Ratis:service=RaftServer,group=group-3E8F788DF5DE,id=b3e33fbc-e6b1-4451-bbb7-d94529508024
2022-06-11 13:53:43,711 [Listener at 127.0.0.1/41911] INFO  impl.RoleInfo (RoleInfo.java:shutdownLeaderState(93)) - b3e33fbc-e6b1-4451-bbb7-d94529508024: shutdown b3e33fbc-e6b1-4451-bbb7-d94529508024@group-3E8F788DF5DE-LeaderStateImpl
2022-06-11 13:53:43,711 [Listener at 127.0.0.1/41911] INFO  impl.PendingRequests (PendingRequests.java:sendNotLeaderResponses(282)) - b3e33fbc-e6b1-4451-bbb7-d94529508024@group-3E8F788DF5DE-PendingRequests: sendNotLeaderResponses
2022-06-11 13:53:43,711 [Listener at 127.0.0.1/41911] INFO  impl.StateMachineUpdater (StateMachineUpdater.java:stopAndJoin(153)) - b3e33fbc-e6b1-4451-bbb7-d94529508024@group-3E8F788DF5DE-StateMachineUpdater: set stopIndex = 0
2022-06-11 13:53:43,712 [b3e33fbc-e6b1-4451-bbb7-d94529508024@group-3E8F788DF5DE-StateMachineUpdater] INFO  ratis.ContainerStateMachine (ContainerStateMachine.java:takeSnapshot(304)) - group-3E8F788DF5DE: Taking a snapshot at:(t:1, i:0) file /home/runner/work/ozone/ozone/hadoop-ozone/integration-test/target/test-dir/MiniOzoneClusterImpl-230799ad-2127-4c70-a2a5-72c033a9677f/datanode-2/data/ratis/d5196bdb-50bf-4589-be18-3e8f788df5de/sm/snapshot.1_0
2022-06-11 13:53:43,713 [b3e33fbc-e6b1-4451-bbb7-d94529508024@group-3E8F788DF5DE-StateMachineUpdater] INFO  ratis.ContainerStateMachine (ContainerStateMachine.java:takeSnapshot(315)) - group-3E8F788DF5DE: Finished taking a snapshot at:(t:1, i:0) file:/home/runner/work/ozone/ozone/hadoop-ozone/integration-test/target/test-dir/MiniOzoneClusterImpl-230799ad-2127-4c70-a2a5-72c033a9677f/datanode-2/data/ratis/d5196bdb-50bf-4589-be18-3e8f788df5de/sm/snapshot.1_0 took: 2 ms
2022-06-11 13:53:43,714 [b3e33fbc-e6b1-4451-bbb7-d94529508024@group-3E8F788DF5DE-StateMachineUpdater] INFO  impl.StateMachineUpdater (StateMachineUpdater.java:takeSnapshot(287)) - b3e33fbc-e6b1-4451-bbb7-d94529508024@group-3E8F788DF5DE-StateMachineUpdater: Took a snapshot at index 0
2022-06-11 13:53:43,714 [b3e33fbc-e6b1-4451-bbb7-d94529508024@group-3E8F788DF5DE-StateMachineUpdater] INFO  impl.StateMachineUpdater (StateMachineUpdater.java:lambda$new$0(92)) - b3e33fbc-e6b1-4451-bbb7-d94529508024@group-3E8F788DF5DE-StateMachineUpdater: snapshotIndex: updateIncreasingly -1 -> 0
2022-06-11 13:53:43,714 [Listener at 127.0.0.1/41911] INFO  server.RaftServer$Division (ServerState.java:close(429)) - b3e33fbc-e6b1-4451-bbb7-d94529508024@group-3E8F788DF5DE: closes. applyIndex: 0
2022-06-11 13:53:43,714 [b3e33fbc-e6b1-4451-bbb7-d94529508024@group-3E8F788DF5DE-SegmentedRaftLogWorker] INFO  segmented.SegmentedRaftLogWorker (SegmentedRaftLogWorker.java:run(336)) - b3e33fbc-e6b1-4451-bbb7-d94529508024@group-3E8F788DF5DE-SegmentedRaftLogWorker was interrupted, exiting. There are 0 tasks remaining in the queue.
2022-06-11 13:53:43,716 [Listener at 127.0.0.1/41911] INFO  segmented.SegmentedRaftLogWorker (SegmentedRaftLogWorker.java:close(246)) - b3e33fbc-e6b1-4451-bbb7-d94529508024@group-3E8F788DF5DE-SegmentedRaftLogWorker close()
2022-06-11 13:53:43,718 [Listener at 127.0.0.1/41911] INFO  server.RaftServer$Division (RaftServerImpl.java:lambda$close$4(434)) - b3e33fbc-e6b1-4451-bbb7-d94529508024@group-7155C7F81711: shutdown
2022-06-11 13:53:43,718 [Listener at 127.0.0.1/41911] INFO  util.JmxRegister (JmxRegister.java:unregister(73)) - Successfully un-registered JMX Bean with object name Ratis:service=RaftServer,group=group-7155C7F81711,id=b3e33fbc-e6b1-4451-bbb7-d94529508024
2022-06-11 13:53:43,718 [Listener at 127.0.0.1/41911] INFO  impl.RoleInfo (RoleInfo.java:shutdownFollowerState(110)) - b3e33fbc-e6b1-4451-bbb7-d94529508024: shutdown b3e33fbc-e6b1-4451-bbb7-d94529508024@group-7155C7F81711-FollowerState
2022-06-11 13:53:43,718 [b3e33fbc-e6b1-4451-bbb7-d94529508024@group-7155C7F81711-FollowerState] INFO  impl.FollowerState (FollowerState.java:run(152)) - b3e33fbc-e6b1-4451-bbb7-d94529508024@group-7155C7F81711-FollowerState was interrupted
2022-06-11 13:53:43,719 [b3e33fbc-e6b1-4451-bbb7-d94529508024@group-7155C7F81711-StateMachineUpdater] INFO  ratis.ContainerStateMachine (ContainerStateMachine.java:takeSnapshot(304)) - group-7155C7F81711: Taking a snapshot at:(t:2, i:55) file /home/runner/work/ozone/ozone/hadoop-ozone/integration-test/target/test-dir/MiniOzoneClusterImpl-230799ad-2127-4c70-a2a5-72c033a9677f/datanode-2/data/ratis/59a554f3-8ff7-4989-92b5-7155c7f81711/sm/snapshot.2_55
2022-06-11 13:53:43,720 [Listener at 127.0.0.1/41911] INFO  impl.StateMachineUpdater (StateMachineUpdater.java:stopAndJoin(153)) - b3e33fbc-e6b1-4451-bbb7-d94529508024@group-7155C7F81711-StateMachineUpdater: set stopIndex = 55
2022-06-11 13:53:43,721 [b3e33fbc-e6b1-4451-bbb7-d94529508024@group-7155C7F81711-StateMachineUpdater] INFO  ratis.ContainerStateMachine (ContainerStateMachine.java:takeSnapshot(315)) - group-7155C7F81711: Finished taking a snapshot at:(t:2, i:55) file:/home/runner/work/ozone/ozone/hadoop-ozone/integration-test/target/test-dir/MiniOzoneClusterImpl-230799ad-2127-4c70-a2a5-72c033a9677f/datanode-2/data/ratis/59a554f3-8ff7-4989-92b5-7155c7f81711/sm/snapshot.2_55 took: 2 ms
2022-06-11 13:53:43,721 [b3e33fbc-e6b1-4451-bbb7-d94529508024@group-7155C7F81711-StateMachineUpdater] INFO  impl.StateMachineUpdater (StateMachineUpdater.java:takeSnapshot(287)) - b3e33fbc-e6b1-4451-bbb7-d94529508024@group-7155C7F81711-StateMachineUpdater: Took a snapshot at index 55
2022-06-11 13:53:43,721 [b3e33fbc-e6b1-4451-bbb7-d94529508024@group-7155C7F81711-StateMachineUpdater] INFO  impl.StateMachineUpdater (StateMachineUpdater.java:lambda$new$0(92)) - b3e33fbc-e6b1-4451-bbb7-d94529508024@group-7155C7F81711-StateMachineUpdater: snapshotIndex: updateIncreasingly -1 -> 55
2022-06-11 13:53:43,722 [Listener at 127.0.0.1/41911] INFO  server.RaftServer$Division (ServerState.java:close(429)) - b3e33fbc-e6b1-4451-bbb7-d94529508024@group-7155C7F81711: closes. applyIndex: 55
2022-06-11 13:53:43,723 [b3e33fbc-e6b1-4451-bbb7-d94529508024@group-7155C7F81711-SegmentedRaftLogWorker] INFO  segmented.SegmentedRaftLogWorker (SegmentedRaftLogWorker.java:run(336)) - b3e33fbc-e6b1-4451-bbb7-d94529508024@group-7155C7F81711-SegmentedRaftLogWorker was interrupted, exiting. There are 0 tasks remaining in the queue.
2022-06-11 13:53:43,723 [ForkJoinPool.commonPool-worker-1] INFO  ozoneimpl.OzoneContainer (OzoneContainer.java:stop(365)) - Attempting to stop container services.
2022-06-11 13:53:43,724 [Listener at 127.0.0.1/41911] INFO  segmented.SegmentedRaftLogWorker (SegmentedRaftLogWorker.java:close(246)) - b3e33fbc-e6b1-4451-bbb7-d94529508024@group-7155C7F81711-SegmentedRaftLogWorker close()
2022-06-11 13:53:43,727 [ForkJoinPool.commonPool-worker-1] INFO  server.RaftServer (RaftServerProxy.java:lambda$close$7(398)) - 5620fb3b-0054-439e-9ae8-a9fef5d7add1: close
2022-06-11 13:53:43,739 [ForkJoinPool.commonPool-worker-1] INFO  server.RaftServer$Division (RaftServerImpl.java:lambda$close$4(434)) - 5620fb3b-0054-439e-9ae8-a9fef5d7add1@group-7155C7F81711: shutdown
2022-06-11 13:53:43,739 [ForkJoinPool.commonPool-worker-1] INFO  util.JmxRegister (JmxRegister.java:unregister(73)) - Successfully un-registered JMX Bean with object name Ratis:service=RaftServer,group=group-7155C7F81711,id=5620fb3b-0054-439e-9ae8-a9fef5d7add1
2022-06-11 13:53:43,739 [ForkJoinPool.commonPool-worker-1] INFO  impl.RoleInfo (RoleInfo.java:shutdownLeaderState(93)) - 5620fb3b-0054-439e-9ae8-a9fef5d7add1: shutdown 5620fb3b-0054-439e-9ae8-a9fef5d7add1@group-7155C7F81711-LeaderStateImpl
2022-06-11 13:53:43,740 [ForkJoinPool.commonPool-worker-1] INFO  impl.PendingRequests (PendingRequests.java:sendNotLeaderResponses(282)) - 5620fb3b-0054-439e-9ae8-a9fef5d7add1@group-7155C7F81711-PendingRequests: sendNotLeaderResponses
2022-06-11 13:53:43,740 [5620fb3b-0054-439e-9ae8-a9fef5d7add1@group-7155C7F81711->b3e33fbc-e6b1-4451-bbb7-d94529508024-GrpcLogAppender-LogAppenderDaemon] WARN  server.GrpcLogAppender (GrpcLogAppender.java:mayWait(171)) - 5620fb3b-0054-439e-9ae8-a9fef5d7add1@group-7155C7F81711->b3e33fbc-e6b1-4451-bbb7-d94529508024-GrpcLogAppender: Wait interrupted by java.lang.InterruptedException
2022-06-11 13:53:43,748 [5620fb3b-0054-439e-9ae8-a9fef5d7add1@group-7155C7F81711->16c7fc92-fb06-4eb2-809b-3504c9fb6acd-GrpcLogAppender-LogAppenderDaemon] WARN  server.GrpcLogAppender (GrpcLogAppender.java:mayWait(171)) - 5620fb3b-0054-439e-9ae8-a9fef5d7add1@group-7155C7F81711->16c7fc92-fb06-4eb2-809b-3504c9fb6acd-GrpcLogAppender: Wait interrupted by java.lang.InterruptedException
2022-06-11 13:53:43,749 [grpc-default-executor-1] INFO  server.GrpcServerProtocolService (GrpcServerProtocolService.java:onCompleted(140)) - 16c7fc92-fb06-4eb2-809b-3504c9fb6acd: Completed APPEND_ENTRIES, lastRequest: 5620fb3b-0054-439e-9ae8-a9fef5d7add1->16c7fc92-fb06-4eb2-809b-3504c9fb6acd#300-t2,previous=(t:2, i:54),leaderCommit=53,initializing? true,entries: size=1, first=(t:2, i:55), METADATAENTRY(c:53)
2022-06-11 13:53:43,741 [grpc-default-executor-2] INFO  server.GrpcServerProtocolService (GrpcServerProtocolService.java:onCompleted(140)) - b3e33fbc-e6b1-4451-bbb7-d94529508024: Completed APPEND_ENTRIES, lastRequest: 5620fb3b-0054-439e-9ae8-a9fef5d7add1->b3e33fbc-e6b1-4451-bbb7-d94529508024#276-t2,previous=(t:2, i:54),leaderCommit=53,initializing? true,entries: size=1, first=(t:2, i:55), METADATAENTRY(c:53)
2022-06-11 13:53:43,770 [grpc-default-executor-4] INFO  server.GrpcLogAppender (GrpcLogAppender.java:onCompleted(339)) - 5620fb3b-0054-439e-9ae8-a9fef5d7add1@group-7155C7F81711->b3e33fbc-e6b1-4451-bbb7-d94529508024-AppendLogResponseHandler: follower responses appendEntries COMPLETED
2022-06-11 13:53:43,770 [grpc-default-executor-4] INFO  leader.FollowerInfo (FollowerInfoImpl.java:lambda$new$0(48)) - 5620fb3b-0054-439e-9ae8-a9fef5d7add1@group-7155C7F81711->b3e33fbc-e6b1-4451-bbb7-d94529508024: nextIndex: updateUnconditionally 56 -> 55
2022-06-11 13:53:43,772 [Listener at 127.0.0.1/41911] INFO  server.GrpcService (GrpcService.java:closeImpl(269)) - b3e33fbc-e6b1-4451-bbb7-d94529508024: shutdown server with port 37137 now
2022-06-11 13:53:43,773 [grpc-default-executor-1] INFO  server.GrpcLogAppender (GrpcLogAppender.java:onCompleted(339)) - 5620fb3b-0054-439e-9ae8-a9fef5d7add1@group-7155C7F81711->16c7fc92-fb06-4eb2-809b-3504c9fb6acd-AppendLogResponseHandler: follower responses appendEntries COMPLETED
2022-06-11 13:53:43,773 [grpc-default-executor-1] INFO  leader.FollowerInfo (FollowerInfoImpl.java:lambda$new$0(48)) - 5620fb3b-0054-439e-9ae8-a9fef5d7add1@group-7155C7F81711->16c7fc92-fb06-4eb2-809b-3504c9fb6acd: nextIndex: updateUnconditionally 56 -> 55
2022-06-11 13:53:43,791 [ForkJoinPool.commonPool-worker-1] INFO  impl.StateMachineUpdater (StateMachineUpdater.java:stopAndJoin(153)) - 5620fb3b-0054-439e-9ae8-a9fef5d7add1@group-7155C7F81711-StateMachineUpdater: set stopIndex = 55
2022-06-11 13:53:43,792 [5620fb3b-0054-439e-9ae8-a9fef5d7add1@group-7155C7F81711-StateMachineUpdater] INFO  ratis.ContainerStateMachine (ContainerStateMachine.java:takeSnapshot(304)) - group-7155C7F81711: Taking a snapshot at:(t:2, i:55) file /home/runner/work/ozone/ozone/hadoop-ozone/integration-test/target/test-dir/MiniOzoneClusterImpl-230799ad-2127-4c70-a2a5-72c033a9677f/datanode-1/data/ratis/59a554f3-8ff7-4989-92b5-7155c7f81711/sm/snapshot.2_55
2022-06-11 13:53:43,802 [Listener at 127.0.0.1/41911] INFO  server.GrpcService (GrpcService.java:closeImpl(278)) - b3e33fbc-e6b1-4451-bbb7-d94529508024: shutdown server with port 37137 successfully
2022-06-11 13:53:43,803 [org.apache.ratis.util.JvmPauseMonitor$$Lambda$627/1387949628@66f5c29a] INFO  util.JvmPauseMonitor (JvmPauseMonitor.java:run(109)) - JvmPauseMonitor-b3e33fbc-e6b1-4451-bbb7-d94529508024: Stopped
2022-06-11 13:53:43,809 [5620fb3b-0054-439e-9ae8-a9fef5d7add1@group-7155C7F81711-StateMachineUpdater] INFO  ratis.ContainerStateMachine (ContainerStateMachine.java:takeSnapshot(315)) - group-7155C7F81711: Finished taking a snapshot at:(t:2, i:55) file:/home/runner/work/ozone/ozone/hadoop-ozone/integration-test/target/test-dir/MiniOzoneClusterImpl-230799ad-2127-4c70-a2a5-72c033a9677f/datanode-1/data/ratis/59a554f3-8ff7-4989-92b5-7155c7f81711/sm/snapshot.2_55 took: 18 ms
2022-06-11 13:53:43,809 [5620fb3b-0054-439e-9ae8-a9fef5d7add1@group-7155C7F81711-StateMachineUpdater] INFO  impl.StateMachineUpdater (StateMachineUpdater.java:takeSnapshot(287)) - 5620fb3b-0054-439e-9ae8-a9fef5d7add1@group-7155C7F81711-StateMachineUpdater: Took a snapshot at index 55
2022-06-11 13:53:43,809 [5620fb3b-0054-439e-9ae8-a9fef5d7add1@group-7155C7F81711-StateMachineUpdater] INFO  impl.StateMachineUpdater (StateMachineUpdater.java:lambda$new$0(92)) - 5620fb3b-0054-439e-9ae8-a9fef5d7add1@group-7155C7F81711-StateMachineUpdater: snapshotIndex: updateIncreasingly -1 -> 55
2022-06-11 13:53:43,812 [ForkJoinPool.commonPool-worker-1] INFO  server.RaftServer$Division (ServerState.java:close(429)) - 5620fb3b-0054-439e-9ae8-a9fef5d7add1@group-7155C7F81711: closes. applyIndex: 55
2022-06-11 13:53:43,812 [5620fb3b-0054-439e-9ae8-a9fef5d7add1@group-7155C7F81711-SegmentedRaftLogWorker] INFO  segmented.SegmentedRaftLogWorker (SegmentedRaftLogWorker.java:run(336)) - 5620fb3b-0054-439e-9ae8-a9fef5d7add1@group-7155C7F81711-SegmentedRaftLogWorker was interrupted, exiting. There are 0 tasks remaining in the queue.
2022-06-11 13:53:43,814 [ForkJoinPool.commonPool-worker-1] INFO  segmented.SegmentedRaftLogWorker (SegmentedRaftLogWorker.java:close(246)) - 5620fb3b-0054-439e-9ae8-a9fef5d7add1@group-7155C7F81711-SegmentedRaftLogWorker close()
2022-06-11 13:53:43,816 [ForkJoinPool.commonPool-worker-1] INFO  server.RaftServer$Division (RaftServerImpl.java:lambda$close$4(434)) - 5620fb3b-0054-439e-9ae8-a9fef5d7add1@group-013AB8A6A2DB: shutdown
2022-06-11 13:53:43,817 [ForkJoinPool.commonPool-worker-1] INFO  util.JmxRegister (JmxRegister.java:unregister(73)) - Successfully un-registered JMX Bean with object name Ratis:service=RaftServer,group=group-013AB8A6A2DB,id=5620fb3b-0054-439e-9ae8-a9fef5d7add1
2022-06-11 13:53:43,817 [ForkJoinPool.commonPool-worker-1] INFO  impl.RoleInfo (RoleInfo.java:shutdownLeaderState(93)) - 5620fb3b-0054-439e-9ae8-a9fef5d7add1: shutdown 5620fb3b-0054-439e-9ae8-a9fef5d7add1@group-013AB8A6A2DB-LeaderStateImpl
2022-06-11 13:53:43,817 [ForkJoinPool.commonPool-worker-1] INFO  impl.PendingRequests (PendingRequests.java:sendNotLeaderResponses(282)) - 5620fb3b-0054-439e-9ae8-a9fef5d7add1@group-013AB8A6A2DB-PendingRequests: sendNotLeaderResponses
2022-06-11 13:53:43,818 [ForkJoinPool.commonPool-worker-1] INFO  impl.StateMachineUpdater (StateMachineUpdater.java:stopAndJoin(153)) - 5620fb3b-0054-439e-9ae8-a9fef5d7add1@group-013AB8A6A2DB-StateMachineUpdater: set stopIndex = 0
2022-06-11 13:53:43,818 [5620fb3b-0054-439e-9ae8-a9fef5d7add1@group-013AB8A6A2DB-StateMachineUpdater] INFO  ratis.ContainerStateMachine (ContainerStateMachine.java:takeSnapshot(304)) - group-013AB8A6A2DB: Taking a snapshot at:(t:1, i:0) file /home/runner/work/ozone/ozone/hadoop-ozone/integration-test/target/test-dir/MiniOzoneClusterImpl-230799ad-2127-4c70-a2a5-72c033a9677f/datanode-1/data/ratis/edec4eb6-cd2f-47ba-a59e-013ab8a6a2db/sm/snapshot.1_0
2022-06-11 13:53:43,820 [5620fb3b-0054-439e-9ae8-a9fef5d7add1@group-013AB8A6A2DB-StateMachineUpdater] INFO  ratis.ContainerStateMachine (ContainerStateMachine.java:takeSnapshot(315)) - group-013AB8A6A2DB: Finished taking a snapshot at:(t:1, i:0) file:/home/runner/work/ozone/ozone/hadoop-ozone/integration-test/target/test-dir/MiniOzoneClusterImpl-230799ad-2127-4c70-a2a5-72c033a9677f/datanode-1/data/ratis/edec4eb6-cd2f-47ba-a59e-013ab8a6a2db/sm/snapshot.1_0 took: 2 ms
2022-06-11 13:53:43,821 [5620fb3b-0054-439e-9ae8-a9fef5d7add1@group-013AB8A6A2DB-StateMachineUpdater] INFO  impl.StateMachineUpdater (StateMachineUpdater.java:takeSnapshot(287)) - 5620fb3b-0054-439e-9ae8-a9fef5d7add1@group-013AB8A6A2DB-StateMachineUpdater: Took a snapshot at index 0
2022-06-11 13:53:43,821 [5620fb3b-0054-439e-9ae8-a9fef5d7add1@group-013AB8A6A2DB-StateMachineUpdater] INFO  impl.StateMachineUpdater (StateMachineUpdater.java:lambda$new$0(92)) - 5620fb3b-0054-439e-9ae8-a9fef5d7add1@group-013AB8A6A2DB-StateMachineUpdater: snapshotIndex: updateIncreasingly -1 -> 0
2022-06-11 13:53:43,824 [ForkJoinPool.commonPool-worker-1] INFO  server.RaftServer$Division (ServerState.java:close(429)) - 5620fb3b-0054-439e-9ae8-a9fef5d7add1@group-013AB8A6A2DB: closes. applyIndex: 0
2022-06-11 13:53:43,824 [5620fb3b-0054-439e-9ae8-a9fef5d7add1@group-013AB8A6A2DB-SegmentedRaftLogWorker] INFO  segmented.SegmentedRaftLogWorker (SegmentedRaftLogWorker.java:run(336)) - 5620fb3b-0054-439e-9ae8-a9fef5d7add1@group-013AB8A6A2DB-SegmentedRaftLogWorker was interrupted, exiting. There are 0 tasks remaining in the queue.
2022-06-11 13:53:43,824 [ForkJoinPool.commonPool-worker-1] INFO  segmented.SegmentedRaftLogWorker (SegmentedRaftLogWorker.java:close(246)) - 5620fb3b-0054-439e-9ae8-a9fef5d7add1@group-013AB8A6A2DB-SegmentedRaftLogWorker close()
2022-06-11 13:53:43,837 [ForkJoinPool.commonPool-worker-1] INFO  server.GrpcService (GrpcService.java:closeImpl(269)) - 5620fb3b-0054-439e-9ae8-a9fef5d7add1: shutdown server with port 45561 now
2022-06-11 13:53:43,840 [grpc-default-executor-2] WARN  server.GrpcClientProtocolService (LogUtils.java:warn(122)) - 1-UnorderedRequestStreamObserver1: onError: org.apache.ratis.thirdparty.io.grpc.StatusRuntimeException: CANCELLED: client cancelled
2022-06-11 13:53:43,848 [ForkJoinPool.commonPool-worker-1] INFO  server.GrpcService (GrpcService.java:closeImpl(278)) - 5620fb3b-0054-439e-9ae8-a9fef5d7add1: shutdown server with port 45561 successfully
2022-06-11 13:53:43,848 [org.apache.ratis.util.JvmPauseMonitor$$Lambda$627/1387949628@4042ad5a] INFO  util.JvmPauseMonitor (JvmPauseMonitor.java:run(109)) - JvmPauseMonitor-5620fb3b-0054-439e-9ae8-a9fef5d7add1: Stopped
2022-06-11 13:53:43,872 [EventQueue-DeadNodeForDeadNodeHandler] INFO  node.DeadNodeHandler (DeadNodeHandler.java:onMessage(80)) - A dead datanode is detected. 5620fb3b-0054-439e-9ae8-a9fef5d7add1{ip: 10.1.0.23, host: fv-az395-686.zfmzfyrfkyou3ow0tsr0jxwq1e.bx.internal.cloudapp.net, ports: [REPLICATION=45559, RATIS=45561, RATIS_ADMIN=45561, RATIS_SERVER=45561, STANDALONE=36393], networkLocation: /default-rack, certSerialId: null, persistedOpState: IN_SERVICE, persistedOpStateExpiryEpochSec: 0}
2022-06-11 13:53:43,872 [EventQueue-DeadNodeForDeadNodeHandler] INFO  pipeline.RatisPipelineProvider (RatisPipelineProvider.java:lambda$close$1(244)) - Send pipeline:PipelineID=59a554f3-8ff7-4989-92b5-7155c7f81711 close command to datanode b3e33fbc-e6b1-4451-bbb7-d94529508024
2022-06-11 13:53:43,872 [EventQueue-DeadNodeForDeadNodeHandler] INFO  pipeline.RatisPipelineProvider (RatisPipelineProvider.java:lambda$close$1(244)) - Send pipeline:PipelineID=59a554f3-8ff7-4989-92b5-7155c7f81711 close command to datanode 5620fb3b-0054-439e-9ae8-a9fef5d7add1
2022-06-11 13:53:43,873 [EventQueue-DeadNodeForDeadNodeHandler] INFO  pipeline.RatisPipelineProvider (RatisPipelineProvider.java:lambda$close$1(244)) - Send pipeline:PipelineID=59a554f3-8ff7-4989-92b5-7155c7f81711 close command to datanode 16c7fc92-fb06-4eb2-809b-3504c9fb6acd
2022-06-11 13:53:43,876 [EventQueue-DeadNodeForDeadNodeHandler] INFO  pipeline.PipelineStateManagerImpl (PipelineStateManagerImpl.java:removePipeline(243)) - Pipeline Pipeline[ Id: 59a554f3-8ff7-4989-92b5-7155c7f81711, Nodes: b3e33fbc-e6b1-4451-bbb7-d94529508024{ip: 10.1.0.23, host: fv-az395-686.zfmzfyrfkyou3ow0tsr0jxwq1e.bx.internal.cloudapp.net, ports: [REPLICATION=42175, RATIS=37137, RATIS_ADMIN=37137, RATIS_SERVER=37137, STANDALONE=33363], networkLocation: /default-rack, certSerialId: null, persistedOpState: IN_SERVICE, persistedOpStateExpiryEpochSec: 0}5620fb3b-0054-439e-9ae8-a9fef5d7add1{ip: 10.1.0.23, host: fv-az395-686.zfmzfyrfkyou3ow0tsr0jxwq1e.bx.internal.cloudapp.net, ports: [REPLICATION=45559, RATIS=45561, RATIS_ADMIN=45561, RATIS_SERVER=45561, STANDALONE=36393], networkLocation: /default-rack, certSerialId: null, persistedOpState: IN_SERVICE, persistedOpStateExpiryEpochSec: 0}16c7fc92-fb06-4eb2-809b-3504c9fb6acd{ip: 10.1.0.23, host: fv-az395-686.zfmzfyrfkyou3ow0tsr0jxwq1e.bx.internal.cloudapp.net, ports: [REPLICATION=42241, RATIS=43953, RATIS_ADMIN=43953, RATIS_SERVER=43953, STANDALONE=35909], networkLocation: /default-rack, certSerialId: null, persistedOpState: IN_SERVICE, persistedOpStateExpiryEpochSec: 0}, ReplicationConfig: RATIS/THREE, State:CLOSED, leaderId:5620fb3b-0054-439e-9ae8-a9fef5d7add1, CreationTimestamp2022-06-11T13:53:23.140Z[Etc/UTC]] removed.
2022-06-11 13:53:43,876 [EventQueue-DeadNodeForDeadNodeHandler] INFO  pipeline.RatisPipelineProvider (RatisPipelineProvider.java:lambda$close$1(244)) - Send pipeline:PipelineID=edec4eb6-cd2f-47ba-a59e-013ab8a6a2db close command to datanode 5620fb3b-0054-439e-9ae8-a9fef5d7add1
2022-06-11 13:53:43,876 [EventQueue-DeadNodeForDeadNodeHandler] INFO  pipeline.PipelineStateManagerImpl (PipelineStateManagerImpl.java:removePipeline(243)) - Pipeline Pipeline[ Id: edec4eb6-cd2f-47ba-a59e-013ab8a6a2db, Nodes: 5620fb3b-0054-439e-9ae8-a9fef5d7add1{ip: 10.1.0.23, host: fv-az395-686.zfmzfyrfkyou3ow0tsr0jxwq1e.bx.internal.cloudapp.net, ports: [REPLICATION=45559, RATIS=45561, RATIS_ADMIN=45561, RATIS_SERVER=45561, STANDALONE=36393], networkLocation: /default-rack, certSerialId: null, persistedOpState: IN_SERVICE, persistedOpStateExpiryEpochSec: 0}, ReplicationConfig: RATIS/ONE, State:CLOSED, leaderId:5620fb3b-0054-439e-9ae8-a9fef5d7add1, CreationTimestamp2022-06-11T13:53:22.260Z[Etc/UTC]] removed.
2022-06-11 13:53:43,876 [EventQueue-DeadNodeForDeadNodeHandler] INFO  net.NetworkTopologyImpl (NetworkTopologyImpl.java:remove(137)) - Removed a node: /default-rack/5620fb3b-0054-439e-9ae8-a9fef5d7add1
2022-06-11 13:53:43,877 [EventQueue-DeadNodeForDeadNodeHandler] INFO  node.DeadNodeHandler (DeadNodeHandler.java:onMessage(80)) - A dead datanode is detected. b3e33fbc-e6b1-4451-bbb7-d94529508024{ip: 10.1.0.23, host: fv-az395-686.zfmzfyrfkyou3ow0tsr0jxwq1e.bx.internal.cloudapp.net, ports: [REPLICATION=42175, RATIS=37137, RATIS_ADMIN=37137, RATIS_SERVER=37137, STANDALONE=33363], networkLocation: /default-rack, certSerialId: null, persistedOpState: IN_SERVICE, persistedOpStateExpiryEpochSec: 0}
2022-06-11 13:53:43,877 [EventQueue-DeadNodeForDeadNodeHandler] INFO  pipeline.RatisPipelineProvider (RatisPipelineProvider.java:lambda$close$1(244)) - Send pipeline:PipelineID=d5196bdb-50bf-4589-be18-3e8f788df5de close command to datanode b3e33fbc-e6b1-4451-bbb7-d94529508024
2022-06-11 13:53:43,877 [EventQueue-DeadNodeForDeadNodeHandler] INFO  pipeline.PipelineStateManagerImpl (PipelineStateManagerImpl.java:removePipeline(243)) - Pipeline Pipeline[ Id: d5196bdb-50bf-4589-be18-3e8f788df5de, Nodes: b3e33fbc-e6b1-4451-bbb7-d94529508024{ip: 10.1.0.23, host: fv-az395-686.zfmzfyrfkyou3ow0tsr0jxwq1e.bx.internal.cloudapp.net, ports: [REPLICATION=42175, RATIS=37137, RATIS_ADMIN=37137, RATIS_SERVER=37137, STANDALONE=33363], networkLocation: /default-rack, certSerialId: null, persistedOpState: IN_SERVICE, persistedOpStateExpiryEpochSec: 0}, ReplicationConfig: RATIS/ONE, State:CLOSED, leaderId:b3e33fbc-e6b1-4451-bbb7-d94529508024, CreationTimestamp2022-06-11T13:53:23.139Z[Etc/UTC]] removed.
2022-06-11 13:53:43,878 [EventQueue-DeadNodeForDeadNodeHandler] INFO  net.NetworkTopologyImpl (NetworkTopologyImpl.java:remove(137)) - Removed a node: /default-rack/b3e33fbc-e6b1-4451-bbb7-d94529508024
2022-06-11 13:53:44,354 [ReplicationMonitor] INFO  replication.LegacyReplicationManager (LegacyReplicationManager.java:sendCloseCommand(1408)) - Sending close container command for container #1 to datanode 16c7fc92-fb06-4eb2-809b-3504c9fb6acd{ip: 10.1.0.23, host: fv-az395-686.zfmzfyrfkyou3ow0tsr0jxwq1e.bx.internal.cloudapp.net, ports: [REPLICATION=42241, RATIS=43953, RATIS_ADMIN=43953, RATIS_SERVER=43953, STANDALONE=35909], networkLocation: /default-rack, certSerialId: null, persistedOpState: IN_SERVICE, persistedOpStateExpiryEpochSec: 0}.
2022-06-11 13:53:44,355 [ReplicationMonitor] INFO  replication.LegacyReplicationManager (LegacyReplicationManager.java:sendCloseCommand(1408)) - Sending close container command for container #2 to datanode 16c7fc92-fb06-4eb2-809b-3504c9fb6acd{ip: 10.1.0.23, host: fv-az395-686.zfmzfyrfkyou3ow0tsr0jxwq1e.bx.internal.cloudapp.net, ports: [REPLICATION=42241, RATIS=43953, RATIS_ADMIN=43953, RATIS_SERVER=43953, STANDALONE=35909], networkLocation: /default-rack, certSerialId: null, persistedOpState: IN_SERVICE, persistedOpStateExpiryEpochSec: 0}.
2022-06-11 13:53:44,355 [ReplicationMonitor] INFO  replication.LegacyReplicationManager (LegacyReplicationManager.java:sendCloseCommand(1408)) - Sending close container command for container #3 to datanode 16c7fc92-fb06-4eb2-809b-3504c9fb6acd{ip: 10.1.0.23, host: fv-az395-686.zfmzfyrfkyou3ow0tsr0jxwq1e.bx.internal.cloudapp.net, ports: [REPLICATION=42241, RATIS=43953, RATIS_ADMIN=43953, RATIS_SERVER=43953, STANDALONE=35909], networkLocation: /default-rack, certSerialId: null, persistedOpState: IN_SERVICE, persistedOpStateExpiryEpochSec: 0}.
2022-06-11 13:53:44,355 [ReplicationMonitor] INFO  replication.ReplicationManager (ReplicationManager.java:processAll(249)) - Replication Monitor Thread took 0 milliseconds for processing 3 containers.
2022-06-11 13:53:45,355 [ReplicationMonitor] INFO  replication.LegacyReplicationManager (LegacyReplicationManager.java:sendCloseCommand(1408)) - Sending close container command for container #1 to datanode 16c7fc92-fb06-4eb2-809b-3504c9fb6acd{ip: 10.1.0.23, host: fv-az395-686.zfmzfyrfkyou3ow0tsr0jxwq1e.bx.internal.cloudapp.net, ports: [REPLICATION=42241, RATIS=43953, RATIS_ADMIN=43953, RATIS_SERVER=43953, STANDALONE=35909], networkLocation: /default-rack, certSerialId: null, persistedOpState: IN_SERVICE, persistedOpStateExpiryEpochSec: 0}.
2022-06-11 13:53:45,355 [ReplicationMonitor] INFO  replication.LegacyReplicationManager (LegacyReplicationManager.java:sendCloseCommand(1408)) - Sending close container command for container #2 to datanode 16c7fc92-fb06-4eb2-809b-3504c9fb6acd{ip: 10.1.0.23, host: fv-az395-686.zfmzfyrfkyou3ow0tsr0jxwq1e.bx.internal.cloudapp.net, ports: [REPLICATION=42241, RATIS=43953, RATIS_ADMIN=43953, RATIS_SERVER=43953, STANDALONE=35909], networkLocation: /default-rack, certSerialId: null, persistedOpState: IN_SERVICE, persistedOpStateExpiryEpochSec: 0}.
2022-06-11 13:53:45,355 [ReplicationMonitor] INFO  replication.LegacyReplicationManager (LegacyReplicationManager.java:sendCloseCommand(1408)) - Sending close container command for container #3 to datanode 16c7fc92-fb06-4eb2-809b-3504c9fb6acd{ip: 10.1.0.23, host: fv-az395-686.zfmzfyrfkyou3ow0tsr0jxwq1e.bx.internal.cloudapp.net, ports: [REPLICATION=42241, RATIS=43953, RATIS_ADMIN=43953, RATIS_SERVER=43953, STANDALONE=35909], networkLocation: /default-rack, certSerialId: null, persistedOpState: IN_SERVICE, persistedOpStateExpiryEpochSec: 0}.
2022-06-11 13:53:45,355 [ReplicationMonitor] INFO  replication.ReplicationManager (ReplicationManager.java:processAll(249)) - Replication Monitor Thread took 1 milliseconds for processing 3 containers.
2022-06-11 13:53:45,772 [Command processor thread] INFO  server.RaftServer (RaftServerProxy.java:remove(107)) - 16c7fc92-fb06-4eb2-809b-3504c9fb6acd: remove  FOLLOWER 16c7fc92-fb06-4eb2-809b-3504c9fb6acd@group-7155C7F81711:t2, leader=5620fb3b-0054-439e-9ae8-a9fef5d7add1, voted=5620fb3b-0054-439e-9ae8-a9fef5d7add1, raftlog=16c7fc92-fb06-4eb2-809b-3504c9fb6acd@group-7155C7F81711-SegmentedRaftLog:OPENED:c55, conf=0: [16c7fc92-fb06-4eb2-809b-3504c9fb6acd|rpc:10.1.0.23:43953|dataStream:|priority:0, b3e33fbc-e6b1-4451-bbb7-d94529508024|rpc:10.1.0.23:37137|dataStream:|priority:0, 5620fb3b-0054-439e-9ae8-a9fef5d7add1|rpc:10.1.0.23:45561|dataStream:|priority:1], old=null RUNNING
2022-06-11 13:53:45,772 [Command processor thread] INFO  server.RaftServer$Division (RaftServerImpl.java:lambda$close$4(434)) - 16c7fc92-fb06-4eb2-809b-3504c9fb6acd@group-7155C7F81711: shutdown
2022-06-11 13:53:45,773 [Command processor thread] INFO  util.JmxRegister (JmxRegister.java:unregister(73)) - Successfully un-registered JMX Bean with object name Ratis:service=RaftServer,group=group-7155C7F81711,id=16c7fc92-fb06-4eb2-809b-3504c9fb6acd
2022-06-11 13:53:45,773 [Command processor thread] INFO  impl.RoleInfo (RoleInfo.java:shutdownFollowerState(110)) - 16c7fc92-fb06-4eb2-809b-3504c9fb6acd: shutdown 16c7fc92-fb06-4eb2-809b-3504c9fb6acd@group-7155C7F81711-FollowerState
2022-06-11 13:53:45,773 [Command processor thread] INFO  impl.StateMachineUpdater (StateMachineUpdater.java:stopAndJoin(153)) - 16c7fc92-fb06-4eb2-809b-3504c9fb6acd@group-7155C7F81711-StateMachineUpdater: set stopIndex = 55
2022-06-11 13:53:45,773 [16c7fc92-fb06-4eb2-809b-3504c9fb6acd@group-7155C7F81711-StateMachineUpdater] INFO  ratis.ContainerStateMachine (ContainerStateMachine.java:takeSnapshot(304)) - group-7155C7F81711: Taking a snapshot at:(t:2, i:55) file /home/runner/work/ozone/ozone/hadoop-ozone/integration-test/target/test-dir/MiniOzoneClusterImpl-230799ad-2127-4c70-a2a5-72c033a9677f/datanode-0/data/ratis/59a554f3-8ff7-4989-92b5-7155c7f81711/sm/snapshot.2_55
2022-06-11 13:53:45,774 [16c7fc92-fb06-4eb2-809b-3504c9fb6acd@group-7155C7F81711-FollowerState] INFO  impl.FollowerState (FollowerState.java:run(152)) - 16c7fc92-fb06-4eb2-809b-3504c9fb6acd@group-7155C7F81711-FollowerState was interrupted
2022-06-11 13:53:45,775 [16c7fc92-fb06-4eb2-809b-3504c9fb6acd@group-7155C7F81711-StateMachineUpdater] INFO  ratis.ContainerStateMachine (ContainerStateMachine.java:takeSnapshot(315)) - group-7155C7F81711: Finished taking a snapshot at:(t:2, i:55) file:/home/runner/work/ozone/ozone/hadoop-ozone/integration-test/target/test-dir/MiniOzoneClusterImpl-230799ad-2127-4c70-a2a5-72c033a9677f/datanode-0/data/ratis/59a554f3-8ff7-4989-92b5-7155c7f81711/sm/snapshot.2_55 took: 1 ms
2022-06-11 13:53:45,775 [16c7fc92-fb06-4eb2-809b-3504c9fb6acd@group-7155C7F81711-StateMachineUpdater] INFO  impl.StateMachineUpdater (StateMachineUpdater.java:takeSnapshot(287)) - 16c7fc92-fb06-4eb2-809b-3504c9fb6acd@group-7155C7F81711-StateMachineUpdater: Took a snapshot at index 55
2022-06-11 13:53:45,775 [16c7fc92-fb06-4eb2-809b-3504c9fb6acd@group-7155C7F81711-StateMachineUpdater] INFO  impl.StateMachineUpdater (StateMachineUpdater.java:lambda$new$0(92)) - 16c7fc92-fb06-4eb2-809b-3504c9fb6acd@group-7155C7F81711-StateMachineUpdater: snapshotIndex: updateIncreasingly -1 -> 55
2022-06-11 13:53:45,777 [Command processor thread] INFO  server.RaftServer$Division (ServerState.java:close(429)) - 16c7fc92-fb06-4eb2-809b-3504c9fb6acd@group-7155C7F81711: closes. applyIndex: 55
2022-06-11 13:53:45,777 [16c7fc92-fb06-4eb2-809b-3504c9fb6acd@group-7155C7F81711-SegmentedRaftLogWorker] INFO  segmented.SegmentedRaftLogWorker (SegmentedRaftLogWorker.java:run(336)) - 16c7fc92-fb06-4eb2-809b-3504c9fb6acd@group-7155C7F81711-SegmentedRaftLogWorker was interrupted, exiting. There are 0 tasks remaining in the queue.
2022-06-11 13:53:45,777 [Command processor thread] INFO  segmented.SegmentedRaftLogWorker (SegmentedRaftLogWorker.java:close(246)) - 16c7fc92-fb06-4eb2-809b-3504c9fb6acd@group-7155C7F81711-SegmentedRaftLogWorker close()
2022-06-11 13:53:45,802 [Command processor thread] INFO  keyvalue.KeyValueContainer (KeyValueContainer.java:flushAndSyncDB(431)) - Container 1 is synced with bcsId 53.
2022-06-11 13:53:45,802 [Command processor thread] INFO  keyvalue.KeyValueContainer (KeyValueContainer.java:flushAndSyncDB(431)) - Container 1 is synced with bcsId 53.
2022-06-11 13:53:45,810 [FixedThreadPoolWithAffinityExecutor-8-0] INFO  container.IncrementalContainerReportHandler (AbstractContainerReportHandler.java:updateContainerState(281)) - Moving container #1 to QUASI_CLOSED state, datanode 16c7fc92-fb06-4eb2-809b-3504c9fb6acd{ip: 10.1.0.23, host: fv-az395-686.zfmzfyrfkyou3ow0tsr0jxwq1e.bx.internal.cloudapp.net, ports: [REPLICATION=42241, RATIS=43953, RATIS_ADMIN=43953, RATIS_SERVER=43953, STANDALONE=35909], networkLocation: /default-rack, certSerialId: null, persistedOpState: IN_SERVICE, persistedOpStateExpiryEpochSec: 0} reported QUASI_CLOSED replica.
2022-06-11 13:53:45,812 [Command processor thread] INFO  keyvalue.KeyValueContainer (KeyValueContainer.java:flushAndSyncDB(431)) - Container 2 is synced with bcsId 47.
2022-06-11 13:53:45,812 [Command processor thread] INFO  keyvalue.KeyValueContainer (KeyValueContainer.java:flushAndSyncDB(431)) - Container 2 is synced with bcsId 47.
2022-06-11 13:53:45,820 [FixedThreadPoolWithAffinityExecutor-9-0] INFO  container.IncrementalContainerReportHandler (AbstractContainerReportHandler.java:updateContainerState(281)) - Moving container #2 to QUASI_CLOSED state, datanode 16c7fc92-fb06-4eb2-809b-3504c9fb6acd{ip: 10.1.0.23, host: fv-az395-686.zfmzfyrfkyou3ow0tsr0jxwq1e.bx.internal.cloudapp.net, ports: [REPLICATION=42241, RATIS=43953, RATIS_ADMIN=43953, RATIS_SERVER=43953, STANDALONE=35909], networkLocation: /default-rack, certSerialId: null, persistedOpState: IN_SERVICE, persistedOpStateExpiryEpochSec: 0} reported QUASI_CLOSED replica.
2022-06-11 13:53:45,854 [Command processor thread] INFO  keyvalue.KeyValueContainer (KeyValueContainer.java:flushAndSyncDB(431)) - Container 3 is synced with bcsId 50.
2022-06-11 13:53:45,854 [Command processor thread] INFO  keyvalue.KeyValueContainer (KeyValueContainer.java:flushAndSyncDB(431)) - Container 3 is synced with bcsId 50.
2022-06-11 13:53:45,861 [Command processor thread] INFO  server.RaftServer$Division (RaftServerImpl.java:groupRemove(404)) - 16c7fc92-fb06-4eb2-809b-3504c9fb6acd@group-7155C7F81711: Succeed to remove RaftStorageDirectory Storage Directory /home/runner/work/ozone/ozone/hadoop-ozone/integration-test/target/test-dir/MiniOzoneClusterImpl-230799ad-2127-4c70-a2a5-72c033a9677f/datanode-0/data/ratis/59a554f3-8ff7-4989-92b5-7155c7f81711
2022-06-11 13:53:45,861 [Command processor thread] INFO  commandhandler.ClosePipelineCommandHandler (ClosePipelineCommandHandler.java:handle(78)) - Close Pipeline PipelineID=59a554f3-8ff7-4989-92b5-7155c7f81711 command on datanode 16c7fc92-fb06-4eb2-809b-3504c9fb6acd.
2022-06-11 13:53:45,863 [FixedThreadPoolWithAffinityExecutor-8-0] INFO  container.IncrementalContainerReportHandler (AbstractContainerReportHandler.java:updateContainerState(281)) - Moving container #3 to QUASI_CLOSED state, datanode 16c7fc92-fb06-4eb2-809b-3504c9fb6acd{ip: 10.1.0.23, host: fv-az395-686.zfmzfyrfkyou3ow0tsr0jxwq1e.bx.internal.cloudapp.net, ports: [REPLICATION=42241, RATIS=43953, RATIS_ADMIN=43953, RATIS_SERVER=43953, STANDALONE=35909], networkLocation: /default-rack, certSerialId: null, persistedOpState: IN_SERVICE, persistedOpStateExpiryEpochSec: 0} reported QUASI_CLOSED replica.
]]></system-out>
    <system-err><![CDATA[Jun 11, 2022 1:53:24 PM org.apache.ratis.thirdparty.io.grpc.internal.ManagedChannelOrphanWrapper$ManagedChannelReference cleanQueue
SEVERE: *~*~*~ Channel ManagedChannelImpl{logId=106, target=10.1.0.23:39085} was not shutdown properly!!! ~*~*~*
    Make sure to call shutdown()/shutdownNow() and wait until awaitTermination() returns true.
java.lang.RuntimeException: ManagedChannel allocation site
	at org.apache.ratis.thirdparty.io.grpc.internal.ManagedChannelOrphanWrapper$ManagedChannelReference.<init>(ManagedChannelOrphanWrapper.java:93)
	at org.apache.ratis.thirdparty.io.grpc.internal.ManagedChannelOrphanWrapper.<init>(ManagedChannelOrphanWrapper.java:53)
	at org.apache.ratis.thirdparty.io.grpc.internal.ManagedChannelOrphanWrapper.<init>(ManagedChannelOrphanWrapper.java:44)
	at org.apache.ratis.thirdparty.io.grpc.internal.ManagedChannelImplBuilder.build(ManagedChannelImplBuilder.java:630)
	at org.apache.ratis.thirdparty.io.grpc.internal.AbstractManagedChannelImplBuilder.build(AbstractManagedChannelImplBuilder.java:297)
	at org.apache.hadoop.hdds.scm.XceiverClientGrpc.connectToDatanode(XceiverClientGrpc.java:195)
	at org.apache.hadoop.hdds.scm.XceiverClientGrpc.reconnect(XceiverClientGrpc.java:574)
	at org.apache.hadoop.hdds.scm.XceiverClientGrpc.checkOpen(XceiverClientGrpc.java:565)
	at org.apache.hadoop.hdds.scm.XceiverClientGrpc.sendCommandAsync(XceiverClientGrpc.java:492)
	at org.apache.hadoop.hdds.scm.XceiverClientGrpc.sendCommandWithRetry(XceiverClientGrpc.java:380)
	at org.apache.hadoop.hdds.scm.XceiverClientGrpc.lambda$sendCommandWithTraceIDAndRetry$0(XceiverClientGrpc.java:319)
	at org.apache.hadoop.hdds.tracing.TracingUtil.executeInSpan(TracingUtil.java:174)
	at org.apache.hadoop.hdds.tracing.TracingUtil.executeInNewSpan(TracingUtil.java:148)
	at org.apache.hadoop.hdds.scm.XceiverClientGrpc.sendCommandWithTraceIDAndRetry(XceiverClientGrpc.java:313)
	at org.apache.hadoop.hdds.scm.XceiverClientGrpc.sendCommand(XceiverClientGrpc.java:294)
	at org.apache.hadoop.hdds.scm.storage.ContainerProtocolCalls.getBlock(ContainerProtocolCalls.java:152)
	at org.apache.hadoop.hdds.scm.storage.BlockInputStream.getChunkInfos(BlockInputStream.java:235)
	at org.apache.hadoop.hdds.scm.storage.BlockInputStream.initialize(BlockInputStream.java:146)
	at org.apache.hadoop.ozone.client.rpc.read.TestChunkInputStream.testChunkReadBuffers(TestChunkInputStream.java:63)
	at org.apache.hadoop.ozone.client.rpc.read.TestChunkInputStream.testAll(TestChunkInputStream.java:45)
	at sun.reflect.NativeMethodAccessorImpl.invoke0(Native Method)
	at sun.reflect.NativeMethodAccessorImpl.invoke(NativeMethodAccessorImpl.java:62)
	at sun.reflect.DelegatingMethodAccessorImpl.invoke(DelegatingMethodAccessorImpl.java:43)
	at java.lang.reflect.Method.invoke(Method.java:498)
	at org.junit.runners.model.FrameworkMethod$1.runReflectiveCall(FrameworkMethod.java:59)
	at org.junit.internal.runners.model.ReflectiveCallable.run(ReflectiveCallable.java:12)
	at org.junit.runners.model.FrameworkMethod.invokeExplosively(FrameworkMethod.java:56)
	at org.junit.internal.runners.statements.InvokeMethod.evaluate(InvokeMethod.java:17)
	at org.junit.internal.runners.statements.RunBefores.evaluate(RunBefores.java:26)
	at org.junit.internal.runners.statements.RunAfters.evaluate(RunAfters.java:27)
	at org.junit.internal.runners.statements.FailOnTimeout$CallableStatement.call(FailOnTimeout.java:288)
	at org.junit.internal.runners.statements.FailOnTimeout$CallableStatement.call(FailOnTimeout.java:282)
	at java.util.concurrent.FutureTask.run(FutureTask.java:266)
	at java.lang.Thread.run(Thread.java:750)

Jun 11, 2022 1:53:24 PM org.apache.ratis.thirdparty.io.grpc.internal.ManagedChannelOrphanWrapper$ManagedChannelReference cleanQueue
SEVERE: *~*~*~ Channel ManagedChannelImpl{logId=104, target=10.1.0.23:38873} was not shutdown properly!!! ~*~*~*
    Make sure to call shutdown()/shutdownNow() and wait until awaitTermination() returns true.
java.lang.RuntimeException: ManagedChannel allocation site
	at org.apache.ratis.thirdparty.io.grpc.internal.ManagedChannelOrphanWrapper$ManagedChannelReference.<init>(ManagedChannelOrphanWrapper.java:93)
	at org.apache.ratis.thirdparty.io.grpc.internal.ManagedChannelOrphanWrapper.<init>(ManagedChannelOrphanWrapper.java:53)
	at org.apache.ratis.thirdparty.io.grpc.internal.ManagedChannelOrphanWrapper.<init>(ManagedChannelOrphanWrapper.java:44)
	at org.apache.ratis.thirdparty.io.grpc.internal.ManagedChannelImplBuilder.build(ManagedChannelImplBuilder.java:630)
	at org.apache.ratis.thirdparty.io.grpc.internal.AbstractManagedChannelImplBuilder.build(AbstractManagedChannelImplBuilder.java:297)
	at org.apache.hadoop.hdds.scm.XceiverClientGrpc.connectToDatanode(XceiverClientGrpc.java:195)
	at org.apache.hadoop.hdds.scm.XceiverClientGrpc.connect(XceiverClientGrpc.java:144)
	at org.apache.hadoop.hdds.scm.XceiverClientManager$2.call(XceiverClientManager.java:241)
	at org.apache.hadoop.hdds.scm.XceiverClientManager$2.call(XceiverClientManager.java:222)
	at com.google.common.cache.LocalCache$LocalManualCache$1.load(LocalCache.java:4868)
	at com.google.common.cache.LocalCache$LoadingValueReference.loadFuture(LocalCache.java:3533)
	at com.google.common.cache.LocalCache$Segment.loadSync(LocalCache.java:2282)
	at com.google.common.cache.LocalCache$Segment.lockedGetOrLoad(LocalCache.java:2159)
	at com.google.common.cache.LocalCache$Segment.get(LocalCache.java:2049)
	at com.google.common.cache.LocalCache.get(LocalCache.java:3966)
	at com.google.common.cache.LocalCache$LocalManualCache.get(LocalCache.java:4863)
	at org.apache.hadoop.hdds.scm.XceiverClientManager.getClient(XceiverClientManager.java:222)
	at org.apache.hadoop.hdds.scm.XceiverClientManager.acquireClient(XceiverClientManager.java:166)
	at org.apache.hadoop.hdds.scm.XceiverClientManager.acquireClientForReadData(XceiverClientManager.java:155)
	at org.apache.hadoop.hdds.scm.storage.BlockInputStream.acquireClient(BlockInputStream.java:249)
	at org.apache.hadoop.hdds.scm.storage.BlockInputStream.getChunkInfos(BlockInputStream.java:223)
	at org.apache.hadoop.hdds.scm.storage.BlockInputStream.initialize(BlockInputStream.java:146)
	at org.apache.hadoop.ozone.client.rpc.read.TestChunkInputStream.testChunkReadBuffers(TestChunkInputStream.java:63)
	at org.apache.hadoop.ozone.client.rpc.read.TestChunkInputStream.testAll(TestChunkInputStream.java:45)
	at sun.reflect.NativeMethodAccessorImpl.invoke0(Native Method)
	at sun.reflect.NativeMethodAccessorImpl.invoke(NativeMethodAccessorImpl.java:62)
	at sun.reflect.DelegatingMethodAccessorImpl.invoke(DelegatingMethodAccessorImpl.java:43)
	at java.lang.reflect.Method.invoke(Method.java:498)
	at org.junit.runners.model.FrameworkMethod$1.runReflectiveCall(FrameworkMethod.java:59)
	at org.junit.internal.runners.model.ReflectiveCallable.run(ReflectiveCallable.java:12)
	at org.junit.runners.model.FrameworkMethod.invokeExplosively(FrameworkMethod.java:56)
	at org.junit.internal.runners.statements.InvokeMethod.evaluate(InvokeMethod.java:17)
	at org.junit.internal.runners.statements.RunBefores.evaluate(RunBefores.java:26)
	at org.junit.internal.runners.statements.RunAfters.evaluate(RunAfters.java:27)
	at org.junit.internal.runners.statements.FailOnTimeout$CallableStatement.call(FailOnTimeout.java:288)
	at org.junit.internal.runners.statements.FailOnTimeout$CallableStatement.call(FailOnTimeout.java:282)
	at java.util.concurrent.FutureTask.run(FutureTask.java:266)
	at java.lang.Thread.run(Thread.java:750)

]]></system-err>
  </testcase>
</testsuite>